<?xml version="1.0" encoding="UTF-8"?>
<testsuite name="de.uka.ilkd.key.rule.TestSchemaModalOperators" tests="4" skipped="0" failures="0" errors="0" timestamp="2023-02-23T17:26:22" hostname="fv-az560-786" time="1.022">
  <properties/>
  <testcase name="testSchemaModalities1()" classname="de.uka.ilkd.key.rule.TestSchemaModalOperators" time="0.982"/>
  <testcase name="testSchemaModalities2()" classname="de.uka.ilkd.key.rule.TestSchemaModalOperators" time="0.007"/>
  <testcase name="testSchemaModalities3()" classname="de.uka.ilkd.key.rule.TestSchemaModalOperators" time="0.012"/>
  <testcase name="testSchemaModalities4()" classname="de.uka.ilkd.key.rule.TestSchemaModalOperators" time="0.007"/>
  <system-out><![CDATA[]]></system-out>
  <system-err><![CDATA[]]></system-err>
</testsuite>
