<?xml version="1.0" encoding="UTF-8"?>
<testsuite name="de.uka.ilkd.key.logic.TestName" tests="1" skipped="0" failures="0" errors="0" timestamp="2023-03-09T11:00:34" hostname="fv-az934-701" time="0.0">
  <properties/>
  <testcase name="testEquals()" classname="de.uka.ilkd.key.logic.TestName" time="0.0"/>
  <system-out><![CDATA[]]></system-out>
  <system-err><![CDATA[]]></system-err>
</testsuite>
