<?xml version="1.0" encoding="UTF-8"?>
<testsuite name="de.uka.ilkd.key.java.TestJavaCardDLJavaExtensions" tests="2" skipped="0" failures="0" errors="0" timestamp="2023-02-15T13:35:48" hostname="fv-az408-917" time="5.696">
  <properties/>
  <testcase name="testTypeNotInScopeShouldNotBeFound()" classname="de.uka.ilkd.key.java.TestJavaCardDLJavaExtensions" time="2.779"/>
  <testcase name="testMethodFrameRedirectsScope()" classname="de.uka.ilkd.key.java.TestJavaCardDLJavaExtensions" time="2.916"/>
  <system-out><![CDATA[]]></system-out>
  <system-err><![CDATA[]]></system-err>
</testsuite>
