<?xml version="1.0" encoding="UTF-8"?>
<testsuite name="de.uka.ilkd.key.testcase.smt.testgen.TestTestgen" tests="1" skipped="0" failures="0" errors="0" timestamp="2023-05-27T17:34:10" hostname="fv-az618-145" time="3.904">
  <properties/>
  <testcase name="testMiddle()" classname="de.uka.ilkd.key.testcase.smt.testgen.TestTestgen" time="3.904"/>
  <system-out><![CDATA[14336      WARN  Test worker     d.u.i.k.t.s.t.TestTestgen Warning: Z3_CE is not installed, tests skipped. 
14336      WARN  Test worker     d.u.i.k.t.s.t.TestTestgen Maybe use JVM system property "z3SolverPath" to define the path to the Z3 command. 
14336      INFO  Test worker     d.u.i.k.p.i.AbstractProblemLoader Loading environment from src\test\resources\testcase\smt\tg\middle.key 
14352      DEBUG Test worker     d.u.i.k.p.i.AbstractProblemLoader Environment load took 303.7ns 
14352      INFO  Test worker     d.u.i.k.p.i.AbstractProblemLoader Creating init config 
17589      DEBUG Test worker     d.u.i.k.p.i.AbstractProblemLoader Init config took 3.24s 
17699      INFO  Test worker     d.u.i.k.p.i.AbstractProblemLoader Replaying proof Middle[Middle::middle(int,int,int)].JML normal_behavior operation contract.0 
17699      DEBUG Test worker     d.u.i.k.p.i.IntermediateProofReplayer Proof replay took 15.2ns 
]]></system-out>
  <system-err><![CDATA[]]></system-err>
</testsuite>
