<?xml version="1.0" encoding="UTF-8"?>
<testsuite name="de.uka.ilkd.key.proof.runallproofs.RunAllProofsFunctional" tests="34" skipped="0" failures="0" errors="0" timestamp="2023-05-30T16:35:24" hostname="fv-az210-40" time="6312.923">
  <properties/>
  <testcase name="newBook" classname="de.uka.ilkd.key.proof.runallproofs.RunAllProofsFunctional" time="74.283"/>
  <testcase name="oldBook" classname="de.uka.ilkd.key.proof.runallproofs.RunAllProofsFunctional" time="20.675"/>
  <testcase name="comprehensions" classname="de.uka.ilkd.key.proof.runallproofs.RunAllProofsFunctional" time="76.537"/>
  <testcase name="performance" classname="de.uka.ilkd.key.proof.runallproofs.RunAllProofsFunctional" time="263.371"/>
  <testcase name="performancePOConstruction" classname="de.uka.ilkd.key.proof.runallproofs.RunAllProofsFunctional" time="90.117"/>
  <testcase name="applicationRestrictions" classname="de.uka.ilkd.key.proof.runallproofs.RunAllProofsFunctional" time="57.76"/>
  <testcase name="blockContracts" classname="de.uka.ilkd.key.proof.runallproofs.RunAllProofsFunctional" time="162.631"/>
  <testcase name="jmlAsserts" classname="de.uka.ilkd.key.proof.runallproofs.RunAllProofsFunctional" time="108.219"/>
  <testcase name="javaCard" classname="de.uka.ilkd.key.proof.runallproofs.RunAllProofsFunctional" time="160.969"/>
  <testcase name="list" classname="de.uka.ilkd.key.proof.runallproofs.RunAllProofsFunctional" time="320.876"/>
  <testcase name="list_ghost" classname="de.uka.ilkd.key.proof.runallproofs.RunAllProofsFunctional" time="84.226"/>
  <testcase name="list_recursive" classname="de.uka.ilkd.key.proof.runallproofs.RunAllProofsFunctional" time="27.218"/>
  <testcase name="list_seq" classname="de.uka.ilkd.key.proof.runallproofs.RunAllProofsFunctional" time="209.2"/>
  <testcase name="observer" classname="de.uka.ilkd.key.proof.runallproofs.RunAllProofsFunctional" time="119.287"/>
  <testcase name="removeDups" classname="de.uka.ilkd.key.proof.runallproofs.RunAllProofsFunctional" time="179.219"/>
  <testcase name="quicksort" classname="de.uka.ilkd.key.proof.runallproofs.RunAllProofsFunctional" time="127.74"/>
  <testcase name="simpleTests" classname="de.uka.ilkd.key.proof.runallproofs.RunAllProofsFunctional" time="191.244"/>
  <testcase name="SmansEtAl" classname="de.uka.ilkd.key.proof.runallproofs.RunAllProofsFunctional" time="229.411"/>
  <testcase name="VACID0" classname="de.uka.ilkd.key.proof.runallproofs.RunAllProofsFunctional" time="97.157"/>
  <testcase name="VSTTE10" classname="de.uka.ilkd.key.proof.runallproofs.RunAllProofsFunctional" time="217.995"/>
  <testcase name="WeideEtAl" classname="de.uka.ilkd.key.proof.runallproofs.RunAllProofsFunctional" time="34.726"/>
  <testcase name="arithmetic" classname="de.uka.ilkd.key.proof.runallproofs.RunAllProofsFunctional" time="604.981"/>
  <testcase name="arrays" classname="de.uka.ilkd.key.proof.runallproofs.RunAllProofsFunctional" time="69.035"/>
  <testcase name="javadl" classname="de.uka.ilkd.key.proof.runallproofs.RunAllProofsFunctional" time="713.791"/>
  <testcase name="FOL" classname="de.uka.ilkd.key.proof.runallproofs.RunAllProofsFunctional" time="329.24"/>
  <testcase name="strings" classname="de.uka.ilkd.key.proof.runallproofs.RunAllProofsFunctional" time="169.925"/>
  <testcase name="simple_info_flow" classname="de.uka.ilkd.key.proof.runallproofs.RunAllProofsFunctional" time="15.528"/>
  <testcase name="modelMethods" classname="de.uka.ilkd.key.proof.runallproofs.RunAllProofsFunctional" time="216.651"/>
  <testcase name="permissionHeap" classname="de.uka.ilkd.key.proof.runallproofs.RunAllProofsFunctional" time="978.105"/>
  <testcase name="completionScopes" classname="de.uka.ilkd.key.proof.runallproofs.RunAllProofsFunctional" time="63.198"/>
  <testcase name="reload_examples" classname="de.uka.ilkd.key.proof.runallproofs.RunAllProofsFunctional" time="52.411"/>
  <testcase name="proofLoadRepair" classname="de.uka.ilkd.key.proof.runallproofs.RunAllProofsFunctional" time="21.451"/>
  <testcase name="switch" classname="de.uka.ilkd.key.proof.runallproofs.RunAllProofsFunctional" time="76.161"/>
  <testcase name="redux" classname="de.uka.ilkd.key.proof.runallproofs.RunAllProofsFunctional" time="149.575"/>
  <system-out><![CDATA[347        INFO  Test worker     d.u.i.k.p.r.RunAllProofsTestUnit Running test newBook 
440        INFO  Timeout watchdog d.u.i.k.p.r.p.ForkedTestFileRunner Timeout watcher launched (2000 secs.) 
468        WARN  main            d.u.i.k.s.ProofSettings   No proof-settings could be loaded, using defaults java.io.FileNotFoundException: /home/runner/.key/proof-settings.props (No such file or directory)
	at java.base/java.io.FileInputStream.open0(Native Method)

532        INFO  main            d.u.i.k.p.r.p.TestFile    Now processing file /home/runner/work/key/key/key.core/../key.ui/examples/newBook/09.list_modelfield/ArrayList.add.key 
710        INFO  main            d.u.i.k.p.i.AbstractProblemLoader Loading environment from /home/runner/work/key/key/key.core/../key.ui/examples/newBook/09.list_modelfield/ArrayList.add.key 
735        DEBUG main            d.u.i.k.p.i.AbstractProblemLoader Environment load took 2.76ms 
1033       INFO  main            d.u.i.k.p.i.AbstractProblemLoader Creating init config 
2256       DEBUG main            d.u.i.k.j.TypeConverter   No LDT found for Meta 
2258       DEBUG main            d.u.i.k.j.TypeConverter   No LDT found for Meta 
2261       DEBUG main            d.u.i.k.j.TypeConverter   No LDT found for Meta 
2262       DEBUG main            d.u.i.k.j.TypeConverter   No LDT found for Meta 
3804       DEBUG main            d.u.i.k.j.TypeConverter   No LDT found for JavaBigintExpression 
10541      DEBUG main            d.u.i.k.p.i.AbstractProblemLoader Init config took 9.51s 
10683      INFO  main            d.u.i.k.p.i.AbstractProblemLoader Replaying proof ArrayList[List::add(int)].JML normal_behavior operation contract.0 
10721      DEBUG main            d.u.i.k.p.i.IntermediateProofReplayer Proof replay took 36.9ns 
31475      INFO  main            d.u.i.k.p.r.p.TestFile    ... finished proof: closed. 
31742      INFO  main            d.u.i.k.p.i.AbstractProblemLoader Loading environment from /home/runner/work/key/key/key.core/../key.ui/examples/newBook/09.list_modelfield/ArrayList.add.key.proof 
31742      DEBUG main            d.u.i.k.p.i.AbstractProblemLoader Environment load took 190.91ns 
31755      INFO  main            d.u.i.k.p.i.AbstractProblemLoader Creating init config 
35101      DEBUG main            d.u.i.k.p.i.AbstractProblemLoader Init config took 3.35s 
35166      INFO  main            d.u.i.k.p.i.AbstractProblemLoader Replaying proof ArrayList[List::add(int)].JML normal_behavior operation contract.0 
36775      DEBUG main            d.u.i.k.p.i.IntermediateProofReplayer Proof replay took 1.54s 
36789      DEBUG main            d.u.i.k.p.r.p.TestFile    ... success: reloaded. 
36792      INFO  main            d.u.i.k.p.r.p.TestFile    Now processing file /home/runner/work/key/key/key.core/../key.ui/examples/newBook/09.list_modelfield/ArrayList.remFirst.key 
36792      INFO  main            d.u.i.k.p.i.AbstractProblemLoader Loading environment from /home/runner/work/key/key/key.core/../key.ui/examples/newBook/09.list_modelfield/ArrayList.remFirst.key 
36792      DEBUG main            d.u.i.k.p.i.AbstractProblemLoader Environment load took 86.71ns 
36796      INFO  main            d.u.i.k.p.i.AbstractProblemLoader Creating init config 
40262      DEBUG main            d.u.i.k.p.i.AbstractProblemLoader Init config took 3.47s 
40324      INFO  main            d.u.i.k.p.i.AbstractProblemLoader Replaying proof ArrayList[List::remFirst()].JML normal_behavior operation contract.0 
40327      DEBUG main            d.u.i.k.p.i.IntermediateProofReplayer Proof replay took 6.5ns 
45489      INFO  main            d.u.i.k.p.r.p.TestFile    ... finished proof: closed. 
45714      INFO  main            d.u.i.k.p.i.AbstractProblemLoader Loading environment from /home/runner/work/key/key/key.core/../key.ui/examples/newBook/09.list_modelfield/ArrayList.remFirst.key.proof 
45715      DEBUG main            d.u.i.k.p.i.AbstractProblemLoader Environment load took 947.57ns 
45719      INFO  main            d.u.i.k.p.i.AbstractProblemLoader Creating init config 
49010      DEBUG main            d.u.i.k.p.i.AbstractProblemLoader Init config took 3.29s 
49114      INFO  main            d.u.i.k.p.i.AbstractProblemLoader Replaying proof ArrayList[List::remFirst()].JML normal_behavior operation contract.0 
49872      DEBUG main            d.u.i.k.p.i.IntermediateProofReplayer Proof replay took 733.22ms 
49879      DEBUG main            d.u.i.k.p.r.p.TestFile    ... success: reloaded. 
49881      INFO  main            d.u.i.k.p.r.p.TestFile    Now processing file /home/runner/work/key/key/key.core/../key.ui/examples/newBook/09.list_modelfield/ArrayList.empty.key 
49883      INFO  main            d.u.i.k.p.i.AbstractProblemLoader Loading environment from /home/runner/work/key/key/key.core/../key.ui/examples/newBook/09.list_modelfield/ArrayList.empty.key 
49883      DEBUG main            d.u.i.k.p.i.AbstractProblemLoader Environment load took 496.43ns 
49885      INFO  main            d.u.i.k.p.i.AbstractProblemLoader Creating init config 
53238      DEBUG main            d.u.i.k.p.i.AbstractProblemLoader Init config took 3.35s 
53295      INFO  main            d.u.i.k.p.i.AbstractProblemLoader Replaying proof ArrayList[List::empty()].JML normal_behavior operation contract.0 
53297      DEBUG main            d.u.i.k.p.i.IntermediateProofReplayer Proof replay took 6.7ns 
54424      INFO  main            d.u.i.k.p.r.p.TestFile    ... finished proof: closed. 
54612      INFO  main            d.u.i.k.p.i.AbstractProblemLoader Loading environment from /home/runner/work/key/key/key.core/../key.ui/examples/newBook/09.list_modelfield/ArrayList.empty.key.proof 
54616      DEBUG main            d.u.i.k.p.i.AbstractProblemLoader Environment load took 4.05ms 
54618      INFO  main            d.u.i.k.p.i.AbstractProblemLoader Creating init config 
57936      DEBUG main            d.u.i.k.p.i.AbstractProblemLoader Init config took 3.32s 
57991      INFO  main            d.u.i.k.p.i.AbstractProblemLoader Replaying proof ArrayList[List::empty()].JML normal_behavior operation contract.0 
58147      DEBUG main            d.u.i.k.p.i.IntermediateProofReplayer Proof replay took 149.45ms 
58148      DEBUG main            d.u.i.k.p.r.p.TestFile    ... success: reloaded. 
58149      INFO  main            d.u.i.k.p.r.p.TestFile    Now processing file /home/runner/work/key/key/key.core/../key.ui/examples/newBook/09.list_modelfield/ArrayList.size.key 
58150      INFO  main            d.u.i.k.p.i.AbstractProblemLoader Loading environment from /home/runner/work/key/key/key.core/../key.ui/examples/newBook/09.list_modelfield/ArrayList.size.key 
58150      DEBUG main            d.u.i.k.p.i.AbstractProblemLoader Environment load took 264.52ns 
58152      INFO  main            d.u.i.k.p.i.AbstractProblemLoader Creating init config 
61473      DEBUG main            d.u.i.k.p.i.AbstractProblemLoader Init config took 3.32s 
61527      INFO  main            d.u.i.k.p.i.AbstractProblemLoader Replaying proof ArrayList[List::size()].JML normal_behavior operation contract.0 
61528      DEBUG main            d.u.i.k.p.i.IntermediateProofReplayer Proof replay took 5.4ns 
62035      INFO  main            d.u.i.k.p.r.p.TestFile    ... finished proof: closed. 
62271      INFO  main            d.u.i.k.p.i.AbstractProblemLoader Loading environment from /home/runner/work/key/key/key.core/../key.ui/examples/newBook/09.list_modelfield/ArrayList.size.key.proof 
62273      DEBUG main            d.u.i.k.p.i.AbstractProblemLoader Environment load took 1.94ms 
62275      INFO  main            d.u.i.k.p.i.AbstractProblemLoader Creating init config 
65597      DEBUG main            d.u.i.k.p.i.AbstractProblemLoader Init config took 3.32s 
65651      INFO  main            d.u.i.k.p.i.AbstractProblemLoader Replaying proof ArrayList[List::size()].JML normal_behavior operation contract.0 
65721      DEBUG main            d.u.i.k.p.i.IntermediateProofReplayer Proof replay took 65.5ms 
65722      DEBUG main            d.u.i.k.p.r.p.TestFile    ... success: reloaded. 
65723      INFO  main            d.u.i.k.p.r.p.TestFile    Now processing file /home/runner/work/key/key/key.core/../key.ui/examples/newBook/09.list_modelfield/ArrayList.get.key 
65723      INFO  main            d.u.i.k.p.i.AbstractProblemLoader Loading environment from /home/runner/work/key/key/key.core/../key.ui/examples/newBook/09.list_modelfield/ArrayList.get.key 
65723      DEBUG main            d.u.i.k.p.i.AbstractProblemLoader Environment load took 68.11ns 
65724      INFO  main            d.u.i.k.p.i.AbstractProblemLoader Creating init config 
68996      DEBUG main            d.u.i.k.p.i.AbstractProblemLoader Init config took 3.27s 
69048      INFO  main            d.u.i.k.p.i.AbstractProblemLoader Replaying proof ArrayList[List::get(int)].JML normal_behavior operation contract.0 
69050      DEBUG main            d.u.i.k.p.i.IntermediateProofReplayer Proof replay took 6.5ns 
70257      INFO  main            d.u.i.k.p.r.p.TestFile    ... finished proof: closed. 
70461      INFO  main            d.u.i.k.p.i.AbstractProblemLoader Loading environment from /home/runner/work/key/key/key.core/../key.ui/examples/newBook/09.list_modelfield/ArrayList.get.key.proof 
70462      DEBUG main            d.u.i.k.p.i.AbstractProblemLoader Environment load took 946.06ns 
70469      INFO  main            d.u.i.k.p.i.AbstractProblemLoader Creating init config 
73771      DEBUG main            d.u.i.k.p.i.AbstractProblemLoader Init config took 3.3s 
73823      INFO  main            d.u.i.k.p.i.AbstractProblemLoader Replaying proof ArrayList[List::get(int)].JML normal_behavior operation contract.0 
73955      DEBUG main            d.u.i.k.p.i.IntermediateProofReplayer Proof replay took 125.63ms 
73958      DEBUG main            d.u.i.k.p.r.p.TestFile    ... success: reloaded. 
74611      INFO  Test worker     d.u.i.k.p.r.RunAllProofsTestUnit Returning from test newBook 
74627      INFO  Test worker     d.u.i.k.p.r.RunAllProofsTestUnit Running test oldBook 
421        INFO  Timeout watchdog d.u.i.k.p.r.p.ForkedTestFileRunner Timeout watcher launched (2000 secs.) 
452        WARN  main            d.u.i.k.s.ProofSettings   The settings in /home/runner/.key/proof-settings.props are *not* read. 
491        INFO  main            d.u.i.k.p.r.p.TestFile    Now processing file /home/runner/work/key/key/key.core/../key.ui/examples/standard_key/BookExamples/02FirstOrderLogic/Ex2.58.key 
634        INFO  main            d.u.i.k.p.i.AbstractProblemLoader Loading environment from /home/runner/work/key/key/key.core/../key.ui/examples/standard_key/BookExamples/02FirstOrderLogic/Ex2.58.key 
655        DEBUG main            d.u.i.k.p.i.AbstractProblemLoader Environment load took 2.43ms 
968        INFO  main            d.u.i.k.p.i.AbstractProblemLoader Creating init config 
1867       DEBUG main            d.u.i.k.j.TypeConverter   No LDT found for Meta 
1868       DEBUG main            d.u.i.k.j.TypeConverter   No LDT found for Meta 
1870       DEBUG main            d.u.i.k.j.TypeConverter   No LDT found for Meta 
1870       DEBUG main            d.u.i.k.j.TypeConverter   No LDT found for Meta 
3938       DEBUG main            d.u.i.k.j.TypeConverter   No LDT found for JavaBigintExpression 
9963       DEBUG main            d.u.i.k.p.i.AbstractProblemLoader Init config took 8.99s 
10032      INFO  main            d.u.i.k.p.i.AbstractProblemLoader Replaying proof Ex2.58.key 
10071      DEBUG main            d.u.i.k.p.i.IntermediateProofReplayer Proof replay took 43.7ns 
10237      INFO  main            d.u.i.k.p.r.p.TestFile    ... finished proof: closed. 
10353      INFO  main            d.u.i.k.p.i.AbstractProblemLoader Loading environment from /home/runner/work/key/key/key.core/../key.ui/examples/standard_key/BookExamples/02FirstOrderLogic/Ex2.58.key.proof 
10353      DEBUG main            d.u.i.k.p.i.AbstractProblemLoader Environment load took 340.92ns 
10360      INFO  main            d.u.i.k.p.i.AbstractProblemLoader Creating init config 
13620      DEBUG main            d.u.i.k.p.i.AbstractProblemLoader Init config took 3.26s 
13653      INFO  main            d.u.i.k.p.i.AbstractProblemLoader Replaying proof Ex2.58.key.proof 
13662      DEBUG main            d.u.i.k.p.i.IntermediateProofReplayer Proof replay took 3.92ms 
13674      DEBUG main            d.u.i.k.p.r.p.TestFile    ... success: reloaded. 
13676      INFO  main            d.u.i.k.p.r.p.TestFile    Now processing file /home/runner/work/key/key/key.core/../key.ui/examples/standard_key/BookExamples/03DynamicLogic/Sect3.3.1.key 
13678      INFO  main            d.u.i.k.p.i.AbstractProblemLoader Loading environment from /home/runner/work/key/key/key.core/../key.ui/examples/standard_key/BookExamples/03DynamicLogic/Sect3.3.1.key 
13678      DEBUG main            d.u.i.k.p.i.AbstractProblemLoader Environment load took 239.52ns 
13680      INFO  main            d.u.i.k.p.i.AbstractProblemLoader Creating init config 
16578      DEBUG main            d.u.i.k.p.i.AbstractProblemLoader Init config took 2.9s 
16613      INFO  main            d.u.i.k.p.i.AbstractProblemLoader Replaying proof Sect3.3.1.key 
16618      DEBUG main            d.u.i.k.p.i.IntermediateProofReplayer Proof replay took 7.8ns 
17242      INFO  main            d.u.i.k.p.r.p.TestFile    ... finished proof: closed. 
17404      INFO  main            d.u.i.k.p.i.AbstractProblemLoader Loading environment from /home/runner/work/key/key/key.core/../key.ui/examples/standard_key/BookExamples/03DynamicLogic/Sect3.3.1.key.proof 
17405      DEBUG main            d.u.i.k.p.i.AbstractProblemLoader Environment load took 172.51ns 
17410      INFO  main            d.u.i.k.p.i.AbstractProblemLoader Creating init config 
20354      DEBUG main            d.u.i.k.p.i.AbstractProblemLoader Init config took 2.94s 
20382      INFO  main            d.u.i.k.p.i.AbstractProblemLoader Replaying proof Sect3.3.1.key.proof 
20451      DEBUG main            d.u.i.k.p.i.IntermediateProofReplayer Proof replay took 64.46ms 
20452      DEBUG main            d.u.i.k.p.r.p.TestFile    ... success: reloaded. 
95301      INFO  Test worker     d.u.i.k.p.r.RunAllProofsTestUnit Returning from test oldBook 
95303      INFO  Test worker     d.u.i.k.p.r.RunAllProofsTestUnit Running test comprehensions 
431        INFO  Timeout watchdog d.u.i.k.p.r.p.ForkedTestFileRunner Timeout watcher launched (2000 secs.) 
456        WARN  main            d.u.i.k.s.ProofSettings   The settings in /home/runner/.key/proof-settings.props are *not* read. 
509        INFO  main            d.u.i.k.p.r.p.TestFile    Now processing file /home/runner/work/key/key/key.core/../key.ui/examples/heap/comprehensions/general_sum.key 
675        INFO  main            d.u.i.k.p.i.AbstractProblemLoader Loading environment from /home/runner/work/key/key/key.core/../key.ui/examples/heap/comprehensions/general_sum.key 
701        DEBUG main            d.u.i.k.p.i.AbstractProblemLoader Environment load took 4.49ms 
972        INFO  main            d.u.i.k.p.i.AbstractProblemLoader Creating init config 
2066       DEBUG main            d.u.i.k.j.TypeConverter   No LDT found for Meta 
2072       DEBUG main            d.u.i.k.j.TypeConverter   No LDT found for Meta 
2074       DEBUG main            d.u.i.k.j.TypeConverter   No LDT found for Meta 
2075       DEBUG main            d.u.i.k.j.TypeConverter   No LDT found for Meta 
3955       DEBUG main            d.u.i.k.j.TypeConverter   No LDT found for JavaBigintExpression 
9832       DEBUG main            d.u.i.k.p.i.AbstractProblemLoader Init config took 8.86s 
10048      INFO  main            d.u.i.k.p.i.AbstractProblemLoader Replaying proof GSum[GSum::doNothing()].JML operation contract.0 
10093      DEBUG main            d.u.i.k.p.i.IntermediateProofReplayer Proof replay took 38.7ns 
10486      INFO  main            d.u.i.k.p.r.p.TestFile    ... finished proof: closed. 
10619      INFO  main            d.u.i.k.p.i.AbstractProblemLoader Loading environment from /home/runner/work/key/key/key.core/../key.ui/examples/heap/comprehensions/general_sum.key.proof 
10619      DEBUG main            d.u.i.k.p.i.AbstractProblemLoader Environment load took 157.71ns 
10622      INFO  main            d.u.i.k.p.i.AbstractProblemLoader Creating init config 
13979      DEBUG main            d.u.i.k.p.i.AbstractProblemLoader Init config took 3.36s 
14045      INFO  main            d.u.i.k.p.i.AbstractProblemLoader Replaying proof GSum[GSum::doNothing()].JML operation contract.0 
14065      DEBUG main            d.u.i.k.p.i.IntermediateProofReplayer Proof replay took 14.6ms 
14072      DEBUG main            d.u.i.k.p.r.p.TestFile    ... success: reloaded. 
14074      INFO  main            d.u.i.k.p.r.p.TestFile    Now processing file /home/runner/work/key/key/key.core/../key.ui/examples/heap/comprehensions/sum0.key 
14075      INFO  main            d.u.i.k.p.i.AbstractProblemLoader Loading environment from /home/runner/work/key/key/key.core/../key.ui/examples/heap/comprehensions/sum0.key 
14075      DEBUG main            d.u.i.k.p.i.AbstractProblemLoader Environment load took 429.93ns 
14077      INFO  main            d.u.i.k.p.i.AbstractProblemLoader Creating init config 
17306      DEBUG main            d.u.i.k.p.i.AbstractProblemLoader Init config took 3.23s 
17369      INFO  main            d.u.i.k.p.i.AbstractProblemLoader Replaying proof Sum[Sum::sum0([I)].JML normal_behavior operation contract.0 
17372      DEBUG main            d.u.i.k.p.i.IntermediateProofReplayer Proof replay took 6.8ns 
17487      DEBUG Thread-4        d.u.i.k.l.l.OriginTermLabel commonFileName is null! 
17487      DEBUG Thread-4        d.u.i.k.l.l.OriginTermLabel commonFileName is null! 
17700      DEBUG Thread-4        d.u.i.k.l.l.OriginTermLabel commonFileName is null! 
17702      DEBUG Thread-4        d.u.i.k.l.l.OriginTermLabel commonFileName is null! 
17957      DEBUG Thread-4        d.u.i.k.l.l.OriginTermLabel commonFileName is null! 
18283      INFO  main            d.u.i.k.p.r.p.TestFile    ... finished proof: closed. 
18456      INFO  main            d.u.i.k.p.i.AbstractProblemLoader Loading environment from /home/runner/work/key/key/key.core/../key.ui/examples/heap/comprehensions/sum0.key.proof 
18456      DEBUG main            d.u.i.k.p.i.AbstractProblemLoader Environment load took 146.81ns 
18462      INFO  main            d.u.i.k.p.i.AbstractProblemLoader Creating init config 
21480      DEBUG main            d.u.i.k.p.i.AbstractProblemLoader Init config took 3.02s 
21537      INFO  main            d.u.i.k.p.i.AbstractProblemLoader Replaying proof Sum[Sum::sum0([I)].JML normal_behavior operation contract.0 
21574      DEBUG main            d.u.i.k.l.l.OriginTermLabel commonFileName is null! 
21576      DEBUG main            d.u.i.k.l.l.OriginTermLabel commonFileName is null! 
21659      DEBUG main            d.u.i.k.l.l.OriginTermLabel commonFileName is null! 
21711      DEBUG main            d.u.i.k.l.l.OriginTermLabel commonFileName is null! 
21712      DEBUG main            d.u.i.k.l.l.OriginTermLabel commonFileName is null! 
21716      DEBUG main            d.u.i.k.p.i.IntermediateProofReplayer Proof replay took 173.71ms 
21718      DEBUG main            d.u.i.k.p.r.p.TestFile    ... success: reloaded. 
21719      INFO  main            d.u.i.k.p.r.p.TestFile    Now processing file /home/runner/work/key/key/key.core/../key.ui/examples/heap/comprehensions/sum1.key 
21720      INFO  main            d.u.i.k.p.i.AbstractProblemLoader Loading environment from /home/runner/work/key/key/key.core/../key.ui/examples/heap/comprehensions/sum1.key 
21720      DEBUG main            d.u.i.k.p.i.AbstractProblemLoader Environment load took 556.14ns 
21723      INFO  main            d.u.i.k.p.i.AbstractProblemLoader Creating init config 
24901      DEBUG main            d.u.i.k.p.i.AbstractProblemLoader Init config took 3.18s 
24955      INFO  main            d.u.i.k.p.i.AbstractProblemLoader Replaying proof Sum[Sum::sum1([I)].JML normal_behavior operation contract.0 
24961      DEBUG main            d.u.i.k.p.i.IntermediateProofReplayer Proof replay took 6.9ns 
25030      DEBUG Thread-7        d.u.i.k.l.l.OriginTermLabel commonFileName is null! 
25032      DEBUG Thread-7        d.u.i.k.l.l.OriginTermLabel commonFileName is null! 
25195      DEBUG Thread-7        d.u.i.k.l.l.OriginTermLabel commonFileName is null! 
25196      DEBUG Thread-7        d.u.i.k.l.l.OriginTermLabel commonFileName is null! 
25341      DEBUG Thread-7        d.u.i.k.l.l.OriginTermLabel commonFileName is null! 
25569      INFO  main            d.u.i.k.p.r.p.TestFile    ... finished proof: closed. 
25753      INFO  main            d.u.i.k.p.i.AbstractProblemLoader Loading environment from /home/runner/work/key/key/key.core/../key.ui/examples/heap/comprehensions/sum1.key.proof 
25757      DEBUG main            d.u.i.k.p.i.AbstractProblemLoader Environment load took 3.51ms 
25758      INFO  main            d.u.i.k.p.i.AbstractProblemLoader Creating init config 
28809      DEBUG main            d.u.i.k.p.i.AbstractProblemLoader Init config took 3.05s 
28889      INFO  main            d.u.i.k.p.i.AbstractProblemLoader Replaying proof Sum[Sum::sum1([I)].JML normal_behavior operation contract.0 
28935      DEBUG main            d.u.i.k.l.l.OriginTermLabel commonFileName is null! 
28935      DEBUG main            d.u.i.k.l.l.OriginTermLabel commonFileName is null! 
29000      DEBUG main            d.u.i.k.l.l.OriginTermLabel commonFileName is null! 
29046      DEBUG main            d.u.i.k.l.l.OriginTermLabel commonFileName is null! 
29046      DEBUG main            d.u.i.k.l.l.OriginTermLabel commonFileName is null! 
29049      DEBUG main            d.u.i.k.p.i.IntermediateProofReplayer Proof replay took 150.71ms 
29051      DEBUG main            d.u.i.k.p.r.p.TestFile    ... success: reloaded. 
29052      INFO  main            d.u.i.k.p.r.p.TestFile    Now processing file /home/runner/work/key/key/key.core/../key.ui/examples/heap/comprehensions/sum2.key 
29053      INFO  main            d.u.i.k.p.i.AbstractProblemLoader Loading environment from /home/runner/work/key/key/key.core/../key.ui/examples/heap/comprehensions/sum2.key 
29053      DEBUG main            d.u.i.k.p.i.AbstractProblemLoader Environment load took 156.71ns 
29055      INFO  main            d.u.i.k.p.i.AbstractProblemLoader Creating init config 
32072      DEBUG main            d.u.i.k.p.i.AbstractProblemLoader Init config took 3.02s 
32120      INFO  main            d.u.i.k.p.i.AbstractProblemLoader Replaying proof Sum[Sum::sum2([I)].JML normal_behavior operation contract.0 
32122      DEBUG main            d.u.i.k.p.i.IntermediateProofReplayer Proof replay took 6.7ns 
32174      DEBUG Thread-10       d.u.i.k.l.l.OriginTermLabel commonFileName is null! 
32174      DEBUG Thread-10       d.u.i.k.l.l.OriginTermLabel commonFileName is null! 
32288      DEBUG Thread-10       d.u.i.k.l.l.OriginTermLabel commonFileName is null! 
32289      DEBUG Thread-10       d.u.i.k.l.l.OriginTermLabel commonFileName is null! 
32372      DEBUG Thread-10       d.u.i.k.l.l.OriginTermLabel commonFileName is null! 
32528      INFO  main            d.u.i.k.p.r.p.TestFile    ... finished proof: closed. 
32728      INFO  main            d.u.i.k.p.i.AbstractProblemLoader Loading environment from /home/runner/work/key/key/key.core/../key.ui/examples/heap/comprehensions/sum2.key.proof 
32728      DEBUG main            d.u.i.k.p.i.AbstractProblemLoader Environment load took 142.81ns 
32730      INFO  main            d.u.i.k.p.i.AbstractProblemLoader Creating init config 
35684      DEBUG main            d.u.i.k.p.i.AbstractProblemLoader Init config took 2.95s 
35734      INFO  main            d.u.i.k.p.i.AbstractProblemLoader Replaying proof Sum[Sum::sum2([I)].JML normal_behavior operation contract.0 
35762      DEBUG main            d.u.i.k.l.l.OriginTermLabel commonFileName is null! 
35763      DEBUG main            d.u.i.k.l.l.OriginTermLabel commonFileName is null! 
35803      DEBUG main            d.u.i.k.l.l.OriginTermLabel commonFileName is null! 
35839      DEBUG main            d.u.i.k.l.l.OriginTermLabel commonFileName is null! 
35840      DEBUG main            d.u.i.k.l.l.OriginTermLabel commonFileName is null! 
35842      DEBUG main            d.u.i.k.p.i.IntermediateProofReplayer Proof replay took 103.76ms 
35844      DEBUG main            d.u.i.k.p.r.p.TestFile    ... success: reloaded. 
35845      INFO  main            d.u.i.k.p.r.p.TestFile    Now processing file /home/runner/work/key/key/key.core/../key.ui/examples/heap/comprehensions/sum3.key 
35845      INFO  main            d.u.i.k.p.i.AbstractProblemLoader Loading environment from /home/runner/work/key/key/key.core/../key.ui/examples/heap/comprehensions/sum3.key 
35846      DEBUG main            d.u.i.k.p.i.AbstractProblemLoader Environment load took 425.03ns 
35847      INFO  main            d.u.i.k.p.i.AbstractProblemLoader Creating init config 
38781      DEBUG main            d.u.i.k.p.i.AbstractProblemLoader Init config took 2.93s 
38831      INFO  main            d.u.i.k.p.i.AbstractProblemLoader Replaying proof Sum[Sum::sum3([I)].JML normal_behavior operation contract.0 
38833      DEBUG main            d.u.i.k.p.i.IntermediateProofReplayer Proof replay took 8.3ns 
38890      DEBUG Thread-13       d.u.i.k.l.l.OriginTermLabel commonFileName is null! 
38891      DEBUG Thread-13       d.u.i.k.l.l.OriginTermLabel commonFileName is null! 
39007      DEBUG Thread-13       d.u.i.k.l.l.OriginTermLabel commonFileName is null! 
39008      DEBUG Thread-13       d.u.i.k.l.l.OriginTermLabel commonFileName is null! 
39128      DEBUG Thread-13       d.u.i.k.l.l.OriginTermLabel commonFileName is null! 
39240      INFO  main            d.u.i.k.p.r.p.TestFile    ... finished proof: closed. 
39408      INFO  main            d.u.i.k.p.i.AbstractProblemLoader Loading environment from /home/runner/work/key/key/key.core/../key.ui/examples/heap/comprehensions/sum3.key.proof 
39408      DEBUG main            d.u.i.k.p.i.AbstractProblemLoader Environment load took 719.85ns 
39410      INFO  main            d.u.i.k.p.i.AbstractProblemLoader Creating init config 
42400      DEBUG main            d.u.i.k.p.i.AbstractProblemLoader Init config took 2.99s 
42450      INFO  main            d.u.i.k.p.i.AbstractProblemLoader Replaying proof Sum[Sum::sum3([I)].JML normal_behavior operation contract.0 
42502      DEBUG main            d.u.i.k.l.l.OriginTermLabel commonFileName is null! 
42504      DEBUG main            d.u.i.k.l.l.OriginTermLabel commonFileName is null! 
42550      DEBUG main            d.u.i.k.l.l.OriginTermLabel commonFileName is null! 
42581      DEBUG main            d.u.i.k.l.l.OriginTermLabel commonFileName is null! 
42585      DEBUG main            d.u.i.k.l.l.OriginTermLabel commonFileName is null! 
42589      DEBUG main            d.u.i.k.p.i.IntermediateProofReplayer Proof replay took 134.49ms 
42591      DEBUG main            d.u.i.k.p.r.p.TestFile    ... success: reloaded. 
42594      INFO  main            d.u.i.k.p.r.p.TestFile    Now processing file /home/runner/work/key/key/key.core/../key.ui/examples/heap/comprehensions/segsum.key 
42595      INFO  main            d.u.i.k.p.i.AbstractProblemLoader Loading environment from /home/runner/work/key/key/key.core/../key.ui/examples/heap/comprehensions/segsum.key 
42598      DEBUG main            d.u.i.k.p.i.AbstractProblemLoader Environment load took 2.81ms 
42601      INFO  main            d.u.i.k.p.i.AbstractProblemLoader Creating init config 
45660      DEBUG main            d.u.i.k.p.i.AbstractProblemLoader Init config took 3.06s 
45709      INFO  main            d.u.i.k.p.i.AbstractProblemLoader Replaying proof SegSum[SegSum::segSum([I,int,int)].JML normal_behavior operation contract.0 
45711      DEBUG main            d.u.i.k.p.i.IntermediateProofReplayer Proof replay took 7.7ns 
46216      INFO  main            d.u.i.k.p.r.p.TestFile    ... finished proof: closed. 
46404      INFO  main            d.u.i.k.p.i.AbstractProblemLoader Loading environment from /home/runner/work/key/key/key.core/../key.ui/examples/heap/comprehensions/segsum.key.proof 
46408      DEBUG main            d.u.i.k.p.i.AbstractProblemLoader Environment load took 3.41ms 
46410      INFO  main            d.u.i.k.p.i.AbstractProblemLoader Creating init config 
49422      DEBUG main            d.u.i.k.p.i.AbstractProblemLoader Init config took 3.01s 
49485      INFO  main            d.u.i.k.p.i.AbstractProblemLoader Replaying proof SegSum[SegSum::segSum([I,int,int)].JML normal_behavior operation contract.0 
49625      DEBUG main            d.u.i.k.p.i.IntermediateProofReplayer Proof replay took 132.18ms 
49628      DEBUG main            d.u.i.k.p.r.p.TestFile    ... success: reloaded. 
49629      INFO  main            d.u.i.k.p.r.p.TestFile    Now processing file /home/runner/work/key/key/key.core/../key.ui/examples/heap/comprehensions/bsum_negative.key 
49630      INFO  main            d.u.i.k.p.i.AbstractProblemLoader Loading environment from /home/runner/work/key/key/key.core/../key.ui/examples/heap/comprehensions/bsum_negative.key 
49631      DEBUG main            d.u.i.k.p.i.AbstractProblemLoader Environment load took 406.53ns 
49632      INFO  main            d.u.i.k.p.i.AbstractProblemLoader Creating init config 
52527      DEBUG main            d.u.i.k.p.i.AbstractProblemLoader Init config took 2.89s 
52547      INFO  main            d.u.i.k.p.i.AbstractProblemLoader Replaying proof bsum_negative.key 
52548      DEBUG main            d.u.i.k.p.i.IntermediateProofReplayer Proof replay took 7.4ns 
52651      INFO  main            d.u.i.k.p.r.p.TestFile    ... finished proof: closed. 
52847      INFO  main            d.u.i.k.p.i.AbstractProblemLoader Loading environment from /home/runner/work/key/key/key.core/../key.ui/examples/heap/comprehensions/bsum_negative.key.proof 
52848      DEBUG main            d.u.i.k.p.i.AbstractProblemLoader Environment load took 140.11ns 
52849      INFO  main            d.u.i.k.p.i.AbstractProblemLoader Creating init config 
55667      DEBUG main            d.u.i.k.p.i.AbstractProblemLoader Init config took 2.82s 
55687      INFO  main            d.u.i.k.p.i.AbstractProblemLoader Replaying proof bsum_negative.key.proof 
55690      DEBUG main            d.u.i.k.p.i.IntermediateProofReplayer Proof replay took 1.72ms 
55691      DEBUG main            d.u.i.k.p.r.p.TestFile    ... success: reloaded. 
55691      INFO  main            d.u.i.k.p.r.p.TestFile    Now processing file /home/runner/work/key/key/key.core/../key.ui/examples/heap/comprehensions/bsum_neg2.key 
55692      INFO  main            d.u.i.k.p.i.AbstractProblemLoader Loading environment from /home/runner/work/key/key/key.core/../key.ui/examples/heap/comprehensions/bsum_neg2.key 
55692      DEBUG main            d.u.i.k.p.i.AbstractProblemLoader Environment load took 63.4ns 
55693      INFO  main            d.u.i.k.p.i.AbstractProblemLoader Creating init config 
58521      DEBUG main            d.u.i.k.p.i.AbstractProblemLoader Init config took 2.83s 
58551      INFO  main            d.u.i.k.p.i.AbstractProblemLoader Replaying proof bsum_neg2.key 
58554      DEBUG main            d.u.i.k.p.i.IntermediateProofReplayer Proof replay took 8.3ns 
58656      INFO  main            d.u.i.k.p.r.p.TestFile    ... finished proof: closed. 
58850      INFO  main            d.u.i.k.p.i.AbstractProblemLoader Loading environment from /home/runner/work/key/key/key.core/../key.ui/examples/heap/comprehensions/bsum_neg2.key.proof 
58851      DEBUG main            d.u.i.k.p.i.AbstractProblemLoader Environment load took 130.31ns 
58852      INFO  main            d.u.i.k.p.i.AbstractProblemLoader Creating init config 
61541      DEBUG main            d.u.i.k.p.i.AbstractProblemLoader Init config took 2.69s 
61560      INFO  main            d.u.i.k.p.i.AbstractProblemLoader Replaying proof bsum_neg2.key.proof 
61562      DEBUG main            d.u.i.k.p.i.IntermediateProofReplayer Proof replay took 1.12ms 
61563      DEBUG main            d.u.i.k.p.r.p.TestFile    ... success: reloaded. 
61564      INFO  main            d.u.i.k.p.r.p.TestFile    Now processing file /home/runner/work/key/key/key.core/../key.ui/examples/heap/comprehensions/bsumSplit.key 
61564      INFO  main            d.u.i.k.p.i.AbstractProblemLoader Loading environment from /home/runner/work/key/key/key.core/../key.ui/examples/heap/comprehensions/bsumSplit.key 
61564      DEBUG main            d.u.i.k.p.i.AbstractProblemLoader Environment load took 130.81ns 
61566      INFO  main            d.u.i.k.p.i.AbstractProblemLoader Creating init config 
64254      DEBUG main            d.u.i.k.p.i.AbstractProblemLoader Init config took 2.69s 
64272      INFO  main            d.u.i.k.p.i.AbstractProblemLoader Replaying proof bsumSplit.key 
64274      DEBUG main            d.u.i.k.p.i.IntermediateProofReplayer Proof replay took 6.7ns 
64379      INFO  main            d.u.i.k.p.r.p.TestFile    ... finished proof: closed. 
64584      INFO  main            d.u.i.k.p.i.AbstractProblemLoader Loading environment from /home/runner/work/key/key/key.core/../key.ui/examples/heap/comprehensions/bsumSplit.key.proof 
64584      DEBUG main            d.u.i.k.p.i.AbstractProblemLoader Environment load took 136.71ns 
64585      INFO  main            d.u.i.k.p.i.AbstractProblemLoader Creating init config 
67236      DEBUG main            d.u.i.k.p.i.AbstractProblemLoader Init config took 2.65s 
67255      INFO  main            d.u.i.k.p.i.AbstractProblemLoader Replaying proof bsumSplit.key.proof 
67261      DEBUG main            d.u.i.k.p.i.IntermediateProofReplayer Proof replay took 4.42ms 
67263      DEBUG main            d.u.i.k.p.r.p.TestFile    ... success: reloaded. 
67263      INFO  main            d.u.i.k.p.r.p.TestFile    Now processing file /home/runner/work/key/key/key.core/../key.ui/examples/heap/comprehensions/bprodSplit.key 
67264      INFO  main            d.u.i.k.p.i.AbstractProblemLoader Loading environment from /home/runner/work/key/key/key.core/../key.ui/examples/heap/comprehensions/bprodSplit.key 
67264      DEBUG main            d.u.i.k.p.i.AbstractProblemLoader Environment load took 163.71ns 
67265      INFO  main            d.u.i.k.p.i.AbstractProblemLoader Creating init config 
70075      DEBUG main            d.u.i.k.p.i.AbstractProblemLoader Init config took 2.81s 
70094      INFO  main            d.u.i.k.p.i.AbstractProblemLoader Replaying proof bprodSplit.key 
70096      DEBUG main            d.u.i.k.p.i.IntermediateProofReplayer Proof replay took 8.6ns 
70198      INFO  main            d.u.i.k.p.r.p.TestFile    ... finished proof: closed. 
70423      INFO  main            d.u.i.k.p.i.AbstractProblemLoader Loading environment from /home/runner/work/key/key/key.core/../key.ui/examples/heap/comprehensions/bprodSplit.key.proof 
70423      DEBUG main            d.u.i.k.p.i.AbstractProblemLoader Environment load took 127.41ns 
70424      INFO  main            d.u.i.k.p.i.AbstractProblemLoader Creating init config 
73145      DEBUG main            d.u.i.k.p.i.AbstractProblemLoader Init config took 2.72s 
73165      INFO  main            d.u.i.k.p.i.AbstractProblemLoader Replaying proof bprodSplit.key.proof 
73170      DEBUG main            d.u.i.k.p.i.IntermediateProofReplayer Proof replay took 2.32ms 
73171      DEBUG main            d.u.i.k.p.r.p.TestFile    ... success: reloaded. 
73173      INFO  main            d.u.i.k.p.r.p.TestFile    Now processing file /home/runner/work/key/key/key.core/../key.ui/examples/heap/comprehensions/bsumSplitInvalid.key 
73173      INFO  main            d.u.i.k.p.i.AbstractProblemLoader Loading environment from /home/runner/work/key/key/key.core/../key.ui/examples/heap/comprehensions/bsumSplitInvalid.key 
73173      DEBUG main            d.u.i.k.p.i.AbstractProblemLoader Environment load took 392.32ns 
73175      INFO  main            d.u.i.k.p.i.AbstractProblemLoader Creating init config 
76002      DEBUG main            d.u.i.k.p.i.AbstractProblemLoader Init config took 2.83s 
76020      INFO  main            d.u.i.k.p.i.AbstractProblemLoader Replaying proof bsumSplitInvalid.key 
76022      DEBUG main            d.u.i.k.p.i.IntermediateProofReplayer Proof replay took 8.3ns 
76127      INFO  main            d.u.i.k.p.r.p.TestFile    ... finished proof: open goal(s) 
171837     INFO  Test worker     d.u.i.k.p.r.RunAllProofsTestUnit Returning from test comprehensions 
171841     INFO  Test worker     d.u.i.k.p.r.RunAllProofsTestUnit Running test performance 
461        INFO  Timeout watchdog d.u.i.k.p.r.p.ForkedTestFileRunner Timeout watcher launched (2000 secs.) 
474        WARN  main            d.u.i.k.s.ProofSettings   The settings in /home/runner/.key/proof-settings.props are *not* read. 
533        INFO  main            d.u.i.k.p.r.p.TestFile    Now processing file /home/runner/work/key/key/key.core/../key.ui/examples/performance-test/Disjoint(Disjoint__disjoint_08()).JML_operation_contract.0.key 
679        INFO  main            d.u.i.k.p.i.AbstractProblemLoader Loading environment from /home/runner/work/key/key/key.core/../key.ui/examples/performance-test/Disjoint(Disjoint__disjoint_08()).JML_operation_contract.0.key 
705        DEBUG main            d.u.i.k.p.i.AbstractProblemLoader Environment load took 2.46ms 
948        INFO  main            d.u.i.k.p.i.AbstractProblemLoader Creating init config 
2097       DEBUG main            d.u.i.k.j.TypeConverter   No LDT found for Meta 
2098       DEBUG main            d.u.i.k.j.TypeConverter   No LDT found for Meta 
2101       DEBUG main            d.u.i.k.j.TypeConverter   No LDT found for Meta 
2102       DEBUG main            d.u.i.k.j.TypeConverter   No LDT found for Meta 
3935       DEBUG main            d.u.i.k.j.TypeConverter   No LDT found for JavaBigintExpression 
10762      DEBUG main            d.u.i.k.j.r.ClassPreparationMethodBuilder clPrepBuilder: Inner Class detected. Reject building class initialisation methods. 
20119      DEBUG main            d.u.i.k.p.i.AbstractProblemLoader Init config took 19.17s 
20412      INFO  main            d.u.i.k.p.i.AbstractProblemLoader Replaying proof Disjoint[Disjoint::disjoint_8()].JML operation contract.0 
20502      DEBUG main            d.u.i.k.p.i.IntermediateProofReplayer Proof replay took 391.82ns 
23356      INFO  main            d.u.i.k.p.r.p.TestFile    ... finished proof: closed. 
23606      INFO  main            d.u.i.k.p.i.AbstractProblemLoader Loading environment from /home/runner/work/key/key/key.core/../key.ui/examples/performance-test/Disjoint(Disjoint__disjoint_08()).JML_operation_contract.0.key.proof 
23606      DEBUG main            d.u.i.k.p.i.AbstractProblemLoader Environment load took 209.51ns 
23610      INFO  main            d.u.i.k.p.i.AbstractProblemLoader Creating init config 
27393      DEBUG main            d.u.i.k.j.r.ClassPreparationMethodBuilder clPrepBuilder: Inner Class detected. Reject building class initialisation methods. 
36064      DEBUG main            d.u.i.k.p.i.AbstractProblemLoader Init config took 12.45s 
36216      INFO  main            d.u.i.k.p.i.AbstractProblemLoader Replaying proof Disjoint[Disjoint::disjoint_8()].JML operation contract.0 
36723      DEBUG main            d.u.i.k.p.i.IntermediateProofReplayer Proof replay took 493.2ms 
36734      DEBUG main            d.u.i.k.p.r.p.TestFile    ... success: reloaded. 
36737      INFO  main            d.u.i.k.p.r.p.TestFile    Now processing file /home/runner/work/key/key/key.core/../key.ui/examples/performance-test/Disjoint(Disjoint__disjoint2_08()).JML_operation_contract.0.key 
36737      INFO  main            d.u.i.k.p.i.AbstractProblemLoader Loading environment from /home/runner/work/key/key/key.core/../key.ui/examples/performance-test/Disjoint(Disjoint__disjoint2_08()).JML_operation_contract.0.key 
36742      DEBUG main            d.u.i.k.p.i.AbstractProblemLoader Environment load took 4.38ms 
36744      INFO  main            d.u.i.k.p.i.AbstractProblemLoader Creating init config 
40454      DEBUG main            d.u.i.k.j.r.ClassPreparationMethodBuilder clPrepBuilder: Inner Class detected. Reject building class initialisation methods. 
48812      DEBUG main            d.u.i.k.p.i.AbstractProblemLoader Init config took 12.07s 
48937      INFO  main            d.u.i.k.p.i.AbstractProblemLoader Replaying proof Disjoint[Disjoint::disjoint2_8()].JML operation contract.0 
48940      DEBUG main            d.u.i.k.p.i.IntermediateProofReplayer Proof replay took 28ns 
50144      INFO  main            d.u.i.k.p.r.p.TestFile    ... finished proof: closed. 
50473      INFO  main            d.u.i.k.p.i.AbstractProblemLoader Loading environment from /home/runner/work/key/key/key.core/../key.ui/examples/performance-test/Disjoint(Disjoint__disjoint2_08()).JML_operation_contract.0.key.proof 
50477      DEBUG main            d.u.i.k.p.i.AbstractProblemLoader Environment load took 3.63ms 
50480      INFO  main            d.u.i.k.p.i.AbstractProblemLoader Creating init config 
54201      DEBUG main            d.u.i.k.j.r.ClassPreparationMethodBuilder clPrepBuilder: Inner Class detected. Reject building class initialisation methods. 
62430      DEBUG main            d.u.i.k.p.i.AbstractProblemLoader Init config took 11.95s 
62566      INFO  main            d.u.i.k.p.i.AbstractProblemLoader Replaying proof Disjoint[Disjoint::disjoint2_8()].JML operation contract.0 
62705      DEBUG main            d.u.i.k.p.i.IntermediateProofReplayer Proof replay took 129.46ms 
62711      DEBUG main            d.u.i.k.p.r.p.TestFile    ... success: reloaded. 
62720      INFO  main            d.u.i.k.p.r.p.TestFile    Now processing file /home/runner/work/key/key/key.core/../key.ui/examples/performance-test/AccessChain1(AccessChain1__foo_08()).JML_operation_contract.0.key 
62721      INFO  main            d.u.i.k.p.i.AbstractProblemLoader Loading environment from /home/runner/work/key/key/key.core/../key.ui/examples/performance-test/AccessChain1(AccessChain1__foo_08()).JML_operation_contract.0.key 
62722      DEBUG main            d.u.i.k.p.i.AbstractProblemLoader Environment load took 594.94ns 
62726      INFO  main            d.u.i.k.p.i.AbstractProblemLoader Creating init config 
66444      DEBUG main            d.u.i.k.j.r.ClassPreparationMethodBuilder clPrepBuilder: Inner Class detected. Reject building class initialisation methods. 
74719      DEBUG main            d.u.i.k.p.i.AbstractProblemLoader Init config took 11.99s 
74835      INFO  main            d.u.i.k.p.i.AbstractProblemLoader Replaying proof AccessChain1[AccessChain1::foo_8()].JML operation contract.0 
74838      DEBUG main            d.u.i.k.p.i.IntermediateProofReplayer Proof replay took 12.2ns 
77750      INFO  main            d.u.i.k.p.r.p.TestFile    ... finished proof: closed. 
78144      INFO  main            d.u.i.k.p.i.AbstractProblemLoader Loading environment from /home/runner/work/key/key/key.core/../key.ui/examples/performance-test/AccessChain1(AccessChain1__foo_08()).JML_operation_contract.0.key.proof 
78149      DEBUG main            d.u.i.k.p.i.AbstractProblemLoader Environment load took 4.87ms 
78152      INFO  main            d.u.i.k.p.i.AbstractProblemLoader Creating init config 
81584      DEBUG main            d.u.i.k.j.r.ClassPreparationMethodBuilder clPrepBuilder: Inner Class detected. Reject building class initialisation methods. 
89571      DEBUG main            d.u.i.k.p.i.AbstractProblemLoader Init config took 11.42s 
89685      INFO  main            d.u.i.k.p.i.AbstractProblemLoader Replaying proof AccessChain1[AccessChain1::foo_8()].JML operation contract.0 
90321      DEBUG main            d.u.i.k.p.i.IntermediateProofReplayer Proof replay took 621.07ms 
90323      DEBUG main            d.u.i.k.p.r.p.TestFile    ... success: reloaded. 
90325      INFO  main            d.u.i.k.p.r.p.TestFile    Now processing file /home/runner/work/key/key/key.core/../key.ui/examples/performance-test/AccessChain4(AccessChain4__foo_08()).JML_operation_contract.0.key 
90326      INFO  main            d.u.i.k.p.i.AbstractProblemLoader Loading environment from /home/runner/work/key/key/key.core/../key.ui/examples/performance-test/AccessChain4(AccessChain4__foo_08()).JML_operation_contract.0.key 
90326      DEBUG main            d.u.i.k.p.i.AbstractProblemLoader Environment load took 377.52ns 
90328      INFO  main            d.u.i.k.p.i.AbstractProblemLoader Creating init config 
93982      DEBUG main            d.u.i.k.j.r.ClassPreparationMethodBuilder clPrepBuilder: Inner Class detected. Reject building class initialisation methods. 
102350     DEBUG main            d.u.i.k.p.i.AbstractProblemLoader Init config took 12.02s 
102474     INFO  main            d.u.i.k.p.i.AbstractProblemLoader Replaying proof AccessChain4[AccessChain4::foo_8()].JML operation contract.0 
102478     DEBUG main            d.u.i.k.p.i.IntermediateProofReplayer Proof replay took 13.3ns 
109701     INFO  main            d.u.i.k.p.r.p.TestFile    ... finished proof: closed. 
110114     INFO  main            d.u.i.k.p.i.AbstractProblemLoader Loading environment from /home/runner/work/key/key/key.core/../key.ui/examples/performance-test/AccessChain4(AccessChain4__foo_08()).JML_operation_contract.0.key.proof 
110123     DEBUG main            d.u.i.k.p.i.AbstractProblemLoader Environment load took 9.16ms 
110126     INFO  main            d.u.i.k.p.i.AbstractProblemLoader Creating init config 
113513     DEBUG main            d.u.i.k.j.r.ClassPreparationMethodBuilder clPrepBuilder: Inner Class detected. Reject building class initialisation methods. 
121518     DEBUG main            d.u.i.k.p.i.AbstractProblemLoader Init config took 11.39s 
121630     INFO  main            d.u.i.k.p.i.AbstractProblemLoader Replaying proof AccessChain4[AccessChain4::foo_8()].JML operation contract.0 
122806     DEBUG main            d.u.i.k.p.i.IntermediateProofReplayer Proof replay took 1.15s 
122809     DEBUG main            d.u.i.k.p.r.p.TestFile    ... success: reloaded. 
122811     INFO  main            d.u.i.k.p.r.p.TestFile    Now processing file /home/runner/work/key/key/key.core/../key.ui/examples/performance-test/Disjoint(Disjoint__xZero_08()).JML_operation_contract.0.key 
122812     INFO  main            d.u.i.k.p.i.AbstractProblemLoader Loading environment from /home/runner/work/key/key/key.core/../key.ui/examples/performance-test/Disjoint(Disjoint__xZero_08()).JML_operation_contract.0.key 
122812     DEBUG main            d.u.i.k.p.i.AbstractProblemLoader Environment load took 364.12ns 
122813     INFO  main            d.u.i.k.p.i.AbstractProblemLoader Creating init config 
126431     DEBUG main            d.u.i.k.j.r.ClassPreparationMethodBuilder clPrepBuilder: Inner Class detected. Reject building class initialisation methods. 
134434     DEBUG main            d.u.i.k.p.i.AbstractProblemLoader Init config took 11.62s 
134542     INFO  main            d.u.i.k.p.i.AbstractProblemLoader Replaying proof Disjoint[Disjoint::xZero_8()].JML operation contract.0 
134545     DEBUG main            d.u.i.k.p.i.IntermediateProofReplayer Proof replay took 13.9ns 
135659     INFO  main            d.u.i.k.p.r.p.TestFile    ... finished proof: closed. 
136102     INFO  main            d.u.i.k.p.i.AbstractProblemLoader Loading environment from /home/runner/work/key/key/key.core/../key.ui/examples/performance-test/Disjoint(Disjoint__xZero_08()).JML_operation_contract.0.key.proof 
136105     DEBUG main            d.u.i.k.p.i.AbstractProblemLoader Environment load took 3.31ms 
136107     INFO  main            d.u.i.k.p.i.AbstractProblemLoader Creating init config 
139485     DEBUG main            d.u.i.k.j.r.ClassPreparationMethodBuilder clPrepBuilder: Inner Class detected. Reject building class initialisation methods. 
147284     DEBUG main            d.u.i.k.p.i.AbstractProblemLoader Init config took 11.18s 
147400     INFO  main            d.u.i.k.p.i.AbstractProblemLoader Replaying proof Disjoint[Disjoint::xZero_8()].JML operation contract.0 
147650     DEBUG main            d.u.i.k.p.i.IntermediateProofReplayer Proof replay took 241.8ms 
147653     DEBUG main            d.u.i.k.p.r.p.TestFile    ... success: reloaded. 
147656     INFO  main            d.u.i.k.p.r.p.TestFile    Now processing file /home/runner/work/key/key/key.core/../key.ui/examples/performance-test/Dynamic(Dynamic__foo_08()).JML_operation_contract.0.key 
147656     INFO  main            d.u.i.k.p.i.AbstractProblemLoader Loading environment from /home/runner/work/key/key/key.core/../key.ui/examples/performance-test/Dynamic(Dynamic__foo_08()).JML_operation_contract.0.key 
147657     DEBUG main            d.u.i.k.p.i.AbstractProblemLoader Environment load took 324.62ns 
147658     INFO  main            d.u.i.k.p.i.AbstractProblemLoader Creating init config 
151155     DEBUG main            d.u.i.k.j.r.ClassPreparationMethodBuilder clPrepBuilder: Inner Class detected. Reject building class initialisation methods. 
159130     DEBUG main            d.u.i.k.p.i.AbstractProblemLoader Init config took 11.47s 
159256     INFO  main            d.u.i.k.p.i.AbstractProblemLoader Replaying proof Dynamic[Dynamic::foo_8()].JML operation contract.0 
159258     DEBUG main            d.u.i.k.p.i.IntermediateProofReplayer Proof replay took 13.5ns 
165477     INFO  main            d.u.i.k.p.r.p.TestFile    ... finished proof: closed. 
165955     INFO  main            d.u.i.k.p.i.AbstractProblemLoader Loading environment from /home/runner/work/key/key/key.core/../key.ui/examples/performance-test/Dynamic(Dynamic__foo_08()).JML_operation_contract.0.key.proof 
165956     DEBUG main            d.u.i.k.p.i.AbstractProblemLoader Environment load took 704.34ns 
165958     INFO  main            d.u.i.k.p.i.AbstractProblemLoader Creating init config 
169536     DEBUG main            d.u.i.k.j.r.ClassPreparationMethodBuilder clPrepBuilder: Inner Class detected. Reject building class initialisation methods. 
177889     DEBUG main            d.u.i.k.p.i.AbstractProblemLoader Init config took 11.93s 
178002     INFO  main            d.u.i.k.p.i.AbstractProblemLoader Replaying proof Dynamic[Dynamic::foo_8()].JML operation contract.0 
178784     DEBUG main            d.u.i.k.p.i.IntermediateProofReplayer Proof replay took 752.52ms 
178787     DEBUG main            d.u.i.k.p.r.p.TestFile    ... success: reloaded. 
178790     INFO  main            d.u.i.k.p.r.p.TestFile    Now processing file /home/runner/work/key/key/key.core/../key.ui/examples/performance-test/DynamicGhost(DynamicGhost__dynamicGhost_08()).JML_normal_behavior_operation_contract.0.key 
178790     INFO  main            d.u.i.k.p.i.AbstractProblemLoader Loading environment from /home/runner/work/key/key/key.core/../key.ui/examples/performance-test/DynamicGhost(DynamicGhost__dynamicGhost_08()).JML_normal_behavior_operation_contract.0.key 
178791     DEBUG main            d.u.i.k.p.i.AbstractProblemLoader Environment load took 151.01ns 
178792     INFO  main            d.u.i.k.p.i.AbstractProblemLoader Creating init config 
182501     DEBUG main            d.u.i.k.j.r.ClassPreparationMethodBuilder clPrepBuilder: Inner Class detected. Reject building class initialisation methods. 
190754     DEBUG main            d.u.i.k.p.i.AbstractProblemLoader Init config took 11.96s 
190893     INFO  main            d.u.i.k.p.i.AbstractProblemLoader Replaying proof DynamicGhost[DynamicGhost::dynamicGhost_8()].JML normal_behavior operation contract.0 
190906     DEBUG main            d.u.i.k.p.i.IntermediateProofReplayer Proof replay took 13.8ns 
195908     INFO  main            d.u.i.k.p.r.p.TestFile    ... finished proof: closed. 
196428     INFO  main            d.u.i.k.p.i.AbstractProblemLoader Loading environment from /home/runner/work/key/key/key.core/../key.ui/examples/performance-test/DynamicGhost(DynamicGhost__dynamicGhost_08()).JML_normal_behavior_operation_contract.0.key.proof 
196428     DEBUG main            d.u.i.k.p.i.AbstractProblemLoader Environment load took 165.01ns 
196431     INFO  main            d.u.i.k.p.i.AbstractProblemLoader Creating init config 
199843     DEBUG main            d.u.i.k.j.r.ClassPreparationMethodBuilder clPrepBuilder: Inner Class detected. Reject building class initialisation methods. 
208179     DEBUG main            d.u.i.k.p.i.AbstractProblemLoader Init config took 11.75s 
208300     INFO  main            d.u.i.k.p.i.AbstractProblemLoader Replaying proof DynamicGhost[DynamicGhost::dynamicGhost_8()].JML normal_behavior operation contract.0 
209052     DEBUG main            d.u.i.k.p.i.IntermediateProofReplayer Proof replay took 723.38ms 
209055     DEBUG main            d.u.i.k.p.r.p.TestFile    ... success: reloaded. 
209062     INFO  main            d.u.i.k.p.r.p.TestFile    Now processing file /home/runner/work/key/key/key.core/../key.ui/examples/performance-test/GhostFrame(GhostFrame__foo_08()).JML_operation_contract.0.key 
209063     INFO  main            d.u.i.k.p.i.AbstractProblemLoader Loading environment from /home/runner/work/key/key/key.core/../key.ui/examples/performance-test/GhostFrame(GhostFrame__foo_08()).JML_operation_contract.0.key 
209066     DEBUG main            d.u.i.k.p.i.AbstractProblemLoader Environment load took 2.85ms 
209078     INFO  main            d.u.i.k.p.i.AbstractProblemLoader Creating init config 
212731     DEBUG main            d.u.i.k.j.r.ClassPreparationMethodBuilder clPrepBuilder: Inner Class detected. Reject building class initialisation methods. 
220971     DEBUG main            d.u.i.k.p.i.AbstractProblemLoader Init config took 11.89s 
221078     INFO  main            d.u.i.k.p.i.AbstractProblemLoader Replaying proof GhostFrame[GhostFrame::foo_8()].JML operation contract.0 
221080     DEBUG main            d.u.i.k.p.i.IntermediateProofReplayer Proof replay took 13.6ns 
223302     INFO  main            d.u.i.k.p.r.p.TestFile    ... finished proof: closed. 
223817     INFO  main            d.u.i.k.p.i.AbstractProblemLoader Loading environment from /home/runner/work/key/key/key.core/../key.ui/examples/performance-test/GhostFrame(GhostFrame__foo_08()).JML_operation_contract.0.key.proof 
223818     DEBUG main            d.u.i.k.p.i.AbstractProblemLoader Environment load took 632.94ns 
223820     INFO  main            d.u.i.k.p.i.AbstractProblemLoader Creating init config 
227211     DEBUG main            d.u.i.k.j.r.ClassPreparationMethodBuilder clPrepBuilder: Inner Class detected. Reject building class initialisation methods. 
235138     DEBUG main            d.u.i.k.p.i.AbstractProblemLoader Init config took 11.32s 
235242     INFO  main            d.u.i.k.p.i.AbstractProblemLoader Replaying proof GhostFrame[GhostFrame::foo_8()].JML operation contract.0 
235653     DEBUG main            d.u.i.k.p.i.IntermediateProofReplayer Proof replay took 400.71ms 
235655     DEBUG main            d.u.i.k.p.r.p.TestFile    ... success: reloaded. 
235656     INFO  main            d.u.i.k.p.r.p.TestFile    Now processing file /home/runner/work/key/key/key.core/../key.ui/examples/performance-test/Modelfield(Modelfield__foo_08()).JML_operation_contract.0.key 
235657     INFO  main            d.u.i.k.p.i.AbstractProblemLoader Loading environment from /home/runner/work/key/key/key.core/../key.ui/examples/performance-test/Modelfield(Modelfield__foo_08()).JML_operation_contract.0.key 
235657     DEBUG main            d.u.i.k.p.i.AbstractProblemLoader Environment load took 171.71ns 
235658     INFO  main            d.u.i.k.p.i.AbstractProblemLoader Creating init config 
239102     DEBUG main            d.u.i.k.j.r.ClassPreparationMethodBuilder clPrepBuilder: Inner Class detected. Reject building class initialisation methods. 
247006     DEBUG main            d.u.i.k.p.i.AbstractProblemLoader Init config took 11.35s 
247110     INFO  main            d.u.i.k.p.i.AbstractProblemLoader Replaying proof Modelfield[Modelfield::foo_8()].JML operation contract.0 
247112     DEBUG main            d.u.i.k.p.i.IntermediateProofReplayer Proof replay took 6.1ns 
250645     INFO  main            d.u.i.k.p.r.p.TestFile    ... finished proof: closed. 
251170     INFO  main            d.u.i.k.p.i.AbstractProblemLoader Loading environment from /home/runner/work/key/key/key.core/../key.ui/examples/performance-test/Modelfield(Modelfield__foo_08()).JML_operation_contract.0.key.proof 
251170     DEBUG main            d.u.i.k.p.i.AbstractProblemLoader Environment load took 243.72ns 
251172     INFO  main            d.u.i.k.p.i.AbstractProblemLoader Creating init config 
254624     DEBUG main            d.u.i.k.j.r.ClassPreparationMethodBuilder clPrepBuilder: Inner Class detected. Reject building class initialisation methods. 
262585     DEBUG main            d.u.i.k.p.i.AbstractProblemLoader Init config took 11.41s 
262687     INFO  main            d.u.i.k.p.i.AbstractProblemLoader Replaying proof Modelfield[Modelfield::foo_8()].JML operation contract.0 
263180     DEBUG main            d.u.i.k.p.i.IntermediateProofReplayer Proof replay took 477.67ms 
263182     DEBUG main            d.u.i.k.p.r.p.TestFile    ... success: reloaded. 
435211     INFO  Test worker     d.u.i.k.p.r.RunAllProofsTestUnit Returning from test performance 
435212     INFO  Test worker     d.u.i.k.p.r.RunAllProofsTestUnit Running test performancePOConstruction 
449        INFO  Timeout watchdog d.u.i.k.p.r.p.ForkedTestFileRunner Timeout watcher launched (2000 secs.) 
480        WARN  main            d.u.i.k.s.ProofSettings   The settings in /home/runner/.key/proof-settings.props are *not* read. 
545        INFO  main            d.u.i.k.p.r.p.TestFile    Now processing file /home/runner/work/key/key/key.core/../key.ui/examples/performance-test/Test(Test__a0(int)).JML_normal_behavior_operation_contract.0.key 
725        INFO  main            d.u.i.k.p.i.AbstractProblemLoader Loading environment from /home/runner/work/key/key/key.core/../key.ui/examples/performance-test/Test(Test__a0(int)).JML_normal_behavior_operation_contract.0.key 
745        DEBUG main            d.u.i.k.p.i.AbstractProblemLoader Environment load took 2.11ms 
1005       INFO  main            d.u.i.k.p.i.AbstractProblemLoader Creating init config 
2187       DEBUG main            d.u.i.k.j.TypeConverter   No LDT found for Meta 
2188       DEBUG main            d.u.i.k.j.TypeConverter   No LDT found for Meta 
2192       DEBUG main            d.u.i.k.j.TypeConverter   No LDT found for Meta 
2192       DEBUG main            d.u.i.k.j.TypeConverter   No LDT found for Meta 
3864       DEBUG main            d.u.i.k.j.TypeConverter   No LDT found for JavaBigintExpression 
10430      DEBUG main            d.u.i.k.j.r.ClassPreparationMethodBuilder clPrepBuilder: Inner Class detected. Reject building class initialisation methods. 
19956      DEBUG main            d.u.i.k.p.i.AbstractProblemLoader Init config took 18.95s 
21231      INFO  main            d.u.i.k.p.i.AbstractProblemLoader Replaying proof Test[Test::a0(int)].JML normal_behavior operation contract.0 
21305      DEBUG main            d.u.i.k.p.i.IntermediateProofReplayer Proof replay took 34.5ns 
21743      INFO  main            d.u.i.k.p.r.p.TestFile    ... finished proof: closed. 
22007      INFO  main            d.u.i.k.p.i.AbstractProblemLoader Loading environment from /home/runner/work/key/key/key.core/../key.ui/examples/performance-test/Test(Test__a0(int)).JML_normal_behavior_operation_contract.0.key.proof 
22013      DEBUG main            d.u.i.k.p.i.AbstractProblemLoader Environment load took 5.64ms 
22017      INFO  main            d.u.i.k.p.i.AbstractProblemLoader Creating init config 
26149      DEBUG main            d.u.i.k.j.r.ClassPreparationMethodBuilder clPrepBuilder: Inner Class detected. Reject building class initialisation methods. 
34979      DEBUG main            d.u.i.k.p.i.AbstractProblemLoader Init config took 12.96s 
36046      INFO  main            d.u.i.k.p.i.AbstractProblemLoader Replaying proof Test[Test::a0(int)].JML normal_behavior operation contract.0 
36099      DEBUG main            d.u.i.k.p.i.IntermediateProofReplayer Proof replay took 43.92ms 
36112      DEBUG main            d.u.i.k.p.r.p.TestFile    ... success: reloaded. 
36116      INFO  main            d.u.i.k.p.r.p.TestFile    Now processing file /home/runner/work/key/key/key.core/../key.ui/examples/performance-test/Test(Test__a1(int)).JML_normal_behavior_operation_contract.0.key 
36117      INFO  main            d.u.i.k.p.i.AbstractProblemLoader Loading environment from /home/runner/work/key/key/key.core/../key.ui/examples/performance-test/Test(Test__a1(int)).JML_normal_behavior_operation_contract.0.key 
36118      DEBUG main            d.u.i.k.p.i.AbstractProblemLoader Environment load took 363.12ns 
36121      INFO  main            d.u.i.k.p.i.AbstractProblemLoader Creating init config 
39875      DEBUG main            d.u.i.k.j.r.ClassPreparationMethodBuilder clPrepBuilder: Inner Class detected. Reject building class initialisation methods. 
48512      DEBUG main            d.u.i.k.p.i.AbstractProblemLoader Init config took 12.39s 
49661      INFO  main            d.u.i.k.p.i.AbstractProblemLoader Replaying proof Test[Test::a1(int)].JML normal_behavior operation contract.0 
49663      DEBUG main            d.u.i.k.p.i.IntermediateProofReplayer Proof replay took 7.8ns 
50069      INFO  main            d.u.i.k.p.r.p.TestFile    ... finished proof: closed. 
50364      INFO  main            d.u.i.k.p.i.AbstractProblemLoader Loading environment from /home/runner/work/key/key/key.core/../key.ui/examples/performance-test/Test(Test__a1(int)).JML_normal_behavior_operation_contract.0.key.proof 
50368      DEBUG main            d.u.i.k.p.i.AbstractProblemLoader Environment load took 3.46ms 
50370      INFO  main            d.u.i.k.p.i.AbstractProblemLoader Creating init config 
54135      DEBUG main            d.u.i.k.j.r.ClassPreparationMethodBuilder clPrepBuilder: Inner Class detected. Reject building class initialisation methods. 
62483      DEBUG main            d.u.i.k.p.i.AbstractProblemLoader Init config took 12.11s 
63478      INFO  main            d.u.i.k.p.i.AbstractProblemLoader Replaying proof Test[Test::a1(int)].JML normal_behavior operation contract.0 
63565      DEBUG main            d.u.i.k.p.i.IntermediateProofReplayer Proof replay took 83.41ms 
63567      DEBUG main            d.u.i.k.p.r.p.TestFile    ... success: reloaded. 
63569      INFO  main            d.u.i.k.p.r.p.TestFile    Now processing file /home/runner/work/key/key/key.core/../key.ui/examples/performance-test/Test(Test__f1(int)).JML_normal_behavior_operation_contract.0.key 
63569      INFO  main            d.u.i.k.p.i.AbstractProblemLoader Loading environment from /home/runner/work/key/key/key.core/../key.ui/examples/performance-test/Test(Test__f1(int)).JML_normal_behavior_operation_contract.0.key 
63569      DEBUG main            d.u.i.k.p.i.AbstractProblemLoader Environment load took 279.01ns 
63571      INFO  main            d.u.i.k.p.i.AbstractProblemLoader Creating init config 
67253      DEBUG main            d.u.i.k.j.r.ClassPreparationMethodBuilder clPrepBuilder: Inner Class detected. Reject building class initialisation methods. 
75390      DEBUG main            d.u.i.k.p.i.AbstractProblemLoader Init config took 11.82s 
76382      INFO  main            d.u.i.k.p.i.AbstractProblemLoader Replaying proof Test[Test::f1(int)].JML normal_behavior operation contract.0 
76384      DEBUG main            d.u.i.k.p.i.IntermediateProofReplayer Proof replay took 7ns 
76692      INFO  main            d.u.i.k.p.r.p.TestFile    ... finished proof: closed. 
76993      INFO  main            d.u.i.k.p.i.AbstractProblemLoader Loading environment from /home/runner/work/key/key/key.core/../key.ui/examples/performance-test/Test(Test__f1(int)).JML_normal_behavior_operation_contract.0.key.proof 
76995      DEBUG main            d.u.i.k.p.i.AbstractProblemLoader Environment load took 1.33ms 
76996      INFO  main            d.u.i.k.p.i.AbstractProblemLoader Creating init config 
80579      DEBUG main            d.u.i.k.j.r.ClassPreparationMethodBuilder clPrepBuilder: Inner Class detected. Reject building class initialisation methods. 
88798      DEBUG main            d.u.i.k.p.i.AbstractProblemLoader Init config took 11.8s 
89833      INFO  main            d.u.i.k.p.i.AbstractProblemLoader Replaying proof Test[Test::f1(int)].JML normal_behavior operation contract.0 
89900      DEBUG main            d.u.i.k.p.i.IntermediateProofReplayer Proof replay took 63.28ms 
89901      DEBUG main            d.u.i.k.p.r.p.TestFile    ... success: reloaded. 
525328     INFO  Test worker     d.u.i.k.p.r.RunAllProofsTestUnit Returning from test performancePOConstruction 
525329     INFO  Test worker     d.u.i.k.p.r.RunAllProofsTestUnit Running test applicationRestrictions 
399        INFO  Timeout watchdog d.u.i.k.p.r.p.ForkedTestFileRunner Timeout watcher launched (2000 secs.) 
425        WARN  main            d.u.i.k.s.ProofSettings   The settings in /home/runner/.key/proof-settings.props are *not* read. 
482        INFO  main            d.u.i.k.p.r.p.TestFile    Now processing file /home/runner/work/key/key/key.core/../key.ui/examples/heap/polarity_tests/wellformed1.key 
617        INFO  main            d.u.i.k.p.i.AbstractProblemLoader Loading environment from /home/runner/work/key/key/key.core/../key.ui/examples/heap/polarity_tests/wellformed1.key 
637        DEBUG main            d.u.i.k.p.i.AbstractProblemLoader Environment load took 2.26ms 
935        INFO  main            d.u.i.k.p.i.AbstractProblemLoader Creating init config 
1944       DEBUG main            d.u.i.k.j.TypeConverter   No LDT found for Meta 
1945       DEBUG main            d.u.i.k.j.TypeConverter   No LDT found for Meta 
1946       DEBUG main            d.u.i.k.j.TypeConverter   No LDT found for Meta 
1946       DEBUG main            d.u.i.k.j.TypeConverter   No LDT found for Meta 
3367       DEBUG main            d.u.i.k.j.TypeConverter   No LDT found for JavaBigintExpression 
9181       DEBUG main            d.u.i.k.p.i.AbstractProblemLoader Init config took 8.25s 
9246       INFO  main            d.u.i.k.p.i.AbstractProblemLoader Replaying proof wellformed1.key 
9285       DEBUG main            d.u.i.k.p.i.IntermediateProofReplayer Proof replay took 40.5ns 
9468       INFO  main            d.u.i.k.p.r.p.TestFile    ... finished proof: closed. 
9592       INFO  main            d.u.i.k.p.i.AbstractProblemLoader Loading environment from /home/runner/work/key/key/key.core/../key.ui/examples/heap/polarity_tests/wellformed1.key.proof 
9592       DEBUG main            d.u.i.k.p.i.AbstractProblemLoader Environment load took 169.01ns 
9598       INFO  main            d.u.i.k.p.i.AbstractProblemLoader Creating init config 
12909      DEBUG main            d.u.i.k.p.i.AbstractProblemLoader Init config took 3.31s 
12955      INFO  main            d.u.i.k.p.i.AbstractProblemLoader Replaying proof wellformed1.key.proof 
12970      DEBUG main            d.u.i.k.p.i.IntermediateProofReplayer Proof replay took 4.87ms 
12991      DEBUG main            d.u.i.k.p.r.p.TestFile    ... success: reloaded. 
12993      INFO  main            d.u.i.k.p.r.p.TestFile    Now processing file /home/runner/work/key/key/key.core/../key.ui/examples/heap/polarity_tests/wellformed2.key 
12993      INFO  main            d.u.i.k.p.i.AbstractProblemLoader Loading environment from /home/runner/work/key/key/key.core/../key.ui/examples/heap/polarity_tests/wellformed2.key 
12994      DEBUG main            d.u.i.k.p.i.AbstractProblemLoader Environment load took 154.01ns 
12998      INFO  main            d.u.i.k.p.i.AbstractProblemLoader Creating init config 
16480      DEBUG main            d.u.i.k.p.i.AbstractProblemLoader Init config took 3.48s 
16512      INFO  main            d.u.i.k.p.i.AbstractProblemLoader Replaying proof wellformed2.key 
16514      DEBUG main            d.u.i.k.p.i.IntermediateProofReplayer Proof replay took 6.9ns 
16617      INFO  main            d.u.i.k.p.r.p.TestFile    ... finished proof: open goal(s) 
16777      INFO  main            d.u.i.k.p.r.p.TestFile    Now processing file /home/runner/work/key/key/key.core/../key.ui/examples/heap/polarity_tests/wellformed3.key 
16777      INFO  main            d.u.i.k.p.i.AbstractProblemLoader Loading environment from /home/runner/work/key/key/key.core/../key.ui/examples/heap/polarity_tests/wellformed3.key 
16778      DEBUG main            d.u.i.k.p.i.AbstractProblemLoader Environment load took 103.51ns 
16781      INFO  main            d.u.i.k.p.i.AbstractProblemLoader Creating init config 
20002      DEBUG main            d.u.i.k.p.i.AbstractProblemLoader Init config took 3.22s 
20030      INFO  main            d.u.i.k.p.i.AbstractProblemLoader Replaying proof wellformed3.key 
20032      DEBUG main            d.u.i.k.p.i.IntermediateProofReplayer Proof replay took 7.8ns 
20135      INFO  main            d.u.i.k.p.r.p.TestFile    ... finished proof: closed. 
20353      INFO  main            d.u.i.k.p.i.AbstractProblemLoader Loading environment from /home/runner/work/key/key/key.core/../key.ui/examples/heap/polarity_tests/wellformed3.key.proof 
20353      DEBUG main            d.u.i.k.p.i.AbstractProblemLoader Environment load took 569.43ns 
20355      INFO  main            d.u.i.k.p.i.AbstractProblemLoader Creating init config 
23371      DEBUG main            d.u.i.k.p.i.AbstractProblemLoader Init config took 3.02s 
23398      INFO  main            d.u.i.k.p.i.AbstractProblemLoader Replaying proof wellformed3.key.proof 
23403      DEBUG main            d.u.i.k.p.i.IntermediateProofReplayer Proof replay took 2.81ms 
23405      DEBUG main            d.u.i.k.p.r.p.TestFile    ... success: reloaded. 
23406      INFO  main            d.u.i.k.p.r.p.TestFile    Now processing file /home/runner/work/key/key/key.core/../key.ui/examples/heap/polarity_tests/wellformed4.key 
23407      INFO  main            d.u.i.k.p.i.AbstractProblemLoader Loading environment from /home/runner/work/key/key/key.core/../key.ui/examples/heap/polarity_tests/wellformed4.key 
23407      DEBUG main            d.u.i.k.p.i.AbstractProblemLoader Environment load took 388.02ns 
23408      INFO  main            d.u.i.k.p.i.AbstractProblemLoader Creating init config 
26414      DEBUG main            d.u.i.k.p.i.AbstractProblemLoader Init config took 3.01s 
26439      INFO  main            d.u.i.k.p.i.AbstractProblemLoader Replaying proof wellformed4.key 
26441      DEBUG main            d.u.i.k.p.i.IntermediateProofReplayer Proof replay took 7.6ns 
26546      INFO  main            d.u.i.k.p.r.p.TestFile    ... finished proof: open goal(s) 
26695      INFO  main            d.u.i.k.p.r.p.TestFile    Now processing file /home/runner/work/key/key/key.core/../key.ui/examples/heap/polarity_tests/wellformed5.key 
26695      INFO  main            d.u.i.k.p.i.AbstractProblemLoader Loading environment from /home/runner/work/key/key/key.core/../key.ui/examples/heap/polarity_tests/wellformed5.key 
26695      DEBUG main            d.u.i.k.p.i.AbstractProblemLoader Environment load took 78.6ns 
26696      INFO  main            d.u.i.k.p.i.AbstractProblemLoader Creating init config 
29550      DEBUG main            d.u.i.k.p.i.AbstractProblemLoader Init config took 2.85s 
29572      INFO  main            d.u.i.k.p.i.AbstractProblemLoader Replaying proof wellformed5.key 
29573      DEBUG main            d.u.i.k.p.i.IntermediateProofReplayer Proof replay took 8ns 
29677      INFO  main            d.u.i.k.p.r.p.TestFile    ... finished proof: closed. 
29816      INFO  main            d.u.i.k.p.i.AbstractProblemLoader Loading environment from /home/runner/work/key/key/key.core/../key.ui/examples/heap/polarity_tests/wellformed5.key.proof 
29816      DEBUG main            d.u.i.k.p.i.AbstractProblemLoader Environment load took 143.51ns 
29817      INFO  main            d.u.i.k.p.i.AbstractProblemLoader Creating init config 
32704      DEBUG main            d.u.i.k.p.i.AbstractProblemLoader Init config took 2.89s 
32726      INFO  main            d.u.i.k.p.i.AbstractProblemLoader Replaying proof wellformed5.key.proof 
32735      DEBUG main            d.u.i.k.p.i.IntermediateProofReplayer Proof replay took 7.16ms 
32737      DEBUG main            d.u.i.k.p.r.p.TestFile    ... success: reloaded. 
32741      INFO  main            d.u.i.k.p.r.p.TestFile    Now processing file /home/runner/work/key/key/key.core/../key.ui/examples/heap/polarity_tests/wellformed6.key 
32744      INFO  main            d.u.i.k.p.i.AbstractProblemLoader Loading environment from /home/runner/work/key/key/key.core/../key.ui/examples/heap/polarity_tests/wellformed6.key 
32744      DEBUG main            d.u.i.k.p.i.AbstractProblemLoader Environment load took 374.32ns 
32745      INFO  main            d.u.i.k.p.i.AbstractProblemLoader Creating init config 
35680      DEBUG main            d.u.i.k.p.i.AbstractProblemLoader Init config took 2.94s 
35704      INFO  main            d.u.i.k.p.i.AbstractProblemLoader Replaying proof wellformed6.key 
35706      DEBUG main            d.u.i.k.p.i.IntermediateProofReplayer Proof replay took 8ns 
35812      INFO  main            d.u.i.k.p.r.p.TestFile    ... finished proof: open goal(s) 
35974      INFO  main            d.u.i.k.p.r.p.TestFile    Now processing file /home/runner/work/key/key/key.core/../key.ui/examples/heap/polarity_tests/wellformed7.key 
35974      INFO  main            d.u.i.k.p.i.AbstractProblemLoader Loading environment from /home/runner/work/key/key/key.core/../key.ui/examples/heap/polarity_tests/wellformed7.key 
35974      DEBUG main            d.u.i.k.p.i.AbstractProblemLoader Environment load took 82.2ns 
35977      INFO  main            d.u.i.k.p.i.AbstractProblemLoader Creating init config 
38880      DEBUG main            d.u.i.k.p.i.AbstractProblemLoader Init config took 2.9s 
38902      INFO  main            d.u.i.k.p.i.AbstractProblemLoader Replaying proof wellformed7.key 
38904      DEBUG main            d.u.i.k.p.i.IntermediateProofReplayer Proof replay took 8.9ns 
39007      INFO  main            d.u.i.k.p.r.p.TestFile    ... finished proof: closed. 
39160      INFO  main            d.u.i.k.p.i.AbstractProblemLoader Loading environment from /home/runner/work/key/key/key.core/../key.ui/examples/heap/polarity_tests/wellformed7.key.proof 
39160      DEBUG main            d.u.i.k.p.i.AbstractProblemLoader Environment load took 177.71ns 
39161      INFO  main            d.u.i.k.p.i.AbstractProblemLoader Creating init config 
42044      DEBUG main            d.u.i.k.p.i.AbstractProblemLoader Init config took 2.88s 
42064      INFO  main            d.u.i.k.p.i.AbstractProblemLoader Replaying proof wellformed7.key.proof 
42092      DEBUG main            d.u.i.k.p.i.IntermediateProofReplayer Proof replay took 25.44ms 
42093      DEBUG main            d.u.i.k.p.r.p.TestFile    ... success: reloaded. 
42093      INFO  main            d.u.i.k.p.r.p.TestFile    Now processing file /home/runner/work/key/key/key.core/../key.ui/examples/heap/polarity_tests/wellformed8.key 
42094      INFO  main            d.u.i.k.p.i.AbstractProblemLoader Loading environment from /home/runner/work/key/key/key.core/../key.ui/examples/heap/polarity_tests/wellformed8.key 
42094      DEBUG main            d.u.i.k.p.i.AbstractProblemLoader Environment load took 79.7ns 
42095      INFO  main            d.u.i.k.p.i.AbstractProblemLoader Creating init config 
44915      DEBUG main            d.u.i.k.p.i.AbstractProblemLoader Init config took 2.82s 
44935      INFO  main            d.u.i.k.p.i.AbstractProblemLoader Replaying proof wellformed8.key 
44937      DEBUG main            d.u.i.k.p.i.IntermediateProofReplayer Proof replay took 9ns 
45041      INFO  main            d.u.i.k.p.r.p.TestFile    ... finished proof: open goal(s) 
45209      INFO  main            d.u.i.k.p.r.p.TestFile    Now processing file /home/runner/work/key/key/key.core/../key.ui/examples/heap/polarity_tests/wellformed9.key 
45209      INFO  main            d.u.i.k.p.i.AbstractProblemLoader Loading environment from /home/runner/work/key/key/key.core/../key.ui/examples/heap/polarity_tests/wellformed9.key 
45209      DEBUG main            d.u.i.k.p.i.AbstractProblemLoader Environment load took 80.81ns 
45211      INFO  main            d.u.i.k.p.i.AbstractProblemLoader Creating init config 
48026      DEBUG main            d.u.i.k.p.i.AbstractProblemLoader Init config took 2.82s 
48047      INFO  main            d.u.i.k.p.i.AbstractProblemLoader Replaying proof wellformed9.key 
48050      DEBUG main            d.u.i.k.p.i.IntermediateProofReplayer Proof replay took 8ns 
48156      INFO  main            d.u.i.k.p.r.p.TestFile    ... finished proof: closed. 
48377      INFO  main            d.u.i.k.p.i.AbstractProblemLoader Loading environment from /home/runner/work/key/key/key.core/../key.ui/examples/heap/polarity_tests/wellformed9.key.proof 
48378      DEBUG main            d.u.i.k.p.i.AbstractProblemLoader Environment load took 130.31ns 
48379      INFO  main            d.u.i.k.p.i.AbstractProblemLoader Creating init config 
51229      DEBUG main            d.u.i.k.p.i.AbstractProblemLoader Init config took 2.85s 
51248      INFO  main            d.u.i.k.p.i.AbstractProblemLoader Replaying proof wellformed9.key.proof 
51251      DEBUG main            d.u.i.k.p.i.IntermediateProofReplayer Proof replay took 1.47ms 
51252      DEBUG main            d.u.i.k.p.r.p.TestFile    ... success: reloaded. 
51253      INFO  main            d.u.i.k.p.r.p.TestFile    Now processing file /home/runner/work/key/key/key.core/../key.ui/examples/heap/polarity_tests/wellformed10.key 
51253      INFO  main            d.u.i.k.p.i.AbstractProblemLoader Loading environment from /home/runner/work/key/key/key.core/../key.ui/examples/heap/polarity_tests/wellformed10.key 
51253      DEBUG main            d.u.i.k.p.i.AbstractProblemLoader Environment load took 116.31ns 
51254      INFO  main            d.u.i.k.p.i.AbstractProblemLoader Creating init config 
54107      DEBUG main            d.u.i.k.p.i.AbstractProblemLoader Init config took 2.85s 
54126      INFO  main            d.u.i.k.p.i.AbstractProblemLoader Replaying proof wellformed10.key 
54127      DEBUG main            d.u.i.k.p.i.IntermediateProofReplayer Proof replay took 8.3ns 
54229      INFO  main            d.u.i.k.p.r.p.TestFile    ... finished proof: open goal(s) 
54415      INFO  main            d.u.i.k.p.r.p.TestFile    Now processing file /home/runner/work/key/key/key.core/../key.ui/examples/heap/polarity_tests/wellformed11.key 
54415      INFO  main            d.u.i.k.p.i.AbstractProblemLoader Loading environment from /home/runner/work/key/key/key.core/../key.ui/examples/heap/polarity_tests/wellformed11.key 
54415      DEBUG main            d.u.i.k.p.i.AbstractProblemLoader Environment load took 82.31ns 
54417      INFO  main            d.u.i.k.p.i.AbstractProblemLoader Creating init config 
57256      DEBUG main            d.u.i.k.p.i.AbstractProblemLoader Init config took 2.84s 
57277      INFO  main            d.u.i.k.p.i.AbstractProblemLoader Replaying proof wellformed11.key 
57282      DEBUG main            d.u.i.k.p.i.IntermediateProofReplayer Proof replay took 9.7ns 
57384      INFO  main            d.u.i.k.p.r.p.TestFile    ... finished proof: open goal(s) 
583087     INFO  Test worker     d.u.i.k.p.r.RunAllProofsTestUnit Returning from test applicationRestrictions 
583088     INFO  Test worker     d.u.i.k.p.r.RunAllProofsTestUnit Running test blockContracts 
444        INFO  Timeout watchdog d.u.i.k.p.r.p.ForkedTestFileRunner Timeout watcher launched (2000 secs.) 
464        WARN  main            d.u.i.k.s.ProofSettings   The settings in /home/runner/.key/proof-settings.props are *not* read. 
521        INFO  main            d.u.i.k.p.r.p.TestFile    Now processing file /home/runner/work/key/key/key.core/../key.ui/examples/heap/block_contracts/Simple__add.key 
720        INFO  main            d.u.i.k.p.i.AbstractProblemLoader Loading environment from /home/runner/work/key/key/key.core/../key.ui/examples/heap/block_contracts/Simple__add.key 
739        DEBUG main            d.u.i.k.p.i.AbstractProblemLoader Environment load took 2.27ms 
986        INFO  main            d.u.i.k.p.i.AbstractProblemLoader Creating init config 
1936       DEBUG main            d.u.i.k.j.TypeConverter   No LDT found for Meta 
1936       DEBUG main            d.u.i.k.j.TypeConverter   No LDT found for Meta 
1937       DEBUG main            d.u.i.k.j.TypeConverter   No LDT found for Meta 
1938       DEBUG main            d.u.i.k.j.TypeConverter   No LDT found for Meta 
3296       DEBUG main            d.u.i.k.j.TypeConverter   No LDT found for JavaBigintExpression 
9673       DEBUG main            d.u.i.k.p.i.AbstractProblemLoader Init config took 8.69s 
9811       INFO  main            d.u.i.k.p.i.AbstractProblemLoader Replaying proof Simple[Simple::add(int,int)].JML operation contract.0 
9915       DEBUG main            d.u.i.k.p.i.IntermediateProofReplayer Proof replay took 394.22ns 
10880      INFO  main            d.u.i.k.p.r.p.TestFile    ... finished proof: closed. 
11012      INFO  main            d.u.i.k.p.i.AbstractProblemLoader Loading environment from /home/runner/work/key/key/key.core/../key.ui/examples/heap/block_contracts/Simple__add.key.proof 
11012      DEBUG main            d.u.i.k.p.i.AbstractProblemLoader Environment load took 258.91ns 
11016      INFO  main            d.u.i.k.p.i.AbstractProblemLoader Creating init config 
14796      DEBUG main            d.u.i.k.p.i.AbstractProblemLoader Init config took 3.78s 
14881      INFO  main            d.u.i.k.p.i.AbstractProblemLoader Replaying proof Simple[Simple::add(int,int)].JML operation contract.0 
14972      DEBUG main            d.u.i.k.p.i.IntermediateProofReplayer Proof replay took 86.38ms 
14984      DEBUG main            d.u.i.k.p.r.p.TestFile    ... success: reloaded. 
14988      INFO  main            d.u.i.k.p.r.p.TestFile    Now processing file /home/runner/work/key/key/key.core/../key.ui/examples/heap/block_contracts/Simple__addAbsoluteValues.key 
14989      INFO  main            d.u.i.k.p.i.AbstractProblemLoader Loading environment from /home/runner/work/key/key/key.core/../key.ui/examples/heap/block_contracts/Simple__addAbsoluteValues.key 
14989      DEBUG main            d.u.i.k.p.i.AbstractProblemLoader Environment load took 147.21ns 
14993      INFO  main            d.u.i.k.p.i.AbstractProblemLoader Creating init config 
18772      DEBUG main            d.u.i.k.p.i.AbstractProblemLoader Init config took 3.78s 
18839      INFO  main            d.u.i.k.p.i.AbstractProblemLoader Replaying proof Simple[Simple::addAbsoluteValues(int,int)].JML normal_behavior operation contract.0 
18843      DEBUG main            d.u.i.k.p.i.IntermediateProofReplayer Proof replay took 15.8ns 
20156      INFO  main            d.u.i.k.p.r.p.TestFile    ... finished proof: closed. 
20378      INFO  main            d.u.i.k.p.i.AbstractProblemLoader Loading environment from /home/runner/work/key/key/key.core/../key.ui/examples/heap/block_contracts/Simple__addAbsoluteValues.key.proof 
20380      DEBUG main            d.u.i.k.p.i.AbstractProblemLoader Environment load took 2.88ms 
20382      INFO  main            d.u.i.k.p.i.AbstractProblemLoader Creating init config 
23989      DEBUG main            d.u.i.k.p.i.AbstractProblemLoader Init config took 3.61s 
24057      INFO  main            d.u.i.k.p.i.AbstractProblemLoader Replaying proof Simple[Simple::addAbsoluteValues(int,int)].JML normal_behavior operation contract.0 
24298      DEBUG main            d.u.i.k.p.i.IntermediateProofReplayer Proof replay took 232.69ms 
24300      DEBUG main            d.u.i.k.p.r.p.TestFile    ... success: reloaded. 
24302      INFO  main            d.u.i.k.p.r.p.TestFile    Now processing file /home/runner/work/key/key/key.core/../key.ui/examples/heap/block_contracts/Simple__addWithJump.key 
24302      INFO  main            d.u.i.k.p.i.AbstractProblemLoader Loading environment from /home/runner/work/key/key/key.core/../key.ui/examples/heap/block_contracts/Simple__addWithJump.key 
24302      DEBUG main            d.u.i.k.p.i.AbstractProblemLoader Environment load took 304.92ns 
24304      INFO  main            d.u.i.k.p.i.AbstractProblemLoader Creating init config 
28008      DEBUG main            d.u.i.k.p.i.AbstractProblemLoader Init config took 3.7s 
28065      INFO  main            d.u.i.k.p.i.AbstractProblemLoader Replaying proof Simple[Simple::addWithJump(int,int,int)].JML operation contract.0 
28068      DEBUG main            d.u.i.k.p.i.IntermediateProofReplayer Proof replay took 12.7ns 
28273      INFO  main            d.u.i.k.p.r.p.TestFile    ... finished proof: closed. 
28525      INFO  main            d.u.i.k.p.i.AbstractProblemLoader Loading environment from /home/runner/work/key/key/key.core/../key.ui/examples/heap/block_contracts/Simple__addWithJump.key.proof 
28525      DEBUG main            d.u.i.k.p.i.AbstractProblemLoader Environment load took 161.71ns 
28529      INFO  main            d.u.i.k.p.i.AbstractProblemLoader Creating init config 
32067      DEBUG main            d.u.i.k.p.i.AbstractProblemLoader Init config took 3.54s 
32134      INFO  main            d.u.i.k.p.i.AbstractProblemLoader Replaying proof Simple[Simple::addWithJump(int,int,int)].JML operation contract.0 
32187      DEBUG main            d.u.i.k.p.i.IntermediateProofReplayer Proof replay took 49.58ms 
32188      DEBUG main            d.u.i.k.p.r.p.TestFile    ... success: reloaded. 
32189      INFO  main            d.u.i.k.p.r.p.TestFile    Now processing file /home/runner/work/key/key/key.core/../key.ui/examples/heap/block_contracts/Simple__addWithTwoBlockContracts.key 
32189      INFO  main            d.u.i.k.p.i.AbstractProblemLoader Loading environment from /home/runner/work/key/key/key.core/../key.ui/examples/heap/block_contracts/Simple__addWithTwoBlockContracts.key 
32189      DEBUG main            d.u.i.k.p.i.AbstractProblemLoader Environment load took 82.1ns 
32190      INFO  main            d.u.i.k.p.i.AbstractProblemLoader Creating init config 
35846      DEBUG main            d.u.i.k.p.i.AbstractProblemLoader Init config took 3.66s 
35900      INFO  main            d.u.i.k.p.i.AbstractProblemLoader Replaying proof Simple[Simple::addWithTwoBlockContracts(int,int,int)].JML operation contract.0 
35902      DEBUG main            d.u.i.k.p.i.IntermediateProofReplayer Proof replay took 12.5ns 
36207      INFO  main            d.u.i.k.p.r.p.TestFile    ... finished proof: closed. 
36415      INFO  main            d.u.i.k.p.i.AbstractProblemLoader Loading environment from /home/runner/work/key/key/key.core/../key.ui/examples/heap/block_contracts/Simple__addWithTwoBlockContracts.key.proof 
36415      DEBUG main            d.u.i.k.p.i.AbstractProblemLoader Environment load took 138.71ns 
36416      INFO  main            d.u.i.k.p.i.AbstractProblemLoader Creating init config 
39959      DEBUG main            d.u.i.k.p.i.AbstractProblemLoader Init config took 3.54s 
40012      INFO  main            d.u.i.k.p.i.AbstractProblemLoader Replaying proof Simple[Simple::addWithTwoBlockContracts(int,int,int)].JML operation contract.0 
40082      DEBUG main            d.u.i.k.p.i.IntermediateProofReplayer Proof replay took 66.21ms 
40083      DEBUG main            d.u.i.k.p.r.p.TestFile    ... success: reloaded. 
40085      INFO  main            d.u.i.k.p.r.p.TestFile    Now processing file /home/runner/work/key/key/key.core/../key.ui/examples/heap/block_contracts/Simple__generateByteArray.key 
40085      INFO  main            d.u.i.k.p.i.AbstractProblemLoader Loading environment from /home/runner/work/key/key/key.core/../key.ui/examples/heap/block_contracts/Simple__generateByteArray.key 
40086      DEBUG main            d.u.i.k.p.i.AbstractProblemLoader Environment load took 254.91ns 
40087      INFO  main            d.u.i.k.p.i.AbstractProblemLoader Creating init config 
43640      DEBUG main            d.u.i.k.p.i.AbstractProblemLoader Init config took 3.55s 
43711      INFO  main            d.u.i.k.p.i.AbstractProblemLoader Replaying proof Simple[Simple::generateByteArray()].JML normal_behavior operation contract.0 
43715      DEBUG main            d.u.i.k.p.i.IntermediateProofReplayer Proof replay took 14ns 
46239      INFO  main            d.u.i.k.p.r.p.TestFile    ... finished proof: closed. 
46483      INFO  main            d.u.i.k.p.i.AbstractProblemLoader Loading environment from /home/runner/work/key/key/key.core/../key.ui/examples/heap/block_contracts/Simple__generateByteArray.key.proof 
46484      DEBUG main            d.u.i.k.p.i.AbstractProblemLoader Environment load took 254.11ns 
46487      INFO  main            d.u.i.k.p.i.AbstractProblemLoader Creating init config 
50074      DEBUG main            d.u.i.k.p.i.AbstractProblemLoader Init config took 3.59s 
50126      INFO  main            d.u.i.k.p.i.AbstractProblemLoader Replaying proof Simple[Simple::generateByteArray()].JML normal_behavior operation contract.0 
50439      DEBUG main            d.u.i.k.p.i.IntermediateProofReplayer Proof replay took 297.67ms 
50441      DEBUG main            d.u.i.k.p.r.p.TestFile    ... success: reloaded. 
50443      INFO  main            d.u.i.k.p.r.p.TestFile    Now processing file /home/runner/work/key/key/key.core/../key.ui/examples/heap/block_contracts/Simple__getLength.key 
50443      INFO  main            d.u.i.k.p.i.AbstractProblemLoader Loading environment from /home/runner/work/key/key/key.core/../key.ui/examples/heap/block_contracts/Simple__getLength.key 
50444      DEBUG main            d.u.i.k.p.i.AbstractProblemLoader Environment load took 296.31ns 
50445      INFO  main            d.u.i.k.p.i.AbstractProblemLoader Creating init config 
53923      DEBUG main            d.u.i.k.p.i.AbstractProblemLoader Init config took 3.48s 
53979      INFO  main            d.u.i.k.p.i.AbstractProblemLoader Replaying proof Simple[Simple::getLength()].JML normal_behavior operation contract.0 
53983      DEBUG main            d.u.i.k.p.i.IntermediateProofReplayer Proof replay took 16.2ns 
54088      INFO  main            d.u.i.k.p.r.p.TestFile    ... finished proof: closed. 
54329      INFO  main            d.u.i.k.p.i.AbstractProblemLoader Loading environment from /home/runner/work/key/key/key.core/../key.ui/examples/heap/block_contracts/Simple__getLength.key.proof 
54329      DEBUG main            d.u.i.k.p.i.AbstractProblemLoader Environment load took 153.41ns 
54330      INFO  main            d.u.i.k.p.i.AbstractProblemLoader Creating init config 
57835      DEBUG main            d.u.i.k.p.i.AbstractProblemLoader Init config took 3.51s 
57914      INFO  main            d.u.i.k.p.i.AbstractProblemLoader Replaying proof Simple[Simple::getLength()].JML normal_behavior operation contract.0 
57928      DEBUG main            d.u.i.k.p.i.IntermediateProofReplayer Proof replay took 11.37ms 
57929      DEBUG main            d.u.i.k.p.r.p.TestFile    ... success: reloaded. 
57930      INFO  main            d.u.i.k.p.r.p.TestFile    Now processing file /home/runner/work/key/key/key.core/../key.ui/examples/heap/block_contracts/Simple__square.key 
57931      INFO  main            d.u.i.k.p.i.AbstractProblemLoader Loading environment from /home/runner/work/key/key/key.core/../key.ui/examples/heap/block_contracts/Simple__square.key 
57931      DEBUG main            d.u.i.k.p.i.AbstractProblemLoader Environment load took 154.41ns 
57932      INFO  main            d.u.i.k.p.i.AbstractProblemLoader Creating init config 
61489      DEBUG main            d.u.i.k.p.i.AbstractProblemLoader Init config took 3.56s 
61561      INFO  main            d.u.i.k.p.i.AbstractProblemLoader Replaying proof Simple[Simple::square(int)].JML operation contract.0 
61563      DEBUG main            d.u.i.k.p.i.IntermediateProofReplayer Proof replay took 16.4ns 
61967      INFO  main            d.u.i.k.p.r.p.TestFile    ... finished proof: closed. 
62192      INFO  main            d.u.i.k.p.i.AbstractProblemLoader Loading environment from /home/runner/work/key/key/key.core/../key.ui/examples/heap/block_contracts/Simple__square.key.proof 
62192      DEBUG main            d.u.i.k.p.i.AbstractProblemLoader Environment load took 561.13ns 
62194      INFO  main            d.u.i.k.p.i.AbstractProblemLoader Creating init config 
65698      DEBUG main            d.u.i.k.p.i.AbstractProblemLoader Init config took 3.5s 
65753      INFO  main            d.u.i.k.p.i.AbstractProblemLoader Replaying proof Simple[Simple::square(int)].JML operation contract.0 
65870      DEBUG main            d.u.i.k.p.i.IntermediateProofReplayer Proof replay took 113.23ms 
65871      DEBUG main            d.u.i.k.p.r.p.TestFile    ... success: reloaded. 
65873      INFO  main            d.u.i.k.p.r.p.TestFile    Now processing file /home/runner/work/key/key/key.core/../key.ui/examples/heap/block_contracts/Simple__unnecessaryBlockContract.key 
65874      INFO  main            d.u.i.k.p.i.AbstractProblemLoader Loading environment from /home/runner/work/key/key/key.core/../key.ui/examples/heap/block_contracts/Simple__unnecessaryBlockContract.key 
65882      DEBUG main            d.u.i.k.p.i.AbstractProblemLoader Environment load took 7.97ms 
65883      INFO  main            d.u.i.k.p.i.AbstractProblemLoader Creating init config 
69318      DEBUG main            d.u.i.k.p.i.AbstractProblemLoader Init config took 3.43s 
69364      INFO  main            d.u.i.k.p.i.AbstractProblemLoader Replaying proof Simple[Simple::unnecessaryBlockContract()].JML operation contract.0 
69367      DEBUG main            d.u.i.k.p.i.IntermediateProofReplayer Proof replay took 18.3ns 
69472      INFO  main            d.u.i.k.p.r.p.TestFile    ... finished proof: closed. 
69713      INFO  main            d.u.i.k.p.i.AbstractProblemLoader Loading environment from /home/runner/work/key/key/key.core/../key.ui/examples/heap/block_contracts/Simple__unnecessaryBlockContract.key.proof 
69713      DEBUG main            d.u.i.k.p.i.AbstractProblemLoader Environment load took 142.11ns 
69716      INFO  main            d.u.i.k.p.i.AbstractProblemLoader Creating init config 
73229      DEBUG main            d.u.i.k.p.i.AbstractProblemLoader Init config took 3.51s 
73277      INFO  main            d.u.i.k.p.i.AbstractProblemLoader Replaying proof Simple[Simple::unnecessaryBlockContract()].JML operation contract.0 
73324      DEBUG main            d.u.i.k.p.i.IntermediateProofReplayer Proof replay took 44.28ms 
73325      DEBUG main            d.u.i.k.p.r.p.TestFile    ... success: reloaded. 
73326      INFO  main            d.u.i.k.p.r.p.TestFile    Now processing file /home/runner/work/key/key/key.core/../key.ui/examples/heap/block_contracts/Simple__unnecessaryLoopInvariant.key 
73327      INFO  main            d.u.i.k.p.i.AbstractProblemLoader Loading environment from /home/runner/work/key/key/key.core/../key.ui/examples/heap/block_contracts/Simple__unnecessaryLoopInvariant.key 
73327      DEBUG main            d.u.i.k.p.i.AbstractProblemLoader Environment load took 354.02ns 
73329      INFO  main            d.u.i.k.p.i.AbstractProblemLoader Creating init config 
76816      DEBUG main            d.u.i.k.p.i.AbstractProblemLoader Init config took 3.49s 
76862      INFO  main            d.u.i.k.p.i.AbstractProblemLoader Replaying proof Simple[Simple::unnecessaryLoopInvariant()].JML operation contract.0 
76864      DEBUG main            d.u.i.k.p.i.IntermediateProofReplayer Proof replay took 14.2ns 
76966      INFO  main            d.u.i.k.p.r.p.TestFile    ... finished proof: closed. 
77190      INFO  main            d.u.i.k.p.i.AbstractProblemLoader Loading environment from /home/runner/work/key/key/key.core/../key.ui/examples/heap/block_contracts/Simple__unnecessaryLoopInvariant.key.proof 
77190      DEBUG main            d.u.i.k.p.i.AbstractProblemLoader Environment load took 125.21ns 
77191      INFO  main            d.u.i.k.p.i.AbstractProblemLoader Creating init config 
80621      DEBUG main            d.u.i.k.p.i.AbstractProblemLoader Init config took 3.43s 
80666      INFO  main            d.u.i.k.p.i.AbstractProblemLoader Replaying proof Simple[Simple::unnecessaryLoopInvariant()].JML operation contract.0 
80682      DEBUG main            d.u.i.k.p.i.IntermediateProofReplayer Proof replay took 13.67ms 
80683      DEBUG main            d.u.i.k.p.r.p.TestFile    ... success: reloaded. 
80684      INFO  main            d.u.i.k.p.r.p.TestFile    Now processing file /home/runner/work/key/key/key.core/../key.ui/examples/standard_key/java_dl/jml-assert/assert.key 
80685      INFO  main            d.u.i.k.p.i.AbstractProblemLoader Loading environment from /home/runner/work/key/key/key.core/../key.ui/examples/standard_key/java_dl/jml-assert/assert.key 
80685      DEBUG main            d.u.i.k.p.i.AbstractProblemLoader Environment load took 99.61ns 
80687      INFO  main            d.u.i.k.p.i.AbstractProblemLoader Creating init config 
83791      DEBUG main            d.u.i.k.p.i.AbstractProblemLoader Init config took 3.1s 
83840      INFO  main            d.u.i.k.p.i.AbstractProblemLoader Replaying proof Assert[Assert::createArray(int)].JML normal_behavior operation contract.0 
83844      DEBUG main            d.u.i.k.p.i.IntermediateProofReplayer Proof replay took 7.9ns 
84147      INFO  main            d.u.i.k.p.r.p.TestFile    ... finished proof: closed. 
84391      INFO  main            d.u.i.k.p.i.AbstractProblemLoader Loading environment from /home/runner/work/key/key/key.core/../key.ui/examples/standard_key/java_dl/jml-assert/assert.key.proof 
84392      DEBUG main            d.u.i.k.p.i.AbstractProblemLoader Environment load took 173.71ns 
84393      INFO  main            d.u.i.k.p.i.AbstractProblemLoader Creating init config 
87519      DEBUG main            d.u.i.k.p.i.AbstractProblemLoader Init config took 3.13s 
87564      INFO  main            d.u.i.k.p.i.AbstractProblemLoader Replaying proof Assert[Assert::createArray(int)].JML normal_behavior operation contract.0 
87619      DEBUG main            d.u.i.k.p.i.IntermediateProofReplayer Proof replay took 52.45ms 
87620      DEBUG main            d.u.i.k.p.r.p.TestFile    ... success: reloaded. 
87622      INFO  main            d.u.i.k.p.r.p.TestFile    Now processing file /home/runner/work/key/key/key.core/../key.ui/examples/standard_key/java_dl/jml-assert/assert_assume_order.key 
87622      INFO  main            d.u.i.k.p.i.AbstractProblemLoader Loading environment from /home/runner/work/key/key/key.core/../key.ui/examples/standard_key/java_dl/jml-assert/assert_assume_order.key 
87622      DEBUG main            d.u.i.k.p.i.AbstractProblemLoader Environment load took 122.01ns 
87623      INFO  main            d.u.i.k.p.i.AbstractProblemLoader Creating init config 
90770      DEBUG main            d.u.i.k.p.i.AbstractProblemLoader Init config took 3.15s 
90813      INFO  main            d.u.i.k.p.i.AbstractProblemLoader Replaying proof AssertAssume[AssertAssume::singleAssumeAssert(int)].JML normal_behavior operation contract.0 
90815      DEBUG main            d.u.i.k.p.i.IntermediateProofReplayer Proof replay took 8.4ns 
90920      INFO  main            d.u.i.k.p.r.p.TestFile    ... finished proof: closed. 
91137      INFO  main            d.u.i.k.p.i.AbstractProblemLoader Loading environment from /home/runner/work/key/key/key.core/../key.ui/examples/standard_key/java_dl/jml-assert/assert_assume_order.key.proof 
91137      DEBUG main            d.u.i.k.p.i.AbstractProblemLoader Environment load took 132.31ns 
91138      INFO  main            d.u.i.k.p.i.AbstractProblemLoader Creating init config 
94128      DEBUG main            d.u.i.k.p.i.AbstractProblemLoader Init config took 2.99s 
94170      INFO  main            d.u.i.k.p.i.AbstractProblemLoader Replaying proof AssertAssume[AssertAssume::singleAssumeAssert(int)].JML normal_behavior operation contract.0 
94181      DEBUG main            d.u.i.k.p.i.IntermediateProofReplayer Proof replay took 8.9ms 
94182      DEBUG main            d.u.i.k.p.r.p.TestFile    ... success: reloaded. 
94183      INFO  main            d.u.i.k.p.r.p.TestFile    Now processing file /home/runner/work/key/key/key.core/../key.ui/examples/heap/block_loop_contracts/SimpleVariants/sum_onBlock_external.key 
94184      INFO  main            d.u.i.k.p.i.AbstractProblemLoader Loading environment from /home/runner/work/key/key/key.core/../key.ui/examples/heap/block_loop_contracts/SimpleVariants/sum_onBlock_external.key 
94184      DEBUG main            d.u.i.k.p.i.AbstractProblemLoader Environment load took 307.22ns 
94185      INFO  main            d.u.i.k.p.i.AbstractProblemLoader Creating init config 
97613      DEBUG main            d.u.i.k.p.i.AbstractProblemLoader Init config took 3.43s 
97653      INFO  main            d.u.i.k.p.i.AbstractProblemLoader Replaying proof LoopContractExamplesAll[LoopContractExamplesAll::sum_loopContract_onBlock([I)].JML normal_behavior operation contract.0 
97656      DEBUG main            d.u.i.k.p.i.IntermediateProofReplayer Proof replay took 14.7ns 
97860      INFO  main            d.u.i.k.p.r.p.TestFile    ... finished proof: closed. 
98128      INFO  main            d.u.i.k.p.i.AbstractProblemLoader Loading environment from /home/runner/work/key/key/key.core/../key.ui/examples/heap/block_loop_contracts/SimpleVariants/sum_onBlock_external.key.proof 
98128      DEBUG main            d.u.i.k.p.i.AbstractProblemLoader Environment load took 133.11ns 
98129      INFO  main            d.u.i.k.p.i.AbstractProblemLoader Creating init config 
101450     DEBUG main            d.u.i.k.p.i.AbstractProblemLoader Init config took 3.32s 
101500     INFO  main            d.u.i.k.p.i.AbstractProblemLoader Replaying proof LoopContractExamplesAll[LoopContractExamplesAll::sum_loopContract_onBlock([I)].JML normal_behavior operation contract.0 
101540     DEBUG main            d.u.i.k.p.i.IntermediateProofReplayer Proof replay took 38.46ms 
101541     DEBUG main            d.u.i.k.p.r.p.TestFile    ... success: reloaded. 
101542     INFO  main            d.u.i.k.p.r.p.TestFile    Now processing file /home/runner/work/key/key/key.core/../key.ui/examples/heap/block_loop_contracts/SimpleVariants/sum_onBlock_internal.key 
101543     INFO  main            d.u.i.k.p.i.AbstractProblemLoader Loading environment from /home/runner/work/key/key/key.core/../key.ui/examples/heap/block_loop_contracts/SimpleVariants/sum_onBlock_internal.key 
101543     DEBUG main            d.u.i.k.p.i.AbstractProblemLoader Environment load took 106.01ns 
101544     INFO  main            d.u.i.k.p.i.AbstractProblemLoader Creating init config 
104874     DEBUG main            d.u.i.k.p.i.AbstractProblemLoader Init config took 3.33s 
104917     INFO  main            d.u.i.k.p.i.AbstractProblemLoader Replaying proof LoopContractExamplesAll[LoopContractExamplesAll::sum_loopContract_onBlock([I)].JML normal_behavior operation contract.0 
104920     DEBUG main            d.u.i.k.p.i.IntermediateProofReplayer Proof replay took 15ns 
105731     INFO  main            d.u.i.k.p.r.p.TestFile    ... finished proof: closed. 
106039     INFO  main            d.u.i.k.p.i.AbstractProblemLoader Loading environment from /home/runner/work/key/key/key.core/../key.ui/examples/heap/block_loop_contracts/SimpleVariants/sum_onBlock_internal.key.proof 
106039     DEBUG main            d.u.i.k.p.i.AbstractProblemLoader Environment load took 576.43ns 
106041     INFO  main            d.u.i.k.p.i.AbstractProblemLoader Creating init config 
109348     DEBUG main            d.u.i.k.p.i.AbstractProblemLoader Init config took 3.31s 
109389     INFO  main            d.u.i.k.p.i.AbstractProblemLoader Replaying proof LoopContractExamplesAll[LoopContractExamplesAll::sum_loopContract_onBlock([I)].JML normal_behavior operation contract.0 
109696     DEBUG main            d.u.i.k.p.i.IntermediateProofReplayer Proof replay took 303.42ms 
109697     DEBUG main            d.u.i.k.p.r.p.TestFile    ... success: reloaded. 
109698     INFO  main            d.u.i.k.p.r.p.TestFile    Now processing file /home/runner/work/key/key/key.core/../key.ui/examples/heap/block_loop_contracts/SimpleVariants/sum_onBlock_loop.key 
109699     INFO  main            d.u.i.k.p.i.AbstractProblemLoader Loading environment from /home/runner/work/key/key/key.core/../key.ui/examples/heap/block_loop_contracts/SimpleVariants/sum_onBlock_loop.key 
109699     DEBUG main            d.u.i.k.p.i.AbstractProblemLoader Environment load took 155.01ns 
109700     INFO  main            d.u.i.k.p.i.AbstractProblemLoader Creating init config 
113109     DEBUG main            d.u.i.k.p.i.AbstractProblemLoader Init config took 3.41s 
113161     INFO  main            d.u.i.k.p.i.AbstractProblemLoader Replaying proof LoopContractExamplesAll[LoopContractExamplesAll::sum_loopContract_onBlock([I)].JML normal_behavior loop contract.0 
113164     DEBUG main            d.u.i.k.p.i.IntermediateProofReplayer Proof replay took 29.8ns 
114068     INFO  main            d.u.i.k.p.r.p.TestFile    ... finished proof: closed. 
114454     INFO  main            d.u.i.k.p.i.AbstractProblemLoader Loading environment from /home/runner/work/key/key/key.core/../key.ui/examples/heap/block_loop_contracts/SimpleVariants/sum_onBlock_loop.key.proof 
114454     DEBUG main            d.u.i.k.p.i.AbstractProblemLoader Environment load took 595.13ns 
114456     INFO  main            d.u.i.k.p.i.AbstractProblemLoader Creating init config 
117718     DEBUG main            d.u.i.k.p.i.AbstractProblemLoader Init config took 3.26s 
117759     INFO  main            d.u.i.k.p.i.AbstractProblemLoader Replaying proof LoopContractExamplesAll[LoopContractExamplesAll::sum_loopContract_onBlock([I)].JML normal_behavior loop contract.0 
118048     DEBUG main            d.u.i.k.p.i.IntermediateProofReplayer Proof replay took 285.12ms 
118050     DEBUG main            d.u.i.k.p.r.p.TestFile    ... success: reloaded. 
118051     INFO  main            d.u.i.k.p.r.p.TestFile    Now processing file /home/runner/work/key/key/key.core/../key.ui/examples/heap/block_loop_contracts/SimpleVariants/sum_onLoop_external.key 
118052     INFO  main            d.u.i.k.p.i.AbstractProblemLoader Loading environment from /home/runner/work/key/key/key.core/../key.ui/examples/heap/block_loop_contracts/SimpleVariants/sum_onLoop_external.key 
118052     DEBUG main            d.u.i.k.p.i.AbstractProblemLoader Environment load took 269.31ns 
118053     INFO  main            d.u.i.k.p.i.AbstractProblemLoader Creating init config 
121288     DEBUG main            d.u.i.k.p.i.AbstractProblemLoader Init config took 3.23s 
121328     INFO  main            d.u.i.k.p.i.AbstractProblemLoader Replaying proof LoopContractExamplesAll[LoopContractExamplesAll::sum_loopContract_onLoop([I)].JML normal_behavior operation contract.0 
121330     DEBUG main            d.u.i.k.p.i.IntermediateProofReplayer Proof replay took 15.8ns 
121532     INFO  main            d.u.i.k.p.r.p.TestFile    ... finished proof: closed. 
121841     INFO  main            d.u.i.k.p.i.AbstractProblemLoader Loading environment from /home/runner/work/key/key/key.core/../key.ui/examples/heap/block_loop_contracts/SimpleVariants/sum_onLoop_external.key.proof 
121841     DEBUG main            d.u.i.k.p.i.AbstractProblemLoader Environment load took 132.81ns 
121842     INFO  main            d.u.i.k.p.i.AbstractProblemLoader Creating init config 
125148     DEBUG main            d.u.i.k.p.i.AbstractProblemLoader Init config took 3.31s 
125188     INFO  main            d.u.i.k.p.i.AbstractProblemLoader Replaying proof LoopContractExamplesAll[LoopContractExamplesAll::sum_loopContract_onLoop([I)].JML normal_behavior operation contract.0 
125223     DEBUG main            d.u.i.k.p.i.IntermediateProofReplayer Proof replay took 33.23ms 
125224     DEBUG main            d.u.i.k.p.r.p.TestFile    ... success: reloaded. 
125225     INFO  main            d.u.i.k.p.r.p.TestFile    Now processing file /home/runner/work/key/key/key.core/../key.ui/examples/heap/block_loop_contracts/SimpleVariants/sum_onLoop_internal.key 
125226     INFO  main            d.u.i.k.p.i.AbstractProblemLoader Loading environment from /home/runner/work/key/key/key.core/../key.ui/examples/heap/block_loop_contracts/SimpleVariants/sum_onLoop_internal.key 
125226     DEBUG main            d.u.i.k.p.i.AbstractProblemLoader Environment load took 103.71ns 
125227     INFO  main            d.u.i.k.p.i.AbstractProblemLoader Creating init config 
128495     DEBUG main            d.u.i.k.p.i.AbstractProblemLoader Init config took 3.27s 
128535     INFO  main            d.u.i.k.p.i.AbstractProblemLoader Replaying proof LoopContractExamplesAll[LoopContractExamplesAll::sum_loopContract_onLoop([I)].JML normal_behavior operation contract.0 
128536     DEBUG main            d.u.i.k.p.i.IntermediateProofReplayer Proof replay took 14.8ns 
129241     INFO  main            d.u.i.k.p.r.p.TestFile    ... finished proof: closed. 
129567     INFO  main            d.u.i.k.p.i.AbstractProblemLoader Loading environment from /home/runner/work/key/key/key.core/../key.ui/examples/heap/block_loop_contracts/SimpleVariants/sum_onLoop_internal.key.proof 
129568     DEBUG main            d.u.i.k.p.i.AbstractProblemLoader Environment load took 552.03ns 
129569     INFO  main            d.u.i.k.p.i.AbstractProblemLoader Creating init config 
132744     DEBUG main            d.u.i.k.p.i.AbstractProblemLoader Init config took 3.18s 
132786     INFO  main            d.u.i.k.p.i.AbstractProblemLoader Replaying proof LoopContractExamplesAll[LoopContractExamplesAll::sum_loopContract_onLoop([I)].JML normal_behavior operation contract.0 
133072     DEBUG main            d.u.i.k.p.i.IntermediateProofReplayer Proof replay took 281.39ms 
133073     DEBUG main            d.u.i.k.p.r.p.TestFile    ... success: reloaded. 
133074     INFO  main            d.u.i.k.p.r.p.TestFile    Now processing file /home/runner/work/key/key/key.core/../key.ui/examples/heap/block_loop_contracts/SimpleVariants/sum_onLoop_loop.key 
133075     INFO  main            d.u.i.k.p.i.AbstractProblemLoader Loading environment from /home/runner/work/key/key/key.core/../key.ui/examples/heap/block_loop_contracts/SimpleVariants/sum_onLoop_loop.key 
133075     DEBUG main            d.u.i.k.p.i.AbstractProblemLoader Environment load took 268.21ns 
133076     INFO  main            d.u.i.k.p.i.AbstractProblemLoader Creating init config 
136375     DEBUG main            d.u.i.k.p.i.AbstractProblemLoader Init config took 3.3s 
136416     INFO  main            d.u.i.k.p.i.AbstractProblemLoader Replaying proof LoopContractExamplesAll[LoopContractExamplesAll::sum_loopContract_onLoop([I)].JML normal_behavior loop contract.0 
136420     DEBUG main            d.u.i.k.p.i.IntermediateProofReplayer Proof replay took 16ns 
137426     INFO  main            d.u.i.k.p.r.p.TestFile    ... finished proof: closed. 
137762     INFO  main            d.u.i.k.p.i.AbstractProblemLoader Loading environment from /home/runner/work/key/key/key.core/../key.ui/examples/heap/block_loop_contracts/SimpleVariants/sum_onLoop_loop.key.proof 
137765     DEBUG main            d.u.i.k.p.i.AbstractProblemLoader Environment load took 3.03ms 
137767     INFO  main            d.u.i.k.p.i.AbstractProblemLoader Creating init config 
141121     DEBUG main            d.u.i.k.p.i.AbstractProblemLoader Init config took 3.35s 
141171     INFO  main            d.u.i.k.p.i.AbstractProblemLoader Replaying proof LoopContractExamplesAll[LoopContractExamplesAll::sum_loopContract_onLoop([I)].JML normal_behavior loop contract.0 
141472     DEBUG main            d.u.i.k.p.i.IntermediateProofReplayer Proof replay took 296.38ms 
141473     DEBUG main            d.u.i.k.p.r.p.TestFile    ... success: reloaded. 
141475     INFO  main            d.u.i.k.p.r.p.TestFile    Now processing file /home/runner/work/key/key/key.core/../key.ui/examples/heap/block_loop_contracts/Free/blockContracts0.key 
141475     INFO  main            d.u.i.k.p.i.AbstractProblemLoader Loading environment from /home/runner/work/key/key/key.core/../key.ui/examples/heap/block_loop_contracts/Free/blockContracts0.key 
141476     DEBUG main            d.u.i.k.p.i.AbstractProblemLoader Environment load took 328.12ns 
141477     INFO  main            d.u.i.k.p.i.AbstractProblemLoader Creating init config 
144582     DEBUG main            d.u.i.k.p.i.AbstractProblemLoader Init config took 3.1s 
144626     INFO  main            d.u.i.k.p.i.AbstractProblemLoader Replaying proof FreeConditions[FreeConditions::blockContract0()].JML normal_behavior operation contract.0 
144628     DEBUG main            d.u.i.k.p.i.IntermediateProofReplayer Proof replay took 16.5ns 
144831     INFO  main            d.u.i.k.p.r.p.TestFile    ... finished proof: closed. 
145153     INFO  main            d.u.i.k.p.i.AbstractProblemLoader Loading environment from /home/runner/work/key/key/key.core/../key.ui/examples/heap/block_loop_contracts/Free/blockContracts0.key.proof 
145153     DEBUG main            d.u.i.k.p.i.AbstractProblemLoader Environment load took 123.61ns 
145154     INFO  main            d.u.i.k.p.i.AbstractProblemLoader Creating init config 
148187     DEBUG main            d.u.i.k.p.i.AbstractProblemLoader Init config took 3.03s 
148232     INFO  main            d.u.i.k.p.i.AbstractProblemLoader Replaying proof FreeConditions[FreeConditions::blockContract0()].JML normal_behavior operation contract.0 
148258     DEBUG main            d.u.i.k.p.i.IntermediateProofReplayer Proof replay took 23.79ms 
148259     DEBUG main            d.u.i.k.p.r.p.TestFile    ... success: reloaded. 
148260     INFO  main            d.u.i.k.p.r.p.TestFile    Now processing file /home/runner/work/key/key/key.core/../key.ui/examples/heap/block_loop_contracts/Free/blockContracts1.key 
148260     INFO  main            d.u.i.k.p.i.AbstractProblemLoader Loading environment from /home/runner/work/key/key/key.core/../key.ui/examples/heap/block_loop_contracts/Free/blockContracts1.key 
148261     DEBUG main            d.u.i.k.p.i.AbstractProblemLoader Environment load took 244.91ns 
148261     INFO  main            d.u.i.k.p.i.AbstractProblemLoader Creating init config 
151197     DEBUG main            d.u.i.k.p.i.AbstractProblemLoader Init config took 2.94s 
151235     INFO  main            d.u.i.k.p.i.AbstractProblemLoader Replaying proof FreeConditions[FreeConditions::blockContract1()].JML normal_behavior operation contract.0 
151236     DEBUG main            d.u.i.k.p.i.IntermediateProofReplayer Proof replay took 15.2ns 
151342     INFO  main            d.u.i.k.p.r.p.TestFile    ... finished proof: closed. 
151658     INFO  main            d.u.i.k.p.i.AbstractProblemLoader Loading environment from /home/runner/work/key/key/key.core/../key.ui/examples/heap/block_loop_contracts/Free/blockContracts1.key.proof 
151658     DEBUG main            d.u.i.k.p.i.AbstractProblemLoader Environment load took 120.71ns 
151659     INFO  main            d.u.i.k.p.i.AbstractProblemLoader Creating init config 
154496     DEBUG main            d.u.i.k.p.i.AbstractProblemLoader Init config took 2.84s 
154536     INFO  main            d.u.i.k.p.i.AbstractProblemLoader Replaying proof FreeConditions[FreeConditions::blockContract1()].JML normal_behavior operation contract.0 
154557     DEBUG main            d.u.i.k.p.i.IntermediateProofReplayer Proof replay took 19.62ms 
154558     DEBUG main            d.u.i.k.p.r.p.TestFile    ... success: reloaded. 
154559     INFO  main            d.u.i.k.p.r.p.TestFile    Now processing file /home/runner/work/key/key/key.core/../key.ui/examples/heap/block_loop_contracts/Finally/block_finally.key 
154560     INFO  main            d.u.i.k.p.i.AbstractProblemLoader Loading environment from /home/runner/work/key/key/key.core/../key.ui/examples/heap/block_loop_contracts/Finally/block_finally.key 
154560     DEBUG main            d.u.i.k.p.i.AbstractProblemLoader Environment load took 110.31ns 
154561     INFO  main            d.u.i.k.p.i.AbstractProblemLoader Creating init config 
157397     DEBUG main            d.u.i.k.p.i.AbstractProblemLoader Init config took 2.84s 
157437     INFO  main            d.u.i.k.p.i.AbstractProblemLoader Replaying proof AuxiliaryContractsFinally[AuxiliaryContractsFinally::breakThrowContinueBlockContract(java.lang.Exception)].JML block contract.0 
157439     DEBUG main            d.u.i.k.p.i.IntermediateProofReplayer Proof replay took 16.1ns 
158150     INFO  main            d.u.i.k.p.r.p.TestFile    ... finished proof: open goal(s) 
158511     INFO  main            d.u.i.k.p.r.p.TestFile    Now processing file /home/runner/work/key/key/key.core/../key.ui/examples/heap/block_loop_contracts/Finally/loop_finally.key 
158511     INFO  main            d.u.i.k.p.i.AbstractProblemLoader Loading environment from /home/runner/work/key/key/key.core/../key.ui/examples/heap/block_loop_contracts/Finally/loop_finally.key 
158511     DEBUG main            d.u.i.k.p.i.AbstractProblemLoader Environment load took 64.4ns 
158513     INFO  main            d.u.i.k.p.i.AbstractProblemLoader Creating init config 
161326     DEBUG main            d.u.i.k.p.i.AbstractProblemLoader Init config took 2.81s 
161368     INFO  main            d.u.i.k.p.i.AbstractProblemLoader Replaying proof AuxiliaryContractsFinally[AuxiliaryContractsFinally::breakThrowContinueLoopContract(java.lang.Exception)].JML normal_behavior loop contract.0 
161370     DEBUG main            d.u.i.k.p.i.IntermediateProofReplayer Proof replay took 15.7ns 
162083     INFO  main            d.u.i.k.p.r.p.TestFile    ... finished proof: open goal(s) 
745718     INFO  Test worker     d.u.i.k.p.r.RunAllProofsTestUnit Returning from test blockContracts 
745720     INFO  Test worker     d.u.i.k.p.r.RunAllProofsTestUnit Running test jmlAsserts 
422        INFO  Timeout watchdog d.u.i.k.p.r.p.ForkedTestFileRunner Timeout watcher launched (2000 secs.) 
437        WARN  main            d.u.i.k.s.ProofSettings   The settings in /home/runner/.key/proof-settings.props are *not* read. 
479        INFO  main            d.u.i.k.p.r.p.TestFile    Now processing file /home/runner/work/key/key/key.core/../key.ui/examples/standard_key/java_dl/jml-assert/assert.key 
609        INFO  main            d.u.i.k.p.i.AbstractProblemLoader Loading environment from /home/runner/work/key/key/key.core/../key.ui/examples/standard_key/java_dl/jml-assert/assert.key 
629        DEBUG main            d.u.i.k.p.i.AbstractProblemLoader Environment load took 2.27ms 
943        INFO  main            d.u.i.k.p.i.AbstractProblemLoader Creating init config 
2105       DEBUG main            d.u.i.k.j.TypeConverter   No LDT found for Meta 
2105       DEBUG main            d.u.i.k.j.TypeConverter   No LDT found for Meta 
2109       DEBUG main            d.u.i.k.j.TypeConverter   No LDT found for Meta 
2109       DEBUG main            d.u.i.k.j.TypeConverter   No LDT found for Meta 
3764       DEBUG main            d.u.i.k.j.TypeConverter   No LDT found for JavaBigintExpression 
9949       DEBUG main            d.u.i.k.p.i.AbstractProblemLoader Init config took 9s 
10109      INFO  main            d.u.i.k.p.i.AbstractProblemLoader Replaying proof Assert[Assert::createArray(int)].JML normal_behavior operation contract.0 
10149      DEBUG main            d.u.i.k.p.i.IntermediateProofReplayer Proof replay took 40.2ns 
11284      INFO  main            d.u.i.k.p.r.p.TestFile    ... finished proof: closed. 
11450      INFO  main            d.u.i.k.p.i.AbstractProblemLoader Loading environment from /home/runner/work/key/key/key.core/../key.ui/examples/standard_key/java_dl/jml-assert/assert.key.proof 
11451      DEBUG main            d.u.i.k.p.i.AbstractProblemLoader Environment load took 605.53ns 
11453      INFO  main            d.u.i.k.p.i.AbstractProblemLoader Creating init config 
14894      DEBUG main            d.u.i.k.p.i.AbstractProblemLoader Init config took 3.44s 
15012      INFO  main            d.u.i.k.p.i.AbstractProblemLoader Replaying proof Assert[Assert::createArray(int)].JML normal_behavior operation contract.0 
15155      DEBUG main            d.u.i.k.p.i.IntermediateProofReplayer Proof replay took 129.16ms 
15164      DEBUG main            d.u.i.k.p.r.p.TestFile    ... success: reloaded. 
15166      INFO  main            d.u.i.k.p.r.p.TestFile    Now processing file /home/runner/work/key/key/key.core/../key.ui/examples/heap/block_loop_contracts/Free/assertions0.key 
15167      INFO  main            d.u.i.k.p.i.AbstractProblemLoader Loading environment from /home/runner/work/key/key/key.core/../key.ui/examples/heap/block_loop_contracts/Free/assertions0.key 
15167      DEBUG main            d.u.i.k.p.i.AbstractProblemLoader Environment load took 354.52ns 
15169      INFO  main            d.u.i.k.p.i.AbstractProblemLoader Creating init config 
18404      DEBUG main            d.u.i.k.p.i.AbstractProblemLoader Init config took 3.23s 
18488      INFO  main            d.u.i.k.p.i.AbstractProblemLoader Replaying proof FreeConditions[FreeConditions::assertions0()].JML normal_behavior operation contract.0 
18493      DEBUG main            d.u.i.k.p.i.IntermediateProofReplayer Proof replay took 18.3ns 
18697      INFO  main            d.u.i.k.p.r.p.TestFile    ... finished proof: closed. 
18850      INFO  main            d.u.i.k.p.i.AbstractProblemLoader Loading environment from /home/runner/work/key/key/key.core/../key.ui/examples/heap/block_loop_contracts/Free/assertions0.key.proof 
18850      DEBUG main            d.u.i.k.p.i.AbstractProblemLoader Environment load took 145.51ns 
18855      INFO  main            d.u.i.k.p.i.AbstractProblemLoader Creating init config 
21911      DEBUG main            d.u.i.k.p.i.AbstractProblemLoader Init config took 3.06s 
21983      INFO  main            d.u.i.k.p.i.AbstractProblemLoader Replaying proof FreeConditions[FreeConditions::assertions0()].JML normal_behavior operation contract.0 
22013      DEBUG main            d.u.i.k.p.i.IntermediateProofReplayer Proof replay took 26.75ms 
22014      DEBUG main            d.u.i.k.p.r.p.TestFile    ... success: reloaded. 
22016      INFO  main            d.u.i.k.p.r.p.TestFile    Now processing file /home/runner/work/key/key/key.core/../key.ui/examples/heap/block_loop_contracts/Free/assertions1.key 
22017      INFO  main            d.u.i.k.p.i.AbstractProblemLoader Loading environment from /home/runner/work/key/key/key.core/../key.ui/examples/heap/block_loop_contracts/Free/assertions1.key 
22017      DEBUG main            d.u.i.k.p.i.AbstractProblemLoader Environment load took 371.52ns 
22019      INFO  main            d.u.i.k.p.i.AbstractProblemLoader Creating init config 
25093      DEBUG main            d.u.i.k.p.i.AbstractProblemLoader Init config took 3.07s 
25149      INFO  main            d.u.i.k.p.i.AbstractProblemLoader Replaying proof FreeConditions[FreeConditions::assertions1()].JML normal_behavior operation contract.0 
25152      DEBUG main            d.u.i.k.p.i.IntermediateProofReplayer Proof replay took 26.7ns 
25254      INFO  main            d.u.i.k.p.r.p.TestFile    ... finished proof: closed. 
25451      INFO  main            d.u.i.k.p.i.AbstractProblemLoader Loading environment from /home/runner/work/key/key/key.core/../key.ui/examples/heap/block_loop_contracts/Free/assertions1.key.proof 
25451      DEBUG main            d.u.i.k.p.i.AbstractProblemLoader Environment load took 169.31ns 
25453      INFO  main            d.u.i.k.p.i.AbstractProblemLoader Creating init config 
28302      DEBUG main            d.u.i.k.p.i.AbstractProblemLoader Init config took 2.85s 
28351      INFO  main            d.u.i.k.p.i.AbstractProblemLoader Replaying proof FreeConditions[FreeConditions::assertions1()].JML normal_behavior operation contract.0 
28359      DEBUG main            d.u.i.k.p.i.IntermediateProofReplayer Proof replay took 6.06ms 
28360      DEBUG main            d.u.i.k.p.r.p.TestFile    ... success: reloaded. 
28361      INFO  main            d.u.i.k.p.r.p.TestFile    Now processing file /home/runner/work/key/key/key.core/../key.ui/examples/standard_key/java_dl/jml-assert/recursion-assert.key 
28362      INFO  main            d.u.i.k.p.i.AbstractProblemLoader Loading environment from /home/runner/work/key/key/key.core/../key.ui/examples/standard_key/java_dl/jml-assert/recursion-assert.key 
28362      DEBUG main            d.u.i.k.p.i.AbstractProblemLoader Environment load took 138.51ns 
28363      INFO  main            d.u.i.k.p.i.AbstractProblemLoader Creating init config 
31461      DEBUG main            d.u.i.k.p.i.AbstractProblemLoader Init config took 3.1s 
31513      INFO  main            d.u.i.k.p.i.AbstractProblemLoader Replaying proof RecursiveMethod[RecursiveMethod::fac1(int)].JML normal_behavior operation contract.0 
31515      DEBUG main            d.u.i.k.p.i.IntermediateProofReplayer Proof replay took 6.7ns 
31718      INFO  main            d.u.i.k.p.r.p.TestFile    ... finished proof: closed. 
31921      INFO  main            d.u.i.k.p.i.AbstractProblemLoader Loading environment from /home/runner/work/key/key/key.core/../key.ui/examples/standard_key/java_dl/jml-assert/recursion-assert.key.proof 
31922      DEBUG main            d.u.i.k.p.i.AbstractProblemLoader Environment load took 616.13ns 
31923      INFO  main            d.u.i.k.p.i.AbstractProblemLoader Creating init config 
34978      DEBUG main            d.u.i.k.p.i.AbstractProblemLoader Init config took 3.06s 
35031      INFO  main            d.u.i.k.p.i.AbstractProblemLoader Replaying proof RecursiveMethod[RecursiveMethod::fac1(int)].JML normal_behavior operation contract.0 
35097      DEBUG main            d.u.i.k.p.i.IntermediateProofReplayer Proof replay took 62.52ms 
35099      DEBUG main            d.u.i.k.p.r.p.TestFile    ... success: reloaded. 
35100      INFO  main            d.u.i.k.p.r.p.TestFile    Now processing file /home/runner/work/key/key/key.core/../key.ui/examples/standard_key/java_dl/jml-assert/recursion-assume.key 
35101      INFO  main            d.u.i.k.p.i.AbstractProblemLoader Loading environment from /home/runner/work/key/key/key.core/../key.ui/examples/standard_key/java_dl/jml-assert/recursion-assume.key 
35101      DEBUG main            d.u.i.k.p.i.AbstractProblemLoader Environment load took 307.02ns 
35102      INFO  main            d.u.i.k.p.i.AbstractProblemLoader Creating init config 
38221      DEBUG main            d.u.i.k.p.i.AbstractProblemLoader Init config took 3.12s 
38321      INFO  main            d.u.i.k.p.i.AbstractProblemLoader Replaying proof RecursiveMethod[RecursiveMethod::fac2(int)].JML normal_behavior operation contract.0 
38324      DEBUG main            d.u.i.k.p.i.IntermediateProofReplayer Proof replay took 8.4ns 
38526      INFO  main            d.u.i.k.p.r.p.TestFile    ... finished proof: closed. 
38725      INFO  main            d.u.i.k.p.i.AbstractProblemLoader Loading environment from /home/runner/work/key/key/key.core/../key.ui/examples/standard_key/java_dl/jml-assert/recursion-assume.key.proof 
38726      DEBUG main            d.u.i.k.p.i.AbstractProblemLoader Environment load took 144.81ns 
38727      INFO  main            d.u.i.k.p.i.AbstractProblemLoader Creating init config 
41767      DEBUG main            d.u.i.k.p.i.AbstractProblemLoader Init config took 3.04s 
41825      INFO  main            d.u.i.k.p.i.AbstractProblemLoader Replaying proof RecursiveMethod[RecursiveMethod::fac2(int)].JML normal_behavior operation contract.0 
41875      DEBUG main            d.u.i.k.p.i.IntermediateProofReplayer Proof replay took 46.74ms 
41877      DEBUG main            d.u.i.k.p.r.p.TestFile    ... success: reloaded. 
41879      INFO  main            d.u.i.k.p.r.p.TestFile    Now processing file /home/runner/work/key/key/key.core/../key.ui/examples/standard_key/java_dl/jml-assert/quantor-assert.key 
41880      INFO  main            d.u.i.k.p.i.AbstractProblemLoader Loading environment from /home/runner/work/key/key/key.core/../key.ui/examples/standard_key/java_dl/jml-assert/quantor-assert.key 
41880      DEBUG main            d.u.i.k.p.i.AbstractProblemLoader Environment load took 87.11ns 
41881      INFO  main            d.u.i.k.p.i.AbstractProblemLoader Creating init config 
45068      DEBUG main            d.u.i.k.p.i.AbstractProblemLoader Init config took 3.19s 
45129      INFO  main            d.u.i.k.p.i.AbstractProblemLoader Replaying proof Quantor[Quantor::square1(int)].JML normal_behavior operation contract.0 
45132      DEBUG main            d.u.i.k.p.i.IntermediateProofReplayer Proof replay took 7.8ns 
45235      INFO  main            d.u.i.k.p.r.p.TestFile    ... finished proof: closed. 
45441      INFO  main            d.u.i.k.p.i.AbstractProblemLoader Loading environment from /home/runner/work/key/key/key.core/../key.ui/examples/standard_key/java_dl/jml-assert/quantor-assert.key.proof 
45441      DEBUG main            d.u.i.k.p.i.AbstractProblemLoader Environment load took 152.61ns 
45442      INFO  main            d.u.i.k.p.i.AbstractProblemLoader Creating init config 
48470      DEBUG main            d.u.i.k.p.i.AbstractProblemLoader Init config took 3.03s 
48532      INFO  main            d.u.i.k.p.i.AbstractProblemLoader Replaying proof Quantor[Quantor::square1(int)].JML normal_behavior operation contract.0 
48562      DEBUG main            d.u.i.k.p.i.IntermediateProofReplayer Proof replay took 23.89ms 
48563      DEBUG main            d.u.i.k.p.r.p.TestFile    ... success: reloaded. 
48564      INFO  main            d.u.i.k.p.r.p.TestFile    Now processing file /home/runner/work/key/key/key.core/../key.ui/examples/standard_key/java_dl/jml-assert/quantor-assume.key 
48564      INFO  main            d.u.i.k.p.i.AbstractProblemLoader Loading environment from /home/runner/work/key/key/key.core/../key.ui/examples/standard_key/java_dl/jml-assert/quantor-assume.key 
48565      DEBUG main            d.u.i.k.p.i.AbstractProblemLoader Environment load took 137.41ns 
48566      INFO  main            d.u.i.k.p.i.AbstractProblemLoader Creating init config 
51675      DEBUG main            d.u.i.k.p.i.AbstractProblemLoader Init config took 3.11s 
51732      INFO  main            d.u.i.k.p.i.AbstractProblemLoader Replaying proof Quantor[Quantor::square2(int)].JML normal_behavior operation contract.0 
51734      DEBUG main            d.u.i.k.p.i.IntermediateProofReplayer Proof replay took 7.8ns 
51837      INFO  main            d.u.i.k.p.r.p.TestFile    ... finished proof: closed. 
52089      INFO  main            d.u.i.k.p.i.AbstractProblemLoader Loading environment from /home/runner/work/key/key/key.core/../key.ui/examples/standard_key/java_dl/jml-assert/quantor-assume.key.proof 
52089      DEBUG main            d.u.i.k.p.i.AbstractProblemLoader Environment load took 137.01ns 
52090      INFO  main            d.u.i.k.p.i.AbstractProblemLoader Creating init config 
55127      DEBUG main            d.u.i.k.p.i.AbstractProblemLoader Init config took 3.04s 
55180      INFO  main            d.u.i.k.p.i.AbstractProblemLoader Replaying proof Quantor[Quantor::square2(int)].JML normal_behavior operation contract.0 
55202      DEBUG main            d.u.i.k.p.i.IntermediateProofReplayer Proof replay took 18.77ms 
55203      DEBUG main            d.u.i.k.p.r.p.TestFile    ... success: reloaded. 
55205      INFO  main            d.u.i.k.p.r.p.TestFile    Now processing file /home/runner/work/key/key/key.core/../key.ui/examples/standard_key/java_dl/jml-assert/model-methods-static-static.key 
55205      INFO  main            d.u.i.k.p.i.AbstractProblemLoader Loading environment from /home/runner/work/key/key/key.core/../key.ui/examples/standard_key/java_dl/jml-assert/model-methods-static-static.key 
55206      DEBUG main            d.u.i.k.p.i.AbstractProblemLoader Environment load took 293.72ns 
55207      INFO  main            d.u.i.k.p.i.AbstractProblemLoader Creating init config 
58447      DEBUG main            d.u.i.k.p.i.AbstractProblemLoader Init config took 3.24s 
58516      INFO  main            d.u.i.k.p.i.AbstractProblemLoader Replaying proof ModelMethods[ModelMethods::test1()].JML normal_behavior operation contract.0 
58519      DEBUG main            d.u.i.k.p.i.IntermediateProofReplayer Proof replay took 8.1ns 
58621      INFO  main            d.u.i.k.p.r.p.TestFile    ... finished proof: closed. 
58857      INFO  main            d.u.i.k.p.i.AbstractProblemLoader Loading environment from /home/runner/work/key/key/key.core/../key.ui/examples/standard_key/java_dl/jml-assert/model-methods-static-static.key.proof 
58858      DEBUG main            d.u.i.k.p.i.AbstractProblemLoader Environment load took 177.71ns 
58859      INFO  main            d.u.i.k.p.i.AbstractProblemLoader Creating init config 
61928      DEBUG main            d.u.i.k.p.i.AbstractProblemLoader Init config took 3.07s 
61987      INFO  main            d.u.i.k.p.i.AbstractProblemLoader Replaying proof ModelMethods[ModelMethods::test1()].JML normal_behavior operation contract.0 
61997      DEBUG main            d.u.i.k.p.i.IntermediateProofReplayer Proof replay took 7.79ms 
61999      DEBUG main            d.u.i.k.p.r.p.TestFile    ... success: reloaded. 
62000      INFO  main            d.u.i.k.p.r.p.TestFile    Now processing file /home/runner/work/key/key/key.core/../key.ui/examples/standard_key/java_dl/jml-assert/model-methods-instance-static.key 
62000      INFO  main            d.u.i.k.p.i.AbstractProblemLoader Loading environment from /home/runner/work/key/key/key.core/../key.ui/examples/standard_key/java_dl/jml-assert/model-methods-instance-static.key 
62001      DEBUG main            d.u.i.k.p.i.AbstractProblemLoader Environment load took 287.02ns 
62002      INFO  main            d.u.i.k.p.i.AbstractProblemLoader Creating init config 
65099      DEBUG main            d.u.i.k.p.i.AbstractProblemLoader Init config took 3.1s 
65146      INFO  main            d.u.i.k.p.i.AbstractProblemLoader Replaying proof ModelMethods[ModelMethods::test2()].JML normal_behavior operation contract.0 
65152      DEBUG main            d.u.i.k.p.i.IntermediateProofReplayer Proof replay took 8.2ns 
65255      INFO  main            d.u.i.k.p.r.p.TestFile    ... finished proof: closed. 
65494      INFO  main            d.u.i.k.p.i.AbstractProblemLoader Loading environment from /home/runner/work/key/key/key.core/../key.ui/examples/standard_key/java_dl/jml-assert/model-methods-instance-static.key.proof 
65494      DEBUG main            d.u.i.k.p.i.AbstractProblemLoader Environment load took 135.31ns 
65495      INFO  main            d.u.i.k.p.i.AbstractProblemLoader Creating init config 
68487      DEBUG main            d.u.i.k.p.i.AbstractProblemLoader Init config took 2.99s 
68533      INFO  main            d.u.i.k.p.i.AbstractProblemLoader Replaying proof ModelMethods[ModelMethods::test2()].JML normal_behavior operation contract.0 
68546      DEBUG main            d.u.i.k.p.i.IntermediateProofReplayer Proof replay took 10.69ms 
68548      DEBUG main            d.u.i.k.p.r.p.TestFile    ... success: reloaded. 
68549      INFO  main            d.u.i.k.p.r.p.TestFile    Now processing file /home/runner/work/key/key/key.core/../key.ui/examples/standard_key/java_dl/jml-assert/model-methods-instance-instance.key 
68550      INFO  main            d.u.i.k.p.i.AbstractProblemLoader Loading environment from /home/runner/work/key/key/key.core/../key.ui/examples/standard_key/java_dl/jml-assert/model-methods-instance-instance.key 
68550      DEBUG main            d.u.i.k.p.i.AbstractProblemLoader Environment load took 260.71ns 
68551      INFO  main            d.u.i.k.p.i.AbstractProblemLoader Creating init config 
71648      DEBUG main            d.u.i.k.p.i.AbstractProblemLoader Init config took 3.1s 
71695      INFO  main            d.u.i.k.p.i.AbstractProblemLoader Replaying proof ModelMethods[ModelMethods::test3()].JML normal_behavior operation contract.0 
71697      DEBUG main            d.u.i.k.p.i.IntermediateProofReplayer Proof replay took 8.4ns 
71801      INFO  main            d.u.i.k.p.r.p.TestFile    ... finished proof: closed. 
72048      INFO  main            d.u.i.k.p.i.AbstractProblemLoader Loading environment from /home/runner/work/key/key/key.core/../key.ui/examples/standard_key/java_dl/jml-assert/model-methods-instance-instance.key.proof 
72048      DEBUG main            d.u.i.k.p.i.AbstractProblemLoader Environment load took 147.01ns 
72049      INFO  main            d.u.i.k.p.i.AbstractProblemLoader Creating init config 
75028      DEBUG main            d.u.i.k.p.i.AbstractProblemLoader Init config took 2.98s 
75075      INFO  main            d.u.i.k.p.i.AbstractProblemLoader Replaying proof ModelMethods[ModelMethods::test3()].JML normal_behavior operation contract.0 
75089      DEBUG main            d.u.i.k.p.i.IntermediateProofReplayer Proof replay took 12.58ms 
75091      DEBUG main            d.u.i.k.p.r.p.TestFile    ... success: reloaded. 
75092      INFO  main            d.u.i.k.p.r.p.TestFile    Now processing file /home/runner/work/key/key/key.core/../key.ui/examples/standard_key/java_dl/jml-assert/model-methods-static-instance.key 
75092      INFO  main            d.u.i.k.p.i.AbstractProblemLoader Loading environment from /home/runner/work/key/key/key.core/../key.ui/examples/standard_key/java_dl/jml-assert/model-methods-static-instance.key 
75092      DEBUG main            d.u.i.k.p.i.AbstractProblemLoader Environment load took 121.31ns 
75093      INFO  main            d.u.i.k.p.i.AbstractProblemLoader Creating init config 
78328      DEBUG main            d.u.i.k.p.i.AbstractProblemLoader Init config took 3.23s 
78376      INFO  main            d.u.i.k.p.i.AbstractProblemLoader Replaying proof ModelMethods[ModelMethods::test4()].JML normal_behavior operation contract.0 
78378      DEBUG main            d.u.i.k.p.i.IntermediateProofReplayer Proof replay took 9.4ns 
78581      INFO  main            d.u.i.k.p.r.p.TestFile    ... finished proof: closed. 
78877      INFO  main            d.u.i.k.p.i.AbstractProblemLoader Loading environment from /home/runner/work/key/key/key.core/../key.ui/examples/standard_key/java_dl/jml-assert/model-methods-static-instance.key.proof 
78877      DEBUG main            d.u.i.k.p.i.AbstractProblemLoader Environment load took 144.71ns 
78879      INFO  main            d.u.i.k.p.i.AbstractProblemLoader Creating init config 
81928      DEBUG main            d.u.i.k.p.i.AbstractProblemLoader Init config took 3.05s 
81987      INFO  main            d.u.i.k.p.i.AbstractProblemLoader Replaying proof ModelMethods[ModelMethods::test4()].JML normal_behavior operation contract.0 
82028      DEBUG main            d.u.i.k.p.i.IntermediateProofReplayer Proof replay took 38.63ms 
82029      DEBUG main            d.u.i.k.p.r.p.TestFile    ... success: reloaded. 
82031      INFO  main            d.u.i.k.p.r.p.TestFile    Now processing file /home/runner/work/key/key/key.core/../key.ui/examples/standard_key/java_dl/jml-assert/assert-old/inc-field.key 
82031      INFO  main            d.u.i.k.p.i.AbstractProblemLoader Loading environment from /home/runner/work/key/key/key.core/../key.ui/examples/standard_key/java_dl/jml-assert/assert-old/inc-field.key 
82031      DEBUG main            d.u.i.k.p.i.AbstractProblemLoader Environment load took 291.02ns 
82033      INFO  main            d.u.i.k.p.i.AbstractProblemLoader Creating init config 
84994      DEBUG main            d.u.i.k.p.i.AbstractProblemLoader Init config took 2.96s 
85049      INFO  main            d.u.i.k.p.i.AbstractProblemLoader Replaying proof Inc[Inc::inc_field()].JML normal_behavior operation contract.0 
85050      DEBUG main            d.u.i.k.p.i.IntermediateProofReplayer Proof replay took 8ns 
85253      INFO  main            d.u.i.k.p.r.p.TestFile    ... finished proof: closed. 
85521      INFO  main            d.u.i.k.p.i.AbstractProblemLoader Loading environment from /home/runner/work/key/key/key.core/../key.ui/examples/standard_key/java_dl/jml-assert/assert-old/inc-field.key.proof 
85521      DEBUG main            d.u.i.k.p.i.AbstractProblemLoader Environment load took 166.51ns 
85523      INFO  main            d.u.i.k.p.i.AbstractProblemLoader Creating init config 
88570      DEBUG main            d.u.i.k.p.i.AbstractProblemLoader Init config took 3.05s 
88612      INFO  main            d.u.i.k.p.i.AbstractProblemLoader Replaying proof Inc[Inc::inc_field()].JML normal_behavior operation contract.0 
88646      DEBUG main            d.u.i.k.p.i.IntermediateProofReplayer Proof replay took 31.22ms 
88647      DEBUG main            d.u.i.k.p.r.p.TestFile    ... success: reloaded. 
88647      INFO  main            d.u.i.k.p.r.p.TestFile    Now processing file /home/runner/work/key/key/key.core/../key.ui/examples/standard_key/java_dl/jml-assert/assert-old/inc-parameter.key 
88648      INFO  main            d.u.i.k.p.i.AbstractProblemLoader Loading environment from /home/runner/work/key/key/key.core/../key.ui/examples/standard_key/java_dl/jml-assert/assert-old/inc-parameter.key 
88648      DEBUG main            d.u.i.k.p.i.AbstractProblemLoader Environment load took 119.11ns 
88649      INFO  main            d.u.i.k.p.i.AbstractProblemLoader Creating init config 
91649      DEBUG main            d.u.i.k.p.i.AbstractProblemLoader Init config took 3s 
91692      INFO  main            d.u.i.k.p.i.AbstractProblemLoader Replaying proof Inc[Inc::inc_parameter(int)].JML normal_behavior operation contract.0 
91693      DEBUG main            d.u.i.k.p.i.IntermediateProofReplayer Proof replay took 7.8ns 
91795      INFO  main            d.u.i.k.p.r.p.TestFile    ... finished proof: closed. 
92072      INFO  main            d.u.i.k.p.i.AbstractProblemLoader Loading environment from /home/runner/work/key/key/key.core/../key.ui/examples/standard_key/java_dl/jml-assert/assert-old/inc-parameter.key.proof 
92072      DEBUG main            d.u.i.k.p.i.AbstractProblemLoader Environment load took 140.11ns 
92073      INFO  main            d.u.i.k.p.i.AbstractProblemLoader Creating init config 
94956      DEBUG main            d.u.i.k.p.i.AbstractProblemLoader Init config took 2.88s 
94997      INFO  main            d.u.i.k.p.i.AbstractProblemLoader Replaying proof Inc[Inc::inc_parameter(int)].JML normal_behavior operation contract.0 
95015      DEBUG main            d.u.i.k.p.i.IntermediateProofReplayer Proof replay took 15.23ms 
95016      DEBUG main            d.u.i.k.p.r.p.TestFile    ... success: reloaded. 
95017      INFO  main            d.u.i.k.p.r.p.TestFile    Now processing file /home/runner/work/key/key/key.core/../key.ui/examples/standard_key/java_dl/jml-assert/assert-old/inc-parameter-field.key 
95018      INFO  main            d.u.i.k.p.i.AbstractProblemLoader Loading environment from /home/runner/work/key/key/key.core/../key.ui/examples/standard_key/java_dl/jml-assert/assert-old/inc-parameter-field.key 
95018      DEBUG main            d.u.i.k.p.i.AbstractProblemLoader Environment load took 261.21ns 
95019      INFO  main            d.u.i.k.p.i.AbstractProblemLoader Creating init config 
97927      DEBUG main            d.u.i.k.p.i.AbstractProblemLoader Init config took 2.91s 
97968      INFO  main            d.u.i.k.p.i.AbstractProblemLoader Replaying proof Inc[Inc::inc_parameter_field(Inc)].JML normal_behavior operation contract.0 
97969      DEBUG main            d.u.i.k.p.i.IntermediateProofReplayer Proof replay took 7.8ns 
98174      INFO  main            d.u.i.k.p.r.p.TestFile    ... finished proof: closed. 
98465      INFO  main            d.u.i.k.p.i.AbstractProblemLoader Loading environment from /home/runner/work/key/key/key.core/../key.ui/examples/standard_key/java_dl/jml-assert/assert-old/inc-parameter-field.key.proof 
98465      DEBUG main            d.u.i.k.p.i.AbstractProblemLoader Environment load took 239.41ns 
98466      INFO  main            d.u.i.k.p.i.AbstractProblemLoader Creating init config 
101362     DEBUG main            d.u.i.k.p.i.AbstractProblemLoader Init config took 2.9s 
101405     INFO  main            d.u.i.k.p.i.AbstractProblemLoader Replaying proof Inc[Inc::inc_parameter_field(Inc)].JML normal_behavior operation contract.0 
101475     DEBUG main            d.u.i.k.p.i.IntermediateProofReplayer Proof replay took 67.14ms 
101477     DEBUG main            d.u.i.k.p.r.p.TestFile    ... success: reloaded. 
101478     INFO  main            d.u.i.k.p.r.p.TestFile    Now processing file /home/runner/work/key/key/key.core/../key.ui/examples/standard_key/java_dl/jml-assert/assert-old/inc-ghost-field.key 
101478     INFO  main            d.u.i.k.p.i.AbstractProblemLoader Loading environment from /home/runner/work/key/key/key.core/../key.ui/examples/standard_key/java_dl/jml-assert/assert-old/inc-ghost-field.key 
101478     DEBUG main            d.u.i.k.p.i.AbstractProblemLoader Environment load took 264.91ns 
101479     INFO  main            d.u.i.k.p.i.AbstractProblemLoader Creating init config 
104396     DEBUG main            d.u.i.k.p.i.AbstractProblemLoader Init config took 2.92s 
104437     INFO  main            d.u.i.k.p.i.AbstractProblemLoader Replaying proof Inc[Inc::inc_ghost_field()].JML normal_behavior operation contract.0 
104438     DEBUG main            d.u.i.k.p.i.IntermediateProofReplayer Proof replay took 7.9ns 
104641     INFO  main            d.u.i.k.p.r.p.TestFile    ... finished proof: closed. 
105030     INFO  main            d.u.i.k.p.i.AbstractProblemLoader Loading environment from /home/runner/work/key/key/key.core/../key.ui/examples/standard_key/java_dl/jml-assert/assert-old/inc-ghost-field.key.proof 
105030     DEBUG main            d.u.i.k.p.i.AbstractProblemLoader Environment load took 136.51ns 
105032     INFO  main            d.u.i.k.p.i.AbstractProblemLoader Creating init config 
107934     DEBUG main            d.u.i.k.p.i.AbstractProblemLoader Init config took 2.9s 
107975     INFO  main            d.u.i.k.p.i.AbstractProblemLoader Replaying proof Inc[Inc::inc_ghost_field()].JML normal_behavior operation contract.0 
108007     DEBUG main            d.u.i.k.p.i.IntermediateProofReplayer Proof replay took 30.46ms 
108008     DEBUG main            d.u.i.k.p.r.p.TestFile    ... success: reloaded. 
853938     INFO  Test worker     d.u.i.k.p.r.RunAllProofsTestUnit Returning from test jmlAsserts 
853940     INFO  Test worker     d.u.i.k.p.r.RunAllProofsTestUnit Running test javaCard 
456        INFO  Timeout watchdog d.u.i.k.p.r.p.ForkedTestFileRunner Timeout watcher launched (2000 secs.) 
481        WARN  main            d.u.i.k.s.ProofSettings   The settings in /home/runner/.key/proof-settings.props are *not* read. 
525        INFO  main            d.u.i.k.p.r.p.TestFile    Now processing file /home/runner/work/key/key/key.core/../key.ui/examples/heap/javacard/updateBalance0.key 
651        INFO  main            d.u.i.k.p.i.AbstractProblemLoader Loading environment from /home/runner/work/key/key/key.core/../key.ui/examples/heap/javacard/updateBalance0.key 
671        DEBUG main            d.u.i.k.p.i.AbstractProblemLoader Environment load took 2.31ms 
968        INFO  main            d.u.i.k.p.i.AbstractProblemLoader Creating init config 
2200       DEBUG main            d.u.i.k.j.TypeConverter   No LDT found for Meta 
2201       DEBUG main            d.u.i.k.j.TypeConverter   No LDT found for Meta 
2228       DEBUG main            d.u.i.k.j.TypeConverter   No LDT found for Meta 
2228       DEBUG main            d.u.i.k.j.TypeConverter   No LDT found for Meta 
3719       DEBUG main            d.u.i.k.j.TypeConverter   No LDT found for JavaBigintExpression 
7775       DEBUG main            d.u.i.k.p.i.AbstractProblemLoader Init config took 6.81s 
7929       INFO  main            d.u.i.k.p.i.AbstractProblemLoader Replaying proof Examples[Examples::updateBalance(short)].JML normal_behavior operation contract.0 
7973       DEBUG main            d.u.i.k.p.i.IntermediateProofReplayer Proof replay took 43ns 
9620       INFO  main            d.u.i.k.p.r.p.TestFile    ... finished proof: closed. 
9799       INFO  main            d.u.i.k.p.i.AbstractProblemLoader Loading environment from /home/runner/work/key/key/key.core/../key.ui/examples/heap/javacard/updateBalance0.key.proof 
9802       DEBUG main            d.u.i.k.p.i.AbstractProblemLoader Environment load took 3.09ms 
9804       INFO  main            d.u.i.k.p.i.AbstractProblemLoader Creating init config 
12007      DEBUG main            d.u.i.k.p.i.AbstractProblemLoader Init config took 2.2s 
12110      INFO  main            d.u.i.k.p.i.AbstractProblemLoader Replaying proof Examples[Examples::updateBalance(short)].JML normal_behavior operation contract.0 
12426      DEBUG main            d.u.i.k.p.i.IntermediateProofReplayer Proof replay took 307.3ms 
12440      DEBUG main            d.u.i.k.p.r.p.TestFile    ... success: reloaded. 
12449      INFO  main            d.u.i.k.p.r.p.TestFile    Now processing file /home/runner/work/key/key/key.core/../key.ui/examples/heap/javacard/updateBalance1.key 
12449      INFO  main            d.u.i.k.p.i.AbstractProblemLoader Loading environment from /home/runner/work/key/key/key.core/../key.ui/examples/heap/javacard/updateBalance1.key 
12450      DEBUG main            d.u.i.k.p.i.AbstractProblemLoader Environment load took 372.82ns 
12453      INFO  main            d.u.i.k.p.i.AbstractProblemLoader Creating init config 
14425      DEBUG main            d.u.i.k.p.i.AbstractProblemLoader Init config took 1.97s 
14480      INFO  main            d.u.i.k.p.i.AbstractProblemLoader Replaying proof Examples[Examples::updateBalance(short)].JML normal_behavior operation contract.1 
14489      DEBUG main            d.u.i.k.p.i.IntermediateProofReplayer Proof replay took 8.5ns 
15294      INFO  main            d.u.i.k.p.r.p.TestFile    ... finished proof: closed. 
15421      INFO  main            d.u.i.k.p.i.AbstractProblemLoader Loading environment from /home/runner/work/key/key/key.core/../key.ui/examples/heap/javacard/updateBalance1.key.proof 
15422      DEBUG main            d.u.i.k.p.i.AbstractProblemLoader Environment load took 432.12ns 
15423      INFO  main            d.u.i.k.p.i.AbstractProblemLoader Creating init config 
17367      DEBUG main            d.u.i.k.p.i.AbstractProblemLoader Init config took 1.94s 
17442      INFO  main            d.u.i.k.p.i.AbstractProblemLoader Replaying proof Examples[Examples::updateBalance(short)].JML normal_behavior operation contract.1 
17618      DEBUG main            d.u.i.k.p.i.IntermediateProofReplayer Proof replay took 168.93ms 
17621      DEBUG main            d.u.i.k.p.r.p.TestFile    ... success: reloaded. 
17624      INFO  main            d.u.i.k.p.r.p.TestFile    Now processing file /home/runner/work/key/key/key.core/../key.ui/examples/heap/javacard/setArray1.key 
17625      INFO  main            d.u.i.k.p.i.AbstractProblemLoader Loading environment from /home/runner/work/key/key/key.core/../key.ui/examples/heap/javacard/setArray1.key 
17626      DEBUG main            d.u.i.k.p.i.AbstractProblemLoader Environment load took 336.02ns 
17627      INFO  main            d.u.i.k.p.i.AbstractProblemLoader Creating init config 
19523      DEBUG main            d.u.i.k.p.i.AbstractProblemLoader Init config took 1.9s 
19573      INFO  main            d.u.i.k.p.i.AbstractProblemLoader Replaying proof Examples[Examples::setArray1([B)].JML normal_behavior operation contract.0 
19576      DEBUG main            d.u.i.k.p.i.IntermediateProofReplayer Proof replay took 7.5ns 
20782      INFO  main            d.u.i.k.p.r.p.TestFile    ... finished proof: closed. 
20936      INFO  main            d.u.i.k.p.i.AbstractProblemLoader Loading environment from /home/runner/work/key/key/key.core/../key.ui/examples/heap/javacard/setArray1.key.proof 
20937      DEBUG main            d.u.i.k.p.i.AbstractProblemLoader Environment load took 565.93ns 
20938      INFO  main            d.u.i.k.p.i.AbstractProblemLoader Creating init config 
22789      DEBUG main            d.u.i.k.p.i.AbstractProblemLoader Init config took 1.85s 
22837      INFO  main            d.u.i.k.p.i.AbstractProblemLoader Replaying proof Examples[Examples::setArray1([B)].JML normal_behavior operation contract.0 
23092      DEBUG main            d.u.i.k.p.i.IntermediateProofReplayer Proof replay took 249.26ms 
23095      DEBUG main            d.u.i.k.p.r.p.TestFile    ... success: reloaded. 
23097      INFO  main            d.u.i.k.p.r.p.TestFile    Now processing file /home/runner/work/key/key/key.core/../key.ui/examples/heap/javacard/setArray2.key 
23098      INFO  main            d.u.i.k.p.i.AbstractProblemLoader Loading environment from /home/runner/work/key/key/key.core/../key.ui/examples/heap/javacard/setArray2.key 
23098      DEBUG main            d.u.i.k.p.i.AbstractProblemLoader Environment load took 309.42ns 
23099      INFO  main            d.u.i.k.p.i.AbstractProblemLoader Creating init config 
24992      DEBUG main            d.u.i.k.p.i.AbstractProblemLoader Init config took 1.89s 
25059      INFO  main            d.u.i.k.p.i.AbstractProblemLoader Replaying proof Examples[Examples::setArray2([B)].JML normal_behavior operation contract.0 
25063      DEBUG main            d.u.i.k.p.i.IntermediateProofReplayer Proof replay took 8.4ns 
26369      INFO  main            d.u.i.k.p.r.p.TestFile    ... finished proof: closed. 
26527      INFO  main            d.u.i.k.p.i.AbstractProblemLoader Loading environment from /home/runner/work/key/key/key.core/../key.ui/examples/heap/javacard/setArray2.key.proof 
26528      DEBUG main            d.u.i.k.p.i.AbstractProblemLoader Environment load took 549.93ns 
26529      INFO  main            d.u.i.k.p.i.AbstractProblemLoader Creating init config 
28423      DEBUG main            d.u.i.k.p.i.AbstractProblemLoader Init config took 1.89s 
28469      INFO  main            d.u.i.k.p.i.AbstractProblemLoader Replaying proof Examples[Examples::setArray2([B)].JML normal_behavior operation contract.0 
28738      DEBUG main            d.u.i.k.p.i.IntermediateProofReplayer Proof replay took 262.25ms 
28741      DEBUG main            d.u.i.k.p.r.p.TestFile    ... success: reloaded. 
28743      INFO  main            d.u.i.k.p.r.p.TestFile    Now processing file /home/runner/work/key/key/key.core/../key.ui/examples/heap/javacard/arrayFillNonAtomic.key 
28744      INFO  main            d.u.i.k.p.i.AbstractProblemLoader Loading environment from /home/runner/work/key/key/key.core/../key.ui/examples/heap/javacard/arrayFillNonAtomic.key 
28744      DEBUG main            d.u.i.k.p.i.AbstractProblemLoader Environment load took 326.32ns 
28746      INFO  main            d.u.i.k.p.i.AbstractProblemLoader Creating init config 
30618      DEBUG main            d.u.i.k.p.i.AbstractProblemLoader Init config took 1.87s 
30692      INFO  main            d.u.i.k.p.i.AbstractProblemLoader Replaying proof javacard.framework.Util[javacard.framework.Util::arrayFillNonAtomic([B,short,short,byte)].JML behavior operation contract.0.transaction_inactive 
30694      DEBUG main            d.u.i.k.p.i.IntermediateProofReplayer Proof replay took 8.5ns 
31782      DEBUG Thread-13       d.u.i.k.l.o.ProgramSV     Match failed: Former match of  SchemaVariable incompatible with  the current match. 
31782      DEBUG Thread-13       d.u.i.k.l.o.ProgramSV     Match failed: Former match of  SchemaVariable incompatible with  the current match. 
33464      DEBUG Thread-13       d.u.i.k.l.o.ProgramSV     Match failed: Former match of  SchemaVariable incompatible with  the current match. 
33464      DEBUG Thread-13       d.u.i.k.l.o.ProgramSV     Match failed: Former match of  SchemaVariable incompatible with  the current match. 
35334      INFO  main            d.u.i.k.p.r.p.TestFile    ... finished proof: closed. 
35601      INFO  main            d.u.i.k.p.i.AbstractProblemLoader Loading environment from /home/runner/work/key/key/key.core/../key.ui/examples/heap/javacard/arrayFillNonAtomic.key.proof 
35603      DEBUG main            d.u.i.k.p.i.AbstractProblemLoader Environment load took 1.45ms 
35605      INFO  main            d.u.i.k.p.i.AbstractProblemLoader Creating init config 
37463      DEBUG main            d.u.i.k.p.i.AbstractProblemLoader Init config took 1.86s 
37558      INFO  main            d.u.i.k.p.i.AbstractProblemLoader Replaying proof javacard.framework.Util[javacard.framework.Util::arrayFillNonAtomic([B,short,short,byte)].JML behavior operation contract.0.transaction_inactive 
38778      DEBUG main            d.u.i.k.p.i.IntermediateProofReplayer Proof replay took 1.19s 
38780      DEBUG main            d.u.i.k.p.r.p.TestFile    ... success: reloaded. 
38781      INFO  main            d.u.i.k.p.r.p.TestFile    Now processing file /home/runner/work/key/key/key.core/../key.ui/examples/heap/coincidence_count/project.key 
38782      INFO  main            d.u.i.k.p.i.AbstractProblemLoader Loading environment from /home/runner/work/key/key/key.core/../key.ui/examples/heap/coincidence_count/project.key 
38782      DEBUG main            d.u.i.k.p.i.AbstractProblemLoader Environment load took 276.42ns 
38783      INFO  main            d.u.i.k.p.i.AbstractProblemLoader Creating init config 
42956      DEBUG main            d.u.i.k.p.i.AbstractProblemLoader Init config took 4.17s 
43012      INFO  main            d.u.i.k.p.i.AbstractProblemLoader Replaying proof CC[CC::calcCoinIndex([I,[I)].JML normal_behavior operation contract.0 
43017      DEBUG main            d.u.i.k.p.i.IntermediateProofReplayer Proof replay took 8.3ns 
64504      INFO  main            d.u.i.k.p.r.p.TestFile    ... finished proof: closed. 
64871      INFO  main            d.u.i.k.p.i.AbstractProblemLoader Loading environment from /home/runner/work/key/key/key.core/../key.ui/examples/heap/coincidence_count/project.key.proof 
64872      DEBUG main            d.u.i.k.p.i.AbstractProblemLoader Environment load took 567.63ns 
64876      INFO  main            d.u.i.k.p.i.AbstractProblemLoader Creating init config 
68061      DEBUG main            d.u.i.k.p.i.AbstractProblemLoader Init config took 3.18s 
68111      INFO  main            d.u.i.k.p.i.AbstractProblemLoader Replaying proof CC[CC::calcCoinIndex([I,[I)].JML normal_behavior operation contract.0 
69346      DEBUG main            d.u.i.k.p.i.IntermediateProofReplayer Proof replay took 1.17s 
69351      DEBUG main            d.u.i.k.p.r.p.TestFile    ... success: reloaded. 
69353      INFO  main            d.u.i.k.p.r.p.TestFile    Now processing file /home/runner/work/key/key/key.core/../key.ui/examples/heap/verifyThis11_1_Maximum/project.key 
69354      INFO  main            d.u.i.k.p.i.AbstractProblemLoader Loading environment from /home/runner/work/key/key/key.core/../key.ui/examples/heap/verifyThis11_1_Maximum/project.key 
69354      DEBUG main            d.u.i.k.p.i.AbstractProblemLoader Environment load took 298.12ns 
69355      INFO  main            d.u.i.k.p.i.AbstractProblemLoader Creating init config 
72521      DEBUG main            d.u.i.k.p.i.AbstractProblemLoader Init config took 3.17s 
72567      INFO  main            d.u.i.k.p.i.AbstractProblemLoader Replaying proof Maximum[Maximum::maxIndex([I)].JML normal_behavior operation contract.0 
72569      DEBUG main            d.u.i.k.p.i.IntermediateProofReplayer Proof replay took 8ns 
73675      INFO  main            d.u.i.k.p.r.p.TestFile    ... finished proof: closed. 
73988      INFO  main            d.u.i.k.p.i.AbstractProblemLoader Loading environment from /home/runner/work/key/key/key.core/../key.ui/examples/heap/verifyThis11_1_Maximum/project.key.proof 
73989      DEBUG main            d.u.i.k.p.i.AbstractProblemLoader Environment load took 671.84ns 
73990      INFO  main            d.u.i.k.p.i.AbstractProblemLoader Creating init config 
76940      DEBUG main            d.u.i.k.p.i.AbstractProblemLoader Init config took 2.95s 
76997      INFO  main            d.u.i.k.p.i.AbstractProblemLoader Replaying proof Maximum[Maximum::maxIndex([I)].JML normal_behavior operation contract.0 
77204      DEBUG main            d.u.i.k.p.i.IntermediateProofReplayer Proof replay took 199.54ms 
77205      DEBUG main            d.u.i.k.p.r.p.TestFile    ... success: reloaded. 
77206      INFO  main            d.u.i.k.p.r.p.TestFile    Now processing file /home/runner/work/key/key/key.core/../key.ui/examples/heap/fm12_01_LRS/lcp.key 
77207      INFO  main            d.u.i.k.p.i.AbstractProblemLoader Loading environment from /home/runner/work/key/key/key.core/../key.ui/examples/heap/fm12_01_LRS/lcp.key 
77207      DEBUG main            d.u.i.k.p.i.AbstractProblemLoader Environment load took 269.92ns 
77208      INFO  main            d.u.i.k.p.i.AbstractProblemLoader Creating init config 
81003      DEBUG main            d.u.i.k.p.i.AbstractProblemLoader Init config took 3.79s 
81128      INFO  main            d.u.i.k.p.i.AbstractProblemLoader Replaying proof LCP[LCP::lcp([I,int,int)].JML normal_behavior operation contract.0 
81131      DEBUG main            d.u.i.k.p.i.IntermediateProofReplayer Proof replay took 7.5ns 
82236      INFO  main            d.u.i.k.p.r.p.TestFile    ... finished proof: closed. 
82571      INFO  main            d.u.i.k.p.i.AbstractProblemLoader Loading environment from /home/runner/work/key/key/key.core/../key.ui/examples/heap/fm12_01_LRS/lcp.key.proof 
82572      DEBUG main            d.u.i.k.p.i.AbstractProblemLoader Environment load took 540.43ns 
82574      INFO  main            d.u.i.k.p.i.AbstractProblemLoader Creating init config 
86051      DEBUG main            d.u.i.k.p.i.AbstractProblemLoader Init config took 3.48s 
86113      INFO  main            d.u.i.k.p.i.AbstractProblemLoader Replaying proof LCP[LCP::lcp([I,int,int)].JML normal_behavior operation contract.0 
86387      DEBUG main            d.u.i.k.p.i.IntermediateProofReplayer Proof replay took 267.2ms 
86390      DEBUG main            d.u.i.k.p.r.p.TestFile    ... success: reloaded. 
86391      INFO  main            d.u.i.k.p.r.p.TestFile    Now processing file /home/runner/work/key/key/key.core/../key.ui/examples/heap/SemanticSlicing/project.key 
86392      INFO  main            d.u.i.k.p.i.AbstractProblemLoader Loading environment from /home/runner/work/key/key/key.core/../key.ui/examples/heap/SemanticSlicing/project.key 
86392      DEBUG main            d.u.i.k.p.i.AbstractProblemLoader Environment load took 297.42ns 
86393      INFO  main            d.u.i.k.p.i.AbstractProblemLoader Creating init config 
89656      DEBUG main            d.u.i.k.p.i.AbstractProblemLoader Init config took 3.26s 
89715      INFO  main            d.u.i.k.p.i.AbstractProblemLoader Replaying proof unsatcore_after.competition.postcond5.scope333.LRS[unsatcore_after.competition.postcond5.scope333.LRS::doLRS()].JML operation contract.0 
89717      DEBUG main            d.u.i.k.p.i.IntermediateProofReplayer Proof replay took 7.6ns 
94468      INFO  main            d.u.i.k.p.r.p.TestFile    ... finished proof: closed. 
94805      INFO  main            d.u.i.k.p.i.AbstractProblemLoader Loading environment from /home/runner/work/key/key/key.core/../key.ui/examples/heap/SemanticSlicing/project.key.proof 
94805      DEBUG main            d.u.i.k.p.i.AbstractProblemLoader Environment load took 587.53ns 
94807      INFO  main            d.u.i.k.p.i.AbstractProblemLoader Creating init config 
98016      DEBUG main            d.u.i.k.p.i.AbstractProblemLoader Init config took 3.21s 
98077      INFO  main            d.u.i.k.p.i.AbstractProblemLoader Replaying proof unsatcore_after.competition.postcond5.scope333.LRS[unsatcore_after.competition.postcond5.scope333.LRS::doLRS()].JML operation contract.0 
99102      DEBUG main            d.u.i.k.p.i.IntermediateProofReplayer Proof replay took 1.01s 
99104      DEBUG main            d.u.i.k.p.r.p.TestFile    ... success: reloaded. 
99106      INFO  main            d.u.i.k.p.r.p.TestFile    Now processing file /home/runner/work/key/key/key.core/../key.ui/examples/heap/information_flow/ArrayList_contains.key 
99107      INFO  main            d.u.i.k.p.i.AbstractProblemLoader Loading environment from /home/runner/work/key/key/key.core/../key.ui/examples/heap/information_flow/ArrayList_contains.key 
99110      DEBUG main            d.u.i.k.p.i.AbstractProblemLoader Environment load took 2.6ms 
99111      INFO  main            d.u.i.k.p.i.AbstractProblemLoader Creating init config 
102606     DEBUG main            d.u.i.k.p.i.AbstractProblemLoader Init config took 3.49s 
102651     INFO  main            d.u.i.k.p.i.AbstractProblemLoader Replaying proof ArrayList[ArrayList::get(int)].JML normal_behavior operation contract.0 
102652     DEBUG main            d.u.i.k.p.i.IntermediateProofReplayer Proof replay took 7.7ns 
103056     INFO  main            d.u.i.k.p.r.p.TestFile    ... finished proof: closed. 
103388     INFO  main            d.u.i.k.p.i.AbstractProblemLoader Loading environment from /home/runner/work/key/key/key.core/../key.ui/examples/heap/information_flow/ArrayList_contains.key.proof 
103388     DEBUG main            d.u.i.k.p.i.AbstractProblemLoader Environment load took 136.71ns 
103389     INFO  main            d.u.i.k.p.i.AbstractProblemLoader Creating init config 
106725     DEBUG main            d.u.i.k.p.i.AbstractProblemLoader Init config took 3.34s 
106785     INFO  main            d.u.i.k.p.i.AbstractProblemLoader Replaying proof ArrayList[ArrayList::get(int)].JML normal_behavior operation contract.0 
106857     DEBUG main            d.u.i.k.p.i.IntermediateProofReplayer Proof replay took 66.99ms 
106858     DEBUG main            d.u.i.k.p.r.p.TestFile    ... success: reloaded. 
106859     INFO  main            d.u.i.k.p.r.p.TestFile    Now processing file /home/runner/work/key/key/key.core/../key.ui/examples/heap/information_flow/ArrayList_get.key 
106860     INFO  main            d.u.i.k.p.i.AbstractProblemLoader Loading environment from /home/runner/work/key/key/key.core/../key.ui/examples/heap/information_flow/ArrayList_get.key 
106860     DEBUG main            d.u.i.k.p.i.AbstractProblemLoader Environment load took 258.91ns 
106861     INFO  main            d.u.i.k.p.i.AbstractProblemLoader Creating init config 
110377     DEBUG main            d.u.i.k.p.i.AbstractProblemLoader Init config took 3.52s 
110423     INFO  main            d.u.i.k.p.i.AbstractProblemLoader Replaying proof ArrayList[ArrayList::contains(java.lang.Object)].JML normal_behavior operation contract.0 
110425     DEBUG main            d.u.i.k.p.i.IntermediateProofReplayer Proof replay took 8.5ns 
111533     INFO  main            d.u.i.k.p.r.p.TestFile    ... finished proof: closed. 
111898     INFO  main            d.u.i.k.p.i.AbstractProblemLoader Loading environment from /home/runner/work/key/key/key.core/../key.ui/examples/heap/information_flow/ArrayList_get.key.proof 
111899     DEBUG main            d.u.i.k.p.i.AbstractProblemLoader Environment load took 546.83ns 
111900     INFO  main            d.u.i.k.p.i.AbstractProblemLoader Creating init config 
115252     DEBUG main            d.u.i.k.p.i.AbstractProblemLoader Init config took 3.35s 
115301     INFO  main            d.u.i.k.p.i.AbstractProblemLoader Replaying proof ArrayList[ArrayList::contains(java.lang.Object)].JML normal_behavior operation contract.0 
115540     DEBUG main            d.u.i.k.p.i.IntermediateProofReplayer Proof replay took 230.91ms 
115545     DEBUG main            d.u.i.k.p.r.p.TestFile    ... success: reloaded. 
115546     INFO  main            d.u.i.k.p.r.p.TestFile    Now processing file /home/runner/work/key/key/key.core/../key.ui/examples/heap/information_flow/ArrayList_size.key 
115546     INFO  main            d.u.i.k.p.i.AbstractProblemLoader Loading environment from /home/runner/work/key/key/key.core/../key.ui/examples/heap/information_flow/ArrayList_size.key 
115547     DEBUG main            d.u.i.k.p.i.AbstractProblemLoader Environment load took 281.71ns 
115548     INFO  main            d.u.i.k.p.i.AbstractProblemLoader Creating init config 
119045     DEBUG main            d.u.i.k.p.i.AbstractProblemLoader Init config took 3.5s 
119110     INFO  main            d.u.i.k.p.i.AbstractProblemLoader Replaying proof ArrayList[ArrayList::size()].JML normal_behavior operation contract.0 
119113     DEBUG main            d.u.i.k.p.i.IntermediateProofReplayer Proof replay took 8.4ns 
119215     INFO  main            d.u.i.k.p.r.p.TestFile    ... finished proof: closed. 
119621     INFO  main            d.u.i.k.p.i.AbstractProblemLoader Loading environment from /home/runner/work/key/key/key.core/../key.ui/examples/heap/information_flow/ArrayList_size.key.proof 
119622     DEBUG main            d.u.i.k.p.i.AbstractProblemLoader Environment load took 797.64ns 
119623     INFO  main            d.u.i.k.p.i.AbstractProblemLoader Creating init config 
122900     DEBUG main            d.u.i.k.p.i.AbstractProblemLoader Init config took 3.28s 
122942     INFO  main            d.u.i.k.p.i.AbstractProblemLoader Replaying proof ArrayList[ArrayList::size()].JML normal_behavior operation contract.0 
122960     DEBUG main            d.u.i.k.p.i.IntermediateProofReplayer Proof replay took 15.68ms 
122961     DEBUG main            d.u.i.k.p.r.p.TestFile    ... success: reloaded. 
122961     INFO  main            d.u.i.k.p.r.p.TestFile    Now processing file /home/runner/work/key/key/key.core/../key.ui/examples/heap/information_flow/UpdateAbstraction_ex7_3_secure.key 
122962     INFO  main            d.u.i.k.p.i.AbstractProblemLoader Loading environment from /home/runner/work/key/key/key.core/../key.ui/examples/heap/information_flow/UpdateAbstraction_ex7_3_secure.key 
122962     DEBUG main            d.u.i.k.p.i.AbstractProblemLoader Environment load took 279.62ns 
122963     INFO  main            d.u.i.k.p.i.AbstractProblemLoader Creating init config 
126252     DEBUG main            d.u.i.k.p.i.AbstractProblemLoader Init config took 3.29s 
126293     INFO  main            d.u.i.k.p.i.AbstractProblemLoader Replaying proof UpdateAbstraction[UpdateAbstraction::ex7_3_secure()].JML operation contract.0 
126295     DEBUG main            d.u.i.k.p.i.IntermediateProofReplayer Proof replay took 7.8ns 
126497     INFO  main            d.u.i.k.p.r.p.TestFile    ... finished proof: closed. 
126829     INFO  main            d.u.i.k.p.i.AbstractProblemLoader Loading environment from /home/runner/work/key/key/key.core/../key.ui/examples/heap/information_flow/UpdateAbstraction_ex7_3_secure.key.proof 
126829     DEBUG main            d.u.i.k.p.i.AbstractProblemLoader Environment load took 139.81ns 
126831     INFO  main            d.u.i.k.p.i.AbstractProblemLoader Creating init config 
130072     DEBUG main            d.u.i.k.p.i.AbstractProblemLoader Init config took 3.24s 
130122     INFO  main            d.u.i.k.p.i.AbstractProblemLoader Replaying proof UpdateAbstraction[UpdateAbstraction::ex7_3_secure()].JML operation contract.0 
130170     DEBUG main            d.u.i.k.p.i.IntermediateProofReplayer Proof replay took 39.83ms 
130171     DEBUG main            d.u.i.k.p.r.p.TestFile    ... success: reloaded. 
130173     INFO  main            d.u.i.k.p.r.p.TestFile    Now processing file /home/runner/work/key/key/key.core/../key.ui/examples/heap/information_flow/UpdateAbstraction_ex7_4_secure.key 
130173     INFO  main            d.u.i.k.p.i.AbstractProblemLoader Loading environment from /home/runner/work/key/key/key.core/../key.ui/examples/heap/information_flow/UpdateAbstraction_ex7_4_secure.key 
130174     DEBUG main            d.u.i.k.p.i.AbstractProblemLoader Environment load took 123.91ns 
130175     INFO  main            d.u.i.k.p.i.AbstractProblemLoader Creating init config 
133557     DEBUG main            d.u.i.k.p.i.AbstractProblemLoader Init config took 3.38s 
133624     INFO  main            d.u.i.k.p.i.AbstractProblemLoader Replaying proof UpdateAbstraction[UpdateAbstraction::ex7_4_secure()].JML operation contract.0 
133625     DEBUG main            d.u.i.k.p.i.IntermediateProofReplayer Proof replay took 43.1ns 
133928     INFO  main            d.u.i.k.p.r.p.TestFile    ... finished proof: closed. 
134245     INFO  main            d.u.i.k.p.i.AbstractProblemLoader Loading environment from /home/runner/work/key/key/key.core/../key.ui/examples/heap/information_flow/UpdateAbstraction_ex7_4_secure.key.proof 
134245     DEBUG main            d.u.i.k.p.i.AbstractProblemLoader Environment load took 178.21ns 
134246     INFO  main            d.u.i.k.p.i.AbstractProblemLoader Creating init config 
137454     DEBUG main            d.u.i.k.p.i.AbstractProblemLoader Init config took 3.21s 
137501     INFO  main            d.u.i.k.p.i.AbstractProblemLoader Replaying proof UpdateAbstraction[UpdateAbstraction::ex7_4_secure()].JML operation contract.0 
137566     DEBUG main            d.u.i.k.p.i.IntermediateProofReplayer Proof replay took 58.01ms 
137567     DEBUG main            d.u.i.k.p.r.p.TestFile    ... success: reloaded. 
137568     INFO  main            d.u.i.k.p.r.p.TestFile    Now processing file /home/runner/work/key/key/key.core/../key.ui/examples/heap/information_flow/UpdateAbstraction_ex7_5_secure.key 
137569     INFO  main            d.u.i.k.p.i.AbstractProblemLoader Loading environment from /home/runner/work/key/key/key.core/../key.ui/examples/heap/information_flow/UpdateAbstraction_ex7_5_secure.key 
137569     DEBUG main            d.u.i.k.p.i.AbstractProblemLoader Environment load took 263.12ns 
137570     INFO  main            d.u.i.k.p.i.AbstractProblemLoader Creating init config 
141009     DEBUG main            d.u.i.k.p.i.AbstractProblemLoader Init config took 3.44s 
141056     INFO  main            d.u.i.k.p.i.AbstractProblemLoader Replaying proof UpdateAbstraction[UpdateAbstraction::ex7_5_secure()].JML operation contract.0 
141057     DEBUG main            d.u.i.k.p.i.IntermediateProofReplayer Proof replay took 7.4ns 
141163     INFO  main            d.u.i.k.p.r.p.TestFile    ... finished proof: closed. 
141497     INFO  main            d.u.i.k.p.i.AbstractProblemLoader Loading environment from /home/runner/work/key/key/key.core/../key.ui/examples/heap/information_flow/UpdateAbstraction_ex7_5_secure.key.proof 
141498     DEBUG main            d.u.i.k.p.i.AbstractProblemLoader Environment load took 542.93ns 
141499     INFO  main            d.u.i.k.p.i.AbstractProblemLoader Creating init config 
144733     DEBUG main            d.u.i.k.p.i.AbstractProblemLoader Init config took 3.23s 
144773     INFO  main            d.u.i.k.p.i.AbstractProblemLoader Replaying proof UpdateAbstraction[UpdateAbstraction::ex7_5_secure()].JML operation contract.0 
144796     DEBUG main            d.u.i.k.p.i.IntermediateProofReplayer Proof replay took 21.09ms 
144797     DEBUG main            d.u.i.k.p.r.p.TestFile    ... success: reloaded. 
144798     INFO  main            d.u.i.k.p.r.p.TestFile    Now processing file /home/runner/work/key/key/key.core/../key.ui/examples/heap/information_flow/UpdateAbstraction_ex7_6_secure.key 
144798     INFO  main            d.u.i.k.p.i.AbstractProblemLoader Loading environment from /home/runner/work/key/key/key.core/../key.ui/examples/heap/information_flow/UpdateAbstraction_ex7_6_secure.key 
144798     DEBUG main            d.u.i.k.p.i.AbstractProblemLoader Environment load took 112.21ns 
144799     INFO  main            d.u.i.k.p.i.AbstractProblemLoader Creating init config 
148102     DEBUG main            d.u.i.k.p.i.AbstractProblemLoader Init config took 3.3s 
148166     INFO  main            d.u.i.k.p.i.AbstractProblemLoader Replaying proof UpdateAbstraction[UpdateAbstraction::ex7_6_secure()].JML operation contract.0 
148168     DEBUG main            d.u.i.k.p.i.IntermediateProofReplayer Proof replay took 8.2ns 
148576     INFO  main            d.u.i.k.p.r.p.TestFile    ... finished proof: closed. 
148935     INFO  main            d.u.i.k.p.i.AbstractProblemLoader Loading environment from /home/runner/work/key/key/key.core/../key.ui/examples/heap/information_flow/UpdateAbstraction_ex7_6_secure.key.proof 
148936     DEBUG main            d.u.i.k.p.i.AbstractProblemLoader Environment load took 130.41ns 
148937     INFO  main            d.u.i.k.p.i.AbstractProblemLoader Creating init config 
152150     DEBUG main            d.u.i.k.p.i.AbstractProblemLoader Init config took 3.21s 
152190     INFO  main            d.u.i.k.p.i.AbstractProblemLoader Replaying proof UpdateAbstraction[UpdateAbstraction::ex7_6_secure()].JML operation contract.0 
152267     DEBUG main            d.u.i.k.p.i.IntermediateProofReplayer Proof replay took 73.99ms 
152268     DEBUG main            d.u.i.k.p.r.p.TestFile    ... success: reloaded. 
152269     INFO  main            d.u.i.k.p.r.p.TestFile    Now processing file /home/runner/work/key/key/key.core/../key.ui/examples/heap/information_flow/UpdateAbstraction_ex9_secure.key 
152269     INFO  main            d.u.i.k.p.i.AbstractProblemLoader Loading environment from /home/runner/work/key/key/key.core/../key.ui/examples/heap/information_flow/UpdateAbstraction_ex9_secure.key 
152269     DEBUG main            d.u.i.k.p.i.AbstractProblemLoader Environment load took 98.41ns 
152270     INFO  main            d.u.i.k.p.i.AbstractProblemLoader Creating init config 
155656     DEBUG main            d.u.i.k.p.i.AbstractProblemLoader Init config took 3.39s 
155705     INFO  main            d.u.i.k.p.i.AbstractProblemLoader Replaying proof UpdateAbstraction[UpdateAbstraction::ex9_secure()].JML operation contract.0 
155706     DEBUG main            d.u.i.k.p.i.IntermediateProofReplayer Proof replay took 7.9ns 
156812     INFO  main            d.u.i.k.p.r.p.TestFile    ... finished proof: closed. 
157183     INFO  main            d.u.i.k.p.i.AbstractProblemLoader Loading environment from /home/runner/work/key/key/key.core/../key.ui/examples/heap/information_flow/UpdateAbstraction_ex9_secure.key.proof 
157184     DEBUG main            d.u.i.k.p.i.AbstractProblemLoader Environment load took 145.51ns 
157185     INFO  main            d.u.i.k.p.i.AbstractProblemLoader Creating init config 
160421     DEBUG main            d.u.i.k.p.i.AbstractProblemLoader Init config took 3.24s 
160464     INFO  main            d.u.i.k.p.i.AbstractProblemLoader Replaying proof UpdateAbstraction[UpdateAbstraction::ex9_secure()].JML operation contract.0 
160725     DEBUG main            d.u.i.k.p.i.IntermediateProofReplayer Proof replay took 256.36ms 
160726     DEBUG main            d.u.i.k.p.r.p.TestFile    ... success: reloaded. 
1014907    INFO  Test worker     d.u.i.k.p.r.RunAllProofsTestUnit Returning from test javaCard 
1014909    INFO  Test worker     d.u.i.k.p.r.RunAllProofsTestUnit Running test list 
461        INFO  Timeout watchdog d.u.i.k.p.r.p.ForkedTestFileRunner Timeout watcher launched (2000 secs.) 
485        WARN  main            d.u.i.k.s.ProofSettings   The settings in /home/runner/.key/proof-settings.props are *not* read. 
529        INFO  main            d.u.i.k.p.r.p.TestFile    Now processing file /home/runner/work/key/key/key.core/../key.ui/examples/heap/list/ArrayList_add.key 
705        INFO  main            d.u.i.k.p.i.AbstractProblemLoader Loading environment from /home/runner/work/key/key/key.core/../key.ui/examples/heap/list/ArrayList_add.key 
728        DEBUG main            d.u.i.k.p.i.AbstractProblemLoader Environment load took 2.4ms 
1021       INFO  main            d.u.i.k.p.i.AbstractProblemLoader Creating init config 
2131       DEBUG main            d.u.i.k.j.TypeConverter   No LDT found for Meta 
2132       DEBUG main            d.u.i.k.j.TypeConverter   No LDT found for Meta 
2136       DEBUG main            d.u.i.k.j.TypeConverter   No LDT found for Meta 
2136       DEBUG main            d.u.i.k.j.TypeConverter   No LDT found for Meta 
4001       DEBUG main            d.u.i.k.j.TypeConverter   No LDT found for JavaBigintExpression 
8000       DEBUG main            d.u.i.k.j.r.ClassPreparationMethodBuilder clPrepBuilder: Inner Class detected. Reject building class initialisation methods. 
11377      DEBUG main            d.u.i.k.p.i.AbstractProblemLoader Init config took 10.36s 
11559      INFO  main            d.u.i.k.p.i.AbstractProblemLoader Replaying proof ArrayList[List::add(java.lang.Object)].JML normal_behavior operation contract.0 
11602      DEBUG main            d.u.i.k.p.i.IntermediateProofReplayer Proof replay took 42.2ns 
18855      INFO  main            d.u.i.k.p.r.p.TestFile    ... finished proof: closed. 
19109      INFO  main            d.u.i.k.p.i.AbstractProblemLoader Loading environment from /home/runner/work/key/key/key.core/../key.ui/examples/heap/list/ArrayList_add.key.proof 
19109      DEBUG main            d.u.i.k.p.i.AbstractProblemLoader Environment load took 201.51ns 
19114      INFO  main            d.u.i.k.p.i.AbstractProblemLoader Creating init config 
20570      DEBUG main            d.u.i.k.j.r.ClassPreparationMethodBuilder clPrepBuilder: Inner Class detected. Reject building class initialisation methods. 
23361      DEBUG main            d.u.i.k.p.i.AbstractProblemLoader Init config took 4.25s 
23468      INFO  main            d.u.i.k.p.i.AbstractProblemLoader Replaying proof ArrayList[List::add(java.lang.Object)].JML normal_behavior operation contract.0 
24893      DEBUG main            d.u.i.k.p.i.IntermediateProofReplayer Proof replay took 1.39s 
24906      DEBUG main            d.u.i.k.p.r.p.TestFile    ... success: reloaded. 
24908      INFO  main            d.u.i.k.p.r.p.TestFile    Now processing file /home/runner/work/key/key/key.core/../key.ui/examples/heap/list/ArrayList_ArrayList.key 
24909      INFO  main            d.u.i.k.p.i.AbstractProblemLoader Loading environment from /home/runner/work/key/key/key.core/../key.ui/examples/heap/list/ArrayList_ArrayList.key 
24909      DEBUG main            d.u.i.k.p.i.AbstractProblemLoader Environment load took 338.62ns 
24911      INFO  main            d.u.i.k.p.i.AbstractProblemLoader Creating init config 
26251      DEBUG main            d.u.i.k.j.r.ClassPreparationMethodBuilder clPrepBuilder: Inner Class detected. Reject building class initialisation methods. 
28904      DEBUG main            d.u.i.k.p.i.AbstractProblemLoader Init config took 3.99s 
28995      INFO  main            d.u.i.k.p.i.AbstractProblemLoader Replaying proof ArrayList[ArrayList::ArrayList()].JML normal_behavior operation contract.0 
28999      DEBUG main            d.u.i.k.p.i.IntermediateProofReplayer Proof replay took 8.7ns 
30722      INFO  main            d.u.i.k.p.r.p.TestFile    ... finished proof: closed. 
30952      INFO  main            d.u.i.k.p.i.AbstractProblemLoader Loading environment from /home/runner/work/key/key/key.core/../key.ui/examples/heap/list/ArrayList_ArrayList.key.proof 
30953      DEBUG main            d.u.i.k.p.i.AbstractProblemLoader Environment load took 170.81ns 
30955      INFO  main            d.u.i.k.p.i.AbstractProblemLoader Creating init config 
32284      DEBUG main            d.u.i.k.j.r.ClassPreparationMethodBuilder clPrepBuilder: Inner Class detected. Reject building class initialisation methods. 
34865      DEBUG main            d.u.i.k.p.i.AbstractProblemLoader Init config took 3.91s 
34955      INFO  main            d.u.i.k.p.i.AbstractProblemLoader Replaying proof ArrayList[ArrayList::ArrayList()].JML normal_behavior operation contract.0 
35265      DEBUG main            d.u.i.k.p.i.IntermediateProofReplayer Proof replay took 299.89ms 
35266      DEBUG main            d.u.i.k.p.r.p.TestFile    ... success: reloaded. 
35268      INFO  main            d.u.i.k.p.r.p.TestFile    Now processing file /home/runner/work/key/key/key.core/../key.ui/examples/heap/list/ArrayList_concatenate.key 
35269      INFO  main            d.u.i.k.p.i.AbstractProblemLoader Loading environment from /home/runner/work/key/key/key.core/../key.ui/examples/heap/list/ArrayList_concatenate.key 
35269      DEBUG main            d.u.i.k.p.i.AbstractProblemLoader Environment load took 295.02ns 
35271      INFO  main            d.u.i.k.p.i.AbstractProblemLoader Creating init config 
36546      DEBUG main            d.u.i.k.j.r.ClassPreparationMethodBuilder clPrepBuilder: Inner Class detected. Reject building class initialisation methods. 
39073      DEBUG main            d.u.i.k.p.i.AbstractProblemLoader Init config took 3.8s 
39141      INFO  main            d.u.i.k.p.i.AbstractProblemLoader Replaying proof ArrayList[List::concatenate(List)].JML normal_behavior operation contract.0 
39143      DEBUG main            d.u.i.k.p.i.IntermediateProofReplayer Proof replay took 8.2ns 
68982      INFO  main            d.u.i.k.p.r.p.TestFile    ... finished proof: closed. 
69307      INFO  main            d.u.i.k.p.i.AbstractProblemLoader Loading environment from /home/runner/work/key/key/key.core/../key.ui/examples/heap/list/ArrayList_concatenate.key.proof 
69308      DEBUG main            d.u.i.k.p.i.AbstractProblemLoader Environment load took 592.33ns 
69317      INFO  main            d.u.i.k.p.i.AbstractProblemLoader Creating init config 
70512      DEBUG main            d.u.i.k.j.r.ClassPreparationMethodBuilder clPrepBuilder: Inner Class detected. Reject building class initialisation methods. 
72976      DEBUG main            d.u.i.k.p.i.AbstractProblemLoader Init config took 3.66s 
73066      INFO  main            d.u.i.k.p.i.AbstractProblemLoader Replaying proof ArrayList[List::concatenate(List)].JML normal_behavior operation contract.0 
75876      DEBUG main            d.u.i.k.p.i.IntermediateProofReplayer Proof replay took 2.71s 
75881      DEBUG main            d.u.i.k.p.r.p.TestFile    ... success: reloaded. 
75882      INFO  main            d.u.i.k.p.r.p.TestFile    Now processing file /home/runner/work/key/key/key.core/../key.ui/examples/heap/list/ArrayList_contains_dep.key 
75883      INFO  main            d.u.i.k.p.i.AbstractProblemLoader Loading environment from /home/runner/work/key/key/key.core/../key.ui/examples/heap/list/ArrayList_contains_dep.key 
75883      DEBUG main            d.u.i.k.p.i.AbstractProblemLoader Environment load took 106.91ns 
75884      INFO  main            d.u.i.k.p.i.AbstractProblemLoader Creating init config 
77154      DEBUG main            d.u.i.k.j.r.ClassPreparationMethodBuilder clPrepBuilder: Inner Class detected. Reject building class initialisation methods. 
79739      DEBUG main            d.u.i.k.p.i.AbstractProblemLoader Init config took 3.86s 
79813      INFO  main            d.u.i.k.p.i.AbstractProblemLoader Replaying proof ArrayList[List::contains(java.lang.Object)].JML accessible clause.0 
79815      DEBUG main            d.u.i.k.p.i.IntermediateProofReplayer Proof replay took 7.4ns 
83200      INFO  main            d.u.i.k.p.r.p.TestFile    ... finished proof: closed. 
83456      INFO  main            d.u.i.k.p.i.AbstractProblemLoader Loading environment from /home/runner/work/key/key/key.core/../key.ui/examples/heap/list/ArrayList_contains_dep.key.proof 
83456      DEBUG main            d.u.i.k.p.i.AbstractProblemLoader Environment load took 268.01ns 
83458      INFO  main            d.u.i.k.p.i.AbstractProblemLoader Creating init config 
84677      DEBUG main            d.u.i.k.j.r.ClassPreparationMethodBuilder clPrepBuilder: Inner Class detected. Reject building class initialisation methods. 
87248      DEBUG main            d.u.i.k.p.i.AbstractProblemLoader Init config took 3.79s 
87312      INFO  main            d.u.i.k.p.i.AbstractProblemLoader Replaying proof ArrayList[List::contains(java.lang.Object)].JML accessible clause.0 
87877      DEBUG main            d.u.i.k.p.i.IntermediateProofReplayer Proof replay took 553.91ms 
87879      DEBUG main            d.u.i.k.p.r.p.TestFile    ... success: reloaded. 
87880      INFO  main            d.u.i.k.p.r.p.TestFile    Now processing file /home/runner/work/key/key/key.core/../key.ui/examples/heap/list/ArrayList_enlarge.key 
87880      INFO  main            d.u.i.k.p.i.AbstractProblemLoader Loading environment from /home/runner/work/key/key/key.core/../key.ui/examples/heap/list/ArrayList_enlarge.key 
87881      DEBUG main            d.u.i.k.p.i.AbstractProblemLoader Environment load took 154.11ns 
87882      INFO  main            d.u.i.k.p.i.AbstractProblemLoader Creating init config 
89152      DEBUG main            d.u.i.k.j.r.ClassPreparationMethodBuilder clPrepBuilder: Inner Class detected. Reject building class initialisation methods. 
91663      DEBUG main            d.u.i.k.p.i.AbstractProblemLoader Init config took 3.78s 
91726      INFO  main            d.u.i.k.p.i.AbstractProblemLoader Replaying proof ArrayList[ArrayList::enlarge()].JML normal_behavior operation contract.0 
91728      DEBUG main            d.u.i.k.p.i.IntermediateProofReplayer Proof replay took 8ns 
94537      INFO  main            d.u.i.k.p.r.p.TestFile    ... finished proof: closed. 
94768      INFO  main            d.u.i.k.p.i.AbstractProblemLoader Loading environment from /home/runner/work/key/key/key.core/../key.ui/examples/heap/list/ArrayList_enlarge.key.proof 
94769      DEBUG main            d.u.i.k.p.i.AbstractProblemLoader Environment load took 681.25ns 
94771      INFO  main            d.u.i.k.p.i.AbstractProblemLoader Creating init config 
95940      DEBUG main            d.u.i.k.j.r.ClassPreparationMethodBuilder clPrepBuilder: Inner Class detected. Reject building class initialisation methods. 
98459      DEBUG main            d.u.i.k.p.i.AbstractProblemLoader Init config took 3.69s 
98523      INFO  main            d.u.i.k.p.i.AbstractProblemLoader Replaying proof ArrayList[ArrayList::enlarge()].JML normal_behavior operation contract.0 
99069      DEBUG main            d.u.i.k.p.i.IntermediateProofReplayer Proof replay took 535.58ms 
99076      DEBUG main            d.u.i.k.p.r.p.TestFile    ... success: reloaded. 
99078      INFO  main            d.u.i.k.p.r.p.TestFile    Now processing file /home/runner/work/key/key/key.core/../key.ui/examples/heap/list/ArrayList_footprint.key 
99079      INFO  main            d.u.i.k.p.i.AbstractProblemLoader Loading environment from /home/runner/work/key/key/key.core/../key.ui/examples/heap/list/ArrayList_footprint.key 
99079      DEBUG main            d.u.i.k.p.i.AbstractProblemLoader Environment load took 348.02ns 
99081      INFO  main            d.u.i.k.p.i.AbstractProblemLoader Creating init config 
100363     DEBUG main            d.u.i.k.j.r.ClassPreparationMethodBuilder clPrepBuilder: Inner Class detected. Reject building class initialisation methods. 
102946     DEBUG main            d.u.i.k.p.i.AbstractProblemLoader Init config took 3.87s 
103004     INFO  main            d.u.i.k.p.i.AbstractProblemLoader Replaying proof List[List::$footprint()].JML accessible clause.0 
103008     DEBUG main            d.u.i.k.p.i.IntermediateProofReplayer Proof replay took 7.8ns 
103113     INFO  main            d.u.i.k.p.r.p.TestFile    ... finished proof: closed. 
103335     INFO  main            d.u.i.k.p.i.AbstractProblemLoader Loading environment from /home/runner/work/key/key/key.core/../key.ui/examples/heap/list/ArrayList_footprint.key.proof 
103335     DEBUG main            d.u.i.k.p.i.AbstractProblemLoader Environment load took 135.71ns 
103337     INFO  main            d.u.i.k.p.i.AbstractProblemLoader Creating init config 
104558     DEBUG main            d.u.i.k.j.r.ClassPreparationMethodBuilder clPrepBuilder: Inner Class detected. Reject building class initialisation methods. 
107039     DEBUG main            d.u.i.k.p.i.AbstractProblemLoader Init config took 3.7s 
107101     INFO  main            d.u.i.k.p.i.AbstractProblemLoader Replaying proof List[List::$footprint()].JML accessible clause.0 
107105     DEBUG main            d.u.i.k.p.i.IntermediateProofReplayer Proof replay took 2ms 
107107     DEBUG main            d.u.i.k.p.r.p.TestFile    ... success: reloaded. 
107108     INFO  main            d.u.i.k.p.r.p.TestFile    Now processing file /home/runner/work/key/key/key.core/../key.ui/examples/heap/list/ArrayList_get_dep.key 
107109     INFO  main            d.u.i.k.p.i.AbstractProblemLoader Loading environment from /home/runner/work/key/key/key.core/../key.ui/examples/heap/list/ArrayList_get_dep.key 
107109     DEBUG main            d.u.i.k.p.i.AbstractProblemLoader Environment load took 273.62ns 
107110     INFO  main            d.u.i.k.p.i.AbstractProblemLoader Creating init config 
108332     DEBUG main            d.u.i.k.j.r.ClassPreparationMethodBuilder clPrepBuilder: Inner Class detected. Reject building class initialisation methods. 
110941     DEBUG main            d.u.i.k.p.i.AbstractProblemLoader Init config took 3.83s 
110999     INFO  main            d.u.i.k.p.i.AbstractProblemLoader Replaying proof ArrayList[List::get(int)].JML accessible clause.0 
111001     DEBUG main            d.u.i.k.p.i.IntermediateProofReplayer Proof replay took 7.9ns 
111511     INFO  main            d.u.i.k.p.r.p.TestFile    ... finished proof: closed. 
111783     INFO  main            d.u.i.k.p.i.AbstractProblemLoader Loading environment from /home/runner/work/key/key/key.core/../key.ui/examples/heap/list/ArrayList_get_dep.key.proof 
111783     DEBUG main            d.u.i.k.p.i.AbstractProblemLoader Environment load took 151.21ns 
111785     INFO  main            d.u.i.k.p.i.AbstractProblemLoader Creating init config 
112951     DEBUG main            d.u.i.k.j.r.ClassPreparationMethodBuilder clPrepBuilder: Inner Class detected. Reject building class initialisation methods. 
115445     DEBUG main            d.u.i.k.p.i.AbstractProblemLoader Init config took 3.66s 
115503     INFO  main            d.u.i.k.p.i.AbstractProblemLoader Replaying proof ArrayList[List::get(int)].JML accessible clause.0 
115602     DEBUG main            d.u.i.k.p.i.IntermediateProofReplayer Proof replay took 95.72ms 
115604     DEBUG main            d.u.i.k.p.r.p.TestFile    ... success: reloaded. 
115606     INFO  main            d.u.i.k.p.r.p.TestFile    Now processing file /home/runner/work/key/key/key.core/../key.ui/examples/heap/list/ArrayList_get_exceptional.key 
115606     INFO  main            d.u.i.k.p.i.AbstractProblemLoader Loading environment from /home/runner/work/key/key/key.core/../key.ui/examples/heap/list/ArrayList_get_exceptional.key 
115606     DEBUG main            d.u.i.k.p.i.AbstractProblemLoader Environment load took 520.93ns 
115608     INFO  main            d.u.i.k.p.i.AbstractProblemLoader Creating init config 
116869     DEBUG main            d.u.i.k.j.r.ClassPreparationMethodBuilder clPrepBuilder: Inner Class detected. Reject building class initialisation methods. 
119443     DEBUG main            d.u.i.k.p.i.AbstractProblemLoader Init config took 3.84s 
119506     INFO  main            d.u.i.k.p.i.AbstractProblemLoader Replaying proof ArrayList[List::get(int)].JML exceptional_behavior operation contract.0 
119508     DEBUG main            d.u.i.k.p.i.IntermediateProofReplayer Proof replay took 7.9ns 
120925     INFO  main            d.u.i.k.p.r.p.TestFile    ... finished proof: closed. 
121221     INFO  main            d.u.i.k.p.i.AbstractProblemLoader Loading environment from /home/runner/work/key/key/key.core/../key.ui/examples/heap/list/ArrayList_get_exceptional.key.proof 
121222     DEBUG main            d.u.i.k.p.i.AbstractProblemLoader Environment load took 521.63ns 
121223     INFO  main            d.u.i.k.p.i.AbstractProblemLoader Creating init config 
122478     DEBUG main            d.u.i.k.j.r.ClassPreparationMethodBuilder clPrepBuilder: Inner Class detected. Reject building class initialisation methods. 
125151     DEBUG main            d.u.i.k.p.i.AbstractProblemLoader Init config took 3.93s 
125214     INFO  main            d.u.i.k.p.i.AbstractProblemLoader Replaying proof ArrayList[List::get(int)].JML exceptional_behavior operation contract.0 
125550     DEBUG main            d.u.i.k.p.i.IntermediateProofReplayer Proof replay took 327.7ms 
125552     DEBUG main            d.u.i.k.p.r.p.TestFile    ... success: reloaded. 
125554     INFO  main            d.u.i.k.p.r.p.TestFile    Now processing file /home/runner/work/key/key/key.core/../key.ui/examples/heap/list/ArrayList_get_normal.key 
125554     INFO  main            d.u.i.k.p.i.AbstractProblemLoader Loading environment from /home/runner/work/key/key/key.core/../key.ui/examples/heap/list/ArrayList_get_normal.key 
125554     DEBUG main            d.u.i.k.p.i.AbstractProblemLoader Environment load took 180.71ns 
125555     INFO  main            d.u.i.k.p.i.AbstractProblemLoader Creating init config 
126897     DEBUG main            d.u.i.k.j.r.ClassPreparationMethodBuilder clPrepBuilder: Inner Class detected. Reject building class initialisation methods. 
129594     DEBUG main            d.u.i.k.p.i.AbstractProblemLoader Init config took 4.04s 
129656     INFO  main            d.u.i.k.p.i.AbstractProblemLoader Replaying proof ArrayList[List::get(int)].JML normal_behavior operation contract.0 
129658     DEBUG main            d.u.i.k.p.i.IntermediateProofReplayer Proof replay took 9.3ns 
130299     INFO  main            d.u.i.k.p.r.p.TestFile    ... finished proof: closed. 
130534     INFO  main            d.u.i.k.p.i.AbstractProblemLoader Loading environment from /home/runner/work/key/key/key.core/../key.ui/examples/heap/list/ArrayList_get_normal.key.proof 
130534     DEBUG main            d.u.i.k.p.i.AbstractProblemLoader Environment load took 156.11ns 
130536     INFO  main            d.u.i.k.p.i.AbstractProblemLoader Creating init config 
131751     DEBUG main            d.u.i.k.j.r.ClassPreparationMethodBuilder clPrepBuilder: Inner Class detected. Reject building class initialisation methods. 
134418     DEBUG main            d.u.i.k.p.i.AbstractProblemLoader Init config took 3.88s 
134483     INFO  main            d.u.i.k.p.i.AbstractProblemLoader Replaying proof ArrayList[List::get(int)].JML normal_behavior operation contract.0 
134607     DEBUG main            d.u.i.k.p.i.IntermediateProofReplayer Proof replay took 119.39ms 
134608     DEBUG main            d.u.i.k.p.r.p.TestFile    ... success: reloaded. 
134610     INFO  main            d.u.i.k.p.r.p.TestFile    Now processing file /home/runner/work/key/key/key.core/../key.ui/examples/heap/list/ArrayList_inv.key 
134610     INFO  main            d.u.i.k.p.i.AbstractProblemLoader Loading environment from /home/runner/work/key/key/key.core/../key.ui/examples/heap/list/ArrayList_inv.key 
134610     DEBUG main            d.u.i.k.p.i.AbstractProblemLoader Environment load took 126.21ns 
134611     INFO  main            d.u.i.k.p.i.AbstractProblemLoader Creating init config 
135844     DEBUG main            d.u.i.k.j.r.ClassPreparationMethodBuilder clPrepBuilder: Inner Class detected. Reject building class initialisation methods. 
138371     DEBUG main            d.u.i.k.p.i.AbstractProblemLoader Init config took 3.76s 
138461     INFO  main            d.u.i.k.p.i.AbstractProblemLoader Replaying proof ArrayList[java.lang.Object::<inv>()].JML accessible clause.0 
138464     DEBUG main            d.u.i.k.p.i.IntermediateProofReplayer Proof replay took 8ns 
138867     INFO  main            d.u.i.k.p.r.p.TestFile    ... finished proof: closed. 
139158     INFO  main            d.u.i.k.p.i.AbstractProblemLoader Loading environment from /home/runner/work/key/key/key.core/../key.ui/examples/heap/list/ArrayList_inv.key.proof 
139158     DEBUG main            d.u.i.k.p.i.AbstractProblemLoader Environment load took 148.91ns 
139161     INFO  main            d.u.i.k.p.i.AbstractProblemLoader Creating init config 
140428     DEBUG main            d.u.i.k.j.r.ClassPreparationMethodBuilder clPrepBuilder: Inner Class detected. Reject building class initialisation methods. 
143012     DEBUG main            d.u.i.k.p.i.AbstractProblemLoader Init config took 3.85s 
143074     INFO  main            d.u.i.k.p.i.AbstractProblemLoader Replaying proof ArrayList[java.lang.Object::<inv>()].JML accessible clause.0 
143131     DEBUG main            d.u.i.k.p.i.IntermediateProofReplayer Proof replay took 53.44ms 
143132     DEBUG main            d.u.i.k.p.r.p.TestFile    ... success: reloaded. 
143134     INFO  main            d.u.i.k.p.r.p.TestFile    Now processing file /home/runner/work/key/key/key.core/../key.ui/examples/heap/list/ArrayList_iterator.key 
143134     INFO  main            d.u.i.k.p.i.AbstractProblemLoader Loading environment from /home/runner/work/key/key/key.core/../key.ui/examples/heap/list/ArrayList_iterator.key 
143135     DEBUG main            d.u.i.k.p.i.AbstractProblemLoader Environment load took 257.32ns 
143136     INFO  main            d.u.i.k.p.i.AbstractProblemLoader Creating init config 
144341     DEBUG main            d.u.i.k.j.r.ClassPreparationMethodBuilder clPrepBuilder: Inner Class detected. Reject building class initialisation methods. 
146891     DEBUG main            d.u.i.k.p.i.AbstractProblemLoader Init config took 3.75s 
146954     INFO  main            d.u.i.k.p.i.AbstractProblemLoader Replaying proof ArrayList[List::iterator()].JML normal_behavior operation contract.0 
146956     DEBUG main            d.u.i.k.p.i.IntermediateProofReplayer Proof replay took 7.3ns 
147660     INFO  main            d.u.i.k.p.r.p.TestFile    ... finished proof: closed. 
147964     INFO  main            d.u.i.k.p.i.AbstractProblemLoader Loading environment from /home/runner/work/key/key/key.core/../key.ui/examples/heap/list/ArrayList_iterator.key.proof 
147965     DEBUG main            d.u.i.k.p.i.AbstractProblemLoader Environment load took 572.14ns 
147967     INFO  main            d.u.i.k.p.i.AbstractProblemLoader Creating init config 
149198     DEBUG main            d.u.i.k.j.r.ClassPreparationMethodBuilder clPrepBuilder: Inner Class detected. Reject building class initialisation methods. 
151641     DEBUG main            d.u.i.k.p.i.AbstractProblemLoader Init config took 3.67s 
151708     INFO  main            d.u.i.k.p.i.AbstractProblemLoader Replaying proof ArrayList[List::iterator()].JML normal_behavior operation contract.0 
151825     DEBUG main            d.u.i.k.p.i.IntermediateProofReplayer Proof replay took 112.06ms 
151826     DEBUG main            d.u.i.k.p.r.p.TestFile    ... success: reloaded. 
151828     INFO  main            d.u.i.k.p.r.p.TestFile    Now processing file /home/runner/work/key/key/key.core/../key.ui/examples/heap/list/ArrayList_size_dep.key 
151828     INFO  main            d.u.i.k.p.i.AbstractProblemLoader Loading environment from /home/runner/work/key/key/key.core/../key.ui/examples/heap/list/ArrayList_size_dep.key 
151828     DEBUG main            d.u.i.k.p.i.AbstractProblemLoader Environment load took 89.31ns 
151830     INFO  main            d.u.i.k.p.i.AbstractProblemLoader Creating init config 
153098     DEBUG main            d.u.i.k.j.r.ClassPreparationMethodBuilder clPrepBuilder: Inner Class detected. Reject building class initialisation methods. 
155586     DEBUG main            d.u.i.k.p.i.AbstractProblemLoader Init config took 3.76s 
155642     INFO  main            d.u.i.k.p.i.AbstractProblemLoader Replaying proof ArrayList[List::size()].JML accessible clause.0 
155644     DEBUG main            d.u.i.k.p.i.IntermediateProofReplayer Proof replay took 8.2ns 
155847     INFO  main            d.u.i.k.p.r.p.TestFile    ... finished proof: closed. 
156105     INFO  main            d.u.i.k.p.i.AbstractProblemLoader Loading environment from /home/runner/work/key/key/key.core/../key.ui/examples/heap/list/ArrayList_size_dep.key.proof 
156105     DEBUG main            d.u.i.k.p.i.AbstractProblemLoader Environment load took 142.51ns 
156106     INFO  main            d.u.i.k.p.i.AbstractProblemLoader Creating init config 
157271     DEBUG main            d.u.i.k.j.r.ClassPreparationMethodBuilder clPrepBuilder: Inner Class detected. Reject building class initialisation methods. 
159722     DEBUG main            d.u.i.k.p.i.AbstractProblemLoader Init config took 3.62s 
159799     INFO  main            d.u.i.k.p.i.AbstractProblemLoader Replaying proof ArrayList[List::size()].JML accessible clause.0 
159832     DEBUG main            d.u.i.k.p.i.IntermediateProofReplayer Proof replay took 30.1ms 
159833     DEBUG main            d.u.i.k.p.r.p.TestFile    ... success: reloaded. 
159834     INFO  main            d.u.i.k.p.r.p.TestFile    Now processing file /home/runner/work/key/key/key.core/../key.ui/examples/heap/list/ArrayList_size.key 
159835     INFO  main            d.u.i.k.p.i.AbstractProblemLoader Loading environment from /home/runner/work/key/key/key.core/../key.ui/examples/heap/list/ArrayList_size.key 
159835     DEBUG main            d.u.i.k.p.i.AbstractProblemLoader Environment load took 298.42ns 
159836     INFO  main            d.u.i.k.p.i.AbstractProblemLoader Creating init config 
161078     DEBUG main            d.u.i.k.j.r.ClassPreparationMethodBuilder clPrepBuilder: Inner Class detected. Reject building class initialisation methods. 
163596     DEBUG main            d.u.i.k.p.i.AbstractProblemLoader Init config took 3.76s 
163652     INFO  main            d.u.i.k.p.i.AbstractProblemLoader Replaying proof ArrayList[List::size()].JML normal_behavior operation contract.0 
163654     DEBUG main            d.u.i.k.p.i.IntermediateProofReplayer Proof replay took 8.3ns 
163957     INFO  main            d.u.i.k.p.r.p.TestFile    ... finished proof: closed. 
164222     INFO  main            d.u.i.k.p.i.AbstractProblemLoader Loading environment from /home/runner/work/key/key/key.core/../key.ui/examples/heap/list/ArrayList_size.key.proof 
164222     DEBUG main            d.u.i.k.p.i.AbstractProblemLoader Environment load took 140.41ns 
164223     INFO  main            d.u.i.k.p.i.AbstractProblemLoader Creating init config 
165426     DEBUG main            d.u.i.k.j.r.ClassPreparationMethodBuilder clPrepBuilder: Inner Class detected. Reject building class initialisation methods. 
167864     DEBUG main            d.u.i.k.p.i.AbstractProblemLoader Init config took 3.64s 
167920     INFO  main            d.u.i.k.p.i.AbstractProblemLoader Replaying proof ArrayList[List::size()].JML normal_behavior operation contract.0 
167966     DEBUG main            d.u.i.k.p.i.IntermediateProofReplayer Proof replay took 42.95ms 
167967     DEBUG main            d.u.i.k.p.r.p.TestFile    ... success: reloaded. 
167968     INFO  main            d.u.i.k.p.r.p.TestFile    Now processing file /home/runner/work/key/key/key.core/../key.ui/examples/heap/list/ArrayList.ArrayListIterator_ArrayListIterator.key 
167969     INFO  main            d.u.i.k.p.i.AbstractProblemLoader Loading environment from /home/runner/work/key/key/key.core/../key.ui/examples/heap/list/ArrayList.ArrayListIterator_ArrayListIterator.key 
167969     DEBUG main            d.u.i.k.p.i.AbstractProblemLoader Environment load took 117.91ns 
167970     INFO  main            d.u.i.k.p.i.AbstractProblemLoader Creating init config 
169221     DEBUG main            d.u.i.k.j.r.ClassPreparationMethodBuilder clPrepBuilder: Inner Class detected. Reject building class initialisation methods. 
171767     DEBUG main            d.u.i.k.p.i.AbstractProblemLoader Init config took 3.8s 
171847     INFO  main            d.u.i.k.p.i.AbstractProblemLoader Replaying proof ArrayList.ArrayListIterator[ArrayList.ArrayListIterator::ArrayListIterator(ArrayList)].JML normal_behavior operation contract.0 
171849     DEBUG main            d.u.i.k.p.i.IntermediateProofReplayer Proof replay took 7.6ns 
172654     INFO  main            d.u.i.k.p.r.p.TestFile    ... finished proof: closed. 
172979     INFO  main            d.u.i.k.p.i.AbstractProblemLoader Loading environment from /home/runner/work/key/key/key.core/../key.ui/examples/heap/list/ArrayList.ArrayListIterator_ArrayListIterator.key.proof 
172979     DEBUG main            d.u.i.k.p.i.AbstractProblemLoader Environment load took 582.04ns 
172981     INFO  main            d.u.i.k.p.i.AbstractProblemLoader Creating init config 
174134     DEBUG main            d.u.i.k.j.r.ClassPreparationMethodBuilder clPrepBuilder: Inner Class detected. Reject building class initialisation methods. 
176580     DEBUG main            d.u.i.k.p.i.AbstractProblemLoader Init config took 3.6s 
176645     INFO  main            d.u.i.k.p.i.AbstractProblemLoader Replaying proof ArrayList.ArrayListIterator[ArrayList.ArrayListIterator::ArrayListIterator(ArrayList)].JML normal_behavior operation contract.0 
176778     DEBUG main            d.u.i.k.p.i.IntermediateProofReplayer Proof replay took 129.17ms 
176780     DEBUG main            d.u.i.k.p.r.p.TestFile    ... success: reloaded. 
176781     INFO  main            d.u.i.k.p.r.p.TestFile    Now processing file /home/runner/work/key/key/key.core/../key.ui/examples/heap/list/ArrayList.ArrayListIterator_hasNext_dep.key 
176781     INFO  main            d.u.i.k.p.i.AbstractProblemLoader Loading environment from /home/runner/work/key/key/key.core/../key.ui/examples/heap/list/ArrayList.ArrayListIterator_hasNext_dep.key 
176781     DEBUG main            d.u.i.k.p.i.AbstractProblemLoader Environment load took 115.91ns 
176782     INFO  main            d.u.i.k.p.i.AbstractProblemLoader Creating init config 
178011     DEBUG main            d.u.i.k.j.r.ClassPreparationMethodBuilder clPrepBuilder: Inner Class detected. Reject building class initialisation methods. 
180486     DEBUG main            d.u.i.k.p.i.AbstractProblemLoader Init config took 3.7s 
180550     INFO  main            d.u.i.k.p.i.AbstractProblemLoader Replaying proof ArrayList.ArrayListIterator[ListIterator::hasNext()].JML accessible clause.0 
180553     DEBUG main            d.u.i.k.p.i.IntermediateProofReplayer Proof replay took 7.8ns 
180956     INFO  main            d.u.i.k.p.r.p.TestFile    ... finished proof: closed. 
181251     INFO  main            d.u.i.k.p.i.AbstractProblemLoader Loading environment from /home/runner/work/key/key/key.core/../key.ui/examples/heap/list/ArrayList.ArrayListIterator_hasNext_dep.key.proof 
181251     DEBUG main            d.u.i.k.p.i.AbstractProblemLoader Environment load took 173.11ns 
181252     INFO  main            d.u.i.k.p.i.AbstractProblemLoader Creating init config 
182445     DEBUG main            d.u.i.k.j.r.ClassPreparationMethodBuilder clPrepBuilder: Inner Class detected. Reject building class initialisation methods. 
184876     DEBUG main            d.u.i.k.p.i.AbstractProblemLoader Init config took 3.62s 
184939     INFO  main            d.u.i.k.p.i.AbstractProblemLoader Replaying proof ArrayList.ArrayListIterator[ListIterator::hasNext()].JML accessible clause.0 
185005     DEBUG main            d.u.i.k.p.i.IntermediateProofReplayer Proof replay took 62.67ms 
185006     DEBUG main            d.u.i.k.p.r.p.TestFile    ... success: reloaded. 
185008     INFO  main            d.u.i.k.p.r.p.TestFile    Now processing file /home/runner/work/key/key/key.core/../key.ui/examples/heap/list/ArrayList.ArrayListIterator_hasNext.key 
185009     INFO  main            d.u.i.k.p.i.AbstractProblemLoader Loading environment from /home/runner/work/key/key/key.core/../key.ui/examples/heap/list/ArrayList.ArrayListIterator_hasNext.key 
185009     DEBUG main            d.u.i.k.p.i.AbstractProblemLoader Environment load took 100.61ns 
185011     INFO  main            d.u.i.k.p.i.AbstractProblemLoader Creating init config 
186233     DEBUG main            d.u.i.k.j.r.ClassPreparationMethodBuilder clPrepBuilder: Inner Class detected. Reject building class initialisation methods. 
188800     DEBUG main            d.u.i.k.p.i.AbstractProblemLoader Init config took 3.79s 
188887     INFO  main            d.u.i.k.p.i.AbstractProblemLoader Replaying proof ArrayList.ArrayListIterator[ListIterator::hasNext()].JML normal_behavior operation contract.0 
188888     DEBUG main            d.u.i.k.p.i.IntermediateProofReplayer Proof replay took 7.9ns 
189392     INFO  main            d.u.i.k.p.r.p.TestFile    ... finished proof: closed. 
189726     INFO  main            d.u.i.k.p.i.AbstractProblemLoader Loading environment from /home/runner/work/key/key/key.core/../key.ui/examples/heap/list/ArrayList.ArrayListIterator_hasNext.key.proof 
189726     DEBUG main            d.u.i.k.p.i.AbstractProblemLoader Environment load took 128.21ns 
189728     INFO  main            d.u.i.k.p.i.AbstractProblemLoader Creating init config 
190949     DEBUG main            d.u.i.k.j.r.ClassPreparationMethodBuilder clPrepBuilder: Inner Class detected. Reject building class initialisation methods. 
193306     DEBUG main            d.u.i.k.p.i.AbstractProblemLoader Init config took 3.58s 
193367     INFO  main            d.u.i.k.p.i.AbstractProblemLoader Replaying proof ArrayList.ArrayListIterator[ListIterator::hasNext()].JML normal_behavior operation contract.0 
193460     DEBUG main            d.u.i.k.p.i.IntermediateProofReplayer Proof replay took 90.5ms 
193462     DEBUG main            d.u.i.k.p.r.p.TestFile    ... success: reloaded. 
193463     INFO  main            d.u.i.k.p.r.p.TestFile    Now processing file /home/runner/work/key/key/key.core/../key.ui/examples/heap/list/ArrayList.ArrayListIterator_inv.key 
193463     INFO  main            d.u.i.k.p.i.AbstractProblemLoader Loading environment from /home/runner/work/key/key/key.core/../key.ui/examples/heap/list/ArrayList.ArrayListIterator_inv.key 
193464     DEBUG main            d.u.i.k.p.i.AbstractProblemLoader Environment load took 137.91ns 
193465     INFO  main            d.u.i.k.p.i.AbstractProblemLoader Creating init config 
194605     DEBUG main            d.u.i.k.j.r.ClassPreparationMethodBuilder clPrepBuilder: Inner Class detected. Reject building class initialisation methods. 
197024     DEBUG main            d.u.i.k.p.i.AbstractProblemLoader Init config took 3.56s 
197133     INFO  main            d.u.i.k.p.i.AbstractProblemLoader Replaying proof ArrayList.ArrayListIterator[java.lang.Object::<inv>()].JML accessible clause.0 
197135     DEBUG main            d.u.i.k.p.i.IntermediateProofReplayer Proof replay took 7.5ns 
198140     INFO  main            d.u.i.k.p.r.p.TestFile    ... finished proof: closed. 
198482     INFO  main            d.u.i.k.p.i.AbstractProblemLoader Loading environment from /home/runner/work/key/key/key.core/../key.ui/examples/heap/list/ArrayList.ArrayListIterator_inv.key.proof 
198482     DEBUG main            d.u.i.k.p.i.AbstractProblemLoader Environment load took 142.51ns 
198483     INFO  main            d.u.i.k.p.i.AbstractProblemLoader Creating init config 
199670     DEBUG main            d.u.i.k.j.r.ClassPreparationMethodBuilder clPrepBuilder: Inner Class detected. Reject building class initialisation methods. 
202116     DEBUG main            d.u.i.k.p.i.AbstractProblemLoader Init config took 3.63s 
202182     INFO  main            d.u.i.k.p.i.AbstractProblemLoader Replaying proof ArrayList.ArrayListIterator[java.lang.Object::<inv>()].JML accessible clause.0 
202308     DEBUG main            d.u.i.k.p.i.IntermediateProofReplayer Proof replay took 118.9ms 
202310     DEBUG main            d.u.i.k.p.r.p.TestFile    ... success: reloaded. 
202311     INFO  main            d.u.i.k.p.r.p.TestFile    Now processing file /home/runner/work/key/key/key.core/../key.ui/examples/heap/list/ArrayList.ArrayListIterator_list.key 
202311     INFO  main            d.u.i.k.p.i.AbstractProblemLoader Loading environment from /home/runner/work/key/key/key.core/../key.ui/examples/heap/list/ArrayList.ArrayListIterator_list.key 
202311     DEBUG main            d.u.i.k.p.i.AbstractProblemLoader Environment load took 313.82ns 
202314     INFO  main            d.u.i.k.p.i.AbstractProblemLoader Creating init config 
203521     DEBUG main            d.u.i.k.j.r.ClassPreparationMethodBuilder clPrepBuilder: Inner Class detected. Reject building class initialisation methods. 
205956     DEBUG main            d.u.i.k.p.i.AbstractProblemLoader Init config took 3.64s 
206004     INFO  main            d.u.i.k.p.i.AbstractProblemLoader Replaying proof ListIterator[ListIterator::$list()].JML accessible clause.0 
206006     DEBUG main            d.u.i.k.p.i.IntermediateProofReplayer Proof replay took 7.9ns 
206108     INFO  main            d.u.i.k.p.r.p.TestFile    ... finished proof: closed. 
206434     INFO  main            d.u.i.k.p.i.AbstractProblemLoader Loading environment from /home/runner/work/key/key/key.core/../key.ui/examples/heap/list/ArrayList.ArrayListIterator_list.key.proof 
206434     DEBUG main            d.u.i.k.p.i.AbstractProblemLoader Environment load took 138.71ns 
206436     INFO  main            d.u.i.k.p.i.AbstractProblemLoader Creating init config 
207616     DEBUG main            d.u.i.k.j.r.ClassPreparationMethodBuilder clPrepBuilder: Inner Class detected. Reject building class initialisation methods. 
210061     DEBUG main            d.u.i.k.p.i.AbstractProblemLoader Init config took 3.63s 
210112     INFO  main            d.u.i.k.p.i.AbstractProblemLoader Replaying proof ListIterator[ListIterator::$list()].JML accessible clause.0 
210115     DEBUG main            d.u.i.k.p.i.IntermediateProofReplayer Proof replay took 1.18ms 
210116     DEBUG main            d.u.i.k.p.r.p.TestFile    ... success: reloaded. 
210118     INFO  main            d.u.i.k.p.r.p.TestFile    Now processing file /home/runner/work/key/key/key.core/../key.ui/examples/heap/list/ArrayList.ArrayListIterator_next_exceptional.key 
210118     INFO  main            d.u.i.k.p.i.AbstractProblemLoader Loading environment from /home/runner/work/key/key/key.core/../key.ui/examples/heap/list/ArrayList.ArrayListIterator_next_exceptional.key 
210118     DEBUG main            d.u.i.k.p.i.AbstractProblemLoader Environment load took 118.11ns 
210119     INFO  main            d.u.i.k.p.i.AbstractProblemLoader Creating init config 
211312     DEBUG main            d.u.i.k.j.r.ClassPreparationMethodBuilder clPrepBuilder: Inner Class detected. Reject building class initialisation methods. 
213862     DEBUG main            d.u.i.k.p.i.AbstractProblemLoader Init config took 3.74s 
213925     INFO  main            d.u.i.k.p.i.AbstractProblemLoader Replaying proof ArrayList.ArrayListIterator[ListIterator::next()].JML exceptional_behavior operation contract.0 
213927     DEBUG main            d.u.i.k.p.i.IntermediateProofReplayer Proof replay took 7.9ns 
214937     INFO  main            d.u.i.k.p.r.p.TestFile    ... finished proof: closed. 
215272     INFO  main            d.u.i.k.p.i.AbstractProblemLoader Loading environment from /home/runner/work/key/key/key.core/../key.ui/examples/heap/list/ArrayList.ArrayListIterator_next_exceptional.key.proof 
215272     DEBUG main            d.u.i.k.p.i.AbstractProblemLoader Environment load took 239.12ns 
215274     INFO  main            d.u.i.k.p.i.AbstractProblemLoader Creating init config 
216451     DEBUG main            d.u.i.k.j.r.ClassPreparationMethodBuilder clPrepBuilder: Inner Class detected. Reject building class initialisation methods. 
218911     DEBUG main            d.u.i.k.p.i.AbstractProblemLoader Init config took 3.64s 
218975     INFO  main            d.u.i.k.p.i.AbstractProblemLoader Replaying proof ArrayList.ArrayListIterator[ListIterator::next()].JML exceptional_behavior operation contract.0 
219165     DEBUG main            d.u.i.k.p.i.IntermediateProofReplayer Proof replay took 183ms 
219167     DEBUG main            d.u.i.k.p.r.p.TestFile    ... success: reloaded. 
219169     INFO  main            d.u.i.k.p.r.p.TestFile    Now processing file /home/runner/work/key/key/key.core/../key.ui/examples/heap/list/ArrayList.ArrayListIterator_next_normal.key 
219169     INFO  main            d.u.i.k.p.i.AbstractProblemLoader Loading environment from /home/runner/work/key/key/key.core/../key.ui/examples/heap/list/ArrayList.ArrayListIterator_next_normal.key 
219169     DEBUG main            d.u.i.k.p.i.AbstractProblemLoader Environment load took 134.51ns 
219170     INFO  main            d.u.i.k.p.i.AbstractProblemLoader Creating init config 
220396     DEBUG main            d.u.i.k.j.r.ClassPreparationMethodBuilder clPrepBuilder: Inner Class detected. Reject building class initialisation methods. 
222895     DEBUG main            d.u.i.k.p.i.AbstractProblemLoader Init config took 3.72s 
222958     INFO  main            d.u.i.k.p.i.AbstractProblemLoader Replaying proof ArrayList.ArrayListIterator[ListIterator::next()].JML normal_behavior operation contract.0 
222960     DEBUG main            d.u.i.k.p.i.IntermediateProofReplayer Proof replay took 8.4ns 
224068     INFO  main            d.u.i.k.p.r.p.TestFile    ... finished proof: closed. 
224482     INFO  main            d.u.i.k.p.i.AbstractProblemLoader Loading environment from /home/runner/work/key/key/key.core/../key.ui/examples/heap/list/ArrayList.ArrayListIterator_next_normal.key.proof 
224483     DEBUG main            d.u.i.k.p.i.AbstractProblemLoader Environment load took 541.93ns 
224485     INFO  main            d.u.i.k.p.i.AbstractProblemLoader Creating init config 
225663     DEBUG main            d.u.i.k.j.r.ClassPreparationMethodBuilder clPrepBuilder: Inner Class detected. Reject building class initialisation methods. 
228115     DEBUG main            d.u.i.k.p.i.AbstractProblemLoader Init config took 3.63s 
228176     INFO  main            d.u.i.k.p.i.AbstractProblemLoader Replaying proof ArrayList.ArrayListIterator[ListIterator::next()].JML normal_behavior operation contract.0 
228399     DEBUG main            d.u.i.k.p.i.IntermediateProofReplayer Proof replay took 217.43ms 
228400     DEBUG main            d.u.i.k.p.r.p.TestFile    ... success: reloaded. 
228402     INFO  main            d.u.i.k.p.r.p.TestFile    Now processing file /home/runner/work/key/key/key.core/../key.ui/examples/heap/list/ArrayList.ArrayListIterator_pos.key 
228402     INFO  main            d.u.i.k.p.i.AbstractProblemLoader Loading environment from /home/runner/work/key/key/key.core/../key.ui/examples/heap/list/ArrayList.ArrayListIterator_pos.key 
228402     DEBUG main            d.u.i.k.p.i.AbstractProblemLoader Environment load took 98.31ns 
228403     INFO  main            d.u.i.k.p.i.AbstractProblemLoader Creating init config 
229598     DEBUG main            d.u.i.k.j.r.ClassPreparationMethodBuilder clPrepBuilder: Inner Class detected. Reject building class initialisation methods. 
232042     DEBUG main            d.u.i.k.p.i.AbstractProblemLoader Init config took 3.64s 
232093     INFO  main            d.u.i.k.p.i.AbstractProblemLoader Replaying proof ListIterator[ListIterator::$pos()].JML accessible clause.0 
232095     DEBUG main            d.u.i.k.p.i.IntermediateProofReplayer Proof replay took 7.3ns 
232198     INFO  main            d.u.i.k.p.r.p.TestFile    ... finished proof: closed. 
232525     INFO  main            d.u.i.k.p.i.AbstractProblemLoader Loading environment from /home/runner/work/key/key/key.core/../key.ui/examples/heap/list/ArrayList.ArrayListIterator_pos.key.proof 
232525     DEBUG main            d.u.i.k.p.i.AbstractProblemLoader Environment load took 121.71ns 
232527     INFO  main            d.u.i.k.p.i.AbstractProblemLoader Creating init config 
233747     DEBUG main            d.u.i.k.j.r.ClassPreparationMethodBuilder clPrepBuilder: Inner Class detected. Reject building class initialisation methods. 
236185     DEBUG main            d.u.i.k.p.i.AbstractProblemLoader Init config took 3.66s 
236234     INFO  main            d.u.i.k.p.i.AbstractProblemLoader Replaying proof ListIterator[ListIterator::$pos()].JML accessible clause.0 
236237     DEBUG main            d.u.i.k.p.i.IntermediateProofReplayer Proof replay took 1.13ms 
236238     DEBUG main            d.u.i.k.p.r.p.TestFile    ... success: reloaded. 
236239     INFO  main            d.u.i.k.p.r.p.TestFile    Now processing file /home/runner/work/key/key/key.core/../key.ui/examples/heap/list/Client_m.key 
236240     INFO  main            d.u.i.k.p.i.AbstractProblemLoader Loading environment from /home/runner/work/key/key/key.core/../key.ui/examples/heap/list/Client_m.key 
236240     DEBUG main            d.u.i.k.p.i.AbstractProblemLoader Environment load took 116.51ns 
236241     INFO  main            d.u.i.k.p.i.AbstractProblemLoader Creating init config 
237468     DEBUG main            d.u.i.k.j.r.ClassPreparationMethodBuilder clPrepBuilder: Inner Class detected. Reject building class initialisation methods. 
240012     DEBUG main            d.u.i.k.p.i.AbstractProblemLoader Init config took 3.77s 
240085     INFO  main            d.u.i.k.p.i.AbstractProblemLoader Replaying proof Client[Client::m(List)].JML normal_behavior operation contract.0 
240087     DEBUG main            d.u.i.k.p.i.IntermediateProofReplayer Proof replay took 7.7ns 
240491     INFO  main            d.u.i.k.p.r.p.TestFile    ... finished proof: closed. 
240846     INFO  main            d.u.i.k.p.i.AbstractProblemLoader Loading environment from /home/runner/work/key/key/key.core/../key.ui/examples/heap/list/Client_m.key.proof 
240846     DEBUG main            d.u.i.k.p.i.AbstractProblemLoader Environment load took 143.41ns 
240849     INFO  main            d.u.i.k.p.i.AbstractProblemLoader Creating init config 
242021     DEBUG main            d.u.i.k.j.r.ClassPreparationMethodBuilder clPrepBuilder: Inner Class detected. Reject building class initialisation methods. 
244466     DEBUG main            d.u.i.k.p.i.AbstractProblemLoader Init config took 3.62s 
244515     INFO  main            d.u.i.k.p.i.AbstractProblemLoader Replaying proof Client[Client::m(List)].JML normal_behavior operation contract.0 
244595     DEBUG main            d.u.i.k.p.i.IntermediateProofReplayer Proof replay took 75.7ms 
244602     DEBUG main            d.u.i.k.p.r.p.TestFile    ... success: reloaded. 
244604     INFO  main            d.u.i.k.p.r.p.TestFile    Now processing file /home/runner/work/key/key/key.core/../key.ui/examples/heap/list/Client_n.key 
244605     INFO  main            d.u.i.k.p.i.AbstractProblemLoader Loading environment from /home/runner/work/key/key/key.core/../key.ui/examples/heap/list/Client_n.key 
244605     DEBUG main            d.u.i.k.p.i.AbstractProblemLoader Environment load took 135.41ns 
244615     INFO  main            d.u.i.k.p.i.AbstractProblemLoader Creating init config 
245882     DEBUG main            d.u.i.k.j.r.ClassPreparationMethodBuilder clPrepBuilder: Inner Class detected. Reject building class initialisation methods. 
248388     DEBUG main            d.u.i.k.p.i.AbstractProblemLoader Init config took 3.77s 
248437     INFO  main            d.u.i.k.p.i.AbstractProblemLoader Replaying proof Client[Client::n(List)].JML normal_behavior operation contract.0 
248440     DEBUG main            d.u.i.k.p.i.IntermediateProofReplayer Proof replay took 7.9ns 
248542     INFO  main            d.u.i.k.p.r.p.TestFile    ... finished proof: closed. 
248909     INFO  main            d.u.i.k.p.i.AbstractProblemLoader Loading environment from /home/runner/work/key/key/key.core/../key.ui/examples/heap/list/Client_n.key.proof 
248910     DEBUG main            d.u.i.k.p.i.AbstractProblemLoader Environment load took 113.01ns 
248911     INFO  main            d.u.i.k.p.i.AbstractProblemLoader Creating init config 
250113     DEBUG main            d.u.i.k.j.r.ClassPreparationMethodBuilder clPrepBuilder: Inner Class detected. Reject building class initialisation methods. 
252567     DEBUG main            d.u.i.k.p.i.AbstractProblemLoader Init config took 3.66s 
252614     INFO  main            d.u.i.k.p.i.AbstractProblemLoader Replaying proof Client[Client::n(List)].JML normal_behavior operation contract.0 
252638     DEBUG main            d.u.i.k.p.i.IntermediateProofReplayer Proof replay took 21.5ms 
252639     DEBUG main            d.u.i.k.p.r.p.TestFile    ... success: reloaded. 
252640     INFO  main            d.u.i.k.p.r.p.TestFile    Now processing file /home/runner/work/key/key/key.core/../key.ui/examples/heap/list/LinkedList_get_exceptional.key 
252640     INFO  main            d.u.i.k.p.i.AbstractProblemLoader Loading environment from /home/runner/work/key/key/key.core/../key.ui/examples/heap/list/LinkedList_get_exceptional.key 
252640     DEBUG main            d.u.i.k.p.i.AbstractProblemLoader Environment load took 103.01ns 
252641     INFO  main            d.u.i.k.p.i.AbstractProblemLoader Creating init config 
253774     DEBUG main            d.u.i.k.j.r.ClassPreparationMethodBuilder clPrepBuilder: Inner Class detected. Reject building class initialisation methods. 
256150     DEBUG main            d.u.i.k.p.i.AbstractProblemLoader Init config took 3.51s 
256202     INFO  main            d.u.i.k.p.i.AbstractProblemLoader Replaying proof LinkedList[List::get(int)].JML exceptional_behavior operation contract.0 
256204     DEBUG main            d.u.i.k.p.i.IntermediateProofReplayer Proof replay took 8.6ns 
258631     INFO  main            d.u.i.k.p.r.p.TestFile    ... finished proof: closed. 
259003     INFO  main            d.u.i.k.p.i.AbstractProblemLoader Loading environment from /home/runner/work/key/key/key.core/../key.ui/examples/heap/list/LinkedList_get_exceptional.key.proof 
259003     DEBUG main            d.u.i.k.p.i.AbstractProblemLoader Environment load took 129.71ns 
259005     INFO  main            d.u.i.k.p.i.AbstractProblemLoader Creating init config 
260181     DEBUG main            d.u.i.k.j.r.ClassPreparationMethodBuilder clPrepBuilder: Inner Class detected. Reject building class initialisation methods. 
262517     DEBUG main            d.u.i.k.p.i.AbstractProblemLoader Init config took 3.51s 
262594     INFO  main            d.u.i.k.p.i.AbstractProblemLoader Replaying proof LinkedList[List::get(int)].JML exceptional_behavior operation contract.0 
262953     DEBUG main            d.u.i.k.p.i.IntermediateProofReplayer Proof replay took 348.8ms 
262954     DEBUG main            d.u.i.k.p.r.p.TestFile    ... success: reloaded. 
262955     INFO  main            d.u.i.k.p.r.p.TestFile    Now processing file /home/runner/work/key/key/key.core/../key.ui/examples/heap/list/LinkedList_get_normal.key 
262956     INFO  main            d.u.i.k.p.i.AbstractProblemLoader Loading environment from /home/runner/work/key/key/key.core/../key.ui/examples/heap/list/LinkedList_get_normal.key 
262956     DEBUG main            d.u.i.k.p.i.AbstractProblemLoader Environment load took 237.51ns 
262957     INFO  main            d.u.i.k.p.i.AbstractProblemLoader Creating init config 
264094     DEBUG main            d.u.i.k.j.r.ClassPreparationMethodBuilder clPrepBuilder: Inner Class detected. Reject building class initialisation methods. 
266479     DEBUG main            d.u.i.k.p.i.AbstractProblemLoader Init config took 3.52s 
266532     INFO  main            d.u.i.k.p.i.AbstractProblemLoader Replaying proof LinkedList[List::get(int)].JML normal_behavior operation contract.0 
266534     DEBUG main            d.u.i.k.p.i.IntermediateProofReplayer Proof replay took 8.3ns 
272494     INFO  main            d.u.i.k.p.r.p.TestFile    ... finished proof: closed. 
272988     INFO  main            d.u.i.k.p.i.AbstractProblemLoader Loading environment from /home/runner/work/key/key/key.core/../key.ui/examples/heap/list/LinkedList_get_normal.key.proof 
272989     DEBUG main            d.u.i.k.p.i.AbstractProblemLoader Environment load took 517.23ns 
272992     INFO  main            d.u.i.k.p.i.AbstractProblemLoader Creating init config 
274105     DEBUG main            d.u.i.k.j.r.ClassPreparationMethodBuilder clPrepBuilder: Inner Class detected. Reject building class initialisation methods. 
276393     DEBUG main            d.u.i.k.p.i.AbstractProblemLoader Init config took 3.4s 
276446     INFO  main            d.u.i.k.p.i.AbstractProblemLoader Replaying proof LinkedList[List::get(int)].JML normal_behavior operation contract.0 
276990     DEBUG main            d.u.i.k.p.i.IntermediateProofReplayer Proof replay took 522.74ms 
276992     DEBUG main            d.u.i.k.p.r.p.TestFile    ... success: reloaded. 
276993     INFO  main            d.u.i.k.p.r.p.TestFile    Now processing file /home/runner/work/key/key/key.core/../key.ui/examples/heap/list/LinkedList_LinkedList.key 
276994     INFO  main            d.u.i.k.p.i.AbstractProblemLoader Loading environment from /home/runner/work/key/key/key.core/../key.ui/examples/heap/list/LinkedList_LinkedList.key 
276994     DEBUG main            d.u.i.k.p.i.AbstractProblemLoader Environment load took 133.41ns 
276995     INFO  main            d.u.i.k.p.i.AbstractProblemLoader Creating init config 
278169     DEBUG main            d.u.i.k.j.r.ClassPreparationMethodBuilder clPrepBuilder: Inner Class detected. Reject building class initialisation methods. 
280517     DEBUG main            d.u.i.k.p.i.AbstractProblemLoader Init config took 3.52s 
280568     INFO  main            d.u.i.k.p.i.AbstractProblemLoader Replaying proof LinkedList[LinkedList::LinkedList()].JML normal_behavior operation contract.0 
280570     DEBUG main            d.u.i.k.p.i.IntermediateProofReplayer Proof replay took 7.6ns 
281174     INFO  main            d.u.i.k.p.r.p.TestFile    ... finished proof: closed. 
281585     INFO  main            d.u.i.k.p.i.AbstractProblemLoader Loading environment from /home/runner/work/key/key/key.core/../key.ui/examples/heap/list/LinkedList_LinkedList.key.proof 
281586     DEBUG main            d.u.i.k.p.i.AbstractProblemLoader Environment load took 125.31ns 
281587     INFO  main            d.u.i.k.p.i.AbstractProblemLoader Creating init config 
282691     DEBUG main            d.u.i.k.j.r.ClassPreparationMethodBuilder clPrepBuilder: Inner Class detected. Reject building class initialisation methods. 
285098     DEBUG main            d.u.i.k.p.i.AbstractProblemLoader Init config took 3.51s 
285152     INFO  main            d.u.i.k.p.i.AbstractProblemLoader Replaying proof LinkedList[LinkedList::LinkedList()].JML normal_behavior operation contract.0 
285272     DEBUG main            d.u.i.k.p.i.IntermediateProofReplayer Proof replay took 116.36ms 
285273     DEBUG main            d.u.i.k.p.r.p.TestFile    ... success: reloaded. 
285275     INFO  main            d.u.i.k.p.r.p.TestFile    Now processing file /home/runner/work/key/key/key.core/../key.ui/examples/heap/list/LinkedList_size_dep.key 
285275     INFO  main            d.u.i.k.p.i.AbstractProblemLoader Loading environment from /home/runner/work/key/key/key.core/../key.ui/examples/heap/list/LinkedList_size_dep.key 
285275     DEBUG main            d.u.i.k.p.i.AbstractProblemLoader Environment load took 113.61ns 
285276     INFO  main            d.u.i.k.p.i.AbstractProblemLoader Creating init config 
286424     DEBUG main            d.u.i.k.j.r.ClassPreparationMethodBuilder clPrepBuilder: Inner Class detected. Reject building class initialisation methods. 
288867     DEBUG main            d.u.i.k.p.i.AbstractProblemLoader Init config took 3.59s 
288919     INFO  main            d.u.i.k.p.i.AbstractProblemLoader Replaying proof LinkedList[List::size()].JML accessible clause.0 
288921     DEBUG main            d.u.i.k.p.i.IntermediateProofReplayer Proof replay took 7.9ns 
289525     INFO  main            d.u.i.k.p.r.p.TestFile    ... finished proof: closed. 
289938     INFO  main            d.u.i.k.p.i.AbstractProblemLoader Loading environment from /home/runner/work/key/key/key.core/../key.ui/examples/heap/list/LinkedList_size_dep.key.proof 
289938     DEBUG main            d.u.i.k.p.i.AbstractProblemLoader Environment load took 113.71ns 
289939     INFO  main            d.u.i.k.p.i.AbstractProblemLoader Creating init config 
291077     DEBUG main            d.u.i.k.j.r.ClassPreparationMethodBuilder clPrepBuilder: Inner Class detected. Reject building class initialisation methods. 
293467     DEBUG main            d.u.i.k.p.i.AbstractProblemLoader Init config took 3.53s 
293523     INFO  main            d.u.i.k.p.i.AbstractProblemLoader Replaying proof LinkedList[List::size()].JML accessible clause.0 
293583     DEBUG main            d.u.i.k.p.i.IntermediateProofReplayer Proof replay took 57.47ms 
293584     DEBUG main            d.u.i.k.p.r.p.TestFile    ... success: reloaded. 
293585     INFO  main            d.u.i.k.p.r.p.TestFile    Now processing file /home/runner/work/key/key/key.core/../key.ui/examples/heap/list/LinkedList_size.key 
293586     INFO  main            d.u.i.k.p.i.AbstractProblemLoader Loading environment from /home/runner/work/key/key/key.core/../key.ui/examples/heap/list/LinkedList_size.key 
293586     DEBUG main            d.u.i.k.p.i.AbstractProblemLoader Environment load took 110.21ns 
293587     INFO  main            d.u.i.k.p.i.AbstractProblemLoader Creating init config 
294757     DEBUG main            d.u.i.k.j.r.ClassPreparationMethodBuilder clPrepBuilder: Inner Class detected. Reject building class initialisation methods. 
297181     DEBUG main            d.u.i.k.p.i.AbstractProblemLoader Init config took 3.59s 
297233     INFO  main            d.u.i.k.p.i.AbstractProblemLoader Replaying proof LinkedList[List::size()].JML normal_behavior operation contract.0 
297235     DEBUG main            d.u.i.k.p.i.IntermediateProofReplayer Proof replay took 7.9ns 
297741     INFO  main            d.u.i.k.p.r.p.TestFile    ... finished proof: closed. 
298116     INFO  main            d.u.i.k.p.i.AbstractProblemLoader Loading environment from /home/runner/work/key/key/key.core/../key.ui/examples/heap/list/LinkedList_size.key.proof 
298117     DEBUG main            d.u.i.k.p.i.AbstractProblemLoader Environment load took 156.91ns 
298118     INFO  main            d.u.i.k.p.i.AbstractProblemLoader Creating init config 
299262     DEBUG main            d.u.i.k.j.r.ClassPreparationMethodBuilder clPrepBuilder: Inner Class detected. Reject building class initialisation methods. 
301638     DEBUG main            d.u.i.k.p.i.AbstractProblemLoader Init config took 3.52s 
301691     INFO  main            d.u.i.k.p.i.AbstractProblemLoader Replaying proof LinkedList[List::size()].JML normal_behavior operation contract.0 
301745     DEBUG main            d.u.i.k.p.i.IntermediateProofReplayer Proof replay took 50.51ms 
301746     DEBUG main            d.u.i.k.p.r.p.TestFile    ... success: reloaded. 
301747     INFO  main            d.u.i.k.p.r.p.TestFile    Now processing file /home/runner/work/key/key/key.core/../key.ui/examples/heap/list/MySet_footprint.key 
301747     INFO  main            d.u.i.k.p.i.AbstractProblemLoader Loading environment from /home/runner/work/key/key/key.core/../key.ui/examples/heap/list/MySet_footprint.key 
301747     DEBUG main            d.u.i.k.p.i.AbstractProblemLoader Environment load took 75.5ns 
301748     INFO  main            d.u.i.k.p.i.AbstractProblemLoader Creating init config 
302889     DEBUG main            d.u.i.k.j.r.ClassPreparationMethodBuilder clPrepBuilder: Inner Class detected. Reject building class initialisation methods. 
305273     DEBUG main            d.u.i.k.p.i.AbstractProblemLoader Init config took 3.53s 
305328     INFO  main            d.u.i.k.p.i.AbstractProblemLoader Replaying proof MySet[MySet::$footprint()].JML accessible clause.0 
305329     DEBUG main            d.u.i.k.p.i.IntermediateProofReplayer Proof replay took 8.3ns 
305632     INFO  main            d.u.i.k.p.r.p.TestFile    ... finished proof: closed. 
306118     INFO  main            d.u.i.k.p.i.AbstractProblemLoader Loading environment from /home/runner/work/key/key/key.core/../key.ui/examples/heap/list/MySet_footprint.key.proof 
306118     DEBUG main            d.u.i.k.p.i.AbstractProblemLoader Environment load took 131.31ns 
306119     INFO  main            d.u.i.k.p.i.AbstractProblemLoader Creating init config 
307231     DEBUG main            d.u.i.k.j.r.ClassPreparationMethodBuilder clPrepBuilder: Inner Class detected. Reject building class initialisation methods. 
309551     DEBUG main            d.u.i.k.p.i.AbstractProblemLoader Init config took 3.43s 
309611     INFO  main            d.u.i.k.p.i.AbstractProblemLoader Replaying proof MySet[MySet::$footprint()].JML accessible clause.0 
309650     DEBUG main            d.u.i.k.p.i.IntermediateProofReplayer Proof replay took 36.53ms 
309651     DEBUG main            d.u.i.k.p.r.p.TestFile    ... success: reloaded. 
309652     INFO  main            d.u.i.k.p.r.p.TestFile    Now processing file /home/runner/work/key/key/key.core/../key.ui/examples/heap/list/MySet_MySet.key 
309652     INFO  main            d.u.i.k.p.i.AbstractProblemLoader Loading environment from /home/runner/work/key/key/key.core/../key.ui/examples/heap/list/MySet_MySet.key 
309652     DEBUG main            d.u.i.k.p.i.AbstractProblemLoader Environment load took 114.21ns 
309653     INFO  main            d.u.i.k.p.i.AbstractProblemLoader Creating init config 
310816     DEBUG main            d.u.i.k.j.r.ClassPreparationMethodBuilder clPrepBuilder: Inner Class detected. Reject building class initialisation methods. 
313231     DEBUG main            d.u.i.k.p.i.AbstractProblemLoader Init config took 3.58s 
313288     INFO  main            d.u.i.k.p.i.AbstractProblemLoader Replaying proof MySet[MySet::MySet()].JML normal_behavior operation contract.0 
313290     DEBUG main            d.u.i.k.p.i.IntermediateProofReplayer Proof replay took 7.8ns 
316200     INFO  main            d.u.i.k.p.r.p.TestFile    ... finished proof: closed. 
316632     INFO  main            d.u.i.k.p.i.AbstractProblemLoader Loading environment from /home/runner/work/key/key/key.core/../key.ui/examples/heap/list/MySet_MySet.key.proof 
316632     DEBUG main            d.u.i.k.p.i.AbstractProblemLoader Environment load took 126.81ns 
316634     INFO  main            d.u.i.k.p.i.AbstractProblemLoader Creating init config 
317804     DEBUG main            d.u.i.k.j.r.ClassPreparationMethodBuilder clPrepBuilder: Inner Class detected. Reject building class initialisation methods. 
320167     DEBUG main            d.u.i.k.p.i.AbstractProblemLoader Init config took 3.53s 
320223     INFO  main            d.u.i.k.p.i.AbstractProblemLoader Replaying proof MySet[MySet::MySet()].JML normal_behavior operation contract.0 
320652     DEBUG main            d.u.i.k.p.i.IntermediateProofReplayer Proof replay took 415.71ms 
320654     DEBUG main            d.u.i.k.p.r.p.TestFile    ... success: reloaded. 
1335784    INFO  Test worker     d.u.i.k.p.r.RunAllProofsTestUnit Returning from test list 
1335785    INFO  Test worker     d.u.i.k.p.r.RunAllProofsTestUnit Running test list_ghost 
443        INFO  Timeout watchdog d.u.i.k.p.r.p.ForkedTestFileRunner Timeout watcher launched (2000 secs.) 
449        WARN  main            d.u.i.k.s.ProofSettings   The settings in /home/runner/.key/proof-settings.props are *not* read. 
493        INFO  main            d.u.i.k.p.r.p.TestFile    Now processing file /home/runner/work/key/key/key.core/../key.ui/examples/heap/list_ghost/ArrayList_add.key 
658        INFO  main            d.u.i.k.p.i.AbstractProblemLoader Loading environment from /home/runner/work/key/key/key.core/../key.ui/examples/heap/list_ghost/ArrayList_add.key 
678        DEBUG main            d.u.i.k.p.i.AbstractProblemLoader Environment load took 2.34ms 
985        INFO  main            d.u.i.k.p.i.AbstractProblemLoader Creating init config 
2233       DEBUG main            d.u.i.k.j.TypeConverter   No LDT found for Meta 
2233       DEBUG main            d.u.i.k.j.TypeConverter   No LDT found for Meta 
2234       DEBUG main            d.u.i.k.j.TypeConverter   No LDT found for Meta 
2234       DEBUG main            d.u.i.k.j.TypeConverter   No LDT found for Meta 
3766       DEBUG main            d.u.i.k.j.TypeConverter   No LDT found for JavaBigintExpression 
9958       DEBUG main            d.u.i.k.p.i.AbstractProblemLoader Init config took 8.97s 
10143      INFO  main            d.u.i.k.p.i.AbstractProblemLoader Replaying proof ArrayList[List::add(java.lang.Object)].JML normal_behavior operation contract.0 
10185      DEBUG main            d.u.i.k.p.i.IntermediateProofReplayer Proof replay took 42.8ns 
17043      INFO  main            d.u.i.k.p.r.p.TestFile    ... finished proof: closed. 
17293      INFO  main            d.u.i.k.p.i.AbstractProblemLoader Loading environment from /home/runner/work/key/key/key.core/../key.ui/examples/heap/list_ghost/ArrayList_add.key.proof 
17293      DEBUG main            d.u.i.k.p.i.AbstractProblemLoader Environment load took 211.71ns 
17305      INFO  main            d.u.i.k.p.i.AbstractProblemLoader Creating init config 
20935      DEBUG main            d.u.i.k.p.i.AbstractProblemLoader Init config took 3.63s 
21031      INFO  main            d.u.i.k.p.i.AbstractProblemLoader Replaying proof ArrayList[List::add(java.lang.Object)].JML normal_behavior operation contract.0 
22029      DEBUG main            d.u.i.k.p.i.IntermediateProofReplayer Proof replay took 972.66ms 
22042      DEBUG main            d.u.i.k.p.r.p.TestFile    ... success: reloaded. 
22044      INFO  main            d.u.i.k.p.r.p.TestFile    Now processing file /home/runner/work/key/key/key.core/../key.ui/examples/heap/list_ghost/ArrayList_ArrayList.key 
22045      INFO  main            d.u.i.k.p.i.AbstractProblemLoader Loading environment from /home/runner/work/key/key/key.core/../key.ui/examples/heap/list_ghost/ArrayList_ArrayList.key 
22045      DEBUG main            d.u.i.k.p.i.AbstractProblemLoader Environment load took 338.72ns 
22047      INFO  main            d.u.i.k.p.i.AbstractProblemLoader Creating init config 
25585      DEBUG main            d.u.i.k.p.i.AbstractProblemLoader Init config took 3.54s 
25655      INFO  main            d.u.i.k.p.i.AbstractProblemLoader Replaying proof ArrayList[ArrayList::ArrayList()].JML normal_behavior operation contract.0 
25659      DEBUG main            d.u.i.k.p.i.IntermediateProofReplayer Proof replay took 8.9ns 
27067      INFO  main            d.u.i.k.p.r.p.TestFile    ... finished proof: closed. 
27302      INFO  main            d.u.i.k.p.i.AbstractProblemLoader Loading environment from /home/runner/work/key/key/key.core/../key.ui/examples/heap/list_ghost/ArrayList_ArrayList.key.proof 
27303      DEBUG main            d.u.i.k.p.i.AbstractProblemLoader Environment load took 921.85ns 
27307      INFO  main            d.u.i.k.p.i.AbstractProblemLoader Creating init config 
30626      DEBUG main            d.u.i.k.p.i.AbstractProblemLoader Init config took 3.32s 
30711      INFO  main            d.u.i.k.p.i.AbstractProblemLoader Replaying proof ArrayList[ArrayList::ArrayList()].JML normal_behavior operation contract.0 
30952      DEBUG main            d.u.i.k.p.i.IntermediateProofReplayer Proof replay took 231.06ms 
30954      DEBUG main            d.u.i.k.p.r.p.TestFile    ... success: reloaded. 
30957      INFO  main            d.u.i.k.p.r.p.TestFile    Now processing file /home/runner/work/key/key/key.core/../key.ui/examples/heap/list_ghost/ArrayList_enlarge.key 
30957      INFO  main            d.u.i.k.p.i.AbstractProblemLoader Loading environment from /home/runner/work/key/key/key.core/../key.ui/examples/heap/list_ghost/ArrayList_enlarge.key 
30958      DEBUG main            d.u.i.k.p.i.AbstractProblemLoader Environment load took 161.01ns 
30959      INFO  main            d.u.i.k.p.i.AbstractProblemLoader Creating init config 
34198      DEBUG main            d.u.i.k.p.i.AbstractProblemLoader Init config took 3.24s 
34256      INFO  main            d.u.i.k.p.i.AbstractProblemLoader Replaying proof ArrayList[ArrayList::enlarge()].JML normal_behavior operation contract.0 
34258      DEBUG main            d.u.i.k.p.i.IntermediateProofReplayer Proof replay took 7.9ns 
37000      INFO  main            d.u.i.k.p.r.p.TestFile    ... finished proof: closed. 
37196      INFO  main            d.u.i.k.p.i.AbstractProblemLoader Loading environment from /home/runner/work/key/key/key.core/../key.ui/examples/heap/list_ghost/ArrayList_enlarge.key.proof 
37197      DEBUG main            d.u.i.k.p.i.AbstractProblemLoader Environment load took 554.43ns 
37198      INFO  main            d.u.i.k.p.i.AbstractProblemLoader Creating init config 
40423      DEBUG main            d.u.i.k.p.i.AbstractProblemLoader Init config took 3.22s 
40480      INFO  main            d.u.i.k.p.i.AbstractProblemLoader Replaying proof ArrayList[ArrayList::enlarge()].JML normal_behavior operation contract.0 
41014      DEBUG main            d.u.i.k.p.i.IntermediateProofReplayer Proof replay took 524.35ms 
41016      DEBUG main            d.u.i.k.p.r.p.TestFile    ... success: reloaded. 
41018      INFO  main            d.u.i.k.p.r.p.TestFile    Now processing file /home/runner/work/key/key/key.core/../key.ui/examples/heap/list_ghost/ArrayList_get_dep.key 
41018      INFO  main            d.u.i.k.p.i.AbstractProblemLoader Loading environment from /home/runner/work/key/key/key.core/../key.ui/examples/heap/list_ghost/ArrayList_get_dep.key 
41019      DEBUG main            d.u.i.k.p.i.AbstractProblemLoader Environment load took 365.72ns 
41020      INFO  main            d.u.i.k.p.i.AbstractProblemLoader Creating init config 
44220      DEBUG main            d.u.i.k.p.i.AbstractProblemLoader Init config took 3.2s 
44283      INFO  main            d.u.i.k.p.i.AbstractProblemLoader Replaying proof ArrayList[List::get(int)].JML accessible clause.0 
44285      DEBUG main            d.u.i.k.p.i.IntermediateProofReplayer Proof replay took 8.5ns 
44790      INFO  main            d.u.i.k.p.r.p.TestFile    ... finished proof: closed. 
45001      INFO  main            d.u.i.k.p.i.AbstractProblemLoader Loading environment from /home/runner/work/key/key/key.core/../key.ui/examples/heap/list_ghost/ArrayList_get_dep.key.proof 
45002      DEBUG main            d.u.i.k.p.i.AbstractProblemLoader Environment load took 690.64ns 
45003      INFO  main            d.u.i.k.p.i.AbstractProblemLoader Creating init config 
48379      DEBUG main            d.u.i.k.p.i.AbstractProblemLoader Init config took 3.38s 
48437      INFO  main            d.u.i.k.p.i.AbstractProblemLoader Replaying proof ArrayList[List::get(int)].JML accessible clause.0 
48539      DEBUG main            d.u.i.k.p.i.IntermediateProofReplayer Proof replay took 94.75ms 
48540      DEBUG main            d.u.i.k.p.r.p.TestFile    ... success: reloaded. 
48542      INFO  main            d.u.i.k.p.r.p.TestFile    Now processing file /home/runner/work/key/key/key.core/../key.ui/examples/heap/list_ghost/ArrayList_get_exceptional.key 
48542      INFO  main            d.u.i.k.p.i.AbstractProblemLoader Loading environment from /home/runner/work/key/key/key.core/../key.ui/examples/heap/list_ghost/ArrayList_get_exceptional.key 
48542      DEBUG main            d.u.i.k.p.i.AbstractProblemLoader Environment load took 320.22ns 
48544      INFO  main            d.u.i.k.p.i.AbstractProblemLoader Creating init config 
51807      DEBUG main            d.u.i.k.p.i.AbstractProblemLoader Init config took 3.26s 
51861      INFO  main            d.u.i.k.p.i.AbstractProblemLoader Replaying proof ArrayList[List::get(int)].JML exceptional_behavior operation contract.0 
51863      DEBUG main            d.u.i.k.p.i.IntermediateProofReplayer Proof replay took 8.3ns 
52873      INFO  main            d.u.i.k.p.r.p.TestFile    ... finished proof: closed. 
53073      INFO  main            d.u.i.k.p.i.AbstractProblemLoader Loading environment from /home/runner/work/key/key/key.core/../key.ui/examples/heap/list_ghost/ArrayList_get_exceptional.key.proof 
53074      DEBUG main            d.u.i.k.p.i.AbstractProblemLoader Environment load took 763.44ns 
53076      INFO  main            d.u.i.k.p.i.AbstractProblemLoader Creating init config 
56284      DEBUG main            d.u.i.k.p.i.AbstractProblemLoader Init config took 3.21s 
56345      INFO  main            d.u.i.k.p.i.AbstractProblemLoader Replaying proof ArrayList[List::get(int)].JML exceptional_behavior operation contract.0 
56546      DEBUG main            d.u.i.k.p.i.IntermediateProofReplayer Proof replay took 194.64ms 
56547      DEBUG main            d.u.i.k.p.r.p.TestFile    ... success: reloaded. 
56549      INFO  main            d.u.i.k.p.r.p.TestFile    Now processing file /home/runner/work/key/key/key.core/../key.ui/examples/heap/list_ghost/ArrayList_get_normal.key 
56549      INFO  main            d.u.i.k.p.i.AbstractProblemLoader Loading environment from /home/runner/work/key/key/key.core/../key.ui/examples/heap/list_ghost/ArrayList_get_normal.key 
56550      DEBUG main            d.u.i.k.p.i.AbstractProblemLoader Environment load took 282.52ns 
56551      INFO  main            d.u.i.k.p.i.AbstractProblemLoader Creating init config 
59820      DEBUG main            d.u.i.k.p.i.AbstractProblemLoader Init config took 3.27s 
59883      INFO  main            d.u.i.k.p.i.AbstractProblemLoader Replaying proof ArrayList[List::get(int)].JML normal_behavior operation contract.0 
59885      DEBUG main            d.u.i.k.p.i.IntermediateProofReplayer Proof replay took 8.5ns 
60188      INFO  main            d.u.i.k.p.r.p.TestFile    ... finished proof: closed. 
60423      INFO  main            d.u.i.k.p.i.AbstractProblemLoader Loading environment from /home/runner/work/key/key/key.core/../key.ui/examples/heap/list_ghost/ArrayList_get_normal.key.proof 
60424      DEBUG main            d.u.i.k.p.i.AbstractProblemLoader Environment load took 532.03ns 
60425      INFO  main            d.u.i.k.p.i.AbstractProblemLoader Creating init config 
63506      DEBUG main            d.u.i.k.p.i.AbstractProblemLoader Init config took 3.08s 
63555      INFO  main            d.u.i.k.p.i.AbstractProblemLoader Replaying proof ArrayList[List::get(int)].JML normal_behavior operation contract.0 
63621      DEBUG main            d.u.i.k.p.i.IntermediateProofReplayer Proof replay took 62.62ms 
63622      DEBUG main            d.u.i.k.p.r.p.TestFile    ... success: reloaded. 
63624      INFO  main            d.u.i.k.p.r.p.TestFile    Now processing file /home/runner/work/key/key/key.core/../key.ui/examples/heap/list_ghost/ArrayList_inv.key 
63624      INFO  main            d.u.i.k.p.i.AbstractProblemLoader Loading environment from /home/runner/work/key/key/key.core/../key.ui/examples/heap/list_ghost/ArrayList_inv.key 
63625      DEBUG main            d.u.i.k.p.i.AbstractProblemLoader Environment load took 266.42ns 
63626      INFO  main            d.u.i.k.p.i.AbstractProblemLoader Creating init config 
66870      DEBUG main            d.u.i.k.p.i.AbstractProblemLoader Init config took 3.24s 
66929      INFO  main            d.u.i.k.p.i.AbstractProblemLoader Replaying proof ArrayList[java.lang.Object::<inv>()].JML accessible clause.0 
66931      DEBUG main            d.u.i.k.p.i.IntermediateProofReplayer Proof replay took 9ns 
67033      INFO  main            d.u.i.k.p.r.p.TestFile    ... finished proof: closed. 
67254      INFO  main            d.u.i.k.p.i.AbstractProblemLoader Loading environment from /home/runner/work/key/key/key.core/../key.ui/examples/heap/list_ghost/ArrayList_inv.key.proof 
67254      DEBUG main            d.u.i.k.p.i.AbstractProblemLoader Environment load took 183.21ns 
67256      INFO  main            d.u.i.k.p.i.AbstractProblemLoader Creating init config 
70427      DEBUG main            d.u.i.k.p.i.AbstractProblemLoader Init config took 3.17s 
70476      INFO  main            d.u.i.k.p.i.AbstractProblemLoader Replaying proof ArrayList[java.lang.Object::<inv>()].JML accessible clause.0 
70491      DEBUG main            d.u.i.k.p.i.IntermediateProofReplayer Proof replay took 12.81ms 
70492      DEBUG main            d.u.i.k.p.r.p.TestFile    ... success: reloaded. 
70493      INFO  main            d.u.i.k.p.r.p.TestFile    Now processing file /home/runner/work/key/key/key.core/../key.ui/examples/heap/list_ghost/ArrayList_size_dep.key 
70494      INFO  main            d.u.i.k.p.i.AbstractProblemLoader Loading environment from /home/runner/work/key/key/key.core/../key.ui/examples/heap/list_ghost/ArrayList_size_dep.key 
70494      DEBUG main            d.u.i.k.p.i.AbstractProblemLoader Environment load took 204.81ns 
70495      INFO  main            d.u.i.k.p.i.AbstractProblemLoader Creating init config 
73741      DEBUG main            d.u.i.k.p.i.AbstractProblemLoader Init config took 3.25s 
73800      INFO  main            d.u.i.k.p.i.AbstractProblemLoader Replaying proof ArrayList[List::size()].JML accessible clause.0 
73802      DEBUG main            d.u.i.k.p.i.IntermediateProofReplayer Proof replay took 9ns 
73905      INFO  main            d.u.i.k.p.r.p.TestFile    ... finished proof: closed. 
74122      INFO  main            d.u.i.k.p.i.AbstractProblemLoader Loading environment from /home/runner/work/key/key/key.core/../key.ui/examples/heap/list_ghost/ArrayList_size_dep.key.proof 
74123      DEBUG main            d.u.i.k.p.i.AbstractProblemLoader Environment load took 307.72ns 
74124      INFO  main            d.u.i.k.p.i.AbstractProblemLoader Creating init config 
77246      DEBUG main            d.u.i.k.p.i.AbstractProblemLoader Init config took 3.12s 
77296      INFO  main            d.u.i.k.p.i.AbstractProblemLoader Replaying proof ArrayList[List::size()].JML accessible clause.0 
77317      DEBUG main            d.u.i.k.p.i.IntermediateProofReplayer Proof replay took 17.86ms 
77318      DEBUG main            d.u.i.k.p.r.p.TestFile    ... success: reloaded. 
77320      INFO  main            d.u.i.k.p.r.p.TestFile    Now processing file /home/runner/work/key/key/key.core/../key.ui/examples/heap/list_ghost/ArrayList_size.key 
77320      INFO  main            d.u.i.k.p.i.AbstractProblemLoader Loading environment from /home/runner/work/key/key/key.core/../key.ui/examples/heap/list_ghost/ArrayList_size.key 
77320      DEBUG main            d.u.i.k.p.i.AbstractProblemLoader Environment load took 281.52ns 
77322      INFO  main            d.u.i.k.p.i.AbstractProblemLoader Creating init config 
80466      DEBUG main            d.u.i.k.p.i.AbstractProblemLoader Init config took 3.14s 
80521      INFO  main            d.u.i.k.p.i.AbstractProblemLoader Replaying proof ArrayList[List::size()].JML normal_behavior operation contract.0 
80523      DEBUG main            d.u.i.k.p.i.IntermediateProofReplayer Proof replay took 8.8ns 
80626      INFO  main            d.u.i.k.p.r.p.TestFile    ... finished proof: closed. 
80847      INFO  main            d.u.i.k.p.i.AbstractProblemLoader Loading environment from /home/runner/work/key/key/key.core/../key.ui/examples/heap/list_ghost/ArrayList_size.key.proof 
80847      DEBUG main            d.u.i.k.p.i.AbstractProblemLoader Environment load took 141.61ns 
80848      INFO  main            d.u.i.k.p.i.AbstractProblemLoader Creating init config 
83944      DEBUG main            d.u.i.k.p.i.AbstractProblemLoader Init config took 3.1s 
83994      INFO  main            d.u.i.k.p.i.AbstractProblemLoader Replaying proof ArrayList[List::size()].JML normal_behavior operation contract.0 
84014      DEBUG main            d.u.i.k.p.i.IntermediateProofReplayer Proof replay took 17.61ms 
84015      DEBUG main            d.u.i.k.p.r.p.TestFile    ... success: reloaded. 
1420010    INFO  Test worker     d.u.i.k.p.r.RunAllProofsTestUnit Returning from test list_ghost 
1420011    INFO  Test worker     d.u.i.k.p.r.RunAllProofsTestUnit Running test list_recursive 
429        INFO  Timeout watchdog d.u.i.k.p.r.p.ForkedTestFileRunner Timeout watcher launched (2000 secs.) 
453        WARN  main            d.u.i.k.s.ProofSettings   The settings in /home/runner/.key/proof-settings.props are *not* read. 
514        INFO  main            d.u.i.k.p.r.p.TestFile    Now processing file /home/runner/work/key/key/key.core/../key.ui/examples/heap/list_recursiveSpec/ListOperationsNonNull_getNextNN_normal_behavior.key 
681        INFO  main            d.u.i.k.p.i.AbstractProblemLoader Loading environment from /home/runner/work/key/key/key.core/../key.ui/examples/heap/list_recursiveSpec/ListOperationsNonNull_getNextNN_normal_behavior.key 
702        DEBUG main            d.u.i.k.p.i.AbstractProblemLoader Environment load took 2.55ms 
995        INFO  main            d.u.i.k.p.i.AbstractProblemLoader Creating init config 
2294       DEBUG main            d.u.i.k.j.TypeConverter   No LDT found for Meta 
2296       DEBUG main            d.u.i.k.j.TypeConverter   No LDT found for Meta 
2300       DEBUG main            d.u.i.k.j.TypeConverter   No LDT found for Meta 
2301       DEBUG main            d.u.i.k.j.TypeConverter   No LDT found for Meta 
3886       DEBUG main            d.u.i.k.j.TypeConverter   No LDT found for JavaBigintExpression 
9988       DEBUG main            d.u.i.k.p.i.AbstractProblemLoader Init config took 8.99s 
10188      INFO  main            d.u.i.k.p.i.AbstractProblemLoader Replaying proof ListOperationsNonNull[ListOperationsNonNull::getNextNN(ListNN,int)].JML normal_behavior operation contract.0 
10237      DEBUG main            d.u.i.k.p.i.IntermediateProofReplayer Proof replay took 40.9ns 
11923      INFO  main            d.u.i.k.p.r.p.TestFile    ... finished proof: closed. 
12090      INFO  main            d.u.i.k.p.i.AbstractProblemLoader Loading environment from /home/runner/work/key/key/key.core/../key.ui/examples/heap/list_recursiveSpec/ListOperationsNonNull_getNextNN_normal_behavior.key.proof 
12091      DEBUG main            d.u.i.k.p.i.AbstractProblemLoader Environment load took 583.33ns 
12094      INFO  main            d.u.i.k.p.i.AbstractProblemLoader Creating init config 
15726      DEBUG main            d.u.i.k.p.i.AbstractProblemLoader Init config took 3.63s 
15856      INFO  main            d.u.i.k.p.i.AbstractProblemLoader Replaying proof ListOperationsNonNull[ListOperationsNonNull::getNextNN(ListNN,int)].JML normal_behavior operation contract.0 
16150      DEBUG main            d.u.i.k.p.i.IntermediateProofReplayer Proof replay took 280.54ms 
16161      DEBUG main            d.u.i.k.p.r.p.TestFile    ... success: reloaded. 
16164      INFO  main            d.u.i.k.p.r.p.TestFile    Now processing file /home/runner/work/key/key/key.core/../key.ui/examples/heap/list_recursiveSpec/ListOperationsNonNull_setValueAt_normal_behavior.key 
16164      INFO  main            d.u.i.k.p.i.AbstractProblemLoader Loading environment from /home/runner/work/key/key/key.core/../key.ui/examples/heap/list_recursiveSpec/ListOperationsNonNull_setValueAt_normal_behavior.key 
16165      DEBUG main            d.u.i.k.p.i.AbstractProblemLoader Environment load took 330.62ns 
16167      INFO  main            d.u.i.k.p.i.AbstractProblemLoader Creating init config 
19562      DEBUG main            d.u.i.k.p.i.AbstractProblemLoader Init config took 3.4s 
19664      INFO  main            d.u.i.k.p.i.AbstractProblemLoader Replaying proof ListOperationsNonNull[ListOperationsNonNull::setValueAt_NN(ListNN,int,int)].JML normal_behavior operation contract.0 
19668      DEBUG main            d.u.i.k.p.i.IntermediateProofReplayer Proof replay took 9.3ns 
19700      DEBUG main            d.u.i.k.m.s.ProofScriptEngine 1: 'macro autopilot' 
22993      DEBUG main            d.u.i.k.m.s.ProofScriptEngine 2: 'macro simp-upd' 
23004      DEBUG main            d.u.i.k.m.s.ProofScriptEngine 3: 'rule observerDependencyEQ' 
23029      DEBUG main            d.u.i.k.m.s.ProofScriptEngine 4: 'tryclose' 
23064      INFO  main            d.u.i.k.p.r.p.TestFile    ... finished proof: closed. 
23322      INFO  main            d.u.i.k.p.i.AbstractProblemLoader Loading environment from /home/runner/work/key/key/key.core/../key.ui/examples/heap/list_recursiveSpec/ListOperationsNonNull_setValueAt_normal_behavior.key.proof 
23323      DEBUG main            d.u.i.k.p.i.AbstractProblemLoader Environment load took 414.12ns 
23327      INFO  main            d.u.i.k.p.i.AbstractProblemLoader Creating init config 
26779      DEBUG main            d.u.i.k.p.i.AbstractProblemLoader Init config took 3.45s 
26848      INFO  main            d.u.i.k.p.i.AbstractProblemLoader Replaying proof ListOperationsNonNull[ListOperationsNonNull::setValueAt_NN(ListNN,int,int)].JML normal_behavior operation contract.0 
27008      DEBUG main            d.u.i.k.p.i.IntermediateProofReplayer Proof replay took 154.13ms 
27009      DEBUG main            d.u.i.k.p.r.p.TestFile    ... success: reloaded. 
1447227    INFO  Test worker     d.u.i.k.p.r.RunAllProofsTestUnit Returning from test list_recursive 
1447229    INFO  Test worker     d.u.i.k.p.r.RunAllProofsTestUnit Running test list_seq 
424        INFO  Timeout watchdog d.u.i.k.p.r.p.ForkedTestFileRunner Timeout watcher launched (2000 secs.) 
447        WARN  main            d.u.i.k.s.ProofSettings   The settings in /home/runner/.key/proof-settings.props are *not* read. 
509        INFO  main            d.u.i.k.p.r.p.TestFile    Now processing file /home/runner/work/key/key/key.core/../key.ui/examples/heap/list_seq/SimplifiedLinkedList.remove.key 
686        INFO  main            d.u.i.k.p.i.AbstractProblemLoader Loading environment from /home/runner/work/key/key/key.core/../key.ui/examples/heap/list_seq/SimplifiedLinkedList.remove.key 
713        DEBUG main            d.u.i.k.p.i.AbstractProblemLoader Environment load took 2.76ms 
1027       INFO  main            d.u.i.k.p.i.AbstractProblemLoader Creating init config 
2198       DEBUG main            d.u.i.k.j.TypeConverter   No LDT found for Meta 
2199       DEBUG main            d.u.i.k.j.TypeConverter   No LDT found for Meta 
2200       DEBUG main            d.u.i.k.j.TypeConverter   No LDT found for Meta 
2200       DEBUG main            d.u.i.k.j.TypeConverter   No LDT found for Meta 
3617       DEBUG main            d.u.i.k.j.TypeConverter   No LDT found for JavaBigintExpression 
10563      DEBUG main            d.u.i.k.p.i.AbstractProblemLoader Init config took 9.54s 
10862      INFO  main            d.u.i.k.p.i.AbstractProblemLoader Replaying proof SimplifiedLinkedList[SimplifiedLinkedList::remove(int)].JML normal_behavior operation contract.0 
10910      DEBUG main            d.u.i.k.p.i.IntermediateProofReplayer Proof replay took 43.4ns 
105759     INFO  main            d.u.i.k.p.r.p.TestFile    ... finished proof: closed. 
106261     INFO  main            d.u.i.k.p.i.AbstractProblemLoader Loading environment from /home/runner/work/key/key/key.core/../key.ui/examples/heap/list_seq/SimplifiedLinkedList.remove.key.proof 
106262     DEBUG main            d.u.i.k.p.i.AbstractProblemLoader Environment load took 620.83ns 
106286     INFO  main            d.u.i.k.p.i.AbstractProblemLoader Creating init config 
110223     DEBUG main            d.u.i.k.p.i.AbstractProblemLoader Init config took 3.94s 
110344     INFO  main            d.u.i.k.p.i.AbstractProblemLoader Replaying proof SimplifiedLinkedList[SimplifiedLinkedList::remove(int)].JML normal_behavior operation contract.0 
115834     DEBUG main            d.u.i.k.p.i.IntermediateProofReplayer Proof replay took 5.2s 
115857     DEBUG main            d.u.i.k.p.r.p.TestFile    ... success: reloaded. 
115859     INFO  main            d.u.i.k.p.r.p.TestFile    Now processing file /home/runner/work/key/key/key.core/../key.ui/examples/heap/list_seq/ArrayList.ArrayList.key 
115860     INFO  main            d.u.i.k.p.i.AbstractProblemLoader Loading environment from /home/runner/work/key/key/key.core/../key.ui/examples/heap/list_seq/ArrayList.ArrayList.key 
115860     DEBUG main            d.u.i.k.p.i.AbstractProblemLoader Environment load took 330.12ns 
115862     INFO  main            d.u.i.k.p.i.AbstractProblemLoader Creating init config 
119645     DEBUG main            d.u.i.k.p.i.AbstractProblemLoader Init config took 3.78s 
119749     INFO  main            d.u.i.k.p.i.AbstractProblemLoader Replaying proof ArrayList[ArrayList::ArrayList()].JML normal_behavior operation contract.0 
119752     DEBUG main            d.u.i.k.p.i.IntermediateProofReplayer Proof replay took 7.8ns 
120757     INFO  main            d.u.i.k.p.r.p.TestFile    ... finished proof: closed. 
121046     INFO  main            d.u.i.k.p.i.AbstractProblemLoader Loading environment from /home/runner/work/key/key/key.core/../key.ui/examples/heap/list_seq/ArrayList.ArrayList.key.proof 
121047     DEBUG main            d.u.i.k.p.i.AbstractProblemLoader Environment load took 573.73ns 
121049     INFO  main            d.u.i.k.p.i.AbstractProblemLoader Creating init config 
124925     DEBUG main            d.u.i.k.p.i.AbstractProblemLoader Init config took 3.88s 
125028     INFO  main            d.u.i.k.p.i.AbstractProblemLoader Replaying proof ArrayList[ArrayList::ArrayList()].JML normal_behavior operation contract.0 
125204     DEBUG main            d.u.i.k.p.i.IntermediateProofReplayer Proof replay took 170.68ms 
125206     DEBUG main            d.u.i.k.p.r.p.TestFile    ... success: reloaded. 
125207     INFO  main            d.u.i.k.p.r.p.TestFile    Now processing file /home/runner/work/key/key/key.core/../key.ui/examples/heap/list_seq/ArrayList.add.key 
125208     INFO  main            d.u.i.k.p.i.AbstractProblemLoader Loading environment from /home/runner/work/key/key/key.core/../key.ui/examples/heap/list_seq/ArrayList.add.key 
125208     DEBUG main            d.u.i.k.p.i.AbstractProblemLoader Environment load took 294.22ns 
125209     INFO  main            d.u.i.k.p.i.AbstractProblemLoader Creating init config 
129105     DEBUG main            d.u.i.k.p.i.AbstractProblemLoader Init config took 3.9s 
129216     INFO  main            d.u.i.k.p.i.AbstractProblemLoader Replaying proof ArrayList[List::add(java.lang.Object)].JML normal_behavior operation contract.0 
129221     DEBUG main            d.u.i.k.p.i.IntermediateProofReplayer Proof replay took 8.8ns 
133239     INFO  main            d.u.i.k.p.r.p.TestFile    ... finished proof: closed. 
133474     INFO  main            d.u.i.k.p.i.AbstractProblemLoader Loading environment from /home/runner/work/key/key/key.core/../key.ui/examples/heap/list_seq/ArrayList.add.key.proof 
133475     DEBUG main            d.u.i.k.p.i.AbstractProblemLoader Environment load took 535.83ns 
133477     INFO  main            d.u.i.k.p.i.AbstractProblemLoader Creating init config 
137245     DEBUG main            d.u.i.k.p.i.AbstractProblemLoader Init config took 3.77s 
137347     INFO  main            d.u.i.k.p.i.AbstractProblemLoader Replaying proof ArrayList[List::add(java.lang.Object)].JML normal_behavior operation contract.0 
137934     DEBUG main            d.u.i.k.p.i.IntermediateProofReplayer Proof replay took 572.7ms 
137937     DEBUG main            d.u.i.k.p.r.p.TestFile    ... success: reloaded. 
137938     INFO  main            d.u.i.k.p.r.p.TestFile    Now processing file /home/runner/work/key/key/key.core/../key.ui/examples/heap/list_seq/ArrayList.contains.key 
137939     INFO  main            d.u.i.k.p.i.AbstractProblemLoader Loading environment from /home/runner/work/key/key/key.core/../key.ui/examples/heap/list_seq/ArrayList.contains.key 
137939     DEBUG main            d.u.i.k.p.i.AbstractProblemLoader Environment load took 285.42ns 
137940     INFO  main            d.u.i.k.p.i.AbstractProblemLoader Creating init config 
141851     DEBUG main            d.u.i.k.p.i.AbstractProblemLoader Init config took 3.91s 
141951     INFO  main            d.u.i.k.p.i.AbstractProblemLoader Replaying proof ArrayList[List::contains(java.lang.Object)].JML normal_behavior operation contract.0 
141953     DEBUG main            d.u.i.k.p.i.IntermediateProofReplayer Proof replay took 7.6ns 
143776     INFO  main            d.u.i.k.p.r.p.TestFile    ... finished proof: closed. 
144017     INFO  main            d.u.i.k.p.i.AbstractProblemLoader Loading environment from /home/runner/work/key/key/key.core/../key.ui/examples/heap/list_seq/ArrayList.contains.key.proof 
144018     DEBUG main            d.u.i.k.p.i.AbstractProblemLoader Environment load took 611.03ns 
144020     INFO  main            d.u.i.k.p.i.AbstractProblemLoader Creating init config 
147626     DEBUG main            d.u.i.k.p.i.AbstractProblemLoader Init config took 3.61s 
147720     INFO  main            d.u.i.k.p.i.AbstractProblemLoader Replaying proof ArrayList[List::contains(java.lang.Object)].JML normal_behavior operation contract.0 
148028     DEBUG main            d.u.i.k.p.i.IntermediateProofReplayer Proof replay took 299.21ms 
148029     DEBUG main            d.u.i.k.p.r.p.TestFile    ... success: reloaded. 
148031     INFO  main            d.u.i.k.p.r.p.TestFile    Now processing file /home/runner/work/key/key/key.core/../key.ui/examples/heap/list_seq/ArrayList.enlarge.key 
148031     INFO  main            d.u.i.k.p.i.AbstractProblemLoader Loading environment from /home/runner/work/key/key/key.core/../key.ui/examples/heap/list_seq/ArrayList.enlarge.key 
148032     DEBUG main            d.u.i.k.p.i.AbstractProblemLoader Environment load took 340.92ns 
148033     INFO  main            d.u.i.k.p.i.AbstractProblemLoader Creating init config 
151637     DEBUG main            d.u.i.k.p.i.AbstractProblemLoader Init config took 3.6s 
151767     INFO  main            d.u.i.k.p.i.AbstractProblemLoader Replaying proof ArrayList[ArrayList::enlarge()].JML normal_behavior operation contract.0 
151769     DEBUG main            d.u.i.k.p.i.IntermediateProofReplayer Proof replay took 7.6ns 
154177     INFO  main            d.u.i.k.p.r.p.TestFile    ... finished proof: closed. 
154401     INFO  main            d.u.i.k.p.i.AbstractProblemLoader Loading environment from /home/runner/work/key/key/key.core/../key.ui/examples/heap/list_seq/ArrayList.enlarge.key.proof 
154402     DEBUG main            d.u.i.k.p.i.AbstractProblemLoader Environment load took 524.13ns 
154403     INFO  main            d.u.i.k.p.i.AbstractProblemLoader Creating init config 
158107     DEBUG main            d.u.i.k.p.i.AbstractProblemLoader Init config took 3.7s 
158216     INFO  main            d.u.i.k.p.i.AbstractProblemLoader Replaying proof ArrayList[ArrayList::enlarge()].JML normal_behavior operation contract.0 
158671     DEBUG main            d.u.i.k.p.i.IntermediateProofReplayer Proof replay took 441.16ms 
158673     DEBUG main            d.u.i.k.p.r.p.TestFile    ... success: reloaded. 
158674     INFO  main            d.u.i.k.p.r.p.TestFile    Now processing file /home/runner/work/key/key/key.core/../key.ui/examples/heap/list_seq/ArrayList.get.key 
158674     INFO  main            d.u.i.k.p.i.AbstractProblemLoader Loading environment from /home/runner/work/key/key/key.core/../key.ui/examples/heap/list_seq/ArrayList.get.key 
158674     DEBUG main            d.u.i.k.p.i.AbstractProblemLoader Environment load took 140.51ns 
158675     INFO  main            d.u.i.k.p.i.AbstractProblemLoader Creating init config 
162372     DEBUG main            d.u.i.k.p.i.AbstractProblemLoader Init config took 3.7s 
162461     INFO  main            d.u.i.k.p.i.AbstractProblemLoader Replaying proof ArrayList[List::get(int)].JML normal_behavior operation contract.0 
162463     DEBUG main            d.u.i.k.p.i.IntermediateProofReplayer Proof replay took 7.2ns 
163067     INFO  main            d.u.i.k.p.r.p.TestFile    ... finished proof: closed. 
163280     INFO  main            d.u.i.k.p.i.AbstractProblemLoader Loading environment from /home/runner/work/key/key/key.core/../key.ui/examples/heap/list_seq/ArrayList.get.key.proof 
163281     DEBUG main            d.u.i.k.p.i.AbstractProblemLoader Environment load took 555.63ns 
163282     INFO  main            d.u.i.k.p.i.AbstractProblemLoader Creating init config 
166916     DEBUG main            d.u.i.k.p.i.AbstractProblemLoader Init config took 3.63s 
167027     INFO  main            d.u.i.k.p.i.AbstractProblemLoader Replaying proof ArrayList[List::get(int)].JML normal_behavior operation contract.0 
167117     DEBUG main            d.u.i.k.p.i.IntermediateProofReplayer Proof replay took 84.79ms 
167118     DEBUG main            d.u.i.k.p.r.p.TestFile    ... success: reloaded. 
167119     INFO  main            d.u.i.k.p.r.p.TestFile    Now processing file /home/runner/work/key/key/key.core/../key.ui/examples/heap/list_seq/ArrayList.newArray.key 
167119     INFO  main            d.u.i.k.p.i.AbstractProblemLoader Loading environment from /home/runner/work/key/key/key.core/../key.ui/examples/heap/list_seq/ArrayList.newArray.key 
167119     DEBUG main            d.u.i.k.p.i.AbstractProblemLoader Environment load took 129.11ns 
167120     INFO  main            d.u.i.k.p.i.AbstractProblemLoader Creating init config 
170786     DEBUG main            d.u.i.k.p.i.AbstractProblemLoader Init config took 3.67s 
170896     INFO  main            d.u.i.k.p.i.AbstractProblemLoader Replaying proof ArrayList[ArrayList::newArray(int)].JML normal_behavior operation contract.0 
170897     DEBUG main            d.u.i.k.p.i.IntermediateProofReplayer Proof replay took 7.3ns 
171202     INFO  main            d.u.i.k.p.r.p.TestFile    ... finished proof: closed. 
171442     INFO  main            d.u.i.k.p.i.AbstractProblemLoader Loading environment from /home/runner/work/key/key/key.core/../key.ui/examples/heap/list_seq/ArrayList.newArray.key.proof 
171442     DEBUG main            d.u.i.k.p.i.AbstractProblemLoader Environment load took 168.11ns 
171443     INFO  main            d.u.i.k.p.i.AbstractProblemLoader Creating init config 
174928     DEBUG main            d.u.i.k.p.i.AbstractProblemLoader Init config took 3.48s 
175030     INFO  main            d.u.i.k.p.i.AbstractProblemLoader Replaying proof ArrayList[ArrayList::newArray(int)].JML normal_behavior operation contract.0 
175102     DEBUG main            d.u.i.k.p.i.IntermediateProofReplayer Proof replay took 67.58ms 
175104     DEBUG main            d.u.i.k.p.r.p.TestFile    ... success: reloaded. 
175105     INFO  main            d.u.i.k.p.r.p.TestFile    Now processing file /home/runner/work/key/key/key.core/../key.ui/examples/heap/list_seq/ArrayList.remove.0.key 
175105     INFO  main            d.u.i.k.p.i.AbstractProblemLoader Loading environment from /home/runner/work/key/key/key.core/../key.ui/examples/heap/list_seq/ArrayList.remove.0.key 
175106     DEBUG main            d.u.i.k.p.i.AbstractProblemLoader Environment load took 267.81ns 
175107     INFO  main            d.u.i.k.p.i.AbstractProblemLoader Creating init config 
178756     DEBUG main            d.u.i.k.p.i.AbstractProblemLoader Init config took 3.65s 
178855     INFO  main            d.u.i.k.p.i.AbstractProblemLoader Replaying proof ArrayList[List::remove(java.lang.Object)].JML normal_behavior operation contract.0 
178858     DEBUG main            d.u.i.k.p.i.IntermediateProofReplayer Proof replay took 7.9ns 
181165     INFO  main            d.u.i.k.p.r.p.TestFile    ... finished proof: closed. 
181432     INFO  main            d.u.i.k.p.i.AbstractProblemLoader Loading environment from /home/runner/work/key/key/key.core/../key.ui/examples/heap/list_seq/ArrayList.remove.0.key.proof 
181435     DEBUG main            d.u.i.k.p.i.AbstractProblemLoader Environment load took 802.54ns 
181437     INFO  main            d.u.i.k.p.i.AbstractProblemLoader Creating init config 
185116     DEBUG main            d.u.i.k.p.i.AbstractProblemLoader Init config took 3.68s 
185215     INFO  main            d.u.i.k.p.i.AbstractProblemLoader Replaying proof ArrayList[List::remove(java.lang.Object)].JML normal_behavior operation contract.0 
185887     DEBUG main            d.u.i.k.p.i.IntermediateProofReplayer Proof replay took 663.05ms 
185889     DEBUG main            d.u.i.k.p.r.p.TestFile    ... success: reloaded. 
185890     INFO  main            d.u.i.k.p.r.p.TestFile    Now processing file /home/runner/work/key/key/key.core/../key.ui/examples/heap/list_seq/ArrayList.remove.1.key 
185891     INFO  main            d.u.i.k.p.i.AbstractProblemLoader Loading environment from /home/runner/work/key/key/key.core/../key.ui/examples/heap/list_seq/ArrayList.remove.1.key 
185891     DEBUG main            d.u.i.k.p.i.AbstractProblemLoader Environment load took 322.32ns 
185894     INFO  main            d.u.i.k.p.i.AbstractProblemLoader Creating init config 
189646     DEBUG main            d.u.i.k.p.i.AbstractProblemLoader Init config took 3.75s 
189735     INFO  main            d.u.i.k.p.i.AbstractProblemLoader Replaying proof ArrayList[List::remove(java.lang.Object)].JML normal_behavior operation contract.1 
189738     DEBUG main            d.u.i.k.p.i.IntermediateProofReplayer Proof replay took 7.2ns 
203008     INFO  main            d.u.i.k.p.r.p.TestFile    ... finished proof: closed. 
203320     INFO  main            d.u.i.k.p.i.AbstractProblemLoader Loading environment from /home/runner/work/key/key/key.core/../key.ui/examples/heap/list_seq/ArrayList.remove.1.key.proof 
203321     DEBUG main            d.u.i.k.p.i.AbstractProblemLoader Environment load took 576.63ns 
203325     INFO  main            d.u.i.k.p.i.AbstractProblemLoader Creating init config 
207078     DEBUG main            d.u.i.k.p.i.AbstractProblemLoader Init config took 3.75s 
207175     INFO  main            d.u.i.k.p.i.AbstractProblemLoader Replaying proof ArrayList[List::remove(java.lang.Object)].JML normal_behavior operation contract.1 
208964     DEBUG main            d.u.i.k.p.i.IntermediateProofReplayer Proof replay took 1.75s 
208967     DEBUG main            d.u.i.k.p.r.p.TestFile    ... success: reloaded. 
1656427    INFO  Test worker     d.u.i.k.p.r.RunAllProofsTestUnit Returning from test list_seq 
1656430    INFO  Test worker     d.u.i.k.p.r.RunAllProofsTestUnit Running test observer 
469        INFO  Timeout watchdog d.u.i.k.p.r.p.ForkedTestFileRunner Timeout watcher launched (2000 secs.) 
494        WARN  main            d.u.i.k.s.ProofSettings   The settings in /home/runner/.key/proof-settings.props are *not* read. 
556        INFO  main            d.u.i.k.p.r.p.TestFile    Now processing file /home/runner/work/key/key/key.core/../key.ui/examples/heap/observer/ExampleObserver_ExampleObserver.key 
698        INFO  main            d.u.i.k.p.i.AbstractProblemLoader Loading environment from /home/runner/work/key/key/key.core/../key.ui/examples/heap/observer/ExampleObserver_ExampleObserver.key 
724        DEBUG main            d.u.i.k.p.i.AbstractProblemLoader Environment load took 2.56ms 
1001       INFO  main            d.u.i.k.p.i.AbstractProblemLoader Creating init config 
2240       DEBUG main            d.u.i.k.j.TypeConverter   No LDT found for Meta 
2240       DEBUG main            d.u.i.k.j.TypeConverter   No LDT found for Meta 
2242       DEBUG main            d.u.i.k.j.TypeConverter   No LDT found for Meta 
2242       DEBUG main            d.u.i.k.j.TypeConverter   No LDT found for Meta 
4061       DEBUG main            d.u.i.k.j.TypeConverter   No LDT found for JavaBigintExpression 
10621      DEBUG main            d.u.i.k.p.i.AbstractProblemLoader Init config took 9.62s 
10850      INFO  main            d.u.i.k.p.i.AbstractProblemLoader Replaying proof ExampleObserver[ExampleObserver::ExampleObserver(ExampleSubject)].JML normal_behavior operation contract.0 
10899      DEBUG main            d.u.i.k.p.i.IntermediateProofReplayer Proof replay took 43.6ns 
12233      INFO  main            d.u.i.k.p.r.p.TestFile    ... finished proof: closed. 
12384      INFO  main            d.u.i.k.p.i.AbstractProblemLoader Loading environment from /home/runner/work/key/key/key.core/../key.ui/examples/heap/observer/ExampleObserver_ExampleObserver.key.proof 
12385      DEBUG main            d.u.i.k.p.i.AbstractProblemLoader Environment load took 580.03ns 
12390      INFO  main            d.u.i.k.p.i.AbstractProblemLoader Creating init config 
16239      DEBUG main            d.u.i.k.p.i.AbstractProblemLoader Init config took 3.85s 
16318      INFO  main            d.u.i.k.p.i.AbstractProblemLoader Replaying proof ExampleObserver[ExampleObserver::ExampleObserver(ExampleSubject)].JML normal_behavior operation contract.0 
16469      DEBUG main            d.u.i.k.p.i.IntermediateProofReplayer Proof replay took 143.39ms 
16478      DEBUG main            d.u.i.k.p.r.p.TestFile    ... success: reloaded. 
16480      INFO  main            d.u.i.k.p.r.p.TestFile    Now processing file /home/runner/work/key/key/key.core/../key.ui/examples/heap/observer/ExampleObserver_inv.key 
16480      INFO  main            d.u.i.k.p.i.AbstractProblemLoader Loading environment from /home/runner/work/key/key/key.core/../key.ui/examples/heap/observer/ExampleObserver_inv.key 
16481      DEBUG main            d.u.i.k.p.i.AbstractProblemLoader Environment load took 300.72ns 
16483      INFO  main            d.u.i.k.p.i.AbstractProblemLoader Creating init config 
19924      DEBUG main            d.u.i.k.p.i.AbstractProblemLoader Init config took 3.44s 
20036      INFO  main            d.u.i.k.p.i.AbstractProblemLoader Replaying proof ExampleObserver[java.lang.Object::<inv>()].JML accessible clause.0 
20041      DEBUG main            d.u.i.k.p.i.IntermediateProofReplayer Proof replay took 7.8ns 
20246      INFO  main            d.u.i.k.p.r.p.TestFile    ... finished proof: closed. 
20435      INFO  main            d.u.i.k.p.i.AbstractProblemLoader Loading environment from /home/runner/work/key/key/key.core/../key.ui/examples/heap/observer/ExampleObserver_inv.key.proof 
20436      DEBUG main            d.u.i.k.p.i.AbstractProblemLoader Environment load took 173.71ns 
20437      INFO  main            d.u.i.k.p.i.AbstractProblemLoader Creating init config 
23841      DEBUG main            d.u.i.k.p.i.AbstractProblemLoader Init config took 3.4s 
23913      INFO  main            d.u.i.k.p.i.AbstractProblemLoader Replaying proof ExampleObserver[java.lang.Object::<inv>()].JML accessible clause.0 
23944      DEBUG main            d.u.i.k.p.i.IntermediateProofReplayer Proof replay took 24.15ms 
23946      DEBUG main            d.u.i.k.p.r.p.TestFile    ... success: reloaded. 
23947      INFO  main            d.u.i.k.p.r.p.TestFile    Now processing file /home/runner/work/key/key/key.core/../key.ui/examples/heap/observer/ExampleObserver_subject.key 
23948      INFO  main            d.u.i.k.p.i.AbstractProblemLoader Loading environment from /home/runner/work/key/key/key.core/../key.ui/examples/heap/observer/ExampleObserver_subject.key 
23948      DEBUG main            d.u.i.k.p.i.AbstractProblemLoader Environment load took 310.62ns 
23950      INFO  main            d.u.i.k.p.i.AbstractProblemLoader Creating init config 
27395      DEBUG main            d.u.i.k.p.i.AbstractProblemLoader Init config took 3.44s 
27456      INFO  main            d.u.i.k.p.i.AbstractProblemLoader Replaying proof Observer[Observer::$subject()].JML accessible clause.0 
27459      DEBUG main            d.u.i.k.p.i.IntermediateProofReplayer Proof replay took 6.5ns 
27564      INFO  main            d.u.i.k.p.r.p.TestFile    ... finished proof: closed. 
27738      INFO  main            d.u.i.k.p.i.AbstractProblemLoader Loading environment from /home/runner/work/key/key/key.core/../key.ui/examples/heap/observer/ExampleObserver_subject.key.proof 
27738      DEBUG main            d.u.i.k.p.i.AbstractProblemLoader Environment load took 145.51ns 
27739      INFO  main            d.u.i.k.p.i.AbstractProblemLoader Creating init config 
31111      DEBUG main            d.u.i.k.p.i.AbstractProblemLoader Init config took 3.37s 
31171      INFO  main            d.u.i.k.p.i.AbstractProblemLoader Replaying proof Observer[Observer::$subject()].JML accessible clause.0 
31176      DEBUG main            d.u.i.k.p.i.IntermediateProofReplayer Proof replay took 2.46ms 
31177      DEBUG main            d.u.i.k.p.r.p.TestFile    ... success: reloaded. 
31178      INFO  main            d.u.i.k.p.r.p.TestFile    Now processing file /home/runner/work/key/key/key.core/../key.ui/examples/heap/observer/ExampleObserver_update.key 
31179      INFO  main            d.u.i.k.p.i.AbstractProblemLoader Loading environment from /home/runner/work/key/key/key.core/../key.ui/examples/heap/observer/ExampleObserver_update.key 
31179      DEBUG main            d.u.i.k.p.i.AbstractProblemLoader Environment load took 136.21ns 
31180      INFO  main            d.u.i.k.p.i.AbstractProblemLoader Creating init config 
34532      DEBUG main            d.u.i.k.p.i.AbstractProblemLoader Init config took 3.35s 
34612      INFO  main            d.u.i.k.p.i.AbstractProblemLoader Replaying proof ExampleObserver[Observer::update()].JML normal_behavior operation contract.0 
34615      DEBUG main            d.u.i.k.p.i.IntermediateProofReplayer Proof replay took 7.2ns 
34920      INFO  main            d.u.i.k.p.r.p.TestFile    ... finished proof: closed. 
35096      INFO  main            d.u.i.k.p.i.AbstractProblemLoader Loading environment from /home/runner/work/key/key/key.core/../key.ui/examples/heap/observer/ExampleObserver_update.key.proof 
35096      DEBUG main            d.u.i.k.p.i.AbstractProblemLoader Environment load took 531.93ns 
35098      INFO  main            d.u.i.k.p.i.AbstractProblemLoader Creating init config 
38471      DEBUG main            d.u.i.k.p.i.AbstractProblemLoader Init config took 3.37s 
38568      INFO  main            d.u.i.k.p.i.AbstractProblemLoader Replaying proof ExampleObserver[Observer::update()].JML normal_behavior operation contract.0 
38684      DEBUG main            d.u.i.k.p.i.IntermediateProofReplayer Proof replay took 103.82ms 
38685      DEBUG main            d.u.i.k.p.r.p.TestFile    ... success: reloaded. 
38687      INFO  main            d.u.i.k.p.r.p.TestFile    Now processing file /home/runner/work/key/key/key.core/../key.ui/examples/heap/observer/ExampleObserver_upToDate.key 
38687      INFO  main            d.u.i.k.p.i.AbstractProblemLoader Loading environment from /home/runner/work/key/key/key.core/../key.ui/examples/heap/observer/ExampleObserver_upToDate.key 
38687      DEBUG main            d.u.i.k.p.i.AbstractProblemLoader Environment load took 96.81ns 
38688      INFO  main            d.u.i.k.p.i.AbstractProblemLoader Creating init config 
41948      DEBUG main            d.u.i.k.p.i.AbstractProblemLoader Init config took 3.26s 
42004      INFO  main            d.u.i.k.p.i.AbstractProblemLoader Replaying proof ExampleObserver[Observer::$upToDate()].JML accessible clause.0 
42006      DEBUG main            d.u.i.k.p.i.IntermediateProofReplayer Proof replay took 7.9ns 
42211      INFO  main            d.u.i.k.p.r.p.TestFile    ... finished proof: closed. 
42493      INFO  main            d.u.i.k.p.i.AbstractProblemLoader Loading environment from /home/runner/work/key/key/key.core/../key.ui/examples/heap/observer/ExampleObserver_upToDate.key.proof 
42493      DEBUG main            d.u.i.k.p.i.AbstractProblemLoader Environment load took 132.41ns 
42494      INFO  main            d.u.i.k.p.i.AbstractProblemLoader Creating init config 
45746      DEBUG main            d.u.i.k.p.i.AbstractProblemLoader Init config took 3.25s 
45801      INFO  main            d.u.i.k.p.i.AbstractProblemLoader Replaying proof ExampleObserver[Observer::$upToDate()].JML accessible clause.0 
45825      DEBUG main            d.u.i.k.p.i.IntermediateProofReplayer Proof replay took 21.88ms 
45826      DEBUG main            d.u.i.k.p.r.p.TestFile    ... success: reloaded. 
45828      INFO  main            d.u.i.k.p.r.p.TestFile    Now processing file /home/runner/work/key/key/key.core/../key.ui/examples/heap/observer/ExampleObserver_value.key 
45828      INFO  main            d.u.i.k.p.i.AbstractProblemLoader Loading environment from /home/runner/work/key/key/key.core/../key.ui/examples/heap/observer/ExampleObserver_value.key 
45829      DEBUG main            d.u.i.k.p.i.AbstractProblemLoader Environment load took 290.02ns 
45830      INFO  main            d.u.i.k.p.i.AbstractProblemLoader Creating init config 
49100      DEBUG main            d.u.i.k.p.i.AbstractProblemLoader Init config took 3.27s 
49163      INFO  main            d.u.i.k.p.i.AbstractProblemLoader Replaying proof ExampleObserver[ExampleObserver::value()].JML normal_behavior operation contract.0 
49166      DEBUG main            d.u.i.k.p.i.IntermediateProofReplayer Proof replay took 8.5ns 
49272      INFO  main            d.u.i.k.p.r.p.TestFile    ... finished proof: closed. 
49493      INFO  main            d.u.i.k.p.i.AbstractProblemLoader Loading environment from /home/runner/work/key/key/key.core/../key.ui/examples/heap/observer/ExampleObserver_value.key.proof 
49493      DEBUG main            d.u.i.k.p.i.AbstractProblemLoader Environment load took 172.21ns 
49498      INFO  main            d.u.i.k.p.i.AbstractProblemLoader Creating init config 
52745      DEBUG main            d.u.i.k.p.i.AbstractProblemLoader Init config took 3.25s 
52801      INFO  main            d.u.i.k.p.i.AbstractProblemLoader Replaying proof ExampleObserver[ExampleObserver::value()].JML normal_behavior operation contract.0 
52831      DEBUG main            d.u.i.k.p.i.IntermediateProofReplayer Proof replay took 24.88ms 
52832      DEBUG main            d.u.i.k.p.r.p.TestFile    ... success: reloaded. 
52834      INFO  main            d.u.i.k.p.r.p.TestFile    Now processing file /home/runner/work/key/key/key.core/../key.ui/examples/heap/observer/ExampleSubject_addObserver.key 
52834      INFO  main            d.u.i.k.p.i.AbstractProblemLoader Loading environment from /home/runner/work/key/key/key.core/../key.ui/examples/heap/observer/ExampleSubject_addObserver.key 
52835      DEBUG main            d.u.i.k.p.i.AbstractProblemLoader Environment load took 363.42ns 
52836      INFO  main            d.u.i.k.p.i.AbstractProblemLoader Creating init config 
56125      DEBUG main            d.u.i.k.p.i.AbstractProblemLoader Init config took 3.29s 
56184      INFO  main            d.u.i.k.p.i.AbstractProblemLoader Replaying proof ExampleSubject[Subject::addObserver(Observer)].JML normal_behavior operation contract.0 
56186      DEBUG main            d.u.i.k.p.i.IntermediateProofReplayer Proof replay took 7.9ns 
62591      INFO  main            d.u.i.k.p.r.p.TestFile    ... finished proof: closed. 
62873      INFO  main            d.u.i.k.p.i.AbstractProblemLoader Loading environment from /home/runner/work/key/key/key.core/../key.ui/examples/heap/observer/ExampleSubject_addObserver.key.proof 
62881      DEBUG main            d.u.i.k.p.i.AbstractProblemLoader Environment load took 8.44ms 
62885      INFO  main            d.u.i.k.p.i.AbstractProblemLoader Creating init config 
66076      DEBUG main            d.u.i.k.p.i.AbstractProblemLoader Init config took 3.19s 
66137      INFO  main            d.u.i.k.p.i.AbstractProblemLoader Replaying proof ExampleSubject[Subject::addObserver(Observer)].JML normal_behavior operation contract.0 
67080      DEBUG main            d.u.i.k.p.i.IntermediateProofReplayer Proof replay took 921.26ms 
67082      DEBUG main            d.u.i.k.p.r.p.TestFile    ... success: reloaded. 
67084      INFO  main            d.u.i.k.p.r.p.TestFile    Now processing file /home/runner/work/key/key/key.core/../key.ui/examples/heap/observer/ExampleSubject_change.key 
67084      INFO  main            d.u.i.k.p.i.AbstractProblemLoader Loading environment from /home/runner/work/key/key/key.core/../key.ui/examples/heap/observer/ExampleSubject_change.key 
67084      DEBUG main            d.u.i.k.p.i.AbstractProblemLoader Environment load took 253.21ns 
67086      INFO  main            d.u.i.k.p.i.AbstractProblemLoader Creating init config 
70304      DEBUG main            d.u.i.k.p.i.AbstractProblemLoader Init config took 3.22s 
70361      INFO  main            d.u.i.k.p.i.AbstractProblemLoader Replaying proof ExampleSubject[ExampleSubject::change()].JML normal_behavior operation contract.0 
70363      DEBUG main            d.u.i.k.p.i.IntermediateProofReplayer Proof replay took 8.4ns 
70976      INFO  main            d.u.i.k.p.r.p.TestFile    ... finished proof: closed. 
71254      INFO  main            d.u.i.k.p.i.AbstractProblemLoader Loading environment from /home/runner/work/key/key/key.core/../key.ui/examples/heap/observer/ExampleSubject_change.key.proof 
71255      DEBUG main            d.u.i.k.p.i.AbstractProblemLoader Environment load took 162.11ns 
71256      INFO  main            d.u.i.k.p.i.AbstractProblemLoader Creating init config 
74523      DEBUG main            d.u.i.k.p.i.AbstractProblemLoader Init config took 3.27s 
74580      INFO  main            d.u.i.k.p.i.AbstractProblemLoader Replaying proof ExampleSubject[ExampleSubject::change()].JML normal_behavior operation contract.0 
74688      DEBUG main            d.u.i.k.p.i.IntermediateProofReplayer Proof replay took 102.93ms 
74690      DEBUG main            d.u.i.k.p.r.p.TestFile    ... success: reloaded. 
74691      INFO  main            d.u.i.k.p.r.p.TestFile    Now processing file /home/runner/work/key/key/key.core/../key.ui/examples/heap/observer/ExampleSubject_ExampleSubject.key 
74692      INFO  main            d.u.i.k.p.i.AbstractProblemLoader Loading environment from /home/runner/work/key/key/key.core/../key.ui/examples/heap/observer/ExampleSubject_ExampleSubject.key 
74692      DEBUG main            d.u.i.k.p.i.AbstractProblemLoader Environment load took 258.21ns 
74693      INFO  main            d.u.i.k.p.i.AbstractProblemLoader Creating init config 
78041      DEBUG main            d.u.i.k.p.i.AbstractProblemLoader Init config took 3.35s 
78095      INFO  main            d.u.i.k.p.i.AbstractProblemLoader Replaying proof ExampleSubject[ExampleSubject::ExampleSubject()].JML normal_behavior operation contract.0 
78097      DEBUG main            d.u.i.k.p.i.IntermediateProofReplayer Proof replay took 8ns 
79403      INFO  main            d.u.i.k.p.r.p.TestFile    ... finished proof: closed. 
79653      INFO  main            d.u.i.k.p.i.AbstractProblemLoader Loading environment from /home/runner/work/key/key/key.core/../key.ui/examples/heap/observer/ExampleSubject_ExampleSubject.key.proof 
79654      DEBUG main            d.u.i.k.p.i.AbstractProblemLoader Environment load took 528.93ns 
79657      INFO  main            d.u.i.k.p.i.AbstractProblemLoader Creating init config 
82848      DEBUG main            d.u.i.k.p.i.AbstractProblemLoader Init config took 3.19s 
82913      INFO  main            d.u.i.k.p.i.AbstractProblemLoader Replaying proof ExampleSubject[ExampleSubject::ExampleSubject()].JML normal_behavior operation contract.0 
83168      DEBUG main            d.u.i.k.p.i.IntermediateProofReplayer Proof replay took 247.54ms 
83170      DEBUG main            d.u.i.k.p.r.p.TestFile    ... success: reloaded. 
83171      INFO  main            d.u.i.k.p.r.p.TestFile    Now processing file /home/runner/work/key/key/key.core/../key.ui/examples/heap/observer/ExampleSubject_footprint.key 
83172      INFO  main            d.u.i.k.p.i.AbstractProblemLoader Loading environment from /home/runner/work/key/key/key.core/../key.ui/examples/heap/observer/ExampleSubject_footprint.key 
83172      DEBUG main            d.u.i.k.p.i.AbstractProblemLoader Environment load took 280.71ns 
83173      INFO  main            d.u.i.k.p.i.AbstractProblemLoader Creating init config 
86365      DEBUG main            d.u.i.k.p.i.AbstractProblemLoader Init config took 3.19s 
86416      INFO  main            d.u.i.k.p.i.AbstractProblemLoader Replaying proof ExampleSubject[Subject::$footprint()].JML accessible clause.0 
86418      DEBUG main            d.u.i.k.p.i.IntermediateProofReplayer Proof replay took 8ns 
86520      INFO  main            d.u.i.k.p.r.p.TestFile    ... finished proof: closed. 
86763      INFO  main            d.u.i.k.p.i.AbstractProblemLoader Loading environment from /home/runner/work/key/key/key.core/../key.ui/examples/heap/observer/ExampleSubject_footprint.key.proof 
86763      DEBUG main            d.u.i.k.p.i.AbstractProblemLoader Environment load took 136.51ns 
86764      INFO  main            d.u.i.k.p.i.AbstractProblemLoader Creating init config 
89913      DEBUG main            d.u.i.k.p.i.AbstractProblemLoader Init config took 3.15s 
89968      INFO  main            d.u.i.k.p.i.AbstractProblemLoader Replaying proof ExampleSubject[Subject::$footprint()].JML accessible clause.0 
89988      DEBUG main            d.u.i.k.p.i.IntermediateProofReplayer Proof replay took 18.5ms 
89990      DEBUG main            d.u.i.k.p.r.p.TestFile    ... success: reloaded. 
89991      INFO  main            d.u.i.k.p.r.p.TestFile    Now processing file /home/runner/work/key/key/key.core/../key.ui/examples/heap/observer/ExampleSubject_inv.key 
89992      INFO  main            d.u.i.k.p.i.AbstractProblemLoader Loading environment from /home/runner/work/key/key/key.core/../key.ui/examples/heap/observer/ExampleSubject_inv.key 
89992      DEBUG main            d.u.i.k.p.i.AbstractProblemLoader Environment load took 130.11ns 
89993      INFO  main            d.u.i.k.p.i.AbstractProblemLoader Creating init config 
93331      DEBUG main            d.u.i.k.p.i.AbstractProblemLoader Init config took 3.34s 
93403      INFO  main            d.u.i.k.p.i.AbstractProblemLoader Replaying proof ExampleSubject[java.lang.Object::<inv>()].JML accessible clause.0 
93405      DEBUG main            d.u.i.k.p.i.IntermediateProofReplayer Proof replay took 7.5ns 
94845      INFO  main            d.u.i.k.p.r.p.TestFile    ... finished proof: closed. 
95085      INFO  main            d.u.i.k.p.i.AbstractProblemLoader Loading environment from /home/runner/work/key/key/key.core/../key.ui/examples/heap/observer/ExampleSubject_inv.key.proof 
95086      DEBUG main            d.u.i.k.p.i.AbstractProblemLoader Environment load took 157.01ns 
95087      INFO  main            d.u.i.k.p.i.AbstractProblemLoader Creating init config 
98314      DEBUG main            d.u.i.k.p.i.AbstractProblemLoader Init config took 3.23s 
98364      INFO  main            d.u.i.k.p.i.AbstractProblemLoader Replaying proof ExampleSubject[java.lang.Object::<inv>()].JML accessible clause.0 
98507      DEBUG main            d.u.i.k.p.i.IntermediateProofReplayer Proof replay took 136.59ms 
98509      DEBUG main            d.u.i.k.p.r.p.TestFile    ... success: reloaded. 
98510      INFO  main            d.u.i.k.p.r.p.TestFile    Now processing file /home/runner/work/key/key/key.core/../key.ui/examples/heap/observer/ExampleSubject_notifyObservers.key 
98511      INFO  main            d.u.i.k.p.i.AbstractProblemLoader Loading environment from /home/runner/work/key/key/key.core/../key.ui/examples/heap/observer/ExampleSubject_notifyObservers.key 
98511      DEBUG main            d.u.i.k.p.i.AbstractProblemLoader Environment load took 266.71ns 
98512      INFO  main            d.u.i.k.p.i.AbstractProblemLoader Creating init config 
101669     DEBUG main            d.u.i.k.p.i.AbstractProblemLoader Init config took 3.16s 
101720     INFO  main            d.u.i.k.p.i.AbstractProblemLoader Replaying proof Subject[Subject::notifyObservers()].JML normal_behavior operation contract.0 
101722     DEBUG main            d.u.i.k.p.i.IntermediateProofReplayer Proof replay took 8.1ns 
101824     INFO  main            d.u.i.k.p.r.p.TestFile    ... finished proof: closed. 
102064     INFO  main            d.u.i.k.p.i.AbstractProblemLoader Loading environment from /home/runner/work/key/key/key.core/../key.ui/examples/heap/observer/ExampleSubject_notifyObservers.key.proof 
102064     DEBUG main            d.u.i.k.p.i.AbstractProblemLoader Environment load took 141.91ns 
102065     INFO  main            d.u.i.k.p.i.AbstractProblemLoader Creating init config 
105314     DEBUG main            d.u.i.k.p.i.AbstractProblemLoader Init config took 3.25s 
105392     INFO  main            d.u.i.k.p.i.AbstractProblemLoader Replaying proof Subject[Subject::notifyObservers()].JML normal_behavior operation contract.0 
105398     DEBUG main            d.u.i.k.p.i.IntermediateProofReplayer Proof replay took 3.25ms 
105400     DEBUG main            d.u.i.k.p.r.p.TestFile    ... success: reloaded. 
105402     INFO  main            d.u.i.k.p.r.p.TestFile    Now processing file /home/runner/work/key/key/key.core/../key.ui/examples/heap/observer/ExampleSubject_value_dep.key 
105402     INFO  main            d.u.i.k.p.i.AbstractProblemLoader Loading environment from /home/runner/work/key/key/key.core/../key.ui/examples/heap/observer/ExampleSubject_value_dep.key 
105402     DEBUG main            d.u.i.k.p.i.AbstractProblemLoader Environment load took 281.31ns 
105404     INFO  main            d.u.i.k.p.i.AbstractProblemLoader Creating init config 
108631     DEBUG main            d.u.i.k.p.i.AbstractProblemLoader Init config took 3.23s 
108682     INFO  main            d.u.i.k.p.i.AbstractProblemLoader Replaying proof ExampleSubject[ExampleSubject::value()].JML accessible clause.0 
108684     DEBUG main            d.u.i.k.p.i.IntermediateProofReplayer Proof replay took 7.7ns 
108787     INFO  main            d.u.i.k.p.r.p.TestFile    ... finished proof: closed. 
109038     INFO  main            d.u.i.k.p.i.AbstractProblemLoader Loading environment from /home/runner/work/key/key/key.core/../key.ui/examples/heap/observer/ExampleSubject_value_dep.key.proof 
109038     DEBUG main            d.u.i.k.p.i.AbstractProblemLoader Environment load took 128.91ns 
109039     INFO  main            d.u.i.k.p.i.AbstractProblemLoader Creating init config 
112226     DEBUG main            d.u.i.k.p.i.AbstractProblemLoader Init config took 3.19s 
112281     INFO  main            d.u.i.k.p.i.AbstractProblemLoader Replaying proof ExampleSubject[ExampleSubject::value()].JML accessible clause.0 
112306     DEBUG main            d.u.i.k.p.i.IntermediateProofReplayer Proof replay took 21.66ms 
112307     DEBUG main            d.u.i.k.p.r.p.TestFile    ... success: reloaded. 
112309     INFO  main            d.u.i.k.p.r.p.TestFile    Now processing file /home/runner/work/key/key/key.core/../key.ui/examples/heap/observer/ExampleSubject_value.key 
112309     INFO  main            d.u.i.k.p.i.AbstractProblemLoader Loading environment from /home/runner/work/key/key/key.core/../key.ui/examples/heap/observer/ExampleSubject_value.key 
112309     DEBUG main            d.u.i.k.p.i.AbstractProblemLoader Environment load took 192.21ns 
112310     INFO  main            d.u.i.k.p.i.AbstractProblemLoader Creating init config 
115490     DEBUG main            d.u.i.k.p.i.AbstractProblemLoader Init config took 3.18s 
115539     INFO  main            d.u.i.k.p.i.AbstractProblemLoader Replaying proof ExampleSubject[ExampleSubject::value()].JML normal_behavior operation contract.0 
115541     DEBUG main            d.u.i.k.p.i.IntermediateProofReplayer Proof replay took 7.1ns 
115644     INFO  main            d.u.i.k.p.r.p.TestFile    ... finished proof: closed. 
115901     INFO  main            d.u.i.k.p.i.AbstractProblemLoader Loading environment from /home/runner/work/key/key/key.core/../key.ui/examples/heap/observer/ExampleSubject_value.key.proof 
115901     DEBUG main            d.u.i.k.p.i.AbstractProblemLoader Environment load took 132.41ns 
115904     INFO  main            d.u.i.k.p.i.AbstractProblemLoader Creating init config 
119011     DEBUG main            d.u.i.k.p.i.AbstractProblemLoader Init config took 3.11s 
119061     INFO  main            d.u.i.k.p.i.AbstractProblemLoader Replaying proof ExampleSubject[ExampleSubject::value()].JML normal_behavior operation contract.0 
119076     DEBUG main            d.u.i.k.p.i.IntermediateProofReplayer Proof replay took 12.77ms 
119077     DEBUG main            d.u.i.k.p.r.p.TestFile    ... success: reloaded. 
1775714    INFO  Test worker     d.u.i.k.p.r.RunAllProofsTestUnit Returning from test observer 
1775716    INFO  Test worker     d.u.i.k.p.r.RunAllProofsTestUnit Running test removeDups 
426        INFO  Timeout watchdog d.u.i.k.p.r.p.ForkedTestFileRunner Timeout watcher launched (2000 secs.) 
444        WARN  main            d.u.i.k.s.ProofSettings   The settings in /home/runner/.key/proof-settings.props are *not* read. 
485        INFO  main            d.u.i.k.p.r.p.TestFile    Now processing file /home/runner/work/key/key/key.core/../key.ui/examples/heap/removeDups/arrayPart.key 
621        INFO  main            d.u.i.k.p.i.AbstractProblemLoader Loading environment from /home/runner/work/key/key/key.core/../key.ui/examples/heap/removeDups/arrayPart.key 
641        DEBUG main            d.u.i.k.p.i.AbstractProblemLoader Environment load took 2.8ms 
939        INFO  main            d.u.i.k.p.i.AbstractProblemLoader Creating init config 
2066       DEBUG main            d.u.i.k.j.TypeConverter   No LDT found for Meta 
2066       DEBUG main            d.u.i.k.j.TypeConverter   No LDT found for Meta 
2067       DEBUG main            d.u.i.k.j.TypeConverter   No LDT found for Meta 
2067       DEBUG main            d.u.i.k.j.TypeConverter   No LDT found for Meta 
3868       DEBUG main            d.u.i.k.j.TypeConverter   No LDT found for JavaBigintExpression 
10135      DEBUG main            d.u.i.k.p.i.AbstractProblemLoader Init config took 9.2s 
10284      INFO  main            d.u.i.k.p.i.AbstractProblemLoader Replaying proof RemoveDup[RemoveDup::arrayPart([I,int)].JML normal_behavior operation contract.0 
10322      DEBUG main            d.u.i.k.p.i.IntermediateProofReplayer Proof replay took 40.5ns 
13511      INFO  main            d.u.i.k.p.r.p.TestFile    ... finished proof: closed. 
13723      INFO  main            d.u.i.k.p.i.AbstractProblemLoader Loading environment from /home/runner/work/key/key/key.core/../key.ui/examples/heap/removeDups/arrayPart.key.proof 
13724      DEBUG main            d.u.i.k.p.i.AbstractProblemLoader Environment load took 569.03ns 
13727      INFO  main            d.u.i.k.p.i.AbstractProblemLoader Creating init config 
17172      DEBUG main            d.u.i.k.p.i.AbstractProblemLoader Init config took 3.45s 
17251      INFO  main            d.u.i.k.p.i.AbstractProblemLoader Replaying proof RemoveDup[RemoveDup::arrayPart([I,int)].JML normal_behavior operation contract.0 
17739      DEBUG main            d.u.i.k.p.i.IntermediateProofReplayer Proof replay took 475.39ms 
17749      DEBUG main            d.u.i.k.p.r.p.TestFile    ... success: reloaded. 
17751      INFO  main            d.u.i.k.p.r.p.TestFile    Now processing file /home/runner/work/key/key/key.core/../key.ui/examples/heap/removeDups/contains.key 
17752      INFO  main            d.u.i.k.p.i.AbstractProblemLoader Loading environment from /home/runner/work/key/key/key.core/../key.ui/examples/heap/removeDups/contains.key 
17752      DEBUG main            d.u.i.k.p.i.AbstractProblemLoader Environment load took 306.32ns 
17760      INFO  main            d.u.i.k.p.i.AbstractProblemLoader Creating init config 
21066      DEBUG main            d.u.i.k.p.i.AbstractProblemLoader Init config took 3.31s 
21127      INFO  main            d.u.i.k.p.i.AbstractProblemLoader Replaying proof RemoveDup[RemoveDup::contains([I,int,int)].JML normal_behavior operation contract.0 
21130      DEBUG main            d.u.i.k.p.i.IntermediateProofReplayer Proof replay took 25.9ns 
21836      INFO  main            d.u.i.k.p.r.p.TestFile    ... finished proof: closed. 
22009      INFO  main            d.u.i.k.p.i.AbstractProblemLoader Loading environment from /home/runner/work/key/key/key.core/../key.ui/examples/heap/removeDups/contains.key.proof 
22012      DEBUG main            d.u.i.k.p.i.AbstractProblemLoader Environment load took 3.2ms 
22014      INFO  main            d.u.i.k.p.i.AbstractProblemLoader Creating init config 
25173      DEBUG main            d.u.i.k.p.i.AbstractProblemLoader Init config took 3.16s 
25244      INFO  main            d.u.i.k.p.i.AbstractProblemLoader Replaying proof RemoveDup[RemoveDup::contains([I,int,int)].JML normal_behavior operation contract.0 
25372      DEBUG main            d.u.i.k.p.i.IntermediateProofReplayer Proof replay took 122.99ms 
25374      DEBUG main            d.u.i.k.p.r.p.TestFile    ... success: reloaded. 
25375      INFO  main            d.u.i.k.p.r.p.TestFile    Now processing file /home/runner/work/key/key/key.core/../key.ui/examples/heap/removeDups/removeDup.key 
25376      INFO  main            d.u.i.k.p.i.AbstractProblemLoader Loading environment from /home/runner/work/key/key/key.core/../key.ui/examples/heap/removeDups/removeDup.key 
25376      DEBUG main            d.u.i.k.p.i.AbstractProblemLoader Environment load took 311.92ns 
25378      INFO  main            d.u.i.k.p.i.AbstractProblemLoader Creating init config 
28610      DEBUG main            d.u.i.k.p.i.AbstractProblemLoader Init config took 3.23s 
28667      INFO  main            d.u.i.k.p.i.AbstractProblemLoader Replaying proof RemoveDup[RemoveDup::removeDup([I)].JML normal_behavior operation contract.0 
28669      DEBUG main            d.u.i.k.p.i.IntermediateProofReplayer Proof replay took 8.4ns 
34618      DEBUG Thread-7        d.u.i.k.j.d.VariableSpecification Program match. Variables have different dimension (template #v0 = #vi;, source a#11[] = var;) 
61519      INFO  main            d.u.i.k.p.r.p.TestFile    ... finished proof: closed. 
61823      INFO  main            d.u.i.k.p.i.AbstractProblemLoader Loading environment from /home/runner/work/key/key/key.core/../key.ui/examples/heap/removeDups/removeDup.key.proof 
61823      DEBUG main            d.u.i.k.p.i.AbstractProblemLoader Environment load took 517.13ns 
61829      INFO  main            d.u.i.k.p.i.AbstractProblemLoader Creating init config 
64941      DEBUG main            d.u.i.k.p.i.AbstractProblemLoader Init config took 3.11s 
64993      INFO  main            d.u.i.k.p.i.AbstractProblemLoader Replaying proof RemoveDup[RemoveDup::removeDup([I)].JML normal_behavior operation contract.0 
67384      DEBUG main            d.u.i.k.p.i.IntermediateProofReplayer Proof replay took 2.3s 
67389      DEBUG main            d.u.i.k.p.r.p.TestFile    ... success: reloaded. 
67390      INFO  main            d.u.i.k.p.r.p.TestFile    Now processing file /home/runner/work/key/key/key.core/../key.ui/examples/heap/saddleback_search/Saddleback_search.key 
67390      INFO  main            d.u.i.k.p.i.AbstractProblemLoader Loading environment from /home/runner/work/key/key/key.core/../key.ui/examples/heap/saddleback_search/Saddleback_search.key 
67391      DEBUG main            d.u.i.k.p.i.AbstractProblemLoader Environment load took 147.91ns 
67392      INFO  main            d.u.i.k.p.i.AbstractProblemLoader Creating init config 
70700      DEBUG main            d.u.i.k.p.i.AbstractProblemLoader Init config took 3.31s 
70755      INFO  main            d.u.i.k.p.i.AbstractProblemLoader Replaying proof Saddleback[Saddleback::search([[I,int)].JML normal_behavior operation contract.0 
70766      DEBUG main            d.u.i.k.p.i.IntermediateProofReplayer Proof replay took 7.9ns 
172233     INFO  main            d.u.i.k.p.r.p.TestFile    ... finished proof: closed. 
172744     INFO  main            d.u.i.k.p.i.AbstractProblemLoader Loading environment from /home/runner/work/key/key/key.core/../key.ui/examples/heap/saddleback_search/Saddleback_search.key.proof 
172745     DEBUG main            d.u.i.k.p.i.AbstractProblemLoader Environment load took 521.03ns 
172757     INFO  main            d.u.i.k.p.i.AbstractProblemLoader Creating init config 
175776     DEBUG main            d.u.i.k.p.i.AbstractProblemLoader Init config took 3.02s 
175820     INFO  main            d.u.i.k.p.i.AbstractProblemLoader Replaying proof Saddleback[Saddleback::search([[I,int)].JML normal_behavior operation contract.0 
179006     DEBUG main            d.u.i.k.p.i.IntermediateProofReplayer Proof replay took 2.98s 
179018     DEBUG main            d.u.i.k.p.r.p.TestFile    ... success: reloaded. 
1954934    INFO  Test worker     d.u.i.k.p.r.RunAllProofsTestUnit Returning from test removeDups 
1954935    INFO  Test worker     d.u.i.k.p.r.RunAllProofsTestUnit Running test quicksort 
436        INFO  Timeout watchdog d.u.i.k.p.r.p.ForkedTestFileRunner Timeout watcher launched (2000 secs.) 
459        WARN  main            d.u.i.k.s.ProofSettings   The settings in /home/runner/.key/proof-settings.props are *not* read. 
516        INFO  main            d.u.i.k.p.r.p.TestFile    Now processing file /home/runner/work/key/key/key.core/../key.ui/examples/heap/quicksort/toplevel.key 
664        INFO  main            d.u.i.k.p.i.AbstractProblemLoader Loading environment from /home/runner/work/key/key/key.core/../key.ui/examples/heap/quicksort/toplevel.key 
683        DEBUG main            d.u.i.k.p.i.AbstractProblemLoader Environment load took 2.5ms 
947        INFO  main            d.u.i.k.p.i.AbstractProblemLoader Creating init config 
2119       DEBUG main            d.u.i.k.j.TypeConverter   No LDT found for Meta 
2119       DEBUG main            d.u.i.k.j.TypeConverter   No LDT found for Meta 
2122       DEBUG main            d.u.i.k.j.TypeConverter   No LDT found for Meta 
2122       DEBUG main            d.u.i.k.j.TypeConverter   No LDT found for Meta 
4006       DEBUG main            d.u.i.k.j.TypeConverter   No LDT found for JavaBigintExpression 
9670       DEBUG main            d.u.i.k.p.i.AbstractProblemLoader Init config took 8.72s 
9805       INFO  main            d.u.i.k.p.i.AbstractProblemLoader Replaying proof Quicksort[Quicksort::sort([I)].JML normal_behavior operation contract.0 
9845       DEBUG main            d.u.i.k.p.i.IntermediateProofReplayer Proof replay took 36.5ns 
11340      INFO  main            d.u.i.k.p.r.p.TestFile    ... finished proof: closed. 
11518      INFO  main            d.u.i.k.p.i.AbstractProblemLoader Loading environment from /home/runner/work/key/key/key.core/../key.ui/examples/heap/quicksort/toplevel.key.proof 
11520      DEBUG main            d.u.i.k.p.i.AbstractProblemLoader Environment load took 2.11ms 
11523      INFO  main            d.u.i.k.p.i.AbstractProblemLoader Creating init config 
14921      DEBUG main            d.u.i.k.p.i.AbstractProblemLoader Init config took 3.4s 
15027      INFO  main            d.u.i.k.p.i.AbstractProblemLoader Replaying proof Quicksort[Quicksort::sort([I)].JML normal_behavior operation contract.0 
15316      DEBUG main            d.u.i.k.p.i.IntermediateProofReplayer Proof replay took 273.21ms 
15326      DEBUG main            d.u.i.k.p.r.p.TestFile    ... success: reloaded. 
15330      INFO  main            d.u.i.k.p.r.p.TestFile    Now processing file /home/runner/work/key/key/key.core/../key.ui/examples/heap/quicksort/sort.key 
15330      INFO  main            d.u.i.k.p.i.AbstractProblemLoader Loading environment from /home/runner/work/key/key/key.core/../key.ui/examples/heap/quicksort/sort.key 
15330      DEBUG main            d.u.i.k.p.i.AbstractProblemLoader Environment load took 150.81ns 
15334      INFO  main            d.u.i.k.p.i.AbstractProblemLoader Creating init config 
18558      DEBUG main            d.u.i.k.p.i.AbstractProblemLoader Init config took 3.22s 
18646      INFO  main            d.u.i.k.p.i.AbstractProblemLoader Replaying proof Quicksort[Quicksort::sort([I,int,int)].JML normal_behavior operation contract.0 
18654      DEBUG main            d.u.i.k.p.i.IntermediateProofReplayer Proof replay took 8.5ns 
18690      DEBUG main            d.u.i.k.m.s.ProofScriptEngine 1: 'script 'sort.script'' 
18697      INFO  main            d.u.i.k.m.s.ProofScriptCommand Included script /home/runner/work/key/key/key.core/../key.ui/examples/heap/quicksort/sort.script 
18698      DEBUG main            d.u.i.k.m.s.ProofScriptEngine 1: 'macro autopilot-prep' 
19951      DEBUG main            d.u.i.k.m.s.ProofScriptEngine 2: 'select formula="{heapAtPre:=heap || exc:=null || heap:=heapAfter_sort_0}
   seq ...' 
19956      DEBUG main            d.u.i.k.m.s.ProofScriptEngine 3: 'macro simp-upd' 
19966      DEBUG main            d.u.i.k.m.s.ProofScriptEngine 4: 'let   @seqPre="seqDef{int u;}(0, array.length, array[u])"
    @seqSplit="seqDef ...' 
19969      DEBUG main            d.u.i.k.m.s.ProofScriptEngine 5: 'rule seqPermSym 
  formula="seqPerm(@seqSplit, @seqPre)"' 
19987      DEBUG main            d.u.i.k.m.s.ProofScriptEngine 6: 'rule seqPermSym
  formula="seqPerm(@seqSort, @seqSplit)"' 
19989      DEBUG main            d.u.i.k.m.s.ProofScriptEngine 7: 'rule seqPermSym
  formula="seqPerm(@seqSort0, @seqSort)"' 
19991      DEBUG main            d.u.i.k.m.s.ProofScriptEngine 8: 'rule seqPermTrans
  formula="seqPerm(@seqPre, @seqSplit)"' 
19999      DEBUG main            d.u.i.k.m.s.ProofScriptEngine 9: 'rule seqPermTrans
  formula="seqPerm(@seqPre, @seqSort)"' 
20000      DEBUG main            d.u.i.k.m.s.ProofScriptEngine 10: 'rule seqPermSym
  formula="seqPerm(@seqPre, @seqSort0)"' 
20007      DEBUG main            d.u.i.k.m.s.ProofScriptEngine 11: 'tryclose' 
50413      INFO  main            d.u.i.k.p.r.p.TestFile    ... finished proof: closed. 
50760      INFO  main            d.u.i.k.p.i.AbstractProblemLoader Loading environment from /home/runner/work/key/key/key.core/../key.ui/examples/heap/quicksort/sort.key.proof 
50760      DEBUG main            d.u.i.k.p.i.AbstractProblemLoader Environment load took 568.83ns 
50771      INFO  main            d.u.i.k.p.i.AbstractProblemLoader Creating init config 
53834      DEBUG main            d.u.i.k.p.i.AbstractProblemLoader Init config took 3.06s 
53904      INFO  main            d.u.i.k.p.i.AbstractProblemLoader Replaying proof Quicksort[Quicksort::sort([I,int,int)].JML normal_behavior operation contract.0 
56374      DEBUG main            d.u.i.k.p.i.IntermediateProofReplayer Proof replay took 2.33s 
56381      DEBUG main            d.u.i.k.p.r.p.TestFile    ... success: reloaded. 
56395      INFO  main            d.u.i.k.p.r.p.TestFile    Now processing file /home/runner/work/key/key/key.core/../key.ui/examples/heap/quicksort/split.key 
56395      INFO  main            d.u.i.k.p.i.AbstractProblemLoader Loading environment from /home/runner/work/key/key/key.core/../key.ui/examples/heap/quicksort/split.key 
56396      DEBUG main            d.u.i.k.p.i.AbstractProblemLoader Environment load took 341.22ns 
56397      INFO  main            d.u.i.k.p.i.AbstractProblemLoader Creating init config 
59761      DEBUG main            d.u.i.k.p.i.AbstractProblemLoader Init config took 3.36s 
59812      INFO  main            d.u.i.k.p.i.AbstractProblemLoader Replaying proof Quicksort[Quicksort::split([I,int,int)].JML normal_behavior operation contract.0 
59815      DEBUG main            d.u.i.k.p.i.IntermediateProofReplayer Proof replay took 6.3ns 
59816      DEBUG main            d.u.i.k.m.s.ProofScriptEngine 1: 'macro autopilot-prep' 
61276      DEBUG main            d.u.i.k.m.s.ProofScriptEngine 2: 'tryclose' 
104853     DEBUG main            d.u.i.k.m.s.ProofScriptEngine 3: 'macro simp-upd' 
104986     DEBUG main            d.u.i.k.m.s.ProofScriptEngine 4: 'rule seqPermFromSwap' 
105008     DEBUG main            d.u.i.k.m.s.ProofScriptEngine 5: 'rule andRight' 
105010     DEBUG main            d.u.i.k.m.s.ProofScriptEngine 6: 'auto' 
105042     DEBUG main            d.u.i.k.m.s.ProofScriptEngine 7: 'instantiate hide var=iv with=i_0' 
105048     DEBUG main            d.u.i.k.m.s.ProofScriptEngine 8: 'instantiate hide var=jv with=j_0' 
105050     DEBUG main            d.u.i.k.m.s.ProofScriptEngine 9: 'auto' 
112863     DEBUG main            d.u.i.k.m.s.ProofScriptEngine 10: 'macro simp-upd' 
112956     DEBUG main            d.u.i.k.m.s.ProofScriptEngine 11: 'rule seqPermFromSwap' 
112961     DEBUG main            d.u.i.k.m.s.ProofScriptEngine 12: 'rule andRight' 
112963     DEBUG main            d.u.i.k.m.s.ProofScriptEngine 13: 'auto' 
112984     DEBUG main            d.u.i.k.m.s.ProofScriptEngine 14: 'instantiate hide var=iv with=i_0' 
112988     DEBUG main            d.u.i.k.m.s.ProofScriptEngine 15: 'instantiate hide var=jv with=to' 
112991     DEBUG main            d.u.i.k.m.s.ProofScriptEngine 16: 'auto' 
119090     INFO  main            d.u.i.k.p.r.p.TestFile    ... finished proof: closed. 
119737     INFO  main            d.u.i.k.p.i.AbstractProblemLoader Loading environment from /home/runner/work/key/key/key.core/../key.ui/examples/heap/quicksort/split.key.proof 
119737     DEBUG main            d.u.i.k.p.i.AbstractProblemLoader Environment load took 563.34ns 
119753     INFO  main            d.u.i.k.p.i.AbstractProblemLoader Creating init config 
122766     DEBUG main            d.u.i.k.p.i.AbstractProblemLoader Init config took 3.01s 
122828     INFO  main            d.u.i.k.p.i.AbstractProblemLoader Replaying proof Quicksort[Quicksort::split([I,int,int)].JML normal_behavior operation contract.0 
127407     DEBUG main            d.u.i.k.p.i.IntermediateProofReplayer Proof replay took 4.26s 
127427     DEBUG main            d.u.i.k.p.r.p.TestFile    ... success: reloaded. 
2082674    INFO  Test worker     d.u.i.k.p.r.RunAllProofsTestUnit Returning from test quicksort 
2082676    INFO  Test worker     d.u.i.k.p.r.RunAllProofsTestUnit Running test simpleTests 
408        INFO  Timeout watchdog d.u.i.k.p.r.p.ForkedTestFileRunner Timeout watcher launched (2000 secs.) 
423        WARN  main            d.u.i.k.s.ProofSettings   The settings in /home/runner/.key/proof-settings.props are *not* read. 
511        INFO  main            d.u.i.k.p.r.p.TestFile    Now processing file /home/runner/work/key/key/key.core/../key.ui/examples/heap/simple/anonymise_datagroup.key 
709        INFO  main            d.u.i.k.p.i.AbstractProblemLoader Loading environment from /home/runner/work/key/key/key.core/../key.ui/examples/heap/simple/anonymise_datagroup.key 
729        DEBUG main            d.u.i.k.p.i.AbstractProblemLoader Environment load took 2.75ms 
1036       INFO  main            d.u.i.k.p.i.AbstractProblemLoader Creating init config 
2043       DEBUG main            d.u.i.k.j.TypeConverter   No LDT found for Meta 
2045       DEBUG main            d.u.i.k.j.TypeConverter   No LDT found for Meta 
2049       DEBUG main            d.u.i.k.j.TypeConverter   No LDT found for Meta 
2049       DEBUG main            d.u.i.k.j.TypeConverter   No LDT found for Meta 
3854       DEBUG main            d.u.i.k.j.TypeConverter   No LDT found for JavaBigintExpression 
9461       DEBUG main            d.u.i.k.p.i.AbstractProblemLoader Init config took 8.42s 
9543       INFO  main            d.u.i.k.p.i.AbstractProblemLoader Replaying proof anonymise_datagroup.key 
9592       DEBUG main            d.u.i.k.p.i.IntermediateProofReplayer Proof replay took 43.8ns 
9886       INFO  main            d.u.i.k.p.r.p.TestFile    ... finished proof: closed. 
9996       INFO  main            d.u.i.k.p.i.AbstractProblemLoader Loading environment from /home/runner/work/key/key/key.core/../key.ui/examples/heap/simple/anonymise_datagroup.key.proof 
9996       DEBUG main            d.u.i.k.p.i.AbstractProblemLoader Environment load took 164.61ns 
10001      INFO  main            d.u.i.k.p.i.AbstractProblemLoader Creating init config 
13285      DEBUG main            d.u.i.k.p.i.AbstractProblemLoader Init config took 3.28s 
13318      INFO  main            d.u.i.k.p.i.AbstractProblemLoader Replaying proof anonymise_datagroup.key.proof 
13333      DEBUG main            d.u.i.k.p.i.IntermediateProofReplayer Proof replay took 10.14ms 
13345      DEBUG main            d.u.i.k.p.r.p.TestFile    ... success: reloaded. 
13346      INFO  main            d.u.i.k.p.r.p.TestFile    Now processing file /home/runner/work/key/key/key.core/../key.ui/examples/heap/simple/array_creation.key 
13347      INFO  main            d.u.i.k.p.i.AbstractProblemLoader Loading environment from /home/runner/work/key/key/key.core/../key.ui/examples/heap/simple/array_creation.key 
13347      DEBUG main            d.u.i.k.p.i.AbstractProblemLoader Environment load took 273.92ns 
13350      INFO  main            d.u.i.k.p.i.AbstractProblemLoader Creating init config 
16484      DEBUG main            d.u.i.k.p.i.AbstractProblemLoader Init config took 3.13s 
16528      INFO  main            d.u.i.k.p.i.AbstractProblemLoader Replaying proof array_creation.key 
16539      DEBUG main            d.u.i.k.p.i.IntermediateProofReplayer Proof replay took 7.9ns 
17347      INFO  main            d.u.i.k.p.r.p.TestFile    ... finished proof: closed. 
17526      INFO  main            d.u.i.k.p.i.AbstractProblemLoader Loading environment from /home/runner/work/key/key/key.core/../key.ui/examples/heap/simple/array_creation.key.proof 
17527      DEBUG main            d.u.i.k.p.i.AbstractProblemLoader Environment load took 509.93ns 
17533      INFO  main            d.u.i.k.p.i.AbstractProblemLoader Creating init config 
20484      DEBUG main            d.u.i.k.p.i.AbstractProblemLoader Init config took 2.95s 
20521      INFO  main            d.u.i.k.p.i.AbstractProblemLoader Replaying proof array_creation.key.proof 
20729      DEBUG main            d.u.i.k.p.i.IntermediateProofReplayer Proof replay took 196.33ms 
20730      DEBUG main            d.u.i.k.p.r.p.TestFile    ... success: reloaded. 
20738      INFO  main            d.u.i.k.p.r.p.TestFile    Now processing file /home/runner/work/key/key/key.core/../key.ui/examples/heap/simple/arrays_with_disjoint_sorts.key 
20738      INFO  main            d.u.i.k.p.i.AbstractProblemLoader Loading environment from /home/runner/work/key/key/key.core/../key.ui/examples/heap/simple/arrays_with_disjoint_sorts.key 
20738      DEBUG main            d.u.i.k.p.i.AbstractProblemLoader Environment load took 143.41ns 
20741      INFO  main            d.u.i.k.p.i.AbstractProblemLoader Creating init config 
23734      DEBUG main            d.u.i.k.p.i.AbstractProblemLoader Init config took 2.99s 
23760      INFO  main            d.u.i.k.p.i.AbstractProblemLoader Replaying proof arrays_with_disjoint_sorts.key 
23762      DEBUG main            d.u.i.k.p.i.IntermediateProofReplayer Proof replay took 8.4ns 
23967      INFO  main            d.u.i.k.p.r.p.TestFile    ... finished proof: closed. 
24144      INFO  main            d.u.i.k.p.i.AbstractProblemLoader Loading environment from /home/runner/work/key/key/key.core/../key.ui/examples/heap/simple/arrays_with_disjoint_sorts.key.proof 
24145      DEBUG main            d.u.i.k.p.i.AbstractProblemLoader Environment load took 640.14ns 
24147      INFO  main            d.u.i.k.p.i.AbstractProblemLoader Creating init config 
27084      DEBUG main            d.u.i.k.p.i.AbstractProblemLoader Init config took 2.94s 
27108      INFO  main            d.u.i.k.p.i.AbstractProblemLoader Replaying proof arrays_with_disjoint_sorts.key.proof 
27156      DEBUG main            d.u.i.k.p.i.IntermediateProofReplayer Proof replay took 41.86ms 
27158      DEBUG main            d.u.i.k.p.r.p.TestFile    ... success: reloaded. 
27159      INFO  main            d.u.i.k.p.r.p.TestFile    Now processing file /home/runner/work/key/key/key.core/../key.ui/examples/heap/simple/arrays.key 
27159      INFO  main            d.u.i.k.p.i.AbstractProblemLoader Loading environment from /home/runner/work/key/key/key.core/../key.ui/examples/heap/simple/arrays.key 
27159      DEBUG main            d.u.i.k.p.i.AbstractProblemLoader Environment load took 227.22ns 
27161      INFO  main            d.u.i.k.p.i.AbstractProblemLoader Creating init config 
30074      DEBUG main            d.u.i.k.p.i.AbstractProblemLoader Init config took 2.91s 
30098      INFO  main            d.u.i.k.p.i.AbstractProblemLoader Replaying proof arrays.key 
30102      DEBUG main            d.u.i.k.p.i.IntermediateProofReplayer Proof replay took 8ns 
30306      INFO  main            d.u.i.k.p.r.p.TestFile    ... finished proof: closed. 
30482      INFO  main            d.u.i.k.p.i.AbstractProblemLoader Loading environment from /home/runner/work/key/key/key.core/../key.ui/examples/heap/simple/arrays.key.proof 
30483      DEBUG main            d.u.i.k.p.i.AbstractProblemLoader Environment load took 499.23ns 
30484      INFO  main            d.u.i.k.p.i.AbstractProblemLoader Creating init config 
33333      DEBUG main            d.u.i.k.p.i.AbstractProblemLoader Init config took 2.85s 
33358      INFO  main            d.u.i.k.p.i.AbstractProblemLoader Replaying proof arrays.key.proof 
33386      DEBUG main            d.u.i.k.p.i.IntermediateProofReplayer Proof replay took 22.75ms 
33387      DEBUG main            d.u.i.k.p.r.p.TestFile    ... success: reloaded. 
33388      INFO  main            d.u.i.k.p.r.p.TestFile    Now processing file /home/runner/work/key/key/key.core/../key.ui/examples/heap/simple/attributes.key 
33388      INFO  main            d.u.i.k.p.i.AbstractProblemLoader Loading environment from /home/runner/work/key/key/key.core/../key.ui/examples/heap/simple/attributes.key 
33388      DEBUG main            d.u.i.k.p.i.AbstractProblemLoader Environment load took 117.91ns 
33390      INFO  main            d.u.i.k.p.i.AbstractProblemLoader Creating init config 
36276      DEBUG main            d.u.i.k.p.i.AbstractProblemLoader Init config took 2.89s 
36300      INFO  main            d.u.i.k.p.i.AbstractProblemLoader Replaying proof attributes.key 
36304      DEBUG main            d.u.i.k.p.i.IntermediateProofReplayer Proof replay took 7.4ns 
36411      INFO  main            d.u.i.k.p.r.p.TestFile    ... finished proof: closed. 
36602      INFO  main            d.u.i.k.p.i.AbstractProblemLoader Loading environment from /home/runner/work/key/key/key.core/../key.ui/examples/heap/simple/attributes.key.proof 
36602      DEBUG main            d.u.i.k.p.i.AbstractProblemLoader Environment load took 129.81ns 
36604      INFO  main            d.u.i.k.p.i.AbstractProblemLoader Creating init config 
39385      DEBUG main            d.u.i.k.p.i.AbstractProblemLoader Init config took 2.78s 
39408      INFO  main            d.u.i.k.p.i.AbstractProblemLoader Replaying proof attributes.key.proof 
39412      DEBUG main            d.u.i.k.p.i.IntermediateProofReplayer Proof replay took 1.99ms 
39413      DEBUG main            d.u.i.k.p.r.p.TestFile    ... success: reloaded. 
39414      INFO  main            d.u.i.k.p.r.p.TestFile    Now processing file /home/runner/work/key/key/key.core/../key.ui/examples/heap/simple/constructor_contracts.key 
39415      INFO  main            d.u.i.k.p.i.AbstractProblemLoader Loading environment from /home/runner/work/key/key/key.core/../key.ui/examples/heap/simple/constructor_contracts.key 
39415      DEBUG main            d.u.i.k.p.i.AbstractProblemLoader Environment load took 258.72ns 
39417      INFO  main            d.u.i.k.p.i.AbstractProblemLoader Creating init config 
42682      DEBUG main            d.u.i.k.p.i.AbstractProblemLoader Init config took 3.26s 
42707      INFO  main            d.u.i.k.p.i.AbstractProblemLoader Replaying proof constructor_contracts.key 
42709      DEBUG main            d.u.i.k.p.i.IntermediateProofReplayer Proof replay took 8.9ns 
43316      INFO  main            d.u.i.k.p.r.p.TestFile    ... finished proof: closed. 
43517      INFO  main            d.u.i.k.p.i.AbstractProblemLoader Loading environment from /home/runner/work/key/key/key.core/../key.ui/examples/heap/simple/constructor_contracts.key.proof 
43517      DEBUG main            d.u.i.k.p.i.AbstractProblemLoader Environment load took 494.93ns 
43519      INFO  main            d.u.i.k.p.i.AbstractProblemLoader Creating init config 
46703      DEBUG main            d.u.i.k.p.i.AbstractProblemLoader Init config took 3.18s 
46728      INFO  main            d.u.i.k.p.i.AbstractProblemLoader Replaying proof constructor_contracts.key.proof 
46865      DEBUG main            d.u.i.k.p.i.IntermediateProofReplayer Proof replay took 131.31ms 
46867      DEBUG main            d.u.i.k.p.r.p.TestFile    ... success: reloaded. 
46869      INFO  main            d.u.i.k.p.r.p.TestFile    Now processing file /home/runner/work/key/key/key.core/../key.ui/examples/heap/simple/dependencies.key 
46870      INFO  main            d.u.i.k.p.i.AbstractProblemLoader Loading environment from /home/runner/work/key/key/key.core/../key.ui/examples/heap/simple/dependencies.key 
46870      DEBUG main            d.u.i.k.p.i.AbstractProblemLoader Environment load took 275.42ns 
46871      INFO  main            d.u.i.k.p.i.AbstractProblemLoader Creating init config 
49834      DEBUG main            d.u.i.k.p.i.AbstractProblemLoader Init config took 2.96s 
49857      INFO  main            d.u.i.k.p.i.AbstractProblemLoader Replaying proof dependencies.key 
49860      DEBUG main            d.u.i.k.p.i.IntermediateProofReplayer Proof replay took 8.3ns 
49962      INFO  main            d.u.i.k.p.r.p.TestFile    ... finished proof: closed. 
50176      INFO  main            d.u.i.k.p.i.AbstractProblemLoader Loading environment from /home/runner/work/key/key/key.core/../key.ui/examples/heap/simple/dependencies.key.proof 
50176      DEBUG main            d.u.i.k.p.i.AbstractProblemLoader Environment load took 136.51ns 
50177      INFO  main            d.u.i.k.p.i.AbstractProblemLoader Creating init config 
52941      DEBUG main            d.u.i.k.p.i.AbstractProblemLoader Init config took 2.76s 
52963      INFO  main            d.u.i.k.p.i.AbstractProblemLoader Replaying proof dependencies.key.proof 
52975      DEBUG main            d.u.i.k.p.i.IntermediateProofReplayer Proof replay took 9.8ms 
52977      DEBUG main            d.u.i.k.p.r.p.TestFile    ... success: reloaded. 
52977      INFO  main            d.u.i.k.p.r.p.TestFile    Now processing file /home/runner/work/key/key/key.core/../key.ui/examples/heap/simple/dependency_contracts.key 
52978      INFO  main            d.u.i.k.p.i.AbstractProblemLoader Loading environment from /home/runner/work/key/key/key.core/../key.ui/examples/heap/simple/dependency_contracts.key 
52978      DEBUG main            d.u.i.k.p.i.AbstractProblemLoader Environment load took 236.41ns 
52980      INFO  main            d.u.i.k.p.i.AbstractProblemLoader Creating init config 
56086      DEBUG main            d.u.i.k.p.i.AbstractProblemLoader Init config took 3.11s 
56109      INFO  main            d.u.i.k.p.i.AbstractProblemLoader Replaying proof dependency_contracts.key 
56111      DEBUG main            d.u.i.k.p.i.IntermediateProofReplayer Proof replay took 7.7ns 
57723      INFO  main            d.u.i.k.p.r.p.TestFile    ... finished proof: closed. 
57940      INFO  main            d.u.i.k.p.i.AbstractProblemLoader Loading environment from /home/runner/work/key/key/key.core/../key.ui/examples/heap/simple/dependency_contracts.key.proof 
57941      DEBUG main            d.u.i.k.p.i.AbstractProblemLoader Environment load took 497.93ns 
57943      INFO  main            d.u.i.k.p.i.AbstractProblemLoader Creating init config 
61185      DEBUG main            d.u.i.k.p.i.AbstractProblemLoader Init config took 3.24s 
61216      INFO  main            d.u.i.k.p.i.AbstractProblemLoader Replaying proof dependency_contracts.key.proof 
61505      DEBUG main            d.u.i.k.p.i.IntermediateProofReplayer Proof replay took 277.23ms 
61508      DEBUG main            d.u.i.k.p.r.p.TestFile    ... success: reloaded. 
61510      INFO  main            d.u.i.k.p.r.p.TestFile    Now processing file /home/runner/work/key/key/key.core/../key.ui/examples/heap/simple/invariant_preservation.key 
61514      INFO  main            d.u.i.k.p.i.AbstractProblemLoader Loading environment from /home/runner/work/key/key/key.core/../key.ui/examples/heap/simple/invariant_preservation.key 
61514      DEBUG main            d.u.i.k.p.i.AbstractProblemLoader Environment load took 157.91ns 
61516      INFO  main            d.u.i.k.p.i.AbstractProblemLoader Creating init config 
64808      DEBUG main            d.u.i.k.p.i.AbstractProblemLoader Init config took 3.29s 
64865      INFO  main            d.u.i.k.p.i.AbstractProblemLoader Replaying proof invariant_preservation.key 
64867      DEBUG main            d.u.i.k.p.i.IntermediateProofReplayer Proof replay took 8.9ns 
65072      INFO  main            d.u.i.k.p.r.p.TestFile    ... finished proof: closed. 
65320      INFO  main            d.u.i.k.p.i.AbstractProblemLoader Loading environment from /home/runner/work/key/key/key.core/../key.ui/examples/heap/simple/invariant_preservation.key.proof 
65320      DEBUG main            d.u.i.k.p.i.AbstractProblemLoader Environment load took 141.71ns 
65322      INFO  main            d.u.i.k.p.i.AbstractProblemLoader Creating init config 
68559      DEBUG main            d.u.i.k.p.i.AbstractProblemLoader Init config took 3.24s 
68583      INFO  main            d.u.i.k.p.i.AbstractProblemLoader Replaying proof invariant_preservation.key.proof 
68620      DEBUG main            d.u.i.k.p.i.IntermediateProofReplayer Proof replay took 34.31ms 
68623      DEBUG main            d.u.i.k.p.r.p.TestFile    ... success: reloaded. 
68624      INFO  main            d.u.i.k.p.r.p.TestFile    Now processing file /home/runner/work/key/key/key.core/../key.ui/examples/heap/simple/locsets.key 
68625      INFO  main            d.u.i.k.p.i.AbstractProblemLoader Loading environment from /home/runner/work/key/key/key.core/../key.ui/examples/heap/simple/locsets.key 
68625      DEBUG main            d.u.i.k.p.i.AbstractProblemLoader Environment load took 248.32ns 
68626      INFO  main            d.u.i.k.p.i.AbstractProblemLoader Creating init config 
71567      DEBUG main            d.u.i.k.p.i.AbstractProblemLoader Init config took 2.94s 
71585      INFO  main            d.u.i.k.p.i.AbstractProblemLoader Replaying proof locsets.key 
71587      DEBUG main            d.u.i.k.p.i.IntermediateProofReplayer Proof replay took 9.3ns 
71692      INFO  main            d.u.i.k.p.r.p.TestFile    ... finished proof: closed. 
71966      INFO  main            d.u.i.k.p.i.AbstractProblemLoader Loading environment from /home/runner/work/key/key/key.core/../key.ui/examples/heap/simple/locsets.key.proof 
71966      DEBUG main            d.u.i.k.p.i.AbstractProblemLoader Environment load took 502.53ns 
71968      INFO  main            d.u.i.k.p.i.AbstractProblemLoader Creating init config 
74808      DEBUG main            d.u.i.k.p.i.AbstractProblemLoader Init config took 2.84s 
74836      INFO  main            d.u.i.k.p.i.AbstractProblemLoader Replaying proof locsets.key.proof 
74840      DEBUG main            d.u.i.k.p.i.IntermediateProofReplayer Proof replay took 1.96ms 
74841      DEBUG main            d.u.i.k.p.r.p.TestFile    ... success: reloaded. 
74842      INFO  main            d.u.i.k.p.r.p.TestFile    Now processing file /home/runner/work/key/key/key.core/../key.ui/examples/heap/simple/loop1.key 
74842      INFO  main            d.u.i.k.p.i.AbstractProblemLoader Loading environment from /home/runner/work/key/key/key.core/../key.ui/examples/heap/simple/loop1.key 
74842      DEBUG main            d.u.i.k.p.i.AbstractProblemLoader Environment load took 108.01ns 
74843      INFO  main            d.u.i.k.p.i.AbstractProblemLoader Creating init config 
78076      DEBUG main            d.u.i.k.p.i.AbstractProblemLoader Init config took 3.23s 
78095      INFO  main            d.u.i.k.p.i.AbstractProblemLoader Replaying proof loop1.key 
78097      DEBUG main            d.u.i.k.p.i.IntermediateProofReplayer Proof replay took 8.3ns 
78401      INFO  main            d.u.i.k.p.r.p.TestFile    ... finished proof: closed. 
78651      INFO  main            d.u.i.k.p.i.AbstractProblemLoader Loading environment from /home/runner/work/key/key/key.core/../key.ui/examples/heap/simple/loop1.key.proof 
78652      DEBUG main            d.u.i.k.p.i.AbstractProblemLoader Environment load took 853.24ns 
78654      INFO  main            d.u.i.k.p.i.AbstractProblemLoader Creating init config 
81855      DEBUG main            d.u.i.k.p.i.AbstractProblemLoader Init config took 3.2s 
81874      INFO  main            d.u.i.k.p.i.AbstractProblemLoader Replaying proof loop1.key.proof 
81948      DEBUG main            d.u.i.k.p.i.IntermediateProofReplayer Proof replay took 71.78ms 
81950      DEBUG main            d.u.i.k.p.r.p.TestFile    ... success: reloaded. 
81951      INFO  main            d.u.i.k.p.r.p.TestFile    Now processing file /home/runner/work/key/key/key.core/../key.ui/examples/heap/simple/loop2.key 
81952      INFO  main            d.u.i.k.p.i.AbstractProblemLoader Loading environment from /home/runner/work/key/key/key.core/../key.ui/examples/heap/simple/loop2.key 
81952      DEBUG main            d.u.i.k.p.i.AbstractProblemLoader Environment load took 236.12ns 
81954      INFO  main            d.u.i.k.p.i.AbstractProblemLoader Creating init config 
85258      DEBUG main            d.u.i.k.p.i.AbstractProblemLoader Init config took 3.3s 
85277      INFO  main            d.u.i.k.p.i.AbstractProblemLoader Replaying proof loop2.key 
85280      DEBUG main            d.u.i.k.p.i.IntermediateProofReplayer Proof replay took 8.8ns 
85985      INFO  main            d.u.i.k.p.r.p.TestFile    ... finished proof: closed. 
86251      INFO  main            d.u.i.k.p.i.AbstractProblemLoader Loading environment from /home/runner/work/key/key/key.core/../key.ui/examples/heap/simple/loop2.key.proof 
86251      DEBUG main            d.u.i.k.p.i.AbstractProblemLoader Environment load took 476.93ns 
86253      INFO  main            d.u.i.k.p.i.AbstractProblemLoader Creating init config 
89386      DEBUG main            d.u.i.k.p.i.AbstractProblemLoader Init config took 3.13s 
89404      INFO  main            d.u.i.k.p.i.AbstractProblemLoader Replaying proof loop2.key.proof 
89585      DEBUG main            d.u.i.k.p.i.IntermediateProofReplayer Proof replay took 174.31ms 
89587      DEBUG main            d.u.i.k.p.r.p.TestFile    ... success: reloaded. 
89588      INFO  main            d.u.i.k.p.r.p.TestFile    Now processing file /home/runner/work/key/key/key.core/../key.ui/examples/heap/simple/modifies_datagroup.key 
89588      INFO  main            d.u.i.k.p.i.AbstractProblemLoader Loading environment from /home/runner/work/key/key/key.core/../key.ui/examples/heap/simple/modifies_datagroup.key 
89589      DEBUG main            d.u.i.k.p.i.AbstractProblemLoader Environment load took 168.61ns 
89590      INFO  main            d.u.i.k.p.i.AbstractProblemLoader Creating init config 
92460      DEBUG main            d.u.i.k.p.i.AbstractProblemLoader Init config took 2.87s 
92479      INFO  main            d.u.i.k.p.i.AbstractProblemLoader Replaying proof modifies_datagroup.key 
92480      DEBUG main            d.u.i.k.p.i.IntermediateProofReplayer Proof replay took 6.9ns 
92586      INFO  main            d.u.i.k.p.r.p.TestFile    ... finished proof: closed. 
92848      INFO  main            d.u.i.k.p.i.AbstractProblemLoader Loading environment from /home/runner/work/key/key/key.core/../key.ui/examples/heap/simple/modifies_datagroup.key.proof 
92848      DEBUG main            d.u.i.k.p.i.AbstractProblemLoader Environment load took 133.01ns 
92849      INFO  main            d.u.i.k.p.i.AbstractProblemLoader Creating init config 
95606      DEBUG main            d.u.i.k.p.i.AbstractProblemLoader Init config took 2.76s 
95623      INFO  main            d.u.i.k.p.i.AbstractProblemLoader Replaying proof modifies_datagroup.key.proof 
95629      DEBUG main            d.u.i.k.p.i.IntermediateProofReplayer Proof replay took 3.68ms 
95630      DEBUG main            d.u.i.k.p.r.p.TestFile    ... success: reloaded. 
95630      INFO  main            d.u.i.k.p.r.p.TestFile    Now processing file /home/runner/work/key/key/key.core/../key.ui/examples/heap/simple/modifies.key 
95631      INFO  main            d.u.i.k.p.i.AbstractProblemLoader Loading environment from /home/runner/work/key/key/key.core/../key.ui/examples/heap/simple/modifies.key 
95631      DEBUG main            d.u.i.k.p.i.AbstractProblemLoader Environment load took 106.81ns 
95633      INFO  main            d.u.i.k.p.i.AbstractProblemLoader Creating init config 
98408      DEBUG main            d.u.i.k.p.i.AbstractProblemLoader Init config took 2.78s 
98425      INFO  main            d.u.i.k.p.i.AbstractProblemLoader Replaying proof modifies.key 
98426      DEBUG main            d.u.i.k.p.i.IntermediateProofReplayer Proof replay took 8ns 
98531      INFO  main            d.u.i.k.p.r.p.TestFile    ... finished proof: closed. 
98784      INFO  main            d.u.i.k.p.i.AbstractProblemLoader Loading environment from /home/runner/work/key/key/key.core/../key.ui/examples/heap/simple/modifies.key.proof 
98784      DEBUG main            d.u.i.k.p.i.AbstractProblemLoader Environment load took 128.41ns 
98787      INFO  main            d.u.i.k.p.i.AbstractProblemLoader Creating init config 
101565     DEBUG main            d.u.i.k.p.i.AbstractProblemLoader Init config took 2.78s 
101584     INFO  main            d.u.i.k.p.i.AbstractProblemLoader Replaying proof modifies.key.proof 
101605     DEBUG main            d.u.i.k.p.i.IntermediateProofReplayer Proof replay took 18.61ms 
101606     DEBUG main            d.u.i.k.p.r.p.TestFile    ... success: reloaded. 
101607     INFO  main            d.u.i.k.p.r.p.TestFile    Now processing file /home/runner/work/key/key/key.core/../key.ui/examples/heap/simple/object_creation.key 
101607     INFO  main            d.u.i.k.p.i.AbstractProblemLoader Loading environment from /home/runner/work/key/key/key.core/../key.ui/examples/heap/simple/object_creation.key 
101607     DEBUG main            d.u.i.k.p.i.AbstractProblemLoader Environment load took 109.41ns 
101609     INFO  main            d.u.i.k.p.i.AbstractProblemLoader Creating init config 
104432     DEBUG main            d.u.i.k.p.i.AbstractProblemLoader Init config took 2.82s 
104450     INFO  main            d.u.i.k.p.i.AbstractProblemLoader Replaying proof object_creation.key 
104451     DEBUG main            d.u.i.k.p.i.IntermediateProofReplayer Proof replay took 7.9ns 
104756     INFO  main            d.u.i.k.p.r.p.TestFile    ... finished proof: closed. 
105127     INFO  main            d.u.i.k.p.i.AbstractProblemLoader Loading environment from /home/runner/work/key/key/key.core/../key.ui/examples/heap/simple/object_creation.key.proof 
105128     DEBUG main            d.u.i.k.p.i.AbstractProblemLoader Environment load took 143.31ns 
105129     INFO  main            d.u.i.k.p.i.AbstractProblemLoader Creating init config 
107906     DEBUG main            d.u.i.k.p.i.AbstractProblemLoader Init config took 2.78s 
107924     INFO  main            d.u.i.k.p.i.AbstractProblemLoader Replaying proof object_creation.key.proof 
107980     DEBUG main            d.u.i.k.p.i.IntermediateProofReplayer Proof replay took 53.32ms 
107982     DEBUG main            d.u.i.k.p.r.p.TestFile    ... success: reloaded. 
107983     INFO  main            d.u.i.k.p.r.p.TestFile    Now processing file /home/runner/work/key/key/key.core/../key.ui/examples/heap/simple/operation_contracts.key 
107983     INFO  main            d.u.i.k.p.i.AbstractProblemLoader Loading environment from /home/runner/work/key/key/key.core/../key.ui/examples/heap/simple/operation_contracts.key 
107983     DEBUG main            d.u.i.k.p.i.AbstractProblemLoader Environment load took 240.31ns 
107985     INFO  main            d.u.i.k.p.i.AbstractProblemLoader Creating init config 
111364     DEBUG main            d.u.i.k.p.i.AbstractProblemLoader Init config took 3.38s 
111383     INFO  main            d.u.i.k.p.i.AbstractProblemLoader Replaying proof operation_contracts.key 
111385     DEBUG main            d.u.i.k.p.i.IntermediateProofReplayer Proof replay took 8.5ns 
112293     INFO  main            d.u.i.k.p.r.p.TestFile    ... finished proof: closed. 
112625     INFO  main            d.u.i.k.p.i.AbstractProblemLoader Loading environment from /home/runner/work/key/key/key.core/../key.ui/examples/heap/simple/operation_contracts.key.proof 
112626     DEBUG main            d.u.i.k.p.i.AbstractProblemLoader Environment load took 484.63ns 
112628     INFO  main            d.u.i.k.p.i.AbstractProblemLoader Creating init config 
115724     DEBUG main            d.u.i.k.p.i.AbstractProblemLoader Init config took 3.1s 
115743     INFO  main            d.u.i.k.p.i.AbstractProblemLoader Replaying proof operation_contracts.key.proof 
115889     DEBUG main            d.u.i.k.p.i.IntermediateProofReplayer Proof replay took 139.06ms 
115891     DEBUG main            d.u.i.k.p.r.p.TestFile    ... success: reloaded. 
115893     INFO  main            d.u.i.k.p.r.p.TestFile    Now processing file /home/runner/work/key/key/key.core/../key.ui/examples/heap/simple/select_store.key 
115893     INFO  main            d.u.i.k.p.i.AbstractProblemLoader Loading environment from /home/runner/work/key/key/key.core/../key.ui/examples/heap/simple/select_store.key 
115894     DEBUG main            d.u.i.k.p.i.AbstractProblemLoader Environment load took 242.62ns 
115895     INFO  main            d.u.i.k.p.i.AbstractProblemLoader Creating init config 
118803     DEBUG main            d.u.i.k.p.i.AbstractProblemLoader Init config took 2.91s 
118819     INFO  main            d.u.i.k.p.i.AbstractProblemLoader Replaying proof select_store.key 
118821     DEBUG main            d.u.i.k.p.i.IntermediateProofReplayer Proof replay took 8.2ns 
118923     INFO  main            d.u.i.k.p.r.p.TestFile    ... finished proof: closed. 
119193     INFO  main            d.u.i.k.p.i.AbstractProblemLoader Loading environment from /home/runner/work/key/key/key.core/../key.ui/examples/heap/simple/select_store.key.proof 
119193     DEBUG main            d.u.i.k.p.i.AbstractProblemLoader Environment load took 163.71ns 
119195     INFO  main            d.u.i.k.p.i.AbstractProblemLoader Creating init config 
121958     DEBUG main            d.u.i.k.p.i.AbstractProblemLoader Init config took 2.76s 
121974     INFO  main            d.u.i.k.p.i.AbstractProblemLoader Replaying proof select_store.key.proof 
121978     DEBUG main            d.u.i.k.p.i.IntermediateProofReplayer Proof replay took 2.44ms 
121980     DEBUG main            d.u.i.k.p.r.p.TestFile    ... success: reloaded. 
121980     INFO  main            d.u.i.k.p.r.p.TestFile    Now processing file /home/runner/work/key/key/key.core/../key.ui/examples/heap/simple/selection_sort.key 
121981     INFO  main            d.u.i.k.p.i.AbstractProblemLoader Loading environment from /home/runner/work/key/key/key.core/../key.ui/examples/heap/simple/selection_sort.key 
121981     DEBUG main            d.u.i.k.p.i.AbstractProblemLoader Environment load took 90.51ns 
121982     INFO  main            d.u.i.k.p.i.AbstractProblemLoader Creating init config 
125264     DEBUG main            d.u.i.k.p.i.AbstractProblemLoader Init config took 3.28s 
125283     INFO  main            d.u.i.k.p.i.AbstractProblemLoader Replaying proof selection_sort.key 
125289     DEBUG main            d.u.i.k.p.i.IntermediateProofReplayer Proof replay took 8.5ns 
129733     INFO  main            d.u.i.k.p.r.p.TestFile    ... finished proof: closed. 
130046     INFO  main            d.u.i.k.p.i.AbstractProblemLoader Loading environment from /home/runner/work/key/key/key.core/../key.ui/examples/heap/simple/selection_sort.key.proof 
130046     DEBUG main            d.u.i.k.p.i.AbstractProblemLoader Environment load took 497.13ns 
130049     INFO  main            d.u.i.k.p.i.AbstractProblemLoader Creating init config 
133091     DEBUG main            d.u.i.k.p.i.AbstractProblemLoader Init config took 3.04s 
133109     INFO  main            d.u.i.k.p.i.AbstractProblemLoader Replaying proof selection_sort.key.proof 
133879     DEBUG main            d.u.i.k.p.i.IntermediateProofReplayer Proof replay took 746.63ms 
133881     DEBUG main            d.u.i.k.p.r.p.TestFile    ... success: reloaded. 
133883     INFO  main            d.u.i.k.p.r.p.TestFile    Now processing file /home/runner/work/key/key/key.core/../key.ui/examples/heap/simple/seq.key 
133883     INFO  main            d.u.i.k.p.i.AbstractProblemLoader Loading environment from /home/runner/work/key/key/key.core/../key.ui/examples/heap/simple/seq.key 
133884     DEBUG main            d.u.i.k.p.i.AbstractProblemLoader Environment load took 236.11ns 
133885     INFO  main            d.u.i.k.p.i.AbstractProblemLoader Creating init config 
136715     DEBUG main            d.u.i.k.p.i.AbstractProblemLoader Init config took 2.83s 
136733     INFO  main            d.u.i.k.p.i.AbstractProblemLoader Replaying proof seq.key 
136734     DEBUG main            d.u.i.k.p.i.IntermediateProofReplayer Proof replay took 8.4ns 
137240     INFO  main            d.u.i.k.p.r.p.TestFile    ... finished proof: closed. 
137614     INFO  main            d.u.i.k.p.i.AbstractProblemLoader Loading environment from /home/runner/work/key/key/key.core/../key.ui/examples/heap/simple/seq.key.proof 
137614     DEBUG main            d.u.i.k.p.i.AbstractProblemLoader Environment load took 128.21ns 
137615     INFO  main            d.u.i.k.p.i.AbstractProblemLoader Creating init config 
140363     DEBUG main            d.u.i.k.p.i.AbstractProblemLoader Init config took 2.75s 
140381     INFO  main            d.u.i.k.p.i.AbstractProblemLoader Replaying proof seq.key.proof 
140446     DEBUG main            d.u.i.k.p.i.IntermediateProofReplayer Proof replay took 60.06ms 
140447     DEBUG main            d.u.i.k.p.r.p.TestFile    ... success: reloaded. 
140448     INFO  main            d.u.i.k.p.r.p.TestFile    Now processing file /home/runner/work/key/key/key.core/../key.ui/examples/heap/simple/oldForParams.key 
140448     INFO  main            d.u.i.k.p.i.AbstractProblemLoader Loading environment from /home/runner/work/key/key/key.core/../key.ui/examples/heap/simple/oldForParams.key 
140448     DEBUG main            d.u.i.k.p.i.AbstractProblemLoader Environment load took 106.61ns 
140449     INFO  main            d.u.i.k.p.i.AbstractProblemLoader Creating init config 
143664     DEBUG main            d.u.i.k.p.i.AbstractProblemLoader Init config took 3.21s 
143759     INFO  main            d.u.i.k.p.i.AbstractProblemLoader Replaying proof OldForParameters[OldForParameters::method(int)].JML operation contract.0 
143763     DEBUG main            d.u.i.k.p.i.IntermediateProofReplayer Proof replay took 8.6ns 
143966     INFO  main            d.u.i.k.p.r.p.TestFile    ... finished proof: closed. 
144289     INFO  main            d.u.i.k.p.i.AbstractProblemLoader Loading environment from /home/runner/work/key/key/key.core/../key.ui/examples/heap/simple/oldForParams.key.proof 
144289     DEBUG main            d.u.i.k.p.i.AbstractProblemLoader Environment load took 130.51ns 
144290     INFO  main            d.u.i.k.p.i.AbstractProblemLoader Creating init config 
147339     DEBUG main            d.u.i.k.p.i.AbstractProblemLoader Init config took 3.05s 
147390     INFO  main            d.u.i.k.p.i.AbstractProblemLoader Replaying proof OldForParameters[OldForParameters::method(int)].JML operation contract.0 
147458     DEBUG main            d.u.i.k.p.i.IntermediateProofReplayer Proof replay took 64.49ms 
147459     DEBUG main            d.u.i.k.p.r.p.TestFile    ... success: reloaded. 
147461     INFO  main            d.u.i.k.p.r.p.TestFile    Now processing file /home/runner/work/key/key/key.core/../key.ui/examples/heap/simple/parse_lmtd.key 
147461     INFO  main            d.u.i.k.p.i.AbstractProblemLoader Loading environment from /home/runner/work/key/key/key.core/../key.ui/examples/heap/simple/parse_lmtd.key 
147461     DEBUG main            d.u.i.k.p.i.AbstractProblemLoader Environment load took 232.81ns 
147462     INFO  main            d.u.i.k.p.i.AbstractProblemLoader Creating init config 
150671     DEBUG main            d.u.i.k.p.i.AbstractProblemLoader Init config took 3.21s 
150724     INFO  main            d.u.i.k.p.i.AbstractProblemLoader Replaying proof ParseLmtd[ParseLmtd::simple(int)].JML normal_behavior operation contract.0 
150726     DEBUG main            d.u.i.k.p.i.IntermediateProofReplayer Proof replay took 8.5ns 
150928     INFO  main            d.u.i.k.p.r.p.TestFile    ... finished proof: closed. 
151259     INFO  main            d.u.i.k.p.i.AbstractProblemLoader Loading environment from /home/runner/work/key/key/key.core/../key.ui/examples/heap/simple/parse_lmtd.key.proof 
151259     DEBUG main            d.u.i.k.p.i.AbstractProblemLoader Environment load took 124.01ns 
151260     INFO  main            d.u.i.k.p.i.AbstractProblemLoader Creating init config 
154377     DEBUG main            d.u.i.k.p.i.AbstractProblemLoader Init config took 3.12s 
154422     INFO  main            d.u.i.k.p.i.AbstractProblemLoader Replaying proof ParseLmtd[ParseLmtd::simple(int)].JML normal_behavior operation contract.0 
154452     DEBUG main            d.u.i.k.p.i.IntermediateProofReplayer Proof replay took 27.2ms 
154453     DEBUG main            d.u.i.k.p.r.p.TestFile    ... success: reloaded. 
154455     INFO  main            d.u.i.k.p.r.p.TestFile    Now processing file /home/runner/work/key/key/key.core/../key.ui/examples/heap/strictly_pure/strictlyPureMethod.key 
154455     INFO  main            d.u.i.k.p.i.AbstractProblemLoader Loading environment from /home/runner/work/key/key/key.core/../key.ui/examples/heap/strictly_pure/strictlyPureMethod.key 
154455     DEBUG main            d.u.i.k.p.i.AbstractProblemLoader Environment load took 107.61ns 
154456     INFO  main            d.u.i.k.p.i.AbstractProblemLoader Creating init config 
157409     DEBUG main            d.u.i.k.p.i.AbstractProblemLoader Init config took 2.95s 
157472     INFO  main            d.u.i.k.p.i.AbstractProblemLoader Replaying proof StrictlyPure[StrictlyPure::strictlyPureMethod()].JML operation contract.0 
157473     DEBUG main            d.u.i.k.p.i.IntermediateProofReplayer Proof replay took 7.6ns 
157680     INFO  main            d.u.i.k.p.r.p.TestFile    ... finished proof: closed. 
157995     INFO  main            d.u.i.k.p.i.AbstractProblemLoader Loading environment from /home/runner/work/key/key/key.core/../key.ui/examples/heap/strictly_pure/strictlyPureMethod.key.proof 
157995     DEBUG main            d.u.i.k.p.i.AbstractProblemLoader Environment load took 122.91ns 
157996     INFO  main            d.u.i.k.p.i.AbstractProblemLoader Creating init config 
160956     DEBUG main            d.u.i.k.p.i.AbstractProblemLoader Init config took 2.96s 
160997     INFO  main            d.u.i.k.p.i.AbstractProblemLoader Replaying proof StrictlyPure[StrictlyPure::strictlyPureMethod()].JML operation contract.0 
161043     DEBUG main            d.u.i.k.p.i.IntermediateProofReplayer Proof replay took 43.96ms 
161044     DEBUG main            d.u.i.k.p.r.p.TestFile    ... success: reloaded. 
161045     INFO  main            d.u.i.k.p.r.p.TestFile    Now processing file /home/runner/work/key/key/key.core/../key.ui/examples/heap/strictly_pure/useStrictlyPureMethod.key 
161045     INFO  main            d.u.i.k.p.i.AbstractProblemLoader Loading environment from /home/runner/work/key/key/key.core/../key.ui/examples/heap/strictly_pure/useStrictlyPureMethod.key 
161046     DEBUG main            d.u.i.k.p.i.AbstractProblemLoader Environment load took 116.01ns 
161047     INFO  main            d.u.i.k.p.i.AbstractProblemLoader Creating init config 
163943     DEBUG main            d.u.i.k.p.i.AbstractProblemLoader Init config took 2.9s 
163984     INFO  main            d.u.i.k.p.i.AbstractProblemLoader Replaying proof StrictlyPure[StrictlyPure::useStrictlyPureMethod(StrictlyPureClass)].JML operation contract.0 
163985     DEBUG main            d.u.i.k.p.i.IntermediateProofReplayer Proof replay took 7.6ns 
164289     INFO  main            d.u.i.k.p.r.p.TestFile    ... finished proof: closed. 
164632     INFO  main            d.u.i.k.p.i.AbstractProblemLoader Loading environment from /home/runner/work/key/key/key.core/../key.ui/examples/heap/strictly_pure/useStrictlyPureMethod.key.proof 
164633     DEBUG main            d.u.i.k.p.i.AbstractProblemLoader Environment load took 496.03ns 
164634     INFO  main            d.u.i.k.p.i.AbstractProblemLoader Creating init config 
167532     DEBUG main            d.u.i.k.p.i.AbstractProblemLoader Init config took 2.9s 
167572     INFO  main            d.u.i.k.p.i.AbstractProblemLoader Replaying proof StrictlyPure[StrictlyPure::useStrictlyPureMethod(StrictlyPureClass)].JML operation contract.0 
167648     DEBUG main            d.u.i.k.p.i.IntermediateProofReplayer Proof replay took 73.36ms 
167650     DEBUG main            d.u.i.k.p.r.p.TestFile    ... success: reloaded. 
167651     INFO  main            d.u.i.k.p.r.p.TestFile    Now processing file /home/runner/work/key/key/key.core/../key.ui/examples/heap/Wellfounded/ackermann.key 
167652     INFO  main            d.u.i.k.p.i.AbstractProblemLoader Loading environment from /home/runner/work/key/key/key.core/../key.ui/examples/heap/Wellfounded/ackermann.key 
167652     DEBUG main            d.u.i.k.p.i.AbstractProblemLoader Environment load took 278.82ns 
167653     INFO  main            d.u.i.k.p.i.AbstractProblemLoader Creating init config 
170696     DEBUG main            d.u.i.k.p.i.AbstractProblemLoader Init config took 3.04s 
170738     INFO  main            d.u.i.k.p.i.AbstractProblemLoader Replaying proof Ackermann[Ackermann::a(int,int)].JML normal_behavior operation contract.0 
170740     DEBUG main            d.u.i.k.p.i.IntermediateProofReplayer Proof replay took 7.7ns 
171044     INFO  main            d.u.i.k.p.r.p.TestFile    ... finished proof: closed. 
171423     INFO  main            d.u.i.k.p.i.AbstractProblemLoader Loading environment from /home/runner/work/key/key/key.core/../key.ui/examples/heap/Wellfounded/ackermann.key.proof 
171423     DEBUG main            d.u.i.k.p.i.AbstractProblemLoader Environment load took 455.43ns 
171425     INFO  main            d.u.i.k.p.i.AbstractProblemLoader Creating init config 
174609     DEBUG main            d.u.i.k.p.i.AbstractProblemLoader Init config took 3.18s 
174653     INFO  main            d.u.i.k.p.i.AbstractProblemLoader Replaying proof Ackermann[Ackermann::a(int,int)].JML normal_behavior operation contract.0 
174728     DEBUG main            d.u.i.k.p.i.IntermediateProofReplayer Proof replay took 71.19ms 
174729     DEBUG main            d.u.i.k.p.r.p.TestFile    ... success: reloaded. 
174730     INFO  main            d.u.i.k.p.r.p.TestFile    Now processing file /home/runner/work/key/key/key.core/../key.ui/examples/standard_key/unicode_test.key 
174731     INFO  main            d.u.i.k.p.i.AbstractProblemLoader Loading environment from /home/runner/work/key/key/key.core/../key.ui/examples/standard_key/unicode_test.key 
174731     DEBUG main            d.u.i.k.p.i.AbstractProblemLoader Environment load took 243.21ns 
174733     INFO  main            d.u.i.k.p.i.AbstractProblemLoader Creating init config 
177662     DEBUG main            d.u.i.k.p.i.AbstractProblemLoader Init config took 2.93s 
177678     INFO  main            d.u.i.k.p.i.AbstractProblemLoader Replaying proof unicode_test.key 
177680     DEBUG main            d.u.i.k.p.i.IntermediateProofReplayer Proof replay took 7.9ns 
177782     INFO  main            d.u.i.k.p.r.p.TestFile    ... finished proof: closed. 
178115     INFO  main            d.u.i.k.p.i.AbstractProblemLoader Loading environment from /home/runner/work/key/key/key.core/../key.ui/examples/standard_key/unicode_test.key.proof 
178116     DEBUG main            d.u.i.k.p.i.AbstractProblemLoader Environment load took 121.11ns 
178117     INFO  main            d.u.i.k.p.i.AbstractProblemLoader Creating init config 
180947     DEBUG main            d.u.i.k.p.i.AbstractProblemLoader Init config took 2.83s 
180963     INFO  main            d.u.i.k.p.i.AbstractProblemLoader Replaying proof unicode_test.key.proof 
180965     DEBUG main            d.u.i.k.p.i.IntermediateProofReplayer Proof replay took 411.32ns 
180966     DEBUG main            d.u.i.k.p.r.p.TestFile    ... success: reloaded. 
180966     INFO  main            d.u.i.k.p.r.p.TestFile    Now processing file /home/runner/work/key/key/key.core/../key.ui/examples/heap/strictlyModular/mayExpand.key 
180967     INFO  main            d.u.i.k.p.i.AbstractProblemLoader Loading environment from /home/runner/work/key/key/key.core/../key.ui/examples/heap/strictlyModular/mayExpand.key 
180967     DEBUG main            d.u.i.k.p.i.AbstractProblemLoader Environment load took 215.61ns 
180968     INFO  main            d.u.i.k.p.i.AbstractProblemLoader Creating init config 
184042     DEBUG main            d.u.i.k.p.i.AbstractProblemLoader Init config took 3.07s 
184090     INFO  main            d.u.i.k.p.i.AbstractProblemLoader Replaying proof Modular[Modular::m()].JML operation contract.0 
184092     DEBUG main            d.u.i.k.p.i.IntermediateProofReplayer Proof replay took 8.9ns 
184195     INFO  main            d.u.i.k.p.r.p.TestFile    ... finished proof: closed. 
184531     INFO  main            d.u.i.k.p.i.AbstractProblemLoader Loading environment from /home/runner/work/key/key/key.core/../key.ui/examples/heap/strictlyModular/mayExpand.key.proof 
184531     DEBUG main            d.u.i.k.p.i.AbstractProblemLoader Environment load took 117.61ns 
184532     INFO  main            d.u.i.k.p.i.AbstractProblemLoader Creating init config 
187480     DEBUG main            d.u.i.k.p.i.AbstractProblemLoader Init config took 2.95s 
187522     INFO  main            d.u.i.k.p.i.AbstractProblemLoader Replaying proof Modular[Modular::m()].JML operation contract.0 
187542     DEBUG main            d.u.i.k.p.i.IntermediateProofReplayer Proof replay took 17.69ms 
187543     DEBUG main            d.u.i.k.p.r.p.TestFile    ... success: reloaded. 
187544     INFO  main            d.u.i.k.p.r.p.TestFile    Now processing file /home/runner/work/key/key/key.core/../key.ui/examples/heap/strictlyModular/modularOnly.key 
187545     INFO  main            d.u.i.k.p.i.AbstractProblemLoader Loading environment from /home/runner/work/key/key/key.core/../key.ui/examples/heap/strictlyModular/modularOnly.key 
187545     DEBUG main            d.u.i.k.p.i.AbstractProblemLoader Environment load took 103.51ns 
187546     INFO  main            d.u.i.k.p.i.AbstractProblemLoader Creating init config 
190541     DEBUG main            d.u.i.k.p.i.AbstractProblemLoader Init config took 2.99s 
190581     INFO  main            d.u.i.k.p.i.AbstractProblemLoader Replaying proof Modular[Modular::m()].JML operation contract.0 
190583     DEBUG main            d.u.i.k.p.i.IntermediateProofReplayer Proof replay took 6.8ns 
190686     INFO  main            d.u.i.k.p.r.p.TestFile    ... finished proof: open goal(s) 
2273919    INFO  Test worker     d.u.i.k.p.r.RunAllProofsTestUnit Returning from test simpleTests 
2273920    INFO  Test worker     d.u.i.k.p.r.RunAllProofsTestUnit Running test SmansEtAl 
453        INFO  Timeout watchdog d.u.i.k.p.r.p.ForkedTestFileRunner Timeout watcher launched (2000 secs.) 
474        WARN  main            d.u.i.k.s.ProofSettings   The settings in /home/runner/.key/proof-settings.props are *not* read. 
536        INFO  main            d.u.i.k.p.r.p.TestFile    Now processing file /home/runner/work/key/key/key.core/../key.ui/examples/heap/SmansEtAl/ArrayList_add.key 
697        INFO  main            d.u.i.k.p.i.AbstractProblemLoader Loading environment from /home/runner/work/key/key/key.core/../key.ui/examples/heap/SmansEtAl/ArrayList_add.key 
718        DEBUG main            d.u.i.k.p.i.AbstractProblemLoader Environment load took 2.82ms 
999        INFO  main            d.u.i.k.p.i.AbstractProblemLoader Creating init config 
1961       DEBUG main            d.u.i.k.j.TypeConverter   No LDT found for Meta 
1962       DEBUG main            d.u.i.k.j.TypeConverter   No LDT found for Meta 
1970       DEBUG main            d.u.i.k.j.TypeConverter   No LDT found for Meta 
1970       DEBUG main            d.u.i.k.j.TypeConverter   No LDT found for Meta 
3588       DEBUG main            d.u.i.k.j.TypeConverter   No LDT found for JavaBigintExpression 
9551       DEBUG main            d.u.i.k.p.i.AbstractProblemLoader Init config took 8.55s 
9756       INFO  main            d.u.i.k.p.i.AbstractProblemLoader Replaying proof ArrayList[ArrayList::add(java.lang.Object)].JML normal_behavior operation contract.0 
9799       DEBUG main            d.u.i.k.p.i.IntermediateProofReplayer Proof replay took 40.5ns 
18674      INFO  main            d.u.i.k.p.r.p.TestFile    ... finished proof: closed. 
18911      INFO  main            d.u.i.k.p.i.AbstractProblemLoader Loading environment from /home/runner/work/key/key/key.core/../key.ui/examples/heap/SmansEtAl/ArrayList_add.key.proof 
18912      DEBUG main            d.u.i.k.p.i.AbstractProblemLoader Environment load took 543.93ns 
18915      INFO  main            d.u.i.k.p.i.AbstractProblemLoader Creating init config 
22379      DEBUG main            d.u.i.k.p.i.AbstractProblemLoader Init config took 3.46s 
22464      INFO  main            d.u.i.k.p.i.AbstractProblemLoader Replaying proof ArrayList[ArrayList::add(java.lang.Object)].JML normal_behavior operation contract.0 
23947      DEBUG main            d.u.i.k.p.i.IntermediateProofReplayer Proof replay took 1.43s 
23961      DEBUG main            d.u.i.k.p.r.p.TestFile    ... success: reloaded. 
23963      INFO  main            d.u.i.k.p.r.p.TestFile    Now processing file /home/runner/work/key/key/key.core/../key.ui/examples/heap/SmansEtAl/ArrayList_ArrayList.key 
23964      INFO  main            d.u.i.k.p.i.AbstractProblemLoader Loading environment from /home/runner/work/key/key/key.core/../key.ui/examples/heap/SmansEtAl/ArrayList_ArrayList.key 
23964      DEBUG main            d.u.i.k.p.i.AbstractProblemLoader Environment load took 283.92ns 
23966      INFO  main            d.u.i.k.p.i.AbstractProblemLoader Creating init config 
27277      DEBUG main            d.u.i.k.p.i.AbstractProblemLoader Init config took 3.31s 
27340      INFO  main            d.u.i.k.p.i.AbstractProblemLoader Replaying proof ArrayList[ArrayList::ArrayList()].JML normal_behavior operation contract.0 
27343      DEBUG main            d.u.i.k.p.i.IntermediateProofReplayer Proof replay took 36.4ns 
28350      INFO  main            d.u.i.k.p.r.p.TestFile    ... finished proof: closed. 
28548      INFO  main            d.u.i.k.p.i.AbstractProblemLoader Loading environment from /home/runner/work/key/key/key.core/../key.ui/examples/heap/SmansEtAl/ArrayList_ArrayList.key.proof 
28549      DEBUG main            d.u.i.k.p.i.AbstractProblemLoader Environment load took 851.25ns 
28551      INFO  main            d.u.i.k.p.i.AbstractProblemLoader Creating init config 
31829      DEBUG main            d.u.i.k.p.i.AbstractProblemLoader Init config took 3.28s 
31899      INFO  main            d.u.i.k.p.i.AbstractProblemLoader Replaying proof ArrayList[ArrayList::ArrayList()].JML normal_behavior operation contract.0 
32134      DEBUG main            d.u.i.k.p.i.IntermediateProofReplayer Proof replay took 218.01ms 
32137      DEBUG main            d.u.i.k.p.r.p.TestFile    ... success: reloaded. 
32139      INFO  main            d.u.i.k.p.r.p.TestFile    Now processing file /home/runner/work/key/key/key.core/../key.ui/examples/heap/SmansEtAl/ArrayList_footprint.key 
32140      INFO  main            d.u.i.k.p.i.AbstractProblemLoader Loading environment from /home/runner/work/key/key/key.core/../key.ui/examples/heap/SmansEtAl/ArrayList_footprint.key 
32140      DEBUG main            d.u.i.k.p.i.AbstractProblemLoader Environment load took 274.72ns 
32142      INFO  main            d.u.i.k.p.i.AbstractProblemLoader Creating init config 
35440      DEBUG main            d.u.i.k.p.i.AbstractProblemLoader Init config took 3.3s 
35497      INFO  main            d.u.i.k.p.i.AbstractProblemLoader Replaying proof ArrayList[ArrayList::$footprint()].JML accessible clause.0 
35500      DEBUG main            d.u.i.k.p.i.IntermediateProofReplayer Proof replay took 7.1ns 
35602      INFO  main            d.u.i.k.p.r.p.TestFile    ... finished proof: closed. 
35830      INFO  main            d.u.i.k.p.i.AbstractProblemLoader Loading environment from /home/runner/work/key/key/key.core/../key.ui/examples/heap/SmansEtAl/ArrayList_footprint.key.proof 
35830      DEBUG main            d.u.i.k.p.i.AbstractProblemLoader Environment load took 145.11ns 
35832      INFO  main            d.u.i.k.p.i.AbstractProblemLoader Creating init config 
39130      DEBUG main            d.u.i.k.p.i.AbstractProblemLoader Init config took 3.3s 
39187      INFO  main            d.u.i.k.p.i.AbstractProblemLoader Replaying proof ArrayList[ArrayList::$footprint()].JML accessible clause.0 
39201      DEBUG main            d.u.i.k.p.i.IntermediateProofReplayer Proof replay took 11.69ms 
39203      DEBUG main            d.u.i.k.p.r.p.TestFile    ... success: reloaded. 
39204      INFO  main            d.u.i.k.p.r.p.TestFile    Now processing file /home/runner/work/key/key/key.core/../key.ui/examples/heap/SmansEtAl/ArrayList_get_dep.key 
39205      INFO  main            d.u.i.k.p.i.AbstractProblemLoader Loading environment from /home/runner/work/key/key/key.core/../key.ui/examples/heap/SmansEtAl/ArrayList_get_dep.key 
39205      DEBUG main            d.u.i.k.p.i.AbstractProblemLoader Environment load took 303.32ns 
39207      INFO  main            d.u.i.k.p.i.AbstractProblemLoader Creating init config 
42640      DEBUG main            d.u.i.k.p.i.AbstractProblemLoader Init config took 3.43s 
42701      INFO  main            d.u.i.k.p.i.AbstractProblemLoader Replaying proof ArrayList[ArrayList::get(int)].JML accessible clause.0 
42703      DEBUG main            d.u.i.k.p.i.IntermediateProofReplayer Proof replay took 7.7ns 
43109      INFO  main            d.u.i.k.p.r.p.TestFile    ... finished proof: closed. 
43329      INFO  main            d.u.i.k.p.i.AbstractProblemLoader Loading environment from /home/runner/work/key/key/key.core/../key.ui/examples/heap/SmansEtAl/ArrayList_get_dep.key.proof 
43330      DEBUG main            d.u.i.k.p.i.AbstractProblemLoader Environment load took 497.43ns 
43331      INFO  main            d.u.i.k.p.i.AbstractProblemLoader Creating init config 
46512      DEBUG main            d.u.i.k.p.i.AbstractProblemLoader Init config took 3.18s 
46563      INFO  main            d.u.i.k.p.i.AbstractProblemLoader Replaying proof ArrayList[ArrayList::get(int)].JML accessible clause.0 
46635      DEBUG main            d.u.i.k.p.i.IntermediateProofReplayer Proof replay took 67.11ms 
46636      DEBUG main            d.u.i.k.p.r.p.TestFile    ... success: reloaded. 
46640      INFO  main            d.u.i.k.p.r.p.TestFile    Now processing file /home/runner/work/key/key/key.core/../key.ui/examples/heap/SmansEtAl/ArrayList_get.key 
46641      INFO  main            d.u.i.k.p.i.AbstractProblemLoader Loading environment from /home/runner/work/key/key/key.core/../key.ui/examples/heap/SmansEtAl/ArrayList_get.key 
46641      DEBUG main            d.u.i.k.p.i.AbstractProblemLoader Environment load took 266.92ns 
46642      INFO  main            d.u.i.k.p.i.AbstractProblemLoader Creating init config 
49810      DEBUG main            d.u.i.k.p.i.AbstractProblemLoader Init config took 3.17s 
49864      INFO  main            d.u.i.k.p.i.AbstractProblemLoader Replaying proof ArrayList[ArrayList::get(int)].JML normal_behavior operation contract.0 
49866      DEBUG main            d.u.i.k.p.i.IntermediateProofReplayer Proof replay took 7.2ns 
50069      INFO  main            d.u.i.k.p.r.p.TestFile    ... finished proof: closed. 
50274      INFO  main            d.u.i.k.p.i.AbstractProblemLoader Loading environment from /home/runner/work/key/key/key.core/../key.ui/examples/heap/SmansEtAl/ArrayList_get.key.proof 
50275      DEBUG main            d.u.i.k.p.i.AbstractProblemLoader Environment load took 926.85ns 
50279      INFO  main            d.u.i.k.p.i.AbstractProblemLoader Creating init config 
53568      DEBUG main            d.u.i.k.p.i.AbstractProblemLoader Init config took 3.29s 
53664      INFO  main            d.u.i.k.p.i.AbstractProblemLoader Replaying proof ArrayList[ArrayList::get(int)].JML normal_behavior operation contract.0 
53706      DEBUG main            d.u.i.k.p.i.IntermediateProofReplayer Proof replay took 38.07ms 
53707      DEBUG main            d.u.i.k.p.r.p.TestFile    ... success: reloaded. 
53709      INFO  main            d.u.i.k.p.r.p.TestFile    Now processing file /home/runner/work/key/key/key.core/../key.ui/examples/heap/SmansEtAl/ArrayList_inv.key 
53710      INFO  main            d.u.i.k.p.i.AbstractProblemLoader Loading environment from /home/runner/work/key/key/key.core/../key.ui/examples/heap/SmansEtAl/ArrayList_inv.key 
53710      DEBUG main            d.u.i.k.p.i.AbstractProblemLoader Environment load took 157.51ns 
53711      INFO  main            d.u.i.k.p.i.AbstractProblemLoader Creating init config 
56893      DEBUG main            d.u.i.k.p.i.AbstractProblemLoader Init config took 3.18s 
56959      INFO  main            d.u.i.k.p.i.AbstractProblemLoader Replaying proof ArrayList[java.lang.Object::<inv>()].JML accessible clause.0 
56962      DEBUG main            d.u.i.k.p.i.IntermediateProofReplayer Proof replay took 7.2ns 
57069      INFO  main            d.u.i.k.p.r.p.TestFile    ... finished proof: closed. 
57278      INFO  main            d.u.i.k.p.i.AbstractProblemLoader Loading environment from /home/runner/work/key/key/key.core/../key.ui/examples/heap/SmansEtAl/ArrayList_inv.key.proof 
57279      DEBUG main            d.u.i.k.p.i.AbstractProblemLoader Environment load took 316.82ns 
57280      INFO  main            d.u.i.k.p.i.AbstractProblemLoader Creating init config 
60414      DEBUG main            d.u.i.k.p.i.AbstractProblemLoader Init config took 3.13s 
60473      INFO  main            d.u.i.k.p.i.AbstractProblemLoader Replaying proof ArrayList[java.lang.Object::<inv>()].JML accessible clause.0 
60489      DEBUG main            d.u.i.k.p.i.IntermediateProofReplayer Proof replay took 12.89ms 
60490      DEBUG main            d.u.i.k.p.r.p.TestFile    ... success: reloaded. 
60491      INFO  main            d.u.i.k.p.r.p.TestFile    Now processing file /home/runner/work/key/key/key.core/../key.ui/examples/heap/SmansEtAl/ArrayList_size_dep.key 
60492      INFO  main            d.u.i.k.p.i.AbstractProblemLoader Loading environment from /home/runner/work/key/key/key.core/../key.ui/examples/heap/SmansEtAl/ArrayList_size_dep.key 
60492      DEBUG main            d.u.i.k.p.i.AbstractProblemLoader Environment load took 120.71ns 
60493      INFO  main            d.u.i.k.p.i.AbstractProblemLoader Creating init config 
63745      DEBUG main            d.u.i.k.p.i.AbstractProblemLoader Init config took 3.25s 
63802      INFO  main            d.u.i.k.p.i.AbstractProblemLoader Replaying proof ArrayList[ArrayList::size()].JML accessible clause.0 
63805      DEBUG main            d.u.i.k.p.i.IntermediateProofReplayer Proof replay took 7.8ns 
63907      INFO  main            d.u.i.k.p.r.p.TestFile    ... finished proof: closed. 
64117      INFO  main            d.u.i.k.p.i.AbstractProblemLoader Loading environment from /home/runner/work/key/key/key.core/../key.ui/examples/heap/SmansEtAl/ArrayList_size_dep.key.proof 
64117      DEBUG main            d.u.i.k.p.i.AbstractProblemLoader Environment load took 139.01ns 
64118      INFO  main            d.u.i.k.p.i.AbstractProblemLoader Creating init config 
67210      DEBUG main            d.u.i.k.p.i.AbstractProblemLoader Init config took 3.09s 
67265      INFO  main            d.u.i.k.p.i.AbstractProblemLoader Replaying proof ArrayList[ArrayList::size()].JML accessible clause.0 
67285      DEBUG main            d.u.i.k.p.i.IntermediateProofReplayer Proof replay took 17.79ms 
67286      DEBUG main            d.u.i.k.p.r.p.TestFile    ... success: reloaded. 
67288      INFO  main            d.u.i.k.p.r.p.TestFile    Now processing file /home/runner/work/key/key/key.core/../key.ui/examples/heap/SmansEtAl/ArrayList_size.key 
67288      INFO  main            d.u.i.k.p.i.AbstractProblemLoader Loading environment from /home/runner/work/key/key/key.core/../key.ui/examples/heap/SmansEtAl/ArrayList_size.key 
67288      DEBUG main            d.u.i.k.p.i.AbstractProblemLoader Environment load took 185.61ns 
67289      INFO  main            d.u.i.k.p.i.AbstractProblemLoader Creating init config 
70519      DEBUG main            d.u.i.k.p.i.AbstractProblemLoader Init config took 3.23s 
70567      INFO  main            d.u.i.k.p.i.AbstractProblemLoader Replaying proof ArrayList[ArrayList::size()].JML normal_behavior operation contract.0 
70569      DEBUG main            d.u.i.k.p.i.IntermediateProofReplayer Proof replay took 6.9ns 
70679      INFO  main            d.u.i.k.p.r.p.TestFile    ... finished proof: closed. 
70891      INFO  main            d.u.i.k.p.i.AbstractProblemLoader Loading environment from /home/runner/work/key/key/key.core/../key.ui/examples/heap/SmansEtAl/ArrayList_size.key.proof 
70891      DEBUG main            d.u.i.k.p.i.AbstractProblemLoader Environment load took 139.71ns 
70892      INFO  main            d.u.i.k.p.i.AbstractProblemLoader Creating init config 
73933      DEBUG main            d.u.i.k.p.i.AbstractProblemLoader Init config took 3.04s 
73980      INFO  main            d.u.i.k.p.i.AbstractProblemLoader Replaying proof ArrayList[ArrayList::size()].JML normal_behavior operation contract.0 
73999      DEBUG main            d.u.i.k.p.i.IntermediateProofReplayer Proof replay took 16.76ms 
74000      DEBUG main            d.u.i.k.p.r.p.TestFile    ... success: reloaded. 
74002      INFO  main            d.u.i.k.p.r.p.TestFile    Now processing file /home/runner/work/key/key/key.core/../key.ui/examples/heap/SmansEtAl/Cell_Cell.key 
74002      INFO  main            d.u.i.k.p.i.AbstractProblemLoader Loading environment from /home/runner/work/key/key/key.core/../key.ui/examples/heap/SmansEtAl/Cell_Cell.key 
74002      DEBUG main            d.u.i.k.p.i.AbstractProblemLoader Environment load took 96.41ns 
74003      INFO  main            d.u.i.k.p.i.AbstractProblemLoader Creating init config 
77217      DEBUG main            d.u.i.k.p.i.AbstractProblemLoader Init config took 3.21s 
77262      INFO  main            d.u.i.k.p.i.AbstractProblemLoader Replaying proof Cell[Cell::Cell()].JML normal_behavior operation contract.0 
77264      DEBUG main            d.u.i.k.p.i.IntermediateProofReplayer Proof replay took 13ns 
77468      INFO  main            d.u.i.k.p.r.p.TestFile    ... finished proof: closed. 
77708      INFO  main            d.u.i.k.p.i.AbstractProblemLoader Loading environment from /home/runner/work/key/key/key.core/../key.ui/examples/heap/SmansEtAl/Cell_Cell.key.proof 
77709      DEBUG main            d.u.i.k.p.i.AbstractProblemLoader Environment load took 526.63ns 
77710      INFO  main            d.u.i.k.p.i.AbstractProblemLoader Creating init config 
80925      DEBUG main            d.u.i.k.p.i.AbstractProblemLoader Init config took 3.21s 
80969      INFO  main            d.u.i.k.p.i.AbstractProblemLoader Replaying proof Cell[Cell::Cell()].JML normal_behavior operation contract.0 
81041      DEBUG main            d.u.i.k.p.i.IntermediateProofReplayer Proof replay took 68.73ms 
81043      DEBUG main            d.u.i.k.p.r.p.TestFile    ... success: reloaded. 
81045      INFO  main            d.u.i.k.p.r.p.TestFile    Now processing file /home/runner/work/key/key/key.core/../key.ui/examples/heap/SmansEtAl/Cell_footprint.key 
81046      INFO  main            d.u.i.k.p.i.AbstractProblemLoader Loading environment from /home/runner/work/key/key/key.core/../key.ui/examples/heap/SmansEtAl/Cell_footprint.key 
81046      DEBUG main            d.u.i.k.p.i.AbstractProblemLoader Environment load took 258.31ns 
81047      INFO  main            d.u.i.k.p.i.AbstractProblemLoader Creating init config 
84131      DEBUG main            d.u.i.k.p.i.AbstractProblemLoader Init config took 3.08s 
84173      INFO  main            d.u.i.k.p.i.AbstractProblemLoader Replaying proof Cell[Cell::$footprint()].JML accessible clause.0 
84175      DEBUG main            d.u.i.k.p.i.IntermediateProofReplayer Proof replay took 6.7ns 
84278      INFO  main            d.u.i.k.p.r.p.TestFile    ... finished proof: closed. 
84514      INFO  main            d.u.i.k.p.i.AbstractProblemLoader Loading environment from /home/runner/work/key/key/key.core/../key.ui/examples/heap/SmansEtAl/Cell_footprint.key.proof 
84514      DEBUG main            d.u.i.k.p.i.AbstractProblemLoader Environment load took 148.21ns 
84515      INFO  main            d.u.i.k.p.i.AbstractProblemLoader Creating init config 
87556      DEBUG main            d.u.i.k.p.i.AbstractProblemLoader Init config took 3.04s 
87600      INFO  main            d.u.i.k.p.i.AbstractProblemLoader Replaying proof Cell[Cell::$footprint()].JML accessible clause.0 
87607      DEBUG main            d.u.i.k.p.i.IntermediateProofReplayer Proof replay took 4.52ms 
87608      DEBUG main            d.u.i.k.p.r.p.TestFile    ... success: reloaded. 
87609      INFO  main            d.u.i.k.p.r.p.TestFile    Now processing file /home/runner/work/key/key/key.core/../key.ui/examples/heap/SmansEtAl/Cell_getX_dep.key 
87609      INFO  main            d.u.i.k.p.i.AbstractProblemLoader Loading environment from /home/runner/work/key/key/key.core/../key.ui/examples/heap/SmansEtAl/Cell_getX_dep.key 
87610      DEBUG main            d.u.i.k.p.i.AbstractProblemLoader Environment load took 109.81ns 
87611      INFO  main            d.u.i.k.p.i.AbstractProblemLoader Creating init config 
90704      DEBUG main            d.u.i.k.p.i.AbstractProblemLoader Init config took 3.09s 
90773      INFO  main            d.u.i.k.p.i.AbstractProblemLoader Replaying proof Cell[Cell::getX()].JML accessible clause.0 
90775      DEBUG main            d.u.i.k.p.i.IntermediateProofReplayer Proof replay took 6.7ns 
90877      INFO  main            d.u.i.k.p.r.p.TestFile    ... finished proof: closed. 
91118      INFO  main            d.u.i.k.p.i.AbstractProblemLoader Loading environment from /home/runner/work/key/key/key.core/../key.ui/examples/heap/SmansEtAl/Cell_getX_dep.key.proof 
91118      DEBUG main            d.u.i.k.p.i.AbstractProblemLoader Environment load took 140.11ns 
91120      INFO  main            d.u.i.k.p.i.AbstractProblemLoader Creating init config 
94230      DEBUG main            d.u.i.k.p.i.AbstractProblemLoader Init config took 3.11s 
94290      INFO  main            d.u.i.k.p.i.AbstractProblemLoader Replaying proof Cell[Cell::getX()].JML accessible clause.0 
94320      DEBUG main            d.u.i.k.p.i.IntermediateProofReplayer Proof replay took 26.83ms 
94323      DEBUG main            d.u.i.k.p.r.p.TestFile    ... success: reloaded. 
94327      INFO  main            d.u.i.k.p.r.p.TestFile    Now processing file /home/runner/work/key/key/key.core/../key.ui/examples/heap/SmansEtAl/Cell_getX.key 
94327      INFO  main            d.u.i.k.p.i.AbstractProblemLoader Loading environment from /home/runner/work/key/key/key.core/../key.ui/examples/heap/SmansEtAl/Cell_getX.key 
94327      DEBUG main            d.u.i.k.p.i.AbstractProblemLoader Environment load took 123.71ns 
94328      INFO  main            d.u.i.k.p.i.AbstractProblemLoader Creating init config 
97385      DEBUG main            d.u.i.k.p.i.AbstractProblemLoader Init config took 3.06s 
97427      INFO  main            d.u.i.k.p.i.AbstractProblemLoader Replaying proof Cell[Cell::getX()].JML normal_behavior operation contract.0 
97429      DEBUG main            d.u.i.k.p.i.IntermediateProofReplayer Proof replay took 7.2ns 
97532      INFO  main            d.u.i.k.p.r.p.TestFile    ... finished proof: closed. 
97773      INFO  main            d.u.i.k.p.i.AbstractProblemLoader Loading environment from /home/runner/work/key/key/key.core/../key.ui/examples/heap/SmansEtAl/Cell_getX.key.proof 
97773      DEBUG main            d.u.i.k.p.i.AbstractProblemLoader Environment load took 141.61ns 
97774      INFO  main            d.u.i.k.p.i.AbstractProblemLoader Creating init config 
100854     DEBUG main            d.u.i.k.p.i.AbstractProblemLoader Init config took 3.08s 
100904     INFO  main            d.u.i.k.p.i.AbstractProblemLoader Replaying proof Cell[Cell::getX()].JML normal_behavior operation contract.0 
100921     DEBUG main            d.u.i.k.p.i.IntermediateProofReplayer Proof replay took 14.85ms 
100922     DEBUG main            d.u.i.k.p.r.p.TestFile    ... success: reloaded. 
100923     INFO  main            d.u.i.k.p.r.p.TestFile    Now processing file /home/runner/work/key/key/key.core/../key.ui/examples/heap/SmansEtAl/Cell_inv.key 
100923     INFO  main            d.u.i.k.p.i.AbstractProblemLoader Loading environment from /home/runner/work/key/key/key.core/../key.ui/examples/heap/SmansEtAl/Cell_inv.key 
100924     DEBUG main            d.u.i.k.p.i.AbstractProblemLoader Environment load took 147.61ns 
100925     INFO  main            d.u.i.k.p.i.AbstractProblemLoader Creating init config 
104044     DEBUG main            d.u.i.k.p.i.AbstractProblemLoader Init config took 3.12s 
104085     INFO  main            d.u.i.k.p.i.AbstractProblemLoader Replaying proof Cell[java.lang.Object::<inv>()].JML accessible clause.0 
104087     DEBUG main            d.u.i.k.p.i.IntermediateProofReplayer Proof replay took 7.5ns 
104190     INFO  main            d.u.i.k.p.r.p.TestFile    ... finished proof: closed. 
104445     INFO  main            d.u.i.k.p.i.AbstractProblemLoader Loading environment from /home/runner/work/key/key/key.core/../key.ui/examples/heap/SmansEtAl/Cell_inv.key.proof 
104445     DEBUG main            d.u.i.k.p.i.AbstractProblemLoader Environment load took 175.71ns 
104446     INFO  main            d.u.i.k.p.i.AbstractProblemLoader Creating init config 
107408     DEBUG main            d.u.i.k.p.i.AbstractProblemLoader Init config took 2.96s 
107450     INFO  main            d.u.i.k.p.i.AbstractProblemLoader Replaying proof Cell[java.lang.Object::<inv>()].JML accessible clause.0 
107454     DEBUG main            d.u.i.k.p.i.IntermediateProofReplayer Proof replay took 1.78ms 
107455     DEBUG main            d.u.i.k.p.r.p.TestFile    ... success: reloaded. 
107456     INFO  main            d.u.i.k.p.r.p.TestFile    Now processing file /home/runner/work/key/key/key.core/../key.ui/examples/heap/SmansEtAl/Cell_setX.key 
107456     INFO  main            d.u.i.k.p.i.AbstractProblemLoader Loading environment from /home/runner/work/key/key/key.core/../key.ui/examples/heap/SmansEtAl/Cell_setX.key 
107457     DEBUG main            d.u.i.k.p.i.AbstractProblemLoader Environment load took 236.01ns 
107458     INFO  main            d.u.i.k.p.i.AbstractProblemLoader Creating init config 
110533     DEBUG main            d.u.i.k.p.i.AbstractProblemLoader Init config took 3.08s 
110576     INFO  main            d.u.i.k.p.i.AbstractProblemLoader Replaying proof Cell[Cell::setX(int)].JML normal_behavior operation contract.0 
110577     DEBUG main            d.u.i.k.p.i.IntermediateProofReplayer Proof replay took 7.2ns 
110680     INFO  main            d.u.i.k.p.r.p.TestFile    ... finished proof: closed. 
110955     INFO  main            d.u.i.k.p.i.AbstractProblemLoader Loading environment from /home/runner/work/key/key/key.core/../key.ui/examples/heap/SmansEtAl/Cell_setX.key.proof 
110955     DEBUG main            d.u.i.k.p.i.AbstractProblemLoader Environment load took 132.81ns 
110956     INFO  main            d.u.i.k.p.i.AbstractProblemLoader Creating init config 
113978     DEBUG main            d.u.i.k.p.i.AbstractProblemLoader Init config took 3.02s 
114020     INFO  main            d.u.i.k.p.i.AbstractProblemLoader Replaying proof Cell[Cell::setX(int)].JML normal_behavior operation contract.0 
114063     DEBUG main            d.u.i.k.p.i.IntermediateProofReplayer Proof replay took 40.92ms 
114064     DEBUG main            d.u.i.k.p.r.p.TestFile    ... success: reloaded. 
114065     INFO  main            d.u.i.k.p.r.p.TestFile    Now processing file /home/runner/work/key/key/key.core/../key.ui/examples/heap/SmansEtAl/CellClient_m.key 
114065     INFO  main            d.u.i.k.p.i.AbstractProblemLoader Loading environment from /home/runner/work/key/key/key.core/../key.ui/examples/heap/SmansEtAl/CellClient_m.key 
114065     DEBUG main            d.u.i.k.p.i.AbstractProblemLoader Environment load took 137.31ns 
114067     INFO  main            d.u.i.k.p.i.AbstractProblemLoader Creating init config 
117110     DEBUG main            d.u.i.k.p.i.AbstractProblemLoader Init config took 3.04s 
117150     INFO  main            d.u.i.k.p.i.AbstractProblemLoader Replaying proof CellClient[CellClient::m()].JML operation contract.0 
117152     DEBUG main            d.u.i.k.p.i.IntermediateProofReplayer Proof replay took 7ns 
117758     INFO  main            d.u.i.k.p.r.p.TestFile    ... finished proof: closed. 
118063     INFO  main            d.u.i.k.p.i.AbstractProblemLoader Loading environment from /home/runner/work/key/key/key.core/../key.ui/examples/heap/SmansEtAl/CellClient_m.key.proof 
118063     DEBUG main            d.u.i.k.p.i.AbstractProblemLoader Environment load took 157.51ns 
118064     INFO  main            d.u.i.k.p.i.AbstractProblemLoader Creating init config 
120986     DEBUG main            d.u.i.k.p.i.AbstractProblemLoader Init config took 2.92s 
121028     INFO  main            d.u.i.k.p.i.AbstractProblemLoader Replaying proof CellClient[CellClient::m()].JML operation contract.0 
121149     DEBUG main            d.u.i.k.p.i.IntermediateProofReplayer Proof replay took 116.81ms 
121150     DEBUG main            d.u.i.k.p.r.p.TestFile    ... success: reloaded. 
121151     INFO  main            d.u.i.k.p.r.p.TestFile    Now processing file /home/runner/work/key/key/key.core/../key.ui/examples/heap/SmansEtAl/Iterator_footprint.key 
121152     INFO  main            d.u.i.k.p.i.AbstractProblemLoader Loading environment from /home/runner/work/key/key/key.core/../key.ui/examples/heap/SmansEtAl/Iterator_footprint.key 
121152     DEBUG main            d.u.i.k.p.i.AbstractProblemLoader Environment load took 189.31ns 
121153     INFO  main            d.u.i.k.p.i.AbstractProblemLoader Creating init config 
124145     DEBUG main            d.u.i.k.p.i.AbstractProblemLoader Init config took 2.99s 
124190     INFO  main            d.u.i.k.p.i.AbstractProblemLoader Replaying proof Iterator[Iterator::$footprint()].JML accessible clause.0 
124192     DEBUG main            d.u.i.k.p.i.IntermediateProofReplayer Proof replay took 7.5ns 
124328     INFO  main            d.u.i.k.p.r.p.TestFile    ... finished proof: closed. 
124581     INFO  main            d.u.i.k.p.i.AbstractProblemLoader Loading environment from /home/runner/work/key/key/key.core/../key.ui/examples/heap/SmansEtAl/Iterator_footprint.key.proof 
124582     DEBUG main            d.u.i.k.p.i.AbstractProblemLoader Environment load took 144.51ns 
124583     INFO  main            d.u.i.k.p.i.AbstractProblemLoader Creating init config 
127474     DEBUG main            d.u.i.k.p.i.AbstractProblemLoader Init config took 2.89s 
127516     INFO  main            d.u.i.k.p.i.AbstractProblemLoader Replaying proof Iterator[Iterator::$footprint()].JML accessible clause.0 
127526     DEBUG main            d.u.i.k.p.i.IntermediateProofReplayer Proof replay took 7.19ms 
127527     DEBUG main            d.u.i.k.p.r.p.TestFile    ... success: reloaded. 
127528     INFO  main            d.u.i.k.p.r.p.TestFile    Now processing file /home/runner/work/key/key/key.core/../key.ui/examples/heap/SmansEtAl/Iterator_hasNext_dep.key 
127529     INFO  main            d.u.i.k.p.i.AbstractProblemLoader Loading environment from /home/runner/work/key/key/key.core/../key.ui/examples/heap/SmansEtAl/Iterator_hasNext_dep.key 
127529     DEBUG main            d.u.i.k.p.i.AbstractProblemLoader Environment load took 249.91ns 
127530     INFO  main            d.u.i.k.p.i.AbstractProblemLoader Creating init config 
130517     DEBUG main            d.u.i.k.p.i.AbstractProblemLoader Init config took 2.99s 
130559     INFO  main            d.u.i.k.p.i.AbstractProblemLoader Replaying proof Iterator[Iterator::hasNext()].JML accessible clause.0 
130562     DEBUG main            d.u.i.k.p.i.IntermediateProofReplayer Proof replay took 6.3ns 
131266     INFO  main            d.u.i.k.p.r.p.TestFile    ... finished proof: closed. 
131581     INFO  main            d.u.i.k.p.i.AbstractProblemLoader Loading environment from /home/runner/work/key/key/key.core/../key.ui/examples/heap/SmansEtAl/Iterator_hasNext_dep.key.proof 
131581     DEBUG main            d.u.i.k.p.i.AbstractProblemLoader Environment load took 193.31ns 
131584     INFO  main            d.u.i.k.p.i.AbstractProblemLoader Creating init config 
134517     DEBUG main            d.u.i.k.p.i.AbstractProblemLoader Init config took 2.93s 
134560     INFO  main            d.u.i.k.p.i.AbstractProblemLoader Replaying proof Iterator[Iterator::hasNext()].JML accessible clause.0 
134662     DEBUG main            d.u.i.k.p.i.IntermediateProofReplayer Proof replay took 95.86ms 
134664     DEBUG main            d.u.i.k.p.r.p.TestFile    ... success: reloaded. 
134665     INFO  main            d.u.i.k.p.r.p.TestFile    Now processing file /home/runner/work/key/key/key.core/../key.ui/examples/heap/SmansEtAl/Iterator_hasNext.key 
134665     INFO  main            d.u.i.k.p.i.AbstractProblemLoader Loading environment from /home/runner/work/key/key/key.core/../key.ui/examples/heap/SmansEtAl/Iterator_hasNext.key 
134665     DEBUG main            d.u.i.k.p.i.AbstractProblemLoader Environment load took 256.01ns 
134667     INFO  main            d.u.i.k.p.i.AbstractProblemLoader Creating init config 
137672     DEBUG main            d.u.i.k.p.i.AbstractProblemLoader Init config took 3.01s 
137717     INFO  main            d.u.i.k.p.i.AbstractProblemLoader Replaying proof Iterator[Iterator::hasNext()].JML normal_behavior operation contract.0 
137720     DEBUG main            d.u.i.k.p.i.IntermediateProofReplayer Proof replay took 7.5ns 
138326     INFO  main            d.u.i.k.p.r.p.TestFile    ... finished proof: closed. 
138617     INFO  main            d.u.i.k.p.i.AbstractProblemLoader Loading environment from /home/runner/work/key/key/key.core/../key.ui/examples/heap/SmansEtAl/Iterator_hasNext.key.proof 
138617     DEBUG main            d.u.i.k.p.i.AbstractProblemLoader Environment load took 247.41ns 
138620     INFO  main            d.u.i.k.p.i.AbstractProblemLoader Creating init config 
141588     DEBUG main            d.u.i.k.p.i.AbstractProblemLoader Init config took 2.97s 
141635     INFO  main            d.u.i.k.p.i.AbstractProblemLoader Replaying proof Iterator[Iterator::hasNext()].JML normal_behavior operation contract.0 
141733     DEBUG main            d.u.i.k.p.i.IntermediateProofReplayer Proof replay took 92.52ms 
141734     DEBUG main            d.u.i.k.p.r.p.TestFile    ... success: reloaded. 
141735     INFO  main            d.u.i.k.p.r.p.TestFile    Now processing file /home/runner/work/key/key/key.core/../key.ui/examples/heap/SmansEtAl/Iterator_inv.key 
141735     INFO  main            d.u.i.k.p.i.AbstractProblemLoader Loading environment from /home/runner/work/key/key/key.core/../key.ui/examples/heap/SmansEtAl/Iterator_inv.key 
141736     DEBUG main            d.u.i.k.p.i.AbstractProblemLoader Environment load took 149.01ns 
141737     INFO  main            d.u.i.k.p.i.AbstractProblemLoader Creating init config 
145031     DEBUG main            d.u.i.k.p.i.AbstractProblemLoader Init config took 3.29s 
145074     INFO  main            d.u.i.k.p.i.AbstractProblemLoader Replaying proof Iterator[java.lang.Object::<inv>()].JML accessible clause.0 
145076     DEBUG main            d.u.i.k.p.i.IntermediateProofReplayer Proof replay took 6.7ns 
145280     INFO  main            d.u.i.k.p.r.p.TestFile    ... finished proof: closed. 
145606     INFO  main            d.u.i.k.p.i.AbstractProblemLoader Loading environment from /home/runner/work/key/key/key.core/../key.ui/examples/heap/SmansEtAl/Iterator_inv.key.proof 
145606     DEBUG main            d.u.i.k.p.i.AbstractProblemLoader Environment load took 122.21ns 
145607     INFO  main            d.u.i.k.p.i.AbstractProblemLoader Creating init config 
148589     DEBUG main            d.u.i.k.p.i.AbstractProblemLoader Init config took 2.98s 
148631     INFO  main            d.u.i.k.p.i.AbstractProblemLoader Replaying proof Iterator[java.lang.Object::<inv>()].JML accessible clause.0 
148660     DEBUG main            d.u.i.k.p.i.IntermediateProofReplayer Proof replay took 26.4ms 
148661     DEBUG main            d.u.i.k.p.r.p.TestFile    ... success: reloaded. 
148662     INFO  main            d.u.i.k.p.r.p.TestFile    Now processing file /home/runner/work/key/key/key.core/../key.ui/examples/heap/SmansEtAl/Iterator_Iterator.key 
148663     INFO  main            d.u.i.k.p.i.AbstractProblemLoader Loading environment from /home/runner/work/key/key/key.core/../key.ui/examples/heap/SmansEtAl/Iterator_Iterator.key 
148663     DEBUG main            d.u.i.k.p.i.AbstractProblemLoader Environment load took 109.31ns 
148664     INFO  main            d.u.i.k.p.i.AbstractProblemLoader Creating init config 
151719     DEBUG main            d.u.i.k.p.i.AbstractProblemLoader Init config took 3.06s 
151763     INFO  main            d.u.i.k.p.i.AbstractProblemLoader Replaying proof Iterator[Iterator::Iterator(ArrayList)].JML normal_behavior operation contract.0 
151765     DEBUG main            d.u.i.k.p.i.IntermediateProofReplayer Proof replay took 7ns 
153276     INFO  main            d.u.i.k.p.r.p.TestFile    ... finished proof: closed. 
153591     INFO  main            d.u.i.k.p.i.AbstractProblemLoader Loading environment from /home/runner/work/key/key/key.core/../key.ui/examples/heap/SmansEtAl/Iterator_Iterator.key.proof 
153591     DEBUG main            d.u.i.k.p.i.AbstractProblemLoader Environment load took 470.43ns 
153593     INFO  main            d.u.i.k.p.i.AbstractProblemLoader Creating init config 
156626     DEBUG main            d.u.i.k.p.i.AbstractProblemLoader Init config took 3.03s 
156671     INFO  main            d.u.i.k.p.i.AbstractProblemLoader Replaying proof Iterator[Iterator::Iterator(ArrayList)].JML normal_behavior operation contract.0 
156889     DEBUG main            d.u.i.k.p.i.IntermediateProofReplayer Proof replay took 204.22ms 
156891     DEBUG main            d.u.i.k.p.r.p.TestFile    ... success: reloaded. 
156892     INFO  main            d.u.i.k.p.r.p.TestFile    Now processing file /home/runner/work/key/key/key.core/../key.ui/examples/heap/SmansEtAl/Iterator_list_dep.key 
156893     INFO  main            d.u.i.k.p.i.AbstractProblemLoader Loading environment from /home/runner/work/key/key/key.core/../key.ui/examples/heap/SmansEtAl/Iterator_list_dep.key 
156893     DEBUG main            d.u.i.k.p.i.AbstractProblemLoader Environment load took 233.61ns 
156894     INFO  main            d.u.i.k.p.i.AbstractProblemLoader Creating init config 
160038     DEBUG main            d.u.i.k.p.i.AbstractProblemLoader Init config took 3.14s 
160102     INFO  main            d.u.i.k.p.i.AbstractProblemLoader Replaying proof Iterator[Iterator::list()].JML accessible clause.0 
160104     DEBUG main            d.u.i.k.p.i.IntermediateProofReplayer Proof replay took 6.7ns 
160207     INFO  main            d.u.i.k.p.r.p.TestFile    ... finished proof: closed. 
160522     INFO  main            d.u.i.k.p.i.AbstractProblemLoader Loading environment from /home/runner/work/key/key/key.core/../key.ui/examples/heap/SmansEtAl/Iterator_list_dep.key.proof 
160522     DEBUG main            d.u.i.k.p.i.AbstractProblemLoader Environment load took 120.51ns 
160523     INFO  main            d.u.i.k.p.i.AbstractProblemLoader Creating init config 
163509     DEBUG main            d.u.i.k.p.i.AbstractProblemLoader Init config took 2.99s 
163552     INFO  main            d.u.i.k.p.i.AbstractProblemLoader Replaying proof Iterator[Iterator::list()].JML accessible clause.0 
163574     DEBUG main            d.u.i.k.p.i.IntermediateProofReplayer Proof replay took 19.76ms 
163575     DEBUG main            d.u.i.k.p.r.p.TestFile    ... success: reloaded. 
163576     INFO  main            d.u.i.k.p.r.p.TestFile    Now processing file /home/runner/work/key/key/key.core/../key.ui/examples/heap/SmansEtAl/Iterator_list.key 
163577     INFO  main            d.u.i.k.p.i.AbstractProblemLoader Loading environment from /home/runner/work/key/key/key.core/../key.ui/examples/heap/SmansEtAl/Iterator_list.key 
163577     DEBUG main            d.u.i.k.p.i.AbstractProblemLoader Environment load took 106.01ns 
163577     INFO  main            d.u.i.k.p.i.AbstractProblemLoader Creating init config 
166646     DEBUG main            d.u.i.k.p.i.AbstractProblemLoader Init config took 3.07s 
166695     INFO  main            d.u.i.k.p.i.AbstractProblemLoader Replaying proof Iterator[Iterator::list()].JML normal_behavior operation contract.0 
166696     DEBUG main            d.u.i.k.p.i.IntermediateProofReplayer Proof replay took 7.7ns 
166800     INFO  main            d.u.i.k.p.r.p.TestFile    ... finished proof: closed. 
167111     INFO  main            d.u.i.k.p.i.AbstractProblemLoader Loading environment from /home/runner/work/key/key/key.core/../key.ui/examples/heap/SmansEtAl/Iterator_list.key.proof 
167111     DEBUG main            d.u.i.k.p.i.AbstractProblemLoader Environment load took 119.61ns 
167112     INFO  main            d.u.i.k.p.i.AbstractProblemLoader Creating init config 
170045     DEBUG main            d.u.i.k.p.i.AbstractProblemLoader Init config took 2.93s 
170089     INFO  main            d.u.i.k.p.i.AbstractProblemLoader Replaying proof Iterator[Iterator::list()].JML normal_behavior operation contract.0 
170107     DEBUG main            d.u.i.k.p.i.IntermediateProofReplayer Proof replay took 16.08ms 
170108     DEBUG main            d.u.i.k.p.r.p.TestFile    ... success: reloaded. 
170109     INFO  main            d.u.i.k.p.r.p.TestFile    Now processing file /home/runner/work/key/key/key.core/../key.ui/examples/heap/SmansEtAl/Iterator_next.key 
170110     INFO  main            d.u.i.k.p.i.AbstractProblemLoader Loading environment from /home/runner/work/key/key/key.core/../key.ui/examples/heap/SmansEtAl/Iterator_next.key 
170110     DEBUG main            d.u.i.k.p.i.AbstractProblemLoader Environment load took 149.31ns 
170111     INFO  main            d.u.i.k.p.i.AbstractProblemLoader Creating init config 
173132     DEBUG main            d.u.i.k.p.i.AbstractProblemLoader Init config took 3.02s 
173180     INFO  main            d.u.i.k.p.i.AbstractProblemLoader Replaying proof Iterator[Iterator::next()].JML normal_behavior operation contract.0 
173182     DEBUG main            d.u.i.k.p.i.IntermediateProofReplayer Proof replay took 7.6ns 
176531     INFO  main            d.u.i.k.p.r.p.TestFile    ... finished proof: closed. 
176884     INFO  main            d.u.i.k.p.i.AbstractProblemLoader Loading environment from /home/runner/work/key/key/key.core/../key.ui/examples/heap/SmansEtAl/Iterator_next.key.proof 
176884     DEBUG main            d.u.i.k.p.i.AbstractProblemLoader Environment load took 508.33ns 
176887     INFO  main            d.u.i.k.p.i.AbstractProblemLoader Creating init config 
179991     DEBUG main            d.u.i.k.p.i.AbstractProblemLoader Init config took 3.1s 
180036     INFO  main            d.u.i.k.p.i.AbstractProblemLoader Replaying proof Iterator[Iterator::next()].JML normal_behavior operation contract.0 
180402     DEBUG main            d.u.i.k.p.i.IntermediateProofReplayer Proof replay took 344.32ms 
180405     DEBUG main            d.u.i.k.p.r.p.TestFile    ... success: reloaded. 
180406     INFO  main            d.u.i.k.p.r.p.TestFile    Now processing file /home/runner/work/key/key/key.core/../key.ui/examples/heap/SmansEtAl/Stack_footprint.key 
180407     INFO  main            d.u.i.k.p.i.AbstractProblemLoader Loading environment from /home/runner/work/key/key/key.core/../key.ui/examples/heap/SmansEtAl/Stack_footprint.key 
180407     DEBUG main            d.u.i.k.p.i.AbstractProblemLoader Environment load took 281.52ns 
180408     INFO  main            d.u.i.k.p.i.AbstractProblemLoader Creating init config 
183619     DEBUG main            d.u.i.k.p.i.AbstractProblemLoader Init config took 3.21s 
183661     INFO  main            d.u.i.k.p.i.AbstractProblemLoader Replaying proof Stack[Stack::$footprint()].JML accessible clause.0 
183663     DEBUG main            d.u.i.k.p.i.IntermediateProofReplayer Proof replay took 8.5ns 
183966     INFO  main            d.u.i.k.p.r.p.TestFile    ... finished proof: closed. 
184305     INFO  main            d.u.i.k.p.i.AbstractProblemLoader Loading environment from /home/runner/work/key/key/key.core/../key.ui/examples/heap/SmansEtAl/Stack_footprint.key.proof 
184305     DEBUG main            d.u.i.k.p.i.AbstractProblemLoader Environment load took 127.31ns 
184306     INFO  main            d.u.i.k.p.i.AbstractProblemLoader Creating init config 
187373     DEBUG main            d.u.i.k.p.i.AbstractProblemLoader Init config took 3.07s 
187416     INFO  main            d.u.i.k.p.i.AbstractProblemLoader Replaying proof Stack[Stack::$footprint()].JML accessible clause.0 
187451     DEBUG main            d.u.i.k.p.i.IntermediateProofReplayer Proof replay took 31.71ms 
187452     DEBUG main            d.u.i.k.p.r.p.TestFile    ... success: reloaded. 
187454     INFO  main            d.u.i.k.p.r.p.TestFile    Now processing file /home/runner/work/key/key/key.core/../key.ui/examples/heap/SmansEtAl/Stack_inv.key 
187454     INFO  main            d.u.i.k.p.i.AbstractProblemLoader Loading environment from /home/runner/work/key/key/key.core/../key.ui/examples/heap/SmansEtAl/Stack_inv.key 
187455     DEBUG main            d.u.i.k.p.i.AbstractProblemLoader Environment load took 309.92ns 
187456     INFO  main            d.u.i.k.p.i.AbstractProblemLoader Creating init config 
190582     DEBUG main            d.u.i.k.p.i.AbstractProblemLoader Init config took 3.13s 
190623     INFO  main            d.u.i.k.p.i.AbstractProblemLoader Replaying proof Stack[java.lang.Object::<inv>()].JML accessible clause.0 
190625     DEBUG main            d.u.i.k.p.i.IntermediateProofReplayer Proof replay took 6.7ns 
190727     INFO  main            d.u.i.k.p.r.p.TestFile    ... finished proof: closed. 
191065     INFO  main            d.u.i.k.p.i.AbstractProblemLoader Loading environment from /home/runner/work/key/key/key.core/../key.ui/examples/heap/SmansEtAl/Stack_inv.key.proof 
191065     DEBUG main            d.u.i.k.p.i.AbstractProblemLoader Environment load took 124.41ns 
191066     INFO  main            d.u.i.k.p.i.AbstractProblemLoader Creating init config 
194102     DEBUG main            d.u.i.k.p.i.AbstractProblemLoader Init config took 3.04s 
194143     INFO  main            d.u.i.k.p.i.AbstractProblemLoader Replaying proof Stack[java.lang.Object::<inv>()].JML accessible clause.0 
194157     DEBUG main            d.u.i.k.p.i.IntermediateProofReplayer Proof replay took 11.52ms 
194158     DEBUG main            d.u.i.k.p.r.p.TestFile    ... success: reloaded. 
194159     INFO  main            d.u.i.k.p.r.p.TestFile    Now processing file /home/runner/work/key/key/key.core/../key.ui/examples/heap/SmansEtAl/Stack_push.key 
194159     INFO  main            d.u.i.k.p.i.AbstractProblemLoader Loading environment from /home/runner/work/key/key/key.core/../key.ui/examples/heap/SmansEtAl/Stack_push.key 
194159     DEBUG main            d.u.i.k.p.i.AbstractProblemLoader Environment load took 228.51ns 
194160     INFO  main            d.u.i.k.p.i.AbstractProblemLoader Creating init config 
197196     DEBUG main            d.u.i.k.p.i.AbstractProblemLoader Init config took 3.04s 
197263     INFO  main            d.u.i.k.p.i.AbstractProblemLoader Replaying proof Stack[Stack::push(java.lang.Object)].JML normal_behavior operation contract.0 
197265     DEBUG main            d.u.i.k.p.i.IntermediateProofReplayer Proof replay took 7.2ns 
198171     INFO  main            d.u.i.k.p.r.p.TestFile    ... finished proof: closed. 
198559     INFO  main            d.u.i.k.p.i.AbstractProblemLoader Loading environment from /home/runner/work/key/key/key.core/../key.ui/examples/heap/SmansEtAl/Stack_push.key.proof 
198559     DEBUG main            d.u.i.k.p.i.AbstractProblemLoader Environment load took 187.61ns 
198561     INFO  main            d.u.i.k.p.i.AbstractProblemLoader Creating init config 
201638     DEBUG main            d.u.i.k.p.i.AbstractProblemLoader Init config took 3.08s 
201683     INFO  main            d.u.i.k.p.i.AbstractProblemLoader Replaying proof Stack[Stack::push(java.lang.Object)].JML normal_behavior operation contract.0 
201837     DEBUG main            d.u.i.k.p.i.IntermediateProofReplayer Proof replay took 145.45ms 
201839     DEBUG main            d.u.i.k.p.r.p.TestFile    ... success: reloaded. 
201840     INFO  main            d.u.i.k.p.r.p.TestFile    Now processing file /home/runner/work/key/key/key.core/../key.ui/examples/heap/SmansEtAl/Stack_size.key 
201841     INFO  main            d.u.i.k.p.i.AbstractProblemLoader Loading environment from /home/runner/work/key/key/key.core/../key.ui/examples/heap/SmansEtAl/Stack_size.key 
201841     DEBUG main            d.u.i.k.p.i.AbstractProblemLoader Environment load took 257.81ns 
201842     INFO  main            d.u.i.k.p.i.AbstractProblemLoader Creating init config 
204975     DEBUG main            d.u.i.k.p.i.AbstractProblemLoader Init config took 3.13s 
205016     INFO  main            d.u.i.k.p.i.AbstractProblemLoader Replaying proof Stack[Stack::size()].JML accessible clause.0 
205018     DEBUG main            d.u.i.k.p.i.IntermediateProofReplayer Proof replay took 7.9ns 
205324     INFO  main            d.u.i.k.p.r.p.TestFile    ... finished proof: closed. 
205685     INFO  main            d.u.i.k.p.i.AbstractProblemLoader Loading environment from /home/runner/work/key/key/key.core/../key.ui/examples/heap/SmansEtAl/Stack_size.key.proof 
205685     DEBUG main            d.u.i.k.p.i.AbstractProblemLoader Environment load took 122.31ns 
205686     INFO  main            d.u.i.k.p.i.AbstractProblemLoader Creating init config 
208652     DEBUG main            d.u.i.k.p.i.AbstractProblemLoader Init config took 2.97s 
208693     INFO  main            d.u.i.k.p.i.AbstractProblemLoader Replaying proof Stack[Stack::size()].JML accessible clause.0 
208742     DEBUG main            d.u.i.k.p.i.IntermediateProofReplayer Proof replay took 46.77ms 
208743     DEBUG main            d.u.i.k.p.r.p.TestFile    ... success: reloaded. 
208744     INFO  main            d.u.i.k.p.r.p.TestFile    Now processing file /home/runner/work/key/key/key.core/../key.ui/examples/heap/SmansEtAl/Stack_Stack.key 
208745     INFO  main            d.u.i.k.p.i.AbstractProblemLoader Loading environment from /home/runner/work/key/key/key.core/../key.ui/examples/heap/SmansEtAl/Stack_Stack.key 
208745     DEBUG main            d.u.i.k.p.i.AbstractProblemLoader Environment load took 285.52ns 
208746     INFO  main            d.u.i.k.p.i.AbstractProblemLoader Creating init config 
211765     DEBUG main            d.u.i.k.p.i.AbstractProblemLoader Init config took 3.02s 
211807     INFO  main            d.u.i.k.p.i.AbstractProblemLoader Replaying proof Stack[Stack::Stack()].JML normal_behavior operation contract.0 
211809     DEBUG main            d.u.i.k.p.i.IntermediateProofReplayer Proof replay took 8.3ns 
213042     INFO  main            d.u.i.k.p.r.p.TestFile    ... finished proof: closed. 
213407     INFO  main            d.u.i.k.p.i.AbstractProblemLoader Loading environment from /home/runner/work/key/key/key.core/../key.ui/examples/heap/SmansEtAl/Stack_Stack.key.proof 
213407     DEBUG main            d.u.i.k.p.i.AbstractProblemLoader Environment load took 517.33ns 
213409     INFO  main            d.u.i.k.p.i.AbstractProblemLoader Creating init config 
216342     DEBUG main            d.u.i.k.p.i.AbstractProblemLoader Init config took 2.93s 
216384     INFO  main            d.u.i.k.p.i.AbstractProblemLoader Replaying proof Stack[Stack::Stack()].JML normal_behavior operation contract.0 
216601     DEBUG main            d.u.i.k.p.i.IntermediateProofReplayer Proof replay took 208.4ms 
216602     DEBUG main            d.u.i.k.p.r.p.TestFile    ... success: reloaded. 
216603     INFO  main            d.u.i.k.p.r.p.TestFile    Now processing file /home/runner/work/key/key/key.core/../key.ui/examples/heap/SmansEtAl/Stack_switchContents.key 
216603     INFO  main            d.u.i.k.p.i.AbstractProblemLoader Loading environment from /home/runner/work/key/key/key.core/../key.ui/examples/heap/SmansEtAl/Stack_switchContents.key 
216603     DEBUG main            d.u.i.k.p.i.AbstractProblemLoader Environment load took 79.7ns 
216604     INFO  main            d.u.i.k.p.i.AbstractProblemLoader Creating init config 
219686     DEBUG main            d.u.i.k.p.i.AbstractProblemLoader Init config took 3.08s 
219729     INFO  main            d.u.i.k.p.i.AbstractProblemLoader Replaying proof Stack[Stack::switchContents(Stack)].JML normal_behavior operation contract.0 
219730     DEBUG main            d.u.i.k.p.i.IntermediateProofReplayer Proof replay took 7.2ns 
225113     INFO  main            d.u.i.k.p.r.p.TestFile    ... finished proof: closed. 
225515     INFO  main            d.u.i.k.p.i.AbstractProblemLoader Loading environment from /home/runner/work/key/key/key.core/../key.ui/examples/heap/SmansEtAl/Stack_switchContents.key.proof 
225515     DEBUG main            d.u.i.k.p.i.AbstractProblemLoader Environment load took 193.91ns 
225517     INFO  main            d.u.i.k.p.i.AbstractProblemLoader Creating init config 
228544     DEBUG main            d.u.i.k.p.i.AbstractProblemLoader Init config took 3.03s 
228587     INFO  main            d.u.i.k.p.i.AbstractProblemLoader Replaying proof Stack[Stack::switchContents(Stack)].JML normal_behavior operation contract.0 
229171     DEBUG main            d.u.i.k.p.i.IntermediateProofReplayer Proof replay took 563.43ms 
229173     DEBUG main            d.u.i.k.p.r.p.TestFile    ... success: reloaded. 
2503329    INFO  Test worker     d.u.i.k.p.r.RunAllProofsTestUnit Returning from test SmansEtAl 
2503330    INFO  Test worker     d.u.i.k.p.r.RunAllProofsTestUnit Running test VACID0 
394        INFO  Timeout watchdog d.u.i.k.p.r.p.ForkedTestFileRunner Timeout watcher launched (2000 secs.) 
417        WARN  main            d.u.i.k.s.ProofSettings   The settings in /home/runner/.key/proof-settings.props are *not* read. 
457        INFO  main            d.u.i.k.p.r.p.TestFile    Now processing file /home/runner/work/key/key/key.core/../key.ui/examples/heap/vacid0_01_SparseArray/Harness_sparseArrayTestHarness1.key 
589        INFO  main            d.u.i.k.p.i.AbstractProblemLoader Loading environment from /home/runner/work/key/key/key.core/../key.ui/examples/heap/vacid0_01_SparseArray/Harness_sparseArrayTestHarness1.key 
609        DEBUG main            d.u.i.k.p.i.AbstractProblemLoader Environment load took 2.22ms 
881        INFO  main            d.u.i.k.p.i.AbstractProblemLoader Creating init config 
1915       DEBUG main            d.u.i.k.j.TypeConverter   No LDT found for Meta 
1915       DEBUG main            d.u.i.k.j.TypeConverter   No LDT found for Meta 
1921       DEBUG main            d.u.i.k.j.TypeConverter   No LDT found for Meta 
1921       DEBUG main            d.u.i.k.j.TypeConverter   No LDT found for Meta 
3487       DEBUG main            d.u.i.k.j.TypeConverter   No LDT found for JavaBigintExpression 
10138      DEBUG main            d.u.i.k.p.i.AbstractProblemLoader Init config took 9.26s 
10281      INFO  main            d.u.i.k.p.i.AbstractProblemLoader Replaying proof Harness[Harness::sparseArrayTestHarness1()].JML normal_behavior operation contract.0 
10320      DEBUG main            d.u.i.k.p.i.IntermediateProofReplayer Proof replay took 40.6ns 
12055      INFO  main            d.u.i.k.p.r.p.TestFile    ... finished proof: closed. 
12227      INFO  main            d.u.i.k.p.i.AbstractProblemLoader Loading environment from /home/runner/work/key/key/key.core/../key.ui/examples/heap/vacid0_01_SparseArray/Harness_sparseArrayTestHarness1.key.proof 
12228      DEBUG main            d.u.i.k.p.i.AbstractProblemLoader Environment load took 723.94ns 
12231      INFO  main            d.u.i.k.p.i.AbstractProblemLoader Creating init config 
15967      DEBUG main            d.u.i.k.p.i.AbstractProblemLoader Init config took 3.74s 
16035      INFO  main            d.u.i.k.p.i.AbstractProblemLoader Replaying proof Harness[Harness::sparseArrayTestHarness1()].JML normal_behavior operation contract.0 
16247      DEBUG main            d.u.i.k.p.i.IntermediateProofReplayer Proof replay took 202.29ms 
16255      DEBUG main            d.u.i.k.p.r.p.TestFile    ... success: reloaded. 
16261      INFO  main            d.u.i.k.p.r.p.TestFile    Now processing file /home/runner/work/key/key/key.core/../key.ui/examples/heap/vacid0_01_SparseArray/Harness_sparseArrayTestHarness2.key 
16261      INFO  main            d.u.i.k.p.i.AbstractProblemLoader Loading environment from /home/runner/work/key/key/key.core/../key.ui/examples/heap/vacid0_01_SparseArray/Harness_sparseArrayTestHarness2.key 
16263      DEBUG main            d.u.i.k.p.i.AbstractProblemLoader Environment load took 1.61ms 
16267      INFO  main            d.u.i.k.p.i.AbstractProblemLoader Creating init config 
20004      DEBUG main            d.u.i.k.p.i.AbstractProblemLoader Init config took 3.74s 
20070      INFO  main            d.u.i.k.p.i.AbstractProblemLoader Replaying proof Harness[Harness::sparseArrayTestHarness2()].JML normal_behavior operation contract.0 
20073      DEBUG main            d.u.i.k.p.i.IntermediateProofReplayer Proof replay took 7.6ns 
32057      INFO  main            d.u.i.k.p.r.p.TestFile    ... finished proof: closed. 
32353      INFO  main            d.u.i.k.p.i.AbstractProblemLoader Loading environment from /home/runner/work/key/key/key.core/../key.ui/examples/heap/vacid0_01_SparseArray/Harness_sparseArrayTestHarness2.key.proof 
32354      DEBUG main            d.u.i.k.p.i.AbstractProblemLoader Environment load took 569.63ns 
32367      INFO  main            d.u.i.k.p.i.AbstractProblemLoader Creating init config 
36031      DEBUG main            d.u.i.k.p.i.AbstractProblemLoader Init config took 3.66s 
36090      INFO  main            d.u.i.k.p.i.AbstractProblemLoader Replaying proof Harness[Harness::sparseArrayTestHarness2()].JML normal_behavior operation contract.0 
37602      DEBUG main            d.u.i.k.p.i.IntermediateProofReplayer Proof replay took 1.45s 
37606      DEBUG main            d.u.i.k.p.r.p.TestFile    ... success: reloaded. 
37610      INFO  main            d.u.i.k.p.r.p.TestFile    Now processing file /home/runner/work/key/key/key.core/../key.ui/examples/heap/vacid0_01_SparseArray/MemoryAllocator_alloc_unsigned.key 
37610      INFO  main            d.u.i.k.p.i.AbstractProblemLoader Loading environment from /home/runner/work/key/key/key.core/../key.ui/examples/heap/vacid0_01_SparseArray/MemoryAllocator_alloc_unsigned.key 
37611      DEBUG main            d.u.i.k.p.i.AbstractProblemLoader Environment load took 311.62ns 
37613      INFO  main            d.u.i.k.p.i.AbstractProblemLoader Creating init config 
41176      DEBUG main            d.u.i.k.p.i.AbstractProblemLoader Init config took 3.56s 
41231      INFO  main            d.u.i.k.p.i.AbstractProblemLoader Replaying proof MemoryAllocator[MemoryAllocator::alloc_unsigned(int)].JML normal_behavior operation contract.0 
41233      DEBUG main            d.u.i.k.p.i.IntermediateProofReplayer Proof replay took 6.8ns 
42347      INFO  main            d.u.i.k.p.r.p.TestFile    ... finished proof: closed. 
42550      INFO  main            d.u.i.k.p.i.AbstractProblemLoader Loading environment from /home/runner/work/key/key/key.core/../key.ui/examples/heap/vacid0_01_SparseArray/MemoryAllocator_alloc_unsigned.key.proof 
42551      DEBUG main            d.u.i.k.p.i.AbstractProblemLoader Environment load took 498.43ns 
42555      INFO  main            d.u.i.k.p.i.AbstractProblemLoader Creating init config 
45884      DEBUG main            d.u.i.k.p.i.AbstractProblemLoader Init config took 3.33s 
45934      INFO  main            d.u.i.k.p.i.AbstractProblemLoader Replaying proof MemoryAllocator[MemoryAllocator::alloc_unsigned(int)].JML normal_behavior operation contract.0 
46183      DEBUG main            d.u.i.k.p.i.IntermediateProofReplayer Proof replay took 242.41ms 
46185      DEBUG main            d.u.i.k.p.r.p.TestFile    ... success: reloaded. 
46186      INFO  main            d.u.i.k.p.r.p.TestFile    Now processing file /home/runner/work/key/key/key.core/../key.ui/examples/heap/vacid0_01_SparseArray/MemoryAllocator_alloc.key 
46187      INFO  main            d.u.i.k.p.i.AbstractProblemLoader Loading environment from /home/runner/work/key/key/key.core/../key.ui/examples/heap/vacid0_01_SparseArray/MemoryAllocator_alloc.key 
46187      DEBUG main            d.u.i.k.p.i.AbstractProblemLoader Environment load took 245.41ns 
46188      INFO  main            d.u.i.k.p.i.AbstractProblemLoader Creating init config 
49592      DEBUG main            d.u.i.k.p.i.AbstractProblemLoader Init config took 3.4s 
49641      INFO  main            d.u.i.k.p.i.AbstractProblemLoader Replaying proof MemoryAllocator[MemoryAllocator::alloc(int)].JML normal_behavior operation contract.0 
49643      DEBUG main            d.u.i.k.p.i.IntermediateProofReplayer Proof replay took 6.5ns 
50449      INFO  main            d.u.i.k.p.r.p.TestFile    ... finished proof: closed. 
50646      INFO  main            d.u.i.k.p.i.AbstractProblemLoader Loading environment from /home/runner/work/key/key/key.core/../key.ui/examples/heap/vacid0_01_SparseArray/MemoryAllocator_alloc.key.proof 
50648      DEBUG main            d.u.i.k.p.i.AbstractProblemLoader Environment load took 963.55ns 
50650      INFO  main            d.u.i.k.p.i.AbstractProblemLoader Creating init config 
54029      DEBUG main            d.u.i.k.p.i.AbstractProblemLoader Init config took 3.38s 
54129      INFO  main            d.u.i.k.p.i.AbstractProblemLoader Replaying proof MemoryAllocator[MemoryAllocator::alloc(int)].JML normal_behavior operation contract.0 
54310      DEBUG main            d.u.i.k.p.i.IntermediateProofReplayer Proof replay took 174.84ms 
54311      DEBUG main            d.u.i.k.p.r.p.TestFile    ... success: reloaded. 
54313      INFO  main            d.u.i.k.p.r.p.TestFile    Now processing file /home/runner/work/key/key/key.core/../key.ui/examples/heap/vacid0_01_SparseArray/SparseArray_get_dep.key 
54314      INFO  main            d.u.i.k.p.i.AbstractProblemLoader Loading environment from /home/runner/work/key/key/key.core/../key.ui/examples/heap/vacid0_01_SparseArray/SparseArray_get_dep.key 
54314      DEBUG main            d.u.i.k.p.i.AbstractProblemLoader Environment load took 272.31ns 
54315      INFO  main            d.u.i.k.p.i.AbstractProblemLoader Creating init config 
57678      DEBUG main            d.u.i.k.p.i.AbstractProblemLoader Init config took 3.36s 
57766      INFO  main            d.u.i.k.p.i.AbstractProblemLoader Replaying proof SparseArray[SparseArray::get(int)].JML accessible clause.0 
57770      DEBUG main            d.u.i.k.p.i.IntermediateProofReplayer Proof replay took 8.1ns 
61445      INFO  main            d.u.i.k.p.r.p.TestFile    ... finished proof: closed. 
61670      INFO  main            d.u.i.k.p.i.AbstractProblemLoader Loading environment from /home/runner/work/key/key/key.core/../key.ui/examples/heap/vacid0_01_SparseArray/SparseArray_get_dep.key.proof 
61671      DEBUG main            d.u.i.k.p.i.AbstractProblemLoader Environment load took 504.33ns 
61673      INFO  main            d.u.i.k.p.i.AbstractProblemLoader Creating init config 
65151      DEBUG main            d.u.i.k.p.i.AbstractProblemLoader Init config took 3.48s 
65220      INFO  main            d.u.i.k.p.i.AbstractProblemLoader Replaying proof SparseArray[SparseArray::get(int)].JML accessible clause.0 
65643      DEBUG main            d.u.i.k.p.i.IntermediateProofReplayer Proof replay took 409.9ms 
65645      DEBUG main            d.u.i.k.p.r.p.TestFile    ... success: reloaded. 
65646      INFO  main            d.u.i.k.p.r.p.TestFile    Now processing file /home/runner/work/key/key/key.core/../key.ui/examples/heap/vacid0_01_SparseArray/SparseArray_get.key 
65647      INFO  main            d.u.i.k.p.i.AbstractProblemLoader Loading environment from /home/runner/work/key/key/key.core/../key.ui/examples/heap/vacid0_01_SparseArray/SparseArray_get.key 
65647      DEBUG main            d.u.i.k.p.i.AbstractProblemLoader Environment load took 249.41ns 
65648      INFO  main            d.u.i.k.p.i.AbstractProblemLoader Creating init config 
69160      DEBUG main            d.u.i.k.p.i.AbstractProblemLoader Init config took 3.51s 
69243      INFO  main            d.u.i.k.p.i.AbstractProblemLoader Replaying proof SparseArray[SparseArray::get(int)].JML normal_behavior operation contract.0 
69246      DEBUG main            d.u.i.k.p.i.IntermediateProofReplayer Proof replay took 7ns 
71800      INFO  main            d.u.i.k.p.r.p.TestFile    ... finished proof: closed. 
72020      INFO  main            d.u.i.k.p.i.AbstractProblemLoader Loading environment from /home/runner/work/key/key/key.core/../key.ui/examples/heap/vacid0_01_SparseArray/SparseArray_get.key.proof 
72021      DEBUG main            d.u.i.k.p.i.AbstractProblemLoader Environment load took 508.02ns 
72022      INFO  main            d.u.i.k.p.i.AbstractProblemLoader Creating init config 
75295      DEBUG main            d.u.i.k.p.i.AbstractProblemLoader Init config took 3.27s 
75362      INFO  main            d.u.i.k.p.i.AbstractProblemLoader Replaying proof SparseArray[SparseArray::get(int)].JML normal_behavior operation contract.0 
75737      DEBUG main            d.u.i.k.p.i.IntermediateProofReplayer Proof replay took 363.33ms 
75738      DEBUG main            d.u.i.k.p.r.p.TestFile    ... success: reloaded. 
75740      INFO  main            d.u.i.k.p.r.p.TestFile    Now processing file /home/runner/work/key/key/key.core/../key.ui/examples/heap/vacid0_01_SparseArray/SparseArray_inv.key 
75740      INFO  main            d.u.i.k.p.i.AbstractProblemLoader Loading environment from /home/runner/work/key/key/key.core/../key.ui/examples/heap/vacid0_01_SparseArray/SparseArray_inv.key 
75740      DEBUG main            d.u.i.k.p.i.AbstractProblemLoader Environment load took 126.21ns 
75741      INFO  main            d.u.i.k.p.i.AbstractProblemLoader Creating init config 
79037      DEBUG main            d.u.i.k.p.i.AbstractProblemLoader Init config took 3.3s 
79128      INFO  main            d.u.i.k.p.i.AbstractProblemLoader Replaying proof SparseArray[java.lang.Object::<inv>()].JML accessible clause.0 
79130      DEBUG main            d.u.i.k.p.i.IntermediateProofReplayer Proof replay took 7ns 
81322      INFO  main            d.u.i.k.p.r.p.TestFile    ... finished proof: closed. 
81627      INFO  main            d.u.i.k.p.i.AbstractProblemLoader Loading environment from /home/runner/work/key/key/key.core/../key.ui/examples/heap/vacid0_01_SparseArray/SparseArray_inv.key.proof 
81628      DEBUG main            d.u.i.k.p.i.AbstractProblemLoader Environment load took 597.63ns 
81630      INFO  main            d.u.i.k.p.i.AbstractProblemLoader Creating init config 
84980      DEBUG main            d.u.i.k.p.i.AbstractProblemLoader Init config took 3.35s 
85059      INFO  main            d.u.i.k.p.i.AbstractProblemLoader Replaying proof SparseArray[java.lang.Object::<inv>()].JML accessible clause.0 
85227      DEBUG main            d.u.i.k.p.i.IntermediateProofReplayer Proof replay took 160.7ms 
85229      DEBUG main            d.u.i.k.p.r.p.TestFile    ... success: reloaded. 
85230      INFO  main            d.u.i.k.p.r.p.TestFile    Now processing file /home/runner/work/key/key/key.core/../key.ui/examples/heap/vacid0_01_SparseArray/SparseArray_SparseArray.key 
85231      INFO  main            d.u.i.k.p.i.AbstractProblemLoader Loading environment from /home/runner/work/key/key/key.core/../key.ui/examples/heap/vacid0_01_SparseArray/SparseArray_SparseArray.key 
85231      DEBUG main            d.u.i.k.p.i.AbstractProblemLoader Environment load took 381.32ns 
85233      INFO  main            d.u.i.k.p.i.AbstractProblemLoader Creating init config 
88683      DEBUG main            d.u.i.k.p.i.AbstractProblemLoader Init config took 3.45s 
88769      INFO  main            d.u.i.k.p.i.AbstractProblemLoader Replaying proof SparseArray[SparseArray::SparseArray(int)].JML normal_behavior operation contract.0 
88775      DEBUG main            d.u.i.k.p.i.IntermediateProofReplayer Proof replay took 8ns 
92697      INFO  main            d.u.i.k.p.r.p.TestFile    ... finished proof: closed. 
92944      INFO  main            d.u.i.k.p.i.AbstractProblemLoader Loading environment from /home/runner/work/key/key/key.core/../key.ui/examples/heap/vacid0_01_SparseArray/SparseArray_SparseArray.key.proof 
92945      DEBUG main            d.u.i.k.p.i.AbstractProblemLoader Environment load took 596.33ns 
92947      INFO  main            d.u.i.k.p.i.AbstractProblemLoader Creating init config 
96262      DEBUG main            d.u.i.k.p.i.AbstractProblemLoader Init config took 3.32s 
96326      INFO  main            d.u.i.k.p.i.AbstractProblemLoader Replaying proof SparseArray[SparseArray::SparseArray(int)].JML normal_behavior operation contract.0 
96932      DEBUG main            d.u.i.k.p.i.IntermediateProofReplayer Proof replay took 593.83ms 
96934      DEBUG main            d.u.i.k.p.r.p.TestFile    ... success: reloaded. 
2600487    INFO  Test worker     d.u.i.k.p.r.RunAllProofsTestUnit Returning from test VACID0 
2600488    INFO  Test worker     d.u.i.k.p.r.RunAllProofsTestUnit Running test VSTTE10 
380        INFO  Timeout watchdog d.u.i.k.p.r.p.ForkedTestFileRunner Timeout watcher launched (2000 secs.) 
395        WARN  main            d.u.i.k.s.ProofSettings   The settings in /home/runner/.key/proof-settings.props are *not* read. 
451        INFO  main            d.u.i.k.p.r.p.TestFile    Now processing file /home/runner/work/key/key/key.core/../key.ui/examples/heap/vstte10_01_SumAndMax/SumAndMax_sumAndMax.key 
600        INFO  main            d.u.i.k.p.i.AbstractProblemLoader Loading environment from /home/runner/work/key/key/key.core/../key.ui/examples/heap/vstte10_01_SumAndMax/SumAndMax_sumAndMax.key 
620        DEBUG main            d.u.i.k.p.i.AbstractProblemLoader Environment load took 2.64ms 
894        INFO  main            d.u.i.k.p.i.AbstractProblemLoader Creating init config 
1945       DEBUG main            d.u.i.k.j.TypeConverter   No LDT found for Meta 
1946       DEBUG main            d.u.i.k.j.TypeConverter   No LDT found for Meta 
1947       DEBUG main            d.u.i.k.j.TypeConverter   No LDT found for Meta 
1947       DEBUG main            d.u.i.k.j.TypeConverter   No LDT found for Meta 
3537       DEBUG main            d.u.i.k.j.TypeConverter   No LDT found for JavaBigintExpression 
9430       DEBUG main            d.u.i.k.p.i.AbstractProblemLoader Init config took 8.54s 
9577       INFO  main            d.u.i.k.p.i.AbstractProblemLoader Replaying proof SumAndMax[SumAndMax::sumAndMax([I)].JML normal_behavior operation contract.0 
9621       DEBUG main            d.u.i.k.p.i.IntermediateProofReplayer Proof replay took 40ns 
16260      INFO  main            d.u.i.k.p.r.p.TestFile    ... finished proof: closed. 
16486      INFO  main            d.u.i.k.p.i.AbstractProblemLoader Loading environment from /home/runner/work/key/key/key.core/../key.ui/examples/heap/vstte10_01_SumAndMax/SumAndMax_sumAndMax.key.proof 
16486      DEBUG main            d.u.i.k.p.i.AbstractProblemLoader Environment load took 513.83ns 
16490      INFO  main            d.u.i.k.p.i.AbstractProblemLoader Creating init config 
19804      DEBUG main            d.u.i.k.p.i.AbstractProblemLoader Init config took 3.31s 
19884      INFO  main            d.u.i.k.p.i.AbstractProblemLoader Replaying proof SumAndMax[SumAndMax::sumAndMax([I)].JML normal_behavior operation contract.0 
20832      DEBUG main            d.u.i.k.p.i.IntermediateProofReplayer Proof replay took 923.49ms 
20846      DEBUG main            d.u.i.k.p.r.p.TestFile    ... success: reloaded. 
20851      INFO  main            d.u.i.k.p.r.p.TestFile    Now processing file /home/runner/work/key/key/key.core/../key.ui/examples/heap/vstte10_03_LinkedList/Node_cons.key 
20851      INFO  main            d.u.i.k.p.i.AbstractProblemLoader Loading environment from /home/runner/work/key/key/key.core/../key.ui/examples/heap/vstte10_03_LinkedList/Node_cons.key 
20852      DEBUG main            d.u.i.k.p.i.AbstractProblemLoader Environment load took 149.41ns 
20855      INFO  main            d.u.i.k.p.i.AbstractProblemLoader Creating init config 
24308      DEBUG main            d.u.i.k.p.i.AbstractProblemLoader Init config took 3.45s 
24379      INFO  main            d.u.i.k.p.i.AbstractProblemLoader Replaying proof Node[Node::cons(int,Node)].JML normal_behavior operation contract.0 
24383      DEBUG main            d.u.i.k.p.i.IntermediateProofReplayer Proof replay took 7.5ns 
26293      INFO  main            d.u.i.k.p.r.p.TestFile    ... finished proof: closed. 
26514      INFO  main            d.u.i.k.p.i.AbstractProblemLoader Loading environment from /home/runner/work/key/key/key.core/../key.ui/examples/heap/vstte10_03_LinkedList/Node_cons.key.proof 
26514      DEBUG main            d.u.i.k.p.i.AbstractProblemLoader Environment load took 242.51ns 
26516      INFO  main            d.u.i.k.p.i.AbstractProblemLoader Creating init config 
29824      DEBUG main            d.u.i.k.p.i.AbstractProblemLoader Init config took 3.31s 
29912      INFO  main            d.u.i.k.p.i.AbstractProblemLoader Replaying proof Node[Node::cons(int,Node)].JML normal_behavior operation contract.0 
30384      DEBUG main            d.u.i.k.p.i.IntermediateProofReplayer Proof replay took 456.27ms 
30386      DEBUG main            d.u.i.k.p.r.p.TestFile    ... success: reloaded. 
30389      INFO  main            d.u.i.k.p.r.p.TestFile    Now processing file /home/runner/work/key/key/key.core/../key.ui/examples/heap/vstte10_03_LinkedList/Node_inv.key 
30389      INFO  main            d.u.i.k.p.i.AbstractProblemLoader Loading environment from /home/runner/work/key/key/key.core/../key.ui/examples/heap/vstte10_03_LinkedList/Node_inv.key 
30389      DEBUG main            d.u.i.k.p.i.AbstractProblemLoader Environment load took 138.61ns 
30391      INFO  main            d.u.i.k.p.i.AbstractProblemLoader Creating init config 
33551      DEBUG main            d.u.i.k.p.i.AbstractProblemLoader Init config took 3.16s 
33617      INFO  main            d.u.i.k.p.i.AbstractProblemLoader Replaying proof Node[java.lang.Object::<inv>()].JML accessible clause.0 
33619      DEBUG main            d.u.i.k.p.i.IntermediateProofReplayer Proof replay took 7.3ns 
34035      INFO  main            d.u.i.k.p.r.p.TestFile    ... finished proof: closed. 
34194      INFO  main            d.u.i.k.p.i.AbstractProblemLoader Loading environment from /home/runner/work/key/key/key.core/../key.ui/examples/heap/vstte10_03_LinkedList/Node_inv.key.proof 
34194      DEBUG main            d.u.i.k.p.i.AbstractProblemLoader Environment load took 468.83ns 
34196      INFO  main            d.u.i.k.p.i.AbstractProblemLoader Creating init config 
37286      DEBUG main            d.u.i.k.p.i.AbstractProblemLoader Init config took 3.09s 
37363      INFO  main            d.u.i.k.p.i.AbstractProblemLoader Replaying proof Node[java.lang.Object::<inv>()].JML accessible clause.0 
37421      DEBUG main            d.u.i.k.p.i.IntermediateProofReplayer Proof replay took 52.89ms 
37422      DEBUG main            d.u.i.k.p.r.p.TestFile    ... success: reloaded. 
37424      INFO  main            d.u.i.k.p.r.p.TestFile    Now processing file /home/runner/work/key/key/key.core/../key.ui/examples/heap/vstte10_03_LinkedList/Node_search.key 
37424      INFO  main            d.u.i.k.p.i.AbstractProblemLoader Loading environment from /home/runner/work/key/key/key.core/../key.ui/examples/heap/vstte10_03_LinkedList/Node_search.key 
37425      DEBUG main            d.u.i.k.p.i.AbstractProblemLoader Environment load took 261.41ns 
37432      INFO  main            d.u.i.k.p.i.AbstractProblemLoader Creating init config 
40629      DEBUG main            d.u.i.k.p.i.AbstractProblemLoader Init config took 3.2s 
40692      INFO  main            d.u.i.k.p.i.AbstractProblemLoader Replaying proof Node[Node::search()].JML normal_behavior operation contract.0 
40694      DEBUG main            d.u.i.k.p.i.IntermediateProofReplayer Proof replay took 7.3ns 
48259      INFO  main            d.u.i.k.p.r.p.TestFile    ... finished proof: closed. 
48513      INFO  main            d.u.i.k.p.i.AbstractProblemLoader Loading environment from /home/runner/work/key/key/key.core/../key.ui/examples/heap/vstte10_03_LinkedList/Node_search.key.proof 
48513      DEBUG main            d.u.i.k.p.i.AbstractProblemLoader Environment load took 486.93ns 
48517      INFO  main            d.u.i.k.p.i.AbstractProblemLoader Creating init config 
51615      DEBUG main            d.u.i.k.p.i.AbstractProblemLoader Init config took 3.1s 
51709      INFO  main            d.u.i.k.p.i.AbstractProblemLoader Replaying proof Node[Node::search()].JML normal_behavior operation contract.0 
52545      DEBUG main            d.u.i.k.p.i.IntermediateProofReplayer Proof replay took 763.96ms 
52548      DEBUG main            d.u.i.k.p.r.p.TestFile    ... success: reloaded. 
52550      INFO  main            d.u.i.k.p.r.p.TestFile    Now processing file /home/runner/work/key/key/key.core/../key.ui/examples/heap/vstte10_04_Queens/Queens_isConsistent.key 
52550      INFO  main            d.u.i.k.p.i.AbstractProblemLoader Loading environment from /home/runner/work/key/key/key.core/../key.ui/examples/heap/vstte10_04_Queens/Queens_isConsistent.key 
52551      DEBUG main            d.u.i.k.p.i.AbstractProblemLoader Environment load took 250.31ns 
52552      INFO  main            d.u.i.k.p.i.AbstractProblemLoader Creating init config 
55908      DEBUG main            d.u.i.k.p.i.AbstractProblemLoader Init config took 3.36s 
55957      INFO  main            d.u.i.k.p.i.AbstractProblemLoader Replaying proof Queens[Queens::isConsistent([I,int)].JML normal_behavior operation contract.0 
55959      DEBUG main            d.u.i.k.p.i.IntermediateProofReplayer Proof replay took 7.2ns 
58116      INFO  main            d.u.i.k.p.r.p.TestFile    ... finished proof: closed. 
58374      INFO  main            d.u.i.k.p.i.AbstractProblemLoader Loading environment from /home/runner/work/key/key/key.core/../key.ui/examples/heap/vstte10_04_Queens/Queens_isConsistent.key.proof 
58375      DEBUG main            d.u.i.k.p.i.AbstractProblemLoader Environment load took 475.93ns 
58376      INFO  main            d.u.i.k.p.i.AbstractProblemLoader Creating init config 
61391      DEBUG main            d.u.i.k.p.i.AbstractProblemLoader Init config took 3.01s 
61445      INFO  main            d.u.i.k.p.i.AbstractProblemLoader Replaying proof Queens[Queens::isConsistent([I,int)].JML normal_behavior operation contract.0 
61953      DEBUG main            d.u.i.k.p.i.IntermediateProofReplayer Proof replay took 496.03ms 
61954      DEBUG main            d.u.i.k.p.r.p.TestFile    ... success: reloaded. 
61956      INFO  main            d.u.i.k.p.r.p.TestFile    Now processing file /home/runner/work/key/key/key.core/../key.ui/examples/heap/vstte10_04_Queens/Queens_nQueens.key 
61956      INFO  main            d.u.i.k.p.i.AbstractProblemLoader Loading environment from /home/runner/work/key/key/key.core/../key.ui/examples/heap/vstte10_04_Queens/Queens_nQueens.key 
61957      DEBUG main            d.u.i.k.p.i.AbstractProblemLoader Environment load took 283.22ns 
61958      INFO  main            d.u.i.k.p.i.AbstractProblemLoader Creating init config 
64978      DEBUG main            d.u.i.k.p.i.AbstractProblemLoader Init config took 3.02s 
65028      INFO  main            d.u.i.k.p.i.AbstractProblemLoader Replaying proof Queens[Queens::nQueens(int)].JML normal_behavior operation contract.0 
65031      DEBUG main            d.u.i.k.p.i.IntermediateProofReplayer Proof replay took 7.6ns 
80736      INFO  main            d.u.i.k.p.r.p.TestFile    ... finished proof: closed. 
81015      INFO  main            d.u.i.k.p.i.AbstractProblemLoader Loading environment from /home/runner/work/key/key/key.core/../key.ui/examples/heap/vstte10_04_Queens/Queens_nQueens.key.proof 
81016      DEBUG main            d.u.i.k.p.i.AbstractProblemLoader Environment load took 490.03ns 
81018      INFO  main            d.u.i.k.p.i.AbstractProblemLoader Creating init config 
84113      DEBUG main            d.u.i.k.p.i.AbstractProblemLoader Init config took 3.09s 
84168      INFO  main            d.u.i.k.p.i.AbstractProblemLoader Replaying proof Queens[Queens::nQueens(int)].JML normal_behavior operation contract.0 
85459      DEBUG main            d.u.i.k.p.i.IntermediateProofReplayer Proof replay took 1.27s 
85461      DEBUG main            d.u.i.k.p.r.p.TestFile    ... success: reloaded. 
85462      INFO  main            d.u.i.k.p.r.p.TestFile    Now processing file /home/runner/work/key/key/key.core/../key.ui/examples/heap/vstte10_05_Queue/AmortizedQueue_AmortizedQueue.key 
85462      INFO  main            d.u.i.k.p.i.AbstractProblemLoader Loading environment from /home/runner/work/key/key/key.core/../key.ui/examples/heap/vstte10_05_Queue/AmortizedQueue_AmortizedQueue.key 
85462      DEBUG main            d.u.i.k.p.i.AbstractProblemLoader Environment load took 76.4ns 
85463      INFO  main            d.u.i.k.p.i.AbstractProblemLoader Creating init config 
88782      DEBUG main            d.u.i.k.p.i.AbstractProblemLoader Init config took 3.32s 
88839      INFO  main            d.u.i.k.p.i.AbstractProblemLoader Replaying proof AmortizedQueue[AmortizedQueue::AmortizedQueue()].JML normal_behavior operation contract.0 
88841      DEBUG main            d.u.i.k.p.i.IntermediateProofReplayer Proof replay took 7.2ns 
90590      INFO  main            d.u.i.k.p.r.p.TestFile    ... finished proof: closed. 
90871      INFO  main            d.u.i.k.p.i.AbstractProblemLoader Loading environment from /home/runner/work/key/key/key.core/../key.ui/examples/heap/vstte10_05_Queue/AmortizedQueue_AmortizedQueue.key.proof 
90872      DEBUG main            d.u.i.k.p.i.AbstractProblemLoader Environment load took 557.93ns 
90873      INFO  main            d.u.i.k.p.i.AbstractProblemLoader Creating init config 
93955      DEBUG main            d.u.i.k.p.i.AbstractProblemLoader Init config took 3.08s 
94006      INFO  main            d.u.i.k.p.i.AbstractProblemLoader Replaying proof AmortizedQueue[AmortizedQueue::AmortizedQueue()].JML normal_behavior operation contract.0 
94271      DEBUG main            d.u.i.k.p.i.IntermediateProofReplayer Proof replay took 259.05ms 
94272      DEBUG main            d.u.i.k.p.r.p.TestFile    ... success: reloaded. 
94274      INFO  main            d.u.i.k.p.r.p.TestFile    Now processing file /home/runner/work/key/key/key.core/../key.ui/examples/heap/vstte10_05_Queue/AmortizedQueue_front.key 
94274      INFO  main            d.u.i.k.p.i.AbstractProblemLoader Loading environment from /home/runner/work/key/key/key.core/../key.ui/examples/heap/vstte10_05_Queue/AmortizedQueue_front.key 
94274      DEBUG main            d.u.i.k.p.i.AbstractProblemLoader Environment load took 112.41ns 
94275      INFO  main            d.u.i.k.p.i.AbstractProblemLoader Creating init config 
97391      DEBUG main            d.u.i.k.p.i.AbstractProblemLoader Init config took 3.12s 
97442      INFO  main            d.u.i.k.p.i.AbstractProblemLoader Replaying proof AmortizedQueue[AmortizedQueue::front()].JML normal_behavior operation contract.0 
97444      DEBUG main            d.u.i.k.p.i.IntermediateProofReplayer Proof replay took 6.7ns 
97949      INFO  main            d.u.i.k.p.r.p.TestFile    ... finished proof: closed. 
98199      INFO  main            d.u.i.k.p.i.AbstractProblemLoader Loading environment from /home/runner/work/key/key/key.core/../key.ui/examples/heap/vstte10_05_Queue/AmortizedQueue_front.key.proof 
98208      DEBUG main            d.u.i.k.p.i.AbstractProblemLoader Environment load took 8.66ms 
98209      INFO  main            d.u.i.k.p.i.AbstractProblemLoader Creating init config 
101309     DEBUG main            d.u.i.k.p.i.AbstractProblemLoader Init config took 3.1s 
101367     INFO  main            d.u.i.k.p.i.AbstractProblemLoader Replaying proof AmortizedQueue[AmortizedQueue::front()].JML normal_behavior operation contract.0 
101432     DEBUG main            d.u.i.k.p.i.IntermediateProofReplayer Proof replay took 61.94ms 
101433     DEBUG main            d.u.i.k.p.r.p.TestFile    ... success: reloaded. 
101434     INFO  main            d.u.i.k.p.r.p.TestFile    Now processing file /home/runner/work/key/key/key.core/../key.ui/examples/heap/vstte10_05_Queue/LinkedList_concat.key 
101435     INFO  main            d.u.i.k.p.i.AbstractProblemLoader Loading environment from /home/runner/work/key/key/key.core/../key.ui/examples/heap/vstte10_05_Queue/LinkedList_concat.key 
101435     DEBUG main            d.u.i.k.p.i.AbstractProblemLoader Environment load took 97.71ns 
101436     INFO  main            d.u.i.k.p.i.AbstractProblemLoader Creating init config 
104651     DEBUG main            d.u.i.k.p.i.AbstractProblemLoader Init config took 3.22s 
104712     INFO  main            d.u.i.k.p.i.AbstractProblemLoader Replaying proof LinkedList[LinkedList::concat(LinkedList)].JML normal_behavior operation contract.0 
104714     DEBUG main            d.u.i.k.p.i.IntermediateProofReplayer Proof replay took 7.5ns 
114684     INFO  main            d.u.i.k.p.r.p.TestFile    ... finished proof: closed. 
115003     INFO  main            d.u.i.k.p.i.AbstractProblemLoader Loading environment from /home/runner/work/key/key/key.core/../key.ui/examples/heap/vstte10_05_Queue/LinkedList_concat.key.proof 
115004     DEBUG main            d.u.i.k.p.i.AbstractProblemLoader Environment load took 499.93ns 
115007     INFO  main            d.u.i.k.p.i.AbstractProblemLoader Creating init config 
117996     DEBUG main            d.u.i.k.p.i.AbstractProblemLoader Init config took 2.99s 
118050     INFO  main            d.u.i.k.p.i.AbstractProblemLoader Replaying proof LinkedList[LinkedList::concat(LinkedList)].JML normal_behavior operation contract.0 
118995     DEBUG main            d.u.i.k.p.i.IntermediateProofReplayer Proof replay took 913.05ms 
118998     DEBUG main            d.u.i.k.p.r.p.TestFile    ... success: reloaded. 
118999     INFO  main            d.u.i.k.p.r.p.TestFile    Now processing file /home/runner/work/key/key/key.core/../key.ui/examples/heap/vstte10_05_Queue/LinkedList_cons.key 
119000     INFO  main            d.u.i.k.p.i.AbstractProblemLoader Loading environment from /home/runner/work/key/key/key.core/../key.ui/examples/heap/vstte10_05_Queue/LinkedList_cons.key 
119000     DEBUG main            d.u.i.k.p.i.AbstractProblemLoader Environment load took 119.01ns 
119001     INFO  main            d.u.i.k.p.i.AbstractProblemLoader Creating init config 
122017     DEBUG main            d.u.i.k.p.i.AbstractProblemLoader Init config took 3.02s 
122070     INFO  main            d.u.i.k.p.i.AbstractProblemLoader Replaying proof LinkedList[LinkedList::cons(int)].JML normal_behavior operation contract.0 
122072     DEBUG main            d.u.i.k.p.i.IntermediateProofReplayer Proof replay took 6.6ns 
124734     INFO  main            d.u.i.k.p.r.p.TestFile    ... finished proof: closed. 
125032     INFO  main            d.u.i.k.p.i.AbstractProblemLoader Loading environment from /home/runner/work/key/key/key.core/../key.ui/examples/heap/vstte10_05_Queue/LinkedList_cons.key.proof 
125032     DEBUG main            d.u.i.k.p.i.AbstractProblemLoader Environment load took 473.73ns 
125034     INFO  main            d.u.i.k.p.i.AbstractProblemLoader Creating init config 
128068     DEBUG main            d.u.i.k.p.i.AbstractProblemLoader Init config took 3.03s 
128124     INFO  main            d.u.i.k.p.i.AbstractProblemLoader Replaying proof LinkedList[LinkedList::cons(int)].JML normal_behavior operation contract.0 
128485     DEBUG main            d.u.i.k.p.i.IntermediateProofReplayer Proof replay took 343.67ms 
128486     DEBUG main            d.u.i.k.p.r.p.TestFile    ... success: reloaded. 
128487     INFO  main            d.u.i.k.p.r.p.TestFile    Now processing file /home/runner/work/key/key/key.core/../key.ui/examples/heap/vstte10_05_Queue/LinkedList_head.key 
128488     INFO  main            d.u.i.k.p.i.AbstractProblemLoader Loading environment from /home/runner/work/key/key/key.core/../key.ui/examples/heap/vstte10_05_Queue/LinkedList_head.key 
128488     DEBUG main            d.u.i.k.p.i.AbstractProblemLoader Environment load took 117.61ns 
128489     INFO  main            d.u.i.k.p.i.AbstractProblemLoader Creating init config 
131552     DEBUG main            d.u.i.k.p.i.AbstractProblemLoader Init config took 3.06s 
131606     INFO  main            d.u.i.k.p.i.AbstractProblemLoader Replaying proof LinkedList[LinkedList::head()].JML normal_behavior operation contract.0 
131609     DEBUG main            d.u.i.k.p.i.IntermediateProofReplayer Proof replay took 7.5ns 
131711     INFO  main            d.u.i.k.p.r.p.TestFile    ... finished proof: closed. 
131965     INFO  main            d.u.i.k.p.i.AbstractProblemLoader Loading environment from /home/runner/work/key/key/key.core/../key.ui/examples/heap/vstte10_05_Queue/LinkedList_head.key.proof 
131966     DEBUG main            d.u.i.k.p.i.AbstractProblemLoader Environment load took 136.61ns 
131967     INFO  main            d.u.i.k.p.i.AbstractProblemLoader Creating init config 
135041     DEBUG main            d.u.i.k.p.i.AbstractProblemLoader Init config took 3.07s 
135094     INFO  main            d.u.i.k.p.i.AbstractProblemLoader Replaying proof LinkedList[LinkedList::head()].JML normal_behavior operation contract.0 
135117     DEBUG main            d.u.i.k.p.i.IntermediateProofReplayer Proof replay took 16.34ms 
135119     DEBUG main            d.u.i.k.p.r.p.TestFile    ... success: reloaded. 
135121     INFO  main            d.u.i.k.p.r.p.TestFile    Now processing file /home/runner/work/key/key/key.core/../key.ui/examples/heap/vstte10_05_Queue/LinkedList_inv.key 
135121     INFO  main            d.u.i.k.p.i.AbstractProblemLoader Loading environment from /home/runner/work/key/key/key.core/../key.ui/examples/heap/vstte10_05_Queue/LinkedList_inv.key 
135122     DEBUG main            d.u.i.k.p.i.AbstractProblemLoader Environment load took 242.11ns 
135123     INFO  main            d.u.i.k.p.i.AbstractProblemLoader Creating init config 
138303     DEBUG main            d.u.i.k.p.i.AbstractProblemLoader Init config took 3.18s 
138361     INFO  main            d.u.i.k.p.i.AbstractProblemLoader Replaying proof LinkedList[java.lang.Object::<inv>()].JML accessible clause.0 
138363     DEBUG main            d.u.i.k.p.i.IntermediateProofReplayer Proof replay took 7.4ns 
138766     INFO  main            d.u.i.k.p.r.p.TestFile    ... finished proof: closed. 
139019     INFO  main            d.u.i.k.p.i.AbstractProblemLoader Loading environment from /home/runner/work/key/key/key.core/../key.ui/examples/heap/vstte10_05_Queue/LinkedList_inv.key.proof 
139019     DEBUG main            d.u.i.k.p.i.AbstractProblemLoader Environment load took 133.91ns 
139020     INFO  main            d.u.i.k.p.i.AbstractProblemLoader Creating init config 
142144     DEBUG main            d.u.i.k.p.i.AbstractProblemLoader Init config took 3.12s 
142203     INFO  main            d.u.i.k.p.i.AbstractProblemLoader Replaying proof LinkedList[java.lang.Object::<inv>()].JML accessible clause.0 
142242     DEBUG main            d.u.i.k.p.i.IntermediateProofReplayer Proof replay took 34.46ms 
142243     DEBUG main            d.u.i.k.p.r.p.TestFile    ... success: reloaded. 
142244     INFO  main            d.u.i.k.p.r.p.TestFile    Now processing file /home/runner/work/key/key/key.core/../key.ui/examples/heap/vstte10_05_Queue/LinkedList_length.key 
142245     INFO  main            d.u.i.k.p.i.AbstractProblemLoader Loading environment from /home/runner/work/key/key/key.core/../key.ui/examples/heap/vstte10_05_Queue/LinkedList_length.key 
142245     DEBUG main            d.u.i.k.p.i.AbstractProblemLoader Environment load took 148.21ns 
142246     INFO  main            d.u.i.k.p.i.AbstractProblemLoader Creating init config 
145528     DEBUG main            d.u.i.k.p.i.AbstractProblemLoader Init config took 3.28s 
145589     INFO  main            d.u.i.k.p.i.AbstractProblemLoader Replaying proof LinkedList[LinkedList::length()].JML normal_behavior operation contract.0 
145590     DEBUG main            d.u.i.k.p.i.IntermediateProofReplayer Proof replay took 7.7ns 
145692     INFO  main            d.u.i.k.p.r.p.TestFile    ... finished proof: closed. 
145977     INFO  main            d.u.i.k.p.i.AbstractProblemLoader Loading environment from /home/runner/work/key/key/key.core/../key.ui/examples/heap/vstte10_05_Queue/LinkedList_length.key.proof 
145977     DEBUG main            d.u.i.k.p.i.AbstractProblemLoader Environment load took 131.21ns 
145978     INFO  main            d.u.i.k.p.i.AbstractProblemLoader Creating init config 
149025     DEBUG main            d.u.i.k.p.i.AbstractProblemLoader Init config took 3.05s 
149077     INFO  main            d.u.i.k.p.i.AbstractProblemLoader Replaying proof LinkedList[LinkedList::length()].JML normal_behavior operation contract.0 
149095     DEBUG main            d.u.i.k.p.i.IntermediateProofReplayer Proof replay took 15.42ms 
149096     DEBUG main            d.u.i.k.p.r.p.TestFile    ... success: reloaded. 
149097     INFO  main            d.u.i.k.p.r.p.TestFile    Now processing file /home/runner/work/key/key/key.core/../key.ui/examples/heap/vstte10_05_Queue/LinkedList_LinkedList1.key 
149097     INFO  main            d.u.i.k.p.i.AbstractProblemLoader Loading environment from /home/runner/work/key/key/key.core/../key.ui/examples/heap/vstte10_05_Queue/LinkedList_LinkedList1.key 
149097     DEBUG main            d.u.i.k.p.i.AbstractProblemLoader Environment load took 146.01ns 
149098     INFO  main            d.u.i.k.p.i.AbstractProblemLoader Creating init config 
152222     DEBUG main            d.u.i.k.p.i.AbstractProblemLoader Init config took 3.12s 
152278     INFO  main            d.u.i.k.p.i.AbstractProblemLoader Replaying proof LinkedList[LinkedList::LinkedList(int,LinkedList)].JML normal_behavior operation contract.0 
152280     DEBUG main            d.u.i.k.p.i.IntermediateProofReplayer Proof replay took 7.1ns 
154593     INFO  main            d.u.i.k.p.r.p.TestFile    ... finished proof: closed. 
154910     INFO  main            d.u.i.k.p.i.AbstractProblemLoader Loading environment from /home/runner/work/key/key/key.core/../key.ui/examples/heap/vstte10_05_Queue/LinkedList_LinkedList1.key.proof 
154915     DEBUG main            d.u.i.k.p.i.AbstractProblemLoader Environment load took 5.09ms 
154917     INFO  main            d.u.i.k.p.i.AbstractProblemLoader Creating init config 
158030     DEBUG main            d.u.i.k.p.i.AbstractProblemLoader Init config took 3.11s 
158081     INFO  main            d.u.i.k.p.i.AbstractProblemLoader Replaying proof LinkedList[LinkedList::LinkedList(int,LinkedList)].JML normal_behavior operation contract.0 
158414     DEBUG main            d.u.i.k.p.i.IntermediateProofReplayer Proof replay took 325.91ms 
158416     DEBUG main            d.u.i.k.p.r.p.TestFile    ... success: reloaded. 
158418     INFO  main            d.u.i.k.p.r.p.TestFile    Now processing file /home/runner/work/key/key/key.core/../key.ui/examples/heap/vstte10_05_Queue/LinkedList_LinkedList2.key 
158418     INFO  main            d.u.i.k.p.i.AbstractProblemLoader Loading environment from /home/runner/work/key/key/key.core/../key.ui/examples/heap/vstte10_05_Queue/LinkedList_LinkedList2.key 
158418     DEBUG main            d.u.i.k.p.i.AbstractProblemLoader Environment load took 130.01ns 
158419     INFO  main            d.u.i.k.p.i.AbstractProblemLoader Creating init config 
161570     DEBUG main            d.u.i.k.p.i.AbstractProblemLoader Init config took 3.15s 
161630     INFO  main            d.u.i.k.p.i.AbstractProblemLoader Replaying proof LinkedList[LinkedList::LinkedList(int,LinkedList)].JML normal_behavior operation contract.0 
161632     DEBUG main            d.u.i.k.p.i.IntermediateProofReplayer Proof replay took 7.6ns 
163743     INFO  main            d.u.i.k.p.r.p.TestFile    ... finished proof: closed. 
164067     INFO  main            d.u.i.k.p.i.AbstractProblemLoader Loading environment from /home/runner/work/key/key/key.core/../key.ui/examples/heap/vstte10_05_Queue/LinkedList_LinkedList2.key.proof 
164070     DEBUG main            d.u.i.k.p.i.AbstractProblemLoader Environment load took 2.69ms 
164072     INFO  main            d.u.i.k.p.i.AbstractProblemLoader Creating init config 
167109     DEBUG main            d.u.i.k.p.i.AbstractProblemLoader Init config took 3.04s 
167162     INFO  main            d.u.i.k.p.i.AbstractProblemLoader Replaying proof LinkedList[LinkedList::LinkedList(int,LinkedList)].JML normal_behavior operation contract.0 
167487     DEBUG main            d.u.i.k.p.i.IntermediateProofReplayer Proof replay took 315.64ms 
167488     DEBUG main            d.u.i.k.p.r.p.TestFile    ... success: reloaded. 
167489     INFO  main            d.u.i.k.p.r.p.TestFile    Now processing file /home/runner/work/key/key/key.core/../key.ui/examples/heap/vstte10_05_Queue/LinkedList_LinkedList3.key 
167490     INFO  main            d.u.i.k.p.i.AbstractProblemLoader Loading environment from /home/runner/work/key/key/key.core/../key.ui/examples/heap/vstte10_05_Queue/LinkedList_LinkedList3.key 
167490     DEBUG main            d.u.i.k.p.i.AbstractProblemLoader Environment load took 95ns 
167491     INFO  main            d.u.i.k.p.i.AbstractProblemLoader Creating init config 
170589     DEBUG main            d.u.i.k.p.i.AbstractProblemLoader Init config took 3.1s 
170641     INFO  main            d.u.i.k.p.i.AbstractProblemLoader Replaying proof LinkedList[LinkedList::LinkedList(int,LinkedList)].JML normal_behavior operation contract.0 
170643     DEBUG main            d.u.i.k.p.i.IntermediateProofReplayer Proof replay took 7ns 
186744     INFO  main            d.u.i.k.p.r.p.TestFile    ... finished proof: closed. 
187144     INFO  main            d.u.i.k.p.i.AbstractProblemLoader Loading environment from /home/runner/work/key/key/key.core/../key.ui/examples/heap/vstte10_05_Queue/LinkedList_LinkedList3.key.proof 
187144     DEBUG main            d.u.i.k.p.i.AbstractProblemLoader Environment load took 255.81ns 
187151     INFO  main            d.u.i.k.p.i.AbstractProblemLoader Creating init config 
190272     DEBUG main            d.u.i.k.p.i.AbstractProblemLoader Init config took 3.12s 
190353     INFO  main            d.u.i.k.p.i.AbstractProblemLoader Replaying proof LinkedList[LinkedList::LinkedList(int,LinkedList)].JML normal_behavior operation contract.0 
191947     DEBUG main            d.u.i.k.p.i.IntermediateProofReplayer Proof replay took 1.49s 
191954     DEBUG main            d.u.i.k.p.r.p.TestFile    ... success: reloaded. 
191955     INFO  main            d.u.i.k.p.r.p.TestFile    Now processing file /home/runner/work/key/key/key.core/../key.ui/examples/heap/vstte10_05_Queue/LinkedList_reverse.key 
191956     INFO  main            d.u.i.k.p.i.AbstractProblemLoader Loading environment from /home/runner/work/key/key/key.core/../key.ui/examples/heap/vstte10_05_Queue/LinkedList_reverse.key 
191956     DEBUG main            d.u.i.k.p.i.AbstractProblemLoader Environment load took 87ns 
191957     INFO  main            d.u.i.k.p.i.AbstractProblemLoader Creating init config 
195151     DEBUG main            d.u.i.k.p.i.AbstractProblemLoader Init config took 3.19s 
195204     INFO  main            d.u.i.k.p.i.AbstractProblemLoader Replaying proof LinkedList[LinkedList::reverse()].JML normal_behavior operation contract.0 
195206     DEBUG main            d.u.i.k.p.i.IntermediateProofReplayer Proof replay took 7ns 
206127     INFO  main            d.u.i.k.p.r.p.TestFile    ... finished proof: closed. 
206517     INFO  main            d.u.i.k.p.i.AbstractProblemLoader Loading environment from /home/runner/work/key/key/key.core/../key.ui/examples/heap/vstte10_05_Queue/LinkedList_reverse.key.proof 
206518     DEBUG main            d.u.i.k.p.i.AbstractProblemLoader Environment load took 942.55ns 
206522     INFO  main            d.u.i.k.p.i.AbstractProblemLoader Creating init config 
209500     DEBUG main            d.u.i.k.p.i.AbstractProblemLoader Init config took 2.98s 
209553     INFO  main            d.u.i.k.p.i.AbstractProblemLoader Replaying proof LinkedList[LinkedList::reverse()].JML normal_behavior operation contract.0 
210471     DEBUG main            d.u.i.k.p.i.IntermediateProofReplayer Proof replay took 888.89ms 
210474     DEBUG main            d.u.i.k.p.r.p.TestFile    ... success: reloaded. 
210475     INFO  main            d.u.i.k.p.r.p.TestFile    Now processing file /home/runner/work/key/key/key.core/../key.ui/examples/heap/vstte10_05_Queue/LinkedList_tail.key 
210475     INFO  main            d.u.i.k.p.i.AbstractProblemLoader Loading environment from /home/runner/work/key/key/key.core/../key.ui/examples/heap/vstte10_05_Queue/LinkedList_tail.key 
210475     DEBUG main            d.u.i.k.p.i.AbstractProblemLoader Environment load took 91.2ns 
210476     INFO  main            d.u.i.k.p.i.AbstractProblemLoader Creating init config 
213618     DEBUG main            d.u.i.k.p.i.AbstractProblemLoader Init config took 3.14s 
213670     INFO  main            d.u.i.k.p.i.AbstractProblemLoader Replaying proof LinkedList[LinkedList::tail()].JML normal_behavior operation contract.0 
213672     DEBUG main            d.u.i.k.p.i.IntermediateProofReplayer Proof replay took 50.9ns 
214278     INFO  main            d.u.i.k.p.r.p.TestFile    ... finished proof: closed. 
214586     INFO  main            d.u.i.k.p.i.AbstractProblemLoader Loading environment from /home/runner/work/key/key/key.core/../key.ui/examples/heap/vstte10_05_Queue/LinkedList_tail.key.proof 
214587     DEBUG main            d.u.i.k.p.i.AbstractProblemLoader Environment load took 573.43ns 
214588     INFO  main            d.u.i.k.p.i.AbstractProblemLoader Creating init config 
217614     DEBUG main            d.u.i.k.p.i.AbstractProblemLoader Init config took 3.03s 
217668     INFO  main            d.u.i.k.p.i.AbstractProblemLoader Replaying proof LinkedList[LinkedList::tail()].JML normal_behavior operation contract.0 
217793     DEBUG main            d.u.i.k.p.i.IntermediateProofReplayer Proof replay took 121.98ms 
217794     DEBUG main            d.u.i.k.p.r.p.TestFile    ... success: reloaded. 
2818481    INFO  Test worker     d.u.i.k.p.r.RunAllProofsTestUnit Returning from test VSTTE10 
2818482    INFO  Test worker     d.u.i.k.p.r.RunAllProofsTestUnit Running test WeideEtAl 
400        INFO  Timeout watchdog d.u.i.k.p.r.p.ForkedTestFileRunner Timeout watcher launched (2000 secs.) 
428        WARN  main            d.u.i.k.s.ProofSettings   The settings in /home/runner/.key/proof-settings.props are *not* read. 
486        INFO  main            d.u.i.k.p.r.p.TestFile    Now processing file /home/runner/work/key/key/key.core/../key.ui/examples/heap/WeideEtAl_01_AddAndMultiply/AddAndMultiply_add.key 
688        INFO  main            d.u.i.k.p.i.AbstractProblemLoader Loading environment from /home/runner/work/key/key/key.core/../key.ui/examples/heap/WeideEtAl_01_AddAndMultiply/AddAndMultiply_add.key 
714        DEBUG main            d.u.i.k.p.i.AbstractProblemLoader Environment load took 2.59ms 
982        INFO  main            d.u.i.k.p.i.AbstractProblemLoader Creating init config 
2193       DEBUG main            d.u.i.k.j.TypeConverter   No LDT found for Meta 
2193       DEBUG main            d.u.i.k.j.TypeConverter   No LDT found for Meta 
2195       DEBUG main            d.u.i.k.j.TypeConverter   No LDT found for Meta 
2195       DEBUG main            d.u.i.k.j.TypeConverter   No LDT found for Meta 
3860       DEBUG main            d.u.i.k.j.TypeConverter   No LDT found for JavaBigintExpression 
10135      DEBUG main            d.u.i.k.p.i.AbstractProblemLoader Init config took 9.15s 
10333      INFO  main            d.u.i.k.p.i.AbstractProblemLoader Replaying proof AddAndMultiply[AddAndMultiply::add(int,int)].JML normal_behavior operation contract.0 
10374      DEBUG main            d.u.i.k.p.i.IntermediateProofReplayer Proof replay took 40.7ns 
12115      INFO  main            d.u.i.k.p.r.p.TestFile    ... finished proof: closed. 
12333      INFO  main            d.u.i.k.p.i.AbstractProblemLoader Loading environment from /home/runner/work/key/key/key.core/../key.ui/examples/heap/WeideEtAl_01_AddAndMultiply/AddAndMultiply_add.key.proof 
12334      DEBUG main            d.u.i.k.p.i.AbstractProblemLoader Environment load took 534.13ns 
12337      INFO  main            d.u.i.k.p.i.AbstractProblemLoader Creating init config 
15664      DEBUG main            d.u.i.k.p.i.AbstractProblemLoader Init config took 3.33s 
15736      INFO  main            d.u.i.k.p.i.AbstractProblemLoader Replaying proof AddAndMultiply[AddAndMultiply::add(int,int)].JML normal_behavior operation contract.0 
16076      DEBUG main            d.u.i.k.p.i.IntermediateProofReplayer Proof replay took 322.11ms 
16086      DEBUG main            d.u.i.k.p.r.p.TestFile    ... success: reloaded. 
16092      INFO  main            d.u.i.k.p.r.p.TestFile    Now processing file /home/runner/work/key/key/key.core/../key.ui/examples/heap/WeideEtAl_01_AddAndMultiply/AddAndMultiply_mul.key 
16092      INFO  main            d.u.i.k.p.i.AbstractProblemLoader Loading environment from /home/runner/work/key/key/key.core/../key.ui/examples/heap/WeideEtAl_01_AddAndMultiply/AddAndMultiply_mul.key 
16092      DEBUG main            d.u.i.k.p.i.AbstractProblemLoader Environment load took 166.01ns 
16096      INFO  main            d.u.i.k.p.i.AbstractProblemLoader Creating init config 
19414      DEBUG main            d.u.i.k.p.i.AbstractProblemLoader Init config took 3.32s 
19481      INFO  main            d.u.i.k.p.i.AbstractProblemLoader Replaying proof AddAndMultiply[AddAndMultiply::mul(int,int)].JML normal_behavior operation contract.0 
19487      DEBUG main            d.u.i.k.p.i.IntermediateProofReplayer Proof replay took 8.6ns 
20095      INFO  main            d.u.i.k.p.r.p.TestFile    ... finished proof: closed. 
20286      INFO  main            d.u.i.k.p.i.AbstractProblemLoader Loading environment from /home/runner/work/key/key/key.core/../key.ui/examples/heap/WeideEtAl_01_AddAndMultiply/AddAndMultiply_mul.key.proof 
20287      DEBUG main            d.u.i.k.p.i.AbstractProblemLoader Environment load took 1.45ms 
20290      INFO  main            d.u.i.k.p.i.AbstractProblemLoader Creating init config 
23431      DEBUG main            d.u.i.k.p.i.AbstractProblemLoader Init config took 3.14s 
23492      INFO  main            d.u.i.k.p.i.AbstractProblemLoader Replaying proof AddAndMultiply[AddAndMultiply::mul(int,int)].JML normal_behavior operation contract.0 
23632      DEBUG main            d.u.i.k.p.i.IntermediateProofReplayer Proof replay took 134.48ms 
23634      DEBUG main            d.u.i.k.p.r.p.TestFile    ... success: reloaded. 
23636      INFO  main            d.u.i.k.p.r.p.TestFile    Now processing file /home/runner/work/key/key/key.core/../key.ui/examples/heap/WeideEtAl_02_BinarySearch/BinarySearch_search.key 
23636      INFO  main            d.u.i.k.p.i.AbstractProblemLoader Loading environment from /home/runner/work/key/key/key.core/../key.ui/examples/heap/WeideEtAl_02_BinarySearch/BinarySearch_search.key 
23636      DEBUG main            d.u.i.k.p.i.AbstractProblemLoader Environment load took 259.11ns 
23638      INFO  main            d.u.i.k.p.i.AbstractProblemLoader Creating init config 
26772      DEBUG main            d.u.i.k.p.i.AbstractProblemLoader Init config took 3.13s 
26830      INFO  main            d.u.i.k.p.i.AbstractProblemLoader Replaying proof BinarySearch[BinarySearch::search([I,int)].JML normal_behavior operation contract.0 
26835      DEBUG main            d.u.i.k.p.i.IntermediateProofReplayer Proof replay took 8.2ns 
30402      INFO  main            d.u.i.k.p.r.p.TestFile    ... finished proof: closed. 
30694      INFO  main            d.u.i.k.p.i.AbstractProblemLoader Loading environment from /home/runner/work/key/key/key.core/../key.ui/examples/heap/WeideEtAl_02_BinarySearch/BinarySearch_search.key.proof 
30696      DEBUG main            d.u.i.k.p.i.AbstractProblemLoader Environment load took 2.54ms 
30701      INFO  main            d.u.i.k.p.i.AbstractProblemLoader Creating init config 
33722      DEBUG main            d.u.i.k.p.i.AbstractProblemLoader Init config took 3.02s 
33788      INFO  main            d.u.i.k.p.i.AbstractProblemLoader Replaying proof BinarySearch[BinarySearch::search([I,int)].JML normal_behavior operation contract.0 
34525      DEBUG main            d.u.i.k.p.i.IntermediateProofReplayer Proof replay took 713.87ms 
34529      DEBUG main            d.u.i.k.p.r.p.TestFile    ... success: reloaded. 
2853208    INFO  Test worker     d.u.i.k.p.r.RunAllProofsTestUnit Returning from test WeideEtAl 
2853210    INFO  Test worker     d.u.i.k.p.r.RunAllProofsTestUnit Running test arithmetic 
388        INFO  Timeout watchdog d.u.i.k.p.r.p.ForkedTestFileRunner Timeout watcher launched (2000 secs.) 
413        WARN  main            d.u.i.k.s.ProofSettings   The settings in /home/runner/.key/proof-settings.props are *not* read. 
447        INFO  main            d.u.i.k.p.r.p.TestFile    Now processing file /home/runner/work/key/key/key.core/../key.ui/examples/standard_key/arith/binomial1.key 
585        INFO  main            d.u.i.k.p.i.AbstractProblemLoader Loading environment from /home/runner/work/key/key/key.core/../key.ui/examples/standard_key/arith/binomial1.key 
611        DEBUG main            d.u.i.k.p.i.AbstractProblemLoader Environment load took 2.21ms 
939        INFO  main            d.u.i.k.p.i.AbstractProblemLoader Creating init config 
2031       DEBUG main            d.u.i.k.j.TypeConverter   No LDT found for Meta 
2032       DEBUG main            d.u.i.k.j.TypeConverter   No LDT found for Meta 
2034       DEBUG main            d.u.i.k.j.TypeConverter   No LDT found for Meta 
2035       DEBUG main            d.u.i.k.j.TypeConverter   No LDT found for Meta 
3582       DEBUG main            d.u.i.k.j.TypeConverter   No LDT found for JavaBigintExpression 
10029      DEBUG main            d.u.i.k.p.i.AbstractProblemLoader Init config took 9.09s 
10113      INFO  main            d.u.i.k.p.i.AbstractProblemLoader Replaying proof binomial1.key 
10162      DEBUG main            d.u.i.k.p.i.IntermediateProofReplayer Proof replay took 42.9ns 
10539      INFO  main            d.u.i.k.p.r.p.TestFile    ... finished proof: closed. 
10657      INFO  main            d.u.i.k.p.i.AbstractProblemLoader Loading environment from /home/runner/work/key/key/key.core/../key.ui/examples/standard_key/arith/binomial1.key.proof 
10661      DEBUG main            d.u.i.k.p.i.AbstractProblemLoader Environment load took 4.2ms 
10666      INFO  main            d.u.i.k.p.i.AbstractProblemLoader Creating init config 
14003      DEBUG main            d.u.i.k.p.i.AbstractProblemLoader Init config took 3.34s 
14035      INFO  main            d.u.i.k.p.i.AbstractProblemLoader Replaying proof binomial1.key.proof 
14060      DEBUG main            d.u.i.k.p.i.IntermediateProofReplayer Proof replay took 19.44ms 
14077      DEBUG main            d.u.i.k.p.r.p.TestFile    ... success: reloaded. 
14083      INFO  main            d.u.i.k.p.r.p.TestFile    Now processing file /home/runner/work/key/key/key.core/../key.ui/examples/standard_key/arith/binomial2.key 
14084      INFO  main            d.u.i.k.p.i.AbstractProblemLoader Loading environment from /home/runner/work/key/key/key.core/../key.ui/examples/standard_key/arith/binomial2.key 
14084      DEBUG main            d.u.i.k.p.i.AbstractProblemLoader Environment load took 347.12ns 
14089      INFO  main            d.u.i.k.p.i.AbstractProblemLoader Creating init config 
17431      DEBUG main            d.u.i.k.p.i.AbstractProblemLoader Init config took 3.34s 
17464      INFO  main            d.u.i.k.p.i.AbstractProblemLoader Replaying proof binomial2.key 
17468      DEBUG main            d.u.i.k.p.i.IntermediateProofReplayer Proof replay took 7.7ns 
17571      INFO  main            d.u.i.k.p.r.p.TestFile    ... finished proof: closed. 
17722      INFO  main            d.u.i.k.p.i.AbstractProblemLoader Loading environment from /home/runner/work/key/key/key.core/../key.ui/examples/standard_key/arith/binomial2.key.proof 
17723      DEBUG main            d.u.i.k.p.i.AbstractProblemLoader Environment load took 668.44ns 
17724      INFO  main            d.u.i.k.p.i.AbstractProblemLoader Creating init config 
20898      DEBUG main            d.u.i.k.p.i.AbstractProblemLoader Init config took 3.17s 
20924      INFO  main            d.u.i.k.p.i.AbstractProblemLoader Replaying proof binomial2.key.proof 
20947      DEBUG main            d.u.i.k.p.i.IntermediateProofReplayer Proof replay took 20.39ms 
20952      DEBUG main            d.u.i.k.p.r.p.TestFile    ... success: reloaded. 
20953      INFO  main            d.u.i.k.p.r.p.TestFile    Now processing file /home/runner/work/key/key/key.core/../key.ui/examples/standard_key/arith/check_jdiv.key 
20954      INFO  main            d.u.i.k.p.i.AbstractProblemLoader Loading environment from /home/runner/work/key/key/key.core/../key.ui/examples/standard_key/arith/check_jdiv.key 
20955      DEBUG main            d.u.i.k.p.i.AbstractProblemLoader Environment load took 180.01ns 
20956      INFO  main            d.u.i.k.p.i.AbstractProblemLoader Creating init config 
24055      DEBUG main            d.u.i.k.p.i.AbstractProblemLoader Init config took 3.1s 
24086      INFO  main            d.u.i.k.p.i.AbstractProblemLoader Replaying proof check_jdiv.key 
24094      DEBUG main            d.u.i.k.p.i.IntermediateProofReplayer Proof replay took 7.6ns 
29789      INFO  main            d.u.i.k.p.r.p.TestFile    ... finished proof: closed. 
30048      INFO  main            d.u.i.k.p.i.AbstractProblemLoader Loading environment from /home/runner/work/key/key/key.core/../key.ui/examples/standard_key/arith/check_jdiv.key.proof 
30048      DEBUG main            d.u.i.k.p.i.AbstractProblemLoader Environment load took 512.53ns 
30056      INFO  main            d.u.i.k.p.i.AbstractProblemLoader Creating init config 
33182      DEBUG main            d.u.i.k.p.i.AbstractProblemLoader Init config took 3.13s 
33207      INFO  main            d.u.i.k.p.i.AbstractProblemLoader Replaying proof check_jdiv.key.proof 
33631      DEBUG main            d.u.i.k.p.i.IntermediateProofReplayer Proof replay took 388.39ms 
33634      DEBUG main            d.u.i.k.p.r.p.TestFile    ... success: reloaded. 
33636      INFO  main            d.u.i.k.p.r.p.TestFile    Now processing file /home/runner/work/key/key/key.core/../key.ui/examples/standard_key/arith/check_jdiv_concrete.key 
33636      INFO  main            d.u.i.k.p.i.AbstractProblemLoader Loading environment from /home/runner/work/key/key/key.core/../key.ui/examples/standard_key/arith/check_jdiv_concrete.key 
33636      DEBUG main            d.u.i.k.p.i.AbstractProblemLoader Environment load took 244.01ns 
33638      INFO  main            d.u.i.k.p.i.AbstractProblemLoader Creating init config 
36694      DEBUG main            d.u.i.k.p.i.AbstractProblemLoader Init config took 3.06s 
36724      INFO  main            d.u.i.k.p.i.AbstractProblemLoader Replaying proof check_jdiv_concrete.key 
36729      DEBUG main            d.u.i.k.p.i.IntermediateProofReplayer Proof replay took 7.5ns 
36832      INFO  main            d.u.i.k.p.r.p.TestFile    ... finished proof: closed. 
37109      INFO  main            d.u.i.k.p.i.AbstractProblemLoader Loading environment from /home/runner/work/key/key/key.core/../key.ui/examples/standard_key/arith/check_jdiv_concrete.key.proof 
37109      DEBUG main            d.u.i.k.p.i.AbstractProblemLoader Environment load took 153.71ns 
37110      INFO  main            d.u.i.k.p.i.AbstractProblemLoader Creating init config 
40127      DEBUG main            d.u.i.k.p.i.AbstractProblemLoader Init config took 3.02s 
40152      INFO  main            d.u.i.k.p.i.AbstractProblemLoader Replaying proof check_jdiv_concrete.key.proof 
40158      DEBUG main            d.u.i.k.p.i.IntermediateProofReplayer Proof replay took 3.86ms 
40160      DEBUG main            d.u.i.k.p.r.p.TestFile    ... success: reloaded. 
40161      INFO  main            d.u.i.k.p.r.p.TestFile    Now processing file /home/runner/work/key/key/key.core/../key.ui/examples/standard_key/arith/check_jdiv_instantiated.key 
40162      INFO  main            d.u.i.k.p.i.AbstractProblemLoader Loading environment from /home/runner/work/key/key/key.core/../key.ui/examples/standard_key/arith/check_jdiv_instantiated.key 
40162      DEBUG main            d.u.i.k.p.i.AbstractProblemLoader Environment load took 258.51ns 
40164      INFO  main            d.u.i.k.p.i.AbstractProblemLoader Creating init config 
43275      DEBUG main            d.u.i.k.p.i.AbstractProblemLoader Init config took 3.11s 
43302      INFO  main            d.u.i.k.p.i.AbstractProblemLoader Replaying proof check_jdiv_instantiated.key 
43305      DEBUG main            d.u.i.k.p.i.IntermediateProofReplayer Proof replay took 7.3ns 
47073      INFO  main            d.u.i.k.p.r.p.TestFile    ... finished proof: closed. 
47323      INFO  main            d.u.i.k.p.i.AbstractProblemLoader Loading environment from /home/runner/work/key/key/key.core/../key.ui/examples/standard_key/arith/check_jdiv_instantiated.key.proof 
47324      DEBUG main            d.u.i.k.p.i.AbstractProblemLoader Environment load took 489.63ns 
47327      INFO  main            d.u.i.k.p.i.AbstractProblemLoader Creating init config 
50271      DEBUG main            d.u.i.k.p.i.AbstractProblemLoader Init config took 2.94s 
50295      INFO  main            d.u.i.k.p.i.AbstractProblemLoader Replaying proof check_jdiv_instantiated.key.proof 
50561      DEBUG main            d.u.i.k.p.i.IntermediateProofReplayer Proof replay took 243.91ms 
50564      DEBUG main            d.u.i.k.p.r.p.TestFile    ... success: reloaded. 
50566      INFO  main            d.u.i.k.p.r.p.TestFile    Now processing file /home/runner/work/key/key/key.core/../key.ui/examples/standard_key/arith/check_jmod.key 
50566      INFO  main            d.u.i.k.p.i.AbstractProblemLoader Loading environment from /home/runner/work/key/key/key.core/../key.ui/examples/standard_key/arith/check_jmod.key 
50567      DEBUG main            d.u.i.k.p.i.AbstractProblemLoader Environment load took 312.62ns 
50568      INFO  main            d.u.i.k.p.i.AbstractProblemLoader Creating init config 
53640      DEBUG main            d.u.i.k.p.i.AbstractProblemLoader Init config took 3.07s 
53663      INFO  main            d.u.i.k.p.i.AbstractProblemLoader Replaying proof check_jmod.key 
53666      DEBUG main            d.u.i.k.p.i.IntermediateProofReplayer Proof replay took 7.3ns 
54271      INFO  main            d.u.i.k.p.r.p.TestFile    ... finished proof: closed. 
54542      INFO  main            d.u.i.k.p.i.AbstractProblemLoader Loading environment from /home/runner/work/key/key/key.core/../key.ui/examples/standard_key/arith/check_jmod.key.proof 
54542      DEBUG main            d.u.i.k.p.i.AbstractProblemLoader Environment load took 490.83ns 
54544      INFO  main            d.u.i.k.p.i.AbstractProblemLoader Creating init config 
57584      DEBUG main            d.u.i.k.p.i.AbstractProblemLoader Init config took 3.04s 
57604      INFO  main            d.u.i.k.p.i.AbstractProblemLoader Replaying proof check_jmod.key.proof 
57656      DEBUG main            d.u.i.k.p.i.IntermediateProofReplayer Proof replay took 46.03ms 
57658      DEBUG main            d.u.i.k.p.r.p.TestFile    ... success: reloaded. 
57659      INFO  main            d.u.i.k.p.r.p.TestFile    Now processing file /home/runner/work/key/key/key.core/../key.ui/examples/standard_key/arith/complexExpressions.key 
57660      INFO  main            d.u.i.k.p.i.AbstractProblemLoader Loading environment from /home/runner/work/key/key/key.core/../key.ui/examples/standard_key/arith/complexExpressions.key 
57660      DEBUG main            d.u.i.k.p.i.AbstractProblemLoader Environment load took 244.31ns 
57661      INFO  main            d.u.i.k.p.i.AbstractProblemLoader Creating init config 
60688      DEBUG main            d.u.i.k.p.i.AbstractProblemLoader Init config took 3.03s 
60712      INFO  main            d.u.i.k.p.i.AbstractProblemLoader Replaying proof complexExpressions.key 
60714      DEBUG main            d.u.i.k.p.i.IntermediateProofReplayer Proof replay took 7.1ns 
60924      INFO  main            d.u.i.k.p.r.p.TestFile    ... finished proof: closed. 
61177      INFO  main            d.u.i.k.p.i.AbstractProblemLoader Loading environment from /home/runner/work/key/key/key.core/../key.ui/examples/standard_key/arith/complexExpressions.key.proof 
61177      DEBUG main            d.u.i.k.p.i.AbstractProblemLoader Environment load took 136.71ns 
61179      INFO  main            d.u.i.k.p.i.AbstractProblemLoader Creating init config 
64116      DEBUG main            d.u.i.k.p.i.AbstractProblemLoader Init config took 2.94s 
64140      INFO  main            d.u.i.k.p.i.AbstractProblemLoader Replaying proof complexExpressions.key.proof 
64165      DEBUG main            d.u.i.k.p.i.IntermediateProofReplayer Proof replay took 20.75ms 
64167      DEBUG main            d.u.i.k.p.r.p.TestFile    ... success: reloaded. 
64168      INFO  main            d.u.i.k.p.r.p.TestFile    Now processing file /home/runner/work/key/key/key.core/../key.ui/examples/standard_key/arith/compound_unaryMinus.key 
64168      INFO  main            d.u.i.k.p.i.AbstractProblemLoader Loading environment from /home/runner/work/key/key/key.core/../key.ui/examples/standard_key/arith/compound_unaryMinus.key 
64169      DEBUG main            d.u.i.k.p.i.AbstractProblemLoader Environment load took 263.31ns 
64170      INFO  main            d.u.i.k.p.i.AbstractProblemLoader Creating init config 
67215      DEBUG main            d.u.i.k.p.i.AbstractProblemLoader Init config took 3.04s 
67239      INFO  main            d.u.i.k.p.i.AbstractProblemLoader Replaying proof compound_unaryMinus.key 
67241      DEBUG main            d.u.i.k.p.i.IntermediateProofReplayer Proof replay took 8.1ns 
67347      INFO  main            d.u.i.k.p.r.p.TestFile    ... finished proof: closed. 
67555      INFO  main            d.u.i.k.p.i.AbstractProblemLoader Loading environment from /home/runner/work/key/key/key.core/../key.ui/examples/standard_key/arith/compound_unaryMinus.key.proof 
67556      DEBUG main            d.u.i.k.p.i.AbstractProblemLoader Environment load took 709.84ns 
67558      INFO  main            d.u.i.k.p.i.AbstractProblemLoader Creating init config 
70489      DEBUG main            d.u.i.k.p.i.AbstractProblemLoader Init config took 2.93s 
70510      INFO  main            d.u.i.k.p.i.AbstractProblemLoader Replaying proof compound_unaryMinus.key.proof 
70517      DEBUG main            d.u.i.k.p.i.IntermediateProofReplayer Proof replay took 4.72ms 
70518      DEBUG main            d.u.i.k.p.r.p.TestFile    ... success: reloaded. 
70519      INFO  main            d.u.i.k.p.r.p.TestFile    Now processing file /home/runner/work/key/key/key.core/../key.ui/examples/standard_key/arith/computation.key 
70519      INFO  main            d.u.i.k.p.i.AbstractProblemLoader Loading environment from /home/runner/work/key/key/key.core/../key.ui/examples/standard_key/arith/computation.key 
70520      DEBUG main            d.u.i.k.p.i.AbstractProblemLoader Environment load took 254.91ns 
70521      INFO  main            d.u.i.k.p.i.AbstractProblemLoader Creating init config 
73532      DEBUG main            d.u.i.k.p.i.AbstractProblemLoader Init config took 3.01s 
73553      INFO  main            d.u.i.k.p.i.AbstractProblemLoader Replaying proof computation.key 
73555      DEBUG main            d.u.i.k.p.i.IntermediateProofReplayer Proof replay took 6.9ns 
75394      INFO  main            d.u.i.k.p.r.p.TestFile    ... finished proof: closed. 
75668      INFO  main            d.u.i.k.p.i.AbstractProblemLoader Loading environment from /home/runner/work/key/key/key.core/../key.ui/examples/standard_key/arith/computation.key.proof 
75670      DEBUG main            d.u.i.k.p.i.AbstractProblemLoader Environment load took 1.97ms 
75678      INFO  main            d.u.i.k.p.i.AbstractProblemLoader Creating init config 
78680      DEBUG main            d.u.i.k.p.i.AbstractProblemLoader Init config took 3s 
78701      INFO  main            d.u.i.k.p.i.AbstractProblemLoader Replaying proof computation.key.proof 
78874      DEBUG main            d.u.i.k.p.i.IntermediateProofReplayer Proof replay took 166.65ms 
78876      DEBUG main            d.u.i.k.p.r.p.TestFile    ... success: reloaded. 
78877      INFO  main            d.u.i.k.p.r.p.TestFile    Now processing file /home/runner/work/key/key/key.core/../key.ui/examples/standard_key/arith/cubicSum.key 
78878      INFO  main            d.u.i.k.p.i.AbstractProblemLoader Loading environment from /home/runner/work/key/key/key.core/../key.ui/examples/standard_key/arith/cubicSum.key 
78878      DEBUG main            d.u.i.k.p.i.AbstractProblemLoader Environment load took 243.81ns 
78880      INFO  main            d.u.i.k.p.i.AbstractProblemLoader Creating init config 
82010      DEBUG main            d.u.i.k.p.i.AbstractProblemLoader Init config took 3.13s 
82031      INFO  main            d.u.i.k.p.i.AbstractProblemLoader Replaying proof cubicSum.key 
82033      DEBUG main            d.u.i.k.p.i.IntermediateProofReplayer Proof replay took 7.8ns 
83072      INFO  main            d.u.i.k.p.r.p.TestFile    ... finished proof: closed. 
83380      INFO  main            d.u.i.k.p.i.AbstractProblemLoader Loading environment from /home/runner/work/key/key/key.core/../key.ui/examples/standard_key/arith/cubicSum.key.proof 
83382      DEBUG main            d.u.i.k.p.i.AbstractProblemLoader Environment load took 2.03ms 
83384      INFO  main            d.u.i.k.p.i.AbstractProblemLoader Creating init config 
86468      DEBUG main            d.u.i.k.p.i.AbstractProblemLoader Init config took 3.08s 
86488      INFO  main            d.u.i.k.p.i.AbstractProblemLoader Replaying proof cubicSum.key.proof 
86688      DEBUG main            d.u.i.k.p.i.IntermediateProofReplayer Proof replay took 196.39ms 
86690      DEBUG main            d.u.i.k.p.r.p.TestFile    ... success: reloaded. 
86691      INFO  main            d.u.i.k.p.r.p.TestFile    Now processing file /home/runner/work/key/key/key.core/../key.ui/examples/standard_key/arith/divByZero.key 
86692      INFO  main            d.u.i.k.p.i.AbstractProblemLoader Loading environment from /home/runner/work/key/key/key.core/../key.ui/examples/standard_key/arith/divByZero.key 
86692      DEBUG main            d.u.i.k.p.i.AbstractProblemLoader Environment load took 240.31ns 
86693      INFO  main            d.u.i.k.p.i.AbstractProblemLoader Creating init config 
89680      DEBUG main            d.u.i.k.p.i.AbstractProblemLoader Init config took 2.99s 
89698      INFO  main            d.u.i.k.p.i.AbstractProblemLoader Replaying proof divByZero.key 
89701      DEBUG main            d.u.i.k.p.i.IntermediateProofReplayer Proof replay took 7.1ns 
89904      INFO  main            d.u.i.k.p.r.p.TestFile    ... finished proof: closed. 
90154      INFO  main            d.u.i.k.p.i.AbstractProblemLoader Loading environment from /home/runner/work/key/key/key.core/../key.ui/examples/standard_key/arith/divByZero.key.proof 
90154      DEBUG main            d.u.i.k.p.i.AbstractProblemLoader Environment load took 142.11ns 
90155      INFO  main            d.u.i.k.p.i.AbstractProblemLoader Creating init config 
93068      DEBUG main            d.u.i.k.p.i.AbstractProblemLoader Init config took 2.91s 
93087      INFO  main            d.u.i.k.p.i.AbstractProblemLoader Replaying proof divByZero.key.proof 
93130      DEBUG main            d.u.i.k.p.i.IntermediateProofReplayer Proof replay took 39.96ms 
93131      DEBUG main            d.u.i.k.p.r.p.TestFile    ... success: reloaded. 
93132      INFO  main            d.u.i.k.p.r.p.TestFile    Now processing file /home/runner/work/key/key/key.core/../key.ui/examples/standard_key/arith/divisionAssoc.key 
93132      INFO  main            d.u.i.k.p.i.AbstractProblemLoader Loading environment from /home/runner/work/key/key/key.core/../key.ui/examples/standard_key/arith/divisionAssoc.key 
93132      DEBUG main            d.u.i.k.p.i.AbstractProblemLoader Environment load took 130.01ns 
93133      INFO  main            d.u.i.k.p.i.AbstractProblemLoader Creating init config 
96117      DEBUG main            d.u.i.k.p.i.AbstractProblemLoader Init config took 2.98s 
96134      INFO  main            d.u.i.k.p.i.AbstractProblemLoader Replaying proof divisionAssoc.key 
96138      DEBUG main            d.u.i.k.p.i.IntermediateProofReplayer Proof replay took 7.2ns 
97043      INFO  main            d.u.i.k.p.r.p.TestFile    ... finished proof: closed. 
97376      INFO  main            d.u.i.k.p.i.AbstractProblemLoader Loading environment from /home/runner/work/key/key/key.core/../key.ui/examples/standard_key/arith/divisionAssoc.key.proof 
97376      DEBUG main            d.u.i.k.p.i.AbstractProblemLoader Environment load took 513.13ns 
97378      INFO  main            d.u.i.k.p.i.AbstractProblemLoader Creating init config 
100344     DEBUG main            d.u.i.k.p.i.AbstractProblemLoader Init config took 2.97s 
100361     INFO  main            d.u.i.k.p.i.AbstractProblemLoader Replaying proof divisionAssoc.key.proof 
100413     DEBUG main            d.u.i.k.p.i.IntermediateProofReplayer Proof replay took 46.17ms 
100414     DEBUG main            d.u.i.k.p.r.p.TestFile    ... success: reloaded. 
100416     INFO  main            d.u.i.k.p.r.p.TestFile    Now processing file /home/runner/work/key/key/key.core/../key.ui/examples/standard_key/arith/divisionBy2.key 
100416     INFO  main            d.u.i.k.p.i.AbstractProblemLoader Loading environment from /home/runner/work/key/key/key.core/../key.ui/examples/standard_key/arith/divisionBy2.key 
100416     DEBUG main            d.u.i.k.p.i.AbstractProblemLoader Environment load took 240.71ns 
100418     INFO  main            d.u.i.k.p.i.AbstractProblemLoader Creating init config 
103327     DEBUG main            d.u.i.k.p.i.AbstractProblemLoader Init config took 2.91s 
103344     INFO  main            d.u.i.k.p.i.AbstractProblemLoader Replaying proof divisionBy2.key 
103346     DEBUG main            d.u.i.k.p.i.IntermediateProofReplayer Proof replay took 7.4ns 
103451     INFO  main            d.u.i.k.p.r.p.TestFile    ... finished proof: closed. 
103712     INFO  main            d.u.i.k.p.i.AbstractProblemLoader Loading environment from /home/runner/work/key/key/key.core/../key.ui/examples/standard_key/arith/divisionBy2.key.proof 
103712     DEBUG main            d.u.i.k.p.i.AbstractProblemLoader Environment load took 135.21ns 
103714     INFO  main            d.u.i.k.p.i.AbstractProblemLoader Creating init config 
106776     DEBUG main            d.u.i.k.p.i.AbstractProblemLoader Init config took 3.06s 
106793     INFO  main            d.u.i.k.p.i.AbstractProblemLoader Replaying proof divisionBy2.key.proof 
106802     DEBUG main            d.u.i.k.p.i.IntermediateProofReplayer Proof replay took 6.34ms 
106804     DEBUG main            d.u.i.k.p.r.p.TestFile    ... success: reloaded. 
106805     INFO  main            d.u.i.k.p.r.p.TestFile    Now processing file /home/runner/work/key/key/key.core/../key.ui/examples/standard_key/arith/euclidean/gcdHelp-post.key 
106805     INFO  main            d.u.i.k.p.i.AbstractProblemLoader Loading environment from /home/runner/work/key/key/key.core/../key.ui/examples/standard_key/arith/euclidean/gcdHelp-post.key 
106805     DEBUG main            d.u.i.k.p.i.AbstractProblemLoader Environment load took 242.51ns 
106807     INFO  main            d.u.i.k.p.i.AbstractProblemLoader Creating init config 
109955     DEBUG main            d.u.i.k.p.i.AbstractProblemLoader Init config took 3.15s 
109974     INFO  main            d.u.i.k.p.i.AbstractProblemLoader Replaying proof gcdHelp-post.key 
109976     DEBUG main            d.u.i.k.p.i.IntermediateProofReplayer Proof replay took 6.8ns 
113620     INFO  main            d.u.i.k.p.r.p.TestFile    ... finished proof: closed. 
113902     INFO  main            d.u.i.k.p.i.AbstractProblemLoader Loading environment from /home/runner/work/key/key/key.core/../key.ui/examples/standard_key/arith/euclidean/gcdHelp-post.key.proof 
113902     DEBUG main            d.u.i.k.p.i.AbstractProblemLoader Environment load took 622.63ns 
113905     INFO  main            d.u.i.k.p.i.AbstractProblemLoader Creating init config 
116954     DEBUG main            d.u.i.k.p.i.AbstractProblemLoader Init config took 3.05s 
116974     INFO  main            d.u.i.k.p.i.AbstractProblemLoader Replaying proof gcdHelp-post.key.proof 
117262     DEBUG main            d.u.i.k.p.i.IntermediateProofReplayer Proof replay took 276.43ms 
117264     DEBUG main            d.u.i.k.p.r.p.TestFile    ... success: reloaded. 
117265     INFO  main            d.u.i.k.p.r.p.TestFile    Now processing file /home/runner/work/key/key/key.core/../key.ui/examples/standard_key/arith/gemplusDecimal/add.key 
117266     INFO  main            d.u.i.k.p.i.AbstractProblemLoader Loading environment from /home/runner/work/key/key/key.core/../key.ui/examples/standard_key/arith/gemplusDecimal/add.key 
117266     DEBUG main            d.u.i.k.p.i.AbstractProblemLoader Environment load took 240.41ns 
117268     INFO  main            d.u.i.k.p.i.AbstractProblemLoader Creating init config 
120357     DEBUG main            d.u.i.k.p.i.AbstractProblemLoader Init config took 3.09s 
120396     INFO  main            d.u.i.k.p.i.AbstractProblemLoader Replaying proof add.key 
120398     DEBUG main            d.u.i.k.p.i.IntermediateProofReplayer Proof replay took 7.4ns 
169547     INFO  main            d.u.i.k.p.r.p.TestFile    ... finished proof: closed. 
169981     INFO  main            d.u.i.k.p.i.AbstractProblemLoader Loading environment from /home/runner/work/key/key/key.core/../key.ui/examples/standard_key/arith/gemplusDecimal/add.key.proof 
169982     DEBUG main            d.u.i.k.p.i.AbstractProblemLoader Environment load took 253.41ns 
169993     INFO  main            d.u.i.k.p.i.AbstractProblemLoader Creating init config 
173009     DEBUG main            d.u.i.k.p.i.AbstractProblemLoader Init config took 3.02s 
173030     INFO  main            d.u.i.k.p.i.AbstractProblemLoader Replaying proof add.key.proof 
177753     DEBUG main            d.u.i.k.p.i.IntermediateProofReplayer Proof replay took 4.6s 
177763     DEBUG main            d.u.i.k.p.r.p.TestFile    ... success: reloaded. 
177764     INFO  main            d.u.i.k.p.r.p.TestFile    Now processing file /home/runner/work/key/key/key.core/../key.ui/examples/standard_key/arith/jdivevenodd.key 
177764     INFO  main            d.u.i.k.p.i.AbstractProblemLoader Loading environment from /home/runner/work/key/key/key.core/../key.ui/examples/standard_key/arith/jdivevenodd.key 
177764     DEBUG main            d.u.i.k.p.i.AbstractProblemLoader Environment load took 114.11ns 
177766     INFO  main            d.u.i.k.p.i.AbstractProblemLoader Creating init config 
180746     DEBUG main            d.u.i.k.p.i.AbstractProblemLoader Init config took 2.98s 
180763     INFO  main            d.u.i.k.p.i.AbstractProblemLoader Replaying proof jdivevenodd.key 
180765     DEBUG main            d.u.i.k.p.i.IntermediateProofReplayer Proof replay took 7.4ns 
180972     INFO  main            d.u.i.k.p.r.p.TestFile    ... finished proof: closed. 
181403     INFO  main            d.u.i.k.p.i.AbstractProblemLoader Loading environment from /home/runner/work/key/key/key.core/../key.ui/examples/standard_key/arith/jdivevenodd.key.proof 
181403     DEBUG main            d.u.i.k.p.i.AbstractProblemLoader Environment load took 131.81ns 
181405     INFO  main            d.u.i.k.p.i.AbstractProblemLoader Creating init config 
184280     DEBUG main            d.u.i.k.p.i.AbstractProblemLoader Init config took 2.88s 
184297     INFO  main            d.u.i.k.p.i.AbstractProblemLoader Replaying proof jdivevenodd.key.proof 
184315     DEBUG main            d.u.i.k.p.i.IntermediateProofReplayer Proof replay took 15.96ms 
184316     DEBUG main            d.u.i.k.p.r.p.TestFile    ... success: reloaded. 
184318     INFO  main            d.u.i.k.p.r.p.TestFile    Now processing file /home/runner/work/key/key/key.core/../key.ui/examples/standard_key/arith/median.key 
184318     INFO  main            d.u.i.k.p.i.AbstractProblemLoader Loading environment from /home/runner/work/key/key/key.core/../key.ui/examples/standard_key/arith/median.key 
184318     DEBUG main            d.u.i.k.p.i.AbstractProblemLoader Environment load took 107.31ns 
184319     INFO  main            d.u.i.k.p.i.AbstractProblemLoader Creating init config 
187218     DEBUG main            d.u.i.k.p.i.AbstractProblemLoader Init config took 2.9s 
187237     INFO  main            d.u.i.k.p.i.AbstractProblemLoader Replaying proof median.key 
187239     DEBUG main            d.u.i.k.p.i.IntermediateProofReplayer Proof replay took 6.4ns 
205986     INFO  main            d.u.i.k.p.r.p.TestFile    ... finished proof: closed. 
206400     INFO  main            d.u.i.k.p.i.AbstractProblemLoader Loading environment from /home/runner/work/key/key/key.core/../key.ui/examples/standard_key/arith/median.key.proof 
206400     DEBUG main            d.u.i.k.p.i.AbstractProblemLoader Environment load took 325.52ns 
206405     INFO  main            d.u.i.k.p.i.AbstractProblemLoader Creating init config 
209509     DEBUG main            d.u.i.k.p.i.AbstractProblemLoader Init config took 3.1s 
209533     INFO  main            d.u.i.k.p.i.AbstractProblemLoader Replaying proof median.key.proof 
211019     DEBUG main            d.u.i.k.p.i.IntermediateProofReplayer Proof replay took 1.41s 
211023     DEBUG main            d.u.i.k.p.r.p.TestFile    ... success: reloaded. 
211024     INFO  main            d.u.i.k.p.r.p.TestFile    Now processing file /home/runner/work/key/key/key.core/../key.ui/examples/standard_key/arith/mod1.key 
211024     INFO  main            d.u.i.k.p.i.AbstractProblemLoader Loading environment from /home/runner/work/key/key/key.core/../key.ui/examples/standard_key/arith/mod1.key 
211024     DEBUG main            d.u.i.k.p.i.AbstractProblemLoader Environment load took 111.61ns 
211025     INFO  main            d.u.i.k.p.i.AbstractProblemLoader Creating init config 
214069     DEBUG main            d.u.i.k.p.i.AbstractProblemLoader Init config took 3.04s 
214085     INFO  main            d.u.i.k.p.i.AbstractProblemLoader Replaying proof mod1.key 
214087     DEBUG main            d.u.i.k.p.i.IntermediateProofReplayer Proof replay took 6.5ns 
214191     INFO  main            d.u.i.k.p.r.p.TestFile    ... finished proof: closed. 
214563     INFO  main            d.u.i.k.p.i.AbstractProblemLoader Loading environment from /home/runner/work/key/key/key.core/../key.ui/examples/standard_key/arith/mod1.key.proof 
214563     DEBUG main            d.u.i.k.p.i.AbstractProblemLoader Environment load took 127.41ns 
214564     INFO  main            d.u.i.k.p.i.AbstractProblemLoader Creating init config 
217458     DEBUG main            d.u.i.k.p.i.AbstractProblemLoader Init config took 2.89s 
217475     INFO  main            d.u.i.k.p.i.AbstractProblemLoader Replaying proof mod1.key.proof 
217479     DEBUG main            d.u.i.k.p.i.IntermediateProofReplayer Proof replay took 2.59ms 
217481     DEBUG main            d.u.i.k.p.r.p.TestFile    ... success: reloaded. 
217482     INFO  main            d.u.i.k.p.r.p.TestFile    Now processing file /home/runner/work/key/key/key.core/../key.ui/examples/standard_key/arith/mod2.key 
217482     INFO  main            d.u.i.k.p.i.AbstractProblemLoader Loading environment from /home/runner/work/key/key/key.core/../key.ui/examples/standard_key/arith/mod2.key 
217482     DEBUG main            d.u.i.k.p.i.AbstractProblemLoader Environment load took 245.61ns 
217484     INFO  main            d.u.i.k.p.i.AbstractProblemLoader Creating init config 
220439     DEBUG main            d.u.i.k.p.i.AbstractProblemLoader Init config took 2.95s 
220455     INFO  main            d.u.i.k.p.i.AbstractProblemLoader Replaying proof mod2.key 
220457     DEBUG main            d.u.i.k.p.i.IntermediateProofReplayer Proof replay took 6.5ns 
220560     INFO  main            d.u.i.k.p.r.p.TestFile    ... finished proof: closed. 
220838     INFO  main            d.u.i.k.p.i.AbstractProblemLoader Loading environment from /home/runner/work/key/key/key.core/../key.ui/examples/standard_key/arith/mod2.key.proof 
220838     DEBUG main            d.u.i.k.p.i.AbstractProblemLoader Environment load took 125.91ns 
220839     INFO  main            d.u.i.k.p.i.AbstractProblemLoader Creating init config 
223739     DEBUG main            d.u.i.k.p.i.AbstractProblemLoader Init config took 2.9s 
223755     INFO  main            d.u.i.k.p.i.AbstractProblemLoader Replaying proof mod2.key.proof 
223759     DEBUG main            d.u.i.k.p.i.IntermediateProofReplayer Proof replay took 1.72ms 
223760     DEBUG main            d.u.i.k.p.r.p.TestFile    ... success: reloaded. 
223761     INFO  main            d.u.i.k.p.r.p.TestFile    Now processing file /home/runner/work/key/key/key.core/../key.ui/examples/standard_key/arith/mod7.key 
223761     INFO  main            d.u.i.k.p.i.AbstractProblemLoader Loading environment from /home/runner/work/key/key/key.core/../key.ui/examples/standard_key/arith/mod7.key 
223761     DEBUG main            d.u.i.k.p.i.AbstractProblemLoader Environment load took 98ns 
223762     INFO  main            d.u.i.k.p.i.AbstractProblemLoader Creating init config 
226673     DEBUG main            d.u.i.k.p.i.AbstractProblemLoader Init config took 2.91s 
226712     INFO  main            d.u.i.k.p.i.AbstractProblemLoader Replaying proof mod7.key 
226715     DEBUG main            d.u.i.k.p.i.IntermediateProofReplayer Proof replay took 7.4ns 
226817     INFO  main            d.u.i.k.p.r.p.TestFile    ... finished proof: closed. 
227101     INFO  main            d.u.i.k.p.i.AbstractProblemLoader Loading environment from /home/runner/work/key/key/key.core/../key.ui/examples/standard_key/arith/mod7.key.proof 
227101     DEBUG main            d.u.i.k.p.i.AbstractProblemLoader Environment load took 123.94ns 
227102     INFO  main            d.u.i.k.p.i.AbstractProblemLoader Creating init config 
230013     DEBUG main            d.u.i.k.p.i.AbstractProblemLoader Init config took 2.91s 
230029     INFO  main            d.u.i.k.p.i.AbstractProblemLoader Replaying proof mod7.key.proof 
230042     DEBUG main            d.u.i.k.p.i.IntermediateProofReplayer Proof replay took 6.94ms 
230043     DEBUG main            d.u.i.k.p.r.p.TestFile    ... success: reloaded. 
230044     INFO  main            d.u.i.k.p.r.p.TestFile    Now processing file /home/runner/work/key/key/key.core/../key.ui/examples/standard_key/arith/overflow_hija.key 
230044     INFO  main            d.u.i.k.p.i.AbstractProblemLoader Loading environment from /home/runner/work/key/key/key.core/../key.ui/examples/standard_key/arith/overflow_hija.key 
230044     DEBUG main            d.u.i.k.p.i.AbstractProblemLoader Environment load took 68.6ns 
230046     INFO  main            d.u.i.k.p.i.AbstractProblemLoader Creating init config 
233022     DEBUG main            d.u.i.k.p.i.AbstractProblemLoader Init config took 2.98s 
233043     INFO  main            d.u.i.k.p.i.AbstractProblemLoader Replaying proof overflow_hija.key 
233045     DEBUG main            d.u.i.k.p.i.IntermediateProofReplayer Proof replay took 7.4ns 
238506     INFO  main            d.u.i.k.p.r.p.TestFile    ... finished proof: closed. 
238870     INFO  main            d.u.i.k.p.i.AbstractProblemLoader Loading environment from /home/runner/work/key/key/key.core/../key.ui/examples/standard_key/arith/overflow_hija.key.proof 
238871     DEBUG main            d.u.i.k.p.i.AbstractProblemLoader Environment load took 517.74ns 
238873     INFO  main            d.u.i.k.p.i.AbstractProblemLoader Creating init config 
241717     DEBUG main            d.u.i.k.p.i.AbstractProblemLoader Init config took 2.84s 
241738     INFO  main            d.u.i.k.p.i.AbstractProblemLoader Replaying proof overflow_hija.key.proof 
242163     DEBUG main            d.u.i.k.p.i.IntermediateProofReplayer Proof replay took 415.11ms 
242166     DEBUG main            d.u.i.k.p.r.p.TestFile    ... success: reloaded. 
242167     INFO  main            d.u.i.k.p.r.p.TestFile    Now processing file /home/runner/work/key/key/key.core/../key.ui/examples/standard_key/arith/poly_division0.key 
242168     INFO  main            d.u.i.k.p.i.AbstractProblemLoader Loading environment from /home/runner/work/key/key/key.core/../key.ui/examples/standard_key/arith/poly_division0.key 
242168     DEBUG main            d.u.i.k.p.i.AbstractProblemLoader Environment load took 268.11ns 
242169     INFO  main            d.u.i.k.p.i.AbstractProblemLoader Creating init config 
245165     DEBUG main            d.u.i.k.p.i.AbstractProblemLoader Init config took 3s 
245214     INFO  main            d.u.i.k.p.i.AbstractProblemLoader Replaying proof poly_division0.key 
245222     DEBUG main            d.u.i.k.p.i.IntermediateProofReplayer Proof replay took 8.4ns 
245327     INFO  main            d.u.i.k.p.r.p.TestFile    ... finished proof: closed. 
245664     INFO  main            d.u.i.k.p.i.AbstractProblemLoader Loading environment from /home/runner/work/key/key/key.core/../key.ui/examples/standard_key/arith/poly_division0.key.proof 
245664     DEBUG main            d.u.i.k.p.i.AbstractProblemLoader Environment load took 125.41ns 
245666     INFO  main            d.u.i.k.p.i.AbstractProblemLoader Creating init config 
248514     DEBUG main            d.u.i.k.p.i.AbstractProblemLoader Init config took 2.85s 
248531     INFO  main            d.u.i.k.p.i.AbstractProblemLoader Replaying proof poly_division0.key.proof 
248543     DEBUG main            d.u.i.k.p.i.IntermediateProofReplayer Proof replay took 9.62ms 
248544     DEBUG main            d.u.i.k.p.r.p.TestFile    ... success: reloaded. 
248545     INFO  main            d.u.i.k.p.r.p.TestFile    Now processing file /home/runner/work/key/key/key.core/../key.ui/examples/standard_key/arith/poly_division1.key 
248545     INFO  main            d.u.i.k.p.i.AbstractProblemLoader Loading environment from /home/runner/work/key/key/key.core/../key.ui/examples/standard_key/arith/poly_division1.key 
248545     DEBUG main            d.u.i.k.p.i.AbstractProblemLoader Environment load took 100.31ns 
248546     INFO  main            d.u.i.k.p.i.AbstractProblemLoader Creating init config 
251465     DEBUG main            d.u.i.k.p.i.AbstractProblemLoader Init config took 2.92s 
251486     INFO  main            d.u.i.k.p.i.AbstractProblemLoader Replaying proof poly_division1.key 
251488     DEBUG main            d.u.i.k.p.i.IntermediateProofReplayer Proof replay took 8.1ns 
251591     INFO  main            d.u.i.k.p.r.p.TestFile    ... finished proof: closed. 
251906     INFO  main            d.u.i.k.p.i.AbstractProblemLoader Loading environment from /home/runner/work/key/key/key.core/../key.ui/examples/standard_key/arith/poly_division1.key.proof 
251906     DEBUG main            d.u.i.k.p.i.AbstractProblemLoader Environment load took 132.71ns 
251908     INFO  main            d.u.i.k.p.i.AbstractProblemLoader Creating init config 
254801     DEBUG main            d.u.i.k.p.i.AbstractProblemLoader Init config took 2.89s 
254819     INFO  main            d.u.i.k.p.i.AbstractProblemLoader Replaying proof poly_division1.key.proof 
254829     DEBUG main            d.u.i.k.p.i.IntermediateProofReplayer Proof replay took 8.03ms 
254830     DEBUG main            d.u.i.k.p.r.p.TestFile    ... success: reloaded. 
254831     INFO  main            d.u.i.k.p.r.p.TestFile    Now processing file /home/runner/work/key/key/key.core/../key.ui/examples/standard_key/inEqSimp/division.key 
254831     INFO  main            d.u.i.k.p.i.AbstractProblemLoader Loading environment from /home/runner/work/key/key/key.core/../key.ui/examples/standard_key/inEqSimp/division.key 
254831     DEBUG main            d.u.i.k.p.i.AbstractProblemLoader Environment load took 104.21ns 
254832     INFO  main            d.u.i.k.p.i.AbstractProblemLoader Creating init config 
257787     DEBUG main            d.u.i.k.p.i.AbstractProblemLoader Init config took 2.95s 
257804     INFO  main            d.u.i.k.p.i.AbstractProblemLoader Replaying proof division.key 
257806     DEBUG main            d.u.i.k.p.i.IntermediateProofReplayer Proof replay took 7.7ns 
260238     INFO  main            d.u.i.k.p.r.p.TestFile    ... finished proof: closed. 
260583     INFO  main            d.u.i.k.p.i.AbstractProblemLoader Loading environment from /home/runner/work/key/key/key.core/../key.ui/examples/standard_key/inEqSimp/division.key.proof 
260584     DEBUG main            d.u.i.k.p.i.AbstractProblemLoader Environment load took 1.03ms 
260586     INFO  main            d.u.i.k.p.i.AbstractProblemLoader Creating init config 
263388     DEBUG main            d.u.i.k.p.i.AbstractProblemLoader Init config took 2.8s 
263405     INFO  main            d.u.i.k.p.i.AbstractProblemLoader Replaying proof division.key.proof 
263490     DEBUG main            d.u.i.k.p.i.IntermediateProofReplayer Proof replay took 76.18ms 
263492     DEBUG main            d.u.i.k.p.r.p.TestFile    ... success: reloaded. 
263493     INFO  main            d.u.i.k.p.r.p.TestFile    Now processing file /home/runner/work/key/key/key.core/../key.ui/examples/standard_key/inEqSimp/inequations0.key 
263493     INFO  main            d.u.i.k.p.i.AbstractProblemLoader Loading environment from /home/runner/work/key/key/key.core/../key.ui/examples/standard_key/inEqSimp/inequations0.key 
263494     DEBUG main            d.u.i.k.p.i.AbstractProblemLoader Environment load took 235.22ns 
263495     INFO  main            d.u.i.k.p.i.AbstractProblemLoader Creating init config 
266325     DEBUG main            d.u.i.k.p.i.AbstractProblemLoader Init config took 2.83s 
266341     INFO  main            d.u.i.k.p.i.AbstractProblemLoader Replaying proof inequations0.key 
266343     DEBUG main            d.u.i.k.p.i.IntermediateProofReplayer Proof replay took 41.4ns 
266445     INFO  main            d.u.i.k.p.r.p.TestFile    ... finished proof: closed. 
266796     INFO  main            d.u.i.k.p.i.AbstractProblemLoader Loading environment from /home/runner/work/key/key/key.core/../key.ui/examples/standard_key/inEqSimp/inequations0.key.proof 
266796     DEBUG main            d.u.i.k.p.i.AbstractProblemLoader Environment load took 121.51ns 
266797     INFO  main            d.u.i.k.p.i.AbstractProblemLoader Creating init config 
269620     DEBUG main            d.u.i.k.p.i.AbstractProblemLoader Init config took 2.82s 
269638     INFO  main            d.u.i.k.p.i.AbstractProblemLoader Replaying proof inequations0.key.proof 
269643     DEBUG main            d.u.i.k.p.i.IntermediateProofReplayer Proof replay took 2.5ms 
269644     DEBUG main            d.u.i.k.p.r.p.TestFile    ... success: reloaded. 
269645     INFO  main            d.u.i.k.p.r.p.TestFile    Now processing file /home/runner/work/key/key/key.core/../key.ui/examples/standard_key/inEqSimp/inequations1.key 
269646     INFO  main            d.u.i.k.p.i.AbstractProblemLoader Loading environment from /home/runner/work/key/key/key.core/../key.ui/examples/standard_key/inEqSimp/inequations1.key 
269646     DEBUG main            d.u.i.k.p.i.AbstractProblemLoader Environment load took 363.52ns 
269647     INFO  main            d.u.i.k.p.i.AbstractProblemLoader Creating init config 
272508     DEBUG main            d.u.i.k.p.i.AbstractProblemLoader Init config took 2.86s 
272524     INFO  main            d.u.i.k.p.i.AbstractProblemLoader Replaying proof inequations1.key 
272526     DEBUG main            d.u.i.k.p.i.IntermediateProofReplayer Proof replay took 3.1ns 
272631     INFO  main            d.u.i.k.p.r.p.TestFile    ... finished proof: closed. 
272960     INFO  main            d.u.i.k.p.i.AbstractProblemLoader Loading environment from /home/runner/work/key/key/key.core/../key.ui/examples/standard_key/inEqSimp/inequations1.key.proof 
272960     DEBUG main            d.u.i.k.p.i.AbstractProblemLoader Environment load took 113.81ns 
272961     INFO  main            d.u.i.k.p.i.AbstractProblemLoader Creating init config 
275887     DEBUG main            d.u.i.k.p.i.AbstractProblemLoader Init config took 2.93s 
275904     INFO  main            d.u.i.k.p.i.AbstractProblemLoader Replaying proof inequations1.key.proof 
275907     DEBUG main            d.u.i.k.p.i.IntermediateProofReplayer Proof replay took 1.55ms 
275908     DEBUG main            d.u.i.k.p.r.p.TestFile    ... success: reloaded. 
275909     INFO  main            d.u.i.k.p.r.p.TestFile    Now processing file /home/runner/work/key/key/key.core/../key.ui/examples/standard_key/inEqSimp/inequations2.key 
275909     INFO  main            d.u.i.k.p.i.AbstractProblemLoader Loading environment from /home/runner/work/key/key/key.core/../key.ui/examples/standard_key/inEqSimp/inequations2.key 
275909     DEBUG main            d.u.i.k.p.i.AbstractProblemLoader Environment load took 60.3ns 
275910     INFO  main            d.u.i.k.p.i.AbstractProblemLoader Creating init config 
278741     DEBUG main            d.u.i.k.p.i.AbstractProblemLoader Init config took 2.83s 
278757     INFO  main            d.u.i.k.p.i.AbstractProblemLoader Replaying proof inequations2.key 
278758     DEBUG main            d.u.i.k.p.i.IntermediateProofReplayer Proof replay took 3.5ns 
278860     INFO  main            d.u.i.k.p.r.p.TestFile    ... finished proof: closed. 
279193     INFO  main            d.u.i.k.p.i.AbstractProblemLoader Loading environment from /home/runner/work/key/key/key.core/../key.ui/examples/standard_key/inEqSimp/inequations2.key.proof 
279193     DEBUG main            d.u.i.k.p.i.AbstractProblemLoader Environment load took 112.91ns 
279194     INFO  main            d.u.i.k.p.i.AbstractProblemLoader Creating init config 
282135     DEBUG main            d.u.i.k.p.i.AbstractProblemLoader Init config took 2.94s 
282152     INFO  main            d.u.i.k.p.i.AbstractProblemLoader Replaying proof inequations2.key.proof 
282156     DEBUG main            d.u.i.k.p.i.IntermediateProofReplayer Proof replay took 1.79ms 
282157     DEBUG main            d.u.i.k.p.r.p.TestFile    ... success: reloaded. 
282158     INFO  main            d.u.i.k.p.r.p.TestFile    Now processing file /home/runner/work/key/key/key.core/../key.ui/examples/standard_key/inEqSimp/linApprox.key 
282159     INFO  main            d.u.i.k.p.i.AbstractProblemLoader Loading environment from /home/runner/work/key/key/key.core/../key.ui/examples/standard_key/inEqSimp/linApprox.key 
282159     DEBUG main            d.u.i.k.p.i.AbstractProblemLoader Environment load took 232.62ns 
282160     INFO  main            d.u.i.k.p.i.AbstractProblemLoader Creating init config 
285109     DEBUG main            d.u.i.k.p.i.AbstractProblemLoader Init config took 2.95s 
285125     INFO  main            d.u.i.k.p.i.AbstractProblemLoader Replaying proof linApprox.key 
285127     DEBUG main            d.u.i.k.p.i.IntermediateProofReplayer Proof replay took 3.5ns 
285232     INFO  main            d.u.i.k.p.r.p.TestFile    ... finished proof: closed. 
285567     INFO  main            d.u.i.k.p.i.AbstractProblemLoader Loading environment from /home/runner/work/key/key/key.core/../key.ui/examples/standard_key/inEqSimp/linApprox.key.proof 
285567     DEBUG main            d.u.i.k.p.i.AbstractProblemLoader Environment load took 108.01ns 
285568     INFO  main            d.u.i.k.p.i.AbstractProblemLoader Creating init config 
288433     DEBUG main            d.u.i.k.p.i.AbstractProblemLoader Init config took 2.87s 
288450     INFO  main            d.u.i.k.p.i.AbstractProblemLoader Replaying proof linApprox.key.proof 
288455     DEBUG main            d.u.i.k.p.i.IntermediateProofReplayer Proof replay took 2.97ms 
288456     DEBUG main            d.u.i.k.p.r.p.TestFile    ... success: reloaded. 
288456     INFO  main            d.u.i.k.p.r.p.TestFile    Now processing file /home/runner/work/key/key/key.core/../key.ui/examples/standard_key/inEqSimp/nonLinInEqExample0.key 
288457     INFO  main            d.u.i.k.p.i.AbstractProblemLoader Loading environment from /home/runner/work/key/key/key.core/../key.ui/examples/standard_key/inEqSimp/nonLinInEqExample0.key 
288457     DEBUG main            d.u.i.k.p.i.AbstractProblemLoader Environment load took 88.71ns 
288458     INFO  main            d.u.i.k.p.i.AbstractProblemLoader Creating init config 
291338     DEBUG main            d.u.i.k.p.i.AbstractProblemLoader Init config took 2.88s 
291354     INFO  main            d.u.i.k.p.i.AbstractProblemLoader Replaying proof nonLinInEqExample0.key 
291356     DEBUG main            d.u.i.k.p.i.IntermediateProofReplayer Proof replay took 3.3ns 
291458     INFO  main            d.u.i.k.p.r.p.TestFile    ... finished proof: closed. 
291807     INFO  main            d.u.i.k.p.i.AbstractProblemLoader Loading environment from /home/runner/work/key/key/key.core/../key.ui/examples/standard_key/inEqSimp/nonLinInEqExample0.key.proof 
291807     DEBUG main            d.u.i.k.p.i.AbstractProblemLoader Environment load took 126.01ns 
291808     INFO  main            d.u.i.k.p.i.AbstractProblemLoader Creating init config 
294702     DEBUG main            d.u.i.k.p.i.AbstractProblemLoader Init config took 2.89s 
294718     INFO  main            d.u.i.k.p.i.AbstractProblemLoader Replaying proof nonLinInEqExample0.key.proof 
294720     DEBUG main            d.u.i.k.p.i.IntermediateProofReplayer Proof replay took 1ms 
294721     DEBUG main            d.u.i.k.p.r.p.TestFile    ... success: reloaded. 
294722     INFO  main            d.u.i.k.p.r.p.TestFile    Now processing file /home/runner/work/key/key/key.core/../key.ui/examples/standard_key/inEqSimp/nonLinInEqExample2.key 
294722     INFO  main            d.u.i.k.p.i.AbstractProblemLoader Loading environment from /home/runner/work/key/key/key.core/../key.ui/examples/standard_key/inEqSimp/nonLinInEqExample2.key 
294722     DEBUG main            d.u.i.k.p.i.AbstractProblemLoader Environment load took 139.21ns 
294723     INFO  main            d.u.i.k.p.i.AbstractProblemLoader Creating init config 
297642     DEBUG main            d.u.i.k.p.i.AbstractProblemLoader Init config took 2.92s 
297677     INFO  main            d.u.i.k.p.i.AbstractProblemLoader Replaying proof nonLinInEqExample2.key 
297679     DEBUG main            d.u.i.k.p.i.IntermediateProofReplayer Proof replay took 3.4ns 
297984     INFO  main            d.u.i.k.p.r.p.TestFile    ... finished proof: closed. 
298347     INFO  main            d.u.i.k.p.i.AbstractProblemLoader Loading environment from /home/runner/work/key/key/key.core/../key.ui/examples/standard_key/inEqSimp/nonLinInEqExample2.key.proof 
298347     DEBUG main            d.u.i.k.p.i.AbstractProblemLoader Environment load took 115.91ns 
298349     INFO  main            d.u.i.k.p.i.AbstractProblemLoader Creating init config 
301185     DEBUG main            d.u.i.k.p.i.AbstractProblemLoader Init config took 2.84s 
301201     INFO  main            d.u.i.k.p.i.AbstractProblemLoader Replaying proof nonLinInEqExample2.key.proof 
301234     DEBUG main            d.u.i.k.p.i.IntermediateProofReplayer Proof replay took 29.1ms 
301235     DEBUG main            d.u.i.k.p.r.p.TestFile    ... success: reloaded. 
301236     INFO  main            d.u.i.k.p.r.p.TestFile    Now processing file /home/runner/work/key/key/key.core/../key.ui/examples/standard_key/inEqSimp/nonLinInEqExample3.key 
301236     INFO  main            d.u.i.k.p.i.AbstractProblemLoader Loading environment from /home/runner/work/key/key/key.core/../key.ui/examples/standard_key/inEqSimp/nonLinInEqExample3.key 
301236     DEBUG main            d.u.i.k.p.i.AbstractProblemLoader Environment load took 102.21ns 
301237     INFO  main            d.u.i.k.p.i.AbstractProblemLoader Creating init config 
304120     DEBUG main            d.u.i.k.p.i.AbstractProblemLoader Init config took 2.88s 
304137     INFO  main            d.u.i.k.p.i.AbstractProblemLoader Replaying proof nonLinInEqExample3.key 
304138     DEBUG main            d.u.i.k.p.i.IntermediateProofReplayer Proof replay took 3.3ns 
304341     INFO  main            d.u.i.k.p.r.p.TestFile    ... finished proof: closed. 
304708     INFO  main            d.u.i.k.p.i.AbstractProblemLoader Loading environment from /home/runner/work/key/key/key.core/../key.ui/examples/standard_key/inEqSimp/nonLinInEqExample3.key.proof 
304708     DEBUG main            d.u.i.k.p.i.AbstractProblemLoader Environment load took 110.81ns 
304710     INFO  main            d.u.i.k.p.i.AbstractProblemLoader Creating init config 
307562     DEBUG main            d.u.i.k.p.i.AbstractProblemLoader Init config took 2.85s 
307581     INFO  main            d.u.i.k.p.i.AbstractProblemLoader Replaying proof nonLinInEqExample3.key.proof 
307604     DEBUG main            d.u.i.k.p.i.IntermediateProofReplayer Proof replay took 20.04ms 
307605     DEBUG main            d.u.i.k.p.r.p.TestFile    ... success: reloaded. 
307606     INFO  main            d.u.i.k.p.r.p.TestFile    Now processing file /home/runner/work/key/key/key.core/../key.ui/examples/standard_key/inEqSimp/nonLinInEqExample4.key 
307607     INFO  main            d.u.i.k.p.i.AbstractProblemLoader Loading environment from /home/runner/work/key/key/key.core/../key.ui/examples/standard_key/inEqSimp/nonLinInEqExample4.key 
307607     DEBUG main            d.u.i.k.p.i.AbstractProblemLoader Environment load took 253.21ns 
307608     INFO  main            d.u.i.k.p.i.AbstractProblemLoader Creating init config 
310569     DEBUG main            d.u.i.k.p.i.AbstractProblemLoader Init config took 2.96s 
310584     INFO  main            d.u.i.k.p.i.AbstractProblemLoader Replaying proof nonLinInEqExample4.key 
310586     DEBUG main            d.u.i.k.p.i.IntermediateProofReplayer Proof replay took 2.7ns 
310691     INFO  main            d.u.i.k.p.r.p.TestFile    ... finished proof: closed. 
311056     INFO  main            d.u.i.k.p.i.AbstractProblemLoader Loading environment from /home/runner/work/key/key/key.core/../key.ui/examples/standard_key/inEqSimp/nonLinInEqExample4.key.proof 
311056     DEBUG main            d.u.i.k.p.i.AbstractProblemLoader Environment load took 123.31ns 
311057     INFO  main            d.u.i.k.p.i.AbstractProblemLoader Creating init config 
313937     DEBUG main            d.u.i.k.p.i.AbstractProblemLoader Init config took 2.88s 
313953     INFO  main            d.u.i.k.p.i.AbstractProblemLoader Replaying proof nonLinInEqExample4.key.proof 
313959     DEBUG main            d.u.i.k.p.i.IntermediateProofReplayer Proof replay took 4.03ms 
313960     DEBUG main            d.u.i.k.p.r.p.TestFile    ... success: reloaded. 
313961     INFO  main            d.u.i.k.p.r.p.TestFile    Now processing file /home/runner/work/key/key/key.core/../key.ui/examples/standard_key/inEqSimp/quadraticInEq.key 
313961     INFO  main            d.u.i.k.p.i.AbstractProblemLoader Loading environment from /home/runner/work/key/key/key.core/../key.ui/examples/standard_key/inEqSimp/quadraticInEq.key 
313961     DEBUG main            d.u.i.k.p.i.AbstractProblemLoader Environment load took 52.7ns 
313963     INFO  main            d.u.i.k.p.i.AbstractProblemLoader Creating init config 
316763     DEBUG main            d.u.i.k.p.i.AbstractProblemLoader Init config took 2.8s 
316779     INFO  main            d.u.i.k.p.i.AbstractProblemLoader Replaying proof quadraticInEq.key 
316780     DEBUG main            d.u.i.k.p.i.IntermediateProofReplayer Proof replay took 3.6ns 
317185     INFO  main            d.u.i.k.p.r.p.TestFile    ... finished proof: closed. 
317581     INFO  main            d.u.i.k.p.i.AbstractProblemLoader Loading environment from /home/runner/work/key/key/key.core/../key.ui/examples/standard_key/inEqSimp/quadraticInEq.key.proof 
317581     DEBUG main            d.u.i.k.p.i.AbstractProblemLoader Environment load took 112.81ns 
317583     INFO  main            d.u.i.k.p.i.AbstractProblemLoader Creating init config 
320386     DEBUG main            d.u.i.k.p.i.AbstractProblemLoader Init config took 2.8s 
320403     INFO  main            d.u.i.k.p.i.AbstractProblemLoader Replaying proof quadraticInEq.key.proof 
320448     DEBUG main            d.u.i.k.p.i.IntermediateProofReplayer Proof replay took 39.99ms 
320449     DEBUG main            d.u.i.k.p.r.p.TestFile    ... success: reloaded. 
320450     INFO  main            d.u.i.k.p.r.p.TestFile    Now processing file /home/runner/work/key/key/key.core/../key.ui/examples/standard_key/inEqSimp/quadraticInEq10.key 
320450     INFO  main            d.u.i.k.p.i.AbstractProblemLoader Loading environment from /home/runner/work/key/key/key.core/../key.ui/examples/standard_key/inEqSimp/quadraticInEq10.key 
320450     DEBUG main            d.u.i.k.p.i.AbstractProblemLoader Environment load took 102.61ns 
320452     INFO  main            d.u.i.k.p.i.AbstractProblemLoader Creating init config 
323232     DEBUG main            d.u.i.k.p.i.AbstractProblemLoader Init config took 2.78s 
323247     INFO  main            d.u.i.k.p.i.AbstractProblemLoader Replaying proof quadraticInEq10.key 
323249     DEBUG main            d.u.i.k.p.i.IntermediateProofReplayer Proof replay took 3.5ns 
323455     INFO  main            d.u.i.k.p.r.p.TestFile    ... finished proof: closed. 
323862     INFO  main            d.u.i.k.p.i.AbstractProblemLoader Loading environment from /home/runner/work/key/key/key.core/../key.ui/examples/standard_key/inEqSimp/quadraticInEq10.key.proof 
323862     DEBUG main            d.u.i.k.p.i.AbstractProblemLoader Environment load took 112.41ns 
323864     INFO  main            d.u.i.k.p.i.AbstractProblemLoader Creating init config 
326646     DEBUG main            d.u.i.k.p.i.AbstractProblemLoader Init config took 2.78s 
326661     INFO  main            d.u.i.k.p.i.AbstractProblemLoader Replaying proof quadraticInEq10.key.proof 
326678     DEBUG main            d.u.i.k.p.i.IntermediateProofReplayer Proof replay took 13.82ms 
326679     DEBUG main            d.u.i.k.p.r.p.TestFile    ... success: reloaded. 
326680     INFO  main            d.u.i.k.p.r.p.TestFile    Now processing file /home/runner/work/key/key/key.core/../key.ui/examples/standard_key/inEqSimp/quadraticInEq13.key 
326680     INFO  main            d.u.i.k.p.i.AbstractProblemLoader Loading environment from /home/runner/work/key/key/key.core/../key.ui/examples/standard_key/inEqSimp/quadraticInEq13.key 
326680     DEBUG main            d.u.i.k.p.i.AbstractProblemLoader Environment load took 57.6ns 
326681     INFO  main            d.u.i.k.p.i.AbstractProblemLoader Creating init config 
329490     DEBUG main            d.u.i.k.p.i.AbstractProblemLoader Init config took 2.81s 
329506     INFO  main            d.u.i.k.p.i.AbstractProblemLoader Replaying proof quadraticInEq13.key 
329507     DEBUG main            d.u.i.k.p.i.IntermediateProofReplayer Proof replay took 2.8ns 
329710     INFO  main            d.u.i.k.p.r.p.TestFile    ... finished proof: closed. 
330112     INFO  main            d.u.i.k.p.i.AbstractProblemLoader Loading environment from /home/runner/work/key/key/key.core/../key.ui/examples/standard_key/inEqSimp/quadraticInEq13.key.proof 
330112     DEBUG main            d.u.i.k.p.i.AbstractProblemLoader Environment load took 108.01ns 
330113     INFO  main            d.u.i.k.p.i.AbstractProblemLoader Creating init config 
332850     DEBUG main            d.u.i.k.p.i.AbstractProblemLoader Init config took 2.74s 
332867     INFO  main            d.u.i.k.p.i.AbstractProblemLoader Replaying proof quadraticInEq13.key.proof 
332890     DEBUG main            d.u.i.k.p.i.IntermediateProofReplayer Proof replay took 20.45ms 
332891     DEBUG main            d.u.i.k.p.r.p.TestFile    ... success: reloaded. 
332892     INFO  main            d.u.i.k.p.r.p.TestFile    Now processing file /home/runner/work/key/key/key.core/../key.ui/examples/standard_key/inEqSimp/quadraticInEq14.key 
332892     INFO  main            d.u.i.k.p.i.AbstractProblemLoader Loading environment from /home/runner/work/key/key/key.core/../key.ui/examples/standard_key/inEqSimp/quadraticInEq14.key 
332892     DEBUG main            d.u.i.k.p.i.AbstractProblemLoader Environment load took 57.5ns 
332893     INFO  main            d.u.i.k.p.i.AbstractProblemLoader Creating init config 
335787     DEBUG main            d.u.i.k.p.i.AbstractProblemLoader Init config took 2.89s 
335803     INFO  main            d.u.i.k.p.i.AbstractProblemLoader Replaying proof quadraticInEq14.key 
335805     DEBUG main            d.u.i.k.p.i.IntermediateProofReplayer Proof replay took 3.3ns 
336109     INFO  main            d.u.i.k.p.r.p.TestFile    ... finished proof: closed. 
336523     INFO  main            d.u.i.k.p.i.AbstractProblemLoader Loading environment from /home/runner/work/key/key/key.core/../key.ui/examples/standard_key/inEqSimp/quadraticInEq14.key.proof 
336524     DEBUG main            d.u.i.k.p.i.AbstractProblemLoader Environment load took 121.21ns 
336525     INFO  main            d.u.i.k.p.i.AbstractProblemLoader Creating init config 
339314     DEBUG main            d.u.i.k.p.i.AbstractProblemLoader Init config took 2.79s 
339330     INFO  main            d.u.i.k.p.i.AbstractProblemLoader Replaying proof quadraticInEq14.key.proof 
339354     DEBUG main            d.u.i.k.p.i.IntermediateProofReplayer Proof replay took 21.25ms 
339354     DEBUG main            d.u.i.k.p.r.p.TestFile    ... success: reloaded. 
339356     INFO  main            d.u.i.k.p.r.p.TestFile    Now processing file /home/runner/work/key/key/key.core/../key.ui/examples/standard_key/inEqSimp/quadraticInEq2.key 
339356     INFO  main            d.u.i.k.p.i.AbstractProblemLoader Loading environment from /home/runner/work/key/key/key.core/../key.ui/examples/standard_key/inEqSimp/quadraticInEq2.key 
339356     DEBUG main            d.u.i.k.p.i.AbstractProblemLoader Environment load took 92.81ns 
339357     INFO  main            d.u.i.k.p.i.AbstractProblemLoader Creating init config 
342177     DEBUG main            d.u.i.k.p.i.AbstractProblemLoader Init config took 2.82s 
342193     INFO  main            d.u.i.k.p.i.AbstractProblemLoader Replaying proof quadraticInEq2.key 
342195     DEBUG main            d.u.i.k.p.i.IntermediateProofReplayer Proof replay took 2.9ns 
342297     INFO  main            d.u.i.k.p.r.p.TestFile    ... finished proof: closed. 
342710     INFO  main            d.u.i.k.p.i.AbstractProblemLoader Loading environment from /home/runner/work/key/key/key.core/../key.ui/examples/standard_key/inEqSimp/quadraticInEq2.key.proof 
342710     DEBUG main            d.u.i.k.p.i.AbstractProblemLoader Environment load took 115.01ns 
342712     INFO  main            d.u.i.k.p.i.AbstractProblemLoader Creating init config 
345552     DEBUG main            d.u.i.k.p.i.AbstractProblemLoader Init config took 2.84s 
345568     INFO  main            d.u.i.k.p.i.AbstractProblemLoader Replaying proof quadraticInEq2.key.proof 
345572     DEBUG main            d.u.i.k.p.i.IntermediateProofReplayer Proof replay took 2.34ms 
345573     DEBUG main            d.u.i.k.p.r.p.TestFile    ... success: reloaded. 
345573     INFO  main            d.u.i.k.p.r.p.TestFile    Now processing file /home/runner/work/key/key/key.core/../key.ui/examples/standard_key/inEqSimp/quadraticInEq3.key 
345574     INFO  main            d.u.i.k.p.i.AbstractProblemLoader Loading environment from /home/runner/work/key/key/key.core/../key.ui/examples/standard_key/inEqSimp/quadraticInEq3.key 
345574     DEBUG main            d.u.i.k.p.i.AbstractProblemLoader Environment load took 56.5ns 
345575     INFO  main            d.u.i.k.p.i.AbstractProblemLoader Creating init config 
348413     DEBUG main            d.u.i.k.p.i.AbstractProblemLoader Init config took 2.84s 
348429     INFO  main            d.u.i.k.p.i.AbstractProblemLoader Replaying proof quadraticInEq3.key 
348435     DEBUG main            d.u.i.k.p.i.IntermediateProofReplayer Proof replay took 4.3ns 
348537     INFO  main            d.u.i.k.p.r.p.TestFile    ... finished proof: closed. 
348932     INFO  main            d.u.i.k.p.i.AbstractProblemLoader Loading environment from /home/runner/work/key/key/key.core/../key.ui/examples/standard_key/inEqSimp/quadraticInEq3.key.proof 
348932     DEBUG main            d.u.i.k.p.i.AbstractProblemLoader Environment load took 102.51ns 
348933     INFO  main            d.u.i.k.p.i.AbstractProblemLoader Creating init config 
351792     DEBUG main            d.u.i.k.p.i.AbstractProblemLoader Init config took 2.86s 
351809     INFO  main            d.u.i.k.p.i.AbstractProblemLoader Replaying proof quadraticInEq3.key.proof 
351817     DEBUG main            d.u.i.k.p.i.IntermediateProofReplayer Proof replay took 6.2ms 
351818     DEBUG main            d.u.i.k.p.r.p.TestFile    ... success: reloaded. 
351818     INFO  main            d.u.i.k.p.r.p.TestFile    Now processing file /home/runner/work/key/key/key.core/../key.ui/examples/standard_key/inEqSimp/quadraticInEq4.key 
351819     INFO  main            d.u.i.k.p.i.AbstractProblemLoader Loading environment from /home/runner/work/key/key/key.core/../key.ui/examples/standard_key/inEqSimp/quadraticInEq4.key 
351819     DEBUG main            d.u.i.k.p.i.AbstractProblemLoader Environment load took 110.71ns 
351820     INFO  main            d.u.i.k.p.i.AbstractProblemLoader Creating init config 
354697     DEBUG main            d.u.i.k.p.i.AbstractProblemLoader Init config took 2.88s 
354713     INFO  main            d.u.i.k.p.i.AbstractProblemLoader Replaying proof quadraticInEq4.key 
354714     DEBUG main            d.u.i.k.p.i.IntermediateProofReplayer Proof replay took 2.8ns 
354818     INFO  main            d.u.i.k.p.r.p.TestFile    ... finished proof: closed. 
355226     INFO  main            d.u.i.k.p.i.AbstractProblemLoader Loading environment from /home/runner/work/key/key/key.core/../key.ui/examples/standard_key/inEqSimp/quadraticInEq4.key.proof 
355226     DEBUG main            d.u.i.k.p.i.AbstractProblemLoader Environment load took 107.41ns 
355227     INFO  main            d.u.i.k.p.i.AbstractProblemLoader Creating init config 
358039     DEBUG main            d.u.i.k.p.i.AbstractProblemLoader Init config took 2.81s 
358054     INFO  main            d.u.i.k.p.i.AbstractProblemLoader Replaying proof quadraticInEq4.key.proof 
358061     DEBUG main            d.u.i.k.p.i.IntermediateProofReplayer Proof replay took 4.68ms 
358061     DEBUG main            d.u.i.k.p.r.p.TestFile    ... success: reloaded. 
358062     INFO  main            d.u.i.k.p.r.p.TestFile    Now processing file /home/runner/work/key/key/key.core/../key.ui/examples/standard_key/inEqSimp/quadraticInEq5.key 
358062     INFO  main            d.u.i.k.p.i.AbstractProblemLoader Loading environment from /home/runner/work/key/key/key.core/../key.ui/examples/standard_key/inEqSimp/quadraticInEq5.key 
358063     DEBUG main            d.u.i.k.p.i.AbstractProblemLoader Environment load took 86.11ns 
358064     INFO  main            d.u.i.k.p.i.AbstractProblemLoader Creating init config 
360910     DEBUG main            d.u.i.k.p.i.AbstractProblemLoader Init config took 2.85s 
360926     INFO  main            d.u.i.k.p.i.AbstractProblemLoader Replaying proof quadraticInEq5.key 
360930     DEBUG main            d.u.i.k.p.i.IntermediateProofReplayer Proof replay took 2.8ns 
361032     INFO  main            d.u.i.k.p.r.p.TestFile    ... finished proof: closed. 
361451     INFO  main            d.u.i.k.p.i.AbstractProblemLoader Loading environment from /home/runner/work/key/key/key.core/../key.ui/examples/standard_key/inEqSimp/quadraticInEq5.key.proof 
361452     DEBUG main            d.u.i.k.p.i.AbstractProblemLoader Environment load took 106.11ns 
361453     INFO  main            d.u.i.k.p.i.AbstractProblemLoader Creating init config 
364326     DEBUG main            d.u.i.k.p.i.AbstractProblemLoader Init config took 2.87s 
364342     INFO  main            d.u.i.k.p.i.AbstractProblemLoader Replaying proof quadraticInEq5.key.proof 
364348     DEBUG main            d.u.i.k.p.i.IntermediateProofReplayer Proof replay took 4.55ms 
364349     DEBUG main            d.u.i.k.p.r.p.TestFile    ... success: reloaded. 
364350     INFO  main            d.u.i.k.p.r.p.TestFile    Now processing file /home/runner/work/key/key/key.core/../key.ui/examples/standard_key/inEqSimp/quadraticInEq6.key 
364350     INFO  main            d.u.i.k.p.i.AbstractProblemLoader Loading environment from /home/runner/work/key/key/key.core/../key.ui/examples/standard_key/inEqSimp/quadraticInEq6.key 
364350     DEBUG main            d.u.i.k.p.i.AbstractProblemLoader Environment load took 54.9ns 
364351     INFO  main            d.u.i.k.p.i.AbstractProblemLoader Creating init config 
367196     DEBUG main            d.u.i.k.p.i.AbstractProblemLoader Init config took 2.84s 
367212     INFO  main            d.u.i.k.p.i.AbstractProblemLoader Replaying proof quadraticInEq6.key 
367213     DEBUG main            d.u.i.k.p.i.IntermediateProofReplayer Proof replay took 2.9ns 
367316     INFO  main            d.u.i.k.p.r.p.TestFile    ... finished proof: closed. 
367726     INFO  main            d.u.i.k.p.i.AbstractProblemLoader Loading environment from /home/runner/work/key/key/key.core/../key.ui/examples/standard_key/inEqSimp/quadraticInEq6.key.proof 
367727     DEBUG main            d.u.i.k.p.i.AbstractProblemLoader Environment load took 353.12ns 
367728     INFO  main            d.u.i.k.p.i.AbstractProblemLoader Creating init config 
370508     DEBUG main            d.u.i.k.p.i.AbstractProblemLoader Init config took 2.78s 
370523     INFO  main            d.u.i.k.p.i.AbstractProblemLoader Replaying proof quadraticInEq6.key.proof 
370529     DEBUG main            d.u.i.k.p.i.IntermediateProofReplayer Proof replay took 4.32ms 
370530     DEBUG main            d.u.i.k.p.r.p.TestFile    ... success: reloaded. 
370531     INFO  main            d.u.i.k.p.r.p.TestFile    Now processing file /home/runner/work/key/key/key.core/../key.ui/examples/standard_key/inEqSimp/quadraticInEq7.key 
370531     INFO  main            d.u.i.k.p.i.AbstractProblemLoader Loading environment from /home/runner/work/key/key/key.core/../key.ui/examples/standard_key/inEqSimp/quadraticInEq7.key 
370531     DEBUG main            d.u.i.k.p.i.AbstractProblemLoader Environment load took 95.91ns 
370532     INFO  main            d.u.i.k.p.i.AbstractProblemLoader Creating init config 
373416     DEBUG main            d.u.i.k.p.i.AbstractProblemLoader Init config took 2.88s 
373432     INFO  main            d.u.i.k.p.i.AbstractProblemLoader Replaying proof quadraticInEq7.key 
373434     DEBUG main            d.u.i.k.p.i.IntermediateProofReplayer Proof replay took 3.3ns 
373536     INFO  main            d.u.i.k.p.r.p.TestFile    ... finished proof: closed. 
373958     INFO  main            d.u.i.k.p.i.AbstractProblemLoader Loading environment from /home/runner/work/key/key/key.core/../key.ui/examples/standard_key/inEqSimp/quadraticInEq7.key.proof 
373958     DEBUG main            d.u.i.k.p.i.AbstractProblemLoader Environment load took 106.61ns 
373967     INFO  main            d.u.i.k.p.i.AbstractProblemLoader Creating init config 
376846     DEBUG main            d.u.i.k.p.i.AbstractProblemLoader Init config took 2.88s 
376862     INFO  main            d.u.i.k.p.i.AbstractProblemLoader Replaying proof quadraticInEq7.key.proof 
376866     DEBUG main            d.u.i.k.p.i.IntermediateProofReplayer Proof replay took 2.57ms 
376867     DEBUG main            d.u.i.k.p.r.p.TestFile    ... success: reloaded. 
376868     INFO  main            d.u.i.k.p.r.p.TestFile    Now processing file /home/runner/work/key/key/key.core/../key.ui/examples/standard_key/inEqSimp/quadraticInEq8.key 
376868     INFO  main            d.u.i.k.p.i.AbstractProblemLoader Loading environment from /home/runner/work/key/key/key.core/../key.ui/examples/standard_key/inEqSimp/quadraticInEq8.key 
376868     DEBUG main            d.u.i.k.p.i.AbstractProblemLoader Environment load took 90.11ns 
376869     INFO  main            d.u.i.k.p.i.AbstractProblemLoader Creating init config 
379742     DEBUG main            d.u.i.k.p.i.AbstractProblemLoader Init config took 2.87s 
379762     INFO  main            d.u.i.k.p.i.AbstractProblemLoader Replaying proof quadraticInEq8.key 
379763     DEBUG main            d.u.i.k.p.i.IntermediateProofReplayer Proof replay took 2.9ns 
379867     INFO  main            d.u.i.k.p.r.p.TestFile    ... finished proof: closed. 
380296     INFO  main            d.u.i.k.p.i.AbstractProblemLoader Loading environment from /home/runner/work/key/key/key.core/../key.ui/examples/standard_key/inEqSimp/quadraticInEq8.key.proof 
380296     DEBUG main            d.u.i.k.p.i.AbstractProblemLoader Environment load took 101.41ns 
380298     INFO  main            d.u.i.k.p.i.AbstractProblemLoader Creating init config 
383126     DEBUG main            d.u.i.k.p.i.AbstractProblemLoader Init config took 2.83s 
383141     INFO  main            d.u.i.k.p.i.AbstractProblemLoader Replaying proof quadraticInEq8.key.proof 
383151     DEBUG main            d.u.i.k.p.i.IntermediateProofReplayer Proof replay took 7.66ms 
383152     DEBUG main            d.u.i.k.p.r.p.TestFile    ... success: reloaded. 
383153     INFO  main            d.u.i.k.p.r.p.TestFile    Now processing file /home/runner/work/key/key/key.core/../key.ui/examples/standard_key/inEqSimp/simplify0.key 
383153     INFO  main            d.u.i.k.p.i.AbstractProblemLoader Loading environment from /home/runner/work/key/key/key.core/../key.ui/examples/standard_key/inEqSimp/simplify0.key 
383153     DEBUG main            d.u.i.k.p.i.AbstractProblemLoader Environment load took 93.31ns 
383154     INFO  main            d.u.i.k.p.i.AbstractProblemLoader Creating init config 
385965     DEBUG main            d.u.i.k.p.i.AbstractProblemLoader Init config took 2.81s 
385983     INFO  main            d.u.i.k.p.i.AbstractProblemLoader Replaying proof simplify0.key 
385985     DEBUG main            d.u.i.k.p.i.IntermediateProofReplayer Proof replay took 2.8ns 
386087     INFO  main            d.u.i.k.p.r.p.TestFile    ... finished proof: closed. 
386526     INFO  main            d.u.i.k.p.i.AbstractProblemLoader Loading environment from /home/runner/work/key/key/key.core/../key.ui/examples/standard_key/inEqSimp/simplify0.key.proof 
386527     DEBUG main            d.u.i.k.p.i.AbstractProblemLoader Environment load took 112.71ns 
386528     INFO  main            d.u.i.k.p.i.AbstractProblemLoader Creating init config 
389319     DEBUG main            d.u.i.k.p.i.AbstractProblemLoader Init config took 2.79s 
389335     INFO  main            d.u.i.k.p.i.AbstractProblemLoader Replaying proof simplify0.key.proof 
389339     DEBUG main            d.u.i.k.p.i.IntermediateProofReplayer Proof replay took 2.47ms 
389340     DEBUG main            d.u.i.k.p.r.p.TestFile    ... success: reloaded. 
389340     INFO  main            d.u.i.k.p.r.p.TestFile    Now processing file /home/runner/work/key/key/key.core/../key.ui/examples/standard_key/inEqSimp/simplify1.key 
389340     INFO  main            d.u.i.k.p.i.AbstractProblemLoader Loading environment from /home/runner/work/key/key/key.core/../key.ui/examples/standard_key/inEqSimp/simplify1.key 
389340     DEBUG main            d.u.i.k.p.i.AbstractProblemLoader Environment load took 90.5ns 
389341     INFO  main            d.u.i.k.p.i.AbstractProblemLoader Creating init config 
392159     DEBUG main            d.u.i.k.p.i.AbstractProblemLoader Init config took 2.82s 
392174     INFO  main            d.u.i.k.p.i.AbstractProblemLoader Replaying proof simplify1.key 
392175     DEBUG main            d.u.i.k.p.i.IntermediateProofReplayer Proof replay took 2.7ns 
392278     INFO  main            d.u.i.k.p.r.p.TestFile    ... finished proof: closed. 
392721     INFO  main            d.u.i.k.p.i.AbstractProblemLoader Loading environment from /home/runner/work/key/key/key.core/../key.ui/examples/standard_key/inEqSimp/simplify1.key.proof 
392721     DEBUG main            d.u.i.k.p.i.AbstractProblemLoader Environment load took 136.01ns 
392722     INFO  main            d.u.i.k.p.i.AbstractProblemLoader Creating init config 
395588     DEBUG main            d.u.i.k.p.i.AbstractProblemLoader Init config took 2.87s 
395604     INFO  main            d.u.i.k.p.i.AbstractProblemLoader Replaying proof simplify1.key.proof 
395607     DEBUG main            d.u.i.k.p.i.IntermediateProofReplayer Proof replay took 1.29ms 
395608     DEBUG main            d.u.i.k.p.r.p.TestFile    ... success: reloaded. 
395608     INFO  main            d.u.i.k.p.r.p.TestFile    Now processing file /home/runner/work/key/key/key.core/../key.ui/examples/standard_key/inEqSimp/simplify2.key 
395608     INFO  main            d.u.i.k.p.i.AbstractProblemLoader Loading environment from /home/runner/work/key/key/key.core/../key.ui/examples/standard_key/inEqSimp/simplify2.key 
395609     DEBUG main            d.u.i.k.p.i.AbstractProblemLoader Environment load took 55.8ns 
395610     INFO  main            d.u.i.k.p.i.AbstractProblemLoader Creating init config 
398517     DEBUG main            d.u.i.k.p.i.AbstractProblemLoader Init config took 2.91s 
398532     INFO  main            d.u.i.k.p.i.AbstractProblemLoader Replaying proof simplify2.key 
398533     DEBUG main            d.u.i.k.p.i.IntermediateProofReplayer Proof replay took 2.7ns 
398635     INFO  main            d.u.i.k.p.r.p.TestFile    ... finished proof: closed. 
399082     INFO  main            d.u.i.k.p.i.AbstractProblemLoader Loading environment from /home/runner/work/key/key/key.core/../key.ui/examples/standard_key/inEqSimp/simplify2.key.proof 
399082     DEBUG main            d.u.i.k.p.i.AbstractProblemLoader Environment load took 99.01ns 
399083     INFO  main            d.u.i.k.p.i.AbstractProblemLoader Creating init config 
401934     DEBUG main            d.u.i.k.p.i.AbstractProblemLoader Init config took 2.85s 
401953     INFO  main            d.u.i.k.p.i.AbstractProblemLoader Replaying proof simplify2.key.proof 
401967     DEBUG main            d.u.i.k.p.i.IntermediateProofReplayer Proof replay took 11.87ms 
401968     DEBUG main            d.u.i.k.p.r.p.TestFile    ... success: reloaded. 
401968     INFO  main            d.u.i.k.p.r.p.TestFile    Now processing file /home/runner/work/key/key/key.core/../key.ui/examples/standard_key/inEqSimp/simplify3.key 
401969     INFO  main            d.u.i.k.p.i.AbstractProblemLoader Loading environment from /home/runner/work/key/key/key.core/../key.ui/examples/standard_key/inEqSimp/simplify3.key 
401969     DEBUG main            d.u.i.k.p.i.AbstractProblemLoader Environment load took 56.6ns 
401970     INFO  main            d.u.i.k.p.i.AbstractProblemLoader Creating init config 
404856     DEBUG main            d.u.i.k.p.i.AbstractProblemLoader Init config took 2.89s 
404872     INFO  main            d.u.i.k.p.i.AbstractProblemLoader Replaying proof simplify3.key 
404873     DEBUG main            d.u.i.k.p.i.IntermediateProofReplayer Proof replay took 2.8ns 
404974     INFO  main            d.u.i.k.p.r.p.TestFile    ... finished proof: closed. 
405428     INFO  main            d.u.i.k.p.i.AbstractProblemLoader Loading environment from /home/runner/work/key/key/key.core/../key.ui/examples/standard_key/inEqSimp/simplify3.key.proof 
405428     DEBUG main            d.u.i.k.p.i.AbstractProblemLoader Environment load took 93.41ns 
405429     INFO  main            d.u.i.k.p.i.AbstractProblemLoader Creating init config 
408198     DEBUG main            d.u.i.k.p.i.AbstractProblemLoader Init config took 2.77s 
408220     INFO  main            d.u.i.k.p.i.AbstractProblemLoader Replaying proof simplify3.key.proof 
408223     DEBUG main            d.u.i.k.p.i.IntermediateProofReplayer Proof replay took 1.96ms 
408224     DEBUG main            d.u.i.k.p.r.p.TestFile    ... success: reloaded. 
408225     INFO  main            d.u.i.k.p.r.p.TestFile    Now processing file /home/runner/work/key/key/key.core/../key.ui/examples/standard_key/inEqSimp/simplify4.key 
408225     INFO  main            d.u.i.k.p.i.AbstractProblemLoader Loading environment from /home/runner/work/key/key/key.core/../key.ui/examples/standard_key/inEqSimp/simplify4.key 
408225     DEBUG main            d.u.i.k.p.i.AbstractProblemLoader Environment load took 52.3ns 
408226     INFO  main            d.u.i.k.p.i.AbstractProblemLoader Creating init config 
411092     DEBUG main            d.u.i.k.p.i.AbstractProblemLoader Init config took 2.87s 
411109     INFO  main            d.u.i.k.p.i.AbstractProblemLoader Replaying proof simplify4.key 
411110     DEBUG main            d.u.i.k.p.i.IntermediateProofReplayer Proof replay took 3.1ns 
411212     INFO  main            d.u.i.k.p.r.p.TestFile    ... finished proof: closed. 
411691     INFO  main            d.u.i.k.p.i.AbstractProblemLoader Loading environment from /home/runner/work/key/key/key.core/../key.ui/examples/standard_key/inEqSimp/simplify4.key.proof 
411691     DEBUG main            d.u.i.k.p.i.AbstractProblemLoader Environment load took 94.31ns 
411692     INFO  main            d.u.i.k.p.i.AbstractProblemLoader Creating init config 
414628     DEBUG main            d.u.i.k.p.i.AbstractProblemLoader Init config took 2.94s 
414646     INFO  main            d.u.i.k.p.i.AbstractProblemLoader Replaying proof simplify4.key.proof 
414666     DEBUG main            d.u.i.k.p.i.IntermediateProofReplayer Proof replay took 16.33ms 
414667     DEBUG main            d.u.i.k.p.r.p.TestFile    ... success: reloaded. 
414668     INFO  main            d.u.i.k.p.r.p.TestFile    Now processing file /home/runner/work/key/key/key.core/../key.ui/examples/standard_key/inEqSimp/simplify5.key 
414668     INFO  main            d.u.i.k.p.i.AbstractProblemLoader Loading environment from /home/runner/work/key/key/key.core/../key.ui/examples/standard_key/inEqSimp/simplify5.key 
414668     DEBUG main            d.u.i.k.p.i.AbstractProblemLoader Environment load took 112.41ns 
414669     INFO  main            d.u.i.k.p.i.AbstractProblemLoader Creating init config 
417604     DEBUG main            d.u.i.k.p.i.AbstractProblemLoader Init config took 2.93s 
417641     INFO  main            d.u.i.k.p.i.AbstractProblemLoader Replaying proof simplify5.key 
417643     DEBUG main            d.u.i.k.p.i.IntermediateProofReplayer Proof replay took 2.8ns 
418248     INFO  main            d.u.i.k.p.r.p.TestFile    ... finished proof: closed. 
418736     INFO  main            d.u.i.k.p.i.AbstractProblemLoader Loading environment from /home/runner/work/key/key/key.core/../key.ui/examples/standard_key/inEqSimp/simplify5.key.proof 
418736     DEBUG main            d.u.i.k.p.i.AbstractProblemLoader Environment load took 102.51ns 
418738     INFO  main            d.u.i.k.p.i.AbstractProblemLoader Creating init config 
421618     DEBUG main            d.u.i.k.p.i.AbstractProblemLoader Init config took 2.88s 
421635     INFO  main            d.u.i.k.p.i.AbstractProblemLoader Replaying proof simplify5.key.proof 
421702     DEBUG main            d.u.i.k.p.i.IntermediateProofReplayer Proof replay took 61.34ms 
421703     DEBUG main            d.u.i.k.p.r.p.TestFile    ... success: reloaded. 
421704     INFO  main            d.u.i.k.p.r.p.TestFile    Now processing file /home/runner/work/key/key/key.core/../key.ui/examples/standard_key/inEqSimp/subsumptionExample.key 
421705     INFO  main            d.u.i.k.p.i.AbstractProblemLoader Loading environment from /home/runner/work/key/key/key.core/../key.ui/examples/standard_key/inEqSimp/subsumptionExample.key 
421705     DEBUG main            d.u.i.k.p.i.AbstractProblemLoader Environment load took 89.91ns 
421706     INFO  main            d.u.i.k.p.i.AbstractProblemLoader Creating init config 
424565     DEBUG main            d.u.i.k.p.i.AbstractProblemLoader Init config took 2.86s 
424581     INFO  main            d.u.i.k.p.i.AbstractProblemLoader Replaying proof subsumptionExample.key 
424582     DEBUG main            d.u.i.k.p.i.IntermediateProofReplayer Proof replay took 2.8ns 
424684     INFO  main            d.u.i.k.p.r.p.TestFile    ... finished proof: closed. 
425181     INFO  main            d.u.i.k.p.i.AbstractProblemLoader Loading environment from /home/runner/work/key/key/key.core/../key.ui/examples/standard_key/inEqSimp/subsumptionExample.key.proof 
425181     DEBUG main            d.u.i.k.p.i.AbstractProblemLoader Environment load took 93.51ns 
425182     INFO  main            d.u.i.k.p.i.AbstractProblemLoader Creating init config 
428024     DEBUG main            d.u.i.k.p.i.AbstractProblemLoader Init config took 2.84s 
428040     INFO  main            d.u.i.k.p.i.AbstractProblemLoader Replaying proof subsumptionExample.key.proof 
428042     DEBUG main            d.u.i.k.p.i.IntermediateProofReplayer Proof replay took 850.65ns 
428042     DEBUG main            d.u.i.k.p.r.p.TestFile    ... success: reloaded. 
428043     INFO  main            d.u.i.k.p.r.p.TestFile    Now processing file /home/runner/work/key/key/key.core/../key.ui/examples/standard_key/polySimp/simplify0.key 
428043     INFO  main            d.u.i.k.p.i.AbstractProblemLoader Loading environment from /home/runner/work/key/key/key.core/../key.ui/examples/standard_key/polySimp/simplify0.key 
428043     DEBUG main            d.u.i.k.p.i.AbstractProblemLoader Environment load took 66.6ns 
428045     INFO  main            d.u.i.k.p.i.AbstractProblemLoader Creating init config 
430917     DEBUG main            d.u.i.k.p.i.AbstractProblemLoader Init config took 2.87s 
430933     INFO  main            d.u.i.k.p.i.AbstractProblemLoader Replaying proof simplify0.key 
430934     DEBUG main            d.u.i.k.p.i.IntermediateProofReplayer Proof replay took 3.4ns 
431138     INFO  main            d.u.i.k.p.r.p.TestFile    ... finished proof: closed. 
431630     INFO  main            d.u.i.k.p.i.AbstractProblemLoader Loading environment from /home/runner/work/key/key/key.core/../key.ui/examples/standard_key/polySimp/simplify0.key.proof 
431630     DEBUG main            d.u.i.k.p.i.AbstractProblemLoader Environment load took 137.51ns 
431631     INFO  main            d.u.i.k.p.i.AbstractProblemLoader Creating init config 
434410     DEBUG main            d.u.i.k.p.i.AbstractProblemLoader Init config took 2.78s 
434427     INFO  main            d.u.i.k.p.i.AbstractProblemLoader Replaying proof simplify0.key.proof 
434446     DEBUG main            d.u.i.k.p.i.IntermediateProofReplayer Proof replay took 16.87ms 
434448     DEBUG main            d.u.i.k.p.r.p.TestFile    ... success: reloaded. 
434448     INFO  main            d.u.i.k.p.r.p.TestFile    Now processing file /home/runner/work/key/key/key.core/../key.ui/examples/standard_key/polySimp/simplify1.key 
434448     INFO  main            d.u.i.k.p.i.AbstractProblemLoader Loading environment from /home/runner/work/key/key/key.core/../key.ui/examples/standard_key/polySimp/simplify1.key 
434448     DEBUG main            d.u.i.k.p.i.AbstractProblemLoader Environment load took 103.51ns 
434449     INFO  main            d.u.i.k.p.i.AbstractProblemLoader Creating init config 
437282     DEBUG main            d.u.i.k.p.i.AbstractProblemLoader Init config took 2.83s 
437298     INFO  main            d.u.i.k.p.i.AbstractProblemLoader Replaying proof simplify1.key 
437300     DEBUG main            d.u.i.k.p.i.IntermediateProofReplayer Proof replay took 3ns 
437703     INFO  main            d.u.i.k.p.r.p.TestFile    ... finished proof: closed. 
438206     INFO  main            d.u.i.k.p.i.AbstractProblemLoader Loading environment from /home/runner/work/key/key/key.core/../key.ui/examples/standard_key/polySimp/simplify1.key.proof 
438206     DEBUG main            d.u.i.k.p.i.AbstractProblemLoader Environment load took 96.31ns 
438208     INFO  main            d.u.i.k.p.i.AbstractProblemLoader Creating init config 
440991     DEBUG main            d.u.i.k.p.i.AbstractProblemLoader Init config took 2.78s 
441007     INFO  main            d.u.i.k.p.i.AbstractProblemLoader Replaying proof simplify1.key.proof 
441035     DEBUG main            d.u.i.k.p.i.IntermediateProofReplayer Proof replay took 25.1ms 
441036     DEBUG main            d.u.i.k.p.r.p.TestFile    ... success: reloaded. 
441037     INFO  main            d.u.i.k.p.r.p.TestFile    Now processing file /home/runner/work/key/key/key.core/../key.ui/examples/standard_key/polySimp/simplify10.key 
441037     INFO  main            d.u.i.k.p.i.AbstractProblemLoader Loading environment from /home/runner/work/key/key/key.core/../key.ui/examples/standard_key/polySimp/simplify10.key 
441037     DEBUG main            d.u.i.k.p.i.AbstractProblemLoader Environment load took 49.6ns 
441038     INFO  main            d.u.i.k.p.i.AbstractProblemLoader Creating init config 
443845     DEBUG main            d.u.i.k.p.i.AbstractProblemLoader Init config took 2.81s 
443863     INFO  main            d.u.i.k.p.i.AbstractProblemLoader Replaying proof simplify10.key 
443867     DEBUG main            d.u.i.k.p.i.IntermediateProofReplayer Proof replay took 3.2ns 
444196     INFO  main            d.u.i.k.p.r.p.TestFile    ... finished proof: closed. 
444704     INFO  main            d.u.i.k.p.i.AbstractProblemLoader Loading environment from /home/runner/work/key/key/key.core/../key.ui/examples/standard_key/polySimp/simplify10.key.proof 
444704     DEBUG main            d.u.i.k.p.i.AbstractProblemLoader Environment load took 105.71ns 
444706     INFO  main            d.u.i.k.p.i.AbstractProblemLoader Creating init config 
447547     DEBUG main            d.u.i.k.p.i.AbstractProblemLoader Init config took 2.84s 
447564     INFO  main            d.u.i.k.p.i.AbstractProblemLoader Replaying proof simplify10.key.proof 
447600     DEBUG main            d.u.i.k.p.i.IntermediateProofReplayer Proof replay took 33.08ms 
447601     DEBUG main            d.u.i.k.p.r.p.TestFile    ... success: reloaded. 
447602     INFO  main            d.u.i.k.p.r.p.TestFile    Now processing file /home/runner/work/key/key/key.core/../key.ui/examples/standard_key/polySimp/simplify11.key 
447602     INFO  main            d.u.i.k.p.i.AbstractProblemLoader Loading environment from /home/runner/work/key/key/key.core/../key.ui/examples/standard_key/polySimp/simplify11.key 
447602     DEBUG main            d.u.i.k.p.i.AbstractProblemLoader Environment load took 89.31ns 
447604     INFO  main            d.u.i.k.p.i.AbstractProblemLoader Creating init config 
450486     DEBUG main            d.u.i.k.p.i.AbstractProblemLoader Init config took 2.88s 
450502     INFO  main            d.u.i.k.p.i.AbstractProblemLoader Replaying proof simplify11.key 
450503     DEBUG main            d.u.i.k.p.i.IntermediateProofReplayer Proof replay took 3.2ns 
450805     INFO  main            d.u.i.k.p.r.p.TestFile    ... finished proof: closed. 
451322     INFO  main            d.u.i.k.p.i.AbstractProblemLoader Loading environment from /home/runner/work/key/key/key.core/../key.ui/examples/standard_key/polySimp/simplify11.key.proof 
451322     DEBUG main            d.u.i.k.p.i.AbstractProblemLoader Environment load took 95.41ns 
451324     INFO  main            d.u.i.k.p.i.AbstractProblemLoader Creating init config 
454148     DEBUG main            d.u.i.k.p.i.AbstractProblemLoader Init config took 2.82s 
454165     INFO  main            d.u.i.k.p.i.AbstractProblemLoader Replaying proof simplify11.key.proof 
454190     DEBUG main            d.u.i.k.p.i.IntermediateProofReplayer Proof replay took 21.87ms 
454191     DEBUG main            d.u.i.k.p.r.p.TestFile    ... success: reloaded. 
454191     INFO  main            d.u.i.k.p.r.p.TestFile    Now processing file /home/runner/work/key/key/key.core/../key.ui/examples/standard_key/polySimp/simplify12.key 
454192     INFO  main            d.u.i.k.p.i.AbstractProblemLoader Loading environment from /home/runner/work/key/key/key.core/../key.ui/examples/standard_key/polySimp/simplify12.key 
454192     DEBUG main            d.u.i.k.p.i.AbstractProblemLoader Environment load took 53.1ns 
454193     INFO  main            d.u.i.k.p.i.AbstractProblemLoader Creating init config 
457094     DEBUG main            d.u.i.k.p.i.AbstractProblemLoader Init config took 2.9s 
457109     INFO  main            d.u.i.k.p.i.AbstractProblemLoader Replaying proof simplify12.key 
457111     DEBUG main            d.u.i.k.p.i.IntermediateProofReplayer Proof replay took 3.3ns 
457213     INFO  main            d.u.i.k.p.r.p.TestFile    ... finished proof: closed. 
457717     INFO  main            d.u.i.k.p.i.AbstractProblemLoader Loading environment from /home/runner/work/key/key/key.core/../key.ui/examples/standard_key/polySimp/simplify12.key.proof 
457718     DEBUG main            d.u.i.k.p.i.AbstractProblemLoader Environment load took 492.03ns 
457719     INFO  main            d.u.i.k.p.i.AbstractProblemLoader Creating init config 
460531     DEBUG main            d.u.i.k.p.i.AbstractProblemLoader Init config took 2.81s 
460547     INFO  main            d.u.i.k.p.i.AbstractProblemLoader Replaying proof simplify12.key.proof 
460559     DEBUG main            d.u.i.k.p.i.IntermediateProofReplayer Proof replay took 10.18ms 
460560     DEBUG main            d.u.i.k.p.r.p.TestFile    ... success: reloaded. 
460561     INFO  main            d.u.i.k.p.r.p.TestFile    Now processing file /home/runner/work/key/key/key.core/../key.ui/examples/standard_key/polySimp/simplify13.key 
460561     INFO  main            d.u.i.k.p.i.AbstractProblemLoader Loading environment from /home/runner/work/key/key/key.core/../key.ui/examples/standard_key/polySimp/simplify13.key 
460561     DEBUG main            d.u.i.k.p.i.AbstractProblemLoader Environment load took 58ns 
460562     INFO  main            d.u.i.k.p.i.AbstractProblemLoader Creating init config 
463386     DEBUG main            d.u.i.k.p.i.AbstractProblemLoader Init config took 2.82s 
463401     INFO  main            d.u.i.k.p.i.AbstractProblemLoader Replaying proof simplify13.key 
463402     DEBUG main            d.u.i.k.p.i.IntermediateProofReplayer Proof replay took 3ns 
463503     INFO  main            d.u.i.k.p.r.p.TestFile    ... finished proof: closed. 
464018     INFO  main            d.u.i.k.p.i.AbstractProblemLoader Loading environment from /home/runner/work/key/key/key.core/../key.ui/examples/standard_key/polySimp/simplify13.key.proof 
464018     DEBUG main            d.u.i.k.p.i.AbstractProblemLoader Environment load took 92.41ns 
464019     INFO  main            d.u.i.k.p.i.AbstractProblemLoader Creating init config 
466821     DEBUG main            d.u.i.k.p.i.AbstractProblemLoader Init config took 2.8s 
466842     INFO  main            d.u.i.k.p.i.AbstractProblemLoader Replaying proof simplify13.key.proof 
466850     DEBUG main            d.u.i.k.p.i.IntermediateProofReplayer Proof replay took 6ms 
466851     DEBUG main            d.u.i.k.p.r.p.TestFile    ... success: reloaded. 
466851     INFO  main            d.u.i.k.p.r.p.TestFile    Now processing file /home/runner/work/key/key/key.core/../key.ui/examples/standard_key/polySimp/simplify14.key 
466851     INFO  main            d.u.i.k.p.i.AbstractProblemLoader Loading environment from /home/runner/work/key/key/key.core/../key.ui/examples/standard_key/polySimp/simplify14.key 
466851     DEBUG main            d.u.i.k.p.i.AbstractProblemLoader Environment load took 85.91ns 
466852     INFO  main            d.u.i.k.p.i.AbstractProblemLoader Creating init config 
469768     DEBUG main            d.u.i.k.p.i.AbstractProblemLoader Init config took 2.92s 
469785     INFO  main            d.u.i.k.p.i.AbstractProblemLoader Replaying proof simplify14.key 
469786     DEBUG main            d.u.i.k.p.i.IntermediateProofReplayer Proof replay took 2.9ns 
469888     INFO  main            d.u.i.k.p.r.p.TestFile    ... finished proof: closed. 
470386     INFO  main            d.u.i.k.p.i.AbstractProblemLoader Loading environment from /home/runner/work/key/key/key.core/../key.ui/examples/standard_key/polySimp/simplify14.key.proof 
470386     DEBUG main            d.u.i.k.p.i.AbstractProblemLoader Environment load took 85.5ns 
470387     INFO  main            d.u.i.k.p.i.AbstractProblemLoader Creating init config 
473187     DEBUG main            d.u.i.k.p.i.AbstractProblemLoader Init config took 2.8s 
473204     INFO  main            d.u.i.k.p.i.AbstractProblemLoader Replaying proof simplify14.key.proof 
473207     DEBUG main            d.u.i.k.p.i.IntermediateProofReplayer Proof replay took 1.49ms 
473209     DEBUG main            d.u.i.k.p.r.p.TestFile    ... success: reloaded. 
473209     INFO  main            d.u.i.k.p.r.p.TestFile    Now processing file /home/runner/work/key/key/key.core/../key.ui/examples/standard_key/polySimp/simplify15.key 
473209     INFO  main            d.u.i.k.p.i.AbstractProblemLoader Loading environment from /home/runner/work/key/key/key.core/../key.ui/examples/standard_key/polySimp/simplify15.key 
473209     DEBUG main            d.u.i.k.p.i.AbstractProblemLoader Environment load took 75.3ns 
473211     INFO  main            d.u.i.k.p.i.AbstractProblemLoader Creating init config 
476051     DEBUG main            d.u.i.k.p.i.AbstractProblemLoader Init config took 2.84s 
476067     INFO  main            d.u.i.k.p.i.AbstractProblemLoader Replaying proof simplify15.key 
476068     DEBUG main            d.u.i.k.p.i.IntermediateProofReplayer Proof replay took 2.9ns 
476169     INFO  main            d.u.i.k.p.r.p.TestFile    ... finished proof: closed. 
476702     INFO  main            d.u.i.k.p.i.AbstractProblemLoader Loading environment from /home/runner/work/key/key/key.core/../key.ui/examples/standard_key/polySimp/simplify15.key.proof 
476702     DEBUG main            d.u.i.k.p.i.AbstractProblemLoader Environment load took 82.61ns 
476703     INFO  main            d.u.i.k.p.i.AbstractProblemLoader Creating init config 
479504     DEBUG main            d.u.i.k.p.i.AbstractProblemLoader Init config took 2.8s 
479520     INFO  main            d.u.i.k.p.i.AbstractProblemLoader Replaying proof simplify15.key.proof 
479522     DEBUG main            d.u.i.k.p.i.IntermediateProofReplayer Proof replay took 715.24ns 
479523     DEBUG main            d.u.i.k.p.r.p.TestFile    ... success: reloaded. 
479524     INFO  main            d.u.i.k.p.r.p.TestFile    Now processing file /home/runner/work/key/key/key.core/../key.ui/examples/standard_key/polySimp/simplify16.key 
479524     INFO  main            d.u.i.k.p.i.AbstractProblemLoader Loading environment from /home/runner/work/key/key/key.core/../key.ui/examples/standard_key/polySimp/simplify16.key 
479524     DEBUG main            d.u.i.k.p.i.AbstractProblemLoader Environment load took 69.2ns 
479525     INFO  main            d.u.i.k.p.i.AbstractProblemLoader Creating init config 
482391     DEBUG main            d.u.i.k.p.i.AbstractProblemLoader Init config took 2.87s 
482409     INFO  main            d.u.i.k.p.i.AbstractProblemLoader Replaying proof simplify16.key 
482410     DEBUG main            d.u.i.k.p.i.IntermediateProofReplayer Proof replay took 3.8ns 
482512     INFO  main            d.u.i.k.p.r.p.TestFile    ... finished proof: closed. 
483069     INFO  main            d.u.i.k.p.i.AbstractProblemLoader Loading environment from /home/runner/work/key/key/key.core/../key.ui/examples/standard_key/polySimp/simplify16.key.proof 
483069     DEBUG main            d.u.i.k.p.i.AbstractProblemLoader Environment load took 79ns 
483070     INFO  main            d.u.i.k.p.i.AbstractProblemLoader Creating init config 
485860     DEBUG main            d.u.i.k.p.i.AbstractProblemLoader Init config took 2.79s 
485877     INFO  main            d.u.i.k.p.i.AbstractProblemLoader Replaying proof simplify16.key.proof 
485879     DEBUG main            d.u.i.k.p.i.IntermediateProofReplayer Proof replay took 509.52ns 
485879     DEBUG main            d.u.i.k.p.r.p.TestFile    ... success: reloaded. 
485880     INFO  main            d.u.i.k.p.r.p.TestFile    Now processing file /home/runner/work/key/key/key.core/../key.ui/examples/standard_key/polySimp/simplify17.key 
485880     INFO  main            d.u.i.k.p.i.AbstractProblemLoader Loading environment from /home/runner/work/key/key/key.core/../key.ui/examples/standard_key/polySimp/simplify17.key 
485880     DEBUG main            d.u.i.k.p.i.AbstractProblemLoader Environment load took 48.2ns 
485881     INFO  main            d.u.i.k.p.i.AbstractProblemLoader Creating init config 
488749     DEBUG main            d.u.i.k.p.i.AbstractProblemLoader Init config took 2.87s 
488765     INFO  main            d.u.i.k.p.i.AbstractProblemLoader Replaying proof simplify17.key 
488766     DEBUG main            d.u.i.k.p.i.IntermediateProofReplayer Proof replay took 2.9ns 
488867     INFO  main            d.u.i.k.p.r.p.TestFile    ... finished proof: closed. 
489406     INFO  main            d.u.i.k.p.i.AbstractProblemLoader Loading environment from /home/runner/work/key/key/key.core/../key.ui/examples/standard_key/polySimp/simplify17.key.proof 
489406     DEBUG main            d.u.i.k.p.i.AbstractProblemLoader Environment load took 84.2ns 
489407     INFO  main            d.u.i.k.p.i.AbstractProblemLoader Creating init config 
492466     DEBUG main            d.u.i.k.p.i.AbstractProblemLoader Init config took 3.06s 
492482     INFO  main            d.u.i.k.p.i.AbstractProblemLoader Replaying proof simplify17.key.proof 
492489     DEBUG main            d.u.i.k.p.i.IntermediateProofReplayer Proof replay took 5.87ms 
492491     DEBUG main            d.u.i.k.p.r.p.TestFile    ... success: reloaded. 
492491     INFO  main            d.u.i.k.p.r.p.TestFile    Now processing file /home/runner/work/key/key/key.core/../key.ui/examples/standard_key/polySimp/simplify18.key 
492492     INFO  main            d.u.i.k.p.i.AbstractProblemLoader Loading environment from /home/runner/work/key/key/key.core/../key.ui/examples/standard_key/polySimp/simplify18.key 
492492     DEBUG main            d.u.i.k.p.i.AbstractProblemLoader Environment load took 214.91ns 
492493     INFO  main            d.u.i.k.p.i.AbstractProblemLoader Creating init config 
495594     DEBUG main            d.u.i.k.p.i.AbstractProblemLoader Init config took 3.1s 
495614     INFO  main            d.u.i.k.p.i.AbstractProblemLoader Replaying proof simplify18.key 
495615     DEBUG main            d.u.i.k.p.i.IntermediateProofReplayer Proof replay took 2.8ns 
495818     INFO  main            d.u.i.k.p.r.p.TestFile    ... finished proof: closed. 
496369     INFO  main            d.u.i.k.p.i.AbstractProblemLoader Loading environment from /home/runner/work/key/key/key.core/../key.ui/examples/standard_key/polySimp/simplify18.key.proof 
496370     DEBUG main            d.u.i.k.p.i.AbstractProblemLoader Environment load took 83.31ns 
496371     INFO  main            d.u.i.k.p.i.AbstractProblemLoader Creating init config 
499427     DEBUG main            d.u.i.k.p.i.AbstractProblemLoader Init config took 3.06s 
499447     INFO  main            d.u.i.k.p.i.AbstractProblemLoader Replaying proof simplify18.key.proof 
499468     DEBUG main            d.u.i.k.p.i.IntermediateProofReplayer Proof replay took 19.43ms 
499470     DEBUG main            d.u.i.k.p.r.p.TestFile    ... success: reloaded. 
499470     INFO  main            d.u.i.k.p.r.p.TestFile    Now processing file /home/runner/work/key/key/key.core/../key.ui/examples/standard_key/polySimp/simplify19.key 
499470     INFO  main            d.u.i.k.p.i.AbstractProblemLoader Loading environment from /home/runner/work/key/key/key.core/../key.ui/examples/standard_key/polySimp/simplify19.key 
499471     DEBUG main            d.u.i.k.p.i.AbstractProblemLoader Environment load took 208.71ns 
499472     INFO  main            d.u.i.k.p.i.AbstractProblemLoader Creating init config 
502492     DEBUG main            d.u.i.k.p.i.AbstractProblemLoader Init config took 3.02s 
502508     INFO  main            d.u.i.k.p.i.AbstractProblemLoader Replaying proof simplify19.key 
502509     DEBUG main            d.u.i.k.p.i.IntermediateProofReplayer Proof replay took 3.2ns 
505941     INFO  main            d.u.i.k.p.r.p.TestFile    ... finished proof: closed. 
506516     INFO  main            d.u.i.k.p.i.AbstractProblemLoader Loading environment from /home/runner/work/key/key/key.core/../key.ui/examples/standard_key/polySimp/simplify19.key.proof 
506516     DEBUG main            d.u.i.k.p.i.AbstractProblemLoader Environment load took 90.11ns 
506518     INFO  main            d.u.i.k.p.i.AbstractProblemLoader Creating init config 
509255     DEBUG main            d.u.i.k.p.i.AbstractProblemLoader Init config took 2.74s 
509272     INFO  main            d.u.i.k.p.i.AbstractProblemLoader Replaying proof simplify19.key.proof 
509543     DEBUG main            d.u.i.k.p.i.IntermediateProofReplayer Proof replay took 259.58ms 
509545     DEBUG main            d.u.i.k.p.r.p.TestFile    ... success: reloaded. 
509545     INFO  main            d.u.i.k.p.r.p.TestFile    Now processing file /home/runner/work/key/key/key.core/../key.ui/examples/standard_key/polySimp/simplify2.key 
509545     INFO  main            d.u.i.k.p.i.AbstractProblemLoader Loading environment from /home/runner/work/key/key/key.core/../key.ui/examples/standard_key/polySimp/simplify2.key 
509545     DEBUG main            d.u.i.k.p.i.AbstractProblemLoader Environment load took 69.7ns 
509546     INFO  main            d.u.i.k.p.i.AbstractProblemLoader Creating init config 
512437     DEBUG main            d.u.i.k.p.i.AbstractProblemLoader Init config took 2.89s 
512452     INFO  main            d.u.i.k.p.i.AbstractProblemLoader Replaying proof simplify2.key 
512454     DEBUG main            d.u.i.k.p.i.IntermediateProofReplayer Proof replay took 3.5ns 
512557     INFO  main            d.u.i.k.p.r.p.TestFile    ... finished proof: closed. 
513166     INFO  main            d.u.i.k.p.i.AbstractProblemLoader Loading environment from /home/runner/work/key/key/key.core/../key.ui/examples/standard_key/polySimp/simplify2.key.proof 
513166     DEBUG main            d.u.i.k.p.i.AbstractProblemLoader Environment load took 83ns 
513167     INFO  main            d.u.i.k.p.i.AbstractProblemLoader Creating init config 
515942     DEBUG main            d.u.i.k.p.i.AbstractProblemLoader Init config took 2.77s 
515958     INFO  main            d.u.i.k.p.i.AbstractProblemLoader Replaying proof simplify2.key.proof 
515961     DEBUG main            d.u.i.k.p.i.IntermediateProofReplayer Proof replay took 913.75ns 
515961     DEBUG main            d.u.i.k.p.r.p.TestFile    ... success: reloaded. 
515962     INFO  main            d.u.i.k.p.r.p.TestFile    Now processing file /home/runner/work/key/key/key.core/../key.ui/examples/standard_key/polySimp/simplify20.key 
515962     INFO  main            d.u.i.k.p.i.AbstractProblemLoader Loading environment from /home/runner/work/key/key/key.core/../key.ui/examples/standard_key/polySimp/simplify20.key 
515962     DEBUG main            d.u.i.k.p.i.AbstractProblemLoader Environment load took 50.2ns 
515963     INFO  main            d.u.i.k.p.i.AbstractProblemLoader Creating init config 
518714     DEBUG main            d.u.i.k.p.i.AbstractProblemLoader Init config took 2.75s 
518730     INFO  main            d.u.i.k.p.i.AbstractProblemLoader Replaying proof simplify20.key 
518731     DEBUG main            d.u.i.k.p.i.IntermediateProofReplayer Proof replay took 2.7ns 
519435     INFO  main            d.u.i.k.p.r.p.TestFile    ... finished proof: closed. 
520033     INFO  main            d.u.i.k.p.i.AbstractProblemLoader Loading environment from /home/runner/work/key/key/key.core/../key.ui/examples/standard_key/polySimp/simplify20.key.proof 
520033     DEBUG main            d.u.i.k.p.i.AbstractProblemLoader Environment load took 425.23ns 
520035     INFO  main            d.u.i.k.p.i.AbstractProblemLoader Creating init config 
522781     DEBUG main            d.u.i.k.p.i.AbstractProblemLoader Init config took 2.75s 
522798     INFO  main            d.u.i.k.p.i.AbstractProblemLoader Replaying proof simplify20.key.proof 
522870     DEBUG main            d.u.i.k.p.i.IntermediateProofReplayer Proof replay took 67.47ms 
522871     DEBUG main            d.u.i.k.p.r.p.TestFile    ... success: reloaded. 
522872     INFO  main            d.u.i.k.p.r.p.TestFile    Now processing file /home/runner/work/key/key/key.core/../key.ui/examples/standard_key/polySimp/simplify21.key 
522872     INFO  main            d.u.i.k.p.i.AbstractProblemLoader Loading environment from /home/runner/work/key/key/key.core/../key.ui/examples/standard_key/polySimp/simplify21.key 
522872     DEBUG main            d.u.i.k.p.i.AbstractProblemLoader Environment load took 89.91ns 
522875     INFO  main            d.u.i.k.p.i.AbstractProblemLoader Creating init config 
525780     DEBUG main            d.u.i.k.p.i.AbstractProblemLoader Init config took 2.91s 
525798     INFO  main            d.u.i.k.p.i.AbstractProblemLoader Replaying proof simplify21.key 
525800     DEBUG main            d.u.i.k.p.i.IntermediateProofReplayer Proof replay took 2.8ns 
526507     INFO  main            d.u.i.k.p.r.p.TestFile    ... finished proof: closed. 
527182     INFO  main            d.u.i.k.p.i.AbstractProblemLoader Loading environment from /home/runner/work/key/key/key.core/../key.ui/examples/standard_key/polySimp/simplify21.key.proof 
527182     DEBUG main            d.u.i.k.p.i.AbstractProblemLoader Environment load took 82.7ns 
527185     INFO  main            d.u.i.k.p.i.AbstractProblemLoader Creating init config 
530053     DEBUG main            d.u.i.k.p.i.AbstractProblemLoader Init config took 2.87s 
530072     INFO  main            d.u.i.k.p.i.AbstractProblemLoader Replaying proof simplify21.key.proof 
530132     DEBUG main            d.u.i.k.p.i.IntermediateProofReplayer Proof replay took 55.5ms 
530134     DEBUG main            d.u.i.k.p.r.p.TestFile    ... success: reloaded. 
530135     INFO  main            d.u.i.k.p.r.p.TestFile    Now processing file /home/runner/work/key/key/key.core/../key.ui/examples/standard_key/polySimp/simplify22.key 
530135     INFO  main            d.u.i.k.p.i.AbstractProblemLoader Loading environment from /home/runner/work/key/key/key.core/../key.ui/examples/standard_key/polySimp/simplify22.key 
530135     DEBUG main            d.u.i.k.p.i.AbstractProblemLoader Environment load took 81.5ns 
530136     INFO  main            d.u.i.k.p.i.AbstractProblemLoader Creating init config 
532976     DEBUG main            d.u.i.k.p.i.AbstractProblemLoader Init config took 2.84s 
532992     INFO  main            d.u.i.k.p.i.AbstractProblemLoader Replaying proof simplify22.key 
532993     DEBUG main            d.u.i.k.p.i.IntermediateProofReplayer Proof replay took 3.2ns 
533099     INFO  main            d.u.i.k.p.r.p.TestFile    ... finished proof: closed. 
533713     INFO  main            d.u.i.k.p.i.AbstractProblemLoader Loading environment from /home/runner/work/key/key/key.core/../key.ui/examples/standard_key/polySimp/simplify22.key.proof 
533713     DEBUG main            d.u.i.k.p.i.AbstractProblemLoader Environment load took 77.31ns 
533714     INFO  main            d.u.i.k.p.i.AbstractProblemLoader Creating init config 
536489     DEBUG main            d.u.i.k.p.i.AbstractProblemLoader Init config took 2.77s 
536505     INFO  main            d.u.i.k.p.i.AbstractProblemLoader Replaying proof simplify22.key.proof 
536509     DEBUG main            d.u.i.k.p.i.IntermediateProofReplayer Proof replay took 2.55ms 
536510     DEBUG main            d.u.i.k.p.r.p.TestFile    ... success: reloaded. 
536510     INFO  main            d.u.i.k.p.r.p.TestFile    Now processing file /home/runner/work/key/key/key.core/../key.ui/examples/standard_key/polySimp/simplify23.key 
536510     INFO  main            d.u.i.k.p.i.AbstractProblemLoader Loading environment from /home/runner/work/key/key/key.core/../key.ui/examples/standard_key/polySimp/simplify23.key 
536511     DEBUG main            d.u.i.k.p.i.AbstractProblemLoader Environment load took 75.2ns 
536511     INFO  main            d.u.i.k.p.i.AbstractProblemLoader Creating init config 
539332     DEBUG main            d.u.i.k.p.i.AbstractProblemLoader Init config took 2.82s 
539348     INFO  main            d.u.i.k.p.i.AbstractProblemLoader Replaying proof simplify23.key 
539349     DEBUG main            d.u.i.k.p.i.IntermediateProofReplayer Proof replay took 2.2ns 
539451     INFO  main            d.u.i.k.p.r.p.TestFile    ... finished proof: closed. 
540030     INFO  main            d.u.i.k.p.i.AbstractProblemLoader Loading environment from /home/runner/work/key/key/key.core/../key.ui/examples/standard_key/polySimp/simplify23.key.proof 
540030     DEBUG main            d.u.i.k.p.i.AbstractProblemLoader Environment load took 86.31ns 
540031     INFO  main            d.u.i.k.p.i.AbstractProblemLoader Creating init config 
542781     DEBUG main            d.u.i.k.p.i.AbstractProblemLoader Init config took 2.75s 
542797     INFO  main            d.u.i.k.p.i.AbstractProblemLoader Replaying proof simplify23.key.proof 
542812     DEBUG main            d.u.i.k.p.i.IntermediateProofReplayer Proof replay took 12.83ms 
542812     DEBUG main            d.u.i.k.p.r.p.TestFile    ... success: reloaded. 
542813     INFO  main            d.u.i.k.p.r.p.TestFile    Now processing file /home/runner/work/key/key/key.core/../key.ui/examples/standard_key/polySimp/simplify24.key 
542813     INFO  main            d.u.i.k.p.i.AbstractProblemLoader Loading environment from /home/runner/work/key/key/key.core/../key.ui/examples/standard_key/polySimp/simplify24.key 
542813     DEBUG main            d.u.i.k.p.i.AbstractProblemLoader Environment load took 94.51ns 
542814     INFO  main            d.u.i.k.p.i.AbstractProblemLoader Creating init config 
545648     DEBUG main            d.u.i.k.p.i.AbstractProblemLoader Init config took 2.83s 
545663     INFO  main            d.u.i.k.p.i.AbstractProblemLoader Replaying proof simplify24.key 
545664     DEBUG main            d.u.i.k.p.i.IntermediateProofReplayer Proof replay took 2.1ns 
545766     INFO  main            d.u.i.k.p.r.p.TestFile    ... finished proof: closed. 
546332     INFO  main            d.u.i.k.p.i.AbstractProblemLoader Loading environment from /home/runner/work/key/key/key.core/../key.ui/examples/standard_key/polySimp/simplify24.key.proof 
546332     DEBUG main            d.u.i.k.p.i.AbstractProblemLoader Environment load took 76.2ns 
546333     INFO  main            d.u.i.k.p.i.AbstractProblemLoader Creating init config 
549098     DEBUG main            d.u.i.k.p.i.AbstractProblemLoader Init config took 2.77s 
549114     INFO  main            d.u.i.k.p.i.AbstractProblemLoader Replaying proof simplify24.key.proof 
549118     DEBUG main            d.u.i.k.p.i.IntermediateProofReplayer Proof replay took 2.7ms 
549119     DEBUG main            d.u.i.k.p.r.p.TestFile    ... success: reloaded. 
549119     INFO  main            d.u.i.k.p.r.p.TestFile    Now processing file /home/runner/work/key/key/key.core/../key.ui/examples/standard_key/polySimp/simplify25.key 
549119     INFO  main            d.u.i.k.p.i.AbstractProblemLoader Loading environment from /home/runner/work/key/key/key.core/../key.ui/examples/standard_key/polySimp/simplify25.key 
549120     DEBUG main            d.u.i.k.p.i.AbstractProblemLoader Environment load took 66.6ns 
549120     INFO  main            d.u.i.k.p.i.AbstractProblemLoader Creating init config 
551897     DEBUG main            d.u.i.k.p.i.AbstractProblemLoader Init config took 2.78s 
551913     INFO  main            d.u.i.k.p.i.AbstractProblemLoader Replaying proof simplify25.key 
551914     DEBUG main            d.u.i.k.p.i.IntermediateProofReplayer Proof replay took 2.6ns 
552018     INFO  main            d.u.i.k.p.r.p.TestFile    ... finished proof: closed. 
552585     INFO  main            d.u.i.k.p.i.AbstractProblemLoader Loading environment from /home/runner/work/key/key/key.core/../key.ui/examples/standard_key/polySimp/simplify25.key.proof 
552585     DEBUG main            d.u.i.k.p.i.AbstractProblemLoader Environment load took 75.9ns 
552586     INFO  main            d.u.i.k.p.i.AbstractProblemLoader Creating init config 
555403     DEBUG main            d.u.i.k.p.i.AbstractProblemLoader Init config took 2.82s 
555420     INFO  main            d.u.i.k.p.i.AbstractProblemLoader Replaying proof simplify25.key.proof 
555424     DEBUG main            d.u.i.k.p.i.IntermediateProofReplayer Proof replay took 2.74ms 
555425     DEBUG main            d.u.i.k.p.r.p.TestFile    ... success: reloaded. 
555425     INFO  main            d.u.i.k.p.r.p.TestFile    Now processing file /home/runner/work/key/key/key.core/../key.ui/examples/standard_key/polySimp/simplify3.key 
555425     INFO  main            d.u.i.k.p.i.AbstractProblemLoader Loading environment from /home/runner/work/key/key/key.core/../key.ui/examples/standard_key/polySimp/simplify3.key 
555425     DEBUG main            d.u.i.k.p.i.AbstractProblemLoader Environment load took 47.6ns 
555426     INFO  main            d.u.i.k.p.i.AbstractProblemLoader Creating init config 
558316     DEBUG main            d.u.i.k.p.i.AbstractProblemLoader Init config took 2.89s 
558332     INFO  main            d.u.i.k.p.i.AbstractProblemLoader Replaying proof simplify3.key 
558333     DEBUG main            d.u.i.k.p.i.IntermediateProofReplayer Proof replay took 2.7ns 
558438     INFO  main            d.u.i.k.p.r.p.TestFile    ... finished proof: closed. 
559029     INFO  main            d.u.i.k.p.i.AbstractProblemLoader Loading environment from /home/runner/work/key/key/key.core/../key.ui/examples/standard_key/polySimp/simplify3.key.proof 
559029     DEBUG main            d.u.i.k.p.i.AbstractProblemLoader Environment load took 76.91ns 
559030     INFO  main            d.u.i.k.p.i.AbstractProblemLoader Creating init config 
561866     DEBUG main            d.u.i.k.p.i.AbstractProblemLoader Init config took 2.84s 
561885     INFO  main            d.u.i.k.p.i.AbstractProblemLoader Replaying proof simplify3.key.proof 
561887     DEBUG main            d.u.i.k.p.i.IntermediateProofReplayer Proof replay took 935.36ns 
561888     DEBUG main            d.u.i.k.p.r.p.TestFile    ... success: reloaded. 
561888     INFO  main            d.u.i.k.p.r.p.TestFile    Now processing file /home/runner/work/key/key/key.core/../key.ui/examples/standard_key/polySimp/simplify4.key 
561889     INFO  main            d.u.i.k.p.i.AbstractProblemLoader Loading environment from /home/runner/work/key/key/key.core/../key.ui/examples/standard_key/polySimp/simplify4.key 
561889     DEBUG main            d.u.i.k.p.i.AbstractProblemLoader Environment load took 84.11ns 
561890     INFO  main            d.u.i.k.p.i.AbstractProblemLoader Creating init config 
564694     DEBUG main            d.u.i.k.p.i.AbstractProblemLoader Init config took 2.8s 
564709     INFO  main            d.u.i.k.p.i.AbstractProblemLoader Replaying proof simplify4.key 
564710     DEBUG main            d.u.i.k.p.i.IntermediateProofReplayer Proof replay took 2.2ns 
564811     INFO  main            d.u.i.k.p.r.p.TestFile    ... finished proof: closed. 
565417     INFO  main            d.u.i.k.p.i.AbstractProblemLoader Loading environment from /home/runner/work/key/key/key.core/../key.ui/examples/standard_key/polySimp/simplify4.key.proof 
565417     DEBUG main            d.u.i.k.p.i.AbstractProblemLoader Environment load took 74.6ns 
565418     INFO  main            d.u.i.k.p.i.AbstractProblemLoader Creating init config 
568212     DEBUG main            d.u.i.k.p.i.AbstractProblemLoader Init config took 2.79s 
568227     INFO  main            d.u.i.k.p.i.AbstractProblemLoader Replaying proof simplify4.key.proof 
568230     DEBUG main            d.u.i.k.p.i.IntermediateProofReplayer Proof replay took 1.23ms 
568231     DEBUG main            d.u.i.k.p.r.p.TestFile    ... success: reloaded. 
568231     INFO  main            d.u.i.k.p.r.p.TestFile    Now processing file /home/runner/work/key/key/key.core/../key.ui/examples/standard_key/polySimp/simplify5.key 
568231     INFO  main            d.u.i.k.p.i.AbstractProblemLoader Loading environment from /home/runner/work/key/key/key.core/../key.ui/examples/standard_key/polySimp/simplify5.key 
568231     DEBUG main            d.u.i.k.p.i.AbstractProblemLoader Environment load took 65.6ns 
568232     INFO  main            d.u.i.k.p.i.AbstractProblemLoader Creating init config 
571070     DEBUG main            d.u.i.k.p.i.AbstractProblemLoader Init config took 2.84s 
571086     INFO  main            d.u.i.k.p.i.AbstractProblemLoader Replaying proof simplify5.key 
571087     DEBUG main            d.u.i.k.p.i.IntermediateProofReplayer Proof replay took 3.1ns 
571189     INFO  main            d.u.i.k.p.r.p.TestFile    ... finished proof: closed. 
571803     INFO  main            d.u.i.k.p.i.AbstractProblemLoader Loading environment from /home/runner/work/key/key/key.core/../key.ui/examples/standard_key/polySimp/simplify5.key.proof 
571804     DEBUG main            d.u.i.k.p.i.AbstractProblemLoader Environment load took 80.61ns 
571805     INFO  main            d.u.i.k.p.i.AbstractProblemLoader Creating init config 
574619     DEBUG main            d.u.i.k.p.i.AbstractProblemLoader Init config took 2.81s 
574636     INFO  main            d.u.i.k.p.i.AbstractProblemLoader Replaying proof simplify5.key.proof 
574644     DEBUG main            d.u.i.k.p.i.IntermediateProofReplayer Proof replay took 6.83ms 
574645     DEBUG main            d.u.i.k.p.r.p.TestFile    ... success: reloaded. 
574646     INFO  main            d.u.i.k.p.r.p.TestFile    Now processing file /home/runner/work/key/key/key.core/../key.ui/examples/standard_key/polySimp/simplify6.key 
574646     INFO  main            d.u.i.k.p.i.AbstractProblemLoader Loading environment from /home/runner/work/key/key/key.core/../key.ui/examples/standard_key/polySimp/simplify6.key 
574646     DEBUG main            d.u.i.k.p.i.AbstractProblemLoader Environment load took 62.1ns 
574647     INFO  main            d.u.i.k.p.i.AbstractProblemLoader Creating init config 
577543     DEBUG main            d.u.i.k.p.i.AbstractProblemLoader Init config took 2.9s 
577559     INFO  main            d.u.i.k.p.i.AbstractProblemLoader Replaying proof simplify6.key 
577560     DEBUG main            d.u.i.k.p.i.IntermediateProofReplayer Proof replay took 2.2ns 
577662     INFO  main            d.u.i.k.p.r.p.TestFile    ... finished proof: closed. 
578285     INFO  main            d.u.i.k.p.i.AbstractProblemLoader Loading environment from /home/runner/work/key/key/key.core/../key.ui/examples/standard_key/polySimp/simplify6.key.proof 
578285     DEBUG main            d.u.i.k.p.i.AbstractProblemLoader Environment load took 73.1ns 
578286     INFO  main            d.u.i.k.p.i.AbstractProblemLoader Creating init config 
581085     DEBUG main            d.u.i.k.p.i.AbstractProblemLoader Init config took 2.8s 
581102     INFO  main            d.u.i.k.p.i.AbstractProblemLoader Replaying proof simplify6.key.proof 
581104     DEBUG main            d.u.i.k.p.i.IntermediateProofReplayer Proof replay took 359.52ns 
581104     DEBUG main            d.u.i.k.p.r.p.TestFile    ... success: reloaded. 
581105     INFO  main            d.u.i.k.p.r.p.TestFile    Now processing file /home/runner/work/key/key/key.core/../key.ui/examples/standard_key/polySimp/simplify7.key 
581105     INFO  main            d.u.i.k.p.i.AbstractProblemLoader Loading environment from /home/runner/work/key/key/key.core/../key.ui/examples/standard_key/polySimp/simplify7.key 
581105     DEBUG main            d.u.i.k.p.i.AbstractProblemLoader Environment load took 71.41ns 
581106     INFO  main            d.u.i.k.p.i.AbstractProblemLoader Creating init config 
583940     DEBUG main            d.u.i.k.p.i.AbstractProblemLoader Init config took 2.83s 
583955     INFO  main            d.u.i.k.p.i.AbstractProblemLoader Replaying proof simplify7.key 
583956     DEBUG main            d.u.i.k.p.i.IntermediateProofReplayer Proof replay took 2.5ns 
584058     INFO  main            d.u.i.k.p.r.p.TestFile    ... finished proof: closed. 
584670     INFO  main            d.u.i.k.p.i.AbstractProblemLoader Loading environment from /home/runner/work/key/key/key.core/../key.ui/examples/standard_key/polySimp/simplify7.key.proof 
584670     DEBUG main            d.u.i.k.p.i.AbstractProblemLoader Environment load took 67.9ns 
584671     INFO  main            d.u.i.k.p.i.AbstractProblemLoader Creating init config 
587361     DEBUG main            d.u.i.k.p.i.AbstractProblemLoader Init config took 2.69s 
587377     INFO  main            d.u.i.k.p.i.AbstractProblemLoader Replaying proof simplify7.key.proof 
587379     DEBUG main            d.u.i.k.p.i.IntermediateProofReplayer Proof replay took 640.54ns 
587380     DEBUG main            d.u.i.k.p.r.p.TestFile    ... success: reloaded. 
587380     INFO  main            d.u.i.k.p.r.p.TestFile    Now processing file /home/runner/work/key/key/key.core/../key.ui/examples/standard_key/polySimp/simplify8.key 
587380     INFO  main            d.u.i.k.p.i.AbstractProblemLoader Loading environment from /home/runner/work/key/key/key.core/../key.ui/examples/standard_key/polySimp/simplify8.key 
587380     DEBUG main            d.u.i.k.p.i.AbstractProblemLoader Environment load took 40.2ns 
587384     INFO  main            d.u.i.k.p.i.AbstractProblemLoader Creating init config 
590193     DEBUG main            d.u.i.k.p.i.AbstractProblemLoader Init config took 2.81s 
590210     INFO  main            d.u.i.k.p.i.AbstractProblemLoader Replaying proof simplify8.key 
590211     DEBUG main            d.u.i.k.p.i.IntermediateProofReplayer Proof replay took 2.2ns 
594534     INFO  main            d.u.i.k.p.r.p.TestFile    ... finished proof: closed. 
595177     INFO  main            d.u.i.k.p.i.AbstractProblemLoader Loading environment from /home/runner/work/key/key/key.core/../key.ui/examples/standard_key/polySimp/simplify8.key.proof 
595177     DEBUG main            d.u.i.k.p.i.AbstractProblemLoader Environment load took 83.11ns 
595180     INFO  main            d.u.i.k.p.i.AbstractProblemLoader Creating init config 
597954     DEBUG main            d.u.i.k.p.i.AbstractProblemLoader Init config took 2.77s 
597973     INFO  main            d.u.i.k.p.i.AbstractProblemLoader Replaying proof simplify8.key.proof 
598185     DEBUG main            d.u.i.k.p.i.IntermediateProofReplayer Proof replay took 208ms 
598187     DEBUG main            d.u.i.k.p.r.p.TestFile    ... success: reloaded. 
598188     INFO  main            d.u.i.k.p.r.p.TestFile    Now processing file /home/runner/work/key/key/key.core/../key.ui/examples/standard_key/polySimp/simplify9.key 
598188     INFO  main            d.u.i.k.p.i.AbstractProblemLoader Loading environment from /home/runner/work/key/key/key.core/../key.ui/examples/standard_key/polySimp/simplify9.key 
598188     DEBUG main            d.u.i.k.p.i.AbstractProblemLoader Environment load took 44.3ns 
598189     INFO  main            d.u.i.k.p.i.AbstractProblemLoader Creating init config 
600999     DEBUG main            d.u.i.k.p.i.AbstractProblemLoader Init config took 2.81s 
601016     INFO  main            d.u.i.k.p.i.AbstractProblemLoader Replaying proof simplify9.key 
601017     DEBUG main            d.u.i.k.p.i.IntermediateProofReplayer Proof replay took 2.1ns 
601219     INFO  main            d.u.i.k.p.r.p.TestFile    ... finished proof: closed. 
601919     INFO  main            d.u.i.k.p.i.AbstractProblemLoader Loading environment from /home/runner/work/key/key/key.core/../key.ui/examples/standard_key/polySimp/simplify9.key.proof 
601920     DEBUG main            d.u.i.k.p.i.AbstractProblemLoader Environment load took 76.9ns 
601921     INFO  main            d.u.i.k.p.i.AbstractProblemLoader Creating init config 
604741     DEBUG main            d.u.i.k.p.i.AbstractProblemLoader Init config took 2.82s 
604758     INFO  main            d.u.i.k.p.i.AbstractProblemLoader Replaying proof simplify9.key.proof 
604770     DEBUG main            d.u.i.k.p.i.IntermediateProofReplayer Proof replay took 10.86ms 
604771     DEBUG main            d.u.i.k.p.r.p.TestFile    ... success: reloaded. 
3458190    INFO  Test worker     d.u.i.k.p.r.RunAllProofsTestUnit Returning from test arithmetic 
3458192    INFO  Test worker     d.u.i.k.p.r.RunAllProofsTestUnit Running test arrays 
397        INFO  Timeout watchdog d.u.i.k.p.r.p.ForkedTestFileRunner Timeout watcher launched (2000 secs.) 
415        WARN  main            d.u.i.k.s.ProofSettings   The settings in /home/runner/.key/proof-settings.props are *not* read. 
473        INFO  main            d.u.i.k.p.r.p.TestFile    Now processing file /home/runner/work/key/key/key.core/../key.ui/examples/standard_key/arrays/arrayStoreException/array2DimPrim.key 
650        INFO  main            d.u.i.k.p.i.AbstractProblemLoader Loading environment from /home/runner/work/key/key/key.core/../key.ui/examples/standard_key/arrays/arrayStoreException/array2DimPrim.key 
670        DEBUG main            d.u.i.k.p.i.AbstractProblemLoader Environment load took 2.5ms 
1022       INFO  main            d.u.i.k.p.i.AbstractProblemLoader Creating init config 
2121       DEBUG main            d.u.i.k.j.TypeConverter   No LDT found for Meta 
2122       DEBUG main            d.u.i.k.j.TypeConverter   No LDT found for Meta 
2126       DEBUG main            d.u.i.k.j.TypeConverter   No LDT found for Meta 
2126       DEBUG main            d.u.i.k.j.TypeConverter   No LDT found for Meta 
3876       DEBUG main            d.u.i.k.j.TypeConverter   No LDT found for JavaBigintExpression 
9716       DEBUG main            d.u.i.k.p.i.AbstractProblemLoader Init config took 8.69s 
9791       INFO  main            d.u.i.k.p.i.AbstractProblemLoader Replaying proof array2DimPrim.key 
9832       DEBUG main            d.u.i.k.p.i.IntermediateProofReplayer Proof replay took 40.9ns 
14590      INFO  main            d.u.i.k.p.r.p.TestFile    ... finished proof: closed. 
14825      INFO  main            d.u.i.k.p.i.AbstractProblemLoader Loading environment from /home/runner/work/key/key/key.core/../key.ui/examples/standard_key/arrays/arrayStoreException/array2DimPrim.key.proof 
14825      DEBUG main            d.u.i.k.p.i.AbstractProblemLoader Environment load took 521.83ns 
14832      INFO  main            d.u.i.k.p.i.AbstractProblemLoader Creating init config 
18280      DEBUG main            d.u.i.k.p.i.AbstractProblemLoader Init config took 3.45s 
18330      INFO  main            d.u.i.k.p.i.AbstractProblemLoader Replaying proof array2DimPrim.key.proof 
19113      DEBUG main            d.u.i.k.p.i.IntermediateProofReplayer Proof replay took 763.98ms 
19129      DEBUG main            d.u.i.k.p.r.p.TestFile    ... success: reloaded. 
19131      INFO  main            d.u.i.k.p.r.p.TestFile    Now processing file /home/runner/work/key/key/key.core/../key.ui/examples/standard_key/arrays/arrayStoreException/arrayStoreKnownDynType.key 
19132      INFO  main            d.u.i.k.p.i.AbstractProblemLoader Loading environment from /home/runner/work/key/key/key.core/../key.ui/examples/standard_key/arrays/arrayStoreException/arrayStoreKnownDynType.key 
19132      DEBUG main            d.u.i.k.p.i.AbstractProblemLoader Environment load took 278.32ns 
19134      INFO  main            d.u.i.k.p.i.AbstractProblemLoader Creating init config 
22176      DEBUG main            d.u.i.k.p.i.AbstractProblemLoader Init config took 3.04s 
22209      INFO  main            d.u.i.k.p.i.AbstractProblemLoader Replaying proof arrayStoreKnownDynType.key 
22213      DEBUG main            d.u.i.k.p.i.IntermediateProofReplayer Proof replay took 8.5ns 
22516      INFO  main            d.u.i.k.p.r.p.TestFile    ... finished proof: closed. 
22810      INFO  main            d.u.i.k.p.i.AbstractProblemLoader Loading environment from /home/runner/work/key/key/key.core/../key.ui/examples/standard_key/arrays/arrayStoreException/arrayStoreKnownDynType.key.proof 
22810      DEBUG main            d.u.i.k.p.i.AbstractProblemLoader Environment load took 725.84ns 
22812      INFO  main            d.u.i.k.p.i.AbstractProblemLoader Creating init config 
25856      DEBUG main            d.u.i.k.p.i.AbstractProblemLoader Init config took 3.04s 
25902      INFO  main            d.u.i.k.p.i.AbstractProblemLoader Replaying proof arrayStoreKnownDynType.key.proof 
25979      DEBUG main            d.u.i.k.p.i.IntermediateProofReplayer Proof replay took 67.02ms 
25982      DEBUG main            d.u.i.k.p.r.p.TestFile    ... success: reloaded. 
25988      INFO  main            d.u.i.k.p.r.p.TestFile    Now processing file /home/runner/work/key/key/key.core/../key.ui/examples/standard_key/arrays/arrayStoreException/reverseArray.key 
25989      INFO  main            d.u.i.k.p.i.AbstractProblemLoader Loading environment from /home/runner/work/key/key/key.core/../key.ui/examples/standard_key/arrays/arrayStoreException/reverseArray.key 
25989      DEBUG main            d.u.i.k.p.i.AbstractProblemLoader Environment load took 146.81ns 
25992      INFO  main            d.u.i.k.p.i.AbstractProblemLoader Creating init config 
29094      DEBUG main            d.u.i.k.p.i.AbstractProblemLoader Init config took 3.1s 
29123      INFO  main            d.u.i.k.p.i.AbstractProblemLoader Replaying proof reverseArray.key 
29127      DEBUG main            d.u.i.k.p.i.IntermediateProofReplayer Proof replay took 8ns 
29833      INFO  main            d.u.i.k.p.r.p.TestFile    ... finished proof: closed. 
30048      INFO  main            d.u.i.k.p.i.AbstractProblemLoader Loading environment from /home/runner/work/key/key/key.core/../key.ui/examples/standard_key/arrays/arrayStoreException/reverseArray.key.proof 
30048      DEBUG main            d.u.i.k.p.i.AbstractProblemLoader Environment load took 663.74ns 
30053      INFO  main            d.u.i.k.p.i.AbstractProblemLoader Creating init config 
33233      DEBUG main            d.u.i.k.p.i.AbstractProblemLoader Init config took 3.18s 
33263      INFO  main            d.u.i.k.p.i.AbstractProblemLoader Replaying proof reverseArray.key.proof 
33516      DEBUG main            d.u.i.k.p.i.IntermediateProofReplayer Proof replay took 238.9ms 
33522      DEBUG main            d.u.i.k.p.r.p.TestFile    ... success: reloaded. 
33524      INFO  main            d.u.i.k.p.r.p.TestFile    Now processing file /home/runner/work/key/key/key.core/../key.ui/examples/standard_key/arrays/arrayStoreException/throwArrayStoreException.key 
33524      INFO  main            d.u.i.k.p.i.AbstractProblemLoader Loading environment from /home/runner/work/key/key/key.core/../key.ui/examples/standard_key/arrays/arrayStoreException/throwArrayStoreException.key 
33525      DEBUG main            d.u.i.k.p.i.AbstractProblemLoader Environment load took 124.71ns 
33527      INFO  main            d.u.i.k.p.i.AbstractProblemLoader Creating init config 
36697      DEBUG main            d.u.i.k.p.i.AbstractProblemLoader Init config took 3.17s 
36727      INFO  main            d.u.i.k.p.i.AbstractProblemLoader Replaying proof throwArrayStoreException.key 
36729      DEBUG main            d.u.i.k.p.i.IntermediateProofReplayer Proof replay took 8.5ns 
37233      INFO  main            d.u.i.k.p.r.p.TestFile    ... finished proof: closed. 
37465      INFO  main            d.u.i.k.p.i.AbstractProblemLoader Loading environment from /home/runner/work/key/key/key.core/../key.ui/examples/standard_key/arrays/arrayStoreException/throwArrayStoreException.key.proof 
37465      DEBUG main            d.u.i.k.p.i.AbstractProblemLoader Environment load took 161.31ns 
37468      INFO  main            d.u.i.k.p.i.AbstractProblemLoader Creating init config 
40621      DEBUG main            d.u.i.k.p.i.AbstractProblemLoader Init config took 3.15s 
40659      INFO  main            d.u.i.k.p.i.AbstractProblemLoader Replaying proof throwArrayStoreException.key.proof 
40785      DEBUG main            d.u.i.k.p.i.IntermediateProofReplayer Proof replay took 120.24ms 
40787      DEBUG main            d.u.i.k.p.r.p.TestFile    ... success: reloaded. 
40788      INFO  main            d.u.i.k.p.r.p.TestFile    Now processing file /home/runner/work/key/key/key.core/../key.ui/examples/standard_key/arrays/creation/arrayCreation1.key 
40789      INFO  main            d.u.i.k.p.i.AbstractProblemLoader Loading environment from /home/runner/work/key/key/key.core/../key.ui/examples/standard_key/arrays/creation/arrayCreation1.key 
40789      DEBUG main            d.u.i.k.p.i.AbstractProblemLoader Environment load took 239.11ns 
40790      INFO  main            d.u.i.k.p.i.AbstractProblemLoader Creating init config 
43749      DEBUG main            d.u.i.k.p.i.AbstractProblemLoader Init config took 2.96s 
43772      INFO  main            d.u.i.k.p.i.AbstractProblemLoader Replaying proof arrayCreation1.key 
43774      DEBUG main            d.u.i.k.p.i.IntermediateProofReplayer Proof replay took 7.9ns 
43977      INFO  main            d.u.i.k.p.r.p.TestFile    ... finished proof: closed. 
44198      INFO  main            d.u.i.k.p.i.AbstractProblemLoader Loading environment from /home/runner/work/key/key/key.core/../key.ui/examples/standard_key/arrays/creation/arrayCreation1.key.proof 
44199      DEBUG main            d.u.i.k.p.i.AbstractProblemLoader Environment load took 129.41ns 
44200      INFO  main            d.u.i.k.p.i.AbstractProblemLoader Creating init config 
47018      DEBUG main            d.u.i.k.p.i.AbstractProblemLoader Init config took 2.82s 
47043      INFO  main            d.u.i.k.p.i.AbstractProblemLoader Replaying proof arrayCreation1.key.proof 
47076      DEBUG main            d.u.i.k.p.i.IntermediateProofReplayer Proof replay took 29.7ms 
47077      DEBUG main            d.u.i.k.p.r.p.TestFile    ... success: reloaded. 
47078      INFO  main            d.u.i.k.p.r.p.TestFile    Now processing file /home/runner/work/key/key/key.core/../key.ui/examples/standard_key/arrays/arrayStoreException/array2Dim.key 
47079      INFO  main            d.u.i.k.p.i.AbstractProblemLoader Loading environment from /home/runner/work/key/key/key.core/../key.ui/examples/standard_key/arrays/arrayStoreException/array2Dim.key 
47079      DEBUG main            d.u.i.k.p.i.AbstractProblemLoader Environment load took 247.81ns 
47081      INFO  main            d.u.i.k.p.i.AbstractProblemLoader Creating init config 
50055      DEBUG main            d.u.i.k.p.i.AbstractProblemLoader Init config took 2.97s 
50100      INFO  main            d.u.i.k.p.i.AbstractProblemLoader Replaying proof array2Dim.key 
50102      DEBUG main            d.u.i.k.p.i.IntermediateProofReplayer Proof replay took 8.9ns 
54256      INFO  main            d.u.i.k.p.r.p.TestFile    ... finished proof: open goal(s) 
54563      INFO  main            d.u.i.k.p.r.p.TestFile    Now processing file /home/runner/work/key/key/key.core/../key.ui/examples/standard_key/arrays/arrayStoreException/array2DimClose.key 
54563      INFO  main            d.u.i.k.p.i.AbstractProblemLoader Loading environment from /home/runner/work/key/key/key.core/../key.ui/examples/standard_key/arrays/arrayStoreException/array2DimClose.key 
54563      DEBUG main            d.u.i.k.p.i.AbstractProblemLoader Environment load took 76.3ns 
54566      INFO  main            d.u.i.k.p.i.AbstractProblemLoader Creating init config 
57392      DEBUG main            d.u.i.k.p.i.AbstractProblemLoader Init config took 2.83s 
57416      INFO  main            d.u.i.k.p.i.AbstractProblemLoader Replaying proof array2DimClose.key 
57419      DEBUG main            d.u.i.k.p.i.IntermediateProofReplayer Proof replay took 16.6ns 
60162      INFO  main            d.u.i.k.p.r.p.TestFile    ... finished proof: open goal(s) 
60572      INFO  main            d.u.i.k.p.r.p.TestFile    Now processing file /home/runner/work/key/key/key.core/../key.ui/examples/standard_key/arrays/arrayStoreException/throwASEForPrim.key 
60572      INFO  main            d.u.i.k.p.i.AbstractProblemLoader Loading environment from /home/runner/work/key/key/key.core/../key.ui/examples/standard_key/arrays/arrayStoreException/throwASEForPrim.key 
60572      DEBUG main            d.u.i.k.p.i.AbstractProblemLoader Environment load took 83.5ns 
60574      INFO  main            d.u.i.k.p.i.AbstractProblemLoader Creating init config 
63312      DEBUG main            d.u.i.k.p.i.AbstractProblemLoader Init config took 2.74s 
63331      INFO  main            d.u.i.k.p.i.AbstractProblemLoader Replaying proof throwASEForPrim.key 
63333      DEBUG main            d.u.i.k.p.i.IntermediateProofReplayer Proof replay took 8.6ns 
68447      INFO  main            d.u.i.k.p.r.p.TestFile    ... finished proof: open goal(s) 
3527224    INFO  Test worker     d.u.i.k.p.r.RunAllProofsTestUnit Returning from test arrays 
3527225    INFO  Test worker     d.u.i.k.p.r.RunAllProofsTestUnit Running test javadl 
447        INFO  Timeout watchdog d.u.i.k.p.r.p.ForkedTestFileRunner Timeout watcher launched (2000 secs.) 
461        WARN  main            d.u.i.k.s.ProofSettings   The settings in /home/runner/.key/proof-settings.props are *not* read. 
519        INFO  main            d.u.i.k.p.r.p.TestFile    Now processing file /home/runner/work/key/key/key.core/../key.ui/examples/standard_key/instanceCreation/instanceCreation1.key 
690        INFO  main            d.u.i.k.p.i.AbstractProblemLoader Loading environment from /home/runner/work/key/key/key.core/../key.ui/examples/standard_key/instanceCreation/instanceCreation1.key 
710        DEBUG main            d.u.i.k.p.i.AbstractProblemLoader Environment load took 2.28ms 
1043       INFO  main            d.u.i.k.p.i.AbstractProblemLoader Creating init config 
1996       DEBUG main            d.u.i.k.j.TypeConverter   No LDT found for Meta 
1996       DEBUG main            d.u.i.k.j.TypeConverter   No LDT found for Meta 
1997       DEBUG main            d.u.i.k.j.TypeConverter   No LDT found for Meta 
1998       DEBUG main            d.u.i.k.j.TypeConverter   No LDT found for Meta 
3710       DEBUG main            d.u.i.k.j.TypeConverter   No LDT found for JavaBigintExpression 
9519       DEBUG main            d.u.i.k.p.i.AbstractProblemLoader Init config took 8.48s 
9598       INFO  main            d.u.i.k.p.i.AbstractProblemLoader Replaying proof instanceCreation1.key 
9638       DEBUG main            d.u.i.k.p.i.IntermediateProofReplayer Proof replay took 41.2ns 
10891      INFO  main            d.u.i.k.p.r.p.TestFile    ... finished proof: closed. 
11053      INFO  main            d.u.i.k.p.i.AbstractProblemLoader Loading environment from /home/runner/work/key/key/key.core/../key.ui/examples/standard_key/instanceCreation/instanceCreation1.key.proof 
11053      DEBUG main            d.u.i.k.p.i.AbstractProblemLoader Environment load took 223.01ns 
11058      INFO  main            d.u.i.k.p.i.AbstractProblemLoader Creating init config 
14336      DEBUG main            d.u.i.k.p.i.AbstractProblemLoader Init config took 3.28s 
14376      INFO  main            d.u.i.k.p.i.AbstractProblemLoader Replaying proof instanceCreation1.key.proof 
14491      DEBUG main            d.u.i.k.p.i.IntermediateProofReplayer Proof replay took 107.33ms 
14508      DEBUG main            d.u.i.k.p.r.p.TestFile    ... success: reloaded. 
14517      INFO  main            d.u.i.k.p.r.p.TestFile    Now processing file /home/runner/work/key/key/key.core/../key.ui/examples/standard_key/instanceCreation/instanceCreation2.key 
14525      INFO  main            d.u.i.k.p.i.AbstractProblemLoader Loading environment from /home/runner/work/key/key/key.core/../key.ui/examples/standard_key/instanceCreation/instanceCreation2.key 
14525      DEBUG main            d.u.i.k.p.i.AbstractProblemLoader Environment load took 464.82ns 
14528      INFO  main            d.u.i.k.p.i.AbstractProblemLoader Creating init config 
17694      DEBUG main            d.u.i.k.p.i.AbstractProblemLoader Init config took 3.17s 
17746      INFO  main            d.u.i.k.p.i.AbstractProblemLoader Replaying proof instanceCreation2.key 
17751      DEBUG main            d.u.i.k.p.i.IntermediateProofReplayer Proof replay took 7.1ns 
18467      INFO  main            d.u.i.k.p.r.p.TestFile    ... finished proof: closed. 
18652      INFO  main            d.u.i.k.p.i.AbstractProblemLoader Loading environment from /home/runner/work/key/key/key.core/../key.ui/examples/standard_key/instanceCreation/instanceCreation2.key.proof 
18653      DEBUG main            d.u.i.k.p.i.AbstractProblemLoader Environment load took 440.62ns 
18655      INFO  main            d.u.i.k.p.i.AbstractProblemLoader Creating init config 
21714      DEBUG main            d.u.i.k.p.i.AbstractProblemLoader Init config took 3.06s 
21743      INFO  main            d.u.i.k.p.i.AbstractProblemLoader Replaying proof instanceCreation2.key.proof 
21867      DEBUG main            d.u.i.k.p.i.IntermediateProofReplayer Proof replay took 118.99ms 
21869      DEBUG main            d.u.i.k.p.r.p.TestFile    ... success: reloaded. 
21870      INFO  main            d.u.i.k.p.r.p.TestFile    Now processing file /home/runner/work/key/key/key.core/../key.ui/examples/standard_key/instanceCreation/interfacesAndAbstractClassesHaveNoInstances.key 
21870      INFO  main            d.u.i.k.p.i.AbstractProblemLoader Loading environment from /home/runner/work/key/key/key.core/../key.ui/examples/standard_key/instanceCreation/interfacesAndAbstractClassesHaveNoInstances.key 
21871      DEBUG main            d.u.i.k.p.i.AbstractProblemLoader Environment load took 250.01ns 
21872      INFO  main            d.u.i.k.p.i.AbstractProblemLoader Creating init config 
24851      DEBUG main            d.u.i.k.p.i.AbstractProblemLoader Init config took 2.98s 
24876      INFO  main            d.u.i.k.p.i.AbstractProblemLoader Replaying proof interfacesAndAbstractClassesHaveNoInstances.key 
24878      DEBUG main            d.u.i.k.p.i.IntermediateProofReplayer Proof replay took 7.2ns 
24988      INFO  main            d.u.i.k.p.r.p.TestFile    ... finished proof: closed. 
25169      INFO  main            d.u.i.k.p.i.AbstractProblemLoader Loading environment from /home/runner/work/key/key/key.core/../key.ui/examples/standard_key/instanceCreation/interfacesAndAbstractClassesHaveNoInstances.key.proof 
25169      DEBUG main            d.u.i.k.p.i.AbstractProblemLoader Environment load took 136.11ns 
25170      INFO  main            d.u.i.k.p.i.AbstractProblemLoader Creating init config 
28142      DEBUG main            d.u.i.k.p.i.AbstractProblemLoader Init config took 2.97s 
28167      INFO  main            d.u.i.k.p.i.AbstractProblemLoader Replaying proof interfacesAndAbstractClassesHaveNoInstances.key.proof 
28171      DEBUG main            d.u.i.k.p.i.IntermediateProofReplayer Proof replay took 1.51ms 
28172      DEBUG main            d.u.i.k.p.r.p.TestFile    ... success: reloaded. 
28174      INFO  main            d.u.i.k.p.r.p.TestFile    Now processing file /home/runner/work/key/key/key.core/../key.ui/examples/standard_key/instanceCreation/successiveCreatedObjectsAreDistinct.key 
28174      INFO  main            d.u.i.k.p.i.AbstractProblemLoader Loading environment from /home/runner/work/key/key/key.core/../key.ui/examples/standard_key/instanceCreation/successiveCreatedObjectsAreDistinct.key 
28174      DEBUG main            d.u.i.k.p.i.AbstractProblemLoader Environment load took 254.22ns 
28176      INFO  main            d.u.i.k.p.i.AbstractProblemLoader Creating init config 
31118      DEBUG main            d.u.i.k.p.i.AbstractProblemLoader Init config took 2.94s 
31143      INFO  main            d.u.i.k.p.i.AbstractProblemLoader Replaying proof successiveCreatedObjectsAreDistinct.key 
31146      DEBUG main            d.u.i.k.p.i.IntermediateProofReplayer Proof replay took 6.8ns 
31550      INFO  main            d.u.i.k.p.r.p.TestFile    ... finished proof: closed. 
31775      INFO  main            d.u.i.k.p.i.AbstractProblemLoader Loading environment from /home/runner/work/key/key/key.core/../key.ui/examples/standard_key/instanceCreation/successiveCreatedObjectsAreDistinct.key.proof 
31775      DEBUG main            d.u.i.k.p.i.AbstractProblemLoader Environment load took 451.23ns 
31777      INFO  main            d.u.i.k.p.i.AbstractProblemLoader Creating init config 
34669      DEBUG main            d.u.i.k.p.i.AbstractProblemLoader Init config took 2.89s 
34695      INFO  main            d.u.i.k.p.i.AbstractProblemLoader Replaying proof successiveCreatedObjectsAreDistinct.key.proof 
34794      DEBUG main            d.u.i.k.p.i.IntermediateProofReplayer Proof replay took 94.75ms 
34795      DEBUG main            d.u.i.k.p.r.p.TestFile    ... success: reloaded. 
34797      INFO  main            d.u.i.k.p.r.p.TestFile    Now processing file /home/runner/work/key/key/key.core/../key.ui/examples/standard_key/instanceCreation/testOverloadingConstructors.key 
34797      INFO  main            d.u.i.k.p.i.AbstractProblemLoader Loading environment from /home/runner/work/key/key/key.core/../key.ui/examples/standard_key/instanceCreation/testOverloadingConstructors.key 
34797      DEBUG main            d.u.i.k.p.i.AbstractProblemLoader Environment load took 235.61ns 
34798      INFO  main            d.u.i.k.p.i.AbstractProblemLoader Creating init config 
37823      DEBUG main            d.u.i.k.p.i.AbstractProblemLoader Init config took 3.02s 
37857      INFO  main            d.u.i.k.p.i.AbstractProblemLoader Replaying proof testOverloadingConstructors.key 
37860      DEBUG main            d.u.i.k.p.i.IntermediateProofReplayer Proof replay took 8.1ns 
38167      INFO  main            d.u.i.k.p.r.p.TestFile    ... finished proof: closed. 
38368      INFO  main            d.u.i.k.p.i.AbstractProblemLoader Loading environment from /home/runner/work/key/key/key.core/../key.ui/examples/standard_key/instanceCreation/testOverloadingConstructors.key.proof 
38369      DEBUG main            d.u.i.k.p.i.AbstractProblemLoader Environment load took 700.34ns 
38378      INFO  main            d.u.i.k.p.i.AbstractProblemLoader Creating init config 
41311      DEBUG main            d.u.i.k.p.i.AbstractProblemLoader Init config took 2.93s 
41336      INFO  main            d.u.i.k.p.i.AbstractProblemLoader Replaying proof testOverloadingConstructors.key.proof 
41401      DEBUG main            d.u.i.k.p.i.IntermediateProofReplayer Proof replay took 61.6ms 
41402      DEBUG main            d.u.i.k.p.r.p.TestFile    ... success: reloaded. 
41403      INFO  main            d.u.i.k.p.r.p.TestFile    Now processing file /home/runner/work/key/key/key.core/../key.ui/examples/standard_key/java_dl/SimpleAttributes.key 
41404      INFO  main            d.u.i.k.p.i.AbstractProblemLoader Loading environment from /home/runner/work/key/key/key.core/../key.ui/examples/standard_key/java_dl/SimpleAttributes.key 
41404      DEBUG main            d.u.i.k.p.i.AbstractProblemLoader Environment load took 282.92ns 
41406      INFO  main            d.u.i.k.p.i.AbstractProblemLoader Creating init config 
44284      DEBUG main            d.u.i.k.p.i.AbstractProblemLoader Init config took 2.88s 
44309      INFO  main            d.u.i.k.p.i.AbstractProblemLoader Replaying proof SimpleAttributes.key 
44312      DEBUG main            d.u.i.k.p.i.IntermediateProofReplayer Proof replay took 8.1ns 
44519      INFO  main            d.u.i.k.p.r.p.TestFile    ... finished proof: closed. 
44718      INFO  main            d.u.i.k.p.i.AbstractProblemLoader Loading environment from /home/runner/work/key/key/key.core/../key.ui/examples/standard_key/java_dl/SimpleAttributes.key.proof 
44718      DEBUG main            d.u.i.k.p.i.AbstractProblemLoader Environment load took 140.11ns 
44720      INFO  main            d.u.i.k.p.i.AbstractProblemLoader Creating init config 
47578      DEBUG main            d.u.i.k.p.i.AbstractProblemLoader Init config took 2.86s 
47603      INFO  main            d.u.i.k.p.i.AbstractProblemLoader Replaying proof SimpleAttributes.key.proof 
47633      DEBUG main            d.u.i.k.p.i.IntermediateProofReplayer Proof replay took 26.39ms 
47634      DEBUG main            d.u.i.k.p.r.p.TestFile    ... success: reloaded. 
47635      INFO  main            d.u.i.k.p.r.p.TestFile    Now processing file /home/runner/work/key/key/key.core/../key.ui/examples/standard_key/java_dl/arrayMax.key 
47635      INFO  main            d.u.i.k.p.i.AbstractProblemLoader Loading environment from /home/runner/work/key/key/key.core/../key.ui/examples/standard_key/java_dl/arrayMax.key 
47635      DEBUG main            d.u.i.k.p.i.AbstractProblemLoader Environment load took 90ns 
47638      INFO  main            d.u.i.k.p.i.AbstractProblemLoader Creating init config 
50649      DEBUG main            d.u.i.k.p.i.AbstractProblemLoader Init config took 3.01s 
50674      INFO  main            d.u.i.k.p.i.AbstractProblemLoader Replaying proof arrayMax.key 
50676      DEBUG main            d.u.i.k.p.i.IntermediateProofReplayer Proof replay took 25.5ns 
52185      INFO  main            d.u.i.k.p.r.p.TestFile    ... finished proof: closed. 
52417      INFO  main            d.u.i.k.p.i.AbstractProblemLoader Loading environment from /home/runner/work/key/key/key.core/../key.ui/examples/standard_key/java_dl/arrayMax.key.proof 
52418      DEBUG main            d.u.i.k.p.i.AbstractProblemLoader Environment load took 460.32ns 
52421      INFO  main            d.u.i.k.p.i.AbstractProblemLoader Creating init config 
55283      DEBUG main            d.u.i.k.p.i.AbstractProblemLoader Init config took 2.86s 
55309      INFO  main            d.u.i.k.p.i.AbstractProblemLoader Replaying proof arrayMax.key.proof 
55590      DEBUG main            d.u.i.k.p.i.IntermediateProofReplayer Proof replay took 274.83ms 
55592      DEBUG main            d.u.i.k.p.r.p.TestFile    ... success: reloaded. 
55594      INFO  main            d.u.i.k.p.r.p.TestFile    Now processing file /home/runner/work/key/key/key.core/../key.ui/examples/standard_key/java_dl/arrayUpdateSimp.key 
55594      INFO  main            d.u.i.k.p.i.AbstractProblemLoader Loading environment from /home/runner/work/key/key/key.core/../key.ui/examples/standard_key/java_dl/arrayUpdateSimp.key 
55594      DEBUG main            d.u.i.k.p.i.AbstractProblemLoader Environment load took 229.71ns 
55597      INFO  main            d.u.i.k.p.i.AbstractProblemLoader Creating init config 
55626      WARN  main            d.u.i.k.j.r.KeYCrossReferenceNameInfo Datatype java.io.InputStream declared twice: Once in FILE:/home/runner/work/key/key/key.core/../key.ui/examples/standard_key/java_dl/./classpath/InputStream.java and once in URL:file:/home/runner/work/key/key/key.core/build/resources/main/de/uka/ilkd/key/java/JavaRedux/java/io/InputStream.java, Keeping one from URL:file:/home/runner/work/key/key/key.core/build/resources/main/de/uka/ilkd/key/java/JavaRedux/java/io/InputStream.java 
55627      WARN  main            d.u.i.k.j.r.KeYCrossReferenceNameInfo Datatype java.lang.System declared twice: Once in FILE:/home/runner/work/key/key/key.core/../key.ui/examples/standard_key/java_dl/./classpath/System.java and once in URL:file:/home/runner/work/key/key/key.core/build/resources/main/de/uka/ilkd/key/java/JavaRedux/java/lang/System.java, Keeping one from URL:file:/home/runner/work/key/key/key.core/build/resources/main/de/uka/ilkd/key/java/JavaRedux/java/lang/System.java 
55627      WARN  main            d.u.i.k.j.r.KeYCrossReferenceNameInfo Datatype java.io.PrintStream declared twice: Once in FILE:/home/runner/work/key/key/key.core/../key.ui/examples/standard_key/java_dl/./classpath/PrintStream.java and once in URL:file:/home/runner/work/key/key/key.core/build/resources/main/de/uka/ilkd/key/java/JavaRedux/java/io/PrintStream.java, Keeping one from URL:file:/home/runner/work/key/key/key.core/build/resources/main/de/uka/ilkd/key/java/JavaRedux/java/io/PrintStream.java 
55634      DEBUG main            d.u.i.k.j.r.ClassFileDeclarationBuilder Parsing: package java.io; public class Closeable { } 
55635      DEBUG main            r.s.KeYCrossReferenceSourceInfo Dynamically created class: java.io.Closeable 
58532      DEBUG main            d.u.i.k.p.i.AbstractProblemLoader Init config took 2.93s 
58560      INFO  main            d.u.i.k.p.i.AbstractProblemLoader Replaying proof arrayUpdateSimp.key 
58562      DEBUG main            d.u.i.k.p.i.IntermediateProofReplayer Proof replay took 8.7ns 
58665      INFO  main            d.u.i.k.p.r.p.TestFile    ... finished proof: closed. 
58945      INFO  main            d.u.i.k.p.i.AbstractProblemLoader Loading environment from /home/runner/work/key/key/key.core/../key.ui/examples/standard_key/java_dl/arrayUpdateSimp.key.proof 
58945      DEBUG main            d.u.i.k.p.i.AbstractProblemLoader Environment load took 132.61ns 
58953      INFO  main            d.u.i.k.p.i.AbstractProblemLoader Creating init config 
58989      WARN  main            d.u.i.k.j.r.KeYCrossReferenceNameInfo Datatype java.io.InputStream declared twice: Once in FILE:/home/runner/work/key/key/key.core/../key.ui/examples/standard_key/java_dl/classpath/InputStream.java and once in URL:file:/home/runner/work/key/key/key.core/build/resources/main/de/uka/ilkd/key/java/JavaRedux/java/io/InputStream.java, Keeping one from URL:file:/home/runner/work/key/key/key.core/build/resources/main/de/uka/ilkd/key/java/JavaRedux/java/io/InputStream.java 
58990      WARN  main            d.u.i.k.j.r.KeYCrossReferenceNameInfo Datatype java.lang.System declared twice: Once in FILE:/home/runner/work/key/key/key.core/../key.ui/examples/standard_key/java_dl/classpath/System.java and once in URL:file:/home/runner/work/key/key/key.core/build/resources/main/de/uka/ilkd/key/java/JavaRedux/java/lang/System.java, Keeping one from URL:file:/home/runner/work/key/key/key.core/build/resources/main/de/uka/ilkd/key/java/JavaRedux/java/lang/System.java 
58991      WARN  main            d.u.i.k.j.r.KeYCrossReferenceNameInfo Datatype java.io.PrintStream declared twice: Once in FILE:/home/runner/work/key/key/key.core/../key.ui/examples/standard_key/java_dl/classpath/PrintStream.java and once in URL:file:/home/runner/work/key/key/key.core/build/resources/main/de/uka/ilkd/key/java/JavaRedux/java/io/PrintStream.java, Keeping one from URL:file:/home/runner/work/key/key/key.core/build/resources/main/de/uka/ilkd/key/java/JavaRedux/java/io/PrintStream.java 
59002      DEBUG main            d.u.i.k.j.r.ClassFileDeclarationBuilder Parsing: package java.io; public class Closeable { } 
59003      DEBUG main            r.s.KeYCrossReferenceSourceInfo Dynamically created class: java.io.Closeable 
62033      DEBUG main            d.u.i.k.p.i.AbstractProblemLoader Init config took 3.08s 
62061      INFO  main            d.u.i.k.p.i.AbstractProblemLoader Replaying proof arrayUpdateSimp.key.proof 
62063      DEBUG main            d.u.i.k.p.i.IntermediateProofReplayer Proof replay took 838.45ns 
62066      DEBUG main            d.u.i.k.p.r.p.TestFile    ... success: reloaded. 
62067      INFO  main            d.u.i.k.p.r.p.TestFile    Now processing file /home/runner/work/key/key/key.core/../key.ui/examples/standard_key/java_dl/attributes.key 
62067      INFO  main            d.u.i.k.p.i.AbstractProblemLoader Loading environment from /home/runner/work/key/key/key.core/../key.ui/examples/standard_key/java_dl/attributes.key 
62068      DEBUG main            d.u.i.k.p.i.AbstractProblemLoader Environment load took 218.11ns 
62069      INFO  main            d.u.i.k.p.i.AbstractProblemLoader Creating init config 
65057      DEBUG main            d.u.i.k.p.i.AbstractProblemLoader Init config took 2.99s 
65080      INFO  main            d.u.i.k.p.i.AbstractProblemLoader Replaying proof attributes.key 
65082      DEBUG main            d.u.i.k.p.i.IntermediateProofReplayer Proof replay took 8.5ns 
65285      INFO  main            d.u.i.k.p.r.p.TestFile    ... finished proof: closed. 
65514      INFO  main            d.u.i.k.p.i.AbstractProblemLoader Loading environment from /home/runner/work/key/key/key.core/../key.ui/examples/standard_key/java_dl/attributes.key.proof 
65514      DEBUG main            d.u.i.k.p.i.AbstractProblemLoader Environment load took 264.91ns 
65515      INFO  main            d.u.i.k.p.i.AbstractProblemLoader Creating init config 
68417      DEBUG main            d.u.i.k.p.i.AbstractProblemLoader Init config took 2.9s 
68441      INFO  main            d.u.i.k.p.i.AbstractProblemLoader Replaying proof attributes.key.proof 
68489      DEBUG main            d.u.i.k.p.i.IntermediateProofReplayer Proof replay took 45.81ms 
68490      DEBUG main            d.u.i.k.p.r.p.TestFile    ... success: reloaded. 
68491      INFO  main            d.u.i.k.p.r.p.TestFile    Now processing file /home/runner/work/key/key/key.core/../key.ui/examples/standard_key/java_dl/break.key 
68491      INFO  main            d.u.i.k.p.i.AbstractProblemLoader Loading environment from /home/runner/work/key/key/key.core/../key.ui/examples/standard_key/java_dl/break.key 
68492      DEBUG main            d.u.i.k.p.i.AbstractProblemLoader Environment load took 88.41ns 
68493      INFO  main            d.u.i.k.p.i.AbstractProblemLoader Creating init config 
68520      WARN  main            d.u.i.k.j.r.KeYCrossReferenceNameInfo Datatype java.io.InputStream declared twice: Once in FILE:/home/runner/work/key/key/key.core/../key.ui/examples/standard_key/java_dl/classpath/InputStream.java and once in URL:file:/home/runner/work/key/key/key.core/build/resources/main/de/uka/ilkd/key/java/JavaRedux/java/io/InputStream.java, Keeping one from URL:file:/home/runner/work/key/key/key.core/build/resources/main/de/uka/ilkd/key/java/JavaRedux/java/io/InputStream.java 
68520      WARN  main            d.u.i.k.j.r.KeYCrossReferenceNameInfo Datatype java.lang.System declared twice: Once in FILE:/home/runner/work/key/key/key.core/../key.ui/examples/standard_key/java_dl/classpath/System.java and once in URL:file:/home/runner/work/key/key/key.core/build/resources/main/de/uka/ilkd/key/java/JavaRedux/java/lang/System.java, Keeping one from URL:file:/home/runner/work/key/key/key.core/build/resources/main/de/uka/ilkd/key/java/JavaRedux/java/lang/System.java 
68521      WARN  main            d.u.i.k.j.r.KeYCrossReferenceNameInfo Datatype java.io.PrintStream declared twice: Once in FILE:/home/runner/work/key/key/key.core/../key.ui/examples/standard_key/java_dl/classpath/PrintStream.java and once in URL:file:/home/runner/work/key/key/key.core/build/resources/main/de/uka/ilkd/key/java/JavaRedux/java/io/PrintStream.java, Keeping one from URL:file:/home/runner/work/key/key/key.core/build/resources/main/de/uka/ilkd/key/java/JavaRedux/java/io/PrintStream.java 
68525      DEBUG main            d.u.i.k.j.r.ClassFileDeclarationBuilder Parsing: package java.io; public class Closeable { } 
68525      DEBUG main            r.s.KeYCrossReferenceSourceInfo Dynamically created class: java.io.Closeable 
71538      DEBUG main            d.u.i.k.p.i.AbstractProblemLoader Init config took 3.04s 
71563      INFO  main            d.u.i.k.p.i.AbstractProblemLoader Replaying proof break.key 
71566      DEBUG main            d.u.i.k.p.i.IntermediateProofReplayer Proof replay took 9.7ns 
71669      INFO  main            d.u.i.k.p.r.p.TestFile    ... finished proof: closed. 
71912      INFO  main            d.u.i.k.p.i.AbstractProblemLoader Loading environment from /home/runner/work/key/key/key.core/../key.ui/examples/standard_key/java_dl/break.key.proof 
71912      DEBUG main            d.u.i.k.p.i.AbstractProblemLoader Environment load took 148.91ns 
71914      INFO  main            d.u.i.k.p.i.AbstractProblemLoader Creating init config 
71968      WARN  main            d.u.i.k.j.r.KeYCrossReferenceNameInfo Datatype java.io.InputStream declared twice: Once in FILE:/home/runner/work/key/key/key.core/../key.ui/examples/standard_key/java_dl/classpath/InputStream.java and once in URL:file:/home/runner/work/key/key/key.core/build/resources/main/de/uka/ilkd/key/java/JavaRedux/java/io/InputStream.java, Keeping one from URL:file:/home/runner/work/key/key/key.core/build/resources/main/de/uka/ilkd/key/java/JavaRedux/java/io/InputStream.java 
71969      WARN  main            d.u.i.k.j.r.KeYCrossReferenceNameInfo Datatype java.lang.System declared twice: Once in FILE:/home/runner/work/key/key/key.core/../key.ui/examples/standard_key/java_dl/classpath/System.java and once in URL:file:/home/runner/work/key/key/key.core/build/resources/main/de/uka/ilkd/key/java/JavaRedux/java/lang/System.java, Keeping one from URL:file:/home/runner/work/key/key/key.core/build/resources/main/de/uka/ilkd/key/java/JavaRedux/java/lang/System.java 
71969      WARN  main            d.u.i.k.j.r.KeYCrossReferenceNameInfo Datatype java.io.PrintStream declared twice: Once in FILE:/home/runner/work/key/key/key.core/../key.ui/examples/standard_key/java_dl/classpath/PrintStream.java and once in URL:file:/home/runner/work/key/key/key.core/build/resources/main/de/uka/ilkd/key/java/JavaRedux/java/io/PrintStream.java, Keeping one from URL:file:/home/runner/work/key/key/key.core/build/resources/main/de/uka/ilkd/key/java/JavaRedux/java/io/PrintStream.java 
71974      DEBUG main            d.u.i.k.j.r.ClassFileDeclarationBuilder Parsing: package java.io; public class Closeable { } 
71974      DEBUG main            r.s.KeYCrossReferenceSourceInfo Dynamically created class: java.io.Closeable 
74743      DEBUG main            d.u.i.k.p.i.AbstractProblemLoader Init config took 2.83s 
74764      INFO  main            d.u.i.k.p.i.AbstractProblemLoader Replaying proof break.key.proof 
74776      DEBUG main            d.u.i.k.p.i.IntermediateProofReplayer Proof replay took 9.02ms 
74777      DEBUG main            d.u.i.k.p.r.p.TestFile    ... success: reloaded. 
74778      INFO  main            d.u.i.k.p.r.p.TestFile    Now processing file /home/runner/work/key/key/key.core/../key.ui/examples/standard_key/java_dl/char.key 
74778      INFO  main            d.u.i.k.p.i.AbstractProblemLoader Loading environment from /home/runner/work/key/key/key.core/../key.ui/examples/standard_key/java_dl/char.key 
74778      DEBUG main            d.u.i.k.p.i.AbstractProblemLoader Environment load took 102.61ns 
74779      INFO  main            d.u.i.k.p.i.AbstractProblemLoader Creating init config 
77542      DEBUG main            d.u.i.k.p.i.AbstractProblemLoader Init config took 2.76s 
77564      INFO  main            d.u.i.k.p.i.AbstractProblemLoader Replaying proof char.key 
77565      DEBUG main            d.u.i.k.p.i.IntermediateProofReplayer Proof replay took 9.4ns 
77676      INFO  main            d.u.i.k.p.r.p.TestFile    ... finished proof: closed. 
77935      INFO  main            d.u.i.k.p.i.AbstractProblemLoader Loading environment from /home/runner/work/key/key/key.core/../key.ui/examples/standard_key/java_dl/char.key.proof 
77935      DEBUG main            d.u.i.k.p.i.AbstractProblemLoader Environment load took 124.61ns 
77937      INFO  main            d.u.i.k.p.i.AbstractProblemLoader Creating init config 
80624      DEBUG main            d.u.i.k.p.i.AbstractProblemLoader Init config took 2.69s 
80644      INFO  main            d.u.i.k.p.i.AbstractProblemLoader Replaying proof char.key.proof 
80649      DEBUG main            d.u.i.k.p.i.IntermediateProofReplayer Proof replay took 3.27ms 
80650      DEBUG main            d.u.i.k.p.r.p.TestFile    ... success: reloaded. 
80651      INFO  main            d.u.i.k.p.r.p.TestFile    Now processing file /home/runner/work/key/key/key.core/../key.ui/examples/standard_key/java_dl/compileTimeConstants.key 
80651      INFO  main            d.u.i.k.p.i.AbstractProblemLoader Loading environment from /home/runner/work/key/key/key.core/../key.ui/examples/standard_key/java_dl/compileTimeConstants.key 
80651      DEBUG main            d.u.i.k.p.i.AbstractProblemLoader Environment load took 122.91ns 
80653      INFO  main            d.u.i.k.p.i.AbstractProblemLoader Creating init config 
83494      DEBUG main            d.u.i.k.p.i.AbstractProblemLoader Init config took 2.84s 
83513      INFO  main            d.u.i.k.p.i.AbstractProblemLoader Replaying proof compileTimeConstants.key 
83515      DEBUG main            d.u.i.k.p.i.IntermediateProofReplayer Proof replay took 7.8ns 
83618      INFO  main            d.u.i.k.p.r.p.TestFile    ... finished proof: closed. 
83847      INFO  main            d.u.i.k.p.i.AbstractProblemLoader Loading environment from /home/runner/work/key/key/key.core/../key.ui/examples/standard_key/java_dl/compileTimeConstants.key.proof 
83847      DEBUG main            d.u.i.k.p.i.AbstractProblemLoader Environment load took 131.91ns 
83849      INFO  main            d.u.i.k.p.i.AbstractProblemLoader Creating init config 
86599      DEBUG main            d.u.i.k.p.i.AbstractProblemLoader Init config took 2.75s 
86619      INFO  main            d.u.i.k.p.i.AbstractProblemLoader Replaying proof compileTimeConstants.key.proof 
86635      DEBUG main            d.u.i.k.p.i.IntermediateProofReplayer Proof replay took 13.66ms 
86636      DEBUG main            d.u.i.k.p.r.p.TestFile    ... success: reloaded. 
86637      INFO  main            d.u.i.k.p.r.p.TestFile    Now processing file /home/runner/work/key/key/key.core/../key.ui/examples/standard_key/java_dl/constructorException/test.key 
86637      INFO  main            d.u.i.k.p.i.AbstractProblemLoader Loading environment from /home/runner/work/key/key/key.core/../key.ui/examples/standard_key/java_dl/constructorException/test.key 
86638      DEBUG main            d.u.i.k.p.i.AbstractProblemLoader Environment load took 116.71ns 
86639      INFO  main            d.u.i.k.p.i.AbstractProblemLoader Creating init config 
89563      DEBUG main            d.u.i.k.p.i.AbstractProblemLoader Init config took 2.92s 
89641      INFO  main            d.u.i.k.p.i.AbstractProblemLoader Replaying proof Test[Test::Test(int)].JML operation contract.0 
89642      DEBUG main            d.u.i.k.p.i.IntermediateProofReplayer Proof replay took 7.5ns 
89947      INFO  main            d.u.i.k.p.r.p.TestFile    ... finished proof: closed. 
90237      INFO  main            d.u.i.k.p.i.AbstractProblemLoader Loading environment from /home/runner/work/key/key/key.core/../key.ui/examples/standard_key/java_dl/constructorException/test.key.proof 
90237      DEBUG main            d.u.i.k.p.i.AbstractProblemLoader Environment load took 333.12ns 
90238      INFO  main            d.u.i.k.p.i.AbstractProblemLoader Creating init config 
93179      DEBUG main            d.u.i.k.p.i.AbstractProblemLoader Init config took 2.94s 
93230      INFO  main            d.u.i.k.p.i.AbstractProblemLoader Replaying proof Test[Test::Test(int)].JML operation contract.0 
93303      DEBUG main            d.u.i.k.p.i.IntermediateProofReplayer Proof replay took 70.28ms 
93305      DEBUG main            d.u.i.k.p.r.p.TestFile    ... success: reloaded. 
93306      INFO  main            d.u.i.k.p.r.p.TestFile    Now processing file /home/runner/work/key/key/key.core/../key.ui/examples/standard_key/java_dl/constructorException/regressionTestBug1333.key 
93306      INFO  main            d.u.i.k.p.i.AbstractProblemLoader Loading environment from /home/runner/work/key/key/key.core/../key.ui/examples/standard_key/java_dl/constructorException/regressionTestBug1333.key 
93306      DEBUG main            d.u.i.k.p.i.AbstractProblemLoader Environment load took 204.51ns 
93308      INFO  main            d.u.i.k.p.i.AbstractProblemLoader Creating init config 
96244      DEBUG main            d.u.i.k.p.i.AbstractProblemLoader Init config took 2.94s 
96289      INFO  main            d.u.i.k.p.i.AbstractProblemLoader Replaying proof False[False::False()].JML normal_behavior operation contract.0 
96291      DEBUG main            d.u.i.k.p.i.IntermediateProofReplayer Proof replay took 7.4ns 
96395      INFO  main            d.u.i.k.p.r.p.TestFile    ... finished proof: open goal(s) 
96681      INFO  main            d.u.i.k.p.r.p.TestFile    Now processing file /home/runner/work/key/key/key.core/../key.ui/examples/standard_key/java_dl/continue1.key 
96681      INFO  main            d.u.i.k.p.i.AbstractProblemLoader Loading environment from /home/runner/work/key/key/key.core/../key.ui/examples/standard_key/java_dl/continue1.key 
96681      DEBUG main            d.u.i.k.p.i.AbstractProblemLoader Environment load took 93.5ns 
96682      INFO  main            d.u.i.k.p.i.AbstractProblemLoader Creating init config 
96708      WARN  main            d.u.i.k.j.r.KeYCrossReferenceNameInfo Datatype java.io.InputStream declared twice: Once in FILE:/home/runner/work/key/key/key.core/../key.ui/examples/standard_key/java_dl/classpath/InputStream.java and once in URL:file:/home/runner/work/key/key/key.core/build/resources/main/de/uka/ilkd/key/java/JavaRedux/java/io/InputStream.java, Keeping one from URL:file:/home/runner/work/key/key/key.core/build/resources/main/de/uka/ilkd/key/java/JavaRedux/java/io/InputStream.java 
96709      WARN  main            d.u.i.k.j.r.KeYCrossReferenceNameInfo Datatype java.lang.System declared twice: Once in FILE:/home/runner/work/key/key/key.core/../key.ui/examples/standard_key/java_dl/classpath/System.java and once in URL:file:/home/runner/work/key/key/key.core/build/resources/main/de/uka/ilkd/key/java/JavaRedux/java/lang/System.java, Keeping one from URL:file:/home/runner/work/key/key/key.core/build/resources/main/de/uka/ilkd/key/java/JavaRedux/java/lang/System.java 
96709      WARN  main            d.u.i.k.j.r.KeYCrossReferenceNameInfo Datatype java.io.PrintStream declared twice: Once in FILE:/home/runner/work/key/key/key.core/../key.ui/examples/standard_key/java_dl/classpath/PrintStream.java and once in URL:file:/home/runner/work/key/key/key.core/build/resources/main/de/uka/ilkd/key/java/JavaRedux/java/io/PrintStream.java, Keeping one from URL:file:/home/runner/work/key/key/key.core/build/resources/main/de/uka/ilkd/key/java/JavaRedux/java/io/PrintStream.java 
96713      DEBUG main            d.u.i.k.j.r.ClassFileDeclarationBuilder Parsing: package java.io; public class Closeable { } 
96713      DEBUG main            r.s.KeYCrossReferenceSourceInfo Dynamically created class: java.io.Closeable 
99646      DEBUG main            d.u.i.k.p.i.AbstractProblemLoader Init config took 2.96s 
99666      INFO  main            d.u.i.k.p.i.AbstractProblemLoader Replaying proof continue1.key 
99668      DEBUG main            d.u.i.k.p.i.IntermediateProofReplayer Proof replay took 7.6ns 
99770      INFO  main            d.u.i.k.p.r.p.TestFile    ... finished proof: closed. 
100052     INFO  main            d.u.i.k.p.i.AbstractProblemLoader Loading environment from /home/runner/work/key/key/key.core/../key.ui/examples/standard_key/java_dl/continue1.key.proof 
100052     DEBUG main            d.u.i.k.p.i.AbstractProblemLoader Environment load took 130.61ns 
100054     INFO  main            d.u.i.k.p.i.AbstractProblemLoader Creating init config 
100080     WARN  main            d.u.i.k.j.r.KeYCrossReferenceNameInfo Datatype java.io.InputStream declared twice: Once in FILE:/home/runner/work/key/key/key.core/../key.ui/examples/standard_key/java_dl/classpath/InputStream.java and once in URL:file:/home/runner/work/key/key/key.core/build/resources/main/de/uka/ilkd/key/java/JavaRedux/java/io/InputStream.java, Keeping one from URL:file:/home/runner/work/key/key/key.core/build/resources/main/de/uka/ilkd/key/java/JavaRedux/java/io/InputStream.java 
100081     WARN  main            d.u.i.k.j.r.KeYCrossReferenceNameInfo Datatype java.lang.System declared twice: Once in FILE:/home/runner/work/key/key/key.core/../key.ui/examples/standard_key/java_dl/classpath/System.java and once in URL:file:/home/runner/work/key/key/key.core/build/resources/main/de/uka/ilkd/key/java/JavaRedux/java/lang/System.java, Keeping one from URL:file:/home/runner/work/key/key/key.core/build/resources/main/de/uka/ilkd/key/java/JavaRedux/java/lang/System.java 
100081     WARN  main            d.u.i.k.j.r.KeYCrossReferenceNameInfo Datatype java.io.PrintStream declared twice: Once in FILE:/home/runner/work/key/key/key.core/../key.ui/examples/standard_key/java_dl/classpath/PrintStream.java and once in URL:file:/home/runner/work/key/key/key.core/build/resources/main/de/uka/ilkd/key/java/JavaRedux/java/io/PrintStream.java, Keeping one from URL:file:/home/runner/work/key/key/key.core/build/resources/main/de/uka/ilkd/key/java/JavaRedux/java/io/PrintStream.java 
100085     DEBUG main            d.u.i.k.j.r.ClassFileDeclarationBuilder Parsing: package java.io; public class Closeable { } 
100085     DEBUG main            r.s.KeYCrossReferenceSourceInfo Dynamically created class: java.io.Closeable 
103058     DEBUG main            d.u.i.k.p.i.AbstractProblemLoader Init config took 3s 
103081     INFO  main            d.u.i.k.p.i.AbstractProblemLoader Replaying proof continue1.key.proof 
103113     DEBUG main            d.u.i.k.p.i.IntermediateProofReplayer Proof replay took 28.86ms 
103116     DEBUG main            d.u.i.k.p.r.p.TestFile    ... success: reloaded. 
103120     INFO  main            d.u.i.k.p.r.p.TestFile    Now processing file /home/runner/work/key/key/key.core/../key.ui/examples/standard_key/java_dl/continue2.key 
103124     INFO  main            d.u.i.k.p.i.AbstractProblemLoader Loading environment from /home/runner/work/key/key/key.core/../key.ui/examples/standard_key/java_dl/continue2.key 
103125     DEBUG main            d.u.i.k.p.i.AbstractProblemLoader Environment load took 935.85ns 
103126     INFO  main            d.u.i.k.p.i.AbstractProblemLoader Creating init config 
103154     WARN  main            d.u.i.k.j.r.KeYCrossReferenceNameInfo Datatype java.io.InputStream declared twice: Once in FILE:/home/runner/work/key/key/key.core/../key.ui/examples/standard_key/java_dl/classpath/InputStream.java and once in URL:file:/home/runner/work/key/key/key.core/build/resources/main/de/uka/ilkd/key/java/JavaRedux/java/io/InputStream.java, Keeping one from URL:file:/home/runner/work/key/key/key.core/build/resources/main/de/uka/ilkd/key/java/JavaRedux/java/io/InputStream.java 
103155     WARN  main            d.u.i.k.j.r.KeYCrossReferenceNameInfo Datatype java.lang.System declared twice: Once in FILE:/home/runner/work/key/key/key.core/../key.ui/examples/standard_key/java_dl/classpath/System.java and once in URL:file:/home/runner/work/key/key/key.core/build/resources/main/de/uka/ilkd/key/java/JavaRedux/java/lang/System.java, Keeping one from URL:file:/home/runner/work/key/key/key.core/build/resources/main/de/uka/ilkd/key/java/JavaRedux/java/lang/System.java 
103155     WARN  main            d.u.i.k.j.r.KeYCrossReferenceNameInfo Datatype java.io.PrintStream declared twice: Once in FILE:/home/runner/work/key/key/key.core/../key.ui/examples/standard_key/java_dl/classpath/PrintStream.java and once in URL:file:/home/runner/work/key/key/key.core/build/resources/main/de/uka/ilkd/key/java/JavaRedux/java/io/PrintStream.java, Keeping one from URL:file:/home/runner/work/key/key/key.core/build/resources/main/de/uka/ilkd/key/java/JavaRedux/java/io/PrintStream.java 
103159     DEBUG main            d.u.i.k.j.r.ClassFileDeclarationBuilder Parsing: package java.io; public class Closeable { } 
103159     DEBUG main            r.s.KeYCrossReferenceSourceInfo Dynamically created class: java.io.Closeable 
106015     DEBUG main            d.u.i.k.p.i.AbstractProblemLoader Init config took 2.89s 
106033     INFO  main            d.u.i.k.p.i.AbstractProblemLoader Replaying proof continue2.key 
106035     DEBUG main            d.u.i.k.p.i.IntermediateProofReplayer Proof replay took 8.8ns 
106339     INFO  main            d.u.i.k.p.r.p.TestFile    ... finished proof: closed. 
106618     INFO  main            d.u.i.k.p.i.AbstractProblemLoader Loading environment from /home/runner/work/key/key/key.core/../key.ui/examples/standard_key/java_dl/continue2.key.proof 
106618     DEBUG main            d.u.i.k.p.i.AbstractProblemLoader Environment load took 435.12ns 
106619     INFO  main            d.u.i.k.p.i.AbstractProblemLoader Creating init config 
106658     WARN  main            d.u.i.k.j.r.KeYCrossReferenceNameInfo Datatype java.io.InputStream declared twice: Once in FILE:/home/runner/work/key/key/key.core/../key.ui/examples/standard_key/java_dl/classpath/InputStream.java and once in URL:file:/home/runner/work/key/key/key.core/build/resources/main/de/uka/ilkd/key/java/JavaRedux/java/io/InputStream.java, Keeping one from URL:file:/home/runner/work/key/key/key.core/build/resources/main/de/uka/ilkd/key/java/JavaRedux/java/io/InputStream.java 
106658     WARN  main            d.u.i.k.j.r.KeYCrossReferenceNameInfo Datatype java.lang.System declared twice: Once in FILE:/home/runner/work/key/key/key.core/../key.ui/examples/standard_key/java_dl/classpath/System.java and once in URL:file:/home/runner/work/key/key/key.core/build/resources/main/de/uka/ilkd/key/java/JavaRedux/java/lang/System.java, Keeping one from URL:file:/home/runner/work/key/key/key.core/build/resources/main/de/uka/ilkd/key/java/JavaRedux/java/lang/System.java 
106658     WARN  main            d.u.i.k.j.r.KeYCrossReferenceNameInfo Datatype java.io.PrintStream declared twice: Once in FILE:/home/runner/work/key/key/key.core/../key.ui/examples/standard_key/java_dl/classpath/PrintStream.java and once in URL:file:/home/runner/work/key/key/key.core/build/resources/main/de/uka/ilkd/key/java/JavaRedux/java/io/PrintStream.java, Keeping one from URL:file:/home/runner/work/key/key/key.core/build/resources/main/de/uka/ilkd/key/java/JavaRedux/java/io/PrintStream.java 
106662     DEBUG main            d.u.i.k.j.r.ClassFileDeclarationBuilder Parsing: package java.io; public class Closeable { } 
106663     DEBUG main            r.s.KeYCrossReferenceSourceInfo Dynamically created class: java.io.Closeable 
109482     DEBUG main            d.u.i.k.p.i.AbstractProblemLoader Init config took 2.86s 
109500     INFO  main            d.u.i.k.p.i.AbstractProblemLoader Replaying proof continue2.key.proof 
109591     DEBUG main            d.u.i.k.p.i.IntermediateProofReplayer Proof replay took 87.16ms 
109592     DEBUG main            d.u.i.k.p.r.p.TestFile    ... success: reloaded. 
109594     INFO  main            d.u.i.k.p.r.p.TestFile    Now processing file /home/runner/work/key/key/key.core/../key.ui/examples/standard_key/java_dl/complexAssignment.key 
109594     INFO  main            d.u.i.k.p.i.AbstractProblemLoader Loading environment from /home/runner/work/key/key/key.core/../key.ui/examples/standard_key/java_dl/complexAssignment.key 
109594     DEBUG main            d.u.i.k.p.i.AbstractProblemLoader Environment load took 121.51ns 
109595     INFO  main            d.u.i.k.p.i.AbstractProblemLoader Creating init config 
112524     DEBUG main            d.u.i.k.p.i.AbstractProblemLoader Init config took 2.93s 
112542     INFO  main            d.u.i.k.p.i.AbstractProblemLoader Replaying proof complexAssignment.key 
112545     DEBUG main            d.u.i.k.p.i.IntermediateProofReplayer Proof replay took 9.6ns 
112647     INFO  main            d.u.i.k.p.r.p.TestFile    ... finished proof: closed. 
112933     INFO  main            d.u.i.k.p.i.AbstractProblemLoader Loading environment from /home/runner/work/key/key/key.core/../key.ui/examples/standard_key/java_dl/complexAssignment.key.proof 
112934     DEBUG main            d.u.i.k.p.i.AbstractProblemLoader Environment load took 114.11ns 
112935     INFO  main            d.u.i.k.p.i.AbstractProblemLoader Creating init config 
115751     DEBUG main            d.u.i.k.p.i.AbstractProblemLoader Init config took 2.82s 
115769     INFO  main            d.u.i.k.p.i.AbstractProblemLoader Replaying proof complexAssignment.key.proof 
115779     DEBUG main            d.u.i.k.p.i.IntermediateProofReplayer Proof replay took 7.97ms 
115780     DEBUG main            d.u.i.k.p.r.p.TestFile    ... success: reloaded. 
115780     INFO  main            d.u.i.k.p.r.p.TestFile    Now processing file /home/runner/work/key/key/key.core/../key.ui/examples/standard_key/java_dl/danglingElseSolution1.key 
115781     INFO  main            d.u.i.k.p.i.AbstractProblemLoader Loading environment from /home/runner/work/key/key/key.core/../key.ui/examples/standard_key/java_dl/danglingElseSolution1.key 
115781     DEBUG main            d.u.i.k.p.i.AbstractProblemLoader Environment load took 77.2ns 
115782     INFO  main            d.u.i.k.p.i.AbstractProblemLoader Creating init config 
118759     DEBUG main            d.u.i.k.p.i.AbstractProblemLoader Init config took 2.98s 
118780     INFO  main            d.u.i.k.p.i.AbstractProblemLoader Replaying proof danglingElseSolution1.key 
118781     DEBUG main            d.u.i.k.p.i.IntermediateProofReplayer Proof replay took 8.4ns 
118885     INFO  main            d.u.i.k.p.r.p.TestFile    ... finished proof: closed. 
119178     INFO  main            d.u.i.k.p.i.AbstractProblemLoader Loading environment from /home/runner/work/key/key/key.core/../key.ui/examples/standard_key/java_dl/danglingElseSolution1.key.proof 
119178     DEBUG main            d.u.i.k.p.i.AbstractProblemLoader Environment load took 114.81ns 
119179     INFO  main            d.u.i.k.p.i.AbstractProblemLoader Creating init config 
122132     DEBUG main            d.u.i.k.p.i.AbstractProblemLoader Init config took 2.95s 
122152     INFO  main            d.u.i.k.p.i.AbstractProblemLoader Replaying proof danglingElseSolution1.key.proof 
122164     DEBUG main            d.u.i.k.p.i.IntermediateProofReplayer Proof replay took 10.17ms 
122165     DEBUG main            d.u.i.k.p.r.p.TestFile    ... success: reloaded. 
122166     INFO  main            d.u.i.k.p.r.p.TestFile    Now processing file /home/runner/work/key/key/key.core/../key.ui/examples/standard_key/java_dl/danglingElseSolution2.key 
122166     INFO  main            d.u.i.k.p.i.AbstractProblemLoader Loading environment from /home/runner/work/key/key/key.core/../key.ui/examples/standard_key/java_dl/danglingElseSolution2.key 
122167     DEBUG main            d.u.i.k.p.i.AbstractProblemLoader Environment load took 197.21ns 
122168     INFO  main            d.u.i.k.p.i.AbstractProblemLoader Creating init config 
125175     DEBUG main            d.u.i.k.p.i.AbstractProblemLoader Init config took 3.01s 
125197     INFO  main            d.u.i.k.p.i.AbstractProblemLoader Replaying proof danglingElseSolution2.key 
125200     DEBUG main            d.u.i.k.p.i.IntermediateProofReplayer Proof replay took 9.5ns 
125303     INFO  main            d.u.i.k.p.r.p.TestFile    ... finished proof: closed. 
125598     INFO  main            d.u.i.k.p.i.AbstractProblemLoader Loading environment from /home/runner/work/key/key/key.core/../key.ui/examples/standard_key/java_dl/danglingElseSolution2.key.proof 
125600     DEBUG main            d.u.i.k.p.i.AbstractProblemLoader Environment load took 2.53ms 
125602     INFO  main            d.u.i.k.p.i.AbstractProblemLoader Creating init config 
128402     DEBUG main            d.u.i.k.p.i.AbstractProblemLoader Init config took 2.8s 
128421     INFO  main            d.u.i.k.p.i.AbstractProblemLoader Replaying proof danglingElseSolution2.key.proof 
128443     DEBUG main            d.u.i.k.p.i.IntermediateProofReplayer Proof replay took 16.97ms 
128445     DEBUG main            d.u.i.k.p.r.p.TestFile    ... success: reloaded. 
128447     INFO  main            d.u.i.k.p.r.p.TestFile    Now processing file /home/runner/work/key/key/key.core/../key.ui/examples/standard_key/java_dl/deepNonNull/deepNonNull0.key 
128448     INFO  main            d.u.i.k.p.i.AbstractProblemLoader Loading environment from /home/runner/work/key/key/key.core/../key.ui/examples/standard_key/java_dl/deepNonNull/deepNonNull0.key 
128448     DEBUG main            d.u.i.k.p.i.AbstractProblemLoader Environment load took 232.21ns 
128449     INFO  main            d.u.i.k.p.i.AbstractProblemLoader Creating init config 
131425     DEBUG main            d.u.i.k.p.i.AbstractProblemLoader Init config took 2.98s 
131495     INFO  main            d.u.i.k.p.i.AbstractProblemLoader Replaying proof Arrays[Arrays::get()].JML operation contract.0 
131497     DEBUG main            d.u.i.k.p.i.IntermediateProofReplayer Proof replay took 7.8ns 
131727     INFO  main            d.u.i.k.p.r.p.TestFile    ... finished proof: closed. 
132027     INFO  main            d.u.i.k.p.i.AbstractProblemLoader Loading environment from /home/runner/work/key/key/key.core/../key.ui/examples/standard_key/java_dl/deepNonNull/deepNonNull0.key.proof 
132027     DEBUG main            d.u.i.k.p.i.AbstractProblemLoader Environment load took 117.21ns 
132029     INFO  main            d.u.i.k.p.i.AbstractProblemLoader Creating init config 
134934     DEBUG main            d.u.i.k.p.i.AbstractProblemLoader Init config took 2.9s 
134986     INFO  main            d.u.i.k.p.i.AbstractProblemLoader Replaying proof Arrays[Arrays::get()].JML operation contract.0 
135025     DEBUG main            d.u.i.k.p.i.IntermediateProofReplayer Proof replay took 37.02ms 
135026     DEBUG main            d.u.i.k.p.r.p.TestFile    ... success: reloaded. 
135027     INFO  main            d.u.i.k.p.r.p.TestFile    Now processing file /home/runner/work/key/key/key.core/../key.ui/examples/standard_key/java_dl/deepNonNull/deepNonNull1.key 
135027     INFO  main            d.u.i.k.p.i.AbstractProblemLoader Loading environment from /home/runner/work/key/key/key.core/../key.ui/examples/standard_key/java_dl/deepNonNull/deepNonNull1.key 
135027     DEBUG main            d.u.i.k.p.i.AbstractProblemLoader Environment load took 98.11ns 
135028     INFO  main            d.u.i.k.p.i.AbstractProblemLoader Creating init config 
137978     DEBUG main            d.u.i.k.p.i.AbstractProblemLoader Init config took 2.95s 
138022     INFO  main            d.u.i.k.p.i.AbstractProblemLoader Replaying proof Arrays[Arrays::head()].JML operation contract.0 
138023     DEBUG main            d.u.i.k.p.i.IntermediateProofReplayer Proof replay took 7.8ns 
138226     INFO  main            d.u.i.k.p.r.p.TestFile    ... finished proof: closed. 
138519     INFO  main            d.u.i.k.p.i.AbstractProblemLoader Loading environment from /home/runner/work/key/key/key.core/../key.ui/examples/standard_key/java_dl/deepNonNull/deepNonNull1.key.proof 
138519     DEBUG main            d.u.i.k.p.i.AbstractProblemLoader Environment load took 112.91ns 
138520     INFO  main            d.u.i.k.p.i.AbstractProblemLoader Creating init config 
141373     DEBUG main            d.u.i.k.p.i.AbstractProblemLoader Init config took 2.85s 
141417     INFO  main            d.u.i.k.p.i.AbstractProblemLoader Replaying proof Arrays[Arrays::head()].JML operation contract.0 
141448     DEBUG main            d.u.i.k.p.i.IntermediateProofReplayer Proof replay took 28.34ms 
141449     DEBUG main            d.u.i.k.p.r.p.TestFile    ... success: reloaded. 
141450     INFO  main            d.u.i.k.p.r.p.TestFile    Now processing file /home/runner/work/key/key/key.core/../key.ui/examples/standard_key/java_dl/deepNonNull/deepNonNull2.key 
141451     INFO  main            d.u.i.k.p.i.AbstractProblemLoader Loading environment from /home/runner/work/key/key/key.core/../key.ui/examples/standard_key/java_dl/deepNonNull/deepNonNull2.key 
141451     DEBUG main            d.u.i.k.p.i.AbstractProblemLoader Environment load took 92.7ns 
141452     INFO  main            d.u.i.k.p.i.AbstractProblemLoader Creating init config 
144407     DEBUG main            d.u.i.k.p.i.AbstractProblemLoader Init config took 2.96s 
144453     INFO  main            d.u.i.k.p.i.AbstractProblemLoader Replaying proof Arrays[Arrays::unprovable(java.lang.Object)].JML operation contract.0 
144455     DEBUG main            d.u.i.k.p.i.IntermediateProofReplayer Proof replay took 9.3ns 
144563     INFO  main            d.u.i.k.p.r.p.TestFile    ... finished proof: open goal(s) 
144855     INFO  main            d.u.i.k.p.r.p.TestFile    Now processing file /home/runner/work/key/key/key.core/../key.ui/examples/standard_key/java_dl/deepNonNull/deepNonNull3.key 
144856     INFO  main            d.u.i.k.p.i.AbstractProblemLoader Loading environment from /home/runner/work/key/key/key.core/../key.ui/examples/standard_key/java_dl/deepNonNull/deepNonNull3.key 
144856     DEBUG main            d.u.i.k.p.i.AbstractProblemLoader Environment load took 71.3ns 
144857     INFO  main            d.u.i.k.p.i.AbstractProblemLoader Creating init config 
147716     DEBUG main            d.u.i.k.p.i.AbstractProblemLoader Init config took 2.86s 
147777     INFO  main            d.u.i.k.p.i.AbstractProblemLoader Replaying proof Arrays[Arrays::head([[[[Ljava.lang.Object)].JML operation contract.0 
147778     DEBUG main            d.u.i.k.p.i.IntermediateProofReplayer Proof replay took 8.4ns 
148888     INFO  main            d.u.i.k.p.r.p.TestFile    ... finished proof: closed. 
149240     INFO  main            d.u.i.k.p.i.AbstractProblemLoader Loading environment from /home/runner/work/key/key/key.core/../key.ui/examples/standard_key/java_dl/deepNonNull/deepNonNull3.key.proof 
149242     DEBUG main            d.u.i.k.p.i.AbstractProblemLoader Environment load took 2.14ms 
149244     INFO  main            d.u.i.k.p.i.AbstractProblemLoader Creating init config 
152129     DEBUG main            d.u.i.k.p.i.AbstractProblemLoader Init config took 2.89s 
152171     INFO  main            d.u.i.k.p.i.AbstractProblemLoader Replaying proof Arrays[Arrays::head([[[[Ljava.lang.Object)].JML operation contract.0 
152305     DEBUG main            d.u.i.k.p.i.IntermediateProofReplayer Proof replay took 129.09ms 
152306     DEBUG main            d.u.i.k.p.r.p.TestFile    ... success: reloaded. 
152306     INFO  main            d.u.i.k.p.r.p.TestFile    Now processing file /home/runner/work/key/key/key.core/../key.ui/examples/standard_key/java_dl/exceptions.key 
152307     INFO  main            d.u.i.k.p.i.AbstractProblemLoader Loading environment from /home/runner/work/key/key/key.core/../key.ui/examples/standard_key/java_dl/exceptions.key 
152307     DEBUG main            d.u.i.k.p.i.AbstractProblemLoader Environment load took 209.21ns 
152308     INFO  main            d.u.i.k.p.i.AbstractProblemLoader Creating init config 
152333     WARN  main            d.u.i.k.j.r.KeYCrossReferenceNameInfo Datatype java.io.InputStream declared twice: Once in FILE:/home/runner/work/key/key/key.core/../key.ui/examples/standard_key/java_dl/classpath/InputStream.java and once in URL:file:/home/runner/work/key/key/key.core/build/resources/main/de/uka/ilkd/key/java/JavaRedux/java/io/InputStream.java, Keeping one from URL:file:/home/runner/work/key/key/key.core/build/resources/main/de/uka/ilkd/key/java/JavaRedux/java/io/InputStream.java 
152333     WARN  main            d.u.i.k.j.r.KeYCrossReferenceNameInfo Datatype java.lang.System declared twice: Once in FILE:/home/runner/work/key/key/key.core/../key.ui/examples/standard_key/java_dl/classpath/System.java and once in URL:file:/home/runner/work/key/key/key.core/build/resources/main/de/uka/ilkd/key/java/JavaRedux/java/lang/System.java, Keeping one from URL:file:/home/runner/work/key/key/key.core/build/resources/main/de/uka/ilkd/key/java/JavaRedux/java/lang/System.java 
152334     WARN  main            d.u.i.k.j.r.KeYCrossReferenceNameInfo Datatype java.io.PrintStream declared twice: Once in FILE:/home/runner/work/key/key/key.core/../key.ui/examples/standard_key/java_dl/classpath/PrintStream.java and once in URL:file:/home/runner/work/key/key/key.core/build/resources/main/de/uka/ilkd/key/java/JavaRedux/java/io/PrintStream.java, Keeping one from URL:file:/home/runner/work/key/key/key.core/build/resources/main/de/uka/ilkd/key/java/JavaRedux/java/io/PrintStream.java 
152338     DEBUG main            d.u.i.k.j.r.ClassFileDeclarationBuilder Parsing: package java.io; public class Closeable { } 
152338     DEBUG main            r.s.KeYCrossReferenceSourceInfo Dynamically created class: java.io.Closeable 
155145     DEBUG main            d.u.i.k.p.i.AbstractProblemLoader Init config took 2.84s 
155166     INFO  main            d.u.i.k.p.i.AbstractProblemLoader Replaying proof exceptions.key 
155168     DEBUG main            d.u.i.k.p.i.IntermediateProofReplayer Proof replay took 9.2ns 
155370     INFO  main            d.u.i.k.p.r.p.TestFile    ... finished proof: closed. 
155672     INFO  main            d.u.i.k.p.i.AbstractProblemLoader Loading environment from /home/runner/work/key/key/key.core/../key.ui/examples/standard_key/java_dl/exceptions.key.proof 
155672     DEBUG main            d.u.i.k.p.i.AbstractProblemLoader Environment load took 94.41ns 
155674     INFO  main            d.u.i.k.p.i.AbstractProblemLoader Creating init config 
155706     WARN  main            d.u.i.k.j.r.KeYCrossReferenceNameInfo Datatype java.io.InputStream declared twice: Once in FILE:/home/runner/work/key/key/key.core/../key.ui/examples/standard_key/java_dl/classpath/InputStream.java and once in URL:file:/home/runner/work/key/key/key.core/build/resources/main/de/uka/ilkd/key/java/JavaRedux/java/io/InputStream.java, Keeping one from URL:file:/home/runner/work/key/key/key.core/build/resources/main/de/uka/ilkd/key/java/JavaRedux/java/io/InputStream.java 
155706     WARN  main            d.u.i.k.j.r.KeYCrossReferenceNameInfo Datatype java.lang.System declared twice: Once in FILE:/home/runner/work/key/key/key.core/../key.ui/examples/standard_key/java_dl/classpath/System.java and once in URL:file:/home/runner/work/key/key/key.core/build/resources/main/de/uka/ilkd/key/java/JavaRedux/java/lang/System.java, Keeping one from URL:file:/home/runner/work/key/key/key.core/build/resources/main/de/uka/ilkd/key/java/JavaRedux/java/lang/System.java 
155706     WARN  main            d.u.i.k.j.r.KeYCrossReferenceNameInfo Datatype java.io.PrintStream declared twice: Once in FILE:/home/runner/work/key/key/key.core/../key.ui/examples/standard_key/java_dl/classpath/PrintStream.java and once in URL:file:/home/runner/work/key/key/key.core/build/resources/main/de/uka/ilkd/key/java/JavaRedux/java/io/PrintStream.java, Keeping one from URL:file:/home/runner/work/key/key/key.core/build/resources/main/de/uka/ilkd/key/java/JavaRedux/java/io/PrintStream.java 
155711     DEBUG main            d.u.i.k.j.r.ClassFileDeclarationBuilder Parsing: package java.io; public class Closeable { } 
155711     DEBUG main            r.s.KeYCrossReferenceSourceInfo Dynamically created class: java.io.Closeable 
158453     DEBUG main            d.u.i.k.p.i.AbstractProblemLoader Init config took 2.78s 
158470     INFO  main            d.u.i.k.p.i.AbstractProblemLoader Replaying proof exceptions.key.proof 
158523     DEBUG main            d.u.i.k.p.i.IntermediateProofReplayer Proof replay took 50.27ms 
158525     DEBUG main            d.u.i.k.p.r.p.TestFile    ... success: reloaded. 
158525     INFO  main            d.u.i.k.p.r.p.TestFile    Now processing file /home/runner/work/key/key/key.core/../key.ui/examples/standard_key/java_dl/exceptions1.key 
158526     INFO  main            d.u.i.k.p.i.AbstractProblemLoader Loading environment from /home/runner/work/key/key/key.core/../key.ui/examples/standard_key/java_dl/exceptions1.key 
158526     DEBUG main            d.u.i.k.p.i.AbstractProblemLoader Environment load took 75.1ns 
158527     INFO  main            d.u.i.k.p.i.AbstractProblemLoader Creating init config 
161254     DEBUG main            d.u.i.k.p.i.AbstractProblemLoader Init config took 2.73s 
161272     INFO  main            d.u.i.k.p.i.AbstractProblemLoader Replaying proof exceptions1.key 
161275     DEBUG main            d.u.i.k.p.i.IntermediateProofReplayer Proof replay took 23.3ns 
161478     INFO  main            d.u.i.k.p.r.p.TestFile    ... finished proof: closed. 
161810     INFO  main            d.u.i.k.p.i.AbstractProblemLoader Loading environment from /home/runner/work/key/key/key.core/../key.ui/examples/standard_key/java_dl/exceptions1.key.proof 
161810     DEBUG main            d.u.i.k.p.i.AbstractProblemLoader Environment load took 99.31ns 
161811     INFO  main            d.u.i.k.p.i.AbstractProblemLoader Creating init config 
164486     DEBUG main            d.u.i.k.p.i.AbstractProblemLoader Init config took 2.68s 
164504     INFO  main            d.u.i.k.p.i.AbstractProblemLoader Replaying proof exceptions1.key.proof 
164540     DEBUG main            d.u.i.k.p.i.IntermediateProofReplayer Proof replay took 33.53ms 
164541     DEBUG main            d.u.i.k.p.r.p.TestFile    ... success: reloaded. 
164543     INFO  main            d.u.i.k.p.r.p.TestFile    Now processing file /home/runner/work/key/key/key.core/../key.ui/examples/standard_key/java_dl/exceptions2.key 
164543     INFO  main            d.u.i.k.p.i.AbstractProblemLoader Loading environment from /home/runner/work/key/key/key.core/../key.ui/examples/standard_key/java_dl/exceptions2.key 
164543     DEBUG main            d.u.i.k.p.i.AbstractProblemLoader Environment load took 213.91ns 
164544     INFO  main            d.u.i.k.p.i.AbstractProblemLoader Creating init config 
167309     DEBUG main            d.u.i.k.p.i.AbstractProblemLoader Init config took 2.77s 
167326     INFO  main            d.u.i.k.p.i.AbstractProblemLoader Replaying proof exceptions2.key 
167329     DEBUG main            d.u.i.k.p.i.IntermediateProofReplayer Proof replay took 8.3ns 
167533     INFO  main            d.u.i.k.p.r.p.TestFile    ... finished proof: closed. 
167866     INFO  main            d.u.i.k.p.i.AbstractProblemLoader Loading environment from /home/runner/work/key/key/key.core/../key.ui/examples/standard_key/java_dl/exceptions2.key.proof 
167866     DEBUG main            d.u.i.k.p.i.AbstractProblemLoader Environment load took 107.31ns 
167867     INFO  main            d.u.i.k.p.i.AbstractProblemLoader Creating init config 
170566     DEBUG main            d.u.i.k.p.i.AbstractProblemLoader Init config took 2.7s 
170583     INFO  main            d.u.i.k.p.i.AbstractProblemLoader Replaying proof exceptions2.key.proof 
170619     DEBUG main            d.u.i.k.p.i.IntermediateProofReplayer Proof replay took 33.42ms 
170620     DEBUG main            d.u.i.k.p.r.p.TestFile    ... success: reloaded. 
170621     INFO  main            d.u.i.k.p.r.p.TestFile    Now processing file /home/runner/work/key/key/key.core/../key.ui/examples/standard_key/java_dl/exceptions3.key 
170621     INFO  main            d.u.i.k.p.i.AbstractProblemLoader Loading environment from /home/runner/work/key/key/key.core/../key.ui/examples/standard_key/java_dl/exceptions3.key 
170622     DEBUG main            d.u.i.k.p.i.AbstractProblemLoader Environment load took 76.9ns 
170623     INFO  main            d.u.i.k.p.i.AbstractProblemLoader Creating init config 
170647     WARN  main            d.u.i.k.j.r.KeYCrossReferenceNameInfo Datatype java.io.InputStream declared twice: Once in FILE:/home/runner/work/key/key/key.core/../key.ui/examples/standard_key/java_dl/classpath/InputStream.java and once in URL:file:/home/runner/work/key/key/key.core/build/resources/main/de/uka/ilkd/key/java/JavaRedux/java/io/InputStream.java, Keeping one from URL:file:/home/runner/work/key/key/key.core/build/resources/main/de/uka/ilkd/key/java/JavaRedux/java/io/InputStream.java 
170648     WARN  main            d.u.i.k.j.r.KeYCrossReferenceNameInfo Datatype java.lang.System declared twice: Once in FILE:/home/runner/work/key/key/key.core/../key.ui/examples/standard_key/java_dl/classpath/System.java and once in URL:file:/home/runner/work/key/key/key.core/build/resources/main/de/uka/ilkd/key/java/JavaRedux/java/lang/System.java, Keeping one from URL:file:/home/runner/work/key/key/key.core/build/resources/main/de/uka/ilkd/key/java/JavaRedux/java/lang/System.java 
170648     WARN  main            d.u.i.k.j.r.KeYCrossReferenceNameInfo Datatype java.io.PrintStream declared twice: Once in FILE:/home/runner/work/key/key/key.core/../key.ui/examples/standard_key/java_dl/classpath/PrintStream.java and once in URL:file:/home/runner/work/key/key/key.core/build/resources/main/de/uka/ilkd/key/java/JavaRedux/java/io/PrintStream.java, Keeping one from URL:file:/home/runner/work/key/key/key.core/build/resources/main/de/uka/ilkd/key/java/JavaRedux/java/io/PrintStream.java 
170652     DEBUG main            d.u.i.k.j.r.ClassFileDeclarationBuilder Parsing: package java.io; public class Closeable { } 
170652     DEBUG main            r.s.KeYCrossReferenceSourceInfo Dynamically created class: java.io.Closeable 
173369     DEBUG main            d.u.i.k.p.i.AbstractProblemLoader Init config took 2.75s 
173387     INFO  main            d.u.i.k.p.i.AbstractProblemLoader Replaying proof exceptions3.key 
173388     DEBUG main            d.u.i.k.p.i.IntermediateProofReplayer Proof replay took 6.9ns 
173492     INFO  main            d.u.i.k.p.r.p.TestFile    ... finished proof: closed. 
173809     INFO  main            d.u.i.k.p.i.AbstractProblemLoader Loading environment from /home/runner/work/key/key/key.core/../key.ui/examples/standard_key/java_dl/exceptions3.key.proof 
173809     DEBUG main            d.u.i.k.p.i.AbstractProblemLoader Environment load took 95.5ns 
173810     INFO  main            d.u.i.k.p.i.AbstractProblemLoader Creating init config 
173835     WARN  main            d.u.i.k.j.r.KeYCrossReferenceNameInfo Datatype java.io.InputStream declared twice: Once in FILE:/home/runner/work/key/key/key.core/../key.ui/examples/standard_key/java_dl/classpath/InputStream.java and once in URL:file:/home/runner/work/key/key/key.core/build/resources/main/de/uka/ilkd/key/java/JavaRedux/java/io/InputStream.java, Keeping one from URL:file:/home/runner/work/key/key/key.core/build/resources/main/de/uka/ilkd/key/java/JavaRedux/java/io/InputStream.java 
173835     WARN  main            d.u.i.k.j.r.KeYCrossReferenceNameInfo Datatype java.lang.System declared twice: Once in FILE:/home/runner/work/key/key/key.core/../key.ui/examples/standard_key/java_dl/classpath/System.java and once in URL:file:/home/runner/work/key/key/key.core/build/resources/main/de/uka/ilkd/key/java/JavaRedux/java/lang/System.java, Keeping one from URL:file:/home/runner/work/key/key/key.core/build/resources/main/de/uka/ilkd/key/java/JavaRedux/java/lang/System.java 
173835     WARN  main            d.u.i.k.j.r.KeYCrossReferenceNameInfo Datatype java.io.PrintStream declared twice: Once in FILE:/home/runner/work/key/key/key.core/../key.ui/examples/standard_key/java_dl/classpath/PrintStream.java and once in URL:file:/home/runner/work/key/key/key.core/build/resources/main/de/uka/ilkd/key/java/JavaRedux/java/io/PrintStream.java, Keeping one from URL:file:/home/runner/work/key/key/key.core/build/resources/main/de/uka/ilkd/key/java/JavaRedux/java/io/PrintStream.java 
173840     DEBUG main            d.u.i.k.j.r.ClassFileDeclarationBuilder Parsing: package java.io; public class Closeable { } 
173840     DEBUG main            r.s.KeYCrossReferenceSourceInfo Dynamically created class: java.io.Closeable 
176519     DEBUG main            d.u.i.k.p.i.AbstractProblemLoader Init config took 2.71s 
176536     INFO  main            d.u.i.k.p.i.AbstractProblemLoader Replaying proof exceptions3.key.proof 
176542     DEBUG main            d.u.i.k.p.i.IntermediateProofReplayer Proof replay took 4.33ms 
176543     DEBUG main            d.u.i.k.p.r.p.TestFile    ... success: reloaded. 
176544     INFO  main            d.u.i.k.p.r.p.TestFile    Now processing file /home/runner/work/key/key/key.core/../key.ui/examples/standard_key/java_dl/exchange.key 
176544     INFO  main            d.u.i.k.p.i.AbstractProblemLoader Loading environment from /home/runner/work/key/key/key.core/../key.ui/examples/standard_key/java_dl/exchange.key 
176544     DEBUG main            d.u.i.k.p.i.AbstractProblemLoader Environment load took 90.7ns 
176545     INFO  main            d.u.i.k.p.i.AbstractProblemLoader Creating init config 
179294     DEBUG main            d.u.i.k.p.i.AbstractProblemLoader Init config took 2.75s 
179312     INFO  main            d.u.i.k.p.i.AbstractProblemLoader Replaying proof exchange.key 
179314     DEBUG main            d.u.i.k.p.i.IntermediateProofReplayer Proof replay took 8ns 
179418     INFO  main            d.u.i.k.p.r.p.TestFile    ... finished proof: closed. 
179747     INFO  main            d.u.i.k.p.i.AbstractProblemLoader Loading environment from /home/runner/work/key/key/key.core/../key.ui/examples/standard_key/java_dl/exchange.key.proof 
179747     DEBUG main            d.u.i.k.p.i.AbstractProblemLoader Environment load took 102.41ns 
179748     INFO  main            d.u.i.k.p.i.AbstractProblemLoader Creating init config 
182438     DEBUG main            d.u.i.k.p.i.AbstractProblemLoader Init config took 2.69s 
182455     INFO  main            d.u.i.k.p.i.AbstractProblemLoader Replaying proof exchange.key.proof 
182463     DEBUG main            d.u.i.k.p.i.IntermediateProofReplayer Proof replay took 5.78ms 
182464     DEBUG main            d.u.i.k.p.r.p.TestFile    ... success: reloaded. 
182465     INFO  main            d.u.i.k.p.r.p.TestFile    Now processing file /home/runner/work/key/key/key.core/../key.ui/examples/standard_key/java_dl/if.key 
182465     INFO  main            d.u.i.k.p.i.AbstractProblemLoader Loading environment from /home/runner/work/key/key/key.core/../key.ui/examples/standard_key/java_dl/if.key 
182465     DEBUG main            d.u.i.k.p.i.AbstractProblemLoader Environment load took 69.7ns 
182466     INFO  main            d.u.i.k.p.i.AbstractProblemLoader Creating init config 
185240     DEBUG main            d.u.i.k.p.i.AbstractProblemLoader Init config took 2.77s 
185258     INFO  main            d.u.i.k.p.i.AbstractProblemLoader Replaying proof if.key 
185259     DEBUG main            d.u.i.k.p.i.IntermediateProofReplayer Proof replay took 7.1ns 
185361     INFO  main            d.u.i.k.p.r.p.TestFile    ... finished proof: closed. 
185782     INFO  main            d.u.i.k.p.i.AbstractProblemLoader Loading environment from /home/runner/work/key/key/key.core/../key.ui/examples/standard_key/java_dl/if.key.proof 
185782     DEBUG main            d.u.i.k.p.i.AbstractProblemLoader Environment load took 96.41ns 
185783     INFO  main            d.u.i.k.p.i.AbstractProblemLoader Creating init config 
188367     DEBUG main            d.u.i.k.p.i.AbstractProblemLoader Init config took 2.58s 
188383     INFO  main            d.u.i.k.p.i.AbstractProblemLoader Replaying proof if.key.proof 
188388     DEBUG main            d.u.i.k.p.i.IntermediateProofReplayer Proof replay took 3.09ms 
188389     DEBUG main            d.u.i.k.p.r.p.TestFile    ... success: reloaded. 
188390     INFO  main            d.u.i.k.p.r.p.TestFile    Now processing file /home/runner/work/key/key/key.core/../key.ui/examples/standard_key/java_dl/incrementcounter.key 
188390     INFO  main            d.u.i.k.p.i.AbstractProblemLoader Loading environment from /home/runner/work/key/key/key.core/../key.ui/examples/standard_key/java_dl/incrementcounter.key 
188390     DEBUG main            d.u.i.k.p.i.AbstractProblemLoader Environment load took 175.21ns 
188391     INFO  main            d.u.i.k.p.i.AbstractProblemLoader Creating init config 
191163     DEBUG main            d.u.i.k.p.i.AbstractProblemLoader Init config took 2.77s 
191179     INFO  main            d.u.i.k.p.i.AbstractProblemLoader Replaying proof incrementcounter.key 
191181     DEBUG main            d.u.i.k.p.i.IntermediateProofReplayer Proof replay took 10.2ns 
191283     INFO  main            d.u.i.k.p.r.p.TestFile    ... finished proof: closed. 
191638     INFO  main            d.u.i.k.p.i.AbstractProblemLoader Loading environment from /home/runner/work/key/key/key.core/../key.ui/examples/standard_key/java_dl/incrementcounter.key.proof 
191638     DEBUG main            d.u.i.k.p.i.AbstractProblemLoader Environment load took 113.81ns 
191639     INFO  main            d.u.i.k.p.i.AbstractProblemLoader Creating init config 
194269     DEBUG main            d.u.i.k.p.i.AbstractProblemLoader Init config took 2.63s 
194285     INFO  main            d.u.i.k.p.i.AbstractProblemLoader Replaying proof incrementcounter.key.proof 
194289     DEBUG main            d.u.i.k.p.i.IntermediateProofReplayer Proof replay took 2.21ms 
194290     DEBUG main            d.u.i.k.p.r.p.TestFile    ... success: reloaded. 
194290     INFO  main            d.u.i.k.p.r.p.TestFile    Now processing file /home/runner/work/key/key/key.core/../key.ui/examples/standard_key/java_dl/danglingElse.key 
194290     INFO  main            d.u.i.k.p.i.AbstractProblemLoader Loading environment from /home/runner/work/key/key/key.core/../key.ui/examples/standard_key/java_dl/danglingElse.key 
194291     DEBUG main            d.u.i.k.p.i.AbstractProblemLoader Environment load took 86.9ns 
194292     INFO  main            d.u.i.k.p.i.AbstractProblemLoader Creating init config 
196999     DEBUG main            d.u.i.k.p.i.AbstractProblemLoader Init config took 2.71s 
197016     INFO  main            d.u.i.k.p.i.AbstractProblemLoader Replaying proof danglingElse.key 
197018     DEBUG main            d.u.i.k.p.i.IntermediateProofReplayer Proof replay took 7.4ns 
197121     INFO  main            d.u.i.k.p.r.p.TestFile    ... finished proof: open goal(s) 
197476     INFO  main            d.u.i.k.p.r.p.TestFile    Now processing file /home/runner/work/key/key/key.core/../key.ui/examples/standard_key/java_dl/iteratedAssignment.key 
197477     INFO  main            d.u.i.k.p.i.AbstractProblemLoader Loading environment from /home/runner/work/key/key/key.core/../key.ui/examples/standard_key/java_dl/iteratedAssignment.key 
197477     DEBUG main            d.u.i.k.p.i.AbstractProblemLoader Environment load took 68.3ns 
197478     INFO  main            d.u.i.k.p.i.AbstractProblemLoader Creating init config 
200156     DEBUG main            d.u.i.k.p.i.AbstractProblemLoader Init config took 2.68s 
200173     INFO  main            d.u.i.k.p.i.AbstractProblemLoader Replaying proof iteratedAssignment.key 
200176     DEBUG main            d.u.i.k.p.i.IntermediateProofReplayer Proof replay took 7.5ns 
200580     INFO  main            d.u.i.k.p.r.p.TestFile    ... finished proof: closed. 
200943     INFO  main            d.u.i.k.p.i.AbstractProblemLoader Loading environment from /home/runner/work/key/key/key.core/../key.ui/examples/standard_key/java_dl/iteratedAssignment.key.proof 
200943     DEBUG main            d.u.i.k.p.i.AbstractProblemLoader Environment load took 98.11ns 
200944     INFO  main            d.u.i.k.p.i.AbstractProblemLoader Creating init config 
203581     DEBUG main            d.u.i.k.p.i.AbstractProblemLoader Init config took 2.64s 
203598     INFO  main            d.u.i.k.p.i.AbstractProblemLoader Replaying proof iteratedAssignment.key.proof 
203691     DEBUG main            d.u.i.k.p.i.IntermediateProofReplayer Proof replay took 89.27ms 
203692     DEBUG main            d.u.i.k.p.r.p.TestFile    ... success: reloaded. 
203693     INFO  main            d.u.i.k.p.r.p.TestFile    Now processing file /home/runner/work/key/key/key.core/../key.ui/examples/standard_key/java_dl/assert/assert1.key 
203694     INFO  main            d.u.i.k.p.i.AbstractProblemLoader Loading environment from /home/runner/work/key/key/key.core/../key.ui/examples/standard_key/java_dl/assert/assert1.key 
203694     DEBUG main            d.u.i.k.p.i.AbstractProblemLoader Environment load took 225.71ns 
203695     INFO  main            d.u.i.k.p.i.AbstractProblemLoader Creating init config 
206605     DEBUG main            d.u.i.k.p.i.AbstractProblemLoader Init config took 2.91s 
206647     INFO  main            d.u.i.k.p.i.AbstractProblemLoader Replaying proof C[C::foo()].JML normal_behavior operation contract.0 
206650     DEBUG main            d.u.i.k.p.i.IntermediateProofReplayer Proof replay took 7.4ns 
206853     INFO  main            d.u.i.k.p.r.p.TestFile    ... finished proof: open goal(s) 
207239     INFO  main            d.u.i.k.p.r.p.TestFile    Now processing file /home/runner/work/key/key/key.core/../key.ui/examples/standard_key/java_dl/assert/assert2.key 
207239     INFO  main            d.u.i.k.p.i.AbstractProblemLoader Loading environment from /home/runner/work/key/key/key.core/../key.ui/examples/standard_key/java_dl/assert/assert2.key 
207239     DEBUG main            d.u.i.k.p.i.AbstractProblemLoader Environment load took 78.3ns 
207241     INFO  main            d.u.i.k.p.i.AbstractProblemLoader Creating init config 
210058     DEBUG main            d.u.i.k.p.i.AbstractProblemLoader Init config took 2.82s 
210105     INFO  main            d.u.i.k.p.i.AbstractProblemLoader Replaying proof C[C::bar()].JML exceptional_behavior operation contract.0 
210107     DEBUG main            d.u.i.k.p.i.IntermediateProofReplayer Proof replay took 8.7ns 
210310     INFO  main            d.u.i.k.p.r.p.TestFile    ... finished proof: closed. 
210673     INFO  main            d.u.i.k.p.i.AbstractProblemLoader Loading environment from /home/runner/work/key/key/key.core/../key.ui/examples/standard_key/java_dl/assert/assert2.key.proof 
210673     DEBUG main            d.u.i.k.p.i.AbstractProblemLoader Environment load took 160.21ns 
210674     INFO  main            d.u.i.k.p.i.AbstractProblemLoader Creating init config 
213467     DEBUG main            d.u.i.k.p.i.AbstractProblemLoader Init config took 2.79s 
213507     INFO  main            d.u.i.k.p.i.AbstractProblemLoader Replaying proof C[C::bar()].JML exceptional_behavior operation contract.0 
213555     DEBUG main            d.u.i.k.p.i.IntermediateProofReplayer Proof replay took 46.25ms 
213556     DEBUG main            d.u.i.k.p.r.p.TestFile    ... success: reloaded. 
213557     INFO  main            d.u.i.k.p.r.p.TestFile    Now processing file /home/runner/work/key/key/key.core/../key.ui/examples/standard_key/java_dl/assert/assert3.key 
213557     INFO  main            d.u.i.k.p.i.AbstractProblemLoader Loading environment from /home/runner/work/key/key/key.core/../key.ui/examples/standard_key/java_dl/assert/assert3.key 
213557     DEBUG main            d.u.i.k.p.i.AbstractProblemLoader Environment load took 90.5ns 
213558     INFO  main            d.u.i.k.p.i.AbstractProblemLoader Creating init config 
216307     DEBUG main            d.u.i.k.p.i.AbstractProblemLoader Init config took 2.75s 
216345     INFO  main            d.u.i.k.p.i.AbstractProblemLoader Replaying proof C[C::foo()].JML normal_behavior operation contract.0 
216349     DEBUG main            d.u.i.k.p.i.IntermediateProofReplayer Proof replay took 6.9ns 
216451     INFO  main            d.u.i.k.p.r.p.TestFile    ... finished proof: open goal(s) 
216814     INFO  main            d.u.i.k.p.r.p.TestFile    Now processing file /home/runner/work/key/key/key.core/../key.ui/examples/standard_key/java_dl/java5/vararg.key 
216814     INFO  main            d.u.i.k.p.i.AbstractProblemLoader Loading environment from /home/runner/work/key/key/key.core/../key.ui/examples/standard_key/java_dl/java5/vararg.key 
216814     DEBUG main            d.u.i.k.p.i.AbstractProblemLoader Environment load took 66.4ns 
216815     INFO  main            d.u.i.k.p.i.AbstractProblemLoader Creating init config 
217826     DEBUG main            d.u.i.k.j.r.ClassPreparationMethodBuilder clPrepBuilder: Inner Class detected. Reject building class initialisation methods. 
219954     DEBUG main            d.u.i.k.p.i.AbstractProblemLoader Init config took 3.14s 
219987     INFO  main            d.u.i.k.p.i.AbstractProblemLoader Replaying proof vararg.key 
219989     DEBUG main            d.u.i.k.p.i.IntermediateProofReplayer Proof replay took 8.1ns 
220322     DEBUG Thread-101      d.u.i.k.j.d.VariableSpecification Program match. Variables have different dimension (template #v0 = #vi;, source var#17[] = new java.lang.Object[]{d1, d2};) 
220491     DEBUG Thread-101      d.u.i.k.j.d.VariableSpecification Program match. Variables have different dimension (template #v0 = #vi;, source var#24[] = new java.lang.Object[]{d1, d2};) 
220726     DEBUG Thread-101      d.u.i.k.j.d.VariableSpecification Program match. Variables have different dimension (template #v0 = #vi;, source var#33[] = new java.lang.Object[]{var_1};) 
220727     DEBUG Thread-101      d.u.i.k.j.d.VariableSpecification Program match. Variables have different dimension (template #v0 = #vi;, source var#33[] = new java.lang.Object[]{var_1};) 
220859     DEBUG Thread-101      d.u.i.k.j.d.VariableSpecification Program match. Variables have different dimension (template #v0 = #vi;, source var#39[] = new java.lang.Object[]{null, null};) 
221029     DEBUG Thread-101      d.u.i.k.j.d.VariableSpecification Program match. Variables have different dimension (template #v0 = #vi;, source var#46[] = new java.lang.Object[]{};) 
221442     INFO  main            d.u.i.k.p.r.p.TestFile    ... finished proof: closed. 
221890     INFO  main            d.u.i.k.p.i.AbstractProblemLoader Loading environment from /home/runner/work/key/key/key.core/../key.ui/examples/standard_key/java_dl/java5/vararg.key.proof 
221892     DEBUG main            d.u.i.k.p.i.AbstractProblemLoader Environment load took 1.49ms 
221895     INFO  main            d.u.i.k.p.i.AbstractProblemLoader Creating init config 
222902     DEBUG main            d.u.i.k.j.r.ClassPreparationMethodBuilder clPrepBuilder: Inner Class detected. Reject building class initialisation methods. 
224891     DEBUG main            d.u.i.k.p.i.AbstractProblemLoader Init config took 3s 
224924     INFO  main            d.u.i.k.p.i.AbstractProblemLoader Replaying proof vararg.key.proof 
225318     DEBUG main            d.u.i.k.p.i.IntermediateProofReplayer Proof replay took 381.95ms 
225320     DEBUG main            d.u.i.k.p.r.p.TestFile    ... success: reloaded. 
225321     INFO  main            d.u.i.k.p.r.p.TestFile    Now processing file /home/runner/work/key/key/key.core/../key.ui/examples/standard_key/java_dl/java5/for_Array.key 
225321     INFO  main            d.u.i.k.p.i.AbstractProblemLoader Loading environment from /home/runner/work/key/key/key.core/../key.ui/examples/standard_key/java_dl/java5/for_Array.key 
225321     DEBUG main            d.u.i.k.p.i.AbstractProblemLoader Environment load took 178.91ns 
225322     INFO  main            d.u.i.k.p.i.AbstractProblemLoader Creating init config 
226303     DEBUG main            d.u.i.k.j.r.ClassPreparationMethodBuilder clPrepBuilder: Inner Class detected. Reject building class initialisation methods. 
228301     DEBUG main            d.u.i.k.p.i.AbstractProblemLoader Init config took 2.98s 
228361     INFO  main            d.u.i.k.p.i.AbstractProblemLoader Replaying proof For[For::sum([I)].JML operation contract.0 
228363     DEBUG main            d.u.i.k.p.i.IntermediateProofReplayer Proof replay took 7.8ns 
228766     INFO  main            d.u.i.k.p.r.p.TestFile    ... finished proof: closed. 
229239     INFO  main            d.u.i.k.p.i.AbstractProblemLoader Loading environment from /home/runner/work/key/key/key.core/../key.ui/examples/standard_key/java_dl/java5/for_Array.key.proof 
229239     DEBUG main            d.u.i.k.p.i.AbstractProblemLoader Environment load took 346.32ns 
229240     INFO  main            d.u.i.k.p.i.AbstractProblemLoader Creating init config 
230210     DEBUG main            d.u.i.k.j.r.ClassPreparationMethodBuilder clPrepBuilder: Inner Class detected. Reject building class initialisation methods. 
232111     DEBUG main            d.u.i.k.p.i.AbstractProblemLoader Init config took 2.87s 
232168     INFO  main            d.u.i.k.p.i.AbstractProblemLoader Replaying proof For[For::sum([I)].JML operation contract.0 
232269     DEBUG main            d.u.i.k.p.i.IntermediateProofReplayer Proof replay took 98.02ms 
232270     DEBUG main            d.u.i.k.p.r.p.TestFile    ... success: reloaded. 
232271     INFO  main            d.u.i.k.p.r.p.TestFile    Now processing file /home/runner/work/key/key/key.core/../key.ui/examples/standard_key/java_dl/java5/for_Iterable.key 
232271     INFO  main            d.u.i.k.p.i.AbstractProblemLoader Loading environment from /home/runner/work/key/key/key.core/../key.ui/examples/standard_key/java_dl/java5/for_Iterable.key 
232272     DEBUG main            d.u.i.k.p.i.AbstractProblemLoader Environment load took 198.41ns 
232273     INFO  main            d.u.i.k.p.i.AbstractProblemLoader Creating init config 
233199     DEBUG main            d.u.i.k.j.r.ClassPreparationMethodBuilder clPrepBuilder: Inner Class detected. Reject building class initialisation methods. 
235121     DEBUG main            d.u.i.k.p.i.AbstractProblemLoader Init config took 2.85s 
235176     INFO  main            d.u.i.k.p.i.AbstractProblemLoader Replaying proof For[For::infiniteLoop(For)].JML operation contract.0 
235178     DEBUG main            d.u.i.k.p.i.IntermediateProofReplayer Proof replay took 7.2ns 
235382     INFO  main            d.u.i.k.p.r.p.TestFile    ... finished proof: closed. 
235782     INFO  main            d.u.i.k.p.i.AbstractProblemLoader Loading environment from /home/runner/work/key/key/key.core/../key.ui/examples/standard_key/java_dl/java5/for_Iterable.key.proof 
235783     DEBUG main            d.u.i.k.p.i.AbstractProblemLoader Environment load took 121.61ns 
235783     INFO  main            d.u.i.k.p.i.AbstractProblemLoader Creating init config 
236703     DEBUG main            d.u.i.k.j.r.ClassPreparationMethodBuilder clPrepBuilder: Inner Class detected. Reject building class initialisation methods. 
238657     DEBUG main            d.u.i.k.p.i.AbstractProblemLoader Init config took 2.87s 
238715     INFO  main            d.u.i.k.p.i.AbstractProblemLoader Replaying proof For[For::infiniteLoop(For)].JML operation contract.0 
238777     DEBUG main            d.u.i.k.p.i.IntermediateProofReplayer Proof replay took 59.69ms 
238778     DEBUG main            d.u.i.k.p.r.p.TestFile    ... success: reloaded. 
238779     INFO  main            d.u.i.k.p.r.p.TestFile    Now processing file /home/runner/work/key/key/key.core/../key.ui/examples/standard_key/java_dl/java5/for_ReferenceArray.key 
238780     INFO  main            d.u.i.k.p.i.AbstractProblemLoader Loading environment from /home/runner/work/key/key/key.core/../key.ui/examples/standard_key/java_dl/java5/for_ReferenceArray.key 
238780     DEBUG main            d.u.i.k.p.i.AbstractProblemLoader Environment load took 67.8ns 
238781     INFO  main            d.u.i.k.p.i.AbstractProblemLoader Creating init config 
239752     DEBUG main            d.u.i.k.j.r.ClassPreparationMethodBuilder clPrepBuilder: Inner Class detected. Reject building class initialisation methods. 
241754     DEBUG main            d.u.i.k.p.i.AbstractProblemLoader Init config took 2.97s 
241809     INFO  main            d.u.i.k.p.i.AbstractProblemLoader Replaying proof ForReferenceArray[ForReferenceArray::foo([Ljava.lang.Object)].JML operation contract.0 
241813     DEBUG main            d.u.i.k.p.i.IntermediateProofReplayer Proof replay took 7.7ns 
242116     INFO  main            d.u.i.k.p.r.p.TestFile    ... finished proof: closed. 
242540     INFO  main            d.u.i.k.p.i.AbstractProblemLoader Loading environment from /home/runner/work/key/key/key.core/../key.ui/examples/standard_key/java_dl/java5/for_ReferenceArray.key.proof 
242540     DEBUG main            d.u.i.k.p.i.AbstractProblemLoader Environment load took 124.81ns 
242541     INFO  main            d.u.i.k.p.i.AbstractProblemLoader Creating init config 
243467     DEBUG main            d.u.i.k.j.r.ClassPreparationMethodBuilder clPrepBuilder: Inner Class detected. Reject building class initialisation methods. 
245384     DEBUG main            d.u.i.k.p.i.AbstractProblemLoader Init config took 2.84s 
245440     INFO  main            d.u.i.k.p.i.AbstractProblemLoader Replaying proof ForReferenceArray[ForReferenceArray::foo([Ljava.lang.Object)].JML operation contract.0 
245506     DEBUG main            d.u.i.k.p.i.IntermediateProofReplayer Proof replay took 63.14ms 
245507     DEBUG main            d.u.i.k.p.r.p.TestFile    ... success: reloaded. 
245508     INFO  main            d.u.i.k.p.r.p.TestFile    Now processing file /home/runner/work/key/key/key.core/../key.ui/examples/standard_key/java_dl/jml-bigint/cast.key 
245508     INFO  main            d.u.i.k.p.i.AbstractProblemLoader Loading environment from /home/runner/work/key/key/key.core/../key.ui/examples/standard_key/java_dl/jml-bigint/cast.key 
245508     DEBUG main            d.u.i.k.p.i.AbstractProblemLoader Environment load took 83.5ns 
245509     INFO  main            d.u.i.k.p.i.AbstractProblemLoader Creating init config 
248300     DEBUG main            d.u.i.k.p.i.AbstractProblemLoader Init config took 2.79s 
248339     INFO  main            d.u.i.k.p.i.AbstractProblemLoader Replaying proof Mult[Mult::cast()].JML operation contract.0 
248341     DEBUG main            d.u.i.k.p.i.IntermediateProofReplayer Proof replay took 7.1ns 
248443     INFO  main            d.u.i.k.p.r.p.TestFile    ... finished proof: closed. 
248893     INFO  main            d.u.i.k.p.i.AbstractProblemLoader Loading environment from /home/runner/work/key/key/key.core/../key.ui/examples/standard_key/java_dl/jml-bigint/cast.key.proof 
248893     DEBUG main            d.u.i.k.p.i.AbstractProblemLoader Environment load took 106.01ns 
248894     INFO  main            d.u.i.k.p.i.AbstractProblemLoader Creating init config 
251633     DEBUG main            d.u.i.k.p.i.AbstractProblemLoader Init config took 2.74s 
251672     INFO  main            d.u.i.k.p.i.AbstractProblemLoader Replaying proof Mult[Mult::cast()].JML operation contract.0 
251689     DEBUG main            d.u.i.k.p.i.IntermediateProofReplayer Proof replay took 14.8ms 
251690     DEBUG main            d.u.i.k.p.r.p.TestFile    ... success: reloaded. 
251691     INFO  main            d.u.i.k.p.r.p.TestFile    Now processing file /home/runner/work/key/key/key.core/../key.ui/examples/standard_key/java_dl/jml-free/loopInvFree.key 
251691     INFO  main            d.u.i.k.p.i.AbstractProblemLoader Loading environment from /home/runner/work/key/key/key.core/../key.ui/examples/standard_key/java_dl/jml-free/loopInvFree.key 
251691     DEBUG main            d.u.i.k.p.i.AbstractProblemLoader Environment load took 171.21ns 
251692     INFO  main            d.u.i.k.p.i.AbstractProblemLoader Creating init config 
254379     DEBUG main            d.u.i.k.p.i.AbstractProblemLoader Init config took 2.69s 
254416     INFO  main            d.u.i.k.p.i.AbstractProblemLoader Replaying proof LoopInvFree[LoopInvFree::test()].JML operation contract.0 
254418     DEBUG main            d.u.i.k.p.i.IntermediateProofReplayer Proof replay took 6.9ns 
254620     INFO  main            d.u.i.k.p.r.p.TestFile    ... finished proof: closed. 
255037     INFO  main            d.u.i.k.p.i.AbstractProblemLoader Loading environment from /home/runner/work/key/key/key.core/../key.ui/examples/standard_key/java_dl/jml-free/loopInvFree.key.proof 
255037     DEBUG main            d.u.i.k.p.i.AbstractProblemLoader Environment load took 104.5ns 
255038     INFO  main            d.u.i.k.p.i.AbstractProblemLoader Creating init config 
257641     DEBUG main            d.u.i.k.p.i.AbstractProblemLoader Init config took 2.6s 
257678     INFO  main            d.u.i.k.p.i.AbstractProblemLoader Replaying proof LoopInvFree[LoopInvFree::test()].JML operation contract.0 
257725     DEBUG main            d.u.i.k.p.i.IntermediateProofReplayer Proof replay took 44.98ms 
257726     DEBUG main            d.u.i.k.p.r.p.TestFile    ... success: reloaded. 
257727     INFO  main            d.u.i.k.p.r.p.TestFile    Now processing file /home/runner/work/key/key/key.core/../key.ui/examples/standard_key/java_dl/jml-free/ensuresFree.key 
257727     INFO  main            d.u.i.k.p.i.AbstractProblemLoader Loading environment from /home/runner/work/key/key/key.core/../key.ui/examples/standard_key/java_dl/jml-free/ensuresFree.key 
257728     DEBUG main            d.u.i.k.p.i.AbstractProblemLoader Environment load took 85ns 
257728     INFO  main            d.u.i.k.p.i.AbstractProblemLoader Creating init config 
260425     DEBUG main            d.u.i.k.p.i.AbstractProblemLoader Init config took 2.7s 
260463     INFO  main            d.u.i.k.p.i.AbstractProblemLoader Replaying proof EnsuresFree[EnsuresFree::test()].JML operation contract.0 
260464     DEBUG main            d.u.i.k.p.i.IntermediateProofReplayer Proof replay took 7.5ns 
260568     INFO  main            d.u.i.k.p.r.p.TestFile    ... finished proof: closed. 
260978     INFO  main            d.u.i.k.p.i.AbstractProblemLoader Loading environment from /home/runner/work/key/key/key.core/../key.ui/examples/standard_key/java_dl/jml-free/ensuresFree.key.proof 
260978     DEBUG main            d.u.i.k.p.i.AbstractProblemLoader Environment load took 97.01ns 
260979     INFO  main            d.u.i.k.p.i.AbstractProblemLoader Creating init config 
263722     DEBUG main            d.u.i.k.p.i.AbstractProblemLoader Init config took 2.74s 
263759     INFO  main            d.u.i.k.p.i.AbstractProblemLoader Replaying proof EnsuresFree[EnsuresFree::test()].JML operation contract.0 
263779     DEBUG main            d.u.i.k.p.i.IntermediateProofReplayer Proof replay took 18.11ms 
263780     DEBUG main            d.u.i.k.p.r.p.TestFile    ... success: reloaded. 
263781     INFO  main            d.u.i.k.p.r.p.TestFile    Now processing file /home/runner/work/key/key/key.core/../key.ui/examples/standard_key/java_dl/jml-information-flow.key 
263781     INFO  main            d.u.i.k.p.i.AbstractProblemLoader Loading environment from /home/runner/work/key/key/key.core/../key.ui/examples/standard_key/java_dl/jml-information-flow.key 
263781     DEBUG main            d.u.i.k.p.i.AbstractProblemLoader Environment load took 68.2ns 
263787     INFO  main            d.u.i.k.p.i.AbstractProblemLoader Creating init config 
266777     DEBUG main            d.u.i.k.p.i.AbstractProblemLoader Init config took 2.99s 
266798     INFO  main            d.u.i.k.p.i.AbstractProblemLoader Replaying proof jml-information-flow.key 
266799     DEBUG main            d.u.i.k.p.i.IntermediateProofReplayer Proof replay took 7.5ns 
394399     INFO  main            d.u.i.k.p.r.p.TestFile    ... finished proof: closed. 
395043     INFO  main            d.u.i.k.p.i.AbstractProblemLoader Loading environment from /home/runner/work/key/key/key.core/../key.ui/examples/standard_key/java_dl/jml-information-flow.key.proof 
395043     DEBUG main            d.u.i.k.p.i.AbstractProblemLoader Environment load took 366.62ns 
395054     INFO  main            d.u.i.k.p.i.AbstractProblemLoader Creating init config 
397906     DEBUG main            d.u.i.k.p.i.AbstractProblemLoader Init config took 2.85s 
397928     INFO  main            d.u.i.k.p.i.AbstractProblemLoader Replaying proof jml-information-flow.key.proof 
402034     DEBUG main            d.u.i.k.p.i.IntermediateProofReplayer Proof replay took 3.97s 
402044     DEBUG main            d.u.i.k.p.r.p.TestFile    ... success: reloaded. 
402045     INFO  main            d.u.i.k.p.r.p.TestFile    Now processing file /home/runner/work/key/key/key.core/../key.ui/examples/standard_key/java_dl/jml-min/min-unprovable1.key 
402045     INFO  main            d.u.i.k.p.i.AbstractProblemLoader Loading environment from /home/runner/work/key/key/key.core/../key.ui/examples/standard_key/java_dl/jml-min/min-unprovable1.key 
402046     DEBUG main            d.u.i.k.p.i.AbstractProblemLoader Environment load took 205.31ns 
402047     INFO  main            d.u.i.k.p.i.AbstractProblemLoader Creating init config 
405078     DEBUG main            d.u.i.k.p.i.AbstractProblemLoader Init config took 3.03s 
405116     INFO  main            d.u.i.k.p.i.AbstractProblemLoader Replaying proof Min[Min::foo()].JML operation contract.0 
405117     DEBUG main            d.u.i.k.p.i.IntermediateProofReplayer Proof replay took 7ns 
405220     INFO  main            d.u.i.k.p.r.p.TestFile    ... finished proof: open goal(s) 
405675     INFO  main            d.u.i.k.p.r.p.TestFile    Now processing file /home/runner/work/key/key/key.core/../key.ui/examples/standard_key/java_dl/jml-min/min-unprovable2.key 
405675     INFO  main            d.u.i.k.p.i.AbstractProblemLoader Loading environment from /home/runner/work/key/key/key.core/../key.ui/examples/standard_key/java_dl/jml-min/min-unprovable2.key 
405675     DEBUG main            d.u.i.k.p.i.AbstractProblemLoader Environment load took 59.3ns 
405676     INFO  main            d.u.i.k.p.i.AbstractProblemLoader Creating init config 
408373     DEBUG main            d.u.i.k.p.i.AbstractProblemLoader Init config took 2.7s 
408410     INFO  main            d.u.i.k.p.i.AbstractProblemLoader Replaying proof Min[Min::foo2()].JML operation contract.0 
408411     DEBUG main            d.u.i.k.p.i.IntermediateProofReplayer Proof replay took 7.4ns 
408514     INFO  main            d.u.i.k.p.r.p.TestFile    ... finished proof: open goal(s) 
408949     INFO  main            d.u.i.k.p.r.p.TestFile    Now processing file /home/runner/work/key/key/key.core/../key.ui/examples/standard_key/java_dl/methodCall.key 
408949     INFO  main            d.u.i.k.p.i.AbstractProblemLoader Loading environment from /home/runner/work/key/key/key.core/../key.ui/examples/standard_key/java_dl/methodCall.key 
408949     DEBUG main            d.u.i.k.p.i.AbstractProblemLoader Environment load took 56ns 
408950     INFO  main            d.u.i.k.p.i.AbstractProblemLoader Creating init config 
411651     DEBUG main            d.u.i.k.p.i.AbstractProblemLoader Init config took 2.7s 
411667     INFO  main            d.u.i.k.p.i.AbstractProblemLoader Replaying proof methodCall.key 
411669     DEBUG main            d.u.i.k.p.i.IntermediateProofReplayer Proof replay took 7.5ns 
411771     INFO  main            d.u.i.k.p.r.p.TestFile    ... finished proof: closed. 
412220     INFO  main            d.u.i.k.p.i.AbstractProblemLoader Loading environment from /home/runner/work/key/key/key.core/../key.ui/examples/standard_key/java_dl/methodCall.key.proof 
412220     DEBUG main            d.u.i.k.p.i.AbstractProblemLoader Environment load took 97.81ns 
412221     INFO  main            d.u.i.k.p.i.AbstractProblemLoader Creating init config 
414976     DEBUG main            d.u.i.k.p.i.AbstractProblemLoader Init config took 2.76s 
414993     INFO  main            d.u.i.k.p.i.AbstractProblemLoader Replaying proof methodCall.key.proof 
414996     DEBUG main            d.u.i.k.p.i.IntermediateProofReplayer Proof replay took 1.93ms 
414997     DEBUG main            d.u.i.k.p.r.p.TestFile    ... success: reloaded. 
414998     INFO  main            d.u.i.k.p.r.p.TestFile    Now processing file /home/runner/work/key/key/key.core/../key.ui/examples/standard_key/java_dl/methodCall1.key 
414998     INFO  main            d.u.i.k.p.i.AbstractProblemLoader Loading environment from /home/runner/work/key/key/key.core/../key.ui/examples/standard_key/java_dl/methodCall1.key 
414998     DEBUG main            d.u.i.k.p.i.AbstractProblemLoader Environment load took 53.3ns 
414999     INFO  main            d.u.i.k.p.i.AbstractProblemLoader Creating init config 
417746     DEBUG main            d.u.i.k.p.i.AbstractProblemLoader Init config took 2.75s 
417763     INFO  main            d.u.i.k.p.i.AbstractProblemLoader Replaying proof methodCall1.key 
417765     DEBUG main            d.u.i.k.p.i.IntermediateProofReplayer Proof replay took 7.8ns 
417867     INFO  main            d.u.i.k.p.r.p.TestFile    ... finished proof: closed. 
418338     INFO  main            d.u.i.k.p.i.AbstractProblemLoader Loading environment from /home/runner/work/key/key/key.core/../key.ui/examples/standard_key/java_dl/methodCall1.key.proof 
418338     DEBUG main            d.u.i.k.p.i.AbstractProblemLoader Environment load took 92.91ns 
418339     INFO  main            d.u.i.k.p.i.AbstractProblemLoader Creating init config 
421096     DEBUG main            d.u.i.k.p.i.AbstractProblemLoader Init config took 2.76s 
421115     INFO  main            d.u.i.k.p.i.AbstractProblemLoader Replaying proof methodCall1.key.proof 
421133     DEBUG main            d.u.i.k.p.i.IntermediateProofReplayer Proof replay took 14.7ms 
421136     DEBUG main            d.u.i.k.p.r.p.TestFile    ... success: reloaded. 
421136     INFO  main            d.u.i.k.p.r.p.TestFile    Now processing file /home/runner/work/key/key/key.core/../key.ui/examples/standard_key/java_dl/methodCall1box.key 
421137     INFO  main            d.u.i.k.p.i.AbstractProblemLoader Loading environment from /home/runner/work/key/key/key.core/../key.ui/examples/standard_key/java_dl/methodCall1box.key 
421137     DEBUG main            d.u.i.k.p.i.AbstractProblemLoader Environment load took 146.51ns 
421138     INFO  main            d.u.i.k.p.i.AbstractProblemLoader Creating init config 
423960     DEBUG main            d.u.i.k.p.i.AbstractProblemLoader Init config took 2.82s 
423977     INFO  main            d.u.i.k.p.i.AbstractProblemLoader Replaying proof methodCall1box.key 
423978     DEBUG main            d.u.i.k.p.i.IntermediateProofReplayer Proof replay took 9.3ns 
424080     INFO  main            d.u.i.k.p.r.p.TestFile    ... finished proof: closed. 
424559     INFO  main            d.u.i.k.p.i.AbstractProblemLoader Loading environment from /home/runner/work/key/key/key.core/../key.ui/examples/standard_key/java_dl/methodCall1box.key.proof 
424559     DEBUG main            d.u.i.k.p.i.AbstractProblemLoader Environment load took 86.61ns 
424560     INFO  main            d.u.i.k.p.i.AbstractProblemLoader Creating init config 
427321     DEBUG main            d.u.i.k.p.i.AbstractProblemLoader Init config took 2.76s 
427338     INFO  main            d.u.i.k.p.i.AbstractProblemLoader Replaying proof methodCall1box.key.proof 
427355     DEBUG main            d.u.i.k.p.i.IntermediateProofReplayer Proof replay took 14.67ms 
427356     DEBUG main            d.u.i.k.p.r.p.TestFile    ... success: reloaded. 
427357     INFO  main            d.u.i.k.p.r.p.TestFile    Now processing file /home/runner/work/key/key/key.core/../key.ui/examples/standard_key/java_dl/methodCall3.key 
427357     INFO  main            d.u.i.k.p.i.AbstractProblemLoader Loading environment from /home/runner/work/key/key/key.core/../key.ui/examples/standard_key/java_dl/methodCall3.key 
427357     DEBUG main            d.u.i.k.p.i.AbstractProblemLoader Environment load took 87ns 
427358     INFO  main            d.u.i.k.p.i.AbstractProblemLoader Creating init config 
430178     DEBUG main            d.u.i.k.p.i.AbstractProblemLoader Init config took 2.82s 
430195     INFO  main            d.u.i.k.p.i.AbstractProblemLoader Replaying proof methodCall3.key 
430196     DEBUG main            d.u.i.k.p.i.IntermediateProofReplayer Proof replay took 8ns 
430298     INFO  main            d.u.i.k.p.r.p.TestFile    ... finished proof: closed. 
430782     INFO  main            d.u.i.k.p.i.AbstractProblemLoader Loading environment from /home/runner/work/key/key/key.core/../key.ui/examples/standard_key/java_dl/methodCall3.key.proof 
430782     DEBUG main            d.u.i.k.p.i.AbstractProblemLoader Environment load took 100.31ns 
430783     INFO  main            d.u.i.k.p.i.AbstractProblemLoader Creating init config 
433563     DEBUG main            d.u.i.k.p.i.AbstractProblemLoader Init config took 2.78s 
433580     INFO  main            d.u.i.k.p.i.AbstractProblemLoader Replaying proof methodCall3.key.proof 
433592     DEBUG main            d.u.i.k.p.i.IntermediateProofReplayer Proof replay took 10.57ms 
433593     DEBUG main            d.u.i.k.p.r.p.TestFile    ... success: reloaded. 
433594     INFO  main            d.u.i.k.p.r.p.TestFile    Now processing file /home/runner/work/key/key/key.core/../key.ui/examples/standard_key/java_dl/polishFlagSort.key 
433594     INFO  main            d.u.i.k.p.i.AbstractProblemLoader Loading environment from /home/runner/work/key/key/key.core/../key.ui/examples/standard_key/java_dl/polishFlagSort.key 
433595     DEBUG main            d.u.i.k.p.i.AbstractProblemLoader Environment load took 150.31ns 
433596     INFO  main            d.u.i.k.p.i.AbstractProblemLoader Creating init config 
436465     DEBUG main            d.u.i.k.p.i.AbstractProblemLoader Init config took 2.87s 
436483     INFO  main            d.u.i.k.p.i.AbstractProblemLoader Replaying proof polishFlagSort.key 
436484     DEBUG main            d.u.i.k.p.i.IntermediateProofReplayer Proof replay took 7.8ns 
438897     INFO  main            d.u.i.k.p.r.p.TestFile    ... finished proof: closed. 
439440     INFO  main            d.u.i.k.p.i.AbstractProblemLoader Loading environment from /home/runner/work/key/key/key.core/../key.ui/examples/standard_key/java_dl/polishFlagSort.key.proof 
439440     DEBUG main            d.u.i.k.p.i.AbstractProblemLoader Environment load took 101.11ns 
439442     INFO  main            d.u.i.k.p.i.AbstractProblemLoader Creating init config 
442164     DEBUG main            d.u.i.k.p.i.AbstractProblemLoader Init config took 2.72s 
442182     INFO  main            d.u.i.k.p.i.AbstractProblemLoader Replaying proof polishFlagSort.key.proof 
442599     DEBUG main            d.u.i.k.p.i.IntermediateProofReplayer Proof replay took 406.87ms 
442601     DEBUG main            d.u.i.k.p.r.p.TestFile    ... success: reloaded. 
442602     INFO  main            d.u.i.k.p.r.p.TestFile    Now processing file /home/runner/work/key/key/key.core/../key.ui/examples/standard_key/java_dl/postConditionTaclets1.key 
442602     INFO  main            d.u.i.k.p.i.AbstractProblemLoader Loading environment from /home/runner/work/key/key/key.core/../key.ui/examples/standard_key/java_dl/postConditionTaclets1.key 
442602     DEBUG main            d.u.i.k.p.i.AbstractProblemLoader Environment load took 83.81ns 
442603     INFO  main            d.u.i.k.p.i.AbstractProblemLoader Creating init config 
445287     DEBUG main            d.u.i.k.p.i.AbstractProblemLoader Init config took 2.68s 
445304     INFO  main            d.u.i.k.p.i.AbstractProblemLoader Replaying proof postConditionTaclets1.key 
445306     DEBUG main            d.u.i.k.p.i.IntermediateProofReplayer Proof replay took 8.5ns 
445408     INFO  main            d.u.i.k.p.r.p.TestFile    ... finished proof: closed. 
445945     INFO  main            d.u.i.k.p.i.AbstractProblemLoader Loading environment from /home/runner/work/key/key/key.core/../key.ui/examples/standard_key/java_dl/postConditionTaclets1.key.proof 
445945     DEBUG main            d.u.i.k.p.i.AbstractProblemLoader Environment load took 84.91ns 
445946     INFO  main            d.u.i.k.p.i.AbstractProblemLoader Creating init config 
448550     DEBUG main            d.u.i.k.p.i.AbstractProblemLoader Init config took 2.6s 
448566     INFO  main            d.u.i.k.p.i.AbstractProblemLoader Replaying proof postConditionTaclets1.key.proof 
448569     DEBUG main            d.u.i.k.p.i.IntermediateProofReplayer Proof replay took 545.63ns 
448569     DEBUG main            d.u.i.k.p.r.p.TestFile    ... success: reloaded. 
448570     INFO  main            d.u.i.k.p.r.p.TestFile    Now processing file /home/runner/work/key/key/key.core/../key.ui/examples/standard_key/java_dl/postConditionTaclets2.key 
448570     INFO  main            d.u.i.k.p.i.AbstractProblemLoader Loading environment from /home/runner/work/key/key/key.core/../key.ui/examples/standard_key/java_dl/postConditionTaclets2.key 
448571     DEBUG main            d.u.i.k.p.i.AbstractProblemLoader Environment load took 80.8ns 
448571     INFO  main            d.u.i.k.p.i.AbstractProblemLoader Creating init config 
451226     DEBUG main            d.u.i.k.p.i.AbstractProblemLoader Init config took 2.65s 
451242     INFO  main            d.u.i.k.p.i.AbstractProblemLoader Replaying proof postConditionTaclets2.key 
451244     DEBUG main            d.u.i.k.p.i.IntermediateProofReplayer Proof replay took 8.5ns 
451345     INFO  main            d.u.i.k.p.r.p.TestFile    ... finished proof: closed. 
451831     INFO  main            d.u.i.k.p.i.AbstractProblemLoader Loading environment from /home/runner/work/key/key/key.core/../key.ui/examples/standard_key/java_dl/postConditionTaclets2.key.proof 
451831     DEBUG main            d.u.i.k.p.i.AbstractProblemLoader Environment load took 89.61ns 
451832     INFO  main            d.u.i.k.p.i.AbstractProblemLoader Creating init config 
454486     DEBUG main            d.u.i.k.p.i.AbstractProblemLoader Init config took 2.65s 
454503     INFO  main            d.u.i.k.p.i.AbstractProblemLoader Replaying proof postConditionTaclets2.key.proof 
454505     DEBUG main            d.u.i.k.p.i.IntermediateProofReplayer Proof replay took 761.54ns 
454506     DEBUG main            d.u.i.k.p.r.p.TestFile    ... success: reloaded. 
454507     INFO  main            d.u.i.k.p.r.p.TestFile    Now processing file /home/runner/work/key/key/key.core/../key.ui/examples/standard_key/java_dl/quantifiedQuery.key 
454507     INFO  main            d.u.i.k.p.i.AbstractProblemLoader Loading environment from /home/runner/work/key/key/key.core/../key.ui/examples/standard_key/java_dl/quantifiedQuery.key 
454508     DEBUG main            d.u.i.k.p.i.AbstractProblemLoader Environment load took 148.51ns 
454509     INFO  main            d.u.i.k.p.i.AbstractProblemLoader Creating init config 
457235     DEBUG main            d.u.i.k.p.i.AbstractProblemLoader Init config took 2.73s 
457252     INFO  main            d.u.i.k.p.i.AbstractProblemLoader Replaying proof quantifiedQuery.key 
457254     DEBUG main            d.u.i.k.p.i.IntermediateProofReplayer Proof replay took 7ns 
457357     INFO  main            d.u.i.k.p.r.p.TestFile    ... finished proof: closed. 
457862     INFO  main            d.u.i.k.p.i.AbstractProblemLoader Loading environment from /home/runner/work/key/key/key.core/../key.ui/examples/standard_key/java_dl/quantifiedQuery.key.proof 
457862     DEBUG main            d.u.i.k.p.i.AbstractProblemLoader Environment load took 359.12ns 
457864     INFO  main            d.u.i.k.p.i.AbstractProblemLoader Creating init config 
460665     DEBUG main            d.u.i.k.p.i.AbstractProblemLoader Init config took 2.8s 
460682     INFO  main            d.u.i.k.p.i.AbstractProblemLoader Replaying proof quantifiedQuery.key.proof 
460702     DEBUG main            d.u.i.k.p.i.IntermediateProofReplayer Proof replay took 18.07ms 
460703     DEBUG main            d.u.i.k.p.r.p.TestFile    ... success: reloaded. 
460704     INFO  main            d.u.i.k.p.r.p.TestFile    Now processing file /home/runner/work/key/key/key.core/../key.ui/examples/standard_key/java_dl/recursion/triangular.key 
460704     INFO  main            d.u.i.k.p.i.AbstractProblemLoader Loading environment from /home/runner/work/key/key/key.core/../key.ui/examples/standard_key/java_dl/recursion/triangular.key 
460704     DEBUG main            d.u.i.k.p.i.AbstractProblemLoader Environment load took 52.7ns 
460706     INFO  main            d.u.i.k.p.i.AbstractProblemLoader Creating init config 
463449     DEBUG main            d.u.i.k.p.i.AbstractProblemLoader Init config took 2.74s 
463507     INFO  main            d.u.i.k.p.i.AbstractProblemLoader Replaying proof Triangular[Triangular::tria(int)].JML normal_behavior operation contract.0 
463508     DEBUG main            d.u.i.k.p.i.IntermediateProofReplayer Proof replay took 8.2ns 
463710     INFO  main            d.u.i.k.p.r.p.TestFile    ... finished proof: closed. 
464234     INFO  main            d.u.i.k.p.i.AbstractProblemLoader Loading environment from /home/runner/work/key/key/key.core/../key.ui/examples/standard_key/java_dl/recursion/triangular.key.proof 
464234     DEBUG main            d.u.i.k.p.i.AbstractProblemLoader Environment load took 93.41ns 
464235     INFO  main            d.u.i.k.p.i.AbstractProblemLoader Creating init config 
466987     DEBUG main            d.u.i.k.p.i.AbstractProblemLoader Init config took 2.75s 
467026     INFO  main            d.u.i.k.p.i.AbstractProblemLoader Replaying proof Triangular[Triangular::tria(int)].JML normal_behavior operation contract.0 
467066     DEBUG main            d.u.i.k.p.i.IntermediateProofReplayer Proof replay took 37.47ms 
467067     DEBUG main            d.u.i.k.p.r.p.TestFile    ... success: reloaded. 
467067     INFO  main            d.u.i.k.p.r.p.TestFile    Now processing file /home/runner/work/key/key/key.core/../key.ui/examples/standard_key/java_dl/reverseArray.key 
467067     INFO  main            d.u.i.k.p.i.AbstractProblemLoader Loading environment from /home/runner/work/key/key/key.core/../key.ui/examples/standard_key/java_dl/reverseArray.key 
467067     DEBUG main            d.u.i.k.p.i.AbstractProblemLoader Environment load took 82ns 
467070     INFO  main            d.u.i.k.p.i.AbstractProblemLoader Creating init config 
467093     WARN  main            d.u.i.k.j.r.KeYCrossReferenceNameInfo Datatype java.io.InputStream declared twice: Once in FILE:/home/runner/work/key/key/key.core/../key.ui/examples/standard_key/java_dl/./classpath/InputStream.java and once in URL:file:/home/runner/work/key/key/key.core/build/resources/main/de/uka/ilkd/key/java/JavaRedux/java/io/InputStream.java, Keeping one from URL:file:/home/runner/work/key/key/key.core/build/resources/main/de/uka/ilkd/key/java/JavaRedux/java/io/InputStream.java 
467094     WARN  main            d.u.i.k.j.r.KeYCrossReferenceNameInfo Datatype java.lang.System declared twice: Once in FILE:/home/runner/work/key/key/key.core/../key.ui/examples/standard_key/java_dl/./classpath/System.java and once in URL:file:/home/runner/work/key/key/key.core/build/resources/main/de/uka/ilkd/key/java/JavaRedux/java/lang/System.java, Keeping one from URL:file:/home/runner/work/key/key/key.core/build/resources/main/de/uka/ilkd/key/java/JavaRedux/java/lang/System.java 
467094     WARN  main            d.u.i.k.j.r.KeYCrossReferenceNameInfo Datatype java.io.PrintStream declared twice: Once in FILE:/home/runner/work/key/key/key.core/../key.ui/examples/standard_key/java_dl/./classpath/PrintStream.java and once in URL:file:/home/runner/work/key/key/key.core/build/resources/main/de/uka/ilkd/key/java/JavaRedux/java/io/PrintStream.java, Keeping one from URL:file:/home/runner/work/key/key/key.core/build/resources/main/de/uka/ilkd/key/java/JavaRedux/java/io/PrintStream.java 
467098     DEBUG main            d.u.i.k.j.r.ClassFileDeclarationBuilder Parsing: package java.io; public class Closeable { } 
467098     DEBUG main            r.s.KeYCrossReferenceSourceInfo Dynamically created class: java.io.Closeable 
469953     DEBUG main            d.u.i.k.p.i.AbstractProblemLoader Init config took 2.88s 
469971     INFO  main            d.u.i.k.p.i.AbstractProblemLoader Replaying proof reverseArray.key 
469972     DEBUG main            d.u.i.k.p.i.IntermediateProofReplayer Proof replay took 44.1ns 
474989     INFO  main            d.u.i.k.p.r.p.TestFile    ... finished proof: closed. 
475556     INFO  main            d.u.i.k.p.i.AbstractProblemLoader Loading environment from /home/runner/work/key/key/key.core/../key.ui/examples/standard_key/java_dl/reverseArray.key.proof 
475556     DEBUG main            d.u.i.k.p.i.AbstractProblemLoader Environment load took 148.21ns 
475558     INFO  main            d.u.i.k.p.i.AbstractProblemLoader Creating init config 
475583     WARN  main            d.u.i.k.j.r.KeYCrossReferenceNameInfo Datatype java.io.InputStream declared twice: Once in FILE:/home/runner/work/key/key/key.core/../key.ui/examples/standard_key/java_dl/classpath/InputStream.java and once in URL:file:/home/runner/work/key/key/key.core/build/resources/main/de/uka/ilkd/key/java/JavaRedux/java/io/InputStream.java, Keeping one from URL:file:/home/runner/work/key/key/key.core/build/resources/main/de/uka/ilkd/key/java/JavaRedux/java/io/InputStream.java 
475583     WARN  main            d.u.i.k.j.r.KeYCrossReferenceNameInfo Datatype java.lang.System declared twice: Once in FILE:/home/runner/work/key/key/key.core/../key.ui/examples/standard_key/java_dl/classpath/System.java and once in URL:file:/home/runner/work/key/key/key.core/build/resources/main/de/uka/ilkd/key/java/JavaRedux/java/lang/System.java, Keeping one from URL:file:/home/runner/work/key/key/key.core/build/resources/main/de/uka/ilkd/key/java/JavaRedux/java/lang/System.java 
475583     WARN  main            d.u.i.k.j.r.KeYCrossReferenceNameInfo Datatype java.io.PrintStream declared twice: Once in FILE:/home/runner/work/key/key/key.core/../key.ui/examples/standard_key/java_dl/classpath/PrintStream.java and once in URL:file:/home/runner/work/key/key/key.core/build/resources/main/de/uka/ilkd/key/java/JavaRedux/java/io/PrintStream.java, Keeping one from URL:file:/home/runner/work/key/key/key.core/build/resources/main/de/uka/ilkd/key/java/JavaRedux/java/io/PrintStream.java 
475587     DEBUG main            d.u.i.k.j.r.ClassFileDeclarationBuilder Parsing: package java.io; public class Closeable { } 
475587     DEBUG main            r.s.KeYCrossReferenceSourceInfo Dynamically created class: java.io.Closeable 
478421     DEBUG main            d.u.i.k.p.i.AbstractProblemLoader Init config took 2.86s 
478439     INFO  main            d.u.i.k.p.i.AbstractProblemLoader Replaying proof reverseArray.key.proof 
479258     DEBUG main            d.u.i.k.p.i.IntermediateProofReplayer Proof replay took 807.6ms 
479263     DEBUG main            d.u.i.k.p.r.p.TestFile    ... success: reloaded. 
479264     INFO  main            d.u.i.k.p.r.p.TestFile    Now processing file /home/runner/work/key/key/key.core/../key.ui/examples/standard_key/java_dl/reverseArray2.key 
479265     INFO  main            d.u.i.k.p.i.AbstractProblemLoader Loading environment from /home/runner/work/key/key/key.core/../key.ui/examples/standard_key/java_dl/reverseArray2.key 
479265     DEBUG main            d.u.i.k.p.i.AbstractProblemLoader Environment load took 75.91ns 
479267     INFO  main            d.u.i.k.p.i.AbstractProblemLoader Creating init config 
479294     WARN  main            d.u.i.k.j.r.KeYCrossReferenceNameInfo Datatype java.io.InputStream declared twice: Once in FILE:/home/runner/work/key/key/key.core/../key.ui/examples/standard_key/java_dl/classpath/InputStream.java and once in URL:file:/home/runner/work/key/key/key.core/build/resources/main/de/uka/ilkd/key/java/JavaRedux/java/io/InputStream.java, Keeping one from URL:file:/home/runner/work/key/key/key.core/build/resources/main/de/uka/ilkd/key/java/JavaRedux/java/io/InputStream.java 
479294     WARN  main            d.u.i.k.j.r.KeYCrossReferenceNameInfo Datatype java.lang.System declared twice: Once in FILE:/home/runner/work/key/key/key.core/../key.ui/examples/standard_key/java_dl/classpath/System.java and once in URL:file:/home/runner/work/key/key/key.core/build/resources/main/de/uka/ilkd/key/java/JavaRedux/java/lang/System.java, Keeping one from URL:file:/home/runner/work/key/key/key.core/build/resources/main/de/uka/ilkd/key/java/JavaRedux/java/lang/System.java 
479294     WARN  main            d.u.i.k.j.r.KeYCrossReferenceNameInfo Datatype java.io.PrintStream declared twice: Once in FILE:/home/runner/work/key/key/key.core/../key.ui/examples/standard_key/java_dl/classpath/PrintStream.java and once in URL:file:/home/runner/work/key/key/key.core/build/resources/main/de/uka/ilkd/key/java/JavaRedux/java/io/PrintStream.java, Keeping one from URL:file:/home/runner/work/key/key/key.core/build/resources/main/de/uka/ilkd/key/java/JavaRedux/java/io/PrintStream.java 
479298     DEBUG main            d.u.i.k.j.r.ClassFileDeclarationBuilder Parsing: package java.io; public class Closeable { } 
479298     DEBUG main            r.s.KeYCrossReferenceSourceInfo Dynamically created class: java.io.Closeable 
482300     DEBUG main            d.u.i.k.p.i.AbstractProblemLoader Init config took 3.03s 
482318     INFO  main            d.u.i.k.p.i.AbstractProblemLoader Replaying proof reverseArray2.key 
482320     DEBUG main            d.u.i.k.p.i.IntermediateProofReplayer Proof replay took 3.3ns 
483932     INFO  main            d.u.i.k.p.r.p.TestFile    ... finished proof: closed. 
484593     INFO  main            d.u.i.k.p.i.AbstractProblemLoader Loading environment from /home/runner/work/key/key/key.core/../key.ui/examples/standard_key/java_dl/reverseArray2.key.proof 
484593     DEBUG main            d.u.i.k.p.i.AbstractProblemLoader Environment load took 157.11ns 
484595     INFO  main            d.u.i.k.p.i.AbstractProblemLoader Creating init config 
484619     WARN  main            d.u.i.k.j.r.KeYCrossReferenceNameInfo Datatype java.io.InputStream declared twice: Once in FILE:/home/runner/work/key/key/key.core/../key.ui/examples/standard_key/java_dl/classpath/InputStream.java and once in URL:file:/home/runner/work/key/key/key.core/build/resources/main/de/uka/ilkd/key/java/JavaRedux/java/io/InputStream.java, Keeping one from URL:file:/home/runner/work/key/key/key.core/build/resources/main/de/uka/ilkd/key/java/JavaRedux/java/io/InputStream.java 
484619     WARN  main            d.u.i.k.j.r.KeYCrossReferenceNameInfo Datatype java.lang.System declared twice: Once in FILE:/home/runner/work/key/key/key.core/../key.ui/examples/standard_key/java_dl/classpath/System.java and once in URL:file:/home/runner/work/key/key/key.core/build/resources/main/de/uka/ilkd/key/java/JavaRedux/java/lang/System.java, Keeping one from URL:file:/home/runner/work/key/key/key.core/build/resources/main/de/uka/ilkd/key/java/JavaRedux/java/lang/System.java 
484619     WARN  main            d.u.i.k.j.r.KeYCrossReferenceNameInfo Datatype java.io.PrintStream declared twice: Once in FILE:/home/runner/work/key/key/key.core/../key.ui/examples/standard_key/java_dl/classpath/PrintStream.java and once in URL:file:/home/runner/work/key/key/key.core/build/resources/main/de/uka/ilkd/key/java/JavaRedux/java/io/PrintStream.java, Keeping one from URL:file:/home/runner/work/key/key/key.core/build/resources/main/de/uka/ilkd/key/java/JavaRedux/java/io/PrintStream.java 
484623     DEBUG main            d.u.i.k.j.r.ClassFileDeclarationBuilder Parsing: package java.io; public class Closeable { } 
484623     DEBUG main            r.s.KeYCrossReferenceSourceInfo Dynamically created class: java.io.Closeable 
487474     DEBUG main            d.u.i.k.p.i.AbstractProblemLoader Init config took 2.88s 
487492     INFO  main            d.u.i.k.p.i.AbstractProblemLoader Replaying proof reverseArray2.key.proof 
487762     DEBUG main            d.u.i.k.p.i.IntermediateProofReplayer Proof replay took 264.73ms 
487764     DEBUG main            d.u.i.k.p.r.p.TestFile    ... success: reloaded. 
487765     INFO  main            d.u.i.k.p.r.p.TestFile    Now processing file /home/runner/work/key/key/key.core/../key.ui/examples/standard_key/java_dl/simpleAssignment.key 
487765     INFO  main            d.u.i.k.p.i.AbstractProblemLoader Loading environment from /home/runner/work/key/key/key.core/../key.ui/examples/standard_key/java_dl/simpleAssignment.key 
487765     DEBUG main            d.u.i.k.p.i.AbstractProblemLoader Environment load took 84.5ns 
487766     INFO  main            d.u.i.k.p.i.AbstractProblemLoader Creating init config 
490468     DEBUG main            d.u.i.k.p.i.AbstractProblemLoader Init config took 2.7s 
490484     INFO  main            d.u.i.k.p.i.AbstractProblemLoader Replaying proof simpleAssignment.key 
490486     DEBUG main            d.u.i.k.p.i.IntermediateProofReplayer Proof replay took 3.1ns 
490587     INFO  main            d.u.i.k.p.r.p.TestFile    ... finished proof: closed. 
491172     INFO  main            d.u.i.k.p.i.AbstractProblemLoader Loading environment from /home/runner/work/key/key/key.core/../key.ui/examples/standard_key/java_dl/simpleAssignment.key.proof 
491172     DEBUG main            d.u.i.k.p.i.AbstractProblemLoader Environment load took 92.41ns 
491173     INFO  main            d.u.i.k.p.i.AbstractProblemLoader Creating init config 
493819     DEBUG main            d.u.i.k.p.i.AbstractProblemLoader Init config took 2.65s 
493837     INFO  main            d.u.i.k.p.i.AbstractProblemLoader Replaying proof simpleAssignment.key.proof 
493840     DEBUG main            d.u.i.k.p.i.IntermediateProofReplayer Proof replay took 885.65ns 
493840     DEBUG main            d.u.i.k.p.r.p.TestFile    ... success: reloaded. 
493841     INFO  main            d.u.i.k.p.r.p.TestFile    Now processing file /home/runner/work/key/key/key.core/../key.ui/examples/standard_key/java_dl/simpleAssignment2.key 
493841     INFO  main            d.u.i.k.p.i.AbstractProblemLoader Loading environment from /home/runner/work/key/key/key.core/../key.ui/examples/standard_key/java_dl/simpleAssignment2.key 
493841     DEBUG main            d.u.i.k.p.i.AbstractProblemLoader Environment load took 56.9ns 
493842     INFO  main            d.u.i.k.p.i.AbstractProblemLoader Creating init config 
496485     DEBUG main            d.u.i.k.p.i.AbstractProblemLoader Init config took 2.64s 
496505     INFO  main            d.u.i.k.p.i.AbstractProblemLoader Replaying proof simpleAssignment2.key 
496507     DEBUG main            d.u.i.k.p.i.IntermediateProofReplayer Proof replay took 4ns 
496608     INFO  main            d.u.i.k.p.r.p.TestFile    ... finished proof: closed. 
497181     INFO  main            d.u.i.k.p.i.AbstractProblemLoader Loading environment from /home/runner/work/key/key/key.core/../key.ui/examples/standard_key/java_dl/simpleAssignment2.key.proof 
497181     DEBUG main            d.u.i.k.p.i.AbstractProblemLoader Environment load took 94.11ns 
497182     INFO  main            d.u.i.k.p.i.AbstractProblemLoader Creating init config 
499941     DEBUG main            d.u.i.k.p.i.AbstractProblemLoader Init config took 2.76s 
499956     INFO  main            d.u.i.k.p.i.AbstractProblemLoader Replaying proof simpleAssignment2.key.proof 
499958     DEBUG main            d.u.i.k.p.i.IntermediateProofReplayer Proof replay took 446.62ns 
499959     DEBUG main            d.u.i.k.p.r.p.TestFile    ... success: reloaded. 
499959     INFO  main            d.u.i.k.p.r.p.TestFile    Now processing file /home/runner/work/key/key/key.core/../key.ui/examples/standard_key/java_dl/splittingWithQueries.key 
499959     INFO  main            d.u.i.k.p.i.AbstractProblemLoader Loading environment from /home/runner/work/key/key/key.core/../key.ui/examples/standard_key/java_dl/splittingWithQueries.key 
499960     DEBUG main            d.u.i.k.p.i.AbstractProblemLoader Environment load took 58.7ns 
499961     INFO  main            d.u.i.k.p.i.AbstractProblemLoader Creating init config 
502726     DEBUG main            d.u.i.k.p.i.AbstractProblemLoader Init config took 2.77s 
502742     INFO  main            d.u.i.k.p.i.AbstractProblemLoader Replaying proof splittingWithQueries.key 
502743     DEBUG main            d.u.i.k.p.i.IntermediateProofReplayer Proof replay took 3.4ns 
502845     INFO  main            d.u.i.k.p.r.p.TestFile    ... finished proof: closed. 
503387     INFO  main            d.u.i.k.p.i.AbstractProblemLoader Loading environment from /home/runner/work/key/key/key.core/../key.ui/examples/standard_key/java_dl/splittingWithQueries.key.proof 
503387     DEBUG main            d.u.i.k.p.i.AbstractProblemLoader Environment load took 92.81ns 
503388     INFO  main            d.u.i.k.p.i.AbstractProblemLoader Creating init config 
506156     DEBUG main            d.u.i.k.p.i.AbstractProblemLoader Init config took 2.77s 
506176     INFO  main            d.u.i.k.p.i.AbstractProblemLoader Replaying proof splittingWithQueries.key.proof 
506180     DEBUG main            d.u.i.k.p.i.IntermediateProofReplayer Proof replay took 1.92ms 
506181     DEBUG main            d.u.i.k.p.r.p.TestFile    ... success: reloaded. 
506185     INFO  main            d.u.i.k.p.r.p.TestFile    Now processing file /home/runner/work/key/key/key.core/../key.ui/examples/standard_key/java_dl/strassen/strassen.key 
506186     INFO  main            d.u.i.k.p.i.AbstractProblemLoader Loading environment from /home/runner/work/key/key/key.core/../key.ui/examples/standard_key/java_dl/strassen/strassen.key 
506186     DEBUG main            d.u.i.k.p.i.AbstractProblemLoader Environment load took 178.11ns 
506187     INFO  main            d.u.i.k.p.i.AbstractProblemLoader Creating init config 
509102     DEBUG main            d.u.i.k.p.i.AbstractProblemLoader Init config took 2.91s 
509145     INFO  main            d.u.i.k.p.i.AbstractProblemLoader Replaying proof Matrix22[Matrix22::strassen(Matrix22,Matrix22)].JML normal_behavior operation contract.0 
509146     DEBUG main            d.u.i.k.p.i.IntermediateProofReplayer Proof replay took 3.4ns 
514821     INFO  main            d.u.i.k.p.r.p.TestFile    ... finished proof: closed. 
515537     INFO  main            d.u.i.k.p.i.AbstractProblemLoader Loading environment from /home/runner/work/key/key/key.core/../key.ui/examples/standard_key/java_dl/strassen/strassen.key.proof 
515538     DEBUG main            d.u.i.k.p.i.AbstractProblemLoader Environment load took 345.52ns 
515540     INFO  main            d.u.i.k.p.i.AbstractProblemLoader Creating init config 
518313     DEBUG main            d.u.i.k.p.i.AbstractProblemLoader Init config took 2.77s 
518353     INFO  main            d.u.i.k.p.i.AbstractProblemLoader Replaying proof Matrix22[Matrix22::strassen(Matrix22,Matrix22)].JML normal_behavior operation contract.0 
519204     DEBUG main            d.u.i.k.p.i.IntermediateProofReplayer Proof replay took 840.91ms 
519234     DEBUG main            d.u.i.k.p.r.p.TestFile    ... success: reloaded. 
519235     INFO  main            d.u.i.k.p.r.p.TestFile    Now processing file /home/runner/work/key/key/key.core/../key.ui/examples/standard_key/java_dl/symmArray.key 
519235     INFO  main            d.u.i.k.p.i.AbstractProblemLoader Loading environment from /home/runner/work/key/key/key.core/../key.ui/examples/standard_key/java_dl/symmArray.key 
519236     DEBUG main            d.u.i.k.p.i.AbstractProblemLoader Environment load took 99.7ns 
519239     INFO  main            d.u.i.k.p.i.AbstractProblemLoader Creating init config 
522102     DEBUG main            d.u.i.k.p.i.AbstractProblemLoader Init config took 2.86s 
522120     INFO  main            d.u.i.k.p.i.AbstractProblemLoader Replaying proof symmArray.key 
522122     DEBUG main            d.u.i.k.p.i.IntermediateProofReplayer Proof replay took 3ns 
620998     INFO  main            d.u.i.k.p.r.p.TestFile    ... finished proof: closed. 
621675     INFO  main            d.u.i.k.p.i.AbstractProblemLoader Loading environment from /home/runner/work/key/key/key.core/../key.ui/examples/standard_key/java_dl/symmArray.key.proof 
621675     DEBUG main            d.u.i.k.p.i.AbstractProblemLoader Environment load took 354.22ns 
621684     INFO  main            d.u.i.k.p.i.AbstractProblemLoader Creating init config 
624446     DEBUG main            d.u.i.k.p.i.AbstractProblemLoader Init config took 2.76s 
624465     INFO  main            d.u.i.k.p.i.AbstractProblemLoader Replaying proof symmArray.key.proof 
625794     DEBUG main            d.u.i.k.p.i.IntermediateProofReplayer Proof replay took 1.27s 
625801     DEBUG main            d.u.i.k.p.r.p.TestFile    ... success: reloaded. 
625802     INFO  main            d.u.i.k.p.r.p.TestFile    Now processing file /home/runner/work/key/key/key.core/../key.ui/examples/standard_key/java_dl/testcontext.key 
625802     INFO  main            d.u.i.k.p.i.AbstractProblemLoader Loading environment from /home/runner/work/key/key/key.core/../key.ui/examples/standard_key/java_dl/testcontext.key 
625802     DEBUG main            d.u.i.k.p.i.AbstractProblemLoader Environment load took 88.81ns 
625803     INFO  main            d.u.i.k.p.i.AbstractProblemLoader Creating init config 
625826     WARN  main            d.u.i.k.j.r.KeYCrossReferenceNameInfo Datatype java.io.InputStream declared twice: Once in FILE:/home/runner/work/key/key/key.core/../key.ui/examples/standard_key/java_dl/classpath/InputStream.java and once in URL:file:/home/runner/work/key/key/key.core/build/resources/main/de/uka/ilkd/key/java/JavaRedux/java/io/InputStream.java, Keeping one from URL:file:/home/runner/work/key/key/key.core/build/resources/main/de/uka/ilkd/key/java/JavaRedux/java/io/InputStream.java 
625826     WARN  main            d.u.i.k.j.r.KeYCrossReferenceNameInfo Datatype java.lang.System declared twice: Once in FILE:/home/runner/work/key/key/key.core/../key.ui/examples/standard_key/java_dl/classpath/System.java and once in URL:file:/home/runner/work/key/key/key.core/build/resources/main/de/uka/ilkd/key/java/JavaRedux/java/lang/System.java, Keeping one from URL:file:/home/runner/work/key/key/key.core/build/resources/main/de/uka/ilkd/key/java/JavaRedux/java/lang/System.java 
625826     WARN  main            d.u.i.k.j.r.KeYCrossReferenceNameInfo Datatype java.io.PrintStream declared twice: Once in FILE:/home/runner/work/key/key/key.core/../key.ui/examples/standard_key/java_dl/classpath/PrintStream.java and once in URL:file:/home/runner/work/key/key/key.core/build/resources/main/de/uka/ilkd/key/java/JavaRedux/java/io/PrintStream.java, Keeping one from URL:file:/home/runner/work/key/key/key.core/build/resources/main/de/uka/ilkd/key/java/JavaRedux/java/io/PrintStream.java 
625830     DEBUG main            d.u.i.k.j.r.ClassFileDeclarationBuilder Parsing: package java.io; public class Closeable { } 
625830     DEBUG main            r.s.KeYCrossReferenceSourceInfo Dynamically created class: java.io.Closeable 
628640     DEBUG main            d.u.i.k.p.i.AbstractProblemLoader Init config took 2.84s 
628657     INFO  main            d.u.i.k.p.i.AbstractProblemLoader Replaying proof testcontext.key 
628658     DEBUG main            d.u.i.k.p.i.IntermediateProofReplayer Proof replay took 3ns 
628961     INFO  main            d.u.i.k.p.r.p.TestFile    ... finished proof: closed. 
629669     INFO  main            d.u.i.k.p.i.AbstractProblemLoader Loading environment from /home/runner/work/key/key/key.core/../key.ui/examples/standard_key/java_dl/testcontext.key.proof 
629670     DEBUG main            d.u.i.k.p.i.AbstractProblemLoader Environment load took 92.71ns 
629671     INFO  main            d.u.i.k.p.i.AbstractProblemLoader Creating init config 
629698     WARN  main            d.u.i.k.j.r.KeYCrossReferenceNameInfo Datatype java.io.InputStream declared twice: Once in FILE:/home/runner/work/key/key/key.core/../key.ui/examples/standard_key/java_dl/classpath/InputStream.java and once in URL:file:/home/runner/work/key/key/key.core/build/resources/main/de/uka/ilkd/key/java/JavaRedux/java/io/InputStream.java, Keeping one from URL:file:/home/runner/work/key/key/key.core/build/resources/main/de/uka/ilkd/key/java/JavaRedux/java/io/InputStream.java 
629698     WARN  main            d.u.i.k.j.r.KeYCrossReferenceNameInfo Datatype java.lang.System declared twice: Once in FILE:/home/runner/work/key/key/key.core/../key.ui/examples/standard_key/java_dl/classpath/System.java and once in URL:file:/home/runner/work/key/key/key.core/build/resources/main/de/uka/ilkd/key/java/JavaRedux/java/lang/System.java, Keeping one from URL:file:/home/runner/work/key/key/key.core/build/resources/main/de/uka/ilkd/key/java/JavaRedux/java/lang/System.java 
629699     WARN  main            d.u.i.k.j.r.KeYCrossReferenceNameInfo Datatype java.io.PrintStream declared twice: Once in FILE:/home/runner/work/key/key/key.core/../key.ui/examples/standard_key/java_dl/classpath/PrintStream.java and once in URL:file:/home/runner/work/key/key/key.core/build/resources/main/de/uka/ilkd/key/java/JavaRedux/java/io/PrintStream.java, Keeping one from URL:file:/home/runner/work/key/key/key.core/build/resources/main/de/uka/ilkd/key/java/JavaRedux/java/io/PrintStream.java 
629703     DEBUG main            d.u.i.k.j.r.ClassFileDeclarationBuilder Parsing: package java.io; public class Closeable { } 
629703     DEBUG main            r.s.KeYCrossReferenceSourceInfo Dynamically created class: java.io.Closeable 
632332     DEBUG main            d.u.i.k.p.i.AbstractProblemLoader Init config took 2.66s 
632349     INFO  main            d.u.i.k.p.i.AbstractProblemLoader Replaying proof testcontext.key.proof 
632413     DEBUG main            d.u.i.k.p.i.IntermediateProofReplayer Proof replay took 61.31ms 
632414     DEBUG main            d.u.i.k.p.r.p.TestFile    ... success: reloaded. 
632415     INFO  main            d.u.i.k.p.r.p.TestFile    Now processing file /home/runner/work/key/key/key.core/../key.ui/examples/standard_key/staticInitialisation/cascadeStaticInitialisation.key 
632415     INFO  main            d.u.i.k.p.i.AbstractProblemLoader Loading environment from /home/runner/work/key/key/key.core/../key.ui/examples/standard_key/staticInitialisation/cascadeStaticInitialisation.key 
632415     DEBUG main            d.u.i.k.p.i.AbstractProblemLoader Environment load took 56.4ns 
632418     INFO  main            d.u.i.k.p.i.AbstractProblemLoader Creating init config 
632439     WARN  main            d.u.i.k.j.r.KeYCrossReferenceNameInfo Datatype java.lang.System declared twice: Once in FILE:/home/runner/work/key/key/key.core/../key.ui/examples/standard_key/staticInitialisation/classpath/System.java and once in URL:file:/home/runner/work/key/key/key.core/build/resources/main/de/uka/ilkd/key/java/JavaRedux/java/lang/System.java, Keeping one from URL:file:/home/runner/work/key/key/key.core/build/resources/main/de/uka/ilkd/key/java/JavaRedux/java/lang/System.java 
632439     WARN  main            d.u.i.k.j.r.KeYCrossReferenceNameInfo Datatype java.io.PrintStream declared twice: Once in FILE:/home/runner/work/key/key/key.core/../key.ui/examples/standard_key/staticInitialisation/classpath/PrintStream.java and once in URL:file:/home/runner/work/key/key/key.core/build/resources/main/de/uka/ilkd/key/java/JavaRedux/java/io/PrintStream.java, Keeping one from URL:file:/home/runner/work/key/key/key.core/build/resources/main/de/uka/ilkd/key/java/JavaRedux/java/io/PrintStream.java 
635211     DEBUG main            d.u.i.k.p.i.AbstractProblemLoader Init config took 2.79s 
635229     INFO  main            d.u.i.k.p.i.AbstractProblemLoader Replaying proof cascadeStaticInitialisation.key 
635230     DEBUG main            d.u.i.k.p.i.IntermediateProofReplayer Proof replay took 3ns 
636035     INFO  main            d.u.i.k.p.r.p.TestFile    ... finished proof: closed. 
636670     INFO  main            d.u.i.k.p.i.AbstractProblemLoader Loading environment from /home/runner/work/key/key/key.core/../key.ui/examples/standard_key/staticInitialisation/cascadeStaticInitialisation.key.proof 
636670     DEBUG main            d.u.i.k.p.i.AbstractProblemLoader Environment load took 92.61ns 
636672     INFO  main            d.u.i.k.p.i.AbstractProblemLoader Creating init config 
636698     WARN  main            d.u.i.k.j.r.KeYCrossReferenceNameInfo Datatype java.lang.System declared twice: Once in FILE:/home/runner/work/key/key/key.core/../key.ui/examples/standard_key/staticInitialisation/classpath/System.java and once in URL:file:/home/runner/work/key/key/key.core/build/resources/main/de/uka/ilkd/key/java/JavaRedux/java/lang/System.java, Keeping one from URL:file:/home/runner/work/key/key/key.core/build/resources/main/de/uka/ilkd/key/java/JavaRedux/java/lang/System.java 
636698     WARN  main            d.u.i.k.j.r.KeYCrossReferenceNameInfo Datatype java.io.PrintStream declared twice: Once in FILE:/home/runner/work/key/key/key.core/../key.ui/examples/standard_key/staticInitialisation/classpath/PrintStream.java and once in URL:file:/home/runner/work/key/key/key.core/build/resources/main/de/uka/ilkd/key/java/JavaRedux/java/io/PrintStream.java, Keeping one from URL:file:/home/runner/work/key/key/key.core/build/resources/main/de/uka/ilkd/key/java/JavaRedux/java/io/PrintStream.java 
639347     DEBUG main            d.u.i.k.p.i.AbstractProblemLoader Init config took 2.68s 
639364     INFO  main            d.u.i.k.p.i.AbstractProblemLoader Replaying proof cascadeStaticInitialisation.key.proof 
639531     DEBUG main            d.u.i.k.p.i.IntermediateProofReplayer Proof replay took 164.57ms 
639532     DEBUG main            d.u.i.k.p.r.p.TestFile    ... success: reloaded. 
639533     INFO  main            d.u.i.k.p.r.p.TestFile    Now processing file /home/runner/work/key/key/key.core/../key.ui/examples/standard_key/staticInitialisation/erroneousClassImpliesErroneousSubclass.key 
639533     INFO  main            d.u.i.k.p.i.AbstractProblemLoader Loading environment from /home/runner/work/key/key/key.core/../key.ui/examples/standard_key/staticInitialisation/erroneousClassImpliesErroneousSubclass.key 
639533     DEBUG main            d.u.i.k.p.i.AbstractProblemLoader Environment load took 54.5ns 
639534     INFO  main            d.u.i.k.p.i.AbstractProblemLoader Creating init config 
639560     WARN  main            d.u.i.k.j.r.KeYCrossReferenceNameInfo Datatype java.lang.System declared twice: Once in FILE:/home/runner/work/key/key/key.core/../key.ui/examples/standard_key/staticInitialisation/classpath/System.java and once in URL:file:/home/runner/work/key/key/key.core/build/resources/main/de/uka/ilkd/key/java/JavaRedux/java/lang/System.java, Keeping one from URL:file:/home/runner/work/key/key/key.core/build/resources/main/de/uka/ilkd/key/java/JavaRedux/java/lang/System.java 
639560     WARN  main            d.u.i.k.j.r.KeYCrossReferenceNameInfo Datatype java.io.PrintStream declared twice: Once in FILE:/home/runner/work/key/key/key.core/../key.ui/examples/standard_key/staticInitialisation/classpath/PrintStream.java and once in URL:file:/home/runner/work/key/key/key.core/build/resources/main/de/uka/ilkd/key/java/JavaRedux/java/io/PrintStream.java, Keeping one from URL:file:/home/runner/work/key/key/key.core/build/resources/main/de/uka/ilkd/key/java/JavaRedux/java/io/PrintStream.java 
642355     DEBUG main            d.u.i.k.p.i.AbstractProblemLoader Init config took 2.82s 
642370     INFO  main            d.u.i.k.p.i.AbstractProblemLoader Replaying proof erroneousClassImpliesErroneousSubclass.key 
642372     DEBUG main            d.u.i.k.p.i.IntermediateProofReplayer Proof replay took 4.1ns 
642473     INFO  main            d.u.i.k.p.r.p.TestFile    ... finished proof: closed. 
643094     INFO  main            d.u.i.k.p.i.AbstractProblemLoader Loading environment from /home/runner/work/key/key/key.core/../key.ui/examples/standard_key/staticInitialisation/erroneousClassImpliesErroneousSubclass.key.proof 
643094     DEBUG main            d.u.i.k.p.i.AbstractProblemLoader Environment load took 87.11ns 
643095     INFO  main            d.u.i.k.p.i.AbstractProblemLoader Creating init config 
643118     WARN  main            d.u.i.k.j.r.KeYCrossReferenceNameInfo Datatype java.lang.System declared twice: Once in FILE:/home/runner/work/key/key/key.core/../key.ui/examples/standard_key/staticInitialisation/classpath/System.java and once in URL:file:/home/runner/work/key/key/key.core/build/resources/main/de/uka/ilkd/key/java/JavaRedux/java/lang/System.java, Keeping one from URL:file:/home/runner/work/key/key/key.core/build/resources/main/de/uka/ilkd/key/java/JavaRedux/java/lang/System.java 
643118     WARN  main            d.u.i.k.j.r.KeYCrossReferenceNameInfo Datatype java.io.PrintStream declared twice: Once in FILE:/home/runner/work/key/key/key.core/../key.ui/examples/standard_key/staticInitialisation/classpath/PrintStream.java and once in URL:file:/home/runner/work/key/key/key.core/build/resources/main/de/uka/ilkd/key/java/JavaRedux/java/io/PrintStream.java, Keeping one from URL:file:/home/runner/work/key/key/key.core/build/resources/main/de/uka/ilkd/key/java/JavaRedux/java/io/PrintStream.java 
645893     DEBUG main            d.u.i.k.p.i.AbstractProblemLoader Init config took 2.8s 
645909     INFO  main            d.u.i.k.p.i.AbstractProblemLoader Replaying proof erroneousClassImpliesErroneousSubclass.key.proof 
645911     DEBUG main            d.u.i.k.p.i.IntermediateProofReplayer Proof replay took 598.14ns 
645912     DEBUG main            d.u.i.k.p.r.p.TestFile    ... success: reloaded. 
645912     INFO  main            d.u.i.k.p.r.p.TestFile    Now processing file /home/runner/work/key/key/key.core/../key.ui/examples/standard_key/staticInitialisation/initializedSubclassImpliesInitializedSuperclass.key 
645913     INFO  main            d.u.i.k.p.i.AbstractProblemLoader Loading environment from /home/runner/work/key/key/key.core/../key.ui/examples/standard_key/staticInitialisation/initializedSubclassImpliesInitializedSuperclass.key 
645913     DEBUG main            d.u.i.k.p.i.AbstractProblemLoader Environment load took 68.3ns 
645914     INFO  main            d.u.i.k.p.i.AbstractProblemLoader Creating init config 
645936     WARN  main            d.u.i.k.j.r.KeYCrossReferenceNameInfo Datatype java.lang.System declared twice: Once in FILE:/home/runner/work/key/key/key.core/../key.ui/examples/standard_key/staticInitialisation/classpath/System.java and once in URL:file:/home/runner/work/key/key/key.core/build/resources/main/de/uka/ilkd/key/java/JavaRedux/java/lang/System.java, Keeping one from URL:file:/home/runner/work/key/key/key.core/build/resources/main/de/uka/ilkd/key/java/JavaRedux/java/lang/System.java 
645936     WARN  main            d.u.i.k.j.r.KeYCrossReferenceNameInfo Datatype java.io.PrintStream declared twice: Once in FILE:/home/runner/work/key/key/key.core/../key.ui/examples/standard_key/staticInitialisation/classpath/PrintStream.java and once in URL:file:/home/runner/work/key/key/key.core/build/resources/main/de/uka/ilkd/key/java/JavaRedux/java/io/PrintStream.java, Keeping one from URL:file:/home/runner/work/key/key/key.core/build/resources/main/de/uka/ilkd/key/java/JavaRedux/java/io/PrintStream.java 
648617     DEBUG main            d.u.i.k.p.i.AbstractProblemLoader Init config took 2.7s 
648632     INFO  main            d.u.i.k.p.i.AbstractProblemLoader Replaying proof initializedSubclassImpliesInitializedSuperclass.key 
648633     DEBUG main            d.u.i.k.p.i.IntermediateProofReplayer Proof replay took 3.5ns 
648735     INFO  main            d.u.i.k.p.r.p.TestFile    ... finished proof: closed. 
649324     INFO  main            d.u.i.k.p.i.AbstractProblemLoader Loading environment from /home/runner/work/key/key/key.core/../key.ui/examples/standard_key/staticInitialisation/initializedSubclassImpliesInitializedSuperclass.key.proof 
649324     DEBUG main            d.u.i.k.p.i.AbstractProblemLoader Environment load took 89ns 
649325     INFO  main            d.u.i.k.p.i.AbstractProblemLoader Creating init config 
649347     WARN  main            d.u.i.k.j.r.KeYCrossReferenceNameInfo Datatype java.lang.System declared twice: Once in FILE:/home/runner/work/key/key/key.core/../key.ui/examples/standard_key/staticInitialisation/classpath/System.java and once in URL:file:/home/runner/work/key/key/key.core/build/resources/main/de/uka/ilkd/key/java/JavaRedux/java/lang/System.java, Keeping one from URL:file:/home/runner/work/key/key/key.core/build/resources/main/de/uka/ilkd/key/java/JavaRedux/java/lang/System.java 
649347     WARN  main            d.u.i.k.j.r.KeYCrossReferenceNameInfo Datatype java.io.PrintStream declared twice: Once in FILE:/home/runner/work/key/key/key.core/../key.ui/examples/standard_key/staticInitialisation/classpath/PrintStream.java and once in URL:file:/home/runner/work/key/key/key.core/build/resources/main/de/uka/ilkd/key/java/JavaRedux/java/io/PrintStream.java, Keeping one from URL:file:/home/runner/work/key/key/key.core/build/resources/main/de/uka/ilkd/key/java/JavaRedux/java/io/PrintStream.java 
651978     DEBUG main            d.u.i.k.p.i.AbstractProblemLoader Init config took 2.65s 
651994     INFO  main            d.u.i.k.p.i.AbstractProblemLoader Replaying proof initializedSubclassImpliesInitializedSuperclass.key.proof 
651996     DEBUG main            d.u.i.k.p.i.IntermediateProofReplayer Proof replay took 444.33ns 
651997     DEBUG main            d.u.i.k.p.r.p.TestFile    ... success: reloaded. 
651998     INFO  main            d.u.i.k.p.r.p.TestFile    Now processing file /home/runner/work/key/key/key.core/../key.ui/examples/standard_key/staticInitialisation/localDeclared.key 
651998     INFO  main            d.u.i.k.p.i.AbstractProblemLoader Loading environment from /home/runner/work/key/key/key.core/../key.ui/examples/standard_key/staticInitialisation/localDeclared.key 
651998     DEBUG main            d.u.i.k.p.i.AbstractProblemLoader Environment load took 69.61ns 
652000     INFO  main            d.u.i.k.p.i.AbstractProblemLoader Creating init config 
652021     WARN  main            d.u.i.k.j.r.KeYCrossReferenceNameInfo Datatype java.lang.System declared twice: Once in FILE:/home/runner/work/key/key/key.core/../key.ui/examples/standard_key/staticInitialisation/classpath/System.java and once in URL:file:/home/runner/work/key/key/key.core/build/resources/main/de/uka/ilkd/key/java/JavaRedux/java/lang/System.java, Keeping one from URL:file:/home/runner/work/key/key/key.core/build/resources/main/de/uka/ilkd/key/java/JavaRedux/java/lang/System.java 
652021     WARN  main            d.u.i.k.j.r.KeYCrossReferenceNameInfo Datatype java.io.PrintStream declared twice: Once in FILE:/home/runner/work/key/key/key.core/../key.ui/examples/standard_key/staticInitialisation/classpath/PrintStream.java and once in URL:file:/home/runner/work/key/key/key.core/build/resources/main/de/uka/ilkd/key/java/JavaRedux/java/io/PrintStream.java, Keeping one from URL:file:/home/runner/work/key/key/key.core/build/resources/main/de/uka/ilkd/key/java/JavaRedux/java/io/PrintStream.java 
654604     DEBUG main            d.u.i.k.p.i.AbstractProblemLoader Init config took 2.6s 
654620     INFO  main            d.u.i.k.p.i.AbstractProblemLoader Replaying proof localDeclared.key 
654621     DEBUG main            d.u.i.k.p.i.IntermediateProofReplayer Proof replay took 3.2ns 
654924     INFO  main            d.u.i.k.p.r.p.TestFile    ... finished proof: closed. 
655513     INFO  main            d.u.i.k.p.i.AbstractProblemLoader Loading environment from /home/runner/work/key/key/key.core/../key.ui/examples/standard_key/staticInitialisation/localDeclared.key.proof 
655513     DEBUG main            d.u.i.k.p.i.AbstractProblemLoader Environment load took 90.21ns 
655515     INFO  main            d.u.i.k.p.i.AbstractProblemLoader Creating init config 
655538     WARN  main            d.u.i.k.j.r.KeYCrossReferenceNameInfo Datatype java.lang.System declared twice: Once in FILE:/home/runner/work/key/key/key.core/../key.ui/examples/standard_key/staticInitialisation/classpath/System.java and once in URL:file:/home/runner/work/key/key/key.core/build/resources/main/de/uka/ilkd/key/java/JavaRedux/java/lang/System.java, Keeping one from URL:file:/home/runner/work/key/key/key.core/build/resources/main/de/uka/ilkd/key/java/JavaRedux/java/lang/System.java 
655538     WARN  main            d.u.i.k.j.r.KeYCrossReferenceNameInfo Datatype java.io.PrintStream declared twice: Once in FILE:/home/runner/work/key/key/key.core/../key.ui/examples/standard_key/staticInitialisation/classpath/PrintStream.java and once in URL:file:/home/runner/work/key/key/key.core/build/resources/main/de/uka/ilkd/key/java/JavaRedux/java/io/PrintStream.java, Keeping one from URL:file:/home/runner/work/key/key/key.core/build/resources/main/de/uka/ilkd/key/java/JavaRedux/java/io/PrintStream.java 
658172     DEBUG main            d.u.i.k.p.i.AbstractProblemLoader Init config took 2.66s 
658188     INFO  main            d.u.i.k.p.i.AbstractProblemLoader Replaying proof localDeclared.key.proof 
658256     DEBUG main            d.u.i.k.p.i.IntermediateProofReplayer Proof replay took 66.03ms 
658258     DEBUG main            d.u.i.k.p.r.p.TestFile    ... success: reloaded. 
658258     INFO  main            d.u.i.k.p.r.p.TestFile    Now processing file /home/runner/work/key/key/key.core/../key.ui/examples/standard_key/staticInitialisation/localDeclaredMethod.key 
658259     INFO  main            d.u.i.k.p.i.AbstractProblemLoader Loading environment from /home/runner/work/key/key/key.core/../key.ui/examples/standard_key/staticInitialisation/localDeclaredMethod.key 
658259     DEBUG main            d.u.i.k.p.i.AbstractProblemLoader Environment load took 121.21ns 
658261     INFO  main            d.u.i.k.p.i.AbstractProblemLoader Creating init config 
658283     WARN  main            d.u.i.k.j.r.KeYCrossReferenceNameInfo Datatype java.lang.System declared twice: Once in FILE:/home/runner/work/key/key/key.core/../key.ui/examples/standard_key/staticInitialisation/classpath/System.java and once in URL:file:/home/runner/work/key/key/key.core/build/resources/main/de/uka/ilkd/key/java/JavaRedux/java/lang/System.java, Keeping one from URL:file:/home/runner/work/key/key/key.core/build/resources/main/de/uka/ilkd/key/java/JavaRedux/java/lang/System.java 
658284     WARN  main            d.u.i.k.j.r.KeYCrossReferenceNameInfo Datatype java.io.PrintStream declared twice: Once in FILE:/home/runner/work/key/key/key.core/../key.ui/examples/standard_key/staticInitialisation/classpath/PrintStream.java and once in URL:file:/home/runner/work/key/key/key.core/build/resources/main/de/uka/ilkd/key/java/JavaRedux/java/io/PrintStream.java, Keeping one from URL:file:/home/runner/work/key/key/key.core/build/resources/main/de/uka/ilkd/key/java/JavaRedux/java/io/PrintStream.java 
660938     DEBUG main            d.u.i.k.p.i.AbstractProblemLoader Init config took 2.68s 
660955     INFO  main            d.u.i.k.p.i.AbstractProblemLoader Replaying proof localDeclaredMethod.key 
660956     DEBUG main            d.u.i.k.p.i.IntermediateProofReplayer Proof replay took 3.1ns 
661259     INFO  main            d.u.i.k.p.r.p.TestFile    ... finished proof: closed. 
661887     INFO  main            d.u.i.k.p.i.AbstractProblemLoader Loading environment from /home/runner/work/key/key/key.core/../key.ui/examples/standard_key/staticInitialisation/localDeclaredMethod.key.proof 
661887     DEBUG main            d.u.i.k.p.i.AbstractProblemLoader Environment load took 94.41ns 
661888     INFO  main            d.u.i.k.p.i.AbstractProblemLoader Creating init config 
661910     WARN  main            d.u.i.k.j.r.KeYCrossReferenceNameInfo Datatype java.lang.System declared twice: Once in FILE:/home/runner/work/key/key/key.core/../key.ui/examples/standard_key/staticInitialisation/classpath/System.java and once in URL:file:/home/runner/work/key/key/key.core/build/resources/main/de/uka/ilkd/key/java/JavaRedux/java/lang/System.java, Keeping one from URL:file:/home/runner/work/key/key/key.core/build/resources/main/de/uka/ilkd/key/java/JavaRedux/java/lang/System.java 
661910     WARN  main            d.u.i.k.j.r.KeYCrossReferenceNameInfo Datatype java.io.PrintStream declared twice: Once in FILE:/home/runner/work/key/key/key.core/../key.ui/examples/standard_key/staticInitialisation/classpath/PrintStream.java and once in URL:file:/home/runner/work/key/key/key.core/build/resources/main/de/uka/ilkd/key/java/JavaRedux/java/io/PrintStream.java, Keeping one from URL:file:/home/runner/work/key/key/key.core/build/resources/main/de/uka/ilkd/key/java/JavaRedux/java/io/PrintStream.java 
664564     DEBUG main            d.u.i.k.p.i.AbstractProblemLoader Init config took 2.68s 
664580     INFO  main            d.u.i.k.p.i.AbstractProblemLoader Replaying proof localDeclaredMethod.key.proof 
664643     DEBUG main            d.u.i.k.p.i.IntermediateProofReplayer Proof replay took 59.94ms 
664645     DEBUG main            d.u.i.k.p.r.p.TestFile    ... success: reloaded. 
664645     INFO  main            d.u.i.k.p.r.p.TestFile    Now processing file /home/runner/work/key/key/key.core/../key.ui/examples/standard_key/staticInitialisation/objectOfErroneousClass.key 
664646     INFO  main            d.u.i.k.p.i.AbstractProblemLoader Loading environment from /home/runner/work/key/key/key.core/../key.ui/examples/standard_key/staticInitialisation/objectOfErroneousClass.key 
664646     DEBUG main            d.u.i.k.p.i.AbstractProblemLoader Environment load took 108.41ns 
664647     INFO  main            d.u.i.k.p.i.AbstractProblemLoader Creating init config 
664670     WARN  main            d.u.i.k.j.r.KeYCrossReferenceNameInfo Datatype java.lang.System declared twice: Once in FILE:/home/runner/work/key/key/key.core/../key.ui/examples/standard_key/staticInitialisation/classpath/System.java and once in URL:file:/home/runner/work/key/key/key.core/build/resources/main/de/uka/ilkd/key/java/JavaRedux/java/lang/System.java, Keeping one from URL:file:/home/runner/work/key/key/key.core/build/resources/main/de/uka/ilkd/key/java/JavaRedux/java/lang/System.java 
664670     WARN  main            d.u.i.k.j.r.KeYCrossReferenceNameInfo Datatype java.io.PrintStream declared twice: Once in FILE:/home/runner/work/key/key/key.core/../key.ui/examples/standard_key/staticInitialisation/classpath/PrintStream.java and once in URL:file:/home/runner/work/key/key/key.core/build/resources/main/de/uka/ilkd/key/java/JavaRedux/java/io/PrintStream.java, Keeping one from URL:file:/home/runner/work/key/key/key.core/build/resources/main/de/uka/ilkd/key/java/JavaRedux/java/io/PrintStream.java 
667282     DEBUG main            d.u.i.k.p.i.AbstractProblemLoader Init config took 2.63s 
667299     INFO  main            d.u.i.k.p.i.AbstractProblemLoader Replaying proof objectOfErroneousClass.key 
667302     DEBUG main            d.u.i.k.p.i.IntermediateProofReplayer Proof replay took 3.2ns 
681598     INFO  main            d.u.i.k.p.r.p.TestFile    ... finished proof: closed. 
682296     INFO  main            d.u.i.k.p.i.AbstractProblemLoader Loading environment from /home/runner/work/key/key/key.core/../key.ui/examples/standard_key/staticInitialisation/objectOfErroneousClass.key.proof 
682297     DEBUG main            d.u.i.k.p.i.AbstractProblemLoader Environment load took 414.32ns 
682301     INFO  main            d.u.i.k.p.i.AbstractProblemLoader Creating init config 
682324     WARN  main            d.u.i.k.j.r.KeYCrossReferenceNameInfo Datatype java.lang.System declared twice: Once in FILE:/home/runner/work/key/key/key.core/../key.ui/examples/standard_key/staticInitialisation/classpath/System.java and once in URL:file:/home/runner/work/key/key/key.core/build/resources/main/de/uka/ilkd/key/java/JavaRedux/java/lang/System.java, Keeping one from URL:file:/home/runner/work/key/key/key.core/build/resources/main/de/uka/ilkd/key/java/JavaRedux/java/lang/System.java 
682324     WARN  main            d.u.i.k.j.r.KeYCrossReferenceNameInfo Datatype java.io.PrintStream declared twice: Once in FILE:/home/runner/work/key/key/key.core/../key.ui/examples/standard_key/staticInitialisation/classpath/PrintStream.java and once in URL:file:/home/runner/work/key/key/key.core/build/resources/main/de/uka/ilkd/key/java/JavaRedux/java/io/PrintStream.java, Keeping one from URL:file:/home/runner/work/key/key/key.core/build/resources/main/de/uka/ilkd/key/java/JavaRedux/java/io/PrintStream.java 
685030     DEBUG main            d.u.i.k.p.i.AbstractProblemLoader Init config took 2.73s 
685048     INFO  main            d.u.i.k.p.i.AbstractProblemLoader Replaying proof objectOfErroneousClass.key.proof 
687621     DEBUG main            d.u.i.k.p.i.IntermediateProofReplayer Proof replay took 2.55s 
687625     DEBUG main            d.u.i.k.p.r.p.TestFile    ... success: reloaded. 
687626     INFO  main            d.u.i.k.p.r.p.TestFile    Now processing file /home/runner/work/key/key/key.core/../key.ui/examples/standard_key/staticInitialisation/staticInitialisersAreNonSimple.key 
687627     INFO  main            d.u.i.k.p.i.AbstractProblemLoader Loading environment from /home/runner/work/key/key/key.core/../key.ui/examples/standard_key/staticInitialisation/staticInitialisersAreNonSimple.key 
687627     DEBUG main            d.u.i.k.p.i.AbstractProblemLoader Environment load took 77.2ns 
687629     INFO  main            d.u.i.k.p.i.AbstractProblemLoader Creating init config 
687651     WARN  main            d.u.i.k.j.r.KeYCrossReferenceNameInfo Datatype java.lang.System declared twice: Once in FILE:/home/runner/work/key/key/key.core/../key.ui/examples/standard_key/staticInitialisation/classpath/System.java and once in URL:file:/home/runner/work/key/key/key.core/build/resources/main/de/uka/ilkd/key/java/JavaRedux/java/lang/System.java, Keeping one from URL:file:/home/runner/work/key/key/key.core/build/resources/main/de/uka/ilkd/key/java/JavaRedux/java/lang/System.java 
687651     WARN  main            d.u.i.k.j.r.KeYCrossReferenceNameInfo Datatype java.io.PrintStream declared twice: Once in FILE:/home/runner/work/key/key/key.core/../key.ui/examples/standard_key/staticInitialisation/classpath/PrintStream.java and once in URL:file:/home/runner/work/key/key/key.core/build/resources/main/de/uka/ilkd/key/java/JavaRedux/java/io/PrintStream.java, Keeping one from URL:file:/home/runner/work/key/key/key.core/build/resources/main/de/uka/ilkd/key/java/JavaRedux/java/io/PrintStream.java 
690497     DEBUG main            d.u.i.k.p.i.AbstractProblemLoader Init config took 2.87s 
690514     INFO  main            d.u.i.k.p.i.AbstractProblemLoader Replaying proof staticInitialisersAreNonSimple.key 
690515     DEBUG main            d.u.i.k.p.i.IntermediateProofReplayer Proof replay took 4ns 
690918     INFO  main            d.u.i.k.p.r.p.TestFile    ... finished proof: closed. 
691613     INFO  main            d.u.i.k.p.i.AbstractProblemLoader Loading environment from /home/runner/work/key/key/key.core/../key.ui/examples/standard_key/staticInitialisation/staticInitialisersAreNonSimple.key.proof 
691613     DEBUG main            d.u.i.k.p.i.AbstractProblemLoader Environment load took 106.01ns 
691615     INFO  main            d.u.i.k.p.i.AbstractProblemLoader Creating init config 
691639     WARN  main            d.u.i.k.j.r.KeYCrossReferenceNameInfo Datatype java.lang.System declared twice: Once in FILE:/home/runner/work/key/key/key.core/../key.ui/examples/standard_key/staticInitialisation/classpath/System.java and once in URL:file:/home/runner/work/key/key/key.core/build/resources/main/de/uka/ilkd/key/java/JavaRedux/java/lang/System.java, Keeping one from URL:file:/home/runner/work/key/key/key.core/build/resources/main/de/uka/ilkd/key/java/JavaRedux/java/lang/System.java 
691639     WARN  main            d.u.i.k.j.r.KeYCrossReferenceNameInfo Datatype java.io.PrintStream declared twice: Once in FILE:/home/runner/work/key/key/key.core/../key.ui/examples/standard_key/staticInitialisation/classpath/PrintStream.java and once in URL:file:/home/runner/work/key/key/key.core/build/resources/main/de/uka/ilkd/key/java/JavaRedux/java/io/PrintStream.java, Keeping one from URL:file:/home/runner/work/key/key/key.core/build/resources/main/de/uka/ilkd/key/java/JavaRedux/java/io/PrintStream.java 
694416     DEBUG main            d.u.i.k.p.i.AbstractProblemLoader Init config took 2.8s 
694432     INFO  main            d.u.i.k.p.i.AbstractProblemLoader Replaying proof staticInitialisersAreNonSimple.key.proof 
694519     DEBUG main            d.u.i.k.p.i.IntermediateProofReplayer Proof replay took 84.15ms 
694520     DEBUG main            d.u.i.k.p.r.p.TestFile    ... success: reloaded. 
694521     INFO  main            d.u.i.k.p.r.p.TestFile    Now processing file /home/runner/work/key/key/key.core/../key.ui/examples/standard_key/types/disjoint.key 
694521     INFO  main            d.u.i.k.p.i.AbstractProblemLoader Loading environment from /home/runner/work/key/key/key.core/../key.ui/examples/standard_key/types/disjoint.key 
694521     DEBUG main            d.u.i.k.p.i.AbstractProblemLoader Environment load took 69.5ns 
694522     INFO  main            d.u.i.k.p.i.AbstractProblemLoader Creating init config 
697092     DEBUG main            d.u.i.k.p.i.AbstractProblemLoader Init config took 2.57s 
697107     INFO  main            d.u.i.k.p.i.AbstractProblemLoader Replaying proof disjoint.key 
697110     DEBUG main            d.u.i.k.p.i.IntermediateProofReplayer Proof replay took 3.7ns 
697211     INFO  main            d.u.i.k.p.r.p.TestFile    ... finished proof: closed. 
697836     INFO  main            d.u.i.k.p.i.AbstractProblemLoader Loading environment from /home/runner/work/key/key/key.core/../key.ui/examples/standard_key/types/disjoint.key.proof 
697836     DEBUG main            d.u.i.k.p.i.AbstractProblemLoader Environment load took 90.21ns 
697837     INFO  main            d.u.i.k.p.i.AbstractProblemLoader Creating init config 
700288     DEBUG main            d.u.i.k.p.i.AbstractProblemLoader Init config took 2.45s 
700303     INFO  main            d.u.i.k.p.i.AbstractProblemLoader Replaying proof disjoint.key.proof 
700305     DEBUG main            d.u.i.k.p.i.IntermediateProofReplayer Proof replay took 535.53ns 
700305     DEBUG main            d.u.i.k.p.r.p.TestFile    ... success: reloaded. 
700305     INFO  main            d.u.i.k.p.r.p.TestFile    Now processing file /home/runner/work/key/key/key.core/../key.ui/examples/../../key.core/src/test/resources/testcase/classpath/classpath.key 
700306     INFO  main            d.u.i.k.p.i.AbstractProblemLoader Loading environment from /home/runner/work/key/key/key.core/../key.ui/examples/../../key.core/src/test/resources/testcase/classpath/classpath.key 
700306     DEBUG main            d.u.i.k.p.i.AbstractProblemLoader Environment load took 95.71ns 
700306     INFO  main            d.u.i.k.p.i.AbstractProblemLoader Creating init config 
700331     WARN  main            d.u.i.k.j.r.KeYCrossReferenceNameInfo Datatype cp.C declared twice: Once in FILE:/home/runner/work/key/key/key.core/../key.ui/examples/../../key.core/src/test/resources/testcase/classpath/classpath/C.class and once in FILE:/home/runner/work/key/key/key.core/../key.ui/examples/../../key.core/src/test/resources/testcase/classpath/classpath/C.jml, Keeping one from FILE:/home/runner/work/key/key/key.core/../key.ui/examples/../../key.core/src/test/resources/testcase/classpath/classpath/C.jml 
700334     DEBUG main            d.u.i.k.j.r.ClassFileDeclarationBuilder Parsing: package cp; public class Unresolved1 { } 
700335     DEBUG main            r.s.KeYCrossReferenceSourceInfo Dynamically created class: cp.Unresolved1 
700335     DEBUG main            d.u.i.k.j.r.ClassFileDeclarationBuilder Parsing: package cp; public class Unresolved2 { } 
700335     DEBUG main            r.s.KeYCrossReferenceSourceInfo Dynamically created class: cp.Unresolved2 
702983     DEBUG main            d.u.i.k.p.i.AbstractProblemLoader Init config took 2.68s 
703000     INFO  main            d.u.i.k.p.i.AbstractProblemLoader Replaying proof classpath.key 
703002     DEBUG main            d.u.i.k.p.i.IntermediateProofReplayer Proof replay took 3.5ns 
703106     INFO  main            d.u.i.k.p.r.p.TestFile    ... finished proof: closed. 
703762     INFO  main            d.u.i.k.p.i.AbstractProblemLoader Loading environment from /home/runner/work/key/key/key.core/../key.ui/examples/../../key.core/src/test/resources/testcase/classpath/classpath.key.proof 
703762     DEBUG main            d.u.i.k.p.i.AbstractProblemLoader Environment load took 87.71ns 
703763     INFO  main            d.u.i.k.p.i.AbstractProblemLoader Creating init config 
703813     WARN  main            d.u.i.k.j.r.KeYCrossReferenceNameInfo Datatype cp.C declared twice: Once in FILE:/home/runner/work/key/key/key.core/../key.ui/examples/../../key.core/src/test/resources/testcase/classpath/classpath/C.class and once in FILE:/home/runner/work/key/key/key.core/../key.ui/examples/../../key.core/src/test/resources/testcase/classpath/classpath/C.jml, Keeping one from FILE:/home/runner/work/key/key/key.core/../key.ui/examples/../../key.core/src/test/resources/testcase/classpath/classpath/C.jml 
703824     DEBUG main            d.u.i.k.j.r.ClassFileDeclarationBuilder Parsing: package cp; public class Unresolved1 { } 
703827     DEBUG main            r.s.KeYCrossReferenceSourceInfo Dynamically created class: cp.Unresolved1 
703827     DEBUG main            d.u.i.k.j.r.ClassFileDeclarationBuilder Parsing: package cp; public class Unresolved2 { } 
703827     DEBUG main            r.s.KeYCrossReferenceSourceInfo Dynamically created class: cp.Unresolved2 
706539     DEBUG main            d.u.i.k.p.i.AbstractProblemLoader Init config took 2.78s 
706557     INFO  main            d.u.i.k.p.i.AbstractProblemLoader Replaying proof classpath.key.proof 
706560     DEBUG main            d.u.i.k.p.i.IntermediateProofReplayer Proof replay took 616.74ns 
706562     DEBUG main            d.u.i.k.p.r.p.TestFile    ... success: reloaded. 
706563     INFO  main            d.u.i.k.p.r.p.TestFile    Now processing file /home/runner/work/key/key/key.core/../key.ui/examples/heap/inconsistent_represents/MyClass_m.key 
706563     INFO  main            d.u.i.k.p.i.AbstractProblemLoader Loading environment from /home/runner/work/key/key/key.core/../key.ui/examples/heap/inconsistent_represents/MyClass_m.key 
706563     DEBUG main            d.u.i.k.p.i.AbstractProblemLoader Environment load took 172.81ns 
706564     INFO  main            d.u.i.k.p.i.AbstractProblemLoader Creating init config 
709279     DEBUG main            d.u.i.k.p.i.AbstractProblemLoader Init config took 2.71s 
709320     INFO  main            d.u.i.k.p.i.AbstractProblemLoader Replaying proof MyClass[MyClass::m()].JML operation contract.0 
709321     DEBUG main            d.u.i.k.p.i.IntermediateProofReplayer Proof replay took 3.4ns 
709423     INFO  main            d.u.i.k.p.r.p.TestFile    ... finished proof: open goal(s) 
710088     INFO  main            d.u.i.k.p.r.p.TestFile    Now processing file /home/runner/work/key/key/key.core/../key.ui/examples/heap/inconsistent_represents/MyClass_n.key 
710089     INFO  main            d.u.i.k.p.i.AbstractProblemLoader Loading environment from /home/runner/work/key/key/key.core/../key.ui/examples/heap/inconsistent_represents/MyClass_n.key 
710089     DEBUG main            d.u.i.k.p.i.AbstractProblemLoader Environment load took 79.61ns 
710091     INFO  main            d.u.i.k.p.i.AbstractProblemLoader Creating init config 
712773     DEBUG main            d.u.i.k.p.i.AbstractProblemLoader Init config took 2.68s 
712814     INFO  main            d.u.i.k.p.i.AbstractProblemLoader Replaying proof MyClass[MyClass::n()].JML operation contract.0 
712815     DEBUG main            d.u.i.k.p.i.IntermediateProofReplayer Proof replay took 3.4ns 
712918     INFO  main            d.u.i.k.p.r.p.TestFile    ... finished proof: open goal(s) 
4241016    INFO  Test worker     d.u.i.k.p.r.RunAllProofsTestUnit Returning from test javadl 
4241017    INFO  Test worker     d.u.i.k.p.r.RunAllProofsTestUnit Running test FOL 
414        INFO  Timeout watchdog d.u.i.k.p.r.p.ForkedTestFileRunner Timeout watcher launched (2000 secs.) 
431        WARN  main            d.u.i.k.s.ProofSettings   The settings in /home/runner/.key/proof-settings.props are *not* read. 
484        INFO  main            d.u.i.k.p.r.p.TestFile    Now processing file /home/runner/work/key/key/key.core/../key.ui/examples/standard_key/pred_log/count.key 
631        INFO  main            d.u.i.k.p.i.AbstractProblemLoader Loading environment from /home/runner/work/key/key/key.core/../key.ui/examples/standard_key/pred_log/count.key 
650        DEBUG main            d.u.i.k.p.i.AbstractProblemLoader Environment load took 2.21ms 
960        INFO  main            d.u.i.k.p.i.AbstractProblemLoader Creating init config 
1965       DEBUG main            d.u.i.k.j.TypeConverter   No LDT found for Meta 
1965       DEBUG main            d.u.i.k.j.TypeConverter   No LDT found for Meta 
1969       DEBUG main            d.u.i.k.j.TypeConverter   No LDT found for Meta 
1969       DEBUG main            d.u.i.k.j.TypeConverter   No LDT found for Meta 
3990       DEBUG main            d.u.i.k.j.TypeConverter   No LDT found for JavaBigintExpression 
9505       DEBUG main            d.u.i.k.p.i.AbstractProblemLoader Init config took 8.54s 
9570       INFO  main            d.u.i.k.p.i.AbstractProblemLoader Replaying proof count.key 
9609       DEBUG main            d.u.i.k.p.i.IntermediateProofReplayer Proof replay took 43.3ns 
9799       INFO  main            d.u.i.k.p.r.p.TestFile    ... finished proof: closed. 
9937       INFO  main            d.u.i.k.p.i.AbstractProblemLoader Loading environment from /home/runner/work/key/key/key.core/../key.ui/examples/standard_key/pred_log/count.key.proof 
9939       DEBUG main            d.u.i.k.p.i.AbstractProblemLoader Environment load took 1.76ms 
9944       INFO  main            d.u.i.k.p.i.AbstractProblemLoader Creating init config 
13211      DEBUG main            d.u.i.k.p.i.AbstractProblemLoader Init config took 3.27s 
13249      INFO  main            d.u.i.k.p.i.AbstractProblemLoader Replaying proof count.key.proof 
13273      DEBUG main            d.u.i.k.p.i.IntermediateProofReplayer Proof replay took 15.77ms 
13290      DEBUG main            d.u.i.k.p.r.p.TestFile    ... success: reloaded. 
13291      INFO  main            d.u.i.k.p.r.p.TestFile    Now processing file /home/runner/work/key/key/key.core/../key.ui/examples/standard_key/pred_log/count2.key 
13292      INFO  main            d.u.i.k.p.i.AbstractProblemLoader Loading environment from /home/runner/work/key/key/key.core/../key.ui/examples/standard_key/pred_log/count2.key 
13292      DEBUG main            d.u.i.k.p.i.AbstractProblemLoader Environment load took 129.71ns 
13295      INFO  main            d.u.i.k.p.i.AbstractProblemLoader Creating init config 
16371      DEBUG main            d.u.i.k.p.i.AbstractProblemLoader Init config took 3.08s 
16414      INFO  main            d.u.i.k.p.i.AbstractProblemLoader Replaying proof count2.key 
16419      DEBUG main            d.u.i.k.p.i.IntermediateProofReplayer Proof replay took 7.7ns 
16534      INFO  main            d.u.i.k.p.r.p.TestFile    ... finished proof: closed. 
16684      INFO  main            d.u.i.k.p.i.AbstractProblemLoader Loading environment from /home/runner/work/key/key/key.core/../key.ui/examples/standard_key/pred_log/count2.key.proof 
16684      DEBUG main            d.u.i.k.p.i.AbstractProblemLoader Environment load took 138.91ns 
16686      INFO  main            d.u.i.k.p.i.AbstractProblemLoader Creating init config 
19744      DEBUG main            d.u.i.k.p.i.AbstractProblemLoader Init config took 3.06s 
19771      INFO  main            d.u.i.k.p.i.AbstractProblemLoader Replaying proof count2.key.proof 
19777      DEBUG main            d.u.i.k.p.i.IntermediateProofReplayer Proof replay took 4.1ms 
19778      DEBUG main            d.u.i.k.p.r.p.TestFile    ... success: reloaded. 
19779      INFO  main            d.u.i.k.p.r.p.TestFile    Now processing file /home/runner/work/key/key/key.core/../key.ui/examples/standard_key/pred_log/count3.key 
19780      INFO  main            d.u.i.k.p.i.AbstractProblemLoader Loading environment from /home/runner/work/key/key/key.core/../key.ui/examples/standard_key/pred_log/count3.key 
19780      DEBUG main            d.u.i.k.p.i.AbstractProblemLoader Environment load took 113.91ns 
19781      INFO  main            d.u.i.k.p.i.AbstractProblemLoader Creating init config 
22759      DEBUG main            d.u.i.k.p.i.AbstractProblemLoader Init config took 2.98s 
22786      INFO  main            d.u.i.k.p.i.AbstractProblemLoader Replaying proof count3.key 
22789      DEBUG main            d.u.i.k.p.i.IntermediateProofReplayer Proof replay took 13.3ns 
22895      INFO  main            d.u.i.k.p.r.p.TestFile    ... finished proof: closed. 
23045      INFO  main            d.u.i.k.p.i.AbstractProblemLoader Loading environment from /home/runner/work/key/key/key.core/../key.ui/examples/standard_key/pred_log/count3.key.proof 
23045      DEBUG main            d.u.i.k.p.i.AbstractProblemLoader Environment load took 284.82ns 
23047      INFO  main            d.u.i.k.p.i.AbstractProblemLoader Creating init config 
25856      DEBUG main            d.u.i.k.p.i.AbstractProblemLoader Init config took 2.81s 
25881      INFO  main            d.u.i.k.p.i.AbstractProblemLoader Replaying proof count3.key.proof 
25887      DEBUG main            d.u.i.k.p.i.IntermediateProofReplayer Proof replay took 3.36ms 
25888      DEBUG main            d.u.i.k.p.r.p.TestFile    ... success: reloaded. 
25889      INFO  main            d.u.i.k.p.r.p.TestFile    Now processing file /home/runner/work/key/key/key.core/../key.ui/examples/standard_key/pred_log/equalities.key 
25889      INFO  main            d.u.i.k.p.i.AbstractProblemLoader Loading environment from /home/runner/work/key/key/key.core/../key.ui/examples/standard_key/pred_log/equalities.key 
25889      DEBUG main            d.u.i.k.p.i.AbstractProblemLoader Environment load took 115.01ns 
25891      INFO  main            d.u.i.k.p.i.AbstractProblemLoader Creating init config 
28749      DEBUG main            d.u.i.k.p.i.AbstractProblemLoader Init config took 2.86s 
28772      INFO  main            d.u.i.k.p.i.AbstractProblemLoader Replaying proof equalities.key 
28773      DEBUG main            d.u.i.k.p.i.IntermediateProofReplayer Proof replay took 7.2ns 
28876      INFO  main            d.u.i.k.p.r.p.TestFile    ... finished proof: closed. 
29035      INFO  main            d.u.i.k.p.i.AbstractProblemLoader Loading environment from /home/runner/work/key/key/key.core/../key.ui/examples/standard_key/pred_log/equalities.key.proof 
29035      DEBUG main            d.u.i.k.p.i.AbstractProblemLoader Environment load took 135.21ns 
29036      INFO  main            d.u.i.k.p.i.AbstractProblemLoader Creating init config 
31883      DEBUG main            d.u.i.k.p.i.AbstractProblemLoader Init config took 2.85s 
31905      INFO  main            d.u.i.k.p.i.AbstractProblemLoader Replaying proof equalities.key.proof 
31909      DEBUG main            d.u.i.k.p.i.IntermediateProofReplayer Proof replay took 1.94ms 
31910      DEBUG main            d.u.i.k.p.r.p.TestFile    ... success: reloaded. 
31911      INFO  main            d.u.i.k.p.r.p.TestFile    Now processing file /home/runner/work/key/key/key.core/../key.ui/examples/standard_key/pred_log/equalities2.key 
31912      INFO  main            d.u.i.k.p.i.AbstractProblemLoader Loading environment from /home/runner/work/key/key/key.core/../key.ui/examples/standard_key/pred_log/equalities2.key 
31912      DEBUG main            d.u.i.k.p.i.AbstractProblemLoader Environment load took 207.91ns 
31913      INFO  main            d.u.i.k.p.i.AbstractProblemLoader Creating init config 
34887      DEBUG main            d.u.i.k.p.i.AbstractProblemLoader Init config took 2.97s 
34907      INFO  main            d.u.i.k.p.i.AbstractProblemLoader Replaying proof equalities2.key 
34909      DEBUG main            d.u.i.k.p.i.IntermediateProofReplayer Proof replay took 8ns 
35012      INFO  main            d.u.i.k.p.r.p.TestFile    ... finished proof: closed. 
35182      INFO  main            d.u.i.k.p.i.AbstractProblemLoader Loading environment from /home/runner/work/key/key/key.core/../key.ui/examples/standard_key/pred_log/equalities2.key.proof 
35183      DEBUG main            d.u.i.k.p.i.AbstractProblemLoader Environment load took 142.91ns 
35184      INFO  main            d.u.i.k.p.i.AbstractProblemLoader Creating init config 
38017      DEBUG main            d.u.i.k.p.i.AbstractProblemLoader Init config took 2.83s 
38053      INFO  main            d.u.i.k.p.i.AbstractProblemLoader Replaying proof equalities2.key.proof 
38062      DEBUG main            d.u.i.k.p.i.IntermediateProofReplayer Proof replay took 5.89ms 
38064      DEBUG main            d.u.i.k.p.r.p.TestFile    ... success: reloaded. 
38066      INFO  main            d.u.i.k.p.r.p.TestFile    Now processing file /home/runner/work/key/key/key.core/../key.ui/examples/standard_key/pred_log/equalities3.key 
38067      INFO  main            d.u.i.k.p.i.AbstractProblemLoader Loading environment from /home/runner/work/key/key/key.core/../key.ui/examples/standard_key/pred_log/equalities3.key 
38067      DEBUG main            d.u.i.k.p.i.AbstractProblemLoader Environment load took 226.91ns 
38070      INFO  main            d.u.i.k.p.i.AbstractProblemLoader Creating init config 
40932      DEBUG main            d.u.i.k.p.i.AbstractProblemLoader Init config took 2.86s 
40953      INFO  main            d.u.i.k.p.i.AbstractProblemLoader Replaying proof equalities3.key 
40955      DEBUG main            d.u.i.k.p.i.IntermediateProofReplayer Proof replay took 8ns 
41058      INFO  main            d.u.i.k.p.r.p.TestFile    ... finished proof: closed. 
41240      INFO  main            d.u.i.k.p.i.AbstractProblemLoader Loading environment from /home/runner/work/key/key/key.core/../key.ui/examples/standard_key/pred_log/equalities3.key.proof 
41240      DEBUG main            d.u.i.k.p.i.AbstractProblemLoader Environment load took 134.41ns 
41241      INFO  main            d.u.i.k.p.i.AbstractProblemLoader Creating init config 
44022      DEBUG main            d.u.i.k.p.i.AbstractProblemLoader Init config took 2.78s 
44044      INFO  main            d.u.i.k.p.i.AbstractProblemLoader Replaying proof equalities3.key.proof 
44055      DEBUG main            d.u.i.k.p.i.IntermediateProofReplayer Proof replay took 8.57ms 
44059      DEBUG main            d.u.i.k.p.r.p.TestFile    ... success: reloaded. 
44060      INFO  main            d.u.i.k.p.r.p.TestFile    Now processing file /home/runner/work/key/key/key.core/../key.ui/examples/standard_key/pred_log/functions.key 
44060      INFO  main            d.u.i.k.p.i.AbstractProblemLoader Loading environment from /home/runner/work/key/key/key.core/../key.ui/examples/standard_key/pred_log/functions.key 
44060      DEBUG main            d.u.i.k.p.i.AbstractProblemLoader Environment load took 109.41ns 
44061      INFO  main            d.u.i.k.p.i.AbstractProblemLoader Creating init config 
46918      DEBUG main            d.u.i.k.p.i.AbstractProblemLoader Init config took 2.86s 
46937      INFO  main            d.u.i.k.p.i.AbstractProblemLoader Replaying proof functions.key 
46939      DEBUG main            d.u.i.k.p.i.IntermediateProofReplayer Proof replay took 7.1ns 
47044      INFO  main            d.u.i.k.p.r.p.TestFile    ... finished proof: closed. 
47237      INFO  main            d.u.i.k.p.i.AbstractProblemLoader Loading environment from /home/runner/work/key/key/key.core/../key.ui/examples/standard_key/pred_log/functions.key.proof 
47237      DEBUG main            d.u.i.k.p.i.AbstractProblemLoader Environment load took 146.61ns 
47239      INFO  main            d.u.i.k.p.i.AbstractProblemLoader Creating init config 
50068      DEBUG main            d.u.i.k.p.i.AbstractProblemLoader Init config took 2.83s 
50086      INFO  main            d.u.i.k.p.i.AbstractProblemLoader Replaying proof functions.key.proof 
50091      DEBUG main            d.u.i.k.p.i.IntermediateProofReplayer Proof replay took 2.99ms 
50092      DEBUG main            d.u.i.k.p.r.p.TestFile    ... success: reloaded. 
50093      INFO  main            d.u.i.k.p.r.p.TestFile    Now processing file /home/runner/work/key/key/key.core/../key.ui/examples/standard_key/pred_log/mv1.key 
50093      INFO  main            d.u.i.k.p.i.AbstractProblemLoader Loading environment from /home/runner/work/key/key/key.core/../key.ui/examples/standard_key/pred_log/mv1.key 
50093      DEBUG main            d.u.i.k.p.i.AbstractProblemLoader Environment load took 106.61ns 
50094      INFO  main            d.u.i.k.p.i.AbstractProblemLoader Creating init config 
52898      DEBUG main            d.u.i.k.p.i.AbstractProblemLoader Init config took 2.8s 
52916      INFO  main            d.u.i.k.p.i.AbstractProblemLoader Replaying proof mv1.key 
52919      DEBUG main            d.u.i.k.p.i.IntermediateProofReplayer Proof replay took 23ns 
53021      INFO  main            d.u.i.k.p.r.p.TestFile    ... finished proof: closed. 
53260      INFO  main            d.u.i.k.p.i.AbstractProblemLoader Loading environment from /home/runner/work/key/key/key.core/../key.ui/examples/standard_key/pred_log/mv1.key.proof 
53260      DEBUG main            d.u.i.k.p.i.AbstractProblemLoader Environment load took 139.71ns 
53261      INFO  main            d.u.i.k.p.i.AbstractProblemLoader Creating init config 
55933      DEBUG main            d.u.i.k.p.i.AbstractProblemLoader Init config took 2.67s 
55951      INFO  main            d.u.i.k.p.i.AbstractProblemLoader Replaying proof mv1.key.proof 
55954      DEBUG main            d.u.i.k.p.i.IntermediateProofReplayer Proof replay took 1.14ms 
55954      DEBUG main            d.u.i.k.p.r.p.TestFile    ... success: reloaded. 
55955      INFO  main            d.u.i.k.p.r.p.TestFile    Now processing file /home/runner/work/key/key/key.core/../key.ui/examples/standard_key/pred_log/mv2.key 
55955      INFO  main            d.u.i.k.p.i.AbstractProblemLoader Loading environment from /home/runner/work/key/key/key.core/../key.ui/examples/standard_key/pred_log/mv2.key 
55956      DEBUG main            d.u.i.k.p.i.AbstractProblemLoader Environment load took 91.01ns 
55957      INFO  main            d.u.i.k.p.i.AbstractProblemLoader Creating init config 
58600      DEBUG main            d.u.i.k.p.i.AbstractProblemLoader Init config took 2.64s 
58618      INFO  main            d.u.i.k.p.i.AbstractProblemLoader Replaying proof mv2.key 
58620      DEBUG main            d.u.i.k.p.i.IntermediateProofReplayer Proof replay took 6.2ns 
58722      INFO  main            d.u.i.k.p.r.p.TestFile    ... finished proof: closed. 
58989      INFO  main            d.u.i.k.p.i.AbstractProblemLoader Loading environment from /home/runner/work/key/key/key.core/../key.ui/examples/standard_key/pred_log/mv2.key.proof 
58989      DEBUG main            d.u.i.k.p.i.AbstractProblemLoader Environment load took 140.11ns 
58990      INFO  main            d.u.i.k.p.i.AbstractProblemLoader Creating init config 
61635      DEBUG main            d.u.i.k.p.i.AbstractProblemLoader Init config took 2.64s 
61651      INFO  main            d.u.i.k.p.i.AbstractProblemLoader Replaying proof mv2.key.proof 
61654      DEBUG main            d.u.i.k.p.i.IntermediateProofReplayer Proof replay took 1.81ms 
61655      DEBUG main            d.u.i.k.p.r.p.TestFile    ... success: reloaded. 
61656      INFO  main            d.u.i.k.p.r.p.TestFile    Now processing file /home/runner/work/key/key/key.core/../key.ui/examples/standard_key/pred_log/quantifiers.key 
61656      INFO  main            d.u.i.k.p.i.AbstractProblemLoader Loading environment from /home/runner/work/key/key/key.core/../key.ui/examples/standard_key/pred_log/quantifiers.key 
61656      DEBUG main            d.u.i.k.p.i.AbstractProblemLoader Environment load took 87.41ns 
61657      INFO  main            d.u.i.k.p.i.AbstractProblemLoader Creating init config 
64432      DEBUG main            d.u.i.k.p.i.AbstractProblemLoader Init config took 2.78s 
64449      INFO  main            d.u.i.k.p.i.AbstractProblemLoader Replaying proof quantifiers.key 
64453      DEBUG main            d.u.i.k.p.i.IntermediateProofReplayer Proof replay took 9.1ns 
64555      INFO  main            d.u.i.k.p.r.p.TestFile    ... finished proof: closed. 
64750      INFO  main            d.u.i.k.p.i.AbstractProblemLoader Loading environment from /home/runner/work/key/key/key.core/../key.ui/examples/standard_key/pred_log/quantifiers.key.proof 
64751      DEBUG main            d.u.i.k.p.i.AbstractProblemLoader Environment load took 409.12ns 
64752      INFO  main            d.u.i.k.p.i.AbstractProblemLoader Creating init config 
67521      DEBUG main            d.u.i.k.p.i.AbstractProblemLoader Init config took 2.77s 
67539      INFO  main            d.u.i.k.p.i.AbstractProblemLoader Replaying proof quantifiers.key.proof 
67544      DEBUG main            d.u.i.k.p.i.IntermediateProofReplayer Proof replay took 2.7ms 
67545      DEBUG main            d.u.i.k.p.r.p.TestFile    ... success: reloaded. 
67546      INFO  main            d.u.i.k.p.r.p.TestFile    Now processing file /home/runner/work/key/key/key.core/../key.ui/examples/standard_key/pred_log/simpleEps.key 
67546      INFO  main            d.u.i.k.p.i.AbstractProblemLoader Loading environment from /home/runner/work/key/key/key.core/../key.ui/examples/standard_key/pred_log/simpleEps.key 
67546      DEBUG main            d.u.i.k.p.i.AbstractProblemLoader Environment load took 152.61ns 
67547      INFO  main            d.u.i.k.p.i.AbstractProblemLoader Creating init config 
70364      DEBUG main            d.u.i.k.p.i.AbstractProblemLoader Init config took 2.82s 
70381      INFO  main            d.u.i.k.p.i.AbstractProblemLoader Replaying proof simpleEps.key 
70382      DEBUG main            d.u.i.k.p.i.IntermediateProofReplayer Proof replay took 7.1ns 
70487      INFO  main            d.u.i.k.p.r.p.TestFile    ... finished proof: closed. 
70699      INFO  main            d.u.i.k.p.i.AbstractProblemLoader Loading environment from /home/runner/work/key/key/key.core/../key.ui/examples/standard_key/pred_log/simpleEps.key.proof 
70699      DEBUG main            d.u.i.k.p.i.AbstractProblemLoader Environment load took 132.31ns 
70701      INFO  main            d.u.i.k.p.i.AbstractProblemLoader Creating init config 
73511      DEBUG main            d.u.i.k.p.i.AbstractProblemLoader Init config took 2.81s 
73528      INFO  main            d.u.i.k.p.i.AbstractProblemLoader Replaying proof simpleEps.key.proof 
73531      DEBUG main            d.u.i.k.p.i.IntermediateProofReplayer Proof replay took 1.74ms 
73532      DEBUG main            d.u.i.k.p.r.p.TestFile    ... success: reloaded. 
73533      INFO  main            d.u.i.k.p.r.p.TestFile    Now processing file /home/runner/work/key/key/key.core/../key.ui/examples/standard_key/pred_log/steam1.key 
73533      INFO  main            d.u.i.k.p.i.AbstractProblemLoader Loading environment from /home/runner/work/key/key/key.core/../key.ui/examples/standard_key/pred_log/steam1.key 
73533      DEBUG main            d.u.i.k.p.i.AbstractProblemLoader Environment load took 173.31ns 
73535      INFO  main            d.u.i.k.p.i.AbstractProblemLoader Creating init config 
76271      DEBUG main            d.u.i.k.p.i.AbstractProblemLoader Init config took 2.74s 
76299      INFO  main            d.u.i.k.p.i.AbstractProblemLoader Replaying proof steam1.key 
76301      DEBUG main            d.u.i.k.p.i.IntermediateProofReplayer Proof replay took 8.2ns 
76808      INFO  main            d.u.i.k.p.r.p.TestFile    ... finished proof: closed. 
77037      INFO  main            d.u.i.k.p.i.AbstractProblemLoader Loading environment from /home/runner/work/key/key/key.core/../key.ui/examples/standard_key/pred_log/steam1.key.proof 
77038      DEBUG main            d.u.i.k.p.i.AbstractProblemLoader Environment load took 1.89ms 
77041      INFO  main            d.u.i.k.p.i.AbstractProblemLoader Creating init config 
79823      DEBUG main            d.u.i.k.p.i.AbstractProblemLoader Init config took 2.78s 
79845      INFO  main            d.u.i.k.p.i.AbstractProblemLoader Replaying proof steam1.key.proof 
79868      DEBUG main            d.u.i.k.p.i.IntermediateProofReplayer Proof replay took 19.41ms 
79870      DEBUG main            d.u.i.k.p.r.p.TestFile    ... success: reloaded. 
79871      INFO  main            d.u.i.k.p.r.p.TestFile    Now processing file /home/runner/work/key/key/key.core/../key.ui/examples/standard_key/pred_log/tptp/PUZ/PUZ001p1.key 
79871      INFO  main            d.u.i.k.p.i.AbstractProblemLoader Loading environment from /home/runner/work/key/key/key.core/../key.ui/examples/standard_key/pred_log/tptp/PUZ/PUZ001p1.key 
79871      DEBUG main            d.u.i.k.p.i.AbstractProblemLoader Environment load took 198.41ns 
79873      INFO  main            d.u.i.k.p.i.AbstractProblemLoader Creating init config 
82635      DEBUG main            d.u.i.k.p.i.AbstractProblemLoader Init config took 2.76s 
82653      INFO  main            d.u.i.k.p.i.AbstractProblemLoader Replaying proof PUZ001p1.key 
82655      DEBUG main            d.u.i.k.p.i.IntermediateProofReplayer Proof replay took 6.7ns 
86096      INFO  main            d.u.i.k.p.r.p.TestFile    ... finished proof: closed. 
86348      INFO  main            d.u.i.k.p.i.AbstractProblemLoader Loading environment from /home/runner/work/key/key/key.core/../key.ui/examples/standard_key/pred_log/tptp/PUZ/PUZ001p1.key.proof 
86352      DEBUG main            d.u.i.k.p.i.AbstractProblemLoader Environment load took 3.97ms 
86354      INFO  main            d.u.i.k.p.i.AbstractProblemLoader Creating init config 
89062      DEBUG main            d.u.i.k.p.i.AbstractProblemLoader Init config took 2.71s 
89102      INFO  main            d.u.i.k.p.i.AbstractProblemLoader Replaying proof PUZ001p1.key.proof 
89241      DEBUG main            d.u.i.k.p.i.IntermediateProofReplayer Proof replay took 131.8ms 
89244      DEBUG main            d.u.i.k.p.r.p.TestFile    ... success: reloaded. 
89244      INFO  main            d.u.i.k.p.r.p.TestFile    Now processing file /home/runner/work/key/key/key.core/../key.ui/examples/standard_key/pred_log/tptp/PUZ/PUZ001p1-eq.key 
89245      INFO  main            d.u.i.k.p.i.AbstractProblemLoader Loading environment from /home/runner/work/key/key/key.core/../key.ui/examples/standard_key/pred_log/tptp/PUZ/PUZ001p1-eq.key 
89245      DEBUG main            d.u.i.k.p.i.AbstractProblemLoader Environment load took 201.41ns 
89246      INFO  main            d.u.i.k.p.i.AbstractProblemLoader Creating init config 
92021      DEBUG main            d.u.i.k.p.i.AbstractProblemLoader Init config took 2.77s 
92043      INFO  main            d.u.i.k.p.i.AbstractProblemLoader Replaying proof PUZ001p1-eq.key 
92045      DEBUG main            d.u.i.k.p.i.IntermediateProofReplayer Proof replay took 8.2ns 
92248      INFO  main            d.u.i.k.p.r.p.TestFile    ... finished proof: closed. 
92517      INFO  main            d.u.i.k.p.i.AbstractProblemLoader Loading environment from /home/runner/work/key/key/key.core/../key.ui/examples/standard_key/pred_log/tptp/PUZ/PUZ001p1-eq.key.proof 
92521      DEBUG main            d.u.i.k.p.i.AbstractProblemLoader Environment load took 4.28ms 
92523      INFO  main            d.u.i.k.p.i.AbstractProblemLoader Creating init config 
95451      DEBUG main            d.u.i.k.p.i.AbstractProblemLoader Init config took 2.93s 
95471      INFO  main            d.u.i.k.p.i.AbstractProblemLoader Replaying proof PUZ001p1-eq.key.proof 
95499      DEBUG main            d.u.i.k.p.i.IntermediateProofReplayer Proof replay took 23.05ms 
95501      DEBUG main            d.u.i.k.p.r.p.TestFile    ... success: reloaded. 
95502      INFO  main            d.u.i.k.p.r.p.TestFile    Now processing file /home/runner/work/key/key/key.core/../key.ui/examples/standard_key/pred_log/tptp/PUZ/PUZ031p1.key 
95502      INFO  main            d.u.i.k.p.i.AbstractProblemLoader Loading environment from /home/runner/work/key/key/key.core/../key.ui/examples/standard_key/pred_log/tptp/PUZ/PUZ031p1.key 
95503      DEBUG main            d.u.i.k.p.i.AbstractProblemLoader Environment load took 202.91ns 
95504      INFO  main            d.u.i.k.p.i.AbstractProblemLoader Creating init config 
98316      DEBUG main            d.u.i.k.p.i.AbstractProblemLoader Init config took 2.81s 
98336      INFO  main            d.u.i.k.p.i.AbstractProblemLoader Replaying proof PUZ031p1.key 
98338      DEBUG main            d.u.i.k.p.i.IntermediateProofReplayer Proof replay took 7.3ns 
108417     INFO  main            d.u.i.k.p.r.p.TestFile    ... finished proof: closed. 
108682     INFO  main            d.u.i.k.p.i.AbstractProblemLoader Loading environment from /home/runner/work/key/key/key.core/../key.ui/examples/standard_key/pred_log/tptp/PUZ/PUZ031p1.key.proof 
108683     DEBUG main            d.u.i.k.p.i.AbstractProblemLoader Environment load took 231.41ns 
108684     INFO  main            d.u.i.k.p.i.AbstractProblemLoader Creating init config 
111394     DEBUG main            d.u.i.k.p.i.AbstractProblemLoader Init config took 2.71s 
111412     INFO  main            d.u.i.k.p.i.AbstractProblemLoader Replaying proof PUZ031p1.key.proof 
111481     DEBUG main            d.u.i.k.p.i.IntermediateProofReplayer Proof replay took 64.96ms 
111483     DEBUG main            d.u.i.k.p.r.p.TestFile    ... success: reloaded. 
111483     INFO  main            d.u.i.k.p.r.p.TestFile    Now processing file /home/runner/work/key/key/key.core/../key.ui/examples/standard_key/pred_log/tptp/SET/SET027p3.key 
111484     INFO  main            d.u.i.k.p.i.AbstractProblemLoader Loading environment from /home/runner/work/key/key/key.core/../key.ui/examples/standard_key/pred_log/tptp/SET/SET027p3.key 
111484     DEBUG main            d.u.i.k.p.i.AbstractProblemLoader Environment load took 106.41ns 
111485     INFO  main            d.u.i.k.p.i.AbstractProblemLoader Creating init config 
114220     DEBUG main            d.u.i.k.p.i.AbstractProblemLoader Init config took 2.74s 
114237     INFO  main            d.u.i.k.p.i.AbstractProblemLoader Replaying proof SET027p3.key 
114238     DEBUG main            d.u.i.k.p.i.IntermediateProofReplayer Proof replay took 7ns 
114341     INFO  main            d.u.i.k.p.r.p.TestFile    ... finished proof: closed. 
114590     INFO  main            d.u.i.k.p.i.AbstractProblemLoader Loading environment from /home/runner/work/key/key/key.core/../key.ui/examples/standard_key/pred_log/tptp/SET/SET027p3.key.proof 
114590     DEBUG main            d.u.i.k.p.i.AbstractProblemLoader Environment load took 132.71ns 
114591     INFO  main            d.u.i.k.p.i.AbstractProblemLoader Creating init config 
117226     DEBUG main            d.u.i.k.p.i.AbstractProblemLoader Init config took 2.63s 
117242     INFO  main            d.u.i.k.p.i.AbstractProblemLoader Replaying proof SET027p3.key.proof 
117249     DEBUG main            d.u.i.k.p.i.IntermediateProofReplayer Proof replay took 5.32ms 
117250     DEBUG main            d.u.i.k.p.r.p.TestFile    ... success: reloaded. 
117251     INFO  main            d.u.i.k.p.r.p.TestFile    Now processing file /home/runner/work/key/key/key.core/../key.ui/examples/standard_key/pred_log/tptp/SET/SET043p1.key 
117251     INFO  main            d.u.i.k.p.i.AbstractProblemLoader Loading environment from /home/runner/work/key/key/key.core/../key.ui/examples/standard_key/pred_log/tptp/SET/SET043p1.key 
117251     DEBUG main            d.u.i.k.p.i.AbstractProblemLoader Environment load took 96.41ns 
117252     INFO  main            d.u.i.k.p.i.AbstractProblemLoader Creating init config 
119888     DEBUG main            d.u.i.k.p.i.AbstractProblemLoader Init config took 2.64s 
119905     INFO  main            d.u.i.k.p.i.AbstractProblemLoader Replaying proof SET043p1.key 
119906     DEBUG main            d.u.i.k.p.i.IntermediateProofReplayer Proof replay took 7.6ns 
120009     INFO  main            d.u.i.k.p.r.p.TestFile    ... finished proof: closed. 
120250     INFO  main            d.u.i.k.p.i.AbstractProblemLoader Loading environment from /home/runner/work/key/key/key.core/../key.ui/examples/standard_key/pred_log/tptp/SET/SET043p1.key.proof 
120250     DEBUG main            d.u.i.k.p.i.AbstractProblemLoader Environment load took 229.71ns 
120251     INFO  main            d.u.i.k.p.i.AbstractProblemLoader Creating init config 
122895     DEBUG main            d.u.i.k.p.i.AbstractProblemLoader Init config took 2.64s 
122914     INFO  main            d.u.i.k.p.i.AbstractProblemLoader Replaying proof SET043p1.key.proof 
122918     DEBUG main            d.u.i.k.p.i.IntermediateProofReplayer Proof replay took 1.47ms 
122920     DEBUG main            d.u.i.k.p.r.p.TestFile    ... success: reloaded. 
122921     INFO  main            d.u.i.k.p.r.p.TestFile    Now processing file /home/runner/work/key/key/key.core/../key.ui/examples/standard_key/pred_log/tptp/SET/SET045p1.key 
122921     INFO  main            d.u.i.k.p.i.AbstractProblemLoader Loading environment from /home/runner/work/key/key/key.core/../key.ui/examples/standard_key/pred_log/tptp/SET/SET045p1.key 
122922     DEBUG main            d.u.i.k.p.i.AbstractProblemLoader Environment load took 198.01ns 
122923     INFO  main            d.u.i.k.p.i.AbstractProblemLoader Creating init config 
125746     DEBUG main            d.u.i.k.p.i.AbstractProblemLoader Init config took 2.82s 
125762     INFO  main            d.u.i.k.p.i.AbstractProblemLoader Replaying proof SET045p1.key 
125763     DEBUG main            d.u.i.k.p.i.IntermediateProofReplayer Proof replay took 8.4ns 
125865     INFO  main            d.u.i.k.p.r.p.TestFile    ... finished proof: closed. 
126127     INFO  main            d.u.i.k.p.i.AbstractProblemLoader Loading environment from /home/runner/work/key/key/key.core/../key.ui/examples/standard_key/pred_log/tptp/SET/SET045p1.key.proof 
126127     DEBUG main            d.u.i.k.p.i.AbstractProblemLoader Environment load took 118.01ns 
126128     INFO  main            d.u.i.k.p.i.AbstractProblemLoader Creating init config 
128771     DEBUG main            d.u.i.k.p.i.AbstractProblemLoader Init config took 2.64s 
128787     INFO  main            d.u.i.k.p.i.AbstractProblemLoader Replaying proof SET045p1.key.proof 
128806     DEBUG main            d.u.i.k.p.i.IntermediateProofReplayer Proof replay took 16.88ms 
128807     DEBUG main            d.u.i.k.p.r.p.TestFile    ... success: reloaded. 
128808     INFO  main            d.u.i.k.p.r.p.TestFile    Now processing file /home/runner/work/key/key/key.core/../key.ui/examples/standard_key/pred_log/tptp/SET/SET062p3.key 
128808     INFO  main            d.u.i.k.p.i.AbstractProblemLoader Loading environment from /home/runner/work/key/key/key.core/../key.ui/examples/standard_key/pred_log/tptp/SET/SET062p3.key 
128808     DEBUG main            d.u.i.k.p.i.AbstractProblemLoader Environment load took 192.41ns 
128809     INFO  main            d.u.i.k.p.i.AbstractProblemLoader Creating init config 
131632     DEBUG main            d.u.i.k.p.i.AbstractProblemLoader Init config took 2.82s 
131650     INFO  main            d.u.i.k.p.i.AbstractProblemLoader Replaying proof SET062p3.key 
131652     DEBUG main            d.u.i.k.p.i.IntermediateProofReplayer Proof replay took 9.7ns 
131755     INFO  main            d.u.i.k.p.r.p.TestFile    ... finished proof: closed. 
132018     INFO  main            d.u.i.k.p.i.AbstractProblemLoader Loading environment from /home/runner/work/key/key/key.core/../key.ui/examples/standard_key/pred_log/tptp/SET/SET062p3.key.proof 
132018     DEBUG main            d.u.i.k.p.i.AbstractProblemLoader Environment load took 120.71ns 
132019     INFO  main            d.u.i.k.p.i.AbstractProblemLoader Creating init config 
134774     DEBUG main            d.u.i.k.p.i.AbstractProblemLoader Init config took 2.75s 
134791     INFO  main            d.u.i.k.p.i.AbstractProblemLoader Replaying proof SET062p3.key.proof 
134797     DEBUG main            d.u.i.k.p.i.IntermediateProofReplayer Proof replay took 4.77ms 
134798     DEBUG main            d.u.i.k.p.r.p.TestFile    ... success: reloaded. 
134798     INFO  main            d.u.i.k.p.r.p.TestFile    Now processing file /home/runner/work/key/key/key.core/../key.ui/examples/standard_key/pred_log/tptp/SET/SET063p3.key 
134799     INFO  main            d.u.i.k.p.i.AbstractProblemLoader Loading environment from /home/runner/work/key/key/key.core/../key.ui/examples/standard_key/pred_log/tptp/SET/SET063p3.key 
134799     DEBUG main            d.u.i.k.p.i.AbstractProblemLoader Environment load took 89.11ns 
134800     INFO  main            d.u.i.k.p.i.AbstractProblemLoader Creating init config 
137611     DEBUG main            d.u.i.k.p.i.AbstractProblemLoader Init config took 2.81s 
137628     INFO  main            d.u.i.k.p.i.AbstractProblemLoader Replaying proof SET063p3.key 
137629     DEBUG main            d.u.i.k.p.i.IntermediateProofReplayer Proof replay took 8ns 
137736     INFO  main            d.u.i.k.p.r.p.TestFile    ... finished proof: closed. 
138014     INFO  main            d.u.i.k.p.i.AbstractProblemLoader Loading environment from /home/runner/work/key/key/key.core/../key.ui/examples/standard_key/pred_log/tptp/SET/SET063p3.key.proof 
138014     DEBUG main            d.u.i.k.p.i.AbstractProblemLoader Environment load took 138.61ns 
138016     INFO  main            d.u.i.k.p.i.AbstractProblemLoader Creating init config 
140690     DEBUG main            d.u.i.k.p.i.AbstractProblemLoader Init config took 2.67s 
140706     INFO  main            d.u.i.k.p.i.AbstractProblemLoader Replaying proof SET063p3.key.proof 
140714     DEBUG main            d.u.i.k.p.i.IntermediateProofReplayer Proof replay took 5.95ms 
140715     DEBUG main            d.u.i.k.p.r.p.TestFile    ... success: reloaded. 
140716     INFO  main            d.u.i.k.p.r.p.TestFile    Now processing file /home/runner/work/key/key/key.core/../key.ui/examples/standard_key/pred_log/tptp/SYN/SYN036p2.key 
140716     INFO  main            d.u.i.k.p.i.AbstractProblemLoader Loading environment from /home/runner/work/key/key/key.core/../key.ui/examples/standard_key/pred_log/tptp/SYN/SYN036p2.key 
140716     DEBUG main            d.u.i.k.p.i.AbstractProblemLoader Environment load took 101.2ns 
140717     INFO  main            d.u.i.k.p.i.AbstractProblemLoader Creating init config 
143455     DEBUG main            d.u.i.k.p.i.AbstractProblemLoader Init config took 2.74s 
143474     INFO  main            d.u.i.k.p.i.AbstractProblemLoader Replaying proof SYN036p2.key 
143475     DEBUG main            d.u.i.k.p.i.IntermediateProofReplayer Proof replay took 8.5ns 
143781     INFO  main            d.u.i.k.p.r.p.TestFile    ... finished proof: closed. 
144085     INFO  main            d.u.i.k.p.i.AbstractProblemLoader Loading environment from /home/runner/work/key/key/key.core/../key.ui/examples/standard_key/pred_log/tptp/SYN/SYN036p2.key.proof 
144085     DEBUG main            d.u.i.k.p.i.AbstractProblemLoader Environment load took 390.62ns 
144087     INFO  main            d.u.i.k.p.i.AbstractProblemLoader Creating init config 
146801     DEBUG main            d.u.i.k.p.i.AbstractProblemLoader Init config took 2.71s 
146817     INFO  main            d.u.i.k.p.i.AbstractProblemLoader Replaying proof SYN036p2.key.proof 
146897     DEBUG main            d.u.i.k.p.i.IntermediateProofReplayer Proof replay took 72.98ms 
146899     DEBUG main            d.u.i.k.p.r.p.TestFile    ... success: reloaded. 
146900     INFO  main            d.u.i.k.p.r.p.TestFile    Now processing file /home/runner/work/key/key/key.core/../key.ui/examples/standard_key/pred_log/tptp/SYN/SYN550p1.key 
146900     INFO  main            d.u.i.k.p.i.AbstractProblemLoader Loading environment from /home/runner/work/key/key/key.core/../key.ui/examples/standard_key/pred_log/tptp/SYN/SYN550p1.key 
146900     DEBUG main            d.u.i.k.p.i.AbstractProblemLoader Environment load took 190.71ns 
146901     INFO  main            d.u.i.k.p.i.AbstractProblemLoader Creating init config 
149627     DEBUG main            d.u.i.k.p.i.AbstractProblemLoader Init config took 2.73s 
149644     INFO  main            d.u.i.k.p.i.AbstractProblemLoader Replaying proof SYN550p1.key 
149645     DEBUG main            d.u.i.k.p.i.IntermediateProofReplayer Proof replay took 8.6ns 
152966     INFO  main            d.u.i.k.p.r.p.TestFile    ... finished proof: closed. 
153263     INFO  main            d.u.i.k.p.i.AbstractProblemLoader Loading environment from /home/runner/work/key/key/key.core/../key.ui/examples/standard_key/pred_log/tptp/SYN/SYN550p1.key.proof 
153263     DEBUG main            d.u.i.k.p.i.AbstractProblemLoader Environment load took 131.11ns 
153264     INFO  main            d.u.i.k.p.i.AbstractProblemLoader Creating init config 
155890     DEBUG main            d.u.i.k.p.i.AbstractProblemLoader Init config took 2.63s 
155918     INFO  main            d.u.i.k.p.i.AbstractProblemLoader Replaying proof SYN550p1.key.proof 
155998     DEBUG main            d.u.i.k.p.i.IntermediateProofReplayer Proof replay took 74.44ms 
156000     DEBUG main            d.u.i.k.p.r.p.TestFile    ... success: reloaded. 
156000     INFO  main            d.u.i.k.p.r.p.TestFile    Now processing file /home/runner/work/key/key/key.core/../key.ui/examples/standard_key/prop_log/reallySimple.key 
156001     INFO  main            d.u.i.k.p.i.AbstractProblemLoader Loading environment from /home/runner/work/key/key/key.core/../key.ui/examples/standard_key/prop_log/reallySimple.key 
156001     DEBUG main            d.u.i.k.p.i.AbstractProblemLoader Environment load took 82.3ns 
156002     INFO  main            d.u.i.k.p.i.AbstractProblemLoader Creating init config 
158710     DEBUG main            d.u.i.k.p.i.AbstractProblemLoader Init config took 2.71s 
158725     INFO  main            d.u.i.k.p.i.AbstractProblemLoader Replaying proof reallySimple.key 
158727     DEBUG main            d.u.i.k.p.i.IntermediateProofReplayer Proof replay took 7.7ns 
158832     INFO  main            d.u.i.k.p.r.p.TestFile    ... finished proof: open goal(s) 
159140     INFO  main            d.u.i.k.p.r.p.TestFile    Now processing file /home/runner/work/key/key/key.core/../key.ui/examples/standard_key/pred_log/sameName1.key 
159141     INFO  main            d.u.i.k.p.i.AbstractProblemLoader Loading environment from /home/runner/work/key/key/key.core/../key.ui/examples/standard_key/pred_log/sameName1.key 
159141     DEBUG main            d.u.i.k.p.i.AbstractProblemLoader Environment load took 69.4ns 
159142     INFO  main            d.u.i.k.p.i.AbstractProblemLoader Creating init config 
161794     DEBUG main            d.u.i.k.p.i.AbstractProblemLoader Init config took 2.65s 
161809     INFO  main            d.u.i.k.p.i.AbstractProblemLoader Replaying proof sameName1.key 
161810     DEBUG main            d.u.i.k.p.i.IntermediateProofReplayer Proof replay took 6.8ns 
161913     INFO  main            d.u.i.k.p.r.p.TestFile    ... finished proof: open goal(s) 
162192     INFO  main            d.u.i.k.p.r.p.TestFile    Now processing file /home/runner/work/key/key/key.core/../key.ui/examples/standard_key/pred_log/jbyteIfEx.key 
162192     INFO  main            d.u.i.k.p.i.AbstractProblemLoader Loading environment from /home/runner/work/key/key/key.core/../key.ui/examples/standard_key/pred_log/jbyteIfEx.key 
162192     DEBUG main            d.u.i.k.p.i.AbstractProblemLoader Environment load took 68.1ns 
162193     INFO  main            d.u.i.k.p.i.AbstractProblemLoader Creating init config 
164875     DEBUG main            d.u.i.k.p.i.AbstractProblemLoader Init config took 2.68s 
164891     INFO  main            d.u.i.k.p.i.AbstractProblemLoader Replaying proof jbyteIfEx.key 
164892     DEBUG main            d.u.i.k.p.i.IntermediateProofReplayer Proof replay took 8ns 
164996     INFO  main            d.u.i.k.p.r.p.TestFile    ... finished proof: closed. 
165292     INFO  main            d.u.i.k.p.i.AbstractProblemLoader Loading environment from /home/runner/work/key/key/key.core/../key.ui/examples/standard_key/pred_log/jbyteIfEx.key.proof 
165292     DEBUG main            d.u.i.k.p.i.AbstractProblemLoader Environment load took 120.91ns 
165293     INFO  main            d.u.i.k.p.i.AbstractProblemLoader Creating init config 
167937     DEBUG main            d.u.i.k.p.i.AbstractProblemLoader Init config took 2.64s 
167952     INFO  main            d.u.i.k.p.i.AbstractProblemLoader Replaying proof jbyteIfEx.key.proof 
167965     DEBUG main            d.u.i.k.p.i.IntermediateProofReplayer Proof replay took 9.65ms 
167966     DEBUG main            d.u.i.k.p.r.p.TestFile    ... success: reloaded. 
167966     INFO  main            d.u.i.k.p.r.p.TestFile    Now processing file /home/runner/work/key/key/key.core/../key.ui/examples/standard_key/prop_log/allClausesLength4.key 
167967     INFO  main            d.u.i.k.p.i.AbstractProblemLoader Loading environment from /home/runner/work/key/key/key.core/../key.ui/examples/standard_key/prop_log/allClausesLength4.key 
167967     DEBUG main            d.u.i.k.p.i.AbstractProblemLoader Environment load took 144.71ns 
167968     INFO  main            d.u.i.k.p.i.AbstractProblemLoader Creating init config 
170687     DEBUG main            d.u.i.k.p.i.AbstractProblemLoader Init config took 2.72s 
170703     INFO  main            d.u.i.k.p.i.AbstractProblemLoader Replaying proof allClausesLength4.key 
170705     DEBUG main            d.u.i.k.p.i.IntermediateProofReplayer Proof replay took 7.3ns 
170807     INFO  main            d.u.i.k.p.r.p.TestFile    ... finished proof: closed. 
171106     INFO  main            d.u.i.k.p.i.AbstractProblemLoader Loading environment from /home/runner/work/key/key/key.core/../key.ui/examples/standard_key/prop_log/allClausesLength4.key.proof 
171106     DEBUG main            d.u.i.k.p.i.AbstractProblemLoader Environment load took 121.41ns 
171108     INFO  main            d.u.i.k.p.i.AbstractProblemLoader Creating init config 
173674     DEBUG main            d.u.i.k.p.i.AbstractProblemLoader Init config took 2.57s 
173690     INFO  main            d.u.i.k.p.i.AbstractProblemLoader Replaying proof allClausesLength4.key.proof 
173704     DEBUG main            d.u.i.k.p.i.IntermediateProofReplayer Proof replay took 12.33ms 
173705     DEBUG main            d.u.i.k.p.r.p.TestFile    ... success: reloaded. 
173706     INFO  main            d.u.i.k.p.r.p.TestFile    Now processing file /home/runner/work/key/key/key.core/../key.ui/examples/standard_key/prop_log/allClausesLength5.key 
173706     INFO  main            d.u.i.k.p.i.AbstractProblemLoader Loading environment from /home/runner/work/key/key/key.core/../key.ui/examples/standard_key/prop_log/allClausesLength5.key 
173706     DEBUG main            d.u.i.k.p.i.AbstractProblemLoader Environment load took 102.31ns 
173708     INFO  main            d.u.i.k.p.i.AbstractProblemLoader Creating init config 
176380     DEBUG main            d.u.i.k.p.i.AbstractProblemLoader Init config took 2.67s 
176397     INFO  main            d.u.i.k.p.i.AbstractProblemLoader Replaying proof allClausesLength5.key 
176400     DEBUG main            d.u.i.k.p.i.IntermediateProofReplayer Proof replay took 7.8ns 
176706     INFO  main            d.u.i.k.p.r.p.TestFile    ... finished proof: closed. 
177053     INFO  main            d.u.i.k.p.i.AbstractProblemLoader Loading environment from /home/runner/work/key/key/key.core/../key.ui/examples/standard_key/prop_log/allClausesLength5.key.proof 
177055     DEBUG main            d.u.i.k.p.i.AbstractProblemLoader Environment load took 1.77ms 
177058     INFO  main            d.u.i.k.p.i.AbstractProblemLoader Creating init config 
179706     DEBUG main            d.u.i.k.p.i.AbstractProblemLoader Init config took 2.65s 
179722     INFO  main            d.u.i.k.p.i.AbstractProblemLoader Replaying proof allClausesLength5.key.proof 
179759     DEBUG main            d.u.i.k.p.i.IntermediateProofReplayer Proof replay took 32.51ms 
179760     DEBUG main            d.u.i.k.p.r.p.TestFile    ... success: reloaded. 
179761     INFO  main            d.u.i.k.p.r.p.TestFile    Now processing file /home/runner/work/key/key/key.core/../key.ui/examples/standard_key/prop_log/doubleNeg.key 
179761     INFO  main            d.u.i.k.p.i.AbstractProblemLoader Loading environment from /home/runner/work/key/key/key.core/../key.ui/examples/standard_key/prop_log/doubleNeg.key 
179761     DEBUG main            d.u.i.k.p.i.AbstractProblemLoader Environment load took 89.41ns 
179762     INFO  main            d.u.i.k.p.i.AbstractProblemLoader Creating init config 
182469     DEBUG main            d.u.i.k.p.i.AbstractProblemLoader Init config took 2.71s 
182483     INFO  main            d.u.i.k.p.i.AbstractProblemLoader Replaying proof doubleNeg.key 
182485     DEBUG main            d.u.i.k.p.i.IntermediateProofReplayer Proof replay took 7.2ns 
182587     INFO  main            d.u.i.k.p.r.p.TestFile    ... finished proof: closed. 
182899     INFO  main            d.u.i.k.p.i.AbstractProblemLoader Loading environment from /home/runner/work/key/key/key.core/../key.ui/examples/standard_key/prop_log/doubleNeg.key.proof 
182900     DEBUG main            d.u.i.k.p.i.AbstractProblemLoader Environment load took 116.21ns 
182901     INFO  main            d.u.i.k.p.i.AbstractProblemLoader Creating init config 
185495     DEBUG main            d.u.i.k.p.i.AbstractProblemLoader Init config took 2.59s 
185515     INFO  main            d.u.i.k.p.i.AbstractProblemLoader Replaying proof doubleNeg.key.proof 
185517     DEBUG main            d.u.i.k.p.i.IntermediateProofReplayer Proof replay took 407.02ns 
185519     DEBUG main            d.u.i.k.p.r.p.TestFile    ... success: reloaded. 
185520     INFO  main            d.u.i.k.p.r.p.TestFile    Now processing file /home/runner/work/key/key/key.core/../key.ui/examples/standard_key/prop_log/liarsville.key 
185520     INFO  main            d.u.i.k.p.i.AbstractProblemLoader Loading environment from /home/runner/work/key/key/key.core/../key.ui/examples/standard_key/prop_log/liarsville.key 
185520     DEBUG main            d.u.i.k.p.i.AbstractProblemLoader Environment load took 178.41ns 
185521     INFO  main            d.u.i.k.p.i.AbstractProblemLoader Creating init config 
188261     DEBUG main            d.u.i.k.p.i.AbstractProblemLoader Init config took 2.74s 
188277     INFO  main            d.u.i.k.p.i.AbstractProblemLoader Replaying proof liarsville.key 
188278     DEBUG main            d.u.i.k.p.i.IntermediateProofReplayer Proof replay took 8.1ns 
188383     INFO  main            d.u.i.k.p.r.p.TestFile    ... finished proof: closed. 
188708     INFO  main            d.u.i.k.p.i.AbstractProblemLoader Loading environment from /home/runner/work/key/key/key.core/../key.ui/examples/standard_key/prop_log/liarsville.key.proof 
188708     DEBUG main            d.u.i.k.p.i.AbstractProblemLoader Environment load took 112.71ns 
188709     INFO  main            d.u.i.k.p.i.AbstractProblemLoader Creating init config 
191469     DEBUG main            d.u.i.k.p.i.AbstractProblemLoader Init config took 2.76s 
191496     INFO  main            d.u.i.k.p.i.AbstractProblemLoader Replaying proof liarsville.key.proof 
191499     DEBUG main            d.u.i.k.p.i.IntermediateProofReplayer Proof replay took 1.16ms 
191500     DEBUG main            d.u.i.k.p.r.p.TestFile    ... success: reloaded. 
191501     INFO  main            d.u.i.k.p.r.p.TestFile    Now processing file /home/runner/work/key/key/key.core/../key.ui/examples/standard_key/prop_log/simplest.key 
191501     INFO  main            d.u.i.k.p.i.AbstractProblemLoader Loading environment from /home/runner/work/key/key/key.core/../key.ui/examples/standard_key/prop_log/simplest.key 
191501     DEBUG main            d.u.i.k.p.i.AbstractProblemLoader Environment load took 91.7ns 
191502     INFO  main            d.u.i.k.p.i.AbstractProblemLoader Creating init config 
194216     DEBUG main            d.u.i.k.p.i.AbstractProblemLoader Init config took 2.71s 
194231     INFO  main            d.u.i.k.p.i.AbstractProblemLoader Replaying proof simplest.key 
194233     DEBUG main            d.u.i.k.p.i.IntermediateProofReplayer Proof replay took 8.6ns 
194335     INFO  main            d.u.i.k.p.r.p.TestFile    ... finished proof: closed. 
194660     INFO  main            d.u.i.k.p.i.AbstractProblemLoader Loading environment from /home/runner/work/key/key/key.core/../key.ui/examples/standard_key/prop_log/simplest.key.proof 
194660     DEBUG main            d.u.i.k.p.i.AbstractProblemLoader Environment load took 115.31ns 
194661     INFO  main            d.u.i.k.p.i.AbstractProblemLoader Creating init config 
197364     DEBUG main            d.u.i.k.p.i.AbstractProblemLoader Init config took 2.7s 
197380     INFO  main            d.u.i.k.p.i.AbstractProblemLoader Replaying proof simplest.key.proof 
197381     DEBUG main            d.u.i.k.p.i.IntermediateProofReplayer Proof replay took 97.2ns 
197382     DEBUG main            d.u.i.k.p.r.p.TestFile    ... success: reloaded. 
197382     INFO  main            d.u.i.k.p.r.p.TestFile    Now processing file /home/runner/work/key/key/key.core/../key.ui/examples/standard_key/prop_log/contraposition.key 
197382     INFO  main            d.u.i.k.p.i.AbstractProblemLoader Loading environment from /home/runner/work/key/key/key.core/../key.ui/examples/standard_key/prop_log/contraposition.key 
197382     DEBUG main            d.u.i.k.p.i.AbstractProblemLoader Environment load took 58.6ns 
197383     INFO  main            d.u.i.k.p.i.AbstractProblemLoader Creating init config 
200166     DEBUG main            d.u.i.k.p.i.AbstractProblemLoader Init config took 2.78s 
200182     INFO  main            d.u.i.k.p.i.AbstractProblemLoader Replaying proof contraposition.key 
200183     DEBUG main            d.u.i.k.p.i.IntermediateProofReplayer Proof replay took 8.5ns 
200285     INFO  main            d.u.i.k.p.r.p.TestFile    ... finished proof: closed. 
200619     INFO  main            d.u.i.k.p.i.AbstractProblemLoader Loading environment from /home/runner/work/key/key/key.core/../key.ui/examples/standard_key/prop_log/contraposition.key.proof 
200619     DEBUG main            d.u.i.k.p.i.AbstractProblemLoader Environment load took 105.01ns 
200620     INFO  main            d.u.i.k.p.i.AbstractProblemLoader Creating init config 
203279     DEBUG main            d.u.i.k.p.i.AbstractProblemLoader Init config took 2.66s 
203294     INFO  main            d.u.i.k.p.i.AbstractProblemLoader Replaying proof contraposition.key.proof 
203296     DEBUG main            d.u.i.k.p.i.IntermediateProofReplayer Proof replay took 537.13ns 
203297     DEBUG main            d.u.i.k.p.r.p.TestFile    ... success: reloaded. 
203298     INFO  main            d.u.i.k.p.r.p.TestFile    Now processing file /home/runner/work/key/key/key.core/../key.ui/examples/standard_key/quantifiers/elimination0.key 
203298     INFO  main            d.u.i.k.p.i.AbstractProblemLoader Loading environment from /home/runner/work/key/key/key.core/../key.ui/examples/standard_key/quantifiers/elimination0.key 
203298     DEBUG main            d.u.i.k.p.i.AbstractProblemLoader Environment load took 59.6ns 
203299     INFO  main            d.u.i.k.p.i.AbstractProblemLoader Creating init config 
206137     DEBUG main            d.u.i.k.p.i.AbstractProblemLoader Init config took 2.84s 
206152     INFO  main            d.u.i.k.p.i.AbstractProblemLoader Replaying proof elimination0.key 
206154     DEBUG main            d.u.i.k.p.i.IntermediateProofReplayer Proof replay took 8.1ns 
206256     INFO  main            d.u.i.k.p.r.p.TestFile    ... finished proof: closed. 
206585     INFO  main            d.u.i.k.p.i.AbstractProblemLoader Loading environment from /home/runner/work/key/key/key.core/../key.ui/examples/standard_key/quantifiers/elimination0.key.proof 
206585     DEBUG main            d.u.i.k.p.i.AbstractProblemLoader Environment load took 107.91ns 
206587     INFO  main            d.u.i.k.p.i.AbstractProblemLoader Creating init config 
209278     DEBUG main            d.u.i.k.p.i.AbstractProblemLoader Init config took 2.69s 
209293     INFO  main            d.u.i.k.p.i.AbstractProblemLoader Replaying proof elimination0.key.proof 
209296     DEBUG main            d.u.i.k.p.i.IntermediateProofReplayer Proof replay took 1.5ms 
209297     DEBUG main            d.u.i.k.p.r.p.TestFile    ... success: reloaded. 
209298     INFO  main            d.u.i.k.p.r.p.TestFile    Now processing file /home/runner/work/key/key/key.core/../key.ui/examples/standard_key/quantifiers/heuristic_PUZ001p1-eq.key 
209298     INFO  main            d.u.i.k.p.i.AbstractProblemLoader Loading environment from /home/runner/work/key/key/key.core/../key.ui/examples/standard_key/quantifiers/heuristic_PUZ001p1-eq.key 
209298     DEBUG main            d.u.i.k.p.i.AbstractProblemLoader Environment load took 76ns 
209299     INFO  main            d.u.i.k.p.i.AbstractProblemLoader Creating init config 
211999     DEBUG main            d.u.i.k.p.i.AbstractProblemLoader Init config took 2.7s 
212016     INFO  main            d.u.i.k.p.i.AbstractProblemLoader Replaying proof heuristic_PUZ001p1-eq.key 
212018     DEBUG main            d.u.i.k.p.i.IntermediateProofReplayer Proof replay took 6.8ns 
212120     INFO  main            d.u.i.k.p.r.p.TestFile    ... finished proof: closed. 
212481     INFO  main            d.u.i.k.p.i.AbstractProblemLoader Loading environment from /home/runner/work/key/key/key.core/../key.ui/examples/standard_key/quantifiers/heuristic_PUZ001p1-eq.key.proof 
212481     DEBUG main            d.u.i.k.p.i.AbstractProblemLoader Environment load took 122.21ns 
212485     INFO  main            d.u.i.k.p.i.AbstractProblemLoader Creating init config 
215131     DEBUG main            d.u.i.k.p.i.AbstractProblemLoader Init config took 2.65s 
215147     INFO  main            d.u.i.k.p.i.AbstractProblemLoader Replaying proof heuristic_PUZ001p1-eq.key.proof 
215159     DEBUG main            d.u.i.k.p.i.IntermediateProofReplayer Proof replay took 10.16ms 
215160     DEBUG main            d.u.i.k.p.r.p.TestFile    ... success: reloaded. 
215161     INFO  main            d.u.i.k.p.r.p.TestFile    Now processing file /home/runner/work/key/key/key.core/../key.ui/examples/standard_key/quantifiers/heuristic_PUZ001p1.key 
215161     INFO  main            d.u.i.k.p.i.AbstractProblemLoader Loading environment from /home/runner/work/key/key/key.core/../key.ui/examples/standard_key/quantifiers/heuristic_PUZ001p1.key 
215161     DEBUG main            d.u.i.k.p.i.AbstractProblemLoader Environment load took 93.31ns 
215163     INFO  main            d.u.i.k.p.i.AbstractProblemLoader Creating init config 
217897     DEBUG main            d.u.i.k.p.i.AbstractProblemLoader Init config took 2.73s 
217914     INFO  main            d.u.i.k.p.i.AbstractProblemLoader Replaying proof heuristic_PUZ001p1.key 
217916     DEBUG main            d.u.i.k.p.i.IntermediateProofReplayer Proof replay took 7.8ns 
219522     INFO  main            d.u.i.k.p.r.p.TestFile    ... finished proof: closed. 
219886     INFO  main            d.u.i.k.p.i.AbstractProblemLoader Loading environment from /home/runner/work/key/key/key.core/../key.ui/examples/standard_key/quantifiers/heuristic_PUZ001p1.key.proof 
219886     DEBUG main            d.u.i.k.p.i.AbstractProblemLoader Environment load took 126.61ns 
219888     INFO  main            d.u.i.k.p.i.AbstractProblemLoader Creating init config 
222510     DEBUG main            d.u.i.k.p.i.AbstractProblemLoader Init config took 2.62s 
222527     INFO  main            d.u.i.k.p.i.AbstractProblemLoader Replaying proof heuristic_PUZ001p1.key.proof 
222580     DEBUG main            d.u.i.k.p.i.IntermediateProofReplayer Proof replay took 49.01ms 
222581     DEBUG main            d.u.i.k.p.r.p.TestFile    ... success: reloaded. 
222582     INFO  main            d.u.i.k.p.r.p.TestFile    Now processing file /home/runner/work/key/key/key.core/../key.ui/examples/standard_key/quantifiers/heuristic_PUZ031p1.key 
222582     INFO  main            d.u.i.k.p.i.AbstractProblemLoader Loading environment from /home/runner/work/key/key/key.core/../key.ui/examples/standard_key/quantifiers/heuristic_PUZ031p1.key 
222583     DEBUG main            d.u.i.k.p.i.AbstractProblemLoader Environment load took 96.21ns 
222584     INFO  main            d.u.i.k.p.i.AbstractProblemLoader Creating init config 
225294     DEBUG main            d.u.i.k.p.i.AbstractProblemLoader Init config took 2.71s 
225311     INFO  main            d.u.i.k.p.i.AbstractProblemLoader Replaying proof heuristic_PUZ031p1.key 
225312     DEBUG main            d.u.i.k.p.i.IntermediateProofReplayer Proof replay took 7.4ns 
230965     INFO  main            d.u.i.k.p.r.p.TestFile    ... finished proof: closed. 
231345     INFO  main            d.u.i.k.p.i.AbstractProblemLoader Loading environment from /home/runner/work/key/key/key.core/../key.ui/examples/standard_key/quantifiers/heuristic_PUZ031p1.key.proof 
231345     DEBUG main            d.u.i.k.p.i.AbstractProblemLoader Environment load took 304.82ns 
231347     INFO  main            d.u.i.k.p.i.AbstractProblemLoader Creating init config 
233918     DEBUG main            d.u.i.k.p.i.AbstractProblemLoader Init config took 2.57s 
233935     INFO  main            d.u.i.k.p.i.AbstractProblemLoader Replaying proof heuristic_PUZ031p1.key.proof 
234009     DEBUG main            d.u.i.k.p.i.IntermediateProofReplayer Proof replay took 57.87ms 
234011     DEBUG main            d.u.i.k.p.r.p.TestFile    ... success: reloaded. 
234012     INFO  main            d.u.i.k.p.r.p.TestFile    Now processing file /home/runner/work/key/key/key.core/../key.ui/examples/standard_key/quantifiers/heuristic_SYN036p2.key 
234013     INFO  main            d.u.i.k.p.i.AbstractProblemLoader Loading environment from /home/runner/work/key/key/key.core/../key.ui/examples/standard_key/quantifiers/heuristic_SYN036p2.key 
234013     DEBUG main            d.u.i.k.p.i.AbstractProblemLoader Environment load took 187.81ns 
234014     INFO  main            d.u.i.k.p.i.AbstractProblemLoader Creating init config 
236773     DEBUG main            d.u.i.k.p.i.AbstractProblemLoader Init config took 2.76s 
236789     INFO  main            d.u.i.k.p.i.AbstractProblemLoader Replaying proof heuristic_SYN036p2.key 
236790     DEBUG main            d.u.i.k.p.i.IntermediateProofReplayer Proof replay took 6.9ns 
237098     INFO  main            d.u.i.k.p.r.p.TestFile    ... finished proof: closed. 
237493     INFO  main            d.u.i.k.p.i.AbstractProblemLoader Loading environment from /home/runner/work/key/key/key.core/../key.ui/examples/standard_key/quantifiers/heuristic_SYN036p2.key.proof 
237493     DEBUG main            d.u.i.k.p.i.AbstractProblemLoader Environment load took 353.12ns 
237495     INFO  main            d.u.i.k.p.i.AbstractProblemLoader Creating init config 
240109     DEBUG main            d.u.i.k.p.i.AbstractProblemLoader Init config took 2.61s 
240136     INFO  main            d.u.i.k.p.i.AbstractProblemLoader Replaying proof heuristic_SYN036p2.key.proof 
240196     DEBUG main            d.u.i.k.p.i.IntermediateProofReplayer Proof replay took 53.62ms 
240197     DEBUG main            d.u.i.k.p.r.p.TestFile    ... success: reloaded. 
240198     INFO  main            d.u.i.k.p.r.p.TestFile    Now processing file /home/runner/work/key/key/key.core/../key.ui/examples/standard_key/quantifiers/injectivity.key 
240198     INFO  main            d.u.i.k.p.i.AbstractProblemLoader Loading environment from /home/runner/work/key/key/key.core/../key.ui/examples/standard_key/quantifiers/injectivity.key 
240198     DEBUG main            d.u.i.k.p.i.AbstractProblemLoader Environment load took 93.91ns 
240199     INFO  main            d.u.i.k.p.i.AbstractProblemLoader Creating init config 
242874     DEBUG main            d.u.i.k.p.i.AbstractProblemLoader Init config took 2.67s 
242889     INFO  main            d.u.i.k.p.i.AbstractProblemLoader Replaying proof injectivity.key 
242890     DEBUG main            d.u.i.k.p.i.IntermediateProofReplayer Proof replay took 7ns 
242992     INFO  main            d.u.i.k.p.r.p.TestFile    ... finished proof: closed. 
243371     INFO  main            d.u.i.k.p.i.AbstractProblemLoader Loading environment from /home/runner/work/key/key/key.core/../key.ui/examples/standard_key/quantifiers/injectivity.key.proof 
243371     DEBUG main            d.u.i.k.p.i.AbstractProblemLoader Environment load took 109.41ns 
243373     INFO  main            d.u.i.k.p.i.AbstractProblemLoader Creating init config 
245992     DEBUG main            d.u.i.k.p.i.AbstractProblemLoader Init config took 2.62s 
246008     INFO  main            d.u.i.k.p.i.AbstractProblemLoader Replaying proof injectivity.key.proof 
246011     DEBUG main            d.u.i.k.p.i.IntermediateProofReplayer Proof replay took 1.99ms 
246012     DEBUG main            d.u.i.k.p.r.p.TestFile    ... success: reloaded. 
246013     INFO  main            d.u.i.k.p.r.p.TestFile    Now processing file /home/runner/work/key/key/key.core/../key.ui/examples/standard_key/quantifiers/normalisation0.key 
246013     INFO  main            d.u.i.k.p.i.AbstractProblemLoader Loading environment from /home/runner/work/key/key/key.core/../key.ui/examples/standard_key/quantifiers/normalisation0.key 
246013     DEBUG main            d.u.i.k.p.i.AbstractProblemLoader Environment load took 105.21ns 
246015     INFO  main            d.u.i.k.p.i.AbstractProblemLoader Creating init config 
248766     DEBUG main            d.u.i.k.p.i.AbstractProblemLoader Init config took 2.75s 
248801     INFO  main            d.u.i.k.p.i.AbstractProblemLoader Replaying proof normalisation0.key 
248802     DEBUG main            d.u.i.k.p.i.IntermediateProofReplayer Proof replay took 7.5ns 
248908     INFO  main            d.u.i.k.p.r.p.TestFile    ... finished proof: closed. 
249284     INFO  main            d.u.i.k.p.i.AbstractProblemLoader Loading environment from /home/runner/work/key/key/key.core/../key.ui/examples/standard_key/quantifiers/normalisation0.key.proof 
249284     DEBUG main            d.u.i.k.p.i.AbstractProblemLoader Environment load took 102.5ns 
249285     INFO  main            d.u.i.k.p.i.AbstractProblemLoader Creating init config 
251900     DEBUG main            d.u.i.k.p.i.AbstractProblemLoader Init config took 2.61s 
251928     INFO  main            d.u.i.k.p.i.AbstractProblemLoader Replaying proof normalisation0.key.proof 
251931     DEBUG main            d.u.i.k.p.i.IntermediateProofReplayer Proof replay took 2.24ms 
251932     DEBUG main            d.u.i.k.p.r.p.TestFile    ... success: reloaded. 
251933     INFO  main            d.u.i.k.p.r.p.TestFile    Now processing file /home/runner/work/key/key/key.core/../key.ui/examples/standard_key/quantifiers/normalisation1.key 
251934     INFO  main            d.u.i.k.p.i.AbstractProblemLoader Loading environment from /home/runner/work/key/key/key.core/../key.ui/examples/standard_key/quantifiers/normalisation1.key 
251934     DEBUG main            d.u.i.k.p.i.AbstractProblemLoader Environment load took 89.11ns 
251935     INFO  main            d.u.i.k.p.i.AbstractProblemLoader Creating init config 
254624     DEBUG main            d.u.i.k.p.i.AbstractProblemLoader Init config took 2.69s 
254642     INFO  main            d.u.i.k.p.i.AbstractProblemLoader Replaying proof normalisation1.key 
254644     DEBUG main            d.u.i.k.p.i.IntermediateProofReplayer Proof replay took 7.5ns 
254750     INFO  main            d.u.i.k.p.r.p.TestFile    ... finished proof: closed. 
255133     INFO  main            d.u.i.k.p.i.AbstractProblemLoader Loading environment from /home/runner/work/key/key/key.core/../key.ui/examples/standard_key/quantifiers/normalisation1.key.proof 
255133     DEBUG main            d.u.i.k.p.i.AbstractProblemLoader Environment load took 103.51ns 
255134     INFO  main            d.u.i.k.p.i.AbstractProblemLoader Creating init config 
257769     DEBUG main            d.u.i.k.p.i.AbstractProblemLoader Init config took 2.63s 
257785     INFO  main            d.u.i.k.p.i.AbstractProblemLoader Replaying proof normalisation1.key.proof 
257790     DEBUG main            d.u.i.k.p.i.IntermediateProofReplayer Proof replay took 3.11ms 
257791     DEBUG main            d.u.i.k.p.r.p.TestFile    ... success: reloaded. 
257792     INFO  main            d.u.i.k.p.r.p.TestFile    Now processing file /home/runner/work/key/key/key.core/../key.ui/examples/standard_key/quantifiers/normalisation2.key 
257792     INFO  main            d.u.i.k.p.i.AbstractProblemLoader Loading environment from /home/runner/work/key/key/key.core/../key.ui/examples/standard_key/quantifiers/normalisation2.key 
257793     DEBUG main            d.u.i.k.p.i.AbstractProblemLoader Environment load took 177.71ns 
257794     INFO  main            d.u.i.k.p.i.AbstractProblemLoader Creating init config 
260448     DEBUG main            d.u.i.k.p.i.AbstractProblemLoader Init config took 2.65s 
260463     INFO  main            d.u.i.k.p.i.AbstractProblemLoader Replaying proof normalisation2.key 
260465     DEBUG main            d.u.i.k.p.i.IntermediateProofReplayer Proof replay took 8.1ns 
260567     INFO  main            d.u.i.k.p.r.p.TestFile    ... finished proof: closed. 
260955     INFO  main            d.u.i.k.p.i.AbstractProblemLoader Loading environment from /home/runner/work/key/key/key.core/../key.ui/examples/standard_key/quantifiers/normalisation2.key.proof 
260956     DEBUG main            d.u.i.k.p.i.AbstractProblemLoader Environment load took 98.41ns 
260957     INFO  main            d.u.i.k.p.i.AbstractProblemLoader Creating init config 
263526     DEBUG main            d.u.i.k.p.i.AbstractProblemLoader Init config took 2.57s 
263542     INFO  main            d.u.i.k.p.i.AbstractProblemLoader Replaying proof normalisation2.key.proof 
263546     DEBUG main            d.u.i.k.p.i.IntermediateProofReplayer Proof replay took 2.49ms 
263546     DEBUG main            d.u.i.k.p.r.p.TestFile    ... success: reloaded. 
263547     INFO  main            d.u.i.k.p.r.p.TestFile    Now processing file /home/runner/work/key/key/key.core/../key.ui/examples/standard_key/quantifiers/normalisation3.key 
263548     INFO  main            d.u.i.k.p.i.AbstractProblemLoader Loading environment from /home/runner/work/key/key/key.core/../key.ui/examples/standard_key/quantifiers/normalisation3.key 
263548     DEBUG main            d.u.i.k.p.i.AbstractProblemLoader Environment load took 124.01ns 
263549     INFO  main            d.u.i.k.p.i.AbstractProblemLoader Creating init config 
266327     DEBUG main            d.u.i.k.p.i.AbstractProblemLoader Init config took 2.78s 
266342     INFO  main            d.u.i.k.p.i.AbstractProblemLoader Replaying proof normalisation3.key 
266344     DEBUG main            d.u.i.k.p.i.IntermediateProofReplayer Proof replay took 8.1ns 
266447     INFO  main            d.u.i.k.p.r.p.TestFile    ... finished proof: closed. 
266845     INFO  main            d.u.i.k.p.i.AbstractProblemLoader Loading environment from /home/runner/work/key/key/key.core/../key.ui/examples/standard_key/quantifiers/normalisation3.key.proof 
266845     DEBUG main            d.u.i.k.p.i.AbstractProblemLoader Environment load took 103.31ns 
266846     INFO  main            d.u.i.k.p.i.AbstractProblemLoader Creating init config 
269513     DEBUG main            d.u.i.k.p.i.AbstractProblemLoader Init config took 2.67s 
269529     INFO  main            d.u.i.k.p.i.AbstractProblemLoader Replaying proof normalisation3.key.proof 
269533     DEBUG main            d.u.i.k.p.i.IntermediateProofReplayer Proof replay took 2.72ms 
269535     DEBUG main            d.u.i.k.p.r.p.TestFile    ... success: reloaded. 
269536     INFO  main            d.u.i.k.p.r.p.TestFile    Now processing file /home/runner/work/key/key/key.core/../key.ui/examples/standard_key/quantifiers/normalisation4.key 
269537     INFO  main            d.u.i.k.p.i.AbstractProblemLoader Loading environment from /home/runner/work/key/key/key.core/../key.ui/examples/standard_key/quantifiers/normalisation4.key 
269537     DEBUG main            d.u.i.k.p.i.AbstractProblemLoader Environment load took 182.81ns 
269538     INFO  main            d.u.i.k.p.i.AbstractProblemLoader Creating init config 
272200     DEBUG main            d.u.i.k.p.i.AbstractProblemLoader Init config took 2.66s 
272216     INFO  main            d.u.i.k.p.i.AbstractProblemLoader Replaying proof normalisation4.key 
272217     DEBUG main            d.u.i.k.p.i.IntermediateProofReplayer Proof replay took 7.2ns 
272319     INFO  main            d.u.i.k.p.r.p.TestFile    ... finished proof: closed. 
272718     INFO  main            d.u.i.k.p.i.AbstractProblemLoader Loading environment from /home/runner/work/key/key/key.core/../key.ui/examples/standard_key/quantifiers/normalisation4.key.proof 
272718     DEBUG main            d.u.i.k.p.i.AbstractProblemLoader Environment load took 98.11ns 
272719     INFO  main            d.u.i.k.p.i.AbstractProblemLoader Creating init config 
275344     DEBUG main            d.u.i.k.p.i.AbstractProblemLoader Init config took 2.62s 
275360     INFO  main            d.u.i.k.p.i.AbstractProblemLoader Replaying proof normalisation4.key.proof 
275367     DEBUG main            d.u.i.k.p.i.IntermediateProofReplayer Proof replay took 5.1ms 
275367     DEBUG main            d.u.i.k.p.r.p.TestFile    ... success: reloaded. 
275368     INFO  main            d.u.i.k.p.r.p.TestFile    Now processing file /home/runner/work/key/key/key.core/../key.ui/examples/standard_key/quantifiers/normalisation5.key 
275369     INFO  main            d.u.i.k.p.i.AbstractProblemLoader Loading environment from /home/runner/work/key/key/key.core/../key.ui/examples/standard_key/quantifiers/normalisation5.key 
275369     DEBUG main            d.u.i.k.p.i.AbstractProblemLoader Environment load took 94.91ns 
275370     INFO  main            d.u.i.k.p.i.AbstractProblemLoader Creating init config 
278046     DEBUG main            d.u.i.k.p.i.AbstractProblemLoader Init config took 2.68s 
278061     INFO  main            d.u.i.k.p.i.AbstractProblemLoader Replaying proof normalisation5.key 
278063     DEBUG main            d.u.i.k.p.i.IntermediateProofReplayer Proof replay took 8.4ns 
278165     INFO  main            d.u.i.k.p.r.p.TestFile    ... finished proof: closed. 
278577     INFO  main            d.u.i.k.p.i.AbstractProblemLoader Loading environment from /home/runner/work/key/key/key.core/../key.ui/examples/standard_key/quantifiers/normalisation5.key.proof 
278577     DEBUG main            d.u.i.k.p.i.AbstractProblemLoader Environment load took 100.91ns 
278578     INFO  main            d.u.i.k.p.i.AbstractProblemLoader Creating init config 
281295     DEBUG main            d.u.i.k.p.i.AbstractProblemLoader Init config took 2.72s 
281310     INFO  main            d.u.i.k.p.i.AbstractProblemLoader Replaying proof normalisation5.key.proof 
281316     DEBUG main            d.u.i.k.p.i.IntermediateProofReplayer Proof replay took 3.93ms 
281317     DEBUG main            d.u.i.k.p.r.p.TestFile    ... success: reloaded. 
281317     INFO  main            d.u.i.k.p.r.p.TestFile    Now processing file /home/runner/work/key/key/key.core/../key.ui/examples/standard_key/quantifiers/normalisation6.key 
281318     INFO  main            d.u.i.k.p.i.AbstractProblemLoader Loading environment from /home/runner/work/key/key/key.core/../key.ui/examples/standard_key/quantifiers/normalisation6.key 
281318     DEBUG main            d.u.i.k.p.i.AbstractProblemLoader Environment load took 262.31ns 
281319     INFO  main            d.u.i.k.p.i.AbstractProblemLoader Creating init config 
283946     DEBUG main            d.u.i.k.p.i.AbstractProblemLoader Init config took 2.63s 
283961     INFO  main            d.u.i.k.p.i.AbstractProblemLoader Replaying proof normalisation6.key 
283962     DEBUG main            d.u.i.k.p.i.IntermediateProofReplayer Proof replay took 7.3ns 
284064     INFO  main            d.u.i.k.p.r.p.TestFile    ... finished proof: closed. 
284487     INFO  main            d.u.i.k.p.i.AbstractProblemLoader Loading environment from /home/runner/work/key/key/key.core/../key.ui/examples/standard_key/quantifiers/normalisation6.key.proof 
284487     DEBUG main            d.u.i.k.p.i.AbstractProblemLoader Environment load took 100.7ns 
284488     INFO  main            d.u.i.k.p.i.AbstractProblemLoader Creating init config 
287199     DEBUG main            d.u.i.k.p.i.AbstractProblemLoader Init config took 2.71s 
287215     INFO  main            d.u.i.k.p.i.AbstractProblemLoader Replaying proof normalisation6.key.proof 
287218     DEBUG main            d.u.i.k.p.i.IntermediateProofReplayer Proof replay took 2.36ms 
287219     DEBUG main            d.u.i.k.p.r.p.TestFile    ... success: reloaded. 
287220     INFO  main            d.u.i.k.p.r.p.TestFile    Now processing file /home/runner/work/key/key/key.core/../key.ui/examples/standard_key/quantifiers/normalisation7.key 
287221     INFO  main            d.u.i.k.p.i.AbstractProblemLoader Loading environment from /home/runner/work/key/key/key.core/../key.ui/examples/standard_key/quantifiers/normalisation7.key 
287221     DEBUG main            d.u.i.k.p.i.AbstractProblemLoader Environment load took 135.51ns 
287222     INFO  main            d.u.i.k.p.i.AbstractProblemLoader Creating init config 
289979     DEBUG main            d.u.i.k.p.i.AbstractProblemLoader Init config took 2.76s 
289995     INFO  main            d.u.i.k.p.i.AbstractProblemLoader Replaying proof normalisation7.key 
290000     DEBUG main            d.u.i.k.p.i.IntermediateProofReplayer Proof replay took 8.4ns 
290104     INFO  main            d.u.i.k.p.r.p.TestFile    ... finished proof: closed. 
290516     INFO  main            d.u.i.k.p.i.AbstractProblemLoader Loading environment from /home/runner/work/key/key/key.core/../key.ui/examples/standard_key/quantifiers/normalisation7.key.proof 
290517     DEBUG main            d.u.i.k.p.i.AbstractProblemLoader Environment load took 106.51ns 
290518     INFO  main            d.u.i.k.p.i.AbstractProblemLoader Creating init config 
293179     DEBUG main            d.u.i.k.p.i.AbstractProblemLoader Init config took 2.66s 
293198     INFO  main            d.u.i.k.p.i.AbstractProblemLoader Replaying proof normalisation7.key.proof 
293202     DEBUG main            d.u.i.k.p.i.IntermediateProofReplayer Proof replay took 2.45ms 
293202     DEBUG main            d.u.i.k.p.r.p.TestFile    ... success: reloaded. 
293203     INFO  main            d.u.i.k.p.r.p.TestFile    Now processing file /home/runner/work/key/key/key.core/../key.ui/examples/standard_key/quantifiers/normalisation8.key 
293203     INFO  main            d.u.i.k.p.i.AbstractProblemLoader Loading environment from /home/runner/work/key/key/key.core/../key.ui/examples/standard_key/quantifiers/normalisation8.key 
293203     DEBUG main            d.u.i.k.p.i.AbstractProblemLoader Environment load took 64.7ns 
293204     INFO  main            d.u.i.k.p.i.AbstractProblemLoader Creating init config 
295922     DEBUG main            d.u.i.k.p.i.AbstractProblemLoader Init config took 2.72s 
295941     INFO  main            d.u.i.k.p.i.AbstractProblemLoader Replaying proof normalisation8.key 
295942     DEBUG main            d.u.i.k.p.i.IntermediateProofReplayer Proof replay took 8.7ns 
296044     INFO  main            d.u.i.k.p.r.p.TestFile    ... finished proof: closed. 
296479     INFO  main            d.u.i.k.p.i.AbstractProblemLoader Loading environment from /home/runner/work/key/key/key.core/../key.ui/examples/standard_key/quantifiers/normalisation8.key.proof 
296479     DEBUG main            d.u.i.k.p.i.AbstractProblemLoader Environment load took 94.11ns 
296480     INFO  main            d.u.i.k.p.i.AbstractProblemLoader Creating init config 
299112     DEBUG main            d.u.i.k.p.i.AbstractProblemLoader Init config took 2.63s 
299128     INFO  main            d.u.i.k.p.i.AbstractProblemLoader Replaying proof normalisation8.key.proof 
299135     DEBUG main            d.u.i.k.p.i.IntermediateProofReplayer Proof replay took 5.28ms 
299136     DEBUG main            d.u.i.k.p.r.p.TestFile    ... success: reloaded. 
299136     INFO  main            d.u.i.k.p.r.p.TestFile    Now processing file /home/runner/work/key/key/key.core/../key.ui/examples/standard_key/quantifiers/normalisation9.key 
299137     INFO  main            d.u.i.k.p.i.AbstractProblemLoader Loading environment from /home/runner/work/key/key/key.core/../key.ui/examples/standard_key/quantifiers/normalisation9.key 
299137     DEBUG main            d.u.i.k.p.i.AbstractProblemLoader Environment load took 86.7ns 
299138     INFO  main            d.u.i.k.p.i.AbstractProblemLoader Creating init config 
301824     DEBUG main            d.u.i.k.p.i.AbstractProblemLoader Init config took 2.69s 
301838     INFO  main            d.u.i.k.p.i.AbstractProblemLoader Replaying proof normalisation9.key 
301840     DEBUG main            d.u.i.k.p.i.IntermediateProofReplayer Proof replay took 6.6ns 
301942     INFO  main            d.u.i.k.p.r.p.TestFile    ... finished proof: closed. 
302389     INFO  main            d.u.i.k.p.i.AbstractProblemLoader Loading environment from /home/runner/work/key/key/key.core/../key.ui/examples/standard_key/quantifiers/normalisation9.key.proof 
302389     DEBUG main            d.u.i.k.p.i.AbstractProblemLoader Environment load took 98.7ns 
302390     INFO  main            d.u.i.k.p.i.AbstractProblemLoader Creating init config 
305074     DEBUG main            d.u.i.k.p.i.AbstractProblemLoader Init config took 2.68s 
305090     INFO  main            d.u.i.k.p.i.AbstractProblemLoader Replaying proof normalisation9.key.proof 
305098     DEBUG main            d.u.i.k.p.i.IntermediateProofReplayer Proof replay took 6.66ms 
305099     DEBUG main            d.u.i.k.p.r.p.TestFile    ... success: reloaded. 
305100     INFO  main            d.u.i.k.p.r.p.TestFile    Now processing file /home/runner/work/key/key/key.core/../key.ui/examples/standard_key/quantifiers/normalisation10.key 
305100     INFO  main            d.u.i.k.p.i.AbstractProblemLoader Loading environment from /home/runner/work/key/key/key.core/../key.ui/examples/standard_key/quantifiers/normalisation10.key 
305101     DEBUG main            d.u.i.k.p.i.AbstractProblemLoader Environment load took 310.32ns 
305102     INFO  main            d.u.i.k.p.i.AbstractProblemLoader Creating init config 
307883     DEBUG main            d.u.i.k.p.i.AbstractProblemLoader Init config took 2.78s 
307898     INFO  main            d.u.i.k.p.i.AbstractProblemLoader Replaying proof normalisation10.key 
307900     DEBUG main            d.u.i.k.p.i.IntermediateProofReplayer Proof replay took 8.1ns 
308003     INFO  main            d.u.i.k.p.r.p.TestFile    ... finished proof: closed. 
308459     INFO  main            d.u.i.k.p.i.AbstractProblemLoader Loading environment from /home/runner/work/key/key/key.core/../key.ui/examples/standard_key/quantifiers/normalisation10.key.proof 
308459     DEBUG main            d.u.i.k.p.i.AbstractProblemLoader Environment load took 99.61ns 
308460     INFO  main            d.u.i.k.p.i.AbstractProblemLoader Creating init config 
311137     DEBUG main            d.u.i.k.p.i.AbstractProblemLoader Init config took 2.68s 
311154     INFO  main            d.u.i.k.p.i.AbstractProblemLoader Replaying proof normalisation10.key.proof 
311162     DEBUG main            d.u.i.k.p.i.IntermediateProofReplayer Proof replay took 5.74ms 
311163     DEBUG main            d.u.i.k.p.r.p.TestFile    ... success: reloaded. 
311164     INFO  main            d.u.i.k.p.r.p.TestFile    Now processing file /home/runner/work/key/key/key.core/../key.ui/examples/standard_key/quantifiers/normalisation12.key 
311164     INFO  main            d.u.i.k.p.i.AbstractProblemLoader Loading environment from /home/runner/work/key/key/key.core/../key.ui/examples/standard_key/quantifiers/normalisation12.key 
311164     DEBUG main            d.u.i.k.p.i.AbstractProblemLoader Environment load took 86.31ns 
311165     INFO  main            d.u.i.k.p.i.AbstractProblemLoader Creating init config 
313881     DEBUG main            d.u.i.k.p.i.AbstractProblemLoader Init config took 2.72s 
313896     INFO  main            d.u.i.k.p.i.AbstractProblemLoader Replaying proof normalisation12.key 
313898     DEBUG main            d.u.i.k.p.i.IntermediateProofReplayer Proof replay took 7.1ns 
314000     INFO  main            d.u.i.k.p.r.p.TestFile    ... finished proof: closed. 
314430     INFO  main            d.u.i.k.p.i.AbstractProblemLoader Loading environment from /home/runner/work/key/key/key.core/../key.ui/examples/standard_key/quantifiers/normalisation12.key.proof 
314430     DEBUG main            d.u.i.k.p.i.AbstractProblemLoader Environment load took 101.91ns 
314431     INFO  main            d.u.i.k.p.i.AbstractProblemLoader Creating init config 
317081     DEBUG main            d.u.i.k.p.i.AbstractProblemLoader Init config took 2.65s 
317096     INFO  main            d.u.i.k.p.i.AbstractProblemLoader Replaying proof normalisation12.key.proof 
317100     DEBUG main            d.u.i.k.p.i.IntermediateProofReplayer Proof replay took 1.51ms 
317101     DEBUG main            d.u.i.k.p.r.p.TestFile    ... success: reloaded. 
317102     INFO  main            d.u.i.k.p.r.p.TestFile    Now processing file /home/runner/work/key/key/key.core/../key.ui/examples/standard_key/quantifiers/normalisation13.key 
317103     INFO  main            d.u.i.k.p.i.AbstractProblemLoader Loading environment from /home/runner/work/key/key/key.core/../key.ui/examples/standard_key/quantifiers/normalisation13.key 
317104     DEBUG main            d.u.i.k.p.i.AbstractProblemLoader Environment load took 948.25ns 
317105     INFO  main            d.u.i.k.p.i.AbstractProblemLoader Creating init config 
319821     DEBUG main            d.u.i.k.p.i.AbstractProblemLoader Init config took 2.72s 
319836     INFO  main            d.u.i.k.p.i.AbstractProblemLoader Replaying proof normalisation13.key 
319838     DEBUG main            d.u.i.k.p.i.IntermediateProofReplayer Proof replay took 6.8ns 
319943     INFO  main            d.u.i.k.p.r.p.TestFile    ... finished proof: closed. 
320406     INFO  main            d.u.i.k.p.i.AbstractProblemLoader Loading environment from /home/runner/work/key/key/key.core/../key.ui/examples/standard_key/quantifiers/normalisation13.key.proof 
320406     DEBUG main            d.u.i.k.p.i.AbstractProblemLoader Environment load took 98.11ns 
320407     INFO  main            d.u.i.k.p.i.AbstractProblemLoader Creating init config 
323039     DEBUG main            d.u.i.k.p.i.AbstractProblemLoader Init config took 2.63s 
323055     INFO  main            d.u.i.k.p.i.AbstractProblemLoader Replaying proof normalisation13.key.proof 
323059     DEBUG main            d.u.i.k.p.i.IntermediateProofReplayer Proof replay took 663.43ns 
323060     DEBUG main            d.u.i.k.p.r.p.TestFile    ... success: reloaded. 
323061     INFO  main            d.u.i.k.p.r.p.TestFile    Now processing file /home/runner/work/key/key/key.core/../key.ui/examples/standard_key/quantifiers/triggers0.key 
323061     INFO  main            d.u.i.k.p.i.AbstractProblemLoader Loading environment from /home/runner/work/key/key/key.core/../key.ui/examples/standard_key/quantifiers/triggers0.key 
323061     DEBUG main            d.u.i.k.p.i.AbstractProblemLoader Environment load took 217.71ns 
323062     INFO  main            d.u.i.k.p.i.AbstractProblemLoader Creating init config 
325789     DEBUG main            d.u.i.k.p.i.AbstractProblemLoader Init config took 2.73s 
325804     INFO  main            d.u.i.k.p.i.AbstractProblemLoader Replaying proof triggers0.key 
325805     DEBUG main            d.u.i.k.p.i.IntermediateProofReplayer Proof replay took 6.8ns 
325907     INFO  main            d.u.i.k.p.r.p.TestFile    ... finished proof: closed. 
326368     INFO  main            d.u.i.k.p.i.AbstractProblemLoader Loading environment from /home/runner/work/key/key/key.core/../key.ui/examples/standard_key/quantifiers/triggers0.key.proof 
326368     DEBUG main            d.u.i.k.p.i.AbstractProblemLoader Environment load took 98.51ns 
326369     INFO  main            d.u.i.k.p.i.AbstractProblemLoader Creating init config 
328995     DEBUG main            d.u.i.k.p.i.AbstractProblemLoader Init config took 2.63s 
329011     INFO  main            d.u.i.k.p.i.AbstractProblemLoader Replaying proof triggers0.key.proof 
329014     DEBUG main            d.u.i.k.p.i.IntermediateProofReplayer Proof replay took 1.67ms 
329015     DEBUG main            d.u.i.k.p.r.p.TestFile    ... success: reloaded. 
4570256    INFO  Test worker     d.u.i.k.p.r.RunAllProofsTestUnit Returning from test FOL 
4570257    INFO  Test worker     d.u.i.k.p.r.RunAllProofsTestUnit Running test strings 
410        INFO  Timeout watchdog d.u.i.k.p.r.p.ForkedTestFileRunner Timeout watcher launched (2000 secs.) 
432        WARN  main            d.u.i.k.s.ProofSettings   The settings in /home/runner/.key/proof-settings.props are *not* read. 
478        INFO  main            d.u.i.k.p.r.p.TestFile    Now processing file /home/runner/work/key/key/key.core/../key.ui/examples/standard_key/strings/charAt0.key 
625        INFO  main            d.u.i.k.p.i.AbstractProblemLoader Loading environment from /home/runner/work/key/key/key.core/../key.ui/examples/standard_key/strings/charAt0.key 
648        DEBUG main            d.u.i.k.p.i.AbstractProblemLoader Environment load took 2.32ms 
961        INFO  main            d.u.i.k.p.i.AbstractProblemLoader Creating init config 
2027       DEBUG main            d.u.i.k.j.TypeConverter   No LDT found for Meta 
2030       DEBUG main            d.u.i.k.j.TypeConverter   No LDT found for Meta 
2032       DEBUG main            d.u.i.k.j.TypeConverter   No LDT found for Meta 
2033       DEBUG main            d.u.i.k.j.TypeConverter   No LDT found for Meta 
3456       DEBUG main            d.u.i.k.j.TypeConverter   No LDT found for JavaBigintExpression 
8632       DEBUG main            d.u.i.k.p.i.AbstractProblemLoader Init config took 7.67s 
8720       INFO  main            d.u.i.k.p.i.AbstractProblemLoader Replaying proof charAt0.key 
8761       DEBUG main            d.u.i.k.p.i.IntermediateProofReplayer Proof replay took 37.7ns 
9241       INFO  main            d.u.i.k.p.r.p.TestFile    ... finished proof: closed. 
9350       INFO  main            d.u.i.k.p.i.AbstractProblemLoader Loading environment from /home/runner/work/key/key/key.core/../key.ui/examples/standard_key/strings/charAt0.key.proof 
9351       DEBUG main            d.u.i.k.p.i.AbstractProblemLoader Environment load took 425.02ns 
9355       INFO  main            d.u.i.k.p.i.AbstractProblemLoader Creating init config 
12346      DEBUG main            d.u.i.k.p.i.AbstractProblemLoader Init config took 2.99s 
12382      INFO  main            d.u.i.k.p.i.AbstractProblemLoader Replaying proof charAt0.key.proof 
12434      DEBUG main            d.u.i.k.p.i.IntermediateProofReplayer Proof replay took 45.08ms 
12449      DEBUG main            d.u.i.k.p.r.p.TestFile    ... success: reloaded. 
12454      INFO  main            d.u.i.k.p.r.p.TestFile    Now processing file /home/runner/work/key/key/key.core/../key.ui/examples/standard_key/strings/charAt1.key 
12455      INFO  main            d.u.i.k.p.i.AbstractProblemLoader Loading environment from /home/runner/work/key/key/key.core/../key.ui/examples/standard_key/strings/charAt1.key 
12456      DEBUG main            d.u.i.k.p.i.AbstractProblemLoader Environment load took 275.51ns 
12459      INFO  main            d.u.i.k.p.i.AbstractProblemLoader Creating init config 
15401      DEBUG main            d.u.i.k.p.i.AbstractProblemLoader Init config took 2.94s 
15432      INFO  main            d.u.i.k.p.i.AbstractProblemLoader Replaying proof charAt1.key 
15435      DEBUG main            d.u.i.k.p.i.IntermediateProofReplayer Proof replay took 7.3ns 
15640      INFO  main            d.u.i.k.p.r.p.TestFile    ... finished proof: closed. 
15814      INFO  main            d.u.i.k.p.i.AbstractProblemLoader Loading environment from /home/runner/work/key/key/key.core/../key.ui/examples/standard_key/strings/charAt1.key.proof 
15816      DEBUG main            d.u.i.k.p.i.AbstractProblemLoader Environment load took 2.09ms 
15819      INFO  main            d.u.i.k.p.i.AbstractProblemLoader Creating init config 
18707      DEBUG main            d.u.i.k.p.i.AbstractProblemLoader Init config took 2.89s 
18736      INFO  main            d.u.i.k.p.i.AbstractProblemLoader Replaying proof charAt1.key.proof 
18760      DEBUG main            d.u.i.k.p.i.IntermediateProofReplayer Proof replay took 20.98ms 
18763      DEBUG main            d.u.i.k.p.r.p.TestFile    ... success: reloaded. 
18765      INFO  main            d.u.i.k.p.r.p.TestFile    Now processing file /home/runner/work/key/key/key.core/../key.ui/examples/standard_key/strings/concat1.key 
18766      INFO  main            d.u.i.k.p.i.AbstractProblemLoader Loading environment from /home/runner/work/key/key/key.core/../key.ui/examples/standard_key/strings/concat1.key 
18766      DEBUG main            d.u.i.k.p.i.AbstractProblemLoader Environment load took 376.22ns 
18768      INFO  main            d.u.i.k.p.i.AbstractProblemLoader Creating init config 
21752      DEBUG main            d.u.i.k.p.i.AbstractProblemLoader Init config took 2.98s 
21777      INFO  main            d.u.i.k.p.i.AbstractProblemLoader Replaying proof concat1.key 
21779      DEBUG main            d.u.i.k.p.i.IntermediateProofReplayer Proof replay took 7.6ns 
21882      INFO  main            d.u.i.k.p.r.p.TestFile    ... finished proof: closed. 
22038      INFO  main            d.u.i.k.p.i.AbstractProblemLoader Loading environment from /home/runner/work/key/key/key.core/../key.ui/examples/standard_key/strings/concat1.key.proof 
22038      DEBUG main            d.u.i.k.p.i.AbstractProblemLoader Environment load took 148.91ns 
22042      INFO  main            d.u.i.k.p.i.AbstractProblemLoader Creating init config 
24820      DEBUG main            d.u.i.k.p.i.AbstractProblemLoader Init config took 2.78s 
24843      INFO  main            d.u.i.k.p.i.AbstractProblemLoader Replaying proof concat1.key.proof 
24846      DEBUG main            d.u.i.k.p.i.IntermediateProofReplayer Proof replay took 1.5ms 
24847      DEBUG main            d.u.i.k.p.r.p.TestFile    ... success: reloaded. 
24848      INFO  main            d.u.i.k.p.r.p.TestFile    Now processing file /home/runner/work/key/key/key.core/../key.ui/examples/standard_key/strings/concat2.key 
24848      INFO  main            d.u.i.k.p.i.AbstractProblemLoader Loading environment from /home/runner/work/key/key/key.core/../key.ui/examples/standard_key/strings/concat2.key 
24848      DEBUG main            d.u.i.k.p.i.AbstractProblemLoader Environment load took 91.91ns 
24849      INFO  main            d.u.i.k.p.i.AbstractProblemLoader Creating init config 
27582      DEBUG main            d.u.i.k.p.i.AbstractProblemLoader Init config took 2.73s 
27605      INFO  main            d.u.i.k.p.i.AbstractProblemLoader Replaying proof concat2.key 
27607      DEBUG main            d.u.i.k.p.i.IntermediateProofReplayer Proof replay took 7.1ns 
27710      INFO  main            d.u.i.k.p.r.p.TestFile    ... finished proof: closed. 
27971      INFO  main            d.u.i.k.p.i.AbstractProblemLoader Loading environment from /home/runner/work/key/key/key.core/../key.ui/examples/standard_key/strings/concat2.key.proof 
27971      DEBUG main            d.u.i.k.p.i.AbstractProblemLoader Environment load took 134.31ns 
27972      INFO  main            d.u.i.k.p.i.AbstractProblemLoader Creating init config 
30725      DEBUG main            d.u.i.k.p.i.AbstractProblemLoader Init config took 2.75s 
30748      INFO  main            d.u.i.k.p.i.AbstractProblemLoader Replaying proof concat2.key.proof 
30761      DEBUG main            d.u.i.k.p.i.IntermediateProofReplayer Proof replay took 11.1ms 
30762      DEBUG main            d.u.i.k.p.r.p.TestFile    ... success: reloaded. 
30763      INFO  main            d.u.i.k.p.r.p.TestFile    Now processing file /home/runner/work/key/key/key.core/../key.ui/examples/standard_key/strings/deriveLength1.key 
30763      INFO  main            d.u.i.k.p.i.AbstractProblemLoader Loading environment from /home/runner/work/key/key/key.core/../key.ui/examples/standard_key/strings/deriveLength1.key 
30763      DEBUG main            d.u.i.k.p.i.AbstractProblemLoader Environment load took 113.91ns 
30764      INFO  main            d.u.i.k.p.i.AbstractProblemLoader Creating init config 
33506      DEBUG main            d.u.i.k.p.i.AbstractProblemLoader Init config took 2.74s 
33527      INFO  main            d.u.i.k.p.i.AbstractProblemLoader Replaying proof deriveLength1.key 
33529      DEBUG main            d.u.i.k.p.i.IntermediateProofReplayer Proof replay took 6.4ns 
33634      INFO  main            d.u.i.k.p.r.p.TestFile    ... finished proof: closed. 
33844      INFO  main            d.u.i.k.p.i.AbstractProblemLoader Loading environment from /home/runner/work/key/key/key.core/../key.ui/examples/standard_key/strings/deriveLength1.key.proof 
33846      DEBUG main            d.u.i.k.p.i.AbstractProblemLoader Environment load took 1.33ms 
33847      INFO  main            d.u.i.k.p.i.AbstractProblemLoader Creating init config 
36620      DEBUG main            d.u.i.k.p.i.AbstractProblemLoader Init config took 2.77s 
36642      INFO  main            d.u.i.k.p.i.AbstractProblemLoader Replaying proof deriveLength1.key.proof 
36664      DEBUG main            d.u.i.k.p.i.IntermediateProofReplayer Proof replay took 19.65ms 
36668      DEBUG main            d.u.i.k.p.r.p.TestFile    ... success: reloaded. 
36669      INFO  main            d.u.i.k.p.r.p.TestFile    Now processing file /home/runner/work/key/key/key.core/../key.ui/examples/standard_key/strings/emptyStringLengthZero.key 
36669      INFO  main            d.u.i.k.p.i.AbstractProblemLoader Loading environment from /home/runner/work/key/key/key.core/../key.ui/examples/standard_key/strings/emptyStringLengthZero.key 
36670      DEBUG main            d.u.i.k.p.i.AbstractProblemLoader Environment load took 527.53ns 
36671      INFO  main            d.u.i.k.p.i.AbstractProblemLoader Creating init config 
39523      DEBUG main            d.u.i.k.p.i.AbstractProblemLoader Init config took 2.85s 
39550      INFO  main            d.u.i.k.p.i.AbstractProblemLoader Replaying proof emptyStringLengthZero.key 
39553      DEBUG main            d.u.i.k.p.i.IntermediateProofReplayer Proof replay took 9.4ns 
39656      INFO  main            d.u.i.k.p.r.p.TestFile    ... finished proof: closed. 
39835      INFO  main            d.u.i.k.p.i.AbstractProblemLoader Loading environment from /home/runner/work/key/key/key.core/../key.ui/examples/standard_key/strings/emptyStringLengthZero.key.proof 
39836      DEBUG main            d.u.i.k.p.i.AbstractProblemLoader Environment load took 513.73ns 
39837      INFO  main            d.u.i.k.p.i.AbstractProblemLoader Creating init config 
42613      DEBUG main            d.u.i.k.p.i.AbstractProblemLoader Init config took 2.78s 
42635      INFO  main            d.u.i.k.p.i.AbstractProblemLoader Replaying proof emptyStringLengthZero.key.proof 
42641      DEBUG main            d.u.i.k.p.i.IntermediateProofReplayer Proof replay took 3.54ms 
42642      DEBUG main            d.u.i.k.p.r.p.TestFile    ... success: reloaded. 
42642      INFO  main            d.u.i.k.p.r.p.TestFile    Now processing file /home/runner/work/key/key/key.core/../key.ui/examples/standard_key/strings/implicitBooleanStringConversion.key 
42643      INFO  main            d.u.i.k.p.i.AbstractProblemLoader Loading environment from /home/runner/work/key/key/key.core/../key.ui/examples/standard_key/strings/implicitBooleanStringConversion.key 
42643      DEBUG main            d.u.i.k.p.i.AbstractProblemLoader Environment load took 196.71ns 
42644      INFO  main            d.u.i.k.p.i.AbstractProblemLoader Creating init config 
45478      DEBUG main            d.u.i.k.p.i.AbstractProblemLoader Init config took 2.83s 
45502      INFO  main            d.u.i.k.p.i.AbstractProblemLoader Replaying proof implicitBooleanStringConversion.key 
45504      DEBUG main            d.u.i.k.p.i.IntermediateProofReplayer Proof replay took 8.9ns 
46414      INFO  main            d.u.i.k.p.r.p.TestFile    ... finished proof: closed. 
46644      INFO  main            d.u.i.k.p.i.AbstractProblemLoader Loading environment from /home/runner/work/key/key/key.core/../key.ui/examples/standard_key/strings/implicitBooleanStringConversion.key.proof 
46644      DEBUG main            d.u.i.k.p.i.AbstractProblemLoader Environment load took 143.71ns 
46647      INFO  main            d.u.i.k.p.i.AbstractProblemLoader Creating init config 
49409      DEBUG main            d.u.i.k.p.i.AbstractProblemLoader Init config took 2.76s 
49438      INFO  main            d.u.i.k.p.i.AbstractProblemLoader Replaying proof implicitBooleanStringConversion.key.proof 
49573      DEBUG main            d.u.i.k.p.i.IntermediateProofReplayer Proof replay took 128.45ms 
49574      DEBUG main            d.u.i.k.p.r.p.TestFile    ... success: reloaded. 
49575      INFO  main            d.u.i.k.p.r.p.TestFile    Now processing file /home/runner/work/key/key/key.core/../key.ui/examples/standard_key/strings/implicitBooleanStringConversion2.key 
49575      INFO  main            d.u.i.k.p.i.AbstractProblemLoader Loading environment from /home/runner/work/key/key/key.core/../key.ui/examples/standard_key/strings/implicitBooleanStringConversion2.key 
49575      DEBUG main            d.u.i.k.p.i.AbstractProblemLoader Environment load took 105.21ns 
49576      INFO  main            d.u.i.k.p.i.AbstractProblemLoader Creating init config 
52321      DEBUG main            d.u.i.k.p.i.AbstractProblemLoader Init config took 2.74s 
52344      INFO  main            d.u.i.k.p.i.AbstractProblemLoader Replaying proof implicitBooleanStringConversion2.key 
52346      DEBUG main            d.u.i.k.p.i.IntermediateProofReplayer Proof replay took 7.1ns 
52649      INFO  main            d.u.i.k.p.r.p.TestFile    ... finished proof: closed. 
52867      INFO  main            d.u.i.k.p.i.AbstractProblemLoader Loading environment from /home/runner/work/key/key/key.core/../key.ui/examples/standard_key/strings/implicitBooleanStringConversion2.key.proof 
52867      DEBUG main            d.u.i.k.p.i.AbstractProblemLoader Environment load took 288.92ns 
52869      INFO  main            d.u.i.k.p.i.AbstractProblemLoader Creating init config 
55512      DEBUG main            d.u.i.k.p.i.AbstractProblemLoader Init config took 2.64s 
55550      INFO  main            d.u.i.k.p.i.AbstractProblemLoader Replaying proof implicitBooleanStringConversion2.key.proof 
55606      DEBUG main            d.u.i.k.p.i.IntermediateProofReplayer Proof replay took 50.82ms 
55609      DEBUG main            d.u.i.k.p.r.p.TestFile    ... success: reloaded. 
55610      INFO  main            d.u.i.k.p.r.p.TestFile    Now processing file /home/runner/work/key/key/key.core/../key.ui/examples/standard_key/strings/implicitIntStringConversion.key 
55612      INFO  main            d.u.i.k.p.i.AbstractProblemLoader Loading environment from /home/runner/work/key/key/key.core/../key.ui/examples/standard_key/strings/implicitIntStringConversion.key 
55613      DEBUG main            d.u.i.k.p.i.AbstractProblemLoader Environment load took 178.61ns 
55614      INFO  main            d.u.i.k.p.i.AbstractProblemLoader Creating init config 
58358      DEBUG main            d.u.i.k.p.i.AbstractProblemLoader Init config took 2.74s 
58381      INFO  main            d.u.i.k.p.i.AbstractProblemLoader Replaying proof implicitIntStringConversion.key 
58383      DEBUG main            d.u.i.k.p.i.IntermediateProofReplayer Proof replay took 8.2ns 
59107      INFO  main            d.u.i.k.p.r.p.TestFile    ... finished proof: closed. 
59392      INFO  main            d.u.i.k.p.i.AbstractProblemLoader Loading environment from /home/runner/work/key/key/key.core/../key.ui/examples/standard_key/strings/implicitIntStringConversion.key.proof 
59397      DEBUG main            d.u.i.k.p.i.AbstractProblemLoader Environment load took 4.89ms 
59398      INFO  main            d.u.i.k.p.i.AbstractProblemLoader Creating init config 
62298      DEBUG main            d.u.i.k.p.i.AbstractProblemLoader Init config took 2.9s 
62322      INFO  main            d.u.i.k.p.i.AbstractProblemLoader Replaying proof implicitIntStringConversion.key.proof 
62402      DEBUG main            d.u.i.k.p.i.IntermediateProofReplayer Proof replay took 73.57ms 
62403      DEBUG main            d.u.i.k.p.r.p.TestFile    ... success: reloaded. 
62404      INFO  main            d.u.i.k.p.r.p.TestFile    Now processing file /home/runner/work/key/key/key.core/../key.ui/examples/standard_key/strings/implicitNullStringConversion.key 
62405      INFO  main            d.u.i.k.p.i.AbstractProblemLoader Loading environment from /home/runner/work/key/key/key.core/../key.ui/examples/standard_key/strings/implicitNullStringConversion.key 
62405      DEBUG main            d.u.i.k.p.i.AbstractProblemLoader Environment load took 197.51ns 
62406      INFO  main            d.u.i.k.p.i.AbstractProblemLoader Creating init config 
65295      DEBUG main            d.u.i.k.p.i.AbstractProblemLoader Init config took 2.89s 
65318      INFO  main            d.u.i.k.p.i.AbstractProblemLoader Replaying proof implicitNullStringConversion.key 
65320      DEBUG main            d.u.i.k.p.i.IntermediateProofReplayer Proof replay took 8ns 
65623      INFO  main            d.u.i.k.p.r.p.TestFile    ... finished proof: closed. 
65883      INFO  main            d.u.i.k.p.i.AbstractProblemLoader Loading environment from /home/runner/work/key/key/key.core/../key.ui/examples/standard_key/strings/implicitNullStringConversion.key.proof 
65884      DEBUG main            d.u.i.k.p.i.AbstractProblemLoader Environment load took 130.21ns 
65885      INFO  main            d.u.i.k.p.i.AbstractProblemLoader Creating init config 
68577      DEBUG main            d.u.i.k.p.i.AbstractProblemLoader Init config took 2.69s 
68600      INFO  main            d.u.i.k.p.i.AbstractProblemLoader Replaying proof implicitNullStringConversion.key.proof 
68639      DEBUG main            d.u.i.k.p.i.IntermediateProofReplayer Proof replay took 34.93ms 
68640      DEBUG main            d.u.i.k.p.r.p.TestFile    ... success: reloaded. 
68641      INFO  main            d.u.i.k.p.r.p.TestFile    Now processing file /home/runner/work/key/key/key.core/../key.ui/examples/standard_key/strings/implicitNullStringConversion2.key 
68641      INFO  main            d.u.i.k.p.i.AbstractProblemLoader Loading environment from /home/runner/work/key/key/key.core/../key.ui/examples/standard_key/strings/implicitNullStringConversion2.key 
68641      DEBUG main            d.u.i.k.p.i.AbstractProblemLoader Environment load took 186.31ns 
68642      INFO  main            d.u.i.k.p.i.AbstractProblemLoader Creating init config 
71346      DEBUG main            d.u.i.k.p.i.AbstractProblemLoader Init config took 2.7s 
71365      INFO  main            d.u.i.k.p.i.AbstractProblemLoader Replaying proof implicitNullStringConversion2.key 
71367      DEBUG main            d.u.i.k.p.i.IntermediateProofReplayer Proof replay took 7.3ns 
71570      INFO  main            d.u.i.k.p.r.p.TestFile    ... finished proof: closed. 
71830      INFO  main            d.u.i.k.p.i.AbstractProblemLoader Loading environment from /home/runner/work/key/key/key.core/../key.ui/examples/standard_key/strings/implicitNullStringConversion2.key.proof 
71830      DEBUG main            d.u.i.k.p.i.AbstractProblemLoader Environment load took 124.91ns 
71831      INFO  main            d.u.i.k.p.i.AbstractProblemLoader Creating init config 
74458      DEBUG main            d.u.i.k.p.i.AbstractProblemLoader Init config took 2.63s 
74479      INFO  main            d.u.i.k.p.i.AbstractProblemLoader Replaying proof implicitNullStringConversion2.key.proof 
74507      DEBUG main            d.u.i.k.p.i.IntermediateProofReplayer Proof replay took 25.53ms 
74509      DEBUG main            d.u.i.k.p.r.p.TestFile    ... success: reloaded. 
74510      INFO  main            d.u.i.k.p.r.p.TestFile    Now processing file /home/runner/work/key/key/key.core/../key.ui/examples/standard_key/strings/implicitObjectStringConversion.key 
74510      INFO  main            d.u.i.k.p.i.AbstractProblemLoader Loading environment from /home/runner/work/key/key/key.core/../key.ui/examples/standard_key/strings/implicitObjectStringConversion.key 
74510      DEBUG main            d.u.i.k.p.i.AbstractProblemLoader Environment load took 226.11ns 
74512      INFO  main            d.u.i.k.p.i.AbstractProblemLoader Creating init config 
77504      DEBUG main            d.u.i.k.p.i.AbstractProblemLoader Init config took 2.99s 
77524      INFO  main            d.u.i.k.p.i.AbstractProblemLoader Replaying proof implicitObjectStringConversion.key 
77526      DEBUG main            d.u.i.k.p.i.IntermediateProofReplayer Proof replay took 7.2ns 
78064      INFO  main            d.u.i.k.p.r.p.TestFile    ... finished proof: closed. 
78295      INFO  main            d.u.i.k.p.i.AbstractProblemLoader Loading environment from /home/runner/work/key/key/key.core/../key.ui/examples/standard_key/strings/implicitObjectStringConversion.key.proof 
78296      DEBUG main            d.u.i.k.p.i.AbstractProblemLoader Environment load took 541.03ns 
78297      INFO  main            d.u.i.k.p.i.AbstractProblemLoader Creating init config 
81423      DEBUG main            d.u.i.k.p.i.AbstractProblemLoader Init config took 3.13s 
81445      INFO  main            d.u.i.k.p.i.AbstractProblemLoader Replaying proof implicitObjectStringConversion.key.proof 
81505      DEBUG main            d.u.i.k.p.i.IntermediateProofReplayer Proof replay took 56.51ms 
81506      DEBUG main            d.u.i.k.p.r.p.TestFile    ... success: reloaded. 
81507      INFO  main            d.u.i.k.p.r.p.TestFile    Now processing file /home/runner/work/key/key/key.core/../key.ui/examples/standard_key/strings/literalEquality.key 
81508      INFO  main            d.u.i.k.p.i.AbstractProblemLoader Loading environment from /home/runner/work/key/key/key.core/../key.ui/examples/standard_key/strings/literalEquality.key 
81508      DEBUG main            d.u.i.k.p.i.AbstractProblemLoader Environment load took 165.61ns 
81509      INFO  main            d.u.i.k.p.i.AbstractProblemLoader Creating init config 
84119      DEBUG main            d.u.i.k.p.i.AbstractProblemLoader Init config took 2.61s 
84136      INFO  main            d.u.i.k.p.i.AbstractProblemLoader Replaying proof literalEquality.key 
84138      DEBUG main            d.u.i.k.p.i.IntermediateProofReplayer Proof replay took 7.2ns 
84240      INFO  main            d.u.i.k.p.r.p.TestFile    ... finished proof: closed. 
84456      INFO  main            d.u.i.k.p.i.AbstractProblemLoader Loading environment from /home/runner/work/key/key/key.core/../key.ui/examples/standard_key/strings/literalEquality.key.proof 
84457      DEBUG main            d.u.i.k.p.i.AbstractProblemLoader Environment load took 119.11ns 
84458      INFO  main            d.u.i.k.p.i.AbstractProblemLoader Creating init config 
87000      DEBUG main            d.u.i.k.p.i.AbstractProblemLoader Init config took 2.54s 
87017      INFO  main            d.u.i.k.p.i.AbstractProblemLoader Replaying proof literalEquality.key.proof 
87021      DEBUG main            d.u.i.k.p.i.IntermediateProofReplayer Proof replay took 2.43ms 
87022      DEBUG main            d.u.i.k.p.r.p.TestFile    ... success: reloaded. 
87023      INFO  main            d.u.i.k.p.r.p.TestFile    Now processing file /home/runner/work/key/key/key.core/../key.ui/examples/standard_key/strings/replace0.key 
87023      INFO  main            d.u.i.k.p.i.AbstractProblemLoader Loading environment from /home/runner/work/key/key/key.core/../key.ui/examples/standard_key/strings/replace0.key 
87023      DEBUG main            d.u.i.k.p.i.AbstractProblemLoader Environment load took 85.61ns 
87024      INFO  main            d.u.i.k.p.i.AbstractProblemLoader Creating init config 
89531      DEBUG main            d.u.i.k.p.i.AbstractProblemLoader Init config took 2.51s 
89547      INFO  main            d.u.i.k.p.i.AbstractProblemLoader Replaying proof replace0.key 
89548      DEBUG main            d.u.i.k.p.i.IntermediateProofReplayer Proof replay took 5.5ns 
89654      INFO  main            d.u.i.k.p.r.p.TestFile    ... finished proof: closed. 
89877      INFO  main            d.u.i.k.p.i.AbstractProblemLoader Loading environment from /home/runner/work/key/key/key.core/../key.ui/examples/standard_key/strings/replace0.key.proof 
89877      DEBUG main            d.u.i.k.p.i.AbstractProblemLoader Environment load took 114.21ns 
89879      INFO  main            d.u.i.k.p.i.AbstractProblemLoader Creating init config 
92327      DEBUG main            d.u.i.k.p.i.AbstractProblemLoader Init config took 2.45s 
92344      INFO  main            d.u.i.k.p.i.AbstractProblemLoader Replaying proof replace0.key.proof 
92351      DEBUG main            d.u.i.k.p.i.IntermediateProofReplayer Proof replay took 4.55ms 
92352      DEBUG main            d.u.i.k.p.r.p.TestFile    ... success: reloaded. 
92352      INFO  main            d.u.i.k.p.r.p.TestFile    Now processing file /home/runner/work/key/key/key.core/../key.ui/examples/standard_key/strings/replace1.key 
92353      INFO  main            d.u.i.k.p.i.AbstractProblemLoader Loading environment from /home/runner/work/key/key/key.core/../key.ui/examples/standard_key/strings/replace1.key 
92353      DEBUG main            d.u.i.k.p.i.AbstractProblemLoader Environment load took 182.81ns 
92354      INFO  main            d.u.i.k.p.i.AbstractProblemLoader Creating init config 
94925      DEBUG main            d.u.i.k.p.i.AbstractProblemLoader Init config took 2.57s 
94942      INFO  main            d.u.i.k.p.i.AbstractProblemLoader Replaying proof replace1.key 
94943      DEBUG main            d.u.i.k.p.i.IntermediateProofReplayer Proof replay took 8ns 
95047      INFO  main            d.u.i.k.p.r.p.TestFile    ... finished proof: closed. 
95279      INFO  main            d.u.i.k.p.i.AbstractProblemLoader Loading environment from /home/runner/work/key/key/key.core/../key.ui/examples/standard_key/strings/replace1.key.proof 
95279      DEBUG main            d.u.i.k.p.i.AbstractProblemLoader Environment load took 163.11ns 
95281      INFO  main            d.u.i.k.p.i.AbstractProblemLoader Creating init config 
97804      DEBUG main            d.u.i.k.p.i.AbstractProblemLoader Init config took 2.52s 
97820      INFO  main            d.u.i.k.p.i.AbstractProblemLoader Replaying proof replace1.key.proof 
97828      DEBUG main            d.u.i.k.p.i.IntermediateProofReplayer Proof replay took 6.79ms 
97829      DEBUG main            d.u.i.k.p.r.p.TestFile    ... success: reloaded. 
97830      INFO  main            d.u.i.k.p.r.p.TestFile    Now processing file /home/runner/work/key/key/key.core/../key.ui/examples/standard_key/strings/simpleAssignment.key 
97830      INFO  main            d.u.i.k.p.i.AbstractProblemLoader Loading environment from /home/runner/work/key/key/key.core/../key.ui/examples/standard_key/strings/simpleAssignment.key 
97831      DEBUG main            d.u.i.k.p.i.AbstractProblemLoader Environment load took 191.11ns 
97832      INFO  main            d.u.i.k.p.i.AbstractProblemLoader Creating init config 
100544     DEBUG main            d.u.i.k.p.i.AbstractProblemLoader Init config took 2.71s 
100564     INFO  main            d.u.i.k.p.i.AbstractProblemLoader Replaying proof simpleAssignment.key 
100566     DEBUG main            d.u.i.k.p.i.IntermediateProofReplayer Proof replay took 8.8ns 
100668     INFO  main            d.u.i.k.p.r.p.TestFile    ... finished proof: closed. 
100983     INFO  main            d.u.i.k.p.i.AbstractProblemLoader Loading environment from /home/runner/work/key/key/key.core/../key.ui/examples/standard_key/strings/simpleAssignment.key.proof 
100983     DEBUG main            d.u.i.k.p.i.AbstractProblemLoader Environment load took 128.51ns 
100984     INFO  main            d.u.i.k.p.i.AbstractProblemLoader Creating init config 
103596     DEBUG main            d.u.i.k.p.i.AbstractProblemLoader Init config took 2.61s 
103613     INFO  main            d.u.i.k.p.i.AbstractProblemLoader Replaying proof simpleAssignment.key.proof 
103616     DEBUG main            d.u.i.k.p.i.IntermediateProofReplayer Proof replay took 1.45ms 
103617     DEBUG main            d.u.i.k.p.r.p.TestFile    ... success: reloaded. 
103618     INFO  main            d.u.i.k.p.r.p.TestFile    Now processing file /home/runner/work/key/key/key.core/../key.ui/examples/standard_key/strings/simpleLengthComp.key 
103618     INFO  main            d.u.i.k.p.i.AbstractProblemLoader Loading environment from /home/runner/work/key/key/key.core/../key.ui/examples/standard_key/strings/simpleLengthComp.key 
103618     DEBUG main            d.u.i.k.p.i.AbstractProblemLoader Environment load took 187.11ns 
103620     INFO  main            d.u.i.k.p.i.AbstractProblemLoader Creating init config 
106188     DEBUG main            d.u.i.k.p.i.AbstractProblemLoader Init config took 2.57s 
106204     INFO  main            d.u.i.k.p.i.AbstractProblemLoader Replaying proof simpleLengthComp.key 
106207     DEBUG main            d.u.i.k.p.i.IntermediateProofReplayer Proof replay took 7.4ns 
106409     INFO  main            d.u.i.k.p.r.p.TestFile    ... finished proof: closed. 
106658     INFO  main            d.u.i.k.p.i.AbstractProblemLoader Loading environment from /home/runner/work/key/key/key.core/../key.ui/examples/standard_key/strings/simpleLengthComp.key.proof 
106658     DEBUG main            d.u.i.k.p.i.AbstractProblemLoader Environment load took 135.61ns 
106659     INFO  main            d.u.i.k.p.i.AbstractProblemLoader Creating init config 
109106     DEBUG main            d.u.i.k.p.i.AbstractProblemLoader Init config took 2.45s 
109135     INFO  main            d.u.i.k.p.i.AbstractProblemLoader Replaying proof simpleLengthComp.key.proof 
109171     DEBUG main            d.u.i.k.p.i.IntermediateProofReplayer Proof replay took 30.4ms 
109173     DEBUG main            d.u.i.k.p.r.p.TestFile    ... success: reloaded. 
109175     INFO  main            d.u.i.k.p.r.p.TestFile    Now processing file /home/runner/work/key/key/key.core/../key.ui/examples/standard_key/strings/stringCompileTimeConstant1.key 
109175     INFO  main            d.u.i.k.p.i.AbstractProblemLoader Loading environment from /home/runner/work/key/key/key.core/../key.ui/examples/standard_key/strings/stringCompileTimeConstant1.key 
109175     DEBUG main            d.u.i.k.p.i.AbstractProblemLoader Environment load took 194.91ns 
109176     INFO  main            d.u.i.k.p.i.AbstractProblemLoader Creating init config 
111724     DEBUG main            d.u.i.k.p.i.AbstractProblemLoader Init config took 2.55s 
111742     INFO  main            d.u.i.k.p.i.AbstractProblemLoader Replaying proof stringCompileTimeConstant1.key 
111743     DEBUG main            d.u.i.k.p.i.IntermediateProofReplayer Proof replay took 6.8ns 
111846     INFO  main            d.u.i.k.p.r.p.TestFile    ... finished proof: closed. 
112094     INFO  main            d.u.i.k.p.i.AbstractProblemLoader Loading environment from /home/runner/work/key/key/key.core/../key.ui/examples/standard_key/strings/stringCompileTimeConstant1.key.proof 
112094     DEBUG main            d.u.i.k.p.i.AbstractProblemLoader Environment load took 117.01ns 
112095     INFO  main            d.u.i.k.p.i.AbstractProblemLoader Creating init config 
114601     DEBUG main            d.u.i.k.p.i.AbstractProblemLoader Init config took 2.51s 
114618     INFO  main            d.u.i.k.p.i.AbstractProblemLoader Replaying proof stringCompileTimeConstant1.key.proof 
114627     DEBUG main            d.u.i.k.p.i.IntermediateProofReplayer Proof replay took 7.44ms 
114628     DEBUG main            d.u.i.k.p.r.p.TestFile    ... success: reloaded. 
114629     INFO  main            d.u.i.k.p.r.p.TestFile    Now processing file /home/runner/work/key/key/key.core/../key.ui/examples/standard_key/strings/stringCompileTimeConstant2.key 
114629     INFO  main            d.u.i.k.p.i.AbstractProblemLoader Loading environment from /home/runner/work/key/key/key.core/../key.ui/examples/standard_key/strings/stringCompileTimeConstant2.key 
114630     DEBUG main            d.u.i.k.p.i.AbstractProblemLoader Environment load took 179.51ns 
114631     INFO  main            d.u.i.k.p.i.AbstractProblemLoader Creating init config 
117478     DEBUG main            d.u.i.k.p.i.AbstractProblemLoader Init config took 2.85s 
117496     INFO  main            d.u.i.k.p.i.AbstractProblemLoader Replaying proof stringCompileTimeConstant2.key 
117502     DEBUG main            d.u.i.k.p.i.IntermediateProofReplayer Proof replay took 7.8ns 
120544     INFO  main            d.u.i.k.p.r.p.TestFile    ... finished proof: closed. 
120830     INFO  main            d.u.i.k.p.i.AbstractProblemLoader Loading environment from /home/runner/work/key/key/key.core/../key.ui/examples/standard_key/strings/stringCompileTimeConstant2.key.proof 
120831     DEBUG main            d.u.i.k.p.i.AbstractProblemLoader Environment load took 361.62ns 
120832     INFO  main            d.u.i.k.p.i.AbstractProblemLoader Creating init config 
123541     DEBUG main            d.u.i.k.p.i.AbstractProblemLoader Init config took 2.71s 
123564     INFO  main            d.u.i.k.p.i.AbstractProblemLoader Replaying proof stringCompileTimeConstant2.key.proof 
123920     DEBUG main            d.u.i.k.p.i.IntermediateProofReplayer Proof replay took 344.4ms 
123921     DEBUG main            d.u.i.k.p.r.p.TestFile    ... success: reloaded. 
123922     INFO  main            d.u.i.k.p.r.p.TestFile    Now processing file /home/runner/work/key/key/key.core/../key.ui/examples/standard_key/strings/stringEquality1.key 
123923     INFO  main            d.u.i.k.p.i.AbstractProblemLoader Loading environment from /home/runner/work/key/key/key.core/../key.ui/examples/standard_key/strings/stringEquality1.key 
123923     DEBUG main            d.u.i.k.p.i.AbstractProblemLoader Environment load took 237.31ns 
123924     INFO  main            d.u.i.k.p.i.AbstractProblemLoader Creating init config 
126610     DEBUG main            d.u.i.k.p.i.AbstractProblemLoader Init config took 2.69s 
126626     INFO  main            d.u.i.k.p.i.AbstractProblemLoader Replaying proof stringEquality1.key 
126627     DEBUG main            d.u.i.k.p.i.IntermediateProofReplayer Proof replay took 6.7ns 
126730     INFO  main            d.u.i.k.p.r.p.TestFile    ... finished proof: closed. 
127086     INFO  main            d.u.i.k.p.i.AbstractProblemLoader Loading environment from /home/runner/work/key/key/key.core/../key.ui/examples/standard_key/strings/stringEquality1.key.proof 
127086     DEBUG main            d.u.i.k.p.i.AbstractProblemLoader Environment load took 123.81ns 
127087     INFO  main            d.u.i.k.p.i.AbstractProblemLoader Creating init config 
129691     DEBUG main            d.u.i.k.p.i.AbstractProblemLoader Init config took 2.6s 
129708     INFO  main            d.u.i.k.p.i.AbstractProblemLoader Replaying proof stringEquality1.key.proof 
129719     DEBUG main            d.u.i.k.p.i.IntermediateProofReplayer Proof replay took 9.14ms 
129721     DEBUG main            d.u.i.k.p.r.p.TestFile    ... success: reloaded. 
129721     INFO  main            d.u.i.k.p.r.p.TestFile    Now processing file /home/runner/work/key/key/key.core/../key.ui/examples/standard_key/strings/stringEquality2.key 
129722     INFO  main            d.u.i.k.p.i.AbstractProblemLoader Loading environment from /home/runner/work/key/key/key.core/../key.ui/examples/standard_key/strings/stringEquality2.key 
129722     DEBUG main            d.u.i.k.p.i.AbstractProblemLoader Environment load took 100.31ns 
129723     INFO  main            d.u.i.k.p.i.AbstractProblemLoader Creating init config 
132280     DEBUG main            d.u.i.k.p.i.AbstractProblemLoader Init config took 2.56s 
132295     INFO  main            d.u.i.k.p.i.AbstractProblemLoader Replaying proof stringEquality2.key 
132296     DEBUG main            d.u.i.k.p.i.IntermediateProofReplayer Proof replay took 7.2ns 
132699     INFO  main            d.u.i.k.p.r.p.TestFile    ... finished proof: closed. 
133013     INFO  main            d.u.i.k.p.i.AbstractProblemLoader Loading environment from /home/runner/work/key/key/key.core/../key.ui/examples/standard_key/strings/stringEquality2.key.proof 
133016     DEBUG main            d.u.i.k.p.i.AbstractProblemLoader Environment load took 2.15ms 
133017     INFO  main            d.u.i.k.p.i.AbstractProblemLoader Creating init config 
135593     DEBUG main            d.u.i.k.p.i.AbstractProblemLoader Init config took 2.58s 
135609     INFO  main            d.u.i.k.p.i.AbstractProblemLoader Replaying proof stringEquality2.key.proof 
135678     DEBUG main            d.u.i.k.p.i.IntermediateProofReplayer Proof replay took 64.59ms 
135679     DEBUG main            d.u.i.k.p.r.p.TestFile    ... success: reloaded. 
135680     INFO  main            d.u.i.k.p.r.p.TestFile    Now processing file /home/runner/work/key/key/key.core/../key.ui/examples/standard_key/strings/substring0.key 
135680     INFO  main            d.u.i.k.p.i.AbstractProblemLoader Loading environment from /home/runner/work/key/key/key.core/../key.ui/examples/standard_key/strings/substring0.key 
135680     DEBUG main            d.u.i.k.p.i.AbstractProblemLoader Environment load took 105.91ns 
135681     INFO  main            d.u.i.k.p.i.AbstractProblemLoader Creating init config 
138353     DEBUG main            d.u.i.k.p.i.AbstractProblemLoader Init config took 2.67s 
138368     INFO  main            d.u.i.k.p.i.AbstractProblemLoader Replaying proof substring0.key 
138370     DEBUG main            d.u.i.k.p.i.IntermediateProofReplayer Proof replay took 7.3ns 
138476     INFO  main            d.u.i.k.p.r.p.TestFile    ... finished proof: closed. 
138767     INFO  main            d.u.i.k.p.i.AbstractProblemLoader Loading environment from /home/runner/work/key/key/key.core/../key.ui/examples/standard_key/strings/substring0.key.proof 
138767     DEBUG main            d.u.i.k.p.i.AbstractProblemLoader Environment load took 139.11ns 
138769     INFO  main            d.u.i.k.p.i.AbstractProblemLoader Creating init config 
141371     DEBUG main            d.u.i.k.p.i.AbstractProblemLoader Init config took 2.6s 
141388     INFO  main            d.u.i.k.p.i.AbstractProblemLoader Replaying proof substring0.key.proof 
141390     DEBUG main            d.u.i.k.p.i.IntermediateProofReplayer Proof replay took 492.03ns 
141391     DEBUG main            d.u.i.k.p.r.p.TestFile    ... success: reloaded. 
141392     INFO  main            d.u.i.k.p.r.p.TestFile    Now processing file /home/runner/work/key/key/key.core/../key.ui/examples/standard_key/strings/substring1.key 
141392     INFO  main            d.u.i.k.p.i.AbstractProblemLoader Loading environment from /home/runner/work/key/key/key.core/../key.ui/examples/standard_key/strings/substring1.key 
141392     DEBUG main            d.u.i.k.p.i.AbstractProblemLoader Environment load took 67.4ns 
141393     INFO  main            d.u.i.k.p.i.AbstractProblemLoader Creating init config 
144070     DEBUG main            d.u.i.k.p.i.AbstractProblemLoader Init config took 2.68s 
144085     INFO  main            d.u.i.k.p.i.AbstractProblemLoader Replaying proof substring1.key 
144087     DEBUG main            d.u.i.k.p.i.IntermediateProofReplayer Proof replay took 8.4ns 
144189     INFO  main            d.u.i.k.p.r.p.TestFile    ... finished proof: closed. 
144479     INFO  main            d.u.i.k.p.i.AbstractProblemLoader Loading environment from /home/runner/work/key/key/key.core/../key.ui/examples/standard_key/strings/substring1.key.proof 
144479     DEBUG main            d.u.i.k.p.i.AbstractProblemLoader Environment load took 114.91ns 
144480     INFO  main            d.u.i.k.p.i.AbstractProblemLoader Creating init config 
147023     DEBUG main            d.u.i.k.p.i.AbstractProblemLoader Init config took 2.54s 
147039     INFO  main            d.u.i.k.p.i.AbstractProblemLoader Replaying proof substring1.key.proof 
147041     DEBUG main            d.u.i.k.p.i.IntermediateProofReplayer Proof replay took 469.53ns 
147041     DEBUG main            d.u.i.k.p.r.p.TestFile    ... success: reloaded. 
147042     INFO  main            d.u.i.k.p.r.p.TestFile    Now processing file /home/runner/work/key/key/key.core/../key.ui/examples/standard_key/strings/substring2.key 
147042     INFO  main            d.u.i.k.p.i.AbstractProblemLoader Loading environment from /home/runner/work/key/key/key.core/../key.ui/examples/standard_key/strings/substring2.key 
147042     DEBUG main            d.u.i.k.p.i.AbstractProblemLoader Environment load took 89.81ns 
147043     INFO  main            d.u.i.k.p.i.AbstractProblemLoader Creating init config 
149618     DEBUG main            d.u.i.k.p.i.AbstractProblemLoader Init config took 2.57s 
149633     INFO  main            d.u.i.k.p.i.AbstractProblemLoader Replaying proof substring2.key 
149635     DEBUG main            d.u.i.k.p.i.IntermediateProofReplayer Proof replay took 8.2ns 
149738     INFO  main            d.u.i.k.p.r.p.TestFile    ... finished proof: closed. 
150020     INFO  main            d.u.i.k.p.i.AbstractProblemLoader Loading environment from /home/runner/work/key/key/key.core/../key.ui/examples/standard_key/strings/substring2.key.proof 
150020     DEBUG main            d.u.i.k.p.i.AbstractProblemLoader Environment load took 118.01ns 
150021     INFO  main            d.u.i.k.p.i.AbstractProblemLoader Creating init config 
152548     DEBUG main            d.u.i.k.p.i.AbstractProblemLoader Init config took 2.53s 
152563     INFO  main            d.u.i.k.p.i.AbstractProblemLoader Replaying proof substring2.key.proof 
152566     DEBUG main            d.u.i.k.p.i.IntermediateProofReplayer Proof replay took 1.02ms 
152566     DEBUG main            d.u.i.k.p.r.p.TestFile    ... success: reloaded. 
152567     INFO  main            d.u.i.k.p.r.p.TestFile    Now processing file /home/runner/work/key/key/key.core/../key.ui/examples/standard_key/strings/substring3.key 
152567     INFO  main            d.u.i.k.p.i.AbstractProblemLoader Loading environment from /home/runner/work/key/key/key.core/../key.ui/examples/standard_key/strings/substring3.key 
152567     DEBUG main            d.u.i.k.p.i.AbstractProblemLoader Environment load took 72.4ns 
152568     INFO  main            d.u.i.k.p.i.AbstractProblemLoader Creating init config 
155077     DEBUG main            d.u.i.k.p.i.AbstractProblemLoader Init config took 2.51s 
155092     INFO  main            d.u.i.k.p.i.AbstractProblemLoader Replaying proof substring3.key 
155093     DEBUG main            d.u.i.k.p.i.IntermediateProofReplayer Proof replay took 7.4ns 
155198     INFO  main            d.u.i.k.p.r.p.TestFile    ... finished proof: closed. 
155492     INFO  main            d.u.i.k.p.i.AbstractProblemLoader Loading environment from /home/runner/work/key/key/key.core/../key.ui/examples/standard_key/strings/substring3.key.proof 
155493     DEBUG main            d.u.i.k.p.i.AbstractProblemLoader Environment load took 113.41ns 
155494     INFO  main            d.u.i.k.p.i.AbstractProblemLoader Creating init config 
157978     DEBUG main            d.u.i.k.p.i.AbstractProblemLoader Init config took 2.48s 
157994     INFO  main            d.u.i.k.p.i.AbstractProblemLoader Replaying proof substring3.key.proof 
157998     DEBUG main            d.u.i.k.p.i.IntermediateProofReplayer Proof replay took 2.53ms 
157999     DEBUG main            d.u.i.k.p.r.p.TestFile    ... success: reloaded. 
158000     INFO  main            d.u.i.k.p.r.p.TestFile    Now processing file /home/runner/work/key/key/key.core/../key.ui/examples/standard_key/strings/substring4.key 
158000     INFO  main            d.u.i.k.p.i.AbstractProblemLoader Loading environment from /home/runner/work/key/key/key.core/../key.ui/examples/standard_key/strings/substring4.key 
158000     DEBUG main            d.u.i.k.p.i.AbstractProblemLoader Environment load took 118.71ns 
158001     INFO  main            d.u.i.k.p.i.AbstractProblemLoader Creating init config 
160608     DEBUG main            d.u.i.k.p.i.AbstractProblemLoader Init config took 2.61s 
160624     INFO  main            d.u.i.k.p.i.AbstractProblemLoader Replaying proof substring4.key 
160626     DEBUG main            d.u.i.k.p.i.IntermediateProofReplayer Proof replay took 8.1ns 
160730     INFO  main            d.u.i.k.p.r.p.TestFile    ... finished proof: closed. 
161038     INFO  main            d.u.i.k.p.i.AbstractProblemLoader Loading environment from /home/runner/work/key/key/key.core/../key.ui/examples/standard_key/strings/substring4.key.proof 
161038     DEBUG main            d.u.i.k.p.i.AbstractProblemLoader Environment load took 128.81ns 
161039     INFO  main            d.u.i.k.p.i.AbstractProblemLoader Creating init config 
163626     DEBUG main            d.u.i.k.p.i.AbstractProblemLoader Init config took 2.59s 
163642     INFO  main            d.u.i.k.p.i.AbstractProblemLoader Replaying proof substring4.key.proof 
163649     DEBUG main            d.u.i.k.p.i.IntermediateProofReplayer Proof replay took 4.07ms 
163649     DEBUG main            d.u.i.k.p.r.p.TestFile    ... success: reloaded. 
163650     INFO  main            d.u.i.k.p.r.p.TestFile    Now processing file /home/runner/work/key/key/key.core/../key.ui/examples/standard_key/strings/substring5.key 
163650     INFO  main            d.u.i.k.p.i.AbstractProblemLoader Loading environment from /home/runner/work/key/key/key.core/../key.ui/examples/standard_key/strings/substring5.key 
163650     DEBUG main            d.u.i.k.p.i.AbstractProblemLoader Environment load took 73.6ns 
163651     INFO  main            d.u.i.k.p.i.AbstractProblemLoader Creating init config 
166440     DEBUG main            d.u.i.k.p.i.AbstractProblemLoader Init config took 2.79s 
166456     INFO  main            d.u.i.k.p.i.AbstractProblemLoader Replaying proof substring5.key 
166457     DEBUG main            d.u.i.k.p.i.IntermediateProofReplayer Proof replay took 7.2ns 
166762     INFO  main            d.u.i.k.p.r.p.TestFile    ... finished proof: closed. 
167101     INFO  main            d.u.i.k.p.i.AbstractProblemLoader Loading environment from /home/runner/work/key/key/key.core/../key.ui/examples/standard_key/strings/substring5.key.proof 
167101     DEBUG main            d.u.i.k.p.i.AbstractProblemLoader Environment load took 115.31ns 
167103     INFO  main            d.u.i.k.p.i.AbstractProblemLoader Creating init config 
169610     DEBUG main            d.u.i.k.p.i.AbstractProblemLoader Init config took 2.51s 
169625     INFO  main            d.u.i.k.p.i.AbstractProblemLoader Replaying proof substring5.key.proof 
169657     DEBUG main            d.u.i.k.p.i.IntermediateProofReplayer Proof replay took 28.11ms 
169658     DEBUG main            d.u.i.k.p.r.p.TestFile    ... success: reloaded. 
4740181    INFO  Test worker     d.u.i.k.p.r.RunAllProofsTestUnit Returning from test strings 
4740184    INFO  Test worker     d.u.i.k.p.r.RunAllProofsTestUnit Running test simple_info_flow 
396        INFO  Timeout watchdog d.u.i.k.p.r.p.ForkedTestFileRunner Timeout watcher launched (2000 secs.) 
418        WARN  main            d.u.i.k.s.ProofSettings   The settings in /home/runner/.key/proof-settings.props are *not* read. 
472        INFO  main            d.u.i.k.p.r.p.TestFile    Now processing file /home/runner/work/key/key/key.core/../key.ui/examples/heap/information_flow/UpdateAbstraction_ex7_1_insecure.key 
648        INFO  main            d.u.i.k.p.i.AbstractProblemLoader Loading environment from /home/runner/work/key/key/key.core/../key.ui/examples/heap/information_flow/UpdateAbstraction_ex7_1_insecure.key 
667        DEBUG main            d.u.i.k.p.i.AbstractProblemLoader Environment load took 2.43ms 
930        INFO  main            d.u.i.k.p.i.AbstractProblemLoader Creating init config 
1895       DEBUG main            d.u.i.k.j.TypeConverter   No LDT found for Meta 
1896       DEBUG main            d.u.i.k.j.TypeConverter   No LDT found for Meta 
1897       DEBUG main            d.u.i.k.j.TypeConverter   No LDT found for Meta 
1897       DEBUG main            d.u.i.k.j.TypeConverter   No LDT found for Meta 
3612       DEBUG main            d.u.i.k.j.TypeConverter   No LDT found for JavaBigintExpression 
9946       DEBUG main            d.u.i.k.p.i.AbstractProblemLoader Init config took 9.02s 
10145      INFO  main            d.u.i.k.p.i.AbstractProblemLoader Replaying proof UpdateAbstraction[UpdateAbstraction::ex7_1_insecure()].JML operation contract.0 
10188      DEBUG main            d.u.i.k.p.i.IntermediateProofReplayer Proof replay took 39.7ns 
10983      INFO  main            d.u.i.k.p.r.p.TestFile    ... finished proof: open goal(s) 
11122      INFO  main            d.u.i.k.p.r.p.TestFile    Now processing file /home/runner/work/key/key/key.core/../key.ui/examples/heap/information_flow/UpdateAbstraction_ex7_2_insecure.key 
11125      INFO  main            d.u.i.k.p.i.AbstractProblemLoader Loading environment from /home/runner/work/key/key/key.core/../key.ui/examples/heap/information_flow/UpdateAbstraction_ex7_2_insecure.key 
11126      DEBUG main            d.u.i.k.p.i.AbstractProblemLoader Environment load took 357.12ns 
11129      INFO  main            d.u.i.k.p.i.AbstractProblemLoader Creating init config 
14804      DEBUG main            d.u.i.k.p.i.AbstractProblemLoader Init config took 3.68s 
14873      INFO  main            d.u.i.k.p.i.AbstractProblemLoader Replaying proof UpdateAbstraction[UpdateAbstraction::ex7_2_insecure()].JML operation contract.0 
14875      DEBUG main            d.u.i.k.p.i.IntermediateProofReplayer Proof replay took 7.2ns 
15181      INFO  main            d.u.i.k.p.r.p.TestFile    ... finished proof: open goal(s) 
4755710    INFO  Test worker     d.u.i.k.p.r.RunAllProofsTestUnit Returning from test simple_info_flow 
4755712    INFO  Test worker     d.u.i.k.p.r.RunAllProofsTestUnit Running test modelMethods 
428        INFO  Timeout watchdog d.u.i.k.p.r.p.ForkedTestFileRunner Timeout watcher launched (2000 secs.) 
451        WARN  main            d.u.i.k.s.ProofSettings   The settings in /home/runner/.key/proof-settings.props are *not* read. 
508        INFO  main            d.u.i.k.p.r.p.TestFile    Now processing file /home/runner/work/key/key/key.core/../key.ui/examples/heap/model_methods/Cell_footprint_acc.key 
716        INFO  main            d.u.i.k.p.i.AbstractProblemLoader Loading environment from /home/runner/work/key/key/key.core/../key.ui/examples/heap/model_methods/Cell_footprint_acc.key 
750        DEBUG main            d.u.i.k.p.i.AbstractProblemLoader Environment load took 3.46ms 
1059       INFO  main            d.u.i.k.p.i.AbstractProblemLoader Creating init config 
1943       DEBUG main            d.u.i.k.j.TypeConverter   No LDT found for Meta 
1943       DEBUG main            d.u.i.k.j.TypeConverter   No LDT found for Meta 
1949       DEBUG main            d.u.i.k.j.TypeConverter   No LDT found for Meta 
1950       DEBUG main            d.u.i.k.j.TypeConverter   No LDT found for Meta 
3342       DEBUG main            d.u.i.k.j.TypeConverter   No LDT found for JavaBigintExpression 
9425       DEBUG main            d.u.i.k.p.i.AbstractProblemLoader Init config took 8.37s 
9592       INFO  main            d.u.i.k.p.i.AbstractProblemLoader Replaying proof Cell[Cell::footprint()].JML accessible clause.0 
9635       DEBUG main            d.u.i.k.p.i.IntermediateProofReplayer Proof replay took 38.4ns 
10294      INFO  main            d.u.i.k.p.r.p.TestFile    ... finished proof: closed. 
10414      INFO  main            d.u.i.k.p.i.AbstractProblemLoader Loading environment from /home/runner/work/key/key/key.core/../key.ui/examples/heap/model_methods/Cell_footprint_acc.key.proof 
10416      DEBUG main            d.u.i.k.p.i.AbstractProblemLoader Environment load took 1.89ms 
10420      INFO  main            d.u.i.k.p.i.AbstractProblemLoader Creating init config 
14086      DEBUG main            d.u.i.k.p.i.AbstractProblemLoader Init config took 3.67s 
14180      INFO  main            d.u.i.k.p.i.AbstractProblemLoader Replaying proof Cell[Cell::footprint()].JML accessible clause.0 
14265      DEBUG main            d.u.i.k.p.i.IntermediateProofReplayer Proof replay took 78.72ms 
14273      DEBUG main            d.u.i.k.p.r.p.TestFile    ... success: reloaded. 
14278      INFO  main            d.u.i.k.p.r.p.TestFile    Now processing file /home/runner/work/key/key/key.core/../key.ui/examples/heap/model_methods/Cell_footprint.key 
14279      INFO  main            d.u.i.k.p.i.AbstractProblemLoader Loading environment from /home/runner/work/key/key/key.core/../key.ui/examples/heap/model_methods/Cell_footprint.key 
14279      DEBUG main            d.u.i.k.p.i.AbstractProblemLoader Environment load took 141.81ns 
14283      INFO  main            d.u.i.k.p.i.AbstractProblemLoader Creating init config 
17897      DEBUG main            d.u.i.k.p.i.AbstractProblemLoader Init config took 3.61s 
17975      INFO  main            d.u.i.k.p.i.AbstractProblemLoader Replaying proof Cell[Cell::footprint()].JML model_behavior operation contract.0 
17982      DEBUG main            d.u.i.k.p.i.IntermediateProofReplayer Proof replay took 7.8ns 
18085      INFO  main            d.u.i.k.p.r.p.TestFile    ... finished proof: closed. 
18242      INFO  main            d.u.i.k.p.i.AbstractProblemLoader Loading environment from /home/runner/work/key/key/key.core/../key.ui/examples/heap/model_methods/Cell_footprint.key.proof 
18242      DEBUG main            d.u.i.k.p.i.AbstractProblemLoader Environment load took 147.71ns 
18243      INFO  main            d.u.i.k.p.i.AbstractProblemLoader Creating init config 
21610      DEBUG main            d.u.i.k.p.i.AbstractProblemLoader Init config took 3.37s 
21677      INFO  main            d.u.i.k.p.i.AbstractProblemLoader Replaying proof Cell[Cell::footprint()].JML model_behavior operation contract.0 
21688      DEBUG main            d.u.i.k.p.i.IntermediateProofReplayer Proof replay took 8.04ms 
21689      DEBUG main            d.u.i.k.p.r.p.TestFile    ... success: reloaded. 
21694      INFO  main            d.u.i.k.p.r.p.TestFile    Now processing file /home/runner/work/key/key/key.core/../key.ui/examples/heap/model_methods/Cell_get_acc.key 
21695      INFO  main            d.u.i.k.p.i.AbstractProblemLoader Loading environment from /home/runner/work/key/key/key.core/../key.ui/examples/heap/model_methods/Cell_get_acc.key 
21695      DEBUG main            d.u.i.k.p.i.AbstractProblemLoader Environment load took 238.01ns 
21697      INFO  main            d.u.i.k.p.i.AbstractProblemLoader Creating init config 
25083      DEBUG main            d.u.i.k.p.i.AbstractProblemLoader Init config took 3.39s 
25142      INFO  main            d.u.i.k.p.i.AbstractProblemLoader Replaying proof Cell[Cell::get()].JML accessible clause.0 
25144      DEBUG main            d.u.i.k.p.i.IntermediateProofReplayer Proof replay took 6.9ns 
25359      INFO  main            d.u.i.k.p.r.p.TestFile    ... finished proof: closed. 
25529      INFO  main            d.u.i.k.p.i.AbstractProblemLoader Loading environment from /home/runner/work/key/key/key.core/../key.ui/examples/heap/model_methods/Cell_get_acc.key.proof 
25533      DEBUG main            d.u.i.k.p.i.AbstractProblemLoader Environment load took 3.91ms 
25535      INFO  main            d.u.i.k.p.i.AbstractProblemLoader Creating init config 
28855      DEBUG main            d.u.i.k.p.i.AbstractProblemLoader Init config took 3.32s 
28931      INFO  main            d.u.i.k.p.i.AbstractProblemLoader Replaying proof Cell[Cell::get()].JML accessible clause.0 
28976      DEBUG main            d.u.i.k.p.i.IntermediateProofReplayer Proof replay took 41.25ms 
28979      DEBUG main            d.u.i.k.p.r.p.TestFile    ... success: reloaded. 
28981      INFO  main            d.u.i.k.p.r.p.TestFile    Now processing file /home/runner/work/key/key/key.core/../key.ui/examples/heap/model_methods/Cell_get.key 
28982      INFO  main            d.u.i.k.p.i.AbstractProblemLoader Loading environment from /home/runner/work/key/key/key.core/../key.ui/examples/heap/model_methods/Cell_get.key 
28982      DEBUG main            d.u.i.k.p.i.AbstractProblemLoader Environment load took 224.41ns 
28985      INFO  main            d.u.i.k.p.i.AbstractProblemLoader Creating init config 
32322      DEBUG main            d.u.i.k.p.i.AbstractProblemLoader Init config took 3.34s 
32408      INFO  main            d.u.i.k.p.i.AbstractProblemLoader Replaying proof Cell[Cell::get()].JML operation contract.0 
32411      DEBUG main            d.u.i.k.p.i.IntermediateProofReplayer Proof replay took 8.8ns 
32513      INFO  main            d.u.i.k.p.r.p.TestFile    ... finished proof: closed. 
32720      INFO  main            d.u.i.k.p.i.AbstractProblemLoader Loading environment from /home/runner/work/key/key/key.core/../key.ui/examples/heap/model_methods/Cell_get.key.proof 
32723      DEBUG main            d.u.i.k.p.i.AbstractProblemLoader Environment load took 2.85ms 
32724      INFO  main            d.u.i.k.p.i.AbstractProblemLoader Creating init config 
35991      DEBUG main            d.u.i.k.p.i.AbstractProblemLoader Init config took 3.27s 
36055      INFO  main            d.u.i.k.p.i.AbstractProblemLoader Replaying proof Cell[Cell::get()].JML operation contract.0 
36086      DEBUG main            d.u.i.k.p.i.IntermediateProofReplayer Proof replay took 28.75ms 
36087      DEBUG main            d.u.i.k.p.r.p.TestFile    ... success: reloaded. 
36090      INFO  main            d.u.i.k.p.r.p.TestFile    Now processing file /home/runner/work/key/key/key.core/../key.ui/examples/heap/model_methods/Cell_post_set.key 
36090      INFO  main            d.u.i.k.p.i.AbstractProblemLoader Loading environment from /home/runner/work/key/key/key.core/../key.ui/examples/heap/model_methods/Cell_post_set.key 
36090      DEBUG main            d.u.i.k.p.i.AbstractProblemLoader Environment load took 248.71ns 
36091      INFO  main            d.u.i.k.p.i.AbstractProblemLoader Creating init config 
39395      DEBUG main            d.u.i.k.p.i.AbstractProblemLoader Init config took 3.3s 
39465      INFO  main            d.u.i.k.p.i.AbstractProblemLoader Replaying proof Cell[Cell::post_set(int)].JML model_behavior operation contract.0 
39469      DEBUG main            d.u.i.k.p.i.IntermediateProofReplayer Proof replay took 7.4ns 
39571      INFO  main            d.u.i.k.p.r.p.TestFile    ... finished proof: closed. 
39760      INFO  main            d.u.i.k.p.i.AbstractProblemLoader Loading environment from /home/runner/work/key/key/key.core/../key.ui/examples/heap/model_methods/Cell_post_set.key.proof 
39760      DEBUG main            d.u.i.k.p.i.AbstractProblemLoader Environment load took 153.91ns 
39761      INFO  main            d.u.i.k.p.i.AbstractProblemLoader Creating init config 
42966      DEBUG main            d.u.i.k.p.i.AbstractProblemLoader Init config took 3.21s 
43022      INFO  main            d.u.i.k.p.i.AbstractProblemLoader Replaying proof Cell[Cell::post_set(int)].JML model_behavior operation contract.0 
43029      DEBUG main            d.u.i.k.p.i.IntermediateProofReplayer Proof replay took 5.4ms 
43030      DEBUG main            d.u.i.k.p.r.p.TestFile    ... success: reloaded. 
43032      INFO  main            d.u.i.k.p.r.p.TestFile    Now processing file /home/runner/work/key/key/key.core/../key.ui/examples/heap/model_methods/Cell_set.key 
43032      INFO  main            d.u.i.k.p.i.AbstractProblemLoader Loading environment from /home/runner/work/key/key/key.core/../key.ui/examples/heap/model_methods/Cell_set.key 
43032      DEBUG main            d.u.i.k.p.i.AbstractProblemLoader Environment load took 143.61ns 
43033      INFO  main            d.u.i.k.p.i.AbstractProblemLoader Creating init config 
46197      DEBUG main            d.u.i.k.p.i.AbstractProblemLoader Init config took 3.16s 
46253      INFO  main            d.u.i.k.p.i.AbstractProblemLoader Replaying proof Cell[Cell::set(int)].JML operation contract.0 
46255      DEBUG main            d.u.i.k.p.i.IntermediateProofReplayer Proof replay took 7.6ns 
53054      INFO  main            d.u.i.k.p.r.p.TestFile    ... finished proof: closed. 
53287      INFO  main            d.u.i.k.p.i.AbstractProblemLoader Loading environment from /home/runner/work/key/key/key.core/../key.ui/examples/heap/model_methods/Cell_set.key.proof 
53287      DEBUG main            d.u.i.k.p.i.AbstractProblemLoader Environment load took 460.93ns 
53289      INFO  main            d.u.i.k.p.i.AbstractProblemLoader Creating init config 
56473      DEBUG main            d.u.i.k.p.i.AbstractProblemLoader Init config took 3.18s 
56530      INFO  main            d.u.i.k.p.i.AbstractProblemLoader Replaying proof Cell[Cell::set(int)].JML operation contract.0 
57233      DEBUG main            d.u.i.k.p.i.IntermediateProofReplayer Proof replay took 687.01ms 
57235      DEBUG main            d.u.i.k.p.r.p.TestFile    ... success: reloaded. 
57237      INFO  main            d.u.i.k.p.r.p.TestFile    Now processing file /home/runner/work/key/key/key.core/../key.ui/examples/heap/model_methods/CellTest_callSet.key 
57237      INFO  main            d.u.i.k.p.i.AbstractProblemLoader Loading environment from /home/runner/work/key/key/key.core/../key.ui/examples/heap/model_methods/CellTest_callSet.key 
57237      DEBUG main            d.u.i.k.p.i.AbstractProblemLoader Environment load took 268.01ns 
57238      INFO  main            d.u.i.k.p.i.AbstractProblemLoader Creating init config 
60482      DEBUG main            d.u.i.k.p.i.AbstractProblemLoader Init config took 3.24s 
60536      INFO  main            d.u.i.k.p.i.AbstractProblemLoader Replaying proof CellTest[CellTest::callSet(Cell,int)].JML operation contract.0 
60538      DEBUG main            d.u.i.k.p.i.IntermediateProofReplayer Proof replay took 7.4ns 
60743      INFO  main            d.u.i.k.p.r.p.TestFile    ... finished proof: closed. 
60952      INFO  main            d.u.i.k.p.i.AbstractProblemLoader Loading environment from /home/runner/work/key/key/key.core/../key.ui/examples/heap/model_methods/CellTest_callSet.key.proof 
60952      DEBUG main            d.u.i.k.p.i.AbstractProblemLoader Environment load took 145.41ns 
60954      INFO  main            d.u.i.k.p.i.AbstractProblemLoader Creating init config 
64101      DEBUG main            d.u.i.k.p.i.AbstractProblemLoader Init config took 3.15s 
64154      INFO  main            d.u.i.k.p.i.AbstractProblemLoader Replaying proof CellTest[CellTest::callSet(Cell,int)].JML operation contract.0 
64203      DEBUG main            d.u.i.k.p.i.IntermediateProofReplayer Proof replay took 46.62ms 
64205      DEBUG main            d.u.i.k.p.r.p.TestFile    ... success: reloaded. 
64206      INFO  main            d.u.i.k.p.r.p.TestFile    Now processing file /home/runner/work/key/key/key.core/../key.ui/examples/heap/model_methods/CellTest_test2.key 
64206      INFO  main            d.u.i.k.p.i.AbstractProblemLoader Loading environment from /home/runner/work/key/key/key.core/../key.ui/examples/heap/model_methods/CellTest_test2.key 
64207      DEBUG main            d.u.i.k.p.i.AbstractProblemLoader Environment load took 201.61ns 
64208      INFO  main            d.u.i.k.p.i.AbstractProblemLoader Creating init config 
67342      DEBUG main            d.u.i.k.p.i.AbstractProblemLoader Init config took 3.13s 
67393      INFO  main            d.u.i.k.p.i.AbstractProblemLoader Replaying proof CellTest[CellTest::test2(Cell)].JML operation contract.0 
67395      DEBUG main            d.u.i.k.p.i.IntermediateProofReplayer Proof replay took 7.2ns 
67698      INFO  main            d.u.i.k.p.r.p.TestFile    ... finished proof: closed. 
67917      INFO  main            d.u.i.k.p.i.AbstractProblemLoader Loading environment from /home/runner/work/key/key/key.core/../key.ui/examples/heap/model_methods/CellTest_test2.key.proof 
67918      DEBUG main            d.u.i.k.p.i.AbstractProblemLoader Environment load took 197.71ns 
67919      INFO  main            d.u.i.k.p.i.AbstractProblemLoader Creating init config 
71032      DEBUG main            d.u.i.k.p.i.AbstractProblemLoader Init config took 3.11s 
71082      INFO  main            d.u.i.k.p.i.AbstractProblemLoader Replaying proof CellTest[CellTest::test2(Cell)].JML operation contract.0 
71173      DEBUG main            d.u.i.k.p.i.IntermediateProofReplayer Proof replay took 88.08ms 
71174      DEBUG main            d.u.i.k.p.r.p.TestFile    ... success: reloaded. 
71175      INFO  main            d.u.i.k.p.r.p.TestFile    Now processing file /home/runner/work/key/key/key.core/../key.ui/examples/heap/model_methods/CellTest_test.key 
71176      INFO  main            d.u.i.k.p.i.AbstractProblemLoader Loading environment from /home/runner/work/key/key/key.core/../key.ui/examples/heap/model_methods/CellTest_test.key 
71176      DEBUG main            d.u.i.k.p.i.AbstractProblemLoader Environment load took 203.41ns 
71177      INFO  main            d.u.i.k.p.i.AbstractProblemLoader Creating init config 
74448      DEBUG main            d.u.i.k.p.i.AbstractProblemLoader Init config took 3.27s 
74498      INFO  main            d.u.i.k.p.i.AbstractProblemLoader Replaying proof CellTest[CellTest::test(Recell)].JML operation contract.0 
74500      DEBUG main            d.u.i.k.p.i.IntermediateProofReplayer Proof replay took 7.7ns 
77220      INFO  main            d.u.i.k.p.r.p.TestFile    ... finished proof: closed. 
77545      INFO  main            d.u.i.k.p.i.AbstractProblemLoader Loading environment from /home/runner/work/key/key/key.core/../key.ui/examples/heap/model_methods/CellTest_test.key.proof 
77545      DEBUG main            d.u.i.k.p.i.AbstractProblemLoader Environment load took 204.21ns 
77547      INFO  main            d.u.i.k.p.i.AbstractProblemLoader Creating init config 
80656      DEBUG main            d.u.i.k.p.i.AbstractProblemLoader Init config took 3.11s 
80713      INFO  main            d.u.i.k.p.i.AbstractProblemLoader Replaying proof CellTest[CellTest::test(Recell)].JML operation contract.0 
81429      DEBUG main            d.u.i.k.p.i.IntermediateProofReplayer Proof replay took 696.72ms 
81431      DEBUG main            d.u.i.k.p.r.p.TestFile    ... success: reloaded. 
81432      INFO  main            d.u.i.k.p.r.p.TestFile    Now processing file /home/runner/work/key/key/key.core/../key.ui/examples/heap/model_methods/Coll1_add.key 
81433      INFO  main            d.u.i.k.p.i.AbstractProblemLoader Loading environment from /home/runner/work/key/key/key.core/../key.ui/examples/heap/model_methods/Coll1_add.key 
81433      DEBUG main            d.u.i.k.p.i.AbstractProblemLoader Environment load took 527.83ns 
81435      INFO  main            d.u.i.k.p.i.AbstractProblemLoader Creating init config 
84501      DEBUG main            d.u.i.k.p.i.AbstractProblemLoader Init config took 3.07s 
84548      INFO  main            d.u.i.k.p.i.AbstractProblemLoader Replaying proof Coll1[Coll::add(int)].JML operation contract.0 
84550      DEBUG main            d.u.i.k.p.i.IntermediateProofReplayer Proof replay took 7.6ns 
84654      INFO  main            d.u.i.k.p.r.p.TestFile    ... finished proof: closed. 
84874      INFO  main            d.u.i.k.p.i.AbstractProblemLoader Loading environment from /home/runner/work/key/key/key.core/../key.ui/examples/heap/model_methods/Coll1_add.key.proof 
84874      DEBUG main            d.u.i.k.p.i.AbstractProblemLoader Environment load took 143.91ns 
84875      INFO  main            d.u.i.k.p.i.AbstractProblemLoader Creating init config 
87958      DEBUG main            d.u.i.k.p.i.AbstractProblemLoader Init config took 3.08s 
88006      INFO  main            d.u.i.k.p.i.AbstractProblemLoader Replaying proof Coll1[Coll::add(int)].JML operation contract.0 
88016      DEBUG main            d.u.i.k.p.i.IntermediateProofReplayer Proof replay took 7.98ms 
88017      DEBUG main            d.u.i.k.p.r.p.TestFile    ... success: reloaded. 
88018      INFO  main            d.u.i.k.p.r.p.TestFile    Now processing file /home/runner/work/key/key/key.core/../key.ui/examples/heap/model_methods/Coll1_Coll1_add_pre.key 
88019      INFO  main            d.u.i.k.p.i.AbstractProblemLoader Loading environment from /home/runner/work/key/key/key.core/../key.ui/examples/heap/model_methods/Coll1_Coll1_add_pre.key 
88019      DEBUG main            d.u.i.k.p.i.AbstractProblemLoader Environment load took 207.81ns 
88020      INFO  main            d.u.i.k.p.i.AbstractProblemLoader Creating init config 
91149      DEBUG main            d.u.i.k.p.i.AbstractProblemLoader Init config took 3.13s 
91198      INFO  main            d.u.i.k.p.i.AbstractProblemLoader Replaying proof Coll1[Coll1::add_pre(int)].JML model_behavior operation contract.0 
91200      DEBUG main            d.u.i.k.p.i.IntermediateProofReplayer Proof replay took 7.7ns 
91302      INFO  main            d.u.i.k.p.r.p.TestFile    ... finished proof: closed. 
91524      INFO  main            d.u.i.k.p.i.AbstractProblemLoader Loading environment from /home/runner/work/key/key/key.core/../key.ui/examples/heap/model_methods/Coll1_Coll1_add_pre.key.proof 
91524      DEBUG main            d.u.i.k.p.i.AbstractProblemLoader Environment load took 133.51ns 
91525      INFO  main            d.u.i.k.p.i.AbstractProblemLoader Creating init config 
94644      DEBUG main            d.u.i.k.p.i.AbstractProblemLoader Init config took 3.12s 
94692      INFO  main            d.u.i.k.p.i.AbstractProblemLoader Replaying proof Coll1[Coll1::add_pre(int)].JML model_behavior operation contract.0 
94696      DEBUG main            d.u.i.k.p.i.IntermediateProofReplayer Proof replay took 1.58ms 
94697      DEBUG main            d.u.i.k.p.r.p.TestFile    ... success: reloaded. 
94698      INFO  main            d.u.i.k.p.r.p.TestFile    Now processing file /home/runner/work/key/key/key.core/../key.ui/examples/heap/model_methods/Coll1_Coll_add_pre.key 
94699      INFO  main            d.u.i.k.p.i.AbstractProblemLoader Loading environment from /home/runner/work/key/key/key.core/../key.ui/examples/heap/model_methods/Coll1_Coll_add_pre.key 
94699      DEBUG main            d.u.i.k.p.i.AbstractProblemLoader Environment load took 198.61ns 
94700      INFO  main            d.u.i.k.p.i.AbstractProblemLoader Creating init config 
97880      DEBUG main            d.u.i.k.p.i.AbstractProblemLoader Init config took 3.18s 
97929      INFO  main            d.u.i.k.p.i.AbstractProblemLoader Replaying proof Coll1[Coll::add_pre(int)].JML model_behavior operation contract.0 
97931      DEBUG main            d.u.i.k.p.i.IntermediateProofReplayer Proof replay took 7.6ns 
98033      INFO  main            d.u.i.k.p.r.p.TestFile    ... finished proof: closed. 
98280      INFO  main            d.u.i.k.p.i.AbstractProblemLoader Loading environment from /home/runner/work/key/key/key.core/../key.ui/examples/heap/model_methods/Coll1_Coll_add_pre.key.proof 
98280      DEBUG main            d.u.i.k.p.i.AbstractProblemLoader Environment load took 141.51ns 
98281      INFO  main            d.u.i.k.p.i.AbstractProblemLoader Creating init config 
101439     DEBUG main            d.u.i.k.p.i.AbstractProblemLoader Init config took 3.16s 
101485     INFO  main            d.u.i.k.p.i.AbstractProblemLoader Replaying proof Coll1[Coll::add_pre(int)].JML model_behavior operation contract.0 
101489     DEBUG main            d.u.i.k.p.i.IntermediateProofReplayer Proof replay took 2.43ms 
101490     DEBUG main            d.u.i.k.p.r.p.TestFile    ... success: reloaded. 
101492     INFO  main            d.u.i.k.p.r.p.TestFile    Now processing file /home/runner/work/key/key/key.core/../key.ui/examples/heap/model_methods/Coll2_add.key 
101492     INFO  main            d.u.i.k.p.i.AbstractProblemLoader Loading environment from /home/runner/work/key/key/key.core/../key.ui/examples/heap/model_methods/Coll2_add.key 
101492     DEBUG main            d.u.i.k.p.i.AbstractProblemLoader Environment load took 88.1ns 
101493     INFO  main            d.u.i.k.p.i.AbstractProblemLoader Creating init config 
104694     DEBUG main            d.u.i.k.p.i.AbstractProblemLoader Init config took 3.2s 
104741     INFO  main            d.u.i.k.p.i.AbstractProblemLoader Replaying proof Coll2[Coll::add(int)].JML operation contract.0 
104742     DEBUG main            d.u.i.k.p.i.IntermediateProofReplayer Proof replay took 7.3ns 
104844     INFO  main            d.u.i.k.p.r.p.TestFile    ... finished proof: closed. 
105082     INFO  main            d.u.i.k.p.i.AbstractProblemLoader Loading environment from /home/runner/work/key/key/key.core/../key.ui/examples/heap/model_methods/Coll2_add.key.proof 
105082     DEBUG main            d.u.i.k.p.i.AbstractProblemLoader Environment load took 130.61ns 
105083     INFO  main            d.u.i.k.p.i.AbstractProblemLoader Creating init config 
108311     DEBUG main            d.u.i.k.p.i.AbstractProblemLoader Init config took 3.23s 
108365     INFO  main            d.u.i.k.p.i.AbstractProblemLoader Replaying proof Coll2[Coll::add(int)].JML operation contract.0 
108374     DEBUG main            d.u.i.k.p.i.IntermediateProofReplayer Proof replay took 7.76ms 
108375     DEBUG main            d.u.i.k.p.r.p.TestFile    ... success: reloaded. 
108377     INFO  main            d.u.i.k.p.r.p.TestFile    Now processing file /home/runner/work/key/key/key.core/../key.ui/examples/heap/model_methods/Coll2_Coll2_add_pre.key 
108377     INFO  main            d.u.i.k.p.i.AbstractProblemLoader Loading environment from /home/runner/work/key/key/key.core/../key.ui/examples/heap/model_methods/Coll2_Coll2_add_pre.key 
108377     DEBUG main            d.u.i.k.p.i.AbstractProblemLoader Environment load took 214.91ns 
108378     INFO  main            d.u.i.k.p.i.AbstractProblemLoader Creating init config 
111615     DEBUG main            d.u.i.k.p.i.AbstractProblemLoader Init config took 3.24s 
111663     INFO  main            d.u.i.k.p.i.AbstractProblemLoader Replaying proof Coll2[Coll2::add_pre(int)].JML model_behavior operation contract.0 
111665     DEBUG main            d.u.i.k.p.i.IntermediateProofReplayer Proof replay took 8ns 
111767     INFO  main            d.u.i.k.p.r.p.TestFile    ... finished proof: closed. 
112082     INFO  main            d.u.i.k.p.i.AbstractProblemLoader Loading environment from /home/runner/work/key/key/key.core/../key.ui/examples/heap/model_methods/Coll2_Coll2_add_pre.key.proof 
112082     DEBUG main            d.u.i.k.p.i.AbstractProblemLoader Environment load took 138.81ns 
112083     INFO  main            d.u.i.k.p.i.AbstractProblemLoader Creating init config 
115219     DEBUG main            d.u.i.k.p.i.AbstractProblemLoader Init config took 3.14s 
115267     INFO  main            d.u.i.k.p.i.AbstractProblemLoader Replaying proof Coll2[Coll2::add_pre(int)].JML model_behavior operation contract.0 
115271     DEBUG main            d.u.i.k.p.i.IntermediateProofReplayer Proof replay took 1.61ms 
115272     DEBUG main            d.u.i.k.p.r.p.TestFile    ... success: reloaded. 
115273     INFO  main            d.u.i.k.p.r.p.TestFile    Now processing file /home/runner/work/key/key/key.core/../key.ui/examples/heap/model_methods/Coll2_Coll_add_pre.key 
115273     INFO  main            d.u.i.k.p.i.AbstractProblemLoader Loading environment from /home/runner/work/key/key/key.core/../key.ui/examples/heap/model_methods/Coll2_Coll_add_pre.key 
115274     DEBUG main            d.u.i.k.p.i.AbstractProblemLoader Environment load took 203.11ns 
115275     INFO  main            d.u.i.k.p.i.AbstractProblemLoader Creating init config 
118501     DEBUG main            d.u.i.k.p.i.AbstractProblemLoader Init config took 3.23s 
118549     INFO  main            d.u.i.k.p.i.AbstractProblemLoader Replaying proof Coll2[Coll::add_pre(int)].JML model_behavior operation contract.0 
118551     DEBUG main            d.u.i.k.p.i.IntermediateProofReplayer Proof replay took 8.7ns 
118654     INFO  main            d.u.i.k.p.r.p.TestFile    ... finished proof: closed. 
118915     INFO  main            d.u.i.k.p.i.AbstractProblemLoader Loading environment from /home/runner/work/key/key/key.core/../key.ui/examples/heap/model_methods/Coll2_Coll_add_pre.key.proof 
118915     DEBUG main            d.u.i.k.p.i.AbstractProblemLoader Environment load took 131.61ns 
118916     INFO  main            d.u.i.k.p.i.AbstractProblemLoader Creating init config 
122024     DEBUG main            d.u.i.k.p.i.AbstractProblemLoader Init config took 3.11s 
122069     INFO  main            d.u.i.k.p.i.AbstractProblemLoader Replaying proof Coll2[Coll::add_pre(int)].JML model_behavior operation contract.0 
122073     DEBUG main            d.u.i.k.p.i.IntermediateProofReplayer Proof replay took 2.33ms 
122074     DEBUG main            d.u.i.k.p.r.p.TestFile    ... success: reloaded. 
122075     INFO  main            d.u.i.k.p.r.p.TestFile    Now processing file /home/runner/work/key/key/key.core/../key.ui/examples/heap/model_methods/Coll_add.key 
122076     INFO  main            d.u.i.k.p.i.AbstractProblemLoader Loading environment from /home/runner/work/key/key/key.core/../key.ui/examples/heap/model_methods/Coll_add.key 
122076     DEBUG main            d.u.i.k.p.i.AbstractProblemLoader Environment load took 68.3ns 
122077     INFO  main            d.u.i.k.p.i.AbstractProblemLoader Creating init config 
125390     DEBUG main            d.u.i.k.p.i.AbstractProblemLoader Init config took 3.31s 
125468     INFO  main            d.u.i.k.p.i.AbstractProblemLoader Replaying proof Coll[Coll::add(int)].JML operation contract.0 
125470     DEBUG main            d.u.i.k.p.i.IntermediateProofReplayer Proof replay took 8.1ns 
125572     INFO  main            d.u.i.k.p.r.p.TestFile    ... finished proof: closed. 
125847     INFO  main            d.u.i.k.p.i.AbstractProblemLoader Loading environment from /home/runner/work/key/key/key.core/../key.ui/examples/heap/model_methods/Coll_add.key.proof 
125848     DEBUG main            d.u.i.k.p.i.AbstractProblemLoader Environment load took 145.01ns 
125849     INFO  main            d.u.i.k.p.i.AbstractProblemLoader Creating init config 
128955     DEBUG main            d.u.i.k.p.i.AbstractProblemLoader Init config took 3.11s 
129001     INFO  main            d.u.i.k.p.i.AbstractProblemLoader Replaying proof Coll[Coll::add(int)].JML operation contract.0 
129005     DEBUG main            d.u.i.k.p.i.IntermediateProofReplayer Proof replay took 2.48ms 
129006     DEBUG main            d.u.i.k.p.r.p.TestFile    ... success: reloaded. 
129007     INFO  main            d.u.i.k.p.r.p.TestFile    Now processing file /home/runner/work/key/key/key.core/../key.ui/examples/heap/model_methods/Coll_add_pre.key 
129008     INFO  main            d.u.i.k.p.i.AbstractProblemLoader Loading environment from /home/runner/work/key/key/key.core/../key.ui/examples/heap/model_methods/Coll_add_pre.key 
129008     DEBUG main            d.u.i.k.p.i.AbstractProblemLoader Environment load took 150.61ns 
129009     INFO  main            d.u.i.k.p.i.AbstractProblemLoader Creating init config 
132251     DEBUG main            d.u.i.k.p.i.AbstractProblemLoader Init config took 3.24s 
132297     INFO  main            d.u.i.k.p.i.AbstractProblemLoader Replaying proof Coll[Coll::add_pre(int)].JML model_behavior operation contract.0 
132299     DEBUG main            d.u.i.k.p.i.IntermediateProofReplayer Proof replay took 7.2ns 
132401     INFO  main            d.u.i.k.p.r.p.TestFile    ... finished proof: closed. 
132679     INFO  main            d.u.i.k.p.i.AbstractProblemLoader Loading environment from /home/runner/work/key/key/key.core/../key.ui/examples/heap/model_methods/Coll_add_pre.key.proof 
132679     DEBUG main            d.u.i.k.p.i.AbstractProblemLoader Environment load took 166.71ns 
132680     INFO  main            d.u.i.k.p.i.AbstractProblemLoader Creating init config 
135777     DEBUG main            d.u.i.k.p.i.AbstractProblemLoader Init config took 3.1s 
135823     INFO  main            d.u.i.k.p.i.AbstractProblemLoader Replaying proof Coll[Coll::add_pre(int)].JML model_behavior operation contract.0 
135828     DEBUG main            d.u.i.k.p.i.IntermediateProofReplayer Proof replay took 2.6ms 
135829     DEBUG main            d.u.i.k.p.r.p.TestFile    ... success: reloaded. 
135830     INFO  main            d.u.i.k.p.r.p.TestFile    Now processing file /home/runner/work/key/key/key.core/../key.ui/examples/heap/model_methods/Indirect_callAdd.key 
135830     INFO  main            d.u.i.k.p.i.AbstractProblemLoader Loading environment from /home/runner/work/key/key/key.core/../key.ui/examples/heap/model_methods/Indirect_callAdd.key 
135830     DEBUG main            d.u.i.k.p.i.AbstractProblemLoader Environment load took 100.11ns 
135831     INFO  main            d.u.i.k.p.i.AbstractProblemLoader Creating init config 
138953     DEBUG main            d.u.i.k.p.i.AbstractProblemLoader Init config took 3.12s 
139001     INFO  main            d.u.i.k.p.i.AbstractProblemLoader Replaying proof Indirect[Indirect::callAdd(Coll,int)].JML operation contract.0 
139003     DEBUG main            d.u.i.k.p.i.IntermediateProofReplayer Proof replay took 8.7ns 
139105     INFO  main            d.u.i.k.p.r.p.TestFile    ... finished proof: closed. 
139396     INFO  main            d.u.i.k.p.i.AbstractProblemLoader Loading environment from /home/runner/work/key/key/key.core/../key.ui/examples/heap/model_methods/Indirect_callAdd.key.proof 
139396     DEBUG main            d.u.i.k.p.i.AbstractProblemLoader Environment load took 119.41ns 
139397     INFO  main            d.u.i.k.p.i.AbstractProblemLoader Creating init config 
142499     DEBUG main            d.u.i.k.p.i.AbstractProblemLoader Init config took 3.1s 
142548     INFO  main            d.u.i.k.p.i.AbstractProblemLoader Replaying proof Indirect[Indirect::callAdd(Coll,int)].JML operation contract.0 
142578     DEBUG main            d.u.i.k.p.i.IntermediateProofReplayer Proof replay took 27.82ms 
142579     DEBUG main            d.u.i.k.p.r.p.TestFile    ... success: reloaded. 
142580     INFO  main            d.u.i.k.p.r.p.TestFile    Now processing file /home/runner/work/key/key/key.core/../key.ui/examples/heap/model_methods/Indirect_test.key 
142580     INFO  main            d.u.i.k.p.i.AbstractProblemLoader Loading environment from /home/runner/work/key/key/key.core/../key.ui/examples/heap/model_methods/Indirect_test.key 
142580     DEBUG main            d.u.i.k.p.i.AbstractProblemLoader Environment load took 107.31ns 
142582     INFO  main            d.u.i.k.p.i.AbstractProblemLoader Creating init config 
145563     DEBUG main            d.u.i.k.p.i.AbstractProblemLoader Init config took 2.98s 
145607     INFO  main            d.u.i.k.p.i.AbstractProblemLoader Replaying proof Indirect[Indirect::test(Coll1,Coll2)].JML operation contract.0 
145609     DEBUG main            d.u.i.k.p.i.IntermediateProofReplayer Proof replay took 7.6ns 
145914     INFO  main            d.u.i.k.p.r.p.TestFile    ... finished proof: closed. 
146186     INFO  main            d.u.i.k.p.i.AbstractProblemLoader Loading environment from /home/runner/work/key/key/key.core/../key.ui/examples/heap/model_methods/Indirect_test.key.proof 
146186     DEBUG main            d.u.i.k.p.i.AbstractProblemLoader Environment load took 149.81ns 
146188     INFO  main            d.u.i.k.p.i.AbstractProblemLoader Creating init config 
149129     DEBUG main            d.u.i.k.p.i.AbstractProblemLoader Init config took 2.94s 
149175     INFO  main            d.u.i.k.p.i.AbstractProblemLoader Replaying proof Indirect[Indirect::test(Coll1,Coll2)].JML operation contract.0 
149237     DEBUG main            d.u.i.k.p.i.IntermediateProofReplayer Proof replay took 59.78ms 
149238     DEBUG main            d.u.i.k.p.r.p.TestFile    ... success: reloaded. 
149240     INFO  main            d.u.i.k.p.r.p.TestFile    Now processing file /home/runner/work/key/key/key.core/../key.ui/examples/heap/model_methods/Recell_Cell_footprint.key 
149240     INFO  main            d.u.i.k.p.i.AbstractProblemLoader Loading environment from /home/runner/work/key/key/key.core/../key.ui/examples/heap/model_methods/Recell_Cell_footprint.key 
149240     DEBUG main            d.u.i.k.p.i.AbstractProblemLoader Environment load took 98.5ns 
149241     INFO  main            d.u.i.k.p.i.AbstractProblemLoader Creating init config 
152403     DEBUG main            d.u.i.k.p.i.AbstractProblemLoader Init config took 3.16s 
152447     INFO  main            d.u.i.k.p.i.AbstractProblemLoader Replaying proof Recell[Cell::footprint()].JML model_behavior operation contract.0 
152449     DEBUG main            d.u.i.k.p.i.IntermediateProofReplayer Proof replay took 7.8ns 
152551     INFO  main            d.u.i.k.p.r.p.TestFile    ... finished proof: closed. 
152833     INFO  main            d.u.i.k.p.i.AbstractProblemLoader Loading environment from /home/runner/work/key/key/key.core/../key.ui/examples/heap/model_methods/Recell_Cell_footprint.key.proof 
152833     DEBUG main            d.u.i.k.p.i.AbstractProblemLoader Environment load took 133.71ns 
152834     INFO  main            d.u.i.k.p.i.AbstractProblemLoader Creating init config 
155769     DEBUG main            d.u.i.k.p.i.AbstractProblemLoader Init config took 2.93s 
155813     INFO  main            d.u.i.k.p.i.AbstractProblemLoader Replaying proof Recell[Cell::footprint()].JML model_behavior operation contract.0 
155817     DEBUG main            d.u.i.k.p.i.IntermediateProofReplayer Proof replay took 2.97ms 
155818     DEBUG main            d.u.i.k.p.r.p.TestFile    ... success: reloaded. 
155819     INFO  main            d.u.i.k.p.r.p.TestFile    Now processing file /home/runner/work/key/key/key.core/../key.ui/examples/heap/model_methods/Recell_Cell_post_set.key 
155819     INFO  main            d.u.i.k.p.i.AbstractProblemLoader Loading environment from /home/runner/work/key/key/key.core/../key.ui/examples/heap/model_methods/Recell_Cell_post_set.key 
155819     DEBUG main            d.u.i.k.p.i.AbstractProblemLoader Environment load took 94.91ns 
155820     INFO  main            d.u.i.k.p.i.AbstractProblemLoader Creating init config 
158791     DEBUG main            d.u.i.k.p.i.AbstractProblemLoader Init config took 2.97s 
158833     INFO  main            d.u.i.k.p.i.AbstractProblemLoader Replaying proof Recell[Cell::post_set(int)].JML model_behavior operation contract.0 
158834     DEBUG main            d.u.i.k.p.i.IntermediateProofReplayer Proof replay took 7.1ns 
158936     INFO  main            d.u.i.k.p.r.p.TestFile    ... finished proof: closed. 
159226     INFO  main            d.u.i.k.p.i.AbstractProblemLoader Loading environment from /home/runner/work/key/key/key.core/../key.ui/examples/heap/model_methods/Recell_Cell_post_set.key.proof 
159226     DEBUG main            d.u.i.k.p.i.AbstractProblemLoader Environment load took 119.41ns 
159228     INFO  main            d.u.i.k.p.i.AbstractProblemLoader Creating init config 
162223     DEBUG main            d.u.i.k.p.i.AbstractProblemLoader Init config took 3s 
162272     INFO  main            d.u.i.k.p.i.AbstractProblemLoader Replaying proof Recell[Cell::post_set(int)].JML model_behavior operation contract.0 
162284     DEBUG main            d.u.i.k.p.i.IntermediateProofReplayer Proof replay took 5.35ms 
162286     DEBUG main            d.u.i.k.p.r.p.TestFile    ... success: reloaded. 
162287     INFO  main            d.u.i.k.p.r.p.TestFile    Now processing file /home/runner/work/key/key/key.core/../key.ui/examples/heap/model_methods/Recell_footprint_acc.key 
162287     INFO  main            d.u.i.k.p.i.AbstractProblemLoader Loading environment from /home/runner/work/key/key/key.core/../key.ui/examples/heap/model_methods/Recell_footprint_acc.key 
162288     DEBUG main            d.u.i.k.p.i.AbstractProblemLoader Environment load took 192.41ns 
162289     INFO  main            d.u.i.k.p.i.AbstractProblemLoader Creating init config 
165318     DEBUG main            d.u.i.k.p.i.AbstractProblemLoader Init config took 3.03s 
165360     INFO  main            d.u.i.k.p.i.AbstractProblemLoader Replaying proof Recell[Cell::footprint()].JML accessible clause.0 
165361     DEBUG main            d.u.i.k.p.i.IntermediateProofReplayer Proof replay took 6.6ns 
165463     INFO  main            d.u.i.k.p.r.p.TestFile    ... finished proof: closed. 
165761     INFO  main            d.u.i.k.p.i.AbstractProblemLoader Loading environment from /home/runner/work/key/key/key.core/../key.ui/examples/heap/model_methods/Recell_footprint_acc.key.proof 
165761     DEBUG main            d.u.i.k.p.i.AbstractProblemLoader Environment load took 110.81ns 
165762     INFO  main            d.u.i.k.p.i.AbstractProblemLoader Creating init config 
168666     DEBUG main            d.u.i.k.p.i.AbstractProblemLoader Init config took 2.9s 
168710     INFO  main            d.u.i.k.p.i.AbstractProblemLoader Replaying proof Recell[Cell::footprint()].JML accessible clause.0 
168734     DEBUG main            d.u.i.k.p.i.IntermediateProofReplayer Proof replay took 21.96ms 
168740     DEBUG main            d.u.i.k.p.r.p.TestFile    ... success: reloaded. 
168742     INFO  main            d.u.i.k.p.r.p.TestFile    Now processing file /home/runner/work/key/key/key.core/../key.ui/examples/heap/model_methods/Recell_get_acc.key 
168742     INFO  main            d.u.i.k.p.i.AbstractProblemLoader Loading environment from /home/runner/work/key/key/key.core/../key.ui/examples/heap/model_methods/Recell_get_acc.key 
168742     DEBUG main            d.u.i.k.p.i.AbstractProblemLoader Environment load took 194.61ns 
168743     INFO  main            d.u.i.k.p.i.AbstractProblemLoader Creating init config 
171809     DEBUG main            d.u.i.k.p.i.AbstractProblemLoader Init config took 3.07s 
171854     INFO  main            d.u.i.k.p.i.AbstractProblemLoader Replaying proof Recell[Cell::get()].JML accessible clause.0 
171855     DEBUG main            d.u.i.k.p.i.IntermediateProofReplayer Proof replay took 8.5ns 
171958     INFO  main            d.u.i.k.p.r.p.TestFile    ... finished proof: closed. 
172270     INFO  main            d.u.i.k.p.i.AbstractProblemLoader Loading environment from /home/runner/work/key/key/key.core/../key.ui/examples/heap/model_methods/Recell_get_acc.key.proof 
172270     DEBUG main            d.u.i.k.p.i.AbstractProblemLoader Environment load took 116.61ns 
172271     INFO  main            d.u.i.k.p.i.AbstractProblemLoader Creating init config 
175288     DEBUG main            d.u.i.k.p.i.AbstractProblemLoader Init config took 3.02s 
175332     INFO  main            d.u.i.k.p.i.AbstractProblemLoader Replaying proof Recell[Cell::get()].JML accessible clause.0 
175354     DEBUG main            d.u.i.k.p.i.IntermediateProofReplayer Proof replay took 19.44ms 
175355     DEBUG main            d.u.i.k.p.r.p.TestFile    ... success: reloaded. 
175356     INFO  main            d.u.i.k.p.r.p.TestFile    Now processing file /home/runner/work/key/key/key.core/../key.ui/examples/heap/model_methods/Recell_get.key 
175356     INFO  main            d.u.i.k.p.i.AbstractProblemLoader Loading environment from /home/runner/work/key/key/key.core/../key.ui/examples/heap/model_methods/Recell_get.key 
175356     DEBUG main            d.u.i.k.p.i.AbstractProblemLoader Environment load took 204.61ns 
175357     INFO  main            d.u.i.k.p.i.AbstractProblemLoader Creating init config 
178440     DEBUG main            d.u.i.k.p.i.AbstractProblemLoader Init config took 3.08s 
178487     INFO  main            d.u.i.k.p.i.AbstractProblemLoader Replaying proof Recell[Cell::get()].JML operation contract.0 
178490     DEBUG main            d.u.i.k.p.i.IntermediateProofReplayer Proof replay took 7.9ns 
178592     INFO  main            d.u.i.k.p.r.p.TestFile    ... finished proof: closed. 
178921     INFO  main            d.u.i.k.p.i.AbstractProblemLoader Loading environment from /home/runner/work/key/key/key.core/../key.ui/examples/heap/model_methods/Recell_get.key.proof 
178921     DEBUG main            d.u.i.k.p.i.AbstractProblemLoader Environment load took 112.01ns 
178922     INFO  main            d.u.i.k.p.i.AbstractProblemLoader Creating init config 
181969     DEBUG main            d.u.i.k.p.i.AbstractProblemLoader Init config took 3.05s 
182013     INFO  main            d.u.i.k.p.i.AbstractProblemLoader Replaying proof Recell[Cell::get()].JML operation contract.0 
182025     DEBUG main            d.u.i.k.p.i.IntermediateProofReplayer Proof replay took 9.87ms 
182026     DEBUG main            d.u.i.k.p.r.p.TestFile    ... success: reloaded. 
182027     INFO  main            d.u.i.k.p.r.p.TestFile    Now processing file /home/runner/work/key/key/key.core/../key.ui/examples/heap/model_methods/Recell_Recell_footprint.key 
182027     INFO  main            d.u.i.k.p.i.AbstractProblemLoader Loading environment from /home/runner/work/key/key/key.core/../key.ui/examples/heap/model_methods/Recell_Recell_footprint.key 
182027     DEBUG main            d.u.i.k.p.i.AbstractProblemLoader Environment load took 97.41ns 
182028     INFO  main            d.u.i.k.p.i.AbstractProblemLoader Creating init config 
185153     DEBUG main            d.u.i.k.p.i.AbstractProblemLoader Init config took 3.12s 
185199     INFO  main            d.u.i.k.p.i.AbstractProblemLoader Replaying proof Recell[Recell::footprint()].JML model_behavior operation contract.0 
185201     DEBUG main            d.u.i.k.p.i.IntermediateProofReplayer Proof replay took 8.9ns 
185302     INFO  main            d.u.i.k.p.r.p.TestFile    ... finished proof: closed. 
185639     INFO  main            d.u.i.k.p.i.AbstractProblemLoader Loading environment from /home/runner/work/key/key/key.core/../key.ui/examples/heap/model_methods/Recell_Recell_footprint.key.proof 
185639     DEBUG main            d.u.i.k.p.i.AbstractProblemLoader Environment load took 121.41ns 
185641     INFO  main            d.u.i.k.p.i.AbstractProblemLoader Creating init config 
188761     DEBUG main            d.u.i.k.p.i.AbstractProblemLoader Init config took 3.12s 
188806     INFO  main            d.u.i.k.p.i.AbstractProblemLoader Replaying proof Recell[Recell::footprint()].JML model_behavior operation contract.0 
188810     DEBUG main            d.u.i.k.p.i.IntermediateProofReplayer Proof replay took 1.51ms 
188811     DEBUG main            d.u.i.k.p.r.p.TestFile    ... success: reloaded. 
188812     INFO  main            d.u.i.k.p.r.p.TestFile    Now processing file /home/runner/work/key/key/key.core/../key.ui/examples/heap/model_methods/Recell_Recell_post_set.key 
188812     INFO  main            d.u.i.k.p.i.AbstractProblemLoader Loading environment from /home/runner/work/key/key/key.core/../key.ui/examples/heap/model_methods/Recell_Recell_post_set.key 
188813     DEBUG main            d.u.i.k.p.i.AbstractProblemLoader Environment load took 332.62ns 
188814     INFO  main            d.u.i.k.p.i.AbstractProblemLoader Creating init config 
191992     DEBUG main            d.u.i.k.p.i.AbstractProblemLoader Init config took 3.18s 
192036     INFO  main            d.u.i.k.p.i.AbstractProblemLoader Replaying proof Recell[Recell::post_set(int)].JML model_behavior operation contract.0 
192037     DEBUG main            d.u.i.k.p.i.IntermediateProofReplayer Proof replay took 8ns 
192140     INFO  main            d.u.i.k.p.r.p.TestFile    ... finished proof: closed. 
192479     INFO  main            d.u.i.k.p.i.AbstractProblemLoader Loading environment from /home/runner/work/key/key/key.core/../key.ui/examples/heap/model_methods/Recell_Recell_post_set.key.proof 
192479     DEBUG main            d.u.i.k.p.i.AbstractProblemLoader Environment load took 113.91ns 
192480     INFO  main            d.u.i.k.p.i.AbstractProblemLoader Creating init config 
195724     DEBUG main            d.u.i.k.p.i.AbstractProblemLoader Init config took 3.24s 
195768     INFO  main            d.u.i.k.p.i.AbstractProblemLoader Replaying proof Recell[Recell::post_set(int)].JML model_behavior operation contract.0 
195772     DEBUG main            d.u.i.k.p.i.IntermediateProofReplayer Proof replay took 2.56ms 
195773     DEBUG main            d.u.i.k.p.r.p.TestFile    ... success: reloaded. 
195774     INFO  main            d.u.i.k.p.r.p.TestFile    Now processing file /home/runner/work/key/key/key.core/../key.ui/examples/heap/model_methods/Recell_set.key 
195775     INFO  main            d.u.i.k.p.i.AbstractProblemLoader Loading environment from /home/runner/work/key/key/key.core/../key.ui/examples/heap/model_methods/Recell_set.key 
195775     DEBUG main            d.u.i.k.p.i.AbstractProblemLoader Environment load took 116.01ns 
195776     INFO  main            d.u.i.k.p.i.AbstractProblemLoader Creating init config 
198914     DEBUG main            d.u.i.k.p.i.AbstractProblemLoader Init config took 3.14s 
198979     INFO  main            d.u.i.k.p.i.AbstractProblemLoader Replaying proof Recell[Cell::set(int)].JML operation contract.0 
198981     DEBUG main            d.u.i.k.p.i.IntermediateProofReplayer Proof replay took 8.6ns 
205803     INFO  main            d.u.i.k.p.r.p.TestFile    ... finished proof: closed. 
206197     INFO  main            d.u.i.k.p.i.AbstractProblemLoader Loading environment from /home/runner/work/key/key/key.core/../key.ui/examples/heap/model_methods/Recell_set.key.proof 
206198     DEBUG main            d.u.i.k.p.i.AbstractProblemLoader Environment load took 372.72ns 
206199     INFO  main            d.u.i.k.p.i.AbstractProblemLoader Creating init config 
209217     DEBUG main            d.u.i.k.p.i.AbstractProblemLoader Init config took 3.02s 
209261     INFO  main            d.u.i.k.p.i.AbstractProblemLoader Replaying proof Recell[Cell::set(int)].JML operation contract.0 
209854     DEBUG main            d.u.i.k.p.i.IntermediateProofReplayer Proof replay took 575.18ms 
209855     DEBUG main            d.u.i.k.p.r.p.TestFile    ... success: reloaded. 
209856     INFO  main            d.u.i.k.p.r.p.TestFile    Now processing file /home/runner/work/key/key/key.core/../key.ui/examples/heap/model_methods/Recell_undo.key 
209857     INFO  main            d.u.i.k.p.i.AbstractProblemLoader Loading environment from /home/runner/work/key/key/key.core/../key.ui/examples/heap/model_methods/Recell_undo.key 
209857     DEBUG main            d.u.i.k.p.i.AbstractProblemLoader Environment load took 230.81ns 
209858     INFO  main            d.u.i.k.p.i.AbstractProblemLoader Creating init config 
212852     DEBUG main            d.u.i.k.p.i.AbstractProblemLoader Init config took 2.99s 
212895     INFO  main            d.u.i.k.p.i.AbstractProblemLoader Replaying proof Recell[Recell::undo()].JML operation contract.0 
212897     DEBUG main            d.u.i.k.p.i.IntermediateProofReplayer Proof replay took 8.6ns 
213103     INFO  main            d.u.i.k.p.r.p.TestFile    ... finished proof: closed. 
213451     INFO  main            d.u.i.k.p.i.AbstractProblemLoader Loading environment from /home/runner/work/key/key/key.core/../key.ui/examples/heap/model_methods/Recell_undo.key.proof 
213451     DEBUG main            d.u.i.k.p.i.AbstractProblemLoader Environment load took 108.71ns 
213452     INFO  main            d.u.i.k.p.i.AbstractProblemLoader Creating init config 
216356     DEBUG main            d.u.i.k.p.i.AbstractProblemLoader Init config took 2.9s 
216403     INFO  main            d.u.i.k.p.i.AbstractProblemLoader Replaying proof Recell[Recell::undo()].JML operation contract.0 
216443     DEBUG main            d.u.i.k.p.i.IntermediateProofReplayer Proof replay took 37.34ms 
216444     DEBUG main            d.u.i.k.p.r.p.TestFile    ... success: reloaded. 
4972362    INFO  Test worker     d.u.i.k.p.r.RunAllProofsTestUnit Returning from test modelMethods 
4972363    INFO  Test worker     d.u.i.k.p.r.RunAllProofsTestUnit Running test permissionHeap 
383        INFO  Timeout watchdog d.u.i.k.p.r.p.ForkedTestFileRunner Timeout watcher launched (2000 secs.) 
399        WARN  main            d.u.i.k.s.ProofSettings   The settings in /home/runner/.key/proof-settings.props are *not* read. 
449        INFO  main            d.u.i.k.p.r.p.TestFile    Now processing file /home/runner/work/key/key/key.core/../key.ui/examples/heap/permissions/permissions_method0.key 
583        INFO  main            d.u.i.k.p.i.AbstractProblemLoader Loading environment from /home/runner/work/key/key/key.core/../key.ui/examples/heap/permissions/permissions_method0.key 
601        DEBUG main            d.u.i.k.p.i.AbstractProblemLoader Environment load took 2.02ms 
843        INFO  main            d.u.i.k.p.i.AbstractProblemLoader Creating init config 
1926       DEBUG main            d.u.i.k.j.TypeConverter   No LDT found for Meta 
1926       DEBUG main            d.u.i.k.j.TypeConverter   No LDT found for Meta 
1927       DEBUG main            d.u.i.k.j.TypeConverter   No LDT found for Meta 
1927       DEBUG main            d.u.i.k.j.TypeConverter   No LDT found for Meta 
3804       DEBUG main            d.u.i.k.j.TypeConverter   No LDT found for JavaBigintExpression 
9439       DEBUG main            d.u.i.k.p.i.AbstractProblemLoader Init config took 8.6s 
9593       INFO  main            d.u.i.k.p.i.AbstractProblemLoader Replaying proof MyClass[MyClass::method0()].JML normal_behavior operation contract.0 
9640       DEBUG main            d.u.i.k.p.i.IntermediateProofReplayer Proof replay took 36.8ns 
10672      INFO  main            d.u.i.k.p.r.p.TestFile    ... finished proof: closed. 
10820      INFO  main            d.u.i.k.p.i.AbstractProblemLoader Loading environment from /home/runner/work/key/key/key.core/../key.ui/examples/heap/permissions/permissions_method0.key.proof 
10823      DEBUG main            d.u.i.k.p.i.AbstractProblemLoader Environment load took 2.15ms 
10826      INFO  main            d.u.i.k.p.i.AbstractProblemLoader Creating init config 
14291      DEBUG main            d.u.i.k.p.i.AbstractProblemLoader Init config took 3.47s 
14387      INFO  main            d.u.i.k.p.i.AbstractProblemLoader Replaying proof MyClass[MyClass::method0()].JML normal_behavior operation contract.0 
14515      DEBUG main            d.u.i.k.p.i.IntermediateProofReplayer Proof replay took 120.91ms 
14522      DEBUG main            d.u.i.k.p.r.p.TestFile    ... success: reloaded. 
14524      INFO  main            d.u.i.k.p.r.p.TestFile    Now processing file /home/runner/work/key/key/key.core/../key.ui/examples/heap/permissions/permissions_method1.key 
14525      INFO  main            d.u.i.k.p.i.AbstractProblemLoader Loading environment from /home/runner/work/key/key/key.core/../key.ui/examples/heap/permissions/permissions_method1.key 
14525      DEBUG main            d.u.i.k.p.i.AbstractProblemLoader Environment load took 263.01ns 
14527      INFO  main            d.u.i.k.p.i.AbstractProblemLoader Creating init config 
17835      DEBUG main            d.u.i.k.p.i.AbstractProblemLoader Init config took 3.31s 
17923      INFO  main            d.u.i.k.p.i.AbstractProblemLoader Replaying proof MyClass[MyClass::method1()].JML normal_behavior operation contract.0 
17931      DEBUG main            d.u.i.k.p.i.IntermediateProofReplayer Proof replay took 7.9ns 
18336      INFO  main            d.u.i.k.p.r.p.TestFile    ... finished proof: closed. 
18508      INFO  main            d.u.i.k.p.i.AbstractProblemLoader Loading environment from /home/runner/work/key/key/key.core/../key.ui/examples/heap/permissions/permissions_method1.key.proof 
18508      DEBUG main            d.u.i.k.p.i.AbstractProblemLoader Environment load took 160.31ns 
18510      INFO  main            d.u.i.k.p.i.AbstractProblemLoader Creating init config 
21585      DEBUG main            d.u.i.k.p.i.AbstractProblemLoader Init config took 3.08s 
21647      INFO  main            d.u.i.k.p.i.AbstractProblemLoader Replaying proof MyClass[MyClass::method1()].JML normal_behavior operation contract.0 
21725      DEBUG main            d.u.i.k.p.i.IntermediateProofReplayer Proof replay took 73.73ms 
21726      DEBUG main            d.u.i.k.p.r.p.TestFile    ... success: reloaded. 
21727      INFO  main            d.u.i.k.p.r.p.TestFile    Now processing file /home/runner/work/key/key/key.core/../key.ui/examples/heap/permissions/permissions_method3.key 
21728      INFO  main            d.u.i.k.p.i.AbstractProblemLoader Loading environment from /home/runner/work/key/key/key.core/../key.ui/examples/heap/permissions/permissions_method3.key 
21728      DEBUG main            d.u.i.k.p.i.AbstractProblemLoader Environment load took 219.81ns 
21729      INFO  main            d.u.i.k.p.i.AbstractProblemLoader Creating init config 
24676      DEBUG main            d.u.i.k.p.i.AbstractProblemLoader Init config took 2.95s 
24736      INFO  main            d.u.i.k.p.i.AbstractProblemLoader Replaying proof MyClass[MyClass::method3()].JML normal_behavior operation contract.0 
24738      DEBUG main            d.u.i.k.p.i.IntermediateProofReplayer Proof replay took 7.8ns 
26277      INFO  main            d.u.i.k.p.r.p.TestFile    ... finished proof: closed. 
26463      INFO  main            d.u.i.k.p.i.AbstractProblemLoader Loading environment from /home/runner/work/key/key/key.core/../key.ui/examples/heap/permissions/permissions_method3.key.proof 
26465      DEBUG main            d.u.i.k.p.i.AbstractProblemLoader Environment load took 2.02ms 
26467      INFO  main            d.u.i.k.p.i.AbstractProblemLoader Creating init config 
29278      DEBUG main            d.u.i.k.p.i.AbstractProblemLoader Init config took 2.81s 
29330      INFO  main            d.u.i.k.p.i.AbstractProblemLoader Replaying proof MyClass[MyClass::method3()].JML normal_behavior operation contract.0 
29637      DEBUG main            d.u.i.k.p.i.IntermediateProofReplayer Proof replay took 299.34ms 
29638      DEBUG main            d.u.i.k.p.r.p.TestFile    ... success: reloaded. 
29639      INFO  main            d.u.i.k.p.r.p.TestFile    Now processing file /home/runner/work/key/key/key.core/../key.ui/examples/heap/permissions/permissions_setAB.key 
29640      INFO  main            d.u.i.k.p.i.AbstractProblemLoader Loading environment from /home/runner/work/key/key/key.core/../key.ui/examples/heap/permissions/permissions_setAB.key 
29640      DEBUG main            d.u.i.k.p.i.AbstractProblemLoader Environment load took 249.51ns 
29642      INFO  main            d.u.i.k.p.i.AbstractProblemLoader Creating init config 
32506      DEBUG main            d.u.i.k.p.i.AbstractProblemLoader Init config took 2.86s 
32567      INFO  main            d.u.i.k.p.i.AbstractProblemLoader Replaying proof MyClass[MyClass::setAB()].JML normal_behavior operation contract.0 
32569      DEBUG main            d.u.i.k.p.i.IntermediateProofReplayer Proof replay took 23.7ns 
34175      INFO  main            d.u.i.k.p.r.p.TestFile    ... finished proof: closed. 
34412      INFO  main            d.u.i.k.p.i.AbstractProblemLoader Loading environment from /home/runner/work/key/key/key.core/../key.ui/examples/heap/permissions/permissions_setAB.key.proof 
34412      DEBUG main            d.u.i.k.p.i.AbstractProblemLoader Environment load took 137.91ns 
34414      INFO  main            d.u.i.k.p.i.AbstractProblemLoader Creating init config 
37393      DEBUG main            d.u.i.k.p.i.AbstractProblemLoader Init config took 2.98s 
37444      INFO  main            d.u.i.k.p.i.AbstractProblemLoader Replaying proof MyClass[MyClass::setAB()].JML normal_behavior operation contract.0 
37703      DEBUG main            d.u.i.k.p.i.IntermediateProofReplayer Proof replay took 253.45ms 
37705      DEBUG main            d.u.i.k.p.r.p.TestFile    ... success: reloaded. 
37706      INFO  main            d.u.i.k.p.r.p.TestFile    Now processing file /home/runner/work/key/key/key.core/../key.ui/examples/heap/permissions/permissionProperties.key 
37707      INFO  main            d.u.i.k.p.i.AbstractProblemLoader Loading environment from /home/runner/work/key/key/key.core/../key.ui/examples/heap/permissions/permissionProperties.key 
37707      DEBUG main            d.u.i.k.p.i.AbstractProblemLoader Environment load took 202.31ns 
37708      INFO  main            d.u.i.k.p.i.AbstractProblemLoader Creating init config 
37877      DEBUG main            d.u.i.k.j.TypeConverter   No LDT found for Meta 
37878      DEBUG main            d.u.i.k.j.TypeConverter   No LDT found for Meta 
37880      DEBUG main            d.u.i.k.j.TypeConverter   No LDT found for Meta 
37880      DEBUG main            d.u.i.k.j.TypeConverter   No LDT found for Meta 
38690      DEBUG main            d.u.i.k.j.TypeConverter   No LDT found for JavaBigintExpression 
41691      DEBUG main            d.u.i.k.p.i.AbstractProblemLoader Init config took 3.98s 
41715      INFO  main            d.u.i.k.p.i.AbstractProblemLoader Replaying proof permissionProperties.key 
41717      DEBUG main            d.u.i.k.p.i.IntermediateProofReplayer Proof replay took 7.9ns 
41820      INFO  main            d.u.i.k.p.r.p.TestFile    ... finished proof: closed. 
41990      INFO  main            d.u.i.k.p.i.AbstractProblemLoader Loading environment from /home/runner/work/key/key/key.core/../key.ui/examples/heap/permissions/permissionProperties.key.proof 
41991      DEBUG main            d.u.i.k.p.i.AbstractProblemLoader Environment load took 458.32ns 
41993      INFO  main            d.u.i.k.p.i.AbstractProblemLoader Creating init config 
44670      DEBUG main            d.u.i.k.p.i.AbstractProblemLoader Init config took 2.68s 
44692      INFO  main            d.u.i.k.p.i.AbstractProblemLoader Replaying proof permissionProperties.key.proof 
44713      DEBUG main            d.u.i.k.p.i.IntermediateProofReplayer Proof replay took 17.57ms 
44714      DEBUG main            d.u.i.k.p.r.p.TestFile    ... success: reloaded. 
44715      INFO  main            d.u.i.k.p.r.p.TestFile    Now processing file /home/runner/work/key/key/key.core/../key.ui/examples/heap/permissions/threads/AFilter_AFilter.key 
44716      INFO  main            d.u.i.k.p.i.AbstractProblemLoader Loading environment from /home/runner/work/key/key/key.core/../key.ui/examples/heap/permissions/threads/AFilter_AFilter.key 
44716      DEBUG main            d.u.i.k.p.i.AbstractProblemLoader Environment load took 219.61ns 
44717      INFO  main            d.u.i.k.p.i.AbstractProblemLoader Creating init config 
44841      DEBUG main            d.u.i.k.j.TypeConverter   No LDT found for Meta 
44842      DEBUG main            d.u.i.k.j.TypeConverter   No LDT found for Meta 
44842      DEBUG main            d.u.i.k.j.TypeConverter   No LDT found for Meta 
44843      DEBUG main            d.u.i.k.j.TypeConverter   No LDT found for Meta 
45419      DEBUG main            d.u.i.k.j.TypeConverter   No LDT found for JavaBigintExpression 
51414      DEBUG main            d.u.i.k.p.i.AbstractProblemLoader Init config took 6.7s 
51535      INFO  main            d.u.i.k.p.i.AbstractProblemLoader Replaying proof AFilter[AFilter::AFilter(Sampler,Buffer)].JML normal_behavior operation contract.0 
51537      DEBUG main            d.u.i.k.p.i.IntermediateProofReplayer Proof replay took 7.8ns 
52674      INFO  main            d.u.i.k.p.r.p.TestFile    ... finished proof: closed. 
52953      INFO  main            d.u.i.k.p.i.AbstractProblemLoader Loading environment from /home/runner/work/key/key/key.core/../key.ui/examples/heap/permissions/threads/AFilter_AFilter.key.proof 
52953      DEBUG main            d.u.i.k.p.i.AbstractProblemLoader Environment load took 521.43ns 
52955      INFO  main            d.u.i.k.p.i.AbstractProblemLoader Creating init config 
58394      DEBUG main            d.u.i.k.p.i.AbstractProblemLoader Init config took 5.44s 
58532      INFO  main            d.u.i.k.p.i.AbstractProblemLoader Replaying proof AFilter[AFilter::AFilter(Sampler,Buffer)].JML normal_behavior operation contract.0 
58725      DEBUG main            d.u.i.k.p.i.IntermediateProofReplayer Proof replay took 187.75ms 
58726      DEBUG main            d.u.i.k.p.r.p.TestFile    ... success: reloaded. 
58728      INFO  main            d.u.i.k.p.r.p.TestFile    Now processing file /home/runner/work/key/key/key.core/../key.ui/examples/heap/permissions/threads/AFilter_initPost_accessible.key 
58728      INFO  main            d.u.i.k.p.i.AbstractProblemLoader Loading environment from /home/runner/work/key/key/key.core/../key.ui/examples/heap/permissions/threads/AFilter_initPost_accessible.key 
58729      DEBUG main            d.u.i.k.p.i.AbstractProblemLoader Environment load took 220.51ns 
58730      INFO  main            d.u.i.k.p.i.AbstractProblemLoader Creating init config 
64056      DEBUG main            d.u.i.k.p.i.AbstractProblemLoader Init config took 5.33s 
64184      INFO  main            d.u.i.k.p.i.AbstractProblemLoader Replaying proof AFilter[ThreadSpec2::initPost()].JML accessible clause.0 
64187      DEBUG main            d.u.i.k.p.i.IntermediateProofReplayer Proof replay took 9ns 
64289      INFO  main            d.u.i.k.p.r.p.TestFile    ... finished proof: closed. 
64524      INFO  main            d.u.i.k.p.i.AbstractProblemLoader Loading environment from /home/runner/work/key/key/key.core/../key.ui/examples/heap/permissions/threads/AFilter_initPost_accessible.key.proof 
64524      DEBUG main            d.u.i.k.p.i.AbstractProblemLoader Environment load took 143.61ns 
64525      INFO  main            d.u.i.k.p.i.AbstractProblemLoader Creating init config 
69763      DEBUG main            d.u.i.k.p.i.AbstractProblemLoader Init config took 5.24s 
69869      INFO  main            d.u.i.k.p.i.AbstractProblemLoader Replaying proof AFilter[ThreadSpec2::initPost()].JML accessible clause.0 
69886      DEBUG main            d.u.i.k.p.i.IntermediateProofReplayer Proof replay took 14.43ms 
69887      DEBUG main            d.u.i.k.p.r.p.TestFile    ... success: reloaded. 
69888      INFO  main            d.u.i.k.p.r.p.TestFile    Now processing file /home/runner/work/key/key/key.core/../key.ui/examples/heap/permissions/threads/AFilter_inv_accessible1.key 
69888      INFO  main            d.u.i.k.p.i.AbstractProblemLoader Loading environment from /home/runner/work/key/key/key.core/../key.ui/examples/heap/permissions/threads/AFilter_inv_accessible1.key 
69889      DEBUG main            d.u.i.k.p.i.AbstractProblemLoader Environment load took 108.71ns 
69890      INFO  main            d.u.i.k.p.i.AbstractProblemLoader Creating init config 
75075      DEBUG main            d.u.i.k.p.i.AbstractProblemLoader Init config took 5.19s 
75210      INFO  main            d.u.i.k.p.i.AbstractProblemLoader Replaying proof AFilter[java.lang.Object::<inv>()].JML accessible clause.0 
75212      DEBUG main            d.u.i.k.p.i.IntermediateProofReplayer Proof replay took 8.2ns 
75314      INFO  main            d.u.i.k.p.r.p.TestFile    ... finished proof: closed. 
75559      INFO  main            d.u.i.k.p.i.AbstractProblemLoader Loading environment from /home/runner/work/key/key/key.core/../key.ui/examples/heap/permissions/threads/AFilter_inv_accessible1.key.proof 
75559      DEBUG main            d.u.i.k.p.i.AbstractProblemLoader Environment load took 148.11ns 
75560      INFO  main            d.u.i.k.p.i.AbstractProblemLoader Creating init config 
81012      DEBUG main            d.u.i.k.p.i.AbstractProblemLoader Init config took 5.45s 
81129      INFO  main            d.u.i.k.p.i.AbstractProblemLoader Replaying proof AFilter[java.lang.Object::<inv>()].JML accessible clause.0 
81133      DEBUG main            d.u.i.k.p.i.IntermediateProofReplayer Proof replay took 2.99ms 
81135      DEBUG main            d.u.i.k.p.r.p.TestFile    ... success: reloaded. 
81136      INFO  main            d.u.i.k.p.r.p.TestFile    Now processing file /home/runner/work/key/key/key.core/../key.ui/examples/heap/permissions/threads/AFilter_inv_accessible2.key 
81136      INFO  main            d.u.i.k.p.i.AbstractProblemLoader Loading environment from /home/runner/work/key/key/key.core/../key.ui/examples/heap/permissions/threads/AFilter_inv_accessible2.key 
81136      DEBUG main            d.u.i.k.p.i.AbstractProblemLoader Environment load took 126.91ns 
81137      INFO  main            d.u.i.k.p.i.AbstractProblemLoader Creating init config 
86170      DEBUG main            d.u.i.k.p.i.AbstractProblemLoader Init config took 5.03s 
86302      INFO  main            d.u.i.k.p.i.AbstractProblemLoader Replaying proof AFilter[java.lang.Object::<inv>()].JML accessible clause.1 
86304      DEBUG main            d.u.i.k.p.i.IntermediateProofReplayer Proof replay took 8.2ns 
86407      INFO  main            d.u.i.k.p.r.p.TestFile    ... finished proof: closed. 
86646      INFO  main            d.u.i.k.p.i.AbstractProblemLoader Loading environment from /home/runner/work/key/key/key.core/../key.ui/examples/heap/permissions/threads/AFilter_inv_accessible2.key.proof 
86646      DEBUG main            d.u.i.k.p.i.AbstractProblemLoader Environment load took 128.41ns 
86647      INFO  main            d.u.i.k.p.i.AbstractProblemLoader Creating init config 
91511      DEBUG main            d.u.i.k.p.i.AbstractProblemLoader Init config took 4.86s 
91618      INFO  main            d.u.i.k.p.i.AbstractProblemLoader Replaying proof AFilter[java.lang.Object::<inv>()].JML accessible clause.1 
91622      DEBUG main            d.u.i.k.p.i.IntermediateProofReplayer Proof replay took 2.32ms 
91623      DEBUG main            d.u.i.k.p.r.p.TestFile    ... success: reloaded. 
91625      INFO  main            d.u.i.k.p.r.p.TestFile    Now processing file /home/runner/work/key/key/key.core/../key.ui/examples/heap/permissions/threads/AFilter_joinTransfer_accessible.key 
91625      INFO  main            d.u.i.k.p.i.AbstractProblemLoader Loading environment from /home/runner/work/key/key/key.core/../key.ui/examples/heap/permissions/threads/AFilter_joinTransfer_accessible.key 
91625      DEBUG main            d.u.i.k.p.i.AbstractProblemLoader Environment load took 215.41ns 
91627      INFO  main            d.u.i.k.p.i.AbstractProblemLoader Creating init config 
96847      DEBUG main            d.u.i.k.p.i.AbstractProblemLoader Init config took 5.22s 
96959      INFO  main            d.u.i.k.p.i.AbstractProblemLoader Replaying proof AFilter[ThreadSpec2::joinTransfer()].JML accessible clause.0 
96961      DEBUG main            d.u.i.k.p.i.IntermediateProofReplayer Proof replay took 9ns 
98284      INFO  main            d.u.i.k.p.r.p.TestFile    ... finished proof: closed. 
98554      INFO  main            d.u.i.k.p.i.AbstractProblemLoader Loading environment from /home/runner/work/key/key/key.core/../key.ui/examples/heap/permissions/threads/AFilter_joinTransfer_accessible.key.proof 
98555      DEBUG main            d.u.i.k.p.i.AbstractProblemLoader Environment load took 439.62ns 
98556      INFO  main            d.u.i.k.p.i.AbstractProblemLoader Creating init config 
103588     DEBUG main            d.u.i.k.p.i.AbstractProblemLoader Init config took 5.03s 
103685     INFO  main            d.u.i.k.p.i.AbstractProblemLoader Replaying proof AFilter[ThreadSpec2::joinTransfer()].JML accessible clause.0 
103836     DEBUG main            d.u.i.k.p.i.IntermediateProofReplayer Proof replay took 145.44ms 
103837     DEBUG main            d.u.i.k.p.r.p.TestFile    ... success: reloaded. 
103838     INFO  main            d.u.i.k.p.r.p.TestFile    Now processing file /home/runner/work/key/key/key.core/../key.ui/examples/heap/permissions/threads/AFilter_joinTransfer_contract.key 
103839     INFO  main            d.u.i.k.p.i.AbstractProblemLoader Loading environment from /home/runner/work/key/key/key.core/../key.ui/examples/heap/permissions/threads/AFilter_joinTransfer_contract.key 
103839     DEBUG main            d.u.i.k.p.i.AbstractProblemLoader Environment load took 227.31ns 
103840     INFO  main            d.u.i.k.p.i.AbstractProblemLoader Creating init config 
108929     DEBUG main            d.u.i.k.p.i.AbstractProblemLoader Init config took 5.09s 
109050     INFO  main            d.u.i.k.p.i.AbstractProblemLoader Replaying proof AFilter[ThreadSpec2::joinTransfer()].JML model_behavior operation contract.0 
109052     DEBUG main            d.u.i.k.p.i.IntermediateProofReplayer Proof replay took 8.1ns 
109154     INFO  main            d.u.i.k.p.r.p.TestFile    ... finished proof: closed. 
109419     INFO  main            d.u.i.k.p.i.AbstractProblemLoader Loading environment from /home/runner/work/key/key/key.core/../key.ui/examples/heap/permissions/threads/AFilter_joinTransfer_contract.key.proof 
109419     DEBUG main            d.u.i.k.p.i.AbstractProblemLoader Environment load took 143.11ns 
109420     INFO  main            d.u.i.k.p.i.AbstractProblemLoader Creating init config 
114459     DEBUG main            d.u.i.k.p.i.AbstractProblemLoader Init config took 5.04s 
114569     INFO  main            d.u.i.k.p.i.AbstractProblemLoader Replaying proof AFilter[ThreadSpec2::joinTransfer()].JML model_behavior operation contract.0 
114580     DEBUG main            d.u.i.k.p.i.IntermediateProofReplayer Proof replay took 8.73ms 
114581     DEBUG main            d.u.i.k.p.r.p.TestFile    ... success: reloaded. 
114583     INFO  main            d.u.i.k.p.r.p.TestFile    Now processing file /home/runner/work/key/key/key.core/../key.ui/examples/heap/permissions/threads/AFilter_postJoin_accessible.key 
114583     INFO  main            d.u.i.k.p.i.AbstractProblemLoader Loading environment from /home/runner/work/key/key/key.core/../key.ui/examples/heap/permissions/threads/AFilter_postJoin_accessible.key 
114583     DEBUG main            d.u.i.k.p.i.AbstractProblemLoader Environment load took 205.41ns 
114584     INFO  main            d.u.i.k.p.i.AbstractProblemLoader Creating init config 
119897     DEBUG main            d.u.i.k.p.i.AbstractProblemLoader Init config took 5.31s 
120022     INFO  main            d.u.i.k.p.i.AbstractProblemLoader Replaying proof AFilter[ThreadSpec2::postJoin(java.lang.Object)].JML accessible clause.0 
120024     DEBUG main            d.u.i.k.p.i.IntermediateProofReplayer Proof replay took 9.3ns 
120127     INFO  main            d.u.i.k.p.r.p.TestFile    ... finished proof: closed. 
120416     INFO  main            d.u.i.k.p.i.AbstractProblemLoader Loading environment from /home/runner/work/key/key/key.core/../key.ui/examples/heap/permissions/threads/AFilter_postJoin_accessible.key.proof 
120416     DEBUG main            d.u.i.k.p.i.AbstractProblemLoader Environment load took 144.41ns 
120417     INFO  main            d.u.i.k.p.i.AbstractProblemLoader Creating init config 
125701     DEBUG main            d.u.i.k.p.i.AbstractProblemLoader Init config took 5.28s 
125801     INFO  main            d.u.i.k.p.i.AbstractProblemLoader Replaying proof AFilter[ThreadSpec2::postJoin(java.lang.Object)].JML accessible clause.0 
125811     DEBUG main            d.u.i.k.p.i.IntermediateProofReplayer Proof replay took 8.25ms 
125812     DEBUG main            d.u.i.k.p.r.p.TestFile    ... success: reloaded. 
125813     INFO  main            d.u.i.k.p.r.p.TestFile    Now processing file /home/runner/work/key/key/key.core/../key.ui/examples/heap/permissions/threads/AFilter_preStart_accessible.key 
125814     INFO  main            d.u.i.k.p.i.AbstractProblemLoader Loading environment from /home/runner/work/key/key/key.core/../key.ui/examples/heap/permissions/threads/AFilter_preStart_accessible.key 
125814     DEBUG main            d.u.i.k.p.i.AbstractProblemLoader Environment load took 106.11ns 
125815     INFO  main            d.u.i.k.p.i.AbstractProblemLoader Creating init config 
131128     DEBUG main            d.u.i.k.p.i.AbstractProblemLoader Init config took 5.31s 
131242     INFO  main            d.u.i.k.p.i.AbstractProblemLoader Replaying proof AFilter[ThreadSpec2::preStart(java.lang.Object)].JML accessible clause.0 
131243     DEBUG main            d.u.i.k.p.i.IntermediateProofReplayer Proof replay took 8.5ns 
131646     INFO  main            d.u.i.k.p.r.p.TestFile    ... finished proof: closed. 
131940     INFO  main            d.u.i.k.p.i.AbstractProblemLoader Loading environment from /home/runner/work/key/key/key.core/../key.ui/examples/heap/permissions/threads/AFilter_preStart_accessible.key.proof 
131942     DEBUG main            d.u.i.k.p.i.AbstractProblemLoader Environment load took 2.41ms 
131943     INFO  main            d.u.i.k.p.i.AbstractProblemLoader Creating init config 
137069     DEBUG main            d.u.i.k.p.i.AbstractProblemLoader Init config took 5.13s 
137183     INFO  main            d.u.i.k.p.i.AbstractProblemLoader Replaying proof AFilter[ThreadSpec2::preStart(java.lang.Object)].JML accessible clause.0 
137227     DEBUG main            d.u.i.k.p.i.IntermediateProofReplayer Proof replay took 40.34ms 
137228     DEBUG main            d.u.i.k.p.r.p.TestFile    ... success: reloaded. 
137230     INFO  main            d.u.i.k.p.r.p.TestFile    Now processing file /home/runner/work/key/key/key.core/../key.ui/examples/heap/permissions/threads/AFilter_startTransfer_accessible.key 
137230     INFO  main            d.u.i.k.p.i.AbstractProblemLoader Loading environment from /home/runner/work/key/key/key.core/../key.ui/examples/heap/permissions/threads/AFilter_startTransfer_accessible.key 
137230     DEBUG main            d.u.i.k.p.i.AbstractProblemLoader Environment load took 221.91ns 
137231     INFO  main            d.u.i.k.p.i.AbstractProblemLoader Creating init config 
142648     DEBUG main            d.u.i.k.p.i.AbstractProblemLoader Init config took 5.42s 
142747     INFO  main            d.u.i.k.p.i.AbstractProblemLoader Replaying proof AFilter[ThreadSpec2::startTransfer()].JML accessible clause.0 
142749     DEBUG main            d.u.i.k.p.i.IntermediateProofReplayer Proof replay took 8.5ns 
153905     INFO  main            d.u.i.k.p.r.p.TestFile    ... finished proof: closed. 
154241     INFO  main            d.u.i.k.p.i.AbstractProblemLoader Loading environment from /home/runner/work/key/key/key.core/../key.ui/examples/heap/permissions/threads/AFilter_startTransfer_accessible.key.proof 
154241     DEBUG main            d.u.i.k.p.i.AbstractProblemLoader Environment load took 408.52ns 
154243     INFO  main            d.u.i.k.p.i.AbstractProblemLoader Creating init config 
159378     DEBUG main            d.u.i.k.p.i.AbstractProblemLoader Init config took 5.13s 
159482     INFO  main            d.u.i.k.p.i.AbstractProblemLoader Replaying proof AFilter[ThreadSpec2::startTransfer()].JML accessible clause.0 
160494     DEBUG main            d.u.i.k.p.i.IntermediateProofReplayer Proof replay took 985.98ms 
160496     DEBUG main            d.u.i.k.p.r.p.TestFile    ... success: reloaded. 
160498     INFO  main            d.u.i.k.p.r.p.TestFile    Now processing file /home/runner/work/key/key/key.core/../key.ui/examples/heap/permissions/threads/AFilter_startTransfer_contract.key 
160498     INFO  main            d.u.i.k.p.i.AbstractProblemLoader Loading environment from /home/runner/work/key/key/key.core/../key.ui/examples/heap/permissions/threads/AFilter_startTransfer_contract.key 
160498     DEBUG main            d.u.i.k.p.i.AbstractProblemLoader Environment load took 192.51ns 
160499     INFO  main            d.u.i.k.p.i.AbstractProblemLoader Creating init config 
165888     DEBUG main            d.u.i.k.p.i.AbstractProblemLoader Init config took 5.39s 
165992     INFO  main            d.u.i.k.p.i.AbstractProblemLoader Replaying proof AFilter[ThreadSpec2::startTransfer()].JML model_behavior operation contract.0 
165994     DEBUG main            d.u.i.k.p.i.IntermediateProofReplayer Proof replay took 8.1ns 
166504     INFO  main            d.u.i.k.p.r.p.TestFile    ... finished proof: closed. 
166926     INFO  main            d.u.i.k.p.i.AbstractProblemLoader Loading environment from /home/runner/work/key/key/key.core/../key.ui/examples/heap/permissions/threads/AFilter_startTransfer_contract.key.proof 
166926     DEBUG main            d.u.i.k.p.i.AbstractProblemLoader Environment load took 397.52ns 
166928     INFO  main            d.u.i.k.p.i.AbstractProblemLoader Creating init config 
172072     DEBUG main            d.u.i.k.p.i.AbstractProblemLoader Init config took 5.14s 
172174     INFO  main            d.u.i.k.p.i.AbstractProblemLoader Replaying proof AFilter[ThreadSpec2::startTransfer()].JML model_behavior operation contract.0 
172233     DEBUG main            d.u.i.k.p.i.IntermediateProofReplayer Proof replay took 55ms 
172234     DEBUG main            d.u.i.k.p.r.p.TestFile    ... success: reloaded. 
172236     INFO  main            d.u.i.k.p.r.p.TestFile    Now processing file /home/runner/work/key/key/key.core/../key.ui/examples/heap/permissions/threads/AFilter_stateInv_accessible.key 
172236     INFO  main            d.u.i.k.p.i.AbstractProblemLoader Loading environment from /home/runner/work/key/key/key.core/../key.ui/examples/heap/permissions/threads/AFilter_stateInv_accessible.key 
172236     DEBUG main            d.u.i.k.p.i.AbstractProblemLoader Environment load took 109.41ns 
172237     INFO  main            d.u.i.k.p.i.AbstractProblemLoader Creating init config 
177402     DEBUG main            d.u.i.k.p.i.AbstractProblemLoader Init config took 5.16s 
177498     INFO  main            d.u.i.k.p.i.AbstractProblemLoader Replaying proof AFilter[ThreadSpec2::stateInv()].JML accessible clause.0 
177500     DEBUG main            d.u.i.k.p.i.IntermediateProofReplayer Proof replay took 8.3ns 
177903     INFO  main            d.u.i.k.p.r.p.TestFile    ... finished proof: closed. 
178236     INFO  main            d.u.i.k.p.i.AbstractProblemLoader Loading environment from /home/runner/work/key/key/key.core/../key.ui/examples/heap/permissions/threads/AFilter_stateInv_accessible.key.proof 
178236     DEBUG main            d.u.i.k.p.i.AbstractProblemLoader Environment load took 148.41ns 
178237     INFO  main            d.u.i.k.p.i.AbstractProblemLoader Creating init config 
183260     DEBUG main            d.u.i.k.p.i.AbstractProblemLoader Init config took 5.02s 
183355     INFO  main            d.u.i.k.p.i.AbstractProblemLoader Replaying proof AFilter[ThreadSpec2::stateInv()].JML accessible clause.0 
183397     DEBUG main            d.u.i.k.p.i.IntermediateProofReplayer Proof replay took 39.02ms 
183398     DEBUG main            d.u.i.k.p.r.p.TestFile    ... success: reloaded. 
183400     INFO  main            d.u.i.k.p.r.p.TestFile    Now processing file /home/runner/work/key/key/key.core/../key.ui/examples/heap/permissions/threads/AFilter_staticPermissions_accessible.key 
183400     INFO  main            d.u.i.k.p.i.AbstractProblemLoader Loading environment from /home/runner/work/key/key/key.core/../key.ui/examples/heap/permissions/threads/AFilter_staticPermissions_accessible.key 
183400     DEBUG main            d.u.i.k.p.i.AbstractProblemLoader Environment load took 191.92ns 
183401     INFO  main            d.u.i.k.p.i.AbstractProblemLoader Creating init config 
188304     DEBUG main            d.u.i.k.p.i.AbstractProblemLoader Init config took 4.9s 
188419     INFO  main            d.u.i.k.p.i.AbstractProblemLoader Replaying proof AFilter[ThreadSpec2::staticPermissions()].JML accessible clause.0 
188421     DEBUG main            d.u.i.k.p.i.IntermediateProofReplayer Proof replay took 7.7ns 
188527     INFO  main            d.u.i.k.p.r.p.TestFile    ... finished proof: closed. 
188830     INFO  main            d.u.i.k.p.i.AbstractProblemLoader Loading environment from /home/runner/work/key/key/key.core/../key.ui/examples/heap/permissions/threads/AFilter_staticPermissions_accessible.key.proof 
188830     DEBUG main            d.u.i.k.p.i.AbstractProblemLoader Environment load took 134.21ns 
188831     INFO  main            d.u.i.k.p.i.AbstractProblemLoader Creating init config 
193700     DEBUG main            d.u.i.k.p.i.AbstractProblemLoader Init config took 4.87s 
193795     INFO  main            d.u.i.k.p.i.AbstractProblemLoader Replaying proof AFilter[ThreadSpec2::staticPermissions()].JML accessible clause.0 
193807     DEBUG main            d.u.i.k.p.i.IntermediateProofReplayer Proof replay took 10.27ms 
193808     DEBUG main            d.u.i.k.p.r.p.TestFile    ... success: reloaded. 
193809     INFO  main            d.u.i.k.p.r.p.TestFile    Now processing file /home/runner/work/key/key/key.core/../key.ui/examples/heap/permissions/threads/AFilter_workingPermissions_accessible.key 
193810     INFO  main            d.u.i.k.p.i.AbstractProblemLoader Loading environment from /home/runner/work/key/key/key.core/../key.ui/examples/heap/permissions/threads/AFilter_workingPermissions_accessible.key 
193810     DEBUG main            d.u.i.k.p.i.AbstractProblemLoader Environment load took 82.81ns 
193811     INFO  main            d.u.i.k.p.i.AbstractProblemLoader Creating init config 
199022     DEBUG main            d.u.i.k.p.i.AbstractProblemLoader Init config took 5.21s 
199119     INFO  main            d.u.i.k.p.i.AbstractProblemLoader Replaying proof AFilter[ThreadSpec2::workingPermissions()].JML accessible clause.0 
199121     DEBUG main            d.u.i.k.p.i.IntermediateProofReplayer Proof replay took 7.3ns 
199223     INFO  main            d.u.i.k.p.r.p.TestFile    ... finished proof: closed. 
199546     INFO  main            d.u.i.k.p.i.AbstractProblemLoader Loading environment from /home/runner/work/key/key/key.core/../key.ui/examples/heap/permissions/threads/AFilter_workingPermissions_accessible.key.proof 
199547     DEBUG main            d.u.i.k.p.i.AbstractProblemLoader Environment load took 120.41ns 
199550     INFO  main            d.u.i.k.p.i.AbstractProblemLoader Creating init config 
205166     DEBUG main            d.u.i.k.p.i.AbstractProblemLoader Init config took 5.62s 
205289     INFO  main            d.u.i.k.p.i.AbstractProblemLoader Replaying proof AFilter[ThreadSpec2::workingPermissions()].JML accessible clause.0 
205301     DEBUG main            d.u.i.k.p.i.IntermediateProofReplayer Proof replay took 9.98ms 
205302     DEBUG main            d.u.i.k.p.r.p.TestFile    ... success: reloaded. 
205304     INFO  main            d.u.i.k.p.r.p.TestFile    Now processing file /home/runner/work/key/key/key.core/../key.ui/examples/heap/permissions/threads/BFilter_BFilter.key 
205304     INFO  main            d.u.i.k.p.i.AbstractProblemLoader Loading environment from /home/runner/work/key/key/key.core/../key.ui/examples/heap/permissions/threads/BFilter_BFilter.key 
205304     DEBUG main            d.u.i.k.p.i.AbstractProblemLoader Environment load took 149.61ns 
205306     INFO  main            d.u.i.k.p.i.AbstractProblemLoader Creating init config 
210562     DEBUG main            d.u.i.k.p.i.AbstractProblemLoader Init config took 5.26s 
210661     INFO  main            d.u.i.k.p.i.AbstractProblemLoader Replaying proof BFilter[BFilter::BFilter(Sampler,Buffer)].JML normal_behavior operation contract.0 
210663     DEBUG main            d.u.i.k.p.i.IntermediateProofReplayer Proof replay took 7.5ns 
211769     INFO  main            d.u.i.k.p.r.p.TestFile    ... finished proof: closed. 
212156     INFO  main            d.u.i.k.p.i.AbstractProblemLoader Loading environment from /home/runner/work/key/key/key.core/../key.ui/examples/heap/permissions/threads/BFilter_BFilter.key.proof 
212156     DEBUG main            d.u.i.k.p.i.AbstractProblemLoader Environment load took 398.13ns 
212158     INFO  main            d.u.i.k.p.i.AbstractProblemLoader Creating init config 
217372     DEBUG main            d.u.i.k.p.i.AbstractProblemLoader Init config took 5.21s 
217477     INFO  main            d.u.i.k.p.i.AbstractProblemLoader Replaying proof BFilter[BFilter::BFilter(Sampler,Buffer)].JML normal_behavior operation contract.0 
217655     DEBUG main            d.u.i.k.p.i.IntermediateProofReplayer Proof replay took 172.92ms 
217656     DEBUG main            d.u.i.k.p.r.p.TestFile    ... success: reloaded. 
217657     INFO  main            d.u.i.k.p.r.p.TestFile    Now processing file /home/runner/work/key/key/key.core/../key.ui/examples/heap/permissions/threads/BFilter_initPost_accessible.key 
217657     INFO  main            d.u.i.k.p.i.AbstractProblemLoader Loading environment from /home/runner/work/key/key/key.core/../key.ui/examples/heap/permissions/threads/BFilter_initPost_accessible.key 
217657     DEBUG main            d.u.i.k.p.i.AbstractProblemLoader Environment load took 129.11ns 
217658     INFO  main            d.u.i.k.p.i.AbstractProblemLoader Creating init config 
222931     DEBUG main            d.u.i.k.p.i.AbstractProblemLoader Init config took 5.27s 
223032     INFO  main            d.u.i.k.p.i.AbstractProblemLoader Replaying proof BFilter[ThreadSpec2::initPost()].JML accessible clause.0 
223034     DEBUG main            d.u.i.k.p.i.IntermediateProofReplayer Proof replay took 7.7ns 
223139     INFO  main            d.u.i.k.p.r.p.TestFile    ... finished proof: closed. 
223476     INFO  main            d.u.i.k.p.i.AbstractProblemLoader Loading environment from /home/runner/work/key/key/key.core/../key.ui/examples/heap/permissions/threads/BFilter_initPost_accessible.key.proof 
223476     DEBUG main            d.u.i.k.p.i.AbstractProblemLoader Environment load took 127.21ns 
223477     INFO  main            d.u.i.k.p.i.AbstractProblemLoader Creating init config 
228655     DEBUG main            d.u.i.k.p.i.AbstractProblemLoader Init config took 5.18s 
228753     INFO  main            d.u.i.k.p.i.AbstractProblemLoader Replaying proof BFilter[ThreadSpec2::initPost()].JML accessible clause.0 
228767     DEBUG main            d.u.i.k.p.i.IntermediateProofReplayer Proof replay took 12.15ms 
228768     DEBUG main            d.u.i.k.p.r.p.TestFile    ... success: reloaded. 
228769     INFO  main            d.u.i.k.p.r.p.TestFile    Now processing file /home/runner/work/key/key/key.core/../key.ui/examples/heap/permissions/threads/BFilter_inv_accessible1.key 
228769     INFO  main            d.u.i.k.p.i.AbstractProblemLoader Loading environment from /home/runner/work/key/key/key.core/../key.ui/examples/heap/permissions/threads/BFilter_inv_accessible1.key 
228769     DEBUG main            d.u.i.k.p.i.AbstractProblemLoader Environment load took 102.01ns 
228770     INFO  main            d.u.i.k.p.i.AbstractProblemLoader Creating init config 
234021     DEBUG main            d.u.i.k.p.i.AbstractProblemLoader Init config took 5.25s 
234120     INFO  main            d.u.i.k.p.i.AbstractProblemLoader Replaying proof BFilter[java.lang.Object::<inv>()].JML accessible clause.0 
234121     DEBUG main            d.u.i.k.p.i.IntermediateProofReplayer Proof replay took 6.8ns 
234223     INFO  main            d.u.i.k.p.r.p.TestFile    ... finished proof: closed. 
234560     INFO  main            d.u.i.k.p.i.AbstractProblemLoader Loading environment from /home/runner/work/key/key/key.core/../key.ui/examples/heap/permissions/threads/BFilter_inv_accessible1.key.proof 
234560     DEBUG main            d.u.i.k.p.i.AbstractProblemLoader Environment load took 108.11ns 
234561     INFO  main            d.u.i.k.p.i.AbstractProblemLoader Creating init config 
239762     DEBUG main            d.u.i.k.p.i.AbstractProblemLoader Init config took 5.2s 
239862     INFO  main            d.u.i.k.p.i.AbstractProblemLoader Replaying proof BFilter[java.lang.Object::<inv>()].JML accessible clause.0 
239866     DEBUG main            d.u.i.k.p.i.IntermediateProofReplayer Proof replay took 2.3ms 
239867     DEBUG main            d.u.i.k.p.r.p.TestFile    ... success: reloaded. 
239868     INFO  main            d.u.i.k.p.r.p.TestFile    Now processing file /home/runner/work/key/key/key.core/../key.ui/examples/heap/permissions/threads/BFilter_inv_accessible2.key 
239868     INFO  main            d.u.i.k.p.i.AbstractProblemLoader Loading environment from /home/runner/work/key/key/key.core/../key.ui/examples/heap/permissions/threads/BFilter_inv_accessible2.key 
239868     DEBUG main            d.u.i.k.p.i.AbstractProblemLoader Environment load took 125.91ns 
239869     INFO  main            d.u.i.k.p.i.AbstractProblemLoader Creating init config 
245122     DEBUG main            d.u.i.k.p.i.AbstractProblemLoader Init config took 5.25s 
245241     INFO  main            d.u.i.k.p.i.AbstractProblemLoader Replaying proof BFilter[java.lang.Object::<inv>()].JML accessible clause.1 
245243     DEBUG main            d.u.i.k.p.i.IntermediateProofReplayer Proof replay took 7.8ns 
245349     INFO  main            d.u.i.k.p.r.p.TestFile    ... finished proof: closed. 
245695     INFO  main            d.u.i.k.p.i.AbstractProblemLoader Loading environment from /home/runner/work/key/key/key.core/../key.ui/examples/heap/permissions/threads/BFilter_inv_accessible2.key.proof 
245695     DEBUG main            d.u.i.k.p.i.AbstractProblemLoader Environment load took 117.81ns 
245696     INFO  main            d.u.i.k.p.i.AbstractProblemLoader Creating init config 
250665     DEBUG main            d.u.i.k.p.i.AbstractProblemLoader Init config took 4.97s 
250766     INFO  main            d.u.i.k.p.i.AbstractProblemLoader Replaying proof BFilter[java.lang.Object::<inv>()].JML accessible clause.1 
250772     DEBUG main            d.u.i.k.p.i.IntermediateProofReplayer Proof replay took 1.75ms 
250777     DEBUG main            d.u.i.k.p.r.p.TestFile    ... success: reloaded. 
250778     INFO  main            d.u.i.k.p.r.p.TestFile    Now processing file /home/runner/work/key/key/key.core/../key.ui/examples/heap/permissions/threads/BFilter_joinTransfer_accessible.key 
250779     INFO  main            d.u.i.k.p.i.AbstractProblemLoader Loading environment from /home/runner/work/key/key/key.core/../key.ui/examples/heap/permissions/threads/BFilter_joinTransfer_accessible.key 
250779     DEBUG main            d.u.i.k.p.i.AbstractProblemLoader Environment load took 190.11ns 
250780     INFO  main            d.u.i.k.p.i.AbstractProblemLoader Creating init config 
255995     DEBUG main            d.u.i.k.p.i.AbstractProblemLoader Init config took 5.21s 
256103     INFO  main            d.u.i.k.p.i.AbstractProblemLoader Replaying proof BFilter[ThreadSpec2::joinTransfer()].JML accessible clause.0 
256104     DEBUG main            d.u.i.k.p.i.IntermediateProofReplayer Proof replay took 9ns 
257416     INFO  main            d.u.i.k.p.r.p.TestFile    ... finished proof: closed. 
257782     INFO  main            d.u.i.k.p.i.AbstractProblemLoader Loading environment from /home/runner/work/key/key/key.core/../key.ui/examples/heap/permissions/threads/BFilter_joinTransfer_accessible.key.proof 
257783     DEBUG main            d.u.i.k.p.i.AbstractProblemLoader Environment load took 385.43ns 
257784     INFO  main            d.u.i.k.p.i.AbstractProblemLoader Creating init config 
262871     DEBUG main            d.u.i.k.p.i.AbstractProblemLoader Init config took 5.09s 
262970     INFO  main            d.u.i.k.p.i.AbstractProblemLoader Replaying proof BFilter[ThreadSpec2::joinTransfer()].JML accessible clause.0 
263104     DEBUG main            d.u.i.k.p.i.IntermediateProofReplayer Proof replay took 129.18ms 
263106     DEBUG main            d.u.i.k.p.r.p.TestFile    ... success: reloaded. 
263107     INFO  main            d.u.i.k.p.r.p.TestFile    Now processing file /home/runner/work/key/key/key.core/../key.ui/examples/heap/permissions/threads/BFilter_joinTransfer_contract.key 
263107     INFO  main            d.u.i.k.p.i.AbstractProblemLoader Loading environment from /home/runner/work/key/key/key.core/../key.ui/examples/heap/permissions/threads/BFilter_joinTransfer_contract.key 
263108     DEBUG main            d.u.i.k.p.i.AbstractProblemLoader Environment load took 193.01ns 
263109     INFO  main            d.u.i.k.p.i.AbstractProblemLoader Creating init config 
268306     DEBUG main            d.u.i.k.p.i.AbstractProblemLoader Init config took 5.2s 
268422     INFO  main            d.u.i.k.p.i.AbstractProblemLoader Replaying proof BFilter[ThreadSpec2::joinTransfer()].JML model_behavior operation contract.0 
268424     DEBUG main            d.u.i.k.p.i.IntermediateProofReplayer Proof replay took 8.3ns 
268525     INFO  main            d.u.i.k.p.r.p.TestFile    ... finished proof: closed. 
269074     INFO  main            d.u.i.k.p.i.AbstractProblemLoader Loading environment from /home/runner/work/key/key/key.core/../key.ui/examples/heap/permissions/threads/BFilter_joinTransfer_contract.key.proof 
269074     DEBUG main            d.u.i.k.p.i.AbstractProblemLoader Environment load took 111.41ns 
269075     INFO  main            d.u.i.k.p.i.AbstractProblemLoader Creating init config 
274045     DEBUG main            d.u.i.k.p.i.AbstractProblemLoader Init config took 4.97s 
274142     INFO  main            d.u.i.k.p.i.AbstractProblemLoader Replaying proof BFilter[ThreadSpec2::joinTransfer()].JML model_behavior operation contract.0 
274151     DEBUG main            d.u.i.k.p.i.IntermediateProofReplayer Proof replay took 7.95ms 
274152     DEBUG main            d.u.i.k.p.r.p.TestFile    ... success: reloaded. 
274153     INFO  main            d.u.i.k.p.r.p.TestFile    Now processing file /home/runner/work/key/key/key.core/../key.ui/examples/heap/permissions/threads/BFilter_postJoin_accessible.key 
274154     INFO  main            d.u.i.k.p.i.AbstractProblemLoader Loading environment from /home/runner/work/key/key/key.core/../key.ui/examples/heap/permissions/threads/BFilter_postJoin_accessible.key 
274154     DEBUG main            d.u.i.k.p.i.AbstractProblemLoader Environment load took 66.2ns 
274155     INFO  main            d.u.i.k.p.i.AbstractProblemLoader Creating init config 
279420     DEBUG main            d.u.i.k.p.i.AbstractProblemLoader Init config took 5.26s 
279536     INFO  main            d.u.i.k.p.i.AbstractProblemLoader Replaying proof BFilter[ThreadSpec2::postJoin(java.lang.Object)].JML accessible clause.0 
279538     DEBUG main            d.u.i.k.p.i.IntermediateProofReplayer Proof replay took 9.1ns 
279640     INFO  main            d.u.i.k.p.r.p.TestFile    ... finished proof: closed. 
280077     INFO  main            d.u.i.k.p.i.AbstractProblemLoader Loading environment from /home/runner/work/key/key/key.core/../key.ui/examples/heap/permissions/threads/BFilter_postJoin_accessible.key.proof 
280077     DEBUG main            d.u.i.k.p.i.AbstractProblemLoader Environment load took 103.31ns 
280078     INFO  main            d.u.i.k.p.i.AbstractProblemLoader Creating init config 
285214     DEBUG main            d.u.i.k.p.i.AbstractProblemLoader Init config took 5.14s 
285314     INFO  main            d.u.i.k.p.i.AbstractProblemLoader Replaying proof BFilter[ThreadSpec2::postJoin(java.lang.Object)].JML accessible clause.0 
285324     DEBUG main            d.u.i.k.p.i.IntermediateProofReplayer Proof replay took 7.27ms 
285325     DEBUG main            d.u.i.k.p.r.p.TestFile    ... success: reloaded. 
285326     INFO  main            d.u.i.k.p.r.p.TestFile    Now processing file /home/runner/work/key/key/key.core/../key.ui/examples/heap/permissions/threads/BFilter_preStart_accessible.key 
285326     INFO  main            d.u.i.k.p.i.AbstractProblemLoader Loading environment from /home/runner/work/key/key/key.core/../key.ui/examples/heap/permissions/threads/BFilter_preStart_accessible.key 
285327     DEBUG main            d.u.i.k.p.i.AbstractProblemLoader Environment load took 207.01ns 
285328     INFO  main            d.u.i.k.p.i.AbstractProblemLoader Creating init config 
290554     DEBUG main            d.u.i.k.p.i.AbstractProblemLoader Init config took 5.23s 
290647     INFO  main            d.u.i.k.p.i.AbstractProblemLoader Replaying proof BFilter[ThreadSpec2::preStart(java.lang.Object)].JML accessible clause.0 
290649     DEBUG main            d.u.i.k.p.i.IntermediateProofReplayer Proof replay took 8ns 
290952     INFO  main            d.u.i.k.p.r.p.TestFile    ... finished proof: closed. 
291352     INFO  main            d.u.i.k.p.i.AbstractProblemLoader Loading environment from /home/runner/work/key/key/key.core/../key.ui/examples/heap/permissions/threads/BFilter_preStart_accessible.key.proof 
291352     DEBUG main            d.u.i.k.p.i.AbstractProblemLoader Environment load took 99.31ns 
291353     INFO  main            d.u.i.k.p.i.AbstractProblemLoader Creating init config 
296356     DEBUG main            d.u.i.k.p.i.AbstractProblemLoader Init config took 5s 
296452     INFO  main            d.u.i.k.p.i.AbstractProblemLoader Replaying proof BFilter[ThreadSpec2::preStart(java.lang.Object)].JML accessible clause.0 
296489     DEBUG main            d.u.i.k.p.i.IntermediateProofReplayer Proof replay took 33.31ms 
296490     DEBUG main            d.u.i.k.p.r.p.TestFile    ... success: reloaded. 
296491     INFO  main            d.u.i.k.p.r.p.TestFile    Now processing file /home/runner/work/key/key/key.core/../key.ui/examples/heap/permissions/threads/BFilter_startTransfer_accessible.key 
296491     INFO  main            d.u.i.k.p.i.AbstractProblemLoader Loading environment from /home/runner/work/key/key/key.core/../key.ui/examples/heap/permissions/threads/BFilter_startTransfer_accessible.key 
296491     DEBUG main            d.u.i.k.p.i.AbstractProblemLoader Environment load took 82.41ns 
296492     INFO  main            d.u.i.k.p.i.AbstractProblemLoader Creating init config 
301721     DEBUG main            d.u.i.k.p.i.AbstractProblemLoader Init config took 5.23s 
301817     INFO  main            d.u.i.k.p.i.AbstractProblemLoader Replaying proof BFilter[ThreadSpec2::startTransfer()].JML accessible clause.0 
301819     DEBUG main            d.u.i.k.p.i.IntermediateProofReplayer Proof replay took 7.6ns 
313259     INFO  main            d.u.i.k.p.r.p.TestFile    ... finished proof: closed. 
313675     INFO  main            d.u.i.k.p.i.AbstractProblemLoader Loading environment from /home/runner/work/key/key/key.core/../key.ui/examples/heap/permissions/threads/BFilter_startTransfer_accessible.key.proof 
313676     DEBUG main            d.u.i.k.p.i.AbstractProblemLoader Environment load took 361.02ns 
313677     INFO  main            d.u.i.k.p.i.AbstractProblemLoader Creating init config 
318838     DEBUG main            d.u.i.k.p.i.AbstractProblemLoader Init config took 5.16s 
318957     INFO  main            d.u.i.k.p.i.AbstractProblemLoader Replaying proof BFilter[ThreadSpec2::startTransfer()].JML accessible clause.0 
319901     DEBUG main            d.u.i.k.p.i.IntermediateProofReplayer Proof replay took 925.45ms 
319903     DEBUG main            d.u.i.k.p.r.p.TestFile    ... success: reloaded. 
319904     INFO  main            d.u.i.k.p.r.p.TestFile    Now processing file /home/runner/work/key/key/key.core/../key.ui/examples/heap/permissions/threads/BFilter_startTransfer_contract.key 
319905     INFO  main            d.u.i.k.p.i.AbstractProblemLoader Loading environment from /home/runner/work/key/key/key.core/../key.ui/examples/heap/permissions/threads/BFilter_startTransfer_contract.key 
319905     DEBUG main            d.u.i.k.p.i.AbstractProblemLoader Environment load took 188.31ns 
319906     INFO  main            d.u.i.k.p.i.AbstractProblemLoader Creating init config 
325047     DEBUG main            d.u.i.k.p.i.AbstractProblemLoader Init config took 5.14s 
325149     INFO  main            d.u.i.k.p.i.AbstractProblemLoader Replaying proof BFilter[ThreadSpec2::startTransfer()].JML model_behavior operation contract.0 
325153     DEBUG main            d.u.i.k.p.i.IntermediateProofReplayer Proof replay took 8.3ns 
326362     INFO  main            d.u.i.k.p.r.p.TestFile    ... finished proof: closed. 
326775     INFO  main            d.u.i.k.p.i.AbstractProblemLoader Loading environment from /home/runner/work/key/key/key.core/../key.ui/examples/heap/permissions/threads/BFilter_startTransfer_contract.key.proof 
326775     DEBUG main            d.u.i.k.p.i.AbstractProblemLoader Environment load took 99.11ns 
326777     INFO  main            d.u.i.k.p.i.AbstractProblemLoader Creating init config 
331882     DEBUG main            d.u.i.k.p.i.AbstractProblemLoader Init config took 5.11s 
331983     INFO  main            d.u.i.k.p.i.AbstractProblemLoader Replaying proof BFilter[ThreadSpec2::startTransfer()].JML model_behavior operation contract.0 
332097     DEBUG main            d.u.i.k.p.i.IntermediateProofReplayer Proof replay took 107.94ms 
332098     DEBUG main            d.u.i.k.p.r.p.TestFile    ... success: reloaded. 
332099     INFO  main            d.u.i.k.p.r.p.TestFile    Now processing file /home/runner/work/key/key/key.core/../key.ui/examples/heap/permissions/threads/BFilter_stateInv_accessible.key 
332099     INFO  main            d.u.i.k.p.i.AbstractProblemLoader Loading environment from /home/runner/work/key/key/key.core/../key.ui/examples/heap/permissions/threads/BFilter_stateInv_accessible.key 
332099     DEBUG main            d.u.i.k.p.i.AbstractProblemLoader Environment load took 83.7ns 
332100     INFO  main            d.u.i.k.p.i.AbstractProblemLoader Creating init config 
337388     DEBUG main            d.u.i.k.p.i.AbstractProblemLoader Init config took 5.29s 
337483     INFO  main            d.u.i.k.p.i.AbstractProblemLoader Replaying proof BFilter[ThreadSpec2::stateInv()].JML accessible clause.0 
337485     DEBUG main            d.u.i.k.p.i.IntermediateProofReplayer Proof replay took 7.6ns 
337888     INFO  main            d.u.i.k.p.r.p.TestFile    ... finished proof: closed. 
338326     INFO  main            d.u.i.k.p.i.AbstractProblemLoader Loading environment from /home/runner/work/key/key/key.core/../key.ui/examples/heap/permissions/threads/BFilter_stateInv_accessible.key.proof 
338326     DEBUG main            d.u.i.k.p.i.AbstractProblemLoader Environment load took 100.51ns 
338327     INFO  main            d.u.i.k.p.i.AbstractProblemLoader Creating init config 
343432     DEBUG main            d.u.i.k.p.i.AbstractProblemLoader Init config took 5.1s 
343550     INFO  main            d.u.i.k.p.i.AbstractProblemLoader Replaying proof BFilter[ThreadSpec2::stateInv()].JML accessible clause.0 
343598     DEBUG main            d.u.i.k.p.i.IntermediateProofReplayer Proof replay took 44.47ms 
343599     DEBUG main            d.u.i.k.p.r.p.TestFile    ... success: reloaded. 
343600     INFO  main            d.u.i.k.p.r.p.TestFile    Now processing file /home/runner/work/key/key/key.core/../key.ui/examples/heap/permissions/threads/BFilter_staticPermissions_accessible.key 
343600     INFO  main            d.u.i.k.p.i.AbstractProblemLoader Loading environment from /home/runner/work/key/key/key.core/../key.ui/examples/heap/permissions/threads/BFilter_staticPermissions_accessible.key 
343601     DEBUG main            d.u.i.k.p.i.AbstractProblemLoader Environment load took 63.6ns 
343602     INFO  main            d.u.i.k.p.i.AbstractProblemLoader Creating init config 
348786     DEBUG main            d.u.i.k.p.i.AbstractProblemLoader Init config took 5.18s 
348904     INFO  main            d.u.i.k.p.i.AbstractProblemLoader Replaying proof BFilter[ThreadSpec2::staticPermissions()].JML accessible clause.0 
348911     DEBUG main            d.u.i.k.p.i.IntermediateProofReplayer Proof replay took 8.4ns 
349013     INFO  main            d.u.i.k.p.r.p.TestFile    ... finished proof: closed. 
349424     INFO  main            d.u.i.k.p.i.AbstractProblemLoader Loading environment from /home/runner/work/key/key/key.core/../key.ui/examples/heap/permissions/threads/BFilter_staticPermissions_accessible.key.proof 
349424     DEBUG main            d.u.i.k.p.i.AbstractProblemLoader Environment load took 95.01ns 
349425     INFO  main            d.u.i.k.p.i.AbstractProblemLoader Creating init config 
354486     DEBUG main            d.u.i.k.p.i.AbstractProblemLoader Init config took 5.06s 
354581     INFO  main            d.u.i.k.p.i.AbstractProblemLoader Replaying proof BFilter[ThreadSpec2::staticPermissions()].JML accessible clause.0 
354593     DEBUG main            d.u.i.k.p.i.IntermediateProofReplayer Proof replay took 10.07ms 
354594     DEBUG main            d.u.i.k.p.r.p.TestFile    ... success: reloaded. 
354595     INFO  main            d.u.i.k.p.r.p.TestFile    Now processing file /home/runner/work/key/key/key.core/../key.ui/examples/heap/permissions/threads/BFilter_workingPermissions_accessible.key 
354595     INFO  main            d.u.i.k.p.i.AbstractProblemLoader Loading environment from /home/runner/work/key/key/key.core/../key.ui/examples/heap/permissions/threads/BFilter_workingPermissions_accessible.key 
354595     DEBUG main            d.u.i.k.p.i.AbstractProblemLoader Environment load took 89.51ns 
354596     INFO  main            d.u.i.k.p.i.AbstractProblemLoader Creating init config 
359820     DEBUG main            d.u.i.k.p.i.AbstractProblemLoader Init config took 5.22s 
359918     INFO  main            d.u.i.k.p.i.AbstractProblemLoader Replaying proof BFilter[ThreadSpec2::workingPermissions()].JML accessible clause.0 
359919     DEBUG main            d.u.i.k.p.i.IntermediateProofReplayer Proof replay took 7.6ns 
360021     INFO  main            d.u.i.k.p.r.p.TestFile    ... finished proof: closed. 
360444     INFO  main            d.u.i.k.p.i.AbstractProblemLoader Loading environment from /home/runner/work/key/key/key.core/../key.ui/examples/heap/permissions/threads/BFilter_workingPermissions_accessible.key.proof 
360444     DEBUG main            d.u.i.k.p.i.AbstractProblemLoader Environment load took 106.21ns 
360445     INFO  main            d.u.i.k.p.i.AbstractProblemLoader Creating init config 
365577     DEBUG main            d.u.i.k.p.i.AbstractProblemLoader Init config took 5.13s 
365677     INFO  main            d.u.i.k.p.i.AbstractProblemLoader Replaying proof BFilter[ThreadSpec2::workingPermissions()].JML accessible clause.0 
365688     DEBUG main            d.u.i.k.p.i.IntermediateProofReplayer Proof replay took 8.54ms 
365689     DEBUG main            d.u.i.k.p.r.p.TestFile    ... success: reloaded. 
365690     INFO  main            d.u.i.k.p.r.p.TestFile    Now processing file /home/runner/work/key/key/key.core/../key.ui/examples/heap/permissions/threads/Fib_Fib.key 
365690     INFO  main            d.u.i.k.p.i.AbstractProblemLoader Loading environment from /home/runner/work/key/key/key.core/../key.ui/examples/heap/permissions/threads/Fib_Fib.key 
365690     DEBUG main            d.u.i.k.p.i.AbstractProblemLoader Environment load took 178.01ns 
365691     INFO  main            d.u.i.k.p.i.AbstractProblemLoader Creating init config 
370883     DEBUG main            d.u.i.k.p.i.AbstractProblemLoader Init config took 5.19s 
370981     INFO  main            d.u.i.k.p.i.AbstractProblemLoader Replaying proof Fib[Fib::Fib(int)].JML normal_behavior operation contract.0 
370982     DEBUG main            d.u.i.k.p.i.IntermediateProofReplayer Proof replay took 7.5ns 
371685     INFO  main            d.u.i.k.p.r.p.TestFile    ... finished proof: closed. 
372115     INFO  main            d.u.i.k.p.i.AbstractProblemLoader Loading environment from /home/runner/work/key/key/key.core/../key.ui/examples/heap/permissions/threads/Fib_Fib.key.proof 
372115     DEBUG main            d.u.i.k.p.i.AbstractProblemLoader Environment load took 101.21ns 
372116     INFO  main            d.u.i.k.p.i.AbstractProblemLoader Creating init config 
377173     DEBUG main            d.u.i.k.p.i.AbstractProblemLoader Init config took 5.06s 
377269     INFO  main            d.u.i.k.p.i.AbstractProblemLoader Replaying proof Fib[Fib::Fib(int)].JML normal_behavior operation contract.0 
377404     DEBUG main            d.u.i.k.p.i.IntermediateProofReplayer Proof replay took 132.75ms 
377406     DEBUG main            d.u.i.k.p.r.p.TestFile    ... success: reloaded. 
377407     INFO  main            d.u.i.k.p.r.p.TestFile    Now processing file /home/runner/work/key/key/key.core/../key.ui/examples/heap/permissions/threads/Fib_initPost_accessible.key 
377407     INFO  main            d.u.i.k.p.i.AbstractProblemLoader Loading environment from /home/runner/work/key/key/key.core/../key.ui/examples/heap/permissions/threads/Fib_initPost_accessible.key 
377407     DEBUG main            d.u.i.k.p.i.AbstractProblemLoader Environment load took 55.3ns 
377408     INFO  main            d.u.i.k.p.i.AbstractProblemLoader Creating init config 
382546     DEBUG main            d.u.i.k.p.i.AbstractProblemLoader Init config took 5.14s 
382642     INFO  main            d.u.i.k.p.i.AbstractProblemLoader Replaying proof Fib[ThreadSpec::initPost()].JML accessible clause.0 
382644     DEBUG main            d.u.i.k.p.i.IntermediateProofReplayer Proof replay took 8.4ns 
382746     INFO  main            d.u.i.k.p.r.p.TestFile    ... finished proof: closed. 
383190     INFO  main            d.u.i.k.p.i.AbstractProblemLoader Loading environment from /home/runner/work/key/key/key.core/../key.ui/examples/heap/permissions/threads/Fib_initPost_accessible.key.proof 
383190     DEBUG main            d.u.i.k.p.i.AbstractProblemLoader Environment load took 94.61ns 
383191     INFO  main            d.u.i.k.p.i.AbstractProblemLoader Creating init config 
388335     DEBUG main            d.u.i.k.p.i.AbstractProblemLoader Init config took 5.14s 
388433     INFO  main            d.u.i.k.p.i.AbstractProblemLoader Replaying proof Fib[ThreadSpec::initPost()].JML accessible clause.0 
388441     DEBUG main            d.u.i.k.p.i.IntermediateProofReplayer Proof replay took 5.61ms 
388442     DEBUG main            d.u.i.k.p.r.p.TestFile    ... success: reloaded. 
388443     INFO  main            d.u.i.k.p.r.p.TestFile    Now processing file /home/runner/work/key/key/key.core/../key.ui/examples/heap/permissions/threads/Fib_inv1_accessible.key 
388443     INFO  main            d.u.i.k.p.i.AbstractProblemLoader Loading environment from /home/runner/work/key/key/key.core/../key.ui/examples/heap/permissions/threads/Fib_inv1_accessible.key 
388443     DEBUG main            d.u.i.k.p.i.AbstractProblemLoader Environment load took 113.81ns 
388444     INFO  main            d.u.i.k.p.i.AbstractProblemLoader Creating init config 
393722     DEBUG main            d.u.i.k.p.i.AbstractProblemLoader Init config took 5.28s 
393839     INFO  main            d.u.i.k.p.i.AbstractProblemLoader Replaying proof Fib[java.lang.Object::<inv>()].JML accessible clause.0 
393841     DEBUG main            d.u.i.k.p.i.IntermediateProofReplayer Proof replay took 8.4ns 
393943     INFO  main            d.u.i.k.p.r.p.TestFile    ... finished proof: closed. 
394392     INFO  main            d.u.i.k.p.i.AbstractProblemLoader Loading environment from /home/runner/work/key/key/key.core/../key.ui/examples/heap/permissions/threads/Fib_inv1_accessible.key.proof 
394392     DEBUG main            d.u.i.k.p.i.AbstractProblemLoader Environment load took 97.7ns 
394393     INFO  main            d.u.i.k.p.i.AbstractProblemLoader Creating init config 
399628     DEBUG main            d.u.i.k.p.i.AbstractProblemLoader Init config took 5.24s 
399729     INFO  main            d.u.i.k.p.i.AbstractProblemLoader Replaying proof Fib[java.lang.Object::<inv>()].JML accessible clause.0 
399750     DEBUG main            d.u.i.k.p.i.IntermediateProofReplayer Proof replay took 19.94ms 
399751     DEBUG main            d.u.i.k.p.r.p.TestFile    ... success: reloaded. 
399752     INFO  main            d.u.i.k.p.r.p.TestFile    Now processing file /home/runner/work/key/key/key.core/../key.ui/examples/heap/permissions/threads/Fib_inv2_accessible.key 
399752     INFO  main            d.u.i.k.p.i.AbstractProblemLoader Loading environment from /home/runner/work/key/key/key.core/../key.ui/examples/heap/permissions/threads/Fib_inv2_accessible.key 
399752     DEBUG main            d.u.i.k.p.i.AbstractProblemLoader Environment load took 87.51ns 
399753     INFO  main            d.u.i.k.p.i.AbstractProblemLoader Creating init config 
405038     DEBUG main            d.u.i.k.p.i.AbstractProblemLoader Init config took 5.28s 
405138     INFO  main            d.u.i.k.p.i.AbstractProblemLoader Replaying proof Fib[java.lang.Object::<inv>()].JML accessible clause.1 
405139     DEBUG main            d.u.i.k.p.i.IntermediateProofReplayer Proof replay took 9.1ns 
405241     INFO  main            d.u.i.k.p.r.p.TestFile    ... finished proof: closed. 
405697     INFO  main            d.u.i.k.p.i.AbstractProblemLoader Loading environment from /home/runner/work/key/key/key.core/../key.ui/examples/heap/permissions/threads/Fib_inv2_accessible.key.proof 
405697     DEBUG main            d.u.i.k.p.i.AbstractProblemLoader Environment load took 94.71ns 
405698     INFO  main            d.u.i.k.p.i.AbstractProblemLoader Creating init config 
410740     DEBUG main            d.u.i.k.p.i.AbstractProblemLoader Init config took 5.04s 
410850     INFO  main            d.u.i.k.p.i.AbstractProblemLoader Replaying proof Fib[java.lang.Object::<inv>()].JML accessible clause.1 
410853     DEBUG main            d.u.i.k.p.i.IntermediateProofReplayer Proof replay took 1.98ms 
410854     DEBUG main            d.u.i.k.p.r.p.TestFile    ... success: reloaded. 
410855     INFO  main            d.u.i.k.p.r.p.TestFile    Now processing file /home/runner/work/key/key/key.core/../key.ui/examples/heap/permissions/threads/Fib_joinTransfer_accessible.key 
410855     INFO  main            d.u.i.k.p.i.AbstractProblemLoader Loading environment from /home/runner/work/key/key/key.core/../key.ui/examples/heap/permissions/threads/Fib_joinTransfer_accessible.key 
410855     DEBUG main            d.u.i.k.p.i.AbstractProblemLoader Environment load took 93.61ns 
410856     INFO  main            d.u.i.k.p.i.AbstractProblemLoader Creating init config 
416064     DEBUG main            d.u.i.k.p.i.AbstractProblemLoader Init config took 5.21s 
416166     INFO  main            d.u.i.k.p.i.AbstractProblemLoader Replaying proof Fib[ThreadSpec::joinTransfer()].JML accessible clause.0 
416168     DEBUG main            d.u.i.k.p.i.IntermediateProofReplayer Proof replay took 8ns 
416370     INFO  main            d.u.i.k.p.r.p.TestFile    ... finished proof: closed. 
416837     INFO  main            d.u.i.k.p.i.AbstractProblemLoader Loading environment from /home/runner/work/key/key/key.core/../key.ui/examples/heap/permissions/threads/Fib_joinTransfer_accessible.key.proof 
416837     DEBUG main            d.u.i.k.p.i.AbstractProblemLoader Environment load took 101.21ns 
416838     INFO  main            d.u.i.k.p.i.AbstractProblemLoader Creating init config 
422030     DEBUG main            d.u.i.k.p.i.AbstractProblemLoader Init config took 5.19s 
422130     INFO  main            d.u.i.k.p.i.AbstractProblemLoader Replaying proof Fib[ThreadSpec::joinTransfer()].JML accessible clause.0 
422160     DEBUG main            d.u.i.k.p.i.IntermediateProofReplayer Proof replay took 27.34ms 
422161     DEBUG main            d.u.i.k.p.r.p.TestFile    ... success: reloaded. 
422162     INFO  main            d.u.i.k.p.r.p.TestFile    Now processing file /home/runner/work/key/key/key.core/../key.ui/examples/heap/permissions/threads/Fib_joinTransfer_contract.key 
422162     INFO  main            d.u.i.k.p.i.AbstractProblemLoader Loading environment from /home/runner/work/key/key/key.core/../key.ui/examples/heap/permissions/threads/Fib_joinTransfer_contract.key 
422162     DEBUG main            d.u.i.k.p.i.AbstractProblemLoader Environment load took 109.01ns 
422163     INFO  main            d.u.i.k.p.i.AbstractProblemLoader Creating init config 
427453     DEBUG main            d.u.i.k.p.i.AbstractProblemLoader Init config took 5.29s 
427570     INFO  main            d.u.i.k.p.i.AbstractProblemLoader Replaying proof Fib[ThreadSpec::joinTransfer()].JML model_behavior operation contract.0 
427571     DEBUG main            d.u.i.k.p.i.IntermediateProofReplayer Proof replay took 7.6ns 
427673     INFO  main            d.u.i.k.p.r.p.TestFile    ... finished proof: closed. 
428136     INFO  main            d.u.i.k.p.i.AbstractProblemLoader Loading environment from /home/runner/work/key/key/key.core/../key.ui/examples/heap/permissions/threads/Fib_joinTransfer_contract.key.proof 
428137     DEBUG main            d.u.i.k.p.i.AbstractProblemLoader Environment load took 119.51ns 
428138     INFO  main            d.u.i.k.p.i.AbstractProblemLoader Creating init config 
433333     DEBUG main            d.u.i.k.p.i.AbstractProblemLoader Init config took 5.2s 
433430     INFO  main            d.u.i.k.p.i.AbstractProblemLoader Replaying proof Fib[ThreadSpec::joinTransfer()].JML model_behavior operation contract.0 
433439     DEBUG main            d.u.i.k.p.i.IntermediateProofReplayer Proof replay took 7.48ms 
433440     DEBUG main            d.u.i.k.p.r.p.TestFile    ... success: reloaded. 
433441     INFO  main            d.u.i.k.p.r.p.TestFile    Now processing file /home/runner/work/key/key/key.core/../key.ui/examples/heap/permissions/threads/Fib_postJoin_accessible.key 
433442     INFO  main            d.u.i.k.p.i.AbstractProblemLoader Loading environment from /home/runner/work/key/key/key.core/../key.ui/examples/heap/permissions/threads/Fib_postJoin_accessible.key 
433442     DEBUG main            d.u.i.k.p.i.AbstractProblemLoader Environment load took 178.51ns 
433443     INFO  main            d.u.i.k.p.i.AbstractProblemLoader Creating init config 
438714     DEBUG main            d.u.i.k.p.i.AbstractProblemLoader Init config took 5.27s 
438838     INFO  main            d.u.i.k.p.i.AbstractProblemLoader Replaying proof Fib[ThreadSpec::postJoin(java.lang.Object)].JML accessible clause.0 
438840     DEBUG main            d.u.i.k.p.i.IntermediateProofReplayer Proof replay took 8.6ns 
438942     INFO  main            d.u.i.k.p.r.p.TestFile    ... finished proof: closed. 
439436     INFO  main            d.u.i.k.p.i.AbstractProblemLoader Loading environment from /home/runner/work/key/key/key.core/../key.ui/examples/heap/permissions/threads/Fib_postJoin_accessible.key.proof 
439436     DEBUG main            d.u.i.k.p.i.AbstractProblemLoader Environment load took 102.71ns 
439437     INFO  main            d.u.i.k.p.i.AbstractProblemLoader Creating init config 
444664     DEBUG main            d.u.i.k.p.i.AbstractProblemLoader Init config took 5.23s 
444762     INFO  main            d.u.i.k.p.i.AbstractProblemLoader Replaying proof Fib[ThreadSpec::postJoin(java.lang.Object)].JML accessible clause.0 
444769     DEBUG main            d.u.i.k.p.i.IntermediateProofReplayer Proof replay took 5.81ms 
444770     DEBUG main            d.u.i.k.p.r.p.TestFile    ... success: reloaded. 
444771     INFO  main            d.u.i.k.p.r.p.TestFile    Now processing file /home/runner/work/key/key/key.core/../key.ui/examples/heap/permissions/threads/Fib_preStart_accessible.key 
444771     INFO  main            d.u.i.k.p.i.AbstractProblemLoader Loading environment from /home/runner/work/key/key/key.core/../key.ui/examples/heap/permissions/threads/Fib_preStart_accessible.key 
444771     DEBUG main            d.u.i.k.p.i.AbstractProblemLoader Environment load took 137.21ns 
444773     INFO  main            d.u.i.k.p.i.AbstractProblemLoader Creating init config 
450084     DEBUG main            d.u.i.k.p.i.AbstractProblemLoader Init config took 5.31s 
450185     INFO  main            d.u.i.k.p.i.AbstractProblemLoader Replaying proof Fib[ThreadSpec::preStart(java.lang.Object)].JML accessible clause.0 
450187     DEBUG main            d.u.i.k.p.i.IntermediateProofReplayer Proof replay took 9.1ns 
450288     INFO  main            d.u.i.k.p.r.p.TestFile    ... finished proof: closed. 
450779     INFO  main            d.u.i.k.p.i.AbstractProblemLoader Loading environment from /home/runner/work/key/key/key.core/../key.ui/examples/heap/permissions/threads/Fib_preStart_accessible.key.proof 
450779     DEBUG main            d.u.i.k.p.i.AbstractProblemLoader Environment load took 101.11ns 
450780     INFO  main            d.u.i.k.p.i.AbstractProblemLoader Creating init config 
456085     DEBUG main            d.u.i.k.p.i.AbstractProblemLoader Init config took 5.31s 
456185     INFO  main            d.u.i.k.p.i.AbstractProblemLoader Replaying proof Fib[ThreadSpec::preStart(java.lang.Object)].JML accessible clause.0 
456192     DEBUG main            d.u.i.k.p.i.IntermediateProofReplayer Proof replay took 5.93ms 
456193     DEBUG main            d.u.i.k.p.r.p.TestFile    ... success: reloaded. 
456194     INFO  main            d.u.i.k.p.r.p.TestFile    Now processing file /home/runner/work/key/key/key.core/../key.ui/examples/heap/permissions/threads/Fib_startTransfer_accessible.key 
456194     INFO  main            d.u.i.k.p.i.AbstractProblemLoader Loading environment from /home/runner/work/key/key/key.core/../key.ui/examples/heap/permissions/threads/Fib_startTransfer_accessible.key 
456195     DEBUG main            d.u.i.k.p.i.AbstractProblemLoader Environment load took 102.11ns 
456196     INFO  main            d.u.i.k.p.i.AbstractProblemLoader Creating init config 
461564     DEBUG main            d.u.i.k.p.i.AbstractProblemLoader Init config took 5.37s 
461660     INFO  main            d.u.i.k.p.i.AbstractProblemLoader Replaying proof Fib[ThreadSpec::startTransfer()].JML accessible clause.0 
461662     DEBUG main            d.u.i.k.p.i.IntermediateProofReplayer Proof replay took 9.5ns 
461964     INFO  main            d.u.i.k.p.r.p.TestFile    ... finished proof: closed. 
462488     INFO  main            d.u.i.k.p.i.AbstractProblemLoader Loading environment from /home/runner/work/key/key/key.core/../key.ui/examples/heap/permissions/threads/Fib_startTransfer_accessible.key.proof 
462488     DEBUG main            d.u.i.k.p.i.AbstractProblemLoader Environment load took 105.71ns 
462489     INFO  main            d.u.i.k.p.i.AbstractProblemLoader Creating init config 
467779     DEBUG main            d.u.i.k.p.i.AbstractProblemLoader Init config took 5.29s 
467885     INFO  main            d.u.i.k.p.i.AbstractProblemLoader Replaying proof Fib[ThreadSpec::startTransfer()].JML accessible clause.0 
467941     DEBUG main            d.u.i.k.p.i.IntermediateProofReplayer Proof replay took 51.26ms 
467942     DEBUG main            d.u.i.k.p.r.p.TestFile    ... success: reloaded. 
467943     INFO  main            d.u.i.k.p.r.p.TestFile    Now processing file /home/runner/work/key/key/key.core/../key.ui/examples/heap/permissions/threads/Fib_startTransfer_contract.key 
467943     INFO  main            d.u.i.k.p.i.AbstractProblemLoader Loading environment from /home/runner/work/key/key/key.core/../key.ui/examples/heap/permissions/threads/Fib_startTransfer_contract.key 
467944     DEBUG main            d.u.i.k.p.i.AbstractProblemLoader Environment load took 56.6ns 
467944     INFO  main            d.u.i.k.p.i.AbstractProblemLoader Creating init config 
473263     DEBUG main            d.u.i.k.p.i.AbstractProblemLoader Init config took 5.32s 
473388     INFO  main            d.u.i.k.p.i.AbstractProblemLoader Replaying proof Fib[ThreadSpec::startTransfer()].JML model_behavior operation contract.0 
473390     DEBUG main            d.u.i.k.p.i.IntermediateProofReplayer Proof replay took 8.2ns 
473494     INFO  main            d.u.i.k.p.r.p.TestFile    ... finished proof: closed. 
474005     INFO  main            d.u.i.k.p.i.AbstractProblemLoader Loading environment from /home/runner/work/key/key/key.core/../key.ui/examples/heap/permissions/threads/Fib_startTransfer_contract.key.proof 
474006     DEBUG main            d.u.i.k.p.i.AbstractProblemLoader Environment load took 100.11ns 
474007     INFO  main            d.u.i.k.p.i.AbstractProblemLoader Creating init config 
479147     DEBUG main            d.u.i.k.p.i.AbstractProblemLoader Init config took 5.14s 
479243     INFO  main            d.u.i.k.p.i.AbstractProblemLoader Replaying proof Fib[ThreadSpec::startTransfer()].JML model_behavior operation contract.0 
479252     DEBUG main            d.u.i.k.p.i.IntermediateProofReplayer Proof replay took 7.47ms 
479253     DEBUG main            d.u.i.k.p.r.p.TestFile    ... success: reloaded. 
479254     INFO  main            d.u.i.k.p.r.p.TestFile    Now processing file /home/runner/work/key/key/key.core/../key.ui/examples/heap/permissions/threads/Fib_workingPermissions_accessible.key 
479254     INFO  main            d.u.i.k.p.i.AbstractProblemLoader Loading environment from /home/runner/work/key/key/key.core/../key.ui/examples/heap/permissions/threads/Fib_workingPermissions_accessible.key 
479254     DEBUG main            d.u.i.k.p.i.AbstractProblemLoader Environment load took 82.2ns 
479255     INFO  main            d.u.i.k.p.i.AbstractProblemLoader Creating init config 
484636     DEBUG main            d.u.i.k.p.i.AbstractProblemLoader Init config took 5.38s 
484744     INFO  main            d.u.i.k.p.i.AbstractProblemLoader Replaying proof Fib[ThreadSpec::workingPermissions()].JML accessible clause.0 
484745     DEBUG main            d.u.i.k.p.i.IntermediateProofReplayer Proof replay took 9.4ns 
484847     INFO  main            d.u.i.k.p.r.p.TestFile    ... finished proof: closed. 
485384     INFO  main            d.u.i.k.p.i.AbstractProblemLoader Loading environment from /home/runner/work/key/key/key.core/../key.ui/examples/heap/permissions/threads/Fib_workingPermissions_accessible.key.proof 
485384     DEBUG main            d.u.i.k.p.i.AbstractProblemLoader Environment load took 137.81ns 
485385     INFO  main            d.u.i.k.p.i.AbstractProblemLoader Creating init config 
490649     DEBUG main            d.u.i.k.p.i.AbstractProblemLoader Init config took 5.26s 
490761     INFO  main            d.u.i.k.p.i.AbstractProblemLoader Replaying proof Fib[ThreadSpec::workingPermissions()].JML accessible clause.0 
490765     DEBUG main            d.u.i.k.p.i.IntermediateProofReplayer Proof replay took 2.52ms 
490766     DEBUG main            d.u.i.k.p.r.p.TestFile    ... success: reloaded. 
490767     INFO  main            d.u.i.k.p.r.p.TestFile    Now processing file /home/runner/work/key/key/key.core/../key.ui/examples/heap/permissions/threads/Plotter_initPost_accessible.key 
490767     INFO  main            d.u.i.k.p.i.AbstractProblemLoader Loading environment from /home/runner/work/key/key/key.core/../key.ui/examples/heap/permissions/threads/Plotter_initPost_accessible.key 
490767     DEBUG main            d.u.i.k.p.i.AbstractProblemLoader Environment load took 60.7ns 
490768     INFO  main            d.u.i.k.p.i.AbstractProblemLoader Creating init config 
496054     DEBUG main            d.u.i.k.p.i.AbstractProblemLoader Init config took 5.29s 
496149     INFO  main            d.u.i.k.p.i.AbstractProblemLoader Replaying proof Plotter[ThreadSpec2::initPost()].JML accessible clause.0 
496150     DEBUG main            d.u.i.k.p.i.IntermediateProofReplayer Proof replay took 8.6ns 
496252     INFO  main            d.u.i.k.p.r.p.TestFile    ... finished proof: closed. 
496785     INFO  main            d.u.i.k.p.i.AbstractProblemLoader Loading environment from /home/runner/work/key/key/key.core/../key.ui/examples/heap/permissions/threads/Plotter_initPost_accessible.key.proof 
496785     DEBUG main            d.u.i.k.p.i.AbstractProblemLoader Environment load took 97.31ns 
496786     INFO  main            d.u.i.k.p.i.AbstractProblemLoader Creating init config 
502136     DEBUG main            d.u.i.k.p.i.AbstractProblemLoader Init config took 5.35s 
502237     INFO  main            d.u.i.k.p.i.AbstractProblemLoader Replaying proof Plotter[ThreadSpec2::initPost()].JML accessible clause.0 
502255     DEBUG main            d.u.i.k.p.i.IntermediateProofReplayer Proof replay took 15.39ms 
502256     DEBUG main            d.u.i.k.p.r.p.TestFile    ... success: reloaded. 
502257     INFO  main            d.u.i.k.p.r.p.TestFile    Now processing file /home/runner/work/key/key/key.core/../key.ui/examples/heap/permissions/threads/Plotter_inv_accessible1.key 
502257     INFO  main            d.u.i.k.p.i.AbstractProblemLoader Loading environment from /home/runner/work/key/key/key.core/../key.ui/examples/heap/permissions/threads/Plotter_inv_accessible1.key 
502257     DEBUG main            d.u.i.k.p.i.AbstractProblemLoader Environment load took 53.4ns 
502258     INFO  main            d.u.i.k.p.i.AbstractProblemLoader Creating init config 
507526     DEBUG main            d.u.i.k.p.i.AbstractProblemLoader Init config took 5.27s 
507642     INFO  main            d.u.i.k.p.i.AbstractProblemLoader Replaying proof Plotter[java.lang.Object::<inv>()].JML accessible clause.0 
507643     DEBUG main            d.u.i.k.p.i.IntermediateProofReplayer Proof replay took 8.4ns 
507745     INFO  main            d.u.i.k.p.r.p.TestFile    ... finished proof: closed. 
508280     INFO  main            d.u.i.k.p.i.AbstractProblemLoader Loading environment from /home/runner/work/key/key/key.core/../key.ui/examples/heap/permissions/threads/Plotter_inv_accessible1.key.proof 
508280     DEBUG main            d.u.i.k.p.i.AbstractProblemLoader Environment load took 101.31ns 
508281     INFO  main            d.u.i.k.p.i.AbstractProblemLoader Creating init config 
513493     DEBUG main            d.u.i.k.p.i.AbstractProblemLoader Init config took 5.21s 
513592     INFO  main            d.u.i.k.p.i.AbstractProblemLoader Replaying proof Plotter[java.lang.Object::<inv>()].JML accessible clause.0 
513599     DEBUG main            d.u.i.k.p.i.IntermediateProofReplayer Proof replay took 5.54ms 
513600     DEBUG main            d.u.i.k.p.r.p.TestFile    ... success: reloaded. 
513601     INFO  main            d.u.i.k.p.r.p.TestFile    Now processing file /home/runner/work/key/key/key.core/../key.ui/examples/heap/permissions/threads/Plotter_inv_accessible2.key 
513601     INFO  main            d.u.i.k.p.i.AbstractProblemLoader Loading environment from /home/runner/work/key/key/key.core/../key.ui/examples/heap/permissions/threads/Plotter_inv_accessible2.key 
513601     DEBUG main            d.u.i.k.p.i.AbstractProblemLoader Environment load took 58.9ns 
513602     INFO  main            d.u.i.k.p.i.AbstractProblemLoader Creating init config 
518943     DEBUG main            d.u.i.k.p.i.AbstractProblemLoader Init config took 5.34s 
519039     INFO  main            d.u.i.k.p.i.AbstractProblemLoader Replaying proof Plotter[java.lang.Object::<inv>()].JML accessible clause.1 
519041     DEBUG main            d.u.i.k.p.i.IntermediateProofReplayer Proof replay took 9.3ns 
519142     INFO  main            d.u.i.k.p.r.p.TestFile    ... finished proof: closed. 
519675     INFO  main            d.u.i.k.p.i.AbstractProblemLoader Loading environment from /home/runner/work/key/key/key.core/../key.ui/examples/heap/permissions/threads/Plotter_inv_accessible2.key.proof 
519675     DEBUG main            d.u.i.k.p.i.AbstractProblemLoader Environment load took 97.71ns 
519676     INFO  main            d.u.i.k.p.i.AbstractProblemLoader Creating init config 
524933     DEBUG main            d.u.i.k.p.i.AbstractProblemLoader Init config took 5.26s 
525028     INFO  main            d.u.i.k.p.i.AbstractProblemLoader Replaying proof Plotter[java.lang.Object::<inv>()].JML accessible clause.1 
525033     DEBUG main            d.u.i.k.p.i.IntermediateProofReplayer Proof replay took 1.96ms 
525034     DEBUG main            d.u.i.k.p.r.p.TestFile    ... success: reloaded. 
525035     INFO  main            d.u.i.k.p.r.p.TestFile    Now processing file /home/runner/work/key/key/key.core/../key.ui/examples/heap/permissions/threads/Plotter_joinTransfer_contract.key 
525035     INFO  main            d.u.i.k.p.i.AbstractProblemLoader Loading environment from /home/runner/work/key/key/key.core/../key.ui/examples/heap/permissions/threads/Plotter_joinTransfer_contract.key 
525035     DEBUG main            d.u.i.k.p.i.AbstractProblemLoader Environment load took 93.91ns 
525036     INFO  main            d.u.i.k.p.i.AbstractProblemLoader Creating init config 
530385     DEBUG main            d.u.i.k.p.i.AbstractProblemLoader Init config took 5.35s 
530484     INFO  main            d.u.i.k.p.i.AbstractProblemLoader Replaying proof Plotter[ThreadSpec2::joinTransfer()].JML model_behavior operation contract.0 
530486     DEBUG main            d.u.i.k.p.i.IntermediateProofReplayer Proof replay took 8.6ns 
530587     INFO  main            d.u.i.k.p.r.p.TestFile    ... finished proof: closed. 
531123     INFO  main            d.u.i.k.p.i.AbstractProblemLoader Loading environment from /home/runner/work/key/key/key.core/../key.ui/examples/heap/permissions/threads/Plotter_joinTransfer_contract.key.proof 
531124     DEBUG main            d.u.i.k.p.i.AbstractProblemLoader Environment load took 95.11ns 
531124     INFO  main            d.u.i.k.p.i.AbstractProblemLoader Creating init config 
536320     DEBUG main            d.u.i.k.p.i.AbstractProblemLoader Init config took 5.2s 
536415     INFO  main            d.u.i.k.p.i.AbstractProblemLoader Replaying proof Plotter[ThreadSpec2::joinTransfer()].JML model_behavior operation contract.0 
536426     DEBUG main            d.u.i.k.p.i.IntermediateProofReplayer Proof replay took 8.78ms 
536426     DEBUG main            d.u.i.k.p.r.p.TestFile    ... success: reloaded. 
536427     INFO  main            d.u.i.k.p.r.p.TestFile    Now processing file /home/runner/work/key/key/key.core/../key.ui/examples/heap/permissions/threads/Plotter_Plotter.key 
536428     INFO  main            d.u.i.k.p.i.AbstractProblemLoader Loading environment from /home/runner/work/key/key/key.core/../key.ui/examples/heap/permissions/threads/Plotter_Plotter.key 
536428     DEBUG main            d.u.i.k.p.i.AbstractProblemLoader Environment load took 57ns 
536429     INFO  main            d.u.i.k.p.i.AbstractProblemLoader Creating init config 
541684     DEBUG main            d.u.i.k.p.i.AbstractProblemLoader Init config took 5.26s 
541804     INFO  main            d.u.i.k.p.i.AbstractProblemLoader Replaying proof Plotter[Plotter::Plotter(AFilter,BFilter,Buffer)].JML normal_behavior operation contract.0 
541805     DEBUG main            d.u.i.k.p.i.IntermediateProofReplayer Proof replay took 9ns 
543816     INFO  main            d.u.i.k.p.r.p.TestFile    ... finished proof: closed. 
544394     INFO  main            d.u.i.k.p.i.AbstractProblemLoader Loading environment from /home/runner/work/key/key/key.core/../key.ui/examples/heap/permissions/threads/Plotter_Plotter.key.proof 
544394     DEBUG main            d.u.i.k.p.i.AbstractProblemLoader Environment load took 366.62ns 
544396     INFO  main            d.u.i.k.p.i.AbstractProblemLoader Creating init config 
549567     DEBUG main            d.u.i.k.p.i.AbstractProblemLoader Init config took 5.17s 
549661     INFO  main            d.u.i.k.p.i.AbstractProblemLoader Replaying proof Plotter[Plotter::Plotter(AFilter,BFilter,Buffer)].JML normal_behavior operation contract.0 
549950     DEBUG main            d.u.i.k.p.i.IntermediateProofReplayer Proof replay took 283.66ms 
549951     DEBUG main            d.u.i.k.p.r.p.TestFile    ... success: reloaded. 
549952     INFO  main            d.u.i.k.p.r.p.TestFile    Now processing file /home/runner/work/key/key/key.core/../key.ui/examples/heap/permissions/threads/Plotter_postJoin_accessible.key 
549952     INFO  main            d.u.i.k.p.i.AbstractProblemLoader Loading environment from /home/runner/work/key/key/key.core/../key.ui/examples/heap/permissions/threads/Plotter_postJoin_accessible.key 
549952     DEBUG main            d.u.i.k.p.i.AbstractProblemLoader Environment load took 51.8ns 
549953     INFO  main            d.u.i.k.p.i.AbstractProblemLoader Creating init config 
555153     DEBUG main            d.u.i.k.p.i.AbstractProblemLoader Init config took 5.2s 
555255     INFO  main            d.u.i.k.p.i.AbstractProblemLoader Replaying proof Plotter[ThreadSpec2::postJoin(java.lang.Object)].JML accessible clause.0 
555256     DEBUG main            d.u.i.k.p.i.IntermediateProofReplayer Proof replay took 9.1ns 
555459     INFO  main            d.u.i.k.p.r.p.TestFile    ... finished proof: closed. 
556037     INFO  main            d.u.i.k.p.i.AbstractProblemLoader Loading environment from /home/runner/work/key/key/key.core/../key.ui/examples/heap/permissions/threads/Plotter_postJoin_accessible.key.proof 
556037     DEBUG main            d.u.i.k.p.i.AbstractProblemLoader Environment load took 97.51ns 
556038     INFO  main            d.u.i.k.p.i.AbstractProblemLoader Creating init config 
561262     DEBUG main            d.u.i.k.p.i.AbstractProblemLoader Init config took 5.22s 
561372     INFO  main            d.u.i.k.p.i.AbstractProblemLoader Replaying proof Plotter[ThreadSpec2::postJoin(java.lang.Object)].JML accessible clause.0 
561388     DEBUG main            d.u.i.k.p.i.IntermediateProofReplayer Proof replay took 13.96ms 
561389     DEBUG main            d.u.i.k.p.r.p.TestFile    ... success: reloaded. 
561390     INFO  main            d.u.i.k.p.r.p.TestFile    Now processing file /home/runner/work/key/key/key.core/../key.ui/examples/heap/permissions/threads/Plotter_preStart_accessible.key 
561390     INFO  main            d.u.i.k.p.i.AbstractProblemLoader Loading environment from /home/runner/work/key/key/key.core/../key.ui/examples/heap/permissions/threads/Plotter_preStart_accessible.key 
561390     DEBUG main            d.u.i.k.p.i.AbstractProblemLoader Environment load took 55.1ns 
561391     INFO  main            d.u.i.k.p.i.AbstractProblemLoader Creating init config 
566731     DEBUG main            d.u.i.k.p.i.AbstractProblemLoader Init config took 5.34s 
566830     INFO  main            d.u.i.k.p.i.AbstractProblemLoader Replaying proof Plotter[ThreadSpec2::preStart(java.lang.Object)].JML accessible clause.0 
566832     DEBUG main            d.u.i.k.p.i.IntermediateProofReplayer Proof replay took 9.1ns 
568036     INFO  main            d.u.i.k.p.r.p.TestFile    ... finished proof: closed. 
568627     INFO  main            d.u.i.k.p.i.AbstractProblemLoader Loading environment from /home/runner/work/key/key/key.core/../key.ui/examples/heap/permissions/threads/Plotter_preStart_accessible.key.proof 
568627     DEBUG main            d.u.i.k.p.i.AbstractProblemLoader Environment load took 108.91ns 
568628     INFO  main            d.u.i.k.p.i.AbstractProblemLoader Creating init config 
573880     DEBUG main            d.u.i.k.p.i.AbstractProblemLoader Init config took 5.25s 
573984     INFO  main            d.u.i.k.p.i.AbstractProblemLoader Replaying proof Plotter[ThreadSpec2::preStart(java.lang.Object)].JML accessible clause.0 
574088     DEBUG main            d.u.i.k.p.i.IntermediateProofReplayer Proof replay took 98.81ms 
574089     DEBUG main            d.u.i.k.p.r.p.TestFile    ... success: reloaded. 
574091     INFO  main            d.u.i.k.p.r.p.TestFile    Now processing file /home/runner/work/key/key/key.core/../key.ui/examples/heap/permissions/threads/Plotter_stateInv_accessible.key 
574091     INFO  main            d.u.i.k.p.i.AbstractProblemLoader Loading environment from /home/runner/work/key/key/key.core/../key.ui/examples/heap/permissions/threads/Plotter_stateInv_accessible.key 
574091     DEBUG main            d.u.i.k.p.i.AbstractProblemLoader Environment load took 211.81ns 
574092     INFO  main            d.u.i.k.p.i.AbstractProblemLoader Creating init config 
579553     DEBUG main            d.u.i.k.p.i.AbstractProblemLoader Init config took 5.46s 
579652     INFO  main            d.u.i.k.p.i.AbstractProblemLoader Replaying proof Plotter[ThreadSpec2::stateInv()].JML accessible clause.0 
579654     DEBUG main            d.u.i.k.p.i.IntermediateProofReplayer Proof replay took 8.4ns 
589023     INFO  main            d.u.i.k.p.r.p.TestFile    ... finished proof: closed. 
589638     INFO  main            d.u.i.k.p.i.AbstractProblemLoader Loading environment from /home/runner/work/key/key/key.core/../key.ui/examples/heap/permissions/threads/Plotter_stateInv_accessible.key.proof 
589639     DEBUG main            d.u.i.k.p.i.AbstractProblemLoader Environment load took 506.23ns 
589641     INFO  main            d.u.i.k.p.i.AbstractProblemLoader Creating init config 
595150     DEBUG main            d.u.i.k.p.i.AbstractProblemLoader Init config took 5.51s 
595249     INFO  main            d.u.i.k.p.i.AbstractProblemLoader Replaying proof Plotter[ThreadSpec2::stateInv()].JML accessible clause.0 
596062     DEBUG main            d.u.i.k.p.i.IntermediateProofReplayer Proof replay took 798.32ms 
596064     DEBUG main            d.u.i.k.p.r.p.TestFile    ... success: reloaded. 
596065     INFO  main            d.u.i.k.p.r.p.TestFile    Now processing file /home/runner/work/key/key/key.core/../key.ui/examples/heap/permissions/threads/Plotter_staticPermissions_accessible.key 
596066     INFO  main            d.u.i.k.p.i.AbstractProblemLoader Loading environment from /home/runner/work/key/key/key.core/../key.ui/examples/heap/permissions/threads/Plotter_staticPermissions_accessible.key 
596066     DEBUG main            d.u.i.k.p.i.AbstractProblemLoader Environment load took 221.61ns 
596067     INFO  main            d.u.i.k.p.i.AbstractProblemLoader Creating init config 
601380     DEBUG main            d.u.i.k.p.i.AbstractProblemLoader Init config took 5.31s 
601475     INFO  main            d.u.i.k.p.i.AbstractProblemLoader Replaying proof Plotter[ThreadSpec2::staticPermissions()].JML accessible clause.0 
601477     DEBUG main            d.u.i.k.p.i.IntermediateProofReplayer Proof replay took 48.7ns 
602381     INFO  main            d.u.i.k.p.r.p.TestFile    ... finished proof: closed. 
603009     INFO  main            d.u.i.k.p.i.AbstractProblemLoader Loading environment from /home/runner/work/key/key/key.core/../key.ui/examples/heap/permissions/threads/Plotter_staticPermissions_accessible.key.proof 
603010     DEBUG main            d.u.i.k.p.i.AbstractProblemLoader Environment load took 104.51ns 
603011     INFO  main            d.u.i.k.p.i.AbstractProblemLoader Creating init config 
608327     DEBUG main            d.u.i.k.p.i.AbstractProblemLoader Init config took 5.32s 
608428     INFO  main            d.u.i.k.p.i.AbstractProblemLoader Replaying proof Plotter[ThreadSpec2::staticPermissions()].JML accessible clause.0 
608507     DEBUG main            d.u.i.k.p.i.IntermediateProofReplayer Proof replay took 73.23ms 
608508     DEBUG main            d.u.i.k.p.r.p.TestFile    ... success: reloaded. 
608509     INFO  main            d.u.i.k.p.r.p.TestFile    Now processing file /home/runner/work/key/key/key.core/../key.ui/examples/heap/permissions/threads/Plotter_workingPermissions_accessible.key 
608509     INFO  main            d.u.i.k.p.i.AbstractProblemLoader Loading environment from /home/runner/work/key/key/key.core/../key.ui/examples/heap/permissions/threads/Plotter_workingPermissions_accessible.key 
608509     DEBUG main            d.u.i.k.p.i.AbstractProblemLoader Environment load took 124.71ns 
608510     INFO  main            d.u.i.k.p.i.AbstractProblemLoader Creating init config 
613805     DEBUG main            d.u.i.k.p.i.AbstractProblemLoader Init config took 5.3s 
613912     INFO  main            d.u.i.k.p.i.AbstractProblemLoader Replaying proof Plotter[ThreadSpec2::workingPermissions()].JML accessible clause.0 
613914     DEBUG main            d.u.i.k.p.i.IntermediateProofReplayer Proof replay took 3.7ns 
614116     INFO  main            d.u.i.k.p.r.p.TestFile    ... finished proof: closed. 
614731     INFO  main            d.u.i.k.p.i.AbstractProblemLoader Loading environment from /home/runner/work/key/key/key.core/../key.ui/examples/heap/permissions/threads/Plotter_workingPermissions_accessible.key.proof 
614731     DEBUG main            d.u.i.k.p.i.AbstractProblemLoader Environment load took 133.11ns 
614732     INFO  main            d.u.i.k.p.i.AbstractProblemLoader Creating init config 
620001     DEBUG main            d.u.i.k.p.i.AbstractProblemLoader Init config took 5.27s 
620110     INFO  main            d.u.i.k.p.i.AbstractProblemLoader Replaying proof Plotter[ThreadSpec2::workingPermissions()].JML accessible clause.0 
620133     DEBUG main            d.u.i.k.p.i.IntermediateProofReplayer Proof replay took 20.97ms 
620135     DEBUG main            d.u.i.k.p.r.p.TestFile    ... success: reloaded. 
620136     INFO  main            d.u.i.k.p.r.p.TestFile    Now processing file /home/runner/work/key/key/key.core/../key.ui/examples/heap/permissions/threads/Sampler_initPost_accessible.key 
620136     INFO  main            d.u.i.k.p.i.AbstractProblemLoader Loading environment from /home/runner/work/key/key/key.core/../key.ui/examples/heap/permissions/threads/Sampler_initPost_accessible.key 
620136     DEBUG main            d.u.i.k.p.i.AbstractProblemLoader Environment load took 48ns 
620137     INFO  main            d.u.i.k.p.i.AbstractProblemLoader Creating init config 
625408     DEBUG main            d.u.i.k.p.i.AbstractProblemLoader Init config took 5.27s 
625511     INFO  main            d.u.i.k.p.i.AbstractProblemLoader Replaying proof Sampler[ThreadSpec2::initPost()].JML accessible clause.0 
625512     DEBUG main            d.u.i.k.p.i.IntermediateProofReplayer Proof replay took 3.5ns 
625614     INFO  main            d.u.i.k.p.r.p.TestFile    ... finished proof: closed. 
626207     INFO  main            d.u.i.k.p.i.AbstractProblemLoader Loading environment from /home/runner/work/key/key/key.core/../key.ui/examples/heap/permissions/threads/Sampler_initPost_accessible.key.proof 
626207     DEBUG main            d.u.i.k.p.i.AbstractProblemLoader Environment load took 91.41ns 
626208     INFO  main            d.u.i.k.p.i.AbstractProblemLoader Creating init config 
631368     DEBUG main            d.u.i.k.p.i.AbstractProblemLoader Init config took 5.16s 
631472     INFO  main            d.u.i.k.p.i.AbstractProblemLoader Replaying proof Sampler[ThreadSpec2::initPost()].JML accessible clause.0 
631480     DEBUG main            d.u.i.k.p.i.IntermediateProofReplayer Proof replay took 6.36ms 
631481     DEBUG main            d.u.i.k.p.r.p.TestFile    ... success: reloaded. 
631482     INFO  main            d.u.i.k.p.r.p.TestFile    Now processing file /home/runner/work/key/key/key.core/../key.ui/examples/heap/permissions/threads/Sampler_inv_accessible1.key 
631482     INFO  main            d.u.i.k.p.i.AbstractProblemLoader Loading environment from /home/runner/work/key/key/key.core/../key.ui/examples/heap/permissions/threads/Sampler_inv_accessible1.key 
631482     DEBUG main            d.u.i.k.p.i.AbstractProblemLoader Environment load took 48.1ns 
631483     INFO  main            d.u.i.k.p.i.AbstractProblemLoader Creating init config 
636847     DEBUG main            d.u.i.k.p.i.AbstractProblemLoader Init config took 5.36s 
636944     INFO  main            d.u.i.k.p.i.AbstractProblemLoader Replaying proof Sampler[java.lang.Object::<inv>()].JML accessible clause.0 
636945     DEBUG main            d.u.i.k.p.i.IntermediateProofReplayer Proof replay took 3.6ns 
637047     INFO  main            d.u.i.k.p.r.p.TestFile    ... finished proof: closed. 
637675     INFO  main            d.u.i.k.p.i.AbstractProblemLoader Loading environment from /home/runner/work/key/key/key.core/../key.ui/examples/heap/permissions/threads/Sampler_inv_accessible1.key.proof 
637675     DEBUG main            d.u.i.k.p.i.AbstractProblemLoader Environment load took 100.51ns 
637676     INFO  main            d.u.i.k.p.i.AbstractProblemLoader Creating init config 
642855     DEBUG main            d.u.i.k.p.i.AbstractProblemLoader Init config took 5.18s 
642965     INFO  main            d.u.i.k.p.i.AbstractProblemLoader Replaying proof Sampler[java.lang.Object::<inv>()].JML accessible clause.0 
642969     DEBUG main            d.u.i.k.p.i.IntermediateProofReplayer Proof replay took 1.88ms 
642971     DEBUG main            d.u.i.k.p.r.p.TestFile    ... success: reloaded. 
642972     INFO  main            d.u.i.k.p.r.p.TestFile    Now processing file /home/runner/work/key/key/key.core/../key.ui/examples/heap/permissions/threads/Sampler_inv_accessible2.key 
642973     INFO  main            d.u.i.k.p.i.AbstractProblemLoader Loading environment from /home/runner/work/key/key/key.core/../key.ui/examples/heap/permissions/threads/Sampler_inv_accessible2.key 
642973     DEBUG main            d.u.i.k.p.i.AbstractProblemLoader Environment load took 52.8ns 
642974     INFO  main            d.u.i.k.p.i.AbstractProblemLoader Creating init config 
648435     DEBUG main            d.u.i.k.p.i.AbstractProblemLoader Init config took 5.46s 
648530     INFO  main            d.u.i.k.p.i.AbstractProblemLoader Replaying proof Sampler[java.lang.Object::<inv>()].JML accessible clause.1 
648532     DEBUG main            d.u.i.k.p.i.IntermediateProofReplayer Proof replay took 3.5ns 
648634     INFO  main            d.u.i.k.p.r.p.TestFile    ... finished proof: closed. 
649277     INFO  main            d.u.i.k.p.i.AbstractProblemLoader Loading environment from /home/runner/work/key/key/key.core/../key.ui/examples/heap/permissions/threads/Sampler_inv_accessible2.key.proof 
649277     DEBUG main            d.u.i.k.p.i.AbstractProblemLoader Environment load took 128.21ns 
649278     INFO  main            d.u.i.k.p.i.AbstractProblemLoader Creating init config 
654590     DEBUG main            d.u.i.k.p.i.AbstractProblemLoader Init config took 5.31s 
654686     INFO  main            d.u.i.k.p.i.AbstractProblemLoader Replaying proof Sampler[java.lang.Object::<inv>()].JML accessible clause.1 
654689     DEBUG main            d.u.i.k.p.i.IntermediateProofReplayer Proof replay took 1.92ms 
654690     DEBUG main            d.u.i.k.p.r.p.TestFile    ... success: reloaded. 
654691     INFO  main            d.u.i.k.p.r.p.TestFile    Now processing file /home/runner/work/key/key/key.core/../key.ui/examples/heap/permissions/threads/Sampler_joinTransfer_accessible.key 
654692     INFO  main            d.u.i.k.p.i.AbstractProblemLoader Loading environment from /home/runner/work/key/key/key.core/../key.ui/examples/heap/permissions/threads/Sampler_joinTransfer_accessible.key 
654692     DEBUG main            d.u.i.k.p.i.AbstractProblemLoader Environment load took 70.6ns 
654692     INFO  main            d.u.i.k.p.i.AbstractProblemLoader Creating init config 
660188     DEBUG main            d.u.i.k.p.i.AbstractProblemLoader Init config took 5.5s 
660326     INFO  main            d.u.i.k.p.i.AbstractProblemLoader Replaying proof Sampler[ThreadSpec2::joinTransfer()].JML accessible clause.0 
660327     DEBUG main            d.u.i.k.p.i.IntermediateProofReplayer Proof replay took 3.2ns 
664340     INFO  main            d.u.i.k.p.r.p.TestFile    ... finished proof: closed. 
665003     INFO  main            d.u.i.k.p.i.AbstractProblemLoader Loading environment from /home/runner/work/key/key/key.core/../key.ui/examples/heap/permissions/threads/Sampler_joinTransfer_accessible.key.proof 
665004     DEBUG main            d.u.i.k.p.i.AbstractProblemLoader Environment load took 386.12ns 
665005     INFO  main            d.u.i.k.p.i.AbstractProblemLoader Creating init config 
670352     DEBUG main            d.u.i.k.p.i.AbstractProblemLoader Init config took 5.35s 
670452     INFO  main            d.u.i.k.p.i.AbstractProblemLoader Replaying proof Sampler[ThreadSpec2::joinTransfer()].JML accessible clause.0 
671190     DEBUG main            d.u.i.k.p.i.IntermediateProofReplayer Proof replay took 725.84ms 
671191     DEBUG main            d.u.i.k.p.r.p.TestFile    ... success: reloaded. 
671192     INFO  main            d.u.i.k.p.r.p.TestFile    Now processing file /home/runner/work/key/key/key.core/../key.ui/examples/heap/permissions/threads/Sampler_joinTransfer_contract.key 
671193     INFO  main            d.u.i.k.p.i.AbstractProblemLoader Loading environment from /home/runner/work/key/key/key.core/../key.ui/examples/heap/permissions/threads/Sampler_joinTransfer_contract.key 
671193     DEBUG main            d.u.i.k.p.i.AbstractProblemLoader Environment load took 85.81ns 
671194     INFO  main            d.u.i.k.p.i.AbstractProblemLoader Creating init config 
676461     DEBUG main            d.u.i.k.p.i.AbstractProblemLoader Init config took 5.27s 
676580     INFO  main            d.u.i.k.p.i.AbstractProblemLoader Replaying proof Sampler[ThreadSpec2::joinTransfer()].JML model_behavior operation contract.0 
676581     DEBUG main            d.u.i.k.p.i.IntermediateProofReplayer Proof replay took 3.2ns 
676683     INFO  main            d.u.i.k.p.r.p.TestFile    ... finished proof: closed. 
677318     INFO  main            d.u.i.k.p.i.AbstractProblemLoader Loading environment from /home/runner/work/key/key/key.core/../key.ui/examples/heap/permissions/threads/Sampler_joinTransfer_contract.key.proof 
677318     DEBUG main            d.u.i.k.p.i.AbstractProblemLoader Environment load took 86.6ns 
677319     INFO  main            d.u.i.k.p.i.AbstractProblemLoader Creating init config 
682495     DEBUG main            d.u.i.k.p.i.AbstractProblemLoader Init config took 5.18s 
682605     INFO  main            d.u.i.k.p.i.AbstractProblemLoader Replaying proof Sampler[ThreadSpec2::joinTransfer()].JML model_behavior operation contract.0 
682614     DEBUG main            d.u.i.k.p.i.IntermediateProofReplayer Proof replay took 7.85ms 
682615     DEBUG main            d.u.i.k.p.r.p.TestFile    ... success: reloaded. 
682616     INFO  main            d.u.i.k.p.r.p.TestFile    Now processing file /home/runner/work/key/key/key.core/../key.ui/examples/heap/permissions/threads/Sampler_postJoin_accessible.key 
682617     INFO  main            d.u.i.k.p.i.AbstractProblemLoader Loading environment from /home/runner/work/key/key/key.core/../key.ui/examples/heap/permissions/threads/Sampler_postJoin_accessible.key 
682617     DEBUG main            d.u.i.k.p.i.AbstractProblemLoader Environment load took 77.4ns 
682618     INFO  main            d.u.i.k.p.i.AbstractProblemLoader Creating init config 
687784     DEBUG main            d.u.i.k.p.i.AbstractProblemLoader Init config took 5.17s 
687878     INFO  main            d.u.i.k.p.i.AbstractProblemLoader Replaying proof Sampler[ThreadSpec2::postJoin(java.lang.Object)].JML accessible clause.0 
687879     DEBUG main            d.u.i.k.p.i.IntermediateProofReplayer Proof replay took 4ns 
687981     INFO  main            d.u.i.k.p.r.p.TestFile    ... finished proof: closed. 
688612     INFO  main            d.u.i.k.p.i.AbstractProblemLoader Loading environment from /home/runner/work/key/key/key.core/../key.ui/examples/heap/permissions/threads/Sampler_postJoin_accessible.key.proof 
688612     DEBUG main            d.u.i.k.p.i.AbstractProblemLoader Environment load took 89.11ns 
688612     INFO  main            d.u.i.k.p.i.AbstractProblemLoader Creating init config 
693736     DEBUG main            d.u.i.k.p.i.AbstractProblemLoader Init config took 5.12s 
693850     INFO  main            d.u.i.k.p.i.AbstractProblemLoader Replaying proof Sampler[ThreadSpec2::postJoin(java.lang.Object)].JML accessible clause.0 
693863     DEBUG main            d.u.i.k.p.i.IntermediateProofReplayer Proof replay took 10.04ms 
693864     DEBUG main            d.u.i.k.p.r.p.TestFile    ... success: reloaded. 
693865     INFO  main            d.u.i.k.p.r.p.TestFile    Now processing file /home/runner/work/key/key/key.core/../key.ui/examples/heap/permissions/threads/Sampler_preStart_accessible.key 
693865     INFO  main            d.u.i.k.p.i.AbstractProblemLoader Loading environment from /home/runner/work/key/key/key.core/../key.ui/examples/heap/permissions/threads/Sampler_preStart_accessible.key 
693865     DEBUG main            d.u.i.k.p.i.AbstractProblemLoader Environment load took 197.41ns 
693866     INFO  main            d.u.i.k.p.i.AbstractProblemLoader Creating init config 
699111     DEBUG main            d.u.i.k.p.i.AbstractProblemLoader Init config took 5.24s 
699214     INFO  main            d.u.i.k.p.i.AbstractProblemLoader Replaying proof Sampler[ThreadSpec2::preStart(java.lang.Object)].JML accessible clause.0 
699218     DEBUG main            d.u.i.k.p.i.IntermediateProofReplayer Proof replay took 4.6ns 
699320     INFO  main            d.u.i.k.p.r.p.TestFile    ... finished proof: closed. 
699959     INFO  main            d.u.i.k.p.i.AbstractProblemLoader Loading environment from /home/runner/work/key/key/key.core/../key.ui/examples/heap/permissions/threads/Sampler_preStart_accessible.key.proof 
699959     DEBUG main            d.u.i.k.p.i.AbstractProblemLoader Environment load took 89.61ns 
699960     INFO  main            d.u.i.k.p.i.AbstractProblemLoader Creating init config 
705104     DEBUG main            d.u.i.k.p.i.AbstractProblemLoader Init config took 5.14s 
705216     INFO  main            d.u.i.k.p.i.AbstractProblemLoader Replaying proof Sampler[ThreadSpec2::preStart(java.lang.Object)].JML accessible clause.0 
705228     DEBUG main            d.u.i.k.p.i.IntermediateProofReplayer Proof replay took 9.75ms 
705229     DEBUG main            d.u.i.k.p.r.p.TestFile    ... success: reloaded. 
705230     INFO  main            d.u.i.k.p.r.p.TestFile    Now processing file /home/runner/work/key/key/key.core/../key.ui/examples/heap/permissions/threads/Sampler_run.key 
705230     INFO  main            d.u.i.k.p.i.AbstractProblemLoader Loading environment from /home/runner/work/key/key/key.core/../key.ui/examples/heap/permissions/threads/Sampler_run.key 
705230     DEBUG main            d.u.i.k.p.i.AbstractProblemLoader Environment load took 48.9ns 
705231     INFO  main            d.u.i.k.p.i.AbstractProblemLoader Creating init config 
710477     DEBUG main            d.u.i.k.p.i.AbstractProblemLoader Init config took 5.25s 
710581     INFO  main            d.u.i.k.p.i.AbstractProblemLoader Replaying proof Sampler[ThreadSpec2::run()].JML normal_behavior operation contract.0 
710582     DEBUG main            d.u.i.k.p.i.IntermediateProofReplayer Proof replay took 3.8ns 
710784     INFO  main            d.u.i.k.p.r.p.TestFile    ... finished proof: closed. 
711453     INFO  main            d.u.i.k.p.i.AbstractProblemLoader Loading environment from /home/runner/work/key/key/key.core/../key.ui/examples/heap/permissions/threads/Sampler_run.key.proof 
711453     DEBUG main            d.u.i.k.p.i.AbstractProblemLoader Environment load took 87.2ns 
711454     INFO  main            d.u.i.k.p.i.AbstractProblemLoader Creating init config 
716537     DEBUG main            d.u.i.k.p.i.AbstractProblemLoader Init config took 5.08s 
716632     INFO  main            d.u.i.k.p.i.AbstractProblemLoader Replaying proof Sampler[ThreadSpec2::run()].JML normal_behavior operation contract.0 
716670     DEBUG main            d.u.i.k.p.i.IntermediateProofReplayer Proof replay took 36.86ms 
716671     DEBUG main            d.u.i.k.p.r.p.TestFile    ... success: reloaded. 
716672     INFO  main            d.u.i.k.p.r.p.TestFile    Now processing file /home/runner/work/key/key/key.core/../key.ui/examples/heap/permissions/threads/Sampler_Sampler.key 
716673     INFO  main            d.u.i.k.p.i.AbstractProblemLoader Loading environment from /home/runner/work/key/key/key.core/../key.ui/examples/heap/permissions/threads/Sampler_Sampler.key 
716673     DEBUG main            d.u.i.k.p.i.AbstractProblemLoader Environment load took 84.81ns 
716673     INFO  main            d.u.i.k.p.i.AbstractProblemLoader Creating init config 
721874     DEBUG main            d.u.i.k.p.i.AbstractProblemLoader Init config took 5.2s 
721973     INFO  main            d.u.i.k.p.i.AbstractProblemLoader Replaying proof Sampler[Sampler::Sampler(Buffer)].JML normal_behavior operation contract.0 
721974     DEBUG main            d.u.i.k.p.i.IntermediateProofReplayer Proof replay took 3.8ns 
722697     INFO  main            d.u.i.k.p.r.p.TestFile    ... finished proof: closed. 
723343     INFO  main            d.u.i.k.p.i.AbstractProblemLoader Loading environment from /home/runner/work/key/key/key.core/../key.ui/examples/heap/permissions/threads/Sampler_Sampler.key.proof 
723343     DEBUG main            d.u.i.k.p.i.AbstractProblemLoader Environment load took 92.2ns 
723344     INFO  main            d.u.i.k.p.i.AbstractProblemLoader Creating init config 
728396     DEBUG main            d.u.i.k.p.i.AbstractProblemLoader Init config took 5.05s 
728495     INFO  main            d.u.i.k.p.i.AbstractProblemLoader Replaying proof Sampler[Sampler::Sampler(Buffer)].JML normal_behavior operation contract.0 
728603     DEBUG main            d.u.i.k.p.i.IntermediateProofReplayer Proof replay took 105.24ms 
728604     DEBUG main            d.u.i.k.p.r.p.TestFile    ... success: reloaded. 
728605     INFO  main            d.u.i.k.p.r.p.TestFile    Now processing file /home/runner/work/key/key/key.core/../key.ui/examples/heap/permissions/threads/Sampler_startTransfer_accessible.key 
728605     INFO  main            d.u.i.k.p.i.AbstractProblemLoader Loading environment from /home/runner/work/key/key/key.core/../key.ui/examples/heap/permissions/threads/Sampler_startTransfer_accessible.key 
728605     DEBUG main            d.u.i.k.p.i.AbstractProblemLoader Environment load took 51.2ns 
728606     INFO  main            d.u.i.k.p.i.AbstractProblemLoader Creating init config 
733748     DEBUG main            d.u.i.k.p.i.AbstractProblemLoader Init config took 5.14s 
733843     INFO  main            d.u.i.k.p.i.AbstractProblemLoader Replaying proof Sampler[ThreadSpec2::startTransfer()].JML accessible clause.0 
733844     DEBUG main            d.u.i.k.p.i.IntermediateProofReplayer Proof replay took 3.3ns 
738770     INFO  main            d.u.i.k.p.r.p.TestFile    ... finished proof: closed. 
739461     INFO  main            d.u.i.k.p.i.AbstractProblemLoader Loading environment from /home/runner/work/key/key/key.core/../key.ui/examples/heap/permissions/threads/Sampler_startTransfer_accessible.key.proof 
739461     DEBUG main            d.u.i.k.p.i.AbstractProblemLoader Environment load took 108.11ns 
739463     INFO  main            d.u.i.k.p.i.AbstractProblemLoader Creating init config 
744547     DEBUG main            d.u.i.k.p.i.AbstractProblemLoader Init config took 5.08s 
744640     INFO  main            d.u.i.k.p.i.AbstractProblemLoader Replaying proof Sampler[ThreadSpec2::startTransfer()].JML accessible clause.0 
745386     DEBUG main            d.u.i.k.p.i.IntermediateProofReplayer Proof replay took 734.53ms 
745388     DEBUG main            d.u.i.k.p.r.p.TestFile    ... success: reloaded. 
745389     INFO  main            d.u.i.k.p.r.p.TestFile    Now processing file /home/runner/work/key/key/key.core/../key.ui/examples/heap/permissions/threads/Sampler_startTransfer_contract.key 
745389     INFO  main            d.u.i.k.p.i.AbstractProblemLoader Loading environment from /home/runner/work/key/key/key.core/../key.ui/examples/heap/permissions/threads/Sampler_startTransfer_contract.key 
745389     DEBUG main            d.u.i.k.p.i.AbstractProblemLoader Environment load took 49.1ns 
745390     INFO  main            d.u.i.k.p.i.AbstractProblemLoader Creating init config 
750593     DEBUG main            d.u.i.k.p.i.AbstractProblemLoader Init config took 5.2s 
750688     INFO  main            d.u.i.k.p.i.AbstractProblemLoader Replaying proof Sampler[ThreadSpec2::startTransfer()].JML model_behavior operation contract.0 
750691     DEBUG main            d.u.i.k.p.i.IntermediateProofReplayer Proof replay took 3.6ns 
750793     INFO  main            d.u.i.k.p.r.p.TestFile    ... finished proof: closed. 
751484     INFO  main            d.u.i.k.p.i.AbstractProblemLoader Loading environment from /home/runner/work/key/key/key.core/../key.ui/examples/heap/permissions/threads/Sampler_startTransfer_contract.key.proof 
751484     DEBUG main            d.u.i.k.p.i.AbstractProblemLoader Environment load took 90.91ns 
751485     INFO  main            d.u.i.k.p.i.AbstractProblemLoader Creating init config 
756779     DEBUG main            d.u.i.k.p.i.AbstractProblemLoader Init config took 5.29s 
756877     INFO  main            d.u.i.k.p.i.AbstractProblemLoader Replaying proof Sampler[ThreadSpec2::startTransfer()].JML model_behavior operation contract.0 
756895     DEBUG main            d.u.i.k.p.i.IntermediateProofReplayer Proof replay took 14.72ms 
756896     DEBUG main            d.u.i.k.p.r.p.TestFile    ... success: reloaded. 
756897     INFO  main            d.u.i.k.p.r.p.TestFile    Now processing file /home/runner/work/key/key/key.core/../key.ui/examples/heap/permissions/threads/Sampler_stateInv_accessible.key 
756897     INFO  main            d.u.i.k.p.i.AbstractProblemLoader Loading environment from /home/runner/work/key/key/key.core/../key.ui/examples/heap/permissions/threads/Sampler_stateInv_accessible.key 
756897     DEBUG main            d.u.i.k.p.i.AbstractProblemLoader Environment load took 203.01ns 
756899     INFO  main            d.u.i.k.p.i.AbstractProblemLoader Creating init config 
762343     DEBUG main            d.u.i.k.p.i.AbstractProblemLoader Init config took 5.44s 
762464     INFO  main            d.u.i.k.p.i.AbstractProblemLoader Replaying proof Sampler[ThreadSpec2::stateInv()].JML accessible clause.0 
762465     DEBUG main            d.u.i.k.p.i.IntermediateProofReplayer Proof replay took 3.6ns 
762567     INFO  main            d.u.i.k.p.r.p.TestFile    ... finished proof: closed. 
763268     INFO  main            d.u.i.k.p.i.AbstractProblemLoader Loading environment from /home/runner/work/key/key/key.core/../key.ui/examples/heap/permissions/threads/Sampler_stateInv_accessible.key.proof 
763268     DEBUG main            d.u.i.k.p.i.AbstractProblemLoader Environment load took 89.11ns 
763270     INFO  main            d.u.i.k.p.i.AbstractProblemLoader Creating init config 
768526     DEBUG main            d.u.i.k.p.i.AbstractProblemLoader Init config took 5.26s 
768622     INFO  main            d.u.i.k.p.i.AbstractProblemLoader Replaying proof Sampler[ThreadSpec2::stateInv()].JML accessible clause.0 
768631     DEBUG main            d.u.i.k.p.i.IntermediateProofReplayer Proof replay took 6.84ms 
768632     DEBUG main            d.u.i.k.p.r.p.TestFile    ... success: reloaded. 
768633     INFO  main            d.u.i.k.p.r.p.TestFile    Now processing file /home/runner/work/key/key/key.core/../key.ui/examples/heap/permissions/threads/Sampler_staticPermissions_accessible.key 
768633     INFO  main            d.u.i.k.p.i.AbstractProblemLoader Loading environment from /home/runner/work/key/key/key.core/../key.ui/examples/heap/permissions/threads/Sampler_staticPermissions_accessible.key 
768633     DEBUG main            d.u.i.k.p.i.AbstractProblemLoader Environment load took 163.31ns 
768635     INFO  main            d.u.i.k.p.i.AbstractProblemLoader Creating init config 
774024     DEBUG main            d.u.i.k.p.i.AbstractProblemLoader Init config took 5.39s 
774130     INFO  main            d.u.i.k.p.i.AbstractProblemLoader Replaying proof Sampler[ThreadSpec2::staticPermissions()].JML accessible clause.0 
774131     DEBUG main            d.u.i.k.p.i.IntermediateProofReplayer Proof replay took 3.3ns 
774234     INFO  main            d.u.i.k.p.r.p.TestFile    ... finished proof: closed. 
774925     INFO  main            d.u.i.k.p.i.AbstractProblemLoader Loading environment from /home/runner/work/key/key/key.core/../key.ui/examples/heap/permissions/threads/Sampler_staticPermissions_accessible.key.proof 
774925     DEBUG main            d.u.i.k.p.i.AbstractProblemLoader Environment load took 81.4ns 
774926     INFO  main            d.u.i.k.p.i.AbstractProblemLoader Creating init config 
780151     DEBUG main            d.u.i.k.p.i.AbstractProblemLoader Init config took 5.23s 
780247     INFO  main            d.u.i.k.p.i.AbstractProblemLoader Replaying proof Sampler[ThreadSpec2::staticPermissions()].JML accessible clause.0 
780254     DEBUG main            d.u.i.k.p.i.IntermediateProofReplayer Proof replay took 5.61ms 
780255     DEBUG main            d.u.i.k.p.r.p.TestFile    ... success: reloaded. 
780256     INFO  main            d.u.i.k.p.r.p.TestFile    Now processing file /home/runner/work/key/key/key.core/../key.ui/examples/heap/permissions/threads/Sampler_workingPermissions_accessible.key 
780257     INFO  main            d.u.i.k.p.i.AbstractProblemLoader Loading environment from /home/runner/work/key/key/key.core/../key.ui/examples/heap/permissions/threads/Sampler_workingPermissions_accessible.key 
780257     DEBUG main            d.u.i.k.p.i.AbstractProblemLoader Environment load took 58.1ns 
780258     INFO  main            d.u.i.k.p.i.AbstractProblemLoader Creating init config 
785678     DEBUG main            d.u.i.k.p.i.AbstractProblemLoader Init config took 5.42s 
785776     INFO  main            d.u.i.k.p.i.AbstractProblemLoader Replaying proof Sampler[ThreadSpec2::workingPermissions()].JML accessible clause.0 
785777     DEBUG main            d.u.i.k.p.i.IntermediateProofReplayer Proof replay took 2.9ns 
785879     INFO  main            d.u.i.k.p.r.p.TestFile    ... finished proof: closed. 
786592     INFO  main            d.u.i.k.p.i.AbstractProblemLoader Loading environment from /home/runner/work/key/key/key.core/../key.ui/examples/heap/permissions/threads/Sampler_workingPermissions_accessible.key.proof 
786592     DEBUG main            d.u.i.k.p.i.AbstractProblemLoader Environment load took 90.2ns 
786593     INFO  main            d.u.i.k.p.i.AbstractProblemLoader Creating init config 
791787     DEBUG main            d.u.i.k.p.i.AbstractProblemLoader Init config took 5.19s 
791882     INFO  main            d.u.i.k.p.i.AbstractProblemLoader Replaying proof Sampler[ThreadSpec2::workingPermissions()].JML accessible clause.0 
791889     DEBUG main            d.u.i.k.p.i.IntermediateProofReplayer Proof replay took 5.53ms 
791890     DEBUG main            d.u.i.k.p.r.p.TestFile    ... success: reloaded. 
791891     INFO  main            d.u.i.k.p.r.p.TestFile    Now processing file /home/runner/work/key/key/key.core/../key.ui/examples/heap/permissions/mulleretal/ReadWrite_doRead_contract.key 
791891     INFO  main            d.u.i.k.p.i.AbstractProblemLoader Loading environment from /home/runner/work/key/key/key.core/../key.ui/examples/heap/permissions/mulleretal/ReadWrite_doRead_contract.key 
791891     DEBUG main            d.u.i.k.p.i.AbstractProblemLoader Environment load took 49.3ns 
791892     INFO  main            d.u.i.k.p.i.AbstractProblemLoader Creating init config 
794990     DEBUG main            d.u.i.k.p.i.AbstractProblemLoader Init config took 3.1s 
795029     INFO  main            d.u.i.k.p.i.AbstractProblemLoader Replaying proof ReadWrite[ReadWrite::doRead()].JML normal_behavior operation contract.0 
795031     DEBUG main            d.u.i.k.p.i.IntermediateProofReplayer Proof replay took 3.3ns 
796910     INFO  main            d.u.i.k.p.r.p.TestFile    ... finished proof: closed. 
797643     INFO  main            d.u.i.k.p.i.AbstractProblemLoader Loading environment from /home/runner/work/key/key/key.core/../key.ui/examples/heap/permissions/mulleretal/ReadWrite_doRead_contract.key.proof 
797643     DEBUG main            d.u.i.k.p.i.AbstractProblemLoader Environment load took 349.42ns 
797645     INFO  main            d.u.i.k.p.i.AbstractProblemLoader Creating init config 
800593     DEBUG main            d.u.i.k.p.i.AbstractProblemLoader Init config took 2.95s 
800633     INFO  main            d.u.i.k.p.i.AbstractProblemLoader Replaying proof ReadWrite[ReadWrite::doRead()].JML normal_behavior operation contract.0 
801057     DEBUG main            d.u.i.k.p.i.IntermediateProofReplayer Proof replay took 417.25ms 
801058     DEBUG main            d.u.i.k.p.r.p.TestFile    ... success: reloaded. 
801059     INFO  main            d.u.i.k.p.r.p.TestFile    Now processing file /home/runner/work/key/key/key.core/../key.ui/examples/heap/permissions/mulleretal/ReadWrite_doWrite_contract.key 
801059     INFO  main            d.u.i.k.p.i.AbstractProblemLoader Loading environment from /home/runner/work/key/key/key.core/../key.ui/examples/heap/permissions/mulleretal/ReadWrite_doWrite_contract.key 
801059     DEBUG main            d.u.i.k.p.i.AbstractProblemLoader Environment load took 60.2ns 
801060     INFO  main            d.u.i.k.p.i.AbstractProblemLoader Creating init config 
804007     DEBUG main            d.u.i.k.p.i.AbstractProblemLoader Init config took 2.95s 
804046     INFO  main            d.u.i.k.p.i.AbstractProblemLoader Replaying proof ReadWrite[ReadWrite::doWrite()].JML normal_behavior operation contract.0 
804047     DEBUG main            d.u.i.k.p.i.IntermediateProofReplayer Proof replay took 3.2ns 
805886     INFO  main            d.u.i.k.p.r.p.TestFile    ... finished proof: closed. 
806621     INFO  main            d.u.i.k.p.i.AbstractProblemLoader Loading environment from /home/runner/work/key/key/key.core/../key.ui/examples/heap/permissions/mulleretal/ReadWrite_doWrite_contract.key.proof 
806621     DEBUG main            d.u.i.k.p.i.AbstractProblemLoader Environment load took 435.82ns 
806623     INFO  main            d.u.i.k.p.i.AbstractProblemLoader Creating init config 
809551     DEBUG main            d.u.i.k.p.i.AbstractProblemLoader Init config took 2.93s 
809602     INFO  main            d.u.i.k.p.i.AbstractProblemLoader Replaying proof ReadWrite[ReadWrite::doWrite()].JML normal_behavior operation contract.0 
810028     DEBUG main            d.u.i.k.p.i.IntermediateProofReplayer Proof replay took 418.97ms 
810029     DEBUG main            d.u.i.k.p.r.p.TestFile    ... success: reloaded. 
810030     INFO  main            d.u.i.k.p.r.p.TestFile    Now processing file /home/runner/work/key/key/key.core/../key.ui/examples/heap/permissions/mulleretal/ReadWrite_read_contract.key 
810030     INFO  main            d.u.i.k.p.i.AbstractProblemLoader Loading environment from /home/runner/work/key/key/key.core/../key.ui/examples/heap/permissions/mulleretal/ReadWrite_read_contract.key 
810030     DEBUG main            d.u.i.k.p.i.AbstractProblemLoader Environment load took 76.6ns 
810031     INFO  main            d.u.i.k.p.i.AbstractProblemLoader Creating init config 
813051     DEBUG main            d.u.i.k.p.i.AbstractProblemLoader Init config took 3.02s 
813090     INFO  main            d.u.i.k.p.i.AbstractProblemLoader Replaying proof ReadWrite[ReadWrite::read()].JML normal_behavior operation contract.0 
813092     DEBUG main            d.u.i.k.p.i.IntermediateProofReplayer Proof replay took 3.8ns 
813194     INFO  main            d.u.i.k.p.r.p.TestFile    ... finished proof: closed. 
813924     INFO  main            d.u.i.k.p.i.AbstractProblemLoader Loading environment from /home/runner/work/key/key/key.core/../key.ui/examples/heap/permissions/mulleretal/ReadWrite_read_contract.key.proof 
813924     DEBUG main            d.u.i.k.p.i.AbstractProblemLoader Environment load took 85.2ns 
813925     INFO  main            d.u.i.k.p.i.AbstractProblemLoader Creating init config 
816829     DEBUG main            d.u.i.k.p.i.AbstractProblemLoader Init config took 2.9s 
816867     INFO  main            d.u.i.k.p.i.AbstractProblemLoader Replaying proof ReadWrite[ReadWrite::read()].JML normal_behavior operation contract.0 
816877     DEBUG main            d.u.i.k.p.i.IntermediateProofReplayer Proof replay took 7.72ms 
816877     DEBUG main            d.u.i.k.p.r.p.TestFile    ... success: reloaded. 
816878     INFO  main            d.u.i.k.p.r.p.TestFile    Now processing file /home/runner/work/key/key/key.core/../key.ui/examples/heap/permissions/mulleretal/ReadWrite_write_contract.key 
816878     INFO  main            d.u.i.k.p.i.AbstractProblemLoader Loading environment from /home/runner/work/key/key/key.core/../key.ui/examples/heap/permissions/mulleretal/ReadWrite_write_contract.key 
816878     DEBUG main            d.u.i.k.p.i.AbstractProblemLoader Environment load took 63.2ns 
816879     INFO  main            d.u.i.k.p.i.AbstractProblemLoader Creating init config 
819828     DEBUG main            d.u.i.k.p.i.AbstractProblemLoader Init config took 2.95s 
819867     INFO  main            d.u.i.k.p.i.AbstractProblemLoader Replaying proof ReadWrite[ReadWrite::write()].JML normal_behavior operation contract.0 
819869     DEBUG main            d.u.i.k.p.i.IntermediateProofReplayer Proof replay took 3.4ns 
820071     INFO  main            d.u.i.k.p.r.p.TestFile    ... finished proof: closed. 
820798     INFO  main            d.u.i.k.p.i.AbstractProblemLoader Loading environment from /home/runner/work/key/key/key.core/../key.ui/examples/heap/permissions/mulleretal/ReadWrite_write_contract.key.proof 
820798     DEBUG main            d.u.i.k.p.i.AbstractProblemLoader Environment load took 83.8ns 
820799     INFO  main            d.u.i.k.p.i.AbstractProblemLoader Creating init config 
823789     DEBUG main            d.u.i.k.p.i.AbstractProblemLoader Init config took 2.99s 
823830     INFO  main            d.u.i.k.p.i.AbstractProblemLoader Replaying proof ReadWrite[ReadWrite::write()].JML normal_behavior operation contract.0 
823860     DEBUG main            d.u.i.k.p.i.IntermediateProofReplayer Proof replay took 28.65ms 
823861     DEBUG main            d.u.i.k.p.r.p.TestFile    ... success: reloaded. 
823862     INFO  main            d.u.i.k.p.r.p.TestFile    Now processing file /home/runner/work/key/key/key.core/../key.ui/examples/heap/permissions/mulleretal/ReadWrite_inv1_accessible.key 
823863     INFO  main            d.u.i.k.p.i.AbstractProblemLoader Loading environment from /home/runner/work/key/key/key.core/../key.ui/examples/heap/permissions/mulleretal/ReadWrite_inv1_accessible.key 
823863     DEBUG main            d.u.i.k.p.i.AbstractProblemLoader Environment load took 100.71ns 
823864     INFO  main            d.u.i.k.p.i.AbstractProblemLoader Creating init config 
826905     DEBUG main            d.u.i.k.p.i.AbstractProblemLoader Init config took 3.04s 
826944     INFO  main            d.u.i.k.p.i.AbstractProblemLoader Replaying proof ReadWrite[java.lang.Object::<inv>()].JML accessible clause.0 
826946     DEBUG main            d.u.i.k.p.i.IntermediateProofReplayer Proof replay took 3.7ns 
827047     INFO  main            d.u.i.k.p.r.p.TestFile    ... finished proof: closed. 
827774     INFO  main            d.u.i.k.p.i.AbstractProblemLoader Loading environment from /home/runner/work/key/key/key.core/../key.ui/examples/heap/permissions/mulleretal/ReadWrite_inv1_accessible.key.proof 
827774     DEBUG main            d.u.i.k.p.i.AbstractProblemLoader Environment load took 92.81ns 
827775     INFO  main            d.u.i.k.p.i.AbstractProblemLoader Creating init config 
830707     DEBUG main            d.u.i.k.p.i.AbstractProblemLoader Init config took 2.93s 
830746     INFO  main            d.u.i.k.p.i.AbstractProblemLoader Replaying proof ReadWrite[java.lang.Object::<inv>()].JML accessible clause.0 
830750     DEBUG main            d.u.i.k.p.i.IntermediateProofReplayer Proof replay took 2.34ms 
830750     DEBUG main            d.u.i.k.p.r.p.TestFile    ... success: reloaded. 
830751     INFO  main            d.u.i.k.p.r.p.TestFile    Now processing file /home/runner/work/key/key/key.core/../key.ui/examples/heap/permissions/mulleretal/ReadWrite_inv2_accessible.key 
830751     INFO  main            d.u.i.k.p.i.AbstractProblemLoader Loading environment from /home/runner/work/key/key/key.core/../key.ui/examples/heap/permissions/mulleretal/ReadWrite_inv2_accessible.key 
830751     DEBUG main            d.u.i.k.p.i.AbstractProblemLoader Environment load took 49.3ns 
830752     INFO  main            d.u.i.k.p.i.AbstractProblemLoader Creating init config 
833758     DEBUG main            d.u.i.k.p.i.AbstractProblemLoader Init config took 3.01s 
833797     INFO  main            d.u.i.k.p.i.AbstractProblemLoader Replaying proof ReadWrite[java.lang.Object::<inv>()].JML accessible clause.1 
833798     DEBUG main            d.u.i.k.p.i.IntermediateProofReplayer Proof replay took 4ns 
833900     INFO  main            d.u.i.k.p.r.p.TestFile    ... finished proof: closed. 
834634     INFO  main            d.u.i.k.p.i.AbstractProblemLoader Loading environment from /home/runner/work/key/key/key.core/../key.ui/examples/heap/permissions/mulleretal/ReadWrite_inv2_accessible.key.proof 
834634     DEBUG main            d.u.i.k.p.i.AbstractProblemLoader Environment load took 89.11ns 
834635     INFO  main            d.u.i.k.p.i.AbstractProblemLoader Creating init config 
837538     DEBUG main            d.u.i.k.p.i.AbstractProblemLoader Init config took 2.9s 
837577     INFO  main            d.u.i.k.p.i.AbstractProblemLoader Replaying proof ReadWrite[java.lang.Object::<inv>()].JML accessible clause.1 
837580     DEBUG main            d.u.i.k.p.i.IntermediateProofReplayer Proof replay took 1.86ms 
837581     DEBUG main            d.u.i.k.p.r.p.TestFile    ... success: reloaded. 
837582     INFO  main            d.u.i.k.p.r.p.TestFile    Now processing file /home/runner/work/key/key/key.core/../key.ui/examples/heap/permissions/lockspec/Counter_lockConsistent_contract.key 
837582     INFO  main            d.u.i.k.p.i.AbstractProblemLoader Loading environment from /home/runner/work/key/key/key.core/../key.ui/examples/heap/permissions/lockspec/Counter_lockConsistent_contract.key 
837582     DEBUG main            d.u.i.k.p.i.AbstractProblemLoader Environment load took 50.8ns 
837583     INFO  main            d.u.i.k.p.i.AbstractProblemLoader Creating init config 
841171     DEBUG main            d.u.i.k.p.i.AbstractProblemLoader Init config took 3.59s 
841241     INFO  main            d.u.i.k.p.i.AbstractProblemLoader Replaying proof Counter[LockSpec::lockConsistent()].JML model_behavior operation contract.0 
841242     DEBUG main            d.u.i.k.p.i.IntermediateProofReplayer Proof replay took 4ns 
842448     INFO  main            d.u.i.k.p.r.p.TestFile    ... finished proof: closed. 
843210     INFO  main            d.u.i.k.p.i.AbstractProblemLoader Loading environment from /home/runner/work/key/key/key.core/../key.ui/examples/heap/permissions/lockspec/Counter_lockConsistent_contract.key.proof 
843210     DEBUG main            d.u.i.k.p.i.AbstractProblemLoader Environment load took 92.41ns 
843211     INFO  main            d.u.i.k.p.i.AbstractProblemLoader Creating init config 
846988     DEBUG main            d.u.i.k.p.i.AbstractProblemLoader Init config took 3.78s 
847066     INFO  main            d.u.i.k.p.i.AbstractProblemLoader Replaying proof Counter[LockSpec::lockConsistent()].JML model_behavior operation contract.0 
847268     DEBUG main            d.u.i.k.p.i.IntermediateProofReplayer Proof replay took 192.42ms 
847269     DEBUG main            d.u.i.k.p.r.p.TestFile    ... success: reloaded. 
847270     INFO  main            d.u.i.k.p.r.p.TestFile    Now processing file /home/runner/work/key/key/key.core/../key.ui/examples/heap/permissions/lockspec/Counter_increase_contract.key 
847271     INFO  main            d.u.i.k.p.i.AbstractProblemLoader Loading environment from /home/runner/work/key/key/key.core/../key.ui/examples/heap/permissions/lockspec/Counter_increase_contract.key 
847271     DEBUG main            d.u.i.k.p.i.AbstractProblemLoader Environment load took 174.81ns 
847272     INFO  main            d.u.i.k.p.i.AbstractProblemLoader Creating init config 
850758     DEBUG main            d.u.i.k.p.i.AbstractProblemLoader Init config took 3.49s 
850815     INFO  main            d.u.i.k.p.i.AbstractProblemLoader Replaying proof Counter[Counter::increase()].JML normal_behavior operation contract.0 
850822     DEBUG main            d.u.i.k.p.i.IntermediateProofReplayer Proof replay took 3.5ns 
852634     INFO  main            d.u.i.k.p.r.p.TestFile    ... finished proof: closed. 
853492     INFO  main            d.u.i.k.p.i.AbstractProblemLoader Loading environment from /home/runner/work/key/key/key.core/../key.ui/examples/heap/permissions/lockspec/Counter_increase_contract.key.proof 
853492     DEBUG main            d.u.i.k.p.i.AbstractProblemLoader Environment load took 353.92ns 
853494     INFO  main            d.u.i.k.p.i.AbstractProblemLoader Creating init config 
857111     DEBUG main            d.u.i.k.p.i.AbstractProblemLoader Init config took 3.62s 
857182     INFO  main            d.u.i.k.p.i.AbstractProblemLoader Replaying proof Counter[Counter::increase()].JML normal_behavior operation contract.0 
857616     DEBUG main            d.u.i.k.p.i.IntermediateProofReplayer Proof replay took 413.11ms 
857622     DEBUG main            d.u.i.k.p.r.p.TestFile    ... success: reloaded. 
857623     INFO  main            d.u.i.k.p.r.p.TestFile    Now processing file /home/runner/work/key/key/key.core/../key.ui/examples/heap/permissions/lockspec/Counter_fp_accessible.key 
857623     INFO  main            d.u.i.k.p.i.AbstractProblemLoader Loading environment from /home/runner/work/key/key/key.core/../key.ui/examples/heap/permissions/lockspec/Counter_fp_accessible.key 
857624     DEBUG main            d.u.i.k.p.i.AbstractProblemLoader Environment load took 176.61ns 
857624     INFO  main            d.u.i.k.p.i.AbstractProblemLoader Creating init config 
861236     DEBUG main            d.u.i.k.p.i.AbstractProblemLoader Init config took 3.61s 
861296     INFO  main            d.u.i.k.p.i.AbstractProblemLoader Replaying proof Counter[LockSpec::fp()].JML accessible clause.0 
861298     DEBUG main            d.u.i.k.p.i.IntermediateProofReplayer Proof replay took 4ns 
861399     INFO  main            d.u.i.k.p.r.p.TestFile    ... finished proof: closed. 
862183     INFO  main            d.u.i.k.p.i.AbstractProblemLoader Loading environment from /home/runner/work/key/key/key.core/../key.ui/examples/heap/permissions/lockspec/Counter_fp_accessible.key.proof 
862183     DEBUG main            d.u.i.k.p.i.AbstractProblemLoader Environment load took 89.5ns 
862184     INFO  main            d.u.i.k.p.i.AbstractProblemLoader Creating init config 
865652     DEBUG main            d.u.i.k.p.i.AbstractProblemLoader Init config took 3.47s 
865731     INFO  main            d.u.i.k.p.i.AbstractProblemLoader Replaying proof Counter[LockSpec::fp()].JML accessible clause.0 
865743     DEBUG main            d.u.i.k.p.i.IntermediateProofReplayer Proof replay took 10.24ms 
865744     DEBUG main            d.u.i.k.p.r.p.TestFile    ... success: reloaded. 
865746     INFO  main            d.u.i.k.p.r.p.TestFile    Now processing file /home/runner/work/key/key/key.core/../key.ui/examples/heap/permissions/lockspec/Counter_fpLock_accessible.key 
865746     INFO  main            d.u.i.k.p.i.AbstractProblemLoader Loading environment from /home/runner/work/key/key/key.core/../key.ui/examples/heap/permissions/lockspec/Counter_fpLock_accessible.key 
865746     DEBUG main            d.u.i.k.p.i.AbstractProblemLoader Environment load took 75.6ns 
865747     INFO  main            d.u.i.k.p.i.AbstractProblemLoader Creating init config 
869263     DEBUG main            d.u.i.k.p.i.AbstractProblemLoader Init config took 3.52s 
869324     INFO  main            d.u.i.k.p.i.AbstractProblemLoader Replaying proof Counter[LockSpec::fpLock()].JML accessible clause.0 
869326     DEBUG main            d.u.i.k.p.i.IntermediateProofReplayer Proof replay took 3.9ns 
869427     INFO  main            d.u.i.k.p.r.p.TestFile    ... finished proof: closed. 
870195     INFO  main            d.u.i.k.p.i.AbstractProblemLoader Loading environment from /home/runner/work/key/key/key.core/../key.ui/examples/heap/permissions/lockspec/Counter_fpLock_accessible.key.proof 
870195     DEBUG main            d.u.i.k.p.i.AbstractProblemLoader Environment load took 97.7ns 
870196     INFO  main            d.u.i.k.p.i.AbstractProblemLoader Creating init config 
873895     DEBUG main            d.u.i.k.p.i.AbstractProblemLoader Init config took 3.7s 
873968     INFO  main            d.u.i.k.p.i.AbstractProblemLoader Replaying proof Counter[LockSpec::fpLock()].JML accessible clause.0 
873981     DEBUG main            d.u.i.k.p.i.IntermediateProofReplayer Proof replay took 10.91ms 
873982     DEBUG main            d.u.i.k.p.r.p.TestFile    ... success: reloaded. 
873983     INFO  main            d.u.i.k.p.r.p.TestFile    Now processing file /home/runner/work/key/key/key.core/../key.ui/examples/heap/permissions/lockspec/Counter_fpPerm_accessible.key 
873984     INFO  main            d.u.i.k.p.i.AbstractProblemLoader Loading environment from /home/runner/work/key/key/key.core/../key.ui/examples/heap/permissions/lockspec/Counter_fpPerm_accessible.key 
873984     DEBUG main            d.u.i.k.p.i.AbstractProblemLoader Environment load took 171.21ns 
873985     INFO  main            d.u.i.k.p.i.AbstractProblemLoader Creating init config 
877743     DEBUG main            d.u.i.k.p.i.AbstractProblemLoader Init config took 3.76s 
877810     INFO  main            d.u.i.k.p.i.AbstractProblemLoader Replaying proof Counter[LockSpec::fpPerm()].JML accessible clause.0 
877812     DEBUG main            d.u.i.k.p.i.IntermediateProofReplayer Proof replay took 4.9ns 
877914     INFO  main            d.u.i.k.p.r.p.TestFile    ... finished proof: closed. 
878679     INFO  main            d.u.i.k.p.i.AbstractProblemLoader Loading environment from /home/runner/work/key/key/key.core/../key.ui/examples/heap/permissions/lockspec/Counter_fpPerm_accessible.key.proof 
878679     DEBUG main            d.u.i.k.p.i.AbstractProblemLoader Environment load took 81.1ns 
878680     INFO  main            d.u.i.k.p.i.AbstractProblemLoader Creating init config 
882351     DEBUG main            d.u.i.k.p.i.AbstractProblemLoader Init config took 3.67s 
882419     INFO  main            d.u.i.k.p.i.AbstractProblemLoader Replaying proof Counter[LockSpec::fpPerm()].JML accessible clause.0 
882432     DEBUG main            d.u.i.k.p.i.IntermediateProofReplayer Proof replay took 9.25ms 
882433     DEBUG main            d.u.i.k.p.r.p.TestFile    ... success: reloaded. 
882434     INFO  main            d.u.i.k.p.r.p.TestFile    Now processing file /home/runner/work/key/key/key.core/../key.ui/examples/heap/permissions/lockspec/Counter_inv_accessible1.key 
882434     INFO  main            d.u.i.k.p.i.AbstractProblemLoader Loading environment from /home/runner/work/key/key/key.core/../key.ui/examples/heap/permissions/lockspec/Counter_inv_accessible1.key 
882434     DEBUG main            d.u.i.k.p.i.AbstractProblemLoader Environment load took 169.71ns 
882435     INFO  main            d.u.i.k.p.i.AbstractProblemLoader Creating init config 
886090     DEBUG main            d.u.i.k.p.i.AbstractProblemLoader Init config took 3.65s 
886150     INFO  main            d.u.i.k.p.i.AbstractProblemLoader Replaying proof Counter[java.lang.Object::<inv>()].JML accessible clause.0 
886151     DEBUG main            d.u.i.k.p.i.IntermediateProofReplayer Proof replay took 3.7ns 
886253     INFO  main            d.u.i.k.p.r.p.TestFile    ... finished proof: closed. 
886997     INFO  main            d.u.i.k.p.i.AbstractProblemLoader Loading environment from /home/runner/work/key/key/key.core/../key.ui/examples/heap/permissions/lockspec/Counter_inv_accessible1.key.proof 
886997     DEBUG main            d.u.i.k.p.i.AbstractProblemLoader Environment load took 87.81ns 
886998     INFO  main            d.u.i.k.p.i.AbstractProblemLoader Creating init config 
890669     DEBUG main            d.u.i.k.p.i.AbstractProblemLoader Init config took 3.67s 
890742     INFO  main            d.u.i.k.p.i.AbstractProblemLoader Replaying proof Counter[java.lang.Object::<inv>()].JML accessible clause.0 
890759     DEBUG main            d.u.i.k.p.i.IntermediateProofReplayer Proof replay took 14.1ms 
890760     DEBUG main            d.u.i.k.p.r.p.TestFile    ... success: reloaded. 
890761     INFO  main            d.u.i.k.p.r.p.TestFile    Now processing file /home/runner/work/key/key/key.core/../key.ui/examples/heap/permissions/lockspec/Counter_inv_accessible2.key 
890761     INFO  main            d.u.i.k.p.i.AbstractProblemLoader Loading environment from /home/runner/work/key/key/key.core/../key.ui/examples/heap/permissions/lockspec/Counter_inv_accessible2.key 
890762     DEBUG main            d.u.i.k.p.i.AbstractProblemLoader Environment load took 173.41ns 
890763     INFO  main            d.u.i.k.p.i.AbstractProblemLoader Creating init config 
894511     DEBUG main            d.u.i.k.p.i.AbstractProblemLoader Init config took 3.75s 
894571     INFO  main            d.u.i.k.p.i.AbstractProblemLoader Replaying proof Counter[java.lang.Object::<inv>()].JML accessible clause.1 
894572     DEBUG main            d.u.i.k.p.i.IntermediateProofReplayer Proof replay took 3.8ns 
894674     INFO  main            d.u.i.k.p.r.p.TestFile    ... finished proof: closed. 
895445     INFO  main            d.u.i.k.p.i.AbstractProblemLoader Loading environment from /home/runner/work/key/key/key.core/../key.ui/examples/heap/permissions/lockspec/Counter_inv_accessible2.key.proof 
895445     DEBUG main            d.u.i.k.p.i.AbstractProblemLoader Environment load took 97.11ns 
895446     INFO  main            d.u.i.k.p.i.AbstractProblemLoader Creating init config 
899173     DEBUG main            d.u.i.k.p.i.AbstractProblemLoader Init config took 3.73s 
899244     INFO  main            d.u.i.k.p.i.AbstractProblemLoader Replaying proof Counter[java.lang.Object::<inv>()].JML accessible clause.1 
899259     DEBUG main            d.u.i.k.p.i.IntermediateProofReplayer Proof replay took 13.29ms 
899260     DEBUG main            d.u.i.k.p.r.p.TestFile    ... success: reloaded. 
899261     INFO  main            d.u.i.k.p.r.p.TestFile    Now processing file /home/runner/work/key/key/key.core/../key.ui/examples/heap/permissions/lockspec/Counter_lockRef_accessible.key 
899261     INFO  main            d.u.i.k.p.i.AbstractProblemLoader Loading environment from /home/runner/work/key/key/key.core/../key.ui/examples/heap/permissions/lockspec/Counter_lockRef_accessible.key 
899262     DEBUG main            d.u.i.k.p.i.AbstractProblemLoader Environment load took 178.51ns 
899262     INFO  main            d.u.i.k.p.i.AbstractProblemLoader Creating init config 
902994     DEBUG main            d.u.i.k.p.i.AbstractProblemLoader Init config took 3.73s 
903055     INFO  main            d.u.i.k.p.i.AbstractProblemLoader Replaying proof Counter[LockSpec::lockRef()].JML accessible clause.0 
903056     DEBUG main            d.u.i.k.p.i.IntermediateProofReplayer Proof replay took 3.9ns 
903258     INFO  main            d.u.i.k.p.r.p.TestFile    ... finished proof: closed. 
904056     INFO  main            d.u.i.k.p.i.AbstractProblemLoader Loading environment from /home/runner/work/key/key/key.core/../key.ui/examples/heap/permissions/lockspec/Counter_lockRef_accessible.key.proof 
904056     DEBUG main            d.u.i.k.p.i.AbstractProblemLoader Environment load took 95ns 
904057     INFO  main            d.u.i.k.p.i.AbstractProblemLoader Creating init config 
907664     DEBUG main            d.u.i.k.p.i.AbstractProblemLoader Init config took 3.61s 
907732     INFO  main            d.u.i.k.p.i.AbstractProblemLoader Replaying proof Counter[LockSpec::lockRef()].JML accessible clause.0 
907781     DEBUG main            d.u.i.k.p.i.IntermediateProofReplayer Proof replay took 45.54ms 
907782     DEBUG main            d.u.i.k.p.r.p.TestFile    ... success: reloaded. 
907783     INFO  main            d.u.i.k.p.r.p.TestFile    Now processing file /home/runner/work/key/key/key.core/../key.ui/examples/heap/permissions/lockspec/Counter_lockRef_contract1.key 
907783     INFO  main            d.u.i.k.p.i.AbstractProblemLoader Loading environment from /home/runner/work/key/key/key.core/../key.ui/examples/heap/permissions/lockspec/Counter_lockRef_contract1.key 
907783     DEBUG main            d.u.i.k.p.i.AbstractProblemLoader Environment load took 183.41ns 
907784     INFO  main            d.u.i.k.p.i.AbstractProblemLoader Creating init config 
911419     DEBUG main            d.u.i.k.p.i.AbstractProblemLoader Init config took 3.64s 
911502     INFO  main            d.u.i.k.p.i.AbstractProblemLoader Replaying proof Counter[LockSpec::lockRef()].JML model_behavior operation contract.0 
911504     DEBUG main            d.u.i.k.p.i.IntermediateProofReplayer Proof replay took 4.7ns 
911606     INFO  main            d.u.i.k.p.r.p.TestFile    ... finished proof: closed. 
912374     INFO  main            d.u.i.k.p.i.AbstractProblemLoader Loading environment from /home/runner/work/key/key/key.core/../key.ui/examples/heap/permissions/lockspec/Counter_lockRef_contract1.key.proof 
912374     DEBUG main            d.u.i.k.p.i.AbstractProblemLoader Environment load took 90.3ns 
912375     INFO  main            d.u.i.k.p.i.AbstractProblemLoader Creating init config 
915902     DEBUG main            d.u.i.k.p.i.AbstractProblemLoader Init config took 3.53s 
915974     INFO  main            d.u.i.k.p.i.AbstractProblemLoader Replaying proof Counter[LockSpec::lockRef()].JML model_behavior operation contract.0 
915986     DEBUG main            d.u.i.k.p.i.IntermediateProofReplayer Proof replay took 4.8ms 
915987     DEBUG main            d.u.i.k.p.r.p.TestFile    ... success: reloaded. 
915988     INFO  main            d.u.i.k.p.r.p.TestFile    Now processing file /home/runner/work/key/key/key.core/../key.ui/examples/heap/permissions/lockspec/Counter_lockRef_contract2.key 
915988     INFO  main            d.u.i.k.p.i.AbstractProblemLoader Loading environment from /home/runner/work/key/key/key.core/../key.ui/examples/heap/permissions/lockspec/Counter_lockRef_contract2.key 
915989     DEBUG main            d.u.i.k.p.i.AbstractProblemLoader Environment load took 177.11ns 
915990     INFO  main            d.u.i.k.p.i.AbstractProblemLoader Creating init config 
919671     DEBUG main            d.u.i.k.p.i.AbstractProblemLoader Init config took 3.68s 
919762     INFO  main            d.u.i.k.p.i.AbstractProblemLoader Replaying proof Counter[Counter::lockRef()].JML model_behavior operation contract.0 
919764     DEBUG main            d.u.i.k.p.i.IntermediateProofReplayer Proof replay took 4.1ns 
919866     INFO  main            d.u.i.k.p.r.p.TestFile    ... finished proof: closed. 
920639     INFO  main            d.u.i.k.p.i.AbstractProblemLoader Loading environment from /home/runner/work/key/key/key.core/../key.ui/examples/heap/permissions/lockspec/Counter_lockRef_contract2.key.proof 
920639     DEBUG main            d.u.i.k.p.i.AbstractProblemLoader Environment load took 79.8ns 
920640     INFO  main            d.u.i.k.p.i.AbstractProblemLoader Creating init config 
924165     DEBUG main            d.u.i.k.p.i.AbstractProblemLoader Init config took 3.52s 
924228     INFO  main            d.u.i.k.p.i.AbstractProblemLoader Replaying proof Counter[Counter::lockRef()].JML model_behavior operation contract.0 
924233     DEBUG main            d.u.i.k.p.i.IntermediateProofReplayer Proof replay took 3.81ms 
924234     DEBUG main            d.u.i.k.p.r.p.TestFile    ... success: reloaded. 
924235     INFO  main            d.u.i.k.p.r.p.TestFile    Now processing file /home/runner/work/key/key/key.core/../key.ui/examples/heap/permissions/lockspec/Counter_lockState_accessible.key 
924236     INFO  main            d.u.i.k.p.i.AbstractProblemLoader Loading environment from /home/runner/work/key/key/key.core/../key.ui/examples/heap/permissions/lockspec/Counter_lockState_accessible.key 
924236     DEBUG main            d.u.i.k.p.i.AbstractProblemLoader Environment load took 176.61ns 
924237     INFO  main            d.u.i.k.p.i.AbstractProblemLoader Creating init config 
928129     DEBUG main            d.u.i.k.p.i.AbstractProblemLoader Init config took 3.89s 
928193     INFO  main            d.u.i.k.p.i.AbstractProblemLoader Replaying proof Counter[LockSpec::lockState(boolean)].JML accessible clause.0 
928194     DEBUG main            d.u.i.k.p.i.IntermediateProofReplayer Proof replay took 4.3ns 
928598     INFO  main            d.u.i.k.p.r.p.TestFile    ... finished proof: closed. 
929402     INFO  main            d.u.i.k.p.i.AbstractProblemLoader Loading environment from /home/runner/work/key/key/key.core/../key.ui/examples/heap/permissions/lockspec/Counter_lockState_accessible.key.proof 
929402     DEBUG main            d.u.i.k.p.i.AbstractProblemLoader Environment load took 99.01ns 
929403     INFO  main            d.u.i.k.p.i.AbstractProblemLoader Creating init config 
933057     DEBUG main            d.u.i.k.p.i.AbstractProblemLoader Init config took 3.65s 
933127     INFO  main            d.u.i.k.p.i.AbstractProblemLoader Replaying proof Counter[LockSpec::lockState(boolean)].JML accessible clause.0 
933217     DEBUG main            d.u.i.k.p.i.IntermediateProofReplayer Proof replay took 86.07ms 
933218     DEBUG main            d.u.i.k.p.r.p.TestFile    ... success: reloaded. 
933219     INFO  main            d.u.i.k.p.r.p.TestFile    Now processing file /home/runner/work/key/key/key.core/../key.ui/examples/heap/permissions/lockspec/Counter_lockStatus_accessible.key 
933222     INFO  main            d.u.i.k.p.i.AbstractProblemLoader Loading environment from /home/runner/work/key/key/key.core/../key.ui/examples/heap/permissions/lockspec/Counter_lockStatus_accessible.key 
933222     DEBUG main            d.u.i.k.p.i.AbstractProblemLoader Environment load took 237.21ns 
933223     INFO  main            d.u.i.k.p.i.AbstractProblemLoader Creating init config 
936824     DEBUG main            d.u.i.k.p.i.AbstractProblemLoader Init config took 3.6s 
936884     INFO  main            d.u.i.k.p.i.AbstractProblemLoader Replaying proof Counter[LockSpec::lockStatus(boolean)].JML accessible clause.0 
936886     DEBUG main            d.u.i.k.p.i.IntermediateProofReplayer Proof replay took 3.7ns 
937088     INFO  main            d.u.i.k.p.r.p.TestFile    ... finished proof: closed. 
937898     INFO  main            d.u.i.k.p.i.AbstractProblemLoader Loading environment from /home/runner/work/key/key/key.core/../key.ui/examples/heap/permissions/lockspec/Counter_lockStatus_accessible.key.proof 
937898     DEBUG main            d.u.i.k.p.i.AbstractProblemLoader Environment load took 99.21ns 
937899     INFO  main            d.u.i.k.p.i.AbstractProblemLoader Creating init config 
941383     DEBUG main            d.u.i.k.p.i.AbstractProblemLoader Init config took 3.48s 
941452     INFO  main            d.u.i.k.p.i.AbstractProblemLoader Replaying proof Counter[LockSpec::lockStatus(boolean)].JML accessible clause.0 
941479     DEBUG main            d.u.i.k.p.i.IntermediateProofReplayer Proof replay took 25.16ms 
941480     DEBUG main            d.u.i.k.p.r.p.TestFile    ... success: reloaded. 
941481     INFO  main            d.u.i.k.p.r.p.TestFile    Now processing file /home/runner/work/key/key/key.core/../key.ui/examples/heap/permissions/lockspec/Counter_lockTransfer_accessible.key 
941481     INFO  main            d.u.i.k.p.i.AbstractProblemLoader Loading environment from /home/runner/work/key/key/key.core/../key.ui/examples/heap/permissions/lockspec/Counter_lockTransfer_accessible.key 
941481     DEBUG main            d.u.i.k.p.i.AbstractProblemLoader Environment load took 107.31ns 
941482     INFO  main            d.u.i.k.p.i.AbstractProblemLoader Creating init config 
945099     DEBUG main            d.u.i.k.p.i.AbstractProblemLoader Init config took 3.62s 
945160     INFO  main            d.u.i.k.p.i.AbstractProblemLoader Replaying proof Counter[LockSpec::lockTransfer()].JML accessible clause.0 
945161     DEBUG main            d.u.i.k.p.i.IntermediateProofReplayer Proof replay took 4ns 
945464     INFO  main            d.u.i.k.p.r.p.TestFile    ... finished proof: closed. 
946264     INFO  main            d.u.i.k.p.i.AbstractProblemLoader Loading environment from /home/runner/work/key/key/key.core/../key.ui/examples/heap/permissions/lockspec/Counter_lockTransfer_accessible.key.proof 
946264     DEBUG main            d.u.i.k.p.i.AbstractProblemLoader Environment load took 85.9ns 
946265     INFO  main            d.u.i.k.p.i.AbstractProblemLoader Creating init config 
949938     DEBUG main            d.u.i.k.p.i.AbstractProblemLoader Init config took 3.67s 
950007     INFO  main            d.u.i.k.p.i.AbstractProblemLoader Replaying proof Counter[LockSpec::lockTransfer()].JML accessible clause.0 
950083     DEBUG main            d.u.i.k.p.i.IntermediateProofReplayer Proof replay took 73.09ms 
950084     DEBUG main            d.u.i.k.p.r.p.TestFile    ... success: reloaded. 
950085     INFO  main            d.u.i.k.p.r.p.TestFile    Now processing file /home/runner/work/key/key/key.core/../key.ui/examples/heap/permissions/lockspec/Counter_unlockTransfer_accessible.key 
950086     INFO  main            d.u.i.k.p.i.AbstractProblemLoader Loading environment from /home/runner/work/key/key/key.core/../key.ui/examples/heap/permissions/lockspec/Counter_unlockTransfer_accessible.key 
950086     DEBUG main            d.u.i.k.p.i.AbstractProblemLoader Environment load took 193.91ns 
950087     INFO  main            d.u.i.k.p.i.AbstractProblemLoader Creating init config 
953947     DEBUG main            d.u.i.k.p.i.AbstractProblemLoader Init config took 3.86s 
954011     INFO  main            d.u.i.k.p.i.AbstractProblemLoader Replaying proof Counter[LockSpec::unlockTransfer()].JML accessible clause.0 
954014     DEBUG main            d.u.i.k.p.i.IntermediateProofReplayer Proof replay took 4ns 
954417     INFO  main            d.u.i.k.p.r.p.TestFile    ... finished proof: closed. 
955291     INFO  main            d.u.i.k.p.i.AbstractProblemLoader Loading environment from /home/runner/work/key/key/key.core/../key.ui/examples/heap/permissions/lockspec/Counter_unlockTransfer_accessible.key.proof 
955291     DEBUG main            d.u.i.k.p.i.AbstractProblemLoader Environment load took 83ns 
955292     INFO  main            d.u.i.k.p.i.AbstractProblemLoader Creating init config 
959057     DEBUG main            d.u.i.k.p.i.AbstractProblemLoader Init config took 3.77s 
959134     INFO  main            d.u.i.k.p.i.AbstractProblemLoader Replaying proof Counter[LockSpec::unlockTransfer()].JML accessible clause.0 
959227     DEBUG main            d.u.i.k.p.i.IntermediateProofReplayer Proof replay took 90.06ms 
959228     DEBUG main            d.u.i.k.p.r.p.TestFile    ... success: reloaded. 
959229     INFO  main            d.u.i.k.p.r.p.TestFile    Now processing file /home/runner/work/key/key/key.core/../key.ui/examples/heap/permissions/threads/Plotter_startTransfer_contract.proof 
959229     INFO  main            d.u.i.k.p.i.AbstractProblemLoader Loading environment from /home/runner/work/key/key/key.core/../key.ui/examples/heap/permissions/threads/Plotter_startTransfer_contract.proof 
959230     DEBUG main            d.u.i.k.p.i.AbstractProblemLoader Environment load took 85.5ns 
959231     INFO  main            d.u.i.k.p.i.AbstractProblemLoader Creating init config 
964573     DEBUG main            d.u.i.k.p.i.AbstractProblemLoader Init config took 5.34s 
964671     INFO  main            d.u.i.k.p.i.AbstractProblemLoader Replaying proof Plotter[ThreadSpec2::startTransfer()].JML model_behavior operation contract.0 
964787     DEBUG main            d.u.i.k.p.i.IntermediateProofReplayer Proof replay took 107.49ms 
964788     INFO  main            d.u.i.k.p.r.p.TestFile    ... success: loaded 
964789     INFO  main            d.u.i.k.p.r.p.TestFile    Now processing file /home/runner/work/key/key/key.core/../key.ui/examples/heap/permissions/threads/Plotter_startTransfer_accessible.proof 
964790     INFO  main            d.u.i.k.p.i.AbstractProblemLoader Loading environment from /home/runner/work/key/key/key.core/../key.ui/examples/heap/permissions/threads/Plotter_startTransfer_accessible.proof 
964790     DEBUG main            d.u.i.k.p.i.AbstractProblemLoader Environment load took 180.01ns 
964791     INFO  main            d.u.i.k.p.i.AbstractProblemLoader Creating init config 
970453     DEBUG main            d.u.i.k.p.i.AbstractProblemLoader Init config took 5.66s 
970554     INFO  main            d.u.i.k.p.i.AbstractProblemLoader Replaying proof Plotter[ThreadSpec2::startTransfer()].JML accessible clause.0 
970693     DEBUG main            d.u.i.k.p.i.IntermediateProofReplayer Proof replay took 134.87ms 
970694     INFO  main            d.u.i.k.p.r.p.TestFile    ... success: loaded 
970695     INFO  main            d.u.i.k.p.r.p.TestFile    Now processing file /home/runner/work/key/key/key.core/../key.ui/examples/heap/permissions/threads/Plotter_joinTransfer_accessible.proof 
970695     INFO  main            d.u.i.k.p.i.AbstractProblemLoader Loading environment from /home/runner/work/key/key/key.core/../key.ui/examples/heap/permissions/threads/Plotter_joinTransfer_accessible.proof 
970695     DEBUG main            d.u.i.k.p.i.AbstractProblemLoader Environment load took 82.5ns 
970696     INFO  main            d.u.i.k.p.i.AbstractProblemLoader Creating init config 
976236     DEBUG main            d.u.i.k.p.i.AbstractProblemLoader Init config took 5.54s 
976348     INFO  main            d.u.i.k.p.i.AbstractProblemLoader Replaying proof Plotter[ThreadSpec2::joinTransfer()].JML accessible clause.0 
976358     WARN  main            d.u.i.k.p.i.IntermediateProofReplayer Proof contains wrong number of \assumes instatiations for Definition_axiom_for_stateInv_in_Plotter 
976362     WARN  main            d.u.i.k.p.i.IntermediateProofReplayer Proof contains wrong number of \assumes instatiations for Definition_axiom_for_stateInv_in_Plotter 
976365     WARN  main            d.u.i.k.p.i.IntermediateProofReplayer Proof contains wrong number of \assumes instatiations for Definition_axiom_for_workingPermissions_in_Plotter 
976366     WARN  main            d.u.i.k.p.i.IntermediateProofReplayer Proof contains wrong number of \assumes instatiations for Definition_axiom_for_staticPermissions_in_Plotter 
976367     WARN  main            d.u.i.k.p.i.IntermediateProofReplayer Proof contains wrong number of \assumes instatiations for Definition_axiom_for_joinTransfer_in_Plotter 
976369     WARN  main            d.u.i.k.p.i.IntermediateProofReplayer Proof contains wrong number of \assumes instatiations for Definition_axiom_for_stateInv_in_BFilter 
976376     WARN  main            d.u.i.k.p.i.IntermediateProofReplayer Proof contains wrong number of \assumes instatiations for Definition_axiom_for_stateInv_in_AFilter 
976378     WARN  main            d.u.i.k.p.i.IntermediateProofReplayer Proof contains wrong number of \assumes instatiations for Definition_axiom_for_stateInv_in_BFilter 
976380     WARN  main            d.u.i.k.p.i.IntermediateProofReplayer Proof contains wrong number of \assumes instatiations for Definition_axiom_for_stateInv_in_AFilter 
976382     WARN  main            d.u.i.k.p.i.IntermediateProofReplayer Proof contains wrong number of \assumes instatiations for Definition_axiom_for_staticPermissions_in_AFilter 
976384     WARN  main            d.u.i.k.p.i.IntermediateProofReplayer Proof contains wrong number of \assumes instatiations for Definition_axiom_for_staticPermissions_in_Plotter 
976385     WARN  main            d.u.i.k.p.i.IntermediateProofReplayer Proof contains wrong number of \assumes instatiations for Definition_axiom_for_staticPermissions_in_BFilter 
976386     WARN  main            d.u.i.k.p.i.IntermediateProofReplayer Proof contains wrong number of \assumes instatiations for Definition_axiom_for_workingPermissions_in_Plotter 
976387     WARN  main            d.u.i.k.p.i.IntermediateProofReplayer Proof contains wrong number of \assumes instatiations for Definition_axiom_for_stateInv_in_Sampler 
976388     WARN  main            d.u.i.k.p.i.IntermediateProofReplayer Proof contains wrong number of \assumes instatiations for Definition_axiom_for_stateInv_in_Sampler 
976389     WARN  main            d.u.i.k.p.i.IntermediateProofReplayer Proof contains wrong number of \assumes instatiations for Definition_axiom_for_staticPermissions_in_Sampler 
976390     WARN  main            d.u.i.k.p.i.IntermediateProofReplayer Proof contains wrong number of \assumes instatiations for Definition_axiom_for_staticPermissions_in_BFilter 
976392     WARN  main            d.u.i.k.p.i.IntermediateProofReplayer Proof contains wrong number of \assumes instatiations for Definition_axiom_for_staticPermissions_in_AFilter 
976393     WARN  main            d.u.i.k.p.i.IntermediateProofReplayer Proof contains wrong number of \assumes instatiations for Definition_axiom_for_staticPermissions_in_Sampler 
976394     WARN  main            d.u.i.k.p.i.IntermediateProofReplayer Proof contains wrong number of \assumes instatiations for Definition_axiom_for_staticPermissions_in_Sampler 
976395     WARN  main            d.u.i.k.p.i.IntermediateProofReplayer Proof contains wrong number of \assumes instatiations for Definition_axiom_for_staticPermissions_in_Sampler 
976396     WARN  main            d.u.i.k.p.i.IntermediateProofReplayer Proof contains wrong number of \assumes instatiations for Definition_axiom_for_joinTransfer_in_Plotter 
976587     DEBUG main            d.u.i.k.p.i.IntermediateProofReplayer Proof replay took 233.8ms 
976588     INFO  main            d.u.i.k.p.r.p.TestFile    ... success: loaded 
5950467    INFO  Test worker     d.u.i.k.p.r.RunAllProofsTestUnit Returning from test permissionHeap 
5950467    INFO  Test worker     d.u.i.k.p.r.RunAllProofsTestUnit Running test completionScopes 
420        INFO  Timeout watchdog d.u.i.k.p.r.p.ForkedTestFileRunner Timeout watcher launched (2000 secs.) 
447        WARN  main            d.u.i.k.s.ProofSettings   The settings in /home/runner/.key/proof-settings.props are *not* read. 
484        INFO  main            d.u.i.k.p.r.p.TestFile    Now processing file /home/runner/work/key/key/key.core/../key.ui/examples/completionscopes/testCcatchReturnVal.key 
614        INFO  main            d.u.i.k.p.i.AbstractProblemLoader Loading environment from /home/runner/work/key/key/key.core/../key.ui/examples/completionscopes/testCcatchReturnVal.key 
634        DEBUG main            d.u.i.k.p.i.AbstractProblemLoader Environment load took 2.27ms 
902        INFO  main            d.u.i.k.p.i.AbstractProblemLoader Creating init config 
2024       DEBUG main            d.u.i.k.j.TypeConverter   No LDT found for Meta 
2028       DEBUG main            d.u.i.k.j.TypeConverter   No LDT found for Meta 
2030       DEBUG main            d.u.i.k.j.TypeConverter   No LDT found for Meta 
2030       DEBUG main            d.u.i.k.j.TypeConverter   No LDT found for Meta 
3493       DEBUG main            d.u.i.k.j.TypeConverter   No LDT found for JavaBigintExpression 
9875       DEBUG main            d.u.i.k.p.i.AbstractProblemLoader Init config took 8.97s 
10023      INFO  main            d.u.i.k.p.i.AbstractProblemLoader Replaying proof CompletionScopes[CompletionScopes::testCcatchReturnVal()].JML normal_behavior operation contract.0 
10061      DEBUG main            d.u.i.k.p.i.IntermediateProofReplayer Proof replay took 39.6ns 
10650      INFO  main            d.u.i.k.p.r.p.TestFile    ... finished proof: closed. 
10768      INFO  main            d.u.i.k.p.i.AbstractProblemLoader Loading environment from /home/runner/work/key/key/key.core/../key.ui/examples/completionscopes/testCcatchReturnVal.key.proof 
10769      DEBUG main            d.u.i.k.p.i.AbstractProblemLoader Environment load took 1.33ms 
10773      INFO  main            d.u.i.k.p.i.AbstractProblemLoader Creating init config 
14206      DEBUG main            d.u.i.k.p.i.AbstractProblemLoader Init config took 3.43s 
14306      INFO  main            d.u.i.k.p.i.AbstractProblemLoader Replaying proof CompletionScopes[CompletionScopes::testCcatchReturnVal()].JML normal_behavior operation contract.0 
14397      DEBUG main            d.u.i.k.p.i.IntermediateProofReplayer Proof replay took 80.21ms 
14404      DEBUG main            d.u.i.k.p.r.p.TestFile    ... success: reloaded. 
14406      INFO  main            d.u.i.k.p.r.p.TestFile    Now processing file /home/runner/work/key/key/key.core/../key.ui/examples/completionscopes/testMultCcatchClauses.key 
14407      INFO  main            d.u.i.k.p.i.AbstractProblemLoader Loading environment from /home/runner/work/key/key/key.core/../key.ui/examples/completionscopes/testMultCcatchClauses.key 
14407      DEBUG main            d.u.i.k.p.i.AbstractProblemLoader Environment load took 241.11ns 
14409      INFO  main            d.u.i.k.p.i.AbstractProblemLoader Creating init config 
17881      DEBUG main            d.u.i.k.p.i.AbstractProblemLoader Init config took 3.47s 
17971      INFO  main            d.u.i.k.p.i.AbstractProblemLoader Replaying proof CompletionScopes[CompletionScopes::testMultCcatchClauses()].JML normal_behavior operation contract.0 
17975      DEBUG main            d.u.i.k.p.i.IntermediateProofReplayer Proof replay took 8.4ns 
18582      INFO  main            d.u.i.k.p.r.p.TestFile    ... finished proof: closed. 
18748      INFO  main            d.u.i.k.p.i.AbstractProblemLoader Loading environment from /home/runner/work/key/key/key.core/../key.ui/examples/completionscopes/testMultCcatchClauses.key.proof 
18748      DEBUG main            d.u.i.k.p.i.AbstractProblemLoader Environment load took 411.82ns 
18757      INFO  main            d.u.i.k.p.i.AbstractProblemLoader Creating init config 
22123      DEBUG main            d.u.i.k.p.i.AbstractProblemLoader Init config took 3.37s 
22179      INFO  main            d.u.i.k.p.i.AbstractProblemLoader Replaying proof CompletionScopes[CompletionScopes::testMultCcatchClauses()].JML normal_behavior operation contract.0 
22336      DEBUG main            d.u.i.k.p.i.IntermediateProofReplayer Proof replay took 153.17ms 
22338      DEBUG main            d.u.i.k.p.r.p.TestFile    ... success: reloaded. 
22341      INFO  main            d.u.i.k.p.r.p.TestFile    Now processing file /home/runner/work/key/key/key.core/../key.ui/examples/completionscopes/testNestedExec.key 
22341      INFO  main            d.u.i.k.p.i.AbstractProblemLoader Loading environment from /home/runner/work/key/key/key.core/../key.ui/examples/completionscopes/testNestedExec.key 
22341      DEBUG main            d.u.i.k.p.i.AbstractProblemLoader Environment load took 124.81ns 
22344      INFO  main            d.u.i.k.p.i.AbstractProblemLoader Creating init config 
25576      DEBUG main            d.u.i.k.p.i.AbstractProblemLoader Init config took 3.23s 
25630      INFO  main            d.u.i.k.p.i.AbstractProblemLoader Replaying proof CompletionScopes[CompletionScopes::testMultCcatchClauses()].JML normal_behavior operation contract.0 
25633      DEBUG main            d.u.i.k.p.i.IntermediateProofReplayer Proof replay took 7.3ns 
25936      INFO  main            d.u.i.k.p.r.p.TestFile    ... finished proof: closed. 
26121      INFO  main            d.u.i.k.p.i.AbstractProblemLoader Loading environment from /home/runner/work/key/key/key.core/../key.ui/examples/completionscopes/testNestedExec.key.proof 
26123      DEBUG main            d.u.i.k.p.i.AbstractProblemLoader Environment load took 2.22ms 
26125      INFO  main            d.u.i.k.p.i.AbstractProblemLoader Creating init config 
29269      DEBUG main            d.u.i.k.p.i.AbstractProblemLoader Init config took 3.14s 
29322      INFO  main            d.u.i.k.p.i.AbstractProblemLoader Replaying proof CompletionScopes[CompletionScopes::testMultCcatchClauses()].JML normal_behavior operation contract.0 
29407      DEBUG main            d.u.i.k.p.i.IntermediateProofReplayer Proof replay took 80.81ms 
29409      DEBUG main            d.u.i.k.p.r.p.TestFile    ... success: reloaded. 
29410      INFO  main            d.u.i.k.p.r.p.TestFile    Now processing file /home/runner/work/key/key/key.core/../key.ui/examples/completionscopes/testCcatchBreakLabel.key 
29411      INFO  main            d.u.i.k.p.i.AbstractProblemLoader Loading environment from /home/runner/work/key/key/key.core/../key.ui/examples/completionscopes/testCcatchBreakLabel.key 
29411      DEBUG main            d.u.i.k.p.i.AbstractProblemLoader Environment load took 244.51ns 
29412      INFO  main            d.u.i.k.p.i.AbstractProblemLoader Creating init config 
32632      DEBUG main            d.u.i.k.p.i.AbstractProblemLoader Init config took 3.22s 
32709      INFO  main            d.u.i.k.p.i.AbstractProblemLoader Replaying proof CompletionScopes[CompletionScopes::testBreakLabel()].JML normal_behavior operation contract.0 
32711      DEBUG main            d.u.i.k.p.i.IntermediateProofReplayer Proof replay took 8ns 
32730      DEBUG Thread-10       d.u.i.k.l.o.ProgramSV     Match failed: Former match of  SchemaVariable incompatible with  the current match. 
32814      INFO  main            d.u.i.k.p.r.p.TestFile    ... finished proof: closed. 
32983      INFO  main            d.u.i.k.p.i.AbstractProblemLoader Loading environment from /home/runner/work/key/key/key.core/../key.ui/examples/completionscopes/testCcatchBreakLabel.key.proof 
32983      DEBUG main            d.u.i.k.p.i.AbstractProblemLoader Environment load took 138.21ns 
32984      INFO  main            d.u.i.k.p.i.AbstractProblemLoader Creating init config 
36135      DEBUG main            d.u.i.k.p.i.AbstractProblemLoader Init config took 3.15s 
36187      INFO  main            d.u.i.k.p.i.AbstractProblemLoader Replaying proof CompletionScopes[CompletionScopes::testBreakLabel()].JML normal_behavior operation contract.0 
36198      DEBUG main            d.u.i.k.p.i.IntermediateProofReplayer Proof replay took 9.33ms 
36199      DEBUG main            d.u.i.k.p.r.p.TestFile    ... success: reloaded. 
36200      INFO  main            d.u.i.k.p.r.p.TestFile    Now processing file /home/runner/work/key/key/key.core/../key.ui/examples/completionscopes/testCcatchContinueLabel.key 
36201      INFO  main            d.u.i.k.p.i.AbstractProblemLoader Loading environment from /home/runner/work/key/key/key.core/../key.ui/examples/completionscopes/testCcatchContinueLabel.key 
36201      DEBUG main            d.u.i.k.p.i.AbstractProblemLoader Environment load took 150.71ns 
36202      INFO  main            d.u.i.k.p.i.AbstractProblemLoader Creating init config 
39417      DEBUG main            d.u.i.k.p.i.AbstractProblemLoader Init config took 3.21s 
39500      INFO  main            d.u.i.k.p.i.AbstractProblemLoader Replaying proof CompletionScopes[CompletionScopes::testContinueLabel()].JML normal_behavior operation contract.0 
39502      DEBUG main            d.u.i.k.p.i.IntermediateProofReplayer Proof replay took 7.5ns 
39524      DEBUG Thread-13       d.u.i.k.l.o.ProgramSV     Match failed: Former match of  SchemaVariable incompatible with  the current match. 
39604      INFO  main            d.u.i.k.p.r.p.TestFile    ... finished proof: closed. 
39781      INFO  main            d.u.i.k.p.i.AbstractProblemLoader Loading environment from /home/runner/work/key/key/key.core/../key.ui/examples/completionscopes/testCcatchContinueLabel.key.proof 
39781      DEBUG main            d.u.i.k.p.i.AbstractProblemLoader Environment load took 158.11ns 
39782      INFO  main            d.u.i.k.p.i.AbstractProblemLoader Creating init config 
42918      DEBUG main            d.u.i.k.p.i.AbstractProblemLoader Init config took 3.14s 
42980      INFO  main            d.u.i.k.p.i.AbstractProblemLoader Replaying proof CompletionScopes[CompletionScopes::testContinueLabel()].JML normal_behavior operation contract.0 
43002      DEBUG main            d.u.i.k.p.i.IntermediateProofReplayer Proof replay took 19.16ms 
43003      DEBUG main            d.u.i.k.p.r.p.TestFile    ... success: reloaded. 
43005      INFO  main            d.u.i.k.p.r.p.TestFile    Now processing file /home/runner/work/key/key/key.core/../key.ui/examples/completionscopes/testCcatchBreakLabelWildcard.key 
43006      INFO  main            d.u.i.k.p.i.AbstractProblemLoader Loading environment from /home/runner/work/key/key/key.core/../key.ui/examples/completionscopes/testCcatchBreakLabelWildcard.key 
43006      DEBUG main            d.u.i.k.p.i.AbstractProblemLoader Environment load took 218.12ns 
43007      INFO  main            d.u.i.k.p.i.AbstractProblemLoader Creating init config 
46182      DEBUG main            d.u.i.k.p.i.AbstractProblemLoader Init config took 3.17s 
46255      INFO  main            d.u.i.k.p.i.AbstractProblemLoader Replaying proof CompletionScopes[CompletionScopes::testBreakLabelWildcard()].JML normal_behavior operation contract.0 
46257      DEBUG main            d.u.i.k.p.i.IntermediateProofReplayer Proof replay took 7.2ns 
46275      DEBUG Thread-16       d.u.i.k.l.o.ProgramSV     Match failed: Former match of  SchemaVariable incompatible with  the current match. 
46276      DEBUG Thread-16       d.u.i.k.l.o.ProgramSV     Match failed: Former match of  SchemaVariable incompatible with  the current match. 
46360      INFO  main            d.u.i.k.p.r.p.TestFile    ... finished proof: closed. 
46571      INFO  main            d.u.i.k.p.i.AbstractProblemLoader Loading environment from /home/runner/work/key/key/key.core/../key.ui/examples/completionscopes/testCcatchBreakLabelWildcard.key.proof 
46571      DEBUG main            d.u.i.k.p.i.AbstractProblemLoader Environment load took 131.31ns 
46572      INFO  main            d.u.i.k.p.i.AbstractProblemLoader Creating init config 
49633      DEBUG main            d.u.i.k.p.i.AbstractProblemLoader Init config took 3.06s 
49688      INFO  main            d.u.i.k.p.i.AbstractProblemLoader Replaying proof CompletionScopes[CompletionScopes::testBreakLabelWildcard()].JML normal_behavior operation contract.0 
49705      DEBUG main            d.u.i.k.p.i.IntermediateProofReplayer Proof replay took 12.17ms 
49706      DEBUG main            d.u.i.k.p.r.p.TestFile    ... success: reloaded. 
49708      INFO  main            d.u.i.k.p.r.p.TestFile    Now processing file /home/runner/work/key/key/key.core/../key.ui/examples/completionscopes/testCcatchContinueLabelWildcard.key 
49708      INFO  main            d.u.i.k.p.i.AbstractProblemLoader Loading environment from /home/runner/work/key/key/key.core/../key.ui/examples/completionscopes/testCcatchContinueLabelWildcard.key 
49708      DEBUG main            d.u.i.k.p.i.AbstractProblemLoader Environment load took 238.41ns 
49710      INFO  main            d.u.i.k.p.i.AbstractProblemLoader Creating init config 
52842      DEBUG main            d.u.i.k.p.i.AbstractProblemLoader Init config took 3.13s 
52889      INFO  main            d.u.i.k.p.i.AbstractProblemLoader Replaying proof CompletionScopes[CompletionScopes::testContinueLabelWildcard()].JML normal_behavior operation contract.0 
52891      DEBUG main            d.u.i.k.p.i.IntermediateProofReplayer Proof replay took 7.8ns 
52913      DEBUG Thread-19       d.u.i.k.l.o.ProgramSV     Match failed: Former match of  SchemaVariable incompatible with  the current match. 
52914      DEBUG Thread-19       d.u.i.k.l.o.ProgramSV     Match failed: Former match of  SchemaVariable incompatible with  the current match. 
52994      INFO  main            d.u.i.k.p.r.p.TestFile    ... finished proof: closed. 
53184      INFO  main            d.u.i.k.p.i.AbstractProblemLoader Loading environment from /home/runner/work/key/key/key.core/../key.ui/examples/completionscopes/testCcatchContinueLabelWildcard.key.proof 
53184      DEBUG main            d.u.i.k.p.i.AbstractProblemLoader Environment load took 149.21ns 
53185      INFO  main            d.u.i.k.p.i.AbstractProblemLoader Creating init config 
56227      DEBUG main            d.u.i.k.p.i.AbstractProblemLoader Init config took 3.04s 
56273      INFO  main            d.u.i.k.p.i.AbstractProblemLoader Replaying proof CompletionScopes[CompletionScopes::testContinueLabelWildcard()].JML normal_behavior operation contract.0 
56285      DEBUG main            d.u.i.k.p.i.IntermediateProofReplayer Proof replay took 10.28ms 
56286      DEBUG main            d.u.i.k.p.r.p.TestFile    ... success: reloaded. 
56287      INFO  main            d.u.i.k.p.r.p.TestFile    Now processing file /home/runner/work/key/key/key.core/../key.ui/examples/completionscopes/testCcatchBreakLabelNonmatchingNested.key 
56287      INFO  main            d.u.i.k.p.i.AbstractProblemLoader Loading environment from /home/runner/work/key/key/key.core/../key.ui/examples/completionscopes/testCcatchBreakLabelNonmatchingNested.key 
56288      DEBUG main            d.u.i.k.p.i.AbstractProblemLoader Environment load took 101.91ns 
56289      INFO  main            d.u.i.k.p.i.AbstractProblemLoader Creating init config 
59437      DEBUG main            d.u.i.k.p.i.AbstractProblemLoader Init config took 3.15s 
59507      INFO  main            d.u.i.k.p.i.AbstractProblemLoader Replaying proof CompletionScopes[CompletionScopes::testBreakLabelNonmatchingNested()].JML normal_behavior operation contract.0 
59511      DEBUG main            d.u.i.k.p.i.IntermediateProofReplayer Proof replay took 9.2ns 
59534      DEBUG Thread-22       d.u.i.k.l.o.ProgramSV     Match failed: Former match of  SchemaVariable incompatible with  the current match. 
59536      DEBUG Thread-22       d.u.i.k.l.o.ProgramSV     Match failed: Former match of  SchemaVariable incompatible with  the current match. 
59614      INFO  main            d.u.i.k.p.r.p.TestFile    ... finished proof: closed. 
59820      INFO  main            d.u.i.k.p.i.AbstractProblemLoader Loading environment from /home/runner/work/key/key/key.core/../key.ui/examples/completionscopes/testCcatchBreakLabelNonmatchingNested.key.proof 
59820      DEBUG main            d.u.i.k.p.i.AbstractProblemLoader Environment load took 140.81ns 
59822      INFO  main            d.u.i.k.p.i.AbstractProblemLoader Creating init config 
62916      DEBUG main            d.u.i.k.p.i.AbstractProblemLoader Init config took 3.09s 
62962      INFO  main            d.u.i.k.p.i.AbstractProblemLoader Replaying proof CompletionScopes[CompletionScopes::testBreakLabelNonmatchingNested()].JML normal_behavior operation contract.0 
62982      DEBUG main            d.u.i.k.p.i.IntermediateProofReplayer Proof replay took 15.4ms 
62983      DEBUG main            d.u.i.k.p.r.p.TestFile    ... success: reloaded. 
6013665    INFO  Test worker     d.u.i.k.p.r.RunAllProofsTestUnit Returning from test completionScopes 
6013666    INFO  Test worker     d.u.i.k.p.r.RunAllProofsTestUnit Running test reload_examples 
475        INFO  Timeout watchdog d.u.i.k.p.r.p.ForkedTestFileRunner Timeout watcher launched (2000 secs.) 
487        WARN  main            d.u.i.k.s.ProofSettings   The settings in /home/runner/.key/proof-settings.props are *not* read. 
533        INFO  main            d.u.i.k.p.r.p.TestFile    Now processing file /home/runner/work/key/key/key.core/../key.ui/examples/firstTouch/05-ReverseArray/reverseArray.key 
663        INFO  main            d.u.i.k.p.i.AbstractProblemLoader Loading environment from /home/runner/work/key/key/key.core/../key.ui/examples/firstTouch/05-ReverseArray/reverseArray.key 
683        DEBUG main            d.u.i.k.p.i.AbstractProblemLoader Environment load took 2.21ms 
952        INFO  main            d.u.i.k.p.i.AbstractProblemLoader Creating init config 
2150       DEBUG main            d.u.i.k.j.TypeConverter   No LDT found for Meta 
2152       DEBUG main            d.u.i.k.j.TypeConverter   No LDT found for Meta 
2155       DEBUG main            d.u.i.k.j.TypeConverter   No LDT found for Meta 
2156       DEBUG main            d.u.i.k.j.TypeConverter   No LDT found for Meta 
4048       DEBUG main            d.u.i.k.j.TypeConverter   No LDT found for JavaBigintExpression 
10113      DEBUG main            d.u.i.k.p.i.AbstractProblemLoader Init config took 9.16s 
10308      INFO  main            d.u.i.k.p.i.AbstractProblemLoader Replaying proof ReverseArray[ReverseArray::reverse()].JML normal_behavior operation contract.0 
10378      DEBUG main            d.u.i.k.p.i.IntermediateProofReplayer Proof replay took 42ns 
22322      INFO  main            d.u.i.k.p.r.p.TestFile    ... finished proof: closed. 
22585      INFO  main            d.u.i.k.p.i.AbstractProblemLoader Loading environment from /home/runner/work/key/key/key.core/../key.ui/examples/firstTouch/05-ReverseArray/reverseArray.key.proof 
22585      DEBUG main            d.u.i.k.p.i.AbstractProblemLoader Environment load took 476.93ns 
22596      INFO  main            d.u.i.k.p.i.AbstractProblemLoader Creating init config 
25930      DEBUG main            d.u.i.k.p.i.AbstractProblemLoader Init config took 3.33s 
26004      INFO  main            d.u.i.k.p.i.AbstractProblemLoader Replaying proof ReverseArray[ReverseArray::reverse()].JML normal_behavior operation contract.0 
27539      DEBUG main            d.u.i.k.p.i.IntermediateProofReplayer Proof replay took 1.48s 
27555      DEBUG main            d.u.i.k.p.r.p.TestFile    ... success: reloaded. 
27562      INFO  main            d.u.i.k.p.r.p.TestFile    Now processing file /home/runner/work/key/key/key.core/../key.ui/examples/standard_key/arith/saveProofTest.key.proof 
27562      INFO  main            d.u.i.k.p.i.AbstractProblemLoader Loading environment from /home/runner/work/key/key/key.core/../key.ui/examples/standard_key/arith/saveProofTest.key.proof 
27563      DEBUG main            d.u.i.k.p.i.AbstractProblemLoader Environment load took 288.32ns 
27567      INFO  main            d.u.i.k.p.i.AbstractProblemLoader Creating init config 
30717      DEBUG main            d.u.i.k.p.i.AbstractProblemLoader Init config took 3.15s 
30746      INFO  main            d.u.i.k.p.i.AbstractProblemLoader Replaying proof saveProofTest.key.proof 
30758      DEBUG main            d.u.i.k.p.i.IntermediateProofReplayer Proof replay took 4.91ms 
30759      INFO  main            d.u.i.k.p.r.p.TestFile    ... success: loaded 
30761      INFO  main            d.u.i.k.p.r.p.TestFile    Now processing file /home/runner/work/key/key/key.core/../key.ui/examples/heap/permutedSum/perm.proof 
30761      INFO  main            d.u.i.k.p.i.AbstractProblemLoader Loading environment from /home/runner/work/key/key/key.core/../key.ui/examples/heap/permutedSum/perm.proof 
30761      DEBUG main            d.u.i.k.p.i.AbstractProblemLoader Environment load took 463.72ns 
30765      INFO  main            d.u.i.k.p.i.AbstractProblemLoader Creating init config 
33998      DEBUG main            d.u.i.k.p.i.AbstractProblemLoader Init config took 3.23s 
34083      INFO  main            d.u.i.k.p.i.AbstractProblemLoader Replaying proof Perm[Perm::foo()].JML normal_behavior operation contract.0 
35451      DEBUG main            d.u.i.k.p.i.IntermediateProofReplayer Proof replay took 1.32s 
35455      INFO  main            d.u.i.k.p.r.p.TestFile    ... success: loaded 
35457      INFO  main            d.u.i.k.p.r.p.TestFile    Now processing file /home/runner/work/key/key/key.core/../key.ui/examples/firstTouch/05-ReverseArray/reverseArray.proof 
35458      INFO  main            d.u.i.k.p.i.AbstractProblemLoader Loading environment from /home/runner/work/key/key/key.core/../key.ui/examples/firstTouch/05-ReverseArray/reverseArray.proof 
35458      DEBUG main            d.u.i.k.p.i.AbstractProblemLoader Environment load took 168.11ns 
35462      INFO  main            d.u.i.k.p.i.AbstractProblemLoader Creating init config 
38707      DEBUG main            d.u.i.k.p.i.AbstractProblemLoader Init config took 3.25s 
38774      INFO  main            d.u.i.k.p.i.AbstractProblemLoader Replaying proof ReverseArray[ReverseArray::reverse()].JML normal_behavior operation contract.0 
40140      DEBUG main            d.u.i.k.p.i.IntermediateProofReplayer Proof replay took 1.32s 
40144      INFO  main            d.u.i.k.p.r.p.TestFile    ... success: loaded 
40145      INFO  main            d.u.i.k.p.r.p.TestFile    Now processing file /home/runner/work/key/key/key.core/../key.ui/examples/heap/verifyThis15_1_RelaxedPrefix/relax.proof 
40146      INFO  main            d.u.i.k.p.i.AbstractProblemLoader Loading environment from /home/runner/work/key/key/key.core/../key.ui/examples/heap/verifyThis15_1_RelaxedPrefix/relax.proof 
40146      DEBUG main            d.u.i.k.p.i.AbstractProblemLoader Environment load took 228.41ns 
40149      INFO  main            d.u.i.k.p.i.AbstractProblemLoader Creating init config 
43390      DEBUG main            d.u.i.k.p.i.AbstractProblemLoader Init config took 3.24s 
43445      INFO  main            d.u.i.k.p.i.AbstractProblemLoader Replaying proof Relaxed[Relaxed::isRelaxedPrefix([I,[I)].JML operation contract.0 
44034      DEBUG main            d.u.i.k.p.i.IntermediateProofReplayer Proof replay took 567.48ms 
44036      INFO  main            d.u.i.k.p.r.p.TestFile    ... success: loaded 
44038      INFO  main            d.u.i.k.p.r.p.TestFile    Now processing file /home/runner/work/key/key/key.core/../key.ui/examples/heap/verifyThis15_3_DLL/doUndo.proof 
44038      INFO  main            d.u.i.k.p.i.AbstractProblemLoader Loading environment from /home/runner/work/key/key/key.core/../key.ui/examples/heap/verifyThis15_3_DLL/doUndo.proof 
44039      DEBUG main            d.u.i.k.p.i.AbstractProblemLoader Environment load took 215.51ns 
44041      INFO  main            d.u.i.k.p.i.AbstractProblemLoader Creating init config 
45132      DEBUG main            d.u.i.k.j.r.ClassPreparationMethodBuilder clPrepBuilder: Inner Class detected. Reject building class initialisation methods. 
47295      DEBUG main            d.u.i.k.p.i.AbstractProblemLoader Init config took 3.25s 
47403      INFO  main            d.u.i.k.p.i.AbstractProblemLoader Replaying proof DoubleLinkedList[DoubleLinkedList::doUndo(DoubleLinkedList.Node,int)].JML normal_behavior operation contract.0 
48331      DEBUG main            d.u.i.k.p.i.IntermediateProofReplayer Proof replay took 889.9ms 
48333      INFO  main            d.u.i.k.p.r.p.TestFile    ... success: loaded 
48334      INFO  main            d.u.i.k.p.r.p.TestFile    Now processing file /home/runner/work/key/key/key.core/../key.ui/examples/heap/verifyThis15_2_ParallelGcd/parallelGcd.proof 
48335      INFO  main            d.u.i.k.p.i.AbstractProblemLoader Loading environment from /home/runner/work/key/key/key.core/../key.ui/examples/heap/verifyThis15_2_ParallelGcd/parallelGcd.proof 
48335      DEBUG main            d.u.i.k.p.i.AbstractProblemLoader Environment load took 223.71ns 
48337      INFO  main            d.u.i.k.p.i.AbstractProblemLoader Creating init config 
51367      DEBUG main            d.u.i.k.p.i.AbstractProblemLoader Init config took 3.03s 
51422      INFO  main            d.u.i.k.p.i.AbstractProblemLoader Replaying proof ParallelGcd[ParallelGcd::parallelGcd(int,int,[Z)].JML behavior operation contract.0 
52144      DEBUG main            d.u.i.k.p.i.IntermediateProofReplayer Proof replay took 705.94ms 
52145      INFO  main            d.u.i.k.p.r.p.TestFile    ... success: loaded 
6066076    INFO  Test worker     d.u.i.k.p.r.RunAllProofsTestUnit Returning from test reload_examples 
6066077    INFO  Test worker     d.u.i.k.p.r.RunAllProofsTestUnit Running test proofLoadRepair 
374        INFO  Timeout watchdog d.u.i.k.p.r.p.ForkedTestFileRunner Timeout watcher launched (2000 secs.) 
391        WARN  main            d.u.i.k.s.ProofSettings   The settings in /home/runner/.key/proof-settings.props are *not* read. 
424        INFO  main            d.u.i.k.p.r.p.TestFile    Now processing file /home/runner/work/key/key/key.core/../key.ui/examples/proofLoadRepair/disjConj-manipulated.proof 
565        INFO  main            d.u.i.k.p.i.AbstractProblemLoader Loading environment from /home/runner/work/key/key/key.core/../key.ui/examples/proofLoadRepair/disjConj-manipulated.proof 
589        DEBUG main            d.u.i.k.p.i.AbstractProblemLoader Environment load took 2.61ms 
906        INFO  main            d.u.i.k.p.i.AbstractProblemLoader Creating init config 
1842       DEBUG main            d.u.i.k.j.TypeConverter   No LDT found for Meta 
1842       DEBUG main            d.u.i.k.j.TypeConverter   No LDT found for Meta 
1844       DEBUG main            d.u.i.k.j.TypeConverter   No LDT found for Meta 
1844       DEBUG main            d.u.i.k.j.TypeConverter   No LDT found for Meta 
3783       DEBUG main            d.u.i.k.j.TypeConverter   No LDT found for JavaBigintExpression 
9069       DEBUG main            d.u.i.k.p.i.AbstractProblemLoader Init config took 8.16s 
9134       INFO  main            d.u.i.k.p.i.AbstractProblemLoader Replaying proof disjConj-manipulated.proof 
9185       WARN  main            d.u.i.k.p.i.IntermediateProofReplayer Proof contains wrong number of \assumes instatiations for andLeft 
9186       WARN  main            d.u.i.k.p.i.IntermediateProofReplayer Proof contains wrong number of \assumes instatiations for replace_known_right 
9190       WARN  main            d.u.i.k.p.i.IntermediateProofReplayer Proof contains wrong number of \assumes instatiations for close 
9191       DEBUG main            d.u.i.k.p.i.IntermediateProofReplayer Proof replay took 18.58ms 
9196       INFO  main            d.u.i.k.p.r.p.TestFile    ... success: loaded 
9200       INFO  main            d.u.i.k.p.r.p.TestFile    Now processing file /home/runner/work/key/key/key.core/../key.ui/examples/proofLoadRepair/insufficient-manipulated.proof 
9201       INFO  main            d.u.i.k.p.i.AbstractProblemLoader Loading environment from /home/runner/work/key/key/key.core/../key.ui/examples/proofLoadRepair/insufficient-manipulated.proof 
9201       DEBUG main            d.u.i.k.p.i.AbstractProblemLoader Environment load took 274.41ns 
9205       INFO  main            d.u.i.k.p.i.AbstractProblemLoader Creating init config 
12192      DEBUG main            d.u.i.k.p.i.AbstractProblemLoader Init config took 2.99s 
12230      INFO  main            d.u.i.k.p.i.AbstractProblemLoader Replaying proof insufficient-manipulated.proof 
12249      WARN  main            d.u.i.k.p.i.IntermediateProofReplayer Proof contains wrong number of \assumes instatiations for applyEq 
12259      DEBUG main            d.u.i.k.p.i.IntermediateProofReplayer Proof replay took 12.88ms 
12261      INFO  main            d.u.i.k.p.r.p.TestFile    ... success: loading failed 
12263      INFO  main            d.u.i.k.p.r.p.TestFile    Now processing file /home/runner/work/key/key/key.core/../key.ui/examples/../../key.core/src/test/resources/testcase/issues/1716/incorrectPolarity.proof 
12263      INFO  main            d.u.i.k.p.i.AbstractProblemLoader Loading environment from /home/runner/work/key/key/key.core/../key.ui/examples/../../key.core/src/test/resources/testcase/issues/1716/incorrectPolarity.proof 
12264      DEBUG main            d.u.i.k.p.i.AbstractProblemLoader Environment load took 235.41ns 
12266      INFO  main            d.u.i.k.p.i.AbstractProblemLoader Creating init config 
15383      DEBUG main            d.u.i.k.p.i.AbstractProblemLoader Init config took 3.12s 
15424      INFO  main            d.u.i.k.p.i.AbstractProblemLoader Replaying proof incorrectPolarity.proof 
15430      DEBUG main            d.u.i.k.p.i.IntermediateProofReplayer Proof replay took 231.11ns 
15435      INFO  main            d.u.i.k.p.r.p.TestFile    ... success: loading failed 
15436      INFO  main            d.u.i.k.p.r.p.TestFile    Now processing file /home/runner/work/key/key/key.core/../key.ui/examples/../../key.core/src/test/resources/testcase/issues/1716/incorrectPolarity2.proof 
15437      INFO  main            d.u.i.k.p.i.AbstractProblemLoader Loading environment from /home/runner/work/key/key/key.core/../key.ui/examples/../../key.core/src/test/resources/testcase/issues/1716/incorrectPolarity2.proof 
15437      DEBUG main            d.u.i.k.p.i.AbstractProblemLoader Environment load took 123.71ns 
15439      INFO  main            d.u.i.k.p.i.AbstractProblemLoader Creating init config 
18353      DEBUG main            d.u.i.k.p.i.AbstractProblemLoader Init config took 2.91s 
18379      INFO  main            d.u.i.k.p.i.AbstractProblemLoader Replaying proof incorrectPolarity2.proof 
18382      DEBUG main            d.u.i.k.p.i.IntermediateProofReplayer Proof replay took 381.22ns 
18382      INFO  main            d.u.i.k.p.r.p.TestFile    ... success: loading failed 
18384      INFO  main            d.u.i.k.p.r.p.TestFile    Now processing file /home/runner/work/key/key/key.core/../key.ui/examples/../../key.core/src/test/resources/testcase/issues/1716/incorrectPolarity3.proof 
18384      INFO  main            d.u.i.k.p.i.AbstractProblemLoader Loading environment from /home/runner/work/key/key/key.core/../key.ui/examples/../../key.core/src/test/resources/testcase/issues/1716/incorrectPolarity3.proof 
18385      DEBUG main            d.u.i.k.p.i.AbstractProblemLoader Environment load took 214.21ns 
18386      INFO  main            d.u.i.k.p.i.AbstractProblemLoader Creating init config 
21205      DEBUG main            d.u.i.k.p.i.AbstractProblemLoader Init config took 2.82s 
21229      INFO  main            d.u.i.k.p.i.AbstractProblemLoader Replaying proof incorrectPolarity3.proof 
21233      DEBUG main            d.u.i.k.p.i.IntermediateProofReplayer Proof replay took 2.05ms 
21234      INFO  main            d.u.i.k.p.r.p.TestFile    ... success: loading failed 
6087527    INFO  Test worker     d.u.i.k.p.r.RunAllProofsTestUnit Returning from test proofLoadRepair 
6087528    INFO  Test worker     d.u.i.k.p.r.RunAllProofsTestUnit Running test switch 
428        INFO  Timeout watchdog d.u.i.k.p.r.p.ForkedTestFileRunner Timeout watcher launched (2000 secs.) 
456        WARN  main            d.u.i.k.s.ProofSettings   The settings in /home/runner/.key/proof-settings.props are *not* read. 
488        INFO  main            d.u.i.k.p.r.p.TestFile    Now processing file /home/runner/work/key/key/key.core/../key.ui/examples/standard_key/java_dl/switch/labeled_case.key 
646        INFO  main            d.u.i.k.p.i.AbstractProblemLoader Loading environment from /home/runner/work/key/key/key.core/../key.ui/examples/standard_key/java_dl/switch/labeled_case.key 
670        DEBUG main            d.u.i.k.p.i.AbstractProblemLoader Environment load took 2.61ms 
942        INFO  main            d.u.i.k.p.i.AbstractProblemLoader Creating init config 
2127       DEBUG main            d.u.i.k.j.TypeConverter   No LDT found for Meta 
2127       DEBUG main            d.u.i.k.j.TypeConverter   No LDT found for Meta 
2130       DEBUG main            d.u.i.k.j.TypeConverter   No LDT found for Meta 
2130       DEBUG main            d.u.i.k.j.TypeConverter   No LDT found for Meta 
3759       DEBUG main            d.u.i.k.j.TypeConverter   No LDT found for JavaBigintExpression 
10464      DEBUG main            d.u.i.k.p.i.AbstractProblemLoader Init config took 9.52s 
10627      INFO  main            d.u.i.k.p.i.AbstractProblemLoader Replaying proof LabeledCase[LabeledCase::m(int)].JML normal_behavior operation contract.0 
10667      DEBUG main            d.u.i.k.p.i.IntermediateProofReplayer Proof replay took 40.3ns 
11493      INFO  main            d.u.i.k.p.r.p.TestFile    ... finished proof: closed. 
11621      INFO  main            d.u.i.k.p.i.AbstractProblemLoader Loading environment from /home/runner/work/key/key/key.core/../key.ui/examples/standard_key/java_dl/switch/labeled_case.key.proof 
11621      DEBUG main            d.u.i.k.p.i.AbstractProblemLoader Environment load took 261.01ns 
11623      INFO  main            d.u.i.k.p.i.AbstractProblemLoader Creating init config 
15047      DEBUG main            d.u.i.k.p.i.AbstractProblemLoader Init config took 3.42s 
15116      INFO  main            d.u.i.k.p.i.AbstractProblemLoader Replaying proof LabeledCase[LabeledCase::m(int)].JML normal_behavior operation contract.0 
15188      DEBUG main            d.u.i.k.p.i.IntermediateProofReplayer Proof replay took 66.53ms 
15197      DEBUG main            d.u.i.k.p.r.p.TestFile    ... success: reloaded. 
15198      INFO  main            d.u.i.k.p.r.p.TestFile    Now processing file /home/runner/work/key/key/key.core/../key.ui/examples/standard_key/java_dl/switch/empty_switch.key 
15199      INFO  main            d.u.i.k.p.i.AbstractProblemLoader Loading environment from /home/runner/work/key/key/key.core/../key.ui/examples/standard_key/java_dl/switch/empty_switch.key 
15199      DEBUG main            d.u.i.k.p.i.AbstractProblemLoader Environment load took 229.91ns 
15201      INFO  main            d.u.i.k.p.i.AbstractProblemLoader Creating init config 
18422      DEBUG main            d.u.i.k.p.i.AbstractProblemLoader Init config took 3.22s 
18456      INFO  main            d.u.i.k.p.i.AbstractProblemLoader Replaying proof empty_switch.key 
18459      DEBUG main            d.u.i.k.p.i.IntermediateProofReplayer Proof replay took 6.6ns 
18562      INFO  main            d.u.i.k.p.r.p.TestFile    ... finished proof: closed. 
18749      INFO  main            d.u.i.k.p.i.AbstractProblemLoader Loading environment from /home/runner/work/key/key/key.core/../key.ui/examples/standard_key/java_dl/switch/empty_switch.key.proof 
18750      DEBUG main            d.u.i.k.p.i.AbstractProblemLoader Environment load took 145.21ns 
18751      INFO  main            d.u.i.k.p.i.AbstractProblemLoader Creating init config 
21902      DEBUG main            d.u.i.k.p.i.AbstractProblemLoader Init config took 3.15s 
21931      INFO  main            d.u.i.k.p.i.AbstractProblemLoader Replaying proof empty_switch.key.proof 
21936      DEBUG main            d.u.i.k.p.i.IntermediateProofReplayer Proof replay took 2.33ms 
21937      DEBUG main            d.u.i.k.p.r.p.TestFile    ... success: reloaded. 
21938      INFO  main            d.u.i.k.p.r.p.TestFile    Now processing file /home/runner/work/key/key/key.core/../key.ui/examples/standard_key/java_dl/switch/empty_switch_null.key 
21939      INFO  main            d.u.i.k.p.i.AbstractProblemLoader Loading environment from /home/runner/work/key/key/key.core/../key.ui/examples/standard_key/java_dl/switch/empty_switch_null.key 
21939      DEBUG main            d.u.i.k.p.i.AbstractProblemLoader Environment load took 264.91ns 
21941      INFO  main            d.u.i.k.p.i.AbstractProblemLoader Creating init config 
24988      DEBUG main            d.u.i.k.p.i.AbstractProblemLoader Init config took 3.05s 
25015      INFO  main            d.u.i.k.p.i.AbstractProblemLoader Replaying proof empty_switch_null.key 
25017      DEBUG main            d.u.i.k.p.i.IntermediateProofReplayer Proof replay took 6.1ns 
25221      INFO  main            d.u.i.k.p.r.p.TestFile    ... finished proof: closed. 
25382      INFO  main            d.u.i.k.p.i.AbstractProblemLoader Loading environment from /home/runner/work/key/key/key.core/../key.ui/examples/standard_key/java_dl/switch/empty_switch_null.key.proof 
25384      DEBUG main            d.u.i.k.p.i.AbstractProblemLoader Environment load took 1.25ms 
25385      INFO  main            d.u.i.k.p.i.AbstractProblemLoader Creating init config 
28411      DEBUG main            d.u.i.k.p.i.AbstractProblemLoader Init config took 3.03s 
28437      INFO  main            d.u.i.k.p.i.AbstractProblemLoader Replaying proof empty_switch_null.key.proof 
28497      DEBUG main            d.u.i.k.p.i.IntermediateProofReplayer Proof replay took 54.98ms 
28498      DEBUG main            d.u.i.k.p.r.p.TestFile    ... success: reloaded. 
28499      INFO  main            d.u.i.k.p.r.p.TestFile    Now processing file /home/runner/work/key/key/key.core/../key.ui/examples/standard_key/java_dl/switch/empty_switch_null_catch.key 
28499      INFO  main            d.u.i.k.p.i.AbstractProblemLoader Loading environment from /home/runner/work/key/key/key.core/../key.ui/examples/standard_key/java_dl/switch/empty_switch_null_catch.key 
28500      DEBUG main            d.u.i.k.p.i.AbstractProblemLoader Environment load took 220.01ns 
28502      INFO  main            d.u.i.k.p.i.AbstractProblemLoader Creating init config 
31543      DEBUG main            d.u.i.k.p.i.AbstractProblemLoader Init config took 3.04s 
31568      INFO  main            d.u.i.k.p.i.AbstractProblemLoader Replaying proof empty_switch_null_catch.key 
31570      DEBUG main            d.u.i.k.p.i.IntermediateProofReplayer Proof replay took 6.3ns 
31773      INFO  main            d.u.i.k.p.r.p.TestFile    ... finished proof: closed. 
31946      INFO  main            d.u.i.k.p.i.AbstractProblemLoader Loading environment from /home/runner/work/key/key/key.core/../key.ui/examples/standard_key/java_dl/switch/empty_switch_null_catch.key.proof 
31949      DEBUG main            d.u.i.k.p.i.AbstractProblemLoader Environment load took 3.7ms 
31951      INFO  main            d.u.i.k.p.i.AbstractProblemLoader Creating init config 
35026      DEBUG main            d.u.i.k.p.i.AbstractProblemLoader Init config took 3.08s 
35050      INFO  main            d.u.i.k.p.i.AbstractProblemLoader Replaying proof empty_switch_null_catch.key.proof 
35090      DEBUG main            d.u.i.k.p.i.IntermediateProofReplayer Proof replay took 37.32ms 
35092      DEBUG main            d.u.i.k.p.r.p.TestFile    ... success: reloaded. 
35092      INFO  main            d.u.i.k.p.r.p.TestFile    Now processing file /home/runner/work/key/key/key.core/../key.ui/examples/standard_key/java_dl/switch/empty_switch_array_out_of_bounds.key 
35093      INFO  main            d.u.i.k.p.i.AbstractProblemLoader Loading environment from /home/runner/work/key/key/key.core/../key.ui/examples/standard_key/java_dl/switch/empty_switch_array_out_of_bounds.key 
35093      DEBUG main            d.u.i.k.p.i.AbstractProblemLoader Environment load took 192.21ns 
35094      INFO  main            d.u.i.k.p.i.AbstractProblemLoader Creating init config 
38016      DEBUG main            d.u.i.k.p.i.AbstractProblemLoader Init config took 2.92s 
38039      INFO  main            d.u.i.k.p.i.AbstractProblemLoader Replaying proof empty_switch_array_out_of_bounds.key 
38044      DEBUG main            d.u.i.k.p.i.IntermediateProofReplayer Proof replay took 5.8ns 
38249      INFO  main            d.u.i.k.p.r.p.TestFile    ... finished proof: closed. 
38437      INFO  main            d.u.i.k.p.i.AbstractProblemLoader Loading environment from /home/runner/work/key/key/key.core/../key.ui/examples/standard_key/java_dl/switch/empty_switch_array_out_of_bounds.key.proof 
38437      DEBUG main            d.u.i.k.p.i.AbstractProblemLoader Environment load took 416.22ns 
38439      INFO  main            d.u.i.k.p.i.AbstractProblemLoader Creating init config 
41418      DEBUG main            d.u.i.k.p.i.AbstractProblemLoader Init config took 2.98s 
41441      INFO  main            d.u.i.k.p.i.AbstractProblemLoader Replaying proof empty_switch_array_out_of_bounds.key.proof 
41505      DEBUG main            d.u.i.k.p.i.IntermediateProofReplayer Proof replay took 60.6ms 
41506      DEBUG main            d.u.i.k.p.r.p.TestFile    ... success: reloaded. 
41507      INFO  main            d.u.i.k.p.r.p.TestFile    Now processing file /home/runner/work/key/key/key.core/../key.ui/examples/standard_key/java_dl/switch/empty_switch_array_out_of_bounds_catch.key 
41508      INFO  main            d.u.i.k.p.i.AbstractProblemLoader Loading environment from /home/runner/work/key/key/key.core/../key.ui/examples/standard_key/java_dl/switch/empty_switch_array_out_of_bounds_catch.key 
41508      DEBUG main            d.u.i.k.p.i.AbstractProblemLoader Environment load took 230.81ns 
41509      INFO  main            d.u.i.k.p.i.AbstractProblemLoader Creating init config 
44445      DEBUG main            d.u.i.k.p.i.AbstractProblemLoader Init config took 2.94s 
44467      INFO  main            d.u.i.k.p.i.AbstractProblemLoader Replaying proof empty_switch_array_out_of_bounds_catch.key 
44470      DEBUG main            d.u.i.k.p.i.IntermediateProofReplayer Proof replay took 6.2ns 
44676      INFO  main            d.u.i.k.p.r.p.TestFile    ... finished proof: closed. 
44951      INFO  main            d.u.i.k.p.i.AbstractProblemLoader Loading environment from /home/runner/work/key/key/key.core/../key.ui/examples/standard_key/java_dl/switch/empty_switch_array_out_of_bounds_catch.key.proof 
44951      DEBUG main            d.u.i.k.p.i.AbstractProblemLoader Environment load took 132.61ns 
44952      INFO  main            d.u.i.k.p.i.AbstractProblemLoader Creating init config 
47858      DEBUG main            d.u.i.k.p.i.AbstractProblemLoader Init config took 2.91s 
47880      INFO  main            d.u.i.k.p.i.AbstractProblemLoader Replaying proof empty_switch_array_out_of_bounds_catch.key.proof 
47926      DEBUG main            d.u.i.k.p.i.IntermediateProofReplayer Proof replay took 43.28ms 
47927      DEBUG main            d.u.i.k.p.r.p.TestFile    ... success: reloaded. 
47929      INFO  main            d.u.i.k.p.r.p.TestFile    Now processing file /home/runner/work/key/key/key.core/../key.ui/examples/standard_key/java_dl/switch/switch_in_switch.key 
47929      INFO  main            d.u.i.k.p.i.AbstractProblemLoader Loading environment from /home/runner/work/key/key/key.core/../key.ui/examples/standard_key/java_dl/switch/switch_in_switch.key 
47929      DEBUG main            d.u.i.k.p.i.AbstractProblemLoader Environment load took 211.61ns 
47930      INFO  main            d.u.i.k.p.i.AbstractProblemLoader Creating init config 
50880      DEBUG main            d.u.i.k.p.i.AbstractProblemLoader Init config took 2.95s 
50929      INFO  main            d.u.i.k.p.i.AbstractProblemLoader Replaying proof SwitchInSwitch[SwitchInSwitch::m(int)].JML normal_behavior operation contract.0 
50931      DEBUG main            d.u.i.k.p.i.IntermediateProofReplayer Proof replay took 6ns 
55748      INFO  main            d.u.i.k.p.r.p.TestFile    ... finished proof: closed. 
56043      INFO  main            d.u.i.k.p.i.AbstractProblemLoader Loading environment from /home/runner/work/key/key/key.core/../key.ui/examples/standard_key/java_dl/switch/switch_in_switch.key.proof 
56044      DEBUG main            d.u.i.k.p.i.AbstractProblemLoader Environment load took 431.72ns 
56047      INFO  main            d.u.i.k.p.i.AbstractProblemLoader Creating init config 
59128      DEBUG main            d.u.i.k.p.i.AbstractProblemLoader Init config took 3.08s 
59176      INFO  main            d.u.i.k.p.i.AbstractProblemLoader Replaying proof SwitchInSwitch[SwitchInSwitch::m(int)].JML normal_behavior operation contract.0 
59759      DEBUG main            d.u.i.k.p.i.IntermediateProofReplayer Proof replay took 559ms 
59762      DEBUG main            d.u.i.k.p.r.p.TestFile    ... success: reloaded. 
59763      INFO  main            d.u.i.k.p.r.p.TestFile    Now processing file /home/runner/work/key/key/key.core/../key.ui/examples/standard_key/java_dl/switch/while_and_switch.key 
59763      INFO  main            d.u.i.k.p.i.AbstractProblemLoader Loading environment from /home/runner/work/key/key/key.core/../key.ui/examples/standard_key/java_dl/switch/while_and_switch.key 
59763      DEBUG main            d.u.i.k.p.i.AbstractProblemLoader Environment load took 234.11ns 
59764      INFO  main            d.u.i.k.p.i.AbstractProblemLoader Creating init config 
62940      DEBUG main            d.u.i.k.p.i.AbstractProblemLoader Init config took 3.18s 
63000      INFO  main            d.u.i.k.p.i.AbstractProblemLoader Replaying proof WhileAndSwitch[WhileAndSwitch::m(int)].JML normal_behavior operation contract.0 
63004      DEBUG main            d.u.i.k.p.i.IntermediateProofReplayer Proof replay took 8.6ns 
63809      INFO  main            d.u.i.k.p.r.p.TestFile    ... finished proof: closed. 
64057      INFO  main            d.u.i.k.p.i.AbstractProblemLoader Loading environment from /home/runner/work/key/key/key.core/../key.ui/examples/standard_key/java_dl/switch/while_and_switch.key.proof 
64058      DEBUG main            d.u.i.k.p.i.AbstractProblemLoader Environment load took 899.46ns 
64060      INFO  main            d.u.i.k.p.i.AbstractProblemLoader Creating init config 
67036      DEBUG main            d.u.i.k.p.i.AbstractProblemLoader Init config took 2.98s 
67080      INFO  main            d.u.i.k.p.i.AbstractProblemLoader Replaying proof WhileAndSwitch[WhileAndSwitch::m(int)].JML normal_behavior operation contract.0 
67234      DEBUG main            d.u.i.k.p.i.IntermediateProofReplayer Proof replay took 147.88ms 
67235      DEBUG main            d.u.i.k.p.r.p.TestFile    ... success: reloaded. 
67237      INFO  main            d.u.i.k.p.r.p.TestFile    Now processing file /home/runner/work/key/key/key.core/../key.ui/examples/standard_key/java_dl/switch/large_switch.key 
67237      INFO  main            d.u.i.k.p.i.AbstractProblemLoader Loading environment from /home/runner/work/key/key/key.core/../key.ui/examples/standard_key/java_dl/switch/large_switch.key 
67237      DEBUG main            d.u.i.k.p.i.AbstractProblemLoader Environment load took 201.91ns 
67238      INFO  main            d.u.i.k.p.i.AbstractProblemLoader Creating init config 
70503      DEBUG main            d.u.i.k.p.i.AbstractProblemLoader Init config took 3.26s 
70551      INFO  main            d.u.i.k.p.i.AbstractProblemLoader Replaying proof LargeSwitch[LargeSwitch::m(int)].JML normal_behavior operation contract.0 
70552      DEBUG main            d.u.i.k.p.i.IntermediateProofReplayer Proof replay took 7.9ns 
72163      INFO  main            d.u.i.k.p.r.p.TestFile    ... finished proof: closed. 
72423      INFO  main            d.u.i.k.p.i.AbstractProblemLoader Loading environment from /home/runner/work/key/key/key.core/../key.ui/examples/standard_key/java_dl/switch/large_switch.key.proof 
72423      DEBUG main            d.u.i.k.p.i.AbstractProblemLoader Environment load took 392.32ns 
72425      INFO  main            d.u.i.k.p.i.AbstractProblemLoader Creating init config 
75456      DEBUG main            d.u.i.k.p.i.AbstractProblemLoader Init config took 3.03s 
75509      INFO  main            d.u.i.k.p.i.AbstractProblemLoader Replaying proof LargeSwitch[LargeSwitch::m(int)].JML normal_behavior operation contract.0 
75940      DEBUG main            d.u.i.k.p.i.IntermediateProofReplayer Proof replay took 414.54ms 
75942      DEBUG main            d.u.i.k.p.r.p.TestFile    ... success: reloaded. 
6163687    INFO  Test worker     d.u.i.k.p.r.RunAllProofsTestUnit Returning from test switch 
6163689    INFO  Test worker     d.u.i.k.p.r.RunAllProofsTestUnit Running test redux 
424        INFO  Timeout watchdog d.u.i.k.p.r.p.ForkedTestFileRunner Timeout watcher launched (2000 secs.) 
442        WARN  main            d.u.i.k.s.ProofSettings   The settings in /home/runner/.key/proof-settings.props are *not* read. 
475        INFO  main            d.u.i.k.p.r.p.TestFile    Now processing file /home/runner/work/key/key/key.core/../key.ui/examples/redux/arrays/Arrays.copyOf.key 
619        INFO  main            d.u.i.k.p.i.AbstractProblemLoader Loading environment from /home/runner/work/key/key/key.core/../key.ui/examples/redux/arrays/Arrays.copyOf.key 
638        DEBUG main            d.u.i.k.p.i.AbstractProblemLoader Environment load took 2.47ms 
924        INFO  main            d.u.i.k.p.i.AbstractProblemLoader Creating init config 
1994       DEBUG main            d.u.i.k.j.TypeConverter   No LDT found for Meta 
1994       DEBUG main            d.u.i.k.j.TypeConverter   No LDT found for Meta 
1999       DEBUG main            d.u.i.k.j.TypeConverter   No LDT found for Meta 
1999       DEBUG main            d.u.i.k.j.TypeConverter   No LDT found for Meta 
3437       DEBUG main            d.u.i.k.j.TypeConverter   No LDT found for JavaBigintExpression 
9837       DEBUG main            d.u.i.k.p.i.AbstractProblemLoader Init config took 8.91s 
10061      INFO  main            d.u.i.k.p.i.AbstractProblemLoader Replaying proof Arrays[Arrays::copyOf([I,int)].JML normal_behavior operation contract.0 
10104      DEBUG main            d.u.i.k.p.i.IntermediateProofReplayer Proof replay took 37.4ns 
16010      INFO  main            d.u.i.k.p.r.p.TestFile    ... finished proof: closed. 
16208      INFO  main            d.u.i.k.p.i.AbstractProblemLoader Loading environment from /home/runner/work/key/key/key.core/../key.ui/examples/redux/arrays/Arrays.copyOf.key.proof 
16209      DEBUG main            d.u.i.k.p.i.AbstractProblemLoader Environment load took 173.11ns 
16211      INFO  main            d.u.i.k.p.i.AbstractProblemLoader Creating init config 
20101      DEBUG main            d.u.i.k.p.i.AbstractProblemLoader Init config took 3.89s 
20180      INFO  main            d.u.i.k.p.i.AbstractProblemLoader Replaying proof Arrays[Arrays::copyOf([I,int)].JML normal_behavior operation contract.0 
20817      DEBUG main            d.u.i.k.p.i.IntermediateProofReplayer Proof replay took 614.21ms 
20827      DEBUG main            d.u.i.k.p.r.p.TestFile    ... success: reloaded. 
20828      INFO  main            d.u.i.k.p.r.p.TestFile    Now processing file /home/runner/work/key/key/key.core/../key.ui/examples/redux/arrays/Arrays.copyOf.float.key 
20829      INFO  main            d.u.i.k.p.i.AbstractProblemLoader Loading environment from /home/runner/work/key/key/key.core/../key.ui/examples/redux/arrays/Arrays.copyOf.float.key 
20829      DEBUG main            d.u.i.k.p.i.AbstractProblemLoader Environment load took 220.11ns 
20831      INFO  main            d.u.i.k.p.i.AbstractProblemLoader Creating init config 
24549      DEBUG main            d.u.i.k.p.i.AbstractProblemLoader Init config took 3.72s 
24611      INFO  main            d.u.i.k.p.i.AbstractProblemLoader Replaying proof Arrays[Arrays::copyOf([F,int)].JML normal_behavior operation contract.0 
24616      DEBUG main            d.u.i.k.p.i.IntermediateProofReplayer Proof replay took 9.2ns 
24648      DEBUG main            d.u.i.k.m.s.ProofScriptEngine 1: 'macro autopilot' 
29975      DEBUG main            d.u.i.k.m.s.ProofScriptEngine 2: 'smt solver=Z3' 
30059      INFO  main            d.u.i.k.m.s.SMTCommand    Finished run on goal 17 in 54ms, result is valid 
30060      DEBUG main            d.u.i.k.m.s.ProofScriptEngine 3: 'tryclose' 
32027      INFO  main            d.u.i.k.p.r.p.TestFile    ... finished proof: closed. 
32227      INFO  main            d.u.i.k.p.i.AbstractProblemLoader Loading environment from /home/runner/work/key/key/key.core/../key.ui/examples/redux/arrays/Arrays.copyOf.float.key.proof 
32229      DEBUG main            d.u.i.k.p.i.AbstractProblemLoader Environment load took 1.63ms 
32238      INFO  main            d.u.i.k.p.i.AbstractProblemLoader Creating init config 
36006      DEBUG main            d.u.i.k.p.i.AbstractProblemLoader Init config took 3.77s 
36062      INFO  main            d.u.i.k.p.i.AbstractProblemLoader Replaying proof Arrays[Arrays::copyOf([F,int)].JML normal_behavior operation contract.0 
36144      INFO  main            d.u.i.k.s.SMTFocusResults Analyzing unsat core: (L_6) 
36917      DEBUG main            d.u.i.k.p.i.IntermediateProofReplayer Proof replay took 833.45ms 
36919      DEBUG main            d.u.i.k.p.r.p.TestFile    ... success: reloaded. 
36920      INFO  main            d.u.i.k.p.r.p.TestFile    Now processing file /home/runner/work/key/key/key.core/../key.ui/examples/redux/arrays/Arrays.copyOfRange.key 
36920      INFO  main            d.u.i.k.p.i.AbstractProblemLoader Loading environment from /home/runner/work/key/key/key.core/../key.ui/examples/redux/arrays/Arrays.copyOfRange.key 
36921      DEBUG main            d.u.i.k.p.i.AbstractProblemLoader Environment load took 232.42ns 
36922      INFO  main            d.u.i.k.p.i.AbstractProblemLoader Creating init config 
40593      DEBUG main            d.u.i.k.p.i.AbstractProblemLoader Init config took 3.67s 
40645      INFO  main            d.u.i.k.p.i.AbstractProblemLoader Replaying proof Arrays[Arrays::copyOfRange([I,int,int)].JML normal_behavior operation contract.0 
40647      DEBUG main            d.u.i.k.p.i.IntermediateProofReplayer Proof replay took 6.6ns 
45805      INFO  main            d.u.i.k.p.r.p.TestFile    ... finished proof: closed. 
46082      INFO  main            d.u.i.k.p.i.AbstractProblemLoader Loading environment from /home/runner/work/key/key/key.core/../key.ui/examples/redux/arrays/Arrays.copyOfRange.key.proof 
46083      DEBUG main            d.u.i.k.p.i.AbstractProblemLoader Environment load took 1.58ms 
46086      INFO  main            d.u.i.k.p.i.AbstractProblemLoader Creating init config 
49678      DEBUG main            d.u.i.k.p.i.AbstractProblemLoader Init config took 3.59s 
49730      INFO  main            d.u.i.k.p.i.AbstractProblemLoader Replaying proof Arrays[Arrays::copyOfRange([I,int,int)].JML normal_behavior operation contract.0 
50375      DEBUG main            d.u.i.k.p.i.IntermediateProofReplayer Proof replay took 624.68ms 
50377      DEBUG main            d.u.i.k.p.r.p.TestFile    ... success: reloaded. 
50378      INFO  main            d.u.i.k.p.r.p.TestFile    Now processing file /home/runner/work/key/key/key.core/../key.ui/examples/redux/arrays/Arrays.copyOfRange.float.key 
50378      INFO  main            d.u.i.k.p.i.AbstractProblemLoader Loading environment from /home/runner/work/key/key/key.core/../key.ui/examples/redux/arrays/Arrays.copyOfRange.float.key 
50379      DEBUG main            d.u.i.k.p.i.AbstractProblemLoader Environment load took 212.71ns 
50380      INFO  main            d.u.i.k.p.i.AbstractProblemLoader Creating init config 
53823      DEBUG main            d.u.i.k.p.i.AbstractProblemLoader Init config took 3.44s 
53870      INFO  main            d.u.i.k.p.i.AbstractProblemLoader Replaying proof Arrays[Arrays::copyOfRange([F,int,int)].JML normal_behavior operation contract.0 
53871      DEBUG main            d.u.i.k.p.i.IntermediateProofReplayer Proof replay took 7.1ns 
53872      DEBUG main            d.u.i.k.m.s.ProofScriptEngine 1: 'macro autopilot' 
60299      DEBUG main            d.u.i.k.m.s.ProofScriptEngine 2: 'smt solver=Z3' 
60339      INFO  main            d.u.i.k.m.s.SMTCommand    Finished run on goal 27 in 36ms, result is valid 
60339      DEBUG main            d.u.i.k.m.s.ProofScriptEngine 3: 'tryclose' 
64116      INFO  main            d.u.i.k.p.r.p.TestFile    ... finished proof: closed. 
64360      INFO  main            d.u.i.k.p.i.AbstractProblemLoader Loading environment from /home/runner/work/key/key/key.core/../key.ui/examples/redux/arrays/Arrays.copyOfRange.float.key.proof 
64361      DEBUG main            d.u.i.k.p.i.AbstractProblemLoader Environment load took 392.62ns 
64363      INFO  main            d.u.i.k.p.i.AbstractProblemLoader Creating init config 
67912      DEBUG main            d.u.i.k.p.i.AbstractProblemLoader Init config took 3.55s 
67967      INFO  main            d.u.i.k.p.i.AbstractProblemLoader Replaying proof Arrays[Arrays::copyOfRange([F,int,int)].JML normal_behavior operation contract.0 
68070      INFO  main            d.u.i.k.s.SMTFocusResults Analyzing unsat core: (L_8) 
69182      DEBUG main            d.u.i.k.p.i.IntermediateProofReplayer Proof replay took 1.18s 
69184      DEBUG main            d.u.i.k.p.r.p.TestFile    ... success: reloaded. 
69185      INFO  main            d.u.i.k.p.r.p.TestFile    Now processing file /home/runner/work/key/key/key.core/../key.ui/examples/redux/arrays/Arrays.equals.key 
69186      INFO  main            d.u.i.k.p.i.AbstractProblemLoader Loading environment from /home/runner/work/key/key/key.core/../key.ui/examples/redux/arrays/Arrays.equals.key 
69186      DEBUG main            d.u.i.k.p.i.AbstractProblemLoader Environment load took 217.31ns 
69187      INFO  main            d.u.i.k.p.i.AbstractProblemLoader Creating init config 
72755      DEBUG main            d.u.i.k.p.i.AbstractProblemLoader Init config took 3.57s 
72798      INFO  main            d.u.i.k.p.i.AbstractProblemLoader Replaying proof Arrays[Arrays::equals([B,[B)].JML normal_behavior operation contract.0 
72800      DEBUG main            d.u.i.k.p.i.IntermediateProofReplayer Proof replay took 5.7ns 
73403      INFO  main            d.u.i.k.p.r.p.TestFile    ... finished proof: closed. 
73727      INFO  main            d.u.i.k.p.i.AbstractProblemLoader Loading environment from /home/runner/work/key/key/key.core/../key.ui/examples/redux/arrays/Arrays.equals.key.proof 
73728      DEBUG main            d.u.i.k.p.i.AbstractProblemLoader Environment load took 1.73ms 
73730      INFO  main            d.u.i.k.p.i.AbstractProblemLoader Creating init config 
77400      DEBUG main            d.u.i.k.p.i.AbstractProblemLoader Init config took 3.67s 
77451      INFO  main            d.u.i.k.p.i.AbstractProblemLoader Replaying proof Arrays[Arrays::equals([B,[B)].JML normal_behavior operation contract.0 
77641      DEBUG main            d.u.i.k.p.i.IntermediateProofReplayer Proof replay took 184.39ms 
77643      DEBUG main            d.u.i.k.p.r.p.TestFile    ... success: reloaded. 
77643      INFO  main            d.u.i.k.p.r.p.TestFile    Now processing file /home/runner/work/key/key/key.core/../key.ui/examples/redux/arrays/Arrays.fill.key 
77644      INFO  main            d.u.i.k.p.i.AbstractProblemLoader Loading environment from /home/runner/work/key/key/key.core/../key.ui/examples/redux/arrays/Arrays.fill.key 
77644      DEBUG main            d.u.i.k.p.i.AbstractProblemLoader Environment load took 192.41ns 
77645      INFO  main            d.u.i.k.p.i.AbstractProblemLoader Creating init config 
81156      DEBUG main            d.u.i.k.p.i.AbstractProblemLoader Init config took 3.51s 
81199      INFO  main            d.u.i.k.p.i.AbstractProblemLoader Replaying proof Arrays[Arrays::fill([I,int)].JML normal_behavior operation contract.0 
81201      DEBUG main            d.u.i.k.p.i.IntermediateProofReplayer Proof replay took 6.1ns 
81405      INFO  main            d.u.i.k.p.r.p.TestFile    ... finished proof: closed. 
81614      INFO  main            d.u.i.k.p.i.AbstractProblemLoader Loading environment from /home/runner/work/key/key/key.core/../key.ui/examples/redux/arrays/Arrays.fill.key.proof 
81615      DEBUG main            d.u.i.k.p.i.AbstractProblemLoader Environment load took 139.1ns 
81616      INFO  main            d.u.i.k.p.i.AbstractProblemLoader Creating init config 
85072      DEBUG main            d.u.i.k.p.i.AbstractProblemLoader Init config took 3.46s 
85117      INFO  main            d.u.i.k.p.i.AbstractProblemLoader Replaying proof Arrays[Arrays::fill([I,int)].JML normal_behavior operation contract.0 
85156      DEBUG main            d.u.i.k.p.i.IntermediateProofReplayer Proof replay took 36.32ms 
85157      DEBUG main            d.u.i.k.p.r.p.TestFile    ... success: reloaded. 
85158      INFO  main            d.u.i.k.p.r.p.TestFile    Now processing file /home/runner/work/key/key/key.core/../key.ui/examples/redux/arrays/Arrays.fill.float.key 
85158      INFO  main            d.u.i.k.p.i.AbstractProblemLoader Loading environment from /home/runner/work/key/key/key.core/../key.ui/examples/redux/arrays/Arrays.fill.float.key 
85158      DEBUG main            d.u.i.k.p.i.AbstractProblemLoader Environment load took 187.41ns 
85159      INFO  main            d.u.i.k.p.i.AbstractProblemLoader Creating init config 
88706      DEBUG main            d.u.i.k.p.i.AbstractProblemLoader Init config took 3.55s 
88750      INFO  main            d.u.i.k.p.i.AbstractProblemLoader Replaying proof Arrays[Arrays::fill([F,float)].JML normal_behavior operation contract.0 
88752      DEBUG main            d.u.i.k.p.i.IntermediateProofReplayer Proof replay took 7ns 
88955      INFO  main            d.u.i.k.p.r.p.TestFile    ... finished proof: closed. 
89170      INFO  main            d.u.i.k.p.i.AbstractProblemLoader Loading environment from /home/runner/work/key/key/key.core/../key.ui/examples/redux/arrays/Arrays.fill.float.key.proof 
89170      DEBUG main            d.u.i.k.p.i.AbstractProblemLoader Environment load took 151.71ns 
89171      INFO  main            d.u.i.k.p.i.AbstractProblemLoader Creating init config 
92576      DEBUG main            d.u.i.k.p.i.AbstractProblemLoader Init config took 3.4s 
92618      INFO  main            d.u.i.k.p.i.AbstractProblemLoader Replaying proof Arrays[Arrays::fill([F,float)].JML normal_behavior operation contract.0 
92664      DEBUG main            d.u.i.k.p.i.IntermediateProofReplayer Proof replay took 43.38ms 
92666      DEBUG main            d.u.i.k.p.r.p.TestFile    ... success: reloaded. 
92667      INFO  main            d.u.i.k.p.r.p.TestFile    Now processing file /home/runner/work/key/key/key.core/../key.ui/examples/redux/arrays/Arrays.fillFromTo.key 
92667      INFO  main            d.u.i.k.p.i.AbstractProblemLoader Loading environment from /home/runner/work/key/key/key.core/../key.ui/examples/redux/arrays/Arrays.fillFromTo.key 
92667      DEBUG main            d.u.i.k.p.i.AbstractProblemLoader Environment load took 199.31ns 
92668      INFO  main            d.u.i.k.p.i.AbstractProblemLoader Creating init config 
96038      DEBUG main            d.u.i.k.p.i.AbstractProblemLoader Init config took 3.37s 
96082      INFO  main            d.u.i.k.p.i.AbstractProblemLoader Replaying proof Arrays[Arrays::fill([I,int,int,int)].JML normal_behavior operation contract.0 
96083      DEBUG main            d.u.i.k.p.i.IntermediateProofReplayer Proof replay took 6.6ns 
96708      INFO  main            d.u.i.k.p.r.p.TestFile    ... finished proof: closed. 
96951      INFO  main            d.u.i.k.p.i.AbstractProblemLoader Loading environment from /home/runner/work/key/key/key.core/../key.ui/examples/redux/arrays/Arrays.fillFromTo.key.proof 
96951      DEBUG main            d.u.i.k.p.i.AbstractProblemLoader Environment load took 524.53ns 
96953      INFO  main            d.u.i.k.p.i.AbstractProblemLoader Creating init config 
100356     DEBUG main            d.u.i.k.p.i.AbstractProblemLoader Init config took 3.4s 
100397     INFO  main            d.u.i.k.p.i.AbstractProblemLoader Replaying proof Arrays[Arrays::fill([I,int,int,int)].JML normal_behavior operation contract.0 
100528     DEBUG main            d.u.i.k.p.i.IntermediateProofReplayer Proof replay took 126.24ms 
100529     DEBUG main            d.u.i.k.p.r.p.TestFile    ... success: reloaded. 
100530     INFO  main            d.u.i.k.p.r.p.TestFile    Now processing file /home/runner/work/key/key/key.core/../key.ui/examples/redux/arrays/Arrays.fillFromTo.float.key 
100530     INFO  main            d.u.i.k.p.i.AbstractProblemLoader Loading environment from /home/runner/work/key/key/key.core/../key.ui/examples/redux/arrays/Arrays.fillFromTo.float.key 
100530     DEBUG main            d.u.i.k.p.i.AbstractProblemLoader Environment load took 118.71ns 
100531     INFO  main            d.u.i.k.p.i.AbstractProblemLoader Creating init config 
103980     DEBUG main            d.u.i.k.p.i.AbstractProblemLoader Init config took 3.45s 
104058     INFO  main            d.u.i.k.p.i.AbstractProblemLoader Replaying proof Arrays[Arrays::fill([F,int,int,float)].JML normal_behavior operation contract.0 
104060     DEBUG main            d.u.i.k.p.i.IntermediateProofReplayer Proof replay took 6.1ns 
104764     INFO  main            d.u.i.k.p.r.p.TestFile    ... finished proof: closed. 
105028     INFO  main            d.u.i.k.p.i.AbstractProblemLoader Loading environment from /home/runner/work/key/key/key.core/../key.ui/examples/redux/arrays/Arrays.fillFromTo.float.key.proof 
105028     DEBUG main            d.u.i.k.p.i.AbstractProblemLoader Environment load took 412.82ns 
105029     INFO  main            d.u.i.k.p.i.AbstractProblemLoader Creating init config 
108460     DEBUG main            d.u.i.k.p.i.AbstractProblemLoader Init config took 3.43s 
108502     INFO  main            d.u.i.k.p.i.AbstractProblemLoader Replaying proof Arrays[Arrays::fill([F,int,int,float)].JML normal_behavior operation contract.0 
108670     DEBUG main            d.u.i.k.p.i.IntermediateProofReplayer Proof replay took 163.06ms 
108672     DEBUG main            d.u.i.k.p.r.p.TestFile    ... success: reloaded. 
108673     INFO  main            d.u.i.k.p.r.p.TestFile    Now processing file /home/runner/work/key/key/key.core/../key.ui/examples/redux/arrays/ArrayCopy.arraycopy.normal.0.key 
108673     INFO  main            d.u.i.k.p.i.AbstractProblemLoader Loading environment from /home/runner/work/key/key/key.core/../key.ui/examples/redux/arrays/ArrayCopy.arraycopy.normal.0.key 
108673     DEBUG main            d.u.i.k.p.i.AbstractProblemLoader Environment load took 204.71ns 
108674     INFO  main            d.u.i.k.p.i.AbstractProblemLoader Creating init config 
112242     DEBUG main            d.u.i.k.p.i.AbstractProblemLoader Init config took 3.57s 
112284     INFO  main            d.u.i.k.p.i.AbstractProblemLoader Replaying proof ArrayCopy[ArrayCopy::arraycopy(java.lang.Object,int,java.lang.Object,int,int)].JML normal_behavior operation contract.0 
112285     DEBUG main            d.u.i.k.p.i.IntermediateProofReplayer Proof replay took 7.4ns 
119403     INFO  main            d.u.i.k.p.r.p.TestFile    ... finished proof: closed. 
119683     INFO  main            d.u.i.k.p.i.AbstractProblemLoader Loading environment from /home/runner/work/key/key/key.core/../key.ui/examples/redux/arrays/ArrayCopy.arraycopy.normal.0.key.proof 
119683     DEBUG main            d.u.i.k.p.i.AbstractProblemLoader Environment load took 446.53ns 
119686     INFO  main            d.u.i.k.p.i.AbstractProblemLoader Creating init config 
123266     DEBUG main            d.u.i.k.p.i.AbstractProblemLoader Init config took 3.58s 
123308     INFO  main            d.u.i.k.p.i.AbstractProblemLoader Replaying proof ArrayCopy[ArrayCopy::arraycopy(java.lang.Object,int,java.lang.Object,int,int)].JML normal_behavior operation contract.0 
124425     DEBUG main            d.u.i.k.p.i.IntermediateProofReplayer Proof replay took 1.1s 
124427     DEBUG main            d.u.i.k.p.r.p.TestFile    ... success: reloaded. 
124428     INFO  main            d.u.i.k.p.r.p.TestFile    Now processing file /home/runner/work/key/key/key.core/../key.ui/examples/redux/arrays/ArrayCopy.arraycopy.exceptional.0.key 
124428     INFO  main            d.u.i.k.p.i.AbstractProblemLoader Loading environment from /home/runner/work/key/key/key.core/../key.ui/examples/redux/arrays/ArrayCopy.arraycopy.exceptional.0.key 
124429     DEBUG main            d.u.i.k.p.i.AbstractProblemLoader Environment load took 229.81ns 
124430     INFO  main            d.u.i.k.p.i.AbstractProblemLoader Creating init config 
127952     DEBUG main            d.u.i.k.p.i.AbstractProblemLoader Init config took 3.52s 
127993     INFO  main            d.u.i.k.p.i.AbstractProblemLoader Replaying proof ArrayCopy[ArrayCopy::arraycopy(java.lang.Object,int,java.lang.Object,int,int)].JML exceptional_behavior operation contract.0 
127995     DEBUG main            d.u.i.k.p.i.IntermediateProofReplayer Proof replay took 7.2ns 
128397     INFO  main            d.u.i.k.p.r.p.TestFile    ... finished proof: closed. 
128647     INFO  main            d.u.i.k.p.i.AbstractProblemLoader Loading environment from /home/runner/work/key/key/key.core/../key.ui/examples/redux/arrays/ArrayCopy.arraycopy.exceptional.0.key.proof 
128648     DEBUG main            d.u.i.k.p.i.AbstractProblemLoader Environment load took 133.51ns 
128649     INFO  main            d.u.i.k.p.i.AbstractProblemLoader Creating init config 
132192     DEBUG main            d.u.i.k.p.i.AbstractProblemLoader Init config took 3.54s 
132259     INFO  main            d.u.i.k.p.i.AbstractProblemLoader Replaying proof ArrayCopy[ArrayCopy::arraycopy(java.lang.Object,int,java.lang.Object,int,int)].JML exceptional_behavior operation contract.0 
132404     DEBUG main            d.u.i.k.p.i.IntermediateProofReplayer Proof replay took 141.96ms 
132406     DEBUG main            d.u.i.k.p.r.p.TestFile    ... success: reloaded. 
132407     INFO  main            d.u.i.k.p.r.p.TestFile    Now processing file /home/runner/work/key/key/key.core/../key.ui/examples/redux/arrays/ArrayCopy.arraycopy.exceptional.1.key 
132407     INFO  main            d.u.i.k.p.i.AbstractProblemLoader Loading environment from /home/runner/work/key/key/key.core/../key.ui/examples/redux/arrays/ArrayCopy.arraycopy.exceptional.1.key 
132407     DEBUG main            d.u.i.k.p.i.AbstractProblemLoader Environment load took 205.31ns 
132408     INFO  main            d.u.i.k.p.i.AbstractProblemLoader Creating init config 
135961     DEBUG main            d.u.i.k.p.i.AbstractProblemLoader Init config took 3.55s 
136007     INFO  main            d.u.i.k.p.i.AbstractProblemLoader Replaying proof ArrayCopy[ArrayCopy::arraycopy(java.lang.Object,int,java.lang.Object,int,int)].JML exceptional_behavior operation contract.1 
136008     DEBUG main            d.u.i.k.p.i.IntermediateProofReplayer Proof replay took 8ns 
143431     INFO  main            d.u.i.k.p.r.p.TestFile    ... finished proof: closed. 
143734     INFO  main            d.u.i.k.p.i.AbstractProblemLoader Loading environment from /home/runner/work/key/key/key.core/../key.ui/examples/redux/arrays/ArrayCopy.arraycopy.exceptional.1.key.proof 
143734     DEBUG main            d.u.i.k.p.i.AbstractProblemLoader Environment load took 413.03ns 
143737     INFO  main            d.u.i.k.p.i.AbstractProblemLoader Creating init config 
147325     DEBUG main            d.u.i.k.p.i.AbstractProblemLoader Init config took 3.59s 
147367     INFO  main            d.u.i.k.p.i.AbstractProblemLoader Replaying proof ArrayCopy[ArrayCopy::arraycopy(java.lang.Object,int,java.lang.Object,int,int)].JML exceptional_behavior operation contract.1 
149368     DEBUG main            d.u.i.k.p.i.IntermediateProofReplayer Proof replay took 1.98s 
149370     DEBUG main            d.u.i.k.p.r.p.TestFile    ... success: reloaded. 
6313264    INFO  Test worker     d.u.i.k.p.r.RunAllProofsTestUnit Returning from test redux 
]]></system-out>
  <system-err><![CDATA[]]></system-err>
</testsuite>
