<?xml version="1.0" encoding="UTF-8"?>
<testsuite name="org.key_project.util.testcase.java.XMLUtilTest" tests="3" skipped="0" failures="0" errors="0" timestamp="2023-06-05T13:24:22" hostname="fv-az577-709" time="0.007">
  <properties/>
  <testcase name="testEncodeText()" classname="org.key_project.util.testcase.java.XMLUtilTest" time="0.005"/>
  <testcase name="testReplaceTags()" classname="org.key_project.util.testcase.java.XMLUtilTest" time="0.001"/>
  <testcase name="testRemoveTags()" classname="org.key_project.util.testcase.java.XMLUtilTest" time="0.001"/>
  <system-out><![CDATA[]]></system-out>
  <system-err><![CDATA[]]></system-err>
</testsuite>
