<?xml version="1.0" encoding="UTF-8"?>
<testsuite name="de.uka.ilkd.key.rule.conditions.TestDropEffectlessElementary" tests="3" skipped="0" failures="0" errors="0" timestamp="2023-03-09T11:37:40" hostname="fv-az741-97" time="0.011">
  <properties/>
  <testcase name="testSelfAssignments()" classname="de.uka.ilkd.key.rule.conditions.TestDropEffectlessElementary" time="0.0"/>
  <testcase name="testFaultyCase()" classname="de.uka.ilkd.key.rule.conditions.TestDropEffectlessElementary" time="0.001"/>
  <testcase name="testDoubleAssignment()" classname="de.uka.ilkd.key.rule.conditions.TestDropEffectlessElementary" time="0.0"/>
  <system-out><![CDATA[]]></system-out>
  <system-err><![CDATA[]]></system-err>
</testsuite>
