<?xml version="1.0" encoding="UTF-8"?>
<testsuite name="de.uka.ilkd.key.logic.TestVariableNamer" tests="3" skipped="0" failures="0" errors="0" timestamp="2023-03-09T11:33:18" hostname="fv-az741-97" time="0.006">
  <properties/>
  <testcase name="testInnerRename()" classname="de.uka.ilkd.key.logic.TestVariableNamer" time="0.003"/>
  <testcase name="testNameProposals()" classname="de.uka.ilkd.key.logic.TestVariableNamer" time="0.0"/>
  <testcase name="testInnerRenameUniqueness()" classname="de.uka.ilkd.key.logic.TestVariableNamer" time="0.0"/>
  <system-out><![CDATA[]]></system-out>
  <system-err><![CDATA[]]></system-err>
</testsuite>
