<?xml version="1.0" encoding="UTF-8"?>
<testsuite name="de.uka.ilkd.key.parser.TestParser" tests="5" skipped="1" failures="0" errors="0" timestamp="2023-05-30T16:48:10" hostname="fv-az319-950" time="5.455">
  <properties/>
  <testcase name="testConstantEvaluationError()" classname="de.uka.ilkd.key.parser.TestParser" time="1.101"/>
  <testcase name="testGenericSort()" classname="de.uka.ilkd.key.parser.TestParser" time="0.003"/>
  <testcase name="testIssue1566()" classname="de.uka.ilkd.key.parser.TestParser" time="3.312"/>
  <testcase name="testIssue39()" classname="de.uka.ilkd.key.parser.TestParser" time="1.035"/>
  <testcase name="testRelativeInclude()" classname="de.uka.ilkd.key.parser.TestParser" time="0.003">
    <skipped/>
  </testcase>
  <system-out><![CDATA[341424     INFO  Test worker     d.u.i.k.p.i.AbstractProblemLoader Loading environment from src\test\resources\testcase\parserErrorTest\AssignToArray.java 
341424     DEBUG Test worker     d.u.i.k.p.i.AbstractProblemLoader Environment load took 107.5ns 
341424     INFO  Test worker     d.u.i.k.p.i.AbstractProblemLoader Creating init config 
342518     INFO  Test worker     d.u.i.k.n.KeyIO           Parsing took 0 ms 
342518     DEBUG Test worker     d.u.i.k.n.KeyIO           Load declarations of de.uka.ilkd.key.nparser.KeyAst$File:  <unknown>:1#1 
342518     INFO  Test worker     d.u.i.k.n.KeyIO           MODE: declarations took 0 ms 
342518     DEBUG Test worker     d.u.i.k.n.KeyIO           MODE: 2nd degree decls took 0 
342533     DEBUG Test worker     d.u.i.k.n.KeyIO           MODE: taclets took 15ms 
342533     INFO  Test worker     d.u.i.k.p.i.AbstractProblemLoader Loading environment from src\test\resources\testcase\issues\1566\a.key 
342533     DEBUG Test worker     d.u.i.k.p.i.AbstractProblemLoader Environment load took 259.9ns 
342533     INFO  Test worker     d.u.i.k.p.i.AbstractProblemLoader Creating init config 
345826     DEBUG Test worker     d.u.i.k.p.i.AbstractProblemLoader Init config took 3.29s 
345842     INFO  Test worker     d.u.i.k.p.i.AbstractProblemLoader Replaying proof a.key 
345842     DEBUG Test worker     d.u.i.k.p.i.IntermediateProofReplayer Proof replay took 9.3ns 
345842     INFO  Test worker     d.u.i.k.p.i.AbstractProblemLoader Loading environment from src\test\resources\testcase\issues\39\A.java 
345842     DEBUG Test worker     d.u.i.k.p.i.AbstractProblemLoader Environment load took 361.9ns 
345842     INFO  Test worker     d.u.i.k.p.i.AbstractProblemLoader Creating init config 
]]></system-out>
  <system-err><![CDATA[]]></system-err>
</testsuite>
