<?xml version="1.0" encoding="UTF-8"?>
<testsuite name="de.uka.ilkd.key.rule.loop.LoopScopeInvRuleTests" tests="1" skipped="0" failures="0" errors="0" timestamp="2023-05-30T16:51:08" hostname="fv-az319-950" time="5.677">
  <properties/>
  <testcase name="testDoAutomaticProofOfBenchmarkWithLabeledBreaksAndContinues()" classname="de.uka.ilkd.key.rule.loop.LoopScopeInvRuleTests" time="5.677"/>
  <system-out><![CDATA[519716     INFO  Test worker     d.u.i.k.p.i.AbstractProblemLoader Loading environment from src\test\resources\testcase\loopScopeInvRule\Test.key 
519716     DEBUG Test worker     d.u.i.k.p.i.AbstractProblemLoader Environment load took 569.2ns 
519716     INFO  Test worker     d.u.i.k.p.i.AbstractProblemLoader Creating init config 
519873     DEBUG Test worker     d.u.i.k.j.TypeConverter   No LDT found for Meta 
519873     DEBUG Test worker     d.u.i.k.j.TypeConverter   No LDT found for Meta 
519873     DEBUG Test worker     d.u.i.k.j.TypeConverter   No LDT found for Meta 
519873     DEBUG Test worker     d.u.i.k.j.TypeConverter   No LDT found for Meta 
520648     DEBUG Test worker     d.u.i.k.j.TypeConverter   No LDT found for JavaBigintExpression 
524555     DEBUG Test worker     d.u.i.k.p.i.AbstractProblemLoader Init config took 4.84s 
524602     INFO  Test worker     d.u.i.k.p.i.AbstractProblemLoader Replaying proof Test[Test::loopScopeRuleBenchmark(int,boolean)].JML normal_behavior operation contract.0 
524602     DEBUG Test worker     d.u.i.k.p.i.IntermediateProofReplayer Proof replay took 21.6ns 
]]></system-out>
  <system-err><![CDATA[]]></system-err>
</testsuite>
