<?xml version="1.0" encoding="UTF-8"?>
<testsuite name="de.uka.ilkd.key.parser.TestTermParserHeap" tests="39" skipped="0" failures="0" errors="0" timestamp="2023-05-30T16:48:23" hostname="fv-az319-950" time="129.121">
  <properties/>
  <testcase name="testBracketHeapUpdate()" classname="de.uka.ilkd.key.parser.TestTermParserHeap" time="0.019"/>
  <testcase name="testStore()" classname="de.uka.ilkd.key.parser.TestTermParserHeap" time="0.011"/>
  <testcase name="testUnknownConstant()" classname="de.uka.ilkd.key.parser.TestTermParserHeap" time="0.013"/>
  <testcase name="testAllFieldsSelector()" classname="de.uka.ilkd.key.parser.TestTermParserHeap" time="0.002"/>
  <testcase name="testParsePrettyPrintedSelect()" classname="de.uka.ilkd.key.parser.TestTermParserHeap" time="0.005"/>
  <testcase name="testAccessStaticMembers()" classname="de.uka.ilkd.key.parser.TestTermParserHeap" time="0.01"/>
  <testcase name="testAtOperator_1()" classname="de.uka.ilkd.key.parser.TestTermParserHeap" time="0.004"/>
  <testcase name="testAtOperator_2()" classname="de.uka.ilkd.key.parser.TestTermParserHeap" time="0.005"/>
  <testcase name="testAtOperator_3()" classname="de.uka.ilkd.key.parser.TestTermParserHeap" time="0.011"/>
  <testcase name="testAtOperator_4()" classname="de.uka.ilkd.key.parser.TestTermParserHeap" time="0.015"/>
  <testcase name="testAtOperator_5()" classname="de.uka.ilkd.key.parser.TestTermParserHeap" time="0.004"/>
  <testcase name="testAtOperator_6()" classname="de.uka.ilkd.key.parser.TestTermParserHeap" time="0.004"/>
  <testcase name="testAtOperator_7()" classname="de.uka.ilkd.key.parser.TestTermParserHeap" time="0.004"/>
  <testcase name="testAtOperator_8()" classname="de.uka.ilkd.key.parser.TestTermParserHeap" time="0.01"/>
  <testcase name="testVerifyExceptionIfAtOperatorNotPreceededBySelectTerm()" classname="de.uka.ilkd.key.parser.TestTermParserHeap" time="0.01"/>
  <testcase name="testBugResettingCounter()" classname="de.uka.ilkd.key.parser.TestTermParserHeap" time="0.006"/>
  <testcase name="testLocationSets()" classname="de.uka.ilkd.key.parser.TestTermParserHeap" time="0.007"/>
  <testcase name="testQuantifiedSelect()" classname="de.uka.ilkd.key.parser.TestTermParserHeap" time="0.004"/>
  <testcase name="testGenericObjectProperties()" classname="de.uka.ilkd.key.parser.TestTermParserHeap" time="0.004"/>
  <testcase name="testQueryInheritance_1()" classname="de.uka.ilkd.key.parser.TestTermParserHeap" time="0.004"/>
  <testcase name="testQueryInheritance_2()" classname="de.uka.ilkd.key.parser.TestTermParserHeap" time="0.008"/>
  <testcase name="testQueryInheritance_3()" classname="de.uka.ilkd.key.parser.TestTermParserHeap" time="0.006"/>
  <testcase name="testQueryInheritance_4()" classname="de.uka.ilkd.key.parser.TestTermParserHeap" time="0.004"/>
  <testcase name="testQueryInheritance_5()" classname="de.uka.ilkd.key.parser.TestTermParserHeap" time="0.004"/>
  <testcase name="testQueryInheritance_6()" classname="de.uka.ilkd.key.parser.TestTermParserHeap" time="0.002"/>
  <testcase name="testQueryInheritance_7()" classname="de.uka.ilkd.key.parser.TestTermParserHeap" time="0.001"/>
  <testcase name="testQueryInheritance_8()" classname="de.uka.ilkd.key.parser.TestTermParserHeap" time="0.006"/>
  <testcase name="testQueryInheritance_9()" classname="de.uka.ilkd.key.parser.TestTermParserHeap" time="0.003"/>
  <testcase name="testQueryBasic_10()" classname="de.uka.ilkd.key.parser.TestTermParserHeap" time="0.004"/>
  <testcase name="testQueryBasic_11()" classname="de.uka.ilkd.key.parser.TestTermParserHeap" time="0.007"/>
  <testcase name="testQueryBasic_1()" classname="de.uka.ilkd.key.parser.TestTermParserHeap" time="0.004"/>
  <testcase name="testQueryBasic_2()" classname="de.uka.ilkd.key.parser.TestTermParserHeap" time="0.004"/>
  <testcase name="testQueryBasic_3()" classname="de.uka.ilkd.key.parser.TestTermParserHeap" time="0.005"/>
  <testcase name="testQueryBasic_4()" classname="de.uka.ilkd.key.parser.TestTermParserHeap" time="0.005"/>
  <testcase name="testQueryBasic_5()" classname="de.uka.ilkd.key.parser.TestTermParserHeap" time="0.004"/>
  <testcase name="testQueryBasic_6()" classname="de.uka.ilkd.key.parser.TestTermParserHeap" time="0.003"/>
  <testcase name="testQueryBasic_7()" classname="de.uka.ilkd.key.parser.TestTermParserHeap" time="0.004"/>
  <testcase name="testQueryBasic_8()" classname="de.uka.ilkd.key.parser.TestTermParserHeap" time="0.002"/>
  <testcase name="testQueryBasic_9()" classname="de.uka.ilkd.key.parser.TestTermParserHeap" time="0.004"/>
  <system-out><![CDATA[354011     INFO  Test worker     d.u.i.k.n.KeyIO           Parsing took 0 ms 
354011     DEBUG Test worker     d.u.i.k.n.KeyIO           Load declarations of de.uka.ilkd.key.nparser.KeyAst$File:  <unknown>:1#1 
354011     INFO  Test worker     d.u.i.k.n.KeyIO           MODE: declarations took 0 ms 
354011     DEBUG Test worker     d.u.i.k.n.KeyIO           MODE: 2nd degree decls took 0 
354011     INFO  Test worker     d.u.i.k.n.KeyIO           Parsing took 0 ms 
354011     DEBUG Test worker     d.u.i.k.n.KeyIO           Load declarations of de.uka.ilkd.key.nparser.KeyAst$File:  <unknown>:1#1 
354011     INFO  Test worker     d.u.i.k.n.KeyIO           MODE: declarations took 0 ms 
354011     DEBUG Test worker     d.u.i.k.n.KeyIO           MODE: 2nd degree decls took 0 
354011     INFO  Test worker     d.u.i.k.n.KeyIO           Parsing took 0 ms 
354011     DEBUG Test worker     d.u.i.k.n.KeyIO           Load declarations of de.uka.ilkd.key.nparser.KeyAst$File:  <unknown>:1#1 
354011     INFO  Test worker     d.u.i.k.n.KeyIO           MODE: declarations took 0 ms 
354011     DEBUG Test worker     d.u.i.k.n.KeyIO           MODE: 2nd degree decls took 0 
354011     INFO  Test worker     d.u.i.k.n.KeyIO           Parsing took 0 ms 
354011     DEBUG Test worker     d.u.i.k.n.KeyIO           Load declarations of de.uka.ilkd.key.nparser.KeyAst$File:  <unknown>:1#1 
354011     INFO  Test worker     d.u.i.k.n.KeyIO           MODE: declarations took 0 ms 
354011     DEBUG Test worker     d.u.i.k.n.KeyIO           MODE: 2nd degree decls took 0 
354011     INFO  Test worker     d.u.i.k.n.KeyIO           Parsing took 0 ms 
354011     DEBUG Test worker     d.u.i.k.n.KeyIO           Load declarations of de.uka.ilkd.key.nparser.KeyAst$File:  <unknown>:1#1 
354011     INFO  Test worker     d.u.i.k.n.KeyIO           MODE: declarations took 0 ms 
354011     DEBUG Test worker     d.u.i.k.n.KeyIO           MODE: 2nd degree decls took 0 
357493     INFO  Test worker     d.u.i.k.n.KeyIO           Parsing took 0 ms 
357493     DEBUG Test worker     d.u.i.k.n.KeyIO           Load declarations of de.uka.ilkd.key.nparser.KeyAst$File:  <unknown>:1#1 
357493     INFO  Test worker     d.u.i.k.n.KeyIO           MODE: declarations took 0 ms 
357493     DEBUG Test worker     d.u.i.k.n.KeyIO           MODE: 2nd degree decls took 0 
357493     INFO  Test worker     d.u.i.k.n.KeyIO           Parsing took 0 ms 
357493     DEBUG Test worker     d.u.i.k.n.KeyIO           Load declarations of de.uka.ilkd.key.nparser.KeyAst$File:  <unknown>:1#1 
357493     INFO  Test worker     d.u.i.k.n.KeyIO           MODE: declarations took 0 ms 
357493     DEBUG Test worker     d.u.i.k.n.KeyIO           MODE: 2nd degree decls took 0 
357493     INFO  Test worker     d.u.i.k.n.KeyIO           Parsing took 0 ms 
357493     DEBUG Test worker     d.u.i.k.n.KeyIO           Load declarations of de.uka.ilkd.key.nparser.KeyAst$File:  <unknown>:1#1 
357493     INFO  Test worker     d.u.i.k.n.KeyIO           MODE: declarations took 0 ms 
357493     DEBUG Test worker     d.u.i.k.n.KeyIO           MODE: 2nd degree decls took 0 
357493     INFO  Test worker     d.u.i.k.n.KeyIO           Parsing took 0 ms 
357493     DEBUG Test worker     d.u.i.k.n.KeyIO           Load declarations of de.uka.ilkd.key.nparser.KeyAst$File:  <unknown>:1#1 
357493     INFO  Test worker     d.u.i.k.n.KeyIO           MODE: declarations took 0 ms 
357493     DEBUG Test worker     d.u.i.k.n.KeyIO           MODE: 2nd degree decls took 0 
357493     INFO  Test worker     d.u.i.k.n.KeyIO           Parsing took 0 ms 
357493     DEBUG Test worker     d.u.i.k.n.KeyIO           Load declarations of de.uka.ilkd.key.nparser.KeyAst$File:  <unknown>:1#1 
357493     INFO  Test worker     d.u.i.k.n.KeyIO           MODE: declarations took 0 ms 
357493     DEBUG Test worker     d.u.i.k.n.KeyIO           MODE: 2nd degree decls took 0 
360936     INFO  Test worker     d.u.i.k.n.KeyIO           Parsing took 0 ms 
360936     DEBUG Test worker     d.u.i.k.n.KeyIO           Load declarations of de.uka.ilkd.key.nparser.KeyAst$File:  <unknown>:1#1 
360936     INFO  Test worker     d.u.i.k.n.KeyIO           MODE: declarations took 0 ms 
360936     DEBUG Test worker     d.u.i.k.n.KeyIO           MODE: 2nd degree decls took 0 
360936     INFO  Test worker     d.u.i.k.n.KeyIO           Parsing took 0 ms 
360936     DEBUG Test worker     d.u.i.k.n.KeyIO           Load declarations of de.uka.ilkd.key.nparser.KeyAst$File:  <unknown>:1#1 
360936     INFO  Test worker     d.u.i.k.n.KeyIO           MODE: declarations took 0 ms 
360936     DEBUG Test worker     d.u.i.k.n.KeyIO           MODE: 2nd degree decls took 0 
360936     INFO  Test worker     d.u.i.k.n.KeyIO           Parsing took 0 ms 
360936     DEBUG Test worker     d.u.i.k.n.KeyIO           Load declarations of de.uka.ilkd.key.nparser.KeyAst$File:  <unknown>:1#1 
360936     INFO  Test worker     d.u.i.k.n.KeyIO           MODE: declarations took 0 ms 
360952     DEBUG Test worker     d.u.i.k.n.KeyIO           MODE: 2nd degree decls took 0 
360952     INFO  Test worker     d.u.i.k.n.KeyIO           Parsing took 0 ms 
360952     DEBUG Test worker     d.u.i.k.n.KeyIO           Load declarations of de.uka.ilkd.key.nparser.KeyAst$File:  <unknown>:1#1 
360952     INFO  Test worker     d.u.i.k.n.KeyIO           MODE: declarations took 0 ms 
360952     DEBUG Test worker     d.u.i.k.n.KeyIO           MODE: 2nd degree decls took 0 
360952     INFO  Test worker     d.u.i.k.n.KeyIO           Parsing took 0 ms 
360952     DEBUG Test worker     d.u.i.k.n.KeyIO           Load declarations of de.uka.ilkd.key.nparser.KeyAst$File:  <unknown>:1#1 
360952     INFO  Test worker     d.u.i.k.n.KeyIO           MODE: declarations took 0 ms 
360952     DEBUG Test worker     d.u.i.k.n.KeyIO           MODE: 2nd degree decls took 0 
360952     INFO  Test worker     d.u.i.k.n.KeyIO           Parsing took 0 ms 
360952     DEBUG Test worker     d.u.i.k.n.KeyIO           Load declarations of de.uka.ilkd.key.nparser.KeyAst$File:  <unknown>:1#1 
360952     INFO  Test worker     d.u.i.k.n.KeyIO           MODE: declarations took 0 ms 
360952     DEBUG Test worker     d.u.i.k.n.KeyIO           MODE: 2nd degree decls took 0 
364282     INFO  Test worker     d.u.i.k.n.KeyIO           Parsing took 0 ms 
364282     DEBUG Test worker     d.u.i.k.n.KeyIO           Load declarations of de.uka.ilkd.key.nparser.KeyAst$File:  <unknown>:1#1 
364282     INFO  Test worker     d.u.i.k.n.KeyIO           MODE: declarations took 0 ms 
364282     DEBUG Test worker     d.u.i.k.n.KeyIO           MODE: 2nd degree decls took 0 
364282     INFO  Test worker     d.u.i.k.n.KeyIO           Parsing took 0 ms 
364282     DEBUG Test worker     d.u.i.k.n.KeyIO           Load declarations of de.uka.ilkd.key.nparser.KeyAst$File:  <unknown>:1#1 
364282     INFO  Test worker     d.u.i.k.n.KeyIO           MODE: declarations took 0 ms 
364282     DEBUG Test worker     d.u.i.k.n.KeyIO           MODE: 2nd degree decls took 0 
364282     INFO  Test worker     d.u.i.k.n.KeyIO           Parsing took 0 ms 
364282     DEBUG Test worker     d.u.i.k.n.KeyIO           Load declarations of de.uka.ilkd.key.nparser.KeyAst$File:  <unknown>:1#1 
364282     INFO  Test worker     d.u.i.k.n.KeyIO           MODE: declarations took 0 ms 
364282     DEBUG Test worker     d.u.i.k.n.KeyIO           MODE: 2nd degree decls took 0 
364282     INFO  Test worker     d.u.i.k.n.KeyIO           Parsing took 0 ms 
364282     DEBUG Test worker     d.u.i.k.n.KeyIO           Load declarations of de.uka.ilkd.key.nparser.KeyAst$File:  <unknown>:1#1 
364282     INFO  Test worker     d.u.i.k.n.KeyIO           MODE: declarations took 0 ms 
364282     DEBUG Test worker     d.u.i.k.n.KeyIO           MODE: 2nd degree decls took 0 
364282     INFO  Test worker     d.u.i.k.n.KeyIO           Parsing took 0 ms 
364282     DEBUG Test worker     d.u.i.k.n.KeyIO           Load declarations of de.uka.ilkd.key.nparser.KeyAst$File:  <unknown>:1#1 
364282     INFO  Test worker     d.u.i.k.n.KeyIO           MODE: declarations took 0 ms 
364282     DEBUG Test worker     d.u.i.k.n.KeyIO           MODE: 2nd degree decls took 0 
367642     INFO  Test worker     d.u.i.k.n.KeyIO           Parsing took 0 ms 
367642     DEBUG Test worker     d.u.i.k.n.KeyIO           Load declarations of de.uka.ilkd.key.nparser.KeyAst$File:  <unknown>:1#1 
367642     INFO  Test worker     d.u.i.k.n.KeyIO           MODE: declarations took 0 ms 
367642     DEBUG Test worker     d.u.i.k.n.KeyIO           MODE: 2nd degree decls took 0 
367642     INFO  Test worker     d.u.i.k.n.KeyIO           Parsing took 0 ms 
367642     DEBUG Test worker     d.u.i.k.n.KeyIO           Load declarations of de.uka.ilkd.key.nparser.KeyAst$File:  <unknown>:1#1 
367642     INFO  Test worker     d.u.i.k.n.KeyIO           MODE: declarations took 0 ms 
367642     DEBUG Test worker     d.u.i.k.n.KeyIO           MODE: 2nd degree decls took 0 
367642     INFO  Test worker     d.u.i.k.n.KeyIO           Parsing took 0 ms 
367642     DEBUG Test worker     d.u.i.k.n.KeyIO           Load declarations of de.uka.ilkd.key.nparser.KeyAst$File:  <unknown>:1#1 
367642     INFO  Test worker     d.u.i.k.n.KeyIO           MODE: declarations took 0 ms 
367642     DEBUG Test worker     d.u.i.k.n.KeyIO           MODE: 2nd degree decls took 0 
367642     INFO  Test worker     d.u.i.k.n.KeyIO           Parsing took 0 ms 
367642     DEBUG Test worker     d.u.i.k.n.KeyIO           Load declarations of de.uka.ilkd.key.nparser.KeyAst$File:  <unknown>:1#1 
367642     INFO  Test worker     d.u.i.k.n.KeyIO           MODE: declarations took 0 ms 
367642     DEBUG Test worker     d.u.i.k.n.KeyIO           MODE: 2nd degree decls took 0 
367642     INFO  Test worker     d.u.i.k.n.KeyIO           Parsing took 0 ms 
367658     DEBUG Test worker     d.u.i.k.n.KeyIO           Load declarations of de.uka.ilkd.key.nparser.KeyAst$File:  <unknown>:1#1 
367658     INFO  Test worker     d.u.i.k.n.KeyIO           MODE: declarations took 0 ms 
367658     DEBUG Test worker     d.u.i.k.n.KeyIO           MODE: 2nd degree decls took 0 
371008     INFO  Test worker     d.u.i.k.n.KeyIO           Parsing took 0 ms 
371008     DEBUG Test worker     d.u.i.k.n.KeyIO           Load declarations of de.uka.ilkd.key.nparser.KeyAst$File:  <unknown>:1#1 
371008     INFO  Test worker     d.u.i.k.n.KeyIO           MODE: declarations took 0 ms 
371008     DEBUG Test worker     d.u.i.k.n.KeyIO           MODE: 2nd degree decls took 0 
371008     INFO  Test worker     d.u.i.k.n.KeyIO           Parsing took 0 ms 
371008     DEBUG Test worker     d.u.i.k.n.KeyIO           Load declarations of de.uka.ilkd.key.nparser.KeyAst$File:  <unknown>:1#1 
371008     INFO  Test worker     d.u.i.k.n.KeyIO           MODE: declarations took 0 ms 
371008     DEBUG Test worker     d.u.i.k.n.KeyIO           MODE: 2nd degree decls took 0 
371008     INFO  Test worker     d.u.i.k.n.KeyIO           Parsing took 0 ms 
371008     DEBUG Test worker     d.u.i.k.n.KeyIO           Load declarations of de.uka.ilkd.key.nparser.KeyAst$File:  <unknown>:1#1 
371008     INFO  Test worker     d.u.i.k.n.KeyIO           MODE: declarations took 0 ms 
371008     DEBUG Test worker     d.u.i.k.n.KeyIO           MODE: 2nd degree decls took 0 
371008     INFO  Test worker     d.u.i.k.n.KeyIO           Parsing took 0 ms 
371008     DEBUG Test worker     d.u.i.k.n.KeyIO           Load declarations of de.uka.ilkd.key.nparser.KeyAst$File:  <unknown>:1#1 
371008     INFO  Test worker     d.u.i.k.n.KeyIO           MODE: declarations took 0 ms 
371008     DEBUG Test worker     d.u.i.k.n.KeyIO           MODE: 2nd degree decls took 0 
371008     INFO  Test worker     d.u.i.k.n.KeyIO           Parsing took 0 ms 
371008     DEBUG Test worker     d.u.i.k.n.KeyIO           Load declarations of de.uka.ilkd.key.nparser.KeyAst$File:  <unknown>:1#1 
371008     INFO  Test worker     d.u.i.k.n.KeyIO           MODE: declarations took 0 ms 
371008     DEBUG Test worker     d.u.i.k.n.KeyIO           MODE: 2nd degree decls took 0 
374396     INFO  Test worker     d.u.i.k.n.KeyIO           Parsing took 0 ms 
374396     DEBUG Test worker     d.u.i.k.n.KeyIO           Load declarations of de.uka.ilkd.key.nparser.KeyAst$File:  <unknown>:1#1 
374411     INFO  Test worker     d.u.i.k.n.KeyIO           MODE: declarations took 15 ms 
374411     DEBUG Test worker     d.u.i.k.n.KeyIO           MODE: 2nd degree decls took 0 
374411     INFO  Test worker     d.u.i.k.n.KeyIO           Parsing took 0 ms 
374411     DEBUG Test worker     d.u.i.k.n.KeyIO           Load declarations of de.uka.ilkd.key.nparser.KeyAst$File:  <unknown>:1#1 
374411     INFO  Test worker     d.u.i.k.n.KeyIO           MODE: declarations took 0 ms 
374411     DEBUG Test worker     d.u.i.k.n.KeyIO           MODE: 2nd degree decls took 0 
374411     INFO  Test worker     d.u.i.k.n.KeyIO           Parsing took 0 ms 
374411     DEBUG Test worker     d.u.i.k.n.KeyIO           Load declarations of de.uka.ilkd.key.nparser.KeyAst$File:  <unknown>:1#1 
374411     INFO  Test worker     d.u.i.k.n.KeyIO           MODE: declarations took 0 ms 
374411     DEBUG Test worker     d.u.i.k.n.KeyIO           MODE: 2nd degree decls took 0 
374411     INFO  Test worker     d.u.i.k.n.KeyIO           Parsing took 0 ms 
374411     DEBUG Test worker     d.u.i.k.n.KeyIO           Load declarations of de.uka.ilkd.key.nparser.KeyAst$File:  <unknown>:1#1 
374411     INFO  Test worker     d.u.i.k.n.KeyIO           MODE: declarations took 0 ms 
374411     DEBUG Test worker     d.u.i.k.n.KeyIO           MODE: 2nd degree decls took 0 
374411     INFO  Test worker     d.u.i.k.n.KeyIO           Parsing took 0 ms 
374411     DEBUG Test worker     d.u.i.k.n.KeyIO           Load declarations of de.uka.ilkd.key.nparser.KeyAst$File:  <unknown>:1#1 
374411     INFO  Test worker     d.u.i.k.n.KeyIO           MODE: declarations took 0 ms 
374411     DEBUG Test worker     d.u.i.k.n.KeyIO           MODE: 2nd degree decls took 0 
377674     INFO  Test worker     d.u.i.k.n.KeyIO           Parsing took 0 ms 
377674     DEBUG Test worker     d.u.i.k.n.KeyIO           Load declarations of de.uka.ilkd.key.nparser.KeyAst$File:  <unknown>:1#1 
377674     INFO  Test worker     d.u.i.k.n.KeyIO           MODE: declarations took 0 ms 
377674     DEBUG Test worker     d.u.i.k.n.KeyIO           MODE: 2nd degree decls took 0 
377674     INFO  Test worker     d.u.i.k.n.KeyIO           Parsing took 0 ms 
377674     DEBUG Test worker     d.u.i.k.n.KeyIO           Load declarations of de.uka.ilkd.key.nparser.KeyAst$File:  <unknown>:1#1 
377674     INFO  Test worker     d.u.i.k.n.KeyIO           MODE: declarations took 0 ms 
377674     DEBUG Test worker     d.u.i.k.n.KeyIO           MODE: 2nd degree decls took 0 
377674     INFO  Test worker     d.u.i.k.n.KeyIO           Parsing took 0 ms 
377674     DEBUG Test worker     d.u.i.k.n.KeyIO           Load declarations of de.uka.ilkd.key.nparser.KeyAst$File:  <unknown>:1#1 
377674     INFO  Test worker     d.u.i.k.n.KeyIO           MODE: declarations took 0 ms 
377674     DEBUG Test worker     d.u.i.k.n.KeyIO           MODE: 2nd degree decls took 0 
377674     INFO  Test worker     d.u.i.k.n.KeyIO           Parsing took 0 ms 
377674     DEBUG Test worker     d.u.i.k.n.KeyIO           Load declarations of de.uka.ilkd.key.nparser.KeyAst$File:  <unknown>:1#1 
377674     INFO  Test worker     d.u.i.k.n.KeyIO           MODE: declarations took 0 ms 
377674     DEBUG Test worker     d.u.i.k.n.KeyIO           MODE: 2nd degree decls took 0 
377674     INFO  Test worker     d.u.i.k.n.KeyIO           Parsing took 0 ms 
377674     DEBUG Test worker     d.u.i.k.n.KeyIO           Load declarations of de.uka.ilkd.key.nparser.KeyAst$File:  <unknown>:1#1 
377674     INFO  Test worker     d.u.i.k.n.KeyIO           MODE: declarations took 0 ms 
377674     DEBUG Test worker     d.u.i.k.n.KeyIO           MODE: 2nd degree decls took 0 
381127     INFO  Test worker     d.u.i.k.n.KeyIO           Parsing took 0 ms 
381127     DEBUG Test worker     d.u.i.k.n.KeyIO           Load declarations of de.uka.ilkd.key.nparser.KeyAst$File:  <unknown>:1#1 
381127     INFO  Test worker     d.u.i.k.n.KeyIO           MODE: declarations took 0 ms 
381127     DEBUG Test worker     d.u.i.k.n.KeyIO           MODE: 2nd degree decls took 0 
381127     INFO  Test worker     d.u.i.k.n.KeyIO           Parsing took 0 ms 
381127     DEBUG Test worker     d.u.i.k.n.KeyIO           Load declarations of de.uka.ilkd.key.nparser.KeyAst$File:  <unknown>:1#1 
381142     INFO  Test worker     d.u.i.k.n.KeyIO           MODE: declarations took 15 ms 
381142     DEBUG Test worker     d.u.i.k.n.KeyIO           MODE: 2nd degree decls took 0 
381142     INFO  Test worker     d.u.i.k.n.KeyIO           Parsing took 0 ms 
381142     DEBUG Test worker     d.u.i.k.n.KeyIO           Load declarations of de.uka.ilkd.key.nparser.KeyAst$File:  <unknown>:1#1 
381142     INFO  Test worker     d.u.i.k.n.KeyIO           MODE: declarations took 0 ms 
381142     DEBUG Test worker     d.u.i.k.n.KeyIO           MODE: 2nd degree decls took 0 
381142     INFO  Test worker     d.u.i.k.n.KeyIO           Parsing took 0 ms 
381142     DEBUG Test worker     d.u.i.k.n.KeyIO           Load declarations of de.uka.ilkd.key.nparser.KeyAst$File:  <unknown>:1#1 
381142     INFO  Test worker     d.u.i.k.n.KeyIO           MODE: declarations took 0 ms 
381142     DEBUG Test worker     d.u.i.k.n.KeyIO           MODE: 2nd degree decls took 0 
381142     INFO  Test worker     d.u.i.k.n.KeyIO           Parsing took 0 ms 
381142     DEBUG Test worker     d.u.i.k.n.KeyIO           Load declarations of de.uka.ilkd.key.nparser.KeyAst$File:  <unknown>:1#1 
381142     INFO  Test worker     d.u.i.k.n.KeyIO           MODE: declarations took 0 ms 
381142     DEBUG Test worker     d.u.i.k.n.KeyIO           MODE: 2nd degree decls took 0 
384471     INFO  Test worker     d.u.i.k.n.KeyIO           Parsing took 0 ms 
384471     DEBUG Test worker     d.u.i.k.n.KeyIO           Load declarations of de.uka.ilkd.key.nparser.KeyAst$File:  <unknown>:1#1 
384471     INFO  Test worker     d.u.i.k.n.KeyIO           MODE: declarations took 0 ms 
384471     DEBUG Test worker     d.u.i.k.n.KeyIO           MODE: 2nd degree decls took 0 
384471     INFO  Test worker     d.u.i.k.n.KeyIO           Parsing took 0 ms 
384471     DEBUG Test worker     d.u.i.k.n.KeyIO           Load declarations of de.uka.ilkd.key.nparser.KeyAst$File:  <unknown>:1#1 
384471     INFO  Test worker     d.u.i.k.n.KeyIO           MODE: declarations took 0 ms 
384471     DEBUG Test worker     d.u.i.k.n.KeyIO           MODE: 2nd degree decls took 0 
384471     INFO  Test worker     d.u.i.k.n.KeyIO           Parsing took 0 ms 
384471     DEBUG Test worker     d.u.i.k.n.KeyIO           Load declarations of de.uka.ilkd.key.nparser.KeyAst$File:  <unknown>:1#1 
384471     INFO  Test worker     d.u.i.k.n.KeyIO           MODE: declarations took 0 ms 
384471     DEBUG Test worker     d.u.i.k.n.KeyIO           MODE: 2nd degree decls took 0 
384471     INFO  Test worker     d.u.i.k.n.KeyIO           Parsing took 0 ms 
384471     DEBUG Test worker     d.u.i.k.n.KeyIO           Load declarations of de.uka.ilkd.key.nparser.KeyAst$File:  <unknown>:1#1 
384471     INFO  Test worker     d.u.i.k.n.KeyIO           MODE: declarations took 0 ms 
384471     DEBUG Test worker     d.u.i.k.n.KeyIO           MODE: 2nd degree decls took 0 
384471     INFO  Test worker     d.u.i.k.n.KeyIO           Parsing took 0 ms 
384471     DEBUG Test worker     d.u.i.k.n.KeyIO           Load declarations of de.uka.ilkd.key.nparser.KeyAst$File:  <unknown>:1#1 
384471     INFO  Test worker     d.u.i.k.n.KeyIO           MODE: declarations took 0 ms 
384471     DEBUG Test worker     d.u.i.k.n.KeyIO           MODE: 2nd degree decls took 0 
387771     INFO  Test worker     d.u.i.k.n.KeyIO           Parsing took 0 ms 
387771     DEBUG Test worker     d.u.i.k.n.KeyIO           Load declarations of de.uka.ilkd.key.nparser.KeyAst$File:  <unknown>:1#1 
387771     INFO  Test worker     d.u.i.k.n.KeyIO           MODE: declarations took 0 ms 
387771     DEBUG Test worker     d.u.i.k.n.KeyIO           MODE: 2nd degree decls took 0 
387771     INFO  Test worker     d.u.i.k.n.KeyIO           Parsing took 0 ms 
387771     DEBUG Test worker     d.u.i.k.n.KeyIO           Load declarations of de.uka.ilkd.key.nparser.KeyAst$File:  <unknown>:1#1 
387771     INFO  Test worker     d.u.i.k.n.KeyIO           MODE: declarations took 0 ms 
387771     DEBUG Test worker     d.u.i.k.n.KeyIO           MODE: 2nd degree decls took 0 
387771     INFO  Test worker     d.u.i.k.n.KeyIO           Parsing took 0 ms 
387771     DEBUG Test worker     d.u.i.k.n.KeyIO           Load declarations of de.uka.ilkd.key.nparser.KeyAst$File:  <unknown>:1#1 
387771     INFO  Test worker     d.u.i.k.n.KeyIO           MODE: declarations took 0 ms 
387771     DEBUG Test worker     d.u.i.k.n.KeyIO           MODE: 2nd degree decls took 0 
387771     INFO  Test worker     d.u.i.k.n.KeyIO           Parsing took 0 ms 
387771     DEBUG Test worker     d.u.i.k.n.KeyIO           Load declarations of de.uka.ilkd.key.nparser.KeyAst$File:  <unknown>:1#1 
387771     INFO  Test worker     d.u.i.k.n.KeyIO           MODE: declarations took 0 ms 
387771     DEBUG Test worker     d.u.i.k.n.KeyIO           MODE: 2nd degree decls took 0 
387771     INFO  Test worker     d.u.i.k.n.KeyIO           Parsing took 0 ms 
387771     DEBUG Test worker     d.u.i.k.n.KeyIO           Load declarations of de.uka.ilkd.key.nparser.KeyAst$File:  <unknown>:1#1 
387771     INFO  Test worker     d.u.i.k.n.KeyIO           MODE: declarations took 0 ms 
387771     DEBUG Test worker     d.u.i.k.n.KeyIO           MODE: 2nd degree decls took 0 
391322     INFO  Test worker     d.u.i.k.n.KeyIO           Parsing took 0 ms 
391322     DEBUG Test worker     d.u.i.k.n.KeyIO           Load declarations of de.uka.ilkd.key.nparser.KeyAst$File:  <unknown>:1#1 
391322     INFO  Test worker     d.u.i.k.n.KeyIO           MODE: declarations took 0 ms 
391322     DEBUG Test worker     d.u.i.k.n.KeyIO           MODE: 2nd degree decls took 0 
391322     INFO  Test worker     d.u.i.k.n.KeyIO           Parsing took 0 ms 
391322     DEBUG Test worker     d.u.i.k.n.KeyIO           Load declarations of de.uka.ilkd.key.nparser.KeyAst$File:  <unknown>:1#1 
391322     INFO  Test worker     d.u.i.k.n.KeyIO           MODE: declarations took 0 ms 
391322     DEBUG Test worker     d.u.i.k.n.KeyIO           MODE: 2nd degree decls took 0 
391322     INFO  Test worker     d.u.i.k.n.KeyIO           Parsing took 0 ms 
391322     DEBUG Test worker     d.u.i.k.n.KeyIO           Load declarations of de.uka.ilkd.key.nparser.KeyAst$File:  <unknown>:1#1 
391322     INFO  Test worker     d.u.i.k.n.KeyIO           MODE: declarations took 0 ms 
391322     DEBUG Test worker     d.u.i.k.n.KeyIO           MODE: 2nd degree decls took 0 
391322     INFO  Test worker     d.u.i.k.n.KeyIO           Parsing took 0 ms 
391322     DEBUG Test worker     d.u.i.k.n.KeyIO           Load declarations of de.uka.ilkd.key.nparser.KeyAst$File:  <unknown>:1#1 
391322     INFO  Test worker     d.u.i.k.n.KeyIO           MODE: declarations took 0 ms 
391322     DEBUG Test worker     d.u.i.k.n.KeyIO           MODE: 2nd degree decls took 0 
391322     INFO  Test worker     d.u.i.k.n.KeyIO           Parsing took 0 ms 
391322     DEBUG Test worker     d.u.i.k.n.KeyIO           Load declarations of de.uka.ilkd.key.nparser.KeyAst$File:  <unknown>:1#1 
391322     INFO  Test worker     d.u.i.k.n.KeyIO           MODE: declarations took 0 ms 
391322     DEBUG Test worker     d.u.i.k.n.KeyIO           MODE: 2nd degree decls took 0 
394859     INFO  Test worker     d.u.i.k.n.KeyIO           Parsing took 0 ms 
394859     DEBUG Test worker     d.u.i.k.n.KeyIO           Load declarations of de.uka.ilkd.key.nparser.KeyAst$File:  <unknown>:1#1 
394859     INFO  Test worker     d.u.i.k.n.KeyIO           MODE: declarations took 0 ms 
394859     DEBUG Test worker     d.u.i.k.n.KeyIO           MODE: 2nd degree decls took 0 
394859     INFO  Test worker     d.u.i.k.n.KeyIO           Parsing took 0 ms 
394859     DEBUG Test worker     d.u.i.k.n.KeyIO           Load declarations of de.uka.ilkd.key.nparser.KeyAst$File:  <unknown>:1#1 
394859     INFO  Test worker     d.u.i.k.n.KeyIO           MODE: declarations took 0 ms 
394859     DEBUG Test worker     d.u.i.k.n.KeyIO           MODE: 2nd degree decls took 0 
394859     INFO  Test worker     d.u.i.k.n.KeyIO           Parsing took 0 ms 
394859     DEBUG Test worker     d.u.i.k.n.KeyIO           Load declarations of de.uka.ilkd.key.nparser.KeyAst$File:  <unknown>:1#1 
394859     INFO  Test worker     d.u.i.k.n.KeyIO           MODE: declarations took 0 ms 
394859     DEBUG Test worker     d.u.i.k.n.KeyIO           MODE: 2nd degree decls took 0 
394859     INFO  Test worker     d.u.i.k.n.KeyIO           Parsing took 0 ms 
394859     DEBUG Test worker     d.u.i.k.n.KeyIO           Load declarations of de.uka.ilkd.key.nparser.KeyAst$File:  <unknown>:1#1 
394859     INFO  Test worker     d.u.i.k.n.KeyIO           MODE: declarations took 0 ms 
394859     DEBUG Test worker     d.u.i.k.n.KeyIO           MODE: 2nd degree decls took 0 
394859     INFO  Test worker     d.u.i.k.n.KeyIO           Parsing took 0 ms 
394859     DEBUG Test worker     d.u.i.k.n.KeyIO           Load declarations of de.uka.ilkd.key.nparser.KeyAst$File:  <unknown>:1#1 
394859     INFO  Test worker     d.u.i.k.n.KeyIO           MODE: declarations took 0 ms 
394859     DEBUG Test worker     d.u.i.k.n.KeyIO           MODE: 2nd degree decls took 0 
398309     INFO  Test worker     d.u.i.k.n.KeyIO           Parsing took 0 ms 
398309     DEBUG Test worker     d.u.i.k.n.KeyIO           Load declarations of de.uka.ilkd.key.nparser.KeyAst$File:  <unknown>:1#1 
398309     INFO  Test worker     d.u.i.k.n.KeyIO           MODE: declarations took 0 ms 
398309     DEBUG Test worker     d.u.i.k.n.KeyIO           MODE: 2nd degree decls took 0 
398325     INFO  Test worker     d.u.i.k.n.KeyIO           Parsing took 0 ms 
398325     DEBUG Test worker     d.u.i.k.n.KeyIO           Load declarations of de.uka.ilkd.key.nparser.KeyAst$File:  <unknown>:1#1 
398325     INFO  Test worker     d.u.i.k.n.KeyIO           MODE: declarations took 0 ms 
398325     DEBUG Test worker     d.u.i.k.n.KeyIO           MODE: 2nd degree decls took 0 
398325     INFO  Test worker     d.u.i.k.n.KeyIO           Parsing took 0 ms 
398325     DEBUG Test worker     d.u.i.k.n.KeyIO           Load declarations of de.uka.ilkd.key.nparser.KeyAst$File:  <unknown>:1#1 
398325     INFO  Test worker     d.u.i.k.n.KeyIO           MODE: declarations took 0 ms 
398325     DEBUG Test worker     d.u.i.k.n.KeyIO           MODE: 2nd degree decls took 0 
398325     INFO  Test worker     d.u.i.k.n.KeyIO           Parsing took 0 ms 
398325     DEBUG Test worker     d.u.i.k.n.KeyIO           Load declarations of de.uka.ilkd.key.nparser.KeyAst$File:  <unknown>:1#1 
398325     INFO  Test worker     d.u.i.k.n.KeyIO           MODE: declarations took 0 ms 
398325     DEBUG Test worker     d.u.i.k.n.KeyIO           MODE: 2nd degree decls took 0 
398325     INFO  Test worker     d.u.i.k.n.KeyIO           Parsing took 0 ms 
398325     DEBUG Test worker     d.u.i.k.n.KeyIO           Load declarations of de.uka.ilkd.key.nparser.KeyAst$File:  <unknown>:1#1 
398325     INFO  Test worker     d.u.i.k.n.KeyIO           MODE: declarations took 0 ms 
398325     DEBUG Test worker     d.u.i.k.n.KeyIO           MODE: 2nd degree decls took 0 
401864     INFO  Test worker     d.u.i.k.n.KeyIO           Parsing took 0 ms 
401864     DEBUG Test worker     d.u.i.k.n.KeyIO           Load declarations of de.uka.ilkd.key.nparser.KeyAst$File:  <unknown>:1#1 
401864     INFO  Test worker     d.u.i.k.n.KeyIO           MODE: declarations took 0 ms 
401864     DEBUG Test worker     d.u.i.k.n.KeyIO           MODE: 2nd degree decls took 0 
401864     INFO  Test worker     d.u.i.k.n.KeyIO           Parsing took 0 ms 
401864     DEBUG Test worker     d.u.i.k.n.KeyIO           Load declarations of de.uka.ilkd.key.nparser.KeyAst$File:  <unknown>:1#1 
401864     INFO  Test worker     d.u.i.k.n.KeyIO           MODE: declarations took 0 ms 
401864     DEBUG Test worker     d.u.i.k.n.KeyIO           MODE: 2nd degree decls took 0 
401864     INFO  Test worker     d.u.i.k.n.KeyIO           Parsing took 0 ms 
401864     DEBUG Test worker     d.u.i.k.n.KeyIO           Load declarations of de.uka.ilkd.key.nparser.KeyAst$File:  <unknown>:1#1 
401864     INFO  Test worker     d.u.i.k.n.KeyIO           MODE: declarations took 0 ms 
401864     DEBUG Test worker     d.u.i.k.n.KeyIO           MODE: 2nd degree decls took 0 
401864     INFO  Test worker     d.u.i.k.n.KeyIO           Parsing took 0 ms 
401864     DEBUG Test worker     d.u.i.k.n.KeyIO           Load declarations of de.uka.ilkd.key.nparser.KeyAst$File:  <unknown>:1#1 
401864     INFO  Test worker     d.u.i.k.n.KeyIO           MODE: declarations took 0 ms 
401880     DEBUG Test worker     d.u.i.k.n.KeyIO           MODE: 2nd degree decls took 0 
401880     INFO  Test worker     d.u.i.k.n.KeyIO           Parsing took 0 ms 
401880     DEBUG Test worker     d.u.i.k.n.KeyIO           Load declarations of de.uka.ilkd.key.nparser.KeyAst$File:  <unknown>:1#1 
401880     INFO  Test worker     d.u.i.k.n.KeyIO           MODE: declarations took 0 ms 
401880     DEBUG Test worker     d.u.i.k.n.KeyIO           MODE: 2nd degree decls took 0 
401880     WARN  Test worker     d.u.i.k.n.KeYParser       [syntax-error] <unknown>:1:11: mismatched input '@' expecting {'/', ':=', '.', '(', ')', '{', '[', '@', PARALLEL, OR, AND, IMP, '=', NOT_EQUALS, '%', '*', '-', '+', '>', GREATEREQUAL, '<', LESSEQUAL, LGUILLEMETS, EQV} [@11,11:11='@',<153>,1:11] (termEOF) 
405358     INFO  Test worker     d.u.i.k.n.KeyIO           Parsing took 0 ms 
405358     DEBUG Test worker     d.u.i.k.n.KeyIO           Load declarations of de.uka.ilkd.key.nparser.KeyAst$File:  <unknown>:1#1 
405358     INFO  Test worker     d.u.i.k.n.KeyIO           MODE: declarations took 0 ms 
405358     DEBUG Test worker     d.u.i.k.n.KeyIO           MODE: 2nd degree decls took 0 
405358     INFO  Test worker     d.u.i.k.n.KeyIO           Parsing took 0 ms 
405358     DEBUG Test worker     d.u.i.k.n.KeyIO           Load declarations of de.uka.ilkd.key.nparser.KeyAst$File:  <unknown>:1#1 
405358     INFO  Test worker     d.u.i.k.n.KeyIO           MODE: declarations took 0 ms 
405358     DEBUG Test worker     d.u.i.k.n.KeyIO           MODE: 2nd degree decls took 0 
405358     INFO  Test worker     d.u.i.k.n.KeyIO           Parsing took 0 ms 
405358     DEBUG Test worker     d.u.i.k.n.KeyIO           Load declarations of de.uka.ilkd.key.nparser.KeyAst$File:  <unknown>:1#1 
405358     INFO  Test worker     d.u.i.k.n.KeyIO           MODE: declarations took 0 ms 
405358     DEBUG Test worker     d.u.i.k.n.KeyIO           MODE: 2nd degree decls took 0 
405358     INFO  Test worker     d.u.i.k.n.KeyIO           Parsing took 0 ms 
405358     DEBUG Test worker     d.u.i.k.n.KeyIO           Load declarations of de.uka.ilkd.key.nparser.KeyAst$File:  <unknown>:1#1 
405358     INFO  Test worker     d.u.i.k.n.KeyIO           MODE: declarations took 0 ms 
405358     DEBUG Test worker     d.u.i.k.n.KeyIO           MODE: 2nd degree decls took 0 
405358     INFO  Test worker     d.u.i.k.n.KeyIO           Parsing took 0 ms 
405358     DEBUG Test worker     d.u.i.k.n.KeyIO           Load declarations of de.uka.ilkd.key.nparser.KeyAst$File:  <unknown>:1#1 
405358     INFO  Test worker     d.u.i.k.n.KeyIO           MODE: declarations took 0 ms 
405358     DEBUG Test worker     d.u.i.k.n.KeyIO           MODE: 2nd degree decls took 0 
408667     INFO  Test worker     d.u.i.k.n.KeyIO           Parsing took 0 ms 
408667     DEBUG Test worker     d.u.i.k.n.KeyIO           Load declarations of de.uka.ilkd.key.nparser.KeyAst$File:  <unknown>:1#1 
408667     INFO  Test worker     d.u.i.k.n.KeyIO           MODE: declarations took 0 ms 
408667     DEBUG Test worker     d.u.i.k.n.KeyIO           MODE: 2nd degree decls took 0 
408667     INFO  Test worker     d.u.i.k.n.KeyIO           Parsing took 0 ms 
408667     DEBUG Test worker     d.u.i.k.n.KeyIO           Load declarations of de.uka.ilkd.key.nparser.KeyAst$File:  <unknown>:1#1 
408667     INFO  Test worker     d.u.i.k.n.KeyIO           MODE: declarations took 0 ms 
408667     DEBUG Test worker     d.u.i.k.n.KeyIO           MODE: 2nd degree decls took 0 
408667     INFO  Test worker     d.u.i.k.n.KeyIO           Parsing took 0 ms 
408667     DEBUG Test worker     d.u.i.k.n.KeyIO           Load declarations of de.uka.ilkd.key.nparser.KeyAst$File:  <unknown>:1#1 
408667     INFO  Test worker     d.u.i.k.n.KeyIO           MODE: declarations took 0 ms 
408667     DEBUG Test worker     d.u.i.k.n.KeyIO           MODE: 2nd degree decls took 0 
408667     INFO  Test worker     d.u.i.k.n.KeyIO           Parsing took 0 ms 
408667     DEBUG Test worker     d.u.i.k.n.KeyIO           Load declarations of de.uka.ilkd.key.nparser.KeyAst$File:  <unknown>:1#1 
408667     INFO  Test worker     d.u.i.k.n.KeyIO           MODE: declarations took 0 ms 
408667     DEBUG Test worker     d.u.i.k.n.KeyIO           MODE: 2nd degree decls took 0 
408667     INFO  Test worker     d.u.i.k.n.KeyIO           Parsing took 0 ms 
408667     DEBUG Test worker     d.u.i.k.n.KeyIO           Load declarations of de.uka.ilkd.key.nparser.KeyAst$File:  <unknown>:1#1 
408667     INFO  Test worker     d.u.i.k.n.KeyIO           MODE: declarations took 0 ms 
408667     DEBUG Test worker     d.u.i.k.n.KeyIO           MODE: 2nd degree decls took 0 
411966     INFO  Test worker     d.u.i.k.n.KeyIO           Parsing took 0 ms 
411966     DEBUG Test worker     d.u.i.k.n.KeyIO           Load declarations of de.uka.ilkd.key.nparser.KeyAst$File:  <unknown>:1#1 
411966     INFO  Test worker     d.u.i.k.n.KeyIO           MODE: declarations took 0 ms 
411966     DEBUG Test worker     d.u.i.k.n.KeyIO           MODE: 2nd degree decls took 0 
411966     INFO  Test worker     d.u.i.k.n.KeyIO           Parsing took 0 ms 
411966     DEBUG Test worker     d.u.i.k.n.KeyIO           Load declarations of de.uka.ilkd.key.nparser.KeyAst$File:  <unknown>:1#1 
411966     INFO  Test worker     d.u.i.k.n.KeyIO           MODE: declarations took 0 ms 
411966     DEBUG Test worker     d.u.i.k.n.KeyIO           MODE: 2nd degree decls took 0 
411966     INFO  Test worker     d.u.i.k.n.KeyIO           Parsing took 0 ms 
411966     DEBUG Test worker     d.u.i.k.n.KeyIO           Load declarations of de.uka.ilkd.key.nparser.KeyAst$File:  <unknown>:1#1 
411966     INFO  Test worker     d.u.i.k.n.KeyIO           MODE: declarations took 0 ms 
411966     DEBUG Test worker     d.u.i.k.n.KeyIO           MODE: 2nd degree decls took 0 
411966     INFO  Test worker     d.u.i.k.n.KeyIO           Parsing took 0 ms 
411966     DEBUG Test worker     d.u.i.k.n.KeyIO           Load declarations of de.uka.ilkd.key.nparser.KeyAst$File:  <unknown>:1#1 
411966     INFO  Test worker     d.u.i.k.n.KeyIO           MODE: declarations took 0 ms 
411966     DEBUG Test worker     d.u.i.k.n.KeyIO           MODE: 2nd degree decls took 0 
411966     INFO  Test worker     d.u.i.k.n.KeyIO           Parsing took 0 ms 
411966     DEBUG Test worker     d.u.i.k.n.KeyIO           Load declarations of de.uka.ilkd.key.nparser.KeyAst$File:  <unknown>:1#1 
411966     INFO  Test worker     d.u.i.k.n.KeyIO           MODE: declarations took 0 ms 
411966     DEBUG Test worker     d.u.i.k.n.KeyIO           MODE: 2nd degree decls took 0 
415295     INFO  Test worker     d.u.i.k.n.KeyIO           Parsing took 0 ms 
415295     DEBUG Test worker     d.u.i.k.n.KeyIO           Load declarations of de.uka.ilkd.key.nparser.KeyAst$File:  <unknown>:1#1 
415295     INFO  Test worker     d.u.i.k.n.KeyIO           MODE: declarations took 0 ms 
415295     DEBUG Test worker     d.u.i.k.n.KeyIO           MODE: 2nd degree decls took 0 
415295     INFO  Test worker     d.u.i.k.n.KeyIO           Parsing took 0 ms 
415295     DEBUG Test worker     d.u.i.k.n.KeyIO           Load declarations of de.uka.ilkd.key.nparser.KeyAst$File:  <unknown>:1#1 
415295     INFO  Test worker     d.u.i.k.n.KeyIO           MODE: declarations took 0 ms 
415295     DEBUG Test worker     d.u.i.k.n.KeyIO           MODE: 2nd degree decls took 0 
415295     INFO  Test worker     d.u.i.k.n.KeyIO           Parsing took 0 ms 
415295     DEBUG Test worker     d.u.i.k.n.KeyIO           Load declarations of de.uka.ilkd.key.nparser.KeyAst$File:  <unknown>:1#1 
415295     INFO  Test worker     d.u.i.k.n.KeyIO           MODE: declarations took 0 ms 
415295     DEBUG Test worker     d.u.i.k.n.KeyIO           MODE: 2nd degree decls took 0 
415295     INFO  Test worker     d.u.i.k.n.KeyIO           Parsing took 0 ms 
415295     DEBUG Test worker     d.u.i.k.n.KeyIO           Load declarations of de.uka.ilkd.key.nparser.KeyAst$File:  <unknown>:1#1 
415295     INFO  Test worker     d.u.i.k.n.KeyIO           MODE: declarations took 0 ms 
415295     DEBUG Test worker     d.u.i.k.n.KeyIO           MODE: 2nd degree decls took 0 
415295     INFO  Test worker     d.u.i.k.n.KeyIO           Parsing took 0 ms 
415295     DEBUG Test worker     d.u.i.k.n.KeyIO           Load declarations of de.uka.ilkd.key.nparser.KeyAst$File:  <unknown>:1#1 
415295     INFO  Test worker     d.u.i.k.n.KeyIO           MODE: declarations took 0 ms 
415295     DEBUG Test worker     d.u.i.k.n.KeyIO           MODE: 2nd degree decls took 0 
418775     INFO  Test worker     d.u.i.k.n.KeyIO           Parsing took 0 ms 
418775     DEBUG Test worker     d.u.i.k.n.KeyIO           Load declarations of de.uka.ilkd.key.nparser.KeyAst$File:  <unknown>:1#1 
418775     INFO  Test worker     d.u.i.k.n.KeyIO           MODE: declarations took 0 ms 
418775     DEBUG Test worker     d.u.i.k.n.KeyIO           MODE: 2nd degree decls took 0 
418775     INFO  Test worker     d.u.i.k.n.KeyIO           Parsing took 0 ms 
418775     DEBUG Test worker     d.u.i.k.n.KeyIO           Load declarations of de.uka.ilkd.key.nparser.KeyAst$File:  <unknown>:1#1 
418775     INFO  Test worker     d.u.i.k.n.KeyIO           MODE: declarations took 0 ms 
418775     DEBUG Test worker     d.u.i.k.n.KeyIO           MODE: 2nd degree decls took 0 
418775     INFO  Test worker     d.u.i.k.n.KeyIO           Parsing took 0 ms 
418775     DEBUG Test worker     d.u.i.k.n.KeyIO           Load declarations of de.uka.ilkd.key.nparser.KeyAst$File:  <unknown>:1#1 
418775     INFO  Test worker     d.u.i.k.n.KeyIO           MODE: declarations took 0 ms 
418775     DEBUG Test worker     d.u.i.k.n.KeyIO           MODE: 2nd degree decls took 0 
418775     INFO  Test worker     d.u.i.k.n.KeyIO           Parsing took 0 ms 
418775     DEBUG Test worker     d.u.i.k.n.KeyIO           Load declarations of de.uka.ilkd.key.nparser.KeyAst$File:  <unknown>:1#1 
418775     INFO  Test worker     d.u.i.k.n.KeyIO           MODE: declarations took 0 ms 
418775     DEBUG Test worker     d.u.i.k.n.KeyIO           MODE: 2nd degree decls took 0 
418775     INFO  Test worker     d.u.i.k.n.KeyIO           Parsing took 0 ms 
418775     DEBUG Test worker     d.u.i.k.n.KeyIO           Load declarations of de.uka.ilkd.key.nparser.KeyAst$File:  <unknown>:1#1 
418775     INFO  Test worker     d.u.i.k.n.KeyIO           MODE: declarations took 0 ms 
418775     DEBUG Test worker     d.u.i.k.n.KeyIO           MODE: 2nd degree decls took 0 
422151     INFO  Test worker     d.u.i.k.n.KeyIO           Parsing took 0 ms 
422151     DEBUG Test worker     d.u.i.k.n.KeyIO           Load declarations of de.uka.ilkd.key.nparser.KeyAst$File:  <unknown>:1#1 
422151     INFO  Test worker     d.u.i.k.n.KeyIO           MODE: declarations took 0 ms 
422151     DEBUG Test worker     d.u.i.k.n.KeyIO           MODE: 2nd degree decls took 0 
422151     INFO  Test worker     d.u.i.k.n.KeyIO           Parsing took 0 ms 
422151     DEBUG Test worker     d.u.i.k.n.KeyIO           Load declarations of de.uka.ilkd.key.nparser.KeyAst$File:  <unknown>:1#1 
422151     INFO  Test worker     d.u.i.k.n.KeyIO           MODE: declarations took 0 ms 
422151     DEBUG Test worker     d.u.i.k.n.KeyIO           MODE: 2nd degree decls took 0 
422151     INFO  Test worker     d.u.i.k.n.KeyIO           Parsing took 0 ms 
422151     DEBUG Test worker     d.u.i.k.n.KeyIO           Load declarations of de.uka.ilkd.key.nparser.KeyAst$File:  <unknown>:1#1 
422151     INFO  Test worker     d.u.i.k.n.KeyIO           MODE: declarations took 0 ms 
422151     DEBUG Test worker     d.u.i.k.n.KeyIO           MODE: 2nd degree decls took 0 
422151     INFO  Test worker     d.u.i.k.n.KeyIO           Parsing took 0 ms 
422151     DEBUG Test worker     d.u.i.k.n.KeyIO           Load declarations of de.uka.ilkd.key.nparser.KeyAst$File:  <unknown>:1#1 
422151     INFO  Test worker     d.u.i.k.n.KeyIO           MODE: declarations took 0 ms 
422151     DEBUG Test worker     d.u.i.k.n.KeyIO           MODE: 2nd degree decls took 0 
422151     INFO  Test worker     d.u.i.k.n.KeyIO           Parsing took 0 ms 
422151     DEBUG Test worker     d.u.i.k.n.KeyIO           Load declarations of de.uka.ilkd.key.nparser.KeyAst$File:  <unknown>:1#1 
422151     INFO  Test worker     d.u.i.k.n.KeyIO           MODE: declarations took 0 ms 
422151     DEBUG Test worker     d.u.i.k.n.KeyIO           MODE: 2nd degree decls took 0 
425584     INFO  Test worker     d.u.i.k.n.KeyIO           Parsing took 0 ms 
425584     DEBUG Test worker     d.u.i.k.n.KeyIO           Load declarations of de.uka.ilkd.key.nparser.KeyAst$File:  <unknown>:1#1 
425584     INFO  Test worker     d.u.i.k.n.KeyIO           MODE: declarations took 0 ms 
425584     DEBUG Test worker     d.u.i.k.n.KeyIO           MODE: 2nd degree decls took 0 
425584     INFO  Test worker     d.u.i.k.n.KeyIO           Parsing took 0 ms 
425584     DEBUG Test worker     d.u.i.k.n.KeyIO           Load declarations of de.uka.ilkd.key.nparser.KeyAst$File:  <unknown>:1#1 
425584     INFO  Test worker     d.u.i.k.n.KeyIO           MODE: declarations took 0 ms 
425584     DEBUG Test worker     d.u.i.k.n.KeyIO           MODE: 2nd degree decls took 0 
425584     INFO  Test worker     d.u.i.k.n.KeyIO           Parsing took 0 ms 
425584     DEBUG Test worker     d.u.i.k.n.KeyIO           Load declarations of de.uka.ilkd.key.nparser.KeyAst$File:  <unknown>:1#1 
425584     INFO  Test worker     d.u.i.k.n.KeyIO           MODE: declarations took 0 ms 
425584     DEBUG Test worker     d.u.i.k.n.KeyIO           MODE: 2nd degree decls took 0 
425584     INFO  Test worker     d.u.i.k.n.KeyIO           Parsing took 0 ms 
425584     DEBUG Test worker     d.u.i.k.n.KeyIO           Load declarations of de.uka.ilkd.key.nparser.KeyAst$File:  <unknown>:1#1 
425600     INFO  Test worker     d.u.i.k.n.KeyIO           MODE: declarations took 16 ms 
425600     DEBUG Test worker     d.u.i.k.n.KeyIO           MODE: 2nd degree decls took 0 
425600     INFO  Test worker     d.u.i.k.n.KeyIO           Parsing took 0 ms 
425600     DEBUG Test worker     d.u.i.k.n.KeyIO           Load declarations of de.uka.ilkd.key.nparser.KeyAst$File:  <unknown>:1#1 
425600     INFO  Test worker     d.u.i.k.n.KeyIO           MODE: declarations took 0 ms 
425600     DEBUG Test worker     d.u.i.k.n.KeyIO           MODE: 2nd degree decls took 0 
428922     INFO  Test worker     d.u.i.k.n.KeyIO           Parsing took 0 ms 
428922     DEBUG Test worker     d.u.i.k.n.KeyIO           Load declarations of de.uka.ilkd.key.nparser.KeyAst$File:  <unknown>:1#1 
428922     INFO  Test worker     d.u.i.k.n.KeyIO           MODE: declarations took 0 ms 
428922     DEBUG Test worker     d.u.i.k.n.KeyIO           MODE: 2nd degree decls took 0 
428922     INFO  Test worker     d.u.i.k.n.KeyIO           Parsing took 0 ms 
428922     DEBUG Test worker     d.u.i.k.n.KeyIO           Load declarations of de.uka.ilkd.key.nparser.KeyAst$File:  <unknown>:1#1 
428922     INFO  Test worker     d.u.i.k.n.KeyIO           MODE: declarations took 0 ms 
428922     DEBUG Test worker     d.u.i.k.n.KeyIO           MODE: 2nd degree decls took 0 
428922     INFO  Test worker     d.u.i.k.n.KeyIO           Parsing took 0 ms 
428922     DEBUG Test worker     d.u.i.k.n.KeyIO           Load declarations of de.uka.ilkd.key.nparser.KeyAst$File:  <unknown>:1#1 
428922     INFO  Test worker     d.u.i.k.n.KeyIO           MODE: declarations took 0 ms 
428922     DEBUG Test worker     d.u.i.k.n.KeyIO           MODE: 2nd degree decls took 0 
428937     INFO  Test worker     d.u.i.k.n.KeyIO           Parsing took 15 ms 
428937     DEBUG Test worker     d.u.i.k.n.KeyIO           Load declarations of de.uka.ilkd.key.nparser.KeyAst$File:  <unknown>:1#1 
428937     INFO  Test worker     d.u.i.k.n.KeyIO           MODE: declarations took 0 ms 
428937     DEBUG Test worker     d.u.i.k.n.KeyIO           MODE: 2nd degree decls took 0 
428937     INFO  Test worker     d.u.i.k.n.KeyIO           Parsing took 0 ms 
428937     DEBUG Test worker     d.u.i.k.n.KeyIO           Load declarations of de.uka.ilkd.key.nparser.KeyAst$File:  <unknown>:1#1 
428937     INFO  Test worker     d.u.i.k.n.KeyIO           MODE: declarations took 0 ms 
428937     DEBUG Test worker     d.u.i.k.n.KeyIO           MODE: 2nd degree decls took 0 
432194     INFO  Test worker     d.u.i.k.n.KeyIO           Parsing took 0 ms 
432194     DEBUG Test worker     d.u.i.k.n.KeyIO           Load declarations of de.uka.ilkd.key.nparser.KeyAst$File:  <unknown>:1#1 
432194     INFO  Test worker     d.u.i.k.n.KeyIO           MODE: declarations took 0 ms 
432194     DEBUG Test worker     d.u.i.k.n.KeyIO           MODE: 2nd degree decls took 0 
432194     INFO  Test worker     d.u.i.k.n.KeyIO           Parsing took 0 ms 
432194     DEBUG Test worker     d.u.i.k.n.KeyIO           Load declarations of de.uka.ilkd.key.nparser.KeyAst$File:  <unknown>:1#1 
432194     INFO  Test worker     d.u.i.k.n.KeyIO           MODE: declarations took 0 ms 
432194     DEBUG Test worker     d.u.i.k.n.KeyIO           MODE: 2nd degree decls took 0 
432194     INFO  Test worker     d.u.i.k.n.KeyIO           Parsing took 0 ms 
432194     DEBUG Test worker     d.u.i.k.n.KeyIO           Load declarations of de.uka.ilkd.key.nparser.KeyAst$File:  <unknown>:1#1 
432194     INFO  Test worker     d.u.i.k.n.KeyIO           MODE: declarations took 0 ms 
432194     DEBUG Test worker     d.u.i.k.n.KeyIO           MODE: 2nd degree decls took 0 
432194     INFO  Test worker     d.u.i.k.n.KeyIO           Parsing took 0 ms 
432194     DEBUG Test worker     d.u.i.k.n.KeyIO           Load declarations of de.uka.ilkd.key.nparser.KeyAst$File:  <unknown>:1#1 
432194     INFO  Test worker     d.u.i.k.n.KeyIO           MODE: declarations took 0 ms 
432194     DEBUG Test worker     d.u.i.k.n.KeyIO           MODE: 2nd degree decls took 0 
432194     INFO  Test worker     d.u.i.k.n.KeyIO           Parsing took 0 ms 
432194     DEBUG Test worker     d.u.i.k.n.KeyIO           Load declarations of de.uka.ilkd.key.nparser.KeyAst$File:  <unknown>:1#1 
432194     INFO  Test worker     d.u.i.k.n.KeyIO           MODE: declarations took 0 ms 
432194     DEBUG Test worker     d.u.i.k.n.KeyIO           MODE: 2nd degree decls took 0 
435593     INFO  Test worker     d.u.i.k.n.KeyIO           Parsing took 0 ms 
435593     DEBUG Test worker     d.u.i.k.n.KeyIO           Load declarations of de.uka.ilkd.key.nparser.KeyAst$File:  <unknown>:1#1 
435593     INFO  Test worker     d.u.i.k.n.KeyIO           MODE: declarations took 0 ms 
435593     DEBUG Test worker     d.u.i.k.n.KeyIO           MODE: 2nd degree decls took 0 
435593     INFO  Test worker     d.u.i.k.n.KeyIO           Parsing took 0 ms 
435593     DEBUG Test worker     d.u.i.k.n.KeyIO           Load declarations of de.uka.ilkd.key.nparser.KeyAst$File:  <unknown>:1#1 
435593     INFO  Test worker     d.u.i.k.n.KeyIO           MODE: declarations took 0 ms 
435593     DEBUG Test worker     d.u.i.k.n.KeyIO           MODE: 2nd degree decls took 0 
435593     INFO  Test worker     d.u.i.k.n.KeyIO           Parsing took 0 ms 
435593     DEBUG Test worker     d.u.i.k.n.KeyIO           Load declarations of de.uka.ilkd.key.nparser.KeyAst$File:  <unknown>:1#1 
435593     INFO  Test worker     d.u.i.k.n.KeyIO           MODE: declarations took 0 ms 
435593     DEBUG Test worker     d.u.i.k.n.KeyIO           MODE: 2nd degree decls took 0 
435593     INFO  Test worker     d.u.i.k.n.KeyIO           Parsing took 0 ms 
435593     DEBUG Test worker     d.u.i.k.n.KeyIO           Load declarations of de.uka.ilkd.key.nparser.KeyAst$File:  <unknown>:1#1 
435593     INFO  Test worker     d.u.i.k.n.KeyIO           MODE: declarations took 0 ms 
435593     DEBUG Test worker     d.u.i.k.n.KeyIO           MODE: 2nd degree decls took 0 
435593     INFO  Test worker     d.u.i.k.n.KeyIO           Parsing took 0 ms 
435593     DEBUG Test worker     d.u.i.k.n.KeyIO           Load declarations of de.uka.ilkd.key.nparser.KeyAst$File:  <unknown>:1#1 
435593     INFO  Test worker     d.u.i.k.n.KeyIO           MODE: declarations took 0 ms 
435593     DEBUG Test worker     d.u.i.k.n.KeyIO           MODE: 2nd degree decls took 0 
438907     INFO  Test worker     d.u.i.k.n.KeyIO           Parsing took 0 ms 
438907     DEBUG Test worker     d.u.i.k.n.KeyIO           Load declarations of de.uka.ilkd.key.nparser.KeyAst$File:  <unknown>:1#1 
438907     INFO  Test worker     d.u.i.k.n.KeyIO           MODE: declarations took 0 ms 
438907     DEBUG Test worker     d.u.i.k.n.KeyIO           MODE: 2nd degree decls took 0 
438907     INFO  Test worker     d.u.i.k.n.KeyIO           Parsing took 0 ms 
438907     DEBUG Test worker     d.u.i.k.n.KeyIO           Load declarations of de.uka.ilkd.key.nparser.KeyAst$File:  <unknown>:1#1 
438907     INFO  Test worker     d.u.i.k.n.KeyIO           MODE: declarations took 0 ms 
438907     DEBUG Test worker     d.u.i.k.n.KeyIO           MODE: 2nd degree decls took 0 
438907     INFO  Test worker     d.u.i.k.n.KeyIO           Parsing took 0 ms 
438907     DEBUG Test worker     d.u.i.k.n.KeyIO           Load declarations of de.uka.ilkd.key.nparser.KeyAst$File:  <unknown>:1#1 
438907     INFO  Test worker     d.u.i.k.n.KeyIO           MODE: declarations took 0 ms 
438907     DEBUG Test worker     d.u.i.k.n.KeyIO           MODE: 2nd degree decls took 0 
438907     INFO  Test worker     d.u.i.k.n.KeyIO           Parsing took 0 ms 
438907     DEBUG Test worker     d.u.i.k.n.KeyIO           Load declarations of de.uka.ilkd.key.nparser.KeyAst$File:  <unknown>:1#1 
438907     INFO  Test worker     d.u.i.k.n.KeyIO           MODE: declarations took 0 ms 
438907     DEBUG Test worker     d.u.i.k.n.KeyIO           MODE: 2nd degree decls took 0 
438907     INFO  Test worker     d.u.i.k.n.KeyIO           Parsing took 0 ms 
438907     DEBUG Test worker     d.u.i.k.n.KeyIO           Load declarations of de.uka.ilkd.key.nparser.KeyAst$File:  <unknown>:1#1 
438907     INFO  Test worker     d.u.i.k.n.KeyIO           MODE: declarations took 0 ms 
438907     DEBUG Test worker     d.u.i.k.n.KeyIO           MODE: 2nd degree decls took 0 
442212     INFO  Test worker     d.u.i.k.n.KeyIO           Parsing took 0 ms 
442212     DEBUG Test worker     d.u.i.k.n.KeyIO           Load declarations of de.uka.ilkd.key.nparser.KeyAst$File:  <unknown>:1#1 
442212     INFO  Test worker     d.u.i.k.n.KeyIO           MODE: declarations took 0 ms 
442212     DEBUG Test worker     d.u.i.k.n.KeyIO           MODE: 2nd degree decls took 0 
442212     INFO  Test worker     d.u.i.k.n.KeyIO           Parsing took 0 ms 
442212     DEBUG Test worker     d.u.i.k.n.KeyIO           Load declarations of de.uka.ilkd.key.nparser.KeyAst$File:  <unknown>:1#1 
442212     INFO  Test worker     d.u.i.k.n.KeyIO           MODE: declarations took 0 ms 
442212     DEBUG Test worker     d.u.i.k.n.KeyIO           MODE: 2nd degree decls took 0 
442212     INFO  Test worker     d.u.i.k.n.KeyIO           Parsing took 0 ms 
442212     DEBUG Test worker     d.u.i.k.n.KeyIO           Load declarations of de.uka.ilkd.key.nparser.KeyAst$File:  <unknown>:1#1 
442212     INFO  Test worker     d.u.i.k.n.KeyIO           MODE: declarations took 0 ms 
442212     DEBUG Test worker     d.u.i.k.n.KeyIO           MODE: 2nd degree decls took 0 
442212     INFO  Test worker     d.u.i.k.n.KeyIO           Parsing took 0 ms 
442212     DEBUG Test worker     d.u.i.k.n.KeyIO           Load declarations of de.uka.ilkd.key.nparser.KeyAst$File:  <unknown>:1#1 
442212     INFO  Test worker     d.u.i.k.n.KeyIO           MODE: declarations took 0 ms 
442212     DEBUG Test worker     d.u.i.k.n.KeyIO           MODE: 2nd degree decls took 0 
442212     INFO  Test worker     d.u.i.k.n.KeyIO           Parsing took 0 ms 
442212     DEBUG Test worker     d.u.i.k.n.KeyIO           Load declarations of de.uka.ilkd.key.nparser.KeyAst$File:  <unknown>:1#1 
442212     INFO  Test worker     d.u.i.k.n.KeyIO           MODE: declarations took 0 ms 
442212     DEBUG Test worker     d.u.i.k.n.KeyIO           MODE: 2nd degree decls took 0 
445595     INFO  Test worker     d.u.i.k.n.KeyIO           Parsing took 0 ms 
445595     DEBUG Test worker     d.u.i.k.n.KeyIO           Load declarations of de.uka.ilkd.key.nparser.KeyAst$File:  <unknown>:1#1 
445595     INFO  Test worker     d.u.i.k.n.KeyIO           MODE: declarations took 0 ms 
445595     DEBUG Test worker     d.u.i.k.n.KeyIO           MODE: 2nd degree decls took 0 
445595     INFO  Test worker     d.u.i.k.n.KeyIO           Parsing took 0 ms 
445595     DEBUG Test worker     d.u.i.k.n.KeyIO           Load declarations of de.uka.ilkd.key.nparser.KeyAst$File:  <unknown>:1#1 
445595     INFO  Test worker     d.u.i.k.n.KeyIO           MODE: declarations took 0 ms 
445595     DEBUG Test worker     d.u.i.k.n.KeyIO           MODE: 2nd degree decls took 0 
445595     INFO  Test worker     d.u.i.k.n.KeyIO           Parsing took 0 ms 
445595     DEBUG Test worker     d.u.i.k.n.KeyIO           Load declarations of de.uka.ilkd.key.nparser.KeyAst$File:  <unknown>:1#1 
445595     INFO  Test worker     d.u.i.k.n.KeyIO           MODE: declarations took 0 ms 
445595     DEBUG Test worker     d.u.i.k.n.KeyIO           MODE: 2nd degree decls took 0 
445595     INFO  Test worker     d.u.i.k.n.KeyIO           Parsing took 0 ms 
445595     DEBUG Test worker     d.u.i.k.n.KeyIO           Load declarations of de.uka.ilkd.key.nparser.KeyAst$File:  <unknown>:1#1 
445595     INFO  Test worker     d.u.i.k.n.KeyIO           MODE: declarations took 0 ms 
445595     DEBUG Test worker     d.u.i.k.n.KeyIO           MODE: 2nd degree decls took 0 
445595     INFO  Test worker     d.u.i.k.n.KeyIO           Parsing took 0 ms 
445595     DEBUG Test worker     d.u.i.k.n.KeyIO           Load declarations of de.uka.ilkd.key.nparser.KeyAst$File:  <unknown>:1#1 
445595     INFO  Test worker     d.u.i.k.n.KeyIO           MODE: declarations took 0 ms 
445595     DEBUG Test worker     d.u.i.k.n.KeyIO           MODE: 2nd degree decls took 0 
448961     INFO  Test worker     d.u.i.k.n.KeyIO           Parsing took 0 ms 
448961     DEBUG Test worker     d.u.i.k.n.KeyIO           Load declarations of de.uka.ilkd.key.nparser.KeyAst$File:  <unknown>:1#1 
448961     INFO  Test worker     d.u.i.k.n.KeyIO           MODE: declarations took 0 ms 
448961     DEBUG Test worker     d.u.i.k.n.KeyIO           MODE: 2nd degree decls took 0 
448961     INFO  Test worker     d.u.i.k.n.KeyIO           Parsing took 0 ms 
448961     DEBUG Test worker     d.u.i.k.n.KeyIO           Load declarations of de.uka.ilkd.key.nparser.KeyAst$File:  <unknown>:1#1 
448961     INFO  Test worker     d.u.i.k.n.KeyIO           MODE: declarations took 0 ms 
448961     DEBUG Test worker     d.u.i.k.n.KeyIO           MODE: 2nd degree decls took 0 
448961     INFO  Test worker     d.u.i.k.n.KeyIO           Parsing took 0 ms 
448961     DEBUG Test worker     d.u.i.k.n.KeyIO           Load declarations of de.uka.ilkd.key.nparser.KeyAst$File:  <unknown>:1#1 
448961     INFO  Test worker     d.u.i.k.n.KeyIO           MODE: declarations took 0 ms 
448961     DEBUG Test worker     d.u.i.k.n.KeyIO           MODE: 2nd degree decls took 0 
448961     INFO  Test worker     d.u.i.k.n.KeyIO           Parsing took 0 ms 
448961     DEBUG Test worker     d.u.i.k.n.KeyIO           Load declarations of de.uka.ilkd.key.nparser.KeyAst$File:  <unknown>:1#1 
448961     INFO  Test worker     d.u.i.k.n.KeyIO           MODE: declarations took 0 ms 
448961     DEBUG Test worker     d.u.i.k.n.KeyIO           MODE: 2nd degree decls took 0 
448961     INFO  Test worker     d.u.i.k.n.KeyIO           Parsing took 0 ms 
448961     DEBUG Test worker     d.u.i.k.n.KeyIO           Load declarations of de.uka.ilkd.key.nparser.KeyAst$File:  <unknown>:1#1 
448961     INFO  Test worker     d.u.i.k.n.KeyIO           MODE: declarations took 0 ms 
448961     DEBUG Test worker     d.u.i.k.n.KeyIO           MODE: 2nd degree decls took 0 
452450     INFO  Test worker     d.u.i.k.n.KeyIO           Parsing took 0 ms 
452450     DEBUG Test worker     d.u.i.k.n.KeyIO           Load declarations of de.uka.ilkd.key.nparser.KeyAst$File:  <unknown>:1#1 
452450     INFO  Test worker     d.u.i.k.n.KeyIO           MODE: declarations took 0 ms 
452450     DEBUG Test worker     d.u.i.k.n.KeyIO           MODE: 2nd degree decls took 0 
452450     INFO  Test worker     d.u.i.k.n.KeyIO           Parsing took 0 ms 
452450     DEBUG Test worker     d.u.i.k.n.KeyIO           Load declarations of de.uka.ilkd.key.nparser.KeyAst$File:  <unknown>:1#1 
452450     INFO  Test worker     d.u.i.k.n.KeyIO           MODE: declarations took 0 ms 
452450     DEBUG Test worker     d.u.i.k.n.KeyIO           MODE: 2nd degree decls took 0 
452450     INFO  Test worker     d.u.i.k.n.KeyIO           Parsing took 0 ms 
452450     DEBUG Test worker     d.u.i.k.n.KeyIO           Load declarations of de.uka.ilkd.key.nparser.KeyAst$File:  <unknown>:1#1 
452450     INFO  Test worker     d.u.i.k.n.KeyIO           MODE: declarations took 0 ms 
452450     DEBUG Test worker     d.u.i.k.n.KeyIO           MODE: 2nd degree decls took 0 
452450     INFO  Test worker     d.u.i.k.n.KeyIO           Parsing took 0 ms 
452450     DEBUG Test worker     d.u.i.k.n.KeyIO           Load declarations of de.uka.ilkd.key.nparser.KeyAst$File:  <unknown>:1#1 
452450     INFO  Test worker     d.u.i.k.n.KeyIO           MODE: declarations took 0 ms 
452450     DEBUG Test worker     d.u.i.k.n.KeyIO           MODE: 2nd degree decls took 0 
452450     INFO  Test worker     d.u.i.k.n.KeyIO           Parsing took 0 ms 
452450     DEBUG Test worker     d.u.i.k.n.KeyIO           Load declarations of de.uka.ilkd.key.nparser.KeyAst$File:  <unknown>:1#1 
452450     INFO  Test worker     d.u.i.k.n.KeyIO           MODE: declarations took 0 ms 
452450     DEBUG Test worker     d.u.i.k.n.KeyIO           MODE: 2nd degree decls took 0 
455881     INFO  Test worker     d.u.i.k.n.KeyIO           Parsing took 0 ms 
455897     DEBUG Test worker     d.u.i.k.n.KeyIO           Load declarations of de.uka.ilkd.key.nparser.KeyAst$File:  <unknown>:1#1 
455897     INFO  Test worker     d.u.i.k.n.KeyIO           MODE: declarations took 0 ms 
455897     DEBUG Test worker     d.u.i.k.n.KeyIO           MODE: 2nd degree decls took 0 
455897     INFO  Test worker     d.u.i.k.n.KeyIO           Parsing took 0 ms 
455897     DEBUG Test worker     d.u.i.k.n.KeyIO           Load declarations of de.uka.ilkd.key.nparser.KeyAst$File:  <unknown>:1#1 
455897     INFO  Test worker     d.u.i.k.n.KeyIO           MODE: declarations took 0 ms 
455897     DEBUG Test worker     d.u.i.k.n.KeyIO           MODE: 2nd degree decls took 0 
455897     INFO  Test worker     d.u.i.k.n.KeyIO           Parsing took 0 ms 
455897     DEBUG Test worker     d.u.i.k.n.KeyIO           Load declarations of de.uka.ilkd.key.nparser.KeyAst$File:  <unknown>:1#1 
455897     INFO  Test worker     d.u.i.k.n.KeyIO           MODE: declarations took 0 ms 
455897     DEBUG Test worker     d.u.i.k.n.KeyIO           MODE: 2nd degree decls took 0 
455897     INFO  Test worker     d.u.i.k.n.KeyIO           Parsing took 0 ms 
455897     DEBUG Test worker     d.u.i.k.n.KeyIO           Load declarations of de.uka.ilkd.key.nparser.KeyAst$File:  <unknown>:1#1 
455897     INFO  Test worker     d.u.i.k.n.KeyIO           MODE: declarations took 0 ms 
455897     DEBUG Test worker     d.u.i.k.n.KeyIO           MODE: 2nd degree decls took 0 
455897     INFO  Test worker     d.u.i.k.n.KeyIO           Parsing took 0 ms 
455897     DEBUG Test worker     d.u.i.k.n.KeyIO           Load declarations of de.uka.ilkd.key.nparser.KeyAst$File:  <unknown>:1#1 
455897     INFO  Test worker     d.u.i.k.n.KeyIO           MODE: declarations took 0 ms 
455897     DEBUG Test worker     d.u.i.k.n.KeyIO           MODE: 2nd degree decls took 0 
459277     INFO  Test worker     d.u.i.k.n.KeyIO           Parsing took 0 ms 
459277     DEBUG Test worker     d.u.i.k.n.KeyIO           Load declarations of de.uka.ilkd.key.nparser.KeyAst$File:  <unknown>:1#1 
459277     INFO  Test worker     d.u.i.k.n.KeyIO           MODE: declarations took 0 ms 
459277     DEBUG Test worker     d.u.i.k.n.KeyIO           MODE: 2nd degree decls took 0 
459277     INFO  Test worker     d.u.i.k.n.KeyIO           Parsing took 0 ms 
459277     DEBUG Test worker     d.u.i.k.n.KeyIO           Load declarations of de.uka.ilkd.key.nparser.KeyAst$File:  <unknown>:1#1 
459277     INFO  Test worker     d.u.i.k.n.KeyIO           MODE: declarations took 0 ms 
459277     DEBUG Test worker     d.u.i.k.n.KeyIO           MODE: 2nd degree decls took 0 
459277     INFO  Test worker     d.u.i.k.n.KeyIO           Parsing took 0 ms 
459277     DEBUG Test worker     d.u.i.k.n.KeyIO           Load declarations of de.uka.ilkd.key.nparser.KeyAst$File:  <unknown>:1#1 
459277     INFO  Test worker     d.u.i.k.n.KeyIO           MODE: declarations took 0 ms 
459277     DEBUG Test worker     d.u.i.k.n.KeyIO           MODE: 2nd degree decls took 0 
459293     INFO  Test worker     d.u.i.k.n.KeyIO           Parsing took 16 ms 
459293     DEBUG Test worker     d.u.i.k.n.KeyIO           Load declarations of de.uka.ilkd.key.nparser.KeyAst$File:  <unknown>:1#1 
459293     INFO  Test worker     d.u.i.k.n.KeyIO           MODE: declarations took 0 ms 
459293     DEBUG Test worker     d.u.i.k.n.KeyIO           MODE: 2nd degree decls took 0 
459293     INFO  Test worker     d.u.i.k.n.KeyIO           Parsing took 0 ms 
459293     DEBUG Test worker     d.u.i.k.n.KeyIO           Load declarations of de.uka.ilkd.key.nparser.KeyAst$File:  <unknown>:1#1 
459293     INFO  Test worker     d.u.i.k.n.KeyIO           MODE: declarations took 0 ms 
459293     DEBUG Test worker     d.u.i.k.n.KeyIO           MODE: 2nd degree decls took 0 
462672     INFO  Test worker     d.u.i.k.n.KeyIO           Parsing took 0 ms 
462672     DEBUG Test worker     d.u.i.k.n.KeyIO           Load declarations of de.uka.ilkd.key.nparser.KeyAst$File:  <unknown>:1#1 
462672     INFO  Test worker     d.u.i.k.n.KeyIO           MODE: declarations took 0 ms 
462672     DEBUG Test worker     d.u.i.k.n.KeyIO           MODE: 2nd degree decls took 0 
462672     INFO  Test worker     d.u.i.k.n.KeyIO           Parsing took 0 ms 
462672     DEBUG Test worker     d.u.i.k.n.KeyIO           Load declarations of de.uka.ilkd.key.nparser.KeyAst$File:  <unknown>:1#1 
462672     INFO  Test worker     d.u.i.k.n.KeyIO           MODE: declarations took 0 ms 
462672     DEBUG Test worker     d.u.i.k.n.KeyIO           MODE: 2nd degree decls took 0 
462672     INFO  Test worker     d.u.i.k.n.KeyIO           Parsing took 0 ms 
462672     DEBUG Test worker     d.u.i.k.n.KeyIO           Load declarations of de.uka.ilkd.key.nparser.KeyAst$File:  <unknown>:1#1 
462672     INFO  Test worker     d.u.i.k.n.KeyIO           MODE: declarations took 0 ms 
462672     DEBUG Test worker     d.u.i.k.n.KeyIO           MODE: 2nd degree decls took 0 
462672     INFO  Test worker     d.u.i.k.n.KeyIO           Parsing took 0 ms 
462672     DEBUG Test worker     d.u.i.k.n.KeyIO           Load declarations of de.uka.ilkd.key.nparser.KeyAst$File:  <unknown>:1#1 
462672     INFO  Test worker     d.u.i.k.n.KeyIO           MODE: declarations took 0 ms 
462672     DEBUG Test worker     d.u.i.k.n.KeyIO           MODE: 2nd degree decls took 0 
462672     INFO  Test worker     d.u.i.k.n.KeyIO           Parsing took 0 ms 
462672     DEBUG Test worker     d.u.i.k.n.KeyIO           Load declarations of de.uka.ilkd.key.nparser.KeyAst$File:  <unknown>:1#1 
462672     INFO  Test worker     d.u.i.k.n.KeyIO           MODE: declarations took 0 ms 
462672     DEBUG Test worker     d.u.i.k.n.KeyIO           MODE: 2nd degree decls took 0 
466109     INFO  Test worker     d.u.i.k.n.KeyIO           Parsing took 0 ms 
466109     DEBUG Test worker     d.u.i.k.n.KeyIO           Load declarations of de.uka.ilkd.key.nparser.KeyAst$File:  <unknown>:1#1 
466109     INFO  Test worker     d.u.i.k.n.KeyIO           MODE: declarations took 0 ms 
466109     DEBUG Test worker     d.u.i.k.n.KeyIO           MODE: 2nd degree decls took 0 
466109     INFO  Test worker     d.u.i.k.n.KeyIO           Parsing took 0 ms 
466109     DEBUG Test worker     d.u.i.k.n.KeyIO           Load declarations of de.uka.ilkd.key.nparser.KeyAst$File:  <unknown>:1#1 
466109     INFO  Test worker     d.u.i.k.n.KeyIO           MODE: declarations took 0 ms 
466109     DEBUG Test worker     d.u.i.k.n.KeyIO           MODE: 2nd degree decls took 0 
466109     INFO  Test worker     d.u.i.k.n.KeyIO           Parsing took 0 ms 
466109     DEBUG Test worker     d.u.i.k.n.KeyIO           Load declarations of de.uka.ilkd.key.nparser.KeyAst$File:  <unknown>:1#1 
466109     INFO  Test worker     d.u.i.k.n.KeyIO           MODE: declarations took 0 ms 
466109     DEBUG Test worker     d.u.i.k.n.KeyIO           MODE: 2nd degree decls took 0 
466109     INFO  Test worker     d.u.i.k.n.KeyIO           Parsing took 0 ms 
466109     DEBUG Test worker     d.u.i.k.n.KeyIO           Load declarations of de.uka.ilkd.key.nparser.KeyAst$File:  <unknown>:1#1 
466109     INFO  Test worker     d.u.i.k.n.KeyIO           MODE: declarations took 0 ms 
466109     DEBUG Test worker     d.u.i.k.n.KeyIO           MODE: 2nd degree decls took 0 
466109     INFO  Test worker     d.u.i.k.n.KeyIO           Parsing took 0 ms 
466109     DEBUG Test worker     d.u.i.k.n.KeyIO           Load declarations of de.uka.ilkd.key.nparser.KeyAst$File:  <unknown>:1#1 
466109     INFO  Test worker     d.u.i.k.n.KeyIO           MODE: declarations took 0 ms 
466109     DEBUG Test worker     d.u.i.k.n.KeyIO           MODE: 2nd degree decls took 0 
469486     INFO  Test worker     d.u.i.k.n.KeyIO           Parsing took 0 ms 
469486     DEBUG Test worker     d.u.i.k.n.KeyIO           Load declarations of de.uka.ilkd.key.nparser.KeyAst$File:  <unknown>:1#1 
469486     INFO  Test worker     d.u.i.k.n.KeyIO           MODE: declarations took 0 ms 
469486     DEBUG Test worker     d.u.i.k.n.KeyIO           MODE: 2nd degree decls took 0 
469486     INFO  Test worker     d.u.i.k.n.KeyIO           Parsing took 0 ms 
469486     DEBUG Test worker     d.u.i.k.n.KeyIO           Load declarations of de.uka.ilkd.key.nparser.KeyAst$File:  <unknown>:1#1 
469486     INFO  Test worker     d.u.i.k.n.KeyIO           MODE: declarations took 0 ms 
469486     DEBUG Test worker     d.u.i.k.n.KeyIO           MODE: 2nd degree decls took 0 
469486     INFO  Test worker     d.u.i.k.n.KeyIO           Parsing took 0 ms 
469486     DEBUG Test worker     d.u.i.k.n.KeyIO           Load declarations of de.uka.ilkd.key.nparser.KeyAst$File:  <unknown>:1#1 
469486     INFO  Test worker     d.u.i.k.n.KeyIO           MODE: declarations took 0 ms 
469486     DEBUG Test worker     d.u.i.k.n.KeyIO           MODE: 2nd degree decls took 0 
469486     INFO  Test worker     d.u.i.k.n.KeyIO           Parsing took 0 ms 
469486     DEBUG Test worker     d.u.i.k.n.KeyIO           Load declarations of de.uka.ilkd.key.nparser.KeyAst$File:  <unknown>:1#1 
469486     INFO  Test worker     d.u.i.k.n.KeyIO           MODE: declarations took 0 ms 
469486     DEBUG Test worker     d.u.i.k.n.KeyIO           MODE: 2nd degree decls took 0 
469486     INFO  Test worker     d.u.i.k.n.KeyIO           Parsing took 0 ms 
469486     DEBUG Test worker     d.u.i.k.n.KeyIO           Load declarations of de.uka.ilkd.key.nparser.KeyAst$File:  <unknown>:1#1 
469486     INFO  Test worker     d.u.i.k.n.KeyIO           MODE: declarations took 0 ms 
469486     DEBUG Test worker     d.u.i.k.n.KeyIO           MODE: 2nd degree decls took 0 
472795     INFO  Test worker     d.u.i.k.n.KeyIO           Parsing took 0 ms 
472795     DEBUG Test worker     d.u.i.k.n.KeyIO           Load declarations of de.uka.ilkd.key.nparser.KeyAst$File:  <unknown>:1#1 
472795     INFO  Test worker     d.u.i.k.n.KeyIO           MODE: declarations took 0 ms 
472795     DEBUG Test worker     d.u.i.k.n.KeyIO           MODE: 2nd degree decls took 0 
472795     INFO  Test worker     d.u.i.k.n.KeyIO           Parsing took 0 ms 
472795     DEBUG Test worker     d.u.i.k.n.KeyIO           Load declarations of de.uka.ilkd.key.nparser.KeyAst$File:  <unknown>:1#1 
472795     INFO  Test worker     d.u.i.k.n.KeyIO           MODE: declarations took 0 ms 
472795     DEBUG Test worker     d.u.i.k.n.KeyIO           MODE: 2nd degree decls took 0 
472795     INFO  Test worker     d.u.i.k.n.KeyIO           Parsing took 0 ms 
472795     DEBUG Test worker     d.u.i.k.n.KeyIO           Load declarations of de.uka.ilkd.key.nparser.KeyAst$File:  <unknown>:1#1 
472795     INFO  Test worker     d.u.i.k.n.KeyIO           MODE: declarations took 0 ms 
472795     DEBUG Test worker     d.u.i.k.n.KeyIO           MODE: 2nd degree decls took 0 
472795     INFO  Test worker     d.u.i.k.n.KeyIO           Parsing took 0 ms 
472795     DEBUG Test worker     d.u.i.k.n.KeyIO           Load declarations of de.uka.ilkd.key.nparser.KeyAst$File:  <unknown>:1#1 
472795     INFO  Test worker     d.u.i.k.n.KeyIO           MODE: declarations took 0 ms 
472795     DEBUG Test worker     d.u.i.k.n.KeyIO           MODE: 2nd degree decls took 0 
472795     INFO  Test worker     d.u.i.k.n.KeyIO           Parsing took 0 ms 
472795     DEBUG Test worker     d.u.i.k.n.KeyIO           Load declarations of de.uka.ilkd.key.nparser.KeyAst$File:  <unknown>:1#1 
472795     INFO  Test worker     d.u.i.k.n.KeyIO           MODE: declarations took 0 ms 
472795     DEBUG Test worker     d.u.i.k.n.KeyIO           MODE: 2nd degree decls took 0 
476146     INFO  Test worker     d.u.i.k.n.KeyIO           Parsing took 0 ms 
476146     DEBUG Test worker     d.u.i.k.n.KeyIO           Load declarations of de.uka.ilkd.key.nparser.KeyAst$File:  <unknown>:1#1 
476146     INFO  Test worker     d.u.i.k.n.KeyIO           MODE: declarations took 0 ms 
476146     DEBUG Test worker     d.u.i.k.n.KeyIO           MODE: 2nd degree decls took 0 
476146     INFO  Test worker     d.u.i.k.n.KeyIO           Parsing took 0 ms 
476146     DEBUG Test worker     d.u.i.k.n.KeyIO           Load declarations of de.uka.ilkd.key.nparser.KeyAst$File:  <unknown>:1#1 
476146     INFO  Test worker     d.u.i.k.n.KeyIO           MODE: declarations took 0 ms 
476146     DEBUG Test worker     d.u.i.k.n.KeyIO           MODE: 2nd degree decls took 0 
476146     INFO  Test worker     d.u.i.k.n.KeyIO           Parsing took 0 ms 
476146     DEBUG Test worker     d.u.i.k.n.KeyIO           Load declarations of de.uka.ilkd.key.nparser.KeyAst$File:  <unknown>:1#1 
476146     INFO  Test worker     d.u.i.k.n.KeyIO           MODE: declarations took 0 ms 
476146     DEBUG Test worker     d.u.i.k.n.KeyIO           MODE: 2nd degree decls took 0 
476146     INFO  Test worker     d.u.i.k.n.KeyIO           Parsing took 0 ms 
476146     DEBUG Test worker     d.u.i.k.n.KeyIO           Load declarations of de.uka.ilkd.key.nparser.KeyAst$File:  <unknown>:1#1 
476146     INFO  Test worker     d.u.i.k.n.KeyIO           MODE: declarations took 0 ms 
476146     DEBUG Test worker     d.u.i.k.n.KeyIO           MODE: 2nd degree decls took 0 
476146     INFO  Test worker     d.u.i.k.n.KeyIO           Parsing took 0 ms 
476146     DEBUG Test worker     d.u.i.k.n.KeyIO           Load declarations of de.uka.ilkd.key.nparser.KeyAst$File:  <unknown>:1#1 
476146     INFO  Test worker     d.u.i.k.n.KeyIO           MODE: declarations took 0 ms 
476146     DEBUG Test worker     d.u.i.k.n.KeyIO           MODE: 2nd degree decls took 0 
479743     INFO  Test worker     d.u.i.k.n.KeyIO           Parsing took 0 ms 
479743     DEBUG Test worker     d.u.i.k.n.KeyIO           Load declarations of de.uka.ilkd.key.nparser.KeyAst$File:  <unknown>:1#1 
479743     INFO  Test worker     d.u.i.k.n.KeyIO           MODE: declarations took 0 ms 
479743     DEBUG Test worker     d.u.i.k.n.KeyIO           MODE: 2nd degree decls took 0 
479743     INFO  Test worker     d.u.i.k.n.KeyIO           Parsing took 0 ms 
479743     DEBUG Test worker     d.u.i.k.n.KeyIO           Load declarations of de.uka.ilkd.key.nparser.KeyAst$File:  <unknown>:1#1 
479743     INFO  Test worker     d.u.i.k.n.KeyIO           MODE: declarations took 0 ms 
479743     DEBUG Test worker     d.u.i.k.n.KeyIO           MODE: 2nd degree decls took 0 
479743     INFO  Test worker     d.u.i.k.n.KeyIO           Parsing took 0 ms 
479743     DEBUG Test worker     d.u.i.k.n.KeyIO           Load declarations of de.uka.ilkd.key.nparser.KeyAst$File:  <unknown>:1#1 
479743     INFO  Test worker     d.u.i.k.n.KeyIO           MODE: declarations took 0 ms 
479743     DEBUG Test worker     d.u.i.k.n.KeyIO           MODE: 2nd degree decls took 0 
479743     INFO  Test worker     d.u.i.k.n.KeyIO           Parsing took 0 ms 
479743     DEBUG Test worker     d.u.i.k.n.KeyIO           Load declarations of de.uka.ilkd.key.nparser.KeyAst$File:  <unknown>:1#1 
479743     INFO  Test worker     d.u.i.k.n.KeyIO           MODE: declarations took 0 ms 
479743     DEBUG Test worker     d.u.i.k.n.KeyIO           MODE: 2nd degree decls took 0 
479743     INFO  Test worker     d.u.i.k.n.KeyIO           Parsing took 0 ms 
479743     DEBUG Test worker     d.u.i.k.n.KeyIO           Load declarations of de.uka.ilkd.key.nparser.KeyAst$File:  <unknown>:1#1 
479743     INFO  Test worker     d.u.i.k.n.KeyIO           MODE: declarations took 0 ms 
479743     DEBUG Test worker     d.u.i.k.n.KeyIO           MODE: 2nd degree decls took 0 
483128     INFO  Test worker     d.u.i.k.n.KeyIO           Parsing took 0 ms 
483128     DEBUG Test worker     d.u.i.k.n.KeyIO           Load declarations of de.uka.ilkd.key.nparser.KeyAst$File:  <unknown>:1#1 
483128     INFO  Test worker     d.u.i.k.n.KeyIO           MODE: declarations took 0 ms 
483128     DEBUG Test worker     d.u.i.k.n.KeyIO           MODE: 2nd degree decls took 0 
483128     INFO  Test worker     d.u.i.k.n.KeyIO           Parsing took 0 ms 
483128     DEBUG Test worker     d.u.i.k.n.KeyIO           Load declarations of de.uka.ilkd.key.nparser.KeyAst$File:  <unknown>:1#1 
483128     INFO  Test worker     d.u.i.k.n.KeyIO           MODE: declarations took 0 ms 
483128     DEBUG Test worker     d.u.i.k.n.KeyIO           MODE: 2nd degree decls took 0 
483128     INFO  Test worker     d.u.i.k.n.KeyIO           Parsing took 0 ms 
483128     DEBUG Test worker     d.u.i.k.n.KeyIO           Load declarations of de.uka.ilkd.key.nparser.KeyAst$File:  <unknown>:1#1 
483128     INFO  Test worker     d.u.i.k.n.KeyIO           MODE: declarations took 0 ms 
483128     DEBUG Test worker     d.u.i.k.n.KeyIO           MODE: 2nd degree decls took 0 
483128     INFO  Test worker     d.u.i.k.n.KeyIO           Parsing took 0 ms 
483128     DEBUG Test worker     d.u.i.k.n.KeyIO           Load declarations of de.uka.ilkd.key.nparser.KeyAst$File:  <unknown>:1#1 
483128     INFO  Test worker     d.u.i.k.n.KeyIO           MODE: declarations took 0 ms 
483128     DEBUG Test worker     d.u.i.k.n.KeyIO           MODE: 2nd degree decls took 0 
483128     INFO  Test worker     d.u.i.k.n.KeyIO           Parsing took 0 ms 
483128     DEBUG Test worker     d.u.i.k.n.KeyIO           Load declarations of de.uka.ilkd.key.nparser.KeyAst$File:  <unknown>:1#1 
483128     INFO  Test worker     d.u.i.k.n.KeyIO           MODE: declarations took 0 ms 
483128     DEBUG Test worker     d.u.i.k.n.KeyIO           MODE: 2nd degree decls took 0 
]]></system-out>
  <system-err><![CDATA[]]></system-err>
</testsuite>
