<?xml version="1.0" encoding="UTF-8"?>
<testsuite name="de.uka.ilkd.key.parser.TestDeclParser" tests="14" skipped="2" failures="0" errors="0" timestamp="2023-05-30T16:46:34" hostname="fv-az319-950" time="12.555">
  <properties/>
  <testcase name="testGenericSortDecl1()" classname="de.uka.ilkd.key.parser.TestDeclParser" time="1.016"/>
  <testcase name="testGenericSortDecl2()" classname="de.uka.ilkd.key.parser.TestDeclParser" time="1.085"/>
  <testcase name="testGenericSortDecl3()" classname="de.uka.ilkd.key.parser.TestDeclParser" time="1.049"/>
  <testcase name="testGenericSortDecl4()" classname="de.uka.ilkd.key.parser.TestDeclParser" time="0.991"/>
  <testcase name="testGenericSortDecl5()" classname="de.uka.ilkd.key.parser.TestDeclParser" time="0.0">
    <skipped/>
  </testcase>
  <testcase name="testGenericSortDecl6()" classname="de.uka.ilkd.key.parser.TestDeclParser" time="1.08"/>
  <testcase name="testSortDecl()" classname="de.uka.ilkd.key.parser.TestDeclParser" time="1.054"/>
  <testcase name="testProxySortDecl()" classname="de.uka.ilkd.key.parser.TestDeclParser" time="1.09"/>
  <testcase name="testArrayDecl()" classname="de.uka.ilkd.key.parser.TestDeclParser" time="1.026"/>
  <testcase name="testAmbiguousDecls()" classname="de.uka.ilkd.key.parser.TestDeclParser" time="0.0">
    <skipped/>
  </testcase>
  <testcase name="testHeurDecl()" classname="de.uka.ilkd.key.parser.TestDeclParser" time="1.084"/>
  <testcase name="testFunctionDecl()" classname="de.uka.ilkd.key.parser.TestDeclParser" time="1.064"/>
  <testcase name="testPredicateDecl()" classname="de.uka.ilkd.key.parser.TestDeclParser" time="0.98"/>
  <testcase name="testSVDecl()" classname="de.uka.ilkd.key.parser.TestDeclParser" time="1.034"/>
  <system-out><![CDATA[246515     INFO  Test worker     d.u.i.k.n.KeyIO           Parsing took 0 ms 
246515     DEBUG Test worker     d.u.i.k.n.KeyIO           Load declarations of de.uka.ilkd.key.nparser.KeyAst$File:  <unknown>:1#1 
246531     INFO  Test worker     d.u.i.k.n.KeyIO           MODE: declarations took 16 ms 
246531     DEBUG Test worker     d.u.i.k.n.KeyIO           MODE: 2nd degree decls took 0 
246531     DEBUG Test worker     d.u.i.k.n.KeyIO           MODE: taclets took 0ms 
247617     INFO  Test worker     d.u.i.k.n.KeyIO           Parsing took 0 ms 
247617     DEBUG Test worker     d.u.i.k.n.KeyIO           Load declarations of de.uka.ilkd.key.nparser.KeyAst$File:  <unknown>:1#1 
247617     INFO  Test worker     d.u.i.k.n.KeyIO           MODE: declarations took 0 ms 
247617     DEBUG Test worker     d.u.i.k.n.KeyIO           MODE: 2nd degree decls took 0 
247617     DEBUG Test worker     d.u.i.k.n.KeyIO           MODE: taclets took 0ms 
248672     INFO  Test worker     d.u.i.k.n.KeyIO           Parsing took 0 ms 
248672     DEBUG Test worker     d.u.i.k.n.KeyIO           Load declarations of de.uka.ilkd.key.nparser.KeyAst$File:  <unknown>:1#1 
248672     INFO  Test worker     d.u.i.k.n.KeyIO           MODE: declarations took 0 ms 
248672     DEBUG Test worker     d.u.i.k.n.KeyIO           MODE: 2nd degree decls took 0 
248672     DEBUG Test worker     d.u.i.k.n.KeyIO           MODE: taclets took 0ms 
249657     INFO  Test worker     d.u.i.k.n.KeyIO           Parsing took 0 ms 
249657     DEBUG Test worker     d.u.i.k.n.KeyIO           Load declarations of de.uka.ilkd.key.nparser.KeyAst$File:  <unknown>:1#1 
249657     INFO  Test worker     d.u.i.k.n.KeyIO           MODE: declarations took 0 ms 
249657     DEBUG Test worker     d.u.i.k.n.KeyIO           MODE: 2nd degree decls took 0 
249657     DEBUG Test worker     d.u.i.k.n.KeyIO           MODE: taclets took 0ms 
250738     INFO  Test worker     d.u.i.k.n.KeyIO           Parsing took 0 ms 
250738     DEBUG Test worker     d.u.i.k.n.KeyIO           Load declarations of de.uka.ilkd.key.nparser.KeyAst$File:  <unknown>:1#1 
250738     INFO  Test worker     d.u.i.k.n.KeyIO           MODE: declarations took 0 ms 
250738     DEBUG Test worker     d.u.i.k.n.KeyIO           MODE: 2nd degree decls took 0 
250738     DEBUG Test worker     d.u.i.k.n.KeyIO           MODE: taclets took 0ms 
251798     INFO  Test worker     d.u.i.k.n.KeyIO           Parsing took 0 ms 
251798     DEBUG Test worker     d.u.i.k.n.KeyIO           Load declarations of de.uka.ilkd.key.nparser.KeyAst$File:  <unknown>:1#1 
251798     INFO  Test worker     d.u.i.k.n.KeyIO           MODE: declarations took 0 ms 
251798     DEBUG Test worker     d.u.i.k.n.KeyIO           MODE: 2nd degree decls took 0 
251798     DEBUG Test worker     d.u.i.k.n.KeyIO           MODE: taclets took 0ms 
252873     INFO  Test worker     d.u.i.k.n.KeyIO           Parsing took 0 ms 
252873     DEBUG Test worker     d.u.i.k.n.KeyIO           Load declarations of de.uka.ilkd.key.nparser.KeyAst$File:  <unknown>:1#1 
252888     INFO  Test worker     d.u.i.k.n.KeyIO           MODE: declarations took 15 ms 
252888     DEBUG Test worker     d.u.i.k.n.KeyIO           MODE: 2nd degree decls took 0 
252888     DEBUG Test worker     d.u.i.k.n.KeyIO           MODE: taclets took 0ms 
253909     INFO  Test worker     d.u.i.k.n.KeyIO           Parsing took 0 ms 
253909     DEBUG Test worker     d.u.i.k.n.KeyIO           Load declarations of de.uka.ilkd.key.nparser.KeyAst$File:  <unknown>:1#1 
253909     INFO  Test worker     d.u.i.k.n.KeyIO           MODE: declarations took 0 ms 
253909     DEBUG Test worker     d.u.i.k.n.KeyIO           MODE: 2nd degree decls took 0 
253909     DEBUG Test worker     d.u.i.k.n.KeyIO           MODE: taclets took 0ms 
254998     INFO  Test worker     d.u.i.k.n.KeyIO           Parsing took 0 ms 
254998     DEBUG Test worker     d.u.i.k.n.KeyIO           Load declarations of de.uka.ilkd.key.nparser.KeyAst$File:  <unknown>:1#1 
254998     INFO  Test worker     d.u.i.k.n.KeyIO           MODE: declarations took 0 ms 
254998     DEBUG Test worker     d.u.i.k.n.KeyIO           MODE: 2nd degree decls took 0 
254998     DEBUG Test worker     d.u.i.k.n.KeyIO           MODE: taclets took 0ms 
256067     INFO  Test worker     d.u.i.k.n.KeyIO           Parsing took 0 ms 
256067     DEBUG Test worker     d.u.i.k.n.KeyIO           Load declarations of de.uka.ilkd.key.nparser.KeyAst$File:  <unknown>:1#1 
256067     INFO  Test worker     d.u.i.k.n.KeyIO           MODE: declarations took 0 ms 
256067     DEBUG Test worker     d.u.i.k.n.KeyIO           MODE: 2nd degree decls took 0 
256067     DEBUG Test worker     d.u.i.k.n.KeyIO           MODE: taclets took 0ms 
257037     INFO  Test worker     d.u.i.k.n.KeyIO           Parsing took 0 ms 
257037     DEBUG Test worker     d.u.i.k.n.KeyIO           Load declarations of de.uka.ilkd.key.nparser.KeyAst$File:  <unknown>:1#1 
257037     INFO  Test worker     d.u.i.k.n.KeyIO           MODE: declarations took 0 ms 
257037     DEBUG Test worker     d.u.i.k.n.KeyIO           MODE: 2nd degree decls took 0 
257037     DEBUG Test worker     d.u.i.k.n.KeyIO           MODE: taclets took 0ms 
258077     INFO  Test worker     d.u.i.k.n.KeyIO           Parsing took 0 ms 
258077     DEBUG Test worker     d.u.i.k.n.KeyIO           Load declarations of de.uka.ilkd.key.nparser.KeyAst$File:  <unknown>:1#1 
258077     INFO  Test worker     d.u.i.k.n.KeyIO           MODE: declarations took 0 ms 
258077     DEBUG Test worker     d.u.i.k.n.KeyIO           MODE: 2nd degree decls took 0 
258077     DEBUG Test worker     d.u.i.k.n.KeyIO           MODE: taclets took 0ms 
]]></system-out>
  <system-err><![CDATA[]]></system-err>
</testsuite>
