<?xml version="1.0" encoding="UTF-8"?>
<testsuite name="de.uka.ilkd.key.taclettranslation.TestTacletTranslator" tests="5" skipped="0" failures="0" errors="0" timestamp="2023-05-30T16:57:58" hostname="fv-az319-950" time="0.026">
  <properties/>
  <testcase name="testPropositional1()" classname="de.uka.ilkd.key.taclettranslation.TestTacletTranslator" time="0.012"/>
  <testcase name="testPropositional2()" classname="de.uka.ilkd.key.taclettranslation.TestTacletTranslator" time="0.003"/>
  <testcase name="testNegativePolarity()" classname="de.uka.ilkd.key.taclettranslation.TestTacletTranslator" time="0.004"/>
  <testcase name="testNoPolarity()" classname="de.uka.ilkd.key.taclettranslation.TestTacletTranslator" time="0.003"/>
  <testcase name="testPositivePolarity()" classname="de.uka.ilkd.key.taclettranslation.TestTacletTranslator" time="0.004"/>
  <system-out><![CDATA[929090     INFO  Test worker     d.u.i.k.n.KeyIO           Parsing took 0 ms 
929090     DEBUG Test worker     d.u.i.k.n.KeyIO           Load declarations of de.uka.ilkd.key.nparser.KeyAst$File:  <unknown>:1#1 
929090     INFO  Test worker     d.u.i.k.n.KeyIO           MODE: declarations took 0 ms 
929090     DEBUG Test worker     d.u.i.k.n.KeyIO           MODE: 2nd degree decls took 0 
929090     DEBUG Test worker     d.u.i.k.n.KeyIO           MODE: taclets took 0ms 
929106     INFO  Test worker     d.u.i.k.n.KeyIO           Parsing took 0 ms 
929106     DEBUG Test worker     d.u.i.k.n.KeyIO           Load declarations of de.uka.ilkd.key.nparser.KeyAst$File:  <unknown>:1#1 
929106     INFO  Test worker     d.u.i.k.n.KeyIO           MODE: declarations took 0 ms 
929106     DEBUG Test worker     d.u.i.k.n.KeyIO           MODE: 2nd degree decls took 0 
929106     DEBUG Test worker     d.u.i.k.n.KeyIO           MODE: taclets took 0ms 
929106     INFO  Test worker     d.u.i.k.n.KeyIO           Parsing took 0 ms 
929106     DEBUG Test worker     d.u.i.k.n.KeyIO           Load declarations of de.uka.ilkd.key.nparser.KeyAst$File:  <unknown>:1#1 
929106     INFO  Test worker     d.u.i.k.n.KeyIO           MODE: declarations took 0 ms 
929106     DEBUG Test worker     d.u.i.k.n.KeyIO           MODE: 2nd degree decls took 0 
929106     DEBUG Test worker     d.u.i.k.n.KeyIO           MODE: taclets took 0ms 
929122     INFO  Test worker     d.u.i.k.n.KeyIO           Parsing took 0 ms 
929122     DEBUG Test worker     d.u.i.k.n.KeyIO           Load declarations of de.uka.ilkd.key.nparser.KeyAst$File:  <unknown>:1#1 
929122     INFO  Test worker     d.u.i.k.n.KeyIO           MODE: declarations took 0 ms 
929122     DEBUG Test worker     d.u.i.k.n.KeyIO           MODE: 2nd degree decls took 0 
929122     DEBUG Test worker     d.u.i.k.n.KeyIO           MODE: taclets took 0ms 
929122     INFO  Test worker     d.u.i.k.n.KeyIO           Parsing took 0 ms 
929122     DEBUG Test worker     d.u.i.k.n.KeyIO           Load declarations of de.uka.ilkd.key.nparser.KeyAst$File:  <unknown>:1#1 
929122     INFO  Test worker     d.u.i.k.n.KeyIO           MODE: declarations took 0 ms 
929122     DEBUG Test worker     d.u.i.k.n.KeyIO           MODE: 2nd degree decls took 0 
929122     DEBUG Test worker     d.u.i.k.n.KeyIO           MODE: taclets took 0ms 
]]></system-out>
  <system-err><![CDATA[]]></system-err>
</testsuite>
