<?xml version="1.0" encoding="UTF-8"?>
<testsuite name="de.uka.ilkd.key.util.TestProofStarter" tests="2" skipped="0" failures="0" errors="0" timestamp="2023-05-30T16:58:15" hostname="fv-az319-950" time="64.55">
  <properties/>
  <testcase name="testDirectProofWithOneStepSimplification()" classname="de.uka.ilkd.key.util.TestProofStarter" time="33.939"/>
  <testcase name="testDirectProof()" classname="de.uka.ilkd.key.util.TestProofStarter" time="30.611"/>
  <system-out><![CDATA[946106     INFO  Test worker     d.u.i.k.p.i.AbstractProblemLoader Loading environment from src\test\resources\testcase\proofStarter\CC\project.key 
946106     DEBUG Test worker     d.u.i.k.p.i.AbstractProblemLoader Environment load took 621.6ns 
946106     INFO  Test worker     d.u.i.k.p.i.AbstractProblemLoader Creating init config 
949858     DEBUG Test worker     d.u.i.k.p.i.AbstractProblemLoader Init config took 3.74s 
949920     INFO  Test worker     d.u.i.k.p.i.AbstractProblemLoader Replaying proof CC[CC::calcCoinIndex([I,[I)].JML normal_behavior operation contract.0 
949920     DEBUG Test worker     d.u.i.k.p.i.IntermediateProofReplayer Proof replay took 1.9ns 
980028     INFO  Test worker     d.u.i.k.p.i.AbstractProblemLoader Loading environment from src\test\resources\testcase\proofStarter\CC\project.key 
980028     DEBUG Test worker     d.u.i.k.p.i.AbstractProblemLoader Environment load took 213.8ns 
980044     INFO  Test worker     d.u.i.k.p.i.AbstractProblemLoader Creating init config 
983671     DEBUG Test worker     d.u.i.k.p.i.AbstractProblemLoader Init config took 3.63s 
983796     INFO  Test worker     d.u.i.k.p.i.AbstractProblemLoader Replaying proof CC[CC::calcCoinIndex([I,[I)].JML normal_behavior operation contract.0 
983811     DEBUG Test worker     d.u.i.k.p.i.IntermediateProofReplayer Proof replay took 2.5ns 
]]></system-out>
  <system-err><![CDATA[]]></system-err>
</testsuite>
