<?xml version="1.0" encoding="UTF-8"?>
<testsuite name="de.uka.ilkd.key.logic.TestClashFreeSubst" tests="14" skipped="2" failures="0" errors="0" timestamp="2023-05-30T16:43:14" hostname="fv-az319-950" time="57.429">
  <properties/>
  <testcase name="testMultiShareBound()" classname="de.uka.ilkd.key.logic.TestClashFreeSubst" time="1.189"/>
  <testcase name="testClash()" classname="de.uka.ilkd.key.logic.TestClashFreeSubst" time="1.099"/>
  <testcase name="testShare()" classname="de.uka.ilkd.key.logic.TestClashFreeSubst" time="1.06"/>
  <testcase name="testSubst()" classname="de.uka.ilkd.key.logic.TestClashFreeSubst" time="1.098"/>
  <testcase name="testWary0()" classname="de.uka.ilkd.key.logic.TestClashFreeSubst" time="1.089"/>
  <testcase name="testWary1()" classname="de.uka.ilkd.key.logic.TestClashFreeSubst" time="1.08"/>
  <testcase name="testWary2()" classname="de.uka.ilkd.key.logic.TestClashFreeSubst" time="1.066"/>
  <testcase name="testClashInSubstTerm()" classname="de.uka.ilkd.key.logic.TestClashFreeSubst" time="1.011"/>
  <testcase name="testShareWary()" classname="de.uka.ilkd.key.logic.TestClashFreeSubst" time="1.026"/>
  <testcase name="testMultiSubst()" classname="de.uka.ilkd.key.logic.TestClashFreeSubst" time="1.052"/>
  <testcase name="xtestMultiClash()" classname="de.uka.ilkd.key.logic.TestClashFreeSubst" time="0.0">
    <skipped/>
  </testcase>
  <testcase name="testSubstInSubstTerm()" classname="de.uka.ilkd.key.logic.TestClashFreeSubst" time="1.047"/>
  <testcase name="testSubstWary()" classname="de.uka.ilkd.key.logic.TestClashFreeSubst" time="1.04"/>
  <testcase name="xtestMultiClash1()" classname="de.uka.ilkd.key.logic.TestClashFreeSubst" time="0.0">
    <skipped/>
  </testcase>
  <system-out><![CDATA[44852      INFO  Test worker     d.u.i.k.n.KeyIO           Parsing took 0 ms 
44852      DEBUG Test worker     d.u.i.k.n.KeyIO           Load declarations of de.uka.ilkd.key.nparser.KeyAst$File:  <unknown>:1#1 
44852      INFO  Test worker     d.u.i.k.n.KeyIO           MODE: declarations took 0 ms 
44852      DEBUG Test worker     d.u.i.k.n.KeyIO           MODE: 2nd degree decls took 0 
46029      INFO  Test worker     d.u.i.k.n.KeyIO           Parsing took 0 ms 
46029      DEBUG Test worker     d.u.i.k.n.KeyIO           Load declarations of de.uka.ilkd.key.nparser.KeyAst$File:  <unknown>:1#1 
46029      INFO  Test worker     d.u.i.k.n.KeyIO           MODE: declarations took 0 ms 
46029      DEBUG Test worker     d.u.i.k.n.KeyIO           MODE: 2nd degree decls took 0 
49681      INFO  Test worker     d.u.i.k.n.KeyIO           Parsing took 0 ms 
49681      DEBUG Test worker     d.u.i.k.n.KeyIO           Load declarations of de.uka.ilkd.key.nparser.KeyAst$File:  <unknown>:1#1 
49681      INFO  Test worker     d.u.i.k.n.KeyIO           MODE: declarations took 0 ms 
49681      DEBUG Test worker     d.u.i.k.n.KeyIO           MODE: 2nd degree decls took 0 
50776      INFO  Test worker     d.u.i.k.n.KeyIO           Parsing took 0 ms 
50776      DEBUG Test worker     d.u.i.k.n.KeyIO           Load declarations of de.uka.ilkd.key.nparser.KeyAst$File:  <unknown>:1#1 
50776      INFO  Test worker     d.u.i.k.n.KeyIO           MODE: declarations took 0 ms 
50776      DEBUG Test worker     d.u.i.k.n.KeyIO           MODE: 2nd degree decls took 0 
54306      INFO  Test worker     d.u.i.k.n.KeyIO           Parsing took 0 ms 
54306      DEBUG Test worker     d.u.i.k.n.KeyIO           Load declarations of de.uka.ilkd.key.nparser.KeyAst$File:  <unknown>:1#1 
54306      INFO  Test worker     d.u.i.k.n.KeyIO           MODE: declarations took 0 ms 
54322      DEBUG Test worker     d.u.i.k.n.KeyIO           MODE: 2nd degree decls took 0 
55371      INFO  Test worker     d.u.i.k.n.KeyIO           Parsing took 0 ms 
55371      DEBUG Test worker     d.u.i.k.n.KeyIO           Load declarations of de.uka.ilkd.key.nparser.KeyAst$File:  <unknown>:1#1 
55371      INFO  Test worker     d.u.i.k.n.KeyIO           MODE: declarations took 0 ms 
55371      DEBUG Test worker     d.u.i.k.n.KeyIO           MODE: 2nd degree decls took 0 
58774      INFO  Test worker     d.u.i.k.n.KeyIO           Parsing took 0 ms 
58774      DEBUG Test worker     d.u.i.k.n.KeyIO           Load declarations of de.uka.ilkd.key.nparser.KeyAst$File:  <unknown>:1#1 
58774      INFO  Test worker     d.u.i.k.n.KeyIO           MODE: declarations took 0 ms 
58774      DEBUG Test worker     d.u.i.k.n.KeyIO           MODE: 2nd degree decls took 0 
59863      INFO  Test worker     d.u.i.k.n.KeyIO           Parsing took 0 ms 
59863      DEBUG Test worker     d.u.i.k.n.KeyIO           Load declarations of de.uka.ilkd.key.nparser.KeyAst$File:  <unknown>:1#1 
59863      INFO  Test worker     d.u.i.k.n.KeyIO           MODE: declarations took 0 ms 
59863      DEBUG Test worker     d.u.i.k.n.KeyIO           MODE: 2nd degree decls took 0 
63303      INFO  Test worker     d.u.i.k.n.KeyIO           Parsing took 0 ms 
63303      DEBUG Test worker     d.u.i.k.n.KeyIO           Load declarations of de.uka.ilkd.key.nparser.KeyAst$File:  <unknown>:1#1 
63303      INFO  Test worker     d.u.i.k.n.KeyIO           MODE: declarations took 0 ms 
63303      DEBUG Test worker     d.u.i.k.n.KeyIO           MODE: 2nd degree decls took 0 
64381      INFO  Test worker     d.u.i.k.n.KeyIO           Parsing took 0 ms 
64381      DEBUG Test worker     d.u.i.k.n.KeyIO           Load declarations of de.uka.ilkd.key.nparser.KeyAst$File:  <unknown>:1#1 
64381      INFO  Test worker     d.u.i.k.n.KeyIO           MODE: declarations took 0 ms 
64381      DEBUG Test worker     d.u.i.k.n.KeyIO           MODE: 2nd degree decls took 0 
67932      INFO  Test worker     d.u.i.k.n.KeyIO           Parsing took 0 ms 
67932      DEBUG Test worker     d.u.i.k.n.KeyIO           Load declarations of de.uka.ilkd.key.nparser.KeyAst$File:  <unknown>:1#1 
67932      INFO  Test worker     d.u.i.k.n.KeyIO           MODE: declarations took 0 ms 
67932      DEBUG Test worker     d.u.i.k.n.KeyIO           MODE: 2nd degree decls took 0 
69004      INFO  Test worker     d.u.i.k.n.KeyIO           Parsing took 0 ms 
69004      DEBUG Test worker     d.u.i.k.n.KeyIO           Load declarations of de.uka.ilkd.key.nparser.KeyAst$File:  <unknown>:1#1 
69004      INFO  Test worker     d.u.i.k.n.KeyIO           MODE: declarations took 0 ms 
69004      DEBUG Test worker     d.u.i.k.n.KeyIO           MODE: 2nd degree decls took 0 
72467      INFO  Test worker     d.u.i.k.n.KeyIO           Parsing took 0 ms 
72467      DEBUG Test worker     d.u.i.k.n.KeyIO           Load declarations of de.uka.ilkd.key.nparser.KeyAst$File:  <unknown>:1#1 
72467      INFO  Test worker     d.u.i.k.n.KeyIO           MODE: declarations took 0 ms 
72467      DEBUG Test worker     d.u.i.k.n.KeyIO           MODE: 2nd degree decls took 0 
73521      INFO  Test worker     d.u.i.k.n.KeyIO           Parsing took 0 ms 
73521      DEBUG Test worker     d.u.i.k.n.KeyIO           Load declarations of de.uka.ilkd.key.nparser.KeyAst$File:  <unknown>:1#1 
73521      INFO  Test worker     d.u.i.k.n.KeyIO           MODE: declarations took 0 ms 
73521      DEBUG Test worker     d.u.i.k.n.KeyIO           MODE: 2nd degree decls took 0 
76833      INFO  Test worker     d.u.i.k.n.KeyIO           Parsing took 0 ms 
76833      DEBUG Test worker     d.u.i.k.n.KeyIO           Load declarations of de.uka.ilkd.key.nparser.KeyAst$File:  <unknown>:1#1 
76833      INFO  Test worker     d.u.i.k.n.KeyIO           MODE: declarations took 0 ms 
76833      DEBUG Test worker     d.u.i.k.n.KeyIO           MODE: 2nd degree decls took 0 
77827      INFO  Test worker     d.u.i.k.n.KeyIO           Parsing took 0 ms 
77827      DEBUG Test worker     d.u.i.k.n.KeyIO           Load declarations of de.uka.ilkd.key.nparser.KeyAst$File:  <unknown>:1#1 
77827      INFO  Test worker     d.u.i.k.n.KeyIO           MODE: declarations took 0 ms 
77827      DEBUG Test worker     d.u.i.k.n.KeyIO           MODE: 2nd degree decls took 0 
81186      INFO  Test worker     d.u.i.k.n.KeyIO           Parsing took 0 ms 
81186      DEBUG Test worker     d.u.i.k.n.KeyIO           Load declarations of de.uka.ilkd.key.nparser.KeyAst$File:  <unknown>:1#1 
81186      INFO  Test worker     d.u.i.k.n.KeyIO           MODE: declarations took 0 ms 
81186      DEBUG Test worker     d.u.i.k.n.KeyIO           MODE: 2nd degree decls took 0 
82202      INFO  Test worker     d.u.i.k.n.KeyIO           Parsing took 0 ms 
82202      DEBUG Test worker     d.u.i.k.n.KeyIO           Load declarations of de.uka.ilkd.key.nparser.KeyAst$File:  <unknown>:1#1 
82202      INFO  Test worker     d.u.i.k.n.KeyIO           MODE: declarations took 0 ms 
82202      DEBUG Test worker     d.u.i.k.n.KeyIO           MODE: 2nd degree decls took 0 
85594      INFO  Test worker     d.u.i.k.n.KeyIO           Parsing took 0 ms 
85594      DEBUG Test worker     d.u.i.k.n.KeyIO           Load declarations of de.uka.ilkd.key.nparser.KeyAst$File:  <unknown>:1#1 
85594      INFO  Test worker     d.u.i.k.n.KeyIO           MODE: declarations took 0 ms 
85594      DEBUG Test worker     d.u.i.k.n.KeyIO           MODE: 2nd degree decls took 0 
86636      INFO  Test worker     d.u.i.k.n.KeyIO           Parsing took 0 ms 
86636      DEBUG Test worker     d.u.i.k.n.KeyIO           Load declarations of de.uka.ilkd.key.nparser.KeyAst$File:  <unknown>:1#1 
86636      INFO  Test worker     d.u.i.k.n.KeyIO           MODE: declarations took 0 ms 
86636      DEBUG Test worker     d.u.i.k.n.KeyIO           MODE: 2nd degree decls took 0 
93301      INFO  Test worker     d.u.i.k.n.KeyIO           Parsing took 0 ms 
93301      DEBUG Test worker     d.u.i.k.n.KeyIO           Load declarations of de.uka.ilkd.key.nparser.KeyAst$File:  <unknown>:1#1 
93301      INFO  Test worker     d.u.i.k.n.KeyIO           MODE: declarations took 0 ms 
93301      DEBUG Test worker     d.u.i.k.n.KeyIO           MODE: 2nd degree decls took 0 
94325      INFO  Test worker     d.u.i.k.n.KeyIO           Parsing took 0 ms 
94341      DEBUG Test worker     d.u.i.k.n.KeyIO           Load declarations of de.uka.ilkd.key.nparser.KeyAst$File:  <unknown>:1#1 
94341      INFO  Test worker     d.u.i.k.n.KeyIO           MODE: declarations took 0 ms 
94341      DEBUG Test worker     d.u.i.k.n.KeyIO           MODE: 2nd degree decls took 0 
97825      INFO  Test worker     d.u.i.k.n.KeyIO           Parsing took 0 ms 
97825      DEBUG Test worker     d.u.i.k.n.KeyIO           Load declarations of de.uka.ilkd.key.nparser.KeyAst$File:  <unknown>:1#1 
97825      INFO  Test worker     d.u.i.k.n.KeyIO           MODE: declarations took 0 ms 
97825      DEBUG Test worker     d.u.i.k.n.KeyIO           MODE: 2nd degree decls took 0 
98858      INFO  Test worker     d.u.i.k.n.KeyIO           Parsing took 0 ms 
98858      DEBUG Test worker     d.u.i.k.n.KeyIO           Load declarations of de.uka.ilkd.key.nparser.KeyAst$File:  <unknown>:1#1 
98858      INFO  Test worker     d.u.i.k.n.KeyIO           MODE: declarations took 0 ms 
98858      DEBUG Test worker     d.u.i.k.n.KeyIO           MODE: 2nd degree decls took 0 
]]></system-out>
  <system-err><![CDATA[]]></system-err>
</testsuite>
