<?xml version="1.0" encoding="UTF-8"?>
<testsuite name="de.uka.ilkd.key.speclang.jml.JMLUtilsTest" tests="2" skipped="0" failures="0" errors="0" timestamp="2023-05-30T16:57:17" hostname="fv-az319-950" time="0.007">
  <properties/>
  <testcase name="testSplitJmlFeatures()" classname="de.uka.ilkd.key.speclang.jml.JMLUtilsTest" time="0.004"/>
  <testcase name="testIsJmlCommentStarter()" classname="de.uka.ilkd.key.speclang.jml.JMLUtilsTest" time="0.002"/>
  <system-out><![CDATA[]]></system-out>
  <system-err><![CDATA[]]></system-err>
</testsuite>
