<?xml version="1.0" encoding="UTF-8"?>
<testsuite name="de.uka.ilkd.key.proof.TestOneStepSimplifier" tests="1" skipped="0" failures="0" errors="0" timestamp="2023-05-30T16:50:39" hostname="fv-az319-950" time="4.626">
  <properties/>
  <testcase name="loadWithRestriction()" classname="de.uka.ilkd.key.proof.TestOneStepSimplifier" time="4.626"/>
  <system-out><![CDATA[490065     INFO  Test worker     d.u.i.k.p.i.AbstractProblemLoader Loading environment from src\test\resources\testcase\ossRestriction.proof 
490065     DEBUG Test worker     d.u.i.k.p.i.AbstractProblemLoader Environment load took 214.8ns 
490065     INFO  Test worker     d.u.i.k.p.i.AbstractProblemLoader Creating init config 
490237     DEBUG Test worker     d.u.i.k.j.TypeConverter   No LDT found for Meta 
490237     DEBUG Test worker     d.u.i.k.j.TypeConverter   No LDT found for Meta 
490237     DEBUG Test worker     d.u.i.k.j.TypeConverter   No LDT found for Meta 
490237     DEBUG Test worker     d.u.i.k.j.TypeConverter   No LDT found for Meta 
490847     DEBUG Test worker     d.u.i.k.j.TypeConverter   No LDT found for JavaBigintExpression 
494662     DEBUG Test worker     d.u.i.k.p.i.AbstractProblemLoader Init config took 4.59s 
494694     INFO  Test worker     d.u.i.k.p.i.AbstractProblemLoader Replaying proof ossRestriction.proof 
494694     DEBUG Test worker     d.u.i.k.p.i.IntermediateProofReplayer Proof replay took 1.09ms 
]]></system-out>
  <system-err><![CDATA[]]></system-err>
</testsuite>
