<?xml version="1.0" encoding="UTF-8"?>
<testsuite name="de.uka.ilkd.key.testcase.smt.testgen.TestTestgen" tests="1" skipped="0" failures="0" errors="0" timestamp="2023-04-28T13:04:56" hostname="fv-az192-547" time="6.386">
  <properties/>
  <testcase name="testMiddle()" classname="de.uka.ilkd.key.testcase.smt.testgen.TestTestgen" time="6.386"/>
  <system-out><![CDATA[19417      WARN  Test worker     d.u.i.k.t.s.t.TestTestgen Warning: Z3_CE is not installed, tests skipped. 
19417      WARN  Test worker     d.u.i.k.t.s.t.TestTestgen Maybe use JVM system property "z3SolverPath" to define the path to the Z3 command. 
19417      INFO  Test worker     d.u.i.k.p.i.AbstractProblemLoader Loading environment from src\test\resources\testcase\smt\tg\middle.key 
19417      DEBUG Test worker     d.u.i.k.p.i.AbstractProblemLoader Environment load took 244.7ns 
19433      INFO  Test worker     d.u.i.k.p.i.AbstractProblemLoader Creating init config 
24714      DEBUG Test worker     d.u.i.k.p.i.AbstractProblemLoader Init config took 5.29s 
24855      INFO  Test worker     d.u.i.k.p.i.AbstractProblemLoader Replaying proof Middle[Middle::middle(int,int,int)].JML normal_behavior operation contract.0 
24855      DEBUG Test worker     d.u.i.k.p.i.IntermediateProofReplayer Proof replay took 20.8ns 
]]></system-out>
  <system-err><![CDATA[]]></system-err>
</testsuite>
