<?xml version="1.0" encoding="UTF-8"?>
<testsuite name="de.uka.ilkd.key.parser.TestTacletParser" tests="20" skipped="0" failures="5" errors="0" timestamp="2023-06-12T15:58:02" hostname="fv-az282-703" time="0.199">
  <properties/>
  <testcase name="testAllRight()" classname="de.uka.ilkd.key.parser.TestTacletParser" time="0.008"/>
  <testcase name="testSchemaJava0()" classname="de.uka.ilkd.key.parser.TestTacletParser" time="0.009"/>
  <testcase name="testSchemaJava1()" classname="de.uka.ilkd.key.parser.TestTacletParser" time="0.023"/>
  <testcase name="testSchemaJava2()" classname="de.uka.ilkd.key.parser.TestTacletParser" time="0.009"/>
  <testcase name="testSchemaJava4()" classname="de.uka.ilkd.key.parser.TestTacletParser" time="0.009">
    <failure message="java.lang.ClassCastException: class de.uka.ilkd.key.java.StatementBlock cannot be cast to class de.uka.ilkd.key.java.ContextStatementBlock (de.uka.ilkd.key.java.StatementBlock and de.uka.ilkd.key.java.ContextStatementBlock are in unnamed module of loader 'app')" type="java.lang.ClassCastException">java.lang.ClassCastException: class de.uka.ilkd.key.java.StatementBlock cannot be cast to class de.uka.ilkd.key.java.ContextStatementBlock (de.uka.ilkd.key.java.StatementBlock and de.uka.ilkd.key.java.ContextStatementBlock are in unnamed module of loader 'app')
	at de.uka.ilkd.key.parser.TestTacletParser.testSchemaJava4(TestTacletParser.java:299)
	at java.base/jdk.internal.reflect.NativeMethodAccessorImpl.invoke0(Native Method)
	at java.base/jdk.internal.reflect.NativeMethodAccessorImpl.invoke(NativeMethodAccessorImpl.java:77)
	at java.base/jdk.internal.reflect.DelegatingMethodAccessorImpl.invoke(DelegatingMethodAccessorImpl.java:43)
	at java.base/java.lang.reflect.Method.invoke(Method.java:568)
	at org.junit.platform.commons.util.ReflectionUtils.invokeMethod(ReflectionUtils.java:727)
	at org.junit.jupiter.engine.execution.MethodInvocation.proceed(MethodInvocation.java:60)
	at org.junit.jupiter.engine.execution.InvocationInterceptorChain$ValidatingInvocation.proceed(InvocationInterceptorChain.java:131)
	at org.junit.jupiter.engine.extension.TimeoutExtension.intercept(TimeoutExtension.java:156)
	at org.junit.jupiter.engine.extension.TimeoutExtension.interceptTestableMethod(TimeoutExtension.java:147)
	at org.junit.jupiter.engine.extension.TimeoutExtension.interceptTestMethod(TimeoutExtension.java:86)
	at org.junit.jupiter.engine.execution.InterceptingExecutableInvoker$ReflectiveInterceptorCall.lambda$ofVoidMethod$0(InterceptingExecutableInvoker.java:103)
	at org.junit.jupiter.engine.execution.InterceptingExecutableInvoker.lambda$invoke$0(InterceptingExecutableInvoker.java:93)
	at org.junit.jupiter.engine.execution.InvocationInterceptorChain$InterceptedInvocation.proceed(InvocationInterceptorChain.java:106)
	at org.junit.jupiter.engine.execution.InvocationInterceptorChain.proceed(InvocationInterceptorChain.java:64)
	at org.junit.jupiter.engine.execution.InvocationInterceptorChain.chainAndInvoke(InvocationInterceptorChain.java:45)
	at org.junit.jupiter.engine.execution.InvocationInterceptorChain.invoke(InvocationInterceptorChain.java:37)
	at org.junit.jupiter.engine.execution.InterceptingExecutableInvoker.invoke(InterceptingExecutableInvoker.java:92)
	at org.junit.jupiter.engine.execution.InterceptingExecutableInvoker.invoke(InterceptingExecutableInvoker.java:86)
	at org.junit.jupiter.engine.descriptor.TestMethodTestDescriptor.lambda$invokeTestMethod$7(TestMethodTestDescriptor.java:217)
	at org.junit.platform.engine.support.hierarchical.ThrowableCollector.execute(ThrowableCollector.java:73)
	at org.junit.jupiter.engine.descriptor.TestMethodTestDescriptor.invokeTestMethod(TestMethodTestDescriptor.java:213)
	at org.junit.jupiter.engine.descriptor.TestMethodTestDescriptor.execute(TestMethodTestDescriptor.java:138)
	at org.junit.jupiter.engine.descriptor.TestMethodTestDescriptor.execute(TestMethodTestDescriptor.java:68)
	at org.junit.platform.engine.support.hierarchical.NodeTestTask.lambda$executeRecursively$6(NodeTestTask.java:151)
	at org.junit.platform.engine.support.hierarchical.ThrowableCollector.execute(ThrowableCollector.java:73)
	at org.junit.platform.engine.support.hierarchical.NodeTestTask.lambda$executeRecursively$8(NodeTestTask.java:141)
	at org.junit.platform.engine.support.hierarchical.Node.around(Node.java:137)
	at org.junit.platform.engine.support.hierarchical.NodeTestTask.lambda$executeRecursively$9(NodeTestTask.java:139)
	at org.junit.platform.engine.support.hierarchical.ThrowableCollector.execute(ThrowableCollector.java:73)
	at org.junit.platform.engine.support.hierarchical.NodeTestTask.executeRecursively(NodeTestTask.java:138)
	at org.junit.platform.engine.support.hierarchical.NodeTestTask.execute(NodeTestTask.java:95)
	at java.base/java.util.ArrayList.forEach(ArrayList.java:1511)
	at org.junit.platform.engine.support.hierarchical.SameThreadHierarchicalTestExecutorService.invokeAll(SameThreadHierarchicalTestExecutorService.java:41)
	at org.junit.platform.engine.support.hierarchical.NodeTestTask.lambda$executeRecursively$6(NodeTestTask.java:155)
	at org.junit.platform.engine.support.hierarchical.ThrowableCollector.execute(ThrowableCollector.java:73)
	at org.junit.platform.engine.support.hierarchical.NodeTestTask.lambda$executeRecursively$8(NodeTestTask.java:141)
	at org.junit.platform.engine.support.hierarchical.Node.around(Node.java:137)
	at org.junit.platform.engine.support.hierarchical.NodeTestTask.lambda$executeRecursively$9(NodeTestTask.java:139)
	at org.junit.platform.engine.support.hierarchical.ThrowableCollector.execute(ThrowableCollector.java:73)
	at org.junit.platform.engine.support.hierarchical.NodeTestTask.executeRecursively(NodeTestTask.java:138)
	at org.junit.platform.engine.support.hierarchical.NodeTestTask.execute(NodeTestTask.java:95)
	at java.base/java.util.ArrayList.forEach(ArrayList.java:1511)
	at org.junit.platform.engine.support.hierarchical.SameThreadHierarchicalTestExecutorService.invokeAll(SameThreadHierarchicalTestExecutorService.java:41)
	at org.junit.platform.engine.support.hierarchical.NodeTestTask.lambda$executeRecursively$6(NodeTestTask.java:155)
	at org.junit.platform.engine.support.hierarchical.ThrowableCollector.execute(ThrowableCollector.java:73)
	at org.junit.platform.engine.support.hierarchical.NodeTestTask.lambda$executeRecursively$8(NodeTestTask.java:141)
	at org.junit.platform.engine.support.hierarchical.Node.around(Node.java:137)
	at org.junit.platform.engine.support.hierarchical.NodeTestTask.lambda$executeRecursively$9(NodeTestTask.java:139)
	at org.junit.platform.engine.support.hierarchical.ThrowableCollector.execute(ThrowableCollector.java:73)
	at org.junit.platform.engine.support.hierarchical.NodeTestTask.executeRecursively(NodeTestTask.java:138)
	at org.junit.platform.engine.support.hierarchical.NodeTestTask.execute(NodeTestTask.java:95)
	at org.junit.platform.engine.support.hierarchical.SameThreadHierarchicalTestExecutorService.submit(SameThreadHierarchicalTestExecutorService.java:35)
	at org.junit.platform.engine.support.hierarchical.HierarchicalTestExecutor.execute(HierarchicalTestExecutor.java:57)
	at org.junit.platform.engine.support.hierarchical.HierarchicalTestEngine.execute(HierarchicalTestEngine.java:54)
	at org.junit.platform.launcher.core.EngineExecutionOrchestrator.execute(EngineExecutionOrchestrator.java:107)
	at org.junit.platform.launcher.core.EngineExecutionOrchestrator.execute(EngineExecutionOrchestrator.java:88)
	at org.junit.platform.launcher.core.EngineExecutionOrchestrator.lambda$execute$0(EngineExecutionOrchestrator.java:54)
	at org.junit.platform.launcher.core.EngineExecutionOrchestrator.withInterceptedStreams(EngineExecutionOrchestrator.java:67)
	at org.junit.platform.launcher.core.EngineExecutionOrchestrator.execute(EngineExecutionOrchestrator.java:52)
	at org.junit.platform.launcher.core.DefaultLauncher.execute(DefaultLauncher.java:114)
	at org.junit.platform.launcher.core.DefaultLauncher.execute(DefaultLauncher.java:86)
	at org.junit.platform.launcher.core.DefaultLauncherSession$DelegatingLauncher.execute(DefaultLauncherSession.java:86)
	at org.gradle.api.internal.tasks.testing.junitplatform.JUnitPlatformTestClassProcessor$CollectAllTestClassesExecutor.processAllTestClasses(JUnitPlatformTestClassProcessor.java:110)
	at org.gradle.api.internal.tasks.testing.junitplatform.JUnitPlatformTestClassProcessor$CollectAllTestClassesExecutor.access$000(JUnitPlatformTestClassProcessor.java:90)
	at org.gradle.api.internal.tasks.testing.junitplatform.JUnitPlatformTestClassProcessor.stop(JUnitPlatformTestClassProcessor.java:85)
	at org.gradle.api.internal.tasks.testing.SuiteTestClassProcessor.stop(SuiteTestClassProcessor.java:62)
	at java.base/jdk.internal.reflect.NativeMethodAccessorImpl.invoke0(Native Method)
	at java.base/jdk.internal.reflect.NativeMethodAccessorImpl.invoke(NativeMethodAccessorImpl.java:77)
	at java.base/jdk.internal.reflect.DelegatingMethodAccessorImpl.invoke(DelegatingMethodAccessorImpl.java:43)
	at java.base/java.lang.reflect.Method.invoke(Method.java:568)
	at org.gradle.internal.dispatch.ReflectionDispatch.dispatch(ReflectionDispatch.java:36)
	at org.gradle.internal.dispatch.ReflectionDispatch.dispatch(ReflectionDispatch.java:24)
	at org.gradle.internal.dispatch.ContextClassLoaderDispatch.dispatch(ContextClassLoaderDispatch.java:33)
	at org.gradle.internal.dispatch.ProxyDispatchAdapter$DispatchingInvocationHandler.invoke(ProxyDispatchAdapter.java:94)
	at jdk.proxy2/jdk.proxy2.$Proxy5.stop(Unknown Source)
	at org.gradle.api.internal.tasks.testing.worker.TestWorker$3.run(TestWorker.java:193)
	at org.gradle.api.internal.tasks.testing.worker.TestWorker.executeAndMaintainThreadName(TestWorker.java:129)
	at org.gradle.api.internal.tasks.testing.worker.TestWorker.execute(TestWorker.java:100)
	at org.gradle.api.internal.tasks.testing.worker.TestWorker.execute(TestWorker.java:60)
	at org.gradle.process.internal.worker.child.ActionExecutionWorker.execute(ActionExecutionWorker.java:56)
	at org.gradle.process.internal.worker.child.SystemApplicationClassLoaderWorker.call(SystemApplicationClassLoaderWorker.java:113)
	at org.gradle.process.internal.worker.child.SystemApplicationClassLoaderWorker.call(SystemApplicationClassLoaderWorker.java:65)
	at worker.org.gradle.process.internal.worker.GradleWorkerMain.run(GradleWorkerMain.java:69)
	at worker.org.gradle.process.internal.worker.GradleWorkerMain.main(GradleWorkerMain.java:74)
</failure>
  </testcase>
  <testcase name="testSchemaJava6()" classname="de.uka.ilkd.key.parser.TestTacletParser" time="0.005">
    <failure message="java.lang.ClassCastException: class de.uka.ilkd.key.java.StatementBlock cannot be cast to class de.uka.ilkd.key.java.ContextStatementBlock (de.uka.ilkd.key.java.StatementBlock and de.uka.ilkd.key.java.ContextStatementBlock are in unnamed module of loader 'app')" type="java.lang.ClassCastException">java.lang.ClassCastException: class de.uka.ilkd.key.java.StatementBlock cannot be cast to class de.uka.ilkd.key.java.ContextStatementBlock (de.uka.ilkd.key.java.StatementBlock and de.uka.ilkd.key.java.ContextStatementBlock are in unnamed module of loader 'app')
	at de.uka.ilkd.key.parser.TestTacletParser.testSchemaJava6(TestTacletParser.java:319)
	at java.base/jdk.internal.reflect.NativeMethodAccessorImpl.invoke0(Native Method)
	at java.base/jdk.internal.reflect.NativeMethodAccessorImpl.invoke(NativeMethodAccessorImpl.java:77)
	at java.base/jdk.internal.reflect.DelegatingMethodAccessorImpl.invoke(DelegatingMethodAccessorImpl.java:43)
	at java.base/java.lang.reflect.Method.invoke(Method.java:568)
	at org.junit.platform.commons.util.ReflectionUtils.invokeMethod(ReflectionUtils.java:727)
	at org.junit.jupiter.engine.execution.MethodInvocation.proceed(MethodInvocation.java:60)
	at org.junit.jupiter.engine.execution.InvocationInterceptorChain$ValidatingInvocation.proceed(InvocationInterceptorChain.java:131)
	at org.junit.jupiter.engine.extension.TimeoutExtension.intercept(TimeoutExtension.java:156)
	at org.junit.jupiter.engine.extension.TimeoutExtension.interceptTestableMethod(TimeoutExtension.java:147)
	at org.junit.jupiter.engine.extension.TimeoutExtension.interceptTestMethod(TimeoutExtension.java:86)
	at org.junit.jupiter.engine.execution.InterceptingExecutableInvoker$ReflectiveInterceptorCall.lambda$ofVoidMethod$0(InterceptingExecutableInvoker.java:103)
	at org.junit.jupiter.engine.execution.InterceptingExecutableInvoker.lambda$invoke$0(InterceptingExecutableInvoker.java:93)
	at org.junit.jupiter.engine.execution.InvocationInterceptorChain$InterceptedInvocation.proceed(InvocationInterceptorChain.java:106)
	at org.junit.jupiter.engine.execution.InvocationInterceptorChain.proceed(InvocationInterceptorChain.java:64)
	at org.junit.jupiter.engine.execution.InvocationInterceptorChain.chainAndInvoke(InvocationInterceptorChain.java:45)
	at org.junit.jupiter.engine.execution.InvocationInterceptorChain.invoke(InvocationInterceptorChain.java:37)
	at org.junit.jupiter.engine.execution.InterceptingExecutableInvoker.invoke(InterceptingExecutableInvoker.java:92)
	at org.junit.jupiter.engine.execution.InterceptingExecutableInvoker.invoke(InterceptingExecutableInvoker.java:86)
	at org.junit.jupiter.engine.descriptor.TestMethodTestDescriptor.lambda$invokeTestMethod$7(TestMethodTestDescriptor.java:217)
	at org.junit.platform.engine.support.hierarchical.ThrowableCollector.execute(ThrowableCollector.java:73)
	at org.junit.jupiter.engine.descriptor.TestMethodTestDescriptor.invokeTestMethod(TestMethodTestDescriptor.java:213)
	at org.junit.jupiter.engine.descriptor.TestMethodTestDescriptor.execute(TestMethodTestDescriptor.java:138)
	at org.junit.jupiter.engine.descriptor.TestMethodTestDescriptor.execute(TestMethodTestDescriptor.java:68)
	at org.junit.platform.engine.support.hierarchical.NodeTestTask.lambda$executeRecursively$6(NodeTestTask.java:151)
	at org.junit.platform.engine.support.hierarchical.ThrowableCollector.execute(ThrowableCollector.java:73)
	at org.junit.platform.engine.support.hierarchical.NodeTestTask.lambda$executeRecursively$8(NodeTestTask.java:141)
	at org.junit.platform.engine.support.hierarchical.Node.around(Node.java:137)
	at org.junit.platform.engine.support.hierarchical.NodeTestTask.lambda$executeRecursively$9(NodeTestTask.java:139)
	at org.junit.platform.engine.support.hierarchical.ThrowableCollector.execute(ThrowableCollector.java:73)
	at org.junit.platform.engine.support.hierarchical.NodeTestTask.executeRecursively(NodeTestTask.java:138)
	at org.junit.platform.engine.support.hierarchical.NodeTestTask.execute(NodeTestTask.java:95)
	at java.base/java.util.ArrayList.forEach(ArrayList.java:1511)
	at org.junit.platform.engine.support.hierarchical.SameThreadHierarchicalTestExecutorService.invokeAll(SameThreadHierarchicalTestExecutorService.java:41)
	at org.junit.platform.engine.support.hierarchical.NodeTestTask.lambda$executeRecursively$6(NodeTestTask.java:155)
	at org.junit.platform.engine.support.hierarchical.ThrowableCollector.execute(ThrowableCollector.java:73)
	at org.junit.platform.engine.support.hierarchical.NodeTestTask.lambda$executeRecursively$8(NodeTestTask.java:141)
	at org.junit.platform.engine.support.hierarchical.Node.around(Node.java:137)
	at org.junit.platform.engine.support.hierarchical.NodeTestTask.lambda$executeRecursively$9(NodeTestTask.java:139)
	at org.junit.platform.engine.support.hierarchical.ThrowableCollector.execute(ThrowableCollector.java:73)
	at org.junit.platform.engine.support.hierarchical.NodeTestTask.executeRecursively(NodeTestTask.java:138)
	at org.junit.platform.engine.support.hierarchical.NodeTestTask.execute(NodeTestTask.java:95)
	at java.base/java.util.ArrayList.forEach(ArrayList.java:1511)
	at org.junit.platform.engine.support.hierarchical.SameThreadHierarchicalTestExecutorService.invokeAll(SameThreadHierarchicalTestExecutorService.java:41)
	at org.junit.platform.engine.support.hierarchical.NodeTestTask.lambda$executeRecursively$6(NodeTestTask.java:155)
	at org.junit.platform.engine.support.hierarchical.ThrowableCollector.execute(ThrowableCollector.java:73)
	at org.junit.platform.engine.support.hierarchical.NodeTestTask.lambda$executeRecursively$8(NodeTestTask.java:141)
	at org.junit.platform.engine.support.hierarchical.Node.around(Node.java:137)
	at org.junit.platform.engine.support.hierarchical.NodeTestTask.lambda$executeRecursively$9(NodeTestTask.java:139)
	at org.junit.platform.engine.support.hierarchical.ThrowableCollector.execute(ThrowableCollector.java:73)
	at org.junit.platform.engine.support.hierarchical.NodeTestTask.executeRecursively(NodeTestTask.java:138)
	at org.junit.platform.engine.support.hierarchical.NodeTestTask.execute(NodeTestTask.java:95)
	at org.junit.platform.engine.support.hierarchical.SameThreadHierarchicalTestExecutorService.submit(SameThreadHierarchicalTestExecutorService.java:35)
	at org.junit.platform.engine.support.hierarchical.HierarchicalTestExecutor.execute(HierarchicalTestExecutor.java:57)
	at org.junit.platform.engine.support.hierarchical.HierarchicalTestEngine.execute(HierarchicalTestEngine.java:54)
	at org.junit.platform.launcher.core.EngineExecutionOrchestrator.execute(EngineExecutionOrchestrator.java:107)
	at org.junit.platform.launcher.core.EngineExecutionOrchestrator.execute(EngineExecutionOrchestrator.java:88)
	at org.junit.platform.launcher.core.EngineExecutionOrchestrator.lambda$execute$0(EngineExecutionOrchestrator.java:54)
	at org.junit.platform.launcher.core.EngineExecutionOrchestrator.withInterceptedStreams(EngineExecutionOrchestrator.java:67)
	at org.junit.platform.launcher.core.EngineExecutionOrchestrator.execute(EngineExecutionOrchestrator.java:52)
	at org.junit.platform.launcher.core.DefaultLauncher.execute(DefaultLauncher.java:114)
	at org.junit.platform.launcher.core.DefaultLauncher.execute(DefaultLauncher.java:86)
	at org.junit.platform.launcher.core.DefaultLauncherSession$DelegatingLauncher.execute(DefaultLauncherSession.java:86)
	at org.gradle.api.internal.tasks.testing.junitplatform.JUnitPlatformTestClassProcessor$CollectAllTestClassesExecutor.processAllTestClasses(JUnitPlatformTestClassProcessor.java:110)
	at org.gradle.api.internal.tasks.testing.junitplatform.JUnitPlatformTestClassProcessor$CollectAllTestClassesExecutor.access$000(JUnitPlatformTestClassProcessor.java:90)
	at org.gradle.api.internal.tasks.testing.junitplatform.JUnitPlatformTestClassProcessor.stop(JUnitPlatformTestClassProcessor.java:85)
	at org.gradle.api.internal.tasks.testing.SuiteTestClassProcessor.stop(SuiteTestClassProcessor.java:62)
	at java.base/jdk.internal.reflect.NativeMethodAccessorImpl.invoke0(Native Method)
	at java.base/jdk.internal.reflect.NativeMethodAccessorImpl.invoke(NativeMethodAccessorImpl.java:77)
	at java.base/jdk.internal.reflect.DelegatingMethodAccessorImpl.invoke(DelegatingMethodAccessorImpl.java:43)
	at java.base/java.lang.reflect.Method.invoke(Method.java:568)
	at org.gradle.internal.dispatch.ReflectionDispatch.dispatch(ReflectionDispatch.java:36)
	at org.gradle.internal.dispatch.ReflectionDispatch.dispatch(ReflectionDispatch.java:24)
	at org.gradle.internal.dispatch.ContextClassLoaderDispatch.dispatch(ContextClassLoaderDispatch.java:33)
	at org.gradle.internal.dispatch.ProxyDispatchAdapter$DispatchingInvocationHandler.invoke(ProxyDispatchAdapter.java:94)
	at jdk.proxy2/jdk.proxy2.$Proxy5.stop(Unknown Source)
	at org.gradle.api.internal.tasks.testing.worker.TestWorker$3.run(TestWorker.java:193)
	at org.gradle.api.internal.tasks.testing.worker.TestWorker.executeAndMaintainThreadName(TestWorker.java:129)
	at org.gradle.api.internal.tasks.testing.worker.TestWorker.execute(TestWorker.java:100)
	at org.gradle.api.internal.tasks.testing.worker.TestWorker.execute(TestWorker.java:60)
	at org.gradle.process.internal.worker.child.ActionExecutionWorker.execute(ActionExecutionWorker.java:56)
	at org.gradle.process.internal.worker.child.SystemApplicationClassLoaderWorker.call(SystemApplicationClassLoaderWorker.java:113)
	at org.gradle.process.internal.worker.child.SystemApplicationClassLoaderWorker.call(SystemApplicationClassLoaderWorker.java:65)
	at worker.org.gradle.process.internal.worker.GradleWorkerMain.run(GradleWorkerMain.java:69)
	at worker.org.gradle.process.internal.worker.GradleWorkerMain.main(GradleWorkerMain.java:74)
</failure>
  </testcase>
  <testcase name="testSchemaJava8()" classname="de.uka.ilkd.key.parser.TestTacletParser" time="0.005">
    <failure message="java.lang.ClassCastException: class de.uka.ilkd.key.java.StatementBlock cannot be cast to class de.uka.ilkd.key.java.ContextStatementBlock (de.uka.ilkd.key.java.StatementBlock and de.uka.ilkd.key.java.ContextStatementBlock are in unnamed module of loader 'app')" type="java.lang.ClassCastException">java.lang.ClassCastException: class de.uka.ilkd.key.java.StatementBlock cannot be cast to class de.uka.ilkd.key.java.ContextStatementBlock (de.uka.ilkd.key.java.StatementBlock and de.uka.ilkd.key.java.ContextStatementBlock are in unnamed module of loader 'app')
	at de.uka.ilkd.key.parser.TestTacletParser.testSchemaJava8(TestTacletParser.java:332)
	at java.base/jdk.internal.reflect.NativeMethodAccessorImpl.invoke0(Native Method)
	at java.base/jdk.internal.reflect.NativeMethodAccessorImpl.invoke(NativeMethodAccessorImpl.java:77)
	at java.base/jdk.internal.reflect.DelegatingMethodAccessorImpl.invoke(DelegatingMethodAccessorImpl.java:43)
	at java.base/java.lang.reflect.Method.invoke(Method.java:568)
	at org.junit.platform.commons.util.ReflectionUtils.invokeMethod(ReflectionUtils.java:727)
	at org.junit.jupiter.engine.execution.MethodInvocation.proceed(MethodInvocation.java:60)
	at org.junit.jupiter.engine.execution.InvocationInterceptorChain$ValidatingInvocation.proceed(InvocationInterceptorChain.java:131)
	at org.junit.jupiter.engine.extension.TimeoutExtension.intercept(TimeoutExtension.java:156)
	at org.junit.jupiter.engine.extension.TimeoutExtension.interceptTestableMethod(TimeoutExtension.java:147)
	at org.junit.jupiter.engine.extension.TimeoutExtension.interceptTestMethod(TimeoutExtension.java:86)
	at org.junit.jupiter.engine.execution.InterceptingExecutableInvoker$ReflectiveInterceptorCall.lambda$ofVoidMethod$0(InterceptingExecutableInvoker.java:103)
	at org.junit.jupiter.engine.execution.InterceptingExecutableInvoker.lambda$invoke$0(InterceptingExecutableInvoker.java:93)
	at org.junit.jupiter.engine.execution.InvocationInterceptorChain$InterceptedInvocation.proceed(InvocationInterceptorChain.java:106)
	at org.junit.jupiter.engine.execution.InvocationInterceptorChain.proceed(InvocationInterceptorChain.java:64)
	at org.junit.jupiter.engine.execution.InvocationInterceptorChain.chainAndInvoke(InvocationInterceptorChain.java:45)
	at org.junit.jupiter.engine.execution.InvocationInterceptorChain.invoke(InvocationInterceptorChain.java:37)
	at org.junit.jupiter.engine.execution.InterceptingExecutableInvoker.invoke(InterceptingExecutableInvoker.java:92)
	at org.junit.jupiter.engine.execution.InterceptingExecutableInvoker.invoke(InterceptingExecutableInvoker.java:86)
	at org.junit.jupiter.engine.descriptor.TestMethodTestDescriptor.lambda$invokeTestMethod$7(TestMethodTestDescriptor.java:217)
	at org.junit.platform.engine.support.hierarchical.ThrowableCollector.execute(ThrowableCollector.java:73)
	at org.junit.jupiter.engine.descriptor.TestMethodTestDescriptor.invokeTestMethod(TestMethodTestDescriptor.java:213)
	at org.junit.jupiter.engine.descriptor.TestMethodTestDescriptor.execute(TestMethodTestDescriptor.java:138)
	at org.junit.jupiter.engine.descriptor.TestMethodTestDescriptor.execute(TestMethodTestDescriptor.java:68)
	at org.junit.platform.engine.support.hierarchical.NodeTestTask.lambda$executeRecursively$6(NodeTestTask.java:151)
	at org.junit.platform.engine.support.hierarchical.ThrowableCollector.execute(ThrowableCollector.java:73)
	at org.junit.platform.engine.support.hierarchical.NodeTestTask.lambda$executeRecursively$8(NodeTestTask.java:141)
	at org.junit.platform.engine.support.hierarchical.Node.around(Node.java:137)
	at org.junit.platform.engine.support.hierarchical.NodeTestTask.lambda$executeRecursively$9(NodeTestTask.java:139)
	at org.junit.platform.engine.support.hierarchical.ThrowableCollector.execute(ThrowableCollector.java:73)
	at org.junit.platform.engine.support.hierarchical.NodeTestTask.executeRecursively(NodeTestTask.java:138)
	at org.junit.platform.engine.support.hierarchical.NodeTestTask.execute(NodeTestTask.java:95)
	at java.base/java.util.ArrayList.forEach(ArrayList.java:1511)
	at org.junit.platform.engine.support.hierarchical.SameThreadHierarchicalTestExecutorService.invokeAll(SameThreadHierarchicalTestExecutorService.java:41)
	at org.junit.platform.engine.support.hierarchical.NodeTestTask.lambda$executeRecursively$6(NodeTestTask.java:155)
	at org.junit.platform.engine.support.hierarchical.ThrowableCollector.execute(ThrowableCollector.java:73)
	at org.junit.platform.engine.support.hierarchical.NodeTestTask.lambda$executeRecursively$8(NodeTestTask.java:141)
	at org.junit.platform.engine.support.hierarchical.Node.around(Node.java:137)
	at org.junit.platform.engine.support.hierarchical.NodeTestTask.lambda$executeRecursively$9(NodeTestTask.java:139)
	at org.junit.platform.engine.support.hierarchical.ThrowableCollector.execute(ThrowableCollector.java:73)
	at org.junit.platform.engine.support.hierarchical.NodeTestTask.executeRecursively(NodeTestTask.java:138)
	at org.junit.platform.engine.support.hierarchical.NodeTestTask.execute(NodeTestTask.java:95)
	at java.base/java.util.ArrayList.forEach(ArrayList.java:1511)
	at org.junit.platform.engine.support.hierarchical.SameThreadHierarchicalTestExecutorService.invokeAll(SameThreadHierarchicalTestExecutorService.java:41)
	at org.junit.platform.engine.support.hierarchical.NodeTestTask.lambda$executeRecursively$6(NodeTestTask.java:155)
	at org.junit.platform.engine.support.hierarchical.ThrowableCollector.execute(ThrowableCollector.java:73)
	at org.junit.platform.engine.support.hierarchical.NodeTestTask.lambda$executeRecursively$8(NodeTestTask.java:141)
	at org.junit.platform.engine.support.hierarchical.Node.around(Node.java:137)
	at org.junit.platform.engine.support.hierarchical.NodeTestTask.lambda$executeRecursively$9(NodeTestTask.java:139)
	at org.junit.platform.engine.support.hierarchical.ThrowableCollector.execute(ThrowableCollector.java:73)
	at org.junit.platform.engine.support.hierarchical.NodeTestTask.executeRecursively(NodeTestTask.java:138)
	at org.junit.platform.engine.support.hierarchical.NodeTestTask.execute(NodeTestTask.java:95)
	at org.junit.platform.engine.support.hierarchical.SameThreadHierarchicalTestExecutorService.submit(SameThreadHierarchicalTestExecutorService.java:35)
	at org.junit.platform.engine.support.hierarchical.HierarchicalTestExecutor.execute(HierarchicalTestExecutor.java:57)
	at org.junit.platform.engine.support.hierarchical.HierarchicalTestEngine.execute(HierarchicalTestEngine.java:54)
	at org.junit.platform.launcher.core.EngineExecutionOrchestrator.execute(EngineExecutionOrchestrator.java:107)
	at org.junit.platform.launcher.core.EngineExecutionOrchestrator.execute(EngineExecutionOrchestrator.java:88)
	at org.junit.platform.launcher.core.EngineExecutionOrchestrator.lambda$execute$0(EngineExecutionOrchestrator.java:54)
	at org.junit.platform.launcher.core.EngineExecutionOrchestrator.withInterceptedStreams(EngineExecutionOrchestrator.java:67)
	at org.junit.platform.launcher.core.EngineExecutionOrchestrator.execute(EngineExecutionOrchestrator.java:52)
	at org.junit.platform.launcher.core.DefaultLauncher.execute(DefaultLauncher.java:114)
	at org.junit.platform.launcher.core.DefaultLauncher.execute(DefaultLauncher.java:86)
	at org.junit.platform.launcher.core.DefaultLauncherSession$DelegatingLauncher.execute(DefaultLauncherSession.java:86)
	at org.gradle.api.internal.tasks.testing.junitplatform.JUnitPlatformTestClassProcessor$CollectAllTestClassesExecutor.processAllTestClasses(JUnitPlatformTestClassProcessor.java:110)
	at org.gradle.api.internal.tasks.testing.junitplatform.JUnitPlatformTestClassProcessor$CollectAllTestClassesExecutor.access$000(JUnitPlatformTestClassProcessor.java:90)
	at org.gradle.api.internal.tasks.testing.junitplatform.JUnitPlatformTestClassProcessor.stop(JUnitPlatformTestClassProcessor.java:85)
	at org.gradle.api.internal.tasks.testing.SuiteTestClassProcessor.stop(SuiteTestClassProcessor.java:62)
	at java.base/jdk.internal.reflect.NativeMethodAccessorImpl.invoke0(Native Method)
	at java.base/jdk.internal.reflect.NativeMethodAccessorImpl.invoke(NativeMethodAccessorImpl.java:77)
	at java.base/jdk.internal.reflect.DelegatingMethodAccessorImpl.invoke(DelegatingMethodAccessorImpl.java:43)
	at java.base/java.lang.reflect.Method.invoke(Method.java:568)
	at org.gradle.internal.dispatch.ReflectionDispatch.dispatch(ReflectionDispatch.java:36)
	at org.gradle.internal.dispatch.ReflectionDispatch.dispatch(ReflectionDispatch.java:24)
	at org.gradle.internal.dispatch.ContextClassLoaderDispatch.dispatch(ContextClassLoaderDispatch.java:33)
	at org.gradle.internal.dispatch.ProxyDispatchAdapter$DispatchingInvocationHandler.invoke(ProxyDispatchAdapter.java:94)
	at jdk.proxy2/jdk.proxy2.$Proxy5.stop(Unknown Source)
	at org.gradle.api.internal.tasks.testing.worker.TestWorker$3.run(TestWorker.java:193)
	at org.gradle.api.internal.tasks.testing.worker.TestWorker.executeAndMaintainThreadName(TestWorker.java:129)
	at org.gradle.api.internal.tasks.testing.worker.TestWorker.execute(TestWorker.java:100)
	at org.gradle.api.internal.tasks.testing.worker.TestWorker.execute(TestWorker.java:60)
	at org.gradle.process.internal.worker.child.ActionExecutionWorker.execute(ActionExecutionWorker.java:56)
	at org.gradle.process.internal.worker.child.SystemApplicationClassLoaderWorker.call(SystemApplicationClassLoaderWorker.java:113)
	at org.gradle.process.internal.worker.child.SystemApplicationClassLoaderWorker.call(SystemApplicationClassLoaderWorker.java:65)
	at worker.org.gradle.process.internal.worker.GradleWorkerMain.run(GradleWorkerMain.java:69)
	at worker.org.gradle.process.internal.worker.GradleWorkerMain.main(GradleWorkerMain.java:74)
</failure>
  </testcase>
  <testcase name="testCut()" classname="de.uka.ilkd.key.parser.TestTacletParser" time="0.005"/>
  <testcase name="testMakeInsertEq()" classname="de.uka.ilkd.key.parser.TestTacletParser" time="0.006"/>
  <testcase name="testAllLeft()" classname="de.uka.ilkd.key.parser.TestTacletParser" time="0.005"/>
  <testcase name="testClose()" classname="de.uka.ilkd.key.parser.TestTacletParser" time="0.005"/>
  <testcase name="testSchemaJava10()" classname="de.uka.ilkd.key.parser.TestTacletParser" time="0.004">
    <failure message="java.lang.ClassCastException: class de.uka.ilkd.key.java.StatementBlock cannot be cast to class de.uka.ilkd.key.java.ContextStatementBlock (de.uka.ilkd.key.java.StatementBlock and de.uka.ilkd.key.java.ContextStatementBlock are in unnamed module of loader 'app')" type="java.lang.ClassCastException">java.lang.ClassCastException: class de.uka.ilkd.key.java.StatementBlock cannot be cast to class de.uka.ilkd.key.java.ContextStatementBlock (de.uka.ilkd.key.java.StatementBlock and de.uka.ilkd.key.java.ContextStatementBlock are in unnamed module of loader 'app')
	at de.uka.ilkd.key.parser.TestTacletParser.testSchemaJava10(TestTacletParser.java:341)
	at java.base/jdk.internal.reflect.NativeMethodAccessorImpl.invoke0(Native Method)
	at java.base/jdk.internal.reflect.NativeMethodAccessorImpl.invoke(NativeMethodAccessorImpl.java:77)
	at java.base/jdk.internal.reflect.DelegatingMethodAccessorImpl.invoke(DelegatingMethodAccessorImpl.java:43)
	at java.base/java.lang.reflect.Method.invoke(Method.java:568)
	at org.junit.platform.commons.util.ReflectionUtils.invokeMethod(ReflectionUtils.java:727)
	at org.junit.jupiter.engine.execution.MethodInvocation.proceed(MethodInvocation.java:60)
	at org.junit.jupiter.engine.execution.InvocationInterceptorChain$ValidatingInvocation.proceed(InvocationInterceptorChain.java:131)
	at org.junit.jupiter.engine.extension.TimeoutExtension.intercept(TimeoutExtension.java:156)
	at org.junit.jupiter.engine.extension.TimeoutExtension.interceptTestableMethod(TimeoutExtension.java:147)
	at org.junit.jupiter.engine.extension.TimeoutExtension.interceptTestMethod(TimeoutExtension.java:86)
	at org.junit.jupiter.engine.execution.InterceptingExecutableInvoker$ReflectiveInterceptorCall.lambda$ofVoidMethod$0(InterceptingExecutableInvoker.java:103)
	at org.junit.jupiter.engine.execution.InterceptingExecutableInvoker.lambda$invoke$0(InterceptingExecutableInvoker.java:93)
	at org.junit.jupiter.engine.execution.InvocationInterceptorChain$InterceptedInvocation.proceed(InvocationInterceptorChain.java:106)
	at org.junit.jupiter.engine.execution.InvocationInterceptorChain.proceed(InvocationInterceptorChain.java:64)
	at org.junit.jupiter.engine.execution.InvocationInterceptorChain.chainAndInvoke(InvocationInterceptorChain.java:45)
	at org.junit.jupiter.engine.execution.InvocationInterceptorChain.invoke(InvocationInterceptorChain.java:37)
	at org.junit.jupiter.engine.execution.InterceptingExecutableInvoker.invoke(InterceptingExecutableInvoker.java:92)
	at org.junit.jupiter.engine.execution.InterceptingExecutableInvoker.invoke(InterceptingExecutableInvoker.java:86)
	at org.junit.jupiter.engine.descriptor.TestMethodTestDescriptor.lambda$invokeTestMethod$7(TestMethodTestDescriptor.java:217)
	at org.junit.platform.engine.support.hierarchical.ThrowableCollector.execute(ThrowableCollector.java:73)
	at org.junit.jupiter.engine.descriptor.TestMethodTestDescriptor.invokeTestMethod(TestMethodTestDescriptor.java:213)
	at org.junit.jupiter.engine.descriptor.TestMethodTestDescriptor.execute(TestMethodTestDescriptor.java:138)
	at org.junit.jupiter.engine.descriptor.TestMethodTestDescriptor.execute(TestMethodTestDescriptor.java:68)
	at org.junit.platform.engine.support.hierarchical.NodeTestTask.lambda$executeRecursively$6(NodeTestTask.java:151)
	at org.junit.platform.engine.support.hierarchical.ThrowableCollector.execute(ThrowableCollector.java:73)
	at org.junit.platform.engine.support.hierarchical.NodeTestTask.lambda$executeRecursively$8(NodeTestTask.java:141)
	at org.junit.platform.engine.support.hierarchical.Node.around(Node.java:137)
	at org.junit.platform.engine.support.hierarchical.NodeTestTask.lambda$executeRecursively$9(NodeTestTask.java:139)
	at org.junit.platform.engine.support.hierarchical.ThrowableCollector.execute(ThrowableCollector.java:73)
	at org.junit.platform.engine.support.hierarchical.NodeTestTask.executeRecursively(NodeTestTask.java:138)
	at org.junit.platform.engine.support.hierarchical.NodeTestTask.execute(NodeTestTask.java:95)
	at java.base/java.util.ArrayList.forEach(ArrayList.java:1511)
	at org.junit.platform.engine.support.hierarchical.SameThreadHierarchicalTestExecutorService.invokeAll(SameThreadHierarchicalTestExecutorService.java:41)
	at org.junit.platform.engine.support.hierarchical.NodeTestTask.lambda$executeRecursively$6(NodeTestTask.java:155)
	at org.junit.platform.engine.support.hierarchical.ThrowableCollector.execute(ThrowableCollector.java:73)
	at org.junit.platform.engine.support.hierarchical.NodeTestTask.lambda$executeRecursively$8(NodeTestTask.java:141)
	at org.junit.platform.engine.support.hierarchical.Node.around(Node.java:137)
	at org.junit.platform.engine.support.hierarchical.NodeTestTask.lambda$executeRecursively$9(NodeTestTask.java:139)
	at org.junit.platform.engine.support.hierarchical.ThrowableCollector.execute(ThrowableCollector.java:73)
	at org.junit.platform.engine.support.hierarchical.NodeTestTask.executeRecursively(NodeTestTask.java:138)
	at org.junit.platform.engine.support.hierarchical.NodeTestTask.execute(NodeTestTask.java:95)
	at java.base/java.util.ArrayList.forEach(ArrayList.java:1511)
	at org.junit.platform.engine.support.hierarchical.SameThreadHierarchicalTestExecutorService.invokeAll(SameThreadHierarchicalTestExecutorService.java:41)
	at org.junit.platform.engine.support.hierarchical.NodeTestTask.lambda$executeRecursively$6(NodeTestTask.java:155)
	at org.junit.platform.engine.support.hierarchical.ThrowableCollector.execute(ThrowableCollector.java:73)
	at org.junit.platform.engine.support.hierarchical.NodeTestTask.lambda$executeRecursively$8(NodeTestTask.java:141)
	at org.junit.platform.engine.support.hierarchical.Node.around(Node.java:137)
	at org.junit.platform.engine.support.hierarchical.NodeTestTask.lambda$executeRecursively$9(NodeTestTask.java:139)
	at org.junit.platform.engine.support.hierarchical.ThrowableCollector.execute(ThrowableCollector.java:73)
	at org.junit.platform.engine.support.hierarchical.NodeTestTask.executeRecursively(NodeTestTask.java:138)
	at org.junit.platform.engine.support.hierarchical.NodeTestTask.execute(NodeTestTask.java:95)
	at org.junit.platform.engine.support.hierarchical.SameThreadHierarchicalTestExecutorService.submit(SameThreadHierarchicalTestExecutorService.java:35)
	at org.junit.platform.engine.support.hierarchical.HierarchicalTestExecutor.execute(HierarchicalTestExecutor.java:57)
	at org.junit.platform.engine.support.hierarchical.HierarchicalTestEngine.execute(HierarchicalTestEngine.java:54)
	at org.junit.platform.launcher.core.EngineExecutionOrchestrator.execute(EngineExecutionOrchestrator.java:107)
	at org.junit.platform.launcher.core.EngineExecutionOrchestrator.execute(EngineExecutionOrchestrator.java:88)
	at org.junit.platform.launcher.core.EngineExecutionOrchestrator.lambda$execute$0(EngineExecutionOrchestrator.java:54)
	at org.junit.platform.launcher.core.EngineExecutionOrchestrator.withInterceptedStreams(EngineExecutionOrchestrator.java:67)
	at org.junit.platform.launcher.core.EngineExecutionOrchestrator.execute(EngineExecutionOrchestrator.java:52)
	at org.junit.platform.launcher.core.DefaultLauncher.execute(DefaultLauncher.java:114)
	at org.junit.platform.launcher.core.DefaultLauncher.execute(DefaultLauncher.java:86)
	at org.junit.platform.launcher.core.DefaultLauncherSession$DelegatingLauncher.execute(DefaultLauncherSession.java:86)
	at org.gradle.api.internal.tasks.testing.junitplatform.JUnitPlatformTestClassProcessor$CollectAllTestClassesExecutor.processAllTestClasses(JUnitPlatformTestClassProcessor.java:110)
	at org.gradle.api.internal.tasks.testing.junitplatform.JUnitPlatformTestClassProcessor$CollectAllTestClassesExecutor.access$000(JUnitPlatformTestClassProcessor.java:90)
	at org.gradle.api.internal.tasks.testing.junitplatform.JUnitPlatformTestClassProcessor.stop(JUnitPlatformTestClassProcessor.java:85)
	at org.gradle.api.internal.tasks.testing.SuiteTestClassProcessor.stop(SuiteTestClassProcessor.java:62)
	at java.base/jdk.internal.reflect.NativeMethodAccessorImpl.invoke0(Native Method)
	at java.base/jdk.internal.reflect.NativeMethodAccessorImpl.invoke(NativeMethodAccessorImpl.java:77)
	at java.base/jdk.internal.reflect.DelegatingMethodAccessorImpl.invoke(DelegatingMethodAccessorImpl.java:43)
	at java.base/java.lang.reflect.Method.invoke(Method.java:568)
	at org.gradle.internal.dispatch.ReflectionDispatch.dispatch(ReflectionDispatch.java:36)
	at org.gradle.internal.dispatch.ReflectionDispatch.dispatch(ReflectionDispatch.java:24)
	at org.gradle.internal.dispatch.ContextClassLoaderDispatch.dispatch(ContextClassLoaderDispatch.java:33)
	at org.gradle.internal.dispatch.ProxyDispatchAdapter$DispatchingInvocationHandler.invoke(ProxyDispatchAdapter.java:94)
	at jdk.proxy2/jdk.proxy2.$Proxy5.stop(Unknown Source)
	at org.gradle.api.internal.tasks.testing.worker.TestWorker$3.run(TestWorker.java:193)
	at org.gradle.api.internal.tasks.testing.worker.TestWorker.executeAndMaintainThreadName(TestWorker.java:129)
	at org.gradle.api.internal.tasks.testing.worker.TestWorker.execute(TestWorker.java:100)
	at org.gradle.api.internal.tasks.testing.worker.TestWorker.execute(TestWorker.java:60)
	at org.gradle.process.internal.worker.child.ActionExecutionWorker.execute(ActionExecutionWorker.java:56)
	at org.gradle.process.internal.worker.child.SystemApplicationClassLoaderWorker.call(SystemApplicationClassLoaderWorker.java:113)
	at org.gradle.process.internal.worker.child.SystemApplicationClassLoaderWorker.call(SystemApplicationClassLoaderWorker.java:65)
	at worker.org.gradle.process.internal.worker.GradleWorkerMain.run(GradleWorkerMain.java:69)
	at worker.org.gradle.process.internal.worker.GradleWorkerMain.main(GradleWorkerMain.java:74)
</failure>
  </testcase>
  <testcase name="testSchemaJava11()" classname="de.uka.ilkd.key.parser.TestTacletParser" time="0.031"/>
  <testcase name="testFIdempotent()" classname="de.uka.ilkd.key.parser.TestTacletParser" time="0.007"/>
  <testcase name="testImpRight()" classname="de.uka.ilkd.key.parser.TestTacletParser" time="0.011"/>
  <testcase name="testVarcondNew()" classname="de.uka.ilkd.key.parser.TestTacletParser" time="0.004"/>
  <testcase name="testFreeReplacewithVariables()" classname="de.uka.ilkd.key.parser.TestTacletParser" time="0.006">
    <failure message="org.opentest4j.AssertionFailedError: Expected the taclet builder to throw an exception because of free variables in replacewith" type="org.opentest4j.AssertionFailedError">org.opentest4j.AssertionFailedError: Expected the taclet builder to throw an exception because of free variables in replacewith
	at app//org.junit.jupiter.api.AssertionUtils.fail(AssertionUtils.java:38)
	at app//org.junit.jupiter.api.Assertions.fail(Assertions.java:135)
	at app//de.uka.ilkd.key.parser.TestTacletParser.testFreeReplacewithVariables(TestTacletParser.java:372)
	at java.base@17.0.7/jdk.internal.reflect.NativeMethodAccessorImpl.invoke0(Native Method)
	at java.base@17.0.7/jdk.internal.reflect.NativeMethodAccessorImpl.invoke(NativeMethodAccessorImpl.java:77)
	at java.base@17.0.7/jdk.internal.reflect.DelegatingMethodAccessorImpl.invoke(DelegatingMethodAccessorImpl.java:43)
	at java.base@17.0.7/java.lang.reflect.Method.invoke(Method.java:568)
	at app//org.junit.platform.commons.util.ReflectionUtils.invokeMethod(ReflectionUtils.java:727)
	at app//org.junit.jupiter.engine.execution.MethodInvocation.proceed(MethodInvocation.java:60)
	at app//org.junit.jupiter.engine.execution.InvocationInterceptorChain$ValidatingInvocation.proceed(InvocationInterceptorChain.java:131)
	at app//org.junit.jupiter.engine.extension.TimeoutExtension.intercept(TimeoutExtension.java:156)
	at app//org.junit.jupiter.engine.extension.TimeoutExtension.interceptTestableMethod(TimeoutExtension.java:147)
	at app//org.junit.jupiter.engine.extension.TimeoutExtension.interceptTestMethod(TimeoutExtension.java:86)
	at app//org.junit.jupiter.engine.execution.InterceptingExecutableInvoker$ReflectiveInterceptorCall.lambda$ofVoidMethod$0(InterceptingExecutableInvoker.java:103)
	at app//org.junit.jupiter.engine.execution.InterceptingExecutableInvoker.lambda$invoke$0(InterceptingExecutableInvoker.java:93)
	at app//org.junit.jupiter.engine.execution.InvocationInterceptorChain$InterceptedInvocation.proceed(InvocationInterceptorChain.java:106)
	at app//org.junit.jupiter.engine.execution.InvocationInterceptorChain.proceed(InvocationInterceptorChain.java:64)
	at app//org.junit.jupiter.engine.execution.InvocationInterceptorChain.chainAndInvoke(InvocationInterceptorChain.java:45)
	at app//org.junit.jupiter.engine.execution.InvocationInterceptorChain.invoke(InvocationInterceptorChain.java:37)
	at app//org.junit.jupiter.engine.execution.InterceptingExecutableInvoker.invoke(InterceptingExecutableInvoker.java:92)
	at app//org.junit.jupiter.engine.execution.InterceptingExecutableInvoker.invoke(InterceptingExecutableInvoker.java:86)
	at app//org.junit.jupiter.engine.descriptor.TestMethodTestDescriptor.lambda$invokeTestMethod$7(TestMethodTestDescriptor.java:217)
	at app//org.junit.platform.engine.support.hierarchical.ThrowableCollector.execute(ThrowableCollector.java:73)
	at app//org.junit.jupiter.engine.descriptor.TestMethodTestDescriptor.invokeTestMethod(TestMethodTestDescriptor.java:213)
	at app//org.junit.jupiter.engine.descriptor.TestMethodTestDescriptor.execute(TestMethodTestDescriptor.java:138)
	at app//org.junit.jupiter.engine.descriptor.TestMethodTestDescriptor.execute(TestMethodTestDescriptor.java:68)
	at app//org.junit.platform.engine.support.hierarchical.NodeTestTask.lambda$executeRecursively$6(NodeTestTask.java:151)
	at app//org.junit.platform.engine.support.hierarchical.ThrowableCollector.execute(ThrowableCollector.java:73)
	at app//org.junit.platform.engine.support.hierarchical.NodeTestTask.lambda$executeRecursively$8(NodeTestTask.java:141)
	at app//org.junit.platform.engine.support.hierarchical.Node.around(Node.java:137)
	at app//org.junit.platform.engine.support.hierarchical.NodeTestTask.lambda$executeRecursively$9(NodeTestTask.java:139)
	at app//org.junit.platform.engine.support.hierarchical.ThrowableCollector.execute(ThrowableCollector.java:73)
	at app//org.junit.platform.engine.support.hierarchical.NodeTestTask.executeRecursively(NodeTestTask.java:138)
	at app//org.junit.platform.engine.support.hierarchical.NodeTestTask.execute(NodeTestTask.java:95)
	at java.base@17.0.7/java.util.ArrayList.forEach(ArrayList.java:1511)
	at app//org.junit.platform.engine.support.hierarchical.SameThreadHierarchicalTestExecutorService.invokeAll(SameThreadHierarchicalTestExecutorService.java:41)
	at app//org.junit.platform.engine.support.hierarchical.NodeTestTask.lambda$executeRecursively$6(NodeTestTask.java:155)
	at app//org.junit.platform.engine.support.hierarchical.ThrowableCollector.execute(ThrowableCollector.java:73)
	at app//org.junit.platform.engine.support.hierarchical.NodeTestTask.lambda$executeRecursively$8(NodeTestTask.java:141)
	at app//org.junit.platform.engine.support.hierarchical.Node.around(Node.java:137)
	at app//org.junit.platform.engine.support.hierarchical.NodeTestTask.lambda$executeRecursively$9(NodeTestTask.java:139)
	at app//org.junit.platform.engine.support.hierarchical.ThrowableCollector.execute(ThrowableCollector.java:73)
	at app//org.junit.platform.engine.support.hierarchical.NodeTestTask.executeRecursively(NodeTestTask.java:138)
	at app//org.junit.platform.engine.support.hierarchical.NodeTestTask.execute(NodeTestTask.java:95)
	at java.base@17.0.7/java.util.ArrayList.forEach(ArrayList.java:1511)
	at app//org.junit.platform.engine.support.hierarchical.SameThreadHierarchicalTestExecutorService.invokeAll(SameThreadHierarchicalTestExecutorService.java:41)
	at app//org.junit.platform.engine.support.hierarchical.NodeTestTask.lambda$executeRecursively$6(NodeTestTask.java:155)
	at app//org.junit.platform.engine.support.hierarchical.ThrowableCollector.execute(ThrowableCollector.java:73)
	at app//org.junit.platform.engine.support.hierarchical.NodeTestTask.lambda$executeRecursively$8(NodeTestTask.java:141)
	at app//org.junit.platform.engine.support.hierarchical.Node.around(Node.java:137)
	at app//org.junit.platform.engine.support.hierarchical.NodeTestTask.lambda$executeRecursively$9(NodeTestTask.java:139)
	at app//org.junit.platform.engine.support.hierarchical.ThrowableCollector.execute(ThrowableCollector.java:73)
	at app//org.junit.platform.engine.support.hierarchical.NodeTestTask.executeRecursively(NodeTestTask.java:138)
	at app//org.junit.platform.engine.support.hierarchical.NodeTestTask.execute(NodeTestTask.java:95)
	at app//org.junit.platform.engine.support.hierarchical.SameThreadHierarchicalTestExecutorService.submit(SameThreadHierarchicalTestExecutorService.java:35)
	at app//org.junit.platform.engine.support.hierarchical.HierarchicalTestExecutor.execute(HierarchicalTestExecutor.java:57)
	at app//org.junit.platform.engine.support.hierarchical.HierarchicalTestEngine.execute(HierarchicalTestEngine.java:54)
	at app//org.junit.platform.launcher.core.EngineExecutionOrchestrator.execute(EngineExecutionOrchestrator.java:107)
	at app//org.junit.platform.launcher.core.EngineExecutionOrchestrator.execute(EngineExecutionOrchestrator.java:88)
	at app//org.junit.platform.launcher.core.EngineExecutionOrchestrator.lambda$execute$0(EngineExecutionOrchestrator.java:54)
	at app//org.junit.platform.launcher.core.EngineExecutionOrchestrator.withInterceptedStreams(EngineExecutionOrchestrator.java:67)
	at app//org.junit.platform.launcher.core.EngineExecutionOrchestrator.execute(EngineExecutionOrchestrator.java:52)
	at app//org.junit.platform.launcher.core.DefaultLauncher.execute(DefaultLauncher.java:114)
	at app//org.junit.platform.launcher.core.DefaultLauncher.execute(DefaultLauncher.java:86)
	at app//org.junit.platform.launcher.core.DefaultLauncherSession$DelegatingLauncher.execute(DefaultLauncherSession.java:86)
	at org.gradle.api.internal.tasks.testing.junitplatform.JUnitPlatformTestClassProcessor$CollectAllTestClassesExecutor.processAllTestClasses(JUnitPlatformTestClassProcessor.java:110)
	at org.gradle.api.internal.tasks.testing.junitplatform.JUnitPlatformTestClassProcessor$CollectAllTestClassesExecutor.access$000(JUnitPlatformTestClassProcessor.java:90)
	at org.gradle.api.internal.tasks.testing.junitplatform.JUnitPlatformTestClassProcessor.stop(JUnitPlatformTestClassProcessor.java:85)
	at org.gradle.api.internal.tasks.testing.SuiteTestClassProcessor.stop(SuiteTestClassProcessor.java:62)
	at java.base@17.0.7/jdk.internal.reflect.NativeMethodAccessorImpl.invoke0(Native Method)
	at java.base@17.0.7/jdk.internal.reflect.NativeMethodAccessorImpl.invoke(NativeMethodAccessorImpl.java:77)
	at java.base@17.0.7/jdk.internal.reflect.DelegatingMethodAccessorImpl.invoke(DelegatingMethodAccessorImpl.java:43)
	at java.base@17.0.7/java.lang.reflect.Method.invoke(Method.java:568)
	at org.gradle.internal.dispatch.ReflectionDispatch.dispatch(ReflectionDispatch.java:36)
	at org.gradle.internal.dispatch.ReflectionDispatch.dispatch(ReflectionDispatch.java:24)
	at org.gradle.internal.dispatch.ContextClassLoaderDispatch.dispatch(ContextClassLoaderDispatch.java:33)
	at org.gradle.internal.dispatch.ProxyDispatchAdapter$DispatchingInvocationHandler.invoke(ProxyDispatchAdapter.java:94)
	at jdk.proxy2/jdk.proxy2.$Proxy5.stop(Unknown Source)
	at org.gradle.api.internal.tasks.testing.worker.TestWorker$3.run(TestWorker.java:193)
	at org.gradle.api.internal.tasks.testing.worker.TestWorker.executeAndMaintainThreadName(TestWorker.java:129)
	at org.gradle.api.internal.tasks.testing.worker.TestWorker.execute(TestWorker.java:100)
	at org.gradle.api.internal.tasks.testing.worker.TestWorker.execute(TestWorker.java:60)
	at org.gradle.process.internal.worker.child.ActionExecutionWorker.execute(ActionExecutionWorker.java:56)
	at org.gradle.process.internal.worker.child.SystemApplicationClassLoaderWorker.call(SystemApplicationClassLoaderWorker.java:113)
	at org.gradle.process.internal.worker.child.SystemApplicationClassLoaderWorker.call(SystemApplicationClassLoaderWorker.java:65)
	at app//worker.org.gradle.process.internal.worker.GradleWorkerMain.run(GradleWorkerMain.java:69)
	at app//worker.org.gradle.process.internal.worker.GradleWorkerMain.main(GradleWorkerMain.java:74)
</failure>
  </testcase>
  <testcase name="testImpLeft()" classname="de.uka.ilkd.key.parser.TestTacletParser" time="0.021"/>
  <testcase name="testContraposition()" classname="de.uka.ilkd.key.parser.TestTacletParser" time="0.008"/>
  <testcase name="testExConjSplit()" classname="de.uka.ilkd.key.parser.TestTacletParser" time="0.006"/>
  <system-out><![CDATA[]]></system-out>
  <system-err><![CDATA[48887      INFO  Test worker     d.u.i.k.n.KeyIO           Parsing took 0 ms 
48887      DEBUG Test worker     d.u.i.k.n.KeyIO           Load declarations of de.uka.ilkd.key.nparser.KeyAst$File:  <unknown>:1#1 
48887      INFO  Test worker     d.u.i.k.n.KeyIO           MODE: declarations took 0 ms 
48887      DEBUG Test worker     d.u.i.k.n.KeyIO           MODE: 2nd degree decls took 0 
48887      DEBUG Test worker     d.u.i.k.n.KeyIO           MODE: taclets took 0ms 
48903      INFO  Test worker     d.u.i.k.n.KeyIO           Parsing took 0 ms 
48903      DEBUG Test worker     d.u.i.k.n.KeyIO           Load declarations of de.uka.ilkd.key.nparser.KeyAst$File:  <unknown>:2#1 
48903      INFO  Test worker     d.u.i.k.n.KeyIO           MODE: declarations took 0 ms 
48903      DEBUG Test worker     d.u.i.k.n.KeyIO           MODE: 2nd degree decls took 0 
48903      DEBUG Test worker     d.u.i.k.n.KeyIO           MODE: taclets took 0ms 
48903      INFO  Test worker     d.u.i.k.n.KeyIO           Parsing took 0 ms 
48903      DEBUG Test worker     d.u.i.k.n.KeyIO           Load declarations of de.uka.ilkd.key.nparser.KeyAst$File:  <unknown>:1#1 
48903      INFO  Test worker     d.u.i.k.n.KeyIO           MODE: declarations took 0 ms 
48903      DEBUG Test worker     d.u.i.k.n.KeyIO           MODE: 2nd degree decls took 0 
48903      DEBUG Test worker     d.u.i.k.n.KeyIO           MODE: taclets took 0ms 
48903      INFO  Test worker     d.u.i.k.n.KeyIO           Parsing took 0 ms 
48903      DEBUG Test worker     d.u.i.k.n.KeyIO           Load declarations of de.uka.ilkd.key.nparser.KeyAst$File:  <unknown>:2#1 
48903      INFO  Test worker     d.u.i.k.n.KeyIO           MODE: declarations took 0 ms 
48903      DEBUG Test worker     d.u.i.k.n.KeyIO           MODE: 2nd degree decls took 0 
48918      DEBUG Test worker     d.u.i.k.n.KeyIO           MODE: taclets took 15ms 
48918      INFO  Test worker     d.u.i.k.n.KeyIO           Parsing took 0 ms 
48918      DEBUG Test worker     d.u.i.k.n.KeyIO           Load declarations of de.uka.ilkd.key.nparser.KeyAst$File:  <unknown>:1#1 
48918      INFO  Test worker     d.u.i.k.n.KeyIO           MODE: declarations took 0 ms 
48918      DEBUG Test worker     d.u.i.k.n.KeyIO           MODE: 2nd degree decls took 0 
48918      DEBUG Test worker     d.u.i.k.n.KeyIO           MODE: taclets took 0ms 
48918      WARN  Test worker     d.u.i.k.n.KeYParser       [syntax-error] null:2:21: extraneous input '<' expecting {MODALITY, FORALL, EXISTS, '\if', '\ifEx', 'true', 'false', '(', ')', '{', '@', NOT, '-', STRING_LITERAL, CHAR_LITERAL, BIN_LITERAL, HEX_LITERAL, IDENT, INT_LITERAL, FLOAT_LITERAL, DOUBLE_LITERAL, REAL_LITERAL} [@12,22:22='<',<173>,2:21] (argument_list, call, accessterm, primitive_term, primitive_labeled_term, bracket_term, atom_prefix, strong_arith_term_2, strong_arith_term_1, weak_arith_term, comparison_term, equality_term, term60, conjunction_term, disjunction_term, implication_term, equivalence_term, elementary_update_term, parallel_term, term, taclet, rulesOrAxioms, decls, file) 
48934      WARN  Test worker     d.u.i.k.n.KeYParser       [syntax-error] null:2:23: no viable alternative at input '{..' [@14,24:25='..',<144>,2:23] (atom_prefix, strong_arith_term_2, strong_arith_term_1, weak_arith_term, comparison_term, equality_term, term60, conjunction_term, disjunction_term, implication_term, equivalence_term, elementary_update_term, parallel_term, term, argument_list, call, accessterm, primitive_term, primitive_labeled_term, bracket_term, atom_prefix, strong_arith_term_2, strong_arith_term_1, weak_arith_term, comparison_term, equality_term, term60, conjunction_term, disjunction_term, implication_term, equivalence_term, elementary_update_term, parallel_term, term, taclet, rulesOrAxioms, decls, file) 
48934      WARN  Test worker     d.u.i.k.n.KeYParser       [syntax-error] null:2:33: mismatched input ';' expecting {',', ')'} [@21,34:34=';',<138>,2:33] (argument_list, call, accessterm, primitive_term, primitive_labeled_term, bracket_term, atom_prefix, strong_arith_term_2, strong_arith_term_1, weak_arith_term, comparison_term, equality_term, term60, conjunction_term, disjunction_term, implication_term, equivalence_term, elementary_update_term, parallel_term, term, taclet, rulesOrAxioms, decls, file) 
48934      WARN  Test worker     d.u.i.k.n.KeYParser       [syntax-error] null:2:41: no viable alternative at input '#i;' [@26,42:42=';',<138>,2:41] (option_list, taclet, rulesOrAxioms, decls, file) 
48934      WARN  Test worker     d.u.i.k.n.KeYParser       [syntax-error] null:2:43: mismatched input '<' expecting {'(', '{'} [@28,44:44='<',<173>,2:43] (taclet, rulesOrAxioms, decls, file) 
48934      WARN  Test worker     d.u.i.k.n.KeYParser       [syntax-error] null:2:47: mismatched input '+' expecting {'(', '{'} [@32,48:48='+',<167>,2:47] (taclet, rulesOrAxioms, decls, file) 
48934      WARN  Test worker     d.u.i.k.n.KeYParser       [syntax-error] null:2:52: extraneous input '..' expecting {'\lemma', '}', IDENT, '/*!'} [@37,53:54='..',<144>,2:52] (rulesOrAxioms, decls, file) 
48934      WARN  Test worker     d.u.i.k.n.KeYParser       [syntax-error] null:2:56: mismatched input '>' expecting {<EOF>, '\problem', '\chooseContract', '\proofObligation', '\proof'} [@40,57:57='>',<168>,2:56] (file) 
48934      INFO  Test worker     d.u.i.k.n.KeyIO           Parsing took 0 ms 
48934      DEBUG Test worker     d.u.i.k.n.KeyIO           Load declarations of de.uka.ilkd.key.nparser.KeyAst$File:  <unknown>:1#1 
48934      INFO  Test worker     d.u.i.k.n.KeyIO           MODE: declarations took 0 ms 
48934      DEBUG Test worker     d.u.i.k.n.KeyIO           MODE: 2nd degree decls took 0 
48934      DEBUG Test worker     d.u.i.k.n.KeyIO           MODE: taclets took 0ms 
48934      WARN  Test worker     d.u.i.k.n.KeYParser       [syntax-error] null:2:21: extraneous input '<' expecting {MODALITY, FORALL, EXISTS, '\if', '\ifEx', 'true', 'false', '(', ')', '{', '@', NOT, '-', STRING_LITERAL, CHAR_LITERAL, BIN_LITERAL, HEX_LITERAL, IDENT, INT_LITERAL, FLOAT_LITERAL, DOUBLE_LITERAL, REAL_LITERAL} [@12,22:22='<',<173>,2:21] (argument_list, call, accessterm, primitive_term, primitive_labeled_term, bracket_term, atom_prefix, strong_arith_term_2, strong_arith_term_1, weak_arith_term, comparison_term, equality_term, term60, conjunction_term, disjunction_term, implication_term, equivalence_term, elementary_update_term, parallel_term, term, taclet, rulesOrAxioms, decls, file) 
48934      WARN  Test worker     d.u.i.k.n.KeYParser       [syntax-error] null:2:23: no viable alternative at input '{..' [@14,24:25='..',<144>,2:23] (atom_prefix, strong_arith_term_2, strong_arith_term_1, weak_arith_term, comparison_term, equality_term, term60, conjunction_term, disjunction_term, implication_term, equivalence_term, elementary_update_term, parallel_term, term, argument_list, call, accessterm, primitive_term, primitive_labeled_term, bracket_term, atom_prefix, strong_arith_term_2, strong_arith_term_1, weak_arith_term, comparison_term, equality_term, term60, conjunction_term, disjunction_term, implication_term, equivalence_term, elementary_update_term, parallel_term, term, taclet, rulesOrAxioms, decls, file) 
48934      WARN  Test worker     d.u.i.k.n.KeYParser       [syntax-error] null:2:33: mismatched input ';' expecting {',', ')'} [@21,34:34=';',<138>,2:33] (argument_list, call, accessterm, primitive_term, primitive_labeled_term, bracket_term, atom_prefix, strong_arith_term_2, strong_arith_term_1, weak_arith_term, comparison_term, equality_term, term60, conjunction_term, disjunction_term, implication_term, equivalence_term, elementary_update_term, parallel_term, term, taclet, rulesOrAxioms, decls, file) 
48949      WARN  Test worker     d.u.i.k.n.KeYParser       [syntax-error] null:2:43: no viable alternative at input '#lab;' [@26,44:44=';',<138>,2:43] (option_list, taclet, rulesOrAxioms, decls, file) 
48949      WARN  Test worker     d.u.i.k.n.KeYParser       [syntax-error] null:2:45: mismatched input '<' expecting {'(', '{'} [@28,46:46='<',<173>,2:45] (taclet, rulesOrAxioms, decls, file) 
48949      WARN  Test worker     d.u.i.k.n.KeYParser       [syntax-error] null:2:50: mismatched input '+' expecting {'(', '{'} [@32,51:51='+',<167>,2:50] (taclet, rulesOrAxioms, decls, file) 
48949      WARN  Test worker     d.u.i.k.n.KeYParser       [syntax-error] null:2:56: extraneous input '..' expecting {'\lemma', '}', IDENT, '/*!'} [@38,57:58='..',<144>,2:56] (rulesOrAxioms, decls, file) 
48949      WARN  Test worker     d.u.i.k.n.KeYParser       [syntax-error] null:2:60: mismatched input '>' expecting {<EOF>, '\problem', '\chooseContract', '\proofObligation', '\proof'} [@41,61:61='>',<168>,2:60] (file) 
48949      INFO  Test worker     d.u.i.k.n.KeyIO           Parsing took 0 ms 
48949      DEBUG Test worker     d.u.i.k.n.KeyIO           Load declarations of de.uka.ilkd.key.nparser.KeyAst$File:  <unknown>:1#1 
48949      INFO  Test worker     d.u.i.k.n.KeyIO           MODE: declarations took 0 ms 
48949      DEBUG Test worker     d.u.i.k.n.KeyIO           MODE: 2nd degree decls took 0 
48949      DEBUG Test worker     d.u.i.k.n.KeyIO           MODE: taclets took 0ms 
48949      INFO  Test worker     d.u.i.k.n.KeyIO           Parsing took 0 ms 
48949      DEBUG Test worker     d.u.i.k.n.KeyIO           Load declarations of de.uka.ilkd.key.nparser.KeyAst$File:  <unknown>:2#1 
48949      INFO  Test worker     d.u.i.k.n.KeyIO           MODE: declarations took 0 ms 
48949      DEBUG Test worker     d.u.i.k.n.KeyIO           MODE: 2nd degree decls took 0 
48949      DEBUG Test worker     d.u.i.k.n.KeyIO           MODE: taclets took 0ms 
48949      INFO  Test worker     d.u.i.k.n.KeyIO           Parsing took 0 ms 
48949      DEBUG Test worker     d.u.i.k.n.KeyIO           Load declarations of de.uka.ilkd.key.nparser.KeyAst$File:  <unknown>:1#1 
48949      INFO  Test worker     d.u.i.k.n.KeyIO           MODE: declarations took 0 ms 
48949      DEBUG Test worker     d.u.i.k.n.KeyIO           MODE: 2nd degree decls took 0 
48965      DEBUG Test worker     d.u.i.k.n.KeyIO           MODE: taclets took 0ms 
48965      INFO  Test worker     d.u.i.k.n.KeyIO           Parsing took 0 ms 
48965      DEBUG Test worker     d.u.i.k.n.KeyIO           Load declarations of de.uka.ilkd.key.nparser.KeyAst$File:  <unknown>:2#1 
48965      INFO  Test worker     d.u.i.k.n.KeyIO           MODE: declarations took 0 ms 
48965      DEBUG Test worker     d.u.i.k.n.KeyIO           MODE: 2nd degree decls took 0 
48965      DEBUG Test worker     d.u.i.k.n.KeyIO           MODE: taclets took 0ms 
48965      INFO  Test worker     d.u.i.k.n.KeyIO           Parsing took 0 ms 
48965      DEBUG Test worker     d.u.i.k.n.KeyIO           Load declarations of de.uka.ilkd.key.nparser.KeyAst$File:  <unknown>:1#1 
48965      INFO  Test worker     d.u.i.k.n.KeyIO           MODE: declarations took 0 ms 
48965      DEBUG Test worker     d.u.i.k.n.KeyIO           MODE: 2nd degree decls took 0 
48965      DEBUG Test worker     d.u.i.k.n.KeyIO           MODE: taclets took 0ms 
48965      INFO  Test worker     d.u.i.k.n.KeyIO           Parsing took 0 ms 
48965      DEBUG Test worker     d.u.i.k.n.KeyIO           Load declarations of de.uka.ilkd.key.nparser.KeyAst$File:  <unknown>:2#1 
48965      INFO  Test worker     d.u.i.k.n.KeyIO           MODE: declarations took 0 ms 
48965      DEBUG Test worker     d.u.i.k.n.KeyIO           MODE: 2nd degree decls took 0 
48965      DEBUG Test worker     d.u.i.k.n.KeyIO           MODE: taclets took 0ms 
48965      INFO  Test worker     d.u.i.k.n.KeyIO           Parsing took 0 ms 
48965      DEBUG Test worker     d.u.i.k.n.KeyIO           Load declarations of de.uka.ilkd.key.nparser.KeyAst$File:  <unknown>:1#1 
48965      INFO  Test worker     d.u.i.k.n.KeyIO           MODE: declarations took 0 ms 
48965      DEBUG Test worker     d.u.i.k.n.KeyIO           MODE: 2nd degree decls took 0 
48965      DEBUG Test worker     d.u.i.k.n.KeyIO           MODE: taclets took 0ms 
48965      INFO  Test worker     d.u.i.k.n.KeyIO           Parsing took 0 ms 
48965      DEBUG Test worker     d.u.i.k.n.KeyIO           Load declarations of de.uka.ilkd.key.nparser.KeyAst$File:  <unknown>:2#1 
48965      INFO  Test worker     d.u.i.k.n.KeyIO           MODE: declarations took 0 ms 
48965      DEBUG Test worker     d.u.i.k.n.KeyIO           MODE: 2nd degree decls took 0 
48965      DEBUG Test worker     d.u.i.k.n.KeyIO           MODE: taclets took 0ms 
48981      INFO  Test worker     d.u.i.k.n.KeyIO           Parsing took 0 ms 
48981      DEBUG Test worker     d.u.i.k.n.KeyIO           Load declarations of de.uka.ilkd.key.nparser.KeyAst$File:  <unknown>:1#1 
48981      INFO  Test worker     d.u.i.k.n.KeyIO           MODE: declarations took 0 ms 
48981      DEBUG Test worker     d.u.i.k.n.KeyIO           MODE: 2nd degree decls took 0 
48981      DEBUG Test worker     d.u.i.k.n.KeyIO           MODE: taclets took 0ms 
48981      INFO  Test worker     d.u.i.k.n.KeyIO           Parsing took 0 ms 
48981      DEBUG Test worker     d.u.i.k.n.KeyIO           Load declarations of de.uka.ilkd.key.nparser.KeyAst$File:  <unknown>:2#1 
48981      INFO  Test worker     d.u.i.k.n.KeyIO           MODE: declarations took 0 ms 
48981      DEBUG Test worker     d.u.i.k.n.KeyIO           MODE: 2nd degree decls took 0 
48981      DEBUG Test worker     d.u.i.k.n.KeyIO           MODE: taclets took 0ms 
48981      INFO  Test worker     d.u.i.k.n.KeyIO           Parsing took 0 ms 
48981      DEBUG Test worker     d.u.i.k.n.KeyIO           Load declarations of de.uka.ilkd.key.nparser.KeyAst$File:  <unknown>:1#1 
48981      INFO  Test worker     d.u.i.k.n.KeyIO           MODE: declarations took 0 ms 
48981      DEBUG Test worker     d.u.i.k.n.KeyIO           MODE: 2nd degree decls took 0 
48981      DEBUG Test worker     d.u.i.k.n.KeyIO           MODE: taclets took 0ms 
48981      INFO  Test worker     d.u.i.k.n.KeyIO           Parsing took 0 ms 
48981      DEBUG Test worker     d.u.i.k.n.KeyIO           Load declarations of de.uka.ilkd.key.nparser.KeyAst$File:  <unknown>:2#1 
48981      INFO  Test worker     d.u.i.k.n.KeyIO           MODE: declarations took 0 ms 
48981      DEBUG Test worker     d.u.i.k.n.KeyIO           MODE: 2nd degree decls took 0 
48981      DEBUG Test worker     d.u.i.k.n.KeyIO           MODE: taclets took 0ms 
48981      INFO  Test worker     d.u.i.k.n.KeyIO           Parsing took 0 ms 
48981      DEBUG Test worker     d.u.i.k.n.KeyIO           Load declarations of de.uka.ilkd.key.nparser.KeyAst$File:  <unknown>:1#1 
48981      INFO  Test worker     d.u.i.k.n.KeyIO           MODE: declarations took 0 ms 
48981      DEBUG Test worker     d.u.i.k.n.KeyIO           MODE: 2nd degree decls took 0 
48981      DEBUG Test worker     d.u.i.k.n.KeyIO           MODE: taclets took 0ms 
48981      INFO  Test worker     d.u.i.k.n.KeyIO           Parsing took 0 ms 
48981      DEBUG Test worker     d.u.i.k.n.KeyIO           Load declarations of de.uka.ilkd.key.nparser.KeyAst$File:  <unknown>:2#1 
48981      INFO  Test worker     d.u.i.k.n.KeyIO           MODE: declarations took 0 ms 
48981      DEBUG Test worker     d.u.i.k.n.KeyIO           MODE: 2nd degree decls took 0 
48996      DEBUG Test worker     d.u.i.k.n.KeyIO           MODE: taclets took 15ms 
48996      INFO  Test worker     d.u.i.k.n.KeyIO           Parsing took 0 ms 
48996      DEBUG Test worker     d.u.i.k.n.KeyIO           Load declarations of de.uka.ilkd.key.nparser.KeyAst$File:  <unknown>:1#1 
48996      INFO  Test worker     d.u.i.k.n.KeyIO           MODE: declarations took 0 ms 
48996      DEBUG Test worker     d.u.i.k.n.KeyIO           MODE: 2nd degree decls took 0 
48996      DEBUG Test worker     d.u.i.k.n.KeyIO           MODE: taclets took 0ms 
48996      INFO  Test worker     d.u.i.k.n.KeyIO           Parsing took 0 ms 
48996      DEBUG Test worker     d.u.i.k.n.KeyIO           Load declarations of de.uka.ilkd.key.nparser.KeyAst$File:  <unknown>:2#1 
48996      INFO  Test worker     d.u.i.k.n.KeyIO           MODE: declarations took 0 ms 
48996      DEBUG Test worker     d.u.i.k.n.KeyIO           MODE: 2nd degree decls took 0 
48996      DEBUG Test worker     d.u.i.k.n.KeyIO           MODE: taclets took 0ms 
48996      INFO  Test worker     d.u.i.k.n.KeyIO           Parsing took 0 ms 
48996      DEBUG Test worker     d.u.i.k.n.KeyIO           Load declarations of de.uka.ilkd.key.nparser.KeyAst$File:  <unknown>:1#1 
48996      INFO  Test worker     d.u.i.k.n.KeyIO           MODE: declarations took 0 ms 
48996      DEBUG Test worker     d.u.i.k.n.KeyIO           MODE: 2nd degree decls took 0 
48996      DEBUG Test worker     d.u.i.k.n.KeyIO           MODE: taclets took 0ms 
48996      INFO  Test worker     d.u.i.k.n.KeyIO           Parsing took 0 ms 
48996      DEBUG Test worker     d.u.i.k.n.KeyIO           Load declarations of de.uka.ilkd.key.nparser.KeyAst$File:  <unknown>:2#1 
48996      INFO  Test worker     d.u.i.k.n.KeyIO           MODE: declarations took 0 ms 
48996      DEBUG Test worker     d.u.i.k.n.KeyIO           MODE: 2nd degree decls took 0 
49028      ERROR Test worker     d.u.i.k.j.KeYJPMapping    Duplicate registration of node: #ar, formerNode: #ar 
49028      DEBUG Test worker     d.u.i.k.n.KeyIO           MODE: taclets took 32ms 
49028      INFO  Test worker     d.u.i.k.n.KeyIO           Parsing took 0 ms 
49028      DEBUG Test worker     d.u.i.k.n.KeyIO           Load declarations of de.uka.ilkd.key.nparser.KeyAst$File:  <unknown>:1#1 
49028      INFO  Test worker     d.u.i.k.n.KeyIO           MODE: declarations took 0 ms 
49028      DEBUG Test worker     d.u.i.k.n.KeyIO           MODE: 2nd degree decls took 0 
49028      DEBUG Test worker     d.u.i.k.n.KeyIO           MODE: taclets took 0ms 
49028      INFO  Test worker     d.u.i.k.n.KeyIO           Parsing took 0 ms 
49028      DEBUG Test worker     d.u.i.k.n.KeyIO           Load declarations of de.uka.ilkd.key.nparser.KeyAst$File:  <unknown>:2#1 
49028      INFO  Test worker     d.u.i.k.n.KeyIO           MODE: declarations took 0 ms 
49028      DEBUG Test worker     d.u.i.k.n.KeyIO           MODE: 2nd degree decls took 0 
49028      DEBUG Test worker     d.u.i.k.n.KeyIO           MODE: taclets took 0ms 
49028      INFO  Test worker     d.u.i.k.n.KeyIO           Parsing took 0 ms 
49028      DEBUG Test worker     d.u.i.k.n.KeyIO           Load declarations of de.uka.ilkd.key.nparser.KeyAst$File:  <unknown>:1#1 
49028      INFO  Test worker     d.u.i.k.n.KeyIO           MODE: declarations took 0 ms 
49028      DEBUG Test worker     d.u.i.k.n.KeyIO           MODE: 2nd degree decls took 0 
49028      DEBUG Test worker     d.u.i.k.n.KeyIO           MODE: taclets took 0ms 
49043      INFO  Test worker     d.u.i.k.n.KeyIO           Parsing took 0 ms 
49043      DEBUG Test worker     d.u.i.k.n.KeyIO           Load declarations of de.uka.ilkd.key.nparser.KeyAst$File:  <unknown>:2#1 
49043      INFO  Test worker     d.u.i.k.n.KeyIO           MODE: declarations took 0 ms 
49043      DEBUG Test worker     d.u.i.k.n.KeyIO           MODE: 2nd degree decls took 0 
49043      DEBUG Test worker     d.u.i.k.n.KeyIO           MODE: taclets took 0ms 
49043      INFO  Test worker     d.u.i.k.n.KeyIO           Parsing took 0 ms 
49043      DEBUG Test worker     d.u.i.k.n.KeyIO           Load declarations of de.uka.ilkd.key.nparser.KeyAst$File:  <unknown>:1#1 
49043      INFO  Test worker     d.u.i.k.n.KeyIO           MODE: declarations took 0 ms 
49043      DEBUG Test worker     d.u.i.k.n.KeyIO           MODE: 2nd degree decls took 0 
49043      DEBUG Test worker     d.u.i.k.n.KeyIO           MODE: taclets took 0ms 
49043      INFO  Test worker     d.u.i.k.n.KeyIO           Parsing took 0 ms 
49043      DEBUG Test worker     d.u.i.k.n.KeyIO           Load declarations of de.uka.ilkd.key.nparser.KeyAst$File:  <unknown>:2#1 
49043      INFO  Test worker     d.u.i.k.n.KeyIO           MODE: declarations took 0 ms 
49043      DEBUG Test worker     d.u.i.k.n.KeyIO           MODE: 2nd degree decls took 0 
49043      DEBUG Test worker     d.u.i.k.n.KeyIO           MODE: taclets took 0ms 
49043      INFO  Test worker     d.u.i.k.n.KeyIO           Parsing took 0 ms 
49043      DEBUG Test worker     d.u.i.k.n.KeyIO           Load declarations of de.uka.ilkd.key.nparser.KeyAst$File:  <unknown>:2#1 
49043      INFO  Test worker     d.u.i.k.n.KeyIO           MODE: declarations took 0 ms 
49043      DEBUG Test worker     d.u.i.k.n.KeyIO           MODE: 2nd degree decls took 0 
49043      DEBUG Test worker     d.u.i.k.n.KeyIO           MODE: taclets took 0ms 
49043      INFO  Test worker     d.u.i.k.n.KeyIO           Parsing took 0 ms 
49043      DEBUG Test worker     d.u.i.k.n.KeyIO           Load declarations of de.uka.ilkd.key.nparser.KeyAst$File:  <unknown>:1#1 
49043      INFO  Test worker     d.u.i.k.n.KeyIO           MODE: declarations took 0 ms 
49043      DEBUG Test worker     d.u.i.k.n.KeyIO           MODE: 2nd degree decls took 0 
49043      DEBUG Test worker     d.u.i.k.n.KeyIO           MODE: taclets took 0ms 
49043      INFO  Test worker     d.u.i.k.n.KeyIO           Parsing took 0 ms 
49043      DEBUG Test worker     d.u.i.k.n.KeyIO           Load declarations of de.uka.ilkd.key.nparser.KeyAst$File:  <unknown>:2#1 
49043      INFO  Test worker     d.u.i.k.n.KeyIO           MODE: declarations took 0 ms 
49043      DEBUG Test worker     d.u.i.k.n.KeyIO           MODE: 2nd degree decls took 0 
49059      ERROR Test worker     d.u.i.k.n.b.AbstractBuilder  de.uka.ilkd.key.rule.tacletbuilder.TacletBuilder$TacletBuilderException: (unknown taclet name): Free Variable in replacewith sequent in Taclet / sequent: []==>[b,equals(z,z)]
	at de.uka.ilkd.key.rule.tacletbuilder.TacletBuilder.checkContainsFreeVarSV(TacletBuilder.java:76)

49059      ERROR Test worker     d.u.i.k.n.b.TacletPBuilder Error in parsing taclet. de.uka.ilkd.key.util.parsing.BuildingException: (unknown taclet name): Free Variable in replacewith sequent in Taclet / sequent: []==>[b,equals(z,z)] at <unknown>:2:29
	at de.uka.ilkd.key.nparser.builder.AbstractBuilder.accept(AbstractBuilder.java:54)
Caused by: de.uka.ilkd.key.rule.tacletbuilder.TacletBuilder$TacletBuilderException: (unknown taclet name): Free Variable in replacewith sequent in Taclet / sequent: []==>[b,equals(z,z)]
	at de.uka.ilkd.key.rule.tacletbuilder.TacletBuilder.checkContainsFreeVarSV(TacletBuilder.java:76)

49059      DEBUG Test worker     d.u.i.k.n.KeyIO           MODE: taclets took 16ms 
49059      INFO  Test worker     d.u.i.k.n.KeyIO           Parsing took 0 ms 
49059      DEBUG Test worker     d.u.i.k.n.KeyIO           Load declarations of de.uka.ilkd.key.nparser.KeyAst$File:  <unknown>:1#1 
49059      INFO  Test worker     d.u.i.k.n.KeyIO           MODE: declarations took 0 ms 
49074      DEBUG Test worker     d.u.i.k.n.KeyIO           MODE: 2nd degree decls took 15 
49074      DEBUG Test worker     d.u.i.k.n.KeyIO           MODE: taclets took 0ms 
49074      INFO  Test worker     d.u.i.k.n.KeyIO           Parsing took 0 ms 
49074      DEBUG Test worker     d.u.i.k.n.KeyIO           Load declarations of de.uka.ilkd.key.nparser.KeyAst$File:  <unknown>:2#1 
49074      INFO  Test worker     d.u.i.k.n.KeyIO           MODE: declarations took 0 ms 
49074      DEBUG Test worker     d.u.i.k.n.KeyIO           MODE: 2nd degree decls took 0 
49074      DEBUG Test worker     d.u.i.k.n.KeyIO           MODE: taclets took 0ms 
49074      INFO  Test worker     d.u.i.k.n.KeyIO           Parsing took 0 ms 
49074      DEBUG Test worker     d.u.i.k.n.KeyIO           Load declarations of de.uka.ilkd.key.nparser.KeyAst$File:  <unknown>:1#1 
49074      INFO  Test worker     d.u.i.k.n.KeyIO           MODE: declarations took 0 ms 
49074      DEBUG Test worker     d.u.i.k.n.KeyIO           MODE: 2nd degree decls took 0 
49074      DEBUG Test worker     d.u.i.k.n.KeyIO           MODE: taclets took 0ms 
49074      INFO  Test worker     d.u.i.k.n.KeyIO           Parsing took 0 ms 
49074      DEBUG Test worker     d.u.i.k.n.KeyIO           Load declarations of de.uka.ilkd.key.nparser.KeyAst$File:  <unknown>:2#1 
49074      INFO  Test worker     d.u.i.k.n.KeyIO           MODE: declarations took 0 ms 
49074      DEBUG Test worker     d.u.i.k.n.KeyIO           MODE: 2nd degree decls took 0 
49090      DEBUG Test worker     d.u.i.k.n.KeyIO           MODE: taclets took 16ms 
49090      INFO  Test worker     d.u.i.k.n.KeyIO           Parsing took 0 ms 
49090      DEBUG Test worker     d.u.i.k.n.KeyIO           Load declarations of de.uka.ilkd.key.nparser.KeyAst$File:  <unknown>:1#1 
49090      INFO  Test worker     d.u.i.k.n.KeyIO           MODE: declarations took 0 ms 
49090      DEBUG Test worker     d.u.i.k.n.KeyIO           MODE: 2nd degree decls took 0 
49090      DEBUG Test worker     d.u.i.k.n.KeyIO           MODE: taclets took 0ms 
49090      INFO  Test worker     d.u.i.k.n.KeyIO           Parsing took 0 ms 
49090      DEBUG Test worker     d.u.i.k.n.KeyIO           Load declarations of de.uka.ilkd.key.nparser.KeyAst$File:  <unknown>:2#1 
49090      INFO  Test worker     d.u.i.k.n.KeyIO           MODE: declarations took 0 ms 
49090      DEBUG Test worker     d.u.i.k.n.KeyIO           MODE: 2nd degree decls took 0 
49090      DEBUG Test worker     d.u.i.k.n.KeyIO           MODE: taclets took 0ms 
]]></system-err>
</testsuite>
