<?xml version="1.0" encoding="UTF-8"?>
<testsuite name="de.uka.ilkd.key.parser.TestTermParserHeap" tests="39" skipped="0" failures="34" errors="0" timestamp="2023-06-12T15:58:05" hostname="fv-az282-703" time="13.953">
  <properties/>
  <testcase name="testBracketHeapUpdate()" classname="de.uka.ilkd.key.parser.TestTermParserHeap" time="0.083">
    <failure message="Unknown java attribute: f at &lt;unknown&gt;:1:1 (&lt;unknown&gt;:1:1)" type="de.uka.ilkd.key.util.parsing.BuildingException">Unknown java attribute: f at &lt;unknown&gt;:1:1 (&lt;unknown&gt;:1:1)
	at app//de.uka.ilkd.key.nparser.builder.AbstractBuilder.semanticError(AbstractBuilder.java:179)
	at app//de.uka.ilkd.key.nparser.builder.ExpressionBuilder.visitAccesstermAsJava(ExpressionBuilder.java:1261)
	at app//de.uka.ilkd.key.nparser.builder.ExpressionBuilder.visitAccessterm(ExpressionBuilder.java:1404)
	at app//de.uka.ilkd.key.nparser.builder.ExpressionBuilder.visitAccessterm(ExpressionBuilder.java:49)
	at app//de.uka.ilkd.key.nparser.KeYParser$AccesstermContext.accept(KeYParser.java:6174)
	at app//org.antlr.v4.runtime.tree.AbstractParseTreeVisitor.visitChildren(AbstractParseTreeVisitor.java:46)
	at app//de.uka.ilkd.key.nparser.KeYParserBaseVisitor.visitPrimitive_term(KeYParserBaseVisitor.java:542)
	at app//de.uka.ilkd.key.nparser.KeYParser$Primitive_termContext.accept(KeYParser.java:6074)
	at app//de.uka.ilkd.key.nparser.builder.AbstractBuilder.accept(AbstractBuilder.java:48)
	at app//de.uka.ilkd.key.nparser.builder.DefaultBuilder.accept(DefaultBuilder.java:35)
	at app//de.uka.ilkd.key.nparser.builder.ExpressionBuilder.visitPrimitive_labeled_term(ExpressionBuilder.java:877)
	at app//de.uka.ilkd.key.nparser.KeYParser$Primitive_labeled_termContext.accept(KeYParser.java:5877)
	at app//de.uka.ilkd.key.nparser.builder.AbstractBuilder.accept(AbstractBuilder.java:48)
	at app//de.uka.ilkd.key.nparser.builder.DefaultBuilder.accept(DefaultBuilder.java:35)
	at app//de.uka.ilkd.key.nparser.builder.ExpressionBuilder.visitBracket_term(ExpressionBuilder.java:403)
	at app//de.uka.ilkd.key.nparser.KeYParser$Bracket_termContext.accept(KeYParser.java:5527)
	at app//org.antlr.v4.runtime.tree.AbstractParseTreeVisitor.visitChildren(AbstractParseTreeVisitor.java:46)
	at app//de.uka.ilkd.key.nparser.KeYParserBaseVisitor.visitAtom_prefix(KeYParserBaseVisitor.java:472)
	at app//de.uka.ilkd.key.nparser.KeYParser$Atom_prefixContext.accept(KeYParser.java:5429)
	at app//de.uka.ilkd.key.nparser.builder.AbstractBuilder.accept(AbstractBuilder.java:48)
	at app//de.uka.ilkd.key.nparser.builder.DefaultBuilder.accept(DefaultBuilder.java:35)
	at app//de.uka.ilkd.key.nparser.builder.ExpressionBuilder.visitStrong_arith_term_2(ExpressionBuilder.java:382)
	at app//de.uka.ilkd.key.nparser.KeYParser$Strong_arith_term_2Context.accept(KeYParser.java:5035)
	at app//de.uka.ilkd.key.nparser.builder.AbstractBuilder.accept(AbstractBuilder.java:48)
	at app//de.uka.ilkd.key.nparser.builder.DefaultBuilder.accept(DefaultBuilder.java:35)
	at app//de.uka.ilkd.key.nparser.builder.ExpressionBuilder.visitStrong_arith_term_1(ExpressionBuilder.java:368)
	at app//de.uka.ilkd.key.nparser.KeYParser$Strong_arith_term_1Context.accept(KeYParser.java:4963)
	at app//de.uka.ilkd.key.nparser.builder.AbstractBuilder.accept(AbstractBuilder.java:48)
	at app//de.uka.ilkd.key.nparser.builder.DefaultBuilder.accept(DefaultBuilder.java:35)
	at app//de.uka.ilkd.key.nparser.builder.ExpressionBuilder.visitWeak_arith_term(ExpressionBuilder.java:331)
	at app//de.uka.ilkd.key.nparser.KeYParser$Weak_arith_termContext.accept(KeYParser.java:4877)
	at app//de.uka.ilkd.key.nparser.builder.AbstractBuilder.accept(AbstractBuilder.java:48)
	at app//de.uka.ilkd.key.nparser.builder.DefaultBuilder.accept(DefaultBuilder.java:35)
	at app//de.uka.ilkd.key.nparser.builder.ExpressionBuilder.visitComparison_term(ExpressionBuilder.java:305)
	at app//de.uka.ilkd.key.nparser.KeYParser$Comparison_termContext.accept(KeYParser.java:4793)
	at app//de.uka.ilkd.key.nparser.builder.AbstractBuilder.accept(AbstractBuilder.java:48)
	at app//de.uka.ilkd.key.nparser.builder.DefaultBuilder.accept(DefaultBuilder.java:35)
	at app//de.uka.ilkd.key.nparser.builder.ExpressionBuilder.visitEquality_term(ExpressionBuilder.java:294)
	at app//de.uka.ilkd.key.nparser.builder.ExpressionBuilder.visitEquality_term(ExpressionBuilder.java:49)
	at app//de.uka.ilkd.key.nparser.KeYParser$Equality_termContext.accept(KeYParser.java:4718)
	at app//org.antlr.v4.runtime.tree.AbstractParseTreeVisitor.visitChildren(AbstractParseTreeVisitor.java:46)
	at app//de.uka.ilkd.key.nparser.KeYParserBaseVisitor.visitTerm60(KeYParserBaseVisitor.java:381)
	at app//de.uka.ilkd.key.nparser.KeYParser$Term60Context.accept(KeYParser.java:4485)
	at app//de.uka.ilkd.key.nparser.builder.AbstractBuilder.accept(AbstractBuilder.java:48)
	at app//de.uka.ilkd.key.nparser.builder.DefaultBuilder.accept(DefaultBuilder.java:35)
	at app//de.uka.ilkd.key.nparser.builder.ExpressionBuilder.visitConjunction_term(ExpressionBuilder.java:238)
	at app//de.uka.ilkd.key.nparser.builder.ExpressionBuilder.visitConjunction_term(ExpressionBuilder.java:49)
	at app//de.uka.ilkd.key.nparser.KeYParser$Conjunction_termContext.accept(KeYParser.java:4419)
	at app//de.uka.ilkd.key.nparser.builder.AbstractBuilder.accept(AbstractBuilder.java:48)
	at app//de.uka.ilkd.key.nparser.builder.DefaultBuilder.accept(DefaultBuilder.java:35)
	at app//de.uka.ilkd.key.nparser.builder.ExpressionBuilder.visitDisjunction_term(ExpressionBuilder.java:229)
	at app//de.uka.ilkd.key.nparser.builder.ExpressionBuilder.visitDisjunction_term(ExpressionBuilder.java:49)
	at app//de.uka.ilkd.key.nparser.KeYParser$Disjunction_termContext.accept(KeYParser.java:4346)
	at app//de.uka.ilkd.key.nparser.builder.AbstractBuilder.accept(AbstractBuilder.java:48)
	at app//de.uka.ilkd.key.nparser.builder.DefaultBuilder.accept(DefaultBuilder.java:35)
	at app//de.uka.ilkd.key.nparser.builder.ExpressionBuilder.visitImplication_term(ExpressionBuilder.java:222)
	at app//de.uka.ilkd.key.nparser.builder.ExpressionBuilder.visitImplication_term(ExpressionBuilder.java:49)
	at app//de.uka.ilkd.key.nparser.KeYParser$Implication_termContext.accept(KeYParser.java:4278)
	at app//de.uka.ilkd.key.nparser.builder.AbstractBuilder.accept(AbstractBuilder.java:48)
	at app//de.uka.ilkd.key.nparser.builder.DefaultBuilder.accept(DefaultBuilder.java:35)
	at app//de.uka.ilkd.key.nparser.builder.ExpressionBuilder.visitEquivalence_term(ExpressionBuilder.java:198)
	at app//de.uka.ilkd.key.nparser.builder.ExpressionBuilder.visitEquivalence_term(ExpressionBuilder.java:49)
	at app//de.uka.ilkd.key.nparser.KeYParser$Equivalence_termContext.accept(KeYParser.java:4209)
	at app//de.uka.ilkd.key.nparser.builder.AbstractBuilder.accept(AbstractBuilder.java:48)
	at app//de.uka.ilkd.key.nparser.builder.DefaultBuilder.accept(DefaultBuilder.java:35)
	at app//de.uka.ilkd.key.nparser.builder.ExpressionBuilder.visitElementary_update_term(ExpressionBuilder.java:188)
	at app//de.uka.ilkd.key.nparser.builder.ExpressionBuilder.visitElementary_update_term(ExpressionBuilder.java:49)
	at app//de.uka.ilkd.key.nparser.KeYParser$Elementary_update_termContext.accept(KeYParser.java:4142)
	at app//de.uka.ilkd.key.nparser.builder.AbstractBuilder.lambda$mapOf$0(AbstractBuilder.java:124)
	at java.base@17.0.7/java.util.stream.ReferencePipeline$3$1.accept(ReferencePipeline.java:197)
	at java.base@17.0.7/java.util.ArrayList$ArrayListSpliterator.forEachRemaining(ArrayList.java:1625)
	at java.base@17.0.7/java.util.stream.AbstractPipeline.copyInto(AbstractPipeline.java:509)
	at java.base@17.0.7/java.util.stream.AbstractPipeline.wrapAndCopyInto(AbstractPipeline.java:499)
	at java.base@17.0.7/java.util.stream.ReduceOps$ReduceOp.evaluateSequential(ReduceOps.java:921)
	at java.base@17.0.7/java.util.stream.AbstractPipeline.evaluate(AbstractPipeline.java:234)
	at java.base@17.0.7/java.util.stream.ReferencePipeline.collect(ReferencePipeline.java:682)
	at app//de.uka.ilkd.key.nparser.builder.AbstractBuilder.mapOf(AbstractBuilder.java:124)
	at app//de.uka.ilkd.key.nparser.builder.ExpressionBuilder.visitParallel_term(ExpressionBuilder.java:173)
	at app//de.uka.ilkd.key.nparser.builder.ExpressionBuilder.visitParallel_term(ExpressionBuilder.java:49)
	at app//de.uka.ilkd.key.nparser.KeYParser$Parallel_termContext.accept(KeYParser.java:4074)
	at app//org.antlr.v4.runtime.tree.AbstractParseTreeVisitor.visitChildren(AbstractParseTreeVisitor.java:46)
	at app//de.uka.ilkd.key.nparser.KeYParserBaseVisitor.visitTerm(KeYParserBaseVisitor.java:332)
	at app//de.uka.ilkd.key.nparser.KeYParser$TermContext.accept(KeYParser.java:4020)
	at app//de.uka.ilkd.key.nparser.KeyAst.accept(KeyAst.java:43)
	at app//de.uka.ilkd.key.nparser.KeyIO.parseExpression(KeyIO.java:96)
	at app//de.uka.ilkd.key.nparser.KeyIO.parseExpression(KeyIO.java:79)
	at app//de.uka.ilkd.key.parser.AbstractTestTermParser.parseTerm(AbstractTestTermParser.java:74)
	at app//de.uka.ilkd.key.parser.AbstractTestTermParser.verifyParsing(AbstractTestTermParser.java:120)
	at app//de.uka.ilkd.key.parser.AbstractTestTermParser.compareStringRepresentationAgainstTermRepresentation(AbstractTestTermParser.java:159)
	at app//de.uka.ilkd.key.parser.AbstractTestTermParser.comparePrettySyntaxAgainstVerboseSyntax(AbstractTestTermParser.java:142)
	at app//de.uka.ilkd.key.parser.TestTermParserHeap.testBracketHeapUpdate(TestTermParserHeap.java:95)
	at java.base@17.0.7/jdk.internal.reflect.NativeMethodAccessorImpl.invoke0(Native Method)
	at java.base@17.0.7/jdk.internal.reflect.NativeMethodAccessorImpl.invoke(NativeMethodAccessorImpl.java:77)
	at java.base@17.0.7/jdk.internal.reflect.DelegatingMethodAccessorImpl.invoke(DelegatingMethodAccessorImpl.java:43)
	at java.base@17.0.7/java.lang.reflect.Method.invoke(Method.java:568)
	at app//org.junit.platform.commons.util.ReflectionUtils.invokeMethod(ReflectionUtils.java:727)
	at app//org.junit.jupiter.engine.execution.MethodInvocation.proceed(MethodInvocation.java:60)
	at app//org.junit.jupiter.engine.execution.InvocationInterceptorChain$ValidatingInvocation.proceed(InvocationInterceptorChain.java:131)
	at app//org.junit.jupiter.engine.extension.TimeoutExtension.intercept(TimeoutExtension.java:156)
	at app//org.junit.jupiter.engine.extension.TimeoutExtension.interceptTestableMethod(TimeoutExtension.java:147)
	at app//org.junit.jupiter.engine.extension.TimeoutExtension.interceptTestMethod(TimeoutExtension.java:86)
	at app//org.junit.jupiter.engine.execution.InterceptingExecutableInvoker$ReflectiveInterceptorCall.lambda$ofVoidMethod$0(InterceptingExecutableInvoker.java:103)
	at app//org.junit.jupiter.engine.execution.InterceptingExecutableInvoker.lambda$invoke$0(InterceptingExecutableInvoker.java:93)
	at app//org.junit.jupiter.engine.execution.InvocationInterceptorChain$InterceptedInvocation.proceed(InvocationInterceptorChain.java:106)
	at app//org.junit.jupiter.engine.execution.InvocationInterceptorChain.proceed(InvocationInterceptorChain.java:64)
	at app//org.junit.jupiter.engine.execution.InvocationInterceptorChain.chainAndInvoke(InvocationInterceptorChain.java:45)
	at app//org.junit.jupiter.engine.execution.InvocationInterceptorChain.invoke(InvocationInterceptorChain.java:37)
	at app//org.junit.jupiter.engine.execution.InterceptingExecutableInvoker.invoke(InterceptingExecutableInvoker.java:92)
	at app//org.junit.jupiter.engine.execution.InterceptingExecutableInvoker.invoke(InterceptingExecutableInvoker.java:86)
	at app//org.junit.jupiter.engine.descriptor.TestMethodTestDescriptor.lambda$invokeTestMethod$7(TestMethodTestDescriptor.java:217)
	at app//org.junit.platform.engine.support.hierarchical.ThrowableCollector.execute(ThrowableCollector.java:73)
	at app//org.junit.jupiter.engine.descriptor.TestMethodTestDescriptor.invokeTestMethod(TestMethodTestDescriptor.java:213)
	at app//org.junit.jupiter.engine.descriptor.TestMethodTestDescriptor.execute(TestMethodTestDescriptor.java:138)
	at app//org.junit.jupiter.engine.descriptor.TestMethodTestDescriptor.execute(TestMethodTestDescriptor.java:68)
	at app//org.junit.platform.engine.support.hierarchical.NodeTestTask.lambda$executeRecursively$6(NodeTestTask.java:151)
	at app//org.junit.platform.engine.support.hierarchical.ThrowableCollector.execute(ThrowableCollector.java:73)
	at app//org.junit.platform.engine.support.hierarchical.NodeTestTask.lambda$executeRecursively$8(NodeTestTask.java:141)
	at app//org.junit.platform.engine.support.hierarchical.Node.around(Node.java:137)
	at app//org.junit.platform.engine.support.hierarchical.NodeTestTask.lambda$executeRecursively$9(NodeTestTask.java:139)
	at app//org.junit.platform.engine.support.hierarchical.ThrowableCollector.execute(ThrowableCollector.java:73)
	at app//org.junit.platform.engine.support.hierarchical.NodeTestTask.executeRecursively(NodeTestTask.java:138)
	at app//org.junit.platform.engine.support.hierarchical.NodeTestTask.execute(NodeTestTask.java:95)
	at java.base@17.0.7/java.util.ArrayList.forEach(ArrayList.java:1511)
	at app//org.junit.platform.engine.support.hierarchical.SameThreadHierarchicalTestExecutorService.invokeAll(SameThreadHierarchicalTestExecutorService.java:41)
	at app//org.junit.platform.engine.support.hierarchical.NodeTestTask.lambda$executeRecursively$6(NodeTestTask.java:155)
	at app//org.junit.platform.engine.support.hierarchical.ThrowableCollector.execute(ThrowableCollector.java:73)
	at app//org.junit.platform.engine.support.hierarchical.NodeTestTask.lambda$executeRecursively$8(NodeTestTask.java:141)
	at app//org.junit.platform.engine.support.hierarchical.Node.around(Node.java:137)
	at app//org.junit.platform.engine.support.hierarchical.NodeTestTask.lambda$executeRecursively$9(NodeTestTask.java:139)
	at app//org.junit.platform.engine.support.hierarchical.ThrowableCollector.execute(ThrowableCollector.java:73)
	at app//org.junit.platform.engine.support.hierarchical.NodeTestTask.executeRecursively(NodeTestTask.java:138)
	at app//org.junit.platform.engine.support.hierarchical.NodeTestTask.execute(NodeTestTask.java:95)
	at java.base@17.0.7/java.util.ArrayList.forEach(ArrayList.java:1511)
	at app//org.junit.platform.engine.support.hierarchical.SameThreadHierarchicalTestExecutorService.invokeAll(SameThreadHierarchicalTestExecutorService.java:41)
	at app//org.junit.platform.engine.support.hierarchical.NodeTestTask.lambda$executeRecursively$6(NodeTestTask.java:155)
	at app//org.junit.platform.engine.support.hierarchical.ThrowableCollector.execute(ThrowableCollector.java:73)
	at app//org.junit.platform.engine.support.hierarchical.NodeTestTask.lambda$executeRecursively$8(NodeTestTask.java:141)
	at app//org.junit.platform.engine.support.hierarchical.Node.around(Node.java:137)
	at app//org.junit.platform.engine.support.hierarchical.NodeTestTask.lambda$executeRecursively$9(NodeTestTask.java:139)
	at app//org.junit.platform.engine.support.hierarchical.ThrowableCollector.execute(ThrowableCollector.java:73)
	at app//org.junit.platform.engine.support.hierarchical.NodeTestTask.executeRecursively(NodeTestTask.java:138)
	at app//org.junit.platform.engine.support.hierarchical.NodeTestTask.execute(NodeTestTask.java:95)
	at app//org.junit.platform.engine.support.hierarchical.SameThreadHierarchicalTestExecutorService.submit(SameThreadHierarchicalTestExecutorService.java:35)
	at app//org.junit.platform.engine.support.hierarchical.HierarchicalTestExecutor.execute(HierarchicalTestExecutor.java:57)
	at app//org.junit.platform.engine.support.hierarchical.HierarchicalTestEngine.execute(HierarchicalTestEngine.java:54)
	at app//org.junit.platform.launcher.core.EngineExecutionOrchestrator.execute(EngineExecutionOrchestrator.java:107)
	at app//org.junit.platform.launcher.core.EngineExecutionOrchestrator.execute(EngineExecutionOrchestrator.java:88)
	at app//org.junit.platform.launcher.core.EngineExecutionOrchestrator.lambda$execute$0(EngineExecutionOrchestrator.java:54)
	at app//org.junit.platform.launcher.core.EngineExecutionOrchestrator.withInterceptedStreams(EngineExecutionOrchestrator.java:67)
	at app//org.junit.platform.launcher.core.EngineExecutionOrchestrator.execute(EngineExecutionOrchestrator.java:52)
	at app//org.junit.platform.launcher.core.DefaultLauncher.execute(DefaultLauncher.java:114)
	at app//org.junit.platform.launcher.core.DefaultLauncher.execute(DefaultLauncher.java:86)
	at app//org.junit.platform.launcher.core.DefaultLauncherSession$DelegatingLauncher.execute(DefaultLauncherSession.java:86)
	at org.gradle.api.internal.tasks.testing.junitplatform.JUnitPlatformTestClassProcessor$CollectAllTestClassesExecutor.processAllTestClasses(JUnitPlatformTestClassProcessor.java:110)
	at org.gradle.api.internal.tasks.testing.junitplatform.JUnitPlatformTestClassProcessor$CollectAllTestClassesExecutor.access$000(JUnitPlatformTestClassProcessor.java:90)
	at org.gradle.api.internal.tasks.testing.junitplatform.JUnitPlatformTestClassProcessor.stop(JUnitPlatformTestClassProcessor.java:85)
	at org.gradle.api.internal.tasks.testing.SuiteTestClassProcessor.stop(SuiteTestClassProcessor.java:62)
	at java.base@17.0.7/jdk.internal.reflect.NativeMethodAccessorImpl.invoke0(Native Method)
	at java.base@17.0.7/jdk.internal.reflect.NativeMethodAccessorImpl.invoke(NativeMethodAccessorImpl.java:77)
	at java.base@17.0.7/jdk.internal.reflect.DelegatingMethodAccessorImpl.invoke(DelegatingMethodAccessorImpl.java:43)
	at java.base@17.0.7/java.lang.reflect.Method.invoke(Method.java:568)
	at org.gradle.internal.dispatch.ReflectionDispatch.dispatch(ReflectionDispatch.java:36)
	at org.gradle.internal.dispatch.ReflectionDispatch.dispatch(ReflectionDispatch.java:24)
	at org.gradle.internal.dispatch.ContextClassLoaderDispatch.dispatch(ContextClassLoaderDispatch.java:33)
	at org.gradle.internal.dispatch.ProxyDispatchAdapter$DispatchingInvocationHandler.invoke(ProxyDispatchAdapter.java:94)
	at jdk.proxy2/jdk.proxy2.$Proxy5.stop(Unknown Source)
	at org.gradle.api.internal.tasks.testing.worker.TestWorker$3.run(TestWorker.java:193)
	at org.gradle.api.internal.tasks.testing.worker.TestWorker.executeAndMaintainThreadName(TestWorker.java:129)
	at org.gradle.api.internal.tasks.testing.worker.TestWorker.execute(TestWorker.java:100)
	at org.gradle.api.internal.tasks.testing.worker.TestWorker.execute(TestWorker.java:60)
	at org.gradle.process.internal.worker.child.ActionExecutionWorker.execute(ActionExecutionWorker.java:56)
	at org.gradle.process.internal.worker.child.SystemApplicationClassLoaderWorker.call(SystemApplicationClassLoaderWorker.java:113)
	at org.gradle.process.internal.worker.child.SystemApplicationClassLoaderWorker.call(SystemApplicationClassLoaderWorker.java:65)
	at app//worker.org.gradle.process.internal.worker.GradleWorkerMain.run(GradleWorkerMain.java:69)
	at app//worker.org.gradle.process.internal.worker.GradleWorkerMain.main(GradleWorkerMain.java:74)
</failure>
  </testcase>
  <testcase name="testStore()" classname="de.uka.ilkd.key.parser.TestTermParserHeap" time="0.019">
    <failure message="Could not find (program) variable or constant $f at &lt;unknown&gt;:1:16 (&lt;unknown&gt;:1:16)" type="de.uka.ilkd.key.util.parsing.BuildingException">Could not find (program) variable or constant $f at &lt;unknown&gt;:1:16 (&lt;unknown&gt;:1:16)
	at app//de.uka.ilkd.key.nparser.builder.AbstractBuilder.semanticError(AbstractBuilder.java:179)
	at app//de.uka.ilkd.key.nparser.builder.DefaultBuilder.lookupVarfuncId(DefaultBuilder.java:174)
	at app//de.uka.ilkd.key.nparser.builder.ExpressionBuilder.visitAccessterm(ExpressionBuilder.java:1443)
	at app//de.uka.ilkd.key.nparser.builder.ExpressionBuilder.visitAccessterm(ExpressionBuilder.java:49)
	at app//de.uka.ilkd.key.nparser.KeYParser$AccesstermContext.accept(KeYParser.java:6174)
	at app//org.antlr.v4.runtime.tree.AbstractParseTreeVisitor.visitChildren(AbstractParseTreeVisitor.java:46)
	at app//de.uka.ilkd.key.nparser.KeYParserBaseVisitor.visitPrimitive_term(KeYParserBaseVisitor.java:542)
	at app//de.uka.ilkd.key.nparser.KeYParser$Primitive_termContext.accept(KeYParser.java:6074)
	at app//de.uka.ilkd.key.nparser.builder.AbstractBuilder.accept(AbstractBuilder.java:48)
	at app//de.uka.ilkd.key.nparser.builder.DefaultBuilder.accept(DefaultBuilder.java:35)
	at app//de.uka.ilkd.key.nparser.builder.ExpressionBuilder.visitPrimitive_labeled_term(ExpressionBuilder.java:877)
	at app//de.uka.ilkd.key.nparser.KeYParser$Primitive_labeled_termContext.accept(KeYParser.java:5877)
	at app//de.uka.ilkd.key.nparser.builder.AbstractBuilder.accept(AbstractBuilder.java:48)
	at app//de.uka.ilkd.key.nparser.builder.DefaultBuilder.accept(DefaultBuilder.java:35)
	at app//de.uka.ilkd.key.nparser.builder.ExpressionBuilder.visitBracket_term(ExpressionBuilder.java:403)
	at app//de.uka.ilkd.key.nparser.KeYParser$Bracket_termContext.accept(KeYParser.java:5527)
	at app//org.antlr.v4.runtime.tree.AbstractParseTreeVisitor.visitChildren(AbstractParseTreeVisitor.java:46)
	at app//de.uka.ilkd.key.nparser.KeYParserBaseVisitor.visitAtom_prefix(KeYParserBaseVisitor.java:472)
	at app//de.uka.ilkd.key.nparser.KeYParser$Atom_prefixContext.accept(KeYParser.java:5429)
	at app//de.uka.ilkd.key.nparser.builder.AbstractBuilder.accept(AbstractBuilder.java:48)
	at app//de.uka.ilkd.key.nparser.builder.DefaultBuilder.accept(DefaultBuilder.java:35)
	at app//de.uka.ilkd.key.nparser.builder.ExpressionBuilder.visitStrong_arith_term_2(ExpressionBuilder.java:382)
	at app//de.uka.ilkd.key.nparser.KeYParser$Strong_arith_term_2Context.accept(KeYParser.java:5035)
	at app//de.uka.ilkd.key.nparser.builder.AbstractBuilder.accept(AbstractBuilder.java:48)
	at app//de.uka.ilkd.key.nparser.builder.DefaultBuilder.accept(DefaultBuilder.java:35)
	at app//de.uka.ilkd.key.nparser.builder.ExpressionBuilder.visitStrong_arith_term_1(ExpressionBuilder.java:368)
	at app//de.uka.ilkd.key.nparser.KeYParser$Strong_arith_term_1Context.accept(KeYParser.java:4963)
	at app//de.uka.ilkd.key.nparser.builder.AbstractBuilder.accept(AbstractBuilder.java:48)
	at app//de.uka.ilkd.key.nparser.builder.DefaultBuilder.accept(DefaultBuilder.java:35)
	at app//de.uka.ilkd.key.nparser.builder.ExpressionBuilder.visitWeak_arith_term(ExpressionBuilder.java:331)
	at app//de.uka.ilkd.key.nparser.KeYParser$Weak_arith_termContext.accept(KeYParser.java:4877)
	at app//de.uka.ilkd.key.nparser.builder.AbstractBuilder.accept(AbstractBuilder.java:48)
	at app//de.uka.ilkd.key.nparser.builder.DefaultBuilder.accept(DefaultBuilder.java:35)
	at app//de.uka.ilkd.key.nparser.builder.ExpressionBuilder.visitComparison_term(ExpressionBuilder.java:305)
	at app//de.uka.ilkd.key.nparser.KeYParser$Comparison_termContext.accept(KeYParser.java:4793)
	at app//de.uka.ilkd.key.nparser.builder.AbstractBuilder.accept(AbstractBuilder.java:48)
	at app//de.uka.ilkd.key.nparser.builder.DefaultBuilder.accept(DefaultBuilder.java:35)
	at app//de.uka.ilkd.key.nparser.builder.ExpressionBuilder.visitEquality_term(ExpressionBuilder.java:294)
	at app//de.uka.ilkd.key.nparser.builder.ExpressionBuilder.visitEquality_term(ExpressionBuilder.java:49)
	at app//de.uka.ilkd.key.nparser.KeYParser$Equality_termContext.accept(KeYParser.java:4718)
	at app//org.antlr.v4.runtime.tree.AbstractParseTreeVisitor.visitChildren(AbstractParseTreeVisitor.java:46)
	at app//de.uka.ilkd.key.nparser.KeYParserBaseVisitor.visitTerm60(KeYParserBaseVisitor.java:381)
	at app//de.uka.ilkd.key.nparser.KeYParser$Term60Context.accept(KeYParser.java:4485)
	at app//de.uka.ilkd.key.nparser.builder.AbstractBuilder.accept(AbstractBuilder.java:48)
	at app//de.uka.ilkd.key.nparser.builder.DefaultBuilder.accept(DefaultBuilder.java:35)
	at app//de.uka.ilkd.key.nparser.builder.ExpressionBuilder.visitConjunction_term(ExpressionBuilder.java:238)
	at app//de.uka.ilkd.key.nparser.builder.ExpressionBuilder.visitConjunction_term(ExpressionBuilder.java:49)
	at app//de.uka.ilkd.key.nparser.KeYParser$Conjunction_termContext.accept(KeYParser.java:4419)
	at app//de.uka.ilkd.key.nparser.builder.AbstractBuilder.accept(AbstractBuilder.java:48)
	at app//de.uka.ilkd.key.nparser.builder.DefaultBuilder.accept(DefaultBuilder.java:35)
	at app//de.uka.ilkd.key.nparser.builder.ExpressionBuilder.visitDisjunction_term(ExpressionBuilder.java:229)
	at app//de.uka.ilkd.key.nparser.builder.ExpressionBuilder.visitDisjunction_term(ExpressionBuilder.java:49)
	at app//de.uka.ilkd.key.nparser.KeYParser$Disjunction_termContext.accept(KeYParser.java:4346)
	at app//de.uka.ilkd.key.nparser.builder.AbstractBuilder.accept(AbstractBuilder.java:48)
	at app//de.uka.ilkd.key.nparser.builder.DefaultBuilder.accept(DefaultBuilder.java:35)
	at app//de.uka.ilkd.key.nparser.builder.ExpressionBuilder.visitImplication_term(ExpressionBuilder.java:222)
	at app//de.uka.ilkd.key.nparser.builder.ExpressionBuilder.visitImplication_term(ExpressionBuilder.java:49)
	at app//de.uka.ilkd.key.nparser.KeYParser$Implication_termContext.accept(KeYParser.java:4278)
	at app//de.uka.ilkd.key.nparser.builder.AbstractBuilder.accept(AbstractBuilder.java:48)
	at app//de.uka.ilkd.key.nparser.builder.DefaultBuilder.accept(DefaultBuilder.java:35)
	at app//de.uka.ilkd.key.nparser.builder.ExpressionBuilder.visitEquivalence_term(ExpressionBuilder.java:198)
	at app//de.uka.ilkd.key.nparser.builder.ExpressionBuilder.visitEquivalence_term(ExpressionBuilder.java:49)
	at app//de.uka.ilkd.key.nparser.KeYParser$Equivalence_termContext.accept(KeYParser.java:4209)
	at app//de.uka.ilkd.key.nparser.builder.AbstractBuilder.accept(AbstractBuilder.java:48)
	at app//de.uka.ilkd.key.nparser.builder.DefaultBuilder.accept(DefaultBuilder.java:35)
	at app//de.uka.ilkd.key.nparser.builder.ExpressionBuilder.visitElementary_update_term(ExpressionBuilder.java:188)
	at app//de.uka.ilkd.key.nparser.builder.ExpressionBuilder.visitElementary_update_term(ExpressionBuilder.java:49)
	at app//de.uka.ilkd.key.nparser.KeYParser$Elementary_update_termContext.accept(KeYParser.java:4142)
	at app//de.uka.ilkd.key.nparser.builder.AbstractBuilder.lambda$mapOf$0(AbstractBuilder.java:124)
	at java.base@17.0.7/java.util.stream.ReferencePipeline$3$1.accept(ReferencePipeline.java:197)
	at java.base@17.0.7/java.util.ArrayList$ArrayListSpliterator.forEachRemaining(ArrayList.java:1625)
	at java.base@17.0.7/java.util.stream.AbstractPipeline.copyInto(AbstractPipeline.java:509)
	at java.base@17.0.7/java.util.stream.AbstractPipeline.wrapAndCopyInto(AbstractPipeline.java:499)
	at java.base@17.0.7/java.util.stream.ReduceOps$ReduceOp.evaluateSequential(ReduceOps.java:921)
	at java.base@17.0.7/java.util.stream.AbstractPipeline.evaluate(AbstractPipeline.java:234)
	at java.base@17.0.7/java.util.stream.ReferencePipeline.collect(ReferencePipeline.java:682)
	at app//de.uka.ilkd.key.nparser.builder.AbstractBuilder.mapOf(AbstractBuilder.java:124)
	at app//de.uka.ilkd.key.nparser.builder.ExpressionBuilder.visitParallel_term(ExpressionBuilder.java:173)
	at app//de.uka.ilkd.key.nparser.builder.ExpressionBuilder.visitParallel_term(ExpressionBuilder.java:49)
	at app//de.uka.ilkd.key.nparser.KeYParser$Parallel_termContext.accept(KeYParser.java:4074)
	at app//org.antlr.v4.runtime.tree.AbstractParseTreeVisitor.visitChildren(AbstractParseTreeVisitor.java:46)
	at app//de.uka.ilkd.key.nparser.KeYParserBaseVisitor.visitTerm(KeYParserBaseVisitor.java:332)
	at app//de.uka.ilkd.key.nparser.KeYParser$TermContext.accept(KeYParser.java:4020)
	at app//de.uka.ilkd.key.nparser.builder.AbstractBuilder.lambda$mapOf$0(AbstractBuilder.java:124)
	at java.base@17.0.7/java.util.stream.ReferencePipeline$3$1.accept(ReferencePipeline.java:197)
	at java.base@17.0.7/java.util.ArrayList$ArrayListSpliterator.forEachRemaining(ArrayList.java:1625)
	at java.base@17.0.7/java.util.stream.AbstractPipeline.copyInto(AbstractPipeline.java:509)
	at java.base@17.0.7/java.util.stream.AbstractPipeline.wrapAndCopyInto(AbstractPipeline.java:499)
	at java.base@17.0.7/java.util.stream.ReduceOps$ReduceOp.evaluateSequential(ReduceOps.java:921)
	at java.base@17.0.7/java.util.stream.AbstractPipeline.evaluate(AbstractPipeline.java:234)
	at java.base@17.0.7/java.util.stream.ReferencePipeline.collect(ReferencePipeline.java:682)
	at app//de.uka.ilkd.key.nparser.builder.AbstractBuilder.mapOf(AbstractBuilder.java:124)
	at app//de.uka.ilkd.key.nparser.builder.ExpressionBuilder.visitArgument_list(ExpressionBuilder.java:1095)
	at app//de.uka.ilkd.key.nparser.builder.ExpressionBuilder.visitArgument_list(ExpressionBuilder.java:49)
	at app//de.uka.ilkd.key.nparser.KeYParser$Argument_listContext.accept(KeYParser.java:7173)
	at app//de.uka.ilkd.key.nparser.builder.AbstractBuilder.accept(AbstractBuilder.java:48)
	at app//de.uka.ilkd.key.nparser.builder.DefaultBuilder.accept(DefaultBuilder.java:35)
	at app//de.uka.ilkd.key.nparser.builder.ExpressionBuilder.visitArguments(ExpressionBuilder.java:1488)
	at app//de.uka.ilkd.key.nparser.builder.ExpressionBuilder.visitAccessterm(ExpressionBuilder.java:1421)
	at app//de.uka.ilkd.key.nparser.builder.ExpressionBuilder.visitAccessterm(ExpressionBuilder.java:49)
	at app//de.uka.ilkd.key.nparser.KeYParser$AccesstermContext.accept(KeYParser.java:6174)
	at app//org.antlr.v4.runtime.tree.AbstractParseTreeVisitor.visitChildren(AbstractParseTreeVisitor.java:46)
	at app//de.uka.ilkd.key.nparser.KeYParserBaseVisitor.visitPrimitive_term(KeYParserBaseVisitor.java:542)
	at app//de.uka.ilkd.key.nparser.KeYParser$Primitive_termContext.accept(KeYParser.java:6074)
	at app//de.uka.ilkd.key.nparser.builder.AbstractBuilder.accept(AbstractBuilder.java:48)
	at app//de.uka.ilkd.key.nparser.builder.DefaultBuilder.accept(DefaultBuilder.java:35)
	at app//de.uka.ilkd.key.nparser.builder.ExpressionBuilder.visitPrimitive_labeled_term(ExpressionBuilder.java:877)
	at app//de.uka.ilkd.key.nparser.KeYParser$Primitive_labeled_termContext.accept(KeYParser.java:5877)
	at app//de.uka.ilkd.key.nparser.builder.AbstractBuilder.accept(AbstractBuilder.java:48)
	at app//de.uka.ilkd.key.nparser.builder.DefaultBuilder.accept(DefaultBuilder.java:35)
	at app//de.uka.ilkd.key.nparser.builder.ExpressionBuilder.visitBracket_term(ExpressionBuilder.java:403)
	at app//de.uka.ilkd.key.nparser.KeYParser$Bracket_termContext.accept(KeYParser.java:5527)
	at app//org.antlr.v4.runtime.tree.AbstractParseTreeVisitor.visitChildren(AbstractParseTreeVisitor.java:46)
	at app//de.uka.ilkd.key.nparser.KeYParserBaseVisitor.visitAtom_prefix(KeYParserBaseVisitor.java:472)
	at app//de.uka.ilkd.key.nparser.KeYParser$Atom_prefixContext.accept(KeYParser.java:5429)
	at app//de.uka.ilkd.key.nparser.builder.AbstractBuilder.accept(AbstractBuilder.java:48)
	at app//de.uka.ilkd.key.nparser.builder.DefaultBuilder.accept(DefaultBuilder.java:35)
	at app//de.uka.ilkd.key.nparser.builder.ExpressionBuilder.visitStrong_arith_term_2(ExpressionBuilder.java:382)
	at app//de.uka.ilkd.key.nparser.KeYParser$Strong_arith_term_2Context.accept(KeYParser.java:5035)
	at app//de.uka.ilkd.key.nparser.builder.AbstractBuilder.accept(AbstractBuilder.java:48)
	at app//de.uka.ilkd.key.nparser.builder.DefaultBuilder.accept(DefaultBuilder.java:35)
	at app//de.uka.ilkd.key.nparser.builder.ExpressionBuilder.visitStrong_arith_term_1(ExpressionBuilder.java:368)
	at app//de.uka.ilkd.key.nparser.KeYParser$Strong_arith_term_1Context.accept(KeYParser.java:4963)
	at app//de.uka.ilkd.key.nparser.builder.AbstractBuilder.accept(AbstractBuilder.java:48)
	at app//de.uka.ilkd.key.nparser.builder.DefaultBuilder.accept(DefaultBuilder.java:35)
	at app//de.uka.ilkd.key.nparser.builder.ExpressionBuilder.visitWeak_arith_term(ExpressionBuilder.java:331)
	at app//de.uka.ilkd.key.nparser.KeYParser$Weak_arith_termContext.accept(KeYParser.java:4877)
	at app//de.uka.ilkd.key.nparser.builder.AbstractBuilder.accept(AbstractBuilder.java:48)
	at app//de.uka.ilkd.key.nparser.builder.DefaultBuilder.accept(DefaultBuilder.java:35)
	at app//de.uka.ilkd.key.nparser.builder.ExpressionBuilder.visitComparison_term(ExpressionBuilder.java:305)
	at app//de.uka.ilkd.key.nparser.KeYParser$Comparison_termContext.accept(KeYParser.java:4793)
	at app//de.uka.ilkd.key.nparser.builder.AbstractBuilder.accept(AbstractBuilder.java:48)
	at app//de.uka.ilkd.key.nparser.builder.DefaultBuilder.accept(DefaultBuilder.java:35)
	at app//de.uka.ilkd.key.nparser.builder.ExpressionBuilder.visitEquality_term(ExpressionBuilder.java:294)
	at app//de.uka.ilkd.key.nparser.builder.ExpressionBuilder.visitEquality_term(ExpressionBuilder.java:49)
	at app//de.uka.ilkd.key.nparser.KeYParser$Equality_termContext.accept(KeYParser.java:4718)
	at app//org.antlr.v4.runtime.tree.AbstractParseTreeVisitor.visitChildren(AbstractParseTreeVisitor.java:46)
	at app//de.uka.ilkd.key.nparser.KeYParserBaseVisitor.visitTerm60(KeYParserBaseVisitor.java:381)
	at app//de.uka.ilkd.key.nparser.KeYParser$Term60Context.accept(KeYParser.java:4485)
	at app//de.uka.ilkd.key.nparser.builder.AbstractBuilder.accept(AbstractBuilder.java:48)
	at app//de.uka.ilkd.key.nparser.builder.DefaultBuilder.accept(DefaultBuilder.java:35)
	at app//de.uka.ilkd.key.nparser.builder.ExpressionBuilder.visitConjunction_term(ExpressionBuilder.java:238)
	at app//de.uka.ilkd.key.nparser.builder.ExpressionBuilder.visitConjunction_term(ExpressionBuilder.java:49)
	at app//de.uka.ilkd.key.nparser.KeYParser$Conjunction_termContext.accept(KeYParser.java:4419)
	at app//de.uka.ilkd.key.nparser.builder.AbstractBuilder.accept(AbstractBuilder.java:48)
	at app//de.uka.ilkd.key.nparser.builder.DefaultBuilder.accept(DefaultBuilder.java:35)
	at app//de.uka.ilkd.key.nparser.builder.ExpressionBuilder.visitDisjunction_term(ExpressionBuilder.java:229)
	at app//de.uka.ilkd.key.nparser.builder.ExpressionBuilder.visitDisjunction_term(ExpressionBuilder.java:49)
	at app//de.uka.ilkd.key.nparser.KeYParser$Disjunction_termContext.accept(KeYParser.java:4346)
	at app//de.uka.ilkd.key.nparser.builder.AbstractBuilder.accept(AbstractBuilder.java:48)
	at app//de.uka.ilkd.key.nparser.builder.DefaultBuilder.accept(DefaultBuilder.java:35)
	at app//de.uka.ilkd.key.nparser.builder.ExpressionBuilder.visitImplication_term(ExpressionBuilder.java:222)
	at app//de.uka.ilkd.key.nparser.builder.ExpressionBuilder.visitImplication_term(ExpressionBuilder.java:49)
	at app//de.uka.ilkd.key.nparser.KeYParser$Implication_termContext.accept(KeYParser.java:4278)
	at app//de.uka.ilkd.key.nparser.builder.AbstractBuilder.accept(AbstractBuilder.java:48)
	at app//de.uka.ilkd.key.nparser.builder.DefaultBuilder.accept(DefaultBuilder.java:35)
	at app//de.uka.ilkd.key.nparser.builder.ExpressionBuilder.visitEquivalence_term(ExpressionBuilder.java:198)
	at app//de.uka.ilkd.key.nparser.builder.ExpressionBuilder.visitEquivalence_term(ExpressionBuilder.java:49)
	at app//de.uka.ilkd.key.nparser.KeYParser$Equivalence_termContext.accept(KeYParser.java:4209)
	at app//de.uka.ilkd.key.nparser.builder.AbstractBuilder.accept(AbstractBuilder.java:48)
	at app//de.uka.ilkd.key.nparser.builder.DefaultBuilder.accept(DefaultBuilder.java:35)
	at app//de.uka.ilkd.key.nparser.builder.ExpressionBuilder.visitElementary_update_term(ExpressionBuilder.java:188)
	at app//de.uka.ilkd.key.nparser.builder.ExpressionBuilder.visitElementary_update_term(ExpressionBuilder.java:49)
	at app//de.uka.ilkd.key.nparser.KeYParser$Elementary_update_termContext.accept(KeYParser.java:4142)
	at app//de.uka.ilkd.key.nparser.builder.AbstractBuilder.lambda$mapOf$0(AbstractBuilder.java:124)
	at java.base@17.0.7/java.util.stream.ReferencePipeline$3$1.accept(ReferencePipeline.java:197)
	at java.base@17.0.7/java.util.ArrayList$ArrayListSpliterator.forEachRemaining(ArrayList.java:1625)
	at java.base@17.0.7/java.util.stream.AbstractPipeline.copyInto(AbstractPipeline.java:509)
	at java.base@17.0.7/java.util.stream.AbstractPipeline.wrapAndCopyInto(AbstractPipeline.java:499)
	at java.base@17.0.7/java.util.stream.ReduceOps$ReduceOp.evaluateSequential(ReduceOps.java:921)
	at java.base@17.0.7/java.util.stream.AbstractPipeline.evaluate(AbstractPipeline.java:234)
	at java.base@17.0.7/java.util.stream.ReferencePipeline.collect(ReferencePipeline.java:682)
	at app//de.uka.ilkd.key.nparser.builder.AbstractBuilder.mapOf(AbstractBuilder.java:124)
	at app//de.uka.ilkd.key.nparser.builder.ExpressionBuilder.visitParallel_term(ExpressionBuilder.java:173)
	at app//de.uka.ilkd.key.nparser.builder.ExpressionBuilder.visitParallel_term(ExpressionBuilder.java:49)
	at app//de.uka.ilkd.key.nparser.KeYParser$Parallel_termContext.accept(KeYParser.java:4074)
	at app//org.antlr.v4.runtime.tree.AbstractParseTreeVisitor.visitChildren(AbstractParseTreeVisitor.java:46)
	at app//de.uka.ilkd.key.nparser.KeYParserBaseVisitor.visitTerm(KeYParserBaseVisitor.java:332)
	at app//de.uka.ilkd.key.nparser.KeYParser$TermContext.accept(KeYParser.java:4020)
	at app//de.uka.ilkd.key.nparser.KeyAst.accept(KeyAst.java:43)
	at app//de.uka.ilkd.key.nparser.KeyIO.parseExpression(KeyIO.java:96)
	at app//de.uka.ilkd.key.nparser.KeyIO.parseExpression(KeyIO.java:79)
	at app//de.uka.ilkd.key.parser.AbstractTestTermParser.parseTerm(AbstractTestTermParser.java:74)
	at app//de.uka.ilkd.key.parser.AbstractTestTermParser.comparePrettySyntaxAgainstVerboseSyntax(AbstractTestTermParser.java:141)
	at app//de.uka.ilkd.key.parser.TestTermParserHeap.testStore(TestTermParserHeap.java:442)
	at java.base@17.0.7/jdk.internal.reflect.NativeMethodAccessorImpl.invoke0(Native Method)
	at java.base@17.0.7/jdk.internal.reflect.NativeMethodAccessorImpl.invoke(NativeMethodAccessorImpl.java:77)
	at java.base@17.0.7/jdk.internal.reflect.DelegatingMethodAccessorImpl.invoke(DelegatingMethodAccessorImpl.java:43)
	at java.base@17.0.7/java.lang.reflect.Method.invoke(Method.java:568)
	at app//org.junit.platform.commons.util.ReflectionUtils.invokeMethod(ReflectionUtils.java:727)
	at app//org.junit.jupiter.engine.execution.MethodInvocation.proceed(MethodInvocation.java:60)
	at app//org.junit.jupiter.engine.execution.InvocationInterceptorChain$ValidatingInvocation.proceed(InvocationInterceptorChain.java:131)
	at app//org.junit.jupiter.engine.extension.TimeoutExtension.intercept(TimeoutExtension.java:156)
	at app//org.junit.jupiter.engine.extension.TimeoutExtension.interceptTestableMethod(TimeoutExtension.java:147)
	at app//org.junit.jupiter.engine.extension.TimeoutExtension.interceptTestMethod(TimeoutExtension.java:86)
	at app//org.junit.jupiter.engine.execution.InterceptingExecutableInvoker$ReflectiveInterceptorCall.lambda$ofVoidMethod$0(InterceptingExecutableInvoker.java:103)
	at app//org.junit.jupiter.engine.execution.InterceptingExecutableInvoker.lambda$invoke$0(InterceptingExecutableInvoker.java:93)
	at app//org.junit.jupiter.engine.execution.InvocationInterceptorChain$InterceptedInvocation.proceed(InvocationInterceptorChain.java:106)
	at app//org.junit.jupiter.engine.execution.InvocationInterceptorChain.proceed(InvocationInterceptorChain.java:64)
	at app//org.junit.jupiter.engine.execution.InvocationInterceptorChain.chainAndInvoke(InvocationInterceptorChain.java:45)
	at app//org.junit.jupiter.engine.execution.InvocationInterceptorChain.invoke(InvocationInterceptorChain.java:37)
	at app//org.junit.jupiter.engine.execution.InterceptingExecutableInvoker.invoke(InterceptingExecutableInvoker.java:92)
	at app//org.junit.jupiter.engine.execution.InterceptingExecutableInvoker.invoke(InterceptingExecutableInvoker.java:86)
	at app//org.junit.jupiter.engine.descriptor.TestMethodTestDescriptor.lambda$invokeTestMethod$7(TestMethodTestDescriptor.java:217)
	at app//org.junit.platform.engine.support.hierarchical.ThrowableCollector.execute(ThrowableCollector.java:73)
	at app//org.junit.jupiter.engine.descriptor.TestMethodTestDescriptor.invokeTestMethod(TestMethodTestDescriptor.java:213)
	at app//org.junit.jupiter.engine.descriptor.TestMethodTestDescriptor.execute(TestMethodTestDescriptor.java:138)
	at app//org.junit.jupiter.engine.descriptor.TestMethodTestDescriptor.execute(TestMethodTestDescriptor.java:68)
	at app//org.junit.platform.engine.support.hierarchical.NodeTestTask.lambda$executeRecursively$6(NodeTestTask.java:151)
	at app//org.junit.platform.engine.support.hierarchical.ThrowableCollector.execute(ThrowableCollector.java:73)
	at app//org.junit.platform.engine.support.hierarchical.NodeTestTask.lambda$executeRecursively$8(NodeTestTask.java:141)
	at app//org.junit.platform.engine.support.hierarchical.Node.around(Node.java:137)
	at app//org.junit.platform.engine.support.hierarchical.NodeTestTask.lambda$executeRecursively$9(NodeTestTask.java:139)
	at app//org.junit.platform.engine.support.hierarchical.ThrowableCollector.execute(ThrowableCollector.java:73)
	at app//org.junit.platform.engine.support.hierarchical.NodeTestTask.executeRecursively(NodeTestTask.java:138)
	at app//org.junit.platform.engine.support.hierarchical.NodeTestTask.execute(NodeTestTask.java:95)
	at java.base@17.0.7/java.util.ArrayList.forEach(ArrayList.java:1511)
	at app//org.junit.platform.engine.support.hierarchical.SameThreadHierarchicalTestExecutorService.invokeAll(SameThreadHierarchicalTestExecutorService.java:41)
	at app//org.junit.platform.engine.support.hierarchical.NodeTestTask.lambda$executeRecursively$6(NodeTestTask.java:155)
	at app//org.junit.platform.engine.support.hierarchical.ThrowableCollector.execute(ThrowableCollector.java:73)
	at app//org.junit.platform.engine.support.hierarchical.NodeTestTask.lambda$executeRecursively$8(NodeTestTask.java:141)
	at app//org.junit.platform.engine.support.hierarchical.Node.around(Node.java:137)
	at app//org.junit.platform.engine.support.hierarchical.NodeTestTask.lambda$executeRecursively$9(NodeTestTask.java:139)
	at app//org.junit.platform.engine.support.hierarchical.ThrowableCollector.execute(ThrowableCollector.java:73)
	at app//org.junit.platform.engine.support.hierarchical.NodeTestTask.executeRecursively(NodeTestTask.java:138)
	at app//org.junit.platform.engine.support.hierarchical.NodeTestTask.execute(NodeTestTask.java:95)
	at java.base@17.0.7/java.util.ArrayList.forEach(ArrayList.java:1511)
	at app//org.junit.platform.engine.support.hierarchical.SameThreadHierarchicalTestExecutorService.invokeAll(SameThreadHierarchicalTestExecutorService.java:41)
	at app//org.junit.platform.engine.support.hierarchical.NodeTestTask.lambda$executeRecursively$6(NodeTestTask.java:155)
	at app//org.junit.platform.engine.support.hierarchical.ThrowableCollector.execute(ThrowableCollector.java:73)
	at app//org.junit.platform.engine.support.hierarchical.NodeTestTask.lambda$executeRecursively$8(NodeTestTask.java:141)
	at app//org.junit.platform.engine.support.hierarchical.Node.around(Node.java:137)
	at app//org.junit.platform.engine.support.hierarchical.NodeTestTask.lambda$executeRecursively$9(NodeTestTask.java:139)
	at app//org.junit.platform.engine.support.hierarchical.ThrowableCollector.execute(ThrowableCollector.java:73)
	at app//org.junit.platform.engine.support.hierarchical.NodeTestTask.executeRecursively(NodeTestTask.java:138)
	at app//org.junit.platform.engine.support.hierarchical.NodeTestTask.execute(NodeTestTask.java:95)
	at app//org.junit.platform.engine.support.hierarchical.SameThreadHierarchicalTestExecutorService.submit(SameThreadHierarchicalTestExecutorService.java:35)
	at app//org.junit.platform.engine.support.hierarchical.HierarchicalTestExecutor.execute(HierarchicalTestExecutor.java:57)
	at app//org.junit.platform.engine.support.hierarchical.HierarchicalTestEngine.execute(HierarchicalTestEngine.java:54)
	at app//org.junit.platform.launcher.core.EngineExecutionOrchestrator.execute(EngineExecutionOrchestrator.java:107)
	at app//org.junit.platform.launcher.core.EngineExecutionOrchestrator.execute(EngineExecutionOrchestrator.java:88)
	at app//org.junit.platform.launcher.core.EngineExecutionOrchestrator.lambda$execute$0(EngineExecutionOrchestrator.java:54)
	at app//org.junit.platform.launcher.core.EngineExecutionOrchestrator.withInterceptedStreams(EngineExecutionOrchestrator.java:67)
	at app//org.junit.platform.launcher.core.EngineExecutionOrchestrator.execute(EngineExecutionOrchestrator.java:52)
	at app//org.junit.platform.launcher.core.DefaultLauncher.execute(DefaultLauncher.java:114)
	at app//org.junit.platform.launcher.core.DefaultLauncher.execute(DefaultLauncher.java:86)
	at app//org.junit.platform.launcher.core.DefaultLauncherSession$DelegatingLauncher.execute(DefaultLauncherSession.java:86)
	at org.gradle.api.internal.tasks.testing.junitplatform.JUnitPlatformTestClassProcessor$CollectAllTestClassesExecutor.processAllTestClasses(JUnitPlatformTestClassProcessor.java:110)
	at org.gradle.api.internal.tasks.testing.junitplatform.JUnitPlatformTestClassProcessor$CollectAllTestClassesExecutor.access$000(JUnitPlatformTestClassProcessor.java:90)
	at org.gradle.api.internal.tasks.testing.junitplatform.JUnitPlatformTestClassProcessor.stop(JUnitPlatformTestClassProcessor.java:85)
	at org.gradle.api.internal.tasks.testing.SuiteTestClassProcessor.stop(SuiteTestClassProcessor.java:62)
	at java.base@17.0.7/jdk.internal.reflect.NativeMethodAccessorImpl.invoke0(Native Method)
	at java.base@17.0.7/jdk.internal.reflect.NativeMethodAccessorImpl.invoke(NativeMethodAccessorImpl.java:77)
	at java.base@17.0.7/jdk.internal.reflect.DelegatingMethodAccessorImpl.invoke(DelegatingMethodAccessorImpl.java:43)
	at java.base@17.0.7/java.lang.reflect.Method.invoke(Method.java:568)
	at org.gradle.internal.dispatch.ReflectionDispatch.dispatch(ReflectionDispatch.java:36)
	at org.gradle.internal.dispatch.ReflectionDispatch.dispatch(ReflectionDispatch.java:24)
	at org.gradle.internal.dispatch.ContextClassLoaderDispatch.dispatch(ContextClassLoaderDispatch.java:33)
	at org.gradle.internal.dispatch.ProxyDispatchAdapter$DispatchingInvocationHandler.invoke(ProxyDispatchAdapter.java:94)
	at jdk.proxy2/jdk.proxy2.$Proxy5.stop(Unknown Source)
	at org.gradle.api.internal.tasks.testing.worker.TestWorker$3.run(TestWorker.java:193)
	at org.gradle.api.internal.tasks.testing.worker.TestWorker.executeAndMaintainThreadName(TestWorker.java:129)
	at org.gradle.api.internal.tasks.testing.worker.TestWorker.execute(TestWorker.java:100)
	at org.gradle.api.internal.tasks.testing.worker.TestWorker.execute(TestWorker.java:60)
	at org.gradle.process.internal.worker.child.ActionExecutionWorker.execute(ActionExecutionWorker.java:56)
	at org.gradle.process.internal.worker.child.SystemApplicationClassLoaderWorker.call(SystemApplicationClassLoaderWorker.java:113)
	at org.gradle.process.internal.worker.child.SystemApplicationClassLoaderWorker.call(SystemApplicationClassLoaderWorker.java:65)
	at app//worker.org.gradle.process.internal.worker.GradleWorkerMain.run(GradleWorkerMain.java:69)
	at app//worker.org.gradle.process.internal.worker.GradleWorkerMain.main(GradleWorkerMain.java:74)
</failure>
  </testcase>
  <testcase name="testUnknownConstant()" classname="de.uka.ilkd.key.parser.TestTermParserHeap" time="0.015"/>
  <testcase name="testAllFieldsSelector()" classname="de.uka.ilkd.key.parser.TestTermParserHeap" time="0.013"/>
  <testcase name="testParsePrettyPrintedSelect()" classname="de.uka.ilkd.key.parser.TestTermParserHeap" time="0.015">
    <failure message="Could not find (program) variable or constant $f at &lt;unknown&gt;:1:23 (&lt;unknown&gt;:1:23)" type="de.uka.ilkd.key.util.parsing.BuildingException">Could not find (program) variable or constant $f at &lt;unknown&gt;:1:23 (&lt;unknown&gt;:1:23)
	at app//de.uka.ilkd.key.nparser.builder.AbstractBuilder.semanticError(AbstractBuilder.java:179)
	at app//de.uka.ilkd.key.nparser.builder.DefaultBuilder.lookupVarfuncId(DefaultBuilder.java:174)
	at app//de.uka.ilkd.key.nparser.builder.ExpressionBuilder.visitAccessterm(ExpressionBuilder.java:1443)
	at app//de.uka.ilkd.key.nparser.builder.ExpressionBuilder.visitAccessterm(ExpressionBuilder.java:49)
	at app//de.uka.ilkd.key.nparser.KeYParser$AccesstermContext.accept(KeYParser.java:6174)
	at app//org.antlr.v4.runtime.tree.AbstractParseTreeVisitor.visitChildren(AbstractParseTreeVisitor.java:46)
	at app//de.uka.ilkd.key.nparser.KeYParserBaseVisitor.visitPrimitive_term(KeYParserBaseVisitor.java:542)
	at app//de.uka.ilkd.key.nparser.KeYParser$Primitive_termContext.accept(KeYParser.java:6074)
	at app//de.uka.ilkd.key.nparser.builder.AbstractBuilder.accept(AbstractBuilder.java:48)
	at app//de.uka.ilkd.key.nparser.builder.DefaultBuilder.accept(DefaultBuilder.java:35)
	at app//de.uka.ilkd.key.nparser.builder.ExpressionBuilder.visitPrimitive_labeled_term(ExpressionBuilder.java:877)
	at app//de.uka.ilkd.key.nparser.KeYParser$Primitive_labeled_termContext.accept(KeYParser.java:5877)
	at app//de.uka.ilkd.key.nparser.builder.AbstractBuilder.accept(AbstractBuilder.java:48)
	at app//de.uka.ilkd.key.nparser.builder.DefaultBuilder.accept(DefaultBuilder.java:35)
	at app//de.uka.ilkd.key.nparser.builder.ExpressionBuilder.visitBracket_term(ExpressionBuilder.java:403)
	at app//de.uka.ilkd.key.nparser.KeYParser$Bracket_termContext.accept(KeYParser.java:5527)
	at app//org.antlr.v4.runtime.tree.AbstractParseTreeVisitor.visitChildren(AbstractParseTreeVisitor.java:46)
	at app//de.uka.ilkd.key.nparser.KeYParserBaseVisitor.visitAtom_prefix(KeYParserBaseVisitor.java:472)
	at app//de.uka.ilkd.key.nparser.KeYParser$Atom_prefixContext.accept(KeYParser.java:5429)
	at app//de.uka.ilkd.key.nparser.builder.AbstractBuilder.accept(AbstractBuilder.java:48)
	at app//de.uka.ilkd.key.nparser.builder.DefaultBuilder.accept(DefaultBuilder.java:35)
	at app//de.uka.ilkd.key.nparser.builder.ExpressionBuilder.visitStrong_arith_term_2(ExpressionBuilder.java:382)
	at app//de.uka.ilkd.key.nparser.KeYParser$Strong_arith_term_2Context.accept(KeYParser.java:5035)
	at app//de.uka.ilkd.key.nparser.builder.AbstractBuilder.accept(AbstractBuilder.java:48)
	at app//de.uka.ilkd.key.nparser.builder.DefaultBuilder.accept(DefaultBuilder.java:35)
	at app//de.uka.ilkd.key.nparser.builder.ExpressionBuilder.visitStrong_arith_term_1(ExpressionBuilder.java:368)
	at app//de.uka.ilkd.key.nparser.KeYParser$Strong_arith_term_1Context.accept(KeYParser.java:4963)
	at app//de.uka.ilkd.key.nparser.builder.AbstractBuilder.accept(AbstractBuilder.java:48)
	at app//de.uka.ilkd.key.nparser.builder.DefaultBuilder.accept(DefaultBuilder.java:35)
	at app//de.uka.ilkd.key.nparser.builder.ExpressionBuilder.visitWeak_arith_term(ExpressionBuilder.java:331)
	at app//de.uka.ilkd.key.nparser.KeYParser$Weak_arith_termContext.accept(KeYParser.java:4877)
	at app//de.uka.ilkd.key.nparser.builder.AbstractBuilder.accept(AbstractBuilder.java:48)
	at app//de.uka.ilkd.key.nparser.builder.DefaultBuilder.accept(DefaultBuilder.java:35)
	at app//de.uka.ilkd.key.nparser.builder.ExpressionBuilder.visitComparison_term(ExpressionBuilder.java:305)
	at app//de.uka.ilkd.key.nparser.KeYParser$Comparison_termContext.accept(KeYParser.java:4793)
	at app//de.uka.ilkd.key.nparser.builder.AbstractBuilder.accept(AbstractBuilder.java:48)
	at app//de.uka.ilkd.key.nparser.builder.DefaultBuilder.accept(DefaultBuilder.java:35)
	at app//de.uka.ilkd.key.nparser.builder.ExpressionBuilder.visitEquality_term(ExpressionBuilder.java:294)
	at app//de.uka.ilkd.key.nparser.builder.ExpressionBuilder.visitEquality_term(ExpressionBuilder.java:49)
	at app//de.uka.ilkd.key.nparser.KeYParser$Equality_termContext.accept(KeYParser.java:4718)
	at app//org.antlr.v4.runtime.tree.AbstractParseTreeVisitor.visitChildren(AbstractParseTreeVisitor.java:46)
	at app//de.uka.ilkd.key.nparser.KeYParserBaseVisitor.visitTerm60(KeYParserBaseVisitor.java:381)
	at app//de.uka.ilkd.key.nparser.KeYParser$Term60Context.accept(KeYParser.java:4485)
	at app//de.uka.ilkd.key.nparser.builder.AbstractBuilder.accept(AbstractBuilder.java:48)
	at app//de.uka.ilkd.key.nparser.builder.DefaultBuilder.accept(DefaultBuilder.java:35)
	at app//de.uka.ilkd.key.nparser.builder.ExpressionBuilder.visitConjunction_term(ExpressionBuilder.java:238)
	at app//de.uka.ilkd.key.nparser.builder.ExpressionBuilder.visitConjunction_term(ExpressionBuilder.java:49)
	at app//de.uka.ilkd.key.nparser.KeYParser$Conjunction_termContext.accept(KeYParser.java:4419)
	at app//de.uka.ilkd.key.nparser.builder.AbstractBuilder.accept(AbstractBuilder.java:48)
	at app//de.uka.ilkd.key.nparser.builder.DefaultBuilder.accept(DefaultBuilder.java:35)
	at app//de.uka.ilkd.key.nparser.builder.ExpressionBuilder.visitDisjunction_term(ExpressionBuilder.java:229)
	at app//de.uka.ilkd.key.nparser.builder.ExpressionBuilder.visitDisjunction_term(ExpressionBuilder.java:49)
	at app//de.uka.ilkd.key.nparser.KeYParser$Disjunction_termContext.accept(KeYParser.java:4346)
	at app//de.uka.ilkd.key.nparser.builder.AbstractBuilder.accept(AbstractBuilder.java:48)
	at app//de.uka.ilkd.key.nparser.builder.DefaultBuilder.accept(DefaultBuilder.java:35)
	at app//de.uka.ilkd.key.nparser.builder.ExpressionBuilder.visitImplication_term(ExpressionBuilder.java:222)
	at app//de.uka.ilkd.key.nparser.builder.ExpressionBuilder.visitImplication_term(ExpressionBuilder.java:49)
	at app//de.uka.ilkd.key.nparser.KeYParser$Implication_termContext.accept(KeYParser.java:4278)
	at app//de.uka.ilkd.key.nparser.builder.AbstractBuilder.accept(AbstractBuilder.java:48)
	at app//de.uka.ilkd.key.nparser.builder.DefaultBuilder.accept(DefaultBuilder.java:35)
	at app//de.uka.ilkd.key.nparser.builder.ExpressionBuilder.visitEquivalence_term(ExpressionBuilder.java:198)
	at app//de.uka.ilkd.key.nparser.builder.ExpressionBuilder.visitEquivalence_term(ExpressionBuilder.java:49)
	at app//de.uka.ilkd.key.nparser.KeYParser$Equivalence_termContext.accept(KeYParser.java:4209)
	at app//de.uka.ilkd.key.nparser.builder.AbstractBuilder.accept(AbstractBuilder.java:48)
	at app//de.uka.ilkd.key.nparser.builder.DefaultBuilder.accept(DefaultBuilder.java:35)
	at app//de.uka.ilkd.key.nparser.builder.ExpressionBuilder.visitElementary_update_term(ExpressionBuilder.java:188)
	at app//de.uka.ilkd.key.nparser.builder.ExpressionBuilder.visitElementary_update_term(ExpressionBuilder.java:49)
	at app//de.uka.ilkd.key.nparser.KeYParser$Elementary_update_termContext.accept(KeYParser.java:4142)
	at app//de.uka.ilkd.key.nparser.builder.AbstractBuilder.lambda$mapOf$0(AbstractBuilder.java:124)
	at java.base@17.0.7/java.util.stream.ReferencePipeline$3$1.accept(ReferencePipeline.java:197)
	at java.base@17.0.7/java.util.ArrayList$ArrayListSpliterator.forEachRemaining(ArrayList.java:1625)
	at java.base@17.0.7/java.util.stream.AbstractPipeline.copyInto(AbstractPipeline.java:509)
	at java.base@17.0.7/java.util.stream.AbstractPipeline.wrapAndCopyInto(AbstractPipeline.java:499)
	at java.base@17.0.7/java.util.stream.ReduceOps$ReduceOp.evaluateSequential(ReduceOps.java:921)
	at java.base@17.0.7/java.util.stream.AbstractPipeline.evaluate(AbstractPipeline.java:234)
	at java.base@17.0.7/java.util.stream.ReferencePipeline.collect(ReferencePipeline.java:682)
	at app//de.uka.ilkd.key.nparser.builder.AbstractBuilder.mapOf(AbstractBuilder.java:124)
	at app//de.uka.ilkd.key.nparser.builder.ExpressionBuilder.visitParallel_term(ExpressionBuilder.java:173)
	at app//de.uka.ilkd.key.nparser.builder.ExpressionBuilder.visitParallel_term(ExpressionBuilder.java:49)
	at app//de.uka.ilkd.key.nparser.KeYParser$Parallel_termContext.accept(KeYParser.java:4074)
	at app//org.antlr.v4.runtime.tree.AbstractParseTreeVisitor.visitChildren(AbstractParseTreeVisitor.java:46)
	at app//de.uka.ilkd.key.nparser.KeYParserBaseVisitor.visitTerm(KeYParserBaseVisitor.java:332)
	at app//de.uka.ilkd.key.nparser.KeYParser$TermContext.accept(KeYParser.java:4020)
	at app//de.uka.ilkd.key.nparser.builder.AbstractBuilder.lambda$mapOf$0(AbstractBuilder.java:124)
	at java.base@17.0.7/java.util.stream.ReferencePipeline$3$1.accept(ReferencePipeline.java:197)
	at java.base@17.0.7/java.util.ArrayList$ArrayListSpliterator.forEachRemaining(ArrayList.java:1625)
	at java.base@17.0.7/java.util.stream.AbstractPipeline.copyInto(AbstractPipeline.java:509)
	at java.base@17.0.7/java.util.stream.AbstractPipeline.wrapAndCopyInto(AbstractPipeline.java:499)
	at java.base@17.0.7/java.util.stream.ReduceOps$ReduceOp.evaluateSequential(ReduceOps.java:921)
	at java.base@17.0.7/java.util.stream.AbstractPipeline.evaluate(AbstractPipeline.java:234)
	at java.base@17.0.7/java.util.stream.ReferencePipeline.collect(ReferencePipeline.java:682)
	at app//de.uka.ilkd.key.nparser.builder.AbstractBuilder.mapOf(AbstractBuilder.java:124)
	at app//de.uka.ilkd.key.nparser.builder.ExpressionBuilder.visitArgument_list(ExpressionBuilder.java:1095)
	at app//de.uka.ilkd.key.nparser.builder.ExpressionBuilder.visitArgument_list(ExpressionBuilder.java:49)
	at app//de.uka.ilkd.key.nparser.KeYParser$Argument_listContext.accept(KeYParser.java:7173)
	at app//de.uka.ilkd.key.nparser.builder.AbstractBuilder.accept(AbstractBuilder.java:48)
	at app//de.uka.ilkd.key.nparser.builder.DefaultBuilder.accept(DefaultBuilder.java:35)
	at app//de.uka.ilkd.key.nparser.builder.ExpressionBuilder.visitArguments(ExpressionBuilder.java:1488)
	at app//de.uka.ilkd.key.nparser.builder.ExpressionBuilder.visitAccessterm(ExpressionBuilder.java:1421)
	at app//de.uka.ilkd.key.nparser.builder.ExpressionBuilder.visitAccessterm(ExpressionBuilder.java:49)
	at app//de.uka.ilkd.key.nparser.KeYParser$AccesstermContext.accept(KeYParser.java:6174)
	at app//org.antlr.v4.runtime.tree.AbstractParseTreeVisitor.visitChildren(AbstractParseTreeVisitor.java:46)
	at app//de.uka.ilkd.key.nparser.KeYParserBaseVisitor.visitPrimitive_term(KeYParserBaseVisitor.java:542)
	at app//de.uka.ilkd.key.nparser.KeYParser$Primitive_termContext.accept(KeYParser.java:6074)
	at app//de.uka.ilkd.key.nparser.builder.AbstractBuilder.accept(AbstractBuilder.java:48)
	at app//de.uka.ilkd.key.nparser.builder.DefaultBuilder.accept(DefaultBuilder.java:35)
	at app//de.uka.ilkd.key.nparser.builder.ExpressionBuilder.visitPrimitive_labeled_term(ExpressionBuilder.java:877)
	at app//de.uka.ilkd.key.nparser.KeYParser$Primitive_labeled_termContext.accept(KeYParser.java:5877)
	at app//de.uka.ilkd.key.nparser.builder.AbstractBuilder.accept(AbstractBuilder.java:48)
	at app//de.uka.ilkd.key.nparser.builder.DefaultBuilder.accept(DefaultBuilder.java:35)
	at app//de.uka.ilkd.key.nparser.builder.ExpressionBuilder.visitBracket_term(ExpressionBuilder.java:403)
	at app//de.uka.ilkd.key.nparser.KeYParser$Bracket_termContext.accept(KeYParser.java:5527)
	at app//org.antlr.v4.runtime.tree.AbstractParseTreeVisitor.visitChildren(AbstractParseTreeVisitor.java:46)
	at app//de.uka.ilkd.key.nparser.KeYParserBaseVisitor.visitAtom_prefix(KeYParserBaseVisitor.java:472)
	at app//de.uka.ilkd.key.nparser.KeYParser$Atom_prefixContext.accept(KeYParser.java:5429)
	at app//de.uka.ilkd.key.nparser.builder.AbstractBuilder.accept(AbstractBuilder.java:48)
	at app//de.uka.ilkd.key.nparser.builder.DefaultBuilder.accept(DefaultBuilder.java:35)
	at app//de.uka.ilkd.key.nparser.builder.ExpressionBuilder.visitStrong_arith_term_2(ExpressionBuilder.java:382)
	at app//de.uka.ilkd.key.nparser.KeYParser$Strong_arith_term_2Context.accept(KeYParser.java:5035)
	at app//de.uka.ilkd.key.nparser.builder.AbstractBuilder.accept(AbstractBuilder.java:48)
	at app//de.uka.ilkd.key.nparser.builder.DefaultBuilder.accept(DefaultBuilder.java:35)
	at app//de.uka.ilkd.key.nparser.builder.ExpressionBuilder.visitStrong_arith_term_1(ExpressionBuilder.java:368)
	at app//de.uka.ilkd.key.nparser.KeYParser$Strong_arith_term_1Context.accept(KeYParser.java:4963)
	at app//de.uka.ilkd.key.nparser.builder.AbstractBuilder.accept(AbstractBuilder.java:48)
	at app//de.uka.ilkd.key.nparser.builder.DefaultBuilder.accept(DefaultBuilder.java:35)
	at app//de.uka.ilkd.key.nparser.builder.ExpressionBuilder.visitWeak_arith_term(ExpressionBuilder.java:331)
	at app//de.uka.ilkd.key.nparser.KeYParser$Weak_arith_termContext.accept(KeYParser.java:4877)
	at app//de.uka.ilkd.key.nparser.builder.AbstractBuilder.accept(AbstractBuilder.java:48)
	at app//de.uka.ilkd.key.nparser.builder.DefaultBuilder.accept(DefaultBuilder.java:35)
	at app//de.uka.ilkd.key.nparser.builder.ExpressionBuilder.visitComparison_term(ExpressionBuilder.java:305)
	at app//de.uka.ilkd.key.nparser.KeYParser$Comparison_termContext.accept(KeYParser.java:4793)
	at app//de.uka.ilkd.key.nparser.builder.AbstractBuilder.accept(AbstractBuilder.java:48)
	at app//de.uka.ilkd.key.nparser.builder.DefaultBuilder.accept(DefaultBuilder.java:35)
	at app//de.uka.ilkd.key.nparser.builder.ExpressionBuilder.visitEquality_term(ExpressionBuilder.java:294)
	at app//de.uka.ilkd.key.nparser.builder.ExpressionBuilder.visitEquality_term(ExpressionBuilder.java:49)
	at app//de.uka.ilkd.key.nparser.KeYParser$Equality_termContext.accept(KeYParser.java:4718)
	at app//org.antlr.v4.runtime.tree.AbstractParseTreeVisitor.visitChildren(AbstractParseTreeVisitor.java:46)
	at app//de.uka.ilkd.key.nparser.KeYParserBaseVisitor.visitTerm60(KeYParserBaseVisitor.java:381)
	at app//de.uka.ilkd.key.nparser.KeYParser$Term60Context.accept(KeYParser.java:4485)
	at app//de.uka.ilkd.key.nparser.builder.AbstractBuilder.accept(AbstractBuilder.java:48)
	at app//de.uka.ilkd.key.nparser.builder.DefaultBuilder.accept(DefaultBuilder.java:35)
	at app//de.uka.ilkd.key.nparser.builder.ExpressionBuilder.visitConjunction_term(ExpressionBuilder.java:238)
	at app//de.uka.ilkd.key.nparser.builder.ExpressionBuilder.visitConjunction_term(ExpressionBuilder.java:49)
	at app//de.uka.ilkd.key.nparser.KeYParser$Conjunction_termContext.accept(KeYParser.java:4419)
	at app//de.uka.ilkd.key.nparser.builder.AbstractBuilder.accept(AbstractBuilder.java:48)
	at app//de.uka.ilkd.key.nparser.builder.DefaultBuilder.accept(DefaultBuilder.java:35)
	at app//de.uka.ilkd.key.nparser.builder.ExpressionBuilder.visitDisjunction_term(ExpressionBuilder.java:229)
	at app//de.uka.ilkd.key.nparser.builder.ExpressionBuilder.visitDisjunction_term(ExpressionBuilder.java:49)
	at app//de.uka.ilkd.key.nparser.KeYParser$Disjunction_termContext.accept(KeYParser.java:4346)
	at app//de.uka.ilkd.key.nparser.builder.AbstractBuilder.accept(AbstractBuilder.java:48)
	at app//de.uka.ilkd.key.nparser.builder.DefaultBuilder.accept(DefaultBuilder.java:35)
	at app//de.uka.ilkd.key.nparser.builder.ExpressionBuilder.visitImplication_term(ExpressionBuilder.java:222)
	at app//de.uka.ilkd.key.nparser.builder.ExpressionBuilder.visitImplication_term(ExpressionBuilder.java:49)
	at app//de.uka.ilkd.key.nparser.KeYParser$Implication_termContext.accept(KeYParser.java:4278)
	at app//de.uka.ilkd.key.nparser.builder.AbstractBuilder.accept(AbstractBuilder.java:48)
	at app//de.uka.ilkd.key.nparser.builder.DefaultBuilder.accept(DefaultBuilder.java:35)
	at app//de.uka.ilkd.key.nparser.builder.ExpressionBuilder.visitEquivalence_term(ExpressionBuilder.java:198)
	at app//de.uka.ilkd.key.nparser.builder.ExpressionBuilder.visitEquivalence_term(ExpressionBuilder.java:49)
	at app//de.uka.ilkd.key.nparser.KeYParser$Equivalence_termContext.accept(KeYParser.java:4209)
	at app//de.uka.ilkd.key.nparser.builder.AbstractBuilder.accept(AbstractBuilder.java:48)
	at app//de.uka.ilkd.key.nparser.builder.DefaultBuilder.accept(DefaultBuilder.java:35)
	at app//de.uka.ilkd.key.nparser.builder.ExpressionBuilder.visitElementary_update_term(ExpressionBuilder.java:188)
	at app//de.uka.ilkd.key.nparser.builder.ExpressionBuilder.visitElementary_update_term(ExpressionBuilder.java:49)
	at app//de.uka.ilkd.key.nparser.KeYParser$Elementary_update_termContext.accept(KeYParser.java:4142)
	at app//de.uka.ilkd.key.nparser.builder.AbstractBuilder.lambda$mapOf$0(AbstractBuilder.java:124)
	at java.base@17.0.7/java.util.stream.ReferencePipeline$3$1.accept(ReferencePipeline.java:197)
	at java.base@17.0.7/java.util.ArrayList$ArrayListSpliterator.forEachRemaining(ArrayList.java:1625)
	at java.base@17.0.7/java.util.stream.AbstractPipeline.copyInto(AbstractPipeline.java:509)
	at java.base@17.0.7/java.util.stream.AbstractPipeline.wrapAndCopyInto(AbstractPipeline.java:499)
	at java.base@17.0.7/java.util.stream.ReduceOps$ReduceOp.evaluateSequential(ReduceOps.java:921)
	at java.base@17.0.7/java.util.stream.AbstractPipeline.evaluate(AbstractPipeline.java:234)
	at java.base@17.0.7/java.util.stream.ReferencePipeline.collect(ReferencePipeline.java:682)
	at app//de.uka.ilkd.key.nparser.builder.AbstractBuilder.mapOf(AbstractBuilder.java:124)
	at app//de.uka.ilkd.key.nparser.builder.ExpressionBuilder.visitParallel_term(ExpressionBuilder.java:173)
	at app//de.uka.ilkd.key.nparser.builder.ExpressionBuilder.visitParallel_term(ExpressionBuilder.java:49)
	at app//de.uka.ilkd.key.nparser.KeYParser$Parallel_termContext.accept(KeYParser.java:4074)
	at app//org.antlr.v4.runtime.tree.AbstractParseTreeVisitor.visitChildren(AbstractParseTreeVisitor.java:46)
	at app//de.uka.ilkd.key.nparser.KeYParserBaseVisitor.visitTerm(KeYParserBaseVisitor.java:332)
	at app//de.uka.ilkd.key.nparser.KeYParser$TermContext.accept(KeYParser.java:4020)
	at app//de.uka.ilkd.key.nparser.KeyAst.accept(KeyAst.java:43)
	at app//de.uka.ilkd.key.nparser.KeyIO.parseExpression(KeyIO.java:96)
	at app//de.uka.ilkd.key.nparser.KeyIO.parseExpression(KeyIO.java:79)
	at app//de.uka.ilkd.key.parser.AbstractTestTermParser.parseTerm(AbstractTestTermParser.java:74)
	at app//de.uka.ilkd.key.parser.AbstractTestTermParser.comparePrettySyntaxAgainstVerboseSyntax(AbstractTestTermParser.java:141)
	at app//de.uka.ilkd.key.parser.TestTermParserHeap.testParsePrettyPrintedSelect(TestTermParserHeap.java:78)
	at java.base@17.0.7/jdk.internal.reflect.NativeMethodAccessorImpl.invoke0(Native Method)
	at java.base@17.0.7/jdk.internal.reflect.NativeMethodAccessorImpl.invoke(NativeMethodAccessorImpl.java:77)
	at java.base@17.0.7/jdk.internal.reflect.DelegatingMethodAccessorImpl.invoke(DelegatingMethodAccessorImpl.java:43)
	at java.base@17.0.7/java.lang.reflect.Method.invoke(Method.java:568)
	at app//org.junit.platform.commons.util.ReflectionUtils.invokeMethod(ReflectionUtils.java:727)
	at app//org.junit.jupiter.engine.execution.MethodInvocation.proceed(MethodInvocation.java:60)
	at app//org.junit.jupiter.engine.execution.InvocationInterceptorChain$ValidatingInvocation.proceed(InvocationInterceptorChain.java:131)
	at app//org.junit.jupiter.engine.extension.TimeoutExtension.intercept(TimeoutExtension.java:156)
	at app//org.junit.jupiter.engine.extension.TimeoutExtension.interceptTestableMethod(TimeoutExtension.java:147)
	at app//org.junit.jupiter.engine.extension.TimeoutExtension.interceptTestMethod(TimeoutExtension.java:86)
	at app//org.junit.jupiter.engine.execution.InterceptingExecutableInvoker$ReflectiveInterceptorCall.lambda$ofVoidMethod$0(InterceptingExecutableInvoker.java:103)
	at app//org.junit.jupiter.engine.execution.InterceptingExecutableInvoker.lambda$invoke$0(InterceptingExecutableInvoker.java:93)
	at app//org.junit.jupiter.engine.execution.InvocationInterceptorChain$InterceptedInvocation.proceed(InvocationInterceptorChain.java:106)
	at app//org.junit.jupiter.engine.execution.InvocationInterceptorChain.proceed(InvocationInterceptorChain.java:64)
	at app//org.junit.jupiter.engine.execution.InvocationInterceptorChain.chainAndInvoke(InvocationInterceptorChain.java:45)
	at app//org.junit.jupiter.engine.execution.InvocationInterceptorChain.invoke(InvocationInterceptorChain.java:37)
	at app//org.junit.jupiter.engine.execution.InterceptingExecutableInvoker.invoke(InterceptingExecutableInvoker.java:92)
	at app//org.junit.jupiter.engine.execution.InterceptingExecutableInvoker.invoke(InterceptingExecutableInvoker.java:86)
	at app//org.junit.jupiter.engine.descriptor.TestMethodTestDescriptor.lambda$invokeTestMethod$7(TestMethodTestDescriptor.java:217)
	at app//org.junit.platform.engine.support.hierarchical.ThrowableCollector.execute(ThrowableCollector.java:73)
	at app//org.junit.jupiter.engine.descriptor.TestMethodTestDescriptor.invokeTestMethod(TestMethodTestDescriptor.java:213)
	at app//org.junit.jupiter.engine.descriptor.TestMethodTestDescriptor.execute(TestMethodTestDescriptor.java:138)
	at app//org.junit.jupiter.engine.descriptor.TestMethodTestDescriptor.execute(TestMethodTestDescriptor.java:68)
	at app//org.junit.platform.engine.support.hierarchical.NodeTestTask.lambda$executeRecursively$6(NodeTestTask.java:151)
	at app//org.junit.platform.engine.support.hierarchical.ThrowableCollector.execute(ThrowableCollector.java:73)
	at app//org.junit.platform.engine.support.hierarchical.NodeTestTask.lambda$executeRecursively$8(NodeTestTask.java:141)
	at app//org.junit.platform.engine.support.hierarchical.Node.around(Node.java:137)
	at app//org.junit.platform.engine.support.hierarchical.NodeTestTask.lambda$executeRecursively$9(NodeTestTask.java:139)
	at app//org.junit.platform.engine.support.hierarchical.ThrowableCollector.execute(ThrowableCollector.java:73)
	at app//org.junit.platform.engine.support.hierarchical.NodeTestTask.executeRecursively(NodeTestTask.java:138)
	at app//org.junit.platform.engine.support.hierarchical.NodeTestTask.execute(NodeTestTask.java:95)
	at java.base@17.0.7/java.util.ArrayList.forEach(ArrayList.java:1511)
	at app//org.junit.platform.engine.support.hierarchical.SameThreadHierarchicalTestExecutorService.invokeAll(SameThreadHierarchicalTestExecutorService.java:41)
	at app//org.junit.platform.engine.support.hierarchical.NodeTestTask.lambda$executeRecursively$6(NodeTestTask.java:155)
	at app//org.junit.platform.engine.support.hierarchical.ThrowableCollector.execute(ThrowableCollector.java:73)
	at app//org.junit.platform.engine.support.hierarchical.NodeTestTask.lambda$executeRecursively$8(NodeTestTask.java:141)
	at app//org.junit.platform.engine.support.hierarchical.Node.around(Node.java:137)
	at app//org.junit.platform.engine.support.hierarchical.NodeTestTask.lambda$executeRecursively$9(NodeTestTask.java:139)
	at app//org.junit.platform.engine.support.hierarchical.ThrowableCollector.execute(ThrowableCollector.java:73)
	at app//org.junit.platform.engine.support.hierarchical.NodeTestTask.executeRecursively(NodeTestTask.java:138)
	at app//org.junit.platform.engine.support.hierarchical.NodeTestTask.execute(NodeTestTask.java:95)
	at java.base@17.0.7/java.util.ArrayList.forEach(ArrayList.java:1511)
	at app//org.junit.platform.engine.support.hierarchical.SameThreadHierarchicalTestExecutorService.invokeAll(SameThreadHierarchicalTestExecutorService.java:41)
	at app//org.junit.platform.engine.support.hierarchical.NodeTestTask.lambda$executeRecursively$6(NodeTestTask.java:155)
	at app//org.junit.platform.engine.support.hierarchical.ThrowableCollector.execute(ThrowableCollector.java:73)
	at app//org.junit.platform.engine.support.hierarchical.NodeTestTask.lambda$executeRecursively$8(NodeTestTask.java:141)
	at app//org.junit.platform.engine.support.hierarchical.Node.around(Node.java:137)
	at app//org.junit.platform.engine.support.hierarchical.NodeTestTask.lambda$executeRecursively$9(NodeTestTask.java:139)
	at app//org.junit.platform.engine.support.hierarchical.ThrowableCollector.execute(ThrowableCollector.java:73)
	at app//org.junit.platform.engine.support.hierarchical.NodeTestTask.executeRecursively(NodeTestTask.java:138)
	at app//org.junit.platform.engine.support.hierarchical.NodeTestTask.execute(NodeTestTask.java:95)
	at app//org.junit.platform.engine.support.hierarchical.SameThreadHierarchicalTestExecutorService.submit(SameThreadHierarchicalTestExecutorService.java:35)
	at app//org.junit.platform.engine.support.hierarchical.HierarchicalTestExecutor.execute(HierarchicalTestExecutor.java:57)
	at app//org.junit.platform.engine.support.hierarchical.HierarchicalTestEngine.execute(HierarchicalTestEngine.java:54)
	at app//org.junit.platform.launcher.core.EngineExecutionOrchestrator.execute(EngineExecutionOrchestrator.java:107)
	at app//org.junit.platform.launcher.core.EngineExecutionOrchestrator.execute(EngineExecutionOrchestrator.java:88)
	at app//org.junit.platform.launcher.core.EngineExecutionOrchestrator.lambda$execute$0(EngineExecutionOrchestrator.java:54)
	at app//org.junit.platform.launcher.core.EngineExecutionOrchestrator.withInterceptedStreams(EngineExecutionOrchestrator.java:67)
	at app//org.junit.platform.launcher.core.EngineExecutionOrchestrator.execute(EngineExecutionOrchestrator.java:52)
	at app//org.junit.platform.launcher.core.DefaultLauncher.execute(DefaultLauncher.java:114)
	at app//org.junit.platform.launcher.core.DefaultLauncher.execute(DefaultLauncher.java:86)
	at app//org.junit.platform.launcher.core.DefaultLauncherSession$DelegatingLauncher.execute(DefaultLauncherSession.java:86)
	at org.gradle.api.internal.tasks.testing.junitplatform.JUnitPlatformTestClassProcessor$CollectAllTestClassesExecutor.processAllTestClasses(JUnitPlatformTestClassProcessor.java:110)
	at org.gradle.api.internal.tasks.testing.junitplatform.JUnitPlatformTestClassProcessor$CollectAllTestClassesExecutor.access$000(JUnitPlatformTestClassProcessor.java:90)
	at org.gradle.api.internal.tasks.testing.junitplatform.JUnitPlatformTestClassProcessor.stop(JUnitPlatformTestClassProcessor.java:85)
	at org.gradle.api.internal.tasks.testing.SuiteTestClassProcessor.stop(SuiteTestClassProcessor.java:62)
	at java.base@17.0.7/jdk.internal.reflect.NativeMethodAccessorImpl.invoke0(Native Method)
	at java.base@17.0.7/jdk.internal.reflect.NativeMethodAccessorImpl.invoke(NativeMethodAccessorImpl.java:77)
	at java.base@17.0.7/jdk.internal.reflect.DelegatingMethodAccessorImpl.invoke(DelegatingMethodAccessorImpl.java:43)
	at java.base@17.0.7/java.lang.reflect.Method.invoke(Method.java:568)
	at org.gradle.internal.dispatch.ReflectionDispatch.dispatch(ReflectionDispatch.java:36)
	at org.gradle.internal.dispatch.ReflectionDispatch.dispatch(ReflectionDispatch.java:24)
	at org.gradle.internal.dispatch.ContextClassLoaderDispatch.dispatch(ContextClassLoaderDispatch.java:33)
	at org.gradle.internal.dispatch.ProxyDispatchAdapter$DispatchingInvocationHandler.invoke(ProxyDispatchAdapter.java:94)
	at jdk.proxy2/jdk.proxy2.$Proxy5.stop(Unknown Source)
	at org.gradle.api.internal.tasks.testing.worker.TestWorker$3.run(TestWorker.java:193)
	at org.gradle.api.internal.tasks.testing.worker.TestWorker.executeAndMaintainThreadName(TestWorker.java:129)
	at org.gradle.api.internal.tasks.testing.worker.TestWorker.execute(TestWorker.java:100)
	at org.gradle.api.internal.tasks.testing.worker.TestWorker.execute(TestWorker.java:60)
	at org.gradle.process.internal.worker.child.ActionExecutionWorker.execute(ActionExecutionWorker.java:56)
	at org.gradle.process.internal.worker.child.SystemApplicationClassLoaderWorker.call(SystemApplicationClassLoaderWorker.java:113)
	at org.gradle.process.internal.worker.child.SystemApplicationClassLoaderWorker.call(SystemApplicationClassLoaderWorker.java:65)
	at app//worker.org.gradle.process.internal.worker.GradleWorkerMain.run(GradleWorkerMain.java:69)
	at app//worker.org.gradle.process.internal.worker.GradleWorkerMain.main(GradleWorkerMain.java:74)
</failure>
  </testcase>
  <testcase name="testAccessStaticMembers()" classname="de.uka.ilkd.key.parser.TestTermParserHeap" time="0.017">
    <failure message="Could not find (program) variable or constant staticMethod at &lt;unknown&gt;:1:1 (&lt;unknown&gt;:1:1)" type="de.uka.ilkd.key.util.parsing.BuildingException">Could not find (program) variable or constant staticMethod at &lt;unknown&gt;:1:1 (&lt;unknown&gt;:1:1)
	at app//de.uka.ilkd.key.nparser.builder.AbstractBuilder.semanticError(AbstractBuilder.java:179)
	at app//de.uka.ilkd.key.nparser.builder.DefaultBuilder.lookupVarfuncId(DefaultBuilder.java:174)
	at app//de.uka.ilkd.key.nparser.builder.ExpressionBuilder.visitAccessterm(ExpressionBuilder.java:1443)
	at app//de.uka.ilkd.key.nparser.builder.ExpressionBuilder.visitAccessterm(ExpressionBuilder.java:49)
	at app//de.uka.ilkd.key.nparser.KeYParser$AccesstermContext.accept(KeYParser.java:6174)
	at app//org.antlr.v4.runtime.tree.AbstractParseTreeVisitor.visitChildren(AbstractParseTreeVisitor.java:46)
	at app//de.uka.ilkd.key.nparser.KeYParserBaseVisitor.visitPrimitive_term(KeYParserBaseVisitor.java:542)
	at app//de.uka.ilkd.key.nparser.KeYParser$Primitive_termContext.accept(KeYParser.java:6074)
	at app//de.uka.ilkd.key.nparser.builder.AbstractBuilder.accept(AbstractBuilder.java:48)
	at app//de.uka.ilkd.key.nparser.builder.DefaultBuilder.accept(DefaultBuilder.java:35)
	at app//de.uka.ilkd.key.nparser.builder.ExpressionBuilder.visitPrimitive_labeled_term(ExpressionBuilder.java:877)
	at app//de.uka.ilkd.key.nparser.KeYParser$Primitive_labeled_termContext.accept(KeYParser.java:5877)
	at app//de.uka.ilkd.key.nparser.builder.AbstractBuilder.accept(AbstractBuilder.java:48)
	at app//de.uka.ilkd.key.nparser.builder.DefaultBuilder.accept(DefaultBuilder.java:35)
	at app//de.uka.ilkd.key.nparser.builder.ExpressionBuilder.visitBracket_term(ExpressionBuilder.java:403)
	at app//de.uka.ilkd.key.nparser.KeYParser$Bracket_termContext.accept(KeYParser.java:5527)
	at app//org.antlr.v4.runtime.tree.AbstractParseTreeVisitor.visitChildren(AbstractParseTreeVisitor.java:46)
	at app//de.uka.ilkd.key.nparser.KeYParserBaseVisitor.visitAtom_prefix(KeYParserBaseVisitor.java:472)
	at app//de.uka.ilkd.key.nparser.KeYParser$Atom_prefixContext.accept(KeYParser.java:5429)
	at app//de.uka.ilkd.key.nparser.builder.AbstractBuilder.accept(AbstractBuilder.java:48)
	at app//de.uka.ilkd.key.nparser.builder.DefaultBuilder.accept(DefaultBuilder.java:35)
	at app//de.uka.ilkd.key.nparser.builder.ExpressionBuilder.visitStrong_arith_term_2(ExpressionBuilder.java:382)
	at app//de.uka.ilkd.key.nparser.KeYParser$Strong_arith_term_2Context.accept(KeYParser.java:5035)
	at app//de.uka.ilkd.key.nparser.builder.AbstractBuilder.accept(AbstractBuilder.java:48)
	at app//de.uka.ilkd.key.nparser.builder.DefaultBuilder.accept(DefaultBuilder.java:35)
	at app//de.uka.ilkd.key.nparser.builder.ExpressionBuilder.visitStrong_arith_term_1(ExpressionBuilder.java:368)
	at app//de.uka.ilkd.key.nparser.KeYParser$Strong_arith_term_1Context.accept(KeYParser.java:4963)
	at app//de.uka.ilkd.key.nparser.builder.AbstractBuilder.accept(AbstractBuilder.java:48)
	at app//de.uka.ilkd.key.nparser.builder.DefaultBuilder.accept(DefaultBuilder.java:35)
	at app//de.uka.ilkd.key.nparser.builder.ExpressionBuilder.visitWeak_arith_term(ExpressionBuilder.java:331)
	at app//de.uka.ilkd.key.nparser.KeYParser$Weak_arith_termContext.accept(KeYParser.java:4877)
	at app//de.uka.ilkd.key.nparser.builder.AbstractBuilder.accept(AbstractBuilder.java:48)
	at app//de.uka.ilkd.key.nparser.builder.DefaultBuilder.accept(DefaultBuilder.java:35)
	at app//de.uka.ilkd.key.nparser.builder.ExpressionBuilder.visitComparison_term(ExpressionBuilder.java:305)
	at app//de.uka.ilkd.key.nparser.KeYParser$Comparison_termContext.accept(KeYParser.java:4793)
	at app//de.uka.ilkd.key.nparser.builder.AbstractBuilder.accept(AbstractBuilder.java:48)
	at app//de.uka.ilkd.key.nparser.builder.DefaultBuilder.accept(DefaultBuilder.java:35)
	at app//de.uka.ilkd.key.nparser.builder.ExpressionBuilder.visitEquality_term(ExpressionBuilder.java:294)
	at app//de.uka.ilkd.key.nparser.builder.ExpressionBuilder.visitEquality_term(ExpressionBuilder.java:49)
	at app//de.uka.ilkd.key.nparser.KeYParser$Equality_termContext.accept(KeYParser.java:4718)
	at app//org.antlr.v4.runtime.tree.AbstractParseTreeVisitor.visitChildren(AbstractParseTreeVisitor.java:46)
	at app//de.uka.ilkd.key.nparser.KeYParserBaseVisitor.visitTerm60(KeYParserBaseVisitor.java:381)
	at app//de.uka.ilkd.key.nparser.KeYParser$Term60Context.accept(KeYParser.java:4485)
	at app//de.uka.ilkd.key.nparser.builder.AbstractBuilder.accept(AbstractBuilder.java:48)
	at app//de.uka.ilkd.key.nparser.builder.DefaultBuilder.accept(DefaultBuilder.java:35)
	at app//de.uka.ilkd.key.nparser.builder.ExpressionBuilder.visitConjunction_term(ExpressionBuilder.java:238)
	at app//de.uka.ilkd.key.nparser.builder.ExpressionBuilder.visitConjunction_term(ExpressionBuilder.java:49)
	at app//de.uka.ilkd.key.nparser.KeYParser$Conjunction_termContext.accept(KeYParser.java:4419)
	at app//de.uka.ilkd.key.nparser.builder.AbstractBuilder.accept(AbstractBuilder.java:48)
	at app//de.uka.ilkd.key.nparser.builder.DefaultBuilder.accept(DefaultBuilder.java:35)
	at app//de.uka.ilkd.key.nparser.builder.ExpressionBuilder.visitDisjunction_term(ExpressionBuilder.java:229)
	at app//de.uka.ilkd.key.nparser.builder.ExpressionBuilder.visitDisjunction_term(ExpressionBuilder.java:49)
	at app//de.uka.ilkd.key.nparser.KeYParser$Disjunction_termContext.accept(KeYParser.java:4346)
	at app//de.uka.ilkd.key.nparser.builder.AbstractBuilder.accept(AbstractBuilder.java:48)
	at app//de.uka.ilkd.key.nparser.builder.DefaultBuilder.accept(DefaultBuilder.java:35)
	at app//de.uka.ilkd.key.nparser.builder.ExpressionBuilder.visitImplication_term(ExpressionBuilder.java:222)
	at app//de.uka.ilkd.key.nparser.builder.ExpressionBuilder.visitImplication_term(ExpressionBuilder.java:49)
	at app//de.uka.ilkd.key.nparser.KeYParser$Implication_termContext.accept(KeYParser.java:4278)
	at app//de.uka.ilkd.key.nparser.builder.AbstractBuilder.accept(AbstractBuilder.java:48)
	at app//de.uka.ilkd.key.nparser.builder.DefaultBuilder.accept(DefaultBuilder.java:35)
	at app//de.uka.ilkd.key.nparser.builder.ExpressionBuilder.visitEquivalence_term(ExpressionBuilder.java:198)
	at app//de.uka.ilkd.key.nparser.builder.ExpressionBuilder.visitEquivalence_term(ExpressionBuilder.java:49)
	at app//de.uka.ilkd.key.nparser.KeYParser$Equivalence_termContext.accept(KeYParser.java:4209)
	at app//de.uka.ilkd.key.nparser.builder.AbstractBuilder.accept(AbstractBuilder.java:48)
	at app//de.uka.ilkd.key.nparser.builder.DefaultBuilder.accept(DefaultBuilder.java:35)
	at app//de.uka.ilkd.key.nparser.builder.ExpressionBuilder.visitElementary_update_term(ExpressionBuilder.java:188)
	at app//de.uka.ilkd.key.nparser.builder.ExpressionBuilder.visitElementary_update_term(ExpressionBuilder.java:49)
	at app//de.uka.ilkd.key.nparser.KeYParser$Elementary_update_termContext.accept(KeYParser.java:4142)
	at app//de.uka.ilkd.key.nparser.builder.AbstractBuilder.lambda$mapOf$0(AbstractBuilder.java:124)
	at java.base@17.0.7/java.util.stream.ReferencePipeline$3$1.accept(ReferencePipeline.java:197)
	at java.base@17.0.7/java.util.ArrayList$ArrayListSpliterator.forEachRemaining(ArrayList.java:1625)
	at java.base@17.0.7/java.util.stream.AbstractPipeline.copyInto(AbstractPipeline.java:509)
	at java.base@17.0.7/java.util.stream.AbstractPipeline.wrapAndCopyInto(AbstractPipeline.java:499)
	at java.base@17.0.7/java.util.stream.ReduceOps$ReduceOp.evaluateSequential(ReduceOps.java:921)
	at java.base@17.0.7/java.util.stream.AbstractPipeline.evaluate(AbstractPipeline.java:234)
	at java.base@17.0.7/java.util.stream.ReferencePipeline.collect(ReferencePipeline.java:682)
	at app//de.uka.ilkd.key.nparser.builder.AbstractBuilder.mapOf(AbstractBuilder.java:124)
	at app//de.uka.ilkd.key.nparser.builder.ExpressionBuilder.visitParallel_term(ExpressionBuilder.java:173)
	at app//de.uka.ilkd.key.nparser.builder.ExpressionBuilder.visitParallel_term(ExpressionBuilder.java:49)
	at app//de.uka.ilkd.key.nparser.KeYParser$Parallel_termContext.accept(KeYParser.java:4074)
	at app//org.antlr.v4.runtime.tree.AbstractParseTreeVisitor.visitChildren(AbstractParseTreeVisitor.java:46)
	at app//de.uka.ilkd.key.nparser.KeYParserBaseVisitor.visitTerm(KeYParserBaseVisitor.java:332)
	at app//de.uka.ilkd.key.nparser.KeYParser$TermContext.accept(KeYParser.java:4020)
	at app//de.uka.ilkd.key.nparser.KeyAst.accept(KeyAst.java:43)
	at app//de.uka.ilkd.key.nparser.KeyIO.parseExpression(KeyIO.java:96)
	at app//de.uka.ilkd.key.nparser.KeyIO.parseExpression(KeyIO.java:79)
	at app//de.uka.ilkd.key.parser.AbstractTestTermParser.parseTerm(AbstractTestTermParser.java:74)
	at app//de.uka.ilkd.key.parser.AbstractTestTermParser.comparePrettySyntaxAgainstVerboseSyntax(AbstractTestTermParser.java:141)
	at app//de.uka.ilkd.key.parser.TestTermParserHeap.testAccessStaticMembers(TestTermParserHeap.java:419)
	at java.base@17.0.7/jdk.internal.reflect.NativeMethodAccessorImpl.invoke0(Native Method)
	at java.base@17.0.7/jdk.internal.reflect.NativeMethodAccessorImpl.invoke(NativeMethodAccessorImpl.java:77)
	at java.base@17.0.7/jdk.internal.reflect.DelegatingMethodAccessorImpl.invoke(DelegatingMethodAccessorImpl.java:43)
	at java.base@17.0.7/java.lang.reflect.Method.invoke(Method.java:568)
	at app//org.junit.platform.commons.util.ReflectionUtils.invokeMethod(ReflectionUtils.java:727)
	at app//org.junit.jupiter.engine.execution.MethodInvocation.proceed(MethodInvocation.java:60)
	at app//org.junit.jupiter.engine.execution.InvocationInterceptorChain$ValidatingInvocation.proceed(InvocationInterceptorChain.java:131)
	at app//org.junit.jupiter.engine.extension.TimeoutExtension.intercept(TimeoutExtension.java:156)
	at app//org.junit.jupiter.engine.extension.TimeoutExtension.interceptTestableMethod(TimeoutExtension.java:147)
	at app//org.junit.jupiter.engine.extension.TimeoutExtension.interceptTestMethod(TimeoutExtension.java:86)
	at app//org.junit.jupiter.engine.execution.InterceptingExecutableInvoker$ReflectiveInterceptorCall.lambda$ofVoidMethod$0(InterceptingExecutableInvoker.java:103)
	at app//org.junit.jupiter.engine.execution.InterceptingExecutableInvoker.lambda$invoke$0(InterceptingExecutableInvoker.java:93)
	at app//org.junit.jupiter.engine.execution.InvocationInterceptorChain$InterceptedInvocation.proceed(InvocationInterceptorChain.java:106)
	at app//org.junit.jupiter.engine.execution.InvocationInterceptorChain.proceed(InvocationInterceptorChain.java:64)
	at app//org.junit.jupiter.engine.execution.InvocationInterceptorChain.chainAndInvoke(InvocationInterceptorChain.java:45)
	at app//org.junit.jupiter.engine.execution.InvocationInterceptorChain.invoke(InvocationInterceptorChain.java:37)
	at app//org.junit.jupiter.engine.execution.InterceptingExecutableInvoker.invoke(InterceptingExecutableInvoker.java:92)
	at app//org.junit.jupiter.engine.execution.InterceptingExecutableInvoker.invoke(InterceptingExecutableInvoker.java:86)
	at app//org.junit.jupiter.engine.descriptor.TestMethodTestDescriptor.lambda$invokeTestMethod$7(TestMethodTestDescriptor.java:217)
	at app//org.junit.platform.engine.support.hierarchical.ThrowableCollector.execute(ThrowableCollector.java:73)
	at app//org.junit.jupiter.engine.descriptor.TestMethodTestDescriptor.invokeTestMethod(TestMethodTestDescriptor.java:213)
	at app//org.junit.jupiter.engine.descriptor.TestMethodTestDescriptor.execute(TestMethodTestDescriptor.java:138)
	at app//org.junit.jupiter.engine.descriptor.TestMethodTestDescriptor.execute(TestMethodTestDescriptor.java:68)
	at app//org.junit.platform.engine.support.hierarchical.NodeTestTask.lambda$executeRecursively$6(NodeTestTask.java:151)
	at app//org.junit.platform.engine.support.hierarchical.ThrowableCollector.execute(ThrowableCollector.java:73)
	at app//org.junit.platform.engine.support.hierarchical.NodeTestTask.lambda$executeRecursively$8(NodeTestTask.java:141)
	at app//org.junit.platform.engine.support.hierarchical.Node.around(Node.java:137)
	at app//org.junit.platform.engine.support.hierarchical.NodeTestTask.lambda$executeRecursively$9(NodeTestTask.java:139)
	at app//org.junit.platform.engine.support.hierarchical.ThrowableCollector.execute(ThrowableCollector.java:73)
	at app//org.junit.platform.engine.support.hierarchical.NodeTestTask.executeRecursively(NodeTestTask.java:138)
	at app//org.junit.platform.engine.support.hierarchical.NodeTestTask.execute(NodeTestTask.java:95)
	at java.base@17.0.7/java.util.ArrayList.forEach(ArrayList.java:1511)
	at app//org.junit.platform.engine.support.hierarchical.SameThreadHierarchicalTestExecutorService.invokeAll(SameThreadHierarchicalTestExecutorService.java:41)
	at app//org.junit.platform.engine.support.hierarchical.NodeTestTask.lambda$executeRecursively$6(NodeTestTask.java:155)
	at app//org.junit.platform.engine.support.hierarchical.ThrowableCollector.execute(ThrowableCollector.java:73)
	at app//org.junit.platform.engine.support.hierarchical.NodeTestTask.lambda$executeRecursively$8(NodeTestTask.java:141)
	at app//org.junit.platform.engine.support.hierarchical.Node.around(Node.java:137)
	at app//org.junit.platform.engine.support.hierarchical.NodeTestTask.lambda$executeRecursively$9(NodeTestTask.java:139)
	at app//org.junit.platform.engine.support.hierarchical.ThrowableCollector.execute(ThrowableCollector.java:73)
	at app//org.junit.platform.engine.support.hierarchical.NodeTestTask.executeRecursively(NodeTestTask.java:138)
	at app//org.junit.platform.engine.support.hierarchical.NodeTestTask.execute(NodeTestTask.java:95)
	at java.base@17.0.7/java.util.ArrayList.forEach(ArrayList.java:1511)
	at app//org.junit.platform.engine.support.hierarchical.SameThreadHierarchicalTestExecutorService.invokeAll(SameThreadHierarchicalTestExecutorService.java:41)
	at app//org.junit.platform.engine.support.hierarchical.NodeTestTask.lambda$executeRecursively$6(NodeTestTask.java:155)
	at app//org.junit.platform.engine.support.hierarchical.ThrowableCollector.execute(ThrowableCollector.java:73)
	at app//org.junit.platform.engine.support.hierarchical.NodeTestTask.lambda$executeRecursively$8(NodeTestTask.java:141)
	at app//org.junit.platform.engine.support.hierarchical.Node.around(Node.java:137)
	at app//org.junit.platform.engine.support.hierarchical.NodeTestTask.lambda$executeRecursively$9(NodeTestTask.java:139)
	at app//org.junit.platform.engine.support.hierarchical.ThrowableCollector.execute(ThrowableCollector.java:73)
	at app//org.junit.platform.engine.support.hierarchical.NodeTestTask.executeRecursively(NodeTestTask.java:138)
	at app//org.junit.platform.engine.support.hierarchical.NodeTestTask.execute(NodeTestTask.java:95)
	at app//org.junit.platform.engine.support.hierarchical.SameThreadHierarchicalTestExecutorService.submit(SameThreadHierarchicalTestExecutorService.java:35)
	at app//org.junit.platform.engine.support.hierarchical.HierarchicalTestExecutor.execute(HierarchicalTestExecutor.java:57)
	at app//org.junit.platform.engine.support.hierarchical.HierarchicalTestEngine.execute(HierarchicalTestEngine.java:54)
	at app//org.junit.platform.launcher.core.EngineExecutionOrchestrator.execute(EngineExecutionOrchestrator.java:107)
	at app//org.junit.platform.launcher.core.EngineExecutionOrchestrator.execute(EngineExecutionOrchestrator.java:88)
	at app//org.junit.platform.launcher.core.EngineExecutionOrchestrator.lambda$execute$0(EngineExecutionOrchestrator.java:54)
	at app//org.junit.platform.launcher.core.EngineExecutionOrchestrator.withInterceptedStreams(EngineExecutionOrchestrator.java:67)
	at app//org.junit.platform.launcher.core.EngineExecutionOrchestrator.execute(EngineExecutionOrchestrator.java:52)
	at app//org.junit.platform.launcher.core.DefaultLauncher.execute(DefaultLauncher.java:114)
	at app//org.junit.platform.launcher.core.DefaultLauncher.execute(DefaultLauncher.java:86)
	at app//org.junit.platform.launcher.core.DefaultLauncherSession$DelegatingLauncher.execute(DefaultLauncherSession.java:86)
	at org.gradle.api.internal.tasks.testing.junitplatform.JUnitPlatformTestClassProcessor$CollectAllTestClassesExecutor.processAllTestClasses(JUnitPlatformTestClassProcessor.java:110)
	at org.gradle.api.internal.tasks.testing.junitplatform.JUnitPlatformTestClassProcessor$CollectAllTestClassesExecutor.access$000(JUnitPlatformTestClassProcessor.java:90)
	at org.gradle.api.internal.tasks.testing.junitplatform.JUnitPlatformTestClassProcessor.stop(JUnitPlatformTestClassProcessor.java:85)
	at org.gradle.api.internal.tasks.testing.SuiteTestClassProcessor.stop(SuiteTestClassProcessor.java:62)
	at java.base@17.0.7/jdk.internal.reflect.NativeMethodAccessorImpl.invoke0(Native Method)
	at java.base@17.0.7/jdk.internal.reflect.NativeMethodAccessorImpl.invoke(NativeMethodAccessorImpl.java:77)
	at java.base@17.0.7/jdk.internal.reflect.DelegatingMethodAccessorImpl.invoke(DelegatingMethodAccessorImpl.java:43)
	at java.base@17.0.7/java.lang.reflect.Method.invoke(Method.java:568)
	at org.gradle.internal.dispatch.ReflectionDispatch.dispatch(ReflectionDispatch.java:36)
	at org.gradle.internal.dispatch.ReflectionDispatch.dispatch(ReflectionDispatch.java:24)
	at org.gradle.internal.dispatch.ContextClassLoaderDispatch.dispatch(ContextClassLoaderDispatch.java:33)
	at org.gradle.internal.dispatch.ProxyDispatchAdapter$DispatchingInvocationHandler.invoke(ProxyDispatchAdapter.java:94)
	at jdk.proxy2/jdk.proxy2.$Proxy5.stop(Unknown Source)
	at org.gradle.api.internal.tasks.testing.worker.TestWorker$3.run(TestWorker.java:193)
	at org.gradle.api.internal.tasks.testing.worker.TestWorker.executeAndMaintainThreadName(TestWorker.java:129)
	at org.gradle.api.internal.tasks.testing.worker.TestWorker.execute(TestWorker.java:100)
	at org.gradle.api.internal.tasks.testing.worker.TestWorker.execute(TestWorker.java:60)
	at org.gradle.process.internal.worker.child.ActionExecutionWorker.execute(ActionExecutionWorker.java:56)
	at org.gradle.process.internal.worker.child.SystemApplicationClassLoaderWorker.call(SystemApplicationClassLoaderWorker.java:113)
	at org.gradle.process.internal.worker.child.SystemApplicationClassLoaderWorker.call(SystemApplicationClassLoaderWorker.java:65)
	at app//worker.org.gradle.process.internal.worker.GradleWorkerMain.run(GradleWorkerMain.java:69)
	at app//worker.org.gradle.process.internal.worker.GradleWorkerMain.main(GradleWorkerMain.java:74)
</failure>
  </testcase>
  <testcase name="testAtOperator_1()" classname="de.uka.ilkd.key.parser.TestTermParserHeap" time="0.014">
    <failure message="Unknown java attribute: f at &lt;unknown&gt;:1:1 (&lt;unknown&gt;:1:1)" type="de.uka.ilkd.key.util.parsing.BuildingException">Unknown java attribute: f at &lt;unknown&gt;:1:1 (&lt;unknown&gt;:1:1)
	at app//de.uka.ilkd.key.nparser.builder.AbstractBuilder.semanticError(AbstractBuilder.java:179)
	at app//de.uka.ilkd.key.nparser.builder.ExpressionBuilder.visitAccesstermAsJava(ExpressionBuilder.java:1261)
	at app//de.uka.ilkd.key.nparser.builder.ExpressionBuilder.visitAccessterm(ExpressionBuilder.java:1404)
	at app//de.uka.ilkd.key.nparser.builder.ExpressionBuilder.visitAccessterm(ExpressionBuilder.java:49)
	at app//de.uka.ilkd.key.nparser.KeYParser$AccesstermContext.accept(KeYParser.java:6174)
	at app//org.antlr.v4.runtime.tree.AbstractParseTreeVisitor.visitChildren(AbstractParseTreeVisitor.java:46)
	at app//de.uka.ilkd.key.nparser.KeYParserBaseVisitor.visitPrimitive_term(KeYParserBaseVisitor.java:542)
	at app//de.uka.ilkd.key.nparser.KeYParser$Primitive_termContext.accept(KeYParser.java:6074)
	at app//de.uka.ilkd.key.nparser.builder.AbstractBuilder.accept(AbstractBuilder.java:48)
	at app//de.uka.ilkd.key.nparser.builder.DefaultBuilder.accept(DefaultBuilder.java:35)
	at app//de.uka.ilkd.key.nparser.builder.ExpressionBuilder.visitPrimitive_labeled_term(ExpressionBuilder.java:877)
	at app//de.uka.ilkd.key.nparser.KeYParser$Primitive_labeled_termContext.accept(KeYParser.java:5877)
	at app//de.uka.ilkd.key.nparser.builder.AbstractBuilder.accept(AbstractBuilder.java:48)
	at app//de.uka.ilkd.key.nparser.builder.DefaultBuilder.accept(DefaultBuilder.java:35)
	at app//de.uka.ilkd.key.nparser.builder.ExpressionBuilder.visitBracket_term(ExpressionBuilder.java:403)
	at app//de.uka.ilkd.key.nparser.KeYParser$Bracket_termContext.accept(KeYParser.java:5527)
	at app//org.antlr.v4.runtime.tree.AbstractParseTreeVisitor.visitChildren(AbstractParseTreeVisitor.java:46)
	at app//de.uka.ilkd.key.nparser.KeYParserBaseVisitor.visitAtom_prefix(KeYParserBaseVisitor.java:472)
	at app//de.uka.ilkd.key.nparser.KeYParser$Atom_prefixContext.accept(KeYParser.java:5429)
	at app//de.uka.ilkd.key.nparser.builder.AbstractBuilder.accept(AbstractBuilder.java:48)
	at app//de.uka.ilkd.key.nparser.builder.DefaultBuilder.accept(DefaultBuilder.java:35)
	at app//de.uka.ilkd.key.nparser.builder.ExpressionBuilder.visitStrong_arith_term_2(ExpressionBuilder.java:382)
	at app//de.uka.ilkd.key.nparser.KeYParser$Strong_arith_term_2Context.accept(KeYParser.java:5035)
	at app//de.uka.ilkd.key.nparser.builder.AbstractBuilder.accept(AbstractBuilder.java:48)
	at app//de.uka.ilkd.key.nparser.builder.DefaultBuilder.accept(DefaultBuilder.java:35)
	at app//de.uka.ilkd.key.nparser.builder.ExpressionBuilder.visitStrong_arith_term_1(ExpressionBuilder.java:368)
	at app//de.uka.ilkd.key.nparser.KeYParser$Strong_arith_term_1Context.accept(KeYParser.java:4963)
	at app//de.uka.ilkd.key.nparser.builder.AbstractBuilder.accept(AbstractBuilder.java:48)
	at app//de.uka.ilkd.key.nparser.builder.DefaultBuilder.accept(DefaultBuilder.java:35)
	at app//de.uka.ilkd.key.nparser.builder.ExpressionBuilder.visitWeak_arith_term(ExpressionBuilder.java:331)
	at app//de.uka.ilkd.key.nparser.KeYParser$Weak_arith_termContext.accept(KeYParser.java:4877)
	at app//de.uka.ilkd.key.nparser.builder.AbstractBuilder.accept(AbstractBuilder.java:48)
	at app//de.uka.ilkd.key.nparser.builder.DefaultBuilder.accept(DefaultBuilder.java:35)
	at app//de.uka.ilkd.key.nparser.builder.ExpressionBuilder.visitComparison_term(ExpressionBuilder.java:305)
	at app//de.uka.ilkd.key.nparser.KeYParser$Comparison_termContext.accept(KeYParser.java:4793)
	at app//de.uka.ilkd.key.nparser.builder.AbstractBuilder.accept(AbstractBuilder.java:48)
	at app//de.uka.ilkd.key.nparser.builder.DefaultBuilder.accept(DefaultBuilder.java:35)
	at app//de.uka.ilkd.key.nparser.builder.ExpressionBuilder.visitEquality_term(ExpressionBuilder.java:294)
	at app//de.uka.ilkd.key.nparser.builder.ExpressionBuilder.visitEquality_term(ExpressionBuilder.java:49)
	at app//de.uka.ilkd.key.nparser.KeYParser$Equality_termContext.accept(KeYParser.java:4718)
	at app//org.antlr.v4.runtime.tree.AbstractParseTreeVisitor.visitChildren(AbstractParseTreeVisitor.java:46)
	at app//de.uka.ilkd.key.nparser.KeYParserBaseVisitor.visitTerm60(KeYParserBaseVisitor.java:381)
	at app//de.uka.ilkd.key.nparser.KeYParser$Term60Context.accept(KeYParser.java:4485)
	at app//de.uka.ilkd.key.nparser.builder.AbstractBuilder.accept(AbstractBuilder.java:48)
	at app//de.uka.ilkd.key.nparser.builder.DefaultBuilder.accept(DefaultBuilder.java:35)
	at app//de.uka.ilkd.key.nparser.builder.ExpressionBuilder.visitConjunction_term(ExpressionBuilder.java:238)
	at app//de.uka.ilkd.key.nparser.builder.ExpressionBuilder.visitConjunction_term(ExpressionBuilder.java:49)
	at app//de.uka.ilkd.key.nparser.KeYParser$Conjunction_termContext.accept(KeYParser.java:4419)
	at app//de.uka.ilkd.key.nparser.builder.AbstractBuilder.accept(AbstractBuilder.java:48)
	at app//de.uka.ilkd.key.nparser.builder.DefaultBuilder.accept(DefaultBuilder.java:35)
	at app//de.uka.ilkd.key.nparser.builder.ExpressionBuilder.visitDisjunction_term(ExpressionBuilder.java:229)
	at app//de.uka.ilkd.key.nparser.builder.ExpressionBuilder.visitDisjunction_term(ExpressionBuilder.java:49)
	at app//de.uka.ilkd.key.nparser.KeYParser$Disjunction_termContext.accept(KeYParser.java:4346)
	at app//de.uka.ilkd.key.nparser.builder.AbstractBuilder.accept(AbstractBuilder.java:48)
	at app//de.uka.ilkd.key.nparser.builder.DefaultBuilder.accept(DefaultBuilder.java:35)
	at app//de.uka.ilkd.key.nparser.builder.ExpressionBuilder.visitImplication_term(ExpressionBuilder.java:222)
	at app//de.uka.ilkd.key.nparser.builder.ExpressionBuilder.visitImplication_term(ExpressionBuilder.java:49)
	at app//de.uka.ilkd.key.nparser.KeYParser$Implication_termContext.accept(KeYParser.java:4278)
	at app//de.uka.ilkd.key.nparser.builder.AbstractBuilder.accept(AbstractBuilder.java:48)
	at app//de.uka.ilkd.key.nparser.builder.DefaultBuilder.accept(DefaultBuilder.java:35)
	at app//de.uka.ilkd.key.nparser.builder.ExpressionBuilder.visitEquivalence_term(ExpressionBuilder.java:198)
	at app//de.uka.ilkd.key.nparser.builder.ExpressionBuilder.visitEquivalence_term(ExpressionBuilder.java:49)
	at app//de.uka.ilkd.key.nparser.KeYParser$Equivalence_termContext.accept(KeYParser.java:4209)
	at app//de.uka.ilkd.key.nparser.builder.AbstractBuilder.accept(AbstractBuilder.java:48)
	at app//de.uka.ilkd.key.nparser.builder.DefaultBuilder.accept(DefaultBuilder.java:35)
	at app//de.uka.ilkd.key.nparser.builder.ExpressionBuilder.visitElementary_update_term(ExpressionBuilder.java:188)
	at app//de.uka.ilkd.key.nparser.builder.ExpressionBuilder.visitElementary_update_term(ExpressionBuilder.java:49)
	at app//de.uka.ilkd.key.nparser.KeYParser$Elementary_update_termContext.accept(KeYParser.java:4142)
	at app//de.uka.ilkd.key.nparser.builder.AbstractBuilder.lambda$mapOf$0(AbstractBuilder.java:124)
	at java.base@17.0.7/java.util.stream.ReferencePipeline$3$1.accept(ReferencePipeline.java:197)
	at java.base@17.0.7/java.util.ArrayList$ArrayListSpliterator.forEachRemaining(ArrayList.java:1625)
	at java.base@17.0.7/java.util.stream.AbstractPipeline.copyInto(AbstractPipeline.java:509)
	at java.base@17.0.7/java.util.stream.AbstractPipeline.wrapAndCopyInto(AbstractPipeline.java:499)
	at java.base@17.0.7/java.util.stream.ReduceOps$ReduceOp.evaluateSequential(ReduceOps.java:921)
	at java.base@17.0.7/java.util.stream.AbstractPipeline.evaluate(AbstractPipeline.java:234)
	at java.base@17.0.7/java.util.stream.ReferencePipeline.collect(ReferencePipeline.java:682)
	at app//de.uka.ilkd.key.nparser.builder.AbstractBuilder.mapOf(AbstractBuilder.java:124)
	at app//de.uka.ilkd.key.nparser.builder.ExpressionBuilder.visitParallel_term(ExpressionBuilder.java:173)
	at app//de.uka.ilkd.key.nparser.builder.ExpressionBuilder.visitParallel_term(ExpressionBuilder.java:49)
	at app//de.uka.ilkd.key.nparser.KeYParser$Parallel_termContext.accept(KeYParser.java:4074)
	at app//org.antlr.v4.runtime.tree.AbstractParseTreeVisitor.visitChildren(AbstractParseTreeVisitor.java:46)
	at app//de.uka.ilkd.key.nparser.KeYParserBaseVisitor.visitTerm(KeYParserBaseVisitor.java:332)
	at app//de.uka.ilkd.key.nparser.KeYParser$TermContext.accept(KeYParser.java:4020)
	at app//de.uka.ilkd.key.nparser.KeyAst.accept(KeyAst.java:43)
	at app//de.uka.ilkd.key.nparser.KeyIO.parseExpression(KeyIO.java:96)
	at app//de.uka.ilkd.key.nparser.KeyIO.parseExpression(KeyIO.java:79)
	at app//de.uka.ilkd.key.parser.AbstractTestTermParser.parseTerm(AbstractTestTermParser.java:74)
	at app//de.uka.ilkd.key.parser.AbstractTestTermParser.verifyParsing(AbstractTestTermParser.java:120)
	at app//de.uka.ilkd.key.parser.AbstractTestTermParser.compareStringRepresentationAgainstTermRepresentation(AbstractTestTermParser.java:159)
	at app//de.uka.ilkd.key.parser.AbstractTestTermParser.comparePrettySyntaxAgainstVerboseSyntax(AbstractTestTermParser.java:142)
	at app//de.uka.ilkd.key.parser.TestTermParserHeap.testAtOperator_1(TestTermParserHeap.java:120)
	at java.base@17.0.7/jdk.internal.reflect.NativeMethodAccessorImpl.invoke0(Native Method)
	at java.base@17.0.7/jdk.internal.reflect.NativeMethodAccessorImpl.invoke(NativeMethodAccessorImpl.java:77)
	at java.base@17.0.7/jdk.internal.reflect.DelegatingMethodAccessorImpl.invoke(DelegatingMethodAccessorImpl.java:43)
	at java.base@17.0.7/java.lang.reflect.Method.invoke(Method.java:568)
	at app//org.junit.platform.commons.util.ReflectionUtils.invokeMethod(ReflectionUtils.java:727)
	at app//org.junit.jupiter.engine.execution.MethodInvocation.proceed(MethodInvocation.java:60)
	at app//org.junit.jupiter.engine.execution.InvocationInterceptorChain$ValidatingInvocation.proceed(InvocationInterceptorChain.java:131)
	at app//org.junit.jupiter.engine.extension.TimeoutExtension.intercept(TimeoutExtension.java:156)
	at app//org.junit.jupiter.engine.extension.TimeoutExtension.interceptTestableMethod(TimeoutExtension.java:147)
	at app//org.junit.jupiter.engine.extension.TimeoutExtension.interceptTestMethod(TimeoutExtension.java:86)
	at app//org.junit.jupiter.engine.execution.InterceptingExecutableInvoker$ReflectiveInterceptorCall.lambda$ofVoidMethod$0(InterceptingExecutableInvoker.java:103)
	at app//org.junit.jupiter.engine.execution.InterceptingExecutableInvoker.lambda$invoke$0(InterceptingExecutableInvoker.java:93)
	at app//org.junit.jupiter.engine.execution.InvocationInterceptorChain$InterceptedInvocation.proceed(InvocationInterceptorChain.java:106)
	at app//org.junit.jupiter.engine.execution.InvocationInterceptorChain.proceed(InvocationInterceptorChain.java:64)
	at app//org.junit.jupiter.engine.execution.InvocationInterceptorChain.chainAndInvoke(InvocationInterceptorChain.java:45)
	at app//org.junit.jupiter.engine.execution.InvocationInterceptorChain.invoke(InvocationInterceptorChain.java:37)
	at app//org.junit.jupiter.engine.execution.InterceptingExecutableInvoker.invoke(InterceptingExecutableInvoker.java:92)
	at app//org.junit.jupiter.engine.execution.InterceptingExecutableInvoker.invoke(InterceptingExecutableInvoker.java:86)
	at app//org.junit.jupiter.engine.descriptor.TestMethodTestDescriptor.lambda$invokeTestMethod$7(TestMethodTestDescriptor.java:217)
	at app//org.junit.platform.engine.support.hierarchical.ThrowableCollector.execute(ThrowableCollector.java:73)
	at app//org.junit.jupiter.engine.descriptor.TestMethodTestDescriptor.invokeTestMethod(TestMethodTestDescriptor.java:213)
	at app//org.junit.jupiter.engine.descriptor.TestMethodTestDescriptor.execute(TestMethodTestDescriptor.java:138)
	at app//org.junit.jupiter.engine.descriptor.TestMethodTestDescriptor.execute(TestMethodTestDescriptor.java:68)
	at app//org.junit.platform.engine.support.hierarchical.NodeTestTask.lambda$executeRecursively$6(NodeTestTask.java:151)
	at app//org.junit.platform.engine.support.hierarchical.ThrowableCollector.execute(ThrowableCollector.java:73)
	at app//org.junit.platform.engine.support.hierarchical.NodeTestTask.lambda$executeRecursively$8(NodeTestTask.java:141)
	at app//org.junit.platform.engine.support.hierarchical.Node.around(Node.java:137)
	at app//org.junit.platform.engine.support.hierarchical.NodeTestTask.lambda$executeRecursively$9(NodeTestTask.java:139)
	at app//org.junit.platform.engine.support.hierarchical.ThrowableCollector.execute(ThrowableCollector.java:73)
	at app//org.junit.platform.engine.support.hierarchical.NodeTestTask.executeRecursively(NodeTestTask.java:138)
	at app//org.junit.platform.engine.support.hierarchical.NodeTestTask.execute(NodeTestTask.java:95)
	at java.base@17.0.7/java.util.ArrayList.forEach(ArrayList.java:1511)
	at app//org.junit.platform.engine.support.hierarchical.SameThreadHierarchicalTestExecutorService.invokeAll(SameThreadHierarchicalTestExecutorService.java:41)
	at app//org.junit.platform.engine.support.hierarchical.NodeTestTask.lambda$executeRecursively$6(NodeTestTask.java:155)
	at app//org.junit.platform.engine.support.hierarchical.ThrowableCollector.execute(ThrowableCollector.java:73)
	at app//org.junit.platform.engine.support.hierarchical.NodeTestTask.lambda$executeRecursively$8(NodeTestTask.java:141)
	at app//org.junit.platform.engine.support.hierarchical.Node.around(Node.java:137)
	at app//org.junit.platform.engine.support.hierarchical.NodeTestTask.lambda$executeRecursively$9(NodeTestTask.java:139)
	at app//org.junit.platform.engine.support.hierarchical.ThrowableCollector.execute(ThrowableCollector.java:73)
	at app//org.junit.platform.engine.support.hierarchical.NodeTestTask.executeRecursively(NodeTestTask.java:138)
	at app//org.junit.platform.engine.support.hierarchical.NodeTestTask.execute(NodeTestTask.java:95)
	at java.base@17.0.7/java.util.ArrayList.forEach(ArrayList.java:1511)
	at app//org.junit.platform.engine.support.hierarchical.SameThreadHierarchicalTestExecutorService.invokeAll(SameThreadHierarchicalTestExecutorService.java:41)
	at app//org.junit.platform.engine.support.hierarchical.NodeTestTask.lambda$executeRecursively$6(NodeTestTask.java:155)
	at app//org.junit.platform.engine.support.hierarchical.ThrowableCollector.execute(ThrowableCollector.java:73)
	at app//org.junit.platform.engine.support.hierarchical.NodeTestTask.lambda$executeRecursively$8(NodeTestTask.java:141)
	at app//org.junit.platform.engine.support.hierarchical.Node.around(Node.java:137)
	at app//org.junit.platform.engine.support.hierarchical.NodeTestTask.lambda$executeRecursively$9(NodeTestTask.java:139)
	at app//org.junit.platform.engine.support.hierarchical.ThrowableCollector.execute(ThrowableCollector.java:73)
	at app//org.junit.platform.engine.support.hierarchical.NodeTestTask.executeRecursively(NodeTestTask.java:138)
	at app//org.junit.platform.engine.support.hierarchical.NodeTestTask.execute(NodeTestTask.java:95)
	at app//org.junit.platform.engine.support.hierarchical.SameThreadHierarchicalTestExecutorService.submit(SameThreadHierarchicalTestExecutorService.java:35)
	at app//org.junit.platform.engine.support.hierarchical.HierarchicalTestExecutor.execute(HierarchicalTestExecutor.java:57)
	at app//org.junit.platform.engine.support.hierarchical.HierarchicalTestEngine.execute(HierarchicalTestEngine.java:54)
	at app//org.junit.platform.launcher.core.EngineExecutionOrchestrator.execute(EngineExecutionOrchestrator.java:107)
	at app//org.junit.platform.launcher.core.EngineExecutionOrchestrator.execute(EngineExecutionOrchestrator.java:88)
	at app//org.junit.platform.launcher.core.EngineExecutionOrchestrator.lambda$execute$0(EngineExecutionOrchestrator.java:54)
	at app//org.junit.platform.launcher.core.EngineExecutionOrchestrator.withInterceptedStreams(EngineExecutionOrchestrator.java:67)
	at app//org.junit.platform.launcher.core.EngineExecutionOrchestrator.execute(EngineExecutionOrchestrator.java:52)
	at app//org.junit.platform.launcher.core.DefaultLauncher.execute(DefaultLauncher.java:114)
	at app//org.junit.platform.launcher.core.DefaultLauncher.execute(DefaultLauncher.java:86)
	at app//org.junit.platform.launcher.core.DefaultLauncherSession$DelegatingLauncher.execute(DefaultLauncherSession.java:86)
	at org.gradle.api.internal.tasks.testing.junitplatform.JUnitPlatformTestClassProcessor$CollectAllTestClassesExecutor.processAllTestClasses(JUnitPlatformTestClassProcessor.java:110)
	at org.gradle.api.internal.tasks.testing.junitplatform.JUnitPlatformTestClassProcessor$CollectAllTestClassesExecutor.access$000(JUnitPlatformTestClassProcessor.java:90)
	at org.gradle.api.internal.tasks.testing.junitplatform.JUnitPlatformTestClassProcessor.stop(JUnitPlatformTestClassProcessor.java:85)
	at org.gradle.api.internal.tasks.testing.SuiteTestClassProcessor.stop(SuiteTestClassProcessor.java:62)
	at java.base@17.0.7/jdk.internal.reflect.NativeMethodAccessorImpl.invoke0(Native Method)
	at java.base@17.0.7/jdk.internal.reflect.NativeMethodAccessorImpl.invoke(NativeMethodAccessorImpl.java:77)
	at java.base@17.0.7/jdk.internal.reflect.DelegatingMethodAccessorImpl.invoke(DelegatingMethodAccessorImpl.java:43)
	at java.base@17.0.7/java.lang.reflect.Method.invoke(Method.java:568)
	at org.gradle.internal.dispatch.ReflectionDispatch.dispatch(ReflectionDispatch.java:36)
	at org.gradle.internal.dispatch.ReflectionDispatch.dispatch(ReflectionDispatch.java:24)
	at org.gradle.internal.dispatch.ContextClassLoaderDispatch.dispatch(ContextClassLoaderDispatch.java:33)
	at org.gradle.internal.dispatch.ProxyDispatchAdapter$DispatchingInvocationHandler.invoke(ProxyDispatchAdapter.java:94)
	at jdk.proxy2/jdk.proxy2.$Proxy5.stop(Unknown Source)
	at org.gradle.api.internal.tasks.testing.worker.TestWorker$3.run(TestWorker.java:193)
	at org.gradle.api.internal.tasks.testing.worker.TestWorker.executeAndMaintainThreadName(TestWorker.java:129)
	at org.gradle.api.internal.tasks.testing.worker.TestWorker.execute(TestWorker.java:100)
	at org.gradle.api.internal.tasks.testing.worker.TestWorker.execute(TestWorker.java:60)
	at org.gradle.process.internal.worker.child.ActionExecutionWorker.execute(ActionExecutionWorker.java:56)
	at org.gradle.process.internal.worker.child.SystemApplicationClassLoaderWorker.call(SystemApplicationClassLoaderWorker.java:113)
	at org.gradle.process.internal.worker.child.SystemApplicationClassLoaderWorker.call(SystemApplicationClassLoaderWorker.java:65)
	at app//worker.org.gradle.process.internal.worker.GradleWorkerMain.run(GradleWorkerMain.java:69)
	at app//worker.org.gradle.process.internal.worker.GradleWorkerMain.main(GradleWorkerMain.java:74)
</failure>
  </testcase>
  <testcase name="testAtOperator_2()" classname="de.uka.ilkd.key.parser.TestTermParserHeap" time="0.013">
    <failure message="Could not find (program) variable or constant $f at &lt;unknown&gt;:1:20 (&lt;unknown&gt;:1:20)" type="de.uka.ilkd.key.util.parsing.BuildingException">Could not find (program) variable or constant $f at &lt;unknown&gt;:1:20 (&lt;unknown&gt;:1:20)
	at app//de.uka.ilkd.key.nparser.builder.AbstractBuilder.semanticError(AbstractBuilder.java:179)
	at app//de.uka.ilkd.key.nparser.builder.DefaultBuilder.lookupVarfuncId(DefaultBuilder.java:174)
	at app//de.uka.ilkd.key.nparser.builder.ExpressionBuilder.visitAccessterm(ExpressionBuilder.java:1443)
	at app//de.uka.ilkd.key.nparser.builder.ExpressionBuilder.visitAccessterm(ExpressionBuilder.java:49)
	at app//de.uka.ilkd.key.nparser.KeYParser$AccesstermContext.accept(KeYParser.java:6174)
	at app//org.antlr.v4.runtime.tree.AbstractParseTreeVisitor.visitChildren(AbstractParseTreeVisitor.java:46)
	at app//de.uka.ilkd.key.nparser.KeYParserBaseVisitor.visitPrimitive_term(KeYParserBaseVisitor.java:542)
	at app//de.uka.ilkd.key.nparser.KeYParser$Primitive_termContext.accept(KeYParser.java:6074)
	at app//de.uka.ilkd.key.nparser.builder.AbstractBuilder.accept(AbstractBuilder.java:48)
	at app//de.uka.ilkd.key.nparser.builder.DefaultBuilder.accept(DefaultBuilder.java:35)
	at app//de.uka.ilkd.key.nparser.builder.ExpressionBuilder.visitPrimitive_labeled_term(ExpressionBuilder.java:877)
	at app//de.uka.ilkd.key.nparser.KeYParser$Primitive_labeled_termContext.accept(KeYParser.java:5877)
	at app//de.uka.ilkd.key.nparser.builder.AbstractBuilder.accept(AbstractBuilder.java:48)
	at app//de.uka.ilkd.key.nparser.builder.DefaultBuilder.accept(DefaultBuilder.java:35)
	at app//de.uka.ilkd.key.nparser.builder.ExpressionBuilder.visitBracket_term(ExpressionBuilder.java:403)
	at app//de.uka.ilkd.key.nparser.KeYParser$Bracket_termContext.accept(KeYParser.java:5527)
	at app//org.antlr.v4.runtime.tree.AbstractParseTreeVisitor.visitChildren(AbstractParseTreeVisitor.java:46)
	at app//de.uka.ilkd.key.nparser.KeYParserBaseVisitor.visitAtom_prefix(KeYParserBaseVisitor.java:472)
	at app//de.uka.ilkd.key.nparser.KeYParser$Atom_prefixContext.accept(KeYParser.java:5429)
	at app//de.uka.ilkd.key.nparser.builder.AbstractBuilder.accept(AbstractBuilder.java:48)
	at app//de.uka.ilkd.key.nparser.builder.DefaultBuilder.accept(DefaultBuilder.java:35)
	at app//de.uka.ilkd.key.nparser.builder.ExpressionBuilder.visitStrong_arith_term_2(ExpressionBuilder.java:382)
	at app//de.uka.ilkd.key.nparser.KeYParser$Strong_arith_term_2Context.accept(KeYParser.java:5035)
	at app//de.uka.ilkd.key.nparser.builder.AbstractBuilder.accept(AbstractBuilder.java:48)
	at app//de.uka.ilkd.key.nparser.builder.DefaultBuilder.accept(DefaultBuilder.java:35)
	at app//de.uka.ilkd.key.nparser.builder.ExpressionBuilder.visitStrong_arith_term_1(ExpressionBuilder.java:368)
	at app//de.uka.ilkd.key.nparser.KeYParser$Strong_arith_term_1Context.accept(KeYParser.java:4963)
	at app//de.uka.ilkd.key.nparser.builder.AbstractBuilder.accept(AbstractBuilder.java:48)
	at app//de.uka.ilkd.key.nparser.builder.DefaultBuilder.accept(DefaultBuilder.java:35)
	at app//de.uka.ilkd.key.nparser.builder.ExpressionBuilder.visitWeak_arith_term(ExpressionBuilder.java:331)
	at app//de.uka.ilkd.key.nparser.KeYParser$Weak_arith_termContext.accept(KeYParser.java:4877)
	at app//de.uka.ilkd.key.nparser.builder.AbstractBuilder.accept(AbstractBuilder.java:48)
	at app//de.uka.ilkd.key.nparser.builder.DefaultBuilder.accept(DefaultBuilder.java:35)
	at app//de.uka.ilkd.key.nparser.builder.ExpressionBuilder.visitComparison_term(ExpressionBuilder.java:305)
	at app//de.uka.ilkd.key.nparser.KeYParser$Comparison_termContext.accept(KeYParser.java:4793)
	at app//de.uka.ilkd.key.nparser.builder.AbstractBuilder.accept(AbstractBuilder.java:48)
	at app//de.uka.ilkd.key.nparser.builder.DefaultBuilder.accept(DefaultBuilder.java:35)
	at app//de.uka.ilkd.key.nparser.builder.ExpressionBuilder.visitEquality_term(ExpressionBuilder.java:294)
	at app//de.uka.ilkd.key.nparser.builder.ExpressionBuilder.visitEquality_term(ExpressionBuilder.java:49)
	at app//de.uka.ilkd.key.nparser.KeYParser$Equality_termContext.accept(KeYParser.java:4718)
	at app//org.antlr.v4.runtime.tree.AbstractParseTreeVisitor.visitChildren(AbstractParseTreeVisitor.java:46)
	at app//de.uka.ilkd.key.nparser.KeYParserBaseVisitor.visitTerm60(KeYParserBaseVisitor.java:381)
	at app//de.uka.ilkd.key.nparser.KeYParser$Term60Context.accept(KeYParser.java:4485)
	at app//de.uka.ilkd.key.nparser.builder.AbstractBuilder.accept(AbstractBuilder.java:48)
	at app//de.uka.ilkd.key.nparser.builder.DefaultBuilder.accept(DefaultBuilder.java:35)
	at app//de.uka.ilkd.key.nparser.builder.ExpressionBuilder.visitConjunction_term(ExpressionBuilder.java:238)
	at app//de.uka.ilkd.key.nparser.builder.ExpressionBuilder.visitConjunction_term(ExpressionBuilder.java:49)
	at app//de.uka.ilkd.key.nparser.KeYParser$Conjunction_termContext.accept(KeYParser.java:4419)
	at app//de.uka.ilkd.key.nparser.builder.AbstractBuilder.accept(AbstractBuilder.java:48)
	at app//de.uka.ilkd.key.nparser.builder.DefaultBuilder.accept(DefaultBuilder.java:35)
	at app//de.uka.ilkd.key.nparser.builder.ExpressionBuilder.visitDisjunction_term(ExpressionBuilder.java:229)
	at app//de.uka.ilkd.key.nparser.builder.ExpressionBuilder.visitDisjunction_term(ExpressionBuilder.java:49)
	at app//de.uka.ilkd.key.nparser.KeYParser$Disjunction_termContext.accept(KeYParser.java:4346)
	at app//de.uka.ilkd.key.nparser.builder.AbstractBuilder.accept(AbstractBuilder.java:48)
	at app//de.uka.ilkd.key.nparser.builder.DefaultBuilder.accept(DefaultBuilder.java:35)
	at app//de.uka.ilkd.key.nparser.builder.ExpressionBuilder.visitImplication_term(ExpressionBuilder.java:222)
	at app//de.uka.ilkd.key.nparser.builder.ExpressionBuilder.visitImplication_term(ExpressionBuilder.java:49)
	at app//de.uka.ilkd.key.nparser.KeYParser$Implication_termContext.accept(KeYParser.java:4278)
	at app//de.uka.ilkd.key.nparser.builder.AbstractBuilder.accept(AbstractBuilder.java:48)
	at app//de.uka.ilkd.key.nparser.builder.DefaultBuilder.accept(DefaultBuilder.java:35)
	at app//de.uka.ilkd.key.nparser.builder.ExpressionBuilder.visitEquivalence_term(ExpressionBuilder.java:198)
	at app//de.uka.ilkd.key.nparser.builder.ExpressionBuilder.visitEquivalence_term(ExpressionBuilder.java:49)
	at app//de.uka.ilkd.key.nparser.KeYParser$Equivalence_termContext.accept(KeYParser.java:4209)
	at app//de.uka.ilkd.key.nparser.builder.AbstractBuilder.accept(AbstractBuilder.java:48)
	at app//de.uka.ilkd.key.nparser.builder.DefaultBuilder.accept(DefaultBuilder.java:35)
	at app//de.uka.ilkd.key.nparser.builder.ExpressionBuilder.visitElementary_update_term(ExpressionBuilder.java:188)
	at app//de.uka.ilkd.key.nparser.builder.ExpressionBuilder.visitElementary_update_term(ExpressionBuilder.java:49)
	at app//de.uka.ilkd.key.nparser.KeYParser$Elementary_update_termContext.accept(KeYParser.java:4142)
	at app//de.uka.ilkd.key.nparser.builder.AbstractBuilder.lambda$mapOf$0(AbstractBuilder.java:124)
	at java.base@17.0.7/java.util.stream.ReferencePipeline$3$1.accept(ReferencePipeline.java:197)
	at java.base@17.0.7/java.util.ArrayList$ArrayListSpliterator.forEachRemaining(ArrayList.java:1625)
	at java.base@17.0.7/java.util.stream.AbstractPipeline.copyInto(AbstractPipeline.java:509)
	at java.base@17.0.7/java.util.stream.AbstractPipeline.wrapAndCopyInto(AbstractPipeline.java:499)
	at java.base@17.0.7/java.util.stream.ReduceOps$ReduceOp.evaluateSequential(ReduceOps.java:921)
	at java.base@17.0.7/java.util.stream.AbstractPipeline.evaluate(AbstractPipeline.java:234)
	at java.base@17.0.7/java.util.stream.ReferencePipeline.collect(ReferencePipeline.java:682)
	at app//de.uka.ilkd.key.nparser.builder.AbstractBuilder.mapOf(AbstractBuilder.java:124)
	at app//de.uka.ilkd.key.nparser.builder.ExpressionBuilder.visitParallel_term(ExpressionBuilder.java:173)
	at app//de.uka.ilkd.key.nparser.builder.ExpressionBuilder.visitParallel_term(ExpressionBuilder.java:49)
	at app//de.uka.ilkd.key.nparser.KeYParser$Parallel_termContext.accept(KeYParser.java:4074)
	at app//org.antlr.v4.runtime.tree.AbstractParseTreeVisitor.visitChildren(AbstractParseTreeVisitor.java:46)
	at app//de.uka.ilkd.key.nparser.KeYParserBaseVisitor.visitTerm(KeYParserBaseVisitor.java:332)
	at app//de.uka.ilkd.key.nparser.KeYParser$TermContext.accept(KeYParser.java:4020)
	at app//de.uka.ilkd.key.nparser.builder.AbstractBuilder.lambda$mapOf$0(AbstractBuilder.java:124)
	at java.base@17.0.7/java.util.stream.ReferencePipeline$3$1.accept(ReferencePipeline.java:197)
	at java.base@17.0.7/java.util.ArrayList$ArrayListSpliterator.forEachRemaining(ArrayList.java:1625)
	at java.base@17.0.7/java.util.stream.AbstractPipeline.copyInto(AbstractPipeline.java:509)
	at java.base@17.0.7/java.util.stream.AbstractPipeline.wrapAndCopyInto(AbstractPipeline.java:499)
	at java.base@17.0.7/java.util.stream.ReduceOps$ReduceOp.evaluateSequential(ReduceOps.java:921)
	at java.base@17.0.7/java.util.stream.AbstractPipeline.evaluate(AbstractPipeline.java:234)
	at java.base@17.0.7/java.util.stream.ReferencePipeline.collect(ReferencePipeline.java:682)
	at app//de.uka.ilkd.key.nparser.builder.AbstractBuilder.mapOf(AbstractBuilder.java:124)
	at app//de.uka.ilkd.key.nparser.builder.ExpressionBuilder.visitArgument_list(ExpressionBuilder.java:1095)
	at app//de.uka.ilkd.key.nparser.builder.ExpressionBuilder.visitArgument_list(ExpressionBuilder.java:49)
	at app//de.uka.ilkd.key.nparser.KeYParser$Argument_listContext.accept(KeYParser.java:7173)
	at app//de.uka.ilkd.key.nparser.builder.AbstractBuilder.accept(AbstractBuilder.java:48)
	at app//de.uka.ilkd.key.nparser.builder.DefaultBuilder.accept(DefaultBuilder.java:35)
	at app//de.uka.ilkd.key.nparser.builder.ExpressionBuilder.visitArguments(ExpressionBuilder.java:1488)
	at app//de.uka.ilkd.key.nparser.builder.ExpressionBuilder.visitAccessterm(ExpressionBuilder.java:1421)
	at app//de.uka.ilkd.key.nparser.builder.ExpressionBuilder.visitAccessterm(ExpressionBuilder.java:49)
	at app//de.uka.ilkd.key.nparser.KeYParser$AccesstermContext.accept(KeYParser.java:6174)
	at app//org.antlr.v4.runtime.tree.AbstractParseTreeVisitor.visitChildren(AbstractParseTreeVisitor.java:46)
	at app//de.uka.ilkd.key.nparser.KeYParserBaseVisitor.visitPrimitive_term(KeYParserBaseVisitor.java:542)
	at app//de.uka.ilkd.key.nparser.KeYParser$Primitive_termContext.accept(KeYParser.java:6074)
	at app//de.uka.ilkd.key.nparser.builder.AbstractBuilder.accept(AbstractBuilder.java:48)
	at app//de.uka.ilkd.key.nparser.builder.DefaultBuilder.accept(DefaultBuilder.java:35)
	at app//de.uka.ilkd.key.nparser.builder.ExpressionBuilder.visitPrimitive_labeled_term(ExpressionBuilder.java:877)
	at app//de.uka.ilkd.key.nparser.KeYParser$Primitive_labeled_termContext.accept(KeYParser.java:5877)
	at app//de.uka.ilkd.key.nparser.builder.AbstractBuilder.accept(AbstractBuilder.java:48)
	at app//de.uka.ilkd.key.nparser.builder.DefaultBuilder.accept(DefaultBuilder.java:35)
	at app//de.uka.ilkd.key.nparser.builder.ExpressionBuilder.visitBracket_term(ExpressionBuilder.java:403)
	at app//de.uka.ilkd.key.nparser.KeYParser$Bracket_termContext.accept(KeYParser.java:5527)
	at app//org.antlr.v4.runtime.tree.AbstractParseTreeVisitor.visitChildren(AbstractParseTreeVisitor.java:46)
	at app//de.uka.ilkd.key.nparser.KeYParserBaseVisitor.visitAtom_prefix(KeYParserBaseVisitor.java:472)
	at app//de.uka.ilkd.key.nparser.KeYParser$Atom_prefixContext.accept(KeYParser.java:5429)
	at app//de.uka.ilkd.key.nparser.builder.AbstractBuilder.accept(AbstractBuilder.java:48)
	at app//de.uka.ilkd.key.nparser.builder.DefaultBuilder.accept(DefaultBuilder.java:35)
	at app//de.uka.ilkd.key.nparser.builder.ExpressionBuilder.visitStrong_arith_term_2(ExpressionBuilder.java:382)
	at app//de.uka.ilkd.key.nparser.KeYParser$Strong_arith_term_2Context.accept(KeYParser.java:5035)
	at app//de.uka.ilkd.key.nparser.builder.AbstractBuilder.accept(AbstractBuilder.java:48)
	at app//de.uka.ilkd.key.nparser.builder.DefaultBuilder.accept(DefaultBuilder.java:35)
	at app//de.uka.ilkd.key.nparser.builder.ExpressionBuilder.visitStrong_arith_term_1(ExpressionBuilder.java:368)
	at app//de.uka.ilkd.key.nparser.KeYParser$Strong_arith_term_1Context.accept(KeYParser.java:4963)
	at app//de.uka.ilkd.key.nparser.builder.AbstractBuilder.accept(AbstractBuilder.java:48)
	at app//de.uka.ilkd.key.nparser.builder.DefaultBuilder.accept(DefaultBuilder.java:35)
	at app//de.uka.ilkd.key.nparser.builder.ExpressionBuilder.visitWeak_arith_term(ExpressionBuilder.java:331)
	at app//de.uka.ilkd.key.nparser.KeYParser$Weak_arith_termContext.accept(KeYParser.java:4877)
	at app//de.uka.ilkd.key.nparser.builder.AbstractBuilder.accept(AbstractBuilder.java:48)
	at app//de.uka.ilkd.key.nparser.builder.DefaultBuilder.accept(DefaultBuilder.java:35)
	at app//de.uka.ilkd.key.nparser.builder.ExpressionBuilder.visitComparison_term(ExpressionBuilder.java:305)
	at app//de.uka.ilkd.key.nparser.KeYParser$Comparison_termContext.accept(KeYParser.java:4793)
	at app//de.uka.ilkd.key.nparser.builder.AbstractBuilder.accept(AbstractBuilder.java:48)
	at app//de.uka.ilkd.key.nparser.builder.DefaultBuilder.accept(DefaultBuilder.java:35)
	at app//de.uka.ilkd.key.nparser.builder.ExpressionBuilder.visitEquality_term(ExpressionBuilder.java:294)
	at app//de.uka.ilkd.key.nparser.builder.ExpressionBuilder.visitEquality_term(ExpressionBuilder.java:49)
	at app//de.uka.ilkd.key.nparser.KeYParser$Equality_termContext.accept(KeYParser.java:4718)
	at app//org.antlr.v4.runtime.tree.AbstractParseTreeVisitor.visitChildren(AbstractParseTreeVisitor.java:46)
	at app//de.uka.ilkd.key.nparser.KeYParserBaseVisitor.visitTerm60(KeYParserBaseVisitor.java:381)
	at app//de.uka.ilkd.key.nparser.KeYParser$Term60Context.accept(KeYParser.java:4485)
	at app//de.uka.ilkd.key.nparser.builder.AbstractBuilder.accept(AbstractBuilder.java:48)
	at app//de.uka.ilkd.key.nparser.builder.DefaultBuilder.accept(DefaultBuilder.java:35)
	at app//de.uka.ilkd.key.nparser.builder.ExpressionBuilder.visitConjunction_term(ExpressionBuilder.java:238)
	at app//de.uka.ilkd.key.nparser.builder.ExpressionBuilder.visitConjunction_term(ExpressionBuilder.java:49)
	at app//de.uka.ilkd.key.nparser.KeYParser$Conjunction_termContext.accept(KeYParser.java:4419)
	at app//de.uka.ilkd.key.nparser.builder.AbstractBuilder.accept(AbstractBuilder.java:48)
	at app//de.uka.ilkd.key.nparser.builder.DefaultBuilder.accept(DefaultBuilder.java:35)
	at app//de.uka.ilkd.key.nparser.builder.ExpressionBuilder.visitDisjunction_term(ExpressionBuilder.java:229)
	at app//de.uka.ilkd.key.nparser.builder.ExpressionBuilder.visitDisjunction_term(ExpressionBuilder.java:49)
	at app//de.uka.ilkd.key.nparser.KeYParser$Disjunction_termContext.accept(KeYParser.java:4346)
	at app//de.uka.ilkd.key.nparser.builder.AbstractBuilder.accept(AbstractBuilder.java:48)
	at app//de.uka.ilkd.key.nparser.builder.DefaultBuilder.accept(DefaultBuilder.java:35)
	at app//de.uka.ilkd.key.nparser.builder.ExpressionBuilder.visitImplication_term(ExpressionBuilder.java:222)
	at app//de.uka.ilkd.key.nparser.builder.ExpressionBuilder.visitImplication_term(ExpressionBuilder.java:49)
	at app//de.uka.ilkd.key.nparser.KeYParser$Implication_termContext.accept(KeYParser.java:4278)
	at app//de.uka.ilkd.key.nparser.builder.AbstractBuilder.accept(AbstractBuilder.java:48)
	at app//de.uka.ilkd.key.nparser.builder.DefaultBuilder.accept(DefaultBuilder.java:35)
	at app//de.uka.ilkd.key.nparser.builder.ExpressionBuilder.visitEquivalence_term(ExpressionBuilder.java:198)
	at app//de.uka.ilkd.key.nparser.builder.ExpressionBuilder.visitEquivalence_term(ExpressionBuilder.java:49)
	at app//de.uka.ilkd.key.nparser.KeYParser$Equivalence_termContext.accept(KeYParser.java:4209)
	at app//de.uka.ilkd.key.nparser.builder.AbstractBuilder.accept(AbstractBuilder.java:48)
	at app//de.uka.ilkd.key.nparser.builder.DefaultBuilder.accept(DefaultBuilder.java:35)
	at app//de.uka.ilkd.key.nparser.builder.ExpressionBuilder.visitElementary_update_term(ExpressionBuilder.java:188)
	at app//de.uka.ilkd.key.nparser.builder.ExpressionBuilder.visitElementary_update_term(ExpressionBuilder.java:49)
	at app//de.uka.ilkd.key.nparser.KeYParser$Elementary_update_termContext.accept(KeYParser.java:4142)
	at app//de.uka.ilkd.key.nparser.builder.AbstractBuilder.lambda$mapOf$0(AbstractBuilder.java:124)
	at java.base@17.0.7/java.util.stream.ReferencePipeline$3$1.accept(ReferencePipeline.java:197)
	at java.base@17.0.7/java.util.ArrayList$ArrayListSpliterator.forEachRemaining(ArrayList.java:1625)
	at java.base@17.0.7/java.util.stream.AbstractPipeline.copyInto(AbstractPipeline.java:509)
	at java.base@17.0.7/java.util.stream.AbstractPipeline.wrapAndCopyInto(AbstractPipeline.java:499)
	at java.base@17.0.7/java.util.stream.ReduceOps$ReduceOp.evaluateSequential(ReduceOps.java:921)
	at java.base@17.0.7/java.util.stream.AbstractPipeline.evaluate(AbstractPipeline.java:234)
	at java.base@17.0.7/java.util.stream.ReferencePipeline.collect(ReferencePipeline.java:682)
	at app//de.uka.ilkd.key.nparser.builder.AbstractBuilder.mapOf(AbstractBuilder.java:124)
	at app//de.uka.ilkd.key.nparser.builder.ExpressionBuilder.visitParallel_term(ExpressionBuilder.java:173)
	at app//de.uka.ilkd.key.nparser.builder.ExpressionBuilder.visitParallel_term(ExpressionBuilder.java:49)
	at app//de.uka.ilkd.key.nparser.KeYParser$Parallel_termContext.accept(KeYParser.java:4074)
	at app//org.antlr.v4.runtime.tree.AbstractParseTreeVisitor.visitChildren(AbstractParseTreeVisitor.java:46)
	at app//de.uka.ilkd.key.nparser.KeYParserBaseVisitor.visitTerm(KeYParserBaseVisitor.java:332)
	at app//de.uka.ilkd.key.nparser.KeYParser$TermContext.accept(KeYParser.java:4020)
	at app//de.uka.ilkd.key.nparser.KeyAst.accept(KeyAst.java:43)
	at app//de.uka.ilkd.key.nparser.KeyIO.parseExpression(KeyIO.java:96)
	at app//de.uka.ilkd.key.nparser.KeyIO.parseExpression(KeyIO.java:79)
	at app//de.uka.ilkd.key.parser.AbstractTestTermParser.parseTerm(AbstractTestTermParser.java:74)
	at app//de.uka.ilkd.key.parser.AbstractTestTermParser.comparePrettySyntaxAgainstVerboseSyntax(AbstractTestTermParser.java:141)
	at app//de.uka.ilkd.key.parser.TestTermParserHeap.testAtOperator_2(TestTermParserHeap.java:127)
	at java.base@17.0.7/jdk.internal.reflect.NativeMethodAccessorImpl.invoke0(Native Method)
	at java.base@17.0.7/jdk.internal.reflect.NativeMethodAccessorImpl.invoke(NativeMethodAccessorImpl.java:77)
	at java.base@17.0.7/jdk.internal.reflect.DelegatingMethodAccessorImpl.invoke(DelegatingMethodAccessorImpl.java:43)
	at java.base@17.0.7/java.lang.reflect.Method.invoke(Method.java:568)
	at app//org.junit.platform.commons.util.ReflectionUtils.invokeMethod(ReflectionUtils.java:727)
	at app//org.junit.jupiter.engine.execution.MethodInvocation.proceed(MethodInvocation.java:60)
	at app//org.junit.jupiter.engine.execution.InvocationInterceptorChain$ValidatingInvocation.proceed(InvocationInterceptorChain.java:131)
	at app//org.junit.jupiter.engine.extension.TimeoutExtension.intercept(TimeoutExtension.java:156)
	at app//org.junit.jupiter.engine.extension.TimeoutExtension.interceptTestableMethod(TimeoutExtension.java:147)
	at app//org.junit.jupiter.engine.extension.TimeoutExtension.interceptTestMethod(TimeoutExtension.java:86)
	at app//org.junit.jupiter.engine.execution.InterceptingExecutableInvoker$ReflectiveInterceptorCall.lambda$ofVoidMethod$0(InterceptingExecutableInvoker.java:103)
	at app//org.junit.jupiter.engine.execution.InterceptingExecutableInvoker.lambda$invoke$0(InterceptingExecutableInvoker.java:93)
	at app//org.junit.jupiter.engine.execution.InvocationInterceptorChain$InterceptedInvocation.proceed(InvocationInterceptorChain.java:106)
	at app//org.junit.jupiter.engine.execution.InvocationInterceptorChain.proceed(InvocationInterceptorChain.java:64)
	at app//org.junit.jupiter.engine.execution.InvocationInterceptorChain.chainAndInvoke(InvocationInterceptorChain.java:45)
	at app//org.junit.jupiter.engine.execution.InvocationInterceptorChain.invoke(InvocationInterceptorChain.java:37)
	at app//org.junit.jupiter.engine.execution.InterceptingExecutableInvoker.invoke(InterceptingExecutableInvoker.java:92)
	at app//org.junit.jupiter.engine.execution.InterceptingExecutableInvoker.invoke(InterceptingExecutableInvoker.java:86)
	at app//org.junit.jupiter.engine.descriptor.TestMethodTestDescriptor.lambda$invokeTestMethod$7(TestMethodTestDescriptor.java:217)
	at app//org.junit.platform.engine.support.hierarchical.ThrowableCollector.execute(ThrowableCollector.java:73)
	at app//org.junit.jupiter.engine.descriptor.TestMethodTestDescriptor.invokeTestMethod(TestMethodTestDescriptor.java:213)
	at app//org.junit.jupiter.engine.descriptor.TestMethodTestDescriptor.execute(TestMethodTestDescriptor.java:138)
	at app//org.junit.jupiter.engine.descriptor.TestMethodTestDescriptor.execute(TestMethodTestDescriptor.java:68)
	at app//org.junit.platform.engine.support.hierarchical.NodeTestTask.lambda$executeRecursively$6(NodeTestTask.java:151)
	at app//org.junit.platform.engine.support.hierarchical.ThrowableCollector.execute(ThrowableCollector.java:73)
	at app//org.junit.platform.engine.support.hierarchical.NodeTestTask.lambda$executeRecursively$8(NodeTestTask.java:141)
	at app//org.junit.platform.engine.support.hierarchical.Node.around(Node.java:137)
	at app//org.junit.platform.engine.support.hierarchical.NodeTestTask.lambda$executeRecursively$9(NodeTestTask.java:139)
	at app//org.junit.platform.engine.support.hierarchical.ThrowableCollector.execute(ThrowableCollector.java:73)
	at app//org.junit.platform.engine.support.hierarchical.NodeTestTask.executeRecursively(NodeTestTask.java:138)
	at app//org.junit.platform.engine.support.hierarchical.NodeTestTask.execute(NodeTestTask.java:95)
	at java.base@17.0.7/java.util.ArrayList.forEach(ArrayList.java:1511)
	at app//org.junit.platform.engine.support.hierarchical.SameThreadHierarchicalTestExecutorService.invokeAll(SameThreadHierarchicalTestExecutorService.java:41)
	at app//org.junit.platform.engine.support.hierarchical.NodeTestTask.lambda$executeRecursively$6(NodeTestTask.java:155)
	at app//org.junit.platform.engine.support.hierarchical.ThrowableCollector.execute(ThrowableCollector.java:73)
	at app//org.junit.platform.engine.support.hierarchical.NodeTestTask.lambda$executeRecursively$8(NodeTestTask.java:141)
	at app//org.junit.platform.engine.support.hierarchical.Node.around(Node.java:137)
	at app//org.junit.platform.engine.support.hierarchical.NodeTestTask.lambda$executeRecursively$9(NodeTestTask.java:139)
	at app//org.junit.platform.engine.support.hierarchical.ThrowableCollector.execute(ThrowableCollector.java:73)
	at app//org.junit.platform.engine.support.hierarchical.NodeTestTask.executeRecursively(NodeTestTask.java:138)
	at app//org.junit.platform.engine.support.hierarchical.NodeTestTask.execute(NodeTestTask.java:95)
	at java.base@17.0.7/java.util.ArrayList.forEach(ArrayList.java:1511)
	at app//org.junit.platform.engine.support.hierarchical.SameThreadHierarchicalTestExecutorService.invokeAll(SameThreadHierarchicalTestExecutorService.java:41)
	at app//org.junit.platform.engine.support.hierarchical.NodeTestTask.lambda$executeRecursively$6(NodeTestTask.java:155)
	at app//org.junit.platform.engine.support.hierarchical.ThrowableCollector.execute(ThrowableCollector.java:73)
	at app//org.junit.platform.engine.support.hierarchical.NodeTestTask.lambda$executeRecursively$8(NodeTestTask.java:141)
	at app//org.junit.platform.engine.support.hierarchical.Node.around(Node.java:137)
	at app//org.junit.platform.engine.support.hierarchical.NodeTestTask.lambda$executeRecursively$9(NodeTestTask.java:139)
	at app//org.junit.platform.engine.support.hierarchical.ThrowableCollector.execute(ThrowableCollector.java:73)
	at app//org.junit.platform.engine.support.hierarchical.NodeTestTask.executeRecursively(NodeTestTask.java:138)
	at app//org.junit.platform.engine.support.hierarchical.NodeTestTask.execute(NodeTestTask.java:95)
	at app//org.junit.platform.engine.support.hierarchical.SameThreadHierarchicalTestExecutorService.submit(SameThreadHierarchicalTestExecutorService.java:35)
	at app//org.junit.platform.engine.support.hierarchical.HierarchicalTestExecutor.execute(HierarchicalTestExecutor.java:57)
	at app//org.junit.platform.engine.support.hierarchical.HierarchicalTestEngine.execute(HierarchicalTestEngine.java:54)
	at app//org.junit.platform.launcher.core.EngineExecutionOrchestrator.execute(EngineExecutionOrchestrator.java:107)
	at app//org.junit.platform.launcher.core.EngineExecutionOrchestrator.execute(EngineExecutionOrchestrator.java:88)
	at app//org.junit.platform.launcher.core.EngineExecutionOrchestrator.lambda$execute$0(EngineExecutionOrchestrator.java:54)
	at app//org.junit.platform.launcher.core.EngineExecutionOrchestrator.withInterceptedStreams(EngineExecutionOrchestrator.java:67)
	at app//org.junit.platform.launcher.core.EngineExecutionOrchestrator.execute(EngineExecutionOrchestrator.java:52)
	at app//org.junit.platform.launcher.core.DefaultLauncher.execute(DefaultLauncher.java:114)
	at app//org.junit.platform.launcher.core.DefaultLauncher.execute(DefaultLauncher.java:86)
	at app//org.junit.platform.launcher.core.DefaultLauncherSession$DelegatingLauncher.execute(DefaultLauncherSession.java:86)
	at org.gradle.api.internal.tasks.testing.junitplatform.JUnitPlatformTestClassProcessor$CollectAllTestClassesExecutor.processAllTestClasses(JUnitPlatformTestClassProcessor.java:110)
	at org.gradle.api.internal.tasks.testing.junitplatform.JUnitPlatformTestClassProcessor$CollectAllTestClassesExecutor.access$000(JUnitPlatformTestClassProcessor.java:90)
	at org.gradle.api.internal.tasks.testing.junitplatform.JUnitPlatformTestClassProcessor.stop(JUnitPlatformTestClassProcessor.java:85)
	at org.gradle.api.internal.tasks.testing.SuiteTestClassProcessor.stop(SuiteTestClassProcessor.java:62)
	at java.base@17.0.7/jdk.internal.reflect.NativeMethodAccessorImpl.invoke0(Native Method)
	at java.base@17.0.7/jdk.internal.reflect.NativeMethodAccessorImpl.invoke(NativeMethodAccessorImpl.java:77)
	at java.base@17.0.7/jdk.internal.reflect.DelegatingMethodAccessorImpl.invoke(DelegatingMethodAccessorImpl.java:43)
	at java.base@17.0.7/java.lang.reflect.Method.invoke(Method.java:568)
	at org.gradle.internal.dispatch.ReflectionDispatch.dispatch(ReflectionDispatch.java:36)
	at org.gradle.internal.dispatch.ReflectionDispatch.dispatch(ReflectionDispatch.java:24)
	at org.gradle.internal.dispatch.ContextClassLoaderDispatch.dispatch(ContextClassLoaderDispatch.java:33)
	at org.gradle.internal.dispatch.ProxyDispatchAdapter$DispatchingInvocationHandler.invoke(ProxyDispatchAdapter.java:94)
	at jdk.proxy2/jdk.proxy2.$Proxy5.stop(Unknown Source)
	at org.gradle.api.internal.tasks.testing.worker.TestWorker$3.run(TestWorker.java:193)
	at org.gradle.api.internal.tasks.testing.worker.TestWorker.executeAndMaintainThreadName(TestWorker.java:129)
	at org.gradle.api.internal.tasks.testing.worker.TestWorker.execute(TestWorker.java:100)
	at org.gradle.api.internal.tasks.testing.worker.TestWorker.execute(TestWorker.java:60)
	at org.gradle.process.internal.worker.child.ActionExecutionWorker.execute(ActionExecutionWorker.java:56)
	at org.gradle.process.internal.worker.child.SystemApplicationClassLoaderWorker.call(SystemApplicationClassLoaderWorker.java:113)
	at org.gradle.process.internal.worker.child.SystemApplicationClassLoaderWorker.call(SystemApplicationClassLoaderWorker.java:65)
	at app//worker.org.gradle.process.internal.worker.GradleWorkerMain.run(GradleWorkerMain.java:69)
	at app//worker.org.gradle.process.internal.worker.GradleWorkerMain.main(GradleWorkerMain.java:74)
</failure>
  </testcase>
  <testcase name="testAtOperator_3()" classname="de.uka.ilkd.key.parser.TestTermParserHeap" time="0.012">
    <failure message="Cannot invoke &quot;de.uka.ilkd.key.nparser.KeYParser$CallContext.argument_list()&quot; because the return value of &quot;de.uka.ilkd.key.nparser.KeYParser$Attribute_complexContext.call()&quot; is null at &lt;unknown&gt;:1:1 (&lt;unknown&gt;:1:1)" type="de.uka.ilkd.key.util.parsing.BuildingException">Cannot invoke &quot;de.uka.ilkd.key.nparser.KeYParser$CallContext.argument_list()&quot; because the return value of &quot;de.uka.ilkd.key.nparser.KeYParser$Attribute_complexContext.call()&quot; is null at &lt;unknown&gt;:1:1 (&lt;unknown&gt;:1:1)
	at app//de.uka.ilkd.key.nparser.builder.AbstractBuilder.accept(AbstractBuilder.java:54)
	at app//de.uka.ilkd.key.nparser.builder.DefaultBuilder.accept(DefaultBuilder.java:35)
	at app//de.uka.ilkd.key.nparser.builder.ExpressionBuilder.visitPrimitive_labeled_term(ExpressionBuilder.java:877)
	at app//de.uka.ilkd.key.nparser.KeYParser$Primitive_labeled_termContext.accept(KeYParser.java:5877)
	at app//de.uka.ilkd.key.nparser.builder.AbstractBuilder.accept(AbstractBuilder.java:48)
	at app//de.uka.ilkd.key.nparser.builder.DefaultBuilder.accept(DefaultBuilder.java:35)
	at app//de.uka.ilkd.key.nparser.builder.ExpressionBuilder.visitBracket_term(ExpressionBuilder.java:403)
	at app//de.uka.ilkd.key.nparser.KeYParser$Bracket_termContext.accept(KeYParser.java:5527)
	at app//org.antlr.v4.runtime.tree.AbstractParseTreeVisitor.visitChildren(AbstractParseTreeVisitor.java:46)
	at app//de.uka.ilkd.key.nparser.KeYParserBaseVisitor.visitAtom_prefix(KeYParserBaseVisitor.java:472)
	at app//de.uka.ilkd.key.nparser.KeYParser$Atom_prefixContext.accept(KeYParser.java:5429)
	at app//de.uka.ilkd.key.nparser.builder.AbstractBuilder.accept(AbstractBuilder.java:48)
	at app//de.uka.ilkd.key.nparser.builder.DefaultBuilder.accept(DefaultBuilder.java:35)
	at app//de.uka.ilkd.key.nparser.builder.ExpressionBuilder.visitStrong_arith_term_2(ExpressionBuilder.java:382)
	at app//de.uka.ilkd.key.nparser.KeYParser$Strong_arith_term_2Context.accept(KeYParser.java:5035)
	at app//de.uka.ilkd.key.nparser.builder.AbstractBuilder.accept(AbstractBuilder.java:48)
	at app//de.uka.ilkd.key.nparser.builder.DefaultBuilder.accept(DefaultBuilder.java:35)
	at app//de.uka.ilkd.key.nparser.builder.ExpressionBuilder.visitStrong_arith_term_1(ExpressionBuilder.java:368)
	at app//de.uka.ilkd.key.nparser.KeYParser$Strong_arith_term_1Context.accept(KeYParser.java:4963)
	at app//de.uka.ilkd.key.nparser.builder.AbstractBuilder.accept(AbstractBuilder.java:48)
	at app//de.uka.ilkd.key.nparser.builder.DefaultBuilder.accept(DefaultBuilder.java:35)
	at app//de.uka.ilkd.key.nparser.builder.ExpressionBuilder.visitWeak_arith_term(ExpressionBuilder.java:331)
	at app//de.uka.ilkd.key.nparser.KeYParser$Weak_arith_termContext.accept(KeYParser.java:4877)
	at app//de.uka.ilkd.key.nparser.builder.AbstractBuilder.accept(AbstractBuilder.java:48)
	at app//de.uka.ilkd.key.nparser.builder.DefaultBuilder.accept(DefaultBuilder.java:35)
	at app//de.uka.ilkd.key.nparser.builder.ExpressionBuilder.visitComparison_term(ExpressionBuilder.java:305)
	at app//de.uka.ilkd.key.nparser.KeYParser$Comparison_termContext.accept(KeYParser.java:4793)
	at app//de.uka.ilkd.key.nparser.builder.AbstractBuilder.accept(AbstractBuilder.java:48)
	at app//de.uka.ilkd.key.nparser.builder.DefaultBuilder.accept(DefaultBuilder.java:35)
	at app//de.uka.ilkd.key.nparser.builder.ExpressionBuilder.visitEquality_term(ExpressionBuilder.java:294)
	at app//de.uka.ilkd.key.nparser.builder.ExpressionBuilder.visitEquality_term(ExpressionBuilder.java:49)
	at app//de.uka.ilkd.key.nparser.KeYParser$Equality_termContext.accept(KeYParser.java:4718)
	at app//org.antlr.v4.runtime.tree.AbstractParseTreeVisitor.visitChildren(AbstractParseTreeVisitor.java:46)
	at app//de.uka.ilkd.key.nparser.KeYParserBaseVisitor.visitTerm60(KeYParserBaseVisitor.java:381)
	at app//de.uka.ilkd.key.nparser.KeYParser$Term60Context.accept(KeYParser.java:4485)
	at app//de.uka.ilkd.key.nparser.builder.AbstractBuilder.accept(AbstractBuilder.java:48)
	at app//de.uka.ilkd.key.nparser.builder.DefaultBuilder.accept(DefaultBuilder.java:35)
	at app//de.uka.ilkd.key.nparser.builder.ExpressionBuilder.visitConjunction_term(ExpressionBuilder.java:238)
	at app//de.uka.ilkd.key.nparser.builder.ExpressionBuilder.visitConjunction_term(ExpressionBuilder.java:49)
	at app//de.uka.ilkd.key.nparser.KeYParser$Conjunction_termContext.accept(KeYParser.java:4419)
	at app//de.uka.ilkd.key.nparser.builder.AbstractBuilder.accept(AbstractBuilder.java:48)
	at app//de.uka.ilkd.key.nparser.builder.DefaultBuilder.accept(DefaultBuilder.java:35)
	at app//de.uka.ilkd.key.nparser.builder.ExpressionBuilder.visitDisjunction_term(ExpressionBuilder.java:229)
	at app//de.uka.ilkd.key.nparser.builder.ExpressionBuilder.visitDisjunction_term(ExpressionBuilder.java:49)
	at app//de.uka.ilkd.key.nparser.KeYParser$Disjunction_termContext.accept(KeYParser.java:4346)
	at app//de.uka.ilkd.key.nparser.builder.AbstractBuilder.accept(AbstractBuilder.java:48)
	at app//de.uka.ilkd.key.nparser.builder.DefaultBuilder.accept(DefaultBuilder.java:35)
	at app//de.uka.ilkd.key.nparser.builder.ExpressionBuilder.visitImplication_term(ExpressionBuilder.java:222)
	at app//de.uka.ilkd.key.nparser.builder.ExpressionBuilder.visitImplication_term(ExpressionBuilder.java:49)
	at app//de.uka.ilkd.key.nparser.KeYParser$Implication_termContext.accept(KeYParser.java:4278)
	at app//de.uka.ilkd.key.nparser.builder.AbstractBuilder.accept(AbstractBuilder.java:48)
	at app//de.uka.ilkd.key.nparser.builder.DefaultBuilder.accept(DefaultBuilder.java:35)
	at app//de.uka.ilkd.key.nparser.builder.ExpressionBuilder.visitEquivalence_term(ExpressionBuilder.java:198)
	at app//de.uka.ilkd.key.nparser.builder.ExpressionBuilder.visitEquivalence_term(ExpressionBuilder.java:49)
	at app//de.uka.ilkd.key.nparser.KeYParser$Equivalence_termContext.accept(KeYParser.java:4209)
	at app//de.uka.ilkd.key.nparser.builder.AbstractBuilder.accept(AbstractBuilder.java:48)
	at app//de.uka.ilkd.key.nparser.builder.DefaultBuilder.accept(DefaultBuilder.java:35)
	at app//de.uka.ilkd.key.nparser.builder.ExpressionBuilder.visitElementary_update_term(ExpressionBuilder.java:188)
	at app//de.uka.ilkd.key.nparser.builder.ExpressionBuilder.visitElementary_update_term(ExpressionBuilder.java:49)
	at app//de.uka.ilkd.key.nparser.KeYParser$Elementary_update_termContext.accept(KeYParser.java:4142)
	at app//de.uka.ilkd.key.nparser.builder.AbstractBuilder.lambda$mapOf$0(AbstractBuilder.java:124)
	at java.base@17.0.7/java.util.stream.ReferencePipeline$3$1.accept(ReferencePipeline.java:197)
	at java.base@17.0.7/java.util.ArrayList$ArrayListSpliterator.forEachRemaining(ArrayList.java:1625)
	at java.base@17.0.7/java.util.stream.AbstractPipeline.copyInto(AbstractPipeline.java:509)
	at java.base@17.0.7/java.util.stream.AbstractPipeline.wrapAndCopyInto(AbstractPipeline.java:499)
	at java.base@17.0.7/java.util.stream.ReduceOps$ReduceOp.evaluateSequential(ReduceOps.java:921)
	at java.base@17.0.7/java.util.stream.AbstractPipeline.evaluate(AbstractPipeline.java:234)
	at java.base@17.0.7/java.util.stream.ReferencePipeline.collect(ReferencePipeline.java:682)
	at app//de.uka.ilkd.key.nparser.builder.AbstractBuilder.mapOf(AbstractBuilder.java:124)
	at app//de.uka.ilkd.key.nparser.builder.ExpressionBuilder.visitParallel_term(ExpressionBuilder.java:173)
	at app//de.uka.ilkd.key.nparser.builder.ExpressionBuilder.visitParallel_term(ExpressionBuilder.java:49)
	at app//de.uka.ilkd.key.nparser.KeYParser$Parallel_termContext.accept(KeYParser.java:4074)
	at app//org.antlr.v4.runtime.tree.AbstractParseTreeVisitor.visitChildren(AbstractParseTreeVisitor.java:46)
	at app//de.uka.ilkd.key.nparser.KeYParserBaseVisitor.visitTerm(KeYParserBaseVisitor.java:332)
	at app//de.uka.ilkd.key.nparser.KeYParser$TermContext.accept(KeYParser.java:4020)
	at app//de.uka.ilkd.key.nparser.KeyAst.accept(KeyAst.java:43)
	at app//de.uka.ilkd.key.nparser.KeyIO.parseExpression(KeyIO.java:96)
	at app//de.uka.ilkd.key.nparser.KeyIO.parseExpression(KeyIO.java:79)
	at app//de.uka.ilkd.key.parser.AbstractTestTermParser.parseTerm(AbstractTestTermParser.java:74)
	at app//de.uka.ilkd.key.parser.AbstractTestTermParser.verifyParsing(AbstractTestTermParser.java:120)
	at app//de.uka.ilkd.key.parser.AbstractTestTermParser.compareStringRepresentationAgainstTermRepresentation(AbstractTestTermParser.java:159)
	at app//de.uka.ilkd.key.parser.AbstractTestTermParser.comparePrettySyntaxAgainstVerboseSyntax(AbstractTestTermParser.java:142)
	at app//de.uka.ilkd.key.parser.TestTermParserHeap.testAtOperator_3(TestTermParserHeap.java:134)
	at java.base@17.0.7/jdk.internal.reflect.NativeMethodAccessorImpl.invoke0(Native Method)
	at java.base@17.0.7/jdk.internal.reflect.NativeMethodAccessorImpl.invoke(NativeMethodAccessorImpl.java:77)
	at java.base@17.0.7/jdk.internal.reflect.DelegatingMethodAccessorImpl.invoke(DelegatingMethodAccessorImpl.java:43)
	at java.base@17.0.7/java.lang.reflect.Method.invoke(Method.java:568)
	at app//org.junit.platform.commons.util.ReflectionUtils.invokeMethod(ReflectionUtils.java:727)
	at app//org.junit.jupiter.engine.execution.MethodInvocation.proceed(MethodInvocation.java:60)
	at app//org.junit.jupiter.engine.execution.InvocationInterceptorChain$ValidatingInvocation.proceed(InvocationInterceptorChain.java:131)
	at app//org.junit.jupiter.engine.extension.TimeoutExtension.intercept(TimeoutExtension.java:156)
	at app//org.junit.jupiter.engine.extension.TimeoutExtension.interceptTestableMethod(TimeoutExtension.java:147)
	at app//org.junit.jupiter.engine.extension.TimeoutExtension.interceptTestMethod(TimeoutExtension.java:86)
	at app//org.junit.jupiter.engine.execution.InterceptingExecutableInvoker$ReflectiveInterceptorCall.lambda$ofVoidMethod$0(InterceptingExecutableInvoker.java:103)
	at app//org.junit.jupiter.engine.execution.InterceptingExecutableInvoker.lambda$invoke$0(InterceptingExecutableInvoker.java:93)
	at app//org.junit.jupiter.engine.execution.InvocationInterceptorChain$InterceptedInvocation.proceed(InvocationInterceptorChain.java:106)
	at app//org.junit.jupiter.engine.execution.InvocationInterceptorChain.proceed(InvocationInterceptorChain.java:64)
	at app//org.junit.jupiter.engine.execution.InvocationInterceptorChain.chainAndInvoke(InvocationInterceptorChain.java:45)
	at app//org.junit.jupiter.engine.execution.InvocationInterceptorChain.invoke(InvocationInterceptorChain.java:37)
	at app//org.junit.jupiter.engine.execution.InterceptingExecutableInvoker.invoke(InterceptingExecutableInvoker.java:92)
	at app//org.junit.jupiter.engine.execution.InterceptingExecutableInvoker.invoke(InterceptingExecutableInvoker.java:86)
	at app//org.junit.jupiter.engine.descriptor.TestMethodTestDescriptor.lambda$invokeTestMethod$7(TestMethodTestDescriptor.java:217)
	at app//org.junit.platform.engine.support.hierarchical.ThrowableCollector.execute(ThrowableCollector.java:73)
	at app//org.junit.jupiter.engine.descriptor.TestMethodTestDescriptor.invokeTestMethod(TestMethodTestDescriptor.java:213)
	at app//org.junit.jupiter.engine.descriptor.TestMethodTestDescriptor.execute(TestMethodTestDescriptor.java:138)
	at app//org.junit.jupiter.engine.descriptor.TestMethodTestDescriptor.execute(TestMethodTestDescriptor.java:68)
	at app//org.junit.platform.engine.support.hierarchical.NodeTestTask.lambda$executeRecursively$6(NodeTestTask.java:151)
	at app//org.junit.platform.engine.support.hierarchical.ThrowableCollector.execute(ThrowableCollector.java:73)
	at app//org.junit.platform.engine.support.hierarchical.NodeTestTask.lambda$executeRecursively$8(NodeTestTask.java:141)
	at app//org.junit.platform.engine.support.hierarchical.Node.around(Node.java:137)
	at app//org.junit.platform.engine.support.hierarchical.NodeTestTask.lambda$executeRecursively$9(NodeTestTask.java:139)
	at app//org.junit.platform.engine.support.hierarchical.ThrowableCollector.execute(ThrowableCollector.java:73)
	at app//org.junit.platform.engine.support.hierarchical.NodeTestTask.executeRecursively(NodeTestTask.java:138)
	at app//org.junit.platform.engine.support.hierarchical.NodeTestTask.execute(NodeTestTask.java:95)
	at java.base@17.0.7/java.util.ArrayList.forEach(ArrayList.java:1511)
	at app//org.junit.platform.engine.support.hierarchical.SameThreadHierarchicalTestExecutorService.invokeAll(SameThreadHierarchicalTestExecutorService.java:41)
	at app//org.junit.platform.engine.support.hierarchical.NodeTestTask.lambda$executeRecursively$6(NodeTestTask.java:155)
	at app//org.junit.platform.engine.support.hierarchical.ThrowableCollector.execute(ThrowableCollector.java:73)
	at app//org.junit.platform.engine.support.hierarchical.NodeTestTask.lambda$executeRecursively$8(NodeTestTask.java:141)
	at app//org.junit.platform.engine.support.hierarchical.Node.around(Node.java:137)
	at app//org.junit.platform.engine.support.hierarchical.NodeTestTask.lambda$executeRecursively$9(NodeTestTask.java:139)
	at app//org.junit.platform.engine.support.hierarchical.ThrowableCollector.execute(ThrowableCollector.java:73)
	at app//org.junit.platform.engine.support.hierarchical.NodeTestTask.executeRecursively(NodeTestTask.java:138)
	at app//org.junit.platform.engine.support.hierarchical.NodeTestTask.execute(NodeTestTask.java:95)
	at java.base@17.0.7/java.util.ArrayList.forEach(ArrayList.java:1511)
	at app//org.junit.platform.engine.support.hierarchical.SameThreadHierarchicalTestExecutorService.invokeAll(SameThreadHierarchicalTestExecutorService.java:41)
	at app//org.junit.platform.engine.support.hierarchical.NodeTestTask.lambda$executeRecursively$6(NodeTestTask.java:155)
	at app//org.junit.platform.engine.support.hierarchical.ThrowableCollector.execute(ThrowableCollector.java:73)
	at app//org.junit.platform.engine.support.hierarchical.NodeTestTask.lambda$executeRecursively$8(NodeTestTask.java:141)
	at app//org.junit.platform.engine.support.hierarchical.Node.around(Node.java:137)
	at app//org.junit.platform.engine.support.hierarchical.NodeTestTask.lambda$executeRecursively$9(NodeTestTask.java:139)
	at app//org.junit.platform.engine.support.hierarchical.ThrowableCollector.execute(ThrowableCollector.java:73)
	at app//org.junit.platform.engine.support.hierarchical.NodeTestTask.executeRecursively(NodeTestTask.java:138)
	at app//org.junit.platform.engine.support.hierarchical.NodeTestTask.execute(NodeTestTask.java:95)
	at app//org.junit.platform.engine.support.hierarchical.SameThreadHierarchicalTestExecutorService.submit(SameThreadHierarchicalTestExecutorService.java:35)
	at app//org.junit.platform.engine.support.hierarchical.HierarchicalTestExecutor.execute(HierarchicalTestExecutor.java:57)
	at app//org.junit.platform.engine.support.hierarchical.HierarchicalTestEngine.execute(HierarchicalTestEngine.java:54)
	at app//org.junit.platform.launcher.core.EngineExecutionOrchestrator.execute(EngineExecutionOrchestrator.java:107)
	at app//org.junit.platform.launcher.core.EngineExecutionOrchestrator.execute(EngineExecutionOrchestrator.java:88)
	at app//org.junit.platform.launcher.core.EngineExecutionOrchestrator.lambda$execute$0(EngineExecutionOrchestrator.java:54)
	at app//org.junit.platform.launcher.core.EngineExecutionOrchestrator.withInterceptedStreams(EngineExecutionOrchestrator.java:67)
	at app//org.junit.platform.launcher.core.EngineExecutionOrchestrator.execute(EngineExecutionOrchestrator.java:52)
	at app//org.junit.platform.launcher.core.DefaultLauncher.execute(DefaultLauncher.java:114)
	at app//org.junit.platform.launcher.core.DefaultLauncher.execute(DefaultLauncher.java:86)
	at app//org.junit.platform.launcher.core.DefaultLauncherSession$DelegatingLauncher.execute(DefaultLauncherSession.java:86)
	at org.gradle.api.internal.tasks.testing.junitplatform.JUnitPlatformTestClassProcessor$CollectAllTestClassesExecutor.processAllTestClasses(JUnitPlatformTestClassProcessor.java:110)
	at org.gradle.api.internal.tasks.testing.junitplatform.JUnitPlatformTestClassProcessor$CollectAllTestClassesExecutor.access$000(JUnitPlatformTestClassProcessor.java:90)
	at org.gradle.api.internal.tasks.testing.junitplatform.JUnitPlatformTestClassProcessor.stop(JUnitPlatformTestClassProcessor.java:85)
	at org.gradle.api.internal.tasks.testing.SuiteTestClassProcessor.stop(SuiteTestClassProcessor.java:62)
	at java.base@17.0.7/jdk.internal.reflect.NativeMethodAccessorImpl.invoke0(Native Method)
	at java.base@17.0.7/jdk.internal.reflect.NativeMethodAccessorImpl.invoke(NativeMethodAccessorImpl.java:77)
	at java.base@17.0.7/jdk.internal.reflect.DelegatingMethodAccessorImpl.invoke(DelegatingMethodAccessorImpl.java:43)
	at java.base@17.0.7/java.lang.reflect.Method.invoke(Method.java:568)
	at org.gradle.internal.dispatch.ReflectionDispatch.dispatch(ReflectionDispatch.java:36)
	at org.gradle.internal.dispatch.ReflectionDispatch.dispatch(ReflectionDispatch.java:24)
	at org.gradle.internal.dispatch.ContextClassLoaderDispatch.dispatch(ContextClassLoaderDispatch.java:33)
	at org.gradle.internal.dispatch.ProxyDispatchAdapter$DispatchingInvocationHandler.invoke(ProxyDispatchAdapter.java:94)
	at jdk.proxy2/jdk.proxy2.$Proxy5.stop(Unknown Source)
	at org.gradle.api.internal.tasks.testing.worker.TestWorker$3.run(TestWorker.java:193)
	at org.gradle.api.internal.tasks.testing.worker.TestWorker.executeAndMaintainThreadName(TestWorker.java:129)
	at org.gradle.api.internal.tasks.testing.worker.TestWorker.execute(TestWorker.java:100)
	at org.gradle.api.internal.tasks.testing.worker.TestWorker.execute(TestWorker.java:60)
	at org.gradle.process.internal.worker.child.ActionExecutionWorker.execute(ActionExecutionWorker.java:56)
	at org.gradle.process.internal.worker.child.SystemApplicationClassLoaderWorker.call(SystemApplicationClassLoaderWorker.java:113)
	at org.gradle.process.internal.worker.child.SystemApplicationClassLoaderWorker.call(SystemApplicationClassLoaderWorker.java:65)
	at app//worker.org.gradle.process.internal.worker.GradleWorkerMain.run(GradleWorkerMain.java:69)
	at app//worker.org.gradle.process.internal.worker.GradleWorkerMain.main(GradleWorkerMain.java:74)
Caused by: java.lang.NullPointerException: Cannot invoke &quot;de.uka.ilkd.key.nparser.KeYParser$CallContext.argument_list()&quot; because the return value of &quot;de.uka.ilkd.key.nparser.KeYParser$Attribute_complexContext.call()&quot; is null
	at de.uka.ilkd.key.nparser.builder.ExpressionBuilder.visitAccesstermAsJava(ExpressionBuilder.java:1272)
	at de.uka.ilkd.key.nparser.builder.ExpressionBuilder.visitAccessterm(ExpressionBuilder.java:1404)
	at de.uka.ilkd.key.nparser.builder.ExpressionBuilder.visitAccessterm(ExpressionBuilder.java:49)
	at de.uka.ilkd.key.nparser.KeYParser$AccesstermContext.accept(KeYParser.java:6174)
	at org.antlr.v4.runtime.tree.AbstractParseTreeVisitor.visitChildren(AbstractParseTreeVisitor.java:46)
	at de.uka.ilkd.key.nparser.KeYParserBaseVisitor.visitPrimitive_term(KeYParserBaseVisitor.java:542)
	at de.uka.ilkd.key.nparser.KeYParser$Primitive_termContext.accept(KeYParser.java:6074)
	at de.uka.ilkd.key.nparser.builder.AbstractBuilder.accept(AbstractBuilder.java:48)
	... 166 more
</failure>
  </testcase>
  <testcase name="testAtOperator_4()" classname="de.uka.ilkd.key.parser.TestTermParserHeap" time="0.007">
    <failure message="de.uka.ilkd.key.logic.TermCreationException: Given operator is null." type="de.uka.ilkd.key.logic.TermCreationException">de.uka.ilkd.key.logic.TermCreationException: Given operator is null.
	at app//de.uka.ilkd.key.logic.TermFactory.createTerm(TermFactory.java:57)
	at app//de.uka.ilkd.key.logic.TermFactory.createTerm(TermFactory.java:76)
	at app//de.uka.ilkd.key.logic.TermFactory.createTerm(TermFactory.java:81)
	at app//de.uka.ilkd.key.parser.TestTermParserHeap.getSelectTerm(TestTermParserHeap.java:48)
	at app//de.uka.ilkd.key.parser.TestTermParserHeap.testAtOperator_4(TestTermParserHeap.java:142)
	at java.base@17.0.7/jdk.internal.reflect.NativeMethodAccessorImpl.invoke0(Native Method)
	at java.base@17.0.7/jdk.internal.reflect.NativeMethodAccessorImpl.invoke(NativeMethodAccessorImpl.java:77)
	at java.base@17.0.7/jdk.internal.reflect.DelegatingMethodAccessorImpl.invoke(DelegatingMethodAccessorImpl.java:43)
	at java.base@17.0.7/java.lang.reflect.Method.invoke(Method.java:568)
	at app//org.junit.platform.commons.util.ReflectionUtils.invokeMethod(ReflectionUtils.java:727)
	at app//org.junit.jupiter.engine.execution.MethodInvocation.proceed(MethodInvocation.java:60)
	at app//org.junit.jupiter.engine.execution.InvocationInterceptorChain$ValidatingInvocation.proceed(InvocationInterceptorChain.java:131)
	at app//org.junit.jupiter.engine.extension.TimeoutExtension.intercept(TimeoutExtension.java:156)
	at app//org.junit.jupiter.engine.extension.TimeoutExtension.interceptTestableMethod(TimeoutExtension.java:147)
	at app//org.junit.jupiter.engine.extension.TimeoutExtension.interceptTestMethod(TimeoutExtension.java:86)
	at app//org.junit.jupiter.engine.execution.InterceptingExecutableInvoker$ReflectiveInterceptorCall.lambda$ofVoidMethod$0(InterceptingExecutableInvoker.java:103)
	at app//org.junit.jupiter.engine.execution.InterceptingExecutableInvoker.lambda$invoke$0(InterceptingExecutableInvoker.java:93)
	at app//org.junit.jupiter.engine.execution.InvocationInterceptorChain$InterceptedInvocation.proceed(InvocationInterceptorChain.java:106)
	at app//org.junit.jupiter.engine.execution.InvocationInterceptorChain.proceed(InvocationInterceptorChain.java:64)
	at app//org.junit.jupiter.engine.execution.InvocationInterceptorChain.chainAndInvoke(InvocationInterceptorChain.java:45)
	at app//org.junit.jupiter.engine.execution.InvocationInterceptorChain.invoke(InvocationInterceptorChain.java:37)
	at app//org.junit.jupiter.engine.execution.InterceptingExecutableInvoker.invoke(InterceptingExecutableInvoker.java:92)
	at app//org.junit.jupiter.engine.execution.InterceptingExecutableInvoker.invoke(InterceptingExecutableInvoker.java:86)
	at app//org.junit.jupiter.engine.descriptor.TestMethodTestDescriptor.lambda$invokeTestMethod$7(TestMethodTestDescriptor.java:217)
	at app//org.junit.platform.engine.support.hierarchical.ThrowableCollector.execute(ThrowableCollector.java:73)
	at app//org.junit.jupiter.engine.descriptor.TestMethodTestDescriptor.invokeTestMethod(TestMethodTestDescriptor.java:213)
	at app//org.junit.jupiter.engine.descriptor.TestMethodTestDescriptor.execute(TestMethodTestDescriptor.java:138)
	at app//org.junit.jupiter.engine.descriptor.TestMethodTestDescriptor.execute(TestMethodTestDescriptor.java:68)
	at app//org.junit.platform.engine.support.hierarchical.NodeTestTask.lambda$executeRecursively$6(NodeTestTask.java:151)
	at app//org.junit.platform.engine.support.hierarchical.ThrowableCollector.execute(ThrowableCollector.java:73)
	at app//org.junit.platform.engine.support.hierarchical.NodeTestTask.lambda$executeRecursively$8(NodeTestTask.java:141)
	at app//org.junit.platform.engine.support.hierarchical.Node.around(Node.java:137)
	at app//org.junit.platform.engine.support.hierarchical.NodeTestTask.lambda$executeRecursively$9(NodeTestTask.java:139)
	at app//org.junit.platform.engine.support.hierarchical.ThrowableCollector.execute(ThrowableCollector.java:73)
	at app//org.junit.platform.engine.support.hierarchical.NodeTestTask.executeRecursively(NodeTestTask.java:138)
	at app//org.junit.platform.engine.support.hierarchical.NodeTestTask.execute(NodeTestTask.java:95)
	at java.base@17.0.7/java.util.ArrayList.forEach(ArrayList.java:1511)
	at app//org.junit.platform.engine.support.hierarchical.SameThreadHierarchicalTestExecutorService.invokeAll(SameThreadHierarchicalTestExecutorService.java:41)
	at app//org.junit.platform.engine.support.hierarchical.NodeTestTask.lambda$executeRecursively$6(NodeTestTask.java:155)
	at app//org.junit.platform.engine.support.hierarchical.ThrowableCollector.execute(ThrowableCollector.java:73)
	at app//org.junit.platform.engine.support.hierarchical.NodeTestTask.lambda$executeRecursively$8(NodeTestTask.java:141)
	at app//org.junit.platform.engine.support.hierarchical.Node.around(Node.java:137)
	at app//org.junit.platform.engine.support.hierarchical.NodeTestTask.lambda$executeRecursively$9(NodeTestTask.java:139)
	at app//org.junit.platform.engine.support.hierarchical.ThrowableCollector.execute(ThrowableCollector.java:73)
	at app//org.junit.platform.engine.support.hierarchical.NodeTestTask.executeRecursively(NodeTestTask.java:138)
	at app//org.junit.platform.engine.support.hierarchical.NodeTestTask.execute(NodeTestTask.java:95)
	at java.base@17.0.7/java.util.ArrayList.forEach(ArrayList.java:1511)
	at app//org.junit.platform.engine.support.hierarchical.SameThreadHierarchicalTestExecutorService.invokeAll(SameThreadHierarchicalTestExecutorService.java:41)
	at app//org.junit.platform.engine.support.hierarchical.NodeTestTask.lambda$executeRecursively$6(NodeTestTask.java:155)
	at app//org.junit.platform.engine.support.hierarchical.ThrowableCollector.execute(ThrowableCollector.java:73)
	at app//org.junit.platform.engine.support.hierarchical.NodeTestTask.lambda$executeRecursively$8(NodeTestTask.java:141)
	at app//org.junit.platform.engine.support.hierarchical.Node.around(Node.java:137)
	at app//org.junit.platform.engine.support.hierarchical.NodeTestTask.lambda$executeRecursively$9(NodeTestTask.java:139)
	at app//org.junit.platform.engine.support.hierarchical.ThrowableCollector.execute(ThrowableCollector.java:73)
	at app//org.junit.platform.engine.support.hierarchical.NodeTestTask.executeRecursively(NodeTestTask.java:138)
	at app//org.junit.platform.engine.support.hierarchical.NodeTestTask.execute(NodeTestTask.java:95)
	at app//org.junit.platform.engine.support.hierarchical.SameThreadHierarchicalTestExecutorService.submit(SameThreadHierarchicalTestExecutorService.java:35)
	at app//org.junit.platform.engine.support.hierarchical.HierarchicalTestExecutor.execute(HierarchicalTestExecutor.java:57)
	at app//org.junit.platform.engine.support.hierarchical.HierarchicalTestEngine.execute(HierarchicalTestEngine.java:54)
	at app//org.junit.platform.launcher.core.EngineExecutionOrchestrator.execute(EngineExecutionOrchestrator.java:107)
	at app//org.junit.platform.launcher.core.EngineExecutionOrchestrator.execute(EngineExecutionOrchestrator.java:88)
	at app//org.junit.platform.launcher.core.EngineExecutionOrchestrator.lambda$execute$0(EngineExecutionOrchestrator.java:54)
	at app//org.junit.platform.launcher.core.EngineExecutionOrchestrator.withInterceptedStreams(EngineExecutionOrchestrator.java:67)
	at app//org.junit.platform.launcher.core.EngineExecutionOrchestrator.execute(EngineExecutionOrchestrator.java:52)
	at app//org.junit.platform.launcher.core.DefaultLauncher.execute(DefaultLauncher.java:114)
	at app//org.junit.platform.launcher.core.DefaultLauncher.execute(DefaultLauncher.java:86)
	at app//org.junit.platform.launcher.core.DefaultLauncherSession$DelegatingLauncher.execute(DefaultLauncherSession.java:86)
	at org.gradle.api.internal.tasks.testing.junitplatform.JUnitPlatformTestClassProcessor$CollectAllTestClassesExecutor.processAllTestClasses(JUnitPlatformTestClassProcessor.java:110)
	at org.gradle.api.internal.tasks.testing.junitplatform.JUnitPlatformTestClassProcessor$CollectAllTestClassesExecutor.access$000(JUnitPlatformTestClassProcessor.java:90)
	at org.gradle.api.internal.tasks.testing.junitplatform.JUnitPlatformTestClassProcessor.stop(JUnitPlatformTestClassProcessor.java:85)
	at org.gradle.api.internal.tasks.testing.SuiteTestClassProcessor.stop(SuiteTestClassProcessor.java:62)
	at java.base@17.0.7/jdk.internal.reflect.NativeMethodAccessorImpl.invoke0(Native Method)
	at java.base@17.0.7/jdk.internal.reflect.NativeMethodAccessorImpl.invoke(NativeMethodAccessorImpl.java:77)
	at java.base@17.0.7/jdk.internal.reflect.DelegatingMethodAccessorImpl.invoke(DelegatingMethodAccessorImpl.java:43)
	at java.base@17.0.7/java.lang.reflect.Method.invoke(Method.java:568)
	at org.gradle.internal.dispatch.ReflectionDispatch.dispatch(ReflectionDispatch.java:36)
	at org.gradle.internal.dispatch.ReflectionDispatch.dispatch(ReflectionDispatch.java:24)
	at org.gradle.internal.dispatch.ContextClassLoaderDispatch.dispatch(ContextClassLoaderDispatch.java:33)
	at org.gradle.internal.dispatch.ProxyDispatchAdapter$DispatchingInvocationHandler.invoke(ProxyDispatchAdapter.java:94)
	at jdk.proxy2/jdk.proxy2.$Proxy5.stop(Unknown Source)
	at org.gradle.api.internal.tasks.testing.worker.TestWorker$3.run(TestWorker.java:193)
	at org.gradle.api.internal.tasks.testing.worker.TestWorker.executeAndMaintainThreadName(TestWorker.java:129)
	at org.gradle.api.internal.tasks.testing.worker.TestWorker.execute(TestWorker.java:100)
	at org.gradle.api.internal.tasks.testing.worker.TestWorker.execute(TestWorker.java:60)
	at org.gradle.process.internal.worker.child.ActionExecutionWorker.execute(ActionExecutionWorker.java:56)
	at org.gradle.process.internal.worker.child.SystemApplicationClassLoaderWorker.call(SystemApplicationClassLoaderWorker.java:113)
	at org.gradle.process.internal.worker.child.SystemApplicationClassLoaderWorker.call(SystemApplicationClassLoaderWorker.java:65)
	at app//worker.org.gradle.process.internal.worker.GradleWorkerMain.run(GradleWorkerMain.java:69)
	at app//worker.org.gradle.process.internal.worker.GradleWorkerMain.main(GradleWorkerMain.java:74)
</failure>
  </testcase>
  <testcase name="testAtOperator_5()" classname="de.uka.ilkd.key.parser.TestTermParserHeap" time="0.012">
    <failure message="de.uka.ilkd.key.logic.TermCreationException: Given operator is null." type="de.uka.ilkd.key.logic.TermCreationException">de.uka.ilkd.key.logic.TermCreationException: Given operator is null.
	at app//de.uka.ilkd.key.logic.TermFactory.createTerm(TermFactory.java:57)
	at app//de.uka.ilkd.key.logic.TermFactory.createTerm(TermFactory.java:76)
	at app//de.uka.ilkd.key.logic.TermFactory.createTerm(TermFactory.java:81)
	at app//de.uka.ilkd.key.parser.TestTermParserHeap.getSelectTerm(TestTermParserHeap.java:48)
	at app//de.uka.ilkd.key.parser.TestTermParserHeap.testAtOperator_5(TestTermParserHeap.java:154)
	at java.base@17.0.7/jdk.internal.reflect.NativeMethodAccessorImpl.invoke0(Native Method)
	at java.base@17.0.7/jdk.internal.reflect.NativeMethodAccessorImpl.invoke(NativeMethodAccessorImpl.java:77)
	at java.base@17.0.7/jdk.internal.reflect.DelegatingMethodAccessorImpl.invoke(DelegatingMethodAccessorImpl.java:43)
	at java.base@17.0.7/java.lang.reflect.Method.invoke(Method.java:568)
	at app//org.junit.platform.commons.util.ReflectionUtils.invokeMethod(ReflectionUtils.java:727)
	at app//org.junit.jupiter.engine.execution.MethodInvocation.proceed(MethodInvocation.java:60)
	at app//org.junit.jupiter.engine.execution.InvocationInterceptorChain$ValidatingInvocation.proceed(InvocationInterceptorChain.java:131)
	at app//org.junit.jupiter.engine.extension.TimeoutExtension.intercept(TimeoutExtension.java:156)
	at app//org.junit.jupiter.engine.extension.TimeoutExtension.interceptTestableMethod(TimeoutExtension.java:147)
	at app//org.junit.jupiter.engine.extension.TimeoutExtension.interceptTestMethod(TimeoutExtension.java:86)
	at app//org.junit.jupiter.engine.execution.InterceptingExecutableInvoker$ReflectiveInterceptorCall.lambda$ofVoidMethod$0(InterceptingExecutableInvoker.java:103)
	at app//org.junit.jupiter.engine.execution.InterceptingExecutableInvoker.lambda$invoke$0(InterceptingExecutableInvoker.java:93)
	at app//org.junit.jupiter.engine.execution.InvocationInterceptorChain$InterceptedInvocation.proceed(InvocationInterceptorChain.java:106)
	at app//org.junit.jupiter.engine.execution.InvocationInterceptorChain.proceed(InvocationInterceptorChain.java:64)
	at app//org.junit.jupiter.engine.execution.InvocationInterceptorChain.chainAndInvoke(InvocationInterceptorChain.java:45)
	at app//org.junit.jupiter.engine.execution.InvocationInterceptorChain.invoke(InvocationInterceptorChain.java:37)
	at app//org.junit.jupiter.engine.execution.InterceptingExecutableInvoker.invoke(InterceptingExecutableInvoker.java:92)
	at app//org.junit.jupiter.engine.execution.InterceptingExecutableInvoker.invoke(InterceptingExecutableInvoker.java:86)
	at app//org.junit.jupiter.engine.descriptor.TestMethodTestDescriptor.lambda$invokeTestMethod$7(TestMethodTestDescriptor.java:217)
	at app//org.junit.platform.engine.support.hierarchical.ThrowableCollector.execute(ThrowableCollector.java:73)
	at app//org.junit.jupiter.engine.descriptor.TestMethodTestDescriptor.invokeTestMethod(TestMethodTestDescriptor.java:213)
	at app//org.junit.jupiter.engine.descriptor.TestMethodTestDescriptor.execute(TestMethodTestDescriptor.java:138)
	at app//org.junit.jupiter.engine.descriptor.TestMethodTestDescriptor.execute(TestMethodTestDescriptor.java:68)
	at app//org.junit.platform.engine.support.hierarchical.NodeTestTask.lambda$executeRecursively$6(NodeTestTask.java:151)
	at app//org.junit.platform.engine.support.hierarchical.ThrowableCollector.execute(ThrowableCollector.java:73)
	at app//org.junit.platform.engine.support.hierarchical.NodeTestTask.lambda$executeRecursively$8(NodeTestTask.java:141)
	at app//org.junit.platform.engine.support.hierarchical.Node.around(Node.java:137)
	at app//org.junit.platform.engine.support.hierarchical.NodeTestTask.lambda$executeRecursively$9(NodeTestTask.java:139)
	at app//org.junit.platform.engine.support.hierarchical.ThrowableCollector.execute(ThrowableCollector.java:73)
	at app//org.junit.platform.engine.support.hierarchical.NodeTestTask.executeRecursively(NodeTestTask.java:138)
	at app//org.junit.platform.engine.support.hierarchical.NodeTestTask.execute(NodeTestTask.java:95)
	at java.base@17.0.7/java.util.ArrayList.forEach(ArrayList.java:1511)
	at app//org.junit.platform.engine.support.hierarchical.SameThreadHierarchicalTestExecutorService.invokeAll(SameThreadHierarchicalTestExecutorService.java:41)
	at app//org.junit.platform.engine.support.hierarchical.NodeTestTask.lambda$executeRecursively$6(NodeTestTask.java:155)
	at app//org.junit.platform.engine.support.hierarchical.ThrowableCollector.execute(ThrowableCollector.java:73)
	at app//org.junit.platform.engine.support.hierarchical.NodeTestTask.lambda$executeRecursively$8(NodeTestTask.java:141)
	at app//org.junit.platform.engine.support.hierarchical.Node.around(Node.java:137)
	at app//org.junit.platform.engine.support.hierarchical.NodeTestTask.lambda$executeRecursively$9(NodeTestTask.java:139)
	at app//org.junit.platform.engine.support.hierarchical.ThrowableCollector.execute(ThrowableCollector.java:73)
	at app//org.junit.platform.engine.support.hierarchical.NodeTestTask.executeRecursively(NodeTestTask.java:138)
	at app//org.junit.platform.engine.support.hierarchical.NodeTestTask.execute(NodeTestTask.java:95)
	at java.base@17.0.7/java.util.ArrayList.forEach(ArrayList.java:1511)
	at app//org.junit.platform.engine.support.hierarchical.SameThreadHierarchicalTestExecutorService.invokeAll(SameThreadHierarchicalTestExecutorService.java:41)
	at app//org.junit.platform.engine.support.hierarchical.NodeTestTask.lambda$executeRecursively$6(NodeTestTask.java:155)
	at app//org.junit.platform.engine.support.hierarchical.ThrowableCollector.execute(ThrowableCollector.java:73)
	at app//org.junit.platform.engine.support.hierarchical.NodeTestTask.lambda$executeRecursively$8(NodeTestTask.java:141)
	at app//org.junit.platform.engine.support.hierarchical.Node.around(Node.java:137)
	at app//org.junit.platform.engine.support.hierarchical.NodeTestTask.lambda$executeRecursively$9(NodeTestTask.java:139)
	at app//org.junit.platform.engine.support.hierarchical.ThrowableCollector.execute(ThrowableCollector.java:73)
	at app//org.junit.platform.engine.support.hierarchical.NodeTestTask.executeRecursively(NodeTestTask.java:138)
	at app//org.junit.platform.engine.support.hierarchical.NodeTestTask.execute(NodeTestTask.java:95)
	at app//org.junit.platform.engine.support.hierarchical.SameThreadHierarchicalTestExecutorService.submit(SameThreadHierarchicalTestExecutorService.java:35)
	at app//org.junit.platform.engine.support.hierarchical.HierarchicalTestExecutor.execute(HierarchicalTestExecutor.java:57)
	at app//org.junit.platform.engine.support.hierarchical.HierarchicalTestEngine.execute(HierarchicalTestEngine.java:54)
	at app//org.junit.platform.launcher.core.EngineExecutionOrchestrator.execute(EngineExecutionOrchestrator.java:107)
	at app//org.junit.platform.launcher.core.EngineExecutionOrchestrator.execute(EngineExecutionOrchestrator.java:88)
	at app//org.junit.platform.launcher.core.EngineExecutionOrchestrator.lambda$execute$0(EngineExecutionOrchestrator.java:54)
	at app//org.junit.platform.launcher.core.EngineExecutionOrchestrator.withInterceptedStreams(EngineExecutionOrchestrator.java:67)
	at app//org.junit.platform.launcher.core.EngineExecutionOrchestrator.execute(EngineExecutionOrchestrator.java:52)
	at app//org.junit.platform.launcher.core.DefaultLauncher.execute(DefaultLauncher.java:114)
	at app//org.junit.platform.launcher.core.DefaultLauncher.execute(DefaultLauncher.java:86)
	at app//org.junit.platform.launcher.core.DefaultLauncherSession$DelegatingLauncher.execute(DefaultLauncherSession.java:86)
	at org.gradle.api.internal.tasks.testing.junitplatform.JUnitPlatformTestClassProcessor$CollectAllTestClassesExecutor.processAllTestClasses(JUnitPlatformTestClassProcessor.java:110)
	at org.gradle.api.internal.tasks.testing.junitplatform.JUnitPlatformTestClassProcessor$CollectAllTestClassesExecutor.access$000(JUnitPlatformTestClassProcessor.java:90)
	at org.gradle.api.internal.tasks.testing.junitplatform.JUnitPlatformTestClassProcessor.stop(JUnitPlatformTestClassProcessor.java:85)
	at org.gradle.api.internal.tasks.testing.SuiteTestClassProcessor.stop(SuiteTestClassProcessor.java:62)
	at java.base@17.0.7/jdk.internal.reflect.NativeMethodAccessorImpl.invoke0(Native Method)
	at java.base@17.0.7/jdk.internal.reflect.NativeMethodAccessorImpl.invoke(NativeMethodAccessorImpl.java:77)
	at java.base@17.0.7/jdk.internal.reflect.DelegatingMethodAccessorImpl.invoke(DelegatingMethodAccessorImpl.java:43)
	at java.base@17.0.7/java.lang.reflect.Method.invoke(Method.java:568)
	at org.gradle.internal.dispatch.ReflectionDispatch.dispatch(ReflectionDispatch.java:36)
	at org.gradle.internal.dispatch.ReflectionDispatch.dispatch(ReflectionDispatch.java:24)
	at org.gradle.internal.dispatch.ContextClassLoaderDispatch.dispatch(ContextClassLoaderDispatch.java:33)
	at org.gradle.internal.dispatch.ProxyDispatchAdapter$DispatchingInvocationHandler.invoke(ProxyDispatchAdapter.java:94)
	at jdk.proxy2/jdk.proxy2.$Proxy5.stop(Unknown Source)
	at org.gradle.api.internal.tasks.testing.worker.TestWorker$3.run(TestWorker.java:193)
	at org.gradle.api.internal.tasks.testing.worker.TestWorker.executeAndMaintainThreadName(TestWorker.java:129)
	at org.gradle.api.internal.tasks.testing.worker.TestWorker.execute(TestWorker.java:100)
	at org.gradle.api.internal.tasks.testing.worker.TestWorker.execute(TestWorker.java:60)
	at org.gradle.process.internal.worker.child.ActionExecutionWorker.execute(ActionExecutionWorker.java:56)
	at org.gradle.process.internal.worker.child.SystemApplicationClassLoaderWorker.call(SystemApplicationClassLoaderWorker.java:113)
	at org.gradle.process.internal.worker.child.SystemApplicationClassLoaderWorker.call(SystemApplicationClassLoaderWorker.java:65)
	at app//worker.org.gradle.process.internal.worker.GradleWorkerMain.run(GradleWorkerMain.java:69)
	at app//worker.org.gradle.process.internal.worker.GradleWorkerMain.main(GradleWorkerMain.java:74)
</failure>
  </testcase>
  <testcase name="testAtOperator_6()" classname="de.uka.ilkd.key.parser.TestTermParserHeap" time="0.011">
    <failure message="de.uka.ilkd.key.logic.TermCreationException: Given operator is null." type="de.uka.ilkd.key.logic.TermCreationException">de.uka.ilkd.key.logic.TermCreationException: Given operator is null.
	at app//de.uka.ilkd.key.logic.TermFactory.createTerm(TermFactory.java:57)
	at app//de.uka.ilkd.key.logic.TermFactory.createTerm(TermFactory.java:76)
	at app//de.uka.ilkd.key.logic.TermFactory.createTerm(TermFactory.java:81)
	at app//de.uka.ilkd.key.parser.TestTermParserHeap.getSelectTerm(TestTermParserHeap.java:48)
	at app//de.uka.ilkd.key.parser.TestTermParserHeap.testAtOperator_6(TestTermParserHeap.java:161)
	at java.base@17.0.7/jdk.internal.reflect.NativeMethodAccessorImpl.invoke0(Native Method)
	at java.base@17.0.7/jdk.internal.reflect.NativeMethodAccessorImpl.invoke(NativeMethodAccessorImpl.java:77)
	at java.base@17.0.7/jdk.internal.reflect.DelegatingMethodAccessorImpl.invoke(DelegatingMethodAccessorImpl.java:43)
	at java.base@17.0.7/java.lang.reflect.Method.invoke(Method.java:568)
	at app//org.junit.platform.commons.util.ReflectionUtils.invokeMethod(ReflectionUtils.java:727)
	at app//org.junit.jupiter.engine.execution.MethodInvocation.proceed(MethodInvocation.java:60)
	at app//org.junit.jupiter.engine.execution.InvocationInterceptorChain$ValidatingInvocation.proceed(InvocationInterceptorChain.java:131)
	at app//org.junit.jupiter.engine.extension.TimeoutExtension.intercept(TimeoutExtension.java:156)
	at app//org.junit.jupiter.engine.extension.TimeoutExtension.interceptTestableMethod(TimeoutExtension.java:147)
	at app//org.junit.jupiter.engine.extension.TimeoutExtension.interceptTestMethod(TimeoutExtension.java:86)
	at app//org.junit.jupiter.engine.execution.InterceptingExecutableInvoker$ReflectiveInterceptorCall.lambda$ofVoidMethod$0(InterceptingExecutableInvoker.java:103)
	at app//org.junit.jupiter.engine.execution.InterceptingExecutableInvoker.lambda$invoke$0(InterceptingExecutableInvoker.java:93)
	at app//org.junit.jupiter.engine.execution.InvocationInterceptorChain$InterceptedInvocation.proceed(InvocationInterceptorChain.java:106)
	at app//org.junit.jupiter.engine.execution.InvocationInterceptorChain.proceed(InvocationInterceptorChain.java:64)
	at app//org.junit.jupiter.engine.execution.InvocationInterceptorChain.chainAndInvoke(InvocationInterceptorChain.java:45)
	at app//org.junit.jupiter.engine.execution.InvocationInterceptorChain.invoke(InvocationInterceptorChain.java:37)
	at app//org.junit.jupiter.engine.execution.InterceptingExecutableInvoker.invoke(InterceptingExecutableInvoker.java:92)
	at app//org.junit.jupiter.engine.execution.InterceptingExecutableInvoker.invoke(InterceptingExecutableInvoker.java:86)
	at app//org.junit.jupiter.engine.descriptor.TestMethodTestDescriptor.lambda$invokeTestMethod$7(TestMethodTestDescriptor.java:217)
	at app//org.junit.platform.engine.support.hierarchical.ThrowableCollector.execute(ThrowableCollector.java:73)
	at app//org.junit.jupiter.engine.descriptor.TestMethodTestDescriptor.invokeTestMethod(TestMethodTestDescriptor.java:213)
	at app//org.junit.jupiter.engine.descriptor.TestMethodTestDescriptor.execute(TestMethodTestDescriptor.java:138)
	at app//org.junit.jupiter.engine.descriptor.TestMethodTestDescriptor.execute(TestMethodTestDescriptor.java:68)
	at app//org.junit.platform.engine.support.hierarchical.NodeTestTask.lambda$executeRecursively$6(NodeTestTask.java:151)
	at app//org.junit.platform.engine.support.hierarchical.ThrowableCollector.execute(ThrowableCollector.java:73)
	at app//org.junit.platform.engine.support.hierarchical.NodeTestTask.lambda$executeRecursively$8(NodeTestTask.java:141)
	at app//org.junit.platform.engine.support.hierarchical.Node.around(Node.java:137)
	at app//org.junit.platform.engine.support.hierarchical.NodeTestTask.lambda$executeRecursively$9(NodeTestTask.java:139)
	at app//org.junit.platform.engine.support.hierarchical.ThrowableCollector.execute(ThrowableCollector.java:73)
	at app//org.junit.platform.engine.support.hierarchical.NodeTestTask.executeRecursively(NodeTestTask.java:138)
	at app//org.junit.platform.engine.support.hierarchical.NodeTestTask.execute(NodeTestTask.java:95)
	at java.base@17.0.7/java.util.ArrayList.forEach(ArrayList.java:1511)
	at app//org.junit.platform.engine.support.hierarchical.SameThreadHierarchicalTestExecutorService.invokeAll(SameThreadHierarchicalTestExecutorService.java:41)
	at app//org.junit.platform.engine.support.hierarchical.NodeTestTask.lambda$executeRecursively$6(NodeTestTask.java:155)
	at app//org.junit.platform.engine.support.hierarchical.ThrowableCollector.execute(ThrowableCollector.java:73)
	at app//org.junit.platform.engine.support.hierarchical.NodeTestTask.lambda$executeRecursively$8(NodeTestTask.java:141)
	at app//org.junit.platform.engine.support.hierarchical.Node.around(Node.java:137)
	at app//org.junit.platform.engine.support.hierarchical.NodeTestTask.lambda$executeRecursively$9(NodeTestTask.java:139)
	at app//org.junit.platform.engine.support.hierarchical.ThrowableCollector.execute(ThrowableCollector.java:73)
	at app//org.junit.platform.engine.support.hierarchical.NodeTestTask.executeRecursively(NodeTestTask.java:138)
	at app//org.junit.platform.engine.support.hierarchical.NodeTestTask.execute(NodeTestTask.java:95)
	at java.base@17.0.7/java.util.ArrayList.forEach(ArrayList.java:1511)
	at app//org.junit.platform.engine.support.hierarchical.SameThreadHierarchicalTestExecutorService.invokeAll(SameThreadHierarchicalTestExecutorService.java:41)
	at app//org.junit.platform.engine.support.hierarchical.NodeTestTask.lambda$executeRecursively$6(NodeTestTask.java:155)
	at app//org.junit.platform.engine.support.hierarchical.ThrowableCollector.execute(ThrowableCollector.java:73)
	at app//org.junit.platform.engine.support.hierarchical.NodeTestTask.lambda$executeRecursively$8(NodeTestTask.java:141)
	at app//org.junit.platform.engine.support.hierarchical.Node.around(Node.java:137)
	at app//org.junit.platform.engine.support.hierarchical.NodeTestTask.lambda$executeRecursively$9(NodeTestTask.java:139)
	at app//org.junit.platform.engine.support.hierarchical.ThrowableCollector.execute(ThrowableCollector.java:73)
	at app//org.junit.platform.engine.support.hierarchical.NodeTestTask.executeRecursively(NodeTestTask.java:138)
	at app//org.junit.platform.engine.support.hierarchical.NodeTestTask.execute(NodeTestTask.java:95)
	at app//org.junit.platform.engine.support.hierarchical.SameThreadHierarchicalTestExecutorService.submit(SameThreadHierarchicalTestExecutorService.java:35)
	at app//org.junit.platform.engine.support.hierarchical.HierarchicalTestExecutor.execute(HierarchicalTestExecutor.java:57)
	at app//org.junit.platform.engine.support.hierarchical.HierarchicalTestEngine.execute(HierarchicalTestEngine.java:54)
	at app//org.junit.platform.launcher.core.EngineExecutionOrchestrator.execute(EngineExecutionOrchestrator.java:107)
	at app//org.junit.platform.launcher.core.EngineExecutionOrchestrator.execute(EngineExecutionOrchestrator.java:88)
	at app//org.junit.platform.launcher.core.EngineExecutionOrchestrator.lambda$execute$0(EngineExecutionOrchestrator.java:54)
	at app//org.junit.platform.launcher.core.EngineExecutionOrchestrator.withInterceptedStreams(EngineExecutionOrchestrator.java:67)
	at app//org.junit.platform.launcher.core.EngineExecutionOrchestrator.execute(EngineExecutionOrchestrator.java:52)
	at app//org.junit.platform.launcher.core.DefaultLauncher.execute(DefaultLauncher.java:114)
	at app//org.junit.platform.launcher.core.DefaultLauncher.execute(DefaultLauncher.java:86)
	at app//org.junit.platform.launcher.core.DefaultLauncherSession$DelegatingLauncher.execute(DefaultLauncherSession.java:86)
	at org.gradle.api.internal.tasks.testing.junitplatform.JUnitPlatformTestClassProcessor$CollectAllTestClassesExecutor.processAllTestClasses(JUnitPlatformTestClassProcessor.java:110)
	at org.gradle.api.internal.tasks.testing.junitplatform.JUnitPlatformTestClassProcessor$CollectAllTestClassesExecutor.access$000(JUnitPlatformTestClassProcessor.java:90)
	at org.gradle.api.internal.tasks.testing.junitplatform.JUnitPlatformTestClassProcessor.stop(JUnitPlatformTestClassProcessor.java:85)
	at org.gradle.api.internal.tasks.testing.SuiteTestClassProcessor.stop(SuiteTestClassProcessor.java:62)
	at java.base@17.0.7/jdk.internal.reflect.NativeMethodAccessorImpl.invoke0(Native Method)
	at java.base@17.0.7/jdk.internal.reflect.NativeMethodAccessorImpl.invoke(NativeMethodAccessorImpl.java:77)
	at java.base@17.0.7/jdk.internal.reflect.DelegatingMethodAccessorImpl.invoke(DelegatingMethodAccessorImpl.java:43)
	at java.base@17.0.7/java.lang.reflect.Method.invoke(Method.java:568)
	at org.gradle.internal.dispatch.ReflectionDispatch.dispatch(ReflectionDispatch.java:36)
	at org.gradle.internal.dispatch.ReflectionDispatch.dispatch(ReflectionDispatch.java:24)
	at org.gradle.internal.dispatch.ContextClassLoaderDispatch.dispatch(ContextClassLoaderDispatch.java:33)
	at org.gradle.internal.dispatch.ProxyDispatchAdapter$DispatchingInvocationHandler.invoke(ProxyDispatchAdapter.java:94)
	at jdk.proxy2/jdk.proxy2.$Proxy5.stop(Unknown Source)
	at org.gradle.api.internal.tasks.testing.worker.TestWorker$3.run(TestWorker.java:193)
	at org.gradle.api.internal.tasks.testing.worker.TestWorker.executeAndMaintainThreadName(TestWorker.java:129)
	at org.gradle.api.internal.tasks.testing.worker.TestWorker.execute(TestWorker.java:100)
	at org.gradle.api.internal.tasks.testing.worker.TestWorker.execute(TestWorker.java:60)
	at org.gradle.process.internal.worker.child.ActionExecutionWorker.execute(ActionExecutionWorker.java:56)
	at org.gradle.process.internal.worker.child.SystemApplicationClassLoaderWorker.call(SystemApplicationClassLoaderWorker.java:113)
	at org.gradle.process.internal.worker.child.SystemApplicationClassLoaderWorker.call(SystemApplicationClassLoaderWorker.java:65)
	at app//worker.org.gradle.process.internal.worker.GradleWorkerMain.run(GradleWorkerMain.java:69)
	at app//worker.org.gradle.process.internal.worker.GradleWorkerMain.main(GradleWorkerMain.java:74)
</failure>
  </testcase>
  <testcase name="testAtOperator_7()" classname="de.uka.ilkd.key.parser.TestTermParserHeap" time="0.011">
    <failure message="de.uka.ilkd.key.logic.TermCreationException: Given operator is null." type="de.uka.ilkd.key.logic.TermCreationException">de.uka.ilkd.key.logic.TermCreationException: Given operator is null.
	at app//de.uka.ilkd.key.logic.TermFactory.createTerm(TermFactory.java:57)
	at app//de.uka.ilkd.key.logic.TermFactory.createTerm(TermFactory.java:76)
	at app//de.uka.ilkd.key.logic.TermFactory.createTerm(TermFactory.java:81)
	at app//de.uka.ilkd.key.parser.TestTermParserHeap.getSelectTerm(TestTermParserHeap.java:48)
	at app//de.uka.ilkd.key.parser.TestTermParserHeap.testAtOperator_7(TestTermParserHeap.java:169)
	at java.base@17.0.7/jdk.internal.reflect.NativeMethodAccessorImpl.invoke0(Native Method)
	at java.base@17.0.7/jdk.internal.reflect.NativeMethodAccessorImpl.invoke(NativeMethodAccessorImpl.java:77)
	at java.base@17.0.7/jdk.internal.reflect.DelegatingMethodAccessorImpl.invoke(DelegatingMethodAccessorImpl.java:43)
	at java.base@17.0.7/java.lang.reflect.Method.invoke(Method.java:568)
	at app//org.junit.platform.commons.util.ReflectionUtils.invokeMethod(ReflectionUtils.java:727)
	at app//org.junit.jupiter.engine.execution.MethodInvocation.proceed(MethodInvocation.java:60)
	at app//org.junit.jupiter.engine.execution.InvocationInterceptorChain$ValidatingInvocation.proceed(InvocationInterceptorChain.java:131)
	at app//org.junit.jupiter.engine.extension.TimeoutExtension.intercept(TimeoutExtension.java:156)
	at app//org.junit.jupiter.engine.extension.TimeoutExtension.interceptTestableMethod(TimeoutExtension.java:147)
	at app//org.junit.jupiter.engine.extension.TimeoutExtension.interceptTestMethod(TimeoutExtension.java:86)
	at app//org.junit.jupiter.engine.execution.InterceptingExecutableInvoker$ReflectiveInterceptorCall.lambda$ofVoidMethod$0(InterceptingExecutableInvoker.java:103)
	at app//org.junit.jupiter.engine.execution.InterceptingExecutableInvoker.lambda$invoke$0(InterceptingExecutableInvoker.java:93)
	at app//org.junit.jupiter.engine.execution.InvocationInterceptorChain$InterceptedInvocation.proceed(InvocationInterceptorChain.java:106)
	at app//org.junit.jupiter.engine.execution.InvocationInterceptorChain.proceed(InvocationInterceptorChain.java:64)
	at app//org.junit.jupiter.engine.execution.InvocationInterceptorChain.chainAndInvoke(InvocationInterceptorChain.java:45)
	at app//org.junit.jupiter.engine.execution.InvocationInterceptorChain.invoke(InvocationInterceptorChain.java:37)
	at app//org.junit.jupiter.engine.execution.InterceptingExecutableInvoker.invoke(InterceptingExecutableInvoker.java:92)
	at app//org.junit.jupiter.engine.execution.InterceptingExecutableInvoker.invoke(InterceptingExecutableInvoker.java:86)
	at app//org.junit.jupiter.engine.descriptor.TestMethodTestDescriptor.lambda$invokeTestMethod$7(TestMethodTestDescriptor.java:217)
	at app//org.junit.platform.engine.support.hierarchical.ThrowableCollector.execute(ThrowableCollector.java:73)
	at app//org.junit.jupiter.engine.descriptor.TestMethodTestDescriptor.invokeTestMethod(TestMethodTestDescriptor.java:213)
	at app//org.junit.jupiter.engine.descriptor.TestMethodTestDescriptor.execute(TestMethodTestDescriptor.java:138)
	at app//org.junit.jupiter.engine.descriptor.TestMethodTestDescriptor.execute(TestMethodTestDescriptor.java:68)
	at app//org.junit.platform.engine.support.hierarchical.NodeTestTask.lambda$executeRecursively$6(NodeTestTask.java:151)
	at app//org.junit.platform.engine.support.hierarchical.ThrowableCollector.execute(ThrowableCollector.java:73)
	at app//org.junit.platform.engine.support.hierarchical.NodeTestTask.lambda$executeRecursively$8(NodeTestTask.java:141)
	at app//org.junit.platform.engine.support.hierarchical.Node.around(Node.java:137)
	at app//org.junit.platform.engine.support.hierarchical.NodeTestTask.lambda$executeRecursively$9(NodeTestTask.java:139)
	at app//org.junit.platform.engine.support.hierarchical.ThrowableCollector.execute(ThrowableCollector.java:73)
	at app//org.junit.platform.engine.support.hierarchical.NodeTestTask.executeRecursively(NodeTestTask.java:138)
	at app//org.junit.platform.engine.support.hierarchical.NodeTestTask.execute(NodeTestTask.java:95)
	at java.base@17.0.7/java.util.ArrayList.forEach(ArrayList.java:1511)
	at app//org.junit.platform.engine.support.hierarchical.SameThreadHierarchicalTestExecutorService.invokeAll(SameThreadHierarchicalTestExecutorService.java:41)
	at app//org.junit.platform.engine.support.hierarchical.NodeTestTask.lambda$executeRecursively$6(NodeTestTask.java:155)
	at app//org.junit.platform.engine.support.hierarchical.ThrowableCollector.execute(ThrowableCollector.java:73)
	at app//org.junit.platform.engine.support.hierarchical.NodeTestTask.lambda$executeRecursively$8(NodeTestTask.java:141)
	at app//org.junit.platform.engine.support.hierarchical.Node.around(Node.java:137)
	at app//org.junit.platform.engine.support.hierarchical.NodeTestTask.lambda$executeRecursively$9(NodeTestTask.java:139)
	at app//org.junit.platform.engine.support.hierarchical.ThrowableCollector.execute(ThrowableCollector.java:73)
	at app//org.junit.platform.engine.support.hierarchical.NodeTestTask.executeRecursively(NodeTestTask.java:138)
	at app//org.junit.platform.engine.support.hierarchical.NodeTestTask.execute(NodeTestTask.java:95)
	at java.base@17.0.7/java.util.ArrayList.forEach(ArrayList.java:1511)
	at app//org.junit.platform.engine.support.hierarchical.SameThreadHierarchicalTestExecutorService.invokeAll(SameThreadHierarchicalTestExecutorService.java:41)
	at app//org.junit.platform.engine.support.hierarchical.NodeTestTask.lambda$executeRecursively$6(NodeTestTask.java:155)
	at app//org.junit.platform.engine.support.hierarchical.ThrowableCollector.execute(ThrowableCollector.java:73)
	at app//org.junit.platform.engine.support.hierarchical.NodeTestTask.lambda$executeRecursively$8(NodeTestTask.java:141)
	at app//org.junit.platform.engine.support.hierarchical.Node.around(Node.java:137)
	at app//org.junit.platform.engine.support.hierarchical.NodeTestTask.lambda$executeRecursively$9(NodeTestTask.java:139)
	at app//org.junit.platform.engine.support.hierarchical.ThrowableCollector.execute(ThrowableCollector.java:73)
	at app//org.junit.platform.engine.support.hierarchical.NodeTestTask.executeRecursively(NodeTestTask.java:138)
	at app//org.junit.platform.engine.support.hierarchical.NodeTestTask.execute(NodeTestTask.java:95)
	at app//org.junit.platform.engine.support.hierarchical.SameThreadHierarchicalTestExecutorService.submit(SameThreadHierarchicalTestExecutorService.java:35)
	at app//org.junit.platform.engine.support.hierarchical.HierarchicalTestExecutor.execute(HierarchicalTestExecutor.java:57)
	at app//org.junit.platform.engine.support.hierarchical.HierarchicalTestEngine.execute(HierarchicalTestEngine.java:54)
	at app//org.junit.platform.launcher.core.EngineExecutionOrchestrator.execute(EngineExecutionOrchestrator.java:107)
	at app//org.junit.platform.launcher.core.EngineExecutionOrchestrator.execute(EngineExecutionOrchestrator.java:88)
	at app//org.junit.platform.launcher.core.EngineExecutionOrchestrator.lambda$execute$0(EngineExecutionOrchestrator.java:54)
	at app//org.junit.platform.launcher.core.EngineExecutionOrchestrator.withInterceptedStreams(EngineExecutionOrchestrator.java:67)
	at app//org.junit.platform.launcher.core.EngineExecutionOrchestrator.execute(EngineExecutionOrchestrator.java:52)
	at app//org.junit.platform.launcher.core.DefaultLauncher.execute(DefaultLauncher.java:114)
	at app//org.junit.platform.launcher.core.DefaultLauncher.execute(DefaultLauncher.java:86)
	at app//org.junit.platform.launcher.core.DefaultLauncherSession$DelegatingLauncher.execute(DefaultLauncherSession.java:86)
	at org.gradle.api.internal.tasks.testing.junitplatform.JUnitPlatformTestClassProcessor$CollectAllTestClassesExecutor.processAllTestClasses(JUnitPlatformTestClassProcessor.java:110)
	at org.gradle.api.internal.tasks.testing.junitplatform.JUnitPlatformTestClassProcessor$CollectAllTestClassesExecutor.access$000(JUnitPlatformTestClassProcessor.java:90)
	at org.gradle.api.internal.tasks.testing.junitplatform.JUnitPlatformTestClassProcessor.stop(JUnitPlatformTestClassProcessor.java:85)
	at org.gradle.api.internal.tasks.testing.SuiteTestClassProcessor.stop(SuiteTestClassProcessor.java:62)
	at java.base@17.0.7/jdk.internal.reflect.NativeMethodAccessorImpl.invoke0(Native Method)
	at java.base@17.0.7/jdk.internal.reflect.NativeMethodAccessorImpl.invoke(NativeMethodAccessorImpl.java:77)
	at java.base@17.0.7/jdk.internal.reflect.DelegatingMethodAccessorImpl.invoke(DelegatingMethodAccessorImpl.java:43)
	at java.base@17.0.7/java.lang.reflect.Method.invoke(Method.java:568)
	at org.gradle.internal.dispatch.ReflectionDispatch.dispatch(ReflectionDispatch.java:36)
	at org.gradle.internal.dispatch.ReflectionDispatch.dispatch(ReflectionDispatch.java:24)
	at org.gradle.internal.dispatch.ContextClassLoaderDispatch.dispatch(ContextClassLoaderDispatch.java:33)
	at org.gradle.internal.dispatch.ProxyDispatchAdapter$DispatchingInvocationHandler.invoke(ProxyDispatchAdapter.java:94)
	at jdk.proxy2/jdk.proxy2.$Proxy5.stop(Unknown Source)
	at org.gradle.api.internal.tasks.testing.worker.TestWorker$3.run(TestWorker.java:193)
	at org.gradle.api.internal.tasks.testing.worker.TestWorker.executeAndMaintainThreadName(TestWorker.java:129)
	at org.gradle.api.internal.tasks.testing.worker.TestWorker.execute(TestWorker.java:100)
	at org.gradle.api.internal.tasks.testing.worker.TestWorker.execute(TestWorker.java:60)
	at org.gradle.process.internal.worker.child.ActionExecutionWorker.execute(ActionExecutionWorker.java:56)
	at org.gradle.process.internal.worker.child.SystemApplicationClassLoaderWorker.call(SystemApplicationClassLoaderWorker.java:113)
	at org.gradle.process.internal.worker.child.SystemApplicationClassLoaderWorker.call(SystemApplicationClassLoaderWorker.java:65)
	at app//worker.org.gradle.process.internal.worker.GradleWorkerMain.run(GradleWorkerMain.java:69)
	at app//worker.org.gradle.process.internal.worker.GradleWorkerMain.main(GradleWorkerMain.java:74)
</failure>
  </testcase>
  <testcase name="testAtOperator_8()" classname="de.uka.ilkd.key.parser.TestTermParserHeap" time="0.008">
    <failure message="de.uka.ilkd.key.logic.TermCreationException: Given operator is null." type="de.uka.ilkd.key.logic.TermCreationException">de.uka.ilkd.key.logic.TermCreationException: Given operator is null.
	at app//de.uka.ilkd.key.logic.TermFactory.createTerm(TermFactory.java:57)
	at app//de.uka.ilkd.key.logic.TermFactory.createTerm(TermFactory.java:76)
	at app//de.uka.ilkd.key.logic.TermFactory.createTerm(TermFactory.java:81)
	at app//de.uka.ilkd.key.parser.TestTermParserHeap.getSelectTerm(TestTermParserHeap.java:48)
	at app//de.uka.ilkd.key.parser.TestTermParserHeap.testAtOperator_8(TestTermParserHeap.java:181)
	at java.base@17.0.7/jdk.internal.reflect.NativeMethodAccessorImpl.invoke0(Native Method)
	at java.base@17.0.7/jdk.internal.reflect.NativeMethodAccessorImpl.invoke(NativeMethodAccessorImpl.java:77)
	at java.base@17.0.7/jdk.internal.reflect.DelegatingMethodAccessorImpl.invoke(DelegatingMethodAccessorImpl.java:43)
	at java.base@17.0.7/java.lang.reflect.Method.invoke(Method.java:568)
	at app//org.junit.platform.commons.util.ReflectionUtils.invokeMethod(ReflectionUtils.java:727)
	at app//org.junit.jupiter.engine.execution.MethodInvocation.proceed(MethodInvocation.java:60)
	at app//org.junit.jupiter.engine.execution.InvocationInterceptorChain$ValidatingInvocation.proceed(InvocationInterceptorChain.java:131)
	at app//org.junit.jupiter.engine.extension.TimeoutExtension.intercept(TimeoutExtension.java:156)
	at app//org.junit.jupiter.engine.extension.TimeoutExtension.interceptTestableMethod(TimeoutExtension.java:147)
	at app//org.junit.jupiter.engine.extension.TimeoutExtension.interceptTestMethod(TimeoutExtension.java:86)
	at app//org.junit.jupiter.engine.execution.InterceptingExecutableInvoker$ReflectiveInterceptorCall.lambda$ofVoidMethod$0(InterceptingExecutableInvoker.java:103)
	at app//org.junit.jupiter.engine.execution.InterceptingExecutableInvoker.lambda$invoke$0(InterceptingExecutableInvoker.java:93)
	at app//org.junit.jupiter.engine.execution.InvocationInterceptorChain$InterceptedInvocation.proceed(InvocationInterceptorChain.java:106)
	at app//org.junit.jupiter.engine.execution.InvocationInterceptorChain.proceed(InvocationInterceptorChain.java:64)
	at app//org.junit.jupiter.engine.execution.InvocationInterceptorChain.chainAndInvoke(InvocationInterceptorChain.java:45)
	at app//org.junit.jupiter.engine.execution.InvocationInterceptorChain.invoke(InvocationInterceptorChain.java:37)
	at app//org.junit.jupiter.engine.execution.InterceptingExecutableInvoker.invoke(InterceptingExecutableInvoker.java:92)
	at app//org.junit.jupiter.engine.execution.InterceptingExecutableInvoker.invoke(InterceptingExecutableInvoker.java:86)
	at app//org.junit.jupiter.engine.descriptor.TestMethodTestDescriptor.lambda$invokeTestMethod$7(TestMethodTestDescriptor.java:217)
	at app//org.junit.platform.engine.support.hierarchical.ThrowableCollector.execute(ThrowableCollector.java:73)
	at app//org.junit.jupiter.engine.descriptor.TestMethodTestDescriptor.invokeTestMethod(TestMethodTestDescriptor.java:213)
	at app//org.junit.jupiter.engine.descriptor.TestMethodTestDescriptor.execute(TestMethodTestDescriptor.java:138)
	at app//org.junit.jupiter.engine.descriptor.TestMethodTestDescriptor.execute(TestMethodTestDescriptor.java:68)
	at app//org.junit.platform.engine.support.hierarchical.NodeTestTask.lambda$executeRecursively$6(NodeTestTask.java:151)
	at app//org.junit.platform.engine.support.hierarchical.ThrowableCollector.execute(ThrowableCollector.java:73)
	at app//org.junit.platform.engine.support.hierarchical.NodeTestTask.lambda$executeRecursively$8(NodeTestTask.java:141)
	at app//org.junit.platform.engine.support.hierarchical.Node.around(Node.java:137)
	at app//org.junit.platform.engine.support.hierarchical.NodeTestTask.lambda$executeRecursively$9(NodeTestTask.java:139)
	at app//org.junit.platform.engine.support.hierarchical.ThrowableCollector.execute(ThrowableCollector.java:73)
	at app//org.junit.platform.engine.support.hierarchical.NodeTestTask.executeRecursively(NodeTestTask.java:138)
	at app//org.junit.platform.engine.support.hierarchical.NodeTestTask.execute(NodeTestTask.java:95)
	at java.base@17.0.7/java.util.ArrayList.forEach(ArrayList.java:1511)
	at app//org.junit.platform.engine.support.hierarchical.SameThreadHierarchicalTestExecutorService.invokeAll(SameThreadHierarchicalTestExecutorService.java:41)
	at app//org.junit.platform.engine.support.hierarchical.NodeTestTask.lambda$executeRecursively$6(NodeTestTask.java:155)
	at app//org.junit.platform.engine.support.hierarchical.ThrowableCollector.execute(ThrowableCollector.java:73)
	at app//org.junit.platform.engine.support.hierarchical.NodeTestTask.lambda$executeRecursively$8(NodeTestTask.java:141)
	at app//org.junit.platform.engine.support.hierarchical.Node.around(Node.java:137)
	at app//org.junit.platform.engine.support.hierarchical.NodeTestTask.lambda$executeRecursively$9(NodeTestTask.java:139)
	at app//org.junit.platform.engine.support.hierarchical.ThrowableCollector.execute(ThrowableCollector.java:73)
	at app//org.junit.platform.engine.support.hierarchical.NodeTestTask.executeRecursively(NodeTestTask.java:138)
	at app//org.junit.platform.engine.support.hierarchical.NodeTestTask.execute(NodeTestTask.java:95)
	at java.base@17.0.7/java.util.ArrayList.forEach(ArrayList.java:1511)
	at app//org.junit.platform.engine.support.hierarchical.SameThreadHierarchicalTestExecutorService.invokeAll(SameThreadHierarchicalTestExecutorService.java:41)
	at app//org.junit.platform.engine.support.hierarchical.NodeTestTask.lambda$executeRecursively$6(NodeTestTask.java:155)
	at app//org.junit.platform.engine.support.hierarchical.ThrowableCollector.execute(ThrowableCollector.java:73)
	at app//org.junit.platform.engine.support.hierarchical.NodeTestTask.lambda$executeRecursively$8(NodeTestTask.java:141)
	at app//org.junit.platform.engine.support.hierarchical.Node.around(Node.java:137)
	at app//org.junit.platform.engine.support.hierarchical.NodeTestTask.lambda$executeRecursively$9(NodeTestTask.java:139)
	at app//org.junit.platform.engine.support.hierarchical.ThrowableCollector.execute(ThrowableCollector.java:73)
	at app//org.junit.platform.engine.support.hierarchical.NodeTestTask.executeRecursively(NodeTestTask.java:138)
	at app//org.junit.platform.engine.support.hierarchical.NodeTestTask.execute(NodeTestTask.java:95)
	at app//org.junit.platform.engine.support.hierarchical.SameThreadHierarchicalTestExecutorService.submit(SameThreadHierarchicalTestExecutorService.java:35)
	at app//org.junit.platform.engine.support.hierarchical.HierarchicalTestExecutor.execute(HierarchicalTestExecutor.java:57)
	at app//org.junit.platform.engine.support.hierarchical.HierarchicalTestEngine.execute(HierarchicalTestEngine.java:54)
	at app//org.junit.platform.launcher.core.EngineExecutionOrchestrator.execute(EngineExecutionOrchestrator.java:107)
	at app//org.junit.platform.launcher.core.EngineExecutionOrchestrator.execute(EngineExecutionOrchestrator.java:88)
	at app//org.junit.platform.launcher.core.EngineExecutionOrchestrator.lambda$execute$0(EngineExecutionOrchestrator.java:54)
	at app//org.junit.platform.launcher.core.EngineExecutionOrchestrator.withInterceptedStreams(EngineExecutionOrchestrator.java:67)
	at app//org.junit.platform.launcher.core.EngineExecutionOrchestrator.execute(EngineExecutionOrchestrator.java:52)
	at app//org.junit.platform.launcher.core.DefaultLauncher.execute(DefaultLauncher.java:114)
	at app//org.junit.platform.launcher.core.DefaultLauncher.execute(DefaultLauncher.java:86)
	at app//org.junit.platform.launcher.core.DefaultLauncherSession$DelegatingLauncher.execute(DefaultLauncherSession.java:86)
	at org.gradle.api.internal.tasks.testing.junitplatform.JUnitPlatformTestClassProcessor$CollectAllTestClassesExecutor.processAllTestClasses(JUnitPlatformTestClassProcessor.java:110)
	at org.gradle.api.internal.tasks.testing.junitplatform.JUnitPlatformTestClassProcessor$CollectAllTestClassesExecutor.access$000(JUnitPlatformTestClassProcessor.java:90)
	at org.gradle.api.internal.tasks.testing.junitplatform.JUnitPlatformTestClassProcessor.stop(JUnitPlatformTestClassProcessor.java:85)
	at org.gradle.api.internal.tasks.testing.SuiteTestClassProcessor.stop(SuiteTestClassProcessor.java:62)
	at java.base@17.0.7/jdk.internal.reflect.NativeMethodAccessorImpl.invoke0(Native Method)
	at java.base@17.0.7/jdk.internal.reflect.NativeMethodAccessorImpl.invoke(NativeMethodAccessorImpl.java:77)
	at java.base@17.0.7/jdk.internal.reflect.DelegatingMethodAccessorImpl.invoke(DelegatingMethodAccessorImpl.java:43)
	at java.base@17.0.7/java.lang.reflect.Method.invoke(Method.java:568)
	at org.gradle.internal.dispatch.ReflectionDispatch.dispatch(ReflectionDispatch.java:36)
	at org.gradle.internal.dispatch.ReflectionDispatch.dispatch(ReflectionDispatch.java:24)
	at org.gradle.internal.dispatch.ContextClassLoaderDispatch.dispatch(ContextClassLoaderDispatch.java:33)
	at org.gradle.internal.dispatch.ProxyDispatchAdapter$DispatchingInvocationHandler.invoke(ProxyDispatchAdapter.java:94)
	at jdk.proxy2/jdk.proxy2.$Proxy5.stop(Unknown Source)
	at org.gradle.api.internal.tasks.testing.worker.TestWorker$3.run(TestWorker.java:193)
	at org.gradle.api.internal.tasks.testing.worker.TestWorker.executeAndMaintainThreadName(TestWorker.java:129)
	at org.gradle.api.internal.tasks.testing.worker.TestWorker.execute(TestWorker.java:100)
	at org.gradle.api.internal.tasks.testing.worker.TestWorker.execute(TestWorker.java:60)
	at org.gradle.process.internal.worker.child.ActionExecutionWorker.execute(ActionExecutionWorker.java:56)
	at org.gradle.process.internal.worker.child.SystemApplicationClassLoaderWorker.call(SystemApplicationClassLoaderWorker.java:113)
	at org.gradle.process.internal.worker.child.SystemApplicationClassLoaderWorker.call(SystemApplicationClassLoaderWorker.java:65)
	at app//worker.org.gradle.process.internal.worker.GradleWorkerMain.run(GradleWorkerMain.java:69)
	at app//worker.org.gradle.process.internal.worker.GradleWorkerMain.main(GradleWorkerMain.java:74)
</failure>
  </testcase>
  <testcase name="testVerifyExceptionIfAtOperatorNotPreceededBySelectTerm()" classname="de.uka.ilkd.key.parser.TestTermParserHeap" time="0.008"/>
  <testcase name="testBugResettingCounter()" classname="de.uka.ilkd.key.parser.TestTermParserHeap" time="0.014">
    <failure message="Unknown java attribute: f at &lt;unknown&gt;:1:7 (&lt;unknown&gt;:1:7)" type="de.uka.ilkd.key.util.parsing.BuildingException">Unknown java attribute: f at &lt;unknown&gt;:1:7 (&lt;unknown&gt;:1:7)
	at app//de.uka.ilkd.key.nparser.builder.AbstractBuilder.semanticError(AbstractBuilder.java:179)
	at app//de.uka.ilkd.key.nparser.builder.ExpressionBuilder.visitAccesstermAsJava(ExpressionBuilder.java:1261)
	at app//de.uka.ilkd.key.nparser.builder.ExpressionBuilder.visitAccessterm(ExpressionBuilder.java:1404)
	at app//de.uka.ilkd.key.nparser.builder.ExpressionBuilder.visitAccessterm(ExpressionBuilder.java:49)
	at app//de.uka.ilkd.key.nparser.KeYParser$AccesstermContext.accept(KeYParser.java:6174)
	at app//org.antlr.v4.runtime.tree.AbstractParseTreeVisitor.visitChildren(AbstractParseTreeVisitor.java:46)
	at app//de.uka.ilkd.key.nparser.KeYParserBaseVisitor.visitPrimitive_term(KeYParserBaseVisitor.java:542)
	at app//de.uka.ilkd.key.nparser.KeYParser$Primitive_termContext.accept(KeYParser.java:6074)
	at app//de.uka.ilkd.key.nparser.builder.AbstractBuilder.accept(AbstractBuilder.java:48)
	at app//de.uka.ilkd.key.nparser.builder.DefaultBuilder.accept(DefaultBuilder.java:35)
	at app//de.uka.ilkd.key.nparser.builder.ExpressionBuilder.visitPrimitive_labeled_term(ExpressionBuilder.java:877)
	at app//de.uka.ilkd.key.nparser.KeYParser$Primitive_labeled_termContext.accept(KeYParser.java:5877)
	at app//de.uka.ilkd.key.nparser.builder.AbstractBuilder.accept(AbstractBuilder.java:48)
	at app//de.uka.ilkd.key.nparser.builder.DefaultBuilder.accept(DefaultBuilder.java:35)
	at app//de.uka.ilkd.key.nparser.builder.ExpressionBuilder.visitBracket_term(ExpressionBuilder.java:403)
	at app//de.uka.ilkd.key.nparser.KeYParser$Bracket_termContext.accept(KeYParser.java:5527)
	at app//org.antlr.v4.runtime.tree.AbstractParseTreeVisitor.visitChildren(AbstractParseTreeVisitor.java:46)
	at app//de.uka.ilkd.key.nparser.KeYParserBaseVisitor.visitAtom_prefix(KeYParserBaseVisitor.java:472)
	at app//de.uka.ilkd.key.nparser.KeYParser$Atom_prefixContext.accept(KeYParser.java:5429)
	at app//de.uka.ilkd.key.nparser.builder.AbstractBuilder.accept(AbstractBuilder.java:48)
	at app//de.uka.ilkd.key.nparser.builder.DefaultBuilder.accept(DefaultBuilder.java:35)
	at app//de.uka.ilkd.key.nparser.builder.ExpressionBuilder.visitStrong_arith_term_2(ExpressionBuilder.java:382)
	at app//de.uka.ilkd.key.nparser.KeYParser$Strong_arith_term_2Context.accept(KeYParser.java:5035)
	at app//de.uka.ilkd.key.nparser.builder.AbstractBuilder.accept(AbstractBuilder.java:48)
	at app//de.uka.ilkd.key.nparser.builder.DefaultBuilder.accept(DefaultBuilder.java:35)
	at app//de.uka.ilkd.key.nparser.builder.ExpressionBuilder.visitStrong_arith_term_1(ExpressionBuilder.java:368)
	at app//de.uka.ilkd.key.nparser.KeYParser$Strong_arith_term_1Context.accept(KeYParser.java:4963)
	at app//de.uka.ilkd.key.nparser.builder.AbstractBuilder.accept(AbstractBuilder.java:48)
	at app//de.uka.ilkd.key.nparser.builder.DefaultBuilder.accept(DefaultBuilder.java:35)
	at app//de.uka.ilkd.key.nparser.builder.ExpressionBuilder.visitWeak_arith_term(ExpressionBuilder.java:331)
	at app//de.uka.ilkd.key.nparser.KeYParser$Weak_arith_termContext.accept(KeYParser.java:4877)
	at app//de.uka.ilkd.key.nparser.builder.AbstractBuilder.accept(AbstractBuilder.java:48)
	at app//de.uka.ilkd.key.nparser.builder.DefaultBuilder.accept(DefaultBuilder.java:35)
	at app//de.uka.ilkd.key.nparser.builder.ExpressionBuilder.visitComparison_term(ExpressionBuilder.java:305)
	at app//de.uka.ilkd.key.nparser.KeYParser$Comparison_termContext.accept(KeYParser.java:4793)
	at app//de.uka.ilkd.key.nparser.builder.AbstractBuilder.accept(AbstractBuilder.java:48)
	at app//de.uka.ilkd.key.nparser.builder.DefaultBuilder.accept(DefaultBuilder.java:35)
	at app//de.uka.ilkd.key.nparser.builder.ExpressionBuilder.visitEquality_term(ExpressionBuilder.java:295)
	at app//de.uka.ilkd.key.nparser.builder.ExpressionBuilder.visitEquality_term(ExpressionBuilder.java:49)
	at app//de.uka.ilkd.key.nparser.KeYParser$Equality_termContext.accept(KeYParser.java:4718)
	at app//org.antlr.v4.runtime.tree.AbstractParseTreeVisitor.visitChildren(AbstractParseTreeVisitor.java:46)
	at app//de.uka.ilkd.key.nparser.KeYParserBaseVisitor.visitTerm60(KeYParserBaseVisitor.java:381)
	at app//de.uka.ilkd.key.nparser.KeYParser$Term60Context.accept(KeYParser.java:4485)
	at app//de.uka.ilkd.key.nparser.builder.AbstractBuilder.accept(AbstractBuilder.java:48)
	at app//de.uka.ilkd.key.nparser.builder.DefaultBuilder.accept(DefaultBuilder.java:35)
	at app//de.uka.ilkd.key.nparser.builder.ExpressionBuilder.visitConjunction_term(ExpressionBuilder.java:238)
	at app//de.uka.ilkd.key.nparser.builder.ExpressionBuilder.visitConjunction_term(ExpressionBuilder.java:49)
	at app//de.uka.ilkd.key.nparser.KeYParser$Conjunction_termContext.accept(KeYParser.java:4419)
	at app//de.uka.ilkd.key.nparser.builder.AbstractBuilder.accept(AbstractBuilder.java:48)
	at app//de.uka.ilkd.key.nparser.builder.DefaultBuilder.accept(DefaultBuilder.java:35)
	at app//de.uka.ilkd.key.nparser.builder.ExpressionBuilder.visitDisjunction_term(ExpressionBuilder.java:229)
	at app//de.uka.ilkd.key.nparser.builder.ExpressionBuilder.visitDisjunction_term(ExpressionBuilder.java:49)
	at app//de.uka.ilkd.key.nparser.KeYParser$Disjunction_termContext.accept(KeYParser.java:4346)
	at app//de.uka.ilkd.key.nparser.builder.AbstractBuilder.accept(AbstractBuilder.java:48)
	at app//de.uka.ilkd.key.nparser.builder.DefaultBuilder.accept(DefaultBuilder.java:35)
	at app//de.uka.ilkd.key.nparser.builder.ExpressionBuilder.visitImplication_term(ExpressionBuilder.java:222)
	at app//de.uka.ilkd.key.nparser.builder.ExpressionBuilder.visitImplication_term(ExpressionBuilder.java:49)
	at app//de.uka.ilkd.key.nparser.KeYParser$Implication_termContext.accept(KeYParser.java:4278)
	at app//de.uka.ilkd.key.nparser.builder.AbstractBuilder.accept(AbstractBuilder.java:48)
	at app//de.uka.ilkd.key.nparser.builder.DefaultBuilder.accept(DefaultBuilder.java:35)
	at app//de.uka.ilkd.key.nparser.builder.ExpressionBuilder.visitEquivalence_term(ExpressionBuilder.java:198)
	at app//de.uka.ilkd.key.nparser.builder.ExpressionBuilder.visitEquivalence_term(ExpressionBuilder.java:49)
	at app//de.uka.ilkd.key.nparser.KeYParser$Equivalence_termContext.accept(KeYParser.java:4209)
	at app//de.uka.ilkd.key.nparser.builder.AbstractBuilder.accept(AbstractBuilder.java:48)
	at app//de.uka.ilkd.key.nparser.builder.DefaultBuilder.accept(DefaultBuilder.java:35)
	at app//de.uka.ilkd.key.nparser.builder.ExpressionBuilder.visitElementary_update_term(ExpressionBuilder.java:188)
	at app//de.uka.ilkd.key.nparser.builder.ExpressionBuilder.visitElementary_update_term(ExpressionBuilder.java:49)
	at app//de.uka.ilkd.key.nparser.KeYParser$Elementary_update_termContext.accept(KeYParser.java:4142)
	at app//de.uka.ilkd.key.nparser.builder.AbstractBuilder.lambda$mapOf$0(AbstractBuilder.java:124)
	at java.base@17.0.7/java.util.stream.ReferencePipeline$3$1.accept(ReferencePipeline.java:197)
	at java.base@17.0.7/java.util.ArrayList$ArrayListSpliterator.forEachRemaining(ArrayList.java:1625)
	at java.base@17.0.7/java.util.stream.AbstractPipeline.copyInto(AbstractPipeline.java:509)
	at java.base@17.0.7/java.util.stream.AbstractPipeline.wrapAndCopyInto(AbstractPipeline.java:499)
	at java.base@17.0.7/java.util.stream.ReduceOps$ReduceOp.evaluateSequential(ReduceOps.java:921)
	at java.base@17.0.7/java.util.stream.AbstractPipeline.evaluate(AbstractPipeline.java:234)
	at java.base@17.0.7/java.util.stream.ReferencePipeline.collect(ReferencePipeline.java:682)
	at app//de.uka.ilkd.key.nparser.builder.AbstractBuilder.mapOf(AbstractBuilder.java:124)
	at app//de.uka.ilkd.key.nparser.builder.ExpressionBuilder.visitParallel_term(ExpressionBuilder.java:173)
	at app//de.uka.ilkd.key.nparser.builder.ExpressionBuilder.visitParallel_term(ExpressionBuilder.java:49)
	at app//de.uka.ilkd.key.nparser.KeYParser$Parallel_termContext.accept(KeYParser.java:4074)
	at app//org.antlr.v4.runtime.tree.AbstractParseTreeVisitor.visitChildren(AbstractParseTreeVisitor.java:46)
	at app//de.uka.ilkd.key.nparser.KeYParserBaseVisitor.visitTerm(KeYParserBaseVisitor.java:332)
	at app//de.uka.ilkd.key.nparser.KeYParser$TermContext.accept(KeYParser.java:4020)
	at app//de.uka.ilkd.key.nparser.KeyAst.accept(KeyAst.java:43)
	at app//de.uka.ilkd.key.nparser.KeyIO.parseExpression(KeyIO.java:96)
	at app//de.uka.ilkd.key.nparser.KeyIO.parseExpression(KeyIO.java:79)
	at app//de.uka.ilkd.key.parser.AbstractTestTermParser.parseTerm(AbstractTestTermParser.java:74)
	at app//de.uka.ilkd.key.parser.AbstractTestTermParser.verifyParsing(AbstractTestTermParser.java:120)
	at app//de.uka.ilkd.key.parser.AbstractTestTermParser.compareStringRepresentationAgainstTermRepresentation(AbstractTestTermParser.java:159)
	at app//de.uka.ilkd.key.parser.AbstractTestTermParser.comparePrettySyntaxAgainstVerboseSyntax(AbstractTestTermParser.java:142)
	at app//de.uka.ilkd.key.parser.TestTermParserHeap.testBugResettingCounter(TestTermParserHeap.java:191)
	at java.base@17.0.7/jdk.internal.reflect.NativeMethodAccessorImpl.invoke0(Native Method)
	at java.base@17.0.7/jdk.internal.reflect.NativeMethodAccessorImpl.invoke(NativeMethodAccessorImpl.java:77)
	at java.base@17.0.7/jdk.internal.reflect.DelegatingMethodAccessorImpl.invoke(DelegatingMethodAccessorImpl.java:43)
	at java.base@17.0.7/java.lang.reflect.Method.invoke(Method.java:568)
	at app//org.junit.platform.commons.util.ReflectionUtils.invokeMethod(ReflectionUtils.java:727)
	at app//org.junit.jupiter.engine.execution.MethodInvocation.proceed(MethodInvocation.java:60)
	at app//org.junit.jupiter.engine.execution.InvocationInterceptorChain$ValidatingInvocation.proceed(InvocationInterceptorChain.java:131)
	at app//org.junit.jupiter.engine.extension.TimeoutExtension.intercept(TimeoutExtension.java:156)
	at app//org.junit.jupiter.engine.extension.TimeoutExtension.interceptTestableMethod(TimeoutExtension.java:147)
	at app//org.junit.jupiter.engine.extension.TimeoutExtension.interceptTestMethod(TimeoutExtension.java:86)
	at app//org.junit.jupiter.engine.execution.InterceptingExecutableInvoker$ReflectiveInterceptorCall.lambda$ofVoidMethod$0(InterceptingExecutableInvoker.java:103)
	at app//org.junit.jupiter.engine.execution.InterceptingExecutableInvoker.lambda$invoke$0(InterceptingExecutableInvoker.java:93)
	at app//org.junit.jupiter.engine.execution.InvocationInterceptorChain$InterceptedInvocation.proceed(InvocationInterceptorChain.java:106)
	at app//org.junit.jupiter.engine.execution.InvocationInterceptorChain.proceed(InvocationInterceptorChain.java:64)
	at app//org.junit.jupiter.engine.execution.InvocationInterceptorChain.chainAndInvoke(InvocationInterceptorChain.java:45)
	at app//org.junit.jupiter.engine.execution.InvocationInterceptorChain.invoke(InvocationInterceptorChain.java:37)
	at app//org.junit.jupiter.engine.execution.InterceptingExecutableInvoker.invoke(InterceptingExecutableInvoker.java:92)
	at app//org.junit.jupiter.engine.execution.InterceptingExecutableInvoker.invoke(InterceptingExecutableInvoker.java:86)
	at app//org.junit.jupiter.engine.descriptor.TestMethodTestDescriptor.lambda$invokeTestMethod$7(TestMethodTestDescriptor.java:217)
	at app//org.junit.platform.engine.support.hierarchical.ThrowableCollector.execute(ThrowableCollector.java:73)
	at app//org.junit.jupiter.engine.descriptor.TestMethodTestDescriptor.invokeTestMethod(TestMethodTestDescriptor.java:213)
	at app//org.junit.jupiter.engine.descriptor.TestMethodTestDescriptor.execute(TestMethodTestDescriptor.java:138)
	at app//org.junit.jupiter.engine.descriptor.TestMethodTestDescriptor.execute(TestMethodTestDescriptor.java:68)
	at app//org.junit.platform.engine.support.hierarchical.NodeTestTask.lambda$executeRecursively$6(NodeTestTask.java:151)
	at app//org.junit.platform.engine.support.hierarchical.ThrowableCollector.execute(ThrowableCollector.java:73)
	at app//org.junit.platform.engine.support.hierarchical.NodeTestTask.lambda$executeRecursively$8(NodeTestTask.java:141)
	at app//org.junit.platform.engine.support.hierarchical.Node.around(Node.java:137)
	at app//org.junit.platform.engine.support.hierarchical.NodeTestTask.lambda$executeRecursively$9(NodeTestTask.java:139)
	at app//org.junit.platform.engine.support.hierarchical.ThrowableCollector.execute(ThrowableCollector.java:73)
	at app//org.junit.platform.engine.support.hierarchical.NodeTestTask.executeRecursively(NodeTestTask.java:138)
	at app//org.junit.platform.engine.support.hierarchical.NodeTestTask.execute(NodeTestTask.java:95)
	at java.base@17.0.7/java.util.ArrayList.forEach(ArrayList.java:1511)
	at app//org.junit.platform.engine.support.hierarchical.SameThreadHierarchicalTestExecutorService.invokeAll(SameThreadHierarchicalTestExecutorService.java:41)
	at app//org.junit.platform.engine.support.hierarchical.NodeTestTask.lambda$executeRecursively$6(NodeTestTask.java:155)
	at app//org.junit.platform.engine.support.hierarchical.ThrowableCollector.execute(ThrowableCollector.java:73)
	at app//org.junit.platform.engine.support.hierarchical.NodeTestTask.lambda$executeRecursively$8(NodeTestTask.java:141)
	at app//org.junit.platform.engine.support.hierarchical.Node.around(Node.java:137)
	at app//org.junit.platform.engine.support.hierarchical.NodeTestTask.lambda$executeRecursively$9(NodeTestTask.java:139)
	at app//org.junit.platform.engine.support.hierarchical.ThrowableCollector.execute(ThrowableCollector.java:73)
	at app//org.junit.platform.engine.support.hierarchical.NodeTestTask.executeRecursively(NodeTestTask.java:138)
	at app//org.junit.platform.engine.support.hierarchical.NodeTestTask.execute(NodeTestTask.java:95)
	at java.base@17.0.7/java.util.ArrayList.forEach(ArrayList.java:1511)
	at app//org.junit.platform.engine.support.hierarchical.SameThreadHierarchicalTestExecutorService.invokeAll(SameThreadHierarchicalTestExecutorService.java:41)
	at app//org.junit.platform.engine.support.hierarchical.NodeTestTask.lambda$executeRecursively$6(NodeTestTask.java:155)
	at app//org.junit.platform.engine.support.hierarchical.ThrowableCollector.execute(ThrowableCollector.java:73)
	at app//org.junit.platform.engine.support.hierarchical.NodeTestTask.lambda$executeRecursively$8(NodeTestTask.java:141)
	at app//org.junit.platform.engine.support.hierarchical.Node.around(Node.java:137)
	at app//org.junit.platform.engine.support.hierarchical.NodeTestTask.lambda$executeRecursively$9(NodeTestTask.java:139)
	at app//org.junit.platform.engine.support.hierarchical.ThrowableCollector.execute(ThrowableCollector.java:73)
	at app//org.junit.platform.engine.support.hierarchical.NodeTestTask.executeRecursively(NodeTestTask.java:138)
	at app//org.junit.platform.engine.support.hierarchical.NodeTestTask.execute(NodeTestTask.java:95)
	at app//org.junit.platform.engine.support.hierarchical.SameThreadHierarchicalTestExecutorService.submit(SameThreadHierarchicalTestExecutorService.java:35)
	at app//org.junit.platform.engine.support.hierarchical.HierarchicalTestExecutor.execute(HierarchicalTestExecutor.java:57)
	at app//org.junit.platform.engine.support.hierarchical.HierarchicalTestEngine.execute(HierarchicalTestEngine.java:54)
	at app//org.junit.platform.launcher.core.EngineExecutionOrchestrator.execute(EngineExecutionOrchestrator.java:107)
	at app//org.junit.platform.launcher.core.EngineExecutionOrchestrator.execute(EngineExecutionOrchestrator.java:88)
	at app//org.junit.platform.launcher.core.EngineExecutionOrchestrator.lambda$execute$0(EngineExecutionOrchestrator.java:54)
	at app//org.junit.platform.launcher.core.EngineExecutionOrchestrator.withInterceptedStreams(EngineExecutionOrchestrator.java:67)
	at app//org.junit.platform.launcher.core.EngineExecutionOrchestrator.execute(EngineExecutionOrchestrator.java:52)
	at app//org.junit.platform.launcher.core.DefaultLauncher.execute(DefaultLauncher.java:114)
	at app//org.junit.platform.launcher.core.DefaultLauncher.execute(DefaultLauncher.java:86)
	at app//org.junit.platform.launcher.core.DefaultLauncherSession$DelegatingLauncher.execute(DefaultLauncherSession.java:86)
	at org.gradle.api.internal.tasks.testing.junitplatform.JUnitPlatformTestClassProcessor$CollectAllTestClassesExecutor.processAllTestClasses(JUnitPlatformTestClassProcessor.java:110)
	at org.gradle.api.internal.tasks.testing.junitplatform.JUnitPlatformTestClassProcessor$CollectAllTestClassesExecutor.access$000(JUnitPlatformTestClassProcessor.java:90)
	at org.gradle.api.internal.tasks.testing.junitplatform.JUnitPlatformTestClassProcessor.stop(JUnitPlatformTestClassProcessor.java:85)
	at org.gradle.api.internal.tasks.testing.SuiteTestClassProcessor.stop(SuiteTestClassProcessor.java:62)
	at java.base@17.0.7/jdk.internal.reflect.NativeMethodAccessorImpl.invoke0(Native Method)
	at java.base@17.0.7/jdk.internal.reflect.NativeMethodAccessorImpl.invoke(NativeMethodAccessorImpl.java:77)
	at java.base@17.0.7/jdk.internal.reflect.DelegatingMethodAccessorImpl.invoke(DelegatingMethodAccessorImpl.java:43)
	at java.base@17.0.7/java.lang.reflect.Method.invoke(Method.java:568)
	at org.gradle.internal.dispatch.ReflectionDispatch.dispatch(ReflectionDispatch.java:36)
	at org.gradle.internal.dispatch.ReflectionDispatch.dispatch(ReflectionDispatch.java:24)
	at org.gradle.internal.dispatch.ContextClassLoaderDispatch.dispatch(ContextClassLoaderDispatch.java:33)
	at org.gradle.internal.dispatch.ProxyDispatchAdapter$DispatchingInvocationHandler.invoke(ProxyDispatchAdapter.java:94)
	at jdk.proxy2/jdk.proxy2.$Proxy5.stop(Unknown Source)
	at org.gradle.api.internal.tasks.testing.worker.TestWorker$3.run(TestWorker.java:193)
	at org.gradle.api.internal.tasks.testing.worker.TestWorker.executeAndMaintainThreadName(TestWorker.java:129)
	at org.gradle.api.internal.tasks.testing.worker.TestWorker.execute(TestWorker.java:100)
	at org.gradle.api.internal.tasks.testing.worker.TestWorker.execute(TestWorker.java:60)
	at org.gradle.process.internal.worker.child.ActionExecutionWorker.execute(ActionExecutionWorker.java:56)
	at org.gradle.process.internal.worker.child.SystemApplicationClassLoaderWorker.call(SystemApplicationClassLoaderWorker.java:113)
	at org.gradle.process.internal.worker.child.SystemApplicationClassLoaderWorker.call(SystemApplicationClassLoaderWorker.java:65)
	at app//worker.org.gradle.process.internal.worker.GradleWorkerMain.run(GradleWorkerMain.java:69)
	at app//worker.org.gradle.process.internal.worker.GradleWorkerMain.main(GradleWorkerMain.java:74)
</failure>
  </testcase>
  <testcase name="testLocationSets()" classname="de.uka.ilkd.key.parser.TestTermParserHeap" time="0.027"/>
  <testcase name="testQuantifiedSelect()" classname="de.uka.ilkd.key.parser.TestTermParserHeap" time="0.013"/>
  <testcase name="testGenericObjectProperties()" classname="de.uka.ilkd.key.parser.TestTermParserHeap" time="0.012">
    <failure message="There is no attribute '&lt;created&gt;' declared in type 'testTermParserHeap.A' and no logical variable of that name. at  ()" type="de.uka.ilkd.key.util.parsing.BuildingException">There is no attribute '&lt;created&gt;' declared in type 'testTermParserHeap.A' and no logical variable of that name. at  ()
	at app//de.uka.ilkd.key.nparser.builder.AbstractBuilder.semanticError(AbstractBuilder.java:179)
	at app//de.uka.ilkd.key.nparser.builder.ExpressionBuilder.getAttributeInPrefixSort(ExpressionBuilder.java:672)
	at app//de.uka.ilkd.key.nparser.builder.ExpressionBuilder.handleAttributes(ExpressionBuilder.java:1344)
	at app//de.uka.ilkd.key.nparser.builder.ExpressionBuilder.visitAccessterm(ExpressionBuilder.java:1483)
	at app//de.uka.ilkd.key.nparser.builder.ExpressionBuilder.visitAccessterm(ExpressionBuilder.java:49)
	at app//de.uka.ilkd.key.nparser.KeYParser$AccesstermContext.accept(KeYParser.java:6174)
	at app//org.antlr.v4.runtime.tree.AbstractParseTreeVisitor.visitChildren(AbstractParseTreeVisitor.java:46)
	at app//de.uka.ilkd.key.nparser.KeYParserBaseVisitor.visitPrimitive_term(KeYParserBaseVisitor.java:542)
	at app//de.uka.ilkd.key.nparser.KeYParser$Primitive_termContext.accept(KeYParser.java:6074)
	at app//de.uka.ilkd.key.nparser.builder.AbstractBuilder.accept(AbstractBuilder.java:48)
	at app//de.uka.ilkd.key.nparser.builder.DefaultBuilder.accept(DefaultBuilder.java:35)
	at app//de.uka.ilkd.key.nparser.builder.ExpressionBuilder.visitPrimitive_labeled_term(ExpressionBuilder.java:877)
	at app//de.uka.ilkd.key.nparser.KeYParser$Primitive_labeled_termContext.accept(KeYParser.java:5877)
	at app//de.uka.ilkd.key.nparser.builder.AbstractBuilder.accept(AbstractBuilder.java:48)
	at app//de.uka.ilkd.key.nparser.builder.DefaultBuilder.accept(DefaultBuilder.java:35)
	at app//de.uka.ilkd.key.nparser.builder.ExpressionBuilder.visitBracket_term(ExpressionBuilder.java:403)
	at app//de.uka.ilkd.key.nparser.KeYParser$Bracket_termContext.accept(KeYParser.java:5527)
	at app//org.antlr.v4.runtime.tree.AbstractParseTreeVisitor.visitChildren(AbstractParseTreeVisitor.java:46)
	at app//de.uka.ilkd.key.nparser.KeYParserBaseVisitor.visitAtom_prefix(KeYParserBaseVisitor.java:472)
	at app//de.uka.ilkd.key.nparser.KeYParser$Atom_prefixContext.accept(KeYParser.java:5429)
	at app//de.uka.ilkd.key.nparser.builder.AbstractBuilder.accept(AbstractBuilder.java:48)
	at app//de.uka.ilkd.key.nparser.builder.DefaultBuilder.accept(DefaultBuilder.java:35)
	at app//de.uka.ilkd.key.nparser.builder.ExpressionBuilder.visitStrong_arith_term_2(ExpressionBuilder.java:382)
	at app//de.uka.ilkd.key.nparser.KeYParser$Strong_arith_term_2Context.accept(KeYParser.java:5035)
	at app//de.uka.ilkd.key.nparser.builder.AbstractBuilder.accept(AbstractBuilder.java:48)
	at app//de.uka.ilkd.key.nparser.builder.DefaultBuilder.accept(DefaultBuilder.java:35)
	at app//de.uka.ilkd.key.nparser.builder.ExpressionBuilder.visitStrong_arith_term_1(ExpressionBuilder.java:368)
	at app//de.uka.ilkd.key.nparser.KeYParser$Strong_arith_term_1Context.accept(KeYParser.java:4963)
	at app//de.uka.ilkd.key.nparser.builder.AbstractBuilder.accept(AbstractBuilder.java:48)
	at app//de.uka.ilkd.key.nparser.builder.DefaultBuilder.accept(DefaultBuilder.java:35)
	at app//de.uka.ilkd.key.nparser.builder.ExpressionBuilder.visitWeak_arith_term(ExpressionBuilder.java:331)
	at app//de.uka.ilkd.key.nparser.KeYParser$Weak_arith_termContext.accept(KeYParser.java:4877)
	at app//de.uka.ilkd.key.nparser.builder.AbstractBuilder.accept(AbstractBuilder.java:48)
	at app//de.uka.ilkd.key.nparser.builder.DefaultBuilder.accept(DefaultBuilder.java:35)
	at app//de.uka.ilkd.key.nparser.builder.ExpressionBuilder.visitComparison_term(ExpressionBuilder.java:305)
	at app//de.uka.ilkd.key.nparser.KeYParser$Comparison_termContext.accept(KeYParser.java:4793)
	at app//de.uka.ilkd.key.nparser.builder.AbstractBuilder.accept(AbstractBuilder.java:48)
	at app//de.uka.ilkd.key.nparser.builder.DefaultBuilder.accept(DefaultBuilder.java:35)
	at app//de.uka.ilkd.key.nparser.builder.ExpressionBuilder.visitEquality_term(ExpressionBuilder.java:294)
	at app//de.uka.ilkd.key.nparser.builder.ExpressionBuilder.visitEquality_term(ExpressionBuilder.java:49)
	at app//de.uka.ilkd.key.nparser.KeYParser$Equality_termContext.accept(KeYParser.java:4718)
	at app//org.antlr.v4.runtime.tree.AbstractParseTreeVisitor.visitChildren(AbstractParseTreeVisitor.java:46)
	at app//de.uka.ilkd.key.nparser.KeYParserBaseVisitor.visitTerm60(KeYParserBaseVisitor.java:381)
	at app//de.uka.ilkd.key.nparser.KeYParser$Term60Context.accept(KeYParser.java:4485)
	at app//de.uka.ilkd.key.nparser.builder.AbstractBuilder.accept(AbstractBuilder.java:48)
	at app//de.uka.ilkd.key.nparser.builder.DefaultBuilder.accept(DefaultBuilder.java:35)
	at app//de.uka.ilkd.key.nparser.builder.ExpressionBuilder.visitConjunction_term(ExpressionBuilder.java:238)
	at app//de.uka.ilkd.key.nparser.builder.ExpressionBuilder.visitConjunction_term(ExpressionBuilder.java:49)
	at app//de.uka.ilkd.key.nparser.KeYParser$Conjunction_termContext.accept(KeYParser.java:4419)
	at app//de.uka.ilkd.key.nparser.builder.AbstractBuilder.accept(AbstractBuilder.java:48)
	at app//de.uka.ilkd.key.nparser.builder.DefaultBuilder.accept(DefaultBuilder.java:35)
	at app//de.uka.ilkd.key.nparser.builder.ExpressionBuilder.visitDisjunction_term(ExpressionBuilder.java:229)
	at app//de.uka.ilkd.key.nparser.builder.ExpressionBuilder.visitDisjunction_term(ExpressionBuilder.java:49)
	at app//de.uka.ilkd.key.nparser.KeYParser$Disjunction_termContext.accept(KeYParser.java:4346)
	at app//de.uka.ilkd.key.nparser.builder.AbstractBuilder.accept(AbstractBuilder.java:48)
	at app//de.uka.ilkd.key.nparser.builder.DefaultBuilder.accept(DefaultBuilder.java:35)
	at app//de.uka.ilkd.key.nparser.builder.ExpressionBuilder.visitImplication_term(ExpressionBuilder.java:222)
	at app//de.uka.ilkd.key.nparser.builder.ExpressionBuilder.visitImplication_term(ExpressionBuilder.java:49)
	at app//de.uka.ilkd.key.nparser.KeYParser$Implication_termContext.accept(KeYParser.java:4278)
	at app//de.uka.ilkd.key.nparser.builder.AbstractBuilder.accept(AbstractBuilder.java:48)
	at app//de.uka.ilkd.key.nparser.builder.DefaultBuilder.accept(DefaultBuilder.java:35)
	at app//de.uka.ilkd.key.nparser.builder.ExpressionBuilder.visitEquivalence_term(ExpressionBuilder.java:198)
	at app//de.uka.ilkd.key.nparser.builder.ExpressionBuilder.visitEquivalence_term(ExpressionBuilder.java:49)
	at app//de.uka.ilkd.key.nparser.KeYParser$Equivalence_termContext.accept(KeYParser.java:4209)
	at app//de.uka.ilkd.key.nparser.builder.AbstractBuilder.accept(AbstractBuilder.java:48)
	at app//de.uka.ilkd.key.nparser.builder.DefaultBuilder.accept(DefaultBuilder.java:35)
	at app//de.uka.ilkd.key.nparser.builder.ExpressionBuilder.visitElementary_update_term(ExpressionBuilder.java:188)
	at app//de.uka.ilkd.key.nparser.builder.ExpressionBuilder.visitElementary_update_term(ExpressionBuilder.java:49)
	at app//de.uka.ilkd.key.nparser.KeYParser$Elementary_update_termContext.accept(KeYParser.java:4142)
	at app//de.uka.ilkd.key.nparser.builder.AbstractBuilder.lambda$mapOf$0(AbstractBuilder.java:124)
	at java.base@17.0.7/java.util.stream.ReferencePipeline$3$1.accept(ReferencePipeline.java:197)
	at java.base@17.0.7/java.util.ArrayList$ArrayListSpliterator.forEachRemaining(ArrayList.java:1625)
	at java.base@17.0.7/java.util.stream.AbstractPipeline.copyInto(AbstractPipeline.java:509)
	at java.base@17.0.7/java.util.stream.AbstractPipeline.wrapAndCopyInto(AbstractPipeline.java:499)
	at java.base@17.0.7/java.util.stream.ReduceOps$ReduceOp.evaluateSequential(ReduceOps.java:921)
	at java.base@17.0.7/java.util.stream.AbstractPipeline.evaluate(AbstractPipeline.java:234)
	at java.base@17.0.7/java.util.stream.ReferencePipeline.collect(ReferencePipeline.java:682)
	at app//de.uka.ilkd.key.nparser.builder.AbstractBuilder.mapOf(AbstractBuilder.java:124)
	at app//de.uka.ilkd.key.nparser.builder.ExpressionBuilder.visitParallel_term(ExpressionBuilder.java:173)
	at app//de.uka.ilkd.key.nparser.builder.ExpressionBuilder.visitParallel_term(ExpressionBuilder.java:49)
	at app//de.uka.ilkd.key.nparser.KeYParser$Parallel_termContext.accept(KeYParser.java:4074)
	at app//org.antlr.v4.runtime.tree.AbstractParseTreeVisitor.visitChildren(AbstractParseTreeVisitor.java:46)
	at app//de.uka.ilkd.key.nparser.KeYParserBaseVisitor.visitTerm(KeYParserBaseVisitor.java:332)
	at app//de.uka.ilkd.key.nparser.KeYParser$TermContext.accept(KeYParser.java:4020)
	at app//de.uka.ilkd.key.nparser.KeyAst.accept(KeyAst.java:43)
	at app//de.uka.ilkd.key.nparser.KeyIO.parseExpression(KeyIO.java:96)
	at app//de.uka.ilkd.key.nparser.KeyIO.parseExpression(KeyIO.java:79)
	at app//de.uka.ilkd.key.parser.AbstractTestTermParser.parseTerm(AbstractTestTermParser.java:74)
	at app//de.uka.ilkd.key.parser.AbstractTestTermParser.verifyParsing(AbstractTestTermParser.java:120)
	at app//de.uka.ilkd.key.parser.AbstractTestTermParser.compareStringRepresentationAgainstTermRepresentation(AbstractTestTermParser.java:159)
	at app//de.uka.ilkd.key.parser.AbstractTestTermParser.comparePrettySyntaxAgainstVerboseSyntax(AbstractTestTermParser.java:142)
	at app//de.uka.ilkd.key.parser.TestTermParserHeap.testGenericObjectProperties(TestTermParserHeap.java:243)
	at java.base@17.0.7/jdk.internal.reflect.NativeMethodAccessorImpl.invoke0(Native Method)
	at java.base@17.0.7/jdk.internal.reflect.NativeMethodAccessorImpl.invoke(NativeMethodAccessorImpl.java:77)
	at java.base@17.0.7/jdk.internal.reflect.DelegatingMethodAccessorImpl.invoke(DelegatingMethodAccessorImpl.java:43)
	at java.base@17.0.7/java.lang.reflect.Method.invoke(Method.java:568)
	at app//org.junit.platform.commons.util.ReflectionUtils.invokeMethod(ReflectionUtils.java:727)
	at app//org.junit.jupiter.engine.execution.MethodInvocation.proceed(MethodInvocation.java:60)
	at app//org.junit.jupiter.engine.execution.InvocationInterceptorChain$ValidatingInvocation.proceed(InvocationInterceptorChain.java:131)
	at app//org.junit.jupiter.engine.extension.TimeoutExtension.intercept(TimeoutExtension.java:156)
	at app//org.junit.jupiter.engine.extension.TimeoutExtension.interceptTestableMethod(TimeoutExtension.java:147)
	at app//org.junit.jupiter.engine.extension.TimeoutExtension.interceptTestMethod(TimeoutExtension.java:86)
	at app//org.junit.jupiter.engine.execution.InterceptingExecutableInvoker$ReflectiveInterceptorCall.lambda$ofVoidMethod$0(InterceptingExecutableInvoker.java:103)
	at app//org.junit.jupiter.engine.execution.InterceptingExecutableInvoker.lambda$invoke$0(InterceptingExecutableInvoker.java:93)
	at app//org.junit.jupiter.engine.execution.InvocationInterceptorChain$InterceptedInvocation.proceed(InvocationInterceptorChain.java:106)
	at app//org.junit.jupiter.engine.execution.InvocationInterceptorChain.proceed(InvocationInterceptorChain.java:64)
	at app//org.junit.jupiter.engine.execution.InvocationInterceptorChain.chainAndInvoke(InvocationInterceptorChain.java:45)
	at app//org.junit.jupiter.engine.execution.InvocationInterceptorChain.invoke(InvocationInterceptorChain.java:37)
	at app//org.junit.jupiter.engine.execution.InterceptingExecutableInvoker.invoke(InterceptingExecutableInvoker.java:92)
	at app//org.junit.jupiter.engine.execution.InterceptingExecutableInvoker.invoke(InterceptingExecutableInvoker.java:86)
	at app//org.junit.jupiter.engine.descriptor.TestMethodTestDescriptor.lambda$invokeTestMethod$7(TestMethodTestDescriptor.java:217)
	at app//org.junit.platform.engine.support.hierarchical.ThrowableCollector.execute(ThrowableCollector.java:73)
	at app//org.junit.jupiter.engine.descriptor.TestMethodTestDescriptor.invokeTestMethod(TestMethodTestDescriptor.java:213)
	at app//org.junit.jupiter.engine.descriptor.TestMethodTestDescriptor.execute(TestMethodTestDescriptor.java:138)
	at app//org.junit.jupiter.engine.descriptor.TestMethodTestDescriptor.execute(TestMethodTestDescriptor.java:68)
	at app//org.junit.platform.engine.support.hierarchical.NodeTestTask.lambda$executeRecursively$6(NodeTestTask.java:151)
	at app//org.junit.platform.engine.support.hierarchical.ThrowableCollector.execute(ThrowableCollector.java:73)
	at app//org.junit.platform.engine.support.hierarchical.NodeTestTask.lambda$executeRecursively$8(NodeTestTask.java:141)
	at app//org.junit.platform.engine.support.hierarchical.Node.around(Node.java:137)
	at app//org.junit.platform.engine.support.hierarchical.NodeTestTask.lambda$executeRecursively$9(NodeTestTask.java:139)
	at app//org.junit.platform.engine.support.hierarchical.ThrowableCollector.execute(ThrowableCollector.java:73)
	at app//org.junit.platform.engine.support.hierarchical.NodeTestTask.executeRecursively(NodeTestTask.java:138)
	at app//org.junit.platform.engine.support.hierarchical.NodeTestTask.execute(NodeTestTask.java:95)
	at java.base@17.0.7/java.util.ArrayList.forEach(ArrayList.java:1511)
	at app//org.junit.platform.engine.support.hierarchical.SameThreadHierarchicalTestExecutorService.invokeAll(SameThreadHierarchicalTestExecutorService.java:41)
	at app//org.junit.platform.engine.support.hierarchical.NodeTestTask.lambda$executeRecursively$6(NodeTestTask.java:155)
	at app//org.junit.platform.engine.support.hierarchical.ThrowableCollector.execute(ThrowableCollector.java:73)
	at app//org.junit.platform.engine.support.hierarchical.NodeTestTask.lambda$executeRecursively$8(NodeTestTask.java:141)
	at app//org.junit.platform.engine.support.hierarchical.Node.around(Node.java:137)
	at app//org.junit.platform.engine.support.hierarchical.NodeTestTask.lambda$executeRecursively$9(NodeTestTask.java:139)
	at app//org.junit.platform.engine.support.hierarchical.ThrowableCollector.execute(ThrowableCollector.java:73)
	at app//org.junit.platform.engine.support.hierarchical.NodeTestTask.executeRecursively(NodeTestTask.java:138)
	at app//org.junit.platform.engine.support.hierarchical.NodeTestTask.execute(NodeTestTask.java:95)
	at java.base@17.0.7/java.util.ArrayList.forEach(ArrayList.java:1511)
	at app//org.junit.platform.engine.support.hierarchical.SameThreadHierarchicalTestExecutorService.invokeAll(SameThreadHierarchicalTestExecutorService.java:41)
	at app//org.junit.platform.engine.support.hierarchical.NodeTestTask.lambda$executeRecursively$6(NodeTestTask.java:155)
	at app//org.junit.platform.engine.support.hierarchical.ThrowableCollector.execute(ThrowableCollector.java:73)
	at app//org.junit.platform.engine.support.hierarchical.NodeTestTask.lambda$executeRecursively$8(NodeTestTask.java:141)
	at app//org.junit.platform.engine.support.hierarchical.Node.around(Node.java:137)
	at app//org.junit.platform.engine.support.hierarchical.NodeTestTask.lambda$executeRecursively$9(NodeTestTask.java:139)
	at app//org.junit.platform.engine.support.hierarchical.ThrowableCollector.execute(ThrowableCollector.java:73)
	at app//org.junit.platform.engine.support.hierarchical.NodeTestTask.executeRecursively(NodeTestTask.java:138)
	at app//org.junit.platform.engine.support.hierarchical.NodeTestTask.execute(NodeTestTask.java:95)
	at app//org.junit.platform.engine.support.hierarchical.SameThreadHierarchicalTestExecutorService.submit(SameThreadHierarchicalTestExecutorService.java:35)
	at app//org.junit.platform.engine.support.hierarchical.HierarchicalTestExecutor.execute(HierarchicalTestExecutor.java:57)
	at app//org.junit.platform.engine.support.hierarchical.HierarchicalTestEngine.execute(HierarchicalTestEngine.java:54)
	at app//org.junit.platform.launcher.core.EngineExecutionOrchestrator.execute(EngineExecutionOrchestrator.java:107)
	at app//org.junit.platform.launcher.core.EngineExecutionOrchestrator.execute(EngineExecutionOrchestrator.java:88)
	at app//org.junit.platform.launcher.core.EngineExecutionOrchestrator.lambda$execute$0(EngineExecutionOrchestrator.java:54)
	at app//org.junit.platform.launcher.core.EngineExecutionOrchestrator.withInterceptedStreams(EngineExecutionOrchestrator.java:67)
	at app//org.junit.platform.launcher.core.EngineExecutionOrchestrator.execute(EngineExecutionOrchestrator.java:52)
	at app//org.junit.platform.launcher.core.DefaultLauncher.execute(DefaultLauncher.java:114)
	at app//org.junit.platform.launcher.core.DefaultLauncher.execute(DefaultLauncher.java:86)
	at app//org.junit.platform.launcher.core.DefaultLauncherSession$DelegatingLauncher.execute(DefaultLauncherSession.java:86)
	at org.gradle.api.internal.tasks.testing.junitplatform.JUnitPlatformTestClassProcessor$CollectAllTestClassesExecutor.processAllTestClasses(JUnitPlatformTestClassProcessor.java:110)
	at org.gradle.api.internal.tasks.testing.junitplatform.JUnitPlatformTestClassProcessor$CollectAllTestClassesExecutor.access$000(JUnitPlatformTestClassProcessor.java:90)
	at org.gradle.api.internal.tasks.testing.junitplatform.JUnitPlatformTestClassProcessor.stop(JUnitPlatformTestClassProcessor.java:85)
	at org.gradle.api.internal.tasks.testing.SuiteTestClassProcessor.stop(SuiteTestClassProcessor.java:62)
	at java.base@17.0.7/jdk.internal.reflect.NativeMethodAccessorImpl.invoke0(Native Method)
	at java.base@17.0.7/jdk.internal.reflect.NativeMethodAccessorImpl.invoke(NativeMethodAccessorImpl.java:77)
	at java.base@17.0.7/jdk.internal.reflect.DelegatingMethodAccessorImpl.invoke(DelegatingMethodAccessorImpl.java:43)
	at java.base@17.0.7/java.lang.reflect.Method.invoke(Method.java:568)
	at org.gradle.internal.dispatch.ReflectionDispatch.dispatch(ReflectionDispatch.java:36)
	at org.gradle.internal.dispatch.ReflectionDispatch.dispatch(ReflectionDispatch.java:24)
	at org.gradle.internal.dispatch.ContextClassLoaderDispatch.dispatch(ContextClassLoaderDispatch.java:33)
	at org.gradle.internal.dispatch.ProxyDispatchAdapter$DispatchingInvocationHandler.invoke(ProxyDispatchAdapter.java:94)
	at jdk.proxy2/jdk.proxy2.$Proxy5.stop(Unknown Source)
	at org.gradle.api.internal.tasks.testing.worker.TestWorker$3.run(TestWorker.java:193)
	at org.gradle.api.internal.tasks.testing.worker.TestWorker.executeAndMaintainThreadName(TestWorker.java:129)
	at org.gradle.api.internal.tasks.testing.worker.TestWorker.execute(TestWorker.java:100)
	at org.gradle.api.internal.tasks.testing.worker.TestWorker.execute(TestWorker.java:60)
	at org.gradle.process.internal.worker.child.ActionExecutionWorker.execute(ActionExecutionWorker.java:56)
	at org.gradle.process.internal.worker.child.SystemApplicationClassLoaderWorker.call(SystemApplicationClassLoaderWorker.java:113)
	at org.gradle.process.internal.worker.child.SystemApplicationClassLoaderWorker.call(SystemApplicationClassLoaderWorker.java:65)
	at app//worker.org.gradle.process.internal.worker.GradleWorkerMain.run(GradleWorkerMain.java:69)
	at app//worker.org.gradle.process.internal.worker.GradleWorkerMain.main(GradleWorkerMain.java:74)
</failure>
  </testcase>
  <testcase name="testQueryInheritance_1()" classname="de.uka.ilkd.key.parser.TestTermParserHeap" time="0.015">
    <failure message="Could not find (program) variable or constant query at &lt;unknown&gt;:1:1 (&lt;unknown&gt;:1:1)" type="de.uka.ilkd.key.util.parsing.BuildingException">Could not find (program) variable or constant query at &lt;unknown&gt;:1:1 (&lt;unknown&gt;:1:1)
	at app//de.uka.ilkd.key.nparser.builder.AbstractBuilder.semanticError(AbstractBuilder.java:179)
	at app//de.uka.ilkd.key.nparser.builder.DefaultBuilder.lookupVarfuncId(DefaultBuilder.java:174)
	at app//de.uka.ilkd.key.nparser.builder.ExpressionBuilder.visitAccessterm(ExpressionBuilder.java:1443)
	at app//de.uka.ilkd.key.nparser.builder.ExpressionBuilder.visitAccessterm(ExpressionBuilder.java:49)
	at app//de.uka.ilkd.key.nparser.KeYParser$AccesstermContext.accept(KeYParser.java:6174)
	at app//org.antlr.v4.runtime.tree.AbstractParseTreeVisitor.visitChildren(AbstractParseTreeVisitor.java:46)
	at app//de.uka.ilkd.key.nparser.KeYParserBaseVisitor.visitPrimitive_term(KeYParserBaseVisitor.java:542)
	at app//de.uka.ilkd.key.nparser.KeYParser$Primitive_termContext.accept(KeYParser.java:6074)
	at app//de.uka.ilkd.key.nparser.builder.AbstractBuilder.accept(AbstractBuilder.java:48)
	at app//de.uka.ilkd.key.nparser.builder.DefaultBuilder.accept(DefaultBuilder.java:35)
	at app//de.uka.ilkd.key.nparser.builder.ExpressionBuilder.visitPrimitive_labeled_term(ExpressionBuilder.java:877)
	at app//de.uka.ilkd.key.nparser.KeYParser$Primitive_labeled_termContext.accept(KeYParser.java:5877)
	at app//de.uka.ilkd.key.nparser.builder.AbstractBuilder.accept(AbstractBuilder.java:48)
	at app//de.uka.ilkd.key.nparser.builder.DefaultBuilder.accept(DefaultBuilder.java:35)
	at app//de.uka.ilkd.key.nparser.builder.ExpressionBuilder.visitBracket_term(ExpressionBuilder.java:403)
	at app//de.uka.ilkd.key.nparser.KeYParser$Bracket_termContext.accept(KeYParser.java:5527)
	at app//org.antlr.v4.runtime.tree.AbstractParseTreeVisitor.visitChildren(AbstractParseTreeVisitor.java:46)
	at app//de.uka.ilkd.key.nparser.KeYParserBaseVisitor.visitAtom_prefix(KeYParserBaseVisitor.java:472)
	at app//de.uka.ilkd.key.nparser.KeYParser$Atom_prefixContext.accept(KeYParser.java:5429)
	at app//de.uka.ilkd.key.nparser.builder.AbstractBuilder.accept(AbstractBuilder.java:48)
	at app//de.uka.ilkd.key.nparser.builder.DefaultBuilder.accept(DefaultBuilder.java:35)
	at app//de.uka.ilkd.key.nparser.builder.ExpressionBuilder.visitStrong_arith_term_2(ExpressionBuilder.java:382)
	at app//de.uka.ilkd.key.nparser.KeYParser$Strong_arith_term_2Context.accept(KeYParser.java:5035)
	at app//de.uka.ilkd.key.nparser.builder.AbstractBuilder.accept(AbstractBuilder.java:48)
	at app//de.uka.ilkd.key.nparser.builder.DefaultBuilder.accept(DefaultBuilder.java:35)
	at app//de.uka.ilkd.key.nparser.builder.ExpressionBuilder.visitStrong_arith_term_1(ExpressionBuilder.java:368)
	at app//de.uka.ilkd.key.nparser.KeYParser$Strong_arith_term_1Context.accept(KeYParser.java:4963)
	at app//de.uka.ilkd.key.nparser.builder.AbstractBuilder.accept(AbstractBuilder.java:48)
	at app//de.uka.ilkd.key.nparser.builder.DefaultBuilder.accept(DefaultBuilder.java:35)
	at app//de.uka.ilkd.key.nparser.builder.ExpressionBuilder.visitWeak_arith_term(ExpressionBuilder.java:331)
	at app//de.uka.ilkd.key.nparser.KeYParser$Weak_arith_termContext.accept(KeYParser.java:4877)
	at app//de.uka.ilkd.key.nparser.builder.AbstractBuilder.accept(AbstractBuilder.java:48)
	at app//de.uka.ilkd.key.nparser.builder.DefaultBuilder.accept(DefaultBuilder.java:35)
	at app//de.uka.ilkd.key.nparser.builder.ExpressionBuilder.visitComparison_term(ExpressionBuilder.java:305)
	at app//de.uka.ilkd.key.nparser.KeYParser$Comparison_termContext.accept(KeYParser.java:4793)
	at app//de.uka.ilkd.key.nparser.builder.AbstractBuilder.accept(AbstractBuilder.java:48)
	at app//de.uka.ilkd.key.nparser.builder.DefaultBuilder.accept(DefaultBuilder.java:35)
	at app//de.uka.ilkd.key.nparser.builder.ExpressionBuilder.visitEquality_term(ExpressionBuilder.java:294)
	at app//de.uka.ilkd.key.nparser.builder.ExpressionBuilder.visitEquality_term(ExpressionBuilder.java:49)
	at app//de.uka.ilkd.key.nparser.KeYParser$Equality_termContext.accept(KeYParser.java:4718)
	at app//org.antlr.v4.runtime.tree.AbstractParseTreeVisitor.visitChildren(AbstractParseTreeVisitor.java:46)
	at app//de.uka.ilkd.key.nparser.KeYParserBaseVisitor.visitTerm60(KeYParserBaseVisitor.java:381)
	at app//de.uka.ilkd.key.nparser.KeYParser$Term60Context.accept(KeYParser.java:4485)
	at app//de.uka.ilkd.key.nparser.builder.AbstractBuilder.accept(AbstractBuilder.java:48)
	at app//de.uka.ilkd.key.nparser.builder.DefaultBuilder.accept(DefaultBuilder.java:35)
	at app//de.uka.ilkd.key.nparser.builder.ExpressionBuilder.visitConjunction_term(ExpressionBuilder.java:238)
	at app//de.uka.ilkd.key.nparser.builder.ExpressionBuilder.visitConjunction_term(ExpressionBuilder.java:49)
	at app//de.uka.ilkd.key.nparser.KeYParser$Conjunction_termContext.accept(KeYParser.java:4419)
	at app//de.uka.ilkd.key.nparser.builder.AbstractBuilder.accept(AbstractBuilder.java:48)
	at app//de.uka.ilkd.key.nparser.builder.DefaultBuilder.accept(DefaultBuilder.java:35)
	at app//de.uka.ilkd.key.nparser.builder.ExpressionBuilder.visitDisjunction_term(ExpressionBuilder.java:229)
	at app//de.uka.ilkd.key.nparser.builder.ExpressionBuilder.visitDisjunction_term(ExpressionBuilder.java:49)
	at app//de.uka.ilkd.key.nparser.KeYParser$Disjunction_termContext.accept(KeYParser.java:4346)
	at app//de.uka.ilkd.key.nparser.builder.AbstractBuilder.accept(AbstractBuilder.java:48)
	at app//de.uka.ilkd.key.nparser.builder.DefaultBuilder.accept(DefaultBuilder.java:35)
	at app//de.uka.ilkd.key.nparser.builder.ExpressionBuilder.visitImplication_term(ExpressionBuilder.java:222)
	at app//de.uka.ilkd.key.nparser.builder.ExpressionBuilder.visitImplication_term(ExpressionBuilder.java:49)
	at app//de.uka.ilkd.key.nparser.KeYParser$Implication_termContext.accept(KeYParser.java:4278)
	at app//de.uka.ilkd.key.nparser.builder.AbstractBuilder.accept(AbstractBuilder.java:48)
	at app//de.uka.ilkd.key.nparser.builder.DefaultBuilder.accept(DefaultBuilder.java:35)
	at app//de.uka.ilkd.key.nparser.builder.ExpressionBuilder.visitEquivalence_term(ExpressionBuilder.java:198)
	at app//de.uka.ilkd.key.nparser.builder.ExpressionBuilder.visitEquivalence_term(ExpressionBuilder.java:49)
	at app//de.uka.ilkd.key.nparser.KeYParser$Equivalence_termContext.accept(KeYParser.java:4209)
	at app//de.uka.ilkd.key.nparser.builder.AbstractBuilder.accept(AbstractBuilder.java:48)
	at app//de.uka.ilkd.key.nparser.builder.DefaultBuilder.accept(DefaultBuilder.java:35)
	at app//de.uka.ilkd.key.nparser.builder.ExpressionBuilder.visitElementary_update_term(ExpressionBuilder.java:188)
	at app//de.uka.ilkd.key.nparser.builder.ExpressionBuilder.visitElementary_update_term(ExpressionBuilder.java:49)
	at app//de.uka.ilkd.key.nparser.KeYParser$Elementary_update_termContext.accept(KeYParser.java:4142)
	at app//de.uka.ilkd.key.nparser.builder.AbstractBuilder.lambda$mapOf$0(AbstractBuilder.java:124)
	at java.base@17.0.7/java.util.stream.ReferencePipeline$3$1.accept(ReferencePipeline.java:197)
	at java.base@17.0.7/java.util.ArrayList$ArrayListSpliterator.forEachRemaining(ArrayList.java:1625)
	at java.base@17.0.7/java.util.stream.AbstractPipeline.copyInto(AbstractPipeline.java:509)
	at java.base@17.0.7/java.util.stream.AbstractPipeline.wrapAndCopyInto(AbstractPipeline.java:499)
	at java.base@17.0.7/java.util.stream.ReduceOps$ReduceOp.evaluateSequential(ReduceOps.java:921)
	at java.base@17.0.7/java.util.stream.AbstractPipeline.evaluate(AbstractPipeline.java:234)
	at java.base@17.0.7/java.util.stream.ReferencePipeline.collect(ReferencePipeline.java:682)
	at app//de.uka.ilkd.key.nparser.builder.AbstractBuilder.mapOf(AbstractBuilder.java:124)
	at app//de.uka.ilkd.key.nparser.builder.ExpressionBuilder.visitParallel_term(ExpressionBuilder.java:173)
	at app//de.uka.ilkd.key.nparser.builder.ExpressionBuilder.visitParallel_term(ExpressionBuilder.java:49)
	at app//de.uka.ilkd.key.nparser.KeYParser$Parallel_termContext.accept(KeYParser.java:4074)
	at app//org.antlr.v4.runtime.tree.AbstractParseTreeVisitor.visitChildren(AbstractParseTreeVisitor.java:46)
	at app//de.uka.ilkd.key.nparser.KeYParserBaseVisitor.visitTerm(KeYParserBaseVisitor.java:332)
	at app//de.uka.ilkd.key.nparser.KeYParser$TermContext.accept(KeYParser.java:4020)
	at app//de.uka.ilkd.key.nparser.KeyAst.accept(KeyAst.java:43)
	at app//de.uka.ilkd.key.nparser.KeyIO.parseExpression(KeyIO.java:96)
	at app//de.uka.ilkd.key.nparser.KeyIO.parseExpression(KeyIO.java:79)
	at app//de.uka.ilkd.key.parser.AbstractTestTermParser.parseTerm(AbstractTestTermParser.java:74)
	at app//de.uka.ilkd.key.parser.AbstractTestTermParser.comparePrettySyntaxAgainstVerboseSyntax(AbstractTestTermParser.java:141)
	at app//de.uka.ilkd.key.parser.TestTermParserHeap.testQueryInheritance_1(TestTermParserHeap.java:339)
	at java.base@17.0.7/jdk.internal.reflect.NativeMethodAccessorImpl.invoke0(Native Method)
	at java.base@17.0.7/jdk.internal.reflect.NativeMethodAccessorImpl.invoke(NativeMethodAccessorImpl.java:77)
	at java.base@17.0.7/jdk.internal.reflect.DelegatingMethodAccessorImpl.invoke(DelegatingMethodAccessorImpl.java:43)
	at java.base@17.0.7/java.lang.reflect.Method.invoke(Method.java:568)
	at app//org.junit.platform.commons.util.ReflectionUtils.invokeMethod(ReflectionUtils.java:727)
	at app//org.junit.jupiter.engine.execution.MethodInvocation.proceed(MethodInvocation.java:60)
	at app//org.junit.jupiter.engine.execution.InvocationInterceptorChain$ValidatingInvocation.proceed(InvocationInterceptorChain.java:131)
	at app//org.junit.jupiter.engine.extension.TimeoutExtension.intercept(TimeoutExtension.java:156)
	at app//org.junit.jupiter.engine.extension.TimeoutExtension.interceptTestableMethod(TimeoutExtension.java:147)
	at app//org.junit.jupiter.engine.extension.TimeoutExtension.interceptTestMethod(TimeoutExtension.java:86)
	at app//org.junit.jupiter.engine.execution.InterceptingExecutableInvoker$ReflectiveInterceptorCall.lambda$ofVoidMethod$0(InterceptingExecutableInvoker.java:103)
	at app//org.junit.jupiter.engine.execution.InterceptingExecutableInvoker.lambda$invoke$0(InterceptingExecutableInvoker.java:93)
	at app//org.junit.jupiter.engine.execution.InvocationInterceptorChain$InterceptedInvocation.proceed(InvocationInterceptorChain.java:106)
	at app//org.junit.jupiter.engine.execution.InvocationInterceptorChain.proceed(InvocationInterceptorChain.java:64)
	at app//org.junit.jupiter.engine.execution.InvocationInterceptorChain.chainAndInvoke(InvocationInterceptorChain.java:45)
	at app//org.junit.jupiter.engine.execution.InvocationInterceptorChain.invoke(InvocationInterceptorChain.java:37)
	at app//org.junit.jupiter.engine.execution.InterceptingExecutableInvoker.invoke(InterceptingExecutableInvoker.java:92)
	at app//org.junit.jupiter.engine.execution.InterceptingExecutableInvoker.invoke(InterceptingExecutableInvoker.java:86)
	at app//org.junit.jupiter.engine.descriptor.TestMethodTestDescriptor.lambda$invokeTestMethod$7(TestMethodTestDescriptor.java:217)
	at app//org.junit.platform.engine.support.hierarchical.ThrowableCollector.execute(ThrowableCollector.java:73)
	at app//org.junit.jupiter.engine.descriptor.TestMethodTestDescriptor.invokeTestMethod(TestMethodTestDescriptor.java:213)
	at app//org.junit.jupiter.engine.descriptor.TestMethodTestDescriptor.execute(TestMethodTestDescriptor.java:138)
	at app//org.junit.jupiter.engine.descriptor.TestMethodTestDescriptor.execute(TestMethodTestDescriptor.java:68)
	at app//org.junit.platform.engine.support.hierarchical.NodeTestTask.lambda$executeRecursively$6(NodeTestTask.java:151)
	at app//org.junit.platform.engine.support.hierarchical.ThrowableCollector.execute(ThrowableCollector.java:73)
	at app//org.junit.platform.engine.support.hierarchical.NodeTestTask.lambda$executeRecursively$8(NodeTestTask.java:141)
	at app//org.junit.platform.engine.support.hierarchical.Node.around(Node.java:137)
	at app//org.junit.platform.engine.support.hierarchical.NodeTestTask.lambda$executeRecursively$9(NodeTestTask.java:139)
	at app//org.junit.platform.engine.support.hierarchical.ThrowableCollector.execute(ThrowableCollector.java:73)
	at app//org.junit.platform.engine.support.hierarchical.NodeTestTask.executeRecursively(NodeTestTask.java:138)
	at app//org.junit.platform.engine.support.hierarchical.NodeTestTask.execute(NodeTestTask.java:95)
	at java.base@17.0.7/java.util.ArrayList.forEach(ArrayList.java:1511)
	at app//org.junit.platform.engine.support.hierarchical.SameThreadHierarchicalTestExecutorService.invokeAll(SameThreadHierarchicalTestExecutorService.java:41)
	at app//org.junit.platform.engine.support.hierarchical.NodeTestTask.lambda$executeRecursively$6(NodeTestTask.java:155)
	at app//org.junit.platform.engine.support.hierarchical.ThrowableCollector.execute(ThrowableCollector.java:73)
	at app//org.junit.platform.engine.support.hierarchical.NodeTestTask.lambda$executeRecursively$8(NodeTestTask.java:141)
	at app//org.junit.platform.engine.support.hierarchical.Node.around(Node.java:137)
	at app//org.junit.platform.engine.support.hierarchical.NodeTestTask.lambda$executeRecursively$9(NodeTestTask.java:139)
	at app//org.junit.platform.engine.support.hierarchical.ThrowableCollector.execute(ThrowableCollector.java:73)
	at app//org.junit.platform.engine.support.hierarchical.NodeTestTask.executeRecursively(NodeTestTask.java:138)
	at app//org.junit.platform.engine.support.hierarchical.NodeTestTask.execute(NodeTestTask.java:95)
	at java.base@17.0.7/java.util.ArrayList.forEach(ArrayList.java:1511)
	at app//org.junit.platform.engine.support.hierarchical.SameThreadHierarchicalTestExecutorService.invokeAll(SameThreadHierarchicalTestExecutorService.java:41)
	at app//org.junit.platform.engine.support.hierarchical.NodeTestTask.lambda$executeRecursively$6(NodeTestTask.java:155)
	at app//org.junit.platform.engine.support.hierarchical.ThrowableCollector.execute(ThrowableCollector.java:73)
	at app//org.junit.platform.engine.support.hierarchical.NodeTestTask.lambda$executeRecursively$8(NodeTestTask.java:141)
	at app//org.junit.platform.engine.support.hierarchical.Node.around(Node.java:137)
	at app//org.junit.platform.engine.support.hierarchical.NodeTestTask.lambda$executeRecursively$9(NodeTestTask.java:139)
	at app//org.junit.platform.engine.support.hierarchical.ThrowableCollector.execute(ThrowableCollector.java:73)
	at app//org.junit.platform.engine.support.hierarchical.NodeTestTask.executeRecursively(NodeTestTask.java:138)
	at app//org.junit.platform.engine.support.hierarchical.NodeTestTask.execute(NodeTestTask.java:95)
	at app//org.junit.platform.engine.support.hierarchical.SameThreadHierarchicalTestExecutorService.submit(SameThreadHierarchicalTestExecutorService.java:35)
	at app//org.junit.platform.engine.support.hierarchical.HierarchicalTestExecutor.execute(HierarchicalTestExecutor.java:57)
	at app//org.junit.platform.engine.support.hierarchical.HierarchicalTestEngine.execute(HierarchicalTestEngine.java:54)
	at app//org.junit.platform.launcher.core.EngineExecutionOrchestrator.execute(EngineExecutionOrchestrator.java:107)
	at app//org.junit.platform.launcher.core.EngineExecutionOrchestrator.execute(EngineExecutionOrchestrator.java:88)
	at app//org.junit.platform.launcher.core.EngineExecutionOrchestrator.lambda$execute$0(EngineExecutionOrchestrator.java:54)
	at app//org.junit.platform.launcher.core.EngineExecutionOrchestrator.withInterceptedStreams(EngineExecutionOrchestrator.java:67)
	at app//org.junit.platform.launcher.core.EngineExecutionOrchestrator.execute(EngineExecutionOrchestrator.java:52)
	at app//org.junit.platform.launcher.core.DefaultLauncher.execute(DefaultLauncher.java:114)
	at app//org.junit.platform.launcher.core.DefaultLauncher.execute(DefaultLauncher.java:86)
	at app//org.junit.platform.launcher.core.DefaultLauncherSession$DelegatingLauncher.execute(DefaultLauncherSession.java:86)
	at org.gradle.api.internal.tasks.testing.junitplatform.JUnitPlatformTestClassProcessor$CollectAllTestClassesExecutor.processAllTestClasses(JUnitPlatformTestClassProcessor.java:110)
	at org.gradle.api.internal.tasks.testing.junitplatform.JUnitPlatformTestClassProcessor$CollectAllTestClassesExecutor.access$000(JUnitPlatformTestClassProcessor.java:90)
	at org.gradle.api.internal.tasks.testing.junitplatform.JUnitPlatformTestClassProcessor.stop(JUnitPlatformTestClassProcessor.java:85)
	at org.gradle.api.internal.tasks.testing.SuiteTestClassProcessor.stop(SuiteTestClassProcessor.java:62)
	at java.base@17.0.7/jdk.internal.reflect.NativeMethodAccessorImpl.invoke0(Native Method)
	at java.base@17.0.7/jdk.internal.reflect.NativeMethodAccessorImpl.invoke(NativeMethodAccessorImpl.java:77)
	at java.base@17.0.7/jdk.internal.reflect.DelegatingMethodAccessorImpl.invoke(DelegatingMethodAccessorImpl.java:43)
	at java.base@17.0.7/java.lang.reflect.Method.invoke(Method.java:568)
	at org.gradle.internal.dispatch.ReflectionDispatch.dispatch(ReflectionDispatch.java:36)
	at org.gradle.internal.dispatch.ReflectionDispatch.dispatch(ReflectionDispatch.java:24)
	at org.gradle.internal.dispatch.ContextClassLoaderDispatch.dispatch(ContextClassLoaderDispatch.java:33)
	at org.gradle.internal.dispatch.ProxyDispatchAdapter$DispatchingInvocationHandler.invoke(ProxyDispatchAdapter.java:94)
	at jdk.proxy2/jdk.proxy2.$Proxy5.stop(Unknown Source)
	at org.gradle.api.internal.tasks.testing.worker.TestWorker$3.run(TestWorker.java:193)
	at org.gradle.api.internal.tasks.testing.worker.TestWorker.executeAndMaintainThreadName(TestWorker.java:129)
	at org.gradle.api.internal.tasks.testing.worker.TestWorker.execute(TestWorker.java:100)
	at org.gradle.api.internal.tasks.testing.worker.TestWorker.execute(TestWorker.java:60)
	at org.gradle.process.internal.worker.child.ActionExecutionWorker.execute(ActionExecutionWorker.java:56)
	at org.gradle.process.internal.worker.child.SystemApplicationClassLoaderWorker.call(SystemApplicationClassLoaderWorker.java:113)
	at org.gradle.process.internal.worker.child.SystemApplicationClassLoaderWorker.call(SystemApplicationClassLoaderWorker.java:65)
	at app//worker.org.gradle.process.internal.worker.GradleWorkerMain.run(GradleWorkerMain.java:69)
	at app//worker.org.gradle.process.internal.worker.GradleWorkerMain.main(GradleWorkerMain.java:74)
</failure>
  </testcase>
  <testcase name="testQueryInheritance_2()" classname="de.uka.ilkd.key.parser.TestTermParserHeap" time="0.015">
    <failure message="Could not find (program) variable or constant query at &lt;unknown&gt;:1:1 (&lt;unknown&gt;:1:1)" type="de.uka.ilkd.key.util.parsing.BuildingException">Could not find (program) variable or constant query at &lt;unknown&gt;:1:1 (&lt;unknown&gt;:1:1)
	at app//de.uka.ilkd.key.nparser.builder.AbstractBuilder.semanticError(AbstractBuilder.java:179)
	at app//de.uka.ilkd.key.nparser.builder.DefaultBuilder.lookupVarfuncId(DefaultBuilder.java:174)
	at app//de.uka.ilkd.key.nparser.builder.ExpressionBuilder.visitAccessterm(ExpressionBuilder.java:1443)
	at app//de.uka.ilkd.key.nparser.builder.ExpressionBuilder.visitAccessterm(ExpressionBuilder.java:49)
	at app//de.uka.ilkd.key.nparser.KeYParser$AccesstermContext.accept(KeYParser.java:6174)
	at app//org.antlr.v4.runtime.tree.AbstractParseTreeVisitor.visitChildren(AbstractParseTreeVisitor.java:46)
	at app//de.uka.ilkd.key.nparser.KeYParserBaseVisitor.visitPrimitive_term(KeYParserBaseVisitor.java:542)
	at app//de.uka.ilkd.key.nparser.KeYParser$Primitive_termContext.accept(KeYParser.java:6074)
	at app//de.uka.ilkd.key.nparser.builder.AbstractBuilder.accept(AbstractBuilder.java:48)
	at app//de.uka.ilkd.key.nparser.builder.DefaultBuilder.accept(DefaultBuilder.java:35)
	at app//de.uka.ilkd.key.nparser.builder.ExpressionBuilder.visitPrimitive_labeled_term(ExpressionBuilder.java:877)
	at app//de.uka.ilkd.key.nparser.KeYParser$Primitive_labeled_termContext.accept(KeYParser.java:5877)
	at app//de.uka.ilkd.key.nparser.builder.AbstractBuilder.accept(AbstractBuilder.java:48)
	at app//de.uka.ilkd.key.nparser.builder.DefaultBuilder.accept(DefaultBuilder.java:35)
	at app//de.uka.ilkd.key.nparser.builder.ExpressionBuilder.visitBracket_term(ExpressionBuilder.java:403)
	at app//de.uka.ilkd.key.nparser.KeYParser$Bracket_termContext.accept(KeYParser.java:5527)
	at app//org.antlr.v4.runtime.tree.AbstractParseTreeVisitor.visitChildren(AbstractParseTreeVisitor.java:46)
	at app//de.uka.ilkd.key.nparser.KeYParserBaseVisitor.visitAtom_prefix(KeYParserBaseVisitor.java:472)
	at app//de.uka.ilkd.key.nparser.KeYParser$Atom_prefixContext.accept(KeYParser.java:5429)
	at app//de.uka.ilkd.key.nparser.builder.AbstractBuilder.accept(AbstractBuilder.java:48)
	at app//de.uka.ilkd.key.nparser.builder.DefaultBuilder.accept(DefaultBuilder.java:35)
	at app//de.uka.ilkd.key.nparser.builder.ExpressionBuilder.visitStrong_arith_term_2(ExpressionBuilder.java:382)
	at app//de.uka.ilkd.key.nparser.KeYParser$Strong_arith_term_2Context.accept(KeYParser.java:5035)
	at app//de.uka.ilkd.key.nparser.builder.AbstractBuilder.accept(AbstractBuilder.java:48)
	at app//de.uka.ilkd.key.nparser.builder.DefaultBuilder.accept(DefaultBuilder.java:35)
	at app//de.uka.ilkd.key.nparser.builder.ExpressionBuilder.visitStrong_arith_term_1(ExpressionBuilder.java:368)
	at app//de.uka.ilkd.key.nparser.KeYParser$Strong_arith_term_1Context.accept(KeYParser.java:4963)
	at app//de.uka.ilkd.key.nparser.builder.AbstractBuilder.accept(AbstractBuilder.java:48)
	at app//de.uka.ilkd.key.nparser.builder.DefaultBuilder.accept(DefaultBuilder.java:35)
	at app//de.uka.ilkd.key.nparser.builder.ExpressionBuilder.visitWeak_arith_term(ExpressionBuilder.java:331)
	at app//de.uka.ilkd.key.nparser.KeYParser$Weak_arith_termContext.accept(KeYParser.java:4877)
	at app//de.uka.ilkd.key.nparser.builder.AbstractBuilder.accept(AbstractBuilder.java:48)
	at app//de.uka.ilkd.key.nparser.builder.DefaultBuilder.accept(DefaultBuilder.java:35)
	at app//de.uka.ilkd.key.nparser.builder.ExpressionBuilder.visitComparison_term(ExpressionBuilder.java:305)
	at app//de.uka.ilkd.key.nparser.KeYParser$Comparison_termContext.accept(KeYParser.java:4793)
	at app//de.uka.ilkd.key.nparser.builder.AbstractBuilder.accept(AbstractBuilder.java:48)
	at app//de.uka.ilkd.key.nparser.builder.DefaultBuilder.accept(DefaultBuilder.java:35)
	at app//de.uka.ilkd.key.nparser.builder.ExpressionBuilder.visitEquality_term(ExpressionBuilder.java:294)
	at app//de.uka.ilkd.key.nparser.builder.ExpressionBuilder.visitEquality_term(ExpressionBuilder.java:49)
	at app//de.uka.ilkd.key.nparser.KeYParser$Equality_termContext.accept(KeYParser.java:4718)
	at app//org.antlr.v4.runtime.tree.AbstractParseTreeVisitor.visitChildren(AbstractParseTreeVisitor.java:46)
	at app//de.uka.ilkd.key.nparser.KeYParserBaseVisitor.visitTerm60(KeYParserBaseVisitor.java:381)
	at app//de.uka.ilkd.key.nparser.KeYParser$Term60Context.accept(KeYParser.java:4485)
	at app//de.uka.ilkd.key.nparser.builder.AbstractBuilder.accept(AbstractBuilder.java:48)
	at app//de.uka.ilkd.key.nparser.builder.DefaultBuilder.accept(DefaultBuilder.java:35)
	at app//de.uka.ilkd.key.nparser.builder.ExpressionBuilder.visitConjunction_term(ExpressionBuilder.java:238)
	at app//de.uka.ilkd.key.nparser.builder.ExpressionBuilder.visitConjunction_term(ExpressionBuilder.java:49)
	at app//de.uka.ilkd.key.nparser.KeYParser$Conjunction_termContext.accept(KeYParser.java:4419)
	at app//de.uka.ilkd.key.nparser.builder.AbstractBuilder.accept(AbstractBuilder.java:48)
	at app//de.uka.ilkd.key.nparser.builder.DefaultBuilder.accept(DefaultBuilder.java:35)
	at app//de.uka.ilkd.key.nparser.builder.ExpressionBuilder.visitDisjunction_term(ExpressionBuilder.java:229)
	at app//de.uka.ilkd.key.nparser.builder.ExpressionBuilder.visitDisjunction_term(ExpressionBuilder.java:49)
	at app//de.uka.ilkd.key.nparser.KeYParser$Disjunction_termContext.accept(KeYParser.java:4346)
	at app//de.uka.ilkd.key.nparser.builder.AbstractBuilder.accept(AbstractBuilder.java:48)
	at app//de.uka.ilkd.key.nparser.builder.DefaultBuilder.accept(DefaultBuilder.java:35)
	at app//de.uka.ilkd.key.nparser.builder.ExpressionBuilder.visitImplication_term(ExpressionBuilder.java:222)
	at app//de.uka.ilkd.key.nparser.builder.ExpressionBuilder.visitImplication_term(ExpressionBuilder.java:49)
	at app//de.uka.ilkd.key.nparser.KeYParser$Implication_termContext.accept(KeYParser.java:4278)
	at app//de.uka.ilkd.key.nparser.builder.AbstractBuilder.accept(AbstractBuilder.java:48)
	at app//de.uka.ilkd.key.nparser.builder.DefaultBuilder.accept(DefaultBuilder.java:35)
	at app//de.uka.ilkd.key.nparser.builder.ExpressionBuilder.visitEquivalence_term(ExpressionBuilder.java:198)
	at app//de.uka.ilkd.key.nparser.builder.ExpressionBuilder.visitEquivalence_term(ExpressionBuilder.java:49)
	at app//de.uka.ilkd.key.nparser.KeYParser$Equivalence_termContext.accept(KeYParser.java:4209)
	at app//de.uka.ilkd.key.nparser.builder.AbstractBuilder.accept(AbstractBuilder.java:48)
	at app//de.uka.ilkd.key.nparser.builder.DefaultBuilder.accept(DefaultBuilder.java:35)
	at app//de.uka.ilkd.key.nparser.builder.ExpressionBuilder.visitElementary_update_term(ExpressionBuilder.java:188)
	at app//de.uka.ilkd.key.nparser.builder.ExpressionBuilder.visitElementary_update_term(ExpressionBuilder.java:49)
	at app//de.uka.ilkd.key.nparser.KeYParser$Elementary_update_termContext.accept(KeYParser.java:4142)
	at app//de.uka.ilkd.key.nparser.builder.AbstractBuilder.lambda$mapOf$0(AbstractBuilder.java:124)
	at java.base@17.0.7/java.util.stream.ReferencePipeline$3$1.accept(ReferencePipeline.java:197)
	at java.base@17.0.7/java.util.ArrayList$ArrayListSpliterator.forEachRemaining(ArrayList.java:1625)
	at java.base@17.0.7/java.util.stream.AbstractPipeline.copyInto(AbstractPipeline.java:509)
	at java.base@17.0.7/java.util.stream.AbstractPipeline.wrapAndCopyInto(AbstractPipeline.java:499)
	at java.base@17.0.7/java.util.stream.ReduceOps$ReduceOp.evaluateSequential(ReduceOps.java:921)
	at java.base@17.0.7/java.util.stream.AbstractPipeline.evaluate(AbstractPipeline.java:234)
	at java.base@17.0.7/java.util.stream.ReferencePipeline.collect(ReferencePipeline.java:682)
	at app//de.uka.ilkd.key.nparser.builder.AbstractBuilder.mapOf(AbstractBuilder.java:124)
	at app//de.uka.ilkd.key.nparser.builder.ExpressionBuilder.visitParallel_term(ExpressionBuilder.java:173)
	at app//de.uka.ilkd.key.nparser.builder.ExpressionBuilder.visitParallel_term(ExpressionBuilder.java:49)
	at app//de.uka.ilkd.key.nparser.KeYParser$Parallel_termContext.accept(KeYParser.java:4074)
	at app//org.antlr.v4.runtime.tree.AbstractParseTreeVisitor.visitChildren(AbstractParseTreeVisitor.java:46)
	at app//de.uka.ilkd.key.nparser.KeYParserBaseVisitor.visitTerm(KeYParserBaseVisitor.java:332)
	at app//de.uka.ilkd.key.nparser.KeYParser$TermContext.accept(KeYParser.java:4020)
	at app//de.uka.ilkd.key.nparser.KeyAst.accept(KeyAst.java:43)
	at app//de.uka.ilkd.key.nparser.KeyIO.parseExpression(KeyIO.java:96)
	at app//de.uka.ilkd.key.nparser.KeyIO.parseExpression(KeyIO.java:79)
	at app//de.uka.ilkd.key.parser.AbstractTestTermParser.parseTerm(AbstractTestTermParser.java:74)
	at app//de.uka.ilkd.key.parser.AbstractTestTermParser.comparePrettySyntaxAgainstVerboseSyntax(AbstractTestTermParser.java:141)
	at app//de.uka.ilkd.key.parser.TestTermParserHeap.testQueryInheritance_2(TestTermParserHeap.java:347)
	at java.base@17.0.7/jdk.internal.reflect.NativeMethodAccessorImpl.invoke0(Native Method)
	at java.base@17.0.7/jdk.internal.reflect.NativeMethodAccessorImpl.invoke(NativeMethodAccessorImpl.java:77)
	at java.base@17.0.7/jdk.internal.reflect.DelegatingMethodAccessorImpl.invoke(DelegatingMethodAccessorImpl.java:43)
	at java.base@17.0.7/java.lang.reflect.Method.invoke(Method.java:568)
	at app//org.junit.platform.commons.util.ReflectionUtils.invokeMethod(ReflectionUtils.java:727)
	at app//org.junit.jupiter.engine.execution.MethodInvocation.proceed(MethodInvocation.java:60)
	at app//org.junit.jupiter.engine.execution.InvocationInterceptorChain$ValidatingInvocation.proceed(InvocationInterceptorChain.java:131)
	at app//org.junit.jupiter.engine.extension.TimeoutExtension.intercept(TimeoutExtension.java:156)
	at app//org.junit.jupiter.engine.extension.TimeoutExtension.interceptTestableMethod(TimeoutExtension.java:147)
	at app//org.junit.jupiter.engine.extension.TimeoutExtension.interceptTestMethod(TimeoutExtension.java:86)
	at app//org.junit.jupiter.engine.execution.InterceptingExecutableInvoker$ReflectiveInterceptorCall.lambda$ofVoidMethod$0(InterceptingExecutableInvoker.java:103)
	at app//org.junit.jupiter.engine.execution.InterceptingExecutableInvoker.lambda$invoke$0(InterceptingExecutableInvoker.java:93)
	at app//org.junit.jupiter.engine.execution.InvocationInterceptorChain$InterceptedInvocation.proceed(InvocationInterceptorChain.java:106)
	at app//org.junit.jupiter.engine.execution.InvocationInterceptorChain.proceed(InvocationInterceptorChain.java:64)
	at app//org.junit.jupiter.engine.execution.InvocationInterceptorChain.chainAndInvoke(InvocationInterceptorChain.java:45)
	at app//org.junit.jupiter.engine.execution.InvocationInterceptorChain.invoke(InvocationInterceptorChain.java:37)
	at app//org.junit.jupiter.engine.execution.InterceptingExecutableInvoker.invoke(InterceptingExecutableInvoker.java:92)
	at app//org.junit.jupiter.engine.execution.InterceptingExecutableInvoker.invoke(InterceptingExecutableInvoker.java:86)
	at app//org.junit.jupiter.engine.descriptor.TestMethodTestDescriptor.lambda$invokeTestMethod$7(TestMethodTestDescriptor.java:217)
	at app//org.junit.platform.engine.support.hierarchical.ThrowableCollector.execute(ThrowableCollector.java:73)
	at app//org.junit.jupiter.engine.descriptor.TestMethodTestDescriptor.invokeTestMethod(TestMethodTestDescriptor.java:213)
	at app//org.junit.jupiter.engine.descriptor.TestMethodTestDescriptor.execute(TestMethodTestDescriptor.java:138)
	at app//org.junit.jupiter.engine.descriptor.TestMethodTestDescriptor.execute(TestMethodTestDescriptor.java:68)
	at app//org.junit.platform.engine.support.hierarchical.NodeTestTask.lambda$executeRecursively$6(NodeTestTask.java:151)
	at app//org.junit.platform.engine.support.hierarchical.ThrowableCollector.execute(ThrowableCollector.java:73)
	at app//org.junit.platform.engine.support.hierarchical.NodeTestTask.lambda$executeRecursively$8(NodeTestTask.java:141)
	at app//org.junit.platform.engine.support.hierarchical.Node.around(Node.java:137)
	at app//org.junit.platform.engine.support.hierarchical.NodeTestTask.lambda$executeRecursively$9(NodeTestTask.java:139)
	at app//org.junit.platform.engine.support.hierarchical.ThrowableCollector.execute(ThrowableCollector.java:73)
	at app//org.junit.platform.engine.support.hierarchical.NodeTestTask.executeRecursively(NodeTestTask.java:138)
	at app//org.junit.platform.engine.support.hierarchical.NodeTestTask.execute(NodeTestTask.java:95)
	at java.base@17.0.7/java.util.ArrayList.forEach(ArrayList.java:1511)
	at app//org.junit.platform.engine.support.hierarchical.SameThreadHierarchicalTestExecutorService.invokeAll(SameThreadHierarchicalTestExecutorService.java:41)
	at app//org.junit.platform.engine.support.hierarchical.NodeTestTask.lambda$executeRecursively$6(NodeTestTask.java:155)
	at app//org.junit.platform.engine.support.hierarchical.ThrowableCollector.execute(ThrowableCollector.java:73)
	at app//org.junit.platform.engine.support.hierarchical.NodeTestTask.lambda$executeRecursively$8(NodeTestTask.java:141)
	at app//org.junit.platform.engine.support.hierarchical.Node.around(Node.java:137)
	at app//org.junit.platform.engine.support.hierarchical.NodeTestTask.lambda$executeRecursively$9(NodeTestTask.java:139)
	at app//org.junit.platform.engine.support.hierarchical.ThrowableCollector.execute(ThrowableCollector.java:73)
	at app//org.junit.platform.engine.support.hierarchical.NodeTestTask.executeRecursively(NodeTestTask.java:138)
	at app//org.junit.platform.engine.support.hierarchical.NodeTestTask.execute(NodeTestTask.java:95)
	at java.base@17.0.7/java.util.ArrayList.forEach(ArrayList.java:1511)
	at app//org.junit.platform.engine.support.hierarchical.SameThreadHierarchicalTestExecutorService.invokeAll(SameThreadHierarchicalTestExecutorService.java:41)
	at app//org.junit.platform.engine.support.hierarchical.NodeTestTask.lambda$executeRecursively$6(NodeTestTask.java:155)
	at app//org.junit.platform.engine.support.hierarchical.ThrowableCollector.execute(ThrowableCollector.java:73)
	at app//org.junit.platform.engine.support.hierarchical.NodeTestTask.lambda$executeRecursively$8(NodeTestTask.java:141)
	at app//org.junit.platform.engine.support.hierarchical.Node.around(Node.java:137)
	at app//org.junit.platform.engine.support.hierarchical.NodeTestTask.lambda$executeRecursively$9(NodeTestTask.java:139)
	at app//org.junit.platform.engine.support.hierarchical.ThrowableCollector.execute(ThrowableCollector.java:73)
	at app//org.junit.platform.engine.support.hierarchical.NodeTestTask.executeRecursively(NodeTestTask.java:138)
	at app//org.junit.platform.engine.support.hierarchical.NodeTestTask.execute(NodeTestTask.java:95)
	at app//org.junit.platform.engine.support.hierarchical.SameThreadHierarchicalTestExecutorService.submit(SameThreadHierarchicalTestExecutorService.java:35)
	at app//org.junit.platform.engine.support.hierarchical.HierarchicalTestExecutor.execute(HierarchicalTestExecutor.java:57)
	at app//org.junit.platform.engine.support.hierarchical.HierarchicalTestEngine.execute(HierarchicalTestEngine.java:54)
	at app//org.junit.platform.launcher.core.EngineExecutionOrchestrator.execute(EngineExecutionOrchestrator.java:107)
	at app//org.junit.platform.launcher.core.EngineExecutionOrchestrator.execute(EngineExecutionOrchestrator.java:88)
	at app//org.junit.platform.launcher.core.EngineExecutionOrchestrator.lambda$execute$0(EngineExecutionOrchestrator.java:54)
	at app//org.junit.platform.launcher.core.EngineExecutionOrchestrator.withInterceptedStreams(EngineExecutionOrchestrator.java:67)
	at app//org.junit.platform.launcher.core.EngineExecutionOrchestrator.execute(EngineExecutionOrchestrator.java:52)
	at app//org.junit.platform.launcher.core.DefaultLauncher.execute(DefaultLauncher.java:114)
	at app//org.junit.platform.launcher.core.DefaultLauncher.execute(DefaultLauncher.java:86)
	at app//org.junit.platform.launcher.core.DefaultLauncherSession$DelegatingLauncher.execute(DefaultLauncherSession.java:86)
	at org.gradle.api.internal.tasks.testing.junitplatform.JUnitPlatformTestClassProcessor$CollectAllTestClassesExecutor.processAllTestClasses(JUnitPlatformTestClassProcessor.java:110)
	at org.gradle.api.internal.tasks.testing.junitplatform.JUnitPlatformTestClassProcessor$CollectAllTestClassesExecutor.access$000(JUnitPlatformTestClassProcessor.java:90)
	at org.gradle.api.internal.tasks.testing.junitplatform.JUnitPlatformTestClassProcessor.stop(JUnitPlatformTestClassProcessor.java:85)
	at org.gradle.api.internal.tasks.testing.SuiteTestClassProcessor.stop(SuiteTestClassProcessor.java:62)
	at java.base@17.0.7/jdk.internal.reflect.NativeMethodAccessorImpl.invoke0(Native Method)
	at java.base@17.0.7/jdk.internal.reflect.NativeMethodAccessorImpl.invoke(NativeMethodAccessorImpl.java:77)
	at java.base@17.0.7/jdk.internal.reflect.DelegatingMethodAccessorImpl.invoke(DelegatingMethodAccessorImpl.java:43)
	at java.base@17.0.7/java.lang.reflect.Method.invoke(Method.java:568)
	at org.gradle.internal.dispatch.ReflectionDispatch.dispatch(ReflectionDispatch.java:36)
	at org.gradle.internal.dispatch.ReflectionDispatch.dispatch(ReflectionDispatch.java:24)
	at org.gradle.internal.dispatch.ContextClassLoaderDispatch.dispatch(ContextClassLoaderDispatch.java:33)
	at org.gradle.internal.dispatch.ProxyDispatchAdapter$DispatchingInvocationHandler.invoke(ProxyDispatchAdapter.java:94)
	at jdk.proxy2/jdk.proxy2.$Proxy5.stop(Unknown Source)
	at org.gradle.api.internal.tasks.testing.worker.TestWorker$3.run(TestWorker.java:193)
	at org.gradle.api.internal.tasks.testing.worker.TestWorker.executeAndMaintainThreadName(TestWorker.java:129)
	at org.gradle.api.internal.tasks.testing.worker.TestWorker.execute(TestWorker.java:100)
	at org.gradle.api.internal.tasks.testing.worker.TestWorker.execute(TestWorker.java:60)
	at org.gradle.process.internal.worker.child.ActionExecutionWorker.execute(ActionExecutionWorker.java:56)
	at org.gradle.process.internal.worker.child.SystemApplicationClassLoaderWorker.call(SystemApplicationClassLoaderWorker.java:113)
	at org.gradle.process.internal.worker.child.SystemApplicationClassLoaderWorker.call(SystemApplicationClassLoaderWorker.java:65)
	at app//worker.org.gradle.process.internal.worker.GradleWorkerMain.run(GradleWorkerMain.java:69)
	at app//worker.org.gradle.process.internal.worker.GradleWorkerMain.main(GradleWorkerMain.java:74)
</failure>
  </testcase>
  <testcase name="testQueryInheritance_3()" classname="de.uka.ilkd.key.parser.TestTermParserHeap" time="0.008">
    <failure message="Could not find (program) variable or constant queryRedefined at &lt;unknown&gt;:1:1 (&lt;unknown&gt;:1:1)" type="de.uka.ilkd.key.util.parsing.BuildingException">Could not find (program) variable or constant queryRedefined at &lt;unknown&gt;:1:1 (&lt;unknown&gt;:1:1)
	at app//de.uka.ilkd.key.nparser.builder.AbstractBuilder.semanticError(AbstractBuilder.java:179)
	at app//de.uka.ilkd.key.nparser.builder.DefaultBuilder.lookupVarfuncId(DefaultBuilder.java:174)
	at app//de.uka.ilkd.key.nparser.builder.ExpressionBuilder.visitAccessterm(ExpressionBuilder.java:1443)
	at app//de.uka.ilkd.key.nparser.builder.ExpressionBuilder.visitAccessterm(ExpressionBuilder.java:49)
	at app//de.uka.ilkd.key.nparser.KeYParser$AccesstermContext.accept(KeYParser.java:6174)
	at app//org.antlr.v4.runtime.tree.AbstractParseTreeVisitor.visitChildren(AbstractParseTreeVisitor.java:46)
	at app//de.uka.ilkd.key.nparser.KeYParserBaseVisitor.visitPrimitive_term(KeYParserBaseVisitor.java:542)
	at app//de.uka.ilkd.key.nparser.KeYParser$Primitive_termContext.accept(KeYParser.java:6074)
	at app//de.uka.ilkd.key.nparser.builder.AbstractBuilder.accept(AbstractBuilder.java:48)
	at app//de.uka.ilkd.key.nparser.builder.DefaultBuilder.accept(DefaultBuilder.java:35)
	at app//de.uka.ilkd.key.nparser.builder.ExpressionBuilder.visitPrimitive_labeled_term(ExpressionBuilder.java:877)
	at app//de.uka.ilkd.key.nparser.KeYParser$Primitive_labeled_termContext.accept(KeYParser.java:5877)
	at app//de.uka.ilkd.key.nparser.builder.AbstractBuilder.accept(AbstractBuilder.java:48)
	at app//de.uka.ilkd.key.nparser.builder.DefaultBuilder.accept(DefaultBuilder.java:35)
	at app//de.uka.ilkd.key.nparser.builder.ExpressionBuilder.visitBracket_term(ExpressionBuilder.java:403)
	at app//de.uka.ilkd.key.nparser.KeYParser$Bracket_termContext.accept(KeYParser.java:5527)
	at app//org.antlr.v4.runtime.tree.AbstractParseTreeVisitor.visitChildren(AbstractParseTreeVisitor.java:46)
	at app//de.uka.ilkd.key.nparser.KeYParserBaseVisitor.visitAtom_prefix(KeYParserBaseVisitor.java:472)
	at app//de.uka.ilkd.key.nparser.KeYParser$Atom_prefixContext.accept(KeYParser.java:5429)
	at app//de.uka.ilkd.key.nparser.builder.AbstractBuilder.accept(AbstractBuilder.java:48)
	at app//de.uka.ilkd.key.nparser.builder.DefaultBuilder.accept(DefaultBuilder.java:35)
	at app//de.uka.ilkd.key.nparser.builder.ExpressionBuilder.visitStrong_arith_term_2(ExpressionBuilder.java:382)
	at app//de.uka.ilkd.key.nparser.KeYParser$Strong_arith_term_2Context.accept(KeYParser.java:5035)
	at app//de.uka.ilkd.key.nparser.builder.AbstractBuilder.accept(AbstractBuilder.java:48)
	at app//de.uka.ilkd.key.nparser.builder.DefaultBuilder.accept(DefaultBuilder.java:35)
	at app//de.uka.ilkd.key.nparser.builder.ExpressionBuilder.visitStrong_arith_term_1(ExpressionBuilder.java:368)
	at app//de.uka.ilkd.key.nparser.KeYParser$Strong_arith_term_1Context.accept(KeYParser.java:4963)
	at app//de.uka.ilkd.key.nparser.builder.AbstractBuilder.accept(AbstractBuilder.java:48)
	at app//de.uka.ilkd.key.nparser.builder.DefaultBuilder.accept(DefaultBuilder.java:35)
	at app//de.uka.ilkd.key.nparser.builder.ExpressionBuilder.visitWeak_arith_term(ExpressionBuilder.java:331)
	at app//de.uka.ilkd.key.nparser.KeYParser$Weak_arith_termContext.accept(KeYParser.java:4877)
	at app//de.uka.ilkd.key.nparser.builder.AbstractBuilder.accept(AbstractBuilder.java:48)
	at app//de.uka.ilkd.key.nparser.builder.DefaultBuilder.accept(DefaultBuilder.java:35)
	at app//de.uka.ilkd.key.nparser.builder.ExpressionBuilder.visitComparison_term(ExpressionBuilder.java:305)
	at app//de.uka.ilkd.key.nparser.KeYParser$Comparison_termContext.accept(KeYParser.java:4793)
	at app//de.uka.ilkd.key.nparser.builder.AbstractBuilder.accept(AbstractBuilder.java:48)
	at app//de.uka.ilkd.key.nparser.builder.DefaultBuilder.accept(DefaultBuilder.java:35)
	at app//de.uka.ilkd.key.nparser.builder.ExpressionBuilder.visitEquality_term(ExpressionBuilder.java:294)
	at app//de.uka.ilkd.key.nparser.builder.ExpressionBuilder.visitEquality_term(ExpressionBuilder.java:49)
	at app//de.uka.ilkd.key.nparser.KeYParser$Equality_termContext.accept(KeYParser.java:4718)
	at app//org.antlr.v4.runtime.tree.AbstractParseTreeVisitor.visitChildren(AbstractParseTreeVisitor.java:46)
	at app//de.uka.ilkd.key.nparser.KeYParserBaseVisitor.visitTerm60(KeYParserBaseVisitor.java:381)
	at app//de.uka.ilkd.key.nparser.KeYParser$Term60Context.accept(KeYParser.java:4485)
	at app//de.uka.ilkd.key.nparser.builder.AbstractBuilder.accept(AbstractBuilder.java:48)
	at app//de.uka.ilkd.key.nparser.builder.DefaultBuilder.accept(DefaultBuilder.java:35)
	at app//de.uka.ilkd.key.nparser.builder.ExpressionBuilder.visitConjunction_term(ExpressionBuilder.java:238)
	at app//de.uka.ilkd.key.nparser.builder.ExpressionBuilder.visitConjunction_term(ExpressionBuilder.java:49)
	at app//de.uka.ilkd.key.nparser.KeYParser$Conjunction_termContext.accept(KeYParser.java:4419)
	at app//de.uka.ilkd.key.nparser.builder.AbstractBuilder.accept(AbstractBuilder.java:48)
	at app//de.uka.ilkd.key.nparser.builder.DefaultBuilder.accept(DefaultBuilder.java:35)
	at app//de.uka.ilkd.key.nparser.builder.ExpressionBuilder.visitDisjunction_term(ExpressionBuilder.java:229)
	at app//de.uka.ilkd.key.nparser.builder.ExpressionBuilder.visitDisjunction_term(ExpressionBuilder.java:49)
	at app//de.uka.ilkd.key.nparser.KeYParser$Disjunction_termContext.accept(KeYParser.java:4346)
	at app//de.uka.ilkd.key.nparser.builder.AbstractBuilder.accept(AbstractBuilder.java:48)
	at app//de.uka.ilkd.key.nparser.builder.DefaultBuilder.accept(DefaultBuilder.java:35)
	at app//de.uka.ilkd.key.nparser.builder.ExpressionBuilder.visitImplication_term(ExpressionBuilder.java:222)
	at app//de.uka.ilkd.key.nparser.builder.ExpressionBuilder.visitImplication_term(ExpressionBuilder.java:49)
	at app//de.uka.ilkd.key.nparser.KeYParser$Implication_termContext.accept(KeYParser.java:4278)
	at app//de.uka.ilkd.key.nparser.builder.AbstractBuilder.accept(AbstractBuilder.java:48)
	at app//de.uka.ilkd.key.nparser.builder.DefaultBuilder.accept(DefaultBuilder.java:35)
	at app//de.uka.ilkd.key.nparser.builder.ExpressionBuilder.visitEquivalence_term(ExpressionBuilder.java:198)
	at app//de.uka.ilkd.key.nparser.builder.ExpressionBuilder.visitEquivalence_term(ExpressionBuilder.java:49)
	at app//de.uka.ilkd.key.nparser.KeYParser$Equivalence_termContext.accept(KeYParser.java:4209)
	at app//de.uka.ilkd.key.nparser.builder.AbstractBuilder.accept(AbstractBuilder.java:48)
	at app//de.uka.ilkd.key.nparser.builder.DefaultBuilder.accept(DefaultBuilder.java:35)
	at app//de.uka.ilkd.key.nparser.builder.ExpressionBuilder.visitElementary_update_term(ExpressionBuilder.java:188)
	at app//de.uka.ilkd.key.nparser.builder.ExpressionBuilder.visitElementary_update_term(ExpressionBuilder.java:49)
	at app//de.uka.ilkd.key.nparser.KeYParser$Elementary_update_termContext.accept(KeYParser.java:4142)
	at app//de.uka.ilkd.key.nparser.builder.AbstractBuilder.lambda$mapOf$0(AbstractBuilder.java:124)
	at java.base@17.0.7/java.util.stream.ReferencePipeline$3$1.accept(ReferencePipeline.java:197)
	at java.base@17.0.7/java.util.ArrayList$ArrayListSpliterator.forEachRemaining(ArrayList.java:1625)
	at java.base@17.0.7/java.util.stream.AbstractPipeline.copyInto(AbstractPipeline.java:509)
	at java.base@17.0.7/java.util.stream.AbstractPipeline.wrapAndCopyInto(AbstractPipeline.java:499)
	at java.base@17.0.7/java.util.stream.ReduceOps$ReduceOp.evaluateSequential(ReduceOps.java:921)
	at java.base@17.0.7/java.util.stream.AbstractPipeline.evaluate(AbstractPipeline.java:234)
	at java.base@17.0.7/java.util.stream.ReferencePipeline.collect(ReferencePipeline.java:682)
	at app//de.uka.ilkd.key.nparser.builder.AbstractBuilder.mapOf(AbstractBuilder.java:124)
	at app//de.uka.ilkd.key.nparser.builder.ExpressionBuilder.visitParallel_term(ExpressionBuilder.java:173)
	at app//de.uka.ilkd.key.nparser.builder.ExpressionBuilder.visitParallel_term(ExpressionBuilder.java:49)
	at app//de.uka.ilkd.key.nparser.KeYParser$Parallel_termContext.accept(KeYParser.java:4074)
	at app//org.antlr.v4.runtime.tree.AbstractParseTreeVisitor.visitChildren(AbstractParseTreeVisitor.java:46)
	at app//de.uka.ilkd.key.nparser.KeYParserBaseVisitor.visitTerm(KeYParserBaseVisitor.java:332)
	at app//de.uka.ilkd.key.nparser.KeYParser$TermContext.accept(KeYParser.java:4020)
	at app//de.uka.ilkd.key.nparser.KeyAst.accept(KeyAst.java:43)
	at app//de.uka.ilkd.key.nparser.KeyIO.parseExpression(KeyIO.java:96)
	at app//de.uka.ilkd.key.nparser.KeyIO.parseExpression(KeyIO.java:79)
	at app//de.uka.ilkd.key.parser.AbstractTestTermParser.parseTerm(AbstractTestTermParser.java:74)
	at app//de.uka.ilkd.key.parser.AbstractTestTermParser.comparePrettySyntaxAgainstVerboseSyntax(AbstractTestTermParser.java:141)
	at app//de.uka.ilkd.key.parser.TestTermParserHeap.testQueryInheritance_3(TestTermParserHeap.java:355)
	at java.base@17.0.7/jdk.internal.reflect.NativeMethodAccessorImpl.invoke0(Native Method)
	at java.base@17.0.7/jdk.internal.reflect.NativeMethodAccessorImpl.invoke(NativeMethodAccessorImpl.java:77)
	at java.base@17.0.7/jdk.internal.reflect.DelegatingMethodAccessorImpl.invoke(DelegatingMethodAccessorImpl.java:43)
	at java.base@17.0.7/java.lang.reflect.Method.invoke(Method.java:568)
	at app//org.junit.platform.commons.util.ReflectionUtils.invokeMethod(ReflectionUtils.java:727)
	at app//org.junit.jupiter.engine.execution.MethodInvocation.proceed(MethodInvocation.java:60)
	at app//org.junit.jupiter.engine.execution.InvocationInterceptorChain$ValidatingInvocation.proceed(InvocationInterceptorChain.java:131)
	at app//org.junit.jupiter.engine.extension.TimeoutExtension.intercept(TimeoutExtension.java:156)
	at app//org.junit.jupiter.engine.extension.TimeoutExtension.interceptTestableMethod(TimeoutExtension.java:147)
	at app//org.junit.jupiter.engine.extension.TimeoutExtension.interceptTestMethod(TimeoutExtension.java:86)
	at app//org.junit.jupiter.engine.execution.InterceptingExecutableInvoker$ReflectiveInterceptorCall.lambda$ofVoidMethod$0(InterceptingExecutableInvoker.java:103)
	at app//org.junit.jupiter.engine.execution.InterceptingExecutableInvoker.lambda$invoke$0(InterceptingExecutableInvoker.java:93)
	at app//org.junit.jupiter.engine.execution.InvocationInterceptorChain$InterceptedInvocation.proceed(InvocationInterceptorChain.java:106)
	at app//org.junit.jupiter.engine.execution.InvocationInterceptorChain.proceed(InvocationInterceptorChain.java:64)
	at app//org.junit.jupiter.engine.execution.InvocationInterceptorChain.chainAndInvoke(InvocationInterceptorChain.java:45)
	at app//org.junit.jupiter.engine.execution.InvocationInterceptorChain.invoke(InvocationInterceptorChain.java:37)
	at app//org.junit.jupiter.engine.execution.InterceptingExecutableInvoker.invoke(InterceptingExecutableInvoker.java:92)
	at app//org.junit.jupiter.engine.execution.InterceptingExecutableInvoker.invoke(InterceptingExecutableInvoker.java:86)
	at app//org.junit.jupiter.engine.descriptor.TestMethodTestDescriptor.lambda$invokeTestMethod$7(TestMethodTestDescriptor.java:217)
	at app//org.junit.platform.engine.support.hierarchical.ThrowableCollector.execute(ThrowableCollector.java:73)
	at app//org.junit.jupiter.engine.descriptor.TestMethodTestDescriptor.invokeTestMethod(TestMethodTestDescriptor.java:213)
	at app//org.junit.jupiter.engine.descriptor.TestMethodTestDescriptor.execute(TestMethodTestDescriptor.java:138)
	at app//org.junit.jupiter.engine.descriptor.TestMethodTestDescriptor.execute(TestMethodTestDescriptor.java:68)
	at app//org.junit.platform.engine.support.hierarchical.NodeTestTask.lambda$executeRecursively$6(NodeTestTask.java:151)
	at app//org.junit.platform.engine.support.hierarchical.ThrowableCollector.execute(ThrowableCollector.java:73)
	at app//org.junit.platform.engine.support.hierarchical.NodeTestTask.lambda$executeRecursively$8(NodeTestTask.java:141)
	at app//org.junit.platform.engine.support.hierarchical.Node.around(Node.java:137)
	at app//org.junit.platform.engine.support.hierarchical.NodeTestTask.lambda$executeRecursively$9(NodeTestTask.java:139)
	at app//org.junit.platform.engine.support.hierarchical.ThrowableCollector.execute(ThrowableCollector.java:73)
	at app//org.junit.platform.engine.support.hierarchical.NodeTestTask.executeRecursively(NodeTestTask.java:138)
	at app//org.junit.platform.engine.support.hierarchical.NodeTestTask.execute(NodeTestTask.java:95)
	at java.base@17.0.7/java.util.ArrayList.forEach(ArrayList.java:1511)
	at app//org.junit.platform.engine.support.hierarchical.SameThreadHierarchicalTestExecutorService.invokeAll(SameThreadHierarchicalTestExecutorService.java:41)
	at app//org.junit.platform.engine.support.hierarchical.NodeTestTask.lambda$executeRecursively$6(NodeTestTask.java:155)
	at app//org.junit.platform.engine.support.hierarchical.ThrowableCollector.execute(ThrowableCollector.java:73)
	at app//org.junit.platform.engine.support.hierarchical.NodeTestTask.lambda$executeRecursively$8(NodeTestTask.java:141)
	at app//org.junit.platform.engine.support.hierarchical.Node.around(Node.java:137)
	at app//org.junit.platform.engine.support.hierarchical.NodeTestTask.lambda$executeRecursively$9(NodeTestTask.java:139)
	at app//org.junit.platform.engine.support.hierarchical.ThrowableCollector.execute(ThrowableCollector.java:73)
	at app//org.junit.platform.engine.support.hierarchical.NodeTestTask.executeRecursively(NodeTestTask.java:138)
	at app//org.junit.platform.engine.support.hierarchical.NodeTestTask.execute(NodeTestTask.java:95)
	at java.base@17.0.7/java.util.ArrayList.forEach(ArrayList.java:1511)
	at app//org.junit.platform.engine.support.hierarchical.SameThreadHierarchicalTestExecutorService.invokeAll(SameThreadHierarchicalTestExecutorService.java:41)
	at app//org.junit.platform.engine.support.hierarchical.NodeTestTask.lambda$executeRecursively$6(NodeTestTask.java:155)
	at app//org.junit.platform.engine.support.hierarchical.ThrowableCollector.execute(ThrowableCollector.java:73)
	at app//org.junit.platform.engine.support.hierarchical.NodeTestTask.lambda$executeRecursively$8(NodeTestTask.java:141)
	at app//org.junit.platform.engine.support.hierarchical.Node.around(Node.java:137)
	at app//org.junit.platform.engine.support.hierarchical.NodeTestTask.lambda$executeRecursively$9(NodeTestTask.java:139)
	at app//org.junit.platform.engine.support.hierarchical.ThrowableCollector.execute(ThrowableCollector.java:73)
	at app//org.junit.platform.engine.support.hierarchical.NodeTestTask.executeRecursively(NodeTestTask.java:138)
	at app//org.junit.platform.engine.support.hierarchical.NodeTestTask.execute(NodeTestTask.java:95)
	at app//org.junit.platform.engine.support.hierarchical.SameThreadHierarchicalTestExecutorService.submit(SameThreadHierarchicalTestExecutorService.java:35)
	at app//org.junit.platform.engine.support.hierarchical.HierarchicalTestExecutor.execute(HierarchicalTestExecutor.java:57)
	at app//org.junit.platform.engine.support.hierarchical.HierarchicalTestEngine.execute(HierarchicalTestEngine.java:54)
	at app//org.junit.platform.launcher.core.EngineExecutionOrchestrator.execute(EngineExecutionOrchestrator.java:107)
	at app//org.junit.platform.launcher.core.EngineExecutionOrchestrator.execute(EngineExecutionOrchestrator.java:88)
	at app//org.junit.platform.launcher.core.EngineExecutionOrchestrator.lambda$execute$0(EngineExecutionOrchestrator.java:54)
	at app//org.junit.platform.launcher.core.EngineExecutionOrchestrator.withInterceptedStreams(EngineExecutionOrchestrator.java:67)
	at app//org.junit.platform.launcher.core.EngineExecutionOrchestrator.execute(EngineExecutionOrchestrator.java:52)
	at app//org.junit.platform.launcher.core.DefaultLauncher.execute(DefaultLauncher.java:114)
	at app//org.junit.platform.launcher.core.DefaultLauncher.execute(DefaultLauncher.java:86)
	at app//org.junit.platform.launcher.core.DefaultLauncherSession$DelegatingLauncher.execute(DefaultLauncherSession.java:86)
	at org.gradle.api.internal.tasks.testing.junitplatform.JUnitPlatformTestClassProcessor$CollectAllTestClassesExecutor.processAllTestClasses(JUnitPlatformTestClassProcessor.java:110)
	at org.gradle.api.internal.tasks.testing.junitplatform.JUnitPlatformTestClassProcessor$CollectAllTestClassesExecutor.access$000(JUnitPlatformTestClassProcessor.java:90)
	at org.gradle.api.internal.tasks.testing.junitplatform.JUnitPlatformTestClassProcessor.stop(JUnitPlatformTestClassProcessor.java:85)
	at org.gradle.api.internal.tasks.testing.SuiteTestClassProcessor.stop(SuiteTestClassProcessor.java:62)
	at java.base@17.0.7/jdk.internal.reflect.NativeMethodAccessorImpl.invoke0(Native Method)
	at java.base@17.0.7/jdk.internal.reflect.NativeMethodAccessorImpl.invoke(NativeMethodAccessorImpl.java:77)
	at java.base@17.0.7/jdk.internal.reflect.DelegatingMethodAccessorImpl.invoke(DelegatingMethodAccessorImpl.java:43)
	at java.base@17.0.7/java.lang.reflect.Method.invoke(Method.java:568)
	at org.gradle.internal.dispatch.ReflectionDispatch.dispatch(ReflectionDispatch.java:36)
	at org.gradle.internal.dispatch.ReflectionDispatch.dispatch(ReflectionDispatch.java:24)
	at org.gradle.internal.dispatch.ContextClassLoaderDispatch.dispatch(ContextClassLoaderDispatch.java:33)
	at org.gradle.internal.dispatch.ProxyDispatchAdapter$DispatchingInvocationHandler.invoke(ProxyDispatchAdapter.java:94)
	at jdk.proxy2/jdk.proxy2.$Proxy5.stop(Unknown Source)
	at org.gradle.api.internal.tasks.testing.worker.TestWorker$3.run(TestWorker.java:193)
	at org.gradle.api.internal.tasks.testing.worker.TestWorker.executeAndMaintainThreadName(TestWorker.java:129)
	at org.gradle.api.internal.tasks.testing.worker.TestWorker.execute(TestWorker.java:100)
	at org.gradle.api.internal.tasks.testing.worker.TestWorker.execute(TestWorker.java:60)
	at org.gradle.process.internal.worker.child.ActionExecutionWorker.execute(ActionExecutionWorker.java:56)
	at org.gradle.process.internal.worker.child.SystemApplicationClassLoaderWorker.call(SystemApplicationClassLoaderWorker.java:113)
	at org.gradle.process.internal.worker.child.SystemApplicationClassLoaderWorker.call(SystemApplicationClassLoaderWorker.java:65)
	at app//worker.org.gradle.process.internal.worker.GradleWorkerMain.run(GradleWorkerMain.java:69)
	at app//worker.org.gradle.process.internal.worker.GradleWorkerMain.main(GradleWorkerMain.java:74)
</failure>
  </testcase>
  <testcase name="testQueryInheritance_4()" classname="de.uka.ilkd.key.parser.TestTermParserHeap" time="0.031">
    <failure message="Could not find (program) variable or constant queryRedefined at &lt;unknown&gt;:1:1 (&lt;unknown&gt;:1:1)" type="de.uka.ilkd.key.util.parsing.BuildingException">Could not find (program) variable or constant queryRedefined at &lt;unknown&gt;:1:1 (&lt;unknown&gt;:1:1)
	at app//de.uka.ilkd.key.nparser.builder.AbstractBuilder.semanticError(AbstractBuilder.java:179)
	at app//de.uka.ilkd.key.nparser.builder.DefaultBuilder.lookupVarfuncId(DefaultBuilder.java:174)
	at app//de.uka.ilkd.key.nparser.builder.ExpressionBuilder.visitAccessterm(ExpressionBuilder.java:1443)
	at app//de.uka.ilkd.key.nparser.builder.ExpressionBuilder.visitAccessterm(ExpressionBuilder.java:49)
	at app//de.uka.ilkd.key.nparser.KeYParser$AccesstermContext.accept(KeYParser.java:6174)
	at app//org.antlr.v4.runtime.tree.AbstractParseTreeVisitor.visitChildren(AbstractParseTreeVisitor.java:46)
	at app//de.uka.ilkd.key.nparser.KeYParserBaseVisitor.visitPrimitive_term(KeYParserBaseVisitor.java:542)
	at app//de.uka.ilkd.key.nparser.KeYParser$Primitive_termContext.accept(KeYParser.java:6074)
	at app//de.uka.ilkd.key.nparser.builder.AbstractBuilder.accept(AbstractBuilder.java:48)
	at app//de.uka.ilkd.key.nparser.builder.DefaultBuilder.accept(DefaultBuilder.java:35)
	at app//de.uka.ilkd.key.nparser.builder.ExpressionBuilder.visitPrimitive_labeled_term(ExpressionBuilder.java:877)
	at app//de.uka.ilkd.key.nparser.KeYParser$Primitive_labeled_termContext.accept(KeYParser.java:5877)
	at app//de.uka.ilkd.key.nparser.builder.AbstractBuilder.accept(AbstractBuilder.java:48)
	at app//de.uka.ilkd.key.nparser.builder.DefaultBuilder.accept(DefaultBuilder.java:35)
	at app//de.uka.ilkd.key.nparser.builder.ExpressionBuilder.visitBracket_term(ExpressionBuilder.java:403)
	at app//de.uka.ilkd.key.nparser.KeYParser$Bracket_termContext.accept(KeYParser.java:5527)
	at app//org.antlr.v4.runtime.tree.AbstractParseTreeVisitor.visitChildren(AbstractParseTreeVisitor.java:46)
	at app//de.uka.ilkd.key.nparser.KeYParserBaseVisitor.visitAtom_prefix(KeYParserBaseVisitor.java:472)
	at app//de.uka.ilkd.key.nparser.KeYParser$Atom_prefixContext.accept(KeYParser.java:5429)
	at app//de.uka.ilkd.key.nparser.builder.AbstractBuilder.accept(AbstractBuilder.java:48)
	at app//de.uka.ilkd.key.nparser.builder.DefaultBuilder.accept(DefaultBuilder.java:35)
	at app//de.uka.ilkd.key.nparser.builder.ExpressionBuilder.visitStrong_arith_term_2(ExpressionBuilder.java:382)
	at app//de.uka.ilkd.key.nparser.KeYParser$Strong_arith_term_2Context.accept(KeYParser.java:5035)
	at app//de.uka.ilkd.key.nparser.builder.AbstractBuilder.accept(AbstractBuilder.java:48)
	at app//de.uka.ilkd.key.nparser.builder.DefaultBuilder.accept(DefaultBuilder.java:35)
	at app//de.uka.ilkd.key.nparser.builder.ExpressionBuilder.visitStrong_arith_term_1(ExpressionBuilder.java:368)
	at app//de.uka.ilkd.key.nparser.KeYParser$Strong_arith_term_1Context.accept(KeYParser.java:4963)
	at app//de.uka.ilkd.key.nparser.builder.AbstractBuilder.accept(AbstractBuilder.java:48)
	at app//de.uka.ilkd.key.nparser.builder.DefaultBuilder.accept(DefaultBuilder.java:35)
	at app//de.uka.ilkd.key.nparser.builder.ExpressionBuilder.visitWeak_arith_term(ExpressionBuilder.java:331)
	at app//de.uka.ilkd.key.nparser.KeYParser$Weak_arith_termContext.accept(KeYParser.java:4877)
	at app//de.uka.ilkd.key.nparser.builder.AbstractBuilder.accept(AbstractBuilder.java:48)
	at app//de.uka.ilkd.key.nparser.builder.DefaultBuilder.accept(DefaultBuilder.java:35)
	at app//de.uka.ilkd.key.nparser.builder.ExpressionBuilder.visitComparison_term(ExpressionBuilder.java:305)
	at app//de.uka.ilkd.key.nparser.KeYParser$Comparison_termContext.accept(KeYParser.java:4793)
	at app//de.uka.ilkd.key.nparser.builder.AbstractBuilder.accept(AbstractBuilder.java:48)
	at app//de.uka.ilkd.key.nparser.builder.DefaultBuilder.accept(DefaultBuilder.java:35)
	at app//de.uka.ilkd.key.nparser.builder.ExpressionBuilder.visitEquality_term(ExpressionBuilder.java:294)
	at app//de.uka.ilkd.key.nparser.builder.ExpressionBuilder.visitEquality_term(ExpressionBuilder.java:49)
	at app//de.uka.ilkd.key.nparser.KeYParser$Equality_termContext.accept(KeYParser.java:4718)
	at app//org.antlr.v4.runtime.tree.AbstractParseTreeVisitor.visitChildren(AbstractParseTreeVisitor.java:46)
	at app//de.uka.ilkd.key.nparser.KeYParserBaseVisitor.visitTerm60(KeYParserBaseVisitor.java:381)
	at app//de.uka.ilkd.key.nparser.KeYParser$Term60Context.accept(KeYParser.java:4485)
	at app//de.uka.ilkd.key.nparser.builder.AbstractBuilder.accept(AbstractBuilder.java:48)
	at app//de.uka.ilkd.key.nparser.builder.DefaultBuilder.accept(DefaultBuilder.java:35)
	at app//de.uka.ilkd.key.nparser.builder.ExpressionBuilder.visitConjunction_term(ExpressionBuilder.java:238)
	at app//de.uka.ilkd.key.nparser.builder.ExpressionBuilder.visitConjunction_term(ExpressionBuilder.java:49)
	at app//de.uka.ilkd.key.nparser.KeYParser$Conjunction_termContext.accept(KeYParser.java:4419)
	at app//de.uka.ilkd.key.nparser.builder.AbstractBuilder.accept(AbstractBuilder.java:48)
	at app//de.uka.ilkd.key.nparser.builder.DefaultBuilder.accept(DefaultBuilder.java:35)
	at app//de.uka.ilkd.key.nparser.builder.ExpressionBuilder.visitDisjunction_term(ExpressionBuilder.java:229)
	at app//de.uka.ilkd.key.nparser.builder.ExpressionBuilder.visitDisjunction_term(ExpressionBuilder.java:49)
	at app//de.uka.ilkd.key.nparser.KeYParser$Disjunction_termContext.accept(KeYParser.java:4346)
	at app//de.uka.ilkd.key.nparser.builder.AbstractBuilder.accept(AbstractBuilder.java:48)
	at app//de.uka.ilkd.key.nparser.builder.DefaultBuilder.accept(DefaultBuilder.java:35)
	at app//de.uka.ilkd.key.nparser.builder.ExpressionBuilder.visitImplication_term(ExpressionBuilder.java:222)
	at app//de.uka.ilkd.key.nparser.builder.ExpressionBuilder.visitImplication_term(ExpressionBuilder.java:49)
	at app//de.uka.ilkd.key.nparser.KeYParser$Implication_termContext.accept(KeYParser.java:4278)
	at app//de.uka.ilkd.key.nparser.builder.AbstractBuilder.accept(AbstractBuilder.java:48)
	at app//de.uka.ilkd.key.nparser.builder.DefaultBuilder.accept(DefaultBuilder.java:35)
	at app//de.uka.ilkd.key.nparser.builder.ExpressionBuilder.visitEquivalence_term(ExpressionBuilder.java:198)
	at app//de.uka.ilkd.key.nparser.builder.ExpressionBuilder.visitEquivalence_term(ExpressionBuilder.java:49)
	at app//de.uka.ilkd.key.nparser.KeYParser$Equivalence_termContext.accept(KeYParser.java:4209)
	at app//de.uka.ilkd.key.nparser.builder.AbstractBuilder.accept(AbstractBuilder.java:48)
	at app//de.uka.ilkd.key.nparser.builder.DefaultBuilder.accept(DefaultBuilder.java:35)
	at app//de.uka.ilkd.key.nparser.builder.ExpressionBuilder.visitElementary_update_term(ExpressionBuilder.java:188)
	at app//de.uka.ilkd.key.nparser.builder.ExpressionBuilder.visitElementary_update_term(ExpressionBuilder.java:49)
	at app//de.uka.ilkd.key.nparser.KeYParser$Elementary_update_termContext.accept(KeYParser.java:4142)
	at app//de.uka.ilkd.key.nparser.builder.AbstractBuilder.lambda$mapOf$0(AbstractBuilder.java:124)
	at java.base@17.0.7/java.util.stream.ReferencePipeline$3$1.accept(ReferencePipeline.java:197)
	at java.base@17.0.7/java.util.ArrayList$ArrayListSpliterator.forEachRemaining(ArrayList.java:1625)
	at java.base@17.0.7/java.util.stream.AbstractPipeline.copyInto(AbstractPipeline.java:509)
	at java.base@17.0.7/java.util.stream.AbstractPipeline.wrapAndCopyInto(AbstractPipeline.java:499)
	at java.base@17.0.7/java.util.stream.ReduceOps$ReduceOp.evaluateSequential(ReduceOps.java:921)
	at java.base@17.0.7/java.util.stream.AbstractPipeline.evaluate(AbstractPipeline.java:234)
	at java.base@17.0.7/java.util.stream.ReferencePipeline.collect(ReferencePipeline.java:682)
	at app//de.uka.ilkd.key.nparser.builder.AbstractBuilder.mapOf(AbstractBuilder.java:124)
	at app//de.uka.ilkd.key.nparser.builder.ExpressionBuilder.visitParallel_term(ExpressionBuilder.java:173)
	at app//de.uka.ilkd.key.nparser.builder.ExpressionBuilder.visitParallel_term(ExpressionBuilder.java:49)
	at app//de.uka.ilkd.key.nparser.KeYParser$Parallel_termContext.accept(KeYParser.java:4074)
	at app//org.antlr.v4.runtime.tree.AbstractParseTreeVisitor.visitChildren(AbstractParseTreeVisitor.java:46)
	at app//de.uka.ilkd.key.nparser.KeYParserBaseVisitor.visitTerm(KeYParserBaseVisitor.java:332)
	at app//de.uka.ilkd.key.nparser.KeYParser$TermContext.accept(KeYParser.java:4020)
	at app//de.uka.ilkd.key.nparser.KeyAst.accept(KeyAst.java:43)
	at app//de.uka.ilkd.key.nparser.KeyIO.parseExpression(KeyIO.java:96)
	at app//de.uka.ilkd.key.nparser.KeyIO.parseExpression(KeyIO.java:79)
	at app//de.uka.ilkd.key.parser.AbstractTestTermParser.parseTerm(AbstractTestTermParser.java:74)
	at app//de.uka.ilkd.key.parser.AbstractTestTermParser.comparePrettySyntaxAgainstVerboseSyntax(AbstractTestTermParser.java:141)
	at app//de.uka.ilkd.key.parser.TestTermParserHeap.testQueryInheritance_4(TestTermParserHeap.java:364)
	at java.base@17.0.7/jdk.internal.reflect.NativeMethodAccessorImpl.invoke0(Native Method)
	at java.base@17.0.7/jdk.internal.reflect.NativeMethodAccessorImpl.invoke(NativeMethodAccessorImpl.java:77)
	at java.base@17.0.7/jdk.internal.reflect.DelegatingMethodAccessorImpl.invoke(DelegatingMethodAccessorImpl.java:43)
	at java.base@17.0.7/java.lang.reflect.Method.invoke(Method.java:568)
	at app//org.junit.platform.commons.util.ReflectionUtils.invokeMethod(ReflectionUtils.java:727)
	at app//org.junit.jupiter.engine.execution.MethodInvocation.proceed(MethodInvocation.java:60)
	at app//org.junit.jupiter.engine.execution.InvocationInterceptorChain$ValidatingInvocation.proceed(InvocationInterceptorChain.java:131)
	at app//org.junit.jupiter.engine.extension.TimeoutExtension.intercept(TimeoutExtension.java:156)
	at app//org.junit.jupiter.engine.extension.TimeoutExtension.interceptTestableMethod(TimeoutExtension.java:147)
	at app//org.junit.jupiter.engine.extension.TimeoutExtension.interceptTestMethod(TimeoutExtension.java:86)
	at app//org.junit.jupiter.engine.execution.InterceptingExecutableInvoker$ReflectiveInterceptorCall.lambda$ofVoidMethod$0(InterceptingExecutableInvoker.java:103)
	at app//org.junit.jupiter.engine.execution.InterceptingExecutableInvoker.lambda$invoke$0(InterceptingExecutableInvoker.java:93)
	at app//org.junit.jupiter.engine.execution.InvocationInterceptorChain$InterceptedInvocation.proceed(InvocationInterceptorChain.java:106)
	at app//org.junit.jupiter.engine.execution.InvocationInterceptorChain.proceed(InvocationInterceptorChain.java:64)
	at app//org.junit.jupiter.engine.execution.InvocationInterceptorChain.chainAndInvoke(InvocationInterceptorChain.java:45)
	at app//org.junit.jupiter.engine.execution.InvocationInterceptorChain.invoke(InvocationInterceptorChain.java:37)
	at app//org.junit.jupiter.engine.execution.InterceptingExecutableInvoker.invoke(InterceptingExecutableInvoker.java:92)
	at app//org.junit.jupiter.engine.execution.InterceptingExecutableInvoker.invoke(InterceptingExecutableInvoker.java:86)
	at app//org.junit.jupiter.engine.descriptor.TestMethodTestDescriptor.lambda$invokeTestMethod$7(TestMethodTestDescriptor.java:217)
	at app//org.junit.platform.engine.support.hierarchical.ThrowableCollector.execute(ThrowableCollector.java:73)
	at app//org.junit.jupiter.engine.descriptor.TestMethodTestDescriptor.invokeTestMethod(TestMethodTestDescriptor.java:213)
	at app//org.junit.jupiter.engine.descriptor.TestMethodTestDescriptor.execute(TestMethodTestDescriptor.java:138)
	at app//org.junit.jupiter.engine.descriptor.TestMethodTestDescriptor.execute(TestMethodTestDescriptor.java:68)
	at app//org.junit.platform.engine.support.hierarchical.NodeTestTask.lambda$executeRecursively$6(NodeTestTask.java:151)
	at app//org.junit.platform.engine.support.hierarchical.ThrowableCollector.execute(ThrowableCollector.java:73)
	at app//org.junit.platform.engine.support.hierarchical.NodeTestTask.lambda$executeRecursively$8(NodeTestTask.java:141)
	at app//org.junit.platform.engine.support.hierarchical.Node.around(Node.java:137)
	at app//org.junit.platform.engine.support.hierarchical.NodeTestTask.lambda$executeRecursively$9(NodeTestTask.java:139)
	at app//org.junit.platform.engine.support.hierarchical.ThrowableCollector.execute(ThrowableCollector.java:73)
	at app//org.junit.platform.engine.support.hierarchical.NodeTestTask.executeRecursively(NodeTestTask.java:138)
	at app//org.junit.platform.engine.support.hierarchical.NodeTestTask.execute(NodeTestTask.java:95)
	at java.base@17.0.7/java.util.ArrayList.forEach(ArrayList.java:1511)
	at app//org.junit.platform.engine.support.hierarchical.SameThreadHierarchicalTestExecutorService.invokeAll(SameThreadHierarchicalTestExecutorService.java:41)
	at app//org.junit.platform.engine.support.hierarchical.NodeTestTask.lambda$executeRecursively$6(NodeTestTask.java:155)
	at app//org.junit.platform.engine.support.hierarchical.ThrowableCollector.execute(ThrowableCollector.java:73)
	at app//org.junit.platform.engine.support.hierarchical.NodeTestTask.lambda$executeRecursively$8(NodeTestTask.java:141)
	at app//org.junit.platform.engine.support.hierarchical.Node.around(Node.java:137)
	at app//org.junit.platform.engine.support.hierarchical.NodeTestTask.lambda$executeRecursively$9(NodeTestTask.java:139)
	at app//org.junit.platform.engine.support.hierarchical.ThrowableCollector.execute(ThrowableCollector.java:73)
	at app//org.junit.platform.engine.support.hierarchical.NodeTestTask.executeRecursively(NodeTestTask.java:138)
	at app//org.junit.platform.engine.support.hierarchical.NodeTestTask.execute(NodeTestTask.java:95)
	at java.base@17.0.7/java.util.ArrayList.forEach(ArrayList.java:1511)
	at app//org.junit.platform.engine.support.hierarchical.SameThreadHierarchicalTestExecutorService.invokeAll(SameThreadHierarchicalTestExecutorService.java:41)
	at app//org.junit.platform.engine.support.hierarchical.NodeTestTask.lambda$executeRecursively$6(NodeTestTask.java:155)
	at app//org.junit.platform.engine.support.hierarchical.ThrowableCollector.execute(ThrowableCollector.java:73)
	at app//org.junit.platform.engine.support.hierarchical.NodeTestTask.lambda$executeRecursively$8(NodeTestTask.java:141)
	at app//org.junit.platform.engine.support.hierarchical.Node.around(Node.java:137)
	at app//org.junit.platform.engine.support.hierarchical.NodeTestTask.lambda$executeRecursively$9(NodeTestTask.java:139)
	at app//org.junit.platform.engine.support.hierarchical.ThrowableCollector.execute(ThrowableCollector.java:73)
	at app//org.junit.platform.engine.support.hierarchical.NodeTestTask.executeRecursively(NodeTestTask.java:138)
	at app//org.junit.platform.engine.support.hierarchical.NodeTestTask.execute(NodeTestTask.java:95)
	at app//org.junit.platform.engine.support.hierarchical.SameThreadHierarchicalTestExecutorService.submit(SameThreadHierarchicalTestExecutorService.java:35)
	at app//org.junit.platform.engine.support.hierarchical.HierarchicalTestExecutor.execute(HierarchicalTestExecutor.java:57)
	at app//org.junit.platform.engine.support.hierarchical.HierarchicalTestEngine.execute(HierarchicalTestEngine.java:54)
	at app//org.junit.platform.launcher.core.EngineExecutionOrchestrator.execute(EngineExecutionOrchestrator.java:107)
	at app//org.junit.platform.launcher.core.EngineExecutionOrchestrator.execute(EngineExecutionOrchestrator.java:88)
	at app//org.junit.platform.launcher.core.EngineExecutionOrchestrator.lambda$execute$0(EngineExecutionOrchestrator.java:54)
	at app//org.junit.platform.launcher.core.EngineExecutionOrchestrator.withInterceptedStreams(EngineExecutionOrchestrator.java:67)
	at app//org.junit.platform.launcher.core.EngineExecutionOrchestrator.execute(EngineExecutionOrchestrator.java:52)
	at app//org.junit.platform.launcher.core.DefaultLauncher.execute(DefaultLauncher.java:114)
	at app//org.junit.platform.launcher.core.DefaultLauncher.execute(DefaultLauncher.java:86)
	at app//org.junit.platform.launcher.core.DefaultLauncherSession$DelegatingLauncher.execute(DefaultLauncherSession.java:86)
	at org.gradle.api.internal.tasks.testing.junitplatform.JUnitPlatformTestClassProcessor$CollectAllTestClassesExecutor.processAllTestClasses(JUnitPlatformTestClassProcessor.java:110)
	at org.gradle.api.internal.tasks.testing.junitplatform.JUnitPlatformTestClassProcessor$CollectAllTestClassesExecutor.access$000(JUnitPlatformTestClassProcessor.java:90)
	at org.gradle.api.internal.tasks.testing.junitplatform.JUnitPlatformTestClassProcessor.stop(JUnitPlatformTestClassProcessor.java:85)
	at org.gradle.api.internal.tasks.testing.SuiteTestClassProcessor.stop(SuiteTestClassProcessor.java:62)
	at java.base@17.0.7/jdk.internal.reflect.NativeMethodAccessorImpl.invoke0(Native Method)
	at java.base@17.0.7/jdk.internal.reflect.NativeMethodAccessorImpl.invoke(NativeMethodAccessorImpl.java:77)
	at java.base@17.0.7/jdk.internal.reflect.DelegatingMethodAccessorImpl.invoke(DelegatingMethodAccessorImpl.java:43)
	at java.base@17.0.7/java.lang.reflect.Method.invoke(Method.java:568)
	at org.gradle.internal.dispatch.ReflectionDispatch.dispatch(ReflectionDispatch.java:36)
	at org.gradle.internal.dispatch.ReflectionDispatch.dispatch(ReflectionDispatch.java:24)
	at org.gradle.internal.dispatch.ContextClassLoaderDispatch.dispatch(ContextClassLoaderDispatch.java:33)
	at org.gradle.internal.dispatch.ProxyDispatchAdapter$DispatchingInvocationHandler.invoke(ProxyDispatchAdapter.java:94)
	at jdk.proxy2/jdk.proxy2.$Proxy5.stop(Unknown Source)
	at org.gradle.api.internal.tasks.testing.worker.TestWorker$3.run(TestWorker.java:193)
	at org.gradle.api.internal.tasks.testing.worker.TestWorker.executeAndMaintainThreadName(TestWorker.java:129)
	at org.gradle.api.internal.tasks.testing.worker.TestWorker.execute(TestWorker.java:100)
	at org.gradle.api.internal.tasks.testing.worker.TestWorker.execute(TestWorker.java:60)
	at org.gradle.process.internal.worker.child.ActionExecutionWorker.execute(ActionExecutionWorker.java:56)
	at org.gradle.process.internal.worker.child.SystemApplicationClassLoaderWorker.call(SystemApplicationClassLoaderWorker.java:113)
	at org.gradle.process.internal.worker.child.SystemApplicationClassLoaderWorker.call(SystemApplicationClassLoaderWorker.java:65)
	at app//worker.org.gradle.process.internal.worker.GradleWorkerMain.run(GradleWorkerMain.java:69)
	at app//worker.org.gradle.process.internal.worker.GradleWorkerMain.main(GradleWorkerMain.java:74)
</failure>
  </testcase>
  <testcase name="testQueryInheritance_5()" classname="de.uka.ilkd.key.parser.TestTermParserHeap" time="0.011">
    <failure message="Could not find (program) variable or constant queryOverridden at &lt;unknown&gt;:1:1 (&lt;unknown&gt;:1:1)" type="de.uka.ilkd.key.util.parsing.BuildingException">Could not find (program) variable or constant queryOverridden at &lt;unknown&gt;:1:1 (&lt;unknown&gt;:1:1)
	at app//de.uka.ilkd.key.nparser.builder.AbstractBuilder.semanticError(AbstractBuilder.java:179)
	at app//de.uka.ilkd.key.nparser.builder.DefaultBuilder.lookupVarfuncId(DefaultBuilder.java:174)
	at app//de.uka.ilkd.key.nparser.builder.ExpressionBuilder.visitAccessterm(ExpressionBuilder.java:1443)
	at app//de.uka.ilkd.key.nparser.builder.ExpressionBuilder.visitAccessterm(ExpressionBuilder.java:49)
	at app//de.uka.ilkd.key.nparser.KeYParser$AccesstermContext.accept(KeYParser.java:6174)
	at app//org.antlr.v4.runtime.tree.AbstractParseTreeVisitor.visitChildren(AbstractParseTreeVisitor.java:46)
	at app//de.uka.ilkd.key.nparser.KeYParserBaseVisitor.visitPrimitive_term(KeYParserBaseVisitor.java:542)
	at app//de.uka.ilkd.key.nparser.KeYParser$Primitive_termContext.accept(KeYParser.java:6074)
	at app//de.uka.ilkd.key.nparser.builder.AbstractBuilder.accept(AbstractBuilder.java:48)
	at app//de.uka.ilkd.key.nparser.builder.DefaultBuilder.accept(DefaultBuilder.java:35)
	at app//de.uka.ilkd.key.nparser.builder.ExpressionBuilder.visitPrimitive_labeled_term(ExpressionBuilder.java:877)
	at app//de.uka.ilkd.key.nparser.KeYParser$Primitive_labeled_termContext.accept(KeYParser.java:5877)
	at app//de.uka.ilkd.key.nparser.builder.AbstractBuilder.accept(AbstractBuilder.java:48)
	at app//de.uka.ilkd.key.nparser.builder.DefaultBuilder.accept(DefaultBuilder.java:35)
	at app//de.uka.ilkd.key.nparser.builder.ExpressionBuilder.visitBracket_term(ExpressionBuilder.java:403)
	at app//de.uka.ilkd.key.nparser.KeYParser$Bracket_termContext.accept(KeYParser.java:5527)
	at app//org.antlr.v4.runtime.tree.AbstractParseTreeVisitor.visitChildren(AbstractParseTreeVisitor.java:46)
	at app//de.uka.ilkd.key.nparser.KeYParserBaseVisitor.visitAtom_prefix(KeYParserBaseVisitor.java:472)
	at app//de.uka.ilkd.key.nparser.KeYParser$Atom_prefixContext.accept(KeYParser.java:5429)
	at app//de.uka.ilkd.key.nparser.builder.AbstractBuilder.accept(AbstractBuilder.java:48)
	at app//de.uka.ilkd.key.nparser.builder.DefaultBuilder.accept(DefaultBuilder.java:35)
	at app//de.uka.ilkd.key.nparser.builder.ExpressionBuilder.visitStrong_arith_term_2(ExpressionBuilder.java:382)
	at app//de.uka.ilkd.key.nparser.KeYParser$Strong_arith_term_2Context.accept(KeYParser.java:5035)
	at app//de.uka.ilkd.key.nparser.builder.AbstractBuilder.accept(AbstractBuilder.java:48)
	at app//de.uka.ilkd.key.nparser.builder.DefaultBuilder.accept(DefaultBuilder.java:35)
	at app//de.uka.ilkd.key.nparser.builder.ExpressionBuilder.visitStrong_arith_term_1(ExpressionBuilder.java:368)
	at app//de.uka.ilkd.key.nparser.KeYParser$Strong_arith_term_1Context.accept(KeYParser.java:4963)
	at app//de.uka.ilkd.key.nparser.builder.AbstractBuilder.accept(AbstractBuilder.java:48)
	at app//de.uka.ilkd.key.nparser.builder.DefaultBuilder.accept(DefaultBuilder.java:35)
	at app//de.uka.ilkd.key.nparser.builder.ExpressionBuilder.visitWeak_arith_term(ExpressionBuilder.java:331)
	at app//de.uka.ilkd.key.nparser.KeYParser$Weak_arith_termContext.accept(KeYParser.java:4877)
	at app//de.uka.ilkd.key.nparser.builder.AbstractBuilder.accept(AbstractBuilder.java:48)
	at app//de.uka.ilkd.key.nparser.builder.DefaultBuilder.accept(DefaultBuilder.java:35)
	at app//de.uka.ilkd.key.nparser.builder.ExpressionBuilder.visitComparison_term(ExpressionBuilder.java:305)
	at app//de.uka.ilkd.key.nparser.KeYParser$Comparison_termContext.accept(KeYParser.java:4793)
	at app//de.uka.ilkd.key.nparser.builder.AbstractBuilder.accept(AbstractBuilder.java:48)
	at app//de.uka.ilkd.key.nparser.builder.DefaultBuilder.accept(DefaultBuilder.java:35)
	at app//de.uka.ilkd.key.nparser.builder.ExpressionBuilder.visitEquality_term(ExpressionBuilder.java:294)
	at app//de.uka.ilkd.key.nparser.builder.ExpressionBuilder.visitEquality_term(ExpressionBuilder.java:49)
	at app//de.uka.ilkd.key.nparser.KeYParser$Equality_termContext.accept(KeYParser.java:4718)
	at app//org.antlr.v4.runtime.tree.AbstractParseTreeVisitor.visitChildren(AbstractParseTreeVisitor.java:46)
	at app//de.uka.ilkd.key.nparser.KeYParserBaseVisitor.visitTerm60(KeYParserBaseVisitor.java:381)
	at app//de.uka.ilkd.key.nparser.KeYParser$Term60Context.accept(KeYParser.java:4485)
	at app//de.uka.ilkd.key.nparser.builder.AbstractBuilder.accept(AbstractBuilder.java:48)
	at app//de.uka.ilkd.key.nparser.builder.DefaultBuilder.accept(DefaultBuilder.java:35)
	at app//de.uka.ilkd.key.nparser.builder.ExpressionBuilder.visitConjunction_term(ExpressionBuilder.java:238)
	at app//de.uka.ilkd.key.nparser.builder.ExpressionBuilder.visitConjunction_term(ExpressionBuilder.java:49)
	at app//de.uka.ilkd.key.nparser.KeYParser$Conjunction_termContext.accept(KeYParser.java:4419)
	at app//de.uka.ilkd.key.nparser.builder.AbstractBuilder.accept(AbstractBuilder.java:48)
	at app//de.uka.ilkd.key.nparser.builder.DefaultBuilder.accept(DefaultBuilder.java:35)
	at app//de.uka.ilkd.key.nparser.builder.ExpressionBuilder.visitDisjunction_term(ExpressionBuilder.java:229)
	at app//de.uka.ilkd.key.nparser.builder.ExpressionBuilder.visitDisjunction_term(ExpressionBuilder.java:49)
	at app//de.uka.ilkd.key.nparser.KeYParser$Disjunction_termContext.accept(KeYParser.java:4346)
	at app//de.uka.ilkd.key.nparser.builder.AbstractBuilder.accept(AbstractBuilder.java:48)
	at app//de.uka.ilkd.key.nparser.builder.DefaultBuilder.accept(DefaultBuilder.java:35)
	at app//de.uka.ilkd.key.nparser.builder.ExpressionBuilder.visitImplication_term(ExpressionBuilder.java:222)
	at app//de.uka.ilkd.key.nparser.builder.ExpressionBuilder.visitImplication_term(ExpressionBuilder.java:49)
	at app//de.uka.ilkd.key.nparser.KeYParser$Implication_termContext.accept(KeYParser.java:4278)
	at app//de.uka.ilkd.key.nparser.builder.AbstractBuilder.accept(AbstractBuilder.java:48)
	at app//de.uka.ilkd.key.nparser.builder.DefaultBuilder.accept(DefaultBuilder.java:35)
	at app//de.uka.ilkd.key.nparser.builder.ExpressionBuilder.visitEquivalence_term(ExpressionBuilder.java:198)
	at app//de.uka.ilkd.key.nparser.builder.ExpressionBuilder.visitEquivalence_term(ExpressionBuilder.java:49)
	at app//de.uka.ilkd.key.nparser.KeYParser$Equivalence_termContext.accept(KeYParser.java:4209)
	at app//de.uka.ilkd.key.nparser.builder.AbstractBuilder.accept(AbstractBuilder.java:48)
	at app//de.uka.ilkd.key.nparser.builder.DefaultBuilder.accept(DefaultBuilder.java:35)
	at app//de.uka.ilkd.key.nparser.builder.ExpressionBuilder.visitElementary_update_term(ExpressionBuilder.java:188)
	at app//de.uka.ilkd.key.nparser.builder.ExpressionBuilder.visitElementary_update_term(ExpressionBuilder.java:49)
	at app//de.uka.ilkd.key.nparser.KeYParser$Elementary_update_termContext.accept(KeYParser.java:4142)
	at app//de.uka.ilkd.key.nparser.builder.AbstractBuilder.lambda$mapOf$0(AbstractBuilder.java:124)
	at java.base@17.0.7/java.util.stream.ReferencePipeline$3$1.accept(ReferencePipeline.java:197)
	at java.base@17.0.7/java.util.ArrayList$ArrayListSpliterator.forEachRemaining(ArrayList.java:1625)
	at java.base@17.0.7/java.util.stream.AbstractPipeline.copyInto(AbstractPipeline.java:509)
	at java.base@17.0.7/java.util.stream.AbstractPipeline.wrapAndCopyInto(AbstractPipeline.java:499)
	at java.base@17.0.7/java.util.stream.ReduceOps$ReduceOp.evaluateSequential(ReduceOps.java:921)
	at java.base@17.0.7/java.util.stream.AbstractPipeline.evaluate(AbstractPipeline.java:234)
	at java.base@17.0.7/java.util.stream.ReferencePipeline.collect(ReferencePipeline.java:682)
	at app//de.uka.ilkd.key.nparser.builder.AbstractBuilder.mapOf(AbstractBuilder.java:124)
	at app//de.uka.ilkd.key.nparser.builder.ExpressionBuilder.visitParallel_term(ExpressionBuilder.java:173)
	at app//de.uka.ilkd.key.nparser.builder.ExpressionBuilder.visitParallel_term(ExpressionBuilder.java:49)
	at app//de.uka.ilkd.key.nparser.KeYParser$Parallel_termContext.accept(KeYParser.java:4074)
	at app//org.antlr.v4.runtime.tree.AbstractParseTreeVisitor.visitChildren(AbstractParseTreeVisitor.java:46)
	at app//de.uka.ilkd.key.nparser.KeYParserBaseVisitor.visitTerm(KeYParserBaseVisitor.java:332)
	at app//de.uka.ilkd.key.nparser.KeYParser$TermContext.accept(KeYParser.java:4020)
	at app//de.uka.ilkd.key.nparser.KeyAst.accept(KeyAst.java:43)
	at app//de.uka.ilkd.key.nparser.KeyIO.parseExpression(KeyIO.java:96)
	at app//de.uka.ilkd.key.nparser.KeyIO.parseExpression(KeyIO.java:79)
	at app//de.uka.ilkd.key.parser.AbstractTestTermParser.parseTerm(AbstractTestTermParser.java:74)
	at app//de.uka.ilkd.key.parser.AbstractTestTermParser.comparePrettySyntaxAgainstVerboseSyntax(AbstractTestTermParser.java:141)
	at app//de.uka.ilkd.key.parser.TestTermParserHeap.testQueryInheritance_5(TestTermParserHeap.java:372)
	at java.base@17.0.7/jdk.internal.reflect.NativeMethodAccessorImpl.invoke0(Native Method)
	at java.base@17.0.7/jdk.internal.reflect.NativeMethodAccessorImpl.invoke(NativeMethodAccessorImpl.java:77)
	at java.base@17.0.7/jdk.internal.reflect.DelegatingMethodAccessorImpl.invoke(DelegatingMethodAccessorImpl.java:43)
	at java.base@17.0.7/java.lang.reflect.Method.invoke(Method.java:568)
	at app//org.junit.platform.commons.util.ReflectionUtils.invokeMethod(ReflectionUtils.java:727)
	at app//org.junit.jupiter.engine.execution.MethodInvocation.proceed(MethodInvocation.java:60)
	at app//org.junit.jupiter.engine.execution.InvocationInterceptorChain$ValidatingInvocation.proceed(InvocationInterceptorChain.java:131)
	at app//org.junit.jupiter.engine.extension.TimeoutExtension.intercept(TimeoutExtension.java:156)
	at app//org.junit.jupiter.engine.extension.TimeoutExtension.interceptTestableMethod(TimeoutExtension.java:147)
	at app//org.junit.jupiter.engine.extension.TimeoutExtension.interceptTestMethod(TimeoutExtension.java:86)
	at app//org.junit.jupiter.engine.execution.InterceptingExecutableInvoker$ReflectiveInterceptorCall.lambda$ofVoidMethod$0(InterceptingExecutableInvoker.java:103)
	at app//org.junit.jupiter.engine.execution.InterceptingExecutableInvoker.lambda$invoke$0(InterceptingExecutableInvoker.java:93)
	at app//org.junit.jupiter.engine.execution.InvocationInterceptorChain$InterceptedInvocation.proceed(InvocationInterceptorChain.java:106)
	at app//org.junit.jupiter.engine.execution.InvocationInterceptorChain.proceed(InvocationInterceptorChain.java:64)
	at app//org.junit.jupiter.engine.execution.InvocationInterceptorChain.chainAndInvoke(InvocationInterceptorChain.java:45)
	at app//org.junit.jupiter.engine.execution.InvocationInterceptorChain.invoke(InvocationInterceptorChain.java:37)
	at app//org.junit.jupiter.engine.execution.InterceptingExecutableInvoker.invoke(InterceptingExecutableInvoker.java:92)
	at app//org.junit.jupiter.engine.execution.InterceptingExecutableInvoker.invoke(InterceptingExecutableInvoker.java:86)
	at app//org.junit.jupiter.engine.descriptor.TestMethodTestDescriptor.lambda$invokeTestMethod$7(TestMethodTestDescriptor.java:217)
	at app//org.junit.platform.engine.support.hierarchical.ThrowableCollector.execute(ThrowableCollector.java:73)
	at app//org.junit.jupiter.engine.descriptor.TestMethodTestDescriptor.invokeTestMethod(TestMethodTestDescriptor.java:213)
	at app//org.junit.jupiter.engine.descriptor.TestMethodTestDescriptor.execute(TestMethodTestDescriptor.java:138)
	at app//org.junit.jupiter.engine.descriptor.TestMethodTestDescriptor.execute(TestMethodTestDescriptor.java:68)
	at app//org.junit.platform.engine.support.hierarchical.NodeTestTask.lambda$executeRecursively$6(NodeTestTask.java:151)
	at app//org.junit.platform.engine.support.hierarchical.ThrowableCollector.execute(ThrowableCollector.java:73)
	at app//org.junit.platform.engine.support.hierarchical.NodeTestTask.lambda$executeRecursively$8(NodeTestTask.java:141)
	at app//org.junit.platform.engine.support.hierarchical.Node.around(Node.java:137)
	at app//org.junit.platform.engine.support.hierarchical.NodeTestTask.lambda$executeRecursively$9(NodeTestTask.java:139)
	at app//org.junit.platform.engine.support.hierarchical.ThrowableCollector.execute(ThrowableCollector.java:73)
	at app//org.junit.platform.engine.support.hierarchical.NodeTestTask.executeRecursively(NodeTestTask.java:138)
	at app//org.junit.platform.engine.support.hierarchical.NodeTestTask.execute(NodeTestTask.java:95)
	at java.base@17.0.7/java.util.ArrayList.forEach(ArrayList.java:1511)
	at app//org.junit.platform.engine.support.hierarchical.SameThreadHierarchicalTestExecutorService.invokeAll(SameThreadHierarchicalTestExecutorService.java:41)
	at app//org.junit.platform.engine.support.hierarchical.NodeTestTask.lambda$executeRecursively$6(NodeTestTask.java:155)
	at app//org.junit.platform.engine.support.hierarchical.ThrowableCollector.execute(ThrowableCollector.java:73)
	at app//org.junit.platform.engine.support.hierarchical.NodeTestTask.lambda$executeRecursively$8(NodeTestTask.java:141)
	at app//org.junit.platform.engine.support.hierarchical.Node.around(Node.java:137)
	at app//org.junit.platform.engine.support.hierarchical.NodeTestTask.lambda$executeRecursively$9(NodeTestTask.java:139)
	at app//org.junit.platform.engine.support.hierarchical.ThrowableCollector.execute(ThrowableCollector.java:73)
	at app//org.junit.platform.engine.support.hierarchical.NodeTestTask.executeRecursively(NodeTestTask.java:138)
	at app//org.junit.platform.engine.support.hierarchical.NodeTestTask.execute(NodeTestTask.java:95)
	at java.base@17.0.7/java.util.ArrayList.forEach(ArrayList.java:1511)
	at app//org.junit.platform.engine.support.hierarchical.SameThreadHierarchicalTestExecutorService.invokeAll(SameThreadHierarchicalTestExecutorService.java:41)
	at app//org.junit.platform.engine.support.hierarchical.NodeTestTask.lambda$executeRecursively$6(NodeTestTask.java:155)
	at app//org.junit.platform.engine.support.hierarchical.ThrowableCollector.execute(ThrowableCollector.java:73)
	at app//org.junit.platform.engine.support.hierarchical.NodeTestTask.lambda$executeRecursively$8(NodeTestTask.java:141)
	at app//org.junit.platform.engine.support.hierarchical.Node.around(Node.java:137)
	at app//org.junit.platform.engine.support.hierarchical.NodeTestTask.lambda$executeRecursively$9(NodeTestTask.java:139)
	at app//org.junit.platform.engine.support.hierarchical.ThrowableCollector.execute(ThrowableCollector.java:73)
	at app//org.junit.platform.engine.support.hierarchical.NodeTestTask.executeRecursively(NodeTestTask.java:138)
	at app//org.junit.platform.engine.support.hierarchical.NodeTestTask.execute(NodeTestTask.java:95)
	at app//org.junit.platform.engine.support.hierarchical.SameThreadHierarchicalTestExecutorService.submit(SameThreadHierarchicalTestExecutorService.java:35)
	at app//org.junit.platform.engine.support.hierarchical.HierarchicalTestExecutor.execute(HierarchicalTestExecutor.java:57)
	at app//org.junit.platform.engine.support.hierarchical.HierarchicalTestEngine.execute(HierarchicalTestEngine.java:54)
	at app//org.junit.platform.launcher.core.EngineExecutionOrchestrator.execute(EngineExecutionOrchestrator.java:107)
	at app//org.junit.platform.launcher.core.EngineExecutionOrchestrator.execute(EngineExecutionOrchestrator.java:88)
	at app//org.junit.platform.launcher.core.EngineExecutionOrchestrator.lambda$execute$0(EngineExecutionOrchestrator.java:54)
	at app//org.junit.platform.launcher.core.EngineExecutionOrchestrator.withInterceptedStreams(EngineExecutionOrchestrator.java:67)
	at app//org.junit.platform.launcher.core.EngineExecutionOrchestrator.execute(EngineExecutionOrchestrator.java:52)
	at app//org.junit.platform.launcher.core.DefaultLauncher.execute(DefaultLauncher.java:114)
	at app//org.junit.platform.launcher.core.DefaultLauncher.execute(DefaultLauncher.java:86)
	at app//org.junit.platform.launcher.core.DefaultLauncherSession$DelegatingLauncher.execute(DefaultLauncherSession.java:86)
	at org.gradle.api.internal.tasks.testing.junitplatform.JUnitPlatformTestClassProcessor$CollectAllTestClassesExecutor.processAllTestClasses(JUnitPlatformTestClassProcessor.java:110)
	at org.gradle.api.internal.tasks.testing.junitplatform.JUnitPlatformTestClassProcessor$CollectAllTestClassesExecutor.access$000(JUnitPlatformTestClassProcessor.java:90)
	at org.gradle.api.internal.tasks.testing.junitplatform.JUnitPlatformTestClassProcessor.stop(JUnitPlatformTestClassProcessor.java:85)
	at org.gradle.api.internal.tasks.testing.SuiteTestClassProcessor.stop(SuiteTestClassProcessor.java:62)
	at java.base@17.0.7/jdk.internal.reflect.NativeMethodAccessorImpl.invoke0(Native Method)
	at java.base@17.0.7/jdk.internal.reflect.NativeMethodAccessorImpl.invoke(NativeMethodAccessorImpl.java:77)
	at java.base@17.0.7/jdk.internal.reflect.DelegatingMethodAccessorImpl.invoke(DelegatingMethodAccessorImpl.java:43)
	at java.base@17.0.7/java.lang.reflect.Method.invoke(Method.java:568)
	at org.gradle.internal.dispatch.ReflectionDispatch.dispatch(ReflectionDispatch.java:36)
	at org.gradle.internal.dispatch.ReflectionDispatch.dispatch(ReflectionDispatch.java:24)
	at org.gradle.internal.dispatch.ContextClassLoaderDispatch.dispatch(ContextClassLoaderDispatch.java:33)
	at org.gradle.internal.dispatch.ProxyDispatchAdapter$DispatchingInvocationHandler.invoke(ProxyDispatchAdapter.java:94)
	at jdk.proxy2/jdk.proxy2.$Proxy5.stop(Unknown Source)
	at org.gradle.api.internal.tasks.testing.worker.TestWorker$3.run(TestWorker.java:193)
	at org.gradle.api.internal.tasks.testing.worker.TestWorker.executeAndMaintainThreadName(TestWorker.java:129)
	at org.gradle.api.internal.tasks.testing.worker.TestWorker.execute(TestWorker.java:100)
	at org.gradle.api.internal.tasks.testing.worker.TestWorker.execute(TestWorker.java:60)
	at org.gradle.process.internal.worker.child.ActionExecutionWorker.execute(ActionExecutionWorker.java:56)
	at org.gradle.process.internal.worker.child.SystemApplicationClassLoaderWorker.call(SystemApplicationClassLoaderWorker.java:113)
	at org.gradle.process.internal.worker.child.SystemApplicationClassLoaderWorker.call(SystemApplicationClassLoaderWorker.java:65)
	at app//worker.org.gradle.process.internal.worker.GradleWorkerMain.run(GradleWorkerMain.java:69)
	at app//worker.org.gradle.process.internal.worker.GradleWorkerMain.main(GradleWorkerMain.java:74)
</failure>
  </testcase>
  <testcase name="testQueryInheritance_6()" classname="de.uka.ilkd.key.parser.TestTermParserHeap" time="0.024">
    <failure message="Could not find (program) variable or constant toString at &lt;unknown&gt;:1:1 (&lt;unknown&gt;:1:1)" type="de.uka.ilkd.key.util.parsing.BuildingException">Could not find (program) variable or constant toString at &lt;unknown&gt;:1:1 (&lt;unknown&gt;:1:1)
	at app//de.uka.ilkd.key.nparser.builder.AbstractBuilder.semanticError(AbstractBuilder.java:179)
	at app//de.uka.ilkd.key.nparser.builder.DefaultBuilder.lookupVarfuncId(DefaultBuilder.java:174)
	at app//de.uka.ilkd.key.nparser.builder.ExpressionBuilder.visitAccessterm(ExpressionBuilder.java:1443)
	at app//de.uka.ilkd.key.nparser.builder.ExpressionBuilder.visitAccessterm(ExpressionBuilder.java:49)
	at app//de.uka.ilkd.key.nparser.KeYParser$AccesstermContext.accept(KeYParser.java:6174)
	at app//org.antlr.v4.runtime.tree.AbstractParseTreeVisitor.visitChildren(AbstractParseTreeVisitor.java:46)
	at app//de.uka.ilkd.key.nparser.KeYParserBaseVisitor.visitPrimitive_term(KeYParserBaseVisitor.java:542)
	at app//de.uka.ilkd.key.nparser.KeYParser$Primitive_termContext.accept(KeYParser.java:6074)
	at app//de.uka.ilkd.key.nparser.builder.AbstractBuilder.accept(AbstractBuilder.java:48)
	at app//de.uka.ilkd.key.nparser.builder.DefaultBuilder.accept(DefaultBuilder.java:35)
	at app//de.uka.ilkd.key.nparser.builder.ExpressionBuilder.visitPrimitive_labeled_term(ExpressionBuilder.java:877)
	at app//de.uka.ilkd.key.nparser.KeYParser$Primitive_labeled_termContext.accept(KeYParser.java:5877)
	at app//de.uka.ilkd.key.nparser.builder.AbstractBuilder.accept(AbstractBuilder.java:48)
	at app//de.uka.ilkd.key.nparser.builder.DefaultBuilder.accept(DefaultBuilder.java:35)
	at app//de.uka.ilkd.key.nparser.builder.ExpressionBuilder.visitBracket_term(ExpressionBuilder.java:403)
	at app//de.uka.ilkd.key.nparser.KeYParser$Bracket_termContext.accept(KeYParser.java:5527)
	at app//org.antlr.v4.runtime.tree.AbstractParseTreeVisitor.visitChildren(AbstractParseTreeVisitor.java:46)
	at app//de.uka.ilkd.key.nparser.KeYParserBaseVisitor.visitAtom_prefix(KeYParserBaseVisitor.java:472)
	at app//de.uka.ilkd.key.nparser.KeYParser$Atom_prefixContext.accept(KeYParser.java:5429)
	at app//de.uka.ilkd.key.nparser.builder.AbstractBuilder.accept(AbstractBuilder.java:48)
	at app//de.uka.ilkd.key.nparser.builder.DefaultBuilder.accept(DefaultBuilder.java:35)
	at app//de.uka.ilkd.key.nparser.builder.ExpressionBuilder.visitStrong_arith_term_2(ExpressionBuilder.java:382)
	at app//de.uka.ilkd.key.nparser.KeYParser$Strong_arith_term_2Context.accept(KeYParser.java:5035)
	at app//de.uka.ilkd.key.nparser.builder.AbstractBuilder.accept(AbstractBuilder.java:48)
	at app//de.uka.ilkd.key.nparser.builder.DefaultBuilder.accept(DefaultBuilder.java:35)
	at app//de.uka.ilkd.key.nparser.builder.ExpressionBuilder.visitStrong_arith_term_1(ExpressionBuilder.java:368)
	at app//de.uka.ilkd.key.nparser.KeYParser$Strong_arith_term_1Context.accept(KeYParser.java:4963)
	at app//de.uka.ilkd.key.nparser.builder.AbstractBuilder.accept(AbstractBuilder.java:48)
	at app//de.uka.ilkd.key.nparser.builder.DefaultBuilder.accept(DefaultBuilder.java:35)
	at app//de.uka.ilkd.key.nparser.builder.ExpressionBuilder.visitWeak_arith_term(ExpressionBuilder.java:331)
	at app//de.uka.ilkd.key.nparser.KeYParser$Weak_arith_termContext.accept(KeYParser.java:4877)
	at app//de.uka.ilkd.key.nparser.builder.AbstractBuilder.accept(AbstractBuilder.java:48)
	at app//de.uka.ilkd.key.nparser.builder.DefaultBuilder.accept(DefaultBuilder.java:35)
	at app//de.uka.ilkd.key.nparser.builder.ExpressionBuilder.visitComparison_term(ExpressionBuilder.java:305)
	at app//de.uka.ilkd.key.nparser.KeYParser$Comparison_termContext.accept(KeYParser.java:4793)
	at app//de.uka.ilkd.key.nparser.builder.AbstractBuilder.accept(AbstractBuilder.java:48)
	at app//de.uka.ilkd.key.nparser.builder.DefaultBuilder.accept(DefaultBuilder.java:35)
	at app//de.uka.ilkd.key.nparser.builder.ExpressionBuilder.visitEquality_term(ExpressionBuilder.java:294)
	at app//de.uka.ilkd.key.nparser.builder.ExpressionBuilder.visitEquality_term(ExpressionBuilder.java:49)
	at app//de.uka.ilkd.key.nparser.KeYParser$Equality_termContext.accept(KeYParser.java:4718)
	at app//org.antlr.v4.runtime.tree.AbstractParseTreeVisitor.visitChildren(AbstractParseTreeVisitor.java:46)
	at app//de.uka.ilkd.key.nparser.KeYParserBaseVisitor.visitTerm60(KeYParserBaseVisitor.java:381)
	at app//de.uka.ilkd.key.nparser.KeYParser$Term60Context.accept(KeYParser.java:4485)
	at app//de.uka.ilkd.key.nparser.builder.AbstractBuilder.accept(AbstractBuilder.java:48)
	at app//de.uka.ilkd.key.nparser.builder.DefaultBuilder.accept(DefaultBuilder.java:35)
	at app//de.uka.ilkd.key.nparser.builder.ExpressionBuilder.visitConjunction_term(ExpressionBuilder.java:238)
	at app//de.uka.ilkd.key.nparser.builder.ExpressionBuilder.visitConjunction_term(ExpressionBuilder.java:49)
	at app//de.uka.ilkd.key.nparser.KeYParser$Conjunction_termContext.accept(KeYParser.java:4419)
	at app//de.uka.ilkd.key.nparser.builder.AbstractBuilder.accept(AbstractBuilder.java:48)
	at app//de.uka.ilkd.key.nparser.builder.DefaultBuilder.accept(DefaultBuilder.java:35)
	at app//de.uka.ilkd.key.nparser.builder.ExpressionBuilder.visitDisjunction_term(ExpressionBuilder.java:229)
	at app//de.uka.ilkd.key.nparser.builder.ExpressionBuilder.visitDisjunction_term(ExpressionBuilder.java:49)
	at app//de.uka.ilkd.key.nparser.KeYParser$Disjunction_termContext.accept(KeYParser.java:4346)
	at app//de.uka.ilkd.key.nparser.builder.AbstractBuilder.accept(AbstractBuilder.java:48)
	at app//de.uka.ilkd.key.nparser.builder.DefaultBuilder.accept(DefaultBuilder.java:35)
	at app//de.uka.ilkd.key.nparser.builder.ExpressionBuilder.visitImplication_term(ExpressionBuilder.java:222)
	at app//de.uka.ilkd.key.nparser.builder.ExpressionBuilder.visitImplication_term(ExpressionBuilder.java:49)
	at app//de.uka.ilkd.key.nparser.KeYParser$Implication_termContext.accept(KeYParser.java:4278)
	at app//de.uka.ilkd.key.nparser.builder.AbstractBuilder.accept(AbstractBuilder.java:48)
	at app//de.uka.ilkd.key.nparser.builder.DefaultBuilder.accept(DefaultBuilder.java:35)
	at app//de.uka.ilkd.key.nparser.builder.ExpressionBuilder.visitEquivalence_term(ExpressionBuilder.java:198)
	at app//de.uka.ilkd.key.nparser.builder.ExpressionBuilder.visitEquivalence_term(ExpressionBuilder.java:49)
	at app//de.uka.ilkd.key.nparser.KeYParser$Equivalence_termContext.accept(KeYParser.java:4209)
	at app//de.uka.ilkd.key.nparser.builder.AbstractBuilder.accept(AbstractBuilder.java:48)
	at app//de.uka.ilkd.key.nparser.builder.DefaultBuilder.accept(DefaultBuilder.java:35)
	at app//de.uka.ilkd.key.nparser.builder.ExpressionBuilder.visitElementary_update_term(ExpressionBuilder.java:188)
	at app//de.uka.ilkd.key.nparser.builder.ExpressionBuilder.visitElementary_update_term(ExpressionBuilder.java:49)
	at app//de.uka.ilkd.key.nparser.KeYParser$Elementary_update_termContext.accept(KeYParser.java:4142)
	at app//de.uka.ilkd.key.nparser.builder.AbstractBuilder.lambda$mapOf$0(AbstractBuilder.java:124)
	at java.base@17.0.7/java.util.stream.ReferencePipeline$3$1.accept(ReferencePipeline.java:197)
	at java.base@17.0.7/java.util.ArrayList$ArrayListSpliterator.forEachRemaining(ArrayList.java:1625)
	at java.base@17.0.7/java.util.stream.AbstractPipeline.copyInto(AbstractPipeline.java:509)
	at java.base@17.0.7/java.util.stream.AbstractPipeline.wrapAndCopyInto(AbstractPipeline.java:499)
	at java.base@17.0.7/java.util.stream.ReduceOps$ReduceOp.evaluateSequential(ReduceOps.java:921)
	at java.base@17.0.7/java.util.stream.AbstractPipeline.evaluate(AbstractPipeline.java:234)
	at java.base@17.0.7/java.util.stream.ReferencePipeline.collect(ReferencePipeline.java:682)
	at app//de.uka.ilkd.key.nparser.builder.AbstractBuilder.mapOf(AbstractBuilder.java:124)
	at app//de.uka.ilkd.key.nparser.builder.ExpressionBuilder.visitParallel_term(ExpressionBuilder.java:173)
	at app//de.uka.ilkd.key.nparser.builder.ExpressionBuilder.visitParallel_term(ExpressionBuilder.java:49)
	at app//de.uka.ilkd.key.nparser.KeYParser$Parallel_termContext.accept(KeYParser.java:4074)
	at app//org.antlr.v4.runtime.tree.AbstractParseTreeVisitor.visitChildren(AbstractParseTreeVisitor.java:46)
	at app//de.uka.ilkd.key.nparser.KeYParserBaseVisitor.visitTerm(KeYParserBaseVisitor.java:332)
	at app//de.uka.ilkd.key.nparser.KeYParser$TermContext.accept(KeYParser.java:4020)
	at app//de.uka.ilkd.key.nparser.KeyAst.accept(KeyAst.java:43)
	at app//de.uka.ilkd.key.nparser.KeyIO.parseExpression(KeyIO.java:96)
	at app//de.uka.ilkd.key.nparser.KeyIO.parseExpression(KeyIO.java:79)
	at app//de.uka.ilkd.key.parser.AbstractTestTermParser.parseTerm(AbstractTestTermParser.java:74)
	at app//de.uka.ilkd.key.parser.AbstractTestTermParser.comparePrettySyntaxAgainstVerboseSyntax(AbstractTestTermParser.java:141)
	at app//de.uka.ilkd.key.parser.TestTermParserHeap.testQueryInheritance_6(TestTermParserHeap.java:380)
	at java.base@17.0.7/jdk.internal.reflect.NativeMethodAccessorImpl.invoke0(Native Method)
	at java.base@17.0.7/jdk.internal.reflect.NativeMethodAccessorImpl.invoke(NativeMethodAccessorImpl.java:77)
	at java.base@17.0.7/jdk.internal.reflect.DelegatingMethodAccessorImpl.invoke(DelegatingMethodAccessorImpl.java:43)
	at java.base@17.0.7/java.lang.reflect.Method.invoke(Method.java:568)
	at app//org.junit.platform.commons.util.ReflectionUtils.invokeMethod(ReflectionUtils.java:727)
	at app//org.junit.jupiter.engine.execution.MethodInvocation.proceed(MethodInvocation.java:60)
	at app//org.junit.jupiter.engine.execution.InvocationInterceptorChain$ValidatingInvocation.proceed(InvocationInterceptorChain.java:131)
	at app//org.junit.jupiter.engine.extension.TimeoutExtension.intercept(TimeoutExtension.java:156)
	at app//org.junit.jupiter.engine.extension.TimeoutExtension.interceptTestableMethod(TimeoutExtension.java:147)
	at app//org.junit.jupiter.engine.extension.TimeoutExtension.interceptTestMethod(TimeoutExtension.java:86)
	at app//org.junit.jupiter.engine.execution.InterceptingExecutableInvoker$ReflectiveInterceptorCall.lambda$ofVoidMethod$0(InterceptingExecutableInvoker.java:103)
	at app//org.junit.jupiter.engine.execution.InterceptingExecutableInvoker.lambda$invoke$0(InterceptingExecutableInvoker.java:93)
	at app//org.junit.jupiter.engine.execution.InvocationInterceptorChain$InterceptedInvocation.proceed(InvocationInterceptorChain.java:106)
	at app//org.junit.jupiter.engine.execution.InvocationInterceptorChain.proceed(InvocationInterceptorChain.java:64)
	at app//org.junit.jupiter.engine.execution.InvocationInterceptorChain.chainAndInvoke(InvocationInterceptorChain.java:45)
	at app//org.junit.jupiter.engine.execution.InvocationInterceptorChain.invoke(InvocationInterceptorChain.java:37)
	at app//org.junit.jupiter.engine.execution.InterceptingExecutableInvoker.invoke(InterceptingExecutableInvoker.java:92)
	at app//org.junit.jupiter.engine.execution.InterceptingExecutableInvoker.invoke(InterceptingExecutableInvoker.java:86)
	at app//org.junit.jupiter.engine.descriptor.TestMethodTestDescriptor.lambda$invokeTestMethod$7(TestMethodTestDescriptor.java:217)
	at app//org.junit.platform.engine.support.hierarchical.ThrowableCollector.execute(ThrowableCollector.java:73)
	at app//org.junit.jupiter.engine.descriptor.TestMethodTestDescriptor.invokeTestMethod(TestMethodTestDescriptor.java:213)
	at app//org.junit.jupiter.engine.descriptor.TestMethodTestDescriptor.execute(TestMethodTestDescriptor.java:138)
	at app//org.junit.jupiter.engine.descriptor.TestMethodTestDescriptor.execute(TestMethodTestDescriptor.java:68)
	at app//org.junit.platform.engine.support.hierarchical.NodeTestTask.lambda$executeRecursively$6(NodeTestTask.java:151)
	at app//org.junit.platform.engine.support.hierarchical.ThrowableCollector.execute(ThrowableCollector.java:73)
	at app//org.junit.platform.engine.support.hierarchical.NodeTestTask.lambda$executeRecursively$8(NodeTestTask.java:141)
	at app//org.junit.platform.engine.support.hierarchical.Node.around(Node.java:137)
	at app//org.junit.platform.engine.support.hierarchical.NodeTestTask.lambda$executeRecursively$9(NodeTestTask.java:139)
	at app//org.junit.platform.engine.support.hierarchical.ThrowableCollector.execute(ThrowableCollector.java:73)
	at app//org.junit.platform.engine.support.hierarchical.NodeTestTask.executeRecursively(NodeTestTask.java:138)
	at app//org.junit.platform.engine.support.hierarchical.NodeTestTask.execute(NodeTestTask.java:95)
	at java.base@17.0.7/java.util.ArrayList.forEach(ArrayList.java:1511)
	at app//org.junit.platform.engine.support.hierarchical.SameThreadHierarchicalTestExecutorService.invokeAll(SameThreadHierarchicalTestExecutorService.java:41)
	at app//org.junit.platform.engine.support.hierarchical.NodeTestTask.lambda$executeRecursively$6(NodeTestTask.java:155)
	at app//org.junit.platform.engine.support.hierarchical.ThrowableCollector.execute(ThrowableCollector.java:73)
	at app//org.junit.platform.engine.support.hierarchical.NodeTestTask.lambda$executeRecursively$8(NodeTestTask.java:141)
	at app//org.junit.platform.engine.support.hierarchical.Node.around(Node.java:137)
	at app//org.junit.platform.engine.support.hierarchical.NodeTestTask.lambda$executeRecursively$9(NodeTestTask.java:139)
	at app//org.junit.platform.engine.support.hierarchical.ThrowableCollector.execute(ThrowableCollector.java:73)
	at app//org.junit.platform.engine.support.hierarchical.NodeTestTask.executeRecursively(NodeTestTask.java:138)
	at app//org.junit.platform.engine.support.hierarchical.NodeTestTask.execute(NodeTestTask.java:95)
	at java.base@17.0.7/java.util.ArrayList.forEach(ArrayList.java:1511)
	at app//org.junit.platform.engine.support.hierarchical.SameThreadHierarchicalTestExecutorService.invokeAll(SameThreadHierarchicalTestExecutorService.java:41)
	at app//org.junit.platform.engine.support.hierarchical.NodeTestTask.lambda$executeRecursively$6(NodeTestTask.java:155)
	at app//org.junit.platform.engine.support.hierarchical.ThrowableCollector.execute(ThrowableCollector.java:73)
	at app//org.junit.platform.engine.support.hierarchical.NodeTestTask.lambda$executeRecursively$8(NodeTestTask.java:141)
	at app//org.junit.platform.engine.support.hierarchical.Node.around(Node.java:137)
	at app//org.junit.platform.engine.support.hierarchical.NodeTestTask.lambda$executeRecursively$9(NodeTestTask.java:139)
	at app//org.junit.platform.engine.support.hierarchical.ThrowableCollector.execute(ThrowableCollector.java:73)
	at app//org.junit.platform.engine.support.hierarchical.NodeTestTask.executeRecursively(NodeTestTask.java:138)
	at app//org.junit.platform.engine.support.hierarchical.NodeTestTask.execute(NodeTestTask.java:95)
	at app//org.junit.platform.engine.support.hierarchical.SameThreadHierarchicalTestExecutorService.submit(SameThreadHierarchicalTestExecutorService.java:35)
	at app//org.junit.platform.engine.support.hierarchical.HierarchicalTestExecutor.execute(HierarchicalTestExecutor.java:57)
	at app//org.junit.platform.engine.support.hierarchical.HierarchicalTestEngine.execute(HierarchicalTestEngine.java:54)
	at app//org.junit.platform.launcher.core.EngineExecutionOrchestrator.execute(EngineExecutionOrchestrator.java:107)
	at app//org.junit.platform.launcher.core.EngineExecutionOrchestrator.execute(EngineExecutionOrchestrator.java:88)
	at app//org.junit.platform.launcher.core.EngineExecutionOrchestrator.lambda$execute$0(EngineExecutionOrchestrator.java:54)
	at app//org.junit.platform.launcher.core.EngineExecutionOrchestrator.withInterceptedStreams(EngineExecutionOrchestrator.java:67)
	at app//org.junit.platform.launcher.core.EngineExecutionOrchestrator.execute(EngineExecutionOrchestrator.java:52)
	at app//org.junit.platform.launcher.core.DefaultLauncher.execute(DefaultLauncher.java:114)
	at app//org.junit.platform.launcher.core.DefaultLauncher.execute(DefaultLauncher.java:86)
	at app//org.junit.platform.launcher.core.DefaultLauncherSession$DelegatingLauncher.execute(DefaultLauncherSession.java:86)
	at org.gradle.api.internal.tasks.testing.junitplatform.JUnitPlatformTestClassProcessor$CollectAllTestClassesExecutor.processAllTestClasses(JUnitPlatformTestClassProcessor.java:110)
	at org.gradle.api.internal.tasks.testing.junitplatform.JUnitPlatformTestClassProcessor$CollectAllTestClassesExecutor.access$000(JUnitPlatformTestClassProcessor.java:90)
	at org.gradle.api.internal.tasks.testing.junitplatform.JUnitPlatformTestClassProcessor.stop(JUnitPlatformTestClassProcessor.java:85)
	at org.gradle.api.internal.tasks.testing.SuiteTestClassProcessor.stop(SuiteTestClassProcessor.java:62)
	at java.base@17.0.7/jdk.internal.reflect.NativeMethodAccessorImpl.invoke0(Native Method)
	at java.base@17.0.7/jdk.internal.reflect.NativeMethodAccessorImpl.invoke(NativeMethodAccessorImpl.java:77)
	at java.base@17.0.7/jdk.internal.reflect.DelegatingMethodAccessorImpl.invoke(DelegatingMethodAccessorImpl.java:43)
	at java.base@17.0.7/java.lang.reflect.Method.invoke(Method.java:568)
	at org.gradle.internal.dispatch.ReflectionDispatch.dispatch(ReflectionDispatch.java:36)
	at org.gradle.internal.dispatch.ReflectionDispatch.dispatch(ReflectionDispatch.java:24)
	at org.gradle.internal.dispatch.ContextClassLoaderDispatch.dispatch(ContextClassLoaderDispatch.java:33)
	at org.gradle.internal.dispatch.ProxyDispatchAdapter$DispatchingInvocationHandler.invoke(ProxyDispatchAdapter.java:94)
	at jdk.proxy2/jdk.proxy2.$Proxy5.stop(Unknown Source)
	at org.gradle.api.internal.tasks.testing.worker.TestWorker$3.run(TestWorker.java:193)
	at org.gradle.api.internal.tasks.testing.worker.TestWorker.executeAndMaintainThreadName(TestWorker.java:129)
	at org.gradle.api.internal.tasks.testing.worker.TestWorker.execute(TestWorker.java:100)
	at org.gradle.api.internal.tasks.testing.worker.TestWorker.execute(TestWorker.java:60)
	at org.gradle.process.internal.worker.child.ActionExecutionWorker.execute(ActionExecutionWorker.java:56)
	at org.gradle.process.internal.worker.child.SystemApplicationClassLoaderWorker.call(SystemApplicationClassLoaderWorker.java:113)
	at org.gradle.process.internal.worker.child.SystemApplicationClassLoaderWorker.call(SystemApplicationClassLoaderWorker.java:65)
	at app//worker.org.gradle.process.internal.worker.GradleWorkerMain.run(GradleWorkerMain.java:69)
	at app//worker.org.gradle.process.internal.worker.GradleWorkerMain.main(GradleWorkerMain.java:74)
</failure>
  </testcase>
  <testcase name="testQueryInheritance_7()" classname="de.uka.ilkd.key.parser.TestTermParserHeap" time="0.008">
    <failure message="Could not find (program) variable or constant queryOverridden at &lt;unknown&gt;:1:1 (&lt;unknown&gt;:1:1)" type="de.uka.ilkd.key.util.parsing.BuildingException">Could not find (program) variable or constant queryOverridden at &lt;unknown&gt;:1:1 (&lt;unknown&gt;:1:1)
	at app//de.uka.ilkd.key.nparser.builder.AbstractBuilder.semanticError(AbstractBuilder.java:179)
	at app//de.uka.ilkd.key.nparser.builder.DefaultBuilder.lookupVarfuncId(DefaultBuilder.java:174)
	at app//de.uka.ilkd.key.nparser.builder.ExpressionBuilder.visitAccessterm(ExpressionBuilder.java:1443)
	at app//de.uka.ilkd.key.nparser.builder.ExpressionBuilder.visitAccessterm(ExpressionBuilder.java:49)
	at app//de.uka.ilkd.key.nparser.KeYParser$AccesstermContext.accept(KeYParser.java:6174)
	at app//org.antlr.v4.runtime.tree.AbstractParseTreeVisitor.visitChildren(AbstractParseTreeVisitor.java:46)
	at app//de.uka.ilkd.key.nparser.KeYParserBaseVisitor.visitPrimitive_term(KeYParserBaseVisitor.java:542)
	at app//de.uka.ilkd.key.nparser.KeYParser$Primitive_termContext.accept(KeYParser.java:6074)
	at app//de.uka.ilkd.key.nparser.builder.AbstractBuilder.accept(AbstractBuilder.java:48)
	at app//de.uka.ilkd.key.nparser.builder.DefaultBuilder.accept(DefaultBuilder.java:35)
	at app//de.uka.ilkd.key.nparser.builder.ExpressionBuilder.visitPrimitive_labeled_term(ExpressionBuilder.java:877)
	at app//de.uka.ilkd.key.nparser.KeYParser$Primitive_labeled_termContext.accept(KeYParser.java:5877)
	at app//de.uka.ilkd.key.nparser.builder.AbstractBuilder.accept(AbstractBuilder.java:48)
	at app//de.uka.ilkd.key.nparser.builder.DefaultBuilder.accept(DefaultBuilder.java:35)
	at app//de.uka.ilkd.key.nparser.builder.ExpressionBuilder.visitBracket_term(ExpressionBuilder.java:403)
	at app//de.uka.ilkd.key.nparser.KeYParser$Bracket_termContext.accept(KeYParser.java:5527)
	at app//org.antlr.v4.runtime.tree.AbstractParseTreeVisitor.visitChildren(AbstractParseTreeVisitor.java:46)
	at app//de.uka.ilkd.key.nparser.KeYParserBaseVisitor.visitAtom_prefix(KeYParserBaseVisitor.java:472)
	at app//de.uka.ilkd.key.nparser.KeYParser$Atom_prefixContext.accept(KeYParser.java:5429)
	at app//de.uka.ilkd.key.nparser.builder.AbstractBuilder.accept(AbstractBuilder.java:48)
	at app//de.uka.ilkd.key.nparser.builder.DefaultBuilder.accept(DefaultBuilder.java:35)
	at app//de.uka.ilkd.key.nparser.builder.ExpressionBuilder.visitStrong_arith_term_2(ExpressionBuilder.java:382)
	at app//de.uka.ilkd.key.nparser.KeYParser$Strong_arith_term_2Context.accept(KeYParser.java:5035)
	at app//de.uka.ilkd.key.nparser.builder.AbstractBuilder.accept(AbstractBuilder.java:48)
	at app//de.uka.ilkd.key.nparser.builder.DefaultBuilder.accept(DefaultBuilder.java:35)
	at app//de.uka.ilkd.key.nparser.builder.ExpressionBuilder.visitStrong_arith_term_1(ExpressionBuilder.java:368)
	at app//de.uka.ilkd.key.nparser.KeYParser$Strong_arith_term_1Context.accept(KeYParser.java:4963)
	at app//de.uka.ilkd.key.nparser.builder.AbstractBuilder.accept(AbstractBuilder.java:48)
	at app//de.uka.ilkd.key.nparser.builder.DefaultBuilder.accept(DefaultBuilder.java:35)
	at app//de.uka.ilkd.key.nparser.builder.ExpressionBuilder.visitWeak_arith_term(ExpressionBuilder.java:331)
	at app//de.uka.ilkd.key.nparser.KeYParser$Weak_arith_termContext.accept(KeYParser.java:4877)
	at app//de.uka.ilkd.key.nparser.builder.AbstractBuilder.accept(AbstractBuilder.java:48)
	at app//de.uka.ilkd.key.nparser.builder.DefaultBuilder.accept(DefaultBuilder.java:35)
	at app//de.uka.ilkd.key.nparser.builder.ExpressionBuilder.visitComparison_term(ExpressionBuilder.java:305)
	at app//de.uka.ilkd.key.nparser.KeYParser$Comparison_termContext.accept(KeYParser.java:4793)
	at app//de.uka.ilkd.key.nparser.builder.AbstractBuilder.accept(AbstractBuilder.java:48)
	at app//de.uka.ilkd.key.nparser.builder.DefaultBuilder.accept(DefaultBuilder.java:35)
	at app//de.uka.ilkd.key.nparser.builder.ExpressionBuilder.visitEquality_term(ExpressionBuilder.java:294)
	at app//de.uka.ilkd.key.nparser.builder.ExpressionBuilder.visitEquality_term(ExpressionBuilder.java:49)
	at app//de.uka.ilkd.key.nparser.KeYParser$Equality_termContext.accept(KeYParser.java:4718)
	at app//org.antlr.v4.runtime.tree.AbstractParseTreeVisitor.visitChildren(AbstractParseTreeVisitor.java:46)
	at app//de.uka.ilkd.key.nparser.KeYParserBaseVisitor.visitTerm60(KeYParserBaseVisitor.java:381)
	at app//de.uka.ilkd.key.nparser.KeYParser$Term60Context.accept(KeYParser.java:4485)
	at app//de.uka.ilkd.key.nparser.builder.AbstractBuilder.accept(AbstractBuilder.java:48)
	at app//de.uka.ilkd.key.nparser.builder.DefaultBuilder.accept(DefaultBuilder.java:35)
	at app//de.uka.ilkd.key.nparser.builder.ExpressionBuilder.visitConjunction_term(ExpressionBuilder.java:238)
	at app//de.uka.ilkd.key.nparser.builder.ExpressionBuilder.visitConjunction_term(ExpressionBuilder.java:49)
	at app//de.uka.ilkd.key.nparser.KeYParser$Conjunction_termContext.accept(KeYParser.java:4419)
	at app//de.uka.ilkd.key.nparser.builder.AbstractBuilder.accept(AbstractBuilder.java:48)
	at app//de.uka.ilkd.key.nparser.builder.DefaultBuilder.accept(DefaultBuilder.java:35)
	at app//de.uka.ilkd.key.nparser.builder.ExpressionBuilder.visitDisjunction_term(ExpressionBuilder.java:229)
	at app//de.uka.ilkd.key.nparser.builder.ExpressionBuilder.visitDisjunction_term(ExpressionBuilder.java:49)
	at app//de.uka.ilkd.key.nparser.KeYParser$Disjunction_termContext.accept(KeYParser.java:4346)
	at app//de.uka.ilkd.key.nparser.builder.AbstractBuilder.accept(AbstractBuilder.java:48)
	at app//de.uka.ilkd.key.nparser.builder.DefaultBuilder.accept(DefaultBuilder.java:35)
	at app//de.uka.ilkd.key.nparser.builder.ExpressionBuilder.visitImplication_term(ExpressionBuilder.java:222)
	at app//de.uka.ilkd.key.nparser.builder.ExpressionBuilder.visitImplication_term(ExpressionBuilder.java:49)
	at app//de.uka.ilkd.key.nparser.KeYParser$Implication_termContext.accept(KeYParser.java:4278)
	at app//de.uka.ilkd.key.nparser.builder.AbstractBuilder.accept(AbstractBuilder.java:48)
	at app//de.uka.ilkd.key.nparser.builder.DefaultBuilder.accept(DefaultBuilder.java:35)
	at app//de.uka.ilkd.key.nparser.builder.ExpressionBuilder.visitEquivalence_term(ExpressionBuilder.java:198)
	at app//de.uka.ilkd.key.nparser.builder.ExpressionBuilder.visitEquivalence_term(ExpressionBuilder.java:49)
	at app//de.uka.ilkd.key.nparser.KeYParser$Equivalence_termContext.accept(KeYParser.java:4209)
	at app//de.uka.ilkd.key.nparser.builder.AbstractBuilder.accept(AbstractBuilder.java:48)
	at app//de.uka.ilkd.key.nparser.builder.DefaultBuilder.accept(DefaultBuilder.java:35)
	at app//de.uka.ilkd.key.nparser.builder.ExpressionBuilder.visitElementary_update_term(ExpressionBuilder.java:188)
	at app//de.uka.ilkd.key.nparser.builder.ExpressionBuilder.visitElementary_update_term(ExpressionBuilder.java:49)
	at app//de.uka.ilkd.key.nparser.KeYParser$Elementary_update_termContext.accept(KeYParser.java:4142)
	at app//de.uka.ilkd.key.nparser.builder.AbstractBuilder.lambda$mapOf$0(AbstractBuilder.java:124)
	at java.base@17.0.7/java.util.stream.ReferencePipeline$3$1.accept(ReferencePipeline.java:197)
	at java.base@17.0.7/java.util.ArrayList$ArrayListSpliterator.forEachRemaining(ArrayList.java:1625)
	at java.base@17.0.7/java.util.stream.AbstractPipeline.copyInto(AbstractPipeline.java:509)
	at java.base@17.0.7/java.util.stream.AbstractPipeline.wrapAndCopyInto(AbstractPipeline.java:499)
	at java.base@17.0.7/java.util.stream.ReduceOps$ReduceOp.evaluateSequential(ReduceOps.java:921)
	at java.base@17.0.7/java.util.stream.AbstractPipeline.evaluate(AbstractPipeline.java:234)
	at java.base@17.0.7/java.util.stream.ReferencePipeline.collect(ReferencePipeline.java:682)
	at app//de.uka.ilkd.key.nparser.builder.AbstractBuilder.mapOf(AbstractBuilder.java:124)
	at app//de.uka.ilkd.key.nparser.builder.ExpressionBuilder.visitParallel_term(ExpressionBuilder.java:173)
	at app//de.uka.ilkd.key.nparser.builder.ExpressionBuilder.visitParallel_term(ExpressionBuilder.java:49)
	at app//de.uka.ilkd.key.nparser.KeYParser$Parallel_termContext.accept(KeYParser.java:4074)
	at app//org.antlr.v4.runtime.tree.AbstractParseTreeVisitor.visitChildren(AbstractParseTreeVisitor.java:46)
	at app//de.uka.ilkd.key.nparser.KeYParserBaseVisitor.visitTerm(KeYParserBaseVisitor.java:332)
	at app//de.uka.ilkd.key.nparser.KeYParser$TermContext.accept(KeYParser.java:4020)
	at app//de.uka.ilkd.key.nparser.KeyAst.accept(KeyAst.java:43)
	at app//de.uka.ilkd.key.nparser.KeyIO.parseExpression(KeyIO.java:96)
	at app//de.uka.ilkd.key.nparser.KeyIO.parseExpression(KeyIO.java:79)
	at app//de.uka.ilkd.key.parser.AbstractTestTermParser.parseTerm(AbstractTestTermParser.java:74)
	at app//de.uka.ilkd.key.parser.AbstractTestTermParser.comparePrettySyntaxAgainstVerboseSyntax(AbstractTestTermParser.java:141)
	at app//de.uka.ilkd.key.parser.TestTermParserHeap.testQueryInheritance_7(TestTermParserHeap.java:388)
	at java.base@17.0.7/jdk.internal.reflect.NativeMethodAccessorImpl.invoke0(Native Method)
	at java.base@17.0.7/jdk.internal.reflect.NativeMethodAccessorImpl.invoke(NativeMethodAccessorImpl.java:77)
	at java.base@17.0.7/jdk.internal.reflect.DelegatingMethodAccessorImpl.invoke(DelegatingMethodAccessorImpl.java:43)
	at java.base@17.0.7/java.lang.reflect.Method.invoke(Method.java:568)
	at app//org.junit.platform.commons.util.ReflectionUtils.invokeMethod(ReflectionUtils.java:727)
	at app//org.junit.jupiter.engine.execution.MethodInvocation.proceed(MethodInvocation.java:60)
	at app//org.junit.jupiter.engine.execution.InvocationInterceptorChain$ValidatingInvocation.proceed(InvocationInterceptorChain.java:131)
	at app//org.junit.jupiter.engine.extension.TimeoutExtension.intercept(TimeoutExtension.java:156)
	at app//org.junit.jupiter.engine.extension.TimeoutExtension.interceptTestableMethod(TimeoutExtension.java:147)
	at app//org.junit.jupiter.engine.extension.TimeoutExtension.interceptTestMethod(TimeoutExtension.java:86)
	at app//org.junit.jupiter.engine.execution.InterceptingExecutableInvoker$ReflectiveInterceptorCall.lambda$ofVoidMethod$0(InterceptingExecutableInvoker.java:103)
	at app//org.junit.jupiter.engine.execution.InterceptingExecutableInvoker.lambda$invoke$0(InterceptingExecutableInvoker.java:93)
	at app//org.junit.jupiter.engine.execution.InvocationInterceptorChain$InterceptedInvocation.proceed(InvocationInterceptorChain.java:106)
	at app//org.junit.jupiter.engine.execution.InvocationInterceptorChain.proceed(InvocationInterceptorChain.java:64)
	at app//org.junit.jupiter.engine.execution.InvocationInterceptorChain.chainAndInvoke(InvocationInterceptorChain.java:45)
	at app//org.junit.jupiter.engine.execution.InvocationInterceptorChain.invoke(InvocationInterceptorChain.java:37)
	at app//org.junit.jupiter.engine.execution.InterceptingExecutableInvoker.invoke(InterceptingExecutableInvoker.java:92)
	at app//org.junit.jupiter.engine.execution.InterceptingExecutableInvoker.invoke(InterceptingExecutableInvoker.java:86)
	at app//org.junit.jupiter.engine.descriptor.TestMethodTestDescriptor.lambda$invokeTestMethod$7(TestMethodTestDescriptor.java:217)
	at app//org.junit.platform.engine.support.hierarchical.ThrowableCollector.execute(ThrowableCollector.java:73)
	at app//org.junit.jupiter.engine.descriptor.TestMethodTestDescriptor.invokeTestMethod(TestMethodTestDescriptor.java:213)
	at app//org.junit.jupiter.engine.descriptor.TestMethodTestDescriptor.execute(TestMethodTestDescriptor.java:138)
	at app//org.junit.jupiter.engine.descriptor.TestMethodTestDescriptor.execute(TestMethodTestDescriptor.java:68)
	at app//org.junit.platform.engine.support.hierarchical.NodeTestTask.lambda$executeRecursively$6(NodeTestTask.java:151)
	at app//org.junit.platform.engine.support.hierarchical.ThrowableCollector.execute(ThrowableCollector.java:73)
	at app//org.junit.platform.engine.support.hierarchical.NodeTestTask.lambda$executeRecursively$8(NodeTestTask.java:141)
	at app//org.junit.platform.engine.support.hierarchical.Node.around(Node.java:137)
	at app//org.junit.platform.engine.support.hierarchical.NodeTestTask.lambda$executeRecursively$9(NodeTestTask.java:139)
	at app//org.junit.platform.engine.support.hierarchical.ThrowableCollector.execute(ThrowableCollector.java:73)
	at app//org.junit.platform.engine.support.hierarchical.NodeTestTask.executeRecursively(NodeTestTask.java:138)
	at app//org.junit.platform.engine.support.hierarchical.NodeTestTask.execute(NodeTestTask.java:95)
	at java.base@17.0.7/java.util.ArrayList.forEach(ArrayList.java:1511)
	at app//org.junit.platform.engine.support.hierarchical.SameThreadHierarchicalTestExecutorService.invokeAll(SameThreadHierarchicalTestExecutorService.java:41)
	at app//org.junit.platform.engine.support.hierarchical.NodeTestTask.lambda$executeRecursively$6(NodeTestTask.java:155)
	at app//org.junit.platform.engine.support.hierarchical.ThrowableCollector.execute(ThrowableCollector.java:73)
	at app//org.junit.platform.engine.support.hierarchical.NodeTestTask.lambda$executeRecursively$8(NodeTestTask.java:141)
	at app//org.junit.platform.engine.support.hierarchical.Node.around(Node.java:137)
	at app//org.junit.platform.engine.support.hierarchical.NodeTestTask.lambda$executeRecursively$9(NodeTestTask.java:139)
	at app//org.junit.platform.engine.support.hierarchical.ThrowableCollector.execute(ThrowableCollector.java:73)
	at app//org.junit.platform.engine.support.hierarchical.NodeTestTask.executeRecursively(NodeTestTask.java:138)
	at app//org.junit.platform.engine.support.hierarchical.NodeTestTask.execute(NodeTestTask.java:95)
	at java.base@17.0.7/java.util.ArrayList.forEach(ArrayList.java:1511)
	at app//org.junit.platform.engine.support.hierarchical.SameThreadHierarchicalTestExecutorService.invokeAll(SameThreadHierarchicalTestExecutorService.java:41)
	at app//org.junit.platform.engine.support.hierarchical.NodeTestTask.lambda$executeRecursively$6(NodeTestTask.java:155)
	at app//org.junit.platform.engine.support.hierarchical.ThrowableCollector.execute(ThrowableCollector.java:73)
	at app//org.junit.platform.engine.support.hierarchical.NodeTestTask.lambda$executeRecursively$8(NodeTestTask.java:141)
	at app//org.junit.platform.engine.support.hierarchical.Node.around(Node.java:137)
	at app//org.junit.platform.engine.support.hierarchical.NodeTestTask.lambda$executeRecursively$9(NodeTestTask.java:139)
	at app//org.junit.platform.engine.support.hierarchical.ThrowableCollector.execute(ThrowableCollector.java:73)
	at app//org.junit.platform.engine.support.hierarchical.NodeTestTask.executeRecursively(NodeTestTask.java:138)
	at app//org.junit.platform.engine.support.hierarchical.NodeTestTask.execute(NodeTestTask.java:95)
	at app//org.junit.platform.engine.support.hierarchical.SameThreadHierarchicalTestExecutorService.submit(SameThreadHierarchicalTestExecutorService.java:35)
	at app//org.junit.platform.engine.support.hierarchical.HierarchicalTestExecutor.execute(HierarchicalTestExecutor.java:57)
	at app//org.junit.platform.engine.support.hierarchical.HierarchicalTestEngine.execute(HierarchicalTestEngine.java:54)
	at app//org.junit.platform.launcher.core.EngineExecutionOrchestrator.execute(EngineExecutionOrchestrator.java:107)
	at app//org.junit.platform.launcher.core.EngineExecutionOrchestrator.execute(EngineExecutionOrchestrator.java:88)
	at app//org.junit.platform.launcher.core.EngineExecutionOrchestrator.lambda$execute$0(EngineExecutionOrchestrator.java:54)
	at app//org.junit.platform.launcher.core.EngineExecutionOrchestrator.withInterceptedStreams(EngineExecutionOrchestrator.java:67)
	at app//org.junit.platform.launcher.core.EngineExecutionOrchestrator.execute(EngineExecutionOrchestrator.java:52)
	at app//org.junit.platform.launcher.core.DefaultLauncher.execute(DefaultLauncher.java:114)
	at app//org.junit.platform.launcher.core.DefaultLauncher.execute(DefaultLauncher.java:86)
	at app//org.junit.platform.launcher.core.DefaultLauncherSession$DelegatingLauncher.execute(DefaultLauncherSession.java:86)
	at org.gradle.api.internal.tasks.testing.junitplatform.JUnitPlatformTestClassProcessor$CollectAllTestClassesExecutor.processAllTestClasses(JUnitPlatformTestClassProcessor.java:110)
	at org.gradle.api.internal.tasks.testing.junitplatform.JUnitPlatformTestClassProcessor$CollectAllTestClassesExecutor.access$000(JUnitPlatformTestClassProcessor.java:90)
	at org.gradle.api.internal.tasks.testing.junitplatform.JUnitPlatformTestClassProcessor.stop(JUnitPlatformTestClassProcessor.java:85)
	at org.gradle.api.internal.tasks.testing.SuiteTestClassProcessor.stop(SuiteTestClassProcessor.java:62)
	at java.base@17.0.7/jdk.internal.reflect.NativeMethodAccessorImpl.invoke0(Native Method)
	at java.base@17.0.7/jdk.internal.reflect.NativeMethodAccessorImpl.invoke(NativeMethodAccessorImpl.java:77)
	at java.base@17.0.7/jdk.internal.reflect.DelegatingMethodAccessorImpl.invoke(DelegatingMethodAccessorImpl.java:43)
	at java.base@17.0.7/java.lang.reflect.Method.invoke(Method.java:568)
	at org.gradle.internal.dispatch.ReflectionDispatch.dispatch(ReflectionDispatch.java:36)
	at org.gradle.internal.dispatch.ReflectionDispatch.dispatch(ReflectionDispatch.java:24)
	at org.gradle.internal.dispatch.ContextClassLoaderDispatch.dispatch(ContextClassLoaderDispatch.java:33)
	at org.gradle.internal.dispatch.ProxyDispatchAdapter$DispatchingInvocationHandler.invoke(ProxyDispatchAdapter.java:94)
	at jdk.proxy2/jdk.proxy2.$Proxy5.stop(Unknown Source)
	at org.gradle.api.internal.tasks.testing.worker.TestWorker$3.run(TestWorker.java:193)
	at org.gradle.api.internal.tasks.testing.worker.TestWorker.executeAndMaintainThreadName(TestWorker.java:129)
	at org.gradle.api.internal.tasks.testing.worker.TestWorker.execute(TestWorker.java:100)
	at org.gradle.api.internal.tasks.testing.worker.TestWorker.execute(TestWorker.java:60)
	at org.gradle.process.internal.worker.child.ActionExecutionWorker.execute(ActionExecutionWorker.java:56)
	at org.gradle.process.internal.worker.child.SystemApplicationClassLoaderWorker.call(SystemApplicationClassLoaderWorker.java:113)
	at org.gradle.process.internal.worker.child.SystemApplicationClassLoaderWorker.call(SystemApplicationClassLoaderWorker.java:65)
	at app//worker.org.gradle.process.internal.worker.GradleWorkerMain.run(GradleWorkerMain.java:69)
	at app//worker.org.gradle.process.internal.worker.GradleWorkerMain.main(GradleWorkerMain.java:74)
</failure>
  </testcase>
  <testcase name="testQueryInheritance_8()" classname="de.uka.ilkd.key.parser.TestTermParserHeap" time="0.008">
    <failure message="Could not find (program) variable or constant queryOverridden at &lt;unknown&gt;:1:1 (&lt;unknown&gt;:1:1)" type="de.uka.ilkd.key.util.parsing.BuildingException">Could not find (program) variable or constant queryOverridden at &lt;unknown&gt;:1:1 (&lt;unknown&gt;:1:1)
	at app//de.uka.ilkd.key.nparser.builder.AbstractBuilder.semanticError(AbstractBuilder.java:179)
	at app//de.uka.ilkd.key.nparser.builder.DefaultBuilder.lookupVarfuncId(DefaultBuilder.java:174)
	at app//de.uka.ilkd.key.nparser.builder.ExpressionBuilder.visitAccessterm(ExpressionBuilder.java:1443)
	at app//de.uka.ilkd.key.nparser.builder.ExpressionBuilder.visitAccessterm(ExpressionBuilder.java:49)
	at app//de.uka.ilkd.key.nparser.KeYParser$AccesstermContext.accept(KeYParser.java:6174)
	at app//org.antlr.v4.runtime.tree.AbstractParseTreeVisitor.visitChildren(AbstractParseTreeVisitor.java:46)
	at app//de.uka.ilkd.key.nparser.KeYParserBaseVisitor.visitPrimitive_term(KeYParserBaseVisitor.java:542)
	at app//de.uka.ilkd.key.nparser.KeYParser$Primitive_termContext.accept(KeYParser.java:6074)
	at app//de.uka.ilkd.key.nparser.builder.AbstractBuilder.accept(AbstractBuilder.java:48)
	at app//de.uka.ilkd.key.nparser.builder.DefaultBuilder.accept(DefaultBuilder.java:35)
	at app//de.uka.ilkd.key.nparser.builder.ExpressionBuilder.visitPrimitive_labeled_term(ExpressionBuilder.java:877)
	at app//de.uka.ilkd.key.nparser.KeYParser$Primitive_labeled_termContext.accept(KeYParser.java:5877)
	at app//de.uka.ilkd.key.nparser.builder.AbstractBuilder.accept(AbstractBuilder.java:48)
	at app//de.uka.ilkd.key.nparser.builder.DefaultBuilder.accept(DefaultBuilder.java:35)
	at app//de.uka.ilkd.key.nparser.builder.ExpressionBuilder.visitBracket_term(ExpressionBuilder.java:403)
	at app//de.uka.ilkd.key.nparser.KeYParser$Bracket_termContext.accept(KeYParser.java:5527)
	at app//org.antlr.v4.runtime.tree.AbstractParseTreeVisitor.visitChildren(AbstractParseTreeVisitor.java:46)
	at app//de.uka.ilkd.key.nparser.KeYParserBaseVisitor.visitAtom_prefix(KeYParserBaseVisitor.java:472)
	at app//de.uka.ilkd.key.nparser.KeYParser$Atom_prefixContext.accept(KeYParser.java:5429)
	at app//de.uka.ilkd.key.nparser.builder.AbstractBuilder.accept(AbstractBuilder.java:48)
	at app//de.uka.ilkd.key.nparser.builder.DefaultBuilder.accept(DefaultBuilder.java:35)
	at app//de.uka.ilkd.key.nparser.builder.ExpressionBuilder.visitStrong_arith_term_2(ExpressionBuilder.java:382)
	at app//de.uka.ilkd.key.nparser.KeYParser$Strong_arith_term_2Context.accept(KeYParser.java:5035)
	at app//de.uka.ilkd.key.nparser.builder.AbstractBuilder.accept(AbstractBuilder.java:48)
	at app//de.uka.ilkd.key.nparser.builder.DefaultBuilder.accept(DefaultBuilder.java:35)
	at app//de.uka.ilkd.key.nparser.builder.ExpressionBuilder.visitStrong_arith_term_1(ExpressionBuilder.java:368)
	at app//de.uka.ilkd.key.nparser.KeYParser$Strong_arith_term_1Context.accept(KeYParser.java:4963)
	at app//de.uka.ilkd.key.nparser.builder.AbstractBuilder.accept(AbstractBuilder.java:48)
	at app//de.uka.ilkd.key.nparser.builder.DefaultBuilder.accept(DefaultBuilder.java:35)
	at app//de.uka.ilkd.key.nparser.builder.ExpressionBuilder.visitWeak_arith_term(ExpressionBuilder.java:331)
	at app//de.uka.ilkd.key.nparser.KeYParser$Weak_arith_termContext.accept(KeYParser.java:4877)
	at app//de.uka.ilkd.key.nparser.builder.AbstractBuilder.accept(AbstractBuilder.java:48)
	at app//de.uka.ilkd.key.nparser.builder.DefaultBuilder.accept(DefaultBuilder.java:35)
	at app//de.uka.ilkd.key.nparser.builder.ExpressionBuilder.visitComparison_term(ExpressionBuilder.java:305)
	at app//de.uka.ilkd.key.nparser.KeYParser$Comparison_termContext.accept(KeYParser.java:4793)
	at app//de.uka.ilkd.key.nparser.builder.AbstractBuilder.accept(AbstractBuilder.java:48)
	at app//de.uka.ilkd.key.nparser.builder.DefaultBuilder.accept(DefaultBuilder.java:35)
	at app//de.uka.ilkd.key.nparser.builder.ExpressionBuilder.visitEquality_term(ExpressionBuilder.java:294)
	at app//de.uka.ilkd.key.nparser.builder.ExpressionBuilder.visitEquality_term(ExpressionBuilder.java:49)
	at app//de.uka.ilkd.key.nparser.KeYParser$Equality_termContext.accept(KeYParser.java:4718)
	at app//org.antlr.v4.runtime.tree.AbstractParseTreeVisitor.visitChildren(AbstractParseTreeVisitor.java:46)
	at app//de.uka.ilkd.key.nparser.KeYParserBaseVisitor.visitTerm60(KeYParserBaseVisitor.java:381)
	at app//de.uka.ilkd.key.nparser.KeYParser$Term60Context.accept(KeYParser.java:4485)
	at app//de.uka.ilkd.key.nparser.builder.AbstractBuilder.accept(AbstractBuilder.java:48)
	at app//de.uka.ilkd.key.nparser.builder.DefaultBuilder.accept(DefaultBuilder.java:35)
	at app//de.uka.ilkd.key.nparser.builder.ExpressionBuilder.visitConjunction_term(ExpressionBuilder.java:238)
	at app//de.uka.ilkd.key.nparser.builder.ExpressionBuilder.visitConjunction_term(ExpressionBuilder.java:49)
	at app//de.uka.ilkd.key.nparser.KeYParser$Conjunction_termContext.accept(KeYParser.java:4419)
	at app//de.uka.ilkd.key.nparser.builder.AbstractBuilder.accept(AbstractBuilder.java:48)
	at app//de.uka.ilkd.key.nparser.builder.DefaultBuilder.accept(DefaultBuilder.java:35)
	at app//de.uka.ilkd.key.nparser.builder.ExpressionBuilder.visitDisjunction_term(ExpressionBuilder.java:229)
	at app//de.uka.ilkd.key.nparser.builder.ExpressionBuilder.visitDisjunction_term(ExpressionBuilder.java:49)
	at app//de.uka.ilkd.key.nparser.KeYParser$Disjunction_termContext.accept(KeYParser.java:4346)
	at app//de.uka.ilkd.key.nparser.builder.AbstractBuilder.accept(AbstractBuilder.java:48)
	at app//de.uka.ilkd.key.nparser.builder.DefaultBuilder.accept(DefaultBuilder.java:35)
	at app//de.uka.ilkd.key.nparser.builder.ExpressionBuilder.visitImplication_term(ExpressionBuilder.java:222)
	at app//de.uka.ilkd.key.nparser.builder.ExpressionBuilder.visitImplication_term(ExpressionBuilder.java:49)
	at app//de.uka.ilkd.key.nparser.KeYParser$Implication_termContext.accept(KeYParser.java:4278)
	at app//de.uka.ilkd.key.nparser.builder.AbstractBuilder.accept(AbstractBuilder.java:48)
	at app//de.uka.ilkd.key.nparser.builder.DefaultBuilder.accept(DefaultBuilder.java:35)
	at app//de.uka.ilkd.key.nparser.builder.ExpressionBuilder.visitEquivalence_term(ExpressionBuilder.java:198)
	at app//de.uka.ilkd.key.nparser.builder.ExpressionBuilder.visitEquivalence_term(ExpressionBuilder.java:49)
	at app//de.uka.ilkd.key.nparser.KeYParser$Equivalence_termContext.accept(KeYParser.java:4209)
	at app//de.uka.ilkd.key.nparser.builder.AbstractBuilder.accept(AbstractBuilder.java:48)
	at app//de.uka.ilkd.key.nparser.builder.DefaultBuilder.accept(DefaultBuilder.java:35)
	at app//de.uka.ilkd.key.nparser.builder.ExpressionBuilder.visitElementary_update_term(ExpressionBuilder.java:188)
	at app//de.uka.ilkd.key.nparser.builder.ExpressionBuilder.visitElementary_update_term(ExpressionBuilder.java:49)
	at app//de.uka.ilkd.key.nparser.KeYParser$Elementary_update_termContext.accept(KeYParser.java:4142)
	at app//de.uka.ilkd.key.nparser.builder.AbstractBuilder.lambda$mapOf$0(AbstractBuilder.java:124)
	at java.base@17.0.7/java.util.stream.ReferencePipeline$3$1.accept(ReferencePipeline.java:197)
	at java.base@17.0.7/java.util.ArrayList$ArrayListSpliterator.forEachRemaining(ArrayList.java:1625)
	at java.base@17.0.7/java.util.stream.AbstractPipeline.copyInto(AbstractPipeline.java:509)
	at java.base@17.0.7/java.util.stream.AbstractPipeline.wrapAndCopyInto(AbstractPipeline.java:499)
	at java.base@17.0.7/java.util.stream.ReduceOps$ReduceOp.evaluateSequential(ReduceOps.java:921)
	at java.base@17.0.7/java.util.stream.AbstractPipeline.evaluate(AbstractPipeline.java:234)
	at java.base@17.0.7/java.util.stream.ReferencePipeline.collect(ReferencePipeline.java:682)
	at app//de.uka.ilkd.key.nparser.builder.AbstractBuilder.mapOf(AbstractBuilder.java:124)
	at app//de.uka.ilkd.key.nparser.builder.ExpressionBuilder.visitParallel_term(ExpressionBuilder.java:173)
	at app//de.uka.ilkd.key.nparser.builder.ExpressionBuilder.visitParallel_term(ExpressionBuilder.java:49)
	at app//de.uka.ilkd.key.nparser.KeYParser$Parallel_termContext.accept(KeYParser.java:4074)
	at app//org.antlr.v4.runtime.tree.AbstractParseTreeVisitor.visitChildren(AbstractParseTreeVisitor.java:46)
	at app//de.uka.ilkd.key.nparser.KeYParserBaseVisitor.visitTerm(KeYParserBaseVisitor.java:332)
	at app//de.uka.ilkd.key.nparser.KeYParser$TermContext.accept(KeYParser.java:4020)
	at app//de.uka.ilkd.key.nparser.KeyAst.accept(KeyAst.java:43)
	at app//de.uka.ilkd.key.nparser.KeyIO.parseExpression(KeyIO.java:96)
	at app//de.uka.ilkd.key.nparser.KeyIO.parseExpression(KeyIO.java:79)
	at app//de.uka.ilkd.key.parser.AbstractTestTermParser.parseTerm(AbstractTestTermParser.java:74)
	at app//de.uka.ilkd.key.parser.AbstractTestTermParser.comparePrettySyntaxAgainstVerboseSyntax(AbstractTestTermParser.java:141)
	at app//de.uka.ilkd.key.parser.TestTermParserHeap.testQueryInheritance_8(TestTermParserHeap.java:397)
	at java.base@17.0.7/jdk.internal.reflect.NativeMethodAccessorImpl.invoke0(Native Method)
	at java.base@17.0.7/jdk.internal.reflect.NativeMethodAccessorImpl.invoke(NativeMethodAccessorImpl.java:77)
	at java.base@17.0.7/jdk.internal.reflect.DelegatingMethodAccessorImpl.invoke(DelegatingMethodAccessorImpl.java:43)
	at java.base@17.0.7/java.lang.reflect.Method.invoke(Method.java:568)
	at app//org.junit.platform.commons.util.ReflectionUtils.invokeMethod(ReflectionUtils.java:727)
	at app//org.junit.jupiter.engine.execution.MethodInvocation.proceed(MethodInvocation.java:60)
	at app//org.junit.jupiter.engine.execution.InvocationInterceptorChain$ValidatingInvocation.proceed(InvocationInterceptorChain.java:131)
	at app//org.junit.jupiter.engine.extension.TimeoutExtension.intercept(TimeoutExtension.java:156)
	at app//org.junit.jupiter.engine.extension.TimeoutExtension.interceptTestableMethod(TimeoutExtension.java:147)
	at app//org.junit.jupiter.engine.extension.TimeoutExtension.interceptTestMethod(TimeoutExtension.java:86)
	at app//org.junit.jupiter.engine.execution.InterceptingExecutableInvoker$ReflectiveInterceptorCall.lambda$ofVoidMethod$0(InterceptingExecutableInvoker.java:103)
	at app//org.junit.jupiter.engine.execution.InterceptingExecutableInvoker.lambda$invoke$0(InterceptingExecutableInvoker.java:93)
	at app//org.junit.jupiter.engine.execution.InvocationInterceptorChain$InterceptedInvocation.proceed(InvocationInterceptorChain.java:106)
	at app//org.junit.jupiter.engine.execution.InvocationInterceptorChain.proceed(InvocationInterceptorChain.java:64)
	at app//org.junit.jupiter.engine.execution.InvocationInterceptorChain.chainAndInvoke(InvocationInterceptorChain.java:45)
	at app//org.junit.jupiter.engine.execution.InvocationInterceptorChain.invoke(InvocationInterceptorChain.java:37)
	at app//org.junit.jupiter.engine.execution.InterceptingExecutableInvoker.invoke(InterceptingExecutableInvoker.java:92)
	at app//org.junit.jupiter.engine.execution.InterceptingExecutableInvoker.invoke(InterceptingExecutableInvoker.java:86)
	at app//org.junit.jupiter.engine.descriptor.TestMethodTestDescriptor.lambda$invokeTestMethod$7(TestMethodTestDescriptor.java:217)
	at app//org.junit.platform.engine.support.hierarchical.ThrowableCollector.execute(ThrowableCollector.java:73)
	at app//org.junit.jupiter.engine.descriptor.TestMethodTestDescriptor.invokeTestMethod(TestMethodTestDescriptor.java:213)
	at app//org.junit.jupiter.engine.descriptor.TestMethodTestDescriptor.execute(TestMethodTestDescriptor.java:138)
	at app//org.junit.jupiter.engine.descriptor.TestMethodTestDescriptor.execute(TestMethodTestDescriptor.java:68)
	at app//org.junit.platform.engine.support.hierarchical.NodeTestTask.lambda$executeRecursively$6(NodeTestTask.java:151)
	at app//org.junit.platform.engine.support.hierarchical.ThrowableCollector.execute(ThrowableCollector.java:73)
	at app//org.junit.platform.engine.support.hierarchical.NodeTestTask.lambda$executeRecursively$8(NodeTestTask.java:141)
	at app//org.junit.platform.engine.support.hierarchical.Node.around(Node.java:137)
	at app//org.junit.platform.engine.support.hierarchical.NodeTestTask.lambda$executeRecursively$9(NodeTestTask.java:139)
	at app//org.junit.platform.engine.support.hierarchical.ThrowableCollector.execute(ThrowableCollector.java:73)
	at app//org.junit.platform.engine.support.hierarchical.NodeTestTask.executeRecursively(NodeTestTask.java:138)
	at app//org.junit.platform.engine.support.hierarchical.NodeTestTask.execute(NodeTestTask.java:95)
	at java.base@17.0.7/java.util.ArrayList.forEach(ArrayList.java:1511)
	at app//org.junit.platform.engine.support.hierarchical.SameThreadHierarchicalTestExecutorService.invokeAll(SameThreadHierarchicalTestExecutorService.java:41)
	at app//org.junit.platform.engine.support.hierarchical.NodeTestTask.lambda$executeRecursively$6(NodeTestTask.java:155)
	at app//org.junit.platform.engine.support.hierarchical.ThrowableCollector.execute(ThrowableCollector.java:73)
	at app//org.junit.platform.engine.support.hierarchical.NodeTestTask.lambda$executeRecursively$8(NodeTestTask.java:141)
	at app//org.junit.platform.engine.support.hierarchical.Node.around(Node.java:137)
	at app//org.junit.platform.engine.support.hierarchical.NodeTestTask.lambda$executeRecursively$9(NodeTestTask.java:139)
	at app//org.junit.platform.engine.support.hierarchical.ThrowableCollector.execute(ThrowableCollector.java:73)
	at app//org.junit.platform.engine.support.hierarchical.NodeTestTask.executeRecursively(NodeTestTask.java:138)
	at app//org.junit.platform.engine.support.hierarchical.NodeTestTask.execute(NodeTestTask.java:95)
	at java.base@17.0.7/java.util.ArrayList.forEach(ArrayList.java:1511)
	at app//org.junit.platform.engine.support.hierarchical.SameThreadHierarchicalTestExecutorService.invokeAll(SameThreadHierarchicalTestExecutorService.java:41)
	at app//org.junit.platform.engine.support.hierarchical.NodeTestTask.lambda$executeRecursively$6(NodeTestTask.java:155)
	at app//org.junit.platform.engine.support.hierarchical.ThrowableCollector.execute(ThrowableCollector.java:73)
	at app//org.junit.platform.engine.support.hierarchical.NodeTestTask.lambda$executeRecursively$8(NodeTestTask.java:141)
	at app//org.junit.platform.engine.support.hierarchical.Node.around(Node.java:137)
	at app//org.junit.platform.engine.support.hierarchical.NodeTestTask.lambda$executeRecursively$9(NodeTestTask.java:139)
	at app//org.junit.platform.engine.support.hierarchical.ThrowableCollector.execute(ThrowableCollector.java:73)
	at app//org.junit.platform.engine.support.hierarchical.NodeTestTask.executeRecursively(NodeTestTask.java:138)
	at app//org.junit.platform.engine.support.hierarchical.NodeTestTask.execute(NodeTestTask.java:95)
	at app//org.junit.platform.engine.support.hierarchical.SameThreadHierarchicalTestExecutorService.submit(SameThreadHierarchicalTestExecutorService.java:35)
	at app//org.junit.platform.engine.support.hierarchical.HierarchicalTestExecutor.execute(HierarchicalTestExecutor.java:57)
	at app//org.junit.platform.engine.support.hierarchical.HierarchicalTestEngine.execute(HierarchicalTestEngine.java:54)
	at app//org.junit.platform.launcher.core.EngineExecutionOrchestrator.execute(EngineExecutionOrchestrator.java:107)
	at app//org.junit.platform.launcher.core.EngineExecutionOrchestrator.execute(EngineExecutionOrchestrator.java:88)
	at app//org.junit.platform.launcher.core.EngineExecutionOrchestrator.lambda$execute$0(EngineExecutionOrchestrator.java:54)
	at app//org.junit.platform.launcher.core.EngineExecutionOrchestrator.withInterceptedStreams(EngineExecutionOrchestrator.java:67)
	at app//org.junit.platform.launcher.core.EngineExecutionOrchestrator.execute(EngineExecutionOrchestrator.java:52)
	at app//org.junit.platform.launcher.core.DefaultLauncher.execute(DefaultLauncher.java:114)
	at app//org.junit.platform.launcher.core.DefaultLauncher.execute(DefaultLauncher.java:86)
	at app//org.junit.platform.launcher.core.DefaultLauncherSession$DelegatingLauncher.execute(DefaultLauncherSession.java:86)
	at org.gradle.api.internal.tasks.testing.junitplatform.JUnitPlatformTestClassProcessor$CollectAllTestClassesExecutor.processAllTestClasses(JUnitPlatformTestClassProcessor.java:110)
	at org.gradle.api.internal.tasks.testing.junitplatform.JUnitPlatformTestClassProcessor$CollectAllTestClassesExecutor.access$000(JUnitPlatformTestClassProcessor.java:90)
	at org.gradle.api.internal.tasks.testing.junitplatform.JUnitPlatformTestClassProcessor.stop(JUnitPlatformTestClassProcessor.java:85)
	at org.gradle.api.internal.tasks.testing.SuiteTestClassProcessor.stop(SuiteTestClassProcessor.java:62)
	at java.base@17.0.7/jdk.internal.reflect.NativeMethodAccessorImpl.invoke0(Native Method)
	at java.base@17.0.7/jdk.internal.reflect.NativeMethodAccessorImpl.invoke(NativeMethodAccessorImpl.java:77)
	at java.base@17.0.7/jdk.internal.reflect.DelegatingMethodAccessorImpl.invoke(DelegatingMethodAccessorImpl.java:43)
	at java.base@17.0.7/java.lang.reflect.Method.invoke(Method.java:568)
	at org.gradle.internal.dispatch.ReflectionDispatch.dispatch(ReflectionDispatch.java:36)
	at org.gradle.internal.dispatch.ReflectionDispatch.dispatch(ReflectionDispatch.java:24)
	at org.gradle.internal.dispatch.ContextClassLoaderDispatch.dispatch(ContextClassLoaderDispatch.java:33)
	at org.gradle.internal.dispatch.ProxyDispatchAdapter$DispatchingInvocationHandler.invoke(ProxyDispatchAdapter.java:94)
	at jdk.proxy2/jdk.proxy2.$Proxy5.stop(Unknown Source)
	at org.gradle.api.internal.tasks.testing.worker.TestWorker$3.run(TestWorker.java:193)
	at org.gradle.api.internal.tasks.testing.worker.TestWorker.executeAndMaintainThreadName(TestWorker.java:129)
	at org.gradle.api.internal.tasks.testing.worker.TestWorker.execute(TestWorker.java:100)
	at org.gradle.api.internal.tasks.testing.worker.TestWorker.execute(TestWorker.java:60)
	at org.gradle.process.internal.worker.child.ActionExecutionWorker.execute(ActionExecutionWorker.java:56)
	at org.gradle.process.internal.worker.child.SystemApplicationClassLoaderWorker.call(SystemApplicationClassLoaderWorker.java:113)
	at org.gradle.process.internal.worker.child.SystemApplicationClassLoaderWorker.call(SystemApplicationClassLoaderWorker.java:65)
	at app//worker.org.gradle.process.internal.worker.GradleWorkerMain.run(GradleWorkerMain.java:69)
	at app//worker.org.gradle.process.internal.worker.GradleWorkerMain.main(GradleWorkerMain.java:74)
</failure>
  </testcase>
  <testcase name="testQueryInheritance_9()" classname="de.uka.ilkd.key.parser.TestTermParserHeap" time="0.058">
    <failure message="Could not find (program) variable or constant queryOverriddenWithArguments at &lt;unknown&gt;:1:1 (&lt;unknown&gt;:1:1)" type="de.uka.ilkd.key.util.parsing.BuildingException">Could not find (program) variable or constant queryOverriddenWithArguments at &lt;unknown&gt;:1:1 (&lt;unknown&gt;:1:1)
	at app//de.uka.ilkd.key.nparser.builder.AbstractBuilder.semanticError(AbstractBuilder.java:179)
	at app//de.uka.ilkd.key.nparser.builder.DefaultBuilder.lookupVarfuncId(DefaultBuilder.java:174)
	at app//de.uka.ilkd.key.nparser.builder.ExpressionBuilder.visitAccessterm(ExpressionBuilder.java:1443)
	at app//de.uka.ilkd.key.nparser.builder.ExpressionBuilder.visitAccessterm(ExpressionBuilder.java:49)
	at app//de.uka.ilkd.key.nparser.KeYParser$AccesstermContext.accept(KeYParser.java:6174)
	at app//org.antlr.v4.runtime.tree.AbstractParseTreeVisitor.visitChildren(AbstractParseTreeVisitor.java:46)
	at app//de.uka.ilkd.key.nparser.KeYParserBaseVisitor.visitPrimitive_term(KeYParserBaseVisitor.java:542)
	at app//de.uka.ilkd.key.nparser.KeYParser$Primitive_termContext.accept(KeYParser.java:6074)
	at app//de.uka.ilkd.key.nparser.builder.AbstractBuilder.accept(AbstractBuilder.java:48)
	at app//de.uka.ilkd.key.nparser.builder.DefaultBuilder.accept(DefaultBuilder.java:35)
	at app//de.uka.ilkd.key.nparser.builder.ExpressionBuilder.visitPrimitive_labeled_term(ExpressionBuilder.java:877)
	at app//de.uka.ilkd.key.nparser.KeYParser$Primitive_labeled_termContext.accept(KeYParser.java:5877)
	at app//de.uka.ilkd.key.nparser.builder.AbstractBuilder.accept(AbstractBuilder.java:48)
	at app//de.uka.ilkd.key.nparser.builder.DefaultBuilder.accept(DefaultBuilder.java:35)
	at app//de.uka.ilkd.key.nparser.builder.ExpressionBuilder.visitBracket_term(ExpressionBuilder.java:403)
	at app//de.uka.ilkd.key.nparser.KeYParser$Bracket_termContext.accept(KeYParser.java:5527)
	at app//org.antlr.v4.runtime.tree.AbstractParseTreeVisitor.visitChildren(AbstractParseTreeVisitor.java:46)
	at app//de.uka.ilkd.key.nparser.KeYParserBaseVisitor.visitAtom_prefix(KeYParserBaseVisitor.java:472)
	at app//de.uka.ilkd.key.nparser.KeYParser$Atom_prefixContext.accept(KeYParser.java:5429)
	at app//de.uka.ilkd.key.nparser.builder.AbstractBuilder.accept(AbstractBuilder.java:48)
	at app//de.uka.ilkd.key.nparser.builder.DefaultBuilder.accept(DefaultBuilder.java:35)
	at app//de.uka.ilkd.key.nparser.builder.ExpressionBuilder.visitStrong_arith_term_2(ExpressionBuilder.java:382)
	at app//de.uka.ilkd.key.nparser.KeYParser$Strong_arith_term_2Context.accept(KeYParser.java:5035)
	at app//de.uka.ilkd.key.nparser.builder.AbstractBuilder.accept(AbstractBuilder.java:48)
	at app//de.uka.ilkd.key.nparser.builder.DefaultBuilder.accept(DefaultBuilder.java:35)
	at app//de.uka.ilkd.key.nparser.builder.ExpressionBuilder.visitStrong_arith_term_1(ExpressionBuilder.java:368)
	at app//de.uka.ilkd.key.nparser.KeYParser$Strong_arith_term_1Context.accept(KeYParser.java:4963)
	at app//de.uka.ilkd.key.nparser.builder.AbstractBuilder.accept(AbstractBuilder.java:48)
	at app//de.uka.ilkd.key.nparser.builder.DefaultBuilder.accept(DefaultBuilder.java:35)
	at app//de.uka.ilkd.key.nparser.builder.ExpressionBuilder.visitWeak_arith_term(ExpressionBuilder.java:331)
	at app//de.uka.ilkd.key.nparser.KeYParser$Weak_arith_termContext.accept(KeYParser.java:4877)
	at app//de.uka.ilkd.key.nparser.builder.AbstractBuilder.accept(AbstractBuilder.java:48)
	at app//de.uka.ilkd.key.nparser.builder.DefaultBuilder.accept(DefaultBuilder.java:35)
	at app//de.uka.ilkd.key.nparser.builder.ExpressionBuilder.visitComparison_term(ExpressionBuilder.java:305)
	at app//de.uka.ilkd.key.nparser.KeYParser$Comparison_termContext.accept(KeYParser.java:4793)
	at app//de.uka.ilkd.key.nparser.builder.AbstractBuilder.accept(AbstractBuilder.java:48)
	at app//de.uka.ilkd.key.nparser.builder.DefaultBuilder.accept(DefaultBuilder.java:35)
	at app//de.uka.ilkd.key.nparser.builder.ExpressionBuilder.visitEquality_term(ExpressionBuilder.java:294)
	at app//de.uka.ilkd.key.nparser.builder.ExpressionBuilder.visitEquality_term(ExpressionBuilder.java:49)
	at app//de.uka.ilkd.key.nparser.KeYParser$Equality_termContext.accept(KeYParser.java:4718)
	at app//org.antlr.v4.runtime.tree.AbstractParseTreeVisitor.visitChildren(AbstractParseTreeVisitor.java:46)
	at app//de.uka.ilkd.key.nparser.KeYParserBaseVisitor.visitTerm60(KeYParserBaseVisitor.java:381)
	at app//de.uka.ilkd.key.nparser.KeYParser$Term60Context.accept(KeYParser.java:4485)
	at app//de.uka.ilkd.key.nparser.builder.AbstractBuilder.accept(AbstractBuilder.java:48)
	at app//de.uka.ilkd.key.nparser.builder.DefaultBuilder.accept(DefaultBuilder.java:35)
	at app//de.uka.ilkd.key.nparser.builder.ExpressionBuilder.visitConjunction_term(ExpressionBuilder.java:238)
	at app//de.uka.ilkd.key.nparser.builder.ExpressionBuilder.visitConjunction_term(ExpressionBuilder.java:49)
	at app//de.uka.ilkd.key.nparser.KeYParser$Conjunction_termContext.accept(KeYParser.java:4419)
	at app//de.uka.ilkd.key.nparser.builder.AbstractBuilder.accept(AbstractBuilder.java:48)
	at app//de.uka.ilkd.key.nparser.builder.DefaultBuilder.accept(DefaultBuilder.java:35)
	at app//de.uka.ilkd.key.nparser.builder.ExpressionBuilder.visitDisjunction_term(ExpressionBuilder.java:229)
	at app//de.uka.ilkd.key.nparser.builder.ExpressionBuilder.visitDisjunction_term(ExpressionBuilder.java:49)
	at app//de.uka.ilkd.key.nparser.KeYParser$Disjunction_termContext.accept(KeYParser.java:4346)
	at app//de.uka.ilkd.key.nparser.builder.AbstractBuilder.accept(AbstractBuilder.java:48)
	at app//de.uka.ilkd.key.nparser.builder.DefaultBuilder.accept(DefaultBuilder.java:35)
	at app//de.uka.ilkd.key.nparser.builder.ExpressionBuilder.visitImplication_term(ExpressionBuilder.java:222)
	at app//de.uka.ilkd.key.nparser.builder.ExpressionBuilder.visitImplication_term(ExpressionBuilder.java:49)
	at app//de.uka.ilkd.key.nparser.KeYParser$Implication_termContext.accept(KeYParser.java:4278)
	at app//de.uka.ilkd.key.nparser.builder.AbstractBuilder.accept(AbstractBuilder.java:48)
	at app//de.uka.ilkd.key.nparser.builder.DefaultBuilder.accept(DefaultBuilder.java:35)
	at app//de.uka.ilkd.key.nparser.builder.ExpressionBuilder.visitEquivalence_term(ExpressionBuilder.java:198)
	at app//de.uka.ilkd.key.nparser.builder.ExpressionBuilder.visitEquivalence_term(ExpressionBuilder.java:49)
	at app//de.uka.ilkd.key.nparser.KeYParser$Equivalence_termContext.accept(KeYParser.java:4209)
	at app//de.uka.ilkd.key.nparser.builder.AbstractBuilder.accept(AbstractBuilder.java:48)
	at app//de.uka.ilkd.key.nparser.builder.DefaultBuilder.accept(DefaultBuilder.java:35)
	at app//de.uka.ilkd.key.nparser.builder.ExpressionBuilder.visitElementary_update_term(ExpressionBuilder.java:188)
	at app//de.uka.ilkd.key.nparser.builder.ExpressionBuilder.visitElementary_update_term(ExpressionBuilder.java:49)
	at app//de.uka.ilkd.key.nparser.KeYParser$Elementary_update_termContext.accept(KeYParser.java:4142)
	at app//de.uka.ilkd.key.nparser.builder.AbstractBuilder.lambda$mapOf$0(AbstractBuilder.java:124)
	at java.base@17.0.7/java.util.stream.ReferencePipeline$3$1.accept(ReferencePipeline.java:197)
	at java.base@17.0.7/java.util.ArrayList$ArrayListSpliterator.forEachRemaining(ArrayList.java:1625)
	at java.base@17.0.7/java.util.stream.AbstractPipeline.copyInto(AbstractPipeline.java:509)
	at java.base@17.0.7/java.util.stream.AbstractPipeline.wrapAndCopyInto(AbstractPipeline.java:499)
	at java.base@17.0.7/java.util.stream.ReduceOps$ReduceOp.evaluateSequential(ReduceOps.java:921)
	at java.base@17.0.7/java.util.stream.AbstractPipeline.evaluate(AbstractPipeline.java:234)
	at java.base@17.0.7/java.util.stream.ReferencePipeline.collect(ReferencePipeline.java:682)
	at app//de.uka.ilkd.key.nparser.builder.AbstractBuilder.mapOf(AbstractBuilder.java:124)
	at app//de.uka.ilkd.key.nparser.builder.ExpressionBuilder.visitParallel_term(ExpressionBuilder.java:173)
	at app//de.uka.ilkd.key.nparser.builder.ExpressionBuilder.visitParallel_term(ExpressionBuilder.java:49)
	at app//de.uka.ilkd.key.nparser.KeYParser$Parallel_termContext.accept(KeYParser.java:4074)
	at app//org.antlr.v4.runtime.tree.AbstractParseTreeVisitor.visitChildren(AbstractParseTreeVisitor.java:46)
	at app//de.uka.ilkd.key.nparser.KeYParserBaseVisitor.visitTerm(KeYParserBaseVisitor.java:332)
	at app//de.uka.ilkd.key.nparser.KeYParser$TermContext.accept(KeYParser.java:4020)
	at app//de.uka.ilkd.key.nparser.KeyAst.accept(KeyAst.java:43)
	at app//de.uka.ilkd.key.nparser.KeyIO.parseExpression(KeyIO.java:96)
	at app//de.uka.ilkd.key.nparser.KeyIO.parseExpression(KeyIO.java:79)
	at app//de.uka.ilkd.key.parser.AbstractTestTermParser.parseTerm(AbstractTestTermParser.java:74)
	at app//de.uka.ilkd.key.parser.AbstractTestTermParser.comparePrettySyntaxAgainstVerboseSyntax(AbstractTestTermParser.java:141)
	at app//de.uka.ilkd.key.parser.TestTermParserHeap.testQueryInheritance_9(TestTermParserHeap.java:405)
	at java.base@17.0.7/jdk.internal.reflect.NativeMethodAccessorImpl.invoke0(Native Method)
	at java.base@17.0.7/jdk.internal.reflect.NativeMethodAccessorImpl.invoke(NativeMethodAccessorImpl.java:77)
	at java.base@17.0.7/jdk.internal.reflect.DelegatingMethodAccessorImpl.invoke(DelegatingMethodAccessorImpl.java:43)
	at java.base@17.0.7/java.lang.reflect.Method.invoke(Method.java:568)
	at app//org.junit.platform.commons.util.ReflectionUtils.invokeMethod(ReflectionUtils.java:727)
	at app//org.junit.jupiter.engine.execution.MethodInvocation.proceed(MethodInvocation.java:60)
	at app//org.junit.jupiter.engine.execution.InvocationInterceptorChain$ValidatingInvocation.proceed(InvocationInterceptorChain.java:131)
	at app//org.junit.jupiter.engine.extension.TimeoutExtension.intercept(TimeoutExtension.java:156)
	at app//org.junit.jupiter.engine.extension.TimeoutExtension.interceptTestableMethod(TimeoutExtension.java:147)
	at app//org.junit.jupiter.engine.extension.TimeoutExtension.interceptTestMethod(TimeoutExtension.java:86)
	at app//org.junit.jupiter.engine.execution.InterceptingExecutableInvoker$ReflectiveInterceptorCall.lambda$ofVoidMethod$0(InterceptingExecutableInvoker.java:103)
	at app//org.junit.jupiter.engine.execution.InterceptingExecutableInvoker.lambda$invoke$0(InterceptingExecutableInvoker.java:93)
	at app//org.junit.jupiter.engine.execution.InvocationInterceptorChain$InterceptedInvocation.proceed(InvocationInterceptorChain.java:106)
	at app//org.junit.jupiter.engine.execution.InvocationInterceptorChain.proceed(InvocationInterceptorChain.java:64)
	at app//org.junit.jupiter.engine.execution.InvocationInterceptorChain.chainAndInvoke(InvocationInterceptorChain.java:45)
	at app//org.junit.jupiter.engine.execution.InvocationInterceptorChain.invoke(InvocationInterceptorChain.java:37)
	at app//org.junit.jupiter.engine.execution.InterceptingExecutableInvoker.invoke(InterceptingExecutableInvoker.java:92)
	at app//org.junit.jupiter.engine.execution.InterceptingExecutableInvoker.invoke(InterceptingExecutableInvoker.java:86)
	at app//org.junit.jupiter.engine.descriptor.TestMethodTestDescriptor.lambda$invokeTestMethod$7(TestMethodTestDescriptor.java:217)
	at app//org.junit.platform.engine.support.hierarchical.ThrowableCollector.execute(ThrowableCollector.java:73)
	at app//org.junit.jupiter.engine.descriptor.TestMethodTestDescriptor.invokeTestMethod(TestMethodTestDescriptor.java:213)
	at app//org.junit.jupiter.engine.descriptor.TestMethodTestDescriptor.execute(TestMethodTestDescriptor.java:138)
	at app//org.junit.jupiter.engine.descriptor.TestMethodTestDescriptor.execute(TestMethodTestDescriptor.java:68)
	at app//org.junit.platform.engine.support.hierarchical.NodeTestTask.lambda$executeRecursively$6(NodeTestTask.java:151)
	at app//org.junit.platform.engine.support.hierarchical.ThrowableCollector.execute(ThrowableCollector.java:73)
	at app//org.junit.platform.engine.support.hierarchical.NodeTestTask.lambda$executeRecursively$8(NodeTestTask.java:141)
	at app//org.junit.platform.engine.support.hierarchical.Node.around(Node.java:137)
	at app//org.junit.platform.engine.support.hierarchical.NodeTestTask.lambda$executeRecursively$9(NodeTestTask.java:139)
	at app//org.junit.platform.engine.support.hierarchical.ThrowableCollector.execute(ThrowableCollector.java:73)
	at app//org.junit.platform.engine.support.hierarchical.NodeTestTask.executeRecursively(NodeTestTask.java:138)
	at app//org.junit.platform.engine.support.hierarchical.NodeTestTask.execute(NodeTestTask.java:95)
	at java.base@17.0.7/java.util.ArrayList.forEach(ArrayList.java:1511)
	at app//org.junit.platform.engine.support.hierarchical.SameThreadHierarchicalTestExecutorService.invokeAll(SameThreadHierarchicalTestExecutorService.java:41)
	at app//org.junit.platform.engine.support.hierarchical.NodeTestTask.lambda$executeRecursively$6(NodeTestTask.java:155)
	at app//org.junit.platform.engine.support.hierarchical.ThrowableCollector.execute(ThrowableCollector.java:73)
	at app//org.junit.platform.engine.support.hierarchical.NodeTestTask.lambda$executeRecursively$8(NodeTestTask.java:141)
	at app//org.junit.platform.engine.support.hierarchical.Node.around(Node.java:137)
	at app//org.junit.platform.engine.support.hierarchical.NodeTestTask.lambda$executeRecursively$9(NodeTestTask.java:139)
	at app//org.junit.platform.engine.support.hierarchical.ThrowableCollector.execute(ThrowableCollector.java:73)
	at app//org.junit.platform.engine.support.hierarchical.NodeTestTask.executeRecursively(NodeTestTask.java:138)
	at app//org.junit.platform.engine.support.hierarchical.NodeTestTask.execute(NodeTestTask.java:95)
	at java.base@17.0.7/java.util.ArrayList.forEach(ArrayList.java:1511)
	at app//org.junit.platform.engine.support.hierarchical.SameThreadHierarchicalTestExecutorService.invokeAll(SameThreadHierarchicalTestExecutorService.java:41)
	at app//org.junit.platform.engine.support.hierarchical.NodeTestTask.lambda$executeRecursively$6(NodeTestTask.java:155)
	at app//org.junit.platform.engine.support.hierarchical.ThrowableCollector.execute(ThrowableCollector.java:73)
	at app//org.junit.platform.engine.support.hierarchical.NodeTestTask.lambda$executeRecursively$8(NodeTestTask.java:141)
	at app//org.junit.platform.engine.support.hierarchical.Node.around(Node.java:137)
	at app//org.junit.platform.engine.support.hierarchical.NodeTestTask.lambda$executeRecursively$9(NodeTestTask.java:139)
	at app//org.junit.platform.engine.support.hierarchical.ThrowableCollector.execute(ThrowableCollector.java:73)
	at app//org.junit.platform.engine.support.hierarchical.NodeTestTask.executeRecursively(NodeTestTask.java:138)
	at app//org.junit.platform.engine.support.hierarchical.NodeTestTask.execute(NodeTestTask.java:95)
	at app//org.junit.platform.engine.support.hierarchical.SameThreadHierarchicalTestExecutorService.submit(SameThreadHierarchicalTestExecutorService.java:35)
	at app//org.junit.platform.engine.support.hierarchical.HierarchicalTestExecutor.execute(HierarchicalTestExecutor.java:57)
	at app//org.junit.platform.engine.support.hierarchical.HierarchicalTestEngine.execute(HierarchicalTestEngine.java:54)
	at app//org.junit.platform.launcher.core.EngineExecutionOrchestrator.execute(EngineExecutionOrchestrator.java:107)
	at app//org.junit.platform.launcher.core.EngineExecutionOrchestrator.execute(EngineExecutionOrchestrator.java:88)
	at app//org.junit.platform.launcher.core.EngineExecutionOrchestrator.lambda$execute$0(EngineExecutionOrchestrator.java:54)
	at app//org.junit.platform.launcher.core.EngineExecutionOrchestrator.withInterceptedStreams(EngineExecutionOrchestrator.java:67)
	at app//org.junit.platform.launcher.core.EngineExecutionOrchestrator.execute(EngineExecutionOrchestrator.java:52)
	at app//org.junit.platform.launcher.core.DefaultLauncher.execute(DefaultLauncher.java:114)
	at app//org.junit.platform.launcher.core.DefaultLauncher.execute(DefaultLauncher.java:86)
	at app//org.junit.platform.launcher.core.DefaultLauncherSession$DelegatingLauncher.execute(DefaultLauncherSession.java:86)
	at org.gradle.api.internal.tasks.testing.junitplatform.JUnitPlatformTestClassProcessor$CollectAllTestClassesExecutor.processAllTestClasses(JUnitPlatformTestClassProcessor.java:110)
	at org.gradle.api.internal.tasks.testing.junitplatform.JUnitPlatformTestClassProcessor$CollectAllTestClassesExecutor.access$000(JUnitPlatformTestClassProcessor.java:90)
	at org.gradle.api.internal.tasks.testing.junitplatform.JUnitPlatformTestClassProcessor.stop(JUnitPlatformTestClassProcessor.java:85)
	at org.gradle.api.internal.tasks.testing.SuiteTestClassProcessor.stop(SuiteTestClassProcessor.java:62)
	at java.base@17.0.7/jdk.internal.reflect.NativeMethodAccessorImpl.invoke0(Native Method)
	at java.base@17.0.7/jdk.internal.reflect.NativeMethodAccessorImpl.invoke(NativeMethodAccessorImpl.java:77)
	at java.base@17.0.7/jdk.internal.reflect.DelegatingMethodAccessorImpl.invoke(DelegatingMethodAccessorImpl.java:43)
	at java.base@17.0.7/java.lang.reflect.Method.invoke(Method.java:568)
	at org.gradle.internal.dispatch.ReflectionDispatch.dispatch(ReflectionDispatch.java:36)
	at org.gradle.internal.dispatch.ReflectionDispatch.dispatch(ReflectionDispatch.java:24)
	at org.gradle.internal.dispatch.ContextClassLoaderDispatch.dispatch(ContextClassLoaderDispatch.java:33)
	at org.gradle.internal.dispatch.ProxyDispatchAdapter$DispatchingInvocationHandler.invoke(ProxyDispatchAdapter.java:94)
	at jdk.proxy2/jdk.proxy2.$Proxy5.stop(Unknown Source)
	at org.gradle.api.internal.tasks.testing.worker.TestWorker$3.run(TestWorker.java:193)
	at org.gradle.api.internal.tasks.testing.worker.TestWorker.executeAndMaintainThreadName(TestWorker.java:129)
	at org.gradle.api.internal.tasks.testing.worker.TestWorker.execute(TestWorker.java:100)
	at org.gradle.api.internal.tasks.testing.worker.TestWorker.execute(TestWorker.java:60)
	at org.gradle.process.internal.worker.child.ActionExecutionWorker.execute(ActionExecutionWorker.java:56)
	at org.gradle.process.internal.worker.child.SystemApplicationClassLoaderWorker.call(SystemApplicationClassLoaderWorker.java:113)
	at org.gradle.process.internal.worker.child.SystemApplicationClassLoaderWorker.call(SystemApplicationClassLoaderWorker.java:65)
	at app//worker.org.gradle.process.internal.worker.GradleWorkerMain.run(GradleWorkerMain.java:69)
	at app//worker.org.gradle.process.internal.worker.GradleWorkerMain.main(GradleWorkerMain.java:74)
</failure>
  </testcase>
  <testcase name="testQueryBasic_10()" classname="de.uka.ilkd.key.parser.TestTermParserHeap" time="0.01">
    <failure message="Could not find (program) variable or constant arrayQuery at &lt;unknown&gt;:1:1 (&lt;unknown&gt;:1:1)" type="de.uka.ilkd.key.util.parsing.BuildingException">Could not find (program) variable or constant arrayQuery at &lt;unknown&gt;:1:1 (&lt;unknown&gt;:1:1)
	at app//de.uka.ilkd.key.nparser.builder.AbstractBuilder.semanticError(AbstractBuilder.java:179)
	at app//de.uka.ilkd.key.nparser.builder.DefaultBuilder.lookupVarfuncId(DefaultBuilder.java:174)
	at app//de.uka.ilkd.key.nparser.builder.ExpressionBuilder.visitAccessterm(ExpressionBuilder.java:1443)
	at app//de.uka.ilkd.key.nparser.builder.ExpressionBuilder.visitAccessterm(ExpressionBuilder.java:49)
	at app//de.uka.ilkd.key.nparser.KeYParser$AccesstermContext.accept(KeYParser.java:6174)
	at app//org.antlr.v4.runtime.tree.AbstractParseTreeVisitor.visitChildren(AbstractParseTreeVisitor.java:46)
	at app//de.uka.ilkd.key.nparser.KeYParserBaseVisitor.visitPrimitive_term(KeYParserBaseVisitor.java:542)
	at app//de.uka.ilkd.key.nparser.KeYParser$Primitive_termContext.accept(KeYParser.java:6074)
	at app//de.uka.ilkd.key.nparser.builder.AbstractBuilder.accept(AbstractBuilder.java:48)
	at app//de.uka.ilkd.key.nparser.builder.DefaultBuilder.accept(DefaultBuilder.java:35)
	at app//de.uka.ilkd.key.nparser.builder.ExpressionBuilder.visitPrimitive_labeled_term(ExpressionBuilder.java:877)
	at app//de.uka.ilkd.key.nparser.KeYParser$Primitive_labeled_termContext.accept(KeYParser.java:5877)
	at app//de.uka.ilkd.key.nparser.builder.AbstractBuilder.accept(AbstractBuilder.java:48)
	at app//de.uka.ilkd.key.nparser.builder.DefaultBuilder.accept(DefaultBuilder.java:35)
	at app//de.uka.ilkd.key.nparser.builder.ExpressionBuilder.visitBracket_term(ExpressionBuilder.java:403)
	at app//de.uka.ilkd.key.nparser.KeYParser$Bracket_termContext.accept(KeYParser.java:5527)
	at app//org.antlr.v4.runtime.tree.AbstractParseTreeVisitor.visitChildren(AbstractParseTreeVisitor.java:46)
	at app//de.uka.ilkd.key.nparser.KeYParserBaseVisitor.visitAtom_prefix(KeYParserBaseVisitor.java:472)
	at app//de.uka.ilkd.key.nparser.KeYParser$Atom_prefixContext.accept(KeYParser.java:5429)
	at app//de.uka.ilkd.key.nparser.builder.AbstractBuilder.accept(AbstractBuilder.java:48)
	at app//de.uka.ilkd.key.nparser.builder.DefaultBuilder.accept(DefaultBuilder.java:35)
	at app//de.uka.ilkd.key.nparser.builder.ExpressionBuilder.visitStrong_arith_term_2(ExpressionBuilder.java:382)
	at app//de.uka.ilkd.key.nparser.KeYParser$Strong_arith_term_2Context.accept(KeYParser.java:5035)
	at app//de.uka.ilkd.key.nparser.builder.AbstractBuilder.accept(AbstractBuilder.java:48)
	at app//de.uka.ilkd.key.nparser.builder.DefaultBuilder.accept(DefaultBuilder.java:35)
	at app//de.uka.ilkd.key.nparser.builder.ExpressionBuilder.visitStrong_arith_term_1(ExpressionBuilder.java:368)
	at app//de.uka.ilkd.key.nparser.KeYParser$Strong_arith_term_1Context.accept(KeYParser.java:4963)
	at app//de.uka.ilkd.key.nparser.builder.AbstractBuilder.accept(AbstractBuilder.java:48)
	at app//de.uka.ilkd.key.nparser.builder.DefaultBuilder.accept(DefaultBuilder.java:35)
	at app//de.uka.ilkd.key.nparser.builder.ExpressionBuilder.visitWeak_arith_term(ExpressionBuilder.java:331)
	at app//de.uka.ilkd.key.nparser.KeYParser$Weak_arith_termContext.accept(KeYParser.java:4877)
	at app//de.uka.ilkd.key.nparser.builder.AbstractBuilder.accept(AbstractBuilder.java:48)
	at app//de.uka.ilkd.key.nparser.builder.DefaultBuilder.accept(DefaultBuilder.java:35)
	at app//de.uka.ilkd.key.nparser.builder.ExpressionBuilder.visitComparison_term(ExpressionBuilder.java:305)
	at app//de.uka.ilkd.key.nparser.KeYParser$Comparison_termContext.accept(KeYParser.java:4793)
	at app//de.uka.ilkd.key.nparser.builder.AbstractBuilder.accept(AbstractBuilder.java:48)
	at app//de.uka.ilkd.key.nparser.builder.DefaultBuilder.accept(DefaultBuilder.java:35)
	at app//de.uka.ilkd.key.nparser.builder.ExpressionBuilder.visitEquality_term(ExpressionBuilder.java:294)
	at app//de.uka.ilkd.key.nparser.builder.ExpressionBuilder.visitEquality_term(ExpressionBuilder.java:49)
	at app//de.uka.ilkd.key.nparser.KeYParser$Equality_termContext.accept(KeYParser.java:4718)
	at app//org.antlr.v4.runtime.tree.AbstractParseTreeVisitor.visitChildren(AbstractParseTreeVisitor.java:46)
	at app//de.uka.ilkd.key.nparser.KeYParserBaseVisitor.visitTerm60(KeYParserBaseVisitor.java:381)
	at app//de.uka.ilkd.key.nparser.KeYParser$Term60Context.accept(KeYParser.java:4485)
	at app//de.uka.ilkd.key.nparser.builder.AbstractBuilder.accept(AbstractBuilder.java:48)
	at app//de.uka.ilkd.key.nparser.builder.DefaultBuilder.accept(DefaultBuilder.java:35)
	at app//de.uka.ilkd.key.nparser.builder.ExpressionBuilder.visitConjunction_term(ExpressionBuilder.java:238)
	at app//de.uka.ilkd.key.nparser.builder.ExpressionBuilder.visitConjunction_term(ExpressionBuilder.java:49)
	at app//de.uka.ilkd.key.nparser.KeYParser$Conjunction_termContext.accept(KeYParser.java:4419)
	at app//de.uka.ilkd.key.nparser.builder.AbstractBuilder.accept(AbstractBuilder.java:48)
	at app//de.uka.ilkd.key.nparser.builder.DefaultBuilder.accept(DefaultBuilder.java:35)
	at app//de.uka.ilkd.key.nparser.builder.ExpressionBuilder.visitDisjunction_term(ExpressionBuilder.java:229)
	at app//de.uka.ilkd.key.nparser.builder.ExpressionBuilder.visitDisjunction_term(ExpressionBuilder.java:49)
	at app//de.uka.ilkd.key.nparser.KeYParser$Disjunction_termContext.accept(KeYParser.java:4346)
	at app//de.uka.ilkd.key.nparser.builder.AbstractBuilder.accept(AbstractBuilder.java:48)
	at app//de.uka.ilkd.key.nparser.builder.DefaultBuilder.accept(DefaultBuilder.java:35)
	at app//de.uka.ilkd.key.nparser.builder.ExpressionBuilder.visitImplication_term(ExpressionBuilder.java:222)
	at app//de.uka.ilkd.key.nparser.builder.ExpressionBuilder.visitImplication_term(ExpressionBuilder.java:49)
	at app//de.uka.ilkd.key.nparser.KeYParser$Implication_termContext.accept(KeYParser.java:4278)
	at app//de.uka.ilkd.key.nparser.builder.AbstractBuilder.accept(AbstractBuilder.java:48)
	at app//de.uka.ilkd.key.nparser.builder.DefaultBuilder.accept(DefaultBuilder.java:35)
	at app//de.uka.ilkd.key.nparser.builder.ExpressionBuilder.visitEquivalence_term(ExpressionBuilder.java:198)
	at app//de.uka.ilkd.key.nparser.builder.ExpressionBuilder.visitEquivalence_term(ExpressionBuilder.java:49)
	at app//de.uka.ilkd.key.nparser.KeYParser$Equivalence_termContext.accept(KeYParser.java:4209)
	at app//de.uka.ilkd.key.nparser.builder.AbstractBuilder.accept(AbstractBuilder.java:48)
	at app//de.uka.ilkd.key.nparser.builder.DefaultBuilder.accept(DefaultBuilder.java:35)
	at app//de.uka.ilkd.key.nparser.builder.ExpressionBuilder.visitElementary_update_term(ExpressionBuilder.java:188)
	at app//de.uka.ilkd.key.nparser.builder.ExpressionBuilder.visitElementary_update_term(ExpressionBuilder.java:49)
	at app//de.uka.ilkd.key.nparser.KeYParser$Elementary_update_termContext.accept(KeYParser.java:4142)
	at app//de.uka.ilkd.key.nparser.builder.AbstractBuilder.lambda$mapOf$0(AbstractBuilder.java:124)
	at java.base@17.0.7/java.util.stream.ReferencePipeline$3$1.accept(ReferencePipeline.java:197)
	at java.base@17.0.7/java.util.ArrayList$ArrayListSpliterator.forEachRemaining(ArrayList.java:1625)
	at java.base@17.0.7/java.util.stream.AbstractPipeline.copyInto(AbstractPipeline.java:509)
	at java.base@17.0.7/java.util.stream.AbstractPipeline.wrapAndCopyInto(AbstractPipeline.java:499)
	at java.base@17.0.7/java.util.stream.ReduceOps$ReduceOp.evaluateSequential(ReduceOps.java:921)
	at java.base@17.0.7/java.util.stream.AbstractPipeline.evaluate(AbstractPipeline.java:234)
	at java.base@17.0.7/java.util.stream.ReferencePipeline.collect(ReferencePipeline.java:682)
	at app//de.uka.ilkd.key.nparser.builder.AbstractBuilder.mapOf(AbstractBuilder.java:124)
	at app//de.uka.ilkd.key.nparser.builder.ExpressionBuilder.visitParallel_term(ExpressionBuilder.java:173)
	at app//de.uka.ilkd.key.nparser.builder.ExpressionBuilder.visitParallel_term(ExpressionBuilder.java:49)
	at app//de.uka.ilkd.key.nparser.KeYParser$Parallel_termContext.accept(KeYParser.java:4074)
	at app//org.antlr.v4.runtime.tree.AbstractParseTreeVisitor.visitChildren(AbstractParseTreeVisitor.java:46)
	at app//de.uka.ilkd.key.nparser.KeYParserBaseVisitor.visitTerm(KeYParserBaseVisitor.java:332)
	at app//de.uka.ilkd.key.nparser.KeYParser$TermContext.accept(KeYParser.java:4020)
	at app//de.uka.ilkd.key.nparser.KeyAst.accept(KeyAst.java:43)
	at app//de.uka.ilkd.key.nparser.KeyIO.parseExpression(KeyIO.java:96)
	at app//de.uka.ilkd.key.nparser.KeyIO.parseExpression(KeyIO.java:79)
	at app//de.uka.ilkd.key.parser.AbstractTestTermParser.parseTerm(AbstractTestTermParser.java:74)
	at app//de.uka.ilkd.key.parser.AbstractTestTermParser.comparePrettySyntaxAgainstVerboseSyntax(AbstractTestTermParser.java:141)
	at app//de.uka.ilkd.key.parser.TestTermParserHeap.testQueryBasic_10(TestTermParserHeap.java:325)
	at java.base@17.0.7/jdk.internal.reflect.NativeMethodAccessorImpl.invoke0(Native Method)
	at java.base@17.0.7/jdk.internal.reflect.NativeMethodAccessorImpl.invoke(NativeMethodAccessorImpl.java:77)
	at java.base@17.0.7/jdk.internal.reflect.DelegatingMethodAccessorImpl.invoke(DelegatingMethodAccessorImpl.java:43)
	at java.base@17.0.7/java.lang.reflect.Method.invoke(Method.java:568)
	at app//org.junit.platform.commons.util.ReflectionUtils.invokeMethod(ReflectionUtils.java:727)
	at app//org.junit.jupiter.engine.execution.MethodInvocation.proceed(MethodInvocation.java:60)
	at app//org.junit.jupiter.engine.execution.InvocationInterceptorChain$ValidatingInvocation.proceed(InvocationInterceptorChain.java:131)
	at app//org.junit.jupiter.engine.extension.TimeoutExtension.intercept(TimeoutExtension.java:156)
	at app//org.junit.jupiter.engine.extension.TimeoutExtension.interceptTestableMethod(TimeoutExtension.java:147)
	at app//org.junit.jupiter.engine.extension.TimeoutExtension.interceptTestMethod(TimeoutExtension.java:86)
	at app//org.junit.jupiter.engine.execution.InterceptingExecutableInvoker$ReflectiveInterceptorCall.lambda$ofVoidMethod$0(InterceptingExecutableInvoker.java:103)
	at app//org.junit.jupiter.engine.execution.InterceptingExecutableInvoker.lambda$invoke$0(InterceptingExecutableInvoker.java:93)
	at app//org.junit.jupiter.engine.execution.InvocationInterceptorChain$InterceptedInvocation.proceed(InvocationInterceptorChain.java:106)
	at app//org.junit.jupiter.engine.execution.InvocationInterceptorChain.proceed(InvocationInterceptorChain.java:64)
	at app//org.junit.jupiter.engine.execution.InvocationInterceptorChain.chainAndInvoke(InvocationInterceptorChain.java:45)
	at app//org.junit.jupiter.engine.execution.InvocationInterceptorChain.invoke(InvocationInterceptorChain.java:37)
	at app//org.junit.jupiter.engine.execution.InterceptingExecutableInvoker.invoke(InterceptingExecutableInvoker.java:92)
	at app//org.junit.jupiter.engine.execution.InterceptingExecutableInvoker.invoke(InterceptingExecutableInvoker.java:86)
	at app//org.junit.jupiter.engine.descriptor.TestMethodTestDescriptor.lambda$invokeTestMethod$7(TestMethodTestDescriptor.java:217)
	at app//org.junit.platform.engine.support.hierarchical.ThrowableCollector.execute(ThrowableCollector.java:73)
	at app//org.junit.jupiter.engine.descriptor.TestMethodTestDescriptor.invokeTestMethod(TestMethodTestDescriptor.java:213)
	at app//org.junit.jupiter.engine.descriptor.TestMethodTestDescriptor.execute(TestMethodTestDescriptor.java:138)
	at app//org.junit.jupiter.engine.descriptor.TestMethodTestDescriptor.execute(TestMethodTestDescriptor.java:68)
	at app//org.junit.platform.engine.support.hierarchical.NodeTestTask.lambda$executeRecursively$6(NodeTestTask.java:151)
	at app//org.junit.platform.engine.support.hierarchical.ThrowableCollector.execute(ThrowableCollector.java:73)
	at app//org.junit.platform.engine.support.hierarchical.NodeTestTask.lambda$executeRecursively$8(NodeTestTask.java:141)
	at app//org.junit.platform.engine.support.hierarchical.Node.around(Node.java:137)
	at app//org.junit.platform.engine.support.hierarchical.NodeTestTask.lambda$executeRecursively$9(NodeTestTask.java:139)
	at app//org.junit.platform.engine.support.hierarchical.ThrowableCollector.execute(ThrowableCollector.java:73)
	at app//org.junit.platform.engine.support.hierarchical.NodeTestTask.executeRecursively(NodeTestTask.java:138)
	at app//org.junit.platform.engine.support.hierarchical.NodeTestTask.execute(NodeTestTask.java:95)
	at java.base@17.0.7/java.util.ArrayList.forEach(ArrayList.java:1511)
	at app//org.junit.platform.engine.support.hierarchical.SameThreadHierarchicalTestExecutorService.invokeAll(SameThreadHierarchicalTestExecutorService.java:41)
	at app//org.junit.platform.engine.support.hierarchical.NodeTestTask.lambda$executeRecursively$6(NodeTestTask.java:155)
	at app//org.junit.platform.engine.support.hierarchical.ThrowableCollector.execute(ThrowableCollector.java:73)
	at app//org.junit.platform.engine.support.hierarchical.NodeTestTask.lambda$executeRecursively$8(NodeTestTask.java:141)
	at app//org.junit.platform.engine.support.hierarchical.Node.around(Node.java:137)
	at app//org.junit.platform.engine.support.hierarchical.NodeTestTask.lambda$executeRecursively$9(NodeTestTask.java:139)
	at app//org.junit.platform.engine.support.hierarchical.ThrowableCollector.execute(ThrowableCollector.java:73)
	at app//org.junit.platform.engine.support.hierarchical.NodeTestTask.executeRecursively(NodeTestTask.java:138)
	at app//org.junit.platform.engine.support.hierarchical.NodeTestTask.execute(NodeTestTask.java:95)
	at java.base@17.0.7/java.util.ArrayList.forEach(ArrayList.java:1511)
	at app//org.junit.platform.engine.support.hierarchical.SameThreadHierarchicalTestExecutorService.invokeAll(SameThreadHierarchicalTestExecutorService.java:41)
	at app//org.junit.platform.engine.support.hierarchical.NodeTestTask.lambda$executeRecursively$6(NodeTestTask.java:155)
	at app//org.junit.platform.engine.support.hierarchical.ThrowableCollector.execute(ThrowableCollector.java:73)
	at app//org.junit.platform.engine.support.hierarchical.NodeTestTask.lambda$executeRecursively$8(NodeTestTask.java:141)
	at app//org.junit.platform.engine.support.hierarchical.Node.around(Node.java:137)
	at app//org.junit.platform.engine.support.hierarchical.NodeTestTask.lambda$executeRecursively$9(NodeTestTask.java:139)
	at app//org.junit.platform.engine.support.hierarchical.ThrowableCollector.execute(ThrowableCollector.java:73)
	at app//org.junit.platform.engine.support.hierarchical.NodeTestTask.executeRecursively(NodeTestTask.java:138)
	at app//org.junit.platform.engine.support.hierarchical.NodeTestTask.execute(NodeTestTask.java:95)
	at app//org.junit.platform.engine.support.hierarchical.SameThreadHierarchicalTestExecutorService.submit(SameThreadHierarchicalTestExecutorService.java:35)
	at app//org.junit.platform.engine.support.hierarchical.HierarchicalTestExecutor.execute(HierarchicalTestExecutor.java:57)
	at app//org.junit.platform.engine.support.hierarchical.HierarchicalTestEngine.execute(HierarchicalTestEngine.java:54)
	at app//org.junit.platform.launcher.core.EngineExecutionOrchestrator.execute(EngineExecutionOrchestrator.java:107)
	at app//org.junit.platform.launcher.core.EngineExecutionOrchestrator.execute(EngineExecutionOrchestrator.java:88)
	at app//org.junit.platform.launcher.core.EngineExecutionOrchestrator.lambda$execute$0(EngineExecutionOrchestrator.java:54)
	at app//org.junit.platform.launcher.core.EngineExecutionOrchestrator.withInterceptedStreams(EngineExecutionOrchestrator.java:67)
	at app//org.junit.platform.launcher.core.EngineExecutionOrchestrator.execute(EngineExecutionOrchestrator.java:52)
	at app//org.junit.platform.launcher.core.DefaultLauncher.execute(DefaultLauncher.java:114)
	at app//org.junit.platform.launcher.core.DefaultLauncher.execute(DefaultLauncher.java:86)
	at app//org.junit.platform.launcher.core.DefaultLauncherSession$DelegatingLauncher.execute(DefaultLauncherSession.java:86)
	at org.gradle.api.internal.tasks.testing.junitplatform.JUnitPlatformTestClassProcessor$CollectAllTestClassesExecutor.processAllTestClasses(JUnitPlatformTestClassProcessor.java:110)
	at org.gradle.api.internal.tasks.testing.junitplatform.JUnitPlatformTestClassProcessor$CollectAllTestClassesExecutor.access$000(JUnitPlatformTestClassProcessor.java:90)
	at org.gradle.api.internal.tasks.testing.junitplatform.JUnitPlatformTestClassProcessor.stop(JUnitPlatformTestClassProcessor.java:85)
	at org.gradle.api.internal.tasks.testing.SuiteTestClassProcessor.stop(SuiteTestClassProcessor.java:62)
	at java.base@17.0.7/jdk.internal.reflect.NativeMethodAccessorImpl.invoke0(Native Method)
	at java.base@17.0.7/jdk.internal.reflect.NativeMethodAccessorImpl.invoke(NativeMethodAccessorImpl.java:77)
	at java.base@17.0.7/jdk.internal.reflect.DelegatingMethodAccessorImpl.invoke(DelegatingMethodAccessorImpl.java:43)
	at java.base@17.0.7/java.lang.reflect.Method.invoke(Method.java:568)
	at org.gradle.internal.dispatch.ReflectionDispatch.dispatch(ReflectionDispatch.java:36)
	at org.gradle.internal.dispatch.ReflectionDispatch.dispatch(ReflectionDispatch.java:24)
	at org.gradle.internal.dispatch.ContextClassLoaderDispatch.dispatch(ContextClassLoaderDispatch.java:33)
	at org.gradle.internal.dispatch.ProxyDispatchAdapter$DispatchingInvocationHandler.invoke(ProxyDispatchAdapter.java:94)
	at jdk.proxy2/jdk.proxy2.$Proxy5.stop(Unknown Source)
	at org.gradle.api.internal.tasks.testing.worker.TestWorker$3.run(TestWorker.java:193)
	at org.gradle.api.internal.tasks.testing.worker.TestWorker.executeAndMaintainThreadName(TestWorker.java:129)
	at org.gradle.api.internal.tasks.testing.worker.TestWorker.execute(TestWorker.java:100)
	at org.gradle.api.internal.tasks.testing.worker.TestWorker.execute(TestWorker.java:60)
	at org.gradle.process.internal.worker.child.ActionExecutionWorker.execute(ActionExecutionWorker.java:56)
	at org.gradle.process.internal.worker.child.SystemApplicationClassLoaderWorker.call(SystemApplicationClassLoaderWorker.java:113)
	at org.gradle.process.internal.worker.child.SystemApplicationClassLoaderWorker.call(SystemApplicationClassLoaderWorker.java:65)
	at app//worker.org.gradle.process.internal.worker.GradleWorkerMain.run(GradleWorkerMain.java:69)
	at app//worker.org.gradle.process.internal.worker.GradleWorkerMain.main(GradleWorkerMain.java:74)
</failure>
  </testcase>
  <testcase name="testQueryBasic_11()" classname="de.uka.ilkd.key.parser.TestTermParserHeap" time="0.016">
    <failure message="Could not find (program) variable or constant arrayQuery at &lt;unknown&gt;:1:1 (&lt;unknown&gt;:1:1)" type="de.uka.ilkd.key.util.parsing.BuildingException">Could not find (program) variable or constant arrayQuery at &lt;unknown&gt;:1:1 (&lt;unknown&gt;:1:1)
	at app//de.uka.ilkd.key.nparser.builder.AbstractBuilder.semanticError(AbstractBuilder.java:179)
	at app//de.uka.ilkd.key.nparser.builder.DefaultBuilder.lookupVarfuncId(DefaultBuilder.java:174)
	at app//de.uka.ilkd.key.nparser.builder.ExpressionBuilder.visitAccessterm(ExpressionBuilder.java:1443)
	at app//de.uka.ilkd.key.nparser.builder.ExpressionBuilder.visitAccessterm(ExpressionBuilder.java:49)
	at app//de.uka.ilkd.key.nparser.KeYParser$AccesstermContext.accept(KeYParser.java:6174)
	at app//org.antlr.v4.runtime.tree.AbstractParseTreeVisitor.visitChildren(AbstractParseTreeVisitor.java:46)
	at app//de.uka.ilkd.key.nparser.KeYParserBaseVisitor.visitPrimitive_term(KeYParserBaseVisitor.java:542)
	at app//de.uka.ilkd.key.nparser.KeYParser$Primitive_termContext.accept(KeYParser.java:6074)
	at app//de.uka.ilkd.key.nparser.builder.AbstractBuilder.accept(AbstractBuilder.java:48)
	at app//de.uka.ilkd.key.nparser.builder.DefaultBuilder.accept(DefaultBuilder.java:35)
	at app//de.uka.ilkd.key.nparser.builder.ExpressionBuilder.visitPrimitive_labeled_term(ExpressionBuilder.java:877)
	at app//de.uka.ilkd.key.nparser.KeYParser$Primitive_labeled_termContext.accept(KeYParser.java:5877)
	at app//de.uka.ilkd.key.nparser.builder.AbstractBuilder.accept(AbstractBuilder.java:48)
	at app//de.uka.ilkd.key.nparser.builder.DefaultBuilder.accept(DefaultBuilder.java:35)
	at app//de.uka.ilkd.key.nparser.builder.ExpressionBuilder.visitBracket_term(ExpressionBuilder.java:403)
	at app//de.uka.ilkd.key.nparser.KeYParser$Bracket_termContext.accept(KeYParser.java:5527)
	at app//org.antlr.v4.runtime.tree.AbstractParseTreeVisitor.visitChildren(AbstractParseTreeVisitor.java:46)
	at app//de.uka.ilkd.key.nparser.KeYParserBaseVisitor.visitAtom_prefix(KeYParserBaseVisitor.java:472)
	at app//de.uka.ilkd.key.nparser.KeYParser$Atom_prefixContext.accept(KeYParser.java:5429)
	at app//de.uka.ilkd.key.nparser.builder.AbstractBuilder.accept(AbstractBuilder.java:48)
	at app//de.uka.ilkd.key.nparser.builder.DefaultBuilder.accept(DefaultBuilder.java:35)
	at app//de.uka.ilkd.key.nparser.builder.ExpressionBuilder.visitStrong_arith_term_2(ExpressionBuilder.java:382)
	at app//de.uka.ilkd.key.nparser.KeYParser$Strong_arith_term_2Context.accept(KeYParser.java:5035)
	at app//de.uka.ilkd.key.nparser.builder.AbstractBuilder.accept(AbstractBuilder.java:48)
	at app//de.uka.ilkd.key.nparser.builder.DefaultBuilder.accept(DefaultBuilder.java:35)
	at app//de.uka.ilkd.key.nparser.builder.ExpressionBuilder.visitStrong_arith_term_1(ExpressionBuilder.java:368)
	at app//de.uka.ilkd.key.nparser.KeYParser$Strong_arith_term_1Context.accept(KeYParser.java:4963)
	at app//de.uka.ilkd.key.nparser.builder.AbstractBuilder.accept(AbstractBuilder.java:48)
	at app//de.uka.ilkd.key.nparser.builder.DefaultBuilder.accept(DefaultBuilder.java:35)
	at app//de.uka.ilkd.key.nparser.builder.ExpressionBuilder.visitWeak_arith_term(ExpressionBuilder.java:331)
	at app//de.uka.ilkd.key.nparser.KeYParser$Weak_arith_termContext.accept(KeYParser.java:4877)
	at app//de.uka.ilkd.key.nparser.builder.AbstractBuilder.accept(AbstractBuilder.java:48)
	at app//de.uka.ilkd.key.nparser.builder.DefaultBuilder.accept(DefaultBuilder.java:35)
	at app//de.uka.ilkd.key.nparser.builder.ExpressionBuilder.visitComparison_term(ExpressionBuilder.java:305)
	at app//de.uka.ilkd.key.nparser.KeYParser$Comparison_termContext.accept(KeYParser.java:4793)
	at app//de.uka.ilkd.key.nparser.builder.AbstractBuilder.accept(AbstractBuilder.java:48)
	at app//de.uka.ilkd.key.nparser.builder.DefaultBuilder.accept(DefaultBuilder.java:35)
	at app//de.uka.ilkd.key.nparser.builder.ExpressionBuilder.visitEquality_term(ExpressionBuilder.java:294)
	at app//de.uka.ilkd.key.nparser.builder.ExpressionBuilder.visitEquality_term(ExpressionBuilder.java:49)
	at app//de.uka.ilkd.key.nparser.KeYParser$Equality_termContext.accept(KeYParser.java:4718)
	at app//org.antlr.v4.runtime.tree.AbstractParseTreeVisitor.visitChildren(AbstractParseTreeVisitor.java:46)
	at app//de.uka.ilkd.key.nparser.KeYParserBaseVisitor.visitTerm60(KeYParserBaseVisitor.java:381)
	at app//de.uka.ilkd.key.nparser.KeYParser$Term60Context.accept(KeYParser.java:4485)
	at app//de.uka.ilkd.key.nparser.builder.AbstractBuilder.accept(AbstractBuilder.java:48)
	at app//de.uka.ilkd.key.nparser.builder.DefaultBuilder.accept(DefaultBuilder.java:35)
	at app//de.uka.ilkd.key.nparser.builder.ExpressionBuilder.visitConjunction_term(ExpressionBuilder.java:238)
	at app//de.uka.ilkd.key.nparser.builder.ExpressionBuilder.visitConjunction_term(ExpressionBuilder.java:49)
	at app//de.uka.ilkd.key.nparser.KeYParser$Conjunction_termContext.accept(KeYParser.java:4419)
	at app//de.uka.ilkd.key.nparser.builder.AbstractBuilder.accept(AbstractBuilder.java:48)
	at app//de.uka.ilkd.key.nparser.builder.DefaultBuilder.accept(DefaultBuilder.java:35)
	at app//de.uka.ilkd.key.nparser.builder.ExpressionBuilder.visitDisjunction_term(ExpressionBuilder.java:229)
	at app//de.uka.ilkd.key.nparser.builder.ExpressionBuilder.visitDisjunction_term(ExpressionBuilder.java:49)
	at app//de.uka.ilkd.key.nparser.KeYParser$Disjunction_termContext.accept(KeYParser.java:4346)
	at app//de.uka.ilkd.key.nparser.builder.AbstractBuilder.accept(AbstractBuilder.java:48)
	at app//de.uka.ilkd.key.nparser.builder.DefaultBuilder.accept(DefaultBuilder.java:35)
	at app//de.uka.ilkd.key.nparser.builder.ExpressionBuilder.visitImplication_term(ExpressionBuilder.java:222)
	at app//de.uka.ilkd.key.nparser.builder.ExpressionBuilder.visitImplication_term(ExpressionBuilder.java:49)
	at app//de.uka.ilkd.key.nparser.KeYParser$Implication_termContext.accept(KeYParser.java:4278)
	at app//de.uka.ilkd.key.nparser.builder.AbstractBuilder.accept(AbstractBuilder.java:48)
	at app//de.uka.ilkd.key.nparser.builder.DefaultBuilder.accept(DefaultBuilder.java:35)
	at app//de.uka.ilkd.key.nparser.builder.ExpressionBuilder.visitEquivalence_term(ExpressionBuilder.java:198)
	at app//de.uka.ilkd.key.nparser.builder.ExpressionBuilder.visitEquivalence_term(ExpressionBuilder.java:49)
	at app//de.uka.ilkd.key.nparser.KeYParser$Equivalence_termContext.accept(KeYParser.java:4209)
	at app//de.uka.ilkd.key.nparser.builder.AbstractBuilder.accept(AbstractBuilder.java:48)
	at app//de.uka.ilkd.key.nparser.builder.DefaultBuilder.accept(DefaultBuilder.java:35)
	at app//de.uka.ilkd.key.nparser.builder.ExpressionBuilder.visitElementary_update_term(ExpressionBuilder.java:188)
	at app//de.uka.ilkd.key.nparser.builder.ExpressionBuilder.visitElementary_update_term(ExpressionBuilder.java:49)
	at app//de.uka.ilkd.key.nparser.KeYParser$Elementary_update_termContext.accept(KeYParser.java:4142)
	at app//de.uka.ilkd.key.nparser.builder.AbstractBuilder.lambda$mapOf$0(AbstractBuilder.java:124)
	at java.base@17.0.7/java.util.stream.ReferencePipeline$3$1.accept(ReferencePipeline.java:197)
	at java.base@17.0.7/java.util.ArrayList$ArrayListSpliterator.forEachRemaining(ArrayList.java:1625)
	at java.base@17.0.7/java.util.stream.AbstractPipeline.copyInto(AbstractPipeline.java:509)
	at java.base@17.0.7/java.util.stream.AbstractPipeline.wrapAndCopyInto(AbstractPipeline.java:499)
	at java.base@17.0.7/java.util.stream.ReduceOps$ReduceOp.evaluateSequential(ReduceOps.java:921)
	at java.base@17.0.7/java.util.stream.AbstractPipeline.evaluate(AbstractPipeline.java:234)
	at java.base@17.0.7/java.util.stream.ReferencePipeline.collect(ReferencePipeline.java:682)
	at app//de.uka.ilkd.key.nparser.builder.AbstractBuilder.mapOf(AbstractBuilder.java:124)
	at app//de.uka.ilkd.key.nparser.builder.ExpressionBuilder.visitParallel_term(ExpressionBuilder.java:173)
	at app//de.uka.ilkd.key.nparser.builder.ExpressionBuilder.visitParallel_term(ExpressionBuilder.java:49)
	at app//de.uka.ilkd.key.nparser.KeYParser$Parallel_termContext.accept(KeYParser.java:4074)
	at app//org.antlr.v4.runtime.tree.AbstractParseTreeVisitor.visitChildren(AbstractParseTreeVisitor.java:46)
	at app//de.uka.ilkd.key.nparser.KeYParserBaseVisitor.visitTerm(KeYParserBaseVisitor.java:332)
	at app//de.uka.ilkd.key.nparser.KeYParser$TermContext.accept(KeYParser.java:4020)
	at app//de.uka.ilkd.key.nparser.KeyAst.accept(KeyAst.java:43)
	at app//de.uka.ilkd.key.nparser.KeyIO.parseExpression(KeyIO.java:96)
	at app//de.uka.ilkd.key.nparser.KeyIO.parseExpression(KeyIO.java:79)
	at app//de.uka.ilkd.key.parser.AbstractTestTermParser.parseTerm(AbstractTestTermParser.java:74)
	at app//de.uka.ilkd.key.parser.AbstractTestTermParser.comparePrettySyntaxAgainstVerboseSyntax(AbstractTestTermParser.java:141)
	at app//de.uka.ilkd.key.parser.TestTermParserHeap.testQueryBasic_11(TestTermParserHeap.java:333)
	at java.base@17.0.7/jdk.internal.reflect.NativeMethodAccessorImpl.invoke0(Native Method)
	at java.base@17.0.7/jdk.internal.reflect.NativeMethodAccessorImpl.invoke(NativeMethodAccessorImpl.java:77)
	at java.base@17.0.7/jdk.internal.reflect.DelegatingMethodAccessorImpl.invoke(DelegatingMethodAccessorImpl.java:43)
	at java.base@17.0.7/java.lang.reflect.Method.invoke(Method.java:568)
	at app//org.junit.platform.commons.util.ReflectionUtils.invokeMethod(ReflectionUtils.java:727)
	at app//org.junit.jupiter.engine.execution.MethodInvocation.proceed(MethodInvocation.java:60)
	at app//org.junit.jupiter.engine.execution.InvocationInterceptorChain$ValidatingInvocation.proceed(InvocationInterceptorChain.java:131)
	at app//org.junit.jupiter.engine.extension.TimeoutExtension.intercept(TimeoutExtension.java:156)
	at app//org.junit.jupiter.engine.extension.TimeoutExtension.interceptTestableMethod(TimeoutExtension.java:147)
	at app//org.junit.jupiter.engine.extension.TimeoutExtension.interceptTestMethod(TimeoutExtension.java:86)
	at app//org.junit.jupiter.engine.execution.InterceptingExecutableInvoker$ReflectiveInterceptorCall.lambda$ofVoidMethod$0(InterceptingExecutableInvoker.java:103)
	at app//org.junit.jupiter.engine.execution.InterceptingExecutableInvoker.lambda$invoke$0(InterceptingExecutableInvoker.java:93)
	at app//org.junit.jupiter.engine.execution.InvocationInterceptorChain$InterceptedInvocation.proceed(InvocationInterceptorChain.java:106)
	at app//org.junit.jupiter.engine.execution.InvocationInterceptorChain.proceed(InvocationInterceptorChain.java:64)
	at app//org.junit.jupiter.engine.execution.InvocationInterceptorChain.chainAndInvoke(InvocationInterceptorChain.java:45)
	at app//org.junit.jupiter.engine.execution.InvocationInterceptorChain.invoke(InvocationInterceptorChain.java:37)
	at app//org.junit.jupiter.engine.execution.InterceptingExecutableInvoker.invoke(InterceptingExecutableInvoker.java:92)
	at app//org.junit.jupiter.engine.execution.InterceptingExecutableInvoker.invoke(InterceptingExecutableInvoker.java:86)
	at app//org.junit.jupiter.engine.descriptor.TestMethodTestDescriptor.lambda$invokeTestMethod$7(TestMethodTestDescriptor.java:217)
	at app//org.junit.platform.engine.support.hierarchical.ThrowableCollector.execute(ThrowableCollector.java:73)
	at app//org.junit.jupiter.engine.descriptor.TestMethodTestDescriptor.invokeTestMethod(TestMethodTestDescriptor.java:213)
	at app//org.junit.jupiter.engine.descriptor.TestMethodTestDescriptor.execute(TestMethodTestDescriptor.java:138)
	at app//org.junit.jupiter.engine.descriptor.TestMethodTestDescriptor.execute(TestMethodTestDescriptor.java:68)
	at app//org.junit.platform.engine.support.hierarchical.NodeTestTask.lambda$executeRecursively$6(NodeTestTask.java:151)
	at app//org.junit.platform.engine.support.hierarchical.ThrowableCollector.execute(ThrowableCollector.java:73)
	at app//org.junit.platform.engine.support.hierarchical.NodeTestTask.lambda$executeRecursively$8(NodeTestTask.java:141)
	at app//org.junit.platform.engine.support.hierarchical.Node.around(Node.java:137)
	at app//org.junit.platform.engine.support.hierarchical.NodeTestTask.lambda$executeRecursively$9(NodeTestTask.java:139)
	at app//org.junit.platform.engine.support.hierarchical.ThrowableCollector.execute(ThrowableCollector.java:73)
	at app//org.junit.platform.engine.support.hierarchical.NodeTestTask.executeRecursively(NodeTestTask.java:138)
	at app//org.junit.platform.engine.support.hierarchical.NodeTestTask.execute(NodeTestTask.java:95)
	at java.base@17.0.7/java.util.ArrayList.forEach(ArrayList.java:1511)
	at app//org.junit.platform.engine.support.hierarchical.SameThreadHierarchicalTestExecutorService.invokeAll(SameThreadHierarchicalTestExecutorService.java:41)
	at app//org.junit.platform.engine.support.hierarchical.NodeTestTask.lambda$executeRecursively$6(NodeTestTask.java:155)
	at app//org.junit.platform.engine.support.hierarchical.ThrowableCollector.execute(ThrowableCollector.java:73)
	at app//org.junit.platform.engine.support.hierarchical.NodeTestTask.lambda$executeRecursively$8(NodeTestTask.java:141)
	at app//org.junit.platform.engine.support.hierarchical.Node.around(Node.java:137)
	at app//org.junit.platform.engine.support.hierarchical.NodeTestTask.lambda$executeRecursively$9(NodeTestTask.java:139)
	at app//org.junit.platform.engine.support.hierarchical.ThrowableCollector.execute(ThrowableCollector.java:73)
	at app//org.junit.platform.engine.support.hierarchical.NodeTestTask.executeRecursively(NodeTestTask.java:138)
	at app//org.junit.platform.engine.support.hierarchical.NodeTestTask.execute(NodeTestTask.java:95)
	at java.base@17.0.7/java.util.ArrayList.forEach(ArrayList.java:1511)
	at app//org.junit.platform.engine.support.hierarchical.SameThreadHierarchicalTestExecutorService.invokeAll(SameThreadHierarchicalTestExecutorService.java:41)
	at app//org.junit.platform.engine.support.hierarchical.NodeTestTask.lambda$executeRecursively$6(NodeTestTask.java:155)
	at app//org.junit.platform.engine.support.hierarchical.ThrowableCollector.execute(ThrowableCollector.java:73)
	at app//org.junit.platform.engine.support.hierarchical.NodeTestTask.lambda$executeRecursively$8(NodeTestTask.java:141)
	at app//org.junit.platform.engine.support.hierarchical.Node.around(Node.java:137)
	at app//org.junit.platform.engine.support.hierarchical.NodeTestTask.lambda$executeRecursively$9(NodeTestTask.java:139)
	at app//org.junit.platform.engine.support.hierarchical.ThrowableCollector.execute(ThrowableCollector.java:73)
	at app//org.junit.platform.engine.support.hierarchical.NodeTestTask.executeRecursively(NodeTestTask.java:138)
	at app//org.junit.platform.engine.support.hierarchical.NodeTestTask.execute(NodeTestTask.java:95)
	at app//org.junit.platform.engine.support.hierarchical.SameThreadHierarchicalTestExecutorService.submit(SameThreadHierarchicalTestExecutorService.java:35)
	at app//org.junit.platform.engine.support.hierarchical.HierarchicalTestExecutor.execute(HierarchicalTestExecutor.java:57)
	at app//org.junit.platform.engine.support.hierarchical.HierarchicalTestEngine.execute(HierarchicalTestEngine.java:54)
	at app//org.junit.platform.launcher.core.EngineExecutionOrchestrator.execute(EngineExecutionOrchestrator.java:107)
	at app//org.junit.platform.launcher.core.EngineExecutionOrchestrator.execute(EngineExecutionOrchestrator.java:88)
	at app//org.junit.platform.launcher.core.EngineExecutionOrchestrator.lambda$execute$0(EngineExecutionOrchestrator.java:54)
	at app//org.junit.platform.launcher.core.EngineExecutionOrchestrator.withInterceptedStreams(EngineExecutionOrchestrator.java:67)
	at app//org.junit.platform.launcher.core.EngineExecutionOrchestrator.execute(EngineExecutionOrchestrator.java:52)
	at app//org.junit.platform.launcher.core.DefaultLauncher.execute(DefaultLauncher.java:114)
	at app//org.junit.platform.launcher.core.DefaultLauncher.execute(DefaultLauncher.java:86)
	at app//org.junit.platform.launcher.core.DefaultLauncherSession$DelegatingLauncher.execute(DefaultLauncherSession.java:86)
	at org.gradle.api.internal.tasks.testing.junitplatform.JUnitPlatformTestClassProcessor$CollectAllTestClassesExecutor.processAllTestClasses(JUnitPlatformTestClassProcessor.java:110)
	at org.gradle.api.internal.tasks.testing.junitplatform.JUnitPlatformTestClassProcessor$CollectAllTestClassesExecutor.access$000(JUnitPlatformTestClassProcessor.java:90)
	at org.gradle.api.internal.tasks.testing.junitplatform.JUnitPlatformTestClassProcessor.stop(JUnitPlatformTestClassProcessor.java:85)
	at org.gradle.api.internal.tasks.testing.SuiteTestClassProcessor.stop(SuiteTestClassProcessor.java:62)
	at java.base@17.0.7/jdk.internal.reflect.NativeMethodAccessorImpl.invoke0(Native Method)
	at java.base@17.0.7/jdk.internal.reflect.NativeMethodAccessorImpl.invoke(NativeMethodAccessorImpl.java:77)
	at java.base@17.0.7/jdk.internal.reflect.DelegatingMethodAccessorImpl.invoke(DelegatingMethodAccessorImpl.java:43)
	at java.base@17.0.7/java.lang.reflect.Method.invoke(Method.java:568)
	at org.gradle.internal.dispatch.ReflectionDispatch.dispatch(ReflectionDispatch.java:36)
	at org.gradle.internal.dispatch.ReflectionDispatch.dispatch(ReflectionDispatch.java:24)
	at org.gradle.internal.dispatch.ContextClassLoaderDispatch.dispatch(ContextClassLoaderDispatch.java:33)
	at org.gradle.internal.dispatch.ProxyDispatchAdapter$DispatchingInvocationHandler.invoke(ProxyDispatchAdapter.java:94)
	at jdk.proxy2/jdk.proxy2.$Proxy5.stop(Unknown Source)
	at org.gradle.api.internal.tasks.testing.worker.TestWorker$3.run(TestWorker.java:193)
	at org.gradle.api.internal.tasks.testing.worker.TestWorker.executeAndMaintainThreadName(TestWorker.java:129)
	at org.gradle.api.internal.tasks.testing.worker.TestWorker.execute(TestWorker.java:100)
	at org.gradle.api.internal.tasks.testing.worker.TestWorker.execute(TestWorker.java:60)
	at org.gradle.process.internal.worker.child.ActionExecutionWorker.execute(ActionExecutionWorker.java:56)
	at org.gradle.process.internal.worker.child.SystemApplicationClassLoaderWorker.call(SystemApplicationClassLoaderWorker.java:113)
	at org.gradle.process.internal.worker.child.SystemApplicationClassLoaderWorker.call(SystemApplicationClassLoaderWorker.java:65)
	at app//worker.org.gradle.process.internal.worker.GradleWorkerMain.run(GradleWorkerMain.java:69)
	at app//worker.org.gradle.process.internal.worker.GradleWorkerMain.main(GradleWorkerMain.java:74)
</failure>
  </testcase>
  <testcase name="testQueryBasic_1()" classname="de.uka.ilkd.key.parser.TestTermParserHeap" time="0.013">
    <failure message="Could not find (program) variable or constant query at &lt;unknown&gt;:1:1 (&lt;unknown&gt;:1:1)" type="de.uka.ilkd.key.util.parsing.BuildingException">Could not find (program) variable or constant query at &lt;unknown&gt;:1:1 (&lt;unknown&gt;:1:1)
	at app//de.uka.ilkd.key.nparser.builder.AbstractBuilder.semanticError(AbstractBuilder.java:179)
	at app//de.uka.ilkd.key.nparser.builder.DefaultBuilder.lookupVarfuncId(DefaultBuilder.java:174)
	at app//de.uka.ilkd.key.nparser.builder.ExpressionBuilder.visitAccessterm(ExpressionBuilder.java:1443)
	at app//de.uka.ilkd.key.nparser.builder.ExpressionBuilder.visitAccessterm(ExpressionBuilder.java:49)
	at app//de.uka.ilkd.key.nparser.KeYParser$AccesstermContext.accept(KeYParser.java:6174)
	at app//org.antlr.v4.runtime.tree.AbstractParseTreeVisitor.visitChildren(AbstractParseTreeVisitor.java:46)
	at app//de.uka.ilkd.key.nparser.KeYParserBaseVisitor.visitPrimitive_term(KeYParserBaseVisitor.java:542)
	at app//de.uka.ilkd.key.nparser.KeYParser$Primitive_termContext.accept(KeYParser.java:6074)
	at app//de.uka.ilkd.key.nparser.builder.AbstractBuilder.accept(AbstractBuilder.java:48)
	at app//de.uka.ilkd.key.nparser.builder.DefaultBuilder.accept(DefaultBuilder.java:35)
	at app//de.uka.ilkd.key.nparser.builder.ExpressionBuilder.visitPrimitive_labeled_term(ExpressionBuilder.java:877)
	at app//de.uka.ilkd.key.nparser.KeYParser$Primitive_labeled_termContext.accept(KeYParser.java:5877)
	at app//de.uka.ilkd.key.nparser.builder.AbstractBuilder.accept(AbstractBuilder.java:48)
	at app//de.uka.ilkd.key.nparser.builder.DefaultBuilder.accept(DefaultBuilder.java:35)
	at app//de.uka.ilkd.key.nparser.builder.ExpressionBuilder.visitBracket_term(ExpressionBuilder.java:403)
	at app//de.uka.ilkd.key.nparser.KeYParser$Bracket_termContext.accept(KeYParser.java:5527)
	at app//org.antlr.v4.runtime.tree.AbstractParseTreeVisitor.visitChildren(AbstractParseTreeVisitor.java:46)
	at app//de.uka.ilkd.key.nparser.KeYParserBaseVisitor.visitAtom_prefix(KeYParserBaseVisitor.java:472)
	at app//de.uka.ilkd.key.nparser.KeYParser$Atom_prefixContext.accept(KeYParser.java:5429)
	at app//de.uka.ilkd.key.nparser.builder.AbstractBuilder.accept(AbstractBuilder.java:48)
	at app//de.uka.ilkd.key.nparser.builder.DefaultBuilder.accept(DefaultBuilder.java:35)
	at app//de.uka.ilkd.key.nparser.builder.ExpressionBuilder.visitStrong_arith_term_2(ExpressionBuilder.java:382)
	at app//de.uka.ilkd.key.nparser.KeYParser$Strong_arith_term_2Context.accept(KeYParser.java:5035)
	at app//de.uka.ilkd.key.nparser.builder.AbstractBuilder.accept(AbstractBuilder.java:48)
	at app//de.uka.ilkd.key.nparser.builder.DefaultBuilder.accept(DefaultBuilder.java:35)
	at app//de.uka.ilkd.key.nparser.builder.ExpressionBuilder.visitStrong_arith_term_1(ExpressionBuilder.java:368)
	at app//de.uka.ilkd.key.nparser.KeYParser$Strong_arith_term_1Context.accept(KeYParser.java:4963)
	at app//de.uka.ilkd.key.nparser.builder.AbstractBuilder.accept(AbstractBuilder.java:48)
	at app//de.uka.ilkd.key.nparser.builder.DefaultBuilder.accept(DefaultBuilder.java:35)
	at app//de.uka.ilkd.key.nparser.builder.ExpressionBuilder.visitWeak_arith_term(ExpressionBuilder.java:331)
	at app//de.uka.ilkd.key.nparser.KeYParser$Weak_arith_termContext.accept(KeYParser.java:4877)
	at app//de.uka.ilkd.key.nparser.builder.AbstractBuilder.accept(AbstractBuilder.java:48)
	at app//de.uka.ilkd.key.nparser.builder.DefaultBuilder.accept(DefaultBuilder.java:35)
	at app//de.uka.ilkd.key.nparser.builder.ExpressionBuilder.visitComparison_term(ExpressionBuilder.java:305)
	at app//de.uka.ilkd.key.nparser.KeYParser$Comparison_termContext.accept(KeYParser.java:4793)
	at app//de.uka.ilkd.key.nparser.builder.AbstractBuilder.accept(AbstractBuilder.java:48)
	at app//de.uka.ilkd.key.nparser.builder.DefaultBuilder.accept(DefaultBuilder.java:35)
	at app//de.uka.ilkd.key.nparser.builder.ExpressionBuilder.visitEquality_term(ExpressionBuilder.java:294)
	at app//de.uka.ilkd.key.nparser.builder.ExpressionBuilder.visitEquality_term(ExpressionBuilder.java:49)
	at app//de.uka.ilkd.key.nparser.KeYParser$Equality_termContext.accept(KeYParser.java:4718)
	at app//org.antlr.v4.runtime.tree.AbstractParseTreeVisitor.visitChildren(AbstractParseTreeVisitor.java:46)
	at app//de.uka.ilkd.key.nparser.KeYParserBaseVisitor.visitTerm60(KeYParserBaseVisitor.java:381)
	at app//de.uka.ilkd.key.nparser.KeYParser$Term60Context.accept(KeYParser.java:4485)
	at app//de.uka.ilkd.key.nparser.builder.AbstractBuilder.accept(AbstractBuilder.java:48)
	at app//de.uka.ilkd.key.nparser.builder.DefaultBuilder.accept(DefaultBuilder.java:35)
	at app//de.uka.ilkd.key.nparser.builder.ExpressionBuilder.visitConjunction_term(ExpressionBuilder.java:238)
	at app//de.uka.ilkd.key.nparser.builder.ExpressionBuilder.visitConjunction_term(ExpressionBuilder.java:49)
	at app//de.uka.ilkd.key.nparser.KeYParser$Conjunction_termContext.accept(KeYParser.java:4419)
	at app//de.uka.ilkd.key.nparser.builder.AbstractBuilder.accept(AbstractBuilder.java:48)
	at app//de.uka.ilkd.key.nparser.builder.DefaultBuilder.accept(DefaultBuilder.java:35)
	at app//de.uka.ilkd.key.nparser.builder.ExpressionBuilder.visitDisjunction_term(ExpressionBuilder.java:229)
	at app//de.uka.ilkd.key.nparser.builder.ExpressionBuilder.visitDisjunction_term(ExpressionBuilder.java:49)
	at app//de.uka.ilkd.key.nparser.KeYParser$Disjunction_termContext.accept(KeYParser.java:4346)
	at app//de.uka.ilkd.key.nparser.builder.AbstractBuilder.accept(AbstractBuilder.java:48)
	at app//de.uka.ilkd.key.nparser.builder.DefaultBuilder.accept(DefaultBuilder.java:35)
	at app//de.uka.ilkd.key.nparser.builder.ExpressionBuilder.visitImplication_term(ExpressionBuilder.java:222)
	at app//de.uka.ilkd.key.nparser.builder.ExpressionBuilder.visitImplication_term(ExpressionBuilder.java:49)
	at app//de.uka.ilkd.key.nparser.KeYParser$Implication_termContext.accept(KeYParser.java:4278)
	at app//de.uka.ilkd.key.nparser.builder.AbstractBuilder.accept(AbstractBuilder.java:48)
	at app//de.uka.ilkd.key.nparser.builder.DefaultBuilder.accept(DefaultBuilder.java:35)
	at app//de.uka.ilkd.key.nparser.builder.ExpressionBuilder.visitEquivalence_term(ExpressionBuilder.java:198)
	at app//de.uka.ilkd.key.nparser.builder.ExpressionBuilder.visitEquivalence_term(ExpressionBuilder.java:49)
	at app//de.uka.ilkd.key.nparser.KeYParser$Equivalence_termContext.accept(KeYParser.java:4209)
	at app//de.uka.ilkd.key.nparser.builder.AbstractBuilder.accept(AbstractBuilder.java:48)
	at app//de.uka.ilkd.key.nparser.builder.DefaultBuilder.accept(DefaultBuilder.java:35)
	at app//de.uka.ilkd.key.nparser.builder.ExpressionBuilder.visitElementary_update_term(ExpressionBuilder.java:188)
	at app//de.uka.ilkd.key.nparser.builder.ExpressionBuilder.visitElementary_update_term(ExpressionBuilder.java:49)
	at app//de.uka.ilkd.key.nparser.KeYParser$Elementary_update_termContext.accept(KeYParser.java:4142)
	at app//de.uka.ilkd.key.nparser.builder.AbstractBuilder.lambda$mapOf$0(AbstractBuilder.java:124)
	at java.base@17.0.7/java.util.stream.ReferencePipeline$3$1.accept(ReferencePipeline.java:197)
	at java.base@17.0.7/java.util.ArrayList$ArrayListSpliterator.forEachRemaining(ArrayList.java:1625)
	at java.base@17.0.7/java.util.stream.AbstractPipeline.copyInto(AbstractPipeline.java:509)
	at java.base@17.0.7/java.util.stream.AbstractPipeline.wrapAndCopyInto(AbstractPipeline.java:499)
	at java.base@17.0.7/java.util.stream.ReduceOps$ReduceOp.evaluateSequential(ReduceOps.java:921)
	at java.base@17.0.7/java.util.stream.AbstractPipeline.evaluate(AbstractPipeline.java:234)
	at java.base@17.0.7/java.util.stream.ReferencePipeline.collect(ReferencePipeline.java:682)
	at app//de.uka.ilkd.key.nparser.builder.AbstractBuilder.mapOf(AbstractBuilder.java:124)
	at app//de.uka.ilkd.key.nparser.builder.ExpressionBuilder.visitParallel_term(ExpressionBuilder.java:173)
	at app//de.uka.ilkd.key.nparser.builder.ExpressionBuilder.visitParallel_term(ExpressionBuilder.java:49)
	at app//de.uka.ilkd.key.nparser.KeYParser$Parallel_termContext.accept(KeYParser.java:4074)
	at app//org.antlr.v4.runtime.tree.AbstractParseTreeVisitor.visitChildren(AbstractParseTreeVisitor.java:46)
	at app//de.uka.ilkd.key.nparser.KeYParserBaseVisitor.visitTerm(KeYParserBaseVisitor.java:332)
	at app//de.uka.ilkd.key.nparser.KeYParser$TermContext.accept(KeYParser.java:4020)
	at app//de.uka.ilkd.key.nparser.KeyAst.accept(KeyAst.java:43)
	at app//de.uka.ilkd.key.nparser.KeyIO.parseExpression(KeyIO.java:96)
	at app//de.uka.ilkd.key.nparser.KeyIO.parseExpression(KeyIO.java:79)
	at app//de.uka.ilkd.key.parser.AbstractTestTermParser.parseTerm(AbstractTestTermParser.java:74)
	at app//de.uka.ilkd.key.parser.AbstractTestTermParser.comparePrettySyntaxAgainstVerboseSyntax(AbstractTestTermParser.java:141)
	at app//de.uka.ilkd.key.parser.TestTermParserHeap.testQueryBasic_1(TestTermParserHeap.java:257)
	at java.base@17.0.7/jdk.internal.reflect.NativeMethodAccessorImpl.invoke0(Native Method)
	at java.base@17.0.7/jdk.internal.reflect.NativeMethodAccessorImpl.invoke(NativeMethodAccessorImpl.java:77)
	at java.base@17.0.7/jdk.internal.reflect.DelegatingMethodAccessorImpl.invoke(DelegatingMethodAccessorImpl.java:43)
	at java.base@17.0.7/java.lang.reflect.Method.invoke(Method.java:568)
	at app//org.junit.platform.commons.util.ReflectionUtils.invokeMethod(ReflectionUtils.java:727)
	at app//org.junit.jupiter.engine.execution.MethodInvocation.proceed(MethodInvocation.java:60)
	at app//org.junit.jupiter.engine.execution.InvocationInterceptorChain$ValidatingInvocation.proceed(InvocationInterceptorChain.java:131)
	at app//org.junit.jupiter.engine.extension.TimeoutExtension.intercept(TimeoutExtension.java:156)
	at app//org.junit.jupiter.engine.extension.TimeoutExtension.interceptTestableMethod(TimeoutExtension.java:147)
	at app//org.junit.jupiter.engine.extension.TimeoutExtension.interceptTestMethod(TimeoutExtension.java:86)
	at app//org.junit.jupiter.engine.execution.InterceptingExecutableInvoker$ReflectiveInterceptorCall.lambda$ofVoidMethod$0(InterceptingExecutableInvoker.java:103)
	at app//org.junit.jupiter.engine.execution.InterceptingExecutableInvoker.lambda$invoke$0(InterceptingExecutableInvoker.java:93)
	at app//org.junit.jupiter.engine.execution.InvocationInterceptorChain$InterceptedInvocation.proceed(InvocationInterceptorChain.java:106)
	at app//org.junit.jupiter.engine.execution.InvocationInterceptorChain.proceed(InvocationInterceptorChain.java:64)
	at app//org.junit.jupiter.engine.execution.InvocationInterceptorChain.chainAndInvoke(InvocationInterceptorChain.java:45)
	at app//org.junit.jupiter.engine.execution.InvocationInterceptorChain.invoke(InvocationInterceptorChain.java:37)
	at app//org.junit.jupiter.engine.execution.InterceptingExecutableInvoker.invoke(InterceptingExecutableInvoker.java:92)
	at app//org.junit.jupiter.engine.execution.InterceptingExecutableInvoker.invoke(InterceptingExecutableInvoker.java:86)
	at app//org.junit.jupiter.engine.descriptor.TestMethodTestDescriptor.lambda$invokeTestMethod$7(TestMethodTestDescriptor.java:217)
	at app//org.junit.platform.engine.support.hierarchical.ThrowableCollector.execute(ThrowableCollector.java:73)
	at app//org.junit.jupiter.engine.descriptor.TestMethodTestDescriptor.invokeTestMethod(TestMethodTestDescriptor.java:213)
	at app//org.junit.jupiter.engine.descriptor.TestMethodTestDescriptor.execute(TestMethodTestDescriptor.java:138)
	at app//org.junit.jupiter.engine.descriptor.TestMethodTestDescriptor.execute(TestMethodTestDescriptor.java:68)
	at app//org.junit.platform.engine.support.hierarchical.NodeTestTask.lambda$executeRecursively$6(NodeTestTask.java:151)
	at app//org.junit.platform.engine.support.hierarchical.ThrowableCollector.execute(ThrowableCollector.java:73)
	at app//org.junit.platform.engine.support.hierarchical.NodeTestTask.lambda$executeRecursively$8(NodeTestTask.java:141)
	at app//org.junit.platform.engine.support.hierarchical.Node.around(Node.java:137)
	at app//org.junit.platform.engine.support.hierarchical.NodeTestTask.lambda$executeRecursively$9(NodeTestTask.java:139)
	at app//org.junit.platform.engine.support.hierarchical.ThrowableCollector.execute(ThrowableCollector.java:73)
	at app//org.junit.platform.engine.support.hierarchical.NodeTestTask.executeRecursively(NodeTestTask.java:138)
	at app//org.junit.platform.engine.support.hierarchical.NodeTestTask.execute(NodeTestTask.java:95)
	at java.base@17.0.7/java.util.ArrayList.forEach(ArrayList.java:1511)
	at app//org.junit.platform.engine.support.hierarchical.SameThreadHierarchicalTestExecutorService.invokeAll(SameThreadHierarchicalTestExecutorService.java:41)
	at app//org.junit.platform.engine.support.hierarchical.NodeTestTask.lambda$executeRecursively$6(NodeTestTask.java:155)
	at app//org.junit.platform.engine.support.hierarchical.ThrowableCollector.execute(ThrowableCollector.java:73)
	at app//org.junit.platform.engine.support.hierarchical.NodeTestTask.lambda$executeRecursively$8(NodeTestTask.java:141)
	at app//org.junit.platform.engine.support.hierarchical.Node.around(Node.java:137)
	at app//org.junit.platform.engine.support.hierarchical.NodeTestTask.lambda$executeRecursively$9(NodeTestTask.java:139)
	at app//org.junit.platform.engine.support.hierarchical.ThrowableCollector.execute(ThrowableCollector.java:73)
	at app//org.junit.platform.engine.support.hierarchical.NodeTestTask.executeRecursively(NodeTestTask.java:138)
	at app//org.junit.platform.engine.support.hierarchical.NodeTestTask.execute(NodeTestTask.java:95)
	at java.base@17.0.7/java.util.ArrayList.forEach(ArrayList.java:1511)
	at app//org.junit.platform.engine.support.hierarchical.SameThreadHierarchicalTestExecutorService.invokeAll(SameThreadHierarchicalTestExecutorService.java:41)
	at app//org.junit.platform.engine.support.hierarchical.NodeTestTask.lambda$executeRecursively$6(NodeTestTask.java:155)
	at app//org.junit.platform.engine.support.hierarchical.ThrowableCollector.execute(ThrowableCollector.java:73)
	at app//org.junit.platform.engine.support.hierarchical.NodeTestTask.lambda$executeRecursively$8(NodeTestTask.java:141)
	at app//org.junit.platform.engine.support.hierarchical.Node.around(Node.java:137)
	at app//org.junit.platform.engine.support.hierarchical.NodeTestTask.lambda$executeRecursively$9(NodeTestTask.java:139)
	at app//org.junit.platform.engine.support.hierarchical.ThrowableCollector.execute(ThrowableCollector.java:73)
	at app//org.junit.platform.engine.support.hierarchical.NodeTestTask.executeRecursively(NodeTestTask.java:138)
	at app//org.junit.platform.engine.support.hierarchical.NodeTestTask.execute(NodeTestTask.java:95)
	at app//org.junit.platform.engine.support.hierarchical.SameThreadHierarchicalTestExecutorService.submit(SameThreadHierarchicalTestExecutorService.java:35)
	at app//org.junit.platform.engine.support.hierarchical.HierarchicalTestExecutor.execute(HierarchicalTestExecutor.java:57)
	at app//org.junit.platform.engine.support.hierarchical.HierarchicalTestEngine.execute(HierarchicalTestEngine.java:54)
	at app//org.junit.platform.launcher.core.EngineExecutionOrchestrator.execute(EngineExecutionOrchestrator.java:107)
	at app//org.junit.platform.launcher.core.EngineExecutionOrchestrator.execute(EngineExecutionOrchestrator.java:88)
	at app//org.junit.platform.launcher.core.EngineExecutionOrchestrator.lambda$execute$0(EngineExecutionOrchestrator.java:54)
	at app//org.junit.platform.launcher.core.EngineExecutionOrchestrator.withInterceptedStreams(EngineExecutionOrchestrator.java:67)
	at app//org.junit.platform.launcher.core.EngineExecutionOrchestrator.execute(EngineExecutionOrchestrator.java:52)
	at app//org.junit.platform.launcher.core.DefaultLauncher.execute(DefaultLauncher.java:114)
	at app//org.junit.platform.launcher.core.DefaultLauncher.execute(DefaultLauncher.java:86)
	at app//org.junit.platform.launcher.core.DefaultLauncherSession$DelegatingLauncher.execute(DefaultLauncherSession.java:86)
	at org.gradle.api.internal.tasks.testing.junitplatform.JUnitPlatformTestClassProcessor$CollectAllTestClassesExecutor.processAllTestClasses(JUnitPlatformTestClassProcessor.java:110)
	at org.gradle.api.internal.tasks.testing.junitplatform.JUnitPlatformTestClassProcessor$CollectAllTestClassesExecutor.access$000(JUnitPlatformTestClassProcessor.java:90)
	at org.gradle.api.internal.tasks.testing.junitplatform.JUnitPlatformTestClassProcessor.stop(JUnitPlatformTestClassProcessor.java:85)
	at org.gradle.api.internal.tasks.testing.SuiteTestClassProcessor.stop(SuiteTestClassProcessor.java:62)
	at java.base@17.0.7/jdk.internal.reflect.NativeMethodAccessorImpl.invoke0(Native Method)
	at java.base@17.0.7/jdk.internal.reflect.NativeMethodAccessorImpl.invoke(NativeMethodAccessorImpl.java:77)
	at java.base@17.0.7/jdk.internal.reflect.DelegatingMethodAccessorImpl.invoke(DelegatingMethodAccessorImpl.java:43)
	at java.base@17.0.7/java.lang.reflect.Method.invoke(Method.java:568)
	at org.gradle.internal.dispatch.ReflectionDispatch.dispatch(ReflectionDispatch.java:36)
	at org.gradle.internal.dispatch.ReflectionDispatch.dispatch(ReflectionDispatch.java:24)
	at org.gradle.internal.dispatch.ContextClassLoaderDispatch.dispatch(ContextClassLoaderDispatch.java:33)
	at org.gradle.internal.dispatch.ProxyDispatchAdapter$DispatchingInvocationHandler.invoke(ProxyDispatchAdapter.java:94)
	at jdk.proxy2/jdk.proxy2.$Proxy5.stop(Unknown Source)
	at org.gradle.api.internal.tasks.testing.worker.TestWorker$3.run(TestWorker.java:193)
	at org.gradle.api.internal.tasks.testing.worker.TestWorker.executeAndMaintainThreadName(TestWorker.java:129)
	at org.gradle.api.internal.tasks.testing.worker.TestWorker.execute(TestWorker.java:100)
	at org.gradle.api.internal.tasks.testing.worker.TestWorker.execute(TestWorker.java:60)
	at org.gradle.process.internal.worker.child.ActionExecutionWorker.execute(ActionExecutionWorker.java:56)
	at org.gradle.process.internal.worker.child.SystemApplicationClassLoaderWorker.call(SystemApplicationClassLoaderWorker.java:113)
	at org.gradle.process.internal.worker.child.SystemApplicationClassLoaderWorker.call(SystemApplicationClassLoaderWorker.java:65)
	at app//worker.org.gradle.process.internal.worker.GradleWorkerMain.run(GradleWorkerMain.java:69)
	at app//worker.org.gradle.process.internal.worker.GradleWorkerMain.main(GradleWorkerMain.java:74)
</failure>
  </testcase>
  <testcase name="testQueryBasic_2()" classname="de.uka.ilkd.key.parser.TestTermParserHeap" time="0.012">
    <failure message="Could not find (program) variable or constant query at &lt;unknown&gt;:1:1 (&lt;unknown&gt;:1:1)" type="de.uka.ilkd.key.util.parsing.BuildingException">Could not find (program) variable or constant query at &lt;unknown&gt;:1:1 (&lt;unknown&gt;:1:1)
	at app//de.uka.ilkd.key.nparser.builder.AbstractBuilder.semanticError(AbstractBuilder.java:179)
	at app//de.uka.ilkd.key.nparser.builder.DefaultBuilder.lookupVarfuncId(DefaultBuilder.java:174)
	at app//de.uka.ilkd.key.nparser.builder.ExpressionBuilder.visitAccessterm(ExpressionBuilder.java:1443)
	at app//de.uka.ilkd.key.nparser.builder.ExpressionBuilder.visitAccessterm(ExpressionBuilder.java:49)
	at app//de.uka.ilkd.key.nparser.KeYParser$AccesstermContext.accept(KeYParser.java:6174)
	at app//org.antlr.v4.runtime.tree.AbstractParseTreeVisitor.visitChildren(AbstractParseTreeVisitor.java:46)
	at app//de.uka.ilkd.key.nparser.KeYParserBaseVisitor.visitPrimitive_term(KeYParserBaseVisitor.java:542)
	at app//de.uka.ilkd.key.nparser.KeYParser$Primitive_termContext.accept(KeYParser.java:6074)
	at app//de.uka.ilkd.key.nparser.builder.AbstractBuilder.accept(AbstractBuilder.java:48)
	at app//de.uka.ilkd.key.nparser.builder.DefaultBuilder.accept(DefaultBuilder.java:35)
	at app//de.uka.ilkd.key.nparser.builder.ExpressionBuilder.visitPrimitive_labeled_term(ExpressionBuilder.java:877)
	at app//de.uka.ilkd.key.nparser.KeYParser$Primitive_labeled_termContext.accept(KeYParser.java:5877)
	at app//de.uka.ilkd.key.nparser.builder.AbstractBuilder.accept(AbstractBuilder.java:48)
	at app//de.uka.ilkd.key.nparser.builder.DefaultBuilder.accept(DefaultBuilder.java:35)
	at app//de.uka.ilkd.key.nparser.builder.ExpressionBuilder.visitBracket_term(ExpressionBuilder.java:403)
	at app//de.uka.ilkd.key.nparser.KeYParser$Bracket_termContext.accept(KeYParser.java:5527)
	at app//org.antlr.v4.runtime.tree.AbstractParseTreeVisitor.visitChildren(AbstractParseTreeVisitor.java:46)
	at app//de.uka.ilkd.key.nparser.KeYParserBaseVisitor.visitAtom_prefix(KeYParserBaseVisitor.java:472)
	at app//de.uka.ilkd.key.nparser.KeYParser$Atom_prefixContext.accept(KeYParser.java:5429)
	at app//de.uka.ilkd.key.nparser.builder.AbstractBuilder.accept(AbstractBuilder.java:48)
	at app//de.uka.ilkd.key.nparser.builder.DefaultBuilder.accept(DefaultBuilder.java:35)
	at app//de.uka.ilkd.key.nparser.builder.ExpressionBuilder.visitStrong_arith_term_2(ExpressionBuilder.java:382)
	at app//de.uka.ilkd.key.nparser.KeYParser$Strong_arith_term_2Context.accept(KeYParser.java:5035)
	at app//de.uka.ilkd.key.nparser.builder.AbstractBuilder.accept(AbstractBuilder.java:48)
	at app//de.uka.ilkd.key.nparser.builder.DefaultBuilder.accept(DefaultBuilder.java:35)
	at app//de.uka.ilkd.key.nparser.builder.ExpressionBuilder.visitStrong_arith_term_1(ExpressionBuilder.java:368)
	at app//de.uka.ilkd.key.nparser.KeYParser$Strong_arith_term_1Context.accept(KeYParser.java:4963)
	at app//de.uka.ilkd.key.nparser.builder.AbstractBuilder.accept(AbstractBuilder.java:48)
	at app//de.uka.ilkd.key.nparser.builder.DefaultBuilder.accept(DefaultBuilder.java:35)
	at app//de.uka.ilkd.key.nparser.builder.ExpressionBuilder.visitWeak_arith_term(ExpressionBuilder.java:331)
	at app//de.uka.ilkd.key.nparser.KeYParser$Weak_arith_termContext.accept(KeYParser.java:4877)
	at app//de.uka.ilkd.key.nparser.builder.AbstractBuilder.accept(AbstractBuilder.java:48)
	at app//de.uka.ilkd.key.nparser.builder.DefaultBuilder.accept(DefaultBuilder.java:35)
	at app//de.uka.ilkd.key.nparser.builder.ExpressionBuilder.visitComparison_term(ExpressionBuilder.java:305)
	at app//de.uka.ilkd.key.nparser.KeYParser$Comparison_termContext.accept(KeYParser.java:4793)
	at app//de.uka.ilkd.key.nparser.builder.AbstractBuilder.accept(AbstractBuilder.java:48)
	at app//de.uka.ilkd.key.nparser.builder.DefaultBuilder.accept(DefaultBuilder.java:35)
	at app//de.uka.ilkd.key.nparser.builder.ExpressionBuilder.visitEquality_term(ExpressionBuilder.java:294)
	at app//de.uka.ilkd.key.nparser.builder.ExpressionBuilder.visitEquality_term(ExpressionBuilder.java:49)
	at app//de.uka.ilkd.key.nparser.KeYParser$Equality_termContext.accept(KeYParser.java:4718)
	at app//org.antlr.v4.runtime.tree.AbstractParseTreeVisitor.visitChildren(AbstractParseTreeVisitor.java:46)
	at app//de.uka.ilkd.key.nparser.KeYParserBaseVisitor.visitTerm60(KeYParserBaseVisitor.java:381)
	at app//de.uka.ilkd.key.nparser.KeYParser$Term60Context.accept(KeYParser.java:4485)
	at app//de.uka.ilkd.key.nparser.builder.AbstractBuilder.accept(AbstractBuilder.java:48)
	at app//de.uka.ilkd.key.nparser.builder.DefaultBuilder.accept(DefaultBuilder.java:35)
	at app//de.uka.ilkd.key.nparser.builder.ExpressionBuilder.visitConjunction_term(ExpressionBuilder.java:238)
	at app//de.uka.ilkd.key.nparser.builder.ExpressionBuilder.visitConjunction_term(ExpressionBuilder.java:49)
	at app//de.uka.ilkd.key.nparser.KeYParser$Conjunction_termContext.accept(KeYParser.java:4419)
	at app//de.uka.ilkd.key.nparser.builder.AbstractBuilder.accept(AbstractBuilder.java:48)
	at app//de.uka.ilkd.key.nparser.builder.DefaultBuilder.accept(DefaultBuilder.java:35)
	at app//de.uka.ilkd.key.nparser.builder.ExpressionBuilder.visitDisjunction_term(ExpressionBuilder.java:229)
	at app//de.uka.ilkd.key.nparser.builder.ExpressionBuilder.visitDisjunction_term(ExpressionBuilder.java:49)
	at app//de.uka.ilkd.key.nparser.KeYParser$Disjunction_termContext.accept(KeYParser.java:4346)
	at app//de.uka.ilkd.key.nparser.builder.AbstractBuilder.accept(AbstractBuilder.java:48)
	at app//de.uka.ilkd.key.nparser.builder.DefaultBuilder.accept(DefaultBuilder.java:35)
	at app//de.uka.ilkd.key.nparser.builder.ExpressionBuilder.visitImplication_term(ExpressionBuilder.java:222)
	at app//de.uka.ilkd.key.nparser.builder.ExpressionBuilder.visitImplication_term(ExpressionBuilder.java:49)
	at app//de.uka.ilkd.key.nparser.KeYParser$Implication_termContext.accept(KeYParser.java:4278)
	at app//de.uka.ilkd.key.nparser.builder.AbstractBuilder.accept(AbstractBuilder.java:48)
	at app//de.uka.ilkd.key.nparser.builder.DefaultBuilder.accept(DefaultBuilder.java:35)
	at app//de.uka.ilkd.key.nparser.builder.ExpressionBuilder.visitEquivalence_term(ExpressionBuilder.java:198)
	at app//de.uka.ilkd.key.nparser.builder.ExpressionBuilder.visitEquivalence_term(ExpressionBuilder.java:49)
	at app//de.uka.ilkd.key.nparser.KeYParser$Equivalence_termContext.accept(KeYParser.java:4209)
	at app//de.uka.ilkd.key.nparser.builder.AbstractBuilder.accept(AbstractBuilder.java:48)
	at app//de.uka.ilkd.key.nparser.builder.DefaultBuilder.accept(DefaultBuilder.java:35)
	at app//de.uka.ilkd.key.nparser.builder.ExpressionBuilder.visitElementary_update_term(ExpressionBuilder.java:188)
	at app//de.uka.ilkd.key.nparser.builder.ExpressionBuilder.visitElementary_update_term(ExpressionBuilder.java:49)
	at app//de.uka.ilkd.key.nparser.KeYParser$Elementary_update_termContext.accept(KeYParser.java:4142)
	at app//de.uka.ilkd.key.nparser.builder.AbstractBuilder.lambda$mapOf$0(AbstractBuilder.java:124)
	at java.base@17.0.7/java.util.stream.ReferencePipeline$3$1.accept(ReferencePipeline.java:197)
	at java.base@17.0.7/java.util.ArrayList$ArrayListSpliterator.forEachRemaining(ArrayList.java:1625)
	at java.base@17.0.7/java.util.stream.AbstractPipeline.copyInto(AbstractPipeline.java:509)
	at java.base@17.0.7/java.util.stream.AbstractPipeline.wrapAndCopyInto(AbstractPipeline.java:499)
	at java.base@17.0.7/java.util.stream.ReduceOps$ReduceOp.evaluateSequential(ReduceOps.java:921)
	at java.base@17.0.7/java.util.stream.AbstractPipeline.evaluate(AbstractPipeline.java:234)
	at java.base@17.0.7/java.util.stream.ReferencePipeline.collect(ReferencePipeline.java:682)
	at app//de.uka.ilkd.key.nparser.builder.AbstractBuilder.mapOf(AbstractBuilder.java:124)
	at app//de.uka.ilkd.key.nparser.builder.ExpressionBuilder.visitParallel_term(ExpressionBuilder.java:173)
	at app//de.uka.ilkd.key.nparser.builder.ExpressionBuilder.visitParallel_term(ExpressionBuilder.java:49)
	at app//de.uka.ilkd.key.nparser.KeYParser$Parallel_termContext.accept(KeYParser.java:4074)
	at app//org.antlr.v4.runtime.tree.AbstractParseTreeVisitor.visitChildren(AbstractParseTreeVisitor.java:46)
	at app//de.uka.ilkd.key.nparser.KeYParserBaseVisitor.visitTerm(KeYParserBaseVisitor.java:332)
	at app//de.uka.ilkd.key.nparser.KeYParser$TermContext.accept(KeYParser.java:4020)
	at app//de.uka.ilkd.key.nparser.KeyAst.accept(KeyAst.java:43)
	at app//de.uka.ilkd.key.nparser.KeyIO.parseExpression(KeyIO.java:96)
	at app//de.uka.ilkd.key.nparser.KeyIO.parseExpression(KeyIO.java:79)
	at app//de.uka.ilkd.key.parser.AbstractTestTermParser.parseTerm(AbstractTestTermParser.java:74)
	at app//de.uka.ilkd.key.parser.AbstractTestTermParser.comparePrettySyntaxAgainstVerboseSyntax(AbstractTestTermParser.java:141)
	at app//de.uka.ilkd.key.parser.TestTermParserHeap.testQueryBasic_2(TestTermParserHeap.java:263)
	at java.base@17.0.7/jdk.internal.reflect.NativeMethodAccessorImpl.invoke0(Native Method)
	at java.base@17.0.7/jdk.internal.reflect.NativeMethodAccessorImpl.invoke(NativeMethodAccessorImpl.java:77)
	at java.base@17.0.7/jdk.internal.reflect.DelegatingMethodAccessorImpl.invoke(DelegatingMethodAccessorImpl.java:43)
	at java.base@17.0.7/java.lang.reflect.Method.invoke(Method.java:568)
	at app//org.junit.platform.commons.util.ReflectionUtils.invokeMethod(ReflectionUtils.java:727)
	at app//org.junit.jupiter.engine.execution.MethodInvocation.proceed(MethodInvocation.java:60)
	at app//org.junit.jupiter.engine.execution.InvocationInterceptorChain$ValidatingInvocation.proceed(InvocationInterceptorChain.java:131)
	at app//org.junit.jupiter.engine.extension.TimeoutExtension.intercept(TimeoutExtension.java:156)
	at app//org.junit.jupiter.engine.extension.TimeoutExtension.interceptTestableMethod(TimeoutExtension.java:147)
	at app//org.junit.jupiter.engine.extension.TimeoutExtension.interceptTestMethod(TimeoutExtension.java:86)
	at app//org.junit.jupiter.engine.execution.InterceptingExecutableInvoker$ReflectiveInterceptorCall.lambda$ofVoidMethod$0(InterceptingExecutableInvoker.java:103)
	at app//org.junit.jupiter.engine.execution.InterceptingExecutableInvoker.lambda$invoke$0(InterceptingExecutableInvoker.java:93)
	at app//org.junit.jupiter.engine.execution.InvocationInterceptorChain$InterceptedInvocation.proceed(InvocationInterceptorChain.java:106)
	at app//org.junit.jupiter.engine.execution.InvocationInterceptorChain.proceed(InvocationInterceptorChain.java:64)
	at app//org.junit.jupiter.engine.execution.InvocationInterceptorChain.chainAndInvoke(InvocationInterceptorChain.java:45)
	at app//org.junit.jupiter.engine.execution.InvocationInterceptorChain.invoke(InvocationInterceptorChain.java:37)
	at app//org.junit.jupiter.engine.execution.InterceptingExecutableInvoker.invoke(InterceptingExecutableInvoker.java:92)
	at app//org.junit.jupiter.engine.execution.InterceptingExecutableInvoker.invoke(InterceptingExecutableInvoker.java:86)
	at app//org.junit.jupiter.engine.descriptor.TestMethodTestDescriptor.lambda$invokeTestMethod$7(TestMethodTestDescriptor.java:217)
	at app//org.junit.platform.engine.support.hierarchical.ThrowableCollector.execute(ThrowableCollector.java:73)
	at app//org.junit.jupiter.engine.descriptor.TestMethodTestDescriptor.invokeTestMethod(TestMethodTestDescriptor.java:213)
	at app//org.junit.jupiter.engine.descriptor.TestMethodTestDescriptor.execute(TestMethodTestDescriptor.java:138)
	at app//org.junit.jupiter.engine.descriptor.TestMethodTestDescriptor.execute(TestMethodTestDescriptor.java:68)
	at app//org.junit.platform.engine.support.hierarchical.NodeTestTask.lambda$executeRecursively$6(NodeTestTask.java:151)
	at app//org.junit.platform.engine.support.hierarchical.ThrowableCollector.execute(ThrowableCollector.java:73)
	at app//org.junit.platform.engine.support.hierarchical.NodeTestTask.lambda$executeRecursively$8(NodeTestTask.java:141)
	at app//org.junit.platform.engine.support.hierarchical.Node.around(Node.java:137)
	at app//org.junit.platform.engine.support.hierarchical.NodeTestTask.lambda$executeRecursively$9(NodeTestTask.java:139)
	at app//org.junit.platform.engine.support.hierarchical.ThrowableCollector.execute(ThrowableCollector.java:73)
	at app//org.junit.platform.engine.support.hierarchical.NodeTestTask.executeRecursively(NodeTestTask.java:138)
	at app//org.junit.platform.engine.support.hierarchical.NodeTestTask.execute(NodeTestTask.java:95)
	at java.base@17.0.7/java.util.ArrayList.forEach(ArrayList.java:1511)
	at app//org.junit.platform.engine.support.hierarchical.SameThreadHierarchicalTestExecutorService.invokeAll(SameThreadHierarchicalTestExecutorService.java:41)
	at app//org.junit.platform.engine.support.hierarchical.NodeTestTask.lambda$executeRecursively$6(NodeTestTask.java:155)
	at app//org.junit.platform.engine.support.hierarchical.ThrowableCollector.execute(ThrowableCollector.java:73)
	at app//org.junit.platform.engine.support.hierarchical.NodeTestTask.lambda$executeRecursively$8(NodeTestTask.java:141)
	at app//org.junit.platform.engine.support.hierarchical.Node.around(Node.java:137)
	at app//org.junit.platform.engine.support.hierarchical.NodeTestTask.lambda$executeRecursively$9(NodeTestTask.java:139)
	at app//org.junit.platform.engine.support.hierarchical.ThrowableCollector.execute(ThrowableCollector.java:73)
	at app//org.junit.platform.engine.support.hierarchical.NodeTestTask.executeRecursively(NodeTestTask.java:138)
	at app//org.junit.platform.engine.support.hierarchical.NodeTestTask.execute(NodeTestTask.java:95)
	at java.base@17.0.7/java.util.ArrayList.forEach(ArrayList.java:1511)
	at app//org.junit.platform.engine.support.hierarchical.SameThreadHierarchicalTestExecutorService.invokeAll(SameThreadHierarchicalTestExecutorService.java:41)
	at app//org.junit.platform.engine.support.hierarchical.NodeTestTask.lambda$executeRecursively$6(NodeTestTask.java:155)
	at app//org.junit.platform.engine.support.hierarchical.ThrowableCollector.execute(ThrowableCollector.java:73)
	at app//org.junit.platform.engine.support.hierarchical.NodeTestTask.lambda$executeRecursively$8(NodeTestTask.java:141)
	at app//org.junit.platform.engine.support.hierarchical.Node.around(Node.java:137)
	at app//org.junit.platform.engine.support.hierarchical.NodeTestTask.lambda$executeRecursively$9(NodeTestTask.java:139)
	at app//org.junit.platform.engine.support.hierarchical.ThrowableCollector.execute(ThrowableCollector.java:73)
	at app//org.junit.platform.engine.support.hierarchical.NodeTestTask.executeRecursively(NodeTestTask.java:138)
	at app//org.junit.platform.engine.support.hierarchical.NodeTestTask.execute(NodeTestTask.java:95)
	at app//org.junit.platform.engine.support.hierarchical.SameThreadHierarchicalTestExecutorService.submit(SameThreadHierarchicalTestExecutorService.java:35)
	at app//org.junit.platform.engine.support.hierarchical.HierarchicalTestExecutor.execute(HierarchicalTestExecutor.java:57)
	at app//org.junit.platform.engine.support.hierarchical.HierarchicalTestEngine.execute(HierarchicalTestEngine.java:54)
	at app//org.junit.platform.launcher.core.EngineExecutionOrchestrator.execute(EngineExecutionOrchestrator.java:107)
	at app//org.junit.platform.launcher.core.EngineExecutionOrchestrator.execute(EngineExecutionOrchestrator.java:88)
	at app//org.junit.platform.launcher.core.EngineExecutionOrchestrator.lambda$execute$0(EngineExecutionOrchestrator.java:54)
	at app//org.junit.platform.launcher.core.EngineExecutionOrchestrator.withInterceptedStreams(EngineExecutionOrchestrator.java:67)
	at app//org.junit.platform.launcher.core.EngineExecutionOrchestrator.execute(EngineExecutionOrchestrator.java:52)
	at app//org.junit.platform.launcher.core.DefaultLauncher.execute(DefaultLauncher.java:114)
	at app//org.junit.platform.launcher.core.DefaultLauncher.execute(DefaultLauncher.java:86)
	at app//org.junit.platform.launcher.core.DefaultLauncherSession$DelegatingLauncher.execute(DefaultLauncherSession.java:86)
	at org.gradle.api.internal.tasks.testing.junitplatform.JUnitPlatformTestClassProcessor$CollectAllTestClassesExecutor.processAllTestClasses(JUnitPlatformTestClassProcessor.java:110)
	at org.gradle.api.internal.tasks.testing.junitplatform.JUnitPlatformTestClassProcessor$CollectAllTestClassesExecutor.access$000(JUnitPlatformTestClassProcessor.java:90)
	at org.gradle.api.internal.tasks.testing.junitplatform.JUnitPlatformTestClassProcessor.stop(JUnitPlatformTestClassProcessor.java:85)
	at org.gradle.api.internal.tasks.testing.SuiteTestClassProcessor.stop(SuiteTestClassProcessor.java:62)
	at java.base@17.0.7/jdk.internal.reflect.NativeMethodAccessorImpl.invoke0(Native Method)
	at java.base@17.0.7/jdk.internal.reflect.NativeMethodAccessorImpl.invoke(NativeMethodAccessorImpl.java:77)
	at java.base@17.0.7/jdk.internal.reflect.DelegatingMethodAccessorImpl.invoke(DelegatingMethodAccessorImpl.java:43)
	at java.base@17.0.7/java.lang.reflect.Method.invoke(Method.java:568)
	at org.gradle.internal.dispatch.ReflectionDispatch.dispatch(ReflectionDispatch.java:36)
	at org.gradle.internal.dispatch.ReflectionDispatch.dispatch(ReflectionDispatch.java:24)
	at org.gradle.internal.dispatch.ContextClassLoaderDispatch.dispatch(ContextClassLoaderDispatch.java:33)
	at org.gradle.internal.dispatch.ProxyDispatchAdapter$DispatchingInvocationHandler.invoke(ProxyDispatchAdapter.java:94)
	at jdk.proxy2/jdk.proxy2.$Proxy5.stop(Unknown Source)
	at org.gradle.api.internal.tasks.testing.worker.TestWorker$3.run(TestWorker.java:193)
	at org.gradle.api.internal.tasks.testing.worker.TestWorker.executeAndMaintainThreadName(TestWorker.java:129)
	at org.gradle.api.internal.tasks.testing.worker.TestWorker.execute(TestWorker.java:100)
	at org.gradle.api.internal.tasks.testing.worker.TestWorker.execute(TestWorker.java:60)
	at org.gradle.process.internal.worker.child.ActionExecutionWorker.execute(ActionExecutionWorker.java:56)
	at org.gradle.process.internal.worker.child.SystemApplicationClassLoaderWorker.call(SystemApplicationClassLoaderWorker.java:113)
	at org.gradle.process.internal.worker.child.SystemApplicationClassLoaderWorker.call(SystemApplicationClassLoaderWorker.java:65)
	at app//worker.org.gradle.process.internal.worker.GradleWorkerMain.run(GradleWorkerMain.java:69)
	at app//worker.org.gradle.process.internal.worker.GradleWorkerMain.main(GradleWorkerMain.java:74)
</failure>
  </testcase>
  <testcase name="testQueryBasic_3()" classname="de.uka.ilkd.key.parser.TestTermParserHeap" time="0.013">
    <failure message="Could not find (program) variable or constant query at &lt;unknown&gt;:1:1 (&lt;unknown&gt;:1:1)" type="de.uka.ilkd.key.util.parsing.BuildingException">Could not find (program) variable or constant query at &lt;unknown&gt;:1:1 (&lt;unknown&gt;:1:1)
	at app//de.uka.ilkd.key.nparser.builder.AbstractBuilder.semanticError(AbstractBuilder.java:179)
	at app//de.uka.ilkd.key.nparser.builder.DefaultBuilder.lookupVarfuncId(DefaultBuilder.java:174)
	at app//de.uka.ilkd.key.nparser.builder.ExpressionBuilder.visitAccessterm(ExpressionBuilder.java:1443)
	at app//de.uka.ilkd.key.nparser.builder.ExpressionBuilder.visitAccessterm(ExpressionBuilder.java:49)
	at app//de.uka.ilkd.key.nparser.KeYParser$AccesstermContext.accept(KeYParser.java:6174)
	at app//org.antlr.v4.runtime.tree.AbstractParseTreeVisitor.visitChildren(AbstractParseTreeVisitor.java:46)
	at app//de.uka.ilkd.key.nparser.KeYParserBaseVisitor.visitPrimitive_term(KeYParserBaseVisitor.java:542)
	at app//de.uka.ilkd.key.nparser.KeYParser$Primitive_termContext.accept(KeYParser.java:6074)
	at app//de.uka.ilkd.key.nparser.builder.AbstractBuilder.accept(AbstractBuilder.java:48)
	at app//de.uka.ilkd.key.nparser.builder.DefaultBuilder.accept(DefaultBuilder.java:35)
	at app//de.uka.ilkd.key.nparser.builder.ExpressionBuilder.visitPrimitive_labeled_term(ExpressionBuilder.java:877)
	at app//de.uka.ilkd.key.nparser.KeYParser$Primitive_labeled_termContext.accept(KeYParser.java:5877)
	at app//de.uka.ilkd.key.nparser.builder.AbstractBuilder.accept(AbstractBuilder.java:48)
	at app//de.uka.ilkd.key.nparser.builder.DefaultBuilder.accept(DefaultBuilder.java:35)
	at app//de.uka.ilkd.key.nparser.builder.ExpressionBuilder.visitBracket_term(ExpressionBuilder.java:403)
	at app//de.uka.ilkd.key.nparser.KeYParser$Bracket_termContext.accept(KeYParser.java:5527)
	at app//org.antlr.v4.runtime.tree.AbstractParseTreeVisitor.visitChildren(AbstractParseTreeVisitor.java:46)
	at app//de.uka.ilkd.key.nparser.KeYParserBaseVisitor.visitAtom_prefix(KeYParserBaseVisitor.java:472)
	at app//de.uka.ilkd.key.nparser.KeYParser$Atom_prefixContext.accept(KeYParser.java:5429)
	at app//de.uka.ilkd.key.nparser.builder.AbstractBuilder.accept(AbstractBuilder.java:48)
	at app//de.uka.ilkd.key.nparser.builder.DefaultBuilder.accept(DefaultBuilder.java:35)
	at app//de.uka.ilkd.key.nparser.builder.ExpressionBuilder.visitStrong_arith_term_2(ExpressionBuilder.java:382)
	at app//de.uka.ilkd.key.nparser.KeYParser$Strong_arith_term_2Context.accept(KeYParser.java:5035)
	at app//de.uka.ilkd.key.nparser.builder.AbstractBuilder.accept(AbstractBuilder.java:48)
	at app//de.uka.ilkd.key.nparser.builder.DefaultBuilder.accept(DefaultBuilder.java:35)
	at app//de.uka.ilkd.key.nparser.builder.ExpressionBuilder.visitStrong_arith_term_1(ExpressionBuilder.java:368)
	at app//de.uka.ilkd.key.nparser.KeYParser$Strong_arith_term_1Context.accept(KeYParser.java:4963)
	at app//de.uka.ilkd.key.nparser.builder.AbstractBuilder.accept(AbstractBuilder.java:48)
	at app//de.uka.ilkd.key.nparser.builder.DefaultBuilder.accept(DefaultBuilder.java:35)
	at app//de.uka.ilkd.key.nparser.builder.ExpressionBuilder.visitWeak_arith_term(ExpressionBuilder.java:331)
	at app//de.uka.ilkd.key.nparser.KeYParser$Weak_arith_termContext.accept(KeYParser.java:4877)
	at app//de.uka.ilkd.key.nparser.builder.AbstractBuilder.accept(AbstractBuilder.java:48)
	at app//de.uka.ilkd.key.nparser.builder.DefaultBuilder.accept(DefaultBuilder.java:35)
	at app//de.uka.ilkd.key.nparser.builder.ExpressionBuilder.visitComparison_term(ExpressionBuilder.java:305)
	at app//de.uka.ilkd.key.nparser.KeYParser$Comparison_termContext.accept(KeYParser.java:4793)
	at app//de.uka.ilkd.key.nparser.builder.AbstractBuilder.accept(AbstractBuilder.java:48)
	at app//de.uka.ilkd.key.nparser.builder.DefaultBuilder.accept(DefaultBuilder.java:35)
	at app//de.uka.ilkd.key.nparser.builder.ExpressionBuilder.visitEquality_term(ExpressionBuilder.java:294)
	at app//de.uka.ilkd.key.nparser.builder.ExpressionBuilder.visitEquality_term(ExpressionBuilder.java:49)
	at app//de.uka.ilkd.key.nparser.KeYParser$Equality_termContext.accept(KeYParser.java:4718)
	at app//org.antlr.v4.runtime.tree.AbstractParseTreeVisitor.visitChildren(AbstractParseTreeVisitor.java:46)
	at app//de.uka.ilkd.key.nparser.KeYParserBaseVisitor.visitTerm60(KeYParserBaseVisitor.java:381)
	at app//de.uka.ilkd.key.nparser.KeYParser$Term60Context.accept(KeYParser.java:4485)
	at app//de.uka.ilkd.key.nparser.builder.AbstractBuilder.accept(AbstractBuilder.java:48)
	at app//de.uka.ilkd.key.nparser.builder.DefaultBuilder.accept(DefaultBuilder.java:35)
	at app//de.uka.ilkd.key.nparser.builder.ExpressionBuilder.visitConjunction_term(ExpressionBuilder.java:238)
	at app//de.uka.ilkd.key.nparser.builder.ExpressionBuilder.visitConjunction_term(ExpressionBuilder.java:49)
	at app//de.uka.ilkd.key.nparser.KeYParser$Conjunction_termContext.accept(KeYParser.java:4419)
	at app//de.uka.ilkd.key.nparser.builder.AbstractBuilder.accept(AbstractBuilder.java:48)
	at app//de.uka.ilkd.key.nparser.builder.DefaultBuilder.accept(DefaultBuilder.java:35)
	at app//de.uka.ilkd.key.nparser.builder.ExpressionBuilder.visitDisjunction_term(ExpressionBuilder.java:229)
	at app//de.uka.ilkd.key.nparser.builder.ExpressionBuilder.visitDisjunction_term(ExpressionBuilder.java:49)
	at app//de.uka.ilkd.key.nparser.KeYParser$Disjunction_termContext.accept(KeYParser.java:4346)
	at app//de.uka.ilkd.key.nparser.builder.AbstractBuilder.accept(AbstractBuilder.java:48)
	at app//de.uka.ilkd.key.nparser.builder.DefaultBuilder.accept(DefaultBuilder.java:35)
	at app//de.uka.ilkd.key.nparser.builder.ExpressionBuilder.visitImplication_term(ExpressionBuilder.java:222)
	at app//de.uka.ilkd.key.nparser.builder.ExpressionBuilder.visitImplication_term(ExpressionBuilder.java:49)
	at app//de.uka.ilkd.key.nparser.KeYParser$Implication_termContext.accept(KeYParser.java:4278)
	at app//de.uka.ilkd.key.nparser.builder.AbstractBuilder.accept(AbstractBuilder.java:48)
	at app//de.uka.ilkd.key.nparser.builder.DefaultBuilder.accept(DefaultBuilder.java:35)
	at app//de.uka.ilkd.key.nparser.builder.ExpressionBuilder.visitEquivalence_term(ExpressionBuilder.java:198)
	at app//de.uka.ilkd.key.nparser.builder.ExpressionBuilder.visitEquivalence_term(ExpressionBuilder.java:49)
	at app//de.uka.ilkd.key.nparser.KeYParser$Equivalence_termContext.accept(KeYParser.java:4209)
	at app//de.uka.ilkd.key.nparser.builder.AbstractBuilder.accept(AbstractBuilder.java:48)
	at app//de.uka.ilkd.key.nparser.builder.DefaultBuilder.accept(DefaultBuilder.java:35)
	at app//de.uka.ilkd.key.nparser.builder.ExpressionBuilder.visitElementary_update_term(ExpressionBuilder.java:188)
	at app//de.uka.ilkd.key.nparser.builder.ExpressionBuilder.visitElementary_update_term(ExpressionBuilder.java:49)
	at app//de.uka.ilkd.key.nparser.KeYParser$Elementary_update_termContext.accept(KeYParser.java:4142)
	at app//de.uka.ilkd.key.nparser.builder.AbstractBuilder.lambda$mapOf$0(AbstractBuilder.java:124)
	at java.base@17.0.7/java.util.stream.ReferencePipeline$3$1.accept(ReferencePipeline.java:197)
	at java.base@17.0.7/java.util.ArrayList$ArrayListSpliterator.forEachRemaining(ArrayList.java:1625)
	at java.base@17.0.7/java.util.stream.AbstractPipeline.copyInto(AbstractPipeline.java:509)
	at java.base@17.0.7/java.util.stream.AbstractPipeline.wrapAndCopyInto(AbstractPipeline.java:499)
	at java.base@17.0.7/java.util.stream.ReduceOps$ReduceOp.evaluateSequential(ReduceOps.java:921)
	at java.base@17.0.7/java.util.stream.AbstractPipeline.evaluate(AbstractPipeline.java:234)
	at java.base@17.0.7/java.util.stream.ReferencePipeline.collect(ReferencePipeline.java:682)
	at app//de.uka.ilkd.key.nparser.builder.AbstractBuilder.mapOf(AbstractBuilder.java:124)
	at app//de.uka.ilkd.key.nparser.builder.ExpressionBuilder.visitParallel_term(ExpressionBuilder.java:173)
	at app//de.uka.ilkd.key.nparser.builder.ExpressionBuilder.visitParallel_term(ExpressionBuilder.java:49)
	at app//de.uka.ilkd.key.nparser.KeYParser$Parallel_termContext.accept(KeYParser.java:4074)
	at app//org.antlr.v4.runtime.tree.AbstractParseTreeVisitor.visitChildren(AbstractParseTreeVisitor.java:46)
	at app//de.uka.ilkd.key.nparser.KeYParserBaseVisitor.visitTerm(KeYParserBaseVisitor.java:332)
	at app//de.uka.ilkd.key.nparser.KeYParser$TermContext.accept(KeYParser.java:4020)
	at app//de.uka.ilkd.key.nparser.KeyAst.accept(KeyAst.java:43)
	at app//de.uka.ilkd.key.nparser.KeyIO.parseExpression(KeyIO.java:96)
	at app//de.uka.ilkd.key.nparser.KeyIO.parseExpression(KeyIO.java:79)
	at app//de.uka.ilkd.key.parser.AbstractTestTermParser.parseTerm(AbstractTestTermParser.java:74)
	at app//de.uka.ilkd.key.parser.AbstractTestTermParser.comparePrettySyntaxAgainstVerboseSyntax(AbstractTestTermParser.java:141)
	at app//de.uka.ilkd.key.parser.TestTermParserHeap.testQueryBasic_3(TestTermParserHeap.java:269)
	at java.base@17.0.7/jdk.internal.reflect.NativeMethodAccessorImpl.invoke0(Native Method)
	at java.base@17.0.7/jdk.internal.reflect.NativeMethodAccessorImpl.invoke(NativeMethodAccessorImpl.java:77)
	at java.base@17.0.7/jdk.internal.reflect.DelegatingMethodAccessorImpl.invoke(DelegatingMethodAccessorImpl.java:43)
	at java.base@17.0.7/java.lang.reflect.Method.invoke(Method.java:568)
	at app//org.junit.platform.commons.util.ReflectionUtils.invokeMethod(ReflectionUtils.java:727)
	at app//org.junit.jupiter.engine.execution.MethodInvocation.proceed(MethodInvocation.java:60)
	at app//org.junit.jupiter.engine.execution.InvocationInterceptorChain$ValidatingInvocation.proceed(InvocationInterceptorChain.java:131)
	at app//org.junit.jupiter.engine.extension.TimeoutExtension.intercept(TimeoutExtension.java:156)
	at app//org.junit.jupiter.engine.extension.TimeoutExtension.interceptTestableMethod(TimeoutExtension.java:147)
	at app//org.junit.jupiter.engine.extension.TimeoutExtension.interceptTestMethod(TimeoutExtension.java:86)
	at app//org.junit.jupiter.engine.execution.InterceptingExecutableInvoker$ReflectiveInterceptorCall.lambda$ofVoidMethod$0(InterceptingExecutableInvoker.java:103)
	at app//org.junit.jupiter.engine.execution.InterceptingExecutableInvoker.lambda$invoke$0(InterceptingExecutableInvoker.java:93)
	at app//org.junit.jupiter.engine.execution.InvocationInterceptorChain$InterceptedInvocation.proceed(InvocationInterceptorChain.java:106)
	at app//org.junit.jupiter.engine.execution.InvocationInterceptorChain.proceed(InvocationInterceptorChain.java:64)
	at app//org.junit.jupiter.engine.execution.InvocationInterceptorChain.chainAndInvoke(InvocationInterceptorChain.java:45)
	at app//org.junit.jupiter.engine.execution.InvocationInterceptorChain.invoke(InvocationInterceptorChain.java:37)
	at app//org.junit.jupiter.engine.execution.InterceptingExecutableInvoker.invoke(InterceptingExecutableInvoker.java:92)
	at app//org.junit.jupiter.engine.execution.InterceptingExecutableInvoker.invoke(InterceptingExecutableInvoker.java:86)
	at app//org.junit.jupiter.engine.descriptor.TestMethodTestDescriptor.lambda$invokeTestMethod$7(TestMethodTestDescriptor.java:217)
	at app//org.junit.platform.engine.support.hierarchical.ThrowableCollector.execute(ThrowableCollector.java:73)
	at app//org.junit.jupiter.engine.descriptor.TestMethodTestDescriptor.invokeTestMethod(TestMethodTestDescriptor.java:213)
	at app//org.junit.jupiter.engine.descriptor.TestMethodTestDescriptor.execute(TestMethodTestDescriptor.java:138)
	at app//org.junit.jupiter.engine.descriptor.TestMethodTestDescriptor.execute(TestMethodTestDescriptor.java:68)
	at app//org.junit.platform.engine.support.hierarchical.NodeTestTask.lambda$executeRecursively$6(NodeTestTask.java:151)
	at app//org.junit.platform.engine.support.hierarchical.ThrowableCollector.execute(ThrowableCollector.java:73)
	at app//org.junit.platform.engine.support.hierarchical.NodeTestTask.lambda$executeRecursively$8(NodeTestTask.java:141)
	at app//org.junit.platform.engine.support.hierarchical.Node.around(Node.java:137)
	at app//org.junit.platform.engine.support.hierarchical.NodeTestTask.lambda$executeRecursively$9(NodeTestTask.java:139)
	at app//org.junit.platform.engine.support.hierarchical.ThrowableCollector.execute(ThrowableCollector.java:73)
	at app//org.junit.platform.engine.support.hierarchical.NodeTestTask.executeRecursively(NodeTestTask.java:138)
	at app//org.junit.platform.engine.support.hierarchical.NodeTestTask.execute(NodeTestTask.java:95)
	at java.base@17.0.7/java.util.ArrayList.forEach(ArrayList.java:1511)
	at app//org.junit.platform.engine.support.hierarchical.SameThreadHierarchicalTestExecutorService.invokeAll(SameThreadHierarchicalTestExecutorService.java:41)
	at app//org.junit.platform.engine.support.hierarchical.NodeTestTask.lambda$executeRecursively$6(NodeTestTask.java:155)
	at app//org.junit.platform.engine.support.hierarchical.ThrowableCollector.execute(ThrowableCollector.java:73)
	at app//org.junit.platform.engine.support.hierarchical.NodeTestTask.lambda$executeRecursively$8(NodeTestTask.java:141)
	at app//org.junit.platform.engine.support.hierarchical.Node.around(Node.java:137)
	at app//org.junit.platform.engine.support.hierarchical.NodeTestTask.lambda$executeRecursively$9(NodeTestTask.java:139)
	at app//org.junit.platform.engine.support.hierarchical.ThrowableCollector.execute(ThrowableCollector.java:73)
	at app//org.junit.platform.engine.support.hierarchical.NodeTestTask.executeRecursively(NodeTestTask.java:138)
	at app//org.junit.platform.engine.support.hierarchical.NodeTestTask.execute(NodeTestTask.java:95)
	at java.base@17.0.7/java.util.ArrayList.forEach(ArrayList.java:1511)
	at app//org.junit.platform.engine.support.hierarchical.SameThreadHierarchicalTestExecutorService.invokeAll(SameThreadHierarchicalTestExecutorService.java:41)
	at app//org.junit.platform.engine.support.hierarchical.NodeTestTask.lambda$executeRecursively$6(NodeTestTask.java:155)
	at app//org.junit.platform.engine.support.hierarchical.ThrowableCollector.execute(ThrowableCollector.java:73)
	at app//org.junit.platform.engine.support.hierarchical.NodeTestTask.lambda$executeRecursively$8(NodeTestTask.java:141)
	at app//org.junit.platform.engine.support.hierarchical.Node.around(Node.java:137)
	at app//org.junit.platform.engine.support.hierarchical.NodeTestTask.lambda$executeRecursively$9(NodeTestTask.java:139)
	at app//org.junit.platform.engine.support.hierarchical.ThrowableCollector.execute(ThrowableCollector.java:73)
	at app//org.junit.platform.engine.support.hierarchical.NodeTestTask.executeRecursively(NodeTestTask.java:138)
	at app//org.junit.platform.engine.support.hierarchical.NodeTestTask.execute(NodeTestTask.java:95)
	at app//org.junit.platform.engine.support.hierarchical.SameThreadHierarchicalTestExecutorService.submit(SameThreadHierarchicalTestExecutorService.java:35)
	at app//org.junit.platform.engine.support.hierarchical.HierarchicalTestExecutor.execute(HierarchicalTestExecutor.java:57)
	at app//org.junit.platform.engine.support.hierarchical.HierarchicalTestEngine.execute(HierarchicalTestEngine.java:54)
	at app//org.junit.platform.launcher.core.EngineExecutionOrchestrator.execute(EngineExecutionOrchestrator.java:107)
	at app//org.junit.platform.launcher.core.EngineExecutionOrchestrator.execute(EngineExecutionOrchestrator.java:88)
	at app//org.junit.platform.launcher.core.EngineExecutionOrchestrator.lambda$execute$0(EngineExecutionOrchestrator.java:54)
	at app//org.junit.platform.launcher.core.EngineExecutionOrchestrator.withInterceptedStreams(EngineExecutionOrchestrator.java:67)
	at app//org.junit.platform.launcher.core.EngineExecutionOrchestrator.execute(EngineExecutionOrchestrator.java:52)
	at app//org.junit.platform.launcher.core.DefaultLauncher.execute(DefaultLauncher.java:114)
	at app//org.junit.platform.launcher.core.DefaultLauncher.execute(DefaultLauncher.java:86)
	at app//org.junit.platform.launcher.core.DefaultLauncherSession$DelegatingLauncher.execute(DefaultLauncherSession.java:86)
	at org.gradle.api.internal.tasks.testing.junitplatform.JUnitPlatformTestClassProcessor$CollectAllTestClassesExecutor.processAllTestClasses(JUnitPlatformTestClassProcessor.java:110)
	at org.gradle.api.internal.tasks.testing.junitplatform.JUnitPlatformTestClassProcessor$CollectAllTestClassesExecutor.access$000(JUnitPlatformTestClassProcessor.java:90)
	at org.gradle.api.internal.tasks.testing.junitplatform.JUnitPlatformTestClassProcessor.stop(JUnitPlatformTestClassProcessor.java:85)
	at org.gradle.api.internal.tasks.testing.SuiteTestClassProcessor.stop(SuiteTestClassProcessor.java:62)
	at java.base@17.0.7/jdk.internal.reflect.NativeMethodAccessorImpl.invoke0(Native Method)
	at java.base@17.0.7/jdk.internal.reflect.NativeMethodAccessorImpl.invoke(NativeMethodAccessorImpl.java:77)
	at java.base@17.0.7/jdk.internal.reflect.DelegatingMethodAccessorImpl.invoke(DelegatingMethodAccessorImpl.java:43)
	at java.base@17.0.7/java.lang.reflect.Method.invoke(Method.java:568)
	at org.gradle.internal.dispatch.ReflectionDispatch.dispatch(ReflectionDispatch.java:36)
	at org.gradle.internal.dispatch.ReflectionDispatch.dispatch(ReflectionDispatch.java:24)
	at org.gradle.internal.dispatch.ContextClassLoaderDispatch.dispatch(ContextClassLoaderDispatch.java:33)
	at org.gradle.internal.dispatch.ProxyDispatchAdapter$DispatchingInvocationHandler.invoke(ProxyDispatchAdapter.java:94)
	at jdk.proxy2/jdk.proxy2.$Proxy5.stop(Unknown Source)
	at org.gradle.api.internal.tasks.testing.worker.TestWorker$3.run(TestWorker.java:193)
	at org.gradle.api.internal.tasks.testing.worker.TestWorker.executeAndMaintainThreadName(TestWorker.java:129)
	at org.gradle.api.internal.tasks.testing.worker.TestWorker.execute(TestWorker.java:100)
	at org.gradle.api.internal.tasks.testing.worker.TestWorker.execute(TestWorker.java:60)
	at org.gradle.process.internal.worker.child.ActionExecutionWorker.execute(ActionExecutionWorker.java:56)
	at org.gradle.process.internal.worker.child.SystemApplicationClassLoaderWorker.call(SystemApplicationClassLoaderWorker.java:113)
	at org.gradle.process.internal.worker.child.SystemApplicationClassLoaderWorker.call(SystemApplicationClassLoaderWorker.java:65)
	at app//worker.org.gradle.process.internal.worker.GradleWorkerMain.run(GradleWorkerMain.java:69)
	at app//worker.org.gradle.process.internal.worker.GradleWorkerMain.main(GradleWorkerMain.java:74)
</failure>
  </testcase>
  <testcase name="testQueryBasic_4()" classname="de.uka.ilkd.key.parser.TestTermParserHeap" time="0.015">
    <failure message="Could not find (program) variable or constant query at &lt;unknown&gt;:1:1 (&lt;unknown&gt;:1:1)" type="de.uka.ilkd.key.util.parsing.BuildingException">Could not find (program) variable or constant query at &lt;unknown&gt;:1:1 (&lt;unknown&gt;:1:1)
	at app//de.uka.ilkd.key.nparser.builder.AbstractBuilder.semanticError(AbstractBuilder.java:179)
	at app//de.uka.ilkd.key.nparser.builder.DefaultBuilder.lookupVarfuncId(DefaultBuilder.java:174)
	at app//de.uka.ilkd.key.nparser.builder.ExpressionBuilder.visitAccessterm(ExpressionBuilder.java:1443)
	at app//de.uka.ilkd.key.nparser.builder.ExpressionBuilder.visitAccessterm(ExpressionBuilder.java:49)
	at app//de.uka.ilkd.key.nparser.KeYParser$AccesstermContext.accept(KeYParser.java:6174)
	at app//org.antlr.v4.runtime.tree.AbstractParseTreeVisitor.visitChildren(AbstractParseTreeVisitor.java:46)
	at app//de.uka.ilkd.key.nparser.KeYParserBaseVisitor.visitPrimitive_term(KeYParserBaseVisitor.java:542)
	at app//de.uka.ilkd.key.nparser.KeYParser$Primitive_termContext.accept(KeYParser.java:6074)
	at app//de.uka.ilkd.key.nparser.builder.AbstractBuilder.accept(AbstractBuilder.java:48)
	at app//de.uka.ilkd.key.nparser.builder.DefaultBuilder.accept(DefaultBuilder.java:35)
	at app//de.uka.ilkd.key.nparser.builder.ExpressionBuilder.visitPrimitive_labeled_term(ExpressionBuilder.java:877)
	at app//de.uka.ilkd.key.nparser.KeYParser$Primitive_labeled_termContext.accept(KeYParser.java:5877)
	at app//de.uka.ilkd.key.nparser.builder.AbstractBuilder.accept(AbstractBuilder.java:48)
	at app//de.uka.ilkd.key.nparser.builder.DefaultBuilder.accept(DefaultBuilder.java:35)
	at app//de.uka.ilkd.key.nparser.builder.ExpressionBuilder.visitBracket_term(ExpressionBuilder.java:403)
	at app//de.uka.ilkd.key.nparser.KeYParser$Bracket_termContext.accept(KeYParser.java:5527)
	at app//org.antlr.v4.runtime.tree.AbstractParseTreeVisitor.visitChildren(AbstractParseTreeVisitor.java:46)
	at app//de.uka.ilkd.key.nparser.KeYParserBaseVisitor.visitAtom_prefix(KeYParserBaseVisitor.java:472)
	at app//de.uka.ilkd.key.nparser.KeYParser$Atom_prefixContext.accept(KeYParser.java:5429)
	at app//de.uka.ilkd.key.nparser.builder.AbstractBuilder.accept(AbstractBuilder.java:48)
	at app//de.uka.ilkd.key.nparser.builder.DefaultBuilder.accept(DefaultBuilder.java:35)
	at app//de.uka.ilkd.key.nparser.builder.ExpressionBuilder.visitStrong_arith_term_2(ExpressionBuilder.java:382)
	at app//de.uka.ilkd.key.nparser.KeYParser$Strong_arith_term_2Context.accept(KeYParser.java:5035)
	at app//de.uka.ilkd.key.nparser.builder.AbstractBuilder.accept(AbstractBuilder.java:48)
	at app//de.uka.ilkd.key.nparser.builder.DefaultBuilder.accept(DefaultBuilder.java:35)
	at app//de.uka.ilkd.key.nparser.builder.ExpressionBuilder.visitStrong_arith_term_1(ExpressionBuilder.java:368)
	at app//de.uka.ilkd.key.nparser.KeYParser$Strong_arith_term_1Context.accept(KeYParser.java:4963)
	at app//de.uka.ilkd.key.nparser.builder.AbstractBuilder.accept(AbstractBuilder.java:48)
	at app//de.uka.ilkd.key.nparser.builder.DefaultBuilder.accept(DefaultBuilder.java:35)
	at app//de.uka.ilkd.key.nparser.builder.ExpressionBuilder.visitWeak_arith_term(ExpressionBuilder.java:331)
	at app//de.uka.ilkd.key.nparser.KeYParser$Weak_arith_termContext.accept(KeYParser.java:4877)
	at app//de.uka.ilkd.key.nparser.builder.AbstractBuilder.accept(AbstractBuilder.java:48)
	at app//de.uka.ilkd.key.nparser.builder.DefaultBuilder.accept(DefaultBuilder.java:35)
	at app//de.uka.ilkd.key.nparser.builder.ExpressionBuilder.visitComparison_term(ExpressionBuilder.java:305)
	at app//de.uka.ilkd.key.nparser.KeYParser$Comparison_termContext.accept(KeYParser.java:4793)
	at app//de.uka.ilkd.key.nparser.builder.AbstractBuilder.accept(AbstractBuilder.java:48)
	at app//de.uka.ilkd.key.nparser.builder.DefaultBuilder.accept(DefaultBuilder.java:35)
	at app//de.uka.ilkd.key.nparser.builder.ExpressionBuilder.visitEquality_term(ExpressionBuilder.java:294)
	at app//de.uka.ilkd.key.nparser.builder.ExpressionBuilder.visitEquality_term(ExpressionBuilder.java:49)
	at app//de.uka.ilkd.key.nparser.KeYParser$Equality_termContext.accept(KeYParser.java:4718)
	at app//org.antlr.v4.runtime.tree.AbstractParseTreeVisitor.visitChildren(AbstractParseTreeVisitor.java:46)
	at app//de.uka.ilkd.key.nparser.KeYParserBaseVisitor.visitTerm60(KeYParserBaseVisitor.java:381)
	at app//de.uka.ilkd.key.nparser.KeYParser$Term60Context.accept(KeYParser.java:4485)
	at app//de.uka.ilkd.key.nparser.builder.AbstractBuilder.accept(AbstractBuilder.java:48)
	at app//de.uka.ilkd.key.nparser.builder.DefaultBuilder.accept(DefaultBuilder.java:35)
	at app//de.uka.ilkd.key.nparser.builder.ExpressionBuilder.visitConjunction_term(ExpressionBuilder.java:238)
	at app//de.uka.ilkd.key.nparser.builder.ExpressionBuilder.visitConjunction_term(ExpressionBuilder.java:49)
	at app//de.uka.ilkd.key.nparser.KeYParser$Conjunction_termContext.accept(KeYParser.java:4419)
	at app//de.uka.ilkd.key.nparser.builder.AbstractBuilder.accept(AbstractBuilder.java:48)
	at app//de.uka.ilkd.key.nparser.builder.DefaultBuilder.accept(DefaultBuilder.java:35)
	at app//de.uka.ilkd.key.nparser.builder.ExpressionBuilder.visitDisjunction_term(ExpressionBuilder.java:229)
	at app//de.uka.ilkd.key.nparser.builder.ExpressionBuilder.visitDisjunction_term(ExpressionBuilder.java:49)
	at app//de.uka.ilkd.key.nparser.KeYParser$Disjunction_termContext.accept(KeYParser.java:4346)
	at app//de.uka.ilkd.key.nparser.builder.AbstractBuilder.accept(AbstractBuilder.java:48)
	at app//de.uka.ilkd.key.nparser.builder.DefaultBuilder.accept(DefaultBuilder.java:35)
	at app//de.uka.ilkd.key.nparser.builder.ExpressionBuilder.visitImplication_term(ExpressionBuilder.java:222)
	at app//de.uka.ilkd.key.nparser.builder.ExpressionBuilder.visitImplication_term(ExpressionBuilder.java:49)
	at app//de.uka.ilkd.key.nparser.KeYParser$Implication_termContext.accept(KeYParser.java:4278)
	at app//de.uka.ilkd.key.nparser.builder.AbstractBuilder.accept(AbstractBuilder.java:48)
	at app//de.uka.ilkd.key.nparser.builder.DefaultBuilder.accept(DefaultBuilder.java:35)
	at app//de.uka.ilkd.key.nparser.builder.ExpressionBuilder.visitEquivalence_term(ExpressionBuilder.java:198)
	at app//de.uka.ilkd.key.nparser.builder.ExpressionBuilder.visitEquivalence_term(ExpressionBuilder.java:49)
	at app//de.uka.ilkd.key.nparser.KeYParser$Equivalence_termContext.accept(KeYParser.java:4209)
	at app//de.uka.ilkd.key.nparser.builder.AbstractBuilder.accept(AbstractBuilder.java:48)
	at app//de.uka.ilkd.key.nparser.builder.DefaultBuilder.accept(DefaultBuilder.java:35)
	at app//de.uka.ilkd.key.nparser.builder.ExpressionBuilder.visitElementary_update_term(ExpressionBuilder.java:188)
	at app//de.uka.ilkd.key.nparser.builder.ExpressionBuilder.visitElementary_update_term(ExpressionBuilder.java:49)
	at app//de.uka.ilkd.key.nparser.KeYParser$Elementary_update_termContext.accept(KeYParser.java:4142)
	at app//de.uka.ilkd.key.nparser.builder.AbstractBuilder.lambda$mapOf$0(AbstractBuilder.java:124)
	at java.base@17.0.7/java.util.stream.ReferencePipeline$3$1.accept(ReferencePipeline.java:197)
	at java.base@17.0.7/java.util.ArrayList$ArrayListSpliterator.forEachRemaining(ArrayList.java:1625)
	at java.base@17.0.7/java.util.stream.AbstractPipeline.copyInto(AbstractPipeline.java:509)
	at java.base@17.0.7/java.util.stream.AbstractPipeline.wrapAndCopyInto(AbstractPipeline.java:499)
	at java.base@17.0.7/java.util.stream.ReduceOps$ReduceOp.evaluateSequential(ReduceOps.java:921)
	at java.base@17.0.7/java.util.stream.AbstractPipeline.evaluate(AbstractPipeline.java:234)
	at java.base@17.0.7/java.util.stream.ReferencePipeline.collect(ReferencePipeline.java:682)
	at app//de.uka.ilkd.key.nparser.builder.AbstractBuilder.mapOf(AbstractBuilder.java:124)
	at app//de.uka.ilkd.key.nparser.builder.ExpressionBuilder.visitParallel_term(ExpressionBuilder.java:173)
	at app//de.uka.ilkd.key.nparser.builder.ExpressionBuilder.visitParallel_term(ExpressionBuilder.java:49)
	at app//de.uka.ilkd.key.nparser.KeYParser$Parallel_termContext.accept(KeYParser.java:4074)
	at app//org.antlr.v4.runtime.tree.AbstractParseTreeVisitor.visitChildren(AbstractParseTreeVisitor.java:46)
	at app//de.uka.ilkd.key.nparser.KeYParserBaseVisitor.visitTerm(KeYParserBaseVisitor.java:332)
	at app//de.uka.ilkd.key.nparser.KeYParser$TermContext.accept(KeYParser.java:4020)
	at app//de.uka.ilkd.key.nparser.KeyAst.accept(KeyAst.java:43)
	at app//de.uka.ilkd.key.nparser.KeyIO.parseExpression(KeyIO.java:96)
	at app//de.uka.ilkd.key.nparser.KeyIO.parseExpression(KeyIO.java:79)
	at app//de.uka.ilkd.key.parser.AbstractTestTermParser.parseTerm(AbstractTestTermParser.java:74)
	at app//de.uka.ilkd.key.parser.AbstractTestTermParser.comparePrettySyntaxAgainstVerboseSyntax(AbstractTestTermParser.java:141)
	at app//de.uka.ilkd.key.parser.TestTermParserHeap.testQueryBasic_4(TestTermParserHeap.java:277)
	at java.base@17.0.7/jdk.internal.reflect.NativeMethodAccessorImpl.invoke0(Native Method)
	at java.base@17.0.7/jdk.internal.reflect.NativeMethodAccessorImpl.invoke(NativeMethodAccessorImpl.java:77)
	at java.base@17.0.7/jdk.internal.reflect.DelegatingMethodAccessorImpl.invoke(DelegatingMethodAccessorImpl.java:43)
	at java.base@17.0.7/java.lang.reflect.Method.invoke(Method.java:568)
	at app//org.junit.platform.commons.util.ReflectionUtils.invokeMethod(ReflectionUtils.java:727)
	at app//org.junit.jupiter.engine.execution.MethodInvocation.proceed(MethodInvocation.java:60)
	at app//org.junit.jupiter.engine.execution.InvocationInterceptorChain$ValidatingInvocation.proceed(InvocationInterceptorChain.java:131)
	at app//org.junit.jupiter.engine.extension.TimeoutExtension.intercept(TimeoutExtension.java:156)
	at app//org.junit.jupiter.engine.extension.TimeoutExtension.interceptTestableMethod(TimeoutExtension.java:147)
	at app//org.junit.jupiter.engine.extension.TimeoutExtension.interceptTestMethod(TimeoutExtension.java:86)
	at app//org.junit.jupiter.engine.execution.InterceptingExecutableInvoker$ReflectiveInterceptorCall.lambda$ofVoidMethod$0(InterceptingExecutableInvoker.java:103)
	at app//org.junit.jupiter.engine.execution.InterceptingExecutableInvoker.lambda$invoke$0(InterceptingExecutableInvoker.java:93)
	at app//org.junit.jupiter.engine.execution.InvocationInterceptorChain$InterceptedInvocation.proceed(InvocationInterceptorChain.java:106)
	at app//org.junit.jupiter.engine.execution.InvocationInterceptorChain.proceed(InvocationInterceptorChain.java:64)
	at app//org.junit.jupiter.engine.execution.InvocationInterceptorChain.chainAndInvoke(InvocationInterceptorChain.java:45)
	at app//org.junit.jupiter.engine.execution.InvocationInterceptorChain.invoke(InvocationInterceptorChain.java:37)
	at app//org.junit.jupiter.engine.execution.InterceptingExecutableInvoker.invoke(InterceptingExecutableInvoker.java:92)
	at app//org.junit.jupiter.engine.execution.InterceptingExecutableInvoker.invoke(InterceptingExecutableInvoker.java:86)
	at app//org.junit.jupiter.engine.descriptor.TestMethodTestDescriptor.lambda$invokeTestMethod$7(TestMethodTestDescriptor.java:217)
	at app//org.junit.platform.engine.support.hierarchical.ThrowableCollector.execute(ThrowableCollector.java:73)
	at app//org.junit.jupiter.engine.descriptor.TestMethodTestDescriptor.invokeTestMethod(TestMethodTestDescriptor.java:213)
	at app//org.junit.jupiter.engine.descriptor.TestMethodTestDescriptor.execute(TestMethodTestDescriptor.java:138)
	at app//org.junit.jupiter.engine.descriptor.TestMethodTestDescriptor.execute(TestMethodTestDescriptor.java:68)
	at app//org.junit.platform.engine.support.hierarchical.NodeTestTask.lambda$executeRecursively$6(NodeTestTask.java:151)
	at app//org.junit.platform.engine.support.hierarchical.ThrowableCollector.execute(ThrowableCollector.java:73)
	at app//org.junit.platform.engine.support.hierarchical.NodeTestTask.lambda$executeRecursively$8(NodeTestTask.java:141)
	at app//org.junit.platform.engine.support.hierarchical.Node.around(Node.java:137)
	at app//org.junit.platform.engine.support.hierarchical.NodeTestTask.lambda$executeRecursively$9(NodeTestTask.java:139)
	at app//org.junit.platform.engine.support.hierarchical.ThrowableCollector.execute(ThrowableCollector.java:73)
	at app//org.junit.platform.engine.support.hierarchical.NodeTestTask.executeRecursively(NodeTestTask.java:138)
	at app//org.junit.platform.engine.support.hierarchical.NodeTestTask.execute(NodeTestTask.java:95)
	at java.base@17.0.7/java.util.ArrayList.forEach(ArrayList.java:1511)
	at app//org.junit.platform.engine.support.hierarchical.SameThreadHierarchicalTestExecutorService.invokeAll(SameThreadHierarchicalTestExecutorService.java:41)
	at app//org.junit.platform.engine.support.hierarchical.NodeTestTask.lambda$executeRecursively$6(NodeTestTask.java:155)
	at app//org.junit.platform.engine.support.hierarchical.ThrowableCollector.execute(ThrowableCollector.java:73)
	at app//org.junit.platform.engine.support.hierarchical.NodeTestTask.lambda$executeRecursively$8(NodeTestTask.java:141)
	at app//org.junit.platform.engine.support.hierarchical.Node.around(Node.java:137)
	at app//org.junit.platform.engine.support.hierarchical.NodeTestTask.lambda$executeRecursively$9(NodeTestTask.java:139)
	at app//org.junit.platform.engine.support.hierarchical.ThrowableCollector.execute(ThrowableCollector.java:73)
	at app//org.junit.platform.engine.support.hierarchical.NodeTestTask.executeRecursively(NodeTestTask.java:138)
	at app//org.junit.platform.engine.support.hierarchical.NodeTestTask.execute(NodeTestTask.java:95)
	at java.base@17.0.7/java.util.ArrayList.forEach(ArrayList.java:1511)
	at app//org.junit.platform.engine.support.hierarchical.SameThreadHierarchicalTestExecutorService.invokeAll(SameThreadHierarchicalTestExecutorService.java:41)
	at app//org.junit.platform.engine.support.hierarchical.NodeTestTask.lambda$executeRecursively$6(NodeTestTask.java:155)
	at app//org.junit.platform.engine.support.hierarchical.ThrowableCollector.execute(ThrowableCollector.java:73)
	at app//org.junit.platform.engine.support.hierarchical.NodeTestTask.lambda$executeRecursively$8(NodeTestTask.java:141)
	at app//org.junit.platform.engine.support.hierarchical.Node.around(Node.java:137)
	at app//org.junit.platform.engine.support.hierarchical.NodeTestTask.lambda$executeRecursively$9(NodeTestTask.java:139)
	at app//org.junit.platform.engine.support.hierarchical.ThrowableCollector.execute(ThrowableCollector.java:73)
	at app//org.junit.platform.engine.support.hierarchical.NodeTestTask.executeRecursively(NodeTestTask.java:138)
	at app//org.junit.platform.engine.support.hierarchical.NodeTestTask.execute(NodeTestTask.java:95)
	at app//org.junit.platform.engine.support.hierarchical.SameThreadHierarchicalTestExecutorService.submit(SameThreadHierarchicalTestExecutorService.java:35)
	at app//org.junit.platform.engine.support.hierarchical.HierarchicalTestExecutor.execute(HierarchicalTestExecutor.java:57)
	at app//org.junit.platform.engine.support.hierarchical.HierarchicalTestEngine.execute(HierarchicalTestEngine.java:54)
	at app//org.junit.platform.launcher.core.EngineExecutionOrchestrator.execute(EngineExecutionOrchestrator.java:107)
	at app//org.junit.platform.launcher.core.EngineExecutionOrchestrator.execute(EngineExecutionOrchestrator.java:88)
	at app//org.junit.platform.launcher.core.EngineExecutionOrchestrator.lambda$execute$0(EngineExecutionOrchestrator.java:54)
	at app//org.junit.platform.launcher.core.EngineExecutionOrchestrator.withInterceptedStreams(EngineExecutionOrchestrator.java:67)
	at app//org.junit.platform.launcher.core.EngineExecutionOrchestrator.execute(EngineExecutionOrchestrator.java:52)
	at app//org.junit.platform.launcher.core.DefaultLauncher.execute(DefaultLauncher.java:114)
	at app//org.junit.platform.launcher.core.DefaultLauncher.execute(DefaultLauncher.java:86)
	at app//org.junit.platform.launcher.core.DefaultLauncherSession$DelegatingLauncher.execute(DefaultLauncherSession.java:86)
	at org.gradle.api.internal.tasks.testing.junitplatform.JUnitPlatformTestClassProcessor$CollectAllTestClassesExecutor.processAllTestClasses(JUnitPlatformTestClassProcessor.java:110)
	at org.gradle.api.internal.tasks.testing.junitplatform.JUnitPlatformTestClassProcessor$CollectAllTestClassesExecutor.access$000(JUnitPlatformTestClassProcessor.java:90)
	at org.gradle.api.internal.tasks.testing.junitplatform.JUnitPlatformTestClassProcessor.stop(JUnitPlatformTestClassProcessor.java:85)
	at org.gradle.api.internal.tasks.testing.SuiteTestClassProcessor.stop(SuiteTestClassProcessor.java:62)
	at java.base@17.0.7/jdk.internal.reflect.NativeMethodAccessorImpl.invoke0(Native Method)
	at java.base@17.0.7/jdk.internal.reflect.NativeMethodAccessorImpl.invoke(NativeMethodAccessorImpl.java:77)
	at java.base@17.0.7/jdk.internal.reflect.DelegatingMethodAccessorImpl.invoke(DelegatingMethodAccessorImpl.java:43)
	at java.base@17.0.7/java.lang.reflect.Method.invoke(Method.java:568)
	at org.gradle.internal.dispatch.ReflectionDispatch.dispatch(ReflectionDispatch.java:36)
	at org.gradle.internal.dispatch.ReflectionDispatch.dispatch(ReflectionDispatch.java:24)
	at org.gradle.internal.dispatch.ContextClassLoaderDispatch.dispatch(ContextClassLoaderDispatch.java:33)
	at org.gradle.internal.dispatch.ProxyDispatchAdapter$DispatchingInvocationHandler.invoke(ProxyDispatchAdapter.java:94)
	at jdk.proxy2/jdk.proxy2.$Proxy5.stop(Unknown Source)
	at org.gradle.api.internal.tasks.testing.worker.TestWorker$3.run(TestWorker.java:193)
	at org.gradle.api.internal.tasks.testing.worker.TestWorker.executeAndMaintainThreadName(TestWorker.java:129)
	at org.gradle.api.internal.tasks.testing.worker.TestWorker.execute(TestWorker.java:100)
	at org.gradle.api.internal.tasks.testing.worker.TestWorker.execute(TestWorker.java:60)
	at org.gradle.process.internal.worker.child.ActionExecutionWorker.execute(ActionExecutionWorker.java:56)
	at org.gradle.process.internal.worker.child.SystemApplicationClassLoaderWorker.call(SystemApplicationClassLoaderWorker.java:113)
	at org.gradle.process.internal.worker.child.SystemApplicationClassLoaderWorker.call(SystemApplicationClassLoaderWorker.java:65)
	at app//worker.org.gradle.process.internal.worker.GradleWorkerMain.run(GradleWorkerMain.java:69)
	at app//worker.org.gradle.process.internal.worker.GradleWorkerMain.main(GradleWorkerMain.java:74)
</failure>
  </testcase>
  <testcase name="testQueryBasic_5()" classname="de.uka.ilkd.key.parser.TestTermParserHeap" time="0.01">
    <failure message="Could not find (program) variable or constant getNext at &lt;unknown&gt;:1:34 (&lt;unknown&gt;:1:34)" type="de.uka.ilkd.key.util.parsing.BuildingException">Could not find (program) variable or constant getNext at &lt;unknown&gt;:1:34 (&lt;unknown&gt;:1:34)
	at app//de.uka.ilkd.key.nparser.builder.AbstractBuilder.semanticError(AbstractBuilder.java:179)
	at app//de.uka.ilkd.key.nparser.builder.DefaultBuilder.lookupVarfuncId(DefaultBuilder.java:174)
	at app//de.uka.ilkd.key.nparser.builder.ExpressionBuilder.visitAccessterm(ExpressionBuilder.java:1443)
	at app//de.uka.ilkd.key.nparser.builder.ExpressionBuilder.visitAccessterm(ExpressionBuilder.java:49)
	at app//de.uka.ilkd.key.nparser.KeYParser$AccesstermContext.accept(KeYParser.java:6174)
	at app//org.antlr.v4.runtime.tree.AbstractParseTreeVisitor.visitChildren(AbstractParseTreeVisitor.java:46)
	at app//de.uka.ilkd.key.nparser.KeYParserBaseVisitor.visitPrimitive_term(KeYParserBaseVisitor.java:542)
	at app//de.uka.ilkd.key.nparser.KeYParser$Primitive_termContext.accept(KeYParser.java:6074)
	at app//de.uka.ilkd.key.nparser.builder.AbstractBuilder.accept(AbstractBuilder.java:48)
	at app//de.uka.ilkd.key.nparser.builder.DefaultBuilder.accept(DefaultBuilder.java:35)
	at app//de.uka.ilkd.key.nparser.builder.ExpressionBuilder.visitPrimitive_labeled_term(ExpressionBuilder.java:877)
	at app//de.uka.ilkd.key.nparser.KeYParser$Primitive_labeled_termContext.accept(KeYParser.java:5877)
	at app//de.uka.ilkd.key.nparser.builder.AbstractBuilder.accept(AbstractBuilder.java:48)
	at app//de.uka.ilkd.key.nparser.builder.DefaultBuilder.accept(DefaultBuilder.java:35)
	at app//de.uka.ilkd.key.nparser.builder.ExpressionBuilder.visitBracket_term(ExpressionBuilder.java:403)
	at app//de.uka.ilkd.key.nparser.KeYParser$Bracket_termContext.accept(KeYParser.java:5527)
	at app//org.antlr.v4.runtime.tree.AbstractParseTreeVisitor.visitChildren(AbstractParseTreeVisitor.java:46)
	at app//de.uka.ilkd.key.nparser.KeYParserBaseVisitor.visitAtom_prefix(KeYParserBaseVisitor.java:472)
	at app//de.uka.ilkd.key.nparser.KeYParser$Atom_prefixContext.accept(KeYParser.java:5429)
	at app//de.uka.ilkd.key.nparser.builder.AbstractBuilder.accept(AbstractBuilder.java:48)
	at app//de.uka.ilkd.key.nparser.builder.DefaultBuilder.accept(DefaultBuilder.java:35)
	at app//de.uka.ilkd.key.nparser.builder.ExpressionBuilder.visitStrong_arith_term_2(ExpressionBuilder.java:382)
	at app//de.uka.ilkd.key.nparser.KeYParser$Strong_arith_term_2Context.accept(KeYParser.java:5035)
	at app//de.uka.ilkd.key.nparser.builder.AbstractBuilder.accept(AbstractBuilder.java:48)
	at app//de.uka.ilkd.key.nparser.builder.DefaultBuilder.accept(DefaultBuilder.java:35)
	at app//de.uka.ilkd.key.nparser.builder.ExpressionBuilder.visitStrong_arith_term_1(ExpressionBuilder.java:368)
	at app//de.uka.ilkd.key.nparser.KeYParser$Strong_arith_term_1Context.accept(KeYParser.java:4963)
	at app//de.uka.ilkd.key.nparser.builder.AbstractBuilder.accept(AbstractBuilder.java:48)
	at app//de.uka.ilkd.key.nparser.builder.DefaultBuilder.accept(DefaultBuilder.java:35)
	at app//de.uka.ilkd.key.nparser.builder.ExpressionBuilder.visitWeak_arith_term(ExpressionBuilder.java:331)
	at app//de.uka.ilkd.key.nparser.KeYParser$Weak_arith_termContext.accept(KeYParser.java:4877)
	at app//de.uka.ilkd.key.nparser.builder.AbstractBuilder.accept(AbstractBuilder.java:48)
	at app//de.uka.ilkd.key.nparser.builder.DefaultBuilder.accept(DefaultBuilder.java:35)
	at app//de.uka.ilkd.key.nparser.builder.ExpressionBuilder.visitComparison_term(ExpressionBuilder.java:305)
	at app//de.uka.ilkd.key.nparser.KeYParser$Comparison_termContext.accept(KeYParser.java:4793)
	at app//de.uka.ilkd.key.nparser.builder.AbstractBuilder.accept(AbstractBuilder.java:48)
	at app//de.uka.ilkd.key.nparser.builder.DefaultBuilder.accept(DefaultBuilder.java:35)
	at app//de.uka.ilkd.key.nparser.builder.ExpressionBuilder.visitEquality_term(ExpressionBuilder.java:294)
	at app//de.uka.ilkd.key.nparser.builder.ExpressionBuilder.visitEquality_term(ExpressionBuilder.java:49)
	at app//de.uka.ilkd.key.nparser.KeYParser$Equality_termContext.accept(KeYParser.java:4718)
	at app//org.antlr.v4.runtime.tree.AbstractParseTreeVisitor.visitChildren(AbstractParseTreeVisitor.java:46)
	at app//de.uka.ilkd.key.nparser.KeYParserBaseVisitor.visitTerm60(KeYParserBaseVisitor.java:381)
	at app//de.uka.ilkd.key.nparser.KeYParser$Term60Context.accept(KeYParser.java:4485)
	at app//de.uka.ilkd.key.nparser.builder.AbstractBuilder.accept(AbstractBuilder.java:48)
	at app//de.uka.ilkd.key.nparser.builder.DefaultBuilder.accept(DefaultBuilder.java:35)
	at app//de.uka.ilkd.key.nparser.builder.ExpressionBuilder.visitConjunction_term(ExpressionBuilder.java:238)
	at app//de.uka.ilkd.key.nparser.builder.ExpressionBuilder.visitConjunction_term(ExpressionBuilder.java:49)
	at app//de.uka.ilkd.key.nparser.KeYParser$Conjunction_termContext.accept(KeYParser.java:4419)
	at app//de.uka.ilkd.key.nparser.builder.AbstractBuilder.accept(AbstractBuilder.java:48)
	at app//de.uka.ilkd.key.nparser.builder.DefaultBuilder.accept(DefaultBuilder.java:35)
	at app//de.uka.ilkd.key.nparser.builder.ExpressionBuilder.visitDisjunction_term(ExpressionBuilder.java:229)
	at app//de.uka.ilkd.key.nparser.builder.ExpressionBuilder.visitDisjunction_term(ExpressionBuilder.java:49)
	at app//de.uka.ilkd.key.nparser.KeYParser$Disjunction_termContext.accept(KeYParser.java:4346)
	at app//de.uka.ilkd.key.nparser.builder.AbstractBuilder.accept(AbstractBuilder.java:48)
	at app//de.uka.ilkd.key.nparser.builder.DefaultBuilder.accept(DefaultBuilder.java:35)
	at app//de.uka.ilkd.key.nparser.builder.ExpressionBuilder.visitImplication_term(ExpressionBuilder.java:222)
	at app//de.uka.ilkd.key.nparser.builder.ExpressionBuilder.visitImplication_term(ExpressionBuilder.java:49)
	at app//de.uka.ilkd.key.nparser.KeYParser$Implication_termContext.accept(KeYParser.java:4278)
	at app//de.uka.ilkd.key.nparser.builder.AbstractBuilder.accept(AbstractBuilder.java:48)
	at app//de.uka.ilkd.key.nparser.builder.DefaultBuilder.accept(DefaultBuilder.java:35)
	at app//de.uka.ilkd.key.nparser.builder.ExpressionBuilder.visitEquivalence_term(ExpressionBuilder.java:198)
	at app//de.uka.ilkd.key.nparser.builder.ExpressionBuilder.visitEquivalence_term(ExpressionBuilder.java:49)
	at app//de.uka.ilkd.key.nparser.KeYParser$Equivalence_termContext.accept(KeYParser.java:4209)
	at app//de.uka.ilkd.key.nparser.builder.AbstractBuilder.accept(AbstractBuilder.java:48)
	at app//de.uka.ilkd.key.nparser.builder.DefaultBuilder.accept(DefaultBuilder.java:35)
	at app//de.uka.ilkd.key.nparser.builder.ExpressionBuilder.visitElementary_update_term(ExpressionBuilder.java:188)
	at app//de.uka.ilkd.key.nparser.builder.ExpressionBuilder.visitElementary_update_term(ExpressionBuilder.java:49)
	at app//de.uka.ilkd.key.nparser.KeYParser$Elementary_update_termContext.accept(KeYParser.java:4142)
	at app//de.uka.ilkd.key.nparser.builder.AbstractBuilder.lambda$mapOf$0(AbstractBuilder.java:124)
	at java.base@17.0.7/java.util.stream.ReferencePipeline$3$1.accept(ReferencePipeline.java:197)
	at java.base@17.0.7/java.util.ArrayList$ArrayListSpliterator.forEachRemaining(ArrayList.java:1625)
	at java.base@17.0.7/java.util.stream.AbstractPipeline.copyInto(AbstractPipeline.java:509)
	at java.base@17.0.7/java.util.stream.AbstractPipeline.wrapAndCopyInto(AbstractPipeline.java:499)
	at java.base@17.0.7/java.util.stream.ReduceOps$ReduceOp.evaluateSequential(ReduceOps.java:921)
	at java.base@17.0.7/java.util.stream.AbstractPipeline.evaluate(AbstractPipeline.java:234)
	at java.base@17.0.7/java.util.stream.ReferencePipeline.collect(ReferencePipeline.java:682)
	at app//de.uka.ilkd.key.nparser.builder.AbstractBuilder.mapOf(AbstractBuilder.java:124)
	at app//de.uka.ilkd.key.nparser.builder.ExpressionBuilder.visitParallel_term(ExpressionBuilder.java:173)
	at app//de.uka.ilkd.key.nparser.builder.ExpressionBuilder.visitParallel_term(ExpressionBuilder.java:49)
	at app//de.uka.ilkd.key.nparser.KeYParser$Parallel_termContext.accept(KeYParser.java:4074)
	at app//org.antlr.v4.runtime.tree.AbstractParseTreeVisitor.visitChildren(AbstractParseTreeVisitor.java:46)
	at app//de.uka.ilkd.key.nparser.KeYParserBaseVisitor.visitTerm(KeYParserBaseVisitor.java:332)
	at app//de.uka.ilkd.key.nparser.KeYParser$TermContext.accept(KeYParser.java:4020)
	at app//de.uka.ilkd.key.nparser.builder.AbstractBuilder.lambda$mapOf$0(AbstractBuilder.java:124)
	at java.base@17.0.7/java.util.stream.ReferencePipeline$3$1.accept(ReferencePipeline.java:197)
	at java.base@17.0.7/java.util.ArrayList$ArrayListSpliterator.forEachRemaining(ArrayList.java:1625)
	at java.base@17.0.7/java.util.stream.AbstractPipeline.copyInto(AbstractPipeline.java:509)
	at java.base@17.0.7/java.util.stream.AbstractPipeline.wrapAndCopyInto(AbstractPipeline.java:499)
	at java.base@17.0.7/java.util.stream.ReduceOps$ReduceOp.evaluateSequential(ReduceOps.java:921)
	at java.base@17.0.7/java.util.stream.AbstractPipeline.evaluate(AbstractPipeline.java:234)
	at java.base@17.0.7/java.util.stream.ReferencePipeline.collect(ReferencePipeline.java:682)
	at app//de.uka.ilkd.key.nparser.builder.AbstractBuilder.mapOf(AbstractBuilder.java:124)
	at app//de.uka.ilkd.key.nparser.builder.ExpressionBuilder.visitArgument_list(ExpressionBuilder.java:1095)
	at app//de.uka.ilkd.key.nparser.builder.ExpressionBuilder.visitArgument_list(ExpressionBuilder.java:49)
	at app//de.uka.ilkd.key.nparser.KeYParser$Argument_listContext.accept(KeYParser.java:7173)
	at app//de.uka.ilkd.key.nparser.builder.AbstractBuilder.accept(AbstractBuilder.java:48)
	at app//de.uka.ilkd.key.nparser.builder.DefaultBuilder.accept(DefaultBuilder.java:35)
	at app//de.uka.ilkd.key.nparser.builder.ExpressionBuilder.visitArguments(ExpressionBuilder.java:1488)
	at app//de.uka.ilkd.key.nparser.builder.ExpressionBuilder.visitAccessterm(ExpressionBuilder.java:1421)
	at app//de.uka.ilkd.key.nparser.builder.ExpressionBuilder.visitAccessterm(ExpressionBuilder.java:49)
	at app//de.uka.ilkd.key.nparser.KeYParser$AccesstermContext.accept(KeYParser.java:6174)
	at app//org.antlr.v4.runtime.tree.AbstractParseTreeVisitor.visitChildren(AbstractParseTreeVisitor.java:46)
	at app//de.uka.ilkd.key.nparser.KeYParserBaseVisitor.visitPrimitive_term(KeYParserBaseVisitor.java:542)
	at app//de.uka.ilkd.key.nparser.KeYParser$Primitive_termContext.accept(KeYParser.java:6074)
	at app//de.uka.ilkd.key.nparser.builder.AbstractBuilder.accept(AbstractBuilder.java:48)
	at app//de.uka.ilkd.key.nparser.builder.DefaultBuilder.accept(DefaultBuilder.java:35)
	at app//de.uka.ilkd.key.nparser.builder.ExpressionBuilder.visitPrimitive_labeled_term(ExpressionBuilder.java:877)
	at app//de.uka.ilkd.key.nparser.KeYParser$Primitive_labeled_termContext.accept(KeYParser.java:5877)
	at app//de.uka.ilkd.key.nparser.builder.AbstractBuilder.accept(AbstractBuilder.java:48)
	at app//de.uka.ilkd.key.nparser.builder.DefaultBuilder.accept(DefaultBuilder.java:35)
	at app//de.uka.ilkd.key.nparser.builder.ExpressionBuilder.visitBracket_term(ExpressionBuilder.java:403)
	at app//de.uka.ilkd.key.nparser.KeYParser$Bracket_termContext.accept(KeYParser.java:5527)
	at app//org.antlr.v4.runtime.tree.AbstractParseTreeVisitor.visitChildren(AbstractParseTreeVisitor.java:46)
	at app//de.uka.ilkd.key.nparser.KeYParserBaseVisitor.visitAtom_prefix(KeYParserBaseVisitor.java:472)
	at app//de.uka.ilkd.key.nparser.KeYParser$Atom_prefixContext.accept(KeYParser.java:5429)
	at app//de.uka.ilkd.key.nparser.builder.AbstractBuilder.accept(AbstractBuilder.java:48)
	at app//de.uka.ilkd.key.nparser.builder.DefaultBuilder.accept(DefaultBuilder.java:35)
	at app//de.uka.ilkd.key.nparser.builder.ExpressionBuilder.visitStrong_arith_term_2(ExpressionBuilder.java:382)
	at app//de.uka.ilkd.key.nparser.KeYParser$Strong_arith_term_2Context.accept(KeYParser.java:5035)
	at app//de.uka.ilkd.key.nparser.builder.AbstractBuilder.accept(AbstractBuilder.java:48)
	at app//de.uka.ilkd.key.nparser.builder.DefaultBuilder.accept(DefaultBuilder.java:35)
	at app//de.uka.ilkd.key.nparser.builder.ExpressionBuilder.visitStrong_arith_term_1(ExpressionBuilder.java:368)
	at app//de.uka.ilkd.key.nparser.KeYParser$Strong_arith_term_1Context.accept(KeYParser.java:4963)
	at app//de.uka.ilkd.key.nparser.builder.AbstractBuilder.accept(AbstractBuilder.java:48)
	at app//de.uka.ilkd.key.nparser.builder.DefaultBuilder.accept(DefaultBuilder.java:35)
	at app//de.uka.ilkd.key.nparser.builder.ExpressionBuilder.visitWeak_arith_term(ExpressionBuilder.java:331)
	at app//de.uka.ilkd.key.nparser.KeYParser$Weak_arith_termContext.accept(KeYParser.java:4877)
	at app//de.uka.ilkd.key.nparser.builder.AbstractBuilder.accept(AbstractBuilder.java:48)
	at app//de.uka.ilkd.key.nparser.builder.DefaultBuilder.accept(DefaultBuilder.java:35)
	at app//de.uka.ilkd.key.nparser.builder.ExpressionBuilder.visitComparison_term(ExpressionBuilder.java:305)
	at app//de.uka.ilkd.key.nparser.KeYParser$Comparison_termContext.accept(KeYParser.java:4793)
	at app//de.uka.ilkd.key.nparser.builder.AbstractBuilder.accept(AbstractBuilder.java:48)
	at app//de.uka.ilkd.key.nparser.builder.DefaultBuilder.accept(DefaultBuilder.java:35)
	at app//de.uka.ilkd.key.nparser.builder.ExpressionBuilder.visitEquality_term(ExpressionBuilder.java:294)
	at app//de.uka.ilkd.key.nparser.builder.ExpressionBuilder.visitEquality_term(ExpressionBuilder.java:49)
	at app//de.uka.ilkd.key.nparser.KeYParser$Equality_termContext.accept(KeYParser.java:4718)
	at app//org.antlr.v4.runtime.tree.AbstractParseTreeVisitor.visitChildren(AbstractParseTreeVisitor.java:46)
	at app//de.uka.ilkd.key.nparser.KeYParserBaseVisitor.visitTerm60(KeYParserBaseVisitor.java:381)
	at app//de.uka.ilkd.key.nparser.KeYParser$Term60Context.accept(KeYParser.java:4485)
	at app//de.uka.ilkd.key.nparser.builder.AbstractBuilder.accept(AbstractBuilder.java:48)
	at app//de.uka.ilkd.key.nparser.builder.DefaultBuilder.accept(DefaultBuilder.java:35)
	at app//de.uka.ilkd.key.nparser.builder.ExpressionBuilder.visitConjunction_term(ExpressionBuilder.java:238)
	at app//de.uka.ilkd.key.nparser.builder.ExpressionBuilder.visitConjunction_term(ExpressionBuilder.java:49)
	at app//de.uka.ilkd.key.nparser.KeYParser$Conjunction_termContext.accept(KeYParser.java:4419)
	at app//de.uka.ilkd.key.nparser.builder.AbstractBuilder.accept(AbstractBuilder.java:48)
	at app//de.uka.ilkd.key.nparser.builder.DefaultBuilder.accept(DefaultBuilder.java:35)
	at app//de.uka.ilkd.key.nparser.builder.ExpressionBuilder.visitDisjunction_term(ExpressionBuilder.java:229)
	at app//de.uka.ilkd.key.nparser.builder.ExpressionBuilder.visitDisjunction_term(ExpressionBuilder.java:49)
	at app//de.uka.ilkd.key.nparser.KeYParser$Disjunction_termContext.accept(KeYParser.java:4346)
	at app//de.uka.ilkd.key.nparser.builder.AbstractBuilder.accept(AbstractBuilder.java:48)
	at app//de.uka.ilkd.key.nparser.builder.DefaultBuilder.accept(DefaultBuilder.java:35)
	at app//de.uka.ilkd.key.nparser.builder.ExpressionBuilder.visitImplication_term(ExpressionBuilder.java:222)
	at app//de.uka.ilkd.key.nparser.builder.ExpressionBuilder.visitImplication_term(ExpressionBuilder.java:49)
	at app//de.uka.ilkd.key.nparser.KeYParser$Implication_termContext.accept(KeYParser.java:4278)
	at app//de.uka.ilkd.key.nparser.builder.AbstractBuilder.accept(AbstractBuilder.java:48)
	at app//de.uka.ilkd.key.nparser.builder.DefaultBuilder.accept(DefaultBuilder.java:35)
	at app//de.uka.ilkd.key.nparser.builder.ExpressionBuilder.visitEquivalence_term(ExpressionBuilder.java:198)
	at app//de.uka.ilkd.key.nparser.builder.ExpressionBuilder.visitEquivalence_term(ExpressionBuilder.java:49)
	at app//de.uka.ilkd.key.nparser.KeYParser$Equivalence_termContext.accept(KeYParser.java:4209)
	at app//de.uka.ilkd.key.nparser.builder.AbstractBuilder.accept(AbstractBuilder.java:48)
	at app//de.uka.ilkd.key.nparser.builder.DefaultBuilder.accept(DefaultBuilder.java:35)
	at app//de.uka.ilkd.key.nparser.builder.ExpressionBuilder.visitElementary_update_term(ExpressionBuilder.java:188)
	at app//de.uka.ilkd.key.nparser.builder.ExpressionBuilder.visitElementary_update_term(ExpressionBuilder.java:49)
	at app//de.uka.ilkd.key.nparser.KeYParser$Elementary_update_termContext.accept(KeYParser.java:4142)
	at app//de.uka.ilkd.key.nparser.builder.AbstractBuilder.lambda$mapOf$0(AbstractBuilder.java:124)
	at java.base@17.0.7/java.util.stream.ReferencePipeline$3$1.accept(ReferencePipeline.java:197)
	at java.base@17.0.7/java.util.ArrayList$ArrayListSpliterator.forEachRemaining(ArrayList.java:1625)
	at java.base@17.0.7/java.util.stream.AbstractPipeline.copyInto(AbstractPipeline.java:509)
	at java.base@17.0.7/java.util.stream.AbstractPipeline.wrapAndCopyInto(AbstractPipeline.java:499)
	at java.base@17.0.7/java.util.stream.ReduceOps$ReduceOp.evaluateSequential(ReduceOps.java:921)
	at java.base@17.0.7/java.util.stream.AbstractPipeline.evaluate(AbstractPipeline.java:234)
	at java.base@17.0.7/java.util.stream.ReferencePipeline.collect(ReferencePipeline.java:682)
	at app//de.uka.ilkd.key.nparser.builder.AbstractBuilder.mapOf(AbstractBuilder.java:124)
	at app//de.uka.ilkd.key.nparser.builder.ExpressionBuilder.visitParallel_term(ExpressionBuilder.java:173)
	at app//de.uka.ilkd.key.nparser.builder.ExpressionBuilder.visitParallel_term(ExpressionBuilder.java:49)
	at app//de.uka.ilkd.key.nparser.KeYParser$Parallel_termContext.accept(KeYParser.java:4074)
	at app//org.antlr.v4.runtime.tree.AbstractParseTreeVisitor.visitChildren(AbstractParseTreeVisitor.java:46)
	at app//de.uka.ilkd.key.nparser.KeYParserBaseVisitor.visitTerm(KeYParserBaseVisitor.java:332)
	at app//de.uka.ilkd.key.nparser.KeYParser$TermContext.accept(KeYParser.java:4020)
	at app//de.uka.ilkd.key.nparser.KeyAst.accept(KeyAst.java:43)
	at app//de.uka.ilkd.key.nparser.KeyIO.parseExpression(KeyIO.java:96)
	at app//de.uka.ilkd.key.nparser.KeyIO.parseExpression(KeyIO.java:79)
	at app//de.uka.ilkd.key.parser.AbstractTestTermParser.parseTerm(AbstractTestTermParser.java:74)
	at app//de.uka.ilkd.key.parser.AbstractTestTermParser.comparePrettySyntaxAgainstVerboseSyntax(AbstractTestTermParser.java:141)
	at app//de.uka.ilkd.key.parser.TestTermParserHeap.testQueryBasic_5(TestTermParserHeap.java:286)
	at java.base@17.0.7/jdk.internal.reflect.NativeMethodAccessorImpl.invoke0(Native Method)
	at java.base@17.0.7/jdk.internal.reflect.NativeMethodAccessorImpl.invoke(NativeMethodAccessorImpl.java:77)
	at java.base@17.0.7/jdk.internal.reflect.DelegatingMethodAccessorImpl.invoke(DelegatingMethodAccessorImpl.java:43)
	at java.base@17.0.7/java.lang.reflect.Method.invoke(Method.java:568)
	at app//org.junit.platform.commons.util.ReflectionUtils.invokeMethod(ReflectionUtils.java:727)
	at app//org.junit.jupiter.engine.execution.MethodInvocation.proceed(MethodInvocation.java:60)
	at app//org.junit.jupiter.engine.execution.InvocationInterceptorChain$ValidatingInvocation.proceed(InvocationInterceptorChain.java:131)
	at app//org.junit.jupiter.engine.extension.TimeoutExtension.intercept(TimeoutExtension.java:156)
	at app//org.junit.jupiter.engine.extension.TimeoutExtension.interceptTestableMethod(TimeoutExtension.java:147)
	at app//org.junit.jupiter.engine.extension.TimeoutExtension.interceptTestMethod(TimeoutExtension.java:86)
	at app//org.junit.jupiter.engine.execution.InterceptingExecutableInvoker$ReflectiveInterceptorCall.lambda$ofVoidMethod$0(InterceptingExecutableInvoker.java:103)
	at app//org.junit.jupiter.engine.execution.InterceptingExecutableInvoker.lambda$invoke$0(InterceptingExecutableInvoker.java:93)
	at app//org.junit.jupiter.engine.execution.InvocationInterceptorChain$InterceptedInvocation.proceed(InvocationInterceptorChain.java:106)
	at app//org.junit.jupiter.engine.execution.InvocationInterceptorChain.proceed(InvocationInterceptorChain.java:64)
	at app//org.junit.jupiter.engine.execution.InvocationInterceptorChain.chainAndInvoke(InvocationInterceptorChain.java:45)
	at app//org.junit.jupiter.engine.execution.InvocationInterceptorChain.invoke(InvocationInterceptorChain.java:37)
	at app//org.junit.jupiter.engine.execution.InterceptingExecutableInvoker.invoke(InterceptingExecutableInvoker.java:92)
	at app//org.junit.jupiter.engine.execution.InterceptingExecutableInvoker.invoke(InterceptingExecutableInvoker.java:86)
	at app//org.junit.jupiter.engine.descriptor.TestMethodTestDescriptor.lambda$invokeTestMethod$7(TestMethodTestDescriptor.java:217)
	at app//org.junit.platform.engine.support.hierarchical.ThrowableCollector.execute(ThrowableCollector.java:73)
	at app//org.junit.jupiter.engine.descriptor.TestMethodTestDescriptor.invokeTestMethod(TestMethodTestDescriptor.java:213)
	at app//org.junit.jupiter.engine.descriptor.TestMethodTestDescriptor.execute(TestMethodTestDescriptor.java:138)
	at app//org.junit.jupiter.engine.descriptor.TestMethodTestDescriptor.execute(TestMethodTestDescriptor.java:68)
	at app//org.junit.platform.engine.support.hierarchical.NodeTestTask.lambda$executeRecursively$6(NodeTestTask.java:151)
	at app//org.junit.platform.engine.support.hierarchical.ThrowableCollector.execute(ThrowableCollector.java:73)
	at app//org.junit.platform.engine.support.hierarchical.NodeTestTask.lambda$executeRecursively$8(NodeTestTask.java:141)
	at app//org.junit.platform.engine.support.hierarchical.Node.around(Node.java:137)
	at app//org.junit.platform.engine.support.hierarchical.NodeTestTask.lambda$executeRecursively$9(NodeTestTask.java:139)
	at app//org.junit.platform.engine.support.hierarchical.ThrowableCollector.execute(ThrowableCollector.java:73)
	at app//org.junit.platform.engine.support.hierarchical.NodeTestTask.executeRecursively(NodeTestTask.java:138)
	at app//org.junit.platform.engine.support.hierarchical.NodeTestTask.execute(NodeTestTask.java:95)
	at java.base@17.0.7/java.util.ArrayList.forEach(ArrayList.java:1511)
	at app//org.junit.platform.engine.support.hierarchical.SameThreadHierarchicalTestExecutorService.invokeAll(SameThreadHierarchicalTestExecutorService.java:41)
	at app//org.junit.platform.engine.support.hierarchical.NodeTestTask.lambda$executeRecursively$6(NodeTestTask.java:155)
	at app//org.junit.platform.engine.support.hierarchical.ThrowableCollector.execute(ThrowableCollector.java:73)
	at app//org.junit.platform.engine.support.hierarchical.NodeTestTask.lambda$executeRecursively$8(NodeTestTask.java:141)
	at app//org.junit.platform.engine.support.hierarchical.Node.around(Node.java:137)
	at app//org.junit.platform.engine.support.hierarchical.NodeTestTask.lambda$executeRecursively$9(NodeTestTask.java:139)
	at app//org.junit.platform.engine.support.hierarchical.ThrowableCollector.execute(ThrowableCollector.java:73)
	at app//org.junit.platform.engine.support.hierarchical.NodeTestTask.executeRecursively(NodeTestTask.java:138)
	at app//org.junit.platform.engine.support.hierarchical.NodeTestTask.execute(NodeTestTask.java:95)
	at java.base@17.0.7/java.util.ArrayList.forEach(ArrayList.java:1511)
	at app//org.junit.platform.engine.support.hierarchical.SameThreadHierarchicalTestExecutorService.invokeAll(SameThreadHierarchicalTestExecutorService.java:41)
	at app//org.junit.platform.engine.support.hierarchical.NodeTestTask.lambda$executeRecursively$6(NodeTestTask.java:155)
	at app//org.junit.platform.engine.support.hierarchical.ThrowableCollector.execute(ThrowableCollector.java:73)
	at app//org.junit.platform.engine.support.hierarchical.NodeTestTask.lambda$executeRecursively$8(NodeTestTask.java:141)
	at app//org.junit.platform.engine.support.hierarchical.Node.around(Node.java:137)
	at app//org.junit.platform.engine.support.hierarchical.NodeTestTask.lambda$executeRecursively$9(NodeTestTask.java:139)
	at app//org.junit.platform.engine.support.hierarchical.ThrowableCollector.execute(ThrowableCollector.java:73)
	at app//org.junit.platform.engine.support.hierarchical.NodeTestTask.executeRecursively(NodeTestTask.java:138)
	at app//org.junit.platform.engine.support.hierarchical.NodeTestTask.execute(NodeTestTask.java:95)
	at app//org.junit.platform.engine.support.hierarchical.SameThreadHierarchicalTestExecutorService.submit(SameThreadHierarchicalTestExecutorService.java:35)
	at app//org.junit.platform.engine.support.hierarchical.HierarchicalTestExecutor.execute(HierarchicalTestExecutor.java:57)
	at app//org.junit.platform.engine.support.hierarchical.HierarchicalTestEngine.execute(HierarchicalTestEngine.java:54)
	at app//org.junit.platform.launcher.core.EngineExecutionOrchestrator.execute(EngineExecutionOrchestrator.java:107)
	at app//org.junit.platform.launcher.core.EngineExecutionOrchestrator.execute(EngineExecutionOrchestrator.java:88)
	at app//org.junit.platform.launcher.core.EngineExecutionOrchestrator.lambda$execute$0(EngineExecutionOrchestrator.java:54)
	at app//org.junit.platform.launcher.core.EngineExecutionOrchestrator.withInterceptedStreams(EngineExecutionOrchestrator.java:67)
	at app//org.junit.platform.launcher.core.EngineExecutionOrchestrator.execute(EngineExecutionOrchestrator.java:52)
	at app//org.junit.platform.launcher.core.DefaultLauncher.execute(DefaultLauncher.java:114)
	at app//org.junit.platform.launcher.core.DefaultLauncher.execute(DefaultLauncher.java:86)
	at app//org.junit.platform.launcher.core.DefaultLauncherSession$DelegatingLauncher.execute(DefaultLauncherSession.java:86)
	at org.gradle.api.internal.tasks.testing.junitplatform.JUnitPlatformTestClassProcessor$CollectAllTestClassesExecutor.processAllTestClasses(JUnitPlatformTestClassProcessor.java:110)
	at org.gradle.api.internal.tasks.testing.junitplatform.JUnitPlatformTestClassProcessor$CollectAllTestClassesExecutor.access$000(JUnitPlatformTestClassProcessor.java:90)
	at org.gradle.api.internal.tasks.testing.junitplatform.JUnitPlatformTestClassProcessor.stop(JUnitPlatformTestClassProcessor.java:85)
	at org.gradle.api.internal.tasks.testing.SuiteTestClassProcessor.stop(SuiteTestClassProcessor.java:62)
	at java.base@17.0.7/jdk.internal.reflect.NativeMethodAccessorImpl.invoke0(Native Method)
	at java.base@17.0.7/jdk.internal.reflect.NativeMethodAccessorImpl.invoke(NativeMethodAccessorImpl.java:77)
	at java.base@17.0.7/jdk.internal.reflect.DelegatingMethodAccessorImpl.invoke(DelegatingMethodAccessorImpl.java:43)
	at java.base@17.0.7/java.lang.reflect.Method.invoke(Method.java:568)
	at org.gradle.internal.dispatch.ReflectionDispatch.dispatch(ReflectionDispatch.java:36)
	at org.gradle.internal.dispatch.ReflectionDispatch.dispatch(ReflectionDispatch.java:24)
	at org.gradle.internal.dispatch.ContextClassLoaderDispatch.dispatch(ContextClassLoaderDispatch.java:33)
	at org.gradle.internal.dispatch.ProxyDispatchAdapter$DispatchingInvocationHandler.invoke(ProxyDispatchAdapter.java:94)
	at jdk.proxy2/jdk.proxy2.$Proxy5.stop(Unknown Source)
	at org.gradle.api.internal.tasks.testing.worker.TestWorker$3.run(TestWorker.java:193)
	at org.gradle.api.internal.tasks.testing.worker.TestWorker.executeAndMaintainThreadName(TestWorker.java:129)
	at org.gradle.api.internal.tasks.testing.worker.TestWorker.execute(TestWorker.java:100)
	at org.gradle.api.internal.tasks.testing.worker.TestWorker.execute(TestWorker.java:60)
	at org.gradle.process.internal.worker.child.ActionExecutionWorker.execute(ActionExecutionWorker.java:56)
	at org.gradle.process.internal.worker.child.SystemApplicationClassLoaderWorker.call(SystemApplicationClassLoaderWorker.java:113)
	at org.gradle.process.internal.worker.child.SystemApplicationClassLoaderWorker.call(SystemApplicationClassLoaderWorker.java:65)
	at app//worker.org.gradle.process.internal.worker.GradleWorkerMain.run(GradleWorkerMain.java:69)
	at app//worker.org.gradle.process.internal.worker.GradleWorkerMain.main(GradleWorkerMain.java:74)
</failure>
  </testcase>
  <testcase name="testQueryBasic_6()" classname="de.uka.ilkd.key.parser.TestTermParserHeap" time="0.011">
    <failure message="Could not find (program) variable or constant getNext at &lt;unknown&gt;:1:33 (&lt;unknown&gt;:1:33)" type="de.uka.ilkd.key.util.parsing.BuildingException">Could not find (program) variable or constant getNext at &lt;unknown&gt;:1:33 (&lt;unknown&gt;:1:33)
	at app//de.uka.ilkd.key.nparser.builder.AbstractBuilder.semanticError(AbstractBuilder.java:179)
	at app//de.uka.ilkd.key.nparser.builder.DefaultBuilder.lookupVarfuncId(DefaultBuilder.java:174)
	at app//de.uka.ilkd.key.nparser.builder.ExpressionBuilder.visitAccessterm(ExpressionBuilder.java:1443)
	at app//de.uka.ilkd.key.nparser.builder.ExpressionBuilder.visitAccessterm(ExpressionBuilder.java:49)
	at app//de.uka.ilkd.key.nparser.KeYParser$AccesstermContext.accept(KeYParser.java:6174)
	at app//org.antlr.v4.runtime.tree.AbstractParseTreeVisitor.visitChildren(AbstractParseTreeVisitor.java:46)
	at app//de.uka.ilkd.key.nparser.KeYParserBaseVisitor.visitPrimitive_term(KeYParserBaseVisitor.java:542)
	at app//de.uka.ilkd.key.nparser.KeYParser$Primitive_termContext.accept(KeYParser.java:6074)
	at app//de.uka.ilkd.key.nparser.builder.AbstractBuilder.accept(AbstractBuilder.java:48)
	at app//de.uka.ilkd.key.nparser.builder.DefaultBuilder.accept(DefaultBuilder.java:35)
	at app//de.uka.ilkd.key.nparser.builder.ExpressionBuilder.visitPrimitive_labeled_term(ExpressionBuilder.java:877)
	at app//de.uka.ilkd.key.nparser.KeYParser$Primitive_labeled_termContext.accept(KeYParser.java:5877)
	at app//de.uka.ilkd.key.nparser.builder.AbstractBuilder.accept(AbstractBuilder.java:48)
	at app//de.uka.ilkd.key.nparser.builder.DefaultBuilder.accept(DefaultBuilder.java:35)
	at app//de.uka.ilkd.key.nparser.builder.ExpressionBuilder.visitBracket_term(ExpressionBuilder.java:403)
	at app//de.uka.ilkd.key.nparser.KeYParser$Bracket_termContext.accept(KeYParser.java:5527)
	at app//org.antlr.v4.runtime.tree.AbstractParseTreeVisitor.visitChildren(AbstractParseTreeVisitor.java:46)
	at app//de.uka.ilkd.key.nparser.KeYParserBaseVisitor.visitAtom_prefix(KeYParserBaseVisitor.java:472)
	at app//de.uka.ilkd.key.nparser.KeYParser$Atom_prefixContext.accept(KeYParser.java:5429)
	at app//de.uka.ilkd.key.nparser.builder.AbstractBuilder.accept(AbstractBuilder.java:48)
	at app//de.uka.ilkd.key.nparser.builder.DefaultBuilder.accept(DefaultBuilder.java:35)
	at app//de.uka.ilkd.key.nparser.builder.ExpressionBuilder.visitStrong_arith_term_2(ExpressionBuilder.java:382)
	at app//de.uka.ilkd.key.nparser.KeYParser$Strong_arith_term_2Context.accept(KeYParser.java:5035)
	at app//de.uka.ilkd.key.nparser.builder.AbstractBuilder.accept(AbstractBuilder.java:48)
	at app//de.uka.ilkd.key.nparser.builder.DefaultBuilder.accept(DefaultBuilder.java:35)
	at app//de.uka.ilkd.key.nparser.builder.ExpressionBuilder.visitStrong_arith_term_1(ExpressionBuilder.java:368)
	at app//de.uka.ilkd.key.nparser.KeYParser$Strong_arith_term_1Context.accept(KeYParser.java:4963)
	at app//de.uka.ilkd.key.nparser.builder.AbstractBuilder.accept(AbstractBuilder.java:48)
	at app//de.uka.ilkd.key.nparser.builder.DefaultBuilder.accept(DefaultBuilder.java:35)
	at app//de.uka.ilkd.key.nparser.builder.ExpressionBuilder.visitWeak_arith_term(ExpressionBuilder.java:331)
	at app//de.uka.ilkd.key.nparser.KeYParser$Weak_arith_termContext.accept(KeYParser.java:4877)
	at app//de.uka.ilkd.key.nparser.builder.AbstractBuilder.accept(AbstractBuilder.java:48)
	at app//de.uka.ilkd.key.nparser.builder.DefaultBuilder.accept(DefaultBuilder.java:35)
	at app//de.uka.ilkd.key.nparser.builder.ExpressionBuilder.visitComparison_term(ExpressionBuilder.java:305)
	at app//de.uka.ilkd.key.nparser.KeYParser$Comparison_termContext.accept(KeYParser.java:4793)
	at app//de.uka.ilkd.key.nparser.builder.AbstractBuilder.accept(AbstractBuilder.java:48)
	at app//de.uka.ilkd.key.nparser.builder.DefaultBuilder.accept(DefaultBuilder.java:35)
	at app//de.uka.ilkd.key.nparser.builder.ExpressionBuilder.visitEquality_term(ExpressionBuilder.java:294)
	at app//de.uka.ilkd.key.nparser.builder.ExpressionBuilder.visitEquality_term(ExpressionBuilder.java:49)
	at app//de.uka.ilkd.key.nparser.KeYParser$Equality_termContext.accept(KeYParser.java:4718)
	at app//org.antlr.v4.runtime.tree.AbstractParseTreeVisitor.visitChildren(AbstractParseTreeVisitor.java:46)
	at app//de.uka.ilkd.key.nparser.KeYParserBaseVisitor.visitTerm60(KeYParserBaseVisitor.java:381)
	at app//de.uka.ilkd.key.nparser.KeYParser$Term60Context.accept(KeYParser.java:4485)
	at app//de.uka.ilkd.key.nparser.builder.AbstractBuilder.accept(AbstractBuilder.java:48)
	at app//de.uka.ilkd.key.nparser.builder.DefaultBuilder.accept(DefaultBuilder.java:35)
	at app//de.uka.ilkd.key.nparser.builder.ExpressionBuilder.visitConjunction_term(ExpressionBuilder.java:238)
	at app//de.uka.ilkd.key.nparser.builder.ExpressionBuilder.visitConjunction_term(ExpressionBuilder.java:49)
	at app//de.uka.ilkd.key.nparser.KeYParser$Conjunction_termContext.accept(KeYParser.java:4419)
	at app//de.uka.ilkd.key.nparser.builder.AbstractBuilder.accept(AbstractBuilder.java:48)
	at app//de.uka.ilkd.key.nparser.builder.DefaultBuilder.accept(DefaultBuilder.java:35)
	at app//de.uka.ilkd.key.nparser.builder.ExpressionBuilder.visitDisjunction_term(ExpressionBuilder.java:229)
	at app//de.uka.ilkd.key.nparser.builder.ExpressionBuilder.visitDisjunction_term(ExpressionBuilder.java:49)
	at app//de.uka.ilkd.key.nparser.KeYParser$Disjunction_termContext.accept(KeYParser.java:4346)
	at app//de.uka.ilkd.key.nparser.builder.AbstractBuilder.accept(AbstractBuilder.java:48)
	at app//de.uka.ilkd.key.nparser.builder.DefaultBuilder.accept(DefaultBuilder.java:35)
	at app//de.uka.ilkd.key.nparser.builder.ExpressionBuilder.visitImplication_term(ExpressionBuilder.java:222)
	at app//de.uka.ilkd.key.nparser.builder.ExpressionBuilder.visitImplication_term(ExpressionBuilder.java:49)
	at app//de.uka.ilkd.key.nparser.KeYParser$Implication_termContext.accept(KeYParser.java:4278)
	at app//de.uka.ilkd.key.nparser.builder.AbstractBuilder.accept(AbstractBuilder.java:48)
	at app//de.uka.ilkd.key.nparser.builder.DefaultBuilder.accept(DefaultBuilder.java:35)
	at app//de.uka.ilkd.key.nparser.builder.ExpressionBuilder.visitEquivalence_term(ExpressionBuilder.java:198)
	at app//de.uka.ilkd.key.nparser.builder.ExpressionBuilder.visitEquivalence_term(ExpressionBuilder.java:49)
	at app//de.uka.ilkd.key.nparser.KeYParser$Equivalence_termContext.accept(KeYParser.java:4209)
	at app//de.uka.ilkd.key.nparser.builder.AbstractBuilder.accept(AbstractBuilder.java:48)
	at app//de.uka.ilkd.key.nparser.builder.DefaultBuilder.accept(DefaultBuilder.java:35)
	at app//de.uka.ilkd.key.nparser.builder.ExpressionBuilder.visitElementary_update_term(ExpressionBuilder.java:188)
	at app//de.uka.ilkd.key.nparser.builder.ExpressionBuilder.visitElementary_update_term(ExpressionBuilder.java:49)
	at app//de.uka.ilkd.key.nparser.KeYParser$Elementary_update_termContext.accept(KeYParser.java:4142)
	at app//de.uka.ilkd.key.nparser.builder.AbstractBuilder.lambda$mapOf$0(AbstractBuilder.java:124)
	at java.base@17.0.7/java.util.stream.ReferencePipeline$3$1.accept(ReferencePipeline.java:197)
	at java.base@17.0.7/java.util.ArrayList$ArrayListSpliterator.forEachRemaining(ArrayList.java:1625)
	at java.base@17.0.7/java.util.stream.AbstractPipeline.copyInto(AbstractPipeline.java:509)
	at java.base@17.0.7/java.util.stream.AbstractPipeline.wrapAndCopyInto(AbstractPipeline.java:499)
	at java.base@17.0.7/java.util.stream.ReduceOps$ReduceOp.evaluateSequential(ReduceOps.java:921)
	at java.base@17.0.7/java.util.stream.AbstractPipeline.evaluate(AbstractPipeline.java:234)
	at java.base@17.0.7/java.util.stream.ReferencePipeline.collect(ReferencePipeline.java:682)
	at app//de.uka.ilkd.key.nparser.builder.AbstractBuilder.mapOf(AbstractBuilder.java:124)
	at app//de.uka.ilkd.key.nparser.builder.ExpressionBuilder.visitParallel_term(ExpressionBuilder.java:173)
	at app//de.uka.ilkd.key.nparser.builder.ExpressionBuilder.visitParallel_term(ExpressionBuilder.java:49)
	at app//de.uka.ilkd.key.nparser.KeYParser$Parallel_termContext.accept(KeYParser.java:4074)
	at app//org.antlr.v4.runtime.tree.AbstractParseTreeVisitor.visitChildren(AbstractParseTreeVisitor.java:46)
	at app//de.uka.ilkd.key.nparser.KeYParserBaseVisitor.visitTerm(KeYParserBaseVisitor.java:332)
	at app//de.uka.ilkd.key.nparser.KeYParser$TermContext.accept(KeYParser.java:4020)
	at app//de.uka.ilkd.key.nparser.builder.AbstractBuilder.lambda$mapOf$0(AbstractBuilder.java:124)
	at java.base@17.0.7/java.util.stream.ReferencePipeline$3$1.accept(ReferencePipeline.java:197)
	at java.base@17.0.7/java.util.ArrayList$ArrayListSpliterator.forEachRemaining(ArrayList.java:1625)
	at java.base@17.0.7/java.util.stream.AbstractPipeline.copyInto(AbstractPipeline.java:509)
	at java.base@17.0.7/java.util.stream.AbstractPipeline.wrapAndCopyInto(AbstractPipeline.java:499)
	at java.base@17.0.7/java.util.stream.ReduceOps$ReduceOp.evaluateSequential(ReduceOps.java:921)
	at java.base@17.0.7/java.util.stream.AbstractPipeline.evaluate(AbstractPipeline.java:234)
	at java.base@17.0.7/java.util.stream.ReferencePipeline.collect(ReferencePipeline.java:682)
	at app//de.uka.ilkd.key.nparser.builder.AbstractBuilder.mapOf(AbstractBuilder.java:124)
	at app//de.uka.ilkd.key.nparser.builder.ExpressionBuilder.visitArgument_list(ExpressionBuilder.java:1095)
	at app//de.uka.ilkd.key.nparser.builder.ExpressionBuilder.visitArgument_list(ExpressionBuilder.java:49)
	at app//de.uka.ilkd.key.nparser.KeYParser$Argument_listContext.accept(KeYParser.java:7173)
	at app//de.uka.ilkd.key.nparser.builder.AbstractBuilder.accept(AbstractBuilder.java:48)
	at app//de.uka.ilkd.key.nparser.builder.DefaultBuilder.accept(DefaultBuilder.java:35)
	at app//de.uka.ilkd.key.nparser.builder.ExpressionBuilder.visitArguments(ExpressionBuilder.java:1488)
	at app//de.uka.ilkd.key.nparser.builder.ExpressionBuilder.visitAccessterm(ExpressionBuilder.java:1421)
	at app//de.uka.ilkd.key.nparser.builder.ExpressionBuilder.visitAccessterm(ExpressionBuilder.java:49)
	at app//de.uka.ilkd.key.nparser.KeYParser$AccesstermContext.accept(KeYParser.java:6174)
	at app//org.antlr.v4.runtime.tree.AbstractParseTreeVisitor.visitChildren(AbstractParseTreeVisitor.java:46)
	at app//de.uka.ilkd.key.nparser.KeYParserBaseVisitor.visitPrimitive_term(KeYParserBaseVisitor.java:542)
	at app//de.uka.ilkd.key.nparser.KeYParser$Primitive_termContext.accept(KeYParser.java:6074)
	at app//de.uka.ilkd.key.nparser.builder.AbstractBuilder.accept(AbstractBuilder.java:48)
	at app//de.uka.ilkd.key.nparser.builder.DefaultBuilder.accept(DefaultBuilder.java:35)
	at app//de.uka.ilkd.key.nparser.builder.ExpressionBuilder.visitPrimitive_labeled_term(ExpressionBuilder.java:877)
	at app//de.uka.ilkd.key.nparser.KeYParser$Primitive_labeled_termContext.accept(KeYParser.java:5877)
	at app//de.uka.ilkd.key.nparser.builder.AbstractBuilder.accept(AbstractBuilder.java:48)
	at app//de.uka.ilkd.key.nparser.builder.DefaultBuilder.accept(DefaultBuilder.java:35)
	at app//de.uka.ilkd.key.nparser.builder.ExpressionBuilder.visitBracket_term(ExpressionBuilder.java:403)
	at app//de.uka.ilkd.key.nparser.KeYParser$Bracket_termContext.accept(KeYParser.java:5527)
	at app//org.antlr.v4.runtime.tree.AbstractParseTreeVisitor.visitChildren(AbstractParseTreeVisitor.java:46)
	at app//de.uka.ilkd.key.nparser.KeYParserBaseVisitor.visitAtom_prefix(KeYParserBaseVisitor.java:472)
	at app//de.uka.ilkd.key.nparser.KeYParser$Atom_prefixContext.accept(KeYParser.java:5429)
	at app//de.uka.ilkd.key.nparser.builder.AbstractBuilder.accept(AbstractBuilder.java:48)
	at app//de.uka.ilkd.key.nparser.builder.DefaultBuilder.accept(DefaultBuilder.java:35)
	at app//de.uka.ilkd.key.nparser.builder.ExpressionBuilder.visitStrong_arith_term_2(ExpressionBuilder.java:382)
	at app//de.uka.ilkd.key.nparser.KeYParser$Strong_arith_term_2Context.accept(KeYParser.java:5035)
	at app//de.uka.ilkd.key.nparser.builder.AbstractBuilder.accept(AbstractBuilder.java:48)
	at app//de.uka.ilkd.key.nparser.builder.DefaultBuilder.accept(DefaultBuilder.java:35)
	at app//de.uka.ilkd.key.nparser.builder.ExpressionBuilder.visitStrong_arith_term_1(ExpressionBuilder.java:368)
	at app//de.uka.ilkd.key.nparser.KeYParser$Strong_arith_term_1Context.accept(KeYParser.java:4963)
	at app//de.uka.ilkd.key.nparser.builder.AbstractBuilder.accept(AbstractBuilder.java:48)
	at app//de.uka.ilkd.key.nparser.builder.DefaultBuilder.accept(DefaultBuilder.java:35)
	at app//de.uka.ilkd.key.nparser.builder.ExpressionBuilder.visitWeak_arith_term(ExpressionBuilder.java:331)
	at app//de.uka.ilkd.key.nparser.KeYParser$Weak_arith_termContext.accept(KeYParser.java:4877)
	at app//de.uka.ilkd.key.nparser.builder.AbstractBuilder.accept(AbstractBuilder.java:48)
	at app//de.uka.ilkd.key.nparser.builder.DefaultBuilder.accept(DefaultBuilder.java:35)
	at app//de.uka.ilkd.key.nparser.builder.ExpressionBuilder.visitComparison_term(ExpressionBuilder.java:305)
	at app//de.uka.ilkd.key.nparser.KeYParser$Comparison_termContext.accept(KeYParser.java:4793)
	at app//de.uka.ilkd.key.nparser.builder.AbstractBuilder.accept(AbstractBuilder.java:48)
	at app//de.uka.ilkd.key.nparser.builder.DefaultBuilder.accept(DefaultBuilder.java:35)
	at app//de.uka.ilkd.key.nparser.builder.ExpressionBuilder.visitEquality_term(ExpressionBuilder.java:294)
	at app//de.uka.ilkd.key.nparser.builder.ExpressionBuilder.visitEquality_term(ExpressionBuilder.java:49)
	at app//de.uka.ilkd.key.nparser.KeYParser$Equality_termContext.accept(KeYParser.java:4718)
	at app//org.antlr.v4.runtime.tree.AbstractParseTreeVisitor.visitChildren(AbstractParseTreeVisitor.java:46)
	at app//de.uka.ilkd.key.nparser.KeYParserBaseVisitor.visitTerm60(KeYParserBaseVisitor.java:381)
	at app//de.uka.ilkd.key.nparser.KeYParser$Term60Context.accept(KeYParser.java:4485)
	at app//de.uka.ilkd.key.nparser.builder.AbstractBuilder.accept(AbstractBuilder.java:48)
	at app//de.uka.ilkd.key.nparser.builder.DefaultBuilder.accept(DefaultBuilder.java:35)
	at app//de.uka.ilkd.key.nparser.builder.ExpressionBuilder.visitConjunction_term(ExpressionBuilder.java:238)
	at app//de.uka.ilkd.key.nparser.builder.ExpressionBuilder.visitConjunction_term(ExpressionBuilder.java:49)
	at app//de.uka.ilkd.key.nparser.KeYParser$Conjunction_termContext.accept(KeYParser.java:4419)
	at app//de.uka.ilkd.key.nparser.builder.AbstractBuilder.accept(AbstractBuilder.java:48)
	at app//de.uka.ilkd.key.nparser.builder.DefaultBuilder.accept(DefaultBuilder.java:35)
	at app//de.uka.ilkd.key.nparser.builder.ExpressionBuilder.visitDisjunction_term(ExpressionBuilder.java:229)
	at app//de.uka.ilkd.key.nparser.builder.ExpressionBuilder.visitDisjunction_term(ExpressionBuilder.java:49)
	at app//de.uka.ilkd.key.nparser.KeYParser$Disjunction_termContext.accept(KeYParser.java:4346)
	at app//de.uka.ilkd.key.nparser.builder.AbstractBuilder.accept(AbstractBuilder.java:48)
	at app//de.uka.ilkd.key.nparser.builder.DefaultBuilder.accept(DefaultBuilder.java:35)
	at app//de.uka.ilkd.key.nparser.builder.ExpressionBuilder.visitImplication_term(ExpressionBuilder.java:222)
	at app//de.uka.ilkd.key.nparser.builder.ExpressionBuilder.visitImplication_term(ExpressionBuilder.java:49)
	at app//de.uka.ilkd.key.nparser.KeYParser$Implication_termContext.accept(KeYParser.java:4278)
	at app//de.uka.ilkd.key.nparser.builder.AbstractBuilder.accept(AbstractBuilder.java:48)
	at app//de.uka.ilkd.key.nparser.builder.DefaultBuilder.accept(DefaultBuilder.java:35)
	at app//de.uka.ilkd.key.nparser.builder.ExpressionBuilder.visitEquivalence_term(ExpressionBuilder.java:198)
	at app//de.uka.ilkd.key.nparser.builder.ExpressionBuilder.visitEquivalence_term(ExpressionBuilder.java:49)
	at app//de.uka.ilkd.key.nparser.KeYParser$Equivalence_termContext.accept(KeYParser.java:4209)
	at app//de.uka.ilkd.key.nparser.builder.AbstractBuilder.accept(AbstractBuilder.java:48)
	at app//de.uka.ilkd.key.nparser.builder.DefaultBuilder.accept(DefaultBuilder.java:35)
	at app//de.uka.ilkd.key.nparser.builder.ExpressionBuilder.visitElementary_update_term(ExpressionBuilder.java:188)
	at app//de.uka.ilkd.key.nparser.builder.ExpressionBuilder.visitElementary_update_term(ExpressionBuilder.java:49)
	at app//de.uka.ilkd.key.nparser.KeYParser$Elementary_update_termContext.accept(KeYParser.java:4142)
	at app//de.uka.ilkd.key.nparser.builder.AbstractBuilder.lambda$mapOf$0(AbstractBuilder.java:124)
	at java.base@17.0.7/java.util.stream.ReferencePipeline$3$1.accept(ReferencePipeline.java:197)
	at java.base@17.0.7/java.util.ArrayList$ArrayListSpliterator.forEachRemaining(ArrayList.java:1625)
	at java.base@17.0.7/java.util.stream.AbstractPipeline.copyInto(AbstractPipeline.java:509)
	at java.base@17.0.7/java.util.stream.AbstractPipeline.wrapAndCopyInto(AbstractPipeline.java:499)
	at java.base@17.0.7/java.util.stream.ReduceOps$ReduceOp.evaluateSequential(ReduceOps.java:921)
	at java.base@17.0.7/java.util.stream.AbstractPipeline.evaluate(AbstractPipeline.java:234)
	at java.base@17.0.7/java.util.stream.ReferencePipeline.collect(ReferencePipeline.java:682)
	at app//de.uka.ilkd.key.nparser.builder.AbstractBuilder.mapOf(AbstractBuilder.java:124)
	at app//de.uka.ilkd.key.nparser.builder.ExpressionBuilder.visitParallel_term(ExpressionBuilder.java:173)
	at app//de.uka.ilkd.key.nparser.builder.ExpressionBuilder.visitParallel_term(ExpressionBuilder.java:49)
	at app//de.uka.ilkd.key.nparser.KeYParser$Parallel_termContext.accept(KeYParser.java:4074)
	at app//org.antlr.v4.runtime.tree.AbstractParseTreeVisitor.visitChildren(AbstractParseTreeVisitor.java:46)
	at app//de.uka.ilkd.key.nparser.KeYParserBaseVisitor.visitTerm(KeYParserBaseVisitor.java:332)
	at app//de.uka.ilkd.key.nparser.KeYParser$TermContext.accept(KeYParser.java:4020)
	at app//de.uka.ilkd.key.nparser.KeyAst.accept(KeyAst.java:43)
	at app//de.uka.ilkd.key.nparser.KeyIO.parseExpression(KeyIO.java:96)
	at app//de.uka.ilkd.key.nparser.KeyIO.parseExpression(KeyIO.java:79)
	at app//de.uka.ilkd.key.parser.AbstractTestTermParser.parseTerm(AbstractTestTermParser.java:74)
	at app//de.uka.ilkd.key.parser.AbstractTestTermParser.comparePrettySyntaxAgainstVerboseSyntax(AbstractTestTermParser.java:141)
	at app//de.uka.ilkd.key.parser.TestTermParserHeap.testQueryBasic_6(TestTermParserHeap.java:293)
	at java.base@17.0.7/jdk.internal.reflect.NativeMethodAccessorImpl.invoke0(Native Method)
	at java.base@17.0.7/jdk.internal.reflect.NativeMethodAccessorImpl.invoke(NativeMethodAccessorImpl.java:77)
	at java.base@17.0.7/jdk.internal.reflect.DelegatingMethodAccessorImpl.invoke(DelegatingMethodAccessorImpl.java:43)
	at java.base@17.0.7/java.lang.reflect.Method.invoke(Method.java:568)
	at app//org.junit.platform.commons.util.ReflectionUtils.invokeMethod(ReflectionUtils.java:727)
	at app//org.junit.jupiter.engine.execution.MethodInvocation.proceed(MethodInvocation.java:60)
	at app//org.junit.jupiter.engine.execution.InvocationInterceptorChain$ValidatingInvocation.proceed(InvocationInterceptorChain.java:131)
	at app//org.junit.jupiter.engine.extension.TimeoutExtension.intercept(TimeoutExtension.java:156)
	at app//org.junit.jupiter.engine.extension.TimeoutExtension.interceptTestableMethod(TimeoutExtension.java:147)
	at app//org.junit.jupiter.engine.extension.TimeoutExtension.interceptTestMethod(TimeoutExtension.java:86)
	at app//org.junit.jupiter.engine.execution.InterceptingExecutableInvoker$ReflectiveInterceptorCall.lambda$ofVoidMethod$0(InterceptingExecutableInvoker.java:103)
	at app//org.junit.jupiter.engine.execution.InterceptingExecutableInvoker.lambda$invoke$0(InterceptingExecutableInvoker.java:93)
	at app//org.junit.jupiter.engine.execution.InvocationInterceptorChain$InterceptedInvocation.proceed(InvocationInterceptorChain.java:106)
	at app//org.junit.jupiter.engine.execution.InvocationInterceptorChain.proceed(InvocationInterceptorChain.java:64)
	at app//org.junit.jupiter.engine.execution.InvocationInterceptorChain.chainAndInvoke(InvocationInterceptorChain.java:45)
	at app//org.junit.jupiter.engine.execution.InvocationInterceptorChain.invoke(InvocationInterceptorChain.java:37)
	at app//org.junit.jupiter.engine.execution.InterceptingExecutableInvoker.invoke(InterceptingExecutableInvoker.java:92)
	at app//org.junit.jupiter.engine.execution.InterceptingExecutableInvoker.invoke(InterceptingExecutableInvoker.java:86)
	at app//org.junit.jupiter.engine.descriptor.TestMethodTestDescriptor.lambda$invokeTestMethod$7(TestMethodTestDescriptor.java:217)
	at app//org.junit.platform.engine.support.hierarchical.ThrowableCollector.execute(ThrowableCollector.java:73)
	at app//org.junit.jupiter.engine.descriptor.TestMethodTestDescriptor.invokeTestMethod(TestMethodTestDescriptor.java:213)
	at app//org.junit.jupiter.engine.descriptor.TestMethodTestDescriptor.execute(TestMethodTestDescriptor.java:138)
	at app//org.junit.jupiter.engine.descriptor.TestMethodTestDescriptor.execute(TestMethodTestDescriptor.java:68)
	at app//org.junit.platform.engine.support.hierarchical.NodeTestTask.lambda$executeRecursively$6(NodeTestTask.java:151)
	at app//org.junit.platform.engine.support.hierarchical.ThrowableCollector.execute(ThrowableCollector.java:73)
	at app//org.junit.platform.engine.support.hierarchical.NodeTestTask.lambda$executeRecursively$8(NodeTestTask.java:141)
	at app//org.junit.platform.engine.support.hierarchical.Node.around(Node.java:137)
	at app//org.junit.platform.engine.support.hierarchical.NodeTestTask.lambda$executeRecursively$9(NodeTestTask.java:139)
	at app//org.junit.platform.engine.support.hierarchical.ThrowableCollector.execute(ThrowableCollector.java:73)
	at app//org.junit.platform.engine.support.hierarchical.NodeTestTask.executeRecursively(NodeTestTask.java:138)
	at app//org.junit.platform.engine.support.hierarchical.NodeTestTask.execute(NodeTestTask.java:95)
	at java.base@17.0.7/java.util.ArrayList.forEach(ArrayList.java:1511)
	at app//org.junit.platform.engine.support.hierarchical.SameThreadHierarchicalTestExecutorService.invokeAll(SameThreadHierarchicalTestExecutorService.java:41)
	at app//org.junit.platform.engine.support.hierarchical.NodeTestTask.lambda$executeRecursively$6(NodeTestTask.java:155)
	at app//org.junit.platform.engine.support.hierarchical.ThrowableCollector.execute(ThrowableCollector.java:73)
	at app//org.junit.platform.engine.support.hierarchical.NodeTestTask.lambda$executeRecursively$8(NodeTestTask.java:141)
	at app//org.junit.platform.engine.support.hierarchical.Node.around(Node.java:137)
	at app//org.junit.platform.engine.support.hierarchical.NodeTestTask.lambda$executeRecursively$9(NodeTestTask.java:139)
	at app//org.junit.platform.engine.support.hierarchical.ThrowableCollector.execute(ThrowableCollector.java:73)
	at app//org.junit.platform.engine.support.hierarchical.NodeTestTask.executeRecursively(NodeTestTask.java:138)
	at app//org.junit.platform.engine.support.hierarchical.NodeTestTask.execute(NodeTestTask.java:95)
	at java.base@17.0.7/java.util.ArrayList.forEach(ArrayList.java:1511)
	at app//org.junit.platform.engine.support.hierarchical.SameThreadHierarchicalTestExecutorService.invokeAll(SameThreadHierarchicalTestExecutorService.java:41)
	at app//org.junit.platform.engine.support.hierarchical.NodeTestTask.lambda$executeRecursively$6(NodeTestTask.java:155)
	at app//org.junit.platform.engine.support.hierarchical.ThrowableCollector.execute(ThrowableCollector.java:73)
	at app//org.junit.platform.engine.support.hierarchical.NodeTestTask.lambda$executeRecursively$8(NodeTestTask.java:141)
	at app//org.junit.platform.engine.support.hierarchical.Node.around(Node.java:137)
	at app//org.junit.platform.engine.support.hierarchical.NodeTestTask.lambda$executeRecursively$9(NodeTestTask.java:139)
	at app//org.junit.platform.engine.support.hierarchical.ThrowableCollector.execute(ThrowableCollector.java:73)
	at app//org.junit.platform.engine.support.hierarchical.NodeTestTask.executeRecursively(NodeTestTask.java:138)
	at app//org.junit.platform.engine.support.hierarchical.NodeTestTask.execute(NodeTestTask.java:95)
	at app//org.junit.platform.engine.support.hierarchical.SameThreadHierarchicalTestExecutorService.submit(SameThreadHierarchicalTestExecutorService.java:35)
	at app//org.junit.platform.engine.support.hierarchical.HierarchicalTestExecutor.execute(HierarchicalTestExecutor.java:57)
	at app//org.junit.platform.engine.support.hierarchical.HierarchicalTestEngine.execute(HierarchicalTestEngine.java:54)
	at app//org.junit.platform.launcher.core.EngineExecutionOrchestrator.execute(EngineExecutionOrchestrator.java:107)
	at app//org.junit.platform.launcher.core.EngineExecutionOrchestrator.execute(EngineExecutionOrchestrator.java:88)
	at app//org.junit.platform.launcher.core.EngineExecutionOrchestrator.lambda$execute$0(EngineExecutionOrchestrator.java:54)
	at app//org.junit.platform.launcher.core.EngineExecutionOrchestrator.withInterceptedStreams(EngineExecutionOrchestrator.java:67)
	at app//org.junit.platform.launcher.core.EngineExecutionOrchestrator.execute(EngineExecutionOrchestrator.java:52)
	at app//org.junit.platform.launcher.core.DefaultLauncher.execute(DefaultLauncher.java:114)
	at app//org.junit.platform.launcher.core.DefaultLauncher.execute(DefaultLauncher.java:86)
	at app//org.junit.platform.launcher.core.DefaultLauncherSession$DelegatingLauncher.execute(DefaultLauncherSession.java:86)
	at org.gradle.api.internal.tasks.testing.junitplatform.JUnitPlatformTestClassProcessor$CollectAllTestClassesExecutor.processAllTestClasses(JUnitPlatformTestClassProcessor.java:110)
	at org.gradle.api.internal.tasks.testing.junitplatform.JUnitPlatformTestClassProcessor$CollectAllTestClassesExecutor.access$000(JUnitPlatformTestClassProcessor.java:90)
	at org.gradle.api.internal.tasks.testing.junitplatform.JUnitPlatformTestClassProcessor.stop(JUnitPlatformTestClassProcessor.java:85)
	at org.gradle.api.internal.tasks.testing.SuiteTestClassProcessor.stop(SuiteTestClassProcessor.java:62)
	at java.base@17.0.7/jdk.internal.reflect.NativeMethodAccessorImpl.invoke0(Native Method)
	at java.base@17.0.7/jdk.internal.reflect.NativeMethodAccessorImpl.invoke(NativeMethodAccessorImpl.java:77)
	at java.base@17.0.7/jdk.internal.reflect.DelegatingMethodAccessorImpl.invoke(DelegatingMethodAccessorImpl.java:43)
	at java.base@17.0.7/java.lang.reflect.Method.invoke(Method.java:568)
	at org.gradle.internal.dispatch.ReflectionDispatch.dispatch(ReflectionDispatch.java:36)
	at org.gradle.internal.dispatch.ReflectionDispatch.dispatch(ReflectionDispatch.java:24)
	at org.gradle.internal.dispatch.ContextClassLoaderDispatch.dispatch(ContextClassLoaderDispatch.java:33)
	at org.gradle.internal.dispatch.ProxyDispatchAdapter$DispatchingInvocationHandler.invoke(ProxyDispatchAdapter.java:94)
	at jdk.proxy2/jdk.proxy2.$Proxy5.stop(Unknown Source)
	at org.gradle.api.internal.tasks.testing.worker.TestWorker$3.run(TestWorker.java:193)
	at org.gradle.api.internal.tasks.testing.worker.TestWorker.executeAndMaintainThreadName(TestWorker.java:129)
	at org.gradle.api.internal.tasks.testing.worker.TestWorker.execute(TestWorker.java:100)
	at org.gradle.api.internal.tasks.testing.worker.TestWorker.execute(TestWorker.java:60)
	at org.gradle.process.internal.worker.child.ActionExecutionWorker.execute(ActionExecutionWorker.java:56)
	at org.gradle.process.internal.worker.child.SystemApplicationClassLoaderWorker.call(SystemApplicationClassLoaderWorker.java:113)
	at org.gradle.process.internal.worker.child.SystemApplicationClassLoaderWorker.call(SystemApplicationClassLoaderWorker.java:65)
	at app//worker.org.gradle.process.internal.worker.GradleWorkerMain.run(GradleWorkerMain.java:69)
	at app//worker.org.gradle.process.internal.worker.GradleWorkerMain.main(GradleWorkerMain.java:74)
</failure>
  </testcase>
  <testcase name="testQueryBasic_7()" classname="de.uka.ilkd.key.parser.TestTermParserHeap" time="0.013">
    <failure message="Could not find (program) variable or constant getNext at &lt;unknown&gt;:1:33 (&lt;unknown&gt;:1:33)" type="de.uka.ilkd.key.util.parsing.BuildingException">Could not find (program) variable or constant getNext at &lt;unknown&gt;:1:33 (&lt;unknown&gt;:1:33)
	at app//de.uka.ilkd.key.nparser.builder.AbstractBuilder.semanticError(AbstractBuilder.java:179)
	at app//de.uka.ilkd.key.nparser.builder.DefaultBuilder.lookupVarfuncId(DefaultBuilder.java:174)
	at app//de.uka.ilkd.key.nparser.builder.ExpressionBuilder.visitAccessterm(ExpressionBuilder.java:1443)
	at app//de.uka.ilkd.key.nparser.builder.ExpressionBuilder.visitAccessterm(ExpressionBuilder.java:49)
	at app//de.uka.ilkd.key.nparser.KeYParser$AccesstermContext.accept(KeYParser.java:6174)
	at app//org.antlr.v4.runtime.tree.AbstractParseTreeVisitor.visitChildren(AbstractParseTreeVisitor.java:46)
	at app//de.uka.ilkd.key.nparser.KeYParserBaseVisitor.visitPrimitive_term(KeYParserBaseVisitor.java:542)
	at app//de.uka.ilkd.key.nparser.KeYParser$Primitive_termContext.accept(KeYParser.java:6074)
	at app//de.uka.ilkd.key.nparser.builder.AbstractBuilder.accept(AbstractBuilder.java:48)
	at app//de.uka.ilkd.key.nparser.builder.DefaultBuilder.accept(DefaultBuilder.java:35)
	at app//de.uka.ilkd.key.nparser.builder.ExpressionBuilder.visitPrimitive_labeled_term(ExpressionBuilder.java:877)
	at app//de.uka.ilkd.key.nparser.KeYParser$Primitive_labeled_termContext.accept(KeYParser.java:5877)
	at app//de.uka.ilkd.key.nparser.builder.AbstractBuilder.accept(AbstractBuilder.java:48)
	at app//de.uka.ilkd.key.nparser.builder.DefaultBuilder.accept(DefaultBuilder.java:35)
	at app//de.uka.ilkd.key.nparser.builder.ExpressionBuilder.visitBracket_term(ExpressionBuilder.java:403)
	at app//de.uka.ilkd.key.nparser.KeYParser$Bracket_termContext.accept(KeYParser.java:5527)
	at app//org.antlr.v4.runtime.tree.AbstractParseTreeVisitor.visitChildren(AbstractParseTreeVisitor.java:46)
	at app//de.uka.ilkd.key.nparser.KeYParserBaseVisitor.visitAtom_prefix(KeYParserBaseVisitor.java:472)
	at app//de.uka.ilkd.key.nparser.KeYParser$Atom_prefixContext.accept(KeYParser.java:5429)
	at app//de.uka.ilkd.key.nparser.builder.AbstractBuilder.accept(AbstractBuilder.java:48)
	at app//de.uka.ilkd.key.nparser.builder.DefaultBuilder.accept(DefaultBuilder.java:35)
	at app//de.uka.ilkd.key.nparser.builder.ExpressionBuilder.visitStrong_arith_term_2(ExpressionBuilder.java:382)
	at app//de.uka.ilkd.key.nparser.KeYParser$Strong_arith_term_2Context.accept(KeYParser.java:5035)
	at app//de.uka.ilkd.key.nparser.builder.AbstractBuilder.accept(AbstractBuilder.java:48)
	at app//de.uka.ilkd.key.nparser.builder.DefaultBuilder.accept(DefaultBuilder.java:35)
	at app//de.uka.ilkd.key.nparser.builder.ExpressionBuilder.visitStrong_arith_term_1(ExpressionBuilder.java:368)
	at app//de.uka.ilkd.key.nparser.KeYParser$Strong_arith_term_1Context.accept(KeYParser.java:4963)
	at app//de.uka.ilkd.key.nparser.builder.AbstractBuilder.accept(AbstractBuilder.java:48)
	at app//de.uka.ilkd.key.nparser.builder.DefaultBuilder.accept(DefaultBuilder.java:35)
	at app//de.uka.ilkd.key.nparser.builder.ExpressionBuilder.visitWeak_arith_term(ExpressionBuilder.java:331)
	at app//de.uka.ilkd.key.nparser.KeYParser$Weak_arith_termContext.accept(KeYParser.java:4877)
	at app//de.uka.ilkd.key.nparser.builder.AbstractBuilder.accept(AbstractBuilder.java:48)
	at app//de.uka.ilkd.key.nparser.builder.DefaultBuilder.accept(DefaultBuilder.java:35)
	at app//de.uka.ilkd.key.nparser.builder.ExpressionBuilder.visitComparison_term(ExpressionBuilder.java:305)
	at app//de.uka.ilkd.key.nparser.KeYParser$Comparison_termContext.accept(KeYParser.java:4793)
	at app//de.uka.ilkd.key.nparser.builder.AbstractBuilder.accept(AbstractBuilder.java:48)
	at app//de.uka.ilkd.key.nparser.builder.DefaultBuilder.accept(DefaultBuilder.java:35)
	at app//de.uka.ilkd.key.nparser.builder.ExpressionBuilder.visitEquality_term(ExpressionBuilder.java:294)
	at app//de.uka.ilkd.key.nparser.builder.ExpressionBuilder.visitEquality_term(ExpressionBuilder.java:49)
	at app//de.uka.ilkd.key.nparser.KeYParser$Equality_termContext.accept(KeYParser.java:4718)
	at app//org.antlr.v4.runtime.tree.AbstractParseTreeVisitor.visitChildren(AbstractParseTreeVisitor.java:46)
	at app//de.uka.ilkd.key.nparser.KeYParserBaseVisitor.visitTerm60(KeYParserBaseVisitor.java:381)
	at app//de.uka.ilkd.key.nparser.KeYParser$Term60Context.accept(KeYParser.java:4485)
	at app//de.uka.ilkd.key.nparser.builder.AbstractBuilder.accept(AbstractBuilder.java:48)
	at app//de.uka.ilkd.key.nparser.builder.DefaultBuilder.accept(DefaultBuilder.java:35)
	at app//de.uka.ilkd.key.nparser.builder.ExpressionBuilder.visitConjunction_term(ExpressionBuilder.java:238)
	at app//de.uka.ilkd.key.nparser.builder.ExpressionBuilder.visitConjunction_term(ExpressionBuilder.java:49)
	at app//de.uka.ilkd.key.nparser.KeYParser$Conjunction_termContext.accept(KeYParser.java:4419)
	at app//de.uka.ilkd.key.nparser.builder.AbstractBuilder.accept(AbstractBuilder.java:48)
	at app//de.uka.ilkd.key.nparser.builder.DefaultBuilder.accept(DefaultBuilder.java:35)
	at app//de.uka.ilkd.key.nparser.builder.ExpressionBuilder.visitDisjunction_term(ExpressionBuilder.java:229)
	at app//de.uka.ilkd.key.nparser.builder.ExpressionBuilder.visitDisjunction_term(ExpressionBuilder.java:49)
	at app//de.uka.ilkd.key.nparser.KeYParser$Disjunction_termContext.accept(KeYParser.java:4346)
	at app//de.uka.ilkd.key.nparser.builder.AbstractBuilder.accept(AbstractBuilder.java:48)
	at app//de.uka.ilkd.key.nparser.builder.DefaultBuilder.accept(DefaultBuilder.java:35)
	at app//de.uka.ilkd.key.nparser.builder.ExpressionBuilder.visitImplication_term(ExpressionBuilder.java:222)
	at app//de.uka.ilkd.key.nparser.builder.ExpressionBuilder.visitImplication_term(ExpressionBuilder.java:49)
	at app//de.uka.ilkd.key.nparser.KeYParser$Implication_termContext.accept(KeYParser.java:4278)
	at app//de.uka.ilkd.key.nparser.builder.AbstractBuilder.accept(AbstractBuilder.java:48)
	at app//de.uka.ilkd.key.nparser.builder.DefaultBuilder.accept(DefaultBuilder.java:35)
	at app//de.uka.ilkd.key.nparser.builder.ExpressionBuilder.visitEquivalence_term(ExpressionBuilder.java:198)
	at app//de.uka.ilkd.key.nparser.builder.ExpressionBuilder.visitEquivalence_term(ExpressionBuilder.java:49)
	at app//de.uka.ilkd.key.nparser.KeYParser$Equivalence_termContext.accept(KeYParser.java:4209)
	at app//de.uka.ilkd.key.nparser.builder.AbstractBuilder.accept(AbstractBuilder.java:48)
	at app//de.uka.ilkd.key.nparser.builder.DefaultBuilder.accept(DefaultBuilder.java:35)
	at app//de.uka.ilkd.key.nparser.builder.ExpressionBuilder.visitElementary_update_term(ExpressionBuilder.java:188)
	at app//de.uka.ilkd.key.nparser.builder.ExpressionBuilder.visitElementary_update_term(ExpressionBuilder.java:49)
	at app//de.uka.ilkd.key.nparser.KeYParser$Elementary_update_termContext.accept(KeYParser.java:4142)
	at app//de.uka.ilkd.key.nparser.builder.AbstractBuilder.lambda$mapOf$0(AbstractBuilder.java:124)
	at java.base@17.0.7/java.util.stream.ReferencePipeline$3$1.accept(ReferencePipeline.java:197)
	at java.base@17.0.7/java.util.ArrayList$ArrayListSpliterator.forEachRemaining(ArrayList.java:1625)
	at java.base@17.0.7/java.util.stream.AbstractPipeline.copyInto(AbstractPipeline.java:509)
	at java.base@17.0.7/java.util.stream.AbstractPipeline.wrapAndCopyInto(AbstractPipeline.java:499)
	at java.base@17.0.7/java.util.stream.ReduceOps$ReduceOp.evaluateSequential(ReduceOps.java:921)
	at java.base@17.0.7/java.util.stream.AbstractPipeline.evaluate(AbstractPipeline.java:234)
	at java.base@17.0.7/java.util.stream.ReferencePipeline.collect(ReferencePipeline.java:682)
	at app//de.uka.ilkd.key.nparser.builder.AbstractBuilder.mapOf(AbstractBuilder.java:124)
	at app//de.uka.ilkd.key.nparser.builder.ExpressionBuilder.visitParallel_term(ExpressionBuilder.java:173)
	at app//de.uka.ilkd.key.nparser.builder.ExpressionBuilder.visitParallel_term(ExpressionBuilder.java:49)
	at app//de.uka.ilkd.key.nparser.KeYParser$Parallel_termContext.accept(KeYParser.java:4074)
	at app//org.antlr.v4.runtime.tree.AbstractParseTreeVisitor.visitChildren(AbstractParseTreeVisitor.java:46)
	at app//de.uka.ilkd.key.nparser.KeYParserBaseVisitor.visitTerm(KeYParserBaseVisitor.java:332)
	at app//de.uka.ilkd.key.nparser.KeYParser$TermContext.accept(KeYParser.java:4020)
	at app//de.uka.ilkd.key.nparser.builder.AbstractBuilder.lambda$mapOf$0(AbstractBuilder.java:124)
	at java.base@17.0.7/java.util.stream.ReferencePipeline$3$1.accept(ReferencePipeline.java:197)
	at java.base@17.0.7/java.util.ArrayList$ArrayListSpliterator.forEachRemaining(ArrayList.java:1625)
	at java.base@17.0.7/java.util.stream.AbstractPipeline.copyInto(AbstractPipeline.java:509)
	at java.base@17.0.7/java.util.stream.AbstractPipeline.wrapAndCopyInto(AbstractPipeline.java:499)
	at java.base@17.0.7/java.util.stream.ReduceOps$ReduceOp.evaluateSequential(ReduceOps.java:921)
	at java.base@17.0.7/java.util.stream.AbstractPipeline.evaluate(AbstractPipeline.java:234)
	at java.base@17.0.7/java.util.stream.ReferencePipeline.collect(ReferencePipeline.java:682)
	at app//de.uka.ilkd.key.nparser.builder.AbstractBuilder.mapOf(AbstractBuilder.java:124)
	at app//de.uka.ilkd.key.nparser.builder.ExpressionBuilder.visitArgument_list(ExpressionBuilder.java:1095)
	at app//de.uka.ilkd.key.nparser.builder.ExpressionBuilder.visitArgument_list(ExpressionBuilder.java:49)
	at app//de.uka.ilkd.key.nparser.KeYParser$Argument_listContext.accept(KeYParser.java:7173)
	at app//de.uka.ilkd.key.nparser.builder.AbstractBuilder.accept(AbstractBuilder.java:48)
	at app//de.uka.ilkd.key.nparser.builder.DefaultBuilder.accept(DefaultBuilder.java:35)
	at app//de.uka.ilkd.key.nparser.builder.ExpressionBuilder.visitArguments(ExpressionBuilder.java:1488)
	at app//de.uka.ilkd.key.nparser.builder.ExpressionBuilder.visitAccessterm(ExpressionBuilder.java:1421)
	at app//de.uka.ilkd.key.nparser.builder.ExpressionBuilder.visitAccessterm(ExpressionBuilder.java:49)
	at app//de.uka.ilkd.key.nparser.KeYParser$AccesstermContext.accept(KeYParser.java:6174)
	at app//org.antlr.v4.runtime.tree.AbstractParseTreeVisitor.visitChildren(AbstractParseTreeVisitor.java:46)
	at app//de.uka.ilkd.key.nparser.KeYParserBaseVisitor.visitPrimitive_term(KeYParserBaseVisitor.java:542)
	at app//de.uka.ilkd.key.nparser.KeYParser$Primitive_termContext.accept(KeYParser.java:6074)
	at app//de.uka.ilkd.key.nparser.builder.AbstractBuilder.accept(AbstractBuilder.java:48)
	at app//de.uka.ilkd.key.nparser.builder.DefaultBuilder.accept(DefaultBuilder.java:35)
	at app//de.uka.ilkd.key.nparser.builder.ExpressionBuilder.visitPrimitive_labeled_term(ExpressionBuilder.java:877)
	at app//de.uka.ilkd.key.nparser.KeYParser$Primitive_labeled_termContext.accept(KeYParser.java:5877)
	at app//de.uka.ilkd.key.nparser.builder.AbstractBuilder.accept(AbstractBuilder.java:48)
	at app//de.uka.ilkd.key.nparser.builder.DefaultBuilder.accept(DefaultBuilder.java:35)
	at app//de.uka.ilkd.key.nparser.builder.ExpressionBuilder.visitBracket_term(ExpressionBuilder.java:403)
	at app//de.uka.ilkd.key.nparser.KeYParser$Bracket_termContext.accept(KeYParser.java:5527)
	at app//org.antlr.v4.runtime.tree.AbstractParseTreeVisitor.visitChildren(AbstractParseTreeVisitor.java:46)
	at app//de.uka.ilkd.key.nparser.KeYParserBaseVisitor.visitAtom_prefix(KeYParserBaseVisitor.java:472)
	at app//de.uka.ilkd.key.nparser.KeYParser$Atom_prefixContext.accept(KeYParser.java:5429)
	at app//de.uka.ilkd.key.nparser.builder.AbstractBuilder.accept(AbstractBuilder.java:48)
	at app//de.uka.ilkd.key.nparser.builder.DefaultBuilder.accept(DefaultBuilder.java:35)
	at app//de.uka.ilkd.key.nparser.builder.ExpressionBuilder.visitStrong_arith_term_2(ExpressionBuilder.java:382)
	at app//de.uka.ilkd.key.nparser.KeYParser$Strong_arith_term_2Context.accept(KeYParser.java:5035)
	at app//de.uka.ilkd.key.nparser.builder.AbstractBuilder.accept(AbstractBuilder.java:48)
	at app//de.uka.ilkd.key.nparser.builder.DefaultBuilder.accept(DefaultBuilder.java:35)
	at app//de.uka.ilkd.key.nparser.builder.ExpressionBuilder.visitStrong_arith_term_1(ExpressionBuilder.java:368)
	at app//de.uka.ilkd.key.nparser.KeYParser$Strong_arith_term_1Context.accept(KeYParser.java:4963)
	at app//de.uka.ilkd.key.nparser.builder.AbstractBuilder.accept(AbstractBuilder.java:48)
	at app//de.uka.ilkd.key.nparser.builder.DefaultBuilder.accept(DefaultBuilder.java:35)
	at app//de.uka.ilkd.key.nparser.builder.ExpressionBuilder.visitWeak_arith_term(ExpressionBuilder.java:331)
	at app//de.uka.ilkd.key.nparser.KeYParser$Weak_arith_termContext.accept(KeYParser.java:4877)
	at app//de.uka.ilkd.key.nparser.builder.AbstractBuilder.accept(AbstractBuilder.java:48)
	at app//de.uka.ilkd.key.nparser.builder.DefaultBuilder.accept(DefaultBuilder.java:35)
	at app//de.uka.ilkd.key.nparser.builder.ExpressionBuilder.visitComparison_term(ExpressionBuilder.java:305)
	at app//de.uka.ilkd.key.nparser.KeYParser$Comparison_termContext.accept(KeYParser.java:4793)
	at app//de.uka.ilkd.key.nparser.builder.AbstractBuilder.accept(AbstractBuilder.java:48)
	at app//de.uka.ilkd.key.nparser.builder.DefaultBuilder.accept(DefaultBuilder.java:35)
	at app//de.uka.ilkd.key.nparser.builder.ExpressionBuilder.visitEquality_term(ExpressionBuilder.java:294)
	at app//de.uka.ilkd.key.nparser.builder.ExpressionBuilder.visitEquality_term(ExpressionBuilder.java:49)
	at app//de.uka.ilkd.key.nparser.KeYParser$Equality_termContext.accept(KeYParser.java:4718)
	at app//org.antlr.v4.runtime.tree.AbstractParseTreeVisitor.visitChildren(AbstractParseTreeVisitor.java:46)
	at app//de.uka.ilkd.key.nparser.KeYParserBaseVisitor.visitTerm60(KeYParserBaseVisitor.java:381)
	at app//de.uka.ilkd.key.nparser.KeYParser$Term60Context.accept(KeYParser.java:4485)
	at app//de.uka.ilkd.key.nparser.builder.AbstractBuilder.accept(AbstractBuilder.java:48)
	at app//de.uka.ilkd.key.nparser.builder.DefaultBuilder.accept(DefaultBuilder.java:35)
	at app//de.uka.ilkd.key.nparser.builder.ExpressionBuilder.visitConjunction_term(ExpressionBuilder.java:238)
	at app//de.uka.ilkd.key.nparser.builder.ExpressionBuilder.visitConjunction_term(ExpressionBuilder.java:49)
	at app//de.uka.ilkd.key.nparser.KeYParser$Conjunction_termContext.accept(KeYParser.java:4419)
	at app//de.uka.ilkd.key.nparser.builder.AbstractBuilder.accept(AbstractBuilder.java:48)
	at app//de.uka.ilkd.key.nparser.builder.DefaultBuilder.accept(DefaultBuilder.java:35)
	at app//de.uka.ilkd.key.nparser.builder.ExpressionBuilder.visitDisjunction_term(ExpressionBuilder.java:229)
	at app//de.uka.ilkd.key.nparser.builder.ExpressionBuilder.visitDisjunction_term(ExpressionBuilder.java:49)
	at app//de.uka.ilkd.key.nparser.KeYParser$Disjunction_termContext.accept(KeYParser.java:4346)
	at app//de.uka.ilkd.key.nparser.builder.AbstractBuilder.accept(AbstractBuilder.java:48)
	at app//de.uka.ilkd.key.nparser.builder.DefaultBuilder.accept(DefaultBuilder.java:35)
	at app//de.uka.ilkd.key.nparser.builder.ExpressionBuilder.visitImplication_term(ExpressionBuilder.java:222)
	at app//de.uka.ilkd.key.nparser.builder.ExpressionBuilder.visitImplication_term(ExpressionBuilder.java:49)
	at app//de.uka.ilkd.key.nparser.KeYParser$Implication_termContext.accept(KeYParser.java:4278)
	at app//de.uka.ilkd.key.nparser.builder.AbstractBuilder.accept(AbstractBuilder.java:48)
	at app//de.uka.ilkd.key.nparser.builder.DefaultBuilder.accept(DefaultBuilder.java:35)
	at app//de.uka.ilkd.key.nparser.builder.ExpressionBuilder.visitEquivalence_term(ExpressionBuilder.java:198)
	at app//de.uka.ilkd.key.nparser.builder.ExpressionBuilder.visitEquivalence_term(ExpressionBuilder.java:49)
	at app//de.uka.ilkd.key.nparser.KeYParser$Equivalence_termContext.accept(KeYParser.java:4209)
	at app//de.uka.ilkd.key.nparser.builder.AbstractBuilder.accept(AbstractBuilder.java:48)
	at app//de.uka.ilkd.key.nparser.builder.DefaultBuilder.accept(DefaultBuilder.java:35)
	at app//de.uka.ilkd.key.nparser.builder.ExpressionBuilder.visitElementary_update_term(ExpressionBuilder.java:188)
	at app//de.uka.ilkd.key.nparser.builder.ExpressionBuilder.visitElementary_update_term(ExpressionBuilder.java:49)
	at app//de.uka.ilkd.key.nparser.KeYParser$Elementary_update_termContext.accept(KeYParser.java:4142)
	at app//de.uka.ilkd.key.nparser.builder.AbstractBuilder.lambda$mapOf$0(AbstractBuilder.java:124)
	at java.base@17.0.7/java.util.stream.ReferencePipeline$3$1.accept(ReferencePipeline.java:197)
	at java.base@17.0.7/java.util.ArrayList$ArrayListSpliterator.forEachRemaining(ArrayList.java:1625)
	at java.base@17.0.7/java.util.stream.AbstractPipeline.copyInto(AbstractPipeline.java:509)
	at java.base@17.0.7/java.util.stream.AbstractPipeline.wrapAndCopyInto(AbstractPipeline.java:499)
	at java.base@17.0.7/java.util.stream.ReduceOps$ReduceOp.evaluateSequential(ReduceOps.java:921)
	at java.base@17.0.7/java.util.stream.AbstractPipeline.evaluate(AbstractPipeline.java:234)
	at java.base@17.0.7/java.util.stream.ReferencePipeline.collect(ReferencePipeline.java:682)
	at app//de.uka.ilkd.key.nparser.builder.AbstractBuilder.mapOf(AbstractBuilder.java:124)
	at app//de.uka.ilkd.key.nparser.builder.ExpressionBuilder.visitParallel_term(ExpressionBuilder.java:173)
	at app//de.uka.ilkd.key.nparser.builder.ExpressionBuilder.visitParallel_term(ExpressionBuilder.java:49)
	at app//de.uka.ilkd.key.nparser.KeYParser$Parallel_termContext.accept(KeYParser.java:4074)
	at app//org.antlr.v4.runtime.tree.AbstractParseTreeVisitor.visitChildren(AbstractParseTreeVisitor.java:46)
	at app//de.uka.ilkd.key.nparser.KeYParserBaseVisitor.visitTerm(KeYParserBaseVisitor.java:332)
	at app//de.uka.ilkd.key.nparser.KeYParser$TermContext.accept(KeYParser.java:4020)
	at app//de.uka.ilkd.key.nparser.KeyAst.accept(KeyAst.java:43)
	at app//de.uka.ilkd.key.nparser.KeyIO.parseExpression(KeyIO.java:96)
	at app//de.uka.ilkd.key.nparser.KeyIO.parseExpression(KeyIO.java:79)
	at app//de.uka.ilkd.key.parser.AbstractTestTermParser.parseTerm(AbstractTestTermParser.java:74)
	at app//de.uka.ilkd.key.parser.AbstractTestTermParser.comparePrettySyntaxAgainstVerboseSyntax(AbstractTestTermParser.java:141)
	at app//de.uka.ilkd.key.parser.TestTermParserHeap.testQueryBasic_7(TestTermParserHeap.java:301)
	at java.base@17.0.7/jdk.internal.reflect.NativeMethodAccessorImpl.invoke0(Native Method)
	at java.base@17.0.7/jdk.internal.reflect.NativeMethodAccessorImpl.invoke(NativeMethodAccessorImpl.java:77)
	at java.base@17.0.7/jdk.internal.reflect.DelegatingMethodAccessorImpl.invoke(DelegatingMethodAccessorImpl.java:43)
	at java.base@17.0.7/java.lang.reflect.Method.invoke(Method.java:568)
	at app//org.junit.platform.commons.util.ReflectionUtils.invokeMethod(ReflectionUtils.java:727)
	at app//org.junit.jupiter.engine.execution.MethodInvocation.proceed(MethodInvocation.java:60)
	at app//org.junit.jupiter.engine.execution.InvocationInterceptorChain$ValidatingInvocation.proceed(InvocationInterceptorChain.java:131)
	at app//org.junit.jupiter.engine.extension.TimeoutExtension.intercept(TimeoutExtension.java:156)
	at app//org.junit.jupiter.engine.extension.TimeoutExtension.interceptTestableMethod(TimeoutExtension.java:147)
	at app//org.junit.jupiter.engine.extension.TimeoutExtension.interceptTestMethod(TimeoutExtension.java:86)
	at app//org.junit.jupiter.engine.execution.InterceptingExecutableInvoker$ReflectiveInterceptorCall.lambda$ofVoidMethod$0(InterceptingExecutableInvoker.java:103)
	at app//org.junit.jupiter.engine.execution.InterceptingExecutableInvoker.lambda$invoke$0(InterceptingExecutableInvoker.java:93)
	at app//org.junit.jupiter.engine.execution.InvocationInterceptorChain$InterceptedInvocation.proceed(InvocationInterceptorChain.java:106)
	at app//org.junit.jupiter.engine.execution.InvocationInterceptorChain.proceed(InvocationInterceptorChain.java:64)
	at app//org.junit.jupiter.engine.execution.InvocationInterceptorChain.chainAndInvoke(InvocationInterceptorChain.java:45)
	at app//org.junit.jupiter.engine.execution.InvocationInterceptorChain.invoke(InvocationInterceptorChain.java:37)
	at app//org.junit.jupiter.engine.execution.InterceptingExecutableInvoker.invoke(InterceptingExecutableInvoker.java:92)
	at app//org.junit.jupiter.engine.execution.InterceptingExecutableInvoker.invoke(InterceptingExecutableInvoker.java:86)
	at app//org.junit.jupiter.engine.descriptor.TestMethodTestDescriptor.lambda$invokeTestMethod$7(TestMethodTestDescriptor.java:217)
	at app//org.junit.platform.engine.support.hierarchical.ThrowableCollector.execute(ThrowableCollector.java:73)
	at app//org.junit.jupiter.engine.descriptor.TestMethodTestDescriptor.invokeTestMethod(TestMethodTestDescriptor.java:213)
	at app//org.junit.jupiter.engine.descriptor.TestMethodTestDescriptor.execute(TestMethodTestDescriptor.java:138)
	at app//org.junit.jupiter.engine.descriptor.TestMethodTestDescriptor.execute(TestMethodTestDescriptor.java:68)
	at app//org.junit.platform.engine.support.hierarchical.NodeTestTask.lambda$executeRecursively$6(NodeTestTask.java:151)
	at app//org.junit.platform.engine.support.hierarchical.ThrowableCollector.execute(ThrowableCollector.java:73)
	at app//org.junit.platform.engine.support.hierarchical.NodeTestTask.lambda$executeRecursively$8(NodeTestTask.java:141)
	at app//org.junit.platform.engine.support.hierarchical.Node.around(Node.java:137)
	at app//org.junit.platform.engine.support.hierarchical.NodeTestTask.lambda$executeRecursively$9(NodeTestTask.java:139)
	at app//org.junit.platform.engine.support.hierarchical.ThrowableCollector.execute(ThrowableCollector.java:73)
	at app//org.junit.platform.engine.support.hierarchical.NodeTestTask.executeRecursively(NodeTestTask.java:138)
	at app//org.junit.platform.engine.support.hierarchical.NodeTestTask.execute(NodeTestTask.java:95)
	at java.base@17.0.7/java.util.ArrayList.forEach(ArrayList.java:1511)
	at app//org.junit.platform.engine.support.hierarchical.SameThreadHierarchicalTestExecutorService.invokeAll(SameThreadHierarchicalTestExecutorService.java:41)
	at app//org.junit.platform.engine.support.hierarchical.NodeTestTask.lambda$executeRecursively$6(NodeTestTask.java:155)
	at app//org.junit.platform.engine.support.hierarchical.ThrowableCollector.execute(ThrowableCollector.java:73)
	at app//org.junit.platform.engine.support.hierarchical.NodeTestTask.lambda$executeRecursively$8(NodeTestTask.java:141)
	at app//org.junit.platform.engine.support.hierarchical.Node.around(Node.java:137)
	at app//org.junit.platform.engine.support.hierarchical.NodeTestTask.lambda$executeRecursively$9(NodeTestTask.java:139)
	at app//org.junit.platform.engine.support.hierarchical.ThrowableCollector.execute(ThrowableCollector.java:73)
	at app//org.junit.platform.engine.support.hierarchical.NodeTestTask.executeRecursively(NodeTestTask.java:138)
	at app//org.junit.platform.engine.support.hierarchical.NodeTestTask.execute(NodeTestTask.java:95)
	at java.base@17.0.7/java.util.ArrayList.forEach(ArrayList.java:1511)
	at app//org.junit.platform.engine.support.hierarchical.SameThreadHierarchicalTestExecutorService.invokeAll(SameThreadHierarchicalTestExecutorService.java:41)
	at app//org.junit.platform.engine.support.hierarchical.NodeTestTask.lambda$executeRecursively$6(NodeTestTask.java:155)
	at app//org.junit.platform.engine.support.hierarchical.ThrowableCollector.execute(ThrowableCollector.java:73)
	at app//org.junit.platform.engine.support.hierarchical.NodeTestTask.lambda$executeRecursively$8(NodeTestTask.java:141)
	at app//org.junit.platform.engine.support.hierarchical.Node.around(Node.java:137)
	at app//org.junit.platform.engine.support.hierarchical.NodeTestTask.lambda$executeRecursively$9(NodeTestTask.java:139)
	at app//org.junit.platform.engine.support.hierarchical.ThrowableCollector.execute(ThrowableCollector.java:73)
	at app//org.junit.platform.engine.support.hierarchical.NodeTestTask.executeRecursively(NodeTestTask.java:138)
	at app//org.junit.platform.engine.support.hierarchical.NodeTestTask.execute(NodeTestTask.java:95)
	at app//org.junit.platform.engine.support.hierarchical.SameThreadHierarchicalTestExecutorService.submit(SameThreadHierarchicalTestExecutorService.java:35)
	at app//org.junit.platform.engine.support.hierarchical.HierarchicalTestExecutor.execute(HierarchicalTestExecutor.java:57)
	at app//org.junit.platform.engine.support.hierarchical.HierarchicalTestEngine.execute(HierarchicalTestEngine.java:54)
	at app//org.junit.platform.launcher.core.EngineExecutionOrchestrator.execute(EngineExecutionOrchestrator.java:107)
	at app//org.junit.platform.launcher.core.EngineExecutionOrchestrator.execute(EngineExecutionOrchestrator.java:88)
	at app//org.junit.platform.launcher.core.EngineExecutionOrchestrator.lambda$execute$0(EngineExecutionOrchestrator.java:54)
	at app//org.junit.platform.launcher.core.EngineExecutionOrchestrator.withInterceptedStreams(EngineExecutionOrchestrator.java:67)
	at app//org.junit.platform.launcher.core.EngineExecutionOrchestrator.execute(EngineExecutionOrchestrator.java:52)
	at app//org.junit.platform.launcher.core.DefaultLauncher.execute(DefaultLauncher.java:114)
	at app//org.junit.platform.launcher.core.DefaultLauncher.execute(DefaultLauncher.java:86)
	at app//org.junit.platform.launcher.core.DefaultLauncherSession$DelegatingLauncher.execute(DefaultLauncherSession.java:86)
	at org.gradle.api.internal.tasks.testing.junitplatform.JUnitPlatformTestClassProcessor$CollectAllTestClassesExecutor.processAllTestClasses(JUnitPlatformTestClassProcessor.java:110)
	at org.gradle.api.internal.tasks.testing.junitplatform.JUnitPlatformTestClassProcessor$CollectAllTestClassesExecutor.access$000(JUnitPlatformTestClassProcessor.java:90)
	at org.gradle.api.internal.tasks.testing.junitplatform.JUnitPlatformTestClassProcessor.stop(JUnitPlatformTestClassProcessor.java:85)
	at org.gradle.api.internal.tasks.testing.SuiteTestClassProcessor.stop(SuiteTestClassProcessor.java:62)
	at java.base@17.0.7/jdk.internal.reflect.NativeMethodAccessorImpl.invoke0(Native Method)
	at java.base@17.0.7/jdk.internal.reflect.NativeMethodAccessorImpl.invoke(NativeMethodAccessorImpl.java:77)
	at java.base@17.0.7/jdk.internal.reflect.DelegatingMethodAccessorImpl.invoke(DelegatingMethodAccessorImpl.java:43)
	at java.base@17.0.7/java.lang.reflect.Method.invoke(Method.java:568)
	at org.gradle.internal.dispatch.ReflectionDispatch.dispatch(ReflectionDispatch.java:36)
	at org.gradle.internal.dispatch.ReflectionDispatch.dispatch(ReflectionDispatch.java:24)
	at org.gradle.internal.dispatch.ContextClassLoaderDispatch.dispatch(ContextClassLoaderDispatch.java:33)
	at org.gradle.internal.dispatch.ProxyDispatchAdapter$DispatchingInvocationHandler.invoke(ProxyDispatchAdapter.java:94)
	at jdk.proxy2/jdk.proxy2.$Proxy5.stop(Unknown Source)
	at org.gradle.api.internal.tasks.testing.worker.TestWorker$3.run(TestWorker.java:193)
	at org.gradle.api.internal.tasks.testing.worker.TestWorker.executeAndMaintainThreadName(TestWorker.java:129)
	at org.gradle.api.internal.tasks.testing.worker.TestWorker.execute(TestWorker.java:100)
	at org.gradle.api.internal.tasks.testing.worker.TestWorker.execute(TestWorker.java:60)
	at org.gradle.process.internal.worker.child.ActionExecutionWorker.execute(ActionExecutionWorker.java:56)
	at org.gradle.process.internal.worker.child.SystemApplicationClassLoaderWorker.call(SystemApplicationClassLoaderWorker.java:113)
	at org.gradle.process.internal.worker.child.SystemApplicationClassLoaderWorker.call(SystemApplicationClassLoaderWorker.java:65)
	at app//worker.org.gradle.process.internal.worker.GradleWorkerMain.run(GradleWorkerMain.java:69)
	at app//worker.org.gradle.process.internal.worker.GradleWorkerMain.main(GradleWorkerMain.java:74)
</failure>
  </testcase>
  <testcase name="testQueryBasic_8()" classname="de.uka.ilkd.key.parser.TestTermParserHeap" time="0.01">
    <failure message="Could not find (program) variable or constant getNext at &lt;unknown&gt;:1:33 (&lt;unknown&gt;:1:33)" type="de.uka.ilkd.key.util.parsing.BuildingException">Could not find (program) variable or constant getNext at &lt;unknown&gt;:1:33 (&lt;unknown&gt;:1:33)
	at app//de.uka.ilkd.key.nparser.builder.AbstractBuilder.semanticError(AbstractBuilder.java:179)
	at app//de.uka.ilkd.key.nparser.builder.DefaultBuilder.lookupVarfuncId(DefaultBuilder.java:174)
	at app//de.uka.ilkd.key.nparser.builder.ExpressionBuilder.visitAccessterm(ExpressionBuilder.java:1443)
	at app//de.uka.ilkd.key.nparser.builder.ExpressionBuilder.visitAccessterm(ExpressionBuilder.java:49)
	at app//de.uka.ilkd.key.nparser.KeYParser$AccesstermContext.accept(KeYParser.java:6174)
	at app//org.antlr.v4.runtime.tree.AbstractParseTreeVisitor.visitChildren(AbstractParseTreeVisitor.java:46)
	at app//de.uka.ilkd.key.nparser.KeYParserBaseVisitor.visitPrimitive_term(KeYParserBaseVisitor.java:542)
	at app//de.uka.ilkd.key.nparser.KeYParser$Primitive_termContext.accept(KeYParser.java:6074)
	at app//de.uka.ilkd.key.nparser.builder.AbstractBuilder.accept(AbstractBuilder.java:48)
	at app//de.uka.ilkd.key.nparser.builder.DefaultBuilder.accept(DefaultBuilder.java:35)
	at app//de.uka.ilkd.key.nparser.builder.ExpressionBuilder.visitPrimitive_labeled_term(ExpressionBuilder.java:877)
	at app//de.uka.ilkd.key.nparser.KeYParser$Primitive_labeled_termContext.accept(KeYParser.java:5877)
	at app//de.uka.ilkd.key.nparser.builder.AbstractBuilder.accept(AbstractBuilder.java:48)
	at app//de.uka.ilkd.key.nparser.builder.DefaultBuilder.accept(DefaultBuilder.java:35)
	at app//de.uka.ilkd.key.nparser.builder.ExpressionBuilder.visitBracket_term(ExpressionBuilder.java:403)
	at app//de.uka.ilkd.key.nparser.KeYParser$Bracket_termContext.accept(KeYParser.java:5527)
	at app//org.antlr.v4.runtime.tree.AbstractParseTreeVisitor.visitChildren(AbstractParseTreeVisitor.java:46)
	at app//de.uka.ilkd.key.nparser.KeYParserBaseVisitor.visitAtom_prefix(KeYParserBaseVisitor.java:472)
	at app//de.uka.ilkd.key.nparser.KeYParser$Atom_prefixContext.accept(KeYParser.java:5429)
	at app//de.uka.ilkd.key.nparser.builder.AbstractBuilder.accept(AbstractBuilder.java:48)
	at app//de.uka.ilkd.key.nparser.builder.DefaultBuilder.accept(DefaultBuilder.java:35)
	at app//de.uka.ilkd.key.nparser.builder.ExpressionBuilder.visitStrong_arith_term_2(ExpressionBuilder.java:382)
	at app//de.uka.ilkd.key.nparser.KeYParser$Strong_arith_term_2Context.accept(KeYParser.java:5035)
	at app//de.uka.ilkd.key.nparser.builder.AbstractBuilder.accept(AbstractBuilder.java:48)
	at app//de.uka.ilkd.key.nparser.builder.DefaultBuilder.accept(DefaultBuilder.java:35)
	at app//de.uka.ilkd.key.nparser.builder.ExpressionBuilder.visitStrong_arith_term_1(ExpressionBuilder.java:368)
	at app//de.uka.ilkd.key.nparser.KeYParser$Strong_arith_term_1Context.accept(KeYParser.java:4963)
	at app//de.uka.ilkd.key.nparser.builder.AbstractBuilder.accept(AbstractBuilder.java:48)
	at app//de.uka.ilkd.key.nparser.builder.DefaultBuilder.accept(DefaultBuilder.java:35)
	at app//de.uka.ilkd.key.nparser.builder.ExpressionBuilder.visitWeak_arith_term(ExpressionBuilder.java:331)
	at app//de.uka.ilkd.key.nparser.KeYParser$Weak_arith_termContext.accept(KeYParser.java:4877)
	at app//de.uka.ilkd.key.nparser.builder.AbstractBuilder.accept(AbstractBuilder.java:48)
	at app//de.uka.ilkd.key.nparser.builder.DefaultBuilder.accept(DefaultBuilder.java:35)
	at app//de.uka.ilkd.key.nparser.builder.ExpressionBuilder.visitComparison_term(ExpressionBuilder.java:305)
	at app//de.uka.ilkd.key.nparser.KeYParser$Comparison_termContext.accept(KeYParser.java:4793)
	at app//de.uka.ilkd.key.nparser.builder.AbstractBuilder.accept(AbstractBuilder.java:48)
	at app//de.uka.ilkd.key.nparser.builder.DefaultBuilder.accept(DefaultBuilder.java:35)
	at app//de.uka.ilkd.key.nparser.builder.ExpressionBuilder.visitEquality_term(ExpressionBuilder.java:294)
	at app//de.uka.ilkd.key.nparser.builder.ExpressionBuilder.visitEquality_term(ExpressionBuilder.java:49)
	at app//de.uka.ilkd.key.nparser.KeYParser$Equality_termContext.accept(KeYParser.java:4718)
	at app//org.antlr.v4.runtime.tree.AbstractParseTreeVisitor.visitChildren(AbstractParseTreeVisitor.java:46)
	at app//de.uka.ilkd.key.nparser.KeYParserBaseVisitor.visitTerm60(KeYParserBaseVisitor.java:381)
	at app//de.uka.ilkd.key.nparser.KeYParser$Term60Context.accept(KeYParser.java:4485)
	at app//de.uka.ilkd.key.nparser.builder.AbstractBuilder.accept(AbstractBuilder.java:48)
	at app//de.uka.ilkd.key.nparser.builder.DefaultBuilder.accept(DefaultBuilder.java:35)
	at app//de.uka.ilkd.key.nparser.builder.ExpressionBuilder.visitConjunction_term(ExpressionBuilder.java:238)
	at app//de.uka.ilkd.key.nparser.builder.ExpressionBuilder.visitConjunction_term(ExpressionBuilder.java:49)
	at app//de.uka.ilkd.key.nparser.KeYParser$Conjunction_termContext.accept(KeYParser.java:4419)
	at app//de.uka.ilkd.key.nparser.builder.AbstractBuilder.accept(AbstractBuilder.java:48)
	at app//de.uka.ilkd.key.nparser.builder.DefaultBuilder.accept(DefaultBuilder.java:35)
	at app//de.uka.ilkd.key.nparser.builder.ExpressionBuilder.visitDisjunction_term(ExpressionBuilder.java:229)
	at app//de.uka.ilkd.key.nparser.builder.ExpressionBuilder.visitDisjunction_term(ExpressionBuilder.java:49)
	at app//de.uka.ilkd.key.nparser.KeYParser$Disjunction_termContext.accept(KeYParser.java:4346)
	at app//de.uka.ilkd.key.nparser.builder.AbstractBuilder.accept(AbstractBuilder.java:48)
	at app//de.uka.ilkd.key.nparser.builder.DefaultBuilder.accept(DefaultBuilder.java:35)
	at app//de.uka.ilkd.key.nparser.builder.ExpressionBuilder.visitImplication_term(ExpressionBuilder.java:222)
	at app//de.uka.ilkd.key.nparser.builder.ExpressionBuilder.visitImplication_term(ExpressionBuilder.java:49)
	at app//de.uka.ilkd.key.nparser.KeYParser$Implication_termContext.accept(KeYParser.java:4278)
	at app//de.uka.ilkd.key.nparser.builder.AbstractBuilder.accept(AbstractBuilder.java:48)
	at app//de.uka.ilkd.key.nparser.builder.DefaultBuilder.accept(DefaultBuilder.java:35)
	at app//de.uka.ilkd.key.nparser.builder.ExpressionBuilder.visitEquivalence_term(ExpressionBuilder.java:198)
	at app//de.uka.ilkd.key.nparser.builder.ExpressionBuilder.visitEquivalence_term(ExpressionBuilder.java:49)
	at app//de.uka.ilkd.key.nparser.KeYParser$Equivalence_termContext.accept(KeYParser.java:4209)
	at app//de.uka.ilkd.key.nparser.builder.AbstractBuilder.accept(AbstractBuilder.java:48)
	at app//de.uka.ilkd.key.nparser.builder.DefaultBuilder.accept(DefaultBuilder.java:35)
	at app//de.uka.ilkd.key.nparser.builder.ExpressionBuilder.visitElementary_update_term(ExpressionBuilder.java:188)
	at app//de.uka.ilkd.key.nparser.builder.ExpressionBuilder.visitElementary_update_term(ExpressionBuilder.java:49)
	at app//de.uka.ilkd.key.nparser.KeYParser$Elementary_update_termContext.accept(KeYParser.java:4142)
	at app//de.uka.ilkd.key.nparser.builder.AbstractBuilder.lambda$mapOf$0(AbstractBuilder.java:124)
	at java.base@17.0.7/java.util.stream.ReferencePipeline$3$1.accept(ReferencePipeline.java:197)
	at java.base@17.0.7/java.util.ArrayList$ArrayListSpliterator.forEachRemaining(ArrayList.java:1625)
	at java.base@17.0.7/java.util.stream.AbstractPipeline.copyInto(AbstractPipeline.java:509)
	at java.base@17.0.7/java.util.stream.AbstractPipeline.wrapAndCopyInto(AbstractPipeline.java:499)
	at java.base@17.0.7/java.util.stream.ReduceOps$ReduceOp.evaluateSequential(ReduceOps.java:921)
	at java.base@17.0.7/java.util.stream.AbstractPipeline.evaluate(AbstractPipeline.java:234)
	at java.base@17.0.7/java.util.stream.ReferencePipeline.collect(ReferencePipeline.java:682)
	at app//de.uka.ilkd.key.nparser.builder.AbstractBuilder.mapOf(AbstractBuilder.java:124)
	at app//de.uka.ilkd.key.nparser.builder.ExpressionBuilder.visitParallel_term(ExpressionBuilder.java:173)
	at app//de.uka.ilkd.key.nparser.builder.ExpressionBuilder.visitParallel_term(ExpressionBuilder.java:49)
	at app//de.uka.ilkd.key.nparser.KeYParser$Parallel_termContext.accept(KeYParser.java:4074)
	at app//org.antlr.v4.runtime.tree.AbstractParseTreeVisitor.visitChildren(AbstractParseTreeVisitor.java:46)
	at app//de.uka.ilkd.key.nparser.KeYParserBaseVisitor.visitTerm(KeYParserBaseVisitor.java:332)
	at app//de.uka.ilkd.key.nparser.KeYParser$TermContext.accept(KeYParser.java:4020)
	at app//de.uka.ilkd.key.nparser.builder.AbstractBuilder.lambda$mapOf$0(AbstractBuilder.java:124)
	at java.base@17.0.7/java.util.stream.ReferencePipeline$3$1.accept(ReferencePipeline.java:197)
	at java.base@17.0.7/java.util.ArrayList$ArrayListSpliterator.forEachRemaining(ArrayList.java:1625)
	at java.base@17.0.7/java.util.stream.AbstractPipeline.copyInto(AbstractPipeline.java:509)
	at java.base@17.0.7/java.util.stream.AbstractPipeline.wrapAndCopyInto(AbstractPipeline.java:499)
	at java.base@17.0.7/java.util.stream.ReduceOps$ReduceOp.evaluateSequential(ReduceOps.java:921)
	at java.base@17.0.7/java.util.stream.AbstractPipeline.evaluate(AbstractPipeline.java:234)
	at java.base@17.0.7/java.util.stream.ReferencePipeline.collect(ReferencePipeline.java:682)
	at app//de.uka.ilkd.key.nparser.builder.AbstractBuilder.mapOf(AbstractBuilder.java:124)
	at app//de.uka.ilkd.key.nparser.builder.ExpressionBuilder.visitArgument_list(ExpressionBuilder.java:1095)
	at app//de.uka.ilkd.key.nparser.builder.ExpressionBuilder.visitArgument_list(ExpressionBuilder.java:49)
	at app//de.uka.ilkd.key.nparser.KeYParser$Argument_listContext.accept(KeYParser.java:7173)
	at app//de.uka.ilkd.key.nparser.builder.AbstractBuilder.accept(AbstractBuilder.java:48)
	at app//de.uka.ilkd.key.nparser.builder.DefaultBuilder.accept(DefaultBuilder.java:35)
	at app//de.uka.ilkd.key.nparser.builder.ExpressionBuilder.visitArguments(ExpressionBuilder.java:1488)
	at app//de.uka.ilkd.key.nparser.builder.ExpressionBuilder.visitAccessterm(ExpressionBuilder.java:1421)
	at app//de.uka.ilkd.key.nparser.builder.ExpressionBuilder.visitAccessterm(ExpressionBuilder.java:49)
	at app//de.uka.ilkd.key.nparser.KeYParser$AccesstermContext.accept(KeYParser.java:6174)
	at app//org.antlr.v4.runtime.tree.AbstractParseTreeVisitor.visitChildren(AbstractParseTreeVisitor.java:46)
	at app//de.uka.ilkd.key.nparser.KeYParserBaseVisitor.visitPrimitive_term(KeYParserBaseVisitor.java:542)
	at app//de.uka.ilkd.key.nparser.KeYParser$Primitive_termContext.accept(KeYParser.java:6074)
	at app//de.uka.ilkd.key.nparser.builder.AbstractBuilder.accept(AbstractBuilder.java:48)
	at app//de.uka.ilkd.key.nparser.builder.DefaultBuilder.accept(DefaultBuilder.java:35)
	at app//de.uka.ilkd.key.nparser.builder.ExpressionBuilder.visitPrimitive_labeled_term(ExpressionBuilder.java:877)
	at app//de.uka.ilkd.key.nparser.KeYParser$Primitive_labeled_termContext.accept(KeYParser.java:5877)
	at app//de.uka.ilkd.key.nparser.builder.AbstractBuilder.accept(AbstractBuilder.java:48)
	at app//de.uka.ilkd.key.nparser.builder.DefaultBuilder.accept(DefaultBuilder.java:35)
	at app//de.uka.ilkd.key.nparser.builder.ExpressionBuilder.visitBracket_term(ExpressionBuilder.java:403)
	at app//de.uka.ilkd.key.nparser.KeYParser$Bracket_termContext.accept(KeYParser.java:5527)
	at app//org.antlr.v4.runtime.tree.AbstractParseTreeVisitor.visitChildren(AbstractParseTreeVisitor.java:46)
	at app//de.uka.ilkd.key.nparser.KeYParserBaseVisitor.visitAtom_prefix(KeYParserBaseVisitor.java:472)
	at app//de.uka.ilkd.key.nparser.KeYParser$Atom_prefixContext.accept(KeYParser.java:5429)
	at app//de.uka.ilkd.key.nparser.builder.AbstractBuilder.accept(AbstractBuilder.java:48)
	at app//de.uka.ilkd.key.nparser.builder.DefaultBuilder.accept(DefaultBuilder.java:35)
	at app//de.uka.ilkd.key.nparser.builder.ExpressionBuilder.visitStrong_arith_term_2(ExpressionBuilder.java:382)
	at app//de.uka.ilkd.key.nparser.KeYParser$Strong_arith_term_2Context.accept(KeYParser.java:5035)
	at app//de.uka.ilkd.key.nparser.builder.AbstractBuilder.accept(AbstractBuilder.java:48)
	at app//de.uka.ilkd.key.nparser.builder.DefaultBuilder.accept(DefaultBuilder.java:35)
	at app//de.uka.ilkd.key.nparser.builder.ExpressionBuilder.visitStrong_arith_term_1(ExpressionBuilder.java:368)
	at app//de.uka.ilkd.key.nparser.KeYParser$Strong_arith_term_1Context.accept(KeYParser.java:4963)
	at app//de.uka.ilkd.key.nparser.builder.AbstractBuilder.accept(AbstractBuilder.java:48)
	at app//de.uka.ilkd.key.nparser.builder.DefaultBuilder.accept(DefaultBuilder.java:35)
	at app//de.uka.ilkd.key.nparser.builder.ExpressionBuilder.visitWeak_arith_term(ExpressionBuilder.java:331)
	at app//de.uka.ilkd.key.nparser.KeYParser$Weak_arith_termContext.accept(KeYParser.java:4877)
	at app//de.uka.ilkd.key.nparser.builder.AbstractBuilder.accept(AbstractBuilder.java:48)
	at app//de.uka.ilkd.key.nparser.builder.DefaultBuilder.accept(DefaultBuilder.java:35)
	at app//de.uka.ilkd.key.nparser.builder.ExpressionBuilder.visitComparison_term(ExpressionBuilder.java:305)
	at app//de.uka.ilkd.key.nparser.KeYParser$Comparison_termContext.accept(KeYParser.java:4793)
	at app//de.uka.ilkd.key.nparser.builder.AbstractBuilder.accept(AbstractBuilder.java:48)
	at app//de.uka.ilkd.key.nparser.builder.DefaultBuilder.accept(DefaultBuilder.java:35)
	at app//de.uka.ilkd.key.nparser.builder.ExpressionBuilder.visitEquality_term(ExpressionBuilder.java:294)
	at app//de.uka.ilkd.key.nparser.builder.ExpressionBuilder.visitEquality_term(ExpressionBuilder.java:49)
	at app//de.uka.ilkd.key.nparser.KeYParser$Equality_termContext.accept(KeYParser.java:4718)
	at app//org.antlr.v4.runtime.tree.AbstractParseTreeVisitor.visitChildren(AbstractParseTreeVisitor.java:46)
	at app//de.uka.ilkd.key.nparser.KeYParserBaseVisitor.visitTerm60(KeYParserBaseVisitor.java:381)
	at app//de.uka.ilkd.key.nparser.KeYParser$Term60Context.accept(KeYParser.java:4485)
	at app//de.uka.ilkd.key.nparser.builder.AbstractBuilder.accept(AbstractBuilder.java:48)
	at app//de.uka.ilkd.key.nparser.builder.DefaultBuilder.accept(DefaultBuilder.java:35)
	at app//de.uka.ilkd.key.nparser.builder.ExpressionBuilder.visitConjunction_term(ExpressionBuilder.java:238)
	at app//de.uka.ilkd.key.nparser.builder.ExpressionBuilder.visitConjunction_term(ExpressionBuilder.java:49)
	at app//de.uka.ilkd.key.nparser.KeYParser$Conjunction_termContext.accept(KeYParser.java:4419)
	at app//de.uka.ilkd.key.nparser.builder.AbstractBuilder.accept(AbstractBuilder.java:48)
	at app//de.uka.ilkd.key.nparser.builder.DefaultBuilder.accept(DefaultBuilder.java:35)
	at app//de.uka.ilkd.key.nparser.builder.ExpressionBuilder.visitDisjunction_term(ExpressionBuilder.java:229)
	at app//de.uka.ilkd.key.nparser.builder.ExpressionBuilder.visitDisjunction_term(ExpressionBuilder.java:49)
	at app//de.uka.ilkd.key.nparser.KeYParser$Disjunction_termContext.accept(KeYParser.java:4346)
	at app//de.uka.ilkd.key.nparser.builder.AbstractBuilder.accept(AbstractBuilder.java:48)
	at app//de.uka.ilkd.key.nparser.builder.DefaultBuilder.accept(DefaultBuilder.java:35)
	at app//de.uka.ilkd.key.nparser.builder.ExpressionBuilder.visitImplication_term(ExpressionBuilder.java:222)
	at app//de.uka.ilkd.key.nparser.builder.ExpressionBuilder.visitImplication_term(ExpressionBuilder.java:49)
	at app//de.uka.ilkd.key.nparser.KeYParser$Implication_termContext.accept(KeYParser.java:4278)
	at app//de.uka.ilkd.key.nparser.builder.AbstractBuilder.accept(AbstractBuilder.java:48)
	at app//de.uka.ilkd.key.nparser.builder.DefaultBuilder.accept(DefaultBuilder.java:35)
	at app//de.uka.ilkd.key.nparser.builder.ExpressionBuilder.visitEquivalence_term(ExpressionBuilder.java:198)
	at app//de.uka.ilkd.key.nparser.builder.ExpressionBuilder.visitEquivalence_term(ExpressionBuilder.java:49)
	at app//de.uka.ilkd.key.nparser.KeYParser$Equivalence_termContext.accept(KeYParser.java:4209)
	at app//de.uka.ilkd.key.nparser.builder.AbstractBuilder.accept(AbstractBuilder.java:48)
	at app//de.uka.ilkd.key.nparser.builder.DefaultBuilder.accept(DefaultBuilder.java:35)
	at app//de.uka.ilkd.key.nparser.builder.ExpressionBuilder.visitElementary_update_term(ExpressionBuilder.java:188)
	at app//de.uka.ilkd.key.nparser.builder.ExpressionBuilder.visitElementary_update_term(ExpressionBuilder.java:49)
	at app//de.uka.ilkd.key.nparser.KeYParser$Elementary_update_termContext.accept(KeYParser.java:4142)
	at app//de.uka.ilkd.key.nparser.builder.AbstractBuilder.lambda$mapOf$0(AbstractBuilder.java:124)
	at java.base@17.0.7/java.util.stream.ReferencePipeline$3$1.accept(ReferencePipeline.java:197)
	at java.base@17.0.7/java.util.ArrayList$ArrayListSpliterator.forEachRemaining(ArrayList.java:1625)
	at java.base@17.0.7/java.util.stream.AbstractPipeline.copyInto(AbstractPipeline.java:509)
	at java.base@17.0.7/java.util.stream.AbstractPipeline.wrapAndCopyInto(AbstractPipeline.java:499)
	at java.base@17.0.7/java.util.stream.ReduceOps$ReduceOp.evaluateSequential(ReduceOps.java:921)
	at java.base@17.0.7/java.util.stream.AbstractPipeline.evaluate(AbstractPipeline.java:234)
	at java.base@17.0.7/java.util.stream.ReferencePipeline.collect(ReferencePipeline.java:682)
	at app//de.uka.ilkd.key.nparser.builder.AbstractBuilder.mapOf(AbstractBuilder.java:124)
	at app//de.uka.ilkd.key.nparser.builder.ExpressionBuilder.visitParallel_term(ExpressionBuilder.java:173)
	at app//de.uka.ilkd.key.nparser.builder.ExpressionBuilder.visitParallel_term(ExpressionBuilder.java:49)
	at app//de.uka.ilkd.key.nparser.KeYParser$Parallel_termContext.accept(KeYParser.java:4074)
	at app//org.antlr.v4.runtime.tree.AbstractParseTreeVisitor.visitChildren(AbstractParseTreeVisitor.java:46)
	at app//de.uka.ilkd.key.nparser.KeYParserBaseVisitor.visitTerm(KeYParserBaseVisitor.java:332)
	at app//de.uka.ilkd.key.nparser.KeYParser$TermContext.accept(KeYParser.java:4020)
	at app//de.uka.ilkd.key.nparser.KeyAst.accept(KeyAst.java:43)
	at app//de.uka.ilkd.key.nparser.KeyIO.parseExpression(KeyIO.java:96)
	at app//de.uka.ilkd.key.nparser.KeyIO.parseExpression(KeyIO.java:79)
	at app//de.uka.ilkd.key.parser.AbstractTestTermParser.parseTerm(AbstractTestTermParser.java:74)
	at app//de.uka.ilkd.key.parser.AbstractTestTermParser.comparePrettySyntaxAgainstVerboseSyntax(AbstractTestTermParser.java:141)
	at app//de.uka.ilkd.key.parser.TestTermParserHeap.testQueryBasic_8(TestTermParserHeap.java:308)
	at java.base@17.0.7/jdk.internal.reflect.NativeMethodAccessorImpl.invoke0(Native Method)
	at java.base@17.0.7/jdk.internal.reflect.NativeMethodAccessorImpl.invoke(NativeMethodAccessorImpl.java:77)
	at java.base@17.0.7/jdk.internal.reflect.DelegatingMethodAccessorImpl.invoke(DelegatingMethodAccessorImpl.java:43)
	at java.base@17.0.7/java.lang.reflect.Method.invoke(Method.java:568)
	at app//org.junit.platform.commons.util.ReflectionUtils.invokeMethod(ReflectionUtils.java:727)
	at app//org.junit.jupiter.engine.execution.MethodInvocation.proceed(MethodInvocation.java:60)
	at app//org.junit.jupiter.engine.execution.InvocationInterceptorChain$ValidatingInvocation.proceed(InvocationInterceptorChain.java:131)
	at app//org.junit.jupiter.engine.extension.TimeoutExtension.intercept(TimeoutExtension.java:156)
	at app//org.junit.jupiter.engine.extension.TimeoutExtension.interceptTestableMethod(TimeoutExtension.java:147)
	at app//org.junit.jupiter.engine.extension.TimeoutExtension.interceptTestMethod(TimeoutExtension.java:86)
	at app//org.junit.jupiter.engine.execution.InterceptingExecutableInvoker$ReflectiveInterceptorCall.lambda$ofVoidMethod$0(InterceptingExecutableInvoker.java:103)
	at app//org.junit.jupiter.engine.execution.InterceptingExecutableInvoker.lambda$invoke$0(InterceptingExecutableInvoker.java:93)
	at app//org.junit.jupiter.engine.execution.InvocationInterceptorChain$InterceptedInvocation.proceed(InvocationInterceptorChain.java:106)
	at app//org.junit.jupiter.engine.execution.InvocationInterceptorChain.proceed(InvocationInterceptorChain.java:64)
	at app//org.junit.jupiter.engine.execution.InvocationInterceptorChain.chainAndInvoke(InvocationInterceptorChain.java:45)
	at app//org.junit.jupiter.engine.execution.InvocationInterceptorChain.invoke(InvocationInterceptorChain.java:37)
	at app//org.junit.jupiter.engine.execution.InterceptingExecutableInvoker.invoke(InterceptingExecutableInvoker.java:92)
	at app//org.junit.jupiter.engine.execution.InterceptingExecutableInvoker.invoke(InterceptingExecutableInvoker.java:86)
	at app//org.junit.jupiter.engine.descriptor.TestMethodTestDescriptor.lambda$invokeTestMethod$7(TestMethodTestDescriptor.java:217)
	at app//org.junit.platform.engine.support.hierarchical.ThrowableCollector.execute(ThrowableCollector.java:73)
	at app//org.junit.jupiter.engine.descriptor.TestMethodTestDescriptor.invokeTestMethod(TestMethodTestDescriptor.java:213)
	at app//org.junit.jupiter.engine.descriptor.TestMethodTestDescriptor.execute(TestMethodTestDescriptor.java:138)
	at app//org.junit.jupiter.engine.descriptor.TestMethodTestDescriptor.execute(TestMethodTestDescriptor.java:68)
	at app//org.junit.platform.engine.support.hierarchical.NodeTestTask.lambda$executeRecursively$6(NodeTestTask.java:151)
	at app//org.junit.platform.engine.support.hierarchical.ThrowableCollector.execute(ThrowableCollector.java:73)
	at app//org.junit.platform.engine.support.hierarchical.NodeTestTask.lambda$executeRecursively$8(NodeTestTask.java:141)
	at app//org.junit.platform.engine.support.hierarchical.Node.around(Node.java:137)
	at app//org.junit.platform.engine.support.hierarchical.NodeTestTask.lambda$executeRecursively$9(NodeTestTask.java:139)
	at app//org.junit.platform.engine.support.hierarchical.ThrowableCollector.execute(ThrowableCollector.java:73)
	at app//org.junit.platform.engine.support.hierarchical.NodeTestTask.executeRecursively(NodeTestTask.java:138)
	at app//org.junit.platform.engine.support.hierarchical.NodeTestTask.execute(NodeTestTask.java:95)
	at java.base@17.0.7/java.util.ArrayList.forEach(ArrayList.java:1511)
	at app//org.junit.platform.engine.support.hierarchical.SameThreadHierarchicalTestExecutorService.invokeAll(SameThreadHierarchicalTestExecutorService.java:41)
	at app//org.junit.platform.engine.support.hierarchical.NodeTestTask.lambda$executeRecursively$6(NodeTestTask.java:155)
	at app//org.junit.platform.engine.support.hierarchical.ThrowableCollector.execute(ThrowableCollector.java:73)
	at app//org.junit.platform.engine.support.hierarchical.NodeTestTask.lambda$executeRecursively$8(NodeTestTask.java:141)
	at app//org.junit.platform.engine.support.hierarchical.Node.around(Node.java:137)
	at app//org.junit.platform.engine.support.hierarchical.NodeTestTask.lambda$executeRecursively$9(NodeTestTask.java:139)
	at app//org.junit.platform.engine.support.hierarchical.ThrowableCollector.execute(ThrowableCollector.java:73)
	at app//org.junit.platform.engine.support.hierarchical.NodeTestTask.executeRecursively(NodeTestTask.java:138)
	at app//org.junit.platform.engine.support.hierarchical.NodeTestTask.execute(NodeTestTask.java:95)
	at java.base@17.0.7/java.util.ArrayList.forEach(ArrayList.java:1511)
	at app//org.junit.platform.engine.support.hierarchical.SameThreadHierarchicalTestExecutorService.invokeAll(SameThreadHierarchicalTestExecutorService.java:41)
	at app//org.junit.platform.engine.support.hierarchical.NodeTestTask.lambda$executeRecursively$6(NodeTestTask.java:155)
	at app//org.junit.platform.engine.support.hierarchical.ThrowableCollector.execute(ThrowableCollector.java:73)
	at app//org.junit.platform.engine.support.hierarchical.NodeTestTask.lambda$executeRecursively$8(NodeTestTask.java:141)
	at app//org.junit.platform.engine.support.hierarchical.Node.around(Node.java:137)
	at app//org.junit.platform.engine.support.hierarchical.NodeTestTask.lambda$executeRecursively$9(NodeTestTask.java:139)
	at app//org.junit.platform.engine.support.hierarchical.ThrowableCollector.execute(ThrowableCollector.java:73)
	at app//org.junit.platform.engine.support.hierarchical.NodeTestTask.executeRecursively(NodeTestTask.java:138)
	at app//org.junit.platform.engine.support.hierarchical.NodeTestTask.execute(NodeTestTask.java:95)
	at app//org.junit.platform.engine.support.hierarchical.SameThreadHierarchicalTestExecutorService.submit(SameThreadHierarchicalTestExecutorService.java:35)
	at app//org.junit.platform.engine.support.hierarchical.HierarchicalTestExecutor.execute(HierarchicalTestExecutor.java:57)
	at app//org.junit.platform.engine.support.hierarchical.HierarchicalTestEngine.execute(HierarchicalTestEngine.java:54)
	at app//org.junit.platform.launcher.core.EngineExecutionOrchestrator.execute(EngineExecutionOrchestrator.java:107)
	at app//org.junit.platform.launcher.core.EngineExecutionOrchestrator.execute(EngineExecutionOrchestrator.java:88)
	at app//org.junit.platform.launcher.core.EngineExecutionOrchestrator.lambda$execute$0(EngineExecutionOrchestrator.java:54)
	at app//org.junit.platform.launcher.core.EngineExecutionOrchestrator.withInterceptedStreams(EngineExecutionOrchestrator.java:67)
	at app//org.junit.platform.launcher.core.EngineExecutionOrchestrator.execute(EngineExecutionOrchestrator.java:52)
	at app//org.junit.platform.launcher.core.DefaultLauncher.execute(DefaultLauncher.java:114)
	at app//org.junit.platform.launcher.core.DefaultLauncher.execute(DefaultLauncher.java:86)
	at app//org.junit.platform.launcher.core.DefaultLauncherSession$DelegatingLauncher.execute(DefaultLauncherSession.java:86)
	at org.gradle.api.internal.tasks.testing.junitplatform.JUnitPlatformTestClassProcessor$CollectAllTestClassesExecutor.processAllTestClasses(JUnitPlatformTestClassProcessor.java:110)
	at org.gradle.api.internal.tasks.testing.junitplatform.JUnitPlatformTestClassProcessor$CollectAllTestClassesExecutor.access$000(JUnitPlatformTestClassProcessor.java:90)
	at org.gradle.api.internal.tasks.testing.junitplatform.JUnitPlatformTestClassProcessor.stop(JUnitPlatformTestClassProcessor.java:85)
	at org.gradle.api.internal.tasks.testing.SuiteTestClassProcessor.stop(SuiteTestClassProcessor.java:62)
	at java.base@17.0.7/jdk.internal.reflect.NativeMethodAccessorImpl.invoke0(Native Method)
	at java.base@17.0.7/jdk.internal.reflect.NativeMethodAccessorImpl.invoke(NativeMethodAccessorImpl.java:77)
	at java.base@17.0.7/jdk.internal.reflect.DelegatingMethodAccessorImpl.invoke(DelegatingMethodAccessorImpl.java:43)
	at java.base@17.0.7/java.lang.reflect.Method.invoke(Method.java:568)
	at org.gradle.internal.dispatch.ReflectionDispatch.dispatch(ReflectionDispatch.java:36)
	at org.gradle.internal.dispatch.ReflectionDispatch.dispatch(ReflectionDispatch.java:24)
	at org.gradle.internal.dispatch.ContextClassLoaderDispatch.dispatch(ContextClassLoaderDispatch.java:33)
	at org.gradle.internal.dispatch.ProxyDispatchAdapter$DispatchingInvocationHandler.invoke(ProxyDispatchAdapter.java:94)
	at jdk.proxy2/jdk.proxy2.$Proxy5.stop(Unknown Source)
	at org.gradle.api.internal.tasks.testing.worker.TestWorker$3.run(TestWorker.java:193)
	at org.gradle.api.internal.tasks.testing.worker.TestWorker.executeAndMaintainThreadName(TestWorker.java:129)
	at org.gradle.api.internal.tasks.testing.worker.TestWorker.execute(TestWorker.java:100)
	at org.gradle.api.internal.tasks.testing.worker.TestWorker.execute(TestWorker.java:60)
	at org.gradle.process.internal.worker.child.ActionExecutionWorker.execute(ActionExecutionWorker.java:56)
	at org.gradle.process.internal.worker.child.SystemApplicationClassLoaderWorker.call(SystemApplicationClassLoaderWorker.java:113)
	at org.gradle.process.internal.worker.child.SystemApplicationClassLoaderWorker.call(SystemApplicationClassLoaderWorker.java:65)
	at app//worker.org.gradle.process.internal.worker.GradleWorkerMain.run(GradleWorkerMain.java:69)
	at app//worker.org.gradle.process.internal.worker.GradleWorkerMain.main(GradleWorkerMain.java:74)
</failure>
  </testcase>
  <testcase name="testQueryBasic_9()" classname="de.uka.ilkd.key.parser.TestTermParserHeap" time="0.012">
    <failure message="Could not find (program) variable or constant getNext at &lt;unknown&gt;:1:1 (&lt;unknown&gt;:1:1)" type="de.uka.ilkd.key.util.parsing.BuildingException">Could not find (program) variable or constant getNext at &lt;unknown&gt;:1:1 (&lt;unknown&gt;:1:1)
	at app//de.uka.ilkd.key.nparser.builder.AbstractBuilder.semanticError(AbstractBuilder.java:179)
	at app//de.uka.ilkd.key.nparser.builder.DefaultBuilder.lookupVarfuncId(DefaultBuilder.java:174)
	at app//de.uka.ilkd.key.nparser.builder.ExpressionBuilder.visitAccessterm(ExpressionBuilder.java:1443)
	at app//de.uka.ilkd.key.nparser.builder.ExpressionBuilder.visitAccessterm(ExpressionBuilder.java:49)
	at app//de.uka.ilkd.key.nparser.KeYParser$AccesstermContext.accept(KeYParser.java:6174)
	at app//org.antlr.v4.runtime.tree.AbstractParseTreeVisitor.visitChildren(AbstractParseTreeVisitor.java:46)
	at app//de.uka.ilkd.key.nparser.KeYParserBaseVisitor.visitPrimitive_term(KeYParserBaseVisitor.java:542)
	at app//de.uka.ilkd.key.nparser.KeYParser$Primitive_termContext.accept(KeYParser.java:6074)
	at app//de.uka.ilkd.key.nparser.builder.AbstractBuilder.accept(AbstractBuilder.java:48)
	at app//de.uka.ilkd.key.nparser.builder.DefaultBuilder.accept(DefaultBuilder.java:35)
	at app//de.uka.ilkd.key.nparser.builder.ExpressionBuilder.visitPrimitive_labeled_term(ExpressionBuilder.java:877)
	at app//de.uka.ilkd.key.nparser.KeYParser$Primitive_labeled_termContext.accept(KeYParser.java:5877)
	at app//de.uka.ilkd.key.nparser.builder.AbstractBuilder.accept(AbstractBuilder.java:48)
	at app//de.uka.ilkd.key.nparser.builder.DefaultBuilder.accept(DefaultBuilder.java:35)
	at app//de.uka.ilkd.key.nparser.builder.ExpressionBuilder.visitBracket_term(ExpressionBuilder.java:403)
	at app//de.uka.ilkd.key.nparser.KeYParser$Bracket_termContext.accept(KeYParser.java:5527)
	at app//org.antlr.v4.runtime.tree.AbstractParseTreeVisitor.visitChildren(AbstractParseTreeVisitor.java:46)
	at app//de.uka.ilkd.key.nparser.KeYParserBaseVisitor.visitAtom_prefix(KeYParserBaseVisitor.java:472)
	at app//de.uka.ilkd.key.nparser.KeYParser$Atom_prefixContext.accept(KeYParser.java:5429)
	at app//de.uka.ilkd.key.nparser.builder.AbstractBuilder.accept(AbstractBuilder.java:48)
	at app//de.uka.ilkd.key.nparser.builder.DefaultBuilder.accept(DefaultBuilder.java:35)
	at app//de.uka.ilkd.key.nparser.builder.ExpressionBuilder.visitStrong_arith_term_2(ExpressionBuilder.java:382)
	at app//de.uka.ilkd.key.nparser.KeYParser$Strong_arith_term_2Context.accept(KeYParser.java:5035)
	at app//de.uka.ilkd.key.nparser.builder.AbstractBuilder.accept(AbstractBuilder.java:48)
	at app//de.uka.ilkd.key.nparser.builder.DefaultBuilder.accept(DefaultBuilder.java:35)
	at app//de.uka.ilkd.key.nparser.builder.ExpressionBuilder.visitStrong_arith_term_1(ExpressionBuilder.java:368)
	at app//de.uka.ilkd.key.nparser.KeYParser$Strong_arith_term_1Context.accept(KeYParser.java:4963)
	at app//de.uka.ilkd.key.nparser.builder.AbstractBuilder.accept(AbstractBuilder.java:48)
	at app//de.uka.ilkd.key.nparser.builder.DefaultBuilder.accept(DefaultBuilder.java:35)
	at app//de.uka.ilkd.key.nparser.builder.ExpressionBuilder.visitWeak_arith_term(ExpressionBuilder.java:331)
	at app//de.uka.ilkd.key.nparser.KeYParser$Weak_arith_termContext.accept(KeYParser.java:4877)
	at app//de.uka.ilkd.key.nparser.builder.AbstractBuilder.accept(AbstractBuilder.java:48)
	at app//de.uka.ilkd.key.nparser.builder.DefaultBuilder.accept(DefaultBuilder.java:35)
	at app//de.uka.ilkd.key.nparser.builder.ExpressionBuilder.visitComparison_term(ExpressionBuilder.java:305)
	at app//de.uka.ilkd.key.nparser.KeYParser$Comparison_termContext.accept(KeYParser.java:4793)
	at app//de.uka.ilkd.key.nparser.builder.AbstractBuilder.accept(AbstractBuilder.java:48)
	at app//de.uka.ilkd.key.nparser.builder.DefaultBuilder.accept(DefaultBuilder.java:35)
	at app//de.uka.ilkd.key.nparser.builder.ExpressionBuilder.visitEquality_term(ExpressionBuilder.java:294)
	at app//de.uka.ilkd.key.nparser.builder.ExpressionBuilder.visitEquality_term(ExpressionBuilder.java:49)
	at app//de.uka.ilkd.key.nparser.KeYParser$Equality_termContext.accept(KeYParser.java:4718)
	at app//org.antlr.v4.runtime.tree.AbstractParseTreeVisitor.visitChildren(AbstractParseTreeVisitor.java:46)
	at app//de.uka.ilkd.key.nparser.KeYParserBaseVisitor.visitTerm60(KeYParserBaseVisitor.java:381)
	at app//de.uka.ilkd.key.nparser.KeYParser$Term60Context.accept(KeYParser.java:4485)
	at app//de.uka.ilkd.key.nparser.builder.AbstractBuilder.accept(AbstractBuilder.java:48)
	at app//de.uka.ilkd.key.nparser.builder.DefaultBuilder.accept(DefaultBuilder.java:35)
	at app//de.uka.ilkd.key.nparser.builder.ExpressionBuilder.visitConjunction_term(ExpressionBuilder.java:238)
	at app//de.uka.ilkd.key.nparser.builder.ExpressionBuilder.visitConjunction_term(ExpressionBuilder.java:49)
	at app//de.uka.ilkd.key.nparser.KeYParser$Conjunction_termContext.accept(KeYParser.java:4419)
	at app//de.uka.ilkd.key.nparser.builder.AbstractBuilder.accept(AbstractBuilder.java:48)
	at app//de.uka.ilkd.key.nparser.builder.DefaultBuilder.accept(DefaultBuilder.java:35)
	at app//de.uka.ilkd.key.nparser.builder.ExpressionBuilder.visitDisjunction_term(ExpressionBuilder.java:229)
	at app//de.uka.ilkd.key.nparser.builder.ExpressionBuilder.visitDisjunction_term(ExpressionBuilder.java:49)
	at app//de.uka.ilkd.key.nparser.KeYParser$Disjunction_termContext.accept(KeYParser.java:4346)
	at app//de.uka.ilkd.key.nparser.builder.AbstractBuilder.accept(AbstractBuilder.java:48)
	at app//de.uka.ilkd.key.nparser.builder.DefaultBuilder.accept(DefaultBuilder.java:35)
	at app//de.uka.ilkd.key.nparser.builder.ExpressionBuilder.visitImplication_term(ExpressionBuilder.java:222)
	at app//de.uka.ilkd.key.nparser.builder.ExpressionBuilder.visitImplication_term(ExpressionBuilder.java:49)
	at app//de.uka.ilkd.key.nparser.KeYParser$Implication_termContext.accept(KeYParser.java:4278)
	at app//de.uka.ilkd.key.nparser.builder.AbstractBuilder.accept(AbstractBuilder.java:48)
	at app//de.uka.ilkd.key.nparser.builder.DefaultBuilder.accept(DefaultBuilder.java:35)
	at app//de.uka.ilkd.key.nparser.builder.ExpressionBuilder.visitEquivalence_term(ExpressionBuilder.java:198)
	at app//de.uka.ilkd.key.nparser.builder.ExpressionBuilder.visitEquivalence_term(ExpressionBuilder.java:49)
	at app//de.uka.ilkd.key.nparser.KeYParser$Equivalence_termContext.accept(KeYParser.java:4209)
	at app//de.uka.ilkd.key.nparser.builder.AbstractBuilder.accept(AbstractBuilder.java:48)
	at app//de.uka.ilkd.key.nparser.builder.DefaultBuilder.accept(DefaultBuilder.java:35)
	at app//de.uka.ilkd.key.nparser.builder.ExpressionBuilder.visitElementary_update_term(ExpressionBuilder.java:188)
	at app//de.uka.ilkd.key.nparser.builder.ExpressionBuilder.visitElementary_update_term(ExpressionBuilder.java:49)
	at app//de.uka.ilkd.key.nparser.KeYParser$Elementary_update_termContext.accept(KeYParser.java:4142)
	at app//de.uka.ilkd.key.nparser.builder.AbstractBuilder.lambda$mapOf$0(AbstractBuilder.java:124)
	at java.base@17.0.7/java.util.stream.ReferencePipeline$3$1.accept(ReferencePipeline.java:197)
	at java.base@17.0.7/java.util.ArrayList$ArrayListSpliterator.forEachRemaining(ArrayList.java:1625)
	at java.base@17.0.7/java.util.stream.AbstractPipeline.copyInto(AbstractPipeline.java:509)
	at java.base@17.0.7/java.util.stream.AbstractPipeline.wrapAndCopyInto(AbstractPipeline.java:499)
	at java.base@17.0.7/java.util.stream.ReduceOps$ReduceOp.evaluateSequential(ReduceOps.java:921)
	at java.base@17.0.7/java.util.stream.AbstractPipeline.evaluate(AbstractPipeline.java:234)
	at java.base@17.0.7/java.util.stream.ReferencePipeline.collect(ReferencePipeline.java:682)
	at app//de.uka.ilkd.key.nparser.builder.AbstractBuilder.mapOf(AbstractBuilder.java:124)
	at app//de.uka.ilkd.key.nparser.builder.ExpressionBuilder.visitParallel_term(ExpressionBuilder.java:173)
	at app//de.uka.ilkd.key.nparser.builder.ExpressionBuilder.visitParallel_term(ExpressionBuilder.java:49)
	at app//de.uka.ilkd.key.nparser.KeYParser$Parallel_termContext.accept(KeYParser.java:4074)
	at app//org.antlr.v4.runtime.tree.AbstractParseTreeVisitor.visitChildren(AbstractParseTreeVisitor.java:46)
	at app//de.uka.ilkd.key.nparser.KeYParserBaseVisitor.visitTerm(KeYParserBaseVisitor.java:332)
	at app//de.uka.ilkd.key.nparser.KeYParser$TermContext.accept(KeYParser.java:4020)
	at app//de.uka.ilkd.key.nparser.KeyAst.accept(KeyAst.java:43)
	at app//de.uka.ilkd.key.nparser.KeyIO.parseExpression(KeyIO.java:96)
	at app//de.uka.ilkd.key.nparser.KeyIO.parseExpression(KeyIO.java:79)
	at app//de.uka.ilkd.key.parser.AbstractTestTermParser.parseTerm(AbstractTestTermParser.java:74)
	at app//de.uka.ilkd.key.parser.AbstractTestTermParser.comparePrettySyntaxAgainstVerboseSyntax(AbstractTestTermParser.java:141)
	at app//de.uka.ilkd.key.parser.TestTermParserHeap.testQueryBasic_9(TestTermParserHeap.java:316)
	at java.base@17.0.7/jdk.internal.reflect.NativeMethodAccessorImpl.invoke0(Native Method)
	at java.base@17.0.7/jdk.internal.reflect.NativeMethodAccessorImpl.invoke(NativeMethodAccessorImpl.java:77)
	at java.base@17.0.7/jdk.internal.reflect.DelegatingMethodAccessorImpl.invoke(DelegatingMethodAccessorImpl.java:43)
	at java.base@17.0.7/java.lang.reflect.Method.invoke(Method.java:568)
	at app//org.junit.platform.commons.util.ReflectionUtils.invokeMethod(ReflectionUtils.java:727)
	at app//org.junit.jupiter.engine.execution.MethodInvocation.proceed(MethodInvocation.java:60)
	at app//org.junit.jupiter.engine.execution.InvocationInterceptorChain$ValidatingInvocation.proceed(InvocationInterceptorChain.java:131)
	at app//org.junit.jupiter.engine.extension.TimeoutExtension.intercept(TimeoutExtension.java:156)
	at app//org.junit.jupiter.engine.extension.TimeoutExtension.interceptTestableMethod(TimeoutExtension.java:147)
	at app//org.junit.jupiter.engine.extension.TimeoutExtension.interceptTestMethod(TimeoutExtension.java:86)
	at app//org.junit.jupiter.engine.execution.InterceptingExecutableInvoker$ReflectiveInterceptorCall.lambda$ofVoidMethod$0(InterceptingExecutableInvoker.java:103)
	at app//org.junit.jupiter.engine.execution.InterceptingExecutableInvoker.lambda$invoke$0(InterceptingExecutableInvoker.java:93)
	at app//org.junit.jupiter.engine.execution.InvocationInterceptorChain$InterceptedInvocation.proceed(InvocationInterceptorChain.java:106)
	at app//org.junit.jupiter.engine.execution.InvocationInterceptorChain.proceed(InvocationInterceptorChain.java:64)
	at app//org.junit.jupiter.engine.execution.InvocationInterceptorChain.chainAndInvoke(InvocationInterceptorChain.java:45)
	at app//org.junit.jupiter.engine.execution.InvocationInterceptorChain.invoke(InvocationInterceptorChain.java:37)
	at app//org.junit.jupiter.engine.execution.InterceptingExecutableInvoker.invoke(InterceptingExecutableInvoker.java:92)
	at app//org.junit.jupiter.engine.execution.InterceptingExecutableInvoker.invoke(InterceptingExecutableInvoker.java:86)
	at app//org.junit.jupiter.engine.descriptor.TestMethodTestDescriptor.lambda$invokeTestMethod$7(TestMethodTestDescriptor.java:217)
	at app//org.junit.platform.engine.support.hierarchical.ThrowableCollector.execute(ThrowableCollector.java:73)
	at app//org.junit.jupiter.engine.descriptor.TestMethodTestDescriptor.invokeTestMethod(TestMethodTestDescriptor.java:213)
	at app//org.junit.jupiter.engine.descriptor.TestMethodTestDescriptor.execute(TestMethodTestDescriptor.java:138)
	at app//org.junit.jupiter.engine.descriptor.TestMethodTestDescriptor.execute(TestMethodTestDescriptor.java:68)
	at app//org.junit.platform.engine.support.hierarchical.NodeTestTask.lambda$executeRecursively$6(NodeTestTask.java:151)
	at app//org.junit.platform.engine.support.hierarchical.ThrowableCollector.execute(ThrowableCollector.java:73)
	at app//org.junit.platform.engine.support.hierarchical.NodeTestTask.lambda$executeRecursively$8(NodeTestTask.java:141)
	at app//org.junit.platform.engine.support.hierarchical.Node.around(Node.java:137)
	at app//org.junit.platform.engine.support.hierarchical.NodeTestTask.lambda$executeRecursively$9(NodeTestTask.java:139)
	at app//org.junit.platform.engine.support.hierarchical.ThrowableCollector.execute(ThrowableCollector.java:73)
	at app//org.junit.platform.engine.support.hierarchical.NodeTestTask.executeRecursively(NodeTestTask.java:138)
	at app//org.junit.platform.engine.support.hierarchical.NodeTestTask.execute(NodeTestTask.java:95)
	at java.base@17.0.7/java.util.ArrayList.forEach(ArrayList.java:1511)
	at app//org.junit.platform.engine.support.hierarchical.SameThreadHierarchicalTestExecutorService.invokeAll(SameThreadHierarchicalTestExecutorService.java:41)
	at app//org.junit.platform.engine.support.hierarchical.NodeTestTask.lambda$executeRecursively$6(NodeTestTask.java:155)
	at app//org.junit.platform.engine.support.hierarchical.ThrowableCollector.execute(ThrowableCollector.java:73)
	at app//org.junit.platform.engine.support.hierarchical.NodeTestTask.lambda$executeRecursively$8(NodeTestTask.java:141)
	at app//org.junit.platform.engine.support.hierarchical.Node.around(Node.java:137)
	at app//org.junit.platform.engine.support.hierarchical.NodeTestTask.lambda$executeRecursively$9(NodeTestTask.java:139)
	at app//org.junit.platform.engine.support.hierarchical.ThrowableCollector.execute(ThrowableCollector.java:73)
	at app//org.junit.platform.engine.support.hierarchical.NodeTestTask.executeRecursively(NodeTestTask.java:138)
	at app//org.junit.platform.engine.support.hierarchical.NodeTestTask.execute(NodeTestTask.java:95)
	at java.base@17.0.7/java.util.ArrayList.forEach(ArrayList.java:1511)
	at app//org.junit.platform.engine.support.hierarchical.SameThreadHierarchicalTestExecutorService.invokeAll(SameThreadHierarchicalTestExecutorService.java:41)
	at app//org.junit.platform.engine.support.hierarchical.NodeTestTask.lambda$executeRecursively$6(NodeTestTask.java:155)
	at app//org.junit.platform.engine.support.hierarchical.ThrowableCollector.execute(ThrowableCollector.java:73)
	at app//org.junit.platform.engine.support.hierarchical.NodeTestTask.lambda$executeRecursively$8(NodeTestTask.java:141)
	at app//org.junit.platform.engine.support.hierarchical.Node.around(Node.java:137)
	at app//org.junit.platform.engine.support.hierarchical.NodeTestTask.lambda$executeRecursively$9(NodeTestTask.java:139)
	at app//org.junit.platform.engine.support.hierarchical.ThrowableCollector.execute(ThrowableCollector.java:73)
	at app//org.junit.platform.engine.support.hierarchical.NodeTestTask.executeRecursively(NodeTestTask.java:138)
	at app//org.junit.platform.engine.support.hierarchical.NodeTestTask.execute(NodeTestTask.java:95)
	at app//org.junit.platform.engine.support.hierarchical.SameThreadHierarchicalTestExecutorService.submit(SameThreadHierarchicalTestExecutorService.java:35)
	at app//org.junit.platform.engine.support.hierarchical.HierarchicalTestExecutor.execute(HierarchicalTestExecutor.java:57)
	at app//org.junit.platform.engine.support.hierarchical.HierarchicalTestEngine.execute(HierarchicalTestEngine.java:54)
	at app//org.junit.platform.launcher.core.EngineExecutionOrchestrator.execute(EngineExecutionOrchestrator.java:107)
	at app//org.junit.platform.launcher.core.EngineExecutionOrchestrator.execute(EngineExecutionOrchestrator.java:88)
	at app//org.junit.platform.launcher.core.EngineExecutionOrchestrator.lambda$execute$0(EngineExecutionOrchestrator.java:54)
	at app//org.junit.platform.launcher.core.EngineExecutionOrchestrator.withInterceptedStreams(EngineExecutionOrchestrator.java:67)
	at app//org.junit.platform.launcher.core.EngineExecutionOrchestrator.execute(EngineExecutionOrchestrator.java:52)
	at app//org.junit.platform.launcher.core.DefaultLauncher.execute(DefaultLauncher.java:114)
	at app//org.junit.platform.launcher.core.DefaultLauncher.execute(DefaultLauncher.java:86)
	at app//org.junit.platform.launcher.core.DefaultLauncherSession$DelegatingLauncher.execute(DefaultLauncherSession.java:86)
	at org.gradle.api.internal.tasks.testing.junitplatform.JUnitPlatformTestClassProcessor$CollectAllTestClassesExecutor.processAllTestClasses(JUnitPlatformTestClassProcessor.java:110)
	at org.gradle.api.internal.tasks.testing.junitplatform.JUnitPlatformTestClassProcessor$CollectAllTestClassesExecutor.access$000(JUnitPlatformTestClassProcessor.java:90)
	at org.gradle.api.internal.tasks.testing.junitplatform.JUnitPlatformTestClassProcessor.stop(JUnitPlatformTestClassProcessor.java:85)
	at org.gradle.api.internal.tasks.testing.SuiteTestClassProcessor.stop(SuiteTestClassProcessor.java:62)
	at java.base@17.0.7/jdk.internal.reflect.NativeMethodAccessorImpl.invoke0(Native Method)
	at java.base@17.0.7/jdk.internal.reflect.NativeMethodAccessorImpl.invoke(NativeMethodAccessorImpl.java:77)
	at java.base@17.0.7/jdk.internal.reflect.DelegatingMethodAccessorImpl.invoke(DelegatingMethodAccessorImpl.java:43)
	at java.base@17.0.7/java.lang.reflect.Method.invoke(Method.java:568)
	at org.gradle.internal.dispatch.ReflectionDispatch.dispatch(ReflectionDispatch.java:36)
	at org.gradle.internal.dispatch.ReflectionDispatch.dispatch(ReflectionDispatch.java:24)
	at org.gradle.internal.dispatch.ContextClassLoaderDispatch.dispatch(ContextClassLoaderDispatch.java:33)
	at org.gradle.internal.dispatch.ProxyDispatchAdapter$DispatchingInvocationHandler.invoke(ProxyDispatchAdapter.java:94)
	at jdk.proxy2/jdk.proxy2.$Proxy5.stop(Unknown Source)
	at org.gradle.api.internal.tasks.testing.worker.TestWorker$3.run(TestWorker.java:193)
	at org.gradle.api.internal.tasks.testing.worker.TestWorker.executeAndMaintainThreadName(TestWorker.java:129)
	at org.gradle.api.internal.tasks.testing.worker.TestWorker.execute(TestWorker.java:100)
	at org.gradle.api.internal.tasks.testing.worker.TestWorker.execute(TestWorker.java:60)
	at org.gradle.process.internal.worker.child.ActionExecutionWorker.execute(ActionExecutionWorker.java:56)
	at org.gradle.process.internal.worker.child.SystemApplicationClassLoaderWorker.call(SystemApplicationClassLoaderWorker.java:113)
	at org.gradle.process.internal.worker.child.SystemApplicationClassLoaderWorker.call(SystemApplicationClassLoaderWorker.java:65)
	at app//worker.org.gradle.process.internal.worker.GradleWorkerMain.run(GradleWorkerMain.java:69)
	at app//worker.org.gradle.process.internal.worker.GradleWorkerMain.main(GradleWorkerMain.java:74)
</failure>
  </testcase>
  <system-out><![CDATA[]]></system-out>
  <system-err><![CDATA[51649      ERROR Test worker     d.u.i.k.j.KeYJPMapping    Duplicate registration of node: boolean, formerNode: /*@ pure @*/
boolean 
51712      ERROR Test worker     d.u.i.k.j.KeYJPMapping    Duplicate registration of node: /*@pure*/
int, formerNode: int 
51727      ERROR Test worker     d.u.i.k.j.KeYJPMapping    Duplicate registration of node: /*@ helper */
int, formerNode: int 
51727      ERROR Test worker     d.u.i.k.j.KeYJPMapping    Duplicate registration of node: /*@ helper */
boolean, formerNode: /*@ pure @*/
boolean 
51727      ERROR Test worker     d.u.i.k.j.KeYJPMapping    Duplicate registration of node: /*@ helper */
char, formerNode: char 
51727      ERROR Test worker     d.u.i.k.j.KeYJPMapping    Duplicate registration of node: byte[], formerNode: byte[] 
51727      ERROR Test worker     d.u.i.k.j.KeYJPMapping    Duplicate registration of node: /*@ helper */
java.lang.String, formerNode: java.lang.String 
51775      ERROR Test worker     d.u.i.k.j.KeYJPMapping    Duplicate registration of node: /*@strictly_pure*/
java.lang.String, formerNode: java.lang.String 
51775      ERROR Test worker     d.u.i.k.j.KeYJPMapping    Duplicate registration of node: /*@nullable@*/
Object, formerNode: Object 
51837      ERROR Test worker     d.u.i.k.j.KeYJPMapping    Duplicate registration of node: /*@pure@*/
String, formerNode: String 
51853      ERROR Test worker     d.u.i.k.j.KeYJPMapping    Duplicate registration of node: char[], formerNode: char[] 
51853      ERROR Test worker     d.u.i.k.j.KeYJPMapping    Duplicate registration of node: int[], formerNode: int[] 
51853      ERROR Test worker     d.u.i.k.j.KeYJPMapping    Duplicate registration of value: testTermParserHeap.A::next;, formerValue: testTermParserHeap.A::next; 
51853      ERROR Test worker     d.u.i.k.j.KeYJPMapping    Duplicate registration of value: A testTermParserHeap.A::next;, formerValue: A testTermParserHeap.A::next; 
51931      INFO  Test worker     d.u.i.k.n.KeyIO           Parsing took 0 ms 
51931      DEBUG Test worker     d.u.i.k.n.KeyIO           Load declarations of de.uka.ilkd.key.nparser.KeyAst$File:  <unknown>:1#1 
51931      INFO  Test worker     d.u.i.k.n.KeyIO           MODE: declarations took 0 ms 
51931      DEBUG Test worker     d.u.i.k.n.KeyIO           MODE: 2nd degree decls took 0 
51931      INFO  Test worker     d.u.i.k.n.KeyIO           Parsing took 0 ms 
51931      DEBUG Test worker     d.u.i.k.n.KeyIO           Load declarations of de.uka.ilkd.key.nparser.KeyAst$File:  <unknown>:1#1 
51931      INFO  Test worker     d.u.i.k.n.KeyIO           MODE: declarations took 0 ms 
51931      DEBUG Test worker     d.u.i.k.n.KeyIO           MODE: 2nd degree decls took 0 
51931      INFO  Test worker     d.u.i.k.n.KeyIO           Parsing took 0 ms 
51931      DEBUG Test worker     d.u.i.k.n.KeyIO           Load declarations of de.uka.ilkd.key.nparser.KeyAst$File:  <unknown>:1#1 
51931      INFO  Test worker     d.u.i.k.n.KeyIO           MODE: declarations took 0 ms 
51931      DEBUG Test worker     d.u.i.k.n.KeyIO           MODE: 2nd degree decls took 0 
51931      INFO  Test worker     d.u.i.k.n.KeyIO           Parsing took 0 ms 
51931      DEBUG Test worker     d.u.i.k.n.KeyIO           Load declarations of de.uka.ilkd.key.nparser.KeyAst$File:  <unknown>:1#1 
51946      INFO  Test worker     d.u.i.k.n.KeyIO           MODE: declarations took 15 ms 
51946      DEBUG Test worker     d.u.i.k.n.KeyIO           MODE: 2nd degree decls took 0 
51946      INFO  Test worker     d.u.i.k.n.KeyIO           Parsing took 0 ms 
51946      DEBUG Test worker     d.u.i.k.n.KeyIO           Load declarations of de.uka.ilkd.key.nparser.KeyAst$File:  <unknown>:1#1 
51946      INFO  Test worker     d.u.i.k.n.KeyIO           MODE: declarations took 0 ms 
51946      DEBUG Test worker     d.u.i.k.n.KeyIO           MODE: 2nd degree decls took 0 
52201      ERROR Test worker     d.u.i.k.j.KeYJPMapping    Duplicate registration of node: boolean, formerNode: /*@ pure @*/
boolean 
52248      ERROR Test worker     d.u.i.k.j.KeYJPMapping    Duplicate registration of node: /*@pure*/
int, formerNode: int 
52248      ERROR Test worker     d.u.i.k.j.KeYJPMapping    Duplicate registration of node: /*@ helper */
int, formerNode: int 
52248      ERROR Test worker     d.u.i.k.j.KeYJPMapping    Duplicate registration of node: /*@ helper */
boolean, formerNode: /*@ pure @*/
boolean 
52248      ERROR Test worker     d.u.i.k.j.KeYJPMapping    Duplicate registration of node: /*@ helper */
char, formerNode: char 
52248      ERROR Test worker     d.u.i.k.j.KeYJPMapping    Duplicate registration of node: byte[], formerNode: byte[] 
52248      ERROR Test worker     d.u.i.k.j.KeYJPMapping    Duplicate registration of node: /*@ helper */
java.lang.String, formerNode: java.lang.String 
52279      ERROR Test worker     d.u.i.k.j.KeYJPMapping    Duplicate registration of node: /*@strictly_pure*/
java.lang.String, formerNode: java.lang.String 
52279      ERROR Test worker     d.u.i.k.j.KeYJPMapping    Duplicate registration of node: /*@nullable@*/
Object, formerNode: Object 
52326      ERROR Test worker     d.u.i.k.j.KeYJPMapping    Duplicate registration of node: /*@pure@*/
String, formerNode: String 
52342      ERROR Test worker     d.u.i.k.j.KeYJPMapping    Duplicate registration of node: char[], formerNode: char[] 
52342      ERROR Test worker     d.u.i.k.j.KeYJPMapping    Duplicate registration of node: int[], formerNode: int[] 
52342      ERROR Test worker     d.u.i.k.j.KeYJPMapping    Duplicate registration of value: testTermParserHeap.A::next;, formerValue: testTermParserHeap.A::next; 
52342      ERROR Test worker     d.u.i.k.j.KeYJPMapping    Duplicate registration of value: A testTermParserHeap.A::next;, formerValue: A testTermParserHeap.A::next; 
52404      INFO  Test worker     d.u.i.k.n.KeyIO           Parsing took 0 ms 
52404      DEBUG Test worker     d.u.i.k.n.KeyIO           Load declarations of de.uka.ilkd.key.nparser.KeyAst$File:  <unknown>:1#1 
52404      INFO  Test worker     d.u.i.k.n.KeyIO           MODE: declarations took 0 ms 
52404      DEBUG Test worker     d.u.i.k.n.KeyIO           MODE: 2nd degree decls took 0 
52404      INFO  Test worker     d.u.i.k.n.KeyIO           Parsing took 0 ms 
52404      DEBUG Test worker     d.u.i.k.n.KeyIO           Load declarations of de.uka.ilkd.key.nparser.KeyAst$File:  <unknown>:1#1 
52404      INFO  Test worker     d.u.i.k.n.KeyIO           MODE: declarations took 0 ms 
52404      DEBUG Test worker     d.u.i.k.n.KeyIO           MODE: 2nd degree decls took 0 
52404      INFO  Test worker     d.u.i.k.n.KeyIO           Parsing took 0 ms 
52404      DEBUG Test worker     d.u.i.k.n.KeyIO           Load declarations of de.uka.ilkd.key.nparser.KeyAst$File:  <unknown>:1#1 
52404      INFO  Test worker     d.u.i.k.n.KeyIO           MODE: declarations took 0 ms 
52404      DEBUG Test worker     d.u.i.k.n.KeyIO           MODE: 2nd degree decls took 0 
52404      INFO  Test worker     d.u.i.k.n.KeyIO           Parsing took 0 ms 
52404      DEBUG Test worker     d.u.i.k.n.KeyIO           Load declarations of de.uka.ilkd.key.nparser.KeyAst$File:  <unknown>:1#1 
52404      INFO  Test worker     d.u.i.k.n.KeyIO           MODE: declarations took 0 ms 
52404      DEBUG Test worker     d.u.i.k.n.KeyIO           MODE: 2nd degree decls took 0 
52404      INFO  Test worker     d.u.i.k.n.KeyIO           Parsing took 0 ms 
52404      DEBUG Test worker     d.u.i.k.n.KeyIO           Load declarations of de.uka.ilkd.key.nparser.KeyAst$File:  <unknown>:1#1 
52404      INFO  Test worker     d.u.i.k.n.KeyIO           MODE: declarations took 0 ms 
52404      DEBUG Test worker     d.u.i.k.n.KeyIO           MODE: 2nd degree decls took 0 
52576      ERROR Test worker     d.u.i.k.j.KeYJPMapping    Duplicate registration of node: boolean, formerNode: /*@ pure @*/
boolean 
52610      ERROR Test worker     d.u.i.k.j.KeYJPMapping    Duplicate registration of node: /*@pure*/
int, formerNode: int 
52610      ERROR Test worker     d.u.i.k.j.KeYJPMapping    Duplicate registration of node: /*@ helper */
int, formerNode: int 
52610      ERROR Test worker     d.u.i.k.j.KeYJPMapping    Duplicate registration of node: /*@ helper */
boolean, formerNode: /*@ pure @*/
boolean 
52610      ERROR Test worker     d.u.i.k.j.KeYJPMapping    Duplicate registration of node: /*@ helper */
char, formerNode: char 
52626      ERROR Test worker     d.u.i.k.j.KeYJPMapping    Duplicate registration of node: byte[], formerNode: byte[] 
52626      ERROR Test worker     d.u.i.k.j.KeYJPMapping    Duplicate registration of node: /*@ helper */
java.lang.String, formerNode: java.lang.String 
52642      ERROR Test worker     d.u.i.k.j.KeYJPMapping    Duplicate registration of node: /*@strictly_pure*/
java.lang.String, formerNode: java.lang.String 
52642      ERROR Test worker     d.u.i.k.j.KeYJPMapping    Duplicate registration of node: /*@nullable@*/
Object, formerNode: Object 
52688      ERROR Test worker     d.u.i.k.j.KeYJPMapping    Duplicate registration of node: /*@pure@*/
String, formerNode: String 
52704      ERROR Test worker     d.u.i.k.j.KeYJPMapping    Duplicate registration of node: char[], formerNode: char[] 
52704      ERROR Test worker     d.u.i.k.j.KeYJPMapping    Duplicate registration of node: int[], formerNode: int[] 
52704      ERROR Test worker     d.u.i.k.j.KeYJPMapping    Duplicate registration of value: testTermParserHeap.A::next;, formerValue: testTermParserHeap.A::next; 
52704      ERROR Test worker     d.u.i.k.j.KeYJPMapping    Duplicate registration of value: A testTermParserHeap.A::next;, formerValue: A testTermParserHeap.A::next; 
52756      INFO  Test worker     d.u.i.k.n.KeyIO           Parsing took 0 ms 
52756      DEBUG Test worker     d.u.i.k.n.KeyIO           Load declarations of de.uka.ilkd.key.nparser.KeyAst$File:  <unknown>:1#1 
52756      INFO  Test worker     d.u.i.k.n.KeyIO           MODE: declarations took 0 ms 
52756      DEBUG Test worker     d.u.i.k.n.KeyIO           MODE: 2nd degree decls took 0 
52756      INFO  Test worker     d.u.i.k.n.KeyIO           Parsing took 0 ms 
52756      DEBUG Test worker     d.u.i.k.n.KeyIO           Load declarations of de.uka.ilkd.key.nparser.KeyAst$File:  <unknown>:1#1 
52756      INFO  Test worker     d.u.i.k.n.KeyIO           MODE: declarations took 0 ms 
52756      DEBUG Test worker     d.u.i.k.n.KeyIO           MODE: 2nd degree decls took 0 
52756      INFO  Test worker     d.u.i.k.n.KeyIO           Parsing took 0 ms 
52756      DEBUG Test worker     d.u.i.k.n.KeyIO           Load declarations of de.uka.ilkd.key.nparser.KeyAst$File:  <unknown>:1#1 
52756      INFO  Test worker     d.u.i.k.n.KeyIO           MODE: declarations took 0 ms 
52756      DEBUG Test worker     d.u.i.k.n.KeyIO           MODE: 2nd degree decls took 0 
52756      INFO  Test worker     d.u.i.k.n.KeyIO           Parsing took 0 ms 
52756      DEBUG Test worker     d.u.i.k.n.KeyIO           Load declarations of de.uka.ilkd.key.nparser.KeyAst$File:  <unknown>:1#1 
52756      INFO  Test worker     d.u.i.k.n.KeyIO           MODE: declarations took 0 ms 
52756      DEBUG Test worker     d.u.i.k.n.KeyIO           MODE: 2nd degree decls took 0 
52756      INFO  Test worker     d.u.i.k.n.KeyIO           Parsing took 0 ms 
52756      DEBUG Test worker     d.u.i.k.n.KeyIO           Load declarations of de.uka.ilkd.key.nparser.KeyAst$File:  <unknown>:1#1 
52756      INFO  Test worker     d.u.i.k.n.KeyIO           MODE: declarations took 0 ms 
52756      DEBUG Test worker     d.u.i.k.n.KeyIO           MODE: 2nd degree decls took 0 
52772      INFO  Test worker     d.u.i.k.n.KeyIO           Parsing took 0 ms 
52772      DEBUG Test worker     d.u.i.k.n.KeyIO           Load declarations of de.uka.ilkd.key.nparser.KeyAst$File:  <unknown>:1#1 
52772      INFO  Test worker     d.u.i.k.n.KeyIO           MODE: declarations took 0 ms 
52772      DEBUG Test worker     d.u.i.k.n.KeyIO           MODE: 2nd degree decls took 0 
53006      ERROR Test worker     d.u.i.k.j.KeYJPMapping    Duplicate registration of node: boolean, formerNode: /*@ pure @*/
boolean 
53038      ERROR Test worker     d.u.i.k.j.KeYJPMapping    Duplicate registration of node: /*@pure*/
int, formerNode: int 
53053      ERROR Test worker     d.u.i.k.j.KeYJPMapping    Duplicate registration of node: /*@ helper */
int, formerNode: int 
53053      ERROR Test worker     d.u.i.k.j.KeYJPMapping    Duplicate registration of node: /*@ helper */
boolean, formerNode: /*@ pure @*/
boolean 
53053      ERROR Test worker     d.u.i.k.j.KeYJPMapping    Duplicate registration of node: /*@ helper */
char, formerNode: char 
53053      ERROR Test worker     d.u.i.k.j.KeYJPMapping    Duplicate registration of node: byte[], formerNode: byte[] 
53053      ERROR Test worker     d.u.i.k.j.KeYJPMapping    Duplicate registration of node: /*@ helper */
java.lang.String, formerNode: java.lang.String 
53069      ERROR Test worker     d.u.i.k.j.KeYJPMapping    Duplicate registration of node: /*@strictly_pure*/
java.lang.String, formerNode: java.lang.String 
53085      ERROR Test worker     d.u.i.k.j.KeYJPMapping    Duplicate registration of node: /*@nullable@*/
Object, formerNode: Object 
53116      ERROR Test worker     d.u.i.k.j.KeYJPMapping    Duplicate registration of node: /*@pure@*/
String, formerNode: String 
53131      ERROR Test worker     d.u.i.k.j.KeYJPMapping    Duplicate registration of node: char[], formerNode: char[] 
53131      ERROR Test worker     d.u.i.k.j.KeYJPMapping    Duplicate registration of node: int[], formerNode: int[] 
53131      ERROR Test worker     d.u.i.k.j.KeYJPMapping    Duplicate registration of value: testTermParserHeap.A::next;, formerValue: testTermParserHeap.A::next; 
53131      ERROR Test worker     d.u.i.k.j.KeYJPMapping    Duplicate registration of value: A testTermParserHeap.A::next;, formerValue: A testTermParserHeap.A::next; 
53196      INFO  Test worker     d.u.i.k.n.KeyIO           Parsing took 1 ms 
53196      DEBUG Test worker     d.u.i.k.n.KeyIO           Load declarations of de.uka.ilkd.key.nparser.KeyAst$File:  <unknown>:1#1 
53197      INFO  Test worker     d.u.i.k.n.KeyIO           MODE: declarations took 1 ms 
53197      DEBUG Test worker     d.u.i.k.n.KeyIO           MODE: 2nd degree decls took 0 
53197      INFO  Test worker     d.u.i.k.n.KeyIO           Parsing took 0 ms 
53197      DEBUG Test worker     d.u.i.k.n.KeyIO           Load declarations of de.uka.ilkd.key.nparser.KeyAst$File:  <unknown>:1#1 
53198      INFO  Test worker     d.u.i.k.n.KeyIO           MODE: declarations took 1 ms 
53198      DEBUG Test worker     d.u.i.k.n.KeyIO           MODE: 2nd degree decls took 0 
53198      INFO  Test worker     d.u.i.k.n.KeyIO           Parsing took 0 ms 
53198      DEBUG Test worker     d.u.i.k.n.KeyIO           Load declarations of de.uka.ilkd.key.nparser.KeyAst$File:  <unknown>:1#1 
53199      INFO  Test worker     d.u.i.k.n.KeyIO           MODE: declarations took 0 ms 
53199      DEBUG Test worker     d.u.i.k.n.KeyIO           MODE: 2nd degree decls took 0 
53199      INFO  Test worker     d.u.i.k.n.KeyIO           Parsing took 0 ms 
53199      DEBUG Test worker     d.u.i.k.n.KeyIO           Load declarations of de.uka.ilkd.key.nparser.KeyAst$File:  <unknown>:1#1 
53199      INFO  Test worker     d.u.i.k.n.KeyIO           MODE: declarations took 0 ms 
53200      DEBUG Test worker     d.u.i.k.n.KeyIO           MODE: 2nd degree decls took 0 
53200      INFO  Test worker     d.u.i.k.n.KeyIO           Parsing took 0 ms 
53200      DEBUG Test worker     d.u.i.k.n.KeyIO           Load declarations of de.uka.ilkd.key.nparser.KeyAst$File:  <unknown>:1#1 
53200      INFO  Test worker     d.u.i.k.n.KeyIO           MODE: declarations took 0 ms 
53201      DEBUG Test worker     d.u.i.k.n.KeyIO           MODE: 2nd degree decls took 1 
53337      ERROR Test worker     d.u.i.k.j.KeYJPMapping    Duplicate registration of node: boolean, formerNode: /*@ pure @*/
boolean 
53383      ERROR Test worker     d.u.i.k.j.KeYJPMapping    Duplicate registration of node: /*@pure*/
int, formerNode: int 
53383      ERROR Test worker     d.u.i.k.j.KeYJPMapping    Duplicate registration of node: /*@ helper */
int, formerNode: int 
53383      ERROR Test worker     d.u.i.k.j.KeYJPMapping    Duplicate registration of node: /*@ helper */
boolean, formerNode: /*@ pure @*/
boolean 
53399      ERROR Test worker     d.u.i.k.j.KeYJPMapping    Duplicate registration of node: /*@ helper */
char, formerNode: char 
53399      ERROR Test worker     d.u.i.k.j.KeYJPMapping    Duplicate registration of node: byte[], formerNode: byte[] 
53399      ERROR Test worker     d.u.i.k.j.KeYJPMapping    Duplicate registration of node: /*@ helper */
java.lang.String, formerNode: java.lang.String 
53415      ERROR Test worker     d.u.i.k.j.KeYJPMapping    Duplicate registration of node: /*@strictly_pure*/
java.lang.String, formerNode: java.lang.String 
53432      ERROR Test worker     d.u.i.k.j.KeYJPMapping    Duplicate registration of node: /*@nullable@*/
Object, formerNode: Object 
53468      ERROR Test worker     d.u.i.k.j.KeYJPMapping    Duplicate registration of node: /*@pure@*/
String, formerNode: String 
53468      ERROR Test worker     d.u.i.k.j.KeYJPMapping    Duplicate registration of node: char[], formerNode: char[] 
53468      ERROR Test worker     d.u.i.k.j.KeYJPMapping    Duplicate registration of node: int[], formerNode: int[] 
53483      ERROR Test worker     d.u.i.k.j.KeYJPMapping    Duplicate registration of value: testTermParserHeap.A::next;, formerValue: testTermParserHeap.A::next; 
53483      ERROR Test worker     d.u.i.k.j.KeYJPMapping    Duplicate registration of value: A testTermParserHeap.A::next;, formerValue: A testTermParserHeap.A::next; 
53533      INFO  Test worker     d.u.i.k.n.KeyIO           Parsing took 0 ms 
53533      DEBUG Test worker     d.u.i.k.n.KeyIO           Load declarations of de.uka.ilkd.key.nparser.KeyAst$File:  <unknown>:1#1 
53533      INFO  Test worker     d.u.i.k.n.KeyIO           MODE: declarations took 0 ms 
53533      DEBUG Test worker     d.u.i.k.n.KeyIO           MODE: 2nd degree decls took 0 
53533      INFO  Test worker     d.u.i.k.n.KeyIO           Parsing took 0 ms 
53533      DEBUG Test worker     d.u.i.k.n.KeyIO           Load declarations of de.uka.ilkd.key.nparser.KeyAst$File:  <unknown>:1#1 
53533      INFO  Test worker     d.u.i.k.n.KeyIO           MODE: declarations took 0 ms 
53533      DEBUG Test worker     d.u.i.k.n.KeyIO           MODE: 2nd degree decls took 0 
53533      INFO  Test worker     d.u.i.k.n.KeyIO           Parsing took 0 ms 
53533      DEBUG Test worker     d.u.i.k.n.KeyIO           Load declarations of de.uka.ilkd.key.nparser.KeyAst$File:  <unknown>:1#1 
53533      INFO  Test worker     d.u.i.k.n.KeyIO           MODE: declarations took 0 ms 
53533      DEBUG Test worker     d.u.i.k.n.KeyIO           MODE: 2nd degree decls took 0 
53533      INFO  Test worker     d.u.i.k.n.KeyIO           Parsing took 0 ms 
53533      DEBUG Test worker     d.u.i.k.n.KeyIO           Load declarations of de.uka.ilkd.key.nparser.KeyAst$File:  <unknown>:1#1 
53533      INFO  Test worker     d.u.i.k.n.KeyIO           MODE: declarations took 0 ms 
53533      DEBUG Test worker     d.u.i.k.n.KeyIO           MODE: 2nd degree decls took 0 
53533      INFO  Test worker     d.u.i.k.n.KeyIO           Parsing took 0 ms 
53533      DEBUG Test worker     d.u.i.k.n.KeyIO           Load declarations of de.uka.ilkd.key.nparser.KeyAst$File:  <unknown>:1#1 
53533      INFO  Test worker     d.u.i.k.n.KeyIO           MODE: declarations took 0 ms 
53533      DEBUG Test worker     d.u.i.k.n.KeyIO           MODE: 2nd degree decls took 0 
53674      ERROR Test worker     d.u.i.k.j.KeYJPMapping    Duplicate registration of node: boolean, formerNode: /*@ pure @*/
boolean 
53721      ERROR Test worker     d.u.i.k.j.KeYJPMapping    Duplicate registration of node: /*@pure*/
int, formerNode: int 
53721      ERROR Test worker     d.u.i.k.j.KeYJPMapping    Duplicate registration of node: /*@ helper */
int, formerNode: int 
53721      ERROR Test worker     d.u.i.k.j.KeYJPMapping    Duplicate registration of node: /*@ helper */
boolean, formerNode: /*@ pure @*/
boolean 
53721      ERROR Test worker     d.u.i.k.j.KeYJPMapping    Duplicate registration of node: /*@ helper */
char, formerNode: char 
53721      ERROR Test worker     d.u.i.k.j.KeYJPMapping    Duplicate registration of node: byte[], formerNode: byte[] 
53721      ERROR Test worker     d.u.i.k.j.KeYJPMapping    Duplicate registration of node: /*@ helper */
java.lang.String, formerNode: java.lang.String 
53752      ERROR Test worker     d.u.i.k.j.KeYJPMapping    Duplicate registration of node: /*@strictly_pure*/
java.lang.String, formerNode: java.lang.String 
53752      ERROR Test worker     d.u.i.k.j.KeYJPMapping    Duplicate registration of node: /*@nullable@*/
Object, formerNode: Object 
53799      ERROR Test worker     d.u.i.k.j.KeYJPMapping    Duplicate registration of node: /*@pure@*/
String, formerNode: String 
53799      ERROR Test worker     d.u.i.k.j.KeYJPMapping    Duplicate registration of node: char[], formerNode: char[] 
53799      ERROR Test worker     d.u.i.k.j.KeYJPMapping    Duplicate registration of node: int[], formerNode: int[] 
53799      ERROR Test worker     d.u.i.k.j.KeYJPMapping    Duplicate registration of value: testTermParserHeap.A::next;, formerValue: testTermParserHeap.A::next; 
53799      ERROR Test worker     d.u.i.k.j.KeYJPMapping    Duplicate registration of value: A testTermParserHeap.A::next;, formerValue: A testTermParserHeap.A::next; 
53861      INFO  Test worker     d.u.i.k.n.KeyIO           Parsing took 0 ms 
53861      DEBUG Test worker     d.u.i.k.n.KeyIO           Load declarations of de.uka.ilkd.key.nparser.KeyAst$File:  <unknown>:1#1 
53861      INFO  Test worker     d.u.i.k.n.KeyIO           MODE: declarations took 0 ms 
53861      DEBUG Test worker     d.u.i.k.n.KeyIO           MODE: 2nd degree decls took 0 
53861      INFO  Test worker     d.u.i.k.n.KeyIO           Parsing took 0 ms 
53861      DEBUG Test worker     d.u.i.k.n.KeyIO           Load declarations of de.uka.ilkd.key.nparser.KeyAst$File:  <unknown>:1#1 
53861      INFO  Test worker     d.u.i.k.n.KeyIO           MODE: declarations took 0 ms 
53861      DEBUG Test worker     d.u.i.k.n.KeyIO           MODE: 2nd degree decls took 0 
53861      INFO  Test worker     d.u.i.k.n.KeyIO           Parsing took 0 ms 
53861      DEBUG Test worker     d.u.i.k.n.KeyIO           Load declarations of de.uka.ilkd.key.nparser.KeyAst$File:  <unknown>:1#1 
53861      INFO  Test worker     d.u.i.k.n.KeyIO           MODE: declarations took 0 ms 
53861      DEBUG Test worker     d.u.i.k.n.KeyIO           MODE: 2nd degree decls took 0 
53861      INFO  Test worker     d.u.i.k.n.KeyIO           Parsing took 0 ms 
53861      DEBUG Test worker     d.u.i.k.n.KeyIO           Load declarations of de.uka.ilkd.key.nparser.KeyAst$File:  <unknown>:1#1 
53861      INFO  Test worker     d.u.i.k.n.KeyIO           MODE: declarations took 0 ms 
53861      DEBUG Test worker     d.u.i.k.n.KeyIO           MODE: 2nd degree decls took 0 
53861      INFO  Test worker     d.u.i.k.n.KeyIO           Parsing took 0 ms 
53861      DEBUG Test worker     d.u.i.k.n.KeyIO           Load declarations of de.uka.ilkd.key.nparser.KeyAst$File:  <unknown>:1#1 
53861      INFO  Test worker     d.u.i.k.n.KeyIO           MODE: declarations took 0 ms 
53861      DEBUG Test worker     d.u.i.k.n.KeyIO           MODE: 2nd degree decls took 0 
54019      ERROR Test worker     d.u.i.k.j.KeYJPMapping    Duplicate registration of node: boolean, formerNode: /*@ pure @*/
boolean 
54066      ERROR Test worker     d.u.i.k.j.KeYJPMapping    Duplicate registration of node: /*@pure*/
int, formerNode: int 
54066      ERROR Test worker     d.u.i.k.j.KeYJPMapping    Duplicate registration of node: /*@ helper */
int, formerNode: int 
54066      ERROR Test worker     d.u.i.k.j.KeYJPMapping    Duplicate registration of node: /*@ helper */
boolean, formerNode: /*@ pure @*/
boolean 
54066      ERROR Test worker     d.u.i.k.j.KeYJPMapping    Duplicate registration of node: /*@ helper */
char, formerNode: char 
54066      ERROR Test worker     d.u.i.k.j.KeYJPMapping    Duplicate registration of node: byte[], formerNode: byte[] 
54066      ERROR Test worker     d.u.i.k.j.KeYJPMapping    Duplicate registration of node: /*@ helper */
java.lang.String, formerNode: java.lang.String 
54097      ERROR Test worker     d.u.i.k.j.KeYJPMapping    Duplicate registration of node: /*@strictly_pure*/
java.lang.String, formerNode: java.lang.String 
54097      ERROR Test worker     d.u.i.k.j.KeYJPMapping    Duplicate registration of node: /*@nullable@*/
Object, formerNode: Object 
54128      ERROR Test worker     d.u.i.k.j.KeYJPMapping    Duplicate registration of node: /*@pure@*/
String, formerNode: String 
54144      ERROR Test worker     d.u.i.k.j.KeYJPMapping    Duplicate registration of node: char[], formerNode: char[] 
54144      ERROR Test worker     d.u.i.k.j.KeYJPMapping    Duplicate registration of node: int[], formerNode: int[] 
54144      ERROR Test worker     d.u.i.k.j.KeYJPMapping    Duplicate registration of value: testTermParserHeap.A::next;, formerValue: testTermParserHeap.A::next; 
54144      ERROR Test worker     d.u.i.k.j.KeYJPMapping    Duplicate registration of value: A testTermParserHeap.A::next;, formerValue: A testTermParserHeap.A::next; 
54206      INFO  Test worker     d.u.i.k.n.KeyIO           Parsing took 0 ms 
54206      DEBUG Test worker     d.u.i.k.n.KeyIO           Load declarations of de.uka.ilkd.key.nparser.KeyAst$File:  <unknown>:1#1 
54206      INFO  Test worker     d.u.i.k.n.KeyIO           MODE: declarations took 0 ms 
54206      DEBUG Test worker     d.u.i.k.n.KeyIO           MODE: 2nd degree decls took 0 
54206      INFO  Test worker     d.u.i.k.n.KeyIO           Parsing took 0 ms 
54206      DEBUG Test worker     d.u.i.k.n.KeyIO           Load declarations of de.uka.ilkd.key.nparser.KeyAst$File:  <unknown>:1#1 
54206      INFO  Test worker     d.u.i.k.n.KeyIO           MODE: declarations took 0 ms 
54206      DEBUG Test worker     d.u.i.k.n.KeyIO           MODE: 2nd degree decls took 0 
54206      INFO  Test worker     d.u.i.k.n.KeyIO           Parsing took 0 ms 
54206      DEBUG Test worker     d.u.i.k.n.KeyIO           Load declarations of de.uka.ilkd.key.nparser.KeyAst$File:  <unknown>:1#1 
54206      INFO  Test worker     d.u.i.k.n.KeyIO           MODE: declarations took 0 ms 
54206      DEBUG Test worker     d.u.i.k.n.KeyIO           MODE: 2nd degree decls took 0 
54206      INFO  Test worker     d.u.i.k.n.KeyIO           Parsing took 0 ms 
54206      DEBUG Test worker     d.u.i.k.n.KeyIO           Load declarations of de.uka.ilkd.key.nparser.KeyAst$File:  <unknown>:1#1 
54206      INFO  Test worker     d.u.i.k.n.KeyIO           MODE: declarations took 0 ms 
54206      DEBUG Test worker     d.u.i.k.n.KeyIO           MODE: 2nd degree decls took 0 
54206      INFO  Test worker     d.u.i.k.n.KeyIO           Parsing took 0 ms 
54206      DEBUG Test worker     d.u.i.k.n.KeyIO           Load declarations of de.uka.ilkd.key.nparser.KeyAst$File:  <unknown>:1#1 
54206      INFO  Test worker     d.u.i.k.n.KeyIO           MODE: declarations took 0 ms 
54206      DEBUG Test worker     d.u.i.k.n.KeyIO           MODE: 2nd degree decls took 0 
54338      ERROR Test worker     d.u.i.k.j.KeYJPMapping    Duplicate registration of node: boolean, formerNode: /*@ pure @*/
boolean 
54400      ERROR Test worker     d.u.i.k.j.KeYJPMapping    Duplicate registration of node: /*@pure*/
int, formerNode: int 
54400      ERROR Test worker     d.u.i.k.j.KeYJPMapping    Duplicate registration of node: /*@ helper */
int, formerNode: int 
54400      ERROR Test worker     d.u.i.k.j.KeYJPMapping    Duplicate registration of node: /*@ helper */
boolean, formerNode: /*@ pure @*/
boolean 
54400      ERROR Test worker     d.u.i.k.j.KeYJPMapping    Duplicate registration of node: /*@ helper */
char, formerNode: char 
54400      ERROR Test worker     d.u.i.k.j.KeYJPMapping    Duplicate registration of node: byte[], formerNode: byte[] 
54400      ERROR Test worker     d.u.i.k.j.KeYJPMapping    Duplicate registration of node: /*@ helper */
java.lang.String, formerNode: java.lang.String 
54431      ERROR Test worker     d.u.i.k.j.KeYJPMapping    Duplicate registration of node: /*@strictly_pure*/
java.lang.String, formerNode: java.lang.String 
54431      ERROR Test worker     d.u.i.k.j.KeYJPMapping    Duplicate registration of node: /*@nullable@*/
Object, formerNode: Object 
54478      ERROR Test worker     d.u.i.k.j.KeYJPMapping    Duplicate registration of node: /*@pure@*/
String, formerNode: String 
54478      ERROR Test worker     d.u.i.k.j.KeYJPMapping    Duplicate registration of node: char[], formerNode: char[] 
54478      ERROR Test worker     d.u.i.k.j.KeYJPMapping    Duplicate registration of node: int[], formerNode: int[] 
54478      ERROR Test worker     d.u.i.k.j.KeYJPMapping    Duplicate registration of value: testTermParserHeap.A::next;, formerValue: testTermParserHeap.A::next; 
54478      ERROR Test worker     d.u.i.k.j.KeYJPMapping    Duplicate registration of value: A testTermParserHeap.A::next;, formerValue: A testTermParserHeap.A::next; 
54540      INFO  Test worker     d.u.i.k.n.KeyIO           Parsing took 0 ms 
54540      DEBUG Test worker     d.u.i.k.n.KeyIO           Load declarations of de.uka.ilkd.key.nparser.KeyAst$File:  <unknown>:1#1 
54540      INFO  Test worker     d.u.i.k.n.KeyIO           MODE: declarations took 0 ms 
54540      DEBUG Test worker     d.u.i.k.n.KeyIO           MODE: 2nd degree decls took 0 
54540      INFO  Test worker     d.u.i.k.n.KeyIO           Parsing took 0 ms 
54540      DEBUG Test worker     d.u.i.k.n.KeyIO           Load declarations of de.uka.ilkd.key.nparser.KeyAst$File:  <unknown>:1#1 
54540      INFO  Test worker     d.u.i.k.n.KeyIO           MODE: declarations took 0 ms 
54540      DEBUG Test worker     d.u.i.k.n.KeyIO           MODE: 2nd degree decls took 0 
54540      INFO  Test worker     d.u.i.k.n.KeyIO           Parsing took 0 ms 
54540      DEBUG Test worker     d.u.i.k.n.KeyIO           Load declarations of de.uka.ilkd.key.nparser.KeyAst$File:  <unknown>:1#1 
54540      INFO  Test worker     d.u.i.k.n.KeyIO           MODE: declarations took 0 ms 
54540      DEBUG Test worker     d.u.i.k.n.KeyIO           MODE: 2nd degree decls took 0 
54540      INFO  Test worker     d.u.i.k.n.KeyIO           Parsing took 0 ms 
54540      DEBUG Test worker     d.u.i.k.n.KeyIO           Load declarations of de.uka.ilkd.key.nparser.KeyAst$File:  <unknown>:1#1 
54540      INFO  Test worker     d.u.i.k.n.KeyIO           MODE: declarations took 0 ms 
54540      DEBUG Test worker     d.u.i.k.n.KeyIO           MODE: 2nd degree decls took 0 
54540      INFO  Test worker     d.u.i.k.n.KeyIO           Parsing took 0 ms 
54540      DEBUG Test worker     d.u.i.k.n.KeyIO           Load declarations of de.uka.ilkd.key.nparser.KeyAst$File:  <unknown>:1#1 
54556      INFO  Test worker     d.u.i.k.n.KeyIO           MODE: declarations took 16 ms 
54556      DEBUG Test worker     d.u.i.k.n.KeyIO           MODE: 2nd degree decls took 0 
54681      ERROR Test worker     d.u.i.k.j.KeYJPMapping    Duplicate registration of node: boolean, formerNode: /*@ pure @*/
boolean 
54727      ERROR Test worker     d.u.i.k.j.KeYJPMapping    Duplicate registration of node: /*@pure*/
int, formerNode: int 
54743      ERROR Test worker     d.u.i.k.j.KeYJPMapping    Duplicate registration of node: /*@ helper */
int, formerNode: int 
54743      ERROR Test worker     d.u.i.k.j.KeYJPMapping    Duplicate registration of node: /*@ helper */
boolean, formerNode: /*@ pure @*/
boolean 
54743      ERROR Test worker     d.u.i.k.j.KeYJPMapping    Duplicate registration of node: /*@ helper */
char, formerNode: char 
54743      ERROR Test worker     d.u.i.k.j.KeYJPMapping    Duplicate registration of node: byte[], formerNode: byte[] 
54743      ERROR Test worker     d.u.i.k.j.KeYJPMapping    Duplicate registration of node: /*@ helper */
java.lang.String, formerNode: java.lang.String 
54759      ERROR Test worker     d.u.i.k.j.KeYJPMapping    Duplicate registration of node: /*@strictly_pure*/
java.lang.String, formerNode: java.lang.String 
54774      ERROR Test worker     d.u.i.k.j.KeYJPMapping    Duplicate registration of node: /*@nullable@*/
Object, formerNode: Object 
54806      ERROR Test worker     d.u.i.k.j.KeYJPMapping    Duplicate registration of node: /*@pure@*/
String, formerNode: String 
54821      ERROR Test worker     d.u.i.k.j.KeYJPMapping    Duplicate registration of node: char[], formerNode: char[] 
54821      ERROR Test worker     d.u.i.k.j.KeYJPMapping    Duplicate registration of node: int[], formerNode: int[] 
54821      ERROR Test worker     d.u.i.k.j.KeYJPMapping    Duplicate registration of value: testTermParserHeap.A::next;, formerValue: testTermParserHeap.A::next; 
54821      ERROR Test worker     d.u.i.k.j.KeYJPMapping    Duplicate registration of value: A testTermParserHeap.A::next;, formerValue: A testTermParserHeap.A::next; 
54884      INFO  Test worker     d.u.i.k.n.KeyIO           Parsing took 0 ms 
54884      DEBUG Test worker     d.u.i.k.n.KeyIO           Load declarations of de.uka.ilkd.key.nparser.KeyAst$File:  <unknown>:1#1 
54884      INFO  Test worker     d.u.i.k.n.KeyIO           MODE: declarations took 0 ms 
54884      DEBUG Test worker     d.u.i.k.n.KeyIO           MODE: 2nd degree decls took 0 
54884      INFO  Test worker     d.u.i.k.n.KeyIO           Parsing took 0 ms 
54884      DEBUG Test worker     d.u.i.k.n.KeyIO           Load declarations of de.uka.ilkd.key.nparser.KeyAst$File:  <unknown>:1#1 
54884      INFO  Test worker     d.u.i.k.n.KeyIO           MODE: declarations took 0 ms 
54884      DEBUG Test worker     d.u.i.k.n.KeyIO           MODE: 2nd degree decls took 0 
54884      INFO  Test worker     d.u.i.k.n.KeyIO           Parsing took 0 ms 
54884      DEBUG Test worker     d.u.i.k.n.KeyIO           Load declarations of de.uka.ilkd.key.nparser.KeyAst$File:  <unknown>:1#1 
54884      INFO  Test worker     d.u.i.k.n.KeyIO           MODE: declarations took 0 ms 
54884      DEBUG Test worker     d.u.i.k.n.KeyIO           MODE: 2nd degree decls took 0 
54884      INFO  Test worker     d.u.i.k.n.KeyIO           Parsing took 0 ms 
54884      DEBUG Test worker     d.u.i.k.n.KeyIO           Load declarations of de.uka.ilkd.key.nparser.KeyAst$File:  <unknown>:1#1 
54884      INFO  Test worker     d.u.i.k.n.KeyIO           MODE: declarations took 0 ms 
54884      DEBUG Test worker     d.u.i.k.n.KeyIO           MODE: 2nd degree decls took 0 
54884      INFO  Test worker     d.u.i.k.n.KeyIO           Parsing took 0 ms 
54884      DEBUG Test worker     d.u.i.k.n.KeyIO           Load declarations of de.uka.ilkd.key.nparser.KeyAst$File:  <unknown>:1#1 
54884      INFO  Test worker     d.u.i.k.n.KeyIO           MODE: declarations took 0 ms 
54884      DEBUG Test worker     d.u.i.k.n.KeyIO           MODE: 2nd degree decls took 0 
54884      ERROR Test worker     d.u.i.k.n.b.AbstractBuilder  java.lang.NullPointerException: Cannot invoke "de.uka.ilkd.key.nparser.KeYParser$CallContext.argument_list()" because the return value of "de.uka.ilkd.key.nparser.KeYParser$Attribute_complexContext.call()" is null
	at de.uka.ilkd.key.nparser.builder.ExpressionBuilder.visitAccesstermAsJava(ExpressionBuilder.java:1272)

55024      ERROR Test worker     d.u.i.k.j.KeYJPMapping    Duplicate registration of node: boolean, formerNode: /*@ pure @*/
boolean 
55072      ERROR Test worker     d.u.i.k.j.KeYJPMapping    Duplicate registration of node: /*@pure*/
int, formerNode: int 
55072      ERROR Test worker     d.u.i.k.j.KeYJPMapping    Duplicate registration of node: /*@ helper */
int, formerNode: int 
55072      ERROR Test worker     d.u.i.k.j.KeYJPMapping    Duplicate registration of node: /*@ helper */
boolean, formerNode: /*@ pure @*/
boolean 
55072      ERROR Test worker     d.u.i.k.j.KeYJPMapping    Duplicate registration of node: /*@ helper */
char, formerNode: char 
55072      ERROR Test worker     d.u.i.k.j.KeYJPMapping    Duplicate registration of node: byte[], formerNode: byte[] 
55087      ERROR Test worker     d.u.i.k.j.KeYJPMapping    Duplicate registration of node: /*@ helper */
java.lang.String, formerNode: java.lang.String 
55252      ERROR Test worker     d.u.i.k.j.KeYJPMapping    Duplicate registration of node: /*@strictly_pure*/
java.lang.String, formerNode: java.lang.String 
55252      ERROR Test worker     d.u.i.k.j.KeYJPMapping    Duplicate registration of node: /*@nullable@*/
Object, formerNode: Object 
55299      ERROR Test worker     d.u.i.k.j.KeYJPMapping    Duplicate registration of node: /*@pure@*/
String, formerNode: String 
55299      ERROR Test worker     d.u.i.k.j.KeYJPMapping    Duplicate registration of node: char[], formerNode: char[] 
55299      ERROR Test worker     d.u.i.k.j.KeYJPMapping    Duplicate registration of node: int[], formerNode: int[] 
55315      ERROR Test worker     d.u.i.k.j.KeYJPMapping    Duplicate registration of value: testTermParserHeap.A::next;, formerValue: testTermParserHeap.A::next; 
55315      ERROR Test worker     d.u.i.k.j.KeYJPMapping    Duplicate registration of value: A testTermParserHeap.A::next;, formerValue: A testTermParserHeap.A::next; 
55362      INFO  Test worker     d.u.i.k.n.KeyIO           Parsing took 0 ms 
55362      DEBUG Test worker     d.u.i.k.n.KeyIO           Load declarations of de.uka.ilkd.key.nparser.KeyAst$File:  <unknown>:1#1 
55362      INFO  Test worker     d.u.i.k.n.KeyIO           MODE: declarations took 0 ms 
55362      DEBUG Test worker     d.u.i.k.n.KeyIO           MODE: 2nd degree decls took 0 
55362      INFO  Test worker     d.u.i.k.n.KeyIO           Parsing took 0 ms 
55362      DEBUG Test worker     d.u.i.k.n.KeyIO           Load declarations of de.uka.ilkd.key.nparser.KeyAst$File:  <unknown>:1#1 
55362      INFO  Test worker     d.u.i.k.n.KeyIO           MODE: declarations took 0 ms 
55362      DEBUG Test worker     d.u.i.k.n.KeyIO           MODE: 2nd degree decls took 0 
55362      INFO  Test worker     d.u.i.k.n.KeyIO           Parsing took 0 ms 
55362      DEBUG Test worker     d.u.i.k.n.KeyIO           Load declarations of de.uka.ilkd.key.nparser.KeyAst$File:  <unknown>:1#1 
55362      INFO  Test worker     d.u.i.k.n.KeyIO           MODE: declarations took 0 ms 
55362      DEBUG Test worker     d.u.i.k.n.KeyIO           MODE: 2nd degree decls took 0 
55362      INFO  Test worker     d.u.i.k.n.KeyIO           Parsing took 0 ms 
55362      DEBUG Test worker     d.u.i.k.n.KeyIO           Load declarations of de.uka.ilkd.key.nparser.KeyAst$File:  <unknown>:1#1 
55362      INFO  Test worker     d.u.i.k.n.KeyIO           MODE: declarations took 0 ms 
55362      DEBUG Test worker     d.u.i.k.n.KeyIO           MODE: 2nd degree decls took 0 
55362      INFO  Test worker     d.u.i.k.n.KeyIO           Parsing took 0 ms 
55362      DEBUG Test worker     d.u.i.k.n.KeyIO           Load declarations of de.uka.ilkd.key.nparser.KeyAst$File:  <unknown>:1#1 
55362      INFO  Test worker     d.u.i.k.n.KeyIO           MODE: declarations took 0 ms 
55362      DEBUG Test worker     d.u.i.k.n.KeyIO           MODE: 2nd degree decls took 0 
55509      ERROR Test worker     d.u.i.k.j.KeYJPMapping    Duplicate registration of node: boolean, formerNode: /*@ pure @*/
boolean 
55540      ERROR Test worker     d.u.i.k.j.KeYJPMapping    Duplicate registration of node: /*@pure*/
int, formerNode: int 
55556      ERROR Test worker     d.u.i.k.j.KeYJPMapping    Duplicate registration of node: /*@ helper */
int, formerNode: int 
55556      ERROR Test worker     d.u.i.k.j.KeYJPMapping    Duplicate registration of node: /*@ helper */
boolean, formerNode: /*@ pure @*/
boolean 
55556      ERROR Test worker     d.u.i.k.j.KeYJPMapping    Duplicate registration of node: /*@ helper */
char, formerNode: char 
55556      ERROR Test worker     d.u.i.k.j.KeYJPMapping    Duplicate registration of node: byte[], formerNode: byte[] 
55556      ERROR Test worker     d.u.i.k.j.KeYJPMapping    Duplicate registration of node: /*@ helper */
java.lang.String, formerNode: java.lang.String 
55571      ERROR Test worker     d.u.i.k.j.KeYJPMapping    Duplicate registration of node: /*@strictly_pure*/
java.lang.String, formerNode: java.lang.String 
55587      ERROR Test worker     d.u.i.k.j.KeYJPMapping    Duplicate registration of node: /*@nullable@*/
Object, formerNode: Object 
55618      ERROR Test worker     d.u.i.k.j.KeYJPMapping    Duplicate registration of node: /*@pure@*/
String, formerNode: String 
55634      ERROR Test worker     d.u.i.k.j.KeYJPMapping    Duplicate registration of node: char[], formerNode: char[] 
55634      ERROR Test worker     d.u.i.k.j.KeYJPMapping    Duplicate registration of node: int[], formerNode: int[] 
55634      ERROR Test worker     d.u.i.k.j.KeYJPMapping    Duplicate registration of value: testTermParserHeap.A::next;, formerValue: testTermParserHeap.A::next; 
55634      ERROR Test worker     d.u.i.k.j.KeYJPMapping    Duplicate registration of value: A testTermParserHeap.A::next;, formerValue: A testTermParserHeap.A::next; 
55696      INFO  Test worker     d.u.i.k.n.KeyIO           Parsing took 0 ms 
55696      DEBUG Test worker     d.u.i.k.n.KeyIO           Load declarations of de.uka.ilkd.key.nparser.KeyAst$File:  <unknown>:1#1 
55696      INFO  Test worker     d.u.i.k.n.KeyIO           MODE: declarations took 0 ms 
55696      DEBUG Test worker     d.u.i.k.n.KeyIO           MODE: 2nd degree decls took 0 
55696      INFO  Test worker     d.u.i.k.n.KeyIO           Parsing took 0 ms 
55696      DEBUG Test worker     d.u.i.k.n.KeyIO           Load declarations of de.uka.ilkd.key.nparser.KeyAst$File:  <unknown>:1#1 
55696      INFO  Test worker     d.u.i.k.n.KeyIO           MODE: declarations took 0 ms 
55696      DEBUG Test worker     d.u.i.k.n.KeyIO           MODE: 2nd degree decls took 0 
55696      INFO  Test worker     d.u.i.k.n.KeyIO           Parsing took 0 ms 
55696      DEBUG Test worker     d.u.i.k.n.KeyIO           Load declarations of de.uka.ilkd.key.nparser.KeyAst$File:  <unknown>:1#1 
55696      INFO  Test worker     d.u.i.k.n.KeyIO           MODE: declarations took 0 ms 
55696      DEBUG Test worker     d.u.i.k.n.KeyIO           MODE: 2nd degree decls took 0 
55696      INFO  Test worker     d.u.i.k.n.KeyIO           Parsing took 0 ms 
55696      DEBUG Test worker     d.u.i.k.n.KeyIO           Load declarations of de.uka.ilkd.key.nparser.KeyAst$File:  <unknown>:1#1 
55696      INFO  Test worker     d.u.i.k.n.KeyIO           MODE: declarations took 0 ms 
55696      DEBUG Test worker     d.u.i.k.n.KeyIO           MODE: 2nd degree decls took 0 
55696      INFO  Test worker     d.u.i.k.n.KeyIO           Parsing took 0 ms 
55696      DEBUG Test worker     d.u.i.k.n.KeyIO           Load declarations of de.uka.ilkd.key.nparser.KeyAst$File:  <unknown>:1#1 
55696      INFO  Test worker     d.u.i.k.n.KeyIO           MODE: declarations took 0 ms 
55696      DEBUG Test worker     d.u.i.k.n.KeyIO           MODE: 2nd degree decls took 0 
55821      ERROR Test worker     d.u.i.k.j.KeYJPMapping    Duplicate registration of node: boolean, formerNode: /*@ pure @*/
boolean 
55884      ERROR Test worker     d.u.i.k.j.KeYJPMapping    Duplicate registration of node: /*@pure*/
int, formerNode: int 
55884      ERROR Test worker     d.u.i.k.j.KeYJPMapping    Duplicate registration of node: /*@ helper */
int, formerNode: int 
55884      ERROR Test worker     d.u.i.k.j.KeYJPMapping    Duplicate registration of node: /*@ helper */
boolean, formerNode: /*@ pure @*/
boolean 
55884      ERROR Test worker     d.u.i.k.j.KeYJPMapping    Duplicate registration of node: /*@ helper */
char, formerNode: char 
55884      ERROR Test worker     d.u.i.k.j.KeYJPMapping    Duplicate registration of node: byte[], formerNode: byte[] 
55884      ERROR Test worker     d.u.i.k.j.KeYJPMapping    Duplicate registration of node: /*@ helper */
java.lang.String, formerNode: java.lang.String 
55915      ERROR Test worker     d.u.i.k.j.KeYJPMapping    Duplicate registration of node: /*@strictly_pure*/
java.lang.String, formerNode: java.lang.String 
55915      ERROR Test worker     d.u.i.k.j.KeYJPMapping    Duplicate registration of node: /*@nullable@*/
Object, formerNode: Object 
55962      ERROR Test worker     d.u.i.k.j.KeYJPMapping    Duplicate registration of node: /*@pure@*/
String, formerNode: String 
55962      ERROR Test worker     d.u.i.k.j.KeYJPMapping    Duplicate registration of node: char[], formerNode: char[] 
55962      ERROR Test worker     d.u.i.k.j.KeYJPMapping    Duplicate registration of node: int[], formerNode: int[] 
55962      ERROR Test worker     d.u.i.k.j.KeYJPMapping    Duplicate registration of value: testTermParserHeap.A::next;, formerValue: testTermParserHeap.A::next; 
55962      ERROR Test worker     d.u.i.k.j.KeYJPMapping    Duplicate registration of value: A testTermParserHeap.A::next;, formerValue: A testTermParserHeap.A::next; 
56025      INFO  Test worker     d.u.i.k.n.KeyIO           Parsing took 0 ms 
56025      DEBUG Test worker     d.u.i.k.n.KeyIO           Load declarations of de.uka.ilkd.key.nparser.KeyAst$File:  <unknown>:1#1 
56025      INFO  Test worker     d.u.i.k.n.KeyIO           MODE: declarations took 0 ms 
56025      DEBUG Test worker     d.u.i.k.n.KeyIO           MODE: 2nd degree decls took 0 
56025      INFO  Test worker     d.u.i.k.n.KeyIO           Parsing took 0 ms 
56025      DEBUG Test worker     d.u.i.k.n.KeyIO           Load declarations of de.uka.ilkd.key.nparser.KeyAst$File:  <unknown>:1#1 
56025      INFO  Test worker     d.u.i.k.n.KeyIO           MODE: declarations took 0 ms 
56025      DEBUG Test worker     d.u.i.k.n.KeyIO           MODE: 2nd degree decls took 0 
56025      INFO  Test worker     d.u.i.k.n.KeyIO           Parsing took 0 ms 
56025      DEBUG Test worker     d.u.i.k.n.KeyIO           Load declarations of de.uka.ilkd.key.nparser.KeyAst$File:  <unknown>:1#1 
56025      INFO  Test worker     d.u.i.k.n.KeyIO           MODE: declarations took 0 ms 
56025      DEBUG Test worker     d.u.i.k.n.KeyIO           MODE: 2nd degree decls took 0 
56025      INFO  Test worker     d.u.i.k.n.KeyIO           Parsing took 0 ms 
56025      DEBUG Test worker     d.u.i.k.n.KeyIO           Load declarations of de.uka.ilkd.key.nparser.KeyAst$File:  <unknown>:1#1 
56025      INFO  Test worker     d.u.i.k.n.KeyIO           MODE: declarations took 0 ms 
56025      DEBUG Test worker     d.u.i.k.n.KeyIO           MODE: 2nd degree decls took 0 
56025      INFO  Test worker     d.u.i.k.n.KeyIO           Parsing took 0 ms 
56025      DEBUG Test worker     d.u.i.k.n.KeyIO           Load declarations of de.uka.ilkd.key.nparser.KeyAst$File:  <unknown>:1#1 
56025      INFO  Test worker     d.u.i.k.n.KeyIO           MODE: declarations took 0 ms 
56025      DEBUG Test worker     d.u.i.k.n.KeyIO           MODE: 2nd degree decls took 0 
56165      ERROR Test worker     d.u.i.k.j.KeYJPMapping    Duplicate registration of node: boolean, formerNode: /*@ pure @*/
boolean 
56212      ERROR Test worker     d.u.i.k.j.KeYJPMapping    Duplicate registration of node: /*@pure*/
int, formerNode: int 
56212      ERROR Test worker     d.u.i.k.j.KeYJPMapping    Duplicate registration of node: /*@ helper */
int, formerNode: int 
56212      ERROR Test worker     d.u.i.k.j.KeYJPMapping    Duplicate registration of node: /*@ helper */
boolean, formerNode: /*@ pure @*/
boolean 
56212      ERROR Test worker     d.u.i.k.j.KeYJPMapping    Duplicate registration of node: /*@ helper */
char, formerNode: char 
56212      ERROR Test worker     d.u.i.k.j.KeYJPMapping    Duplicate registration of node: byte[], formerNode: byte[] 
56228      ERROR Test worker     d.u.i.k.j.KeYJPMapping    Duplicate registration of node: /*@ helper */
java.lang.String, formerNode: java.lang.String 
56244      ERROR Test worker     d.u.i.k.j.KeYJPMapping    Duplicate registration of node: /*@strictly_pure*/
java.lang.String, formerNode: java.lang.String 
56244      ERROR Test worker     d.u.i.k.j.KeYJPMapping    Duplicate registration of node: /*@nullable@*/
Object, formerNode: Object 
56290      ERROR Test worker     d.u.i.k.j.KeYJPMapping    Duplicate registration of node: /*@pure@*/
String, formerNode: String 
56290      ERROR Test worker     d.u.i.k.j.KeYJPMapping    Duplicate registration of node: char[], formerNode: char[] 
56290      ERROR Test worker     d.u.i.k.j.KeYJPMapping    Duplicate registration of node: int[], formerNode: int[] 
56306      ERROR Test worker     d.u.i.k.j.KeYJPMapping    Duplicate registration of value: testTermParserHeap.A::next;, formerValue: testTermParserHeap.A::next; 
56306      ERROR Test worker     d.u.i.k.j.KeYJPMapping    Duplicate registration of value: A testTermParserHeap.A::next;, formerValue: A testTermParserHeap.A::next; 
56353      INFO  Test worker     d.u.i.k.n.KeyIO           Parsing took 0 ms 
56353      DEBUG Test worker     d.u.i.k.n.KeyIO           Load declarations of de.uka.ilkd.key.nparser.KeyAst$File:  <unknown>:1#1 
56353      INFO  Test worker     d.u.i.k.n.KeyIO           MODE: declarations took 0 ms 
56353      DEBUG Test worker     d.u.i.k.n.KeyIO           MODE: 2nd degree decls took 0 
56353      INFO  Test worker     d.u.i.k.n.KeyIO           Parsing took 0 ms 
56353      DEBUG Test worker     d.u.i.k.n.KeyIO           Load declarations of de.uka.ilkd.key.nparser.KeyAst$File:  <unknown>:1#1 
56353      INFO  Test worker     d.u.i.k.n.KeyIO           MODE: declarations took 0 ms 
56353      DEBUG Test worker     d.u.i.k.n.KeyIO           MODE: 2nd degree decls took 0 
56353      INFO  Test worker     d.u.i.k.n.KeyIO           Parsing took 0 ms 
56353      DEBUG Test worker     d.u.i.k.n.KeyIO           Load declarations of de.uka.ilkd.key.nparser.KeyAst$File:  <unknown>:1#1 
56353      INFO  Test worker     d.u.i.k.n.KeyIO           MODE: declarations took 0 ms 
56353      DEBUG Test worker     d.u.i.k.n.KeyIO           MODE: 2nd degree decls took 0 
56353      INFO  Test worker     d.u.i.k.n.KeyIO           Parsing took 0 ms 
56353      DEBUG Test worker     d.u.i.k.n.KeyIO           Load declarations of de.uka.ilkd.key.nparser.KeyAst$File:  <unknown>:1#1 
56353      INFO  Test worker     d.u.i.k.n.KeyIO           MODE: declarations took 0 ms 
56353      DEBUG Test worker     d.u.i.k.n.KeyIO           MODE: 2nd degree decls took 0 
56353      INFO  Test worker     d.u.i.k.n.KeyIO           Parsing took 0 ms 
56353      DEBUG Test worker     d.u.i.k.n.KeyIO           Load declarations of de.uka.ilkd.key.nparser.KeyAst$File:  <unknown>:1#1 
56369      INFO  Test worker     d.u.i.k.n.KeyIO           MODE: declarations took 16 ms 
56369      DEBUG Test worker     d.u.i.k.n.KeyIO           MODE: 2nd degree decls took 0 
56494      ERROR Test worker     d.u.i.k.j.KeYJPMapping    Duplicate registration of node: boolean, formerNode: /*@ pure @*/
boolean 
56540      ERROR Test worker     d.u.i.k.j.KeYJPMapping    Duplicate registration of node: /*@pure*/
int, formerNode: int 
56540      ERROR Test worker     d.u.i.k.j.KeYJPMapping    Duplicate registration of node: /*@ helper */
int, formerNode: int 
56540      ERROR Test worker     d.u.i.k.j.KeYJPMapping    Duplicate registration of node: /*@ helper */
boolean, formerNode: /*@ pure @*/
boolean 
56540      ERROR Test worker     d.u.i.k.j.KeYJPMapping    Duplicate registration of node: /*@ helper */
char, formerNode: char 
56540      ERROR Test worker     d.u.i.k.j.KeYJPMapping    Duplicate registration of node: byte[], formerNode: byte[] 
56540      ERROR Test worker     d.u.i.k.j.KeYJPMapping    Duplicate registration of node: /*@ helper */
java.lang.String, formerNode: java.lang.String 
56556      ERROR Test worker     d.u.i.k.j.KeYJPMapping    Duplicate registration of node: /*@strictly_pure*/
java.lang.String, formerNode: java.lang.String 
56572      ERROR Test worker     d.u.i.k.j.KeYJPMapping    Duplicate registration of node: /*@nullable@*/
Object, formerNode: Object 
56619      ERROR Test worker     d.u.i.k.j.KeYJPMapping    Duplicate registration of node: /*@pure@*/
String, formerNode: String 
56619      ERROR Test worker     d.u.i.k.j.KeYJPMapping    Duplicate registration of node: char[], formerNode: char[] 
56619      ERROR Test worker     d.u.i.k.j.KeYJPMapping    Duplicate registration of node: int[], formerNode: int[] 
56619      ERROR Test worker     d.u.i.k.j.KeYJPMapping    Duplicate registration of value: testTermParserHeap.A::next;, formerValue: testTermParserHeap.A::next; 
56619      ERROR Test worker     d.u.i.k.j.KeYJPMapping    Duplicate registration of value: A testTermParserHeap.A::next;, formerValue: A testTermParserHeap.A::next; 
56681      INFO  Test worker     d.u.i.k.n.KeyIO           Parsing took 0 ms 
56681      DEBUG Test worker     d.u.i.k.n.KeyIO           Load declarations of de.uka.ilkd.key.nparser.KeyAst$File:  <unknown>:1#1 
56681      INFO  Test worker     d.u.i.k.n.KeyIO           MODE: declarations took 0 ms 
56681      DEBUG Test worker     d.u.i.k.n.KeyIO           MODE: 2nd degree decls took 0 
56681      INFO  Test worker     d.u.i.k.n.KeyIO           Parsing took 0 ms 
56681      DEBUG Test worker     d.u.i.k.n.KeyIO           Load declarations of de.uka.ilkd.key.nparser.KeyAst$File:  <unknown>:1#1 
56681      INFO  Test worker     d.u.i.k.n.KeyIO           MODE: declarations took 0 ms 
56681      DEBUG Test worker     d.u.i.k.n.KeyIO           MODE: 2nd degree decls took 0 
56681      INFO  Test worker     d.u.i.k.n.KeyIO           Parsing took 0 ms 
56681      DEBUG Test worker     d.u.i.k.n.KeyIO           Load declarations of de.uka.ilkd.key.nparser.KeyAst$File:  <unknown>:1#1 
56681      INFO  Test worker     d.u.i.k.n.KeyIO           MODE: declarations took 0 ms 
56681      DEBUG Test worker     d.u.i.k.n.KeyIO           MODE: 2nd degree decls took 0 
56681      INFO  Test worker     d.u.i.k.n.KeyIO           Parsing took 0 ms 
56681      DEBUG Test worker     d.u.i.k.n.KeyIO           Load declarations of de.uka.ilkd.key.nparser.KeyAst$File:  <unknown>:1#1 
56681      INFO  Test worker     d.u.i.k.n.KeyIO           MODE: declarations took 0 ms 
56681      DEBUG Test worker     d.u.i.k.n.KeyIO           MODE: 2nd degree decls took 0 
56681      INFO  Test worker     d.u.i.k.n.KeyIO           Parsing took 0 ms 
56681      DEBUG Test worker     d.u.i.k.n.KeyIO           Load declarations of de.uka.ilkd.key.nparser.KeyAst$File:  <unknown>:1#1 
56681      INFO  Test worker     d.u.i.k.n.KeyIO           MODE: declarations took 0 ms 
56681      DEBUG Test worker     d.u.i.k.n.KeyIO           MODE: 2nd degree decls took 0 
56806      ERROR Test worker     d.u.i.k.j.KeYJPMapping    Duplicate registration of node: boolean, formerNode: /*@ pure @*/
boolean 
56853      ERROR Test worker     d.u.i.k.j.KeYJPMapping    Duplicate registration of node: /*@pure*/
int, formerNode: int 
56853      ERROR Test worker     d.u.i.k.j.KeYJPMapping    Duplicate registration of node: /*@ helper */
int, formerNode: int 
56853      ERROR Test worker     d.u.i.k.j.KeYJPMapping    Duplicate registration of node: /*@ helper */
boolean, formerNode: /*@ pure @*/
boolean 
56853      ERROR Test worker     d.u.i.k.j.KeYJPMapping    Duplicate registration of node: /*@ helper */
char, formerNode: char 
56853      ERROR Test worker     d.u.i.k.j.KeYJPMapping    Duplicate registration of node: byte[], formerNode: byte[] 
56869      ERROR Test worker     d.u.i.k.j.KeYJPMapping    Duplicate registration of node: /*@ helper */
java.lang.String, formerNode: java.lang.String 
56884      ERROR Test worker     d.u.i.k.j.KeYJPMapping    Duplicate registration of node: /*@strictly_pure*/
java.lang.String, formerNode: java.lang.String 
56900      ERROR Test worker     d.u.i.k.j.KeYJPMapping    Duplicate registration of node: /*@nullable@*/
Object, formerNode: Object 
56936      ERROR Test worker     d.u.i.k.j.KeYJPMapping    Duplicate registration of node: /*@pure@*/
String, formerNode: String 
56936      ERROR Test worker     d.u.i.k.j.KeYJPMapping    Duplicate registration of node: char[], formerNode: char[] 
56936      ERROR Test worker     d.u.i.k.j.KeYJPMapping    Duplicate registration of node: int[], formerNode: int[] 
56952      ERROR Test worker     d.u.i.k.j.KeYJPMapping    Duplicate registration of value: testTermParserHeap.A::next;, formerValue: testTermParserHeap.A::next; 
56952      ERROR Test worker     d.u.i.k.j.KeYJPMapping    Duplicate registration of value: A testTermParserHeap.A::next;, formerValue: A testTermParserHeap.A::next; 
56999      INFO  Test worker     d.u.i.k.n.KeyIO           Parsing took 0 ms 
56999      DEBUG Test worker     d.u.i.k.n.KeyIO           Load declarations of de.uka.ilkd.key.nparser.KeyAst$File:  <unknown>:1#1 
56999      INFO  Test worker     d.u.i.k.n.KeyIO           MODE: declarations took 0 ms 
56999      DEBUG Test worker     d.u.i.k.n.KeyIO           MODE: 2nd degree decls took 0 
56999      INFO  Test worker     d.u.i.k.n.KeyIO           Parsing took 0 ms 
56999      DEBUG Test worker     d.u.i.k.n.KeyIO           Load declarations of de.uka.ilkd.key.nparser.KeyAst$File:  <unknown>:1#1 
56999      INFO  Test worker     d.u.i.k.n.KeyIO           MODE: declarations took 0 ms 
56999      DEBUG Test worker     d.u.i.k.n.KeyIO           MODE: 2nd degree decls took 0 
56999      INFO  Test worker     d.u.i.k.n.KeyIO           Parsing took 0 ms 
56999      DEBUG Test worker     d.u.i.k.n.KeyIO           Load declarations of de.uka.ilkd.key.nparser.KeyAst$File:  <unknown>:1#1 
56999      INFO  Test worker     d.u.i.k.n.KeyIO           MODE: declarations took 0 ms 
56999      DEBUG Test worker     d.u.i.k.n.KeyIO           MODE: 2nd degree decls took 0 
56999      INFO  Test worker     d.u.i.k.n.KeyIO           Parsing took 0 ms 
56999      DEBUG Test worker     d.u.i.k.n.KeyIO           Load declarations of de.uka.ilkd.key.nparser.KeyAst$File:  <unknown>:1#1 
56999      INFO  Test worker     d.u.i.k.n.KeyIO           MODE: declarations took 0 ms 
56999      DEBUG Test worker     d.u.i.k.n.KeyIO           MODE: 2nd degree decls took 0 
56999      INFO  Test worker     d.u.i.k.n.KeyIO           Parsing took 0 ms 
56999      DEBUG Test worker     d.u.i.k.n.KeyIO           Load declarations of de.uka.ilkd.key.nparser.KeyAst$File:  <unknown>:1#1 
56999      INFO  Test worker     d.u.i.k.n.KeyIO           MODE: declarations took 0 ms 
56999      DEBUG Test worker     d.u.i.k.n.KeyIO           MODE: 2nd degree decls took 0 
57015      WARN  Test worker     d.u.i.k.n.KeYParser       [syntax-error] null:1:11: mismatched input '@' expecting {'/', ':=', '.', '(', ')', '{', '[', '@', PARALLEL, OR, AND, IMP, '=', NOT_EQUALS, '%', '*', '-', '+', '>', GREATEREQUAL, '<', LESSEQUAL, LGUILLEMETS, EQV} [@11,11:11='@',<153>,1:11] (termEOF) 
57153      ERROR Test worker     d.u.i.k.j.KeYJPMapping    Duplicate registration of node: boolean, formerNode: /*@ pure @*/
boolean 
57188      ERROR Test worker     d.u.i.k.j.KeYJPMapping    Duplicate registration of node: /*@pure*/
int, formerNode: int 
57204      ERROR Test worker     d.u.i.k.j.KeYJPMapping    Duplicate registration of node: /*@ helper */
int, formerNode: int 
57204      ERROR Test worker     d.u.i.k.j.KeYJPMapping    Duplicate registration of node: /*@ helper */
boolean, formerNode: /*@ pure @*/
boolean 
57204      ERROR Test worker     d.u.i.k.j.KeYJPMapping    Duplicate registration of node: /*@ helper */
char, formerNode: char 
57204      ERROR Test worker     d.u.i.k.j.KeYJPMapping    Duplicate registration of node: byte[], formerNode: byte[] 
57204      ERROR Test worker     d.u.i.k.j.KeYJPMapping    Duplicate registration of node: /*@ helper */
java.lang.String, formerNode: java.lang.String 
57419      ERROR Test worker     d.u.i.k.j.KeYJPMapping    Duplicate registration of node: /*@strictly_pure*/
java.lang.String, formerNode: java.lang.String 
57424      ERROR Test worker     d.u.i.k.j.KeYJPMapping    Duplicate registration of node: /*@nullable@*/
Object, formerNode: Object 
57466      ERROR Test worker     d.u.i.k.j.KeYJPMapping    Duplicate registration of node: /*@pure@*/
String, formerNode: String 
57473      ERROR Test worker     d.u.i.k.j.KeYJPMapping    Duplicate registration of node: char[], formerNode: char[] 
57473      ERROR Test worker     d.u.i.k.j.KeYJPMapping    Duplicate registration of node: int[], formerNode: int[] 
57478      ERROR Test worker     d.u.i.k.j.KeYJPMapping    Duplicate registration of value: testTermParserHeap.A::next;, formerValue: testTermParserHeap.A::next; 
57478      ERROR Test worker     d.u.i.k.j.KeYJPMapping    Duplicate registration of value: A testTermParserHeap.A::next;, formerValue: A testTermParserHeap.A::next; 
57533      INFO  Test worker     d.u.i.k.n.KeyIO           Parsing took 0 ms 
57533      DEBUG Test worker     d.u.i.k.n.KeyIO           Load declarations of de.uka.ilkd.key.nparser.KeyAst$File:  <unknown>:1#1 
57533      INFO  Test worker     d.u.i.k.n.KeyIO           MODE: declarations took 0 ms 
57533      DEBUG Test worker     d.u.i.k.n.KeyIO           MODE: 2nd degree decls took 0 
57534      INFO  Test worker     d.u.i.k.n.KeyIO           Parsing took 1 ms 
57534      DEBUG Test worker     d.u.i.k.n.KeyIO           Load declarations of de.uka.ilkd.key.nparser.KeyAst$File:  <unknown>:1#1 
57534      INFO  Test worker     d.u.i.k.n.KeyIO           MODE: declarations took 0 ms 
57534      DEBUG Test worker     d.u.i.k.n.KeyIO           MODE: 2nd degree decls took 0 
57534      INFO  Test worker     d.u.i.k.n.KeyIO           Parsing took 0 ms 
57534      DEBUG Test worker     d.u.i.k.n.KeyIO           Load declarations of de.uka.ilkd.key.nparser.KeyAst$File:  <unknown>:1#1 
57534      INFO  Test worker     d.u.i.k.n.KeyIO           MODE: declarations took 0 ms 
57534      DEBUG Test worker     d.u.i.k.n.KeyIO           MODE: 2nd degree decls took 0 
57534      INFO  Test worker     d.u.i.k.n.KeyIO           Parsing took 0 ms 
57534      DEBUG Test worker     d.u.i.k.n.KeyIO           Load declarations of de.uka.ilkd.key.nparser.KeyAst$File:  <unknown>:1#1 
57534      INFO  Test worker     d.u.i.k.n.KeyIO           MODE: declarations took 0 ms 
57534      DEBUG Test worker     d.u.i.k.n.KeyIO           MODE: 2nd degree decls took 0 
57534      INFO  Test worker     d.u.i.k.n.KeyIO           Parsing took 0 ms 
57534      DEBUG Test worker     d.u.i.k.n.KeyIO           Load declarations of de.uka.ilkd.key.nparser.KeyAst$File:  <unknown>:1#1 
57534      INFO  Test worker     d.u.i.k.n.KeyIO           MODE: declarations took 0 ms 
57534      DEBUG Test worker     d.u.i.k.n.KeyIO           MODE: 2nd degree decls took 0 
57682      ERROR Test worker     d.u.i.k.j.KeYJPMapping    Duplicate registration of node: boolean, formerNode: /*@ pure @*/
boolean 
57720      ERROR Test worker     d.u.i.k.j.KeYJPMapping    Duplicate registration of node: /*@pure*/
int, formerNode: int 
57720      ERROR Test worker     d.u.i.k.j.KeYJPMapping    Duplicate registration of node: /*@ helper */
int, formerNode: int 
57720      ERROR Test worker     d.u.i.k.j.KeYJPMapping    Duplicate registration of node: /*@ helper */
boolean, formerNode: /*@ pure @*/
boolean 
57720      ERROR Test worker     d.u.i.k.j.KeYJPMapping    Duplicate registration of node: /*@ helper */
char, formerNode: char 
57720      ERROR Test worker     d.u.i.k.j.KeYJPMapping    Duplicate registration of node: byte[], formerNode: byte[] 
57736      ERROR Test worker     d.u.i.k.j.KeYJPMapping    Duplicate registration of node: /*@ helper */
java.lang.String, formerNode: java.lang.String 
57751      ERROR Test worker     d.u.i.k.j.KeYJPMapping    Duplicate registration of node: /*@strictly_pure*/
java.lang.String, formerNode: java.lang.String 
57751      ERROR Test worker     d.u.i.k.j.KeYJPMapping    Duplicate registration of node: /*@nullable@*/
Object, formerNode: Object 
57798      ERROR Test worker     d.u.i.k.j.KeYJPMapping    Duplicate registration of node: /*@pure@*/
String, formerNode: String 
57798      ERROR Test worker     d.u.i.k.j.KeYJPMapping    Duplicate registration of node: char[], formerNode: char[] 
57798      ERROR Test worker     d.u.i.k.j.KeYJPMapping    Duplicate registration of node: int[], formerNode: int[] 
57814      ERROR Test worker     d.u.i.k.j.KeYJPMapping    Duplicate registration of value: testTermParserHeap.A::next;, formerValue: testTermParserHeap.A::next; 
57814      ERROR Test worker     d.u.i.k.j.KeYJPMapping    Duplicate registration of value: A testTermParserHeap.A::next;, formerValue: A testTermParserHeap.A::next; 
57861      INFO  Test worker     d.u.i.k.n.KeyIO           Parsing took 0 ms 
57861      DEBUG Test worker     d.u.i.k.n.KeyIO           Load declarations of de.uka.ilkd.key.nparser.KeyAst$File:  <unknown>:1#1 
57861      INFO  Test worker     d.u.i.k.n.KeyIO           MODE: declarations took 0 ms 
57861      DEBUG Test worker     d.u.i.k.n.KeyIO           MODE: 2nd degree decls took 0 
57861      INFO  Test worker     d.u.i.k.n.KeyIO           Parsing took 0 ms 
57861      DEBUG Test worker     d.u.i.k.n.KeyIO           Load declarations of de.uka.ilkd.key.nparser.KeyAst$File:  <unknown>:1#1 
57861      INFO  Test worker     d.u.i.k.n.KeyIO           MODE: declarations took 0 ms 
57861      DEBUG Test worker     d.u.i.k.n.KeyIO           MODE: 2nd degree decls took 0 
57861      INFO  Test worker     d.u.i.k.n.KeyIO           Parsing took 0 ms 
57861      DEBUG Test worker     d.u.i.k.n.KeyIO           Load declarations of de.uka.ilkd.key.nparser.KeyAst$File:  <unknown>:1#1 
57861      INFO  Test worker     d.u.i.k.n.KeyIO           MODE: declarations took 0 ms 
57861      DEBUG Test worker     d.u.i.k.n.KeyIO           MODE: 2nd degree decls took 0 
57861      INFO  Test worker     d.u.i.k.n.KeyIO           Parsing took 0 ms 
57861      DEBUG Test worker     d.u.i.k.n.KeyIO           Load declarations of de.uka.ilkd.key.nparser.KeyAst$File:  <unknown>:1#1 
57861      INFO  Test worker     d.u.i.k.n.KeyIO           MODE: declarations took 0 ms 
57861      DEBUG Test worker     d.u.i.k.n.KeyIO           MODE: 2nd degree decls took 0 
57861      INFO  Test worker     d.u.i.k.n.KeyIO           Parsing took 0 ms 
57861      DEBUG Test worker     d.u.i.k.n.KeyIO           Load declarations of de.uka.ilkd.key.nparser.KeyAst$File:  <unknown>:1#1 
57861      INFO  Test worker     d.u.i.k.n.KeyIO           MODE: declarations took 0 ms 
57861      DEBUG Test worker     d.u.i.k.n.KeyIO           MODE: 2nd degree decls took 0 
58021      ERROR Test worker     d.u.i.k.j.KeYJPMapping    Duplicate registration of node: boolean, formerNode: /*@ pure @*/
boolean 
58068      ERROR Test worker     d.u.i.k.j.KeYJPMapping    Duplicate registration of node: /*@pure*/
int, formerNode: int 
58068      ERROR Test worker     d.u.i.k.j.KeYJPMapping    Duplicate registration of node: /*@ helper */
int, formerNode: int 
58068      ERROR Test worker     d.u.i.k.j.KeYJPMapping    Duplicate registration of node: /*@ helper */
boolean, formerNode: /*@ pure @*/
boolean 
58068      ERROR Test worker     d.u.i.k.j.KeYJPMapping    Duplicate registration of node: /*@ helper */
char, formerNode: char 
58068      ERROR Test worker     d.u.i.k.j.KeYJPMapping    Duplicate registration of node: byte[], formerNode: byte[] 
58068      ERROR Test worker     d.u.i.k.j.KeYJPMapping    Duplicate registration of node: /*@ helper */
java.lang.String, formerNode: java.lang.String 
58099      ERROR Test worker     d.u.i.k.j.KeYJPMapping    Duplicate registration of node: /*@strictly_pure*/
java.lang.String, formerNode: java.lang.String 
58099      ERROR Test worker     d.u.i.k.j.KeYJPMapping    Duplicate registration of node: /*@nullable@*/
Object, formerNode: Object 
58146      ERROR Test worker     d.u.i.k.j.KeYJPMapping    Duplicate registration of node: /*@pure@*/
String, formerNode: String 
58146      ERROR Test worker     d.u.i.k.j.KeYJPMapping    Duplicate registration of node: char[], formerNode: char[] 
58146      ERROR Test worker     d.u.i.k.j.KeYJPMapping    Duplicate registration of node: int[], formerNode: int[] 
58161      ERROR Test worker     d.u.i.k.j.KeYJPMapping    Duplicate registration of value: testTermParserHeap.A::next;, formerValue: testTermParserHeap.A::next; 
58161      ERROR Test worker     d.u.i.k.j.KeYJPMapping    Duplicate registration of value: A testTermParserHeap.A::next;, formerValue: A testTermParserHeap.A::next; 
58208      INFO  Test worker     d.u.i.k.n.KeyIO           Parsing took 0 ms 
58208      DEBUG Test worker     d.u.i.k.n.KeyIO           Load declarations of de.uka.ilkd.key.nparser.KeyAst$File:  <unknown>:1#1 
58208      INFO  Test worker     d.u.i.k.n.KeyIO           MODE: declarations took 0 ms 
58208      DEBUG Test worker     d.u.i.k.n.KeyIO           MODE: 2nd degree decls took 0 
58208      INFO  Test worker     d.u.i.k.n.KeyIO           Parsing took 0 ms 
58208      DEBUG Test worker     d.u.i.k.n.KeyIO           Load declarations of de.uka.ilkd.key.nparser.KeyAst$File:  <unknown>:1#1 
58208      INFO  Test worker     d.u.i.k.n.KeyIO           MODE: declarations took 0 ms 
58208      DEBUG Test worker     d.u.i.k.n.KeyIO           MODE: 2nd degree decls took 0 
58208      INFO  Test worker     d.u.i.k.n.KeyIO           Parsing took 0 ms 
58208      DEBUG Test worker     d.u.i.k.n.KeyIO           Load declarations of de.uka.ilkd.key.nparser.KeyAst$File:  <unknown>:1#1 
58208      INFO  Test worker     d.u.i.k.n.KeyIO           MODE: declarations took 0 ms 
58208      DEBUG Test worker     d.u.i.k.n.KeyIO           MODE: 2nd degree decls took 0 
58208      INFO  Test worker     d.u.i.k.n.KeyIO           Parsing took 0 ms 
58208      DEBUG Test worker     d.u.i.k.n.KeyIO           Load declarations of de.uka.ilkd.key.nparser.KeyAst$File:  <unknown>:1#1 
58208      INFO  Test worker     d.u.i.k.n.KeyIO           MODE: declarations took 0 ms 
58208      DEBUG Test worker     d.u.i.k.n.KeyIO           MODE: 2nd degree decls took 0 
58208      INFO  Test worker     d.u.i.k.n.KeyIO           Parsing took 0 ms 
58208      DEBUG Test worker     d.u.i.k.n.KeyIO           Load declarations of de.uka.ilkd.key.nparser.KeyAst$File:  <unknown>:1#1 
58208      INFO  Test worker     d.u.i.k.n.KeyIO           MODE: declarations took 0 ms 
58208      DEBUG Test worker     d.u.i.k.n.KeyIO           MODE: 2nd degree decls took 0 
58333      ERROR Test worker     d.u.i.k.j.KeYJPMapping    Duplicate registration of node: boolean, formerNode: /*@ pure @*/
boolean 
58380      ERROR Test worker     d.u.i.k.j.KeYJPMapping    Duplicate registration of node: /*@pure*/
int, formerNode: int 
58396      ERROR Test worker     d.u.i.k.j.KeYJPMapping    Duplicate registration of node: /*@ helper */
int, formerNode: int 
58396      ERROR Test worker     d.u.i.k.j.KeYJPMapping    Duplicate registration of node: /*@ helper */
boolean, formerNode: /*@ pure @*/
boolean 
58396      ERROR Test worker     d.u.i.k.j.KeYJPMapping    Duplicate registration of node: /*@ helper */
char, formerNode: char 
58396      ERROR Test worker     d.u.i.k.j.KeYJPMapping    Duplicate registration of node: byte[], formerNode: byte[] 
58396      ERROR Test worker     d.u.i.k.j.KeYJPMapping    Duplicate registration of node: /*@ helper */
java.lang.String, formerNode: java.lang.String 
58411      ERROR Test worker     d.u.i.k.j.KeYJPMapping    Duplicate registration of node: /*@strictly_pure*/
java.lang.String, formerNode: java.lang.String 
58427      ERROR Test worker     d.u.i.k.j.KeYJPMapping    Duplicate registration of node: /*@nullable@*/
Object, formerNode: Object 
58467      ERROR Test worker     d.u.i.k.j.KeYJPMapping    Duplicate registration of node: /*@pure@*/
String, formerNode: String 
58467      ERROR Test worker     d.u.i.k.j.KeYJPMapping    Duplicate registration of node: char[], formerNode: char[] 
58467      ERROR Test worker     d.u.i.k.j.KeYJPMapping    Duplicate registration of node: int[], formerNode: int[] 
58467      ERROR Test worker     d.u.i.k.j.KeYJPMapping    Duplicate registration of value: testTermParserHeap.A::next;, formerValue: testTermParserHeap.A::next; 
58467      ERROR Test worker     d.u.i.k.j.KeYJPMapping    Duplicate registration of value: A testTermParserHeap.A::next;, formerValue: A testTermParserHeap.A::next; 
58530      INFO  Test worker     d.u.i.k.n.KeyIO           Parsing took 0 ms 
58530      DEBUG Test worker     d.u.i.k.n.KeyIO           Load declarations of de.uka.ilkd.key.nparser.KeyAst$File:  <unknown>:1#1 
58530      INFO  Test worker     d.u.i.k.n.KeyIO           MODE: declarations took 0 ms 
58530      DEBUG Test worker     d.u.i.k.n.KeyIO           MODE: 2nd degree decls took 0 
58530      INFO  Test worker     d.u.i.k.n.KeyIO           Parsing took 0 ms 
58530      DEBUG Test worker     d.u.i.k.n.KeyIO           Load declarations of de.uka.ilkd.key.nparser.KeyAst$File:  <unknown>:1#1 
58530      INFO  Test worker     d.u.i.k.n.KeyIO           MODE: declarations took 0 ms 
58530      DEBUG Test worker     d.u.i.k.n.KeyIO           MODE: 2nd degree decls took 0 
58530      INFO  Test worker     d.u.i.k.n.KeyIO           Parsing took 0 ms 
58530      DEBUG Test worker     d.u.i.k.n.KeyIO           Load declarations of de.uka.ilkd.key.nparser.KeyAst$File:  <unknown>:1#1 
58530      INFO  Test worker     d.u.i.k.n.KeyIO           MODE: declarations took 0 ms 
58530      DEBUG Test worker     d.u.i.k.n.KeyIO           MODE: 2nd degree decls took 0 
58530      INFO  Test worker     d.u.i.k.n.KeyIO           Parsing took 0 ms 
58530      DEBUG Test worker     d.u.i.k.n.KeyIO           Load declarations of de.uka.ilkd.key.nparser.KeyAst$File:  <unknown>:1#1 
58530      INFO  Test worker     d.u.i.k.n.KeyIO           MODE: declarations took 0 ms 
58530      DEBUG Test worker     d.u.i.k.n.KeyIO           MODE: 2nd degree decls took 0 
58530      INFO  Test worker     d.u.i.k.n.KeyIO           Parsing took 0 ms 
58530      DEBUG Test worker     d.u.i.k.n.KeyIO           Load declarations of de.uka.ilkd.key.nparser.KeyAst$File:  <unknown>:1#1 
58530      INFO  Test worker     d.u.i.k.n.KeyIO           MODE: declarations took 0 ms 
58530      DEBUG Test worker     d.u.i.k.n.KeyIO           MODE: 2nd degree decls took 0 
58673      ERROR Test worker     d.u.i.k.j.KeYJPMapping    Duplicate registration of node: boolean, formerNode: /*@ pure @*/
boolean 
58722      ERROR Test worker     d.u.i.k.j.KeYJPMapping    Duplicate registration of node: /*@pure*/
int, formerNode: int 
58722      ERROR Test worker     d.u.i.k.j.KeYJPMapping    Duplicate registration of node: /*@ helper */
int, formerNode: int 
58722      ERROR Test worker     d.u.i.k.j.KeYJPMapping    Duplicate registration of node: /*@ helper */
boolean, formerNode: /*@ pure @*/
boolean 
58722      ERROR Test worker     d.u.i.k.j.KeYJPMapping    Duplicate registration of node: /*@ helper */
char, formerNode: char 
58722      ERROR Test worker     d.u.i.k.j.KeYJPMapping    Duplicate registration of node: byte[], formerNode: byte[] 
58738      ERROR Test worker     d.u.i.k.j.KeYJPMapping    Duplicate registration of node: /*@ helper */
java.lang.String, formerNode: java.lang.String 
58754      ERROR Test worker     d.u.i.k.j.KeYJPMapping    Duplicate registration of node: /*@strictly_pure*/
java.lang.String, formerNode: java.lang.String 
58754      ERROR Test worker     d.u.i.k.j.KeYJPMapping    Duplicate registration of node: /*@nullable@*/
Object, formerNode: Object 
58801      ERROR Test worker     d.u.i.k.j.KeYJPMapping    Duplicate registration of node: /*@pure@*/
String, formerNode: String 
58801      ERROR Test worker     d.u.i.k.j.KeYJPMapping    Duplicate registration of node: char[], formerNode: char[] 
58816      ERROR Test worker     d.u.i.k.j.KeYJPMapping    Duplicate registration of node: int[], formerNode: int[] 
58816      ERROR Test worker     d.u.i.k.j.KeYJPMapping    Duplicate registration of value: testTermParserHeap.A::next;, formerValue: testTermParserHeap.A::next; 
58816      ERROR Test worker     d.u.i.k.j.KeYJPMapping    Duplicate registration of value: A testTermParserHeap.A::next;, formerValue: A testTermParserHeap.A::next; 
58863      INFO  Test worker     d.u.i.k.n.KeyIO           Parsing took 0 ms 
58863      DEBUG Test worker     d.u.i.k.n.KeyIO           Load declarations of de.uka.ilkd.key.nparser.KeyAst$File:  <unknown>:1#1 
58863      INFO  Test worker     d.u.i.k.n.KeyIO           MODE: declarations took 0 ms 
58863      DEBUG Test worker     d.u.i.k.n.KeyIO           MODE: 2nd degree decls took 0 
58863      INFO  Test worker     d.u.i.k.n.KeyIO           Parsing took 0 ms 
58863      DEBUG Test worker     d.u.i.k.n.KeyIO           Load declarations of de.uka.ilkd.key.nparser.KeyAst$File:  <unknown>:1#1 
58863      INFO  Test worker     d.u.i.k.n.KeyIO           MODE: declarations took 0 ms 
58863      DEBUG Test worker     d.u.i.k.n.KeyIO           MODE: 2nd degree decls took 0 
58863      INFO  Test worker     d.u.i.k.n.KeyIO           Parsing took 0 ms 
58863      DEBUG Test worker     d.u.i.k.n.KeyIO           Load declarations of de.uka.ilkd.key.nparser.KeyAst$File:  <unknown>:1#1 
58863      INFO  Test worker     d.u.i.k.n.KeyIO           MODE: declarations took 0 ms 
58863      DEBUG Test worker     d.u.i.k.n.KeyIO           MODE: 2nd degree decls took 0 
58863      INFO  Test worker     d.u.i.k.n.KeyIO           Parsing took 0 ms 
58863      DEBUG Test worker     d.u.i.k.n.KeyIO           Load declarations of de.uka.ilkd.key.nparser.KeyAst$File:  <unknown>:1#1 
58863      INFO  Test worker     d.u.i.k.n.KeyIO           MODE: declarations took 0 ms 
58863      DEBUG Test worker     d.u.i.k.n.KeyIO           MODE: 2nd degree decls took 0 
58863      INFO  Test worker     d.u.i.k.n.KeyIO           Parsing took 0 ms 
58863      DEBUG Test worker     d.u.i.k.n.KeyIO           Load declarations of de.uka.ilkd.key.nparser.KeyAst$File:  <unknown>:1#1 
58863      INFO  Test worker     d.u.i.k.n.KeyIO           MODE: declarations took 0 ms 
58879      DEBUG Test worker     d.u.i.k.n.KeyIO           MODE: 2nd degree decls took 16 
59004      ERROR Test worker     d.u.i.k.j.KeYJPMapping    Duplicate registration of node: boolean, formerNode: /*@ pure @*/
boolean 
59051      ERROR Test worker     d.u.i.k.j.KeYJPMapping    Duplicate registration of node: /*@pure*/
int, formerNode: int 
59051      ERROR Test worker     d.u.i.k.j.KeYJPMapping    Duplicate registration of node: /*@ helper */
int, formerNode: int 
59051      ERROR Test worker     d.u.i.k.j.KeYJPMapping    Duplicate registration of node: /*@ helper */
boolean, formerNode: /*@ pure @*/
boolean 
59051      ERROR Test worker     d.u.i.k.j.KeYJPMapping    Duplicate registration of node: /*@ helper */
char, formerNode: char 
59051      ERROR Test worker     d.u.i.k.j.KeYJPMapping    Duplicate registration of node: byte[], formerNode: byte[] 
59051      ERROR Test worker     d.u.i.k.j.KeYJPMapping    Duplicate registration of node: /*@ helper */
java.lang.String, formerNode: java.lang.String 
59082      ERROR Test worker     d.u.i.k.j.KeYJPMapping    Duplicate registration of node: /*@strictly_pure*/
java.lang.String, formerNode: java.lang.String 
59082      ERROR Test worker     d.u.i.k.j.KeYJPMapping    Duplicate registration of node: /*@nullable@*/
Object, formerNode: Object 
59129      ERROR Test worker     d.u.i.k.j.KeYJPMapping    Duplicate registration of node: /*@pure@*/
String, formerNode: String 
59129      ERROR Test worker     d.u.i.k.j.KeYJPMapping    Duplicate registration of node: char[], formerNode: char[] 
59129      ERROR Test worker     d.u.i.k.j.KeYJPMapping    Duplicate registration of node: int[], formerNode: int[] 
59144      ERROR Test worker     d.u.i.k.j.KeYJPMapping    Duplicate registration of value: testTermParserHeap.A::next;, formerValue: testTermParserHeap.A::next; 
59144      ERROR Test worker     d.u.i.k.j.KeYJPMapping    Duplicate registration of value: A testTermParserHeap.A::next;, formerValue: A testTermParserHeap.A::next; 
59191      INFO  Test worker     d.u.i.k.n.KeyIO           Parsing took 0 ms 
59191      DEBUG Test worker     d.u.i.k.n.KeyIO           Load declarations of de.uka.ilkd.key.nparser.KeyAst$File:  <unknown>:1#1 
59207      INFO  Test worker     d.u.i.k.n.KeyIO           MODE: declarations took 16 ms 
59207      DEBUG Test worker     d.u.i.k.n.KeyIO           MODE: 2nd degree decls took 0 
59207      INFO  Test worker     d.u.i.k.n.KeyIO           Parsing took 0 ms 
59207      DEBUG Test worker     d.u.i.k.n.KeyIO           Load declarations of de.uka.ilkd.key.nparser.KeyAst$File:  <unknown>:1#1 
59207      INFO  Test worker     d.u.i.k.n.KeyIO           MODE: declarations took 0 ms 
59207      DEBUG Test worker     d.u.i.k.n.KeyIO           MODE: 2nd degree decls took 0 
59207      INFO  Test worker     d.u.i.k.n.KeyIO           Parsing took 0 ms 
59207      DEBUG Test worker     d.u.i.k.n.KeyIO           Load declarations of de.uka.ilkd.key.nparser.KeyAst$File:  <unknown>:1#1 
59207      INFO  Test worker     d.u.i.k.n.KeyIO           MODE: declarations took 0 ms 
59207      DEBUG Test worker     d.u.i.k.n.KeyIO           MODE: 2nd degree decls took 0 
59207      INFO  Test worker     d.u.i.k.n.KeyIO           Parsing took 0 ms 
59207      DEBUG Test worker     d.u.i.k.n.KeyIO           Load declarations of de.uka.ilkd.key.nparser.KeyAst$File:  <unknown>:1#1 
59207      INFO  Test worker     d.u.i.k.n.KeyIO           MODE: declarations took 0 ms 
59207      DEBUG Test worker     d.u.i.k.n.KeyIO           MODE: 2nd degree decls took 0 
59207      INFO  Test worker     d.u.i.k.n.KeyIO           Parsing took 0 ms 
59207      DEBUG Test worker     d.u.i.k.n.KeyIO           Load declarations of de.uka.ilkd.key.nparser.KeyAst$File:  <unknown>:1#1 
59207      INFO  Test worker     d.u.i.k.n.KeyIO           MODE: declarations took 0 ms 
59207      DEBUG Test worker     d.u.i.k.n.KeyIO           MODE: 2nd degree decls took 0 
59507      ERROR Test worker     d.u.i.k.j.KeYJPMapping    Duplicate registration of node: boolean, formerNode: /*@ pure @*/
boolean 
59554      ERROR Test worker     d.u.i.k.j.KeYJPMapping    Duplicate registration of node: /*@pure*/
int, formerNode: int 
59554      ERROR Test worker     d.u.i.k.j.KeYJPMapping    Duplicate registration of node: /*@ helper */
int, formerNode: int 
59554      ERROR Test worker     d.u.i.k.j.KeYJPMapping    Duplicate registration of node: /*@ helper */
boolean, formerNode: /*@ pure @*/
boolean 
59554      ERROR Test worker     d.u.i.k.j.KeYJPMapping    Duplicate registration of node: /*@ helper */
char, formerNode: char 
59554      ERROR Test worker     d.u.i.k.j.KeYJPMapping    Duplicate registration of node: byte[], formerNode: byte[] 
59554      ERROR Test worker     d.u.i.k.j.KeYJPMapping    Duplicate registration of node: /*@ helper */
java.lang.String, formerNode: java.lang.String 
59575      ERROR Test worker     d.u.i.k.j.KeYJPMapping    Duplicate registration of node: /*@strictly_pure*/
java.lang.String, formerNode: java.lang.String 
59590      ERROR Test worker     d.u.i.k.j.KeYJPMapping    Duplicate registration of node: /*@nullable@*/
Object, formerNode: Object 
59622      ERROR Test worker     d.u.i.k.j.KeYJPMapping    Duplicate registration of node: /*@pure@*/
String, formerNode: String 
59637      ERROR Test worker     d.u.i.k.j.KeYJPMapping    Duplicate registration of node: char[], formerNode: char[] 
59637      ERROR Test worker     d.u.i.k.j.KeYJPMapping    Duplicate registration of node: int[], formerNode: int[] 
59637      ERROR Test worker     d.u.i.k.j.KeYJPMapping    Duplicate registration of value: testTermParserHeap.A::next;, formerValue: testTermParserHeap.A::next; 
59637      ERROR Test worker     d.u.i.k.j.KeYJPMapping    Duplicate registration of value: A testTermParserHeap.A::next;, formerValue: A testTermParserHeap.A::next; 
59700      INFO  Test worker     d.u.i.k.n.KeyIO           Parsing took 0 ms 
59700      DEBUG Test worker     d.u.i.k.n.KeyIO           Load declarations of de.uka.ilkd.key.nparser.KeyAst$File:  <unknown>:1#1 
59700      INFO  Test worker     d.u.i.k.n.KeyIO           MODE: declarations took 0 ms 
59700      DEBUG Test worker     d.u.i.k.n.KeyIO           MODE: 2nd degree decls took 0 
59700      INFO  Test worker     d.u.i.k.n.KeyIO           Parsing took 0 ms 
59700      DEBUG Test worker     d.u.i.k.n.KeyIO           Load declarations of de.uka.ilkd.key.nparser.KeyAst$File:  <unknown>:1#1 
59700      INFO  Test worker     d.u.i.k.n.KeyIO           MODE: declarations took 0 ms 
59700      DEBUG Test worker     d.u.i.k.n.KeyIO           MODE: 2nd degree decls took 0 
59700      INFO  Test worker     d.u.i.k.n.KeyIO           Parsing took 0 ms 
59700      DEBUG Test worker     d.u.i.k.n.KeyIO           Load declarations of de.uka.ilkd.key.nparser.KeyAst$File:  <unknown>:1#1 
59700      INFO  Test worker     d.u.i.k.n.KeyIO           MODE: declarations took 0 ms 
59700      DEBUG Test worker     d.u.i.k.n.KeyIO           MODE: 2nd degree decls took 0 
59700      INFO  Test worker     d.u.i.k.n.KeyIO           Parsing took 0 ms 
59700      DEBUG Test worker     d.u.i.k.n.KeyIO           Load declarations of de.uka.ilkd.key.nparser.KeyAst$File:  <unknown>:1#1 
59700      INFO  Test worker     d.u.i.k.n.KeyIO           MODE: declarations took 0 ms 
59700      DEBUG Test worker     d.u.i.k.n.KeyIO           MODE: 2nd degree decls took 0 
59700      INFO  Test worker     d.u.i.k.n.KeyIO           Parsing took 0 ms 
59700      DEBUG Test worker     d.u.i.k.n.KeyIO           Load declarations of de.uka.ilkd.key.nparser.KeyAst$File:  <unknown>:1#1 
59700      INFO  Test worker     d.u.i.k.n.KeyIO           MODE: declarations took 0 ms 
59700      DEBUG Test worker     d.u.i.k.n.KeyIO           MODE: 2nd degree decls took 0 
59831      ERROR Test worker     d.u.i.k.j.KeYJPMapping    Duplicate registration of node: boolean, formerNode: /*@ pure @*/
boolean 
59878      ERROR Test worker     d.u.i.k.j.KeYJPMapping    Duplicate registration of node: /*@pure*/
int, formerNode: int 
59878      ERROR Test worker     d.u.i.k.j.KeYJPMapping    Duplicate registration of node: /*@ helper */
int, formerNode: int 
59878      ERROR Test worker     d.u.i.k.j.KeYJPMapping    Duplicate registration of node: /*@ helper */
boolean, formerNode: /*@ pure @*/
boolean 
59878      ERROR Test worker     d.u.i.k.j.KeYJPMapping    Duplicate registration of node: /*@ helper */
char, formerNode: char 
59878      ERROR Test worker     d.u.i.k.j.KeYJPMapping    Duplicate registration of node: byte[], formerNode: byte[] 
59894      ERROR Test worker     d.u.i.k.j.KeYJPMapping    Duplicate registration of node: /*@ helper */
java.lang.String, formerNode: java.lang.String 
59917      ERROR Test worker     d.u.i.k.j.KeYJPMapping    Duplicate registration of node: /*@strictly_pure*/
java.lang.String, formerNode: java.lang.String 
59917      ERROR Test worker     d.u.i.k.j.KeYJPMapping    Duplicate registration of node: /*@nullable@*/
Object, formerNode: Object 
59964      ERROR Test worker     d.u.i.k.j.KeYJPMapping    Duplicate registration of node: /*@pure@*/
String, formerNode: String 
59964      ERROR Test worker     d.u.i.k.j.KeYJPMapping    Duplicate registration of node: char[], formerNode: char[] 
59964      ERROR Test worker     d.u.i.k.j.KeYJPMapping    Duplicate registration of node: int[], formerNode: int[] 
59979      ERROR Test worker     d.u.i.k.j.KeYJPMapping    Duplicate registration of value: testTermParserHeap.A::next;, formerValue: testTermParserHeap.A::next; 
59979      ERROR Test worker     d.u.i.k.j.KeYJPMapping    Duplicate registration of value: A testTermParserHeap.A::next;, formerValue: A testTermParserHeap.A::next; 
60042      INFO  Test worker     d.u.i.k.n.KeyIO           Parsing took 0 ms 
60042      DEBUG Test worker     d.u.i.k.n.KeyIO           Load declarations of de.uka.ilkd.key.nparser.KeyAst$File:  <unknown>:1#1 
60058      INFO  Test worker     d.u.i.k.n.KeyIO           MODE: declarations took 16 ms 
60058      DEBUG Test worker     d.u.i.k.n.KeyIO           MODE: 2nd degree decls took 0 
60058      INFO  Test worker     d.u.i.k.n.KeyIO           Parsing took 0 ms 
60058      DEBUG Test worker     d.u.i.k.n.KeyIO           Load declarations of de.uka.ilkd.key.nparser.KeyAst$File:  <unknown>:1#1 
60058      INFO  Test worker     d.u.i.k.n.KeyIO           MODE: declarations took 0 ms 
60058      DEBUG Test worker     d.u.i.k.n.KeyIO           MODE: 2nd degree decls took 0 
60058      INFO  Test worker     d.u.i.k.n.KeyIO           Parsing took 0 ms 
60058      DEBUG Test worker     d.u.i.k.n.KeyIO           Load declarations of de.uka.ilkd.key.nparser.KeyAst$File:  <unknown>:1#1 
60058      INFO  Test worker     d.u.i.k.n.KeyIO           MODE: declarations took 0 ms 
60058      DEBUG Test worker     d.u.i.k.n.KeyIO           MODE: 2nd degree decls took 0 
60058      INFO  Test worker     d.u.i.k.n.KeyIO           Parsing took 0 ms 
60058      DEBUG Test worker     d.u.i.k.n.KeyIO           Load declarations of de.uka.ilkd.key.nparser.KeyAst$File:  <unknown>:1#1 
60058      INFO  Test worker     d.u.i.k.n.KeyIO           MODE: declarations took 0 ms 
60058      DEBUG Test worker     d.u.i.k.n.KeyIO           MODE: 2nd degree decls took 0 
60058      INFO  Test worker     d.u.i.k.n.KeyIO           Parsing took 0 ms 
60058      DEBUG Test worker     d.u.i.k.n.KeyIO           Load declarations of de.uka.ilkd.key.nparser.KeyAst$File:  <unknown>:1#1 
60058      INFO  Test worker     d.u.i.k.n.KeyIO           MODE: declarations took 0 ms 
60058      DEBUG Test worker     d.u.i.k.n.KeyIO           MODE: 2nd degree decls took 0 
60183      ERROR Test worker     d.u.i.k.j.KeYJPMapping    Duplicate registration of node: boolean, formerNode: /*@ pure @*/
boolean 
60230      ERROR Test worker     d.u.i.k.j.KeYJPMapping    Duplicate registration of node: /*@pure*/
int, formerNode: int 
60245      ERROR Test worker     d.u.i.k.j.KeYJPMapping    Duplicate registration of node: /*@ helper */
int, formerNode: int 
60245      ERROR Test worker     d.u.i.k.j.KeYJPMapping    Duplicate registration of node: /*@ helper */
boolean, formerNode: /*@ pure @*/
boolean 
60245      ERROR Test worker     d.u.i.k.j.KeYJPMapping    Duplicate registration of node: /*@ helper */
char, formerNode: char 
60245      ERROR Test worker     d.u.i.k.j.KeYJPMapping    Duplicate registration of node: byte[], formerNode: byte[] 
60245      ERROR Test worker     d.u.i.k.j.KeYJPMapping    Duplicate registration of node: /*@ helper */
java.lang.String, formerNode: java.lang.String 
60261      ERROR Test worker     d.u.i.k.j.KeYJPMapping    Duplicate registration of node: /*@strictly_pure*/
java.lang.String, formerNode: java.lang.String 
60277      ERROR Test worker     d.u.i.k.j.KeYJPMapping    Duplicate registration of node: /*@nullable@*/
Object, formerNode: Object 
60308      ERROR Test worker     d.u.i.k.j.KeYJPMapping    Duplicate registration of node: /*@pure@*/
String, formerNode: String 
60323      ERROR Test worker     d.u.i.k.j.KeYJPMapping    Duplicate registration of node: char[], formerNode: char[] 
60323      ERROR Test worker     d.u.i.k.j.KeYJPMapping    Duplicate registration of node: int[], formerNode: int[] 
60323      ERROR Test worker     d.u.i.k.j.KeYJPMapping    Duplicate registration of value: testTermParserHeap.A::next;, formerValue: testTermParserHeap.A::next; 
60323      ERROR Test worker     d.u.i.k.j.KeYJPMapping    Duplicate registration of value: A testTermParserHeap.A::next;, formerValue: A testTermParserHeap.A::next; 
60380      INFO  Test worker     d.u.i.k.n.KeyIO           Parsing took 0 ms 
60380      DEBUG Test worker     d.u.i.k.n.KeyIO           Load declarations of de.uka.ilkd.key.nparser.KeyAst$File:  <unknown>:1#1 
60395      INFO  Test worker     d.u.i.k.n.KeyIO           MODE: declarations took 15 ms 
60395      DEBUG Test worker     d.u.i.k.n.KeyIO           MODE: 2nd degree decls took 0 
60395      INFO  Test worker     d.u.i.k.n.KeyIO           Parsing took 0 ms 
60395      DEBUG Test worker     d.u.i.k.n.KeyIO           Load declarations of de.uka.ilkd.key.nparser.KeyAst$File:  <unknown>:1#1 
60395      INFO  Test worker     d.u.i.k.n.KeyIO           MODE: declarations took 0 ms 
60395      DEBUG Test worker     d.u.i.k.n.KeyIO           MODE: 2nd degree decls took 0 
60395      INFO  Test worker     d.u.i.k.n.KeyIO           Parsing took 0 ms 
60395      DEBUG Test worker     d.u.i.k.n.KeyIO           Load declarations of de.uka.ilkd.key.nparser.KeyAst$File:  <unknown>:1#1 
60395      INFO  Test worker     d.u.i.k.n.KeyIO           MODE: declarations took 0 ms 
60395      DEBUG Test worker     d.u.i.k.n.KeyIO           MODE: 2nd degree decls took 0 
60395      INFO  Test worker     d.u.i.k.n.KeyIO           Parsing took 0 ms 
60395      DEBUG Test worker     d.u.i.k.n.KeyIO           Load declarations of de.uka.ilkd.key.nparser.KeyAst$File:  <unknown>:1#1 
60395      INFO  Test worker     d.u.i.k.n.KeyIO           MODE: declarations took 0 ms 
60395      DEBUG Test worker     d.u.i.k.n.KeyIO           MODE: 2nd degree decls took 0 
60395      INFO  Test worker     d.u.i.k.n.KeyIO           Parsing took 0 ms 
60395      DEBUG Test worker     d.u.i.k.n.KeyIO           Load declarations of de.uka.ilkd.key.nparser.KeyAst$File:  <unknown>:1#1 
60395      INFO  Test worker     d.u.i.k.n.KeyIO           MODE: declarations took 0 ms 
60395      DEBUG Test worker     d.u.i.k.n.KeyIO           MODE: 2nd degree decls took 0 
60525      ERROR Test worker     d.u.i.k.j.KeYJPMapping    Duplicate registration of node: boolean, formerNode: /*@ pure @*/
boolean 
60572      ERROR Test worker     d.u.i.k.j.KeYJPMapping    Duplicate registration of node: /*@pure*/
int, formerNode: int 
60572      ERROR Test worker     d.u.i.k.j.KeYJPMapping    Duplicate registration of node: /*@ helper */
int, formerNode: int 
60572      ERROR Test worker     d.u.i.k.j.KeYJPMapping    Duplicate registration of node: /*@ helper */
boolean, formerNode: /*@ pure @*/
boolean 
60572      ERROR Test worker     d.u.i.k.j.KeYJPMapping    Duplicate registration of node: /*@ helper */
char, formerNode: char 
60572      ERROR Test worker     d.u.i.k.j.KeYJPMapping    Duplicate registration of node: byte[], formerNode: byte[] 
60572      ERROR Test worker     d.u.i.k.j.KeYJPMapping    Duplicate registration of node: /*@ helper */
java.lang.String, formerNode: java.lang.String 
60603      ERROR Test worker     d.u.i.k.j.KeYJPMapping    Duplicate registration of node: /*@strictly_pure*/
java.lang.String, formerNode: java.lang.String 
60603      ERROR Test worker     d.u.i.k.j.KeYJPMapping    Duplicate registration of node: /*@nullable@*/
Object, formerNode: Object 
60650      ERROR Test worker     d.u.i.k.j.KeYJPMapping    Duplicate registration of node: /*@pure@*/
String, formerNode: String 
60650      ERROR Test worker     d.u.i.k.j.KeYJPMapping    Duplicate registration of node: char[], formerNode: char[] 
60650      ERROR Test worker     d.u.i.k.j.KeYJPMapping    Duplicate registration of node: int[], formerNode: int[] 
60650      ERROR Test worker     d.u.i.k.j.KeYJPMapping    Duplicate registration of value: testTermParserHeap.A::next;, formerValue: testTermParserHeap.A::next; 
60650      ERROR Test worker     d.u.i.k.j.KeYJPMapping    Duplicate registration of value: A testTermParserHeap.A::next;, formerValue: A testTermParserHeap.A::next; 
60714      INFO  Test worker     d.u.i.k.n.KeyIO           Parsing took 0 ms 
60714      DEBUG Test worker     d.u.i.k.n.KeyIO           Load declarations of de.uka.ilkd.key.nparser.KeyAst$File:  <unknown>:1#1 
60714      INFO  Test worker     d.u.i.k.n.KeyIO           MODE: declarations took 0 ms 
60714      DEBUG Test worker     d.u.i.k.n.KeyIO           MODE: 2nd degree decls took 0 
60714      INFO  Test worker     d.u.i.k.n.KeyIO           Parsing took 0 ms 
60714      DEBUG Test worker     d.u.i.k.n.KeyIO           Load declarations of de.uka.ilkd.key.nparser.KeyAst$File:  <unknown>:1#1 
60714      INFO  Test worker     d.u.i.k.n.KeyIO           MODE: declarations took 0 ms 
60714      DEBUG Test worker     d.u.i.k.n.KeyIO           MODE: 2nd degree decls took 0 
60714      INFO  Test worker     d.u.i.k.n.KeyIO           Parsing took 0 ms 
60714      DEBUG Test worker     d.u.i.k.n.KeyIO           Load declarations of de.uka.ilkd.key.nparser.KeyAst$File:  <unknown>:1#1 
60714      INFO  Test worker     d.u.i.k.n.KeyIO           MODE: declarations took 0 ms 
60714      DEBUG Test worker     d.u.i.k.n.KeyIO           MODE: 2nd degree decls took 0 
60714      INFO  Test worker     d.u.i.k.n.KeyIO           Parsing took 0 ms 
60714      DEBUG Test worker     d.u.i.k.n.KeyIO           Load declarations of de.uka.ilkd.key.nparser.KeyAst$File:  <unknown>:1#1 
60714      INFO  Test worker     d.u.i.k.n.KeyIO           MODE: declarations took 0 ms 
60714      DEBUG Test worker     d.u.i.k.n.KeyIO           MODE: 2nd degree decls took 0 
60714      INFO  Test worker     d.u.i.k.n.KeyIO           Parsing took 0 ms 
60714      DEBUG Test worker     d.u.i.k.n.KeyIO           Load declarations of de.uka.ilkd.key.nparser.KeyAst$File:  <unknown>:1#1 
60714      INFO  Test worker     d.u.i.k.n.KeyIO           MODE: declarations took 0 ms 
60714      DEBUG Test worker     d.u.i.k.n.KeyIO           MODE: 2nd degree decls took 0 
60869      ERROR Test worker     d.u.i.k.j.KeYJPMapping    Duplicate registration of node: boolean, formerNode: /*@ pure @*/
boolean 
60917      ERROR Test worker     d.u.i.k.j.KeYJPMapping    Duplicate registration of node: /*@pure*/
int, formerNode: int 
60917      ERROR Test worker     d.u.i.k.j.KeYJPMapping    Duplicate registration of node: /*@ helper */
int, formerNode: int 
60917      ERROR Test worker     d.u.i.k.j.KeYJPMapping    Duplicate registration of node: /*@ helper */
boolean, formerNode: /*@ pure @*/
boolean 
60917      ERROR Test worker     d.u.i.k.j.KeYJPMapping    Duplicate registration of node: /*@ helper */
char, formerNode: char 
60917      ERROR Test worker     d.u.i.k.j.KeYJPMapping    Duplicate registration of node: byte[], formerNode: byte[] 
60917      ERROR Test worker     d.u.i.k.j.KeYJPMapping    Duplicate registration of node: /*@ helper */
java.lang.String, formerNode: java.lang.String 
60948      ERROR Test worker     d.u.i.k.j.KeYJPMapping    Duplicate registration of node: /*@strictly_pure*/
java.lang.String, formerNode: java.lang.String 
60964      ERROR Test worker     d.u.i.k.j.KeYJPMapping    Duplicate registration of node: /*@nullable@*/
Object, formerNode: Object 
60995      ERROR Test worker     d.u.i.k.j.KeYJPMapping    Duplicate registration of node: /*@pure@*/
String, formerNode: String 
61010      ERROR Test worker     d.u.i.k.j.KeYJPMapping    Duplicate registration of node: char[], formerNode: char[] 
61010      ERROR Test worker     d.u.i.k.j.KeYJPMapping    Duplicate registration of node: int[], formerNode: int[] 
61010      ERROR Test worker     d.u.i.k.j.KeYJPMapping    Duplicate registration of value: testTermParserHeap.A::next;, formerValue: testTermParserHeap.A::next; 
61010      ERROR Test worker     d.u.i.k.j.KeYJPMapping    Duplicate registration of value: A testTermParserHeap.A::next;, formerValue: A testTermParserHeap.A::next; 
61073      INFO  Test worker     d.u.i.k.n.KeyIO           Parsing took 0 ms 
61073      DEBUG Test worker     d.u.i.k.n.KeyIO           Load declarations of de.uka.ilkd.key.nparser.KeyAst$File:  <unknown>:1#1 
61073      INFO  Test worker     d.u.i.k.n.KeyIO           MODE: declarations took 0 ms 
61073      DEBUG Test worker     d.u.i.k.n.KeyIO           MODE: 2nd degree decls took 0 
61073      INFO  Test worker     d.u.i.k.n.KeyIO           Parsing took 0 ms 
61073      DEBUG Test worker     d.u.i.k.n.KeyIO           Load declarations of de.uka.ilkd.key.nparser.KeyAst$File:  <unknown>:1#1 
61073      INFO  Test worker     d.u.i.k.n.KeyIO           MODE: declarations took 0 ms 
61073      DEBUG Test worker     d.u.i.k.n.KeyIO           MODE: 2nd degree decls took 0 
61073      INFO  Test worker     d.u.i.k.n.KeyIO           Parsing took 0 ms 
61073      DEBUG Test worker     d.u.i.k.n.KeyIO           Load declarations of de.uka.ilkd.key.nparser.KeyAst$File:  <unknown>:1#1 
61073      INFO  Test worker     d.u.i.k.n.KeyIO           MODE: declarations took 0 ms 
61073      DEBUG Test worker     d.u.i.k.n.KeyIO           MODE: 2nd degree decls took 0 
61073      INFO  Test worker     d.u.i.k.n.KeyIO           Parsing took 0 ms 
61073      DEBUG Test worker     d.u.i.k.n.KeyIO           Load declarations of de.uka.ilkd.key.nparser.KeyAst$File:  <unknown>:1#1 
61073      INFO  Test worker     d.u.i.k.n.KeyIO           MODE: declarations took 0 ms 
61073      DEBUG Test worker     d.u.i.k.n.KeyIO           MODE: 2nd degree decls took 0 
61073      INFO  Test worker     d.u.i.k.n.KeyIO           Parsing took 0 ms 
61073      DEBUG Test worker     d.u.i.k.n.KeyIO           Load declarations of de.uka.ilkd.key.nparser.KeyAst$File:  <unknown>:1#1 
61073      INFO  Test worker     d.u.i.k.n.KeyIO           MODE: declarations took 0 ms 
61073      DEBUG Test worker     d.u.i.k.n.KeyIO           MODE: 2nd degree decls took 0 
61198      ERROR Test worker     d.u.i.k.j.KeYJPMapping    Duplicate registration of node: boolean, formerNode: /*@ pure @*/
boolean 
61245      ERROR Test worker     d.u.i.k.j.KeYJPMapping    Duplicate registration of node: /*@pure*/
int, formerNode: int 
61260      ERROR Test worker     d.u.i.k.j.KeYJPMapping    Duplicate registration of node: /*@ helper */
int, formerNode: int 
61260      ERROR Test worker     d.u.i.k.j.KeYJPMapping    Duplicate registration of node: /*@ helper */
boolean, formerNode: /*@ pure @*/
boolean 
61260      ERROR Test worker     d.u.i.k.j.KeYJPMapping    Duplicate registration of node: /*@ helper */
char, formerNode: char 
61260      ERROR Test worker     d.u.i.k.j.KeYJPMapping    Duplicate registration of node: byte[], formerNode: byte[] 
61260      ERROR Test worker     d.u.i.k.j.KeYJPMapping    Duplicate registration of node: /*@ helper */
java.lang.String, formerNode: java.lang.String 
61276      ERROR Test worker     d.u.i.k.j.KeYJPMapping    Duplicate registration of node: /*@strictly_pure*/
java.lang.String, formerNode: java.lang.String 
61292      ERROR Test worker     d.u.i.k.j.KeYJPMapping    Duplicate registration of node: /*@nullable@*/
Object, formerNode: Object 
61479      ERROR Test worker     d.u.i.k.j.KeYJPMapping    Duplicate registration of node: /*@pure@*/
String, formerNode: String 
61495      ERROR Test worker     d.u.i.k.j.KeYJPMapping    Duplicate registration of node: char[], formerNode: char[] 
61495      ERROR Test worker     d.u.i.k.j.KeYJPMapping    Duplicate registration of node: int[], formerNode: int[] 
61495      ERROR Test worker     d.u.i.k.j.KeYJPMapping    Duplicate registration of value: testTermParserHeap.A::next;, formerValue: testTermParserHeap.A::next; 
61495      ERROR Test worker     d.u.i.k.j.KeYJPMapping    Duplicate registration of value: A testTermParserHeap.A::next;, formerValue: A testTermParserHeap.A::next; 
61542      INFO  Test worker     d.u.i.k.n.KeyIO           Parsing took 0 ms 
61542      DEBUG Test worker     d.u.i.k.n.KeyIO           Load declarations of de.uka.ilkd.key.nparser.KeyAst$File:  <unknown>:1#1 
61542      INFO  Test worker     d.u.i.k.n.KeyIO           MODE: declarations took 0 ms 
61542      DEBUG Test worker     d.u.i.k.n.KeyIO           MODE: 2nd degree decls took 0 
61542      INFO  Test worker     d.u.i.k.n.KeyIO           Parsing took 0 ms 
61542      DEBUG Test worker     d.u.i.k.n.KeyIO           Load declarations of de.uka.ilkd.key.nparser.KeyAst$File:  <unknown>:1#1 
61542      INFO  Test worker     d.u.i.k.n.KeyIO           MODE: declarations took 0 ms 
61542      DEBUG Test worker     d.u.i.k.n.KeyIO           MODE: 2nd degree decls took 0 
61542      INFO  Test worker     d.u.i.k.n.KeyIO           Parsing took 0 ms 
61542      DEBUG Test worker     d.u.i.k.n.KeyIO           Load declarations of de.uka.ilkd.key.nparser.KeyAst$File:  <unknown>:1#1 
61542      INFO  Test worker     d.u.i.k.n.KeyIO           MODE: declarations took 0 ms 
61542      DEBUG Test worker     d.u.i.k.n.KeyIO           MODE: 2nd degree decls took 0 
61542      INFO  Test worker     d.u.i.k.n.KeyIO           Parsing took 0 ms 
61542      DEBUG Test worker     d.u.i.k.n.KeyIO           Load declarations of de.uka.ilkd.key.nparser.KeyAst$File:  <unknown>:1#1 
61542      INFO  Test worker     d.u.i.k.n.KeyIO           MODE: declarations took 0 ms 
61542      DEBUG Test worker     d.u.i.k.n.KeyIO           MODE: 2nd degree decls took 0 
61542      INFO  Test worker     d.u.i.k.n.KeyIO           Parsing took 0 ms 
61542      DEBUG Test worker     d.u.i.k.n.KeyIO           Load declarations of de.uka.ilkd.key.nparser.KeyAst$File:  <unknown>:1#1 
61542      INFO  Test worker     d.u.i.k.n.KeyIO           MODE: declarations took 0 ms 
61542      DEBUG Test worker     d.u.i.k.n.KeyIO           MODE: 2nd degree decls took 0 
61667      ERROR Test worker     d.u.i.k.j.KeYJPMapping    Duplicate registration of node: boolean, formerNode: /*@ pure @*/
boolean 
61715      ERROR Test worker     d.u.i.k.j.KeYJPMapping    Duplicate registration of node: /*@pure*/
int, formerNode: int 
61715      ERROR Test worker     d.u.i.k.j.KeYJPMapping    Duplicate registration of node: /*@ helper */
int, formerNode: int 
61715      ERROR Test worker     d.u.i.k.j.KeYJPMapping    Duplicate registration of node: /*@ helper */
boolean, formerNode: /*@ pure @*/
boolean 
61715      ERROR Test worker     d.u.i.k.j.KeYJPMapping    Duplicate registration of node: /*@ helper */
char, formerNode: char 
61730      ERROR Test worker     d.u.i.k.j.KeYJPMapping    Duplicate registration of node: byte[], formerNode: byte[] 
61730      ERROR Test worker     d.u.i.k.j.KeYJPMapping    Duplicate registration of node: /*@ helper */
java.lang.String, formerNode: java.lang.String 
61745      ERROR Test worker     d.u.i.k.j.KeYJPMapping    Duplicate registration of node: /*@strictly_pure*/
java.lang.String, formerNode: java.lang.String 
61745      ERROR Test worker     d.u.i.k.j.KeYJPMapping    Duplicate registration of node: /*@nullable@*/
Object, formerNode: Object 
61792      ERROR Test worker     d.u.i.k.j.KeYJPMapping    Duplicate registration of node: /*@pure@*/
String, formerNode: String 
61808      ERROR Test worker     d.u.i.k.j.KeYJPMapping    Duplicate registration of node: char[], formerNode: char[] 
61808      ERROR Test worker     d.u.i.k.j.KeYJPMapping    Duplicate registration of node: int[], formerNode: int[] 
61808      ERROR Test worker     d.u.i.k.j.KeYJPMapping    Duplicate registration of value: testTermParserHeap.A::next;, formerValue: testTermParserHeap.A::next; 
61808      ERROR Test worker     d.u.i.k.j.KeYJPMapping    Duplicate registration of value: A testTermParserHeap.A::next;, formerValue: A testTermParserHeap.A::next; 
61870      INFO  Test worker     d.u.i.k.n.KeyIO           Parsing took 0 ms 
61870      DEBUG Test worker     d.u.i.k.n.KeyIO           Load declarations of de.uka.ilkd.key.nparser.KeyAst$File:  <unknown>:1#1 
61870      INFO  Test worker     d.u.i.k.n.KeyIO           MODE: declarations took 0 ms 
61870      DEBUG Test worker     d.u.i.k.n.KeyIO           MODE: 2nd degree decls took 0 
61870      INFO  Test worker     d.u.i.k.n.KeyIO           Parsing took 0 ms 
61870      DEBUG Test worker     d.u.i.k.n.KeyIO           Load declarations of de.uka.ilkd.key.nparser.KeyAst$File:  <unknown>:1#1 
61886      INFO  Test worker     d.u.i.k.n.KeyIO           MODE: declarations took 16 ms 
61886      DEBUG Test worker     d.u.i.k.n.KeyIO           MODE: 2nd degree decls took 0 
61886      INFO  Test worker     d.u.i.k.n.KeyIO           Parsing took 0 ms 
61886      DEBUG Test worker     d.u.i.k.n.KeyIO           Load declarations of de.uka.ilkd.key.nparser.KeyAst$File:  <unknown>:1#1 
61886      INFO  Test worker     d.u.i.k.n.KeyIO           MODE: declarations took 0 ms 
61886      DEBUG Test worker     d.u.i.k.n.KeyIO           MODE: 2nd degree decls took 0 
61886      INFO  Test worker     d.u.i.k.n.KeyIO           Parsing took 0 ms 
61886      DEBUG Test worker     d.u.i.k.n.KeyIO           Load declarations of de.uka.ilkd.key.nparser.KeyAst$File:  <unknown>:1#1 
61886      INFO  Test worker     d.u.i.k.n.KeyIO           MODE: declarations took 0 ms 
61902      DEBUG Test worker     d.u.i.k.n.KeyIO           MODE: 2nd degree decls took 0 
61902      INFO  Test worker     d.u.i.k.n.KeyIO           Parsing took 0 ms 
61902      DEBUG Test worker     d.u.i.k.n.KeyIO           Load declarations of de.uka.ilkd.key.nparser.KeyAst$File:  <unknown>:1#1 
61902      INFO  Test worker     d.u.i.k.n.KeyIO           MODE: declarations took 0 ms 
61902      DEBUG Test worker     d.u.i.k.n.KeyIO           MODE: 2nd degree decls took 0 
62037      ERROR Test worker     d.u.i.k.j.KeYJPMapping    Duplicate registration of node: boolean, formerNode: /*@ pure @*/
boolean 
62084      ERROR Test worker     d.u.i.k.j.KeYJPMapping    Duplicate registration of node: /*@pure*/
int, formerNode: int 
62084      ERROR Test worker     d.u.i.k.j.KeYJPMapping    Duplicate registration of node: /*@ helper */
int, formerNode: int 
62084      ERROR Test worker     d.u.i.k.j.KeYJPMapping    Duplicate registration of node: /*@ helper */
boolean, formerNode: /*@ pure @*/
boolean 
62084      ERROR Test worker     d.u.i.k.j.KeYJPMapping    Duplicate registration of node: /*@ helper */
char, formerNode: char 
62084      ERROR Test worker     d.u.i.k.j.KeYJPMapping    Duplicate registration of node: byte[], formerNode: byte[] 
62100      ERROR Test worker     d.u.i.k.j.KeYJPMapping    Duplicate registration of node: /*@ helper */
java.lang.String, formerNode: java.lang.String 
62115      ERROR Test worker     d.u.i.k.j.KeYJPMapping    Duplicate registration of node: /*@strictly_pure*/
java.lang.String, formerNode: java.lang.String 
62115      ERROR Test worker     d.u.i.k.j.KeYJPMapping    Duplicate registration of node: /*@nullable@*/
Object, formerNode: Object 
62162      ERROR Test worker     d.u.i.k.j.KeYJPMapping    Duplicate registration of node: /*@pure@*/
String, formerNode: String 
62162      ERROR Test worker     d.u.i.k.j.KeYJPMapping    Duplicate registration of node: char[], formerNode: char[] 
62162      ERROR Test worker     d.u.i.k.j.KeYJPMapping    Duplicate registration of node: int[], formerNode: int[] 
62178      ERROR Test worker     d.u.i.k.j.KeYJPMapping    Duplicate registration of value: testTermParserHeap.A::next;, formerValue: testTermParserHeap.A::next; 
62178      ERROR Test worker     d.u.i.k.j.KeYJPMapping    Duplicate registration of value: A testTermParserHeap.A::next;, formerValue: A testTermParserHeap.A::next; 
62225      INFO  Test worker     d.u.i.k.n.KeyIO           Parsing took 0 ms 
62225      DEBUG Test worker     d.u.i.k.n.KeyIO           Load declarations of de.uka.ilkd.key.nparser.KeyAst$File:  <unknown>:1#1 
62225      INFO  Test worker     d.u.i.k.n.KeyIO           MODE: declarations took 0 ms 
62225      DEBUG Test worker     d.u.i.k.n.KeyIO           MODE: 2nd degree decls took 0 
62225      INFO  Test worker     d.u.i.k.n.KeyIO           Parsing took 0 ms 
62225      DEBUG Test worker     d.u.i.k.n.KeyIO           Load declarations of de.uka.ilkd.key.nparser.KeyAst$File:  <unknown>:1#1 
62225      INFO  Test worker     d.u.i.k.n.KeyIO           MODE: declarations took 0 ms 
62225      DEBUG Test worker     d.u.i.k.n.KeyIO           MODE: 2nd degree decls took 0 
62225      INFO  Test worker     d.u.i.k.n.KeyIO           Parsing took 0 ms 
62225      DEBUG Test worker     d.u.i.k.n.KeyIO           Load declarations of de.uka.ilkd.key.nparser.KeyAst$File:  <unknown>:1#1 
62225      INFO  Test worker     d.u.i.k.n.KeyIO           MODE: declarations took 0 ms 
62225      DEBUG Test worker     d.u.i.k.n.KeyIO           MODE: 2nd degree decls took 0 
62225      INFO  Test worker     d.u.i.k.n.KeyIO           Parsing took 0 ms 
62225      DEBUG Test worker     d.u.i.k.n.KeyIO           Load declarations of de.uka.ilkd.key.nparser.KeyAst$File:  <unknown>:1#1 
62225      INFO  Test worker     d.u.i.k.n.KeyIO           MODE: declarations took 0 ms 
62225      DEBUG Test worker     d.u.i.k.n.KeyIO           MODE: 2nd degree decls took 0 
62225      INFO  Test worker     d.u.i.k.n.KeyIO           Parsing took 0 ms 
62225      DEBUG Test worker     d.u.i.k.n.KeyIO           Load declarations of de.uka.ilkd.key.nparser.KeyAst$File:  <unknown>:1#1 
62225      INFO  Test worker     d.u.i.k.n.KeyIO           MODE: declarations took 0 ms 
62225      DEBUG Test worker     d.u.i.k.n.KeyIO           MODE: 2nd degree decls took 0 
62365      ERROR Test worker     d.u.i.k.j.KeYJPMapping    Duplicate registration of node: boolean, formerNode: /*@ pure @*/
boolean 
62397      ERROR Test worker     d.u.i.k.j.KeYJPMapping    Duplicate registration of node: /*@pure*/
int, formerNode: int 
62412      ERROR Test worker     d.u.i.k.j.KeYJPMapping    Duplicate registration of node: /*@ helper */
int, formerNode: int 
62412      ERROR Test worker     d.u.i.k.j.KeYJPMapping    Duplicate registration of node: /*@ helper */
boolean, formerNode: /*@ pure @*/
boolean 
62412      ERROR Test worker     d.u.i.k.j.KeYJPMapping    Duplicate registration of node: /*@ helper */
char, formerNode: char 
62412      ERROR Test worker     d.u.i.k.j.KeYJPMapping    Duplicate registration of node: byte[], formerNode: byte[] 
62412      ERROR Test worker     d.u.i.k.j.KeYJPMapping    Duplicate registration of node: /*@ helper */
java.lang.String, formerNode: java.lang.String 
62428      ERROR Test worker     d.u.i.k.j.KeYJPMapping    Duplicate registration of node: /*@strictly_pure*/
java.lang.String, formerNode: java.lang.String 
62444      ERROR Test worker     d.u.i.k.j.KeYJPMapping    Duplicate registration of node: /*@nullable@*/
Object, formerNode: Object 
62475      ERROR Test worker     d.u.i.k.j.KeYJPMapping    Duplicate registration of node: /*@pure@*/
String, formerNode: String 
62490      ERROR Test worker     d.u.i.k.j.KeYJPMapping    Duplicate registration of node: char[], formerNode: char[] 
62490      ERROR Test worker     d.u.i.k.j.KeYJPMapping    Duplicate registration of node: int[], formerNode: int[] 
62490      ERROR Test worker     d.u.i.k.j.KeYJPMapping    Duplicate registration of value: testTermParserHeap.A::next;, formerValue: testTermParserHeap.A::next; 
62490      ERROR Test worker     d.u.i.k.j.KeYJPMapping    Duplicate registration of value: A testTermParserHeap.A::next;, formerValue: A testTermParserHeap.A::next; 
62553      INFO  Test worker     d.u.i.k.n.KeyIO           Parsing took 0 ms 
62553      DEBUG Test worker     d.u.i.k.n.KeyIO           Load declarations of de.uka.ilkd.key.nparser.KeyAst$File:  <unknown>:1#1 
62553      INFO  Test worker     d.u.i.k.n.KeyIO           MODE: declarations took 0 ms 
62553      DEBUG Test worker     d.u.i.k.n.KeyIO           MODE: 2nd degree decls took 0 
62553      INFO  Test worker     d.u.i.k.n.KeyIO           Parsing took 0 ms 
62553      DEBUG Test worker     d.u.i.k.n.KeyIO           Load declarations of de.uka.ilkd.key.nparser.KeyAst$File:  <unknown>:1#1 
62553      INFO  Test worker     d.u.i.k.n.KeyIO           MODE: declarations took 0 ms 
62553      DEBUG Test worker     d.u.i.k.n.KeyIO           MODE: 2nd degree decls took 0 
62553      INFO  Test worker     d.u.i.k.n.KeyIO           Parsing took 0 ms 
62553      DEBUG Test worker     d.u.i.k.n.KeyIO           Load declarations of de.uka.ilkd.key.nparser.KeyAst$File:  <unknown>:1#1 
62553      INFO  Test worker     d.u.i.k.n.KeyIO           MODE: declarations took 0 ms 
62553      DEBUG Test worker     d.u.i.k.n.KeyIO           MODE: 2nd degree decls took 0 
62553      INFO  Test worker     d.u.i.k.n.KeyIO           Parsing took 0 ms 
62553      DEBUG Test worker     d.u.i.k.n.KeyIO           Load declarations of de.uka.ilkd.key.nparser.KeyAst$File:  <unknown>:1#1 
62553      INFO  Test worker     d.u.i.k.n.KeyIO           MODE: declarations took 0 ms 
62553      DEBUG Test worker     d.u.i.k.n.KeyIO           MODE: 2nd degree decls took 0 
62553      INFO  Test worker     d.u.i.k.n.KeyIO           Parsing took 0 ms 
62553      DEBUG Test worker     d.u.i.k.n.KeyIO           Load declarations of de.uka.ilkd.key.nparser.KeyAst$File:  <unknown>:1#1 
62553      INFO  Test worker     d.u.i.k.n.KeyIO           MODE: declarations took 0 ms 
62553      DEBUG Test worker     d.u.i.k.n.KeyIO           MODE: 2nd degree decls took 0 
62688      ERROR Test worker     d.u.i.k.j.KeYJPMapping    Duplicate registration of node: boolean, formerNode: /*@ pure @*/
boolean 
62735      ERROR Test worker     d.u.i.k.j.KeYJPMapping    Duplicate registration of node: /*@pure*/
int, formerNode: int 
62735      ERROR Test worker     d.u.i.k.j.KeYJPMapping    Duplicate registration of node: /*@ helper */
int, formerNode: int 
62751      ERROR Test worker     d.u.i.k.j.KeYJPMapping    Duplicate registration of node: /*@ helper */
boolean, formerNode: /*@ pure @*/
boolean 
62751      ERROR Test worker     d.u.i.k.j.KeYJPMapping    Duplicate registration of node: /*@ helper */
char, formerNode: char 
62751      ERROR Test worker     d.u.i.k.j.KeYJPMapping    Duplicate registration of node: byte[], formerNode: byte[] 
62751      ERROR Test worker     d.u.i.k.j.KeYJPMapping    Duplicate registration of node: /*@ helper */
java.lang.String, formerNode: java.lang.String 
62766      ERROR Test worker     d.u.i.k.j.KeYJPMapping    Duplicate registration of node: /*@strictly_pure*/
java.lang.String, formerNode: java.lang.String 
62782      ERROR Test worker     d.u.i.k.j.KeYJPMapping    Duplicate registration of node: /*@nullable@*/
Object, formerNode: Object 
62813      ERROR Test worker     d.u.i.k.j.KeYJPMapping    Duplicate registration of node: /*@pure@*/
String, formerNode: String 
62829      ERROR Test worker     d.u.i.k.j.KeYJPMapping    Duplicate registration of node: char[], formerNode: char[] 
62829      ERROR Test worker     d.u.i.k.j.KeYJPMapping    Duplicate registration of node: int[], formerNode: int[] 
62829      ERROR Test worker     d.u.i.k.j.KeYJPMapping    Duplicate registration of value: testTermParserHeap.A::next;, formerValue: testTermParserHeap.A::next; 
62829      ERROR Test worker     d.u.i.k.j.KeYJPMapping    Duplicate registration of value: A testTermParserHeap.A::next;, formerValue: A testTermParserHeap.A::next; 
62891      INFO  Test worker     d.u.i.k.n.KeyIO           Parsing took 0 ms 
62891      DEBUG Test worker     d.u.i.k.n.KeyIO           Load declarations of de.uka.ilkd.key.nparser.KeyAst$File:  <unknown>:1#1 
62891      INFO  Test worker     d.u.i.k.n.KeyIO           MODE: declarations took 0 ms 
62891      DEBUG Test worker     d.u.i.k.n.KeyIO           MODE: 2nd degree decls took 0 
62891      INFO  Test worker     d.u.i.k.n.KeyIO           Parsing took 0 ms 
62891      DEBUG Test worker     d.u.i.k.n.KeyIO           Load declarations of de.uka.ilkd.key.nparser.KeyAst$File:  <unknown>:1#1 
62891      INFO  Test worker     d.u.i.k.n.KeyIO           MODE: declarations took 0 ms 
62891      DEBUG Test worker     d.u.i.k.n.KeyIO           MODE: 2nd degree decls took 0 
62891      INFO  Test worker     d.u.i.k.n.KeyIO           Parsing took 0 ms 
62891      DEBUG Test worker     d.u.i.k.n.KeyIO           Load declarations of de.uka.ilkd.key.nparser.KeyAst$File:  <unknown>:1#1 
62891      INFO  Test worker     d.u.i.k.n.KeyIO           MODE: declarations took 0 ms 
62891      DEBUG Test worker     d.u.i.k.n.KeyIO           MODE: 2nd degree decls took 0 
62891      INFO  Test worker     d.u.i.k.n.KeyIO           Parsing took 0 ms 
62891      DEBUG Test worker     d.u.i.k.n.KeyIO           Load declarations of de.uka.ilkd.key.nparser.KeyAst$File:  <unknown>:1#1 
62891      INFO  Test worker     d.u.i.k.n.KeyIO           MODE: declarations took 0 ms 
62891      DEBUG Test worker     d.u.i.k.n.KeyIO           MODE: 2nd degree decls took 0 
62891      INFO  Test worker     d.u.i.k.n.KeyIO           Parsing took 0 ms 
62891      DEBUG Test worker     d.u.i.k.n.KeyIO           Load declarations of de.uka.ilkd.key.nparser.KeyAst$File:  <unknown>:1#1 
62891      INFO  Test worker     d.u.i.k.n.KeyIO           MODE: declarations took 0 ms 
62891      DEBUG Test worker     d.u.i.k.n.KeyIO           MODE: 2nd degree decls took 0 
63022      ERROR Test worker     d.u.i.k.j.KeYJPMapping    Duplicate registration of node: boolean, formerNode: /*@ pure @*/
boolean 
63068      ERROR Test worker     d.u.i.k.j.KeYJPMapping    Duplicate registration of node: /*@pure*/
int, formerNode: int 
63068      ERROR Test worker     d.u.i.k.j.KeYJPMapping    Duplicate registration of node: /*@ helper */
int, formerNode: int 
63068      ERROR Test worker     d.u.i.k.j.KeYJPMapping    Duplicate registration of node: /*@ helper */
boolean, formerNode: /*@ pure @*/
boolean 
63084      ERROR Test worker     d.u.i.k.j.KeYJPMapping    Duplicate registration of node: /*@ helper */
char, formerNode: char 
63084      ERROR Test worker     d.u.i.k.j.KeYJPMapping    Duplicate registration of node: byte[], formerNode: byte[] 
63084      ERROR Test worker     d.u.i.k.j.KeYJPMapping    Duplicate registration of node: /*@ helper */
java.lang.String, formerNode: java.lang.String 
63100      ERROR Test worker     d.u.i.k.j.KeYJPMapping    Duplicate registration of node: /*@strictly_pure*/
java.lang.String, formerNode: java.lang.String 
63115      ERROR Test worker     d.u.i.k.j.KeYJPMapping    Duplicate registration of node: /*@nullable@*/
Object, formerNode: Object 
63147      ERROR Test worker     d.u.i.k.j.KeYJPMapping    Duplicate registration of node: /*@pure@*/
String, formerNode: String 
63162      ERROR Test worker     d.u.i.k.j.KeYJPMapping    Duplicate registration of node: char[], formerNode: char[] 
63162      ERROR Test worker     d.u.i.k.j.KeYJPMapping    Duplicate registration of node: int[], formerNode: int[] 
63162      ERROR Test worker     d.u.i.k.j.KeYJPMapping    Duplicate registration of value: testTermParserHeap.A::next;, formerValue: testTermParserHeap.A::next; 
63162      ERROR Test worker     d.u.i.k.j.KeYJPMapping    Duplicate registration of value: A testTermParserHeap.A::next;, formerValue: A testTermParserHeap.A::next; 
63381      INFO  Test worker     d.u.i.k.n.KeyIO           Parsing took 0 ms 
63381      DEBUG Test worker     d.u.i.k.n.KeyIO           Load declarations of de.uka.ilkd.key.nparser.KeyAst$File:  <unknown>:1#1 
63381      INFO  Test worker     d.u.i.k.n.KeyIO           MODE: declarations took 0 ms 
63381      DEBUG Test worker     d.u.i.k.n.KeyIO           MODE: 2nd degree decls took 0 
63381      INFO  Test worker     d.u.i.k.n.KeyIO           Parsing took 0 ms 
63381      DEBUG Test worker     d.u.i.k.n.KeyIO           Load declarations of de.uka.ilkd.key.nparser.KeyAst$File:  <unknown>:1#1 
63381      INFO  Test worker     d.u.i.k.n.KeyIO           MODE: declarations took 0 ms 
63381      DEBUG Test worker     d.u.i.k.n.KeyIO           MODE: 2nd degree decls took 0 
63381      INFO  Test worker     d.u.i.k.n.KeyIO           Parsing took 0 ms 
63381      DEBUG Test worker     d.u.i.k.n.KeyIO           Load declarations of de.uka.ilkd.key.nparser.KeyAst$File:  <unknown>:1#1 
63381      INFO  Test worker     d.u.i.k.n.KeyIO           MODE: declarations took 0 ms 
63381      DEBUG Test worker     d.u.i.k.n.KeyIO           MODE: 2nd degree decls took 0 
63381      INFO  Test worker     d.u.i.k.n.KeyIO           Parsing took 0 ms 
63381      DEBUG Test worker     d.u.i.k.n.KeyIO           Load declarations of de.uka.ilkd.key.nparser.KeyAst$File:  <unknown>:1#1 
63381      INFO  Test worker     d.u.i.k.n.KeyIO           MODE: declarations took 0 ms 
63381      DEBUG Test worker     d.u.i.k.n.KeyIO           MODE: 2nd degree decls took 0 
63381      INFO  Test worker     d.u.i.k.n.KeyIO           Parsing took 0 ms 
63381      DEBUG Test worker     d.u.i.k.n.KeyIO           Load declarations of de.uka.ilkd.key.nparser.KeyAst$File:  <unknown>:1#1 
63381      INFO  Test worker     d.u.i.k.n.KeyIO           MODE: declarations took 0 ms 
63381      DEBUG Test worker     d.u.i.k.n.KeyIO           MODE: 2nd degree decls took 0 
63562      ERROR Test worker     d.u.i.k.j.KeYJPMapping    Duplicate registration of node: boolean, formerNode: /*@ pure @*/
boolean 
63609      ERROR Test worker     d.u.i.k.j.KeYJPMapping    Duplicate registration of node: /*@pure*/
int, formerNode: int 
63609      ERROR Test worker     d.u.i.k.j.KeYJPMapping    Duplicate registration of node: /*@ helper */
int, formerNode: int 
63609      ERROR Test worker     d.u.i.k.j.KeYJPMapping    Duplicate registration of node: /*@ helper */
boolean, formerNode: /*@ pure @*/
boolean 
63609      ERROR Test worker     d.u.i.k.j.KeYJPMapping    Duplicate registration of node: /*@ helper */
char, formerNode: char 
63609      ERROR Test worker     d.u.i.k.j.KeYJPMapping    Duplicate registration of node: byte[], formerNode: byte[] 
63625      ERROR Test worker     d.u.i.k.j.KeYJPMapping    Duplicate registration of node: /*@ helper */
java.lang.String, formerNode: java.lang.String 
63640      ERROR Test worker     d.u.i.k.j.KeYJPMapping    Duplicate registration of node: /*@strictly_pure*/
java.lang.String, formerNode: java.lang.String 
63640      ERROR Test worker     d.u.i.k.j.KeYJPMapping    Duplicate registration of node: /*@nullable@*/
Object, formerNode: Object 
63687      ERROR Test worker     d.u.i.k.j.KeYJPMapping    Duplicate registration of node: /*@pure@*/
String, formerNode: String 
63687      ERROR Test worker     d.u.i.k.j.KeYJPMapping    Duplicate registration of node: char[], formerNode: char[] 
63687      ERROR Test worker     d.u.i.k.j.KeYJPMapping    Duplicate registration of node: int[], formerNode: int[] 
63703      ERROR Test worker     d.u.i.k.j.KeYJPMapping    Duplicate registration of value: testTermParserHeap.A::next;, formerValue: testTermParserHeap.A::next; 
63703      ERROR Test worker     d.u.i.k.j.KeYJPMapping    Duplicate registration of value: A testTermParserHeap.A::next;, formerValue: A testTermParserHeap.A::next; 
63750      INFO  Test worker     d.u.i.k.n.KeyIO           Parsing took 0 ms 
63750      DEBUG Test worker     d.u.i.k.n.KeyIO           Load declarations of de.uka.ilkd.key.nparser.KeyAst$File:  <unknown>:1#1 
63750      INFO  Test worker     d.u.i.k.n.KeyIO           MODE: declarations took 0 ms 
63750      DEBUG Test worker     d.u.i.k.n.KeyIO           MODE: 2nd degree decls took 0 
63750      INFO  Test worker     d.u.i.k.n.KeyIO           Parsing took 0 ms 
63750      DEBUG Test worker     d.u.i.k.n.KeyIO           Load declarations of de.uka.ilkd.key.nparser.KeyAst$File:  <unknown>:1#1 
63750      INFO  Test worker     d.u.i.k.n.KeyIO           MODE: declarations took 0 ms 
63750      DEBUG Test worker     d.u.i.k.n.KeyIO           MODE: 2nd degree decls took 0 
63750      INFO  Test worker     d.u.i.k.n.KeyIO           Parsing took 0 ms 
63750      DEBUG Test worker     d.u.i.k.n.KeyIO           Load declarations of de.uka.ilkd.key.nparser.KeyAst$File:  <unknown>:1#1 
63750      INFO  Test worker     d.u.i.k.n.KeyIO           MODE: declarations took 0 ms 
63750      DEBUG Test worker     d.u.i.k.n.KeyIO           MODE: 2nd degree decls took 0 
63750      INFO  Test worker     d.u.i.k.n.KeyIO           Parsing took 0 ms 
63750      DEBUG Test worker     d.u.i.k.n.KeyIO           Load declarations of de.uka.ilkd.key.nparser.KeyAst$File:  <unknown>:1#1 
63750      INFO  Test worker     d.u.i.k.n.KeyIO           MODE: declarations took 0 ms 
63750      DEBUG Test worker     d.u.i.k.n.KeyIO           MODE: 2nd degree decls took 0 
63750      INFO  Test worker     d.u.i.k.n.KeyIO           Parsing took 0 ms 
63750      DEBUG Test worker     d.u.i.k.n.KeyIO           Load declarations of de.uka.ilkd.key.nparser.KeyAst$File:  <unknown>:1#1 
63750      INFO  Test worker     d.u.i.k.n.KeyIO           MODE: declarations took 0 ms 
63750      DEBUG Test worker     d.u.i.k.n.KeyIO           MODE: 2nd degree decls took 0 
63883      ERROR Test worker     d.u.i.k.j.KeYJPMapping    Duplicate registration of node: boolean, formerNode: /*@ pure @*/
boolean 
63930      ERROR Test worker     d.u.i.k.j.KeYJPMapping    Duplicate registration of node: /*@pure*/
int, formerNode: int 
63930      ERROR Test worker     d.u.i.k.j.KeYJPMapping    Duplicate registration of node: /*@ helper */
int, formerNode: int 
63930      ERROR Test worker     d.u.i.k.j.KeYJPMapping    Duplicate registration of node: /*@ helper */
boolean, formerNode: /*@ pure @*/
boolean 
63930      ERROR Test worker     d.u.i.k.j.KeYJPMapping    Duplicate registration of node: /*@ helper */
char, formerNode: char 
63930      ERROR Test worker     d.u.i.k.j.KeYJPMapping    Duplicate registration of node: byte[], formerNode: byte[] 
63946      ERROR Test worker     d.u.i.k.j.KeYJPMapping    Duplicate registration of node: /*@ helper */
java.lang.String, formerNode: java.lang.String 
63962      ERROR Test worker     d.u.i.k.j.KeYJPMapping    Duplicate registration of node: /*@strictly_pure*/
java.lang.String, formerNode: java.lang.String 
63962      ERROR Test worker     d.u.i.k.j.KeYJPMapping    Duplicate registration of node: /*@nullable@*/
Object, formerNode: Object 
64008      ERROR Test worker     d.u.i.k.j.KeYJPMapping    Duplicate registration of node: /*@pure@*/
String, formerNode: String 
64025      ERROR Test worker     d.u.i.k.j.KeYJPMapping    Duplicate registration of node: char[], formerNode: char[] 
64025      ERROR Test worker     d.u.i.k.j.KeYJPMapping    Duplicate registration of node: int[], formerNode: int[] 
64025      ERROR Test worker     d.u.i.k.j.KeYJPMapping    Duplicate registration of value: testTermParserHeap.A::next;, formerValue: testTermParserHeap.A::next; 
64025      ERROR Test worker     d.u.i.k.j.KeYJPMapping    Duplicate registration of value: A testTermParserHeap.A::next;, formerValue: A testTermParserHeap.A::next; 
64071      INFO  Test worker     d.u.i.k.n.KeyIO           Parsing took 0 ms 
64071      DEBUG Test worker     d.u.i.k.n.KeyIO           Load declarations of de.uka.ilkd.key.nparser.KeyAst$File:  <unknown>:1#1 
64071      INFO  Test worker     d.u.i.k.n.KeyIO           MODE: declarations took 0 ms 
64071      DEBUG Test worker     d.u.i.k.n.KeyIO           MODE: 2nd degree decls took 0 
64071      INFO  Test worker     d.u.i.k.n.KeyIO           Parsing took 0 ms 
64071      DEBUG Test worker     d.u.i.k.n.KeyIO           Load declarations of de.uka.ilkd.key.nparser.KeyAst$File:  <unknown>:1#1 
64071      INFO  Test worker     d.u.i.k.n.KeyIO           MODE: declarations took 0 ms 
64071      DEBUG Test worker     d.u.i.k.n.KeyIO           MODE: 2nd degree decls took 0 
64071      INFO  Test worker     d.u.i.k.n.KeyIO           Parsing took 0 ms 
64071      DEBUG Test worker     d.u.i.k.n.KeyIO           Load declarations of de.uka.ilkd.key.nparser.KeyAst$File:  <unknown>:1#1 
64087      INFO  Test worker     d.u.i.k.n.KeyIO           MODE: declarations took 16 ms 
64087      DEBUG Test worker     d.u.i.k.n.KeyIO           MODE: 2nd degree decls took 0 
64087      INFO  Test worker     d.u.i.k.n.KeyIO           Parsing took 0 ms 
64087      DEBUG Test worker     d.u.i.k.n.KeyIO           Load declarations of de.uka.ilkd.key.nparser.KeyAst$File:  <unknown>:1#1 
64087      INFO  Test worker     d.u.i.k.n.KeyIO           MODE: declarations took 0 ms 
64087      DEBUG Test worker     d.u.i.k.n.KeyIO           MODE: 2nd degree decls took 0 
64087      INFO  Test worker     d.u.i.k.n.KeyIO           Parsing took 0 ms 
64087      DEBUG Test worker     d.u.i.k.n.KeyIO           Load declarations of de.uka.ilkd.key.nparser.KeyAst$File:  <unknown>:1#1 
64088      INFO  Test worker     d.u.i.k.n.KeyIO           MODE: declarations took 1 ms 
64088      DEBUG Test worker     d.u.i.k.n.KeyIO           MODE: 2nd degree decls took 0 
64218      ERROR Test worker     d.u.i.k.j.KeYJPMapping    Duplicate registration of node: boolean, formerNode: /*@ pure @*/
boolean 
64265      ERROR Test worker     d.u.i.k.j.KeYJPMapping    Duplicate registration of node: /*@pure*/
int, formerNode: int 
64265      ERROR Test worker     d.u.i.k.j.KeYJPMapping    Duplicate registration of node: /*@ helper */
int, formerNode: int 
64265      ERROR Test worker     d.u.i.k.j.KeYJPMapping    Duplicate registration of node: /*@ helper */
boolean, formerNode: /*@ pure @*/
boolean 
64265      ERROR Test worker     d.u.i.k.j.KeYJPMapping    Duplicate registration of node: /*@ helper */
char, formerNode: char 
64265      ERROR Test worker     d.u.i.k.j.KeYJPMapping    Duplicate registration of node: byte[], formerNode: byte[] 
64265      ERROR Test worker     d.u.i.k.j.KeYJPMapping    Duplicate registration of node: /*@ helper */
java.lang.String, formerNode: java.lang.String 
64297      ERROR Test worker     d.u.i.k.j.KeYJPMapping    Duplicate registration of node: /*@strictly_pure*/
java.lang.String, formerNode: java.lang.String 
64297      ERROR Test worker     d.u.i.k.j.KeYJPMapping    Duplicate registration of node: /*@nullable@*/
Object, formerNode: Object 
64333      ERROR Test worker     d.u.i.k.j.KeYJPMapping    Duplicate registration of node: /*@pure@*/
String, formerNode: String 
64349      ERROR Test worker     d.u.i.k.j.KeYJPMapping    Duplicate registration of node: char[], formerNode: char[] 
64349      ERROR Test worker     d.u.i.k.j.KeYJPMapping    Duplicate registration of node: int[], formerNode: int[] 
64349      ERROR Test worker     d.u.i.k.j.KeYJPMapping    Duplicate registration of value: testTermParserHeap.A::next;, formerValue: testTermParserHeap.A::next; 
64349      ERROR Test worker     d.u.i.k.j.KeYJPMapping    Duplicate registration of value: A testTermParserHeap.A::next;, formerValue: A testTermParserHeap.A::next; 
64411      INFO  Test worker     d.u.i.k.n.KeyIO           Parsing took 0 ms 
64411      DEBUG Test worker     d.u.i.k.n.KeyIO           Load declarations of de.uka.ilkd.key.nparser.KeyAst$File:  <unknown>:1#1 
64411      INFO  Test worker     d.u.i.k.n.KeyIO           MODE: declarations took 0 ms 
64411      DEBUG Test worker     d.u.i.k.n.KeyIO           MODE: 2nd degree decls took 0 
64411      INFO  Test worker     d.u.i.k.n.KeyIO           Parsing took 0 ms 
64411      DEBUG Test worker     d.u.i.k.n.KeyIO           Load declarations of de.uka.ilkd.key.nparser.KeyAst$File:  <unknown>:1#1 
64411      INFO  Test worker     d.u.i.k.n.KeyIO           MODE: declarations took 0 ms 
64411      DEBUG Test worker     d.u.i.k.n.KeyIO           MODE: 2nd degree decls took 0 
64411      INFO  Test worker     d.u.i.k.n.KeyIO           Parsing took 0 ms 
64411      DEBUG Test worker     d.u.i.k.n.KeyIO           Load declarations of de.uka.ilkd.key.nparser.KeyAst$File:  <unknown>:1#1 
64411      INFO  Test worker     d.u.i.k.n.KeyIO           MODE: declarations took 0 ms 
64411      DEBUG Test worker     d.u.i.k.n.KeyIO           MODE: 2nd degree decls took 0 
64411      INFO  Test worker     d.u.i.k.n.KeyIO           Parsing took 0 ms 
64411      DEBUG Test worker     d.u.i.k.n.KeyIO           Load declarations of de.uka.ilkd.key.nparser.KeyAst$File:  <unknown>:1#1 
64411      INFO  Test worker     d.u.i.k.n.KeyIO           MODE: declarations took 0 ms 
64411      DEBUG Test worker     d.u.i.k.n.KeyIO           MODE: 2nd degree decls took 0 
64411      INFO  Test worker     d.u.i.k.n.KeyIO           Parsing took 0 ms 
64411      DEBUG Test worker     d.u.i.k.n.KeyIO           Load declarations of de.uka.ilkd.key.nparser.KeyAst$File:  <unknown>:1#1 
64411      INFO  Test worker     d.u.i.k.n.KeyIO           MODE: declarations took 0 ms 
64411      DEBUG Test worker     d.u.i.k.n.KeyIO           MODE: 2nd degree decls took 0 
64552      ERROR Test worker     d.u.i.k.j.KeYJPMapping    Duplicate registration of node: boolean, formerNode: /*@ pure @*/
boolean 
64583      ERROR Test worker     d.u.i.k.j.KeYJPMapping    Duplicate registration of node: /*@pure*/
int, formerNode: int 
64601      ERROR Test worker     d.u.i.k.j.KeYJPMapping    Duplicate registration of node: /*@ helper */
int, formerNode: int 
64602      ERROR Test worker     d.u.i.k.j.KeYJPMapping    Duplicate registration of node: /*@ helper */
boolean, formerNode: /*@ pure @*/
boolean 
64602      ERROR Test worker     d.u.i.k.j.KeYJPMapping    Duplicate registration of node: /*@ helper */
char, formerNode: char 
64603      ERROR Test worker     d.u.i.k.j.KeYJPMapping    Duplicate registration of node: byte[], formerNode: byte[] 
64603      ERROR Test worker     d.u.i.k.j.KeYJPMapping    Duplicate registration of node: /*@ helper */
java.lang.String, formerNode: java.lang.String 
64618      ERROR Test worker     d.u.i.k.j.KeYJPMapping    Duplicate registration of node: /*@strictly_pure*/
java.lang.String, formerNode: java.lang.String 
64634      ERROR Test worker     d.u.i.k.j.KeYJPMapping    Duplicate registration of node: /*@nullable@*/
Object, formerNode: Object 
64665      ERROR Test worker     d.u.i.k.j.KeYJPMapping    Duplicate registration of node: /*@pure@*/
String, formerNode: String 
64681      ERROR Test worker     d.u.i.k.j.KeYJPMapping    Duplicate registration of node: char[], formerNode: char[] 
64681      ERROR Test worker     d.u.i.k.j.KeYJPMapping    Duplicate registration of node: int[], formerNode: int[] 
64681      ERROR Test worker     d.u.i.k.j.KeYJPMapping    Duplicate registration of value: testTermParserHeap.A::next;, formerValue: testTermParserHeap.A::next; 
64681      ERROR Test worker     d.u.i.k.j.KeYJPMapping    Duplicate registration of value: A testTermParserHeap.A::next;, formerValue: A testTermParserHeap.A::next; 
64743      INFO  Test worker     d.u.i.k.n.KeyIO           Parsing took 0 ms 
64743      DEBUG Test worker     d.u.i.k.n.KeyIO           Load declarations of de.uka.ilkd.key.nparser.KeyAst$File:  <unknown>:1#1 
64744      INFO  Test worker     d.u.i.k.n.KeyIO           MODE: declarations took 1 ms 
64744      DEBUG Test worker     d.u.i.k.n.KeyIO           MODE: 2nd degree decls took 0 
64745      INFO  Test worker     d.u.i.k.n.KeyIO           Parsing took 1 ms 
64745      DEBUG Test worker     d.u.i.k.n.KeyIO           Load declarations of de.uka.ilkd.key.nparser.KeyAst$File:  <unknown>:1#1 
64745      INFO  Test worker     d.u.i.k.n.KeyIO           MODE: declarations took 0 ms 
64745      DEBUG Test worker     d.u.i.k.n.KeyIO           MODE: 2nd degree decls took 0 
64745      INFO  Test worker     d.u.i.k.n.KeyIO           Parsing took 0 ms 
64745      DEBUG Test worker     d.u.i.k.n.KeyIO           Load declarations of de.uka.ilkd.key.nparser.KeyAst$File:  <unknown>:1#1 
64745      INFO  Test worker     d.u.i.k.n.KeyIO           MODE: declarations took 0 ms 
64745      DEBUG Test worker     d.u.i.k.n.KeyIO           MODE: 2nd degree decls took 0 
64745      INFO  Test worker     d.u.i.k.n.KeyIO           Parsing took 0 ms 
64745      DEBUG Test worker     d.u.i.k.n.KeyIO           Load declarations of de.uka.ilkd.key.nparser.KeyAst$File:  <unknown>:1#1 
64745      INFO  Test worker     d.u.i.k.n.KeyIO           MODE: declarations took 0 ms 
64745      DEBUG Test worker     d.u.i.k.n.KeyIO           MODE: 2nd degree decls took 0 
64745      INFO  Test worker     d.u.i.k.n.KeyIO           Parsing took 0 ms 
64745      DEBUG Test worker     d.u.i.k.n.KeyIO           Load declarations of de.uka.ilkd.key.nparser.KeyAst$File:  <unknown>:1#1 
64745      INFO  Test worker     d.u.i.k.n.KeyIO           MODE: declarations took 0 ms 
64745      DEBUG Test worker     d.u.i.k.n.KeyIO           MODE: 2nd degree decls took 0 
64890      ERROR Test worker     d.u.i.k.j.KeYJPMapping    Duplicate registration of node: boolean, formerNode: /*@ pure @*/
boolean 
64937      ERROR Test worker     d.u.i.k.j.KeYJPMapping    Duplicate registration of node: /*@pure*/
int, formerNode: int 
64937      ERROR Test worker     d.u.i.k.j.KeYJPMapping    Duplicate registration of node: /*@ helper */
int, formerNode: int 
64937      ERROR Test worker     d.u.i.k.j.KeYJPMapping    Duplicate registration of node: /*@ helper */
boolean, formerNode: /*@ pure @*/
boolean 
64937      ERROR Test worker     d.u.i.k.j.KeYJPMapping    Duplicate registration of node: /*@ helper */
char, formerNode: char 
64937      ERROR Test worker     d.u.i.k.j.KeYJPMapping    Duplicate registration of node: byte[], formerNode: byte[] 
64937      ERROR Test worker     d.u.i.k.j.KeYJPMapping    Duplicate registration of node: /*@ helper */
java.lang.String, formerNode: java.lang.String 
64968      ERROR Test worker     d.u.i.k.j.KeYJPMapping    Duplicate registration of node: /*@strictly_pure*/
java.lang.String, formerNode: java.lang.String 
64968      ERROR Test worker     d.u.i.k.j.KeYJPMapping    Duplicate registration of node: /*@nullable@*/
Object, formerNode: Object 
65015      ERROR Test worker     d.u.i.k.j.KeYJPMapping    Duplicate registration of node: /*@pure@*/
String, formerNode: String 
65015      ERROR Test worker     d.u.i.k.j.KeYJPMapping    Duplicate registration of node: char[], formerNode: char[] 
65015      ERROR Test worker     d.u.i.k.j.KeYJPMapping    Duplicate registration of node: int[], formerNode: int[] 
65030      ERROR Test worker     d.u.i.k.j.KeYJPMapping    Duplicate registration of value: testTermParserHeap.A::next;, formerValue: testTermParserHeap.A::next; 
65030      ERROR Test worker     d.u.i.k.j.KeYJPMapping    Duplicate registration of value: A testTermParserHeap.A::next;, formerValue: A testTermParserHeap.A::next; 
65077      INFO  Test worker     d.u.i.k.n.KeyIO           Parsing took 0 ms 
65077      DEBUG Test worker     d.u.i.k.n.KeyIO           Load declarations of de.uka.ilkd.key.nparser.KeyAst$File:  <unknown>:1#1 
65077      INFO  Test worker     d.u.i.k.n.KeyIO           MODE: declarations took 0 ms 
65077      DEBUG Test worker     d.u.i.k.n.KeyIO           MODE: 2nd degree decls took 0 
65077      INFO  Test worker     d.u.i.k.n.KeyIO           Parsing took 0 ms 
65077      DEBUG Test worker     d.u.i.k.n.KeyIO           Load declarations of de.uka.ilkd.key.nparser.KeyAst$File:  <unknown>:1#1 
65077      INFO  Test worker     d.u.i.k.n.KeyIO           MODE: declarations took 0 ms 
65077      DEBUG Test worker     d.u.i.k.n.KeyIO           MODE: 2nd degree decls took 0 
65077      INFO  Test worker     d.u.i.k.n.KeyIO           Parsing took 0 ms 
65077      DEBUG Test worker     d.u.i.k.n.KeyIO           Load declarations of de.uka.ilkd.key.nparser.KeyAst$File:  <unknown>:1#1 
65077      INFO  Test worker     d.u.i.k.n.KeyIO           MODE: declarations took 0 ms 
65077      DEBUG Test worker     d.u.i.k.n.KeyIO           MODE: 2nd degree decls took 0 
65077      INFO  Test worker     d.u.i.k.n.KeyIO           Parsing took 0 ms 
65077      DEBUG Test worker     d.u.i.k.n.KeyIO           Load declarations of de.uka.ilkd.key.nparser.KeyAst$File:  <unknown>:1#1 
65077      INFO  Test worker     d.u.i.k.n.KeyIO           MODE: declarations took 0 ms 
65077      DEBUG Test worker     d.u.i.k.n.KeyIO           MODE: 2nd degree decls took 0 
65077      INFO  Test worker     d.u.i.k.n.KeyIO           Parsing took 0 ms 
65077      DEBUG Test worker     d.u.i.k.n.KeyIO           Load declarations of de.uka.ilkd.key.nparser.KeyAst$File:  <unknown>:1#1 
65077      INFO  Test worker     d.u.i.k.n.KeyIO           MODE: declarations took 0 ms 
65077      DEBUG Test worker     d.u.i.k.n.KeyIO           MODE: 2nd degree decls took 0 
65374      ERROR Test worker     d.u.i.k.j.KeYJPMapping    Duplicate registration of node: boolean, formerNode: /*@ pure @*/
boolean 
65422      ERROR Test worker     d.u.i.k.j.KeYJPMapping    Duplicate registration of node: /*@pure*/
int, formerNode: int 
65422      ERROR Test worker     d.u.i.k.j.KeYJPMapping    Duplicate registration of node: /*@ helper */
int, formerNode: int 
65422      ERROR Test worker     d.u.i.k.j.KeYJPMapping    Duplicate registration of node: /*@ helper */
boolean, formerNode: /*@ pure @*/
boolean 
65422      ERROR Test worker     d.u.i.k.j.KeYJPMapping    Duplicate registration of node: /*@ helper */
char, formerNode: char 
65422      ERROR Test worker     d.u.i.k.j.KeYJPMapping    Duplicate registration of node: byte[], formerNode: byte[] 
65422      ERROR Test worker     d.u.i.k.j.KeYJPMapping    Duplicate registration of node: /*@ helper */
java.lang.String, formerNode: java.lang.String 
65454      ERROR Test worker     d.u.i.k.j.KeYJPMapping    Duplicate registration of node: /*@strictly_pure*/
java.lang.String, formerNode: java.lang.String 
65454      ERROR Test worker     d.u.i.k.j.KeYJPMapping    Duplicate registration of node: /*@nullable@*/
Object, formerNode: Object 
65500      ERROR Test worker     d.u.i.k.j.KeYJPMapping    Duplicate registration of node: /*@pure@*/
String, formerNode: String 
65500      ERROR Test worker     d.u.i.k.j.KeYJPMapping    Duplicate registration of node: char[], formerNode: char[] 
65500      ERROR Test worker     d.u.i.k.j.KeYJPMapping    Duplicate registration of node: int[], formerNode: int[] 
65500      ERROR Test worker     d.u.i.k.j.KeYJPMapping    Duplicate registration of value: testTermParserHeap.A::next;, formerValue: testTermParserHeap.A::next; 
65500      ERROR Test worker     d.u.i.k.j.KeYJPMapping    Duplicate registration of value: A testTermParserHeap.A::next;, formerValue: A testTermParserHeap.A::next; 
65563      INFO  Test worker     d.u.i.k.n.KeyIO           Parsing took 0 ms 
65563      DEBUG Test worker     d.u.i.k.n.KeyIO           Load declarations of de.uka.ilkd.key.nparser.KeyAst$File:  <unknown>:1#1 
65563      INFO  Test worker     d.u.i.k.n.KeyIO           MODE: declarations took 0 ms 
65563      DEBUG Test worker     d.u.i.k.n.KeyIO           MODE: 2nd degree decls took 0 
65563      INFO  Test worker     d.u.i.k.n.KeyIO           Parsing took 0 ms 
65563      DEBUG Test worker     d.u.i.k.n.KeyIO           Load declarations of de.uka.ilkd.key.nparser.KeyAst$File:  <unknown>:1#1 
65563      INFO  Test worker     d.u.i.k.n.KeyIO           MODE: declarations took 0 ms 
65563      DEBUG Test worker     d.u.i.k.n.KeyIO           MODE: 2nd degree decls took 0 
65563      INFO  Test worker     d.u.i.k.n.KeyIO           Parsing took 0 ms 
65563      DEBUG Test worker     d.u.i.k.n.KeyIO           Load declarations of de.uka.ilkd.key.nparser.KeyAst$File:  <unknown>:1#1 
65563      INFO  Test worker     d.u.i.k.n.KeyIO           MODE: declarations took 0 ms 
65563      DEBUG Test worker     d.u.i.k.n.KeyIO           MODE: 2nd degree decls took 0 
65563      INFO  Test worker     d.u.i.k.n.KeyIO           Parsing took 0 ms 
65563      DEBUG Test worker     d.u.i.k.n.KeyIO           Load declarations of de.uka.ilkd.key.nparser.KeyAst$File:  <unknown>:1#1 
65563      INFO  Test worker     d.u.i.k.n.KeyIO           MODE: declarations took 0 ms 
65563      DEBUG Test worker     d.u.i.k.n.KeyIO           MODE: 2nd degree decls took 0 
65563      INFO  Test worker     d.u.i.k.n.KeyIO           Parsing took 0 ms 
65563      DEBUG Test worker     d.u.i.k.n.KeyIO           Load declarations of de.uka.ilkd.key.nparser.KeyAst$File:  <unknown>:1#1 
65563      INFO  Test worker     d.u.i.k.n.KeyIO           MODE: declarations took 0 ms 
65563      DEBUG Test worker     d.u.i.k.n.KeyIO           MODE: 2nd degree decls took 0 
65694      ERROR Test worker     d.u.i.k.j.KeYJPMapping    Duplicate registration of node: boolean, formerNode: /*@ pure @*/
boolean 
65725      ERROR Test worker     d.u.i.k.j.KeYJPMapping    Duplicate registration of node: /*@pure*/
int, formerNode: int 
65741      ERROR Test worker     d.u.i.k.j.KeYJPMapping    Duplicate registration of node: /*@ helper */
int, formerNode: int 
65741      ERROR Test worker     d.u.i.k.j.KeYJPMapping    Duplicate registration of node: /*@ helper */
boolean, formerNode: /*@ pure @*/
boolean 
65741      ERROR Test worker     d.u.i.k.j.KeYJPMapping    Duplicate registration of node: /*@ helper */
char, formerNode: char 
65741      ERROR Test worker     d.u.i.k.j.KeYJPMapping    Duplicate registration of node: byte[], formerNode: byte[] 
65741      ERROR Test worker     d.u.i.k.j.KeYJPMapping    Duplicate registration of node: /*@ helper */
java.lang.String, formerNode: java.lang.String 
65757      ERROR Test worker     d.u.i.k.j.KeYJPMapping    Duplicate registration of node: /*@strictly_pure*/
java.lang.String, formerNode: java.lang.String 
65772      ERROR Test worker     d.u.i.k.j.KeYJPMapping    Duplicate registration of node: /*@nullable@*/
Object, formerNode: Object 
65804      ERROR Test worker     d.u.i.k.j.KeYJPMapping    Duplicate registration of node: /*@pure@*/
String, formerNode: String 
65819      ERROR Test worker     d.u.i.k.j.KeYJPMapping    Duplicate registration of node: char[], formerNode: char[] 
65819      ERROR Test worker     d.u.i.k.j.KeYJPMapping    Duplicate registration of node: int[], formerNode: int[] 
65819      ERROR Test worker     d.u.i.k.j.KeYJPMapping    Duplicate registration of value: testTermParserHeap.A::next;, formerValue: testTermParserHeap.A::next; 
65819      ERROR Test worker     d.u.i.k.j.KeYJPMapping    Duplicate registration of value: A testTermParserHeap.A::next;, formerValue: A testTermParserHeap.A::next; 
65882      INFO  Test worker     d.u.i.k.n.KeyIO           Parsing took 0 ms 
65882      DEBUG Test worker     d.u.i.k.n.KeyIO           Load declarations of de.uka.ilkd.key.nparser.KeyAst$File:  <unknown>:1#1 
65882      INFO  Test worker     d.u.i.k.n.KeyIO           MODE: declarations took 0 ms 
65882      DEBUG Test worker     d.u.i.k.n.KeyIO           MODE: 2nd degree decls took 0 
65882      INFO  Test worker     d.u.i.k.n.KeyIO           Parsing took 0 ms 
65882      DEBUG Test worker     d.u.i.k.n.KeyIO           Load declarations of de.uka.ilkd.key.nparser.KeyAst$File:  <unknown>:1#1 
65882      INFO  Test worker     d.u.i.k.n.KeyIO           MODE: declarations took 0 ms 
65882      DEBUG Test worker     d.u.i.k.n.KeyIO           MODE: 2nd degree decls took 0 
65882      INFO  Test worker     d.u.i.k.n.KeyIO           Parsing took 0 ms 
65882      DEBUG Test worker     d.u.i.k.n.KeyIO           Load declarations of de.uka.ilkd.key.nparser.KeyAst$File:  <unknown>:1#1 
65882      INFO  Test worker     d.u.i.k.n.KeyIO           MODE: declarations took 0 ms 
65882      DEBUG Test worker     d.u.i.k.n.KeyIO           MODE: 2nd degree decls took 0 
65882      INFO  Test worker     d.u.i.k.n.KeyIO           Parsing took 0 ms 
65882      DEBUG Test worker     d.u.i.k.n.KeyIO           Load declarations of de.uka.ilkd.key.nparser.KeyAst$File:  <unknown>:1#1 
65882      INFO  Test worker     d.u.i.k.n.KeyIO           MODE: declarations took 0 ms 
65882      DEBUG Test worker     d.u.i.k.n.KeyIO           MODE: 2nd degree decls took 0 
65882      INFO  Test worker     d.u.i.k.n.KeyIO           Parsing took 0 ms 
65882      DEBUG Test worker     d.u.i.k.n.KeyIO           Load declarations of de.uka.ilkd.key.nparser.KeyAst$File:  <unknown>:1#1 
65882      INFO  Test worker     d.u.i.k.n.KeyIO           MODE: declarations took 0 ms 
65882      DEBUG Test worker     d.u.i.k.n.KeyIO           MODE: 2nd degree decls took 0 
]]></system-err>
</testsuite>
