<?xml version="1.0" encoding="UTF-8"?>
<testsuite name="de.uka.ilkd.key.rule.match.vm.VMTacletMatcherTest" tests="6" skipped="0" failures="0" errors="0" timestamp="2023-06-12T15:58:44" hostname="fv-az282-703" time="0.044">
  <properties/>
  <testcase name="testMatchPropositionalFormula()" classname="de.uka.ilkd.key.rule.match.vm.VMTacletMatcherTest" time="0.012"/>
  <testcase name="testMatchVarBindingTermHiding()" classname="de.uka.ilkd.key.rule.match.vm.VMTacletMatcherTest" time="0.007"/>
  <testcase name="testMatchVarBindingTermNested()" classname="de.uka.ilkd.key.rule.match.vm.VMTacletMatcherTest" time="0.005"/>
  <testcase name="matchVarBindingTermSingle()" classname="de.uka.ilkd.key.rule.match.vm.VMTacletMatcherTest" time="0.002"/>
  <testcase name="testMatchVarBindingTermMoreHiding()" classname="de.uka.ilkd.key.rule.match.vm.VMTacletMatcherTest" time="0.007"/>
  <testcase name="testMatchFunctionTerm()" classname="de.uka.ilkd.key.rule.match.vm.VMTacletMatcherTest" time="0.01"/>
  <system-out><![CDATA[]]></system-out>
  <system-err><![CDATA[90568      ERROR Test worker     d.u.i.k.j.KeYJPMapping    Duplicate registration of node: boolean, formerNode: /*@ pure @*/
boolean 
90615      ERROR Test worker     d.u.i.k.j.KeYJPMapping    Duplicate registration of node: /*@pure*/
int, formerNode: int 
90615      ERROR Test worker     d.u.i.k.j.KeYJPMapping    Duplicate registration of node: /*@ helper */
int, formerNode: int 
90615      ERROR Test worker     d.u.i.k.j.KeYJPMapping    Duplicate registration of node: /*@ helper */
boolean, formerNode: /*@ pure @*/
boolean 
90615      ERROR Test worker     d.u.i.k.j.KeYJPMapping    Duplicate registration of node: /*@ helper */
char, formerNode: char 
90615      ERROR Test worker     d.u.i.k.j.KeYJPMapping    Duplicate registration of node: byte[], formerNode: byte[] 
90615      ERROR Test worker     d.u.i.k.j.KeYJPMapping    Duplicate registration of node: /*@ helper */
java.lang.String, formerNode: java.lang.String 
90646      ERROR Test worker     d.u.i.k.j.KeYJPMapping    Duplicate registration of node: /*@strictly_pure*/
java.lang.String, formerNode: java.lang.String 
90646      ERROR Test worker     d.u.i.k.j.KeYJPMapping    Duplicate registration of node: /*@nullable@*/
Object, formerNode: Object 
90678      ERROR Test worker     d.u.i.k.j.KeYJPMapping    Duplicate registration of node: /*@pure@*/
String, formerNode: String 
90855      ERROR Test worker     d.u.i.k.j.KeYJPMapping    Duplicate registration of node: boolean, formerNode: /*@ pure @*/
boolean 
90902      ERROR Test worker     d.u.i.k.j.KeYJPMapping    Duplicate registration of node: /*@pure*/
int, formerNode: int 
90902      ERROR Test worker     d.u.i.k.j.KeYJPMapping    Duplicate registration of node: /*@ helper */
int, formerNode: int 
90902      ERROR Test worker     d.u.i.k.j.KeYJPMapping    Duplicate registration of node: /*@ helper */
boolean, formerNode: /*@ pure @*/
boolean 
90902      ERROR Test worker     d.u.i.k.j.KeYJPMapping    Duplicate registration of node: /*@ helper */
char, formerNode: char 
90902      ERROR Test worker     d.u.i.k.j.KeYJPMapping    Duplicate registration of node: byte[], formerNode: byte[] 
90902      ERROR Test worker     d.u.i.k.j.KeYJPMapping    Duplicate registration of node: /*@ helper */
java.lang.String, formerNode: java.lang.String 
90933      ERROR Test worker     d.u.i.k.j.KeYJPMapping    Duplicate registration of node: /*@strictly_pure*/
java.lang.String, formerNode: java.lang.String 
90933      ERROR Test worker     d.u.i.k.j.KeYJPMapping    Duplicate registration of node: /*@nullable@*/
Object, formerNode: Object 
90965      ERROR Test worker     d.u.i.k.j.KeYJPMapping    Duplicate registration of node: /*@pure@*/
String, formerNode: String 
]]></system-err>
</testsuite>
