<?xml version="1.0" encoding="UTF-8"?>
<testsuite name="de.uka.ilkd.key.speclang.jml.TestJMLTranslator" tests="25" skipped="0" failures="25" errors="0" timestamp="2023-06-12T15:59:18" hostname="fv-az282-703" time="7.741">
  <properties/>
  <testcase name="testSimpleQuery()" classname="de.uka.ilkd.key.speclang.jml.TestJMLTranslator" time="0.314">
    <failure message="java.lang.ArrayIndexOutOfBoundsException" type="java.lang.ArrayIndexOutOfBoundsException">java.lang.ArrayIndexOutOfBoundsException
</failure>
  </testcase>
  <testcase name="testTrueTerm()" classname="de.uka.ilkd.key.speclang.jml.TestJMLTranslator" time="0.329">
    <failure message="java.lang.ArrayIndexOutOfBoundsException" type="java.lang.ArrayIndexOutOfBoundsException">java.lang.ArrayIndexOutOfBoundsException
</failure>
  </testcase>
  <testcase name="testOld()" classname="de.uka.ilkd.key.speclang.jml.TestJMLTranslator" time="0.285">
    <failure message="java.lang.ArrayIndexOutOfBoundsException" type="java.lang.ArrayIndexOutOfBoundsException">java.lang.ArrayIndexOutOfBoundsException
</failure>
  </testcase>
  <testcase name="testHexLiteral()" classname="de.uka.ilkd.key.speclang.jml.TestJMLTranslator" time="0.322">
    <failure message="java.lang.ArrayIndexOutOfBoundsException" type="java.lang.ArrayIndexOutOfBoundsException">java.lang.ArrayIndexOutOfBoundsException
</failure>
  </testcase>
  <testcase name="testForEx()" classname="de.uka.ilkd.key.speclang.jml.TestJMLTranslator" time="0.29">
    <failure message="java.lang.ArrayIndexOutOfBoundsException" type="java.lang.ArrayIndexOutOfBoundsException">java.lang.ArrayIndexOutOfBoundsException
</failure>
  </testcase>
  <testcase name="testResultVar()" classname="de.uka.ilkd.key.speclang.jml.TestJMLTranslator" time="0.313">
    <failure message="java.lang.ArrayIndexOutOfBoundsException" type="java.lang.ArrayIndexOutOfBoundsException">java.lang.ArrayIndexOutOfBoundsException
</failure>
  </testcase>
  <testcase name="testSumParsing()" classname="de.uka.ilkd.key.speclang.jml.TestJMLTranslator" time="0.32">
    <failure message="java.lang.ArrayIndexOutOfBoundsException" type="java.lang.ArrayIndexOutOfBoundsException">java.lang.ArrayIndexOutOfBoundsException
</failure>
  </testcase>
  <testcase name="testBsumInt()" classname="de.uka.ilkd.key.speclang.jml.TestJMLTranslator" time="0.28">
    <failure message="java.lang.ArrayIndexOutOfBoundsException" type="java.lang.ArrayIndexOutOfBoundsException">java.lang.ArrayIndexOutOfBoundsException
</failure>
  </testcase>
  <testcase name="testNonNullElements()" classname="de.uka.ilkd.key.speclang.jml.TestJMLTranslator" time="0.364">
    <failure message="java.lang.ArrayIndexOutOfBoundsException" type="java.lang.ArrayIndexOutOfBoundsException">java.lang.ArrayIndexOutOfBoundsException
</failure>
  </testcase>
  <testcase name="testInfiniteUnion()" classname="de.uka.ilkd.key.speclang.jml.TestJMLTranslator" time="0.282">
    <failure message="java.lang.ArrayIndexOutOfBoundsException" type="java.lang.ArrayIndexOutOfBoundsException">java.lang.ArrayIndexOutOfBoundsException
</failure>
  </testcase>
  <testcase name="testComplexExists()" classname="de.uka.ilkd.key.speclang.jml.TestJMLTranslator" time="0.344">
    <failure message="java.lang.ArrayIndexOutOfBoundsException" type="java.lang.ArrayIndexOutOfBoundsException">java.lang.ArrayIndexOutOfBoundsException
</failure>
  </testcase>
  <testcase name="testLogicalExpression()" classname="de.uka.ilkd.key.speclang.jml.TestJMLTranslator" time="0.282">
    <failure message="java.lang.ArrayIndexOutOfBoundsException" type="java.lang.ArrayIndexOutOfBoundsException">java.lang.ArrayIndexOutOfBoundsException
</failure>
  </testcase>
  <testcase name="testParenExpression()" classname="de.uka.ilkd.key.speclang.jml.TestJMLTranslator" time="0.322">
    <failure message="java.lang.ArrayIndexOutOfBoundsException" type="java.lang.ArrayIndexOutOfBoundsException">java.lang.ArrayIndexOutOfBoundsException
</failure>
  </testcase>
  <testcase name="testComplexQueryResolving1()" classname="de.uka.ilkd.key.speclang.jml.TestJMLTranslator" time="0.319">
    <failure message="java.lang.ArrayIndexOutOfBoundsException" type="java.lang.ArrayIndexOutOfBoundsException">java.lang.ArrayIndexOutOfBoundsException
</failure>
  </testcase>
  <testcase name="testComplexQueryResolving2()" classname="de.uka.ilkd.key.speclang.jml.TestJMLTranslator" time="0.283">
    <failure message="java.lang.ArrayIndexOutOfBoundsException" type="java.lang.ArrayIndexOutOfBoundsException">java.lang.ArrayIndexOutOfBoundsException
</failure>
  </testcase>
  <testcase name="testComplexQueryResolving3()" classname="de.uka.ilkd.key.speclang.jml.TestJMLTranslator" time="0.308">
    <failure message="java.lang.ArrayIndexOutOfBoundsException" type="java.lang.ArrayIndexOutOfBoundsException">java.lang.ArrayIndexOutOfBoundsException
</failure>
  </testcase>
  <testcase name="testCorrectImplicitThisResolution()" classname="de.uka.ilkd.key.speclang.jml.TestJMLTranslator" time="0.332">
    <failure message="java.lang.ArrayIndexOutOfBoundsException" type="java.lang.ArrayIndexOutOfBoundsException">java.lang.ArrayIndexOutOfBoundsException
</failure>
  </testcase>
  <testcase name="testInfiniteUnion2()" classname="de.uka.ilkd.key.speclang.jml.TestJMLTranslator" time="0.289">
    <failure message="java.lang.ArrayIndexOutOfBoundsException" type="java.lang.ArrayIndexOutOfBoundsException">java.lang.ArrayIndexOutOfBoundsException
</failure>
  </testcase>
  <testcase name="testForAll()" classname="de.uka.ilkd.key.speclang.jml.TestJMLTranslator" time="0.309">
    <failure message="java.lang.ArrayIndexOutOfBoundsException" type="java.lang.ArrayIndexOutOfBoundsException">java.lang.ArrayIndexOutOfBoundsException
</failure>
  </testcase>
  <testcase name="testPrimitiveField()" classname="de.uka.ilkd.key.speclang.jml.TestJMLTranslator" time="0.279">
    <failure message="java.lang.ArrayIndexOutOfBoundsException" type="java.lang.ArrayIndexOutOfBoundsException">java.lang.ArrayIndexOutOfBoundsException
</failure>
  </testcase>
  <testcase name="testSelfVar()" classname="de.uka.ilkd.key.speclang.jml.TestJMLTranslator" time="0.318">
    <failure message="java.lang.ArrayIndexOutOfBoundsException" type="java.lang.ArrayIndexOutOfBoundsException">java.lang.ArrayIndexOutOfBoundsException
</failure>
  </testcase>
  <testcase name="testIsInitialized()" classname="de.uka.ilkd.key.speclang.jml.TestJMLTranslator" time="0.331">
    <failure message="java.lang.ArrayIndexOutOfBoundsException" type="java.lang.ArrayIndexOutOfBoundsException">java.lang.ArrayIndexOutOfBoundsException
</failure>
  </testcase>
  <testcase name="testBsumBigInt()" classname="de.uka.ilkd.key.speclang.jml.TestJMLTranslator" time="0.274">
    <failure message="java.lang.ArrayIndexOutOfBoundsException" type="java.lang.ArrayIndexOutOfBoundsException">java.lang.ArrayIndexOutOfBoundsException
</failure>
  </testcase>
  <testcase name="testSubtypeExpression()" classname="de.uka.ilkd.key.speclang.jml.TestJMLTranslator" time="0.312">
    <failure message="java.lang.ArrayIndexOutOfBoundsException" type="java.lang.ArrayIndexOutOfBoundsException">java.lang.ArrayIndexOutOfBoundsException
</failure>
  </testcase>
  <testcase name="testStaticQueryResolving()" classname="de.uka.ilkd.key.speclang.jml.TestJMLTranslator" time="0.332">
    <failure message="java.lang.ArrayIndexOutOfBoundsException" type="java.lang.ArrayIndexOutOfBoundsException">java.lang.ArrayIndexOutOfBoundsException
</failure>
  </testcase>
  <system-out><![CDATA[]]></system-out>
  <system-err><![CDATA[125112     ERROR Test worker     d.u.i.k.j.KeYJPMapping    Duplicate registration of node: boolean, formerNode: /*@ pure @*/
boolean 
125159     ERROR Test worker     d.u.i.k.j.KeYJPMapping    Duplicate registration of node: /*@pure*/
int, formerNode: int 
125159     ERROR Test worker     d.u.i.k.j.KeYJPMapping    Duplicate registration of node: /*@ helper */
int, formerNode: int 
125159     ERROR Test worker     d.u.i.k.j.KeYJPMapping    Duplicate registration of node: /*@ helper */
boolean, formerNode: /*@ pure @*/
boolean 
125159     ERROR Test worker     d.u.i.k.j.KeYJPMapping    Duplicate registration of node: /*@ helper */
char, formerNode: char 
125159     ERROR Test worker     d.u.i.k.j.KeYJPMapping    Duplicate registration of node: byte[], formerNode: byte[] 
125175     ERROR Test worker     d.u.i.k.j.KeYJPMapping    Duplicate registration of node: /*@ helper */
java.lang.String, formerNode: java.lang.String 
125190     ERROR Test worker     d.u.i.k.j.KeYJPMapping    Duplicate registration of node: /*@strictly_pure*/
java.lang.String, formerNode: java.lang.String 
125206     ERROR Test worker     d.u.i.k.j.KeYJPMapping    Duplicate registration of node: /*@nullable@*/
Object, formerNode: Object 
125237     ERROR Test worker     d.u.i.k.j.KeYJPMapping    Duplicate registration of node: /*@pure@*/
String, formerNode: String 
125237     ERROR Test worker     d.u.i.k.j.KeYJPMapping    Duplicate registration of node: /*@ spec_java_math @*/
TestClass, formerNode: TestClass 
125237     ERROR Test worker     d.u.i.k.j.KeYJPMapping    Duplicate registration of value: testPackage.TestClass::instance = new TestClass();, formerValue: testPackage.TestClass::instance = new TestClass(); 
125237     ERROR Test worker     d.u.i.k.j.KeYJPMapping    Duplicate registration of value: public
  static TestClass testPackage.TestClass::instance = new TestClass(
    
  );, formerValue: public
  static TestClass testPackage.TestClass::instance = new TestClass(
    
  ); 
125409     ERROR Test worker     d.u.i.k.j.KeYJPMapping    Duplicate registration of node: boolean, formerNode: /*@ pure @*/
boolean 
125456     ERROR Test worker     d.u.i.k.j.KeYJPMapping    Duplicate registration of node: /*@pure*/
int, formerNode: int 
125456     ERROR Test worker     d.u.i.k.j.KeYJPMapping    Duplicate registration of node: /*@ helper */
int, formerNode: int 
125456     ERROR Test worker     d.u.i.k.j.KeYJPMapping    Duplicate registration of node: /*@ helper */
boolean, formerNode: /*@ pure @*/
boolean 
125456     ERROR Test worker     d.u.i.k.j.KeYJPMapping    Duplicate registration of node: /*@ helper */
char, formerNode: char 
125456     ERROR Test worker     d.u.i.k.j.KeYJPMapping    Duplicate registration of node: byte[], formerNode: byte[] 
125456     ERROR Test worker     d.u.i.k.j.KeYJPMapping    Duplicate registration of node: /*@ helper */
java.lang.String, formerNode: java.lang.String 
125472     ERROR Test worker     d.u.i.k.j.KeYJPMapping    Duplicate registration of node: /*@strictly_pure*/
java.lang.String, formerNode: java.lang.String 
125487     ERROR Test worker     d.u.i.k.j.KeYJPMapping    Duplicate registration of node: /*@nullable@*/
Object, formerNode: Object 
125581     ERROR Test worker     d.u.i.k.j.KeYJPMapping    Duplicate registration of node: /*@pure@*/
String, formerNode: String 
125581     ERROR Test worker     d.u.i.k.j.KeYJPMapping    Duplicate registration of node: /*@ spec_java_math @*/
TestClass, formerNode: TestClass 
125581     ERROR Test worker     d.u.i.k.j.KeYJPMapping    Duplicate registration of value: testPackage.TestClass::instance = new TestClass();, formerValue: testPackage.TestClass::instance = new TestClass(); 
125581     ERROR Test worker     d.u.i.k.j.KeYJPMapping    Duplicate registration of value: public
  static TestClass testPackage.TestClass::instance = new TestClass(
    
  );, formerValue: public
  static TestClass testPackage.TestClass::instance = new TestClass(
    
  ); 
125727     ERROR Test worker     d.u.i.k.j.KeYJPMapping    Duplicate registration of node: boolean, formerNode: /*@ pure @*/
boolean 
125774     ERROR Test worker     d.u.i.k.j.KeYJPMapping    Duplicate registration of node: /*@pure*/
int, formerNode: int 
125774     ERROR Test worker     d.u.i.k.j.KeYJPMapping    Duplicate registration of node: /*@ helper */
int, formerNode: int 
125774     ERROR Test worker     d.u.i.k.j.KeYJPMapping    Duplicate registration of node: /*@ helper */
boolean, formerNode: /*@ pure @*/
boolean 
125774     ERROR Test worker     d.u.i.k.j.KeYJPMapping    Duplicate registration of node: /*@ helper */
char, formerNode: char 
125790     ERROR Test worker     d.u.i.k.j.KeYJPMapping    Duplicate registration of node: byte[], formerNode: byte[] 
125790     ERROR Test worker     d.u.i.k.j.KeYJPMapping    Duplicate registration of node: /*@ helper */
java.lang.String, formerNode: java.lang.String 
125805     ERROR Test worker     d.u.i.k.j.KeYJPMapping    Duplicate registration of node: /*@strictly_pure*/
java.lang.String, formerNode: java.lang.String 
125821     ERROR Test worker     d.u.i.k.j.KeYJPMapping    Duplicate registration of node: /*@nullable@*/
Object, formerNode: Object 
125852     ERROR Test worker     d.u.i.k.j.KeYJPMapping    Duplicate registration of node: /*@pure@*/
String, formerNode: String 
125852     ERROR Test worker     d.u.i.k.j.KeYJPMapping    Duplicate registration of node: /*@ spec_java_math @*/
TestClass, formerNode: TestClass 
125852     ERROR Test worker     d.u.i.k.j.KeYJPMapping    Duplicate registration of value: testPackage.TestClass::instance = new TestClass();, formerValue: testPackage.TestClass::instance = new TestClass(); 
125852     ERROR Test worker     d.u.i.k.j.KeYJPMapping    Duplicate registration of value: public
  static TestClass testPackage.TestClass::instance = new TestClass(
    
  );, formerValue: public
  static TestClass testPackage.TestClass::instance = new TestClass(
    
  ); 
126011     ERROR Test worker     d.u.i.k.j.KeYJPMapping    Duplicate registration of node: boolean, formerNode: /*@ pure @*/
boolean 
126058     ERROR Test worker     d.u.i.k.j.KeYJPMapping    Duplicate registration of node: /*@pure*/
int, formerNode: int 
126058     ERROR Test worker     d.u.i.k.j.KeYJPMapping    Duplicate registration of node: /*@ helper */
int, formerNode: int 
126058     ERROR Test worker     d.u.i.k.j.KeYJPMapping    Duplicate registration of node: /*@ helper */
boolean, formerNode: /*@ pure @*/
boolean 
126058     ERROR Test worker     d.u.i.k.j.KeYJPMapping    Duplicate registration of node: /*@ helper */
char, formerNode: char 
126058     ERROR Test worker     d.u.i.k.j.KeYJPMapping    Duplicate registration of node: byte[], formerNode: byte[] 
126073     ERROR Test worker     d.u.i.k.j.KeYJPMapping    Duplicate registration of node: /*@ helper */
java.lang.String, formerNode: java.lang.String 
126137     ERROR Test worker     d.u.i.k.j.KeYJPMapping    Duplicate registration of node: /*@strictly_pure*/
java.lang.String, formerNode: java.lang.String 
126137     ERROR Test worker     d.u.i.k.j.KeYJPMapping    Duplicate registration of node: /*@nullable@*/
Object, formerNode: Object 
126184     ERROR Test worker     d.u.i.k.j.KeYJPMapping    Duplicate registration of node: /*@pure@*/
String, formerNode: String 
126184     ERROR Test worker     d.u.i.k.j.KeYJPMapping    Duplicate registration of node: /*@ spec_java_math @*/
TestClass, formerNode: TestClass 
126184     ERROR Test worker     d.u.i.k.j.KeYJPMapping    Duplicate registration of value: testPackage.TestClass::instance = new TestClass();, formerValue: testPackage.TestClass::instance = new TestClass(); 
126184     ERROR Test worker     d.u.i.k.j.KeYJPMapping    Duplicate registration of value: public
  static TestClass testPackage.TestClass::instance = new TestClass(
    
  );, formerValue: public
  static TestClass testPackage.TestClass::instance = new TestClass(
    
  ); 
126351     ERROR Test worker     d.u.i.k.j.KeYJPMapping    Duplicate registration of node: boolean, formerNode: /*@ pure @*/
boolean 
126398     ERROR Test worker     d.u.i.k.j.KeYJPMapping    Duplicate registration of node: /*@pure*/
int, formerNode: int 
126398     ERROR Test worker     d.u.i.k.j.KeYJPMapping    Duplicate registration of node: /*@ helper */
int, formerNode: int 
126398     ERROR Test worker     d.u.i.k.j.KeYJPMapping    Duplicate registration of node: /*@ helper */
boolean, formerNode: /*@ pure @*/
boolean 
126398     ERROR Test worker     d.u.i.k.j.KeYJPMapping    Duplicate registration of node: /*@ helper */
char, formerNode: char 
126398     ERROR Test worker     d.u.i.k.j.KeYJPMapping    Duplicate registration of node: byte[], formerNode: byte[] 
126398     ERROR Test worker     d.u.i.k.j.KeYJPMapping    Duplicate registration of node: /*@ helper */
java.lang.String, formerNode: java.lang.String 
126429     ERROR Test worker     d.u.i.k.j.KeYJPMapping    Duplicate registration of node: /*@strictly_pure*/
java.lang.String, formerNode: java.lang.String 
126429     ERROR Test worker     d.u.i.k.j.KeYJPMapping    Duplicate registration of node: /*@nullable@*/
Object, formerNode: Object 
126460     ERROR Test worker     d.u.i.k.j.KeYJPMapping    Duplicate registration of node: /*@pure@*/
String, formerNode: String 
126476     ERROR Test worker     d.u.i.k.j.KeYJPMapping    Duplicate registration of node: /*@ spec_java_math @*/
TestClass, formerNode: TestClass 
126476     ERROR Test worker     d.u.i.k.j.KeYJPMapping    Duplicate registration of value: testPackage.TestClass::instance = new TestClass();, formerValue: testPackage.TestClass::instance = new TestClass(); 
126476     ERROR Test worker     d.u.i.k.j.KeYJPMapping    Duplicate registration of value: public
  static TestClass testPackage.TestClass::instance = new TestClass(
    
  );, formerValue: public
  static TestClass testPackage.TestClass::instance = new TestClass(
    
  ); 
126673     ERROR Test worker     d.u.i.k.j.KeYJPMapping    Duplicate registration of node: boolean, formerNode: /*@ pure @*/
boolean 
126720     ERROR Test worker     d.u.i.k.j.KeYJPMapping    Duplicate registration of node: /*@pure*/
int, formerNode: int 
126720     ERROR Test worker     d.u.i.k.j.KeYJPMapping    Duplicate registration of node: /*@ helper */
int, formerNode: int 
126720     ERROR Test worker     d.u.i.k.j.KeYJPMapping    Duplicate registration of node: /*@ helper */
boolean, formerNode: /*@ pure @*/
boolean 
126720     ERROR Test worker     d.u.i.k.j.KeYJPMapping    Duplicate registration of node: /*@ helper */
char, formerNode: char 
126720     ERROR Test worker     d.u.i.k.j.KeYJPMapping    Duplicate registration of node: byte[], formerNode: byte[] 
126720     ERROR Test worker     d.u.i.k.j.KeYJPMapping    Duplicate registration of node: /*@ helper */
java.lang.String, formerNode: java.lang.String 
126736     ERROR Test worker     d.u.i.k.j.KeYJPMapping    Duplicate registration of node: /*@strictly_pure*/
java.lang.String, formerNode: java.lang.String 
126752     ERROR Test worker     d.u.i.k.j.KeYJPMapping    Duplicate registration of node: /*@nullable@*/
Object, formerNode: Object 
126783     ERROR Test worker     d.u.i.k.j.KeYJPMapping    Duplicate registration of node: /*@pure@*/
String, formerNode: String 
126783     ERROR Test worker     d.u.i.k.j.KeYJPMapping    Duplicate registration of node: /*@ spec_java_math @*/
TestClass, formerNode: TestClass 
126783     ERROR Test worker     d.u.i.k.j.KeYJPMapping    Duplicate registration of value: testPackage.TestClass::instance = new TestClass();, formerValue: testPackage.TestClass::instance = new TestClass(); 
126783     ERROR Test worker     d.u.i.k.j.KeYJPMapping    Duplicate registration of value: public
  static TestClass testPackage.TestClass::instance = new TestClass(
    
  );, formerValue: public
  static TestClass testPackage.TestClass::instance = new TestClass(
    
  ); 
126939     ERROR Test worker     d.u.i.k.j.KeYJPMapping    Duplicate registration of node: boolean, formerNode: /*@ pure @*/
boolean 
126986     ERROR Test worker     d.u.i.k.j.KeYJPMapping    Duplicate registration of node: /*@pure*/
int, formerNode: int 
126986     ERROR Test worker     d.u.i.k.j.KeYJPMapping    Duplicate registration of node: /*@ helper */
int, formerNode: int 
126986     ERROR Test worker     d.u.i.k.j.KeYJPMapping    Duplicate registration of node: /*@ helper */
boolean, formerNode: /*@ pure @*/
boolean 
126986     ERROR Test worker     d.u.i.k.j.KeYJPMapping    Duplicate registration of node: /*@ helper */
char, formerNode: char 
126986     ERROR Test worker     d.u.i.k.j.KeYJPMapping    Duplicate registration of node: byte[], formerNode: byte[] 
127002     ERROR Test worker     d.u.i.k.j.KeYJPMapping    Duplicate registration of node: /*@ helper */
java.lang.String, formerNode: java.lang.String 
127017     ERROR Test worker     d.u.i.k.j.KeYJPMapping    Duplicate registration of node: /*@strictly_pure*/
java.lang.String, formerNode: java.lang.String 
127017     ERROR Test worker     d.u.i.k.j.KeYJPMapping    Duplicate registration of node: /*@nullable@*/
Object, formerNode: Object 
127064     ERROR Test worker     d.u.i.k.j.KeYJPMapping    Duplicate registration of node: /*@pure@*/
String, formerNode: String 
127064     ERROR Test worker     d.u.i.k.j.KeYJPMapping    Duplicate registration of node: /*@ spec_java_math @*/
TestClass, formerNode: TestClass 
127064     ERROR Test worker     d.u.i.k.j.KeYJPMapping    Duplicate registration of value: testPackage.TestClass::instance = new TestClass();, formerValue: testPackage.TestClass::instance = new TestClass(); 
127064     ERROR Test worker     d.u.i.k.j.KeYJPMapping    Duplicate registration of value: public
  static TestClass testPackage.TestClass::instance = new TestClass(
    
  );, formerValue: public
  static TestClass testPackage.TestClass::instance = new TestClass(
    
  ); 
127256     ERROR Test worker     d.u.i.k.j.KeYJPMapping    Duplicate registration of node: boolean, formerNode: /*@ pure @*/
boolean 
127303     ERROR Test worker     d.u.i.k.j.KeYJPMapping    Duplicate registration of node: /*@pure*/
int, formerNode: int 
127303     ERROR Test worker     d.u.i.k.j.KeYJPMapping    Duplicate registration of node: /*@ helper */
int, formerNode: int 
127303     ERROR Test worker     d.u.i.k.j.KeYJPMapping    Duplicate registration of node: /*@ helper */
boolean, formerNode: /*@ pure @*/
boolean 
127303     ERROR Test worker     d.u.i.k.j.KeYJPMapping    Duplicate registration of node: /*@ helper */
char, formerNode: char 
127303     ERROR Test worker     d.u.i.k.j.KeYJPMapping    Duplicate registration of node: byte[], formerNode: byte[] 
127318     ERROR Test worker     d.u.i.k.j.KeYJPMapping    Duplicate registration of node: /*@ helper */
java.lang.String, formerNode: java.lang.String 
127334     ERROR Test worker     d.u.i.k.j.KeYJPMapping    Duplicate registration of node: /*@strictly_pure*/
java.lang.String, formerNode: java.lang.String 
127334     ERROR Test worker     d.u.i.k.j.KeYJPMapping    Duplicate registration of node: /*@nullable@*/
Object, formerNode: Object 
127381     ERROR Test worker     d.u.i.k.j.KeYJPMapping    Duplicate registration of node: /*@pure@*/
String, formerNode: String 
127381     ERROR Test worker     d.u.i.k.j.KeYJPMapping    Duplicate registration of node: /*@ spec_java_math @*/
TestClass, formerNode: TestClass 
127381     ERROR Test worker     d.u.i.k.j.KeYJPMapping    Duplicate registration of value: testPackage.TestClass::instance = new TestClass();, formerValue: testPackage.TestClass::instance = new TestClass(); 
127381     ERROR Test worker     d.u.i.k.j.KeYJPMapping    Duplicate registration of value: public
  static TestClass testPackage.TestClass::instance = new TestClass(
    
  );, formerValue: public
  static TestClass testPackage.TestClass::instance = new TestClass(
    
  ); 
127553     ERROR Test worker     d.u.i.k.j.KeYJPMapping    Duplicate registration of node: boolean, formerNode: /*@ pure @*/
boolean 
127638     ERROR Test worker     d.u.i.k.j.KeYJPMapping    Duplicate registration of node: /*@pure*/
int, formerNode: int 
127638     ERROR Test worker     d.u.i.k.j.KeYJPMapping    Duplicate registration of node: /*@ helper */
int, formerNode: int 
127638     ERROR Test worker     d.u.i.k.j.KeYJPMapping    Duplicate registration of node: /*@ helper */
boolean, formerNode: /*@ pure @*/
boolean 
127638     ERROR Test worker     d.u.i.k.j.KeYJPMapping    Duplicate registration of node: /*@ helper */
char, formerNode: char 
127638     ERROR Test worker     d.u.i.k.j.KeYJPMapping    Duplicate registration of node: byte[], formerNode: byte[] 
127638     ERROR Test worker     d.u.i.k.j.KeYJPMapping    Duplicate registration of node: /*@ helper */
java.lang.String, formerNode: java.lang.String 
127669     ERROR Test worker     d.u.i.k.j.KeYJPMapping    Duplicate registration of node: /*@strictly_pure*/
java.lang.String, formerNode: java.lang.String 
127686     ERROR Test worker     d.u.i.k.j.KeYJPMapping    Duplicate registration of node: /*@nullable@*/
Object, formerNode: Object 
127732     ERROR Test worker     d.u.i.k.j.KeYJPMapping    Duplicate registration of node: /*@pure@*/
String, formerNode: String 
127732     ERROR Test worker     d.u.i.k.j.KeYJPMapping    Duplicate registration of node: /*@ spec_java_math @*/
TestClass, formerNode: TestClass 
127732     ERROR Test worker     d.u.i.k.j.KeYJPMapping    Duplicate registration of value: testPackage.TestClass::instance = new TestClass();, formerValue: testPackage.TestClass::instance = new TestClass(); 
127732     ERROR Test worker     d.u.i.k.j.KeYJPMapping    Duplicate registration of value: public
  static TestClass testPackage.TestClass::instance = new TestClass(
    
  );, formerValue: public
  static TestClass testPackage.TestClass::instance = new TestClass(
    
  ); 
127895     ERROR Test worker     d.u.i.k.j.KeYJPMapping    Duplicate registration of node: boolean, formerNode: /*@ pure @*/
boolean 
127942     ERROR Test worker     d.u.i.k.j.KeYJPMapping    Duplicate registration of node: /*@pure*/
int, formerNode: int 
127942     ERROR Test worker     d.u.i.k.j.KeYJPMapping    Duplicate registration of node: /*@ helper */
int, formerNode: int 
127942     ERROR Test worker     d.u.i.k.j.KeYJPMapping    Duplicate registration of node: /*@ helper */
boolean, formerNode: /*@ pure @*/
boolean 
127942     ERROR Test worker     d.u.i.k.j.KeYJPMapping    Duplicate registration of node: /*@ helper */
char, formerNode: char 
127942     ERROR Test worker     d.u.i.k.j.KeYJPMapping    Duplicate registration of node: byte[], formerNode: byte[] 
127942     ERROR Test worker     d.u.i.k.j.KeYJPMapping    Duplicate registration of node: /*@ helper */
java.lang.String, formerNode: java.lang.String 
127973     ERROR Test worker     d.u.i.k.j.KeYJPMapping    Duplicate registration of node: /*@strictly_pure*/
java.lang.String, formerNode: java.lang.String 
127973     ERROR Test worker     d.u.i.k.j.KeYJPMapping    Duplicate registration of node: /*@nullable@*/
Object, formerNode: Object 
128020     ERROR Test worker     d.u.i.k.j.KeYJPMapping    Duplicate registration of node: /*@pure@*/
String, formerNode: String 
128020     ERROR Test worker     d.u.i.k.j.KeYJPMapping    Duplicate registration of node: /*@ spec_java_math @*/
TestClass, formerNode: TestClass 
128020     ERROR Test worker     d.u.i.k.j.KeYJPMapping    Duplicate registration of value: testPackage.TestClass::instance = new TestClass();, formerValue: testPackage.TestClass::instance = new TestClass(); 
128020     ERROR Test worker     d.u.i.k.j.KeYJPMapping    Duplicate registration of value: public
  static TestClass testPackage.TestClass::instance = new TestClass(
    
  );, formerValue: public
  static TestClass testPackage.TestClass::instance = new TestClass(
    
  ); 
128238     ERROR Test worker     d.u.i.k.j.KeYJPMapping    Duplicate registration of node: boolean, formerNode: /*@ pure @*/
boolean 
128285     ERROR Test worker     d.u.i.k.j.KeYJPMapping    Duplicate registration of node: /*@pure*/
int, formerNode: int 
128285     ERROR Test worker     d.u.i.k.j.KeYJPMapping    Duplicate registration of node: /*@ helper */
int, formerNode: int 
128285     ERROR Test worker     d.u.i.k.j.KeYJPMapping    Duplicate registration of node: /*@ helper */
boolean, formerNode: /*@ pure @*/
boolean 
128285     ERROR Test worker     d.u.i.k.j.KeYJPMapping    Duplicate registration of node: /*@ helper */
char, formerNode: char 
128300     ERROR Test worker     d.u.i.k.j.KeYJPMapping    Duplicate registration of node: byte[], formerNode: byte[] 
128300     ERROR Test worker     d.u.i.k.j.KeYJPMapping    Duplicate registration of node: /*@ helper */
java.lang.String, formerNode: java.lang.String 
128317     ERROR Test worker     d.u.i.k.j.KeYJPMapping    Duplicate registration of node: /*@strictly_pure*/
java.lang.String, formerNode: java.lang.String 
128331     ERROR Test worker     d.u.i.k.j.KeYJPMapping    Duplicate registration of node: /*@nullable@*/
Object, formerNode: Object 
128362     ERROR Test worker     d.u.i.k.j.KeYJPMapping    Duplicate registration of node: /*@pure@*/
String, formerNode: String 
128362     ERROR Test worker     d.u.i.k.j.KeYJPMapping    Duplicate registration of node: /*@ spec_java_math @*/
TestClass, formerNode: TestClass 
128362     ERROR Test worker     d.u.i.k.j.KeYJPMapping    Duplicate registration of value: testPackage.TestClass::instance = new TestClass();, formerValue: testPackage.TestClass::instance = new TestClass(); 
128362     ERROR Test worker     d.u.i.k.j.KeYJPMapping    Duplicate registration of value: public
  static TestClass testPackage.TestClass::instance = new TestClass(
    
  );, formerValue: public
  static TestClass testPackage.TestClass::instance = new TestClass(
    
  ); 
128519     ERROR Test worker     d.u.i.k.j.KeYJPMapping    Duplicate registration of node: boolean, formerNode: /*@ pure @*/
boolean 
128566     ERROR Test worker     d.u.i.k.j.KeYJPMapping    Duplicate registration of node: /*@pure*/
int, formerNode: int 
128566     ERROR Test worker     d.u.i.k.j.KeYJPMapping    Duplicate registration of node: /*@ helper */
int, formerNode: int 
128566     ERROR Test worker     d.u.i.k.j.KeYJPMapping    Duplicate registration of node: /*@ helper */
boolean, formerNode: /*@ pure @*/
boolean 
128566     ERROR Test worker     d.u.i.k.j.KeYJPMapping    Duplicate registration of node: /*@ helper */
char, formerNode: char 
128566     ERROR Test worker     d.u.i.k.j.KeYJPMapping    Duplicate registration of node: byte[], formerNode: byte[] 
128581     ERROR Test worker     d.u.i.k.j.KeYJPMapping    Duplicate registration of node: /*@ helper */
java.lang.String, formerNode: java.lang.String 
128597     ERROR Test worker     d.u.i.k.j.KeYJPMapping    Duplicate registration of node: /*@strictly_pure*/
java.lang.String, formerNode: java.lang.String 
128597     ERROR Test worker     d.u.i.k.j.KeYJPMapping    Duplicate registration of node: /*@nullable@*/
Object, formerNode: Object 
128644     ERROR Test worker     d.u.i.k.j.KeYJPMapping    Duplicate registration of node: /*@pure@*/
String, formerNode: String 
128644     ERROR Test worker     d.u.i.k.j.KeYJPMapping    Duplicate registration of node: /*@ spec_java_math @*/
TestClass, formerNode: TestClass 
128644     ERROR Test worker     d.u.i.k.j.KeYJPMapping    Duplicate registration of value: testPackage.TestClass::instance = new TestClass();, formerValue: testPackage.TestClass::instance = new TestClass(); 
128644     ERROR Test worker     d.u.i.k.j.KeYJPMapping    Duplicate registration of value: public
  static TestClass testPackage.TestClass::instance = new TestClass(
    
  );, formerValue: public
  static TestClass testPackage.TestClass::instance = new TestClass(
    
  ); 
128847     ERROR Test worker     d.u.i.k.j.KeYJPMapping    Duplicate registration of node: boolean, formerNode: /*@ pure @*/
boolean 
128894     ERROR Test worker     d.u.i.k.j.KeYJPMapping    Duplicate registration of node: /*@pure*/
int, formerNode: int 
128894     ERROR Test worker     d.u.i.k.j.KeYJPMapping    Duplicate registration of node: /*@ helper */
int, formerNode: int 
128894     ERROR Test worker     d.u.i.k.j.KeYJPMapping    Duplicate registration of node: /*@ helper */
boolean, formerNode: /*@ pure @*/
boolean 
128894     ERROR Test worker     d.u.i.k.j.KeYJPMapping    Duplicate registration of node: /*@ helper */
char, formerNode: char 
128894     ERROR Test worker     d.u.i.k.j.KeYJPMapping    Duplicate registration of node: byte[], formerNode: byte[] 
128894     ERROR Test worker     d.u.i.k.j.KeYJPMapping    Duplicate registration of node: /*@ helper */
java.lang.String, formerNode: java.lang.String 
128925     ERROR Test worker     d.u.i.k.j.KeYJPMapping    Duplicate registration of node: /*@strictly_pure*/
java.lang.String, formerNode: java.lang.String 
128925     ERROR Test worker     d.u.i.k.j.KeYJPMapping    Duplicate registration of node: /*@nullable@*/
Object, formerNode: Object 
128972     ERROR Test worker     d.u.i.k.j.KeYJPMapping    Duplicate registration of node: /*@pure@*/
String, formerNode: String 
128972     ERROR Test worker     d.u.i.k.j.KeYJPMapping    Duplicate registration of node: /*@ spec_java_math @*/
TestClass, formerNode: TestClass 
128972     ERROR Test worker     d.u.i.k.j.KeYJPMapping    Duplicate registration of value: testPackage.TestClass::instance = new TestClass();, formerValue: testPackage.TestClass::instance = new TestClass(); 
128972     ERROR Test worker     d.u.i.k.j.KeYJPMapping    Duplicate registration of value: public
  static TestClass testPackage.TestClass::instance = new TestClass(
    
  );, formerValue: public
  static TestClass testPackage.TestClass::instance = new TestClass(
    
  ); 
129128     ERROR Test worker     d.u.i.k.j.KeYJPMapping    Duplicate registration of node: boolean, formerNode: /*@ pure @*/
boolean 
129175     ERROR Test worker     d.u.i.k.j.KeYJPMapping    Duplicate registration of node: /*@pure*/
int, formerNode: int 
129175     ERROR Test worker     d.u.i.k.j.KeYJPMapping    Duplicate registration of node: /*@ helper */
int, formerNode: int 
129175     ERROR Test worker     d.u.i.k.j.KeYJPMapping    Duplicate registration of node: /*@ helper */
boolean, formerNode: /*@ pure @*/
boolean 
129175     ERROR Test worker     d.u.i.k.j.KeYJPMapping    Duplicate registration of node: /*@ helper */
char, formerNode: char 
129175     ERROR Test worker     d.u.i.k.j.KeYJPMapping    Duplicate registration of node: byte[], formerNode: byte[] 
129175     ERROR Test worker     d.u.i.k.j.KeYJPMapping    Duplicate registration of node: /*@ helper */
java.lang.String, formerNode: java.lang.String 
129206     ERROR Test worker     d.u.i.k.j.KeYJPMapping    Duplicate registration of node: /*@strictly_pure*/
java.lang.String, formerNode: java.lang.String 
129206     ERROR Test worker     d.u.i.k.j.KeYJPMapping    Duplicate registration of node: /*@nullable@*/
Object, formerNode: Object 
129285     ERROR Test worker     d.u.i.k.j.KeYJPMapping    Duplicate registration of node: /*@pure@*/
String, formerNode: String 
129301     ERROR Test worker     d.u.i.k.j.KeYJPMapping    Duplicate registration of node: /*@ spec_java_math @*/
TestClass, formerNode: TestClass 
129301     ERROR Test worker     d.u.i.k.j.KeYJPMapping    Duplicate registration of value: testPackage.TestClass::instance = new TestClass();, formerValue: testPackage.TestClass::instance = new TestClass(); 
129301     ERROR Test worker     d.u.i.k.j.KeYJPMapping    Duplicate registration of value: public
  static TestClass testPackage.TestClass::instance = new TestClass(
    
  );, formerValue: public
  static TestClass testPackage.TestClass::instance = new TestClass(
    
  ); 
129442     ERROR Test worker     d.u.i.k.j.KeYJPMapping    Duplicate registration of node: boolean, formerNode: /*@ pure @*/
boolean 
129489     ERROR Test worker     d.u.i.k.j.KeYJPMapping    Duplicate registration of node: /*@pure*/
int, formerNode: int 
129489     ERROR Test worker     d.u.i.k.j.KeYJPMapping    Duplicate registration of node: /*@ helper */
int, formerNode: int 
129489     ERROR Test worker     d.u.i.k.j.KeYJPMapping    Duplicate registration of node: /*@ helper */
boolean, formerNode: /*@ pure @*/
boolean 
129489     ERROR Test worker     d.u.i.k.j.KeYJPMapping    Duplicate registration of node: /*@ helper */
char, formerNode: char 
129489     ERROR Test worker     d.u.i.k.j.KeYJPMapping    Duplicate registration of node: byte[], formerNode: byte[] 
129504     ERROR Test worker     d.u.i.k.j.KeYJPMapping    Duplicate registration of node: /*@ helper */
java.lang.String, formerNode: java.lang.String 
129520     ERROR Test worker     d.u.i.k.j.KeYJPMapping    Duplicate registration of node: /*@strictly_pure*/
java.lang.String, formerNode: java.lang.String 
129520     ERROR Test worker     d.u.i.k.j.KeYJPMapping    Duplicate registration of node: /*@nullable@*/
Object, formerNode: Object 
129567     ERROR Test worker     d.u.i.k.j.KeYJPMapping    Duplicate registration of node: /*@pure@*/
String, formerNode: String 
129567     ERROR Test worker     d.u.i.k.j.KeYJPMapping    Duplicate registration of node: /*@ spec_java_math @*/
TestClass, formerNode: TestClass 
129567     ERROR Test worker     d.u.i.k.j.KeYJPMapping    Duplicate registration of value: testPackage.TestClass::instance = new TestClass();, formerValue: testPackage.TestClass::instance = new TestClass(); 
129567     ERROR Test worker     d.u.i.k.j.KeYJPMapping    Duplicate registration of value: public
  static TestClass testPackage.TestClass::instance = new TestClass(
    
  );, formerValue: public
  static TestClass testPackage.TestClass::instance = new TestClass(
    
  ); 
129770     ERROR Test worker     d.u.i.k.j.KeYJPMapping    Duplicate registration of node: boolean, formerNode: /*@ pure @*/
boolean 
129817     ERROR Test worker     d.u.i.k.j.KeYJPMapping    Duplicate registration of node: /*@pure*/
int, formerNode: int 
129817     ERROR Test worker     d.u.i.k.j.KeYJPMapping    Duplicate registration of node: /*@ helper */
int, formerNode: int 
129817     ERROR Test worker     d.u.i.k.j.KeYJPMapping    Duplicate registration of node: /*@ helper */
boolean, formerNode: /*@ pure @*/
boolean 
129817     ERROR Test worker     d.u.i.k.j.KeYJPMapping    Duplicate registration of node: /*@ helper */
char, formerNode: char 
129817     ERROR Test worker     d.u.i.k.j.KeYJPMapping    Duplicate registration of node: byte[], formerNode: byte[] 
129817     ERROR Test worker     d.u.i.k.j.KeYJPMapping    Duplicate registration of node: /*@ helper */
java.lang.String, formerNode: java.lang.String 
129848     ERROR Test worker     d.u.i.k.j.KeYJPMapping    Duplicate registration of node: /*@strictly_pure*/
java.lang.String, formerNode: java.lang.String 
129848     ERROR Test worker     d.u.i.k.j.KeYJPMapping    Duplicate registration of node: /*@nullable@*/
Object, formerNode: Object 
129879     ERROR Test worker     d.u.i.k.j.KeYJPMapping    Duplicate registration of node: /*@pure@*/
String, formerNode: String 
129879     ERROR Test worker     d.u.i.k.j.KeYJPMapping    Duplicate registration of node: /*@ spec_java_math @*/
TestClass, formerNode: TestClass 
129895     ERROR Test worker     d.u.i.k.j.KeYJPMapping    Duplicate registration of value: testPackage.TestClass::instance = new TestClass();, formerValue: testPackage.TestClass::instance = new TestClass(); 
129895     ERROR Test worker     d.u.i.k.j.KeYJPMapping    Duplicate registration of value: public
  static TestClass testPackage.TestClass::instance = new TestClass(
    
  );, formerValue: public
  static TestClass testPackage.TestClass::instance = new TestClass(
    
  ); 
130036     ERROR Test worker     d.u.i.k.j.KeYJPMapping    Duplicate registration of node: boolean, formerNode: /*@ pure @*/
boolean 
130082     ERROR Test worker     d.u.i.k.j.KeYJPMapping    Duplicate registration of node: /*@pure*/
int, formerNode: int 
130082     ERROR Test worker     d.u.i.k.j.KeYJPMapping    Duplicate registration of node: /*@ helper */
int, formerNode: int 
130082     ERROR Test worker     d.u.i.k.j.KeYJPMapping    Duplicate registration of node: /*@ helper */
boolean, formerNode: /*@ pure @*/
boolean 
130082     ERROR Test worker     d.u.i.k.j.KeYJPMapping    Duplicate registration of node: /*@ helper */
char, formerNode: char 
130082     ERROR Test worker     d.u.i.k.j.KeYJPMapping    Duplicate registration of node: byte[], formerNode: byte[] 
130098     ERROR Test worker     d.u.i.k.j.KeYJPMapping    Duplicate registration of node: /*@ helper */
java.lang.String, formerNode: java.lang.String 
130114     ERROR Test worker     d.u.i.k.j.KeYJPMapping    Duplicate registration of node: /*@strictly_pure*/
java.lang.String, formerNode: java.lang.String 
130114     ERROR Test worker     d.u.i.k.j.KeYJPMapping    Duplicate registration of node: /*@nullable@*/
Object, formerNode: Object 
130192     ERROR Test worker     d.u.i.k.j.KeYJPMapping    Duplicate registration of node: /*@pure@*/
String, formerNode: String 
130210     ERROR Test worker     d.u.i.k.j.KeYJPMapping    Duplicate registration of node: /*@ spec_java_math @*/
TestClass, formerNode: TestClass 
130212     ERROR Test worker     d.u.i.k.j.KeYJPMapping    Duplicate registration of value: testPackage.TestClass::instance = new TestClass();, formerValue: testPackage.TestClass::instance = new TestClass(); 
130212     ERROR Test worker     d.u.i.k.j.KeYJPMapping    Duplicate registration of value: public
  static TestClass testPackage.TestClass::instance = new TestClass(
    
  );, formerValue: public
  static TestClass testPackage.TestClass::instance = new TestClass(
    
  ); 
130391     ERROR Test worker     d.u.i.k.j.KeYJPMapping    Duplicate registration of node: boolean, formerNode: /*@ pure @*/
boolean 
130423     ERROR Test worker     d.u.i.k.j.KeYJPMapping    Duplicate registration of node: /*@pure*/
int, formerNode: int 
130438     ERROR Test worker     d.u.i.k.j.KeYJPMapping    Duplicate registration of node: /*@ helper */
int, formerNode: int 
130438     ERROR Test worker     d.u.i.k.j.KeYJPMapping    Duplicate registration of node: /*@ helper */
boolean, formerNode: /*@ pure @*/
boolean 
130438     ERROR Test worker     d.u.i.k.j.KeYJPMapping    Duplicate registration of node: /*@ helper */
char, formerNode: char 
130438     ERROR Test worker     d.u.i.k.j.KeYJPMapping    Duplicate registration of node: byte[], formerNode: byte[] 
130438     ERROR Test worker     d.u.i.k.j.KeYJPMapping    Duplicate registration of node: /*@ helper */
java.lang.String, formerNode: java.lang.String 
130454     ERROR Test worker     d.u.i.k.j.KeYJPMapping    Duplicate registration of node: /*@strictly_pure*/
java.lang.String, formerNode: java.lang.String 
130469     ERROR Test worker     d.u.i.k.j.KeYJPMapping    Duplicate registration of node: /*@nullable@*/
Object, formerNode: Object 
130501     ERROR Test worker     d.u.i.k.j.KeYJPMapping    Duplicate registration of node: /*@pure@*/
String, formerNode: String 
130501     ERROR Test worker     d.u.i.k.j.KeYJPMapping    Duplicate registration of node: /*@ spec_java_math @*/
TestClass, formerNode: TestClass 
130501     ERROR Test worker     d.u.i.k.j.KeYJPMapping    Duplicate registration of value: testPackage.TestClass::instance = new TestClass();, formerValue: testPackage.TestClass::instance = new TestClass(); 
130501     ERROR Test worker     d.u.i.k.j.KeYJPMapping    Duplicate registration of value: public
  static TestClass testPackage.TestClass::instance = new TestClass(
    
  );, formerValue: public
  static TestClass testPackage.TestClass::instance = new TestClass(
    
  ); 
130657     ERROR Test worker     d.u.i.k.j.KeYJPMapping    Duplicate registration of node: boolean, formerNode: /*@ pure @*/
boolean 
130704     ERROR Test worker     d.u.i.k.j.KeYJPMapping    Duplicate registration of node: /*@pure*/
int, formerNode: int 
130704     ERROR Test worker     d.u.i.k.j.KeYJPMapping    Duplicate registration of node: /*@ helper */
int, formerNode: int 
130704     ERROR Test worker     d.u.i.k.j.KeYJPMapping    Duplicate registration of node: /*@ helper */
boolean, formerNode: /*@ pure @*/
boolean 
130704     ERROR Test worker     d.u.i.k.j.KeYJPMapping    Duplicate registration of node: /*@ helper */
char, formerNode: char 
130704     ERROR Test worker     d.u.i.k.j.KeYJPMapping    Duplicate registration of node: byte[], formerNode: byte[] 
130720     ERROR Test worker     d.u.i.k.j.KeYJPMapping    Duplicate registration of node: /*@ helper */
java.lang.String, formerNode: java.lang.String 
130782     ERROR Test worker     d.u.i.k.j.KeYJPMapping    Duplicate registration of node: /*@strictly_pure*/
java.lang.String, formerNode: java.lang.String 
130782     ERROR Test worker     d.u.i.k.j.KeYJPMapping    Duplicate registration of node: /*@nullable@*/
Object, formerNode: Object 
130813     ERROR Test worker     d.u.i.k.j.KeYJPMapping    Duplicate registration of node: /*@pure@*/
String, formerNode: String 
130813     ERROR Test worker     d.u.i.k.j.KeYJPMapping    Duplicate registration of node: /*@ spec_java_math @*/
TestClass, formerNode: TestClass 
130813     ERROR Test worker     d.u.i.k.j.KeYJPMapping    Duplicate registration of value: testPackage.TestClass::instance = new TestClass();, formerValue: testPackage.TestClass::instance = new TestClass(); 
130829     ERROR Test worker     d.u.i.k.j.KeYJPMapping    Duplicate registration of value: public
  static TestClass testPackage.TestClass::instance = new TestClass(
    
  );, formerValue: public
  static TestClass testPackage.TestClass::instance = new TestClass(
    
  ); 
130970     ERROR Test worker     d.u.i.k.j.KeYJPMapping    Duplicate registration of node: boolean, formerNode: /*@ pure @*/
boolean 
131017     ERROR Test worker     d.u.i.k.j.KeYJPMapping    Duplicate registration of node: /*@pure*/
int, formerNode: int 
131017     ERROR Test worker     d.u.i.k.j.KeYJPMapping    Duplicate registration of node: /*@ helper */
int, formerNode: int 
131017     ERROR Test worker     d.u.i.k.j.KeYJPMapping    Duplicate registration of node: /*@ helper */
boolean, formerNode: /*@ pure @*/
boolean 
131017     ERROR Test worker     d.u.i.k.j.KeYJPMapping    Duplicate registration of node: /*@ helper */
char, formerNode: char 
131017     ERROR Test worker     d.u.i.k.j.KeYJPMapping    Duplicate registration of node: byte[], formerNode: byte[] 
131033     ERROR Test worker     d.u.i.k.j.KeYJPMapping    Duplicate registration of node: /*@ helper */
java.lang.String, formerNode: java.lang.String 
131048     ERROR Test worker     d.u.i.k.j.KeYJPMapping    Duplicate registration of node: /*@strictly_pure*/
java.lang.String, formerNode: java.lang.String 
131048     ERROR Test worker     d.u.i.k.j.KeYJPMapping    Duplicate registration of node: /*@nullable@*/
Object, formerNode: Object 
131095     ERROR Test worker     d.u.i.k.j.KeYJPMapping    Duplicate registration of node: /*@pure@*/
String, formerNode: String 
131095     ERROR Test worker     d.u.i.k.j.KeYJPMapping    Duplicate registration of node: /*@ spec_java_math @*/
TestClass, formerNode: TestClass 
131095     ERROR Test worker     d.u.i.k.j.KeYJPMapping    Duplicate registration of value: testPackage.TestClass::instance = new TestClass();, formerValue: testPackage.TestClass::instance = new TestClass(); 
131095     ERROR Test worker     d.u.i.k.j.KeYJPMapping    Duplicate registration of value: public
  static TestClass testPackage.TestClass::instance = new TestClass(
    
  );, formerValue: public
  static TestClass testPackage.TestClass::instance = new TestClass(
    
  ); 
131290     ERROR Test worker     d.u.i.k.j.KeYJPMapping    Duplicate registration of node: boolean, formerNode: /*@ pure @*/
boolean 
131343     ERROR Test worker     d.u.i.k.j.KeYJPMapping    Duplicate registration of node: /*@pure*/
int, formerNode: int 
131343     ERROR Test worker     d.u.i.k.j.KeYJPMapping    Duplicate registration of node: /*@ helper */
int, formerNode: int 
131343     ERROR Test worker     d.u.i.k.j.KeYJPMapping    Duplicate registration of node: /*@ helper */
boolean, formerNode: /*@ pure @*/
boolean 
131343     ERROR Test worker     d.u.i.k.j.KeYJPMapping    Duplicate registration of node: /*@ helper */
char, formerNode: char 
131343     ERROR Test worker     d.u.i.k.j.KeYJPMapping    Duplicate registration of node: byte[], formerNode: byte[] 
131343     ERROR Test worker     d.u.i.k.j.KeYJPMapping    Duplicate registration of node: /*@ helper */
java.lang.String, formerNode: java.lang.String 
131375     ERROR Test worker     d.u.i.k.j.KeYJPMapping    Duplicate registration of node: /*@strictly_pure*/
java.lang.String, formerNode: java.lang.String 
131375     ERROR Test worker     d.u.i.k.j.KeYJPMapping    Duplicate registration of node: /*@nullable@*/
Object, formerNode: Object 
131406     ERROR Test worker     d.u.i.k.j.KeYJPMapping    Duplicate registration of node: /*@pure@*/
String, formerNode: String 
131406     ERROR Test worker     d.u.i.k.j.KeYJPMapping    Duplicate registration of node: /*@ spec_java_math @*/
TestClass, formerNode: TestClass 
131421     ERROR Test worker     d.u.i.k.j.KeYJPMapping    Duplicate registration of value: testPackage.TestClass::instance = new TestClass();, formerValue: testPackage.TestClass::instance = new TestClass(); 
131421     ERROR Test worker     d.u.i.k.j.KeYJPMapping    Duplicate registration of value: public
  static TestClass testPackage.TestClass::instance = new TestClass(
    
  );, formerValue: public
  static TestClass testPackage.TestClass::instance = new TestClass(
    
  ); 
131578     ERROR Test worker     d.u.i.k.j.KeYJPMapping    Duplicate registration of node: boolean, formerNode: /*@ pure @*/
boolean 
131625     ERROR Test worker     d.u.i.k.j.KeYJPMapping    Duplicate registration of node: /*@pure*/
int, formerNode: int 
131625     ERROR Test worker     d.u.i.k.j.KeYJPMapping    Duplicate registration of node: /*@ helper */
int, formerNode: int 
131625     ERROR Test worker     d.u.i.k.j.KeYJPMapping    Duplicate registration of node: /*@ helper */
boolean, formerNode: /*@ pure @*/
boolean 
131625     ERROR Test worker     d.u.i.k.j.KeYJPMapping    Duplicate registration of node: /*@ helper */
char, formerNode: char 
131625     ERROR Test worker     d.u.i.k.j.KeYJPMapping    Duplicate registration of node: byte[], formerNode: byte[] 
131640     ERROR Test worker     d.u.i.k.j.KeYJPMapping    Duplicate registration of node: /*@ helper */
java.lang.String, formerNode: java.lang.String 
131656     ERROR Test worker     d.u.i.k.j.KeYJPMapping    Duplicate registration of node: /*@strictly_pure*/
java.lang.String, formerNode: java.lang.String 
131656     ERROR Test worker     d.u.i.k.j.KeYJPMapping    Duplicate registration of node: /*@nullable@*/
Object, formerNode: Object 
131703     ERROR Test worker     d.u.i.k.j.KeYJPMapping    Duplicate registration of node: /*@pure@*/
String, formerNode: String 
131703     ERROR Test worker     d.u.i.k.j.KeYJPMapping    Duplicate registration of node: /*@ spec_java_math @*/
TestClass, formerNode: TestClass 
131703     ERROR Test worker     d.u.i.k.j.KeYJPMapping    Duplicate registration of value: testPackage.TestClass::instance = new TestClass();, formerValue: testPackage.TestClass::instance = new TestClass(); 
131703     ERROR Test worker     d.u.i.k.j.KeYJPMapping    Duplicate registration of value: public
  static TestClass testPackage.TestClass::instance = new TestClass(
    
  );, formerValue: public
  static TestClass testPackage.TestClass::instance = new TestClass(
    
  ); 
131901     ERROR Test worker     d.u.i.k.j.KeYJPMapping    Duplicate registration of node: boolean, formerNode: /*@ pure @*/
boolean 
131948     ERROR Test worker     d.u.i.k.j.KeYJPMapping    Duplicate registration of node: /*@pure*/
int, formerNode: int 
131948     ERROR Test worker     d.u.i.k.j.KeYJPMapping    Duplicate registration of node: /*@ helper */
int, formerNode: int 
131948     ERROR Test worker     d.u.i.k.j.KeYJPMapping    Duplicate registration of node: /*@ helper */
boolean, formerNode: /*@ pure @*/
boolean 
131948     ERROR Test worker     d.u.i.k.j.KeYJPMapping    Duplicate registration of node: /*@ helper */
char, formerNode: char 
131948     ERROR Test worker     d.u.i.k.j.KeYJPMapping    Duplicate registration of node: byte[], formerNode: byte[] 
131948     ERROR Test worker     d.u.i.k.j.KeYJPMapping    Duplicate registration of node: /*@ helper */
java.lang.String, formerNode: java.lang.String 
131979     ERROR Test worker     d.u.i.k.j.KeYJPMapping    Duplicate registration of node: /*@strictly_pure*/
java.lang.String, formerNode: java.lang.String 
131979     ERROR Test worker     d.u.i.k.j.KeYJPMapping    Duplicate registration of node: /*@nullable@*/
Object, formerNode: Object 
132011     ERROR Test worker     d.u.i.k.j.KeYJPMapping    Duplicate registration of node: /*@pure@*/
String, formerNode: String 
132026     ERROR Test worker     d.u.i.k.j.KeYJPMapping    Duplicate registration of node: /*@ spec_java_math @*/
TestClass, formerNode: TestClass 
132026     ERROR Test worker     d.u.i.k.j.KeYJPMapping    Duplicate registration of value: testPackage.TestClass::instance = new TestClass();, formerValue: testPackage.TestClass::instance = new TestClass(); 
132026     ERROR Test worker     d.u.i.k.j.KeYJPMapping    Duplicate registration of value: public
  static TestClass testPackage.TestClass::instance = new TestClass(
    
  );, formerValue: public
  static TestClass testPackage.TestClass::instance = new TestClass(
    
  ); 
132183     ERROR Test worker     d.u.i.k.j.KeYJPMapping    Duplicate registration of node: boolean, formerNode: /*@ pure @*/
boolean 
132264     ERROR Test worker     d.u.i.k.j.KeYJPMapping    Duplicate registration of node: /*@pure*/
int, formerNode: int 
132264     ERROR Test worker     d.u.i.k.j.KeYJPMapping    Duplicate registration of node: /*@ helper */
int, formerNode: int 
132264     ERROR Test worker     d.u.i.k.j.KeYJPMapping    Duplicate registration of node: /*@ helper */
boolean, formerNode: /*@ pure @*/
boolean 
132264     ERROR Test worker     d.u.i.k.j.KeYJPMapping    Duplicate registration of node: /*@ helper */
char, formerNode: char 
132264     ERROR Test worker     d.u.i.k.j.KeYJPMapping    Duplicate registration of node: byte[], formerNode: byte[] 
132264     ERROR Test worker     d.u.i.k.j.KeYJPMapping    Duplicate registration of node: /*@ helper */
java.lang.String, formerNode: java.lang.String 
132295     ERROR Test worker     d.u.i.k.j.KeYJPMapping    Duplicate registration of node: /*@strictly_pure*/
java.lang.String, formerNode: java.lang.String 
132295     ERROR Test worker     d.u.i.k.j.KeYJPMapping    Duplicate registration of node: /*@nullable@*/
Object, formerNode: Object 
132326     ERROR Test worker     d.u.i.k.j.KeYJPMapping    Duplicate registration of node: /*@pure@*/
String, formerNode: String 
132326     ERROR Test worker     d.u.i.k.j.KeYJPMapping    Duplicate registration of node: /*@ spec_java_math @*/
TestClass, formerNode: TestClass 
132343     ERROR Test worker     d.u.i.k.j.KeYJPMapping    Duplicate registration of value: testPackage.TestClass::instance = new TestClass();, formerValue: testPackage.TestClass::instance = new TestClass(); 
132343     ERROR Test worker     d.u.i.k.j.KeYJPMapping    Duplicate registration of value: public
  static TestClass testPackage.TestClass::instance = new TestClass(
    
  );, formerValue: public
  static TestClass testPackage.TestClass::instance = new TestClass(
    
  ); 
132494     ERROR Test worker     d.u.i.k.j.KeYJPMapping    Duplicate registration of node: boolean, formerNode: /*@ pure @*/
boolean 
132541     ERROR Test worker     d.u.i.k.j.KeYJPMapping    Duplicate registration of node: /*@pure*/
int, formerNode: int 
132541     ERROR Test worker     d.u.i.k.j.KeYJPMapping    Duplicate registration of node: /*@ helper */
int, formerNode: int 
132541     ERROR Test worker     d.u.i.k.j.KeYJPMapping    Duplicate registration of node: /*@ helper */
boolean, formerNode: /*@ pure @*/
boolean 
132541     ERROR Test worker     d.u.i.k.j.KeYJPMapping    Duplicate registration of node: /*@ helper */
char, formerNode: char 
132541     ERROR Test worker     d.u.i.k.j.KeYJPMapping    Duplicate registration of node: byte[], formerNode: byte[] 
132541     ERROR Test worker     d.u.i.k.j.KeYJPMapping    Duplicate registration of node: /*@ helper */
java.lang.String, formerNode: java.lang.String 
132572     ERROR Test worker     d.u.i.k.j.KeYJPMapping    Duplicate registration of node: /*@strictly_pure*/
java.lang.String, formerNode: java.lang.String 
132572     ERROR Test worker     d.u.i.k.j.KeYJPMapping    Duplicate registration of node: /*@nullable@*/
Object, formerNode: Object 
132619     ERROR Test worker     d.u.i.k.j.KeYJPMapping    Duplicate registration of node: /*@pure@*/
String, formerNode: String 
132619     ERROR Test worker     d.u.i.k.j.KeYJPMapping    Duplicate registration of node: /*@ spec_java_math @*/
TestClass, formerNode: TestClass 
132619     ERROR Test worker     d.u.i.k.j.KeYJPMapping    Duplicate registration of value: testPackage.TestClass::instance = new TestClass();, formerValue: testPackage.TestClass::instance = new TestClass(); 
132619     ERROR Test worker     d.u.i.k.j.KeYJPMapping    Duplicate registration of value: public
  static TestClass testPackage.TestClass::instance = new TestClass(
    
  );, formerValue: public
  static TestClass testPackage.TestClass::instance = new TestClass(
    
  ); 
]]></system-err>
</testsuite>
