<?xml version="1.0" encoding="UTF-8"?>
<testsuite name="de.uka.ilkd.key.java.TestJP2KeY" tests="12" skipped="0" failures="1" errors="0" timestamp="2023-06-12T15:57:18" hostname="fv-az282-703" time="0.469">
  <properties/>
  <testcase name="class A1 { public A1() { }} " classname="de.uka.ilkd.key.java.TestJP2KeY" time="0.032"/>
  <testcase name="package qwe.rty;&#10;import qwe.rty.A;&#10;import dfg.hjk.*;&#10;import java.util.*;&#10;public abstract class A implements Z {&#10;    static { d=3; Object v = new Object();}&#10;    public static int d;A (int j) { d=5; }&#10;    public A (int j, long k) {this(j); d=5; }&#10;    private static final A[] b=new A[]{null};&#10;    long f;&#10;    java.util.List s;&#10;    public void abc() {&#10;        Object z=new A(4, 5) { public int d=7; };&#10;        abc(); A a=(A)null;&#10;        a=def(a); a=def(a).ghi(a).ghi(a);&#10;    }&#10;&#10;    { int x = 1; {int i = &quot;\&quot;.length}&quot;; } }&#10;    protected A def(A a) {a=ghi(a); return new A(3);}&#10;    private synchronized A ghi(A a) { a=ghi(a); ghi(a); A a1=null;  a1=ghi(a1); a=def(a); return null;}&#10;    protected abstract int[] jkl(A a, int i);&#10;    protected Object o() {if (s instanceof Cloneable) return A.class;}}&#10;    interface Z { public int d=0; }&#10;    interface Z0 extends Z {}&#10;    class A1 extends A { public static A a=new A(4); A1 (int j) {super(j);}&#10;}&#10;" classname="de.uka.ilkd.key.java.TestJP2KeY" time="0.07"/>
  <testcase name="public class B extends Object {class E  { public E(Object s) {super();} }}" classname="de.uka.ilkd.key.java.TestJP2KeY" time="0.009"/>
  <testcase name=" class circ_A {   static int a = circ_B.b;   } class circ_B {   static int b = circ_A.a;   }" classname="de.uka.ilkd.key.java.TestJP2KeY" time="0.022"/>
  <testcase name=" class circ2_A {   static final int a = circ2_B.b;   } class circ2_B {   static final int b = circ2_A.a;   }" classname="de.uka.ilkd.key.java.TestJP2KeY" time="0.021"/>
  <testcase name="class Cycle1 { void m(Cycle2 c) {} } class Cycle2 { void m(Cycle1 c) {} }" classname="de.uka.ilkd.key.java.TestJP2KeY" time="0.01"/>
  <testcase name="class EmptyConstr { EmptyConstr(); } " classname="de.uka.ilkd.key.java.TestJP2KeY" time="0.004"/>
  <testcase name="testReadBlockWithContext()" classname="de.uka.ilkd.key.java.TestJP2KeY" time="0.008">
    <failure message="org.opentest4j.AssertionFailedError: ProgramVariables should be the same ones. ==&gt; expected: de.uka.ilkd.key.logic.op.LocationVariable@30e29c0c&lt;i&gt; but was: de.uka.ilkd.key.logic.op.LocationVariable@1405dd10&lt;i&gt;" type="org.opentest4j.AssertionFailedError">org.opentest4j.AssertionFailedError: ProgramVariables should be the same ones. ==&gt; expected: de.uka.ilkd.key.logic.op.LocationVariable@30e29c0c&lt;i&gt; but was: de.uka.ilkd.key.logic.op.LocationVariable@1405dd10&lt;i&gt;
	at app//org.junit.jupiter.api.AssertionFailureBuilder.build(AssertionFailureBuilder.java:151)
	at app//org.junit.jupiter.api.AssertionFailureBuilder.buildAndThrow(AssertionFailureBuilder.java:132)
	at app//org.junit.jupiter.api.AssertSame.failNotSame(AssertSame.java:50)
	at app//org.junit.jupiter.api.AssertSame.assertSame(AssertSame.java:35)
	at app//org.junit.jupiter.api.Assertions.assertSame(Assertions.java:2860)
	at app//de.uka.ilkd.key.java.TestJP2KeY.testReadBlockWithContext(TestJP2KeY.java:144)
	at java.base@17.0.7/jdk.internal.reflect.NativeMethodAccessorImpl.invoke0(Native Method)
	at java.base@17.0.7/jdk.internal.reflect.NativeMethodAccessorImpl.invoke(NativeMethodAccessorImpl.java:77)
	at java.base@17.0.7/jdk.internal.reflect.DelegatingMethodAccessorImpl.invoke(DelegatingMethodAccessorImpl.java:43)
	at java.base@17.0.7/java.lang.reflect.Method.invoke(Method.java:568)
	at app//org.junit.platform.commons.util.ReflectionUtils.invokeMethod(ReflectionUtils.java:727)
	at app//org.junit.jupiter.engine.execution.MethodInvocation.proceed(MethodInvocation.java:60)
	at app//org.junit.jupiter.engine.execution.InvocationInterceptorChain$ValidatingInvocation.proceed(InvocationInterceptorChain.java:131)
	at app//org.junit.jupiter.engine.extension.TimeoutExtension.intercept(TimeoutExtension.java:156)
	at app//org.junit.jupiter.engine.extension.TimeoutExtension.interceptTestableMethod(TimeoutExtension.java:147)
	at app//org.junit.jupiter.engine.extension.TimeoutExtension.interceptTestMethod(TimeoutExtension.java:86)
	at app//org.junit.jupiter.engine.execution.InterceptingExecutableInvoker$ReflectiveInterceptorCall.lambda$ofVoidMethod$0(InterceptingExecutableInvoker.java:103)
	at app//org.junit.jupiter.engine.execution.InterceptingExecutableInvoker.lambda$invoke$0(InterceptingExecutableInvoker.java:93)
	at app//org.junit.jupiter.engine.execution.InvocationInterceptorChain$InterceptedInvocation.proceed(InvocationInterceptorChain.java:106)
	at app//org.junit.jupiter.engine.execution.InvocationInterceptorChain.proceed(InvocationInterceptorChain.java:64)
	at app//org.junit.jupiter.engine.execution.InvocationInterceptorChain.chainAndInvoke(InvocationInterceptorChain.java:45)
	at app//org.junit.jupiter.engine.execution.InvocationInterceptorChain.invoke(InvocationInterceptorChain.java:37)
	at app//org.junit.jupiter.engine.execution.InterceptingExecutableInvoker.invoke(InterceptingExecutableInvoker.java:92)
	at app//org.junit.jupiter.engine.execution.InterceptingExecutableInvoker.invoke(InterceptingExecutableInvoker.java:86)
	at app//org.junit.jupiter.engine.descriptor.TestMethodTestDescriptor.lambda$invokeTestMethod$7(TestMethodTestDescriptor.java:217)
	at app//org.junit.platform.engine.support.hierarchical.ThrowableCollector.execute(ThrowableCollector.java:73)
	at app//org.junit.jupiter.engine.descriptor.TestMethodTestDescriptor.invokeTestMethod(TestMethodTestDescriptor.java:213)
	at app//org.junit.jupiter.engine.descriptor.TestMethodTestDescriptor.execute(TestMethodTestDescriptor.java:138)
	at app//org.junit.jupiter.engine.descriptor.TestMethodTestDescriptor.execute(TestMethodTestDescriptor.java:68)
	at app//org.junit.platform.engine.support.hierarchical.NodeTestTask.lambda$executeRecursively$6(NodeTestTask.java:151)
	at app//org.junit.platform.engine.support.hierarchical.ThrowableCollector.execute(ThrowableCollector.java:73)
	at app//org.junit.platform.engine.support.hierarchical.NodeTestTask.lambda$executeRecursively$8(NodeTestTask.java:141)
	at app//org.junit.platform.engine.support.hierarchical.Node.around(Node.java:137)
	at app//org.junit.platform.engine.support.hierarchical.NodeTestTask.lambda$executeRecursively$9(NodeTestTask.java:139)
	at app//org.junit.platform.engine.support.hierarchical.ThrowableCollector.execute(ThrowableCollector.java:73)
	at app//org.junit.platform.engine.support.hierarchical.NodeTestTask.executeRecursively(NodeTestTask.java:138)
	at app//org.junit.platform.engine.support.hierarchical.NodeTestTask.execute(NodeTestTask.java:95)
	at java.base@17.0.7/java.util.ArrayList.forEach(ArrayList.java:1511)
	at app//org.junit.platform.engine.support.hierarchical.SameThreadHierarchicalTestExecutorService.invokeAll(SameThreadHierarchicalTestExecutorService.java:41)
	at app//org.junit.platform.engine.support.hierarchical.NodeTestTask.lambda$executeRecursively$6(NodeTestTask.java:155)
	at app//org.junit.platform.engine.support.hierarchical.ThrowableCollector.execute(ThrowableCollector.java:73)
	at app//org.junit.platform.engine.support.hierarchical.NodeTestTask.lambda$executeRecursively$8(NodeTestTask.java:141)
	at app//org.junit.platform.engine.support.hierarchical.Node.around(Node.java:137)
	at app//org.junit.platform.engine.support.hierarchical.NodeTestTask.lambda$executeRecursively$9(NodeTestTask.java:139)
	at app//org.junit.platform.engine.support.hierarchical.ThrowableCollector.execute(ThrowableCollector.java:73)
	at app//org.junit.platform.engine.support.hierarchical.NodeTestTask.executeRecursively(NodeTestTask.java:138)
	at app//org.junit.platform.engine.support.hierarchical.NodeTestTask.execute(NodeTestTask.java:95)
	at java.base@17.0.7/java.util.ArrayList.forEach(ArrayList.java:1511)
	at app//org.junit.platform.engine.support.hierarchical.SameThreadHierarchicalTestExecutorService.invokeAll(SameThreadHierarchicalTestExecutorService.java:41)
	at app//org.junit.platform.engine.support.hierarchical.NodeTestTask.lambda$executeRecursively$6(NodeTestTask.java:155)
	at app//org.junit.platform.engine.support.hierarchical.ThrowableCollector.execute(ThrowableCollector.java:73)
	at app//org.junit.platform.engine.support.hierarchical.NodeTestTask.lambda$executeRecursively$8(NodeTestTask.java:141)
	at app//org.junit.platform.engine.support.hierarchical.Node.around(Node.java:137)
	at app//org.junit.platform.engine.support.hierarchical.NodeTestTask.lambda$executeRecursively$9(NodeTestTask.java:139)
	at app//org.junit.platform.engine.support.hierarchical.ThrowableCollector.execute(ThrowableCollector.java:73)
	at app//org.junit.platform.engine.support.hierarchical.NodeTestTask.executeRecursively(NodeTestTask.java:138)
	at app//org.junit.platform.engine.support.hierarchical.NodeTestTask.execute(NodeTestTask.java:95)
	at app//org.junit.platform.engine.support.hierarchical.SameThreadHierarchicalTestExecutorService.submit(SameThreadHierarchicalTestExecutorService.java:35)
	at app//org.junit.platform.engine.support.hierarchical.HierarchicalTestExecutor.execute(HierarchicalTestExecutor.java:57)
	at app//org.junit.platform.engine.support.hierarchical.HierarchicalTestEngine.execute(HierarchicalTestEngine.java:54)
	at app//org.junit.platform.launcher.core.EngineExecutionOrchestrator.execute(EngineExecutionOrchestrator.java:107)
	at app//org.junit.platform.launcher.core.EngineExecutionOrchestrator.execute(EngineExecutionOrchestrator.java:88)
	at app//org.junit.platform.launcher.core.EngineExecutionOrchestrator.lambda$execute$0(EngineExecutionOrchestrator.java:54)
	at app//org.junit.platform.launcher.core.EngineExecutionOrchestrator.withInterceptedStreams(EngineExecutionOrchestrator.java:67)
	at app//org.junit.platform.launcher.core.EngineExecutionOrchestrator.execute(EngineExecutionOrchestrator.java:52)
	at app//org.junit.platform.launcher.core.DefaultLauncher.execute(DefaultLauncher.java:114)
	at app//org.junit.platform.launcher.core.DefaultLauncher.execute(DefaultLauncher.java:86)
	at app//org.junit.platform.launcher.core.DefaultLauncherSession$DelegatingLauncher.execute(DefaultLauncherSession.java:86)
	at org.gradle.api.internal.tasks.testing.junitplatform.JUnitPlatformTestClassProcessor$CollectAllTestClassesExecutor.processAllTestClasses(JUnitPlatformTestClassProcessor.java:110)
	at org.gradle.api.internal.tasks.testing.junitplatform.JUnitPlatformTestClassProcessor$CollectAllTestClassesExecutor.access$000(JUnitPlatformTestClassProcessor.java:90)
	at org.gradle.api.internal.tasks.testing.junitplatform.JUnitPlatformTestClassProcessor.stop(JUnitPlatformTestClassProcessor.java:85)
	at org.gradle.api.internal.tasks.testing.SuiteTestClassProcessor.stop(SuiteTestClassProcessor.java:62)
	at java.base@17.0.7/jdk.internal.reflect.NativeMethodAccessorImpl.invoke0(Native Method)
	at java.base@17.0.7/jdk.internal.reflect.NativeMethodAccessorImpl.invoke(NativeMethodAccessorImpl.java:77)
	at java.base@17.0.7/jdk.internal.reflect.DelegatingMethodAccessorImpl.invoke(DelegatingMethodAccessorImpl.java:43)
	at java.base@17.0.7/java.lang.reflect.Method.invoke(Method.java:568)
	at org.gradle.internal.dispatch.ReflectionDispatch.dispatch(ReflectionDispatch.java:36)
	at org.gradle.internal.dispatch.ReflectionDispatch.dispatch(ReflectionDispatch.java:24)
	at org.gradle.internal.dispatch.ContextClassLoaderDispatch.dispatch(ContextClassLoaderDispatch.java:33)
	at org.gradle.internal.dispatch.ProxyDispatchAdapter$DispatchingInvocationHandler.invoke(ProxyDispatchAdapter.java:94)
	at jdk.proxy2/jdk.proxy2.$Proxy5.stop(Unknown Source)
	at org.gradle.api.internal.tasks.testing.worker.TestWorker$3.run(TestWorker.java:193)
	at org.gradle.api.internal.tasks.testing.worker.TestWorker.executeAndMaintainThreadName(TestWorker.java:129)
	at org.gradle.api.internal.tasks.testing.worker.TestWorker.execute(TestWorker.java:100)
	at org.gradle.api.internal.tasks.testing.worker.TestWorker.execute(TestWorker.java:60)
	at org.gradle.process.internal.worker.child.ActionExecutionWorker.execute(ActionExecutionWorker.java:56)
	at org.gradle.process.internal.worker.child.SystemApplicationClassLoaderWorker.call(SystemApplicationClassLoaderWorker.java:113)
	at org.gradle.process.internal.worker.child.SystemApplicationClassLoaderWorker.call(SystemApplicationClassLoaderWorker.java:65)
	at app//worker.org.gradle.process.internal.worker.GradleWorkerMain.run(GradleWorkerMain.java:69)
	at app//worker.org.gradle.process.internal.worker.GradleWorkerMain.main(GradleWorkerMain.java:74)
</failure>
  </testcase>
  <testcase name="{&#10;    int j = 7;&#10;    int i;&#10;    i=1;&#10;    byte d = 0;&#10;    short f = 1;&#10;    long l = 123;&#10;    for (i=0, j=1; (i&lt;42) &amp;&amp; (i&gt;0); i++, j--) { i=13; j=1; }&#10;    while ((-i&lt;7) || (i++==7--) | (--i==++7) ||(!true &amp;&amp; false) || ('a'=='d') &#10;    || (&quot;asd&quot;==&quot;as&quot;+&quot;d&quot;) &amp; (d==f) ^ (d/f+2&gt;=f*d-f%d)|| (l&lt;=~i) &#10;    || !(this==null) || ((this!=null) ? (8&lt;&lt;j&lt;8&gt;&gt;i) : (7&amp;5&gt;8&gt;&gt;&gt;7L) &#10;    || (7|5!=8^4)) &amp;&amp; (i+=j) &amp;&amp; (i=j) &amp;&amp; (i/=j) &amp;&amp; (i%=j) &amp;&amp; (i-=j) &amp;&amp; (i*=j) &#10;    &amp;&amp; (i&lt;&lt;=j) &amp;&amp; (i&gt;&gt;=j) &amp;&amp; (i &gt;&gt;&gt;= j) &amp;&amp; (i &amp;= j) &amp;&amp; (i ^= j) &amp;&amp; (i |= j))&#10;        j=7;&#10; }&#10;" classname="de.uka.ilkd.key.java.TestJP2KeY" time="0.196"/>
  <testcase name="{&#10;    int j=7; int i;&#10;    i=1;do { j++; } while (i==1);if (j==42) j=7; else {i=7; j=43;};&#10;    ;&#10;    label0: j=42;&#10;    switch (j-i) {case 7: j=2; case 42: j=3; default: j=4; }&#10;    while (j==42) loop1:{ if (j==7) break; if (j==43) break loop1;&#10;    if (j==42) continue; if (j==41) continue loop1;}&#10;    if (j&gt;42) return;synchronized(null) { j=7; }&#10;}&#10;" classname="de.uka.ilkd.key.java.TestJP2KeY" time="0.037"/>
  <testcase name="{ int x = 1; {java.util.List l;} }" classname="de.uka.ilkd.key.java.TestJP2KeY" time="0.003"/>
  <testcase name="{int[] a; a=new int[3]; a=new int[]{2,3,4}; int j=a[2]; j=a.length;}" classname="de.uka.ilkd.key.java.TestJP2KeY" time="0.012"/>
  <system-out><![CDATA[]]></system-out>
  <system-err><![CDATA[5032       ERROR Test worker     d.u.i.k.j.KeYJPMapping    Duplicate registration of node: boolean, formerNode: /*@ pure @*/
boolean 
5235       ERROR Test worker     d.u.i.k.j.KeYJPMapping    Duplicate registration of node: /*@pure*/
int, formerNode: int 
5235       ERROR Test worker     d.u.i.k.j.KeYJPMapping    Duplicate registration of node: /*@ helper */
int, formerNode: int 
5235       ERROR Test worker     d.u.i.k.j.KeYJPMapping    Duplicate registration of node: /*@ helper */
boolean, formerNode: /*@ pure @*/
boolean 
5235       ERROR Test worker     d.u.i.k.j.KeYJPMapping    Duplicate registration of node: /*@ helper */
char, formerNode: char 
5251       ERROR Test worker     d.u.i.k.j.KeYJPMapping    Duplicate registration of node: byte[], formerNode: byte[] 
5267       ERROR Test worker     d.u.i.k.j.KeYJPMapping    Duplicate registration of node: /*@ helper */
java.lang.String, formerNode: java.lang.String 
5298       ERROR Test worker     d.u.i.k.j.KeYJPMapping    Duplicate registration of node: /*@strictly_pure*/
java.lang.String, formerNode: java.lang.String 
5314       ERROR Test worker     d.u.i.k.j.KeYJPMapping    Duplicate registration of node: /*@nullable@*/
Object, formerNode: Object 
5469       ERROR Test worker     d.u.i.k.j.KeYJPMapping    Duplicate registration of node: /*@pure@*/
String, formerNode: String 
5469       DEBUG Test worker     d.u.i.k.j.JavaService     Reading class A1 { public A1() { }}  
5509       ERROR Test worker     d.u.i.k.j.KeYJPMapping    Duplicate registration of node: A1, formerNode: A1 
5540       DEBUG Test worker     d.u.i.k.j.JavaService     Reading package qwe.rty;
import qwe.rty.A;
import dfg.hjk.*;
import java.util.*;
public abstract class A implements Z {
    static { d=3; Object v = new [...] 
5587       ERROR Test worker     d.u.i.k.j.KeYJPMapping    Duplicate registration of node: s instanceof Cloneable, formerNode: other instanceof String 
5618       DEBUG Test worker     d.u.i.k.j.JavaService     Reading public class B extends Object {class E  { public E(Object s) {super();} }} 
5618       ERROR Test worker     d.u.i.k.j.KeYJPMapping    Duplicate registration of node: B, formerNode: B 
5618       DEBUG Test worker     d.u.i.k.j.JavaService     Reading  class circ_A {   static int a = circ_B.b;   } class circ_B {   static int b = circ_A.a;   } 
5634       ERROR Test worker     d.u.i.k.j.KeYJPMapping    Duplicate registration of node: circ_A, formerNode: circ_A 
5649       ERROR Test worker     d.u.i.k.j.KeYJPMapping    Duplicate registration of node: circ_B, formerNode: circ_B 
5649       DEBUG Test worker     d.u.i.k.j.JavaService     Reading  class circ2_A {   static final int a = circ2_B.b;   } class circ2_B {   static final int b = circ2_A.a;   } 
5665       ERROR Test worker     d.u.i.k.j.KeYJPMapping    Duplicate registration of node: circ2_A, formerNode: circ2_A 
5665       ERROR Test worker     d.u.i.k.j.KeYJPMapping    Duplicate registration of node: circ2_B, formerNode: circ2_B 
5665       DEBUG Test worker     d.u.i.k.j.JavaService     Reading class Cycle1 { void m(Cycle2 c) {} } class Cycle2 { void m(Cycle1 c) {} } 
5680       ERROR Test worker     d.u.i.k.j.KeYJPMapping    Duplicate registration of node: Cycle1, formerNode: Cycle1 
5680       ERROR Test worker     d.u.i.k.j.KeYJPMapping    Duplicate registration of node: Cycle2, formerNode: Cycle2 
5680       DEBUG Test worker     d.u.i.k.j.JavaService     Reading class EmptyConstr { EmptyConstr(); }  
5680       ERROR Test worker     d.u.i.k.j.KeYJPMapping    Duplicate registration of node: EmptyConstr, formerNode: EmptyConstr 
5852       ERROR Test worker     d.u.i.k.j.KeYJPMapping    Duplicate registration of node: j = 7;, formerNode: j = 7 
5915       ERROR Test worker     d.u.i.k.j.KeYJPMapping    Duplicate registration of node: j = 42;, formerNode: j = 42 
]]></system-err>
</testsuite>
