<?xml version="1.0" encoding="UTF-8"?>
<testsuite name="de.uka.ilkd.key.speclang.njml.NJmlTranslatorTests" tests="5" skipped="0" failures="5" errors="0" timestamp="2023-06-12T15:59:31" hostname="fv-az282-703" time="1.231">
  <properties/>
  <testcase name="testWarnRequires()" classname="de.uka.ilkd.key.speclang.njml.NJmlTranslatorTests" time="0.0">
    <failure message="java.lang.ArrayIndexOutOfBoundsException" type="java.lang.ArrayIndexOutOfBoundsException">java.lang.ArrayIndexOutOfBoundsException
</failure>
  </testcase>
  <testcase name="testContractModifiers()" classname="de.uka.ilkd.key.speclang.njml.NJmlTranslatorTests" time="0.001">
    <failure message="java.lang.ArrayIndexOutOfBoundsException" type="java.lang.ArrayIndexOutOfBoundsException">java.lang.ArrayIndexOutOfBoundsException
</failure>
  </testcase>
  <testcase name="testContractModifiersMultipleAlso()" classname="de.uka.ilkd.key.speclang.njml.NJmlTranslatorTests" time="0.001">
    <failure message="java.lang.ArrayIndexOutOfBoundsException" type="java.lang.ArrayIndexOutOfBoundsException">java.lang.ArrayIndexOutOfBoundsException
</failure>
  </testcase>
  <testcase name="testContractModifiersMultiple()" classname="de.uka.ilkd.key.speclang.njml.NJmlTranslatorTests" time="0.0">
    <failure message="java.lang.ArrayIndexOutOfBoundsException" type="java.lang.ArrayIndexOutOfBoundsException">java.lang.ArrayIndexOutOfBoundsException
</failure>
  </testcase>
  <testcase name="testIgnoreOpenJML()" classname="de.uka.ilkd.key.speclang.njml.NJmlTranslatorTests" time="0.001">
    <failure message="java.lang.ArrayIndexOutOfBoundsException" type="java.lang.ArrayIndexOutOfBoundsException">java.lang.ArrayIndexOutOfBoundsException
</failure>
  </testcase>
  <system-out><![CDATA[]]></system-out>
  <system-err><![CDATA[138155     ERROR Test worker     d.u.i.k.j.KeYJPMapping    Duplicate registration of node: boolean, formerNode: /*@ pure @*/
boolean 
138202     ERROR Test worker     d.u.i.k.j.KeYJPMapping    Duplicate registration of node: /*@pure*/
int, formerNode: int 
138202     ERROR Test worker     d.u.i.k.j.KeYJPMapping    Duplicate registration of node: /*@ helper */
int, formerNode: int 
138202     ERROR Test worker     d.u.i.k.j.KeYJPMapping    Duplicate registration of node: /*@ helper */
boolean, formerNode: /*@ pure @*/
boolean 
138202     ERROR Test worker     d.u.i.k.j.KeYJPMapping    Duplicate registration of node: /*@ helper */
char, formerNode: char 
138202     ERROR Test worker     d.u.i.k.j.KeYJPMapping    Duplicate registration of node: byte[], formerNode: byte[] 
138202     ERROR Test worker     d.u.i.k.j.KeYJPMapping    Duplicate registration of node: /*@ helper */
java.lang.String, formerNode: java.lang.String 
138233     ERROR Test worker     d.u.i.k.j.KeYJPMapping    Duplicate registration of node: /*@strictly_pure*/
java.lang.String, formerNode: java.lang.String 
138233     ERROR Test worker     d.u.i.k.j.KeYJPMapping    Duplicate registration of node: /*@nullable@*/
Object, formerNode: Object 
138264     ERROR Test worker     d.u.i.k.j.KeYJPMapping    Duplicate registration of node: /*@pure@*/
String, formerNode: String 
138264     ERROR Test worker     d.u.i.k.j.KeYJPMapping    Duplicate registration of node: /*@ spec_java_math @*/
TestClass, formerNode: TestClass 
138280     ERROR Test worker     d.u.i.k.j.KeYJPMapping    Duplicate registration of value: testPackage.TestClass::instance = new TestClass();, formerValue: testPackage.TestClass::instance = new TestClass(); 
138280     ERROR Test worker     d.u.i.k.j.KeYJPMapping    Duplicate registration of value: public
  static TestClass testPackage.TestClass::instance = new TestClass(
    
  );, formerValue: public
  static TestClass testPackage.TestClass::instance = new TestClass(
    
  ); 
138441     ERROR Test worker     d.u.i.k.j.KeYJPMapping    Duplicate registration of node: boolean, formerNode: /*@ pure @*/
boolean 
138488     ERROR Test worker     d.u.i.k.j.KeYJPMapping    Duplicate registration of node: /*@pure*/
int, formerNode: int 
138488     ERROR Test worker     d.u.i.k.j.KeYJPMapping    Duplicate registration of node: /*@ helper */
int, formerNode: int 
138488     ERROR Test worker     d.u.i.k.j.KeYJPMapping    Duplicate registration of node: /*@ helper */
boolean, formerNode: /*@ pure @*/
boolean 
138488     ERROR Test worker     d.u.i.k.j.KeYJPMapping    Duplicate registration of node: /*@ helper */
char, formerNode: char 
138488     ERROR Test worker     d.u.i.k.j.KeYJPMapping    Duplicate registration of node: byte[], formerNode: byte[] 
138503     ERROR Test worker     d.u.i.k.j.KeYJPMapping    Duplicate registration of node: /*@ helper */
java.lang.String, formerNode: java.lang.String 
138519     ERROR Test worker     d.u.i.k.j.KeYJPMapping    Duplicate registration of node: /*@strictly_pure*/
java.lang.String, formerNode: java.lang.String 
138519     ERROR Test worker     d.u.i.k.j.KeYJPMapping    Duplicate registration of node: /*@nullable@*/
Object, formerNode: Object 
138556     ERROR Test worker     d.u.i.k.j.KeYJPMapping    Duplicate registration of node: /*@pure@*/
String, formerNode: String 
138572     ERROR Test worker     d.u.i.k.j.KeYJPMapping    Duplicate registration of node: /*@ spec_java_math @*/
TestClass, formerNode: TestClass 
138572     ERROR Test worker     d.u.i.k.j.KeYJPMapping    Duplicate registration of value: testPackage.TestClass::instance = new TestClass();, formerValue: testPackage.TestClass::instance = new TestClass(); 
138572     ERROR Test worker     d.u.i.k.j.KeYJPMapping    Duplicate registration of value: public
  static TestClass testPackage.TestClass::instance = new TestClass(
    
  );, formerValue: public
  static TestClass testPackage.TestClass::instance = new TestClass(
    
  ); 
138759     ERROR Test worker     d.u.i.k.j.KeYJPMapping    Duplicate registration of node: boolean, formerNode: /*@ pure @*/
boolean 
138791     ERROR Test worker     d.u.i.k.j.KeYJPMapping    Duplicate registration of node: /*@pure*/
int, formerNode: int 
138806     ERROR Test worker     d.u.i.k.j.KeYJPMapping    Duplicate registration of node: /*@ helper */
int, formerNode: int 
138806     ERROR Test worker     d.u.i.k.j.KeYJPMapping    Duplicate registration of node: /*@ helper */
boolean, formerNode: /*@ pure @*/
boolean 
138806     ERROR Test worker     d.u.i.k.j.KeYJPMapping    Duplicate registration of node: /*@ helper */
char, formerNode: char 
138806     ERROR Test worker     d.u.i.k.j.KeYJPMapping    Duplicate registration of node: byte[], formerNode: byte[] 
138806     ERROR Test worker     d.u.i.k.j.KeYJPMapping    Duplicate registration of node: /*@ helper */
java.lang.String, formerNode: java.lang.String 
138822     ERROR Test worker     d.u.i.k.j.KeYJPMapping    Duplicate registration of node: /*@strictly_pure*/
java.lang.String, formerNode: java.lang.String 
138838     ERROR Test worker     d.u.i.k.j.KeYJPMapping    Duplicate registration of node: /*@nullable@*/
Object, formerNode: Object 
138869     ERROR Test worker     d.u.i.k.j.KeYJPMapping    Duplicate registration of node: /*@pure@*/
String, formerNode: String 
138869     ERROR Test worker     d.u.i.k.j.KeYJPMapping    Duplicate registration of node: /*@ spec_java_math @*/
TestClass, formerNode: TestClass 
138869     ERROR Test worker     d.u.i.k.j.KeYJPMapping    Duplicate registration of value: testPackage.TestClass::instance = new TestClass();, formerValue: testPackage.TestClass::instance = new TestClass(); 
138869     ERROR Test worker     d.u.i.k.j.KeYJPMapping    Duplicate registration of value: public
  static TestClass testPackage.TestClass::instance = new TestClass(
    
  );, formerValue: public
  static TestClass testPackage.TestClass::instance = new TestClass(
    
  ); 
139048     ERROR Test worker     d.u.i.k.j.KeYJPMapping    Duplicate registration of node: boolean, formerNode: /*@ pure @*/
boolean 
139095     ERROR Test worker     d.u.i.k.j.KeYJPMapping    Duplicate registration of node: /*@pure*/
int, formerNode: int 
139095     ERROR Test worker     d.u.i.k.j.KeYJPMapping    Duplicate registration of node: /*@ helper */
int, formerNode: int 
139095     ERROR Test worker     d.u.i.k.j.KeYJPMapping    Duplicate registration of node: /*@ helper */
boolean, formerNode: /*@ pure @*/
boolean 
139095     ERROR Test worker     d.u.i.k.j.KeYJPMapping    Duplicate registration of node: /*@ helper */
char, formerNode: char 
139095     ERROR Test worker     d.u.i.k.j.KeYJPMapping    Duplicate registration of node: byte[], formerNode: byte[] 
139110     ERROR Test worker     d.u.i.k.j.KeYJPMapping    Duplicate registration of node: /*@ helper */
java.lang.String, formerNode: java.lang.String 
139126     ERROR Test worker     d.u.i.k.j.KeYJPMapping    Duplicate registration of node: /*@strictly_pure*/
java.lang.String, formerNode: java.lang.String 
139126     ERROR Test worker     d.u.i.k.j.KeYJPMapping    Duplicate registration of node: /*@nullable@*/
Object, formerNode: Object 
139173     ERROR Test worker     d.u.i.k.j.KeYJPMapping    Duplicate registration of node: /*@pure@*/
String, formerNode: String 
139173     ERROR Test worker     d.u.i.k.j.KeYJPMapping    Duplicate registration of node: /*@ spec_java_math @*/
TestClass, formerNode: TestClass 
139173     ERROR Test worker     d.u.i.k.j.KeYJPMapping    Duplicate registration of value: testPackage.TestClass::instance = new TestClass();, formerValue: testPackage.TestClass::instance = new TestClass(); 
139173     ERROR Test worker     d.u.i.k.j.KeYJPMapping    Duplicate registration of value: public
  static TestClass testPackage.TestClass::instance = new TestClass(
    
  );, formerValue: public
  static TestClass testPackage.TestClass::instance = new TestClass(
    
  ); 
139351     ERROR Test worker     d.u.i.k.j.KeYJPMapping    Duplicate registration of node: boolean, formerNode: /*@ pure @*/
boolean 
139398     ERROR Test worker     d.u.i.k.j.KeYJPMapping    Duplicate registration of node: /*@pure*/
int, formerNode: int 
139398     ERROR Test worker     d.u.i.k.j.KeYJPMapping    Duplicate registration of node: /*@ helper */
int, formerNode: int 
139398     ERROR Test worker     d.u.i.k.j.KeYJPMapping    Duplicate registration of node: /*@ helper */
boolean, formerNode: /*@ pure @*/
boolean 
139398     ERROR Test worker     d.u.i.k.j.KeYJPMapping    Duplicate registration of node: /*@ helper */
char, formerNode: char 
139398     ERROR Test worker     d.u.i.k.j.KeYJPMapping    Duplicate registration of node: byte[], formerNode: byte[] 
139413     ERROR Test worker     d.u.i.k.j.KeYJPMapping    Duplicate registration of node: /*@ helper */
java.lang.String, formerNode: java.lang.String 
139430     ERROR Test worker     d.u.i.k.j.KeYJPMapping    Duplicate registration of node: /*@strictly_pure*/
java.lang.String, formerNode: java.lang.String 
139430     ERROR Test worker     d.u.i.k.j.KeYJPMapping    Duplicate registration of node: /*@nullable@*/
Object, formerNode: Object 
139476     ERROR Test worker     d.u.i.k.j.KeYJPMapping    Duplicate registration of node: /*@pure@*/
String, formerNode: String 
139476     ERROR Test worker     d.u.i.k.j.KeYJPMapping    Duplicate registration of node: /*@ spec_java_math @*/
TestClass, formerNode: TestClass 
139476     ERROR Test worker     d.u.i.k.j.KeYJPMapping    Duplicate registration of value: testPackage.TestClass::instance = new TestClass();, formerValue: testPackage.TestClass::instance = new TestClass(); 
139476     ERROR Test worker     d.u.i.k.j.KeYJPMapping    Duplicate registration of value: public
  static TestClass testPackage.TestClass::instance = new TestClass(
    
  );, formerValue: public
  static TestClass testPackage.TestClass::instance = new TestClass(
    
  ); 
]]></system-err>
</testsuite>
