<?xml version="1.0" encoding="UTF-8"?>
<testsuite name="org.key_project.util.collection.TestDirectedGraph" tests="2" skipped="0" failures="0" errors="0" timestamp="2023-03-25T23:15:06" hostname="fv-az412-526" time="0.035">
  <properties/>
  <testcase name="insertAndRemove()" classname="org.key_project.util.collection.TestDirectedGraph" time="0.026"/>
  <testcase name="insertAndRemoveEdges()" classname="org.key_project.util.collection.TestDirectedGraph" time="0.001"/>
  <system-out><![CDATA[]]></system-out>
  <system-err><![CDATA[]]></system-err>
</testsuite>
