<?xml version="1.0" encoding="UTF-8"?>
<testsuite name="de.uka.ilkd.key.speclang.njml.ContractLoadingTests" tests="2" skipped="0" failures="0" errors="0" timestamp="2023-02-04T12:00:55" hostname="fv-az173-219" time="6.37">
  <properties/>
  <testcase name="sumAndMax()" classname="de.uka.ilkd.key.speclang.njml.ContractLoadingTests" time="3.56"/>
  <testcase name="issues1658()" classname="de.uka.ilkd.key.speclang.njml.ContractLoadingTests" time="2.81"/>
  <system-out><![CDATA[]]></system-out>
  <system-err><![CDATA[]]></system-err>
</testsuite>
