<?xml version="1.0" encoding="UTF-8"?>
<testsuite name="de.uka.ilkd.key.nparser.ExprTest" tests="23" skipped="0" failures="0" errors="0" timestamp="2023-04-04T10:40:53" hostname="fv-az221-216" time="1.87">
  <properties/>
  <testcase name="[1] (bprod{int y;}(1, 2, y) = 0)" classname="de.uka.ilkd.key.nparser.ExprTest" time="0.026"/>
  <testcase name="[2] 1 = 1 -&gt; 2 = 2" classname="de.uka.ilkd.key.nparser.ExprTest" time="0.019"/>
  <testcase name="[3] \&lt; { int x = 1; } \&gt; x=1" classname="de.uka.ilkd.key.nparser.ExprTest" time="0.743"/>
  <testcase name="[4] \&lt;{ int x = 1; {int s = 2;} }\&gt; x=x" classname="de.uka.ilkd.key.nparser.ExprTest" time="0.795"/>
  <testcase name="[5] true" classname="de.uka.ilkd.key.nparser.ExprTest" time="0.012"/>
  <testcase name="[6] true &amp; false" classname="de.uka.ilkd.key.nparser.ExprTest" time="0.018"/>
  <testcase name="[7] 0" classname="de.uka.ilkd.key.nparser.ExprTest" time="0.01"/>
  <testcase name="[8] 1" classname="de.uka.ilkd.key.nparser.ExprTest" time="0.014"/>
  <testcase name="[9] 42" classname="de.uka.ilkd.key.nparser.ExprTest" time="0.015"/>
  <testcase name="[10] -5" classname="de.uka.ilkd.key.nparser.ExprTest" time="0.013"/>
  <testcase name="[11] 1 + 1 = 2" classname="de.uka.ilkd.key.nparser.ExprTest" time="0.011"/>
  <testcase name="[12] \if (3=4) \then (1) \else (2)" classname="de.uka.ilkd.key.nparser.ExprTest" time="0.01"/>
  <testcase name="[13] \if (3=4 &amp; 1=1) \then (\if (3=4) \then (1) \else (2)) \else (2)" classname="de.uka.ilkd.key.nparser.ExprTest" time="0.01"/>
  <testcase name="[14] aa + bb*cc" classname="de.uka.ilkd.key.nparser.ExprTest" time="0.013"/>
  <testcase name="[15] aa%bb*cc &lt; -123" classname="de.uka.ilkd.key.nparser.ExprTest" time="0.016"/>
  <testcase name="[16] \forall int x; true" classname="de.uka.ilkd.key.nparser.ExprTest" time="0.021"/>
  <testcase name="[17] \forall numbers x; x = x" classname="de.uka.ilkd.key.nparser.ExprTest" time="0.02"/>
  <testcase name="[18] (int)3+2" classname="de.uka.ilkd.key.nparser.ExprTest" time="0.01"/>
  <testcase name="[19] 1.f + 1f = 20e-1f * (2f-1f)" classname="de.uka.ilkd.key.nparser.ExprTest" time="0.015"/>
  <testcase name="[20] 1.d + 1d &lt;= 20e+1d * .01d" classname="de.uka.ilkd.key.nparser.ExprTest" time="0.013"/>
  <testcase name="[21] 1f &lt;= 2f" classname="de.uka.ilkd.key.nparser.ExprTest" time="0.009"/>
  <testcase name="[22] 2d &gt; 1d" classname="de.uka.ilkd.key.nparser.ExprTest" time="0.015"/>
  <testcase name="[23] seqEmpty + seqEmpty" classname="de.uka.ilkd.key.nparser.ExprTest" time="0.01"/>
  <system-out><![CDATA[161814     INFO  Test worker     d.u.i.k.n.KeyIO           Parsing took 7 ms 
161816     INFO  Test worker     d.u.i.k.n.KeyIO           MODE: declarations took 1 ms 
161818     INFO  Test worker     d.u.i.k.n.ExprTest        Term: equals(bprod{y:int}(Z(1(#)),Z(2(#)),y),Z(0(#))) 
161840     INFO  Test worker     d.u.i.k.n.KeyIO           Parsing took 7 ms 
161844     INFO  Test worker     d.u.i.k.n.KeyIO           MODE: declarations took 1 ms 
161850     INFO  Test worker     d.u.i.k.n.ExprTest        Term: imp(equals(Z(1(#)),Z(1(#))),equals(Z(2(#)),Z(2(#)))) 
161859     INFO  Test worker     d.u.i.k.n.KeyIO           Parsing took 6 ms 
161860     INFO  Test worker     d.u.i.k.n.KeyIO           MODE: declarations took 1 ms 
162593     INFO  Test worker     d.u.i.k.n.ExprTest        Term: \<{
  int x = 1;
}\> (equals(x,Z(1(#)))) 
162602     INFO  Test worker     d.u.i.k.n.KeyIO           Parsing took 6 ms 
162604     INFO  Test worker     d.u.i.k.n.KeyIO           MODE: declarations took 1 ms 
163388     INFO  Test worker     d.u.i.k.n.ExprTest        Term: \<{
  int x = 1;
  {
    int s = 2;
  }
}\> (equals(x,x)) 
163398     INFO  Test worker     d.u.i.k.n.KeyIO           Parsing took 6 ms 
163400     INFO  Test worker     d.u.i.k.n.KeyIO           MODE: declarations took 1 ms 
163402     INFO  Test worker     d.u.i.k.n.ExprTest        Term: true 
163418     INFO  Test worker     d.u.i.k.n.KeyIO           Parsing took 5 ms 
163420     INFO  Test worker     d.u.i.k.n.KeyIO           MODE: declarations took 1 ms 
163422     INFO  Test worker     d.u.i.k.n.ExprTest        Term: and(true,false) 
163429     INFO  Test worker     d.u.i.k.n.KeyIO           Parsing took 5 ms 
163430     INFO  Test worker     d.u.i.k.n.KeyIO           MODE: declarations took 0 ms 
163432     INFO  Test worker     d.u.i.k.n.ExprTest        Term: Z(0(#)) 
163440     INFO  Test worker     d.u.i.k.n.KeyIO           Parsing took 6 ms 
163441     INFO  Test worker     d.u.i.k.n.KeyIO           MODE: declarations took 1 ms 
163443     INFO  Test worker     d.u.i.k.n.ExprTest        Term: Z(1(#)) 
163457     INFO  Test worker     d.u.i.k.n.KeyIO           Parsing took 6 ms 
163458     INFO  Test worker     d.u.i.k.n.KeyIO           MODE: declarations took 1 ms 
163460     INFO  Test worker     d.u.i.k.n.ExprTest        Term: Z(2(4(#))) 
163473     INFO  Test worker     d.u.i.k.n.KeyIO           Parsing took 7 ms 
163474     INFO  Test worker     d.u.i.k.n.KeyIO           MODE: declarations took 1 ms 
163476     INFO  Test worker     d.u.i.k.n.ExprTest        Term: Z(neglit(5(#))) 
163485     INFO  Test worker     d.u.i.k.n.KeyIO           Parsing took 6 ms 
163486     INFO  Test worker     d.u.i.k.n.KeyIO           MODE: declarations took 0 ms 
163488     INFO  Test worker     d.u.i.k.n.ExprTest        Term: equals(add(Z(1(#)),Z(1(#))),Z(2(#))) 
163497     INFO  Test worker     d.u.i.k.n.KeyIO           Parsing took 6 ms 
163498     INFO  Test worker     d.u.i.k.n.KeyIO           MODE: declarations took 1 ms 
163500     INFO  Test worker     d.u.i.k.n.ExprTest        Term: if-then-else(equals(Z(3(#)),Z(4(#))),Z(1(#)),Z(2(#))) 
163507     INFO  Test worker     d.u.i.k.n.KeyIO           Parsing took 5 ms 
163508     INFO  Test worker     d.u.i.k.n.KeyIO           MODE: declarations took 0 ms 
163511     INFO  Test worker     d.u.i.k.n.ExprTest        Term: if-then-else(and(equals(Z(3(#)),Z(4(#))),equals(Z(1(#)),Z(1(#)))),if-then-else(equals(Z(3(#)),Z(4(#))),Z(1(#)),Z(2(#))),Z(2(#))) 
163529     INFO  Test worker     d.u.i.k.n.KeyIO           Parsing took 5 ms 
163532     INFO  Test worker     d.u.i.k.n.KeyIO           MODE: declarations took 1 ms 
163535     INFO  Test worker     d.u.i.k.n.ExprTest        Term: add(aa,mul(bb,cc)) 
163549     INFO  Test worker     d.u.i.k.n.KeyIO           Parsing took 12 ms 
163550     INFO  Test worker     d.u.i.k.n.KeyIO           MODE: declarations took 1 ms 
163552     INFO  Test worker     d.u.i.k.n.ExprTest        Term: lt(mul(mod(aa,bb),cc),Z(neglit(3(2(1(#)))))) 
163561     INFO  Test worker     d.u.i.k.n.KeyIO           Parsing took 5 ms 
163571     INFO  Test worker     d.u.i.k.n.KeyIO           MODE: declarations took 9 ms 
163573     INFO  Test worker     d.u.i.k.n.ExprTest        Term: all{x:int}(true) 
163584     INFO  Test worker     d.u.i.k.n.KeyIO           Parsing took 5 ms 
163593     INFO  Test worker     d.u.i.k.n.KeyIO           MODE: declarations took 1 ms 
163595     INFO  Test worker     d.u.i.k.n.ExprTest        Term: all{x:numbers}(equals(x,x)) 
163603     INFO  Test worker     d.u.i.k.n.KeyIO           Parsing took 5 ms 
163604     INFO  Test worker     d.u.i.k.n.KeyIO           MODE: declarations took 1 ms 
163606     INFO  Test worker     d.u.i.k.n.ExprTest        Term: add(int::cast(Z(3(#))),Z(2(#))) 
163620     INFO  Test worker     d.u.i.k.n.KeyIO           Parsing took 6 ms 
163621     INFO  Test worker     d.u.i.k.n.KeyIO           MODE: declarations took 1 ms 
163623     INFO  Test worker     d.u.i.k.n.ExprTest        Term: equals(addFloat(FP(6(1(2(3(5(3(5(6(0(1(#))))))))))),FP(6(1(2(3(5(3(5(6(0(1(#)))))))))))),mulFloat(FP(4(2(8(1(4(7(3(7(0(1(#))))))))))),subFloat(FP(4(2(8(1(4(7(3(7(0(1(#))))))))))),FP(6(1(2(3(5(3(5(6(0(1(#)))))))))))))) 
163631     INFO  Test worker     d.u.i.k.n.KeyIO           Parsing took 5 ms 
163632     INFO  Test worker     d.u.i.k.n.KeyIO           MODE: declarations took 1 ms 
163637     INFO  Test worker     d.u.i.k.n.ExprTest        Term: leqDouble(addDouble(DFP(8(0(4(7(1(0(0(0(8(8(1(4(2(8(1(7(0(6(4(#)))))))))))))))))))),DFP(8(0(4(7(1(0(0(0(8(8(1(4(2(8(1(7(0(6(4(#))))))))))))))))))))),mulDouble(DFP(4(8(7(6(0(0(2(8(9(0(9(8(0(4(2(1(4(6(4(#)))))))))))))))))))),DFP(5(7(6(7(8(0(4(0(3(9(2(2(8(1(9(6(7(5(4(#)))))))))))))))))))))) 
163645     INFO  Test worker     d.u.i.k.n.KeyIO           Parsing took 5 ms 
163646     INFO  Test worker     d.u.i.k.n.KeyIO           MODE: declarations took 1 ms 
163648     INFO  Test worker     d.u.i.k.n.ExprTest        Term: leqFloat(FP(6(1(2(3(5(3(5(6(0(1(#))))))))))),FP(4(2(8(1(4(7(3(7(0(1(#)))))))))))) 
163659     INFO  Test worker     d.u.i.k.n.KeyIO           Parsing took 9 ms 
163661     INFO  Test worker     d.u.i.k.n.KeyIO           MODE: declarations took 1 ms 
163663     INFO  Test worker     d.u.i.k.n.ExprTest        Term: gtDouble(DFP(4(0(9(7(8(3(7(2(4(8(1(0(6(8(6(1(1(6(4(#)))))))))))))))))))),DFP(8(0(4(7(1(0(0(0(8(8(1(4(2(8(1(7(0(6(4(#))))))))))))))))))))) 
163671     INFO  Test worker     d.u.i.k.n.KeyIO           Parsing took 5 ms 
163673     INFO  Test worker     d.u.i.k.n.KeyIO           MODE: declarations took 1 ms 
163675     INFO  Test worker     d.u.i.k.n.ExprTest        Term: seqConcat(seqEmpty,seqEmpty) 
]]></system-out>
  <system-err><![CDATA[]]></system-err>
</testsuite>
