<?xml version="1.0" encoding="UTF-8"?>
<testsuite name="de.uka.ilkd.key.nparser.ParseLDTsTests" tests="2" skipped="0" failures="0" errors="0" timestamp="2023-04-04T10:40:54" hostname="fv-az221-216" time="0.724">
  <properties/>
  <testcase name="testLDT()" classname="de.uka.ilkd.key.nparser.ParseLDTsTests" time="0.011"/>
  <testcase name="testSR()" classname="de.uka.ilkd.key.nparser.ParseLDTsTests" time="0.712"/>
  <system-out><![CDATA[163683     INFO  Test worker     d.u.i.k.n.KeyIO           Parsing took 5 ms 
163684     INFO  Test worker     d.u.i.k.n.KeyIO           MODE: declarations took 0 ms 
163937     INFO  Test worker     d.u.i.k.n.KeyIO           Parsing took 247 ms 
163940     INFO  Test worker     d.u.i.k.n.KeyIO           MODE: declarations took 2 ms 
]]></system-out>
  <system-err><![CDATA[]]></system-err>
</testsuite>
