<?xml version="1.0" encoding="UTF-8"?>
<testsuite name="de.uka.ilkd.key.testcase.smt.testgen.TestTestgen" tests="1" skipped="0" failures="0" errors="0" timestamp="2023-06-12T07:10:12" hostname="fv-az1246-585" time="6.23">
  <properties/>
  <testcase name="testMiddle()" classname="de.uka.ilkd.key.testcase.smt.testgen.TestTestgen" time="6.23"/>
  <system-out><![CDATA[22080      WARN  Test worker     d.u.i.k.t.s.t.TestTestgen Warning: Z3_CE is not installed, tests skipped. 
22081      WARN  Test worker     d.u.i.k.t.s.t.TestTestgen Maybe use JVM system property "z3SolverPath" to define the path to the Z3 command. 
22084      INFO  Test worker     d.u.i.k.p.i.AbstractProblemLoader Loading environment from src/test/resources/testcase/smt/tg/middle.key 
22084      DEBUG Test worker     d.u.i.k.p.i.AbstractProblemLoader Environment load took 398.3ns 
22087      INFO  Test worker     d.u.i.k.p.i.AbstractProblemLoader Creating init config 
27534      DEBUG Test worker     d.u.i.k.p.i.AbstractProblemLoader Init config took 5.45s 
27638      INFO  Test worker     d.u.i.k.p.i.AbstractProblemLoader Replaying proof Middle[Middle::middle(int,int,int)].JML normal_behavior operation contract.0 
27642      DEBUG Test worker     d.u.i.k.p.i.IntermediateProofReplayer Proof replay took 17.8ns 
]]></system-out>
  <system-err><![CDATA[]]></system-err>
</testsuite>
