<?xml version="1.0" encoding="UTF-8"?>
<testsuite name="org.key_project.slicing.DependencyGraphTest" tests="1" skipped="0" failures="0" errors="0" timestamp="2023-04-10T21:13:38" hostname="fv-az470-121" time="0.454">
  <properties/>
  <testcase name="basicTest()" classname="org.key_project.slicing.DependencyGraphTest" time="0.454"/>
  <system-out><![CDATA[]]></system-out>
  <system-err><![CDATA[]]></system-err>
</testsuite>
