<?xml version="1.0" encoding="UTF-8"?>
<testsuite name="de.uka.ilkd.key.testcase.smt.testgen.TestTestgen" tests="1" skipped="0" failures="0" errors="0" timestamp="2023-05-31T09:46:21" hostname="fv-az931-697" time="5.805">
  <properties/>
  <testcase name="testMiddle()" classname="de.uka.ilkd.key.testcase.smt.testgen.TestTestgen" time="5.805"/>
  <system-out><![CDATA[18761      WARN  Test worker     d.u.i.k.t.s.t.TestTestgen Warning: Z3_CE is not installed, tests skipped. 
18761      WARN  Test worker     d.u.i.k.t.s.t.TestTestgen Maybe use JVM system property "z3SolverPath" to define the path to the Z3 command. 
18823      INFO  Test worker     d.u.i.k.p.i.AbstractProblemLoader Loading environment from src\test\resources\testcase\smt\tg\middle.key 
18823      DEBUG Test worker     d.u.i.k.p.i.AbstractProblemLoader Environment load took 332.5ns 
18901      INFO  Test worker     d.u.i.k.p.i.AbstractProblemLoader Creating init config 
23576      DEBUG Test worker     d.u.i.k.p.i.AbstractProblemLoader Init config took 4.67s 
23732      INFO  Test worker     d.u.i.k.p.i.AbstractProblemLoader Replaying proof Middle[Middle::middle(int,int,int)].JML normal_behavior operation contract.0 
23732      DEBUG Test worker     d.u.i.k.p.i.IntermediateProofReplayer Proof replay took 16.2ns 
]]></system-out>
  <system-err><![CDATA[]]></system-err>
</testsuite>
