<?xml version="1.0" encoding="UTF-8"?>
<testsuite name="de.uka.ilkd.key.speclang.jml.JMLUtilsTest" tests="2" skipped="0" failures="0" errors="0" timestamp="2023-03-08T13:52:13" hostname="fv-az389-294" time="0.019">
  <properties/>
  <testcase name="testSplitJmlFeatures()" classname="de.uka.ilkd.key.speclang.jml.JMLUtilsTest" time="0.001"/>
  <testcase name="testIsJmlCommentStarter()" classname="de.uka.ilkd.key.speclang.jml.JMLUtilsTest" time="0.018"/>
  <system-out><![CDATA[]]></system-out>
  <system-err><![CDATA[]]></system-err>
</testsuite>
