<?xml version="1.0" encoding="UTF-8"?>
<testsuite name="de.uka.ilkd.key.rule.merge.PredicateAbstractionLatticeTests" tests="3" skipped="0" failures="0" errors="0" timestamp="2023-04-03T21:15:30" hostname="fv-az399-738" time="5.634">
  <properties/>
  <testcase name="testToAndFromString()" classname="de.uka.ilkd.key.rule.merge.PredicateAbstractionLatticeTests" time="2.762"/>
  <testcase name="testCreateSignLatticeWithPredicates()" classname="de.uka.ilkd.key.rule.merge.PredicateAbstractionLatticeTests" time="2.871"/>
  <testcase name="testTrivialPredicatesLattice()" classname="de.uka.ilkd.key.rule.merge.PredicateAbstractionLatticeTests" time="0.001"/>
  <system-out><![CDATA[]]></system-out>
  <system-err><![CDATA[]]></system-err>
</testsuite>
