<?xml version="1.0" encoding="UTF-8"?>
<testsuite name="de.uka.ilkd.key.proof.runallproofs.RunAllProofsInfFlow" tests="29" skipped="0" failures="0" errors="0" timestamp="2023-06-10T12:27:14" hostname="fv-az1032-22" time="2597.169">
  <properties/>
  <testcase name="ToyVoting" classname="de.uka.ilkd.key.proof.runallproofs.RunAllProofsInfFlow" time="24.186"/>
  <testcase name="ConditionalConfidential" classname="de.uka.ilkd.key.proof.runallproofs.RunAllProofsInfFlow" time="13.936"/>
  <testcase name="SumExample" classname="de.uka.ilkd.key.proof.runallproofs.RunAllProofsInfFlow" time="9.526"/>
  <testcase name="ToyBanking" classname="de.uka.ilkd.key.proof.runallproofs.RunAllProofsInfFlow" time="101.541"/>
  <testcase name="BlockContracts" classname="de.uka.ilkd.key.proof.runallproofs.RunAllProofsInfFlow" time="61.92"/>
  <testcase name="MethodContracts" classname="de.uka.ilkd.key.proof.runallproofs.RunAllProofsInfFlow" time="67.071"/>
  <testcase name="LoopInvariants" classname="de.uka.ilkd.key.proof.runallproofs.RunAllProofsInfFlow" time="67.402"/>
  <testcase name="MiniExamples" classname="de.uka.ilkd.key.proof.runallproofs.RunAllProofsInfFlow" time="88.669"/>
  <testcase name="NewObjects" classname="de.uka.ilkd.key.proof.runallproofs.RunAllProofsInfFlow" time="77.534"/>
  <testcase name="SimpleEvoting" classname="de.uka.ilkd.key.proof.runallproofs.RunAllProofsInfFlow" time="164.728"/>
  <testcase name="ToyVoting_nomacro" classname="de.uka.ilkd.key.proof.runallproofs.RunAllProofsInfFlow" time="33.139"/>
  <testcase name="ConditionalConfidential_nomacro" classname="de.uka.ilkd.key.proof.runallproofs.RunAllProofsInfFlow" time="0.001"/>
  <testcase name="SumExample_nomacro" classname="de.uka.ilkd.key.proof.runallproofs.RunAllProofsInfFlow" time="11.402"/>
  <testcase name="ToyBanking_nomacro" classname="de.uka.ilkd.key.proof.runallproofs.RunAllProofsInfFlow" time="69.347"/>
  <testcase name="BlockContracts_nomacro" classname="de.uka.ilkd.key.proof.runallproofs.RunAllProofsInfFlow" time="74.071"/>
  <testcase name="MethodContracts_nomacro" classname="de.uka.ilkd.key.proof.runallproofs.RunAllProofsInfFlow" time="70.88"/>
  <testcase name="LoopInvariants_nomacro" classname="de.uka.ilkd.key.proof.runallproofs.RunAllProofsInfFlow" time="101.12"/>
  <testcase name="MiniExamples_nomacro" classname="de.uka.ilkd.key.proof.runallproofs.RunAllProofsInfFlow" time="97.369"/>
  <testcase name="NewObjects_nomacro" classname="de.uka.ilkd.key.proof.runallproofs.RunAllProofsInfFlow" time="124.666"/>
  <testcase name="SimpleEvoting_nomacro" classname="de.uka.ilkd.key.proof.runallproofs.RunAllProofsInfFlow" time="120.871"/>
  <testcase name="ToyVoting_fullmacro" classname="de.uka.ilkd.key.proof.runallproofs.RunAllProofsInfFlow" time="54.092"/>
  <testcase name="SumExample_fullmacro" classname="de.uka.ilkd.key.proof.runallproofs.RunAllProofsInfFlow" time="9.987"/>
  <testcase name="ToyBanking_fullmacro" classname="de.uka.ilkd.key.proof.runallproofs.RunAllProofsInfFlow" time="249.342"/>
  <testcase name="BlockContracts_fullmacro" classname="de.uka.ilkd.key.proof.runallproofs.RunAllProofsInfFlow" time="79.822"/>
  <testcase name="MethodContracts_fullmacro" classname="de.uka.ilkd.key.proof.runallproofs.RunAllProofsInfFlow" time="72.642"/>
  <testcase name="InformationFlow_fullmacro" classname="de.uka.ilkd.key.proof.runallproofs.RunAllProofsInfFlow" time="297.028"/>
  <testcase name="MiniExamples_fullmacro" classname="de.uka.ilkd.key.proof.runallproofs.RunAllProofsInfFlow" time="98.119"/>
  <testcase name="NewObjects_fullmacro" classname="de.uka.ilkd.key.proof.runallproofs.RunAllProofsInfFlow" time="189.425"/>
  <testcase name="SimpleEvoting_fullmacro" classname="de.uka.ilkd.key.proof.runallproofs.RunAllProofsInfFlow" time="167.318"/>
  <system-out><![CDATA[425        INFO  Test worker     d.u.i.k.p.r.RunAllProofsTestUnit Running test ToyVoting 
333        INFO  Timeout watchdog d.u.i.k.p.r.p.ForkedTestFileRunner Timeout watcher launched (1000 secs.) 
340        WARN  main            d.u.i.k.s.ProofSettings   No proof-settings could be loaded, using defaults java.io.FileNotFoundException: /home/runner/.key/proof-settings.props (No such file or directory)
	at java.base/java.io.FileInputStream.open0(Native Method)

375        INFO  main            d.u.i.k.p.r.p.TestFile    Now processing file /home/runner/work/key/key/key.core/../key.ui/examples/InformationFlow/ToyVoting/Voter(Voter__insecure_voting()).JML normal_behavior operation contract.0.key 
486        INFO  main            d.u.i.k.p.i.AbstractProblemLoader Loading environment from /home/runner/work/key/key/key.core/../key.ui/examples/InformationFlow/ToyVoting/Voter(Voter__insecure_voting()).JML normal_behavior operation contract.0.key 
504        DEBUG main            d.u.i.k.p.i.AbstractProblemLoader Environment load took 2.66ms 
732        INFO  main            d.u.i.k.p.i.AbstractProblemLoader Creating init config 
1639       DEBUG main            d.u.i.k.j.TypeConverter   No LDT found for Meta 
1640       DEBUG main            d.u.i.k.j.TypeConverter   No LDT found for Meta 
1643       DEBUG main            d.u.i.k.j.TypeConverter   No LDT found for Meta 
1644       DEBUG main            d.u.i.k.j.TypeConverter   No LDT found for Meta 
3226       DEBUG main            d.u.i.k.j.TypeConverter   No LDT found for JavaBigintExpression 
8044       DEBUG main            d.u.i.k.p.i.AbstractProblemLoader Init config took 7.31s 
8213       INFO  main            d.u.i.k.p.i.AbstractProblemLoader Replaying proof Voter[Voter::insecure_voting()].JML normal_behavior operation contract.0 
8290       DEBUG main            d.u.i.k.p.i.IntermediateProofReplayer Proof replay took 325.3ns 
9340       INFO  main            d.u.i.k.p.r.p.TestFile    ... finished proof: closed. 
9457       INFO  main            d.u.i.k.p.r.p.TestFile    Now processing file /home/runner/work/key/key/key.core/../key.ui/examples/InformationFlow/ToyVoting/Voter(Voter__publishVoterParticipation()).JML normal_behavior operation contract.0.key 
9457       INFO  main            d.u.i.k.p.i.AbstractProblemLoader Loading environment from /home/runner/work/key/key/key.core/../key.ui/examples/InformationFlow/ToyVoting/Voter(Voter__publishVoterParticipation()).JML normal_behavior operation contract.0.key 
9458       DEBUG main            d.u.i.k.p.i.AbstractProblemLoader Environment load took 85.5ns 
9461       INFO  main            d.u.i.k.p.i.AbstractProblemLoader Creating init config 
12111      DEBUG main            d.u.i.k.p.i.AbstractProblemLoader Init config took 2.65s 
12177      INFO  main            d.u.i.k.p.i.AbstractProblemLoader Replaying proof Voter[Voter::publishVoterParticipation()].JML normal_behavior operation contract.0 
12181      DEBUG main            d.u.i.k.p.i.IntermediateProofReplayer Proof replay took 11.3ns 
12283      INFO  main            d.u.i.k.p.r.p.TestFile    ... finished proof: closed. 
12382      INFO  main            d.u.i.k.p.r.p.TestFile    Now processing file /home/runner/work/key/key/key.core/../key.ui/examples/InformationFlow/ToyVoting/Voter(Voter__isValid(int)).JML normal_behavior operation contract.0.key 
12383      INFO  main            d.u.i.k.p.i.AbstractProblemLoader Loading environment from /home/runner/work/key/key/key.core/../key.ui/examples/InformationFlow/ToyVoting/Voter(Voter__isValid(int)).JML normal_behavior operation contract.0.key 
12383      DEBUG main            d.u.i.k.p.i.AbstractProblemLoader Environment load took 83.8ns 
12384      INFO  main            d.u.i.k.p.i.AbstractProblemLoader Creating init config 
14842      DEBUG main            d.u.i.k.p.i.AbstractProblemLoader Init config took 2.46s 
14902      INFO  main            d.u.i.k.p.i.AbstractProblemLoader Replaying proof Voter[Voter::isValid(int)].JML normal_behavior operation contract.0 
14906      DEBUG main            d.u.i.k.p.i.IntermediateProofReplayer Proof replay took 11.2ns 
15109      INFO  main            d.u.i.k.p.r.p.TestFile    ... finished proof: closed. 
15214      INFO  main            d.u.i.k.p.r.p.TestFile    Now processing file /home/runner/work/key/key/key.core/../key.ui/examples/InformationFlow/ToyVoting/Voter(Voter__sendVote(int)).JML normal_behavior operation contract.0.key 
15214      INFO  main            d.u.i.k.p.i.AbstractProblemLoader Loading environment from /home/runner/work/key/key/key.core/../key.ui/examples/InformationFlow/ToyVoting/Voter(Voter__sendVote(int)).JML normal_behavior operation contract.0.key 
15214      DEBUG main            d.u.i.k.p.i.AbstractProblemLoader Environment load took 89.4ns 
15215      INFO  main            d.u.i.k.p.i.AbstractProblemLoader Creating init config 
17647      DEBUG main            d.u.i.k.p.i.AbstractProblemLoader Init config took 2.43s 
17699      INFO  main            d.u.i.k.p.i.AbstractProblemLoader Replaying proof Voter[Voter::sendVote(int)].JML normal_behavior operation contract.0 
17703      DEBUG main            d.u.i.k.p.i.IntermediateProofReplayer Proof replay took 10.7ns 
17805      INFO  main            d.u.i.k.p.r.p.TestFile    ... finished proof: closed. 
17911      INFO  main            d.u.i.k.p.r.p.TestFile    Now processing file /home/runner/work/key/key/key.core/../key.ui/examples/InformationFlow/ToyVoting/Voter(Voter__inputVote()).JML normal_behavior operation contract.0.key 
17912      INFO  main            d.u.i.k.p.i.AbstractProblemLoader Loading environment from /home/runner/work/key/key/key.core/../key.ui/examples/InformationFlow/ToyVoting/Voter(Voter__inputVote()).JML normal_behavior operation contract.0.key 
17912      DEBUG main            d.u.i.k.p.i.AbstractProblemLoader Environment load took 77.7ns 
17913      INFO  main            d.u.i.k.p.i.AbstractProblemLoader Creating init config 
20332      DEBUG main            d.u.i.k.p.i.AbstractProblemLoader Init config took 2.42s 
20378      INFO  main            d.u.i.k.p.i.AbstractProblemLoader Replaying proof Voter[Voter::inputVote()].JML normal_behavior operation contract.0 
20381      DEBUG main            d.u.i.k.p.i.IntermediateProofReplayer Proof replay took 11.2ns 
20483      INFO  main            d.u.i.k.p.r.p.TestFile    ... finished proof: closed. 
20604      INFO  main            d.u.i.k.p.r.p.TestFile    Now processing file /home/runner/work/key/key/key.core/../key.ui/examples/InformationFlow/ToyVoting/Voter(Voter__secure_voting()).JML normal_behavior operation contract.0.key 
20604      INFO  main            d.u.i.k.p.i.AbstractProblemLoader Loading environment from /home/runner/work/key/key/key.core/../key.ui/examples/InformationFlow/ToyVoting/Voter(Voter__secure_voting()).JML normal_behavior operation contract.0.key 
20604      DEBUG main            d.u.i.k.p.i.AbstractProblemLoader Environment load took 59.2ns 
20606      INFO  main            d.u.i.k.p.i.AbstractProblemLoader Creating init config 
22996      DEBUG main            d.u.i.k.p.i.AbstractProblemLoader Init config took 2.39s 
23041      INFO  main            d.u.i.k.p.i.AbstractProblemLoader Replaying proof Voter[Voter::secure_voting()].JML normal_behavior operation contract.0 
23044      DEBUG main            d.u.i.k.p.i.IntermediateProofReplayer Proof replay took 12.4ns 
23849      INFO  main            d.u.i.k.p.r.p.TestFile    ... finished proof: closed. 
24605      INFO  Test worker     d.u.i.k.p.r.RunAllProofsTestUnit Returning from test ToyVoting 
24612      INFO  Test worker     d.u.i.k.p.r.RunAllProofsTestUnit Running test ConditionalConfidential 
356        INFO  Timeout watchdog d.u.i.k.p.r.p.ForkedTestFileRunner Timeout watcher launched (1000 secs.) 
373        WARN  main            d.u.i.k.s.ProofSettings   The settings in /home/runner/.key/proof-settings.props are *not* read. 
410        INFO  main            d.u.i.k.p.r.p.TestFile    Now processing file /home/runner/work/key/key/key.core/../key.ui/examples/InformationFlow/ConditionalConfidential/CCExample(CCExample__hasAccessRight(CCExample.User)).JML normal_behavior operation contract.0.key 
529        INFO  main            d.u.i.k.p.i.AbstractProblemLoader Loading environment from /home/runner/work/key/key/key.core/../key.ui/examples/InformationFlow/ConditionalConfidential/CCExample(CCExample__hasAccessRight(CCExample.User)).JML normal_behavior operation contract.0.key 
547        DEBUG main            d.u.i.k.p.i.AbstractProblemLoader Environment load took 2.52ms 
749        INFO  main            d.u.i.k.p.i.AbstractProblemLoader Creating init config 
1785       DEBUG main            d.u.i.k.j.TypeConverter   No LDT found for Meta 
1786       DEBUG main            d.u.i.k.j.TypeConverter   No LDT found for Meta 
1789       DEBUG main            d.u.i.k.j.TypeConverter   No LDT found for Meta 
1789       DEBUG main            d.u.i.k.j.TypeConverter   No LDT found for Meta 
3119       DEBUG main            d.u.i.k.j.TypeConverter   No LDT found for JavaBigintExpression 
5478       DEBUG main            d.u.i.k.j.r.ClassPreparationMethodBuilder clPrepBuilder: Inner Class detected. Reject building class initialisation methods. 
7657       DEBUG main            d.u.i.k.p.i.AbstractProblemLoader Init config took 6.91s 
7781       INFO  main            d.u.i.k.p.i.AbstractProblemLoader Replaying proof ConditionalConfidentialExample[ConditionalConfidentialExample::hasAccessRight(ConditionalConfidentialExample.User)].JML normal_behavior operation contract.0 
7814       DEBUG main            d.u.i.k.p.i.IntermediateProofReplayer Proof replay took 271.3ns 
10264      INFO  main            d.u.i.k.p.r.p.TestFile    ... finished proof: closed. 
10406      INFO  main            d.u.i.k.p.r.p.TestFile    Now processing file /home/runner/work/key/key/key.core/../key.ui/examples/InformationFlow/ConditionalConfidential/CCExample(CCExample__getConfidentialData(CCExample.User)).JML normal_behavior operation contract.0.key 
10407      INFO  main            d.u.i.k.p.i.AbstractProblemLoader Loading environment from /home/runner/work/key/key/key.core/../key.ui/examples/InformationFlow/ConditionalConfidential/CCExample(CCExample__getConfidentialData(CCExample.User)).JML normal_behavior operation contract.0.key 
10407      DEBUG main            d.u.i.k.p.i.AbstractProblemLoader Environment load took 85ns 
10408      INFO  main            d.u.i.k.p.i.AbstractProblemLoader Creating init config 
11289      DEBUG main            d.u.i.k.j.r.ClassPreparationMethodBuilder clPrepBuilder: Inner Class detected. Reject building class initialisation methods. 
13069      DEBUG main            d.u.i.k.p.i.AbstractProblemLoader Init config took 2.66s 
13136      INFO  main            d.u.i.k.p.i.AbstractProblemLoader Replaying proof ConditionalConfidentialExample[ConditionalConfidentialExample::getConfidentialData(ConditionalConfidentialExample.User)].JML normal_behavior operation contract.0 
13141      DEBUG main            d.u.i.k.p.i.IntermediateProofReplayer Proof replay took 12ns 
13645      INFO  main            d.u.i.k.p.r.p.TestFile    ... finished proof: closed. 
38545      INFO  Test worker     d.u.i.k.p.r.RunAllProofsTestUnit Returning from test ConditionalConfidential 
38547      INFO  Test worker     d.u.i.k.p.r.RunAllProofsTestUnit Running test SumExample 
336        INFO  Timeout watchdog d.u.i.k.p.r.p.ForkedTestFileRunner Timeout watcher launched (1000 secs.) 
349        WARN  main            d.u.i.k.s.ProofSettings   The settings in /home/runner/.key/proof-settings.props are *not* read. 
372        INFO  main            d.u.i.k.p.r.p.TestFile    Now processing file /home/runner/work/key/key/key.core/../key.ui/examples/InformationFlow/Sum/SumExample(SumExample__getSum()).JML normal_behavior operation contract.0.key 
473        INFO  main            d.u.i.k.p.i.AbstractProblemLoader Loading environment from /home/runner/work/key/key/key.core/../key.ui/examples/InformationFlow/Sum/SumExample(SumExample__getSum()).JML normal_behavior operation contract.0.key 
510        DEBUG main            d.u.i.k.p.i.AbstractProblemLoader Environment load took 1.84ms 
743        INFO  main            d.u.i.k.p.i.AbstractProblemLoader Creating init config 
1714       DEBUG main            d.u.i.k.j.TypeConverter   No LDT found for Meta 
1715       DEBUG main            d.u.i.k.j.TypeConverter   No LDT found for Meta 
1718       DEBUG main            d.u.i.k.j.TypeConverter   No LDT found for Meta 
1719       DEBUG main            d.u.i.k.j.TypeConverter   No LDT found for Meta 
3034       DEBUG main            d.u.i.k.j.TypeConverter   No LDT found for JavaBigintExpression 
7843       DEBUG main            d.u.i.k.p.i.AbstractProblemLoader Init config took 7.1s 
8014       INFO  main            d.u.i.k.p.i.AbstractProblemLoader Replaying proof SumExample[SumExample::getSum()].JML normal_behavior operation contract.0 
8050       DEBUG main            d.u.i.k.p.i.IntermediateProofReplayer Proof replay took 299.5ns 
9185       INFO  main            d.u.i.k.p.r.p.TestFile    ... finished proof: closed. 
48072      INFO  Test worker     d.u.i.k.p.r.RunAllProofsTestUnit Returning from test SumExample 
48073      INFO  Test worker     d.u.i.k.p.r.RunAllProofsTestUnit Running test ToyBanking 
313        INFO  Timeout watchdog d.u.i.k.p.r.p.ForkedTestFileRunner Timeout watcher launched (1000 secs.) 
324        WARN  main            d.u.i.k.s.ProofSettings   The settings in /home/runner/.key/proof-settings.props are *not* read. 
362        INFO  main            d.u.i.k.p.r.p.TestFile    Now processing file /home/runner/work/key/key/key.core/../key.ui/examples/InformationFlow/ToyBanking/banking_example.UserAccount(banking_example.UserAccount__getBankAccount(int)).JML normal_behavior operation contract.0.key 
461        INFO  main            d.u.i.k.p.i.AbstractProblemLoader Loading environment from /home/runner/work/key/key/key.core/../key.ui/examples/InformationFlow/ToyBanking/banking_example.UserAccount(banking_example.UserAccount__getBankAccount(int)).JML normal_behavior operation contract.0.key 
482        DEBUG main            d.u.i.k.p.i.AbstractProblemLoader Environment load took 1.77ms 
688        INFO  main            d.u.i.k.p.i.AbstractProblemLoader Creating init config 
1681       DEBUG main            d.u.i.k.j.TypeConverter   No LDT found for Meta 
1682       DEBUG main            d.u.i.k.j.TypeConverter   No LDT found for Meta 
1685       DEBUG main            d.u.i.k.j.TypeConverter   No LDT found for Meta 
1685       DEBUG main            d.u.i.k.j.TypeConverter   No LDT found for Meta 
3079       DEBUG main            d.u.i.k.j.TypeConverter   No LDT found for JavaBigintExpression 
8532       DEBUG main            d.u.i.k.p.i.AbstractProblemLoader Init config took 7.84s 
8735       INFO  main            d.u.i.k.p.i.AbstractProblemLoader Replaying proof banking_example.UserAccount[banking_example.UserAccount::getBankAccount(int)].JML normal_behavior operation contract.0 
8773       DEBUG main            d.u.i.k.p.i.IntermediateProofReplayer Proof replay took 330.5ns 
10036      INFO  main            d.u.i.k.p.r.p.TestFile    ... finished proof: closed. 
10191      INFO  main            d.u.i.k.p.r.p.TestFile    Now processing file /home/runner/work/key/key/key.core/../key.ui/examples/InformationFlow/ToyBanking/banking_example.UserAccount(banking_example.UserAccount__tryLogin(int,(C)).JML normal_behavior operation contract.0.key 
10191      INFO  main            d.u.i.k.p.i.AbstractProblemLoader Loading environment from /home/runner/work/key/key/key.core/../key.ui/examples/InformationFlow/ToyBanking/banking_example.UserAccount(banking_example.UserAccount__tryLogin(int,(C)).JML normal_behavior operation contract.0.key 
10191      DEBUG main            d.u.i.k.p.i.AbstractProblemLoader Environment load took 82.7ns 
10193      INFO  main            d.u.i.k.p.i.AbstractProblemLoader Creating init config 
13084      DEBUG main            d.u.i.k.p.i.AbstractProblemLoader Init config took 2.89s 
13176      INFO  main            d.u.i.k.p.i.AbstractProblemLoader Replaying proof banking_example.UserAccount[banking_example.UserAccount::tryLogin(int,[C)].JML normal_behavior operation contract.0 
13184      DEBUG main            d.u.i.k.p.i.IntermediateProofReplayer Proof replay took 10.6ns 
32230      INFO  main            d.u.i.k.p.r.p.TestFile    ... finished proof: closed. 
32467      INFO  main            d.u.i.k.p.r.p.TestFile    Now processing file /home/runner/work/key/key/key.core/../key.ui/examples/InformationFlow/ToyBanking/banking_example.UserAccount(java.lang.Object___inv_()).JML accessible clause.0.key 
32467      INFO  main            d.u.i.k.p.i.AbstractProblemLoader Loading environment from /home/runner/work/key/key/key.core/../key.ui/examples/InformationFlow/ToyBanking/banking_example.UserAccount(java.lang.Object___inv_()).JML accessible clause.0.key 
32467      DEBUG main            d.u.i.k.p.i.AbstractProblemLoader Environment load took 75.5ns 
32468      INFO  main            d.u.i.k.p.i.AbstractProblemLoader Creating init config 
35257      DEBUG main            d.u.i.k.p.i.AbstractProblemLoader Init config took 2.79s 
35342      INFO  main            d.u.i.k.p.i.AbstractProblemLoader Replaying proof banking_example.UserAccount[java.lang.Object::<inv>()].JML accessible clause.0 
35345      DEBUG main            d.u.i.k.p.i.IntermediateProofReplayer Proof replay took 10.5ns 
38719      INFO  main            d.u.i.k.p.r.p.TestFile    ... finished proof: closed. 
38900      INFO  main            d.u.i.k.p.r.p.TestFile    Now processing file /home/runner/work/key/key/key.core/../key.ui/examples/InformationFlow/ToyBanking/banking_example.BankAccount(banking_example.BankAccount__depositMoney(int)).JML normal_behavior operation contract.0.key 
38900      INFO  main            d.u.i.k.p.i.AbstractProblemLoader Loading environment from /home/runner/work/key/key/key.core/../key.ui/examples/InformationFlow/ToyBanking/banking_example.BankAccount(banking_example.BankAccount__depositMoney(int)).JML normal_behavior operation contract.0.key 
38901      DEBUG main            d.u.i.k.p.i.AbstractProblemLoader Environment load took 65.1ns 
38902      INFO  main            d.u.i.k.p.i.AbstractProblemLoader Creating init config 
41640      DEBUG main            d.u.i.k.p.i.AbstractProblemLoader Init config took 2.74s 
41698      INFO  main            d.u.i.k.p.i.AbstractProblemLoader Replaying proof banking_example.BankAccount[banking_example.BankAccount::depositMoney(int)].JML normal_behavior operation contract.0 
41701      DEBUG main            d.u.i.k.p.i.IntermediateProofReplayer Proof replay took 10.3ns 
42007      INFO  main            d.u.i.k.p.r.p.TestFile    ... finished proof: closed. 
42141      INFO  main            d.u.i.k.p.r.p.TestFile    Now processing file /home/runner/work/key/key/key.core/../key.ui/examples/InformationFlow/ToyBanking/banking_example.BankAccount(banking_example.BankAccount__getBalance()).JML normal_behavior operation contract.0.key 
42142      INFO  main            d.u.i.k.p.i.AbstractProblemLoader Loading environment from /home/runner/work/key/key/key.core/../key.ui/examples/InformationFlow/ToyBanking/banking_example.BankAccount(banking_example.BankAccount__getBalance()).JML normal_behavior operation contract.0.key 
42142      DEBUG main            d.u.i.k.p.i.AbstractProblemLoader Environment load took 61.6ns 
42143      INFO  main            d.u.i.k.p.i.AbstractProblemLoader Creating init config 
44834      DEBUG main            d.u.i.k.p.i.AbstractProblemLoader Init config took 2.69s 
44904      INFO  main            d.u.i.k.p.i.AbstractProblemLoader Replaying proof banking_example.BankAccount[banking_example.BankAccount::getBalance()].JML normal_behavior operation contract.0 
44908      DEBUG main            d.u.i.k.p.i.IntermediateProofReplayer Proof replay took 11.5ns 
45010      INFO  main            d.u.i.k.p.r.p.TestFile    ... finished proof: closed. 
45132      INFO  main            d.u.i.k.p.r.p.TestFile    Now processing file /home/runner/work/key/key/key.core/../key.ui/examples/InformationFlow/ToyBanking/banking_example.BankAccount(banking_example.BankAccount__getId()).JML normal_behavior operation contract.0.key 
45132      INFO  main            d.u.i.k.p.i.AbstractProblemLoader Loading environment from /home/runner/work/key/key/key.core/../key.ui/examples/InformationFlow/ToyBanking/banking_example.BankAccount(banking_example.BankAccount__getId()).JML normal_behavior operation contract.0.key 
45132      DEBUG main            d.u.i.k.p.i.AbstractProblemLoader Environment load took 68.5ns 
45133      INFO  main            d.u.i.k.p.i.AbstractProblemLoader Creating init config 
47786      DEBUG main            d.u.i.k.p.i.AbstractProblemLoader Init config took 2.65s 
47840      INFO  main            d.u.i.k.p.i.AbstractProblemLoader Replaying proof banking_example.BankAccount[banking_example.BankAccount::getId()].JML normal_behavior operation contract.0 
47842      DEBUG main            d.u.i.k.p.i.IntermediateProofReplayer Proof replay took 10.3ns 
47950      INFO  main            d.u.i.k.p.r.p.TestFile    ... finished proof: closed. 
48080      INFO  main            d.u.i.k.p.r.p.TestFile    Now processing file /home/runner/work/key/key/key.core/../key.ui/examples/InformationFlow/ToyBanking/banking_example.Bank(banking_example.Bank__login(int,(C)).JML normal_behavior operation contract.0.key 
48080      INFO  main            d.u.i.k.p.i.AbstractProblemLoader Loading environment from /home/runner/work/key/key/key.core/../key.ui/examples/InformationFlow/ToyBanking/banking_example.Bank(banking_example.Bank__login(int,(C)).JML normal_behavior operation contract.0.key 
48080      DEBUG main            d.u.i.k.p.i.AbstractProblemLoader Environment load took 61.3ns 
48082      INFO  main            d.u.i.k.p.i.AbstractProblemLoader Creating init config 
50731      DEBUG main            d.u.i.k.p.i.AbstractProblemLoader Init config took 2.65s 
50801      INFO  main            d.u.i.k.p.i.AbstractProblemLoader Replaying proof banking_example.Bank[banking_example.Bank::login(int,[C)].JML normal_behavior operation contract.0 
50804      DEBUG main            d.u.i.k.p.i.IntermediateProofReplayer Proof replay took 11ns 
55852      INFO  main            d.u.i.k.p.r.p.TestFile    ... finished proof: closed. 
56020      INFO  main            d.u.i.k.p.r.p.TestFile    Now processing file /home/runner/work/key/key/key.core/../key.ui/examples/InformationFlow/ToyBanking/banking_example2.UserAccount(banking_example2.UserAccount__getBankAccount(int)).JML normal_behavior operation contract.0.key 
56021      INFO  main            d.u.i.k.p.i.AbstractProblemLoader Loading environment from /home/runner/work/key/key/key.core/../key.ui/examples/InformationFlow/ToyBanking/banking_example2.UserAccount(banking_example2.UserAccount__getBankAccount(int)).JML normal_behavior operation contract.0.key 
56022      DEBUG main            d.u.i.k.p.i.AbstractProblemLoader Environment load took 113.3ns 
56023      INFO  main            d.u.i.k.p.i.AbstractProblemLoader Creating init config 
58542      DEBUG main            d.u.i.k.p.i.AbstractProblemLoader Init config took 2.52s 
58617      INFO  main            d.u.i.k.p.i.AbstractProblemLoader Replaying proof banking_example2.UserAccount[banking_example2.UserAccount::getBankAccount(int)].JML normal_behavior operation contract.0 
58622      DEBUG main            d.u.i.k.p.i.IntermediateProofReplayer Proof replay took 13.5ns 
58927      INFO  main            d.u.i.k.p.r.p.TestFile    ... finished proof: closed. 
59118      INFO  main            d.u.i.k.p.r.p.TestFile    Now processing file /home/runner/work/key/key/key.core/../key.ui/examples/InformationFlow/ToyBanking/banking_example2.UserAccount(banking_example2.UserAccount__tryLogin(int,(C)).JML normal_behavior operation contract.0.key 
59118      INFO  main            d.u.i.k.p.i.AbstractProblemLoader Loading environment from /home/runner/work/key/key/key.core/../key.ui/examples/InformationFlow/ToyBanking/banking_example2.UserAccount(banking_example2.UserAccount__tryLogin(int,(C)).JML normal_behavior operation contract.0.key 
59118      DEBUG main            d.u.i.k.p.i.AbstractProblemLoader Environment load took 65.6ns 
59119      INFO  main            d.u.i.k.p.i.AbstractProblemLoader Creating init config 
61690      DEBUG main            d.u.i.k.p.i.AbstractProblemLoader Init config took 2.57s 
61745      INFO  main            d.u.i.k.p.i.AbstractProblemLoader Replaying proof banking_example2.UserAccount[banking_example2.UserAccount::tryLogin(int,[C)].JML normal_behavior operation contract.0 
61748      DEBUG main            d.u.i.k.p.i.IntermediateProofReplayer Proof replay took 11ns 
79485      INFO  main            d.u.i.k.p.r.p.TestFile    ... finished proof: closed. 
79714      INFO  main            d.u.i.k.p.r.p.TestFile    Now processing file /home/runner/work/key/key/key.core/../key.ui/examples/InformationFlow/ToyBanking/banking_example2.UserAccount(java.lang.Object___inv_()).JML accessible clause.0.key 
79715      INFO  main            d.u.i.k.p.i.AbstractProblemLoader Loading environment from /home/runner/work/key/key/key.core/../key.ui/examples/InformationFlow/ToyBanking/banking_example2.UserAccount(java.lang.Object___inv_()).JML accessible clause.0.key 
79715      DEBUG main            d.u.i.k.p.i.AbstractProblemLoader Environment load took 66.4ns 
79717      INFO  main            d.u.i.k.p.i.AbstractProblemLoader Creating init config 
82229      DEBUG main            d.u.i.k.p.i.AbstractProblemLoader Init config took 2.51s 
82284      INFO  main            d.u.i.k.p.i.AbstractProblemLoader Replaying proof banking_example2.UserAccount[java.lang.Object::<inv>()].JML accessible clause.0 
82286      DEBUG main            d.u.i.k.p.i.IntermediateProofReplayer Proof replay took 11.5ns 
86398      INFO  main            d.u.i.k.p.r.p.TestFile    ... finished proof: open goal(s) 
86579      INFO  main            d.u.i.k.p.r.p.TestFile    Now processing file /home/runner/work/key/key/key.core/../key.ui/examples/InformationFlow/ToyBanking/banking_example2.BankAccount(banking_example2.BankAccount__depositMoney(int)).JML normal_behavior operation contract.0.key 
86579      INFO  main            d.u.i.k.p.i.AbstractProblemLoader Loading environment from /home/runner/work/key/key/key.core/../key.ui/examples/InformationFlow/ToyBanking/banking_example2.BankAccount(banking_example2.BankAccount__depositMoney(int)).JML normal_behavior operation contract.0.key 
86579      DEBUG main            d.u.i.k.p.i.AbstractProblemLoader Environment load took 98.4ns 
86580      INFO  main            d.u.i.k.p.i.AbstractProblemLoader Creating init config 
89112      DEBUG main            d.u.i.k.p.i.AbstractProblemLoader Init config took 2.53s 
89165      INFO  main            d.u.i.k.p.i.AbstractProblemLoader Replaying proof banking_example2.BankAccount[banking_example2.BankAccount::depositMoney(int)].JML normal_behavior operation contract.0 
89168      DEBUG main            d.u.i.k.p.i.IntermediateProofReplayer Proof replay took 12ns 
89471      INFO  main            d.u.i.k.p.r.p.TestFile    ... finished proof: closed. 
89638      INFO  main            d.u.i.k.p.r.p.TestFile    Now processing file /home/runner/work/key/key/key.core/../key.ui/examples/InformationFlow/ToyBanking/banking_example2.BankAccount(banking_example2.BankAccount__getBalance()).JML normal_behavior operation contract.0.key 
89639      INFO  main            d.u.i.k.p.i.AbstractProblemLoader Loading environment from /home/runner/work/key/key/key.core/../key.ui/examples/InformationFlow/ToyBanking/banking_example2.BankAccount(banking_example2.BankAccount__getBalance()).JML normal_behavior operation contract.0.key 
89639      DEBUG main            d.u.i.k.p.i.AbstractProblemLoader Environment load took 177.4ns 
89640      INFO  main            d.u.i.k.p.i.AbstractProblemLoader Creating init config 
92181      DEBUG main            d.u.i.k.p.i.AbstractProblemLoader Init config took 2.54s 
92226      INFO  main            d.u.i.k.p.i.AbstractProblemLoader Replaying proof banking_example2.BankAccount[banking_example2.BankAccount::getBalance()].JML normal_behavior operation contract.0 
92228      DEBUG main            d.u.i.k.p.i.IntermediateProofReplayer Proof replay took 10.6ns 
92330      INFO  main            d.u.i.k.p.r.p.TestFile    ... finished proof: closed. 
92479      INFO  main            d.u.i.k.p.r.p.TestFile    Now processing file /home/runner/work/key/key/key.core/../key.ui/examples/InformationFlow/ToyBanking/banking_example2.BankAccount(banking_example2.BankAccount__getId()).JML normal_behavior operation contract.0.key 
92479      INFO  main            d.u.i.k.p.i.AbstractProblemLoader Loading environment from /home/runner/work/key/key/key.core/../key.ui/examples/InformationFlow/ToyBanking/banking_example2.BankAccount(banking_example2.BankAccount__getId()).JML normal_behavior operation contract.0.key 
92480      DEBUG main            d.u.i.k.p.i.AbstractProblemLoader Environment load took 798.7ns 
92481      INFO  main            d.u.i.k.p.i.AbstractProblemLoader Creating init config 
94988      DEBUG main            d.u.i.k.p.i.AbstractProblemLoader Init config took 2.51s 
95035      INFO  main            d.u.i.k.p.i.AbstractProblemLoader Replaying proof banking_example2.BankAccount[banking_example2.BankAccount::getId()].JML normal_behavior operation contract.0 
95038      DEBUG main            d.u.i.k.p.i.IntermediateProofReplayer Proof replay took 12.2ns 
95142      INFO  main            d.u.i.k.p.r.p.TestFile    ... finished proof: closed. 
95287      INFO  main            d.u.i.k.p.r.p.TestFile    Now processing file /home/runner/work/key/key/key.core/../key.ui/examples/InformationFlow/ToyBanking/banking_example2.Bank(banking_example2.Bank__login(int,(C)).JML normal_behavior operation contract.0.key 
95288      INFO  main            d.u.i.k.p.i.AbstractProblemLoader Loading environment from /home/runner/work/key/key/key.core/../key.ui/examples/InformationFlow/ToyBanking/banking_example2.Bank(banking_example2.Bank__login(int,(C)).JML normal_behavior operation contract.0.key 
95288      DEBUG main            d.u.i.k.p.i.AbstractProblemLoader Environment load took 57.3ns 
95289      INFO  main            d.u.i.k.p.i.AbstractProblemLoader Creating init config 
97787      DEBUG main            d.u.i.k.p.i.AbstractProblemLoader Init config took 2.5s 
97832      INFO  main            d.u.i.k.p.i.AbstractProblemLoader Replaying proof banking_example2.Bank[banking_example2.Bank::login(int,[C)].JML normal_behavior operation contract.0 
97834      DEBUG main            d.u.i.k.p.i.IntermediateProofReplayer Proof replay took 11.9ns 
101183     INFO  main            d.u.i.k.p.r.p.TestFile    ... finished proof: closed. 
149612     INFO  Test worker     d.u.i.k.p.r.RunAllProofsTestUnit Returning from test ToyBanking 
149615     INFO  Test worker     d.u.i.k.p.r.RunAllProofsTestUnit Running test BlockContracts 
344        INFO  Timeout watchdog d.u.i.k.p.r.p.ForkedTestFileRunner Timeout watcher launched (1000 secs.) 
344        WARN  main            d.u.i.k.s.ProofSettings   The settings in /home/runner/.key/proof-settings.props are *not* read. 
384        INFO  main            d.u.i.k.p.r.p.TestFile    Now processing file /home/runner/work/key/key/key.core/../key.ui/examples/InformationFlow/BlockContracts/contract.IFBlockExamples(contract.IFBlockExamples__secure_5()).JML operation contract.0.key 
513        INFO  main            d.u.i.k.p.i.AbstractProblemLoader Loading environment from /home/runner/work/key/key/key.core/../key.ui/examples/InformationFlow/BlockContracts/contract.IFBlockExamples(contract.IFBlockExamples__secure_5()).JML operation contract.0.key 
540        DEBUG main            d.u.i.k.p.i.AbstractProblemLoader Environment load took 1.77ms 
753        INFO  main            d.u.i.k.p.i.AbstractProblemLoader Creating init config 
1679       DEBUG main            d.u.i.k.j.TypeConverter   No LDT found for Meta 
1679       DEBUG main            d.u.i.k.j.TypeConverter   No LDT found for Meta 
1682       DEBUG main            d.u.i.k.j.TypeConverter   No LDT found for Meta 
1682       DEBUG main            d.u.i.k.j.TypeConverter   No LDT found for Meta 
3372       DEBUG main            d.u.i.k.j.TypeConverter   No LDT found for JavaBigintExpression 
8878       DEBUG main            d.u.i.k.p.i.AbstractProblemLoader Init config took 8.12s 
9086       INFO  main            d.u.i.k.p.i.AbstractProblemLoader Replaying proof contract.IFBlockExamples[contract.IFBlockExamples::secure_5()].JML operation contract.0 
9154       DEBUG main            d.u.i.k.p.i.IntermediateProofReplayer Proof replay took 318.5ns 
9898       INFO  main            d.u.i.k.p.r.p.TestFile    ... finished proof: closed. 
10005      INFO  main            d.u.i.k.p.r.p.TestFile    Now processing file /home/runner/work/key/key/key.core/../key.ui/examples/InformationFlow/BlockContracts/contract.IFBlockExamples(contract.IFBlockExamples__block_no_return_secure(int)).JML operation contract.0.key 
10006      INFO  main            d.u.i.k.p.i.AbstractProblemLoader Loading environment from /home/runner/work/key/key/key.core/../key.ui/examples/InformationFlow/BlockContracts/contract.IFBlockExamples(contract.IFBlockExamples__block_no_return_secure(int)).JML operation contract.0.key 
10006      DEBUG main            d.u.i.k.p.i.AbstractProblemLoader Environment load took 496.6ns 
10009      INFO  main            d.u.i.k.p.i.AbstractProblemLoader Creating init config 
13017      DEBUG main            d.u.i.k.p.i.AbstractProblemLoader Init config took 3.01s 
13096      INFO  main            d.u.i.k.p.i.AbstractProblemLoader Replaying proof contract.IFBlockExamples[contract.IFBlockExamples::block_no_return_secure(int)].JML operation contract.0 
13099      DEBUG main            d.u.i.k.p.i.IntermediateProofReplayer Proof replay took 11.8ns 
13303      INFO  main            d.u.i.k.p.r.p.TestFile    ... finished proof: closed. 
13419      INFO  main            d.u.i.k.p.r.p.TestFile    Now processing file /home/runner/work/key/key/key.core/../key.ui/examples/InformationFlow/BlockContracts/contract.IFBlockExamples(contract.IFBlockExamples__while_block_insecure(int)).JML operation contract.0.key 
13419      INFO  main            d.u.i.k.p.i.AbstractProblemLoader Loading environment from /home/runner/work/key/key/key.core/../key.ui/examples/InformationFlow/BlockContracts/contract.IFBlockExamples(contract.IFBlockExamples__while_block_insecure(int)).JML operation contract.0.key 
13420      DEBUG main            d.u.i.k.p.i.AbstractProblemLoader Environment load took 780.6ns 
13421      INFO  main            d.u.i.k.p.i.AbstractProblemLoader Creating init config 
16356      DEBUG main            d.u.i.k.p.i.AbstractProblemLoader Init config took 2.93s 
16415      INFO  main            d.u.i.k.p.i.AbstractProblemLoader Replaying proof contract.IFBlockExamples[contract.IFBlockExamples::while_block_insecure(int)].JML operation contract.0 
16418      DEBUG main            d.u.i.k.p.i.IntermediateProofReplayer Proof replay took 11.3ns 
16721      INFO  main            d.u.i.k.p.r.p.TestFile    ... finished proof: closed. 
16846      INFO  main            d.u.i.k.p.r.p.TestFile    Now processing file /home/runner/work/key/key/key.core/../key.ui/examples/InformationFlow/BlockContracts/contract.IFBlockExamples(contract.IFBlockExamples__while_block_secure(int)).JML operation contract.0.key 
16846      INFO  main            d.u.i.k.p.i.AbstractProblemLoader Loading environment from /home/runner/work/key/key/key.core/../key.ui/examples/InformationFlow/BlockContracts/contract.IFBlockExamples(contract.IFBlockExamples__while_block_secure(int)).JML operation contract.0.key 
16846      DEBUG main            d.u.i.k.p.i.AbstractProblemLoader Environment load took 67.7ns 
16847      INFO  main            d.u.i.k.p.i.AbstractProblemLoader Creating init config 
19583      DEBUG main            d.u.i.k.p.i.AbstractProblemLoader Init config took 2.74s 
19659      INFO  main            d.u.i.k.p.i.AbstractProblemLoader Replaying proof contract.IFBlockExamples[contract.IFBlockExamples::while_block_secure(int)].JML operation contract.0 
19667      DEBUG main            d.u.i.k.p.i.IntermediateProofReplayer Proof replay took 10.8ns 
19970      INFO  main            d.u.i.k.p.r.p.TestFile    ... finished proof: closed. 
20129      INFO  main            d.u.i.k.p.r.p.TestFile    Now processing file /home/runner/work/key/key/key.core/../key.ui/examples/InformationFlow/BlockContracts/contract.IFBlockExamples(contract.IFBlockExamples__block_while_secure(int)).JML operation contract.0.key 
20129      INFO  main            d.u.i.k.p.i.AbstractProblemLoader Loading environment from /home/runner/work/key/key/key.core/../key.ui/examples/InformationFlow/BlockContracts/contract.IFBlockExamples(contract.IFBlockExamples__block_while_secure(int)).JML operation contract.0.key 
20130      DEBUG main            d.u.i.k.p.i.AbstractProblemLoader Environment load took 68.1ns 
20131      INFO  main            d.u.i.k.p.i.AbstractProblemLoader Creating init config 
22912      DEBUG main            d.u.i.k.p.i.AbstractProblemLoader Init config took 2.78s 
22969      INFO  main            d.u.i.k.p.i.AbstractProblemLoader Replaying proof contract.IFBlockExamples[contract.IFBlockExamples::block_while_secure(int)].JML operation contract.0 
22974      DEBUG main            d.u.i.k.p.i.IntermediateProofReplayer Proof replay took 12.6ns 
23377      INFO  main            d.u.i.k.p.r.p.TestFile    ... finished proof: closed. 
23502      INFO  main            d.u.i.k.p.r.p.TestFile    Now processing file /home/runner/work/key/key/key.core/../key.ui/examples/InformationFlow/BlockContracts/contract.IFBlockExamples(contract.IFBlockExamples__insecure_4(int)).JML operation contract.0.key 
23504      INFO  main            d.u.i.k.p.i.AbstractProblemLoader Loading environment from /home/runner/work/key/key/key.core/../key.ui/examples/InformationFlow/BlockContracts/contract.IFBlockExamples(contract.IFBlockExamples__insecure_4(int)).JML operation contract.0.key 
23504      DEBUG main            d.u.i.k.p.i.AbstractProblemLoader Environment load took 127.4ns 
23510      INFO  main            d.u.i.k.p.i.AbstractProblemLoader Creating init config 
26228      DEBUG main            d.u.i.k.p.i.AbstractProblemLoader Init config took 2.72s 
26293      INFO  main            d.u.i.k.p.i.AbstractProblemLoader Replaying proof contract.IFBlockExamples[contract.IFBlockExamples::insecure_4(int)].JML operation contract.0 
26296      DEBUG main            d.u.i.k.p.i.IntermediateProofReplayer Proof replay took 14.3ns 
26699      INFO  main            d.u.i.k.p.r.p.TestFile    ... finished proof: closed. 
26879      INFO  main            d.u.i.k.p.r.p.TestFile    Now processing file /home/runner/work/key/key/key.core/../key.ui/examples/InformationFlow/BlockContracts/contract.IFBlockExamples(contract.IFBlockExamples__insecure_3(int)).JML operation contract.0.key 
26879      INFO  main            d.u.i.k.p.i.AbstractProblemLoader Loading environment from /home/runner/work/key/key/key.core/../key.ui/examples/InformationFlow/BlockContracts/contract.IFBlockExamples(contract.IFBlockExamples__insecure_3(int)).JML operation contract.0.key 
26879      DEBUG main            d.u.i.k.p.i.AbstractProblemLoader Environment load took 67.9ns 
26881      INFO  main            d.u.i.k.p.i.AbstractProblemLoader Creating init config 
29612      DEBUG main            d.u.i.k.p.i.AbstractProblemLoader Init config took 2.73s 
29657      INFO  main            d.u.i.k.p.i.AbstractProblemLoader Replaying proof contract.IFBlockExamples[contract.IFBlockExamples::insecure_3(int)].JML operation contract.0 
29660      DEBUG main            d.u.i.k.p.i.IntermediateProofReplayer Proof replay took 12.2ns 
29998      INFO  main            d.u.i.k.p.r.p.TestFile    ... finished proof: closed. 
30171      INFO  main            d.u.i.k.p.r.p.TestFile    Now processing file /home/runner/work/key/key/key.core/../key.ui/examples/InformationFlow/BlockContracts/contract.IFBlockExamples(contract.IFBlockExamples__secure_3(int)).JML operation contract.0.key 
30172      INFO  main            d.u.i.k.p.i.AbstractProblemLoader Loading environment from /home/runner/work/key/key/key.core/../key.ui/examples/InformationFlow/BlockContracts/contract.IFBlockExamples(contract.IFBlockExamples__secure_3(int)).JML operation contract.0.key 
30172      DEBUG main            d.u.i.k.p.i.AbstractProblemLoader Environment load took 64.4ns 
30174      INFO  main            d.u.i.k.p.i.AbstractProblemLoader Creating init config 
32943      DEBUG main            d.u.i.k.p.i.AbstractProblemLoader Init config took 2.77s 
32987      INFO  main            d.u.i.k.p.i.AbstractProblemLoader Replaying proof contract.IFBlockExamples[contract.IFBlockExamples::secure_3(int)].JML operation contract.0 
32990      DEBUG main            d.u.i.k.p.i.IntermediateProofReplayer Proof replay took 11.5ns 
33293      INFO  main            d.u.i.k.p.r.p.TestFile    ... finished proof: closed. 
33457      INFO  main            d.u.i.k.p.r.p.TestFile    Now processing file /home/runner/work/key/key/key.core/../key.ui/examples/InformationFlow/BlockContracts/contract.IFBlockExamples(contract.IFBlockExamples__secure_2(int)).JML operation contract.0.key 
33457      INFO  main            d.u.i.k.p.i.AbstractProblemLoader Loading environment from /home/runner/work/key/key/key.core/../key.ui/examples/InformationFlow/BlockContracts/contract.IFBlockExamples(contract.IFBlockExamples__secure_2(int)).JML operation contract.0.key 
33457      DEBUG main            d.u.i.k.p.i.AbstractProblemLoader Environment load took 65.3ns 
33458      INFO  main            d.u.i.k.p.i.AbstractProblemLoader Creating init config 
36166      DEBUG main            d.u.i.k.p.i.AbstractProblemLoader Init config took 2.71s 
36228      INFO  main            d.u.i.k.p.i.AbstractProblemLoader Replaying proof contract.IFBlockExamples[contract.IFBlockExamples::secure_2(int)].JML operation contract.0 
36231      DEBUG main            d.u.i.k.p.i.IntermediateProofReplayer Proof replay took 11.7ns 
36538      INFO  main            d.u.i.k.p.r.p.TestFile    ... finished proof: closed. 
36704      INFO  main            d.u.i.k.p.r.p.TestFile    Now processing file /home/runner/work/key/key/key.core/../key.ui/examples/InformationFlow/BlockContracts/contract.IFBlockExamples(contract.IFBlockExamples__secure_8(int)).JML operation contract.0.key 
36704      INFO  main            d.u.i.k.p.i.AbstractProblemLoader Loading environment from /home/runner/work/key/key/key.core/../key.ui/examples/InformationFlow/BlockContracts/contract.IFBlockExamples(contract.IFBlockExamples__secure_8(int)).JML operation contract.0.key 
36704      DEBUG main            d.u.i.k.p.i.AbstractProblemLoader Environment load took 72.1ns 
36705      INFO  main            d.u.i.k.p.i.AbstractProblemLoader Creating init config 
39374      DEBUG main            d.u.i.k.p.i.AbstractProblemLoader Init config took 2.67s 
39417      INFO  main            d.u.i.k.p.i.AbstractProblemLoader Replaying proof contract.IFBlockExamples[contract.IFBlockExamples::secure_8(int)].JML operation contract.0 
39424      DEBUG main            d.u.i.k.p.i.IntermediateProofReplayer Proof replay took 12ns 
39630      INFO  main            d.u.i.k.p.r.p.TestFile    ... finished proof: closed. 
39777      INFO  main            d.u.i.k.p.r.p.TestFile    Now processing file /home/runner/work/key/key/key.core/../key.ui/examples/InformationFlow/BlockContracts/contract.IFBlockExamples(contract.IFBlockExamples__secure_7(int)).JML operation contract.0.key 
39778      INFO  main            d.u.i.k.p.i.AbstractProblemLoader Loading environment from /home/runner/work/key/key/key.core/../key.ui/examples/InformationFlow/BlockContracts/contract.IFBlockExamples(contract.IFBlockExamples__secure_7(int)).JML operation contract.0.key 
39778      DEBUG main            d.u.i.k.p.i.AbstractProblemLoader Environment load took 102.4ns 
39779      INFO  main            d.u.i.k.p.i.AbstractProblemLoader Creating init config 
42455      DEBUG main            d.u.i.k.p.i.AbstractProblemLoader Init config took 2.68s 
42501      INFO  main            d.u.i.k.p.i.AbstractProblemLoader Replaying proof contract.IFBlockExamples[contract.IFBlockExamples::secure_7(int)].JML operation contract.0 
42503      DEBUG main            d.u.i.k.p.i.IntermediateProofReplayer Proof replay took 12.2ns 
42705      INFO  main            d.u.i.k.p.r.p.TestFile    ... finished proof: closed. 
42850      INFO  main            d.u.i.k.p.r.p.TestFile    Now processing file /home/runner/work/key/key/key.core/../key.ui/examples/InformationFlow/BlockContracts/contract.IFBlockExamples(contract.IFBlockExamples__secure_6(int)).JML operation contract.0.key 
42850      INFO  main            d.u.i.k.p.i.AbstractProblemLoader Loading environment from /home/runner/work/key/key/key.core/../key.ui/examples/InformationFlow/BlockContracts/contract.IFBlockExamples(contract.IFBlockExamples__secure_6(int)).JML operation contract.0.key 
42850      DEBUG main            d.u.i.k.p.i.AbstractProblemLoader Environment load took 57.9ns 
42852      INFO  main            d.u.i.k.p.i.AbstractProblemLoader Creating init config 
45547      DEBUG main            d.u.i.k.p.i.AbstractProblemLoader Init config took 2.7s 
45588      INFO  main            d.u.i.k.p.i.AbstractProblemLoader Replaying proof contract.IFBlockExamples[contract.IFBlockExamples::secure_6(int)].JML operation contract.0 
45590      DEBUG main            d.u.i.k.p.i.IntermediateProofReplayer Proof replay took 10.5ns 
45800      INFO  main            d.u.i.k.p.r.p.TestFile    ... finished proof: closed. 
45952      INFO  main            d.u.i.k.p.r.p.TestFile    Now processing file /home/runner/work/key/key/key.core/../key.ui/examples/InformationFlow/BlockContracts/contract.IFBlockExamples(contract.IFBlockExamples__insecure_1(int)).JML operation contract.0.key 
45953      INFO  main            d.u.i.k.p.i.AbstractProblemLoader Loading environment from /home/runner/work/key/key/key.core/../key.ui/examples/InformationFlow/BlockContracts/contract.IFBlockExamples(contract.IFBlockExamples__insecure_1(int)).JML operation contract.0.key 
45953      DEBUG main            d.u.i.k.p.i.AbstractProblemLoader Environment load took 113.5ns 
45954      INFO  main            d.u.i.k.p.i.AbstractProblemLoader Creating init config 
48605      DEBUG main            d.u.i.k.p.i.AbstractProblemLoader Init config took 2.65s 
48647      INFO  main            d.u.i.k.p.i.AbstractProblemLoader Replaying proof contract.IFBlockExamples[contract.IFBlockExamples::insecure_1(int)].JML operation contract.0 
48652      DEBUG main            d.u.i.k.p.i.IntermediateProofReplayer Proof replay took 13.1ns 
48854      INFO  main            d.u.i.k.p.r.p.TestFile    ... finished proof: closed. 
48997      INFO  main            d.u.i.k.p.r.p.TestFile    Now processing file /home/runner/work/key/key/key.core/../key.ui/examples/InformationFlow/BlockContracts/contract.IFBlockExamples(contract.IFBlockExamples__secure_4(int)).JML operation contract.0.key 
48997      INFO  main            d.u.i.k.p.i.AbstractProblemLoader Loading environment from /home/runner/work/key/key/key.core/../key.ui/examples/InformationFlow/BlockContracts/contract.IFBlockExamples(contract.IFBlockExamples__secure_4(int)).JML operation contract.0.key 
48997      DEBUG main            d.u.i.k.p.i.AbstractProblemLoader Environment load took 60.2ns 
48998      INFO  main            d.u.i.k.p.i.AbstractProblemLoader Creating init config 
51619      DEBUG main            d.u.i.k.p.i.AbstractProblemLoader Init config took 2.62s 
51659      INFO  main            d.u.i.k.p.i.AbstractProblemLoader Replaying proof contract.IFBlockExamples[contract.IFBlockExamples::secure_4(int)].JML operation contract.0 
51661      DEBUG main            d.u.i.k.p.i.IntermediateProofReplayer Proof replay took 11.4ns 
51863      INFO  main            d.u.i.k.p.r.p.TestFile    ... finished proof: closed. 
52010      INFO  main            d.u.i.k.p.r.p.TestFile    Now processing file /home/runner/work/key/key/key.core/../key.ui/examples/InformationFlow/BlockContracts/contract.IFBlockExamples(contract.IFBlockExamples__secure_1(int)).JML operation contract.0.key 
52010      INFO  main            d.u.i.k.p.i.AbstractProblemLoader Loading environment from /home/runner/work/key/key/key.core/../key.ui/examples/InformationFlow/BlockContracts/contract.IFBlockExamples(contract.IFBlockExamples__secure_1(int)).JML operation contract.0.key 
52011      DEBUG main            d.u.i.k.p.i.AbstractProblemLoader Environment load took 57.4ns 
52011      INFO  main            d.u.i.k.p.i.AbstractProblemLoader Creating init config 
54646      DEBUG main            d.u.i.k.p.i.AbstractProblemLoader Init config took 2.63s 
54684      INFO  main            d.u.i.k.p.i.AbstractProblemLoader Replaying proof contract.IFBlockExamples[contract.IFBlockExamples::secure_1(int)].JML operation contract.0 
54687      DEBUG main            d.u.i.k.p.i.IntermediateProofReplayer Proof replay took 13.4ns 
54889      INFO  main            d.u.i.k.p.r.p.TestFile    ... finished proof: closed. 
55046      INFO  main            d.u.i.k.p.r.p.TestFile    Now processing file /home/runner/work/key/key/key.core/../key.ui/examples/InformationFlow/BlockContracts/contract.IFEfficiencyExamples(contract.IFEfficiencyExamples__mWithoutBlockContract()).JML operation contract.0.key 
55046      INFO  main            d.u.i.k.p.i.AbstractProblemLoader Loading environment from /home/runner/work/key/key/key.core/../key.ui/examples/InformationFlow/BlockContracts/contract.IFEfficiencyExamples(contract.IFEfficiencyExamples__mWithoutBlockContract()).JML operation contract.0.key 
55046      DEBUG main            d.u.i.k.p.i.AbstractProblemLoader Environment load took 72.9ns 
55047      INFO  main            d.u.i.k.p.i.AbstractProblemLoader Creating init config 
57681      DEBUG main            d.u.i.k.p.i.AbstractProblemLoader Init config took 2.63s 
57719      INFO  main            d.u.i.k.p.i.AbstractProblemLoader Replaying proof contract.IFEfficiencyExamples[contract.IFEfficiencyExamples::mWithoutBlockContract()].JML operation contract.0 
57721      DEBUG main            d.u.i.k.p.i.IntermediateProofReplayer Proof replay took 12.1ns 
58327      INFO  main            d.u.i.k.p.r.p.TestFile    ... finished proof: closed. 
58514      INFO  main            d.u.i.k.p.r.p.TestFile    Now processing file /home/runner/work/key/key/key.core/../key.ui/examples/InformationFlow/BlockContracts/contract.IFEfficiencyExamples(contract.IFEfficiencyExamples__mWithBlockContract()).JML operation contract.0.key 
58514      INFO  main            d.u.i.k.p.i.AbstractProblemLoader Loading environment from /home/runner/work/key/key/key.core/../key.ui/examples/InformationFlow/BlockContracts/contract.IFEfficiencyExamples(contract.IFEfficiencyExamples__mWithBlockContract()).JML operation contract.0.key 
58514      DEBUG main            d.u.i.k.p.i.AbstractProblemLoader Environment load took 57.3ns 
58515      INFO  main            d.u.i.k.p.i.AbstractProblemLoader Creating init config 
61134      DEBUG main            d.u.i.k.p.i.AbstractProblemLoader Init config took 2.62s 
61174      INFO  main            d.u.i.k.p.i.AbstractProblemLoader Replaying proof contract.IFEfficiencyExamples[contract.IFEfficiencyExamples::mWithBlockContract()].JML operation contract.0 
61176      DEBUG main            d.u.i.k.p.i.IntermediateProofReplayer Proof replay took 12.3ns 
61583      INFO  main            d.u.i.k.p.r.p.TestFile    ... finished proof: closed. 
211534     INFO  Test worker     d.u.i.k.p.r.RunAllProofsTestUnit Returning from test BlockContracts 
211535     INFO  Test worker     d.u.i.k.p.r.RunAllProofsTestUnit Running test MethodContracts 
332        INFO  Timeout watchdog d.u.i.k.p.r.p.ForkedTestFileRunner Timeout watcher launched (1000 secs.) 
340        WARN  main            d.u.i.k.s.ProofSettings   The settings in /home/runner/.key/proof-settings.props are *not* read. 
379        INFO  main            d.u.i.k.p.r.p.TestFile    Now processing file /home/runner/work/key/key/key.core/../key.ui/examples/InformationFlow/MethodContracts/contract.IFMethodContract(contract.IFMethodContract__secure_recursion_2((I,int)).JML normal_behavior operation contract.0.key 
543        INFO  main            d.u.i.k.p.i.AbstractProblemLoader Loading environment from /home/runner/work/key/key/key.core/../key.ui/examples/InformationFlow/MethodContracts/contract.IFMethodContract(contract.IFMethodContract__secure_recursion_2((I,int)).JML normal_behavior operation contract.0.key 
562        DEBUG main            d.u.i.k.p.i.AbstractProblemLoader Environment load took 2.63ms 
781        INFO  main            d.u.i.k.p.i.AbstractProblemLoader Creating init config 
1647       DEBUG main            d.u.i.k.j.TypeConverter   No LDT found for Meta 
1647       DEBUG main            d.u.i.k.j.TypeConverter   No LDT found for Meta 
1648       DEBUG main            d.u.i.k.j.TypeConverter   No LDT found for Meta 
1649       DEBUG main            d.u.i.k.j.TypeConverter   No LDT found for Meta 
3064       DEBUG main            d.u.i.k.j.TypeConverter   No LDT found for JavaBigintExpression 
7833       DEBUG main            d.u.i.k.p.i.AbstractProblemLoader Init config took 7.05s 
8015       INFO  main            d.u.i.k.p.i.AbstractProblemLoader Replaying proof contract.IFMethodContract[contract.IFMethodContract::secure_recursion_2([I,int)].JML normal_behavior operation contract.0 
8050       DEBUG main            d.u.i.k.p.i.IntermediateProofReplayer Proof replay took 264ns 
9084       INFO  main            d.u.i.k.p.r.p.TestFile    ... finished proof: closed. 
9194       INFO  main            d.u.i.k.p.r.p.TestFile    Now processing file /home/runner/work/key/key/key.core/../key.ui/examples/InformationFlow/MethodContracts/contract.IFMethodContract(contract.IFMethodContract__secure_recursion(int)).JML normal_behavior operation contract.0.key 
9195       INFO  main            d.u.i.k.p.i.AbstractProblemLoader Loading environment from /home/runner/work/key/key/key.core/../key.ui/examples/InformationFlow/MethodContracts/contract.IFMethodContract(contract.IFMethodContract__secure_recursion(int)).JML normal_behavior operation contract.0.key 
9196       DEBUG main            d.u.i.k.p.i.AbstractProblemLoader Environment load took 1.62ms 
9200       INFO  main            d.u.i.k.p.i.AbstractProblemLoader Creating init config 
11908      DEBUG main            d.u.i.k.p.i.AbstractProblemLoader Init config took 2.71s 
11976      INFO  main            d.u.i.k.p.i.AbstractProblemLoader Replaying proof contract.IFMethodContract[contract.IFMethodContract::secure_recursion(int)].JML normal_behavior operation contract.0 
11979      DEBUG main            d.u.i.k.p.i.IntermediateProofReplayer Proof replay took 11.7ns 
12182      INFO  main            d.u.i.k.p.r.p.TestFile    ... finished proof: closed. 
12292      INFO  main            d.u.i.k.p.r.p.TestFile    Now processing file /home/runner/work/key/key/key.core/../key.ui/examples/InformationFlow/MethodContracts/contract.IFMethodContract(contract.IFMethodContract__secure_catch_exception()).JML operation contract.0.key 
12293      INFO  main            d.u.i.k.p.i.AbstractProblemLoader Loading environment from /home/runner/work/key/key/key.core/../key.ui/examples/InformationFlow/MethodContracts/contract.IFMethodContract(contract.IFMethodContract__secure_catch_exception()).JML operation contract.0.key 
12293      DEBUG main            d.u.i.k.p.i.AbstractProblemLoader Environment load took 87.4ns 
12296      INFO  main            d.u.i.k.p.i.AbstractProblemLoader Creating init config 
14865      DEBUG main            d.u.i.k.p.i.AbstractProblemLoader Init config took 2.57s 
14939      INFO  main            d.u.i.k.p.i.AbstractProblemLoader Replaying proof contract.IFMethodContract[contract.IFMethodContract::secure_catch_exception()].JML operation contract.0 
14945      DEBUG main            d.u.i.k.p.i.IntermediateProofReplayer Proof replay took 10.5ns 
15148      INFO  main            d.u.i.k.p.r.p.TestFile    ... finished proof: closed. 
15260      INFO  main            d.u.i.k.p.r.p.TestFile    Now processing file /home/runner/work/key/key/key.core/../key.ui/examples/InformationFlow/MethodContracts/contract.IFMethodContract(contract.IFMethodContract__n6()).JML normal_behavior operation contract.0.key 
15265      INFO  main            d.u.i.k.p.i.AbstractProblemLoader Loading environment from /home/runner/work/key/key/key.core/../key.ui/examples/InformationFlow/MethodContracts/contract.IFMethodContract(contract.IFMethodContract__n6()).JML normal_behavior operation contract.0.key 
15265      DEBUG main            d.u.i.k.p.i.AbstractProblemLoader Environment load took 122ns 
15266      INFO  main            d.u.i.k.p.i.AbstractProblemLoader Creating init config 
17748      DEBUG main            d.u.i.k.p.i.AbstractProblemLoader Init config took 2.48s 
17803      INFO  main            d.u.i.k.p.i.AbstractProblemLoader Replaying proof contract.IFMethodContract[contract.IFMethodContract::n6()].JML normal_behavior operation contract.0 
17807      DEBUG main            d.u.i.k.p.i.IntermediateProofReplayer Proof replay took 11ns 
17910      INFO  main            d.u.i.k.p.r.p.TestFile    ... finished proof: closed. 
18041      INFO  main            d.u.i.k.p.r.p.TestFile    Now processing file /home/runner/work/key/key/key.core/../key.ui/examples/InformationFlow/MethodContracts/contract.IFMethodContract(contract.IFMethodContract__secure_n6()).JML operation contract.0.key 
18044      INFO  main            d.u.i.k.p.i.AbstractProblemLoader Loading environment from /home/runner/work/key/key/key.core/../key.ui/examples/InformationFlow/MethodContracts/contract.IFMethodContract(contract.IFMethodContract__secure_n6()).JML operation contract.0.key 
18044      DEBUG main            d.u.i.k.p.i.AbstractProblemLoader Environment load took 83.3ns 
18050      INFO  main            d.u.i.k.p.i.AbstractProblemLoader Creating init config 
20503      DEBUG main            d.u.i.k.p.i.AbstractProblemLoader Init config took 2.45s 
20560      INFO  main            d.u.i.k.p.i.AbstractProblemLoader Replaying proof contract.IFMethodContract[contract.IFMethodContract::secure_n6()].JML operation contract.0 
20563      DEBUG main            d.u.i.k.p.i.IntermediateProofReplayer Proof replay took 11.2ns 
20666      INFO  main            d.u.i.k.p.r.p.TestFile    ... finished proof: closed. 
20812      INFO  main            d.u.i.k.p.r.p.TestFile    Now processing file /home/runner/work/key/key/key.core/../key.ui/examples/InformationFlow/MethodContracts/contract.IFMethodContract(contract.IFMethodContract__secure_array_param_helper()).JML normal_behavior operation contract.0.key 
20812      INFO  main            d.u.i.k.p.i.AbstractProblemLoader Loading environment from /home/runner/work/key/key/key.core/../key.ui/examples/InformationFlow/MethodContracts/contract.IFMethodContract(contract.IFMethodContract__secure_array_param_helper()).JML normal_behavior operation contract.0.key 
20812      DEBUG main            d.u.i.k.p.i.AbstractProblemLoader Environment load took 91ns 
20814      INFO  main            d.u.i.k.p.i.AbstractProblemLoader Creating init config 
23264      DEBUG main            d.u.i.k.p.i.AbstractProblemLoader Init config took 2.45s 
23306      INFO  main            d.u.i.k.p.i.AbstractProblemLoader Replaying proof contract.IFMethodContract[contract.IFMethodContract::secure_array_param_helper()].JML normal_behavior operation contract.0 
23309      DEBUG main            d.u.i.k.p.i.IntermediateProofReplayer Proof replay took 10.7ns 
23414      INFO  main            d.u.i.k.p.r.p.TestFile    ... finished proof: closed. 
23530      INFO  main            d.u.i.k.p.r.p.TestFile    Now processing file /home/runner/work/key/key/key.core/../key.ui/examples/InformationFlow/MethodContracts/contract.IFMethodContract(contract.IFMethodContract__secure_array_param((I,int)).JML operation contract.0.key 
23530      INFO  main            d.u.i.k.p.i.AbstractProblemLoader Loading environment from /home/runner/work/key/key/key.core/../key.ui/examples/InformationFlow/MethodContracts/contract.IFMethodContract(contract.IFMethodContract__secure_array_param((I,int)).JML operation contract.0.key 
23530      DEBUG main            d.u.i.k.p.i.AbstractProblemLoader Environment load took 85.7ns 
23531      INFO  main            d.u.i.k.p.i.AbstractProblemLoader Creating init config 
25989      DEBUG main            d.u.i.k.p.i.AbstractProblemLoader Init config took 2.46s 
26036      INFO  main            d.u.i.k.p.i.AbstractProblemLoader Replaying proof contract.IFMethodContract[contract.IFMethodContract::secure_array_param([I,int)].JML operation contract.0 
26043      DEBUG main            d.u.i.k.p.i.IntermediateProofReplayer Proof replay took 11.7ns 
26245      INFO  main            d.u.i.k.p.r.p.TestFile    ... finished proof: closed. 
26380      INFO  main            d.u.i.k.p.r.p.TestFile    Now processing file /home/runner/work/key/key/key.core/../key.ui/examples/InformationFlow/MethodContracts/contract.IFMethodContract(contract.IFMethodContract__n9()).JML normal_behavior operation contract.0.key 
26380      INFO  main            d.u.i.k.p.i.AbstractProblemLoader Loading environment from /home/runner/work/key/key/key.core/../key.ui/examples/InformationFlow/MethodContracts/contract.IFMethodContract(contract.IFMethodContract__n9()).JML normal_behavior operation contract.0.key 
26381      DEBUG main            d.u.i.k.p.i.AbstractProblemLoader Environment load took 549.5ns 
26382      INFO  main            d.u.i.k.p.i.AbstractProblemLoader Creating init config 
28843      DEBUG main            d.u.i.k.p.i.AbstractProblemLoader Init config took 2.46s 
28884      INFO  main            d.u.i.k.p.i.AbstractProblemLoader Replaying proof contract.IFMethodContract[contract.IFMethodContract::n9()].JML normal_behavior operation contract.0 
28886      DEBUG main            d.u.i.k.p.i.IntermediateProofReplayer Proof replay took 11.8ns 
28988      INFO  main            d.u.i.k.p.r.p.TestFile    ... finished proof: closed. 
29114      INFO  main            d.u.i.k.p.r.p.TestFile    Now processing file /home/runner/work/key/key/key.core/../key.ui/examples/InformationFlow/MethodContracts/contract.IFMethodContract(contract.IFMethodContract__secure_assignment_0_n9()).JML operation contract.0.key 
29114      INFO  main            d.u.i.k.p.i.AbstractProblemLoader Loading environment from /home/runner/work/key/key/key.core/../key.ui/examples/InformationFlow/MethodContracts/contract.IFMethodContract(contract.IFMethodContract__secure_assignment_0_n9()).JML operation contract.0.key 
29115      DEBUG main            d.u.i.k.p.i.AbstractProblemLoader Environment load took 669.6ns 
29116      INFO  main            d.u.i.k.p.i.AbstractProblemLoader Creating init config 
31538      DEBUG main            d.u.i.k.p.i.AbstractProblemLoader Init config took 2.42s 
31578      INFO  main            d.u.i.k.p.i.AbstractProblemLoader Replaying proof contract.IFMethodContract[contract.IFMethodContract::secure_assignment_0_n9()].JML operation contract.0 
31581      DEBUG main            d.u.i.k.p.i.IntermediateProofReplayer Proof replay took 11.6ns 
31683      INFO  main            d.u.i.k.p.r.p.TestFile    ... finished proof: closed. 
31878      INFO  main            d.u.i.k.p.r.p.TestFile    Now processing file /home/runner/work/key/key/key.core/../key.ui/examples/InformationFlow/MethodContracts/contract.IFMethodContract(contract.IFMethodContract__insecure_if_high_n5_n1()).JML operation contract.0.key 
31879      INFO  main            d.u.i.k.p.i.AbstractProblemLoader Loading environment from /home/runner/work/key/key/key.core/../key.ui/examples/InformationFlow/MethodContracts/contract.IFMethodContract(contract.IFMethodContract__insecure_if_high_n5_n1()).JML operation contract.0.key 
31879      DEBUG main            d.u.i.k.p.i.AbstractProblemLoader Environment load took 117.8ns 
31880      INFO  main            d.u.i.k.p.i.AbstractProblemLoader Creating init config 
34273      DEBUG main            d.u.i.k.p.i.AbstractProblemLoader Init config took 2.39s 
34333      INFO  main            d.u.i.k.p.i.AbstractProblemLoader Replaying proof contract.IFMethodContract[contract.IFMethodContract::insecure_if_high_n5_n1()].JML operation contract.0 
34338      DEBUG main            d.u.i.k.p.i.IntermediateProofReplayer Proof replay took 11.1ns 
34542      INFO  main            d.u.i.k.p.r.p.TestFile    ... finished proof: closed. 
34698      INFO  main            d.u.i.k.p.r.p.TestFile    Now processing file /home/runner/work/key/key/key.core/../key.ui/examples/InformationFlow/MethodContracts/contract.IFMethodContract(contract.IFMethodContract__n5(int)).JML normal_behavior operation contract.0.key 
34700      INFO  main            d.u.i.k.p.i.AbstractProblemLoader Loading environment from /home/runner/work/key/key/key.core/../key.ui/examples/InformationFlow/MethodContracts/contract.IFMethodContract(contract.IFMethodContract__n5(int)).JML normal_behavior operation contract.0.key 
34700      DEBUG main            d.u.i.k.p.i.AbstractProblemLoader Environment load took 137.1ns 
34702      INFO  main            d.u.i.k.p.i.AbstractProblemLoader Creating init config 
37091      DEBUG main            d.u.i.k.p.i.AbstractProblemLoader Init config took 2.39s 
37131      INFO  main            d.u.i.k.p.i.AbstractProblemLoader Replaying proof contract.IFMethodContract[contract.IFMethodContract::n5(int)].JML normal_behavior operation contract.0 
37134      DEBUG main            d.u.i.k.p.i.IntermediateProofReplayer Proof replay took 11.6ns 
37235      INFO  main            d.u.i.k.p.r.p.TestFile    ... finished proof: closed. 
37370      INFO  main            d.u.i.k.p.r.p.TestFile    Now processing file /home/runner/work/key/key/key.core/../key.ui/examples/InformationFlow/MethodContracts/contract.IFMethodContract(contract.IFMethodContract__secure_if_high_n5_n1()).JML operation contract.0.key 
37371      INFO  main            d.u.i.k.p.i.AbstractProblemLoader Loading environment from /home/runner/work/key/key/key.core/../key.ui/examples/InformationFlow/MethodContracts/contract.IFMethodContract(contract.IFMethodContract__secure_if_high_n5_n1()).JML operation contract.0.key 
37371      DEBUG main            d.u.i.k.p.i.AbstractProblemLoader Environment load took 115ns 
37372      INFO  main            d.u.i.k.p.i.AbstractProblemLoader Creating init config 
39786      DEBUG main            d.u.i.k.p.i.AbstractProblemLoader Init config took 2.41s 
39826      INFO  main            d.u.i.k.p.i.AbstractProblemLoader Replaying proof contract.IFMethodContract[contract.IFMethodContract::secure_if_high_n5_n1()].JML operation contract.0 
39829      DEBUG main            d.u.i.k.p.i.IntermediateProofReplayer Proof replay took 12ns 
40031      INFO  main            d.u.i.k.p.r.p.TestFile    ... finished proof: closed. 
40225      INFO  main            d.u.i.k.p.r.p.TestFile    Now processing file /home/runner/work/key/key/key.core/../key.ui/examples/InformationFlow/MethodContracts/contract.IFMethodContract(contract.IFMethodContract__secure_if_high_n1()).JML operation contract.0.key 
40226      INFO  main            d.u.i.k.p.i.AbstractProblemLoader Loading environment from /home/runner/work/key/key/key.core/../key.ui/examples/InformationFlow/MethodContracts/contract.IFMethodContract(contract.IFMethodContract__secure_if_high_n1()).JML operation contract.0.key 
40226      DEBUG main            d.u.i.k.p.i.AbstractProblemLoader Environment load took 111.2ns 
40227      INFO  main            d.u.i.k.p.i.AbstractProblemLoader Creating init config 
42601      DEBUG main            d.u.i.k.p.i.AbstractProblemLoader Init config took 2.37s 
42640      INFO  main            d.u.i.k.p.i.AbstractProblemLoader Replaying proof contract.IFMethodContract[contract.IFMethodContract::secure_if_high_n1()].JML operation contract.0 
42642      DEBUG main            d.u.i.k.p.i.IntermediateProofReplayer Proof replay took 12.2ns 
42847      INFO  main            d.u.i.k.p.r.p.TestFile    ... finished proof: closed. 
42995      INFO  main            d.u.i.k.p.r.p.TestFile    Now processing file /home/runner/work/key/key/key.core/../key.ui/examples/InformationFlow/MethodContracts/contract.IFMethodContract(contract.IFMethodContract__secure_n5()).JML operation contract.0.key 
42996      INFO  main            d.u.i.k.p.i.AbstractProblemLoader Loading environment from /home/runner/work/key/key/key.core/../key.ui/examples/InformationFlow/MethodContracts/contract.IFMethodContract(contract.IFMethodContract__secure_n5()).JML operation contract.0.key 
42996      DEBUG main            d.u.i.k.p.i.AbstractProblemLoader Environment load took 71.5ns 
42997      INFO  main            d.u.i.k.p.i.AbstractProblemLoader Creating init config 
45369      DEBUG main            d.u.i.k.p.i.AbstractProblemLoader Init config took 2.37s 
45406      INFO  main            d.u.i.k.p.i.AbstractProblemLoader Replaying proof contract.IFMethodContract[contract.IFMethodContract::secure_n5()].JML operation contract.0 
45408      DEBUG main            d.u.i.k.p.i.IntermediateProofReplayer Proof replay took 11.5ns 
45514      INFO  main            d.u.i.k.p.r.p.TestFile    ... finished proof: closed. 
45654      INFO  main            d.u.i.k.p.r.p.TestFile    Now processing file /home/runner/work/key/key/key.core/../key.ui/examples/InformationFlow/MethodContracts/contract.IFMethodContract(contract.IFMethodContract__n4()).JML normal_behavior operation contract.0.key 
45654      INFO  main            d.u.i.k.p.i.AbstractProblemLoader Loading environment from /home/runner/work/key/key/key.core/../key.ui/examples/InformationFlow/MethodContracts/contract.IFMethodContract(contract.IFMethodContract__n4()).JML normal_behavior operation contract.0.key 
45655      DEBUG main            d.u.i.k.p.i.AbstractProblemLoader Environment load took 71ns 
45656      INFO  main            d.u.i.k.p.i.AbstractProblemLoader Creating init config 
48016      DEBUG main            d.u.i.k.p.i.AbstractProblemLoader Init config took 2.36s 
48053      INFO  main            d.u.i.k.p.i.AbstractProblemLoader Replaying proof contract.IFMethodContract[contract.IFMethodContract::n4()].JML normal_behavior operation contract.0 
48056      DEBUG main            d.u.i.k.p.i.IntermediateProofReplayer Proof replay took 14.7ns 
48158      INFO  main            d.u.i.k.p.r.p.TestFile    ... finished proof: closed. 
48301      INFO  main            d.u.i.k.p.r.p.TestFile    Now processing file /home/runner/work/key/key/key.core/../key.ui/examples/InformationFlow/MethodContracts/contract.IFMethodContract(contract.IFMethodContract__n3()).JML normal_behavior operation contract.0.key 
48302      INFO  main            d.u.i.k.p.i.AbstractProblemLoader Loading environment from /home/runner/work/key/key/key.core/../key.ui/examples/InformationFlow/MethodContracts/contract.IFMethodContract(contract.IFMethodContract__n3()).JML normal_behavior operation contract.0.key 
48302      DEBUG main            d.u.i.k.p.i.AbstractProblemLoader Environment load took 65.6ns 
48303      INFO  main            d.u.i.k.p.i.AbstractProblemLoader Creating init config 
50684      DEBUG main            d.u.i.k.p.i.AbstractProblemLoader Init config took 2.38s 
50720      INFO  main            d.u.i.k.p.i.AbstractProblemLoader Replaying proof contract.IFMethodContract[contract.IFMethodContract::n3()].JML normal_behavior operation contract.0 
50722      DEBUG main            d.u.i.k.p.i.IntermediateProofReplayer Proof replay took 12.1ns 
50826      INFO  main            d.u.i.k.p.r.p.TestFile    ... finished proof: closed. 
51022      INFO  main            d.u.i.k.p.r.p.TestFile    Now processing file /home/runner/work/key/key/key.core/../key.ui/examples/InformationFlow/MethodContracts/contract.IFMethodContract(contract.IFMethodContract__secure_sequential_n3_precond_n4()).JML operation contract.0.key 
51022      INFO  main            d.u.i.k.p.i.AbstractProblemLoader Loading environment from /home/runner/work/key/key/key.core/../key.ui/examples/InformationFlow/MethodContracts/contract.IFMethodContract(contract.IFMethodContract__secure_sequential_n3_precond_n4()).JML operation contract.0.key 
51022      DEBUG main            d.u.i.k.p.i.AbstractProblemLoader Environment load took 55.5ns 
51023      INFO  main            d.u.i.k.p.i.AbstractProblemLoader Creating init config 
53405      DEBUG main            d.u.i.k.p.i.AbstractProblemLoader Init config took 2.38s 
53458      INFO  main            d.u.i.k.p.i.AbstractProblemLoader Replaying proof contract.IFMethodContract[contract.IFMethodContract::secure_sequential_n3_precond_n4()].JML operation contract.0 
53461      DEBUG main            d.u.i.k.p.i.IntermediateProofReplayer Proof replay took 12ns 
53567      INFO  main            d.u.i.k.p.r.p.TestFile    ... finished proof: closed. 
53716      INFO  main            d.u.i.k.p.r.p.TestFile    Now processing file /home/runner/work/key/key/key.core/../key.ui/examples/InformationFlow/MethodContracts/contract.IFMethodContract(contract.IFMethodContract__insecure_assignment_n2()).JML operation contract.0.key 
53716      INFO  main            d.u.i.k.p.i.AbstractProblemLoader Loading environment from /home/runner/work/key/key/key.core/../key.ui/examples/InformationFlow/MethodContracts/contract.IFMethodContract(contract.IFMethodContract__insecure_assignment_n2()).JML operation contract.0.key 
53716      DEBUG main            d.u.i.k.p.i.AbstractProblemLoader Environment load took 57.3ns 
53717      INFO  main            d.u.i.k.p.i.AbstractProblemLoader Creating init config 
56045      DEBUG main            d.u.i.k.p.i.AbstractProblemLoader Init config took 2.33s 
56088      INFO  main            d.u.i.k.p.i.AbstractProblemLoader Replaying proof contract.IFMethodContract[contract.IFMethodContract::insecure_assignment_n2()].JML operation contract.0 
56090      DEBUG main            d.u.i.k.p.i.IntermediateProofReplayer Proof replay took 10.7ns 
56192      INFO  main            d.u.i.k.p.r.p.TestFile    ... finished proof: closed. 
56338      INFO  main            d.u.i.k.p.r.p.TestFile    Now processing file /home/runner/work/key/key/key.core/../key.ui/examples/InformationFlow/MethodContracts/contract.IFMethodContract(contract.IFMethodContract__secure_assignments_n2()).JML operation contract.0.key 
56339      INFO  main            d.u.i.k.p.i.AbstractProblemLoader Loading environment from /home/runner/work/key/key/key.core/../key.ui/examples/InformationFlow/MethodContracts/contract.IFMethodContract(contract.IFMethodContract__secure_assignments_n2()).JML operation contract.0.key 
56339      DEBUG main            d.u.i.k.p.i.AbstractProblemLoader Environment load took 101.2ns 
56340      INFO  main            d.u.i.k.p.i.AbstractProblemLoader Creating init config 
58681      DEBUG main            d.u.i.k.p.i.AbstractProblemLoader Init config took 2.34s 
58716      INFO  main            d.u.i.k.p.i.AbstractProblemLoader Replaying proof contract.IFMethodContract[contract.IFMethodContract::secure_assignments_n2()].JML operation contract.0 
58718      DEBUG main            d.u.i.k.p.i.IntermediateProofReplayer Proof replay took 11.4ns 
58822      INFO  main            d.u.i.k.p.r.p.TestFile    ... finished proof: closed. 
58987      INFO  main            d.u.i.k.p.r.p.TestFile    Now processing file /home/runner/work/key/key/key.core/../key.ui/examples/InformationFlow/MethodContracts/contract.IFMethodContract(contract.IFMethodContract__n2()).JML normal_behavior operation contract.0.key 
58987      INFO  main            d.u.i.k.p.i.AbstractProblemLoader Loading environment from /home/runner/work/key/key/key.core/../key.ui/examples/InformationFlow/MethodContracts/contract.IFMethodContract(contract.IFMethodContract__n2()).JML normal_behavior operation contract.0.key 
58987      DEBUG main            d.u.i.k.p.i.AbstractProblemLoader Environment load took 57.6ns 
58988      INFO  main            d.u.i.k.p.i.AbstractProblemLoader Creating init config 
61324      DEBUG main            d.u.i.k.p.i.AbstractProblemLoader Init config took 2.34s 
61359      INFO  main            d.u.i.k.p.i.AbstractProblemLoader Replaying proof contract.IFMethodContract[contract.IFMethodContract::n2()].JML normal_behavior operation contract.0 
61361      DEBUG main            d.u.i.k.p.i.IntermediateProofReplayer Proof replay took 12.1ns 
61466      INFO  main            d.u.i.k.p.r.p.TestFile    ... finished proof: closed. 
61617      INFO  main            d.u.i.k.p.r.p.TestFile    Now processing file /home/runner/work/key/key/key.core/../key.ui/examples/InformationFlow/MethodContracts/contract.IFMethodContract(contract.IFMethodContract__n1()).JML normal_behavior operation contract.0.key 
61617      INFO  main            d.u.i.k.p.i.AbstractProblemLoader Loading environment from /home/runner/work/key/key/key.core/../key.ui/examples/InformationFlow/MethodContracts/contract.IFMethodContract(contract.IFMethodContract__n1()).JML normal_behavior operation contract.0.key 
61617      DEBUG main            d.u.i.k.p.i.AbstractProblemLoader Environment load took 97.9ns 
61618      INFO  main            d.u.i.k.p.i.AbstractProblemLoader Creating init config 
63960      DEBUG main            d.u.i.k.p.i.AbstractProblemLoader Init config took 2.34s 
63993      INFO  main            d.u.i.k.p.i.AbstractProblemLoader Replaying proof contract.IFMethodContract[contract.IFMethodContract::n1()].JML normal_behavior operation contract.0 
63996      DEBUG main            d.u.i.k.p.i.IntermediateProofReplayer Proof replay took 11.7ns 
64098      INFO  main            d.u.i.k.p.r.p.TestFile    ... finished proof: closed. 
64251      INFO  main            d.u.i.k.p.r.p.TestFile    Now processing file /home/runner/work/key/key/key.core/../key.ui/examples/InformationFlow/MethodContracts/contract.IFMethodContract(contract.IFMethodContract__secure_sequential_n1_n2()).JML operation contract.0.key 
64252      INFO  main            d.u.i.k.p.i.AbstractProblemLoader Loading environment from /home/runner/work/key/key/key.core/../key.ui/examples/InformationFlow/MethodContracts/contract.IFMethodContract(contract.IFMethodContract__secure_sequential_n1_n2()).JML operation contract.0.key 
64252      DEBUG main            d.u.i.k.p.i.AbstractProblemLoader Environment load took 66.4ns 
64253      INFO  main            d.u.i.k.p.i.AbstractProblemLoader Creating init config 
66587      DEBUG main            d.u.i.k.p.i.AbstractProblemLoader Init config took 2.33s 
66630      INFO  main            d.u.i.k.p.i.AbstractProblemLoader Replaying proof contract.IFMethodContract[contract.IFMethodContract::secure_sequential_n1_n2()].JML operation contract.0 
66632      DEBUG main            d.u.i.k.p.i.IntermediateProofReplayer Proof replay took 11.3ns 
66735      INFO  main            d.u.i.k.p.r.p.TestFile    ... finished proof: closed. 
278606     INFO  Test worker     d.u.i.k.p.r.RunAllProofsTestUnit Returning from test MethodContracts 
278609     INFO  Test worker     d.u.i.k.p.r.RunAllProofsTestUnit Running test LoopInvariants 
347        INFO  Timeout watchdog d.u.i.k.p.r.p.ForkedTestFileRunner Timeout watcher launched (1000 secs.) 
359        WARN  main            d.u.i.k.s.ProofSettings   The settings in /home/runner/.key/proof-settings.props are *not* read. 
379        INFO  main            d.u.i.k.p.r.p.TestFile    Now processing file /home/runner/work/key/key/key.core/../key.ui/examples/InformationFlow/LoopInvariants/loop.IFLoopExamples(loop.IFLoopExamples__insecure_while_3(int)).JML operation contract.0.key 
517        INFO  main            d.u.i.k.p.i.AbstractProblemLoader Loading environment from /home/runner/work/key/key/key.core/../key.ui/examples/InformationFlow/LoopInvariants/loop.IFLoopExamples(loop.IFLoopExamples__insecure_while_3(int)).JML operation contract.0.key 
536        DEBUG main            d.u.i.k.p.i.AbstractProblemLoader Environment load took 2.22ms 
745        INFO  main            d.u.i.k.p.i.AbstractProblemLoader Creating init config 
1666       DEBUG main            d.u.i.k.j.TypeConverter   No LDT found for Meta 
1667       DEBUG main            d.u.i.k.j.TypeConverter   No LDT found for Meta 
1670       DEBUG main            d.u.i.k.j.TypeConverter   No LDT found for Meta 
1670       DEBUG main            d.u.i.k.j.TypeConverter   No LDT found for Meta 
3058       DEBUG main            d.u.i.k.j.TypeConverter   No LDT found for JavaBigintExpression 
8565       DEBUG main            d.u.i.k.p.i.AbstractProblemLoader Init config took 7.82s 
8693       INFO  main            d.u.i.k.p.i.AbstractProblemLoader Replaying proof loop.IFLoopExamples[loop.IFLoopExamples::insecure_while_3(int)].JML operation contract.0 
8724       DEBUG main            d.u.i.k.p.i.IntermediateProofReplayer Proof replay took 255.7ns 
9856       INFO  main            d.u.i.k.p.r.p.TestFile    ... finished proof: closed. 
10028      INFO  main            d.u.i.k.p.r.p.TestFile    Now processing file /home/runner/work/key/key/key.core/../key.ui/examples/InformationFlow/LoopInvariants/loop.IFLoopExamples(loop.IFLoopExamples__secure_while_2(int)).JML operation contract.0.key 
10029      INFO  main            d.u.i.k.p.i.AbstractProblemLoader Loading environment from /home/runner/work/key/key/key.core/../key.ui/examples/InformationFlow/LoopInvariants/loop.IFLoopExamples(loop.IFLoopExamples__secure_while_2(int)).JML operation contract.0.key 
10030      DEBUG main            d.u.i.k.p.i.AbstractProblemLoader Environment load took 865.3ns 
10033      INFO  main            d.u.i.k.p.i.AbstractProblemLoader Creating init config 
13224      DEBUG main            d.u.i.k.p.i.AbstractProblemLoader Init config took 3.19s 
13284      INFO  main            d.u.i.k.p.i.AbstractProblemLoader Replaying proof loop.IFLoopExamples[loop.IFLoopExamples::secure_while_2(int)].JML operation contract.0 
13291      DEBUG main            d.u.i.k.p.i.IntermediateProofReplayer Proof replay took 10.4ns 
13900      INFO  main            d.u.i.k.p.r.p.TestFile    ... finished proof: closed. 
14020      INFO  main            d.u.i.k.p.r.p.TestFile    Now processing file /home/runner/work/key/key/key.core/../key.ui/examples/InformationFlow/LoopInvariants/loop.IFLoopExamples(loop.IFLoopExamples__secure_while_4(int)).JML operation contract.0.key 
14021      INFO  main            d.u.i.k.p.i.AbstractProblemLoader Loading environment from /home/runner/work/key/key/key.core/../key.ui/examples/InformationFlow/LoopInvariants/loop.IFLoopExamples(loop.IFLoopExamples__secure_while_4(int)).JML operation contract.0.key 
14021      DEBUG main            d.u.i.k.p.i.AbstractProblemLoader Environment load took 112.5ns 
14024      INFO  main            d.u.i.k.p.i.AbstractProblemLoader Creating init config 
17057      DEBUG main            d.u.i.k.p.i.AbstractProblemLoader Init config took 3.03s 
17111      INFO  main            d.u.i.k.p.i.AbstractProblemLoader Replaying proof loop.IFLoopExamples[loop.IFLoopExamples::secure_while_4(int)].JML operation contract.0 
17115      DEBUG main            d.u.i.k.p.i.IntermediateProofReplayer Proof replay took 11.8ns 
17518      INFO  main            d.u.i.k.p.r.p.TestFile    ... finished proof: closed. 
17644      INFO  main            d.u.i.k.p.r.p.TestFile    Now processing file /home/runner/work/key/key/key.core/../key.ui/examples/InformationFlow/LoopInvariants/loop.IFLoopExamples(loop.IFLoopExamples__insecure_doubleNestedWhile2(int)).JML operation contract.0.key 
17645      INFO  main            d.u.i.k.p.i.AbstractProblemLoader Loading environment from /home/runner/work/key/key/key.core/../key.ui/examples/InformationFlow/LoopInvariants/loop.IFLoopExamples(loop.IFLoopExamples__insecure_doubleNestedWhile2(int)).JML operation contract.0.key 
17645      DEBUG main            d.u.i.k.p.i.AbstractProblemLoader Environment load took 113.2ns 
17646      INFO  main            d.u.i.k.p.i.AbstractProblemLoader Creating init config 
20588      DEBUG main            d.u.i.k.p.i.AbstractProblemLoader Init config took 2.94s 
20636      INFO  main            d.u.i.k.p.i.AbstractProblemLoader Replaying proof loop.IFLoopExamples[loop.IFLoopExamples::insecure_doubleNestedWhile2(int)].JML operation contract.0 
20639      DEBUG main            d.u.i.k.p.i.IntermediateProofReplayer Proof replay took 11.1ns 
21646      INFO  main            d.u.i.k.p.r.p.TestFile    ... finished proof: closed. 
21815      INFO  main            d.u.i.k.p.r.p.TestFile    Now processing file /home/runner/work/key/key/key.core/../key.ui/examples/InformationFlow/LoopInvariants/loop.IFLoopExamples(loop.IFLoopExamples__insecure_doubleNestedWhile(int)).JML operation contract.0.key 
21816      INFO  main            d.u.i.k.p.i.AbstractProblemLoader Loading environment from /home/runner/work/key/key/key.core/../key.ui/examples/InformationFlow/LoopInvariants/loop.IFLoopExamples(loop.IFLoopExamples__insecure_doubleNestedWhile(int)).JML operation contract.0.key 
21816      DEBUG main            d.u.i.k.p.i.AbstractProblemLoader Environment load took 64.9ns 
21817      INFO  main            d.u.i.k.p.i.AbstractProblemLoader Creating init config 
24699      DEBUG main            d.u.i.k.p.i.AbstractProblemLoader Init config took 2.88s 
24742      INFO  main            d.u.i.k.p.i.AbstractProblemLoader Replaying proof loop.IFLoopExamples[loop.IFLoopExamples::insecure_doubleNestedWhile(int)].JML operation contract.0 
24747      DEBUG main            d.u.i.k.p.i.IntermediateProofReplayer Proof replay took 13.5ns 
25858      INFO  main            d.u.i.k.p.r.p.TestFile    ... finished proof: closed. 
25997      INFO  main            d.u.i.k.p.r.p.TestFile    Now processing file /home/runner/work/key/key/key.core/../key.ui/examples/InformationFlow/LoopInvariants/loop.IFLoopExamples(loop.IFLoopExamples__secure_doubleNestedWhile(int)).JML operation contract.0.key 
25997      INFO  main            d.u.i.k.p.i.AbstractProblemLoader Loading environment from /home/runner/work/key/key/key.core/../key.ui/examples/InformationFlow/LoopInvariants/loop.IFLoopExamples(loop.IFLoopExamples__secure_doubleNestedWhile(int)).JML operation contract.0.key 
25997      DEBUG main            d.u.i.k.p.i.AbstractProblemLoader Environment load took 477.1ns 
25999      INFO  main            d.u.i.k.p.i.AbstractProblemLoader Creating init config 
28869      DEBUG main            d.u.i.k.p.i.AbstractProblemLoader Init config took 2.87s 
28916      INFO  main            d.u.i.k.p.i.AbstractProblemLoader Replaying proof loop.IFLoopExamples[loop.IFLoopExamples::secure_doubleNestedWhile(int)].JML operation contract.0 
28919      DEBUG main            d.u.i.k.p.i.IntermediateProofReplayer Proof replay took 11.4ns 
29824      INFO  main            d.u.i.k.p.r.p.TestFile    ... finished proof: closed. 
29963      INFO  main            d.u.i.k.p.r.p.TestFile    Now processing file /home/runner/work/key/key/key.core/../key.ui/examples/InformationFlow/LoopInvariants/loop.IFLoopExamples(loop.IFLoopExamples__secure_nestedTwoWhile(int)).JML operation contract.0.key 
29964      INFO  main            d.u.i.k.p.i.AbstractProblemLoader Loading environment from /home/runner/work/key/key/key.core/../key.ui/examples/InformationFlow/LoopInvariants/loop.IFLoopExamples(loop.IFLoopExamples__secure_nestedTwoWhile(int)).JML operation contract.0.key 
29964      DEBUG main            d.u.i.k.p.i.AbstractProblemLoader Environment load took 489.6ns 
29967      INFO  main            d.u.i.k.p.i.AbstractProblemLoader Creating init config 
32827      DEBUG main            d.u.i.k.p.i.AbstractProblemLoader Init config took 2.86s 
32869      INFO  main            d.u.i.k.p.i.AbstractProblemLoader Replaying proof loop.IFLoopExamples[loop.IFLoopExamples::secure_nestedTwoWhile(int)].JML operation contract.0 
32871      DEBUG main            d.u.i.k.p.i.IntermediateProofReplayer Proof replay took 10.6ns 
33591      INFO  main            d.u.i.k.p.r.p.TestFile    ... finished proof: closed. 
33762      INFO  main            d.u.i.k.p.r.p.TestFile    Now processing file /home/runner/work/key/key/key.core/../key.ui/examples/InformationFlow/LoopInvariants/loop.IFLoopExamples(loop.IFLoopExamples__secure_nestedWhile(int)).JML operation contract.0.key 
33762      INFO  main            d.u.i.k.p.i.AbstractProblemLoader Loading environment from /home/runner/work/key/key/key.core/../key.ui/examples/InformationFlow/LoopInvariants/loop.IFLoopExamples(loop.IFLoopExamples__secure_nestedWhile(int)).JML operation contract.0.key 
33763      DEBUG main            d.u.i.k.p.i.AbstractProblemLoader Environment load took 63.6ns 
33764      INFO  main            d.u.i.k.p.i.AbstractProblemLoader Creating init config 
36633      DEBUG main            d.u.i.k.p.i.AbstractProblemLoader Init config took 2.87s 
36678      INFO  main            d.u.i.k.p.i.AbstractProblemLoader Replaying proof loop.IFLoopExamples[loop.IFLoopExamples::secure_nestedWhile(int)].JML operation contract.0 
36686      DEBUG main            d.u.i.k.p.i.IntermediateProofReplayer Proof replay took 12.4ns 
37202      INFO  main            d.u.i.k.p.r.p.TestFile    ... finished proof: closed. 
37336      INFO  main            d.u.i.k.p.r.p.TestFile    Now processing file /home/runner/work/key/key/key.core/../key.ui/examples/InformationFlow/LoopInvariants/loop.IFLoopExamples(loop.IFLoopExamples__notSecure_while(int)).JML operation contract.0.key 
37336      INFO  main            d.u.i.k.p.i.AbstractProblemLoader Loading environment from /home/runner/work/key/key/key.core/../key.ui/examples/InformationFlow/LoopInvariants/loop.IFLoopExamples(loop.IFLoopExamples__notSecure_while(int)).JML operation contract.0.key 
37336      DEBUG main            d.u.i.k.p.i.AbstractProblemLoader Environment load took 59.2ns 
37337      INFO  main            d.u.i.k.p.i.AbstractProblemLoader Creating init config 
40167      DEBUG main            d.u.i.k.p.i.AbstractProblemLoader Init config took 2.83s 
40215      INFO  main            d.u.i.k.p.i.AbstractProblemLoader Replaying proof loop.IFLoopExamples[loop.IFLoopExamples::notSecure_while(int)].JML operation contract.0 
40217      DEBUG main            d.u.i.k.p.i.IntermediateProofReplayer Proof replay took 11.4ns 
40420      INFO  main            d.u.i.k.p.r.p.TestFile    ... finished proof: closed. 
40553      INFO  main            d.u.i.k.p.r.p.TestFile    Now processing file /home/runner/work/key/key/key.core/../key.ui/examples/InformationFlow/LoopInvariants/loop.IFLoopExamples(loop.IFLoopExamples__notSecure_while_wrongInv(int)).JML operation contract.0.key 
40553      INFO  main            d.u.i.k.p.i.AbstractProblemLoader Loading environment from /home/runner/work/key/key/key.core/../key.ui/examples/InformationFlow/LoopInvariants/loop.IFLoopExamples(loop.IFLoopExamples__notSecure_while_wrongInv(int)).JML operation contract.0.key 
40553      DEBUG main            d.u.i.k.p.i.AbstractProblemLoader Environment load took 77.7ns 
40555      INFO  main            d.u.i.k.p.i.AbstractProblemLoader Creating init config 
43375      DEBUG main            d.u.i.k.p.i.AbstractProblemLoader Init config took 2.82s 
43423      INFO  main            d.u.i.k.p.i.AbstractProblemLoader Replaying proof loop.IFLoopExamples[loop.IFLoopExamples::notSecure_while_wrongInv(int)].JML operation contract.0 
43425      DEBUG main            d.u.i.k.p.i.IntermediateProofReplayer Proof replay took 12.4ns 
43632      INFO  main            d.u.i.k.p.r.p.TestFile    ... finished proof: open goal(s) 
43768      INFO  main            d.u.i.k.p.r.p.TestFile    Now processing file /home/runner/work/key/key/key.core/../key.ui/examples/InformationFlow/LoopInvariants/loop.IFLoopExamples(loop.IFLoopExamples__insecure_twoWhile(int)).JML operation contract.0.key 
43768      INFO  main            d.u.i.k.p.i.AbstractProblemLoader Loading environment from /home/runner/work/key/key/key.core/../key.ui/examples/InformationFlow/LoopInvariants/loop.IFLoopExamples(loop.IFLoopExamples__insecure_twoWhile(int)).JML operation contract.0.key 
43768      DEBUG main            d.u.i.k.p.i.AbstractProblemLoader Environment load took 58ns 
43770      INFO  main            d.u.i.k.p.i.AbstractProblemLoader Creating init config 
46636      DEBUG main            d.u.i.k.p.i.AbstractProblemLoader Init config took 2.87s 
46674      INFO  main            d.u.i.k.p.i.AbstractProblemLoader Replaying proof loop.IFLoopExamples[loop.IFLoopExamples::insecure_twoWhile(int)].JML operation contract.0 
46676      DEBUG main            d.u.i.k.p.i.IntermediateProofReplayer Proof replay took 11.3ns 
47079      INFO  main            d.u.i.k.p.r.p.TestFile    ... finished proof: closed. 
47221      INFO  main            d.u.i.k.p.r.p.TestFile    Now processing file /home/runner/work/key/key/key.core/../key.ui/examples/InformationFlow/LoopInvariants/loop.IFLoopExamples(loop.IFLoopExamples__insecure_twoWhile_2(int)).JML operation contract.0.key 
47221      INFO  main            d.u.i.k.p.i.AbstractProblemLoader Loading environment from /home/runner/work/key/key/key.core/../key.ui/examples/InformationFlow/LoopInvariants/loop.IFLoopExamples(loop.IFLoopExamples__insecure_twoWhile_2(int)).JML operation contract.0.key 
47222      DEBUG main            d.u.i.k.p.i.AbstractProblemLoader Environment load took 477.6ns 
47223      INFO  main            d.u.i.k.p.i.AbstractProblemLoader Creating init config 
50018      DEBUG main            d.u.i.k.p.i.AbstractProblemLoader Init config took 2.8s 
50057      INFO  main            d.u.i.k.p.i.AbstractProblemLoader Replaying proof loop.IFLoopExamples[loop.IFLoopExamples::insecure_twoWhile_2(int)].JML operation contract.0 
50059      DEBUG main            d.u.i.k.p.i.IntermediateProofReplayer Proof replay took 10.8ns 
50466      INFO  main            d.u.i.k.p.r.p.TestFile    ... finished proof: closed. 
50657      INFO  main            d.u.i.k.p.r.p.TestFile    Now processing file /home/runner/work/key/key/key.core/../key.ui/examples/InformationFlow/LoopInvariants/loop.IFLoopExamples(loop.IFLoopExamples__secure_twoWhile(int)).JML operation contract.0.key 
50658      INFO  main            d.u.i.k.p.i.AbstractProblemLoader Loading environment from /home/runner/work/key/key/key.core/../key.ui/examples/InformationFlow/LoopInvariants/loop.IFLoopExamples(loop.IFLoopExamples__secure_twoWhile(int)).JML operation contract.0.key 
50658      DEBUG main            d.u.i.k.p.i.AbstractProblemLoader Environment load took 98.2ns 
50659      INFO  main            d.u.i.k.p.i.AbstractProblemLoader Creating init config 
53477      DEBUG main            d.u.i.k.p.i.AbstractProblemLoader Init config took 2.82s 
53521      INFO  main            d.u.i.k.p.i.AbstractProblemLoader Replaying proof loop.IFLoopExamples[loop.IFLoopExamples::secure_twoWhile(int)].JML operation contract.0 
53525      DEBUG main            d.u.i.k.p.i.IntermediateProofReplayer Proof replay took 11.7ns 
53928      INFO  main            d.u.i.k.p.r.p.TestFile    ... finished proof: closed. 
54112      INFO  main            d.u.i.k.p.r.p.TestFile    Now processing file /home/runner/work/key/key/key.core/../key.ui/examples/InformationFlow/LoopInvariants/loop.IFLoopExamples(loop.IFLoopExamples__loc_secure_while(int)).JML operation contract.0.key 
54112      INFO  main            d.u.i.k.p.i.AbstractProblemLoader Loading environment from /home/runner/work/key/key/key.core/../key.ui/examples/InformationFlow/LoopInvariants/loop.IFLoopExamples(loop.IFLoopExamples__loc_secure_while(int)).JML operation contract.0.key 
54112      DEBUG main            d.u.i.k.p.i.AbstractProblemLoader Environment load took 57.4ns 
54115      INFO  main            d.u.i.k.p.i.AbstractProblemLoader Creating init config 
56903      DEBUG main            d.u.i.k.p.i.AbstractProblemLoader Init config took 2.79s 
56938      INFO  main            d.u.i.k.p.i.AbstractProblemLoader Replaying proof loop.IFLoopExamples[loop.IFLoopExamples::loc_secure_while(int)].JML operation contract.0 
56960      DEBUG main            d.u.i.k.p.i.IntermediateProofReplayer Proof replay took 12.7ns 
57162      INFO  main            d.u.i.k.p.r.p.TestFile    ... finished proof: closed. 
57308      INFO  main            d.u.i.k.p.r.p.TestFile    Now processing file /home/runner/work/key/key/key.core/../key.ui/examples/InformationFlow/LoopInvariants/loop.IFLoopExamples(loop.IFLoopExamples__secure_while(int)).JML operation contract.0.key 
57308      INFO  main            d.u.i.k.p.i.AbstractProblemLoader Loading environment from /home/runner/work/key/key/key.core/../key.ui/examples/InformationFlow/LoopInvariants/loop.IFLoopExamples(loop.IFLoopExamples__secure_while(int)).JML operation contract.0.key 
57308      DEBUG main            d.u.i.k.p.i.AbstractProblemLoader Environment load took 55.9ns 
57309      INFO  main            d.u.i.k.p.i.AbstractProblemLoader Creating init config 
60116      DEBUG main            d.u.i.k.p.i.AbstractProblemLoader Init config took 2.81s 
60156      INFO  main            d.u.i.k.p.i.AbstractProblemLoader Replaying proof loop.IFLoopExamples[loop.IFLoopExamples::secure_while(int)].JML operation contract.0 
60162      DEBUG main            d.u.i.k.p.i.IntermediateProofReplayer Proof replay took 14.5ns 
60367      INFO  main            d.u.i.k.p.r.p.TestFile    ... finished proof: closed. 
60518      INFO  main            d.u.i.k.p.r.p.TestFile    Now processing file /home/runner/work/key/key/key.core/../key.ui/examples/InformationFlow/LoopInvariants/loop.IFLoopExamples(loop.IFLoopExamples__print(int)).JML normal_behavior operation contract.0.key 
60519      INFO  main            d.u.i.k.p.i.AbstractProblemLoader Loading environment from /home/runner/work/key/key/key.core/../key.ui/examples/InformationFlow/LoopInvariants/loop.IFLoopExamples(loop.IFLoopExamples__print(int)).JML normal_behavior operation contract.0.key 
60519      DEBUG main            d.u.i.k.p.i.AbstractProblemLoader Environment load took 59.6ns 
60520      INFO  main            d.u.i.k.p.i.AbstractProblemLoader Creating init config 
63386      DEBUG main            d.u.i.k.p.i.AbstractProblemLoader Init config took 2.87s 
63422      INFO  main            d.u.i.k.p.i.AbstractProblemLoader Replaying proof loop.IFLoopExamples[loop.IFLoopExamples::print(int)].JML normal_behavior operation contract.0 
63425      DEBUG main            d.u.i.k.p.i.IntermediateProofReplayer Proof replay took 12.6ns 
63527      INFO  main            d.u.i.k.p.r.p.TestFile    ... finished proof: closed. 
63683      INFO  main            d.u.i.k.p.r.p.TestFile    Now processing file /home/runner/work/key/key/key.core/../key.ui/examples/InformationFlow/LoopInvariants/loop.IFLoopExamples(loop.IFLoopExamples__hammer(int)).JML normal_behavior operation contract.0.key 
63683      INFO  main            d.u.i.k.p.i.AbstractProblemLoader Loading environment from /home/runner/work/key/key/key.core/../key.ui/examples/InformationFlow/LoopInvariants/loop.IFLoopExamples(loop.IFLoopExamples__hammer(int)).JML normal_behavior operation contract.0.key 
63683      DEBUG main            d.u.i.k.p.i.AbstractProblemLoader Environment load took 56.1ns 
63684      INFO  main            d.u.i.k.p.i.AbstractProblemLoader Creating init config 
66569      DEBUG main            d.u.i.k.p.i.AbstractProblemLoader Init config took 2.88s 
66604      INFO  main            d.u.i.k.p.i.AbstractProblemLoader Replaying proof loop.IFLoopExamples[loop.IFLoopExamples::hammer(int)].JML normal_behavior operation contract.0 
66607      DEBUG main            d.u.i.k.p.i.IntermediateProofReplayer Proof replay took 10.8ns 
67016      INFO  main            d.u.i.k.p.r.p.TestFile    ... finished proof: closed. 
346007     INFO  Test worker     d.u.i.k.p.r.RunAllProofsTestUnit Returning from test LoopInvariants 
346009     INFO  Test worker     d.u.i.k.p.r.RunAllProofsTestUnit Running test MiniExamples 
340        INFO  Timeout watchdog d.u.i.k.p.r.p.ForkedTestFileRunner Timeout watcher launched (1000 secs.) 
344        WARN  main            d.u.i.k.s.ProofSettings   The settings in /home/runner/.key/proof-settings.props are *not* read. 
365        INFO  main            d.u.i.k.p.r.p.TestFile    Now processing file /home/runner/work/key/key/key.core/../key.ui/examples/InformationFlow/MiniExamples/mini.AliasingExamples(mini.AliasingExamples__insecure_1(mini.AliasingExamples,mini.AliasingExamples,int)).JML operation contract.0.key 
484        INFO  main            d.u.i.k.p.i.AbstractProblemLoader Loading environment from /home/runner/work/key/key/key.core/../key.ui/examples/InformationFlow/MiniExamples/mini.AliasingExamples(mini.AliasingExamples__insecure_1(mini.AliasingExamples,mini.AliasingExamples,int)).JML operation contract.0.key 
506        DEBUG main            d.u.i.k.p.i.AbstractProblemLoader Environment load took 2.61ms 
750        INFO  main            d.u.i.k.p.i.AbstractProblemLoader Creating init config 
1687       DEBUG main            d.u.i.k.j.TypeConverter   No LDT found for Meta 
1688       DEBUG main            d.u.i.k.j.TypeConverter   No LDT found for Meta 
1690       DEBUG main            d.u.i.k.j.TypeConverter   No LDT found for Meta 
1691       DEBUG main            d.u.i.k.j.TypeConverter   No LDT found for Meta 
3196       DEBUG main            d.u.i.k.j.TypeConverter   No LDT found for JavaBigintExpression 
8075       DEBUG main            d.u.i.k.p.i.AbstractProblemLoader Init config took 7.32s 
8265       INFO  main            d.u.i.k.p.i.AbstractProblemLoader Replaying proof mini.AliasingExamples[mini.AliasingExamples::insecure_1(mini.AliasingExamples,mini.AliasingExamples,int)].JML operation contract.0 
8339       DEBUG main            d.u.i.k.p.i.IntermediateProofReplayer Proof replay took 311.3ns 
8969       INFO  main            d.u.i.k.p.r.p.TestFile    ... finished proof: closed. 
9070       INFO  main            d.u.i.k.p.r.p.TestFile    Now processing file /home/runner/work/key/key/key.core/../key.ui/examples/InformationFlow/MiniExamples/mini.AliasingExamples(mini.AliasingExamples__secure_1(mini.AliasingExamples,mini.AliasingExamples,int)).JML operation contract.0.key 
9072       INFO  main            d.u.i.k.p.i.AbstractProblemLoader Loading environment from /home/runner/work/key/key/key.core/../key.ui/examples/InformationFlow/MiniExamples/mini.AliasingExamples(mini.AliasingExamples__secure_1(mini.AliasingExamples,mini.AliasingExamples,int)).JML operation contract.0.key 
9072       DEBUG main            d.u.i.k.p.i.AbstractProblemLoader Environment load took 344.8ns 
9076       INFO  main            d.u.i.k.p.i.AbstractProblemLoader Creating init config 
11922      DEBUG main            d.u.i.k.p.i.AbstractProblemLoader Init config took 2.85s 
12018      INFO  main            d.u.i.k.p.i.AbstractProblemLoader Replaying proof mini.AliasingExamples[mini.AliasingExamples::secure_1(mini.AliasingExamples,mini.AliasingExamples,int)].JML operation contract.0 
12024      DEBUG main            d.u.i.k.p.i.IntermediateProofReplayer Proof replay took 11.5ns 
12227      INFO  main            d.u.i.k.p.r.p.TestFile    ... finished proof: closed. 
12330      INFO  main            d.u.i.k.p.r.p.TestFile    Now processing file /home/runner/work/key/key/key.core/../key.ui/examples/InformationFlow/MiniExamples/mini.MiniExamplesLecture(mini.MiniExamplesLecture__m_6()).JML normal_behavior operation contract.0.key 
12331      INFO  main            d.u.i.k.p.i.AbstractProblemLoader Loading environment from /home/runner/work/key/key/key.core/../key.ui/examples/InformationFlow/MiniExamples/mini.MiniExamplesLecture(mini.MiniExamplesLecture__m_6()).JML normal_behavior operation contract.0.key 
12332      DEBUG main            d.u.i.k.p.i.AbstractProblemLoader Environment load took 1.43ms 
12334      INFO  main            d.u.i.k.p.i.AbstractProblemLoader Creating init config 
14961      DEBUG main            d.u.i.k.p.i.AbstractProblemLoader Init config took 2.63s 
15016      INFO  main            d.u.i.k.p.i.AbstractProblemLoader Replaying proof mini.MiniExamplesLecture[mini.MiniExamplesLecture::m_6()].JML normal_behavior operation contract.0 
15028      DEBUG main            d.u.i.k.p.i.IntermediateProofReplayer Proof replay took 12.5ns 
15139      INFO  main            d.u.i.k.p.r.p.TestFile    ... finished proof: closed. 
15253      INFO  main            d.u.i.k.p.r.p.TestFile    Now processing file /home/runner/work/key/key/key.core/../key.ui/examples/InformationFlow/MiniExamples/mini.MiniExamplesLecture(mini.MiniExamplesLecture__m_5()).JML normal_behavior operation contract.0.key 
15253      INFO  main            d.u.i.k.p.i.AbstractProblemLoader Loading environment from /home/runner/work/key/key/key.core/../key.ui/examples/InformationFlow/MiniExamples/mini.MiniExamplesLecture(mini.MiniExamplesLecture__m_5()).JML normal_behavior operation contract.0.key 
15254      DEBUG main            d.u.i.k.p.i.AbstractProblemLoader Environment load took 67.8ns 
15255      INFO  main            d.u.i.k.p.i.AbstractProblemLoader Creating init config 
17747      DEBUG main            d.u.i.k.p.i.AbstractProblemLoader Init config took 2.49s 
17795      INFO  main            d.u.i.k.p.i.AbstractProblemLoader Replaying proof mini.MiniExamplesLecture[mini.MiniExamplesLecture::m_5()].JML normal_behavior operation contract.0 
17798      DEBUG main            d.u.i.k.p.i.IntermediateProofReplayer Proof replay took 12.5ns 
17900      INFO  main            d.u.i.k.p.r.p.TestFile    ... finished proof: closed. 
18054      INFO  main            d.u.i.k.p.r.p.TestFile    Now processing file /home/runner/work/key/key/key.core/../key.ui/examples/InformationFlow/MiniExamples/mini.MiniExamplesLecture(mini.MiniExamplesLecture__m_4()).JML normal_behavior operation contract.0.key 
18054      INFO  main            d.u.i.k.p.i.AbstractProblemLoader Loading environment from /home/runner/work/key/key/key.core/../key.ui/examples/InformationFlow/MiniExamples/mini.MiniExamplesLecture(mini.MiniExamplesLecture__m_4()).JML normal_behavior operation contract.0.key 
18055      DEBUG main            d.u.i.k.p.i.AbstractProblemLoader Environment load took 62.6ns 
18056      INFO  main            d.u.i.k.p.i.AbstractProblemLoader Creating init config 
20592      DEBUG main            d.u.i.k.p.i.AbstractProblemLoader Init config took 2.54s 
20642      INFO  main            d.u.i.k.p.i.AbstractProblemLoader Replaying proof mini.MiniExamplesLecture[mini.MiniExamplesLecture::m_4()].JML normal_behavior operation contract.0 
20646      DEBUG main            d.u.i.k.p.i.IntermediateProofReplayer Proof replay took 12ns 
20748      INFO  main            d.u.i.k.p.r.p.TestFile    ... finished proof: closed. 
20864      INFO  main            d.u.i.k.p.r.p.TestFile    Now processing file /home/runner/work/key/key/key.core/../key.ui/examples/InformationFlow/MiniExamples/mini.MiniExamplesLecture(mini.MiniExamplesLecture__m_3()).JML normal_behavior operation contract.0.key 
20865      INFO  main            d.u.i.k.p.i.AbstractProblemLoader Loading environment from /home/runner/work/key/key/key.core/../key.ui/examples/InformationFlow/MiniExamples/mini.MiniExamplesLecture(mini.MiniExamplesLecture__m_3()).JML normal_behavior operation contract.0.key 
20865      DEBUG main            d.u.i.k.p.i.AbstractProblemLoader Environment load took 114.5ns 
20866      INFO  main            d.u.i.k.p.i.AbstractProblemLoader Creating init config 
23317      DEBUG main            d.u.i.k.p.i.AbstractProblemLoader Init config took 2.45s 
23361      INFO  main            d.u.i.k.p.i.AbstractProblemLoader Replaying proof mini.MiniExamplesLecture[mini.MiniExamplesLecture::m_3()].JML normal_behavior operation contract.0 
23364      DEBUG main            d.u.i.k.p.i.IntermediateProofReplayer Proof replay took 10.2ns 
23466      INFO  main            d.u.i.k.p.r.p.TestFile    ... finished proof: closed. 
23584      INFO  main            d.u.i.k.p.r.p.TestFile    Now processing file /home/runner/work/key/key/key.core/../key.ui/examples/InformationFlow/MiniExamples/mini.MiniExamplesLecture(mini.MiniExamplesLecture__m_2()).JML normal_behavior operation contract.0.key 
23584      INFO  main            d.u.i.k.p.i.AbstractProblemLoader Loading environment from /home/runner/work/key/key/key.core/../key.ui/examples/InformationFlow/MiniExamples/mini.MiniExamplesLecture(mini.MiniExamplesLecture__m_2()).JML normal_behavior operation contract.0.key 
23585      DEBUG main            d.u.i.k.p.i.AbstractProblemLoader Environment load took 670.1ns 
23586      INFO  main            d.u.i.k.p.i.AbstractProblemLoader Creating init config 
26028      DEBUG main            d.u.i.k.p.i.AbstractProblemLoader Init config took 2.44s 
26070      INFO  main            d.u.i.k.p.i.AbstractProblemLoader Replaying proof mini.MiniExamplesLecture[mini.MiniExamplesLecture::m_2()].JML normal_behavior operation contract.0 
26073      DEBUG main            d.u.i.k.p.i.IntermediateProofReplayer Proof replay took 10.9ns 
26175      INFO  main            d.u.i.k.p.r.p.TestFile    ... finished proof: closed. 
26292      INFO  main            d.u.i.k.p.r.p.TestFile    Now processing file /home/runner/work/key/key/key.core/../key.ui/examples/InformationFlow/MiniExamples/mini.MiniExamplesLecture(mini.MiniExamplesLecture__m_1()).JML normal_behavior operation contract.0.key 
26293      INFO  main            d.u.i.k.p.i.AbstractProblemLoader Loading environment from /home/runner/work/key/key/key.core/../key.ui/examples/InformationFlow/MiniExamples/mini.MiniExamplesLecture(mini.MiniExamplesLecture__m_1()).JML normal_behavior operation contract.0.key 
26293      DEBUG main            d.u.i.k.p.i.AbstractProblemLoader Environment load took 111.8ns 
26294      INFO  main            d.u.i.k.p.i.AbstractProblemLoader Creating init config 
28780      DEBUG main            d.u.i.k.p.i.AbstractProblemLoader Init config took 2.49s 
28822      INFO  main            d.u.i.k.p.i.AbstractProblemLoader Replaying proof mini.MiniExamplesLecture[mini.MiniExamplesLecture::m_1()].JML normal_behavior operation contract.0 
28825      DEBUG main            d.u.i.k.p.i.IntermediateProofReplayer Proof replay took 12.5ns 
28927      INFO  main            d.u.i.k.p.r.p.TestFile    ... finished proof: closed. 
29051      INFO  main            d.u.i.k.p.r.p.TestFile    Now processing file /home/runner/work/key/key/key.core/../key.ui/examples/InformationFlow/MiniExamples/mini.DifferenceSeqLocset(mini.DifferenceSeqLocset__m()).JML normal_behavior operation contract.1.key 
29051      INFO  main            d.u.i.k.p.i.AbstractProblemLoader Loading environment from /home/runner/work/key/key/key.core/../key.ui/examples/InformationFlow/MiniExamples/mini.DifferenceSeqLocset(mini.DifferenceSeqLocset__m()).JML normal_behavior operation contract.1.key 
29051      DEBUG main            d.u.i.k.p.i.AbstractProblemLoader Environment load took 71ns 
29052      INFO  main            d.u.i.k.p.i.AbstractProblemLoader Creating init config 
31466      DEBUG main            d.u.i.k.p.i.AbstractProblemLoader Init config took 2.41s 
31511      INFO  main            d.u.i.k.p.i.AbstractProblemLoader Replaying proof mini.DifferenceSeqLocset[mini.DifferenceSeqLocset::m()].JML normal_behavior operation contract.1 
31513      DEBUG main            d.u.i.k.p.i.IntermediateProofReplayer Proof replay took 11ns 
31731      INFO  main            d.u.i.k.p.r.p.TestFile    ... finished proof: closed. 
31851      INFO  main            d.u.i.k.p.r.p.TestFile    Now processing file /home/runner/work/key/key/key.core/../key.ui/examples/InformationFlow/MiniExamples/mini.DifferenceSeqLocset(mini.DifferenceSeqLocset__m()).JML normal_behavior operation contract.0.key 
31851      INFO  main            d.u.i.k.p.i.AbstractProblemLoader Loading environment from /home/runner/work/key/key/key.core/../key.ui/examples/InformationFlow/MiniExamples/mini.DifferenceSeqLocset(mini.DifferenceSeqLocset__m()).JML normal_behavior operation contract.0.key 
31851      DEBUG main            d.u.i.k.p.i.AbstractProblemLoader Environment load took 64.6ns 
31852      INFO  main            d.u.i.k.p.i.AbstractProblemLoader Creating init config 
34283      DEBUG main            d.u.i.k.p.i.AbstractProblemLoader Init config took 2.43s 
34342      INFO  main            d.u.i.k.p.i.AbstractProblemLoader Replaying proof mini.DifferenceSeqLocset[mini.DifferenceSeqLocset::m()].JML normal_behavior operation contract.0 
34345      DEBUG main            d.u.i.k.p.i.IntermediateProofReplayer Proof replay took 11.9ns 
34547      INFO  main            d.u.i.k.p.r.p.TestFile    ... finished proof: closed. 
34738      INFO  main            d.u.i.k.p.r.p.TestFile    Now processing file /home/runner/work/key/key/key.core/../key.ui/examples/InformationFlow/MiniExamples/mini.MiniExamples(mini.MiniExamples__secure_p2_8()).JML normal_behavior operation contract.0.key 
34738      INFO  main            d.u.i.k.p.i.AbstractProblemLoader Loading environment from /home/runner/work/key/key/key.core/../key.ui/examples/InformationFlow/MiniExamples/mini.MiniExamples(mini.MiniExamples__secure_p2_8()).JML normal_behavior operation contract.0.key 
34739      DEBUG main            d.u.i.k.p.i.AbstractProblemLoader Environment load took 102.9ns 
34740      INFO  main            d.u.i.k.p.i.AbstractProblemLoader Creating init config 
37165      DEBUG main            d.u.i.k.p.i.AbstractProblemLoader Init config took 2.43s 
37206      INFO  main            d.u.i.k.p.i.AbstractProblemLoader Replaying proof mini.MiniExamples[mini.MiniExamples::secure_p2_8()].JML normal_behavior operation contract.0 
37209      DEBUG main            d.u.i.k.p.i.IntermediateProofReplayer Proof replay took 11ns 
37310      INFO  main            d.u.i.k.p.r.p.TestFile    ... finished proof: closed. 
37465      INFO  main            d.u.i.k.p.r.p.TestFile    Now processing file /home/runner/work/key/key/key.core/../key.ui/examples/InformationFlow/MiniExamples/mini.MiniExamples(mini.MiniExamples__secure_parameter(int)).JML operation contract.0.key 
37465      INFO  main            d.u.i.k.p.i.AbstractProblemLoader Loading environment from /home/runner/work/key/key/key.core/../key.ui/examples/InformationFlow/MiniExamples/mini.MiniExamples(mini.MiniExamples__secure_parameter(int)).JML operation contract.0.key 
37465      DEBUG main            d.u.i.k.p.i.AbstractProblemLoader Environment load took 80.2ns 
37466      INFO  main            d.u.i.k.p.i.AbstractProblemLoader Creating init config 
39849      DEBUG main            d.u.i.k.p.i.AbstractProblemLoader Init config took 2.38s 
39899      INFO  main            d.u.i.k.p.i.AbstractProblemLoader Replaying proof mini.MiniExamples[mini.MiniExamples::secure_parameter(int)].JML operation contract.0 
39901      DEBUG main            d.u.i.k.p.i.IntermediateProofReplayer Proof replay took 11.3ns 
40003      INFO  main            d.u.i.k.p.r.p.TestFile    ... finished proof: closed. 
40144      INFO  main            d.u.i.k.p.r.p.TestFile    Now processing file /home/runner/work/key/key/key.core/../key.ui/examples/InformationFlow/MiniExamples/mini.MiniExamples(mini.MiniExamples__secure_p2_7()).JML normal_behavior operation contract.0.key 
40144      INFO  main            d.u.i.k.p.i.AbstractProblemLoader Loading environment from /home/runner/work/key/key/key.core/../key.ui/examples/InformationFlow/MiniExamples/mini.MiniExamples(mini.MiniExamples__secure_p2_7()).JML normal_behavior operation contract.0.key 
40145      DEBUG main            d.u.i.k.p.i.AbstractProblemLoader Environment load took 68.2ns 
40145      INFO  main            d.u.i.k.p.i.AbstractProblemLoader Creating init config 
42547      DEBUG main            d.u.i.k.p.i.AbstractProblemLoader Init config took 2.4s 
42588      INFO  main            d.u.i.k.p.i.AbstractProblemLoader Replaying proof mini.MiniExamples[mini.MiniExamples::secure_p2_7()].JML normal_behavior operation contract.0 
42590      DEBUG main            d.u.i.k.p.i.IntermediateProofReplayer Proof replay took 12.4ns 
42692      INFO  main            d.u.i.k.p.r.p.TestFile    ... finished proof: closed. 
42841      INFO  main            d.u.i.k.p.r.p.TestFile    Now processing file /home/runner/work/key/key/key.core/../key.ui/examples/InformationFlow/MiniExamples/mini.MiniExamples(mini.MiniExamples__insecure_p2_2()).JML normal_behavior operation contract.0.key 
42842      INFO  main            d.u.i.k.p.i.AbstractProblemLoader Loading environment from /home/runner/work/key/key/key.core/../key.ui/examples/InformationFlow/MiniExamples/mini.MiniExamples(mini.MiniExamples__insecure_p2_2()).JML normal_behavior operation contract.0.key 
42842      DEBUG main            d.u.i.k.p.i.AbstractProblemLoader Environment load took 61.3ns 
42843      INFO  main            d.u.i.k.p.i.AbstractProblemLoader Creating init config 
45232      DEBUG main            d.u.i.k.p.i.AbstractProblemLoader Init config took 2.39s 
45272      INFO  main            d.u.i.k.p.i.AbstractProblemLoader Replaying proof mini.MiniExamples[mini.MiniExamples::insecure_p2_2()].JML normal_behavior operation contract.0 
45274      DEBUG main            d.u.i.k.p.i.IntermediateProofReplayer Proof replay took 11.3ns 
45377      INFO  main            d.u.i.k.p.r.p.TestFile    ... finished proof: closed. 
45523      INFO  main            d.u.i.k.p.r.p.TestFile    Now processing file /home/runner/work/key/key/key.core/../key.ui/examples/InformationFlow/MiniExamples/mini.MiniExamples(mini.MiniExamples__secure_p2_6()).JML normal_behavior operation contract.0.key 
45524      INFO  main            d.u.i.k.p.i.AbstractProblemLoader Loading environment from /home/runner/work/key/key/key.core/../key.ui/examples/InformationFlow/MiniExamples/mini.MiniExamples(mini.MiniExamples__secure_p2_6()).JML normal_behavior operation contract.0.key 
45525      DEBUG main            d.u.i.k.p.i.AbstractProblemLoader Environment load took 105.1ns 
45526      INFO  main            d.u.i.k.p.i.AbstractProblemLoader Creating init config 
47923      DEBUG main            d.u.i.k.p.i.AbstractProblemLoader Init config took 2.4s 
47961      INFO  main            d.u.i.k.p.i.AbstractProblemLoader Replaying proof mini.MiniExamples[mini.MiniExamples::secure_p2_6()].JML normal_behavior operation contract.0 
47964      DEBUG main            d.u.i.k.p.i.IntermediateProofReplayer Proof replay took 14.7ns 
48066      INFO  main            d.u.i.k.p.r.p.TestFile    ... finished proof: closed. 
48219      INFO  main            d.u.i.k.p.r.p.TestFile    Now processing file /home/runner/work/key/key/key.core/../key.ui/examples/InformationFlow/MiniExamples/mini.MiniExamples(mini.MiniExamples__secure_p2_5()).JML normal_behavior operation contract.0.key 
48219      INFO  main            d.u.i.k.p.i.AbstractProblemLoader Loading environment from /home/runner/work/key/key/key.core/../key.ui/examples/InformationFlow/MiniExamples/mini.MiniExamples(mini.MiniExamples__secure_p2_5()).JML normal_behavior operation contract.0.key 
48220      DEBUG main            d.u.i.k.p.i.AbstractProblemLoader Environment load took 60.6ns 
48220      INFO  main            d.u.i.k.p.i.AbstractProblemLoader Creating init config 
50607      DEBUG main            d.u.i.k.p.i.AbstractProblemLoader Init config took 2.39s 
50646      INFO  main            d.u.i.k.p.i.AbstractProblemLoader Replaying proof mini.MiniExamples[mini.MiniExamples::secure_p2_5()].JML normal_behavior operation contract.0 
50649      DEBUG main            d.u.i.k.p.i.IntermediateProofReplayer Proof replay took 11.3ns 
50750      INFO  main            d.u.i.k.p.r.p.TestFile    ... finished proof: closed. 
50903      INFO  main            d.u.i.k.p.r.p.TestFile    Now processing file /home/runner/work/key/key/key.core/../key.ui/examples/InformationFlow/MiniExamples/mini.MiniExamples(mini.MiniExamples__secure_p2_4()).JML normal_behavior operation contract.0.key 
50903      INFO  main            d.u.i.k.p.i.AbstractProblemLoader Loading environment from /home/runner/work/key/key/key.core/../key.ui/examples/InformationFlow/MiniExamples/mini.MiniExamples(mini.MiniExamples__secure_p2_4()).JML normal_behavior operation contract.0.key 
50903      DEBUG main            d.u.i.k.p.i.AbstractProblemLoader Environment load took 57ns 
50904      INFO  main            d.u.i.k.p.i.AbstractProblemLoader Creating init config 
53285      DEBUG main            d.u.i.k.p.i.AbstractProblemLoader Init config took 2.38s 
53324      INFO  main            d.u.i.k.p.i.AbstractProblemLoader Replaying proof mini.MiniExamples[mini.MiniExamples::secure_p2_4()].JML normal_behavior operation contract.0 
53328      DEBUG main            d.u.i.k.p.i.IntermediateProofReplayer Proof replay took 12ns 
53430      INFO  main            d.u.i.k.p.r.p.TestFile    ... finished proof: closed. 
53576      INFO  main            d.u.i.k.p.r.p.TestFile    Now processing file /home/runner/work/key/key/key.core/../key.ui/examples/InformationFlow/MiniExamples/mini.MiniExamples(mini.MiniExamples__secure_p2_3()).JML normal_behavior operation contract.0.key 
53576      INFO  main            d.u.i.k.p.i.AbstractProblemLoader Loading environment from /home/runner/work/key/key/key.core/../key.ui/examples/InformationFlow/MiniExamples/mini.MiniExamples(mini.MiniExamples__secure_p2_3()).JML normal_behavior operation contract.0.key 
53576      DEBUG main            d.u.i.k.p.i.AbstractProblemLoader Environment load took 59.2ns 
53577      INFO  main            d.u.i.k.p.i.AbstractProblemLoader Creating init config 
55951      DEBUG main            d.u.i.k.p.i.AbstractProblemLoader Init config took 2.37s 
56000      INFO  main            d.u.i.k.p.i.AbstractProblemLoader Replaying proof mini.MiniExamples[mini.MiniExamples::secure_p2_3()].JML normal_behavior operation contract.0 
56004      DEBUG main            d.u.i.k.p.i.IntermediateProofReplayer Proof replay took 12.9ns 
56106      INFO  main            d.u.i.k.p.r.p.TestFile    ... finished proof: closed. 
56266      INFO  main            d.u.i.k.p.r.p.TestFile    Now processing file /home/runner/work/key/key/key.core/../key.ui/examples/InformationFlow/MiniExamples/mini.MiniExamples(mini.MiniExamples__secure_p2_2()).JML normal_behavior operation contract.0.key 
56266      INFO  main            d.u.i.k.p.i.AbstractProblemLoader Loading environment from /home/runner/work/key/key/key.core/../key.ui/examples/InformationFlow/MiniExamples/mini.MiniExamples(mini.MiniExamples__secure_p2_2()).JML normal_behavior operation contract.0.key 
56266      DEBUG main            d.u.i.k.p.i.AbstractProblemLoader Environment load took 56.2ns 
56267      INFO  main            d.u.i.k.p.i.AbstractProblemLoader Creating init config 
58653      DEBUG main            d.u.i.k.p.i.AbstractProblemLoader Init config took 2.39s 
58689      INFO  main            d.u.i.k.p.i.AbstractProblemLoader Replaying proof mini.MiniExamples[mini.MiniExamples::secure_p2_2()].JML normal_behavior operation contract.0 
58691      DEBUG main            d.u.i.k.p.i.IntermediateProofReplayer Proof replay took 11.4ns 
58794      INFO  main            d.u.i.k.p.r.p.TestFile    ... finished proof: closed. 
58951      INFO  main            d.u.i.k.p.r.p.TestFile    Now processing file /home/runner/work/key/key/key.core/../key.ui/examples/InformationFlow/MiniExamples/mini.MiniExamples(mini.MiniExamples__secure_p2_1()).JML normal_behavior operation contract.0.key 
58951      INFO  main            d.u.i.k.p.i.AbstractProblemLoader Loading environment from /home/runner/work/key/key/key.core/../key.ui/examples/InformationFlow/MiniExamples/mini.MiniExamples(mini.MiniExamples__secure_p2_1()).JML normal_behavior operation contract.0.key 
58951      DEBUG main            d.u.i.k.p.i.AbstractProblemLoader Environment load took 59.6ns 
58952      INFO  main            d.u.i.k.p.i.AbstractProblemLoader Creating init config 
61322      DEBUG main            d.u.i.k.p.i.AbstractProblemLoader Init config took 2.37s 
61366      INFO  main            d.u.i.k.p.i.AbstractProblemLoader Replaying proof mini.MiniExamples[mini.MiniExamples::secure_p2_1()].JML normal_behavior operation contract.0 
61369      DEBUG main            d.u.i.k.p.i.IntermediateProofReplayer Proof replay took 12.5ns 
61474      INFO  main            d.u.i.k.p.r.p.TestFile    ... finished proof: closed. 
61626      INFO  main            d.u.i.k.p.r.p.TestFile    Now processing file /home/runner/work/key/key/key.core/../key.ui/examples/InformationFlow/MiniExamples/mini.MiniExamples(mini.MiniExamples__insecure_p2_1()).JML normal_behavior operation contract.0.key 
61627      INFO  main            d.u.i.k.p.i.AbstractProblemLoader Loading environment from /home/runner/work/key/key/key.core/../key.ui/examples/InformationFlow/MiniExamples/mini.MiniExamples(mini.MiniExamples__insecure_p2_1()).JML normal_behavior operation contract.0.key 
61627      DEBUG main            d.u.i.k.p.i.AbstractProblemLoader Environment load took 62.2ns 
61628      INFO  main            d.u.i.k.p.i.AbstractProblemLoader Creating init config 
63992      DEBUG main            d.u.i.k.p.i.AbstractProblemLoader Init config took 2.36s 
64026      INFO  main            d.u.i.k.p.i.AbstractProblemLoader Replaying proof mini.MiniExamples[mini.MiniExamples::insecure_p2_1()].JML normal_behavior operation contract.0 
64028      DEBUG main            d.u.i.k.p.i.IntermediateProofReplayer Proof replay took 11.9ns 
64133      INFO  main            d.u.i.k.p.r.p.TestFile    ... finished proof: closed. 
64310      INFO  main            d.u.i.k.p.r.p.TestFile    Now processing file /home/runner/work/key/key/key.core/../key.ui/examples/InformationFlow/MiniExamples/mini.MiniExamples(mini.MiniExamples__secure_p1_6()).JML normal_behavior operation contract.0.key 
64310      INFO  main            d.u.i.k.p.i.AbstractProblemLoader Loading environment from /home/runner/work/key/key/key.core/../key.ui/examples/InformationFlow/MiniExamples/mini.MiniExamples(mini.MiniExamples__secure_p1_6()).JML normal_behavior operation contract.0.key 
64310      DEBUG main            d.u.i.k.p.i.AbstractProblemLoader Environment load took 65.1ns 
64311      INFO  main            d.u.i.k.p.i.AbstractProblemLoader Creating init config 
66729      DEBUG main            d.u.i.k.p.i.AbstractProblemLoader Init config took 2.42s 
66764      INFO  main            d.u.i.k.p.i.AbstractProblemLoader Replaying proof mini.MiniExamples[mini.MiniExamples::secure_p1_6()].JML normal_behavior operation contract.0 
66766      DEBUG main            d.u.i.k.p.i.IntermediateProofReplayer Proof replay took 11.6ns 
66870      INFO  main            d.u.i.k.p.r.p.TestFile    ... finished proof: closed. 
67080      INFO  main            d.u.i.k.p.r.p.TestFile    Now processing file /home/runner/work/key/key/key.core/../key.ui/examples/InformationFlow/MiniExamples/mini.MiniExamples(mini.MiniExamples__secure_p1_5()).JML normal_behavior operation contract.0.key 
67080      INFO  main            d.u.i.k.p.i.AbstractProblemLoader Loading environment from /home/runner/work/key/key/key.core/../key.ui/examples/InformationFlow/MiniExamples/mini.MiniExamples(mini.MiniExamples__secure_p1_5()).JML normal_behavior operation contract.0.key 
67080      DEBUG main            d.u.i.k.p.i.AbstractProblemLoader Environment load took 63.9ns 
67081      INFO  main            d.u.i.k.p.i.AbstractProblemLoader Creating init config 
69434      DEBUG main            d.u.i.k.p.i.AbstractProblemLoader Init config took 2.35s 
69469      INFO  main            d.u.i.k.p.i.AbstractProblemLoader Replaying proof mini.MiniExamples[mini.MiniExamples::secure_p1_5()].JML normal_behavior operation contract.0 
69473      DEBUG main            d.u.i.k.p.i.IntermediateProofReplayer Proof replay took 13.6ns 
69575      INFO  main            d.u.i.k.p.r.p.TestFile    ... finished proof: closed. 
69736      INFO  main            d.u.i.k.p.r.p.TestFile    Now processing file /home/runner/work/key/key/key.core/../key.ui/examples/InformationFlow/MiniExamples/mini.MiniExamples(mini.MiniExamples__secure_p1_4()).JML normal_behavior operation contract.0.key 
69736      INFO  main            d.u.i.k.p.i.AbstractProblemLoader Loading environment from /home/runner/work/key/key/key.core/../key.ui/examples/InformationFlow/MiniExamples/mini.MiniExamples(mini.MiniExamples__secure_p1_4()).JML normal_behavior operation contract.0.key 
69736      DEBUG main            d.u.i.k.p.i.AbstractProblemLoader Environment load took 61.3ns 
69738      INFO  main            d.u.i.k.p.i.AbstractProblemLoader Creating init config 
72081      DEBUG main            d.u.i.k.p.i.AbstractProblemLoader Init config took 2.34s 
72115      INFO  main            d.u.i.k.p.i.AbstractProblemLoader Replaying proof mini.MiniExamples[mini.MiniExamples::secure_p1_4()].JML normal_behavior operation contract.0 
72117      DEBUG main            d.u.i.k.p.i.IntermediateProofReplayer Proof replay took 11.9ns 
72222      INFO  main            d.u.i.k.p.r.p.TestFile    ... finished proof: closed. 
72397      INFO  main            d.u.i.k.p.r.p.TestFile    Now processing file /home/runner/work/key/key/key.core/../key.ui/examples/InformationFlow/MiniExamples/mini.MiniExamples(mini.MiniExamples__secure_p1_3()).JML normal_behavior operation contract.0.key 
72397      INFO  main            d.u.i.k.p.i.AbstractProblemLoader Loading environment from /home/runner/work/key/key/key.core/../key.ui/examples/InformationFlow/MiniExamples/mini.MiniExamples(mini.MiniExamples__secure_p1_3()).JML normal_behavior operation contract.0.key 
72397      DEBUG main            d.u.i.k.p.i.AbstractProblemLoader Environment load took 55.8ns 
72398      INFO  main            d.u.i.k.p.i.AbstractProblemLoader Creating init config 
74763      DEBUG main            d.u.i.k.p.i.AbstractProblemLoader Init config took 2.36s 
74798      INFO  main            d.u.i.k.p.i.AbstractProblemLoader Replaying proof mini.MiniExamples[mini.MiniExamples::secure_p1_3()].JML normal_behavior operation contract.0 
74801      DEBUG main            d.u.i.k.p.i.IntermediateProofReplayer Proof replay took 13ns 
74903      INFO  main            d.u.i.k.p.r.p.TestFile    ... finished proof: closed. 
75064      INFO  main            d.u.i.k.p.r.p.TestFile    Now processing file /home/runner/work/key/key/key.core/../key.ui/examples/InformationFlow/MiniExamples/mini.MiniExamples(mini.MiniExamples__secure_p1_2()).JML normal_behavior operation contract.0.key 
75064      INFO  main            d.u.i.k.p.i.AbstractProblemLoader Loading environment from /home/runner/work/key/key/key.core/../key.ui/examples/InformationFlow/MiniExamples/mini.MiniExamples(mini.MiniExamples__secure_p1_2()).JML normal_behavior operation contract.0.key 
75064      DEBUG main            d.u.i.k.p.i.AbstractProblemLoader Environment load took 61.5ns 
75065      INFO  main            d.u.i.k.p.i.AbstractProblemLoader Creating init config 
77430      DEBUG main            d.u.i.k.p.i.AbstractProblemLoader Init config took 2.37s 
77482      INFO  main            d.u.i.k.p.i.AbstractProblemLoader Replaying proof mini.MiniExamples[mini.MiniExamples::secure_p1_2()].JML normal_behavior operation contract.0 
77485      DEBUG main            d.u.i.k.p.i.IntermediateProofReplayer Proof replay took 12.9ns 
77586      INFO  main            d.u.i.k.p.r.p.TestFile    ... finished proof: closed. 
77767      INFO  main            d.u.i.k.p.r.p.TestFile    Now processing file /home/runner/work/key/key/key.core/../key.ui/examples/InformationFlow/MiniExamples/mini.MiniExamples(mini.MiniExamples__secure_p1_1()).JML normal_behavior operation contract.1.key 
77767      INFO  main            d.u.i.k.p.i.AbstractProblemLoader Loading environment from /home/runner/work/key/key/key.core/../key.ui/examples/InformationFlow/MiniExamples/mini.MiniExamples(mini.MiniExamples__secure_p1_1()).JML normal_behavior operation contract.1.key 
77767      DEBUG main            d.u.i.k.p.i.AbstractProblemLoader Environment load took 55.1ns 
77770      INFO  main            d.u.i.k.p.i.AbstractProblemLoader Creating init config 
80145      DEBUG main            d.u.i.k.p.i.AbstractProblemLoader Init config took 2.38s 
80183      INFO  main            d.u.i.k.p.i.AbstractProblemLoader Replaying proof mini.MiniExamples[mini.MiniExamples::secure_p1_1()].JML normal_behavior operation contract.1 
80187      DEBUG main            d.u.i.k.p.i.IntermediateProofReplayer Proof replay took 13.3ns 
80289      INFO  main            d.u.i.k.p.r.p.TestFile    ... finished proof: closed. 
80463      INFO  main            d.u.i.k.p.r.p.TestFile    Now processing file /home/runner/work/key/key/key.core/../key.ui/examples/InformationFlow/MiniExamples/mini.MiniExamples(mini.MiniExamples__secure_p1_1()).JML normal_behavior operation contract.0.key 
80463      INFO  main            d.u.i.k.p.i.AbstractProblemLoader Loading environment from /home/runner/work/key/key/key.core/../key.ui/examples/InformationFlow/MiniExamples/mini.MiniExamples(mini.MiniExamples__secure_p1_1()).JML normal_behavior operation contract.0.key 
80463      DEBUG main            d.u.i.k.p.i.AbstractProblemLoader Environment load took 55.4ns 
80465      INFO  main            d.u.i.k.p.i.AbstractProblemLoader Creating init config 
82818      DEBUG main            d.u.i.k.p.i.AbstractProblemLoader Init config took 2.35s 
82851      INFO  main            d.u.i.k.p.i.AbstractProblemLoader Replaying proof mini.MiniExamples[mini.MiniExamples::secure_p1_1()].JML normal_behavior operation contract.0 
82855      DEBUG main            d.u.i.k.p.i.IntermediateProofReplayer Proof replay took 13.4ns 
82957      INFO  main            d.u.i.k.p.r.p.TestFile    ... finished proof: closed. 
83145      INFO  main            d.u.i.k.p.r.p.TestFile    Now processing file /home/runner/work/key/key/key.core/../key.ui/examples/InformationFlow/MiniExamples/mini.MiniExamples(mini.MiniExamples__insecure_p1_2()).JML normal_behavior operation contract.0.key 
83145      INFO  main            d.u.i.k.p.i.AbstractProblemLoader Loading environment from /home/runner/work/key/key/key.core/../key.ui/examples/InformationFlow/MiniExamples/mini.MiniExamples(mini.MiniExamples__insecure_p1_2()).JML normal_behavior operation contract.0.key 
83145      DEBUG main            d.u.i.k.p.i.AbstractProblemLoader Environment load took 101.1ns 
83146      INFO  main            d.u.i.k.p.i.AbstractProblemLoader Creating init config 
85499      DEBUG main            d.u.i.k.p.i.AbstractProblemLoader Init config took 2.35s 
85532      INFO  main            d.u.i.k.p.i.AbstractProblemLoader Replaying proof mini.MiniExamples[mini.MiniExamples::insecure_p1_2()].JML normal_behavior operation contract.0 
85534      DEBUG main            d.u.i.k.p.i.IntermediateProofReplayer Proof replay took 12.8ns 
85638      INFO  main            d.u.i.k.p.r.p.TestFile    ... finished proof: closed. 
85822      INFO  main            d.u.i.k.p.r.p.TestFile    Now processing file /home/runner/work/key/key/key.core/../key.ui/examples/InformationFlow/MiniExamples/mini.MiniExamples(mini.MiniExamples__insecure_p1_1()).JML normal_behavior operation contract.0.key 
85823      INFO  main            d.u.i.k.p.i.AbstractProblemLoader Loading environment from /home/runner/work/key/key/key.core/../key.ui/examples/InformationFlow/MiniExamples/mini.MiniExamples(mini.MiniExamples__insecure_p1_1()).JML normal_behavior operation contract.0.key 
85823      DEBUG main            d.u.i.k.p.i.AbstractProblemLoader Environment load took 97.6ns 
85823      INFO  main            d.u.i.k.p.i.AbstractProblemLoader Creating init config 
88163      DEBUG main            d.u.i.k.p.i.AbstractProblemLoader Init config took 2.34s 
88196      INFO  main            d.u.i.k.p.i.AbstractProblemLoader Replaying proof mini.MiniExamples[mini.MiniExamples::insecure_p1_1()].JML normal_behavior operation contract.0 
88198      DEBUG main            d.u.i.k.p.i.IntermediateProofReplayer Proof replay took 11.5ns 
88302      INFO  main            d.u.i.k.p.r.p.TestFile    ... finished proof: closed. 
434677     INFO  Test worker     d.u.i.k.p.r.RunAllProofsTestUnit Returning from test MiniExamples 
434682     INFO  Test worker     d.u.i.k.p.r.RunAllProofsTestUnit Running test NewObjects 
305        INFO  Timeout watchdog d.u.i.k.p.r.p.ForkedTestFileRunner Timeout watcher launched (1000 secs.) 
325        WARN  main            d.u.i.k.s.ProofSettings   The settings in /home/runner/.key/proof-settings.props are *not* read. 
356        INFO  main            d.u.i.k.p.r.p.TestFile    Now processing file /home/runner/work/key/key/key.core/../key.ui/examples/InformationFlow/NewObjects/object.AmtoftBanerjee3(object.AmtoftBanerjee3__m()).JML operation contract.0.key 
457        INFO  main            d.u.i.k.p.i.AbstractProblemLoader Loading environment from /home/runner/work/key/key/key.core/../key.ui/examples/InformationFlow/NewObjects/object.AmtoftBanerjee3(object.AmtoftBanerjee3__m()).JML operation contract.0.key 
483        DEBUG main            d.u.i.k.p.i.AbstractProblemLoader Environment load took 2.15ms 
703        INFO  main            d.u.i.k.p.i.AbstractProblemLoader Creating init config 
1605       DEBUG main            d.u.i.k.j.TypeConverter   No LDT found for Meta 
1605       DEBUG main            d.u.i.k.j.TypeConverter   No LDT found for Meta 
1608       DEBUG main            d.u.i.k.j.TypeConverter   No LDT found for Meta 
1608       DEBUG main            d.u.i.k.j.TypeConverter   No LDT found for Meta 
2912       DEBUG main            d.u.i.k.j.TypeConverter   No LDT found for JavaBigintExpression 
5596       DEBUG main            d.u.i.k.j.r.ClassPreparationMethodBuilder clPrepBuilder: Inner Class detected. Reject building class initialisation methods. 
8174       DEBUG main            d.u.i.k.p.i.AbstractProblemLoader Init config took 7.47s 
8324       INFO  main            d.u.i.k.p.i.AbstractProblemLoader Replaying proof object.AmtoftBanerjee3[object.AmtoftBanerjee3::m()].JML operation contract.0 
8387       DEBUG main            d.u.i.k.p.i.IntermediateProofReplayer Proof replay took 318.8ns 
8916       INFO  main            d.u.i.k.p.r.p.TestFile    ... finished proof: closed. 
9012       INFO  main            d.u.i.k.p.r.p.TestFile    Now processing file /home/runner/work/key/key/key.core/../key.ui/examples/InformationFlow/NewObjects/object.AmtoftBanerjee(object.AmtoftBanerjee__m_2()).JML normal_behavior operation contract.0.key 
9013       INFO  main            d.u.i.k.p.i.AbstractProblemLoader Loading environment from /home/runner/work/key/key/key.core/../key.ui/examples/InformationFlow/NewObjects/object.AmtoftBanerjee(object.AmtoftBanerjee__m_2()).JML normal_behavior operation contract.0.key 
9014       DEBUG main            d.u.i.k.p.i.AbstractProblemLoader Environment load took 812.9ns 
9017       INFO  main            d.u.i.k.p.i.AbstractProblemLoader Creating init config 
10047      DEBUG main            d.u.i.k.j.r.ClassPreparationMethodBuilder clPrepBuilder: Inner Class detected. Reject building class initialisation methods. 
12030      DEBUG main            d.u.i.k.p.i.AbstractProblemLoader Init config took 3.01s 
12095      INFO  main            d.u.i.k.p.i.AbstractProblemLoader Replaying proof object.AmtoftBanerjee[object.AmtoftBanerjee::m_2()].JML normal_behavior operation contract.0 
12099      DEBUG main            d.u.i.k.p.i.IntermediateProofReplayer Proof replay took 12.8ns 
12504      INFO  main            d.u.i.k.p.r.p.TestFile    ... finished proof: closed. 
12630      INFO  main            d.u.i.k.p.r.p.TestFile    Now processing file /home/runner/work/key/key/key.core/../key.ui/examples/InformationFlow/NewObjects/object.AmtoftBanerjee(object.AmtoftBanerjee__m_1()).JML normal_behavior operation contract.1.key 
12630      INFO  main            d.u.i.k.p.i.AbstractProblemLoader Loading environment from /home/runner/work/key/key/key.core/../key.ui/examples/InformationFlow/NewObjects/object.AmtoftBanerjee(object.AmtoftBanerjee__m_1()).JML normal_behavior operation contract.1.key 
12630      DEBUG main            d.u.i.k.p.i.AbstractProblemLoader Environment load took 76.4ns 
12632      INFO  main            d.u.i.k.p.i.AbstractProblemLoader Creating init config 
13600      DEBUG main            d.u.i.k.j.r.ClassPreparationMethodBuilder clPrepBuilder: Inner Class detected. Reject building class initialisation methods. 
15502      DEBUG main            d.u.i.k.p.i.AbstractProblemLoader Init config took 2.87s 
15574      INFO  main            d.u.i.k.p.i.AbstractProblemLoader Replaying proof object.AmtoftBanerjee[object.AmtoftBanerjee::m_1()].JML normal_behavior operation contract.1 
15577      DEBUG main            d.u.i.k.p.i.IntermediateProofReplayer Proof replay took 10.5ns 
15780      INFO  main            d.u.i.k.p.r.p.TestFile    ... finished proof: closed. 
15896      INFO  main            d.u.i.k.p.r.p.TestFile    Now processing file /home/runner/work/key/key/key.core/../key.ui/examples/InformationFlow/NewObjects/object.AmtoftBanerjee(object.AmtoftBanerjee__m_1()).JML normal_behavior operation contract.0.key 
15896      INFO  main            d.u.i.k.p.i.AbstractProblemLoader Loading environment from /home/runner/work/key/key/key.core/../key.ui/examples/InformationFlow/NewObjects/object.AmtoftBanerjee(object.AmtoftBanerjee__m_1()).JML normal_behavior operation contract.0.key 
15897      DEBUG main            d.u.i.k.p.i.AbstractProblemLoader Environment load took 70ns 
15898      INFO  main            d.u.i.k.p.i.AbstractProblemLoader Creating init config 
16778      DEBUG main            d.u.i.k.j.r.ClassPreparationMethodBuilder clPrepBuilder: Inner Class detected. Reject building class initialisation methods. 
18637      DEBUG main            d.u.i.k.p.i.AbstractProblemLoader Init config took 2.74s 
18711      INFO  main            d.u.i.k.p.i.AbstractProblemLoader Replaying proof object.AmtoftBanerjee[object.AmtoftBanerjee::m_1()].JML normal_behavior operation contract.0 
18715      DEBUG main            d.u.i.k.p.i.IntermediateProofReplayer Proof replay took 12.1ns 
19018      INFO  main            d.u.i.k.p.r.p.TestFile    ... finished proof: closed. 
19138      INFO  main            d.u.i.k.p.r.p.TestFile    Now processing file /home/runner/work/key/key/key.core/../key.ui/examples/InformationFlow/NewObjects/object.AmtoftBanerjee(object.AmtoftBanerjee__getQ()).JML normal_behavior operation contract.0.key 
19138      INFO  main            d.u.i.k.p.i.AbstractProblemLoader Loading environment from /home/runner/work/key/key/key.core/../key.ui/examples/InformationFlow/NewObjects/object.AmtoftBanerjee(object.AmtoftBanerjee__getQ()).JML normal_behavior operation contract.0.key 
19139      DEBUG main            d.u.i.k.p.i.AbstractProblemLoader Environment load took 70.4ns 
19140      INFO  main            d.u.i.k.p.i.AbstractProblemLoader Creating init config 
19995      DEBUG main            d.u.i.k.j.r.ClassPreparationMethodBuilder clPrepBuilder: Inner Class detected. Reject building class initialisation methods. 
21827      DEBUG main            d.u.i.k.p.i.AbstractProblemLoader Init config took 2.69s 
21877      INFO  main            d.u.i.k.p.i.AbstractProblemLoader Replaying proof object.AmtoftBanerjee[object.AmtoftBanerjee::getQ()].JML normal_behavior operation contract.0 
21880      DEBUG main            d.u.i.k.p.i.IntermediateProofReplayer Proof replay took 9.8ns 
21982      INFO  main            d.u.i.k.p.r.p.TestFile    ... finished proof: closed. 
22122      INFO  main            d.u.i.k.p.r.p.TestFile    Now processing file /home/runner/work/key/key/key.core/../key.ui/examples/InformationFlow/NewObjects/object.Naumann(object.Naumann__Pair_m(int,int)).JML operation contract.0.key 
22122      INFO  main            d.u.i.k.p.i.AbstractProblemLoader Loading environment from /home/runner/work/key/key/key.core/../key.ui/examples/InformationFlow/NewObjects/object.Naumann(object.Naumann__Pair_m(int,int)).JML operation contract.0.key 
22122      DEBUG main            d.u.i.k.p.i.AbstractProblemLoader Environment load took 111.9ns 
22123      INFO  main            d.u.i.k.p.i.AbstractProblemLoader Creating init config 
22985      DEBUG main            d.u.i.k.j.r.ClassPreparationMethodBuilder clPrepBuilder: Inner Class detected. Reject building class initialisation methods. 
24808      DEBUG main            d.u.i.k.p.i.AbstractProblemLoader Init config took 2.68s 
24858      INFO  main            d.u.i.k.p.i.AbstractProblemLoader Replaying proof object.Naumann[object.Naumann::Pair_m(int,int)].JML operation contract.0 
24861      DEBUG main            d.u.i.k.p.i.IntermediateProofReplayer Proof replay took 10.5ns 
26370      INFO  main            d.u.i.k.p.r.p.TestFile    ... finished proof: closed. 
26520      INFO  main            d.u.i.k.p.r.p.TestFile    Now processing file /home/runner/work/key/key/key.core/../key.ui/examples/InformationFlow/NewObjects/object.ObjectOrientation(object.ObjectOrientation__secure_while_i((Ljava.lang.Object)).JML operation contract.0.key 
26521      INFO  main            d.u.i.k.p.i.AbstractProblemLoader Loading environment from /home/runner/work/key/key/key.core/../key.ui/examples/InformationFlow/NewObjects/object.ObjectOrientation(object.ObjectOrientation__secure_while_i((Ljava.lang.Object)).JML operation contract.0.key 
26522      DEBUG main            d.u.i.k.p.i.AbstractProblemLoader Environment load took 115.1ns 
26523      INFO  main            d.u.i.k.p.i.AbstractProblemLoader Creating init config 
27364      DEBUG main            d.u.i.k.j.r.ClassPreparationMethodBuilder clPrepBuilder: Inner Class detected. Reject building class initialisation methods. 
29180      DEBUG main            d.u.i.k.p.i.AbstractProblemLoader Init config took 2.66s 
29227      INFO  main            d.u.i.k.p.i.AbstractProblemLoader Replaying proof object.ObjectOrientation[object.ObjectOrientation::secure_while_i([Ljava.lang.Object)].JML operation contract.0 
29230      DEBUG main            d.u.i.k.p.i.IntermediateProofReplayer Proof replay took 10.4ns 
29834      INFO  main            d.u.i.k.p.r.p.TestFile    ... finished proof: closed. 
30021      INFO  main            d.u.i.k.p.r.p.TestFile    Now processing file /home/runner/work/key/key/key.core/../key.ui/examples/InformationFlow/NewObjects/object.ObjectOrientation(object.ObjectOrientation__secure_method_call()).JML operation contract.0.key 
30021      INFO  main            d.u.i.k.p.i.AbstractProblemLoader Loading environment from /home/runner/work/key/key/key.core/../key.ui/examples/InformationFlow/NewObjects/object.ObjectOrientation(object.ObjectOrientation__secure_method_call()).JML operation contract.0.key 
30021      DEBUG main            d.u.i.k.p.i.AbstractProblemLoader Environment load took 61.2ns 
30024      INFO  main            d.u.i.k.p.i.AbstractProblemLoader Creating init config 
30883      DEBUG main            d.u.i.k.j.r.ClassPreparationMethodBuilder clPrepBuilder: Inner Class detected. Reject building class initialisation methods. 
32706      DEBUG main            d.u.i.k.p.i.AbstractProblemLoader Init config took 2.68s 
32756      INFO  main            d.u.i.k.p.i.AbstractProblemLoader Replaying proof object.ObjectOrientation[object.ObjectOrientation::secure_method_call()].JML operation contract.0 
32759      DEBUG main            d.u.i.k.p.i.IntermediateProofReplayer Proof replay took 12.1ns 
32861      INFO  main            d.u.i.k.p.r.p.TestFile    ... finished proof: closed. 
32990      INFO  main            d.u.i.k.p.r.p.TestFile    Now processing file /home/runner/work/key/key/key.core/../key.ui/examples/InformationFlow/NewObjects/object.ObjectOrientation(object.ObjectOrientation__if_two_object_creation_next()).JML operation contract.1.key 
32990      INFO  main            d.u.i.k.p.i.AbstractProblemLoader Loading environment from /home/runner/work/key/key/key.core/../key.ui/examples/InformationFlow/NewObjects/object.ObjectOrientation(object.ObjectOrientation__if_two_object_creation_next()).JML operation contract.1.key 
32991      DEBUG main            d.u.i.k.p.i.AbstractProblemLoader Environment load took 68.1ns 
32991      INFO  main            d.u.i.k.p.i.AbstractProblemLoader Creating init config 
33824      DEBUG main            d.u.i.k.j.r.ClassPreparationMethodBuilder clPrepBuilder: Inner Class detected. Reject building class initialisation methods. 
35668      DEBUG main            d.u.i.k.p.i.AbstractProblemLoader Init config took 2.68s 
35714      INFO  main            d.u.i.k.p.i.AbstractProblemLoader Replaying proof object.ObjectOrientation[object.ObjectOrientation::if_two_object_creation_next()].JML operation contract.1 
35717      DEBUG main            d.u.i.k.p.i.IntermediateProofReplayer Proof replay took 11.6ns 
36621      INFO  main            d.u.i.k.p.r.p.TestFile    ... finished proof: closed. 
36779      INFO  main            d.u.i.k.p.r.p.TestFile    Now processing file /home/runner/work/key/key/key.core/../key.ui/examples/InformationFlow/NewObjects/object.ObjectOrientation(object.ObjectOrientation__if_two_object_creation_next()).JML operation contract.0.key 
36780      INFO  main            d.u.i.k.p.i.AbstractProblemLoader Loading environment from /home/runner/work/key/key/key.core/../key.ui/examples/InformationFlow/NewObjects/object.ObjectOrientation(object.ObjectOrientation__if_two_object_creation_next()).JML operation contract.0.key 
36780      DEBUG main            d.u.i.k.p.i.AbstractProblemLoader Environment load took 59ns 
36781      INFO  main            d.u.i.k.p.i.AbstractProblemLoader Creating init config 
37628      DEBUG main            d.u.i.k.j.r.ClassPreparationMethodBuilder clPrepBuilder: Inner Class detected. Reject building class initialisation methods. 
39394      DEBUG main            d.u.i.k.p.i.AbstractProblemLoader Init config took 2.61s 
39462      INFO  main            d.u.i.k.p.i.AbstractProblemLoader Replaying proof object.ObjectOrientation[object.ObjectOrientation::if_two_object_creation_next()].JML operation contract.0 
39465      DEBUG main            d.u.i.k.p.i.IntermediateProofReplayer Proof replay took 12.5ns 
40269      INFO  main            d.u.i.k.p.r.p.TestFile    ... finished proof: closed. 
40453      INFO  main            d.u.i.k.p.r.p.TestFile    Now processing file /home/runner/work/key/key/key.core/../key.ui/examples/InformationFlow/NewObjects/object.ObjectOrientation(object.ObjectOrientation__secure_if_two_object_creation()).JML operation contract.0.key 
40454      INFO  main            d.u.i.k.p.i.AbstractProblemLoader Loading environment from /home/runner/work/key/key/key.core/../key.ui/examples/InformationFlow/NewObjects/object.ObjectOrientation(object.ObjectOrientation__secure_if_two_object_creation()).JML operation contract.0.key 
40454      DEBUG main            d.u.i.k.p.i.AbstractProblemLoader Environment load took 63.5ns 
40455      INFO  main            d.u.i.k.p.i.AbstractProblemLoader Creating init config 
41303      DEBUG main            d.u.i.k.j.r.ClassPreparationMethodBuilder clPrepBuilder: Inner Class detected. Reject building class initialisation methods. 
43100      DEBUG main            d.u.i.k.p.i.AbstractProblemLoader Init config took 2.65s 
43145      INFO  main            d.u.i.k.p.i.AbstractProblemLoader Replaying proof object.ObjectOrientation[object.ObjectOrientation::secure_if_two_object_creation()].JML operation contract.0 
43148      DEBUG main            d.u.i.k.p.i.IntermediateProofReplayer Proof replay took 11.6ns 
43856      INFO  main            d.u.i.k.p.r.p.TestFile    ... finished proof: closed. 
44015      INFO  main            d.u.i.k.p.r.p.TestFile    Now processing file /home/runner/work/key/key/key.core/../key.ui/examples/InformationFlow/NewObjects/object.ObjectOrientation(object.ObjectOrientation__insecure_two_object_creation()).JML operation contract.0.key 
44015      INFO  main            d.u.i.k.p.i.AbstractProblemLoader Loading environment from /home/runner/work/key/key/key.core/../key.ui/examples/InformationFlow/NewObjects/object.ObjectOrientation(object.ObjectOrientation__insecure_two_object_creation()).JML operation contract.0.key 
44015      DEBUG main            d.u.i.k.p.i.AbstractProblemLoader Environment load took 66.2ns 
44017      INFO  main            d.u.i.k.p.i.AbstractProblemLoader Creating init config 
44827      DEBUG main            d.u.i.k.j.r.ClassPreparationMethodBuilder clPrepBuilder: Inner Class detected. Reject building class initialisation methods. 
46642      DEBUG main            d.u.i.k.p.i.AbstractProblemLoader Init config took 2.63s 
46687      INFO  main            d.u.i.k.p.i.AbstractProblemLoader Replaying proof object.ObjectOrientation[object.ObjectOrientation::insecure_two_object_creation()].JML operation contract.0 
46690      DEBUG main            d.u.i.k.p.i.IntermediateProofReplayer Proof replay took 12.3ns 
47309      INFO  main            d.u.i.k.p.r.p.TestFile    ... finished proof: closed. 
47467      INFO  main            d.u.i.k.p.r.p.TestFile    Now processing file /home/runner/work/key/key/key.core/../key.ui/examples/InformationFlow/NewObjects/object.ObjectOrientation(object.ObjectOrientation__secure_two_object_creation()).JML normal_behavior operation contract.0.key 
47468      INFO  main            d.u.i.k.p.i.AbstractProblemLoader Loading environment from /home/runner/work/key/key/key.core/../key.ui/examples/InformationFlow/NewObjects/object.ObjectOrientation(object.ObjectOrientation__secure_two_object_creation()).JML normal_behavior operation contract.0.key 
47468      DEBUG main            d.u.i.k.p.i.AbstractProblemLoader Environment load took 69.2ns 
47469      INFO  main            d.u.i.k.p.i.AbstractProblemLoader Creating init config 
48300      DEBUG main            d.u.i.k.j.r.ClassPreparationMethodBuilder clPrepBuilder: Inner Class detected. Reject building class initialisation methods. 
50108      DEBUG main            d.u.i.k.p.i.AbstractProblemLoader Init config took 2.64s 
50165      INFO  main            d.u.i.k.p.i.AbstractProblemLoader Replaying proof object.ObjectOrientation[object.ObjectOrientation::secure_two_object_creation()].JML normal_behavior operation contract.0 
50167      DEBUG main            d.u.i.k.p.i.IntermediateProofReplayer Proof replay took 12.1ns 
50571      INFO  main            d.u.i.k.p.r.p.TestFile    ... finished proof: closed. 
50776      INFO  main            d.u.i.k.p.r.p.TestFile    Now processing file /home/runner/work/key/key/key.core/../key.ui/examples/InformationFlow/NewObjects/object.ObjectOrientation(object.ObjectOrientation__insecure_object_assignment()).JML operation contract.1.key 
50776      INFO  main            d.u.i.k.p.i.AbstractProblemLoader Loading environment from /home/runner/work/key/key/key.core/../key.ui/examples/InformationFlow/NewObjects/object.ObjectOrientation(object.ObjectOrientation__insecure_object_assignment()).JML operation contract.1.key 
50776      DEBUG main            d.u.i.k.p.i.AbstractProblemLoader Environment load took 79.4ns 
50777      INFO  main            d.u.i.k.p.i.AbstractProblemLoader Creating init config 
51585      DEBUG main            d.u.i.k.j.r.ClassPreparationMethodBuilder clPrepBuilder: Inner Class detected. Reject building class initialisation methods. 
53403      DEBUG main            d.u.i.k.p.i.AbstractProblemLoader Init config took 2.63s 
53445      INFO  main            d.u.i.k.p.i.AbstractProblemLoader Replaying proof object.ObjectOrientation[object.ObjectOrientation::insecure_object_assignment()].JML operation contract.1 
53447      DEBUG main            d.u.i.k.p.i.IntermediateProofReplayer Proof replay took 12.8ns 
53549      INFO  main            d.u.i.k.p.r.p.TestFile    ... finished proof: closed. 
53704      INFO  main            d.u.i.k.p.r.p.TestFile    Now processing file /home/runner/work/key/key/key.core/../key.ui/examples/InformationFlow/NewObjects/object.ObjectOrientation(object.ObjectOrientation__insecure_object_assignment()).JML operation contract.0.key 
53704      INFO  main            d.u.i.k.p.i.AbstractProblemLoader Loading environment from /home/runner/work/key/key/key.core/../key.ui/examples/InformationFlow/NewObjects/object.ObjectOrientation(object.ObjectOrientation__insecure_object_assignment()).JML operation contract.0.key 
53704      DEBUG main            d.u.i.k.p.i.AbstractProblemLoader Environment load took 57.7ns 
53705      INFO  main            d.u.i.k.p.i.AbstractProblemLoader Creating init config 
54517      DEBUG main            d.u.i.k.j.r.ClassPreparationMethodBuilder clPrepBuilder: Inner Class detected. Reject building class initialisation methods. 
56292      DEBUG main            d.u.i.k.p.i.AbstractProblemLoader Init config took 2.59s 
56338      INFO  main            d.u.i.k.p.i.AbstractProblemLoader Replaying proof object.ObjectOrientation[object.ObjectOrientation::insecure_object_assignment()].JML operation contract.0 
56341      DEBUG main            d.u.i.k.p.i.IntermediateProofReplayer Proof replay took 14.4ns 
56446      INFO  main            d.u.i.k.p.r.p.TestFile    ... finished proof: closed. 
56602      INFO  main            d.u.i.k.p.r.p.TestFile    Now processing file /home/runner/work/key/key/key.core/../key.ui/examples/InformationFlow/NewObjects/object.ObjectOrientation(object.ObjectOrientation__secure_object_creation_3()).JML operation contract.0.key 
56602      INFO  main            d.u.i.k.p.i.AbstractProblemLoader Loading environment from /home/runner/work/key/key/key.core/../key.ui/examples/InformationFlow/NewObjects/object.ObjectOrientation(object.ObjectOrientation__secure_object_creation_3()).JML operation contract.0.key 
56602      DEBUG main            d.u.i.k.p.i.AbstractProblemLoader Environment load took 61.3ns 
56604      INFO  main            d.u.i.k.p.i.AbstractProblemLoader Creating init config 
57409      DEBUG main            d.u.i.k.j.r.ClassPreparationMethodBuilder clPrepBuilder: Inner Class detected. Reject building class initialisation methods. 
59180      DEBUG main            d.u.i.k.p.i.AbstractProblemLoader Init config took 2.58s 
59221      INFO  main            d.u.i.k.p.i.AbstractProblemLoader Replaying proof object.ObjectOrientation[object.ObjectOrientation::secure_object_creation_3()].JML operation contract.0 
59224      DEBUG main            d.u.i.k.p.i.IntermediateProofReplayer Proof replay took 11.3ns 
59430      INFO  main            d.u.i.k.p.r.p.TestFile    ... finished proof: closed. 
59634      INFO  main            d.u.i.k.p.r.p.TestFile    Now processing file /home/runner/work/key/key/key.core/../key.ui/examples/InformationFlow/NewObjects/object.ObjectOrientation(object.ObjectOrientation__secure_object_creation_2()).JML operation contract.0.key 
59634      INFO  main            d.u.i.k.p.i.AbstractProblemLoader Loading environment from /home/runner/work/key/key/key.core/../key.ui/examples/InformationFlow/NewObjects/object.ObjectOrientation(object.ObjectOrientation__secure_object_creation_2()).JML operation contract.0.key 
59634      DEBUG main            d.u.i.k.p.i.AbstractProblemLoader Environment load took 57ns 
59635      INFO  main            d.u.i.k.p.i.AbstractProblemLoader Creating init config 
60456      DEBUG main            d.u.i.k.j.r.ClassPreparationMethodBuilder clPrepBuilder: Inner Class detected. Reject building class initialisation methods. 
62205      DEBUG main            d.u.i.k.p.i.AbstractProblemLoader Init config took 2.57s 
62248      INFO  main            d.u.i.k.p.i.AbstractProblemLoader Replaying proof object.ObjectOrientation[object.ObjectOrientation::secure_object_creation_2()].JML operation contract.0 
62250      DEBUG main            d.u.i.k.p.i.IntermediateProofReplayer Proof replay took 13ns 
62452      INFO  main            d.u.i.k.p.r.p.TestFile    ... finished proof: closed. 
62611      INFO  main            d.u.i.k.p.r.p.TestFile    Now processing file /home/runner/work/key/key/key.core/../key.ui/examples/InformationFlow/NewObjects/object.ObjectOrientation(object.ObjectOrientation__secure_object_creation()).JML operation contract.0.key 
62611      INFO  main            d.u.i.k.p.i.AbstractProblemLoader Loading environment from /home/runner/work/key/key/key.core/../key.ui/examples/InformationFlow/NewObjects/object.ObjectOrientation(object.ObjectOrientation__secure_object_creation()).JML operation contract.0.key 
62611      DEBUG main            d.u.i.k.p.i.AbstractProblemLoader Environment load took 58.7ns 
62612      INFO  main            d.u.i.k.p.i.AbstractProblemLoader Creating init config 
63422      DEBUG main            d.u.i.k.j.r.ClassPreparationMethodBuilder clPrepBuilder: Inner Class detected. Reject building class initialisation methods. 
65208      DEBUG main            d.u.i.k.p.i.AbstractProblemLoader Init config took 2.6s 
65262      INFO  main            d.u.i.k.p.i.AbstractProblemLoader Replaying proof object.ObjectOrientation[object.ObjectOrientation::secure_object_creation()].JML operation contract.0 
65266      DEBUG main            d.u.i.k.p.i.IntermediateProofReplayer Proof replay took 13.8ns 
65468      INFO  main            d.u.i.k.p.r.p.TestFile    ... finished proof: closed. 
65628      INFO  main            d.u.i.k.p.r.p.TestFile    Now processing file /home/runner/work/key/key/key.core/../key.ui/examples/InformationFlow/NewObjects/object.AmtoftBanerjee2(object.AmtoftBanerjee2__expensive(int)).JML accessible clause.0.key 
65628      INFO  main            d.u.i.k.p.i.AbstractProblemLoader Loading environment from /home/runner/work/key/key/key.core/../key.ui/examples/InformationFlow/NewObjects/object.AmtoftBanerjee2(object.AmtoftBanerjee2__expensive(int)).JML accessible clause.0.key 
65628      DEBUG main            d.u.i.k.p.i.AbstractProblemLoader Environment load took 69.2ns 
65629      INFO  main            d.u.i.k.p.i.AbstractProblemLoader Creating init config 
66446      DEBUG main            d.u.i.k.j.r.ClassPreparationMethodBuilder clPrepBuilder: Inner Class detected. Reject building class initialisation methods. 
68214      DEBUG main            d.u.i.k.p.i.AbstractProblemLoader Init config took 2.59s 
68259      INFO  main            d.u.i.k.p.i.AbstractProblemLoader Replaying proof object.AmtoftBanerjee2[object.AmtoftBanerjee2::expensive(int)].JML accessible clause.0 
68261      DEBUG main            d.u.i.k.p.i.IntermediateProofReplayer Proof replay took 13.1ns 
68366      INFO  main            d.u.i.k.p.r.p.TestFile    ... finished proof: closed. 
68529      INFO  main            d.u.i.k.p.r.p.TestFile    Now processing file /home/runner/work/key/key/key.core/../key.ui/examples/InformationFlow/NewObjects/object.AmtoftBanerjee2(object.AmtoftBanerjee2__expensive(int)).JML normal_behavior operation contract.0.key 
68529      INFO  main            d.u.i.k.p.i.AbstractProblemLoader Loading environment from /home/runner/work/key/key/key.core/../key.ui/examples/InformationFlow/NewObjects/object.AmtoftBanerjee2(object.AmtoftBanerjee2__expensive(int)).JML normal_behavior operation contract.0.key 
68529      DEBUG main            d.u.i.k.p.i.AbstractProblemLoader Environment load took 59.2ns 
68530      INFO  main            d.u.i.k.p.i.AbstractProblemLoader Creating init config 
69351      DEBUG main            d.u.i.k.j.r.ClassPreparationMethodBuilder clPrepBuilder: Inner Class detected. Reject building class initialisation methods. 
71136      DEBUG main            d.u.i.k.p.i.AbstractProblemLoader Init config took 2.61s 
71176      INFO  main            d.u.i.k.p.i.AbstractProblemLoader Replaying proof object.AmtoftBanerjee2[object.AmtoftBanerjee2::expensive(int)].JML normal_behavior operation contract.0 
71179      DEBUG main            d.u.i.k.p.i.IntermediateProofReplayer Proof replay took 12.5ns 
71281      INFO  main            d.u.i.k.p.r.p.TestFile    ... finished proof: closed. 
71442      INFO  main            d.u.i.k.p.r.p.TestFile    Now processing file /home/runner/work/key/key/key.core/../key.ui/examples/InformationFlow/NewObjects/object.AmtoftBanerjee2(object.AmtoftBanerjee2__cexp(int)).JML normal_behavior operation contract.0.key 
71442      INFO  main            d.u.i.k.p.i.AbstractProblemLoader Loading environment from /home/runner/work/key/key/key.core/../key.ui/examples/InformationFlow/NewObjects/object.AmtoftBanerjee2(object.AmtoftBanerjee2__cexp(int)).JML normal_behavior operation contract.0.key 
71442      DEBUG main            d.u.i.k.p.i.AbstractProblemLoader Environment load took 58ns 
71443      INFO  main            d.u.i.k.p.i.AbstractProblemLoader Creating init config 
72248      DEBUG main            d.u.i.k.j.r.ClassPreparationMethodBuilder clPrepBuilder: Inner Class detected. Reject building class initialisation methods. 
74017      DEBUG main            d.u.i.k.p.i.AbstractProblemLoader Init config took 2.57s 
74066      INFO  main            d.u.i.k.p.i.AbstractProblemLoader Replaying proof object.AmtoftBanerjee2[object.AmtoftBanerjee2::cexp(int)].JML normal_behavior operation contract.0 
74068      DEBUG main            d.u.i.k.p.i.IntermediateProofReplayer Proof replay took 11.5ns 
74370      INFO  main            d.u.i.k.p.r.p.TestFile    ... finished proof: closed. 
74549      INFO  main            d.u.i.k.p.r.p.TestFile    Now processing file /home/runner/work/key/key/key.core/../key.ui/examples/InformationFlow/PasswordFile/passwordfile.SecurePasswordFile(passwordfile.SecurePasswordFile___userIndex()).JML accessible clause.0.key 
74549      INFO  main            d.u.i.k.p.i.AbstractProblemLoader Loading environment from /home/runner/work/key/key/key.core/../key.ui/examples/InformationFlow/PasswordFile/passwordfile.SecurePasswordFile(passwordfile.SecurePasswordFile___userIndex()).JML accessible clause.0.key 
74550      DEBUG main            d.u.i.k.p.i.AbstractProblemLoader Environment load took 856.5ns 
74551      INFO  main            d.u.i.k.p.i.AbstractProblemLoader Creating init config 
76945      DEBUG main            d.u.i.k.p.i.AbstractProblemLoader Init config took 2.39s 
76983      INFO  main            d.u.i.k.p.i.AbstractProblemLoader Replaying proof passwordfile.SecurePasswordFile[passwordfile.SecurePasswordFile::$userIndex()].JML accessible clause.0 
76985      DEBUG main            d.u.i.k.p.i.IntermediateProofReplayer Proof replay took 13.5ns 
77088      INFO  main            d.u.i.k.p.r.p.TestFile    ... finished proof: open goal(s) 
512214     INFO  Test worker     d.u.i.k.p.r.RunAllProofsTestUnit Returning from test NewObjects 
512215     INFO  Test worker     d.u.i.k.p.r.RunAllProofsTestUnit Running test SimpleEvoting 
369        INFO  Timeout watchdog d.u.i.k.p.r.p.ForkedTestFileRunner Timeout watcher launched (1000 secs.) 
394        WARN  main            d.u.i.k.s.ProofSettings   The settings in /home/runner/.key/proof-settings.props are *not* read. 
431        INFO  main            d.u.i.k.p.r.p.TestFile    Now processing file /home/runner/work/key/key/key.core/../key.ui/examples/InformationFlow/SimpleEvoting/simple_evoting.Environment(simple_evoting.Environment__untrustedOutputMessage((B)).JML normal_behavior operation contract.0.key 
545        INFO  main            d.u.i.k.p.i.AbstractProblemLoader Loading environment from /home/runner/work/key/key/key.core/../key.ui/examples/InformationFlow/SimpleEvoting/simple_evoting.Environment(simple_evoting.Environment__untrustedOutputMessage((B)).JML normal_behavior operation contract.0.key 
571        DEBUG main            d.u.i.k.p.i.AbstractProblemLoader Environment load took 1.78ms 
780        INFO  main            d.u.i.k.p.i.AbstractProblemLoader Creating init config 
1799       DEBUG main            d.u.i.k.j.TypeConverter   No LDT found for Meta 
1804       DEBUG main            d.u.i.k.j.TypeConverter   No LDT found for Meta 
1808       DEBUG main            d.u.i.k.j.TypeConverter   No LDT found for Meta 
1808       DEBUG main            d.u.i.k.j.TypeConverter   No LDT found for Meta 
3048       DEBUG main            d.u.i.k.j.TypeConverter   No LDT found for JavaBigintExpression 
8845       DEBUG main            d.u.i.k.p.i.AbstractProblemLoader Init config took 8.06s 
8983       INFO  main            d.u.i.k.p.i.AbstractProblemLoader Replaying proof simple_evoting.Environment[simple_evoting.Environment::untrustedOutputMessage([B)].JML normal_behavior operation contract.0 
9060       DEBUG main            d.u.i.k.p.i.IntermediateProofReplayer Proof replay took 331ns 
10512      INFO  main            d.u.i.k.p.r.p.TestFile    ... finished proof: closed. 
10638      INFO  main            d.u.i.k.p.r.p.TestFile    Now processing file /home/runner/work/key/key/key.core/../key.ui/examples/InformationFlow/SimpleEvoting/simple_evoting.Environment(simple_evoting.Environment__untrustedInputMessage((B)).JML normal_behavior operation contract.0.key 
10638      INFO  main            d.u.i.k.p.i.AbstractProblemLoader Loading environment from /home/runner/work/key/key/key.core/../key.ui/examples/InformationFlow/SimpleEvoting/simple_evoting.Environment(simple_evoting.Environment__untrustedInputMessage((B)).JML normal_behavior operation contract.0.key 
10639      DEBUG main            d.u.i.k.p.i.AbstractProblemLoader Environment load took 295.6ns 
10641      INFO  main            d.u.i.k.p.i.AbstractProblemLoader Creating init config 
14096      DEBUG main            d.u.i.k.p.i.AbstractProblemLoader Init config took 3.46s 
14182      INFO  main            d.u.i.k.p.i.AbstractProblemLoader Replaying proof simple_evoting.Environment[simple_evoting.Environment::untrustedInputMessage([B)].JML normal_behavior operation contract.0 
14186      DEBUG main            d.u.i.k.p.i.IntermediateProofReplayer Proof replay took 25.8ns 
14690      INFO  main            d.u.i.k.p.r.p.TestFile    ... finished proof: closed. 
14829      INFO  main            d.u.i.k.p.r.p.TestFile    Now processing file /home/runner/work/key/key/key.core/../key.ui/examples/InformationFlow/SimpleEvoting/simple_evoting.Environment(simple_evoting.Environment__untrustedInputMessage()).JML normal_behavior operation contract.0.key 
14830      INFO  main            d.u.i.k.p.i.AbstractProblemLoader Loading environment from /home/runner/work/key/key/key.core/../key.ui/examples/InformationFlow/SimpleEvoting/simple_evoting.Environment(simple_evoting.Environment__untrustedInputMessage()).JML normal_behavior operation contract.0.key 
14830      DEBUG main            d.u.i.k.p.i.AbstractProblemLoader Environment load took 448.1ns 
14831      INFO  main            d.u.i.k.p.i.AbstractProblemLoader Creating init config 
18114      DEBUG main            d.u.i.k.p.i.AbstractProblemLoader Init config took 3.28s 
18202      INFO  main            d.u.i.k.p.i.AbstractProblemLoader Replaying proof simple_evoting.Environment[simple_evoting.Environment::untrustedInputMessage()].JML normal_behavior operation contract.0 
18206      DEBUG main            d.u.i.k.p.i.IntermediateProofReplayer Proof replay took 11.3ns 
19417      INFO  main            d.u.i.k.p.r.p.TestFile    ... finished proof: closed. 
19560      INFO  main            d.u.i.k.p.r.p.TestFile    Now processing file /home/runner/work/key/key/key.core/../key.ui/examples/InformationFlow/SimpleEvoting/simple_evoting.Environment(simple_evoting.Environment__untrustedOutput(int)).JML normal_behavior operation contract.0.key 
19560      INFO  main            d.u.i.k.p.i.AbstractProblemLoader Loading environment from /home/runner/work/key/key/key.core/../key.ui/examples/InformationFlow/SimpleEvoting/simple_evoting.Environment(simple_evoting.Environment__untrustedOutput(int)).JML normal_behavior operation contract.0.key 
19560      DEBUG main            d.u.i.k.p.i.AbstractProblemLoader Environment load took 66.9ns 
19562      INFO  main            d.u.i.k.p.i.AbstractProblemLoader Creating init config 
22823      DEBUG main            d.u.i.k.p.i.AbstractProblemLoader Init config took 3.26s 
22901      INFO  main            d.u.i.k.p.i.AbstractProblemLoader Replaying proof simple_evoting.Environment[simple_evoting.Environment::untrustedOutput(int)].JML normal_behavior operation contract.0 
22907      DEBUG main            d.u.i.k.p.i.IntermediateProofReplayer Proof replay took 11ns 
23009      INFO  main            d.u.i.k.p.r.p.TestFile    ... finished proof: closed. 
23161      INFO  main            d.u.i.k.p.r.p.TestFile    Now processing file /home/runner/work/key/key/key.core/../key.ui/examples/InformationFlow/SimpleEvoting/simple_evoting.Environment(simple_evoting.Environment__untrustedInput(int)).JML normal_behavior operation contract.0.key 
23162      INFO  main            d.u.i.k.p.i.AbstractProblemLoader Loading environment from /home/runner/work/key/key/key.core/../key.ui/examples/InformationFlow/SimpleEvoting/simple_evoting.Environment(simple_evoting.Environment__untrustedInput(int)).JML normal_behavior operation contract.0.key 
23162      DEBUG main            d.u.i.k.p.i.AbstractProblemLoader Environment load took 60.7ns 
23163      INFO  main            d.u.i.k.p.i.AbstractProblemLoader Creating init config 
26423      DEBUG main            d.u.i.k.p.i.AbstractProblemLoader Init config took 3.26s 
26484      INFO  main            d.u.i.k.p.i.AbstractProblemLoader Replaying proof simple_evoting.Environment[simple_evoting.Environment::untrustedInput(int)].JML normal_behavior operation contract.0 
26487      DEBUG main            d.u.i.k.p.i.IntermediateProofReplayer Proof replay took 11.8ns 
26593      INFO  main            d.u.i.k.p.r.p.TestFile    ... finished proof: open goal(s) 
26733      INFO  main            d.u.i.k.p.r.p.TestFile    Now processing file /home/runner/work/key/key/key.core/../key.ui/examples/InformationFlow/SimpleEvoting/simple_evoting.Environment(simple_evoting.Environment__untrustedInput()).JML normal_behavior operation contract.0.key 
26733      INFO  main            d.u.i.k.p.i.AbstractProblemLoader Loading environment from /home/runner/work/key/key/key.core/../key.ui/examples/InformationFlow/SimpleEvoting/simple_evoting.Environment(simple_evoting.Environment__untrustedInput()).JML normal_behavior operation contract.0.key 
26733      DEBUG main            d.u.i.k.p.i.AbstractProblemLoader Environment load took 60.6ns 
26734      INFO  main            d.u.i.k.p.i.AbstractProblemLoader Creating init config 
29959      DEBUG main            d.u.i.k.p.i.AbstractProblemLoader Init config took 3.22s 
30024      INFO  main            d.u.i.k.p.i.AbstractProblemLoader Replaying proof simple_evoting.Environment[simple_evoting.Environment::untrustedInput()].JML normal_behavior operation contract.0 
30027      DEBUG main            d.u.i.k.p.i.IntermediateProofReplayer Proof replay took 11.3ns 
30129      INFO  main            d.u.i.k.p.r.p.TestFile    ... finished proof: open goal(s) 
30256      INFO  main            d.u.i.k.p.r.p.TestFile    Now processing file /home/runner/work/key/key/key.core/../key.ui/examples/InformationFlow/SimpleEvoting/simple_evoting.Environment(simple_evoting.Environment___rep()).JML accessible clause.0.key 
30256      INFO  main            d.u.i.k.p.i.AbstractProblemLoader Loading environment from /home/runner/work/key/key/key.core/../key.ui/examples/InformationFlow/SimpleEvoting/simple_evoting.Environment(simple_evoting.Environment___rep()).JML accessible clause.0.key 
30256      DEBUG main            d.u.i.k.p.i.AbstractProblemLoader Environment load took 60.1ns 
30258      INFO  main            d.u.i.k.p.i.AbstractProblemLoader Creating init config 
33465      DEBUG main            d.u.i.k.p.i.AbstractProblemLoader Init config took 3.21s 
33524      INFO  main            d.u.i.k.p.i.AbstractProblemLoader Replaying proof simple_evoting.Environment[simple_evoting.Environment::$rep()].JML accessible clause.0 
33526      DEBUG main            d.u.i.k.p.i.IntermediateProofReplayer Proof replay took 10.6ns 
33629      INFO  main            d.u.i.k.p.r.p.TestFile    ... finished proof: closed. 
33757      INFO  main            d.u.i.k.p.r.p.TestFile    Now processing file /home/runner/work/key/key/key.core/../key.ui/examples/InformationFlow/SimpleEvoting/simple_evoting.SMT(simple_evoting.SMT__send(simple_evoting.Message,int,simple_evoting.Server)).JML normal_behavior operation contract.1.key 
33757      INFO  main            d.u.i.k.p.i.AbstractProblemLoader Loading environment from /home/runner/work/key/key/key.core/../key.ui/examples/InformationFlow/SimpleEvoting/simple_evoting.SMT(simple_evoting.SMT__send(simple_evoting.Message,int,simple_evoting.Server)).JML normal_behavior operation contract.1.key 
33757      DEBUG main            d.u.i.k.p.i.AbstractProblemLoader Environment load took 60.7ns 
33759      INFO  main            d.u.i.k.p.i.AbstractProblemLoader Creating init config 
36946      DEBUG main            d.u.i.k.p.i.AbstractProblemLoader Init config took 3.19s 
37002      INFO  main            d.u.i.k.p.i.AbstractProblemLoader Replaying proof simple_evoting.SMT[simple_evoting.SMT::send(simple_evoting.Message,int,simple_evoting.Server)].JML normal_behavior operation contract.1 
37004      DEBUG main            d.u.i.k.p.i.IntermediateProofReplayer Proof replay took 10.7ns 
47822      INFO  main            d.u.i.k.p.r.p.TestFile    ... finished proof: closed. 
48024      INFO  main            d.u.i.k.p.r.p.TestFile    Now processing file /home/runner/work/key/key/key.core/../key.ui/examples/InformationFlow/SimpleEvoting/simple_evoting.SMT(simple_evoting.SMT__send(simple_evoting.Message,int,simple_evoting.Server)).JML normal_behavior operation contract.0.key 
48024      INFO  main            d.u.i.k.p.i.AbstractProblemLoader Loading environment from /home/runner/work/key/key/key.core/../key.ui/examples/InformationFlow/SimpleEvoting/simple_evoting.SMT(simple_evoting.SMT__send(simple_evoting.Message,int,simple_evoting.Server)).JML normal_behavior operation contract.0.key 
48024      DEBUG main            d.u.i.k.p.i.AbstractProblemLoader Environment load took 108ns 
48025      INFO  main            d.u.i.k.p.i.AbstractProblemLoader Creating init config 
51180      DEBUG main            d.u.i.k.p.i.AbstractProblemLoader Init config took 3.15s 
51241      INFO  main            d.u.i.k.p.i.AbstractProblemLoader Replaying proof simple_evoting.SMT[simple_evoting.SMT::send(simple_evoting.Message,int,simple_evoting.Server)].JML normal_behavior operation contract.0 
51243      DEBUG main            d.u.i.k.p.i.IntermediateProofReplayer Proof replay took 13.2ns 
59836      INFO  main            d.u.i.k.p.r.p.TestFile    ... finished proof: closed. 
60035      INFO  main            d.u.i.k.p.r.p.TestFile    Now processing file /home/runner/work/key/key/key.core/../key.ui/examples/InformationFlow/SimpleEvoting/simple_evoting.Message(java.lang.Object___inv_()).JML accessible clause.0.key 
60035      INFO  main            d.u.i.k.p.i.AbstractProblemLoader Loading environment from /home/runner/work/key/key/key.core/../key.ui/examples/InformationFlow/SimpleEvoting/simple_evoting.Message(java.lang.Object___inv_()).JML accessible clause.0.key 
60035      DEBUG main            d.u.i.k.p.i.AbstractProblemLoader Environment load took 63.9ns 
60036      INFO  main            d.u.i.k.p.i.AbstractProblemLoader Creating init config 
63280      DEBUG main            d.u.i.k.p.i.AbstractProblemLoader Init config took 3.24s 
63346      INFO  main            d.u.i.k.p.i.AbstractProblemLoader Replaying proof simple_evoting.Message[java.lang.Object::<inv>()].JML accessible clause.0 
63348      DEBUG main            d.u.i.k.p.i.IntermediateProofReplayer Proof replay took 11.5ns 
63553      INFO  main            d.u.i.k.p.r.p.TestFile    ... finished proof: closed. 
63707      INFO  main            d.u.i.k.p.r.p.TestFile    Now processing file /home/runner/work/key/key/key.core/../key.ui/examples/InformationFlow/SimpleEvoting/simple_evoting.Server(simple_evoting.Server__resultReady()).JML accessible clause.0.key 
63707      INFO  main            d.u.i.k.p.i.AbstractProblemLoader Loading environment from /home/runner/work/key/key/key.core/../key.ui/examples/InformationFlow/SimpleEvoting/simple_evoting.Server(simple_evoting.Server__resultReady()).JML accessible clause.0.key 
63707      DEBUG main            d.u.i.k.p.i.AbstractProblemLoader Environment load took 67.8ns 
63708      INFO  main            d.u.i.k.p.i.AbstractProblemLoader Creating init config 
66918      DEBUG main            d.u.i.k.p.i.AbstractProblemLoader Init config took 3.21s 
66982      INFO  main            d.u.i.k.p.i.AbstractProblemLoader Replaying proof simple_evoting.Server[simple_evoting.Server::resultReady()].JML accessible clause.0 
66985      DEBUG main            d.u.i.k.p.i.IntermediateProofReplayer Proof replay took 12.2ns 
68398      INFO  main            d.u.i.k.p.r.p.TestFile    ... finished proof: closed. 
68578      INFO  main            d.u.i.k.p.r.p.TestFile    Now processing file /home/runner/work/key/key/key.core/../key.ui/examples/InformationFlow/SimpleEvoting/simple_evoting.Server(simple_evoting.Server__resultReady()).JML normal_behavior operation contract.0.key 
68578      INFO  main            d.u.i.k.p.i.AbstractProblemLoader Loading environment from /home/runner/work/key/key/key.core/../key.ui/examples/InformationFlow/SimpleEvoting/simple_evoting.Server(simple_evoting.Server__resultReady()).JML normal_behavior operation contract.0.key 
68579      DEBUG main            d.u.i.k.p.i.AbstractProblemLoader Environment load took 66.5ns 
68580      INFO  main            d.u.i.k.p.i.AbstractProblemLoader Creating init config 
71739      DEBUG main            d.u.i.k.p.i.AbstractProblemLoader Init config took 3.16s 
71804      INFO  main            d.u.i.k.p.i.AbstractProblemLoader Replaying proof simple_evoting.Server[simple_evoting.Server::resultReady()].JML normal_behavior operation contract.0 
71806      DEBUG main            d.u.i.k.p.i.IntermediateProofReplayer Proof replay took 11.7ns 
72411      INFO  main            d.u.i.k.p.r.p.TestFile    ... finished proof: closed. 
72594      INFO  main            d.u.i.k.p.r.p.TestFile    Now processing file /home/runner/work/key/key/key.core/../key.ui/examples/InformationFlow/SimpleEvoting/simple_evoting.Server(simple_evoting.Server__onSendResult()).JML normal_behavior operation contract.0.key 
72594      INFO  main            d.u.i.k.p.i.AbstractProblemLoader Loading environment from /home/runner/work/key/key/key.core/../key.ui/examples/InformationFlow/SimpleEvoting/simple_evoting.Server(simple_evoting.Server__onSendResult()).JML normal_behavior operation contract.0.key 
72594      DEBUG main            d.u.i.k.p.i.AbstractProblemLoader Environment load took 105.1ns 
72595      INFO  main            d.u.i.k.p.i.AbstractProblemLoader Creating init config 
75698      DEBUG main            d.u.i.k.p.i.AbstractProblemLoader Init config took 3.1s 
75750      INFO  main            d.u.i.k.p.i.AbstractProblemLoader Replaying proof simple_evoting.Server[simple_evoting.Server::onSendResult()].JML normal_behavior operation contract.0 
75752      DEBUG main            d.u.i.k.p.i.IntermediateProofReplayer Proof replay took 12.4ns 
75955      INFO  main            d.u.i.k.p.r.p.TestFile    ... finished proof: closed. 
76104      INFO  main            d.u.i.k.p.r.p.TestFile    Now processing file /home/runner/work/key/key/key.core/../key.ui/examples/InformationFlow/SimpleEvoting/simple_evoting.Server(simple_evoting.Server__onCollectBallot(simple_evoting.Message)).JML normal_behavior operation contract.1.key 
76105      INFO  main            d.u.i.k.p.i.AbstractProblemLoader Loading environment from /home/runner/work/key/key/key.core/../key.ui/examples/InformationFlow/SimpleEvoting/simple_evoting.Server(simple_evoting.Server__onCollectBallot(simple_evoting.Message)).JML normal_behavior operation contract.1.key 
76105      DEBUG main            d.u.i.k.p.i.AbstractProblemLoader Environment load took 56.9ns 
76106      INFO  main            d.u.i.k.p.i.AbstractProblemLoader Creating init config 
79231      DEBUG main            d.u.i.k.p.i.AbstractProblemLoader Init config took 3.13s 
79282      INFO  main            d.u.i.k.p.i.AbstractProblemLoader Replaying proof simple_evoting.Server[simple_evoting.Server::onCollectBallot(simple_evoting.Message)].JML normal_behavior operation contract.1 
79284      DEBUG main            d.u.i.k.p.i.IntermediateProofReplayer Proof replay took 11.5ns 
79490      INFO  main            d.u.i.k.p.r.p.TestFile    ... finished proof: closed. 
79654      INFO  main            d.u.i.k.p.r.p.TestFile    Now processing file /home/runner/work/key/key/key.core/../key.ui/examples/InformationFlow/SimpleEvoting/simple_evoting.Server(simple_evoting.Server__onCollectBallot(simple_evoting.Message)).JML normal_behavior operation contract.0.key 
79654      INFO  main            d.u.i.k.p.i.AbstractProblemLoader Loading environment from /home/runner/work/key/key/key.core/../key.ui/examples/InformationFlow/SimpleEvoting/simple_evoting.Server(simple_evoting.Server__onCollectBallot(simple_evoting.Message)).JML normal_behavior operation contract.0.key 
79654      DEBUG main            d.u.i.k.p.i.AbstractProblemLoader Environment load took 56.4ns 
79655      INFO  main            d.u.i.k.p.i.AbstractProblemLoader Creating init config 
82785      DEBUG main            d.u.i.k.p.i.AbstractProblemLoader Init config took 3.13s 
82845      INFO  main            d.u.i.k.p.i.AbstractProblemLoader Replaying proof simple_evoting.Server[simple_evoting.Server::onCollectBallot(simple_evoting.Message)].JML normal_behavior operation contract.0 
82847      DEBUG main            d.u.i.k.p.i.IntermediateProofReplayer Proof replay took 13.2ns 
83450      INFO  main            d.u.i.k.p.r.p.TestFile    ... finished proof: closed. 
83654      INFO  main            d.u.i.k.p.r.p.TestFile    Now processing file /home/runner/work/key/key/key.core/../key.ui/examples/InformationFlow/SimpleEvoting/simple_evoting.Server(java.lang.Object___inv_()).JML accessible clause.0.key 
83654      INFO  main            d.u.i.k.p.i.AbstractProblemLoader Loading environment from /home/runner/work/key/key/key.core/../key.ui/examples/InformationFlow/SimpleEvoting/simple_evoting.Server(java.lang.Object___inv_()).JML accessible clause.0.key 
83654      DEBUG main            d.u.i.k.p.i.AbstractProblemLoader Environment load took 97.1ns 
83655      INFO  main            d.u.i.k.p.i.AbstractProblemLoader Creating init config 
86776      DEBUG main            d.u.i.k.p.i.AbstractProblemLoader Init config took 3.12s 
86825      INFO  main            d.u.i.k.p.i.AbstractProblemLoader Replaying proof simple_evoting.Server[java.lang.Object::<inv>()].JML accessible clause.0 
86827      DEBUG main            d.u.i.k.p.i.IntermediateProofReplayer Proof replay took 12.4ns 
87029      INFO  main            d.u.i.k.p.r.p.TestFile    ... finished proof: closed. 
87228      INFO  main            d.u.i.k.p.r.p.TestFile    Now processing file /home/runner/work/key/key/key.core/../key.ui/examples/InformationFlow/SimpleEvoting/simple_evoting.SMTEnv(simple_evoting.SMTEnv__send(int,int,int,simple_evoting.Server,int)).JML normal_behavior operation contract.0.key 
87229      INFO  main            d.u.i.k.p.i.AbstractProblemLoader Loading environment from /home/runner/work/key/key/key.core/../key.ui/examples/InformationFlow/SimpleEvoting/simple_evoting.SMTEnv(simple_evoting.SMTEnv__send(int,int,int,simple_evoting.Server,int)).JML normal_behavior operation contract.0.key 
87229      DEBUG main            d.u.i.k.p.i.AbstractProblemLoader Environment load took 107.8ns 
87230      INFO  main            d.u.i.k.p.i.AbstractProblemLoader Creating init config 
90375      DEBUG main            d.u.i.k.p.i.AbstractProblemLoader Init config took 3.15s 
90431      INFO  main            d.u.i.k.p.i.AbstractProblemLoader Replaying proof simple_evoting.SMTEnv[simple_evoting.SMTEnv::send(int,int,int,simple_evoting.Server,int)].JML normal_behavior operation contract.0 
90435      DEBUG main            d.u.i.k.p.i.IntermediateProofReplayer Proof replay took 13.4ns 
90738      INFO  main            d.u.i.k.p.r.p.TestFile    ... finished proof: closed. 
90921      INFO  main            d.u.i.k.p.r.p.TestFile    Now processing file /home/runner/work/key/key/key.core/../key.ui/examples/InformationFlow/SimpleEvoting/simple_evoting.NetworkClient(simple_evoting.NetworkClient__send((B,simple_evoting.Server,int)).JML normal_behavior operation contract.0.key 
90921      INFO  main            d.u.i.k.p.i.AbstractProblemLoader Loading environment from /home/runner/work/key/key/key.core/../key.ui/examples/InformationFlow/SimpleEvoting/simple_evoting.NetworkClient(simple_evoting.NetworkClient__send((B,simple_evoting.Server,int)).JML normal_behavior operation contract.0.key 
90922      DEBUG main            d.u.i.k.p.i.AbstractProblemLoader Environment load took 61.7ns 
90922      INFO  main            d.u.i.k.p.i.AbstractProblemLoader Creating init config 
94015      DEBUG main            d.u.i.k.p.i.AbstractProblemLoader Init config took 3.09s 
94068      INFO  main            d.u.i.k.p.i.AbstractProblemLoader Replaying proof simple_evoting.NetworkClient[simple_evoting.NetworkClient::send([B,simple_evoting.Server,int)].JML normal_behavior operation contract.0 
94073      DEBUG main            d.u.i.k.p.i.IntermediateProofReplayer Proof replay took 11.7ns 
94175      INFO  main            d.u.i.k.p.r.p.TestFile    ... finished proof: closed. 
94348      INFO  main            d.u.i.k.p.r.p.TestFile    Now processing file /home/runner/work/key/key/key.core/../key.ui/examples/InformationFlow/SimpleEvoting/simple_evoting.Setup(simple_evoting.Setup__publishResult()).JML normal_behavior operation contract.0.key 
94348      INFO  main            d.u.i.k.p.i.AbstractProblemLoader Loading environment from /home/runner/work/key/key/key.core/../key.ui/examples/InformationFlow/SimpleEvoting/simple_evoting.Setup(simple_evoting.Setup__publishResult()).JML normal_behavior operation contract.0.key 
94349      DEBUG main            d.u.i.k.p.i.AbstractProblemLoader Environment load took 881.3ns 
94350      INFO  main            d.u.i.k.p.i.AbstractProblemLoader Creating init config 
97465      DEBUG main            d.u.i.k.p.i.AbstractProblemLoader Init config took 3.12s 
97522      INFO  main            d.u.i.k.p.i.AbstractProblemLoader Replaying proof simple_evoting.Setup[simple_evoting.Setup::publishResult()].JML normal_behavior operation contract.0 
97526      DEBUG main            d.u.i.k.p.i.IntermediateProofReplayer Proof replay took 12.4ns 
98239      INFO  main            d.u.i.k.p.r.p.TestFile    ... finished proof: closed. 
98413      INFO  main            d.u.i.k.p.r.p.TestFile    Now processing file /home/runner/work/key/key/key.core/../key.ui/examples/InformationFlow/SimpleEvoting/simple_evoting.Setup(simple_evoting.Setup__main()).JML normal_behavior operation contract.0.key 
98413      INFO  main            d.u.i.k.p.i.AbstractProblemLoader Loading environment from /home/runner/work/key/key/key.core/../key.ui/examples/InformationFlow/SimpleEvoting/simple_evoting.Setup(simple_evoting.Setup__main()).JML normal_behavior operation contract.0.key 
98413      DEBUG main            d.u.i.k.p.i.AbstractProblemLoader Environment load took 62.1ns 
98414      INFO  main            d.u.i.k.p.i.AbstractProblemLoader Creating init config 
101493     DEBUG main            d.u.i.k.p.i.AbstractProblemLoader Init config took 3.08s 
101546     INFO  main            d.u.i.k.p.i.AbstractProblemLoader Replaying proof simple_evoting.Setup[simple_evoting.Setup::main()].JML normal_behavior operation contract.0 
101548     DEBUG main            d.u.i.k.p.i.IntermediateProofReplayer Proof replay took 12.9ns 
134838     INFO  main            d.u.i.k.p.r.p.TestFile    ... finished proof: open goal(s) 
135100     INFO  main            d.u.i.k.p.r.p.TestFile    Now processing file /home/runner/work/key/key/key.core/../key.ui/examples/InformationFlow/SimpleEvoting/simple_evoting.Setup(java.lang.Object___inv_()).JML accessible clause.0.key 
135100     INFO  main            d.u.i.k.p.i.AbstractProblemLoader Loading environment from /home/runner/work/key/key/key.core/../key.ui/examples/InformationFlow/SimpleEvoting/simple_evoting.Setup(java.lang.Object___inv_()).JML accessible clause.0.key 
135100     DEBUG main            d.u.i.k.p.i.AbstractProblemLoader Environment load took 61.2ns 
135101     INFO  main            d.u.i.k.p.i.AbstractProblemLoader Creating init config 
138135     DEBUG main            d.u.i.k.p.i.AbstractProblemLoader Init config took 3.03s 
138195     INFO  main            d.u.i.k.p.i.AbstractProblemLoader Replaying proof simple_evoting.Setup[java.lang.Object::<inv>()].JML accessible clause.0 
138197     DEBUG main            d.u.i.k.p.i.IntermediateProofReplayer Proof replay took 12.6ns 
141722     INFO  main            d.u.i.k.p.r.p.TestFile    ... finished proof: closed. 
142035     INFO  main            d.u.i.k.p.r.p.TestFile    Now processing file /home/runner/work/key/key/key.core/../key.ui/examples/InformationFlow/SimpleEvoting/simple_evoting.Voter(simple_evoting.Voter__onSendBallot(simple_evoting.Server)).JML normal_behavior operation contract.1.key 
142035     INFO  main            d.u.i.k.p.i.AbstractProblemLoader Loading environment from /home/runner/work/key/key/key.core/../key.ui/examples/InformationFlow/SimpleEvoting/simple_evoting.Voter(simple_evoting.Voter__onSendBallot(simple_evoting.Server)).JML normal_behavior operation contract.1.key 
142035     DEBUG main            d.u.i.k.p.i.AbstractProblemLoader Environment load took 57.2ns 
142036     INFO  main            d.u.i.k.p.i.AbstractProblemLoader Creating init config 
145096     DEBUG main            d.u.i.k.p.i.AbstractProblemLoader Init config took 3.06s 
145145     INFO  main            d.u.i.k.p.i.AbstractProblemLoader Replaying proof simple_evoting.Voter[simple_evoting.Voter::onSendBallot(simple_evoting.Server)].JML normal_behavior operation contract.1 
145147     DEBUG main            d.u.i.k.p.i.IntermediateProofReplayer Proof replay took 12.6ns 
149288     INFO  main            d.u.i.k.p.r.p.TestFile    ... finished proof: closed. 
149514     INFO  main            d.u.i.k.p.r.p.TestFile    Now processing file /home/runner/work/key/key/key.core/../key.ui/examples/InformationFlow/SimpleEvoting/simple_evoting.Voter(simple_evoting.Voter__onSendBallot(simple_evoting.Server)).JML normal_behavior operation contract.0.key 
149514     INFO  main            d.u.i.k.p.i.AbstractProblemLoader Loading environment from /home/runner/work/key/key/key.core/../key.ui/examples/InformationFlow/SimpleEvoting/simple_evoting.Voter(simple_evoting.Voter__onSendBallot(simple_evoting.Server)).JML normal_behavior operation contract.0.key 
149514     DEBUG main            d.u.i.k.p.i.AbstractProblemLoader Environment load took 59.8ns 
149515     INFO  main            d.u.i.k.p.i.AbstractProblemLoader Creating init config 
152631     DEBUG main            d.u.i.k.p.i.AbstractProblemLoader Init config took 3.12s 
152681     INFO  main            d.u.i.k.p.i.AbstractProblemLoader Replaying proof simple_evoting.Voter[simple_evoting.Voter::onSendBallot(simple_evoting.Server)].JML normal_behavior operation contract.0 
152684     DEBUG main            d.u.i.k.p.i.IntermediateProofReplayer Proof replay took 14.4ns 
160775     INFO  main            d.u.i.k.p.r.p.TestFile    ... finished proof: closed. 
161040     INFO  main            d.u.i.k.p.r.p.TestFile    Now processing file /home/runner/work/key/key/key.core/../key.ui/examples/InformationFlow/SimpleEvoting/simple_evoting.Voter(java.lang.Object___inv_()).JML accessible clause.0.key 
161040     INFO  main            d.u.i.k.p.i.AbstractProblemLoader Loading environment from /home/runner/work/key/key/key.core/../key.ui/examples/InformationFlow/SimpleEvoting/simple_evoting.Voter(java.lang.Object___inv_()).JML accessible clause.0.key 
161040     DEBUG main            d.u.i.k.p.i.AbstractProblemLoader Environment load took 57.2ns 
161041     INFO  main            d.u.i.k.p.i.AbstractProblemLoader Creating init config 
164115     DEBUG main            d.u.i.k.p.i.AbstractProblemLoader Init config took 3.07s 
164166     INFO  main            d.u.i.k.p.i.AbstractProblemLoader Replaying proof simple_evoting.Voter[java.lang.Object::<inv>()].JML accessible clause.0 
164168     DEBUG main            d.u.i.k.p.i.IntermediateProofReplayer Proof replay took 12.3ns 
164369     INFO  main            d.u.i.k.p.r.p.TestFile    ... finished proof: closed. 
676942     INFO  Test worker     d.u.i.k.p.r.RunAllProofsTestUnit Returning from test SimpleEvoting 
676947     INFO  Test worker     d.u.i.k.p.r.RunAllProofsTestUnit Running test ToyVoting_nomacro 
311        INFO  Timeout watchdog d.u.i.k.p.r.p.ForkedTestFileRunner Timeout watcher launched (1000 secs.) 
321        WARN  main            d.u.i.k.s.ProofSettings   The settings in /home/runner/.key/proof-settings.props are *not* read. 
357        INFO  main            d.u.i.k.p.r.p.TestFile    Now processing file /home/runner/work/key/key/key.core/../key.ui/examples/InformationFlow/ToyVoting/Voter(Voter__insecure_voting()).Non-interference contract.0.key 
509        INFO  main            d.u.i.k.p.i.AbstractProblemLoader Loading environment from /home/runner/work/key/key/key.core/../key.ui/examples/InformationFlow/ToyVoting/Voter(Voter__insecure_voting()).Non-interference contract.0.key 
532        DEBUG main            d.u.i.k.p.i.AbstractProblemLoader Environment load took 1.78ms 
739        INFO  main            d.u.i.k.p.i.AbstractProblemLoader Creating init config 
1576       DEBUG main            d.u.i.k.j.TypeConverter   No LDT found for Meta 
1582       DEBUG main            d.u.i.k.j.TypeConverter   No LDT found for Meta 
1583       DEBUG main            d.u.i.k.j.TypeConverter   No LDT found for Meta 
1584       DEBUG main            d.u.i.k.j.TypeConverter   No LDT found for Meta 
3163       DEBUG main            d.u.i.k.j.TypeConverter   No LDT found for JavaBigintExpression 
7968       DEBUG main            d.u.i.k.p.i.AbstractProblemLoader Init config took 7.23s 
8100       INFO  main            d.u.i.k.p.i.AbstractProblemLoader Replaying proof Voter[Voter::insecure_voting()].Non-interference contract.0 
8185       DEBUG main            d.u.i.k.p.i.IntermediateProofReplayer Proof replay took 334.3ns 
20445      INFO  main            d.u.i.k.p.r.p.TestFile    ... finished proof: open goal(s) 
20659      INFO  main            d.u.i.k.p.r.p.TestFile    Now processing file /home/runner/work/key/key/key.core/../key.ui/examples/InformationFlow/ToyVoting/Voter(Voter__publishVoterParticipation()).Non-interference contract.0.key 
20659      INFO  main            d.u.i.k.p.i.AbstractProblemLoader Loading environment from /home/runner/work/key/key/key.core/../key.ui/examples/InformationFlow/ToyVoting/Voter(Voter__publishVoterParticipation()).Non-interference contract.0.key 
20659      DEBUG main            d.u.i.k.p.i.AbstractProblemLoader Environment load took 85ns 
20661      INFO  main            d.u.i.k.p.i.AbstractProblemLoader Creating init config 
23267      DEBUG main            d.u.i.k.p.i.AbstractProblemLoader Init config took 2.61s 
23365      INFO  main            d.u.i.k.p.i.AbstractProblemLoader Replaying proof Voter[Voter::publishVoterParticipation()].Non-interference contract.0 
23375      DEBUG main            d.u.i.k.p.i.IntermediateProofReplayer Proof replay took 13.2ns 
23778      INFO  main            d.u.i.k.p.r.p.TestFile    ... finished proof: closed. 
23966      INFO  main            d.u.i.k.p.r.p.TestFile    Now processing file /home/runner/work/key/key/key.core/../key.ui/examples/InformationFlow/ToyVoting/Voter(Voter__isValid(int)).Non-interference contract.0.key 
23968      INFO  main            d.u.i.k.p.i.AbstractProblemLoader Loading environment from /home/runner/work/key/key/key.core/../key.ui/examples/InformationFlow/ToyVoting/Voter(Voter__isValid(int)).Non-interference contract.0.key 
23968      DEBUG main            d.u.i.k.p.i.AbstractProblemLoader Environment load took 124.5ns 
23969      INFO  main            d.u.i.k.p.i.AbstractProblemLoader Creating init config 
26495      DEBUG main            d.u.i.k.p.i.AbstractProblemLoader Init config took 2.53s 
26558      INFO  main            d.u.i.k.p.i.AbstractProblemLoader Replaying proof Voter[Voter::isValid(int)].Non-interference contract.0 
26562      DEBUG main            d.u.i.k.p.i.IntermediateProofReplayer Proof replay took 12.1ns 
26967      INFO  main            d.u.i.k.p.r.p.TestFile    ... finished proof: closed. 
27091      INFO  main            d.u.i.k.p.r.p.TestFile    Now processing file /home/runner/work/key/key/key.core/../key.ui/examples/InformationFlow/ToyVoting/Voter(Voter__sendVote(int)).Non-interference contract.0.key 
27092      INFO  main            d.u.i.k.p.i.AbstractProblemLoader Loading environment from /home/runner/work/key/key/key.core/../key.ui/examples/InformationFlow/ToyVoting/Voter(Voter__sendVote(int)).Non-interference contract.0.key 
27092      DEBUG main            d.u.i.k.p.i.AbstractProblemLoader Environment load took 85.5ns 
27093      INFO  main            d.u.i.k.p.i.AbstractProblemLoader Creating init config 
29591      DEBUG main            d.u.i.k.p.i.AbstractProblemLoader Init config took 2.5s 
29635      INFO  main            d.u.i.k.p.i.AbstractProblemLoader Replaying proof Voter[Voter::sendVote(int)].Non-interference contract.0 
29638      DEBUG main            d.u.i.k.p.i.IntermediateProofReplayer Proof replay took 11.8ns 
29941      INFO  main            d.u.i.k.p.r.p.TestFile    ... finished proof: closed. 
30097      INFO  main            d.u.i.k.p.r.p.TestFile    Now processing file /home/runner/work/key/key/key.core/../key.ui/examples/InformationFlow/ToyVoting/Voter(Voter__inputVote()).Non-interference contract.0.key 
30097      INFO  main            d.u.i.k.p.i.AbstractProblemLoader Loading environment from /home/runner/work/key/key/key.core/../key.ui/examples/InformationFlow/ToyVoting/Voter(Voter__inputVote()).Non-interference contract.0.key 
30097      DEBUG main            d.u.i.k.p.i.AbstractProblemLoader Environment load took 67.9ns 
30098      INFO  main            d.u.i.k.p.i.AbstractProblemLoader Creating init config 
32601      DEBUG main            d.u.i.k.p.i.AbstractProblemLoader Init config took 2.5s 
32644      INFO  main            d.u.i.k.p.i.AbstractProblemLoader Replaying proof Voter[Voter::inputVote()].Non-interference contract.0 
32647      DEBUG main            d.u.i.k.p.i.IntermediateProofReplayer Proof replay took 12.1ns 
32849      INFO  main            d.u.i.k.p.r.p.TestFile    ... finished proof: closed. 
710085     INFO  Test worker     d.u.i.k.p.r.RunAllProofsTestUnit Returning from test ToyVoting_nomacro 
710087     INFO  Test worker     d.u.i.k.p.r.RunAllProofsTestUnit Running test ConditionalConfidential_nomacro 
710087     INFO  Test worker     d.u.i.k.p.r.RunAllProofsTestUnit Returning from test ConditionalConfidential_nomacro 
710088     INFO  Test worker     d.u.i.k.p.r.RunAllProofsTestUnit Running test SumExample_nomacro 
328        INFO  Timeout watchdog d.u.i.k.p.r.p.ForkedTestFileRunner Timeout watcher launched (1000 secs.) 
346        WARN  main            d.u.i.k.s.ProofSettings   The settings in /home/runner/.key/proof-settings.props are *not* read. 
380        INFO  main            d.u.i.k.p.r.p.TestFile    Now processing file /home/runner/work/key/key/key.core/../key.ui/examples/InformationFlow/Sum/SumExample(SumExample__getSum()).Non-interference contract.0.key 
491        INFO  main            d.u.i.k.p.i.AbstractProblemLoader Loading environment from /home/runner/work/key/key/key.core/../key.ui/examples/InformationFlow/Sum/SumExample(SumExample__getSum()).Non-interference contract.0.key 
517        DEBUG main            d.u.i.k.p.i.AbstractProblemLoader Environment load took 1.89ms 
722        INFO  main            d.u.i.k.p.i.AbstractProblemLoader Creating init config 
1561       DEBUG main            d.u.i.k.j.TypeConverter   No LDT found for Meta 
1562       DEBUG main            d.u.i.k.j.TypeConverter   No LDT found for Meta 
1564       DEBUG main            d.u.i.k.j.TypeConverter   No LDT found for Meta 
1564       DEBUG main            d.u.i.k.j.TypeConverter   No LDT found for Meta 
2887       DEBUG main            d.u.i.k.j.TypeConverter   No LDT found for JavaBigintExpression 
7817       DEBUG main            d.u.i.k.p.i.AbstractProblemLoader Init config took 7.1s 
7977       INFO  main            d.u.i.k.p.i.AbstractProblemLoader Replaying proof SumExample[SumExample::getSum()].Non-interference contract.0 
8049       DEBUG main            d.u.i.k.p.i.IntermediateProofReplayer Proof replay took 374.7ns 
11103      INFO  main            d.u.i.k.p.r.p.TestFile    ... finished proof: closed. 
721489     INFO  Test worker     d.u.i.k.p.r.RunAllProofsTestUnit Returning from test SumExample_nomacro 
721491     INFO  Test worker     d.u.i.k.p.r.RunAllProofsTestUnit Running test ToyBanking_nomacro 
320        INFO  Timeout watchdog d.u.i.k.p.r.p.ForkedTestFileRunner Timeout watcher launched (1000 secs.) 
330        WARN  main            d.u.i.k.s.ProofSettings   The settings in /home/runner/.key/proof-settings.props are *not* read. 
352        INFO  main            d.u.i.k.p.r.p.TestFile    Now processing file /home/runner/work/key/key/key.core/../key.ui/examples/InformationFlow/ToyBanking/banking_example.UserAccount(banking_example.UserAccount__getBankAccount(int)).Non-interference contract.0.key 
459        INFO  main            d.u.i.k.p.i.AbstractProblemLoader Loading environment from /home/runner/work/key/key/key.core/../key.ui/examples/InformationFlow/ToyBanking/banking_example.UserAccount(banking_example.UserAccount__getBankAccount(int)).Non-interference contract.0.key 
477        DEBUG main            d.u.i.k.p.i.AbstractProblemLoader Environment load took 1.84ms 
683        INFO  main            d.u.i.k.p.i.AbstractProblemLoader Creating init config 
1437       DEBUG main            d.u.i.k.j.TypeConverter   No LDT found for Meta 
1438       DEBUG main            d.u.i.k.j.TypeConverter   No LDT found for Meta 
1442       DEBUG main            d.u.i.k.j.TypeConverter   No LDT found for Meta 
1442       DEBUG main            d.u.i.k.j.TypeConverter   No LDT found for Meta 
2822       DEBUG main            d.u.i.k.j.TypeConverter   No LDT found for JavaBigintExpression 
7965       DEBUG main            d.u.i.k.p.i.AbstractProblemLoader Init config took 7.28s 
8168       INFO  main            d.u.i.k.p.i.AbstractProblemLoader Replaying proof banking_example.UserAccount[banking_example.UserAccount::getBankAccount(int)].Non-interference contract.0 
8228       DEBUG main            d.u.i.k.p.i.IntermediateProofReplayer Proof replay took 416.1ns 
11634      INFO  main            d.u.i.k.p.r.p.TestFile    ... finished proof: closed. 
11777      INFO  main            d.u.i.k.p.r.p.TestFile    Now processing file /home/runner/work/key/key/key.core/../key.ui/examples/InformationFlow/ToyBanking/banking_example.BankAccount(banking_example.BankAccount__depositMoney(int)).Non-interference contract.0.key 
11777      INFO  main            d.u.i.k.p.i.AbstractProblemLoader Loading environment from /home/runner/work/key/key/key.core/../key.ui/examples/InformationFlow/ToyBanking/banking_example.BankAccount(banking_example.BankAccount__depositMoney(int)).Non-interference contract.0.key 
11777      DEBUG main            d.u.i.k.p.i.AbstractProblemLoader Environment load took 84.2ns 
11780      INFO  main            d.u.i.k.p.i.AbstractProblemLoader Creating init config 
14773      DEBUG main            d.u.i.k.p.i.AbstractProblemLoader Init config took 2.99s 
14877      INFO  main            d.u.i.k.p.i.AbstractProblemLoader Replaying proof banking_example.BankAccount[banking_example.BankAccount::depositMoney(int)].Non-interference contract.0 
14885      DEBUG main            d.u.i.k.p.i.IntermediateProofReplayer Proof replay took 11.6ns 
15891      INFO  main            d.u.i.k.p.r.p.TestFile    ... finished proof: closed. 
16025      INFO  main            d.u.i.k.p.r.p.TestFile    Now processing file /home/runner/work/key/key/key.core/../key.ui/examples/InformationFlow/ToyBanking/banking_example.BankAccount(banking_example.BankAccount__getBalance()).Non-interference contract.0.key 
16026      INFO  main            d.u.i.k.p.i.AbstractProblemLoader Loading environment from /home/runner/work/key/key/key.core/../key.ui/examples/InformationFlow/ToyBanking/banking_example.BankAccount(banking_example.BankAccount__getBalance()).Non-interference contract.0.key 
16026      DEBUG main            d.u.i.k.p.i.AbstractProblemLoader Environment load took 72.9ns 
16028      INFO  main            d.u.i.k.p.i.AbstractProblemLoader Creating init config 
18911      DEBUG main            d.u.i.k.p.i.AbstractProblemLoader Init config took 2.88s 
18979      INFO  main            d.u.i.k.p.i.AbstractProblemLoader Replaying proof banking_example.BankAccount[banking_example.BankAccount::getBalance()].Non-interference contract.0 
18987      DEBUG main            d.u.i.k.p.i.IntermediateProofReplayer Proof replay took 11.5ns 
19306      INFO  main            d.u.i.k.p.r.p.TestFile    ... finished proof: closed. 
19422      INFO  main            d.u.i.k.p.r.p.TestFile    Now processing file /home/runner/work/key/key/key.core/../key.ui/examples/InformationFlow/ToyBanking/banking_example.BankAccount(banking_example.BankAccount__getId()).Non-interference contract.0.key 
19423      INFO  main            d.u.i.k.p.i.AbstractProblemLoader Loading environment from /home/runner/work/key/key/key.core/../key.ui/examples/InformationFlow/ToyBanking/banking_example.BankAccount(banking_example.BankAccount__getId()).Non-interference contract.0.key 
19423      DEBUG main            d.u.i.k.p.i.AbstractProblemLoader Environment load took 90.8ns 
19424      INFO  main            d.u.i.k.p.i.AbstractProblemLoader Creating init config 
22206      DEBUG main            d.u.i.k.p.i.AbstractProblemLoader Init config took 2.78s 
22264      INFO  main            d.u.i.k.p.i.AbstractProblemLoader Replaying proof banking_example.BankAccount[banking_example.BankAccount::getId()].Non-interference contract.0 
22268      DEBUG main            d.u.i.k.p.i.IntermediateProofReplayer Proof replay took 11.1ns 
22571      INFO  main            d.u.i.k.p.r.p.TestFile    ... finished proof: closed. 
22705      INFO  main            d.u.i.k.p.r.p.TestFile    Now processing file /home/runner/work/key/key/key.core/../key.ui/examples/InformationFlow/ToyBanking/banking_example.Bank(banking_example.Bank__login(int,(C)).Non-interference contract.0.key 
22706      INFO  main            d.u.i.k.p.i.AbstractProblemLoader Loading environment from /home/runner/work/key/key/key.core/../key.ui/examples/InformationFlow/ToyBanking/banking_example.Bank(banking_example.Bank__login(int,(C)).Non-interference contract.0.key 
22706      DEBUG main            d.u.i.k.p.i.AbstractProblemLoader Environment load took 107.7ns 
22707      INFO  main            d.u.i.k.p.i.AbstractProblemLoader Creating init config 
25504      DEBUG main            d.u.i.k.p.i.AbstractProblemLoader Init config took 2.8s 
25576      INFO  main            d.u.i.k.p.i.AbstractProblemLoader Replaying proof banking_example.Bank[banking_example.Bank::login(int,[C)].Non-interference contract.0 
25579      DEBUG main            d.u.i.k.p.i.IntermediateProofReplayer Proof replay took 10.4ns 
54634      INFO  main            d.u.i.k.p.r.p.TestFile    ... finished proof: open goal(s) 
54900      INFO  main            d.u.i.k.p.r.p.TestFile    Now processing file /home/runner/work/key/key/key.core/../key.ui/examples/InformationFlow/ToyBanking/banking_example2.UserAccount(banking_example2.UserAccount__getBankAccount(int)).Non-interference contract.0.key 
54900      INFO  main            d.u.i.k.p.i.AbstractProblemLoader Loading environment from /home/runner/work/key/key/key.core/../key.ui/examples/InformationFlow/ToyBanking/banking_example2.UserAccount(banking_example2.UserAccount__getBankAccount(int)).Non-interference contract.0.key 
54900      DEBUG main            d.u.i.k.p.i.AbstractProblemLoader Environment load took 86.2ns 
54901      INFO  main            d.u.i.k.p.i.AbstractProblemLoader Creating init config 
57558      DEBUG main            d.u.i.k.p.i.AbstractProblemLoader Init config took 2.66s 
57628      INFO  main            d.u.i.k.p.i.AbstractProblemLoader Replaying proof banking_example2.UserAccount[banking_example2.UserAccount::getBankAccount(int)].Non-interference contract.0 
57631      DEBUG main            d.u.i.k.p.i.IntermediateProofReplayer Proof replay took 11.7ns 
59165      INFO  main            d.u.i.k.p.r.p.TestFile    ... finished proof: closed. 
59436      INFO  main            d.u.i.k.p.r.p.TestFile    Now processing file /home/runner/work/key/key/key.core/../key.ui/examples/InformationFlow/ToyBanking/banking_example2.BankAccount(banking_example2.BankAccount__depositMoney(int)).Non-interference contract.0.key 
59436      INFO  main            d.u.i.k.p.i.AbstractProblemLoader Loading environment from /home/runner/work/key/key/key.core/../key.ui/examples/InformationFlow/ToyBanking/banking_example2.BankAccount(banking_example2.BankAccount__depositMoney(int)).Non-interference contract.0.key 
59436      DEBUG main            d.u.i.k.p.i.AbstractProblemLoader Environment load took 87.3ns 
59438      INFO  main            d.u.i.k.p.i.AbstractProblemLoader Creating init config 
62021      DEBUG main            d.u.i.k.p.i.AbstractProblemLoader Init config took 2.58s 
62079      INFO  main            d.u.i.k.p.i.AbstractProblemLoader Replaying proof banking_example2.BankAccount[banking_example2.BankAccount::depositMoney(int)].Non-interference contract.0 
62082      DEBUG main            d.u.i.k.p.i.IntermediateProofReplayer Proof replay took 12.8ns 
62786      INFO  main            d.u.i.k.p.r.p.TestFile    ... finished proof: closed. 
62966      INFO  main            d.u.i.k.p.r.p.TestFile    Now processing file /home/runner/work/key/key/key.core/../key.ui/examples/InformationFlow/ToyBanking/banking_example2.BankAccount(banking_example2.BankAccount__getBalance()).Non-interference contract.0.key 
62966      INFO  main            d.u.i.k.p.i.AbstractProblemLoader Loading environment from /home/runner/work/key/key/key.core/../key.ui/examples/InformationFlow/ToyBanking/banking_example2.BankAccount(banking_example2.BankAccount__getBalance()).Non-interference contract.0.key 
62966      DEBUG main            d.u.i.k.p.i.AbstractProblemLoader Environment load took 59.9ns 
62967      INFO  main            d.u.i.k.p.i.AbstractProblemLoader Creating init config 
65580      DEBUG main            d.u.i.k.p.i.AbstractProblemLoader Init config took 2.61s 
65628      INFO  main            d.u.i.k.p.i.AbstractProblemLoader Replaying proof banking_example2.BankAccount[banking_example2.BankAccount::getBalance()].Non-interference contract.0 
65630      DEBUG main            d.u.i.k.p.i.IntermediateProofReplayer Proof replay took 11.2ns 
65932      INFO  main            d.u.i.k.p.r.p.TestFile    ... finished proof: closed. 
66077      INFO  main            d.u.i.k.p.r.p.TestFile    Now processing file /home/runner/work/key/key/key.core/../key.ui/examples/InformationFlow/ToyBanking/banking_example2.BankAccount(banking_example2.BankAccount__getId()).Non-interference contract.0.key 
66079      INFO  main            d.u.i.k.p.i.AbstractProblemLoader Loading environment from /home/runner/work/key/key/key.core/../key.ui/examples/InformationFlow/ToyBanking/banking_example2.BankAccount(banking_example2.BankAccount__getId()).Non-interference contract.0.key 
66079      DEBUG main            d.u.i.k.p.i.AbstractProblemLoader Environment load took 113.5ns 
66080      INFO  main            d.u.i.k.p.i.AbstractProblemLoader Creating init config 
68675      DEBUG main            d.u.i.k.p.i.AbstractProblemLoader Init config took 2.6s 
68724      INFO  main            d.u.i.k.p.i.AbstractProblemLoader Replaying proof banking_example2.BankAccount[banking_example2.BankAccount::getId()].Non-interference contract.0 
68727      DEBUG main            d.u.i.k.p.i.IntermediateProofReplayer Proof replay took 10.5ns 
69031      INFO  main            d.u.i.k.p.r.p.TestFile    ... finished proof: closed. 
790836     INFO  Test worker     d.u.i.k.p.r.RunAllProofsTestUnit Returning from test ToyBanking_nomacro 
790837     INFO  Test worker     d.u.i.k.p.r.RunAllProofsTestUnit Running test BlockContracts_nomacro 
329        INFO  Timeout watchdog d.u.i.k.p.r.p.ForkedTestFileRunner Timeout watcher launched (1000 secs.) 
335        WARN  main            d.u.i.k.s.ProofSettings   The settings in /home/runner/.key/proof-settings.props are *not* read. 
371        INFO  main            d.u.i.k.p.r.p.TestFile    Now processing file /home/runner/work/key/key/key.core/../key.ui/examples/InformationFlow/BlockContracts/contract.IFBlockExamples(contract.IFBlockExamples__secure_5()).Non-interference contract.0.key 
531        INFO  main            d.u.i.k.p.i.AbstractProblemLoader Loading environment from /home/runner/work/key/key/key.core/../key.ui/examples/InformationFlow/BlockContracts/contract.IFBlockExamples(contract.IFBlockExamples__secure_5()).Non-interference contract.0.key 
559        DEBUG main            d.u.i.k.p.i.AbstractProblemLoader Environment load took 1.94ms 
769        INFO  main            d.u.i.k.p.i.AbstractProblemLoader Creating init config 
1812       DEBUG main            d.u.i.k.j.TypeConverter   No LDT found for Meta 
1813       DEBUG main            d.u.i.k.j.TypeConverter   No LDT found for Meta 
1817       DEBUG main            d.u.i.k.j.TypeConverter   No LDT found for Meta 
1817       DEBUG main            d.u.i.k.j.TypeConverter   No LDT found for Meta 
3549       DEBUG main            d.u.i.k.j.TypeConverter   No LDT found for JavaBigintExpression 
8340       DEBUG main            d.u.i.k.p.i.AbstractProblemLoader Init config took 7.57s 
8472       INFO  main            d.u.i.k.p.i.AbstractProblemLoader Replaying proof contract.IFBlockExamples[contract.IFBlockExamples::secure_5()].Non-interference contract.0 
8550       DEBUG main            d.u.i.k.p.i.IntermediateProofReplayer Proof replay took 312.1ns 
9901       INFO  main            d.u.i.k.p.r.p.TestFile    ... finished proof: closed. 
10023      INFO  main            d.u.i.k.p.r.p.TestFile    Now processing file /home/runner/work/key/key/key.core/../key.ui/examples/InformationFlow/BlockContracts/contract.IFBlockExamples(contract.IFBlockExamples__block_no_return_secure(int)).Non-interference contract.0.key 
10023      INFO  main            d.u.i.k.p.i.AbstractProblemLoader Loading environment from /home/runner/work/key/key/key.core/../key.ui/examples/InformationFlow/BlockContracts/contract.IFBlockExamples(contract.IFBlockExamples__block_no_return_secure(int)).Non-interference contract.0.key 
10023      DEBUG main            d.u.i.k.p.i.AbstractProblemLoader Environment load took 80.1ns 
10025      INFO  main            d.u.i.k.p.i.AbstractProblemLoader Creating init config 
12830      DEBUG main            d.u.i.k.p.i.AbstractProblemLoader Init config took 2.81s 
12893      INFO  main            d.u.i.k.p.i.AbstractProblemLoader Replaying proof contract.IFBlockExamples[contract.IFBlockExamples::block_no_return_secure(int)].Non-interference contract.0 
12896      DEBUG main            d.u.i.k.p.i.IntermediateProofReplayer Proof replay took 12.1ns 
13501      INFO  main            d.u.i.k.p.r.p.TestFile    ... finished proof: closed. 
13642      INFO  main            d.u.i.k.p.r.p.TestFile    Now processing file /home/runner/work/key/key/key.core/../key.ui/examples/InformationFlow/BlockContracts/contract.IFBlockExamples(contract.IFBlockExamples__while_block_insecure(int)).Non-interference contract.0.key 
13642      INFO  main            d.u.i.k.p.i.AbstractProblemLoader Loading environment from /home/runner/work/key/key/key.core/../key.ui/examples/InformationFlow/BlockContracts/contract.IFBlockExamples(contract.IFBlockExamples__while_block_insecure(int)).Non-interference contract.0.key 
13643      DEBUG main            d.u.i.k.p.i.AbstractProblemLoader Environment load took 104.3ns 
13644      INFO  main            d.u.i.k.p.i.AbstractProblemLoader Creating init config 
16319      DEBUG main            d.u.i.k.p.i.AbstractProblemLoader Init config took 2.67s 
16390      INFO  main            d.u.i.k.p.i.AbstractProblemLoader Replaying proof contract.IFBlockExamples[contract.IFBlockExamples::while_block_insecure(int)].Non-interference contract.0 
16393      DEBUG main            d.u.i.k.p.i.IntermediateProofReplayer Proof replay took 10.8ns 
17709      INFO  main            d.u.i.k.p.r.p.TestFile    ... finished proof: open goal(s) 
17863      INFO  main            d.u.i.k.p.r.p.TestFile    Now processing file /home/runner/work/key/key/key.core/../key.ui/examples/InformationFlow/BlockContracts/contract.IFBlockExamples(contract.IFBlockExamples__while_block_secure(int)).Non-interference contract.0.key 
17864      INFO  main            d.u.i.k.p.i.AbstractProblemLoader Loading environment from /home/runner/work/key/key/key.core/../key.ui/examples/InformationFlow/BlockContracts/contract.IFBlockExamples(contract.IFBlockExamples__while_block_secure(int)).Non-interference contract.0.key 
17864      DEBUG main            d.u.i.k.p.i.AbstractProblemLoader Environment load took 74.3ns 
17865      INFO  main            d.u.i.k.p.i.AbstractProblemLoader Creating init config 
20472      DEBUG main            d.u.i.k.p.i.AbstractProblemLoader Init config took 2.61s 
20521      INFO  main            d.u.i.k.p.i.AbstractProblemLoader Replaying proof contract.IFBlockExamples[contract.IFBlockExamples::while_block_secure(int)].Non-interference contract.0 
20524      DEBUG main            d.u.i.k.p.i.IntermediateProofReplayer Proof replay took 10.6ns 
21764      INFO  main            d.u.i.k.p.r.p.TestFile    ... finished proof: closed. 
21922      INFO  main            d.u.i.k.p.r.p.TestFile    Now processing file /home/runner/work/key/key/key.core/../key.ui/examples/InformationFlow/BlockContracts/contract.IFBlockExamples(contract.IFBlockExamples__block_while_secure(int)).Non-interference contract.0.key 
21922      INFO  main            d.u.i.k.p.i.AbstractProblemLoader Loading environment from /home/runner/work/key/key/key.core/../key.ui/examples/InformationFlow/BlockContracts/contract.IFBlockExamples(contract.IFBlockExamples__block_while_secure(int)).Non-interference contract.0.key 
21922      DEBUG main            d.u.i.k.p.i.AbstractProblemLoader Environment load took 63.2ns 
21925      INFO  main            d.u.i.k.p.i.AbstractProblemLoader Creating init config 
24508      DEBUG main            d.u.i.k.p.i.AbstractProblemLoader Init config took 2.58s 
24553      INFO  main            d.u.i.k.p.i.AbstractProblemLoader Replaying proof contract.IFBlockExamples[contract.IFBlockExamples::block_while_secure(int)].Non-interference contract.0 
24557      DEBUG main            d.u.i.k.p.i.IntermediateProofReplayer Proof replay took 11.1ns 
25863      INFO  main            d.u.i.k.p.r.p.TestFile    ... finished proof: closed. 
26100      INFO  main            d.u.i.k.p.r.p.TestFile    Now processing file /home/runner/work/key/key/key.core/../key.ui/examples/InformationFlow/BlockContracts/contract.IFBlockExamples(contract.IFBlockExamples__insecure_4(int)).Non-interference contract.0.key 
26101      INFO  main            d.u.i.k.p.i.AbstractProblemLoader Loading environment from /home/runner/work/key/key/key.core/../key.ui/examples/InformationFlow/BlockContracts/contract.IFBlockExamples(contract.IFBlockExamples__insecure_4(int)).Non-interference contract.0.key 
26101      DEBUG main            d.u.i.k.p.i.AbstractProblemLoader Environment load took 120.8ns 
26103      INFO  main            d.u.i.k.p.i.AbstractProblemLoader Creating init config 
28649      DEBUG main            d.u.i.k.p.i.AbstractProblemLoader Init config took 2.55s 
28705      INFO  main            d.u.i.k.p.i.AbstractProblemLoader Replaying proof contract.IFBlockExamples[contract.IFBlockExamples::insecure_4(int)].Non-interference contract.0 
28707      DEBUG main            d.u.i.k.p.i.IntermediateProofReplayer Proof replay took 11.7ns 
30419      INFO  main            d.u.i.k.p.r.p.TestFile    ... finished proof: open goal(s) 
30634      INFO  main            d.u.i.k.p.r.p.TestFile    Now processing file /home/runner/work/key/key/key.core/../key.ui/examples/InformationFlow/BlockContracts/contract.IFBlockExamples(contract.IFBlockExamples__insecure_3(int)).Non-interference contract.0.key 
30634      INFO  main            d.u.i.k.p.i.AbstractProblemLoader Loading environment from /home/runner/work/key/key/key.core/../key.ui/examples/InformationFlow/BlockContracts/contract.IFBlockExamples(contract.IFBlockExamples__insecure_3(int)).Non-interference contract.0.key 
30634      DEBUG main            d.u.i.k.p.i.AbstractProblemLoader Environment load took 76ns 
30635      INFO  main            d.u.i.k.p.i.AbstractProblemLoader Creating init config 
33126      DEBUG main            d.u.i.k.p.i.AbstractProblemLoader Init config took 2.49s 
33170      INFO  main            d.u.i.k.p.i.AbstractProblemLoader Replaying proof contract.IFBlockExamples[contract.IFBlockExamples::insecure_3(int)].Non-interference contract.0 
33173      DEBUG main            d.u.i.k.p.i.IntermediateProofReplayer Proof replay took 11.2ns 
34999      INFO  main            d.u.i.k.p.r.p.TestFile    ... finished proof: open goal(s) 
35255      INFO  main            d.u.i.k.p.r.p.TestFile    Now processing file /home/runner/work/key/key/key.core/../key.ui/examples/InformationFlow/BlockContracts/contract.IFBlockExamples(contract.IFBlockExamples__secure_3(int)).Non-interference contract.0.key 
35255      INFO  main            d.u.i.k.p.i.AbstractProblemLoader Loading environment from /home/runner/work/key/key/key.core/../key.ui/examples/InformationFlow/BlockContracts/contract.IFBlockExamples(contract.IFBlockExamples__secure_3(int)).Non-interference contract.0.key 
35255      DEBUG main            d.u.i.k.p.i.AbstractProblemLoader Environment load took 64.3ns 
35256      INFO  main            d.u.i.k.p.i.AbstractProblemLoader Creating init config 
37802      DEBUG main            d.u.i.k.p.i.AbstractProblemLoader Init config took 2.54s 
37863      INFO  main            d.u.i.k.p.i.AbstractProblemLoader Replaying proof contract.IFBlockExamples[contract.IFBlockExamples::secure_3(int)].Non-interference contract.0 
37867      DEBUG main            d.u.i.k.p.i.IntermediateProofReplayer Proof replay took 11.7ns 
39574      INFO  main            d.u.i.k.p.r.p.TestFile    ... finished proof: closed. 
39793      INFO  main            d.u.i.k.p.r.p.TestFile    Now processing file /home/runner/work/key/key/key.core/../key.ui/examples/InformationFlow/BlockContracts/contract.IFBlockExamples(contract.IFBlockExamples__secure_2(int)).Non-interference contract.0.key 
39794      INFO  main            d.u.i.k.p.i.AbstractProblemLoader Loading environment from /home/runner/work/key/key/key.core/../key.ui/examples/InformationFlow/BlockContracts/contract.IFBlockExamples(contract.IFBlockExamples__secure_2(int)).Non-interference contract.0.key 
39794      DEBUG main            d.u.i.k.p.i.AbstractProblemLoader Environment load took 106.9ns 
39795      INFO  main            d.u.i.k.p.i.AbstractProblemLoader Creating init config 
42286      DEBUG main            d.u.i.k.p.i.AbstractProblemLoader Init config took 2.49s 
42329      INFO  main            d.u.i.k.p.i.AbstractProblemLoader Replaying proof contract.IFBlockExamples[contract.IFBlockExamples::secure_2(int)].Non-interference contract.0 
42331      DEBUG main            d.u.i.k.p.i.IntermediateProofReplayer Proof replay took 12.8ns 
44346      INFO  main            d.u.i.k.p.r.p.TestFile    ... finished proof: closed. 
44591      INFO  main            d.u.i.k.p.r.p.TestFile    Now processing file /home/runner/work/key/key/key.core/../key.ui/examples/InformationFlow/BlockContracts/contract.IFBlockExamples(contract.IFBlockExamples__secure_8(int)).Non-interference contract.0.key 
44591      INFO  main            d.u.i.k.p.i.AbstractProblemLoader Loading environment from /home/runner/work/key/key/key.core/../key.ui/examples/InformationFlow/BlockContracts/contract.IFBlockExamples(contract.IFBlockExamples__secure_8(int)).Non-interference contract.0.key 
44591      DEBUG main            d.u.i.k.p.i.AbstractProblemLoader Environment load took 129.6ns 
44592      INFO  main            d.u.i.k.p.i.AbstractProblemLoader Creating init config 
47063      DEBUG main            d.u.i.k.p.i.AbstractProblemLoader Init config took 2.47s 
47105      INFO  main            d.u.i.k.p.i.AbstractProblemLoader Replaying proof contract.IFBlockExamples[contract.IFBlockExamples::secure_8(int)].Non-interference contract.0 
47107      DEBUG main            d.u.i.k.p.i.IntermediateProofReplayer Proof replay took 12.6ns 
47713      INFO  main            d.u.i.k.p.r.p.TestFile    ... finished proof: closed. 
47919      INFO  main            d.u.i.k.p.r.p.TestFile    Now processing file /home/runner/work/key/key/key.core/../key.ui/examples/InformationFlow/BlockContracts/contract.IFBlockExamples(contract.IFBlockExamples__secure_7(int)).Non-interference contract.0.key 
47919      INFO  main            d.u.i.k.p.i.AbstractProblemLoader Loading environment from /home/runner/work/key/key/key.core/../key.ui/examples/InformationFlow/BlockContracts/contract.IFBlockExamples(contract.IFBlockExamples__secure_7(int)).Non-interference contract.0.key 
47920      DEBUG main            d.u.i.k.p.i.AbstractProblemLoader Environment load took 410.4ns 
47921      INFO  main            d.u.i.k.p.i.AbstractProblemLoader Creating init config 
50390      DEBUG main            d.u.i.k.p.i.AbstractProblemLoader Init config took 2.47s 
50430      INFO  main            d.u.i.k.p.i.AbstractProblemLoader Replaying proof contract.IFBlockExamples[contract.IFBlockExamples::secure_7(int)].Non-interference contract.0 
50432      DEBUG main            d.u.i.k.p.i.IntermediateProofReplayer Proof replay took 12.2ns 
50836      INFO  main            d.u.i.k.p.r.p.TestFile    ... finished proof: closed. 
50996      INFO  main            d.u.i.k.p.r.p.TestFile    Now processing file /home/runner/work/key/key/key.core/../key.ui/examples/InformationFlow/BlockContracts/contract.IFBlockExamples(contract.IFBlockExamples__secure_6(int)).Non-interference contract.0.key 
50996      INFO  main            d.u.i.k.p.i.AbstractProblemLoader Loading environment from /home/runner/work/key/key/key.core/../key.ui/examples/InformationFlow/BlockContracts/contract.IFBlockExamples(contract.IFBlockExamples__secure_6(int)).Non-interference contract.0.key 
50996      DEBUG main            d.u.i.k.p.i.AbstractProblemLoader Environment load took 61.9ns 
50997      INFO  main            d.u.i.k.p.i.AbstractProblemLoader Creating init config 
53473      DEBUG main            d.u.i.k.p.i.AbstractProblemLoader Init config took 2.48s 
53513      INFO  main            d.u.i.k.p.i.AbstractProblemLoader Replaying proof contract.IFBlockExamples[contract.IFBlockExamples::secure_6(int)].Non-interference contract.0 
53515      DEBUG main            d.u.i.k.p.i.IntermediateProofReplayer Proof replay took 11ns 
53918      INFO  main            d.u.i.k.p.r.p.TestFile    ... finished proof: closed. 
54106      INFO  main            d.u.i.k.p.r.p.TestFile    Now processing file /home/runner/work/key/key/key.core/../key.ui/examples/InformationFlow/BlockContracts/contract.IFBlockExamples(contract.IFBlockExamples__insecure_1(int)).Non-interference contract.0.key 
54107      INFO  main            d.u.i.k.p.i.AbstractProblemLoader Loading environment from /home/runner/work/key/key/key.core/../key.ui/examples/InformationFlow/BlockContracts/contract.IFBlockExamples(contract.IFBlockExamples__insecure_1(int)).Non-interference contract.0.key 
54107      DEBUG main            d.u.i.k.p.i.AbstractProblemLoader Environment load took 142.9ns 
54108      INFO  main            d.u.i.k.p.i.AbstractProblemLoader Creating init config 
56577      DEBUG main            d.u.i.k.p.i.AbstractProblemLoader Init config took 2.47s 
56615      INFO  main            d.u.i.k.p.i.AbstractProblemLoader Replaying proof contract.IFBlockExamples[contract.IFBlockExamples::insecure_1(int)].Non-interference contract.0 
56617      DEBUG main            d.u.i.k.p.i.IntermediateProofReplayer Proof replay took 12.2ns 
57122      INFO  main            d.u.i.k.p.r.p.TestFile    ... finished proof: open goal(s) 
57295      INFO  main            d.u.i.k.p.r.p.TestFile    Now processing file /home/runner/work/key/key/key.core/../key.ui/examples/InformationFlow/BlockContracts/contract.IFBlockExamples(contract.IFBlockExamples__secure_4(int)).Non-interference contract.0.key 
57297      INFO  main            d.u.i.k.p.i.AbstractProblemLoader Loading environment from /home/runner/work/key/key/key.core/../key.ui/examples/InformationFlow/BlockContracts/contract.IFBlockExamples(contract.IFBlockExamples__secure_4(int)).Non-interference contract.0.key 
57297      DEBUG main            d.u.i.k.p.i.AbstractProblemLoader Environment load took 106.3ns 
57298      INFO  main            d.u.i.k.p.i.AbstractProblemLoader Creating init config 
59763      DEBUG main            d.u.i.k.p.i.AbstractProblemLoader Init config took 2.46s 
59800      INFO  main            d.u.i.k.p.i.AbstractProblemLoader Replaying proof contract.IFBlockExamples[contract.IFBlockExamples::secure_4(int)].Non-interference contract.0 
59802      DEBUG main            d.u.i.k.p.i.IntermediateProofReplayer Proof replay took 12.3ns 
60305      INFO  main            d.u.i.k.p.r.p.TestFile    ... finished proof: closed. 
60539      INFO  main            d.u.i.k.p.r.p.TestFile    Now processing file /home/runner/work/key/key/key.core/../key.ui/examples/InformationFlow/BlockContracts/contract.IFBlockExamples(contract.IFBlockExamples__secure_1(int)).Non-interference contract.0.key 
60539      INFO  main            d.u.i.k.p.i.AbstractProblemLoader Loading environment from /home/runner/work/key/key/key.core/../key.ui/examples/InformationFlow/BlockContracts/contract.IFBlockExamples(contract.IFBlockExamples__secure_1(int)).Non-interference contract.0.key 
60539      DEBUG main            d.u.i.k.p.i.AbstractProblemLoader Environment load took 56.2ns 
60540      INFO  main            d.u.i.k.p.i.AbstractProblemLoader Creating init config 
63000      DEBUG main            d.u.i.k.p.i.AbstractProblemLoader Init config took 2.46s 
63037      INFO  main            d.u.i.k.p.i.AbstractProblemLoader Replaying proof contract.IFBlockExamples[contract.IFBlockExamples::secure_1(int)].Non-interference contract.0 
63039      DEBUG main            d.u.i.k.p.i.IntermediateProofReplayer Proof replay took 13.6ns 
63747      INFO  main            d.u.i.k.p.r.p.TestFile    ... finished proof: closed. 
63924      INFO  main            d.u.i.k.p.r.p.TestFile    Now processing file /home/runner/work/key/key/key.core/../key.ui/examples/InformationFlow/BlockContracts/contract.IFEfficiencyExamples(contract.IFEfficiencyExamples__mWithoutBlockContract()).Non-interference contract.0.key 
63924      INFO  main            d.u.i.k.p.i.AbstractProblemLoader Loading environment from /home/runner/work/key/key/key.core/../key.ui/examples/InformationFlow/BlockContracts/contract.IFEfficiencyExamples(contract.IFEfficiencyExamples__mWithoutBlockContract()).Non-interference contract.0.key 
63924      DEBUG main            d.u.i.k.p.i.AbstractProblemLoader Environment load took 71.9ns 
63925      INFO  main            d.u.i.k.p.i.AbstractProblemLoader Creating init config 
66391      DEBUG main            d.u.i.k.p.i.AbstractProblemLoader Init config took 2.47s 
66427      INFO  main            d.u.i.k.p.i.AbstractProblemLoader Replaying proof contract.IFEfficiencyExamples[contract.IFEfficiencyExamples::mWithoutBlockContract()].Non-interference contract.0 
66429      DEBUG main            d.u.i.k.p.i.IntermediateProofReplayer Proof replay took 12.1ns 
68867      INFO  main            d.u.i.k.p.r.p.TestFile    ... finished proof: closed. 
69097      INFO  main            d.u.i.k.p.r.p.TestFile    Now processing file /home/runner/work/key/key/key.core/../key.ui/examples/InformationFlow/BlockContracts/contract.IFEfficiencyExamples(contract.IFEfficiencyExamples__mWithBlockContract()).Non-interference contract.0.key 
69097      INFO  main            d.u.i.k.p.i.AbstractProblemLoader Loading environment from /home/runner/work/key/key/key.core/../key.ui/examples/InformationFlow/BlockContracts/contract.IFEfficiencyExamples(contract.IFEfficiencyExamples__mWithBlockContract()).Non-interference contract.0.key 
69097      DEBUG main            d.u.i.k.p.i.AbstractProblemLoader Environment load took 53.7ns 
69098      INFO  main            d.u.i.k.p.i.AbstractProblemLoader Creating init config 
71538      DEBUG main            d.u.i.k.p.i.AbstractProblemLoader Init config took 2.44s 
71578      INFO  main            d.u.i.k.p.i.AbstractProblemLoader Replaying proof contract.IFEfficiencyExamples[contract.IFEfficiencyExamples::mWithBlockContract()].Non-interference contract.0 
71580      DEBUG main            d.u.i.k.p.i.IntermediateProofReplayer Proof replay took 12.6ns 
73707      INFO  main            d.u.i.k.p.r.p.TestFile    ... finished proof: closed. 
864908     INFO  Test worker     d.u.i.k.p.r.RunAllProofsTestUnit Returning from test BlockContracts_nomacro 
864909     INFO  Test worker     d.u.i.k.p.r.RunAllProofsTestUnit Running test MethodContracts_nomacro 
311        INFO  Timeout watchdog d.u.i.k.p.r.p.ForkedTestFileRunner Timeout watcher launched (1000 secs.) 
316        WARN  main            d.u.i.k.s.ProofSettings   The settings in /home/runner/.key/proof-settings.props are *not* read. 
358        INFO  main            d.u.i.k.p.r.p.TestFile    Now processing file /home/runner/work/key/key/key.core/../key.ui/examples/InformationFlow/MethodContracts/contract.IFMethodContract(contract.IFMethodContract__secure_recursion_2((I,int)).Non-interference contract.0.key 
480        INFO  main            d.u.i.k.p.i.AbstractProblemLoader Loading environment from /home/runner/work/key/key/key.core/../key.ui/examples/InformationFlow/MethodContracts/contract.IFMethodContract(contract.IFMethodContract__secure_recursion_2((I,int)).Non-interference contract.0.key 
505        DEBUG main            d.u.i.k.p.i.AbstractProblemLoader Environment load took 2.1ms 
714        INFO  main            d.u.i.k.p.i.AbstractProblemLoader Creating init config 
1637       DEBUG main            d.u.i.k.j.TypeConverter   No LDT found for Meta 
1638       DEBUG main            d.u.i.k.j.TypeConverter   No LDT found for Meta 
1639       DEBUG main            d.u.i.k.j.TypeConverter   No LDT found for Meta 
1640       DEBUG main            d.u.i.k.j.TypeConverter   No LDT found for Meta 
2886       DEBUG main            d.u.i.k.j.TypeConverter   No LDT found for JavaBigintExpression 
8003       DEBUG main            d.u.i.k.p.i.AbstractProblemLoader Init config took 7.29s 
8146       INFO  main            d.u.i.k.p.i.AbstractProblemLoader Replaying proof contract.IFMethodContract[contract.IFMethodContract::secure_recursion_2([I,int)].Non-interference contract.0 
8178       DEBUG main            d.u.i.k.p.i.IntermediateProofReplayer Proof replay took 287.6ns 
11749      INFO  main            d.u.i.k.p.r.p.TestFile    ... finished proof: closed. 
11888      INFO  main            d.u.i.k.p.r.p.TestFile    Now processing file /home/runner/work/key/key/key.core/../key.ui/examples/InformationFlow/MethodContracts/contract.IFMethodContract(contract.IFMethodContract__secure_recursion(int)).Non-interference contract.0.key 
11889      INFO  main            d.u.i.k.p.i.AbstractProblemLoader Loading environment from /home/runner/work/key/key/key.core/../key.ui/examples/InformationFlow/MethodContracts/contract.IFMethodContract(contract.IFMethodContract__secure_recursion(int)).Non-interference contract.0.key 
11890      DEBUG main            d.u.i.k.p.i.AbstractProblemLoader Environment load took 1.45ms 
11893      INFO  main            d.u.i.k.p.i.AbstractProblemLoader Creating init config 
14799      DEBUG main            d.u.i.k.p.i.AbstractProblemLoader Init config took 2.91s 
14878      INFO  main            d.u.i.k.p.i.AbstractProblemLoader Replaying proof contract.IFMethodContract[contract.IFMethodContract::secure_recursion(int)].Non-interference contract.0 
14881      DEBUG main            d.u.i.k.p.i.IntermediateProofReplayer Proof replay took 11.8ns 
15285      INFO  main            d.u.i.k.p.r.p.TestFile    ... finished proof: closed. 
15408      INFO  main            d.u.i.k.p.r.p.TestFile    Now processing file /home/runner/work/key/key/key.core/../key.ui/examples/InformationFlow/MethodContracts/contract.IFMethodContract(contract.IFMethodContract__secure_catch_exception()).Non-interference contract.0.key 
15408      INFO  main            d.u.i.k.p.i.AbstractProblemLoader Loading environment from /home/runner/work/key/key/key.core/../key.ui/examples/InformationFlow/MethodContracts/contract.IFMethodContract(contract.IFMethodContract__secure_catch_exception()).Non-interference contract.0.key 
15408      DEBUG main            d.u.i.k.p.i.AbstractProblemLoader Environment load took 96.3ns 
15410      INFO  main            d.u.i.k.p.i.AbstractProblemLoader Creating init config 
18183      DEBUG main            d.u.i.k.p.i.AbstractProblemLoader Init config took 2.77s 
18247      INFO  main            d.u.i.k.p.i.AbstractProblemLoader Replaying proof contract.IFMethodContract[contract.IFMethodContract::secure_catch_exception()].Non-interference contract.0 
18251      DEBUG main            d.u.i.k.p.i.IntermediateProofReplayer Proof replay took 11.9ns 
18658      INFO  main            d.u.i.k.p.r.p.TestFile    ... finished proof: closed. 
18778      INFO  main            d.u.i.k.p.r.p.TestFile    Now processing file /home/runner/work/key/key/key.core/../key.ui/examples/InformationFlow/MethodContracts/contract.IFMethodContract(contract.IFMethodContract__n6()).Non-interference contract.0.key 
18778      INFO  main            d.u.i.k.p.i.AbstractProblemLoader Loading environment from /home/runner/work/key/key/key.core/../key.ui/examples/InformationFlow/MethodContracts/contract.IFMethodContract(contract.IFMethodContract__n6()).Non-interference contract.0.key 
18778      DEBUG main            d.u.i.k.p.i.AbstractProblemLoader Environment load took 117.8ns 
18780      INFO  main            d.u.i.k.p.i.AbstractProblemLoader Creating init config 
21436      DEBUG main            d.u.i.k.p.i.AbstractProblemLoader Init config took 2.66s 
21483      INFO  main            d.u.i.k.p.i.AbstractProblemLoader Replaying proof contract.IFMethodContract[contract.IFMethodContract::n6()].Non-interference contract.0 
21488      DEBUG main            d.u.i.k.p.i.IntermediateProofReplayer Proof replay took 12ns 
21691      INFO  main            d.u.i.k.p.r.p.TestFile    ... finished proof: closed. 
21803      INFO  main            d.u.i.k.p.r.p.TestFile    Now processing file /home/runner/work/key/key/key.core/../key.ui/examples/InformationFlow/MethodContracts/contract.IFMethodContract(contract.IFMethodContract__secure_n6()).Non-interference contract.0.key 
21803      INFO  main            d.u.i.k.p.i.AbstractProblemLoader Loading environment from /home/runner/work/key/key/key.core/../key.ui/examples/InformationFlow/MethodContracts/contract.IFMethodContract(contract.IFMethodContract__secure_n6()).Non-interference contract.0.key 
21804      DEBUG main            d.u.i.k.p.i.AbstractProblemLoader Environment load took 106.3ns 
21805      INFO  main            d.u.i.k.p.i.AbstractProblemLoader Creating init config 
24410      DEBUG main            d.u.i.k.p.i.AbstractProblemLoader Init config took 2.61s 
24455      INFO  main            d.u.i.k.p.i.AbstractProblemLoader Replaying proof contract.IFMethodContract[contract.IFMethodContract::secure_n6()].Non-interference contract.0 
24458      DEBUG main            d.u.i.k.p.i.IntermediateProofReplayer Proof replay took 11.2ns 
24664      INFO  main            d.u.i.k.p.r.p.TestFile    ... finished proof: closed. 
24788      INFO  main            d.u.i.k.p.r.p.TestFile    Now processing file /home/runner/work/key/key/key.core/../key.ui/examples/InformationFlow/MethodContracts/contract.IFMethodContract(contract.IFMethodContract__secure_array_param((I,int)).Non-interference contract.0.key 
24788      INFO  main            d.u.i.k.p.i.AbstractProblemLoader Loading environment from /home/runner/work/key/key/key.core/../key.ui/examples/InformationFlow/MethodContracts/contract.IFMethodContract(contract.IFMethodContract__secure_array_param((I,int)).Non-interference contract.0.key 
24788      DEBUG main            d.u.i.k.p.i.AbstractProblemLoader Environment load took 105ns 
24790      INFO  main            d.u.i.k.p.i.AbstractProblemLoader Creating init config 
27357      DEBUG main            d.u.i.k.p.i.AbstractProblemLoader Init config took 2.57s 
27410      INFO  main            d.u.i.k.p.i.AbstractProblemLoader Replaying proof contract.IFMethodContract[contract.IFMethodContract::secure_array_param([I,int)].Non-interference contract.0 
27413      DEBUG main            d.u.i.k.p.i.IntermediateProofReplayer Proof replay took 10.9ns 
28517      INFO  main            d.u.i.k.p.r.p.TestFile    ... finished proof: closed. 
28651      INFO  main            d.u.i.k.p.r.p.TestFile    Now processing file /home/runner/work/key/key/key.core/../key.ui/examples/InformationFlow/MethodContracts/contract.IFMethodContract(contract.IFMethodContract__secure_assignment_0_n9()).Non-interference contract.0.key 
28652      INFO  main            d.u.i.k.p.i.AbstractProblemLoader Loading environment from /home/runner/work/key/key/key.core/../key.ui/examples/InformationFlow/MethodContracts/contract.IFMethodContract(contract.IFMethodContract__secure_assignment_0_n9()).Non-interference contract.0.key 
28652      DEBUG main            d.u.i.k.p.i.AbstractProblemLoader Environment load took 126.7ns 
28653      INFO  main            d.u.i.k.p.i.AbstractProblemLoader Creating init config 
31199      DEBUG main            d.u.i.k.p.i.AbstractProblemLoader Init config took 2.55s 
31240      INFO  main            d.u.i.k.p.i.AbstractProblemLoader Replaying proof contract.IFMethodContract[contract.IFMethodContract::secure_assignment_0_n9()].Non-interference contract.0 
31243      DEBUG main            d.u.i.k.p.i.IntermediateProofReplayer Proof replay took 11.5ns 
31445      INFO  main            d.u.i.k.p.r.p.TestFile    ... finished proof: closed. 
31576      INFO  main            d.u.i.k.p.r.p.TestFile    Now processing file /home/runner/work/key/key/key.core/../key.ui/examples/InformationFlow/MethodContracts/contract.IFMethodContract(contract.IFMethodContract__insecure_if_high_n5_n1()).Non-interference contract.0.key 
31576      INFO  main            d.u.i.k.p.i.AbstractProblemLoader Loading environment from /home/runner/work/key/key/key.core/../key.ui/examples/InformationFlow/MethodContracts/contract.IFMethodContract(contract.IFMethodContract__insecure_if_high_n5_n1()).Non-interference contract.0.key 
31576      DEBUG main            d.u.i.k.p.i.AbstractProblemLoader Environment load took 97.2ns 
31577      INFO  main            d.u.i.k.p.i.AbstractProblemLoader Creating init config 
34118      DEBUG main            d.u.i.k.p.i.AbstractProblemLoader Init config took 2.54s 
34159      INFO  main            d.u.i.k.p.i.AbstractProblemLoader Replaying proof contract.IFMethodContract[contract.IFMethodContract::insecure_if_high_n5_n1()].Non-interference contract.0 
34162      DEBUG main            d.u.i.k.p.i.IntermediateProofReplayer Proof replay took 12.1ns 
34875      INFO  main            d.u.i.k.p.r.p.TestFile    ... finished proof: open goal(s) 
35010      INFO  main            d.u.i.k.p.r.p.TestFile    Now processing file /home/runner/work/key/key/key.core/../key.ui/examples/InformationFlow/MethodContracts/contract.IFMethodContract(contract.IFMethodContract__n5(int)).Non-interference contract.0.key 
35010      INFO  main            d.u.i.k.p.i.AbstractProblemLoader Loading environment from /home/runner/work/key/key/key.core/../key.ui/examples/InformationFlow/MethodContracts/contract.IFMethodContract(contract.IFMethodContract__n5(int)).Non-interference contract.0.key 
35011      DEBUG main            d.u.i.k.p.i.AbstractProblemLoader Environment load took 73.3ns 
35012      INFO  main            d.u.i.k.p.i.AbstractProblemLoader Creating init config 
37588      DEBUG main            d.u.i.k.p.i.AbstractProblemLoader Init config took 2.58s 
37641      INFO  main            d.u.i.k.p.i.AbstractProblemLoader Replaying proof contract.IFMethodContract[contract.IFMethodContract::n5(int)].Non-interference contract.0 
37644      DEBUG main            d.u.i.k.p.i.IntermediateProofReplayer Proof replay took 13ns 
37747      INFO  main            d.u.i.k.p.r.p.TestFile    ... finished proof: closed. 
37915      INFO  main            d.u.i.k.p.r.p.TestFile    Now processing file /home/runner/work/key/key/key.core/../key.ui/examples/InformationFlow/MethodContracts/contract.IFMethodContract(contract.IFMethodContract__secure_if_high_n5_n1()).Non-interference contract.0.key 
37916      INFO  main            d.u.i.k.p.i.AbstractProblemLoader Loading environment from /home/runner/work/key/key/key.core/../key.ui/examples/InformationFlow/MethodContracts/contract.IFMethodContract(contract.IFMethodContract__secure_if_high_n5_n1()).Non-interference contract.0.key 
37916      DEBUG main            d.u.i.k.p.i.AbstractProblemLoader Environment load took 130.2ns 
37917      INFO  main            d.u.i.k.p.i.AbstractProblemLoader Creating init config 
40430      DEBUG main            d.u.i.k.p.i.AbstractProblemLoader Init config took 2.51s 
40470      INFO  main            d.u.i.k.p.i.AbstractProblemLoader Replaying proof contract.IFMethodContract[contract.IFMethodContract::secure_if_high_n5_n1()].Non-interference contract.0 
40472      DEBUG main            d.u.i.k.p.i.IntermediateProofReplayer Proof replay took 11ns 
41382      INFO  main            d.u.i.k.p.r.p.TestFile    ... finished proof: closed. 
41551      INFO  main            d.u.i.k.p.r.p.TestFile    Now processing file /home/runner/work/key/key/key.core/../key.ui/examples/InformationFlow/MethodContracts/contract.IFMethodContract(contract.IFMethodContract__secure_if_high_n1()).Non-interference contract.0.key 
41551      INFO  main            d.u.i.k.p.i.AbstractProblemLoader Loading environment from /home/runner/work/key/key/key.core/../key.ui/examples/InformationFlow/MethodContracts/contract.IFMethodContract(contract.IFMethodContract__secure_if_high_n1()).Non-interference contract.0.key 
41551      DEBUG main            d.u.i.k.p.i.AbstractProblemLoader Environment load took 73.7ns 
41552      INFO  main            d.u.i.k.p.i.AbstractProblemLoader Creating init config 
44095      DEBUG main            d.u.i.k.p.i.AbstractProblemLoader Init config took 2.54s 
44135      INFO  main            d.u.i.k.p.i.AbstractProblemLoader Replaying proof contract.IFMethodContract[contract.IFMethodContract::secure_if_high_n1()].Non-interference contract.0 
44137      DEBUG main            d.u.i.k.p.i.IntermediateProofReplayer Proof replay took 12ns 
44650      INFO  main            d.u.i.k.p.r.p.TestFile    ... finished proof: closed. 
44826      INFO  main            d.u.i.k.p.r.p.TestFile    Now processing file /home/runner/work/key/key/key.core/../key.ui/examples/InformationFlow/MethodContracts/contract.IFMethodContract(contract.IFMethodContract__secure_n5()).Non-interference contract.0.key 
44826      INFO  main            d.u.i.k.p.i.AbstractProblemLoader Loading environment from /home/runner/work/key/key/key.core/../key.ui/examples/InformationFlow/MethodContracts/contract.IFMethodContract(contract.IFMethodContract__secure_n5()).Non-interference contract.0.key 
44826      DEBUG main            d.u.i.k.p.i.AbstractProblemLoader Environment load took 58.3ns 
44828      INFO  main            d.u.i.k.p.i.AbstractProblemLoader Creating init config 
47334      DEBUG main            d.u.i.k.p.i.AbstractProblemLoader Init config took 2.51s 
47372      INFO  main            d.u.i.k.p.i.AbstractProblemLoader Replaying proof contract.IFMethodContract[contract.IFMethodContract::secure_n5()].Non-interference contract.0 
47374      DEBUG main            d.u.i.k.p.i.IntermediateProofReplayer Proof replay took 12.8ns 
47590      INFO  main            d.u.i.k.p.r.p.TestFile    ... finished proof: closed. 
47728      INFO  main            d.u.i.k.p.r.p.TestFile    Now processing file /home/runner/work/key/key/key.core/../key.ui/examples/InformationFlow/MethodContracts/contract.IFMethodContract(contract.IFMethodContract__n4()).Non-interference contract.0.key 
47728      INFO  main            d.u.i.k.p.i.AbstractProblemLoader Loading environment from /home/runner/work/key/key/key.core/../key.ui/examples/InformationFlow/MethodContracts/contract.IFMethodContract(contract.IFMethodContract__n4()).Non-interference contract.0.key 
47728      DEBUG main            d.u.i.k.p.i.AbstractProblemLoader Environment load took 70.7ns 
47729      INFO  main            d.u.i.k.p.i.AbstractProblemLoader Creating init config 
50235      DEBUG main            d.u.i.k.p.i.AbstractProblemLoader Init config took 2.51s 
50273      INFO  main            d.u.i.k.p.i.AbstractProblemLoader Replaying proof contract.IFMethodContract[contract.IFMethodContract::n4()].Non-interference contract.0 
50276      DEBUG main            d.u.i.k.p.i.IntermediateProofReplayer Proof replay took 11.7ns 
50377      INFO  main            d.u.i.k.p.r.p.TestFile    ... finished proof: closed. 
50527      INFO  main            d.u.i.k.p.r.p.TestFile    Now processing file /home/runner/work/key/key/key.core/../key.ui/examples/InformationFlow/MethodContracts/contract.IFMethodContract(contract.IFMethodContract__n3()).Non-interference contract.0.key 
50527      INFO  main            d.u.i.k.p.i.AbstractProblemLoader Loading environment from /home/runner/work/key/key/key.core/../key.ui/examples/InformationFlow/MethodContracts/contract.IFMethodContract(contract.IFMethodContract__n3()).Non-interference contract.0.key 
50527      DEBUG main            d.u.i.k.p.i.AbstractProblemLoader Environment load took 103.9ns 
50528      INFO  main            d.u.i.k.p.i.AbstractProblemLoader Creating init config 
53005      DEBUG main            d.u.i.k.p.i.AbstractProblemLoader Init config took 2.48s 
53057      INFO  main            d.u.i.k.p.i.AbstractProblemLoader Replaying proof contract.IFMethodContract[contract.IFMethodContract::n3()].Non-interference contract.0 
53062      DEBUG main            d.u.i.k.p.i.IntermediateProofReplayer Proof replay took 14.5ns 
53167      INFO  main            d.u.i.k.p.r.p.TestFile    ... finished proof: closed. 
53313      INFO  main            d.u.i.k.p.r.p.TestFile    Now processing file /home/runner/work/key/key/key.core/../key.ui/examples/InformationFlow/MethodContracts/contract.IFMethodContract(contract.IFMethodContract__secure_sequential_n3_precond_n4()).Non-interference contract.0.key 
53313      INFO  main            d.u.i.k.p.i.AbstractProblemLoader Loading environment from /home/runner/work/key/key/key.core/../key.ui/examples/InformationFlow/MethodContracts/contract.IFMethodContract(contract.IFMethodContract__secure_sequential_n3_precond_n4()).Non-interference contract.0.key 
53313      DEBUG main            d.u.i.k.p.i.AbstractProblemLoader Environment load took 62.7ns 
53314      INFO  main            d.u.i.k.p.i.AbstractProblemLoader Creating init config 
55816      DEBUG main            d.u.i.k.p.i.AbstractProblemLoader Init config took 2.5s 
55853      INFO  main            d.u.i.k.p.i.AbstractProblemLoader Replaying proof contract.IFMethodContract[contract.IFMethodContract::secure_sequential_n3_precond_n4()].Non-interference contract.0 
55855      DEBUG main            d.u.i.k.p.i.IntermediateProofReplayer Proof replay took 14.1ns 
56160      INFO  main            d.u.i.k.p.r.p.TestFile    ... finished proof: closed. 
56348      INFO  main            d.u.i.k.p.r.p.TestFile    Now processing file /home/runner/work/key/key/key.core/../key.ui/examples/InformationFlow/MethodContracts/contract.IFMethodContract(contract.IFMethodContract__insecure_assignment_n2()).Non-interference contract.0.key 
56348      INFO  main            d.u.i.k.p.i.AbstractProblemLoader Loading environment from /home/runner/work/key/key/key.core/../key.ui/examples/InformationFlow/MethodContracts/contract.IFMethodContract(contract.IFMethodContract__insecure_assignment_n2()).Non-interference contract.0.key 
56348      DEBUG main            d.u.i.k.p.i.AbstractProblemLoader Environment load took 59.8ns 
56349      INFO  main            d.u.i.k.p.i.AbstractProblemLoader Creating init config 
58819      DEBUG main            d.u.i.k.p.i.AbstractProblemLoader Init config took 2.47s 
58866      INFO  main            d.u.i.k.p.i.AbstractProblemLoader Replaying proof contract.IFMethodContract[contract.IFMethodContract::insecure_assignment_n2()].Non-interference contract.0 
58868      DEBUG main            d.u.i.k.p.i.IntermediateProofReplayer Proof replay took 13.1ns 
59073      INFO  main            d.u.i.k.p.r.p.TestFile    ... finished proof: open goal(s) 
59293      INFO  main            d.u.i.k.p.r.p.TestFile    Now processing file /home/runner/work/key/key/key.core/../key.ui/examples/InformationFlow/MethodContracts/contract.IFMethodContract(contract.IFMethodContract__secure_assignments_n2()).Non-interference contract.0.key 
59293      INFO  main            d.u.i.k.p.i.AbstractProblemLoader Loading environment from /home/runner/work/key/key/key.core/../key.ui/examples/InformationFlow/MethodContracts/contract.IFMethodContract(contract.IFMethodContract__secure_assignments_n2()).Non-interference contract.0.key 
59293      DEBUG main            d.u.i.k.p.i.AbstractProblemLoader Environment load took 59ns 
59294      INFO  main            d.u.i.k.p.i.AbstractProblemLoader Creating init config 
61816      DEBUG main            d.u.i.k.p.i.AbstractProblemLoader Init config took 2.52s 
61863      INFO  main            d.u.i.k.p.i.AbstractProblemLoader Replaying proof contract.IFMethodContract[contract.IFMethodContract::secure_assignments_n2()].Non-interference contract.0 
61865      DEBUG main            d.u.i.k.p.i.IntermediateProofReplayer Proof replay took 13.3ns 
62068      INFO  main            d.u.i.k.p.r.p.TestFile    ... finished proof: closed. 
62225      INFO  main            d.u.i.k.p.r.p.TestFile    Now processing file /home/runner/work/key/key/key.core/../key.ui/examples/InformationFlow/MethodContracts/contract.IFMethodContract(contract.IFMethodContract__n2()).Non-interference contract.0.key 
62225      INFO  main            d.u.i.k.p.i.AbstractProblemLoader Loading environment from /home/runner/work/key/key/key.core/../key.ui/examples/InformationFlow/MethodContracts/contract.IFMethodContract(contract.IFMethodContract__n2()).Non-interference contract.0.key 
62225      DEBUG main            d.u.i.k.p.i.AbstractProblemLoader Environment load took 79.8ns 
62226      INFO  main            d.u.i.k.p.i.AbstractProblemLoader Creating init config 
64720      DEBUG main            d.u.i.k.p.i.AbstractProblemLoader Init config took 2.49s 
64754      INFO  main            d.u.i.k.p.i.AbstractProblemLoader Replaying proof contract.IFMethodContract[contract.IFMethodContract::n2()].Non-interference contract.0 
64756      DEBUG main            d.u.i.k.p.i.IntermediateProofReplayer Proof replay took 11.4ns 
64858      INFO  main            d.u.i.k.p.r.p.TestFile    ... finished proof: closed. 
65026      INFO  main            d.u.i.k.p.r.p.TestFile    Now processing file /home/runner/work/key/key/key.core/../key.ui/examples/InformationFlow/MethodContracts/contract.IFMethodContract(contract.IFMethodContract__n1()).Non-interference contract.0.key 
65027      INFO  main            d.u.i.k.p.i.AbstractProblemLoader Loading environment from /home/runner/work/key/key/key.core/../key.ui/examples/InformationFlow/MethodContracts/contract.IFMethodContract(contract.IFMethodContract__n1()).Non-interference contract.0.key 
65027      DEBUG main            d.u.i.k.p.i.AbstractProblemLoader Environment load took 64.1ns 
65028      INFO  main            d.u.i.k.p.i.AbstractProblemLoader Creating init config 
67507      DEBUG main            d.u.i.k.p.i.AbstractProblemLoader Init config took 2.48s 
67542      INFO  main            d.u.i.k.p.i.AbstractProblemLoader Replaying proof contract.IFMethodContract[contract.IFMethodContract::n1()].Non-interference contract.0 
67545      DEBUG main            d.u.i.k.p.i.IntermediateProofReplayer Proof replay took 12.8ns 
67650      INFO  main            d.u.i.k.p.r.p.TestFile    ... finished proof: closed. 
67812      INFO  main            d.u.i.k.p.r.p.TestFile    Now processing file /home/runner/work/key/key/key.core/../key.ui/examples/InformationFlow/MethodContracts/contract.IFMethodContract(contract.IFMethodContract__secure_sequential_n1_n2()).Non-interference contract.0.key 
67812      INFO  main            d.u.i.k.p.i.AbstractProblemLoader Loading environment from /home/runner/work/key/key/key.core/../key.ui/examples/InformationFlow/MethodContracts/contract.IFMethodContract(contract.IFMethodContract__secure_sequential_n1_n2()).Non-interference contract.0.key 
67812      DEBUG main            d.u.i.k.p.i.AbstractProblemLoader Environment load took 90.8ns 
67814      INFO  main            d.u.i.k.p.i.AbstractProblemLoader Creating init config 
70299      DEBUG main            d.u.i.k.p.i.AbstractProblemLoader Init config took 2.49s 
70334      INFO  main            d.u.i.k.p.i.AbstractProblemLoader Replaying proof contract.IFMethodContract[contract.IFMethodContract::secure_sequential_n1_n2()].Non-interference contract.0 
70336      DEBUG main            d.u.i.k.p.i.IntermediateProofReplayer Proof replay took 12.4ns 
70540      INFO  main            d.u.i.k.p.r.p.TestFile    ... finished proof: closed. 
935788     INFO  Test worker     d.u.i.k.p.r.RunAllProofsTestUnit Returning from test MethodContracts_nomacro 
935789     INFO  Test worker     d.u.i.k.p.r.RunAllProofsTestUnit Running test LoopInvariants_nomacro 
345        INFO  Timeout watchdog d.u.i.k.p.r.p.ForkedTestFileRunner Timeout watcher launched (1000 secs.) 
355        WARN  main            d.u.i.k.s.ProofSettings   The settings in /home/runner/.key/proof-settings.props are *not* read. 
376        INFO  main            d.u.i.k.p.r.p.TestFile    Now processing file /home/runner/work/key/key/key.core/../key.ui/examples/InformationFlow/LoopInvariants/loop.IFLoopExamples(loop.IFLoopExamples__insecure_while_3(int)).Non-interference contract.0.key 
499        INFO  main            d.u.i.k.p.i.AbstractProblemLoader Loading environment from /home/runner/work/key/key/key.core/../key.ui/examples/InformationFlow/LoopInvariants/loop.IFLoopExamples(loop.IFLoopExamples__insecure_while_3(int)).Non-interference contract.0.key 
517        DEBUG main            d.u.i.k.p.i.AbstractProblemLoader Environment load took 2.18ms 
722        INFO  main            d.u.i.k.p.i.AbstractProblemLoader Creating init config 
1571       DEBUG main            d.u.i.k.j.TypeConverter   No LDT found for Meta 
1571       DEBUG main            d.u.i.k.j.TypeConverter   No LDT found for Meta 
1572       DEBUG main            d.u.i.k.j.TypeConverter   No LDT found for Meta 
1572       DEBUG main            d.u.i.k.j.TypeConverter   No LDT found for Meta 
3025       DEBUG main            d.u.i.k.j.TypeConverter   No LDT found for JavaBigintExpression 
8044       DEBUG main            d.u.i.k.p.i.AbstractProblemLoader Init config took 7.32s 
8239       INFO  main            d.u.i.k.p.i.AbstractProblemLoader Replaying proof loop.IFLoopExamples[loop.IFLoopExamples::insecure_while_3(int)].Non-interference contract.0 
8307       DEBUG main            d.u.i.k.p.i.IntermediateProofReplayer Proof replay took 333.4ns 
11081      INFO  main            d.u.i.k.p.r.p.TestFile    ... finished proof: open goal(s) 
11237      INFO  main            d.u.i.k.p.r.p.TestFile    Now processing file /home/runner/work/key/key/key.core/../key.ui/examples/InformationFlow/LoopInvariants/loop.IFLoopExamples(loop.IFLoopExamples__secure_while_2(int)).Non-interference contract.0.key 
11237      INFO  main            d.u.i.k.p.i.AbstractProblemLoader Loading environment from /home/runner/work/key/key/key.core/../key.ui/examples/InformationFlow/LoopInvariants/loop.IFLoopExamples(loop.IFLoopExamples__secure_while_2(int)).Non-interference contract.0.key 
11238      DEBUG main            d.u.i.k.p.i.AbstractProblemLoader Environment load took 282ns 
11240      INFO  main            d.u.i.k.p.i.AbstractProblemLoader Creating init config 
14257      DEBUG main            d.u.i.k.p.i.AbstractProblemLoader Init config took 3.02s 
14357      INFO  main            d.u.i.k.p.i.AbstractProblemLoader Replaying proof loop.IFLoopExamples[loop.IFLoopExamples::secure_while_2(int)].Non-interference contract.0 
14361      DEBUG main            d.u.i.k.p.i.IntermediateProofReplayer Proof replay took 12.3ns 
15768      INFO  main            d.u.i.k.p.r.p.TestFile    ... finished proof: closed. 
15930      INFO  main            d.u.i.k.p.r.p.TestFile    Now processing file /home/runner/work/key/key/key.core/../key.ui/examples/InformationFlow/LoopInvariants/loop.IFLoopExamples(loop.IFLoopExamples__secure_while_4(int)).Non-interference contract.0.key 
15930      INFO  main            d.u.i.k.p.i.AbstractProblemLoader Loading environment from /home/runner/work/key/key/key.core/../key.ui/examples/InformationFlow/LoopInvariants/loop.IFLoopExamples(loop.IFLoopExamples__secure_while_4(int)).Non-interference contract.0.key 
15931      DEBUG main            d.u.i.k.p.i.AbstractProblemLoader Environment load took 121.4ns 
15932      INFO  main            d.u.i.k.p.i.AbstractProblemLoader Creating init config 
18784      DEBUG main            d.u.i.k.p.i.AbstractProblemLoader Init config took 2.85s 
18839      INFO  main            d.u.i.k.p.i.AbstractProblemLoader Replaying proof loop.IFLoopExamples[loop.IFLoopExamples::secure_while_4(int)].Non-interference contract.0 
18850      DEBUG main            d.u.i.k.p.i.IntermediateProofReplayer Proof replay took 12.7ns 
20161      INFO  main            d.u.i.k.p.r.p.TestFile    ... finished proof: closed. 
20300      INFO  main            d.u.i.k.p.r.p.TestFile    Now processing file /home/runner/work/key/key/key.core/../key.ui/examples/InformationFlow/LoopInvariants/loop.IFLoopExamples(loop.IFLoopExamples__insecure_doubleNestedWhile2(int)).Non-interference contract.0.key 
20300      INFO  main            d.u.i.k.p.i.AbstractProblemLoader Loading environment from /home/runner/work/key/key/key.core/../key.ui/examples/InformationFlow/LoopInvariants/loop.IFLoopExamples(loop.IFLoopExamples__insecure_doubleNestedWhile2(int)).Non-interference contract.0.key 
20301      DEBUG main            d.u.i.k.p.i.AbstractProblemLoader Environment load took 65ns 
20305      INFO  main            d.u.i.k.p.i.AbstractProblemLoader Creating init config 
23116      DEBUG main            d.u.i.k.p.i.AbstractProblemLoader Init config took 2.81s 
23162      INFO  main            d.u.i.k.p.i.AbstractProblemLoader Replaying proof loop.IFLoopExamples[loop.IFLoopExamples::insecure_doubleNestedWhile2(int)].Non-interference contract.0 
23165      DEBUG main            d.u.i.k.p.i.IntermediateProofReplayer Proof replay took 11.4ns 
31109      INFO  main            d.u.i.k.p.r.p.TestFile    ... finished proof: open goal(s) 
31329      INFO  main            d.u.i.k.p.r.p.TestFile    Now processing file /home/runner/work/key/key/key.core/../key.ui/examples/InformationFlow/LoopInvariants/loop.IFLoopExamples(loop.IFLoopExamples__insecure_doubleNestedWhile(int)).Non-interference contract.0.key 
31329      INFO  main            d.u.i.k.p.i.AbstractProblemLoader Loading environment from /home/runner/work/key/key/key.core/../key.ui/examples/InformationFlow/LoopInvariants/loop.IFLoopExamples(loop.IFLoopExamples__insecure_doubleNestedWhile(int)).Non-interference contract.0.key 
31329      DEBUG main            d.u.i.k.p.i.AbstractProblemLoader Environment load took 60.5ns 
31330      INFO  main            d.u.i.k.p.i.AbstractProblemLoader Creating init config 
34086      DEBUG main            d.u.i.k.p.i.AbstractProblemLoader Init config took 2.76s 
34129      INFO  main            d.u.i.k.p.i.AbstractProblemLoader Replaying proof loop.IFLoopExamples[loop.IFLoopExamples::insecure_doubleNestedWhile(int)].Non-interference contract.0 
34132      DEBUG main            d.u.i.k.p.i.IntermediateProofReplayer Proof replay took 10.6ns 
40944      INFO  main            d.u.i.k.p.r.p.TestFile    ... finished proof: open goal(s) 
41213      INFO  main            d.u.i.k.p.r.p.TestFile    Now processing file /home/runner/work/key/key/key.core/../key.ui/examples/InformationFlow/LoopInvariants/loop.IFLoopExamples(loop.IFLoopExamples__secure_doubleNestedWhile(int)).Non-interference contract.0.key 
41216      INFO  main            d.u.i.k.p.i.AbstractProblemLoader Loading environment from /home/runner/work/key/key/key.core/../key.ui/examples/InformationFlow/LoopInvariants/loop.IFLoopExamples(loop.IFLoopExamples__secure_doubleNestedWhile(int)).Non-interference contract.0.key 
41216      DEBUG main            d.u.i.k.p.i.AbstractProblemLoader Environment load took 111.8ns 
41219      INFO  main            d.u.i.k.p.i.AbstractProblemLoader Creating init config 
43896      DEBUG main            d.u.i.k.p.i.AbstractProblemLoader Init config took 2.68s 
43946      INFO  main            d.u.i.k.p.i.AbstractProblemLoader Replaying proof loop.IFLoopExamples[loop.IFLoopExamples::secure_doubleNestedWhile(int)].Non-interference contract.0 
43952      DEBUG main            d.u.i.k.p.i.IntermediateProofReplayer Proof replay took 11.1ns 
50532      INFO  main            d.u.i.k.p.r.p.TestFile    ... finished proof: closed. 
50832      INFO  main            d.u.i.k.p.r.p.TestFile    Now processing file /home/runner/work/key/key/key.core/../key.ui/examples/InformationFlow/LoopInvariants/loop.IFLoopExamples(loop.IFLoopExamples__secure_nestedTwoWhile(int)).Non-interference contract.0.key 
50832      INFO  main            d.u.i.k.p.i.AbstractProblemLoader Loading environment from /home/runner/work/key/key/key.core/../key.ui/examples/InformationFlow/LoopInvariants/loop.IFLoopExamples(loop.IFLoopExamples__secure_nestedTwoWhile(int)).Non-interference contract.0.key 
50832      DEBUG main            d.u.i.k.p.i.AbstractProblemLoader Environment load took 87.2ns 
50834      INFO  main            d.u.i.k.p.i.AbstractProblemLoader Creating init config 
53485      DEBUG main            d.u.i.k.p.i.AbstractProblemLoader Init config took 2.65s 
53525      INFO  main            d.u.i.k.p.i.AbstractProblemLoader Replaying proof loop.IFLoopExamples[loop.IFLoopExamples::secure_nestedTwoWhile(int)].Non-interference contract.0 
53528      DEBUG main            d.u.i.k.p.i.IntermediateProofReplayer Proof replay took 11.9ns 
58270      INFO  main            d.u.i.k.p.r.p.TestFile    ... finished proof: closed. 
58465      INFO  main            d.u.i.k.p.r.p.TestFile    Now processing file /home/runner/work/key/key/key.core/../key.ui/examples/InformationFlow/LoopInvariants/loop.IFLoopExamples(loop.IFLoopExamples__secure_nestedWhile(int)).Non-interference contract.0.key 
58466      INFO  main            d.u.i.k.p.i.AbstractProblemLoader Loading environment from /home/runner/work/key/key/key.core/../key.ui/examples/InformationFlow/LoopInvariants/loop.IFLoopExamples(loop.IFLoopExamples__secure_nestedWhile(int)).Non-interference contract.0.key 
58466      DEBUG main            d.u.i.k.p.i.AbstractProblemLoader Environment load took 99.1ns 
58467      INFO  main            d.u.i.k.p.i.AbstractProblemLoader Creating init config 
61127      DEBUG main            d.u.i.k.p.i.AbstractProblemLoader Init config took 2.66s 
61174      INFO  main            d.u.i.k.p.i.AbstractProblemLoader Replaying proof loop.IFLoopExamples[loop.IFLoopExamples::secure_nestedWhile(int)].Non-interference contract.0 
61178      DEBUG main            d.u.i.k.p.i.IntermediateProofReplayer Proof replay took 12.6ns 
64002      INFO  main            d.u.i.k.p.r.p.TestFile    ... finished proof: closed. 
64185      INFO  main            d.u.i.k.p.r.p.TestFile    Now processing file /home/runner/work/key/key/key.core/../key.ui/examples/InformationFlow/LoopInvariants/loop.IFLoopExamples(loop.IFLoopExamples__notSecure_while(int)).Non-interference contract.0.key 
64186      INFO  main            d.u.i.k.p.i.AbstractProblemLoader Loading environment from /home/runner/work/key/key/key.core/../key.ui/examples/InformationFlow/LoopInvariants/loop.IFLoopExamples(loop.IFLoopExamples__notSecure_while(int)).Non-interference contract.0.key 
64186      DEBUG main            d.u.i.k.p.i.AbstractProblemLoader Environment load took 875.8ns 
64187      INFO  main            d.u.i.k.p.i.AbstractProblemLoader Creating init config 
66862      DEBUG main            d.u.i.k.p.i.AbstractProblemLoader Init config took 2.68s 
66903      INFO  main            d.u.i.k.p.i.AbstractProblemLoader Replaying proof loop.IFLoopExamples[loop.IFLoopExamples::notSecure_while(int)].Non-interference contract.0 
66906      DEBUG main            d.u.i.k.p.i.IntermediateProofReplayer Proof replay took 12.6ns 
67913      INFO  main            d.u.i.k.p.r.p.TestFile    ... finished proof: open goal(s) 
68089      INFO  main            d.u.i.k.p.r.p.TestFile    Now processing file /home/runner/work/key/key/key.core/../key.ui/examples/InformationFlow/LoopInvariants/loop.IFLoopExamples(loop.IFLoopExamples__notSecure_while_wrongInv(int)).Non-interference contract.0.key 
68089      INFO  main            d.u.i.k.p.i.AbstractProblemLoader Loading environment from /home/runner/work/key/key/key.core/../key.ui/examples/InformationFlow/LoopInvariants/loop.IFLoopExamples(loop.IFLoopExamples__notSecure_while_wrongInv(int)).Non-interference contract.0.key 
68089      DEBUG main            d.u.i.k.p.i.AbstractProblemLoader Environment load took 61.2ns 
68090      INFO  main            d.u.i.k.p.i.AbstractProblemLoader Creating init config 
70769      DEBUG main            d.u.i.k.p.i.AbstractProblemLoader Init config took 2.68s 
70815      INFO  main            d.u.i.k.p.i.AbstractProblemLoader Replaying proof loop.IFLoopExamples[loop.IFLoopExamples::notSecure_while_wrongInv(int)].Non-interference contract.0 
70821      DEBUG main            d.u.i.k.p.i.IntermediateProofReplayer Proof replay took 13.1ns 
71224      INFO  main            d.u.i.k.p.r.p.TestFile    ... finished proof: open goal(s) 
71399      INFO  main            d.u.i.k.p.r.p.TestFile    Now processing file /home/runner/work/key/key/key.core/../key.ui/examples/InformationFlow/LoopInvariants/loop.IFLoopExamples(loop.IFLoopExamples__insecure_twoWhile(int)).Non-interference contract.0.key 
71399      INFO  main            d.u.i.k.p.i.AbstractProblemLoader Loading environment from /home/runner/work/key/key/key.core/../key.ui/examples/InformationFlow/LoopInvariants/loop.IFLoopExamples(loop.IFLoopExamples__insecure_twoWhile(int)).Non-interference contract.0.key 
71399      DEBUG main            d.u.i.k.p.i.AbstractProblemLoader Environment load took 80.2ns 
71400      INFO  main            d.u.i.k.p.i.AbstractProblemLoader Creating init config 
74081      DEBUG main            d.u.i.k.p.i.AbstractProblemLoader Init config took 2.68s 
74118      INFO  main            d.u.i.k.p.i.AbstractProblemLoader Replaying proof loop.IFLoopExamples[loop.IFLoopExamples::insecure_twoWhile(int)].Non-interference contract.0 
74120      DEBUG main            d.u.i.k.p.i.IntermediateProofReplayer Proof replay took 11.6ns 
75927      INFO  main            d.u.i.k.p.r.p.TestFile    ... finished proof: open goal(s) 
76120      INFO  main            d.u.i.k.p.r.p.TestFile    Now processing file /home/runner/work/key/key/key.core/../key.ui/examples/InformationFlow/LoopInvariants/loop.IFLoopExamples(loop.IFLoopExamples__insecure_twoWhile_2(int)).Non-interference contract.0.key 
76120      INFO  main            d.u.i.k.p.i.AbstractProblemLoader Loading environment from /home/runner/work/key/key/key.core/../key.ui/examples/InformationFlow/LoopInvariants/loop.IFLoopExamples(loop.IFLoopExamples__insecure_twoWhile_2(int)).Non-interference contract.0.key 
76120      DEBUG main            d.u.i.k.p.i.AbstractProblemLoader Environment load took 59.7ns 
76121      INFO  main            d.u.i.k.p.i.AbstractProblemLoader Creating init config 
78771      DEBUG main            d.u.i.k.p.i.AbstractProblemLoader Init config took 2.65s 
78807      INFO  main            d.u.i.k.p.i.AbstractProblemLoader Replaying proof loop.IFLoopExamples[loop.IFLoopExamples::insecure_twoWhile_2(int)].Non-interference contract.0 
78810      DEBUG main            d.u.i.k.p.i.IntermediateProofReplayer Proof replay took 10.7ns 
80926      INFO  main            d.u.i.k.p.r.p.TestFile    ... finished proof: open goal(s) 
81162      INFO  main            d.u.i.k.p.r.p.TestFile    Now processing file /home/runner/work/key/key/key.core/../key.ui/examples/InformationFlow/LoopInvariants/loop.IFLoopExamples(loop.IFLoopExamples__secure_twoWhile(int)).Non-interference contract.0.key 
81162      INFO  main            d.u.i.k.p.i.AbstractProblemLoader Loading environment from /home/runner/work/key/key/key.core/../key.ui/examples/InformationFlow/LoopInvariants/loop.IFLoopExamples(loop.IFLoopExamples__secure_twoWhile(int)).Non-interference contract.0.key 
81163      DEBUG main            d.u.i.k.p.i.AbstractProblemLoader Environment load took 466.4ns 
81164      INFO  main            d.u.i.k.p.i.AbstractProblemLoader Creating init config 
83780      DEBUG main            d.u.i.k.p.i.AbstractProblemLoader Init config took 2.62s 
83835      INFO  main            d.u.i.k.p.i.AbstractProblemLoader Replaying proof loop.IFLoopExamples[loop.IFLoopExamples::secure_twoWhile(int)].Non-interference contract.0 
83838      DEBUG main            d.u.i.k.p.i.IntermediateProofReplayer Proof replay took 12.1ns 
85546      INFO  main            d.u.i.k.p.r.p.TestFile    ... finished proof: closed. 
85783      INFO  main            d.u.i.k.p.r.p.TestFile    Now processing file /home/runner/work/key/key/key.core/../key.ui/examples/InformationFlow/LoopInvariants/loop.IFLoopExamples(loop.IFLoopExamples__loc_secure_while(int)).Non-interference contract.0.key 
85784      INFO  main            d.u.i.k.p.i.AbstractProblemLoader Loading environment from /home/runner/work/key/key/key.core/../key.ui/examples/InformationFlow/LoopInvariants/loop.IFLoopExamples(loop.IFLoopExamples__loc_secure_while(int)).Non-interference contract.0.key 
85784      DEBUG main            d.u.i.k.p.i.AbstractProblemLoader Environment load took 428.8ns 
85785      INFO  main            d.u.i.k.p.i.AbstractProblemLoader Creating init config 
88398      DEBUG main            d.u.i.k.p.i.AbstractProblemLoader Init config took 2.61s 
88433      INFO  main            d.u.i.k.p.i.AbstractProblemLoader Replaying proof loop.IFLoopExamples[loop.IFLoopExamples::loc_secure_while(int)].Non-interference contract.0 
88435      DEBUG main            d.u.i.k.p.i.IntermediateProofReplayer Proof replay took 12.2ns 
89544      INFO  main            d.u.i.k.p.r.p.TestFile    ... finished proof: closed. 
89732      INFO  main            d.u.i.k.p.r.p.TestFile    Now processing file /home/runner/work/key/key/key.core/../key.ui/examples/InformationFlow/LoopInvariants/loop.IFLoopExamples(loop.IFLoopExamples__secure_while(int)).Non-interference contract.0.key 
89733      INFO  main            d.u.i.k.p.i.AbstractProblemLoader Loading environment from /home/runner/work/key/key/key.core/../key.ui/examples/InformationFlow/LoopInvariants/loop.IFLoopExamples(loop.IFLoopExamples__secure_while(int)).Non-interference contract.0.key 
89733      DEBUG main            d.u.i.k.p.i.AbstractProblemLoader Environment load took 107.5ns 
89734      INFO  main            d.u.i.k.p.i.AbstractProblemLoader Creating init config 
92349      DEBUG main            d.u.i.k.p.i.AbstractProblemLoader Init config took 2.62s 
92383      INFO  main            d.u.i.k.p.i.AbstractProblemLoader Replaying proof loop.IFLoopExamples[loop.IFLoopExamples::secure_while(int)].Non-interference contract.0 
92386      DEBUG main            d.u.i.k.p.i.IntermediateProofReplayer Proof replay took 13.2ns 
93290      INFO  main            d.u.i.k.p.r.p.TestFile    ... finished proof: closed. 
93464      INFO  main            d.u.i.k.p.r.p.TestFile    Now processing file /home/runner/work/key/key/key.core/../key.ui/examples/InformationFlow/LoopInvariants/loop.IFLoopExamples(loop.IFLoopExamples__print(int)).Non-interference contract.0.key 
93464      INFO  main            d.u.i.k.p.i.AbstractProblemLoader Loading environment from /home/runner/work/key/key/key.core/../key.ui/examples/InformationFlow/LoopInvariants/loop.IFLoopExamples(loop.IFLoopExamples__print(int)).Non-interference contract.0.key 
93464      DEBUG main            d.u.i.k.p.i.AbstractProblemLoader Environment load took 61.7ns 
93465      INFO  main            d.u.i.k.p.i.AbstractProblemLoader Creating init config 
96076      DEBUG main            d.u.i.k.p.i.AbstractProblemLoader Init config took 2.61s 
96110      INFO  main            d.u.i.k.p.i.AbstractProblemLoader Replaying proof loop.IFLoopExamples[loop.IFLoopExamples::print(int)].Non-interference contract.0 
96113      DEBUG main            d.u.i.k.p.i.IntermediateProofReplayer Proof replay took 10.9ns 
96216      INFO  main            d.u.i.k.p.r.p.TestFile    ... finished proof: closed. 
96361      INFO  main            d.u.i.k.p.r.p.TestFile    Now processing file /home/runner/work/key/key/key.core/../key.ui/examples/InformationFlow/LoopInvariants/loop.IFLoopExamples(loop.IFLoopExamples__hammer(int)).Non-interference contract.0.key 
96361      INFO  main            d.u.i.k.p.i.AbstractProblemLoader Loading environment from /home/runner/work/key/key/key.core/../key.ui/examples/InformationFlow/LoopInvariants/loop.IFLoopExamples(loop.IFLoopExamples__hammer(int)).Non-interference contract.0.key 
96361      DEBUG main            d.u.i.k.p.i.AbstractProblemLoader Environment load took 55.3ns 
96362      INFO  main            d.u.i.k.p.i.AbstractProblemLoader Creating init config 
99000      DEBUG main            d.u.i.k.p.i.AbstractProblemLoader Init config took 2.64s 
99038      INFO  main            d.u.i.k.p.i.AbstractProblemLoader Replaying proof loop.IFLoopExamples[loop.IFLoopExamples::hammer(int)].Non-interference contract.0 
99042      DEBUG main            d.u.i.k.p.i.IntermediateProofReplayer Proof replay took 12.4ns 
100757     INFO  main            d.u.i.k.p.r.p.TestFile    ... finished proof: closed. 
1036908    INFO  Test worker     d.u.i.k.p.r.RunAllProofsTestUnit Returning from test LoopInvariants_nomacro 
1036909    INFO  Test worker     d.u.i.k.p.r.RunAllProofsTestUnit Running test MiniExamples_nomacro 
347        INFO  Timeout watchdog d.u.i.k.p.r.p.ForkedTestFileRunner Timeout watcher launched (1000 secs.) 
364        WARN  main            d.u.i.k.s.ProofSettings   The settings in /home/runner/.key/proof-settings.props are *not* read. 
384        INFO  main            d.u.i.k.p.r.p.TestFile    Now processing file /home/runner/work/key/key/key.core/../key.ui/examples/InformationFlow/MiniExamples/mini.AliasingExamples(mini.AliasingExamples__insecure_1(mini.AliasingExamples,mini.AliasingExamples,int)).Non-interference contract.0.key 
485        INFO  main            d.u.i.k.p.i.AbstractProblemLoader Loading environment from /home/runner/work/key/key/key.core/../key.ui/examples/InformationFlow/MiniExamples/mini.AliasingExamples(mini.AliasingExamples__insecure_1(mini.AliasingExamples,mini.AliasingExamples,int)).Non-interference contract.0.key 
515        DEBUG main            d.u.i.k.p.i.AbstractProblemLoader Environment load took 2.11ms 
728        INFO  main            d.u.i.k.p.i.AbstractProblemLoader Creating init config 
1558       DEBUG main            d.u.i.k.j.TypeConverter   No LDT found for Meta 
1559       DEBUG main            d.u.i.k.j.TypeConverter   No LDT found for Meta 
1560       DEBUG main            d.u.i.k.j.TypeConverter   No LDT found for Meta 
1561       DEBUG main            d.u.i.k.j.TypeConverter   No LDT found for Meta 
2860       DEBUG main            d.u.i.k.j.TypeConverter   No LDT found for JavaBigintExpression 
8185       DEBUG main            d.u.i.k.p.i.AbstractProblemLoader Init config took 7.46s 
8319       INFO  main            d.u.i.k.p.i.AbstractProblemLoader Replaying proof mini.AliasingExamples[mini.AliasingExamples::insecure_1(mini.AliasingExamples,mini.AliasingExamples,int)].Non-interference contract.0 
8351       DEBUG main            d.u.i.k.p.i.IntermediateProofReplayer Proof replay took 281.4ns 
9318       INFO  main            d.u.i.k.p.r.p.TestFile    ... finished proof: open goal(s) 
9442       INFO  main            d.u.i.k.p.r.p.TestFile    Now processing file /home/runner/work/key/key/key.core/../key.ui/examples/InformationFlow/MiniExamples/mini.AliasingExamples(mini.AliasingExamples__secure_1(mini.AliasingExamples,mini.AliasingExamples,int)).Non-interference contract.0.key 
9443       INFO  main            d.u.i.k.p.i.AbstractProblemLoader Loading environment from /home/runner/work/key/key/key.core/../key.ui/examples/InformationFlow/MiniExamples/mini.AliasingExamples(mini.AliasingExamples__secure_1(mini.AliasingExamples,mini.AliasingExamples,int)).Non-interference contract.0.key 
9443       DEBUG main            d.u.i.k.p.i.AbstractProblemLoader Environment load took 340.6ns 
9447       INFO  main            d.u.i.k.p.i.AbstractProblemLoader Creating init config 
12418      DEBUG main            d.u.i.k.p.i.AbstractProblemLoader Init config took 2.97s 
12532      INFO  main            d.u.i.k.p.i.AbstractProblemLoader Replaying proof mini.AliasingExamples[mini.AliasingExamples::secure_1(mini.AliasingExamples,mini.AliasingExamples,int)].Non-interference contract.0 
12540      DEBUG main            d.u.i.k.p.i.IntermediateProofReplayer Proof replay took 13.3ns 
12944      INFO  main            d.u.i.k.p.r.p.TestFile    ... finished proof: closed. 
13062      INFO  main            d.u.i.k.p.r.p.TestFile    Now processing file /home/runner/work/key/key/key.core/../key.ui/examples/InformationFlow/MiniExamples/mini.MiniExamplesLecture(mini.MiniExamplesLecture__m_6()).Non-interference contract.0.key 
13063      INFO  main            d.u.i.k.p.i.AbstractProblemLoader Loading environment from /home/runner/work/key/key/key.core/../key.ui/examples/InformationFlow/MiniExamples/mini.MiniExamplesLecture(mini.MiniExamplesLecture__m_6()).Non-interference contract.0.key 
13063      DEBUG main            d.u.i.k.p.i.AbstractProblemLoader Environment load took 71.8ns 
13065      INFO  main            d.u.i.k.p.i.AbstractProblemLoader Creating init config 
15770      DEBUG main            d.u.i.k.p.i.AbstractProblemLoader Init config took 2.7s 
15836      INFO  main            d.u.i.k.p.i.AbstractProblemLoader Replaying proof mini.MiniExamplesLecture[mini.MiniExamplesLecture::m_6()].Non-interference contract.0 
15839      DEBUG main            d.u.i.k.p.i.IntermediateProofReplayer Proof replay took 12.1ns 
16042      INFO  main            d.u.i.k.p.r.p.TestFile    ... finished proof: closed. 
16185      INFO  main            d.u.i.k.p.r.p.TestFile    Now processing file /home/runner/work/key/key/key.core/../key.ui/examples/InformationFlow/MiniExamples/mini.MiniExamplesLecture(mini.MiniExamplesLecture__m_5()).Non-interference contract.0.key 
16185      INFO  main            d.u.i.k.p.i.AbstractProblemLoader Loading environment from /home/runner/work/key/key/key.core/../key.ui/examples/InformationFlow/MiniExamples/mini.MiniExamplesLecture(mini.MiniExamplesLecture__m_5()).Non-interference contract.0.key 
16185      DEBUG main            d.u.i.k.p.i.AbstractProblemLoader Environment load took 61.5ns 
16187      INFO  main            d.u.i.k.p.i.AbstractProblemLoader Creating init config 
18836      DEBUG main            d.u.i.k.p.i.AbstractProblemLoader Init config took 2.65s 
18885      INFO  main            d.u.i.k.p.i.AbstractProblemLoader Replaying proof mini.MiniExamplesLecture[mini.MiniExamplesLecture::m_5()].Non-interference contract.0 
18888      DEBUG main            d.u.i.k.p.i.IntermediateProofReplayer Proof replay took 12.4ns 
19094      INFO  main            d.u.i.k.p.r.p.TestFile    ... finished proof: closed. 
19216      INFO  main            d.u.i.k.p.r.p.TestFile    Now processing file /home/runner/work/key/key/key.core/../key.ui/examples/InformationFlow/MiniExamples/mini.MiniExamplesLecture(mini.MiniExamplesLecture__m_4()).Non-interference contract.0.key 
19217      INFO  main            d.u.i.k.p.i.AbstractProblemLoader Loading environment from /home/runner/work/key/key/key.core/../key.ui/examples/InformationFlow/MiniExamples/mini.MiniExamplesLecture(mini.MiniExamplesLecture__m_4()).Non-interference contract.0.key 
19217      DEBUG main            d.u.i.k.p.i.AbstractProblemLoader Environment load took 103.9ns 
19218      INFO  main            d.u.i.k.p.i.AbstractProblemLoader Creating init config 
21894      DEBUG main            d.u.i.k.p.i.AbstractProblemLoader Init config took 2.68s 
21940      INFO  main            d.u.i.k.p.i.AbstractProblemLoader Replaying proof mini.MiniExamplesLecture[mini.MiniExamplesLecture::m_4()].Non-interference contract.0 
21943      DEBUG main            d.u.i.k.p.i.IntermediateProofReplayer Proof replay took 12.1ns 
22145      INFO  main            d.u.i.k.p.r.p.TestFile    ... finished proof: closed. 
22256      INFO  main            d.u.i.k.p.r.p.TestFile    Now processing file /home/runner/work/key/key/key.core/../key.ui/examples/InformationFlow/MiniExamples/mini.MiniExamplesLecture(mini.MiniExamplesLecture__m_3()).Non-interference contract.0.key 
22256      INFO  main            d.u.i.k.p.i.AbstractProblemLoader Loading environment from /home/runner/work/key/key/key.core/../key.ui/examples/InformationFlow/MiniExamples/mini.MiniExamplesLecture(mini.MiniExamplesLecture__m_3()).Non-interference contract.0.key 
22256      DEBUG main            d.u.i.k.p.i.AbstractProblemLoader Environment load took 62.1ns 
22258      INFO  main            d.u.i.k.p.i.AbstractProblemLoader Creating init config 
24845      DEBUG main            d.u.i.k.p.i.AbstractProblemLoader Init config took 2.59s 
24899      INFO  main            d.u.i.k.p.i.AbstractProblemLoader Replaying proof mini.MiniExamplesLecture[mini.MiniExamplesLecture::m_3()].Non-interference contract.0 
24902      DEBUG main            d.u.i.k.p.i.IntermediateProofReplayer Proof replay took 11.5ns 
25210      INFO  main            d.u.i.k.p.r.p.TestFile    ... finished proof: open goal(s) 
25337      INFO  main            d.u.i.k.p.r.p.TestFile    Now processing file /home/runner/work/key/key/key.core/../key.ui/examples/InformationFlow/MiniExamples/mini.MiniExamplesLecture(mini.MiniExamplesLecture__m_2()).Non-interference contract.0.key 
25337      INFO  main            d.u.i.k.p.i.AbstractProblemLoader Loading environment from /home/runner/work/key/key/key.core/../key.ui/examples/InformationFlow/MiniExamples/mini.MiniExamplesLecture(mini.MiniExamplesLecture__m_2()).Non-interference contract.0.key 
25337      DEBUG main            d.u.i.k.p.i.AbstractProblemLoader Environment load took 60.1ns 
25339      INFO  main            d.u.i.k.p.i.AbstractProblemLoader Creating init config 
27946      DEBUG main            d.u.i.k.p.i.AbstractProblemLoader Init config took 2.61s 
28003      INFO  main            d.u.i.k.p.i.AbstractProblemLoader Replaying proof mini.MiniExamplesLecture[mini.MiniExamplesLecture::m_2()].Non-interference contract.0 
28006      DEBUG main            d.u.i.k.p.i.IntermediateProofReplayer Proof replay took 11.9ns 
28208      INFO  main            d.u.i.k.p.r.p.TestFile    ... finished proof: closed. 
28330      INFO  main            d.u.i.k.p.r.p.TestFile    Now processing file /home/runner/work/key/key/key.core/../key.ui/examples/InformationFlow/MiniExamples/mini.MiniExamplesLecture(mini.MiniExamplesLecture__m_1()).Non-interference contract.0.key 
28330      INFO  main            d.u.i.k.p.i.AbstractProblemLoader Loading environment from /home/runner/work/key/key/key.core/../key.ui/examples/InformationFlow/MiniExamples/mini.MiniExamplesLecture(mini.MiniExamplesLecture__m_1()).Non-interference contract.0.key 
28330      DEBUG main            d.u.i.k.p.i.AbstractProblemLoader Environment load took 62.1ns 
28331      INFO  main            d.u.i.k.p.i.AbstractProblemLoader Creating init config 
30897      DEBUG main            d.u.i.k.p.i.AbstractProblemLoader Init config took 2.57s 
30944      INFO  main            d.u.i.k.p.i.AbstractProblemLoader Replaying proof mini.MiniExamplesLecture[mini.MiniExamplesLecture::m_1()].Non-interference contract.0 
30947      DEBUG main            d.u.i.k.p.i.IntermediateProofReplayer Proof replay took 11.6ns 
31053      INFO  main            d.u.i.k.p.r.p.TestFile    ... finished proof: open goal(s) 
31178      INFO  main            d.u.i.k.p.r.p.TestFile    Now processing file /home/runner/work/key/key/key.core/../key.ui/examples/InformationFlow/MiniExamples/mini.DifferenceSeqLocset(mini.DifferenceSeqLocset__m()).Non-interference contract.1.key 
31178      INFO  main            d.u.i.k.p.i.AbstractProblemLoader Loading environment from /home/runner/work/key/key/key.core/../key.ui/examples/InformationFlow/MiniExamples/mini.DifferenceSeqLocset(mini.DifferenceSeqLocset__m()).Non-interference contract.1.key 
31180      DEBUG main            d.u.i.k.p.i.AbstractProblemLoader Environment load took 69.4ns 
31181      INFO  main            d.u.i.k.p.i.AbstractProblemLoader Creating init config 
33761      DEBUG main            d.u.i.k.p.i.AbstractProblemLoader Init config took 2.58s 
33807      INFO  main            d.u.i.k.p.i.AbstractProblemLoader Replaying proof mini.DifferenceSeqLocset[mini.DifferenceSeqLocset::m()].Non-interference contract.1 
33809      DEBUG main            d.u.i.k.p.i.IntermediateProofReplayer Proof replay took 13ns 
34518      INFO  main            d.u.i.k.p.r.p.TestFile    ... finished proof: open goal(s) 
34691      INFO  main            d.u.i.k.p.r.p.TestFile    Now processing file /home/runner/work/key/key/key.core/../key.ui/examples/InformationFlow/MiniExamples/mini.DifferenceSeqLocset(mini.DifferenceSeqLocset__m()).Non-interference contract.0.key 
34691      INFO  main            d.u.i.k.p.i.AbstractProblemLoader Loading environment from /home/runner/work/key/key/key.core/../key.ui/examples/InformationFlow/MiniExamples/mini.DifferenceSeqLocset(mini.DifferenceSeqLocset__m()).Non-interference contract.0.key 
34691      DEBUG main            d.u.i.k.p.i.AbstractProblemLoader Environment load took 80.3ns 
34692      INFO  main            d.u.i.k.p.i.AbstractProblemLoader Creating init config 
37229      DEBUG main            d.u.i.k.p.i.AbstractProblemLoader Init config took 2.54s 
37274      INFO  main            d.u.i.k.p.i.AbstractProblemLoader Replaying proof mini.DifferenceSeqLocset[mini.DifferenceSeqLocset::m()].Non-interference contract.0 
37277      DEBUG main            d.u.i.k.p.i.IntermediateProofReplayer Proof replay took 12.3ns 
39060      INFO  main            d.u.i.k.p.r.p.TestFile    ... finished proof: open goal(s) 
39217      INFO  main            d.u.i.k.p.r.p.TestFile    Now processing file /home/runner/work/key/key/key.core/../key.ui/examples/InformationFlow/MiniExamples/mini.MiniExamples(mini.MiniExamples__secure_p2_8()).Non-interference contract.0.key 
39217      INFO  main            d.u.i.k.p.i.AbstractProblemLoader Loading environment from /home/runner/work/key/key/key.core/../key.ui/examples/InformationFlow/MiniExamples/mini.MiniExamples(mini.MiniExamples__secure_p2_8()).Non-interference contract.0.key 
39218      DEBUG main            d.u.i.k.p.i.AbstractProblemLoader Environment load took 68.9ns 
39219      INFO  main            d.u.i.k.p.i.AbstractProblemLoader Creating init config 
41780      DEBUG main            d.u.i.k.p.i.AbstractProblemLoader Init config took 2.56s 
41841      INFO  main            d.u.i.k.p.i.AbstractProblemLoader Replaying proof mini.MiniExamples[mini.MiniExamples::secure_p2_8()].Non-interference contract.0 
41844      DEBUG main            d.u.i.k.p.i.IntermediateProofReplayer Proof replay took 13.8ns 
42147      INFO  main            d.u.i.k.p.r.p.TestFile    ... finished proof: closed. 
42302      INFO  main            d.u.i.k.p.r.p.TestFile    Now processing file /home/runner/work/key/key/key.core/../key.ui/examples/InformationFlow/MiniExamples/mini.MiniExamples(mini.MiniExamples__secure_parameter(int)).Non-interference contract.0.key 
42302      INFO  main            d.u.i.k.p.i.AbstractProblemLoader Loading environment from /home/runner/work/key/key/key.core/../key.ui/examples/InformationFlow/MiniExamples/mini.MiniExamples(mini.MiniExamples__secure_parameter(int)).Non-interference contract.0.key 
42303      DEBUG main            d.u.i.k.p.i.AbstractProblemLoader Environment load took 689.1ns 
42304      INFO  main            d.u.i.k.p.i.AbstractProblemLoader Creating init config 
44854      DEBUG main            d.u.i.k.p.i.AbstractProblemLoader Init config took 2.55s 
44909      INFO  main            d.u.i.k.p.i.AbstractProblemLoader Replaying proof mini.MiniExamples[mini.MiniExamples::secure_parameter(int)].Non-interference contract.0 
44912      DEBUG main            d.u.i.k.p.i.IntermediateProofReplayer Proof replay took 12.9ns 
45013      INFO  main            d.u.i.k.p.r.p.TestFile    ... finished proof: closed. 
45155      INFO  main            d.u.i.k.p.r.p.TestFile    Now processing file /home/runner/work/key/key/key.core/../key.ui/examples/InformationFlow/MiniExamples/mini.MiniExamples(mini.MiniExamples__secure_p2_7()).Non-interference contract.0.key 
45156      INFO  main            d.u.i.k.p.i.AbstractProblemLoader Loading environment from /home/runner/work/key/key/key.core/../key.ui/examples/InformationFlow/MiniExamples/mini.MiniExamples(mini.MiniExamples__secure_p2_7()).Non-interference contract.0.key 
45156      DEBUG main            d.u.i.k.p.i.AbstractProblemLoader Environment load took 103.5ns 
45158      INFO  main            d.u.i.k.p.i.AbstractProblemLoader Creating init config 
47689      DEBUG main            d.u.i.k.p.i.AbstractProblemLoader Init config took 2.53s 
47737      INFO  main            d.u.i.k.p.i.AbstractProblemLoader Replaying proof mini.MiniExamples[mini.MiniExamples::secure_p2_7()].Non-interference contract.0 
47740      DEBUG main            d.u.i.k.p.i.IntermediateProofReplayer Proof replay took 12.2ns 
48043      INFO  main            d.u.i.k.p.r.p.TestFile    ... finished proof: closed. 
48194      INFO  main            d.u.i.k.p.r.p.TestFile    Now processing file /home/runner/work/key/key/key.core/../key.ui/examples/InformationFlow/MiniExamples/mini.MiniExamples(mini.MiniExamples__insecure_p2_2()).Non-interference contract.0.key 
48194      INFO  main            d.u.i.k.p.i.AbstractProblemLoader Loading environment from /home/runner/work/key/key/key.core/../key.ui/examples/InformationFlow/MiniExamples/mini.MiniExamples(mini.MiniExamples__insecure_p2_2()).Non-interference contract.0.key 
48195      DEBUG main            d.u.i.k.p.i.AbstractProblemLoader Environment load took 65.1ns 
48195      INFO  main            d.u.i.k.p.i.AbstractProblemLoader Creating init config 
50734      DEBUG main            d.u.i.k.p.i.AbstractProblemLoader Init config took 2.54s 
50774      INFO  main            d.u.i.k.p.i.AbstractProblemLoader Replaying proof mini.MiniExamples[mini.MiniExamples::insecure_p2_2()].Non-interference contract.0 
50777      DEBUG main            d.u.i.k.p.i.IntermediateProofReplayer Proof replay took 12.7ns 
50979      INFO  main            d.u.i.k.p.r.p.TestFile    ... finished proof: open goal(s) 
51128      INFO  main            d.u.i.k.p.r.p.TestFile    Now processing file /home/runner/work/key/key/key.core/../key.ui/examples/InformationFlow/MiniExamples/mini.MiniExamples(mini.MiniExamples__secure_p2_6()).Non-interference contract.0.key 
51128      INFO  main            d.u.i.k.p.i.AbstractProblemLoader Loading environment from /home/runner/work/key/key/key.core/../key.ui/examples/InformationFlow/MiniExamples/mini.MiniExamples(mini.MiniExamples__secure_p2_6()).Non-interference contract.0.key 
51128      DEBUG main            d.u.i.k.p.i.AbstractProblemLoader Environment load took 53.9ns 
51129      INFO  main            d.u.i.k.p.i.AbstractProblemLoader Creating init config 
53628      DEBUG main            d.u.i.k.p.i.AbstractProblemLoader Init config took 2.5s 
53667      INFO  main            d.u.i.k.p.i.AbstractProblemLoader Replaying proof mini.MiniExamples[mini.MiniExamples::secure_p2_6()].Non-interference contract.0 
53669      DEBUG main            d.u.i.k.p.i.IntermediateProofReplayer Proof replay took 13.3ns 
53772      INFO  main            d.u.i.k.p.r.p.TestFile    ... finished proof: closed. 
53916      INFO  main            d.u.i.k.p.r.p.TestFile    Now processing file /home/runner/work/key/key/key.core/../key.ui/examples/InformationFlow/MiniExamples/mini.MiniExamples(mini.MiniExamples__secure_p2_5()).Non-interference contract.0.key 
53916      INFO  main            d.u.i.k.p.i.AbstractProblemLoader Loading environment from /home/runner/work/key/key/key.core/../key.ui/examples/InformationFlow/MiniExamples/mini.MiniExamples(mini.MiniExamples__secure_p2_5()).Non-interference contract.0.key 
53916      DEBUG main            d.u.i.k.p.i.AbstractProblemLoader Environment load took 59.4ns 
53917      INFO  main            d.u.i.k.p.i.AbstractProblemLoader Creating init config 
56415      DEBUG main            d.u.i.k.p.i.AbstractProblemLoader Init config took 2.5s 
56455      INFO  main            d.u.i.k.p.i.AbstractProblemLoader Replaying proof mini.MiniExamples[mini.MiniExamples::secure_p2_5()].Non-interference contract.0 
56457      DEBUG main            d.u.i.k.p.i.IntermediateProofReplayer Proof replay took 13.1ns 
56660      INFO  main            d.u.i.k.p.r.p.TestFile    ... finished proof: closed. 
56810      INFO  main            d.u.i.k.p.r.p.TestFile    Now processing file /home/runner/work/key/key/key.core/../key.ui/examples/InformationFlow/MiniExamples/mini.MiniExamples(mini.MiniExamples__secure_p2_4()).Non-interference contract.0.key 
56810      INFO  main            d.u.i.k.p.i.AbstractProblemLoader Loading environment from /home/runner/work/key/key/key.core/../key.ui/examples/InformationFlow/MiniExamples/mini.MiniExamples(mini.MiniExamples__secure_p2_4()).Non-interference contract.0.key 
56811      DEBUG main            d.u.i.k.p.i.AbstractProblemLoader Environment load took 551.8ns 
56812      INFO  main            d.u.i.k.p.i.AbstractProblemLoader Creating init config 
59309      DEBUG main            d.u.i.k.p.i.AbstractProblemLoader Init config took 2.5s 
59355      INFO  main            d.u.i.k.p.i.AbstractProblemLoader Replaying proof mini.MiniExamples[mini.MiniExamples::secure_p2_4()].Non-interference contract.0 
59358      DEBUG main            d.u.i.k.p.i.IntermediateProofReplayer Proof replay took 12.2ns 
59460      INFO  main            d.u.i.k.p.r.p.TestFile    ... finished proof: closed. 
59692      INFO  main            d.u.i.k.p.r.p.TestFile    Now processing file /home/runner/work/key/key/key.core/../key.ui/examples/InformationFlow/MiniExamples/mini.MiniExamples(mini.MiniExamples__secure_p2_3()).Non-interference contract.0.key 
59692      INFO  main            d.u.i.k.p.i.AbstractProblemLoader Loading environment from /home/runner/work/key/key/key.core/../key.ui/examples/InformationFlow/MiniExamples/mini.MiniExamples(mini.MiniExamples__secure_p2_3()).Non-interference contract.0.key 
59693      DEBUG main            d.u.i.k.p.i.AbstractProblemLoader Environment load took 501.9ns 
59694      INFO  main            d.u.i.k.p.i.AbstractProblemLoader Creating init config 
62181      DEBUG main            d.u.i.k.p.i.AbstractProblemLoader Init config took 2.49s 
62218      INFO  main            d.u.i.k.p.i.AbstractProblemLoader Replaying proof mini.MiniExamples[mini.MiniExamples::secure_p2_3()].Non-interference contract.0 
62220      DEBUG main            d.u.i.k.p.i.IntermediateProofReplayer Proof replay took 12.8ns 
62324      INFO  main            d.u.i.k.p.r.p.TestFile    ... finished proof: closed. 
62479      INFO  main            d.u.i.k.p.r.p.TestFile    Now processing file /home/runner/work/key/key/key.core/../key.ui/examples/InformationFlow/MiniExamples/mini.MiniExamples(mini.MiniExamples__secure_p2_2()).Non-interference contract.0.key 
62480      INFO  main            d.u.i.k.p.i.AbstractProblemLoader Loading environment from /home/runner/work/key/key/key.core/../key.ui/examples/InformationFlow/MiniExamples/mini.MiniExamples(mini.MiniExamples__secure_p2_2()).Non-interference contract.0.key 
62480      DEBUG main            d.u.i.k.p.i.AbstractProblemLoader Environment load took 80ns 
62481      INFO  main            d.u.i.k.p.i.AbstractProblemLoader Creating init config 
64976      DEBUG main            d.u.i.k.p.i.AbstractProblemLoader Init config took 2.5s 
65013      INFO  main            d.u.i.k.p.i.AbstractProblemLoader Replaying proof mini.MiniExamples[mini.MiniExamples::secure_p2_2()].Non-interference contract.0 
65015      DEBUG main            d.u.i.k.p.i.IntermediateProofReplayer Proof replay took 11.6ns 
65120      INFO  main            d.u.i.k.p.r.p.TestFile    ... finished proof: closed. 
65273      INFO  main            d.u.i.k.p.r.p.TestFile    Now processing file /home/runner/work/key/key/key.core/../key.ui/examples/InformationFlow/MiniExamples/mini.MiniExamples(mini.MiniExamples__secure_p2_1()).Non-interference contract.0.key 
65273      INFO  main            d.u.i.k.p.i.AbstractProblemLoader Loading environment from /home/runner/work/key/key/key.core/../key.ui/examples/InformationFlow/MiniExamples/mini.MiniExamples(mini.MiniExamples__secure_p2_1()).Non-interference contract.0.key 
65274      DEBUG main            d.u.i.k.p.i.AbstractProblemLoader Environment load took 60.5ns 
65274      INFO  main            d.u.i.k.p.i.AbstractProblemLoader Creating init config 
67803      DEBUG main            d.u.i.k.p.i.AbstractProblemLoader Init config took 2.53s 
67847      INFO  main            d.u.i.k.p.i.AbstractProblemLoader Replaying proof mini.MiniExamples[mini.MiniExamples::secure_p2_1()].Non-interference contract.0 
67849      DEBUG main            d.u.i.k.p.i.IntermediateProofReplayer Proof replay took 12.4ns 
67951      INFO  main            d.u.i.k.p.r.p.TestFile    ... finished proof: closed. 
68110      INFO  main            d.u.i.k.p.r.p.TestFile    Now processing file /home/runner/work/key/key/key.core/../key.ui/examples/InformationFlow/MiniExamples/mini.MiniExamples(mini.MiniExamples__insecure_p2_1()).Non-interference contract.0.key 
68111      INFO  main            d.u.i.k.p.i.AbstractProblemLoader Loading environment from /home/runner/work/key/key/key.core/../key.ui/examples/InformationFlow/MiniExamples/mini.MiniExamples(mini.MiniExamples__insecure_p2_1()).Non-interference contract.0.key 
68111      DEBUG main            d.u.i.k.p.i.AbstractProblemLoader Environment load took 85.6ns 
68112      INFO  main            d.u.i.k.p.i.AbstractProblemLoader Creating init config 
70605      DEBUG main            d.u.i.k.p.i.AbstractProblemLoader Init config took 2.49s 
70641      INFO  main            d.u.i.k.p.i.AbstractProblemLoader Replaying proof mini.MiniExamples[mini.MiniExamples::insecure_p2_1()].Non-interference contract.0 
70646      DEBUG main            d.u.i.k.p.i.IntermediateProofReplayer Proof replay took 15.4ns 
70748      INFO  main            d.u.i.k.p.r.p.TestFile    ... finished proof: open goal(s) 
70944      INFO  main            d.u.i.k.p.r.p.TestFile    Now processing file /home/runner/work/key/key/key.core/../key.ui/examples/InformationFlow/MiniExamples/mini.MiniExamples(mini.MiniExamples__secure_p1_6()).Non-interference contract.0.key 
70944      INFO  main            d.u.i.k.p.i.AbstractProblemLoader Loading environment from /home/runner/work/key/key/key.core/../key.ui/examples/InformationFlow/MiniExamples/mini.MiniExamples(mini.MiniExamples__secure_p1_6()).Non-interference contract.0.key 
70944      DEBUG main            d.u.i.k.p.i.AbstractProblemLoader Environment load took 97.5ns 
70946      INFO  main            d.u.i.k.p.i.AbstractProblemLoader Creating init config 
73415      DEBUG main            d.u.i.k.p.i.AbstractProblemLoader Init config took 2.47s 
73452      INFO  main            d.u.i.k.p.i.AbstractProblemLoader Replaying proof mini.MiniExamples[mini.MiniExamples::secure_p1_6()].Non-interference contract.0 
73454      DEBUG main            d.u.i.k.p.i.IntermediateProofReplayer Proof replay took 12.7ns 
73557      INFO  main            d.u.i.k.p.r.p.TestFile    ... finished proof: closed. 
73722      INFO  main            d.u.i.k.p.r.p.TestFile    Now processing file /home/runner/work/key/key/key.core/../key.ui/examples/InformationFlow/MiniExamples/mini.MiniExamples(mini.MiniExamples__secure_p1_5()).Non-interference contract.0.key 
73722      INFO  main            d.u.i.k.p.i.AbstractProblemLoader Loading environment from /home/runner/work/key/key/key.core/../key.ui/examples/InformationFlow/MiniExamples/mini.MiniExamples(mini.MiniExamples__secure_p1_5()).Non-interference contract.0.key 
73722      DEBUG main            d.u.i.k.p.i.AbstractProblemLoader Environment load took 112ns 
73724      INFO  main            d.u.i.k.p.i.AbstractProblemLoader Creating init config 
76217      DEBUG main            d.u.i.k.p.i.AbstractProblemLoader Init config took 2.49s 
76259      INFO  main            d.u.i.k.p.i.AbstractProblemLoader Replaying proof mini.MiniExamples[mini.MiniExamples::secure_p1_5()].Non-interference contract.0 
76263      DEBUG main            d.u.i.k.p.i.IntermediateProofReplayer Proof replay took 14.4ns 
76566      INFO  main            d.u.i.k.p.r.p.TestFile    ... finished proof: closed. 
76740      INFO  main            d.u.i.k.p.r.p.TestFile    Now processing file /home/runner/work/key/key/key.core/../key.ui/examples/InformationFlow/MiniExamples/mini.MiniExamples(mini.MiniExamples__secure_p1_4()).Non-interference contract.0.key 
76740      INFO  main            d.u.i.k.p.i.AbstractProblemLoader Loading environment from /home/runner/work/key/key/key.core/../key.ui/examples/InformationFlow/MiniExamples/mini.MiniExamples(mini.MiniExamples__secure_p1_4()).Non-interference contract.0.key 
76740      DEBUG main            d.u.i.k.p.i.AbstractProblemLoader Environment load took 62.6ns 
76742      INFO  main            d.u.i.k.p.i.AbstractProblemLoader Creating init config 
79246      DEBUG main            d.u.i.k.p.i.AbstractProblemLoader Init config took 2.5s 
79295      INFO  main            d.u.i.k.p.i.AbstractProblemLoader Replaying proof mini.MiniExamples[mini.MiniExamples::secure_p1_4()].Non-interference contract.0 
79297      DEBUG main            d.u.i.k.p.i.IntermediateProofReplayer Proof replay took 13.7ns 
79600      INFO  main            d.u.i.k.p.r.p.TestFile    ... finished proof: closed. 
79780      INFO  main            d.u.i.k.p.r.p.TestFile    Now processing file /home/runner/work/key/key/key.core/../key.ui/examples/InformationFlow/MiniExamples/mini.MiniExamples(mini.MiniExamples__secure_p1_3()).Non-interference contract.0.key 
79780      INFO  main            d.u.i.k.p.i.AbstractProblemLoader Loading environment from /home/runner/work/key/key/key.core/../key.ui/examples/InformationFlow/MiniExamples/mini.MiniExamples(mini.MiniExamples__secure_p1_3()).Non-interference contract.0.key 
79780      DEBUG main            d.u.i.k.p.i.AbstractProblemLoader Environment load took 67.6ns 
79781      INFO  main            d.u.i.k.p.i.AbstractProblemLoader Creating init config 
82262      DEBUG main            d.u.i.k.p.i.AbstractProblemLoader Init config took 2.48s 
82296      INFO  main            d.u.i.k.p.i.AbstractProblemLoader Replaying proof mini.MiniExamples[mini.MiniExamples::secure_p1_3()].Non-interference contract.0 
82298      DEBUG main            d.u.i.k.p.i.IntermediateProofReplayer Proof replay took 12.7ns 
82402      INFO  main            d.u.i.k.p.r.p.TestFile    ... finished proof: closed. 
82575      INFO  main            d.u.i.k.p.r.p.TestFile    Now processing file /home/runner/work/key/key/key.core/../key.ui/examples/InformationFlow/MiniExamples/mini.MiniExamples(mini.MiniExamples__secure_p1_2()).Non-interference contract.0.key 
82576      INFO  main            d.u.i.k.p.i.AbstractProblemLoader Loading environment from /home/runner/work/key/key/key.core/../key.ui/examples/InformationFlow/MiniExamples/mini.MiniExamples(mini.MiniExamples__secure_p1_2()).Non-interference contract.0.key 
82576      DEBUG main            d.u.i.k.p.i.AbstractProblemLoader Environment load took 56.6ns 
82577      INFO  main            d.u.i.k.p.i.AbstractProblemLoader Creating init config 
85033      DEBUG main            d.u.i.k.p.i.AbstractProblemLoader Init config took 2.46s 
85067      INFO  main            d.u.i.k.p.i.AbstractProblemLoader Replaying proof mini.MiniExamples[mini.MiniExamples::secure_p1_2()].Non-interference contract.0 
85069      DEBUG main            d.u.i.k.p.i.IntermediateProofReplayer Proof replay took 12.9ns 
85381      INFO  main            d.u.i.k.p.r.p.TestFile    ... finished proof: closed. 
85557      INFO  main            d.u.i.k.p.r.p.TestFile    Now processing file /home/runner/work/key/key/key.core/../key.ui/examples/InformationFlow/MiniExamples/mini.MiniExamples(mini.MiniExamples__secure_p1_1()).Non-interference contract.1.key 
85558      INFO  main            d.u.i.k.p.i.AbstractProblemLoader Loading environment from /home/runner/work/key/key/key.core/../key.ui/examples/InformationFlow/MiniExamples/mini.MiniExamples(mini.MiniExamples__secure_p1_1()).Non-interference contract.1.key 
85558      DEBUG main            d.u.i.k.p.i.AbstractProblemLoader Environment load took 55.4ns 
85559      INFO  main            d.u.i.k.p.i.AbstractProblemLoader Creating init config 
88028      DEBUG main            d.u.i.k.p.i.AbstractProblemLoader Init config took 2.47s 
88066      INFO  main            d.u.i.k.p.i.AbstractProblemLoader Replaying proof mini.MiniExamples[mini.MiniExamples::secure_p1_1()].Non-interference contract.1 
88070      DEBUG main            d.u.i.k.p.i.IntermediateProofReplayer Proof replay took 13.4ns 
88272      INFO  main            d.u.i.k.p.r.p.TestFile    ... finished proof: closed. 
88451      INFO  main            d.u.i.k.p.r.p.TestFile    Now processing file /home/runner/work/key/key/key.core/../key.ui/examples/InformationFlow/MiniExamples/mini.MiniExamples(mini.MiniExamples__secure_p1_1()).Non-interference contract.0.key 
88452      INFO  main            d.u.i.k.p.i.AbstractProblemLoader Loading environment from /home/runner/work/key/key/key.core/../key.ui/examples/InformationFlow/MiniExamples/mini.MiniExamples(mini.MiniExamples__secure_p1_1()).Non-interference contract.0.key 
88452      DEBUG main            d.u.i.k.p.i.AbstractProblemLoader Environment load took 100.3ns 
88453      INFO  main            d.u.i.k.p.i.AbstractProblemLoader Creating init config 
90918      DEBUG main            d.u.i.k.p.i.AbstractProblemLoader Init config took 2.46s 
90965      INFO  main            d.u.i.k.p.i.AbstractProblemLoader Replaying proof mini.MiniExamples[mini.MiniExamples::secure_p1_1()].Non-interference contract.0 
90968      DEBUG main            d.u.i.k.p.i.IntermediateProofReplayer Proof replay took 12.8ns 
91170      INFO  main            d.u.i.k.p.r.p.TestFile    ... finished proof: closed. 
91357      INFO  main            d.u.i.k.p.r.p.TestFile    Now processing file /home/runner/work/key/key/key.core/../key.ui/examples/InformationFlow/MiniExamples/mini.MiniExamples(mini.MiniExamples__insecure_p1_2()).Non-interference contract.0.key 
91358      INFO  main            d.u.i.k.p.i.AbstractProblemLoader Loading environment from /home/runner/work/key/key/key.core/../key.ui/examples/InformationFlow/MiniExamples/mini.MiniExamples(mini.MiniExamples__insecure_p1_2()).Non-interference contract.0.key 
91358      DEBUG main            d.u.i.k.p.i.AbstractProblemLoader Environment load took 56.2ns 
91358      INFO  main            d.u.i.k.p.i.AbstractProblemLoader Creating init config 
93841      DEBUG main            d.u.i.k.p.i.AbstractProblemLoader Init config took 2.48s 
93899      INFO  main            d.u.i.k.p.i.AbstractProblemLoader Replaying proof mini.MiniExamples[mini.MiniExamples::insecure_p1_2()].Non-interference contract.0 
93901      DEBUG main            d.u.i.k.p.i.IntermediateProofReplayer Proof replay took 12.6ns 
94103      INFO  main            d.u.i.k.p.r.p.TestFile    ... finished proof: open goal(s) 
94372      INFO  main            d.u.i.k.p.r.p.TestFile    Now processing file /home/runner/work/key/key/key.core/../key.ui/examples/InformationFlow/MiniExamples/mini.MiniExamples(mini.MiniExamples__insecure_p1_1()).Non-interference contract.0.key 
94372      INFO  main            d.u.i.k.p.i.AbstractProblemLoader Loading environment from /home/runner/work/key/key/key.core/../key.ui/examples/InformationFlow/MiniExamples/mini.MiniExamples(mini.MiniExamples__insecure_p1_1()).Non-interference contract.0.key 
94372      DEBUG main            d.u.i.k.p.i.AbstractProblemLoader Environment load took 56.6ns 
94373      INFO  main            d.u.i.k.p.i.AbstractProblemLoader Creating init config 
96850      DEBUG main            d.u.i.k.p.i.AbstractProblemLoader Init config took 2.48s 
96884      INFO  main            d.u.i.k.p.i.AbstractProblemLoader Replaying proof mini.MiniExamples[mini.MiniExamples::insecure_p1_1()].Non-interference contract.0 
96886      DEBUG main            d.u.i.k.p.i.IntermediateProofReplayer Proof replay took 13.1ns 
96988      INFO  main            d.u.i.k.p.r.p.TestFile    ... finished proof: open goal(s) 
1134277    INFO  Test worker     d.u.i.k.p.r.RunAllProofsTestUnit Returning from test MiniExamples_nomacro 
1134278    INFO  Test worker     d.u.i.k.p.r.RunAllProofsTestUnit Running test NewObjects_nomacro 
330        INFO  Timeout watchdog d.u.i.k.p.r.p.ForkedTestFileRunner Timeout watcher launched (1000 secs.) 
346        WARN  main            d.u.i.k.s.ProofSettings   The settings in /home/runner/.key/proof-settings.props are *not* read. 
370        INFO  main            d.u.i.k.p.r.p.TestFile    Now processing file /home/runner/work/key/key/key.core/../key.ui/examples/InformationFlow/NewObjects/object.AmtoftBanerjee3(object.AmtoftBanerjee3__m()).Non-interference contract.0.key 
472        INFO  main            d.u.i.k.p.i.AbstractProblemLoader Loading environment from /home/runner/work/key/key/key.core/../key.ui/examples/InformationFlow/NewObjects/object.AmtoftBanerjee3(object.AmtoftBanerjee3__m()).Non-interference contract.0.key 
489        DEBUG main            d.u.i.k.p.i.AbstractProblemLoader Environment load took 1.83ms 
704        INFO  main            d.u.i.k.p.i.AbstractProblemLoader Creating init config 
1696       DEBUG main            d.u.i.k.j.TypeConverter   No LDT found for Meta 
1696       DEBUG main            d.u.i.k.j.TypeConverter   No LDT found for Meta 
1699       DEBUG main            d.u.i.k.j.TypeConverter   No LDT found for Meta 
1699       DEBUG main            d.u.i.k.j.TypeConverter   No LDT found for Meta 
2825       DEBUG main            d.u.i.k.j.TypeConverter   No LDT found for JavaBigintExpression 
5503       DEBUG main            d.u.i.k.j.r.ClassPreparationMethodBuilder clPrepBuilder: Inner Class detected. Reject building class initialisation methods. 
7905       DEBUG main            d.u.i.k.p.i.AbstractProblemLoader Init config took 7.2s 
8095       INFO  main            d.u.i.k.p.i.AbstractProblemLoader Replaying proof object.AmtoftBanerjee3[object.AmtoftBanerjee3::m()].Non-interference contract.0 
8199       DEBUG main            d.u.i.k.p.i.IntermediateProofReplayer Proof replay took 317ns 
9047       INFO  main            d.u.i.k.p.r.p.TestFile    ... finished proof: closed. 
9183       INFO  main            d.u.i.k.p.r.p.TestFile    Now processing file /home/runner/work/key/key/key.core/../key.ui/examples/InformationFlow/NewObjects/object.AmtoftBanerjee(object.AmtoftBanerjee__m_2()).Non-interference contract.0.key 
9184       INFO  main            d.u.i.k.p.i.AbstractProblemLoader Loading environment from /home/runner/work/key/key/key.core/../key.ui/examples/InformationFlow/NewObjects/object.AmtoftBanerjee(object.AmtoftBanerjee__m_2()).Non-interference contract.0.key 
9185       DEBUG main            d.u.i.k.p.i.AbstractProblemLoader Environment load took 811ns 
9188       INFO  main            d.u.i.k.p.i.AbstractProblemLoader Creating init config 
10210      DEBUG main            d.u.i.k.j.r.ClassPreparationMethodBuilder clPrepBuilder: Inner Class detected. Reject building class initialisation methods. 
12287      DEBUG main            d.u.i.k.p.i.AbstractProblemLoader Init config took 3.1s 
12360      INFO  main            d.u.i.k.p.i.AbstractProblemLoader Replaying proof object.AmtoftBanerjee[object.AmtoftBanerjee::m_2()].Non-interference contract.0 
12364      DEBUG main            d.u.i.k.p.i.IntermediateProofReplayer Proof replay took 14.5ns 
13377      INFO  main            d.u.i.k.p.r.p.TestFile    ... finished proof: closed. 
13520      INFO  main            d.u.i.k.p.r.p.TestFile    Now processing file /home/runner/work/key/key/key.core/../key.ui/examples/InformationFlow/NewObjects/object.AmtoftBanerjee(object.AmtoftBanerjee__m_1()).Non-interference contract.1.key 
13520      INFO  main            d.u.i.k.p.i.AbstractProblemLoader Loading environment from /home/runner/work/key/key/key.core/../key.ui/examples/InformationFlow/NewObjects/object.AmtoftBanerjee(object.AmtoftBanerjee__m_1()).Non-interference contract.1.key 
13521      DEBUG main            d.u.i.k.p.i.AbstractProblemLoader Environment load took 114.1ns 
13522      INFO  main            d.u.i.k.p.i.AbstractProblemLoader Creating init config 
14446      DEBUG main            d.u.i.k.j.r.ClassPreparationMethodBuilder clPrepBuilder: Inner Class detected. Reject building class initialisation methods. 
16418      DEBUG main            d.u.i.k.p.i.AbstractProblemLoader Init config took 2.9s 
16484      INFO  main            d.u.i.k.p.i.AbstractProblemLoader Replaying proof object.AmtoftBanerjee[object.AmtoftBanerjee::m_1()].Non-interference contract.1 
16489      DEBUG main            d.u.i.k.p.i.IntermediateProofReplayer Proof replay took 10.5ns 
16999      INFO  main            d.u.i.k.p.r.p.TestFile    ... finished proof: open goal(s) 
17190      INFO  main            d.u.i.k.p.r.p.TestFile    Now processing file /home/runner/work/key/key/key.core/../key.ui/examples/InformationFlow/NewObjects/object.AmtoftBanerjee(object.AmtoftBanerjee__m_1()).Non-interference contract.0.key 
17190      INFO  main            d.u.i.k.p.i.AbstractProblemLoader Loading environment from /home/runner/work/key/key/key.core/../key.ui/examples/InformationFlow/NewObjects/object.AmtoftBanerjee(object.AmtoftBanerjee__m_1()).Non-interference contract.0.key 
17190      DEBUG main            d.u.i.k.p.i.AbstractProblemLoader Environment load took 62.9ns 
17192      INFO  main            d.u.i.k.p.i.AbstractProblemLoader Creating init config 
18071      DEBUG main            d.u.i.k.j.r.ClassPreparationMethodBuilder clPrepBuilder: Inner Class detected. Reject building class initialisation methods. 
19993      DEBUG main            d.u.i.k.p.i.AbstractProblemLoader Init config took 2.8s 
20048      INFO  main            d.u.i.k.p.i.AbstractProblemLoader Replaying proof object.AmtoftBanerjee[object.AmtoftBanerjee::m_1()].Non-interference contract.0 
20051      DEBUG main            d.u.i.k.p.i.IntermediateProofReplayer Proof replay took 10.9ns 
20555      INFO  main            d.u.i.k.p.r.p.TestFile    ... finished proof: closed. 
20733      INFO  main            d.u.i.k.p.r.p.TestFile    Now processing file /home/runner/work/key/key/key.core/../key.ui/examples/InformationFlow/NewObjects/object.AmtoftBanerjee(object.AmtoftBanerjee__getQ()).Non-interference contract.0.key 
20733      INFO  main            d.u.i.k.p.i.AbstractProblemLoader Loading environment from /home/runner/work/key/key/key.core/../key.ui/examples/InformationFlow/NewObjects/object.AmtoftBanerjee(object.AmtoftBanerjee__getQ()).Non-interference contract.0.key 
20734      DEBUG main            d.u.i.k.p.i.AbstractProblemLoader Environment load took 582.1ns 
20735      INFO  main            d.u.i.k.p.i.AbstractProblemLoader Creating init config 
21628      DEBUG main            d.u.i.k.j.r.ClassPreparationMethodBuilder clPrepBuilder: Inner Class detected. Reject building class initialisation methods. 
23566      DEBUG main            d.u.i.k.p.i.AbstractProblemLoader Init config took 2.83s 
23614      INFO  main            d.u.i.k.p.i.AbstractProblemLoader Replaying proof object.AmtoftBanerjee[object.AmtoftBanerjee::getQ()].Non-interference contract.0 
23617      DEBUG main            d.u.i.k.p.i.IntermediateProofReplayer Proof replay took 11.7ns 
23720      INFO  main            d.u.i.k.p.r.p.TestFile    ... finished proof: closed. 
23845      INFO  main            d.u.i.k.p.r.p.TestFile    Now processing file /home/runner/work/key/key/key.core/../key.ui/examples/InformationFlow/NewObjects/object.ObjectOrientation(object.ObjectOrientation__secure_while_i((Ljava.lang.Object)).Non-interference contract.0.key 
23845      INFO  main            d.u.i.k.p.i.AbstractProblemLoader Loading environment from /home/runner/work/key/key/key.core/../key.ui/examples/InformationFlow/NewObjects/object.ObjectOrientation(object.ObjectOrientation__secure_while_i((Ljava.lang.Object)).Non-interference contract.0.key 
23845      DEBUG main            d.u.i.k.p.i.AbstractProblemLoader Environment load took 70.8ns 
23846      INFO  main            d.u.i.k.p.i.AbstractProblemLoader Creating init config 
24714      DEBUG main            d.u.i.k.j.r.ClassPreparationMethodBuilder clPrepBuilder: Inner Class detected. Reject building class initialisation methods. 
26601      DEBUG main            d.u.i.k.p.i.AbstractProblemLoader Init config took 2.75s 
26648      INFO  main            d.u.i.k.p.i.AbstractProblemLoader Replaying proof object.ObjectOrientation[object.ObjectOrientation::secure_while_i([Ljava.lang.Object)].Non-interference contract.0 
26651      DEBUG main            d.u.i.k.p.i.IntermediateProofReplayer Proof replay took 11.2ns 
35094      INFO  main            d.u.i.k.p.r.p.TestFile    ... finished proof: closed. 
35304      INFO  main            d.u.i.k.p.r.p.TestFile    Now processing file /home/runner/work/key/key/key.core/../key.ui/examples/InformationFlow/NewObjects/object.ObjectOrientation(object.ObjectOrientation__secure_method_call()).Non-interference contract.0.key 
35305      INFO  main            d.u.i.k.p.i.AbstractProblemLoader Loading environment from /home/runner/work/key/key/key.core/../key.ui/examples/InformationFlow/NewObjects/object.ObjectOrientation(object.ObjectOrientation__secure_method_call()).Non-interference contract.0.key 
35305      DEBUG main            d.u.i.k.p.i.AbstractProblemLoader Environment load took 78.2ns 
35306      INFO  main            d.u.i.k.p.i.AbstractProblemLoader Creating init config 
36195      DEBUG main            d.u.i.k.j.r.ClassPreparationMethodBuilder clPrepBuilder: Inner Class detected. Reject building class initialisation methods. 
38042      DEBUG main            d.u.i.k.p.i.AbstractProblemLoader Init config took 2.74s 
38088      INFO  main            d.u.i.k.p.i.AbstractProblemLoader Replaying proof object.ObjectOrientation[object.ObjectOrientation::secure_method_call()].Non-interference contract.0 
38090      DEBUG main            d.u.i.k.p.i.IntermediateProofReplayer Proof replay took 12.7ns 
38594      INFO  main            d.u.i.k.p.r.p.TestFile    ... finished proof: closed. 
38739      INFO  main            d.u.i.k.p.r.p.TestFile    Now processing file /home/runner/work/key/key/key.core/../key.ui/examples/InformationFlow/NewObjects/object.ObjectOrientation(object.ObjectOrientation__if_two_object_creation_next()).Non-interference contract.1.key 
38740      INFO  main            d.u.i.k.p.i.AbstractProblemLoader Loading environment from /home/runner/work/key/key/key.core/../key.ui/examples/InformationFlow/NewObjects/object.ObjectOrientation(object.ObjectOrientation__if_two_object_creation_next()).Non-interference contract.1.key 
38740      DEBUG main            d.u.i.k.p.i.AbstractProblemLoader Environment load took 110.3ns 
38741      INFO  main            d.u.i.k.p.i.AbstractProblemLoader Creating init config 
39626      DEBUG main            d.u.i.k.j.r.ClassPreparationMethodBuilder clPrepBuilder: Inner Class detected. Reject building class initialisation methods. 
41520      DEBUG main            d.u.i.k.p.i.AbstractProblemLoader Init config took 2.78s 
41592      INFO  main            d.u.i.k.p.i.AbstractProblemLoader Replaying proof object.ObjectOrientation[object.ObjectOrientation::if_two_object_creation_next()].Non-interference contract.1 
41596      DEBUG main            d.u.i.k.p.i.IntermediateProofReplayer Proof replay took 12.5ns 
58106      INFO  main            d.u.i.k.p.r.p.TestFile    ... finished proof: open goal(s) 
58304      INFO  main            d.u.i.k.p.r.p.TestFile    Now processing file /home/runner/work/key/key/key.core/../key.ui/examples/InformationFlow/NewObjects/object.ObjectOrientation(object.ObjectOrientation__insecure_two_object_creation()).Non-interference contract.0.key 
58311      INFO  main            d.u.i.k.p.i.AbstractProblemLoader Loading environment from /home/runner/work/key/key/key.core/../key.ui/examples/InformationFlow/NewObjects/object.ObjectOrientation(object.ObjectOrientation__insecure_two_object_creation()).Non-interference contract.0.key 
58311      DEBUG main            d.u.i.k.p.i.AbstractProblemLoader Environment load took 161.4ns 
58312      INFO  main            d.u.i.k.p.i.AbstractProblemLoader Creating init config 
59157      DEBUG main            d.u.i.k.j.r.ClassPreparationMethodBuilder clPrepBuilder: Inner Class detected. Reject building class initialisation methods. 
60993      DEBUG main            d.u.i.k.p.i.AbstractProblemLoader Init config took 2.68s 
61036      INFO  main            d.u.i.k.p.i.AbstractProblemLoader Replaying proof object.ObjectOrientation[object.ObjectOrientation::insecure_two_object_creation()].Non-interference contract.0 
61039      DEBUG main            d.u.i.k.p.i.IntermediateProofReplayer Proof replay took 30.5ns 
77406      INFO  main            d.u.i.k.p.r.p.TestFile    ... finished proof: open goal(s) 
77699      INFO  main            d.u.i.k.p.r.p.TestFile    Now processing file /home/runner/work/key/key/key.core/../key.ui/examples/InformationFlow/NewObjects/object.ObjectOrientation(object.ObjectOrientation__secure_two_object_creation()).Non-interference contract.0.key 
77700      INFO  main            d.u.i.k.p.i.AbstractProblemLoader Loading environment from /home/runner/work/key/key/key.core/../key.ui/examples/InformationFlow/NewObjects/object.ObjectOrientation(object.ObjectOrientation__secure_two_object_creation()).Non-interference contract.0.key 
77700      DEBUG main            d.u.i.k.p.i.AbstractProblemLoader Environment load took 96.3ns 
77701      INFO  main            d.u.i.k.p.i.AbstractProblemLoader Creating init config 
78548      DEBUG main            d.u.i.k.j.r.ClassPreparationMethodBuilder clPrepBuilder: Inner Class detected. Reject building class initialisation methods. 
80378      DEBUG main            d.u.i.k.p.i.AbstractProblemLoader Init config took 2.68s 
80420      INFO  main            d.u.i.k.p.i.AbstractProblemLoader Replaying proof object.ObjectOrientation[object.ObjectOrientation::secure_two_object_creation()].Non-interference contract.0 
80422      DEBUG main            d.u.i.k.p.i.IntermediateProofReplayer Proof replay took 11.8ns 
92576      INFO  main            d.u.i.k.p.r.p.TestFile    ... finished proof: closed. 
92821      INFO  main            d.u.i.k.p.r.p.TestFile    Now processing file /home/runner/work/key/key/key.core/../key.ui/examples/InformationFlow/NewObjects/object.ObjectOrientation(object.ObjectOrientation__insecure_object_assignment()).Non-interference contract.1.key 
92821      INFO  main            d.u.i.k.p.i.AbstractProblemLoader Loading environment from /home/runner/work/key/key/key.core/../key.ui/examples/InformationFlow/NewObjects/object.ObjectOrientation(object.ObjectOrientation__insecure_object_assignment()).Non-interference contract.1.key 
92821      DEBUG main            d.u.i.k.p.i.AbstractProblemLoader Environment load took 58.5ns 
92822      INFO  main            d.u.i.k.p.i.AbstractProblemLoader Creating init config 
93665      DEBUG main            d.u.i.k.j.r.ClassPreparationMethodBuilder clPrepBuilder: Inner Class detected. Reject building class initialisation methods. 
95497      DEBUG main            d.u.i.k.p.i.AbstractProblemLoader Init config took 2.67s 
95539      INFO  main            d.u.i.k.p.i.AbstractProblemLoader Replaying proof object.ObjectOrientation[object.ObjectOrientation::insecure_object_assignment()].Non-interference contract.1 
95542      DEBUG main            d.u.i.k.p.i.IntermediateProofReplayer Proof replay took 12.7ns 
103664     INFO  main            d.u.i.k.p.r.p.TestFile    ... finished proof: open goal(s) 
103864     INFO  main            d.u.i.k.p.r.p.TestFile    Now processing file /home/runner/work/key/key/key.core/../key.ui/examples/InformationFlow/NewObjects/object.ObjectOrientation(object.ObjectOrientation__insecure_object_assignment()).Non-interference contract.0.key 
103865     INFO  main            d.u.i.k.p.i.AbstractProblemLoader Loading environment from /home/runner/work/key/key/key.core/../key.ui/examples/InformationFlow/NewObjects/object.ObjectOrientation(object.ObjectOrientation__insecure_object_assignment()).Non-interference contract.0.key 
103865     DEBUG main            d.u.i.k.p.i.AbstractProblemLoader Environment load took 113.5ns 
103866     INFO  main            d.u.i.k.p.i.AbstractProblemLoader Creating init config 
104720     DEBUG main            d.u.i.k.j.r.ClassPreparationMethodBuilder clPrepBuilder: Inner Class detected. Reject building class initialisation methods. 
106590     DEBUG main            d.u.i.k.p.i.AbstractProblemLoader Init config took 2.72s 
106632     INFO  main            d.u.i.k.p.i.AbstractProblemLoader Replaying proof object.ObjectOrientation[object.ObjectOrientation::insecure_object_assignment()].Non-interference contract.0 
106635     DEBUG main            d.u.i.k.p.i.IntermediateProofReplayer Proof replay took 11.7ns 
106841     INFO  main            d.u.i.k.p.r.p.TestFile    ... finished proof: open goal(s) 
107011     INFO  main            d.u.i.k.p.r.p.TestFile    Now processing file /home/runner/work/key/key/key.core/../key.ui/examples/InformationFlow/NewObjects/object.ObjectOrientation(object.ObjectOrientation__secure_object_creation_3()).Non-interference contract.0.key 
107012     INFO  main            d.u.i.k.p.i.AbstractProblemLoader Loading environment from /home/runner/work/key/key/key.core/../key.ui/examples/InformationFlow/NewObjects/object.ObjectOrientation(object.ObjectOrientation__secure_object_creation_3()).Non-interference contract.0.key 
107012     DEBUG main            d.u.i.k.p.i.AbstractProblemLoader Environment load took 60.4ns 
107013     INFO  main            d.u.i.k.p.i.AbstractProblemLoader Creating init config 
107849     DEBUG main            d.u.i.k.j.r.ClassPreparationMethodBuilder clPrepBuilder: Inner Class detected. Reject building class initialisation methods. 
109699     DEBUG main            d.u.i.k.p.i.AbstractProblemLoader Init config took 2.69s 
109741     INFO  main            d.u.i.k.p.i.AbstractProblemLoader Replaying proof object.ObjectOrientation[object.ObjectOrientation::secure_object_creation_3()].Non-interference contract.0 
109743     DEBUG main            d.u.i.k.p.i.IntermediateProofReplayer Proof replay took 12.7ns 
110145     INFO  main            d.u.i.k.p.r.p.TestFile    ... finished proof: closed. 
110299     INFO  main            d.u.i.k.p.r.p.TestFile    Now processing file /home/runner/work/key/key/key.core/../key.ui/examples/InformationFlow/NewObjects/object.ObjectOrientation(object.ObjectOrientation__secure_object_creation_2()).Non-interference contract.0.key 
110299     INFO  main            d.u.i.k.p.i.AbstractProblemLoader Loading environment from /home/runner/work/key/key/key.core/../key.ui/examples/InformationFlow/NewObjects/object.ObjectOrientation(object.ObjectOrientation__secure_object_creation_2()).Non-interference contract.0.key 
110299     DEBUG main            d.u.i.k.p.i.AbstractProblemLoader Environment load took 476ns 
110300     INFO  main            d.u.i.k.p.i.AbstractProblemLoader Creating init config 
111153     DEBUG main            d.u.i.k.j.r.ClassPreparationMethodBuilder clPrepBuilder: Inner Class detected. Reject building class initialisation methods. 
112991     DEBUG main            d.u.i.k.p.i.AbstractProblemLoader Init config took 2.69s 
113031     INFO  main            d.u.i.k.p.i.AbstractProblemLoader Replaying proof object.ObjectOrientation[object.ObjectOrientation::secure_object_creation_2()].Non-interference contract.0 
113033     DEBUG main            d.u.i.k.p.i.IntermediateProofReplayer Proof replay took 11.7ns 
113336     INFO  main            d.u.i.k.p.r.p.TestFile    ... finished proof: closed. 
113501     INFO  main            d.u.i.k.p.r.p.TestFile    Now processing file /home/runner/work/key/key/key.core/../key.ui/examples/InformationFlow/NewObjects/object.ObjectOrientation(object.ObjectOrientation__secure_object_creation()).Non-interference contract.0.key 
113501     INFO  main            d.u.i.k.p.i.AbstractProblemLoader Loading environment from /home/runner/work/key/key/key.core/../key.ui/examples/InformationFlow/NewObjects/object.ObjectOrientation(object.ObjectOrientation__secure_object_creation()).Non-interference contract.0.key 
113501     DEBUG main            d.u.i.k.p.i.AbstractProblemLoader Environment load took 54.8ns 
113502     INFO  main            d.u.i.k.p.i.AbstractProblemLoader Creating init config 
114359     DEBUG main            d.u.i.k.j.r.ClassPreparationMethodBuilder clPrepBuilder: Inner Class detected. Reject building class initialisation methods. 
116176     DEBUG main            d.u.i.k.p.i.AbstractProblemLoader Init config took 2.67s 
116213     INFO  main            d.u.i.k.p.i.AbstractProblemLoader Replaying proof object.ObjectOrientation[object.ObjectOrientation::secure_object_creation()].Non-interference contract.0 
116215     DEBUG main            d.u.i.k.p.i.IntermediateProofReplayer Proof replay took 14.4ns 
117022     INFO  main            d.u.i.k.p.r.p.TestFile    ... finished proof: closed. 
117192     INFO  main            d.u.i.k.p.r.p.TestFile    Now processing file /home/runner/work/key/key/key.core/../key.ui/examples/InformationFlow/NewObjects/object.AmtoftBanerjee2(object.AmtoftBanerjee2__expensive(int)).Non-interference contract.0.key 
117193     INFO  main            d.u.i.k.p.i.AbstractProblemLoader Loading environment from /home/runner/work/key/key/key.core/../key.ui/examples/InformationFlow/NewObjects/object.AmtoftBanerjee2(object.AmtoftBanerjee2__expensive(int)).Non-interference contract.0.key 
117193     DEBUG main            d.u.i.k.p.i.AbstractProblemLoader Environment load took 108.8ns 
117194     INFO  main            d.u.i.k.p.i.AbstractProblemLoader Creating init config 
118027     DEBUG main            d.u.i.k.j.r.ClassPreparationMethodBuilder clPrepBuilder: Inner Class detected. Reject building class initialisation methods. 
119883     DEBUG main            d.u.i.k.p.i.AbstractProblemLoader Init config took 2.69s 
119922     INFO  main            d.u.i.k.p.i.AbstractProblemLoader Replaying proof object.AmtoftBanerjee2[object.AmtoftBanerjee2::expensive(int)].Non-interference contract.0 
119924     DEBUG main            d.u.i.k.p.i.IntermediateProofReplayer Proof replay took 12ns 
120028     INFO  main            d.u.i.k.p.r.p.TestFile    ... finished proof: closed. 
120189     INFO  main            d.u.i.k.p.r.p.TestFile    Now processing file /home/runner/work/key/key/key.core/../key.ui/examples/InformationFlow/NewObjects/object.AmtoftBanerjee2(object.AmtoftBanerjee2__cexp(int)).Non-interference contract.0.key 
120189     INFO  main            d.u.i.k.p.i.AbstractProblemLoader Loading environment from /home/runner/work/key/key/key.core/../key.ui/examples/InformationFlow/NewObjects/object.AmtoftBanerjee2(object.AmtoftBanerjee2__cexp(int)).Non-interference contract.0.key 
120189     DEBUG main            d.u.i.k.p.i.AbstractProblemLoader Environment load took 158.7ns 
120190     INFO  main            d.u.i.k.p.i.AbstractProblemLoader Creating init config 
121019     DEBUG main            d.u.i.k.j.r.ClassPreparationMethodBuilder clPrepBuilder: Inner Class detected. Reject building class initialisation methods. 
122851     DEBUG main            d.u.i.k.p.i.AbstractProblemLoader Init config took 2.66s 
122898     INFO  main            d.u.i.k.p.i.AbstractProblemLoader Replaying proof object.AmtoftBanerjee2[object.AmtoftBanerjee2::cexp(int)].Non-interference contract.0 
122901     DEBUG main            d.u.i.k.p.i.IntermediateProofReplayer Proof replay took 12.6ns 
124307     INFO  main            d.u.i.k.p.r.p.TestFile    ... finished proof: closed. 
1258943    INFO  Test worker     d.u.i.k.p.r.RunAllProofsTestUnit Returning from test NewObjects_nomacro 
1258945    INFO  Test worker     d.u.i.k.p.r.RunAllProofsTestUnit Running test SimpleEvoting_nomacro 
360        INFO  Timeout watchdog d.u.i.k.p.r.p.ForkedTestFileRunner Timeout watcher launched (1000 secs.) 
372        WARN  main            d.u.i.k.s.ProofSettings   The settings in /home/runner/.key/proof-settings.props are *not* read. 
412        INFO  main            d.u.i.k.p.r.p.TestFile    Now processing file /home/runner/work/key/key/key.core/../key.ui/examples/InformationFlow/SimpleEvoting/simple_evoting.Environment(simple_evoting.Environment__untrustedOutputMessage((B)).Non-interference contract.0.key 
547        INFO  main            d.u.i.k.p.i.AbstractProblemLoader Loading environment from /home/runner/work/key/key/key.core/../key.ui/examples/InformationFlow/SimpleEvoting/simple_evoting.Environment(simple_evoting.Environment__untrustedOutputMessage((B)).Non-interference contract.0.key 
565        DEBUG main            d.u.i.k.p.i.AbstractProblemLoader Environment load took 2.17ms 
780        INFO  main            d.u.i.k.p.i.AbstractProblemLoader Creating init config 
1745       DEBUG main            d.u.i.k.j.TypeConverter   No LDT found for Meta 
1748       DEBUG main            d.u.i.k.j.TypeConverter   No LDT found for Meta 
1750       DEBUG main            d.u.i.k.j.TypeConverter   No LDT found for Meta 
1750       DEBUG main            d.u.i.k.j.TypeConverter   No LDT found for Meta 
3121       DEBUG main            d.u.i.k.j.TypeConverter   No LDT found for JavaBigintExpression 
9008       DEBUG main            d.u.i.k.p.i.AbstractProblemLoader Init config took 8.23s 
9166       INFO  main            d.u.i.k.p.i.AbstractProblemLoader Replaying proof simple_evoting.Environment[simple_evoting.Environment::untrustedOutputMessage([B)].Non-interference contract.0 
9250       DEBUG main            d.u.i.k.p.i.IntermediateProofReplayer Proof replay took 319.8ns 
16604      INFO  main            d.u.i.k.p.r.p.TestFile    ... finished proof: closed. 
16777      INFO  main            d.u.i.k.p.r.p.TestFile    Now processing file /home/runner/work/key/key/key.core/../key.ui/examples/InformationFlow/SimpleEvoting/simple_evoting.Environment(simple_evoting.Environment__untrustedOutput(int)).Non-interference contract.0.key 
16778      INFO  main            d.u.i.k.p.i.AbstractProblemLoader Loading environment from /home/runner/work/key/key/key.core/../key.ui/examples/InformationFlow/SimpleEvoting/simple_evoting.Environment(simple_evoting.Environment__untrustedOutput(int)).Non-interference contract.0.key 
16779      DEBUG main            d.u.i.k.p.i.AbstractProblemLoader Environment load took 300.6ns 
16783      INFO  main            d.u.i.k.p.i.AbstractProblemLoader Creating init config 
20190      DEBUG main            d.u.i.k.p.i.AbstractProblemLoader Init config took 3.41s 
20263      INFO  main            d.u.i.k.p.i.AbstractProblemLoader Replaying proof simple_evoting.Environment[simple_evoting.Environment::untrustedOutput(int)].Non-interference contract.0 
20267      DEBUG main            d.u.i.k.p.i.IntermediateProofReplayer Proof replay took 12.2ns 
20369      INFO  main            d.u.i.k.p.r.p.TestFile    ... finished proof: closed. 
20482      INFO  main            d.u.i.k.p.r.p.TestFile    Now processing file /home/runner/work/key/key/key.core/../key.ui/examples/InformationFlow/SimpleEvoting/simple_evoting.Environment(simple_evoting.Environment__untrustedInput(int)).Non-interference contract.0.key 
20482      INFO  main            d.u.i.k.p.i.AbstractProblemLoader Loading environment from /home/runner/work/key/key/key.core/../key.ui/examples/InformationFlow/SimpleEvoting/simple_evoting.Environment(simple_evoting.Environment__untrustedInput(int)).Non-interference contract.0.key 
20482      DEBUG main            d.u.i.k.p.i.AbstractProblemLoader Environment load took 116.3ns 
20484      INFO  main            d.u.i.k.p.i.AbstractProblemLoader Creating init config 
23808      DEBUG main            d.u.i.k.p.i.AbstractProblemLoader Init config took 3.32s 
23877      INFO  main            d.u.i.k.p.i.AbstractProblemLoader Replaying proof simple_evoting.Environment[simple_evoting.Environment::untrustedInput(int)].Non-interference contract.0 
23880      DEBUG main            d.u.i.k.p.i.IntermediateProofReplayer Proof replay took 10.3ns 
23983      INFO  main            d.u.i.k.p.r.p.TestFile    ... finished proof: open goal(s) 
24102      INFO  main            d.u.i.k.p.r.p.TestFile    Now processing file /home/runner/work/key/key/key.core/../key.ui/examples/InformationFlow/SimpleEvoting/simple_evoting.Environment(simple_evoting.Environment__untrustedInput()).Non-interference contract.0.key 
24102      INFO  main            d.u.i.k.p.i.AbstractProblemLoader Loading environment from /home/runner/work/key/key/key.core/../key.ui/examples/InformationFlow/SimpleEvoting/simple_evoting.Environment(simple_evoting.Environment__untrustedInput()).Non-interference contract.0.key 
24102      DEBUG main            d.u.i.k.p.i.AbstractProblemLoader Environment load took 81.6ns 
24104      INFO  main            d.u.i.k.p.i.AbstractProblemLoader Creating init config 
27472      DEBUG main            d.u.i.k.p.i.AbstractProblemLoader Init config took 3.37s 
27534      INFO  main            d.u.i.k.p.i.AbstractProblemLoader Replaying proof simple_evoting.Environment[simple_evoting.Environment::untrustedInput()].Non-interference contract.0 
27537      DEBUG main            d.u.i.k.p.i.IntermediateProofReplayer Proof replay took 11.4ns 
27640      INFO  main            d.u.i.k.p.r.p.TestFile    ... finished proof: open goal(s) 
27771      INFO  main            d.u.i.k.p.r.p.TestFile    Now processing file /home/runner/work/key/key/key.core/../key.ui/examples/InformationFlow/SimpleEvoting/simple_evoting.SMT(simple_evoting.SMT__send(simple_evoting.Message,int,simple_evoting.Server)).Non-interference contract.1.key 
27772      INFO  main            d.u.i.k.p.i.AbstractProblemLoader Loading environment from /home/runner/work/key/key/key.core/../key.ui/examples/InformationFlow/SimpleEvoting/simple_evoting.SMT(simple_evoting.SMT__send(simple_evoting.Message,int,simple_evoting.Server)).Non-interference contract.1.key 
27772      DEBUG main            d.u.i.k.p.i.AbstractProblemLoader Environment load took 83.2ns 
27774      INFO  main            d.u.i.k.p.i.AbstractProblemLoader Creating init config 
30994      DEBUG main            d.u.i.k.p.i.AbstractProblemLoader Init config took 3.22s 
31086      INFO  main            d.u.i.k.p.i.AbstractProblemLoader Replaying proof simple_evoting.SMT[simple_evoting.SMT::send(simple_evoting.Message,int,simple_evoting.Server)].Non-interference contract.1 
31089      DEBUG main            d.u.i.k.p.i.IntermediateProofReplayer Proof replay took 11.3ns 
55588      INFO  main            d.u.i.k.p.r.p.TestFile    ... finished proof: closed. 
55814      INFO  main            d.u.i.k.p.r.p.TestFile    Now processing file /home/runner/work/key/key/key.core/../key.ui/examples/InformationFlow/SimpleEvoting/simple_evoting.SMT(simple_evoting.SMT__send(simple_evoting.Message,int,simple_evoting.Server)).Non-interference contract.0.key 
55814      INFO  main            d.u.i.k.p.i.AbstractProblemLoader Loading environment from /home/runner/work/key/key/key.core/../key.ui/examples/InformationFlow/SimpleEvoting/simple_evoting.SMT(simple_evoting.SMT__send(simple_evoting.Message,int,simple_evoting.Server)).Non-interference contract.0.key 
55814      DEBUG main            d.u.i.k.p.i.AbstractProblemLoader Environment load took 105.4ns 
55815      INFO  main            d.u.i.k.p.i.AbstractProblemLoader Creating init config 
58941      DEBUG main            d.u.i.k.p.i.AbstractProblemLoader Init config took 3.13s 
59010      INFO  main            d.u.i.k.p.i.AbstractProblemLoader Replaying proof simple_evoting.SMT[simple_evoting.SMT::send(simple_evoting.Message,int,simple_evoting.Server)].Non-interference contract.0 
59013      DEBUG main            d.u.i.k.p.i.IntermediateProofReplayer Proof replay took 11.1ns 
87277      INFO  main            d.u.i.k.p.r.p.TestFile    ... finished proof: closed. 
87511      INFO  main            d.u.i.k.p.r.p.TestFile    Now processing file /home/runner/work/key/key/key.core/../key.ui/examples/InformationFlow/SimpleEvoting/simple_evoting.NetworkClient(simple_evoting.NetworkClient__send((B,simple_evoting.Server,int)).Non-interference contract.0.key 
87511      INFO  main            d.u.i.k.p.i.AbstractProblemLoader Loading environment from /home/runner/work/key/key/key.core/../key.ui/examples/InformationFlow/SimpleEvoting/simple_evoting.NetworkClient(simple_evoting.NetworkClient__send((B,simple_evoting.Server,int)).Non-interference contract.0.key 
87511      DEBUG main            d.u.i.k.p.i.AbstractProblemLoader Environment load took 58.6ns 
87512      INFO  main            d.u.i.k.p.i.AbstractProblemLoader Creating init config 
90609      DEBUG main            d.u.i.k.p.i.AbstractProblemLoader Init config took 3.1s 
90665      INFO  main            d.u.i.k.p.i.AbstractProblemLoader Replaying proof simple_evoting.NetworkClient[simple_evoting.NetworkClient::send([B,simple_evoting.Server,int)].Non-interference contract.0 
90668      DEBUG main            d.u.i.k.p.i.IntermediateProofReplayer Proof replay took 10.3ns 
93296      INFO  main            d.u.i.k.p.r.p.TestFile    ... finished proof: closed. 
93473      INFO  main            d.u.i.k.p.r.p.TestFile    Now processing file /home/runner/work/key/key/key.core/../key.ui/examples/InformationFlow/SimpleEvoting/simple_evoting.Voter(simple_evoting.Voter__onSendBallot(simple_evoting.Server)).Non-interference contract.1.key 
93474      INFO  main            d.u.i.k.p.i.AbstractProblemLoader Loading environment from /home/runner/work/key/key/key.core/../key.ui/examples/InformationFlow/SimpleEvoting/simple_evoting.Voter(simple_evoting.Voter__onSendBallot(simple_evoting.Server)).Non-interference contract.1.key 
93474      DEBUG main            d.u.i.k.p.i.AbstractProblemLoader Environment load took 105.7ns 
93475      INFO  main            d.u.i.k.p.i.AbstractProblemLoader Creating init config 
96633      DEBUG main            d.u.i.k.p.i.AbstractProblemLoader Init config took 3.16s 
96687      INFO  main            d.u.i.k.p.i.AbstractProblemLoader Replaying proof simple_evoting.Voter[simple_evoting.Voter::onSendBallot(simple_evoting.Server)].Non-interference contract.1 
96690      DEBUG main            d.u.i.k.p.i.IntermediateProofReplayer Proof replay took 11ns 
106207     INFO  main            d.u.i.k.p.r.p.TestFile    ... finished proof: closed. 
106401     INFO  main            d.u.i.k.p.r.p.TestFile    Now processing file /home/runner/work/key/key/key.core/../key.ui/examples/InformationFlow/SimpleEvoting/simple_evoting.Voter(simple_evoting.Voter__onSendBallot(simple_evoting.Server)).Non-interference contract.0.key 
106402     INFO  main            d.u.i.k.p.i.AbstractProblemLoader Loading environment from /home/runner/work/key/key/key.core/../key.ui/examples/InformationFlow/SimpleEvoting/simple_evoting.Voter(simple_evoting.Voter__onSendBallot(simple_evoting.Server)).Non-interference contract.0.key 
106402     DEBUG main            d.u.i.k.p.i.AbstractProblemLoader Environment load took 136.1ns 
106403     INFO  main            d.u.i.k.p.i.AbstractProblemLoader Creating init config 
109496     DEBUG main            d.u.i.k.p.i.AbstractProblemLoader Init config took 3.09s 
109550     INFO  main            d.u.i.k.p.i.AbstractProblemLoader Replaying proof simple_evoting.Voter[simple_evoting.Voter::onSendBallot(simple_evoting.Server)].Non-interference contract.0 
109552     DEBUG main            d.u.i.k.p.i.IntermediateProofReplayer Proof replay took 11.6ns 
120487     INFO  main            d.u.i.k.p.r.p.TestFile    ... finished proof: closed. 
1379813    INFO  Test worker     d.u.i.k.p.r.RunAllProofsTestUnit Returning from test SimpleEvoting_nomacro 
1379814    INFO  Test worker     d.u.i.k.p.r.RunAllProofsTestUnit Running test ToyVoting_fullmacro 
342        INFO  Timeout watchdog d.u.i.k.p.r.p.ForkedTestFileRunner Timeout watcher launched (1000 secs.) 
366        WARN  main            d.u.i.k.s.ProofSettings   The settings in /home/runner/.key/proof-settings.props are *not* read. 
405        INFO  main            d.u.i.k.p.r.p.TestFile    Now processing file /home/runner/work/key/key/key.core/../key.ui/examples/InformationFlow/ToyVoting/Voter(Voter__insecure_voting()).Non-interference contract.0.m.key 
539        INFO  main            d.u.i.k.p.i.AbstractProblemLoader Loading environment from /home/runner/work/key/key/key.core/../key.ui/examples/InformationFlow/ToyVoting/Voter(Voter__insecure_voting()).Non-interference contract.0.m.key 
562        DEBUG main            d.u.i.k.p.i.AbstractProblemLoader Environment load took 2.19ms 
771        INFO  main            d.u.i.k.p.i.AbstractProblemLoader Creating init config 
1852       DEBUG main            d.u.i.k.j.TypeConverter   No LDT found for Meta 
1852       DEBUG main            d.u.i.k.j.TypeConverter   No LDT found for Meta 
1855       DEBUG main            d.u.i.k.j.TypeConverter   No LDT found for Meta 
1855       DEBUG main            d.u.i.k.j.TypeConverter   No LDT found for Meta 
3175       DEBUG main            d.u.i.k.j.TypeConverter   No LDT found for JavaBigintExpression 
7970       DEBUG main            d.u.i.k.p.i.AbstractProblemLoader Init config took 7.2s 
8157       INFO  main            d.u.i.k.p.i.AbstractProblemLoader Replaying proof Voter[Voter::insecure_voting()].Non-interference contract.0 
8233       DEBUG main            d.u.i.k.p.i.IntermediateProofReplayer Proof replay took 352.4ns 
8307       DEBUG main            d.u.i.k.m.s.ProofScriptEngine [1] goal: 0, source line: 51, command: 'macro 'infflow-autopilot'' 
8691       DEBUG main            d.u.i.k.p.m.ProofCorrectnessMgt No justification found for rule Class_invariant_axiom_for_Voter 
8860       DEBUG main            d.u.i.k.p.m.ProofCorrectnessMgt No justification found for rule Class_invariant_axiom_for_Voter 
8863       DEBUG main            d.u.i.k.p.m.ProofCorrectnessMgt No justification found for rule Class_invariant_axiom_for_Voter 
9075       DEBUG main            d.u.i.k.p.m.ProofCorrectnessMgt No justification found for rule Class_invariant_axiom_for_Voter 
9076       DEBUG main            d.u.i.k.p.m.ProofCorrectnessMgt No justification found for rule Class_invariant_axiom_for_Voter 
9134       DEBUG main            d.u.i.k.p.m.ProofCorrectnessMgt No justification found for rule Class_invariant_axiom_for_Voter 
9137       DEBUG main            d.u.i.k.p.m.ProofCorrectnessMgt No justification found for rule Class_invariant_axiom_for_Voter 
9229       DEBUG main            d.u.i.k.p.m.ProofCorrectnessMgt No justification found for rule Class_invariant_axiom_for_Voter 
9230       DEBUG main            d.u.i.k.p.m.ProofCorrectnessMgt No justification found for rule Class_invariant_axiom_for_Voter 
9375       DEBUG main            d.u.i.k.p.m.ProofCorrectnessMgt No justification found for rule Class_invariant_axiom_for_Voter 
9377       DEBUG main            d.u.i.k.p.m.ProofCorrectnessMgt No justification found for rule Class_invariant_axiom_for_Voter 
9485       DEBUG main            d.u.i.k.p.m.ProofCorrectnessMgt No justification found for rule Class_invariant_axiom_for_Voter 
9486       DEBUG main            d.u.i.k.p.m.ProofCorrectnessMgt No justification found for rule Class_invariant_axiom_for_Voter 
9543       DEBUG main            d.u.i.k.p.m.ProofCorrectnessMgt No justification found for rule Class_invariant_axiom_for_Voter 
9544       DEBUG main            d.u.i.k.p.m.ProofCorrectnessMgt No justification found for rule Class_invariant_axiom_for_Voter 
9646       DEBUG main            d.u.i.k.p.m.ProofCorrectnessMgt No justification found for rule Class_invariant_axiom_for_Voter 
9666       DEBUG main            d.u.i.k.p.m.ProofCorrectnessMgt No justification found for rule Class_invariant_axiom_for_Voter 
9756       DEBUG main            d.u.i.k.p.m.ProofCorrectnessMgt No justification found for rule Class_invariant_axiom_for_Voter 
9775       DEBUG main            d.u.i.k.p.m.ProofCorrectnessMgt No justification found for rule Class_invariant_axiom_for_Voter 
9868       DEBUG main            d.u.i.k.p.m.ProofCorrectnessMgt No justification found for rule Class_invariant_axiom_for_Voter 
9889       DEBUG main            d.u.i.k.p.m.ProofCorrectnessMgt No justification found for rule Class_invariant_axiom_for_Voter 
9895       DEBUG main            d.u.i.k.p.m.ProofCorrectnessMgt No justification found for rule Class_invariant_axiom_for_Voter 
30949      INFO  main            d.u.i.k.p.r.p.TestFile    ... finished proof: open goal(s) 
31140      INFO  main            d.u.i.k.p.r.p.TestFile    Now processing file /home/runner/work/key/key/key.core/../key.ui/examples/InformationFlow/ToyVoting/Voter(Voter__publishVoterParticipation()).Non-interference contract.0.m.key 
31141      INFO  main            d.u.i.k.p.i.AbstractProblemLoader Loading environment from /home/runner/work/key/key/key.core/../key.ui/examples/InformationFlow/ToyVoting/Voter(Voter__publishVoterParticipation()).Non-interference contract.0.m.key 
31141      DEBUG main            d.u.i.k.p.i.AbstractProblemLoader Environment load took 292.3ns 
31143      INFO  main            d.u.i.k.p.i.AbstractProblemLoader Creating init config 
33866      DEBUG main            d.u.i.k.p.i.AbstractProblemLoader Init config took 2.72s 
33916      INFO  main            d.u.i.k.p.i.AbstractProblemLoader Replaying proof Voter[Voter::publishVoterParticipation()].Non-interference contract.0 
33918      DEBUG main            d.u.i.k.p.i.IntermediateProofReplayer Proof replay took 11.4ns 
33919      DEBUG main            d.u.i.k.m.s.ProofScriptEngine [1] goal: 0, source line: 51, command: 'macro 'infflow-autopilot'' 
33982      DEBUG main            d.u.i.k.p.m.ProofCorrectnessMgt No justification found for rule Class_invariant_axiom_for_Voter 
34128      INFO  main            d.u.i.k.p.r.p.TestFile    ... finished proof: closed. 
34345      INFO  main            d.u.i.k.p.r.p.TestFile    Now processing file /home/runner/work/key/key/key.core/../key.ui/examples/InformationFlow/ToyVoting/Voter(Voter__isValid(int)).Non-interference contract.0.m.key 
34346      INFO  main            d.u.i.k.p.i.AbstractProblemLoader Loading environment from /home/runner/work/key/key/key.core/../key.ui/examples/InformationFlow/ToyVoting/Voter(Voter__isValid(int)).Non-interference contract.0.m.key 
34346      DEBUG main            d.u.i.k.p.i.AbstractProblemLoader Environment load took 101.6ns 
34347      INFO  main            d.u.i.k.p.i.AbstractProblemLoader Creating init config 
36913      DEBUG main            d.u.i.k.p.i.AbstractProblemLoader Init config took 2.57s 
36960      INFO  main            d.u.i.k.p.i.AbstractProblemLoader Replaying proof Voter[Voter::isValid(int)].Non-interference contract.0 
36962      DEBUG main            d.u.i.k.p.i.IntermediateProofReplayer Proof replay took 11ns 
36963      DEBUG main            d.u.i.k.m.s.ProofScriptEngine [1] goal: 0, source line: 51, command: 'macro 'infflow-autopilot'' 
37000      DEBUG main            d.u.i.k.p.m.ProofCorrectnessMgt No justification found for rule Class_invariant_axiom_for_Voter 
37272      INFO  main            d.u.i.k.p.r.p.TestFile    ... finished proof: closed. 
37404      INFO  main            d.u.i.k.p.r.p.TestFile    Now processing file /home/runner/work/key/key/key.core/../key.ui/examples/InformationFlow/ToyVoting/Voter(Voter__sendVote(int)).Non-interference contract.0.m.key 
37404      INFO  main            d.u.i.k.p.i.AbstractProblemLoader Loading environment from /home/runner/work/key/key/key.core/../key.ui/examples/InformationFlow/ToyVoting/Voter(Voter__sendVote(int)).Non-interference contract.0.m.key 
37404      DEBUG main            d.u.i.k.p.i.AbstractProblemLoader Environment load took 76.5ns 
37405      INFO  main            d.u.i.k.p.i.AbstractProblemLoader Creating init config 
39970      DEBUG main            d.u.i.k.p.i.AbstractProblemLoader Init config took 2.56s 
40013      INFO  main            d.u.i.k.p.i.AbstractProblemLoader Replaying proof Voter[Voter::sendVote(int)].Non-interference contract.0 
40016      DEBUG main            d.u.i.k.p.i.IntermediateProofReplayer Proof replay took 11.7ns 
40016      DEBUG main            d.u.i.k.m.s.ProofScriptEngine [1] goal: 0, source line: 51, command: 'macro 'infflow-autopilot'' 
40052      DEBUG main            d.u.i.k.p.m.ProofCorrectnessMgt No justification found for rule Class_invariant_axiom_for_Voter 
40244      INFO  main            d.u.i.k.p.r.p.TestFile    ... finished proof: closed. 
40373      INFO  main            d.u.i.k.p.r.p.TestFile    Now processing file /home/runner/work/key/key/key.core/../key.ui/examples/InformationFlow/ToyVoting/Voter(Voter__inputVote()).Non-interference contract.0.m.key 
40373      INFO  main            d.u.i.k.p.i.AbstractProblemLoader Loading environment from /home/runner/work/key/key/key.core/../key.ui/examples/InformationFlow/ToyVoting/Voter(Voter__inputVote()).Non-interference contract.0.m.key 
40373      DEBUG main            d.u.i.k.p.i.AbstractProblemLoader Environment load took 57.3ns 
40375      INFO  main            d.u.i.k.p.i.AbstractProblemLoader Creating init config 
42890      DEBUG main            d.u.i.k.p.i.AbstractProblemLoader Init config took 2.51s 
42943      INFO  main            d.u.i.k.p.i.AbstractProblemLoader Replaying proof Voter[Voter::inputVote()].Non-interference contract.0 
42946      DEBUG main            d.u.i.k.p.i.IntermediateProofReplayer Proof replay took 25.6ns 
42946      DEBUG main            d.u.i.k.m.s.ProofScriptEngine [1] goal: 0, source line: 51, command: 'macro 'infflow-autopilot'' 
42981      DEBUG main            d.u.i.k.p.m.ProofCorrectnessMgt No justification found for rule Class_invariant_axiom_for_Voter 
43072      INFO  main            d.u.i.k.p.r.p.TestFile    ... finished proof: closed. 
43213      INFO  main            d.u.i.k.p.r.p.TestFile    Now processing file /home/runner/work/key/key/key.core/../key.ui/examples/InformationFlow/ToyVoting/Voter(Voter__secure_voting()).Non-interference contract.0.m.key 
43213      INFO  main            d.u.i.k.p.i.AbstractProblemLoader Loading environment from /home/runner/work/key/key/key.core/../key.ui/examples/InformationFlow/ToyVoting/Voter(Voter__secure_voting()).Non-interference contract.0.m.key 
43214      DEBUG main            d.u.i.k.p.i.AbstractProblemLoader Environment load took 533.4ns 
43215      INFO  main            d.u.i.k.p.i.AbstractProblemLoader Creating init config 
45702      DEBUG main            d.u.i.k.p.i.AbstractProblemLoader Init config took 2.49s 
45743      INFO  main            d.u.i.k.p.i.AbstractProblemLoader Replaying proof Voter[Voter::secure_voting()].Non-interference contract.0 
45745      DEBUG main            d.u.i.k.p.i.IntermediateProofReplayer Proof replay took 12.5ns 
45746      DEBUG main            d.u.i.k.m.s.ProofScriptEngine [1] goal: 0, source line: 51, command: 'macro 'infflow-autopilot'' 
45778      DEBUG main            d.u.i.k.p.m.ProofCorrectnessMgt No justification found for rule Class_invariant_axiom_for_Voter 
45861      DEBUG main            d.u.i.k.p.m.ProofCorrectnessMgt No justification found for rule Class_invariant_axiom_for_Voter 
45907      DEBUG main            d.u.i.k.p.m.ProofCorrectnessMgt No justification found for rule Class_invariant_axiom_for_Voter 
45908      DEBUG main            d.u.i.k.p.m.ProofCorrectnessMgt No justification found for rule Class_invariant_axiom_for_Voter 
45999      DEBUG main            d.u.i.k.p.m.ProofCorrectnessMgt No justification found for rule Class_invariant_axiom_for_Voter 
46149      DEBUG main            d.u.i.k.p.m.ProofCorrectnessMgt No justification found for rule Class_invariant_axiom_for_Voter 
46151      DEBUG main            d.u.i.k.p.m.ProofCorrectnessMgt No justification found for rule Class_invariant_axiom_for_Voter 
46369      DEBUG main            d.u.i.k.p.m.ProofCorrectnessMgt No justification found for rule Class_invariant_axiom_for_Voter 
46441      DEBUG main            d.u.i.k.p.m.ProofCorrectnessMgt No justification found for rule Class_invariant_axiom_for_Voter 
46442      DEBUG main            d.u.i.k.p.m.ProofCorrectnessMgt No justification found for rule Class_invariant_axiom_for_Voter 
46453      DEBUG main            d.u.i.k.p.m.ProofCorrectnessMgt No justification found for rule Class_invariant_axiom_for_Voter 
46508      DEBUG main            d.u.i.k.p.m.ProofCorrectnessMgt No justification found for rule Class_invariant_axiom_for_Voter 
46510      DEBUG main            d.u.i.k.p.m.ProofCorrectnessMgt No justification found for rule Class_invariant_axiom_for_Voter 
47149      DEBUG main            d.u.i.k.p.m.ProofCorrectnessMgt No justification found for rule Class_invariant_axiom_for_Voter 
47151      DEBUG main            d.u.i.k.p.m.ProofCorrectnessMgt No justification found for rule Class_invariant_axiom_for_Voter 
47190      DEBUG main            d.u.i.k.p.m.ProofCorrectnessMgt No justification found for rule Class_invariant_axiom_for_Voter 
47192      DEBUG main            d.u.i.k.p.m.ProofCorrectnessMgt No justification found for rule Class_invariant_axiom_for_Voter 
47228      DEBUG main            d.u.i.k.p.m.ProofCorrectnessMgt No justification found for rule Class_invariant_axiom_for_Voter 
47230      DEBUG main            d.u.i.k.p.m.ProofCorrectnessMgt No justification found for rule Class_invariant_axiom_for_Voter 
47269      DEBUG main            d.u.i.k.p.m.ProofCorrectnessMgt No justification found for rule Class_invariant_axiom_for_Voter 
47332      DEBUG main            d.u.i.k.p.m.ProofCorrectnessMgt No justification found for rule Class_invariant_axiom_for_Voter 
47402      DEBUG main            d.u.i.k.p.m.ProofCorrectnessMgt No justification found for rule Class_invariant_axiom_for_Voter 
47402      DEBUG main            d.u.i.k.p.m.ProofCorrectnessMgt No justification found for rule Class_invariant_axiom_for_Voter 
47788      DEBUG main            d.u.i.k.p.m.ProofCorrectnessMgt No justification found for rule Class_invariant_axiom_for_Voter 
47808      DEBUG main            d.u.i.k.p.m.ProofCorrectnessMgt No justification found for rule Class_invariant_axiom_for_Voter 
47809      DEBUG main            d.u.i.k.p.m.ProofCorrectnessMgt No justification found for rule Class_invariant_axiom_for_Voter 
47820      DEBUG main            d.u.i.k.p.m.ProofCorrectnessMgt No justification found for rule Class_invariant_axiom_for_Voter 
47841      DEBUG main            d.u.i.k.p.m.ProofCorrectnessMgt No justification found for rule Class_invariant_axiom_for_Voter 
47843      DEBUG main            d.u.i.k.p.m.ProofCorrectnessMgt No justification found for rule Class_invariant_axiom_for_Voter 
47866      DEBUG main            d.u.i.k.p.m.ProofCorrectnessMgt No justification found for rule Class_invariant_axiom_for_Voter 
47895      DEBUG main            d.u.i.k.p.m.ProofCorrectnessMgt No justification found for rule Class_invariant_axiom_for_Voter 
47896      DEBUG main            d.u.i.k.p.m.ProofCorrectnessMgt No justification found for rule Class_invariant_axiom_for_Voter 
47967      DEBUG main            d.u.i.k.p.m.ProofCorrectnessMgt No justification found for rule Class_invariant_axiom_for_Voter 
47993      DEBUG main            d.u.i.k.p.m.ProofCorrectnessMgt No justification found for rule Class_invariant_axiom_for_Voter 
47995      DEBUG main            d.u.i.k.p.m.ProofCorrectnessMgt No justification found for rule Class_invariant_axiom_for_Voter 
48121      DEBUG main            d.u.i.k.p.m.ProofCorrectnessMgt No justification found for rule Class_invariant_axiom_for_Voter 
48124      DEBUG main            d.u.i.k.p.m.ProofCorrectnessMgt No justification found for rule Class_invariant_axiom_for_Voter 
48283      DEBUG main            d.u.i.k.p.m.ProofCorrectnessMgt No justification found for rule Class_invariant_axiom_for_Voter 
48285      DEBUG main            d.u.i.k.p.m.ProofCorrectnessMgt No justification found for rule Class_invariant_axiom_for_Voter 
48367      DEBUG main            d.u.i.k.p.m.ProofCorrectnessMgt No justification found for rule Class_invariant_axiom_for_Voter 
48370      DEBUG main            d.u.i.k.p.m.ProofCorrectnessMgt No justification found for rule Class_invariant_axiom_for_Voter 
48427      DEBUG main            d.u.i.k.p.m.ProofCorrectnessMgt No justification found for rule Class_invariant_axiom_for_Voter 
48430      DEBUG main            d.u.i.k.p.m.ProofCorrectnessMgt No justification found for rule Class_invariant_axiom_for_Voter 
48473      DEBUG main            d.u.i.k.p.m.ProofCorrectnessMgt No justification found for rule Class_invariant_axiom_for_Voter 
48475      DEBUG main            d.u.i.k.p.m.ProofCorrectnessMgt No justification found for rule Class_invariant_axiom_for_Voter 
48566      DEBUG main            d.u.i.k.p.m.ProofCorrectnessMgt No justification found for rule Class_invariant_axiom_for_Voter 
48571      DEBUG main            d.u.i.k.p.m.ProofCorrectnessMgt No justification found for rule Class_invariant_axiom_for_Voter 
48648      DEBUG main            d.u.i.k.p.m.ProofCorrectnessMgt No justification found for rule Class_invariant_axiom_for_Voter 
48650      DEBUG main            d.u.i.k.p.m.ProofCorrectnessMgt No justification found for rule Class_invariant_axiom_for_Voter 
48744      DEBUG main            d.u.i.k.p.m.ProofCorrectnessMgt No justification found for rule Class_invariant_axiom_for_Voter 
48817      DEBUG main            d.u.i.k.p.m.ProofCorrectnessMgt No justification found for rule Class_invariant_axiom_for_Voter 
48818      DEBUG main            d.u.i.k.p.m.ProofCorrectnessMgt No justification found for rule Class_invariant_axiom_for_Voter 
48850      DEBUG main            d.u.i.k.p.m.ProofCorrectnessMgt No justification found for rule Class_invariant_axiom_for_Voter 
48850      DEBUG main            d.u.i.k.p.m.ProofCorrectnessMgt No justification found for rule Class_invariant_axiom_for_Voter 
48886      DEBUG main            d.u.i.k.p.m.ProofCorrectnessMgt No justification found for rule Class_invariant_axiom_for_Voter 
48887      DEBUG main            d.u.i.k.p.m.ProofCorrectnessMgt No justification found for rule Class_invariant_axiom_for_Voter 
48907      DEBUG main            d.u.i.k.p.m.ProofCorrectnessMgt No justification found for rule Class_invariant_axiom_for_Voter 
48925      DEBUG main            d.u.i.k.p.m.ProofCorrectnessMgt No justification found for rule Class_invariant_axiom_for_Voter 
48927      DEBUG main            d.u.i.k.p.m.ProofCorrectnessMgt No justification found for rule Class_invariant_axiom_for_Voter 
49390      DEBUG main            d.u.i.k.p.m.ProofCorrectnessMgt No justification found for rule Class_invariant_axiom_for_Voter 
49392      DEBUG main            d.u.i.k.p.m.ProofCorrectnessMgt No justification found for rule Class_invariant_axiom_for_Voter 
49395      DEBUG main            d.u.i.k.p.m.ProofCorrectnessMgt No justification found for rule Class_invariant_axiom_for_Voter 
49397      DEBUG main            d.u.i.k.p.m.ProofCorrectnessMgt No justification found for rule Class_invariant_axiom_for_Voter 
49609      DEBUG main            d.u.i.k.p.m.ProofCorrectnessMgt No justification found for rule Class_invariant_axiom_for_Voter 
49612      DEBUG main            d.u.i.k.p.m.ProofCorrectnessMgt No justification found for rule Class_invariant_axiom_for_Voter 
49683      DEBUG main            d.u.i.k.p.m.ProofCorrectnessMgt No justification found for rule Class_invariant_axiom_for_Voter 
49685      DEBUG main            d.u.i.k.p.m.ProofCorrectnessMgt No justification found for rule Class_invariant_axiom_for_Voter 
49783      DEBUG main            d.u.i.k.p.m.ProofCorrectnessMgt No justification found for rule Class_invariant_axiom_for_Voter 
49786      DEBUG main            d.u.i.k.p.m.ProofCorrectnessMgt No justification found for rule Class_invariant_axiom_for_Voter 
49847      DEBUG main            d.u.i.k.p.m.ProofCorrectnessMgt No justification found for rule Class_invariant_axiom_for_Voter 
49849      DEBUG main            d.u.i.k.p.m.ProofCorrectnessMgt No justification found for rule Class_invariant_axiom_for_Voter 
49948      DEBUG main            d.u.i.k.p.m.ProofCorrectnessMgt No justification found for rule Class_invariant_axiom_for_Voter 
49951      DEBUG main            d.u.i.k.p.m.ProofCorrectnessMgt No justification found for rule Class_invariant_axiom_for_Voter 
49997      DEBUG main            d.u.i.k.p.m.ProofCorrectnessMgt No justification found for rule Class_invariant_axiom_for_Voter 
49999      DEBUG main            d.u.i.k.p.m.ProofCorrectnessMgt No justification found for rule Class_invariant_axiom_for_Voter 
50123      DEBUG main            d.u.i.k.p.m.ProofCorrectnessMgt No justification found for rule Class_invariant_axiom_for_Voter 
50128      DEBUG main            d.u.i.k.p.m.ProofCorrectnessMgt No justification found for rule Class_invariant_axiom_for_Voter 
50192      DEBUG main            d.u.i.k.p.m.ProofCorrectnessMgt No justification found for rule Class_invariant_axiom_for_Voter 
50194      DEBUG main            d.u.i.k.p.m.ProofCorrectnessMgt No justification found for rule Class_invariant_axiom_for_Voter 
50320      DEBUG main            d.u.i.k.p.m.ProofCorrectnessMgt No justification found for rule Class_invariant_axiom_for_Voter 
50323      DEBUG main            d.u.i.k.p.m.ProofCorrectnessMgt No justification found for rule Class_invariant_axiom_for_Voter 
50473      DEBUG main            d.u.i.k.p.m.ProofCorrectnessMgt No justification found for rule Class_invariant_axiom_for_Voter 
50476      DEBUG main            d.u.i.k.p.m.ProofCorrectnessMgt No justification found for rule Class_invariant_axiom_for_Voter 
50512      DEBUG main            d.u.i.k.p.m.ProofCorrectnessMgt No justification found for rule Class_invariant_axiom_for_Voter 
50514      DEBUG main            d.u.i.k.p.m.ProofCorrectnessMgt No justification found for rule Class_invariant_axiom_for_Voter 
51258      DEBUG main            d.u.i.k.p.m.ProofCorrectnessMgt No justification found for rule Class_invariant_axiom_for_Voter 
51261      DEBUG main            d.u.i.k.p.m.ProofCorrectnessMgt No justification found for rule Class_invariant_axiom_for_Voter 
51619      DEBUG main            d.u.i.k.p.m.ProofCorrectnessMgt No justification found for rule Class_invariant_axiom_for_Voter 
51621      DEBUG main            d.u.i.k.p.m.ProofCorrectnessMgt No justification found for rule Class_invariant_axiom_for_Voter 
51721      DEBUG main            d.u.i.k.p.m.ProofCorrectnessMgt No justification found for rule Class_invariant_axiom_for_Voter 
51723      DEBUG main            d.u.i.k.p.m.ProofCorrectnessMgt No justification found for rule Class_invariant_axiom_for_Voter 
52014      DEBUG main            d.u.i.k.p.m.ProofCorrectnessMgt No justification found for rule Class_invariant_axiom_for_Voter 
52017      DEBUG main            d.u.i.k.p.m.ProofCorrectnessMgt No justification found for rule Class_invariant_axiom_for_Voter 
52168      DEBUG main            d.u.i.k.p.m.ProofCorrectnessMgt No justification found for rule Class_invariant_axiom_for_Voter 
52170      DEBUG main            d.u.i.k.p.m.ProofCorrectnessMgt No justification found for rule Class_invariant_axiom_for_Voter 
52297      DEBUG main            d.u.i.k.p.m.ProofCorrectnessMgt No justification found for rule Class_invariant_axiom_for_Voter 
52299      DEBUG main            d.u.i.k.p.m.ProofCorrectnessMgt No justification found for rule Class_invariant_axiom_for_Voter 
52455      DEBUG main            d.u.i.k.p.m.ProofCorrectnessMgt No justification found for rule Class_invariant_axiom_for_Voter 
52458      DEBUG main            d.u.i.k.p.m.ProofCorrectnessMgt No justification found for rule Class_invariant_axiom_for_Voter 
52586      DEBUG main            d.u.i.k.p.m.ProofCorrectnessMgt No justification found for rule Class_invariant_axiom_for_Voter 
52588      DEBUG main            d.u.i.k.p.m.ProofCorrectnessMgt No justification found for rule Class_invariant_axiom_for_Voter 
52683      DEBUG main            d.u.i.k.p.m.ProofCorrectnessMgt No justification found for rule Class_invariant_axiom_for_Voter 
52685      DEBUG main            d.u.i.k.p.m.ProofCorrectnessMgt No justification found for rule Class_invariant_axiom_for_Voter 
53700      INFO  main            d.u.i.k.p.r.p.TestFile    ... finished proof: closed. 
1433906    INFO  Test worker     d.u.i.k.p.r.RunAllProofsTestUnit Returning from test ToyVoting_fullmacro 
1433907    INFO  Test worker     d.u.i.k.p.r.RunAllProofsTestUnit Running test SumExample_fullmacro 
310        INFO  Timeout watchdog d.u.i.k.p.r.p.ForkedTestFileRunner Timeout watcher launched (1000 secs.) 
320        WARN  main            d.u.i.k.s.ProofSettings   The settings in /home/runner/.key/proof-settings.props are *not* read. 
342        INFO  main            d.u.i.k.p.r.p.TestFile    Now processing file /home/runner/work/key/key/key.core/../key.ui/examples/InformationFlow/Sum/SumExample(SumExample__getSum()).Non-interference contract.0.m.key 
448        INFO  main            d.u.i.k.p.i.AbstractProblemLoader Loading environment from /home/runner/work/key/key/key.core/../key.ui/examples/InformationFlow/Sum/SumExample(SumExample__getSum()).Non-interference contract.0.m.key 
476        DEBUG main            d.u.i.k.p.i.AbstractProblemLoader Environment load took 1.93ms 
676        INFO  main            d.u.i.k.p.i.AbstractProblemLoader Creating init config 
1626       DEBUG main            d.u.i.k.j.TypeConverter   No LDT found for Meta 
1626       DEBUG main            d.u.i.k.j.TypeConverter   No LDT found for Meta 
1629       DEBUG main            d.u.i.k.j.TypeConverter   No LDT found for Meta 
1630       DEBUG main            d.u.i.k.j.TypeConverter   No LDT found for Meta 
3040       DEBUG main            d.u.i.k.j.TypeConverter   No LDT found for JavaBigintExpression 
7532       DEBUG main            d.u.i.k.p.i.AbstractProblemLoader Init config took 6.86s 
7664       INFO  main            d.u.i.k.p.i.AbstractProblemLoader Replaying proof SumExample[SumExample::getSum()].Non-interference contract.0 
7696       DEBUG main            d.u.i.k.p.i.IntermediateProofReplayer Proof replay took 298.5ns 
7727       DEBUG main            d.u.i.k.m.s.ProofScriptEngine [1] goal: 0, source line: 51, command: 'macro 'infflow-autopilot'' 
7883       DEBUG main            d.u.i.k.p.m.ProofCorrectnessMgt No justification found for rule Class_invariant_axiom_for_SumExample 
9670       INFO  main            d.u.i.k.p.r.p.TestFile    ... finished proof: closed. 
1443894    INFO  Test worker     d.u.i.k.p.r.RunAllProofsTestUnit Returning from test SumExample_fullmacro 
1443895    INFO  Test worker     d.u.i.k.p.r.RunAllProofsTestUnit Running test ToyBanking_fullmacro 
328        INFO  Timeout watchdog d.u.i.k.p.r.p.ForkedTestFileRunner Timeout watcher launched (1000 secs.) 
347        WARN  main            d.u.i.k.s.ProofSettings   The settings in /home/runner/.key/proof-settings.props are *not* read. 
386        INFO  main            d.u.i.k.p.r.p.TestFile    Now processing file /home/runner/work/key/key/key.core/../key.ui/examples/InformationFlow/ToyBanking/banking_example.UserAccount(banking_example.UserAccount__getBankAccount(int)).Non-interference contract.0.m.key 
517        INFO  main            d.u.i.k.p.i.AbstractProblemLoader Loading environment from /home/runner/work/key/key/key.core/../key.ui/examples/InformationFlow/ToyBanking/banking_example.UserAccount(banking_example.UserAccount__getBankAccount(int)).Non-interference contract.0.m.key 
535        DEBUG main            d.u.i.k.p.i.AbstractProblemLoader Environment load took 1.81ms 
740        INFO  main            d.u.i.k.p.i.AbstractProblemLoader Creating init config 
1571       DEBUG main            d.u.i.k.j.TypeConverter   No LDT found for Meta 
1571       DEBUG main            d.u.i.k.j.TypeConverter   No LDT found for Meta 
1572       DEBUG main            d.u.i.k.j.TypeConverter   No LDT found for Meta 
1572       DEBUG main            d.u.i.k.j.TypeConverter   No LDT found for Meta 
2884       DEBUG main            d.u.i.k.j.TypeConverter   No LDT found for JavaBigintExpression 
8041       DEBUG main            d.u.i.k.p.i.AbstractProblemLoader Init config took 7.3s 
8212       INFO  main            d.u.i.k.p.i.AbstractProblemLoader Replaying proof banking_example.UserAccount[banking_example.UserAccount::getBankAccount(int)].Non-interference contract.0 
8289       DEBUG main            d.u.i.k.p.i.IntermediateProofReplayer Proof replay took 378.1ns 
8352       DEBUG main            d.u.i.k.m.s.ProofScriptEngine [1] goal: 0, source line: 51, command: 'macro 'infflow-autopilot'' 
8724       DEBUG main            d.u.i.k.p.m.ProofCorrectnessMgt No justification found for rule Class_invariant_axiom_for_banking_example_UserAccount 
12731      INFO  main            d.u.i.k.p.r.p.TestFile    ... finished proof: closed. 
12897      INFO  main            d.u.i.k.p.r.p.TestFile    Now processing file /home/runner/work/key/key/key.core/../key.ui/examples/InformationFlow/ToyBanking/banking_example.UserAccount(banking_example.UserAccount__tryLogin(int,(C)).Non-interference contract.0.m.key 
12899      INFO  main            d.u.i.k.p.i.AbstractProblemLoader Loading environment from /home/runner/work/key/key/key.core/../key.ui/examples/InformationFlow/ToyBanking/banking_example.UserAccount(banking_example.UserAccount__tryLogin(int,(C)).Non-interference contract.0.m.key 
12900      DEBUG main            d.u.i.k.p.i.AbstractProblemLoader Environment load took 316.6ns 
12901      INFO  main            d.u.i.k.p.i.AbstractProblemLoader Creating init config 
15975      DEBUG main            d.u.i.k.p.i.AbstractProblemLoader Init config took 3.07s 
16055      INFO  main            d.u.i.k.p.i.AbstractProblemLoader Replaying proof banking_example.UserAccount[banking_example.UserAccount::tryLogin(int,[C)].Non-interference contract.0 
16057      DEBUG main            d.u.i.k.p.i.IntermediateProofReplayer Proof replay took 10.3ns 
16058      DEBUG main            d.u.i.k.m.s.ProofScriptEngine [1] goal: 0, source line: 51, command: 'macro 'infflow-autopilot'' 
16115      DEBUG main            d.u.i.k.p.m.ProofCorrectnessMgt No justification found for rule Class_invariant_axiom_for_banking_example_UserAccount 
64507      INFO  main            d.u.i.k.p.r.p.TestFile    ... finished proof: closed. 
64804      INFO  main            d.u.i.k.p.r.p.TestFile    Now processing file /home/runner/work/key/key/key.core/../key.ui/examples/InformationFlow/ToyBanking/banking_example.BankAccount(banking_example.BankAccount__depositMoney(int)).Non-interference contract.0.m.key 
64805      INFO  main            d.u.i.k.p.i.AbstractProblemLoader Loading environment from /home/runner/work/key/key/key.core/../key.ui/examples/InformationFlow/ToyBanking/banking_example.BankAccount(banking_example.BankAccount__depositMoney(int)).Non-interference contract.0.m.key 
64805      DEBUG main            d.u.i.k.p.i.AbstractProblemLoader Environment load took 161.8ns 
64807      INFO  main            d.u.i.k.p.i.AbstractProblemLoader Creating init config 
67616      DEBUG main            d.u.i.k.p.i.AbstractProblemLoader Init config took 2.81s 
67680      INFO  main            d.u.i.k.p.i.AbstractProblemLoader Replaying proof banking_example.BankAccount[banking_example.BankAccount::depositMoney(int)].Non-interference contract.0 
67683      DEBUG main            d.u.i.k.p.i.IntermediateProofReplayer Proof replay took 12.7ns 
67683      DEBUG main            d.u.i.k.m.s.ProofScriptEngine [1] goal: 0, source line: 51, command: 'macro 'infflow-autopilot'' 
67726      DEBUG main            d.u.i.k.p.m.ProofCorrectnessMgt No justification found for rule Class_invariant_axiom_for_banking_example_BankAccount 
68307      INFO  main            d.u.i.k.p.r.p.TestFile    ... finished proof: closed. 
68553      INFO  main            d.u.i.k.p.r.p.TestFile    Now processing file /home/runner/work/key/key/key.core/../key.ui/examples/InformationFlow/ToyBanking/banking_example.BankAccount(banking_example.BankAccount__getBalance()).Non-interference contract.0.m.key 
68557      INFO  main            d.u.i.k.p.i.AbstractProblemLoader Loading environment from /home/runner/work/key/key/key.core/../key.ui/examples/InformationFlow/ToyBanking/banking_example.BankAccount(banking_example.BankAccount__getBalance()).Non-interference contract.0.m.key 
68557      DEBUG main            d.u.i.k.p.i.AbstractProblemLoader Environment load took 117.3ns 
68558      INFO  main            d.u.i.k.p.i.AbstractProblemLoader Creating init config 
71299      DEBUG main            d.u.i.k.p.i.AbstractProblemLoader Init config took 2.74s 
71379      INFO  main            d.u.i.k.p.i.AbstractProblemLoader Replaying proof banking_example.BankAccount[banking_example.BankAccount::getBalance()].Non-interference contract.0 
71386      DEBUG main            d.u.i.k.p.i.IntermediateProofReplayer Proof replay took 13.2ns 
71387      DEBUG main            d.u.i.k.m.s.ProofScriptEngine [1] goal: 0, source line: 51, command: 'macro 'infflow-autopilot'' 
71430      DEBUG main            d.u.i.k.p.m.ProofCorrectnessMgt No justification found for rule Class_invariant_axiom_for_banking_example_BankAccount 
71564      INFO  main            d.u.i.k.p.r.p.TestFile    ... finished proof: closed. 
71699      INFO  main            d.u.i.k.p.r.p.TestFile    Now processing file /home/runner/work/key/key/key.core/../key.ui/examples/InformationFlow/ToyBanking/banking_example.BankAccount(banking_example.BankAccount__getId()).Non-interference contract.0.m.key 
71701      INFO  main            d.u.i.k.p.i.AbstractProblemLoader Loading environment from /home/runner/work/key/key/key.core/../key.ui/examples/InformationFlow/ToyBanking/banking_example.BankAccount(banking_example.BankAccount__getId()).Non-interference contract.0.m.key 
71701      DEBUG main            d.u.i.k.p.i.AbstractProblemLoader Environment load took 102.8ns 
71702      INFO  main            d.u.i.k.p.i.AbstractProblemLoader Creating init config 
74481      DEBUG main            d.u.i.k.p.i.AbstractProblemLoader Init config took 2.78s 
74547      INFO  main            d.u.i.k.p.i.AbstractProblemLoader Replaying proof banking_example.BankAccount[banking_example.BankAccount::getId()].Non-interference contract.0 
74550      DEBUG main            d.u.i.k.p.i.IntermediateProofReplayer Proof replay took 22.8ns 
74551      DEBUG main            d.u.i.k.m.s.ProofScriptEngine [1] goal: 0, source line: 51, command: 'macro 'infflow-autopilot'' 
74586      DEBUG main            d.u.i.k.p.m.ProofCorrectnessMgt No justification found for rule Class_invariant_axiom_for_banking_example_BankAccount 
74692      INFO  main            d.u.i.k.p.r.p.TestFile    ... finished proof: closed. 
74836      INFO  main            d.u.i.k.p.r.p.TestFile    Now processing file /home/runner/work/key/key/key.core/../key.ui/examples/InformationFlow/ToyBanking/banking_example.Bank(banking_example.Bank__login(int,(C)).Non-interference contract.0.m.key 
74837      INFO  main            d.u.i.k.p.i.AbstractProblemLoader Loading environment from /home/runner/work/key/key/key.core/../key.ui/examples/InformationFlow/ToyBanking/banking_example.Bank(banking_example.Bank__login(int,(C)).Non-interference contract.0.m.key 
74837      DEBUG main            d.u.i.k.p.i.AbstractProblemLoader Environment load took 107.6ns 
74838      INFO  main            d.u.i.k.p.i.AbstractProblemLoader Creating init config 
77632      DEBUG main            d.u.i.k.p.i.AbstractProblemLoader Init config took 2.79s 
77703      INFO  main            d.u.i.k.p.i.AbstractProblemLoader Replaying proof banking_example.Bank[banking_example.Bank::login(int,[C)].Non-interference contract.0 
77705      DEBUG main            d.u.i.k.p.i.IntermediateProofReplayer Proof replay took 12.6ns 
77706      DEBUG main            d.u.i.k.m.s.ProofScriptEngine [1] goal: 0, source line: 51, command: 'macro 'infflow-autopilot'' 
77746      DEBUG main            d.u.i.k.p.m.ProofCorrectnessMgt No justification found for rule Class_invariant_axiom_for_banking_example_Bank 
78724      DEBUG main            d.u.i.k.p.m.ProofCorrectnessMgt No justification found for rule Partial_inv_axiom_for_JML_class_invariant_nr_15_in_UserAccount 
78731      DEBUG main            d.u.i.k.p.m.ProofCorrectnessMgt No justification found for rule Partial_inv_axiom_for_JML_class_invariant_nr_11_in_UserAccount_EQ 
78874      DEBUG main            d.u.i.k.p.m.ProofCorrectnessMgt No justification found for rule Partial_inv_axiom_for_JML_class_invariant_nr_9_in_UserAccount_EQ 
78879      DEBUG main            d.u.i.k.p.m.ProofCorrectnessMgt No justification found for rule Partial_inv_axiom_for_JML_class_invariant_nr_13_in_UserAccount_EQ 
78962      DEBUG main            d.u.i.k.p.m.ProofCorrectnessMgt No justification found for rule Partial_inv_axiom_for_JML_class_invariant_nr_13_in_UserAccount 
78972      DEBUG main            d.u.i.k.p.m.ProofCorrectnessMgt No justification found for rule Partial_inv_axiom_for_JML_class_invariant_nr_9_in_UserAccount 
78976      DEBUG main            d.u.i.k.p.m.ProofCorrectnessMgt No justification found for rule Partial_inv_axiom_for_JML_class_invariant_nr_15_in_UserAccount_EQ 
78987      DEBUG main            d.u.i.k.p.m.ProofCorrectnessMgt No justification found for rule Partial_inv_axiom_for_JML_class_invariant_nr_11_in_UserAccount 
79449      DEBUG main            d.u.i.k.p.m.ProofCorrectnessMgt No justification found for rule Partial_inv_axiom_for_JML_class_invariant_nr_11_in_UserAccount 
79457      DEBUG main            d.u.i.k.p.m.ProofCorrectnessMgt No justification found for rule Partial_inv_axiom_for_JML_class_invariant_nr_15_in_UserAccount 
79464      DEBUG main            d.u.i.k.p.m.ProofCorrectnessMgt No justification found for rule Partial_inv_axiom_for_JML_class_invariant_nr_11_in_UserAccount_EQ 
79510      DEBUG main            d.u.i.k.p.m.ProofCorrectnessMgt No justification found for rule Partial_inv_axiom_for_JML_class_invariant_nr_13_in_UserAccount_EQ 
80052      DEBUG main            d.u.i.k.p.m.ProofCorrectnessMgt No justification found for rule Partial_inv_axiom_for_JML_class_invariant_nr_15_in_UserAccount 
80075      DEBUG main            d.u.i.k.p.m.ProofCorrectnessMgt No justification found for rule Partial_inv_axiom_for_JML_class_invariant_nr_11_in_UserAccount 
80596      DEBUG main            d.u.i.k.p.m.ProofCorrectnessMgt No justification found for rule Partial_inv_axiom_for_JML_class_invariant_nr_13_in_UserAccount 
220085     INFO  main            d.u.i.k.p.r.p.TestFile    ... finished proof: open goal(s) 
220413     INFO  main            d.u.i.k.p.r.p.TestFile    Now processing file /home/runner/work/key/key/key.core/../key.ui/examples/InformationFlow/ToyBanking/banking_example2.UserAccount(banking_example2.UserAccount__getBankAccount(int)).Non-interference contract.0.m.key 
220414     INFO  main            d.u.i.k.p.i.AbstractProblemLoader Loading environment from /home/runner/work/key/key/key.core/../key.ui/examples/InformationFlow/ToyBanking/banking_example2.UserAccount(banking_example2.UserAccount__getBankAccount(int)).Non-interference contract.0.m.key 
220414     DEBUG main            d.u.i.k.p.i.AbstractProblemLoader Environment load took 72.7ns 
220416     INFO  main            d.u.i.k.p.i.AbstractProblemLoader Creating init config 
223028     DEBUG main            d.u.i.k.p.i.AbstractProblemLoader Init config took 2.61s 
223094     INFO  main            d.u.i.k.p.i.AbstractProblemLoader Replaying proof banking_example2.UserAccount[banking_example2.UserAccount::getBankAccount(int)].Non-interference contract.0 
223097     DEBUG main            d.u.i.k.p.i.IntermediateProofReplayer Proof replay took 13.5ns 
223097     DEBUG main            d.u.i.k.m.s.ProofScriptEngine [1] goal: 0, source line: 51, command: 'macro 'infflow-autopilot'' 
223133     DEBUG main            d.u.i.k.p.m.ProofCorrectnessMgt No justification found for rule Class_invariant_axiom_for_banking_example2_UserAccount 
224965     INFO  main            d.u.i.k.p.r.p.TestFile    ... finished proof: closed. 
225346     INFO  main            d.u.i.k.p.r.p.TestFile    Now processing file /home/runner/work/key/key/key.core/../key.ui/examples/InformationFlow/ToyBanking/banking_example2.UserAccount(banking_example2.UserAccount__tryLogin(int,(C)).Non-interference contract.0.m.key 
225346     INFO  main            d.u.i.k.p.i.AbstractProblemLoader Loading environment from /home/runner/work/key/key/key.core/../key.ui/examples/InformationFlow/ToyBanking/banking_example2.UserAccount(banking_example2.UserAccount__tryLogin(int,(C)).Non-interference contract.0.m.key 
225347     DEBUG main            d.u.i.k.p.i.AbstractProblemLoader Environment load took 119.5ns 
225348     INFO  main            d.u.i.k.p.i.AbstractProblemLoader Creating init config 
227938     DEBUG main            d.u.i.k.p.i.AbstractProblemLoader Init config took 2.59s 
227991     INFO  main            d.u.i.k.p.i.AbstractProblemLoader Replaying proof banking_example2.UserAccount[banking_example2.UserAccount::tryLogin(int,[C)].Non-interference contract.0 
227993     DEBUG main            d.u.i.k.p.i.IntermediateProofReplayer Proof replay took 12.4ns 
227994     DEBUG main            d.u.i.k.m.s.ProofScriptEngine [1] goal: 0, source line: 51, command: 'macro 'infflow-autopilot'' 
228028     DEBUG main            d.u.i.k.p.m.ProofCorrectnessMgt No justification found for rule Class_invariant_axiom_for_banking_example2_UserAccount 
239716     INFO  main            d.u.i.k.p.r.p.TestFile    ... finished proof: closed. 
239975     INFO  main            d.u.i.k.p.r.p.TestFile    Now processing file /home/runner/work/key/key/key.core/../key.ui/examples/InformationFlow/ToyBanking/banking_example2.BankAccount(banking_example2.BankAccount__depositMoney(int)).Non-interference contract.0.m.key 
239975     INFO  main            d.u.i.k.p.i.AbstractProblemLoader Loading environment from /home/runner/work/key/key/key.core/../key.ui/examples/InformationFlow/ToyBanking/banking_example2.BankAccount(banking_example2.BankAccount__depositMoney(int)).Non-interference contract.0.m.key 
239975     DEBUG main            d.u.i.k.p.i.AbstractProblemLoader Environment load took 76.2ns 
239976     INFO  main            d.u.i.k.p.i.AbstractProblemLoader Creating init config 
242566     DEBUG main            d.u.i.k.p.i.AbstractProblemLoader Init config took 2.59s 
242610     INFO  main            d.u.i.k.p.i.AbstractProblemLoader Replaying proof banking_example2.BankAccount[banking_example2.BankAccount::depositMoney(int)].Non-interference contract.0 
242612     DEBUG main            d.u.i.k.p.i.IntermediateProofReplayer Proof replay took 12.7ns 
242613     DEBUG main            d.u.i.k.m.s.ProofScriptEngine [1] goal: 0, source line: 51, command: 'macro 'infflow-autopilot'' 
242642     DEBUG main            d.u.i.k.p.m.ProofCorrectnessMgt No justification found for rule Class_invariant_axiom_for_banking_example2_BankAccount 
243109     INFO  main            d.u.i.k.p.r.p.TestFile    ... finished proof: closed. 
243308     INFO  main            d.u.i.k.p.r.p.TestFile    Now processing file /home/runner/work/key/key/key.core/../key.ui/examples/InformationFlow/ToyBanking/banking_example2.BankAccount(banking_example2.BankAccount__getBalance()).Non-interference contract.0.m.key 
243309     INFO  main            d.u.i.k.p.i.AbstractProblemLoader Loading environment from /home/runner/work/key/key/key.core/../key.ui/examples/InformationFlow/ToyBanking/banking_example2.BankAccount(banking_example2.BankAccount__getBalance()).Non-interference contract.0.m.key 
243309     DEBUG main            d.u.i.k.p.i.AbstractProblemLoader Environment load took 115.4ns 
243310     INFO  main            d.u.i.k.p.i.AbstractProblemLoader Creating init config 
245876     DEBUG main            d.u.i.k.p.i.AbstractProblemLoader Init config took 2.57s 
245928     INFO  main            d.u.i.k.p.i.AbstractProblemLoader Replaying proof banking_example2.BankAccount[banking_example2.BankAccount::getBalance()].Non-interference contract.0 
245930     DEBUG main            d.u.i.k.p.i.IntermediateProofReplayer Proof replay took 13.6ns 
245931     DEBUG main            d.u.i.k.m.s.ProofScriptEngine [1] goal: 0, source line: 51, command: 'macro 'infflow-autopilot'' 
245959     DEBUG main            d.u.i.k.p.m.ProofCorrectnessMgt No justification found for rule Class_invariant_axiom_for_banking_example2_BankAccount 
246056     INFO  main            d.u.i.k.p.r.p.TestFile    ... finished proof: closed. 
246212     INFO  main            d.u.i.k.p.r.p.TestFile    Now processing file /home/runner/work/key/key/key.core/../key.ui/examples/InformationFlow/ToyBanking/banking_example2.BankAccount(banking_example2.BankAccount__getId()).Non-interference contract.0.m.key 
246212     INFO  main            d.u.i.k.p.i.AbstractProblemLoader Loading environment from /home/runner/work/key/key/key.core/../key.ui/examples/InformationFlow/ToyBanking/banking_example2.BankAccount(banking_example2.BankAccount__getId()).Non-interference contract.0.m.key 
246212     DEBUG main            d.u.i.k.p.i.AbstractProblemLoader Environment load took 62.6ns 
246213     INFO  main            d.u.i.k.p.i.AbstractProblemLoader Creating init config 
248843     DEBUG main            d.u.i.k.p.i.AbstractProblemLoader Init config took 2.63s 
248885     INFO  main            d.u.i.k.p.i.AbstractProblemLoader Replaying proof banking_example2.BankAccount[banking_example2.BankAccount::getId()].Non-interference contract.0 
248887     DEBUG main            d.u.i.k.p.i.IntermediateProofReplayer Proof replay took 13ns 
248888     DEBUG main            d.u.i.k.m.s.ProofScriptEngine [1] goal: 0, source line: 51, command: 'macro 'infflow-autopilot'' 
248915     DEBUG main            d.u.i.k.p.m.ProofCorrectnessMgt No justification found for rule Class_invariant_axiom_for_banking_example2_BankAccount 
249012     INFO  main            d.u.i.k.p.r.p.TestFile    ... finished proof: closed. 
1693235    INFO  Test worker     d.u.i.k.p.r.RunAllProofsTestUnit Returning from test ToyBanking_fullmacro 
1693237    INFO  Test worker     d.u.i.k.p.r.RunAllProofsTestUnit Running test BlockContracts_fullmacro 
353        INFO  Timeout watchdog d.u.i.k.p.r.p.ForkedTestFileRunner Timeout watcher launched (1000 secs.) 
369        WARN  main            d.u.i.k.s.ProofSettings   The settings in /home/runner/.key/proof-settings.props are *not* read. 
409        INFO  main            d.u.i.k.p.r.p.TestFile    Now processing file /home/runner/work/key/key/key.core/../key.ui/examples/InformationFlow/BlockContracts/contract.IFBlockExamples(contract.IFBlockExamples__secure_5()).Non-interference contract.0.m.key 
519        INFO  main            d.u.i.k.p.i.AbstractProblemLoader Loading environment from /home/runner/work/key/key/key.core/../key.ui/examples/InformationFlow/BlockContracts/contract.IFBlockExamples(contract.IFBlockExamples__secure_5()).Non-interference contract.0.m.key 
541        DEBUG main            d.u.i.k.p.i.AbstractProblemLoader Environment load took 2.03ms 
747        INFO  main            d.u.i.k.p.i.AbstractProblemLoader Creating init config 
1591       DEBUG main            d.u.i.k.j.TypeConverter   No LDT found for Meta 
1594       DEBUG main            d.u.i.k.j.TypeConverter   No LDT found for Meta 
1595       DEBUG main            d.u.i.k.j.TypeConverter   No LDT found for Meta 
1595       DEBUG main            d.u.i.k.j.TypeConverter   No LDT found for Meta 
2831       DEBUG main            d.u.i.k.j.TypeConverter   No LDT found for JavaBigintExpression 
7864       DEBUG main            d.u.i.k.p.i.AbstractProblemLoader Init config took 7.12s 
7997       INFO  main            d.u.i.k.p.i.AbstractProblemLoader Replaying proof contract.IFBlockExamples[contract.IFBlockExamples::secure_5()].Non-interference contract.0 
8064       DEBUG main            d.u.i.k.p.i.IntermediateProofReplayer Proof replay took 346.4ns 
8107       DEBUG main            d.u.i.k.m.s.ProofScriptEngine [1] goal: 0, source line: 51, command: 'macro 'infflow-autopilot'' 
8412       DEBUG main            d.u.i.k.p.m.ProofCorrectnessMgt No justification found for rule Class_invariant_axiom_for_contract_IFBlockExamples 
9487       INFO  main            d.u.i.k.p.r.p.TestFile    ... finished proof: closed. 
9602       INFO  main            d.u.i.k.p.r.p.TestFile    Now processing file /home/runner/work/key/key/key.core/../key.ui/examples/InformationFlow/BlockContracts/contract.IFBlockExamples(contract.IFBlockExamples__block_no_return_secure(int)).Non-interference contract.0.m.key 
9602       INFO  main            d.u.i.k.p.i.AbstractProblemLoader Loading environment from /home/runner/work/key/key/key.core/../key.ui/examples/InformationFlow/BlockContracts/contract.IFBlockExamples(contract.IFBlockExamples__block_no_return_secure(int)).Non-interference contract.0.m.key 
9603       DEBUG main            d.u.i.k.p.i.AbstractProblemLoader Environment load took 116.6ns 
9607       INFO  main            d.u.i.k.p.i.AbstractProblemLoader Creating init config 
12682      DEBUG main            d.u.i.k.p.i.AbstractProblemLoader Init config took 3.08s 
12739      INFO  main            d.u.i.k.p.i.AbstractProblemLoader Replaying proof contract.IFBlockExamples[contract.IFBlockExamples::block_no_return_secure(int)].Non-interference contract.0 
12743      DEBUG main            d.u.i.k.p.i.IntermediateProofReplayer Proof replay took 11.8ns 
12744      DEBUG main            d.u.i.k.m.s.ProofScriptEngine [1] goal: 0, source line: 51, command: 'macro 'infflow-autopilot'' 
12797      DEBUG main            d.u.i.k.p.m.ProofCorrectnessMgt No justification found for rule Class_invariant_axiom_for_contract_IFBlockExamples 
13295      INFO  main            d.u.i.k.p.r.p.TestFile    ... finished proof: closed. 
13422      INFO  main            d.u.i.k.p.r.p.TestFile    Now processing file /home/runner/work/key/key/key.core/../key.ui/examples/InformationFlow/BlockContracts/contract.IFBlockExamples(contract.IFBlockExamples__while_block_insecure(int)).Non-interference contract.0.m.key 
13422      INFO  main            d.u.i.k.p.i.AbstractProblemLoader Loading environment from /home/runner/work/key/key/key.core/../key.ui/examples/InformationFlow/BlockContracts/contract.IFBlockExamples(contract.IFBlockExamples__while_block_insecure(int)).Non-interference contract.0.m.key 
13422      DEBUG main            d.u.i.k.p.i.AbstractProblemLoader Environment load took 79.4ns 
13423      INFO  main            d.u.i.k.p.i.AbstractProblemLoader Creating init config 
16234      DEBUG main            d.u.i.k.p.i.AbstractProblemLoader Init config took 2.81s 
16286      INFO  main            d.u.i.k.p.i.AbstractProblemLoader Replaying proof contract.IFBlockExamples[contract.IFBlockExamples::while_block_insecure(int)].Non-interference contract.0 
16289      DEBUG main            d.u.i.k.p.i.IntermediateProofReplayer Proof replay took 11ns 
16290      DEBUG main            d.u.i.k.m.s.ProofScriptEngine [1] goal: 0, source line: 51, command: 'macro 'infflow-autopilot'' 
16339      DEBUG main            d.u.i.k.p.m.ProofCorrectnessMgt No justification found for rule Class_invariant_axiom_for_contract_IFBlockExamples 
17615      INFO  main            d.u.i.k.p.r.p.TestFile    ... finished proof: open goal(s) 
17762      INFO  main            d.u.i.k.p.r.p.TestFile    Now processing file /home/runner/work/key/key/key.core/../key.ui/examples/InformationFlow/BlockContracts/contract.IFBlockExamples(contract.IFBlockExamples__while_block_secure(int)).Non-interference contract.0.m.key 
17762      INFO  main            d.u.i.k.p.i.AbstractProblemLoader Loading environment from /home/runner/work/key/key/key.core/../key.ui/examples/InformationFlow/BlockContracts/contract.IFBlockExamples(contract.IFBlockExamples__while_block_secure(int)).Non-interference contract.0.m.key 
17762      DEBUG main            d.u.i.k.p.i.AbstractProblemLoader Environment load took 70.4ns 
17763      INFO  main            d.u.i.k.p.i.AbstractProblemLoader Creating init config 
20472      DEBUG main            d.u.i.k.p.i.AbstractProblemLoader Init config took 2.71s 
20523      INFO  main            d.u.i.k.p.i.AbstractProblemLoader Replaying proof contract.IFBlockExamples[contract.IFBlockExamples::while_block_secure(int)].Non-interference contract.0 
20526      DEBUG main            d.u.i.k.p.i.IntermediateProofReplayer Proof replay took 11.8ns 
20527      DEBUG main            d.u.i.k.m.s.ProofScriptEngine [1] goal: 0, source line: 51, command: 'macro 'infflow-autopilot'' 
20575      DEBUG main            d.u.i.k.p.m.ProofCorrectnessMgt No justification found for rule Class_invariant_axiom_for_contract_IFBlockExamples 
21654      INFO  main            d.u.i.k.p.r.p.TestFile    ... finished proof: closed. 
21832      INFO  main            d.u.i.k.p.r.p.TestFile    Now processing file /home/runner/work/key/key/key.core/../key.ui/examples/InformationFlow/BlockContracts/contract.IFBlockExamples(contract.IFBlockExamples__block_while_secure(int)).Non-interference contract.0.m.key 
21833      INFO  main            d.u.i.k.p.i.AbstractProblemLoader Loading environment from /home/runner/work/key/key/key.core/../key.ui/examples/InformationFlow/BlockContracts/contract.IFBlockExamples(contract.IFBlockExamples__block_while_secure(int)).Non-interference contract.0.m.key 
21833      DEBUG main            d.u.i.k.p.i.AbstractProblemLoader Environment load took 119.3ns 
21834      INFO  main            d.u.i.k.p.i.AbstractProblemLoader Creating init config 
24569      DEBUG main            d.u.i.k.p.i.AbstractProblemLoader Init config took 2.73s 
24616      INFO  main            d.u.i.k.p.i.AbstractProblemLoader Replaying proof contract.IFBlockExamples[contract.IFBlockExamples::block_while_secure(int)].Non-interference contract.0 
24618      DEBUG main            d.u.i.k.p.i.IntermediateProofReplayer Proof replay took 12.8ns 
24619      DEBUG main            d.u.i.k.m.s.ProofScriptEngine [1] goal: 0, source line: 51, command: 'macro 'infflow-autopilot'' 
24658      DEBUG main            d.u.i.k.p.m.ProofCorrectnessMgt No justification found for rule Class_invariant_axiom_for_contract_IFBlockExamples 
25736      INFO  main            d.u.i.k.p.r.p.TestFile    ... finished proof: closed. 
25917      INFO  main            d.u.i.k.p.r.p.TestFile    Now processing file /home/runner/work/key/key/key.core/../key.ui/examples/InformationFlow/BlockContracts/contract.IFBlockExamples(contract.IFBlockExamples__insecure_4(int)).Non-interference contract.0.m.key 
25917      INFO  main            d.u.i.k.p.i.AbstractProblemLoader Loading environment from /home/runner/work/key/key/key.core/../key.ui/examples/InformationFlow/BlockContracts/contract.IFBlockExamples(contract.IFBlockExamples__insecure_4(int)).Non-interference contract.0.m.key 
25917      DEBUG main            d.u.i.k.p.i.AbstractProblemLoader Environment load took 61.3ns 
25919      INFO  main            d.u.i.k.p.i.AbstractProblemLoader Creating init config 
28595      DEBUG main            d.u.i.k.p.i.AbstractProblemLoader Init config took 2.68s 
28640      INFO  main            d.u.i.k.p.i.AbstractProblemLoader Replaying proof contract.IFBlockExamples[contract.IFBlockExamples::insecure_4(int)].Non-interference contract.0 
28642      DEBUG main            d.u.i.k.p.i.IntermediateProofReplayer Proof replay took 11.4ns 
28643      DEBUG main            d.u.i.k.m.s.ProofScriptEngine [1] goal: 0, source line: 51, command: 'macro 'infflow-autopilot'' 
28693      DEBUG main            d.u.i.k.p.m.ProofCorrectnessMgt No justification found for rule Class_invariant_axiom_for_contract_IFBlockExamples 
30037      INFO  main            d.u.i.k.p.r.p.TestFile    ... finished proof: open goal(s) 
30289      INFO  main            d.u.i.k.p.r.p.TestFile    Now processing file /home/runner/work/key/key/key.core/../key.ui/examples/InformationFlow/BlockContracts/contract.IFBlockExamples(contract.IFBlockExamples__insecure_3(int)).Non-interference contract.0.m.key 
30289      INFO  main            d.u.i.k.p.i.AbstractProblemLoader Loading environment from /home/runner/work/key/key/key.core/../key.ui/examples/InformationFlow/BlockContracts/contract.IFBlockExamples(contract.IFBlockExamples__insecure_3(int)).Non-interference contract.0.m.key 
30289      DEBUG main            d.u.i.k.p.i.AbstractProblemLoader Environment load took 67ns 
30290      INFO  main            d.u.i.k.p.i.AbstractProblemLoader Creating init config 
32939      DEBUG main            d.u.i.k.p.i.AbstractProblemLoader Init config took 2.65s 
32988      INFO  main            d.u.i.k.p.i.AbstractProblemLoader Replaying proof contract.IFBlockExamples[contract.IFBlockExamples::insecure_3(int)].Non-interference contract.0 
32992      DEBUG main            d.u.i.k.p.i.IntermediateProofReplayer Proof replay took 14.7ns 
32993      DEBUG main            d.u.i.k.m.s.ProofScriptEngine [1] goal: 0, source line: 51, command: 'macro 'infflow-autopilot'' 
33032      DEBUG main            d.u.i.k.p.m.ProofCorrectnessMgt No justification found for rule Class_invariant_axiom_for_contract_IFBlockExamples 
39580      INFO  main            d.u.i.k.p.r.p.TestFile    ... finished proof: open goal(s) 
39847      INFO  main            d.u.i.k.p.r.p.TestFile    Now processing file /home/runner/work/key/key/key.core/../key.ui/examples/InformationFlow/BlockContracts/contract.IFBlockExamples(contract.IFBlockExamples__secure_3(int)).Non-interference contract.0.m.key 
39848      INFO  main            d.u.i.k.p.i.AbstractProblemLoader Loading environment from /home/runner/work/key/key/key.core/../key.ui/examples/InformationFlow/BlockContracts/contract.IFBlockExamples(contract.IFBlockExamples__secure_3(int)).Non-interference contract.0.m.key 
39848      DEBUG main            d.u.i.k.p.i.AbstractProblemLoader Environment load took 102.2ns 
39849      INFO  main            d.u.i.k.p.i.AbstractProblemLoader Creating init config 
42448      DEBUG main            d.u.i.k.p.i.AbstractProblemLoader Init config took 2.6s 
42506      INFO  main            d.u.i.k.p.i.AbstractProblemLoader Replaying proof contract.IFBlockExamples[contract.IFBlockExamples::secure_3(int)].Non-interference contract.0 
42511      DEBUG main            d.u.i.k.p.i.IntermediateProofReplayer Proof replay took 15.4ns 
42512      DEBUG main            d.u.i.k.m.s.ProofScriptEngine [1] goal: 0, source line: 51, command: 'macro 'infflow-autopilot'' 
42548      DEBUG main            d.u.i.k.p.m.ProofCorrectnessMgt No justification found for rule Class_invariant_axiom_for_contract_IFBlockExamples 
43593      INFO  main            d.u.i.k.p.r.p.TestFile    ... finished proof: closed. 
43866      INFO  main            d.u.i.k.p.r.p.TestFile    Now processing file /home/runner/work/key/key/key.core/../key.ui/examples/InformationFlow/BlockContracts/contract.IFBlockExamples(contract.IFBlockExamples__secure_2(int)).Non-interference contract.0.m.key 
43866      INFO  main            d.u.i.k.p.i.AbstractProblemLoader Loading environment from /home/runner/work/key/key/key.core/../key.ui/examples/InformationFlow/BlockContracts/contract.IFBlockExamples(contract.IFBlockExamples__secure_2(int)).Non-interference contract.0.m.key 
43866      DEBUG main            d.u.i.k.p.i.AbstractProblemLoader Environment load took 57.4ns 
43867      INFO  main            d.u.i.k.p.i.AbstractProblemLoader Creating init config 
46454      DEBUG main            d.u.i.k.p.i.AbstractProblemLoader Init config took 2.59s 
46493      INFO  main            d.u.i.k.p.i.AbstractProblemLoader Replaying proof contract.IFBlockExamples[contract.IFBlockExamples::secure_2(int)].Non-interference contract.0 
46495      DEBUG main            d.u.i.k.p.i.IntermediateProofReplayer Proof replay took 12.8ns 
46496      DEBUG main            d.u.i.k.m.s.ProofScriptEngine [1] goal: 0, source line: 51, command: 'macro 'infflow-autopilot'' 
46528      DEBUG main            d.u.i.k.p.m.ProofCorrectnessMgt No justification found for rule Class_invariant_axiom_for_contract_IFBlockExamples 
47790      INFO  main            d.u.i.k.p.r.p.TestFile    ... finished proof: closed. 
48049      INFO  main            d.u.i.k.p.r.p.TestFile    Now processing file /home/runner/work/key/key/key.core/../key.ui/examples/InformationFlow/BlockContracts/contract.IFBlockExamples(contract.IFBlockExamples__secure_8(int)).Non-interference contract.0.m.key 
48049      INFO  main            d.u.i.k.p.i.AbstractProblemLoader Loading environment from /home/runner/work/key/key/key.core/../key.ui/examples/InformationFlow/BlockContracts/contract.IFBlockExamples(contract.IFBlockExamples__secure_8(int)).Non-interference contract.0.m.key 
48049      DEBUG main            d.u.i.k.p.i.AbstractProblemLoader Environment load took 67.6ns 
48050      INFO  main            d.u.i.k.p.i.AbstractProblemLoader Creating init config 
50646      DEBUG main            d.u.i.k.p.i.AbstractProblemLoader Init config took 2.6s 
50684      INFO  main            d.u.i.k.p.i.AbstractProblemLoader Replaying proof contract.IFBlockExamples[contract.IFBlockExamples::secure_8(int)].Non-interference contract.0 
50686      DEBUG main            d.u.i.k.p.i.IntermediateProofReplayer Proof replay took 13.1ns 
50686      DEBUG main            d.u.i.k.m.s.ProofScriptEngine [1] goal: 0, source line: 51, command: 'macro 'infflow-autopilot'' 
50717      DEBUG main            d.u.i.k.p.m.ProofCorrectnessMgt No justification found for rule Class_invariant_axiom_for_contract_IFBlockExamples 
51159      INFO  main            d.u.i.k.p.r.p.TestFile    ... finished proof: closed. 
51357      INFO  main            d.u.i.k.p.r.p.TestFile    Now processing file /home/runner/work/key/key/key.core/../key.ui/examples/InformationFlow/BlockContracts/contract.IFBlockExamples(contract.IFBlockExamples__secure_7(int)).Non-interference contract.0.m.key 
51357      INFO  main            d.u.i.k.p.i.AbstractProblemLoader Loading environment from /home/runner/work/key/key/key.core/../key.ui/examples/InformationFlow/BlockContracts/contract.IFBlockExamples(contract.IFBlockExamples__secure_7(int)).Non-interference contract.0.m.key 
51357      DEBUG main            d.u.i.k.p.i.AbstractProblemLoader Environment load took 59.8ns 
51359      INFO  main            d.u.i.k.p.i.AbstractProblemLoader Creating init config 
53955      DEBUG main            d.u.i.k.p.i.AbstractProblemLoader Init config took 2.6s 
53993      INFO  main            d.u.i.k.p.i.AbstractProblemLoader Replaying proof contract.IFBlockExamples[contract.IFBlockExamples::secure_7(int)].Non-interference contract.0 
53995      DEBUG main            d.u.i.k.p.i.IntermediateProofReplayer Proof replay took 13.5ns 
53996      DEBUG main            d.u.i.k.m.s.ProofScriptEngine [1] goal: 0, source line: 51, command: 'macro 'infflow-autopilot'' 
54028      DEBUG main            d.u.i.k.p.m.ProofCorrectnessMgt No justification found for rule Class_invariant_axiom_for_contract_IFBlockExamples 
54363      INFO  main            d.u.i.k.p.r.p.TestFile    ... finished proof: closed. 
54546      INFO  main            d.u.i.k.p.r.p.TestFile    Now processing file /home/runner/work/key/key/key.core/../key.ui/examples/InformationFlow/BlockContracts/contract.IFBlockExamples(contract.IFBlockExamples__secure_6(int)).Non-interference contract.0.m.key 
54547      INFO  main            d.u.i.k.p.i.AbstractProblemLoader Loading environment from /home/runner/work/key/key/key.core/../key.ui/examples/InformationFlow/BlockContracts/contract.IFBlockExamples(contract.IFBlockExamples__secure_6(int)).Non-interference contract.0.m.key 
54547      DEBUG main            d.u.i.k.p.i.AbstractProblemLoader Environment load took 58.4ns 
54548      INFO  main            d.u.i.k.p.i.AbstractProblemLoader Creating init config 
57143      DEBUG main            d.u.i.k.p.i.AbstractProblemLoader Init config took 2.6s 
57184      INFO  main            d.u.i.k.p.i.AbstractProblemLoader Replaying proof contract.IFBlockExamples[contract.IFBlockExamples::secure_6(int)].Non-interference contract.0 
57187      DEBUG main            d.u.i.k.p.i.IntermediateProofReplayer Proof replay took 14.2ns 
57188      DEBUG main            d.u.i.k.m.s.ProofScriptEngine [1] goal: 0, source line: 51, command: 'macro 'infflow-autopilot'' 
57218      DEBUG main            d.u.i.k.p.m.ProofCorrectnessMgt No justification found for rule Class_invariant_axiom_for_contract_IFBlockExamples 
57560      INFO  main            d.u.i.k.p.r.p.TestFile    ... finished proof: closed. 
57759      INFO  main            d.u.i.k.p.r.p.TestFile    Now processing file /home/runner/work/key/key/key.core/../key.ui/examples/InformationFlow/BlockContracts/contract.IFBlockExamples(contract.IFBlockExamples__insecure_1(int)).Non-interference contract.0.m.key 
57760      INFO  main            d.u.i.k.p.i.AbstractProblemLoader Loading environment from /home/runner/work/key/key/key.core/../key.ui/examples/InformationFlow/BlockContracts/contract.IFBlockExamples(contract.IFBlockExamples__insecure_1(int)).Non-interference contract.0.m.key 
57760      DEBUG main            d.u.i.k.p.i.AbstractProblemLoader Environment load took 121.1ns 
57761      INFO  main            d.u.i.k.p.i.AbstractProblemLoader Creating init config 
60375      DEBUG main            d.u.i.k.p.i.AbstractProblemLoader Init config took 2.61s 
60411      INFO  main            d.u.i.k.p.i.AbstractProblemLoader Replaying proof contract.IFBlockExamples[contract.IFBlockExamples::insecure_1(int)].Non-interference contract.0 
60414      DEBUG main            d.u.i.k.p.i.IntermediateProofReplayer Proof replay took 14.9ns 
60414      DEBUG main            d.u.i.k.m.s.ProofScriptEngine [1] goal: 0, source line: 51, command: 'macro 'infflow-autopilot'' 
60444      DEBUG main            d.u.i.k.p.m.ProofCorrectnessMgt No justification found for rule Class_invariant_axiom_for_contract_IFBlockExamples 
60951      INFO  main            d.u.i.k.p.r.p.TestFile    ... finished proof: open goal(s) 
61133      INFO  main            d.u.i.k.p.r.p.TestFile    Now processing file /home/runner/work/key/key/key.core/../key.ui/examples/InformationFlow/BlockContracts/contract.IFBlockExamples(contract.IFBlockExamples__secure_4(int)).Non-interference contract.0.m.key 
61133      INFO  main            d.u.i.k.p.i.AbstractProblemLoader Loading environment from /home/runner/work/key/key/key.core/../key.ui/examples/InformationFlow/BlockContracts/contract.IFBlockExamples(contract.IFBlockExamples__secure_4(int)).Non-interference contract.0.m.key 
61133      DEBUG main            d.u.i.k.p.i.AbstractProblemLoader Environment load took 58.9ns 
61134      INFO  main            d.u.i.k.p.i.AbstractProblemLoader Creating init config 
63707      DEBUG main            d.u.i.k.p.i.AbstractProblemLoader Init config took 2.57s 
63751      INFO  main            d.u.i.k.p.i.AbstractProblemLoader Replaying proof contract.IFBlockExamples[contract.IFBlockExamples::secure_4(int)].Non-interference contract.0 
63753      DEBUG main            d.u.i.k.p.i.IntermediateProofReplayer Proof replay took 13.4ns 
63754      DEBUG main            d.u.i.k.m.s.ProofScriptEngine [1] goal: 0, source line: 51, command: 'macro 'infflow-autopilot'' 
63784      DEBUG main            d.u.i.k.p.m.ProofCorrectnessMgt No justification found for rule Class_invariant_axiom_for_contract_IFBlockExamples 
64229      INFO  main            d.u.i.k.p.r.p.TestFile    ... finished proof: closed. 
64418      INFO  main            d.u.i.k.p.r.p.TestFile    Now processing file /home/runner/work/key/key/key.core/../key.ui/examples/InformationFlow/BlockContracts/contract.IFBlockExamples(contract.IFBlockExamples__secure_1(int)).Non-interference contract.0.m.key 
64419      INFO  main            d.u.i.k.p.i.AbstractProblemLoader Loading environment from /home/runner/work/key/key/key.core/../key.ui/examples/InformationFlow/BlockContracts/contract.IFBlockExamples(contract.IFBlockExamples__secure_1(int)).Non-interference contract.0.m.key 
64419      DEBUG main            d.u.i.k.p.i.AbstractProblemLoader Environment load took 64.7ns 
64420      INFO  main            d.u.i.k.p.i.AbstractProblemLoader Creating init config 
67021      DEBUG main            d.u.i.k.p.i.AbstractProblemLoader Init config took 2.6s 
67066      INFO  main            d.u.i.k.p.i.AbstractProblemLoader Replaying proof contract.IFBlockExamples[contract.IFBlockExamples::secure_1(int)].Non-interference contract.0 
67068      DEBUG main            d.u.i.k.p.i.IntermediateProofReplayer Proof replay took 15.3ns 
67069      DEBUG main            d.u.i.k.m.s.ProofScriptEngine [1] goal: 0, source line: 51, command: 'macro 'infflow-autopilot'' 
67101      DEBUG main            d.u.i.k.p.m.ProofCorrectnessMgt No justification found for rule Class_invariant_axiom_for_contract_IFBlockExamples 
67608      INFO  main            d.u.i.k.p.r.p.TestFile    ... finished proof: closed. 
67785      INFO  main            d.u.i.k.p.r.p.TestFile    Now processing file /home/runner/work/key/key/key.core/../key.ui/examples/InformationFlow/BlockContracts/contract.IFEfficiencyExamples(contract.IFEfficiencyExamples__mWithoutBlockContract()).Non-interference contract.0.m.key 
67785      INFO  main            d.u.i.k.p.i.AbstractProblemLoader Loading environment from /home/runner/work/key/key/key.core/../key.ui/examples/InformationFlow/BlockContracts/contract.IFEfficiencyExamples(contract.IFEfficiencyExamples__mWithoutBlockContract()).Non-interference contract.0.m.key 
67785      DEBUG main            d.u.i.k.p.i.AbstractProblemLoader Environment load took 64.6ns 
67787      INFO  main            d.u.i.k.p.i.AbstractProblemLoader Creating init config 
70338      DEBUG main            d.u.i.k.p.i.AbstractProblemLoader Init config took 2.55s 
70372      INFO  main            d.u.i.k.p.i.AbstractProblemLoader Replaying proof contract.IFEfficiencyExamples[contract.IFEfficiencyExamples::mWithoutBlockContract()].Non-interference contract.0 
70374      DEBUG main            d.u.i.k.p.i.IntermediateProofReplayer Proof replay took 12.8ns 
70375      DEBUG main            d.u.i.k.m.s.ProofScriptEngine [1] goal: 0, source line: 51, command: 'macro 'infflow-autopilot'' 
70402      DEBUG main            d.u.i.k.p.m.ProofCorrectnessMgt No justification found for rule Class_invariant_axiom_for_contract_IFEfficiencyExamples 
75150      INFO  main            d.u.i.k.p.r.p.TestFile    ... finished proof: closed. 
75381      INFO  main            d.u.i.k.p.r.p.TestFile    Now processing file /home/runner/work/key/key/key.core/../key.ui/examples/InformationFlow/BlockContracts/contract.IFEfficiencyExamples(contract.IFEfficiencyExamples__mWithBlockContract()).Non-interference contract.0.m.key 
75381      INFO  main            d.u.i.k.p.i.AbstractProblemLoader Loading environment from /home/runner/work/key/key/key.core/../key.ui/examples/InformationFlow/BlockContracts/contract.IFEfficiencyExamples(contract.IFEfficiencyExamples__mWithBlockContract()).Non-interference contract.0.m.key 
75381      DEBUG main            d.u.i.k.p.i.AbstractProblemLoader Environment load took 57.7ns 
75382      INFO  main            d.u.i.k.p.i.AbstractProblemLoader Creating init config 
77944      DEBUG main            d.u.i.k.p.i.AbstractProblemLoader Init config took 2.56s 
77978      INFO  main            d.u.i.k.p.i.AbstractProblemLoader Replaying proof contract.IFEfficiencyExamples[contract.IFEfficiencyExamples::mWithBlockContract()].Non-interference contract.0 
77980      DEBUG main            d.u.i.k.p.i.IntermediateProofReplayer Proof replay took 15.7ns 
77981      DEBUG main            d.u.i.k.m.s.ProofScriptEngine [1] goal: 0, source line: 51, command: 'macro 'infflow-autopilot'' 
78007      DEBUG main            d.u.i.k.p.m.ProofCorrectnessMgt No justification found for rule Class_invariant_axiom_for_contract_IFEfficiencyExamples 
79443      INFO  main            d.u.i.k.p.r.p.TestFile    ... finished proof: closed. 
1773057    INFO  Test worker     d.u.i.k.p.r.RunAllProofsTestUnit Returning from test BlockContracts_fullmacro 
1773058    INFO  Test worker     d.u.i.k.p.r.RunAllProofsTestUnit Running test MethodContracts_fullmacro 
322        INFO  Timeout watchdog d.u.i.k.p.r.p.ForkedTestFileRunner Timeout watcher launched (1000 secs.) 
333        WARN  main            d.u.i.k.s.ProofSettings   The settings in /home/runner/.key/proof-settings.props are *not* read. 
353        INFO  main            d.u.i.k.p.r.p.TestFile    Now processing file /home/runner/work/key/key/key.core/../key.ui/examples/InformationFlow/MethodContracts/contract.IFMethodContract(contract.IFMethodContract__secure_recursion_2((I,int)).Non-interference contract.0.m.key 
459        INFO  main            d.u.i.k.p.i.AbstractProblemLoader Loading environment from /home/runner/work/key/key/key.core/../key.ui/examples/InformationFlow/MethodContracts/contract.IFMethodContract(contract.IFMethodContract__secure_recursion_2((I,int)).Non-interference contract.0.m.key 
481        DEBUG main            d.u.i.k.p.i.AbstractProblemLoader Environment load took 2.19ms 
689        INFO  main            d.u.i.k.p.i.AbstractProblemLoader Creating init config 
1549       DEBUG main            d.u.i.k.j.TypeConverter   No LDT found for Meta 
1550       DEBUG main            d.u.i.k.j.TypeConverter   No LDT found for Meta 
1551       DEBUG main            d.u.i.k.j.TypeConverter   No LDT found for Meta 
1551       DEBUG main            d.u.i.k.j.TypeConverter   No LDT found for Meta 
2792       DEBUG main            d.u.i.k.j.TypeConverter   No LDT found for JavaBigintExpression 
7895       DEBUG main            d.u.i.k.p.i.AbstractProblemLoader Init config took 7.21s 
8094       INFO  main            d.u.i.k.p.i.AbstractProblemLoader Replaying proof contract.IFMethodContract[contract.IFMethodContract::secure_recursion_2([I,int)].Non-interference contract.0 
8156       DEBUG main            d.u.i.k.p.i.IntermediateProofReplayer Proof replay took 360.7ns 
8202       DEBUG main            d.u.i.k.m.s.ProofScriptEngine [1] goal: 0, source line: 51, command: 'macro 'infflow-autopilot'' 
8542       DEBUG main            d.u.i.k.p.m.ProofCorrectnessMgt No justification found for rule Class_invariant_axiom_for_contract_IFMethodContract 
8953       DEBUG main            d.u.i.k.p.m.ProofCorrectnessMgt No justification found for rule Class_invariant_axiom_for_contract_IFMethodContract 
8956       DEBUG main            d.u.i.k.p.m.ProofCorrectnessMgt No justification found for rule Class_invariant_axiom_for_contract_IFMethodContract 
9178       DEBUG main            d.u.i.k.p.m.ProofCorrectnessMgt No justification found for rule Class_invariant_axiom_for_contract_IFMethodContract 
12199      INFO  main            d.u.i.k.p.r.p.TestFile    ... finished proof: closed. 
12334      INFO  main            d.u.i.k.p.r.p.TestFile    Now processing file /home/runner/work/key/key/key.core/../key.ui/examples/InformationFlow/MethodContracts/contract.IFMethodContract(contract.IFMethodContract__secure_recursion(int)).Non-interference contract.0.m.key 
12335      INFO  main            d.u.i.k.p.i.AbstractProblemLoader Loading environment from /home/runner/work/key/key/key.core/../key.ui/examples/InformationFlow/MethodContracts/contract.IFMethodContract(contract.IFMethodContract__secure_recursion(int)).Non-interference contract.0.m.key 
12336      DEBUG main            d.u.i.k.p.i.AbstractProblemLoader Environment load took 1.44ms 
12339      INFO  main            d.u.i.k.p.i.AbstractProblemLoader Creating init config 
15245      DEBUG main            d.u.i.k.p.i.AbstractProblemLoader Init config took 2.91s 
15303      INFO  main            d.u.i.k.p.i.AbstractProblemLoader Replaying proof contract.IFMethodContract[contract.IFMethodContract::secure_recursion(int)].Non-interference contract.0 
15306      DEBUG main            d.u.i.k.p.i.IntermediateProofReplayer Proof replay took 11.4ns 
15307      DEBUG main            d.u.i.k.m.s.ProofScriptEngine [1] goal: 0, source line: 51, command: 'macro 'infflow-autopilot'' 
15359      DEBUG main            d.u.i.k.p.m.ProofCorrectnessMgt No justification found for rule Class_invariant_axiom_for_contract_IFMethodContract 
15410      DEBUG main            d.u.i.k.p.m.ProofCorrectnessMgt No justification found for rule Class_invariant_axiom_for_contract_IFMethodContract 
15411      DEBUG main            d.u.i.k.p.m.ProofCorrectnessMgt No justification found for rule Class_invariant_axiom_for_contract_IFMethodContract 
15478      DEBUG main            d.u.i.k.p.m.ProofCorrectnessMgt No justification found for rule Class_invariant_axiom_for_contract_IFMethodContract 
15878      INFO  main            d.u.i.k.p.r.p.TestFile    ... finished proof: closed. 
16029      INFO  main            d.u.i.k.p.r.p.TestFile    Now processing file /home/runner/work/key/key/key.core/../key.ui/examples/InformationFlow/MethodContracts/contract.IFMethodContract(contract.IFMethodContract__secure_catch_exception()).Non-interference contract.0.m.key 
16030      INFO  main            d.u.i.k.p.i.AbstractProblemLoader Loading environment from /home/runner/work/key/key/key.core/../key.ui/examples/InformationFlow/MethodContracts/contract.IFMethodContract(contract.IFMethodContract__secure_catch_exception()).Non-interference contract.0.m.key 
16030      DEBUG main            d.u.i.k.p.i.AbstractProblemLoader Environment load took 68.7ns 
16031      INFO  main            d.u.i.k.p.i.AbstractProblemLoader Creating init config 
18835      DEBUG main            d.u.i.k.p.i.AbstractProblemLoader Init config took 2.8s 
18887      INFO  main            d.u.i.k.p.i.AbstractProblemLoader Replaying proof contract.IFMethodContract[contract.IFMethodContract::secure_catch_exception()].Non-interference contract.0 
18890      DEBUG main            d.u.i.k.p.i.IntermediateProofReplayer Proof replay took 11.1ns 
18890      DEBUG main            d.u.i.k.m.s.ProofScriptEngine [1] goal: 0, source line: 51, command: 'macro 'infflow-autopilot'' 
18931      DEBUG main            d.u.i.k.p.m.ProofCorrectnessMgt No justification found for rule Class_invariant_axiom_for_contract_IFMethodContract 
19193      INFO  main            d.u.i.k.p.r.p.TestFile    ... finished proof: closed. 
19330      INFO  main            d.u.i.k.p.r.p.TestFile    Now processing file /home/runner/work/key/key/key.core/../key.ui/examples/InformationFlow/MethodContracts/contract.IFMethodContract(contract.IFMethodContract__n6()).Non-interference contract.0.m.key 
19332      INFO  main            d.u.i.k.p.i.AbstractProblemLoader Loading environment from /home/runner/work/key/key/key.core/../key.ui/examples/InformationFlow/MethodContracts/contract.IFMethodContract(contract.IFMethodContract__n6()).Non-interference contract.0.m.key 
19332      DEBUG main            d.u.i.k.p.i.AbstractProblemLoader Environment load took 112.8ns 
19333      INFO  main            d.u.i.k.p.i.AbstractProblemLoader Creating init config 
22122      DEBUG main            d.u.i.k.p.i.AbstractProblemLoader Init config took 2.79s 
22172      INFO  main            d.u.i.k.p.i.AbstractProblemLoader Replaying proof contract.IFMethodContract[contract.IFMethodContract::n6()].Non-interference contract.0 
22175      DEBUG main            d.u.i.k.p.i.IntermediateProofReplayer Proof replay took 11.3ns 
22176      DEBUG main            d.u.i.k.m.s.ProofScriptEngine [1] goal: 0, source line: 51, command: 'macro 'infflow-autopilot'' 
22218      DEBUG main            d.u.i.k.p.m.ProofCorrectnessMgt No justification found for rule Class_invariant_axiom_for_contract_IFMethodContract 
22315      INFO  main            d.u.i.k.p.r.p.TestFile    ... finished proof: closed. 
22451      INFO  main            d.u.i.k.p.r.p.TestFile    Now processing file /home/runner/work/key/key/key.core/../key.ui/examples/InformationFlow/MethodContracts/contract.IFMethodContract(contract.IFMethodContract__secure_n6()).Non-interference contract.0.m.key 
22451      INFO  main            d.u.i.k.p.i.AbstractProblemLoader Loading environment from /home/runner/work/key/key/key.core/../key.ui/examples/InformationFlow/MethodContracts/contract.IFMethodContract(contract.IFMethodContract__secure_n6()).Non-interference contract.0.m.key 
22451      DEBUG main            d.u.i.k.p.i.AbstractProblemLoader Environment load took 69.2ns 
22452      INFO  main            d.u.i.k.p.i.AbstractProblemLoader Creating init config 
25086      DEBUG main            d.u.i.k.p.i.AbstractProblemLoader Init config took 2.63s 
25135      INFO  main            d.u.i.k.p.i.AbstractProblemLoader Replaying proof contract.IFMethodContract[contract.IFMethodContract::secure_n6()].Non-interference contract.0 
25137      DEBUG main            d.u.i.k.p.i.IntermediateProofReplayer Proof replay took 24.4ns 
25138      DEBUG main            d.u.i.k.m.s.ProofScriptEngine [1] goal: 0, source line: 51, command: 'macro 'infflow-autopilot'' 
25176      DEBUG main            d.u.i.k.p.m.ProofCorrectnessMgt No justification found for rule Class_invariant_axiom_for_contract_IFMethodContract 
25194      DEBUG main            d.u.i.k.p.m.ProofCorrectnessMgt No justification found for rule Class_invariant_axiom_for_contract_IFMethodContract 
25195      DEBUG main            d.u.i.k.p.m.ProofCorrectnessMgt No justification found for rule Class_invariant_axiom_for_contract_IFMethodContract 
25208      DEBUG main            d.u.i.k.p.m.ProofCorrectnessMgt No justification found for rule Class_invariant_axiom_for_contract_IFMethodContract 
25338      INFO  main            d.u.i.k.p.r.p.TestFile    ... finished proof: closed. 
25478      INFO  main            d.u.i.k.p.r.p.TestFile    Now processing file /home/runner/work/key/key/key.core/../key.ui/examples/InformationFlow/MethodContracts/contract.IFMethodContract(contract.IFMethodContract__secure_array_param((I,int)).Non-interference contract.0.m.key 
25478      INFO  main            d.u.i.k.p.i.AbstractProblemLoader Loading environment from /home/runner/work/key/key/key.core/../key.ui/examples/InformationFlow/MethodContracts/contract.IFMethodContract(contract.IFMethodContract__secure_array_param((I,int)).Non-interference contract.0.m.key 
25478      DEBUG main            d.u.i.k.p.i.AbstractProblemLoader Environment load took 62.5ns 
25479      INFO  main            d.u.i.k.p.i.AbstractProblemLoader Creating init config 
28080      DEBUG main            d.u.i.k.p.i.AbstractProblemLoader Init config took 2.6s 
28129      INFO  main            d.u.i.k.p.i.AbstractProblemLoader Replaying proof contract.IFMethodContract[contract.IFMethodContract::secure_array_param([I,int)].Non-interference contract.0 
28132      DEBUG main            d.u.i.k.p.i.IntermediateProofReplayer Proof replay took 12.6ns 
28133      DEBUG main            d.u.i.k.m.s.ProofScriptEngine [1] goal: 0, source line: 51, command: 'macro 'infflow-autopilot'' 
28179      DEBUG main            d.u.i.k.p.m.ProofCorrectnessMgt No justification found for rule Class_invariant_axiom_for_contract_IFMethodContract 
28230      DEBUG main            d.u.i.k.p.m.ProofCorrectnessMgt No justification found for rule Class_invariant_axiom_for_contract_IFMethodContract 
28231      DEBUG main            d.u.i.k.p.m.ProofCorrectnessMgt No justification found for rule Class_invariant_axiom_for_contract_IFMethodContract 
28276      DEBUG main            d.u.i.k.p.m.ProofCorrectnessMgt No justification found for rule Class_invariant_axiom_for_contract_IFMethodContract 
29518      INFO  main            d.u.i.k.p.r.p.TestFile    ... finished proof: closed. 
29660      INFO  main            d.u.i.k.p.r.p.TestFile    Now processing file /home/runner/work/key/key/key.core/../key.ui/examples/InformationFlow/MethodContracts/contract.IFMethodContract(contract.IFMethodContract__secure_assignment_0_n9()).Non-interference contract.0.m.key 
29660      INFO  main            d.u.i.k.p.i.AbstractProblemLoader Loading environment from /home/runner/work/key/key/key.core/../key.ui/examples/InformationFlow/MethodContracts/contract.IFMethodContract(contract.IFMethodContract__secure_assignment_0_n9()).Non-interference contract.0.m.key 
29660      DEBUG main            d.u.i.k.p.i.AbstractProblemLoader Environment load took 60.3ns 
29661      INFO  main            d.u.i.k.p.i.AbstractProblemLoader Creating init config 
32256      DEBUG main            d.u.i.k.p.i.AbstractProblemLoader Init config took 2.59s 
32298      INFO  main            d.u.i.k.p.i.AbstractProblemLoader Replaying proof contract.IFMethodContract[contract.IFMethodContract::secure_assignment_0_n9()].Non-interference contract.0 
32300      DEBUG main            d.u.i.k.p.i.IntermediateProofReplayer Proof replay took 12.5ns 
32301      DEBUG main            d.u.i.k.m.s.ProofScriptEngine [1] goal: 0, source line: 51, command: 'macro 'infflow-autopilot'' 
32335      DEBUG main            d.u.i.k.p.m.ProofCorrectnessMgt No justification found for rule Class_invariant_axiom_for_contract_IFMethodContract 
32378      DEBUG main            d.u.i.k.p.m.ProofCorrectnessMgt No justification found for rule Class_invariant_axiom_for_contract_IFMethodContract 
32378      DEBUG main            d.u.i.k.p.m.ProofCorrectnessMgt No justification found for rule Class_invariant_axiom_for_contract_IFMethodContract 
32389      DEBUG main            d.u.i.k.p.m.ProofCorrectnessMgt No justification found for rule Class_invariant_axiom_for_contract_IFMethodContract 
32513      INFO  main            d.u.i.k.p.r.p.TestFile    ... finished proof: closed. 
32648      INFO  main            d.u.i.k.p.r.p.TestFile    Now processing file /home/runner/work/key/key/key.core/../key.ui/examples/InformationFlow/MethodContracts/contract.IFMethodContract(contract.IFMethodContract__insecure_if_high_n5_n1()).Non-interference contract.0.m.key 
32648      INFO  main            d.u.i.k.p.i.AbstractProblemLoader Loading environment from /home/runner/work/key/key/key.core/../key.ui/examples/InformationFlow/MethodContracts/contract.IFMethodContract(contract.IFMethodContract__insecure_if_high_n5_n1()).Non-interference contract.0.m.key 
32648      DEBUG main            d.u.i.k.p.i.AbstractProblemLoader Environment load took 62.5ns 
32649      INFO  main            d.u.i.k.p.i.AbstractProblemLoader Creating init config 
35273      DEBUG main            d.u.i.k.p.i.AbstractProblemLoader Init config took 2.62s 
35313      INFO  main            d.u.i.k.p.i.AbstractProblemLoader Replaying proof contract.IFMethodContract[contract.IFMethodContract::insecure_if_high_n5_n1()].Non-interference contract.0 
35316      DEBUG main            d.u.i.k.p.i.IntermediateProofReplayer Proof replay took 11.6ns 
35316      DEBUG main            d.u.i.k.m.s.ProofScriptEngine [1] goal: 0, source line: 51, command: 'macro 'infflow-autopilot'' 
35361      DEBUG main            d.u.i.k.p.m.ProofCorrectnessMgt No justification found for rule Class_invariant_axiom_for_contract_IFMethodContract 
35393      DEBUG main            d.u.i.k.p.m.ProofCorrectnessMgt No justification found for rule Class_invariant_axiom_for_contract_IFMethodContract 
35393      DEBUG main            d.u.i.k.p.m.ProofCorrectnessMgt No justification found for rule Class_invariant_axiom_for_contract_IFMethodContract 
35430      DEBUG main            d.u.i.k.p.m.ProofCorrectnessMgt No justification found for rule Class_invariant_axiom_for_contract_IFMethodContract 
35431      DEBUG main            d.u.i.k.p.m.ProofCorrectnessMgt No justification found for rule Class_invariant_axiom_for_contract_IFMethodContract 
35446      DEBUG main            d.u.i.k.p.m.ProofCorrectnessMgt No justification found for rule Class_invariant_axiom_for_contract_IFMethodContract 
35446      DEBUG main            d.u.i.k.p.m.ProofCorrectnessMgt No justification found for rule Class_invariant_axiom_for_contract_IFMethodContract 
35464      DEBUG main            d.u.i.k.p.m.ProofCorrectnessMgt No justification found for rule Class_invariant_axiom_for_contract_IFMethodContract 
35470      DEBUG main            d.u.i.k.p.m.ProofCorrectnessMgt No justification found for rule Class_invariant_axiom_for_contract_IFMethodContract 
35479      DEBUG main            d.u.i.k.p.m.ProofCorrectnessMgt No justification found for rule Class_invariant_axiom_for_contract_IFMethodContract 
36037      INFO  main            d.u.i.k.p.r.p.TestFile    ... finished proof: open goal(s) 
36190      INFO  main            d.u.i.k.p.r.p.TestFile    Now processing file /home/runner/work/key/key/key.core/../key.ui/examples/InformationFlow/MethodContracts/contract.IFMethodContract(contract.IFMethodContract__n5(int)).Non-interference contract.0.m.key 
36191      INFO  main            d.u.i.k.p.i.AbstractProblemLoader Loading environment from /home/runner/work/key/key/key.core/../key.ui/examples/InformationFlow/MethodContracts/contract.IFMethodContract(contract.IFMethodContract__n5(int)).Non-interference contract.0.m.key 
36191      DEBUG main            d.u.i.k.p.i.AbstractProblemLoader Environment load took 141.8ns 
36192      INFO  main            d.u.i.k.p.i.AbstractProblemLoader Creating init config 
38771      DEBUG main            d.u.i.k.p.i.AbstractProblemLoader Init config took 2.58s 
38810      INFO  main            d.u.i.k.p.i.AbstractProblemLoader Replaying proof contract.IFMethodContract[contract.IFMethodContract::n5(int)].Non-interference contract.0 
38812      DEBUG main            d.u.i.k.p.i.IntermediateProofReplayer Proof replay took 12.2ns 
38813      DEBUG main            d.u.i.k.m.s.ProofScriptEngine [1] goal: 0, source line: 51, command: 'macro 'infflow-autopilot'' 
38860      DEBUG main            d.u.i.k.p.m.ProofCorrectnessMgt No justification found for rule Class_invariant_axiom_for_contract_IFMethodContract 
38940      INFO  main            d.u.i.k.p.r.p.TestFile    ... finished proof: closed. 
39106      INFO  main            d.u.i.k.p.r.p.TestFile    Now processing file /home/runner/work/key/key/key.core/../key.ui/examples/InformationFlow/MethodContracts/contract.IFMethodContract(contract.IFMethodContract__secure_if_high_n5_n1()).Non-interference contract.0.m.key 
39106      INFO  main            d.u.i.k.p.i.AbstractProblemLoader Loading environment from /home/runner/work/key/key/key.core/../key.ui/examples/InformationFlow/MethodContracts/contract.IFMethodContract(contract.IFMethodContract__secure_if_high_n5_n1()).Non-interference contract.0.m.key 
39106      DEBUG main            d.u.i.k.p.i.AbstractProblemLoader Environment load took 67.2ns 
39107      INFO  main            d.u.i.k.p.i.AbstractProblemLoader Creating init config 
41692      DEBUG main            d.u.i.k.p.i.AbstractProblemLoader Init config took 2.59s 
41731      INFO  main            d.u.i.k.p.i.AbstractProblemLoader Replaying proof contract.IFMethodContract[contract.IFMethodContract::secure_if_high_n5_n1()].Non-interference contract.0 
41733      DEBUG main            d.u.i.k.p.i.IntermediateProofReplayer Proof replay took 13.6ns 
41734      DEBUG main            d.u.i.k.m.s.ProofScriptEngine [1] goal: 0, source line: 51, command: 'macro 'infflow-autopilot'' 
41775      DEBUG main            d.u.i.k.p.m.ProofCorrectnessMgt No justification found for rule Class_invariant_axiom_for_contract_IFMethodContract 
41860      DEBUG main            d.u.i.k.p.m.ProofCorrectnessMgt No justification found for rule Class_invariant_axiom_for_contract_IFMethodContract 
41861      DEBUG main            d.u.i.k.p.m.ProofCorrectnessMgt No justification found for rule Class_invariant_axiom_for_contract_IFMethodContract 
41882      DEBUG main            d.u.i.k.p.m.ProofCorrectnessMgt No justification found for rule Class_invariant_axiom_for_contract_IFMethodContract 
41883      DEBUG main            d.u.i.k.p.m.ProofCorrectnessMgt No justification found for rule Class_invariant_axiom_for_contract_IFMethodContract 
41919      DEBUG main            d.u.i.k.p.m.ProofCorrectnessMgt No justification found for rule Class_invariant_axiom_for_contract_IFMethodContract 
41919      DEBUG main            d.u.i.k.p.m.ProofCorrectnessMgt No justification found for rule Class_invariant_axiom_for_contract_IFMethodContract 
41934      DEBUG main            d.u.i.k.p.m.ProofCorrectnessMgt No justification found for rule Class_invariant_axiom_for_contract_IFMethodContract 
41935      DEBUG main            d.u.i.k.p.m.ProofCorrectnessMgt No justification found for rule Class_invariant_axiom_for_contract_IFMethodContract 
41953      DEBUG main            d.u.i.k.p.m.ProofCorrectnessMgt No justification found for rule Class_invariant_axiom_for_contract_IFMethodContract 
41958      DEBUG main            d.u.i.k.p.m.ProofCorrectnessMgt No justification found for rule Class_invariant_axiom_for_contract_IFMethodContract 
41974      DEBUG main            d.u.i.k.p.m.ProofCorrectnessMgt No justification found for rule Class_invariant_axiom_for_contract_IFMethodContract 
41978      DEBUG main            d.u.i.k.p.m.ProofCorrectnessMgt No justification found for rule Class_invariant_axiom_for_contract_IFMethodContract 
42518      INFO  main            d.u.i.k.p.r.p.TestFile    ... finished proof: closed. 
42766      INFO  main            d.u.i.k.p.r.p.TestFile    Now processing file /home/runner/work/key/key/key.core/../key.ui/examples/InformationFlow/MethodContracts/contract.IFMethodContract(contract.IFMethodContract__secure_if_high_n1()).Non-interference contract.0.m.key 
42767      INFO  main            d.u.i.k.p.i.AbstractProblemLoader Loading environment from /home/runner/work/key/key/key.core/../key.ui/examples/InformationFlow/MethodContracts/contract.IFMethodContract(contract.IFMethodContract__secure_if_high_n1()).Non-interference contract.0.m.key 
42767      DEBUG main            d.u.i.k.p.i.AbstractProblemLoader Environment load took 100.2ns 
42768      INFO  main            d.u.i.k.p.i.AbstractProblemLoader Creating init config 
45323      DEBUG main            d.u.i.k.p.i.AbstractProblemLoader Init config took 2.56s 
45365      INFO  main            d.u.i.k.p.i.AbstractProblemLoader Replaying proof contract.IFMethodContract[contract.IFMethodContract::secure_if_high_n1()].Non-interference contract.0 
45367      DEBUG main            d.u.i.k.p.i.IntermediateProofReplayer Proof replay took 12.8ns 
45368      DEBUG main            d.u.i.k.m.s.ProofScriptEngine [1] goal: 0, source line: 51, command: 'macro 'infflow-autopilot'' 
45398      DEBUG main            d.u.i.k.p.m.ProofCorrectnessMgt No justification found for rule Class_invariant_axiom_for_contract_IFMethodContract 
45451      DEBUG main            d.u.i.k.p.m.ProofCorrectnessMgt No justification found for rule Class_invariant_axiom_for_contract_IFMethodContract 
45452      DEBUG main            d.u.i.k.p.m.ProofCorrectnessMgt No justification found for rule Class_invariant_axiom_for_contract_IFMethodContract 
45490      DEBUG main            d.u.i.k.p.m.ProofCorrectnessMgt No justification found for rule Class_invariant_axiom_for_contract_IFMethodContract 
45490      DEBUG main            d.u.i.k.p.m.ProofCorrectnessMgt No justification found for rule Class_invariant_axiom_for_contract_IFMethodContract 
45505      DEBUG main            d.u.i.k.p.m.ProofCorrectnessMgt No justification found for rule Class_invariant_axiom_for_contract_IFMethodContract 
45516      DEBUG main            d.u.i.k.p.m.ProofCorrectnessMgt No justification found for rule Class_invariant_axiom_for_contract_IFMethodContract 
45808      INFO  main            d.u.i.k.p.r.p.TestFile    ... finished proof: closed. 
45988      INFO  main            d.u.i.k.p.r.p.TestFile    Now processing file /home/runner/work/key/key/key.core/../key.ui/examples/InformationFlow/MethodContracts/contract.IFMethodContract(contract.IFMethodContract__secure_n5()).Non-interference contract.0.m.key 
45988      INFO  main            d.u.i.k.p.i.AbstractProblemLoader Loading environment from /home/runner/work/key/key/key.core/../key.ui/examples/InformationFlow/MethodContracts/contract.IFMethodContract(contract.IFMethodContract__secure_n5()).Non-interference contract.0.m.key 
45988      DEBUG main            d.u.i.k.p.i.AbstractProblemLoader Environment load took 64.1ns 
45989      INFO  main            d.u.i.k.p.i.AbstractProblemLoader Creating init config 
48540      DEBUG main            d.u.i.k.p.i.AbstractProblemLoader Init config took 2.55s 
48577      INFO  main            d.u.i.k.p.i.AbstractProblemLoader Replaying proof contract.IFMethodContract[contract.IFMethodContract::secure_n5()].Non-interference contract.0 
48579      DEBUG main            d.u.i.k.p.i.IntermediateProofReplayer Proof replay took 15.2ns 
48579      DEBUG main            d.u.i.k.m.s.ProofScriptEngine [1] goal: 0, source line: 51, command: 'macro 'infflow-autopilot'' 
48608      DEBUG main            d.u.i.k.p.m.ProofCorrectnessMgt No justification found for rule Class_invariant_axiom_for_contract_IFMethodContract 
48637      DEBUG main            d.u.i.k.p.m.ProofCorrectnessMgt No justification found for rule Class_invariant_axiom_for_contract_IFMethodContract 
48637      DEBUG main            d.u.i.k.p.m.ProofCorrectnessMgt No justification found for rule Class_invariant_axiom_for_contract_IFMethodContract 
48647      DEBUG main            d.u.i.k.p.m.ProofCorrectnessMgt No justification found for rule Class_invariant_axiom_for_contract_IFMethodContract 
48772      INFO  main            d.u.i.k.p.r.p.TestFile    ... finished proof: closed. 
48938      INFO  main            d.u.i.k.p.r.p.TestFile    Now processing file /home/runner/work/key/key/key.core/../key.ui/examples/InformationFlow/MethodContracts/contract.IFMethodContract(contract.IFMethodContract__n4()).Non-interference contract.0.m.key 
48938      INFO  main            d.u.i.k.p.i.AbstractProblemLoader Loading environment from /home/runner/work/key/key/key.core/../key.ui/examples/InformationFlow/MethodContracts/contract.IFMethodContract(contract.IFMethodContract__n4()).Non-interference contract.0.m.key 
48938      DEBUG main            d.u.i.k.p.i.AbstractProblemLoader Environment load took 56.4ns 
48939      INFO  main            d.u.i.k.p.i.AbstractProblemLoader Creating init config 
51481      DEBUG main            d.u.i.k.p.i.AbstractProblemLoader Init config took 2.54s 
51516      INFO  main            d.u.i.k.p.i.AbstractProblemLoader Replaying proof contract.IFMethodContract[contract.IFMethodContract::n4()].Non-interference contract.0 
51519      DEBUG main            d.u.i.k.p.i.IntermediateProofReplayer Proof replay took 12.9ns 
51519      DEBUG main            d.u.i.k.m.s.ProofScriptEngine [1] goal: 0, source line: 51, command: 'macro 'infflow-autopilot'' 
51552      DEBUG main            d.u.i.k.p.m.ProofCorrectnessMgt No justification found for rule Class_invariant_axiom_for_contract_IFMethodContract 
51671      INFO  main            d.u.i.k.p.r.p.TestFile    ... finished proof: closed. 
51826      INFO  main            d.u.i.k.p.r.p.TestFile    Now processing file /home/runner/work/key/key/key.core/../key.ui/examples/InformationFlow/MethodContracts/contract.IFMethodContract(contract.IFMethodContract__n3()).Non-interference contract.0.m.key 
51826      INFO  main            d.u.i.k.p.i.AbstractProblemLoader Loading environment from /home/runner/work/key/key/key.core/../key.ui/examples/InformationFlow/MethodContracts/contract.IFMethodContract(contract.IFMethodContract__n3()).Non-interference contract.0.m.key 
51827      DEBUG main            d.u.i.k.p.i.AbstractProblemLoader Environment load took 500.6ns 
51827      INFO  main            d.u.i.k.p.i.AbstractProblemLoader Creating init config 
54384      DEBUG main            d.u.i.k.p.i.AbstractProblemLoader Init config took 2.56s 
54419      INFO  main            d.u.i.k.p.i.AbstractProblemLoader Replaying proof contract.IFMethodContract[contract.IFMethodContract::n3()].Non-interference contract.0 
54422      DEBUG main            d.u.i.k.p.i.IntermediateProofReplayer Proof replay took 14.1ns 
54422      DEBUG main            d.u.i.k.m.s.ProofScriptEngine [1] goal: 0, source line: 51, command: 'macro 'infflow-autopilot'' 
54449      DEBUG main            d.u.i.k.p.m.ProofCorrectnessMgt No justification found for rule Class_invariant_axiom_for_contract_IFMethodContract 
54525      INFO  main            d.u.i.k.p.r.p.TestFile    ... finished proof: closed. 
54669      INFO  main            d.u.i.k.p.r.p.TestFile    Now processing file /home/runner/work/key/key/key.core/../key.ui/examples/InformationFlow/MethodContracts/contract.IFMethodContract(contract.IFMethodContract__secure_sequential_n3_precond_n4()).Non-interference contract.0.m.key 
54670      INFO  main            d.u.i.k.p.i.AbstractProblemLoader Loading environment from /home/runner/work/key/key/key.core/../key.ui/examples/InformationFlow/MethodContracts/contract.IFMethodContract(contract.IFMethodContract__secure_sequential_n3_precond_n4()).Non-interference contract.0.m.key 
54670      DEBUG main            d.u.i.k.p.i.AbstractProblemLoader Environment load took 81ns 
54671      INFO  main            d.u.i.k.p.i.AbstractProblemLoader Creating init config 
57217      DEBUG main            d.u.i.k.p.i.AbstractProblemLoader Init config took 2.55s 
57252      INFO  main            d.u.i.k.p.i.AbstractProblemLoader Replaying proof contract.IFMethodContract[contract.IFMethodContract::secure_sequential_n3_precond_n4()].Non-interference contract.0 
57254      DEBUG main            d.u.i.k.p.i.IntermediateProofReplayer Proof replay took 14.7ns 
57255      DEBUG main            d.u.i.k.m.s.ProofScriptEngine [1] goal: 0, source line: 51, command: 'macro 'infflow-autopilot'' 
57280      DEBUG main            d.u.i.k.p.m.ProofCorrectnessMgt No justification found for rule Class_invariant_axiom_for_contract_IFMethodContract 
57301      DEBUG main            d.u.i.k.p.m.ProofCorrectnessMgt No justification found for rule Class_invariant_axiom_for_contract_IFMethodContract 
57301      DEBUG main            d.u.i.k.p.m.ProofCorrectnessMgt No justification found for rule Class_invariant_axiom_for_contract_IFMethodContract 
57317      DEBUG main            d.u.i.k.p.m.ProofCorrectnessMgt No justification found for rule Class_invariant_axiom_for_contract_IFMethodContract 
57318      DEBUG main            d.u.i.k.p.m.ProofCorrectnessMgt No justification found for rule Class_invariant_axiom_for_contract_IFMethodContract 
57334      DEBUG main            d.u.i.k.p.m.ProofCorrectnessMgt No justification found for rule Class_invariant_axiom_for_contract_IFMethodContract 
57336      DEBUG main            d.u.i.k.p.m.ProofCorrectnessMgt No justification found for rule Class_invariant_axiom_for_contract_IFMethodContract 
57576      INFO  main            d.u.i.k.p.r.p.TestFile    ... finished proof: closed. 
57735      INFO  main            d.u.i.k.p.r.p.TestFile    Now processing file /home/runner/work/key/key/key.core/../key.ui/examples/InformationFlow/MethodContracts/contract.IFMethodContract(contract.IFMethodContract__insecure_assignment_n2()).Non-interference contract.0.m.key 
57735      INFO  main            d.u.i.k.p.i.AbstractProblemLoader Loading environment from /home/runner/work/key/key/key.core/../key.ui/examples/InformationFlow/MethodContracts/contract.IFMethodContract(contract.IFMethodContract__insecure_assignment_n2()).Non-interference contract.0.m.key 
57735      DEBUG main            d.u.i.k.p.i.AbstractProblemLoader Environment load took 60.7ns 
57736      INFO  main            d.u.i.k.p.i.AbstractProblemLoader Creating init config 
60293      DEBUG main            d.u.i.k.p.i.AbstractProblemLoader Init config took 2.56s 
60328      INFO  main            d.u.i.k.p.i.AbstractProblemLoader Replaying proof contract.IFMethodContract[contract.IFMethodContract::insecure_assignment_n2()].Non-interference contract.0 
60330      DEBUG main            d.u.i.k.p.i.IntermediateProofReplayer Proof replay took 13.4ns 
60330      DEBUG main            d.u.i.k.m.s.ProofScriptEngine [1] goal: 0, source line: 51, command: 'macro 'infflow-autopilot'' 
60356      DEBUG main            d.u.i.k.p.m.ProofCorrectnessMgt No justification found for rule Class_invariant_axiom_for_contract_IFMethodContract 
60380      DEBUG main            d.u.i.k.p.m.ProofCorrectnessMgt No justification found for rule Class_invariant_axiom_for_contract_IFMethodContract 
60381      DEBUG main            d.u.i.k.p.m.ProofCorrectnessMgt No justification found for rule Class_invariant_axiom_for_contract_IFMethodContract 
60389      DEBUG main            d.u.i.k.p.m.ProofCorrectnessMgt No justification found for rule Class_invariant_axiom_for_contract_IFMethodContract 
60608      INFO  main            d.u.i.k.p.r.p.TestFile    ... finished proof: open goal(s) 
60786      INFO  main            d.u.i.k.p.r.p.TestFile    Now processing file /home/runner/work/key/key/key.core/../key.ui/examples/InformationFlow/MethodContracts/contract.IFMethodContract(contract.IFMethodContract__secure_assignments_n2()).Non-interference contract.0.m.key 
60786      INFO  main            d.u.i.k.p.i.AbstractProblemLoader Loading environment from /home/runner/work/key/key/key.core/../key.ui/examples/InformationFlow/MethodContracts/contract.IFMethodContract(contract.IFMethodContract__secure_assignments_n2()).Non-interference contract.0.m.key 
60786      DEBUG main            d.u.i.k.p.i.AbstractProblemLoader Environment load took 52ns 
60787      INFO  main            d.u.i.k.p.i.AbstractProblemLoader Creating init config 
63313      DEBUG main            d.u.i.k.p.i.AbstractProblemLoader Init config took 2.53s 
63347      INFO  main            d.u.i.k.p.i.AbstractProblemLoader Replaying proof contract.IFMethodContract[contract.IFMethodContract::secure_assignments_n2()].Non-interference contract.0 
63350      DEBUG main            d.u.i.k.p.i.IntermediateProofReplayer Proof replay took 14.3ns 
63350      DEBUG main            d.u.i.k.m.s.ProofScriptEngine [1] goal: 0, source line: 51, command: 'macro 'infflow-autopilot'' 
63376      DEBUG main            d.u.i.k.p.m.ProofCorrectnessMgt No justification found for rule Class_invariant_axiom_for_contract_IFMethodContract 
63416      DEBUG main            d.u.i.k.p.m.ProofCorrectnessMgt No justification found for rule Class_invariant_axiom_for_contract_IFMethodContract 
63417      DEBUG main            d.u.i.k.p.m.ProofCorrectnessMgt No justification found for rule Class_invariant_axiom_for_contract_IFMethodContract 
63428      DEBUG main            d.u.i.k.p.m.ProofCorrectnessMgt No justification found for rule Class_invariant_axiom_for_contract_IFMethodContract 
63621      INFO  main            d.u.i.k.p.r.p.TestFile    ... finished proof: closed. 
63808      INFO  main            d.u.i.k.p.r.p.TestFile    Now processing file /home/runner/work/key/key/key.core/../key.ui/examples/InformationFlow/MethodContracts/contract.IFMethodContract(contract.IFMethodContract__n2()).Non-interference contract.0.m.key 
63808      INFO  main            d.u.i.k.p.i.AbstractProblemLoader Loading environment from /home/runner/work/key/key/key.core/../key.ui/examples/InformationFlow/MethodContracts/contract.IFMethodContract(contract.IFMethodContract__n2()).Non-interference contract.0.m.key 
63808      DEBUG main            d.u.i.k.p.i.AbstractProblemLoader Environment load took 52.6ns 
63809      INFO  main            d.u.i.k.p.i.AbstractProblemLoader Creating init config 
66351      DEBUG main            d.u.i.k.p.i.AbstractProblemLoader Init config took 2.54s 
66386      INFO  main            d.u.i.k.p.i.AbstractProblemLoader Replaying proof contract.IFMethodContract[contract.IFMethodContract::n2()].Non-interference contract.0 
66388      DEBUG main            d.u.i.k.p.i.IntermediateProofReplayer Proof replay took 13ns 
66388      DEBUG main            d.u.i.k.m.s.ProofScriptEngine [1] goal: 0, source line: 51, command: 'macro 'infflow-autopilot'' 
66418      DEBUG main            d.u.i.k.p.m.ProofCorrectnessMgt No justification found for rule Class_invariant_axiom_for_contract_IFMethodContract 
66500      INFO  main            d.u.i.k.p.r.p.TestFile    ... finished proof: closed. 
66665      INFO  main            d.u.i.k.p.r.p.TestFile    Now processing file /home/runner/work/key/key/key.core/../key.ui/examples/InformationFlow/MethodContracts/contract.IFMethodContract(contract.IFMethodContract__n1()).Non-interference contract.0.m.key 
66665      INFO  main            d.u.i.k.p.i.AbstractProblemLoader Loading environment from /home/runner/work/key/key/key.core/../key.ui/examples/InformationFlow/MethodContracts/contract.IFMethodContract(contract.IFMethodContract__n1()).Non-interference contract.0.m.key 
66666      DEBUG main            d.u.i.k.p.i.AbstractProblemLoader Environment load took 56.9ns 
66666      INFO  main            d.u.i.k.p.i.AbstractProblemLoader Creating init config 
69190      DEBUG main            d.u.i.k.p.i.AbstractProblemLoader Init config took 2.52s 
69224      INFO  main            d.u.i.k.p.i.AbstractProblemLoader Replaying proof contract.IFMethodContract[contract.IFMethodContract::n1()].Non-interference contract.0 
69226      DEBUG main            d.u.i.k.p.i.IntermediateProofReplayer Proof replay took 14.7ns 
69226      DEBUG main            d.u.i.k.m.s.ProofScriptEngine [1] goal: 0, source line: 51, command: 'macro 'infflow-autopilot'' 
69252      DEBUG main            d.u.i.k.p.m.ProofCorrectnessMgt No justification found for rule Class_invariant_axiom_for_contract_IFMethodContract 
69325      INFO  main            d.u.i.k.p.r.p.TestFile    ... finished proof: closed. 
69502      INFO  main            d.u.i.k.p.r.p.TestFile    Now processing file /home/runner/work/key/key/key.core/../key.ui/examples/InformationFlow/MethodContracts/contract.IFMethodContract(contract.IFMethodContract__secure_sequential_n1_n2()).Non-interference contract.0.m.key 
69502      INFO  main            d.u.i.k.p.i.AbstractProblemLoader Loading environment from /home/runner/work/key/key/key.core/../key.ui/examples/InformationFlow/MethodContracts/contract.IFMethodContract(contract.IFMethodContract__secure_sequential_n1_n2()).Non-interference contract.0.m.key 
69502      DEBUG main            d.u.i.k.p.i.AbstractProblemLoader Environment load took 96ns 
69503      INFO  main            d.u.i.k.p.i.AbstractProblemLoader Creating init config 
72029      DEBUG main            d.u.i.k.p.i.AbstractProblemLoader Init config took 2.53s 
72064      INFO  main            d.u.i.k.p.i.AbstractProblemLoader Replaying proof contract.IFMethodContract[contract.IFMethodContract::secure_sequential_n1_n2()].Non-interference contract.0 
72066      DEBUG main            d.u.i.k.p.i.IntermediateProofReplayer Proof replay took 15ns 
72068      DEBUG main            d.u.i.k.m.s.ProofScriptEngine [1] goal: 0, source line: 51, command: 'macro 'infflow-autopilot'' 
72097      DEBUG main            d.u.i.k.p.m.ProofCorrectnessMgt No justification found for rule Class_invariant_axiom_for_contract_IFMethodContract 
72114      DEBUG main            d.u.i.k.p.m.ProofCorrectnessMgt No justification found for rule Class_invariant_axiom_for_contract_IFMethodContract 
72115      DEBUG main            d.u.i.k.p.m.ProofCorrectnessMgt No justification found for rule Class_invariant_axiom_for_contract_IFMethodContract 
72130      DEBUG main            d.u.i.k.p.m.ProofCorrectnessMgt No justification found for rule Class_invariant_axiom_for_contract_IFMethodContract 
72131      DEBUG main            d.u.i.k.p.m.ProofCorrectnessMgt No justification found for rule Class_invariant_axiom_for_contract_IFMethodContract 
72146      DEBUG main            d.u.i.k.p.m.ProofCorrectnessMgt No justification found for rule Class_invariant_axiom_for_contract_IFMethodContract 
72149      DEBUG main            d.u.i.k.p.m.ProofCorrectnessMgt No justification found for rule Class_invariant_axiom_for_contract_IFMethodContract 
72295      INFO  main            d.u.i.k.p.r.p.TestFile    ... finished proof: closed. 
1845699    INFO  Test worker     d.u.i.k.p.r.RunAllProofsTestUnit Returning from test MethodContracts_fullmacro 
1845700    INFO  Test worker     d.u.i.k.p.r.RunAllProofsTestUnit Running test InformationFlow_fullmacro 
313        INFO  Timeout watchdog d.u.i.k.p.r.p.ForkedTestFileRunner Timeout watcher launched (1000 secs.) 
323        WARN  main            d.u.i.k.s.ProofSettings   The settings in /home/runner/.key/proof-settings.props are *not* read. 
355        INFO  main            d.u.i.k.p.r.p.TestFile    Now processing file /home/runner/work/key/key/key.core/../key.ui/examples/InformationFlow/LoopInvariants/loop.IFLoopExamples(loop.IFLoopExamples__insecure_while_3(int)).Non-interference contract.0.m.key 
462        INFO  main            d.u.i.k.p.i.AbstractProblemLoader Loading environment from /home/runner/work/key/key/key.core/../key.ui/examples/InformationFlow/LoopInvariants/loop.IFLoopExamples(loop.IFLoopExamples__insecure_while_3(int)).Non-interference contract.0.m.key 
484        DEBUG main            d.u.i.k.p.i.AbstractProblemLoader Environment load took 1.99ms 
696        INFO  main            d.u.i.k.p.i.AbstractProblemLoader Creating init config 
1673       DEBUG main            d.u.i.k.j.TypeConverter   No LDT found for Meta 
1674       DEBUG main            d.u.i.k.j.TypeConverter   No LDT found for Meta 
1677       DEBUG main            d.u.i.k.j.TypeConverter   No LDT found for Meta 
1677       DEBUG main            d.u.i.k.j.TypeConverter   No LDT found for Meta 
3193       DEBUG main            d.u.i.k.j.TypeConverter   No LDT found for JavaBigintExpression 
8443       DEBUG main            d.u.i.k.p.i.AbstractProblemLoader Init config took 7.75s 
8572       INFO  main            d.u.i.k.p.i.AbstractProblemLoader Replaying proof loop.IFLoopExamples[loop.IFLoopExamples::insecure_while_3(int)].Non-interference contract.0 
8633       DEBUG main            d.u.i.k.p.i.IntermediateProofReplayer Proof replay took 344.7ns 
8691       DEBUG main            d.u.i.k.m.s.ProofScriptEngine [1] goal: 0, source line: 51, command: 'macro 'infflow-autopilot'' 
9091       DEBUG main            d.u.i.k.p.m.ProofCorrectnessMgt No justification found for rule Class_invariant_axiom_for_loop_IFLoopExamples 
14158      INFO  main            d.u.i.k.p.r.p.TestFile    ... finished proof: open goal(s) 
14329      INFO  main            d.u.i.k.p.r.p.TestFile    Now processing file /home/runner/work/key/key/key.core/../key.ui/examples/InformationFlow/LoopInvariants/loop.IFLoopExamples(loop.IFLoopExamples__secure_while_2(int)).Non-interference contract.0.m.key 
14334      INFO  main            d.u.i.k.p.i.AbstractProblemLoader Loading environment from /home/runner/work/key/key/key.core/../key.ui/examples/InformationFlow/LoopInvariants/loop.IFLoopExamples(loop.IFLoopExamples__secure_while_2(int)).Non-interference contract.0.m.key 
14334      DEBUG main            d.u.i.k.p.i.AbstractProblemLoader Environment load took 319.5ns 
14336      INFO  main            d.u.i.k.p.i.AbstractProblemLoader Creating init config 
17504      DEBUG main            d.u.i.k.p.i.AbstractProblemLoader Init config took 3.17s 
17560      INFO  main            d.u.i.k.p.i.AbstractProblemLoader Replaying proof loop.IFLoopExamples[loop.IFLoopExamples::secure_while_2(int)].Non-interference contract.0 
17562      DEBUG main            d.u.i.k.p.i.IntermediateProofReplayer Proof replay took 11.7ns 
17563      DEBUG main            d.u.i.k.m.s.ProofScriptEngine [1] goal: 0, source line: 51, command: 'macro 'infflow-autopilot'' 
17611      DEBUG main            d.u.i.k.p.m.ProofCorrectnessMgt No justification found for rule Class_invariant_axiom_for_loop_IFLoopExamples 
18922      INFO  main            d.u.i.k.p.r.p.TestFile    ... finished proof: closed. 
19100      INFO  main            d.u.i.k.p.r.p.TestFile    Now processing file /home/runner/work/key/key/key.core/../key.ui/examples/InformationFlow/LoopInvariants/loop.IFLoopExamples(loop.IFLoopExamples__secure_while_4(int)).Non-interference contract.0.m.key 
19101      INFO  main            d.u.i.k.p.i.AbstractProblemLoader Loading environment from /home/runner/work/key/key/key.core/../key.ui/examples/InformationFlow/LoopInvariants/loop.IFLoopExamples(loop.IFLoopExamples__secure_while_4(int)).Non-interference contract.0.m.key 
19101      DEBUG main            d.u.i.k.p.i.AbstractProblemLoader Environment load took 125.7ns 
19102      INFO  main            d.u.i.k.p.i.AbstractProblemLoader Creating init config 
22071      DEBUG main            d.u.i.k.p.i.AbstractProblemLoader Init config took 2.97s 
22138      INFO  main            d.u.i.k.p.i.AbstractProblemLoader Replaying proof loop.IFLoopExamples[loop.IFLoopExamples::secure_while_4(int)].Non-interference contract.0 
22143      DEBUG main            d.u.i.k.p.i.IntermediateProofReplayer Proof replay took 11.4ns 
22146      DEBUG main            d.u.i.k.m.s.ProofScriptEngine [1] goal: 0, source line: 51, command: 'macro 'infflow-autopilot'' 
22192      DEBUG main            d.u.i.k.p.m.ProofCorrectnessMgt No justification found for rule Class_invariant_axiom_for_loop_IFLoopExamples 
23351      INFO  main            d.u.i.k.p.r.p.TestFile    ... finished proof: closed. 
23509      INFO  main            d.u.i.k.p.r.p.TestFile    Now processing file /home/runner/work/key/key/key.core/../key.ui/examples/InformationFlow/LoopInvariants/loop.IFLoopExamples(loop.IFLoopExamples__insecure_doubleNestedWhile2(int)).Non-interference contract.0.m.key 
23509      INFO  main            d.u.i.k.p.i.AbstractProblemLoader Loading environment from /home/runner/work/key/key/key.core/../key.ui/examples/InformationFlow/LoopInvariants/loop.IFLoopExamples(loop.IFLoopExamples__insecure_doubleNestedWhile2(int)).Non-interference contract.0.m.key 
23509      DEBUG main            d.u.i.k.p.i.AbstractProblemLoader Environment load took 67.9ns 
23511      INFO  main            d.u.i.k.p.i.AbstractProblemLoader Creating init config 
26443      DEBUG main            d.u.i.k.p.i.AbstractProblemLoader Init config took 2.93s 
26490      INFO  main            d.u.i.k.p.i.AbstractProblemLoader Replaying proof loop.IFLoopExamples[loop.IFLoopExamples::insecure_doubleNestedWhile2(int)].Non-interference contract.0 
26492      DEBUG main            d.u.i.k.p.i.IntermediateProofReplayer Proof replay took 12.8ns 
26496      DEBUG main            d.u.i.k.m.s.ProofScriptEngine [1] goal: 0, source line: 51, command: 'macro 'infflow-autopilot'' 
26547      DEBUG main            d.u.i.k.p.m.ProofCorrectnessMgt No justification found for rule Class_invariant_axiom_for_loop_IFLoopExamples 
229521     INFO  main            d.u.i.k.p.r.p.TestFile    ... finished proof: open goal(s) 
229767     INFO  main            d.u.i.k.p.r.p.TestFile    Now processing file /home/runner/work/key/key/key.core/../key.ui/examples/InformationFlow/LoopInvariants/loop.IFLoopExamples(loop.IFLoopExamples__insecure_doubleNestedWhile(int)).Non-interference contract.0.m.key 
229770     INFO  main            d.u.i.k.p.i.AbstractProblemLoader Loading environment from /home/runner/work/key/key/key.core/../key.ui/examples/InformationFlow/LoopInvariants/loop.IFLoopExamples(loop.IFLoopExamples__insecure_doubleNestedWhile(int)).Non-interference contract.0.m.key 
229771     DEBUG main            d.u.i.k.p.i.AbstractProblemLoader Environment load took 117.2ns 
229772     INFO  main            d.u.i.k.p.i.AbstractProblemLoader Creating init config 
232577     DEBUG main            d.u.i.k.p.i.AbstractProblemLoader Init config took 2.8s 
232619     INFO  main            d.u.i.k.p.i.AbstractProblemLoader Replaying proof loop.IFLoopExamples[loop.IFLoopExamples::insecure_doubleNestedWhile(int)].Non-interference contract.0 
232622     DEBUG main            d.u.i.k.p.i.IntermediateProofReplayer Proof replay took 11.6ns 
232622     DEBUG main            d.u.i.k.m.s.ProofScriptEngine [1] goal: 0, source line: 51, command: 'macro 'infflow-autopilot'' 
232656     DEBUG main            d.u.i.k.p.m.ProofCorrectnessMgt No justification found for rule Class_invariant_axiom_for_loop_IFLoopExamples 
237398     INFO  main            d.u.i.k.p.r.p.TestFile    ... finished proof: open goal(s) 
237683     INFO  main            d.u.i.k.p.r.p.TestFile    Now processing file /home/runner/work/key/key/key.core/../key.ui/examples/InformationFlow/LoopInvariants/loop.IFLoopExamples(loop.IFLoopExamples__secure_doubleNestedWhile(int)).Non-interference contract.0.m.key 
237683     INFO  main            d.u.i.k.p.i.AbstractProblemLoader Loading environment from /home/runner/work/key/key/key.core/../key.ui/examples/InformationFlow/LoopInvariants/loop.IFLoopExamples(loop.IFLoopExamples__secure_doubleNestedWhile(int)).Non-interference contract.0.m.key 
237683     DEBUG main            d.u.i.k.p.i.AbstractProblemLoader Environment load took 60.8ns 
237684     INFO  main            d.u.i.k.p.i.AbstractProblemLoader Creating init config 
240420     DEBUG main            d.u.i.k.p.i.AbstractProblemLoader Init config took 2.74s 
240467     INFO  main            d.u.i.k.p.i.AbstractProblemLoader Replaying proof loop.IFLoopExamples[loop.IFLoopExamples::secure_doubleNestedWhile(int)].Non-interference contract.0 
240469     DEBUG main            d.u.i.k.p.i.IntermediateProofReplayer Proof replay took 12.7ns 
240470     DEBUG main            d.u.i.k.m.s.ProofScriptEngine [1] goal: 0, source line: 51, command: 'macro 'infflow-autopilot'' 
240504     DEBUG main            d.u.i.k.p.m.ProofCorrectnessMgt No justification found for rule Class_invariant_axiom_for_loop_IFLoopExamples 
244792     INFO  main            d.u.i.k.p.r.p.TestFile    ... finished proof: closed. 
245025     INFO  main            d.u.i.k.p.r.p.TestFile    Now processing file /home/runner/work/key/key/key.core/../key.ui/examples/InformationFlow/LoopInvariants/loop.IFLoopExamples(loop.IFLoopExamples__secure_nestedTwoWhile(int)).Non-interference contract.0.m.key 
245025     INFO  main            d.u.i.k.p.i.AbstractProblemLoader Loading environment from /home/runner/work/key/key/key.core/../key.ui/examples/InformationFlow/LoopInvariants/loop.IFLoopExamples(loop.IFLoopExamples__secure_nestedTwoWhile(int)).Non-interference contract.0.m.key 
245025     DEBUG main            d.u.i.k.p.i.AbstractProblemLoader Environment load took 60.8ns 
245026     INFO  main            d.u.i.k.p.i.AbstractProblemLoader Creating init config 
247821     DEBUG main            d.u.i.k.p.i.AbstractProblemLoader Init config took 2.79s 
247859     INFO  main            d.u.i.k.p.i.AbstractProblemLoader Replaying proof loop.IFLoopExamples[loop.IFLoopExamples::secure_nestedTwoWhile(int)].Non-interference contract.0 
247861     DEBUG main            d.u.i.k.p.i.IntermediateProofReplayer Proof replay took 12.6ns 
247862     DEBUG main            d.u.i.k.m.s.ProofScriptEngine [1] goal: 0, source line: 51, command: 'macro 'infflow-autopilot'' 
247892     DEBUG main            d.u.i.k.p.m.ProofCorrectnessMgt No justification found for rule Class_invariant_axiom_for_loop_IFLoopExamples 
251352     INFO  main            d.u.i.k.p.r.p.TestFile    ... finished proof: closed. 
251579     INFO  main            d.u.i.k.p.r.p.TestFile    Now processing file /home/runner/work/key/key/key.core/../key.ui/examples/InformationFlow/LoopInvariants/loop.IFLoopExamples(loop.IFLoopExamples__secure_nestedWhile(int)).Non-interference contract.0.m.key 
251580     INFO  main            d.u.i.k.p.i.AbstractProblemLoader Loading environment from /home/runner/work/key/key/key.core/../key.ui/examples/InformationFlow/LoopInvariants/loop.IFLoopExamples(loop.IFLoopExamples__secure_nestedWhile(int)).Non-interference contract.0.m.key 
251580     DEBUG main            d.u.i.k.p.i.AbstractProblemLoader Environment load took 66.3ns 
251581     INFO  main            d.u.i.k.p.i.AbstractProblemLoader Creating init config 
254357     DEBUG main            d.u.i.k.p.i.AbstractProblemLoader Init config took 2.78s 
254394     INFO  main            d.u.i.k.p.i.AbstractProblemLoader Replaying proof loop.IFLoopExamples[loop.IFLoopExamples::secure_nestedWhile(int)].Non-interference contract.0 
254397     DEBUG main            d.u.i.k.p.i.IntermediateProofReplayer Proof replay took 14ns 
254398     DEBUG main            d.u.i.k.m.s.ProofScriptEngine [1] goal: 0, source line: 51, command: 'macro 'infflow-autopilot'' 
254428     DEBUG main            d.u.i.k.p.m.ProofCorrectnessMgt No justification found for rule Class_invariant_axiom_for_loop_IFLoopExamples 
256891     INFO  main            d.u.i.k.p.r.p.TestFile    ... finished proof: closed. 
257096     INFO  main            d.u.i.k.p.r.p.TestFile    Now processing file /home/runner/work/key/key/key.core/../key.ui/examples/InformationFlow/LoopInvariants/loop.IFLoopExamples(loop.IFLoopExamples__notSecure_while(int)).Non-interference contract.0.m.key 
257097     INFO  main            d.u.i.k.p.i.AbstractProblemLoader Loading environment from /home/runner/work/key/key/key.core/../key.ui/examples/InformationFlow/LoopInvariants/loop.IFLoopExamples(loop.IFLoopExamples__notSecure_while(int)).Non-interference contract.0.m.key 
257097     DEBUG main            d.u.i.k.p.i.AbstractProblemLoader Environment load took 66.3ns 
257098     INFO  main            d.u.i.k.p.i.AbstractProblemLoader Creating init config 
259885     DEBUG main            d.u.i.k.p.i.AbstractProblemLoader Init config took 2.79s 
259920     INFO  main            d.u.i.k.p.i.AbstractProblemLoader Replaying proof loop.IFLoopExamples[loop.IFLoopExamples::notSecure_while(int)].Non-interference contract.0 
259922     DEBUG main            d.u.i.k.p.i.IntermediateProofReplayer Proof replay took 12.7ns 
259923     DEBUG main            d.u.i.k.m.s.ProofScriptEngine [1] goal: 0, source line: 51, command: 'macro 'infflow-autopilot'' 
259951     DEBUG main            d.u.i.k.p.m.ProofCorrectnessMgt No justification found for rule Class_invariant_axiom_for_loop_IFLoopExamples 
262539     INFO  main            d.u.i.k.p.r.p.TestFile    ... finished proof: open goal(s) 
262731     INFO  main            d.u.i.k.p.r.p.TestFile    Now processing file /home/runner/work/key/key/key.core/../key.ui/examples/InformationFlow/LoopInvariants/loop.IFLoopExamples(loop.IFLoopExamples__notSecure_while_wrongInv(int)).Non-interference contract.0.m.key 
262731     INFO  main            d.u.i.k.p.i.AbstractProblemLoader Loading environment from /home/runner/work/key/key/key.core/../key.ui/examples/InformationFlow/LoopInvariants/loop.IFLoopExamples(loop.IFLoopExamples__notSecure_while_wrongInv(int)).Non-interference contract.0.m.key 
262731     DEBUG main            d.u.i.k.p.i.AbstractProblemLoader Environment load took 113.3ns 
262733     INFO  main            d.u.i.k.p.i.AbstractProblemLoader Creating init config 
265504     DEBUG main            d.u.i.k.p.i.AbstractProblemLoader Init config took 2.77s 
265539     INFO  main            d.u.i.k.p.i.AbstractProblemLoader Replaying proof loop.IFLoopExamples[loop.IFLoopExamples::notSecure_while_wrongInv(int)].Non-interference contract.0 
265541     DEBUG main            d.u.i.k.p.i.IntermediateProofReplayer Proof replay took 14.9ns 
265541     DEBUG main            d.u.i.k.m.s.ProofScriptEngine [1] goal: 0, source line: 51, command: 'macro 'infflow-autopilot'' 
265570     DEBUG main            d.u.i.k.p.m.ProofCorrectnessMgt No justification found for rule Class_invariant_axiom_for_loop_IFLoopExamples 
267231     INFO  main            d.u.i.k.p.r.p.TestFile    ... finished proof: open goal(s) 
267468     INFO  main            d.u.i.k.p.r.p.TestFile    Now processing file /home/runner/work/key/key/key.core/../key.ui/examples/InformationFlow/LoopInvariants/loop.IFLoopExamples(loop.IFLoopExamples__insecure_twoWhile(int)).Non-interference contract.0.m.key 
267468     INFO  main            d.u.i.k.p.i.AbstractProblemLoader Loading environment from /home/runner/work/key/key/key.core/../key.ui/examples/InformationFlow/LoopInvariants/loop.IFLoopExamples(loop.IFLoopExamples__insecure_twoWhile(int)).Non-interference contract.0.m.key 
267468     DEBUG main            d.u.i.k.p.i.AbstractProblemLoader Environment load took 62.1ns 
267469     INFO  main            d.u.i.k.p.i.AbstractProblemLoader Creating init config 
270211     DEBUG main            d.u.i.k.p.i.AbstractProblemLoader Init config took 2.74s 
270251     INFO  main            d.u.i.k.p.i.AbstractProblemLoader Replaying proof loop.IFLoopExamples[loop.IFLoopExamples::insecure_twoWhile(int)].Non-interference contract.0 
270253     DEBUG main            d.u.i.k.p.i.IntermediateProofReplayer Proof replay took 13.4ns 
270254     DEBUG main            d.u.i.k.m.s.ProofScriptEngine [1] goal: 0, source line: 51, command: 'macro 'infflow-autopilot'' 
270286     DEBUG main            d.u.i.k.p.m.ProofCorrectnessMgt No justification found for rule Class_invariant_axiom_for_loop_IFLoopExamples 
271979     INFO  main            d.u.i.k.p.r.p.TestFile    ... finished proof: open goal(s) 
272164     INFO  main            d.u.i.k.p.r.p.TestFile    Now processing file /home/runner/work/key/key/key.core/../key.ui/examples/InformationFlow/LoopInvariants/loop.IFLoopExamples(loop.IFLoopExamples__insecure_twoWhile_2(int)).Non-interference contract.0.m.key 
272164     INFO  main            d.u.i.k.p.i.AbstractProblemLoader Loading environment from /home/runner/work/key/key/key.core/../key.ui/examples/InformationFlow/LoopInvariants/loop.IFLoopExamples(loop.IFLoopExamples__insecure_twoWhile_2(int)).Non-interference contract.0.m.key 
272164     DEBUG main            d.u.i.k.p.i.AbstractProblemLoader Environment load took 58.3ns 
272165     INFO  main            d.u.i.k.p.i.AbstractProblemLoader Creating init config 
274938     DEBUG main            d.u.i.k.p.i.AbstractProblemLoader Init config took 2.77s 
274972     INFO  main            d.u.i.k.p.i.AbstractProblemLoader Replaying proof loop.IFLoopExamples[loop.IFLoopExamples::insecure_twoWhile_2(int)].Non-interference contract.0 
274974     DEBUG main            d.u.i.k.p.i.IntermediateProofReplayer Proof replay took 14.2ns 
274975     DEBUG main            d.u.i.k.m.s.ProofScriptEngine [1] goal: 0, source line: 51, command: 'macro 'infflow-autopilot'' 
275003     DEBUG main            d.u.i.k.p.m.ProofCorrectnessMgt No justification found for rule Class_invariant_axiom_for_loop_IFLoopExamples 
277259     INFO  main            d.u.i.k.p.r.p.TestFile    ... finished proof: open goal(s) 
277489     INFO  main            d.u.i.k.p.r.p.TestFile    Now processing file /home/runner/work/key/key/key.core/../key.ui/examples/InformationFlow/LoopInvariants/loop.IFLoopExamples(loop.IFLoopExamples__secure_twoWhile(int)).Non-interference contract.0.m.key 
277490     INFO  main            d.u.i.k.p.i.AbstractProblemLoader Loading environment from /home/runner/work/key/key/key.core/../key.ui/examples/InformationFlow/LoopInvariants/loop.IFLoopExamples(loop.IFLoopExamples__secure_twoWhile(int)).Non-interference contract.0.m.key 
277490     DEBUG main            d.u.i.k.p.i.AbstractProblemLoader Environment load took 64.9ns 
277491     INFO  main            d.u.i.k.p.i.AbstractProblemLoader Creating init config 
280251     DEBUG main            d.u.i.k.p.i.AbstractProblemLoader Init config took 2.76s 
280285     INFO  main            d.u.i.k.p.i.AbstractProblemLoader Replaying proof loop.IFLoopExamples[loop.IFLoopExamples::secure_twoWhile(int)].Non-interference contract.0 
280286     DEBUG main            d.u.i.k.p.i.IntermediateProofReplayer Proof replay took 15.1ns 
280287     DEBUG main            d.u.i.k.m.s.ProofScriptEngine [1] goal: 0, source line: 51, command: 'macro 'infflow-autopilot'' 
280315     DEBUG main            d.u.i.k.p.m.ProofCorrectnessMgt No justification found for rule Class_invariant_axiom_for_loop_IFLoopExamples 
281751     INFO  main            d.u.i.k.p.r.p.TestFile    ... finished proof: closed. 
281984     INFO  main            d.u.i.k.p.r.p.TestFile    Now processing file /home/runner/work/key/key/key.core/../key.ui/examples/InformationFlow/LoopInvariants/loop.IFLoopExamples(loop.IFLoopExamples__loc_secure_while(int)).Non-interference contract.0.m.key 
281984     INFO  main            d.u.i.k.p.i.AbstractProblemLoader Loading environment from /home/runner/work/key/key/key.core/../key.ui/examples/InformationFlow/LoopInvariants/loop.IFLoopExamples(loop.IFLoopExamples__loc_secure_while(int)).Non-interference contract.0.m.key 
281984     DEBUG main            d.u.i.k.p.i.AbstractProblemLoader Environment load took 56.5ns 
281985     INFO  main            d.u.i.k.p.i.AbstractProblemLoader Creating init config 
284676     DEBUG main            d.u.i.k.p.i.AbstractProblemLoader Init config took 2.69s 
284710     INFO  main            d.u.i.k.p.i.AbstractProblemLoader Replaying proof loop.IFLoopExamples[loop.IFLoopExamples::loc_secure_while(int)].Non-interference contract.0 
284712     DEBUG main            d.u.i.k.p.i.IntermediateProofReplayer Proof replay took 14.3ns 
284713     DEBUG main            d.u.i.k.m.s.ProofScriptEngine [1] goal: 0, source line: 51, command: 'macro 'infflow-autopilot'' 
284756     DEBUG main            d.u.i.k.p.m.ProofCorrectnessMgt No justification found for rule Class_invariant_axiom_for_loop_IFLoopExamples 
285700     INFO  main            d.u.i.k.p.r.p.TestFile    ... finished proof: closed. 
285880     INFO  main            d.u.i.k.p.r.p.TestFile    Now processing file /home/runner/work/key/key/key.core/../key.ui/examples/InformationFlow/LoopInvariants/loop.IFLoopExamples(loop.IFLoopExamples__secure_while(int)).Non-interference contract.0.m.key 
285880     INFO  main            d.u.i.k.p.i.AbstractProblemLoader Loading environment from /home/runner/work/key/key/key.core/../key.ui/examples/InformationFlow/LoopInvariants/loop.IFLoopExamples(loop.IFLoopExamples__secure_while(int)).Non-interference contract.0.m.key 
285880     DEBUG main            d.u.i.k.p.i.AbstractProblemLoader Environment load took 61.5ns 
285881     INFO  main            d.u.i.k.p.i.AbstractProblemLoader Creating init config 
288605     DEBUG main            d.u.i.k.p.i.AbstractProblemLoader Init config took 2.72s 
288649     INFO  main            d.u.i.k.p.i.AbstractProblemLoader Replaying proof loop.IFLoopExamples[loop.IFLoopExamples::secure_while(int)].Non-interference contract.0 
288655     DEBUG main            d.u.i.k.p.i.IntermediateProofReplayer Proof replay took 17.5ns 
288657     DEBUG main            d.u.i.k.m.s.ProofScriptEngine [1] goal: 0, source line: 51, command: 'macro 'infflow-autopilot'' 
288686     DEBUG main            d.u.i.k.p.m.ProofCorrectnessMgt No justification found for rule Class_invariant_axiom_for_loop_IFLoopExamples 
289384     INFO  main            d.u.i.k.p.r.p.TestFile    ... finished proof: closed. 
289565     INFO  main            d.u.i.k.p.r.p.TestFile    Now processing file /home/runner/work/key/key/key.core/../key.ui/examples/InformationFlow/LoopInvariants/loop.IFLoopExamples(loop.IFLoopExamples__print(int)).Non-interference contract.0.m.key 
289565     INFO  main            d.u.i.k.p.i.AbstractProblemLoader Loading environment from /home/runner/work/key/key/key.core/../key.ui/examples/InformationFlow/LoopInvariants/loop.IFLoopExamples(loop.IFLoopExamples__print(int)).Non-interference contract.0.m.key 
289565     DEBUG main            d.u.i.k.p.i.AbstractProblemLoader Environment load took 89.1ns 
289566     INFO  main            d.u.i.k.p.i.AbstractProblemLoader Creating init config 
292304     DEBUG main            d.u.i.k.p.i.AbstractProblemLoader Init config took 2.74s 
292348     INFO  main            d.u.i.k.p.i.AbstractProblemLoader Replaying proof loop.IFLoopExamples[loop.IFLoopExamples::print(int)].Non-interference contract.0 
292350     DEBUG main            d.u.i.k.p.i.IntermediateProofReplayer Proof replay took 14.6ns 
292351     DEBUG main            d.u.i.k.m.s.ProofScriptEngine [1] goal: 0, source line: 51, command: 'macro 'infflow-autopilot'' 
292440     INFO  main            d.u.i.k.p.r.p.TestFile    ... finished proof: closed. 
292599     INFO  main            d.u.i.k.p.r.p.TestFile    Now processing file /home/runner/work/key/key/key.core/../key.ui/examples/InformationFlow/LoopInvariants/loop.IFLoopExamples(loop.IFLoopExamples__hammer(int)).Non-interference contract.0.m.key 
292599     INFO  main            d.u.i.k.p.i.AbstractProblemLoader Loading environment from /home/runner/work/key/key/key.core/../key.ui/examples/InformationFlow/LoopInvariants/loop.IFLoopExamples(loop.IFLoopExamples__hammer(int)).Non-interference contract.0.m.key 
292599     DEBUG main            d.u.i.k.p.i.AbstractProblemLoader Environment load took 56.7ns 
292600     INFO  main            d.u.i.k.p.i.AbstractProblemLoader Creating init config 
295320     DEBUG main            d.u.i.k.p.i.AbstractProblemLoader Init config took 2.72s 
295354     INFO  main            d.u.i.k.p.i.AbstractProblemLoader Replaying proof loop.IFLoopExamples[loop.IFLoopExamples::hammer(int)].Non-interference contract.0 
295356     DEBUG main            d.u.i.k.p.i.IntermediateProofReplayer Proof replay took 14.1ns 
295357     DEBUG main            d.u.i.k.m.s.ProofScriptEngine [1] goal: 0, source line: 51, command: 'macro 'infflow-autopilot'' 
295384     DEBUG main            d.u.i.k.p.m.ProofCorrectnessMgt No justification found for rule Class_invariant_axiom_for_loop_IFLoopExamples 
296650     INFO  main            d.u.i.k.p.r.p.TestFile    ... finished proof: closed. 
2142728    INFO  Test worker     d.u.i.k.p.r.RunAllProofsTestUnit Returning from test InformationFlow_fullmacro 
2142729    INFO  Test worker     d.u.i.k.p.r.RunAllProofsTestUnit Running test MiniExamples_fullmacro 
362        INFO  Timeout watchdog d.u.i.k.p.r.p.ForkedTestFileRunner Timeout watcher launched (1000 secs.) 
380        WARN  main            d.u.i.k.s.ProofSettings   The settings in /home/runner/.key/proof-settings.props are *not* read. 
402        INFO  main            d.u.i.k.p.r.p.TestFile    Now processing file /home/runner/work/key/key/key.core/../key.ui/examples/InformationFlow/MiniExamples/mini.AliasingExamples(mini.AliasingExamples__insecure_1(mini.AliasingExamples,mini.AliasingExamples,int)).Non-interference contract.0.m.key 
527        INFO  main            d.u.i.k.p.i.AbstractProblemLoader Loading environment from /home/runner/work/key/key/key.core/../key.ui/examples/InformationFlow/MiniExamples/mini.AliasingExamples(mini.AliasingExamples__insecure_1(mini.AliasingExamples,mini.AliasingExamples,int)).Non-interference contract.0.m.key 
548        DEBUG main            d.u.i.k.p.i.AbstractProblemLoader Environment load took 2.24ms 
777        INFO  main            d.u.i.k.p.i.AbstractProblemLoader Creating init config 
1687       DEBUG main            d.u.i.k.j.TypeConverter   No LDT found for Meta 
1688       DEBUG main            d.u.i.k.j.TypeConverter   No LDT found for Meta 
1689       DEBUG main            d.u.i.k.j.TypeConverter   No LDT found for Meta 
1689       DEBUG main            d.u.i.k.j.TypeConverter   No LDT found for Meta 
3409       DEBUG main            d.u.i.k.j.TypeConverter   No LDT found for JavaBigintExpression 
8375       DEBUG main            d.u.i.k.p.i.AbstractProblemLoader Init config took 7.6s 
8574       INFO  main            d.u.i.k.p.i.AbstractProblemLoader Replaying proof mini.AliasingExamples[mini.AliasingExamples::insecure_1(mini.AliasingExamples,mini.AliasingExamples,int)].Non-interference contract.0 
8632       DEBUG main            d.u.i.k.p.i.IntermediateProofReplayer Proof replay took 369.5ns 
8706       DEBUG main            d.u.i.k.m.s.ProofScriptEngine [1] goal: 0, source line: 51, command: 'macro 'infflow-autopilot'' 
9059       DEBUG main            d.u.i.k.p.m.ProofCorrectnessMgt No justification found for rule Class_invariant_axiom_for_mini_AliasingExamples 
9898       INFO  main            d.u.i.k.p.r.p.TestFile    ... finished proof: open goal(s) 
10030      INFO  main            d.u.i.k.p.r.p.TestFile    Now processing file /home/runner/work/key/key/key.core/../key.ui/examples/InformationFlow/MiniExamples/mini.AliasingExamples(mini.AliasingExamples__secure_1(mini.AliasingExamples,mini.AliasingExamples,int)).Non-interference contract.0.m.key 
10030      INFO  main            d.u.i.k.p.i.AbstractProblemLoader Loading environment from /home/runner/work/key/key/key.core/../key.ui/examples/InformationFlow/MiniExamples/mini.AliasingExamples(mini.AliasingExamples__secure_1(mini.AliasingExamples,mini.AliasingExamples,int)).Non-interference contract.0.m.key 
10031      DEBUG main            d.u.i.k.p.i.AbstractProblemLoader Environment load took 262ns 
10033      INFO  main            d.u.i.k.p.i.AbstractProblemLoader Creating init config 
12948      DEBUG main            d.u.i.k.p.i.AbstractProblemLoader Init config took 2.91s 
13018      INFO  main            d.u.i.k.p.i.AbstractProblemLoader Replaying proof mini.AliasingExamples[mini.AliasingExamples::secure_1(mini.AliasingExamples,mini.AliasingExamples,int)].Non-interference contract.0 
13021      DEBUG main            d.u.i.k.p.i.IntermediateProofReplayer Proof replay took 12.2ns 
13022      DEBUG main            d.u.i.k.m.s.ProofScriptEngine [1] goal: 0, source line: 51, command: 'macro 'infflow-autopilot'' 
13133      DEBUG main            d.u.i.k.p.m.ProofCorrectnessMgt No justification found for rule Class_invariant_axiom_for_mini_AliasingExamples 
13424      INFO  main            d.u.i.k.p.r.p.TestFile    ... finished proof: closed. 
13560      INFO  main            d.u.i.k.p.r.p.TestFile    Now processing file /home/runner/work/key/key/key.core/../key.ui/examples/InformationFlow/MiniExamples/mini.MiniExamplesLecture(mini.MiniExamplesLecture__m_6()).Non-interference contract.0.m.key 
13560      INFO  main            d.u.i.k.p.i.AbstractProblemLoader Loading environment from /home/runner/work/key/key/key.core/../key.ui/examples/InformationFlow/MiniExamples/mini.MiniExamplesLecture(mini.MiniExamplesLecture__m_6()).Non-interference contract.0.m.key 
13560      DEBUG main            d.u.i.k.p.i.AbstractProblemLoader Environment load took 73.3ns 
13562      INFO  main            d.u.i.k.p.i.AbstractProblemLoader Creating init config 
16272      DEBUG main            d.u.i.k.p.i.AbstractProblemLoader Init config took 2.71s 
16322      INFO  main            d.u.i.k.p.i.AbstractProblemLoader Replaying proof mini.MiniExamplesLecture[mini.MiniExamplesLecture::m_6()].Non-interference contract.0 
16325      DEBUG main            d.u.i.k.p.i.IntermediateProofReplayer Proof replay took 12.8ns 
16326      DEBUG main            d.u.i.k.m.s.ProofScriptEngine [1] goal: 0, source line: 51, command: 'macro 'infflow-autopilot'' 
16366      DEBUG main            d.u.i.k.p.m.ProofCorrectnessMgt No justification found for rule Class_invariant_axiom_for_mini_MiniExamplesLecture 
16442      INFO  main            d.u.i.k.p.r.p.TestFile    ... finished proof: closed. 
16560      INFO  main            d.u.i.k.p.r.p.TestFile    Now processing file /home/runner/work/key/key/key.core/../key.ui/examples/InformationFlow/MiniExamples/mini.MiniExamplesLecture(mini.MiniExamplesLecture__m_5()).Non-interference contract.0.m.key 
16560      INFO  main            d.u.i.k.p.i.AbstractProblemLoader Loading environment from /home/runner/work/key/key/key.core/../key.ui/examples/InformationFlow/MiniExamples/mini.MiniExamplesLecture(mini.MiniExamplesLecture__m_5()).Non-interference contract.0.m.key 
16560      DEBUG main            d.u.i.k.p.i.AbstractProblemLoader Environment load took 64.8ns 
16568      INFO  main            d.u.i.k.p.i.AbstractProblemLoader Creating init config 
19276      DEBUG main            d.u.i.k.p.i.AbstractProblemLoader Init config took 2.71s 
19323      INFO  main            d.u.i.k.p.i.AbstractProblemLoader Replaying proof mini.MiniExamplesLecture[mini.MiniExamplesLecture::m_5()].Non-interference contract.0 
19325      DEBUG main            d.u.i.k.p.i.IntermediateProofReplayer Proof replay took 11.8ns 
19326      DEBUG main            d.u.i.k.m.s.ProofScriptEngine [1] goal: 0, source line: 51, command: 'macro 'infflow-autopilot'' 
19377      DEBUG main            d.u.i.k.p.m.ProofCorrectnessMgt No justification found for rule Class_invariant_axiom_for_mini_MiniExamplesLecture 
19514      INFO  main            d.u.i.k.p.r.p.TestFile    ... finished proof: closed. 
19638      INFO  main            d.u.i.k.p.r.p.TestFile    Now processing file /home/runner/work/key/key/key.core/../key.ui/examples/InformationFlow/MiniExamples/mini.MiniExamplesLecture(mini.MiniExamplesLecture__m_4()).Non-interference contract.0.m.key 
19639      INFO  main            d.u.i.k.p.i.AbstractProblemLoader Loading environment from /home/runner/work/key/key/key.core/../key.ui/examples/InformationFlow/MiniExamples/mini.MiniExamplesLecture(mini.MiniExamplesLecture__m_4()).Non-interference contract.0.m.key 
19639      DEBUG main            d.u.i.k.p.i.AbstractProblemLoader Environment load took 114.6ns 
19640      INFO  main            d.u.i.k.p.i.AbstractProblemLoader Creating init config 
22291      DEBUG main            d.u.i.k.p.i.AbstractProblemLoader Init config took 2.65s 
22340      INFO  main            d.u.i.k.p.i.AbstractProblemLoader Replaying proof mini.MiniExamplesLecture[mini.MiniExamplesLecture::m_4()].Non-interference contract.0 
22343      DEBUG main            d.u.i.k.p.i.IntermediateProofReplayer Proof replay took 13.4ns 
22343      DEBUG main            d.u.i.k.m.s.ProofScriptEngine [1] goal: 0, source line: 51, command: 'macro 'infflow-autopilot'' 
22383      DEBUG main            d.u.i.k.p.m.ProofCorrectnessMgt No justification found for rule Class_invariant_axiom_for_mini_MiniExamplesLecture 
22505      INFO  main            d.u.i.k.p.r.p.TestFile    ... finished proof: closed. 
22650      INFO  main            d.u.i.k.p.r.p.TestFile    Now processing file /home/runner/work/key/key/key.core/../key.ui/examples/InformationFlow/MiniExamples/mini.MiniExamplesLecture(mini.MiniExamplesLecture__m_3()).Non-interference contract.0.m.key 
22650      INFO  main            d.u.i.k.p.i.AbstractProblemLoader Loading environment from /home/runner/work/key/key/key.core/../key.ui/examples/InformationFlow/MiniExamples/mini.MiniExamplesLecture(mini.MiniExamplesLecture__m_3()).Non-interference contract.0.m.key 
22650      DEBUG main            d.u.i.k.p.i.AbstractProblemLoader Environment load took 70.3ns 
22653      INFO  main            d.u.i.k.p.i.AbstractProblemLoader Creating init config 
25231      DEBUG main            d.u.i.k.p.i.AbstractProblemLoader Init config took 2.58s 
25274      INFO  main            d.u.i.k.p.i.AbstractProblemLoader Replaying proof mini.MiniExamplesLecture[mini.MiniExamplesLecture::m_3()].Non-interference contract.0 
25276      DEBUG main            d.u.i.k.p.i.IntermediateProofReplayer Proof replay took 11.8ns 
25277      DEBUG main            d.u.i.k.m.s.ProofScriptEngine [1] goal: 0, source line: 51, command: 'macro 'infflow-autopilot'' 
25313      DEBUG main            d.u.i.k.p.m.ProofCorrectnessMgt No justification found for rule Class_invariant_axiom_for_mini_MiniExamplesLecture 
25599      INFO  main            d.u.i.k.p.r.p.TestFile    ... finished proof: open goal(s) 
25733      INFO  main            d.u.i.k.p.r.p.TestFile    Now processing file /home/runner/work/key/key/key.core/../key.ui/examples/InformationFlow/MiniExamples/mini.MiniExamplesLecture(mini.MiniExamplesLecture__m_2()).Non-interference contract.0.m.key 
25733      INFO  main            d.u.i.k.p.i.AbstractProblemLoader Loading environment from /home/runner/work/key/key/key.core/../key.ui/examples/InformationFlow/MiniExamples/mini.MiniExamplesLecture(mini.MiniExamplesLecture__m_2()).Non-interference contract.0.m.key 
25733      DEBUG main            d.u.i.k.p.i.AbstractProblemLoader Environment load took 74.1ns 
25734      INFO  main            d.u.i.k.p.i.AbstractProblemLoader Creating init config 
28360      DEBUG main            d.u.i.k.p.i.AbstractProblemLoader Init config took 2.63s 
28403      INFO  main            d.u.i.k.p.i.AbstractProblemLoader Replaying proof mini.MiniExamplesLecture[mini.MiniExamplesLecture::m_2()].Non-interference contract.0 
28405      DEBUG main            d.u.i.k.p.i.IntermediateProofReplayer Proof replay took 13.2ns 
28405      DEBUG main            d.u.i.k.m.s.ProofScriptEngine [1] goal: 0, source line: 51, command: 'macro 'infflow-autopilot'' 
28452      DEBUG main            d.u.i.k.p.m.ProofCorrectnessMgt No justification found for rule Class_invariant_axiom_for_mini_MiniExamplesLecture 
28623      INFO  main            d.u.i.k.p.r.p.TestFile    ... finished proof: closed. 
28767      INFO  main            d.u.i.k.p.r.p.TestFile    Now processing file /home/runner/work/key/key/key.core/../key.ui/examples/InformationFlow/MiniExamples/mini.MiniExamplesLecture(mini.MiniExamplesLecture__m_1()).Non-interference contract.0.m.key 
28767      INFO  main            d.u.i.k.p.i.AbstractProblemLoader Loading environment from /home/runner/work/key/key/key.core/../key.ui/examples/InformationFlow/MiniExamples/mini.MiniExamplesLecture(mini.MiniExamplesLecture__m_1()).Non-interference contract.0.m.key 
28767      DEBUG main            d.u.i.k.p.i.AbstractProblemLoader Environment load took 102ns 
28768      INFO  main            d.u.i.k.p.i.AbstractProblemLoader Creating init config 
31334      DEBUG main            d.u.i.k.p.i.AbstractProblemLoader Init config took 2.57s 
31374      INFO  main            d.u.i.k.p.i.AbstractProblemLoader Replaying proof mini.MiniExamplesLecture[mini.MiniExamplesLecture::m_1()].Non-interference contract.0 
31376      DEBUG main            d.u.i.k.p.i.IntermediateProofReplayer Proof replay took 13.5ns 
31377      DEBUG main            d.u.i.k.m.s.ProofScriptEngine [1] goal: 0, source line: 51, command: 'macro 'infflow-autopilot'' 
31420      DEBUG main            d.u.i.k.p.m.ProofCorrectnessMgt No justification found for rule Class_invariant_axiom_for_mini_MiniExamplesLecture 
31531      INFO  main            d.u.i.k.p.r.p.TestFile    ... finished proof: open goal(s) 
31673      INFO  main            d.u.i.k.p.r.p.TestFile    Now processing file /home/runner/work/key/key/key.core/../key.ui/examples/InformationFlow/MiniExamples/mini.DifferenceSeqLocset(mini.DifferenceSeqLocset__m()).Non-interference contract.1.m.key 
31673      INFO  main            d.u.i.k.p.i.AbstractProblemLoader Loading environment from /home/runner/work/key/key/key.core/../key.ui/examples/InformationFlow/MiniExamples/mini.DifferenceSeqLocset(mini.DifferenceSeqLocset__m()).Non-interference contract.1.m.key 
31673      DEBUG main            d.u.i.k.p.i.AbstractProblemLoader Environment load took 67.2ns 
31674      INFO  main            d.u.i.k.p.i.AbstractProblemLoader Creating init config 
34222      DEBUG main            d.u.i.k.p.i.AbstractProblemLoader Init config took 2.55s 
34265      INFO  main            d.u.i.k.p.i.AbstractProblemLoader Replaying proof mini.DifferenceSeqLocset[mini.DifferenceSeqLocset::m()].Non-interference contract.1 
34267      DEBUG main            d.u.i.k.p.i.IntermediateProofReplayer Proof replay took 12.4ns 
34268      DEBUG main            d.u.i.k.m.s.ProofScriptEngine [1] goal: 0, source line: 51, command: 'macro 'infflow-autopilot'' 
34299      DEBUG main            d.u.i.k.p.m.ProofCorrectnessMgt No justification found for rule Class_invariant_axiom_for_mini_DifferenceSeqLocset 
34873      INFO  main            d.u.i.k.p.r.p.TestFile    ... finished proof: open goal(s) 
35085      INFO  main            d.u.i.k.p.r.p.TestFile    Now processing file /home/runner/work/key/key/key.core/../key.ui/examples/InformationFlow/MiniExamples/mini.DifferenceSeqLocset(mini.DifferenceSeqLocset__m()).Non-interference contract.0.m.key 
35085      INFO  main            d.u.i.k.p.i.AbstractProblemLoader Loading environment from /home/runner/work/key/key/key.core/../key.ui/examples/InformationFlow/MiniExamples/mini.DifferenceSeqLocset(mini.DifferenceSeqLocset__m()).Non-interference contract.0.m.key 
35086      DEBUG main            d.u.i.k.p.i.AbstractProblemLoader Environment load took 62.1ns 
35086      INFO  main            d.u.i.k.p.i.AbstractProblemLoader Creating init config 
37694      DEBUG main            d.u.i.k.p.i.AbstractProblemLoader Init config took 2.61s 
37736      INFO  main            d.u.i.k.p.i.AbstractProblemLoader Replaying proof mini.DifferenceSeqLocset[mini.DifferenceSeqLocset::m()].Non-interference contract.0 
37738      DEBUG main            d.u.i.k.p.i.IntermediateProofReplayer Proof replay took 13.4ns 
37739      DEBUG main            d.u.i.k.m.s.ProofScriptEngine [1] goal: 0, source line: 51, command: 'macro 'infflow-autopilot'' 
37770      DEBUG main            d.u.i.k.p.m.ProofCorrectnessMgt No justification found for rule Class_invariant_axiom_for_mini_DifferenceSeqLocset 
39340      INFO  main            d.u.i.k.p.r.p.TestFile    ... finished proof: open goal(s) 
39500      INFO  main            d.u.i.k.p.r.p.TestFile    Now processing file /home/runner/work/key/key/key.core/../key.ui/examples/InformationFlow/MiniExamples/mini.MiniExamples(mini.MiniExamples__secure_p2_8()).Non-interference contract.0.m.key 
39500      INFO  main            d.u.i.k.p.i.AbstractProblemLoader Loading environment from /home/runner/work/key/key/key.core/../key.ui/examples/InformationFlow/MiniExamples/mini.MiniExamples(mini.MiniExamples__secure_p2_8()).Non-interference contract.0.m.key 
39500      DEBUG main            d.u.i.k.p.i.AbstractProblemLoader Environment load took 61.1ns 
39501      INFO  main            d.u.i.k.p.i.AbstractProblemLoader Creating init config 
42029      DEBUG main            d.u.i.k.p.i.AbstractProblemLoader Init config took 2.53s 
42085      INFO  main            d.u.i.k.p.i.AbstractProblemLoader Replaying proof mini.MiniExamples[mini.MiniExamples::secure_p2_8()].Non-interference contract.0 
42091      DEBUG main            d.u.i.k.p.i.IntermediateProofReplayer Proof replay took 13.3ns 
42091      DEBUG main            d.u.i.k.m.s.ProofScriptEngine [1] goal: 0, source line: 51, command: 'macro 'infflow-autopilot'' 
42126      DEBUG main            d.u.i.k.p.m.ProofCorrectnessMgt No justification found for rule Class_invariant_axiom_for_mini_MiniExamples 
42370      INFO  main            d.u.i.k.p.r.p.TestFile    ... finished proof: closed. 
42547      INFO  main            d.u.i.k.p.r.p.TestFile    Now processing file /home/runner/work/key/key/key.core/../key.ui/examples/InformationFlow/MiniExamples/mini.MiniExamples(mini.MiniExamples__secure_parameter(int)).Non-interference contract.0.m.key 
42548      INFO  main            d.u.i.k.p.i.AbstractProblemLoader Loading environment from /home/runner/work/key/key/key.core/../key.ui/examples/InformationFlow/MiniExamples/mini.MiniExamples(mini.MiniExamples__secure_parameter(int)).Non-interference contract.0.m.key 
42548      DEBUG main            d.u.i.k.p.i.AbstractProblemLoader Environment load took 73.8ns 
42549      INFO  main            d.u.i.k.p.i.AbstractProblemLoader Creating init config 
45070      DEBUG main            d.u.i.k.p.i.AbstractProblemLoader Init config took 2.52s 
45117      INFO  main            d.u.i.k.p.i.AbstractProblemLoader Replaying proof mini.MiniExamples[mini.MiniExamples::secure_parameter(int)].Non-interference contract.0 
45120      DEBUG main            d.u.i.k.p.i.IntermediateProofReplayer Proof replay took 18.7ns 
45121      DEBUG main            d.u.i.k.m.s.ProofScriptEngine [1] goal: 0, source line: 51, command: 'macro 'infflow-autopilot'' 
45157      DEBUG main            d.u.i.k.p.m.ProofCorrectnessMgt No justification found for rule Class_invariant_axiom_for_mini_MiniExamples 
45271      INFO  main            d.u.i.k.p.r.p.TestFile    ... finished proof: closed. 
45420      INFO  main            d.u.i.k.p.r.p.TestFile    Now processing file /home/runner/work/key/key/key.core/../key.ui/examples/InformationFlow/MiniExamples/mini.MiniExamples(mini.MiniExamples__secure_p2_7()).Non-interference contract.0.m.key 
45421      INFO  main            d.u.i.k.p.i.AbstractProblemLoader Loading environment from /home/runner/work/key/key/key.core/../key.ui/examples/InformationFlow/MiniExamples/mini.MiniExamples(mini.MiniExamples__secure_p2_7()).Non-interference contract.0.m.key 
45421      DEBUG main            d.u.i.k.p.i.AbstractProblemLoader Environment load took 162ns 
45422      INFO  main            d.u.i.k.p.i.AbstractProblemLoader Creating init config 
47960      DEBUG main            d.u.i.k.p.i.AbstractProblemLoader Init config took 2.54s 
47997      INFO  main            d.u.i.k.p.i.AbstractProblemLoader Replaying proof mini.MiniExamples[mini.MiniExamples::secure_p2_7()].Non-interference contract.0 
47999      DEBUG main            d.u.i.k.p.i.IntermediateProofReplayer Proof replay took 12.9ns 
48000      DEBUG main            d.u.i.k.m.s.ProofScriptEngine [1] goal: 0, source line: 51, command: 'macro 'infflow-autopilot'' 
48027      DEBUG main            d.u.i.k.p.m.ProofCorrectnessMgt No justification found for rule Class_invariant_axiom_for_mini_MiniExamples 
48222      INFO  main            d.u.i.k.p.r.p.TestFile    ... finished proof: closed. 
48380      INFO  main            d.u.i.k.p.r.p.TestFile    Now processing file /home/runner/work/key/key/key.core/../key.ui/examples/InformationFlow/MiniExamples/mini.MiniExamples(mini.MiniExamples__insecure_p2_2()).Non-interference contract.0.m.key 
48381      INFO  main            d.u.i.k.p.i.AbstractProblemLoader Loading environment from /home/runner/work/key/key/key.core/../key.ui/examples/InformationFlow/MiniExamples/mini.MiniExamples(mini.MiniExamples__insecure_p2_2()).Non-interference contract.0.m.key 
48381      DEBUG main            d.u.i.k.p.i.AbstractProblemLoader Environment load took 98.9ns 
48382      INFO  main            d.u.i.k.p.i.AbstractProblemLoader Creating init config 
50908      DEBUG main            d.u.i.k.p.i.AbstractProblemLoader Init config took 2.53s 
50944      INFO  main            d.u.i.k.p.i.AbstractProblemLoader Replaying proof mini.MiniExamples[mini.MiniExamples::insecure_p2_2()].Non-interference contract.0 
50946      DEBUG main            d.u.i.k.p.i.IntermediateProofReplayer Proof replay took 13.8ns 
50946      DEBUG main            d.u.i.k.m.s.ProofScriptEngine [1] goal: 0, source line: 51, command: 'macro 'infflow-autopilot'' 
50974      DEBUG main            d.u.i.k.p.m.ProofCorrectnessMgt No justification found for rule Class_invariant_axiom_for_mini_MiniExamples 
51200      INFO  main            d.u.i.k.p.r.p.TestFile    ... finished proof: open goal(s) 
51368      INFO  main            d.u.i.k.p.r.p.TestFile    Now processing file /home/runner/work/key/key/key.core/../key.ui/examples/InformationFlow/MiniExamples/mini.MiniExamples(mini.MiniExamples__secure_p2_6()).Non-interference contract.0.m.key 
51368      INFO  main            d.u.i.k.p.i.AbstractProblemLoader Loading environment from /home/runner/work/key/key/key.core/../key.ui/examples/InformationFlow/MiniExamples/mini.MiniExamples(mini.MiniExamples__secure_p2_6()).Non-interference contract.0.m.key 
51368      DEBUG main            d.u.i.k.p.i.AbstractProblemLoader Environment load took 58.3ns 
51370      INFO  main            d.u.i.k.p.i.AbstractProblemLoader Creating init config 
53901      DEBUG main            d.u.i.k.p.i.AbstractProblemLoader Init config took 2.53s 
53937      INFO  main            d.u.i.k.p.i.AbstractProblemLoader Replaying proof mini.MiniExamples[mini.MiniExamples::secure_p2_6()].Non-interference contract.0 
53940      DEBUG main            d.u.i.k.p.i.IntermediateProofReplayer Proof replay took 16.3ns 
53940      DEBUG main            d.u.i.k.m.s.ProofScriptEngine [1] goal: 0, source line: 51, command: 'macro 'infflow-autopilot'' 
53968      DEBUG main            d.u.i.k.p.m.ProofCorrectnessMgt No justification found for rule Class_invariant_axiom_for_mini_MiniExamples 
54025      INFO  main            d.u.i.k.p.r.p.TestFile    ... finished proof: closed. 
54250      INFO  main            d.u.i.k.p.r.p.TestFile    Now processing file /home/runner/work/key/key/key.core/../key.ui/examples/InformationFlow/MiniExamples/mini.MiniExamples(mini.MiniExamples__secure_p2_5()).Non-interference contract.0.m.key 
54250      INFO  main            d.u.i.k.p.i.AbstractProblemLoader Loading environment from /home/runner/work/key/key/key.core/../key.ui/examples/InformationFlow/MiniExamples/mini.MiniExamples(mini.MiniExamples__secure_p2_5()).Non-interference contract.0.m.key 
54250      DEBUG main            d.u.i.k.p.i.AbstractProblemLoader Environment load took 65.6ns 
54251      INFO  main            d.u.i.k.p.i.AbstractProblemLoader Creating init config 
56777      DEBUG main            d.u.i.k.p.i.AbstractProblemLoader Init config took 2.53s 
56813      INFO  main            d.u.i.k.p.i.AbstractProblemLoader Replaying proof mini.MiniExamples[mini.MiniExamples::secure_p2_5()].Non-interference contract.0 
56815      DEBUG main            d.u.i.k.p.i.IntermediateProofReplayer Proof replay took 13.4ns 
56815      DEBUG main            d.u.i.k.m.s.ProofScriptEngine [1] goal: 0, source line: 51, command: 'macro 'infflow-autopilot'' 
56843      DEBUG main            d.u.i.k.p.m.ProofCorrectnessMgt No justification found for rule Class_invariant_axiom_for_mini_MiniExamples 
56962      INFO  main            d.u.i.k.p.r.p.TestFile    ... finished proof: closed. 
57110      INFO  main            d.u.i.k.p.r.p.TestFile    Now processing file /home/runner/work/key/key/key.core/../key.ui/examples/InformationFlow/MiniExamples/mini.MiniExamples(mini.MiniExamples__secure_p2_4()).Non-interference contract.0.m.key 
57111      INFO  main            d.u.i.k.p.i.AbstractProblemLoader Loading environment from /home/runner/work/key/key/key.core/../key.ui/examples/InformationFlow/MiniExamples/mini.MiniExamples(mini.MiniExamples__secure_p2_4()).Non-interference contract.0.m.key 
57111      DEBUG main            d.u.i.k.p.i.AbstractProblemLoader Environment load took 59ns 
57112      INFO  main            d.u.i.k.p.i.AbstractProblemLoader Creating init config 
59625      DEBUG main            d.u.i.k.p.i.AbstractProblemLoader Init config took 2.51s 
59663      INFO  main            d.u.i.k.p.i.AbstractProblemLoader Replaying proof mini.MiniExamples[mini.MiniExamples::secure_p2_4()].Non-interference contract.0 
59667      DEBUG main            d.u.i.k.p.i.IntermediateProofReplayer Proof replay took 13.5ns 
59668      DEBUG main            d.u.i.k.m.s.ProofScriptEngine [1] goal: 0, source line: 51, command: 'macro 'infflow-autopilot'' 
59699      DEBUG main            d.u.i.k.p.m.ProofCorrectnessMgt No justification found for rule Class_invariant_axiom_for_mini_MiniExamples 
59803      INFO  main            d.u.i.k.p.r.p.TestFile    ... finished proof: closed. 
59979      INFO  main            d.u.i.k.p.r.p.TestFile    Now processing file /home/runner/work/key/key/key.core/../key.ui/examples/InformationFlow/MiniExamples/mini.MiniExamples(mini.MiniExamples__secure_p2_3()).Non-interference contract.0.m.key 
59979      INFO  main            d.u.i.k.p.i.AbstractProblemLoader Loading environment from /home/runner/work/key/key/key.core/../key.ui/examples/InformationFlow/MiniExamples/mini.MiniExamples(mini.MiniExamples__secure_p2_3()).Non-interference contract.0.m.key 
59979      DEBUG main            d.u.i.k.p.i.AbstractProblemLoader Environment load took 87.7ns 
59980      INFO  main            d.u.i.k.p.i.AbstractProblemLoader Creating init config 
62484      DEBUG main            d.u.i.k.p.i.AbstractProblemLoader Init config took 2.5s 
62528      INFO  main            d.u.i.k.p.i.AbstractProblemLoader Replaying proof mini.MiniExamples[mini.MiniExamples::secure_p2_3()].Non-interference contract.0 
62530      DEBUG main            d.u.i.k.p.i.IntermediateProofReplayer Proof replay took 13ns 
62531      DEBUG main            d.u.i.k.m.s.ProofScriptEngine [1] goal: 0, source line: 51, command: 'macro 'infflow-autopilot'' 
62556      DEBUG main            d.u.i.k.p.m.ProofCorrectnessMgt No justification found for rule Class_invariant_axiom_for_mini_MiniExamples 
62632      INFO  main            d.u.i.k.p.r.p.TestFile    ... finished proof: closed. 
62798      INFO  main            d.u.i.k.p.r.p.TestFile    Now processing file /home/runner/work/key/key/key.core/../key.ui/examples/InformationFlow/MiniExamples/mini.MiniExamples(mini.MiniExamples__secure_p2_2()).Non-interference contract.0.m.key 
62798      INFO  main            d.u.i.k.p.i.AbstractProblemLoader Loading environment from /home/runner/work/key/key/key.core/../key.ui/examples/InformationFlow/MiniExamples/mini.MiniExamples(mini.MiniExamples__secure_p2_2()).Non-interference contract.0.m.key 
62798      DEBUG main            d.u.i.k.p.i.AbstractProblemLoader Environment load took 55.8ns 
62799      INFO  main            d.u.i.k.p.i.AbstractProblemLoader Creating init config 
65316      DEBUG main            d.u.i.k.p.i.AbstractProblemLoader Init config took 2.52s 
65355      INFO  main            d.u.i.k.p.i.AbstractProblemLoader Replaying proof mini.MiniExamples[mini.MiniExamples::secure_p2_2()].Non-interference contract.0 
65357      DEBUG main            d.u.i.k.p.i.IntermediateProofReplayer Proof replay took 15ns 
65358      DEBUG main            d.u.i.k.m.s.ProofScriptEngine [1] goal: 0, source line: 51, command: 'macro 'infflow-autopilot'' 
65384      DEBUG main            d.u.i.k.p.m.ProofCorrectnessMgt No justification found for rule Class_invariant_axiom_for_mini_MiniExamples 
65493      INFO  main            d.u.i.k.p.r.p.TestFile    ... finished proof: closed. 
65654      INFO  main            d.u.i.k.p.r.p.TestFile    Now processing file /home/runner/work/key/key/key.core/../key.ui/examples/InformationFlow/MiniExamples/mini.MiniExamples(mini.MiniExamples__secure_p2_1()).Non-interference contract.0.m.key 
65654      INFO  main            d.u.i.k.p.i.AbstractProblemLoader Loading environment from /home/runner/work/key/key/key.core/../key.ui/examples/InformationFlow/MiniExamples/mini.MiniExamples(mini.MiniExamples__secure_p2_1()).Non-interference contract.0.m.key 
65655      DEBUG main            d.u.i.k.p.i.AbstractProblemLoader Environment load took 56.7ns 
65656      INFO  main            d.u.i.k.p.i.AbstractProblemLoader Creating init config 
68196      DEBUG main            d.u.i.k.p.i.AbstractProblemLoader Init config took 2.54s 
68236      INFO  main            d.u.i.k.p.i.AbstractProblemLoader Replaying proof mini.MiniExamples[mini.MiniExamples::secure_p2_1()].Non-interference contract.0 
68238      DEBUG main            d.u.i.k.p.i.IntermediateProofReplayer Proof replay took 14.6ns 
68238      DEBUG main            d.u.i.k.m.s.ProofScriptEngine [1] goal: 0, source line: 51, command: 'macro 'infflow-autopilot'' 
68269      DEBUG main            d.u.i.k.p.m.ProofCorrectnessMgt No justification found for rule Class_invariant_axiom_for_mini_MiniExamples 
68337      INFO  main            d.u.i.k.p.r.p.TestFile    ... finished proof: closed. 
68528      INFO  main            d.u.i.k.p.r.p.TestFile    Now processing file /home/runner/work/key/key/key.core/../key.ui/examples/InformationFlow/MiniExamples/mini.MiniExamples(mini.MiniExamples__insecure_p2_1()).Non-interference contract.0.m.key 
68529      INFO  main            d.u.i.k.p.i.AbstractProblemLoader Loading environment from /home/runner/work/key/key/key.core/../key.ui/examples/InformationFlow/MiniExamples/mini.MiniExamples(mini.MiniExamples__insecure_p2_1()).Non-interference contract.0.m.key 
68529      DEBUG main            d.u.i.k.p.i.AbstractProblemLoader Environment load took 106.2ns 
68530      INFO  main            d.u.i.k.p.i.AbstractProblemLoader Creating init config 
71049      DEBUG main            d.u.i.k.p.i.AbstractProblemLoader Init config took 2.52s 
71087      INFO  main            d.u.i.k.p.i.AbstractProblemLoader Replaying proof mini.MiniExamples[mini.MiniExamples::insecure_p2_1()].Non-interference contract.0 
71089      DEBUG main            d.u.i.k.p.i.IntermediateProofReplayer Proof replay took 14.6ns 
71090      DEBUG main            d.u.i.k.m.s.ProofScriptEngine [1] goal: 0, source line: 51, command: 'macro 'infflow-autopilot'' 
71116      DEBUG main            d.u.i.k.p.m.ProofCorrectnessMgt No justification found for rule Class_invariant_axiom_for_mini_MiniExamples 
71210      INFO  main            d.u.i.k.p.r.p.TestFile    ... finished proof: open goal(s) 
71384      INFO  main            d.u.i.k.p.r.p.TestFile    Now processing file /home/runner/work/key/key/key.core/../key.ui/examples/InformationFlow/MiniExamples/mini.MiniExamples(mini.MiniExamples__secure_p1_6()).Non-interference contract.0.m.key 
71385      INFO  main            d.u.i.k.p.i.AbstractProblemLoader Loading environment from /home/runner/work/key/key/key.core/../key.ui/examples/InformationFlow/MiniExamples/mini.MiniExamples(mini.MiniExamples__secure_p1_6()).Non-interference contract.0.m.key 
71385      DEBUG main            d.u.i.k.p.i.AbstractProblemLoader Environment load took 86ns 
71386      INFO  main            d.u.i.k.p.i.AbstractProblemLoader Creating init config 
73940      DEBUG main            d.u.i.k.p.i.AbstractProblemLoader Init config took 2.55s 
73985      INFO  main            d.u.i.k.p.i.AbstractProblemLoader Replaying proof mini.MiniExamples[mini.MiniExamples::secure_p1_6()].Non-interference contract.0 
73987      DEBUG main            d.u.i.k.p.i.IntermediateProofReplayer Proof replay took 14ns 
73987      DEBUG main            d.u.i.k.m.s.ProofScriptEngine [1] goal: 0, source line: 51, command: 'macro 'infflow-autopilot'' 
74013      DEBUG main            d.u.i.k.p.m.ProofCorrectnessMgt No justification found for rule Class_invariant_axiom_for_mini_MiniExamples 
74097      INFO  main            d.u.i.k.p.r.p.TestFile    ... finished proof: closed. 
74301      INFO  main            d.u.i.k.p.r.p.TestFile    Now processing file /home/runner/work/key/key/key.core/../key.ui/examples/InformationFlow/MiniExamples/mini.MiniExamples(mini.MiniExamples__secure_p1_5()).Non-interference contract.0.m.key 
74301      INFO  main            d.u.i.k.p.i.AbstractProblemLoader Loading environment from /home/runner/work/key/key/key.core/../key.ui/examples/InformationFlow/MiniExamples/mini.MiniExamples(mini.MiniExamples__secure_p1_5()).Non-interference contract.0.m.key 
74301      DEBUG main            d.u.i.k.p.i.AbstractProblemLoader Environment load took 102.1ns 
74302      INFO  main            d.u.i.k.p.i.AbstractProblemLoader Creating init config 
76840      DEBUG main            d.u.i.k.p.i.AbstractProblemLoader Init config took 2.54s 
76876      INFO  main            d.u.i.k.p.i.AbstractProblemLoader Replaying proof mini.MiniExamples[mini.MiniExamples::secure_p1_5()].Non-interference contract.0 
76878      DEBUG main            d.u.i.k.p.i.IntermediateProofReplayer Proof replay took 15.6ns 
76878      DEBUG main            d.u.i.k.m.s.ProofScriptEngine [1] goal: 0, source line: 51, command: 'macro 'infflow-autopilot'' 
76905      DEBUG main            d.u.i.k.p.m.ProofCorrectnessMgt No justification found for rule Class_invariant_axiom_for_mini_MiniExamples 
77123      INFO  main            d.u.i.k.p.r.p.TestFile    ... finished proof: closed. 
77364      INFO  main            d.u.i.k.p.r.p.TestFile    Now processing file /home/runner/work/key/key/key.core/../key.ui/examples/InformationFlow/MiniExamples/mini.MiniExamples(mini.MiniExamples__secure_p1_4()).Non-interference contract.0.m.key 
77364      INFO  main            d.u.i.k.p.i.AbstractProblemLoader Loading environment from /home/runner/work/key/key/key.core/../key.ui/examples/InformationFlow/MiniExamples/mini.MiniExamples(mini.MiniExamples__secure_p1_4()).Non-interference contract.0.m.key 
77364      DEBUG main            d.u.i.k.p.i.AbstractProblemLoader Environment load took 68.1ns 
77365      INFO  main            d.u.i.k.p.i.AbstractProblemLoader Creating init config 
79873      DEBUG main            d.u.i.k.p.i.AbstractProblemLoader Init config took 2.51s 
79908      INFO  main            d.u.i.k.p.i.AbstractProblemLoader Replaying proof mini.MiniExamples[mini.MiniExamples::secure_p1_4()].Non-interference contract.0 
79910      DEBUG main            d.u.i.k.p.i.IntermediateProofReplayer Proof replay took 15.9ns 
79910      DEBUG main            d.u.i.k.m.s.ProofScriptEngine [1] goal: 0, source line: 51, command: 'macro 'infflow-autopilot'' 
79937      DEBUG main            d.u.i.k.p.m.ProofCorrectnessMgt No justification found for rule Class_invariant_axiom_for_mini_MiniExamples 
80151      INFO  main            d.u.i.k.p.r.p.TestFile    ... finished proof: closed. 
80331      INFO  main            d.u.i.k.p.r.p.TestFile    Now processing file /home/runner/work/key/key/key.core/../key.ui/examples/InformationFlow/MiniExamples/mini.MiniExamples(mini.MiniExamples__secure_p1_3()).Non-interference contract.0.m.key 
80332      INFO  main            d.u.i.k.p.i.AbstractProblemLoader Loading environment from /home/runner/work/key/key/key.core/../key.ui/examples/InformationFlow/MiniExamples/mini.MiniExamples(mini.MiniExamples__secure_p1_3()).Non-interference contract.0.m.key 
80332      DEBUG main            d.u.i.k.p.i.AbstractProblemLoader Environment load took 57.5ns 
80333      INFO  main            d.u.i.k.p.i.AbstractProblemLoader Creating init config 
82836      DEBUG main            d.u.i.k.p.i.AbstractProblemLoader Init config took 2.5s 
82871      INFO  main            d.u.i.k.p.i.AbstractProblemLoader Replaying proof mini.MiniExamples[mini.MiniExamples::secure_p1_3()].Non-interference contract.0 
82874      DEBUG main            d.u.i.k.p.i.IntermediateProofReplayer Proof replay took 15.3ns 
82874      DEBUG main            d.u.i.k.m.s.ProofScriptEngine [1] goal: 0, source line: 51, command: 'macro 'infflow-autopilot'' 
82903      DEBUG main            d.u.i.k.p.m.ProofCorrectnessMgt No justification found for rule Class_invariant_axiom_for_mini_MiniExamples 
82992      INFO  main            d.u.i.k.p.r.p.TestFile    ... finished proof: closed. 
83178      INFO  main            d.u.i.k.p.r.p.TestFile    Now processing file /home/runner/work/key/key/key.core/../key.ui/examples/InformationFlow/MiniExamples/mini.MiniExamples(mini.MiniExamples__secure_p1_2()).Non-interference contract.0.m.key 
83178      INFO  main            d.u.i.k.p.i.AbstractProblemLoader Loading environment from /home/runner/work/key/key/key.core/../key.ui/examples/InformationFlow/MiniExamples/mini.MiniExamples(mini.MiniExamples__secure_p1_2()).Non-interference contract.0.m.key 
83178      DEBUG main            d.u.i.k.p.i.AbstractProblemLoader Environment load took 55.8ns 
83179      INFO  main            d.u.i.k.p.i.AbstractProblemLoader Creating init config 
85679      DEBUG main            d.u.i.k.p.i.AbstractProblemLoader Init config took 2.5s 
85713      INFO  main            d.u.i.k.p.i.AbstractProblemLoader Replaying proof mini.MiniExamples[mini.MiniExamples::secure_p1_2()].Non-interference contract.0 
85715      DEBUG main            d.u.i.k.p.i.IntermediateProofReplayer Proof replay took 29.5ns 
85718      DEBUG main            d.u.i.k.m.s.ProofScriptEngine [1] goal: 0, source line: 51, command: 'macro 'infflow-autopilot'' 
85747      DEBUG main            d.u.i.k.p.m.ProofCorrectnessMgt No justification found for rule Class_invariant_axiom_for_mini_MiniExamples 
85983      INFO  main            d.u.i.k.p.r.p.TestFile    ... finished proof: closed. 
86182      INFO  main            d.u.i.k.p.r.p.TestFile    Now processing file /home/runner/work/key/key/key.core/../key.ui/examples/InformationFlow/MiniExamples/mini.MiniExamples(mini.MiniExamples__secure_p1_1()).Non-interference contract.1.m.key 
86182      INFO  main            d.u.i.k.p.i.AbstractProblemLoader Loading environment from /home/runner/work/key/key/key.core/../key.ui/examples/InformationFlow/MiniExamples/mini.MiniExamples(mini.MiniExamples__secure_p1_1()).Non-interference contract.1.m.key 
86182      DEBUG main            d.u.i.k.p.i.AbstractProblemLoader Environment load took 55.1ns 
86183      INFO  main            d.u.i.k.p.i.AbstractProblemLoader Creating init config 
88680      DEBUG main            d.u.i.k.p.i.AbstractProblemLoader Init config took 2.5s 
88715      INFO  main            d.u.i.k.p.i.AbstractProblemLoader Replaying proof mini.MiniExamples[mini.MiniExamples::secure_p1_1()].Non-interference contract.1 
88717      DEBUG main            d.u.i.k.p.i.IntermediateProofReplayer Proof replay took 16.6ns 
88718      DEBUG main            d.u.i.k.m.s.ProofScriptEngine [1] goal: 0, source line: 51, command: 'macro 'infflow-autopilot'' 
88744      DEBUG main            d.u.i.k.p.m.ProofCorrectnessMgt No justification found for rule Class_invariant_axiom_for_mini_MiniExamples 
88885      INFO  main            d.u.i.k.p.r.p.TestFile    ... finished proof: closed. 
89136      INFO  main            d.u.i.k.p.r.p.TestFile    Now processing file /home/runner/work/key/key/key.core/../key.ui/examples/InformationFlow/MiniExamples/mini.MiniExamples(mini.MiniExamples__secure_p1_1()).Non-interference contract.0.m.key 
89137      INFO  main            d.u.i.k.p.i.AbstractProblemLoader Loading environment from /home/runner/work/key/key/key.core/../key.ui/examples/InformationFlow/MiniExamples/mini.MiniExamples(mini.MiniExamples__secure_p1_1()).Non-interference contract.0.m.key 
89137      DEBUG main            d.u.i.k.p.i.AbstractProblemLoader Environment load took 81.7ns 
89138      INFO  main            d.u.i.k.p.i.AbstractProblemLoader Creating init config 
91666      DEBUG main            d.u.i.k.p.i.AbstractProblemLoader Init config took 2.53s 
91701      INFO  main            d.u.i.k.p.i.AbstractProblemLoader Replaying proof mini.MiniExamples[mini.MiniExamples::secure_p1_1()].Non-interference contract.0 
91702      DEBUG main            d.u.i.k.p.i.IntermediateProofReplayer Proof replay took 17.1ns 
91703      DEBUG main            d.u.i.k.m.s.ProofScriptEngine [1] goal: 0, source line: 51, command: 'macro 'infflow-autopilot'' 
91730      DEBUG main            d.u.i.k.p.m.ProofCorrectnessMgt No justification found for rule Class_invariant_axiom_for_mini_MiniExamples 
91868      INFO  main            d.u.i.k.p.r.p.TestFile    ... finished proof: closed. 
92088      INFO  main            d.u.i.k.p.r.p.TestFile    Now processing file /home/runner/work/key/key/key.core/../key.ui/examples/InformationFlow/MiniExamples/mini.MiniExamples(mini.MiniExamples__insecure_p1_2()).Non-interference contract.0.m.key 
92088      INFO  main            d.u.i.k.p.i.AbstractProblemLoader Loading environment from /home/runner/work/key/key/key.core/../key.ui/examples/InformationFlow/MiniExamples/mini.MiniExamples(mini.MiniExamples__insecure_p1_2()).Non-interference contract.0.m.key 
92089      DEBUG main            d.u.i.k.p.i.AbstractProblemLoader Environment load took 68.8ns 
92089      INFO  main            d.u.i.k.p.i.AbstractProblemLoader Creating init config 
94582      DEBUG main            d.u.i.k.p.i.AbstractProblemLoader Init config took 2.49s 
94616      INFO  main            d.u.i.k.p.i.AbstractProblemLoader Replaying proof mini.MiniExamples[mini.MiniExamples::insecure_p1_2()].Non-interference contract.0 
94618      DEBUG main            d.u.i.k.p.i.IntermediateProofReplayer Proof replay took 15.4ns 
94619      DEBUG main            d.u.i.k.m.s.ProofScriptEngine [1] goal: 0, source line: 51, command: 'macro 'infflow-autopilot'' 
94646      DEBUG main            d.u.i.k.p.m.ProofCorrectnessMgt No justification found for rule Class_invariant_axiom_for_mini_MiniExamples 
94876      INFO  main            d.u.i.k.p.r.p.TestFile    ... finished proof: open goal(s) 
95075      INFO  main            d.u.i.k.p.r.p.TestFile    Now processing file /home/runner/work/key/key/key.core/../key.ui/examples/InformationFlow/MiniExamples/mini.MiniExamples(mini.MiniExamples__insecure_p1_1()).Non-interference contract.0.m.key 
95075      INFO  main            d.u.i.k.p.i.AbstractProblemLoader Loading environment from /home/runner/work/key/key/key.core/../key.ui/examples/InformationFlow/MiniExamples/mini.MiniExamples(mini.MiniExamples__insecure_p1_1()).Non-interference contract.0.m.key 
95075      DEBUG main            d.u.i.k.p.i.AbstractProblemLoader Environment load took 53.8ns 
95076      INFO  main            d.u.i.k.p.i.AbstractProblemLoader Creating init config 
97558      DEBUG main            d.u.i.k.p.i.AbstractProblemLoader Init config took 2.48s 
97601      INFO  main            d.u.i.k.p.i.AbstractProblemLoader Replaying proof mini.MiniExamples[mini.MiniExamples::insecure_p1_1()].Non-interference contract.0 
97604      DEBUG main            d.u.i.k.p.i.IntermediateProofReplayer Proof replay took 16.9ns 
97605      DEBUG main            d.u.i.k.m.s.ProofScriptEngine [1] goal: 0, source line: 51, command: 'macro 'infflow-autopilot'' 
97632      DEBUG main            d.u.i.k.p.m.ProofCorrectnessMgt No justification found for rule Class_invariant_axiom_for_mini_MiniExamples 
97726      INFO  main            d.u.i.k.p.r.p.TestFile    ... finished proof: open goal(s) 
2240847    INFO  Test worker     d.u.i.k.p.r.RunAllProofsTestUnit Returning from test MiniExamples_fullmacro 
2240847    INFO  Test worker     d.u.i.k.p.r.RunAllProofsTestUnit Running test NewObjects_fullmacro 
389        INFO  Timeout watchdog d.u.i.k.p.r.p.ForkedTestFileRunner Timeout watcher launched (1000 secs.) 
411        WARN  main            d.u.i.k.s.ProofSettings   The settings in /home/runner/.key/proof-settings.props are *not* read. 
433        INFO  main            d.u.i.k.p.r.p.TestFile    Now processing file /home/runner/work/key/key/key.core/../key.ui/examples/InformationFlow/NewObjects/object.AmtoftBanerjee3(object.AmtoftBanerjee3__m()).Non-interference contract.0.m.key 
557        INFO  main            d.u.i.k.p.i.AbstractProblemLoader Loading environment from /home/runner/work/key/key/key.core/../key.ui/examples/InformationFlow/NewObjects/object.AmtoftBanerjee3(object.AmtoftBanerjee3__m()).Non-interference contract.0.m.key 
576        DEBUG main            d.u.i.k.p.i.AbstractProblemLoader Environment load took 2.04ms 
797        INFO  main            d.u.i.k.p.i.AbstractProblemLoader Creating init config 
1763       DEBUG main            d.u.i.k.j.TypeConverter   No LDT found for Meta 
1766       DEBUG main            d.u.i.k.j.TypeConverter   No LDT found for Meta 
1769       DEBUG main            d.u.i.k.j.TypeConverter   No LDT found for Meta 
1770       DEBUG main            d.u.i.k.j.TypeConverter   No LDT found for Meta 
3248       DEBUG main            d.u.i.k.j.TypeConverter   No LDT found for JavaBigintExpression 
6148       DEBUG main            d.u.i.k.j.r.ClassPreparationMethodBuilder clPrepBuilder: Inner Class detected. Reject building class initialisation methods. 
8710       DEBUG main            d.u.i.k.p.i.AbstractProblemLoader Init config took 7.91s 
8895       INFO  main            d.u.i.k.p.i.AbstractProblemLoader Replaying proof object.AmtoftBanerjee3[object.AmtoftBanerjee3::m()].Non-interference contract.0 
9000       DEBUG main            d.u.i.k.p.i.IntermediateProofReplayer Proof replay took 328.1ns 
9084       DEBUG main            d.u.i.k.m.s.ProofScriptEngine [1] goal: 0, source line: 51, command: 'macro 'infflow-autopilot'' 
9393       DEBUG main            d.u.i.k.p.m.ProofCorrectnessMgt No justification found for rule Class_invariant_axiom_for_object_AmtoftBanerjee3 
9957       INFO  main            d.u.i.k.p.r.p.TestFile    ... finished proof: closed. 
10066      INFO  main            d.u.i.k.p.r.p.TestFile    Now processing file /home/runner/work/key/key/key.core/../key.ui/examples/InformationFlow/NewObjects/object.AmtoftBanerjee(object.AmtoftBanerjee__m_2()).Non-interference contract.0.m.key 
10067      INFO  main            d.u.i.k.p.i.AbstractProblemLoader Loading environment from /home/runner/work/key/key/key.core/../key.ui/examples/InformationFlow/NewObjects/object.AmtoftBanerjee(object.AmtoftBanerjee__m_2()).Non-interference contract.0.m.key 
10067      DEBUG main            d.u.i.k.p.i.AbstractProblemLoader Environment load took 256.7ns 
10068      INFO  main            d.u.i.k.p.i.AbstractProblemLoader Creating init config 
11094      DEBUG main            d.u.i.k.j.r.ClassPreparationMethodBuilder clPrepBuilder: Inner Class detected. Reject building class initialisation methods. 
13214      DEBUG main            d.u.i.k.p.i.AbstractProblemLoader Init config took 3.15s 
13269      INFO  main            d.u.i.k.p.i.AbstractProblemLoader Replaying proof object.AmtoftBanerjee[object.AmtoftBanerjee::m_2()].Non-interference contract.0 
13272      DEBUG main            d.u.i.k.p.i.IntermediateProofReplayer Proof replay took 11.6ns 
13273      DEBUG main            d.u.i.k.m.s.ProofScriptEngine [1] goal: 0, source line: 51, command: 'macro 'infflow-autopilot'' 
13731      DEBUG main            d.u.i.k.p.m.ProofCorrectnessMgt No justification found for rule Class_invariant_axiom_for_object_AmtoftBanerjee 
13732      DEBUG main            d.u.i.k.p.m.ProofCorrectnessMgt No justification found for rule Class_invariant_axiom_for_object_AmtoftBanerjee 
13810      DEBUG main            d.u.i.k.p.m.ProofCorrectnessMgt No justification found for rule Class_invariant_axiom_for_object_AmtoftBanerjee 
14307      INFO  main            d.u.i.k.p.r.p.TestFile    ... finished proof: closed. 
14452      INFO  main            d.u.i.k.p.r.p.TestFile    Now processing file /home/runner/work/key/key/key.core/../key.ui/examples/InformationFlow/NewObjects/object.AmtoftBanerjee(object.AmtoftBanerjee__m_1()).Non-interference contract.1.m.key 
14453      INFO  main            d.u.i.k.p.i.AbstractProblemLoader Loading environment from /home/runner/work/key/key/key.core/../key.ui/examples/InformationFlow/NewObjects/object.AmtoftBanerjee(object.AmtoftBanerjee__m_1()).Non-interference contract.1.m.key 
14453      DEBUG main            d.u.i.k.p.i.AbstractProblemLoader Environment load took 109.8ns 
14454      INFO  main            d.u.i.k.p.i.AbstractProblemLoader Creating init config 
15440      DEBUG main            d.u.i.k.j.r.ClassPreparationMethodBuilder clPrepBuilder: Inner Class detected. Reject building class initialisation methods. 
17425      DEBUG main            d.u.i.k.p.i.AbstractProblemLoader Init config took 2.97s 
17477      INFO  main            d.u.i.k.p.i.AbstractProblemLoader Replaying proof object.AmtoftBanerjee[object.AmtoftBanerjee::m_1()].Non-interference contract.1 
17480      DEBUG main            d.u.i.k.p.i.IntermediateProofReplayer Proof replay took 11.1ns 
17480      DEBUG main            d.u.i.k.m.s.ProofScriptEngine [1] goal: 0, source line: 51, command: 'macro 'infflow-autopilot'' 
17689      DEBUG main            d.u.i.k.p.m.ProofCorrectnessMgt No justification found for rule Class_invariant_axiom_for_object_AmtoftBanerjee 
17690      DEBUG main            d.u.i.k.p.m.ProofCorrectnessMgt No justification found for rule Class_invariant_axiom_for_object_AmtoftBanerjee 
17721      DEBUG main            d.u.i.k.p.m.ProofCorrectnessMgt No justification found for rule Class_invariant_axiom_for_object_AmtoftBanerjee 
18010      INFO  main            d.u.i.k.p.r.p.TestFile    ... finished proof: open goal(s) 
18170      INFO  main            d.u.i.k.p.r.p.TestFile    Now processing file /home/runner/work/key/key/key.core/../key.ui/examples/InformationFlow/NewObjects/object.AmtoftBanerjee(object.AmtoftBanerjee__m_1()).Non-interference contract.0.m.key 
18170      INFO  main            d.u.i.k.p.i.AbstractProblemLoader Loading environment from /home/runner/work/key/key/key.core/../key.ui/examples/InformationFlow/NewObjects/object.AmtoftBanerjee(object.AmtoftBanerjee__m_1()).Non-interference contract.0.m.key 
18171      DEBUG main            d.u.i.k.p.i.AbstractProblemLoader Environment load took 90.7ns 
18172      INFO  main            d.u.i.k.p.i.AbstractProblemLoader Creating init config 
19098      DEBUG main            d.u.i.k.j.r.ClassPreparationMethodBuilder clPrepBuilder: Inner Class detected. Reject building class initialisation methods. 
21014      DEBUG main            d.u.i.k.p.i.AbstractProblemLoader Init config took 2.84s 
21085      INFO  main            d.u.i.k.p.i.AbstractProblemLoader Replaying proof object.AmtoftBanerjee[object.AmtoftBanerjee::m_1()].Non-interference contract.0 
21089      DEBUG main            d.u.i.k.p.i.IntermediateProofReplayer Proof replay took 13.8ns 
21090      DEBUG main            d.u.i.k.m.s.ProofScriptEngine [1] goal: 0, source line: 51, command: 'macro 'infflow-autopilot'' 
21284      DEBUG main            d.u.i.k.p.m.ProofCorrectnessMgt No justification found for rule Class_invariant_axiom_for_object_AmtoftBanerjee 
21285      DEBUG main            d.u.i.k.p.m.ProofCorrectnessMgt No justification found for rule Class_invariant_axiom_for_object_AmtoftBanerjee 
21319      DEBUG main            d.u.i.k.p.m.ProofCorrectnessMgt No justification found for rule Class_invariant_axiom_for_object_AmtoftBanerjee 
21665      INFO  main            d.u.i.k.p.r.p.TestFile    ... finished proof: closed. 
21830      INFO  main            d.u.i.k.p.r.p.TestFile    Now processing file /home/runner/work/key/key/key.core/../key.ui/examples/InformationFlow/NewObjects/object.AmtoftBanerjee(object.AmtoftBanerjee__getQ()).Non-interference contract.0.m.key 
21830      INFO  main            d.u.i.k.p.i.AbstractProblemLoader Loading environment from /home/runner/work/key/key/key.core/../key.ui/examples/InformationFlow/NewObjects/object.AmtoftBanerjee(object.AmtoftBanerjee__getQ()).Non-interference contract.0.m.key 
21830      DEBUG main            d.u.i.k.p.i.AbstractProblemLoader Environment load took 61.9ns 
21833      INFO  main            d.u.i.k.p.i.AbstractProblemLoader Creating init config 
22749      DEBUG main            d.u.i.k.j.r.ClassPreparationMethodBuilder clPrepBuilder: Inner Class detected. Reject building class initialisation methods. 
24641      DEBUG main            d.u.i.k.p.i.AbstractProblemLoader Init config took 2.81s 
24692      INFO  main            d.u.i.k.p.i.AbstractProblemLoader Replaying proof object.AmtoftBanerjee[object.AmtoftBanerjee::getQ()].Non-interference contract.0 
24695      DEBUG main            d.u.i.k.p.i.IntermediateProofReplayer Proof replay took 23.4ns 
24696      DEBUG main            d.u.i.k.m.s.ProofScriptEngine [1] goal: 0, source line: 51, command: 'macro 'infflow-autopilot'' 
24733      DEBUG main            d.u.i.k.p.m.ProofCorrectnessMgt No justification found for rule Class_invariant_axiom_for_object_AmtoftBanerjee 
24810      INFO  main            d.u.i.k.p.r.p.TestFile    ... finished proof: closed. 
24939      INFO  main            d.u.i.k.p.r.p.TestFile    Now processing file /home/runner/work/key/key/key.core/../key.ui/examples/InformationFlow/NewObjects/object.Naumann(object.Naumann__Pair_m(int,int)).Non-interference contract.0.m.key 
24939      INFO  main            d.u.i.k.p.i.AbstractProblemLoader Loading environment from /home/runner/work/key/key/key.core/../key.ui/examples/InformationFlow/NewObjects/object.Naumann(object.Naumann__Pair_m(int,int)).Non-interference contract.0.m.key 
24939      DEBUG main            d.u.i.k.p.i.AbstractProblemLoader Environment load took 63.7ns 
24943      INFO  main            d.u.i.k.p.i.AbstractProblemLoader Creating init config 
25852      DEBUG main            d.u.i.k.j.r.ClassPreparationMethodBuilder clPrepBuilder: Inner Class detected. Reject building class initialisation methods. 
27810      DEBUG main            d.u.i.k.p.i.AbstractProblemLoader Init config took 2.87s 
27859      INFO  main            d.u.i.k.p.i.AbstractProblemLoader Replaying proof object.Naumann[object.Naumann::Pair_m(int,int)].Non-interference contract.0 
27861      DEBUG main            d.u.i.k.p.i.IntermediateProofReplayer Proof replay took 11.8ns 
27862      DEBUG main            d.u.i.k.m.s.ProofScriptEngine [1] goal: 0, source line: 51, command: 'macro 'infflow-autopilot'' 
39236      INFO  main            d.u.i.k.p.r.p.TestFile    ... finished proof: closed. 
39464      INFO  main            d.u.i.k.p.r.p.TestFile    Now processing file /home/runner/work/key/key/key.core/../key.ui/examples/InformationFlow/NewObjects/object.ObjectOrientation(object.ObjectOrientation__secure_while_i((Ljava.lang.Object)).Non-interference contract.0.m.key 
39464      INFO  main            d.u.i.k.p.i.AbstractProblemLoader Loading environment from /home/runner/work/key/key/key.core/../key.ui/examples/InformationFlow/NewObjects/object.ObjectOrientation(object.ObjectOrientation__secure_while_i((Ljava.lang.Object)).Non-interference contract.0.m.key 
39464      DEBUG main            d.u.i.k.p.i.AbstractProblemLoader Environment load took 61.6ns 
39465      INFO  main            d.u.i.k.p.i.AbstractProblemLoader Creating init config 
40330      DEBUG main            d.u.i.k.j.r.ClassPreparationMethodBuilder clPrepBuilder: Inner Class detected. Reject building class initialisation methods. 
42175      DEBUG main            d.u.i.k.p.i.AbstractProblemLoader Init config took 2.71s 
42221      INFO  main            d.u.i.k.p.i.AbstractProblemLoader Replaying proof object.ObjectOrientation[object.ObjectOrientation::secure_while_i([Ljava.lang.Object)].Non-interference contract.0 
42223      DEBUG main            d.u.i.k.p.i.IntermediateProofReplayer Proof replay took 13.4ns 
42224      DEBUG main            d.u.i.k.m.s.ProofScriptEngine [1] goal: 0, source line: 51, command: 'macro 'infflow-autopilot'' 
42270      DEBUG main            d.u.i.k.p.m.ProofCorrectnessMgt No justification found for rule Class_invariant_axiom_for_object_ObjectOrientation 
48013      INFO  main            d.u.i.k.p.r.p.TestFile    ... finished proof: closed. 
48256      INFO  main            d.u.i.k.p.r.p.TestFile    Now processing file /home/runner/work/key/key/key.core/../key.ui/examples/InformationFlow/NewObjects/object.ObjectOrientation(object.ObjectOrientation__secure_method_call()).Non-interference contract.0.m.key 
48256      INFO  main            d.u.i.k.p.i.AbstractProblemLoader Loading environment from /home/runner/work/key/key/key.core/../key.ui/examples/InformationFlow/NewObjects/object.ObjectOrientation(object.ObjectOrientation__secure_method_call()).Non-interference contract.0.m.key 
48256      DEBUG main            d.u.i.k.p.i.AbstractProblemLoader Environment load took 61.9ns 
48257      INFO  main            d.u.i.k.p.i.AbstractProblemLoader Creating init config 
49113      DEBUG main            d.u.i.k.j.r.ClassPreparationMethodBuilder clPrepBuilder: Inner Class detected. Reject building class initialisation methods. 
50947      DEBUG main            d.u.i.k.p.i.AbstractProblemLoader Init config took 2.69s 
50989      INFO  main            d.u.i.k.p.i.AbstractProblemLoader Replaying proof object.ObjectOrientation[object.ObjectOrientation::secure_method_call()].Non-interference contract.0 
50991      DEBUG main            d.u.i.k.p.i.IntermediateProofReplayer Proof replay took 13ns 
50991      DEBUG main            d.u.i.k.m.s.ProofScriptEngine [1] goal: 0, source line: 51, command: 'macro 'infflow-autopilot'' 
51021      DEBUG main            d.u.i.k.p.m.ProofCorrectnessMgt No justification found for rule Class_invariant_axiom_for_object_ObjectOrientation 
51055      DEBUG main            d.u.i.k.p.m.ProofCorrectnessMgt No justification found for rule Class_invariant_axiom_for_object_ObjectOrientation 
51077      DEBUG main            d.u.i.k.p.m.ProofCorrectnessMgt No justification found for rule Class_invariant_axiom_for_object_ObjectOrientation 
51118      DEBUG main            d.u.i.k.p.m.ProofCorrectnessMgt No justification found for rule Class_invariant_axiom_for_object_ObjectOrientation 
51459      INFO  main            d.u.i.k.p.r.p.TestFile    ... finished proof: closed. 
51615      INFO  main            d.u.i.k.p.r.p.TestFile    Now processing file /home/runner/work/key/key/key.core/../key.ui/examples/InformationFlow/NewObjects/object.ObjectOrientation(object.ObjectOrientation__if_two_object_creation_next()).Non-interference contract.1.m.key 
51615      INFO  main            d.u.i.k.p.i.AbstractProblemLoader Loading environment from /home/runner/work/key/key/key.core/../key.ui/examples/InformationFlow/NewObjects/object.ObjectOrientation(object.ObjectOrientation__if_two_object_creation_next()).Non-interference contract.1.m.key 
51615      DEBUG main            d.u.i.k.p.i.AbstractProblemLoader Environment load took 126.2ns 
51616      INFO  main            d.u.i.k.p.i.AbstractProblemLoader Creating init config 
52469      DEBUG main            d.u.i.k.j.r.ClassPreparationMethodBuilder clPrepBuilder: Inner Class detected. Reject building class initialisation methods. 
54345      DEBUG main            d.u.i.k.p.i.AbstractProblemLoader Init config took 2.73s 
54386      INFO  main            d.u.i.k.p.i.AbstractProblemLoader Replaying proof object.ObjectOrientation[object.ObjectOrientation::if_two_object_creation_next()].Non-interference contract.1 
54388      DEBUG main            d.u.i.k.p.i.IntermediateProofReplayer Proof replay took 12.4ns 
54388      DEBUG main            d.u.i.k.m.s.ProofScriptEngine [1] goal: 0, source line: 51, command: 'macro 'infflow-autopilot'' 
54417      DEBUG main            d.u.i.k.p.m.ProofCorrectnessMgt No justification found for rule Class_invariant_axiom_for_object_ObjectOrientation 
83323      INFO  main            d.u.i.k.p.r.p.TestFile    ... finished proof: open goal(s) 
83546      INFO  main            d.u.i.k.p.r.p.TestFile    Now processing file /home/runner/work/key/key/key.core/../key.ui/examples/InformationFlow/NewObjects/object.ObjectOrientation(object.ObjectOrientation__if_two_object_creation_next()).Non-interference contract.0.m.key 
83546      INFO  main            d.u.i.k.p.i.AbstractProblemLoader Loading environment from /home/runner/work/key/key/key.core/../key.ui/examples/InformationFlow/NewObjects/object.ObjectOrientation(object.ObjectOrientation__if_two_object_creation_next()).Non-interference contract.0.m.key 
83546      DEBUG main            d.u.i.k.p.i.AbstractProblemLoader Environment load took 64.9ns 
83547      INFO  main            d.u.i.k.p.i.AbstractProblemLoader Creating init config 
84400      DEBUG main            d.u.i.k.j.r.ClassPreparationMethodBuilder clPrepBuilder: Inner Class detected. Reject building class initialisation methods. 
86242      DEBUG main            d.u.i.k.p.i.AbstractProblemLoader Init config took 2.7s 
86281      INFO  main            d.u.i.k.p.i.AbstractProblemLoader Replaying proof object.ObjectOrientation[object.ObjectOrientation::if_two_object_creation_next()].Non-interference contract.0 
86283      DEBUG main            d.u.i.k.p.i.IntermediateProofReplayer Proof replay took 12.9ns 
86284      DEBUG main            d.u.i.k.m.s.ProofScriptEngine [1] goal: 0, source line: 51, command: 'macro 'infflow-autopilot'' 
86312      DEBUG main            d.u.i.k.p.m.ProofCorrectnessMgt No justification found for rule Class_invariant_axiom_for_object_ObjectOrientation 
98422      INFO  main            d.u.i.k.p.r.p.TestFile    ... finished proof: closed. 
98705      INFO  main            d.u.i.k.p.r.p.TestFile    Now processing file /home/runner/work/key/key/key.core/../key.ui/examples/InformationFlow/NewObjects/object.ObjectOrientation(object.ObjectOrientation__secure_if_two_object_creation()).Non-interference contract.0.m.key 
98705      INFO  main            d.u.i.k.p.i.AbstractProblemLoader Loading environment from /home/runner/work/key/key/key.core/../key.ui/examples/InformationFlow/NewObjects/object.ObjectOrientation(object.ObjectOrientation__secure_if_two_object_creation()).Non-interference contract.0.m.key 
98706      DEBUG main            d.u.i.k.p.i.AbstractProblemLoader Environment load took 1.08ms 
98708      INFO  main            d.u.i.k.p.i.AbstractProblemLoader Creating init config 
99562      DEBUG main            d.u.i.k.j.r.ClassPreparationMethodBuilder clPrepBuilder: Inner Class detected. Reject building class initialisation methods. 
101401     DEBUG main            d.u.i.k.p.i.AbstractProblemLoader Init config took 2.69s 
101439     INFO  main            d.u.i.k.p.i.AbstractProblemLoader Replaying proof object.ObjectOrientation[object.ObjectOrientation::secure_if_two_object_creation()].Non-interference contract.0 
101441     DEBUG main            d.u.i.k.p.i.IntermediateProofReplayer Proof replay took 13.8ns 
101442     DEBUG main            d.u.i.k.m.s.ProofScriptEngine [1] goal: 0, source line: 51, command: 'macro 'infflow-autopilot'' 
101469     DEBUG main            d.u.i.k.p.m.ProofCorrectnessMgt No justification found for rule Class_invariant_axiom_for_object_ObjectOrientation 
113429     INFO  main            d.u.i.k.p.r.p.TestFile    ... finished proof: closed. 
113669     INFO  main            d.u.i.k.p.r.p.TestFile    Now processing file /home/runner/work/key/key/key.core/../key.ui/examples/InformationFlow/NewObjects/object.ObjectOrientation(object.ObjectOrientation__insecure_two_object_creation()).Non-interference contract.0.m.key 
113669     INFO  main            d.u.i.k.p.i.AbstractProblemLoader Loading environment from /home/runner/work/key/key/key.core/../key.ui/examples/InformationFlow/NewObjects/object.ObjectOrientation(object.ObjectOrientation__insecure_two_object_creation()).Non-interference contract.0.m.key 
113669     DEBUG main            d.u.i.k.p.i.AbstractProblemLoader Environment load took 58ns 
113670     INFO  main            d.u.i.k.p.i.AbstractProblemLoader Creating init config 
114513     DEBUG main            d.u.i.k.j.r.ClassPreparationMethodBuilder clPrepBuilder: Inner Class detected. Reject building class initialisation methods. 
116340     DEBUG main            d.u.i.k.p.i.AbstractProblemLoader Init config took 2.67s 
116377     INFO  main            d.u.i.k.p.i.AbstractProblemLoader Replaying proof object.ObjectOrientation[object.ObjectOrientation::insecure_two_object_creation()].Non-interference contract.0 
116379     DEBUG main            d.u.i.k.p.i.IntermediateProofReplayer Proof replay took 13.1ns 
116379     DEBUG main            d.u.i.k.m.s.ProofScriptEngine [1] goal: 0, source line: 51, command: 'macro 'infflow-autopilot'' 
116405     DEBUG main            d.u.i.k.p.m.ProofCorrectnessMgt No justification found for rule Class_invariant_axiom_for_object_ObjectOrientation 
144745     INFO  main            d.u.i.k.p.r.p.TestFile    ... finished proof: open goal(s) 
144993     INFO  main            d.u.i.k.p.r.p.TestFile    Now processing file /home/runner/work/key/key/key.core/../key.ui/examples/InformationFlow/NewObjects/object.ObjectOrientation(object.ObjectOrientation__secure_two_object_creation()).Non-interference contract.0.m.key 
144993     INFO  main            d.u.i.k.p.i.AbstractProblemLoader Loading environment from /home/runner/work/key/key/key.core/../key.ui/examples/InformationFlow/NewObjects/object.ObjectOrientation(object.ObjectOrientation__secure_two_object_creation()).Non-interference contract.0.m.key 
144994     DEBUG main            d.u.i.k.p.i.AbstractProblemLoader Environment load took 61.7ns 
144994     INFO  main            d.u.i.k.p.i.AbstractProblemLoader Creating init config 
145835     DEBUG main            d.u.i.k.j.r.ClassPreparationMethodBuilder clPrepBuilder: Inner Class detected. Reject building class initialisation methods. 
147661     DEBUG main            d.u.i.k.p.i.AbstractProblemLoader Init config took 2.67s 
147699     INFO  main            d.u.i.k.p.i.AbstractProblemLoader Replaying proof object.ObjectOrientation[object.ObjectOrientation::secure_two_object_creation()].Non-interference contract.0 
147702     DEBUG main            d.u.i.k.p.i.IntermediateProofReplayer Proof replay took 13.8ns 
147703     DEBUG main            d.u.i.k.m.s.ProofScriptEngine [1] goal: 0, source line: 51, command: 'macro 'infflow-autopilot'' 
147728     DEBUG main            d.u.i.k.p.m.ProofCorrectnessMgt No justification found for rule Class_invariant_axiom_for_object_ObjectOrientation 
157243     INFO  main            d.u.i.k.p.r.p.TestFile    ... finished proof: closed. 
157516     INFO  main            d.u.i.k.p.r.p.TestFile    Now processing file /home/runner/work/key/key/key.core/../key.ui/examples/InformationFlow/NewObjects/object.ObjectOrientation(object.ObjectOrientation__insecure_object_assignment()).Non-interference contract.1.m.key 
157516     INFO  main            d.u.i.k.p.i.AbstractProblemLoader Loading environment from /home/runner/work/key/key/key.core/../key.ui/examples/InformationFlow/NewObjects/object.ObjectOrientation(object.ObjectOrientation__insecure_object_assignment()).Non-interference contract.1.m.key 
157516     DEBUG main            d.u.i.k.p.i.AbstractProblemLoader Environment load took 60.7ns 
157518     INFO  main            d.u.i.k.p.i.AbstractProblemLoader Creating init config 
158361     DEBUG main            d.u.i.k.j.r.ClassPreparationMethodBuilder clPrepBuilder: Inner Class detected. Reject building class initialisation methods. 
160232     DEBUG main            d.u.i.k.p.i.AbstractProblemLoader Init config took 2.71s 
160269     INFO  main            d.u.i.k.p.i.AbstractProblemLoader Replaying proof object.ObjectOrientation[object.ObjectOrientation::insecure_object_assignment()].Non-interference contract.1 
160271     DEBUG main            d.u.i.k.p.i.IntermediateProofReplayer Proof replay took 14.2ns 
160271     DEBUG main            d.u.i.k.m.s.ProofScriptEngine [1] goal: 0, source line: 51, command: 'macro 'infflow-autopilot'' 
160298     DEBUG main            d.u.i.k.p.m.ProofCorrectnessMgt No justification found for rule Class_invariant_axiom_for_object_ObjectOrientation 
168565     INFO  main            d.u.i.k.p.r.p.TestFile    ... finished proof: open goal(s) 
168774     INFO  main            d.u.i.k.p.r.p.TestFile    Now processing file /home/runner/work/key/key/key.core/../key.ui/examples/InformationFlow/NewObjects/object.ObjectOrientation(object.ObjectOrientation__insecure_object_assignment()).Non-interference contract.0.m.key 
168774     INFO  main            d.u.i.k.p.i.AbstractProblemLoader Loading environment from /home/runner/work/key/key/key.core/../key.ui/examples/InformationFlow/NewObjects/object.ObjectOrientation(object.ObjectOrientation__insecure_object_assignment()).Non-interference contract.0.m.key 
168774     DEBUG main            d.u.i.k.p.i.AbstractProblemLoader Environment load took 68.9ns 
168775     INFO  main            d.u.i.k.p.i.AbstractProblemLoader Creating init config 
169630     DEBUG main            d.u.i.k.j.r.ClassPreparationMethodBuilder clPrepBuilder: Inner Class detected. Reject building class initialisation methods. 
171478     DEBUG main            d.u.i.k.p.i.AbstractProblemLoader Init config took 2.7s 
171514     INFO  main            d.u.i.k.p.i.AbstractProblemLoader Replaying proof object.ObjectOrientation[object.ObjectOrientation::insecure_object_assignment()].Non-interference contract.0 
171519     DEBUG main            d.u.i.k.p.i.IntermediateProofReplayer Proof replay took 16.2ns 
171520     DEBUG main            d.u.i.k.m.s.ProofScriptEngine [1] goal: 0, source line: 51, command: 'macro 'infflow-autopilot'' 
171549     DEBUG main            d.u.i.k.p.m.ProofCorrectnessMgt No justification found for rule Class_invariant_axiom_for_object_ObjectOrientation 
171763     INFO  main            d.u.i.k.p.r.p.TestFile    ... finished proof: open goal(s) 
171988     INFO  main            d.u.i.k.p.r.p.TestFile    Now processing file /home/runner/work/key/key/key.core/../key.ui/examples/InformationFlow/NewObjects/object.ObjectOrientation(object.ObjectOrientation__secure_object_creation_3()).Non-interference contract.0.m.key 
171988     INFO  main            d.u.i.k.p.i.AbstractProblemLoader Loading environment from /home/runner/work/key/key/key.core/../key.ui/examples/InformationFlow/NewObjects/object.ObjectOrientation(object.ObjectOrientation__secure_object_creation_3()).Non-interference contract.0.m.key 
171988     DEBUG main            d.u.i.k.p.i.AbstractProblemLoader Environment load took 86.3ns 
171989     INFO  main            d.u.i.k.p.i.AbstractProblemLoader Creating init config 
172872     DEBUG main            d.u.i.k.j.r.ClassPreparationMethodBuilder clPrepBuilder: Inner Class detected. Reject building class initialisation methods. 
174753     DEBUG main            d.u.i.k.p.i.AbstractProblemLoader Init config took 2.76s 
174788     INFO  main            d.u.i.k.p.i.AbstractProblemLoader Replaying proof object.ObjectOrientation[object.ObjectOrientation::secure_object_creation_3()].Non-interference contract.0 
174790     DEBUG main            d.u.i.k.p.i.IntermediateProofReplayer Proof replay took 13.8ns 
174791     DEBUG main            d.u.i.k.m.s.ProofScriptEngine [1] goal: 0, source line: 51, command: 'macro 'infflow-autopilot'' 
174830     DEBUG main            d.u.i.k.p.m.ProofCorrectnessMgt No justification found for rule Class_invariant_axiom_for_object_ObjectOrientation 
175184     INFO  main            d.u.i.k.p.r.p.TestFile    ... finished proof: closed. 
175378     INFO  main            d.u.i.k.p.r.p.TestFile    Now processing file /home/runner/work/key/key/key.core/../key.ui/examples/InformationFlow/NewObjects/object.ObjectOrientation(object.ObjectOrientation__secure_object_creation_2()).Non-interference contract.0.m.key 
175378     INFO  main            d.u.i.k.p.i.AbstractProblemLoader Loading environment from /home/runner/work/key/key/key.core/../key.ui/examples/InformationFlow/NewObjects/object.ObjectOrientation(object.ObjectOrientation__secure_object_creation_2()).Non-interference contract.0.m.key 
175378     DEBUG main            d.u.i.k.p.i.AbstractProblemLoader Environment load took 72.6ns 
175379     INFO  main            d.u.i.k.p.i.AbstractProblemLoader Creating init config 
176229     DEBUG main            d.u.i.k.j.r.ClassPreparationMethodBuilder clPrepBuilder: Inner Class detected. Reject building class initialisation methods. 
178076     DEBUG main            d.u.i.k.p.i.AbstractProblemLoader Init config took 2.7s 
178111     INFO  main            d.u.i.k.p.i.AbstractProblemLoader Replaying proof object.ObjectOrientation[object.ObjectOrientation::secure_object_creation_2()].Non-interference contract.0 
178113     DEBUG main            d.u.i.k.p.i.IntermediateProofReplayer Proof replay took 14.2ns 
178114     DEBUG main            d.u.i.k.m.s.ProofScriptEngine [1] goal: 0, source line: 51, command: 'macro 'infflow-autopilot'' 
178156     DEBUG main            d.u.i.k.p.m.ProofCorrectnessMgt No justification found for rule Class_invariant_axiom_for_object_ObjectOrientation 
178398     INFO  main            d.u.i.k.p.r.p.TestFile    ... finished proof: closed. 
178582     INFO  main            d.u.i.k.p.r.p.TestFile    Now processing file /home/runner/work/key/key/key.core/../key.ui/examples/InformationFlow/NewObjects/object.ObjectOrientation(object.ObjectOrientation__secure_object_creation()).Non-interference contract.0.m.key 
178582     INFO  main            d.u.i.k.p.i.AbstractProblemLoader Loading environment from /home/runner/work/key/key/key.core/../key.ui/examples/InformationFlow/NewObjects/object.ObjectOrientation(object.ObjectOrientation__secure_object_creation()).Non-interference contract.0.m.key 
178582     DEBUG main            d.u.i.k.p.i.AbstractProblemLoader Environment load took 97.9ns 
178583     INFO  main            d.u.i.k.p.i.AbstractProblemLoader Creating init config 
179431     DEBUG main            d.u.i.k.j.r.ClassPreparationMethodBuilder clPrepBuilder: Inner Class detected. Reject building class initialisation methods. 
181257     DEBUG main            d.u.i.k.p.i.AbstractProblemLoader Init config took 2.67s 
181301     INFO  main            d.u.i.k.p.i.AbstractProblemLoader Replaying proof object.ObjectOrientation[object.ObjectOrientation::secure_object_creation()].Non-interference contract.0 
181303     DEBUG main            d.u.i.k.p.i.IntermediateProofReplayer Proof replay took 14.3ns 
181304     DEBUG main            d.u.i.k.m.s.ProofScriptEngine [1] goal: 0, source line: 51, command: 'macro 'infflow-autopilot'' 
181330     DEBUG main            d.u.i.k.p.m.ProofCorrectnessMgt No justification found for rule Class_invariant_axiom_for_object_ObjectOrientation 
181662     INFO  main            d.u.i.k.p.r.p.TestFile    ... finished proof: closed. 
181849     INFO  main            d.u.i.k.p.r.p.TestFile    Now processing file /home/runner/work/key/key/key.core/../key.ui/examples/InformationFlow/NewObjects/object.AmtoftBanerjee2(object.AmtoftBanerjee2__expensive(int)).Non-interference contract.0.m.key 
181849     INFO  main            d.u.i.k.p.i.AbstractProblemLoader Loading environment from /home/runner/work/key/key/key.core/../key.ui/examples/InformationFlow/NewObjects/object.AmtoftBanerjee2(object.AmtoftBanerjee2__expensive(int)).Non-interference contract.0.m.key 
181850     DEBUG main            d.u.i.k.p.i.AbstractProblemLoader Environment load took 488.5ns 
181851     INFO  main            d.u.i.k.p.i.AbstractProblemLoader Creating init config 
182734     DEBUG main            d.u.i.k.j.r.ClassPreparationMethodBuilder clPrepBuilder: Inner Class detected. Reject building class initialisation methods. 
184588     DEBUG main            d.u.i.k.p.i.AbstractProblemLoader Init config took 2.74s 
184624     INFO  main            d.u.i.k.p.i.AbstractProblemLoader Replaying proof object.AmtoftBanerjee2[object.AmtoftBanerjee2::expensive(int)].Non-interference contract.0 
184625     DEBUG main            d.u.i.k.p.i.IntermediateProofReplayer Proof replay took 13.2ns 
184626     DEBUG main            d.u.i.k.m.s.ProofScriptEngine [1] goal: 0, source line: 51, command: 'macro 'infflow-autopilot'' 
184706     INFO  main            d.u.i.k.p.r.p.TestFile    ... finished proof: closed. 
184898     INFO  main            d.u.i.k.p.r.p.TestFile    Now processing file /home/runner/work/key/key/key.core/../key.ui/examples/InformationFlow/NewObjects/object.AmtoftBanerjee2(object.AmtoftBanerjee2__cexp(int)).Non-interference contract.0.m.key 
184898     INFO  main            d.u.i.k.p.i.AbstractProblemLoader Loading environment from /home/runner/work/key/key/key.core/../key.ui/examples/InformationFlow/NewObjects/object.AmtoftBanerjee2(object.AmtoftBanerjee2__cexp(int)).Non-interference contract.0.m.key 
184898     DEBUG main            d.u.i.k.p.i.AbstractProblemLoader Environment load took 59.8ns 
184899     INFO  main            d.u.i.k.p.i.AbstractProblemLoader Creating init config 
185757     DEBUG main            d.u.i.k.j.r.ClassPreparationMethodBuilder clPrepBuilder: Inner Class detected. Reject building class initialisation methods. 
187578     DEBUG main            d.u.i.k.p.i.AbstractProblemLoader Init config took 2.68s 
187624     INFO  main            d.u.i.k.p.i.AbstractProblemLoader Replaying proof object.AmtoftBanerjee2[object.AmtoftBanerjee2::cexp(int)].Non-interference contract.0 
187626     DEBUG main            d.u.i.k.p.i.IntermediateProofReplayer Proof replay took 15.2ns 
187626     DEBUG main            d.u.i.k.m.s.ProofScriptEngine [1] goal: 0, source line: 51, command: 'macro 'infflow-autopilot'' 
187654     DEBUG main            d.u.i.k.p.m.ProofCorrectnessMgt No justification found for rule Class_invariant_axiom_for_object_AmtoftBanerjee2 
189038     INFO  main            d.u.i.k.p.r.p.TestFile    ... finished proof: closed. 
2430272    INFO  Test worker     d.u.i.k.p.r.RunAllProofsTestUnit Returning from test NewObjects_fullmacro 
2430273    INFO  Test worker     d.u.i.k.p.r.RunAllProofsTestUnit Running test SimpleEvoting_fullmacro 
319        INFO  Timeout watchdog d.u.i.k.p.r.p.ForkedTestFileRunner Timeout watcher launched (1000 secs.) 
335        WARN  main            d.u.i.k.s.ProofSettings   The settings in /home/runner/.key/proof-settings.props are *not* read. 
373        INFO  main            d.u.i.k.p.r.p.TestFile    Now processing file /home/runner/work/key/key/key.core/../key.ui/examples/InformationFlow/SimpleEvoting/simple_evoting.Environment(simple_evoting.Environment__untrustedOutputMessage((B)).Non-interference contract.0.m.key 
543        INFO  main            d.u.i.k.p.i.AbstractProblemLoader Loading environment from /home/runner/work/key/key/key.core/../key.ui/examples/InformationFlow/SimpleEvoting/simple_evoting.Environment(simple_evoting.Environment__untrustedOutputMessage((B)).Non-interference contract.0.m.key 
560        DEBUG main            d.u.i.k.p.i.AbstractProblemLoader Environment load took 2.16ms 
770        INFO  main            d.u.i.k.p.i.AbstractProblemLoader Creating init config 
1738       DEBUG main            d.u.i.k.j.TypeConverter   No LDT found for Meta 
1738       DEBUG main            d.u.i.k.j.TypeConverter   No LDT found for Meta 
1741       DEBUG main            d.u.i.k.j.TypeConverter   No LDT found for Meta 
1741       DEBUG main            d.u.i.k.j.TypeConverter   No LDT found for Meta 
3455       DEBUG main            d.u.i.k.j.TypeConverter   No LDT found for JavaBigintExpression 
8908       DEBUG main            d.u.i.k.p.i.AbstractProblemLoader Init config took 8.14s 
9086       INFO  main            d.u.i.k.p.i.AbstractProblemLoader Replaying proof simple_evoting.Environment[simple_evoting.Environment::untrustedOutputMessage([B)].Non-interference contract.0 
9175       DEBUG main            d.u.i.k.p.i.IntermediateProofReplayer Proof replay took 333ns 
9236       DEBUG main            d.u.i.k.m.s.ProofScriptEngine [1] goal: 0, source line: 51, command: 'macro 'infflow-autopilot'' 
9808       DEBUG main            d.u.i.k.p.m.ProofCorrectnessMgt No justification found for rule JML_represents_clause_for_simple_evoting_Environment_rep 
10009      DEBUG main            d.u.i.k.p.m.ProofCorrectnessMgt No justification found for rule JML_represents_clause_for_simple_evoting_Environment_rep 
10816      DEBUG main            d.u.i.k.p.m.ProofCorrectnessMgt No justification found for rule JML_represents_clause_for_simple_evoting_Environment_rep 
11249      DEBUG main            d.u.i.k.p.m.ProofCorrectnessMgt No justification found for rule JML_represents_clause_for_simple_evoting_Environment_rep 
12365      DEBUG main            d.u.i.k.p.m.ProofCorrectnessMgt No justification found for rule JML_represents_clause_for_simple_evoting_Environment_rep 
14201      INFO  main            d.u.i.k.p.r.p.TestFile    ... finished proof: closed. 
14350      INFO  main            d.u.i.k.p.r.p.TestFile    Now processing file /home/runner/work/key/key/key.core/../key.ui/examples/InformationFlow/SimpleEvoting/simple_evoting.Environment(simple_evoting.Environment__untrustedInputMessage()).Non-interference contract.0.m.key 
14350      INFO  main            d.u.i.k.p.i.AbstractProblemLoader Loading environment from /home/runner/work/key/key/key.core/../key.ui/examples/InformationFlow/SimpleEvoting/simple_evoting.Environment(simple_evoting.Environment__untrustedInputMessage()).Non-interference contract.0.m.key 
14351      DEBUG main            d.u.i.k.p.i.AbstractProblemLoader Environment load took 271.3ns 
14352      INFO  main            d.u.i.k.p.i.AbstractProblemLoader Creating init config 
17710      DEBUG main            d.u.i.k.p.i.AbstractProblemLoader Init config took 3.36s 
17780      INFO  main            d.u.i.k.p.i.AbstractProblemLoader Replaying proof simple_evoting.Environment[simple_evoting.Environment::untrustedInputMessage()].Non-interference contract.0 
17782      DEBUG main            d.u.i.k.p.i.IntermediateProofReplayer Proof replay took 12.3ns 
17783      DEBUG main            d.u.i.k.m.s.ProofScriptEngine [1] goal: 0, source line: 51, command: 'macro 'infflow-autopilot'' 
17849      DEBUG main            d.u.i.k.p.m.ProofCorrectnessMgt No justification found for rule JML_represents_clause_for_simple_evoting_Environment_rep 
18039      DEBUG main            d.u.i.k.p.m.ProofCorrectnessMgt No justification found for rule JML_represents_clause_for_simple_evoting_Environment_rep 
20256      INFO  main            d.u.i.k.p.r.p.TestFile    ... finished proof: closed. 
20425      INFO  main            d.u.i.k.p.r.p.TestFile    Now processing file /home/runner/work/key/key/key.core/../key.ui/examples/InformationFlow/SimpleEvoting/simple_evoting.Environment(simple_evoting.Environment__untrustedOutput(int)).Non-interference contract.0.m.key 
20426      INFO  main            d.u.i.k.p.i.AbstractProblemLoader Loading environment from /home/runner/work/key/key/key.core/../key.ui/examples/InformationFlow/SimpleEvoting/simple_evoting.Environment(simple_evoting.Environment__untrustedOutput(int)).Non-interference contract.0.m.key 
20426      DEBUG main            d.u.i.k.p.i.AbstractProblemLoader Environment load took 106.3ns 
20427      INFO  main            d.u.i.k.p.i.AbstractProblemLoader Creating init config 
23639      DEBUG main            d.u.i.k.p.i.AbstractProblemLoader Init config took 3.21s 
23713      INFO  main            d.u.i.k.p.i.AbstractProblemLoader Replaying proof simple_evoting.Environment[simple_evoting.Environment::untrustedOutput(int)].Non-interference contract.0 
23716      DEBUG main            d.u.i.k.p.i.IntermediateProofReplayer Proof replay took 11.5ns 
23717      DEBUG main            d.u.i.k.m.s.ProofScriptEngine [1] goal: 0, source line: 51, command: 'macro 'infflow-autopilot'' 
23798      INFO  main            d.u.i.k.p.r.p.TestFile    ... finished proof: closed. 
23963      INFO  main            d.u.i.k.p.r.p.TestFile    Now processing file /home/runner/work/key/key/key.core/../key.ui/examples/InformationFlow/SimpleEvoting/simple_evoting.Environment(simple_evoting.Environment__untrustedInput(int)).Non-interference contract.0.m.key 
23963      INFO  main            d.u.i.k.p.i.AbstractProblemLoader Loading environment from /home/runner/work/key/key/key.core/../key.ui/examples/InformationFlow/SimpleEvoting/simple_evoting.Environment(simple_evoting.Environment__untrustedInput(int)).Non-interference contract.0.m.key 
23963      DEBUG main            d.u.i.k.p.i.AbstractProblemLoader Environment load took 60.7ns 
23965      INFO  main            d.u.i.k.p.i.AbstractProblemLoader Creating init config 
27105      DEBUG main            d.u.i.k.p.i.AbstractProblemLoader Init config took 3.14s 
27176      INFO  main            d.u.i.k.p.i.AbstractProblemLoader Replaying proof simple_evoting.Environment[simple_evoting.Environment::untrustedInput(int)].Non-interference contract.0 
27178      DEBUG main            d.u.i.k.p.i.IntermediateProofReplayer Proof replay took 12.4ns 
27179      DEBUG main            d.u.i.k.m.s.ProofScriptEngine [1] goal: 0, source line: 51, command: 'macro 'infflow-autopilot'' 
27272      INFO  main            d.u.i.k.p.r.p.TestFile    ... finished proof: open goal(s) 
27413      INFO  main            d.u.i.k.p.r.p.TestFile    Now processing file /home/runner/work/key/key/key.core/../key.ui/examples/InformationFlow/SimpleEvoting/simple_evoting.Environment(simple_evoting.Environment__untrustedInput()).Non-interference contract.0.m.key 
27413      INFO  main            d.u.i.k.p.i.AbstractProblemLoader Loading environment from /home/runner/work/key/key/key.core/../key.ui/examples/InformationFlow/SimpleEvoting/simple_evoting.Environment(simple_evoting.Environment__untrustedInput()).Non-interference contract.0.m.key 
27413      DEBUG main            d.u.i.k.p.i.AbstractProblemLoader Environment load took 79.1ns 
27414      INFO  main            d.u.i.k.p.i.AbstractProblemLoader Creating init config 
30553      DEBUG main            d.u.i.k.p.i.AbstractProblemLoader Init config took 3.14s 
30622      INFO  main            d.u.i.k.p.i.AbstractProblemLoader Replaying proof simple_evoting.Environment[simple_evoting.Environment::untrustedInput()].Non-interference contract.0 
30625      DEBUG main            d.u.i.k.p.i.IntermediateProofReplayer Proof replay took 12.6ns 
30626      DEBUG main            d.u.i.k.m.s.ProofScriptEngine [1] goal: 0, source line: 51, command: 'macro 'infflow-autopilot'' 
30706      INFO  main            d.u.i.k.p.r.p.TestFile    ... finished proof: open goal(s) 
30879      INFO  main            d.u.i.k.p.r.p.TestFile    Now processing file /home/runner/work/key/key/key.core/../key.ui/examples/InformationFlow/SimpleEvoting/simple_evoting.SMT(simple_evoting.SMT__send(simple_evoting.Message,int,simple_evoting.Server)).Non-interference contract.1.m.key 
30879      INFO  main            d.u.i.k.p.i.AbstractProblemLoader Loading environment from /home/runner/work/key/key/key.core/../key.ui/examples/InformationFlow/SimpleEvoting/simple_evoting.SMT(simple_evoting.SMT__send(simple_evoting.Message,int,simple_evoting.Server)).Non-interference contract.1.m.key 
30879      DEBUG main            d.u.i.k.p.i.AbstractProblemLoader Environment load took 64.5ns 
30880      INFO  main            d.u.i.k.p.i.AbstractProblemLoader Creating init config 
33929      DEBUG main            d.u.i.k.p.i.AbstractProblemLoader Init config took 3.05s 
33986      INFO  main            d.u.i.k.p.i.AbstractProblemLoader Replaying proof simple_evoting.SMT[simple_evoting.SMT::send(simple_evoting.Message,int,simple_evoting.Server)].Non-interference contract.1 
33988      DEBUG main            d.u.i.k.p.i.IntermediateProofReplayer Proof replay took 12.6ns 
33988      DEBUG main            d.u.i.k.m.s.ProofScriptEngine [1] goal: 0, source line: 51, command: 'macro 'infflow-autopilot'' 
34035      DEBUG main            d.u.i.k.p.m.ProofCorrectnessMgt No justification found for rule Class_invariant_axiom_for_simple_evoting_Server 
34042      DEBUG main            d.u.i.k.p.m.ProofCorrectnessMgt No justification found for rule Class_invariant_axiom_for_simple_evoting_Message 
34081      DEBUG main            d.u.i.k.p.m.ProofCorrectnessMgt No justification found for rule JML_represents_clause_for_simple_evoting_Environment_rep 
34363      DEBUG main            d.u.i.k.p.m.ProofCorrectnessMgt No justification found for rule Class_invariant_axiom_for_simple_evoting_Server 
34439      DEBUG main            d.u.i.k.p.m.ProofCorrectnessMgt No justification found for rule Class_invariant_axiom_for_simple_evoting_Message 
34467      DEBUG main            d.u.i.k.p.m.ProofCorrectnessMgt No justification found for rule Class_invariant_axiom_for_simple_evoting_Server 
34500      DEBUG main            d.u.i.k.p.m.ProofCorrectnessMgt No justification found for rule Class_invariant_axiom_for_simple_evoting_Message 
35448      DEBUG main            d.u.i.k.p.m.ProofCorrectnessMgt No justification found for rule Class_invariant_axiom_for_simple_evoting_Server 
35591      DEBUG main            d.u.i.k.p.m.ProofCorrectnessMgt No justification found for rule Class_invariant_axiom_for_simple_evoting_Message 
35654      DEBUG main            d.u.i.k.p.m.ProofCorrectnessMgt No justification found for rule Class_invariant_axiom_for_simple_evoting_Message 
35679      DEBUG main            d.u.i.k.p.m.ProofCorrectnessMgt No justification found for rule Class_invariant_axiom_for_simple_evoting_Server 
35729      DEBUG main            d.u.i.k.p.m.ProofCorrectnessMgt No justification found for rule Class_invariant_axiom_for_simple_evoting_Message 
35743      DEBUG main            d.u.i.k.p.m.ProofCorrectnessMgt No justification found for rule Class_invariant_axiom_for_simple_evoting_Message 
35759      DEBUG main            d.u.i.k.p.m.ProofCorrectnessMgt No justification found for rule Class_invariant_axiom_for_simple_evoting_Server 
35806      DEBUG main            d.u.i.k.p.m.ProofCorrectnessMgt No justification found for rule Class_invariant_axiom_for_simple_evoting_Server 
36085      DEBUG main            d.u.i.k.p.m.ProofCorrectnessMgt No justification found for rule Class_invariant_axiom_for_simple_evoting_Message 
36109      DEBUG main            d.u.i.k.p.m.ProofCorrectnessMgt No justification found for rule Class_invariant_axiom_for_simple_evoting_Server 
36149      DEBUG main            d.u.i.k.p.m.ProofCorrectnessMgt No justification found for rule Class_invariant_axiom_for_simple_evoting_Server 
36198      DEBUG main            d.u.i.k.p.m.ProofCorrectnessMgt No justification found for rule Class_invariant_axiom_for_simple_evoting_Message 
36231      DEBUG main            d.u.i.k.p.m.ProofCorrectnessMgt No justification found for rule Class_invariant_axiom_for_simple_evoting_Server 
36261      DEBUG main            d.u.i.k.p.m.ProofCorrectnessMgt No justification found for rule Class_invariant_axiom_for_simple_evoting_Server 
36331      DEBUG main            d.u.i.k.p.m.ProofCorrectnessMgt No justification found for rule Class_invariant_axiom_for_simple_evoting_Server 
36392      DEBUG main            d.u.i.k.p.m.ProofCorrectnessMgt No justification found for rule Class_invariant_axiom_for_simple_evoting_Message 
36422      DEBUG main            d.u.i.k.p.m.ProofCorrectnessMgt No justification found for rule Class_invariant_axiom_for_simple_evoting_Server 
36480      DEBUG main            d.u.i.k.p.m.ProofCorrectnessMgt No justification found for rule Class_invariant_axiom_for_simple_evoting_Server 
36526      DEBUG main            d.u.i.k.p.m.ProofCorrectnessMgt No justification found for rule Class_invariant_axiom_for_simple_evoting_Message 
36543      DEBUG main            d.u.i.k.p.m.ProofCorrectnessMgt No justification found for rule Class_invariant_axiom_for_simple_evoting_Message 
36575      DEBUG main            d.u.i.k.p.m.ProofCorrectnessMgt No justification found for rule Class_invariant_axiom_for_simple_evoting_Server 
36643      DEBUG main            d.u.i.k.p.m.ProofCorrectnessMgt No justification found for rule Class_invariant_axiom_for_simple_evoting_Message 
36668      DEBUG main            d.u.i.k.p.m.ProofCorrectnessMgt No justification found for rule Class_invariant_axiom_for_simple_evoting_Message 
36709      DEBUG main            d.u.i.k.p.m.ProofCorrectnessMgt No justification found for rule Class_invariant_axiom_for_simple_evoting_Server 
36799      DEBUG main            d.u.i.k.p.m.ProofCorrectnessMgt No justification found for rule Class_invariant_axiom_for_simple_evoting_Message 
36829      DEBUG main            d.u.i.k.p.m.ProofCorrectnessMgt No justification found for rule Class_invariant_axiom_for_simple_evoting_Server 
36905      DEBUG main            d.u.i.k.p.m.ProofCorrectnessMgt No justification found for rule Class_invariant_axiom_for_simple_evoting_Message 
36939      DEBUG main            d.u.i.k.p.m.ProofCorrectnessMgt No justification found for rule Class_invariant_axiom_for_simple_evoting_Server 
37046      DEBUG main            d.u.i.k.p.m.ProofCorrectnessMgt No justification found for rule Class_invariant_axiom_for_simple_evoting_Message 
37072      DEBUG main            d.u.i.k.p.m.ProofCorrectnessMgt No justification found for rule Class_invariant_axiom_for_simple_evoting_Server 
37128      DEBUG main            d.u.i.k.p.m.ProofCorrectnessMgt No justification found for rule Class_invariant_axiom_for_simple_evoting_Message 
37152      DEBUG main            d.u.i.k.p.m.ProofCorrectnessMgt No justification found for rule Class_invariant_axiom_for_simple_evoting_Server 
37228      DEBUG main            d.u.i.k.p.m.ProofCorrectnessMgt No justification found for rule Class_invariant_axiom_for_simple_evoting_Server 
37298      DEBUG main            d.u.i.k.p.m.ProofCorrectnessMgt No justification found for rule Class_invariant_axiom_for_simple_evoting_Message 
37327      DEBUG main            d.u.i.k.p.m.ProofCorrectnessMgt No justification found for rule Class_invariant_axiom_for_simple_evoting_Message 
38265      DEBUG main            d.u.i.k.p.m.ProofCorrectnessMgt No justification found for rule JML_represents_clause_for_simple_evoting_Environment_rep 
38303      DEBUG main            d.u.i.k.p.m.ProofCorrectnessMgt No justification found for rule Class_invariant_axiom_for_simple_evoting_Message 
38344      DEBUG main            d.u.i.k.p.m.ProofCorrectnessMgt No justification found for rule Class_invariant_axiom_for_simple_evoting_Message 
38379      DEBUG main            d.u.i.k.p.m.ProofCorrectnessMgt No justification found for rule Class_invariant_axiom_for_simple_evoting_Message 
38417      DEBUG main            d.u.i.k.p.m.ProofCorrectnessMgt No justification found for rule Class_invariant_axiom_for_simple_evoting_Message 
38451      DEBUG main            d.u.i.k.p.m.ProofCorrectnessMgt No justification found for rule Class_invariant_axiom_for_simple_evoting_Message 
38488      DEBUG main            d.u.i.k.p.m.ProofCorrectnessMgt No justification found for rule Class_invariant_axiom_for_simple_evoting_Message 
38522      DEBUG main            d.u.i.k.p.m.ProofCorrectnessMgt No justification found for rule Class_invariant_axiom_for_simple_evoting_Message 
38561      DEBUG main            d.u.i.k.p.m.ProofCorrectnessMgt No justification found for rule Class_invariant_axiom_for_simple_evoting_Message 
38594      DEBUG main            d.u.i.k.p.m.ProofCorrectnessMgt No justification found for rule Class_invariant_axiom_for_simple_evoting_Message 
38631      DEBUG main            d.u.i.k.p.m.ProofCorrectnessMgt No justification found for rule Class_invariant_axiom_for_simple_evoting_Message 
38690      DEBUG main            d.u.i.k.p.m.ProofCorrectnessMgt No justification found for rule Class_invariant_axiom_for_simple_evoting_Message 
38875      DEBUG main            d.u.i.k.p.m.ProofCorrectnessMgt No justification found for rule Class_invariant_axiom_for_simple_evoting_Server 
38961      DEBUG main            d.u.i.k.p.m.ProofCorrectnessMgt No justification found for rule Class_invariant_axiom_for_simple_evoting_Server 
39039      DEBUG main            d.u.i.k.p.m.ProofCorrectnessMgt No justification found for rule Class_invariant_axiom_for_simple_evoting_Server 
39096      DEBUG main            d.u.i.k.p.m.ProofCorrectnessMgt No justification found for rule Class_invariant_axiom_for_simple_evoting_Server 
39199      DEBUG main            d.u.i.k.p.m.ProofCorrectnessMgt No justification found for rule Class_invariant_axiom_for_simple_evoting_Server 
39266      DEBUG main            d.u.i.k.p.m.ProofCorrectnessMgt No justification found for rule Class_invariant_axiom_for_simple_evoting_Server 
39321      DEBUG main            d.u.i.k.p.m.ProofCorrectnessMgt No justification found for rule Class_invariant_axiom_for_simple_evoting_Server 
39392      DEBUG main            d.u.i.k.p.m.ProofCorrectnessMgt No justification found for rule Class_invariant_axiom_for_simple_evoting_Server 
39447      DEBUG main            d.u.i.k.p.m.ProofCorrectnessMgt No justification found for rule Class_invariant_axiom_for_simple_evoting_Server 
39514      DEBUG main            d.u.i.k.p.m.ProofCorrectnessMgt No justification found for rule Class_invariant_axiom_for_simple_evoting_Server 
39614      DEBUG main            d.u.i.k.p.m.ProofCorrectnessMgt No justification found for rule Class_invariant_axiom_for_simple_evoting_Server 
39690      DEBUG main            d.u.i.k.p.m.ProofCorrectnessMgt No justification found for rule Class_invariant_axiom_for_simple_evoting_Server 
53900      DEBUG main            d.u.i.k.p.m.ProofCorrectnessMgt No justification found for rule Class_invariant_axiom_for_simple_evoting_Message 
53960      DEBUG main            d.u.i.k.p.m.ProofCorrectnessMgt No justification found for rule Class_invariant_axiom_for_simple_evoting_Server 
54036      DEBUG main            d.u.i.k.p.m.ProofCorrectnessMgt No justification found for rule Class_invariant_axiom_for_simple_evoting_Server 
54078      DEBUG main            d.u.i.k.p.m.ProofCorrectnessMgt No justification found for rule Class_invariant_axiom_for_simple_evoting_Message 
54136      DEBUG main            d.u.i.k.p.m.ProofCorrectnessMgt No justification found for rule Class_invariant_axiom_for_simple_evoting_Server 
54175      DEBUG main            d.u.i.k.p.m.ProofCorrectnessMgt No justification found for rule Class_invariant_axiom_for_simple_evoting_Message 
74281      INFO  main            d.u.i.k.p.r.p.TestFile    ... finished proof: closed. 
74618      INFO  main            d.u.i.k.p.r.p.TestFile    Now processing file /home/runner/work/key/key/key.core/../key.ui/examples/InformationFlow/SimpleEvoting/simple_evoting.SMT(simple_evoting.SMT__send(simple_evoting.Message,int,simple_evoting.Server)).Non-interference contract.0.m.key 
74619      INFO  main            d.u.i.k.p.i.AbstractProblemLoader Loading environment from /home/runner/work/key/key/key.core/../key.ui/examples/InformationFlow/SimpleEvoting/simple_evoting.SMT(simple_evoting.SMT__send(simple_evoting.Message,int,simple_evoting.Server)).Non-interference contract.0.m.key 
74619      DEBUG main            d.u.i.k.p.i.AbstractProblemLoader Environment load took 71.2ns 
74620      INFO  main            d.u.i.k.p.i.AbstractProblemLoader Creating init config 
77611      DEBUG main            d.u.i.k.p.i.AbstractProblemLoader Init config took 2.99s 
77667      INFO  main            d.u.i.k.p.i.AbstractProblemLoader Replaying proof simple_evoting.SMT[simple_evoting.SMT::send(simple_evoting.Message,int,simple_evoting.Server)].Non-interference contract.0 
77669      DEBUG main            d.u.i.k.p.i.IntermediateProofReplayer Proof replay took 12.8ns 
77670      DEBUG main            d.u.i.k.m.s.ProofScriptEngine [1] goal: 0, source line: 51, command: 'macro 'infflow-autopilot'' 
77726      DEBUG main            d.u.i.k.p.m.ProofCorrectnessMgt No justification found for rule Class_invariant_axiom_for_simple_evoting_Server 
77733      DEBUG main            d.u.i.k.p.m.ProofCorrectnessMgt No justification found for rule Class_invariant_axiom_for_simple_evoting_Message 
77786      DEBUG main            d.u.i.k.p.m.ProofCorrectnessMgt No justification found for rule JML_represents_clause_for_simple_evoting_Environment_rep 
78029      DEBUG main            d.u.i.k.p.m.ProofCorrectnessMgt No justification found for rule Class_invariant_axiom_for_simple_evoting_Server 
78104      DEBUG main            d.u.i.k.p.m.ProofCorrectnessMgt No justification found for rule Class_invariant_axiom_for_simple_evoting_Message 
78130      DEBUG main            d.u.i.k.p.m.ProofCorrectnessMgt No justification found for rule Class_invariant_axiom_for_simple_evoting_Message 
78139      DEBUG main            d.u.i.k.p.m.ProofCorrectnessMgt No justification found for rule Class_invariant_axiom_for_simple_evoting_Server 
79078      DEBUG main            d.u.i.k.p.m.ProofCorrectnessMgt No justification found for rule Class_invariant_axiom_for_simple_evoting_Server 
79216      DEBUG main            d.u.i.k.p.m.ProofCorrectnessMgt No justification found for rule Class_invariant_axiom_for_simple_evoting_Message 
79277      DEBUG main            d.u.i.k.p.m.ProofCorrectnessMgt No justification found for rule Class_invariant_axiom_for_simple_evoting_Message 
79298      DEBUG main            d.u.i.k.p.m.ProofCorrectnessMgt No justification found for rule Class_invariant_axiom_for_simple_evoting_Server 
79358      DEBUG main            d.u.i.k.p.m.ProofCorrectnessMgt No justification found for rule Class_invariant_axiom_for_simple_evoting_Server 
79422      DEBUG main            d.u.i.k.p.m.ProofCorrectnessMgt No justification found for rule Class_invariant_axiom_for_simple_evoting_Message 
79445      DEBUG main            d.u.i.k.p.m.ProofCorrectnessMgt No justification found for rule Class_invariant_axiom_for_simple_evoting_Server 
79721      DEBUG main            d.u.i.k.p.m.ProofCorrectnessMgt No justification found for rule Class_invariant_axiom_for_simple_evoting_Message 
79743      DEBUG main            d.u.i.k.p.m.ProofCorrectnessMgt No justification found for rule Class_invariant_axiom_for_simple_evoting_Message 
79759      DEBUG main            d.u.i.k.p.m.ProofCorrectnessMgt No justification found for rule Class_invariant_axiom_for_simple_evoting_Server 
79819      DEBUG main            d.u.i.k.p.m.ProofCorrectnessMgt No justification found for rule Class_invariant_axiom_for_simple_evoting_Message 
79842      DEBUG main            d.u.i.k.p.m.ProofCorrectnessMgt No justification found for rule Class_invariant_axiom_for_simple_evoting_Message 
79860      DEBUG main            d.u.i.k.p.m.ProofCorrectnessMgt No justification found for rule Class_invariant_axiom_for_simple_evoting_Server 
79933      DEBUG main            d.u.i.k.p.m.ProofCorrectnessMgt No justification found for rule Class_invariant_axiom_for_simple_evoting_Message 
79952      DEBUG main            d.u.i.k.p.m.ProofCorrectnessMgt No justification found for rule Class_invariant_axiom_for_simple_evoting_Message 
79977      DEBUG main            d.u.i.k.p.m.ProofCorrectnessMgt No justification found for rule Class_invariant_axiom_for_simple_evoting_Server 
80037      DEBUG main            d.u.i.k.p.m.ProofCorrectnessMgt No justification found for rule Class_invariant_axiom_for_simple_evoting_Server 
80068      DEBUG main            d.u.i.k.p.m.ProofCorrectnessMgt No justification found for rule Class_invariant_axiom_for_simple_evoting_Message 
80088      DEBUG main            d.u.i.k.p.m.ProofCorrectnessMgt No justification found for rule Class_invariant_axiom_for_simple_evoting_Server 
80138      DEBUG main            d.u.i.k.p.m.ProofCorrectnessMgt No justification found for rule Class_invariant_axiom_for_simple_evoting_Server 
80182      DEBUG main            d.u.i.k.p.m.ProofCorrectnessMgt No justification found for rule Class_invariant_axiom_for_simple_evoting_Server 
80208      DEBUG main            d.u.i.k.p.m.ProofCorrectnessMgt No justification found for rule Class_invariant_axiom_for_simple_evoting_Server 
80248      DEBUG main            d.u.i.k.p.m.ProofCorrectnessMgt No justification found for rule Class_invariant_axiom_for_simple_evoting_Server 
80334      DEBUG main            d.u.i.k.p.m.ProofCorrectnessMgt No justification found for rule Class_invariant_axiom_for_simple_evoting_Server 
80409      DEBUG main            d.u.i.k.p.m.ProofCorrectnessMgt No justification found for rule Class_invariant_axiom_for_simple_evoting_Message 
80436      DEBUG main            d.u.i.k.p.m.ProofCorrectnessMgt No justification found for rule Class_invariant_axiom_for_simple_evoting_Message 
80458      DEBUG main            d.u.i.k.p.m.ProofCorrectnessMgt No justification found for rule Class_invariant_axiom_for_simple_evoting_Message 
80489      DEBUG main            d.u.i.k.p.m.ProofCorrectnessMgt No justification found for rule Class_invariant_axiom_for_simple_evoting_Server 
80600      DEBUG main            d.u.i.k.p.m.ProofCorrectnessMgt No justification found for rule Class_invariant_axiom_for_simple_evoting_Message 
80625      DEBUG main            d.u.i.k.p.m.ProofCorrectnessMgt No justification found for rule Class_invariant_axiom_for_simple_evoting_Server 
80805      DEBUG main            d.u.i.k.p.m.ProofCorrectnessMgt No justification found for rule Class_invariant_axiom_for_simple_evoting_Server 
80884      DEBUG main            d.u.i.k.p.m.ProofCorrectnessMgt No justification found for rule Class_invariant_axiom_for_simple_evoting_Message 
80915      DEBUG main            d.u.i.k.p.m.ProofCorrectnessMgt No justification found for rule Class_invariant_axiom_for_simple_evoting_Message 
80940      DEBUG main            d.u.i.k.p.m.ProofCorrectnessMgt No justification found for rule Class_invariant_axiom_for_simple_evoting_Message 
80975      DEBUG main            d.u.i.k.p.m.ProofCorrectnessMgt No justification found for rule Class_invariant_axiom_for_simple_evoting_Message 
81006      DEBUG main            d.u.i.k.p.m.ProofCorrectnessMgt No justification found for rule Class_invariant_axiom_for_simple_evoting_Server 
81063      DEBUG main            d.u.i.k.p.m.ProofCorrectnessMgt No justification found for rule Class_invariant_axiom_for_simple_evoting_Server 
81105      DEBUG main            d.u.i.k.p.m.ProofCorrectnessMgt No justification found for rule Class_invariant_axiom_for_simple_evoting_Server 
81870      DEBUG main            d.u.i.k.p.m.ProofCorrectnessMgt No justification found for rule JML_represents_clause_for_simple_evoting_Environment_rep 
81986      DEBUG main            d.u.i.k.p.m.ProofCorrectnessMgt No justification found for rule Class_invariant_axiom_for_simple_evoting_Message 
82023      DEBUG main            d.u.i.k.p.m.ProofCorrectnessMgt No justification found for rule Class_invariant_axiom_for_simple_evoting_Message 
82056      DEBUG main            d.u.i.k.p.m.ProofCorrectnessMgt No justification found for rule Class_invariant_axiom_for_simple_evoting_Message 
82092      DEBUG main            d.u.i.k.p.m.ProofCorrectnessMgt No justification found for rule Class_invariant_axiom_for_simple_evoting_Message 
82125      DEBUG main            d.u.i.k.p.m.ProofCorrectnessMgt No justification found for rule Class_invariant_axiom_for_simple_evoting_Message 
82161      DEBUG main            d.u.i.k.p.m.ProofCorrectnessMgt No justification found for rule Class_invariant_axiom_for_simple_evoting_Message 
82192      DEBUG main            d.u.i.k.p.m.ProofCorrectnessMgt No justification found for rule Class_invariant_axiom_for_simple_evoting_Message 
82228      DEBUG main            d.u.i.k.p.m.ProofCorrectnessMgt No justification found for rule Class_invariant_axiom_for_simple_evoting_Message 
82260      DEBUG main            d.u.i.k.p.m.ProofCorrectnessMgt No justification found for rule Class_invariant_axiom_for_simple_evoting_Message 
82297      DEBUG main            d.u.i.k.p.m.ProofCorrectnessMgt No justification found for rule Class_invariant_axiom_for_simple_evoting_Message 
82544      DEBUG main            d.u.i.k.p.m.ProofCorrectnessMgt No justification found for rule Class_invariant_axiom_for_simple_evoting_Server 
82619      DEBUG main            d.u.i.k.p.m.ProofCorrectnessMgt No justification found for rule Class_invariant_axiom_for_simple_evoting_Server 
82695      DEBUG main            d.u.i.k.p.m.ProofCorrectnessMgt No justification found for rule Class_invariant_axiom_for_simple_evoting_Server 
82751      DEBUG main            d.u.i.k.p.m.ProofCorrectnessMgt No justification found for rule Class_invariant_axiom_for_simple_evoting_Server 
82821      DEBUG main            d.u.i.k.p.m.ProofCorrectnessMgt No justification found for rule Class_invariant_axiom_for_simple_evoting_Server 
82877      DEBUG main            d.u.i.k.p.m.ProofCorrectnessMgt No justification found for rule Class_invariant_axiom_for_simple_evoting_Server 
82946      DEBUG main            d.u.i.k.p.m.ProofCorrectnessMgt No justification found for rule Class_invariant_axiom_for_simple_evoting_Server 
82998      DEBUG main            d.u.i.k.p.m.ProofCorrectnessMgt No justification found for rule Class_invariant_axiom_for_simple_evoting_Server 
83067      DEBUG main            d.u.i.k.p.m.ProofCorrectnessMgt No justification found for rule Class_invariant_axiom_for_simple_evoting_Server 
83123      DEBUG main            d.u.i.k.p.m.ProofCorrectnessMgt No justification found for rule Class_invariant_axiom_for_simple_evoting_Server 
96376      DEBUG main            d.u.i.k.p.m.ProofCorrectnessMgt No justification found for rule Class_invariant_axiom_for_simple_evoting_Message 
96431      DEBUG main            d.u.i.k.p.m.ProofCorrectnessMgt No justification found for rule Class_invariant_axiom_for_simple_evoting_Server 
96506      DEBUG main            d.u.i.k.p.m.ProofCorrectnessMgt No justification found for rule Class_invariant_axiom_for_simple_evoting_Message 
96533      DEBUG main            d.u.i.k.p.m.ProofCorrectnessMgt No justification found for rule Class_invariant_axiom_for_simple_evoting_Server 
96594      DEBUG main            d.u.i.k.p.m.ProofCorrectnessMgt No justification found for rule Class_invariant_axiom_for_simple_evoting_Message 
96617      DEBUG main            d.u.i.k.p.m.ProofCorrectnessMgt No justification found for rule Class_invariant_axiom_for_simple_evoting_Server 
118873     INFO  main            d.u.i.k.p.r.p.TestFile    ... finished proof: closed. 
119176     INFO  main            d.u.i.k.p.r.p.TestFile    Now processing file /home/runner/work/key/key/key.core/../key.ui/examples/InformationFlow/SimpleEvoting/simple_evoting.SMTEnv(simple_evoting.SMTEnv__send(int,int,int,simple_evoting.Server,int)).Non-interference contract.0.m.key 
119176     INFO  main            d.u.i.k.p.i.AbstractProblemLoader Loading environment from /home/runner/work/key/key/key.core/../key.ui/examples/InformationFlow/SimpleEvoting/simple_evoting.SMTEnv(simple_evoting.SMTEnv__send(int,int,int,simple_evoting.Server,int)).Non-interference contract.0.m.key 
119176     DEBUG main            d.u.i.k.p.i.AbstractProblemLoader Environment load took 72.4ns 
119177     INFO  main            d.u.i.k.p.i.AbstractProblemLoader Creating init config 
122184     DEBUG main            d.u.i.k.p.i.AbstractProblemLoader Init config took 3.01s 
122244     INFO  main            d.u.i.k.p.i.AbstractProblemLoader Replaying proof simple_evoting.SMTEnv[simple_evoting.SMTEnv::send(int,int,int,simple_evoting.Server,int)].Non-interference contract.0 
122247     DEBUG main            d.u.i.k.p.i.IntermediateProofReplayer Proof replay took 14.3ns 
122248     DEBUG main            d.u.i.k.m.s.ProofScriptEngine [1] goal: 0, source line: 51, command: 'macro 'infflow-autopilot'' 
122304     DEBUG main            d.u.i.k.p.m.ProofCorrectnessMgt No justification found for rule JML_represents_clause_for_simple_evoting_Environment_rep 
122319     DEBUG main            d.u.i.k.p.m.ProofCorrectnessMgt No justification found for rule JML_represents_clause_for_simple_evoting_Environment_rep 
122335     DEBUG main            d.u.i.k.p.m.ProofCorrectnessMgt No justification found for rule JML_represents_clause_for_simple_evoting_Environment_rep 
122350     DEBUG main            d.u.i.k.p.m.ProofCorrectnessMgt No justification found for rule JML_represents_clause_for_simple_evoting_Environment_rep 
122364     DEBUG main            d.u.i.k.p.m.ProofCorrectnessMgt No justification found for rule JML_represents_clause_for_simple_evoting_Environment_rep 
122415     DEBUG main            d.u.i.k.p.m.ProofCorrectnessMgt No justification found for rule JML_represents_clause_for_simple_evoting_Environment_rep 
123582     INFO  main            d.u.i.k.p.r.p.TestFile    ... finished proof: closed. 
123839     INFO  main            d.u.i.k.p.r.p.TestFile    Now processing file /home/runner/work/key/key/key.core/../key.ui/examples/InformationFlow/SimpleEvoting/simple_evoting.NetworkClient(simple_evoting.NetworkClient__send((B,simple_evoting.Server,int)).Non-interference contract.0.m.key 
123839     INFO  main            d.u.i.k.p.i.AbstractProblemLoader Loading environment from /home/runner/work/key/key/key.core/../key.ui/examples/InformationFlow/SimpleEvoting/simple_evoting.NetworkClient(simple_evoting.NetworkClient__send((B,simple_evoting.Server,int)).Non-interference contract.0.m.key 
123840     DEBUG main            d.u.i.k.p.i.AbstractProblemLoader Environment load took 58ns 
123841     INFO  main            d.u.i.k.p.i.AbstractProblemLoader Creating init config 
126892     DEBUG main            d.u.i.k.p.i.AbstractProblemLoader Init config took 3.05s 
126952     INFO  main            d.u.i.k.p.i.AbstractProblemLoader Replaying proof simple_evoting.NetworkClient[simple_evoting.NetworkClient::send([B,simple_evoting.Server,int)].Non-interference contract.0 
126954     DEBUG main            d.u.i.k.p.i.IntermediateProofReplayer Proof replay took 13.3ns 
126955     DEBUG main            d.u.i.k.m.s.ProofScriptEngine [1] goal: 0, source line: 51, command: 'macro 'infflow-autopilot'' 
127001     DEBUG main            d.u.i.k.p.m.ProofCorrectnessMgt No justification found for rule JML_represents_clause_for_simple_evoting_Environment_rep 
127020     DEBUG main            d.u.i.k.p.m.ProofCorrectnessMgt No justification found for rule JML_represents_clause_for_simple_evoting_Environment_rep 
127033     DEBUG main            d.u.i.k.p.m.ProofCorrectnessMgt No justification found for rule JML_represents_clause_for_simple_evoting_Environment_rep 
128013     INFO  main            d.u.i.k.p.r.p.TestFile    ... finished proof: closed. 
128239     INFO  main            d.u.i.k.p.r.p.TestFile    Now processing file /home/runner/work/key/key/key.core/../key.ui/examples/InformationFlow/SimpleEvoting/simple_evoting.Voter(simple_evoting.Voter__onSendBallot(simple_evoting.Server)).Non-interference contract.1.m.key 
128239     INFO  main            d.u.i.k.p.i.AbstractProblemLoader Loading environment from /home/runner/work/key/key/key.core/../key.ui/examples/InformationFlow/SimpleEvoting/simple_evoting.Voter(simple_evoting.Voter__onSendBallot(simple_evoting.Server)).Non-interference contract.1.m.key 
128239     DEBUG main            d.u.i.k.p.i.AbstractProblemLoader Environment load took 54.7ns 
128240     INFO  main            d.u.i.k.p.i.AbstractProblemLoader Creating init config 
131311     DEBUG main            d.u.i.k.p.i.AbstractProblemLoader Init config took 3.07s 
131364     INFO  main            d.u.i.k.p.i.AbstractProblemLoader Replaying proof simple_evoting.Voter[simple_evoting.Voter::onSendBallot(simple_evoting.Server)].Non-interference contract.1 
131366     DEBUG main            d.u.i.k.p.i.IntermediateProofReplayer Proof replay took 12.5ns 
131367     DEBUG main            d.u.i.k.m.s.ProofScriptEngine [1] goal: 0, source line: 51, command: 'macro 'infflow-autopilot'' 
131404     DEBUG main            d.u.i.k.p.m.ProofCorrectnessMgt No justification found for rule Class_invariant_axiom_for_simple_evoting_Voter 
131407     DEBUG main            d.u.i.k.p.m.ProofCorrectnessMgt No justification found for rule Class_invariant_axiom_for_simple_evoting_Server 
131907     DEBUG main            d.u.i.k.p.m.ProofCorrectnessMgt No justification found for rule Class_invariant_axiom_for_simple_evoting_Message 
131953     DEBUG main            d.u.i.k.p.m.ProofCorrectnessMgt No justification found for rule Class_invariant_axiom_for_simple_evoting_Server 
132074     DEBUG main            d.u.i.k.p.m.ProofCorrectnessMgt No justification found for rule Class_invariant_axiom_for_simple_evoting_Message 
132118     DEBUG main            d.u.i.k.p.m.ProofCorrectnessMgt No justification found for rule Class_invariant_axiom_for_simple_evoting_Server 
134454     DEBUG main            d.u.i.k.p.m.ProofCorrectnessMgt No justification found for rule JML_represents_clause_for_simple_evoting_Environment_rep 
134461     DEBUG main            d.u.i.k.p.m.ProofCorrectnessMgt No justification found for rule JML_represents_clause_for_simple_evoting_Environment_rep 
134518     DEBUG main            d.u.i.k.p.m.ProofCorrectnessMgt No justification found for rule JML_represents_clause_for_simple_evoting_Environment_rep 
134532     DEBUG main            d.u.i.k.p.m.ProofCorrectnessMgt No justification found for rule JML_represents_clause_for_simple_evoting_Environment_rep 
134544     DEBUG main            d.u.i.k.p.m.ProofCorrectnessMgt No justification found for rule JML_represents_clause_for_simple_evoting_Environment_rep 
134564     DEBUG main            d.u.i.k.p.m.ProofCorrectnessMgt No justification found for rule JML_represents_clause_for_simple_evoting_Environment_rep 
134571     DEBUG main            d.u.i.k.p.m.ProofCorrectnessMgt No justification found for rule JML_represents_clause_for_simple_evoting_Environment_rep 
134591     DEBUG main            d.u.i.k.p.m.ProofCorrectnessMgt No justification found for rule JML_represents_clause_for_simple_evoting_Environment_rep 
134597     DEBUG main            d.u.i.k.p.m.ProofCorrectnessMgt No justification found for rule JML_represents_clause_for_simple_evoting_Environment_rep 
134604     DEBUG main            d.u.i.k.p.m.ProofCorrectnessMgt No justification found for rule JML_represents_clause_for_simple_evoting_Environment_rep 
134623     DEBUG main            d.u.i.k.p.m.ProofCorrectnessMgt No justification found for rule JML_represents_clause_for_simple_evoting_Environment_rep 
134629     DEBUG main            d.u.i.k.p.m.ProofCorrectnessMgt No justification found for rule JML_represents_clause_for_simple_evoting_Environment_rep 
134641     DEBUG main            d.u.i.k.p.m.ProofCorrectnessMgt No justification found for rule JML_represents_clause_for_simple_evoting_Environment_rep 
134648     DEBUG main            d.u.i.k.p.m.ProofCorrectnessMgt No justification found for rule JML_represents_clause_for_simple_evoting_Environment_rep 
134667     DEBUG main            d.u.i.k.p.m.ProofCorrectnessMgt No justification found for rule Class_invariant_axiom_for_simple_evoting_Server 
135013     DEBUG main            d.u.i.k.p.m.ProofCorrectnessMgt No justification found for rule Class_invariant_axiom_for_simple_evoting_Server 
135239     DEBUG main            d.u.i.k.p.m.ProofCorrectnessMgt No justification found for rule Class_invariant_axiom_for_simple_evoting_Message 
135339     DEBUG main            d.u.i.k.p.m.ProofCorrectnessMgt No justification found for rule Class_invariant_axiom_for_simple_evoting_Server 
135525     DEBUG main            d.u.i.k.p.m.ProofCorrectnessMgt No justification found for rule Class_invariant_axiom_for_simple_evoting_Message 
135582     DEBUG main            d.u.i.k.p.m.ProofCorrectnessMgt No justification found for rule Class_invariant_axiom_for_simple_evoting_Server 
135911     DEBUG main            d.u.i.k.p.m.ProofCorrectnessMgt No justification found for rule Class_invariant_axiom_for_simple_evoting_Message 
136026     DEBUG main            d.u.i.k.p.m.ProofCorrectnessMgt No justification found for rule Class_invariant_axiom_for_simple_evoting_Message 
136138     DEBUG main            d.u.i.k.p.m.ProofCorrectnessMgt No justification found for rule Class_invariant_axiom_for_simple_evoting_Server 
136434     DEBUG main            d.u.i.k.p.m.ProofCorrectnessMgt No justification found for rule Class_invariant_axiom_for_simple_evoting_Message 
136553     DEBUG main            d.u.i.k.p.m.ProofCorrectnessMgt No justification found for rule Class_invariant_axiom_for_simple_evoting_Server 
136918     DEBUG main            d.u.i.k.p.m.ProofCorrectnessMgt No justification found for rule Class_invariant_axiom_for_simple_evoting_Message 
137034     DEBUG main            d.u.i.k.p.m.ProofCorrectnessMgt No justification found for rule Class_invariant_axiom_for_simple_evoting_Message 
137158     DEBUG main            d.u.i.k.p.m.ProofCorrectnessMgt No justification found for rule Class_invariant_axiom_for_simple_evoting_Server 
137475     DEBUG main            d.u.i.k.p.m.ProofCorrectnessMgt No justification found for rule Class_invariant_axiom_for_simple_evoting_Server 
137809     DEBUG main            d.u.i.k.p.m.ProofCorrectnessMgt No justification found for rule Class_invariant_axiom_for_simple_evoting_Message 
137964     DEBUG main            d.u.i.k.p.m.ProofCorrectnessMgt No justification found for rule Class_invariant_axiom_for_simple_evoting_Message 
138190     DEBUG main            d.u.i.k.p.m.ProofCorrectnessMgt No justification found for rule Class_invariant_axiom_for_simple_evoting_Message 
138258     DEBUG main            d.u.i.k.p.m.ProofCorrectnessMgt No justification found for rule Class_invariant_axiom_for_simple_evoting_Message 
138366     DEBUG main            d.u.i.k.p.m.ProofCorrectnessMgt No justification found for rule Class_invariant_axiom_for_simple_evoting_Message 
138460     DEBUG main            d.u.i.k.p.m.ProofCorrectnessMgt No justification found for rule Class_invariant_axiom_for_simple_evoting_Message 
138560     DEBUG main            d.u.i.k.p.m.ProofCorrectnessMgt No justification found for rule Class_invariant_axiom_for_simple_evoting_Server 
138887     DEBUG main            d.u.i.k.p.m.ProofCorrectnessMgt No justification found for rule Class_invariant_axiom_for_simple_evoting_Message 
138990     DEBUG main            d.u.i.k.p.m.ProofCorrectnessMgt No justification found for rule Class_invariant_axiom_for_simple_evoting_Message 
139098     DEBUG main            d.u.i.k.p.m.ProofCorrectnessMgt No justification found for rule Class_invariant_axiom_for_simple_evoting_Message 
139207     DEBUG main            d.u.i.k.p.m.ProofCorrectnessMgt No justification found for rule Class_invariant_axiom_for_simple_evoting_Server 
139484     DEBUG main            d.u.i.k.p.m.ProofCorrectnessMgt No justification found for rule Class_invariant_axiom_for_simple_evoting_Server 
139784     DEBUG main            d.u.i.k.p.m.ProofCorrectnessMgt No justification found for rule Class_invariant_axiom_for_simple_evoting_Message 
141123     DEBUG main            d.u.i.k.p.m.ProofCorrectnessMgt No justification found for rule Class_invariant_axiom_for_simple_evoting_Server 
141333     DEBUG main            d.u.i.k.p.m.ProofCorrectnessMgt No justification found for rule Class_invariant_axiom_for_simple_evoting_Server 
141509     DEBUG main            d.u.i.k.p.m.ProofCorrectnessMgt No justification found for rule Class_invariant_axiom_for_simple_evoting_Server 
141685     DEBUG main            d.u.i.k.p.m.ProofCorrectnessMgt No justification found for rule Class_invariant_axiom_for_simple_evoting_Server 
142445     DEBUG main            d.u.i.k.p.m.ProofCorrectnessMgt No justification found for rule Class_invariant_axiom_for_simple_evoting_Message 
142503     DEBUG main            d.u.i.k.p.m.ProofCorrectnessMgt No justification found for rule Class_invariant_axiom_for_simple_evoting_Server 
148116     INFO  main            d.u.i.k.p.r.p.TestFile    ... finished proof: closed. 
148388     INFO  main            d.u.i.k.p.r.p.TestFile    Now processing file /home/runner/work/key/key/key.core/../key.ui/examples/InformationFlow/SimpleEvoting/simple_evoting.Voter(simple_evoting.Voter__onSendBallot(simple_evoting.Server)).Non-interference contract.0.m.key 
148389     INFO  main            d.u.i.k.p.i.AbstractProblemLoader Loading environment from /home/runner/work/key/key/key.core/../key.ui/examples/InformationFlow/SimpleEvoting/simple_evoting.Voter(simple_evoting.Voter__onSendBallot(simple_evoting.Server)).Non-interference contract.0.m.key 
148389     DEBUG main            d.u.i.k.p.i.AbstractProblemLoader Environment load took 87.7ns 
148390     INFO  main            d.u.i.k.p.i.AbstractProblemLoader Creating init config 
151401     DEBUG main            d.u.i.k.p.i.AbstractProblemLoader Init config took 3.01s 
151452     INFO  main            d.u.i.k.p.i.AbstractProblemLoader Replaying proof simple_evoting.Voter[simple_evoting.Voter::onSendBallot(simple_evoting.Server)].Non-interference contract.0 
151454     DEBUG main            d.u.i.k.p.i.IntermediateProofReplayer Proof replay took 13.3ns 
151455     DEBUG main            d.u.i.k.m.s.ProofScriptEngine [1] goal: 0, source line: 51, command: 'macro 'infflow-autopilot'' 
151491     DEBUG main            d.u.i.k.p.m.ProofCorrectnessMgt No justification found for rule Class_invariant_axiom_for_simple_evoting_Voter 
151494     DEBUG main            d.u.i.k.p.m.ProofCorrectnessMgt No justification found for rule Class_invariant_axiom_for_simple_evoting_Server 
151983     DEBUG main            d.u.i.k.p.m.ProofCorrectnessMgt No justification found for rule Class_invariant_axiom_for_simple_evoting_Server 
152118     DEBUG main            d.u.i.k.p.m.ProofCorrectnessMgt No justification found for rule Class_invariant_axiom_for_simple_evoting_Message 
152160     DEBUG main            d.u.i.k.p.m.ProofCorrectnessMgt No justification found for rule Class_invariant_axiom_for_simple_evoting_Message 
152198     DEBUG main            d.u.i.k.p.m.ProofCorrectnessMgt No justification found for rule Class_invariant_axiom_for_simple_evoting_Server 
154614     DEBUG main            d.u.i.k.p.m.ProofCorrectnessMgt No justification found for rule JML_represents_clause_for_simple_evoting_Environment_rep 
154621     DEBUG main            d.u.i.k.p.m.ProofCorrectnessMgt No justification found for rule JML_represents_clause_for_simple_evoting_Environment_rep 
154672     DEBUG main            d.u.i.k.p.m.ProofCorrectnessMgt No justification found for rule JML_represents_clause_for_simple_evoting_Environment_rep 
154686     DEBUG main            d.u.i.k.p.m.ProofCorrectnessMgt No justification found for rule JML_represents_clause_for_simple_evoting_Environment_rep 
154693     DEBUG main            d.u.i.k.p.m.ProofCorrectnessMgt No justification found for rule JML_represents_clause_for_simple_evoting_Environment_rep 
154700     DEBUG main            d.u.i.k.p.m.ProofCorrectnessMgt No justification found for rule JML_represents_clause_for_simple_evoting_Environment_rep 
154713     DEBUG main            d.u.i.k.p.m.ProofCorrectnessMgt No justification found for rule JML_represents_clause_for_simple_evoting_Environment_rep 
154719     DEBUG main            d.u.i.k.p.m.ProofCorrectnessMgt No justification found for rule JML_represents_clause_for_simple_evoting_Environment_rep 
154738     DEBUG main            d.u.i.k.p.m.ProofCorrectnessMgt No justification found for rule JML_represents_clause_for_simple_evoting_Environment_rep 
154751     DEBUG main            d.u.i.k.p.m.ProofCorrectnessMgt No justification found for rule JML_represents_clause_for_simple_evoting_Environment_rep 
154757     DEBUG main            d.u.i.k.p.m.ProofCorrectnessMgt No justification found for rule JML_represents_clause_for_simple_evoting_Environment_rep 
154764     DEBUG main            d.u.i.k.p.m.ProofCorrectnessMgt No justification found for rule JML_represents_clause_for_simple_evoting_Environment_rep 
154776     DEBUG main            d.u.i.k.p.m.ProofCorrectnessMgt No justification found for rule JML_represents_clause_for_simple_evoting_Environment_rep 
154783     DEBUG main            d.u.i.k.p.m.ProofCorrectnessMgt No justification found for rule JML_represents_clause_for_simple_evoting_Environment_rep 
154817     DEBUG main            d.u.i.k.p.m.ProofCorrectnessMgt No justification found for rule Class_invariant_axiom_for_simple_evoting_Message 
154952     DEBUG main            d.u.i.k.p.m.ProofCorrectnessMgt No justification found for rule Class_invariant_axiom_for_simple_evoting_Message 
155018     DEBUG main            d.u.i.k.p.m.ProofCorrectnessMgt No justification found for rule Class_invariant_axiom_for_simple_evoting_Message 
155129     DEBUG main            d.u.i.k.p.m.ProofCorrectnessMgt No justification found for rule Class_invariant_axiom_for_simple_evoting_Server 
155508     DEBUG main            d.u.i.k.p.m.ProofCorrectnessMgt No justification found for rule Class_invariant_axiom_for_simple_evoting_Message 
155619     DEBUG main            d.u.i.k.p.m.ProofCorrectnessMgt No justification found for rule Class_invariant_axiom_for_simple_evoting_Server 
155913     DEBUG main            d.u.i.k.p.m.ProofCorrectnessMgt No justification found for rule Class_invariant_axiom_for_simple_evoting_Message 
156015     DEBUG main            d.u.i.k.p.m.ProofCorrectnessMgt No justification found for rule Class_invariant_axiom_for_simple_evoting_Server 
156297     DEBUG main            d.u.i.k.p.m.ProofCorrectnessMgt No justification found for rule Class_invariant_axiom_for_simple_evoting_Message 
156408     DEBUG main            d.u.i.k.p.m.ProofCorrectnessMgt No justification found for rule Class_invariant_axiom_for_simple_evoting_Message 
156561     DEBUG main            d.u.i.k.p.m.ProofCorrectnessMgt No justification found for rule Class_invariant_axiom_for_simple_evoting_Message 
156679     DEBUG main            d.u.i.k.p.m.ProofCorrectnessMgt No justification found for rule Class_invariant_axiom_for_simple_evoting_Message 
156842     DEBUG main            d.u.i.k.p.m.ProofCorrectnessMgt No justification found for rule Class_invariant_axiom_for_simple_evoting_Message 
156933     DEBUG main            d.u.i.k.p.m.ProofCorrectnessMgt No justification found for rule Class_invariant_axiom_for_simple_evoting_Message 
157042     DEBUG main            d.u.i.k.p.m.ProofCorrectnessMgt No justification found for rule Class_invariant_axiom_for_simple_evoting_Server 
157321     DEBUG main            d.u.i.k.p.m.ProofCorrectnessMgt No justification found for rule Class_invariant_axiom_for_simple_evoting_Server 
157577     DEBUG main            d.u.i.k.p.m.ProofCorrectnessMgt No justification found for rule Class_invariant_axiom_for_simple_evoting_Message 
157717     DEBUG main            d.u.i.k.p.m.ProofCorrectnessMgt No justification found for rule Class_invariant_axiom_for_simple_evoting_Message 
157819     DEBUG main            d.u.i.k.p.m.ProofCorrectnessMgt No justification found for rule Class_invariant_axiom_for_simple_evoting_Message 
157917     DEBUG main            d.u.i.k.p.m.ProofCorrectnessMgt No justification found for rule Class_invariant_axiom_for_simple_evoting_Server 
158191     DEBUG main            d.u.i.k.p.m.ProofCorrectnessMgt No justification found for rule Class_invariant_axiom_for_simple_evoting_Message 
158291     DEBUG main            d.u.i.k.p.m.ProofCorrectnessMgt No justification found for rule Class_invariant_axiom_for_simple_evoting_Server 
158470     DEBUG main            d.u.i.k.p.m.ProofCorrectnessMgt No justification found for rule Class_invariant_axiom_for_simple_evoting_Message 
160025     DEBUG main            d.u.i.k.p.m.ProofCorrectnessMgt No justification found for rule Class_invariant_axiom_for_simple_evoting_Message 
160099     DEBUG main            d.u.i.k.p.m.ProofCorrectnessMgt No justification found for rule Class_invariant_axiom_for_simple_evoting_Server 
160904     DEBUG main            d.u.i.k.p.m.ProofCorrectnessMgt No justification found for rule Class_invariant_axiom_for_simple_evoting_Message 
160962     DEBUG main            d.u.i.k.p.m.ProofCorrectnessMgt No justification found for rule Class_invariant_axiom_for_simple_evoting_Server 
166874     INFO  main            d.u.i.k.p.r.p.TestFile    ... finished proof: closed. 
2597590    INFO  Test worker     d.u.i.k.p.r.RunAllProofsTestUnit Returning from test SimpleEvoting_fullmacro 
]]></system-out>
  <system-err><![CDATA[]]></system-err>
</testsuite>
