<?xml version="1.0" encoding="UTF-8"?>
<testsuite name="recoder.testsuite.basic.analysis.ReferenceCompletenessTest" tests="1" skipped="0" failures="0" errors="0" timestamp="2023-03-10T14:25:34" hostname="fv-az336-565" time="0.001">
  <properties/>
  <testcase name="testReferenceCompleteness" classname="recoder.testsuite.basic.analysis.ReferenceCompletenessTest" time="0.001"/>
  <system-out><![CDATA[]]></system-out>
  <system-err><![CDATA[]]></system-err>
</testsuite>
