<?xml version="1.0" encoding="UTF-8"?>
<testsuite name="de.uka.ilkd.key.proof.runallproofs.RunAllProofsFunctional" tests="34" skipped="0" failures="0" errors="0" timestamp="2023-05-24T08:40:09" hostname="fv-az251-149" time="5317.148">
  <properties/>
  <testcase name="newBook" classname="de.uka.ilkd.key.proof.runallproofs.RunAllProofsFunctional" time="61.092"/>
  <testcase name="oldBook" classname="de.uka.ilkd.key.proof.runallproofs.RunAllProofsFunctional" time="17.906"/>
  <testcase name="comprehensions" classname="de.uka.ilkd.key.proof.runallproofs.RunAllProofsFunctional" time="63.96"/>
  <testcase name="performance" classname="de.uka.ilkd.key.proof.runallproofs.RunAllProofsFunctional" time="219.651"/>
  <testcase name="performancePOConstruction" classname="de.uka.ilkd.key.proof.runallproofs.RunAllProofsFunctional" time="72.968"/>
  <testcase name="applicationRestrictions" classname="de.uka.ilkd.key.proof.runallproofs.RunAllProofsFunctional" time="48.189"/>
  <testcase name="blockContracts" classname="de.uka.ilkd.key.proof.runallproofs.RunAllProofsFunctional" time="137.811"/>
  <testcase name="jmlAsserts" classname="de.uka.ilkd.key.proof.runallproofs.RunAllProofsFunctional" time="86.539"/>
  <testcase name="javaCard" classname="de.uka.ilkd.key.proof.runallproofs.RunAllProofsFunctional" time="132.009"/>
  <testcase name="list" classname="de.uka.ilkd.key.proof.runallproofs.RunAllProofsFunctional" time="275.694"/>
  <testcase name="list_ghost" classname="de.uka.ilkd.key.proof.runallproofs.RunAllProofsFunctional" time="67.858"/>
  <testcase name="list_recursive" classname="de.uka.ilkd.key.proof.runallproofs.RunAllProofsFunctional" time="21.991"/>
  <testcase name="list_seq" classname="de.uka.ilkd.key.proof.runallproofs.RunAllProofsFunctional" time="170.779"/>
  <testcase name="observer" classname="de.uka.ilkd.key.proof.runallproofs.RunAllProofsFunctional" time="96.156"/>
  <testcase name="removeDups" classname="de.uka.ilkd.key.proof.runallproofs.RunAllProofsFunctional" time="137.988"/>
  <testcase name="quicksort" classname="de.uka.ilkd.key.proof.runallproofs.RunAllProofsFunctional" time="112.408"/>
  <testcase name="simpleTests" classname="de.uka.ilkd.key.proof.runallproofs.RunAllProofsFunctional" time="150.321"/>
  <testcase name="SmansEtAl" classname="de.uka.ilkd.key.proof.runallproofs.RunAllProofsFunctional" time="190.776"/>
  <testcase name="VACID0" classname="de.uka.ilkd.key.proof.runallproofs.RunAllProofsFunctional" time="77.539"/>
  <testcase name="VSTTE10" classname="de.uka.ilkd.key.proof.runallproofs.RunAllProofsFunctional" time="182.235"/>
  <testcase name="WeideEtAl" classname="de.uka.ilkd.key.proof.runallproofs.RunAllProofsFunctional" time="28.564"/>
  <testcase name="arithmetic" classname="de.uka.ilkd.key.proof.runallproofs.RunAllProofsFunctional" time="491.78"/>
  <testcase name="arrays" classname="de.uka.ilkd.key.proof.runallproofs.RunAllProofsFunctional" time="58.53"/>
  <testcase name="javadl" classname="de.uka.ilkd.key.proof.runallproofs.RunAllProofsFunctional" time="630.827"/>
  <testcase name="FOL" classname="de.uka.ilkd.key.proof.runallproofs.RunAllProofsFunctional" time="273.429"/>
  <testcase name="strings" classname="de.uka.ilkd.key.proof.runallproofs.RunAllProofsFunctional" time="146.419"/>
  <testcase name="simple_info_flow" classname="de.uka.ilkd.key.proof.runallproofs.RunAllProofsFunctional" time="12.951"/>
  <testcase name="modelMethods" classname="de.uka.ilkd.key.proof.runallproofs.RunAllProofsFunctional" time="178.593"/>
  <testcase name="permissionHeap" classname="de.uka.ilkd.key.proof.runallproofs.RunAllProofsFunctional" time="864.485"/>
  <testcase name="completionScopes" classname="de.uka.ilkd.key.proof.runallproofs.RunAllProofsFunctional" time="50.285"/>
  <testcase name="reload_examples" classname="de.uka.ilkd.key.proof.runallproofs.RunAllProofsFunctional" time="40.708"/>
  <testcase name="proofLoadRepair" classname="de.uka.ilkd.key.proof.runallproofs.RunAllProofsFunctional" time="20.15"/>
  <testcase name="switch" classname="de.uka.ilkd.key.proof.runallproofs.RunAllProofsFunctional" time="64.282"/>
  <testcase name="redux" classname="de.uka.ilkd.key.proof.runallproofs.RunAllProofsFunctional" time="132.271"/>
  <system-out><![CDATA[213        INFO  Test worker     d.u.i.k.p.r.RunAllProofsTestUnit Running test newBook 
356        INFO  Timeout watchdog d.u.i.k.p.r.p.ForkedTestFileRunner Timeout watcher launched (2000 secs.) 
364        WARN  main            d.u.i.k.s.ProofSettings   No proof-settings could be loaded, using defaults java.io.FileNotFoundException: /home/runner/.key/proof-settings.props (No such file or directory)
	at java.base/java.io.FileInputStream.open0(Native Method)

392        INFO  main            d.u.i.k.p.r.p.TestFile    Now processing file /home/runner/work/key/key/key.core/../key.ui/examples/newBook/09.list_modelfield/ArrayList.add.key 
495        INFO  main            d.u.i.k.p.i.AbstractProblemLoader Loading environment from /home/runner/work/key/key/key.core/../key.ui/examples/newBook/09.list_modelfield/ArrayList.add.key 
513        DEBUG main            d.u.i.k.p.i.AbstractProblemLoader Environment load took 2.68ms 
733        INFO  main            d.u.i.k.p.i.AbstractProblemLoader Creating init config 
1687       DEBUG main            d.u.i.k.j.TypeConverter   No LDT found for Meta 
1687       DEBUG main            d.u.i.k.j.TypeConverter   No LDT found for Meta 
1713       DEBUG main            d.u.i.k.j.TypeConverter   No LDT found for Meta 
1713       DEBUG main            d.u.i.k.j.TypeConverter   No LDT found for Meta 
2954       DEBUG main            d.u.i.k.j.TypeConverter   No LDT found for JavaBigintExpression 
8282       DEBUG main            d.u.i.k.p.i.AbstractProblemLoader Init config took 7.55s 
8408       INFO  main            d.u.i.k.p.i.AbstractProblemLoader Replaying proof ArrayList[List::add(int)].JML normal_behavior operation contract.0 
8440       DEBUG main            d.u.i.k.p.i.IntermediateProofReplayer Proof replay took 30.9ns 
26130      INFO  main            d.u.i.k.p.r.p.TestFile    ... finished proof: closed. 
26355      INFO  main            d.u.i.k.p.i.AbstractProblemLoader Loading environment from /home/runner/work/key/key/key.core/../key.ui/examples/newBook/09.list_modelfield/ArrayList.add.key.proof 
26355      DEBUG main            d.u.i.k.p.i.AbstractProblemLoader Environment load took 159.2ns 
26372      INFO  main            d.u.i.k.p.i.AbstractProblemLoader Creating init config 
29346      DEBUG main            d.u.i.k.p.i.AbstractProblemLoader Init config took 2.97s 
29421      INFO  main            d.u.i.k.p.i.AbstractProblemLoader Replaying proof ArrayList[List::add(int)].JML normal_behavior operation contract.0 
30325      DEBUG main            d.u.i.k.p.i.IntermediateProofReplayer Proof replay took 829.76ms 
30336      DEBUG main            d.u.i.k.p.r.p.TestFile    ... success: reloaded. 
30337      INFO  main            d.u.i.k.p.r.p.TestFile    Now processing file /home/runner/work/key/key/key.core/../key.ui/examples/newBook/09.list_modelfield/ArrayList.remFirst.key 
30338      INFO  main            d.u.i.k.p.i.AbstractProblemLoader Loading environment from /home/runner/work/key/key/key.core/../key.ui/examples/newBook/09.list_modelfield/ArrayList.remFirst.key 
30339      DEBUG main            d.u.i.k.p.i.AbstractProblemLoader Environment load took 115.9ns 
30340      INFO  main            d.u.i.k.p.i.AbstractProblemLoader Creating init config 
33234      DEBUG main            d.u.i.k.p.i.AbstractProblemLoader Init config took 2.89s 
33293      INFO  main            d.u.i.k.p.i.AbstractProblemLoader Replaying proof ArrayList[List::remFirst()].JML normal_behavior operation contract.0 
33296      DEBUG main            d.u.i.k.p.i.IntermediateProofReplayer Proof replay took 5.8ns 
37375      INFO  main            d.u.i.k.p.r.p.TestFile    ... finished proof: closed. 
37566      INFO  main            d.u.i.k.p.i.AbstractProblemLoader Loading environment from /home/runner/work/key/key/key.core/../key.ui/examples/newBook/09.list_modelfield/ArrayList.remFirst.key.proof 
37566      DEBUG main            d.u.i.k.p.i.AbstractProblemLoader Environment load took 148ns 
37572      INFO  main            d.u.i.k.p.i.AbstractProblemLoader Creating init config 
40372      DEBUG main            d.u.i.k.p.i.AbstractProblemLoader Init config took 2.8s 
40435      INFO  main            d.u.i.k.p.i.AbstractProblemLoader Replaying proof ArrayList[List::remFirst()].JML normal_behavior operation contract.0 
40789      DEBUG main            d.u.i.k.p.i.IntermediateProofReplayer Proof replay took 335.45ms 
40792      DEBUG main            d.u.i.k.p.r.p.TestFile    ... success: reloaded. 
40794      INFO  main            d.u.i.k.p.r.p.TestFile    Now processing file /home/runner/work/key/key/key.core/../key.ui/examples/newBook/09.list_modelfield/ArrayList.empty.key 
40795      INFO  main            d.u.i.k.p.i.AbstractProblemLoader Loading environment from /home/runner/work/key/key/key.core/../key.ui/examples/newBook/09.list_modelfield/ArrayList.empty.key 
40795      DEBUG main            d.u.i.k.p.i.AbstractProblemLoader Environment load took 379ns 
40797      INFO  main            d.u.i.k.p.i.AbstractProblemLoader Creating init config 
43577      DEBUG main            d.u.i.k.p.i.AbstractProblemLoader Init config took 2.78s 
43628      INFO  main            d.u.i.k.p.i.AbstractProblemLoader Replaying proof ArrayList[List::empty()].JML normal_behavior operation contract.0 
43630      DEBUG main            d.u.i.k.p.i.IntermediateProofReplayer Proof replay took 5.1ns 
44636      INFO  main            d.u.i.k.p.r.p.TestFile    ... finished proof: closed. 
44791      INFO  main            d.u.i.k.p.i.AbstractProblemLoader Loading environment from /home/runner/work/key/key/key.core/../key.ui/examples/newBook/09.list_modelfield/ArrayList.empty.key.proof 
44792      DEBUG main            d.u.i.k.p.i.AbstractProblemLoader Environment load took 763ns 
44796      INFO  main            d.u.i.k.p.i.AbstractProblemLoader Creating init config 
47561      DEBUG main            d.u.i.k.p.i.AbstractProblemLoader Init config took 2.76s 
47609      INFO  main            d.u.i.k.p.i.AbstractProblemLoader Replaying proof ArrayList[List::empty()].JML normal_behavior operation contract.0 
47689      DEBUG main            d.u.i.k.p.i.IntermediateProofReplayer Proof replay took 72.82ms 
47691      DEBUG main            d.u.i.k.p.r.p.TestFile    ... success: reloaded. 
47692      INFO  main            d.u.i.k.p.r.p.TestFile    Now processing file /home/runner/work/key/key/key.core/../key.ui/examples/newBook/09.list_modelfield/ArrayList.size.key 
47693      INFO  main            d.u.i.k.p.i.AbstractProblemLoader Loading environment from /home/runner/work/key/key/key.core/../key.ui/examples/newBook/09.list_modelfield/ArrayList.size.key 
47694      DEBUG main            d.u.i.k.p.i.AbstractProblemLoader Environment load took 1.22ms 
47696      INFO  main            d.u.i.k.p.i.AbstractProblemLoader Creating init config 
50436      DEBUG main            d.u.i.k.p.i.AbstractProblemLoader Init config took 2.74s 
50490      INFO  main            d.u.i.k.p.i.AbstractProblemLoader Replaying proof ArrayList[List::size()].JML normal_behavior operation contract.0 
50491      DEBUG main            d.u.i.k.p.i.IntermediateProofReplayer Proof replay took 6ns 
50895      INFO  main            d.u.i.k.p.r.p.TestFile    ... finished proof: closed. 
51060      INFO  main            d.u.i.k.p.i.AbstractProblemLoader Loading environment from /home/runner/work/key/key/key.core/../key.ui/examples/newBook/09.list_modelfield/ArrayList.size.key.proof 
51061      DEBUG main            d.u.i.k.p.i.AbstractProblemLoader Environment load took 1ms 
51063      INFO  main            d.u.i.k.p.i.AbstractProblemLoader Creating init config 
53810      DEBUG main            d.u.i.k.p.i.AbstractProblemLoader Init config took 2.75s 
53869      INFO  main            d.u.i.k.p.i.AbstractProblemLoader Replaying proof ArrayList[List::size()].JML normal_behavior operation contract.0 
53906      DEBUG main            d.u.i.k.p.i.IntermediateProofReplayer Proof replay took 32.67ms 
53907      DEBUG main            d.u.i.k.p.r.p.TestFile    ... success: reloaded. 
53908      INFO  main            d.u.i.k.p.r.p.TestFile    Now processing file /home/runner/work/key/key/key.core/../key.ui/examples/newBook/09.list_modelfield/ArrayList.get.key 
53908      INFO  main            d.u.i.k.p.i.AbstractProblemLoader Loading environment from /home/runner/work/key/key/key.core/../key.ui/examples/newBook/09.list_modelfield/ArrayList.get.key 
53909      DEBUG main            d.u.i.k.p.i.AbstractProblemLoader Environment load took 135.3ns 
53909      INFO  main            d.u.i.k.p.i.AbstractProblemLoader Creating init config 
56662      DEBUG main            d.u.i.k.p.i.AbstractProblemLoader Init config took 2.75s 
56721      INFO  main            d.u.i.k.p.i.AbstractProblemLoader Replaying proof ArrayList[List::get(int)].JML normal_behavior operation contract.0 
56723      DEBUG main            d.u.i.k.p.i.IntermediateProofReplayer Proof replay took 5.6ns 
57753      INFO  main            d.u.i.k.p.r.p.TestFile    ... finished proof: closed. 
57962      INFO  main            d.u.i.k.p.i.AbstractProblemLoader Loading environment from /home/runner/work/key/key/key.core/../key.ui/examples/newBook/09.list_modelfield/ArrayList.get.key.proof 
57963      DEBUG main            d.u.i.k.p.i.AbstractProblemLoader Environment load took 1.11ms 
57965      INFO  main            d.u.i.k.p.i.AbstractProblemLoader Creating init config 
60693      DEBUG main            d.u.i.k.p.i.AbstractProblemLoader Init config took 2.73s 
60736      INFO  main            d.u.i.k.p.i.AbstractProblemLoader Replaying proof ArrayList[List::get(int)].JML normal_behavior operation contract.0 
60798      DEBUG main            d.u.i.k.p.i.IntermediateProofReplayer Proof replay took 56.62ms 
60799      DEBUG main            d.u.i.k.p.r.p.TestFile    ... success: reloaded. 
61291      INFO  Test worker     d.u.i.k.p.r.RunAllProofsTestUnit Returning from test newBook 
61298      INFO  Test worker     d.u.i.k.p.r.RunAllProofsTestUnit Running test oldBook 
349        INFO  Timeout watchdog d.u.i.k.p.r.p.ForkedTestFileRunner Timeout watcher launched (2000 secs.) 
355        WARN  main            d.u.i.k.s.ProofSettings   The settings in /home/runner/.key/proof-settings.props are *not* read. 
408        INFO  main            d.u.i.k.p.r.p.TestFile    Now processing file /home/runner/work/key/key/key.core/../key.ui/examples/standard_key/BookExamples/02FirstOrderLogic/Ex2.58.key 
530        INFO  main            d.u.i.k.p.i.AbstractProblemLoader Loading environment from /home/runner/work/key/key/key.core/../key.ui/examples/standard_key/BookExamples/02FirstOrderLogic/Ex2.58.key 
546        DEBUG main            d.u.i.k.p.i.AbstractProblemLoader Environment load took 2.2ms 
781        INFO  main            d.u.i.k.p.i.AbstractProblemLoader Creating init config 
1718       DEBUG main            d.u.i.k.j.TypeConverter   No LDT found for Meta 
1718       DEBUG main            d.u.i.k.j.TypeConverter   No LDT found for Meta 
1720       DEBUG main            d.u.i.k.j.TypeConverter   No LDT found for Meta 
1720       DEBUG main            d.u.i.k.j.TypeConverter   No LDT found for Meta 
3162       DEBUG main            d.u.i.k.j.TypeConverter   No LDT found for JavaBigintExpression 
8295       DEBUG main            d.u.i.k.p.i.AbstractProblemLoader Init config took 7.51s 
8355       INFO  main            d.u.i.k.p.i.AbstractProblemLoader Replaying proof Ex2.58.key 
8388       DEBUG main            d.u.i.k.p.i.IntermediateProofReplayer Proof replay took 32.9ns 
8579       INFO  main            d.u.i.k.p.r.p.TestFile    ... finished proof: closed. 
8677       INFO  main            d.u.i.k.p.i.AbstractProblemLoader Loading environment from /home/runner/work/key/key/key.core/../key.ui/examples/standard_key/BookExamples/02FirstOrderLogic/Ex2.58.key.proof 
8677       DEBUG main            d.u.i.k.p.i.AbstractProblemLoader Environment load took 144.2ns 
8684       INFO  main            d.u.i.k.p.i.AbstractProblemLoader Creating init config 
11532      DEBUG main            d.u.i.k.p.i.AbstractProblemLoader Init config took 2.85s 
11563      INFO  main            d.u.i.k.p.i.AbstractProblemLoader Replaying proof Ex2.58.key.proof 
11574      DEBUG main            d.u.i.k.p.i.IntermediateProofReplayer Proof replay took 2.7ms 
11584      DEBUG main            d.u.i.k.p.r.p.TestFile    ... success: reloaded. 
11587      INFO  main            d.u.i.k.p.r.p.TestFile    Now processing file /home/runner/work/key/key/key.core/../key.ui/examples/standard_key/BookExamples/03DynamicLogic/Sect3.3.1.key 
11588      INFO  main            d.u.i.k.p.i.AbstractProblemLoader Loading environment from /home/runner/work/key/key/key.core/../key.ui/examples/standard_key/BookExamples/03DynamicLogic/Sect3.3.1.key 
11590      DEBUG main            d.u.i.k.p.i.AbstractProblemLoader Environment load took 2.2ms 
11595      INFO  main            d.u.i.k.p.i.AbstractProblemLoader Creating init config 
14287      DEBUG main            d.u.i.k.p.i.AbstractProblemLoader Init config took 2.69s 
14337      INFO  main            d.u.i.k.p.i.AbstractProblemLoader Replaying proof Sect3.3.1.key 
14344      DEBUG main            d.u.i.k.p.i.IntermediateProofReplayer Proof replay took 6.8ns 
14851      INFO  main            d.u.i.k.p.r.p.TestFile    ... finished proof: closed. 
14984      INFO  main            d.u.i.k.p.i.AbstractProblemLoader Loading environment from /home/runner/work/key/key/key.core/../key.ui/examples/standard_key/BookExamples/03DynamicLogic/Sect3.3.1.key.proof 
14987      DEBUG main            d.u.i.k.p.i.AbstractProblemLoader Environment load took 2.44ms 
14989      INFO  main            d.u.i.k.p.i.AbstractProblemLoader Creating init config 
17639      DEBUG main            d.u.i.k.p.i.AbstractProblemLoader Init config took 2.65s 
17671      INFO  main            d.u.i.k.p.i.AbstractProblemLoader Replaying proof Sect3.3.1.key.proof 
17735      DEBUG main            d.u.i.k.p.i.IntermediateProofReplayer Proof replay took 60.38ms 
17737      DEBUG main            d.u.i.k.p.r.p.TestFile    ... success: reloaded. 
79202      INFO  Test worker     d.u.i.k.p.r.RunAllProofsTestUnit Returning from test oldBook 
79204      INFO  Test worker     d.u.i.k.p.r.RunAllProofsTestUnit Running test comprehensions 
357        INFO  Timeout watchdog d.u.i.k.p.r.p.ForkedTestFileRunner Timeout watcher launched (2000 secs.) 
367        WARN  main            d.u.i.k.s.ProofSettings   The settings in /home/runner/.key/proof-settings.props are *not* read. 
395        INFO  main            d.u.i.k.p.r.p.TestFile    Now processing file /home/runner/work/key/key/key.core/../key.ui/examples/heap/comprehensions/general_sum.key 
529        INFO  main            d.u.i.k.p.i.AbstractProblemLoader Loading environment from /home/runner/work/key/key/key.core/../key.ui/examples/heap/comprehensions/general_sum.key 
548        DEBUG main            d.u.i.k.p.i.AbstractProblemLoader Environment load took 2.42ms 
778        INFO  main            d.u.i.k.p.i.AbstractProblemLoader Creating init config 
1620       DEBUG main            d.u.i.k.j.TypeConverter   No LDT found for Meta 
1623       DEBUG main            d.u.i.k.j.TypeConverter   No LDT found for Meta 
1626       DEBUG main            d.u.i.k.j.TypeConverter   No LDT found for Meta 
1627       DEBUG main            d.u.i.k.j.TypeConverter   No LDT found for Meta 
2899       DEBUG main            d.u.i.k.j.TypeConverter   No LDT found for JavaBigintExpression 
7743       DEBUG main            d.u.i.k.p.i.AbstractProblemLoader Init config took 6.97s 
7886       INFO  main            d.u.i.k.p.i.AbstractProblemLoader Replaying proof GSum[GSum::doNothing()].JML operation contract.0 
7921       DEBUG main            d.u.i.k.p.i.IntermediateProofReplayer Proof replay took 35.2ns 
8321       INFO  main            d.u.i.k.p.r.p.TestFile    ... finished proof: closed. 
8419       INFO  main            d.u.i.k.p.i.AbstractProblemLoader Loading environment from /home/runner/work/key/key/key.core/../key.ui/examples/heap/comprehensions/general_sum.key.proof 
8419       DEBUG main            d.u.i.k.p.i.AbstractProblemLoader Environment load took 155.9ns 
8423       INFO  main            d.u.i.k.p.i.AbstractProblemLoader Creating init config 
11281      DEBUG main            d.u.i.k.p.i.AbstractProblemLoader Init config took 2.86s 
11377      INFO  main            d.u.i.k.p.i.AbstractProblemLoader Replaying proof GSum[GSum::doNothing()].JML operation contract.0 
11395      DEBUG main            d.u.i.k.p.i.IntermediateProofReplayer Proof replay took 13.72ms 
11403      DEBUG main            d.u.i.k.p.r.p.TestFile    ... success: reloaded. 
11404      INFO  main            d.u.i.k.p.r.p.TestFile    Now processing file /home/runner/work/key/key/key.core/../key.ui/examples/heap/comprehensions/sum0.key 
11404      INFO  main            d.u.i.k.p.i.AbstractProblemLoader Loading environment from /home/runner/work/key/key/key.core/../key.ui/examples/heap/comprehensions/sum0.key 
11404      DEBUG main            d.u.i.k.p.i.AbstractProblemLoader Environment load took 76.9ns 
11405      INFO  main            d.u.i.k.p.i.AbstractProblemLoader Creating init config 
14113      DEBUG main            d.u.i.k.p.i.AbstractProblemLoader Init config took 2.71s 
14174      INFO  main            d.u.i.k.p.i.AbstractProblemLoader Replaying proof Sum[Sum::sum0([I)].JML normal_behavior operation contract.0 
14179      DEBUG main            d.u.i.k.p.i.IntermediateProofReplayer Proof replay took 6.1ns 
14378      DEBUG Thread-4        d.u.i.k.l.l.OriginTermLabel commonFileName is null! 
14379      DEBUG Thread-4        d.u.i.k.l.l.OriginTermLabel commonFileName is null! 
14568      DEBUG Thread-4        d.u.i.k.l.l.OriginTermLabel commonFileName is null! 
14568      DEBUG Thread-4        d.u.i.k.l.l.OriginTermLabel commonFileName is null! 
14735      DEBUG Thread-4        d.u.i.k.l.l.OriginTermLabel commonFileName is null! 
14909      INFO  main            d.u.i.k.p.r.p.TestFile    ... finished proof: closed. 
15071      INFO  main            d.u.i.k.p.i.AbstractProblemLoader Loading environment from /home/runner/work/key/key/key.core/../key.ui/examples/heap/comprehensions/sum0.key.proof 
15072      DEBUG main            d.u.i.k.p.i.AbstractProblemLoader Environment load took 747.8ns 
15073      INFO  main            d.u.i.k.p.i.AbstractProblemLoader Creating init config 
17707      DEBUG main            d.u.i.k.p.i.AbstractProblemLoader Init config took 2.63s 
17757      INFO  main            d.u.i.k.p.i.AbstractProblemLoader Replaying proof Sum[Sum::sum0([I)].JML normal_behavior operation contract.0 
17787      DEBUG main            d.u.i.k.l.l.OriginTermLabel commonFileName is null! 
17788      DEBUG main            d.u.i.k.l.l.OriginTermLabel commonFileName is null! 
17854      DEBUG main            d.u.i.k.l.l.OriginTermLabel commonFileName is null! 
17890      DEBUG main            d.u.i.k.l.l.OriginTermLabel commonFileName is null! 
17891      DEBUG main            d.u.i.k.l.l.OriginTermLabel commonFileName is null! 
17895      DEBUG main            d.u.i.k.p.i.IntermediateProofReplayer Proof replay took 132.46ms 
17896      DEBUG main            d.u.i.k.p.r.p.TestFile    ... success: reloaded. 
17898      INFO  main            d.u.i.k.p.r.p.TestFile    Now processing file /home/runner/work/key/key/key.core/../key.ui/examples/heap/comprehensions/sum1.key 
17898      INFO  main            d.u.i.k.p.i.AbstractProblemLoader Loading environment from /home/runner/work/key/key/key.core/../key.ui/examples/heap/comprehensions/sum1.key 
17899      DEBUG main            d.u.i.k.p.i.AbstractProblemLoader Environment load took 354.2ns 
17900      INFO  main            d.u.i.k.p.i.AbstractProblemLoader Creating init config 
20468      DEBUG main            d.u.i.k.p.i.AbstractProblemLoader Init config took 2.57s 
20514      INFO  main            d.u.i.k.p.i.AbstractProblemLoader Replaying proof Sum[Sum::sum1([I)].JML normal_behavior operation contract.0 
20525      DEBUG main            d.u.i.k.p.i.IntermediateProofReplayer Proof replay took 7ns 
20616      DEBUG Thread-7        d.u.i.k.l.l.OriginTermLabel commonFileName is null! 
20617      DEBUG Thread-7        d.u.i.k.l.l.OriginTermLabel commonFileName is null! 
20772      DEBUG Thread-7        d.u.i.k.l.l.OriginTermLabel commonFileName is null! 
20772      DEBUG Thread-7        d.u.i.k.l.l.OriginTermLabel commonFileName is null! 
20902      DEBUG Thread-7        d.u.i.k.l.l.OriginTermLabel commonFileName is null! 
21131      INFO  main            d.u.i.k.p.r.p.TestFile    ... finished proof: closed. 
21285      INFO  main            d.u.i.k.p.i.AbstractProblemLoader Loading environment from /home/runner/work/key/key/key.core/../key.ui/examples/heap/comprehensions/sum1.key.proof 
21287      DEBUG main            d.u.i.k.p.i.AbstractProblemLoader Environment load took 2.87ms 
21289      INFO  main            d.u.i.k.p.i.AbstractProblemLoader Creating init config 
23841      DEBUG main            d.u.i.k.p.i.AbstractProblemLoader Init config took 2.55s 
23886      INFO  main            d.u.i.k.p.i.AbstractProblemLoader Replaying proof Sum[Sum::sum1([I)].JML normal_behavior operation contract.0 
23912      DEBUG main            d.u.i.k.l.l.OriginTermLabel commonFileName is null! 
23913      DEBUG main            d.u.i.k.l.l.OriginTermLabel commonFileName is null! 
23968      DEBUG main            d.u.i.k.l.l.OriginTermLabel commonFileName is null! 
23990      DEBUG main            d.u.i.k.l.l.OriginTermLabel commonFileName is null! 
23991      DEBUG main            d.u.i.k.l.l.OriginTermLabel commonFileName is null! 
23994      DEBUG main            d.u.i.k.p.i.IntermediateProofReplayer Proof replay took 103.66ms 
23995      DEBUG main            d.u.i.k.p.r.p.TestFile    ... success: reloaded. 
23996      INFO  main            d.u.i.k.p.r.p.TestFile    Now processing file /home/runner/work/key/key/key.core/../key.ui/examples/heap/comprehensions/sum2.key 
23997      INFO  main            d.u.i.k.p.i.AbstractProblemLoader Loading environment from /home/runner/work/key/key/key.core/../key.ui/examples/heap/comprehensions/sum2.key 
23997      DEBUG main            d.u.i.k.p.i.AbstractProblemLoader Environment load took 327.1ns 
23999      INFO  main            d.u.i.k.p.i.AbstractProblemLoader Creating init config 
26519      DEBUG main            d.u.i.k.p.i.AbstractProblemLoader Init config took 2.52s 
26563      INFO  main            d.u.i.k.p.i.AbstractProblemLoader Replaying proof Sum[Sum::sum2([I)].JML normal_behavior operation contract.0 
26567      DEBUG main            d.u.i.k.p.i.IntermediateProofReplayer Proof replay took 7.9ns 
26613      DEBUG Thread-10       d.u.i.k.l.l.OriginTermLabel commonFileName is null! 
26614      DEBUG Thread-10       d.u.i.k.l.l.OriginTermLabel commonFileName is null! 
26721      DEBUG Thread-10       d.u.i.k.l.l.OriginTermLabel commonFileName is null! 
26722      DEBUG Thread-10       d.u.i.k.l.l.OriginTermLabel commonFileName is null! 
26798      DEBUG Thread-10       d.u.i.k.l.l.OriginTermLabel commonFileName is null! 
26972      INFO  main            d.u.i.k.p.r.p.TestFile    ... finished proof: closed. 
27130      INFO  main            d.u.i.k.p.i.AbstractProblemLoader Loading environment from /home/runner/work/key/key/key.core/../key.ui/examples/heap/comprehensions/sum2.key.proof 
27133      DEBUG main            d.u.i.k.p.i.AbstractProblemLoader Environment load took 3.5ms 
27135      INFO  main            d.u.i.k.p.i.AbstractProblemLoader Creating init config 
29609      DEBUG main            d.u.i.k.p.i.AbstractProblemLoader Init config took 2.47s 
29665      INFO  main            d.u.i.k.p.i.AbstractProblemLoader Replaying proof Sum[Sum::sum2([I)].JML normal_behavior operation contract.0 
29704      DEBUG main            d.u.i.k.l.l.OriginTermLabel commonFileName is null! 
29705      DEBUG main            d.u.i.k.l.l.OriginTermLabel commonFileName is null! 
29734      DEBUG main            d.u.i.k.l.l.OriginTermLabel commonFileName is null! 
29767      DEBUG main            d.u.i.k.l.l.OriginTermLabel commonFileName is null! 
29768      DEBUG main            d.u.i.k.l.l.OriginTermLabel commonFileName is null! 
29771      DEBUG main            d.u.i.k.p.i.IntermediateProofReplayer Proof replay took 98.75ms 
29776      DEBUG main            d.u.i.k.p.r.p.TestFile    ... success: reloaded. 
29778      INFO  main            d.u.i.k.p.r.p.TestFile    Now processing file /home/runner/work/key/key/key.core/../key.ui/examples/heap/comprehensions/sum3.key 
29778      INFO  main            d.u.i.k.p.i.AbstractProblemLoader Loading environment from /home/runner/work/key/key/key.core/../key.ui/examples/heap/comprehensions/sum3.key 
29779      DEBUG main            d.u.i.k.p.i.AbstractProblemLoader Environment load took 348.9ns 
29782      INFO  main            d.u.i.k.p.i.AbstractProblemLoader Creating init config 
32309      DEBUG main            d.u.i.k.p.i.AbstractProblemLoader Init config took 2.53s 
32351      INFO  main            d.u.i.k.p.i.AbstractProblemLoader Replaying proof Sum[Sum::sum3([I)].JML normal_behavior operation contract.0 
32352      DEBUG main            d.u.i.k.p.i.IntermediateProofReplayer Proof replay took 6.1ns 
32398      DEBUG Thread-13       d.u.i.k.l.l.OriginTermLabel commonFileName is null! 
32399      DEBUG Thread-13       d.u.i.k.l.l.OriginTermLabel commonFileName is null! 
32513      DEBUG Thread-13       d.u.i.k.l.l.OriginTermLabel commonFileName is null! 
32516      DEBUG Thread-13       d.u.i.k.l.l.OriginTermLabel commonFileName is null! 
32598      DEBUG Thread-13       d.u.i.k.l.l.OriginTermLabel commonFileName is null! 
32755      INFO  main            d.u.i.k.p.r.p.TestFile    ... finished proof: closed. 
32935      INFO  main            d.u.i.k.p.i.AbstractProblemLoader Loading environment from /home/runner/work/key/key/key.core/../key.ui/examples/heap/comprehensions/sum3.key.proof 
32936      DEBUG main            d.u.i.k.p.i.AbstractProblemLoader Environment load took 1.3ms 
32939      INFO  main            d.u.i.k.p.i.AbstractProblemLoader Creating init config 
35382      DEBUG main            d.u.i.k.p.i.AbstractProblemLoader Init config took 2.44s 
35425      INFO  main            d.u.i.k.p.i.AbstractProblemLoader Replaying proof Sum[Sum::sum3([I)].JML normal_behavior operation contract.0 
35451      DEBUG main            d.u.i.k.l.l.OriginTermLabel commonFileName is null! 
35452      DEBUG main            d.u.i.k.l.l.OriginTermLabel commonFileName is null! 
35479      DEBUG main            d.u.i.k.l.l.OriginTermLabel commonFileName is null! 
35498      DEBUG main            d.u.i.k.l.l.OriginTermLabel commonFileName is null! 
35499      DEBUG main            d.u.i.k.l.l.OriginTermLabel commonFileName is null! 
35501      DEBUG main            d.u.i.k.p.i.IntermediateProofReplayer Proof replay took 70.88ms 
35502      DEBUG main            d.u.i.k.p.r.p.TestFile    ... success: reloaded. 
35503      INFO  main            d.u.i.k.p.r.p.TestFile    Now processing file /home/runner/work/key/key/key.core/../key.ui/examples/heap/comprehensions/segsum.key 
35510      INFO  main            d.u.i.k.p.i.AbstractProblemLoader Loading environment from /home/runner/work/key/key/key.core/../key.ui/examples/heap/comprehensions/segsum.key 
35511      DEBUG main            d.u.i.k.p.i.AbstractProblemLoader Environment load took 369.3ns 
35512      INFO  main            d.u.i.k.p.i.AbstractProblemLoader Creating init config 
38042      DEBUG main            d.u.i.k.p.i.AbstractProblemLoader Init config took 2.53s 
38083      INFO  main            d.u.i.k.p.i.AbstractProblemLoader Replaying proof SegSum[SegSum::segSum([I,int,int)].JML normal_behavior operation contract.0 
38085      DEBUG main            d.u.i.k.p.i.IntermediateProofReplayer Proof replay took 6.5ns 
38491      INFO  main            d.u.i.k.p.r.p.TestFile    ... finished proof: closed. 
38676      INFO  main            d.u.i.k.p.i.AbstractProblemLoader Loading environment from /home/runner/work/key/key/key.core/../key.ui/examples/heap/comprehensions/segsum.key.proof 
38676      DEBUG main            d.u.i.k.p.i.AbstractProblemLoader Environment load took 645.5ns 
38678      INFO  main            d.u.i.k.p.i.AbstractProblemLoader Creating init config 
41125      DEBUG main            d.u.i.k.p.i.AbstractProblemLoader Init config took 2.45s 
41168      INFO  main            d.u.i.k.p.i.AbstractProblemLoader Replaying proof SegSum[SegSum::segSum([I,int,int)].JML normal_behavior operation contract.0 
41240      DEBUG main            d.u.i.k.p.i.IntermediateProofReplayer Proof replay took 65.78ms 
41241      DEBUG main            d.u.i.k.p.r.p.TestFile    ... success: reloaded. 
41242      INFO  main            d.u.i.k.p.r.p.TestFile    Now processing file /home/runner/work/key/key/key.core/../key.ui/examples/heap/comprehensions/bsum_negative.key 
41242      INFO  main            d.u.i.k.p.i.AbstractProblemLoader Loading environment from /home/runner/work/key/key/key.core/../key.ui/examples/heap/comprehensions/bsum_negative.key 
41243      DEBUG main            d.u.i.k.p.i.AbstractProblemLoader Environment load took 83.4ns 
41244      INFO  main            d.u.i.k.p.i.AbstractProblemLoader Creating init config 
43608      DEBUG main            d.u.i.k.p.i.AbstractProblemLoader Init config took 2.36s 
43627      INFO  main            d.u.i.k.p.i.AbstractProblemLoader Replaying proof bsum_negative.key 
43628      DEBUG main            d.u.i.k.p.i.IntermediateProofReplayer Proof replay took 6.4ns 
43734      INFO  main            d.u.i.k.p.r.p.TestFile    ... finished proof: closed. 
43901      INFO  main            d.u.i.k.p.i.AbstractProblemLoader Loading environment from /home/runner/work/key/key/key.core/../key.ui/examples/heap/comprehensions/bsum_negative.key.proof 
43901      DEBUG main            d.u.i.k.p.i.AbstractProblemLoader Environment load took 128ns 
43902      INFO  main            d.u.i.k.p.i.AbstractProblemLoader Creating init config 
46223      DEBUG main            d.u.i.k.p.i.AbstractProblemLoader Init config took 2.32s 
46240      INFO  main            d.u.i.k.p.i.AbstractProblemLoader Replaying proof bsum_negative.key.proof 
46243      DEBUG main            d.u.i.k.p.i.IntermediateProofReplayer Proof replay took 1.04ms 
46244      DEBUG main            d.u.i.k.p.r.p.TestFile    ... success: reloaded. 
46244      INFO  main            d.u.i.k.p.r.p.TestFile    Now processing file /home/runner/work/key/key/key.core/../key.ui/examples/heap/comprehensions/bsum_neg2.key 
46244      INFO  main            d.u.i.k.p.i.AbstractProblemLoader Loading environment from /home/runner/work/key/key/key.core/../key.ui/examples/heap/comprehensions/bsum_neg2.key 
46244      DEBUG main            d.u.i.k.p.i.AbstractProblemLoader Environment load took 57.4ns 
46245      INFO  main            d.u.i.k.p.i.AbstractProblemLoader Creating init config 
48568      DEBUG main            d.u.i.k.p.i.AbstractProblemLoader Init config took 2.32s 
48585      INFO  main            d.u.i.k.p.i.AbstractProblemLoader Replaying proof bsum_neg2.key 
48587      DEBUG main            d.u.i.k.p.i.IntermediateProofReplayer Proof replay took 6.2ns 
48690      INFO  main            d.u.i.k.p.r.p.TestFile    ... finished proof: closed. 
48851      INFO  main            d.u.i.k.p.i.AbstractProblemLoader Loading environment from /home/runner/work/key/key/key.core/../key.ui/examples/heap/comprehensions/bsum_neg2.key.proof 
48851      DEBUG main            d.u.i.k.p.i.AbstractProblemLoader Environment load took 133.4ns 
48852      INFO  main            d.u.i.k.p.i.AbstractProblemLoader Creating init config 
51169      DEBUG main            d.u.i.k.p.i.AbstractProblemLoader Init config took 2.32s 
51185      INFO  main            d.u.i.k.p.i.AbstractProblemLoader Replaying proof bsum_neg2.key.proof 
51187      DEBUG main            d.u.i.k.p.i.IntermediateProofReplayer Proof replay took 633.5ns 
51188      DEBUG main            d.u.i.k.p.r.p.TestFile    ... success: reloaded. 
51190      INFO  main            d.u.i.k.p.r.p.TestFile    Now processing file /home/runner/work/key/key/key.core/../key.ui/examples/heap/comprehensions/bsumSplit.key 
51190      INFO  main            d.u.i.k.p.i.AbstractProblemLoader Loading environment from /home/runner/work/key/key/key.core/../key.ui/examples/heap/comprehensions/bsumSplit.key 
51190      DEBUG main            d.u.i.k.p.i.AbstractProblemLoader Environment load took 125.9ns 
51191      INFO  main            d.u.i.k.p.i.AbstractProblemLoader Creating init config 
53495      DEBUG main            d.u.i.k.p.i.AbstractProblemLoader Init config took 2.3s 
53511      INFO  main            d.u.i.k.p.i.AbstractProblemLoader Replaying proof bsumSplit.key 
53512      DEBUG main            d.u.i.k.p.i.IntermediateProofReplayer Proof replay took 6ns 
53614      INFO  main            d.u.i.k.p.r.p.TestFile    ... finished proof: closed. 
53788      INFO  main            d.u.i.k.p.i.AbstractProblemLoader Loading environment from /home/runner/work/key/key/key.core/../key.ui/examples/heap/comprehensions/bsumSplit.key.proof 
53788      DEBUG main            d.u.i.k.p.i.AbstractProblemLoader Environment load took 115.8ns 
53791      INFO  main            d.u.i.k.p.i.AbstractProblemLoader Creating init config 
56062      DEBUG main            d.u.i.k.p.i.AbstractProblemLoader Init config took 2.27s 
56077      INFO  main            d.u.i.k.p.i.AbstractProblemLoader Replaying proof bsumSplit.key.proof 
56082      DEBUG main            d.u.i.k.p.i.IntermediateProofReplayer Proof replay took 2.99ms 
56083      DEBUG main            d.u.i.k.p.r.p.TestFile    ... success: reloaded. 
56083      INFO  main            d.u.i.k.p.r.p.TestFile    Now processing file /home/runner/work/key/key/key.core/../key.ui/examples/heap/comprehensions/bprodSplit.key 
56084      INFO  main            d.u.i.k.p.i.AbstractProblemLoader Loading environment from /home/runner/work/key/key/key.core/../key.ui/examples/heap/comprehensions/bprodSplit.key 
56084      DEBUG main            d.u.i.k.p.i.AbstractProblemLoader Environment load took 119.7ns 
56085      INFO  main            d.u.i.k.p.i.AbstractProblemLoader Creating init config 
58428      DEBUG main            d.u.i.k.p.i.AbstractProblemLoader Init config took 2.34s 
58465      INFO  main            d.u.i.k.p.i.AbstractProblemLoader Replaying proof bprodSplit.key 
58467      DEBUG main            d.u.i.k.p.i.IntermediateProofReplayer Proof replay took 6.3ns 
58569      INFO  main            d.u.i.k.p.r.p.TestFile    ... finished proof: closed. 
58738      INFO  main            d.u.i.k.p.i.AbstractProblemLoader Loading environment from /home/runner/work/key/key/key.core/../key.ui/examples/heap/comprehensions/bprodSplit.key.proof 
58738      DEBUG main            d.u.i.k.p.i.AbstractProblemLoader Environment load took 117ns 
58742      INFO  main            d.u.i.k.p.i.AbstractProblemLoader Creating init config 
61013      DEBUG main            d.u.i.k.p.i.AbstractProblemLoader Init config took 2.27s 
61033      INFO  main            d.u.i.k.p.i.AbstractProblemLoader Replaying proof bprodSplit.key.proof 
61038      DEBUG main            d.u.i.k.p.i.IntermediateProofReplayer Proof replay took 1.86ms 
61045      DEBUG main            d.u.i.k.p.r.p.TestFile    ... success: reloaded. 
61046      INFO  main            d.u.i.k.p.r.p.TestFile    Now processing file /home/runner/work/key/key/key.core/../key.ui/examples/heap/comprehensions/bsumSplitInvalid.key 
61047      INFO  main            d.u.i.k.p.i.AbstractProblemLoader Loading environment from /home/runner/work/key/key/key.core/../key.ui/examples/heap/comprehensions/bsumSplitInvalid.key 
61047      DEBUG main            d.u.i.k.p.i.AbstractProblemLoader Environment load took 295.5ns 
61048      INFO  main            d.u.i.k.p.i.AbstractProblemLoader Creating init config 
63486      DEBUG main            d.u.i.k.p.i.AbstractProblemLoader Init config took 2.44s 
63502      INFO  main            d.u.i.k.p.i.AbstractProblemLoader Replaying proof bsumSplitInvalid.key 
63503      DEBUG main            d.u.i.k.p.i.IntermediateProofReplayer Proof replay took 6.5ns 
63608      INFO  main            d.u.i.k.p.r.p.TestFile    ... finished proof: open goal(s) 
143163     INFO  Test worker     d.u.i.k.p.r.RunAllProofsTestUnit Returning from test comprehensions 
143164     INFO  Test worker     d.u.i.k.p.r.RunAllProofsTestUnit Running test performance 
333        INFO  Timeout watchdog d.u.i.k.p.r.p.ForkedTestFileRunner Timeout watcher launched (2000 secs.) 
344        WARN  main            d.u.i.k.s.ProofSettings   The settings in /home/runner/.key/proof-settings.props are *not* read. 
391        INFO  main            d.u.i.k.p.r.p.TestFile    Now processing file /home/runner/work/key/key/key.core/../key.ui/examples/performance-test/Disjoint(Disjoint__disjoint_08()).JML_operation_contract.0.key 
502        INFO  main            d.u.i.k.p.i.AbstractProblemLoader Loading environment from /home/runner/work/key/key/key.core/../key.ui/examples/performance-test/Disjoint(Disjoint__disjoint_08()).JML_operation_contract.0.key 
530        DEBUG main            d.u.i.k.p.i.AbstractProblemLoader Environment load took 1.96ms 
754        INFO  main            d.u.i.k.p.i.AbstractProblemLoader Creating init config 
1811       DEBUG main            d.u.i.k.j.TypeConverter   No LDT found for Meta 
1812       DEBUG main            d.u.i.k.j.TypeConverter   No LDT found for Meta 
1815       DEBUG main            d.u.i.k.j.TypeConverter   No LDT found for Meta 
1815       DEBUG main            d.u.i.k.j.TypeConverter   No LDT found for Meta 
3053       DEBUG main            d.u.i.k.j.TypeConverter   No LDT found for JavaBigintExpression 
8658       DEBUG main            d.u.i.k.j.r.ClassPreparationMethodBuilder clPrepBuilder: Inner Class detected. Reject building class initialisation methods. 
16587      DEBUG main            d.u.i.k.p.i.AbstractProblemLoader Init config took 15.83s 
16777      INFO  main            d.u.i.k.p.i.AbstractProblemLoader Replaying proof Disjoint[Disjoint::disjoint_8()].JML operation contract.0 
16869      DEBUG main            d.u.i.k.p.i.IntermediateProofReplayer Proof replay took 367.4ns 
19528      INFO  main            d.u.i.k.p.r.p.TestFile    ... finished proof: closed. 
19838      INFO  main            d.u.i.k.p.i.AbstractProblemLoader Loading environment from /home/runner/work/key/key/key.core/../key.ui/examples/performance-test/Disjoint(Disjoint__disjoint_08()).JML_operation_contract.0.key.proof 
19838      DEBUG main            d.u.i.k.p.i.AbstractProblemLoader Environment load took 337.7ns 
19840      INFO  main            d.u.i.k.p.i.AbstractProblemLoader Creating init config 
22944      DEBUG main            d.u.i.k.j.r.ClassPreparationMethodBuilder clPrepBuilder: Inner Class detected. Reject building class initialisation methods. 
30159      DEBUG main            d.u.i.k.p.i.AbstractProblemLoader Init config took 10.32s 
30257      INFO  main            d.u.i.k.p.i.AbstractProblemLoader Replaying proof Disjoint[Disjoint::disjoint_8()].JML operation contract.0 
30551      DEBUG main            d.u.i.k.p.i.IntermediateProofReplayer Proof replay took 279.39ms 
30565      DEBUG main            d.u.i.k.p.r.p.TestFile    ... success: reloaded. 
30568      INFO  main            d.u.i.k.p.r.p.TestFile    Now processing file /home/runner/work/key/key/key.core/../key.ui/examples/performance-test/Disjoint(Disjoint__disjoint2_08()).JML_operation_contract.0.key 
30573      INFO  main            d.u.i.k.p.i.AbstractProblemLoader Loading environment from /home/runner/work/key/key/key.core/../key.ui/examples/performance-test/Disjoint(Disjoint__disjoint2_08()).JML_operation_contract.0.key 
30574      DEBUG main            d.u.i.k.p.i.AbstractProblemLoader Environment load took 438.8ns 
30575      INFO  main            d.u.i.k.p.i.AbstractProblemLoader Creating init config 
33588      DEBUG main            d.u.i.k.j.r.ClassPreparationMethodBuilder clPrepBuilder: Inner Class detected. Reject building class initialisation methods. 
40614      DEBUG main            d.u.i.k.p.i.AbstractProblemLoader Init config took 10.04s 
40709      INFO  main            d.u.i.k.p.i.AbstractProblemLoader Replaying proof Disjoint[Disjoint::disjoint2_8()].JML operation contract.0 
40715      DEBUG main            d.u.i.k.p.i.IntermediateProofReplayer Proof replay took 22.6ns 
41720      INFO  main            d.u.i.k.p.r.p.TestFile    ... finished proof: closed. 
41990      INFO  main            d.u.i.k.p.i.AbstractProblemLoader Loading environment from /home/runner/work/key/key/key.core/../key.ui/examples/performance-test/Disjoint(Disjoint__disjoint2_08()).JML_operation_contract.0.key.proof 
41992      DEBUG main            d.u.i.k.p.i.AbstractProblemLoader Environment load took 2.66ms 
41996      INFO  main            d.u.i.k.p.i.AbstractProblemLoader Creating init config 
44940      DEBUG main            d.u.i.k.j.r.ClassPreparationMethodBuilder clPrepBuilder: Inner Class detected. Reject building class initialisation methods. 
51863      DEBUG main            d.u.i.k.p.i.AbstractProblemLoader Init config took 9.87s 
51952      INFO  main            d.u.i.k.p.i.AbstractProblemLoader Replaying proof Disjoint[Disjoint::disjoint2_8()].JML operation contract.0 
52027      DEBUG main            d.u.i.k.p.i.IntermediateProofReplayer Proof replay took 71.57ms 
52032      DEBUG main            d.u.i.k.p.r.p.TestFile    ... success: reloaded. 
52033      INFO  main            d.u.i.k.p.r.p.TestFile    Now processing file /home/runner/work/key/key/key.core/../key.ui/examples/performance-test/AccessChain1(AccessChain1__foo_08()).JML_operation_contract.0.key 
52034      INFO  main            d.u.i.k.p.i.AbstractProblemLoader Loading environment from /home/runner/work/key/key/key.core/../key.ui/examples/performance-test/AccessChain1(AccessChain1__foo_08()).JML_operation_contract.0.key 
52034      DEBUG main            d.u.i.k.p.i.AbstractProblemLoader Environment load took 65.4ns 
52035      INFO  main            d.u.i.k.p.i.AbstractProblemLoader Creating init config 
55019      DEBUG main            d.u.i.k.j.r.ClassPreparationMethodBuilder clPrepBuilder: Inner Class detected. Reject building class initialisation methods. 
61848      DEBUG main            d.u.i.k.p.i.AbstractProblemLoader Init config took 9.81s 
61959      INFO  main            d.u.i.k.p.i.AbstractProblemLoader Replaying proof AccessChain1[AccessChain1::foo_8()].JML operation contract.0 
61962      DEBUG main            d.u.i.k.p.i.IntermediateProofReplayer Proof replay took 10ns 
64477      INFO  main            d.u.i.k.p.r.p.TestFile    ... finished proof: closed. 
64819      INFO  main            d.u.i.k.p.i.AbstractProblemLoader Loading environment from /home/runner/work/key/key/key.core/../key.ui/examples/performance-test/AccessChain1(AccessChain1__foo_08()).JML_operation_contract.0.key.proof 
64820      DEBUG main            d.u.i.k.p.i.AbstractProblemLoader Environment load took 573.1ns 
64822      INFO  main            d.u.i.k.p.i.AbstractProblemLoader Creating init config 
67669      DEBUG main            d.u.i.k.j.r.ClassPreparationMethodBuilder clPrepBuilder: Inner Class detected. Reject building class initialisation methods. 
74383      DEBUG main            d.u.i.k.p.i.AbstractProblemLoader Init config took 9.56s 
74483      INFO  main            d.u.i.k.p.i.AbstractProblemLoader Replaying proof AccessChain1[AccessChain1::foo_8()].JML operation contract.0 
74852      DEBUG main            d.u.i.k.p.i.IntermediateProofReplayer Proof replay took 355.7ms 
74861      DEBUG main            d.u.i.k.p.r.p.TestFile    ... success: reloaded. 
74863      INFO  main            d.u.i.k.p.r.p.TestFile    Now processing file /home/runner/work/key/key/key.core/../key.ui/examples/performance-test/AccessChain4(AccessChain4__foo_08()).JML_operation_contract.0.key 
74863      INFO  main            d.u.i.k.p.i.AbstractProblemLoader Loading environment from /home/runner/work/key/key/key.core/../key.ui/examples/performance-test/AccessChain4(AccessChain4__foo_08()).JML_operation_contract.0.key 
74864      DEBUG main            d.u.i.k.p.i.AbstractProblemLoader Environment load took 199.6ns 
74865      INFO  main            d.u.i.k.p.i.AbstractProblemLoader Creating init config 
77823      DEBUG main            d.u.i.k.j.r.ClassPreparationMethodBuilder clPrepBuilder: Inner Class detected. Reject building class initialisation methods. 
84610      DEBUG main            d.u.i.k.p.i.AbstractProblemLoader Init config took 9.75s 
84707      INFO  main            d.u.i.k.p.i.AbstractProblemLoader Replaying proof AccessChain4[AccessChain4::foo_8()].JML operation contract.0 
84709      DEBUG main            d.u.i.k.p.i.IntermediateProofReplayer Proof replay took 9.9ns 
91193      INFO  main            d.u.i.k.p.r.p.TestFile    ... finished proof: closed. 
91552      INFO  main            d.u.i.k.p.i.AbstractProblemLoader Loading environment from /home/runner/work/key/key/key.core/../key.ui/examples/performance-test/AccessChain4(AccessChain4__foo_08()).JML_operation_contract.0.key.proof 
91552      DEBUG main            d.u.i.k.p.i.AbstractProblemLoader Environment load took 221.3ns 
91555      INFO  main            d.u.i.k.p.i.AbstractProblemLoader Creating init config 
94365      DEBUG main            d.u.i.k.j.r.ClassPreparationMethodBuilder clPrepBuilder: Inner Class detected. Reject building class initialisation methods. 
101163     DEBUG main            d.u.i.k.p.i.AbstractProblemLoader Init config took 9.61s 
101273     INFO  main            d.u.i.k.p.i.AbstractProblemLoader Replaying proof AccessChain4[AccessChain4::foo_8()].JML operation contract.0 
101962     DEBUG main            d.u.i.k.p.i.IntermediateProofReplayer Proof replay took 662.33ms 
101965     DEBUG main            d.u.i.k.p.r.p.TestFile    ... success: reloaded. 
101967     INFO  main            d.u.i.k.p.r.p.TestFile    Now processing file /home/runner/work/key/key/key.core/../key.ui/examples/performance-test/Disjoint(Disjoint__xZero_08()).JML_operation_contract.0.key 
101967     INFO  main            d.u.i.k.p.i.AbstractProblemLoader Loading environment from /home/runner/work/key/key/key.core/../key.ui/examples/performance-test/Disjoint(Disjoint__xZero_08()).JML_operation_contract.0.key 
101967     DEBUG main            d.u.i.k.p.i.AbstractProblemLoader Environment load took 236.8ns 
101968     INFO  main            d.u.i.k.p.i.AbstractProblemLoader Creating init config 
104934     DEBUG main            d.u.i.k.j.r.ClassPreparationMethodBuilder clPrepBuilder: Inner Class detected. Reject building class initialisation methods. 
111745     DEBUG main            d.u.i.k.p.i.AbstractProblemLoader Init config took 9.78s 
111827     INFO  main            d.u.i.k.p.i.AbstractProblemLoader Replaying proof Disjoint[Disjoint::xZero_8()].JML operation contract.0 
111829     DEBUG main            d.u.i.k.p.i.IntermediateProofReplayer Proof replay took 10.5ns 
112934     INFO  main            d.u.i.k.p.r.p.TestFile    ... finished proof: closed. 
113342     INFO  main            d.u.i.k.p.i.AbstractProblemLoader Loading environment from /home/runner/work/key/key/key.core/../key.ui/examples/performance-test/Disjoint(Disjoint__xZero_08()).JML_operation_contract.0.key.proof 
113342     DEBUG main            d.u.i.k.p.i.AbstractProblemLoader Environment load took 620.6ns 
113344     INFO  main            d.u.i.k.p.i.AbstractProblemLoader Creating init config 
116152     DEBUG main            d.u.i.k.j.r.ClassPreparationMethodBuilder clPrepBuilder: Inner Class detected. Reject building class initialisation methods. 
122904     DEBUG main            d.u.i.k.p.i.AbstractProblemLoader Init config took 9.56s 
122984     INFO  main            d.u.i.k.p.i.AbstractProblemLoader Replaying proof Disjoint[Disjoint::xZero_8()].JML operation contract.0 
123160     DEBUG main            d.u.i.k.p.i.IntermediateProofReplayer Proof replay took 170.14ms 
123162     DEBUG main            d.u.i.k.p.r.p.TestFile    ... success: reloaded. 
123164     INFO  main            d.u.i.k.p.r.p.TestFile    Now processing file /home/runner/work/key/key/key.core/../key.ui/examples/performance-test/Dynamic(Dynamic__foo_08()).JML_operation_contract.0.key 
123165     INFO  main            d.u.i.k.p.i.AbstractProblemLoader Loading environment from /home/runner/work/key/key/key.core/../key.ui/examples/performance-test/Dynamic(Dynamic__foo_08()).JML_operation_contract.0.key 
123165     DEBUG main            d.u.i.k.p.i.AbstractProblemLoader Environment load took 278.14ns 
123166     INFO  main            d.u.i.k.p.i.AbstractProblemLoader Creating init config 
126066     DEBUG main            d.u.i.k.j.r.ClassPreparationMethodBuilder clPrepBuilder: Inner Class detected. Reject building class initialisation methods. 
132797     DEBUG main            d.u.i.k.p.i.AbstractProblemLoader Init config took 9.63s 
132877     INFO  main            d.u.i.k.p.i.AbstractProblemLoader Replaying proof Dynamic[Dynamic::foo_8()].JML operation contract.0 
132880     DEBUG main            d.u.i.k.p.i.IntermediateProofReplayer Proof replay took 11.7ns 
138614     INFO  main            d.u.i.k.p.r.p.TestFile    ... finished proof: closed. 
139010     INFO  main            d.u.i.k.p.i.AbstractProblemLoader Loading environment from /home/runner/work/key/key/key.core/../key.ui/examples/performance-test/Dynamic(Dynamic__foo_08()).JML_operation_contract.0.key.proof 
139010     DEBUG main            d.u.i.k.p.i.AbstractProblemLoader Environment load took 150ns 
139012     INFO  main            d.u.i.k.p.i.AbstractProblemLoader Creating init config 
141822     DEBUG main            d.u.i.k.j.r.ClassPreparationMethodBuilder clPrepBuilder: Inner Class detected. Reject building class initialisation methods. 
148577     DEBUG main            d.u.i.k.p.i.AbstractProblemLoader Init config took 9.57s 
148655     INFO  main            d.u.i.k.p.i.AbstractProblemLoader Replaying proof Dynamic[Dynamic::foo_8()].JML operation contract.0 
149144     DEBUG main            d.u.i.k.p.i.IntermediateProofReplayer Proof replay took 470.46ms 
149147     DEBUG main            d.u.i.k.p.r.p.TestFile    ... success: reloaded. 
149148     INFO  main            d.u.i.k.p.r.p.TestFile    Now processing file /home/runner/work/key/key/key.core/../key.ui/examples/performance-test/DynamicGhost(DynamicGhost__dynamicGhost_08()).JML_normal_behavior_operation_contract.0.key 
149155     INFO  main            d.u.i.k.p.i.AbstractProblemLoader Loading environment from /home/runner/work/key/key/key.core/../key.ui/examples/performance-test/DynamicGhost(DynamicGhost__dynamicGhost_08()).JML_normal_behavior_operation_contract.0.key 
149155     DEBUG main            d.u.i.k.p.i.AbstractProblemLoader Environment load took 226.3ns 
149164     INFO  main            d.u.i.k.p.i.AbstractProblemLoader Creating init config 
152089     DEBUG main            d.u.i.k.j.r.ClassPreparationMethodBuilder clPrepBuilder: Inner Class detected. Reject building class initialisation methods. 
158846     DEBUG main            d.u.i.k.p.i.AbstractProblemLoader Init config took 9.68s 
158927     INFO  main            d.u.i.k.p.i.AbstractProblemLoader Replaying proof DynamicGhost[DynamicGhost::dynamicGhost_8()].JML normal_behavior operation contract.0 
158930     DEBUG main            d.u.i.k.p.i.IntermediateProofReplayer Proof replay took 11.2ns 
163369     INFO  main            d.u.i.k.p.r.p.TestFile    ... finished proof: closed. 
163790     INFO  main            d.u.i.k.p.i.AbstractProblemLoader Loading environment from /home/runner/work/key/key/key.core/../key.ui/examples/performance-test/DynamicGhost(DynamicGhost__dynamicGhost_08()).JML_normal_behavior_operation_contract.0.key.proof 
163790     DEBUG main            d.u.i.k.p.i.AbstractProblemLoader Environment load took 130ns 
163792     INFO  main            d.u.i.k.p.i.AbstractProblemLoader Creating init config 
166580     DEBUG main            d.u.i.k.j.r.ClassPreparationMethodBuilder clPrepBuilder: Inner Class detected. Reject building class initialisation methods. 
173313     DEBUG main            d.u.i.k.p.i.AbstractProblemLoader Init config took 9.52s 
173392     INFO  main            d.u.i.k.p.i.AbstractProblemLoader Replaying proof DynamicGhost[DynamicGhost::dynamicGhost_8()].JML normal_behavior operation contract.0 
173850     DEBUG main            d.u.i.k.p.i.IntermediateProofReplayer Proof replay took 441.11ms 
173853     DEBUG main            d.u.i.k.p.r.p.TestFile    ... success: reloaded. 
173854     INFO  main            d.u.i.k.p.r.p.TestFile    Now processing file /home/runner/work/key/key/key.core/../key.ui/examples/performance-test/GhostFrame(GhostFrame__foo_08()).JML_operation_contract.0.key 
173854     INFO  main            d.u.i.k.p.i.AbstractProblemLoader Loading environment from /home/runner/work/key/key/key.core/../key.ui/examples/performance-test/GhostFrame(GhostFrame__foo_08()).JML_operation_contract.0.key 
173854     DEBUG main            d.u.i.k.p.i.AbstractProblemLoader Environment load took 205ns 
173855     INFO  main            d.u.i.k.p.i.AbstractProblemLoader Creating init config 
176807     DEBUG main            d.u.i.k.j.r.ClassPreparationMethodBuilder clPrepBuilder: Inner Class detected. Reject building class initialisation methods. 
183603     DEBUG main            d.u.i.k.p.i.AbstractProblemLoader Init config took 9.75s 
183679     INFO  main            d.u.i.k.p.i.AbstractProblemLoader Replaying proof GhostFrame[GhostFrame::foo_8()].JML operation contract.0 
183681     DEBUG main            d.u.i.k.p.i.IntermediateProofReplayer Proof replay took 12.6ns 
185814     INFO  main            d.u.i.k.p.r.p.TestFile    ... finished proof: closed. 
186239     INFO  main            d.u.i.k.p.i.AbstractProblemLoader Loading environment from /home/runner/work/key/key/key.core/../key.ui/examples/performance-test/GhostFrame(GhostFrame__foo_08()).JML_operation_contract.0.key.proof 
186239     DEBUG main            d.u.i.k.p.i.AbstractProblemLoader Environment load took 216.8ns 
186241     INFO  main            d.u.i.k.p.i.AbstractProblemLoader Creating init config 
189035     DEBUG main            d.u.i.k.j.r.ClassPreparationMethodBuilder clPrepBuilder: Inner Class detected. Reject building class initialisation methods. 
195753     DEBUG main            d.u.i.k.p.i.AbstractProblemLoader Init config took 9.51s 
195830     INFO  main            d.u.i.k.p.i.AbstractProblemLoader Replaying proof GhostFrame[GhostFrame::foo_8()].JML operation contract.0 
196137     DEBUG main            d.u.i.k.p.i.IntermediateProofReplayer Proof replay took 299.19ms 
196139     DEBUG main            d.u.i.k.p.r.p.TestFile    ... success: reloaded. 
196141     INFO  main            d.u.i.k.p.r.p.TestFile    Now processing file /home/runner/work/key/key/key.core/../key.ui/examples/performance-test/Modelfield(Modelfield__foo_08()).JML_operation_contract.0.key 
196141     INFO  main            d.u.i.k.p.i.AbstractProblemLoader Loading environment from /home/runner/work/key/key/key.core/../key.ui/examples/performance-test/Modelfield(Modelfield__foo_08()).JML_operation_contract.0.key 
196141     DEBUG main            d.u.i.k.p.i.AbstractProblemLoader Environment load took 278.9ns 
196142     INFO  main            d.u.i.k.p.i.AbstractProblemLoader Creating init config 
199023     DEBUG main            d.u.i.k.j.r.ClassPreparationMethodBuilder clPrepBuilder: Inner Class detected. Reject building class initialisation methods. 
205824     DEBUG main            d.u.i.k.p.i.AbstractProblemLoader Init config took 9.68s 
205899     INFO  main            d.u.i.k.p.i.AbstractProblemLoader Replaying proof Modelfield[Modelfield::foo_8()].JML operation contract.0 
205901     DEBUG main            d.u.i.k.p.i.IntermediateProofReplayer Proof replay took 5.9ns 
209111     INFO  main            d.u.i.k.p.r.p.TestFile    ... finished proof: closed. 
209550     INFO  main            d.u.i.k.p.i.AbstractProblemLoader Loading environment from /home/runner/work/key/key/key.core/../key.ui/examples/performance-test/Modelfield(Modelfield__foo_08()).JML_operation_contract.0.key.proof 
209555     DEBUG main            d.u.i.k.p.i.AbstractProblemLoader Environment load took 4.59ms 
209557     INFO  main            d.u.i.k.p.i.AbstractProblemLoader Creating init config 
212348     DEBUG main            d.u.i.k.j.r.ClassPreparationMethodBuilder clPrepBuilder: Inner Class detected. Reject building class initialisation methods. 
219080     DEBUG main            d.u.i.k.p.i.AbstractProblemLoader Init config took 9.52s 
219155     INFO  main            d.u.i.k.p.i.AbstractProblemLoader Replaying proof Modelfield[Modelfield::foo_8()].JML operation contract.0 
219464     DEBUG main            d.u.i.k.p.i.IntermediateProofReplayer Proof replay took 296.88ms 
219467     DEBUG main            d.u.i.k.p.r.p.TestFile    ... success: reloaded. 
362813     INFO  Test worker     d.u.i.k.p.r.RunAllProofsTestUnit Returning from test performance 
362815     INFO  Test worker     d.u.i.k.p.r.RunAllProofsTestUnit Running test performancePOConstruction 
361        INFO  Timeout watchdog d.u.i.k.p.r.p.ForkedTestFileRunner Timeout watcher launched (2000 secs.) 
371        WARN  main            d.u.i.k.s.ProofSettings   The settings in /home/runner/.key/proof-settings.props are *not* read. 
401        INFO  main            d.u.i.k.p.r.p.TestFile    Now processing file /home/runner/work/key/key/key.core/../key.ui/examples/performance-test/Test(Test__a0(int)).JML_normal_behavior_operation_contract.0.key 
507        INFO  main            d.u.i.k.p.i.AbstractProblemLoader Loading environment from /home/runner/work/key/key/key.core/../key.ui/examples/performance-test/Test(Test__a0(int)).JML_normal_behavior_operation_contract.0.key 
527        DEBUG main            d.u.i.k.p.i.AbstractProblemLoader Environment load took 1.91ms 
755        INFO  main            d.u.i.k.p.i.AbstractProblemLoader Creating init config 
1604       DEBUG main            d.u.i.k.j.TypeConverter   No LDT found for Meta 
1606       DEBUG main            d.u.i.k.j.TypeConverter   No LDT found for Meta 
1610       DEBUG main            d.u.i.k.j.TypeConverter   No LDT found for Meta 
1610       DEBUG main            d.u.i.k.j.TypeConverter   No LDT found for Meta 
3068       DEBUG main            d.u.i.k.j.TypeConverter   No LDT found for JavaBigintExpression 
8426       DEBUG main            d.u.i.k.j.r.ClassPreparationMethodBuilder clPrepBuilder: Inner Class detected. Reject building class initialisation methods. 
16321      DEBUG main            d.u.i.k.p.i.AbstractProblemLoader Init config took 15.57s 
17391      INFO  main            d.u.i.k.p.i.AbstractProblemLoader Replaying proof Test[Test::a0(int)].JML normal_behavior operation contract.0 
17504      DEBUG main            d.u.i.k.p.i.IntermediateProofReplayer Proof replay took 35.3ns 
17872      INFO  main            d.u.i.k.p.r.p.TestFile    ... finished proof: closed. 
18033      INFO  main            d.u.i.k.p.i.AbstractProblemLoader Loading environment from /home/runner/work/key/key/key.core/../key.ui/examples/performance-test/Test(Test__a0(int)).JML_normal_behavior_operation_contract.0.key.proof 
18037      DEBUG main            d.u.i.k.p.i.AbstractProblemLoader Environment load took 4.38ms 
18039      INFO  main            d.u.i.k.p.i.AbstractProblemLoader Creating init config 
21190      DEBUG main            d.u.i.k.j.r.ClassPreparationMethodBuilder clPrepBuilder: Inner Class detected. Reject building class initialisation methods. 
28357      DEBUG main            d.u.i.k.p.i.AbstractProblemLoader Init config took 10.32s 
29259      INFO  main            d.u.i.k.p.i.AbstractProblemLoader Replaying proof Test[Test::a0(int)].JML normal_behavior operation contract.0 
29282      DEBUG main            d.u.i.k.p.i.IntermediateProofReplayer Proof replay took 18.76ms 
29292      DEBUG main            d.u.i.k.p.r.p.TestFile    ... success: reloaded. 
29293      INFO  main            d.u.i.k.p.r.p.TestFile    Now processing file /home/runner/work/key/key/key.core/../key.ui/examples/performance-test/Test(Test__a1(int)).JML_normal_behavior_operation_contract.0.key 
29294      INFO  main            d.u.i.k.p.i.AbstractProblemLoader Loading environment from /home/runner/work/key/key/key.core/../key.ui/examples/performance-test/Test(Test__a1(int)).JML_normal_behavior_operation_contract.0.key 
29294      DEBUG main            d.u.i.k.p.i.AbstractProblemLoader Environment load took 240ns 
29296      INFO  main            d.u.i.k.p.i.AbstractProblemLoader Creating init config 
32242      DEBUG main            d.u.i.k.j.r.ClassPreparationMethodBuilder clPrepBuilder: Inner Class detected. Reject building class initialisation methods. 
39084      DEBUG main            d.u.i.k.p.i.AbstractProblemLoader Init config took 9.79s 
39960      INFO  main            d.u.i.k.p.i.AbstractProblemLoader Replaying proof Test[Test::a1(int)].JML normal_behavior operation contract.0 
39962      DEBUG main            d.u.i.k.p.i.IntermediateProofReplayer Proof replay took 7.3ns 
40366      INFO  main            d.u.i.k.p.r.p.TestFile    ... finished proof: closed. 
40649      INFO  main            d.u.i.k.p.i.AbstractProblemLoader Loading environment from /home/runner/work/key/key/key.core/../key.ui/examples/performance-test/Test(Test__a1(int)).JML_normal_behavior_operation_contract.0.key.proof 
40651      DEBUG main            d.u.i.k.p.i.AbstractProblemLoader Environment load took 1.73ms 
40652      INFO  main            d.u.i.k.p.i.AbstractProblemLoader Creating init config 
43539      DEBUG main            d.u.i.k.j.r.ClassPreparationMethodBuilder clPrepBuilder: Inner Class detected. Reject building class initialisation methods. 
50259      DEBUG main            d.u.i.k.p.i.AbstractProblemLoader Init config took 9.61s 
51160      INFO  main            d.u.i.k.p.i.AbstractProblemLoader Replaying proof Test[Test::a1(int)].JML normal_behavior operation contract.0 
51220      DEBUG main            d.u.i.k.p.i.IntermediateProofReplayer Proof replay took 55.73ms 
51222      DEBUG main            d.u.i.k.p.r.p.TestFile    ... success: reloaded. 
51223      INFO  main            d.u.i.k.p.r.p.TestFile    Now processing file /home/runner/work/key/key/key.core/../key.ui/examples/performance-test/Test(Test__f1(int)).JML_normal_behavior_operation_contract.0.key 
51224      INFO  main            d.u.i.k.p.i.AbstractProblemLoader Loading environment from /home/runner/work/key/key/key.core/../key.ui/examples/performance-test/Test(Test__f1(int)).JML_normal_behavior_operation_contract.0.key 
51224      DEBUG main            d.u.i.k.p.i.AbstractProblemLoader Environment load took 256.7ns 
51227      INFO  main            d.u.i.k.p.i.AbstractProblemLoader Creating init config 
54216      DEBUG main            d.u.i.k.j.r.ClassPreparationMethodBuilder clPrepBuilder: Inner Class detected. Reject building class initialisation methods. 
60939      DEBUG main            d.u.i.k.p.i.AbstractProblemLoader Init config took 9.71s 
61878      INFO  main            d.u.i.k.p.i.AbstractProblemLoader Replaying proof Test[Test::f1(int)].JML normal_behavior operation contract.0 
61880      DEBUG main            d.u.i.k.p.i.IntermediateProofReplayer Proof replay took 6.5ns 
62083      INFO  main            d.u.i.k.p.r.p.TestFile    ... finished proof: closed. 
62363      INFO  main            d.u.i.k.p.i.AbstractProblemLoader Loading environment from /home/runner/work/key/key/key.core/../key.ui/examples/performance-test/Test(Test__f1(int)).JML_normal_behavior_operation_contract.0.key.proof 
62363      DEBUG main            d.u.i.k.p.i.AbstractProblemLoader Environment load took 501.7ns 
62365      INFO  main            d.u.i.k.p.i.AbstractProblemLoader Creating init config 
65221      DEBUG main            d.u.i.k.j.r.ClassPreparationMethodBuilder clPrepBuilder: Inner Class detected. Reject building class initialisation methods. 
71873      DEBUG main            d.u.i.k.p.i.AbstractProblemLoader Init config took 9.51s 
72746      INFO  main            d.u.i.k.p.i.AbstractProblemLoader Replaying proof Test[Test::f1(int)].JML normal_behavior operation contract.0 
72792      DEBUG main            d.u.i.k.p.i.IntermediateProofReplayer Proof replay took 41.97ms 
72793      DEBUG main            d.u.i.k.p.r.p.TestFile    ... success: reloaded. 
435782     INFO  Test worker     d.u.i.k.p.r.RunAllProofsTestUnit Returning from test performancePOConstruction 
435783     INFO  Test worker     d.u.i.k.p.r.RunAllProofsTestUnit Running test applicationRestrictions 
332        INFO  Timeout watchdog d.u.i.k.p.r.p.ForkedTestFileRunner Timeout watcher launched (2000 secs.) 
345        WARN  main            d.u.i.k.s.ProofSettings   The settings in /home/runner/.key/proof-settings.props are *not* read. 
372        INFO  main            d.u.i.k.p.r.p.TestFile    Now processing file /home/runner/work/key/key/key.core/../key.ui/examples/heap/polarity_tests/wellformed1.key 
488        INFO  main            d.u.i.k.p.i.AbstractProblemLoader Loading environment from /home/runner/work/key/key/key.core/../key.ui/examples/heap/polarity_tests/wellformed1.key 
517        DEBUG main            d.u.i.k.p.i.AbstractProblemLoader Environment load took 2.09ms 
742        INFO  main            d.u.i.k.p.i.AbstractProblemLoader Creating init config 
1689       DEBUG main            d.u.i.k.j.TypeConverter   No LDT found for Meta 
1690       DEBUG main            d.u.i.k.j.TypeConverter   No LDT found for Meta 
1691       DEBUG main            d.u.i.k.j.TypeConverter   No LDT found for Meta 
1691       DEBUG main            d.u.i.k.j.TypeConverter   No LDT found for Meta 
2941       DEBUG main            d.u.i.k.j.TypeConverter   No LDT found for JavaBigintExpression 
7798       DEBUG main            d.u.i.k.p.i.AbstractProblemLoader Init config took 7.06s 
7856       INFO  main            d.u.i.k.p.i.AbstractProblemLoader Replaying proof wellformed1.key 
7888       DEBUG main            d.u.i.k.p.i.IntermediateProofReplayer Proof replay took 34.9ns 
8057       INFO  main            d.u.i.k.p.r.p.TestFile    ... finished proof: closed. 
8157       INFO  main            d.u.i.k.p.i.AbstractProblemLoader Loading environment from /home/runner/work/key/key/key.core/../key.ui/examples/heap/polarity_tests/wellformed1.key.proof 
8158       DEBUG main            d.u.i.k.p.i.AbstractProblemLoader Environment load took 143.3ns 
8161       INFO  main            d.u.i.k.p.i.AbstractProblemLoader Creating init config 
10897      DEBUG main            d.u.i.k.p.i.AbstractProblemLoader Init config took 2.74s 
10940      INFO  main            d.u.i.k.p.i.AbstractProblemLoader Replaying proof wellformed1.key.proof 
10946      DEBUG main            d.u.i.k.p.i.IntermediateProofReplayer Proof replay took 2.27ms 
10957      DEBUG main            d.u.i.k.p.r.p.TestFile    ... success: reloaded. 
10958      INFO  main            d.u.i.k.p.r.p.TestFile    Now processing file /home/runner/work/key/key/key.core/../key.ui/examples/heap/polarity_tests/wellformed2.key 
10958      INFO  main            d.u.i.k.p.i.AbstractProblemLoader Loading environment from /home/runner/work/key/key/key.core/../key.ui/examples/heap/polarity_tests/wellformed2.key 
10958      DEBUG main            d.u.i.k.p.i.AbstractProblemLoader Environment load took 86.2ns 
10959      INFO  main            d.u.i.k.p.i.AbstractProblemLoader Creating init config 
13538      DEBUG main            d.u.i.k.p.i.AbstractProblemLoader Init config took 2.58s 
13566      INFO  main            d.u.i.k.p.i.AbstractProblemLoader Replaying proof wellformed2.key 
13569      DEBUG main            d.u.i.k.p.i.IntermediateProofReplayer Proof replay took 5.8ns 
13671      INFO  main            d.u.i.k.p.r.p.TestFile    ... finished proof: open goal(s) 
13797      INFO  main            d.u.i.k.p.r.p.TestFile    Now processing file /home/runner/work/key/key/key.core/../key.ui/examples/heap/polarity_tests/wellformed3.key 
13797      INFO  main            d.u.i.k.p.i.AbstractProblemLoader Loading environment from /home/runner/work/key/key/key.core/../key.ui/examples/heap/polarity_tests/wellformed3.key 
13797      DEBUG main            d.u.i.k.p.i.AbstractProblemLoader Environment load took 80.5ns 
13799      INFO  main            d.u.i.k.p.i.AbstractProblemLoader Creating init config 
16356      DEBUG main            d.u.i.k.p.i.AbstractProblemLoader Init config took 2.56s 
16387      INFO  main            d.u.i.k.p.i.AbstractProblemLoader Replaying proof wellformed3.key 
16391      DEBUG main            d.u.i.k.p.i.IntermediateProofReplayer Proof replay took 6.8ns 
16497      INFO  main            d.u.i.k.p.r.p.TestFile    ... finished proof: closed. 
16613      INFO  main            d.u.i.k.p.i.AbstractProblemLoader Loading environment from /home/runner/work/key/key/key.core/../key.ui/examples/heap/polarity_tests/wellformed3.key.proof 
16613      DEBUG main            d.u.i.k.p.i.AbstractProblemLoader Environment load took 145.3ns 
16614      INFO  main            d.u.i.k.p.i.AbstractProblemLoader Creating init config 
19152      DEBUG main            d.u.i.k.p.i.AbstractProblemLoader Init config took 2.54s 
19172      INFO  main            d.u.i.k.p.i.AbstractProblemLoader Replaying proof wellformed3.key.proof 
19176      DEBUG main            d.u.i.k.p.i.IntermediateProofReplayer Proof replay took 1.78ms 
19178      DEBUG main            d.u.i.k.p.r.p.TestFile    ... success: reloaded. 
19179      INFO  main            d.u.i.k.p.r.p.TestFile    Now processing file /home/runner/work/key/key/key.core/../key.ui/examples/heap/polarity_tests/wellformed4.key 
19180      INFO  main            d.u.i.k.p.i.AbstractProblemLoader Loading environment from /home/runner/work/key/key/key.core/../key.ui/examples/heap/polarity_tests/wellformed4.key 
19181      DEBUG main            d.u.i.k.p.i.AbstractProblemLoader Environment load took 1.44ms 
19183      INFO  main            d.u.i.k.p.i.AbstractProblemLoader Creating init config 
21640      DEBUG main            d.u.i.k.p.i.AbstractProblemLoader Init config took 2.46s 
21659      INFO  main            d.u.i.k.p.i.AbstractProblemLoader Replaying proof wellformed4.key 
21661      DEBUG main            d.u.i.k.p.i.IntermediateProofReplayer Proof replay took 6.3ns 
21766      INFO  main            d.u.i.k.p.r.p.TestFile    ... finished proof: open goal(s) 
21897      INFO  main            d.u.i.k.p.r.p.TestFile    Now processing file /home/runner/work/key/key/key.core/../key.ui/examples/heap/polarity_tests/wellformed5.key 
21897      INFO  main            d.u.i.k.p.i.AbstractProblemLoader Loading environment from /home/runner/work/key/key/key.core/../key.ui/examples/heap/polarity_tests/wellformed5.key 
21897      DEBUG main            d.u.i.k.p.i.AbstractProblemLoader Environment load took 72.5ns 
21898      INFO  main            d.u.i.k.p.i.AbstractProblemLoader Creating init config 
24303      DEBUG main            d.u.i.k.p.i.AbstractProblemLoader Init config took 2.4s 
24323      INFO  main            d.u.i.k.p.i.AbstractProblemLoader Replaying proof wellformed5.key 
24324      DEBUG main            d.u.i.k.p.i.IntermediateProofReplayer Proof replay took 6.3ns 
24427      INFO  main            d.u.i.k.p.r.p.TestFile    ... finished proof: closed. 
24553      INFO  main            d.u.i.k.p.i.AbstractProblemLoader Loading environment from /home/runner/work/key/key/key.core/../key.ui/examples/heap/polarity_tests/wellformed5.key.proof 
24553      DEBUG main            d.u.i.k.p.i.AbstractProblemLoader Environment load took 120.7ns 
24554      INFO  main            d.u.i.k.p.i.AbstractProblemLoader Creating init config 
26987      DEBUG main            d.u.i.k.p.i.AbstractProblemLoader Init config took 2.43s 
27006      INFO  main            d.u.i.k.p.i.AbstractProblemLoader Replaying proof wellformed5.key.proof 
27012      DEBUG main            d.u.i.k.p.i.IntermediateProofReplayer Proof replay took 1.24ms 
27013      DEBUG main            d.u.i.k.p.r.p.TestFile    ... success: reloaded. 
27014      INFO  main            d.u.i.k.p.r.p.TestFile    Now processing file /home/runner/work/key/key/key.core/../key.ui/examples/heap/polarity_tests/wellformed6.key 
27015      INFO  main            d.u.i.k.p.i.AbstractProblemLoader Loading environment from /home/runner/work/key/key/key.core/../key.ui/examples/heap/polarity_tests/wellformed6.key 
27015      DEBUG main            d.u.i.k.p.i.AbstractProblemLoader Environment load took 266.1ns 
27016      INFO  main            d.u.i.k.p.i.AbstractProblemLoader Creating init config 
29492      DEBUG main            d.u.i.k.p.i.AbstractProblemLoader Init config took 2.48s 
29512      INFO  main            d.u.i.k.p.i.AbstractProblemLoader Replaying proof wellformed6.key 
29514      DEBUG main            d.u.i.k.p.i.IntermediateProofReplayer Proof replay took 6.8ns 
29621      INFO  main            d.u.i.k.p.r.p.TestFile    ... finished proof: open goal(s) 
29763      INFO  main            d.u.i.k.p.r.p.TestFile    Now processing file /home/runner/work/key/key/key.core/../key.ui/examples/heap/polarity_tests/wellformed7.key 
29764      INFO  main            d.u.i.k.p.i.AbstractProblemLoader Loading environment from /home/runner/work/key/key/key.core/../key.ui/examples/heap/polarity_tests/wellformed7.key 
29764      DEBUG main            d.u.i.k.p.i.AbstractProblemLoader Environment load took 129.4ns 
29766      INFO  main            d.u.i.k.p.i.AbstractProblemLoader Creating init config 
32183      DEBUG main            d.u.i.k.p.i.AbstractProblemLoader Init config took 2.42s 
32202      INFO  main            d.u.i.k.p.i.AbstractProblemLoader Replaying proof wellformed7.key 
32204      DEBUG main            d.u.i.k.p.i.IntermediateProofReplayer Proof replay took 7ns 
32306      INFO  main            d.u.i.k.p.r.p.TestFile    ... finished proof: closed. 
32436      INFO  main            d.u.i.k.p.i.AbstractProblemLoader Loading environment from /home/runner/work/key/key/key.core/../key.ui/examples/heap/polarity_tests/wellformed7.key.proof 
32436      DEBUG main            d.u.i.k.p.i.AbstractProblemLoader Environment load took 117.1ns 
32438      INFO  main            d.u.i.k.p.i.AbstractProblemLoader Creating init config 
34845      DEBUG main            d.u.i.k.p.i.AbstractProblemLoader Init config took 2.41s 
34862      INFO  main            d.u.i.k.p.i.AbstractProblemLoader Replaying proof wellformed7.key.proof 
34865      DEBUG main            d.u.i.k.p.i.IntermediateProofReplayer Proof replay took 1.44ms 
34867      DEBUG main            d.u.i.k.p.r.p.TestFile    ... success: reloaded. 
34867      INFO  main            d.u.i.k.p.r.p.TestFile    Now processing file /home/runner/work/key/key/key.core/../key.ui/examples/heap/polarity_tests/wellformed8.key 
34868      INFO  main            d.u.i.k.p.i.AbstractProblemLoader Loading environment from /home/runner/work/key/key/key.core/../key.ui/examples/heap/polarity_tests/wellformed8.key 
34868      DEBUG main            d.u.i.k.p.i.AbstractProblemLoader Environment load took 227.8ns 
34869      INFO  main            d.u.i.k.p.i.AbstractProblemLoader Creating init config 
37298      DEBUG main            d.u.i.k.p.i.AbstractProblemLoader Init config took 2.43s 
37315      INFO  main            d.u.i.k.p.i.AbstractProblemLoader Replaying proof wellformed8.key 
37316      DEBUG main            d.u.i.k.p.i.IntermediateProofReplayer Proof replay took 7.8ns 
37419      INFO  main            d.u.i.k.p.r.p.TestFile    ... finished proof: open goal(s) 
37570      INFO  main            d.u.i.k.p.r.p.TestFile    Now processing file /home/runner/work/key/key/key.core/../key.ui/examples/heap/polarity_tests/wellformed9.key 
37570      INFO  main            d.u.i.k.p.i.AbstractProblemLoader Loading environment from /home/runner/work/key/key/key.core/../key.ui/examples/heap/polarity_tests/wellformed9.key 
37570      DEBUG main            d.u.i.k.p.i.AbstractProblemLoader Environment load took 89.7ns 
37572      INFO  main            d.u.i.k.p.i.AbstractProblemLoader Creating init config 
39977      DEBUG main            d.u.i.k.p.i.AbstractProblemLoader Init config took 2.41s 
39993      INFO  main            d.u.i.k.p.i.AbstractProblemLoader Replaying proof wellformed9.key 
39994      DEBUG main            d.u.i.k.p.i.IntermediateProofReplayer Proof replay took 6.9ns 
40097      INFO  main            d.u.i.k.p.r.p.TestFile    ... finished proof: closed. 
40260      INFO  main            d.u.i.k.p.i.AbstractProblemLoader Loading environment from /home/runner/work/key/key/key.core/../key.ui/examples/heap/polarity_tests/wellformed9.key.proof 
40260      DEBUG main            d.u.i.k.p.i.AbstractProblemLoader Environment load took 119.6ns 
40261      INFO  main            d.u.i.k.p.i.AbstractProblemLoader Creating init config 
42683      DEBUG main            d.u.i.k.p.i.AbstractProblemLoader Init config took 2.42s 
42698      INFO  main            d.u.i.k.p.i.AbstractProblemLoader Replaying proof wellformed9.key.proof 
42701      DEBUG main            d.u.i.k.p.i.IntermediateProofReplayer Proof replay took 1.27ms 
42702      DEBUG main            d.u.i.k.p.r.p.TestFile    ... success: reloaded. 
42703      INFO  main            d.u.i.k.p.r.p.TestFile    Now processing file /home/runner/work/key/key/key.core/../key.ui/examples/heap/polarity_tests/wellformed10.key 
42703      INFO  main            d.u.i.k.p.i.AbstractProblemLoader Loading environment from /home/runner/work/key/key/key.core/../key.ui/examples/heap/polarity_tests/wellformed10.key 
42703      DEBUG main            d.u.i.k.p.i.AbstractProblemLoader Environment load took 145.8ns 
42704      INFO  main            d.u.i.k.p.i.AbstractProblemLoader Creating init config 
45134      DEBUG main            d.u.i.k.p.i.AbstractProblemLoader Init config took 2.43s 
45150      INFO  main            d.u.i.k.p.i.AbstractProblemLoader Replaying proof wellformed10.key 
45151      DEBUG main            d.u.i.k.p.i.IntermediateProofReplayer Proof replay took 6.2ns 
45254      INFO  main            d.u.i.k.p.r.p.TestFile    ... finished proof: open goal(s) 
45409      INFO  main            d.u.i.k.p.r.p.TestFile    Now processing file /home/runner/work/key/key/key.core/../key.ui/examples/heap/polarity_tests/wellformed11.key 
45409      INFO  main            d.u.i.k.p.i.AbstractProblemLoader Loading environment from /home/runner/work/key/key/key.core/../key.ui/examples/heap/polarity_tests/wellformed11.key 
45409      DEBUG main            d.u.i.k.p.i.AbstractProblemLoader Environment load took 71.4ns 
45410      INFO  main            d.u.i.k.p.i.AbstractProblemLoader Creating init config 
47762      DEBUG main            d.u.i.k.p.i.AbstractProblemLoader Init config took 2.35s 
47777      INFO  main            d.u.i.k.p.i.AbstractProblemLoader Replaying proof wellformed11.key 
47779      DEBUG main            d.u.i.k.p.i.IntermediateProofReplayer Proof replay took 6.8ns 
47885      INFO  main            d.u.i.k.p.r.p.TestFile    ... finished proof: open goal(s) 
483971     INFO  Test worker     d.u.i.k.p.r.RunAllProofsTestUnit Returning from test applicationRestrictions 
483972     INFO  Test worker     d.u.i.k.p.r.RunAllProofsTestUnit Running test blockContracts 
358        WARN  main            d.u.i.k.s.ProofSettings   The settings in /home/runner/.key/proof-settings.props are *not* read. 
365        INFO  Timeout watchdog d.u.i.k.p.r.p.ForkedTestFileRunner Timeout watcher launched (2000 secs.) 
410        INFO  main            d.u.i.k.p.r.p.TestFile    Now processing file /home/runner/work/key/key/key.core/../key.ui/examples/heap/block_contracts/Simple__add.key 
578        INFO  main            d.u.i.k.p.i.AbstractProblemLoader Loading environment from /home/runner/work/key/key/key.core/../key.ui/examples/heap/block_contracts/Simple__add.key 
595        DEBUG main            d.u.i.k.p.i.AbstractProblemLoader Environment load took 1.91ms 
812        INFO  main            d.u.i.k.p.i.AbstractProblemLoader Creating init config 
1779       DEBUG main            d.u.i.k.j.TypeConverter   No LDT found for Meta 
1780       DEBUG main            d.u.i.k.j.TypeConverter   No LDT found for Meta 
1783       DEBUG main            d.u.i.k.j.TypeConverter   No LDT found for Meta 
1784       DEBUG main            d.u.i.k.j.TypeConverter   No LDT found for Meta 
3046       DEBUG main            d.u.i.k.j.TypeConverter   No LDT found for JavaBigintExpression 
8878       DEBUG main            d.u.i.k.p.i.AbstractProblemLoader Init config took 8.07s 
9058       INFO  main            d.u.i.k.p.i.AbstractProblemLoader Replaying proof Simple[Simple::add(int,int)].JML operation contract.0 
9148       DEBUG main            d.u.i.k.p.i.IntermediateProofReplayer Proof replay took 320.1ns 
9882       INFO  main            d.u.i.k.p.r.p.TestFile    ... finished proof: closed. 
9996       INFO  main            d.u.i.k.p.i.AbstractProblemLoader Loading environment from /home/runner/work/key/key/key.core/../key.ui/examples/heap/block_contracts/Simple__add.key.proof 
9998       DEBUG main            d.u.i.k.p.i.AbstractProblemLoader Environment load took 1.48ms 
10002      INFO  main            d.u.i.k.p.i.AbstractProblemLoader Creating init config 
13416      DEBUG main            d.u.i.k.p.i.AbstractProblemLoader Init config took 3.41s 
13480      INFO  main            d.u.i.k.p.i.AbstractProblemLoader Replaying proof Simple[Simple::add(int,int)].JML operation contract.0 
13543      DEBUG main            d.u.i.k.p.i.IntermediateProofReplayer Proof replay took 58.24ms 
13550      DEBUG main            d.u.i.k.p.r.p.TestFile    ... success: reloaded. 
13551      INFO  main            d.u.i.k.p.r.p.TestFile    Now processing file /home/runner/work/key/key/key.core/../key.ui/examples/heap/block_contracts/Simple__addAbsoluteValues.key 
13552      INFO  main            d.u.i.k.p.i.AbstractProblemLoader Loading environment from /home/runner/work/key/key/key.core/../key.ui/examples/heap/block_contracts/Simple__addAbsoluteValues.key 
13552      DEBUG main            d.u.i.k.p.i.AbstractProblemLoader Environment load took 264.8ns 
13554      INFO  main            d.u.i.k.p.i.AbstractProblemLoader Creating init config 
16765      DEBUG main            d.u.i.k.p.i.AbstractProblemLoader Init config took 3.21s 
16826      INFO  main            d.u.i.k.p.i.AbstractProblemLoader Replaying proof Simple[Simple::addAbsoluteValues(int,int)].JML normal_behavior operation contract.0 
16829      DEBUG main            d.u.i.k.p.i.IntermediateProofReplayer Proof replay took 14.1ns 
17937      INFO  main            d.u.i.k.p.r.p.TestFile    ... finished proof: closed. 
18130      INFO  main            d.u.i.k.p.i.AbstractProblemLoader Loading environment from /home/runner/work/key/key/key.core/../key.ui/examples/heap/block_contracts/Simple__addAbsoluteValues.key.proof 
18131      DEBUG main            d.u.i.k.p.i.AbstractProblemLoader Environment load took 570.61ns 
18135      INFO  main            d.u.i.k.p.i.AbstractProblemLoader Creating init config 
21286      DEBUG main            d.u.i.k.p.i.AbstractProblemLoader Init config took 3.15s 
21372      INFO  main            d.u.i.k.p.i.AbstractProblemLoader Replaying proof Simple[Simple::addAbsoluteValues(int,int)].JML normal_behavior operation contract.0 
21565      DEBUG main            d.u.i.k.p.i.IntermediateProofReplayer Proof replay took 180.1ms 
21568      DEBUG main            d.u.i.k.p.r.p.TestFile    ... success: reloaded. 
21570      INFO  main            d.u.i.k.p.r.p.TestFile    Now processing file /home/runner/work/key/key/key.core/../key.ui/examples/heap/block_contracts/Simple__addWithJump.key 
21570      INFO  main            d.u.i.k.p.i.AbstractProblemLoader Loading environment from /home/runner/work/key/key/key.core/../key.ui/examples/heap/block_contracts/Simple__addWithJump.key 
21570      DEBUG main            d.u.i.k.p.i.AbstractProblemLoader Environment load took 279.7ns 
21574      INFO  main            d.u.i.k.p.i.AbstractProblemLoader Creating init config 
24676      DEBUG main            d.u.i.k.p.i.AbstractProblemLoader Init config took 3.1s 
24738      INFO  main            d.u.i.k.p.i.AbstractProblemLoader Replaying proof Simple[Simple::addWithJump(int,int,int)].JML operation contract.0 
24742      DEBUG main            d.u.i.k.p.i.IntermediateProofReplayer Proof replay took 10.2ns 
24961      INFO  main            d.u.i.k.p.r.p.TestFile    ... finished proof: closed. 
25128      INFO  main            d.u.i.k.p.i.AbstractProblemLoader Loading environment from /home/runner/work/key/key/key.core/../key.ui/examples/heap/block_contracts/Simple__addWithJump.key.proof 
25128      DEBUG main            d.u.i.k.p.i.AbstractProblemLoader Environment load took 123.8ns 
25129      INFO  main            d.u.i.k.p.i.AbstractProblemLoader Creating init config 
28175      DEBUG main            d.u.i.k.p.i.AbstractProblemLoader Init config took 3.05s 
28224      INFO  main            d.u.i.k.p.i.AbstractProblemLoader Replaying proof Simple[Simple::addWithJump(int,int,int)].JML operation contract.0 
28263      DEBUG main            d.u.i.k.p.i.IntermediateProofReplayer Proof replay took 36.03ms 
28264      DEBUG main            d.u.i.k.p.r.p.TestFile    ... success: reloaded. 
28266      INFO  main            d.u.i.k.p.r.p.TestFile    Now processing file /home/runner/work/key/key/key.core/../key.ui/examples/heap/block_contracts/Simple__addWithTwoBlockContracts.key 
28266      INFO  main            d.u.i.k.p.i.AbstractProblemLoader Loading environment from /home/runner/work/key/key/key.core/../key.ui/examples/heap/block_contracts/Simple__addWithTwoBlockContracts.key 
28266      DEBUG main            d.u.i.k.p.i.AbstractProblemLoader Environment load took 257.3ns 
28268      INFO  main            d.u.i.k.p.i.AbstractProblemLoader Creating init config 
31390      DEBUG main            d.u.i.k.p.i.AbstractProblemLoader Init config took 3.12s 
31437      INFO  main            d.u.i.k.p.i.AbstractProblemLoader Replaying proof Simple[Simple::addWithTwoBlockContracts(int,int,int)].JML operation contract.0 
31439      DEBUG main            d.u.i.k.p.i.IntermediateProofReplayer Proof replay took 10ns 
31742      INFO  main            d.u.i.k.p.r.p.TestFile    ... finished proof: closed. 
31919      INFO  main            d.u.i.k.p.i.AbstractProblemLoader Loading environment from /home/runner/work/key/key/key.core/../key.ui/examples/heap/block_contracts/Simple__addWithTwoBlockContracts.key.proof 
31919      DEBUG main            d.u.i.k.p.i.AbstractProblemLoader Environment load took 133.4ns 
31920      INFO  main            d.u.i.k.p.i.AbstractProblemLoader Creating init config 
34935      DEBUG main            d.u.i.k.p.i.AbstractProblemLoader Init config took 3.02s 
34991      INFO  main            d.u.i.k.p.i.AbstractProblemLoader Replaying proof Simple[Simple::addWithTwoBlockContracts(int,int,int)].JML operation contract.0 
35045      DEBUG main            d.u.i.k.p.i.IntermediateProofReplayer Proof replay took 50.64ms 
35047      DEBUG main            d.u.i.k.p.r.p.TestFile    ... success: reloaded. 
35048      INFO  main            d.u.i.k.p.r.p.TestFile    Now processing file /home/runner/work/key/key/key.core/../key.ui/examples/heap/block_contracts/Simple__generateByteArray.key 
35048      INFO  main            d.u.i.k.p.i.AbstractProblemLoader Loading environment from /home/runner/work/key/key/key.core/../key.ui/examples/heap/block_contracts/Simple__generateByteArray.key 
35049      DEBUG main            d.u.i.k.p.i.AbstractProblemLoader Environment load took 249.4ns 
35050      INFO  main            d.u.i.k.p.i.AbstractProblemLoader Creating init config 
38134      DEBUG main            d.u.i.k.p.i.AbstractProblemLoader Init config took 3.08s 
38180      INFO  main            d.u.i.k.p.i.AbstractProblemLoader Replaying proof Simple[Simple::generateByteArray()].JML normal_behavior operation contract.0 
38183      DEBUG main            d.u.i.k.p.i.IntermediateProofReplayer Proof replay took 12.7ns 
39790      INFO  main            d.u.i.k.p.r.p.TestFile    ... finished proof: closed. 
40002      INFO  main            d.u.i.k.p.i.AbstractProblemLoader Loading environment from /home/runner/work/key/key/key.core/../key.ui/examples/heap/block_contracts/Simple__generateByteArray.key.proof 
40002      DEBUG main            d.u.i.k.p.i.AbstractProblemLoader Environment load took 711.4ns 
40006      INFO  main            d.u.i.k.p.i.AbstractProblemLoader Creating init config 
43006      DEBUG main            d.u.i.k.p.i.AbstractProblemLoader Init config took 3s 
43051      INFO  main            d.u.i.k.p.i.AbstractProblemLoader Replaying proof Simple[Simple::generateByteArray()].JML normal_behavior operation contract.0 
43248      DEBUG main            d.u.i.k.p.i.IntermediateProofReplayer Proof replay took 185.61ms 
43250      DEBUG main            d.u.i.k.p.r.p.TestFile    ... success: reloaded. 
43251      INFO  main            d.u.i.k.p.r.p.TestFile    Now processing file /home/runner/work/key/key/key.core/../key.ui/examples/heap/block_contracts/Simple__getLength.key 
43251      INFO  main            d.u.i.k.p.i.AbstractProblemLoader Loading environment from /home/runner/work/key/key/key.core/../key.ui/examples/heap/block_contracts/Simple__getLength.key 
43252      DEBUG main            d.u.i.k.p.i.AbstractProblemLoader Environment load took 288.5ns 
43253      INFO  main            d.u.i.k.p.i.AbstractProblemLoader Creating init config 
46348      DEBUG main            d.u.i.k.p.i.AbstractProblemLoader Init config took 3.09s 
46392      INFO  main            d.u.i.k.p.i.AbstractProblemLoader Replaying proof Simple[Simple::getLength()].JML normal_behavior operation contract.0 
46394      DEBUG main            d.u.i.k.p.i.IntermediateProofReplayer Proof replay took 12.5ns 
46500      INFO  main            d.u.i.k.p.r.p.TestFile    ... finished proof: closed. 
46701      INFO  main            d.u.i.k.p.i.AbstractProblemLoader Loading environment from /home/runner/work/key/key/key.core/../key.ui/examples/heap/block_contracts/Simple__getLength.key.proof 
46701      DEBUG main            d.u.i.k.p.i.AbstractProblemLoader Environment load took 130.3ns 
46702      INFO  main            d.u.i.k.p.i.AbstractProblemLoader Creating init config 
49716      DEBUG main            d.u.i.k.p.i.AbstractProblemLoader Init config took 3.01s 
49761      INFO  main            d.u.i.k.p.i.AbstractProblemLoader Replaying proof Simple[Simple::getLength()].JML normal_behavior operation contract.0 
49770      DEBUG main            d.u.i.k.p.i.IntermediateProofReplayer Proof replay took 6.48ms 
49771      DEBUG main            d.u.i.k.p.r.p.TestFile    ... success: reloaded. 
49772      INFO  main            d.u.i.k.p.r.p.TestFile    Now processing file /home/runner/work/key/key/key.core/../key.ui/examples/heap/block_contracts/Simple__square.key 
49773      INFO  main            d.u.i.k.p.i.AbstractProblemLoader Loading environment from /home/runner/work/key/key/key.core/../key.ui/examples/heap/block_contracts/Simple__square.key 
49773      DEBUG main            d.u.i.k.p.i.AbstractProblemLoader Environment load took 238.8ns 
49774      INFO  main            d.u.i.k.p.i.AbstractProblemLoader Creating init config 
52747      DEBUG main            d.u.i.k.p.i.AbstractProblemLoader Init config took 2.97s 
52791      INFO  main            d.u.i.k.p.i.AbstractProblemLoader Replaying proof Simple[Simple::square(int)].JML operation contract.0 
52793      DEBUG main            d.u.i.k.p.i.IntermediateProofReplayer Proof replay took 11.9ns 
53197      INFO  main            d.u.i.k.p.r.p.TestFile    ... finished proof: closed. 
53407      INFO  main            d.u.i.k.p.i.AbstractProblemLoader Loading environment from /home/runner/work/key/key/key.core/../key.ui/examples/heap/block_contracts/Simple__square.key.proof 
53408      DEBUG main            d.u.i.k.p.i.AbstractProblemLoader Environment load took 147ns 
53409      INFO  main            d.u.i.k.p.i.AbstractProblemLoader Creating init config 
56386      DEBUG main            d.u.i.k.p.i.AbstractProblemLoader Init config took 2.98s 
56429      INFO  main            d.u.i.k.p.i.AbstractProblemLoader Replaying proof Simple[Simple::square(int)].JML operation contract.0 
56507      DEBUG main            d.u.i.k.p.i.IntermediateProofReplayer Proof replay took 74.4ms 
56508      DEBUG main            d.u.i.k.p.r.p.TestFile    ... success: reloaded. 
56509      INFO  main            d.u.i.k.p.r.p.TestFile    Now processing file /home/runner/work/key/key/key.core/../key.ui/examples/heap/block_contracts/Simple__unnecessaryBlockContract.key 
56509      INFO  main            d.u.i.k.p.i.AbstractProblemLoader Loading environment from /home/runner/work/key/key/key.core/../key.ui/examples/heap/block_contracts/Simple__unnecessaryBlockContract.key 
56509      DEBUG main            d.u.i.k.p.i.AbstractProblemLoader Environment load took 106.3ns 
56510      INFO  main            d.u.i.k.p.i.AbstractProblemLoader Creating init config 
59522      DEBUG main            d.u.i.k.p.i.AbstractProblemLoader Init config took 3.01s 
59562      INFO  main            d.u.i.k.p.i.AbstractProblemLoader Replaying proof Simple[Simple::unnecessaryBlockContract()].JML operation contract.0 
59564      DEBUG main            d.u.i.k.p.i.IntermediateProofReplayer Proof replay took 12.5ns 
59668      INFO  main            d.u.i.k.p.r.p.TestFile    ... finished proof: closed. 
59883      INFO  main            d.u.i.k.p.i.AbstractProblemLoader Loading environment from /home/runner/work/key/key/key.core/../key.ui/examples/heap/block_contracts/Simple__unnecessaryBlockContract.key.proof 
59884      DEBUG main            d.u.i.k.p.i.AbstractProblemLoader Environment load took 127.9ns 
59885      INFO  main            d.u.i.k.p.i.AbstractProblemLoader Creating init config 
62911      DEBUG main            d.u.i.k.p.i.AbstractProblemLoader Init config took 3.03s 
62953      INFO  main            d.u.i.k.p.i.AbstractProblemLoader Replaying proof Simple[Simple::unnecessaryBlockContract()].JML operation contract.0 
62974      DEBUG main            d.u.i.k.p.i.IntermediateProofReplayer Proof replay took 18.91ms 
62975      DEBUG main            d.u.i.k.p.r.p.TestFile    ... success: reloaded. 
62977      INFO  main            d.u.i.k.p.r.p.TestFile    Now processing file /home/runner/work/key/key/key.core/../key.ui/examples/heap/block_contracts/Simple__unnecessaryLoopInvariant.key 
62979      INFO  main            d.u.i.k.p.i.AbstractProblemLoader Loading environment from /home/runner/work/key/key/key.core/../key.ui/examples/heap/block_contracts/Simple__unnecessaryLoopInvariant.key 
62979      DEBUG main            d.u.i.k.p.i.AbstractProblemLoader Environment load took 454.2ns 
62980      INFO  main            d.u.i.k.p.i.AbstractProblemLoader Creating init config 
65946      DEBUG main            d.u.i.k.p.i.AbstractProblemLoader Init config took 2.97s 
65985      INFO  main            d.u.i.k.p.i.AbstractProblemLoader Replaying proof Simple[Simple::unnecessaryLoopInvariant()].JML operation contract.0 
65986      DEBUG main            d.u.i.k.p.i.IntermediateProofReplayer Proof replay took 10.9ns 
66092      INFO  main            d.u.i.k.p.r.p.TestFile    ... finished proof: closed. 
66313      INFO  main            d.u.i.k.p.i.AbstractProblemLoader Loading environment from /home/runner/work/key/key/key.core/../key.ui/examples/heap/block_contracts/Simple__unnecessaryLoopInvariant.key.proof 
66313      DEBUG main            d.u.i.k.p.i.AbstractProblemLoader Environment load took 122.4ns 
66314      INFO  main            d.u.i.k.p.i.AbstractProblemLoader Creating init config 
69242      DEBUG main            d.u.i.k.p.i.AbstractProblemLoader Init config took 2.93s 
69283      INFO  main            d.u.i.k.p.i.AbstractProblemLoader Replaying proof Simple[Simple::unnecessaryLoopInvariant()].JML operation contract.0 
69295      DEBUG main            d.u.i.k.p.i.IntermediateProofReplayer Proof replay took 10.68ms 
69300      DEBUG main            d.u.i.k.p.r.p.TestFile    ... success: reloaded. 
69301      INFO  main            d.u.i.k.p.r.p.TestFile    Now processing file /home/runner/work/key/key/key.core/../key.ui/examples/standard_key/java_dl/jml-assert/assert.key 
69302      INFO  main            d.u.i.k.p.i.AbstractProblemLoader Loading environment from /home/runner/work/key/key/key.core/../key.ui/examples/standard_key/java_dl/jml-assert/assert.key 
69302      DEBUG main            d.u.i.k.p.i.AbstractProblemLoader Environment load took 63.8ns 
69302      INFO  main            d.u.i.k.p.i.AbstractProblemLoader Creating init config 
71962      DEBUG main            d.u.i.k.p.i.AbstractProblemLoader Init config took 2.66s 
72002      INFO  main            d.u.i.k.p.i.AbstractProblemLoader Replaying proof Assert[Assert::createArray(int)].JML normal_behavior operation contract.0 
72004      DEBUG main            d.u.i.k.p.i.IntermediateProofReplayer Proof replay took 6.2ns 
72208      INFO  main            d.u.i.k.p.r.p.TestFile    ... finished proof: closed. 
72406      INFO  main            d.u.i.k.p.i.AbstractProblemLoader Loading environment from /home/runner/work/key/key/key.core/../key.ui/examples/standard_key/java_dl/jml-assert/assert.key.proof 
72406      DEBUG main            d.u.i.k.p.i.AbstractProblemLoader Environment load took 131.8ns 
72408      INFO  main            d.u.i.k.p.i.AbstractProblemLoader Creating init config 
74957      DEBUG main            d.u.i.k.p.i.AbstractProblemLoader Init config took 2.55s 
74996      INFO  main            d.u.i.k.p.i.AbstractProblemLoader Replaying proof Assert[Assert::createArray(int)].JML normal_behavior operation contract.0 
75053      DEBUG main            d.u.i.k.p.i.IntermediateProofReplayer Proof replay took 54.79ms 
75055      DEBUG main            d.u.i.k.p.r.p.TestFile    ... success: reloaded. 
75057      INFO  main            d.u.i.k.p.r.p.TestFile    Now processing file /home/runner/work/key/key/key.core/../key.ui/examples/standard_key/java_dl/jml-assert/assert_assume_order.key 
75057      INFO  main            d.u.i.k.p.i.AbstractProblemLoader Loading environment from /home/runner/work/key/key/key.core/../key.ui/examples/standard_key/java_dl/jml-assert/assert_assume_order.key 
75057      DEBUG main            d.u.i.k.p.i.AbstractProblemLoader Environment load took 121.3ns 
75058      INFO  main            d.u.i.k.p.i.AbstractProblemLoader Creating init config 
77704      DEBUG main            d.u.i.k.p.i.AbstractProblemLoader Init config took 2.65s 
77742      INFO  main            d.u.i.k.p.i.AbstractProblemLoader Replaying proof AssertAssume[AssertAssume::singleAssumeAssert(int)].JML normal_behavior operation contract.0 
77744      DEBUG main            d.u.i.k.p.i.IntermediateProofReplayer Proof replay took 6.4ns 
77848      INFO  main            d.u.i.k.p.r.p.TestFile    ... finished proof: closed. 
78035      INFO  main            d.u.i.k.p.i.AbstractProblemLoader Loading environment from /home/runner/work/key/key/key.core/../key.ui/examples/standard_key/java_dl/jml-assert/assert_assume_order.key.proof 
78035      DEBUG main            d.u.i.k.p.i.AbstractProblemLoader Environment load took 132.8ns 
78036      INFO  main            d.u.i.k.p.i.AbstractProblemLoader Creating init config 
80584      DEBUG main            d.u.i.k.p.i.AbstractProblemLoader Init config took 2.55s 
80622      INFO  main            d.u.i.k.p.i.AbstractProblemLoader Replaying proof AssertAssume[AssertAssume::singleAssumeAssert(int)].JML normal_behavior operation contract.0 
80630      DEBUG main            d.u.i.k.p.i.IntermediateProofReplayer Proof replay took 6.87ms 
80631      DEBUG main            d.u.i.k.p.r.p.TestFile    ... success: reloaded. 
80632      INFO  main            d.u.i.k.p.r.p.TestFile    Now processing file /home/runner/work/key/key/key.core/../key.ui/examples/heap/block_loop_contracts/SimpleVariants/sum_onBlock_external.key 
80633      INFO  main            d.u.i.k.p.i.AbstractProblemLoader Loading environment from /home/runner/work/key/key/key.core/../key.ui/examples/heap/block_loop_contracts/SimpleVariants/sum_onBlock_external.key 
80633      DEBUG main            d.u.i.k.p.i.AbstractProblemLoader Environment load took 117.6ns 
80634      INFO  main            d.u.i.k.p.i.AbstractProblemLoader Creating init config 
83543      DEBUG main            d.u.i.k.p.i.AbstractProblemLoader Init config took 2.91s 
83580      INFO  main            d.u.i.k.p.i.AbstractProblemLoader Replaying proof LoopContractExamplesAll[LoopContractExamplesAll::sum_loopContract_onBlock([I)].JML normal_behavior operation contract.0 
83582      DEBUG main            d.u.i.k.p.i.IntermediateProofReplayer Proof replay took 11.9ns 
83684      INFO  main            d.u.i.k.p.r.p.TestFile    ... finished proof: closed. 
83906      INFO  main            d.u.i.k.p.i.AbstractProblemLoader Loading environment from /home/runner/work/key/key/key.core/../key.ui/examples/heap/block_loop_contracts/SimpleVariants/sum_onBlock_external.key.proof 
83906      DEBUG main            d.u.i.k.p.i.AbstractProblemLoader Environment load took 126.2ns 
83907      INFO  main            d.u.i.k.p.i.AbstractProblemLoader Creating init config 
86667      DEBUG main            d.u.i.k.p.i.AbstractProblemLoader Init config took 2.76s 
86704      INFO  main            d.u.i.k.p.i.AbstractProblemLoader Replaying proof LoopContractExamplesAll[LoopContractExamplesAll::sum_loopContract_onBlock([I)].JML normal_behavior operation contract.0 
86735      DEBUG main            d.u.i.k.p.i.IntermediateProofReplayer Proof replay took 28.58ms 
86736      DEBUG main            d.u.i.k.p.r.p.TestFile    ... success: reloaded. 
86737      INFO  main            d.u.i.k.p.r.p.TestFile    Now processing file /home/runner/work/key/key/key.core/../key.ui/examples/heap/block_loop_contracts/SimpleVariants/sum_onBlock_internal.key 
86737      INFO  main            d.u.i.k.p.i.AbstractProblemLoader Loading environment from /home/runner/work/key/key/key.core/../key.ui/examples/heap/block_loop_contracts/SimpleVariants/sum_onBlock_internal.key 
86737      DEBUG main            d.u.i.k.p.i.AbstractProblemLoader Environment load took 97.4ns 
86738      INFO  main            d.u.i.k.p.i.AbstractProblemLoader Creating init config 
89588      DEBUG main            d.u.i.k.p.i.AbstractProblemLoader Init config took 2.85s 
89624      INFO  main            d.u.i.k.p.i.AbstractProblemLoader Replaying proof LoopContractExamplesAll[LoopContractExamplesAll::sum_loopContract_onBlock([I)].JML normal_behavior operation contract.0 
89626      DEBUG main            d.u.i.k.p.i.IntermediateProofReplayer Proof replay took 12.3ns 
90334      INFO  main            d.u.i.k.p.r.p.TestFile    ... finished proof: closed. 
90604      INFO  main            d.u.i.k.p.i.AbstractProblemLoader Loading environment from /home/runner/work/key/key/key.core/../key.ui/examples/heap/block_loop_contracts/SimpleVariants/sum_onBlock_internal.key.proof 
90607      DEBUG main            d.u.i.k.p.i.AbstractProblemLoader Environment load took 3.01ms 
90608      INFO  main            d.u.i.k.p.i.AbstractProblemLoader Creating init config 
93353      DEBUG main            d.u.i.k.p.i.AbstractProblemLoader Init config took 2.74s 
93388      INFO  main            d.u.i.k.p.i.AbstractProblemLoader Replaying proof LoopContractExamplesAll[LoopContractExamplesAll::sum_loopContract_onBlock([I)].JML normal_behavior operation contract.0 
93598      DEBUG main            d.u.i.k.p.i.IntermediateProofReplayer Proof replay took 206.23ms 
93598      DEBUG main            d.u.i.k.p.r.p.TestFile    ... success: reloaded. 
93599      INFO  main            d.u.i.k.p.r.p.TestFile    Now processing file /home/runner/work/key/key/key.core/../key.ui/examples/heap/block_loop_contracts/SimpleVariants/sum_onBlock_loop.key 
93600      INFO  main            d.u.i.k.p.i.AbstractProblemLoader Loading environment from /home/runner/work/key/key/key.core/../key.ui/examples/heap/block_loop_contracts/SimpleVariants/sum_onBlock_loop.key 
93600      DEBUG main            d.u.i.k.p.i.AbstractProblemLoader Environment load took 113ns 
93601      INFO  main            d.u.i.k.p.i.AbstractProblemLoader Creating init config 
96430      DEBUG main            d.u.i.k.p.i.AbstractProblemLoader Init config took 2.83s 
96468      INFO  main            d.u.i.k.p.i.AbstractProblemLoader Replaying proof LoopContractExamplesAll[LoopContractExamplesAll::sum_loopContract_onBlock([I)].JML normal_behavior loop contract.0 
96470      DEBUG main            d.u.i.k.p.i.IntermediateProofReplayer Proof replay took 25.4ns 
97282      INFO  main            d.u.i.k.p.r.p.TestFile    ... finished proof: closed. 
97628      INFO  main            d.u.i.k.p.i.AbstractProblemLoader Loading environment from /home/runner/work/key/key/key.core/../key.ui/examples/heap/block_loop_contracts/SimpleVariants/sum_onBlock_loop.key.proof 
97629      DEBUG main            d.u.i.k.p.i.AbstractProblemLoader Environment load took 497.3ns 
97630      INFO  main            d.u.i.k.p.i.AbstractProblemLoader Creating init config 
100367     DEBUG main            d.u.i.k.p.i.AbstractProblemLoader Init config took 2.74s 
100420     INFO  main            d.u.i.k.p.i.AbstractProblemLoader Replaying proof LoopContractExamplesAll[LoopContractExamplesAll::sum_loopContract_onBlock([I)].JML normal_behavior loop contract.0 
100633     DEBUG main            d.u.i.k.p.i.IntermediateProofReplayer Proof replay took 207.65ms 
100634     DEBUG main            d.u.i.k.p.r.p.TestFile    ... success: reloaded. 
100635     INFO  main            d.u.i.k.p.r.p.TestFile    Now processing file /home/runner/work/key/key/key.core/../key.ui/examples/heap/block_loop_contracts/SimpleVariants/sum_onLoop_external.key 
100635     INFO  main            d.u.i.k.p.i.AbstractProblemLoader Loading environment from /home/runner/work/key/key/key.core/../key.ui/examples/heap/block_loop_contracts/SimpleVariants/sum_onLoop_external.key 
100636     DEBUG main            d.u.i.k.p.i.AbstractProblemLoader Environment load took 236.8ns 
100637     INFO  main            d.u.i.k.p.i.AbstractProblemLoader Creating init config 
103419     DEBUG main            d.u.i.k.p.i.AbstractProblemLoader Init config took 2.78s 
103476     INFO  main            d.u.i.k.p.i.AbstractProblemLoader Replaying proof LoopContractExamplesAll[LoopContractExamplesAll::sum_loopContract_onLoop([I)].JML normal_behavior operation contract.0 
103478     DEBUG main            d.u.i.k.p.i.IntermediateProofReplayer Proof replay took 11.8ns 
103580     INFO  main            d.u.i.k.p.r.p.TestFile    ... finished proof: closed. 
103850     INFO  main            d.u.i.k.p.i.AbstractProblemLoader Loading environment from /home/runner/work/key/key/key.core/../key.ui/examples/heap/block_loop_contracts/SimpleVariants/sum_onLoop_external.key.proof 
103850     DEBUG main            d.u.i.k.p.i.AbstractProblemLoader Environment load took 124.5ns 
103851     INFO  main            d.u.i.k.p.i.AbstractProblemLoader Creating init config 
106642     DEBUG main            d.u.i.k.p.i.AbstractProblemLoader Init config took 2.79s 
106677     INFO  main            d.u.i.k.p.i.AbstractProblemLoader Replaying proof LoopContractExamplesAll[LoopContractExamplesAll::sum_loopContract_onLoop([I)].JML normal_behavior operation contract.0 
106703     DEBUG main            d.u.i.k.p.i.IntermediateProofReplayer Proof replay took 24.41ms 
106704     DEBUG main            d.u.i.k.p.r.p.TestFile    ... success: reloaded. 
106705     INFO  main            d.u.i.k.p.r.p.TestFile    Now processing file /home/runner/work/key/key/key.core/../key.ui/examples/heap/block_loop_contracts/SimpleVariants/sum_onLoop_internal.key 
106705     INFO  main            d.u.i.k.p.i.AbstractProblemLoader Loading environment from /home/runner/work/key/key/key.core/../key.ui/examples/heap/block_loop_contracts/SimpleVariants/sum_onLoop_internal.key 
106705     DEBUG main            d.u.i.k.p.i.AbstractProblemLoader Environment load took 89.8ns 
106706     INFO  main            d.u.i.k.p.i.AbstractProblemLoader Creating init config 
109464     DEBUG main            d.u.i.k.p.i.AbstractProblemLoader Init config took 2.76s 
109500     INFO  main            d.u.i.k.p.i.AbstractProblemLoader Replaying proof LoopContractExamplesAll[LoopContractExamplesAll::sum_loopContract_onLoop([I)].JML normal_behavior operation contract.0 
109502     DEBUG main            d.u.i.k.p.i.IntermediateProofReplayer Proof replay took 13ns 
110105     INFO  main            d.u.i.k.p.r.p.TestFile    ... finished proof: closed. 
110351     INFO  main            d.u.i.k.p.i.AbstractProblemLoader Loading environment from /home/runner/work/key/key/key.core/../key.ui/examples/heap/block_loop_contracts/SimpleVariants/sum_onLoop_internal.key.proof 
110351     DEBUG main            d.u.i.k.p.i.AbstractProblemLoader Environment load took 122.5ns 
110352     INFO  main            d.u.i.k.p.i.AbstractProblemLoader Creating init config 
113086     DEBUG main            d.u.i.k.p.i.AbstractProblemLoader Init config took 2.73s 
113131     INFO  main            d.u.i.k.p.i.AbstractProblemLoader Replaying proof LoopContractExamplesAll[LoopContractExamplesAll::sum_loopContract_onLoop([I)].JML normal_behavior operation contract.0 
113321     DEBUG main            d.u.i.k.p.i.IntermediateProofReplayer Proof replay took 183.19ms 
113322     DEBUG main            d.u.i.k.p.r.p.TestFile    ... success: reloaded. 
113324     INFO  main            d.u.i.k.p.r.p.TestFile    Now processing file /home/runner/work/key/key/key.core/../key.ui/examples/heap/block_loop_contracts/SimpleVariants/sum_onLoop_loop.key 
113324     INFO  main            d.u.i.k.p.i.AbstractProblemLoader Loading environment from /home/runner/work/key/key/key.core/../key.ui/examples/heap/block_loop_contracts/SimpleVariants/sum_onLoop_loop.key 
113324     DEBUG main            d.u.i.k.p.i.AbstractProblemLoader Environment load took 104.7ns 
113326     INFO  main            d.u.i.k.p.i.AbstractProblemLoader Creating init config 
116164     DEBUG main            d.u.i.k.p.i.AbstractProblemLoader Init config took 2.84s 
116200     INFO  main            d.u.i.k.p.i.AbstractProblemLoader Replaying proof LoopContractExamplesAll[LoopContractExamplesAll::sum_loopContract_onLoop([I)].JML normal_behavior loop contract.0 
116202     DEBUG main            d.u.i.k.p.i.IntermediateProofReplayer Proof replay took 12.8ns 
116905     INFO  main            d.u.i.k.p.r.p.TestFile    ... finished proof: closed. 
117189     INFO  main            d.u.i.k.p.i.AbstractProblemLoader Loading environment from /home/runner/work/key/key/key.core/../key.ui/examples/heap/block_loop_contracts/SimpleVariants/sum_onLoop_loop.key.proof 
117190     DEBUG main            d.u.i.k.p.i.AbstractProblemLoader Environment load took 562.2ns 
117191     INFO  main            d.u.i.k.p.i.AbstractProblemLoader Creating init config 
119918     DEBUG main            d.u.i.k.p.i.AbstractProblemLoader Init config took 2.73s 
119954     INFO  main            d.u.i.k.p.i.AbstractProblemLoader Replaying proof LoopContractExamplesAll[LoopContractExamplesAll::sum_loopContract_onLoop([I)].JML normal_behavior loop contract.0 
120177     DEBUG main            d.u.i.k.p.i.IntermediateProofReplayer Proof replay took 218.3ms 
120178     DEBUG main            d.u.i.k.p.r.p.TestFile    ... success: reloaded. 
120178     INFO  main            d.u.i.k.p.r.p.TestFile    Now processing file /home/runner/work/key/key/key.core/../key.ui/examples/heap/block_loop_contracts/Free/blockContracts0.key 
120179     INFO  main            d.u.i.k.p.i.AbstractProblemLoader Loading environment from /home/runner/work/key/key/key.core/../key.ui/examples/heap/block_loop_contracts/Free/blockContracts0.key 
120179     DEBUG main            d.u.i.k.p.i.AbstractProblemLoader Environment load took 188.1ns 
120180     INFO  main            d.u.i.k.p.i.AbstractProblemLoader Creating init config 
122651     DEBUG main            d.u.i.k.p.i.AbstractProblemLoader Init config took 2.47s 
122685     INFO  main            d.u.i.k.p.i.AbstractProblemLoader Replaying proof FreeConditions[FreeConditions::blockContract0()].JML normal_behavior operation contract.0 
122687     DEBUG main            d.u.i.k.p.i.IntermediateProofReplayer Proof replay took 12.1ns 
122789     INFO  main            d.u.i.k.p.r.p.TestFile    ... finished proof: closed. 
123069     INFO  main            d.u.i.k.p.i.AbstractProblemLoader Loading environment from /home/runner/work/key/key/key.core/../key.ui/examples/heap/block_loop_contracts/Free/blockContracts0.key.proof 
123069     DEBUG main            d.u.i.k.p.i.AbstractProblemLoader Environment load took 110.5ns 
123070     INFO  main            d.u.i.k.p.i.AbstractProblemLoader Creating init config 
125452     DEBUG main            d.u.i.k.p.i.AbstractProblemLoader Init config took 2.38s 
125487     INFO  main            d.u.i.k.p.i.AbstractProblemLoader Replaying proof FreeConditions[FreeConditions::blockContract0()].JML normal_behavior operation contract.0 
125504     DEBUG main            d.u.i.k.p.i.IntermediateProofReplayer Proof replay took 15.75ms 
125505     DEBUG main            d.u.i.k.p.r.p.TestFile    ... success: reloaded. 
125506     INFO  main            d.u.i.k.p.r.p.TestFile    Now processing file /home/runner/work/key/key/key.core/../key.ui/examples/heap/block_loop_contracts/Free/blockContracts1.key 
125506     INFO  main            d.u.i.k.p.i.AbstractProblemLoader Loading environment from /home/runner/work/key/key/key.core/../key.ui/examples/heap/block_loop_contracts/Free/blockContracts1.key 
125506     DEBUG main            d.u.i.k.p.i.AbstractProblemLoader Environment load took 127.6ns 
125507     INFO  main            d.u.i.k.p.i.AbstractProblemLoader Creating init config 
127955     DEBUG main            d.u.i.k.p.i.AbstractProblemLoader Init config took 2.45s 
127988     INFO  main            d.u.i.k.p.i.AbstractProblemLoader Replaying proof FreeConditions[FreeConditions::blockContract1()].JML normal_behavior operation contract.0 
127990     DEBUG main            d.u.i.k.p.i.IntermediateProofReplayer Proof replay took 12.9ns 
128093     INFO  main            d.u.i.k.p.r.p.TestFile    ... finished proof: closed. 
128357     INFO  main            d.u.i.k.p.i.AbstractProblemLoader Loading environment from /home/runner/work/key/key/key.core/../key.ui/examples/heap/block_loop_contracts/Free/blockContracts1.key.proof 
128357     DEBUG main            d.u.i.k.p.i.AbstractProblemLoader Environment load took 119.3ns 
128358     INFO  main            d.u.i.k.p.i.AbstractProblemLoader Creating init config 
130742     DEBUG main            d.u.i.k.p.i.AbstractProblemLoader Init config took 2.38s 
130776     INFO  main            d.u.i.k.p.i.AbstractProblemLoader Replaying proof FreeConditions[FreeConditions::blockContract1()].JML normal_behavior operation contract.0 
130791     DEBUG main            d.u.i.k.p.i.IntermediateProofReplayer Proof replay took 13.36ms 
130792     DEBUG main            d.u.i.k.p.r.p.TestFile    ... success: reloaded. 
130793     INFO  main            d.u.i.k.p.r.p.TestFile    Now processing file /home/runner/work/key/key/key.core/../key.ui/examples/heap/block_loop_contracts/Finally/block_finally.key 
130793     INFO  main            d.u.i.k.p.i.AbstractProblemLoader Loading environment from /home/runner/work/key/key/key.core/../key.ui/examples/heap/block_loop_contracts/Finally/block_finally.key 
130793     DEBUG main            d.u.i.k.p.i.AbstractProblemLoader Environment load took 111.2ns 
130794     INFO  main            d.u.i.k.p.i.AbstractProblemLoader Creating init config 
133269     DEBUG main            d.u.i.k.p.i.AbstractProblemLoader Init config took 2.48s 
133305     INFO  main            d.u.i.k.p.i.AbstractProblemLoader Replaying proof AuxiliaryContractsFinally[AuxiliaryContractsFinally::breakThrowContinueBlockContract(java.lang.Exception)].JML block contract.0 
133307     DEBUG main            d.u.i.k.p.i.IntermediateProofReplayer Proof replay took 13.3ns 
133911     INFO  main            d.u.i.k.p.r.p.TestFile    ... finished proof: open goal(s) 
134189     INFO  main            d.u.i.k.p.r.p.TestFile    Now processing file /home/runner/work/key/key/key.core/../key.ui/examples/heap/block_loop_contracts/Finally/loop_finally.key 
134190     INFO  main            d.u.i.k.p.i.AbstractProblemLoader Loading environment from /home/runner/work/key/key/key.core/../key.ui/examples/heap/block_loop_contracts/Finally/loop_finally.key 
134190     DEBUG main            d.u.i.k.p.i.AbstractProblemLoader Environment load took 108.7ns 
134191     INFO  main            d.u.i.k.p.i.AbstractProblemLoader Creating init config 
136602     DEBUG main            d.u.i.k.p.i.AbstractProblemLoader Init config took 2.41s 
136639     INFO  main            d.u.i.k.p.i.AbstractProblemLoader Replaying proof AuxiliaryContractsFinally[AuxiliaryContractsFinally::breakThrowContinueLoopContract(java.lang.Exception)].JML normal_behavior loop contract.0 
136641     DEBUG main            d.u.i.k.p.i.IntermediateProofReplayer Proof replay took 12ns 
137353     INFO  main            d.u.i.k.p.r.p.TestFile    ... finished proof: open goal(s) 
621782     INFO  Test worker     d.u.i.k.p.r.RunAllProofsTestUnit Returning from test blockContracts 
621784     INFO  Test worker     d.u.i.k.p.r.RunAllProofsTestUnit Running test jmlAsserts 
394        INFO  Timeout watchdog d.u.i.k.p.r.p.ForkedTestFileRunner Timeout watcher launched (2000 secs.) 
417        WARN  main            d.u.i.k.s.ProofSettings   The settings in /home/runner/.key/proof-settings.props are *not* read. 
462        INFO  main            d.u.i.k.p.r.p.TestFile    Now processing file /home/runner/work/key/key/key.core/../key.ui/examples/standard_key/java_dl/jml-assert/assert.key 
579        INFO  main            d.u.i.k.p.i.AbstractProblemLoader Loading environment from /home/runner/work/key/key/key.core/../key.ui/examples/standard_key/java_dl/jml-assert/assert.key 
599        DEBUG main            d.u.i.k.p.i.AbstractProblemLoader Environment load took 1.85ms 
846        INFO  main            d.u.i.k.p.i.AbstractProblemLoader Creating init config 
1815       DEBUG main            d.u.i.k.j.TypeConverter   No LDT found for Meta 
1816       DEBUG main            d.u.i.k.j.TypeConverter   No LDT found for Meta 
1818       DEBUG main            d.u.i.k.j.TypeConverter   No LDT found for Meta 
1818       DEBUG main            d.u.i.k.j.TypeConverter   No LDT found for Meta 
3153       DEBUG main            d.u.i.k.j.TypeConverter   No LDT found for JavaBigintExpression 
8064       DEBUG main            d.u.i.k.p.i.AbstractProblemLoader Init config took 7.22s 
8194       INFO  main            d.u.i.k.p.i.AbstractProblemLoader Replaying proof Assert[Assert::createArray(int)].JML normal_behavior operation contract.0 
8226       DEBUG main            d.u.i.k.p.i.IntermediateProofReplayer Proof replay took 33ns 
9056       INFO  main            d.u.i.k.p.r.p.TestFile    ... finished proof: closed. 
9171       INFO  main            d.u.i.k.p.i.AbstractProblemLoader Loading environment from /home/runner/work/key/key/key.core/../key.ui/examples/standard_key/java_dl/jml-assert/assert.key.proof 
9171       DEBUG main            d.u.i.k.p.i.AbstractProblemLoader Environment load took 162ns 
9177       INFO  main            d.u.i.k.p.i.AbstractProblemLoader Creating init config 
11911      DEBUG main            d.u.i.k.p.i.AbstractProblemLoader Init config took 2.73s 
11993      INFO  main            d.u.i.k.p.i.AbstractProblemLoader Replaying proof Assert[Assert::createArray(int)].JML normal_behavior operation contract.0 
12069      DEBUG main            d.u.i.k.p.i.IntermediateProofReplayer Proof replay took 69.38ms 
12075      DEBUG main            d.u.i.k.p.r.p.TestFile    ... success: reloaded. 
12077      INFO  main            d.u.i.k.p.r.p.TestFile    Now processing file /home/runner/work/key/key/key.core/../key.ui/examples/heap/block_loop_contracts/Free/assertions0.key 
12078      INFO  main            d.u.i.k.p.i.AbstractProblemLoader Loading environment from /home/runner/work/key/key/key.core/../key.ui/examples/heap/block_loop_contracts/Free/assertions0.key 
12078      DEBUG main            d.u.i.k.p.i.AbstractProblemLoader Environment load took 248.3ns 
12079      INFO  main            d.u.i.k.p.i.AbstractProblemLoader Creating init config 
14709      DEBUG main            d.u.i.k.p.i.AbstractProblemLoader Init config took 2.63s 
14770      INFO  main            d.u.i.k.p.i.AbstractProblemLoader Replaying proof FreeConditions[FreeConditions::assertions0()].JML normal_behavior operation contract.0 
14773      DEBUG main            d.u.i.k.p.i.IntermediateProofReplayer Proof replay took 13ns 
14880      INFO  main            d.u.i.k.p.r.p.TestFile    ... finished proof: closed. 
15006      INFO  main            d.u.i.k.p.i.AbstractProblemLoader Loading environment from /home/runner/work/key/key/key.core/../key.ui/examples/heap/block_loop_contracts/Free/assertions0.key.proof 
15006      DEBUG main            d.u.i.k.p.i.AbstractProblemLoader Environment load took 129.1ns 
15007      INFO  main            d.u.i.k.p.i.AbstractProblemLoader Creating init config 
17446      DEBUG main            d.u.i.k.p.i.AbstractProblemLoader Init config took 2.44s 
17495      INFO  main            d.u.i.k.p.i.AbstractProblemLoader Replaying proof FreeConditions[FreeConditions::assertions0()].JML normal_behavior operation contract.0 
17517      DEBUG main            d.u.i.k.p.i.IntermediateProofReplayer Proof replay took 20.04ms 
17519      DEBUG main            d.u.i.k.p.r.p.TestFile    ... success: reloaded. 
17520      INFO  main            d.u.i.k.p.r.p.TestFile    Now processing file /home/runner/work/key/key/key.core/../key.ui/examples/heap/block_loop_contracts/Free/assertions1.key 
17520      INFO  main            d.u.i.k.p.i.AbstractProblemLoader Loading environment from /home/runner/work/key/key/key.core/../key.ui/examples/heap/block_loop_contracts/Free/assertions1.key 
17521      DEBUG main            d.u.i.k.p.i.AbstractProblemLoader Environment load took 242.6ns 
17522      INFO  main            d.u.i.k.p.i.AbstractProblemLoader Creating init config 
20008      DEBUG main            d.u.i.k.p.i.AbstractProblemLoader Init config took 2.49s 
20054      INFO  main            d.u.i.k.p.i.AbstractProblemLoader Replaying proof FreeConditions[FreeConditions::assertions1()].JML normal_behavior operation contract.0 
20057      DEBUG main            d.u.i.k.p.i.IntermediateProofReplayer Proof replay took 12.5ns 
20159      INFO  main            d.u.i.k.p.r.p.TestFile    ... finished proof: closed. 
20324      INFO  main            d.u.i.k.p.i.AbstractProblemLoader Loading environment from /home/runner/work/key/key/key.core/../key.ui/examples/heap/block_loop_contracts/Free/assertions1.key.proof 
20324      DEBUG main            d.u.i.k.p.i.AbstractProblemLoader Environment load took 126.6ns 
20326      INFO  main            d.u.i.k.p.i.AbstractProblemLoader Creating init config 
22719      DEBUG main            d.u.i.k.p.i.AbstractProblemLoader Init config took 2.39s 
22767      INFO  main            d.u.i.k.p.i.AbstractProblemLoader Replaying proof FreeConditions[FreeConditions::assertions1()].JML normal_behavior operation contract.0 
22775      DEBUG main            d.u.i.k.p.i.IntermediateProofReplayer Proof replay took 5.81ms 
22776      DEBUG main            d.u.i.k.p.r.p.TestFile    ... success: reloaded. 
22777      INFO  main            d.u.i.k.p.r.p.TestFile    Now processing file /home/runner/work/key/key/key.core/../key.ui/examples/standard_key/java_dl/jml-assert/recursion-assert.key 
22778      INFO  main            d.u.i.k.p.i.AbstractProblemLoader Loading environment from /home/runner/work/key/key/key.core/../key.ui/examples/standard_key/java_dl/jml-assert/recursion-assert.key 
22778      DEBUG main            d.u.i.k.p.i.AbstractProblemLoader Environment load took 198.4ns 
22779      INFO  main            d.u.i.k.p.i.AbstractProblemLoader Creating init config 
25323      DEBUG main            d.u.i.k.p.i.AbstractProblemLoader Init config took 2.54s 
25370      INFO  main            d.u.i.k.p.i.AbstractProblemLoader Replaying proof RecursiveMethod[RecursiveMethod::fac1(int)].JML normal_behavior operation contract.0 
25372      DEBUG main            d.u.i.k.p.i.IntermediateProofReplayer Proof replay took 5.9ns 
25578      INFO  main            d.u.i.k.p.r.p.TestFile    ... finished proof: closed. 
25743      INFO  main            d.u.i.k.p.i.AbstractProblemLoader Loading environment from /home/runner/work/key/key/key.core/../key.ui/examples/standard_key/java_dl/jml-assert/recursion-assert.key.proof 
25743      DEBUG main            d.u.i.k.p.i.AbstractProblemLoader Environment load took 127.2ns 
25745      INFO  main            d.u.i.k.p.i.AbstractProblemLoader Creating init config 
28261      DEBUG main            d.u.i.k.p.i.AbstractProblemLoader Init config took 2.52s 
28307      INFO  main            d.u.i.k.p.i.AbstractProblemLoader Replaying proof RecursiveMethod[RecursiveMethod::fac1(int)].JML normal_behavior operation contract.0 
28344      DEBUG main            d.u.i.k.p.i.IntermediateProofReplayer Proof replay took 34.25ms 
28346      DEBUG main            d.u.i.k.p.r.p.TestFile    ... success: reloaded. 
28347      INFO  main            d.u.i.k.p.r.p.TestFile    Now processing file /home/runner/work/key/key/key.core/../key.ui/examples/standard_key/java_dl/jml-assert/recursion-assume.key 
28347      INFO  main            d.u.i.k.p.i.AbstractProblemLoader Loading environment from /home/runner/work/key/key/key.core/../key.ui/examples/standard_key/java_dl/jml-assert/recursion-assume.key 
28347      DEBUG main            d.u.i.k.p.i.AbstractProblemLoader Environment load took 168.2ns 
28348      INFO  main            d.u.i.k.p.i.AbstractProblemLoader Creating init config 
30904      DEBUG main            d.u.i.k.p.i.AbstractProblemLoader Init config took 2.56s 
30954      INFO  main            d.u.i.k.p.i.AbstractProblemLoader Replaying proof RecursiveMethod[RecursiveMethod::fac2(int)].JML normal_behavior operation contract.0 
30956      DEBUG main            d.u.i.k.p.i.IntermediateProofReplayer Proof replay took 8ns 
31159      INFO  main            d.u.i.k.p.r.p.TestFile    ... finished proof: closed. 
31328      INFO  main            d.u.i.k.p.i.AbstractProblemLoader Loading environment from /home/runner/work/key/key/key.core/../key.ui/examples/standard_key/java_dl/jml-assert/recursion-assume.key.proof 
31328      DEBUG main            d.u.i.k.p.i.AbstractProblemLoader Environment load took 128.8ns 
31329      INFO  main            d.u.i.k.p.i.AbstractProblemLoader Creating init config 
33846      DEBUG main            d.u.i.k.p.i.AbstractProblemLoader Init config took 2.52s 
33889      INFO  main            d.u.i.k.p.i.AbstractProblemLoader Replaying proof RecursiveMethod[RecursiveMethod::fac2(int)].JML normal_behavior operation contract.0 
33923      DEBUG main            d.u.i.k.p.i.IntermediateProofReplayer Proof replay took 31.16ms 
33924      DEBUG main            d.u.i.k.p.r.p.TestFile    ... success: reloaded. 
33925      INFO  main            d.u.i.k.p.r.p.TestFile    Now processing file /home/runner/work/key/key/key.core/../key.ui/examples/standard_key/java_dl/jml-assert/quantor-assert.key 
33925      INFO  main            d.u.i.k.p.i.AbstractProblemLoader Loading environment from /home/runner/work/key/key/key.core/../key.ui/examples/standard_key/java_dl/jml-assert/quantor-assert.key 
33926      DEBUG main            d.u.i.k.p.i.AbstractProblemLoader Environment load took 1.03ms 
33927      INFO  main            d.u.i.k.p.i.AbstractProblemLoader Creating init config 
36454      DEBUG main            d.u.i.k.p.i.AbstractProblemLoader Init config took 2.53s 
36496      INFO  main            d.u.i.k.p.i.AbstractProblemLoader Replaying proof Quantor[Quantor::square1(int)].JML normal_behavior operation contract.0 
36498      DEBUG main            d.u.i.k.p.i.IntermediateProofReplayer Proof replay took 7ns 
36701      INFO  main            d.u.i.k.p.r.p.TestFile    ... finished proof: closed. 
36879      INFO  main            d.u.i.k.p.i.AbstractProblemLoader Loading environment from /home/runner/work/key/key/key.core/../key.ui/examples/standard_key/java_dl/jml-assert/quantor-assert.key.proof 
36879      DEBUG main            d.u.i.k.p.i.AbstractProblemLoader Environment load took 130.9ns 
36880      INFO  main            d.u.i.k.p.i.AbstractProblemLoader Creating init config 
39346      DEBUG main            d.u.i.k.p.i.AbstractProblemLoader Init config took 2.47s 
39388      INFO  main            d.u.i.k.p.i.AbstractProblemLoader Replaying proof Quantor[Quantor::square1(int)].JML normal_behavior operation contract.0 
39404      DEBUG main            d.u.i.k.p.i.IntermediateProofReplayer Proof replay took 13.19ms 
39405      DEBUG main            d.u.i.k.p.r.p.TestFile    ... success: reloaded. 
39406      INFO  main            d.u.i.k.p.r.p.TestFile    Now processing file /home/runner/work/key/key/key.core/../key.ui/examples/standard_key/java_dl/jml-assert/quantor-assume.key 
39407      INFO  main            d.u.i.k.p.i.AbstractProblemLoader Loading environment from /home/runner/work/key/key/key.core/../key.ui/examples/standard_key/java_dl/jml-assert/quantor-assume.key 
39407      DEBUG main            d.u.i.k.p.i.AbstractProblemLoader Environment load took 229ns 
39408      INFO  main            d.u.i.k.p.i.AbstractProblemLoader Creating init config 
41871      DEBUG main            d.u.i.k.p.i.AbstractProblemLoader Init config took 2.46s 
41938      INFO  main            d.u.i.k.p.i.AbstractProblemLoader Replaying proof Quantor[Quantor::square2(int)].JML normal_behavior operation contract.0 
41939      DEBUG main            d.u.i.k.p.i.IntermediateProofReplayer Proof replay took 7.9ns 
42045      INFO  main            d.u.i.k.p.r.p.TestFile    ... finished proof: closed. 
42211      INFO  main            d.u.i.k.p.i.AbstractProblemLoader Loading environment from /home/runner/work/key/key/key.core/../key.ui/examples/standard_key/java_dl/jml-assert/quantor-assume.key.proof 
42211      DEBUG main            d.u.i.k.p.i.AbstractProblemLoader Environment load took 132.2ns 
42213      INFO  main            d.u.i.k.p.i.AbstractProblemLoader Creating init config 
44665      DEBUG main            d.u.i.k.p.i.AbstractProblemLoader Init config took 2.45s 
44706      INFO  main            d.u.i.k.p.i.AbstractProblemLoader Replaying proof Quantor[Quantor::square2(int)].JML normal_behavior operation contract.0 
44719      DEBUG main            d.u.i.k.p.i.IntermediateProofReplayer Proof replay took 11.36ms 
44720      DEBUG main            d.u.i.k.p.r.p.TestFile    ... success: reloaded. 
44721      INFO  main            d.u.i.k.p.r.p.TestFile    Now processing file /home/runner/work/key/key/key.core/../key.ui/examples/standard_key/java_dl/jml-assert/model-methods-static-static.key 
44722      INFO  main            d.u.i.k.p.i.AbstractProblemLoader Loading environment from /home/runner/work/key/key/key.core/../key.ui/examples/standard_key/java_dl/jml-assert/model-methods-static-static.key 
44722      DEBUG main            d.u.i.k.p.i.AbstractProblemLoader Environment load took 194.6ns 
44723      INFO  main            d.u.i.k.p.i.AbstractProblemLoader Creating init config 
47206      DEBUG main            d.u.i.k.p.i.AbstractProblemLoader Init config took 2.48s 
47246      INFO  main            d.u.i.k.p.i.AbstractProblemLoader Replaying proof ModelMethods[ModelMethods::test1()].JML normal_behavior operation contract.0 
47247      DEBUG main            d.u.i.k.p.i.IntermediateProofReplayer Proof replay took 6.1ns 
47353      INFO  main            d.u.i.k.p.r.p.TestFile    ... finished proof: closed. 
47563      INFO  main            d.u.i.k.p.i.AbstractProblemLoader Loading environment from /home/runner/work/key/key/key.core/../key.ui/examples/standard_key/java_dl/jml-assert/model-methods-static-static.key.proof 
47564      DEBUG main            d.u.i.k.p.i.AbstractProblemLoader Environment load took 920.8ns 
47565      INFO  main            d.u.i.k.p.i.AbstractProblemLoader Creating init config 
49973      DEBUG main            d.u.i.k.p.i.AbstractProblemLoader Init config took 2.41s 
50023      INFO  main            d.u.i.k.p.i.AbstractProblemLoader Replaying proof ModelMethods[ModelMethods::test1()].JML normal_behavior operation contract.0 
50030      DEBUG main            d.u.i.k.p.i.IntermediateProofReplayer Proof replay took 5.85ms 
50031      DEBUG main            d.u.i.k.p.r.p.TestFile    ... success: reloaded. 
50032      INFO  main            d.u.i.k.p.r.p.TestFile    Now processing file /home/runner/work/key/key/key.core/../key.ui/examples/standard_key/java_dl/jml-assert/model-methods-instance-static.key 
50032      INFO  main            d.u.i.k.p.i.AbstractProblemLoader Loading environment from /home/runner/work/key/key/key.core/../key.ui/examples/standard_key/java_dl/jml-assert/model-methods-instance-static.key 
50032      DEBUG main            d.u.i.k.p.i.AbstractProblemLoader Environment load took 87.6ns 
50033      INFO  main            d.u.i.k.p.i.AbstractProblemLoader Creating init config 
52517      DEBUG main            d.u.i.k.p.i.AbstractProblemLoader Init config took 2.48s 
52555      INFO  main            d.u.i.k.p.i.AbstractProblemLoader Replaying proof ModelMethods[ModelMethods::test2()].JML normal_behavior operation contract.0 
52556      DEBUG main            d.u.i.k.p.i.IntermediateProofReplayer Proof replay took 6.7ns 
52658      INFO  main            d.u.i.k.p.r.p.TestFile    ... finished proof: closed. 
52880      INFO  main            d.u.i.k.p.i.AbstractProblemLoader Loading environment from /home/runner/work/key/key/key.core/../key.ui/examples/standard_key/java_dl/jml-assert/model-methods-instance-static.key.proof 
52881      DEBUG main            d.u.i.k.p.i.AbstractProblemLoader Environment load took 130.6ns 
52881      INFO  main            d.u.i.k.p.i.AbstractProblemLoader Creating init config 
55298      DEBUG main            d.u.i.k.p.i.AbstractProblemLoader Init config took 2.42s 
55337      INFO  main            d.u.i.k.p.i.AbstractProblemLoader Replaying proof ModelMethods[ModelMethods::test2()].JML normal_behavior operation contract.0 
55347      DEBUG main            d.u.i.k.p.i.IntermediateProofReplayer Proof replay took 8.02ms 
55349      DEBUG main            d.u.i.k.p.r.p.TestFile    ... success: reloaded. 
55350      INFO  main            d.u.i.k.p.r.p.TestFile    Now processing file /home/runner/work/key/key/key.core/../key.ui/examples/standard_key/java_dl/jml-assert/model-methods-instance-instance.key 
55350      INFO  main            d.u.i.k.p.i.AbstractProblemLoader Loading environment from /home/runner/work/key/key/key.core/../key.ui/examples/standard_key/java_dl/jml-assert/model-methods-instance-instance.key 
55350      DEBUG main            d.u.i.k.p.i.AbstractProblemLoader Environment load took 229.1ns 
55351      INFO  main            d.u.i.k.p.i.AbstractProblemLoader Creating init config 
57792      DEBUG main            d.u.i.k.p.i.AbstractProblemLoader Init config took 2.44s 
57830      INFO  main            d.u.i.k.p.i.AbstractProblemLoader Replaying proof ModelMethods[ModelMethods::test3()].JML normal_behavior operation contract.0 
57831      DEBUG main            d.u.i.k.p.i.IntermediateProofReplayer Proof replay took 6.6ns 
57937      INFO  main            d.u.i.k.p.r.p.TestFile    ... finished proof: closed. 
58138      INFO  main            d.u.i.k.p.i.AbstractProblemLoader Loading environment from /home/runner/work/key/key/key.core/../key.ui/examples/standard_key/java_dl/jml-assert/model-methods-instance-instance.key.proof 
58138      DEBUG main            d.u.i.k.p.i.AbstractProblemLoader Environment load took 123.9ns 
58139      INFO  main            d.u.i.k.p.i.AbstractProblemLoader Creating init config 
60533      DEBUG main            d.u.i.k.p.i.AbstractProblemLoader Init config took 2.39s 
60572      INFO  main            d.u.i.k.p.i.AbstractProblemLoader Replaying proof ModelMethods[ModelMethods::test3()].JML normal_behavior operation contract.0 
60584      DEBUG main            d.u.i.k.p.i.IntermediateProofReplayer Proof replay took 10.1ms 
60585      DEBUG main            d.u.i.k.p.r.p.TestFile    ... success: reloaded. 
60586      INFO  main            d.u.i.k.p.r.p.TestFile    Now processing file /home/runner/work/key/key/key.core/../key.ui/examples/standard_key/java_dl/jml-assert/model-methods-static-instance.key 
60586      INFO  main            d.u.i.k.p.i.AbstractProblemLoader Loading environment from /home/runner/work/key/key/key.core/../key.ui/examples/standard_key/java_dl/jml-assert/model-methods-static-instance.key 
60586      DEBUG main            d.u.i.k.p.i.AbstractProblemLoader Environment load took 104.8ns 
60587      INFO  main            d.u.i.k.p.i.AbstractProblemLoader Creating init config 
63040      DEBUG main            d.u.i.k.p.i.AbstractProblemLoader Init config took 2.45s 
63078      INFO  main            d.u.i.k.p.i.AbstractProblemLoader Replaying proof ModelMethods[ModelMethods::test4()].JML normal_behavior operation contract.0 
63079      DEBUG main            d.u.i.k.p.i.IntermediateProofReplayer Proof replay took 6.4ns 
63181      INFO  main            d.u.i.k.p.r.p.TestFile    ... finished proof: closed. 
63382      INFO  main            d.u.i.k.p.i.AbstractProblemLoader Loading environment from /home/runner/work/key/key/key.core/../key.ui/examples/standard_key/java_dl/jml-assert/model-methods-static-instance.key.proof 
63383      DEBUG main            d.u.i.k.p.i.AbstractProblemLoader Environment load took 126.8ns 
63384      INFO  main            d.u.i.k.p.i.AbstractProblemLoader Creating init config 
65777      DEBUG main            d.u.i.k.p.i.AbstractProblemLoader Init config took 2.39s 
65819      INFO  main            d.u.i.k.p.i.AbstractProblemLoader Replaying proof ModelMethods[ModelMethods::test4()].JML normal_behavior operation contract.0 
65866      DEBUG main            d.u.i.k.p.i.IntermediateProofReplayer Proof replay took 43.07ms 
65868      DEBUG main            d.u.i.k.p.r.p.TestFile    ... success: reloaded. 
65869      INFO  main            d.u.i.k.p.r.p.TestFile    Now processing file /home/runner/work/key/key/key.core/../key.ui/examples/standard_key/java_dl/jml-assert/assert-old/inc-field.key 
65869      INFO  main            d.u.i.k.p.i.AbstractProblemLoader Loading environment from /home/runner/work/key/key/key.core/../key.ui/examples/standard_key/java_dl/jml-assert/assert-old/inc-field.key 
65869      DEBUG main            d.u.i.k.p.i.AbstractProblemLoader Environment load took 105.1ns 
65870      INFO  main            d.u.i.k.p.i.AbstractProblemLoader Creating init config 
68251      DEBUG main            d.u.i.k.p.i.AbstractProblemLoader Init config took 2.38s 
68287      INFO  main            d.u.i.k.p.i.AbstractProblemLoader Replaying proof Inc[Inc::inc_field()].JML normal_behavior operation contract.0 
68288      DEBUG main            d.u.i.k.p.i.IntermediateProofReplayer Proof replay took 6.7ns 
68390      INFO  main            d.u.i.k.p.r.p.TestFile    ... finished proof: closed. 
68602      INFO  main            d.u.i.k.p.i.AbstractProblemLoader Loading environment from /home/runner/work/key/key/key.core/../key.ui/examples/standard_key/java_dl/jml-assert/assert-old/inc-field.key.proof 
68602      DEBUG main            d.u.i.k.p.i.AbstractProblemLoader Environment load took 123.2ns 
68603      INFO  main            d.u.i.k.p.i.AbstractProblemLoader Creating init config 
70917      DEBUG main            d.u.i.k.p.i.AbstractProblemLoader Init config took 2.31s 
70953      INFO  main            d.u.i.k.p.i.AbstractProblemLoader Replaying proof Inc[Inc::inc_field()].JML normal_behavior operation contract.0 
70976      DEBUG main            d.u.i.k.p.i.IntermediateProofReplayer Proof replay took 21.27ms 
70977      DEBUG main            d.u.i.k.p.r.p.TestFile    ... success: reloaded. 
70978      INFO  main            d.u.i.k.p.r.p.TestFile    Now processing file /home/runner/work/key/key/key.core/../key.ui/examples/standard_key/java_dl/jml-assert/assert-old/inc-parameter.key 
70978      INFO  main            d.u.i.k.p.i.AbstractProblemLoader Loading environment from /home/runner/work/key/key/key.core/../key.ui/examples/standard_key/java_dl/jml-assert/assert-old/inc-parameter.key 
70978      DEBUG main            d.u.i.k.p.i.AbstractProblemLoader Environment load took 103.5ns 
70979      INFO  main            d.u.i.k.p.i.AbstractProblemLoader Creating init config 
73329      DEBUG main            d.u.i.k.p.i.AbstractProblemLoader Init config took 2.35s 
73364      INFO  main            d.u.i.k.p.i.AbstractProblemLoader Replaying proof Inc[Inc::inc_parameter(int)].JML normal_behavior operation contract.0 
73365      DEBUG main            d.u.i.k.p.i.IntermediateProofReplayer Proof replay took 8.5ns 
73469      INFO  main            d.u.i.k.p.r.p.TestFile    ... finished proof: closed. 
73688      INFO  main            d.u.i.k.p.i.AbstractProblemLoader Loading environment from /home/runner/work/key/key/key.core/../key.ui/examples/standard_key/java_dl/jml-assert/assert-old/inc-parameter.key.proof 
73688      DEBUG main            d.u.i.k.p.i.AbstractProblemLoader Environment load took 118.5ns 
73689      INFO  main            d.u.i.k.p.i.AbstractProblemLoader Creating init config 
75985      DEBUG main            d.u.i.k.p.i.AbstractProblemLoader Init config took 2.3s 
76025      INFO  main            d.u.i.k.p.i.AbstractProblemLoader Replaying proof Inc[Inc::inc_parameter(int)].JML normal_behavior operation contract.0 
76045      DEBUG main            d.u.i.k.p.i.IntermediateProofReplayer Proof replay took 17.13ms 
76046      DEBUG main            d.u.i.k.p.r.p.TestFile    ... success: reloaded. 
76047      INFO  main            d.u.i.k.p.r.p.TestFile    Now processing file /home/runner/work/key/key/key.core/../key.ui/examples/standard_key/java_dl/jml-assert/assert-old/inc-parameter-field.key 
76047      INFO  main            d.u.i.k.p.i.AbstractProblemLoader Loading environment from /home/runner/work/key/key/key.core/../key.ui/examples/standard_key/java_dl/jml-assert/assert-old/inc-parameter-field.key 
76047      DEBUG main            d.u.i.k.p.i.AbstractProblemLoader Environment load took 99.9ns 
76048      INFO  main            d.u.i.k.p.i.AbstractProblemLoader Creating init config 
78413      DEBUG main            d.u.i.k.p.i.AbstractProblemLoader Init config took 2.37s 
78460      INFO  main            d.u.i.k.p.i.AbstractProblemLoader Replaying proof Inc[Inc::inc_parameter_field(Inc)].JML normal_behavior operation contract.0 
78464      DEBUG main            d.u.i.k.p.i.IntermediateProofReplayer Proof replay took 6.6ns 
78666      INFO  main            d.u.i.k.p.r.p.TestFile    ... finished proof: closed. 
78893      INFO  main            d.u.i.k.p.i.AbstractProblemLoader Loading environment from /home/runner/work/key/key/key.core/../key.ui/examples/standard_key/java_dl/jml-assert/assert-old/inc-parameter-field.key.proof 
78894      DEBUG main            d.u.i.k.p.i.AbstractProblemLoader Environment load took 122.7ns 
78894      INFO  main            d.u.i.k.p.i.AbstractProblemLoader Creating init config 
81181      DEBUG main            d.u.i.k.p.i.AbstractProblemLoader Init config took 2.29s 
81224      INFO  main            d.u.i.k.p.i.AbstractProblemLoader Replaying proof Inc[Inc::inc_parameter_field(Inc)].JML normal_behavior operation contract.0 
81251      DEBUG main            d.u.i.k.p.i.IntermediateProofReplayer Proof replay took 24.54ms 
81252      DEBUG main            d.u.i.k.p.r.p.TestFile    ... success: reloaded. 
81252      INFO  main            d.u.i.k.p.r.p.TestFile    Now processing file /home/runner/work/key/key/key.core/../key.ui/examples/standard_key/java_dl/jml-assert/assert-old/inc-ghost-field.key 
81253      INFO  main            d.u.i.k.p.i.AbstractProblemLoader Loading environment from /home/runner/work/key/key/key.core/../key.ui/examples/standard_key/java_dl/jml-assert/assert-old/inc-ghost-field.key 
81253      DEBUG main            d.u.i.k.p.i.AbstractProblemLoader Environment load took 97.7ns 
81254      INFO  main            d.u.i.k.p.i.AbstractProblemLoader Creating init config 
83628      DEBUG main            d.u.i.k.p.i.AbstractProblemLoader Init config took 2.37s 
83663      INFO  main            d.u.i.k.p.i.AbstractProblemLoader Replaying proof Inc[Inc::inc_ghost_field()].JML normal_behavior operation contract.0 
83664      DEBUG main            d.u.i.k.p.i.IntermediateProofReplayer Proof replay took 7.4ns 
83769      INFO  main            d.u.i.k.p.r.p.TestFile    ... finished proof: closed. 
84011      INFO  main            d.u.i.k.p.i.AbstractProblemLoader Loading environment from /home/runner/work/key/key/key.core/../key.ui/examples/standard_key/java_dl/jml-assert/assert-old/inc-ghost-field.key.proof 
84011      DEBUG main            d.u.i.k.p.i.AbstractProblemLoader Environment load took 122.7ns 
84012      INFO  main            d.u.i.k.p.i.AbstractProblemLoader Creating init config 
86293      DEBUG main            d.u.i.k.p.i.AbstractProblemLoader Init config took 2.28s 
86327      INFO  main            d.u.i.k.p.i.AbstractProblemLoader Replaying proof Inc[Inc::inc_ghost_field()].JML normal_behavior operation contract.0 
86350      DEBUG main            d.u.i.k.p.i.IntermediateProofReplayer Proof replay took 20.33ms 
86350      DEBUG main            d.u.i.k.p.r.p.TestFile    ... success: reloaded. 
708322     INFO  Test worker     d.u.i.k.p.r.RunAllProofsTestUnit Returning from test jmlAsserts 
708323     INFO  Test worker     d.u.i.k.p.r.RunAllProofsTestUnit Running test javaCard 
367        INFO  Timeout watchdog d.u.i.k.p.r.p.ForkedTestFileRunner Timeout watcher launched (2000 secs.) 
376        WARN  main            d.u.i.k.s.ProofSettings   The settings in /home/runner/.key/proof-settings.props are *not* read. 
404        INFO  main            d.u.i.k.p.r.p.TestFile    Now processing file /home/runner/work/key/key/key.core/../key.ui/examples/heap/javacard/updateBalance0.key 
528        INFO  main            d.u.i.k.p.i.AbstractProblemLoader Loading environment from /home/runner/work/key/key/key.core/../key.ui/examples/heap/javacard/updateBalance0.key 
545        DEBUG main            d.u.i.k.p.i.AbstractProblemLoader Environment load took 2.37ms 
766        INFO  main            d.u.i.k.p.i.AbstractProblemLoader Creating init config 
1599       DEBUG main            d.u.i.k.j.TypeConverter   No LDT found for Meta 
1600       DEBUG main            d.u.i.k.j.TypeConverter   No LDT found for Meta 
1601       DEBUG main            d.u.i.k.j.TypeConverter   No LDT found for Meta 
1601       DEBUG main            d.u.i.k.j.TypeConverter   No LDT found for Meta 
3112       DEBUG main            d.u.i.k.j.TypeConverter   No LDT found for JavaBigintExpression 
6902       DEBUG main            d.u.i.k.p.i.AbstractProblemLoader Init config took 6.14s 
7025       INFO  main            d.u.i.k.p.i.AbstractProblemLoader Replaying proof Examples[Examples::updateBalance(short)].JML normal_behavior operation contract.0 
7058       DEBUG main            d.u.i.k.p.i.IntermediateProofReplayer Proof replay took 31.9ns 
8392       INFO  main            d.u.i.k.p.r.p.TestFile    ... finished proof: closed. 
8528       INFO  main            d.u.i.k.p.i.AbstractProblemLoader Loading environment from /home/runner/work/key/key/key.core/../key.ui/examples/heap/javacard/updateBalance0.key.proof 
8535       DEBUG main            d.u.i.k.p.i.AbstractProblemLoader Environment load took 6.6ms 
8537       INFO  main            d.u.i.k.p.i.AbstractProblemLoader Creating init config 
10269      DEBUG main            d.u.i.k.p.i.AbstractProblemLoader Init config took 1.73s 
10323      INFO  main            d.u.i.k.p.i.AbstractProblemLoader Replaying proof Examples[Examples::updateBalance(short)].JML normal_behavior operation contract.0 
10469      DEBUG main            d.u.i.k.p.i.IntermediateProofReplayer Proof replay took 137.95ms 
10478      DEBUG main            d.u.i.k.p.r.p.TestFile    ... success: reloaded. 
10480      INFO  main            d.u.i.k.p.r.p.TestFile    Now processing file /home/runner/work/key/key/key.core/../key.ui/examples/heap/javacard/updateBalance1.key 
10481      INFO  main            d.u.i.k.p.i.AbstractProblemLoader Loading environment from /home/runner/work/key/key/key.core/../key.ui/examples/heap/javacard/updateBalance1.key 
10481      DEBUG main            d.u.i.k.p.i.AbstractProblemLoader Environment load took 235.8ns 
10483      INFO  main            d.u.i.k.p.i.AbstractProblemLoader Creating init config 
12193      DEBUG main            d.u.i.k.p.i.AbstractProblemLoader Init config took 1.71s 
12243      INFO  main            d.u.i.k.p.i.AbstractProblemLoader Replaying proof Examples[Examples::updateBalance(short)].JML normal_behavior operation contract.1 
12246      DEBUG main            d.u.i.k.p.i.IntermediateProofReplayer Proof replay took 6.4ns 
12850      INFO  main            d.u.i.k.p.r.p.TestFile    ... finished proof: closed. 
12974      INFO  main            d.u.i.k.p.i.AbstractProblemLoader Loading environment from /home/runner/work/key/key/key.core/../key.ui/examples/heap/javacard/updateBalance1.key.proof 
12975      DEBUG main            d.u.i.k.p.i.AbstractProblemLoader Environment load took 530.1ns 
12977      INFO  main            d.u.i.k.p.i.AbstractProblemLoader Creating init config 
14600      DEBUG main            d.u.i.k.p.i.AbstractProblemLoader Init config took 1.62s 
14649      INFO  main            d.u.i.k.p.i.AbstractProblemLoader Replaying proof Examples[Examples::updateBalance(short)].JML normal_behavior operation contract.1 
14756      DEBUG main            d.u.i.k.p.i.IntermediateProofReplayer Proof replay took 101.41ms 
14758      DEBUG main            d.u.i.k.p.r.p.TestFile    ... success: reloaded. 
14760      INFO  main            d.u.i.k.p.r.p.TestFile    Now processing file /home/runner/work/key/key/key.core/../key.ui/examples/heap/javacard/setArray1.key 
14761      INFO  main            d.u.i.k.p.i.AbstractProblemLoader Loading environment from /home/runner/work/key/key/key.core/../key.ui/examples/heap/javacard/setArray1.key 
14761      DEBUG main            d.u.i.k.p.i.AbstractProblemLoader Environment load took 256.8ns 
14762      INFO  main            d.u.i.k.p.i.AbstractProblemLoader Creating init config 
16368      DEBUG main            d.u.i.k.p.i.AbstractProblemLoader Init config took 1.61s 
16414      INFO  main            d.u.i.k.p.i.AbstractProblemLoader Replaying proof Examples[Examples::setArray1([B)].JML normal_behavior operation contract.0 
16416      DEBUG main            d.u.i.k.p.i.IntermediateProofReplayer Proof replay took 6.2ns 
17422      INFO  main            d.u.i.k.p.r.p.TestFile    ... finished proof: closed. 
17549      INFO  main            d.u.i.k.p.i.AbstractProblemLoader Loading environment from /home/runner/work/key/key/key.core/../key.ui/examples/heap/javacard/setArray1.key.proof 
17550      DEBUG main            d.u.i.k.p.i.AbstractProblemLoader Environment load took 480.6ns 
17551      INFO  main            d.u.i.k.p.i.AbstractProblemLoader Creating init config 
19107      DEBUG main            d.u.i.k.p.i.AbstractProblemLoader Init config took 1.56s 
19146      INFO  main            d.u.i.k.p.i.AbstractProblemLoader Replaying proof Examples[Examples::setArray1([B)].JML normal_behavior operation contract.0 
19314      DEBUG main            d.u.i.k.p.i.IntermediateProofReplayer Proof replay took 163.11ms 
19317      DEBUG main            d.u.i.k.p.r.p.TestFile    ... success: reloaded. 
19320      INFO  main            d.u.i.k.p.r.p.TestFile    Now processing file /home/runner/work/key/key/key.core/../key.ui/examples/heap/javacard/setArray2.key 
19320      INFO  main            d.u.i.k.p.i.AbstractProblemLoader Loading environment from /home/runner/work/key/key/key.core/../key.ui/examples/heap/javacard/setArray2.key 
19320      DEBUG main            d.u.i.k.p.i.AbstractProblemLoader Environment load took 259.2ns 
19321      INFO  main            d.u.i.k.p.i.AbstractProblemLoader Creating init config 
20896      DEBUG main            d.u.i.k.p.i.AbstractProblemLoader Init config took 1.57s 
20936      INFO  main            d.u.i.k.p.i.AbstractProblemLoader Replaying proof Examples[Examples::setArray2([B)].JML normal_behavior operation contract.0 
20938      DEBUG main            d.u.i.k.p.i.IntermediateProofReplayer Proof replay took 7.6ns 
22044      INFO  main            d.u.i.k.p.r.p.TestFile    ... finished proof: closed. 
22165      INFO  main            d.u.i.k.p.i.AbstractProblemLoader Loading environment from /home/runner/work/key/key/key.core/../key.ui/examples/heap/javacard/setArray2.key.proof 
22167      DEBUG main            d.u.i.k.p.i.AbstractProblemLoader Environment load took 1.22ms 
22169      INFO  main            d.u.i.k.p.i.AbstractProblemLoader Creating init config 
23738      DEBUG main            d.u.i.k.p.i.AbstractProblemLoader Init config took 1.57s 
23776      INFO  main            d.u.i.k.p.i.AbstractProblemLoader Replaying proof Examples[Examples::setArray2([B)].JML normal_behavior operation contract.0 
23950      DEBUG main            d.u.i.k.p.i.IntermediateProofReplayer Proof replay took 167.75ms 
23952      DEBUG main            d.u.i.k.p.r.p.TestFile    ... success: reloaded. 
23954      INFO  main            d.u.i.k.p.r.p.TestFile    Now processing file /home/runner/work/key/key/key.core/../key.ui/examples/heap/javacard/arrayFillNonAtomic.key 
23955      INFO  main            d.u.i.k.p.i.AbstractProblemLoader Loading environment from /home/runner/work/key/key/key.core/../key.ui/examples/heap/javacard/arrayFillNonAtomic.key 
23955      DEBUG main            d.u.i.k.p.i.AbstractProblemLoader Environment load took 261.6ns 
23956      INFO  main            d.u.i.k.p.i.AbstractProblemLoader Creating init config 
25546      DEBUG main            d.u.i.k.p.i.AbstractProblemLoader Init config took 1.59s 
25624      INFO  main            d.u.i.k.p.i.AbstractProblemLoader Replaying proof javacard.framework.Util[javacard.framework.Util::arrayFillNonAtomic([B,short,short,byte)].JML behavior operation contract.0.transaction_inactive 
25626      DEBUG main            d.u.i.k.p.i.IntermediateProofReplayer Proof replay took 5.9ns 
26532      DEBUG Thread-13       d.u.i.k.l.o.ProgramSV     Match failed: Former match of  SchemaVariable incompatible with  the current match. 
26533      DEBUG Thread-13       d.u.i.k.l.o.ProgramSV     Match failed: Former match of  SchemaVariable incompatible with  the current match. 
28022      DEBUG Thread-13       d.u.i.k.l.o.ProgramSV     Match failed: Former match of  SchemaVariable incompatible with  the current match. 
28023      DEBUG Thread-13       d.u.i.k.l.o.ProgramSV     Match failed: Former match of  SchemaVariable incompatible with  the current match. 
29553      INFO  main            d.u.i.k.p.r.p.TestFile    ... finished proof: closed. 
29725      INFO  main            d.u.i.k.p.i.AbstractProblemLoader Loading environment from /home/runner/work/key/key/key.core/../key.ui/examples/heap/javacard/arrayFillNonAtomic.key.proof 
29727      DEBUG main            d.u.i.k.p.i.AbstractProblemLoader Environment load took 1.78ms 
29728      INFO  main            d.u.i.k.p.i.AbstractProblemLoader Creating init config 
31295      DEBUG main            d.u.i.k.p.i.AbstractProblemLoader Init config took 1.57s 
31366      INFO  main            d.u.i.k.p.i.AbstractProblemLoader Replaying proof javacard.framework.Util[javacard.framework.Util::arrayFillNonAtomic([B,short,short,byte)].JML behavior operation contract.0.transaction_inactive 
32038      DEBUG main            d.u.i.k.p.i.IntermediateProofReplayer Proof replay took 652.13ms 
32042      DEBUG main            d.u.i.k.p.r.p.TestFile    ... success: reloaded. 
32044      INFO  main            d.u.i.k.p.r.p.TestFile    Now processing file /home/runner/work/key/key/key.core/../key.ui/examples/heap/coincidence_count/project.key 
32044      INFO  main            d.u.i.k.p.i.AbstractProblemLoader Loading environment from /home/runner/work/key/key/key.core/../key.ui/examples/heap/coincidence_count/project.key 
32046      DEBUG main            d.u.i.k.p.i.AbstractProblemLoader Environment load took 1.8ms 
32047      INFO  main            d.u.i.k.p.i.AbstractProblemLoader Creating init config 
35532      DEBUG main            d.u.i.k.p.i.AbstractProblemLoader Init config took 3.48s 
35577      INFO  main            d.u.i.k.p.i.AbstractProblemLoader Replaying proof CC[CC::calcCoinIndex([I,[I)].JML normal_behavior operation contract.0 
35595      DEBUG main            d.u.i.k.p.i.IntermediateProofReplayer Proof replay took 8.3ns 
53108      INFO  main            d.u.i.k.p.r.p.TestFile    ... finished proof: closed. 
53393      INFO  main            d.u.i.k.p.i.AbstractProblemLoader Loading environment from /home/runner/work/key/key/key.core/../key.ui/examples/heap/coincidence_count/project.key.proof 
53393      DEBUG main            d.u.i.k.p.i.AbstractProblemLoader Environment load took 479.1ns 
53397      INFO  main            d.u.i.k.p.i.AbstractProblemLoader Creating init config 
56005      DEBUG main            d.u.i.k.p.i.AbstractProblemLoader Init config took 2.61s 
56067      INFO  main            d.u.i.k.p.i.AbstractProblemLoader Replaying proof CC[CC::calcCoinIndex([I,[I)].JML normal_behavior operation contract.0 
56747      DEBUG main            d.u.i.k.p.i.IntermediateProofReplayer Proof replay took 614.06ms 
56752      DEBUG main            d.u.i.k.p.r.p.TestFile    ... success: reloaded. 
56753      INFO  main            d.u.i.k.p.r.p.TestFile    Now processing file /home/runner/work/key/key/key.core/../key.ui/examples/heap/verifyThis11_1_Maximum/project.key 
56753      INFO  main            d.u.i.k.p.i.AbstractProblemLoader Loading environment from /home/runner/work/key/key/key.core/../key.ui/examples/heap/verifyThis11_1_Maximum/project.key 
56754      DEBUG main            d.u.i.k.p.i.AbstractProblemLoader Environment load took 237.8ns 
56755      INFO  main            d.u.i.k.p.i.AbstractProblemLoader Creating init config 
59386      DEBUG main            d.u.i.k.p.i.AbstractProblemLoader Init config took 2.63s 
59424      INFO  main            d.u.i.k.p.i.AbstractProblemLoader Replaying proof Maximum[Maximum::maxIndex([I)].JML normal_behavior operation contract.0 
59425      DEBUG main            d.u.i.k.p.i.IntermediateProofReplayer Proof replay took 6.4ns 
60330      INFO  main            d.u.i.k.p.r.p.TestFile    ... finished proof: closed. 
60573      INFO  main            d.u.i.k.p.i.AbstractProblemLoader Loading environment from /home/runner/work/key/key/key.core/../key.ui/examples/heap/verifyThis11_1_Maximum/project.key.proof 
60574      DEBUG main            d.u.i.k.p.i.AbstractProblemLoader Environment load took 525.9ns 
60575      INFO  main            d.u.i.k.p.i.AbstractProblemLoader Creating init config 
63118      DEBUG main            d.u.i.k.p.i.AbstractProblemLoader Init config took 2.54s 
63166      INFO  main            d.u.i.k.p.i.AbstractProblemLoader Replaying proof Maximum[Maximum::maxIndex([I)].JML normal_behavior operation contract.0 
63286      DEBUG main            d.u.i.k.p.i.IntermediateProofReplayer Proof replay took 112.88ms 
63288      DEBUG main            d.u.i.k.p.r.p.TestFile    ... success: reloaded. 
63289      INFO  main            d.u.i.k.p.r.p.TestFile    Now processing file /home/runner/work/key/key/key.core/../key.ui/examples/heap/fm12_01_LRS/lcp.key 
63289      INFO  main            d.u.i.k.p.i.AbstractProblemLoader Loading environment from /home/runner/work/key/key/key.core/../key.ui/examples/heap/fm12_01_LRS/lcp.key 
63289      DEBUG main            d.u.i.k.p.i.AbstractProblemLoader Environment load took 119.5ns 
63290      INFO  main            d.u.i.k.p.i.AbstractProblemLoader Creating init config 
66589      DEBUG main            d.u.i.k.p.i.AbstractProblemLoader Init config took 3.3s 
66642      INFO  main            d.u.i.k.p.i.AbstractProblemLoader Replaying proof LCP[LCP::lcp([I,int,int)].JML normal_behavior operation contract.0 
66644      DEBUG main            d.u.i.k.p.i.IntermediateProofReplayer Proof replay took 6.5ns 
67550      INFO  main            d.u.i.k.p.r.p.TestFile    ... finished proof: closed. 
67801      INFO  main            d.u.i.k.p.i.AbstractProblemLoader Loading environment from /home/runner/work/key/key/key.core/../key.ui/examples/heap/fm12_01_LRS/lcp.key.proof 
67801      DEBUG main            d.u.i.k.p.i.AbstractProblemLoader Environment load took 150.5ns 
67802      INFO  main            d.u.i.k.p.i.AbstractProblemLoader Creating init config 
70795      DEBUG main            d.u.i.k.p.i.AbstractProblemLoader Init config took 2.99s 
70849      INFO  main            d.u.i.k.p.i.AbstractProblemLoader Replaying proof LCP[LCP::lcp([I,int,int)].JML normal_behavior operation contract.0 
71002      DEBUG main            d.u.i.k.p.i.IntermediateProofReplayer Proof replay took 145.96ms 
71003      DEBUG main            d.u.i.k.p.r.p.TestFile    ... success: reloaded. 
71005      INFO  main            d.u.i.k.p.r.p.TestFile    Now processing file /home/runner/work/key/key/key.core/../key.ui/examples/heap/SemanticSlicing/project.key 
71005      INFO  main            d.u.i.k.p.i.AbstractProblemLoader Loading environment from /home/runner/work/key/key/key.core/../key.ui/examples/heap/SemanticSlicing/project.key 
71005      DEBUG main            d.u.i.k.p.i.AbstractProblemLoader Environment load took 272.6ns 
71006      INFO  main            d.u.i.k.p.i.AbstractProblemLoader Creating init config 
73800      DEBUG main            d.u.i.k.p.i.AbstractProblemLoader Init config took 2.79s 
73849      INFO  main            d.u.i.k.p.i.AbstractProblemLoader Replaying proof unsatcore_after.competition.postcond5.scope333.LRS[unsatcore_after.competition.postcond5.scope333.LRS::doLRS()].JML operation contract.0 
73850      DEBUG main            d.u.i.k.p.i.IntermediateProofReplayer Proof replay took 5.8ns 
77908      INFO  main            d.u.i.k.p.r.p.TestFile    ... finished proof: closed. 
78191      INFO  main            d.u.i.k.p.i.AbstractProblemLoader Loading environment from /home/runner/work/key/key/key.core/../key.ui/examples/heap/SemanticSlicing/project.key.proof 
78191      DEBUG main            d.u.i.k.p.i.AbstractProblemLoader Environment load took 219.9ns 
78193      INFO  main            d.u.i.k.p.i.AbstractProblemLoader Creating init config 
80837      DEBUG main            d.u.i.k.p.i.AbstractProblemLoader Init config took 2.64s 
80886      INFO  main            d.u.i.k.p.i.AbstractProblemLoader Replaying proof unsatcore_after.competition.postcond5.scope333.LRS[unsatcore_after.competition.postcond5.scope333.LRS::doLRS()].JML operation contract.0 
81471      DEBUG main            d.u.i.k.p.i.IntermediateProofReplayer Proof replay took 571.85ms 
81472      DEBUG main            d.u.i.k.p.r.p.TestFile    ... success: reloaded. 
81474      INFO  main            d.u.i.k.p.r.p.TestFile    Now processing file /home/runner/work/key/key/key.core/../key.ui/examples/heap/information_flow/ArrayList_contains.key 
81475      INFO  main            d.u.i.k.p.i.AbstractProblemLoader Loading environment from /home/runner/work/key/key/key.core/../key.ui/examples/heap/information_flow/ArrayList_contains.key 
81475      DEBUG main            d.u.i.k.p.i.AbstractProblemLoader Environment load took 271.7ns 
81476      INFO  main            d.u.i.k.p.i.AbstractProblemLoader Creating init config 
84343      DEBUG main            d.u.i.k.p.i.AbstractProblemLoader Init config took 2.87s 
84412      INFO  main            d.u.i.k.p.i.AbstractProblemLoader Replaying proof ArrayList[ArrayList::get(int)].JML normal_behavior operation contract.0 
84414      DEBUG main            d.u.i.k.p.i.IntermediateProofReplayer Proof replay took 6.2ns 
84716      INFO  main            d.u.i.k.p.r.p.TestFile    ... finished proof: closed. 
84970      INFO  main            d.u.i.k.p.i.AbstractProblemLoader Loading environment from /home/runner/work/key/key/key.core/../key.ui/examples/heap/information_flow/ArrayList_contains.key.proof 
84970      DEBUG main            d.u.i.k.p.i.AbstractProblemLoader Environment load took 134.3ns 
84972      INFO  main            d.u.i.k.p.i.AbstractProblemLoader Creating init config 
87756      DEBUG main            d.u.i.k.p.i.AbstractProblemLoader Init config took 2.78s 
87793      INFO  main            d.u.i.k.p.i.AbstractProblemLoader Replaying proof ArrayList[ArrayList::get(int)].JML normal_behavior operation contract.0 
87834      DEBUG main            d.u.i.k.p.i.IntermediateProofReplayer Proof replay took 38.26ms 
87835      DEBUG main            d.u.i.k.p.r.p.TestFile    ... success: reloaded. 
87835      INFO  main            d.u.i.k.p.r.p.TestFile    Now processing file /home/runner/work/key/key/key.core/../key.ui/examples/heap/information_flow/ArrayList_get.key 
87836      INFO  main            d.u.i.k.p.i.AbstractProblemLoader Loading environment from /home/runner/work/key/key/key.core/../key.ui/examples/heap/information_flow/ArrayList_get.key 
87836      DEBUG main            d.u.i.k.p.i.AbstractProblemLoader Environment load took 103.6ns 
87837      INFO  main            d.u.i.k.p.i.AbstractProblemLoader Creating init config 
90608      DEBUG main            d.u.i.k.p.i.AbstractProblemLoader Init config took 2.77s 
90644      INFO  main            d.u.i.k.p.i.AbstractProblemLoader Replaying proof ArrayList[ArrayList::contains(java.lang.Object)].JML normal_behavior operation contract.0 
90645      DEBUG main            d.u.i.k.p.i.IntermediateProofReplayer Proof replay took 5.8ns 
91448      INFO  main            d.u.i.k.p.r.p.TestFile    ... finished proof: closed. 
91701      INFO  main            d.u.i.k.p.i.AbstractProblemLoader Loading environment from /home/runner/work/key/key/key.core/../key.ui/examples/heap/information_flow/ArrayList_get.key.proof 
91702      DEBUG main            d.u.i.k.p.i.AbstractProblemLoader Environment load took 490.1ns 
91703      INFO  main            d.u.i.k.p.i.AbstractProblemLoader Creating init config 
94421      DEBUG main            d.u.i.k.p.i.AbstractProblemLoader Init config took 2.72s 
94458      INFO  main            d.u.i.k.p.i.AbstractProblemLoader Replaying proof ArrayList[ArrayList::contains(java.lang.Object)].JML normal_behavior operation contract.0 
94573      DEBUG main            d.u.i.k.p.i.IntermediateProofReplayer Proof replay took 110.17ms 
94575      DEBUG main            d.u.i.k.p.r.p.TestFile    ... success: reloaded. 
94576      INFO  main            d.u.i.k.p.r.p.TestFile    Now processing file /home/runner/work/key/key/key.core/../key.ui/examples/heap/information_flow/ArrayList_size.key 
94576      INFO  main            d.u.i.k.p.i.AbstractProblemLoader Loading environment from /home/runner/work/key/key/key.core/../key.ui/examples/heap/information_flow/ArrayList_size.key 
94576      DEBUG main            d.u.i.k.p.i.AbstractProblemLoader Environment load took 233.6ns 
94577      INFO  main            d.u.i.k.p.i.AbstractProblemLoader Creating init config 
97409      DEBUG main            d.u.i.k.p.i.AbstractProblemLoader Init config took 2.83s 
97445      INFO  main            d.u.i.k.p.i.AbstractProblemLoader Replaying proof ArrayList[ArrayList::size()].JML normal_behavior operation contract.0 
97447      DEBUG main            d.u.i.k.p.i.IntermediateProofReplayer Proof replay took 6.8ns 
97552      INFO  main            d.u.i.k.p.r.p.TestFile    ... finished proof: closed. 
97802      INFO  main            d.u.i.k.p.i.AbstractProblemLoader Loading environment from /home/runner/work/key/key/key.core/../key.ui/examples/heap/information_flow/ArrayList_size.key.proof 
97803      DEBUG main            d.u.i.k.p.i.AbstractProblemLoader Environment load took 121.5ns 
97804      INFO  main            d.u.i.k.p.i.AbstractProblemLoader Creating init config 
100529     DEBUG main            d.u.i.k.p.i.AbstractProblemLoader Init config took 2.72s 
100564     INFO  main            d.u.i.k.p.i.AbstractProblemLoader Replaying proof ArrayList[ArrayList::size()].JML normal_behavior operation contract.0 
100576     DEBUG main            d.u.i.k.p.i.IntermediateProofReplayer Proof replay took 9.99ms 
100577     DEBUG main            d.u.i.k.p.r.p.TestFile    ... success: reloaded. 
100578     INFO  main            d.u.i.k.p.r.p.TestFile    Now processing file /home/runner/work/key/key/key.core/../key.ui/examples/heap/information_flow/UpdateAbstraction_ex7_3_secure.key 
100578     INFO  main            d.u.i.k.p.i.AbstractProblemLoader Loading environment from /home/runner/work/key/key/key.core/../key.ui/examples/heap/information_flow/UpdateAbstraction_ex7_3_secure.key 
100578     DEBUG main            d.u.i.k.p.i.AbstractProblemLoader Environment load took 84.4ns 
100579     INFO  main            d.u.i.k.p.i.AbstractProblemLoader Creating init config 
103392     DEBUG main            d.u.i.k.p.i.AbstractProblemLoader Init config took 2.81s 
103434     INFO  main            d.u.i.k.p.i.AbstractProblemLoader Replaying proof UpdateAbstraction[UpdateAbstraction::ex7_3_secure()].JML operation contract.0 
103436     DEBUG main            d.u.i.k.p.i.IntermediateProofReplayer Proof replay took 6.3ns 
103638     INFO  main            d.u.i.k.p.r.p.TestFile    ... finished proof: closed. 
103907     INFO  main            d.u.i.k.p.i.AbstractProblemLoader Loading environment from /home/runner/work/key/key/key.core/../key.ui/examples/heap/information_flow/UpdateAbstraction_ex7_3_secure.key.proof 
103907     DEBUG main            d.u.i.k.p.i.AbstractProblemLoader Environment load took 117.4ns 
103908     INFO  main            d.u.i.k.p.i.AbstractProblemLoader Creating init config 
106630     DEBUG main            d.u.i.k.p.i.AbstractProblemLoader Init config took 2.72s 
106671     INFO  main            d.u.i.k.p.i.AbstractProblemLoader Replaying proof UpdateAbstraction[UpdateAbstraction::ex7_3_secure()].JML operation contract.0 
106697     DEBUG main            d.u.i.k.p.i.IntermediateProofReplayer Proof replay took 24.38ms 
106698     DEBUG main            d.u.i.k.p.r.p.TestFile    ... success: reloaded. 
106699     INFO  main            d.u.i.k.p.r.p.TestFile    Now processing file /home/runner/work/key/key/key.core/../key.ui/examples/heap/information_flow/UpdateAbstraction_ex7_4_secure.key 
106699     INFO  main            d.u.i.k.p.i.AbstractProblemLoader Loading environment from /home/runner/work/key/key/key.core/../key.ui/examples/heap/information_flow/UpdateAbstraction_ex7_4_secure.key 
106699     DEBUG main            d.u.i.k.p.i.AbstractProblemLoader Environment load took 83.2ns 
106700     INFO  main            d.u.i.k.p.i.AbstractProblemLoader Creating init config 
109434     DEBUG main            d.u.i.k.p.i.AbstractProblemLoader Init config took 2.73s 
109467     INFO  main            d.u.i.k.p.i.AbstractProblemLoader Replaying proof UpdateAbstraction[UpdateAbstraction::ex7_4_secure()].JML operation contract.0 
109469     DEBUG main            d.u.i.k.p.i.IntermediateProofReplayer Proof replay took 5.6ns 
109691     INFO  main            d.u.i.k.p.r.p.TestFile    ... finished proof: closed. 
109952     INFO  main            d.u.i.k.p.i.AbstractProblemLoader Loading environment from /home/runner/work/key/key/key.core/../key.ui/examples/heap/information_flow/UpdateAbstraction_ex7_4_secure.key.proof 
109952     DEBUG main            d.u.i.k.p.i.AbstractProblemLoader Environment load took 128ns 
109953     INFO  main            d.u.i.k.p.i.AbstractProblemLoader Creating init config 
112662     DEBUG main            d.u.i.k.p.i.AbstractProblemLoader Init config took 2.71s 
112696     INFO  main            d.u.i.k.p.i.AbstractProblemLoader Replaying proof UpdateAbstraction[UpdateAbstraction::ex7_4_secure()].JML operation contract.0 
112734     DEBUG main            d.u.i.k.p.i.IntermediateProofReplayer Proof replay took 33.66ms 
112735     DEBUG main            d.u.i.k.p.r.p.TestFile    ... success: reloaded. 
112736     INFO  main            d.u.i.k.p.r.p.TestFile    Now processing file /home/runner/work/key/key/key.core/../key.ui/examples/heap/information_flow/UpdateAbstraction_ex7_5_secure.key 
112736     INFO  main            d.u.i.k.p.i.AbstractProblemLoader Loading environment from /home/runner/work/key/key/key.core/../key.ui/examples/heap/information_flow/UpdateAbstraction_ex7_5_secure.key 
112737     DEBUG main            d.u.i.k.p.i.AbstractProblemLoader Environment load took 234.1ns 
112738     INFO  main            d.u.i.k.p.i.AbstractProblemLoader Creating init config 
115506     DEBUG main            d.u.i.k.p.i.AbstractProblemLoader Init config took 2.77s 
115540     INFO  main            d.u.i.k.p.i.AbstractProblemLoader Replaying proof UpdateAbstraction[UpdateAbstraction::ex7_5_secure()].JML operation contract.0 
115541     DEBUG main            d.u.i.k.p.i.IntermediateProofReplayer Proof replay took 6.7ns 
115644     INFO  main            d.u.i.k.p.r.p.TestFile    ... finished proof: closed. 
115922     INFO  main            d.u.i.k.p.i.AbstractProblemLoader Loading environment from /home/runner/work/key/key/key.core/../key.ui/examples/heap/information_flow/UpdateAbstraction_ex7_5_secure.key.proof 
115922     DEBUG main            d.u.i.k.p.i.AbstractProblemLoader Environment load took 136.8ns 
115923     INFO  main            d.u.i.k.p.i.AbstractProblemLoader Creating init config 
118631     DEBUG main            d.u.i.k.p.i.AbstractProblemLoader Init config took 2.71s 
118666     INFO  main            d.u.i.k.p.i.AbstractProblemLoader Replaying proof UpdateAbstraction[UpdateAbstraction::ex7_5_secure()].JML operation contract.0 
118687     DEBUG main            d.u.i.k.p.i.IntermediateProofReplayer Proof replay took 14.21ms 
118689     DEBUG main            d.u.i.k.p.r.p.TestFile    ... success: reloaded. 
118690     INFO  main            d.u.i.k.p.r.p.TestFile    Now processing file /home/runner/work/key/key/key.core/../key.ui/examples/heap/information_flow/UpdateAbstraction_ex7_6_secure.key 
118691     INFO  main            d.u.i.k.p.i.AbstractProblemLoader Loading environment from /home/runner/work/key/key/key.core/../key.ui/examples/heap/information_flow/UpdateAbstraction_ex7_6_secure.key 
118691     DEBUG main            d.u.i.k.p.i.AbstractProblemLoader Environment load took 248.3ns 
118693     INFO  main            d.u.i.k.p.i.AbstractProblemLoader Creating init config 
121486     DEBUG main            d.u.i.k.p.i.AbstractProblemLoader Init config took 2.79s 
121520     INFO  main            d.u.i.k.p.i.AbstractProblemLoader Replaying proof UpdateAbstraction[UpdateAbstraction::ex7_6_secure()].JML operation contract.0 
121521     DEBUG main            d.u.i.k.p.i.IntermediateProofReplayer Proof replay took 6.2ns 
121825     INFO  main            d.u.i.k.p.r.p.TestFile    ... finished proof: closed. 
122123     INFO  main            d.u.i.k.p.i.AbstractProblemLoader Loading environment from /home/runner/work/key/key/key.core/../key.ui/examples/heap/information_flow/UpdateAbstraction_ex7_6_secure.key.proof 
122123     DEBUG main            d.u.i.k.p.i.AbstractProblemLoader Environment load took 121ns 
122125     INFO  main            d.u.i.k.p.i.AbstractProblemLoader Creating init config 
124827     DEBUG main            d.u.i.k.p.i.AbstractProblemLoader Init config took 2.7s 
124861     INFO  main            d.u.i.k.p.i.AbstractProblemLoader Replaying proof UpdateAbstraction[UpdateAbstraction::ex7_6_secure()].JML operation contract.0 
124908     DEBUG main            d.u.i.k.p.i.IntermediateProofReplayer Proof replay took 44.02ms 
124909     DEBUG main            d.u.i.k.p.r.p.TestFile    ... success: reloaded. 
124909     INFO  main            d.u.i.k.p.r.p.TestFile    Now processing file /home/runner/work/key/key/key.core/../key.ui/examples/heap/information_flow/UpdateAbstraction_ex9_secure.key 
124910     INFO  main            d.u.i.k.p.i.AbstractProblemLoader Loading environment from /home/runner/work/key/key/key.core/../key.ui/examples/heap/information_flow/UpdateAbstraction_ex9_secure.key 
124910     DEBUG main            d.u.i.k.p.i.AbstractProblemLoader Environment load took 87.9ns 
124910     INFO  main            d.u.i.k.p.i.AbstractProblemLoader Creating init config 
127671     DEBUG main            d.u.i.k.p.i.AbstractProblemLoader Init config took 2.76s 
127705     INFO  main            d.u.i.k.p.i.AbstractProblemLoader Replaying proof UpdateAbstraction[UpdateAbstraction::ex9_secure()].JML operation contract.0 
127706     DEBUG main            d.u.i.k.p.i.IntermediateProofReplayer Proof replay took 6.2ns 
128613     INFO  main            d.u.i.k.p.r.p.TestFile    ... finished proof: closed. 
128926     INFO  main            d.u.i.k.p.i.AbstractProblemLoader Loading environment from /home/runner/work/key/key/key.core/../key.ui/examples/heap/information_flow/UpdateAbstraction_ex9_secure.key.proof 
128927     DEBUG main            d.u.i.k.p.i.AbstractProblemLoader Environment load took 138.5ns 
128928     INFO  main            d.u.i.k.p.i.AbstractProblemLoader Creating init config 
131620     DEBUG main            d.u.i.k.p.i.AbstractProblemLoader Init config took 2.69s 
131655     INFO  main            d.u.i.k.p.i.AbstractProblemLoader Replaying proof UpdateAbstraction[UpdateAbstraction::ex9_secure()].JML operation contract.0 
131811     DEBUG main            d.u.i.k.p.i.IntermediateProofReplayer Proof replay took 151.31ms 
131812     DEBUG main            d.u.i.k.p.r.p.TestFile    ... success: reloaded. 
840331     INFO  Test worker     d.u.i.k.p.r.RunAllProofsTestUnit Returning from test javaCard 
840332     INFO  Test worker     d.u.i.k.p.r.RunAllProofsTestUnit Running test list 
371        INFO  Timeout watchdog d.u.i.k.p.r.p.ForkedTestFileRunner Timeout watcher launched (2000 secs.) 
386        WARN  main            d.u.i.k.s.ProofSettings   The settings in /home/runner/.key/proof-settings.props are *not* read. 
421        INFO  main            d.u.i.k.p.r.p.TestFile    Now processing file /home/runner/work/key/key/key.core/../key.ui/examples/heap/list/ArrayList_add.key 
523        INFO  main            d.u.i.k.p.i.AbstractProblemLoader Loading environment from /home/runner/work/key/key/key.core/../key.ui/examples/heap/list/ArrayList_add.key 
546        DEBUG main            d.u.i.k.p.i.AbstractProblemLoader Environment load took 2.3ms 
757        INFO  main            d.u.i.k.p.i.AbstractProblemLoader Creating init config 
1755       DEBUG main            d.u.i.k.j.TypeConverter   No LDT found for Meta 
1755       DEBUG main            d.u.i.k.j.TypeConverter   No LDT found for Meta 
1759       DEBUG main            d.u.i.k.j.TypeConverter   No LDT found for Meta 
1759       DEBUG main            d.u.i.k.j.TypeConverter   No LDT found for Meta 
3081       DEBUG main            d.u.i.k.j.TypeConverter   No LDT found for JavaBigintExpression 
6901       DEBUG main            d.u.i.k.j.r.ClassPreparationMethodBuilder clPrepBuilder: Inner Class detected. Reject building class initialisation methods. 
9597       DEBUG main            d.u.i.k.p.i.AbstractProblemLoader Init config took 8.84s 
9739       INFO  main            d.u.i.k.p.i.AbstractProblemLoader Replaying proof ArrayList[List::add(java.lang.Object)].JML normal_behavior operation contract.0 
9815       DEBUG main            d.u.i.k.p.i.IntermediateProofReplayer Proof replay took 38ns 
15527      INFO  main            d.u.i.k.p.r.p.TestFile    ... finished proof: closed. 
15724      INFO  main            d.u.i.k.p.i.AbstractProblemLoader Loading environment from /home/runner/work/key/key/key.core/../key.ui/examples/heap/list/ArrayList_add.key.proof 
15725      DEBUG main            d.u.i.k.p.i.AbstractProblemLoader Environment load took 246.2ns 
15728      INFO  main            d.u.i.k.p.i.AbstractProblemLoader Creating init config 
16912      DEBUG main            d.u.i.k.j.r.ClassPreparationMethodBuilder clPrepBuilder: Inner Class detected. Reject building class initialisation methods. 
19302      DEBUG main            d.u.i.k.p.i.AbstractProblemLoader Init config took 3.57s 
19384      INFO  main            d.u.i.k.p.i.AbstractProblemLoader Replaying proof ArrayList[List::add(java.lang.Object)].JML normal_behavior operation contract.0 
19920      DEBUG main            d.u.i.k.p.i.IntermediateProofReplayer Proof replay took 512.05ms 
19931      DEBUG main            d.u.i.k.p.r.p.TestFile    ... success: reloaded. 
19938      INFO  main            d.u.i.k.p.r.p.TestFile    Now processing file /home/runner/work/key/key/key.core/../key.ui/examples/heap/list/ArrayList_ArrayList.key 
19939      INFO  main            d.u.i.k.p.i.AbstractProblemLoader Loading environment from /home/runner/work/key/key/key.core/../key.ui/examples/heap/list/ArrayList_ArrayList.key 
19939      DEBUG main            d.u.i.k.p.i.AbstractProblemLoader Environment load took 337.9ns 
19943      INFO  main            d.u.i.k.p.i.AbstractProblemLoader Creating init config 
21077      DEBUG main            d.u.i.k.j.r.ClassPreparationMethodBuilder clPrepBuilder: Inner Class detected. Reject building class initialisation methods. 
23393      DEBUG main            d.u.i.k.p.i.AbstractProblemLoader Init config took 3.45s 
23459      INFO  main            d.u.i.k.p.i.AbstractProblemLoader Replaying proof ArrayList[ArrayList::ArrayList()].JML normal_behavior operation contract.0 
23462      DEBUG main            d.u.i.k.p.i.IntermediateProofReplayer Proof replay took 5.9ns 
24987      INFO  main            d.u.i.k.p.r.p.TestFile    ... finished proof: closed. 
25180      INFO  main            d.u.i.k.p.i.AbstractProblemLoader Loading environment from /home/runner/work/key/key/key.core/../key.ui/examples/heap/list/ArrayList_ArrayList.key.proof 
25180      DEBUG main            d.u.i.k.p.i.AbstractProblemLoader Environment load took 534.5ns 
25182      INFO  main            d.u.i.k.p.i.AbstractProblemLoader Creating init config 
26262      DEBUG main            d.u.i.k.j.r.ClassPreparationMethodBuilder clPrepBuilder: Inner Class detected. Reject building class initialisation methods. 
28577      DEBUG main            d.u.i.k.p.i.AbstractProblemLoader Init config took 3.4s 
28635      INFO  main            d.u.i.k.p.i.AbstractProblemLoader Replaying proof ArrayList[ArrayList::ArrayList()].JML normal_behavior operation contract.0 
28814      DEBUG main            d.u.i.k.p.i.IntermediateProofReplayer Proof replay took 169.87ms 
28816      DEBUG main            d.u.i.k.p.r.p.TestFile    ... success: reloaded. 
28817      INFO  main            d.u.i.k.p.r.p.TestFile    Now processing file /home/runner/work/key/key/key.core/../key.ui/examples/heap/list/ArrayList_concatenate.key 
28817      INFO  main            d.u.i.k.p.i.AbstractProblemLoader Loading environment from /home/runner/work/key/key/key.core/../key.ui/examples/heap/list/ArrayList_concatenate.key 
28817      DEBUG main            d.u.i.k.p.i.AbstractProblemLoader Environment load took 133.4ns 
28819      INFO  main            d.u.i.k.p.i.AbstractProblemLoader Creating init config 
30007      DEBUG main            d.u.i.k.j.r.ClassPreparationMethodBuilder clPrepBuilder: Inner Class detected. Reject building class initialisation methods. 
32298      DEBUG main            d.u.i.k.p.i.AbstractProblemLoader Init config took 3.48s 
32355      INFO  main            d.u.i.k.p.i.AbstractProblemLoader Replaying proof ArrayList[List::concatenate(List)].JML normal_behavior operation contract.0 
32357      DEBUG main            d.u.i.k.p.i.IntermediateProofReplayer Proof replay took 15.1ns 
57063      INFO  main            d.u.i.k.p.r.p.TestFile    ... finished proof: closed. 
57338      INFO  main            d.u.i.k.p.i.AbstractProblemLoader Loading environment from /home/runner/work/key/key/key.core/../key.ui/examples/heap/list/ArrayList_concatenate.key.proof 
57339      DEBUG main            d.u.i.k.p.i.AbstractProblemLoader Environment load took 509.9ns 
57347      INFO  main            d.u.i.k.p.i.AbstractProblemLoader Creating init config 
58417      DEBUG main            d.u.i.k.j.r.ClassPreparationMethodBuilder clPrepBuilder: Inner Class detected. Reject building class initialisation methods. 
60669      DEBUG main            d.u.i.k.p.i.AbstractProblemLoader Init config took 3.32s 
60738      INFO  main            d.u.i.k.p.i.AbstractProblemLoader Replaying proof ArrayList[List::concatenate(List)].JML normal_behavior operation contract.0 
62257      DEBUG main            d.u.i.k.p.i.IntermediateProofReplayer Proof replay took 1.46s 
62262      DEBUG main            d.u.i.k.p.r.p.TestFile    ... success: reloaded. 
62263      INFO  main            d.u.i.k.p.r.p.TestFile    Now processing file /home/runner/work/key/key/key.core/../key.ui/examples/heap/list/ArrayList_contains_dep.key 
62264      INFO  main            d.u.i.k.p.i.AbstractProblemLoader Loading environment from /home/runner/work/key/key/key.core/../key.ui/examples/heap/list/ArrayList_contains_dep.key 
62264      DEBUG main            d.u.i.k.p.i.AbstractProblemLoader Environment load took 240.4ns 
62265      INFO  main            d.u.i.k.p.i.AbstractProblemLoader Creating init config 
63340      DEBUG main            d.u.i.k.j.r.ClassPreparationMethodBuilder clPrepBuilder: Inner Class detected. Reject building class initialisation methods. 
65606      DEBUG main            d.u.i.k.p.i.AbstractProblemLoader Init config took 3.34s 
65661      INFO  main            d.u.i.k.p.i.AbstractProblemLoader Replaying proof ArrayList[List::contains(java.lang.Object)].JML accessible clause.0 
65663      DEBUG main            d.u.i.k.p.i.IntermediateProofReplayer Proof replay took 5.3ns 
68371      INFO  main            d.u.i.k.p.r.p.TestFile    ... finished proof: closed. 
68587      INFO  main            d.u.i.k.p.i.AbstractProblemLoader Loading environment from /home/runner/work/key/key/key.core/../key.ui/examples/heap/list/ArrayList_contains_dep.key.proof 
68588      DEBUG main            d.u.i.k.p.i.AbstractProblemLoader Environment load took 1.03ms 
68590      INFO  main            d.u.i.k.p.i.AbstractProblemLoader Creating init config 
69635      DEBUG main            d.u.i.k.j.r.ClassPreparationMethodBuilder clPrepBuilder: Inner Class detected. Reject building class initialisation methods. 
71872      DEBUG main            d.u.i.k.p.i.AbstractProblemLoader Init config took 3.28s 
71924      INFO  main            d.u.i.k.p.i.AbstractProblemLoader Replaying proof ArrayList[List::contains(java.lang.Object)].JML accessible clause.0 
72223      DEBUG main            d.u.i.k.p.i.IntermediateProofReplayer Proof replay took 289.35ms 
72225      DEBUG main            d.u.i.k.p.r.p.TestFile    ... success: reloaded. 
72226      INFO  main            d.u.i.k.p.r.p.TestFile    Now processing file /home/runner/work/key/key/key.core/../key.ui/examples/heap/list/ArrayList_enlarge.key 
72226      INFO  main            d.u.i.k.p.i.AbstractProblemLoader Loading environment from /home/runner/work/key/key/key.core/../key.ui/examples/heap/list/ArrayList_enlarge.key 
72227      DEBUG main            d.u.i.k.p.i.AbstractProblemLoader Environment load took 231.7ns 
72228      INFO  main            d.u.i.k.p.i.AbstractProblemLoader Creating init config 
73282      DEBUG main            d.u.i.k.j.r.ClassPreparationMethodBuilder clPrepBuilder: Inner Class detected. Reject building class initialisation methods. 
75532      DEBUG main            d.u.i.k.p.i.AbstractProblemLoader Init config took 3.3s 
75585      INFO  main            d.u.i.k.p.i.AbstractProblemLoader Replaying proof ArrayList[ArrayList::enlarge()].JML normal_behavior operation contract.0 
75587      DEBUG main            d.u.i.k.p.i.IntermediateProofReplayer Proof replay took 5.4ns 
78048      INFO  main            d.u.i.k.p.r.p.TestFile    ... finished proof: closed. 
78238      INFO  main            d.u.i.k.p.i.AbstractProblemLoader Loading environment from /home/runner/work/key/key/key.core/../key.ui/examples/heap/list/ArrayList_enlarge.key.proof 
78238      DEBUG main            d.u.i.k.p.i.AbstractProblemLoader Environment load took 472.1ns 
78240      INFO  main            d.u.i.k.p.i.AbstractProblemLoader Creating init config 
79255      DEBUG main            d.u.i.k.j.r.ClassPreparationMethodBuilder clPrepBuilder: Inner Class detected. Reject building class initialisation methods. 
81495      DEBUG main            d.u.i.k.p.i.AbstractProblemLoader Init config took 3.26s 
81547      INFO  main            d.u.i.k.p.i.AbstractProblemLoader Replaying proof ArrayList[ArrayList::enlarge()].JML normal_behavior operation contract.0 
81826      DEBUG main            d.u.i.k.p.i.IntermediateProofReplayer Proof replay took 258.03ms 
81827      DEBUG main            d.u.i.k.p.r.p.TestFile    ... success: reloaded. 
81829      INFO  main            d.u.i.k.p.r.p.TestFile    Now processing file /home/runner/work/key/key/key.core/../key.ui/examples/heap/list/ArrayList_footprint.key 
81829      INFO  main            d.u.i.k.p.i.AbstractProblemLoader Loading environment from /home/runner/work/key/key/key.core/../key.ui/examples/heap/list/ArrayList_footprint.key 
81829      DEBUG main            d.u.i.k.p.i.AbstractProblemLoader Environment load took 241.4ns 
81830      INFO  main            d.u.i.k.p.i.AbstractProblemLoader Creating init config 
82911      DEBUG main            d.u.i.k.j.r.ClassPreparationMethodBuilder clPrepBuilder: Inner Class detected. Reject building class initialisation methods. 
85138      DEBUG main            d.u.i.k.p.i.AbstractProblemLoader Init config took 3.31s 
85201      INFO  main            d.u.i.k.p.i.AbstractProblemLoader Replaying proof List[List::$footprint()].JML accessible clause.0 
85203      DEBUG main            d.u.i.k.p.i.IntermediateProofReplayer Proof replay took 5.4ns 
85305      INFO  main            d.u.i.k.p.r.p.TestFile    ... finished proof: closed. 
85475      INFO  main            d.u.i.k.p.i.AbstractProblemLoader Loading environment from /home/runner/work/key/key/key.core/../key.ui/examples/heap/list/ArrayList_footprint.key.proof 
85475      DEBUG main            d.u.i.k.p.i.AbstractProblemLoader Environment load took 124.5ns 
85476      INFO  main            d.u.i.k.p.i.AbstractProblemLoader Creating init config 
86557      DEBUG main            d.u.i.k.j.r.ClassPreparationMethodBuilder clPrepBuilder: Inner Class detected. Reject building class initialisation methods. 
88794      DEBUG main            d.u.i.k.p.i.AbstractProblemLoader Init config took 3.32s 
88838      INFO  main            d.u.i.k.p.i.AbstractProblemLoader Replaying proof List[List::$footprint()].JML accessible clause.0 
88840      DEBUG main            d.u.i.k.p.i.IntermediateProofReplayer Proof replay took 955.9ns 
88841      DEBUG main            d.u.i.k.p.r.p.TestFile    ... success: reloaded. 
88844      INFO  main            d.u.i.k.p.r.p.TestFile    Now processing file /home/runner/work/key/key/key.core/../key.ui/examples/heap/list/ArrayList_get_dep.key 
88844      INFO  main            d.u.i.k.p.i.AbstractProblemLoader Loading environment from /home/runner/work/key/key/key.core/../key.ui/examples/heap/list/ArrayList_get_dep.key 
88844      DEBUG main            d.u.i.k.p.i.AbstractProblemLoader Environment load took 230.6ns 
88845      INFO  main            d.u.i.k.p.i.AbstractProblemLoader Creating init config 
89898      DEBUG main            d.u.i.k.j.r.ClassPreparationMethodBuilder clPrepBuilder: Inner Class detected. Reject building class initialisation methods. 
92124      DEBUG main            d.u.i.k.p.i.AbstractProblemLoader Init config took 3.28s 
92184      INFO  main            d.u.i.k.p.i.AbstractProblemLoader Replaying proof ArrayList[List::get(int)].JML accessible clause.0 
92186      DEBUG main            d.u.i.k.p.i.IntermediateProofReplayer Proof replay took 5.6ns 
92592      INFO  main            d.u.i.k.p.r.p.TestFile    ... finished proof: closed. 
92793      INFO  main            d.u.i.k.p.i.AbstractProblemLoader Loading environment from /home/runner/work/key/key/key.core/../key.ui/examples/heap/list/ArrayList_get_dep.key.proof 
92794      DEBUG main            d.u.i.k.p.i.AbstractProblemLoader Environment load took 122.4ns 
92795      INFO  main            d.u.i.k.p.i.AbstractProblemLoader Creating init config 
93824      DEBUG main            d.u.i.k.j.r.ClassPreparationMethodBuilder clPrepBuilder: Inner Class detected. Reject building class initialisation methods. 
96060      DEBUG main            d.u.i.k.p.i.AbstractProblemLoader Init config took 3.27s 
96107      INFO  main            d.u.i.k.p.i.AbstractProblemLoader Replaying proof ArrayList[List::get(int)].JML accessible clause.0 
96166      DEBUG main            d.u.i.k.p.i.IntermediateProofReplayer Proof replay took 54.25ms 
96168      DEBUG main            d.u.i.k.p.r.p.TestFile    ... success: reloaded. 
96170      INFO  main            d.u.i.k.p.r.p.TestFile    Now processing file /home/runner/work/key/key/key.core/../key.ui/examples/heap/list/ArrayList_get_exceptional.key 
96170      INFO  main            d.u.i.k.p.i.AbstractProblemLoader Loading environment from /home/runner/work/key/key/key.core/../key.ui/examples/heap/list/ArrayList_get_exceptional.key 
96172      DEBUG main            d.u.i.k.p.i.AbstractProblemLoader Environment load took 1.7ms 
96173      INFO  main            d.u.i.k.p.i.AbstractProblemLoader Creating init config 
97207      DEBUG main            d.u.i.k.j.r.ClassPreparationMethodBuilder clPrepBuilder: Inner Class detected. Reject building class initialisation methods. 
99433      DEBUG main            d.u.i.k.p.i.AbstractProblemLoader Init config took 3.26s 
99481      INFO  main            d.u.i.k.p.i.AbstractProblemLoader Replaying proof ArrayList[List::get(int)].JML exceptional_behavior operation contract.0 
99483      DEBUG main            d.u.i.k.p.i.IntermediateProofReplayer Proof replay took 5.7ns 
100687     INFO  main            d.u.i.k.p.r.p.TestFile    ... finished proof: closed. 
100888     INFO  main            d.u.i.k.p.i.AbstractProblemLoader Loading environment from /home/runner/work/key/key/key.core/../key.ui/examples/heap/list/ArrayList_get_exceptional.key.proof 
100896     DEBUG main            d.u.i.k.p.i.AbstractProblemLoader Environment load took 7.4ms 
100897     INFO  main            d.u.i.k.p.i.AbstractProblemLoader Creating init config 
101924     DEBUG main            d.u.i.k.j.r.ClassPreparationMethodBuilder clPrepBuilder: Inner Class detected. Reject building class initialisation methods. 
104134     DEBUG main            d.u.i.k.p.i.AbstractProblemLoader Init config took 3.24s 
104181     INFO  main            d.u.i.k.p.i.AbstractProblemLoader Replaying proof ArrayList[List::get(int)].JML exceptional_behavior operation contract.0 
104324     DEBUG main            d.u.i.k.p.i.IntermediateProofReplayer Proof replay took 136.46ms 
104325     DEBUG main            d.u.i.k.p.r.p.TestFile    ... success: reloaded. 
104327     INFO  main            d.u.i.k.p.r.p.TestFile    Now processing file /home/runner/work/key/key/key.core/../key.ui/examples/heap/list/ArrayList_get_normal.key 
104327     INFO  main            d.u.i.k.p.i.AbstractProblemLoader Loading environment from /home/runner/work/key/key/key.core/../key.ui/examples/heap/list/ArrayList_get_normal.key 
104327     DEBUG main            d.u.i.k.p.i.AbstractProblemLoader Environment load took 234.4ns 
104328     INFO  main            d.u.i.k.p.i.AbstractProblemLoader Creating init config 
105381     DEBUG main            d.u.i.k.j.r.ClassPreparationMethodBuilder clPrepBuilder: Inner Class detected. Reject building class initialisation methods. 
107589     DEBUG main            d.u.i.k.p.i.AbstractProblemLoader Init config took 3.26s 
107671     INFO  main            d.u.i.k.p.i.AbstractProblemLoader Replaying proof ArrayList[List::get(int)].JML normal_behavior operation contract.0 
107673     DEBUG main            d.u.i.k.p.i.IntermediateProofReplayer Proof replay took 5.6ns 
108078     INFO  main            d.u.i.k.p.r.p.TestFile    ... finished proof: closed. 
108287     INFO  main            d.u.i.k.p.i.AbstractProblemLoader Loading environment from /home/runner/work/key/key/key.core/../key.ui/examples/heap/list/ArrayList_get_normal.key.proof 
108287     DEBUG main            d.u.i.k.p.i.AbstractProblemLoader Environment load took 123ns 
108288     INFO  main            d.u.i.k.p.i.AbstractProblemLoader Creating init config 
109338     DEBUG main            d.u.i.k.j.r.ClassPreparationMethodBuilder clPrepBuilder: Inner Class detected. Reject building class initialisation methods. 
111517     DEBUG main            d.u.i.k.p.i.AbstractProblemLoader Init config took 3.23s 
111570     INFO  main            d.u.i.k.p.i.AbstractProblemLoader Replaying proof ArrayList[List::get(int)].JML normal_behavior operation contract.0 
111627     DEBUG main            d.u.i.k.p.i.IntermediateProofReplayer Proof replay took 51.96ms 
111628     DEBUG main            d.u.i.k.p.r.p.TestFile    ... success: reloaded. 
111630     INFO  main            d.u.i.k.p.r.p.TestFile    Now processing file /home/runner/work/key/key/key.core/../key.ui/examples/heap/list/ArrayList_inv.key 
111630     INFO  main            d.u.i.k.p.i.AbstractProblemLoader Loading environment from /home/runner/work/key/key/key.core/../key.ui/examples/heap/list/ArrayList_inv.key 
111630     DEBUG main            d.u.i.k.p.i.AbstractProblemLoader Environment load took 229ns 
111631     INFO  main            d.u.i.k.p.i.AbstractProblemLoader Creating init config 
112674     DEBUG main            d.u.i.k.j.r.ClassPreparationMethodBuilder clPrepBuilder: Inner Class detected. Reject building class initialisation methods. 
114867     DEBUG main            d.u.i.k.p.i.AbstractProblemLoader Init config took 3.24s 
114938     INFO  main            d.u.i.k.p.i.AbstractProblemLoader Replaying proof ArrayList[java.lang.Object::<inv>()].JML accessible clause.0 
114940     DEBUG main            d.u.i.k.p.i.IntermediateProofReplayer Proof replay took 6ns 
115344     INFO  main            d.u.i.k.p.r.p.TestFile    ... finished proof: closed. 
115569     INFO  main            d.u.i.k.p.i.AbstractProblemLoader Loading environment from /home/runner/work/key/key/key.core/../key.ui/examples/heap/list/ArrayList_inv.key.proof 
115569     DEBUG main            d.u.i.k.p.i.AbstractProblemLoader Environment load took 124.9ns 
115570     INFO  main            d.u.i.k.p.i.AbstractProblemLoader Creating init config 
116595     DEBUG main            d.u.i.k.j.r.ClassPreparationMethodBuilder clPrepBuilder: Inner Class detected. Reject building class initialisation methods. 
118818     DEBUG main            d.u.i.k.p.i.AbstractProblemLoader Init config took 3.25s 
118864     INFO  main            d.u.i.k.p.i.AbstractProblemLoader Replaying proof ArrayList[java.lang.Object::<inv>()].JML accessible clause.0 
118898     DEBUG main            d.u.i.k.p.i.IntermediateProofReplayer Proof replay took 30.85ms 
118899     DEBUG main            d.u.i.k.p.r.p.TestFile    ... success: reloaded. 
118900     INFO  main            d.u.i.k.p.r.p.TestFile    Now processing file /home/runner/work/key/key/key.core/../key.ui/examples/heap/list/ArrayList_iterator.key 
118901     INFO  main            d.u.i.k.p.i.AbstractProblemLoader Loading environment from /home/runner/work/key/key/key.core/../key.ui/examples/heap/list/ArrayList_iterator.key 
118901     DEBUG main            d.u.i.k.p.i.AbstractProblemLoader Environment load took 106ns 
118902     INFO  main            d.u.i.k.p.i.AbstractProblemLoader Creating init config 
119927     DEBUG main            d.u.i.k.j.r.ClassPreparationMethodBuilder clPrepBuilder: Inner Class detected. Reject building class initialisation methods. 
122110     DEBUG main            d.u.i.k.p.i.AbstractProblemLoader Init config took 3.21s 
122156     INFO  main            d.u.i.k.p.i.AbstractProblemLoader Replaying proof ArrayList[List::iterator()].JML normal_behavior operation contract.0 
122158     DEBUG main            d.u.i.k.p.i.IntermediateProofReplayer Proof replay took 5.6ns 
122699     INFO  main            d.u.i.k.p.r.p.TestFile    ... finished proof: closed. 
122953     INFO  main            d.u.i.k.p.i.AbstractProblemLoader Loading environment from /home/runner/work/key/key/key.core/../key.ui/examples/heap/list/ArrayList_iterator.key.proof 
122953     DEBUG main            d.u.i.k.p.i.AbstractProblemLoader Environment load took 134.2ns 
122954     INFO  main            d.u.i.k.p.i.AbstractProblemLoader Creating init config 
123984     DEBUG main            d.u.i.k.j.r.ClassPreparationMethodBuilder clPrepBuilder: Inner Class detected. Reject building class initialisation methods. 
126153     DEBUG main            d.u.i.k.p.i.AbstractProblemLoader Init config took 3.2s 
126212     INFO  main            d.u.i.k.p.i.AbstractProblemLoader Replaying proof ArrayList[List::iterator()].JML normal_behavior operation contract.0 
126279     DEBUG main            d.u.i.k.p.i.IntermediateProofReplayer Proof replay took 59.66ms 
126281     DEBUG main            d.u.i.k.p.r.p.TestFile    ... success: reloaded. 
126283     INFO  main            d.u.i.k.p.r.p.TestFile    Now processing file /home/runner/work/key/key/key.core/../key.ui/examples/heap/list/ArrayList_size_dep.key 
126283     INFO  main            d.u.i.k.p.i.AbstractProblemLoader Loading environment from /home/runner/work/key/key/key.core/../key.ui/examples/heap/list/ArrayList_size_dep.key 
126283     DEBUG main            d.u.i.k.p.i.AbstractProblemLoader Environment load took 104.2ns 
126284     INFO  main            d.u.i.k.p.i.AbstractProblemLoader Creating init config 
127325     DEBUG main            d.u.i.k.j.r.ClassPreparationMethodBuilder clPrepBuilder: Inner Class detected. Reject building class initialisation methods. 
129561     DEBUG main            d.u.i.k.p.i.AbstractProblemLoader Init config took 3.28s 
129606     INFO  main            d.u.i.k.p.i.AbstractProblemLoader Replaying proof ArrayList[List::size()].JML accessible clause.0 
129607     DEBUG main            d.u.i.k.p.i.IntermediateProofReplayer Proof replay took 5.8ns 
129809     INFO  main            d.u.i.k.p.r.p.TestFile    ... finished proof: closed. 
130029     INFO  main            d.u.i.k.p.i.AbstractProblemLoader Loading environment from /home/runner/work/key/key/key.core/../key.ui/examples/heap/list/ArrayList_size_dep.key.proof 
130029     DEBUG main            d.u.i.k.p.i.AbstractProblemLoader Environment load took 130.6ns 
130030     INFO  main            d.u.i.k.p.i.AbstractProblemLoader Creating init config 
131045     DEBUG main            d.u.i.k.j.r.ClassPreparationMethodBuilder clPrepBuilder: Inner Class detected. Reject building class initialisation methods. 
133256     DEBUG main            d.u.i.k.p.i.AbstractProblemLoader Init config took 3.23s 
133301     INFO  main            d.u.i.k.p.i.AbstractProblemLoader Replaying proof ArrayList[List::size()].JML accessible clause.0 
133318     DEBUG main            d.u.i.k.p.i.IntermediateProofReplayer Proof replay took 15.42ms 
133319     DEBUG main            d.u.i.k.p.r.p.TestFile    ... success: reloaded. 
133320     INFO  main            d.u.i.k.p.r.p.TestFile    Now processing file /home/runner/work/key/key/key.core/../key.ui/examples/heap/list/ArrayList_size.key 
133321     INFO  main            d.u.i.k.p.i.AbstractProblemLoader Loading environment from /home/runner/work/key/key/key.core/../key.ui/examples/heap/list/ArrayList_size.key 
133321     DEBUG main            d.u.i.k.p.i.AbstractProblemLoader Environment load took 92.7ns 
133322     INFO  main            d.u.i.k.p.i.AbstractProblemLoader Creating init config 
134347     DEBUG main            d.u.i.k.j.r.ClassPreparationMethodBuilder clPrepBuilder: Inner Class detected. Reject building class initialisation methods. 
136537     DEBUG main            d.u.i.k.p.i.AbstractProblemLoader Init config took 3.22s 
136582     INFO  main            d.u.i.k.p.i.AbstractProblemLoader Replaying proof ArrayList[List::size()].JML normal_behavior operation contract.0 
136584     DEBUG main            d.u.i.k.p.i.IntermediateProofReplayer Proof replay took 6.5ns 
136887     INFO  main            d.u.i.k.p.r.p.TestFile    ... finished proof: closed. 
137119     INFO  main            d.u.i.k.p.i.AbstractProblemLoader Loading environment from /home/runner/work/key/key/key.core/../key.ui/examples/heap/list/ArrayList_size.key.proof 
137119     DEBUG main            d.u.i.k.p.i.AbstractProblemLoader Environment load took 121.3ns 
137120     INFO  main            d.u.i.k.p.i.AbstractProblemLoader Creating init config 
138142     DEBUG main            d.u.i.k.j.r.ClassPreparationMethodBuilder clPrepBuilder: Inner Class detected. Reject building class initialisation methods. 
140337     DEBUG main            d.u.i.k.p.i.AbstractProblemLoader Init config took 3.22s 
140395     INFO  main            d.u.i.k.p.i.AbstractProblemLoader Replaying proof ArrayList[List::size()].JML normal_behavior operation contract.0 
140425     DEBUG main            d.u.i.k.p.i.IntermediateProofReplayer Proof replay took 25.63ms 
140427     DEBUG main            d.u.i.k.p.r.p.TestFile    ... success: reloaded. 
140429     INFO  main            d.u.i.k.p.r.p.TestFile    Now processing file /home/runner/work/key/key/key.core/../key.ui/examples/heap/list/ArrayList.ArrayListIterator_ArrayListIterator.key 
140429     INFO  main            d.u.i.k.p.i.AbstractProblemLoader Loading environment from /home/runner/work/key/key/key.core/../key.ui/examples/heap/list/ArrayList.ArrayListIterator_ArrayListIterator.key 
140430     DEBUG main            d.u.i.k.p.i.AbstractProblemLoader Environment load took 134.3ns 
140430     INFO  main            d.u.i.k.p.i.AbstractProblemLoader Creating init config 
141462     DEBUG main            d.u.i.k.j.r.ClassPreparationMethodBuilder clPrepBuilder: Inner Class detected. Reject building class initialisation methods. 
143644     DEBUG main            d.u.i.k.p.i.AbstractProblemLoader Init config took 3.21s 
143700     INFO  main            d.u.i.k.p.i.AbstractProblemLoader Replaying proof ArrayList.ArrayListIterator[ArrayList.ArrayListIterator::ArrayListIterator(ArrayList)].JML normal_behavior operation contract.0 
143702     DEBUG main            d.u.i.k.p.i.IntermediateProofReplayer Proof replay took 5.7ns 
144430     INFO  main            d.u.i.k.p.r.p.TestFile    ... finished proof: closed. 
144652     INFO  main            d.u.i.k.p.i.AbstractProblemLoader Loading environment from /home/runner/work/key/key/key.core/../key.ui/examples/heap/list/ArrayList.ArrayListIterator_ArrayListIterator.key.proof 
144653     DEBUG main            d.u.i.k.p.i.AbstractProblemLoader Environment load took 497.2ns 
144654     INFO  main            d.u.i.k.p.i.AbstractProblemLoader Creating init config 
145659     DEBUG main            d.u.i.k.j.r.ClassPreparationMethodBuilder clPrepBuilder: Inner Class detected. Reject building class initialisation methods. 
147827     DEBUG main            d.u.i.k.p.i.AbstractProblemLoader Init config took 3.17s 
147886     INFO  main            d.u.i.k.p.i.AbstractProblemLoader Replaying proof ArrayList.ArrayListIterator[ArrayList.ArrayListIterator::ArrayListIterator(ArrayList)].JML normal_behavior operation contract.0 
147991     DEBUG main            d.u.i.k.p.i.IntermediateProofReplayer Proof replay took 98.13ms 
147992     DEBUG main            d.u.i.k.p.r.p.TestFile    ... success: reloaded. 
147993     INFO  main            d.u.i.k.p.r.p.TestFile    Now processing file /home/runner/work/key/key/key.core/../key.ui/examples/heap/list/ArrayList.ArrayListIterator_hasNext_dep.key 
147994     INFO  main            d.u.i.k.p.i.AbstractProblemLoader Loading environment from /home/runner/work/key/key/key.core/../key.ui/examples/heap/list/ArrayList.ArrayListIterator_hasNext_dep.key 
147994     DEBUG main            d.u.i.k.p.i.AbstractProblemLoader Environment load took 264.8ns 
147995     INFO  main            d.u.i.k.p.i.AbstractProblemLoader Creating init config 
149050     DEBUG main            d.u.i.k.j.r.ClassPreparationMethodBuilder clPrepBuilder: Inner Class detected. Reject building class initialisation methods. 
151267     DEBUG main            d.u.i.k.p.i.AbstractProblemLoader Init config took 3.27s 
151318     INFO  main            d.u.i.k.p.i.AbstractProblemLoader Replaying proof ArrayList.ArrayListIterator[ListIterator::hasNext()].JML accessible clause.0 
151320     DEBUG main            d.u.i.k.p.i.IntermediateProofReplayer Proof replay took 5.8ns 
151723     INFO  main            d.u.i.k.p.r.p.TestFile    ... finished proof: closed. 
151953     INFO  main            d.u.i.k.p.i.AbstractProblemLoader Loading environment from /home/runner/work/key/key/key.core/../key.ui/examples/heap/list/ArrayList.ArrayListIterator_hasNext_dep.key.proof 
151953     DEBUG main            d.u.i.k.p.i.AbstractProblemLoader Environment load took 137.4ns 
151954     INFO  main            d.u.i.k.p.i.AbstractProblemLoader Creating init config 
152958     DEBUG main            d.u.i.k.j.r.ClassPreparationMethodBuilder clPrepBuilder: Inner Class detected. Reject building class initialisation methods. 
155179     DEBUG main            d.u.i.k.p.i.AbstractProblemLoader Init config took 3.22s 
155239     INFO  main            d.u.i.k.p.i.AbstractProblemLoader Replaying proof ArrayList.ArrayListIterator[ListIterator::hasNext()].JML accessible clause.0 
155276     DEBUG main            d.u.i.k.p.i.IntermediateProofReplayer Proof replay took 33.87ms 
155282     DEBUG main            d.u.i.k.p.r.p.TestFile    ... success: reloaded. 
155283     INFO  main            d.u.i.k.p.r.p.TestFile    Now processing file /home/runner/work/key/key/key.core/../key.ui/examples/heap/list/ArrayList.ArrayListIterator_hasNext.key 
155284     INFO  main            d.u.i.k.p.i.AbstractProblemLoader Loading environment from /home/runner/work/key/key/key.core/../key.ui/examples/heap/list/ArrayList.ArrayListIterator_hasNext.key 
155284     DEBUG main            d.u.i.k.p.i.AbstractProblemLoader Environment load took 238.9ns 
155285     INFO  main            d.u.i.k.p.i.AbstractProblemLoader Creating init config 
156322     DEBUG main            d.u.i.k.j.r.ClassPreparationMethodBuilder clPrepBuilder: Inner Class detected. Reject building class initialisation methods. 
158509     DEBUG main            d.u.i.k.p.i.AbstractProblemLoader Init config took 3.22s 
158561     INFO  main            d.u.i.k.p.i.AbstractProblemLoader Replaying proof ArrayList.ArrayListIterator[ListIterator::hasNext()].JML normal_behavior operation contract.0 
158563     DEBUG main            d.u.i.k.p.i.IntermediateProofReplayer Proof replay took 5.7ns 
158966     INFO  main            d.u.i.k.p.r.p.TestFile    ... finished proof: closed. 
159222     INFO  main            d.u.i.k.p.i.AbstractProblemLoader Loading environment from /home/runner/work/key/key/key.core/../key.ui/examples/heap/list/ArrayList.ArrayListIterator_hasNext.key.proof 
159222     DEBUG main            d.u.i.k.p.i.AbstractProblemLoader Environment load took 111.4ns 
159223     INFO  main            d.u.i.k.p.i.AbstractProblemLoader Creating init config 
160232     DEBUG main            d.u.i.k.j.r.ClassPreparationMethodBuilder clPrepBuilder: Inner Class detected. Reject building class initialisation methods. 
162404     DEBUG main            d.u.i.k.p.i.AbstractProblemLoader Init config took 3.18s 
162455     INFO  main            d.u.i.k.p.i.AbstractProblemLoader Replaying proof ArrayList.ArrayListIterator[ListIterator::hasNext()].JML normal_behavior operation contract.0 
162506     DEBUG main            d.u.i.k.p.i.IntermediateProofReplayer Proof replay took 47.84ms 
162507     DEBUG main            d.u.i.k.p.r.p.TestFile    ... success: reloaded. 
162508     INFO  main            d.u.i.k.p.r.p.TestFile    Now processing file /home/runner/work/key/key/key.core/../key.ui/examples/heap/list/ArrayList.ArrayListIterator_inv.key 
162508     INFO  main            d.u.i.k.p.i.AbstractProblemLoader Loading environment from /home/runner/work/key/key/key.core/../key.ui/examples/heap/list/ArrayList.ArrayListIterator_inv.key 
162508     DEBUG main            d.u.i.k.p.i.AbstractProblemLoader Environment load took 117.3ns 
162509     INFO  main            d.u.i.k.p.i.AbstractProblemLoader Creating init config 
163526     DEBUG main            d.u.i.k.j.r.ClassPreparationMethodBuilder clPrepBuilder: Inner Class detected. Reject building class initialisation methods. 
165764     DEBUG main            d.u.i.k.p.i.AbstractProblemLoader Init config took 3.25s 
165815     INFO  main            d.u.i.k.p.i.AbstractProblemLoader Replaying proof ArrayList.ArrayListIterator[java.lang.Object::<inv>()].JML accessible clause.0 
165816     DEBUG main            d.u.i.k.p.i.IntermediateProofReplayer Proof replay took 5.6ns 
166945     INFO  main            d.u.i.k.p.r.p.TestFile    ... finished proof: closed. 
167195     INFO  main            d.u.i.k.p.i.AbstractProblemLoader Loading environment from /home/runner/work/key/key/key.core/../key.ui/examples/heap/list/ArrayList.ArrayListIterator_inv.key.proof 
167195     DEBUG main            d.u.i.k.p.i.AbstractProblemLoader Environment load took 116.6ns 
167198     INFO  main            d.u.i.k.p.i.AbstractProblemLoader Creating init config 
168216     DEBUG main            d.u.i.k.j.r.ClassPreparationMethodBuilder clPrepBuilder: Inner Class detected. Reject building class initialisation methods. 
170358     DEBUG main            d.u.i.k.p.i.AbstractProblemLoader Init config took 3.16s 
170408     INFO  main            d.u.i.k.p.i.AbstractProblemLoader Replaying proof ArrayList.ArrayListIterator[java.lang.Object::<inv>()].JML accessible clause.0 
170480     DEBUG main            d.u.i.k.p.i.IntermediateProofReplayer Proof replay took 67.23ms 
170481     DEBUG main            d.u.i.k.p.r.p.TestFile    ... success: reloaded. 
170482     INFO  main            d.u.i.k.p.r.p.TestFile    Now processing file /home/runner/work/key/key/key.core/../key.ui/examples/heap/list/ArrayList.ArrayListIterator_list.key 
170482     INFO  main            d.u.i.k.p.i.AbstractProblemLoader Loading environment from /home/runner/work/key/key/key.core/../key.ui/examples/heap/list/ArrayList.ArrayListIterator_list.key 
170482     DEBUG main            d.u.i.k.p.i.AbstractProblemLoader Environment load took 88.7ns 
170483     INFO  main            d.u.i.k.p.i.AbstractProblemLoader Creating init config 
171521     DEBUG main            d.u.i.k.j.r.ClassPreparationMethodBuilder clPrepBuilder: Inner Class detected. Reject building class initialisation methods. 
173695     DEBUG main            d.u.i.k.p.i.AbstractProblemLoader Init config took 3.21s 
173734     INFO  main            d.u.i.k.p.i.AbstractProblemLoader Replaying proof ListIterator[ListIterator::$list()].JML accessible clause.0 
173735     DEBUG main            d.u.i.k.p.i.IntermediateProofReplayer Proof replay took 5.7ns 
173839     INFO  main            d.u.i.k.p.r.p.TestFile    ... finished proof: closed. 
174088     INFO  main            d.u.i.k.p.i.AbstractProblemLoader Loading environment from /home/runner/work/key/key/key.core/../key.ui/examples/heap/list/ArrayList.ArrayListIterator_list.key.proof 
174089     DEBUG main            d.u.i.k.p.i.AbstractProblemLoader Environment load took 124.8ns 
174089     INFO  main            d.u.i.k.p.i.AbstractProblemLoader Creating init config 
175104     DEBUG main            d.u.i.k.j.r.ClassPreparationMethodBuilder clPrepBuilder: Inner Class detected. Reject building class initialisation methods. 
177255     DEBUG main            d.u.i.k.p.i.AbstractProblemLoader Init config took 3.17s 
177294     INFO  main            d.u.i.k.p.i.AbstractProblemLoader Replaying proof ListIterator[ListIterator::$list()].JML accessible clause.0 
177296     DEBUG main            d.u.i.k.p.i.IntermediateProofReplayer Proof replay took 841.8ns 
177297     DEBUG main            d.u.i.k.p.r.p.TestFile    ... success: reloaded. 
177298     INFO  main            d.u.i.k.p.r.p.TestFile    Now processing file /home/runner/work/key/key/key.core/../key.ui/examples/heap/list/ArrayList.ArrayListIterator_next_exceptional.key 
177298     INFO  main            d.u.i.k.p.i.AbstractProblemLoader Loading environment from /home/runner/work/key/key/key.core/../key.ui/examples/heap/list/ArrayList.ArrayListIterator_next_exceptional.key 
177298     DEBUG main            d.u.i.k.p.i.AbstractProblemLoader Environment load took 123.1ns 
177299     INFO  main            d.u.i.k.p.i.AbstractProblemLoader Creating init config 
178335     DEBUG main            d.u.i.k.j.r.ClassPreparationMethodBuilder clPrepBuilder: Inner Class detected. Reject building class initialisation methods. 
180549     DEBUG main            d.u.i.k.p.i.AbstractProblemLoader Init config took 3.25s 
180599     INFO  main            d.u.i.k.p.i.AbstractProblemLoader Replaying proof ArrayList.ArrayListIterator[ListIterator::next()].JML exceptional_behavior operation contract.0 
180601     DEBUG main            d.u.i.k.p.i.IntermediateProofReplayer Proof replay took 6ns 
181523     INFO  main            d.u.i.k.p.r.p.TestFile    ... finished proof: closed. 
181785     INFO  main            d.u.i.k.p.i.AbstractProblemLoader Loading environment from /home/runner/work/key/key/key.core/../key.ui/examples/heap/list/ArrayList.ArrayListIterator_next_exceptional.key.proof 
181785     DEBUG main            d.u.i.k.p.i.AbstractProblemLoader Environment load took 140.2ns 
181787     INFO  main            d.u.i.k.p.i.AbstractProblemLoader Creating init config 
182801     DEBUG main            d.u.i.k.j.r.ClassPreparationMethodBuilder clPrepBuilder: Inner Class detected. Reject building class initialisation methods. 
184966     DEBUG main            d.u.i.k.p.i.AbstractProblemLoader Init config took 3.18s 
185016     INFO  main            d.u.i.k.p.i.AbstractProblemLoader Replaying proof ArrayList.ArrayListIterator[ListIterator::next()].JML exceptional_behavior operation contract.0 
185110     DEBUG main            d.u.i.k.p.i.IntermediateProofReplayer Proof replay took 89.36ms 
185111     DEBUG main            d.u.i.k.p.r.p.TestFile    ... success: reloaded. 
185112     INFO  main            d.u.i.k.p.r.p.TestFile    Now processing file /home/runner/work/key/key/key.core/../key.ui/examples/heap/list/ArrayList.ArrayListIterator_next_normal.key 
185112     INFO  main            d.u.i.k.p.i.AbstractProblemLoader Loading environment from /home/runner/work/key/key/key.core/../key.ui/examples/heap/list/ArrayList.ArrayListIterator_next_normal.key 
185113     DEBUG main            d.u.i.k.p.i.AbstractProblemLoader Environment load took 107.9ns 
185113     INFO  main            d.u.i.k.p.i.AbstractProblemLoader Creating init config 
186180     DEBUG main            d.u.i.k.j.r.ClassPreparationMethodBuilder clPrepBuilder: Inner Class detected. Reject building class initialisation methods. 
188362     DEBUG main            d.u.i.k.p.i.AbstractProblemLoader Init config took 3.25s 
188413     INFO  main            d.u.i.k.p.i.AbstractProblemLoader Replaying proof ArrayList.ArrayListIterator[ListIterator::next()].JML normal_behavior operation contract.0 
188414     DEBUG main            d.u.i.k.p.i.IntermediateProofReplayer Proof replay took 5.5ns 
189318     INFO  main            d.u.i.k.p.r.p.TestFile    ... finished proof: closed. 
189589     INFO  main            d.u.i.k.p.i.AbstractProblemLoader Loading environment from /home/runner/work/key/key/key.core/../key.ui/examples/heap/list/ArrayList.ArrayListIterator_next_normal.key.proof 
189589     DEBUG main            d.u.i.k.p.i.AbstractProblemLoader Environment load took 120.1ns 
189590     INFO  main            d.u.i.k.p.i.AbstractProblemLoader Creating init config 
190592     DEBUG main            d.u.i.k.j.r.ClassPreparationMethodBuilder clPrepBuilder: Inner Class detected. Reject building class initialisation methods. 
192733     DEBUG main            d.u.i.k.p.i.AbstractProblemLoader Init config took 3.14s 
192796     INFO  main            d.u.i.k.p.i.AbstractProblemLoader Replaying proof ArrayList.ArrayListIterator[ListIterator::next()].JML normal_behavior operation contract.0 
192895     DEBUG main            d.u.i.k.p.i.IntermediateProofReplayer Proof replay took 93.96ms 
192896     DEBUG main            d.u.i.k.p.r.p.TestFile    ... success: reloaded. 
192897     INFO  main            d.u.i.k.p.r.p.TestFile    Now processing file /home/runner/work/key/key/key.core/../key.ui/examples/heap/list/ArrayList.ArrayListIterator_pos.key 
192897     INFO  main            d.u.i.k.p.i.AbstractProblemLoader Loading environment from /home/runner/work/key/key/key.core/../key.ui/examples/heap/list/ArrayList.ArrayListIterator_pos.key 
192897     DEBUG main            d.u.i.k.p.i.AbstractProblemLoader Environment load took 82.4ns 
192898     INFO  main            d.u.i.k.p.i.AbstractProblemLoader Creating init config 
193918     DEBUG main            d.u.i.k.j.r.ClassPreparationMethodBuilder clPrepBuilder: Inner Class detected. Reject building class initialisation methods. 
196145     DEBUG main            d.u.i.k.p.i.AbstractProblemLoader Init config took 3.25s 
196184     INFO  main            d.u.i.k.p.i.AbstractProblemLoader Replaying proof ListIterator[ListIterator::$pos()].JML accessible clause.0 
196185     DEBUG main            d.u.i.k.p.i.IntermediateProofReplayer Proof replay took 6ns 
196288     INFO  main            d.u.i.k.p.r.p.TestFile    ... finished proof: closed. 
196550     INFO  main            d.u.i.k.p.i.AbstractProblemLoader Loading environment from /home/runner/work/key/key/key.core/../key.ui/examples/heap/list/ArrayList.ArrayListIterator_pos.key.proof 
196550     DEBUG main            d.u.i.k.p.i.AbstractProblemLoader Environment load took 108.8ns 
196551     INFO  main            d.u.i.k.p.i.AbstractProblemLoader Creating init config 
197559     DEBUG main            d.u.i.k.j.r.ClassPreparationMethodBuilder clPrepBuilder: Inner Class detected. Reject building class initialisation methods. 
199698     DEBUG main            d.u.i.k.p.i.AbstractProblemLoader Init config took 3.15s 
199739     INFO  main            d.u.i.k.p.i.AbstractProblemLoader Replaying proof ListIterator[ListIterator::$pos()].JML accessible clause.0 
199742     DEBUG main            d.u.i.k.p.i.IntermediateProofReplayer Proof replay took 846.71ns 
199743     DEBUG main            d.u.i.k.p.r.p.TestFile    ... success: reloaded. 
199744     INFO  main            d.u.i.k.p.r.p.TestFile    Now processing file /home/runner/work/key/key/key.core/../key.ui/examples/heap/list/Client_m.key 
199745     INFO  main            d.u.i.k.p.i.AbstractProblemLoader Loading environment from /home/runner/work/key/key/key.core/../key.ui/examples/heap/list/Client_m.key 
199745     DEBUG main            d.u.i.k.p.i.AbstractProblemLoader Environment load took 234.3ns 
199746     INFO  main            d.u.i.k.p.i.AbstractProblemLoader Creating init config 
200814     DEBUG main            d.u.i.k.j.r.ClassPreparationMethodBuilder clPrepBuilder: Inner Class detected. Reject building class initialisation methods. 
202977     DEBUG main            d.u.i.k.p.i.AbstractProblemLoader Init config took 3.23s 
203016     INFO  main            d.u.i.k.p.i.AbstractProblemLoader Replaying proof Client[Client::m(List)].JML normal_behavior operation contract.0 
203017     DEBUG main            d.u.i.k.p.i.IntermediateProofReplayer Proof replay took 5.6ns 
203321     INFO  main            d.u.i.k.p.r.p.TestFile    ... finished proof: closed. 
203609     INFO  main            d.u.i.k.p.i.AbstractProblemLoader Loading environment from /home/runner/work/key/key/key.core/../key.ui/examples/heap/list/Client_m.key.proof 
203609     DEBUG main            d.u.i.k.p.i.AbstractProblemLoader Environment load took 118.1ns 
203610     INFO  main            d.u.i.k.p.i.AbstractProblemLoader Creating init config 
204614     DEBUG main            d.u.i.k.j.r.ClassPreparationMethodBuilder clPrepBuilder: Inner Class detected. Reject building class initialisation methods. 
206753     DEBUG main            d.u.i.k.p.i.AbstractProblemLoader Init config took 3.14s 
206792     INFO  main            d.u.i.k.p.i.AbstractProblemLoader Replaying proof Client[Client::m(List)].JML normal_behavior operation contract.0 
206841     DEBUG main            d.u.i.k.p.i.IntermediateProofReplayer Proof replay took 45.99ms 
206842     DEBUG main            d.u.i.k.p.r.p.TestFile    ... success: reloaded. 
206843     INFO  main            d.u.i.k.p.r.p.TestFile    Now processing file /home/runner/work/key/key/key.core/../key.ui/examples/heap/list/Client_n.key 
206843     INFO  main            d.u.i.k.p.i.AbstractProblemLoader Loading environment from /home/runner/work/key/key/key.core/../key.ui/examples/heap/list/Client_n.key 
206843     DEBUG main            d.u.i.k.p.i.AbstractProblemLoader Environment load took 133.1ns 
206844     INFO  main            d.u.i.k.p.i.AbstractProblemLoader Creating init config 
207862     DEBUG main            d.u.i.k.j.r.ClassPreparationMethodBuilder clPrepBuilder: Inner Class detected. Reject building class initialisation methods. 
210069     DEBUG main            d.u.i.k.p.i.AbstractProblemLoader Init config took 3.22s 
210110     INFO  main            d.u.i.k.p.i.AbstractProblemLoader Replaying proof Client[Client::n(List)].JML normal_behavior operation contract.0 
210111     DEBUG main            d.u.i.k.p.i.IntermediateProofReplayer Proof replay took 5.8ns 
210214     INFO  main            d.u.i.k.p.r.p.TestFile    ... finished proof: closed. 
210499     INFO  main            d.u.i.k.p.i.AbstractProblemLoader Loading environment from /home/runner/work/key/key/key.core/../key.ui/examples/heap/list/Client_n.key.proof 
210499     DEBUG main            d.u.i.k.p.i.AbstractProblemLoader Environment load took 130.2ns 
210500     INFO  main            d.u.i.k.p.i.AbstractProblemLoader Creating init config 
211505     DEBUG main            d.u.i.k.j.r.ClassPreparationMethodBuilder clPrepBuilder: Inner Class detected. Reject building class initialisation methods. 
213674     DEBUG main            d.u.i.k.p.i.AbstractProblemLoader Init config took 3.17s 
213714     INFO  main            d.u.i.k.p.i.AbstractProblemLoader Replaying proof Client[Client::n(List)].JML normal_behavior operation contract.0 
213730     DEBUG main            d.u.i.k.p.i.IntermediateProofReplayer Proof replay took 14.21ms 
213731     DEBUG main            d.u.i.k.p.r.p.TestFile    ... success: reloaded. 
213732     INFO  main            d.u.i.k.p.r.p.TestFile    Now processing file /home/runner/work/key/key/key.core/../key.ui/examples/heap/list/LinkedList_get_exceptional.key 
213732     INFO  main            d.u.i.k.p.i.AbstractProblemLoader Loading environment from /home/runner/work/key/key/key.core/../key.ui/examples/heap/list/LinkedList_get_exceptional.key 
213732     DEBUG main            d.u.i.k.p.i.AbstractProblemLoader Environment load took 108.9ns 
213733     INFO  main            d.u.i.k.p.i.AbstractProblemLoader Creating init config 
214753     DEBUG main            d.u.i.k.j.r.ClassPreparationMethodBuilder clPrepBuilder: Inner Class detected. Reject building class initialisation methods. 
216910     DEBUG main            d.u.i.k.p.i.AbstractProblemLoader Init config took 3.18s 
216954     INFO  main            d.u.i.k.p.i.AbstractProblemLoader Replaying proof LinkedList[List::get(int)].JML exceptional_behavior operation contract.0 
216955     DEBUG main            d.u.i.k.p.i.IntermediateProofReplayer Proof replay took 6ns 
219167     INFO  main            d.u.i.k.p.r.p.TestFile    ... finished proof: closed. 
219566     INFO  main            d.u.i.k.p.i.AbstractProblemLoader Loading environment from /home/runner/work/key/key/key.core/../key.ui/examples/heap/list/LinkedList_get_exceptional.key.proof 
219566     DEBUG main            d.u.i.k.p.i.AbstractProblemLoader Environment load took 453.2ns 
219568     INFO  main            d.u.i.k.p.i.AbstractProblemLoader Creating init config 
220568     DEBUG main            d.u.i.k.j.r.ClassPreparationMethodBuilder clPrepBuilder: Inner Class detected. Reject building class initialisation methods. 
222691     DEBUG main            d.u.i.k.p.i.AbstractProblemLoader Init config took 3.12s 
222747     INFO  main            d.u.i.k.p.i.AbstractProblemLoader Replaying proof LinkedList[List::get(int)].JML exceptional_behavior operation contract.0 
222956     DEBUG main            d.u.i.k.p.i.IntermediateProofReplayer Proof replay took 199.39ms 
222957     DEBUG main            d.u.i.k.p.r.p.TestFile    ... success: reloaded. 
222959     INFO  main            d.u.i.k.p.r.p.TestFile    Now processing file /home/runner/work/key/key/key.core/../key.ui/examples/heap/list/LinkedList_get_normal.key 
222959     INFO  main            d.u.i.k.p.i.AbstractProblemLoader Loading environment from /home/runner/work/key/key/key.core/../key.ui/examples/heap/list/LinkedList_get_normal.key 
222959     DEBUG main            d.u.i.k.p.i.AbstractProblemLoader Environment load took 229.4ns 
222961     INFO  main            d.u.i.k.p.i.AbstractProblemLoader Creating init config 
223982     DEBUG main            d.u.i.k.j.r.ClassPreparationMethodBuilder clPrepBuilder: Inner Class detected. Reject building class initialisation methods. 
226164     DEBUG main            d.u.i.k.p.i.AbstractProblemLoader Init config took 3.2s 
226208     INFO  main            d.u.i.k.p.i.AbstractProblemLoader Replaying proof LinkedList[List::get(int)].JML normal_behavior operation contract.0 
226211     DEBUG main            d.u.i.k.p.i.IntermediateProofReplayer Proof replay took 5.9ns 
232773     INFO  main            d.u.i.k.p.r.p.TestFile    ... finished proof: closed. 
233188     INFO  main            d.u.i.k.p.i.AbstractProblemLoader Loading environment from /home/runner/work/key/key/key.core/../key.ui/examples/heap/list/LinkedList_get_normal.key.proof 
233188     DEBUG main            d.u.i.k.p.i.AbstractProblemLoader Environment load took 471.6ns 
233191     INFO  main            d.u.i.k.p.i.AbstractProblemLoader Creating init config 
234195     DEBUG main            d.u.i.k.j.r.ClassPreparationMethodBuilder clPrepBuilder: Inner Class detected. Reject building class initialisation methods. 
236347     DEBUG main            d.u.i.k.p.i.AbstractProblemLoader Init config took 3.16s 
236391     INFO  main            d.u.i.k.p.i.AbstractProblemLoader Replaying proof LinkedList[List::get(int)].JML normal_behavior operation contract.0 
236743     DEBUG main            d.u.i.k.p.i.IntermediateProofReplayer Proof replay took 330.42ms 
236745     DEBUG main            d.u.i.k.p.r.p.TestFile    ... success: reloaded. 
236746     INFO  main            d.u.i.k.p.r.p.TestFile    Now processing file /home/runner/work/key/key/key.core/../key.ui/examples/heap/list/LinkedList_LinkedList.key 
236747     INFO  main            d.u.i.k.p.i.AbstractProblemLoader Loading environment from /home/runner/work/key/key/key.core/../key.ui/examples/heap/list/LinkedList_LinkedList.key 
236747     DEBUG main            d.u.i.k.p.i.AbstractProblemLoader Environment load took 95.6ns 
236748     INFO  main            d.u.i.k.p.i.AbstractProblemLoader Creating init config 
237779     DEBUG main            d.u.i.k.j.r.ClassPreparationMethodBuilder clPrepBuilder: Inner Class detected. Reject building class initialisation methods. 
239993     DEBUG main            d.u.i.k.p.i.AbstractProblemLoader Init config took 3.24s 
240036     INFO  main            d.u.i.k.p.i.AbstractProblemLoader Replaying proof LinkedList[LinkedList::LinkedList()].JML normal_behavior operation contract.0 
240037     DEBUG main            d.u.i.k.p.i.IntermediateProofReplayer Proof replay took 6.6ns 
240642     INFO  main            d.u.i.k.p.r.p.TestFile    ... finished proof: closed. 
240945     INFO  main            d.u.i.k.p.i.AbstractProblemLoader Loading environment from /home/runner/work/key/key/key.core/../key.ui/examples/heap/list/LinkedList_LinkedList.key.proof 
240945     DEBUG main            d.u.i.k.p.i.AbstractProblemLoader Environment load took 105.4ns 
240946     INFO  main            d.u.i.k.p.i.AbstractProblemLoader Creating init config 
241967     DEBUG main            d.u.i.k.j.r.ClassPreparationMethodBuilder clPrepBuilder: Inner Class detected. Reject building class initialisation methods. 
244098     DEBUG main            d.u.i.k.p.i.AbstractProblemLoader Init config took 3.15s 
244142     INFO  main            d.u.i.k.p.i.AbstractProblemLoader Replaying proof LinkedList[LinkedList::LinkedList()].JML normal_behavior operation contract.0 
244221     DEBUG main            d.u.i.k.p.i.IntermediateProofReplayer Proof replay took 75.76ms 
244222     DEBUG main            d.u.i.k.p.r.p.TestFile    ... success: reloaded. 
244223     INFO  main            d.u.i.k.p.r.p.TestFile    Now processing file /home/runner/work/key/key/key.core/../key.ui/examples/heap/list/LinkedList_size_dep.key 
244223     INFO  main            d.u.i.k.p.i.AbstractProblemLoader Loading environment from /home/runner/work/key/key/key.core/../key.ui/examples/heap/list/LinkedList_size_dep.key 
244223     DEBUG main            d.u.i.k.p.i.AbstractProblemLoader Environment load took 83.9ns 
244224     INFO  main            d.u.i.k.p.i.AbstractProblemLoader Creating init config 
245241     DEBUG main            d.u.i.k.j.r.ClassPreparationMethodBuilder clPrepBuilder: Inner Class detected. Reject building class initialisation methods. 
247423     DEBUG main            d.u.i.k.p.i.AbstractProblemLoader Init config took 3.2s 
247466     INFO  main            d.u.i.k.p.i.AbstractProblemLoader Replaying proof LinkedList[List::size()].JML accessible clause.0 
247468     DEBUG main            d.u.i.k.p.i.IntermediateProofReplayer Proof replay took 6.6ns 
247971     INFO  main            d.u.i.k.p.r.p.TestFile    ... finished proof: closed. 
248283     INFO  main            d.u.i.k.p.i.AbstractProblemLoader Loading environment from /home/runner/work/key/key/key.core/../key.ui/examples/heap/list/LinkedList_size_dep.key.proof 
248283     DEBUG main            d.u.i.k.p.i.AbstractProblemLoader Environment load took 116.8ns 
248285     INFO  main            d.u.i.k.p.i.AbstractProblemLoader Creating init config 
249287     DEBUG main            d.u.i.k.j.r.ClassPreparationMethodBuilder clPrepBuilder: Inner Class detected. Reject building class initialisation methods. 
251421     DEBUG main            d.u.i.k.p.i.AbstractProblemLoader Init config took 3.14s 
251464     INFO  main            d.u.i.k.p.i.AbstractProblemLoader Replaying proof LinkedList[List::size()].JML accessible clause.0 
251522     DEBUG main            d.u.i.k.p.i.IntermediateProofReplayer Proof replay took 54.79ms 
251523     DEBUG main            d.u.i.k.p.r.p.TestFile    ... success: reloaded. 
251524     INFO  main            d.u.i.k.p.r.p.TestFile    Now processing file /home/runner/work/key/key/key.core/../key.ui/examples/heap/list/LinkedList_size.key 
251524     INFO  main            d.u.i.k.p.i.AbstractProblemLoader Loading environment from /home/runner/work/key/key/key.core/../key.ui/examples/heap/list/LinkedList_size.key 
251524     DEBUG main            d.u.i.k.p.i.AbstractProblemLoader Environment load took 90.3ns 
251525     INFO  main            d.u.i.k.p.i.AbstractProblemLoader Creating init config 
252562     DEBUG main            d.u.i.k.j.r.ClassPreparationMethodBuilder clPrepBuilder: Inner Class detected. Reject building class initialisation methods. 
254748     DEBUG main            d.u.i.k.p.i.AbstractProblemLoader Init config took 3.22s 
254791     INFO  main            d.u.i.k.p.i.AbstractProblemLoader Replaying proof LinkedList[List::size()].JML normal_behavior operation contract.0 
254793     DEBUG main            d.u.i.k.p.i.IntermediateProofReplayer Proof replay took 5.6ns 
255295     INFO  main            d.u.i.k.p.r.p.TestFile    ... finished proof: closed. 
255618     INFO  main            d.u.i.k.p.i.AbstractProblemLoader Loading environment from /home/runner/work/key/key/key.core/../key.ui/examples/heap/list/LinkedList_size.key.proof 
255618     DEBUG main            d.u.i.k.p.i.AbstractProblemLoader Environment load took 106.6ns 
255619     INFO  main            d.u.i.k.p.i.AbstractProblemLoader Creating init config 
256629     DEBUG main            d.u.i.k.j.r.ClassPreparationMethodBuilder clPrepBuilder: Inner Class detected. Reject building class initialisation methods. 
258803     DEBUG main            d.u.i.k.p.i.AbstractProblemLoader Init config took 3.18s 
258860     INFO  main            d.u.i.k.p.i.AbstractProblemLoader Replaying proof LinkedList[List::size()].JML normal_behavior operation contract.0 
258887     DEBUG main            d.u.i.k.p.i.IntermediateProofReplayer Proof replay took 25.59ms 
258888     DEBUG main            d.u.i.k.p.r.p.TestFile    ... success: reloaded. 
258889     INFO  main            d.u.i.k.p.r.p.TestFile    Now processing file /home/runner/work/key/key/key.core/../key.ui/examples/heap/list/MySet_footprint.key 
258889     INFO  main            d.u.i.k.p.i.AbstractProblemLoader Loading environment from /home/runner/work/key/key/key.core/../key.ui/examples/heap/list/MySet_footprint.key 
258889     DEBUG main            d.u.i.k.p.i.AbstractProblemLoader Environment load took 130.5ns 
258890     INFO  main            d.u.i.k.p.i.AbstractProblemLoader Creating init config 
259897     DEBUG main            d.u.i.k.j.r.ClassPreparationMethodBuilder clPrepBuilder: Inner Class detected. Reject building class initialisation methods. 
262082     DEBUG main            d.u.i.k.p.i.AbstractProblemLoader Init config took 3.19s 
262127     INFO  main            d.u.i.k.p.i.AbstractProblemLoader Replaying proof MySet[MySet::$footprint()].JML accessible clause.0 
262129     DEBUG main            d.u.i.k.p.i.IntermediateProofReplayer Proof replay took 7.2ns 
262431     INFO  main            d.u.i.k.p.r.p.TestFile    ... finished proof: closed. 
262766     INFO  main            d.u.i.k.p.i.AbstractProblemLoader Loading environment from /home/runner/work/key/key/key.core/../key.ui/examples/heap/list/MySet_footprint.key.proof 
262766     DEBUG main            d.u.i.k.p.i.AbstractProblemLoader Environment load took 106.7ns 
262768     INFO  main            d.u.i.k.p.i.AbstractProblemLoader Creating init config 
263766     DEBUG main            d.u.i.k.j.r.ClassPreparationMethodBuilder clPrepBuilder: Inner Class detected. Reject building class initialisation methods. 
265903     DEBUG main            d.u.i.k.p.i.AbstractProblemLoader Init config took 3.14s 
265949     INFO  main            d.u.i.k.p.i.AbstractProblemLoader Replaying proof MySet[MySet::$footprint()].JML accessible clause.0 
265970     DEBUG main            d.u.i.k.p.i.IntermediateProofReplayer Proof replay took 19.08ms 
265971     DEBUG main            d.u.i.k.p.r.p.TestFile    ... success: reloaded. 
265972     INFO  main            d.u.i.k.p.r.p.TestFile    Now processing file /home/runner/work/key/key/key.core/../key.ui/examples/heap/list/MySet_MySet.key 
265972     INFO  main            d.u.i.k.p.i.AbstractProblemLoader Loading environment from /home/runner/work/key/key/key.core/../key.ui/examples/heap/list/MySet_MySet.key 
265973     DEBUG main            d.u.i.k.p.i.AbstractProblemLoader Environment load took 96.8ns 
265973     INFO  main            d.u.i.k.p.i.AbstractProblemLoader Creating init config 
266991     DEBUG main            d.u.i.k.j.r.ClassPreparationMethodBuilder clPrepBuilder: Inner Class detected. Reject building class initialisation methods. 
269150     DEBUG main            d.u.i.k.p.i.AbstractProblemLoader Init config took 3.18s 
269196     INFO  main            d.u.i.k.p.i.AbstractProblemLoader Replaying proof MySet[MySet::MySet()].JML normal_behavior operation contract.0 
269197     DEBUG main            d.u.i.k.p.i.IntermediateProofReplayer Proof replay took 7ns 
271726     INFO  main            d.u.i.k.p.r.p.TestFile    ... finished proof: closed. 
272079     INFO  main            d.u.i.k.p.i.AbstractProblemLoader Loading environment from /home/runner/work/key/key/key.core/../key.ui/examples/heap/list/MySet_MySet.key.proof 
272079     DEBUG main            d.u.i.k.p.i.AbstractProblemLoader Environment load took 192.3ns 
272081     INFO  main            d.u.i.k.p.i.AbstractProblemLoader Creating init config 
273073     DEBUG main            d.u.i.k.j.r.ClassPreparationMethodBuilder clPrepBuilder: Inner Class detected. Reject building class initialisation methods. 
275210     DEBUG main            d.u.i.k.p.i.AbstractProblemLoader Init config took 3.13s 
275256     INFO  main            d.u.i.k.p.i.AbstractProblemLoader Replaying proof MySet[MySet::MySet()].JML normal_behavior operation contract.0 
275520     DEBUG main            d.u.i.k.p.i.IntermediateProofReplayer Proof replay took 253.93ms 
275522     DEBUG main            d.u.i.k.p.r.p.TestFile    ... success: reloaded. 
1116025    INFO  Test worker     d.u.i.k.p.r.RunAllProofsTestUnit Returning from test list 
1116026    INFO  Test worker     d.u.i.k.p.r.RunAllProofsTestUnit Running test list_ghost 
347        INFO  Timeout watchdog d.u.i.k.p.r.p.ForkedTestFileRunner Timeout watcher launched (2000 secs.) 
354        WARN  main            d.u.i.k.s.ProofSettings   The settings in /home/runner/.key/proof-settings.props are *not* read. 
382        INFO  main            d.u.i.k.p.r.p.TestFile    Now processing file /home/runner/work/key/key/key.core/../key.ui/examples/heap/list_ghost/ArrayList_add.key 
502        INFO  main            d.u.i.k.p.i.AbstractProblemLoader Loading environment from /home/runner/work/key/key/key.core/../key.ui/examples/heap/list_ghost/ArrayList_add.key 
519        DEBUG main            d.u.i.k.p.i.AbstractProblemLoader Environment load took 2.17ms 
741        INFO  main            d.u.i.k.p.i.AbstractProblemLoader Creating init config 
1601       DEBUG main            d.u.i.k.j.TypeConverter   No LDT found for Meta 
1602       DEBUG main            d.u.i.k.j.TypeConverter   No LDT found for Meta 
1606       DEBUG main            d.u.i.k.j.TypeConverter   No LDT found for Meta 
1607       DEBUG main            d.u.i.k.j.TypeConverter   No LDT found for Meta 
3013       DEBUG main            d.u.i.k.j.TypeConverter   No LDT found for JavaBigintExpression 
8340       DEBUG main            d.u.i.k.p.i.AbstractProblemLoader Init config took 7.6s 
8465       INFO  main            d.u.i.k.p.i.AbstractProblemLoader Replaying proof ArrayList[List::add(java.lang.Object)].JML normal_behavior operation contract.0 
8498       DEBUG main            d.u.i.k.p.i.IntermediateProofReplayer Proof replay took 34ns 
13324      INFO  main            d.u.i.k.p.r.p.TestFile    ... finished proof: closed. 
13560      INFO  main            d.u.i.k.p.i.AbstractProblemLoader Loading environment from /home/runner/work/key/key/key.core/../key.ui/examples/heap/list_ghost/ArrayList_add.key.proof 
13563      DEBUG main            d.u.i.k.p.i.AbstractProblemLoader Environment load took 2.93ms 
13566      INFO  main            d.u.i.k.p.i.AbstractProblemLoader Creating init config 
16563      DEBUG main            d.u.i.k.p.i.AbstractProblemLoader Init config took 3s 
16634      INFO  main            d.u.i.k.p.i.AbstractProblemLoader Replaying proof ArrayList[List::add(java.lang.Object)].JML normal_behavior operation contract.0 
17060      DEBUG main            d.u.i.k.p.i.IntermediateProofReplayer Proof replay took 398.14ms 
17069      DEBUG main            d.u.i.k.p.r.p.TestFile    ... success: reloaded. 
17071      INFO  main            d.u.i.k.p.r.p.TestFile    Now processing file /home/runner/work/key/key/key.core/../key.ui/examples/heap/list_ghost/ArrayList_ArrayList.key 
17071      INFO  main            d.u.i.k.p.i.AbstractProblemLoader Loading environment from /home/runner/work/key/key/key.core/../key.ui/examples/heap/list_ghost/ArrayList_ArrayList.key 
17071      DEBUG main            d.u.i.k.p.i.AbstractProblemLoader Environment load took 255.1ns 
17073      INFO  main            d.u.i.k.p.i.AbstractProblemLoader Creating init config 
19947      DEBUG main            d.u.i.k.p.i.AbstractProblemLoader Init config took 2.87s 
20001      INFO  main            d.u.i.k.p.i.AbstractProblemLoader Replaying proof ArrayList[ArrayList::ArrayList()].JML normal_behavior operation contract.0 
20004      DEBUG main            d.u.i.k.p.i.IntermediateProofReplayer Proof replay took 6.9ns 
21009      INFO  main            d.u.i.k.p.r.p.TestFile    ... finished proof: closed. 
21166      INFO  main            d.u.i.k.p.i.AbstractProblemLoader Loading environment from /home/runner/work/key/key/key.core/../key.ui/examples/heap/list_ghost/ArrayList_ArrayList.key.proof 
21166      DEBUG main            d.u.i.k.p.i.AbstractProblemLoader Environment load took 496.9ns 
21168      INFO  main            d.u.i.k.p.i.AbstractProblemLoader Creating init config 
23884      DEBUG main            d.u.i.k.p.i.AbstractProblemLoader Init config took 2.72s 
23934      INFO  main            d.u.i.k.p.i.AbstractProblemLoader Replaying proof ArrayList[ArrayList::ArrayList()].JML normal_behavior operation contract.0 
24069      DEBUG main            d.u.i.k.p.i.IntermediateProofReplayer Proof replay took 127.63ms 
24073      DEBUG main            d.u.i.k.p.r.p.TestFile    ... success: reloaded. 
24076      INFO  main            d.u.i.k.p.r.p.TestFile    Now processing file /home/runner/work/key/key/key.core/../key.ui/examples/heap/list_ghost/ArrayList_enlarge.key 
24077      INFO  main            d.u.i.k.p.i.AbstractProblemLoader Loading environment from /home/runner/work/key/key/key.core/../key.ui/examples/heap/list_ghost/ArrayList_enlarge.key 
24077      DEBUG main            d.u.i.k.p.i.AbstractProblemLoader Environment load took 273.9ns 
24080      INFO  main            d.u.i.k.p.i.AbstractProblemLoader Creating init config 
26869      DEBUG main            d.u.i.k.p.i.AbstractProblemLoader Init config took 2.79s 
26917      INFO  main            d.u.i.k.p.i.AbstractProblemLoader Replaying proof ArrayList[ArrayList::enlarge()].JML normal_behavior operation contract.0 
26919      DEBUG main            d.u.i.k.p.i.IntermediateProofReplayer Proof replay took 5.3ns 
28942      INFO  main            d.u.i.k.p.r.p.TestFile    ... finished proof: closed. 
29126      INFO  main            d.u.i.k.p.i.AbstractProblemLoader Loading environment from /home/runner/work/key/key/key.core/../key.ui/examples/heap/list_ghost/ArrayList_enlarge.key.proof 
29127      DEBUG main            d.u.i.k.p.i.AbstractProblemLoader Environment load took 494.1ns 
29131      INFO  main            d.u.i.k.p.i.AbstractProblemLoader Creating init config 
31905      DEBUG main            d.u.i.k.p.i.AbstractProblemLoader Init config took 2.77s 
31951      INFO  main            d.u.i.k.p.i.AbstractProblemLoader Replaying proof ArrayList[ArrayList::enlarge()].JML normal_behavior operation contract.0 
32234      DEBUG main            d.u.i.k.p.i.IntermediateProofReplayer Proof replay took 272.24ms 
32236      DEBUG main            d.u.i.k.p.r.p.TestFile    ... success: reloaded. 
32238      INFO  main            d.u.i.k.p.r.p.TestFile    Now processing file /home/runner/work/key/key/key.core/../key.ui/examples/heap/list_ghost/ArrayList_get_dep.key 
32238      INFO  main            d.u.i.k.p.i.AbstractProblemLoader Loading environment from /home/runner/work/key/key/key.core/../key.ui/examples/heap/list_ghost/ArrayList_get_dep.key 
32239      DEBUG main            d.u.i.k.p.i.AbstractProblemLoader Environment load took 233.5ns 
32241      INFO  main            d.u.i.k.p.i.AbstractProblemLoader Creating init config 
34938      DEBUG main            d.u.i.k.p.i.AbstractProblemLoader Init config took 2.7s 
34985      INFO  main            d.u.i.k.p.i.AbstractProblemLoader Replaying proof ArrayList[List::get(int)].JML accessible clause.0 
34987      DEBUG main            d.u.i.k.p.i.IntermediateProofReplayer Proof replay took 6.1ns 
35291      INFO  main            d.u.i.k.p.r.p.TestFile    ... finished proof: closed. 
35468      INFO  main            d.u.i.k.p.i.AbstractProblemLoader Loading environment from /home/runner/work/key/key/key.core/../key.ui/examples/heap/list_ghost/ArrayList_get_dep.key.proof 
35468      DEBUG main            d.u.i.k.p.i.AbstractProblemLoader Environment load took 133.9ns 
35469      INFO  main            d.u.i.k.p.i.AbstractProblemLoader Creating init config 
38147      DEBUG main            d.u.i.k.p.i.AbstractProblemLoader Init config took 2.68s 
38196      INFO  main            d.u.i.k.p.i.AbstractProblemLoader Replaying proof ArrayList[List::get(int)].JML accessible clause.0 
38249      DEBUG main            d.u.i.k.p.i.IntermediateProofReplayer Proof replay took 47.63ms 
38250      DEBUG main            d.u.i.k.p.r.p.TestFile    ... success: reloaded. 
38251      INFO  main            d.u.i.k.p.r.p.TestFile    Now processing file /home/runner/work/key/key/key.core/../key.ui/examples/heap/list_ghost/ArrayList_get_exceptional.key 
38251      INFO  main            d.u.i.k.p.i.AbstractProblemLoader Loading environment from /home/runner/work/key/key/key.core/../key.ui/examples/heap/list_ghost/ArrayList_get_exceptional.key 
38251      DEBUG main            d.u.i.k.p.i.AbstractProblemLoader Environment load took 62.2ns 
38253      INFO  main            d.u.i.k.p.i.AbstractProblemLoader Creating init config 
40940      DEBUG main            d.u.i.k.p.i.AbstractProblemLoader Init config took 2.69s 
40983      INFO  main            d.u.i.k.p.i.AbstractProblemLoader Replaying proof ArrayList[List::get(int)].JML exceptional_behavior operation contract.0 
40985      DEBUG main            d.u.i.k.p.i.IntermediateProofReplayer Proof replay took 11.4ns 
41696      INFO  main            d.u.i.k.p.r.p.TestFile    ... finished proof: closed. 
41863      INFO  main            d.u.i.k.p.i.AbstractProblemLoader Loading environment from /home/runner/work/key/key/key.core/../key.ui/examples/heap/list_ghost/ArrayList_get_exceptional.key.proof 
41863      DEBUG main            d.u.i.k.p.i.AbstractProblemLoader Environment load took 135.7ns 
41864      INFO  main            d.u.i.k.p.i.AbstractProblemLoader Creating init config 
44533      DEBUG main            d.u.i.k.p.i.AbstractProblemLoader Init config took 2.67s 
44575      INFO  main            d.u.i.k.p.i.AbstractProblemLoader Replaying proof ArrayList[List::get(int)].JML exceptional_behavior operation contract.0 
44697      DEBUG main            d.u.i.k.p.i.IntermediateProofReplayer Proof replay took 116.49ms 
44698      DEBUG main            d.u.i.k.p.r.p.TestFile    ... success: reloaded. 
44699      INFO  main            d.u.i.k.p.r.p.TestFile    Now processing file /home/runner/work/key/key/key.core/../key.ui/examples/heap/list_ghost/ArrayList_get_normal.key 
44700      INFO  main            d.u.i.k.p.i.AbstractProblemLoader Loading environment from /home/runner/work/key/key/key.core/../key.ui/examples/heap/list_ghost/ArrayList_get_normal.key 
44700      DEBUG main            d.u.i.k.p.i.AbstractProblemLoader Environment load took 102ns 
44701      INFO  main            d.u.i.k.p.i.AbstractProblemLoader Creating init config 
47373      DEBUG main            d.u.i.k.p.i.AbstractProblemLoader Init config took 2.67s 
47439      INFO  main            d.u.i.k.p.i.AbstractProblemLoader Replaying proof ArrayList[List::get(int)].JML normal_behavior operation contract.0 
47440      DEBUG main            d.u.i.k.p.i.IntermediateProofReplayer Proof replay took 6.5ns 
47743      INFO  main            d.u.i.k.p.r.p.TestFile    ... finished proof: closed. 
47934      INFO  main            d.u.i.k.p.i.AbstractProblemLoader Loading environment from /home/runner/work/key/key/key.core/../key.ui/examples/heap/list_ghost/ArrayList_get_normal.key.proof 
47934      DEBUG main            d.u.i.k.p.i.AbstractProblemLoader Environment load took 129.6ns 
47936      INFO  main            d.u.i.k.p.i.AbstractProblemLoader Creating init config 
50572      DEBUG main            d.u.i.k.p.i.AbstractProblemLoader Init config took 2.64s 
50617      INFO  main            d.u.i.k.p.i.AbstractProblemLoader Replaying proof ArrayList[List::get(int)].JML normal_behavior operation contract.0 
50660      DEBUG main            d.u.i.k.p.i.IntermediateProofReplayer Proof replay took 39.36ms 
50661      DEBUG main            d.u.i.k.p.r.p.TestFile    ... success: reloaded. 
50662      INFO  main            d.u.i.k.p.r.p.TestFile    Now processing file /home/runner/work/key/key/key.core/../key.ui/examples/heap/list_ghost/ArrayList_inv.key 
50663      INFO  main            d.u.i.k.p.i.AbstractProblemLoader Loading environment from /home/runner/work/key/key/key.core/../key.ui/examples/heap/list_ghost/ArrayList_inv.key 
50663      DEBUG main            d.u.i.k.p.i.AbstractProblemLoader Environment load took 236ns 
50664      INFO  main            d.u.i.k.p.i.AbstractProblemLoader Creating init config 
53327      DEBUG main            d.u.i.k.p.i.AbstractProblemLoader Init config took 2.66s 
53366      INFO  main            d.u.i.k.p.i.AbstractProblemLoader Replaying proof ArrayList[java.lang.Object::<inv>()].JML accessible clause.0 
53368      DEBUG main            d.u.i.k.p.i.IntermediateProofReplayer Proof replay took 6.9ns 
53470      INFO  main            d.u.i.k.p.r.p.TestFile    ... finished proof: closed. 
53641      INFO  main            d.u.i.k.p.i.AbstractProblemLoader Loading environment from /home/runner/work/key/key/key.core/../key.ui/examples/heap/list_ghost/ArrayList_inv.key.proof 
53641      DEBUG main            d.u.i.k.p.i.AbstractProblemLoader Environment load took 154.8ns 
53642      INFO  main            d.u.i.k.p.i.AbstractProblemLoader Creating init config 
56271      DEBUG main            d.u.i.k.p.i.AbstractProblemLoader Init config took 2.63s 
56309      INFO  main            d.u.i.k.p.i.AbstractProblemLoader Replaying proof ArrayList[java.lang.Object::<inv>()].JML accessible clause.0 
56318      DEBUG main            d.u.i.k.p.i.IntermediateProofReplayer Proof replay took 6.68ms 
56319      DEBUG main            d.u.i.k.p.r.p.TestFile    ... success: reloaded. 
56320      INFO  main            d.u.i.k.p.r.p.TestFile    Now processing file /home/runner/work/key/key/key.core/../key.ui/examples/heap/list_ghost/ArrayList_size_dep.key 
56320      INFO  main            d.u.i.k.p.i.AbstractProblemLoader Loading environment from /home/runner/work/key/key/key.core/../key.ui/examples/heap/list_ghost/ArrayList_size_dep.key 
56320      DEBUG main            d.u.i.k.p.i.AbstractProblemLoader Environment load took 99.3ns 
56321      INFO  main            d.u.i.k.p.i.AbstractProblemLoader Creating init config 
59010      DEBUG main            d.u.i.k.p.i.AbstractProblemLoader Init config took 2.69s 
59046      INFO  main            d.u.i.k.p.i.AbstractProblemLoader Replaying proof ArrayList[List::size()].JML accessible clause.0 
59048      DEBUG main            d.u.i.k.p.i.IntermediateProofReplayer Proof replay took 6.4ns 
59151      INFO  main            d.u.i.k.p.r.p.TestFile    ... finished proof: closed. 
59398      INFO  main            d.u.i.k.p.i.AbstractProblemLoader Loading environment from /home/runner/work/key/key/key.core/../key.ui/examples/heap/list_ghost/ArrayList_size_dep.key.proof 
59398      DEBUG main            d.u.i.k.p.i.AbstractProblemLoader Environment load took 127.2ns 
59399      INFO  main            d.u.i.k.p.i.AbstractProblemLoader Creating init config 
61993      DEBUG main            d.u.i.k.p.i.AbstractProblemLoader Init config took 2.59s 
62029      INFO  main            d.u.i.k.p.i.AbstractProblemLoader Replaying proof ArrayList[List::size()].JML accessible clause.0 
62041      DEBUG main            d.u.i.k.p.i.IntermediateProofReplayer Proof replay took 9.67ms 
62042      DEBUG main            d.u.i.k.p.r.p.TestFile    ... success: reloaded. 
62043      INFO  main            d.u.i.k.p.r.p.TestFile    Now processing file /home/runner/work/key/key/key.core/../key.ui/examples/heap/list_ghost/ArrayList_size.key 
62043      INFO  main            d.u.i.k.p.i.AbstractProblemLoader Loading environment from /home/runner/work/key/key/key.core/../key.ui/examples/heap/list_ghost/ArrayList_size.key 
62043      DEBUG main            d.u.i.k.p.i.AbstractProblemLoader Environment load took 121.7ns 
62044      INFO  main            d.u.i.k.p.i.AbstractProblemLoader Creating init config 
64704      DEBUG main            d.u.i.k.p.i.AbstractProblemLoader Init config took 2.66s 
64742      INFO  main            d.u.i.k.p.i.AbstractProblemLoader Replaying proof ArrayList[List::size()].JML normal_behavior operation contract.0 
64743      DEBUG main            d.u.i.k.p.i.IntermediateProofReplayer Proof replay took 6.3ns 
64846      INFO  main            d.u.i.k.p.r.p.TestFile    ... finished proof: closed. 
65030      INFO  main            d.u.i.k.p.i.AbstractProblemLoader Loading environment from /home/runner/work/key/key/key.core/../key.ui/examples/heap/list_ghost/ArrayList_size.key.proof 
65030      DEBUG main            d.u.i.k.p.i.AbstractProblemLoader Environment load took 169.9ns 
65031      INFO  main            d.u.i.k.p.i.AbstractProblemLoader Creating init config 
67637      DEBUG main            d.u.i.k.p.i.AbstractProblemLoader Init config took 2.6s 
67673      INFO  main            d.u.i.k.p.i.AbstractProblemLoader Replaying proof ArrayList[List::size()].JML normal_behavior operation contract.0 
67686      DEBUG main            d.u.i.k.p.i.IntermediateProofReplayer Proof replay took 10.6ms 
67687      DEBUG main            d.u.i.k.p.r.p.TestFile    ... success: reloaded. 
1183882    INFO  Test worker     d.u.i.k.p.r.RunAllProofsTestUnit Returning from test list_ghost 
1183883    INFO  Test worker     d.u.i.k.p.r.RunAllProofsTestUnit Running test list_recursive 
335        INFO  Timeout watchdog d.u.i.k.p.r.p.ForkedTestFileRunner Timeout watcher launched (2000 secs.) 
337        WARN  main            d.u.i.k.s.ProofSettings   The settings in /home/runner/.key/proof-settings.props are *not* read. 
363        INFO  main            d.u.i.k.p.r.p.TestFile    Now processing file /home/runner/work/key/key/key.core/../key.ui/examples/heap/list_recursiveSpec/ListOperationsNonNull_getNextNN_normal_behavior.key 
474        INFO  main            d.u.i.k.p.i.AbstractProblemLoader Loading environment from /home/runner/work/key/key/key.core/../key.ui/examples/heap/list_recursiveSpec/ListOperationsNonNull_getNextNN_normal_behavior.key 
494        DEBUG main            d.u.i.k.p.i.AbstractProblemLoader Environment load took 2.16ms 
713        INFO  main            d.u.i.k.p.i.AbstractProblemLoader Creating init config 
1695       DEBUG main            d.u.i.k.j.TypeConverter   No LDT found for Meta 
1696       DEBUG main            d.u.i.k.j.TypeConverter   No LDT found for Meta 
1698       DEBUG main            d.u.i.k.j.TypeConverter   No LDT found for Meta 
1699       DEBUG main            d.u.i.k.j.TypeConverter   No LDT found for Meta 
3350       DEBUG main            d.u.i.k.j.TypeConverter   No LDT found for JavaBigintExpression 
8385       DEBUG main            d.u.i.k.p.i.AbstractProblemLoader Init config took 7.67s 
8584       INFO  main            d.u.i.k.p.i.AbstractProblemLoader Replaying proof ListOperationsNonNull[ListOperationsNonNull::getNextNN(ListNN,int)].JML normal_behavior operation contract.0 
8621       DEBUG main            d.u.i.k.p.i.IntermediateProofReplayer Proof replay took 33.4ns 
9823       INFO  main            d.u.i.k.p.r.p.TestFile    ... finished proof: closed. 
9965       INFO  main            d.u.i.k.p.i.AbstractProblemLoader Loading environment from /home/runner/work/key/key/key.core/../key.ui/examples/heap/list_recursiveSpec/ListOperationsNonNull_getNextNN_normal_behavior.key.proof 
9967       DEBUG main            d.u.i.k.p.i.AbstractProblemLoader Environment load took 1.64ms 
9969       INFO  main            d.u.i.k.p.i.AbstractProblemLoader Creating init config 
12918      DEBUG main            d.u.i.k.p.i.AbstractProblemLoader Init config took 2.95s 
12988      INFO  main            d.u.i.k.p.i.AbstractProblemLoader Replaying proof ListOperationsNonNull[ListOperationsNonNull::getNextNN(ListNN,int)].JML normal_behavior operation contract.0 
13130      DEBUG main            d.u.i.k.p.i.IntermediateProofReplayer Proof replay took 133.77ms 
13136      DEBUG main            d.u.i.k.p.r.p.TestFile    ... success: reloaded. 
13138      INFO  main            d.u.i.k.p.r.p.TestFile    Now processing file /home/runner/work/key/key/key.core/../key.ui/examples/heap/list_recursiveSpec/ListOperationsNonNull_setValueAt_normal_behavior.key 
13139      INFO  main            d.u.i.k.p.i.AbstractProblemLoader Loading environment from /home/runner/work/key/key/key.core/../key.ui/examples/heap/list_recursiveSpec/ListOperationsNonNull_setValueAt_normal_behavior.key 
13139      DEBUG main            d.u.i.k.p.i.AbstractProblemLoader Environment load took 247.1ns 
13141      INFO  main            d.u.i.k.p.i.AbstractProblemLoader Creating init config 
15881      DEBUG main            d.u.i.k.p.i.AbstractProblemLoader Init config took 2.74s 
15949      INFO  main            d.u.i.k.p.i.AbstractProblemLoader Replaying proof ListOperationsNonNull[ListOperationsNonNull::setValueAt_NN(ListNN,int,int)].JML normal_behavior operation contract.0 
15953      DEBUG main            d.u.i.k.p.i.IntermediateProofReplayer Proof replay took 6ns 
15984      DEBUG main            d.u.i.k.m.s.ProofScriptEngine 1: 'macro autopilot' on goal 0 (script from line 51) 
18746      DEBUG main            d.u.i.k.m.s.ProofScriptEngine 2: 'macro simp-upd' on goal 79 (script from line 52) 
18753      DEBUG main            d.u.i.k.m.s.ProofScriptEngine 3: 'rule observerDependencyEQ' on goal 1451 (script from line 53) 
18769      DEBUG main            d.u.i.k.m.s.ProofScriptEngine 4: 'tryclose' on goal 1452 (script from line 54) 
18802      INFO  main            d.u.i.k.p.r.p.TestFile    ... finished proof: closed. 
18949      INFO  main            d.u.i.k.p.i.AbstractProblemLoader Loading environment from /home/runner/work/key/key/key.core/../key.ui/examples/heap/list_recursiveSpec/ListOperationsNonNull_setValueAt_normal_behavior.key.proof 
18951      DEBUG main            d.u.i.k.p.i.AbstractProblemLoader Environment load took 1.64ms 
18952      INFO  main            d.u.i.k.p.i.AbstractProblemLoader Creating init config 
21674      DEBUG main            d.u.i.k.p.i.AbstractProblemLoader Init config took 2.72s 
21732      INFO  main            d.u.i.k.p.i.AbstractProblemLoader Replaying proof ListOperationsNonNull[ListOperationsNonNull::setValueAt_NN(ListNN,int,int)].JML normal_behavior operation contract.0 
21833      DEBUG main            d.u.i.k.p.i.IntermediateProofReplayer Proof replay took 96.07ms 
21835      DEBUG main            d.u.i.k.p.r.p.TestFile    ... success: reloaded. 
1205874    INFO  Test worker     d.u.i.k.p.r.RunAllProofsTestUnit Returning from test list_recursive 
1205875    INFO  Test worker     d.u.i.k.p.r.RunAllProofsTestUnit Running test list_seq 
338        INFO  Timeout watchdog d.u.i.k.p.r.p.ForkedTestFileRunner Timeout watcher launched (2000 secs.) 
344        WARN  main            d.u.i.k.s.ProofSettings   The settings in /home/runner/.key/proof-settings.props are *not* read. 
390        INFO  main            d.u.i.k.p.r.p.TestFile    Now processing file /home/runner/work/key/key/key.core/../key.ui/examples/heap/list_seq/SimplifiedLinkedList.remove.key 
517        INFO  main            d.u.i.k.p.i.AbstractProblemLoader Loading environment from /home/runner/work/key/key/key.core/../key.ui/examples/heap/list_seq/SimplifiedLinkedList.remove.key 
539        DEBUG main            d.u.i.k.p.i.AbstractProblemLoader Environment load took 1.85ms 
751        INFO  main            d.u.i.k.p.i.AbstractProblemLoader Creating init config 
1546       DEBUG main            d.u.i.k.j.TypeConverter   No LDT found for Meta 
1547       DEBUG main            d.u.i.k.j.TypeConverter   No LDT found for Meta 
1549       DEBUG main            d.u.i.k.j.TypeConverter   No LDT found for Meta 
1549       DEBUG main            d.u.i.k.j.TypeConverter   No LDT found for Meta 
2744       DEBUG main            d.u.i.k.j.TypeConverter   No LDT found for JavaBigintExpression 
8523       DEBUG main            d.u.i.k.p.i.AbstractProblemLoader Init config took 7.77s 
8797       INFO  main            d.u.i.k.p.i.AbstractProblemLoader Replaying proof SimplifiedLinkedList[SimplifiedLinkedList::remove(int)].JML normal_behavior operation contract.0 
8873       DEBUG main            d.u.i.k.p.i.IntermediateProofReplayer Proof replay took 37ns 
87550      INFO  main            d.u.i.k.p.r.p.TestFile    ... finished proof: closed. 
88025      INFO  main            d.u.i.k.p.i.AbstractProblemLoader Loading environment from /home/runner/work/key/key/key.core/../key.ui/examples/heap/list_seq/SimplifiedLinkedList.remove.key.proof 
88026      DEBUG main            d.u.i.k.p.i.AbstractProblemLoader Environment load took 584.03ns 
88044      INFO  main            d.u.i.k.p.i.AbstractProblemLoader Creating init config 
91432      DEBUG main            d.u.i.k.p.i.AbstractProblemLoader Init config took 3.39s 
91517      INFO  main            d.u.i.k.p.i.AbstractProblemLoader Replaying proof SimplifiedLinkedList[SimplifiedLinkedList::remove(int)].JML normal_behavior operation contract.0 
94277      DEBUG main            d.u.i.k.p.i.IntermediateProofReplayer Proof replay took 2.55s 
94319      DEBUG main            d.u.i.k.p.r.p.TestFile    ... success: reloaded. 
94321      INFO  main            d.u.i.k.p.r.p.TestFile    Now processing file /home/runner/work/key/key/key.core/../key.ui/examples/heap/list_seq/ArrayList.ArrayList.key 
94321      INFO  main            d.u.i.k.p.i.AbstractProblemLoader Loading environment from /home/runner/work/key/key/key.core/../key.ui/examples/heap/list_seq/ArrayList.ArrayList.key 
94321      DEBUG main            d.u.i.k.p.i.AbstractProblemLoader Environment load took 140.2ns 
94324      INFO  main            d.u.i.k.p.i.AbstractProblemLoader Creating init config 
97595      DEBUG main            d.u.i.k.p.i.AbstractProblemLoader Init config took 3.27s 
97685      INFO  main            d.u.i.k.p.i.AbstractProblemLoader Replaying proof ArrayList[ArrayList::ArrayList()].JML normal_behavior operation contract.0 
97688      DEBUG main            d.u.i.k.p.i.IntermediateProofReplayer Proof replay took 6.9ns 
98492      INFO  main            d.u.i.k.p.r.p.TestFile    ... finished proof: closed. 
98732      INFO  main            d.u.i.k.p.i.AbstractProblemLoader Loading environment from /home/runner/work/key/key/key.core/../key.ui/examples/heap/list_seq/ArrayList.ArrayList.key.proof 
98733      DEBUG main            d.u.i.k.p.i.AbstractProblemLoader Environment load took 1.31ms 
98736      INFO  main            d.u.i.k.p.i.AbstractProblemLoader Creating init config 
101840     DEBUG main            d.u.i.k.p.i.AbstractProblemLoader Init config took 3.1s 
101930     INFO  main            d.u.i.k.p.i.AbstractProblemLoader Replaying proof ArrayList[ArrayList::ArrayList()].JML normal_behavior operation contract.0 
102027     DEBUG main            d.u.i.k.p.i.IntermediateProofReplayer Proof replay took 93.44ms 
102029     DEBUG main            d.u.i.k.p.r.p.TestFile    ... success: reloaded. 
102030     INFO  main            d.u.i.k.p.r.p.TestFile    Now processing file /home/runner/work/key/key/key.core/../key.ui/examples/heap/list_seq/ArrayList.add.key 
102030     INFO  main            d.u.i.k.p.i.AbstractProblemLoader Loading environment from /home/runner/work/key/key/key.core/../key.ui/examples/heap/list_seq/ArrayList.add.key 
102031     DEBUG main            d.u.i.k.p.i.AbstractProblemLoader Environment load took 245.9ns 
102032     INFO  main            d.u.i.k.p.i.AbstractProblemLoader Creating init config 
105143     DEBUG main            d.u.i.k.p.i.AbstractProblemLoader Init config took 3.11s 
105219     INFO  main            d.u.i.k.p.i.AbstractProblemLoader Replaying proof ArrayList[List::add(java.lang.Object)].JML normal_behavior operation contract.0 
105221     DEBUG main            d.u.i.k.p.i.IntermediateProofReplayer Proof replay took 6ns 
108630     INFO  main            d.u.i.k.p.r.p.TestFile    ... finished proof: closed. 
108825     INFO  main            d.u.i.k.p.i.AbstractProblemLoader Loading environment from /home/runner/work/key/key/key.core/../key.ui/examples/heap/list_seq/ArrayList.add.key.proof 
108825     DEBUG main            d.u.i.k.p.i.AbstractProblemLoader Environment load took 483.71ns 
108829     INFO  main            d.u.i.k.p.i.AbstractProblemLoader Creating init config 
111842     DEBUG main            d.u.i.k.p.i.AbstractProblemLoader Init config took 3.01s 
111933     INFO  main            d.u.i.k.p.i.AbstractProblemLoader Replaying proof ArrayList[List::add(java.lang.Object)].JML normal_behavior operation contract.0 
112185     DEBUG main            d.u.i.k.p.i.IntermediateProofReplayer Proof replay took 240.6ms 
112187     DEBUG main            d.u.i.k.p.r.p.TestFile    ... success: reloaded. 
112188     INFO  main            d.u.i.k.p.r.p.TestFile    Now processing file /home/runner/work/key/key/key.core/../key.ui/examples/heap/list_seq/ArrayList.contains.key 
112189     INFO  main            d.u.i.k.p.i.AbstractProblemLoader Loading environment from /home/runner/work/key/key/key.core/../key.ui/examples/heap/list_seq/ArrayList.contains.key 
112189     DEBUG main            d.u.i.k.p.i.AbstractProblemLoader Environment load took 231.6ns 
112190     INFO  main            d.u.i.k.p.i.AbstractProblemLoader Creating init config 
115242     DEBUG main            d.u.i.k.p.i.AbstractProblemLoader Init config took 3.05s 
115318     INFO  main            d.u.i.k.p.i.AbstractProblemLoader Replaying proof ArrayList[List::contains(java.lang.Object)].JML normal_behavior operation contract.0 
115320     DEBUG main            d.u.i.k.p.i.IntermediateProofReplayer Proof replay took 5.9ns 
116937     INFO  main            d.u.i.k.p.r.p.TestFile    ... finished proof: closed. 
117115     INFO  main            d.u.i.k.p.i.AbstractProblemLoader Loading environment from /home/runner/work/key/key/key.core/../key.ui/examples/heap/list_seq/ArrayList.contains.key.proof 
117116     DEBUG main            d.u.i.k.p.i.AbstractProblemLoader Environment load took 494.11ns 
117117     INFO  main            d.u.i.k.p.i.AbstractProblemLoader Creating init config 
120129     DEBUG main            d.u.i.k.p.i.AbstractProblemLoader Init config took 3.01s 
120215     INFO  main            d.u.i.k.p.i.AbstractProblemLoader Replaying proof ArrayList[List::contains(java.lang.Object)].JML normal_behavior operation contract.0 
120404     DEBUG main            d.u.i.k.p.i.IntermediateProofReplayer Proof replay took 182.32ms 
120405     DEBUG main            d.u.i.k.p.r.p.TestFile    ... success: reloaded. 
120406     INFO  main            d.u.i.k.p.r.p.TestFile    Now processing file /home/runner/work/key/key/key.core/../key.ui/examples/heap/list_seq/ArrayList.enlarge.key 
120407     INFO  main            d.u.i.k.p.i.AbstractProblemLoader Loading environment from /home/runner/work/key/key/key.core/../key.ui/examples/heap/list_seq/ArrayList.enlarge.key 
120407     DEBUG main            d.u.i.k.p.i.AbstractProblemLoader Environment load took 201.5ns 
120408     INFO  main            d.u.i.k.p.i.AbstractProblemLoader Creating init config 
123442     DEBUG main            d.u.i.k.p.i.AbstractProblemLoader Init config took 3.03s 
123516     INFO  main            d.u.i.k.p.i.AbstractProblemLoader Replaying proof ArrayList[ArrayList::enlarge()].JML normal_behavior operation contract.0 
123518     DEBUG main            d.u.i.k.p.i.IntermediateProofReplayer Proof replay took 6.6ns 
125543     INFO  main            d.u.i.k.p.r.p.TestFile    ... finished proof: closed. 
125748     INFO  main            d.u.i.k.p.i.AbstractProblemLoader Loading environment from /home/runner/work/key/key/key.core/../key.ui/examples/heap/list_seq/ArrayList.enlarge.key.proof 
125749     DEBUG main            d.u.i.k.p.i.AbstractProblemLoader Environment load took 971.31ns 
125750     INFO  main            d.u.i.k.p.i.AbstractProblemLoader Creating init config 
128705     DEBUG main            d.u.i.k.p.i.AbstractProblemLoader Init config took 2.95s 
128788     INFO  main            d.u.i.k.p.i.AbstractProblemLoader Replaying proof ArrayList[ArrayList::enlarge()].JML normal_behavior operation contract.0 
129026     DEBUG main            d.u.i.k.p.i.IntermediateProofReplayer Proof replay took 229.56ms 
129027     DEBUG main            d.u.i.k.p.r.p.TestFile    ... success: reloaded. 
129028     INFO  main            d.u.i.k.p.r.p.TestFile    Now processing file /home/runner/work/key/key/key.core/../key.ui/examples/heap/list_seq/ArrayList.get.key 
129028     INFO  main            d.u.i.k.p.i.AbstractProblemLoader Loading environment from /home/runner/work/key/key/key.core/../key.ui/examples/heap/list_seq/ArrayList.get.key 
129028     DEBUG main            d.u.i.k.p.i.AbstractProblemLoader Environment load took 122ns 
129029     INFO  main            d.u.i.k.p.i.AbstractProblemLoader Creating init config 
132055     DEBUG main            d.u.i.k.p.i.AbstractProblemLoader Init config took 3.02s 
132134     INFO  main            d.u.i.k.p.i.AbstractProblemLoader Replaying proof ArrayList[List::get(int)].JML normal_behavior operation contract.0 
132137     DEBUG main            d.u.i.k.p.i.IntermediateProofReplayer Proof replay took 6.6ns 
132741     INFO  main            d.u.i.k.p.r.p.TestFile    ... finished proof: closed. 
132922     INFO  main            d.u.i.k.p.i.AbstractProblemLoader Loading environment from /home/runner/work/key/key/key.core/../key.ui/examples/heap/list_seq/ArrayList.get.key.proof 
132922     DEBUG main            d.u.i.k.p.i.AbstractProblemLoader Environment load took 483.11ns 
132924     INFO  main            d.u.i.k.p.i.AbstractProblemLoader Creating init config 
135918     DEBUG main            d.u.i.k.p.i.AbstractProblemLoader Init config took 2.99s 
135988     INFO  main            d.u.i.k.p.i.AbstractProblemLoader Replaying proof ArrayList[List::get(int)].JML normal_behavior operation contract.0 
136031     DEBUG main            d.u.i.k.p.i.IntermediateProofReplayer Proof replay took 38.99ms 
136032     DEBUG main            d.u.i.k.p.r.p.TestFile    ... success: reloaded. 
136033     INFO  main            d.u.i.k.p.r.p.TestFile    Now processing file /home/runner/work/key/key/key.core/../key.ui/examples/heap/list_seq/ArrayList.newArray.key 
136033     INFO  main            d.u.i.k.p.i.AbstractProblemLoader Loading environment from /home/runner/work/key/key/key.core/../key.ui/examples/heap/list_seq/ArrayList.newArray.key 
136033     DEBUG main            d.u.i.k.p.i.AbstractProblemLoader Environment load took 103.9ns 
136034     INFO  main            d.u.i.k.p.i.AbstractProblemLoader Creating init config 
139002     DEBUG main            d.u.i.k.p.i.AbstractProblemLoader Init config took 2.97s 
139072     INFO  main            d.u.i.k.p.i.AbstractProblemLoader Replaying proof ArrayList[ArrayList::newArray(int)].JML normal_behavior operation contract.0 
139074     DEBUG main            d.u.i.k.p.i.IntermediateProofReplayer Proof replay took 7.1ns 
139379     INFO  main            d.u.i.k.p.r.p.TestFile    ... finished proof: closed. 
139580     INFO  main            d.u.i.k.p.i.AbstractProblemLoader Loading environment from /home/runner/work/key/key/key.core/../key.ui/examples/heap/list_seq/ArrayList.newArray.key.proof 
139580     DEBUG main            d.u.i.k.p.i.AbstractProblemLoader Environment load took 134.3ns 
139581     INFO  main            d.u.i.k.p.i.AbstractProblemLoader Creating init config 
142525     DEBUG main            d.u.i.k.p.i.AbstractProblemLoader Init config took 2.94s 
142600     INFO  main            d.u.i.k.p.i.AbstractProblemLoader Replaying proof ArrayList[ArrayList::newArray(int)].JML normal_behavior operation contract.0 
142644     DEBUG main            d.u.i.k.p.i.IntermediateProofReplayer Proof replay took 40.58ms 
142646     DEBUG main            d.u.i.k.p.r.p.TestFile    ... success: reloaded. 
142648     INFO  main            d.u.i.k.p.r.p.TestFile    Now processing file /home/runner/work/key/key/key.core/../key.ui/examples/heap/list_seq/ArrayList.remove.0.key 
142648     INFO  main            d.u.i.k.p.i.AbstractProblemLoader Loading environment from /home/runner/work/key/key/key.core/../key.ui/examples/heap/list_seq/ArrayList.remove.0.key 
142649     DEBUG main            d.u.i.k.p.i.AbstractProblemLoader Environment load took 260.7ns 
142650     INFO  main            d.u.i.k.p.i.AbstractProblemLoader Creating init config 
145656     DEBUG main            d.u.i.k.p.i.AbstractProblemLoader Init config took 3.01s 
145729     INFO  main            d.u.i.k.p.i.AbstractProblemLoader Replaying proof ArrayList[List::remove(java.lang.Object)].JML normal_behavior operation contract.0 
145730     DEBUG main            d.u.i.k.p.i.IntermediateProofReplayer Proof replay took 5.8ns 
147747     INFO  main            d.u.i.k.p.r.p.TestFile    ... finished proof: closed. 
147955     INFO  main            d.u.i.k.p.i.AbstractProblemLoader Loading environment from /home/runner/work/key/key/key.core/../key.ui/examples/heap/list_seq/ArrayList.remove.0.key.proof 
147955     DEBUG main            d.u.i.k.p.i.AbstractProblemLoader Environment load took 494.11ns 
147957     INFO  main            d.u.i.k.p.i.AbstractProblemLoader Creating init config 
150915     DEBUG main            d.u.i.k.p.i.AbstractProblemLoader Init config took 2.96s 
150999     INFO  main            d.u.i.k.p.i.AbstractProblemLoader Replaying proof ArrayList[List::remove(java.lang.Object)].JML normal_behavior operation contract.0 
151303     DEBUG main            d.u.i.k.p.i.IntermediateProofReplayer Proof replay took 297.48ms 
151304     DEBUG main            d.u.i.k.p.r.p.TestFile    ... success: reloaded. 
151305     INFO  main            d.u.i.k.p.r.p.TestFile    Now processing file /home/runner/work/key/key/key.core/../key.ui/examples/heap/list_seq/ArrayList.remove.1.key 
151306     INFO  main            d.u.i.k.p.i.AbstractProblemLoader Loading environment from /home/runner/work/key/key/key.core/../key.ui/examples/heap/list_seq/ArrayList.remove.1.key 
151306     DEBUG main            d.u.i.k.p.i.AbstractProblemLoader Environment load took 121.1ns 
151307     INFO  main            d.u.i.k.p.i.AbstractProblemLoader Creating init config 
154266     DEBUG main            d.u.i.k.p.i.AbstractProblemLoader Init config took 2.96s 
154334     INFO  main            d.u.i.k.p.i.AbstractProblemLoader Replaying proof ArrayList[List::remove(java.lang.Object)].JML normal_behavior operation contract.1 
154336     DEBUG main            d.u.i.k.p.i.IntermediateProofReplayer Proof replay took 6.7ns 
166548     INFO  main            d.u.i.k.p.r.p.TestFile    ... finished proof: closed. 
166807     INFO  main            d.u.i.k.p.i.AbstractProblemLoader Loading environment from /home/runner/work/key/key/key.core/../key.ui/examples/heap/list_seq/ArrayList.remove.1.key.proof 
166808     DEBUG main            d.u.i.k.p.i.AbstractProblemLoader Environment load took 528.8ns 
166811     INFO  main            d.u.i.k.p.i.AbstractProblemLoader Creating init config 
169714     DEBUG main            d.u.i.k.p.i.AbstractProblemLoader Init config took 2.9s 
169795     INFO  main            d.u.i.k.p.i.AbstractProblemLoader Replaying proof ArrayList[List::remove(java.lang.Object)].JML normal_behavior operation contract.1 
170602     DEBUG main            d.u.i.k.p.i.IntermediateProofReplayer Proof replay took 777.89ms 
170605     DEBUG main            d.u.i.k.p.r.p.TestFile    ... success: reloaded. 
1376653    INFO  Test worker     d.u.i.k.p.r.RunAllProofsTestUnit Returning from test list_seq 
1376656    INFO  Test worker     d.u.i.k.p.r.RunAllProofsTestUnit Running test observer 
360        INFO  Timeout watchdog d.u.i.k.p.r.p.ForkedTestFileRunner Timeout watcher launched (2000 secs.) 
366        WARN  main            d.u.i.k.s.ProofSettings   The settings in /home/runner/.key/proof-settings.props are *not* read. 
413        INFO  main            d.u.i.k.p.r.p.TestFile    Now processing file /home/runner/work/key/key/key.core/../key.ui/examples/heap/observer/ExampleObserver_ExampleObserver.key 
559        INFO  main            d.u.i.k.p.i.AbstractProblemLoader Loading environment from /home/runner/work/key/key/key.core/../key.ui/examples/heap/observer/ExampleObserver_ExampleObserver.key 
584        DEBUG main            d.u.i.k.p.i.AbstractProblemLoader Environment load took 2.14ms 
805        INFO  main            d.u.i.k.p.i.AbstractProblemLoader Creating init config 
1845       DEBUG main            d.u.i.k.j.TypeConverter   No LDT found for Meta 
1845       DEBUG main            d.u.i.k.j.TypeConverter   No LDT found for Meta 
1848       DEBUG main            d.u.i.k.j.TypeConverter   No LDT found for Meta 
1849       DEBUG main            d.u.i.k.j.TypeConverter   No LDT found for Meta 
3205       DEBUG main            d.u.i.k.j.TypeConverter   No LDT found for JavaBigintExpression 
9069       DEBUG main            d.u.i.k.p.i.AbstractProblemLoader Init config took 8.26s 
9198       INFO  main            d.u.i.k.p.i.AbstractProblemLoader Replaying proof ExampleObserver[ExampleObserver::ExampleObserver(ExampleSubject)].JML normal_behavior operation contract.0 
9272       DEBUG main            d.u.i.k.p.i.IntermediateProofReplayer Proof replay took 40.5ns 
10304      INFO  main            d.u.i.k.p.r.p.TestFile    ... finished proof: closed. 
10432      INFO  main            d.u.i.k.p.i.AbstractProblemLoader Loading environment from /home/runner/work/key/key/key.core/../key.ui/examples/heap/observer/ExampleObserver_ExampleObserver.key.proof 
10433      DEBUG main            d.u.i.k.p.i.AbstractProblemLoader Environment load took 609.51ns 
10436      INFO  main            d.u.i.k.p.i.AbstractProblemLoader Creating init config 
13444      DEBUG main            d.u.i.k.p.i.AbstractProblemLoader Init config took 3.01s 
13530      INFO  main            d.u.i.k.p.i.AbstractProblemLoader Replaying proof ExampleObserver[ExampleObserver::ExampleObserver(ExampleSubject)].JML normal_behavior operation contract.0 
13680      DEBUG main            d.u.i.k.p.i.IntermediateProofReplayer Proof replay took 134.73ms 
13695      DEBUG main            d.u.i.k.p.r.p.TestFile    ... success: reloaded. 
13698      INFO  main            d.u.i.k.p.r.p.TestFile    Now processing file /home/runner/work/key/key/key.core/../key.ui/examples/heap/observer/ExampleObserver_inv.key 
13699      INFO  main            d.u.i.k.p.i.AbstractProblemLoader Loading environment from /home/runner/work/key/key/key.core/../key.ui/examples/heap/observer/ExampleObserver_inv.key 
13699      DEBUG main            d.u.i.k.p.i.AbstractProblemLoader Environment load took 266.9ns 
13703      INFO  main            d.u.i.k.p.i.AbstractProblemLoader Creating init config 
16556      DEBUG main            d.u.i.k.p.i.AbstractProblemLoader Init config took 2.85s 
16619      INFO  main            d.u.i.k.p.i.AbstractProblemLoader Replaying proof ExampleObserver[java.lang.Object::<inv>()].JML accessible clause.0 
16623      DEBUG main            d.u.i.k.p.i.IntermediateProofReplayer Proof replay took 7.9ns 
16726      INFO  main            d.u.i.k.p.r.p.TestFile    ... finished proof: closed. 
16862      INFO  main            d.u.i.k.p.i.AbstractProblemLoader Loading environment from /home/runner/work/key/key/key.core/../key.ui/examples/heap/observer/ExampleObserver_inv.key.proof 
16862      DEBUG main            d.u.i.k.p.i.AbstractProblemLoader Environment load took 134.5ns 
16863      INFO  main            d.u.i.k.p.i.AbstractProblemLoader Creating init config 
19611      DEBUG main            d.u.i.k.p.i.AbstractProblemLoader Init config took 2.75s 
19683      INFO  main            d.u.i.k.p.i.AbstractProblemLoader Replaying proof ExampleObserver[java.lang.Object::<inv>()].JML accessible clause.0 
19707      DEBUG main            d.u.i.k.p.i.IntermediateProofReplayer Proof replay took 19.27ms 
19708      DEBUG main            d.u.i.k.p.r.p.TestFile    ... success: reloaded. 
19710      INFO  main            d.u.i.k.p.r.p.TestFile    Now processing file /home/runner/work/key/key/key.core/../key.ui/examples/heap/observer/ExampleObserver_subject.key 
19711      INFO  main            d.u.i.k.p.i.AbstractProblemLoader Loading environment from /home/runner/work/key/key/key.core/../key.ui/examples/heap/observer/ExampleObserver_subject.key 
19711      DEBUG main            d.u.i.k.p.i.AbstractProblemLoader Environment load took 125.7ns 
19714      INFO  main            d.u.i.k.p.i.AbstractProblemLoader Creating init config 
22499      DEBUG main            d.u.i.k.p.i.AbstractProblemLoader Init config took 2.79s 
22552      INFO  main            d.u.i.k.p.i.AbstractProblemLoader Replaying proof Observer[Observer::$subject()].JML accessible clause.0 
22555      DEBUG main            d.u.i.k.p.i.IntermediateProofReplayer Proof replay took 5.5ns 
22657      INFO  main            d.u.i.k.p.r.p.TestFile    ... finished proof: closed. 
22806      INFO  main            d.u.i.k.p.i.AbstractProblemLoader Loading environment from /home/runner/work/key/key/key.core/../key.ui/examples/heap/observer/ExampleObserver_subject.key.proof 
22807      DEBUG main            d.u.i.k.p.i.AbstractProblemLoader Environment load took 138.5ns 
22808      INFO  main            d.u.i.k.p.i.AbstractProblemLoader Creating init config 
25439      DEBUG main            d.u.i.k.p.i.AbstractProblemLoader Init config took 2.63s 
25486      INFO  main            d.u.i.k.p.i.AbstractProblemLoader Replaying proof Observer[Observer::$subject()].JML accessible clause.0 
25489      DEBUG main            d.u.i.k.p.i.IntermediateProofReplayer Proof replay took 1.47ms 
25490      DEBUG main            d.u.i.k.p.r.p.TestFile    ... success: reloaded. 
25492      INFO  main            d.u.i.k.p.r.p.TestFile    Now processing file /home/runner/work/key/key/key.core/../key.ui/examples/heap/observer/ExampleObserver_update.key 
25492      INFO  main            d.u.i.k.p.i.AbstractProblemLoader Loading environment from /home/runner/work/key/key/key.core/../key.ui/examples/heap/observer/ExampleObserver_update.key 
25492      DEBUG main            d.u.i.k.p.i.AbstractProblemLoader Environment load took 225.4ns 
25493      INFO  main            d.u.i.k.p.i.AbstractProblemLoader Creating init config 
28161      DEBUG main            d.u.i.k.p.i.AbstractProblemLoader Init config took 2.67s 
28211      INFO  main            d.u.i.k.p.i.AbstractProblemLoader Replaying proof ExampleObserver[Observer::update()].JML normal_behavior operation contract.0 
28212      DEBUG main            d.u.i.k.p.i.IntermediateProofReplayer Proof replay took 5.6ns 
28515      INFO  main            d.u.i.k.p.r.p.TestFile    ... finished proof: closed. 
28661      INFO  main            d.u.i.k.p.i.AbstractProblemLoader Loading environment from /home/runner/work/key/key/key.core/../key.ui/examples/heap/observer/ExampleObserver_update.key.proof 
28662      DEBUG main            d.u.i.k.p.i.AbstractProblemLoader Environment load took 1.63ms 
28664      INFO  main            d.u.i.k.p.i.AbstractProblemLoader Creating init config 
31290      DEBUG main            d.u.i.k.p.i.AbstractProblemLoader Init config took 2.63s 
31340      INFO  main            d.u.i.k.p.i.AbstractProblemLoader Replaying proof ExampleObserver[Observer::update()].JML normal_behavior operation contract.0 
31395      DEBUG main            d.u.i.k.p.i.IntermediateProofReplayer Proof replay took 51.62ms 
31396      DEBUG main            d.u.i.k.p.r.p.TestFile    ... success: reloaded. 
31398      INFO  main            d.u.i.k.p.r.p.TestFile    Now processing file /home/runner/work/key/key/key.core/../key.ui/examples/heap/observer/ExampleObserver_upToDate.key 
31398      INFO  main            d.u.i.k.p.i.AbstractProblemLoader Loading environment from /home/runner/work/key/key/key.core/../key.ui/examples/heap/observer/ExampleObserver_upToDate.key 
31399      DEBUG main            d.u.i.k.p.i.AbstractProblemLoader Environment load took 255.1ns 
31400      INFO  main            d.u.i.k.p.i.AbstractProblemLoader Creating init config 
34073      DEBUG main            d.u.i.k.p.i.AbstractProblemLoader Init config took 2.67s 
34121      INFO  main            d.u.i.k.p.i.AbstractProblemLoader Replaying proof ExampleObserver[Observer::$upToDate()].JML accessible clause.0 
34123      DEBUG main            d.u.i.k.p.i.IntermediateProofReplayer Proof replay took 7.4ns 
34225      INFO  main            d.u.i.k.p.r.p.TestFile    ... finished proof: closed. 
34389      INFO  main            d.u.i.k.p.i.AbstractProblemLoader Loading environment from /home/runner/work/key/key/key.core/../key.ui/examples/heap/observer/ExampleObserver_upToDate.key.proof 
34389      DEBUG main            d.u.i.k.p.i.AbstractProblemLoader Environment load took 125.7ns 
34390      INFO  main            d.u.i.k.p.i.AbstractProblemLoader Creating init config 
37009      DEBUG main            d.u.i.k.p.i.AbstractProblemLoader Init config took 2.62s 
37065      INFO  main            d.u.i.k.p.i.AbstractProblemLoader Replaying proof ExampleObserver[Observer::$upToDate()].JML accessible clause.0 
37087      DEBUG main            d.u.i.k.p.i.IntermediateProofReplayer Proof replay took 17.32ms 
37089      DEBUG main            d.u.i.k.p.r.p.TestFile    ... success: reloaded. 
37090      INFO  main            d.u.i.k.p.r.p.TestFile    Now processing file /home/runner/work/key/key/key.core/../key.ui/examples/heap/observer/ExampleObserver_value.key 
37091      INFO  main            d.u.i.k.p.i.AbstractProblemLoader Loading environment from /home/runner/work/key/key/key.core/../key.ui/examples/heap/observer/ExampleObserver_value.key 
37091      DEBUG main            d.u.i.k.p.i.AbstractProblemLoader Environment load took 254.7ns 
37092      INFO  main            d.u.i.k.p.i.AbstractProblemLoader Creating init config 
39797      DEBUG main            d.u.i.k.p.i.AbstractProblemLoader Init config took 2.7s 
39862      INFO  main            d.u.i.k.p.i.AbstractProblemLoader Replaying proof ExampleObserver[ExampleObserver::value()].JML normal_behavior operation contract.0 
39864      DEBUG main            d.u.i.k.p.i.IntermediateProofReplayer Proof replay took 5.9ns 
39969      INFO  main            d.u.i.k.p.r.p.TestFile    ... finished proof: closed. 
40132      INFO  main            d.u.i.k.p.i.AbstractProblemLoader Loading environment from /home/runner/work/key/key/key.core/../key.ui/examples/heap/observer/ExampleObserver_value.key.proof 
40132      DEBUG main            d.u.i.k.p.i.AbstractProblemLoader Environment load took 139.8ns 
40133      INFO  main            d.u.i.k.p.i.AbstractProblemLoader Creating init config 
42731      DEBUG main            d.u.i.k.p.i.AbstractProblemLoader Init config took 2.6s 
42777      INFO  main            d.u.i.k.p.i.AbstractProblemLoader Replaying proof ExampleObserver[ExampleObserver::value()].JML normal_behavior operation contract.0 
42793      DEBUG main            d.u.i.k.p.i.IntermediateProofReplayer Proof replay took 14.8ms 
42794      DEBUG main            d.u.i.k.p.r.p.TestFile    ... success: reloaded. 
42796      INFO  main            d.u.i.k.p.r.p.TestFile    Now processing file /home/runner/work/key/key/key.core/../key.ui/examples/heap/observer/ExampleSubject_addObserver.key 
42796      INFO  main            d.u.i.k.p.i.AbstractProblemLoader Loading environment from /home/runner/work/key/key/key.core/../key.ui/examples/heap/observer/ExampleSubject_addObserver.key 
42796      DEBUG main            d.u.i.k.p.i.AbstractProblemLoader Environment load took 109.8ns 
42797      INFO  main            d.u.i.k.p.i.AbstractProblemLoader Creating init config 
45412      DEBUG main            d.u.i.k.p.i.AbstractProblemLoader Init config took 2.62s 
45465      INFO  main            d.u.i.k.p.i.AbstractProblemLoader Replaying proof ExampleSubject[Subject::addObserver(Observer)].JML normal_behavior operation contract.0 
45467      DEBUG main            d.u.i.k.p.i.IntermediateProofReplayer Proof replay took 7.6ns 
50929      INFO  main            d.u.i.k.p.r.p.TestFile    ... finished proof: closed. 
51177      INFO  main            d.u.i.k.p.i.AbstractProblemLoader Loading environment from /home/runner/work/key/key/key.core/../key.ui/examples/heap/observer/ExampleSubject_addObserver.key.proof 
51178      DEBUG main            d.u.i.k.p.i.AbstractProblemLoader Environment load took 677.11ns 
51181      INFO  main            d.u.i.k.p.i.AbstractProblemLoader Creating init config 
53726      DEBUG main            d.u.i.k.p.i.AbstractProblemLoader Init config took 2.54s 
53776      INFO  main            d.u.i.k.p.i.AbstractProblemLoader Replaying proof ExampleSubject[Subject::addObserver(Observer)].JML normal_behavior operation contract.0 
54276      DEBUG main            d.u.i.k.p.i.IntermediateProofReplayer Proof replay took 479.46ms 
54278      DEBUG main            d.u.i.k.p.r.p.TestFile    ... success: reloaded. 
54280      INFO  main            d.u.i.k.p.r.p.TestFile    Now processing file /home/runner/work/key/key/key.core/../key.ui/examples/heap/observer/ExampleSubject_change.key 
54280      INFO  main            d.u.i.k.p.i.AbstractProblemLoader Loading environment from /home/runner/work/key/key/key.core/../key.ui/examples/heap/observer/ExampleSubject_change.key 
54281      DEBUG main            d.u.i.k.p.i.AbstractProblemLoader Environment load took 225.9ns 
54282      INFO  main            d.u.i.k.p.i.AbstractProblemLoader Creating init config 
56908      DEBUG main            d.u.i.k.p.i.AbstractProblemLoader Init config took 2.63s 
56960      INFO  main            d.u.i.k.p.i.AbstractProblemLoader Replaying proof ExampleSubject[ExampleSubject::change()].JML normal_behavior operation contract.0 
56962      DEBUG main            d.u.i.k.p.i.IntermediateProofReplayer Proof replay took 17.1ns 
57465      INFO  main            d.u.i.k.p.r.p.TestFile    ... finished proof: closed. 
57655      INFO  main            d.u.i.k.p.i.AbstractProblemLoader Loading environment from /home/runner/work/key/key/key.core/../key.ui/examples/heap/observer/ExampleSubject_change.key.proof 
57656      DEBUG main            d.u.i.k.p.i.AbstractProblemLoader Environment load took 521.91ns 
57657      INFO  main            d.u.i.k.p.i.AbstractProblemLoader Creating init config 
60213      DEBUG main            d.u.i.k.p.i.AbstractProblemLoader Init config took 2.56s 
60265      INFO  main            d.u.i.k.p.i.AbstractProblemLoader Replaying proof ExampleSubject[ExampleSubject::change()].JML normal_behavior operation contract.0 
60328      DEBUG main            d.u.i.k.p.i.IntermediateProofReplayer Proof replay took 53.12ms 
60330      DEBUG main            d.u.i.k.p.r.p.TestFile    ... success: reloaded. 
60335      INFO  main            d.u.i.k.p.r.p.TestFile    Now processing file /home/runner/work/key/key/key.core/../key.ui/examples/heap/observer/ExampleSubject_ExampleSubject.key 
60336      INFO  main            d.u.i.k.p.i.AbstractProblemLoader Loading environment from /home/runner/work/key/key/key.core/../key.ui/examples/heap/observer/ExampleSubject_ExampleSubject.key 
60337      DEBUG main            d.u.i.k.p.i.AbstractProblemLoader Environment load took 236.6ns 
60338      INFO  main            d.u.i.k.p.i.AbstractProblemLoader Creating init config 
62946      DEBUG main            d.u.i.k.p.i.AbstractProblemLoader Init config took 2.61s 
62992      INFO  main            d.u.i.k.p.i.AbstractProblemLoader Replaying proof ExampleSubject[ExampleSubject::ExampleSubject()].JML normal_behavior operation contract.0 
62993      DEBUG main            d.u.i.k.p.i.IntermediateProofReplayer Proof replay took 6.4ns 
64102      INFO  main            d.u.i.k.p.r.p.TestFile    ... finished proof: closed. 
64326      INFO  main            d.u.i.k.p.i.AbstractProblemLoader Loading environment from /home/runner/work/key/key/key.core/../key.ui/examples/heap/observer/ExampleSubject_ExampleSubject.key.proof 
64326      DEBUG main            d.u.i.k.p.i.AbstractProblemLoader Environment load took 127.5ns 
64327      INFO  main            d.u.i.k.p.i.AbstractProblemLoader Creating init config 
66835      DEBUG main            d.u.i.k.p.i.AbstractProblemLoader Init config took 2.51s 
66880      INFO  main            d.u.i.k.p.i.AbstractProblemLoader Replaying proof ExampleSubject[ExampleSubject::ExampleSubject()].JML normal_behavior operation contract.0 
67029      DEBUG main            d.u.i.k.p.i.IntermediateProofReplayer Proof replay took 141.59ms 
67031      DEBUG main            d.u.i.k.p.r.p.TestFile    ... success: reloaded. 
67032      INFO  main            d.u.i.k.p.r.p.TestFile    Now processing file /home/runner/work/key/key/key.core/../key.ui/examples/heap/observer/ExampleSubject_footprint.key 
67032      INFO  main            d.u.i.k.p.i.AbstractProblemLoader Loading environment from /home/runner/work/key/key/key.core/../key.ui/examples/heap/observer/ExampleSubject_footprint.key 
67033      DEBUG main            d.u.i.k.p.i.AbstractProblemLoader Environment load took 250ns 
67034      INFO  main            d.u.i.k.p.i.AbstractProblemLoader Creating init config 
69632      DEBUG main            d.u.i.k.p.i.AbstractProblemLoader Init config took 2.6s 
69676      INFO  main            d.u.i.k.p.i.AbstractProblemLoader Replaying proof ExampleSubject[Subject::$footprint()].JML accessible clause.0 
69681      DEBUG main            d.u.i.k.p.i.IntermediateProofReplayer Proof replay took 6.9ns 
69783      INFO  main            d.u.i.k.p.r.p.TestFile    ... finished proof: closed. 
69979      INFO  main            d.u.i.k.p.i.AbstractProblemLoader Loading environment from /home/runner/work/key/key/key.core/../key.ui/examples/heap/observer/ExampleSubject_footprint.key.proof 
69979      DEBUG main            d.u.i.k.p.i.AbstractProblemLoader Environment load took 136.3ns 
69980      INFO  main            d.u.i.k.p.i.AbstractProblemLoader Creating init config 
72495      DEBUG main            d.u.i.k.p.i.AbstractProblemLoader Init config took 2.51s 
72539      INFO  main            d.u.i.k.p.i.AbstractProblemLoader Replaying proof ExampleSubject[Subject::$footprint()].JML accessible clause.0 
72551      DEBUG main            d.u.i.k.p.i.IntermediateProofReplayer Proof replay took 10.3ms 
72552      DEBUG main            d.u.i.k.p.r.p.TestFile    ... success: reloaded. 
72554      INFO  main            d.u.i.k.p.r.p.TestFile    Now processing file /home/runner/work/key/key/key.core/../key.ui/examples/heap/observer/ExampleSubject_inv.key 
72554      INFO  main            d.u.i.k.p.i.AbstractProblemLoader Loading environment from /home/runner/work/key/key/key.core/../key.ui/examples/heap/observer/ExampleSubject_inv.key 
72554      DEBUG main            d.u.i.k.p.i.AbstractProblemLoader Environment load took 109.8ns 
72555      INFO  main            d.u.i.k.p.i.AbstractProblemLoader Creating init config 
75207      DEBUG main            d.u.i.k.p.i.AbstractProblemLoader Init config took 2.65s 
75250      INFO  main            d.u.i.k.p.i.AbstractProblemLoader Replaying proof ExampleSubject[java.lang.Object::<inv>()].JML accessible clause.0 
75252      DEBUG main            d.u.i.k.p.i.IntermediateProofReplayer Proof replay took 6.1ns 
76468      INFO  main            d.u.i.k.p.r.p.TestFile    ... finished proof: closed. 
76666      INFO  main            d.u.i.k.p.i.AbstractProblemLoader Loading environment from /home/runner/work/key/key/key.core/../key.ui/examples/heap/observer/ExampleSubject_inv.key.proof 
76666      DEBUG main            d.u.i.k.p.i.AbstractProblemLoader Environment load took 472.7ns 
76668      INFO  main            d.u.i.k.p.i.AbstractProblemLoader Creating init config 
79237      DEBUG main            d.u.i.k.p.i.AbstractProblemLoader Init config took 2.57s 
79282      INFO  main            d.u.i.k.p.i.AbstractProblemLoader Replaying proof ExampleSubject[java.lang.Object::<inv>()].JML accessible clause.0 
79350      DEBUG main            d.u.i.k.p.i.IntermediateProofReplayer Proof replay took 61.78ms 
79351      DEBUG main            d.u.i.k.p.r.p.TestFile    ... success: reloaded. 
79353      INFO  main            d.u.i.k.p.r.p.TestFile    Now processing file /home/runner/work/key/key/key.core/../key.ui/examples/heap/observer/ExampleSubject_notifyObservers.key 
79353      INFO  main            d.u.i.k.p.i.AbstractProblemLoader Loading environment from /home/runner/work/key/key/key.core/../key.ui/examples/heap/observer/ExampleSubject_notifyObservers.key 
79354      DEBUG main            d.u.i.k.p.i.AbstractProblemLoader Environment load took 263.4ns 
79355      INFO  main            d.u.i.k.p.i.AbstractProblemLoader Creating init config 
81916      DEBUG main            d.u.i.k.p.i.AbstractProblemLoader Init config took 2.56s 
81963      INFO  main            d.u.i.k.p.i.AbstractProblemLoader Replaying proof Subject[Subject::notifyObservers()].JML normal_behavior operation contract.0 
81965      DEBUG main            d.u.i.k.p.i.IntermediateProofReplayer Proof replay took 6.2ns 
82069      INFO  main            d.u.i.k.p.r.p.TestFile    ... finished proof: closed. 
82274      INFO  main            d.u.i.k.p.i.AbstractProblemLoader Loading environment from /home/runner/work/key/key/key.core/../key.ui/examples/heap/observer/ExampleSubject_notifyObservers.key.proof 
82274      DEBUG main            d.u.i.k.p.i.AbstractProblemLoader Environment load took 127.4ns 
82275      INFO  main            d.u.i.k.p.i.AbstractProblemLoader Creating init config 
84795      DEBUG main            d.u.i.k.p.i.AbstractProblemLoader Init config took 2.52s 
84845      INFO  main            d.u.i.k.p.i.AbstractProblemLoader Replaying proof Subject[Subject::notifyObservers()].JML normal_behavior operation contract.0 
84864      DEBUG main            d.u.i.k.p.i.IntermediateProofReplayer Proof replay took 16.48ms 
84866      DEBUG main            d.u.i.k.p.r.p.TestFile    ... success: reloaded. 
84867      INFO  main            d.u.i.k.p.r.p.TestFile    Now processing file /home/runner/work/key/key/key.core/../key.ui/examples/heap/observer/ExampleSubject_value_dep.key 
84867      INFO  main            d.u.i.k.p.i.AbstractProblemLoader Loading environment from /home/runner/work/key/key/key.core/../key.ui/examples/heap/observer/ExampleSubject_value_dep.key 
84867      DEBUG main            d.u.i.k.p.i.AbstractProblemLoader Environment load took 65.2ns 
84870      INFO  main            d.u.i.k.p.i.AbstractProblemLoader Creating init config 
87467      DEBUG main            d.u.i.k.p.i.AbstractProblemLoader Init config took 2.6s 
87509      INFO  main            d.u.i.k.p.i.AbstractProblemLoader Replaying proof ExampleSubject[ExampleSubject::value()].JML accessible clause.0 
87511      DEBUG main            d.u.i.k.p.i.IntermediateProofReplayer Proof replay took 6.1ns 
87615      INFO  main            d.u.i.k.p.r.p.TestFile    ... finished proof: closed. 
87858      INFO  main            d.u.i.k.p.i.AbstractProblemLoader Loading environment from /home/runner/work/key/key/key.core/../key.ui/examples/heap/observer/ExampleSubject_value_dep.key.proof 
87858      DEBUG main            d.u.i.k.p.i.AbstractProblemLoader Environment load took 120.8ns 
87859      INFO  main            d.u.i.k.p.i.AbstractProblemLoader Creating init config 
90373      DEBUG main            d.u.i.k.p.i.AbstractProblemLoader Init config took 2.51s 
90415      INFO  main            d.u.i.k.p.i.AbstractProblemLoader Replaying proof ExampleSubject[ExampleSubject::value()].JML accessible clause.0 
90427      DEBUG main            d.u.i.k.p.i.IntermediateProofReplayer Proof replay took 10.35ms 
90428      DEBUG main            d.u.i.k.p.r.p.TestFile    ... success: reloaded. 
90429      INFO  main            d.u.i.k.p.r.p.TestFile    Now processing file /home/runner/work/key/key/key.core/../key.ui/examples/heap/observer/ExampleSubject_value.key 
90429      INFO  main            d.u.i.k.p.i.AbstractProblemLoader Loading environment from /home/runner/work/key/key/key.core/../key.ui/examples/heap/observer/ExampleSubject_value.key 
90429      DEBUG main            d.u.i.k.p.i.AbstractProblemLoader Environment load took 101.2ns 
90430      INFO  main            d.u.i.k.p.i.AbstractProblemLoader Creating init config 
93034      DEBUG main            d.u.i.k.p.i.AbstractProblemLoader Init config took 2.6s 
93086      INFO  main            d.u.i.k.p.i.AbstractProblemLoader Replaying proof ExampleSubject[ExampleSubject::value()].JML normal_behavior operation contract.0 
93098      DEBUG main            d.u.i.k.p.i.IntermediateProofReplayer Proof replay took 7.2ns 
93200      INFO  main            d.u.i.k.p.r.p.TestFile    ... finished proof: closed. 
93415      INFO  main            d.u.i.k.p.i.AbstractProblemLoader Loading environment from /home/runner/work/key/key/key.core/../key.ui/examples/heap/observer/ExampleSubject_value.key.proof 
93416      DEBUG main            d.u.i.k.p.i.AbstractProblemLoader Environment load took 117ns 
93416      INFO  main            d.u.i.k.p.i.AbstractProblemLoader Creating init config 
95927      DEBUG main            d.u.i.k.p.i.AbstractProblemLoader Init config took 2.51s 
95969      INFO  main            d.u.i.k.p.i.AbstractProblemLoader Replaying proof ExampleSubject[ExampleSubject::value()].JML normal_behavior operation contract.0 
95979      DEBUG main            d.u.i.k.p.i.IntermediateProofReplayer Proof replay took 8.21ms 
95980      DEBUG main            d.u.i.k.p.r.p.TestFile    ... success: reloaded. 
1472809    INFO  Test worker     d.u.i.k.p.r.RunAllProofsTestUnit Returning from test observer 
1472810    INFO  Test worker     d.u.i.k.p.r.RunAllProofsTestUnit Running test removeDups 
337        INFO  Timeout watchdog d.u.i.k.p.r.p.ForkedTestFileRunner Timeout watcher launched (2000 secs.) 
353        WARN  main            d.u.i.k.s.ProofSettings   The settings in /home/runner/.key/proof-settings.props are *not* read. 
383        INFO  main            d.u.i.k.p.r.p.TestFile    Now processing file /home/runner/work/key/key/key.core/../key.ui/examples/heap/removeDups/arrayPart.key 
497        INFO  main            d.u.i.k.p.i.AbstractProblemLoader Loading environment from /home/runner/work/key/key/key.core/../key.ui/examples/heap/removeDups/arrayPart.key 
520        DEBUG main            d.u.i.k.p.i.AbstractProblemLoader Environment load took 1.95ms 
734        INFO  main            d.u.i.k.p.i.AbstractProblemLoader Creating init config 
1715       DEBUG main            d.u.i.k.j.TypeConverter   No LDT found for Meta 
1716       DEBUG main            d.u.i.k.j.TypeConverter   No LDT found for Meta 
1719       DEBUG main            d.u.i.k.j.TypeConverter   No LDT found for Meta 
1719       DEBUG main            d.u.i.k.j.TypeConverter   No LDT found for Meta 
2917       DEBUG main            d.u.i.k.j.TypeConverter   No LDT found for JavaBigintExpression 
7841       DEBUG main            d.u.i.k.p.i.AbstractProblemLoader Init config took 7.11s 
7984       INFO  main            d.u.i.k.p.i.AbstractProblemLoader Replaying proof RemoveDup[RemoveDup::arrayPart([I,int)].JML normal_behavior operation contract.0 
8021       DEBUG main            d.u.i.k.p.i.IntermediateProofReplayer Proof replay took 32ns 
10868      INFO  main            d.u.i.k.p.r.p.TestFile    ... finished proof: closed. 
11023      INFO  main            d.u.i.k.p.i.AbstractProblemLoader Loading environment from /home/runner/work/key/key/key.core/../key.ui/examples/heap/removeDups/arrayPart.key.proof 
11023      DEBUG main            d.u.i.k.p.i.AbstractProblemLoader Environment load took 249.2ns 
11026      INFO  main            d.u.i.k.p.i.AbstractProblemLoader Creating init config 
13932      DEBUG main            d.u.i.k.p.i.AbstractProblemLoader Init config took 2.91s 
14003      INFO  main            d.u.i.k.p.i.AbstractProblemLoader Replaying proof RemoveDup[RemoveDup::arrayPart([I,int)].JML normal_behavior operation contract.0 
14241      DEBUG main            d.u.i.k.p.i.IntermediateProofReplayer Proof replay took 226.62ms 
14248      DEBUG main            d.u.i.k.p.r.p.TestFile    ... success: reloaded. 
14249      INFO  main            d.u.i.k.p.r.p.TestFile    Now processing file /home/runner/work/key/key/key.core/../key.ui/examples/heap/removeDups/contains.key 
14250      INFO  main            d.u.i.k.p.i.AbstractProblemLoader Loading environment from /home/runner/work/key/key/key.core/../key.ui/examples/heap/removeDups/contains.key 
14250      DEBUG main            d.u.i.k.p.i.AbstractProblemLoader Environment load took 246.5ns 
14252      INFO  main            d.u.i.k.p.i.AbstractProblemLoader Creating init config 
17089      DEBUG main            d.u.i.k.p.i.AbstractProblemLoader Init config took 2.84s 
17143      INFO  main            d.u.i.k.p.i.AbstractProblemLoader Replaying proof RemoveDup[RemoveDup::contains([I,int,int)].JML normal_behavior operation contract.0 
17146      DEBUG main            d.u.i.k.p.i.IntermediateProofReplayer Proof replay took 6.5ns 
17652      INFO  main            d.u.i.k.p.r.p.TestFile    ... finished proof: closed. 
17807      INFO  main            d.u.i.k.p.i.AbstractProblemLoader Loading environment from /home/runner/work/key/key/key.core/../key.ui/examples/heap/removeDups/contains.key.proof 
17808      DEBUG main            d.u.i.k.p.i.AbstractProblemLoader Environment load took 819.21ns 
17810      INFO  main            d.u.i.k.p.i.AbstractProblemLoader Creating init config 
20489      DEBUG main            d.u.i.k.p.i.AbstractProblemLoader Init config took 2.68s 
20566      INFO  main            d.u.i.k.p.i.AbstractProblemLoader Replaying proof RemoveDup[RemoveDup::contains([I,int,int)].JML normal_behavior operation contract.0 
20668      DEBUG main            d.u.i.k.p.i.IntermediateProofReplayer Proof replay took 94.53ms 
20669      DEBUG main            d.u.i.k.p.r.p.TestFile    ... success: reloaded. 
20672      INFO  main            d.u.i.k.p.r.p.TestFile    Now processing file /home/runner/work/key/key/key.core/../key.ui/examples/heap/removeDups/removeDup.key 
20673      INFO  main            d.u.i.k.p.i.AbstractProblemLoader Loading environment from /home/runner/work/key/key/key.core/../key.ui/examples/heap/removeDups/removeDup.key 
20673      DEBUG main            d.u.i.k.p.i.AbstractProblemLoader Environment load took 272.8ns 
20675      INFO  main            d.u.i.k.p.i.AbstractProblemLoader Creating init config 
23364      DEBUG main            d.u.i.k.p.i.AbstractProblemLoader Init config took 2.69s 
23411      INFO  main            d.u.i.k.p.i.AbstractProblemLoader Replaying proof RemoveDup[RemoveDup::removeDup([I)].JML normal_behavior operation contract.0 
23414      DEBUG main            d.u.i.k.p.i.IntermediateProofReplayer Proof replay took 6.8ns 
44480      INFO  main            d.u.i.k.p.r.p.TestFile    ... finished proof: closed. 
44757      INFO  main            d.u.i.k.p.i.AbstractProblemLoader Loading environment from /home/runner/work/key/key/key.core/../key.ui/examples/heap/removeDups/removeDup.key.proof 
44757      DEBUG main            d.u.i.k.p.i.AbstractProblemLoader Environment load took 515.5ns 
44767      INFO  main            d.u.i.k.p.i.AbstractProblemLoader Creating init config 
47369      DEBUG main            d.u.i.k.p.i.AbstractProblemLoader Init config took 2.6s 
47415      INFO  main            d.u.i.k.p.i.AbstractProblemLoader Replaying proof RemoveDup[RemoveDup::removeDup([I)].JML normal_behavior operation contract.0 
48640      DEBUG main            d.u.i.k.p.i.IntermediateProofReplayer Proof replay took 1.16s 
48644      DEBUG main            d.u.i.k.p.r.p.TestFile    ... success: reloaded. 
48645      INFO  main            d.u.i.k.p.r.p.TestFile    Now processing file /home/runner/work/key/key/key.core/../key.ui/examples/heap/saddleback_search/Saddleback_search.key 
48646      INFO  main            d.u.i.k.p.i.AbstractProblemLoader Loading environment from /home/runner/work/key/key/key.core/../key.ui/examples/heap/saddleback_search/Saddleback_search.key 
48646      DEBUG main            d.u.i.k.p.i.AbstractProblemLoader Environment load took 258.3ns 
48647      INFO  main            d.u.i.k.p.i.AbstractProblemLoader Creating init config 
51311      DEBUG main            d.u.i.k.p.i.AbstractProblemLoader Init config took 2.66s 
51357      INFO  main            d.u.i.k.p.i.AbstractProblemLoader Replaying proof Saddleback[Saddleback::search([[I,int)].JML normal_behavior operation contract.0 
51368      DEBUG main            d.u.i.k.p.i.IntermediateProofReplayer Proof replay took 7.1ns 
133184     INFO  main            d.u.i.k.p.r.p.TestFile    ... finished proof: closed. 
133565     INFO  main            d.u.i.k.p.i.AbstractProblemLoader Loading environment from /home/runner/work/key/key/key.core/../key.ui/examples/heap/saddleback_search/Saddleback_search.key.proof 
133565     DEBUG main            d.u.i.k.p.i.AbstractProblemLoader Environment load took 225.4ns 
133577     INFO  main            d.u.i.k.p.i.AbstractProblemLoader Creating init config 
136077     DEBUG main            d.u.i.k.p.i.AbstractProblemLoader Init config took 2.5s 
136141     INFO  main            d.u.i.k.p.i.AbstractProblemLoader Replaying proof Saddleback[Saddleback::search([[I,int)].JML normal_behavior operation contract.0 
137801     DEBUG main            d.u.i.k.p.i.IntermediateProofReplayer Proof replay took 1.49s 
137824     DEBUG main            d.u.i.k.p.r.p.TestFile    ... success: reloaded. 
1610797    INFO  Test worker     d.u.i.k.p.r.RunAllProofsTestUnit Returning from test removeDups 
1610798    INFO  Test worker     d.u.i.k.p.r.RunAllProofsTestUnit Running test quicksort 
340        INFO  Timeout watchdog d.u.i.k.p.r.p.ForkedTestFileRunner Timeout watcher launched (2000 secs.) 
355        WARN  main            d.u.i.k.s.ProofSettings   The settings in /home/runner/.key/proof-settings.props are *not* read. 
402        INFO  main            d.u.i.k.p.r.p.TestFile    Now processing file /home/runner/work/key/key/key.core/../key.ui/examples/heap/quicksort/toplevel.key 
520        INFO  main            d.u.i.k.p.i.AbstractProblemLoader Loading environment from /home/runner/work/key/key/key.core/../key.ui/examples/heap/quicksort/toplevel.key 
536        DEBUG main            d.u.i.k.p.i.AbstractProblemLoader Environment load took 2.16ms 
754        INFO  main            d.u.i.k.p.i.AbstractProblemLoader Creating init config 
1574       DEBUG main            d.u.i.k.j.TypeConverter   No LDT found for Meta 
1575       DEBUG main            d.u.i.k.j.TypeConverter   No LDT found for Meta 
1575       DEBUG main            d.u.i.k.j.TypeConverter   No LDT found for Meta 
1576       DEBUG main            d.u.i.k.j.TypeConverter   No LDT found for Meta 
2794       DEBUG main            d.u.i.k.j.TypeConverter   No LDT found for JavaBigintExpression 
8078       DEBUG main            d.u.i.k.p.i.AbstractProblemLoader Init config took 7.32s 
8202       INFO  main            d.u.i.k.p.i.AbstractProblemLoader Replaying proof Quicksort[Quicksort::sort([I)].JML normal_behavior operation contract.0 
8234       DEBUG main            d.u.i.k.p.i.IntermediateProofReplayer Proof replay took 32.7ns 
9484       INFO  main            d.u.i.k.p.r.p.TestFile    ... finished proof: closed. 
9686       INFO  main            d.u.i.k.p.i.AbstractProblemLoader Loading environment from /home/runner/work/key/key/key.core/../key.ui/examples/heap/quicksort/toplevel.key.proof 
9690       DEBUG main            d.u.i.k.p.i.AbstractProblemLoader Environment load took 3.34ms 
9692       INFO  main            d.u.i.k.p.i.AbstractProblemLoader Creating init config 
12636      DEBUG main            d.u.i.k.p.i.AbstractProblemLoader Init config took 2.94s 
12728      INFO  main            d.u.i.k.p.i.AbstractProblemLoader Replaying proof Quicksort[Quicksort::sort([I)].JML normal_behavior operation contract.0 
12976      DEBUG main            d.u.i.k.p.i.IntermediateProofReplayer Proof replay took 229.74ms 
12985      DEBUG main            d.u.i.k.p.r.p.TestFile    ... success: reloaded. 
12988      INFO  main            d.u.i.k.p.r.p.TestFile    Now processing file /home/runner/work/key/key/key.core/../key.ui/examples/heap/quicksort/sort.key 
12989      INFO  main            d.u.i.k.p.i.AbstractProblemLoader Loading environment from /home/runner/work/key/key/key.core/../key.ui/examples/heap/quicksort/sort.key 
12989      DEBUG main            d.u.i.k.p.i.AbstractProblemLoader Environment load took 123.5ns 
12992      INFO  main            d.u.i.k.p.i.AbstractProblemLoader Creating init config 
15869      DEBUG main            d.u.i.k.p.i.AbstractProblemLoader Init config took 2.88s 
15938      INFO  main            d.u.i.k.p.i.AbstractProblemLoader Replaying proof Quicksort[Quicksort::sort([I,int,int)].JML normal_behavior operation contract.0 
15943      DEBUG main            d.u.i.k.p.i.IntermediateProofReplayer Proof replay took 7ns 
15979      DEBUG main            d.u.i.k.m.s.ProofScriptEngine 1: 'script 'sort.script'' on goal 0 (script from line 7) 
15980      INFO  main            d.u.i.k.m.s.ProofScriptCommand Included script /home/runner/work/key/key/key.core/../key.ui/examples/heap/quicksort/sort.script 
15982      DEBUG main            d.u.i.k.m.s.ProofScriptEngine 1: 'macro autopilot-prep' on goal 0 (script from line 1) 
17121      DEBUG main            d.u.i.k.m.s.ProofScriptEngine 2: 'select formula="{heapAtPre:=heap || exc:=null || heap:=heapAfter_sort_0}
   seq ...' on goal 358 (script from line 7) 
17122      DEBUG main            d.u.i.k.m.s.ProofScriptEngine 3: 'macro simp-upd' on goal 358 (script from line 9) 
17131      DEBUG main            d.u.i.k.m.s.ProofScriptEngine 4: 'let   @seqPre="seqDef{int u;}(0, array.length, array[u])"
    @seqSplit="seqDef ...' on goal 369 (script from line 14) 
17134      DEBUG main            d.u.i.k.m.s.ProofScriptEngine 5: 'rule seqPermSym 
  formula="seqPerm(@seqSplit, @seqPre)"' on goal 369 (script from line 17) 
17147      DEBUG main            d.u.i.k.m.s.ProofScriptEngine 6: 'rule seqPermSym
  formula="seqPerm(@seqSort, @seqSplit)"' on goal 370 (script from line 20) 
17149      DEBUG main            d.u.i.k.m.s.ProofScriptEngine 7: 'rule seqPermSym
  formula="seqPerm(@seqSort0, @seqSort)"' on goal 371 (script from line 23) 
17150      DEBUG main            d.u.i.k.m.s.ProofScriptEngine 8: 'rule seqPermTrans
  formula="seqPerm(@seqPre, @seqSplit)"' on goal 372 (script from line 26) 
17152      DEBUG main            d.u.i.k.m.s.ProofScriptEngine 9: 'rule seqPermTrans
  formula="seqPerm(@seqPre, @seqSort)"' on goal 373 (script from line 29) 
17153      DEBUG main            d.u.i.k.m.s.ProofScriptEngine 10: 'rule seqPermSym
  formula="seqPerm(@seqPre, @seqSort0)"' on goal 374 (script from line 32) 
17153      DEBUG main            d.u.i.k.m.s.ProofScriptEngine 11: 'tryclose' on goal 375 (script from line 36) 
44285      INFO  main            d.u.i.k.p.r.p.TestFile    ... finished proof: closed. 
44590      INFO  main            d.u.i.k.p.i.AbstractProblemLoader Loading environment from /home/runner/work/key/key/key.core/../key.ui/examples/heap/quicksort/sort.key.proof 
44590      DEBUG main            d.u.i.k.p.i.AbstractProblemLoader Environment load took 437.7ns 
44597      INFO  main            d.u.i.k.p.i.AbstractProblemLoader Creating init config 
47345      DEBUG main            d.u.i.k.p.i.AbstractProblemLoader Init config took 2.75s 
47394      INFO  main            d.u.i.k.p.i.AbstractProblemLoader Replaying proof Quicksort[Quicksort::sort([I,int,int)].JML normal_behavior operation contract.0 
49025      DEBUG main            d.u.i.k.p.i.IntermediateProofReplayer Proof replay took 1.51s 
49032      DEBUG main            d.u.i.k.p.r.p.TestFile    ... success: reloaded. 
49034      INFO  main            d.u.i.k.p.r.p.TestFile    Now processing file /home/runner/work/key/key/key.core/../key.ui/examples/heap/quicksort/split.key 
49034      INFO  main            d.u.i.k.p.i.AbstractProblemLoader Loading environment from /home/runner/work/key/key/key.core/../key.ui/examples/heap/quicksort/split.key 
49035      DEBUG main            d.u.i.k.p.i.AbstractProblemLoader Environment load took 614.71ns 
49037      INFO  main            d.u.i.k.p.i.AbstractProblemLoader Creating init config 
51855      DEBUG main            d.u.i.k.p.i.AbstractProblemLoader Init config took 2.82s 
51900      INFO  main            d.u.i.k.p.i.AbstractProblemLoader Replaying proof Quicksort[Quicksort::split([I,int,int)].JML normal_behavior operation contract.0 
51903      DEBUG main            d.u.i.k.p.i.IntermediateProofReplayer Proof replay took 5.8ns 
51904      DEBUG main            d.u.i.k.m.s.ProofScriptEngine 1: 'macro autopilot-prep' on goal 0 (script from line 15) 
53121      DEBUG main            d.u.i.k.m.s.ProofScriptEngine 2: 'tryclose' on goal 520 (script from line 18) 
93185      DEBUG main            d.u.i.k.m.s.ProofScriptEngine 3: 'macro simp-upd' on goal 495 (script from line 24) 
93291      DEBUG main            d.u.i.k.m.s.ProofScriptEngine 4: 'rule seqPermFromSwap' on goal 495 (script from line 25) 
93304      DEBUG main            d.u.i.k.m.s.ProofScriptEngine 5: 'rule andRight' on goal 40829 (script from line 26) 
93308      DEBUG main            d.u.i.k.m.s.ProofScriptEngine 6: 'auto' on goal 40830 (script from line 28) 
93336      DEBUG main            d.u.i.k.m.s.ProofScriptEngine 7: 'instantiate hide var=iv with=i_0' on goal 40831 (script from line 30) 
93339      DEBUG main            d.u.i.k.m.s.ProofScriptEngine 8: 'instantiate hide var=jv with=j_0' on goal 40836 (script from line 31) 
93341      DEBUG main            d.u.i.k.m.s.ProofScriptEngine 9: 'auto' on goal 40837 (script from line 32) 
100067     DEBUG main            d.u.i.k.m.s.ProofScriptEngine 10: 'macro simp-upd' on goal 190 (script from line 35) 
100148     DEBUG main            d.u.i.k.m.s.ProofScriptEngine 11: 'rule seqPermFromSwap' on goal 46168 (script from line 36) 
100150     DEBUG main            d.u.i.k.m.s.ProofScriptEngine 12: 'rule andRight' on goal 46169 (script from line 37) 
100153     DEBUG main            d.u.i.k.m.s.ProofScriptEngine 13: 'auto' on goal 46170 (script from line 39) 
100171     DEBUG main            d.u.i.k.m.s.ProofScriptEngine 14: 'instantiate hide var=iv with=i_0' on goal 46171 (script from line 41) 
100173     DEBUG main            d.u.i.k.m.s.ProofScriptEngine 15: 'instantiate hide var=jv with=to' on goal 46176 (script from line 42) 
100175     DEBUG main            d.u.i.k.m.s.ProofScriptEngine 16: 'auto' on goal 46177 (script from line 43) 
105546     INFO  main            d.u.i.k.p.r.p.TestFile    ... finished proof: closed. 
106012     INFO  main            d.u.i.k.p.i.AbstractProblemLoader Loading environment from /home/runner/work/key/key/key.core/../key.ui/examples/heap/quicksort/split.key.proof 
106012     DEBUG main            d.u.i.k.p.i.AbstractProblemLoader Environment load took 208.8ns 
106023     INFO  main            d.u.i.k.p.i.AbstractProblemLoader Creating init config 
108623     DEBUG main            d.u.i.k.p.i.AbstractProblemLoader Init config took 2.6s 
108683     INFO  main            d.u.i.k.p.i.AbstractProblemLoader Replaying proof Quicksort[Quicksort::split([I,int,int)].JML normal_behavior operation contract.0 
111331     DEBUG main            d.u.i.k.p.i.IntermediateProofReplayer Proof replay took 2.44s 
111405     DEBUG main            d.u.i.k.p.r.p.TestFile    ... success: reloaded. 
1723205    INFO  Test worker     d.u.i.k.p.r.RunAllProofsTestUnit Returning from test quicksort 
1723206    INFO  Test worker     d.u.i.k.p.r.RunAllProofsTestUnit Running test simpleTests 
343        INFO  Timeout watchdog d.u.i.k.p.r.p.ForkedTestFileRunner Timeout watcher launched (2000 secs.) 
349        WARN  main            d.u.i.k.s.ProofSettings   The settings in /home/runner/.key/proof-settings.props are *not* read. 
374        INFO  main            d.u.i.k.p.r.p.TestFile    Now processing file /home/runner/work/key/key/key.core/../key.ui/examples/heap/simple/anonymise_datagroup.key 
482        INFO  main            d.u.i.k.p.i.AbstractProblemLoader Loading environment from /home/runner/work/key/key/key.core/../key.ui/examples/heap/simple/anonymise_datagroup.key 
503        DEBUG main            d.u.i.k.p.i.AbstractProblemLoader Environment load took 1.81ms 
747        INFO  main            d.u.i.k.p.i.AbstractProblemLoader Creating init config 
1631       DEBUG main            d.u.i.k.j.TypeConverter   No LDT found for Meta 
1633       DEBUG main            d.u.i.k.j.TypeConverter   No LDT found for Meta 
1637       DEBUG main            d.u.i.k.j.TypeConverter   No LDT found for Meta 
1637       DEBUG main            d.u.i.k.j.TypeConverter   No LDT found for Meta 
3326       DEBUG main            d.u.i.k.j.TypeConverter   No LDT found for JavaBigintExpression 
7856       DEBUG main            d.u.i.k.p.i.AbstractProblemLoader Init config took 7.11s 
7915       INFO  main            d.u.i.k.p.i.AbstractProblemLoader Replaying proof anonymise_datagroup.key 
7948       DEBUG main            d.u.i.k.p.i.IntermediateProofReplayer Proof replay took 38.7ns 
8217       INFO  main            d.u.i.k.p.r.p.TestFile    ... finished proof: closed. 
8321       INFO  main            d.u.i.k.p.i.AbstractProblemLoader Loading environment from /home/runner/work/key/key/key.core/../key.ui/examples/heap/simple/anonymise_datagroup.key.proof 
8321       DEBUG main            d.u.i.k.p.i.AbstractProblemLoader Environment load took 162.5ns 
8327       INFO  main            d.u.i.k.p.i.AbstractProblemLoader Creating init config 
10935      DEBUG main            d.u.i.k.p.i.AbstractProblemLoader Init config took 2.61s 
10965      INFO  main            d.u.i.k.p.i.AbstractProblemLoader Replaying proof anonymise_datagroup.key.proof 
10977      DEBUG main            d.u.i.k.p.i.IntermediateProofReplayer Proof replay took 8.37ms 
10988      DEBUG main            d.u.i.k.p.r.p.TestFile    ... success: reloaded. 
10989      INFO  main            d.u.i.k.p.r.p.TestFile    Now processing file /home/runner/work/key/key/key.core/../key.ui/examples/heap/simple/array_creation.key 
10989      INFO  main            d.u.i.k.p.i.AbstractProblemLoader Loading environment from /home/runner/work/key/key/key.core/../key.ui/examples/heap/simple/array_creation.key 
10990      DEBUG main            d.u.i.k.p.i.AbstractProblemLoader Environment load took 245.8ns 
10992      INFO  main            d.u.i.k.p.i.AbstractProblemLoader Creating init config 
13432      DEBUG main            d.u.i.k.p.i.AbstractProblemLoader Init config took 2.44s 
13465      INFO  main            d.u.i.k.p.i.AbstractProblemLoader Replaying proof array_creation.key 
13468      DEBUG main            d.u.i.k.p.i.IntermediateProofReplayer Proof replay took 6.5ns 
14180      INFO  main            d.u.i.k.p.r.p.TestFile    ... finished proof: closed. 
14357      INFO  main            d.u.i.k.p.i.AbstractProblemLoader Loading environment from /home/runner/work/key/key/key.core/../key.ui/examples/heap/simple/array_creation.key.proof 
14360      DEBUG main            d.u.i.k.p.i.AbstractProblemLoader Environment load took 2.31ms 
14362      INFO  main            d.u.i.k.p.i.AbstractProblemLoader Creating init config 
16777      DEBUG main            d.u.i.k.p.i.AbstractProblemLoader Init config took 2.42s 
16809      INFO  main            d.u.i.k.p.i.AbstractProblemLoader Replaying proof array_creation.key.proof 
16927      DEBUG main            d.u.i.k.p.i.IntermediateProofReplayer Proof replay took 106.77ms 
16928      DEBUG main            d.u.i.k.p.r.p.TestFile    ... success: reloaded. 
16930      INFO  main            d.u.i.k.p.r.p.TestFile    Now processing file /home/runner/work/key/key/key.core/../key.ui/examples/heap/simple/arrays_with_disjoint_sorts.key 
16930      INFO  main            d.u.i.k.p.i.AbstractProblemLoader Loading environment from /home/runner/work/key/key/key.core/../key.ui/examples/heap/simple/arrays_with_disjoint_sorts.key 
16930      DEBUG main            d.u.i.k.p.i.AbstractProblemLoader Environment load took 214.2ns 
16942      INFO  main            d.u.i.k.p.i.AbstractProblemLoader Creating init config 
19328      DEBUG main            d.u.i.k.p.i.AbstractProblemLoader Init config took 2.39s 
19352      INFO  main            d.u.i.k.p.i.AbstractProblemLoader Replaying proof arrays_with_disjoint_sorts.key 
19354      DEBUG main            d.u.i.k.p.i.IntermediateProofReplayer Proof replay took 7.1ns 
19558      INFO  main            d.u.i.k.p.r.p.TestFile    ... finished proof: closed. 
19723      INFO  main            d.u.i.k.p.i.AbstractProblemLoader Loading environment from /home/runner/work/key/key/key.core/../key.ui/examples/heap/simple/arrays_with_disjoint_sorts.key.proof 
19723      DEBUG main            d.u.i.k.p.i.AbstractProblemLoader Environment load took 457.1ns 
19725      INFO  main            d.u.i.k.p.i.AbstractProblemLoader Creating init config 
22042      DEBUG main            d.u.i.k.p.i.AbstractProblemLoader Init config took 2.32s 
22064      INFO  main            d.u.i.k.p.i.AbstractProblemLoader Replaying proof arrays_with_disjoint_sorts.key.proof 
22084      DEBUG main            d.u.i.k.p.i.IntermediateProofReplayer Proof replay took 17.1ms 
22086      DEBUG main            d.u.i.k.p.r.p.TestFile    ... success: reloaded. 
22087      INFO  main            d.u.i.k.p.r.p.TestFile    Now processing file /home/runner/work/key/key/key.core/../key.ui/examples/heap/simple/arrays.key 
22088      INFO  main            d.u.i.k.p.i.AbstractProblemLoader Loading environment from /home/runner/work/key/key/key.core/../key.ui/examples/heap/simple/arrays.key 
22088      DEBUG main            d.u.i.k.p.i.AbstractProblemLoader Environment load took 230.7ns 
22089      INFO  main            d.u.i.k.p.i.AbstractProblemLoader Creating init config 
24414      DEBUG main            d.u.i.k.p.i.AbstractProblemLoader Init config took 2.32s 
24435      INFO  main            d.u.i.k.p.i.AbstractProblemLoader Replaying proof arrays.key 
24438      DEBUG main            d.u.i.k.p.i.IntermediateProofReplayer Proof replay took 7.1ns 
24541      INFO  main            d.u.i.k.p.r.p.TestFile    ... finished proof: closed. 
24704      INFO  main            d.u.i.k.p.i.AbstractProblemLoader Loading environment from /home/runner/work/key/key/key.core/../key.ui/examples/heap/simple/arrays.key.proof 
24704      DEBUG main            d.u.i.k.p.i.AbstractProblemLoader Environment load took 127.7ns 
24706      INFO  main            d.u.i.k.p.i.AbstractProblemLoader Creating init config 
26986      DEBUG main            d.u.i.k.p.i.AbstractProblemLoader Init config took 2.28s 
27007      INFO  main            d.u.i.k.p.i.AbstractProblemLoader Replaying proof arrays.key.proof 
27025      DEBUG main            d.u.i.k.p.i.IntermediateProofReplayer Proof replay took 14.82ms 
27026      DEBUG main            d.u.i.k.p.r.p.TestFile    ... success: reloaded. 
27028      INFO  main            d.u.i.k.p.r.p.TestFile    Now processing file /home/runner/work/key/key/key.core/../key.ui/examples/heap/simple/attributes.key 
27028      INFO  main            d.u.i.k.p.i.AbstractProblemLoader Loading environment from /home/runner/work/key/key/key.core/../key.ui/examples/heap/simple/attributes.key 
27028      DEBUG main            d.u.i.k.p.i.AbstractProblemLoader Environment load took 211.6ns 
27029      INFO  main            d.u.i.k.p.i.AbstractProblemLoader Creating init config 
29346      DEBUG main            d.u.i.k.p.i.AbstractProblemLoader Init config took 2.32s 
29367      INFO  main            d.u.i.k.p.i.AbstractProblemLoader Replaying proof attributes.key 
29368      DEBUG main            d.u.i.k.p.i.IntermediateProofReplayer Proof replay took 6.7ns 
29472      INFO  main            d.u.i.k.p.r.p.TestFile    ... finished proof: closed. 
29622      INFO  main            d.u.i.k.p.i.AbstractProblemLoader Loading environment from /home/runner/work/key/key/key.core/../key.ui/examples/heap/simple/attributes.key.proof 
29622      DEBUG main            d.u.i.k.p.i.AbstractProblemLoader Environment load took 123.6ns 
29623      INFO  main            d.u.i.k.p.i.AbstractProblemLoader Creating init config 
31922      DEBUG main            d.u.i.k.p.i.AbstractProblemLoader Init config took 2.3s 
31943      INFO  main            d.u.i.k.p.i.AbstractProblemLoader Replaying proof attributes.key.proof 
31947      DEBUG main            d.u.i.k.p.i.IntermediateProofReplayer Proof replay took 1.31ms 
31948      DEBUG main            d.u.i.k.p.r.p.TestFile    ... success: reloaded. 
31949      INFO  main            d.u.i.k.p.r.p.TestFile    Now processing file /home/runner/work/key/key/key.core/../key.ui/examples/heap/simple/constructor_contracts.key 
31949      INFO  main            d.u.i.k.p.i.AbstractProblemLoader Loading environment from /home/runner/work/key/key/key.core/../key.ui/examples/heap/simple/constructor_contracts.key 
31949      DEBUG main            d.u.i.k.p.i.AbstractProblemLoader Environment load took 207.5ns 
31951      INFO  main            d.u.i.k.p.i.AbstractProblemLoader Creating init config 
34693      DEBUG main            d.u.i.k.p.i.AbstractProblemLoader Init config took 2.74s 
34714      INFO  main            d.u.i.k.p.i.AbstractProblemLoader Replaying proof constructor_contracts.key 
34716      DEBUG main            d.u.i.k.p.i.IntermediateProofReplayer Proof replay took 7.4ns 
35326      INFO  main            d.u.i.k.p.r.p.TestFile    ... finished proof: closed. 
35503      INFO  main            d.u.i.k.p.i.AbstractProblemLoader Loading environment from /home/runner/work/key/key/key.core/../key.ui/examples/heap/simple/constructor_contracts.key.proof 
35507      DEBUG main            d.u.i.k.p.i.AbstractProblemLoader Environment load took 3.79ms 
35510      INFO  main            d.u.i.k.p.i.AbstractProblemLoader Creating init config 
38053      DEBUG main            d.u.i.k.p.i.AbstractProblemLoader Init config took 2.54s 
38073      INFO  main            d.u.i.k.p.i.AbstractProblemLoader Replaying proof constructor_contracts.key.proof 
38189      DEBUG main            d.u.i.k.p.i.IntermediateProofReplayer Proof replay took 111.54ms 
38192      DEBUG main            d.u.i.k.p.r.p.TestFile    ... success: reloaded. 
38193      INFO  main            d.u.i.k.p.r.p.TestFile    Now processing file /home/runner/work/key/key/key.core/../key.ui/examples/heap/simple/dependencies.key 
38194      INFO  main            d.u.i.k.p.i.AbstractProblemLoader Loading environment from /home/runner/work/key/key/key.core/../key.ui/examples/heap/simple/dependencies.key 
38194      DEBUG main            d.u.i.k.p.i.AbstractProblemLoader Environment load took 239ns 
38195      INFO  main            d.u.i.k.p.i.AbstractProblemLoader Creating init config 
40474      DEBUG main            d.u.i.k.p.i.AbstractProblemLoader Init config took 2.28s 
40492      INFO  main            d.u.i.k.p.i.AbstractProblemLoader Replaying proof dependencies.key 
40494      DEBUG main            d.u.i.k.p.i.IntermediateProofReplayer Proof replay took 6.6ns 
40596      INFO  main            d.u.i.k.p.r.p.TestFile    ... finished proof: closed. 
40817      INFO  main            d.u.i.k.p.i.AbstractProblemLoader Loading environment from /home/runner/work/key/key/key.core/../key.ui/examples/heap/simple/dependencies.key.proof 
40817      DEBUG main            d.u.i.k.p.i.AbstractProblemLoader Environment load took 131.4ns 
40818      INFO  main            d.u.i.k.p.i.AbstractProblemLoader Creating init config 
43068      DEBUG main            d.u.i.k.p.i.AbstractProblemLoader Init config took 2.25s 
43086      INFO  main            d.u.i.k.p.i.AbstractProblemLoader Replaying proof dependencies.key.proof 
43094      DEBUG main            d.u.i.k.p.i.IntermediateProofReplayer Proof replay took 5.52ms 
43095      DEBUG main            d.u.i.k.p.r.p.TestFile    ... success: reloaded. 
43095      INFO  main            d.u.i.k.p.r.p.TestFile    Now processing file /home/runner/work/key/key/key.core/../key.ui/examples/heap/simple/dependency_contracts.key 
43096      INFO  main            d.u.i.k.p.i.AbstractProblemLoader Loading environment from /home/runner/work/key/key/key.core/../key.ui/examples/heap/simple/dependency_contracts.key 
43096      DEBUG main            d.u.i.k.p.i.AbstractProblemLoader Environment load took 133.1ns 
43097      INFO  main            d.u.i.k.p.i.AbstractProblemLoader Creating init config 
45611      DEBUG main            d.u.i.k.p.i.AbstractProblemLoader Init config took 2.51s 
45631      INFO  main            d.u.i.k.p.i.AbstractProblemLoader Replaying proof dependency_contracts.key 
45632      DEBUG main            d.u.i.k.p.i.IntermediateProofReplayer Proof replay took 7ns 
46941      INFO  main            d.u.i.k.p.r.p.TestFile    ... finished proof: closed. 
47183      INFO  main            d.u.i.k.p.i.AbstractProblemLoader Loading environment from /home/runner/work/key/key/key.core/../key.ui/examples/heap/simple/dependency_contracts.key.proof 
47183      DEBUG main            d.u.i.k.p.i.AbstractProblemLoader Environment load took 441.3ns 
47185      INFO  main            d.u.i.k.p.i.AbstractProblemLoader Creating init config 
49688      DEBUG main            d.u.i.k.p.i.AbstractProblemLoader Init config took 2.5s 
49708      INFO  main            d.u.i.k.p.i.AbstractProblemLoader Replaying proof dependency_contracts.key.proof 
49876      DEBUG main            d.u.i.k.p.i.IntermediateProofReplayer Proof replay took 159.85ms 
49879      DEBUG main            d.u.i.k.p.r.p.TestFile    ... success: reloaded. 
49880      INFO  main            d.u.i.k.p.r.p.TestFile    Now processing file /home/runner/work/key/key/key.core/../key.ui/examples/heap/simple/invariant_preservation.key 
49880      INFO  main            d.u.i.k.p.i.AbstractProblemLoader Loading environment from /home/runner/work/key/key/key.core/../key.ui/examples/heap/simple/invariant_preservation.key 
49881      DEBUG main            d.u.i.k.p.i.AbstractProblemLoader Environment load took 211.6ns 
49882      INFO  main            d.u.i.k.p.i.AbstractProblemLoader Creating init config 
52347      DEBUG main            d.u.i.k.p.i.AbstractProblemLoader Init config took 2.47s 
52368      INFO  main            d.u.i.k.p.i.AbstractProblemLoader Replaying proof invariant_preservation.key 
52370      DEBUG main            d.u.i.k.p.i.IntermediateProofReplayer Proof replay took 6.1ns 
52576      INFO  main            d.u.i.k.p.r.p.TestFile    ... finished proof: closed. 
52801      INFO  main            d.u.i.k.p.i.AbstractProblemLoader Loading environment from /home/runner/work/key/key/key.core/../key.ui/examples/heap/simple/invariant_preservation.key.proof 
52802      DEBUG main            d.u.i.k.p.i.AbstractProblemLoader Environment load took 128.4ns 
52804      INFO  main            d.u.i.k.p.i.AbstractProblemLoader Creating init config 
55244      DEBUG main            d.u.i.k.p.i.AbstractProblemLoader Init config took 2.44s 
55262      INFO  main            d.u.i.k.p.i.AbstractProblemLoader Replaying proof invariant_preservation.key.proof 
55292      DEBUG main            d.u.i.k.p.i.IntermediateProofReplayer Proof replay took 26.88ms 
55293      DEBUG main            d.u.i.k.p.r.p.TestFile    ... success: reloaded. 
55295      INFO  main            d.u.i.k.p.r.p.TestFile    Now processing file /home/runner/work/key/key/key.core/../key.ui/examples/heap/simple/locsets.key 
55295      INFO  main            d.u.i.k.p.i.AbstractProblemLoader Loading environment from /home/runner/work/key/key/key.core/../key.ui/examples/heap/simple/locsets.key 
55295      DEBUG main            d.u.i.k.p.i.AbstractProblemLoader Environment load took 102ns 
55296      INFO  main            d.u.i.k.p.i.AbstractProblemLoader Creating init config 
57554      DEBUG main            d.u.i.k.p.i.AbstractProblemLoader Init config took 2.26s 
57570      INFO  main            d.u.i.k.p.i.AbstractProblemLoader Replaying proof locsets.key 
57571      DEBUG main            d.u.i.k.p.i.IntermediateProofReplayer Proof replay took 7.6ns 
57678      INFO  main            d.u.i.k.p.r.p.TestFile    ... finished proof: closed. 
57908      INFO  main            d.u.i.k.p.i.AbstractProblemLoader Loading environment from /home/runner/work/key/key/key.core/../key.ui/examples/heap/simple/locsets.key.proof 
57908      DEBUG main            d.u.i.k.p.i.AbstractProblemLoader Environment load took 123.9ns 
57909      INFO  main            d.u.i.k.p.i.AbstractProblemLoader Creating init config 
60120      DEBUG main            d.u.i.k.p.i.AbstractProblemLoader Init config took 2.21s 
60136      INFO  main            d.u.i.k.p.i.AbstractProblemLoader Replaying proof locsets.key.proof 
60139      DEBUG main            d.u.i.k.p.i.IntermediateProofReplayer Proof replay took 1.22ms 
60140      DEBUG main            d.u.i.k.p.r.p.TestFile    ... success: reloaded. 
60141      INFO  main            d.u.i.k.p.r.p.TestFile    Now processing file /home/runner/work/key/key/key.core/../key.ui/examples/heap/simple/loop1.key 
60141      INFO  main            d.u.i.k.p.i.AbstractProblemLoader Loading environment from /home/runner/work/key/key/key.core/../key.ui/examples/heap/simple/loop1.key 
60141      DEBUG main            d.u.i.k.p.i.AbstractProblemLoader Environment load took 94.4ns 
60142      INFO  main            d.u.i.k.p.i.AbstractProblemLoader Creating init config 
62657      DEBUG main            d.u.i.k.p.i.AbstractProblemLoader Init config took 2.51s 
62676      INFO  main            d.u.i.k.p.i.AbstractProblemLoader Replaying proof loop1.key 
62677      DEBUG main            d.u.i.k.p.i.IntermediateProofReplayer Proof replay took 7.3ns 
62880      INFO  main            d.u.i.k.p.r.p.TestFile    ... finished proof: closed. 
63064      INFO  main            d.u.i.k.p.i.AbstractProblemLoader Loading environment from /home/runner/work/key/key/key.core/../key.ui/examples/heap/simple/loop1.key.proof 
63064      DEBUG main            d.u.i.k.p.i.AbstractProblemLoader Environment load took 136.8ns 
63065      INFO  main            d.u.i.k.p.i.AbstractProblemLoader Creating init config 
65523      DEBUG main            d.u.i.k.p.i.AbstractProblemLoader Init config took 2.46s 
65544      INFO  main            d.u.i.k.p.i.AbstractProblemLoader Replaying proof loop1.key.proof 
65606      DEBUG main            d.u.i.k.p.i.IntermediateProofReplayer Proof replay took 56.4ms 
65607      DEBUG main            d.u.i.k.p.r.p.TestFile    ... success: reloaded. 
65608      INFO  main            d.u.i.k.p.r.p.TestFile    Now processing file /home/runner/work/key/key/key.core/../key.ui/examples/heap/simple/loop2.key 
65608      INFO  main            d.u.i.k.p.i.AbstractProblemLoader Loading environment from /home/runner/work/key/key/key.core/../key.ui/examples/heap/simple/loop2.key 
65608      DEBUG main            d.u.i.k.p.i.AbstractProblemLoader Environment load took 98.6ns 
65609      INFO  main            d.u.i.k.p.i.AbstractProblemLoader Creating init config 
68123      DEBUG main            d.u.i.k.p.i.AbstractProblemLoader Init config took 2.51s 
68140      INFO  main            d.u.i.k.p.i.AbstractProblemLoader Replaying proof loop2.key 
68142      DEBUG main            d.u.i.k.p.i.IntermediateProofReplayer Proof replay took 7.6ns 
68847      INFO  main            d.u.i.k.p.r.p.TestFile    ... finished proof: closed. 
69088      INFO  main            d.u.i.k.p.i.AbstractProblemLoader Loading environment from /home/runner/work/key/key/key.core/../key.ui/examples/heap/simple/loop2.key.proof 
69089      DEBUG main            d.u.i.k.p.i.AbstractProblemLoader Environment load took 736.4ns 
69091      INFO  main            d.u.i.k.p.i.AbstractProblemLoader Creating init config 
71504      DEBUG main            d.u.i.k.p.i.AbstractProblemLoader Init config took 2.41s 
71522      INFO  main            d.u.i.k.p.i.AbstractProblemLoader Replaying proof loop2.key.proof 
71620      DEBUG main            d.u.i.k.p.i.IntermediateProofReplayer Proof replay took 93.76ms 
71622      DEBUG main            d.u.i.k.p.r.p.TestFile    ... success: reloaded. 
71623      INFO  main            d.u.i.k.p.r.p.TestFile    Now processing file /home/runner/work/key/key/key.core/../key.ui/examples/heap/simple/modifies_datagroup.key 
71623      INFO  main            d.u.i.k.p.i.AbstractProblemLoader Loading environment from /home/runner/work/key/key/key.core/../key.ui/examples/heap/simple/modifies_datagroup.key 
71624      DEBUG main            d.u.i.k.p.i.AbstractProblemLoader Environment load took 222.2ns 
71625      INFO  main            d.u.i.k.p.i.AbstractProblemLoader Creating init config 
73907      DEBUG main            d.u.i.k.p.i.AbstractProblemLoader Init config took 2.28s 
73924      INFO  main            d.u.i.k.p.i.AbstractProblemLoader Replaying proof modifies_datagroup.key 
73926      DEBUG main            d.u.i.k.p.i.IntermediateProofReplayer Proof replay took 7.4ns 
74028      INFO  main            d.u.i.k.p.r.p.TestFile    ... finished proof: closed. 
74249      INFO  main            d.u.i.k.p.i.AbstractProblemLoader Loading environment from /home/runner/work/key/key/key.core/../key.ui/examples/heap/simple/modifies_datagroup.key.proof 
74249      DEBUG main            d.u.i.k.p.i.AbstractProblemLoader Environment load took 130.8ns 
74250      INFO  main            d.u.i.k.p.i.AbstractProblemLoader Creating init config 
76441      DEBUG main            d.u.i.k.p.i.AbstractProblemLoader Init config took 2.19s 
76461      INFO  main            d.u.i.k.p.i.AbstractProblemLoader Replaying proof modifies_datagroup.key.proof 
76467      DEBUG main            d.u.i.k.p.i.IntermediateProofReplayer Proof replay took 3.26ms 
76468      DEBUG main            d.u.i.k.p.r.p.TestFile    ... success: reloaded. 
76469      INFO  main            d.u.i.k.p.r.p.TestFile    Now processing file /home/runner/work/key/key/key.core/../key.ui/examples/heap/simple/modifies.key 
76470      INFO  main            d.u.i.k.p.i.AbstractProblemLoader Loading environment from /home/runner/work/key/key/key.core/../key.ui/examples/heap/simple/modifies.key 
76470      DEBUG main            d.u.i.k.p.i.AbstractProblemLoader Environment load took 217.6ns 
76472      INFO  main            d.u.i.k.p.i.AbstractProblemLoader Creating init config 
78721      DEBUG main            d.u.i.k.p.i.AbstractProblemLoader Init config took 2.25s 
78736      INFO  main            d.u.i.k.p.i.AbstractProblemLoader Replaying proof modifies.key 
78737      DEBUG main            d.u.i.k.p.i.IntermediateProofReplayer Proof replay took 7.3ns 
78840      INFO  main            d.u.i.k.p.r.p.TestFile    ... finished proof: closed. 
79073      INFO  main            d.u.i.k.p.i.AbstractProblemLoader Loading environment from /home/runner/work/key/key/key.core/../key.ui/examples/heap/simple/modifies.key.proof 
79073      DEBUG main            d.u.i.k.p.i.AbstractProblemLoader Environment load took 122.3ns 
79076      INFO  main            d.u.i.k.p.i.AbstractProblemLoader Creating init config 
81238      DEBUG main            d.u.i.k.p.i.AbstractProblemLoader Init config took 2.16s 
81253      INFO  main            d.u.i.k.p.i.AbstractProblemLoader Replaying proof modifies.key.proof 
81273      DEBUG main            d.u.i.k.p.i.IntermediateProofReplayer Proof replay took 17.85ms 
81275      DEBUG main            d.u.i.k.p.r.p.TestFile    ... success: reloaded. 
81276      INFO  main            d.u.i.k.p.r.p.TestFile    Now processing file /home/runner/work/key/key/key.core/../key.ui/examples/heap/simple/object_creation.key 
81276      INFO  main            d.u.i.k.p.i.AbstractProblemLoader Loading environment from /home/runner/work/key/key/key.core/../key.ui/examples/heap/simple/object_creation.key 
81277      DEBUG main            d.u.i.k.p.i.AbstractProblemLoader Environment load took 209.9ns 
81278      INFO  main            d.u.i.k.p.i.AbstractProblemLoader Creating init config 
83553      DEBUG main            d.u.i.k.p.i.AbstractProblemLoader Init config took 2.27s 
83571      INFO  main            d.u.i.k.p.i.AbstractProblemLoader Replaying proof object_creation.key 
83573      DEBUG main            d.u.i.k.p.i.IntermediateProofReplayer Proof replay took 8.2ns 
83776      INFO  main            d.u.i.k.p.r.p.TestFile    ... finished proof: closed. 
84000      INFO  main            d.u.i.k.p.i.AbstractProblemLoader Loading environment from /home/runner/work/key/key/key.core/../key.ui/examples/heap/simple/object_creation.key.proof 
84000      DEBUG main            d.u.i.k.p.i.AbstractProblemLoader Environment load took 124.5ns 
84001      INFO  main            d.u.i.k.p.i.AbstractProblemLoader Creating init config 
86209      DEBUG main            d.u.i.k.p.i.AbstractProblemLoader Init config took 2.21s 
86225      INFO  main            d.u.i.k.p.i.AbstractProblemLoader Replaying proof object_creation.key.proof 
86272      DEBUG main            d.u.i.k.p.i.IntermediateProofReplayer Proof replay took 44.12ms 
86273      DEBUG main            d.u.i.k.p.r.p.TestFile    ... success: reloaded. 
86274      INFO  main            d.u.i.k.p.r.p.TestFile    Now processing file /home/runner/work/key/key/key.core/../key.ui/examples/heap/simple/operation_contracts.key 
86274      INFO  main            d.u.i.k.p.i.AbstractProblemLoader Loading environment from /home/runner/work/key/key/key.core/../key.ui/examples/heap/simple/operation_contracts.key 
86275      DEBUG main            d.u.i.k.p.i.AbstractProblemLoader Environment load took 225.1ns 
86276      INFO  main            d.u.i.k.p.i.AbstractProblemLoader Creating init config 
88687      DEBUG main            d.u.i.k.p.i.AbstractProblemLoader Init config took 2.41s 
88706      INFO  main            d.u.i.k.p.i.AbstractProblemLoader Replaying proof operation_contracts.key 
88708      DEBUG main            d.u.i.k.p.i.IntermediateProofReplayer Proof replay took 7ns 
89512      INFO  main            d.u.i.k.p.r.p.TestFile    ... finished proof: closed. 
89733      INFO  main            d.u.i.k.p.i.AbstractProblemLoader Loading environment from /home/runner/work/key/key/key.core/../key.ui/examples/heap/simple/operation_contracts.key.proof 
89734      DEBUG main            d.u.i.k.p.i.AbstractProblemLoader Environment load took 685.5ns 
89737      INFO  main            d.u.i.k.p.i.AbstractProblemLoader Creating init config 
92132      DEBUG main            d.u.i.k.p.i.AbstractProblemLoader Init config took 2.4s 
92149      INFO  main            d.u.i.k.p.i.AbstractProblemLoader Replaying proof operation_contracts.key.proof 
92243      DEBUG main            d.u.i.k.p.i.IntermediateProofReplayer Proof replay took 88.33ms 
92245      DEBUG main            d.u.i.k.p.r.p.TestFile    ... success: reloaded. 
92247      INFO  main            d.u.i.k.p.r.p.TestFile    Now processing file /home/runner/work/key/key/key.core/../key.ui/examples/heap/simple/select_store.key 
92247      INFO  main            d.u.i.k.p.i.AbstractProblemLoader Loading environment from /home/runner/work/key/key/key.core/../key.ui/examples/heap/simple/select_store.key 
92247      DEBUG main            d.u.i.k.p.i.AbstractProblemLoader Environment load took 211.5ns 
92248      INFO  main            d.u.i.k.p.i.AbstractProblemLoader Creating init config 
94509      DEBUG main            d.u.i.k.p.i.AbstractProblemLoader Init config took 2.26s 
94525      INFO  main            d.u.i.k.p.i.AbstractProblemLoader Replaying proof select_store.key 
94526      DEBUG main            d.u.i.k.p.i.IntermediateProofReplayer Proof replay took 8.4ns 
94632      INFO  main            d.u.i.k.p.r.p.TestFile    ... finished proof: closed. 
94874      INFO  main            d.u.i.k.p.i.AbstractProblemLoader Loading environment from /home/runner/work/key/key/key.core/../key.ui/examples/heap/simple/select_store.key.proof 
94874      DEBUG main            d.u.i.k.p.i.AbstractProblemLoader Environment load took 143.5ns 
94876      INFO  main            d.u.i.k.p.i.AbstractProblemLoader Creating init config 
97027      DEBUG main            d.u.i.k.p.i.AbstractProblemLoader Init config took 2.15s 
97042      INFO  main            d.u.i.k.p.i.AbstractProblemLoader Replaying proof select_store.key.proof 
97045      DEBUG main            d.u.i.k.p.i.IntermediateProofReplayer Proof replay took 1.88ms 
97046      DEBUG main            d.u.i.k.p.r.p.TestFile    ... success: reloaded. 
97047      INFO  main            d.u.i.k.p.r.p.TestFile    Now processing file /home/runner/work/key/key/key.core/../key.ui/examples/heap/simple/selection_sort.key 
97047      INFO  main            d.u.i.k.p.i.AbstractProblemLoader Loading environment from /home/runner/work/key/key/key.core/../key.ui/examples/heap/simple/selection_sort.key 
97047      DEBUG main            d.u.i.k.p.i.AbstractProblemLoader Environment load took 86ns 
97048      INFO  main            d.u.i.k.p.i.AbstractProblemLoader Creating init config 
99512      DEBUG main            d.u.i.k.p.i.AbstractProblemLoader Init config took 2.46s 
99527      INFO  main            d.u.i.k.p.i.AbstractProblemLoader Replaying proof selection_sort.key 
99530      DEBUG main            d.u.i.k.p.i.IntermediateProofReplayer Proof replay took 7.6ns 
103164     INFO  main            d.u.i.k.p.r.p.TestFile    ... finished proof: closed. 
103441     INFO  main            d.u.i.k.p.i.AbstractProblemLoader Loading environment from /home/runner/work/key/key/key.core/../key.ui/examples/heap/simple/selection_sort.key.proof 
103441     DEBUG main            d.u.i.k.p.i.AbstractProblemLoader Environment load took 427.1ns 
103443     INFO  main            d.u.i.k.p.i.AbstractProblemLoader Creating init config 
105822     DEBUG main            d.u.i.k.p.i.AbstractProblemLoader Init config took 2.38s 
105838     INFO  main            d.u.i.k.p.i.AbstractProblemLoader Replaying proof selection_sort.key.proof 
106242     DEBUG main            d.u.i.k.p.i.IntermediateProofReplayer Proof replay took 384.08ms 
106244     DEBUG main            d.u.i.k.p.r.p.TestFile    ... success: reloaded. 
106245     INFO  main            d.u.i.k.p.r.p.TestFile    Now processing file /home/runner/work/key/key/key.core/../key.ui/examples/heap/simple/seq.key 
106245     INFO  main            d.u.i.k.p.i.AbstractProblemLoader Loading environment from /home/runner/work/key/key/key.core/../key.ui/examples/heap/simple/seq.key 
106246     DEBUG main            d.u.i.k.p.i.AbstractProblemLoader Environment load took 201.9ns 
106247     INFO  main            d.u.i.k.p.i.AbstractProblemLoader Creating init config 
108469     DEBUG main            d.u.i.k.p.i.AbstractProblemLoader Init config took 2.22s 
108483     INFO  main            d.u.i.k.p.i.AbstractProblemLoader Replaying proof seq.key 
108485     DEBUG main            d.u.i.k.p.i.IntermediateProofReplayer Proof replay took 8.5ns 
108990     INFO  main            d.u.i.k.p.r.p.TestFile    ... finished proof: closed. 
109305     INFO  main            d.u.i.k.p.i.AbstractProblemLoader Loading environment from /home/runner/work/key/key/key.core/../key.ui/examples/heap/simple/seq.key.proof 
109305     DEBUG main            d.u.i.k.p.i.AbstractProblemLoader Environment load took 500.3ns 
109307     INFO  main            d.u.i.k.p.i.AbstractProblemLoader Creating init config 
111449     DEBUG main            d.u.i.k.p.i.AbstractProblemLoader Init config took 2.14s 
111467     INFO  main            d.u.i.k.p.i.AbstractProblemLoader Replaying proof seq.key.proof 
111501     DEBUG main            d.u.i.k.p.i.IntermediateProofReplayer Proof replay took 29.72ms 
111502     DEBUG main            d.u.i.k.p.r.p.TestFile    ... success: reloaded. 
111503     INFO  main            d.u.i.k.p.r.p.TestFile    Now processing file /home/runner/work/key/key/key.core/../key.ui/examples/heap/simple/oldForParams.key 
111504     INFO  main            d.u.i.k.p.i.AbstractProblemLoader Loading environment from /home/runner/work/key/key/key.core/../key.ui/examples/heap/simple/oldForParams.key 
111504     DEBUG main            d.u.i.k.p.i.AbstractProblemLoader Environment load took 201.6ns 
111505     INFO  main            d.u.i.k.p.i.AbstractProblemLoader Creating init config 
113955     DEBUG main            d.u.i.k.p.i.AbstractProblemLoader Init config took 2.45s 
114012     INFO  main            d.u.i.k.p.i.AbstractProblemLoader Replaying proof OldForParameters[OldForParameters::method(int)].JML operation contract.0 
114014     DEBUG main            d.u.i.k.p.i.IntermediateProofReplayer Proof replay took 7.2ns 
114217     INFO  main            d.u.i.k.p.r.p.TestFile    ... finished proof: closed. 
114495     INFO  main            d.u.i.k.p.i.AbstractProblemLoader Loading environment from /home/runner/work/key/key/key.core/../key.ui/examples/heap/simple/oldForParams.key.proof 
114495     DEBUG main            d.u.i.k.p.i.AbstractProblemLoader Environment load took 117.5ns 
114496     INFO  main            d.u.i.k.p.i.AbstractProblemLoader Creating init config 
116864     DEBUG main            d.u.i.k.p.i.AbstractProblemLoader Init config took 2.37s 
116903     INFO  main            d.u.i.k.p.i.AbstractProblemLoader Replaying proof OldForParameters[OldForParameters::method(int)].JML operation contract.0 
116938     DEBUG main            d.u.i.k.p.i.IntermediateProofReplayer Proof replay took 32.62ms 
116939     DEBUG main            d.u.i.k.p.r.p.TestFile    ... success: reloaded. 
116940     INFO  main            d.u.i.k.p.r.p.TestFile    Now processing file /home/runner/work/key/key/key.core/../key.ui/examples/heap/simple/parse_lmtd.key 
116941     INFO  main            d.u.i.k.p.i.AbstractProblemLoader Loading environment from /home/runner/work/key/key/key.core/../key.ui/examples/heap/simple/parse_lmtd.key 
116941     DEBUG main            d.u.i.k.p.i.AbstractProblemLoader Environment load took 117.1ns 
116941     INFO  main            d.u.i.k.p.i.AbstractProblemLoader Creating init config 
119358     DEBUG main            d.u.i.k.p.i.AbstractProblemLoader Init config took 2.42s 
119401     INFO  main            d.u.i.k.p.i.AbstractProblemLoader Replaying proof ParseLmtd[ParseLmtd::simple(int)].JML normal_behavior operation contract.0 
119403     DEBUG main            d.u.i.k.p.i.IntermediateProofReplayer Proof replay took 6.8ns 
119505     INFO  main            d.u.i.k.p.r.p.TestFile    ... finished proof: closed. 
119757     INFO  main            d.u.i.k.p.i.AbstractProblemLoader Loading environment from /home/runner/work/key/key/key.core/../key.ui/examples/heap/simple/parse_lmtd.key.proof 
119757     DEBUG main            d.u.i.k.p.i.AbstractProblemLoader Environment load took 118.9ns 
119758     INFO  main            d.u.i.k.p.i.AbstractProblemLoader Creating init config 
122139     DEBUG main            d.u.i.k.p.i.AbstractProblemLoader Init config took 2.38s 
122187     INFO  main            d.u.i.k.p.i.AbstractProblemLoader Replaying proof ParseLmtd[ParseLmtd::simple(int)].JML normal_behavior operation contract.0 
122208     DEBUG main            d.u.i.k.p.i.IntermediateProofReplayer Proof replay took 18.7ms 
122210     DEBUG main            d.u.i.k.p.r.p.TestFile    ... success: reloaded. 
122211     INFO  main            d.u.i.k.p.r.p.TestFile    Now processing file /home/runner/work/key/key/key.core/../key.ui/examples/heap/strictly_pure/strictlyPureMethod.key 
122211     INFO  main            d.u.i.k.p.i.AbstractProblemLoader Loading environment from /home/runner/work/key/key/key.core/../key.ui/examples/heap/strictly_pure/strictlyPureMethod.key 
122211     DEBUG main            d.u.i.k.p.i.AbstractProblemLoader Environment load took 95.3ns 
122212     INFO  main            d.u.i.k.p.i.AbstractProblemLoader Creating init config 
124510     DEBUG main            d.u.i.k.p.i.AbstractProblemLoader Init config took 2.3s 
124549     INFO  main            d.u.i.k.p.i.AbstractProblemLoader Replaying proof StrictlyPure[StrictlyPure::strictlyPureMethod()].JML operation contract.0 
124550     DEBUG main            d.u.i.k.p.i.IntermediateProofReplayer Proof replay took 6.6ns 
124756     INFO  main            d.u.i.k.p.r.p.TestFile    ... finished proof: closed. 
124996     INFO  main            d.u.i.k.p.i.AbstractProblemLoader Loading environment from /home/runner/work/key/key/key.core/../key.ui/examples/heap/strictly_pure/strictlyPureMethod.key.proof 
124996     DEBUG main            d.u.i.k.p.i.AbstractProblemLoader Environment load took 120.9ns 
124997     INFO  main            d.u.i.k.p.i.AbstractProblemLoader Creating init config 
127256     DEBUG main            d.u.i.k.p.i.AbstractProblemLoader Init config took 2.26s 
127292     INFO  main            d.u.i.k.p.i.AbstractProblemLoader Replaying proof StrictlyPure[StrictlyPure::strictlyPureMethod()].JML operation contract.0 
127322     DEBUG main            d.u.i.k.p.i.IntermediateProofReplayer Proof replay took 27.08ms 
127322     DEBUG main            d.u.i.k.p.r.p.TestFile    ... success: reloaded. 
127323     INFO  main            d.u.i.k.p.r.p.TestFile    Now processing file /home/runner/work/key/key/key.core/../key.ui/examples/heap/strictly_pure/useStrictlyPureMethod.key 
127324     INFO  main            d.u.i.k.p.i.AbstractProblemLoader Loading environment from /home/runner/work/key/key/key.core/../key.ui/examples/heap/strictly_pure/useStrictlyPureMethod.key 
127324     DEBUG main            d.u.i.k.p.i.AbstractProblemLoader Environment load took 103.5ns 
127324     INFO  main            d.u.i.k.p.i.AbstractProblemLoader Creating init config 
129579     DEBUG main            d.u.i.k.p.i.AbstractProblemLoader Init config took 2.25s 
129615     INFO  main            d.u.i.k.p.i.AbstractProblemLoader Replaying proof StrictlyPure[StrictlyPure::useStrictlyPureMethod(StrictlyPureClass)].JML operation contract.0 
129617     DEBUG main            d.u.i.k.p.i.IntermediateProofReplayer Proof replay took 7.1ns 
129820     INFO  main            d.u.i.k.p.r.p.TestFile    ... finished proof: closed. 
130092     INFO  main            d.u.i.k.p.i.AbstractProblemLoader Loading environment from /home/runner/work/key/key/key.core/../key.ui/examples/heap/strictly_pure/useStrictlyPureMethod.key.proof 
130093     DEBUG main            d.u.i.k.p.i.AbstractProblemLoader Environment load took 114.9ns 
130094     INFO  main            d.u.i.k.p.i.AbstractProblemLoader Creating init config 
132310     DEBUG main            d.u.i.k.p.i.AbstractProblemLoader Init config took 2.22s 
132346     INFO  main            d.u.i.k.p.i.AbstractProblemLoader Replaying proof StrictlyPure[StrictlyPure::useStrictlyPureMethod(StrictlyPureClass)].JML operation contract.0 
132390     DEBUG main            d.u.i.k.p.i.IntermediateProofReplayer Proof replay took 41.49ms 
132391     DEBUG main            d.u.i.k.p.r.p.TestFile    ... success: reloaded. 
132392     INFO  main            d.u.i.k.p.r.p.TestFile    Now processing file /home/runner/work/key/key/key.core/../key.ui/examples/heap/Wellfounded/ackermann.key 
132392     INFO  main            d.u.i.k.p.i.AbstractProblemLoader Loading environment from /home/runner/work/key/key/key.core/../key.ui/examples/heap/Wellfounded/ackermann.key 
132392     DEBUG main            d.u.i.k.p.i.AbstractProblemLoader Environment load took 93.4ns 
132393     INFO  main            d.u.i.k.p.i.AbstractProblemLoader Creating init config 
134706     DEBUG main            d.u.i.k.p.i.AbstractProblemLoader Init config took 2.31s 
134757     INFO  main            d.u.i.k.p.i.AbstractProblemLoader Replaying proof Ackermann[Ackermann::a(int,int)].JML normal_behavior operation contract.0 
134759     DEBUG main            d.u.i.k.p.i.IntermediateProofReplayer Proof replay took 7.1ns 
135061     INFO  main            d.u.i.k.p.r.p.TestFile    ... finished proof: closed. 
135368     INFO  main            d.u.i.k.p.i.AbstractProblemLoader Loading environment from /home/runner/work/key/key/key.core/../key.ui/examples/heap/Wellfounded/ackermann.key.proof 
135368     DEBUG main            d.u.i.k.p.i.AbstractProblemLoader Environment load took 111.9ns 
135369     INFO  main            d.u.i.k.p.i.AbstractProblemLoader Creating init config 
137649     DEBUG main            d.u.i.k.p.i.AbstractProblemLoader Init config took 2.28s 
137687     INFO  main            d.u.i.k.p.i.AbstractProblemLoader Replaying proof Ackermann[Ackermann::a(int,int)].JML normal_behavior operation contract.0 
137742     DEBUG main            d.u.i.k.p.i.IntermediateProofReplayer Proof replay took 51.45ms 
137743     DEBUG main            d.u.i.k.p.r.p.TestFile    ... success: reloaded. 
137745     INFO  main            d.u.i.k.p.r.p.TestFile    Now processing file /home/runner/work/key/key/key.core/../key.ui/examples/standard_key/unicode_test.key 
137745     INFO  main            d.u.i.k.p.i.AbstractProblemLoader Loading environment from /home/runner/work/key/key/key.core/../key.ui/examples/standard_key/unicode_test.key 
137745     DEBUG main            d.u.i.k.p.i.AbstractProblemLoader Environment load took 96ns 
137748     INFO  main            d.u.i.k.p.i.AbstractProblemLoader Creating init config 
139917     DEBUG main            d.u.i.k.p.i.AbstractProblemLoader Init config took 2.17s 
139931     INFO  main            d.u.i.k.p.i.AbstractProblemLoader Replaying proof unicode_test.key 
139932     DEBUG main            d.u.i.k.p.i.IntermediateProofReplayer Proof replay took 7.2ns 
140035     INFO  main            d.u.i.k.p.r.p.TestFile    ... finished proof: closed. 
140304     INFO  main            d.u.i.k.p.i.AbstractProblemLoader Loading environment from /home/runner/work/key/key/key.core/../key.ui/examples/standard_key/unicode_test.key.proof 
140304     DEBUG main            d.u.i.k.p.i.AbstractProblemLoader Environment load took 115.3ns 
140305     INFO  main            d.u.i.k.p.i.AbstractProblemLoader Creating init config 
142468     DEBUG main            d.u.i.k.p.i.AbstractProblemLoader Init config took 2.16s 
142482     INFO  main            d.u.i.k.p.i.AbstractProblemLoader Replaying proof unicode_test.key.proof 
142484     DEBUG main            d.u.i.k.p.i.IntermediateProofReplayer Proof replay took 349.6ns 
142484     DEBUG main            d.u.i.k.p.r.p.TestFile    ... success: reloaded. 
142485     INFO  main            d.u.i.k.p.r.p.TestFile    Now processing file /home/runner/work/key/key/key.core/../key.ui/examples/heap/strictlyModular/mayExpand.key 
142485     INFO  main            d.u.i.k.p.i.AbstractProblemLoader Loading environment from /home/runner/work/key/key/key.core/../key.ui/examples/heap/strictlyModular/mayExpand.key 
142485     DEBUG main            d.u.i.k.p.i.AbstractProblemLoader Environment load took 179.7ns 
142486     INFO  main            d.u.i.k.p.i.AbstractProblemLoader Creating init config 
144742     DEBUG main            d.u.i.k.p.i.AbstractProblemLoader Init config took 2.26s 
144778     INFO  main            d.u.i.k.p.i.AbstractProblemLoader Replaying proof Modular[Modular::m()].JML operation contract.0 
144780     DEBUG main            d.u.i.k.p.i.IntermediateProofReplayer Proof replay took 6.7ns 
144882     INFO  main            d.u.i.k.p.r.p.TestFile    ... finished proof: closed. 
145159     INFO  main            d.u.i.k.p.i.AbstractProblemLoader Loading environment from /home/runner/work/key/key/key.core/../key.ui/examples/heap/strictlyModular/mayExpand.key.proof 
145159     DEBUG main            d.u.i.k.p.i.AbstractProblemLoader Environment load took 107.5ns 
145160     INFO  main            d.u.i.k.p.i.AbstractProblemLoader Creating init config 
147363     DEBUG main            d.u.i.k.p.i.AbstractProblemLoader Init config took 2.2s 
147398     INFO  main            d.u.i.k.p.i.AbstractProblemLoader Replaying proof Modular[Modular::m()].JML operation contract.0 
147411     DEBUG main            d.u.i.k.p.i.IntermediateProofReplayer Proof replay took 11.42ms 
147412     DEBUG main            d.u.i.k.p.r.p.TestFile    ... success: reloaded. 
147413     INFO  main            d.u.i.k.p.r.p.TestFile    Now processing file /home/runner/work/key/key/key.core/../key.ui/examples/heap/strictlyModular/modularOnly.key 
147413     INFO  main            d.u.i.k.p.i.AbstractProblemLoader Loading environment from /home/runner/work/key/key/key.core/../key.ui/examples/heap/strictlyModular/modularOnly.key 
147413     DEBUG main            d.u.i.k.p.i.AbstractProblemLoader Environment load took 89.2ns 
147414     INFO  main            d.u.i.k.p.i.AbstractProblemLoader Creating init config 
149685     DEBUG main            d.u.i.k.p.i.AbstractProblemLoader Init config took 2.27s 
149721     INFO  main            d.u.i.k.p.i.AbstractProblemLoader Replaying proof Modular[Modular::m()].JML operation contract.0 
149722     DEBUG main            d.u.i.k.p.i.IntermediateProofReplayer Proof replay took 8.3ns 
149825     INFO  main            d.u.i.k.p.r.p.TestFile    ... finished proof: open goal(s) 
1873526    INFO  Test worker     d.u.i.k.p.r.RunAllProofsTestUnit Returning from test simpleTests 
1873527    INFO  Test worker     d.u.i.k.p.r.RunAllProofsTestUnit Running test SmansEtAl 
334        INFO  Timeout watchdog d.u.i.k.p.r.p.ForkedTestFileRunner Timeout watcher launched (2000 secs.) 
344        WARN  main            d.u.i.k.s.ProofSettings   The settings in /home/runner/.key/proof-settings.props are *not* read. 
371        INFO  main            d.u.i.k.p.r.p.TestFile    Now processing file /home/runner/work/key/key/key.core/../key.ui/examples/heap/SmansEtAl/ArrayList_add.key 
536        INFO  main            d.u.i.k.p.i.AbstractProblemLoader Loading environment from /home/runner/work/key/key/key.core/../key.ui/examples/heap/SmansEtAl/ArrayList_add.key 
552        DEBUG main            d.u.i.k.p.i.AbstractProblemLoader Environment load took 2.17ms 
776        INFO  main            d.u.i.k.p.i.AbstractProblemLoader Creating init config 
1710       DEBUG main            d.u.i.k.j.TypeConverter   No LDT found for Meta 
1711       DEBUG main            d.u.i.k.j.TypeConverter   No LDT found for Meta 
1714       DEBUG main            d.u.i.k.j.TypeConverter   No LDT found for Meta 
1714       DEBUG main            d.u.i.k.j.TypeConverter   No LDT found for Meta 
3059       DEBUG main            d.u.i.k.j.TypeConverter   No LDT found for JavaBigintExpression 
8171       DEBUG main            d.u.i.k.p.i.AbstractProblemLoader Init config took 7.39s 
8297       INFO  main            d.u.i.k.p.i.AbstractProblemLoader Replaying proof ArrayList[ArrayList::add(java.lang.Object)].JML normal_behavior operation contract.0 
8329       DEBUG main            d.u.i.k.p.i.IntermediateProofReplayer Proof replay took 34.8ns 
15847      INFO  main            d.u.i.k.p.r.p.TestFile    ... finished proof: closed. 
16038      INFO  main            d.u.i.k.p.i.AbstractProblemLoader Loading environment from /home/runner/work/key/key/key.core/../key.ui/examples/heap/SmansEtAl/ArrayList_add.key.proof 
16038      DEBUG main            d.u.i.k.p.i.AbstractProblemLoader Environment load took 154.7ns 
16042      INFO  main            d.u.i.k.p.i.AbstractProblemLoader Creating init config 
19003      DEBUG main            d.u.i.k.p.i.AbstractProblemLoader Init config took 2.96s 
19061      INFO  main            d.u.i.k.p.i.AbstractProblemLoader Replaying proof ArrayList[ArrayList::add(java.lang.Object)].JML normal_behavior operation contract.0 
19809      DEBUG main            d.u.i.k.p.i.IntermediateProofReplayer Proof replay took 717.13ms 
19820      DEBUG main            d.u.i.k.p.r.p.TestFile    ... success: reloaded. 
19823      INFO  main            d.u.i.k.p.r.p.TestFile    Now processing file /home/runner/work/key/key/key.core/../key.ui/examples/heap/SmansEtAl/ArrayList_ArrayList.key 
19823      INFO  main            d.u.i.k.p.i.AbstractProblemLoader Loading environment from /home/runner/work/key/key/key.core/../key.ui/examples/heap/SmansEtAl/ArrayList_ArrayList.key 
19823      DEBUG main            d.u.i.k.p.i.AbstractProblemLoader Environment load took 109.3ns 
19827      INFO  main            d.u.i.k.p.i.AbstractProblemLoader Creating init config 
22664      DEBUG main            d.u.i.k.p.i.AbstractProblemLoader Init config took 2.84s 
22718      INFO  main            d.u.i.k.p.i.AbstractProblemLoader Replaying proof ArrayList[ArrayList::ArrayList()].JML normal_behavior operation contract.0 
22720      DEBUG main            d.u.i.k.p.i.IntermediateProofReplayer Proof replay took 5.3ns 
23926      INFO  main            d.u.i.k.p.r.p.TestFile    ... finished proof: closed. 
24071      INFO  main            d.u.i.k.p.i.AbstractProblemLoader Loading environment from /home/runner/work/key/key/key.core/../key.ui/examples/heap/SmansEtAl/ArrayList_ArrayList.key.proof 
24071      DEBUG main            d.u.i.k.p.i.AbstractProblemLoader Environment load took 452.7ns 
24075      INFO  main            d.u.i.k.p.i.AbstractProblemLoader Creating init config 
26786      DEBUG main            d.u.i.k.p.i.AbstractProblemLoader Init config took 2.71s 
26836      INFO  main            d.u.i.k.p.i.AbstractProblemLoader Replaying proof ArrayList[ArrayList::ArrayList()].JML normal_behavior operation contract.0 
26963      DEBUG main            d.u.i.k.p.i.IntermediateProofReplayer Proof replay took 118.05ms 
26964      DEBUG main            d.u.i.k.p.r.p.TestFile    ... success: reloaded. 
26966      INFO  main            d.u.i.k.p.r.p.TestFile    Now processing file /home/runner/work/key/key/key.core/../key.ui/examples/heap/SmansEtAl/ArrayList_footprint.key 
26966      INFO  main            d.u.i.k.p.i.AbstractProblemLoader Loading environment from /home/runner/work/key/key/key.core/../key.ui/examples/heap/SmansEtAl/ArrayList_footprint.key 
26967      DEBUG main            d.u.i.k.p.i.AbstractProblemLoader Environment load took 232.5ns 
26968      INFO  main            d.u.i.k.p.i.AbstractProblemLoader Creating init config 
29680      DEBUG main            d.u.i.k.p.i.AbstractProblemLoader Init config took 2.71s 
29729      INFO  main            d.u.i.k.p.i.AbstractProblemLoader Replaying proof ArrayList[ArrayList::$footprint()].JML accessible clause.0 
29731      DEBUG main            d.u.i.k.p.i.IntermediateProofReplayer Proof replay took 6ns 
29834      INFO  main            d.u.i.k.p.r.p.TestFile    ... finished proof: closed. 
29982      INFO  main            d.u.i.k.p.i.AbstractProblemLoader Loading environment from /home/runner/work/key/key/key.core/../key.ui/examples/heap/SmansEtAl/ArrayList_footprint.key.proof 
29982      DEBUG main            d.u.i.k.p.i.AbstractProblemLoader Environment load took 126.3ns 
29983      INFO  main            d.u.i.k.p.i.AbstractProblemLoader Creating init config 
32672      DEBUG main            d.u.i.k.p.i.AbstractProblemLoader Init config took 2.69s 
32718      INFO  main            d.u.i.k.p.i.AbstractProblemLoader Replaying proof ArrayList[ArrayList::$footprint()].JML accessible clause.0 
32729      DEBUG main            d.u.i.k.p.i.IntermediateProofReplayer Proof replay took 8.76ms 
32731      DEBUG main            d.u.i.k.p.r.p.TestFile    ... success: reloaded. 
32732      INFO  main            d.u.i.k.p.r.p.TestFile    Now processing file /home/runner/work/key/key/key.core/../key.ui/examples/heap/SmansEtAl/ArrayList_get_dep.key 
32732      INFO  main            d.u.i.k.p.i.AbstractProblemLoader Loading environment from /home/runner/work/key/key/key.core/../key.ui/examples/heap/SmansEtAl/ArrayList_get_dep.key 
32733      DEBUG main            d.u.i.k.p.i.AbstractProblemLoader Environment load took 239.9ns 
32734      INFO  main            d.u.i.k.p.i.AbstractProblemLoader Creating init config 
35385      DEBUG main            d.u.i.k.p.i.AbstractProblemLoader Init config took 2.65s 
35431      INFO  main            d.u.i.k.p.i.AbstractProblemLoader Replaying proof ArrayList[ArrayList::get(int)].JML accessible clause.0 
35432      DEBUG main            d.u.i.k.p.i.IntermediateProofReplayer Proof replay took 5.4ns 
35735      INFO  main            d.u.i.k.p.r.p.TestFile    ... finished proof: closed. 
35903      INFO  main            d.u.i.k.p.i.AbstractProblemLoader Loading environment from /home/runner/work/key/key/key.core/../key.ui/examples/heap/SmansEtAl/ArrayList_get_dep.key.proof 
35904      DEBUG main            d.u.i.k.p.i.AbstractProblemLoader Environment load took 1.1ms 
35905      INFO  main            d.u.i.k.p.i.AbstractProblemLoader Creating init config 
38539      DEBUG main            d.u.i.k.p.i.AbstractProblemLoader Init config took 2.63s 
38582      INFO  main            d.u.i.k.p.i.AbstractProblemLoader Replaying proof ArrayList[ArrayList::get(int)].JML accessible clause.0 
38628      DEBUG main            d.u.i.k.p.i.IntermediateProofReplayer Proof replay took 42.13ms 
38630      DEBUG main            d.u.i.k.p.r.p.TestFile    ... success: reloaded. 
38631      INFO  main            d.u.i.k.p.r.p.TestFile    Now processing file /home/runner/work/key/key/key.core/../key.ui/examples/heap/SmansEtAl/ArrayList_get.key 
38631      INFO  main            d.u.i.k.p.i.AbstractProblemLoader Loading environment from /home/runner/work/key/key/key.core/../key.ui/examples/heap/SmansEtAl/ArrayList_get.key 
38632      DEBUG main            d.u.i.k.p.i.AbstractProblemLoader Environment load took 216.5ns 
38633      INFO  main            d.u.i.k.p.i.AbstractProblemLoader Creating init config 
41298      DEBUG main            d.u.i.k.p.i.AbstractProblemLoader Init config took 2.67s 
41343      INFO  main            d.u.i.k.p.i.AbstractProblemLoader Replaying proof ArrayList[ArrayList::get(int)].JML normal_behavior operation contract.0 
41345      DEBUG main            d.u.i.k.p.i.IntermediateProofReplayer Proof replay took 5.8ns 
41550      INFO  main            d.u.i.k.p.r.p.TestFile    ... finished proof: closed. 
41718      INFO  main            d.u.i.k.p.i.AbstractProblemLoader Loading environment from /home/runner/work/key/key/key.core/../key.ui/examples/heap/SmansEtAl/ArrayList_get.key.proof 
41718      DEBUG main            d.u.i.k.p.i.AbstractProblemLoader Environment load took 129.6ns 
41719      INFO  main            d.u.i.k.p.i.AbstractProblemLoader Creating init config 
44318      DEBUG main            d.u.i.k.p.i.AbstractProblemLoader Init config took 2.6s 
44381      INFO  main            d.u.i.k.p.i.AbstractProblemLoader Replaying proof ArrayList[ArrayList::get(int)].JML normal_behavior operation contract.0 
44409      DEBUG main            d.u.i.k.p.i.IntermediateProofReplayer Proof replay took 25.02ms 
44410      DEBUG main            d.u.i.k.p.r.p.TestFile    ... success: reloaded. 
44411      INFO  main            d.u.i.k.p.r.p.TestFile    Now processing file /home/runner/work/key/key/key.core/../key.ui/examples/heap/SmansEtAl/ArrayList_inv.key 
44412      INFO  main            d.u.i.k.p.i.AbstractProblemLoader Loading environment from /home/runner/work/key/key/key.core/../key.ui/examples/heap/SmansEtAl/ArrayList_inv.key 
44412      DEBUG main            d.u.i.k.p.i.AbstractProblemLoader Environment load took 497.8ns 
44413      INFO  main            d.u.i.k.p.i.AbstractProblemLoader Creating init config 
47094      DEBUG main            d.u.i.k.p.i.AbstractProblemLoader Init config took 2.68s 
47143      INFO  main            d.u.i.k.p.i.AbstractProblemLoader Replaying proof ArrayList[java.lang.Object::<inv>()].JML accessible clause.0 
47145      DEBUG main            d.u.i.k.p.i.IntermediateProofReplayer Proof replay took 6.3ns 
47247      INFO  main            d.u.i.k.p.r.p.TestFile    ... finished proof: closed. 
47430      INFO  main            d.u.i.k.p.i.AbstractProblemLoader Loading environment from /home/runner/work/key/key/key.core/../key.ui/examples/heap/SmansEtAl/ArrayList_inv.key.proof 
47430      DEBUG main            d.u.i.k.p.i.AbstractProblemLoader Environment load took 124.1ns 
47431      INFO  main            d.u.i.k.p.i.AbstractProblemLoader Creating init config 
50002      DEBUG main            d.u.i.k.p.i.AbstractProblemLoader Init config took 2.57s 
50045      INFO  main            d.u.i.k.p.i.AbstractProblemLoader Replaying proof ArrayList[java.lang.Object::<inv>()].JML accessible clause.0 
50055      DEBUG main            d.u.i.k.p.i.IntermediateProofReplayer Proof replay took 8.2ms 
50056      DEBUG main            d.u.i.k.p.r.p.TestFile    ... success: reloaded. 
50057      INFO  main            d.u.i.k.p.r.p.TestFile    Now processing file /home/runner/work/key/key/key.core/../key.ui/examples/heap/SmansEtAl/ArrayList_size_dep.key 
50058      INFO  main            d.u.i.k.p.i.AbstractProblemLoader Loading environment from /home/runner/work/key/key/key.core/../key.ui/examples/heap/SmansEtAl/ArrayList_size_dep.key 
50058      DEBUG main            d.u.i.k.p.i.AbstractProblemLoader Environment load took 100.6ns 
50059      INFO  main            d.u.i.k.p.i.AbstractProblemLoader Creating init config 
52708      DEBUG main            d.u.i.k.p.i.AbstractProblemLoader Init config took 2.65s 
52754      INFO  main            d.u.i.k.p.i.AbstractProblemLoader Replaying proof ArrayList[ArrayList::size()].JML accessible clause.0 
52756      DEBUG main            d.u.i.k.p.i.IntermediateProofReplayer Proof replay took 6.6ns 
52858      INFO  main            d.u.i.k.p.r.p.TestFile    ... finished proof: closed. 
53034      INFO  main            d.u.i.k.p.i.AbstractProblemLoader Loading environment from /home/runner/work/key/key/key.core/../key.ui/examples/heap/SmansEtAl/ArrayList_size_dep.key.proof 
53034      DEBUG main            d.u.i.k.p.i.AbstractProblemLoader Environment load took 138.9ns 
53035      INFO  main            d.u.i.k.p.i.AbstractProblemLoader Creating init config 
55602      DEBUG main            d.u.i.k.p.i.AbstractProblemLoader Init config took 2.57s 
55642      INFO  main            d.u.i.k.p.i.AbstractProblemLoader Replaying proof ArrayList[ArrayList::size()].JML accessible clause.0 
55656      DEBUG main            d.u.i.k.p.i.IntermediateProofReplayer Proof replay took 12.72ms 
55657      DEBUG main            d.u.i.k.p.r.p.TestFile    ... success: reloaded. 
55658      INFO  main            d.u.i.k.p.r.p.TestFile    Now processing file /home/runner/work/key/key/key.core/../key.ui/examples/heap/SmansEtAl/ArrayList_size.key 
55659      INFO  main            d.u.i.k.p.i.AbstractProblemLoader Loading environment from /home/runner/work/key/key/key.core/../key.ui/examples/heap/SmansEtAl/ArrayList_size.key 
55659      DEBUG main            d.u.i.k.p.i.AbstractProblemLoader Environment load took 100.6ns 
55660      INFO  main            d.u.i.k.p.i.AbstractProblemLoader Creating init config 
58275      DEBUG main            d.u.i.k.p.i.AbstractProblemLoader Init config took 2.62s 
58314      INFO  main            d.u.i.k.p.i.AbstractProblemLoader Replaying proof ArrayList[ArrayList::size()].JML normal_behavior operation contract.0 
58316      DEBUG main            d.u.i.k.p.i.IntermediateProofReplayer Proof replay took 6.7ns 
58418      INFO  main            d.u.i.k.p.r.p.TestFile    ... finished proof: closed. 
58596      INFO  main            d.u.i.k.p.i.AbstractProblemLoader Loading environment from /home/runner/work/key/key/key.core/../key.ui/examples/heap/SmansEtAl/ArrayList_size.key.proof 
58596      DEBUG main            d.u.i.k.p.i.AbstractProblemLoader Environment load took 128.8ns 
58597      INFO  main            d.u.i.k.p.i.AbstractProblemLoader Creating init config 
61157      DEBUG main            d.u.i.k.p.i.AbstractProblemLoader Init config took 2.56s 
61196      INFO  main            d.u.i.k.p.i.AbstractProblemLoader Replaying proof ArrayList[ArrayList::size()].JML normal_behavior operation contract.0 
61209      DEBUG main            d.u.i.k.p.i.IntermediateProofReplayer Proof replay took 11.31ms 
61210      DEBUG main            d.u.i.k.p.r.p.TestFile    ... success: reloaded. 
61211      INFO  main            d.u.i.k.p.r.p.TestFile    Now processing file /home/runner/work/key/key/key.core/../key.ui/examples/heap/SmansEtAl/Cell_Cell.key 
61211      INFO  main            d.u.i.k.p.i.AbstractProblemLoader Loading environment from /home/runner/work/key/key/key.core/../key.ui/examples/heap/SmansEtAl/Cell_Cell.key 
61211      DEBUG main            d.u.i.k.p.i.AbstractProblemLoader Environment load took 82.3ns 
61212      INFO  main            d.u.i.k.p.i.AbstractProblemLoader Creating init config 
63822      DEBUG main            d.u.i.k.p.i.AbstractProblemLoader Init config took 2.61s 
63860      INFO  main            d.u.i.k.p.i.AbstractProblemLoader Replaying proof Cell[Cell::Cell()].JML normal_behavior operation contract.0 
63861      DEBUG main            d.u.i.k.p.i.IntermediateProofReplayer Proof replay took 5.7ns 
64064      INFO  main            d.u.i.k.p.r.p.TestFile    ... finished proof: closed. 
64251      INFO  main            d.u.i.k.p.i.AbstractProblemLoader Loading environment from /home/runner/work/key/key/key.core/../key.ui/examples/heap/SmansEtAl/Cell_Cell.key.proof 
64251      DEBUG main            d.u.i.k.p.i.AbstractProblemLoader Environment load took 119.7ns 
64252      INFO  main            d.u.i.k.p.i.AbstractProblemLoader Creating init config 
66800      DEBUG main            d.u.i.k.p.i.AbstractProblemLoader Init config took 2.55s 
66835      INFO  main            d.u.i.k.p.i.AbstractProblemLoader Replaying proof Cell[Cell::Cell()].JML normal_behavior operation contract.0 
66868      DEBUG main            d.u.i.k.p.i.IntermediateProofReplayer Proof replay took 30.71ms 
66869      DEBUG main            d.u.i.k.p.r.p.TestFile    ... success: reloaded. 
66871      INFO  main            d.u.i.k.p.r.p.TestFile    Now processing file /home/runner/work/key/key/key.core/../key.ui/examples/heap/SmansEtAl/Cell_footprint.key 
66871      INFO  main            d.u.i.k.p.i.AbstractProblemLoader Loading environment from /home/runner/work/key/key/key.core/../key.ui/examples/heap/SmansEtAl/Cell_footprint.key 
66871      DEBUG main            d.u.i.k.p.i.AbstractProblemLoader Environment load took 102.7ns 
66872      INFO  main            d.u.i.k.p.i.AbstractProblemLoader Creating init config 
69478      DEBUG main            d.u.i.k.p.i.AbstractProblemLoader Init config took 2.61s 
69513      INFO  main            d.u.i.k.p.i.AbstractProblemLoader Replaying proof Cell[Cell::$footprint()].JML accessible clause.0 
69514      DEBUG main            d.u.i.k.p.i.IntermediateProofReplayer Proof replay took 5.7ns 
69618      INFO  main            d.u.i.k.p.r.p.TestFile    ... finished proof: closed. 
69807      INFO  main            d.u.i.k.p.i.AbstractProblemLoader Loading environment from /home/runner/work/key/key/key.core/../key.ui/examples/heap/SmansEtAl/Cell_footprint.key.proof 
69807      DEBUG main            d.u.i.k.p.i.AbstractProblemLoader Environment load took 120.2ns 
69808      INFO  main            d.u.i.k.p.i.AbstractProblemLoader Creating init config 
72372      DEBUG main            d.u.i.k.p.i.AbstractProblemLoader Init config took 2.56s 
72408      INFO  main            d.u.i.k.p.i.AbstractProblemLoader Replaying proof Cell[Cell::$footprint()].JML accessible clause.0 
72413      DEBUG main            d.u.i.k.p.i.IntermediateProofReplayer Proof replay took 3.16ms 
72414      DEBUG main            d.u.i.k.p.r.p.TestFile    ... success: reloaded. 
72415      INFO  main            d.u.i.k.p.r.p.TestFile    Now processing file /home/runner/work/key/key/key.core/../key.ui/examples/heap/SmansEtAl/Cell_getX_dep.key 
72415      INFO  main            d.u.i.k.p.i.AbstractProblemLoader Loading environment from /home/runner/work/key/key/key.core/../key.ui/examples/heap/SmansEtAl/Cell_getX_dep.key 
72415      DEBUG main            d.u.i.k.p.i.AbstractProblemLoader Environment load took 113.8ns 
72416      INFO  main            d.u.i.k.p.i.AbstractProblemLoader Creating init config 
75037      DEBUG main            d.u.i.k.p.i.AbstractProblemLoader Init config took 2.62s 
75075      INFO  main            d.u.i.k.p.i.AbstractProblemLoader Replaying proof Cell[Cell::getX()].JML accessible clause.0 
75077      DEBUG main            d.u.i.k.p.i.IntermediateProofReplayer Proof replay took 5.8ns 
75179      INFO  main            d.u.i.k.p.r.p.TestFile    ... finished proof: closed. 
75389      INFO  main            d.u.i.k.p.i.AbstractProblemLoader Loading environment from /home/runner/work/key/key/key.core/../key.ui/examples/heap/SmansEtAl/Cell_getX_dep.key.proof 
75390      DEBUG main            d.u.i.k.p.i.AbstractProblemLoader Environment load took 129.8ns 
75391      INFO  main            d.u.i.k.p.i.AbstractProblemLoader Creating init config 
77930      DEBUG main            d.u.i.k.p.i.AbstractProblemLoader Init config took 2.54s 
77971      INFO  main            d.u.i.k.p.i.AbstractProblemLoader Replaying proof Cell[Cell::getX()].JML accessible clause.0 
77984      DEBUG main            d.u.i.k.p.i.IntermediateProofReplayer Proof replay took 11.29ms 
77985      DEBUG main            d.u.i.k.p.r.p.TestFile    ... success: reloaded. 
77986      INFO  main            d.u.i.k.p.r.p.TestFile    Now processing file /home/runner/work/key/key/key.core/../key.ui/examples/heap/SmansEtAl/Cell_getX.key 
77986      INFO  main            d.u.i.k.p.i.AbstractProblemLoader Loading environment from /home/runner/work/key/key/key.core/../key.ui/examples/heap/SmansEtAl/Cell_getX.key 
77987      DEBUG main            d.u.i.k.p.i.AbstractProblemLoader Environment load took 151.1ns 
77988      INFO  main            d.u.i.k.p.i.AbstractProblemLoader Creating init config 
80588      DEBUG main            d.u.i.k.p.i.AbstractProblemLoader Init config took 2.6s 
80623      INFO  main            d.u.i.k.p.i.AbstractProblemLoader Replaying proof Cell[Cell::getX()].JML normal_behavior operation contract.0 
80624      DEBUG main            d.u.i.k.p.i.IntermediateProofReplayer Proof replay took 5.7ns 
80726      INFO  main            d.u.i.k.p.r.p.TestFile    ... finished proof: closed. 
80927      INFO  main            d.u.i.k.p.i.AbstractProblemLoader Loading environment from /home/runner/work/key/key/key.core/../key.ui/examples/heap/SmansEtAl/Cell_getX.key.proof 
80927      DEBUG main            d.u.i.k.p.i.AbstractProblemLoader Environment load took 128.2ns 
80928      INFO  main            d.u.i.k.p.i.AbstractProblemLoader Creating init config 
83490      DEBUG main            d.u.i.k.p.i.AbstractProblemLoader Init config took 2.56s 
83525      INFO  main            d.u.i.k.p.i.AbstractProblemLoader Replaying proof Cell[Cell::getX()].JML normal_behavior operation contract.0 
83537      DEBUG main            d.u.i.k.p.i.IntermediateProofReplayer Proof replay took 10.13ms 
83538      DEBUG main            d.u.i.k.p.r.p.TestFile    ... success: reloaded. 
83539      INFO  main            d.u.i.k.p.r.p.TestFile    Now processing file /home/runner/work/key/key/key.core/../key.ui/examples/heap/SmansEtAl/Cell_inv.key 
83540      INFO  main            d.u.i.k.p.i.AbstractProblemLoader Loading environment from /home/runner/work/key/key/key.core/../key.ui/examples/heap/SmansEtAl/Cell_inv.key 
83540      DEBUG main            d.u.i.k.p.i.AbstractProblemLoader Environment load took 241.7ns 
83541      INFO  main            d.u.i.k.p.i.AbstractProblemLoader Creating init config 
86107      DEBUG main            d.u.i.k.p.i.AbstractProblemLoader Init config took 2.57s 
86141      INFO  main            d.u.i.k.p.i.AbstractProblemLoader Replaying proof Cell[java.lang.Object::<inv>()].JML accessible clause.0 
86143      DEBUG main            d.u.i.k.p.i.IntermediateProofReplayer Proof replay took 6.8ns 
86246      INFO  main            d.u.i.k.p.r.p.TestFile    ... finished proof: closed. 
86453      INFO  main            d.u.i.k.p.i.AbstractProblemLoader Loading environment from /home/runner/work/key/key/key.core/../key.ui/examples/heap/SmansEtAl/Cell_inv.key.proof 
86453      DEBUG main            d.u.i.k.p.i.AbstractProblemLoader Environment load took 121.6ns 
86454      INFO  main            d.u.i.k.p.i.AbstractProblemLoader Creating init config 
88981      DEBUG main            d.u.i.k.p.i.AbstractProblemLoader Init config took 2.53s 
89024      INFO  main            d.u.i.k.p.i.AbstractProblemLoader Replaying proof Cell[java.lang.Object::<inv>()].JML accessible clause.0 
89027      DEBUG main            d.u.i.k.p.i.IntermediateProofReplayer Proof replay took 1.91ms 
89028      DEBUG main            d.u.i.k.p.r.p.TestFile    ... success: reloaded. 
89029      INFO  main            d.u.i.k.p.r.p.TestFile    Now processing file /home/runner/work/key/key/key.core/../key.ui/examples/heap/SmansEtAl/Cell_setX.key 
89029      INFO  main            d.u.i.k.p.i.AbstractProblemLoader Loading environment from /home/runner/work/key/key/key.core/../key.ui/examples/heap/SmansEtAl/Cell_setX.key 
89029      DEBUG main            d.u.i.k.p.i.AbstractProblemLoader Environment load took 96.3ns 
89030      INFO  main            d.u.i.k.p.i.AbstractProblemLoader Creating init config 
91608      DEBUG main            d.u.i.k.p.i.AbstractProblemLoader Init config took 2.58s 
91642      INFO  main            d.u.i.k.p.i.AbstractProblemLoader Replaying proof Cell[Cell::setX(int)].JML normal_behavior operation contract.0 
91643      DEBUG main            d.u.i.k.p.i.IntermediateProofReplayer Proof replay took 6.1ns 
91745      INFO  main            d.u.i.k.p.r.p.TestFile    ... finished proof: closed. 
91964      INFO  main            d.u.i.k.p.i.AbstractProblemLoader Loading environment from /home/runner/work/key/key/key.core/../key.ui/examples/heap/SmansEtAl/Cell_setX.key.proof 
91964      DEBUG main            d.u.i.k.p.i.AbstractProblemLoader Environment load took 120.8ns 
91965      INFO  main            d.u.i.k.p.i.AbstractProblemLoader Creating init config 
94517      DEBUG main            d.u.i.k.p.i.AbstractProblemLoader Init config took 2.55s 
94550      INFO  main            d.u.i.k.p.i.AbstractProblemLoader Replaying proof Cell[Cell::setX(int)].JML normal_behavior operation contract.0 
94569      DEBUG main            d.u.i.k.p.i.IntermediateProofReplayer Proof replay took 17.08ms 
94570      DEBUG main            d.u.i.k.p.r.p.TestFile    ... success: reloaded. 
94571      INFO  main            d.u.i.k.p.r.p.TestFile    Now processing file /home/runner/work/key/key/key.core/../key.ui/examples/heap/SmansEtAl/CellClient_m.key 
94571      INFO  main            d.u.i.k.p.i.AbstractProblemLoader Loading environment from /home/runner/work/key/key/key.core/../key.ui/examples/heap/SmansEtAl/CellClient_m.key 
94572      DEBUG main            d.u.i.k.p.i.AbstractProblemLoader Environment load took 101.3ns 
94572      INFO  main            d.u.i.k.p.i.AbstractProblemLoader Creating init config 
97107      DEBUG main            d.u.i.k.p.i.AbstractProblemLoader Init config took 2.53s 
97142      INFO  main            d.u.i.k.p.i.AbstractProblemLoader Replaying proof CellClient[CellClient::m()].JML operation contract.0 
97145      DEBUG main            d.u.i.k.p.i.IntermediateProofReplayer Proof replay took 6.1ns 
97750      INFO  main            d.u.i.k.p.r.p.TestFile    ... finished proof: closed. 
98005      INFO  main            d.u.i.k.p.i.AbstractProblemLoader Loading environment from /home/runner/work/key/key/key.core/../key.ui/examples/heap/SmansEtAl/CellClient_m.key.proof 
98005      DEBUG main            d.u.i.k.p.i.AbstractProblemLoader Environment load took 127.6ns 
98006      INFO  main            d.u.i.k.p.i.AbstractProblemLoader Creating init config 
100541     DEBUG main            d.u.i.k.p.i.AbstractProblemLoader Init config took 2.53s 
100574     INFO  main            d.u.i.k.p.i.AbstractProblemLoader Replaying proof CellClient[CellClient::m()].JML operation contract.0 
100659     DEBUG main            d.u.i.k.p.i.IntermediateProofReplayer Proof replay took 81.78ms 
100660     DEBUG main            d.u.i.k.p.r.p.TestFile    ... success: reloaded. 
100661     INFO  main            d.u.i.k.p.r.p.TestFile    Now processing file /home/runner/work/key/key/key.core/../key.ui/examples/heap/SmansEtAl/Iterator_footprint.key 
100662     INFO  main            d.u.i.k.p.i.AbstractProblemLoader Loading environment from /home/runner/work/key/key/key.core/../key.ui/examples/heap/SmansEtAl/Iterator_footprint.key 
100662     DEBUG main            d.u.i.k.p.i.AbstractProblemLoader Environment load took 107.5ns 
100663     INFO  main            d.u.i.k.p.i.AbstractProblemLoader Creating init config 
103282     DEBUG main            d.u.i.k.p.i.AbstractProblemLoader Init config took 2.62s 
103318     INFO  main            d.u.i.k.p.i.AbstractProblemLoader Replaying proof Iterator[Iterator::$footprint()].JML accessible clause.0 
103320     DEBUG main            d.u.i.k.p.i.IntermediateProofReplayer Proof replay took 6.3ns 
103422     INFO  main            d.u.i.k.p.r.p.TestFile    ... finished proof: closed. 
103651     INFO  main            d.u.i.k.p.i.AbstractProblemLoader Loading environment from /home/runner/work/key/key/key.core/../key.ui/examples/heap/SmansEtAl/Iterator_footprint.key.proof 
103651     DEBUG main            d.u.i.k.p.i.AbstractProblemLoader Environment load took 136.5ns 
103652     INFO  main            d.u.i.k.p.i.AbstractProblemLoader Creating init config 
106155     DEBUG main            d.u.i.k.p.i.AbstractProblemLoader Init config took 2.5s 
106191     INFO  main            d.u.i.k.p.i.AbstractProblemLoader Replaying proof Iterator[Iterator::$footprint()].JML accessible clause.0 
106201     DEBUG main            d.u.i.k.p.i.IntermediateProofReplayer Proof replay took 5.1ms 
106201     DEBUG main            d.u.i.k.p.r.p.TestFile    ... success: reloaded. 
106202     INFO  main            d.u.i.k.p.r.p.TestFile    Now processing file /home/runner/work/key/key/key.core/../key.ui/examples/heap/SmansEtAl/Iterator_hasNext_dep.key 
106203     INFO  main            d.u.i.k.p.i.AbstractProblemLoader Loading environment from /home/runner/work/key/key/key.core/../key.ui/examples/heap/SmansEtAl/Iterator_hasNext_dep.key 
106203     DEBUG main            d.u.i.k.p.i.AbstractProblemLoader Environment load took 112.9ns 
106204     INFO  main            d.u.i.k.p.i.AbstractProblemLoader Creating init config 
108786     DEBUG main            d.u.i.k.p.i.AbstractProblemLoader Init config took 2.58s 
108821     INFO  main            d.u.i.k.p.i.AbstractProblemLoader Replaying proof Iterator[Iterator::hasNext()].JML accessible clause.0 
108822     DEBUG main            d.u.i.k.p.i.IntermediateProofReplayer Proof replay took 6.9ns 
109428     INFO  main            d.u.i.k.p.r.p.TestFile    ... finished proof: closed. 
109705     INFO  main            d.u.i.k.p.i.AbstractProblemLoader Loading environment from /home/runner/work/key/key/key.core/../key.ui/examples/heap/SmansEtAl/Iterator_hasNext_dep.key.proof 
109706     DEBUG main            d.u.i.k.p.i.AbstractProblemLoader Environment load took 526.4ns 
109707     INFO  main            d.u.i.k.p.i.AbstractProblemLoader Creating init config 
112202     DEBUG main            d.u.i.k.p.i.AbstractProblemLoader Init config took 2.49s 
112238     INFO  main            d.u.i.k.p.i.AbstractProblemLoader Replaying proof Iterator[Iterator::hasNext()].JML accessible clause.0 
112310     DEBUG main            d.u.i.k.p.i.IntermediateProofReplayer Proof replay took 66.88ms 
112311     DEBUG main            d.u.i.k.p.r.p.TestFile    ... success: reloaded. 
112312     INFO  main            d.u.i.k.p.r.p.TestFile    Now processing file /home/runner/work/key/key/key.core/../key.ui/examples/heap/SmansEtAl/Iterator_hasNext.key 
112313     INFO  main            d.u.i.k.p.i.AbstractProblemLoader Loading environment from /home/runner/work/key/key/key.core/../key.ui/examples/heap/SmansEtAl/Iterator_hasNext.key 
112313     DEBUG main            d.u.i.k.p.i.AbstractProblemLoader Environment load took 90.6ns 
112314     INFO  main            d.u.i.k.p.i.AbstractProblemLoader Creating init config 
114908     DEBUG main            d.u.i.k.p.i.AbstractProblemLoader Init config took 2.59s 
114963     INFO  main            d.u.i.k.p.i.AbstractProblemLoader Replaying proof Iterator[Iterator::hasNext()].JML normal_behavior operation contract.0 
114965     DEBUG main            d.u.i.k.p.i.IntermediateProofReplayer Proof replay took 6.4ns 
115469     INFO  main            d.u.i.k.p.r.p.TestFile    ... finished proof: closed. 
115725     INFO  main            d.u.i.k.p.i.AbstractProblemLoader Loading environment from /home/runner/work/key/key/key.core/../key.ui/examples/heap/SmansEtAl/Iterator_hasNext.key.proof 
115725     DEBUG main            d.u.i.k.p.i.AbstractProblemLoader Environment load took 123.8ns 
115726     INFO  main            d.u.i.k.p.i.AbstractProblemLoader Creating init config 
118223     DEBUG main            d.u.i.k.p.i.AbstractProblemLoader Init config took 2.5s 
118262     INFO  main            d.u.i.k.p.i.AbstractProblemLoader Replaying proof Iterator[Iterator::hasNext()].JML normal_behavior operation contract.0 
118339     DEBUG main            d.u.i.k.p.i.IntermediateProofReplayer Proof replay took 68.96ms 
118340     DEBUG main            d.u.i.k.p.r.p.TestFile    ... success: reloaded. 
118342     INFO  main            d.u.i.k.p.r.p.TestFile    Now processing file /home/runner/work/key/key/key.core/../key.ui/examples/heap/SmansEtAl/Iterator_inv.key 
118342     INFO  main            d.u.i.k.p.i.AbstractProblemLoader Loading environment from /home/runner/work/key/key/key.core/../key.ui/examples/heap/SmansEtAl/Iterator_inv.key 
118342     DEBUG main            d.u.i.k.p.i.AbstractProblemLoader Environment load took 215.7ns 
118343     INFO  main            d.u.i.k.p.i.AbstractProblemLoader Creating init config 
120932     DEBUG main            d.u.i.k.p.i.AbstractProblemLoader Init config took 2.59s 
120967     INFO  main            d.u.i.k.p.i.AbstractProblemLoader Replaying proof Iterator[java.lang.Object::<inv>()].JML accessible clause.0 
120969     DEBUG main            d.u.i.k.p.i.IntermediateProofReplayer Proof replay took 6.7ns 
121174     INFO  main            d.u.i.k.p.r.p.TestFile    ... finished proof: closed. 
121426     INFO  main            d.u.i.k.p.i.AbstractProblemLoader Loading environment from /home/runner/work/key/key/key.core/../key.ui/examples/heap/SmansEtAl/Iterator_inv.key.proof 
121426     DEBUG main            d.u.i.k.p.i.AbstractProblemLoader Environment load took 110.1ns 
121427     INFO  main            d.u.i.k.p.i.AbstractProblemLoader Creating init config 
123942     DEBUG main            d.u.i.k.p.i.AbstractProblemLoader Init config took 2.51s 
123978     INFO  main            d.u.i.k.p.i.AbstractProblemLoader Replaying proof Iterator[java.lang.Object::<inv>()].JML accessible clause.0 
123997     DEBUG main            d.u.i.k.p.i.IntermediateProofReplayer Proof replay took 16.29ms 
123998     DEBUG main            d.u.i.k.p.r.p.TestFile    ... success: reloaded. 
123998     INFO  main            d.u.i.k.p.r.p.TestFile    Now processing file /home/runner/work/key/key/key.core/../key.ui/examples/heap/SmansEtAl/Iterator_Iterator.key 
123999     INFO  main            d.u.i.k.p.i.AbstractProblemLoader Loading environment from /home/runner/work/key/key/key.core/../key.ui/examples/heap/SmansEtAl/Iterator_Iterator.key 
123999     DEBUG main            d.u.i.k.p.i.AbstractProblemLoader Environment load took 91.8ns 
124000     INFO  main            d.u.i.k.p.i.AbstractProblemLoader Creating init config 
126586     DEBUG main            d.u.i.k.p.i.AbstractProblemLoader Init config took 2.59s 
126623     INFO  main            d.u.i.k.p.i.AbstractProblemLoader Replaying proof Iterator[Iterator::Iterator(ArrayList)].JML normal_behavior operation contract.0 
126624     DEBUG main            d.u.i.k.p.i.IntermediateProofReplayer Proof replay took 6.4ns 
128036     INFO  main            d.u.i.k.p.r.p.TestFile    ... finished proof: closed. 
128326     INFO  main            d.u.i.k.p.i.AbstractProblemLoader Loading environment from /home/runner/work/key/key/key.core/../key.ui/examples/heap/SmansEtAl/Iterator_Iterator.key.proof 
128327     DEBUG main            d.u.i.k.p.i.AbstractProblemLoader Environment load took 430.2ns 
128328     INFO  main            d.u.i.k.p.i.AbstractProblemLoader Creating init config 
130825     DEBUG main            d.u.i.k.p.i.AbstractProblemLoader Init config took 2.5s 
130870     INFO  main            d.u.i.k.p.i.AbstractProblemLoader Replaying proof Iterator[Iterator::Iterator(ArrayList)].JML normal_behavior operation contract.0 
131019     DEBUG main            d.u.i.k.p.i.IntermediateProofReplayer Proof replay took 135.77ms 
131021     DEBUG main            d.u.i.k.p.r.p.TestFile    ... success: reloaded. 
131022     INFO  main            d.u.i.k.p.r.p.TestFile    Now processing file /home/runner/work/key/key/key.core/../key.ui/examples/heap/SmansEtAl/Iterator_list_dep.key 
131022     INFO  main            d.u.i.k.p.i.AbstractProblemLoader Loading environment from /home/runner/work/key/key/key.core/../key.ui/examples/heap/SmansEtAl/Iterator_list_dep.key 
131022     DEBUG main            d.u.i.k.p.i.AbstractProblemLoader Environment load took 199ns 
131023     INFO  main            d.u.i.k.p.i.AbstractProblemLoader Creating init config 
133565     DEBUG main            d.u.i.k.p.i.AbstractProblemLoader Init config took 2.54s 
133601     INFO  main            d.u.i.k.p.i.AbstractProblemLoader Replaying proof Iterator[Iterator::list()].JML accessible clause.0 
133602     DEBUG main            d.u.i.k.p.i.IntermediateProofReplayer Proof replay took 6.1ns 
133704     INFO  main            d.u.i.k.p.r.p.TestFile    ... finished proof: closed. 
133960     INFO  main            d.u.i.k.p.i.AbstractProblemLoader Loading environment from /home/runner/work/key/key/key.core/../key.ui/examples/heap/SmansEtAl/Iterator_list_dep.key.proof 
133960     DEBUG main            d.u.i.k.p.i.AbstractProblemLoader Environment load took 116.5ns 
133961     INFO  main            d.u.i.k.p.i.AbstractProblemLoader Creating init config 
136457     DEBUG main            d.u.i.k.p.i.AbstractProblemLoader Init config took 2.5s 
136492     INFO  main            d.u.i.k.p.i.AbstractProblemLoader Replaying proof Iterator[Iterator::list()].JML accessible clause.0 
136509     DEBUG main            d.u.i.k.p.i.IntermediateProofReplayer Proof replay took 14.31ms 
136509     DEBUG main            d.u.i.k.p.r.p.TestFile    ... success: reloaded. 
136510     INFO  main            d.u.i.k.p.r.p.TestFile    Now processing file /home/runner/work/key/key/key.core/../key.ui/examples/heap/SmansEtAl/Iterator_list.key 
136511     INFO  main            d.u.i.k.p.i.AbstractProblemLoader Loading environment from /home/runner/work/key/key/key.core/../key.ui/examples/heap/SmansEtAl/Iterator_list.key 
136511     DEBUG main            d.u.i.k.p.i.AbstractProblemLoader Environment load took 92.8ns 
136512     INFO  main            d.u.i.k.p.i.AbstractProblemLoader Creating init config 
139074     DEBUG main            d.u.i.k.p.i.AbstractProblemLoader Init config took 2.56s 
139109     INFO  main            d.u.i.k.p.i.AbstractProblemLoader Replaying proof Iterator[Iterator::list()].JML normal_behavior operation contract.0 
139110     DEBUG main            d.u.i.k.p.i.IntermediateProofReplayer Proof replay took 7ns 
139212     INFO  main            d.u.i.k.p.r.p.TestFile    ... finished proof: closed. 
139483     INFO  main            d.u.i.k.p.i.AbstractProblemLoader Loading environment from /home/runner/work/key/key/key.core/../key.ui/examples/heap/SmansEtAl/Iterator_list.key.proof 
139483     DEBUG main            d.u.i.k.p.i.AbstractProblemLoader Environment load took 113.2ns 
139484     INFO  main            d.u.i.k.p.i.AbstractProblemLoader Creating init config 
141960     DEBUG main            d.u.i.k.p.i.AbstractProblemLoader Init config took 2.48s 
142009     INFO  main            d.u.i.k.p.i.AbstractProblemLoader Replaying proof Iterator[Iterator::list()].JML normal_behavior operation contract.0 
142023     DEBUG main            d.u.i.k.p.i.IntermediateProofReplayer Proof replay took 11.84ms 
142024     DEBUG main            d.u.i.k.p.r.p.TestFile    ... success: reloaded. 
142025     INFO  main            d.u.i.k.p.r.p.TestFile    Now processing file /home/runner/work/key/key/key.core/../key.ui/examples/heap/SmansEtAl/Iterator_next.key 
142025     INFO  main            d.u.i.k.p.i.AbstractProblemLoader Loading environment from /home/runner/work/key/key/key.core/../key.ui/examples/heap/SmansEtAl/Iterator_next.key 
142025     DEBUG main            d.u.i.k.p.i.AbstractProblemLoader Environment load took 92.7ns 
142026     INFO  main            d.u.i.k.p.i.AbstractProblemLoader Creating init config 
144579     DEBUG main            d.u.i.k.p.i.AbstractProblemLoader Init config took 2.55s 
144614     INFO  main            d.u.i.k.p.i.AbstractProblemLoader Replaying proof Iterator[Iterator::next()].JML normal_behavior operation contract.0 
144616     DEBUG main            d.u.i.k.p.i.IntermediateProofReplayer Proof replay took 5.7ns 
147348     INFO  main            d.u.i.k.p.r.p.TestFile    ... finished proof: closed. 
147652     INFO  main            d.u.i.k.p.i.AbstractProblemLoader Loading environment from /home/runner/work/key/key/key.core/../key.ui/examples/heap/SmansEtAl/Iterator_next.key.proof 
147653     DEBUG main            d.u.i.k.p.i.AbstractProblemLoader Environment load took 478ns 
147655     INFO  main            d.u.i.k.p.i.AbstractProblemLoader Creating init config 
150137     DEBUG main            d.u.i.k.p.i.AbstractProblemLoader Init config took 2.48s 
150172     INFO  main            d.u.i.k.p.i.AbstractProblemLoader Replaying proof Iterator[Iterator::next()].JML normal_behavior operation contract.0 
150401     DEBUG main            d.u.i.k.p.i.IntermediateProofReplayer Proof replay took 212.4ms 
150403     DEBUG main            d.u.i.k.p.r.p.TestFile    ... success: reloaded. 
150405     INFO  main            d.u.i.k.p.r.p.TestFile    Now processing file /home/runner/work/key/key/key.core/../key.ui/examples/heap/SmansEtAl/Stack_footprint.key 
150405     INFO  main            d.u.i.k.p.i.AbstractProblemLoader Loading environment from /home/runner/work/key/key/key.core/../key.ui/examples/heap/SmansEtAl/Stack_footprint.key 
150405     DEBUG main            d.u.i.k.p.i.AbstractProblemLoader Environment load took 211.2ns 
150406     INFO  main            d.u.i.k.p.i.AbstractProblemLoader Creating init config 
152988     DEBUG main            d.u.i.k.p.i.AbstractProblemLoader Init config took 2.58s 
153023     INFO  main            d.u.i.k.p.i.AbstractProblemLoader Replaying proof Stack[Stack::$footprint()].JML accessible clause.0 
153025     DEBUG main            d.u.i.k.p.i.IntermediateProofReplayer Proof replay took 6.5ns 
153228     INFO  main            d.u.i.k.p.r.p.TestFile    ... finished proof: closed. 
153508     INFO  main            d.u.i.k.p.i.AbstractProblemLoader Loading environment from /home/runner/work/key/key/key.core/../key.ui/examples/heap/SmansEtAl/Stack_footprint.key.proof 
153508     DEBUG main            d.u.i.k.p.i.AbstractProblemLoader Environment load took 117.9ns 
153509     INFO  main            d.u.i.k.p.i.AbstractProblemLoader Creating init config 
155988     DEBUG main            d.u.i.k.p.i.AbstractProblemLoader Init config took 2.48s 
156021     INFO  main            d.u.i.k.p.i.AbstractProblemLoader Replaying proof Stack[Stack::$footprint()].JML accessible clause.0 
156043     DEBUG main            d.u.i.k.p.i.IntermediateProofReplayer Proof replay took 19.31ms 
156045     DEBUG main            d.u.i.k.p.r.p.TestFile    ... success: reloaded. 
156046     INFO  main            d.u.i.k.p.r.p.TestFile    Now processing file /home/runner/work/key/key/key.core/../key.ui/examples/heap/SmansEtAl/Stack_inv.key 
156046     INFO  main            d.u.i.k.p.i.AbstractProblemLoader Loading environment from /home/runner/work/key/key/key.core/../key.ui/examples/heap/SmansEtAl/Stack_inv.key 
156046     DEBUG main            d.u.i.k.p.i.AbstractProblemLoader Environment load took 203.9ns 
156047     INFO  main            d.u.i.k.p.i.AbstractProblemLoader Creating init config 
158610     DEBUG main            d.u.i.k.p.i.AbstractProblemLoader Init config took 2.56s 
158647     INFO  main            d.u.i.k.p.i.AbstractProblemLoader Replaying proof Stack[java.lang.Object::<inv>()].JML accessible clause.0 
158648     DEBUG main            d.u.i.k.p.i.IntermediateProofReplayer Proof replay took 6.1ns 
158751     INFO  main            d.u.i.k.p.r.p.TestFile    ... finished proof: closed. 
159030     INFO  main            d.u.i.k.p.i.AbstractProblemLoader Loading environment from /home/runner/work/key/key/key.core/../key.ui/examples/heap/SmansEtAl/Stack_inv.key.proof 
159030     DEBUG main            d.u.i.k.p.i.AbstractProblemLoader Environment load took 113ns 
159031     INFO  main            d.u.i.k.p.i.AbstractProblemLoader Creating init config 
161513     DEBUG main            d.u.i.k.p.i.AbstractProblemLoader Init config took 2.48s 
161546     INFO  main            d.u.i.k.p.i.AbstractProblemLoader Replaying proof Stack[java.lang.Object::<inv>()].JML accessible clause.0 
161556     DEBUG main            d.u.i.k.p.i.IntermediateProofReplayer Proof replay took 7.59ms 
161557     DEBUG main            d.u.i.k.p.r.p.TestFile    ... success: reloaded. 
161558     INFO  main            d.u.i.k.p.r.p.TestFile    Now processing file /home/runner/work/key/key/key.core/../key.ui/examples/heap/SmansEtAl/Stack_push.key 
161558     INFO  main            d.u.i.k.p.i.AbstractProblemLoader Loading environment from /home/runner/work/key/key/key.core/../key.ui/examples/heap/SmansEtAl/Stack_push.key 
161558     DEBUG main            d.u.i.k.p.i.AbstractProblemLoader Environment load took 222.4ns 
161559     INFO  main            d.u.i.k.p.i.AbstractProblemLoader Creating init config 
164109     DEBUG main            d.u.i.k.p.i.AbstractProblemLoader Init config took 2.55s 
164144     INFO  main            d.u.i.k.p.i.AbstractProblemLoader Replaying proof Stack[Stack::push(java.lang.Object)].JML normal_behavior operation contract.0 
164145     DEBUG main            d.u.i.k.p.i.IntermediateProofReplayer Proof replay took 7.1ns 
164861     INFO  main            d.u.i.k.p.r.p.TestFile    ... finished proof: closed. 
165153     INFO  main            d.u.i.k.p.i.AbstractProblemLoader Loading environment from /home/runner/work/key/key/key.core/../key.ui/examples/heap/SmansEtAl/Stack_push.key.proof 
165154     DEBUG main            d.u.i.k.p.i.AbstractProblemLoader Environment load took 119ns 
165155     INFO  main            d.u.i.k.p.i.AbstractProblemLoader Creating init config 
167680     DEBUG main            d.u.i.k.p.i.AbstractProblemLoader Init config took 2.53s 
167715     INFO  main            d.u.i.k.p.i.AbstractProblemLoader Replaying proof Stack[Stack::push(java.lang.Object)].JML normal_behavior operation contract.0 
167806     DEBUG main            d.u.i.k.p.i.IntermediateProofReplayer Proof replay took 86.21ms 
167807     DEBUG main            d.u.i.k.p.r.p.TestFile    ... success: reloaded. 
167808     INFO  main            d.u.i.k.p.r.p.TestFile    Now processing file /home/runner/work/key/key/key.core/../key.ui/examples/heap/SmansEtAl/Stack_size.key 
167808     INFO  main            d.u.i.k.p.i.AbstractProblemLoader Loading environment from /home/runner/work/key/key/key.core/../key.ui/examples/heap/SmansEtAl/Stack_size.key 
167808     DEBUG main            d.u.i.k.p.i.AbstractProblemLoader Environment load took 73.5ns 
167809     INFO  main            d.u.i.k.p.i.AbstractProblemLoader Creating init config 
170324     DEBUG main            d.u.i.k.p.i.AbstractProblemLoader Init config took 2.52s 
170358     INFO  main            d.u.i.k.p.i.AbstractProblemLoader Replaying proof Stack[Stack::size()].JML accessible clause.0 
170359     DEBUG main            d.u.i.k.p.i.IntermediateProofReplayer Proof replay took 7.3ns 
170661     INFO  main            d.u.i.k.p.r.p.TestFile    ... finished proof: closed. 
170953     INFO  main            d.u.i.k.p.i.AbstractProblemLoader Loading environment from /home/runner/work/key/key/key.core/../key.ui/examples/heap/SmansEtAl/Stack_size.key.proof 
170953     DEBUG main            d.u.i.k.p.i.AbstractProblemLoader Environment load took 107ns 
170954     INFO  main            d.u.i.k.p.i.AbstractProblemLoader Creating init config 
173437     DEBUG main            d.u.i.k.p.i.AbstractProblemLoader Init config took 2.48s 
173471     INFO  main            d.u.i.k.p.i.AbstractProblemLoader Replaying proof Stack[Stack::size()].JML accessible clause.0 
173506     DEBUG main            d.u.i.k.p.i.IntermediateProofReplayer Proof replay took 32.33ms 
173507     DEBUG main            d.u.i.k.p.r.p.TestFile    ... success: reloaded. 
173508     INFO  main            d.u.i.k.p.r.p.TestFile    Now processing file /home/runner/work/key/key/key.core/../key.ui/examples/heap/SmansEtAl/Stack_Stack.key 
173509     INFO  main            d.u.i.k.p.i.AbstractProblemLoader Loading environment from /home/runner/work/key/key/key.core/../key.ui/examples/heap/SmansEtAl/Stack_Stack.key 
173509     DEBUG main            d.u.i.k.p.i.AbstractProblemLoader Environment load took 231.6ns 
173510     INFO  main            d.u.i.k.p.i.AbstractProblemLoader Creating init config 
176050     DEBUG main            d.u.i.k.p.i.AbstractProblemLoader Init config took 2.54s 
176088     INFO  main            d.u.i.k.p.i.AbstractProblemLoader Replaying proof Stack[Stack::Stack()].JML normal_behavior operation contract.0 
176089     DEBUG main            d.u.i.k.p.i.IntermediateProofReplayer Proof replay took 6.9ns 
177195     INFO  main            d.u.i.k.p.r.p.TestFile    ... finished proof: closed. 
177513     INFO  main            d.u.i.k.p.i.AbstractProblemLoader Loading environment from /home/runner/work/key/key/key.core/../key.ui/examples/heap/SmansEtAl/Stack_Stack.key.proof 
177513     DEBUG main            d.u.i.k.p.i.AbstractProblemLoader Environment load took 411ns 
177515     INFO  main            d.u.i.k.p.i.AbstractProblemLoader Creating init config 
179984     DEBUG main            d.u.i.k.p.i.AbstractProblemLoader Init config took 2.47s 
180018     INFO  main            d.u.i.k.p.i.AbstractProblemLoader Replaying proof Stack[Stack::Stack()].JML normal_behavior operation contract.0 
180182     DEBUG main            d.u.i.k.p.i.IntermediateProofReplayer Proof replay took 150.82ms 
180187     DEBUG main            d.u.i.k.p.r.p.TestFile    ... success: reloaded. 
180188     INFO  main            d.u.i.k.p.r.p.TestFile    Now processing file /home/runner/work/key/key/key.core/../key.ui/examples/heap/SmansEtAl/Stack_switchContents.key 
180188     INFO  main            d.u.i.k.p.i.AbstractProblemLoader Loading environment from /home/runner/work/key/key/key.core/../key.ui/examples/heap/SmansEtAl/Stack_switchContents.key 
180188     DEBUG main            d.u.i.k.p.i.AbstractProblemLoader Environment load took 202.8ns 
180189     INFO  main            d.u.i.k.p.i.AbstractProblemLoader Creating init config 
182741     DEBUG main            d.u.i.k.p.i.AbstractProblemLoader Init config took 2.55s 
182775     INFO  main            d.u.i.k.p.i.AbstractProblemLoader Replaying proof Stack[Stack::switchContents(Stack)].JML normal_behavior operation contract.0 
182776     DEBUG main            d.u.i.k.p.i.IntermediateProofReplayer Proof replay took 6.6ns 
187459     INFO  main            d.u.i.k.p.r.p.TestFile    ... finished proof: closed. 
187781     INFO  main            d.u.i.k.p.i.AbstractProblemLoader Loading environment from /home/runner/work/key/key/key.core/../key.ui/examples/heap/SmansEtAl/Stack_switchContents.key.proof 
187782     DEBUG main            d.u.i.k.p.i.AbstractProblemLoader Environment load took 429.9ns 
187787     INFO  main            d.u.i.k.p.i.AbstractProblemLoader Creating init config 
190275     DEBUG main            d.u.i.k.p.i.AbstractProblemLoader Init config took 2.49s 
190310     INFO  main            d.u.i.k.p.i.AbstractProblemLoader Replaying proof Stack[Stack::switchContents(Stack)].JML normal_behavior operation contract.0 
190597     DEBUG main            d.u.i.k.p.i.IntermediateProofReplayer Proof replay took 271.18ms 
190600     DEBUG main            d.u.i.k.p.r.p.TestFile    ... success: reloaded. 
2064300    INFO  Test worker     d.u.i.k.p.r.RunAllProofsTestUnit Returning from test SmansEtAl 
2064303    INFO  Test worker     d.u.i.k.p.r.RunAllProofsTestUnit Running test VACID0 
340        INFO  Timeout watchdog d.u.i.k.p.r.p.ForkedTestFileRunner Timeout watcher launched (2000 secs.) 
347        WARN  main            d.u.i.k.s.ProofSettings   The settings in /home/runner/.key/proof-settings.props are *not* read. 
408        INFO  main            d.u.i.k.p.r.p.TestFile    Now processing file /home/runner/work/key/key/key.core/../key.ui/examples/heap/vacid0_01_SparseArray/Harness_sparseArrayTestHarness1.key 
563        INFO  main            d.u.i.k.p.i.AbstractProblemLoader Loading environment from /home/runner/work/key/key/key.core/../key.ui/examples/heap/vacid0_01_SparseArray/Harness_sparseArrayTestHarness1.key 
580        DEBUG main            d.u.i.k.p.i.AbstractProblemLoader Environment load took 2.31ms 
824        INFO  main            d.u.i.k.p.i.AbstractProblemLoader Creating init config 
1688       DEBUG main            d.u.i.k.j.TypeConverter   No LDT found for Meta 
1689       DEBUG main            d.u.i.k.j.TypeConverter   No LDT found for Meta 
1690       DEBUG main            d.u.i.k.j.TypeConverter   No LDT found for Meta 
1691       DEBUG main            d.u.i.k.j.TypeConverter   No LDT found for Meta 
3123       DEBUG main            d.u.i.k.j.TypeConverter   No LDT found for JavaBigintExpression 
8356       DEBUG main            d.u.i.k.p.i.AbstractProblemLoader Init config took 7.53s 
8479       INFO  main            d.u.i.k.p.i.AbstractProblemLoader Replaying proof Harness[Harness::sparseArrayTestHarness1()].JML normal_behavior operation contract.0 
8512       DEBUG main            d.u.i.k.p.i.IntermediateProofReplayer Proof replay took 32.3ns 
9950       INFO  main            d.u.i.k.p.r.p.TestFile    ... finished proof: closed. 
10134      INFO  main            d.u.i.k.p.i.AbstractProblemLoader Loading environment from /home/runner/work/key/key/key.core/../key.ui/examples/heap/vacid0_01_SparseArray/Harness_sparseArrayTestHarness1.key.proof 
10135      DEBUG main            d.u.i.k.p.i.AbstractProblemLoader Environment load took 477.9ns 
10139      INFO  main            d.u.i.k.p.i.AbstractProblemLoader Creating init config 
13087      DEBUG main            d.u.i.k.p.i.AbstractProblemLoader Init config took 2.95s 
13157      INFO  main            d.u.i.k.p.i.AbstractProblemLoader Replaying proof Harness[Harness::sparseArrayTestHarness1()].JML normal_behavior operation contract.0 
13317      DEBUG main            d.u.i.k.p.i.IntermediateProofReplayer Proof replay took 151.43ms 
13324      DEBUG main            d.u.i.k.p.r.p.TestFile    ... success: reloaded. 
13326      INFO  main            d.u.i.k.p.r.p.TestFile    Now processing file /home/runner/work/key/key/key.core/../key.ui/examples/heap/vacid0_01_SparseArray/Harness_sparseArrayTestHarness2.key 
13327      INFO  main            d.u.i.k.p.i.AbstractProblemLoader Loading environment from /home/runner/work/key/key/key.core/../key.ui/examples/heap/vacid0_01_SparseArray/Harness_sparseArrayTestHarness2.key 
13327      DEBUG main            d.u.i.k.p.i.AbstractProblemLoader Environment load took 245.4ns 
13328      INFO  main            d.u.i.k.p.i.AbstractProblemLoader Creating init config 
16142      DEBUG main            d.u.i.k.p.i.AbstractProblemLoader Init config took 2.81s 
16197      INFO  main            d.u.i.k.p.i.AbstractProblemLoader Replaying proof Harness[Harness::sparseArrayTestHarness2()].JML normal_behavior operation contract.0 
16200      DEBUG main            d.u.i.k.p.i.IntermediateProofReplayer Proof replay took 6.4ns 
27742      INFO  main            d.u.i.k.p.r.p.TestFile    ... finished proof: closed. 
27956      INFO  main            d.u.i.k.p.i.AbstractProblemLoader Loading environment from /home/runner/work/key/key/key.core/../key.ui/examples/heap/vacid0_01_SparseArray/Harness_sparseArrayTestHarness2.key.proof 
27957      DEBUG main            d.u.i.k.p.i.AbstractProblemLoader Environment load took 507.2ns 
27961      INFO  main            d.u.i.k.p.i.AbstractProblemLoader Creating init config 
30705      DEBUG main            d.u.i.k.p.i.AbstractProblemLoader Init config took 2.74s 
30764      INFO  main            d.u.i.k.p.i.AbstractProblemLoader Replaying proof Harness[Harness::sparseArrayTestHarness2()].JML normal_behavior operation contract.0 
31734      DEBUG main            d.u.i.k.p.i.IntermediateProofReplayer Proof replay took 920.96ms 
31737      DEBUG main            d.u.i.k.p.r.p.TestFile    ... success: reloaded. 
31738      INFO  main            d.u.i.k.p.r.p.TestFile    Now processing file /home/runner/work/key/key/key.core/../key.ui/examples/heap/vacid0_01_SparseArray/MemoryAllocator_alloc_unsigned.key 
31739      INFO  main            d.u.i.k.p.i.AbstractProblemLoader Loading environment from /home/runner/work/key/key/key.core/../key.ui/examples/heap/vacid0_01_SparseArray/MemoryAllocator_alloc_unsigned.key 
31739      DEBUG main            d.u.i.k.p.i.AbstractProblemLoader Environment load took 248.7ns 
31740      INFO  main            d.u.i.k.p.i.AbstractProblemLoader Creating init config 
34471      DEBUG main            d.u.i.k.p.i.AbstractProblemLoader Init config took 2.73s 
34515      INFO  main            d.u.i.k.p.i.AbstractProblemLoader Replaying proof MemoryAllocator[MemoryAllocator::alloc_unsigned(int)].JML normal_behavior operation contract.0 
34517      DEBUG main            d.u.i.k.p.i.IntermediateProofReplayer Proof replay took 6.7ns 
35422      INFO  main            d.u.i.k.p.r.p.TestFile    ... finished proof: closed. 
35594      INFO  main            d.u.i.k.p.i.AbstractProblemLoader Loading environment from /home/runner/work/key/key/key.core/../key.ui/examples/heap/vacid0_01_SparseArray/MemoryAllocator_alloc_unsigned.key.proof 
35594      DEBUG main            d.u.i.k.p.i.AbstractProblemLoader Environment load took 442.2ns 
35598      INFO  main            d.u.i.k.p.i.AbstractProblemLoader Creating init config 
38322      DEBUG main            d.u.i.k.p.i.AbstractProblemLoader Init config took 2.72s 
38364      INFO  main            d.u.i.k.p.i.AbstractProblemLoader Replaying proof MemoryAllocator[MemoryAllocator::alloc_unsigned(int)].JML normal_behavior operation contract.0 
38527      DEBUG main            d.u.i.k.p.i.IntermediateProofReplayer Proof replay took 156.07ms 
38531      DEBUG main            d.u.i.k.p.r.p.TestFile    ... success: reloaded. 
38532      INFO  main            d.u.i.k.p.r.p.TestFile    Now processing file /home/runner/work/key/key/key.core/../key.ui/examples/heap/vacid0_01_SparseArray/MemoryAllocator_alloc.key 
38533      INFO  main            d.u.i.k.p.i.AbstractProblemLoader Loading environment from /home/runner/work/key/key/key.core/../key.ui/examples/heap/vacid0_01_SparseArray/MemoryAllocator_alloc.key 
38533      DEBUG main            d.u.i.k.p.i.AbstractProblemLoader Environment load took 213.2ns 
38534      INFO  main            d.u.i.k.p.i.AbstractProblemLoader Creating init config 
41236      DEBUG main            d.u.i.k.p.i.AbstractProblemLoader Init config took 2.7s 
41276      INFO  main            d.u.i.k.p.i.AbstractProblemLoader Replaying proof MemoryAllocator[MemoryAllocator::alloc(int)].JML normal_behavior operation contract.0 
41278      DEBUG main            d.u.i.k.p.i.IntermediateProofReplayer Proof replay took 6ns 
41881      INFO  main            d.u.i.k.p.r.p.TestFile    ... finished proof: closed. 
42067      INFO  main            d.u.i.k.p.i.AbstractProblemLoader Loading environment from /home/runner/work/key/key/key.core/../key.ui/examples/heap/vacid0_01_SparseArray/MemoryAllocator_alloc.key.proof 
42067      DEBUG main            d.u.i.k.p.i.AbstractProblemLoader Environment load took 594.1ns 
42069      INFO  main            d.u.i.k.p.i.AbstractProblemLoader Creating init config 
44714      DEBUG main            d.u.i.k.p.i.AbstractProblemLoader Init config took 2.64s 
44754      INFO  main            d.u.i.k.p.i.AbstractProblemLoader Replaying proof MemoryAllocator[MemoryAllocator::alloc(int)].JML normal_behavior operation contract.0 
44851      DEBUG main            d.u.i.k.p.i.IntermediateProofReplayer Proof replay took 93.04ms 
44852      DEBUG main            d.u.i.k.p.r.p.TestFile    ... success: reloaded. 
44853      INFO  main            d.u.i.k.p.r.p.TestFile    Now processing file /home/runner/work/key/key/key.core/../key.ui/examples/heap/vacid0_01_SparseArray/SparseArray_get_dep.key 
44854      INFO  main            d.u.i.k.p.i.AbstractProblemLoader Loading environment from /home/runner/work/key/key/key.core/../key.ui/examples/heap/vacid0_01_SparseArray/SparseArray_get_dep.key 
44854      DEBUG main            d.u.i.k.p.i.AbstractProblemLoader Environment load took 104.1ns 
44855      INFO  main            d.u.i.k.p.i.AbstractProblemLoader Creating init config 
47494      DEBUG main            d.u.i.k.p.i.AbstractProblemLoader Init config took 2.64s 
47553      INFO  main            d.u.i.k.p.i.AbstractProblemLoader Replaying proof SparseArray[SparseArray::get(int)].JML accessible clause.0 
47555      DEBUG main            d.u.i.k.p.i.IntermediateProofReplayer Proof replay took 5.4ns 
49912      INFO  main            d.u.i.k.p.r.p.TestFile    ... finished proof: closed. 
50108      INFO  main            d.u.i.k.p.i.AbstractProblemLoader Loading environment from /home/runner/work/key/key/key.core/../key.ui/examples/heap/vacid0_01_SparseArray/SparseArray_get_dep.key.proof 
50109      DEBUG main            d.u.i.k.p.i.AbstractProblemLoader Environment load took 1.1ms 
50111      INFO  main            d.u.i.k.p.i.AbstractProblemLoader Creating init config 
52749      DEBUG main            d.u.i.k.p.i.AbstractProblemLoader Init config took 2.64s 
52806      INFO  main            d.u.i.k.p.i.AbstractProblemLoader Replaying proof SparseArray[SparseArray::get(int)].JML accessible clause.0 
53026      DEBUG main            d.u.i.k.p.i.IntermediateProofReplayer Proof replay took 209.43ms 
53027      DEBUG main            d.u.i.k.p.r.p.TestFile    ... success: reloaded. 
53029      INFO  main            d.u.i.k.p.r.p.TestFile    Now processing file /home/runner/work/key/key/key.core/../key.ui/examples/heap/vacid0_01_SparseArray/SparseArray_get.key 
53029      INFO  main            d.u.i.k.p.i.AbstractProblemLoader Loading environment from /home/runner/work/key/key/key.core/../key.ui/examples/heap/vacid0_01_SparseArray/SparseArray_get.key 
53029      DEBUG main            d.u.i.k.p.i.AbstractProblemLoader Environment load took 229.4ns 
53030      INFO  main            d.u.i.k.p.i.AbstractProblemLoader Creating init config 
55617      DEBUG main            d.u.i.k.p.i.AbstractProblemLoader Init config took 2.59s 
55673      INFO  main            d.u.i.k.p.i.AbstractProblemLoader Replaying proof SparseArray[SparseArray::get(int)].JML normal_behavior operation contract.0 
55675      DEBUG main            d.u.i.k.p.i.IntermediateProofReplayer Proof replay took 6.6ns 
57885      INFO  main            d.u.i.k.p.r.p.TestFile    ... finished proof: closed. 
58076      INFO  main            d.u.i.k.p.i.AbstractProblemLoader Loading environment from /home/runner/work/key/key/key.core/../key.ui/examples/heap/vacid0_01_SparseArray/SparseArray_get.key.proof 
58076      DEBUG main            d.u.i.k.p.i.AbstractProblemLoader Environment load took 442.7ns 
58078      INFO  main            d.u.i.k.p.i.AbstractProblemLoader Creating init config 
60663      DEBUG main            d.u.i.k.p.i.AbstractProblemLoader Init config took 2.59s 
60727      INFO  main            d.u.i.k.p.i.AbstractProblemLoader Replaying proof SparseArray[SparseArray::get(int)].JML normal_behavior operation contract.0 
60886      DEBUG main            d.u.i.k.p.i.IntermediateProofReplayer Proof replay took 150.01ms 
60887      DEBUG main            d.u.i.k.p.r.p.TestFile    ... success: reloaded. 
60889      INFO  main            d.u.i.k.p.r.p.TestFile    Now processing file /home/runner/work/key/key/key.core/../key.ui/examples/heap/vacid0_01_SparseArray/SparseArray_inv.key 
60889      INFO  main            d.u.i.k.p.i.AbstractProblemLoader Loading environment from /home/runner/work/key/key/key.core/../key.ui/examples/heap/vacid0_01_SparseArray/SparseArray_inv.key 
60889      DEBUG main            d.u.i.k.p.i.AbstractProblemLoader Environment load took 212.1ns 
60890      INFO  main            d.u.i.k.p.i.AbstractProblemLoader Creating init config 
63537      DEBUG main            d.u.i.k.p.i.AbstractProblemLoader Init config took 2.65s 
63599      INFO  main            d.u.i.k.p.i.AbstractProblemLoader Replaying proof SparseArray[java.lang.Object::<inv>()].JML accessible clause.0 
63601      DEBUG main            d.u.i.k.p.i.IntermediateProofReplayer Proof replay took 6.6ns 
65406      INFO  main            d.u.i.k.p.r.p.TestFile    ... finished proof: closed. 
65590      INFO  main            d.u.i.k.p.i.AbstractProblemLoader Loading environment from /home/runner/work/key/key/key.core/../key.ui/examples/heap/vacid0_01_SparseArray/SparseArray_inv.key.proof 
65591      DEBUG main            d.u.i.k.p.i.AbstractProblemLoader Environment load took 435.1ns 
65592      INFO  main            d.u.i.k.p.i.AbstractProblemLoader Creating init config 
68181      DEBUG main            d.u.i.k.p.i.AbstractProblemLoader Init config took 2.59s 
68234      INFO  main            d.u.i.k.p.i.AbstractProblemLoader Replaying proof SparseArray[java.lang.Object::<inv>()].JML accessible clause.0 
68296      DEBUG main            d.u.i.k.p.i.IntermediateProofReplayer Proof replay took 57.76ms 
68297      DEBUG main            d.u.i.k.p.r.p.TestFile    ... success: reloaded. 
68298      INFO  main            d.u.i.k.p.r.p.TestFile    Now processing file /home/runner/work/key/key/key.core/../key.ui/examples/heap/vacid0_01_SparseArray/SparseArray_SparseArray.key 
68299      INFO  main            d.u.i.k.p.i.AbstractProblemLoader Loading environment from /home/runner/work/key/key/key.core/../key.ui/examples/heap/vacid0_01_SparseArray/SparseArray_SparseArray.key 
68299      DEBUG main            d.u.i.k.p.i.AbstractProblemLoader Environment load took 98.4ns 
68300      INFO  main            d.u.i.k.p.i.AbstractProblemLoader Creating init config 
70886      DEBUG main            d.u.i.k.p.i.AbstractProblemLoader Init config took 2.59s 
70941      INFO  main            d.u.i.k.p.i.AbstractProblemLoader Replaying proof SparseArray[SparseArray::SparseArray(int)].JML normal_behavior operation contract.0 
70943      DEBUG main            d.u.i.k.p.i.IntermediateProofReplayer Proof replay took 6.7ns 
74251      INFO  main            d.u.i.k.p.r.p.TestFile    ... finished proof: closed. 
74464      INFO  main            d.u.i.k.p.i.AbstractProblemLoader Loading environment from /home/runner/work/key/key/key.core/../key.ui/examples/heap/vacid0_01_SparseArray/SparseArray_SparseArray.key.proof 
74465      DEBUG main            d.u.i.k.p.i.AbstractProblemLoader Environment load took 437.8ns 
74466      INFO  main            d.u.i.k.p.i.AbstractProblemLoader Creating init config 
77048      DEBUG main            d.u.i.k.p.i.AbstractProblemLoader Init config took 2.58s 
77099      INFO  main            d.u.i.k.p.i.AbstractProblemLoader Replaying proof SparseArray[SparseArray::SparseArray(int)].JML normal_behavior operation contract.0 
77369      DEBUG main            d.u.i.k.p.i.IntermediateProofReplayer Proof replay took 260.46ms 
77371      DEBUG main            d.u.i.k.p.r.p.TestFile    ... success: reloaded. 
2141841    INFO  Test worker     d.u.i.k.p.r.RunAllProofsTestUnit Returning from test VACID0 
2141842    INFO  Test worker     d.u.i.k.p.r.RunAllProofsTestUnit Running test VSTTE10 
331        INFO  Timeout watchdog d.u.i.k.p.r.p.ForkedTestFileRunner Timeout watcher launched (2000 secs.) 
346        WARN  main            d.u.i.k.s.ProofSettings   The settings in /home/runner/.key/proof-settings.props are *not* read. 
385        INFO  main            d.u.i.k.p.r.p.TestFile    Now processing file /home/runner/work/key/key/key.core/../key.ui/examples/heap/vstte10_01_SumAndMax/SumAndMax_sumAndMax.key 
508        INFO  main            d.u.i.k.p.i.AbstractProblemLoader Loading environment from /home/runner/work/key/key/key.core/../key.ui/examples/heap/vstte10_01_SumAndMax/SumAndMax_sumAndMax.key 
525        DEBUG main            d.u.i.k.p.i.AbstractProblemLoader Environment load took 1.9ms 
740        INFO  main            d.u.i.k.p.i.AbstractProblemLoader Creating init config 
1585       DEBUG main            d.u.i.k.j.TypeConverter   No LDT found for Meta 
1585       DEBUG main            d.u.i.k.j.TypeConverter   No LDT found for Meta 
1586       DEBUG main            d.u.i.k.j.TypeConverter   No LDT found for Meta 
1586       DEBUG main            d.u.i.k.j.TypeConverter   No LDT found for Meta 
3062       DEBUG main            d.u.i.k.j.TypeConverter   No LDT found for JavaBigintExpression 
8005       DEBUG main            d.u.i.k.p.i.AbstractProblemLoader Init config took 7.26s 
8130       INFO  main            d.u.i.k.p.i.AbstractProblemLoader Replaying proof SumAndMax[SumAndMax::sumAndMax([I)].JML normal_behavior operation contract.0 
8164       DEBUG main            d.u.i.k.p.i.IntermediateProofReplayer Proof replay took 36.7ns 
13367      INFO  main            d.u.i.k.p.r.p.TestFile    ... finished proof: closed. 
13540      INFO  main            d.u.i.k.p.i.AbstractProblemLoader Loading environment from /home/runner/work/key/key/key.core/../key.ui/examples/heap/vstte10_01_SumAndMax/SumAndMax_sumAndMax.key.proof 
13540      DEBUG main            d.u.i.k.p.i.AbstractProblemLoader Environment load took 485.8ns 
13543      INFO  main            d.u.i.k.p.i.AbstractProblemLoader Creating init config 
16394      DEBUG main            d.u.i.k.p.i.AbstractProblemLoader Init config took 2.85s 
16473      INFO  main            d.u.i.k.p.i.AbstractProblemLoader Replaying proof SumAndMax[SumAndMax::sumAndMax([I)].JML normal_behavior operation contract.0 
16966      DEBUG main            d.u.i.k.p.i.IntermediateProofReplayer Proof replay took 469.1ms 
16975      DEBUG main            d.u.i.k.p.r.p.TestFile    ... success: reloaded. 
16976      INFO  main            d.u.i.k.p.r.p.TestFile    Now processing file /home/runner/work/key/key/key.core/../key.ui/examples/heap/vstte10_03_LinkedList/Node_cons.key 
16977      INFO  main            d.u.i.k.p.i.AbstractProblemLoader Loading environment from /home/runner/work/key/key/key.core/../key.ui/examples/heap/vstte10_03_LinkedList/Node_cons.key 
16977      DEBUG main            d.u.i.k.p.i.AbstractProblemLoader Environment load took 253.8ns 
16979      INFO  main            d.u.i.k.p.i.AbstractProblemLoader Creating init config 
19743      DEBUG main            d.u.i.k.p.i.AbstractProblemLoader Init config took 2.76s 
19804      INFO  main            d.u.i.k.p.i.AbstractProblemLoader Replaying proof Node[Node::cons(int,Node)].JML normal_behavior operation contract.0 
19807      DEBUG main            d.u.i.k.p.i.IntermediateProofReplayer Proof replay took 15.8ns 
21314      INFO  main            d.u.i.k.p.r.p.TestFile    ... finished proof: closed. 
21475      INFO  main            d.u.i.k.p.i.AbstractProblemLoader Loading environment from /home/runner/work/key/key/key.core/../key.ui/examples/heap/vstte10_03_LinkedList/Node_cons.key.proof 
21477      DEBUG main            d.u.i.k.p.i.AbstractProblemLoader Environment load took 1.59ms 
21480      INFO  main            d.u.i.k.p.i.AbstractProblemLoader Creating init config 
24166      DEBUG main            d.u.i.k.p.i.AbstractProblemLoader Init config took 2.69s 
24219      INFO  main            d.u.i.k.p.i.AbstractProblemLoader Replaying proof Node[Node::cons(int,Node)].JML normal_behavior operation contract.0 
24435      DEBUG main            d.u.i.k.p.i.IntermediateProofReplayer Proof replay took 203.31ms 
24437      DEBUG main            d.u.i.k.p.r.p.TestFile    ... success: reloaded. 
24438      INFO  main            d.u.i.k.p.r.p.TestFile    Now processing file /home/runner/work/key/key/key.core/../key.ui/examples/heap/vstte10_03_LinkedList/Node_inv.key 
24438      INFO  main            d.u.i.k.p.i.AbstractProblemLoader Loading environment from /home/runner/work/key/key/key.core/../key.ui/examples/heap/vstte10_03_LinkedList/Node_inv.key 
24439      DEBUG main            d.u.i.k.p.i.AbstractProblemLoader Environment load took 236.5ns 
24440      INFO  main            d.u.i.k.p.i.AbstractProblemLoader Creating init config 
27100      DEBUG main            d.u.i.k.p.i.AbstractProblemLoader Init config took 2.66s 
27153      INFO  main            d.u.i.k.p.i.AbstractProblemLoader Replaying proof Node[java.lang.Object::<inv>()].JML accessible clause.0 
27155      DEBUG main            d.u.i.k.p.i.IntermediateProofReplayer Proof replay took 5.7ns 
27458      INFO  main            d.u.i.k.p.r.p.TestFile    ... finished proof: closed. 
27643      INFO  main            d.u.i.k.p.i.AbstractProblemLoader Loading environment from /home/runner/work/key/key/key.core/../key.ui/examples/heap/vstte10_03_LinkedList/Node_inv.key.proof 
27643      DEBUG main            d.u.i.k.p.i.AbstractProblemLoader Environment load took 145.2ns 
27645      INFO  main            d.u.i.k.p.i.AbstractProblemLoader Creating init config 
30282      DEBUG main            d.u.i.k.p.i.AbstractProblemLoader Init config took 2.64s 
30331      INFO  main            d.u.i.k.p.i.AbstractProblemLoader Replaying proof Node[java.lang.Object::<inv>()].JML accessible clause.0 
30357      DEBUG main            d.u.i.k.p.i.IntermediateProofReplayer Proof replay took 22.26ms 
30358      DEBUG main            d.u.i.k.p.r.p.TestFile    ... success: reloaded. 
30359      INFO  main            d.u.i.k.p.r.p.TestFile    Now processing file /home/runner/work/key/key/key.core/../key.ui/examples/heap/vstte10_03_LinkedList/Node_search.key 
30359      INFO  main            d.u.i.k.p.i.AbstractProblemLoader Loading environment from /home/runner/work/key/key/key.core/../key.ui/examples/heap/vstte10_03_LinkedList/Node_search.key 
30360      DEBUG main            d.u.i.k.p.i.AbstractProblemLoader Environment load took 104.6ns 
30360      INFO  main            d.u.i.k.p.i.AbstractProblemLoader Creating init config 
32961      DEBUG main            d.u.i.k.p.i.AbstractProblemLoader Init config took 2.6s 
33011      INFO  main            d.u.i.k.p.i.AbstractProblemLoader Replaying proof Node[Node::search()].JML normal_behavior operation contract.0 
33012      DEBUG main            d.u.i.k.p.i.IntermediateProofReplayer Proof replay took 6.6ns 
39444      INFO  main            d.u.i.k.p.r.p.TestFile    ... finished proof: closed. 
39649      INFO  main            d.u.i.k.p.i.AbstractProblemLoader Loading environment from /home/runner/work/key/key/key.core/../key.ui/examples/heap/vstte10_03_LinkedList/Node_search.key.proof 
39654      DEBUG main            d.u.i.k.p.i.AbstractProblemLoader Environment load took 5.09ms 
39657      INFO  main            d.u.i.k.p.i.AbstractProblemLoader Creating init config 
42192      DEBUG main            d.u.i.k.p.i.AbstractProblemLoader Init config took 2.53s 
42241      INFO  main            d.u.i.k.p.i.AbstractProblemLoader Replaying proof Node[Node::search()].JML normal_behavior operation contract.0 
42705      DEBUG main            d.u.i.k.p.i.IntermediateProofReplayer Proof replay took 397.02ms 
42707      DEBUG main            d.u.i.k.p.r.p.TestFile    ... success: reloaded. 
42709      INFO  main            d.u.i.k.p.r.p.TestFile    Now processing file /home/runner/work/key/key/key.core/../key.ui/examples/heap/vstte10_04_Queens/Queens_isConsistent.key 
42710      INFO  main            d.u.i.k.p.i.AbstractProblemLoader Loading environment from /home/runner/work/key/key/key.core/../key.ui/examples/heap/vstte10_04_Queens/Queens_isConsistent.key 
42710      DEBUG main            d.u.i.k.p.i.AbstractProblemLoader Environment load took 234.1ns 
42711      INFO  main            d.u.i.k.p.i.AbstractProblemLoader Creating init config 
45588      DEBUG main            d.u.i.k.p.i.AbstractProblemLoader Init config took 2.88s 
45649      INFO  main            d.u.i.k.p.i.AbstractProblemLoader Replaying proof Queens[Queens::isConsistent([I,int)].JML normal_behavior operation contract.0 
45651      DEBUG main            d.u.i.k.p.i.IntermediateProofReplayer Proof replay took 6.6ns 
47459      INFO  main            d.u.i.k.p.r.p.TestFile    ... finished proof: closed. 
47680      INFO  main            d.u.i.k.p.i.AbstractProblemLoader Loading environment from /home/runner/work/key/key/key.core/../key.ui/examples/heap/vstte10_04_Queens/Queens_isConsistent.key.proof 
47681      DEBUG main            d.u.i.k.p.i.AbstractProblemLoader Environment load took 434.1ns 
47682      INFO  main            d.u.i.k.p.i.AbstractProblemLoader Creating init config 
50266      DEBUG main            d.u.i.k.p.i.AbstractProblemLoader Init config took 2.58s 
50306      INFO  main            d.u.i.k.p.i.AbstractProblemLoader Replaying proof Queens[Queens::isConsistent([I,int)].JML normal_behavior operation contract.0 
50570      DEBUG main            d.u.i.k.p.i.IntermediateProofReplayer Proof replay took 255.65ms 
50572      DEBUG main            d.u.i.k.p.r.p.TestFile    ... success: reloaded. 
50573      INFO  main            d.u.i.k.p.r.p.TestFile    Now processing file /home/runner/work/key/key/key.core/../key.ui/examples/heap/vstte10_04_Queens/Queens_nQueens.key 
50574      INFO  main            d.u.i.k.p.i.AbstractProblemLoader Loading environment from /home/runner/work/key/key/key.core/../key.ui/examples/heap/vstte10_04_Queens/Queens_nQueens.key 
50574      DEBUG main            d.u.i.k.p.i.AbstractProblemLoader Environment load took 224.7ns 
50575      INFO  main            d.u.i.k.p.i.AbstractProblemLoader Creating init config 
53271      DEBUG main            d.u.i.k.p.i.AbstractProblemLoader Init config took 2.7s 
53312      INFO  main            d.u.i.k.p.i.AbstractProblemLoader Replaying proof Queens[Queens::nQueens(int)].JML normal_behavior operation contract.0 
53314      DEBUG main            d.u.i.k.p.i.IntermediateProofReplayer Proof replay took 5.7ns 
66530      INFO  main            d.u.i.k.p.r.p.TestFile    ... finished proof: closed. 
66746      INFO  main            d.u.i.k.p.i.AbstractProblemLoader Loading environment from /home/runner/work/key/key/key.core/../key.ui/examples/heap/vstte10_04_Queens/Queens_nQueens.key.proof 
66747      DEBUG main            d.u.i.k.p.i.AbstractProblemLoader Environment load took 460.3ns 
66749      INFO  main            d.u.i.k.p.i.AbstractProblemLoader Creating init config 
69332      DEBUG main            d.u.i.k.p.i.AbstractProblemLoader Init config took 2.58s 
69373      INFO  main            d.u.i.k.p.i.AbstractProblemLoader Replaying proof Queens[Queens::nQueens(int)].JML normal_behavior operation contract.0 
69782      DEBUG main            d.u.i.k.p.i.IntermediateProofReplayer Proof replay took 391.21ms 
69783      DEBUG main            d.u.i.k.p.r.p.TestFile    ... success: reloaded. 
69784      INFO  main            d.u.i.k.p.r.p.TestFile    Now processing file /home/runner/work/key/key/key.core/../key.ui/examples/heap/vstte10_05_Queue/AmortizedQueue_AmortizedQueue.key 
69785      INFO  main            d.u.i.k.p.i.AbstractProblemLoader Loading environment from /home/runner/work/key/key/key.core/../key.ui/examples/heap/vstte10_05_Queue/AmortizedQueue_AmortizedQueue.key 
69785      DEBUG main            d.u.i.k.p.i.AbstractProblemLoader Environment load took 103.1ns 
69786      INFO  main            d.u.i.k.p.i.AbstractProblemLoader Creating init config 
72524      DEBUG main            d.u.i.k.p.i.AbstractProblemLoader Init config took 2.74s 
72569      INFO  main            d.u.i.k.p.i.AbstractProblemLoader Replaying proof AmortizedQueue[AmortizedQueue::AmortizedQueue()].JML normal_behavior operation contract.0 
72571      DEBUG main            d.u.i.k.p.i.IntermediateProofReplayer Proof replay took 7.7ns 
74076      INFO  main            d.u.i.k.p.r.p.TestFile    ... finished proof: closed. 
74345      INFO  main            d.u.i.k.p.i.AbstractProblemLoader Loading environment from /home/runner/work/key/key/key.core/../key.ui/examples/heap/vstte10_05_Queue/AmortizedQueue_AmortizedQueue.key.proof 
74346      DEBUG main            d.u.i.k.p.i.AbstractProblemLoader Environment load took 449.1ns 
74347      INFO  main            d.u.i.k.p.i.AbstractProblemLoader Creating init config 
76958      DEBUG main            d.u.i.k.p.i.AbstractProblemLoader Init config took 2.61s 
77006      INFO  main            d.u.i.k.p.i.AbstractProblemLoader Replaying proof AmortizedQueue[AmortizedQueue::AmortizedQueue()].JML normal_behavior operation contract.0 
77187      DEBUG main            d.u.i.k.p.i.IntermediateProofReplayer Proof replay took 173.99ms 
77188      DEBUG main            d.u.i.k.p.r.p.TestFile    ... success: reloaded. 
77189      INFO  main            d.u.i.k.p.r.p.TestFile    Now processing file /home/runner/work/key/key/key.core/../key.ui/examples/heap/vstte10_05_Queue/AmortizedQueue_front.key 
77189      INFO  main            d.u.i.k.p.i.AbstractProblemLoader Loading environment from /home/runner/work/key/key/key.core/../key.ui/examples/heap/vstte10_05_Queue/AmortizedQueue_front.key 
77190      DEBUG main            d.u.i.k.p.i.AbstractProblemLoader Environment load took 265.6ns 
77191      INFO  main            d.u.i.k.p.i.AbstractProblemLoader Creating init config 
79919      DEBUG main            d.u.i.k.p.i.AbstractProblemLoader Init config took 2.73s 
79961      INFO  main            d.u.i.k.p.i.AbstractProblemLoader Replaying proof AmortizedQueue[AmortizedQueue::front()].JML normal_behavior operation contract.0 
79963      DEBUG main            d.u.i.k.p.i.IntermediateProofReplayer Proof replay took 5.8ns 
80467      INFO  main            d.u.i.k.p.r.p.TestFile    ... finished proof: closed. 
80675      INFO  main            d.u.i.k.p.i.AbstractProblemLoader Loading environment from /home/runner/work/key/key/key.core/../key.ui/examples/heap/vstte10_05_Queue/AmortizedQueue_front.key.proof 
80675      DEBUG main            d.u.i.k.p.i.AbstractProblemLoader Environment load took 129ns 
80677      INFO  main            d.u.i.k.p.i.AbstractProblemLoader Creating init config 
83288      DEBUG main            d.u.i.k.p.i.AbstractProblemLoader Init config took 2.61s 
83337      INFO  main            d.u.i.k.p.i.AbstractProblemLoader Replaying proof AmortizedQueue[AmortizedQueue::front()].JML normal_behavior operation contract.0 
83378      DEBUG main            d.u.i.k.p.i.IntermediateProofReplayer Proof replay took 37.85ms 
83379      DEBUG main            d.u.i.k.p.r.p.TestFile    ... success: reloaded. 
83381      INFO  main            d.u.i.k.p.r.p.TestFile    Now processing file /home/runner/work/key/key/key.core/../key.ui/examples/heap/vstte10_05_Queue/LinkedList_concat.key 
83381      INFO  main            d.u.i.k.p.i.AbstractProblemLoader Loading environment from /home/runner/work/key/key/key.core/../key.ui/examples/heap/vstte10_05_Queue/LinkedList_concat.key 
83381      DEBUG main            d.u.i.k.p.i.AbstractProblemLoader Environment load took 232.5ns 
83382      INFO  main            d.u.i.k.p.i.AbstractProblemLoader Creating init config 
86013      DEBUG main            d.u.i.k.p.i.AbstractProblemLoader Init config took 2.63s 
86078      INFO  main            d.u.i.k.p.i.AbstractProblemLoader Replaying proof LinkedList[LinkedList::concat(LinkedList)].JML normal_behavior operation contract.0 
86081      DEBUG main            d.u.i.k.p.i.IntermediateProofReplayer Proof replay took 6.4ns 
94566      INFO  main            d.u.i.k.p.r.p.TestFile    ... finished proof: closed. 
94814      INFO  main            d.u.i.k.p.i.AbstractProblemLoader Loading environment from /home/runner/work/key/key/key.core/../key.ui/examples/heap/vstte10_05_Queue/LinkedList_concat.key.proof 
94814      DEBUG main            d.u.i.k.p.i.AbstractProblemLoader Environment load took 422.5ns 
94817      INFO  main            d.u.i.k.p.i.AbstractProblemLoader Creating init config 
97394      DEBUG main            d.u.i.k.p.i.AbstractProblemLoader Init config took 2.58s 
97438      INFO  main            d.u.i.k.p.i.AbstractProblemLoader Replaying proof LinkedList[LinkedList::concat(LinkedList)].JML normal_behavior operation contract.0 
97884      DEBUG main            d.u.i.k.p.i.IntermediateProofReplayer Proof replay took 418.04ms 
97887      DEBUG main            d.u.i.k.p.r.p.TestFile    ... success: reloaded. 
97888      INFO  main            d.u.i.k.p.r.p.TestFile    Now processing file /home/runner/work/key/key/key.core/../key.ui/examples/heap/vstte10_05_Queue/LinkedList_cons.key 
97888      INFO  main            d.u.i.k.p.i.AbstractProblemLoader Loading environment from /home/runner/work/key/key/key.core/../key.ui/examples/heap/vstte10_05_Queue/LinkedList_cons.key 
97888      DEBUG main            d.u.i.k.p.i.AbstractProblemLoader Environment load took 207.4ns 
97890      INFO  main            d.u.i.k.p.i.AbstractProblemLoader Creating init config 
100531     DEBUG main            d.u.i.k.p.i.AbstractProblemLoader Init config took 2.64s 
100574     INFO  main            d.u.i.k.p.i.AbstractProblemLoader Replaying proof LinkedList[LinkedList::cons(int)].JML normal_behavior operation contract.0 
100576     DEBUG main            d.u.i.k.p.i.IntermediateProofReplayer Proof replay took 6.1ns 
102908     INFO  main            d.u.i.k.p.r.p.TestFile    ... finished proof: closed. 
103151     INFO  main            d.u.i.k.p.i.AbstractProblemLoader Loading environment from /home/runner/work/key/key/key.core/../key.ui/examples/heap/vstte10_05_Queue/LinkedList_cons.key.proof 
103151     DEBUG main            d.u.i.k.p.i.AbstractProblemLoader Environment load took 233.9ns 
103153     INFO  main            d.u.i.k.p.i.AbstractProblemLoader Creating init config 
105725     DEBUG main            d.u.i.k.p.i.AbstractProblemLoader Init config took 2.57s 
105774     INFO  main            d.u.i.k.p.i.AbstractProblemLoader Replaying proof LinkedList[LinkedList::cons(int)].JML normal_behavior operation contract.0 
105964     DEBUG main            d.u.i.k.p.i.IntermediateProofReplayer Proof replay took 179.93ms 
105965     DEBUG main            d.u.i.k.p.r.p.TestFile    ... success: reloaded. 
105967     INFO  main            d.u.i.k.p.r.p.TestFile    Now processing file /home/runner/work/key/key/key.core/../key.ui/examples/heap/vstte10_05_Queue/LinkedList_head.key 
105967     INFO  main            d.u.i.k.p.i.AbstractProblemLoader Loading environment from /home/runner/work/key/key/key.core/../key.ui/examples/heap/vstte10_05_Queue/LinkedList_head.key 
105968     DEBUG main            d.u.i.k.p.i.AbstractProblemLoader Environment load took 221.1ns 
105969     INFO  main            d.u.i.k.p.i.AbstractProblemLoader Creating init config 
108615     DEBUG main            d.u.i.k.p.i.AbstractProblemLoader Init config took 2.65s 
108657     INFO  main            d.u.i.k.p.i.AbstractProblemLoader Replaying proof LinkedList[LinkedList::head()].JML normal_behavior operation contract.0 
108659     DEBUG main            d.u.i.k.p.i.IntermediateProofReplayer Proof replay took 6.4ns 
108761     INFO  main            d.u.i.k.p.r.p.TestFile    ... finished proof: closed. 
109003     INFO  main            d.u.i.k.p.i.AbstractProblemLoader Loading environment from /home/runner/work/key/key/key.core/../key.ui/examples/heap/vstte10_05_Queue/LinkedList_head.key.proof 
109003     DEBUG main            d.u.i.k.p.i.AbstractProblemLoader Environment load took 133.6ns 
109004     INFO  main            d.u.i.k.p.i.AbstractProblemLoader Creating init config 
111587     DEBUG main            d.u.i.k.p.i.AbstractProblemLoader Init config took 2.58s 
111629     INFO  main            d.u.i.k.p.i.AbstractProblemLoader Replaying proof LinkedList[LinkedList::head()].JML normal_behavior operation contract.0 
111641     DEBUG main            d.u.i.k.p.i.IntermediateProofReplayer Proof replay took 9.89ms 
111642     DEBUG main            d.u.i.k.p.r.p.TestFile    ... success: reloaded. 
111643     INFO  main            d.u.i.k.p.r.p.TestFile    Now processing file /home/runner/work/key/key/key.core/../key.ui/examples/heap/vstte10_05_Queue/LinkedList_inv.key 
111644     INFO  main            d.u.i.k.p.i.AbstractProblemLoader Loading environment from /home/runner/work/key/key/key.core/../key.ui/examples/heap/vstte10_05_Queue/LinkedList_inv.key 
111644     DEBUG main            d.u.i.k.p.i.AbstractProblemLoader Environment load took 212ns 
111645     INFO  main            d.u.i.k.p.i.AbstractProblemLoader Creating init config 
114272     DEBUG main            d.u.i.k.p.i.AbstractProblemLoader Init config took 2.63s 
114313     INFO  main            d.u.i.k.p.i.AbstractProblemLoader Replaying proof LinkedList[java.lang.Object::<inv>()].JML accessible clause.0 
114315     DEBUG main            d.u.i.k.p.i.IntermediateProofReplayer Proof replay took 6.5ns 
114617     INFO  main            d.u.i.k.p.r.p.TestFile    ... finished proof: closed. 
114845     INFO  main            d.u.i.k.p.i.AbstractProblemLoader Loading environment from /home/runner/work/key/key/key.core/../key.ui/examples/heap/vstte10_05_Queue/LinkedList_inv.key.proof 
114845     DEBUG main            d.u.i.k.p.i.AbstractProblemLoader Environment load took 150.9ns 
114846     INFO  main            d.u.i.k.p.i.AbstractProblemLoader Creating init config 
117405     DEBUG main            d.u.i.k.p.i.AbstractProblemLoader Init config took 2.56s 
117446     INFO  main            d.u.i.k.p.i.AbstractProblemLoader Replaying proof LinkedList[java.lang.Object::<inv>()].JML accessible clause.0 
117465     DEBUG main            d.u.i.k.p.i.IntermediateProofReplayer Proof replay took 16.28ms 
117466     DEBUG main            d.u.i.k.p.r.p.TestFile    ... success: reloaded. 
117467     INFO  main            d.u.i.k.p.r.p.TestFile    Now processing file /home/runner/work/key/key/key.core/../key.ui/examples/heap/vstte10_05_Queue/LinkedList_length.key 
117467     INFO  main            d.u.i.k.p.i.AbstractProblemLoader Loading environment from /home/runner/work/key/key/key.core/../key.ui/examples/heap/vstte10_05_Queue/LinkedList_length.key 
117467     DEBUG main            d.u.i.k.p.i.AbstractProblemLoader Environment load took 108.1ns 
117468     INFO  main            d.u.i.k.p.i.AbstractProblemLoader Creating init config 
120110     DEBUG main            d.u.i.k.p.i.AbstractProblemLoader Init config took 2.64s 
120154     INFO  main            d.u.i.k.p.i.AbstractProblemLoader Replaying proof LinkedList[LinkedList::length()].JML normal_behavior operation contract.0 
120156     DEBUG main            d.u.i.k.p.i.IntermediateProofReplayer Proof replay took 5.4ns 
120257     INFO  main            d.u.i.k.p.r.p.TestFile    ... finished proof: closed. 
120477     INFO  main            d.u.i.k.p.i.AbstractProblemLoader Loading environment from /home/runner/work/key/key/key.core/../key.ui/examples/heap/vstte10_05_Queue/LinkedList_length.key.proof 
120477     DEBUG main            d.u.i.k.p.i.AbstractProblemLoader Environment load took 135.1ns 
120478     INFO  main            d.u.i.k.p.i.AbstractProblemLoader Creating init config 
123038     DEBUG main            d.u.i.k.p.i.AbstractProblemLoader Init config took 2.56s 
123081     INFO  main            d.u.i.k.p.i.AbstractProblemLoader Replaying proof LinkedList[LinkedList::length()].JML normal_behavior operation contract.0 
123093     DEBUG main            d.u.i.k.p.i.IntermediateProofReplayer Proof replay took 9.54ms 
123094     DEBUG main            d.u.i.k.p.r.p.TestFile    ... success: reloaded. 
123095     INFO  main            d.u.i.k.p.r.p.TestFile    Now processing file /home/runner/work/key/key/key.core/../key.ui/examples/heap/vstte10_05_Queue/LinkedList_LinkedList1.key 
123095     INFO  main            d.u.i.k.p.i.AbstractProblemLoader Loading environment from /home/runner/work/key/key/key.core/../key.ui/examples/heap/vstte10_05_Queue/LinkedList_LinkedList1.key 
123096     DEBUG main            d.u.i.k.p.i.AbstractProblemLoader Environment load took 224.5ns 
123097     INFO  main            d.u.i.k.p.i.AbstractProblemLoader Creating init config 
125721     DEBUG main            d.u.i.k.p.i.AbstractProblemLoader Init config took 2.62s 
125765     INFO  main            d.u.i.k.p.i.AbstractProblemLoader Replaying proof LinkedList[LinkedList::LinkedList(int,LinkedList)].JML normal_behavior operation contract.0 
125766     DEBUG main            d.u.i.k.p.i.IntermediateProofReplayer Proof replay took 6.3ns 
127784     INFO  main            d.u.i.k.p.r.p.TestFile    ... finished proof: closed. 
128041     INFO  main            d.u.i.k.p.i.AbstractProblemLoader Loading environment from /home/runner/work/key/key/key.core/../key.ui/examples/heap/vstte10_05_Queue/LinkedList_LinkedList1.key.proof 
128041     DEBUG main            d.u.i.k.p.i.AbstractProblemLoader Environment load took 134.6ns 
128042     INFO  main            d.u.i.k.p.i.AbstractProblemLoader Creating init config 
130589     DEBUG main            d.u.i.k.p.i.AbstractProblemLoader Init config took 2.55s 
130631     INFO  main            d.u.i.k.p.i.AbstractProblemLoader Replaying proof LinkedList[LinkedList::LinkedList(int,LinkedList)].JML normal_behavior operation contract.0 
130797     DEBUG main            d.u.i.k.p.i.IntermediateProofReplayer Proof replay took 159.26ms 
130799     DEBUG main            d.u.i.k.p.r.p.TestFile    ... success: reloaded. 
130801     INFO  main            d.u.i.k.p.r.p.TestFile    Now processing file /home/runner/work/key/key/key.core/../key.ui/examples/heap/vstte10_05_Queue/LinkedList_LinkedList2.key 
130801     INFO  main            d.u.i.k.p.i.AbstractProblemLoader Loading environment from /home/runner/work/key/key/key.core/../key.ui/examples/heap/vstte10_05_Queue/LinkedList_LinkedList2.key 
130801     DEBUG main            d.u.i.k.p.i.AbstractProblemLoader Environment load took 142.2ns 
130802     INFO  main            d.u.i.k.p.i.AbstractProblemLoader Creating init config 
133437     DEBUG main            d.u.i.k.p.i.AbstractProblemLoader Init config took 2.64s 
133479     INFO  main            d.u.i.k.p.i.AbstractProblemLoader Replaying proof LinkedList[LinkedList::LinkedList(int,LinkedList)].JML normal_behavior operation contract.0 
133480     DEBUG main            d.u.i.k.p.i.IntermediateProofReplayer Proof replay took 6.9ns 
135486     INFO  main            d.u.i.k.p.r.p.TestFile    ... finished proof: closed. 
135741     INFO  main            d.u.i.k.p.i.AbstractProblemLoader Loading environment from /home/runner/work/key/key/key.core/../key.ui/examples/heap/vstte10_05_Queue/LinkedList_LinkedList2.key.proof 
135741     DEBUG main            d.u.i.k.p.i.AbstractProblemLoader Environment load took 128.1ns 
135742     INFO  main            d.u.i.k.p.i.AbstractProblemLoader Creating init config 
138311     DEBUG main            d.u.i.k.p.i.AbstractProblemLoader Init config took 2.57s 
138352     INFO  main            d.u.i.k.p.i.AbstractProblemLoader Replaying proof LinkedList[LinkedList::LinkedList(int,LinkedList)].JML normal_behavior operation contract.0 
138519     DEBUG main            d.u.i.k.p.i.IntermediateProofReplayer Proof replay took 159.66ms 
138521     DEBUG main            d.u.i.k.p.r.p.TestFile    ... success: reloaded. 
138522     INFO  main            d.u.i.k.p.r.p.TestFile    Now processing file /home/runner/work/key/key/key.core/../key.ui/examples/heap/vstte10_05_Queue/LinkedList_LinkedList3.key 
138522     INFO  main            d.u.i.k.p.i.AbstractProblemLoader Loading environment from /home/runner/work/key/key/key.core/../key.ui/examples/heap/vstte10_05_Queue/LinkedList_LinkedList3.key 
138522     DEBUG main            d.u.i.k.p.i.AbstractProblemLoader Environment load took 100.5ns 
138523     INFO  main            d.u.i.k.p.i.AbstractProblemLoader Creating init config 
141134     DEBUG main            d.u.i.k.p.i.AbstractProblemLoader Init config took 2.61s 
141175     INFO  main            d.u.i.k.p.i.AbstractProblemLoader Replaying proof LinkedList[LinkedList::LinkedList(int,LinkedList)].JML normal_behavior operation contract.0 
141177     DEBUG main            d.u.i.k.p.i.IntermediateProofReplayer Proof replay took 6.5ns 
156425     INFO  main            d.u.i.k.p.r.p.TestFile    ... finished proof: closed. 
156770     INFO  main            d.u.i.k.p.i.AbstractProblemLoader Loading environment from /home/runner/work/key/key/key.core/../key.ui/examples/heap/vstte10_05_Queue/LinkedList_LinkedList3.key.proof 
156771     DEBUG main            d.u.i.k.p.i.AbstractProblemLoader Environment load took 444.4ns 
156777     INFO  main            d.u.i.k.p.i.AbstractProblemLoader Creating init config 
159326     DEBUG main            d.u.i.k.p.i.AbstractProblemLoader Init config took 2.55s 
159377     INFO  main            d.u.i.k.p.i.AbstractProblemLoader Replaying proof LinkedList[LinkedList::LinkedList(int,LinkedList)].JML normal_behavior operation contract.0 
160339     DEBUG main            d.u.i.k.p.i.IntermediateProofReplayer Proof replay took 866.38ms 
160345     DEBUG main            d.u.i.k.p.r.p.TestFile    ... success: reloaded. 
160346     INFO  main            d.u.i.k.p.r.p.TestFile    Now processing file /home/runner/work/key/key/key.core/../key.ui/examples/heap/vstte10_05_Queue/LinkedList_reverse.key 
160346     INFO  main            d.u.i.k.p.i.AbstractProblemLoader Loading environment from /home/runner/work/key/key/key.core/../key.ui/examples/heap/vstte10_05_Queue/LinkedList_reverse.key 
160346     DEBUG main            d.u.i.k.p.i.AbstractProblemLoader Environment load took 108.81ns 
160347     INFO  main            d.u.i.k.p.i.AbstractProblemLoader Creating init config 
163021     DEBUG main            d.u.i.k.p.i.AbstractProblemLoader Init config took 2.67s 
163063     INFO  main            d.u.i.k.p.i.AbstractProblemLoader Replaying proof LinkedList[LinkedList::reverse()].JML normal_behavior operation contract.0 
163065     DEBUG main            d.u.i.k.p.i.IntermediateProofReplayer Proof replay took 6.1ns 
172504     INFO  main            d.u.i.k.p.r.p.TestFile    ... finished proof: closed. 
172788     INFO  main            d.u.i.k.p.i.AbstractProblemLoader Loading environment from /home/runner/work/key/key/key.core/../key.ui/examples/heap/vstte10_05_Queue/LinkedList_reverse.key.proof 
172793     DEBUG main            d.u.i.k.p.i.AbstractProblemLoader Environment load took 6ms 
172795     INFO  main            d.u.i.k.p.i.AbstractProblemLoader Creating init config 
175390     DEBUG main            d.u.i.k.p.i.AbstractProblemLoader Init config took 2.59s 
175436     INFO  main            d.u.i.k.p.i.AbstractProblemLoader Replaying proof LinkedList[LinkedList::reverse()].JML normal_behavior operation contract.0 
175940     DEBUG main            d.u.i.k.p.i.IntermediateProofReplayer Proof replay took 471.78ms 
175943     DEBUG main            d.u.i.k.p.r.p.TestFile    ... success: reloaded. 
175944     INFO  main            d.u.i.k.p.r.p.TestFile    Now processing file /home/runner/work/key/key/key.core/../key.ui/examples/heap/vstte10_05_Queue/LinkedList_tail.key 
175944     INFO  main            d.u.i.k.p.i.AbstractProblemLoader Loading environment from /home/runner/work/key/key/key.core/../key.ui/examples/heap/vstte10_05_Queue/LinkedList_tail.key 
175945     DEBUG main            d.u.i.k.p.i.AbstractProblemLoader Environment load took 230.01ns 
175946     INFO  main            d.u.i.k.p.i.AbstractProblemLoader Creating init config 
178569     DEBUG main            d.u.i.k.p.i.AbstractProblemLoader Init config took 2.62s 
178610     INFO  main            d.u.i.k.p.i.AbstractProblemLoader Replaying proof LinkedList[LinkedList::tail()].JML normal_behavior operation contract.0 
178611     DEBUG main            d.u.i.k.p.i.IntermediateProofReplayer Proof replay took 42.9ns 
179118     INFO  main            d.u.i.k.p.r.p.TestFile    ... finished proof: closed. 
179386     INFO  main            d.u.i.k.p.i.AbstractProblemLoader Loading environment from /home/runner/work/key/key/key.core/../key.ui/examples/heap/vstte10_05_Queue/LinkedList_tail.key.proof 
179387     DEBUG main            d.u.i.k.p.i.AbstractProblemLoader Environment load took 107.1ns 
179388     INFO  main            d.u.i.k.p.i.AbstractProblemLoader Creating init config 
181917     DEBUG main            d.u.i.k.p.i.AbstractProblemLoader Init config took 2.53s 
181969     INFO  main            d.u.i.k.p.i.AbstractProblemLoader Replaying proof LinkedList[LinkedList::tail()].JML normal_behavior operation contract.0 
182048     DEBUG main            d.u.i.k.p.i.IntermediateProofReplayer Proof replay took 75.63ms 
182049     DEBUG main            d.u.i.k.p.r.p.TestFile    ... success: reloaded. 
2324076    INFO  Test worker     d.u.i.k.p.r.RunAllProofsTestUnit Returning from test VSTTE10 
2324077    INFO  Test worker     d.u.i.k.p.r.RunAllProofsTestUnit Running test WeideEtAl 
341        INFO  Timeout watchdog d.u.i.k.p.r.p.ForkedTestFileRunner Timeout watcher launched (2000 secs.) 
354        WARN  main            d.u.i.k.s.ProofSettings   The settings in /home/runner/.key/proof-settings.props are *not* read. 
387        INFO  main            d.u.i.k.p.r.p.TestFile    Now processing file /home/runner/work/key/key/key.core/../key.ui/examples/heap/WeideEtAl_01_AddAndMultiply/AddAndMultiply_add.key 
496        INFO  main            d.u.i.k.p.i.AbstractProblemLoader Loading environment from /home/runner/work/key/key/key.core/../key.ui/examples/heap/WeideEtAl_01_AddAndMultiply/AddAndMultiply_add.key 
513        DEBUG main            d.u.i.k.p.i.AbstractProblemLoader Environment load took 2.18ms 
729        INFO  main            d.u.i.k.p.i.AbstractProblemLoader Creating init config 
1603       DEBUG main            d.u.i.k.j.TypeConverter   No LDT found for Meta 
1604       DEBUG main            d.u.i.k.j.TypeConverter   No LDT found for Meta 
1606       DEBUG main            d.u.i.k.j.TypeConverter   No LDT found for Meta 
1607       DEBUG main            d.u.i.k.j.TypeConverter   No LDT found for Meta 
3003       DEBUG main            d.u.i.k.j.TypeConverter   No LDT found for JavaBigintExpression 
7878       DEBUG main            d.u.i.k.p.i.AbstractProblemLoader Init config took 7.15s 
8011       INFO  main            d.u.i.k.p.i.AbstractProblemLoader Replaying proof AddAndMultiply[AddAndMultiply::add(int,int)].JML normal_behavior operation contract.0 
8050       DEBUG main            d.u.i.k.p.i.IntermediateProofReplayer Proof replay took 32.2ns 
9717       INFO  main            d.u.i.k.p.r.p.TestFile    ... finished proof: closed. 
9880       INFO  main            d.u.i.k.p.i.AbstractProblemLoader Loading environment from /home/runner/work/key/key/key.core/../key.ui/examples/heap/WeideEtAl_01_AddAndMultiply/AddAndMultiply_add.key.proof 
9880       DEBUG main            d.u.i.k.p.i.AbstractProblemLoader Environment load took 508.01ns 
9886       INFO  main            d.u.i.k.p.i.AbstractProblemLoader Creating init config 
12729      DEBUG main            d.u.i.k.p.i.AbstractProblemLoader Init config took 2.84s 
12787      INFO  main            d.u.i.k.p.i.AbstractProblemLoader Replaying proof AddAndMultiply[AddAndMultiply::add(int,int)].JML normal_behavior operation contract.0 
12967      DEBUG main            d.u.i.k.p.i.IntermediateProofReplayer Proof replay took 170.45ms 
12977      DEBUG main            d.u.i.k.p.r.p.TestFile    ... success: reloaded. 
12980      INFO  main            d.u.i.k.p.r.p.TestFile    Now processing file /home/runner/work/key/key/key.core/../key.ui/examples/heap/WeideEtAl_01_AddAndMultiply/AddAndMultiply_mul.key 
12980      INFO  main            d.u.i.k.p.i.AbstractProblemLoader Loading environment from /home/runner/work/key/key/key.core/../key.ui/examples/heap/WeideEtAl_01_AddAndMultiply/AddAndMultiply_mul.key 
12981      DEBUG main            d.u.i.k.p.i.AbstractProblemLoader Environment load took 241.5ns 
12984      INFO  main            d.u.i.k.p.i.AbstractProblemLoader Creating init config 
15708      DEBUG main            d.u.i.k.p.i.AbstractProblemLoader Init config took 2.72s 
15761      INFO  main            d.u.i.k.p.i.AbstractProblemLoader Replaying proof AddAndMultiply[AddAndMultiply::mul(int,int)].JML normal_behavior operation contract.0 
15764      DEBUG main            d.u.i.k.p.i.IntermediateProofReplayer Proof replay took 6.7ns 
16269      INFO  main            d.u.i.k.p.r.p.TestFile    ... finished proof: closed. 
16430      INFO  main            d.u.i.k.p.i.AbstractProblemLoader Loading environment from /home/runner/work/key/key/key.core/../key.ui/examples/heap/WeideEtAl_01_AddAndMultiply/AddAndMultiply_mul.key.proof 
16431      DEBUG main            d.u.i.k.p.i.AbstractProblemLoader Environment load took 443.61ns 
16433      INFO  main            d.u.i.k.p.i.AbstractProblemLoader Creating init config 
18998      DEBUG main            d.u.i.k.p.i.AbstractProblemLoader Init config took 2.57s 
19045      INFO  main            d.u.i.k.p.i.AbstractProblemLoader Replaying proof AddAndMultiply[AddAndMultiply::mul(int,int)].JML normal_behavior operation contract.0 
19146      DEBUG main            d.u.i.k.p.i.IntermediateProofReplayer Proof replay took 96.15ms 
19147      DEBUG main            d.u.i.k.p.r.p.TestFile    ... success: reloaded. 
19149      INFO  main            d.u.i.k.p.r.p.TestFile    Now processing file /home/runner/work/key/key/key.core/../key.ui/examples/heap/WeideEtAl_02_BinarySearch/BinarySearch_search.key 
19149      INFO  main            d.u.i.k.p.i.AbstractProblemLoader Loading environment from /home/runner/work/key/key/key.core/../key.ui/examples/heap/WeideEtAl_02_BinarySearch/BinarySearch_search.key 
19149      DEBUG main            d.u.i.k.p.i.AbstractProblemLoader Environment load took 234.2ns 
19150      INFO  main            d.u.i.k.p.i.AbstractProblemLoader Creating init config 
21808      DEBUG main            d.u.i.k.p.i.AbstractProblemLoader Init config took 2.66s 
21852      INFO  main            d.u.i.k.p.i.AbstractProblemLoader Replaying proof BinarySearch[BinarySearch::search([I,int)].JML normal_behavior operation contract.0 
21857      DEBUG main            d.u.i.k.p.i.IntermediateProofReplayer Proof replay took 5.6ns 
25220      INFO  main            d.u.i.k.p.r.p.TestFile    ... finished proof: closed. 
25438      INFO  main            d.u.i.k.p.i.AbstractProblemLoader Loading environment from /home/runner/work/key/key/key.core/../key.ui/examples/heap/WeideEtAl_02_BinarySearch/BinarySearch_search.key.proof 
25438      DEBUG main            d.u.i.k.p.i.AbstractProblemLoader Environment load took 420.41ns 
25440      INFO  main            d.u.i.k.p.i.AbstractProblemLoader Creating init config 
27996      DEBUG main            d.u.i.k.p.i.AbstractProblemLoader Init config took 2.56s 
28039      INFO  main            d.u.i.k.p.i.AbstractProblemLoader Replaying proof BinarySearch[BinarySearch::search([I,int)].JML normal_behavior operation contract.0 
28393      DEBUG main            d.u.i.k.p.i.IntermediateProofReplayer Proof replay took 336.91ms 
28395      DEBUG main            d.u.i.k.p.r.p.TestFile    ... success: reloaded. 
2352640    INFO  Test worker     d.u.i.k.p.r.RunAllProofsTestUnit Returning from test WeideEtAl 
2352641    INFO  Test worker     d.u.i.k.p.r.RunAllProofsTestUnit Running test arithmetic 
357        INFO  Timeout watchdog d.u.i.k.p.r.p.ForkedTestFileRunner Timeout watcher launched (2000 secs.) 
377        WARN  main            d.u.i.k.s.ProofSettings   The settings in /home/runner/.key/proof-settings.props are *not* read. 
420        INFO  main            d.u.i.k.p.r.p.TestFile    Now processing file /home/runner/work/key/key/key.core/../key.ui/examples/standard_key/arith/binomial1.key 
582        INFO  main            d.u.i.k.p.i.AbstractProblemLoader Loading environment from /home/runner/work/key/key/key.core/../key.ui/examples/standard_key/arith/binomial1.key 
599        DEBUG main            d.u.i.k.p.i.AbstractProblemLoader Environment load took 2.19ms 
844        INFO  main            d.u.i.k.p.i.AbstractProblemLoader Creating init config 
1616       DEBUG main            d.u.i.k.j.TypeConverter   No LDT found for Meta 
1617       DEBUG main            d.u.i.k.j.TypeConverter   No LDT found for Meta 
1618       DEBUG main            d.u.i.k.j.TypeConverter   No LDT found for Meta 
1618       DEBUG main            d.u.i.k.j.TypeConverter   No LDT found for Meta 
3031       DEBUG main            d.u.i.k.j.TypeConverter   No LDT found for JavaBigintExpression 
7604       DEBUG main            d.u.i.k.p.i.AbstractProblemLoader Init config took 6.76s 
7685       INFO  main            d.u.i.k.p.i.AbstractProblemLoader Replaying proof binomial1.key 
7724       DEBUG main            d.u.i.k.p.i.IntermediateProofReplayer Proof replay took 34.5ns 
8003       INFO  main            d.u.i.k.p.r.p.TestFile    ... finished proof: closed. 
8106       INFO  main            d.u.i.k.p.i.AbstractProblemLoader Loading environment from /home/runner/work/key/key/key.core/../key.ui/examples/standard_key/arith/binomial1.key.proof 
8106       DEBUG main            d.u.i.k.p.i.AbstractProblemLoader Environment load took 228ns 
8110       INFO  main            d.u.i.k.p.i.AbstractProblemLoader Creating init config 
10758      DEBUG main            d.u.i.k.p.i.AbstractProblemLoader Init config took 2.65s 
10789      INFO  main            d.u.i.k.p.i.AbstractProblemLoader Replaying proof binomial1.key.proof 
10802      DEBUG main            d.u.i.k.p.i.IntermediateProofReplayer Proof replay took 8.27ms 
10812      DEBUG main            d.u.i.k.p.r.p.TestFile    ... success: reloaded. 
10813      INFO  main            d.u.i.k.p.r.p.TestFile    Now processing file /home/runner/work/key/key/key.core/../key.ui/examples/standard_key/arith/binomial2.key 
10814      INFO  main            d.u.i.k.p.i.AbstractProblemLoader Loading environment from /home/runner/work/key/key/key.core/../key.ui/examples/standard_key/arith/binomial2.key 
10814      DEBUG main            d.u.i.k.p.i.AbstractProblemLoader Environment load took 237ns 
10816      INFO  main            d.u.i.k.p.i.AbstractProblemLoader Creating init config 
13301      DEBUG main            d.u.i.k.p.i.AbstractProblemLoader Init config took 2.49s 
13331      INFO  main            d.u.i.k.p.i.AbstractProblemLoader Replaying proof binomial2.key 
13335      DEBUG main            d.u.i.k.p.i.IntermediateProofReplayer Proof replay took 6.8ns 
13438      INFO  main            d.u.i.k.p.r.p.TestFile    ... finished proof: closed. 
13564      INFO  main            d.u.i.k.p.i.AbstractProblemLoader Loading environment from /home/runner/work/key/key/key.core/../key.ui/examples/standard_key/arith/binomial2.key.proof 
13564      DEBUG main            d.u.i.k.p.i.AbstractProblemLoader Environment load took 133.2ns 
13567      INFO  main            d.u.i.k.p.i.AbstractProblemLoader Creating init config 
16049      DEBUG main            d.u.i.k.p.i.AbstractProblemLoader Init config took 2.48s 
16080      INFO  main            d.u.i.k.p.i.AbstractProblemLoader Replaying proof binomial2.key.proof 
16099      DEBUG main            d.u.i.k.p.i.IntermediateProofReplayer Proof replay took 15ms 
16102      DEBUG main            d.u.i.k.p.r.p.TestFile    ... success: reloaded. 
16108      INFO  main            d.u.i.k.p.r.p.TestFile    Now processing file /home/runner/work/key/key/key.core/../key.ui/examples/standard_key/arith/check_jdiv.key 
16108      INFO  main            d.u.i.k.p.i.AbstractProblemLoader Loading environment from /home/runner/work/key/key/key.core/../key.ui/examples/standard_key/arith/check_jdiv.key 
16108      DEBUG main            d.u.i.k.p.i.AbstractProblemLoader Environment load took 242.8ns 
16111      INFO  main            d.u.i.k.p.i.AbstractProblemLoader Creating init config 
18601      DEBUG main            d.u.i.k.p.i.AbstractProblemLoader Init config took 2.49s 
18623      INFO  main            d.u.i.k.p.i.AbstractProblemLoader Replaying proof check_jdiv.key 
18627      DEBUG main            d.u.i.k.p.i.IntermediateProofReplayer Proof replay took 7.1ns 
24196      INFO  main            d.u.i.k.p.r.p.TestFile    ... finished proof: closed. 
24398      INFO  main            d.u.i.k.p.i.AbstractProblemLoader Loading environment from /home/runner/work/key/key/key.core/../key.ui/examples/standard_key/arith/check_jdiv.key.proof 
24398      DEBUG main            d.u.i.k.p.i.AbstractProblemLoader Environment load took 446.5ns 
24405      INFO  main            d.u.i.k.p.i.AbstractProblemLoader Creating init config 
26800      DEBUG main            d.u.i.k.p.i.AbstractProblemLoader Init config took 2.39s 
26826      INFO  main            d.u.i.k.p.i.AbstractProblemLoader Replaying proof check_jdiv.key.proof 
27159      DEBUG main            d.u.i.k.p.i.IntermediateProofReplayer Proof replay took 281.43ms 
27161      DEBUG main            d.u.i.k.p.r.p.TestFile    ... success: reloaded. 
27163      INFO  main            d.u.i.k.p.r.p.TestFile    Now processing file /home/runner/work/key/key/key.core/../key.ui/examples/standard_key/arith/check_jdiv_concrete.key 
27163      INFO  main            d.u.i.k.p.i.AbstractProblemLoader Loading environment from /home/runner/work/key/key/key.core/../key.ui/examples/standard_key/arith/check_jdiv_concrete.key 
27164      DEBUG main            d.u.i.k.p.i.AbstractProblemLoader Environment load took 240.2ns 
27166      INFO  main            d.u.i.k.p.i.AbstractProblemLoader Creating init config 
29605      DEBUG main            d.u.i.k.p.i.AbstractProblemLoader Init config took 2.44s 
29624      INFO  main            d.u.i.k.p.i.AbstractProblemLoader Replaying proof check_jdiv_concrete.key 
29626      DEBUG main            d.u.i.k.p.i.IntermediateProofReplayer Proof replay took 5.7ns 
29729      INFO  main            d.u.i.k.p.r.p.TestFile    ... finished proof: closed. 
29959      INFO  main            d.u.i.k.p.i.AbstractProblemLoader Loading environment from /home/runner/work/key/key/key.core/../key.ui/examples/standard_key/arith/check_jdiv_concrete.key.proof 
29959      DEBUG main            d.u.i.k.p.i.AbstractProblemLoader Environment load took 126.5ns 
29960      INFO  main            d.u.i.k.p.i.AbstractProblemLoader Creating init config 
32336      DEBUG main            d.u.i.k.p.i.AbstractProblemLoader Init config took 2.38s 
32356      INFO  main            d.u.i.k.p.i.AbstractProblemLoader Replaying proof check_jdiv_concrete.key.proof 
32360      DEBUG main            d.u.i.k.p.i.IntermediateProofReplayer Proof replay took 2.45ms 
32361      DEBUG main            d.u.i.k.p.r.p.TestFile    ... success: reloaded. 
32362      INFO  main            d.u.i.k.p.r.p.TestFile    Now processing file /home/runner/work/key/key/key.core/../key.ui/examples/standard_key/arith/check_jdiv_instantiated.key 
32363      INFO  main            d.u.i.k.p.i.AbstractProblemLoader Loading environment from /home/runner/work/key/key/key.core/../key.ui/examples/standard_key/arith/check_jdiv_instantiated.key 
32363      DEBUG main            d.u.i.k.p.i.AbstractProblemLoader Environment load took 213.6ns 
32365      INFO  main            d.u.i.k.p.i.AbstractProblemLoader Creating init config 
34755      DEBUG main            d.u.i.k.p.i.AbstractProblemLoader Init config took 2.39s 
34775      INFO  main            d.u.i.k.p.i.AbstractProblemLoader Replaying proof check_jdiv_instantiated.key 
34777      DEBUG main            d.u.i.k.p.i.IntermediateProofReplayer Proof replay took 6.8ns 
38125      INFO  main            d.u.i.k.p.r.p.TestFile    ... finished proof: closed. 
38362      INFO  main            d.u.i.k.p.i.AbstractProblemLoader Loading environment from /home/runner/work/key/key/key.core/../key.ui/examples/standard_key/arith/check_jdiv_instantiated.key.proof 
38363      DEBUG main            d.u.i.k.p.i.AbstractProblemLoader Environment load took 474.9ns 
38365      INFO  main            d.u.i.k.p.i.AbstractProblemLoader Creating init config 
40725      DEBUG main            d.u.i.k.p.i.AbstractProblemLoader Init config took 2.36s 
40746      INFO  main            d.u.i.k.p.i.AbstractProblemLoader Replaying proof check_jdiv_instantiated.key.proof 
40927      DEBUG main            d.u.i.k.p.i.IntermediateProofReplayer Proof replay took 141.34ms 
40930      DEBUG main            d.u.i.k.p.r.p.TestFile    ... success: reloaded. 
40931      INFO  main            d.u.i.k.p.r.p.TestFile    Now processing file /home/runner/work/key/key/key.core/../key.ui/examples/standard_key/arith/check_jmod.key 
40932      INFO  main            d.u.i.k.p.i.AbstractProblemLoader Loading environment from /home/runner/work/key/key/key.core/../key.ui/examples/standard_key/arith/check_jmod.key 
40933      DEBUG main            d.u.i.k.p.i.AbstractProblemLoader Environment load took 237.6ns 
40935      INFO  main            d.u.i.k.p.i.AbstractProblemLoader Creating init config 
43304      DEBUG main            d.u.i.k.p.i.AbstractProblemLoader Init config took 2.37s 
43322      INFO  main            d.u.i.k.p.i.AbstractProblemLoader Replaying proof check_jmod.key 
43324      DEBUG main            d.u.i.k.p.i.IntermediateProofReplayer Proof replay took 6.3ns 
43931      INFO  main            d.u.i.k.p.r.p.TestFile    ... finished proof: closed. 
44157      INFO  main            d.u.i.k.p.i.AbstractProblemLoader Loading environment from /home/runner/work/key/key/key.core/../key.ui/examples/standard_key/arith/check_jmod.key.proof 
44157      DEBUG main            d.u.i.k.p.i.AbstractProblemLoader Environment load took 547.61ns 
44159      INFO  main            d.u.i.k.p.i.AbstractProblemLoader Creating init config 
46477      DEBUG main            d.u.i.k.p.i.AbstractProblemLoader Init config took 2.32s 
46494      INFO  main            d.u.i.k.p.i.AbstractProblemLoader Replaying proof check_jmod.key.proof 
46525      DEBUG main            d.u.i.k.p.i.IntermediateProofReplayer Proof replay took 25.63ms 
46527      DEBUG main            d.u.i.k.p.r.p.TestFile    ... success: reloaded. 
46528      INFO  main            d.u.i.k.p.r.p.TestFile    Now processing file /home/runner/work/key/key/key.core/../key.ui/examples/standard_key/arith/complexExpressions.key 
46528      INFO  main            d.u.i.k.p.i.AbstractProblemLoader Loading environment from /home/runner/work/key/key/key.core/../key.ui/examples/standard_key/arith/complexExpressions.key 
46529      DEBUG main            d.u.i.k.p.i.AbstractProblemLoader Environment load took 220.9ns 
46530      INFO  main            d.u.i.k.p.i.AbstractProblemLoader Creating init config 
48844      DEBUG main            d.u.i.k.p.i.AbstractProblemLoader Init config took 2.31s 
48865      INFO  main            d.u.i.k.p.i.AbstractProblemLoader Replaying proof complexExpressions.key 
48867      DEBUG main            d.u.i.k.p.i.IntermediateProofReplayer Proof replay took 6.5ns 
48976      INFO  main            d.u.i.k.p.r.p.TestFile    ... finished proof: closed. 
49155      INFO  main            d.u.i.k.p.i.AbstractProblemLoader Loading environment from /home/runner/work/key/key/key.core/../key.ui/examples/standard_key/arith/complexExpressions.key.proof 
49157      DEBUG main            d.u.i.k.p.i.AbstractProblemLoader Environment load took 1.28ms 
49159      INFO  main            d.u.i.k.p.i.AbstractProblemLoader Creating init config 
51493      DEBUG main            d.u.i.k.p.i.AbstractProblemLoader Init config took 2.33s 
51512      INFO  main            d.u.i.k.p.i.AbstractProblemLoader Replaying proof complexExpressions.key.proof 
51522      DEBUG main            d.u.i.k.p.i.IntermediateProofReplayer Proof replay took 7.85ms 
51523      DEBUG main            d.u.i.k.p.r.p.TestFile    ... success: reloaded. 
51524      INFO  main            d.u.i.k.p.r.p.TestFile    Now processing file /home/runner/work/key/key/key.core/../key.ui/examples/standard_key/arith/compound_unaryMinus.key 
51524      INFO  main            d.u.i.k.p.i.AbstractProblemLoader Loading environment from /home/runner/work/key/key/key.core/../key.ui/examples/standard_key/arith/compound_unaryMinus.key 
51524      DEBUG main            d.u.i.k.p.i.AbstractProblemLoader Environment load took 92.2ns 
51525      INFO  main            d.u.i.k.p.i.AbstractProblemLoader Creating init config 
53894      DEBUG main            d.u.i.k.p.i.AbstractProblemLoader Init config took 2.37s 
53912      INFO  main            d.u.i.k.p.i.AbstractProblemLoader Replaying proof compound_unaryMinus.key 
53914      DEBUG main            d.u.i.k.p.i.IntermediateProofReplayer Proof replay took 6.5ns 
54016      INFO  main            d.u.i.k.p.r.p.TestFile    ... finished proof: closed. 
54206      INFO  main            d.u.i.k.p.i.AbstractProblemLoader Loading environment from /home/runner/work/key/key/key.core/../key.ui/examples/standard_key/arith/compound_unaryMinus.key.proof 
54206      DEBUG main            d.u.i.k.p.i.AbstractProblemLoader Environment load took 134.2ns 
54207      INFO  main            d.u.i.k.p.i.AbstractProblemLoader Creating init config 
56502      DEBUG main            d.u.i.k.p.i.AbstractProblemLoader Init config took 2.29s 
56519      INFO  main            d.u.i.k.p.i.AbstractProblemLoader Replaying proof compound_unaryMinus.key.proof 
56524      DEBUG main            d.u.i.k.p.i.IntermediateProofReplayer Proof replay took 3.1ms 
56525      DEBUG main            d.u.i.k.p.r.p.TestFile    ... success: reloaded. 
56526      INFO  main            d.u.i.k.p.r.p.TestFile    Now processing file /home/runner/work/key/key/key.core/../key.ui/examples/standard_key/arith/computation.key 
56526      INFO  main            d.u.i.k.p.i.AbstractProblemLoader Loading environment from /home/runner/work/key/key/key.core/../key.ui/examples/standard_key/arith/computation.key 
56526      DEBUG main            d.u.i.k.p.i.AbstractProblemLoader Environment load took 109.3ns 
56527      INFO  main            d.u.i.k.p.i.AbstractProblemLoader Creating init config 
58880      DEBUG main            d.u.i.k.p.i.AbstractProblemLoader Init config took 2.35s 
58898      INFO  main            d.u.i.k.p.i.AbstractProblemLoader Replaying proof computation.key 
58900      DEBUG main            d.u.i.k.p.i.IntermediateProofReplayer Proof replay took 6.8ns 
60466      INFO  main            d.u.i.k.p.r.p.TestFile    ... finished proof: closed. 
60701      INFO  main            d.u.i.k.p.i.AbstractProblemLoader Loading environment from /home/runner/work/key/key/key.core/../key.ui/examples/standard_key/arith/computation.key.proof 
60702      DEBUG main            d.u.i.k.p.i.AbstractProblemLoader Environment load took 444.81ns 
60703      INFO  main            d.u.i.k.p.i.AbstractProblemLoader Creating init config 
62965      DEBUG main            d.u.i.k.p.i.AbstractProblemLoader Init config took 2.26s 
62983      INFO  main            d.u.i.k.p.i.AbstractProblemLoader Replaying proof computation.key.proof 
63048      DEBUG main            d.u.i.k.p.i.IntermediateProofReplayer Proof replay took 59.83ms 
63049      DEBUG main            d.u.i.k.p.r.p.TestFile    ... success: reloaded. 
63051      INFO  main            d.u.i.k.p.r.p.TestFile    Now processing file /home/runner/work/key/key/key.core/../key.ui/examples/standard_key/arith/cubicSum.key 
63051      INFO  main            d.u.i.k.p.i.AbstractProblemLoader Loading environment from /home/runner/work/key/key/key.core/../key.ui/examples/standard_key/arith/cubicSum.key 
63051      DEBUG main            d.u.i.k.p.i.AbstractProblemLoader Environment load took 223.2ns 
63053      INFO  main            d.u.i.k.p.i.AbstractProblemLoader Creating init config 
65640      DEBUG main            d.u.i.k.p.i.AbstractProblemLoader Init config took 2.59s 
65658      INFO  main            d.u.i.k.p.i.AbstractProblemLoader Replaying proof cubicSum.key 
65660      DEBUG main            d.u.i.k.p.i.IntermediateProofReplayer Proof replay took 6.7ns 
66673      INFO  main            d.u.i.k.p.r.p.TestFile    ... finished proof: closed. 
66954      INFO  main            d.u.i.k.p.i.AbstractProblemLoader Loading environment from /home/runner/work/key/key/key.core/../key.ui/examples/standard_key/arith/cubicSum.key.proof 
66955      DEBUG main            d.u.i.k.p.i.AbstractProblemLoader Environment load took 576.21ns 
66956      INFO  main            d.u.i.k.p.i.AbstractProblemLoader Creating init config 
69402      DEBUG main            d.u.i.k.p.i.AbstractProblemLoader Init config took 2.45s 
69419      INFO  main            d.u.i.k.p.i.AbstractProblemLoader Replaying proof cubicSum.key.proof 
69491      DEBUG main            d.u.i.k.p.i.IntermediateProofReplayer Proof replay took 67.94ms 
69492      DEBUG main            d.u.i.k.p.r.p.TestFile    ... success: reloaded. 
69494      INFO  main            d.u.i.k.p.r.p.TestFile    Now processing file /home/runner/work/key/key/key.core/../key.ui/examples/standard_key/arith/divByZero.key 
69494      INFO  main            d.u.i.k.p.i.AbstractProblemLoader Loading environment from /home/runner/work/key/key/key.core/../key.ui/examples/standard_key/arith/divByZero.key 
69494      DEBUG main            d.u.i.k.p.i.AbstractProblemLoader Environment load took 224.7ns 
69495      INFO  main            d.u.i.k.p.i.AbstractProblemLoader Creating init config 
71873      DEBUG main            d.u.i.k.p.i.AbstractProblemLoader Init config took 2.38s 
71890      INFO  main            d.u.i.k.p.i.AbstractProblemLoader Replaying proof divByZero.key 
71892      DEBUG main            d.u.i.k.p.i.IntermediateProofReplayer Proof replay took 7.1ns 
72094      INFO  main            d.u.i.k.p.r.p.TestFile    ... finished proof: closed. 
72327      INFO  main            d.u.i.k.p.i.AbstractProblemLoader Loading environment from /home/runner/work/key/key/key.core/../key.ui/examples/standard_key/arith/divByZero.key.proof 
72327      DEBUG main            d.u.i.k.p.i.AbstractProblemLoader Environment load took 141.5ns 
72329      INFO  main            d.u.i.k.p.i.AbstractProblemLoader Creating init config 
74716      DEBUG main            d.u.i.k.p.i.AbstractProblemLoader Init config took 2.39s 
74732      INFO  main            d.u.i.k.p.i.AbstractProblemLoader Replaying proof divByZero.key.proof 
74771      DEBUG main            d.u.i.k.p.i.IntermediateProofReplayer Proof replay took 33.54ms 
74773      DEBUG main            d.u.i.k.p.r.p.TestFile    ... success: reloaded. 
74774      INFO  main            d.u.i.k.p.r.p.TestFile    Now processing file /home/runner/work/key/key/key.core/../key.ui/examples/standard_key/arith/divisionAssoc.key 
74774      INFO  main            d.u.i.k.p.i.AbstractProblemLoader Loading environment from /home/runner/work/key/key/key.core/../key.ui/examples/standard_key/arith/divisionAssoc.key 
74774      DEBUG main            d.u.i.k.p.i.AbstractProblemLoader Environment load took 119.8ns 
74775      INFO  main            d.u.i.k.p.i.AbstractProblemLoader Creating init config 
77193      DEBUG main            d.u.i.k.p.i.AbstractProblemLoader Init config took 2.42s 
77208      INFO  main            d.u.i.k.p.i.AbstractProblemLoader Replaying proof divisionAssoc.key 
77210      DEBUG main            d.u.i.k.p.i.IntermediateProofReplayer Proof replay took 6.1ns 
77915      INFO  main            d.u.i.k.p.r.p.TestFile    ... finished proof: closed. 
78129      INFO  main            d.u.i.k.p.i.AbstractProblemLoader Loading environment from /home/runner/work/key/key/key.core/../key.ui/examples/standard_key/arith/divisionAssoc.key.proof 
78129      DEBUG main            d.u.i.k.p.i.AbstractProblemLoader Environment load took 450.81ns 
78131      INFO  main            d.u.i.k.p.i.AbstractProblemLoader Creating init config 
80460      DEBUG main            d.u.i.k.p.i.AbstractProblemLoader Init config took 2.33s 
80474      INFO  main            d.u.i.k.p.i.AbstractProblemLoader Replaying proof divisionAssoc.key.proof 
80517      DEBUG main            d.u.i.k.p.i.IntermediateProofReplayer Proof replay took 36.91ms 
80518      DEBUG main            d.u.i.k.p.r.p.TestFile    ... success: reloaded. 
80519      INFO  main            d.u.i.k.p.r.p.TestFile    Now processing file /home/runner/work/key/key/key.core/../key.ui/examples/standard_key/arith/divisionBy2.key 
80519      INFO  main            d.u.i.k.p.i.AbstractProblemLoader Loading environment from /home/runner/work/key/key/key.core/../key.ui/examples/standard_key/arith/divisionBy2.key 
80520      DEBUG main            d.u.i.k.p.i.AbstractProblemLoader Environment load took 232.5ns 
80521      INFO  main            d.u.i.k.p.i.AbstractProblemLoader Creating init config 
82917      DEBUG main            d.u.i.k.p.i.AbstractProblemLoader Init config took 2.4s 
82931      INFO  main            d.u.i.k.p.i.AbstractProblemLoader Replaying proof divisionBy2.key 
82933      DEBUG main            d.u.i.k.p.i.IntermediateProofReplayer Proof replay took 6.7ns 
83035      INFO  main            d.u.i.k.p.r.p.TestFile    ... finished proof: closed. 
83245      INFO  main            d.u.i.k.p.i.AbstractProblemLoader Loading environment from /home/runner/work/key/key/key.core/../key.ui/examples/standard_key/arith/divisionBy2.key.proof 
83245      DEBUG main            d.u.i.k.p.i.AbstractProblemLoader Environment load took 121.5ns 
83246      INFO  main            d.u.i.k.p.i.AbstractProblemLoader Creating init config 
85600      DEBUG main            d.u.i.k.p.i.AbstractProblemLoader Init config took 2.35s 
85616      INFO  main            d.u.i.k.p.i.AbstractProblemLoader Replaying proof divisionBy2.key.proof 
85622      DEBUG main            d.u.i.k.p.i.IntermediateProofReplayer Proof replay took 4.77ms 
85624      DEBUG main            d.u.i.k.p.r.p.TestFile    ... success: reloaded. 
85624      INFO  main            d.u.i.k.p.r.p.TestFile    Now processing file /home/runner/work/key/key/key.core/../key.ui/examples/standard_key/arith/euclidean/gcdHelp-post.key 
85625      INFO  main            d.u.i.k.p.i.AbstractProblemLoader Loading environment from /home/runner/work/key/key/key.core/../key.ui/examples/standard_key/arith/euclidean/gcdHelp-post.key 
85625      DEBUG main            d.u.i.k.p.i.AbstractProblemLoader Environment load took 236.2ns 
85626      INFO  main            d.u.i.k.p.i.AbstractProblemLoader Creating init config 
88168      DEBUG main            d.u.i.k.p.i.AbstractProblemLoader Init config took 2.54s 
88184      INFO  main            d.u.i.k.p.i.AbstractProblemLoader Replaying proof gcdHelp-post.key 
88185      DEBUG main            d.u.i.k.p.i.IntermediateProofReplayer Proof replay took 6.5ns 
91635      INFO  main            d.u.i.k.p.r.p.TestFile    ... finished proof: closed. 
91890      INFO  main            d.u.i.k.p.i.AbstractProblemLoader Loading environment from /home/runner/work/key/key/key.core/../key.ui/examples/standard_key/arith/euclidean/gcdHelp-post.key.proof 
91891      DEBUG main            d.u.i.k.p.i.AbstractProblemLoader Environment load took 423.11ns 
91892      INFO  main            d.u.i.k.p.i.AbstractProblemLoader Creating init config 
94313      DEBUG main            d.u.i.k.p.i.AbstractProblemLoader Init config took 2.42s 
94329      INFO  main            d.u.i.k.p.i.AbstractProblemLoader Replaying proof gcdHelp-post.key.proof 
94487      DEBUG main            d.u.i.k.p.i.IntermediateProofReplayer Proof replay took 147.61ms 
94489      DEBUG main            d.u.i.k.p.r.p.TestFile    ... success: reloaded. 
94491      INFO  main            d.u.i.k.p.r.p.TestFile    Now processing file /home/runner/work/key/key/key.core/../key.ui/examples/standard_key/arith/gemplusDecimal/add.key 
94492      INFO  main            d.u.i.k.p.i.AbstractProblemLoader Loading environment from /home/runner/work/key/key/key.core/../key.ui/examples/standard_key/arith/gemplusDecimal/add.key 
94492      DEBUG main            d.u.i.k.p.i.AbstractProblemLoader Environment load took 134.5ns 
94494      INFO  main            d.u.i.k.p.i.AbstractProblemLoader Creating init config 
96975      DEBUG main            d.u.i.k.p.i.AbstractProblemLoader Init config took 2.48s 
96992      INFO  main            d.u.i.k.p.i.AbstractProblemLoader Replaying proof add.key 
96993      DEBUG main            d.u.i.k.p.i.IntermediateProofReplayer Proof replay took 5.7ns 
140984     INFO  main            d.u.i.k.p.r.p.TestFile    ... finished proof: closed. 
141376     INFO  main            d.u.i.k.p.i.AbstractProblemLoader Loading environment from /home/runner/work/key/key/key.core/../key.ui/examples/standard_key/arith/gemplusDecimal/add.key.proof 
141377     DEBUG main            d.u.i.k.p.i.AbstractProblemLoader Environment load took 461.5ns 
141386     INFO  main            d.u.i.k.p.i.AbstractProblemLoader Creating init config 
143816     DEBUG main            d.u.i.k.p.i.AbstractProblemLoader Init config took 2.43s 
143832     INFO  main            d.u.i.k.p.i.AbstractProblemLoader Replaying proof add.key.proof 
145908     DEBUG main            d.u.i.k.p.i.IntermediateProofReplayer Proof replay took 1.96s 
145917     DEBUG main            d.u.i.k.p.r.p.TestFile    ... success: reloaded. 
145918     INFO  main            d.u.i.k.p.r.p.TestFile    Now processing file /home/runner/work/key/key/key.core/../key.ui/examples/standard_key/arith/jdivevenodd.key 
145918     INFO  main            d.u.i.k.p.i.AbstractProblemLoader Loading environment from /home/runner/work/key/key/key.core/../key.ui/examples/standard_key/arith/jdivevenodd.key 
145918     DEBUG main            d.u.i.k.p.i.AbstractProblemLoader Environment load took 109.1ns 
145919     INFO  main            d.u.i.k.p.i.AbstractProblemLoader Creating init config 
148385     DEBUG main            d.u.i.k.p.i.AbstractProblemLoader Init config took 2.47s 
148399     INFO  main            d.u.i.k.p.i.AbstractProblemLoader Replaying proof jdivevenodd.key 
148401     DEBUG main            d.u.i.k.p.i.IntermediateProofReplayer Proof replay took 6.4ns 
148603     INFO  main            d.u.i.k.p.r.p.TestFile    ... finished proof: closed. 
148954     INFO  main            d.u.i.k.p.i.AbstractProblemLoader Loading environment from /home/runner/work/key/key/key.core/../key.ui/examples/standard_key/arith/jdivevenodd.key.proof 
148954     DEBUG main            d.u.i.k.p.i.AbstractProblemLoader Environment load took 167ns 
148956     INFO  main            d.u.i.k.p.i.AbstractProblemLoader Creating init config 
151313     DEBUG main            d.u.i.k.p.i.AbstractProblemLoader Init config took 2.36s 
151327     INFO  main            d.u.i.k.p.i.AbstractProblemLoader Replaying proof jdivevenodd.key.proof 
151337     DEBUG main            d.u.i.k.p.i.IntermediateProofReplayer Proof replay took 7.69ms 
151338     DEBUG main            d.u.i.k.p.r.p.TestFile    ... success: reloaded. 
151339     INFO  main            d.u.i.k.p.r.p.TestFile    Now processing file /home/runner/work/key/key/key.core/../key.ui/examples/standard_key/arith/median.key 
151339     INFO  main            d.u.i.k.p.i.AbstractProblemLoader Loading environment from /home/runner/work/key/key/key.core/../key.ui/examples/standard_key/arith/median.key 
151339     DEBUG main            d.u.i.k.p.i.AbstractProblemLoader Environment load took 86.2ns 
151340     INFO  main            d.u.i.k.p.i.AbstractProblemLoader Creating init config 
153657     DEBUG main            d.u.i.k.p.i.AbstractProblemLoader Init config took 2.32s 
153677     INFO  main            d.u.i.k.p.i.AbstractProblemLoader Replaying proof median.key 
153680     DEBUG main            d.u.i.k.p.i.IntermediateProofReplayer Proof replay took 6.9ns 
168781     INFO  main            d.u.i.k.p.r.p.TestFile    ... finished proof: closed. 
169101     INFO  main            d.u.i.k.p.i.AbstractProblemLoader Loading environment from /home/runner/work/key/key/key.core/../key.ui/examples/standard_key/arith/median.key.proof 
169102     DEBUG main            d.u.i.k.p.i.AbstractProblemLoader Environment load took 512.61ns 
169105     INFO  main            d.u.i.k.p.i.AbstractProblemLoader Creating init config 
171408     DEBUG main            d.u.i.k.p.i.AbstractProblemLoader Init config took 2.3s 
171439     INFO  main            d.u.i.k.p.i.AbstractProblemLoader Replaying proof median.key.proof 
172049     DEBUG main            d.u.i.k.p.i.IntermediateProofReplayer Proof replay took 522.98ms 
172052     DEBUG main            d.u.i.k.p.r.p.TestFile    ... success: reloaded. 
172053     INFO  main            d.u.i.k.p.r.p.TestFile    Now processing file /home/runner/work/key/key/key.core/../key.ui/examples/standard_key/arith/mod1.key 
172053     INFO  main            d.u.i.k.p.i.AbstractProblemLoader Loading environment from /home/runner/work/key/key/key.core/../key.ui/examples/standard_key/arith/mod1.key 
172054     DEBUG main            d.u.i.k.p.i.AbstractProblemLoader Environment load took 103.3ns 
172055     INFO  main            d.u.i.k.p.i.AbstractProblemLoader Creating init config 
174391     DEBUG main            d.u.i.k.p.i.AbstractProblemLoader Init config took 2.34s 
174405     INFO  main            d.u.i.k.p.i.AbstractProblemLoader Replaying proof mod1.key 
174406     DEBUG main            d.u.i.k.p.i.IntermediateProofReplayer Proof replay took 6.7ns 
174509     INFO  main            d.u.i.k.p.r.p.TestFile    ... finished proof: closed. 
174807     INFO  main            d.u.i.k.p.i.AbstractProblemLoader Loading environment from /home/runner/work/key/key/key.core/../key.ui/examples/standard_key/arith/mod1.key.proof 
174807     DEBUG main            d.u.i.k.p.i.AbstractProblemLoader Environment load took 116.4ns 
174808     INFO  main            d.u.i.k.p.i.AbstractProblemLoader Creating init config 
177140     DEBUG main            d.u.i.k.p.i.AbstractProblemLoader Init config took 2.33s 
177153     INFO  main            d.u.i.k.p.i.AbstractProblemLoader Replaying proof mod1.key.proof 
177156     DEBUG main            d.u.i.k.p.i.IntermediateProofReplayer Proof replay took 1.53ms 
177157     DEBUG main            d.u.i.k.p.r.p.TestFile    ... success: reloaded. 
177158     INFO  main            d.u.i.k.p.r.p.TestFile    Now processing file /home/runner/work/key/key/key.core/../key.ui/examples/standard_key/arith/mod2.key 
177158     INFO  main            d.u.i.k.p.i.AbstractProblemLoader Loading environment from /home/runner/work/key/key/key.core/../key.ui/examples/standard_key/arith/mod2.key 
177158     DEBUG main            d.u.i.k.p.i.AbstractProblemLoader Environment load took 83.8ns 
177159     INFO  main            d.u.i.k.p.i.AbstractProblemLoader Creating init config 
179468     DEBUG main            d.u.i.k.p.i.AbstractProblemLoader Init config took 2.31s 
179482     INFO  main            d.u.i.k.p.i.AbstractProblemLoader Replaying proof mod2.key 
179483     DEBUG main            d.u.i.k.p.i.IntermediateProofReplayer Proof replay took 5.9ns 
179589     INFO  main            d.u.i.k.p.r.p.TestFile    ... finished proof: closed. 
179825     INFO  main            d.u.i.k.p.i.AbstractProblemLoader Loading environment from /home/runner/work/key/key/key.core/../key.ui/examples/standard_key/arith/mod2.key.proof 
179825     DEBUG main            d.u.i.k.p.i.AbstractProblemLoader Environment load took 112ns 
179826     INFO  main            d.u.i.k.p.i.AbstractProblemLoader Creating init config 
182115     DEBUG main            d.u.i.k.p.i.AbstractProblemLoader Init config took 2.29s 
182128     INFO  main            d.u.i.k.p.i.AbstractProblemLoader Replaying proof mod2.key.proof 
182131     DEBUG main            d.u.i.k.p.i.IntermediateProofReplayer Proof replay took 1.28ms 
182132     DEBUG main            d.u.i.k.p.r.p.TestFile    ... success: reloaded. 
182133     INFO  main            d.u.i.k.p.r.p.TestFile    Now processing file /home/runner/work/key/key/key.core/../key.ui/examples/standard_key/arith/mod7.key 
182133     INFO  main            d.u.i.k.p.i.AbstractProblemLoader Loading environment from /home/runner/work/key/key/key.core/../key.ui/examples/standard_key/arith/mod7.key 
182133     DEBUG main            d.u.i.k.p.i.AbstractProblemLoader Environment load took 85.6ns 
182134     INFO  main            d.u.i.k.p.i.AbstractProblemLoader Creating init config 
184490     DEBUG main            d.u.i.k.p.i.AbstractProblemLoader Init config took 2.36s 
184504     INFO  main            d.u.i.k.p.i.AbstractProblemLoader Replaying proof mod7.key 
184505     DEBUG main            d.u.i.k.p.i.IntermediateProofReplayer Proof replay took 6ns 
184607     INFO  main            d.u.i.k.p.r.p.TestFile    ... finished proof: closed. 
184839     INFO  main            d.u.i.k.p.i.AbstractProblemLoader Loading environment from /home/runner/work/key/key/key.core/../key.ui/examples/standard_key/arith/mod7.key.proof 
184839     DEBUG main            d.u.i.k.p.i.AbstractProblemLoader Environment load took 117.1ns 
184840     INFO  main            d.u.i.k.p.i.AbstractProblemLoader Creating init config 
187147     DEBUG main            d.u.i.k.p.i.AbstractProblemLoader Init config took 2.31s 
187164     INFO  main            d.u.i.k.p.i.AbstractProblemLoader Replaying proof mod7.key.proof 
187170     DEBUG main            d.u.i.k.p.i.IntermediateProofReplayer Proof replay took 4.05ms 
187171     DEBUG main            d.u.i.k.p.r.p.TestFile    ... success: reloaded. 
187171     INFO  main            d.u.i.k.p.r.p.TestFile    Now processing file /home/runner/work/key/key/key.core/../key.ui/examples/standard_key/arith/overflow_hija.key 
187171     INFO  main            d.u.i.k.p.i.AbstractProblemLoader Loading environment from /home/runner/work/key/key/key.core/../key.ui/examples/standard_key/arith/overflow_hija.key 
187172     DEBUG main            d.u.i.k.p.i.AbstractProblemLoader Environment load took 76.2ns 
187173     INFO  main            d.u.i.k.p.i.AbstractProblemLoader Creating init config 
189560     DEBUG main            d.u.i.k.p.i.AbstractProblemLoader Init config took 2.39s 
189576     INFO  main            d.u.i.k.p.i.AbstractProblemLoader Replaying proof overflow_hija.key 
189578     DEBUG main            d.u.i.k.p.i.IntermediateProofReplayer Proof replay took 6.1ns 
194241     INFO  main            d.u.i.k.p.r.p.TestFile    ... finished proof: closed. 
194528     INFO  main            d.u.i.k.p.i.AbstractProblemLoader Loading environment from /home/runner/work/key/key/key.core/../key.ui/examples/standard_key/arith/overflow_hija.key.proof 
194528     DEBUG main            d.u.i.k.p.i.AbstractProblemLoader Environment load took 211.7ns 
194530     INFO  main            d.u.i.k.p.i.AbstractProblemLoader Creating init config 
196846     DEBUG main            d.u.i.k.p.i.AbstractProblemLoader Init config took 2.32s 
196877     INFO  main            d.u.i.k.p.i.AbstractProblemLoader Replaying proof overflow_hija.key.proof 
197033     DEBUG main            d.u.i.k.p.i.IntermediateProofReplayer Proof replay took 145.86ms 
197035     DEBUG main            d.u.i.k.p.r.p.TestFile    ... success: reloaded. 
197037     INFO  main            d.u.i.k.p.r.p.TestFile    Now processing file /home/runner/work/key/key/key.core/../key.ui/examples/standard_key/arith/poly_division0.key 
197037     INFO  main            d.u.i.k.p.i.AbstractProblemLoader Loading environment from /home/runner/work/key/key/key.core/../key.ui/examples/standard_key/arith/poly_division0.key 
197037     DEBUG main            d.u.i.k.p.i.AbstractProblemLoader Environment load took 119.1ns 
197038     INFO  main            d.u.i.k.p.i.AbstractProblemLoader Creating init config 
199427     DEBUG main            d.u.i.k.p.i.AbstractProblemLoader Init config took 2.39s 
199460     INFO  main            d.u.i.k.p.i.AbstractProblemLoader Replaying proof poly_division0.key 
199461     DEBUG main            d.u.i.k.p.i.IntermediateProofReplayer Proof replay took 6.1ns 
199573     INFO  main            d.u.i.k.p.r.p.TestFile    ... finished proof: closed. 
199878     INFO  main            d.u.i.k.p.i.AbstractProblemLoader Loading environment from /home/runner/work/key/key/key.core/../key.ui/examples/standard_key/arith/poly_division0.key.proof 
199878     DEBUG main            d.u.i.k.p.i.AbstractProblemLoader Environment load took 119.2ns 
199879     INFO  main            d.u.i.k.p.i.AbstractProblemLoader Creating init config 
202158     DEBUG main            d.u.i.k.p.i.AbstractProblemLoader Init config took 2.28s 
202172     INFO  main            d.u.i.k.p.i.AbstractProblemLoader Replaying proof poly_division0.key.proof 
202178     DEBUG main            d.u.i.k.p.i.IntermediateProofReplayer Proof replay took 3.54ms 
202179     DEBUG main            d.u.i.k.p.r.p.TestFile    ... success: reloaded. 
202179     INFO  main            d.u.i.k.p.r.p.TestFile    Now processing file /home/runner/work/key/key/key.core/../key.ui/examples/standard_key/arith/poly_division1.key 
202180     INFO  main            d.u.i.k.p.i.AbstractProblemLoader Loading environment from /home/runner/work/key/key/key.core/../key.ui/examples/standard_key/arith/poly_division1.key 
202180     DEBUG main            d.u.i.k.p.i.AbstractProblemLoader Environment load took 202.1ns 
202181     INFO  main            d.u.i.k.p.i.AbstractProblemLoader Creating init config 
204493     DEBUG main            d.u.i.k.p.i.AbstractProblemLoader Init config took 2.31s 
204507     INFO  main            d.u.i.k.p.i.AbstractProblemLoader Replaying proof poly_division1.key 
204508     DEBUG main            d.u.i.k.p.i.IntermediateProofReplayer Proof replay took 6.5ns 
204613     INFO  main            d.u.i.k.p.r.p.TestFile    ... finished proof: closed. 
204867     INFO  main            d.u.i.k.p.i.AbstractProblemLoader Loading environment from /home/runner/work/key/key/key.core/../key.ui/examples/standard_key/arith/poly_division1.key.proof 
204867     DEBUG main            d.u.i.k.p.i.AbstractProblemLoader Environment load took 118.2ns 
204868     INFO  main            d.u.i.k.p.i.AbstractProblemLoader Creating init config 
207177     DEBUG main            d.u.i.k.p.i.AbstractProblemLoader Init config took 2.31s 
207190     INFO  main            d.u.i.k.p.i.AbstractProblemLoader Replaying proof poly_division1.key.proof 
207195     DEBUG main            d.u.i.k.p.i.IntermediateProofReplayer Proof replay took 3.25ms 
207196     DEBUG main            d.u.i.k.p.r.p.TestFile    ... success: reloaded. 
207196     INFO  main            d.u.i.k.p.r.p.TestFile    Now processing file /home/runner/work/key/key/key.core/../key.ui/examples/standard_key/inEqSimp/division.key 
207197     INFO  main            d.u.i.k.p.i.AbstractProblemLoader Loading environment from /home/runner/work/key/key/key.core/../key.ui/examples/standard_key/inEqSimp/division.key 
207197     DEBUG main            d.u.i.k.p.i.AbstractProblemLoader Environment load took 112.6ns 
207198     INFO  main            d.u.i.k.p.i.AbstractProblemLoader Creating init config 
209533     DEBUG main            d.u.i.k.p.i.AbstractProblemLoader Init config took 2.34s 
209549     INFO  main            d.u.i.k.p.i.AbstractProblemLoader Replaying proof division.key 
209550     DEBUG main            d.u.i.k.p.i.IntermediateProofReplayer Proof replay took 6.5ns 
211559     INFO  main            d.u.i.k.p.r.p.TestFile    ... finished proof: closed. 
211835     INFO  main            d.u.i.k.p.i.AbstractProblemLoader Loading environment from /home/runner/work/key/key/key.core/../key.ui/examples/standard_key/inEqSimp/division.key.proof 
211836     DEBUG main            d.u.i.k.p.i.AbstractProblemLoader Environment load took 450.1ns 
211837     INFO  main            d.u.i.k.p.i.AbstractProblemLoader Creating init config 
214148     DEBUG main            d.u.i.k.p.i.AbstractProblemLoader Init config took 2.31s 
214162     INFO  main            d.u.i.k.p.i.AbstractProblemLoader Replaying proof division.key.proof 
214216     DEBUG main            d.u.i.k.p.i.IntermediateProofReplayer Proof replay took 46.27ms 
214217     DEBUG main            d.u.i.k.p.r.p.TestFile    ... success: reloaded. 
214218     INFO  main            d.u.i.k.p.r.p.TestFile    Now processing file /home/runner/work/key/key/key.core/../key.ui/examples/standard_key/inEqSimp/inequations0.key 
214219     INFO  main            d.u.i.k.p.i.AbstractProblemLoader Loading environment from /home/runner/work/key/key/key.core/../key.ui/examples/standard_key/inEqSimp/inequations0.key 
214219     DEBUG main            d.u.i.k.p.i.AbstractProblemLoader Environment load took 215.6ns 
214220     INFO  main            d.u.i.k.p.i.AbstractProblemLoader Creating init config 
216594     DEBUG main            d.u.i.k.p.i.AbstractProblemLoader Init config took 2.37s 
216608     INFO  main            d.u.i.k.p.i.AbstractProblemLoader Replaying proof inequations0.key 
216610     DEBUG main            d.u.i.k.p.i.IntermediateProofReplayer Proof replay took 40.9ns 
216712     INFO  main            d.u.i.k.p.r.p.TestFile    ... finished proof: closed. 
217006     INFO  main            d.u.i.k.p.i.AbstractProblemLoader Loading environment from /home/runner/work/key/key/key.core/../key.ui/examples/standard_key/inEqSimp/inequations0.key.proof 
217006     DEBUG main            d.u.i.k.p.i.AbstractProblemLoader Environment load took 110.2ns 
217007     INFO  main            d.u.i.k.p.i.AbstractProblemLoader Creating init config 
219302     DEBUG main            d.u.i.k.p.i.AbstractProblemLoader Init config took 2.29s 
219317     INFO  main            d.u.i.k.p.i.AbstractProblemLoader Replaying proof inequations0.key.proof 
219320     DEBUG main            d.u.i.k.p.i.IntermediateProofReplayer Proof replay took 1.79ms 
219321     DEBUG main            d.u.i.k.p.r.p.TestFile    ... success: reloaded. 
219322     INFO  main            d.u.i.k.p.r.p.TestFile    Now processing file /home/runner/work/key/key/key.core/../key.ui/examples/standard_key/inEqSimp/inequations1.key 
219322     INFO  main            d.u.i.k.p.i.AbstractProblemLoader Loading environment from /home/runner/work/key/key/key.core/../key.ui/examples/standard_key/inEqSimp/inequations1.key 
219322     DEBUG main            d.u.i.k.p.i.AbstractProblemLoader Environment load took 226.3ns 
219323     INFO  main            d.u.i.k.p.i.AbstractProblemLoader Creating init config 
221705     DEBUG main            d.u.i.k.p.i.AbstractProblemLoader Init config took 2.38s 
221718     INFO  main            d.u.i.k.p.i.AbstractProblemLoader Replaying proof inequations1.key 
221719     DEBUG main            d.u.i.k.p.i.IntermediateProofReplayer Proof replay took 2.8ns 
221821     INFO  main            d.u.i.k.p.r.p.TestFile    ... finished proof: closed. 
222090     INFO  main            d.u.i.k.p.i.AbstractProblemLoader Loading environment from /home/runner/work/key/key/key.core/../key.ui/examples/standard_key/inEqSimp/inequations1.key.proof 
222090     DEBUG main            d.u.i.k.p.i.AbstractProblemLoader Environment load took 100.4ns 
222091     INFO  main            d.u.i.k.p.i.AbstractProblemLoader Creating init config 
224390     DEBUG main            d.u.i.k.p.i.AbstractProblemLoader Init config took 2.3s 
224404     INFO  main            d.u.i.k.p.i.AbstractProblemLoader Replaying proof inequations1.key.proof 
224406     DEBUG main            d.u.i.k.p.i.IntermediateProofReplayer Proof replay took 893.41ns 
224407     DEBUG main            d.u.i.k.p.r.p.TestFile    ... success: reloaded. 
224407     INFO  main            d.u.i.k.p.r.p.TestFile    Now processing file /home/runner/work/key/key/key.core/../key.ui/examples/standard_key/inEqSimp/inequations2.key 
224407     INFO  main            d.u.i.k.p.i.AbstractProblemLoader Loading environment from /home/runner/work/key/key/key.core/../key.ui/examples/standard_key/inEqSimp/inequations2.key 
224407     DEBUG main            d.u.i.k.p.i.AbstractProblemLoader Environment load took 52.9ns 
224408     INFO  main            d.u.i.k.p.i.AbstractProblemLoader Creating init config 
226772     DEBUG main            d.u.i.k.p.i.AbstractProblemLoader Init config took 2.36s 
226785     INFO  main            d.u.i.k.p.i.AbstractProblemLoader Replaying proof inequations2.key 
226786     DEBUG main            d.u.i.k.p.i.IntermediateProofReplayer Proof replay took 2.9ns 
226888     INFO  main            d.u.i.k.p.r.p.TestFile    ... finished proof: closed. 
227154     INFO  main            d.u.i.k.p.i.AbstractProblemLoader Loading environment from /home/runner/work/key/key/key.core/../key.ui/examples/standard_key/inEqSimp/inequations2.key.proof 
227155     DEBUG main            d.u.i.k.p.i.AbstractProblemLoader Environment load took 94.8ns 
227156     INFO  main            d.u.i.k.p.i.AbstractProblemLoader Creating init config 
229447     DEBUG main            d.u.i.k.p.i.AbstractProblemLoader Init config took 2.29s 
229461     INFO  main            d.u.i.k.p.i.AbstractProblemLoader Replaying proof inequations2.key.proof 
229464     DEBUG main            d.u.i.k.p.i.IntermediateProofReplayer Proof replay took 1.16ms 
229465     DEBUG main            d.u.i.k.p.r.p.TestFile    ... success: reloaded. 
229465     INFO  main            d.u.i.k.p.r.p.TestFile    Now processing file /home/runner/work/key/key/key.core/../key.ui/examples/standard_key/inEqSimp/linApprox.key 
229466     INFO  main            d.u.i.k.p.i.AbstractProblemLoader Loading environment from /home/runner/work/key/key/key.core/../key.ui/examples/standard_key/inEqSimp/linApprox.key 
229466     DEBUG main            d.u.i.k.p.i.AbstractProblemLoader Environment load took 190.2ns 
229467     INFO  main            d.u.i.k.p.i.AbstractProblemLoader Creating init config 
231814     DEBUG main            d.u.i.k.p.i.AbstractProblemLoader Init config took 2.35s 
231827     INFO  main            d.u.i.k.p.i.AbstractProblemLoader Replaying proof linApprox.key 
231829     DEBUG main            d.u.i.k.p.i.IntermediateProofReplayer Proof replay took 3.2ns 
231931     INFO  main            d.u.i.k.p.r.p.TestFile    ... finished proof: closed. 
232213     INFO  main            d.u.i.k.p.i.AbstractProblemLoader Loading environment from /home/runner/work/key/key/key.core/../key.ui/examples/standard_key/inEqSimp/linApprox.key.proof 
232213     DEBUG main            d.u.i.k.p.i.AbstractProblemLoader Environment load took 102ns 
232214     INFO  main            d.u.i.k.p.i.AbstractProblemLoader Creating init config 
234483     DEBUG main            d.u.i.k.p.i.AbstractProblemLoader Init config took 2.27s 
234496     INFO  main            d.u.i.k.p.i.AbstractProblemLoader Replaying proof linApprox.key.proof 
234499     DEBUG main            d.u.i.k.p.i.IntermediateProofReplayer Proof replay took 1.4ms 
234499     DEBUG main            d.u.i.k.p.r.p.TestFile    ... success: reloaded. 
234500     INFO  main            d.u.i.k.p.r.p.TestFile    Now processing file /home/runner/work/key/key/key.core/../key.ui/examples/standard_key/inEqSimp/nonLinInEqExample0.key 
234501     INFO  main            d.u.i.k.p.i.AbstractProblemLoader Loading environment from /home/runner/work/key/key/key.core/../key.ui/examples/standard_key/inEqSimp/nonLinInEqExample0.key 
234501     DEBUG main            d.u.i.k.p.i.AbstractProblemLoader Environment load took 91.4ns 
234501     INFO  main            d.u.i.k.p.i.AbstractProblemLoader Creating init config 
236822     DEBUG main            d.u.i.k.p.i.AbstractProblemLoader Init config took 2.32s 
236835     INFO  main            d.u.i.k.p.i.AbstractProblemLoader Replaying proof nonLinInEqExample0.key 
236836     DEBUG main            d.u.i.k.p.i.IntermediateProofReplayer Proof replay took 3.1ns 
236938     INFO  main            d.u.i.k.p.r.p.TestFile    ... finished proof: closed. 
237219     INFO  main            d.u.i.k.p.i.AbstractProblemLoader Loading environment from /home/runner/work/key/key/key.core/../key.ui/examples/standard_key/inEqSimp/nonLinInEqExample0.key.proof 
237219     DEBUG main            d.u.i.k.p.i.AbstractProblemLoader Environment load took 102.3ns 
237220     INFO  main            d.u.i.k.p.i.AbstractProblemLoader Creating init config 
239497     DEBUG main            d.u.i.k.p.i.AbstractProblemLoader Init config took 2.28s 
239510     INFO  main            d.u.i.k.p.i.AbstractProblemLoader Replaying proof nonLinInEqExample0.key.proof 
239512     DEBUG main            d.u.i.k.p.i.IntermediateProofReplayer Proof replay took 560.9ns 
239512     DEBUG main            d.u.i.k.p.r.p.TestFile    ... success: reloaded. 
239513     INFO  main            d.u.i.k.p.r.p.TestFile    Now processing file /home/runner/work/key/key/key.core/../key.ui/examples/standard_key/inEqSimp/nonLinInEqExample2.key 
239513     INFO  main            d.u.i.k.p.i.AbstractProblemLoader Loading environment from /home/runner/work/key/key/key.core/../key.ui/examples/standard_key/inEqSimp/nonLinInEqExample2.key 
239513     DEBUG main            d.u.i.k.p.i.AbstractProblemLoader Environment load took 90.9ns 
239515     INFO  main            d.u.i.k.p.i.AbstractProblemLoader Creating init config 
241839     DEBUG main            d.u.i.k.p.i.AbstractProblemLoader Init config took 2.32s 
241853     INFO  main            d.u.i.k.p.i.AbstractProblemLoader Replaying proof nonLinInEqExample2.key 
241854     DEBUG main            d.u.i.k.p.i.IntermediateProofReplayer Proof replay took 3.3ns 
242169     INFO  main            d.u.i.k.p.r.p.TestFile    ... finished proof: closed. 
242465     INFO  main            d.u.i.k.p.i.AbstractProblemLoader Loading environment from /home/runner/work/key/key/key.core/../key.ui/examples/standard_key/inEqSimp/nonLinInEqExample2.key.proof 
242467     DEBUG main            d.u.i.k.p.i.AbstractProblemLoader Environment load took 1.94ms 
242469     INFO  main            d.u.i.k.p.i.AbstractProblemLoader Creating init config 
244742     DEBUG main            d.u.i.k.p.i.AbstractProblemLoader Init config took 2.27s 
244755     INFO  main            d.u.i.k.p.i.AbstractProblemLoader Replaying proof nonLinInEqExample2.key.proof 
244779     DEBUG main            d.u.i.k.p.i.IntermediateProofReplayer Proof replay took 19.82ms 
244780     DEBUG main            d.u.i.k.p.r.p.TestFile    ... success: reloaded. 
244780     INFO  main            d.u.i.k.p.r.p.TestFile    Now processing file /home/runner/work/key/key/key.core/../key.ui/examples/standard_key/inEqSimp/nonLinInEqExample3.key 
244781     INFO  main            d.u.i.k.p.i.AbstractProblemLoader Loading environment from /home/runner/work/key/key/key.core/../key.ui/examples/standard_key/inEqSimp/nonLinInEqExample3.key 
244781     DEBUG main            d.u.i.k.p.i.AbstractProblemLoader Environment load took 89.8ns 
244782     INFO  main            d.u.i.k.p.i.AbstractProblemLoader Creating init config 
247122     DEBUG main            d.u.i.k.p.i.AbstractProblemLoader Init config took 2.34s 
247135     INFO  main            d.u.i.k.p.i.AbstractProblemLoader Replaying proof nonLinInEqExample3.key 
247136     DEBUG main            d.u.i.k.p.i.IntermediateProofReplayer Proof replay took 3.7ns 
247339     INFO  main            d.u.i.k.p.r.p.TestFile    ... finished proof: closed. 
247647     INFO  main            d.u.i.k.p.i.AbstractProblemLoader Loading environment from /home/runner/work/key/key/key.core/../key.ui/examples/standard_key/inEqSimp/nonLinInEqExample3.key.proof 
247647     DEBUG main            d.u.i.k.p.i.AbstractProblemLoader Environment load took 102.9ns 
247648     INFO  main            d.u.i.k.p.i.AbstractProblemLoader Creating init config 
249941     DEBUG main            d.u.i.k.p.i.AbstractProblemLoader Init config took 2.29s 
249954     INFO  main            d.u.i.k.p.i.AbstractProblemLoader Replaying proof nonLinInEqExample3.key.proof 
249967     DEBUG main            d.u.i.k.p.i.IntermediateProofReplayer Proof replay took 11.07ms 
249968     DEBUG main            d.u.i.k.p.r.p.TestFile    ... success: reloaded. 
249969     INFO  main            d.u.i.k.p.r.p.TestFile    Now processing file /home/runner/work/key/key/key.core/../key.ui/examples/standard_key/inEqSimp/nonLinInEqExample4.key 
249969     INFO  main            d.u.i.k.p.i.AbstractProblemLoader Loading environment from /home/runner/work/key/key/key.core/../key.ui/examples/standard_key/inEqSimp/nonLinInEqExample4.key 
249969     DEBUG main            d.u.i.k.p.i.AbstractProblemLoader Environment load took 90.2ns 
249970     INFO  main            d.u.i.k.p.i.AbstractProblemLoader Creating init config 
252285     DEBUG main            d.u.i.k.p.i.AbstractProblemLoader Init config took 2.31s 
252298     INFO  main            d.u.i.k.p.i.AbstractProblemLoader Replaying proof nonLinInEqExample4.key 
252299     DEBUG main            d.u.i.k.p.i.IntermediateProofReplayer Proof replay took 3.2ns 
252402     INFO  main            d.u.i.k.p.r.p.TestFile    ... finished proof: closed. 
252708     INFO  main            d.u.i.k.p.i.AbstractProblemLoader Loading environment from /home/runner/work/key/key/key.core/../key.ui/examples/standard_key/inEqSimp/nonLinInEqExample4.key.proof 
252708     DEBUG main            d.u.i.k.p.i.AbstractProblemLoader Environment load took 98.7ns 
252709     INFO  main            d.u.i.k.p.i.AbstractProblemLoader Creating init config 
255007     DEBUG main            d.u.i.k.p.i.AbstractProblemLoader Init config took 2.3s 
255020     INFO  main            d.u.i.k.p.i.AbstractProblemLoader Replaying proof nonLinInEqExample4.key.proof 
255027     DEBUG main            d.u.i.k.p.i.IntermediateProofReplayer Proof replay took 2.9ms 
255028     DEBUG main            d.u.i.k.p.r.p.TestFile    ... success: reloaded. 
255029     INFO  main            d.u.i.k.p.r.p.TestFile    Now processing file /home/runner/work/key/key/key.core/../key.ui/examples/standard_key/inEqSimp/quadraticInEq.key 
255029     INFO  main            d.u.i.k.p.i.AbstractProblemLoader Loading environment from /home/runner/work/key/key/key.core/../key.ui/examples/standard_key/inEqSimp/quadraticInEq.key 
255029     DEBUG main            d.u.i.k.p.i.AbstractProblemLoader Environment load took 99.7ns 
255031     INFO  main            d.u.i.k.p.i.AbstractProblemLoader Creating init config 
257356     DEBUG main            d.u.i.k.p.i.AbstractProblemLoader Init config took 2.33s 
257370     INFO  main            d.u.i.k.p.i.AbstractProblemLoader Replaying proof quadraticInEq.key 
257371     DEBUG main            d.u.i.k.p.i.IntermediateProofReplayer Proof replay took 3.1ns 
257675     INFO  main            d.u.i.k.p.r.p.TestFile    ... finished proof: closed. 
257998     INFO  main            d.u.i.k.p.i.AbstractProblemLoader Loading environment from /home/runner/work/key/key/key.core/../key.ui/examples/standard_key/inEqSimp/quadraticInEq.key.proof 
257998     DEBUG main            d.u.i.k.p.i.AbstractProblemLoader Environment load took 108.5ns 
257999     INFO  main            d.u.i.k.p.i.AbstractProblemLoader Creating init config 
260293     DEBUG main            d.u.i.k.p.i.AbstractProblemLoader Init config took 2.29s 
260307     INFO  main            d.u.i.k.p.i.AbstractProblemLoader Replaying proof quadraticInEq.key.proof 
260345     DEBUG main            d.u.i.k.p.i.IntermediateProofReplayer Proof replay took 33.6ms 
260347     DEBUG main            d.u.i.k.p.r.p.TestFile    ... success: reloaded. 
260348     INFO  main            d.u.i.k.p.r.p.TestFile    Now processing file /home/runner/work/key/key/key.core/../key.ui/examples/standard_key/inEqSimp/quadraticInEq10.key 
260348     INFO  main            d.u.i.k.p.i.AbstractProblemLoader Loading environment from /home/runner/work/key/key/key.core/../key.ui/examples/standard_key/inEqSimp/quadraticInEq10.key 
260348     DEBUG main            d.u.i.k.p.i.AbstractProblemLoader Environment load took 89.2ns 
260349     INFO  main            d.u.i.k.p.i.AbstractProblemLoader Creating init config 
262684     DEBUG main            d.u.i.k.p.i.AbstractProblemLoader Init config took 2.33s 
262697     INFO  main            d.u.i.k.p.i.AbstractProblemLoader Replaying proof quadraticInEq10.key 
262699     DEBUG main            d.u.i.k.p.i.IntermediateProofReplayer Proof replay took 3ns 
262902     INFO  main            d.u.i.k.p.r.p.TestFile    ... finished proof: closed. 
263228     INFO  main            d.u.i.k.p.i.AbstractProblemLoader Loading environment from /home/runner/work/key/key/key.core/../key.ui/examples/standard_key/inEqSimp/quadraticInEq10.key.proof 
263229     DEBUG main            d.u.i.k.p.i.AbstractProblemLoader Environment load took 101.1ns 
263230     INFO  main            d.u.i.k.p.i.AbstractProblemLoader Creating init config 
265515     DEBUG main            d.u.i.k.p.i.AbstractProblemLoader Init config took 2.29s 
265528     INFO  main            d.u.i.k.p.i.AbstractProblemLoader Replaying proof quadraticInEq10.key.proof 
265541     DEBUG main            d.u.i.k.p.i.IntermediateProofReplayer Proof replay took 10.41ms 
265542     DEBUG main            d.u.i.k.p.r.p.TestFile    ... success: reloaded. 
265543     INFO  main            d.u.i.k.p.r.p.TestFile    Now processing file /home/runner/work/key/key/key.core/../key.ui/examples/standard_key/inEqSimp/quadraticInEq13.key 
265544     INFO  main            d.u.i.k.p.i.AbstractProblemLoader Loading environment from /home/runner/work/key/key/key.core/../key.ui/examples/standard_key/inEqSimp/quadraticInEq13.key 
265544     DEBUG main            d.u.i.k.p.i.AbstractProblemLoader Environment load took 208.2ns 
265545     INFO  main            d.u.i.k.p.i.AbstractProblemLoader Creating init config 
267866     DEBUG main            d.u.i.k.p.i.AbstractProblemLoader Init config took 2.32s 
267895     INFO  main            d.u.i.k.p.i.AbstractProblemLoader Replaying proof quadraticInEq13.key 
267897     DEBUG main            d.u.i.k.p.i.IntermediateProofReplayer Proof replay took 3.5ns 
268099     INFO  main            d.u.i.k.p.r.p.TestFile    ... finished proof: closed. 
268428     INFO  main            d.u.i.k.p.i.AbstractProblemLoader Loading environment from /home/runner/work/key/key/key.core/../key.ui/examples/standard_key/inEqSimp/quadraticInEq13.key.proof 
268429     DEBUG main            d.u.i.k.p.i.AbstractProblemLoader Environment load took 100.4ns 
268430     INFO  main            d.u.i.k.p.i.AbstractProblemLoader Creating init config 
270705     DEBUG main            d.u.i.k.p.i.AbstractProblemLoader Init config took 2.28s 
270721     INFO  main            d.u.i.k.p.i.AbstractProblemLoader Replaying proof quadraticInEq13.key.proof 
270733     DEBUG main            d.u.i.k.p.i.IntermediateProofReplayer Proof replay took 8.75ms 
270733     DEBUG main            d.u.i.k.p.r.p.TestFile    ... success: reloaded. 
270734     INFO  main            d.u.i.k.p.r.p.TestFile    Now processing file /home/runner/work/key/key/key.core/../key.ui/examples/standard_key/inEqSimp/quadraticInEq14.key 
270734     INFO  main            d.u.i.k.p.i.AbstractProblemLoader Loading environment from /home/runner/work/key/key/key.core/../key.ui/examples/standard_key/inEqSimp/quadraticInEq14.key 
270735     DEBUG main            d.u.i.k.p.i.AbstractProblemLoader Environment load took 116.2ns 
270735     INFO  main            d.u.i.k.p.i.AbstractProblemLoader Creating init config 
273064     DEBUG main            d.u.i.k.p.i.AbstractProblemLoader Init config took 2.33s 
273077     INFO  main            d.u.i.k.p.i.AbstractProblemLoader Replaying proof quadraticInEq14.key 
273078     DEBUG main            d.u.i.k.p.i.IntermediateProofReplayer Proof replay took 4.1ns 
273382     INFO  main            d.u.i.k.p.r.p.TestFile    ... finished proof: closed. 
273726     INFO  main            d.u.i.k.p.i.AbstractProblemLoader Loading environment from /home/runner/work/key/key/key.core/../key.ui/examples/standard_key/inEqSimp/quadraticInEq14.key.proof 
273726     DEBUG main            d.u.i.k.p.i.AbstractProblemLoader Environment load took 99.5ns 
273727     INFO  main            d.u.i.k.p.i.AbstractProblemLoader Creating init config 
276013     DEBUG main            d.u.i.k.p.i.AbstractProblemLoader Init config took 2.29s 
276026     INFO  main            d.u.i.k.p.i.AbstractProblemLoader Replaying proof quadraticInEq14.key.proof 
276039     DEBUG main            d.u.i.k.p.i.IntermediateProofReplayer Proof replay took 11.1ms 
276040     DEBUG main            d.u.i.k.p.r.p.TestFile    ... success: reloaded. 
276041     INFO  main            d.u.i.k.p.r.p.TestFile    Now processing file /home/runner/work/key/key/key.core/../key.ui/examples/standard_key/inEqSimp/quadraticInEq2.key 
276041     INFO  main            d.u.i.k.p.i.AbstractProblemLoader Loading environment from /home/runner/work/key/key/key.core/../key.ui/examples/standard_key/inEqSimp/quadraticInEq2.key 
276041     DEBUG main            d.u.i.k.p.i.AbstractProblemLoader Environment load took 73.1ns 
276042     INFO  main            d.u.i.k.p.i.AbstractProblemLoader Creating init config 
278375     DEBUG main            d.u.i.k.p.i.AbstractProblemLoader Init config took 2.33s 
278387     INFO  main            d.u.i.k.p.i.AbstractProblemLoader Replaying proof quadraticInEq2.key 
278389     DEBUG main            d.u.i.k.p.i.IntermediateProofReplayer Proof replay took 3.6ns 
278490     INFO  main            d.u.i.k.p.r.p.TestFile    ... finished proof: closed. 
278832     INFO  main            d.u.i.k.p.i.AbstractProblemLoader Loading environment from /home/runner/work/key/key/key.core/../key.ui/examples/standard_key/inEqSimp/quadraticInEq2.key.proof 
278832     DEBUG main            d.u.i.k.p.i.AbstractProblemLoader Environment load took 99.3ns 
278833     INFO  main            d.u.i.k.p.i.AbstractProblemLoader Creating init config 
281113     DEBUG main            d.u.i.k.p.i.AbstractProblemLoader Init config took 2.28s 
281127     INFO  main            d.u.i.k.p.i.AbstractProblemLoader Replaying proof quadraticInEq2.key.proof 
281130     DEBUG main            d.u.i.k.p.i.IntermediateProofReplayer Proof replay took 1.73ms 
281130     DEBUG main            d.u.i.k.p.r.p.TestFile    ... success: reloaded. 
281131     INFO  main            d.u.i.k.p.r.p.TestFile    Now processing file /home/runner/work/key/key/key.core/../key.ui/examples/standard_key/inEqSimp/quadraticInEq3.key 
281131     INFO  main            d.u.i.k.p.i.AbstractProblemLoader Loading environment from /home/runner/work/key/key/key.core/../key.ui/examples/standard_key/inEqSimp/quadraticInEq3.key 
281131     DEBUG main            d.u.i.k.p.i.AbstractProblemLoader Environment load took 71.8ns 
281132     INFO  main            d.u.i.k.p.i.AbstractProblemLoader Creating init config 
283469     DEBUG main            d.u.i.k.p.i.AbstractProblemLoader Init config took 2.34s 
283482     INFO  main            d.u.i.k.p.i.AbstractProblemLoader Replaying proof quadraticInEq3.key 
283484     DEBUG main            d.u.i.k.p.i.IntermediateProofReplayer Proof replay took 3.4ns 
283589     INFO  main            d.u.i.k.p.r.p.TestFile    ... finished proof: closed. 
283911     INFO  main            d.u.i.k.p.i.AbstractProblemLoader Loading environment from /home/runner/work/key/key/key.core/../key.ui/examples/standard_key/inEqSimp/quadraticInEq3.key.proof 
283911     DEBUG main            d.u.i.k.p.i.AbstractProblemLoader Environment load took 105.2ns 
283912     INFO  main            d.u.i.k.p.i.AbstractProblemLoader Creating init config 
286184     DEBUG main            d.u.i.k.p.i.AbstractProblemLoader Init config took 2.27s 
286197     INFO  main            d.u.i.k.p.i.AbstractProblemLoader Replaying proof quadraticInEq3.key.proof 
286203     DEBUG main            d.u.i.k.p.i.IntermediateProofReplayer Proof replay took 4.38ms 
286204     DEBUG main            d.u.i.k.p.r.p.TestFile    ... success: reloaded. 
286205     INFO  main            d.u.i.k.p.r.p.TestFile    Now processing file /home/runner/work/key/key/key.core/../key.ui/examples/standard_key/inEqSimp/quadraticInEq4.key 
286205     INFO  main            d.u.i.k.p.i.AbstractProblemLoader Loading environment from /home/runner/work/key/key/key.core/../key.ui/examples/standard_key/inEqSimp/quadraticInEq4.key 
286205     DEBUG main            d.u.i.k.p.i.AbstractProblemLoader Environment load took 83.5ns 
286206     INFO  main            d.u.i.k.p.i.AbstractProblemLoader Creating init config 
288542     DEBUG main            d.u.i.k.p.i.AbstractProblemLoader Init config took 2.34s 
288555     INFO  main            d.u.i.k.p.i.AbstractProblemLoader Replaying proof quadraticInEq4.key 
288557     DEBUG main            d.u.i.k.p.i.IntermediateProofReplayer Proof replay took 3.2ns 
288659     INFO  main            d.u.i.k.p.r.p.TestFile    ... finished proof: closed. 
288997     INFO  main            d.u.i.k.p.i.AbstractProblemLoader Loading environment from /home/runner/work/key/key/key.core/../key.ui/examples/standard_key/inEqSimp/quadraticInEq4.key.proof 
288997     DEBUG main            d.u.i.k.p.i.AbstractProblemLoader Environment load took 101.5ns 
288998     INFO  main            d.u.i.k.p.i.AbstractProblemLoader Creating init config 
291283     DEBUG main            d.u.i.k.p.i.AbstractProblemLoader Init config took 2.28s 
291296     INFO  main            d.u.i.k.p.i.AbstractProblemLoader Replaying proof quadraticInEq4.key.proof 
291300     DEBUG main            d.u.i.k.p.i.IntermediateProofReplayer Proof replay took 2.56ms 
291301     DEBUG main            d.u.i.k.p.r.p.TestFile    ... success: reloaded. 
291302     INFO  main            d.u.i.k.p.r.p.TestFile    Now processing file /home/runner/work/key/key/key.core/../key.ui/examples/standard_key/inEqSimp/quadraticInEq5.key 
291303     INFO  main            d.u.i.k.p.i.AbstractProblemLoader Loading environment from /home/runner/work/key/key/key.core/../key.ui/examples/standard_key/inEqSimp/quadraticInEq5.key 
291303     DEBUG main            d.u.i.k.p.i.AbstractProblemLoader Environment load took 70.3ns 
291304     INFO  main            d.u.i.k.p.i.AbstractProblemLoader Creating init config 
293637     DEBUG main            d.u.i.k.p.i.AbstractProblemLoader Init config took 2.33s 
293650     INFO  main            d.u.i.k.p.i.AbstractProblemLoader Replaying proof quadraticInEq5.key 
293652     DEBUG main            d.u.i.k.p.i.IntermediateProofReplayer Proof replay took 3.3ns 
293761     INFO  main            d.u.i.k.p.r.p.TestFile    ... finished proof: closed. 
294106     INFO  main            d.u.i.k.p.i.AbstractProblemLoader Loading environment from /home/runner/work/key/key/key.core/../key.ui/examples/standard_key/inEqSimp/quadraticInEq5.key.proof 
294106     DEBUG main            d.u.i.k.p.i.AbstractProblemLoader Environment load took 95.2ns 
294107     INFO  main            d.u.i.k.p.i.AbstractProblemLoader Creating init config 
296386     DEBUG main            d.u.i.k.p.i.AbstractProblemLoader Init config took 2.28s 
296400     INFO  main            d.u.i.k.p.i.AbstractProblemLoader Replaying proof quadraticInEq5.key.proof 
296404     DEBUG main            d.u.i.k.p.i.IntermediateProofReplayer Proof replay took 2.67ms 
296405     DEBUG main            d.u.i.k.p.r.p.TestFile    ... success: reloaded. 
296405     INFO  main            d.u.i.k.p.r.p.TestFile    Now processing file /home/runner/work/key/key/key.core/../key.ui/examples/standard_key/inEqSimp/quadraticInEq6.key 
296406     INFO  main            d.u.i.k.p.i.AbstractProblemLoader Loading environment from /home/runner/work/key/key/key.core/../key.ui/examples/standard_key/inEqSimp/quadraticInEq6.key 
296406     DEBUG main            d.u.i.k.p.i.AbstractProblemLoader Environment load took 53.9ns 
296407     INFO  main            d.u.i.k.p.i.AbstractProblemLoader Creating init config 
298740     DEBUG main            d.u.i.k.p.i.AbstractProblemLoader Init config took 2.33s 
298753     INFO  main            d.u.i.k.p.i.AbstractProblemLoader Replaying proof quadraticInEq6.key 
298755     DEBUG main            d.u.i.k.p.i.IntermediateProofReplayer Proof replay took 3.6ns 
298857     INFO  main            d.u.i.k.p.r.p.TestFile    ... finished proof: closed. 
299197     INFO  main            d.u.i.k.p.i.AbstractProblemLoader Loading environment from /home/runner/work/key/key/key.core/../key.ui/examples/standard_key/inEqSimp/quadraticInEq6.key.proof 
299197     DEBUG main            d.u.i.k.p.i.AbstractProblemLoader Environment load took 92.8ns 
299198     INFO  main            d.u.i.k.p.i.AbstractProblemLoader Creating init config 
301482     DEBUG main            d.u.i.k.p.i.AbstractProblemLoader Init config took 2.28s 
301495     INFO  main            d.u.i.k.p.i.AbstractProblemLoader Replaying proof quadraticInEq6.key.proof 
301499     DEBUG main            d.u.i.k.p.i.IntermediateProofReplayer Proof replay took 3.15ms 
301500     DEBUG main            d.u.i.k.p.r.p.TestFile    ... success: reloaded. 
301501     INFO  main            d.u.i.k.p.r.p.TestFile    Now processing file /home/runner/work/key/key/key.core/../key.ui/examples/standard_key/inEqSimp/quadraticInEq7.key 
301501     INFO  main            d.u.i.k.p.i.AbstractProblemLoader Loading environment from /home/runner/work/key/key/key.core/../key.ui/examples/standard_key/inEqSimp/quadraticInEq7.key 
301501     DEBUG main            d.u.i.k.p.i.AbstractProblemLoader Environment load took 56.9ns 
301502     INFO  main            d.u.i.k.p.i.AbstractProblemLoader Creating init config 
303849     DEBUG main            d.u.i.k.p.i.AbstractProblemLoader Init config took 2.35s 
303863     INFO  main            d.u.i.k.p.i.AbstractProblemLoader Replaying proof quadraticInEq7.key 
303865     DEBUG main            d.u.i.k.p.i.IntermediateProofReplayer Proof replay took 3.7ns 
303966     INFO  main            d.u.i.k.p.r.p.TestFile    ... finished proof: closed. 
304316     INFO  main            d.u.i.k.p.i.AbstractProblemLoader Loading environment from /home/runner/work/key/key/key.core/../key.ui/examples/standard_key/inEqSimp/quadraticInEq7.key.proof 
304316     DEBUG main            d.u.i.k.p.i.AbstractProblemLoader Environment load took 99.2ns 
304317     INFO  main            d.u.i.k.p.i.AbstractProblemLoader Creating init config 
306611     DEBUG main            d.u.i.k.p.i.AbstractProblemLoader Init config took 2.29s 
306624     INFO  main            d.u.i.k.p.i.AbstractProblemLoader Replaying proof quadraticInEq7.key.proof 
306627     DEBUG main            d.u.i.k.p.i.IntermediateProofReplayer Proof replay took 1.38ms 
306628     DEBUG main            d.u.i.k.p.r.p.TestFile    ... success: reloaded. 
306628     INFO  main            d.u.i.k.p.r.p.TestFile    Now processing file /home/runner/work/key/key/key.core/../key.ui/examples/standard_key/inEqSimp/quadraticInEq8.key 
306629     INFO  main            d.u.i.k.p.i.AbstractProblemLoader Loading environment from /home/runner/work/key/key/key.core/../key.ui/examples/standard_key/inEqSimp/quadraticInEq8.key 
306629     DEBUG main            d.u.i.k.p.i.AbstractProblemLoader Environment load took 85.3ns 
306630     INFO  main            d.u.i.k.p.i.AbstractProblemLoader Creating init config 
308977     DEBUG main            d.u.i.k.p.i.AbstractProblemLoader Init config took 2.35s 
308990     INFO  main            d.u.i.k.p.i.AbstractProblemLoader Replaying proof quadraticInEq8.key 
308992     DEBUG main            d.u.i.k.p.i.IntermediateProofReplayer Proof replay took 12.9ns 
309094     INFO  main            d.u.i.k.p.r.p.TestFile    ... finished proof: closed. 
309445     INFO  main            d.u.i.k.p.i.AbstractProblemLoader Loading environment from /home/runner/work/key/key/key.core/../key.ui/examples/standard_key/inEqSimp/quadraticInEq8.key.proof 
309445     DEBUG main            d.u.i.k.p.i.AbstractProblemLoader Environment load took 100.6ns 
309446     INFO  main            d.u.i.k.p.i.AbstractProblemLoader Creating init config 
311734     DEBUG main            d.u.i.k.p.i.AbstractProblemLoader Init config took 2.29s 
311748     INFO  main            d.u.i.k.p.i.AbstractProblemLoader Replaying proof quadraticInEq8.key.proof 
311753     DEBUG main            d.u.i.k.p.i.IntermediateProofReplayer Proof replay took 3.9ms 
311754     DEBUG main            d.u.i.k.p.r.p.TestFile    ... success: reloaded. 
311755     INFO  main            d.u.i.k.p.r.p.TestFile    Now processing file /home/runner/work/key/key/key.core/../key.ui/examples/standard_key/inEqSimp/simplify0.key 
311755     INFO  main            d.u.i.k.p.i.AbstractProblemLoader Loading environment from /home/runner/work/key/key/key.core/../key.ui/examples/standard_key/inEqSimp/simplify0.key 
311755     DEBUG main            d.u.i.k.p.i.AbstractProblemLoader Environment load took 48.8ns 
311756     INFO  main            d.u.i.k.p.i.AbstractProblemLoader Creating init config 
314080     DEBUG main            d.u.i.k.p.i.AbstractProblemLoader Init config took 2.32s 
314095     INFO  main            d.u.i.k.p.i.AbstractProblemLoader Replaying proof simplify0.key 
314096     DEBUG main            d.u.i.k.p.i.IntermediateProofReplayer Proof replay took 3.5ns 
314198     INFO  main            d.u.i.k.p.r.p.TestFile    ... finished proof: closed. 
314555     INFO  main            d.u.i.k.p.i.AbstractProblemLoader Loading environment from /home/runner/work/key/key/key.core/../key.ui/examples/standard_key/inEqSimp/simplify0.key.proof 
314555     DEBUG main            d.u.i.k.p.i.AbstractProblemLoader Environment load took 94.4ns 
314556     INFO  main            d.u.i.k.p.i.AbstractProblemLoader Creating init config 
316845     DEBUG main            d.u.i.k.p.i.AbstractProblemLoader Init config took 2.29s 
316858     INFO  main            d.u.i.k.p.i.AbstractProblemLoader Replaying proof simplify0.key.proof 
316861     DEBUG main            d.u.i.k.p.i.IntermediateProofReplayer Proof replay took 730.39ns 
316861     DEBUG main            d.u.i.k.p.r.p.TestFile    ... success: reloaded. 
316862     INFO  main            d.u.i.k.p.r.p.TestFile    Now processing file /home/runner/work/key/key/key.core/../key.ui/examples/standard_key/inEqSimp/simplify1.key 
316862     INFO  main            d.u.i.k.p.i.AbstractProblemLoader Loading environment from /home/runner/work/key/key/key.core/../key.ui/examples/standard_key/inEqSimp/simplify1.key 
316862     DEBUG main            d.u.i.k.p.i.AbstractProblemLoader Environment load took 45.8ns 
316863     INFO  main            d.u.i.k.p.i.AbstractProblemLoader Creating init config 
319200     DEBUG main            d.u.i.k.p.i.AbstractProblemLoader Init config took 2.34s 
319212     INFO  main            d.u.i.k.p.i.AbstractProblemLoader Replaying proof simplify1.key 
319213     DEBUG main            d.u.i.k.p.i.IntermediateProofReplayer Proof replay took 3.1ns 
319315     INFO  main            d.u.i.k.p.r.p.TestFile    ... finished proof: closed. 
319672     INFO  main            d.u.i.k.p.i.AbstractProblemLoader Loading environment from /home/runner/work/key/key/key.core/../key.ui/examples/standard_key/inEqSimp/simplify1.key.proof 
319672     DEBUG main            d.u.i.k.p.i.AbstractProblemLoader Environment load took 85.1ns 
319673     INFO  main            d.u.i.k.p.i.AbstractProblemLoader Creating init config 
321961     DEBUG main            d.u.i.k.p.i.AbstractProblemLoader Init config took 2.29s 
321974     INFO  main            d.u.i.k.p.i.AbstractProblemLoader Replaying proof simplify1.key.proof 
321976     DEBUG main            d.u.i.k.p.i.IntermediateProofReplayer Proof replay took 845.91ns 
321977     DEBUG main            d.u.i.k.p.r.p.TestFile    ... success: reloaded. 
321977     INFO  main            d.u.i.k.p.r.p.TestFile    Now processing file /home/runner/work/key/key/key.core/../key.ui/examples/standard_key/inEqSimp/simplify2.key 
321978     INFO  main            d.u.i.k.p.i.AbstractProblemLoader Loading environment from /home/runner/work/key/key/key.core/../key.ui/examples/standard_key/inEqSimp/simplify2.key 
321978     DEBUG main            d.u.i.k.p.i.AbstractProblemLoader Environment load took 45.9ns 
321978     INFO  main            d.u.i.k.p.i.AbstractProblemLoader Creating init config 
324328     DEBUG main            d.u.i.k.p.i.AbstractProblemLoader Init config took 2.35s 
324341     INFO  main            d.u.i.k.p.i.AbstractProblemLoader Replaying proof simplify2.key 
324342     DEBUG main            d.u.i.k.p.i.IntermediateProofReplayer Proof replay took 2.7ns 
324445     INFO  main            d.u.i.k.p.r.p.TestFile    ... finished proof: closed. 
324823     INFO  main            d.u.i.k.p.i.AbstractProblemLoader Loading environment from /home/runner/work/key/key/key.core/../key.ui/examples/standard_key/inEqSimp/simplify2.key.proof 
324823     DEBUG main            d.u.i.k.p.i.AbstractProblemLoader Environment load took 85.9ns 
324824     INFO  main            d.u.i.k.p.i.AbstractProblemLoader Creating init config 
327124     DEBUG main            d.u.i.k.p.i.AbstractProblemLoader Init config took 2.3s 
327138     INFO  main            d.u.i.k.p.i.AbstractProblemLoader Replaying proof simplify2.key.proof 
327146     DEBUG main            d.u.i.k.p.i.IntermediateProofReplayer Proof replay took 6.16ms 
327147     DEBUG main            d.u.i.k.p.r.p.TestFile    ... success: reloaded. 
327147     INFO  main            d.u.i.k.p.r.p.TestFile    Now processing file /home/runner/work/key/key/key.core/../key.ui/examples/standard_key/inEqSimp/simplify3.key 
327147     INFO  main            d.u.i.k.p.i.AbstractProblemLoader Loading environment from /home/runner/work/key/key/key.core/../key.ui/examples/standard_key/inEqSimp/simplify3.key 
327147     DEBUG main            d.u.i.k.p.i.AbstractProblemLoader Environment load took 49.5ns 
327148     INFO  main            d.u.i.k.p.i.AbstractProblemLoader Creating init config 
329517     DEBUG main            d.u.i.k.p.i.AbstractProblemLoader Init config took 2.37s 
329530     INFO  main            d.u.i.k.p.i.AbstractProblemLoader Replaying proof simplify3.key 
329531     DEBUG main            d.u.i.k.p.i.IntermediateProofReplayer Proof replay took 2.8ns 
329633     INFO  main            d.u.i.k.p.r.p.TestFile    ... finished proof: closed. 
330020     INFO  main            d.u.i.k.p.i.AbstractProblemLoader Loading environment from /home/runner/work/key/key/key.core/../key.ui/examples/standard_key/inEqSimp/simplify3.key.proof 
330020     DEBUG main            d.u.i.k.p.i.AbstractProblemLoader Environment load took 83.8ns 
330021     INFO  main            d.u.i.k.p.i.AbstractProblemLoader Creating init config 
332283     DEBUG main            d.u.i.k.p.i.AbstractProblemLoader Init config took 2.26s 
332299     INFO  main            d.u.i.k.p.i.AbstractProblemLoader Replaying proof simplify3.key.proof 
332301     DEBUG main            d.u.i.k.p.i.IntermediateProofReplayer Proof replay took 1.32ms 
332302     DEBUG main            d.u.i.k.p.r.p.TestFile    ... success: reloaded. 
332302     INFO  main            d.u.i.k.p.r.p.TestFile    Now processing file /home/runner/work/key/key/key.core/../key.ui/examples/standard_key/inEqSimp/simplify4.key 
332302     INFO  main            d.u.i.k.p.i.AbstractProblemLoader Loading environment from /home/runner/work/key/key/key.core/../key.ui/examples/standard_key/inEqSimp/simplify4.key 
332302     DEBUG main            d.u.i.k.p.i.AbstractProblemLoader Environment load took 45.5ns 
332303     INFO  main            d.u.i.k.p.i.AbstractProblemLoader Creating init config 
334595     DEBUG main            d.u.i.k.p.i.AbstractProblemLoader Init config took 2.29s 
334608     INFO  main            d.u.i.k.p.i.AbstractProblemLoader Replaying proof simplify4.key 
334609     DEBUG main            d.u.i.k.p.i.IntermediateProofReplayer Proof replay took 2.4ns 
334711     INFO  main            d.u.i.k.p.r.p.TestFile    ... finished proof: closed. 
335104     INFO  main            d.u.i.k.p.i.AbstractProblemLoader Loading environment from /home/runner/work/key/key/key.core/../key.ui/examples/standard_key/inEqSimp/simplify4.key.proof 
335104     DEBUG main            d.u.i.k.p.i.AbstractProblemLoader Environment load took 84.7ns 
335105     INFO  main            d.u.i.k.p.i.AbstractProblemLoader Creating init config 
337362     DEBUG main            d.u.i.k.p.i.AbstractProblemLoader Init config took 2.26s 
337376     INFO  main            d.u.i.k.p.i.AbstractProblemLoader Replaying proof simplify4.key.proof 
337383     DEBUG main            d.u.i.k.p.i.IntermediateProofReplayer Proof replay took 4.77ms 
337384     DEBUG main            d.u.i.k.p.r.p.TestFile    ... success: reloaded. 
337385     INFO  main            d.u.i.k.p.r.p.TestFile    Now processing file /home/runner/work/key/key/key.core/../key.ui/examples/standard_key/inEqSimp/simplify5.key 
337385     INFO  main            d.u.i.k.p.i.AbstractProblemLoader Loading environment from /home/runner/work/key/key/key.core/../key.ui/examples/standard_key/inEqSimp/simplify5.key 
337385     DEBUG main            d.u.i.k.p.i.AbstractProblemLoader Environment load took 184.4ns 
337386     INFO  main            d.u.i.k.p.i.AbstractProblemLoader Creating init config 
339670     DEBUG main            d.u.i.k.p.i.AbstractProblemLoader Init config took 2.28s 
339683     INFO  main            d.u.i.k.p.i.AbstractProblemLoader Replaying proof simplify5.key 
339686     DEBUG main            d.u.i.k.p.i.IntermediateProofReplayer Proof replay took 3.9ns 
340290     INFO  main            d.u.i.k.p.r.p.TestFile    ... finished proof: closed. 
340699     INFO  main            d.u.i.k.p.i.AbstractProblemLoader Loading environment from /home/runner/work/key/key/key.core/../key.ui/examples/standard_key/inEqSimp/simplify5.key.proof 
340700     DEBUG main            d.u.i.k.p.i.AbstractProblemLoader Environment load took 524.71ns 
340701     INFO  main            d.u.i.k.p.i.AbstractProblemLoader Creating init config 
342962     DEBUG main            d.u.i.k.p.i.AbstractProblemLoader Init config took 2.26s 
342976     INFO  main            d.u.i.k.p.i.AbstractProblemLoader Replaying proof simplify5.key.proof 
343013     DEBUG main            d.u.i.k.p.i.IntermediateProofReplayer Proof replay took 31.94ms 
343014     DEBUG main            d.u.i.k.p.r.p.TestFile    ... success: reloaded. 
343014     INFO  main            d.u.i.k.p.r.p.TestFile    Now processing file /home/runner/work/key/key/key.core/../key.ui/examples/standard_key/inEqSimp/subsumptionExample.key 
343015     INFO  main            d.u.i.k.p.i.AbstractProblemLoader Loading environment from /home/runner/work/key/key/key.core/../key.ui/examples/standard_key/inEqSimp/subsumptionExample.key 
343015     DEBUG main            d.u.i.k.p.i.AbstractProblemLoader Environment load took 75.3ns 
343016     INFO  main            d.u.i.k.p.i.AbstractProblemLoader Creating init config 
345303     DEBUG main            d.u.i.k.p.i.AbstractProblemLoader Init config took 2.29s 
345315     INFO  main            d.u.i.k.p.i.AbstractProblemLoader Replaying proof subsumptionExample.key 
345316     DEBUG main            d.u.i.k.p.i.IntermediateProofReplayer Proof replay took 2.8ns 
345418     INFO  main            d.u.i.k.p.r.p.TestFile    ... finished proof: closed. 
345825     INFO  main            d.u.i.k.p.i.AbstractProblemLoader Loading environment from /home/runner/work/key/key/key.core/../key.ui/examples/standard_key/inEqSimp/subsumptionExample.key.proof 
345825     DEBUG main            d.u.i.k.p.i.AbstractProblemLoader Environment load took 80ns 
345826     INFO  main            d.u.i.k.p.i.AbstractProblemLoader Creating init config 
348081     DEBUG main            d.u.i.k.p.i.AbstractProblemLoader Init config took 2.25s 
348094     INFO  main            d.u.i.k.p.i.AbstractProblemLoader Replaying proof subsumptionExample.key.proof 
348096     DEBUG main            d.u.i.k.p.i.IntermediateProofReplayer Proof replay took 589.21ns 
348097     DEBUG main            d.u.i.k.p.r.p.TestFile    ... success: reloaded. 
348097     INFO  main            d.u.i.k.p.r.p.TestFile    Now processing file /home/runner/work/key/key/key.core/../key.ui/examples/standard_key/polySimp/simplify0.key 
348097     INFO  main            d.u.i.k.p.i.AbstractProblemLoader Loading environment from /home/runner/work/key/key/key.core/../key.ui/examples/standard_key/polySimp/simplify0.key 
348098     DEBUG main            d.u.i.k.p.i.AbstractProblemLoader Environment load took 65.1ns 
348099     INFO  main            d.u.i.k.p.i.AbstractProblemLoader Creating init config 
350381     DEBUG main            d.u.i.k.p.i.AbstractProblemLoader Init config took 2.28s 
350394     INFO  main            d.u.i.k.p.i.AbstractProblemLoader Replaying proof simplify0.key 
350395     DEBUG main            d.u.i.k.p.i.IntermediateProofReplayer Proof replay took 2.6ns 
350600     INFO  main            d.u.i.k.p.r.p.TestFile    ... finished proof: closed. 
351020     INFO  main            d.u.i.k.p.i.AbstractProblemLoader Loading environment from /home/runner/work/key/key/key.core/../key.ui/examples/standard_key/polySimp/simplify0.key.proof 
351020     DEBUG main            d.u.i.k.p.i.AbstractProblemLoader Environment load took 87.4ns 
351021     INFO  main            d.u.i.k.p.i.AbstractProblemLoader Creating init config 
353300     DEBUG main            d.u.i.k.p.i.AbstractProblemLoader Init config took 2.28s 
353314     INFO  main            d.u.i.k.p.i.AbstractProblemLoader Replaying proof simplify0.key.proof 
353323     DEBUG main            d.u.i.k.p.i.IntermediateProofReplayer Proof replay took 4.5ms 
353324     DEBUG main            d.u.i.k.p.r.p.TestFile    ... success: reloaded. 
353325     INFO  main            d.u.i.k.p.r.p.TestFile    Now processing file /home/runner/work/key/key/key.core/../key.ui/examples/standard_key/polySimp/simplify1.key 
353326     INFO  main            d.u.i.k.p.i.AbstractProblemLoader Loading environment from /home/runner/work/key/key/key.core/../key.ui/examples/standard_key/polySimp/simplify1.key 
353326     DEBUG main            d.u.i.k.p.i.AbstractProblemLoader Environment load took 67.9ns 
353328     INFO  main            d.u.i.k.p.i.AbstractProblemLoader Creating init config 
355607     DEBUG main            d.u.i.k.p.i.AbstractProblemLoader Init config took 2.28s 
355620     INFO  main            d.u.i.k.p.i.AbstractProblemLoader Replaying proof simplify1.key 
355621     DEBUG main            d.u.i.k.p.i.IntermediateProofReplayer Proof replay took 3.2ns 
355923     INFO  main            d.u.i.k.p.r.p.TestFile    ... finished proof: closed. 
356360     INFO  main            d.u.i.k.p.i.AbstractProblemLoader Loading environment from /home/runner/work/key/key/key.core/../key.ui/examples/standard_key/polySimp/simplify1.key.proof 
356360     DEBUG main            d.u.i.k.p.i.AbstractProblemLoader Environment load took 84.8ns 
356362     INFO  main            d.u.i.k.p.i.AbstractProblemLoader Creating init config 
358612     DEBUG main            d.u.i.k.p.i.AbstractProblemLoader Init config took 2.25s 
358625     INFO  main            d.u.i.k.p.i.AbstractProblemLoader Replaying proof simplify1.key.proof 
358633     DEBUG main            d.u.i.k.p.i.IntermediateProofReplayer Proof replay took 6.28ms 
358634     DEBUG main            d.u.i.k.p.r.p.TestFile    ... success: reloaded. 
358635     INFO  main            d.u.i.k.p.r.p.TestFile    Now processing file /home/runner/work/key/key/key.core/../key.ui/examples/standard_key/polySimp/simplify10.key 
358635     INFO  main            d.u.i.k.p.i.AbstractProblemLoader Loading environment from /home/runner/work/key/key/key.core/../key.ui/examples/standard_key/polySimp/simplify10.key 
358635     DEBUG main            d.u.i.k.p.i.AbstractProblemLoader Environment load took 63.4ns 
358637     INFO  main            d.u.i.k.p.i.AbstractProblemLoader Creating init config 
360918     DEBUG main            d.u.i.k.p.i.AbstractProblemLoader Init config took 2.28s 
360932     INFO  main            d.u.i.k.p.i.AbstractProblemLoader Replaying proof simplify10.key 
360933     DEBUG main            d.u.i.k.p.i.IntermediateProofReplayer Proof replay took 3.9ns 
361136     INFO  main            d.u.i.k.p.r.p.TestFile    ... finished proof: closed. 
361577     INFO  main            d.u.i.k.p.i.AbstractProblemLoader Loading environment from /home/runner/work/key/key/key.core/../key.ui/examples/standard_key/polySimp/simplify10.key.proof 
361577     DEBUG main            d.u.i.k.p.i.AbstractProblemLoader Environment load took 108.1ns 
361579     INFO  main            d.u.i.k.p.i.AbstractProblemLoader Creating init config 
363834     DEBUG main            d.u.i.k.p.i.AbstractProblemLoader Init config took 2.25s 
363849     INFO  main            d.u.i.k.p.i.AbstractProblemLoader Replaying proof simplify10.key.proof 
363859     DEBUG main            d.u.i.k.p.i.IntermediateProofReplayer Proof replay took 8.13ms 
363860     DEBUG main            d.u.i.k.p.r.p.TestFile    ... success: reloaded. 
363861     INFO  main            d.u.i.k.p.r.p.TestFile    Now processing file /home/runner/work/key/key/key.core/../key.ui/examples/standard_key/polySimp/simplify11.key 
363861     INFO  main            d.u.i.k.p.i.AbstractProblemLoader Loading environment from /home/runner/work/key/key/key.core/../key.ui/examples/standard_key/polySimp/simplify11.key 
363861     DEBUG main            d.u.i.k.p.i.AbstractProblemLoader Environment load took 44ns 
363862     INFO  main            d.u.i.k.p.i.AbstractProblemLoader Creating init config 
366141     DEBUG main            d.u.i.k.p.i.AbstractProblemLoader Init config took 2.28s 
366154     INFO  main            d.u.i.k.p.i.AbstractProblemLoader Replaying proof simplify11.key 
366155     DEBUG main            d.u.i.k.p.i.IntermediateProofReplayer Proof replay took 2.9ns 
366357     INFO  main            d.u.i.k.p.r.p.TestFile    ... finished proof: closed. 
366806     INFO  main            d.u.i.k.p.i.AbstractProblemLoader Loading environment from /home/runner/work/key/key/key.core/../key.ui/examples/standard_key/polySimp/simplify11.key.proof 
366806     DEBUG main            d.u.i.k.p.i.AbstractProblemLoader Environment load took 89.8ns 
366808     INFO  main            d.u.i.k.p.i.AbstractProblemLoader Creating init config 
369067     DEBUG main            d.u.i.k.p.i.AbstractProblemLoader Init config took 2.26s 
369081     INFO  main            d.u.i.k.p.i.AbstractProblemLoader Replaying proof simplify11.key.proof 
369090     DEBUG main            d.u.i.k.p.i.IntermediateProofReplayer Proof replay took 7.02ms 
369091     DEBUG main            d.u.i.k.p.r.p.TestFile    ... success: reloaded. 
369092     INFO  main            d.u.i.k.p.r.p.TestFile    Now processing file /home/runner/work/key/key/key.core/../key.ui/examples/standard_key/polySimp/simplify12.key 
369092     INFO  main            d.u.i.k.p.i.AbstractProblemLoader Loading environment from /home/runner/work/key/key/key.core/../key.ui/examples/standard_key/polySimp/simplify12.key 
369092     DEBUG main            d.u.i.k.p.i.AbstractProblemLoader Environment load took 44ns 
369093     INFO  main            d.u.i.k.p.i.AbstractProblemLoader Creating init config 
371369     DEBUG main            d.u.i.k.p.i.AbstractProblemLoader Init config took 2.28s 
371381     INFO  main            d.u.i.k.p.i.AbstractProblemLoader Replaying proof simplify12.key 
371382     DEBUG main            d.u.i.k.p.i.IntermediateProofReplayer Proof replay took 2.7ns 
371484     INFO  main            d.u.i.k.p.r.p.TestFile    ... finished proof: closed. 
371915     INFO  main            d.u.i.k.p.i.AbstractProblemLoader Loading environment from /home/runner/work/key/key/key.core/../key.ui/examples/standard_key/polySimp/simplify12.key.proof 
371915     DEBUG main            d.u.i.k.p.i.AbstractProblemLoader Environment load took 87.5ns 
371917     INFO  main            d.u.i.k.p.i.AbstractProblemLoader Creating init config 
374169     DEBUG main            d.u.i.k.p.i.AbstractProblemLoader Init config took 2.25s 
374182     INFO  main            d.u.i.k.p.i.AbstractProblemLoader Replaying proof simplify12.key.proof 
374187     DEBUG main            d.u.i.k.p.i.IntermediateProofReplayer Proof replay took 3.34ms 
374188     DEBUG main            d.u.i.k.p.r.p.TestFile    ... success: reloaded. 
374189     INFO  main            d.u.i.k.p.r.p.TestFile    Now processing file /home/runner/work/key/key/key.core/../key.ui/examples/standard_key/polySimp/simplify13.key 
374189     INFO  main            d.u.i.k.p.i.AbstractProblemLoader Loading environment from /home/runner/work/key/key/key.core/../key.ui/examples/standard_key/polySimp/simplify13.key 
374189     DEBUG main            d.u.i.k.p.i.AbstractProblemLoader Environment load took 80ns 
374190     INFO  main            d.u.i.k.p.i.AbstractProblemLoader Creating init config 
376477     DEBUG main            d.u.i.k.p.i.AbstractProblemLoader Init config took 2.29s 
376490     INFO  main            d.u.i.k.p.i.AbstractProblemLoader Replaying proof simplify13.key 
376491     DEBUG main            d.u.i.k.p.i.IntermediateProofReplayer Proof replay took 2.5ns 
376593     INFO  main            d.u.i.k.p.r.p.TestFile    ... finished proof: closed. 
377027     INFO  main            d.u.i.k.p.i.AbstractProblemLoader Loading environment from /home/runner/work/key/key/key.core/../key.ui/examples/standard_key/polySimp/simplify13.key.proof 
377027     DEBUG main            d.u.i.k.p.i.AbstractProblemLoader Environment load took 96.1ns 
377028     INFO  main            d.u.i.k.p.i.AbstractProblemLoader Creating init config 
379293     DEBUG main            d.u.i.k.p.i.AbstractProblemLoader Init config took 2.26s 
379306     INFO  main            d.u.i.k.p.i.AbstractProblemLoader Replaying proof simplify13.key.proof 
379309     DEBUG main            d.u.i.k.p.i.IntermediateProofReplayer Proof replay took 2.12ms 
379310     DEBUG main            d.u.i.k.p.r.p.TestFile    ... success: reloaded. 
379311     INFO  main            d.u.i.k.p.r.p.TestFile    Now processing file /home/runner/work/key/key/key.core/../key.ui/examples/standard_key/polySimp/simplify14.key 
379311     INFO  main            d.u.i.k.p.i.AbstractProblemLoader Loading environment from /home/runner/work/key/key/key.core/../key.ui/examples/standard_key/polySimp/simplify14.key 
379311     DEBUG main            d.u.i.k.p.i.AbstractProblemLoader Environment load took 81.4ns 
379312     INFO  main            d.u.i.k.p.i.AbstractProblemLoader Creating init config 
381601     DEBUG main            d.u.i.k.p.i.AbstractProblemLoader Init config took 2.29s 
381615     INFO  main            d.u.i.k.p.i.AbstractProblemLoader Replaying proof simplify14.key 
381615     DEBUG main            d.u.i.k.p.i.IntermediateProofReplayer Proof replay took 2.8ns 
381717     INFO  main            d.u.i.k.p.r.p.TestFile    ... finished proof: closed. 
382143     INFO  main            d.u.i.k.p.i.AbstractProblemLoader Loading environment from /home/runner/work/key/key/key.core/../key.ui/examples/standard_key/polySimp/simplify14.key.proof 
382143     DEBUG main            d.u.i.k.p.i.AbstractProblemLoader Environment load took 85.5ns 
382144     INFO  main            d.u.i.k.p.i.AbstractProblemLoader Creating init config 
384401     DEBUG main            d.u.i.k.p.i.AbstractProblemLoader Init config took 2.26s 
384415     INFO  main            d.u.i.k.p.i.AbstractProblemLoader Replaying proof simplify14.key.proof 
384417     DEBUG main            d.u.i.k.p.i.IntermediateProofReplayer Proof replay took 447.8ns 
384418     DEBUG main            d.u.i.k.p.r.p.TestFile    ... success: reloaded. 
384418     INFO  main            d.u.i.k.p.r.p.TestFile    Now processing file /home/runner/work/key/key/key.core/../key.ui/examples/standard_key/polySimp/simplify15.key 
384418     INFO  main            d.u.i.k.p.i.AbstractProblemLoader Loading environment from /home/runner/work/key/key/key.core/../key.ui/examples/standard_key/polySimp/simplify15.key 
384418     DEBUG main            d.u.i.k.p.i.AbstractProblemLoader Environment load took 47ns 
384419     INFO  main            d.u.i.k.p.i.AbstractProblemLoader Creating init config 
386698     DEBUG main            d.u.i.k.p.i.AbstractProblemLoader Init config took 2.28s 
386711     INFO  main            d.u.i.k.p.i.AbstractProblemLoader Replaying proof simplify15.key 
386712     DEBUG main            d.u.i.k.p.i.IntermediateProofReplayer Proof replay took 3ns 
386814     INFO  main            d.u.i.k.p.r.p.TestFile    ... finished proof: closed. 
387266     INFO  main            d.u.i.k.p.i.AbstractProblemLoader Loading environment from /home/runner/work/key/key/key.core/../key.ui/examples/standard_key/polySimp/simplify15.key.proof 
387266     DEBUG main            d.u.i.k.p.i.AbstractProblemLoader Environment load took 83.4ns 
387267     INFO  main            d.u.i.k.p.i.AbstractProblemLoader Creating init config 
389520     DEBUG main            d.u.i.k.p.i.AbstractProblemLoader Init config took 2.25s 
389533     INFO  main            d.u.i.k.p.i.AbstractProblemLoader Replaying proof simplify15.key.proof 
389534     DEBUG main            d.u.i.k.p.i.IntermediateProofReplayer Proof replay took 305.5ns 
389535     DEBUG main            d.u.i.k.p.r.p.TestFile    ... success: reloaded. 
389535     INFO  main            d.u.i.k.p.r.p.TestFile    Now processing file /home/runner/work/key/key/key.core/../key.ui/examples/standard_key/polySimp/simplify16.key 
389536     INFO  main            d.u.i.k.p.i.AbstractProblemLoader Loading environment from /home/runner/work/key/key/key.core/../key.ui/examples/standard_key/polySimp/simplify16.key 
389536     DEBUG main            d.u.i.k.p.i.AbstractProblemLoader Environment load took 83ns 
389537     INFO  main            d.u.i.k.p.i.AbstractProblemLoader Creating init config 
391816     DEBUG main            d.u.i.k.p.i.AbstractProblemLoader Init config took 2.28s 
391829     INFO  main            d.u.i.k.p.i.AbstractProblemLoader Replaying proof simplify16.key 
391830     DEBUG main            d.u.i.k.p.i.IntermediateProofReplayer Proof replay took 3.6ns 
391931     INFO  main            d.u.i.k.p.r.p.TestFile    ... finished proof: closed. 
392368     INFO  main            d.u.i.k.p.i.AbstractProblemLoader Loading environment from /home/runner/work/key/key/key.core/../key.ui/examples/standard_key/polySimp/simplify16.key.proof 
392368     DEBUG main            d.u.i.k.p.i.AbstractProblemLoader Environment load took 78.2ns 
392369     INFO  main            d.u.i.k.p.i.AbstractProblemLoader Creating init config 
394625     DEBUG main            d.u.i.k.p.i.AbstractProblemLoader Init config took 2.26s 
394637     INFO  main            d.u.i.k.p.i.AbstractProblemLoader Replaying proof simplify16.key.proof 
394639     DEBUG main            d.u.i.k.p.i.IntermediateProofReplayer Proof replay took 214.5ns 
394639     DEBUG main            d.u.i.k.p.r.p.TestFile    ... success: reloaded. 
394640     INFO  main            d.u.i.k.p.r.p.TestFile    Now processing file /home/runner/work/key/key/key.core/../key.ui/examples/standard_key/polySimp/simplify17.key 
394640     INFO  main            d.u.i.k.p.i.AbstractProblemLoader Loading environment from /home/runner/work/key/key/key.core/../key.ui/examples/standard_key/polySimp/simplify17.key 
394640     DEBUG main            d.u.i.k.p.i.AbstractProblemLoader Environment load took 43.8ns 
394641     INFO  main            d.u.i.k.p.i.AbstractProblemLoader Creating init config 
396936     DEBUG main            d.u.i.k.p.i.AbstractProblemLoader Init config took 2.29s 
396948     INFO  main            d.u.i.k.p.i.AbstractProblemLoader Replaying proof simplify17.key 
396949     DEBUG main            d.u.i.k.p.i.IntermediateProofReplayer Proof replay took 2.6ns 
397051     INFO  main            d.u.i.k.p.r.p.TestFile    ... finished proof: closed. 
397501     INFO  main            d.u.i.k.p.i.AbstractProblemLoader Loading environment from /home/runner/work/key/key/key.core/../key.ui/examples/standard_key/polySimp/simplify17.key.proof 
397501     DEBUG main            d.u.i.k.p.i.AbstractProblemLoader Environment load took 82.5ns 
397502     INFO  main            d.u.i.k.p.i.AbstractProblemLoader Creating init config 
399766     DEBUG main            d.u.i.k.p.i.AbstractProblemLoader Init config took 2.26s 
399779     INFO  main            d.u.i.k.p.i.AbstractProblemLoader Replaying proof simplify17.key.proof 
399783     DEBUG main            d.u.i.k.p.i.IntermediateProofReplayer Proof replay took 2.69ms 
399784     DEBUG main            d.u.i.k.p.r.p.TestFile    ... success: reloaded. 
399784     INFO  main            d.u.i.k.p.r.p.TestFile    Now processing file /home/runner/work/key/key/key.core/../key.ui/examples/standard_key/polySimp/simplify18.key 
399784     INFO  main            d.u.i.k.p.i.AbstractProblemLoader Loading environment from /home/runner/work/key/key/key.core/../key.ui/examples/standard_key/polySimp/simplify18.key 
399784     DEBUG main            d.u.i.k.p.i.AbstractProblemLoader Environment load took 63.7ns 
399785     INFO  main            d.u.i.k.p.i.AbstractProblemLoader Creating init config 
402085     DEBUG main            d.u.i.k.p.i.AbstractProblemLoader Init config took 2.3s 
402100     INFO  main            d.u.i.k.p.i.AbstractProblemLoader Replaying proof simplify18.key 
402100     DEBUG main            d.u.i.k.p.i.IntermediateProofReplayer Proof replay took 2.7ns 
402303     INFO  main            d.u.i.k.p.r.p.TestFile    ... finished proof: closed. 
402768     INFO  main            d.u.i.k.p.i.AbstractProblemLoader Loading environment from /home/runner/work/key/key/key.core/../key.ui/examples/standard_key/polySimp/simplify18.key.proof 
402768     DEBUG main            d.u.i.k.p.i.AbstractProblemLoader Environment load took 90.1ns 
402769     INFO  main            d.u.i.k.p.i.AbstractProblemLoader Creating init config 
405025     DEBUG main            d.u.i.k.p.i.AbstractProblemLoader Init config took 2.26s 
405038     INFO  main            d.u.i.k.p.i.AbstractProblemLoader Replaying proof simplify18.key.proof 
405046     DEBUG main            d.u.i.k.p.i.IntermediateProofReplayer Proof replay took 5.71ms 
405047     DEBUG main            d.u.i.k.p.r.p.TestFile    ... success: reloaded. 
405047     INFO  main            d.u.i.k.p.r.p.TestFile    Now processing file /home/runner/work/key/key/key.core/../key.ui/examples/standard_key/polySimp/simplify19.key 
405048     INFO  main            d.u.i.k.p.i.AbstractProblemLoader Loading environment from /home/runner/work/key/key/key.core/../key.ui/examples/standard_key/polySimp/simplify19.key 
405048     DEBUG main            d.u.i.k.p.i.AbstractProblemLoader Environment load took 51.4ns 
405049     INFO  main            d.u.i.k.p.i.AbstractProblemLoader Creating init config 
407354     DEBUG main            d.u.i.k.p.i.AbstractProblemLoader Init config took 2.31s 
407367     INFO  main            d.u.i.k.p.i.AbstractProblemLoader Replaying proof simplify19.key 
407368     DEBUG main            d.u.i.k.p.i.IntermediateProofReplayer Proof replay took 3.2ns 
410477     INFO  main            d.u.i.k.p.r.p.TestFile    ... finished proof: closed. 
410979     INFO  main            d.u.i.k.p.i.AbstractProblemLoader Loading environment from /home/runner/work/key/key/key.core/../key.ui/examples/standard_key/polySimp/simplify19.key.proof 
410980     DEBUG main            d.u.i.k.p.i.AbstractProblemLoader Environment load took 421.8ns 
410982     INFO  main            d.u.i.k.p.i.AbstractProblemLoader Creating init config 
413255     DEBUG main            d.u.i.k.p.i.AbstractProblemLoader Init config took 2.27s 
413269     INFO  main            d.u.i.k.p.i.AbstractProblemLoader Replaying proof simplify19.key.proof 
413366     DEBUG main            d.u.i.k.p.i.IntermediateProofReplayer Proof replay took 84.76ms 
413368     DEBUG main            d.u.i.k.p.r.p.TestFile    ... success: reloaded. 
413369     INFO  main            d.u.i.k.p.r.p.TestFile    Now processing file /home/runner/work/key/key/key.core/../key.ui/examples/standard_key/polySimp/simplify2.key 
413369     INFO  main            d.u.i.k.p.i.AbstractProblemLoader Loading environment from /home/runner/work/key/key/key.core/../key.ui/examples/standard_key/polySimp/simplify2.key 
413369     DEBUG main            d.u.i.k.p.i.AbstractProblemLoader Environment load took 200.1ns 
413370     INFO  main            d.u.i.k.p.i.AbstractProblemLoader Creating init config 
415682     DEBUG main            d.u.i.k.p.i.AbstractProblemLoader Init config took 2.31s 
415695     INFO  main            d.u.i.k.p.i.AbstractProblemLoader Replaying proof simplify2.key 
415697     DEBUG main            d.u.i.k.p.i.IntermediateProofReplayer Proof replay took 3.6ns 
415798     INFO  main            d.u.i.k.p.r.p.TestFile    ... finished proof: closed. 
416308     INFO  main            d.u.i.k.p.i.AbstractProblemLoader Loading environment from /home/runner/work/key/key/key.core/../key.ui/examples/standard_key/polySimp/simplify2.key.proof 
416308     DEBUG main            d.u.i.k.p.i.AbstractProblemLoader Environment load took 81.9ns 
416309     INFO  main            d.u.i.k.p.i.AbstractProblemLoader Creating init config 
418570     DEBUG main            d.u.i.k.p.i.AbstractProblemLoader Init config took 2.26s 
418583     INFO  main            d.u.i.k.p.i.AbstractProblemLoader Replaying proof simplify2.key.proof 
418585     DEBUG main            d.u.i.k.p.i.IntermediateProofReplayer Proof replay took 505.8ns 
418586     DEBUG main            d.u.i.k.p.r.p.TestFile    ... success: reloaded. 
418586     INFO  main            d.u.i.k.p.r.p.TestFile    Now processing file /home/runner/work/key/key/key.core/../key.ui/examples/standard_key/polySimp/simplify20.key 
418586     INFO  main            d.u.i.k.p.i.AbstractProblemLoader Loading environment from /home/runner/work/key/key/key.core/../key.ui/examples/standard_key/polySimp/simplify20.key 
418586     DEBUG main            d.u.i.k.p.i.AbstractProblemLoader Environment load took 44ns 
418587     INFO  main            d.u.i.k.p.i.AbstractProblemLoader Creating init config 
420873     DEBUG main            d.u.i.k.p.i.AbstractProblemLoader Init config took 2.29s 
420886     INFO  main            d.u.i.k.p.i.AbstractProblemLoader Replaying proof simplify20.key 
420888     DEBUG main            d.u.i.k.p.i.IntermediateProofReplayer Proof replay took 2.5ns 
421592     INFO  main            d.u.i.k.p.r.p.TestFile    ... finished proof: closed. 
422096     INFO  main            d.u.i.k.p.i.AbstractProblemLoader Loading environment from /home/runner/work/key/key/key.core/../key.ui/examples/standard_key/polySimp/simplify20.key.proof 
422096     DEBUG main            d.u.i.k.p.i.AbstractProblemLoader Environment load took 380.8ns 
422098     INFO  main            d.u.i.k.p.i.AbstractProblemLoader Creating init config 
424356     DEBUG main            d.u.i.k.p.i.AbstractProblemLoader Init config took 2.26s 
424370     INFO  main            d.u.i.k.p.i.AbstractProblemLoader Replaying proof simplify20.key.proof 
424400     DEBUG main            d.u.i.k.p.i.IntermediateProofReplayer Proof replay took 24.6ms 
424401     DEBUG main            d.u.i.k.p.r.p.TestFile    ... success: reloaded. 
424401     INFO  main            d.u.i.k.p.r.p.TestFile    Now processing file /home/runner/work/key/key/key.core/../key.ui/examples/standard_key/polySimp/simplify21.key 
424402     INFO  main            d.u.i.k.p.i.AbstractProblemLoader Loading environment from /home/runner/work/key/key/key.core/../key.ui/examples/standard_key/polySimp/simplify21.key 
424402     DEBUG main            d.u.i.k.p.i.AbstractProblemLoader Environment load took 79.3ns 
424404     INFO  main            d.u.i.k.p.i.AbstractProblemLoader Creating init config 
426703     DEBUG main            d.u.i.k.p.i.AbstractProblemLoader Init config took 2.3s 
426717     INFO  main            d.u.i.k.p.i.AbstractProblemLoader Replaying proof simplify21.key 
426718     DEBUG main            d.u.i.k.p.i.IntermediateProofReplayer Proof replay took 2.7ns 
427323     INFO  main            d.u.i.k.p.r.p.TestFile    ... finished proof: closed. 
427846     INFO  main            d.u.i.k.p.i.AbstractProblemLoader Loading environment from /home/runner/work/key/key/key.core/../key.ui/examples/standard_key/polySimp/simplify21.key.proof 
427846     DEBUG main            d.u.i.k.p.i.AbstractProblemLoader Environment load took 92ns 
427848     INFO  main            d.u.i.k.p.i.AbstractProblemLoader Creating init config 
430116     DEBUG main            d.u.i.k.p.i.AbstractProblemLoader Init config took 2.27s 
430132     INFO  main            d.u.i.k.p.i.AbstractProblemLoader Replaying proof simplify21.key.proof 
430153     DEBUG main            d.u.i.k.p.i.IntermediateProofReplayer Proof replay took 17.67ms 
430156     DEBUG main            d.u.i.k.p.r.p.TestFile    ... success: reloaded. 
430156     INFO  main            d.u.i.k.p.r.p.TestFile    Now processing file /home/runner/work/key/key/key.core/../key.ui/examples/standard_key/polySimp/simplify22.key 
430156     INFO  main            d.u.i.k.p.i.AbstractProblemLoader Loading environment from /home/runner/work/key/key/key.core/../key.ui/examples/standard_key/polySimp/simplify22.key 
430156     DEBUG main            d.u.i.k.p.i.AbstractProblemLoader Environment load took 81.4ns 
430157     INFO  main            d.u.i.k.p.i.AbstractProblemLoader Creating init config 
432453     DEBUG main            d.u.i.k.p.i.AbstractProblemLoader Init config took 2.3s 
432465     INFO  main            d.u.i.k.p.i.AbstractProblemLoader Replaying proof simplify22.key 
432466     DEBUG main            d.u.i.k.p.i.IntermediateProofReplayer Proof replay took 2.3ns 
432568     INFO  main            d.u.i.k.p.r.p.TestFile    ... finished proof: closed. 
433072     INFO  main            d.u.i.k.p.i.AbstractProblemLoader Loading environment from /home/runner/work/key/key/key.core/../key.ui/examples/standard_key/polySimp/simplify22.key.proof 
433072     DEBUG main            d.u.i.k.p.i.AbstractProblemLoader Environment load took 86.4ns 
433073     INFO  main            d.u.i.k.p.i.AbstractProblemLoader Creating init config 
435334     DEBUG main            d.u.i.k.p.i.AbstractProblemLoader Init config took 2.26s 
435346     INFO  main            d.u.i.k.p.i.AbstractProblemLoader Replaying proof simplify22.key.proof 
435350     DEBUG main            d.u.i.k.p.i.IntermediateProofReplayer Proof replay took 1.88ms 
435355     DEBUG main            d.u.i.k.p.r.p.TestFile    ... success: reloaded. 
435356     INFO  main            d.u.i.k.p.r.p.TestFile    Now processing file /home/runner/work/key/key/key.core/../key.ui/examples/standard_key/polySimp/simplify23.key 
435356     INFO  main            d.u.i.k.p.i.AbstractProblemLoader Loading environment from /home/runner/work/key/key/key.core/../key.ui/examples/standard_key/polySimp/simplify23.key 
435356     DEBUG main            d.u.i.k.p.i.AbstractProblemLoader Environment load took 82.9ns 
435357     INFO  main            d.u.i.k.p.i.AbstractProblemLoader Creating init config 
437660     DEBUG main            d.u.i.k.p.i.AbstractProblemLoader Init config took 2.3s 
437673     INFO  main            d.u.i.k.p.i.AbstractProblemLoader Replaying proof simplify23.key 
437674     DEBUG main            d.u.i.k.p.i.IntermediateProofReplayer Proof replay took 3.7ns 
437776     INFO  main            d.u.i.k.p.r.p.TestFile    ... finished proof: closed. 
438273     INFO  main            d.u.i.k.p.i.AbstractProblemLoader Loading environment from /home/runner/work/key/key/key.core/../key.ui/examples/standard_key/polySimp/simplify23.key.proof 
438273     DEBUG main            d.u.i.k.p.i.AbstractProblemLoader Environment load took 130ns 
438274     INFO  main            d.u.i.k.p.i.AbstractProblemLoader Creating init config 
440529     DEBUG main            d.u.i.k.p.i.AbstractProblemLoader Init config took 2.26s 
440542     INFO  main            d.u.i.k.p.i.AbstractProblemLoader Replaying proof simplify23.key.proof 
440549     DEBUG main            d.u.i.k.p.i.IntermediateProofReplayer Proof replay took 5.06ms 
440550     DEBUG main            d.u.i.k.p.r.p.TestFile    ... success: reloaded. 
440550     INFO  main            d.u.i.k.p.r.p.TestFile    Now processing file /home/runner/work/key/key/key.core/../key.ui/examples/standard_key/polySimp/simplify24.key 
440551     INFO  main            d.u.i.k.p.i.AbstractProblemLoader Loading environment from /home/runner/work/key/key/key.core/../key.ui/examples/standard_key/polySimp/simplify24.key 
440551     DEBUG main            d.u.i.k.p.i.AbstractProblemLoader Environment load took 104.1ns 
440551     INFO  main            d.u.i.k.p.i.AbstractProblemLoader Creating init config 
442845     DEBUG main            d.u.i.k.p.i.AbstractProblemLoader Init config took 2.29s 
442858     INFO  main            d.u.i.k.p.i.AbstractProblemLoader Replaying proof simplify24.key 
442859     DEBUG main            d.u.i.k.p.i.IntermediateProofReplayer Proof replay took 2.7ns 
442960     INFO  main            d.u.i.k.p.r.p.TestFile    ... finished proof: closed. 
443448     INFO  main            d.u.i.k.p.i.AbstractProblemLoader Loading environment from /home/runner/work/key/key/key.core/../key.ui/examples/standard_key/polySimp/simplify24.key.proof 
443448     DEBUG main            d.u.i.k.p.i.AbstractProblemLoader Environment load took 88.4ns 
443449     INFO  main            d.u.i.k.p.i.AbstractProblemLoader Creating init config 
445699     DEBUG main            d.u.i.k.p.i.AbstractProblemLoader Init config took 2.25s 
445712     INFO  main            d.u.i.k.p.i.AbstractProblemLoader Replaying proof simplify24.key.proof 
445715     DEBUG main            d.u.i.k.p.i.IntermediateProofReplayer Proof replay took 1.01ms 
445715     DEBUG main            d.u.i.k.p.r.p.TestFile    ... success: reloaded. 
445716     INFO  main            d.u.i.k.p.r.p.TestFile    Now processing file /home/runner/work/key/key/key.core/../key.ui/examples/standard_key/polySimp/simplify25.key 
445716     INFO  main            d.u.i.k.p.i.AbstractProblemLoader Loading environment from /home/runner/work/key/key/key.core/../key.ui/examples/standard_key/polySimp/simplify25.key 
445716     DEBUG main            d.u.i.k.p.i.AbstractProblemLoader Environment load took 60.8ns 
445717     INFO  main            d.u.i.k.p.i.AbstractProblemLoader Creating init config 
448003     DEBUG main            d.u.i.k.p.i.AbstractProblemLoader Init config took 2.29s 
448018     INFO  main            d.u.i.k.p.i.AbstractProblemLoader Replaying proof simplify25.key 
448019     DEBUG main            d.u.i.k.p.i.IntermediateProofReplayer Proof replay took 2.8ns 
448120     INFO  main            d.u.i.k.p.r.p.TestFile    ... finished proof: closed. 
448619     INFO  main            d.u.i.k.p.i.AbstractProblemLoader Loading environment from /home/runner/work/key/key/key.core/../key.ui/examples/standard_key/polySimp/simplify25.key.proof 
448619     DEBUG main            d.u.i.k.p.i.AbstractProblemLoader Environment load took 88.2ns 
448620     INFO  main            d.u.i.k.p.i.AbstractProblemLoader Creating init config 
450873     DEBUG main            d.u.i.k.p.i.AbstractProblemLoader Init config took 2.25s 
450886     INFO  main            d.u.i.k.p.i.AbstractProblemLoader Replaying proof simplify25.key.proof 
450889     DEBUG main            d.u.i.k.p.i.IntermediateProofReplayer Proof replay took 1.39ms 
450889     DEBUG main            d.u.i.k.p.r.p.TestFile    ... success: reloaded. 
450890     INFO  main            d.u.i.k.p.r.p.TestFile    Now processing file /home/runner/work/key/key/key.core/../key.ui/examples/standard_key/polySimp/simplify3.key 
450890     INFO  main            d.u.i.k.p.i.AbstractProblemLoader Loading environment from /home/runner/work/key/key/key.core/../key.ui/examples/standard_key/polySimp/simplify3.key 
450890     DEBUG main            d.u.i.k.p.i.AbstractProblemLoader Environment load took 46.3ns 
450890     INFO  main            d.u.i.k.p.i.AbstractProblemLoader Creating init config 
453195     DEBUG main            d.u.i.k.p.i.AbstractProblemLoader Init config took 2.3s 
453207     INFO  main            d.u.i.k.p.i.AbstractProblemLoader Replaying proof simplify3.key 
453208     DEBUG main            d.u.i.k.p.i.IntermediateProofReplayer Proof replay took 3.8ns 
453310     INFO  main            d.u.i.k.p.r.p.TestFile    ... finished proof: closed. 
453807     INFO  main            d.u.i.k.p.i.AbstractProblemLoader Loading environment from /home/runner/work/key/key/key.core/../key.ui/examples/standard_key/polySimp/simplify3.key.proof 
453807     DEBUG main            d.u.i.k.p.i.AbstractProblemLoader Environment load took 81.4ns 
453808     INFO  main            d.u.i.k.p.i.AbstractProblemLoader Creating init config 
456067     DEBUG main            d.u.i.k.p.i.AbstractProblemLoader Init config took 2.26s 
456080     INFO  main            d.u.i.k.p.i.AbstractProblemLoader Replaying proof simplify3.key.proof 
456082     DEBUG main            d.u.i.k.p.i.IntermediateProofReplayer Proof replay took 498.1ns 
456082     DEBUG main            d.u.i.k.p.r.p.TestFile    ... success: reloaded. 
456083     INFO  main            d.u.i.k.p.r.p.TestFile    Now processing file /home/runner/work/key/key/key.core/../key.ui/examples/standard_key/polySimp/simplify4.key 
456083     INFO  main            d.u.i.k.p.i.AbstractProblemLoader Loading environment from /home/runner/work/key/key/key.core/../key.ui/examples/standard_key/polySimp/simplify4.key 
456083     DEBUG main            d.u.i.k.p.i.AbstractProblemLoader Environment load took 46.4ns 
456084     INFO  main            d.u.i.k.p.i.AbstractProblemLoader Creating init config 
458391     DEBUG main            d.u.i.k.p.i.AbstractProblemLoader Init config took 2.31s 
458404     INFO  main            d.u.i.k.p.i.AbstractProblemLoader Replaying proof simplify4.key 
458405     DEBUG main            d.u.i.k.p.i.IntermediateProofReplayer Proof replay took 3.1ns 
458506     INFO  main            d.u.i.k.p.r.p.TestFile    ... finished proof: closed. 
459010     INFO  main            d.u.i.k.p.i.AbstractProblemLoader Loading environment from /home/runner/work/key/key/key.core/../key.ui/examples/standard_key/polySimp/simplify4.key.proof 
459010     DEBUG main            d.u.i.k.p.i.AbstractProblemLoader Environment load took 86.8ns 
459011     INFO  main            d.u.i.k.p.i.AbstractProblemLoader Creating init config 
461277     DEBUG main            d.u.i.k.p.i.AbstractProblemLoader Init config took 2.27s 
461290     INFO  main            d.u.i.k.p.i.AbstractProblemLoader Replaying proof simplify4.key.proof 
461291     DEBUG main            d.u.i.k.p.i.IntermediateProofReplayer Proof replay took 613.2ns 
461292     DEBUG main            d.u.i.k.p.r.p.TestFile    ... success: reloaded. 
461293     INFO  main            d.u.i.k.p.r.p.TestFile    Now processing file /home/runner/work/key/key/key.core/../key.ui/examples/standard_key/polySimp/simplify5.key 
461293     INFO  main            d.u.i.k.p.i.AbstractProblemLoader Loading environment from /home/runner/work/key/key/key.core/../key.ui/examples/standard_key/polySimp/simplify5.key 
461293     DEBUG main            d.u.i.k.p.i.AbstractProblemLoader Environment load took 43.6ns 
461294     INFO  main            d.u.i.k.p.i.AbstractProblemLoader Creating init config 
463589     DEBUG main            d.u.i.k.p.i.AbstractProblemLoader Init config took 2.3s 
463602     INFO  main            d.u.i.k.p.i.AbstractProblemLoader Replaying proof simplify5.key 
463603     DEBUG main            d.u.i.k.p.i.IntermediateProofReplayer Proof replay took 2.8ns 
463705     INFO  main            d.u.i.k.p.r.p.TestFile    ... finished proof: closed. 
464213     INFO  main            d.u.i.k.p.i.AbstractProblemLoader Loading environment from /home/runner/work/key/key/key.core/../key.ui/examples/standard_key/polySimp/simplify5.key.proof 
464213     DEBUG main            d.u.i.k.p.i.AbstractProblemLoader Environment load took 93ns 
464214     INFO  main            d.u.i.k.p.i.AbstractProblemLoader Creating init config 
466477     DEBUG main            d.u.i.k.p.i.AbstractProblemLoader Init config took 2.26s 
466490     INFO  main            d.u.i.k.p.i.AbstractProblemLoader Replaying proof simplify5.key.proof 
466494     DEBUG main            d.u.i.k.p.i.IntermediateProofReplayer Proof replay took 2.16ms 
466494     DEBUG main            d.u.i.k.p.r.p.TestFile    ... success: reloaded. 
466495     INFO  main            d.u.i.k.p.r.p.TestFile    Now processing file /home/runner/work/key/key/key.core/../key.ui/examples/standard_key/polySimp/simplify6.key 
466495     INFO  main            d.u.i.k.p.i.AbstractProblemLoader Loading environment from /home/runner/work/key/key/key.core/../key.ui/examples/standard_key/polySimp/simplify6.key 
466495     DEBUG main            d.u.i.k.p.i.AbstractProblemLoader Environment load took 45.1ns 
466496     INFO  main            d.u.i.k.p.i.AbstractProblemLoader Creating init config 
468790     DEBUG main            d.u.i.k.p.i.AbstractProblemLoader Init config took 2.29s 
468803     INFO  main            d.u.i.k.p.i.AbstractProblemLoader Replaying proof simplify6.key 
468805     DEBUG main            d.u.i.k.p.i.IntermediateProofReplayer Proof replay took 2.6ns 
468906     INFO  main            d.u.i.k.p.r.p.TestFile    ... finished proof: closed. 
469415     INFO  main            d.u.i.k.p.i.AbstractProblemLoader Loading environment from /home/runner/work/key/key/key.core/../key.ui/examples/standard_key/polySimp/simplify6.key.proof 
469415     DEBUG main            d.u.i.k.p.i.AbstractProblemLoader Environment load took 78.9ns 
469416     INFO  main            d.u.i.k.p.i.AbstractProblemLoader Creating init config 
471679     DEBUG main            d.u.i.k.p.i.AbstractProblemLoader Init config took 2.26s 
471693     INFO  main            d.u.i.k.p.i.AbstractProblemLoader Replaying proof simplify6.key.proof 
471694     DEBUG main            d.u.i.k.p.i.IntermediateProofReplayer Proof replay took 146.2ns 
471695     DEBUG main            d.u.i.k.p.r.p.TestFile    ... success: reloaded. 
471695     INFO  main            d.u.i.k.p.r.p.TestFile    Now processing file /home/runner/work/key/key/key.core/../key.ui/examples/standard_key/polySimp/simplify7.key 
471695     INFO  main            d.u.i.k.p.i.AbstractProblemLoader Loading environment from /home/runner/work/key/key/key.core/../key.ui/examples/standard_key/polySimp/simplify7.key 
471695     DEBUG main            d.u.i.k.p.i.AbstractProblemLoader Environment load took 44.8ns 
471696     INFO  main            d.u.i.k.p.i.AbstractProblemLoader Creating init config 
473995     DEBUG main            d.u.i.k.p.i.AbstractProblemLoader Init config took 2.3s 
474008     INFO  main            d.u.i.k.p.i.AbstractProblemLoader Replaying proof simplify7.key 
474009     DEBUG main            d.u.i.k.p.i.IntermediateProofReplayer Proof replay took 2.4ns 
474111     INFO  main            d.u.i.k.p.r.p.TestFile    ... finished proof: closed. 
474633     INFO  main            d.u.i.k.p.i.AbstractProblemLoader Loading environment from /home/runner/work/key/key/key.core/../key.ui/examples/standard_key/polySimp/simplify7.key.proof 
474633     DEBUG main            d.u.i.k.p.i.AbstractProblemLoader Environment load took 85.5ns 
474634     INFO  main            d.u.i.k.p.i.AbstractProblemLoader Creating init config 
476894     DEBUG main            d.u.i.k.p.i.AbstractProblemLoader Init config took 2.26s 
476908     INFO  main            d.u.i.k.p.i.AbstractProblemLoader Replaying proof simplify7.key.proof 
476909     DEBUG main            d.u.i.k.p.i.IntermediateProofReplayer Proof replay took 258.2ns 
476910     DEBUG main            d.u.i.k.p.r.p.TestFile    ... success: reloaded. 
476911     INFO  main            d.u.i.k.p.r.p.TestFile    Now processing file /home/runner/work/key/key/key.core/../key.ui/examples/standard_key/polySimp/simplify8.key 
476911     INFO  main            d.u.i.k.p.i.AbstractProblemLoader Loading environment from /home/runner/work/key/key/key.core/../key.ui/examples/standard_key/polySimp/simplify8.key 
476911     DEBUG main            d.u.i.k.p.i.AbstractProblemLoader Environment load took 66.1ns 
476914     INFO  main            d.u.i.k.p.i.AbstractProblemLoader Creating init config 
479208     DEBUG main            d.u.i.k.p.i.AbstractProblemLoader Init config took 2.29s 
479224     INFO  main            d.u.i.k.p.i.AbstractProblemLoader Replaying proof simplify8.key 
479225     DEBUG main            d.u.i.k.p.i.IntermediateProofReplayer Proof replay took 2.9ns 
483300     INFO  main            d.u.i.k.p.r.p.TestFile    ... finished proof: closed. 
483837     INFO  main            d.u.i.k.p.i.AbstractProblemLoader Loading environment from /home/runner/work/key/key/key.core/../key.ui/examples/standard_key/polySimp/simplify8.key.proof 
483837     DEBUG main            d.u.i.k.p.i.AbstractProblemLoader Environment load took 88.9ns 
483839     INFO  main            d.u.i.k.p.i.AbstractProblemLoader Creating init config 
486114     DEBUG main            d.u.i.k.p.i.AbstractProblemLoader Init config took 2.28s 
486130     INFO  main            d.u.i.k.p.i.AbstractProblemLoader Replaying proof simplify8.key.proof 
486175     DEBUG main            d.u.i.k.p.i.IntermediateProofReplayer Proof replay took 40.18ms 
486177     DEBUG main            d.u.i.k.p.r.p.TestFile    ... success: reloaded. 
486177     INFO  main            d.u.i.k.p.r.p.TestFile    Now processing file /home/runner/work/key/key/key.core/../key.ui/examples/standard_key/polySimp/simplify9.key 
486178     INFO  main            d.u.i.k.p.i.AbstractProblemLoader Loading environment from /home/runner/work/key/key/key.core/../key.ui/examples/standard_key/polySimp/simplify9.key 
486178     DEBUG main            d.u.i.k.p.i.AbstractProblemLoader Environment load took 48ns 
486179     INFO  main            d.u.i.k.p.i.AbstractProblemLoader Creating init config 
488508     DEBUG main            d.u.i.k.p.i.AbstractProblemLoader Init config took 2.33s 
488522     INFO  main            d.u.i.k.p.i.AbstractProblemLoader Replaying proof simplify9.key 
488523     DEBUG main            d.u.i.k.p.i.IntermediateProofReplayer Proof replay took 2.6ns 
488725     INFO  main            d.u.i.k.p.r.p.TestFile    ... finished proof: closed. 
489305     INFO  main            d.u.i.k.p.i.AbstractProblemLoader Loading environment from /home/runner/work/key/key/key.core/../key.ui/examples/standard_key/polySimp/simplify9.key.proof 
489306     DEBUG main            d.u.i.k.p.i.AbstractProblemLoader Environment load took 85.5ns 
489307     INFO  main            d.u.i.k.p.i.AbstractProblemLoader Creating init config 
491577     DEBUG main            d.u.i.k.p.i.AbstractProblemLoader Init config took 2.27s 
491591     INFO  main            d.u.i.k.p.i.AbstractProblemLoader Replaying proof simplify9.key.proof 
491595     DEBUG main            d.u.i.k.p.i.IntermediateProofReplayer Proof replay took 3.12ms 
491597     DEBUG main            d.u.i.k.p.r.p.TestFile    ... success: reloaded. 
2844418    INFO  Test worker     d.u.i.k.p.r.RunAllProofsTestUnit Returning from test arithmetic 
2844422    INFO  Test worker     d.u.i.k.p.r.RunAllProofsTestUnit Running test arrays 
349        INFO  Timeout watchdog d.u.i.k.p.r.p.ForkedTestFileRunner Timeout watcher launched (2000 secs.) 
356        WARN  main            d.u.i.k.s.ProofSettings   The settings in /home/runner/.key/proof-settings.props are *not* read. 
382        INFO  main            d.u.i.k.p.r.p.TestFile    Now processing file /home/runner/work/key/key/key.core/../key.ui/examples/standard_key/arrays/arrayStoreException/array2DimPrim.key 
489        INFO  main            d.u.i.k.p.i.AbstractProblemLoader Loading environment from /home/runner/work/key/key/key.core/../key.ui/examples/standard_key/arrays/arrayStoreException/array2DimPrim.key 
512        DEBUG main            d.u.i.k.p.i.AbstractProblemLoader Environment load took 2.11ms 
760        INFO  main            d.u.i.k.p.i.AbstractProblemLoader Creating init config 
1613       DEBUG main            d.u.i.k.j.TypeConverter   No LDT found for Meta 
1616       DEBUG main            d.u.i.k.j.TypeConverter   No LDT found for Meta 
1617       DEBUG main            d.u.i.k.j.TypeConverter   No LDT found for Meta 
1619       DEBUG main            d.u.i.k.j.TypeConverter   No LDT found for Meta 
3101       DEBUG main            d.u.i.k.j.TypeConverter   No LDT found for JavaBigintExpression 
8440       DEBUG main            d.u.i.k.p.i.AbstractProblemLoader Init config took 7.68s 
8504       INFO  main            d.u.i.k.p.i.AbstractProblemLoader Replaying proof array2DimPrim.key 
8537       DEBUG main            d.u.i.k.p.i.IntermediateProofReplayer Proof replay took 32.1ns 
12186      INFO  main            d.u.i.k.p.r.p.TestFile    ... finished proof: closed. 
12453      INFO  main            d.u.i.k.p.i.AbstractProblemLoader Loading environment from /home/runner/work/key/key/key.core/../key.ui/examples/standard_key/arrays/arrayStoreException/array2DimPrim.key.proof 
12454      DEBUG main            d.u.i.k.p.i.AbstractProblemLoader Environment load took 226.7ns 
12458      INFO  main            d.u.i.k.p.i.AbstractProblemLoader Creating init config 
15324      DEBUG main            d.u.i.k.p.i.AbstractProblemLoader Init config took 2.87s 
15360      INFO  main            d.u.i.k.p.i.AbstractProblemLoader Replaying proof array2DimPrim.key.proof 
15760      DEBUG main            d.u.i.k.p.i.IntermediateProofReplayer Proof replay took 379.43ms 
15776      DEBUG main            d.u.i.k.p.r.p.TestFile    ... success: reloaded. 
15781      INFO  main            d.u.i.k.p.r.p.TestFile    Now processing file /home/runner/work/key/key/key.core/../key.ui/examples/standard_key/arrays/arrayStoreException/arrayStoreKnownDynType.key 
15781      INFO  main            d.u.i.k.p.i.AbstractProblemLoader Loading environment from /home/runner/work/key/key/key.core/../key.ui/examples/standard_key/arrays/arrayStoreException/arrayStoreKnownDynType.key 
15781      DEBUG main            d.u.i.k.p.i.AbstractProblemLoader Environment load took 123.6ns 
15785      INFO  main            d.u.i.k.p.i.AbstractProblemLoader Creating init config 
18575      DEBUG main            d.u.i.k.p.i.AbstractProblemLoader Init config took 2.79s 
18604      INFO  main            d.u.i.k.p.i.AbstractProblemLoader Replaying proof arrayStoreKnownDynType.key 
18606      DEBUG main            d.u.i.k.p.i.IntermediateProofReplayer Proof replay took 6.6ns 
18809      INFO  main            d.u.i.k.p.r.p.TestFile    ... finished proof: closed. 
19041      INFO  main            d.u.i.k.p.i.AbstractProblemLoader Loading environment from /home/runner/work/key/key/key.core/../key.ui/examples/standard_key/arrays/arrayStoreException/arrayStoreKnownDynType.key.proof 
19041      DEBUG main            d.u.i.k.p.i.AbstractProblemLoader Environment load took 145.1ns 
19043      INFO  main            d.u.i.k.p.i.AbstractProblemLoader Creating init config 
21713      DEBUG main            d.u.i.k.p.i.AbstractProblemLoader Init config took 2.67s 
21736      INFO  main            d.u.i.k.p.i.AbstractProblemLoader Replaying proof arrayStoreKnownDynType.key.proof 
21772      DEBUG main            d.u.i.k.p.i.IntermediateProofReplayer Proof replay took 31.74ms 
21773      DEBUG main            d.u.i.k.p.r.p.TestFile    ... success: reloaded. 
21774      INFO  main            d.u.i.k.p.r.p.TestFile    Now processing file /home/runner/work/key/key/key.core/../key.ui/examples/standard_key/arrays/arrayStoreException/reverseArray.key 
21774      INFO  main            d.u.i.k.p.i.AbstractProblemLoader Loading environment from /home/runner/work/key/key/key.core/../key.ui/examples/standard_key/arrays/arrayStoreException/reverseArray.key 
21774      DEBUG main            d.u.i.k.p.i.AbstractProblemLoader Environment load took 234.5ns 
21779      INFO  main            d.u.i.k.p.i.AbstractProblemLoader Creating init config 
24403      DEBUG main            d.u.i.k.p.i.AbstractProblemLoader Init config took 2.62s 
24425      INFO  main            d.u.i.k.p.i.AbstractProblemLoader Replaying proof reverseArray.key 
24428      DEBUG main            d.u.i.k.p.i.IntermediateProofReplayer Proof replay took 7.6ns 
25033      INFO  main            d.u.i.k.p.r.p.TestFile    ... finished proof: closed. 
25192      INFO  main            d.u.i.k.p.i.AbstractProblemLoader Loading environment from /home/runner/work/key/key/key.core/../key.ui/examples/standard_key/arrays/arrayStoreException/reverseArray.key.proof 
25194      DEBUG main            d.u.i.k.p.i.AbstractProblemLoader Environment load took 2.64ms 
25196      INFO  main            d.u.i.k.p.i.AbstractProblemLoader Creating init config 
27829      DEBUG main            d.u.i.k.p.i.AbstractProblemLoader Init config took 2.63s 
27861      INFO  main            d.u.i.k.p.i.AbstractProblemLoader Replaying proof reverseArray.key.proof 
27962      DEBUG main            d.u.i.k.p.i.IntermediateProofReplayer Proof replay took 94.57ms 
27964      DEBUG main            d.u.i.k.p.r.p.TestFile    ... success: reloaded. 
27966      INFO  main            d.u.i.k.p.r.p.TestFile    Now processing file /home/runner/work/key/key/key.core/../key.ui/examples/standard_key/arrays/arrayStoreException/throwArrayStoreException.key 
27966      INFO  main            d.u.i.k.p.i.AbstractProblemLoader Loading environment from /home/runner/work/key/key/key.core/../key.ui/examples/standard_key/arrays/arrayStoreException/throwArrayStoreException.key 
27966      DEBUG main            d.u.i.k.p.i.AbstractProblemLoader Environment load took 204.2ns 
27967      INFO  main            d.u.i.k.p.i.AbstractProblemLoader Creating init config 
30614      DEBUG main            d.u.i.k.p.i.AbstractProblemLoader Init config took 2.65s 
30635      INFO  main            d.u.i.k.p.i.AbstractProblemLoader Replaying proof throwArrayStoreException.key 
30637      DEBUG main            d.u.i.k.p.i.IntermediateProofReplayer Proof replay took 6.9ns 
31040      INFO  main            d.u.i.k.p.r.p.TestFile    ... finished proof: closed. 
31225      INFO  main            d.u.i.k.p.i.AbstractProblemLoader Loading environment from /home/runner/work/key/key/key.core/../key.ui/examples/standard_key/arrays/arrayStoreException/throwArrayStoreException.key.proof 
31226      DEBUG main            d.u.i.k.p.i.AbstractProblemLoader Environment load took 617.9ns 
31227      INFO  main            d.u.i.k.p.i.AbstractProblemLoader Creating init config 
33815      DEBUG main            d.u.i.k.p.i.AbstractProblemLoader Init config took 2.59s 
33843      INFO  main            d.u.i.k.p.i.AbstractProblemLoader Replaying proof throwArrayStoreException.key.proof 
33929      DEBUG main            d.u.i.k.p.i.IntermediateProofReplayer Proof replay took 80.16ms 
33931      DEBUG main            d.u.i.k.p.r.p.TestFile    ... success: reloaded. 
33932      INFO  main            d.u.i.k.p.r.p.TestFile    Now processing file /home/runner/work/key/key/key.core/../key.ui/examples/standard_key/arrays/creation/arrayCreation1.key 
33933      INFO  main            d.u.i.k.p.i.AbstractProblemLoader Loading environment from /home/runner/work/key/key/key.core/../key.ui/examples/standard_key/arrays/creation/arrayCreation1.key 
33933      DEBUG main            d.u.i.k.p.i.AbstractProblemLoader Environment load took 227.6ns 
33934      INFO  main            d.u.i.k.p.i.AbstractProblemLoader Creating init config 
36555      DEBUG main            d.u.i.k.p.i.AbstractProblemLoader Init config took 2.62s 
36576      INFO  main            d.u.i.k.p.i.AbstractProblemLoader Replaying proof arrayCreation1.key 
36577      DEBUG main            d.u.i.k.p.i.IntermediateProofReplayer Proof replay took 6.4ns 
36780      INFO  main            d.u.i.k.p.r.p.TestFile    ... finished proof: closed. 
36958      INFO  main            d.u.i.k.p.i.AbstractProblemLoader Loading environment from /home/runner/work/key/key/key.core/../key.ui/examples/standard_key/arrays/creation/arrayCreation1.key.proof 
36958      DEBUG main            d.u.i.k.p.i.AbstractProblemLoader Environment load took 126.9ns 
36960      INFO  main            d.u.i.k.p.i.AbstractProblemLoader Creating init config 
39504      DEBUG main            d.u.i.k.p.i.AbstractProblemLoader Init config took 2.54s 
39524      INFO  main            d.u.i.k.p.i.AbstractProblemLoader Replaying proof arrayCreation1.key.proof 
39571      DEBUG main            d.u.i.k.p.i.IntermediateProofReplayer Proof replay took 34.82ms 
39572      DEBUG main            d.u.i.k.p.r.p.TestFile    ... success: reloaded. 
39573      INFO  main            d.u.i.k.p.r.p.TestFile    Now processing file /home/runner/work/key/key/key.core/../key.ui/examples/standard_key/arrays/arrayStoreException/array2Dim.key 
39573      INFO  main            d.u.i.k.p.i.AbstractProblemLoader Loading environment from /home/runner/work/key/key/key.core/../key.ui/examples/standard_key/arrays/arrayStoreException/array2Dim.key 
39573      DEBUG main            d.u.i.k.p.i.AbstractProblemLoader Environment load took 94.1ns 
39574      INFO  main            d.u.i.k.p.i.AbstractProblemLoader Creating init config 
42170      DEBUG main            d.u.i.k.p.i.AbstractProblemLoader Init config took 2.6s 
42191      INFO  main            d.u.i.k.p.i.AbstractProblemLoader Replaying proof array2Dim.key 
42193      DEBUG main            d.u.i.k.p.i.IntermediateProofReplayer Proof replay took 23.4ns 
45541      INFO  main            d.u.i.k.p.r.p.TestFile    ... finished proof: open goal(s) 
45846      INFO  main            d.u.i.k.p.r.p.TestFile    Now processing file /home/runner/work/key/key/key.core/../key.ui/examples/standard_key/arrays/arrayStoreException/array2DimClose.key 
45846      INFO  main            d.u.i.k.p.i.AbstractProblemLoader Loading environment from /home/runner/work/key/key/key.core/../key.ui/examples/standard_key/arrays/arrayStoreException/array2DimClose.key 
45847      DEBUG main            d.u.i.k.p.i.AbstractProblemLoader Environment load took 69ns 
45848      INFO  main            d.u.i.k.p.i.AbstractProblemLoader Creating init config 
48371      DEBUG main            d.u.i.k.p.i.AbstractProblemLoader Init config took 2.52s 
48403      INFO  main            d.u.i.k.p.i.AbstractProblemLoader Replaying proof array2DimClose.key 
48407      DEBUG main            d.u.i.k.p.i.IntermediateProofReplayer Proof replay took 16.9ns 
50771      INFO  main            d.u.i.k.p.r.p.TestFile    ... finished proof: open goal(s) 
51111      INFO  main            d.u.i.k.p.r.p.TestFile    Now processing file /home/runner/work/key/key/key.core/../key.ui/examples/standard_key/arrays/arrayStoreException/throwASEForPrim.key 
51112      INFO  main            d.u.i.k.p.i.AbstractProblemLoader Loading environment from /home/runner/work/key/key/key.core/../key.ui/examples/standard_key/arrays/arrayStoreException/throwASEForPrim.key 
51112      DEBUG main            d.u.i.k.p.i.AbstractProblemLoader Environment load took 103.2ns 
51113      INFO  main            d.u.i.k.p.i.AbstractProblemLoader Creating init config 
53598      DEBUG main            d.u.i.k.p.i.AbstractProblemLoader Init config took 2.48s 
53617      INFO  main            d.u.i.k.p.i.AbstractProblemLoader Replaying proof throwASEForPrim.key 
53618      DEBUG main            d.u.i.k.p.i.IntermediateProofReplayer Proof replay took 5.8ns 
58068      INFO  main            d.u.i.k.p.r.p.TestFile    ... finished proof: open goal(s) 
2902950    INFO  Test worker     d.u.i.k.p.r.RunAllProofsTestUnit Returning from test arrays 
2902951    INFO  Test worker     d.u.i.k.p.r.RunAllProofsTestUnit Running test javadl 
357        INFO  Timeout watchdog d.u.i.k.p.r.p.ForkedTestFileRunner Timeout watcher launched (2000 secs.) 
377        WARN  main            d.u.i.k.s.ProofSettings   The settings in /home/runner/.key/proof-settings.props are *not* read. 
411        INFO  main            d.u.i.k.p.r.p.TestFile    Now processing file /home/runner/work/key/key/key.core/../key.ui/examples/standard_key/instanceCreation/instanceCreation1.key 
518        INFO  main            d.u.i.k.p.i.AbstractProblemLoader Loading environment from /home/runner/work/key/key/key.core/../key.ui/examples/standard_key/instanceCreation/instanceCreation1.key 
545        DEBUG main            d.u.i.k.p.i.AbstractProblemLoader Environment load took 2.06ms 
814        INFO  main            d.u.i.k.p.i.AbstractProblemLoader Creating init config 
1743       DEBUG main            d.u.i.k.j.TypeConverter   No LDT found for Meta 
1744       DEBUG main            d.u.i.k.j.TypeConverter   No LDT found for Meta 
1747       DEBUG main            d.u.i.k.j.TypeConverter   No LDT found for Meta 
1748       DEBUG main            d.u.i.k.j.TypeConverter   No LDT found for Meta 
3093       DEBUG main            d.u.i.k.j.TypeConverter   No LDT found for JavaBigintExpression 
8052       DEBUG main            d.u.i.k.p.i.AbstractProblemLoader Init config took 7.24s 
8139       INFO  main            d.u.i.k.p.i.AbstractProblemLoader Replaying proof instanceCreation1.key 
8176       DEBUG main            d.u.i.k.p.i.IntermediateProofReplayer Proof replay took 35.3ns 
9222       INFO  main            d.u.i.k.p.r.p.TestFile    ... finished proof: closed. 
9340       INFO  main            d.u.i.k.p.i.AbstractProblemLoader Loading environment from /home/runner/work/key/key/key.core/../key.ui/examples/standard_key/instanceCreation/instanceCreation1.key.proof 
9340       DEBUG main            d.u.i.k.p.i.AbstractProblemLoader Environment load took 232.9ns 
9344       INFO  main            d.u.i.k.p.i.AbstractProblemLoader Creating init config 
12168      DEBUG main            d.u.i.k.p.i.AbstractProblemLoader Init config took 2.82s 
12199      INFO  main            d.u.i.k.p.i.AbstractProblemLoader Replaying proof instanceCreation1.key.proof 
12285      DEBUG main            d.u.i.k.p.i.IntermediateProofReplayer Proof replay took 79.61ms 
12296      DEBUG main            d.u.i.k.p.r.p.TestFile    ... success: reloaded. 
12297      INFO  main            d.u.i.k.p.r.p.TestFile    Now processing file /home/runner/work/key/key/key.core/../key.ui/examples/standard_key/instanceCreation/instanceCreation2.key 
12298      INFO  main            d.u.i.k.p.i.AbstractProblemLoader Loading environment from /home/runner/work/key/key/key.core/../key.ui/examples/standard_key/instanceCreation/instanceCreation2.key 
12298      DEBUG main            d.u.i.k.p.i.AbstractProblemLoader Environment load took 225.6ns 
12300      INFO  main            d.u.i.k.p.i.AbstractProblemLoader Creating init config 
15023      DEBUG main            d.u.i.k.p.i.AbstractProblemLoader Init config took 2.72s 
15052      INFO  main            d.u.i.k.p.i.AbstractProblemLoader Replaying proof instanceCreation2.key 
15055      DEBUG main            d.u.i.k.p.i.IntermediateProofReplayer Proof replay took 6ns 
15561      INFO  main            d.u.i.k.p.r.p.TestFile    ... finished proof: closed. 
15726      INFO  main            d.u.i.k.p.i.AbstractProblemLoader Loading environment from /home/runner/work/key/key/key.core/../key.ui/examples/standard_key/instanceCreation/instanceCreation2.key.proof 
15729      DEBUG main            d.u.i.k.p.i.AbstractProblemLoader Environment load took 2.2ms 
15733      INFO  main            d.u.i.k.p.i.AbstractProblemLoader Creating init config 
18369      DEBUG main            d.u.i.k.p.i.AbstractProblemLoader Init config took 2.64s 
18394      INFO  main            d.u.i.k.p.i.AbstractProblemLoader Replaying proof instanceCreation2.key.proof 
18470      DEBUG main            d.u.i.k.p.i.IntermediateProofReplayer Proof replay took 70.73ms 
18471      DEBUG main            d.u.i.k.p.r.p.TestFile    ... success: reloaded. 
18473      INFO  main            d.u.i.k.p.r.p.TestFile    Now processing file /home/runner/work/key/key/key.core/../key.ui/examples/standard_key/instanceCreation/interfacesAndAbstractClassesHaveNoInstances.key 
18473      INFO  main            d.u.i.k.p.i.AbstractProblemLoader Loading environment from /home/runner/work/key/key/key.core/../key.ui/examples/standard_key/instanceCreation/interfacesAndAbstractClassesHaveNoInstances.key 
18473      DEBUG main            d.u.i.k.p.i.AbstractProblemLoader Environment load took 202ns 
18475      INFO  main            d.u.i.k.p.i.AbstractProblemLoader Creating init config 
21079      DEBUG main            d.u.i.k.p.i.AbstractProblemLoader Init config took 2.6s 
21101      INFO  main            d.u.i.k.p.i.AbstractProblemLoader Replaying proof interfacesAndAbstractClassesHaveNoInstances.key 
21103      DEBUG main            d.u.i.k.p.i.IntermediateProofReplayer Proof replay took 6.8ns 
21206      INFO  main            d.u.i.k.p.r.p.TestFile    ... finished proof: closed. 
21355      INFO  main            d.u.i.k.p.i.AbstractProblemLoader Loading environment from /home/runner/work/key/key/key.core/../key.ui/examples/standard_key/instanceCreation/interfacesAndAbstractClassesHaveNoInstances.key.proof 
21355      DEBUG main            d.u.i.k.p.i.AbstractProblemLoader Environment load took 122.7ns 
21356      INFO  main            d.u.i.k.p.i.AbstractProblemLoader Creating init config 
23880      DEBUG main            d.u.i.k.p.i.AbstractProblemLoader Init config took 2.52s 
23901      INFO  main            d.u.i.k.p.i.AbstractProblemLoader Replaying proof interfacesAndAbstractClassesHaveNoInstances.key.proof 
23905      DEBUG main            d.u.i.k.p.i.IntermediateProofReplayer Proof replay took 1.17ms 
23906      DEBUG main            d.u.i.k.p.r.p.TestFile    ... success: reloaded. 
23907      INFO  main            d.u.i.k.p.r.p.TestFile    Now processing file /home/runner/work/key/key/key.core/../key.ui/examples/standard_key/instanceCreation/successiveCreatedObjectsAreDistinct.key 
23907      INFO  main            d.u.i.k.p.i.AbstractProblemLoader Loading environment from /home/runner/work/key/key/key.core/../key.ui/examples/standard_key/instanceCreation/successiveCreatedObjectsAreDistinct.key 
23908      DEBUG main            d.u.i.k.p.i.AbstractProblemLoader Environment load took 194.2ns 
23909      INFO  main            d.u.i.k.p.i.AbstractProblemLoader Creating init config 
26479      DEBUG main            d.u.i.k.p.i.AbstractProblemLoader Init config took 2.57s 
26500      INFO  main            d.u.i.k.p.i.AbstractProblemLoader Replaying proof successiveCreatedObjectsAreDistinct.key 
26502      DEBUG main            d.u.i.k.p.i.IntermediateProofReplayer Proof replay took 6.6ns 
26906      INFO  main            d.u.i.k.p.r.p.TestFile    ... finished proof: closed. 
27116      INFO  main            d.u.i.k.p.i.AbstractProblemLoader Loading environment from /home/runner/work/key/key/key.core/../key.ui/examples/standard_key/instanceCreation/successiveCreatedObjectsAreDistinct.key.proof 
27117      DEBUG main            d.u.i.k.p.i.AbstractProblemLoader Environment load took 456.1ns 
27118      INFO  main            d.u.i.k.p.i.AbstractProblemLoader Creating init config 
29620      DEBUG main            d.u.i.k.p.i.AbstractProblemLoader Init config took 2.5s 
29641      INFO  main            d.u.i.k.p.i.AbstractProblemLoader Replaying proof successiveCreatedObjectsAreDistinct.key.proof 
29694      DEBUG main            d.u.i.k.p.i.IntermediateProofReplayer Proof replay took 49.38ms 
29695      DEBUG main            d.u.i.k.p.r.p.TestFile    ... success: reloaded. 
29696      INFO  main            d.u.i.k.p.r.p.TestFile    Now processing file /home/runner/work/key/key/key.core/../key.ui/examples/standard_key/instanceCreation/testOverloadingConstructors.key 
29696      INFO  main            d.u.i.k.p.i.AbstractProblemLoader Loading environment from /home/runner/work/key/key/key.core/../key.ui/examples/standard_key/instanceCreation/testOverloadingConstructors.key 
29697      DEBUG main            d.u.i.k.p.i.AbstractProblemLoader Environment load took 201.3ns 
29698      INFO  main            d.u.i.k.p.i.AbstractProblemLoader Creating init config 
32269      DEBUG main            d.u.i.k.p.i.AbstractProblemLoader Init config took 2.57s 
32289      INFO  main            d.u.i.k.p.i.AbstractProblemLoader Replaying proof testOverloadingConstructors.key 
32291      DEBUG main            d.u.i.k.p.i.IntermediateProofReplayer Proof replay took 5.9ns 
32494      INFO  main            d.u.i.k.p.r.p.TestFile    ... finished proof: closed. 
32678      INFO  main            d.u.i.k.p.i.AbstractProblemLoader Loading environment from /home/runner/work/key/key/key.core/../key.ui/examples/standard_key/instanceCreation/testOverloadingConstructors.key.proof 
32679      DEBUG main            d.u.i.k.p.i.AbstractProblemLoader Environment load took 520.7ns 
32680      INFO  main            d.u.i.k.p.i.AbstractProblemLoader Creating init config 
35139      DEBUG main            d.u.i.k.p.i.AbstractProblemLoader Init config took 2.46s 
35159      INFO  main            d.u.i.k.p.i.AbstractProblemLoader Replaying proof testOverloadingConstructors.key.proof 
35198      DEBUG main            d.u.i.k.p.i.IntermediateProofReplayer Proof replay took 36.12ms 
35200      DEBUG main            d.u.i.k.p.r.p.TestFile    ... success: reloaded. 
35201      INFO  main            d.u.i.k.p.r.p.TestFile    Now processing file /home/runner/work/key/key/key.core/../key.ui/examples/standard_key/java_dl/SimpleAttributes.key 
35201      INFO  main            d.u.i.k.p.i.AbstractProblemLoader Loading environment from /home/runner/work/key/key/key.core/../key.ui/examples/standard_key/java_dl/SimpleAttributes.key 
35201      DEBUG main            d.u.i.k.p.i.AbstractProblemLoader Environment load took 205.8ns 
35203      INFO  main            d.u.i.k.p.i.AbstractProblemLoader Creating init config 
37696      DEBUG main            d.u.i.k.p.i.AbstractProblemLoader Init config took 2.49s 
37717      INFO  main            d.u.i.k.p.i.AbstractProblemLoader Replaying proof SimpleAttributes.key 
37718      DEBUG main            d.u.i.k.p.i.IntermediateProofReplayer Proof replay took 6.4ns 
37822      INFO  main            d.u.i.k.p.r.p.TestFile    ... finished proof: closed. 
37981      INFO  main            d.u.i.k.p.i.AbstractProblemLoader Loading environment from /home/runner/work/key/key/key.core/../key.ui/examples/standard_key/java_dl/SimpleAttributes.key.proof 
37981      DEBUG main            d.u.i.k.p.i.AbstractProblemLoader Environment load took 120ns 
37983      INFO  main            d.u.i.k.p.i.AbstractProblemLoader Creating init config 
40427      DEBUG main            d.u.i.k.p.i.AbstractProblemLoader Init config took 2.44s 
40447      INFO  main            d.u.i.k.p.i.AbstractProblemLoader Replaying proof SimpleAttributes.key.proof 
40467      DEBUG main            d.u.i.k.p.i.IntermediateProofReplayer Proof replay took 17.53ms 
40469      DEBUG main            d.u.i.k.p.r.p.TestFile    ... success: reloaded. 
40477      INFO  main            d.u.i.k.p.r.p.TestFile    Now processing file /home/runner/work/key/key/key.core/../key.ui/examples/standard_key/java_dl/arrayMax.key 
40477      INFO  main            d.u.i.k.p.i.AbstractProblemLoader Loading environment from /home/runner/work/key/key/key.core/../key.ui/examples/standard_key/java_dl/arrayMax.key 
40485      DEBUG main            d.u.i.k.p.i.AbstractProblemLoader Environment load took 7.5ms 
40487      INFO  main            d.u.i.k.p.i.AbstractProblemLoader Creating init config 
43022      DEBUG main            d.u.i.k.p.i.AbstractProblemLoader Init config took 2.53s 
43044      INFO  main            d.u.i.k.p.i.AbstractProblemLoader Replaying proof arrayMax.key 
43046      DEBUG main            d.u.i.k.p.i.IntermediateProofReplayer Proof replay took 6.3ns 
44358      INFO  main            d.u.i.k.p.r.p.TestFile    ... finished proof: closed. 
44615      INFO  main            d.u.i.k.p.i.AbstractProblemLoader Loading environment from /home/runner/work/key/key/key.core/../key.ui/examples/standard_key/java_dl/arrayMax.key.proof 
44615      DEBUG main            d.u.i.k.p.i.AbstractProblemLoader Environment load took 415.7ns 
44617      INFO  main            d.u.i.k.p.i.AbstractProblemLoader Creating init config 
47117      DEBUG main            d.u.i.k.p.i.AbstractProblemLoader Init config took 2.5s 
47138      INFO  main            d.u.i.k.p.i.AbstractProblemLoader Replaying proof arrayMax.key.proof 
47318      DEBUG main            d.u.i.k.p.i.IntermediateProofReplayer Proof replay took 172.04ms 
47319      DEBUG main            d.u.i.k.p.r.p.TestFile    ... success: reloaded. 
47321      INFO  main            d.u.i.k.p.r.p.TestFile    Now processing file /home/runner/work/key/key/key.core/../key.ui/examples/standard_key/java_dl/arrayUpdateSimp.key 
47321      INFO  main            d.u.i.k.p.i.AbstractProblemLoader Loading environment from /home/runner/work/key/key/key.core/../key.ui/examples/standard_key/java_dl/arrayUpdateSimp.key 
47321      DEBUG main            d.u.i.k.p.i.AbstractProblemLoader Environment load took 190.4ns 
47324      INFO  main            d.u.i.k.p.i.AbstractProblemLoader Creating init config 
47348      WARN  main            d.u.i.k.j.r.KeYCrossReferenceNameInfo Datatype java.io.InputStream declared twice: Once in FILE:/home/runner/work/key/key/key.core/../key.ui/examples/standard_key/java_dl/./classpath/InputStream.java and once in URL:file:/home/runner/work/key/key/key.core/build/resources/main/de/uka/ilkd/key/java/JavaRedux/java/io/InputStream.java, Keeping one from URL:file:/home/runner/work/key/key/key.core/build/resources/main/de/uka/ilkd/key/java/JavaRedux/java/io/InputStream.java 
47348      WARN  main            d.u.i.k.j.r.KeYCrossReferenceNameInfo Datatype java.lang.System declared twice: Once in FILE:/home/runner/work/key/key/key.core/../key.ui/examples/standard_key/java_dl/./classpath/System.java and once in URL:file:/home/runner/work/key/key/key.core/build/resources/main/de/uka/ilkd/key/java/JavaRedux/java/lang/System.java, Keeping one from URL:file:/home/runner/work/key/key/key.core/build/resources/main/de/uka/ilkd/key/java/JavaRedux/java/lang/System.java 
47348      WARN  main            d.u.i.k.j.r.KeYCrossReferenceNameInfo Datatype java.io.PrintStream declared twice: Once in FILE:/home/runner/work/key/key/key.core/../key.ui/examples/standard_key/java_dl/./classpath/PrintStream.java and once in URL:file:/home/runner/work/key/key/key.core/build/resources/main/de/uka/ilkd/key/java/JavaRedux/java/io/PrintStream.java, Keeping one from URL:file:/home/runner/work/key/key/key.core/build/resources/main/de/uka/ilkd/key/java/JavaRedux/java/io/PrintStream.java 
47354      DEBUG main            d.u.i.k.j.r.ClassFileDeclarationBuilder Parsing: package java.io; public class Closeable { } 
47354      DEBUG main            r.s.KeYCrossReferenceSourceInfo Dynamically created class: java.io.Closeable 
49895      DEBUG main            d.u.i.k.p.i.AbstractProblemLoader Init config took 2.57s 
49919      INFO  main            d.u.i.k.p.i.AbstractProblemLoader Replaying proof arrayUpdateSimp.key 
49920      DEBUG main            d.u.i.k.p.i.IntermediateProofReplayer Proof replay took 6.6ns 
50031      INFO  main            d.u.i.k.p.r.p.TestFile    ... finished proof: closed. 
50227      INFO  main            d.u.i.k.p.i.AbstractProblemLoader Loading environment from /home/runner/work/key/key/key.core/../key.ui/examples/standard_key/java_dl/arrayUpdateSimp.key.proof 
50227      DEBUG main            d.u.i.k.p.i.AbstractProblemLoader Environment load took 120ns 
50236      INFO  main            d.u.i.k.p.i.AbstractProblemLoader Creating init config 
50261      WARN  main            d.u.i.k.j.r.KeYCrossReferenceNameInfo Datatype java.io.InputStream declared twice: Once in FILE:/home/runner/work/key/key/key.core/../key.ui/examples/standard_key/java_dl/classpath/InputStream.java and once in URL:file:/home/runner/work/key/key/key.core/build/resources/main/de/uka/ilkd/key/java/JavaRedux/java/io/InputStream.java, Keeping one from URL:file:/home/runner/work/key/key/key.core/build/resources/main/de/uka/ilkd/key/java/JavaRedux/java/io/InputStream.java 
50261      WARN  main            d.u.i.k.j.r.KeYCrossReferenceNameInfo Datatype java.lang.System declared twice: Once in FILE:/home/runner/work/key/key/key.core/../key.ui/examples/standard_key/java_dl/classpath/System.java and once in URL:file:/home/runner/work/key/key/key.core/build/resources/main/de/uka/ilkd/key/java/JavaRedux/java/lang/System.java, Keeping one from URL:file:/home/runner/work/key/key/key.core/build/resources/main/de/uka/ilkd/key/java/JavaRedux/java/lang/System.java 
50261      WARN  main            d.u.i.k.j.r.KeYCrossReferenceNameInfo Datatype java.io.PrintStream declared twice: Once in FILE:/home/runner/work/key/key/key.core/../key.ui/examples/standard_key/java_dl/classpath/PrintStream.java and once in URL:file:/home/runner/work/key/key/key.core/build/resources/main/de/uka/ilkd/key/java/JavaRedux/java/io/PrintStream.java, Keeping one from URL:file:/home/runner/work/key/key/key.core/build/resources/main/de/uka/ilkd/key/java/JavaRedux/java/io/PrintStream.java 
50265      DEBUG main            d.u.i.k.j.r.ClassFileDeclarationBuilder Parsing: package java.io; public class Closeable { } 
50265      DEBUG main            r.s.KeYCrossReferenceSourceInfo Dynamically created class: java.io.Closeable 
52655      DEBUG main            d.u.i.k.p.i.AbstractProblemLoader Init config took 2.42s 
52678      INFO  main            d.u.i.k.p.i.AbstractProblemLoader Replaying proof arrayUpdateSimp.key.proof 
52680      DEBUG main            d.u.i.k.p.i.IntermediateProofReplayer Proof replay took 535.4ns 
52681      DEBUG main            d.u.i.k.p.r.p.TestFile    ... success: reloaded. 
52682      INFO  main            d.u.i.k.p.r.p.TestFile    Now processing file /home/runner/work/key/key/key.core/../key.ui/examples/standard_key/java_dl/attributes.key 
52682      INFO  main            d.u.i.k.p.i.AbstractProblemLoader Loading environment from /home/runner/work/key/key/key.core/../key.ui/examples/standard_key/java_dl/attributes.key 
52682      DEBUG main            d.u.i.k.p.i.AbstractProblemLoader Environment load took 88.9ns 
52684      INFO  main            d.u.i.k.p.i.AbstractProblemLoader Creating init config 
55169      DEBUG main            d.u.i.k.p.i.AbstractProblemLoader Init config took 2.49s 
55187      INFO  main            d.u.i.k.p.i.AbstractProblemLoader Replaying proof attributes.key 
55189      DEBUG main            d.u.i.k.p.i.IntermediateProofReplayer Proof replay took 7.5ns 
55391      INFO  main            d.u.i.k.p.r.p.TestFile    ... finished proof: closed. 
55624      INFO  main            d.u.i.k.p.i.AbstractProblemLoader Loading environment from /home/runner/work/key/key/key.core/../key.ui/examples/standard_key/java_dl/attributes.key.proof 
55624      DEBUG main            d.u.i.k.p.i.AbstractProblemLoader Environment load took 117.5ns 
55625      INFO  main            d.u.i.k.p.i.AbstractProblemLoader Creating init config 
58071      DEBUG main            d.u.i.k.p.i.AbstractProblemLoader Init config took 2.45s 
58088      INFO  main            d.u.i.k.p.i.AbstractProblemLoader Replaying proof attributes.key.proof 
58118      DEBUG main            d.u.i.k.p.i.IntermediateProofReplayer Proof replay took 27.68ms 
58119      DEBUG main            d.u.i.k.p.r.p.TestFile    ... success: reloaded. 
58120      INFO  main            d.u.i.k.p.r.p.TestFile    Now processing file /home/runner/work/key/key/key.core/../key.ui/examples/standard_key/java_dl/break.key 
58120      INFO  main            d.u.i.k.p.i.AbstractProblemLoader Loading environment from /home/runner/work/key/key/key.core/../key.ui/examples/standard_key/java_dl/break.key 
58120      DEBUG main            d.u.i.k.p.i.AbstractProblemLoader Environment load took 94.4ns 
58121      INFO  main            d.u.i.k.p.i.AbstractProblemLoader Creating init config 
58143      WARN  main            d.u.i.k.j.r.KeYCrossReferenceNameInfo Datatype java.io.InputStream declared twice: Once in FILE:/home/runner/work/key/key/key.core/../key.ui/examples/standard_key/java_dl/classpath/InputStream.java and once in URL:file:/home/runner/work/key/key/key.core/build/resources/main/de/uka/ilkd/key/java/JavaRedux/java/io/InputStream.java, Keeping one from URL:file:/home/runner/work/key/key/key.core/build/resources/main/de/uka/ilkd/key/java/JavaRedux/java/io/InputStream.java 
58143      WARN  main            d.u.i.k.j.r.KeYCrossReferenceNameInfo Datatype java.lang.System declared twice: Once in FILE:/home/runner/work/key/key/key.core/../key.ui/examples/standard_key/java_dl/classpath/System.java and once in URL:file:/home/runner/work/key/key/key.core/build/resources/main/de/uka/ilkd/key/java/JavaRedux/java/lang/System.java, Keeping one from URL:file:/home/runner/work/key/key/key.core/build/resources/main/de/uka/ilkd/key/java/JavaRedux/java/lang/System.java 
58143      WARN  main            d.u.i.k.j.r.KeYCrossReferenceNameInfo Datatype java.io.PrintStream declared twice: Once in FILE:/home/runner/work/key/key/key.core/../key.ui/examples/standard_key/java_dl/classpath/PrintStream.java and once in URL:file:/home/runner/work/key/key/key.core/build/resources/main/de/uka/ilkd/key/java/JavaRedux/java/io/PrintStream.java, Keeping one from URL:file:/home/runner/work/key/key/key.core/build/resources/main/de/uka/ilkd/key/java/JavaRedux/java/io/PrintStream.java 
58146      DEBUG main            d.u.i.k.j.r.ClassFileDeclarationBuilder Parsing: package java.io; public class Closeable { } 
58146      DEBUG main            r.s.KeYCrossReferenceSourceInfo Dynamically created class: java.io.Closeable 
60588      DEBUG main            d.u.i.k.p.i.AbstractProblemLoader Init config took 2.47s 
60604      INFO  main            d.u.i.k.p.i.AbstractProblemLoader Replaying proof break.key 
60606      DEBUG main            d.u.i.k.p.i.IntermediateProofReplayer Proof replay took 6.7ns 
60710      INFO  main            d.u.i.k.p.r.p.TestFile    ... finished proof: closed. 
60898      INFO  main            d.u.i.k.p.i.AbstractProblemLoader Loading environment from /home/runner/work/key/key/key.core/../key.ui/examples/standard_key/java_dl/break.key.proof 
60898      DEBUG main            d.u.i.k.p.i.AbstractProblemLoader Environment load took 116.8ns 
60899      INFO  main            d.u.i.k.p.i.AbstractProblemLoader Creating init config 
60922      WARN  main            d.u.i.k.j.r.KeYCrossReferenceNameInfo Datatype java.io.InputStream declared twice: Once in FILE:/home/runner/work/key/key/key.core/../key.ui/examples/standard_key/java_dl/classpath/InputStream.java and once in URL:file:/home/runner/work/key/key/key.core/build/resources/main/de/uka/ilkd/key/java/JavaRedux/java/io/InputStream.java, Keeping one from URL:file:/home/runner/work/key/key/key.core/build/resources/main/de/uka/ilkd/key/java/JavaRedux/java/io/InputStream.java 
60922      WARN  main            d.u.i.k.j.r.KeYCrossReferenceNameInfo Datatype java.lang.System declared twice: Once in FILE:/home/runner/work/key/key/key.core/../key.ui/examples/standard_key/java_dl/classpath/System.java and once in URL:file:/home/runner/work/key/key/key.core/build/resources/main/de/uka/ilkd/key/java/JavaRedux/java/lang/System.java, Keeping one from URL:file:/home/runner/work/key/key/key.core/build/resources/main/de/uka/ilkd/key/java/JavaRedux/java/lang/System.java 
60923      WARN  main            d.u.i.k.j.r.KeYCrossReferenceNameInfo Datatype java.io.PrintStream declared twice: Once in FILE:/home/runner/work/key/key/key.core/../key.ui/examples/standard_key/java_dl/classpath/PrintStream.java and once in URL:file:/home/runner/work/key/key/key.core/build/resources/main/de/uka/ilkd/key/java/JavaRedux/java/io/PrintStream.java, Keeping one from URL:file:/home/runner/work/key/key/key.core/build/resources/main/de/uka/ilkd/key/java/JavaRedux/java/io/PrintStream.java 
60926      DEBUG main            d.u.i.k.j.r.ClassFileDeclarationBuilder Parsing: package java.io; public class Closeable { } 
60926      DEBUG main            r.s.KeYCrossReferenceSourceInfo Dynamically created class: java.io.Closeable 
63306      DEBUG main            d.u.i.k.p.i.AbstractProblemLoader Init config took 2.41s 
63323      INFO  main            d.u.i.k.p.i.AbstractProblemLoader Replaying proof break.key.proof 
63330      DEBUG main            d.u.i.k.p.i.IntermediateProofReplayer Proof replay took 5.9ms 
63331      DEBUG main            d.u.i.k.p.r.p.TestFile    ... success: reloaded. 
63332      INFO  main            d.u.i.k.p.r.p.TestFile    Now processing file /home/runner/work/key/key/key.core/../key.ui/examples/standard_key/java_dl/char.key 
63333      INFO  main            d.u.i.k.p.i.AbstractProblemLoader Loading environment from /home/runner/work/key/key/key.core/../key.ui/examples/standard_key/java_dl/char.key 
63333      DEBUG main            d.u.i.k.p.i.AbstractProblemLoader Environment load took 92.9ns 
63334      INFO  main            d.u.i.k.p.i.AbstractProblemLoader Creating init config 
65789      DEBUG main            d.u.i.k.p.i.AbstractProblemLoader Init config took 2.46s 
65810      INFO  main            d.u.i.k.p.i.AbstractProblemLoader Replaying proof char.key 
65818      DEBUG main            d.u.i.k.p.i.IntermediateProofReplayer Proof replay took 8ns 
65921      INFO  main            d.u.i.k.p.r.p.TestFile    ... finished proof: closed. 
66111      INFO  main            d.u.i.k.p.i.AbstractProblemLoader Loading environment from /home/runner/work/key/key/key.core/../key.ui/examples/standard_key/java_dl/char.key.proof 
66111      DEBUG main            d.u.i.k.p.i.AbstractProblemLoader Environment load took 121.9ns 
66112      INFO  main            d.u.i.k.p.i.AbstractProblemLoader Creating init config 
68497      DEBUG main            d.u.i.k.p.i.AbstractProblemLoader Init config took 2.39s 
68513      INFO  main            d.u.i.k.p.i.AbstractProblemLoader Replaying proof char.key.proof 
68517      DEBUG main            d.u.i.k.p.i.IntermediateProofReplayer Proof replay took 2.03ms 
68518      DEBUG main            d.u.i.k.p.r.p.TestFile    ... success: reloaded. 
68518      INFO  main            d.u.i.k.p.r.p.TestFile    Now processing file /home/runner/work/key/key/key.core/../key.ui/examples/standard_key/java_dl/compileTimeConstants.key 
68519      INFO  main            d.u.i.k.p.i.AbstractProblemLoader Loading environment from /home/runner/work/key/key/key.core/../key.ui/examples/standard_key/java_dl/compileTimeConstants.key 
68519      DEBUG main            d.u.i.k.p.i.AbstractProblemLoader Environment load took 91.1ns 
68520      INFO  main            d.u.i.k.p.i.AbstractProblemLoader Creating init config 
70944      DEBUG main            d.u.i.k.p.i.AbstractProblemLoader Init config took 2.42s 
70959      INFO  main            d.u.i.k.p.i.AbstractProblemLoader Replaying proof compileTimeConstants.key 
70960      DEBUG main            d.u.i.k.p.i.IntermediateProofReplayer Proof replay took 6.8ns 
71062      INFO  main            d.u.i.k.p.r.p.TestFile    ... finished proof: closed. 
71263      INFO  main            d.u.i.k.p.i.AbstractProblemLoader Loading environment from /home/runner/work/key/key/key.core/../key.ui/examples/standard_key/java_dl/compileTimeConstants.key.proof 
71263      DEBUG main            d.u.i.k.p.i.AbstractProblemLoader Environment load took 122.2ns 
71265      INFO  main            d.u.i.k.p.i.AbstractProblemLoader Creating init config 
73672      DEBUG main            d.u.i.k.p.i.AbstractProblemLoader Init config took 2.41s 
73688      INFO  main            d.u.i.k.p.i.AbstractProblemLoader Replaying proof compileTimeConstants.key.proof 
73698      DEBUG main            d.u.i.k.p.i.IntermediateProofReplayer Proof replay took 8.51ms 
73699      DEBUG main            d.u.i.k.p.r.p.TestFile    ... success: reloaded. 
73700      INFO  main            d.u.i.k.p.r.p.TestFile    Now processing file /home/runner/work/key/key/key.core/../key.ui/examples/standard_key/java_dl/constructorException/test.key 
73700      INFO  main            d.u.i.k.p.i.AbstractProblemLoader Loading environment from /home/runner/work/key/key/key.core/../key.ui/examples/standard_key/java_dl/constructorException/test.key 
73700      DEBUG main            d.u.i.k.p.i.AbstractProblemLoader Environment load took 87.9ns 
73701      INFO  main            d.u.i.k.p.i.AbstractProblemLoader Creating init config 
76176      DEBUG main            d.u.i.k.p.i.AbstractProblemLoader Init config took 2.48s 
76241      INFO  main            d.u.i.k.p.i.AbstractProblemLoader Replaying proof Test[Test::Test(int)].JML operation contract.0 
76242      DEBUG main            d.u.i.k.p.i.IntermediateProofReplayer Proof replay took 6.2ns 
76445      INFO  main            d.u.i.k.p.r.p.TestFile    ... finished proof: closed. 
76693      INFO  main            d.u.i.k.p.i.AbstractProblemLoader Loading environment from /home/runner/work/key/key/key.core/../key.ui/examples/standard_key/java_dl/constructorException/test.key.proof 
76694      DEBUG main            d.u.i.k.p.i.AbstractProblemLoader Environment load took 115.7ns 
76694      INFO  main            d.u.i.k.p.i.AbstractProblemLoader Creating init config 
79116      DEBUG main            d.u.i.k.p.i.AbstractProblemLoader Init config took 2.42s 
79159      INFO  main            d.u.i.k.p.i.AbstractProblemLoader Replaying proof Test[Test::Test(int)].JML operation contract.0 
79204      DEBUG main            d.u.i.k.p.i.IntermediateProofReplayer Proof replay took 42.72ms 
79205      DEBUG main            d.u.i.k.p.r.p.TestFile    ... success: reloaded. 
79206      INFO  main            d.u.i.k.p.r.p.TestFile    Now processing file /home/runner/work/key/key/key.core/../key.ui/examples/standard_key/java_dl/constructorException/regressionTestBug1333.key 
79206      INFO  main            d.u.i.k.p.i.AbstractProblemLoader Loading environment from /home/runner/work/key/key/key.core/../key.ui/examples/standard_key/java_dl/constructorException/regressionTestBug1333.key 
79207      DEBUG main            d.u.i.k.p.i.AbstractProblemLoader Environment load took 180ns 
79207      INFO  main            d.u.i.k.p.i.AbstractProblemLoader Creating init config 
81695      DEBUG main            d.u.i.k.p.i.AbstractProblemLoader Init config took 2.49s 
81736      INFO  main            d.u.i.k.p.i.AbstractProblemLoader Replaying proof False[False::False()].JML normal_behavior operation contract.0 
81738      DEBUG main            d.u.i.k.p.i.IntermediateProofReplayer Proof replay took 5.4ns 
81842      INFO  main            d.u.i.k.p.r.p.TestFile    ... finished proof: open goal(s) 
82054      INFO  main            d.u.i.k.p.r.p.TestFile    Now processing file /home/runner/work/key/key/key.core/../key.ui/examples/standard_key/java_dl/continue1.key 
82054      INFO  main            d.u.i.k.p.i.AbstractProblemLoader Loading environment from /home/runner/work/key/key/key.core/../key.ui/examples/standard_key/java_dl/continue1.key 
82054      DEBUG main            d.u.i.k.p.i.AbstractProblemLoader Environment load took 65.2ns 
82055      INFO  main            d.u.i.k.p.i.AbstractProblemLoader Creating init config 
82077      WARN  main            d.u.i.k.j.r.KeYCrossReferenceNameInfo Datatype java.io.InputStream declared twice: Once in FILE:/home/runner/work/key/key/key.core/../key.ui/examples/standard_key/java_dl/classpath/InputStream.java and once in URL:file:/home/runner/work/key/key/key.core/build/resources/main/de/uka/ilkd/key/java/JavaRedux/java/io/InputStream.java, Keeping one from URL:file:/home/runner/work/key/key/key.core/build/resources/main/de/uka/ilkd/key/java/JavaRedux/java/io/InputStream.java 
82077      WARN  main            d.u.i.k.j.r.KeYCrossReferenceNameInfo Datatype java.lang.System declared twice: Once in FILE:/home/runner/work/key/key/key.core/../key.ui/examples/standard_key/java_dl/classpath/System.java and once in URL:file:/home/runner/work/key/key/key.core/build/resources/main/de/uka/ilkd/key/java/JavaRedux/java/lang/System.java, Keeping one from URL:file:/home/runner/work/key/key/key.core/build/resources/main/de/uka/ilkd/key/java/JavaRedux/java/lang/System.java 
82077      WARN  main            d.u.i.k.j.r.KeYCrossReferenceNameInfo Datatype java.io.PrintStream declared twice: Once in FILE:/home/runner/work/key/key/key.core/../key.ui/examples/standard_key/java_dl/classpath/PrintStream.java and once in URL:file:/home/runner/work/key/key/key.core/build/resources/main/de/uka/ilkd/key/java/JavaRedux/java/io/PrintStream.java, Keeping one from URL:file:/home/runner/work/key/key/key.core/build/resources/main/de/uka/ilkd/key/java/JavaRedux/java/io/PrintStream.java 
82080      DEBUG main            d.u.i.k.j.r.ClassFileDeclarationBuilder Parsing: package java.io; public class Closeable { } 
82080      DEBUG main            r.s.KeYCrossReferenceSourceInfo Dynamically created class: java.io.Closeable 
84461      DEBUG main            d.u.i.k.p.i.AbstractProblemLoader Init config took 2.41s 
84476      INFO  main            d.u.i.k.p.i.AbstractProblemLoader Replaying proof continue1.key 
84478      DEBUG main            d.u.i.k.p.i.IntermediateProofReplayer Proof replay took 6.7ns 
84580      INFO  main            d.u.i.k.p.r.p.TestFile    ... finished proof: closed. 
84786      INFO  main            d.u.i.k.p.i.AbstractProblemLoader Loading environment from /home/runner/work/key/key/key.core/../key.ui/examples/standard_key/java_dl/continue1.key.proof 
84786      DEBUG main            d.u.i.k.p.i.AbstractProblemLoader Environment load took 129.4ns 
84788      INFO  main            d.u.i.k.p.i.AbstractProblemLoader Creating init config 
84812      WARN  main            d.u.i.k.j.r.KeYCrossReferenceNameInfo Datatype java.io.InputStream declared twice: Once in FILE:/home/runner/work/key/key/key.core/../key.ui/examples/standard_key/java_dl/classpath/InputStream.java and once in URL:file:/home/runner/work/key/key/key.core/build/resources/main/de/uka/ilkd/key/java/JavaRedux/java/io/InputStream.java, Keeping one from URL:file:/home/runner/work/key/key/key.core/build/resources/main/de/uka/ilkd/key/java/JavaRedux/java/io/InputStream.java 
84812      WARN  main            d.u.i.k.j.r.KeYCrossReferenceNameInfo Datatype java.lang.System declared twice: Once in FILE:/home/runner/work/key/key/key.core/../key.ui/examples/standard_key/java_dl/classpath/System.java and once in URL:file:/home/runner/work/key/key/key.core/build/resources/main/de/uka/ilkd/key/java/JavaRedux/java/lang/System.java, Keeping one from URL:file:/home/runner/work/key/key/key.core/build/resources/main/de/uka/ilkd/key/java/JavaRedux/java/lang/System.java 
84812      WARN  main            d.u.i.k.j.r.KeYCrossReferenceNameInfo Datatype java.io.PrintStream declared twice: Once in FILE:/home/runner/work/key/key/key.core/../key.ui/examples/standard_key/java_dl/classpath/PrintStream.java and once in URL:file:/home/runner/work/key/key/key.core/build/resources/main/de/uka/ilkd/key/java/JavaRedux/java/io/PrintStream.java, Keeping one from URL:file:/home/runner/work/key/key/key.core/build/resources/main/de/uka/ilkd/key/java/JavaRedux/java/io/PrintStream.java 
84815      DEBUG main            d.u.i.k.j.r.ClassFileDeclarationBuilder Parsing: package java.io; public class Closeable { } 
84815      DEBUG main            r.s.KeYCrossReferenceSourceInfo Dynamically created class: java.io.Closeable 
87165      DEBUG main            d.u.i.k.p.i.AbstractProblemLoader Init config took 2.38s 
87179      INFO  main            d.u.i.k.p.i.AbstractProblemLoader Replaying proof continue1.key.proof 
87196      DEBUG main            d.u.i.k.p.i.IntermediateProofReplayer Proof replay took 14.18ms 
87197      DEBUG main            d.u.i.k.p.r.p.TestFile    ... success: reloaded. 
87198      INFO  main            d.u.i.k.p.r.p.TestFile    Now processing file /home/runner/work/key/key/key.core/../key.ui/examples/standard_key/java_dl/continue2.key 
87198      INFO  main            d.u.i.k.p.i.AbstractProblemLoader Loading environment from /home/runner/work/key/key/key.core/../key.ui/examples/standard_key/java_dl/continue2.key 
87198      DEBUG main            d.u.i.k.p.i.AbstractProblemLoader Environment load took 87.3ns 
87199      INFO  main            d.u.i.k.p.i.AbstractProblemLoader Creating init config 
87221      WARN  main            d.u.i.k.j.r.KeYCrossReferenceNameInfo Datatype java.io.InputStream declared twice: Once in FILE:/home/runner/work/key/key/key.core/../key.ui/examples/standard_key/java_dl/classpath/InputStream.java and once in URL:file:/home/runner/work/key/key/key.core/build/resources/main/de/uka/ilkd/key/java/JavaRedux/java/io/InputStream.java, Keeping one from URL:file:/home/runner/work/key/key/key.core/build/resources/main/de/uka/ilkd/key/java/JavaRedux/java/io/InputStream.java 
87221      WARN  main            d.u.i.k.j.r.KeYCrossReferenceNameInfo Datatype java.lang.System declared twice: Once in FILE:/home/runner/work/key/key/key.core/../key.ui/examples/standard_key/java_dl/classpath/System.java and once in URL:file:/home/runner/work/key/key/key.core/build/resources/main/de/uka/ilkd/key/java/JavaRedux/java/lang/System.java, Keeping one from URL:file:/home/runner/work/key/key/key.core/build/resources/main/de/uka/ilkd/key/java/JavaRedux/java/lang/System.java 
87221      WARN  main            d.u.i.k.j.r.KeYCrossReferenceNameInfo Datatype java.io.PrintStream declared twice: Once in FILE:/home/runner/work/key/key/key.core/../key.ui/examples/standard_key/java_dl/classpath/PrintStream.java and once in URL:file:/home/runner/work/key/key/key.core/build/resources/main/de/uka/ilkd/key/java/JavaRedux/java/io/PrintStream.java, Keeping one from URL:file:/home/runner/work/key/key/key.core/build/resources/main/de/uka/ilkd/key/java/JavaRedux/java/io/PrintStream.java 
87224      DEBUG main            d.u.i.k.j.r.ClassFileDeclarationBuilder Parsing: package java.io; public class Closeable { } 
87224      DEBUG main            r.s.KeYCrossReferenceSourceInfo Dynamically created class: java.io.Closeable 
89647      DEBUG main            d.u.i.k.p.i.AbstractProblemLoader Init config took 2.45s 
89667      INFO  main            d.u.i.k.p.i.AbstractProblemLoader Replaying proof continue2.key 
89668      DEBUG main            d.u.i.k.p.i.IntermediateProofReplayer Proof replay took 7.1ns 
89971      INFO  main            d.u.i.k.p.r.p.TestFile    ... finished proof: closed. 
90210      INFO  main            d.u.i.k.p.i.AbstractProblemLoader Loading environment from /home/runner/work/key/key/key.core/../key.ui/examples/standard_key/java_dl/continue2.key.proof 
90210      DEBUG main            d.u.i.k.p.i.AbstractProblemLoader Environment load took 113.7ns 
90216      INFO  main            d.u.i.k.p.i.AbstractProblemLoader Creating init config 
90246      WARN  main            d.u.i.k.j.r.KeYCrossReferenceNameInfo Datatype java.io.InputStream declared twice: Once in FILE:/home/runner/work/key/key/key.core/../key.ui/examples/standard_key/java_dl/classpath/InputStream.java and once in URL:file:/home/runner/work/key/key/key.core/build/resources/main/de/uka/ilkd/key/java/JavaRedux/java/io/InputStream.java, Keeping one from URL:file:/home/runner/work/key/key/key.core/build/resources/main/de/uka/ilkd/key/java/JavaRedux/java/io/InputStream.java 
90247      WARN  main            d.u.i.k.j.r.KeYCrossReferenceNameInfo Datatype java.lang.System declared twice: Once in FILE:/home/runner/work/key/key/key.core/../key.ui/examples/standard_key/java_dl/classpath/System.java and once in URL:file:/home/runner/work/key/key/key.core/build/resources/main/de/uka/ilkd/key/java/JavaRedux/java/lang/System.java, Keeping one from URL:file:/home/runner/work/key/key/key.core/build/resources/main/de/uka/ilkd/key/java/JavaRedux/java/lang/System.java 
90247      WARN  main            d.u.i.k.j.r.KeYCrossReferenceNameInfo Datatype java.io.PrintStream declared twice: Once in FILE:/home/runner/work/key/key/key.core/../key.ui/examples/standard_key/java_dl/classpath/PrintStream.java and once in URL:file:/home/runner/work/key/key/key.core/build/resources/main/de/uka/ilkd/key/java/JavaRedux/java/io/PrintStream.java, Keeping one from URL:file:/home/runner/work/key/key/key.core/build/resources/main/de/uka/ilkd/key/java/JavaRedux/java/io/PrintStream.java 
90250      DEBUG main            d.u.i.k.j.r.ClassFileDeclarationBuilder Parsing: package java.io; public class Closeable { } 
90250      DEBUG main            r.s.KeYCrossReferenceSourceInfo Dynamically created class: java.io.Closeable 
92680      DEBUG main            d.u.i.k.p.i.AbstractProblemLoader Init config took 2.46s 
92705      INFO  main            d.u.i.k.p.i.AbstractProblemLoader Replaying proof continue2.key.proof 
92758      DEBUG main            d.u.i.k.p.i.IntermediateProofReplayer Proof replay took 50.21ms 
92759      DEBUG main            d.u.i.k.p.r.p.TestFile    ... success: reloaded. 
92761      INFO  main            d.u.i.k.p.r.p.TestFile    Now processing file /home/runner/work/key/key/key.core/../key.ui/examples/standard_key/java_dl/complexAssignment.key 
92761      INFO  main            d.u.i.k.p.i.AbstractProblemLoader Loading environment from /home/runner/work/key/key/key.core/../key.ui/examples/standard_key/java_dl/complexAssignment.key 
92761      DEBUG main            d.u.i.k.p.i.AbstractProblemLoader Environment load took 182.1ns 
92762      INFO  main            d.u.i.k.p.i.AbstractProblemLoader Creating init config 
95165      DEBUG main            d.u.i.k.p.i.AbstractProblemLoader Init config took 2.4s 
95180      INFO  main            d.u.i.k.p.i.AbstractProblemLoader Replaying proof complexAssignment.key 
95181      DEBUG main            d.u.i.k.p.i.IntermediateProofReplayer Proof replay took 8ns 
95284      INFO  main            d.u.i.k.p.r.p.TestFile    ... finished proof: closed. 
95508      INFO  main            d.u.i.k.p.i.AbstractProblemLoader Loading environment from /home/runner/work/key/key/key.core/../key.ui/examples/standard_key/java_dl/complexAssignment.key.proof 
95508      DEBUG main            d.u.i.k.p.i.AbstractProblemLoader Environment load took 107.4ns 
95509      INFO  main            d.u.i.k.p.i.AbstractProblemLoader Creating init config 
97827      DEBUG main            d.u.i.k.p.i.AbstractProblemLoader Init config took 2.32s 
97841      INFO  main            d.u.i.k.p.i.AbstractProblemLoader Replaying proof complexAssignment.key.proof 
97848      DEBUG main            d.u.i.k.p.i.IntermediateProofReplayer Proof replay took 4.86ms 
97849      DEBUG main            d.u.i.k.p.r.p.TestFile    ... success: reloaded. 
97849      INFO  main            d.u.i.k.p.r.p.TestFile    Now processing file /home/runner/work/key/key/key.core/../key.ui/examples/standard_key/java_dl/danglingElseSolution1.key 
97850      INFO  main            d.u.i.k.p.i.AbstractProblemLoader Loading environment from /home/runner/work/key/key/key.core/../key.ui/examples/standard_key/java_dl/danglingElseSolution1.key 
97850      DEBUG main            d.u.i.k.p.i.AbstractProblemLoader Environment load took 83.7ns 
97851      INFO  main            d.u.i.k.p.i.AbstractProblemLoader Creating init config 
100238     DEBUG main            d.u.i.k.p.i.AbstractProblemLoader Init config took 2.39s 
100252     INFO  main            d.u.i.k.p.i.AbstractProblemLoader Replaying proof danglingElseSolution1.key 
100254     DEBUG main            d.u.i.k.p.i.IntermediateProofReplayer Proof replay took 6.9ns 
100356     INFO  main            d.u.i.k.p.r.p.TestFile    ... finished proof: closed. 
100590     INFO  main            d.u.i.k.p.i.AbstractProblemLoader Loading environment from /home/runner/work/key/key/key.core/../key.ui/examples/standard_key/java_dl/danglingElseSolution1.key.proof 
100590     DEBUG main            d.u.i.k.p.i.AbstractProblemLoader Environment load took 108.9ns 
100592     INFO  main            d.u.i.k.p.i.AbstractProblemLoader Creating init config 
102900     DEBUG main            d.u.i.k.p.i.AbstractProblemLoader Init config took 2.31s 
102914     INFO  main            d.u.i.k.p.i.AbstractProblemLoader Replaying proof danglingElseSolution1.key.proof 
102923     DEBUG main            d.u.i.k.p.i.IntermediateProofReplayer Proof replay took 6.6ms 
102924     DEBUG main            d.u.i.k.p.r.p.TestFile    ... success: reloaded. 
102925     INFO  main            d.u.i.k.p.r.p.TestFile    Now processing file /home/runner/work/key/key/key.core/../key.ui/examples/standard_key/java_dl/danglingElseSolution2.key 
102925     INFO  main            d.u.i.k.p.i.AbstractProblemLoader Loading environment from /home/runner/work/key/key/key.core/../key.ui/examples/standard_key/java_dl/danglingElseSolution2.key 
102925     DEBUG main            d.u.i.k.p.i.AbstractProblemLoader Environment load took 186.9ns 
102926     INFO  main            d.u.i.k.p.i.AbstractProblemLoader Creating init config 
105343     DEBUG main            d.u.i.k.p.i.AbstractProblemLoader Init config took 2.42s 
105360     INFO  main            d.u.i.k.p.i.AbstractProblemLoader Replaying proof danglingElseSolution2.key 
105361     DEBUG main            d.u.i.k.p.i.IntermediateProofReplayer Proof replay took 7.6ns 
105464     INFO  main            d.u.i.k.p.r.p.TestFile    ... finished proof: closed. 
105701     INFO  main            d.u.i.k.p.i.AbstractProblemLoader Loading environment from /home/runner/work/key/key/key.core/../key.ui/examples/standard_key/java_dl/danglingElseSolution2.key.proof 
105701     DEBUG main            d.u.i.k.p.i.AbstractProblemLoader Environment load took 123.4ns 
105702     INFO  main            d.u.i.k.p.i.AbstractProblemLoader Creating init config 
107998     DEBUG main            d.u.i.k.p.i.AbstractProblemLoader Init config took 2.3s 
108012     INFO  main            d.u.i.k.p.i.AbstractProblemLoader Replaying proof danglingElseSolution2.key.proof 
108023     DEBUG main            d.u.i.k.p.i.IntermediateProofReplayer Proof replay took 7.41ms 
108024     DEBUG main            d.u.i.k.p.r.p.TestFile    ... success: reloaded. 
108024     INFO  main            d.u.i.k.p.r.p.TestFile    Now processing file /home/runner/work/key/key/key.core/../key.ui/examples/standard_key/java_dl/deepNonNull/deepNonNull0.key 
108025     INFO  main            d.u.i.k.p.i.AbstractProblemLoader Loading environment from /home/runner/work/key/key/key.core/../key.ui/examples/standard_key/java_dl/deepNonNull/deepNonNull0.key 
108025     DEBUG main            d.u.i.k.p.i.AbstractProblemLoader Environment load took 90.4ns 
108026     INFO  main            d.u.i.k.p.i.AbstractProblemLoader Creating init config 
110441     DEBUG main            d.u.i.k.p.i.AbstractProblemLoader Init config took 2.42s 
110480     INFO  main            d.u.i.k.p.i.AbstractProblemLoader Replaying proof Arrays[Arrays::get()].JML operation contract.0 
110481     DEBUG main            d.u.i.k.p.i.IntermediateProofReplayer Proof replay took 6.5ns 
110683     INFO  main            d.u.i.k.p.r.p.TestFile    ... finished proof: closed. 
110912     INFO  main            d.u.i.k.p.i.AbstractProblemLoader Loading environment from /home/runner/work/key/key/key.core/../key.ui/examples/standard_key/java_dl/deepNonNull/deepNonNull0.key.proof 
110912     DEBUG main            d.u.i.k.p.i.AbstractProblemLoader Environment load took 109.7ns 
110914     INFO  main            d.u.i.k.p.i.AbstractProblemLoader Creating init config 
113291     DEBUG main            d.u.i.k.p.i.AbstractProblemLoader Init config took 2.38s 
113329     INFO  main            d.u.i.k.p.i.AbstractProblemLoader Replaying proof Arrays[Arrays::get()].JML operation contract.0 
113347     DEBUG main            d.u.i.k.p.i.IntermediateProofReplayer Proof replay took 15.97ms 
113348     DEBUG main            d.u.i.k.p.r.p.TestFile    ... success: reloaded. 
113349     INFO  main            d.u.i.k.p.r.p.TestFile    Now processing file /home/runner/work/key/key/key.core/../key.ui/examples/standard_key/java_dl/deepNonNull/deepNonNull1.key 
113349     INFO  main            d.u.i.k.p.i.AbstractProblemLoader Loading environment from /home/runner/work/key/key/key.core/../key.ui/examples/standard_key/java_dl/deepNonNull/deepNonNull1.key 
113349     DEBUG main            d.u.i.k.p.i.AbstractProblemLoader Environment load took 86.1ns 
113350     INFO  main            d.u.i.k.p.i.AbstractProblemLoader Creating init config 
115778     DEBUG main            d.u.i.k.p.i.AbstractProblemLoader Init config took 2.43s 
115815     INFO  main            d.u.i.k.p.i.AbstractProblemLoader Replaying proof Arrays[Arrays::head()].JML operation contract.0 
115816     DEBUG main            d.u.i.k.p.i.IntermediateProofReplayer Proof replay took 7.2ns 
116024     INFO  main            d.u.i.k.p.r.p.TestFile    ... finished proof: closed. 
116284     INFO  main            d.u.i.k.p.i.AbstractProblemLoader Loading environment from /home/runner/work/key/key/key.core/../key.ui/examples/standard_key/java_dl/deepNonNull/deepNonNull1.key.proof 
116285     DEBUG main            d.u.i.k.p.i.AbstractProblemLoader Environment load took 399.5ns 
116286     INFO  main            d.u.i.k.p.i.AbstractProblemLoader Creating init config 
118670     DEBUG main            d.u.i.k.p.i.AbstractProblemLoader Init config took 2.38s 
118705     INFO  main            d.u.i.k.p.i.AbstractProblemLoader Replaying proof Arrays[Arrays::head()].JML operation contract.0 
118723     DEBUG main            d.u.i.k.p.i.IntermediateProofReplayer Proof replay took 15.18ms 
118723     DEBUG main            d.u.i.k.p.r.p.TestFile    ... success: reloaded. 
118724     INFO  main            d.u.i.k.p.r.p.TestFile    Now processing file /home/runner/work/key/key/key.core/../key.ui/examples/standard_key/java_dl/deepNonNull/deepNonNull2.key 
118724     INFO  main            d.u.i.k.p.i.AbstractProblemLoader Loading environment from /home/runner/work/key/key/key.core/../key.ui/examples/standard_key/java_dl/deepNonNull/deepNonNull2.key 
118724     DEBUG main            d.u.i.k.p.i.AbstractProblemLoader Environment load took 83.4ns 
118725     INFO  main            d.u.i.k.p.i.AbstractProblemLoader Creating init config 
121145     DEBUG main            d.u.i.k.p.i.AbstractProblemLoader Init config took 2.42s 
121180     INFO  main            d.u.i.k.p.i.AbstractProblemLoader Replaying proof Arrays[Arrays::unprovable(java.lang.Object)].JML operation contract.0 
121181     DEBUG main            d.u.i.k.p.i.IntermediateProofReplayer Proof replay took 6.6ns 
121287     INFO  main            d.u.i.k.p.r.p.TestFile    ... finished proof: open goal(s) 
121535     INFO  main            d.u.i.k.p.r.p.TestFile    Now processing file /home/runner/work/key/key/key.core/../key.ui/examples/standard_key/java_dl/deepNonNull/deepNonNull3.key 
121536     INFO  main            d.u.i.k.p.i.AbstractProblemLoader Loading environment from /home/runner/work/key/key/key.core/../key.ui/examples/standard_key/java_dl/deepNonNull/deepNonNull3.key 
121536     DEBUG main            d.u.i.k.p.i.AbstractProblemLoader Environment load took 61.7ns 
121537     INFO  main            d.u.i.k.p.i.AbstractProblemLoader Creating init config 
123910     DEBUG main            d.u.i.k.p.i.AbstractProblemLoader Init config took 2.37s 
123948     INFO  main            d.u.i.k.p.i.AbstractProblemLoader Replaying proof Arrays[Arrays::head([[[[Ljava.lang.Object)].JML operation contract.0 
123949     DEBUG main            d.u.i.k.p.i.IntermediateProofReplayer Proof replay took 6.8ns 
124858     INFO  main            d.u.i.k.p.r.p.TestFile    ... finished proof: closed. 
125111     INFO  main            d.u.i.k.p.i.AbstractProblemLoader Loading environment from /home/runner/work/key/key/key.core/../key.ui/examples/standard_key/java_dl/deepNonNull/deepNonNull3.key.proof 
125111     DEBUG main            d.u.i.k.p.i.AbstractProblemLoader Environment load took 381.3ns 
125112     INFO  main            d.u.i.k.p.i.AbstractProblemLoader Creating init config 
127504     DEBUG main            d.u.i.k.p.i.AbstractProblemLoader Init config took 2.39s 
127544     INFO  main            d.u.i.k.p.i.AbstractProblemLoader Replaying proof Arrays[Arrays::head([[[[Ljava.lang.Object)].JML operation contract.0 
127604     DEBUG main            d.u.i.k.p.i.IntermediateProofReplayer Proof replay took 55.46ms 
127605     DEBUG main            d.u.i.k.p.r.p.TestFile    ... success: reloaded. 
127606     INFO  main            d.u.i.k.p.r.p.TestFile    Now processing file /home/runner/work/key/key/key.core/../key.ui/examples/standard_key/java_dl/exceptions.key 
127606     INFO  main            d.u.i.k.p.i.AbstractProblemLoader Loading environment from /home/runner/work/key/key/key.core/../key.ui/examples/standard_key/java_dl/exceptions.key 
127606     DEBUG main            d.u.i.k.p.i.AbstractProblemLoader Environment load took 90.6ns 
127607     INFO  main            d.u.i.k.p.i.AbstractProblemLoader Creating init config 
127628     WARN  main            d.u.i.k.j.r.KeYCrossReferenceNameInfo Datatype java.io.InputStream declared twice: Once in FILE:/home/runner/work/key/key/key.core/../key.ui/examples/standard_key/java_dl/classpath/InputStream.java and once in URL:file:/home/runner/work/key/key/key.core/build/resources/main/de/uka/ilkd/key/java/JavaRedux/java/io/InputStream.java, Keeping one from URL:file:/home/runner/work/key/key/key.core/build/resources/main/de/uka/ilkd/key/java/JavaRedux/java/io/InputStream.java 
127628     WARN  main            d.u.i.k.j.r.KeYCrossReferenceNameInfo Datatype java.lang.System declared twice: Once in FILE:/home/runner/work/key/key/key.core/../key.ui/examples/standard_key/java_dl/classpath/System.java and once in URL:file:/home/runner/work/key/key/key.core/build/resources/main/de/uka/ilkd/key/java/JavaRedux/java/lang/System.java, Keeping one from URL:file:/home/runner/work/key/key/key.core/build/resources/main/de/uka/ilkd/key/java/JavaRedux/java/lang/System.java 
127628     WARN  main            d.u.i.k.j.r.KeYCrossReferenceNameInfo Datatype java.io.PrintStream declared twice: Once in FILE:/home/runner/work/key/key/key.core/../key.ui/examples/standard_key/java_dl/classpath/PrintStream.java and once in URL:file:/home/runner/work/key/key/key.core/build/resources/main/de/uka/ilkd/key/java/JavaRedux/java/io/PrintStream.java, Keeping one from URL:file:/home/runner/work/key/key/key.core/build/resources/main/de/uka/ilkd/key/java/JavaRedux/java/io/PrintStream.java 
127631     DEBUG main            d.u.i.k.j.r.ClassFileDeclarationBuilder Parsing: package java.io; public class Closeable { } 
127631     DEBUG main            r.s.KeYCrossReferenceSourceInfo Dynamically created class: java.io.Closeable 
129995     DEBUG main            d.u.i.k.p.i.AbstractProblemLoader Init config took 2.39s 
130014     INFO  main            d.u.i.k.p.i.AbstractProblemLoader Replaying proof exceptions.key 
130017     DEBUG main            d.u.i.k.p.i.IntermediateProofReplayer Proof replay took 6.9ns 
130220     INFO  main            d.u.i.k.p.r.p.TestFile    ... finished proof: closed. 
130481     INFO  main            d.u.i.k.p.i.AbstractProblemLoader Loading environment from /home/runner/work/key/key/key.core/../key.ui/examples/standard_key/java_dl/exceptions.key.proof 
130481     DEBUG main            d.u.i.k.p.i.AbstractProblemLoader Environment load took 128.4ns 
130482     INFO  main            d.u.i.k.p.i.AbstractProblemLoader Creating init config 
130512     WARN  main            d.u.i.k.j.r.KeYCrossReferenceNameInfo Datatype java.io.InputStream declared twice: Once in FILE:/home/runner/work/key/key/key.core/../key.ui/examples/standard_key/java_dl/classpath/InputStream.java and once in URL:file:/home/runner/work/key/key/key.core/build/resources/main/de/uka/ilkd/key/java/JavaRedux/java/io/InputStream.java, Keeping one from URL:file:/home/runner/work/key/key/key.core/build/resources/main/de/uka/ilkd/key/java/JavaRedux/java/io/InputStream.java 
130512     WARN  main            d.u.i.k.j.r.KeYCrossReferenceNameInfo Datatype java.lang.System declared twice: Once in FILE:/home/runner/work/key/key/key.core/../key.ui/examples/standard_key/java_dl/classpath/System.java and once in URL:file:/home/runner/work/key/key/key.core/build/resources/main/de/uka/ilkd/key/java/JavaRedux/java/lang/System.java, Keeping one from URL:file:/home/runner/work/key/key/key.core/build/resources/main/de/uka/ilkd/key/java/JavaRedux/java/lang/System.java 
130512     WARN  main            d.u.i.k.j.r.KeYCrossReferenceNameInfo Datatype java.io.PrintStream declared twice: Once in FILE:/home/runner/work/key/key/key.core/../key.ui/examples/standard_key/java_dl/classpath/PrintStream.java and once in URL:file:/home/runner/work/key/key/key.core/build/resources/main/de/uka/ilkd/key/java/JavaRedux/java/io/PrintStream.java, Keeping one from URL:file:/home/runner/work/key/key/key.core/build/resources/main/de/uka/ilkd/key/java/JavaRedux/java/io/PrintStream.java 
130515     DEBUG main            d.u.i.k.j.r.ClassFileDeclarationBuilder Parsing: package java.io; public class Closeable { } 
130515     DEBUG main            r.s.KeYCrossReferenceSourceInfo Dynamically created class: java.io.Closeable 
132911     DEBUG main            d.u.i.k.p.i.AbstractProblemLoader Init config took 2.43s 
132925     INFO  main            d.u.i.k.p.i.AbstractProblemLoader Replaying proof exceptions.key.proof 
132956     DEBUG main            d.u.i.k.p.i.IntermediateProofReplayer Proof replay took 29.17ms 
132958     DEBUG main            d.u.i.k.p.r.p.TestFile    ... success: reloaded. 
132958     INFO  main            d.u.i.k.p.r.p.TestFile    Now processing file /home/runner/work/key/key/key.core/../key.ui/examples/standard_key/java_dl/exceptions1.key 
132959     INFO  main            d.u.i.k.p.i.AbstractProblemLoader Loading environment from /home/runner/work/key/key/key.core/../key.ui/examples/standard_key/java_dl/exceptions1.key 
132959     DEBUG main            d.u.i.k.p.i.AbstractProblemLoader Environment load took 79ns 
132960     INFO  main            d.u.i.k.p.i.AbstractProblemLoader Creating init config 
135312     DEBUG main            d.u.i.k.p.i.AbstractProblemLoader Init config took 2.35s 
135327     INFO  main            d.u.i.k.p.i.AbstractProblemLoader Replaying proof exceptions1.key 
135329     DEBUG main            d.u.i.k.p.i.IntermediateProofReplayer Proof replay took 8ns 
135434     INFO  main            d.u.i.k.p.r.p.TestFile    ... finished proof: closed. 
135713     INFO  main            d.u.i.k.p.i.AbstractProblemLoader Loading environment from /home/runner/work/key/key/key.core/../key.ui/examples/standard_key/java_dl/exceptions1.key.proof 
135713     DEBUG main            d.u.i.k.p.i.AbstractProblemLoader Environment load took 95.5ns 
135714     INFO  main            d.u.i.k.p.i.AbstractProblemLoader Creating init config 
138011     DEBUG main            d.u.i.k.p.i.AbstractProblemLoader Init config took 2.3s 
138026     INFO  main            d.u.i.k.p.i.AbstractProblemLoader Replaying proof exceptions1.key.proof 
138049     DEBUG main            d.u.i.k.p.i.IntermediateProofReplayer Proof replay took 21.15ms 
138050     DEBUG main            d.u.i.k.p.r.p.TestFile    ... success: reloaded. 
138051     INFO  main            d.u.i.k.p.r.p.TestFile    Now processing file /home/runner/work/key/key/key.core/../key.ui/examples/standard_key/java_dl/exceptions2.key 
138052     INFO  main            d.u.i.k.p.i.AbstractProblemLoader Loading environment from /home/runner/work/key/key/key.core/../key.ui/examples/standard_key/java_dl/exceptions2.key 
138052     DEBUG main            d.u.i.k.p.i.AbstractProblemLoader Environment load took 157ns 
138053     INFO  main            d.u.i.k.p.i.AbstractProblemLoader Creating init config 
140442     DEBUG main            d.u.i.k.p.i.AbstractProblemLoader Init config took 2.39s 
140459     INFO  main            d.u.i.k.p.i.AbstractProblemLoader Replaying proof exceptions2.key 
140461     DEBUG main            d.u.i.k.p.i.IntermediateProofReplayer Proof replay took 7.3ns 
140563     INFO  main            d.u.i.k.p.r.p.TestFile    ... finished proof: closed. 
140845     INFO  main            d.u.i.k.p.i.AbstractProblemLoader Loading environment from /home/runner/work/key/key/key.core/../key.ui/examples/standard_key/java_dl/exceptions2.key.proof 
140845     DEBUG main            d.u.i.k.p.i.AbstractProblemLoader Environment load took 98.6ns 
140846     INFO  main            d.u.i.k.p.i.AbstractProblemLoader Creating init config 
143150     DEBUG main            d.u.i.k.p.i.AbstractProblemLoader Init config took 2.3s 
143170     INFO  main            d.u.i.k.p.i.AbstractProblemLoader Replaying proof exceptions2.key.proof 
143195     DEBUG main            d.u.i.k.p.i.IntermediateProofReplayer Proof replay took 22.31ms 
143200     DEBUG main            d.u.i.k.p.r.p.TestFile    ... success: reloaded. 
143201     INFO  main            d.u.i.k.p.r.p.TestFile    Now processing file /home/runner/work/key/key/key.core/../key.ui/examples/standard_key/java_dl/exceptions3.key 
143202     INFO  main            d.u.i.k.p.i.AbstractProblemLoader Loading environment from /home/runner/work/key/key/key.core/../key.ui/examples/standard_key/java_dl/exceptions3.key 
143202     DEBUG main            d.u.i.k.p.i.AbstractProblemLoader Environment load took 129.4ns 
143203     INFO  main            d.u.i.k.p.i.AbstractProblemLoader Creating init config 
143224     WARN  main            d.u.i.k.j.r.KeYCrossReferenceNameInfo Datatype java.io.InputStream declared twice: Once in FILE:/home/runner/work/key/key/key.core/../key.ui/examples/standard_key/java_dl/classpath/InputStream.java and once in URL:file:/home/runner/work/key/key/key.core/build/resources/main/de/uka/ilkd/key/java/JavaRedux/java/io/InputStream.java, Keeping one from URL:file:/home/runner/work/key/key/key.core/build/resources/main/de/uka/ilkd/key/java/JavaRedux/java/io/InputStream.java 
143224     WARN  main            d.u.i.k.j.r.KeYCrossReferenceNameInfo Datatype java.lang.System declared twice: Once in FILE:/home/runner/work/key/key/key.core/../key.ui/examples/standard_key/java_dl/classpath/System.java and once in URL:file:/home/runner/work/key/key/key.core/build/resources/main/de/uka/ilkd/key/java/JavaRedux/java/lang/System.java, Keeping one from URL:file:/home/runner/work/key/key/key.core/build/resources/main/de/uka/ilkd/key/java/JavaRedux/java/lang/System.java 
143225     WARN  main            d.u.i.k.j.r.KeYCrossReferenceNameInfo Datatype java.io.PrintStream declared twice: Once in FILE:/home/runner/work/key/key/key.core/../key.ui/examples/standard_key/java_dl/classpath/PrintStream.java and once in URL:file:/home/runner/work/key/key/key.core/build/resources/main/de/uka/ilkd/key/java/JavaRedux/java/io/PrintStream.java, Keeping one from URL:file:/home/runner/work/key/key/key.core/build/resources/main/de/uka/ilkd/key/java/JavaRedux/java/io/PrintStream.java 
143227     DEBUG main            d.u.i.k.j.r.ClassFileDeclarationBuilder Parsing: package java.io; public class Closeable { } 
143227     DEBUG main            r.s.KeYCrossReferenceSourceInfo Dynamically created class: java.io.Closeable 
145587     DEBUG main            d.u.i.k.p.i.AbstractProblemLoader Init config took 2.38s 
145601     INFO  main            d.u.i.k.p.i.AbstractProblemLoader Replaying proof exceptions3.key 
145603     DEBUG main            d.u.i.k.p.i.IntermediateProofReplayer Proof replay took 6.8ns 
145706     INFO  main            d.u.i.k.p.r.p.TestFile    ... finished proof: closed. 
146002     INFO  main            d.u.i.k.p.i.AbstractProblemLoader Loading environment from /home/runner/work/key/key/key.core/../key.ui/examples/standard_key/java_dl/exceptions3.key.proof 
146002     DEBUG main            d.u.i.k.p.i.AbstractProblemLoader Environment load took 141.9ns 
146003     INFO  main            d.u.i.k.p.i.AbstractProblemLoader Creating init config 
146028     WARN  main            d.u.i.k.j.r.KeYCrossReferenceNameInfo Datatype java.io.InputStream declared twice: Once in FILE:/home/runner/work/key/key/key.core/../key.ui/examples/standard_key/java_dl/classpath/InputStream.java and once in URL:file:/home/runner/work/key/key/key.core/build/resources/main/de/uka/ilkd/key/java/JavaRedux/java/io/InputStream.java, Keeping one from URL:file:/home/runner/work/key/key/key.core/build/resources/main/de/uka/ilkd/key/java/JavaRedux/java/io/InputStream.java 
146028     WARN  main            d.u.i.k.j.r.KeYCrossReferenceNameInfo Datatype java.lang.System declared twice: Once in FILE:/home/runner/work/key/key/key.core/../key.ui/examples/standard_key/java_dl/classpath/System.java and once in URL:file:/home/runner/work/key/key/key.core/build/resources/main/de/uka/ilkd/key/java/JavaRedux/java/lang/System.java, Keeping one from URL:file:/home/runner/work/key/key/key.core/build/resources/main/de/uka/ilkd/key/java/JavaRedux/java/lang/System.java 
146028     WARN  main            d.u.i.k.j.r.KeYCrossReferenceNameInfo Datatype java.io.PrintStream declared twice: Once in FILE:/home/runner/work/key/key/key.core/../key.ui/examples/standard_key/java_dl/classpath/PrintStream.java and once in URL:file:/home/runner/work/key/key/key.core/build/resources/main/de/uka/ilkd/key/java/JavaRedux/java/io/PrintStream.java, Keeping one from URL:file:/home/runner/work/key/key/key.core/build/resources/main/de/uka/ilkd/key/java/JavaRedux/java/io/PrintStream.java 
146031     DEBUG main            d.u.i.k.j.r.ClassFileDeclarationBuilder Parsing: package java.io; public class Closeable { } 
146031     DEBUG main            r.s.KeYCrossReferenceSourceInfo Dynamically created class: java.io.Closeable 
148340     DEBUG main            d.u.i.k.p.i.AbstractProblemLoader Init config took 2.34s 
148354     INFO  main            d.u.i.k.p.i.AbstractProblemLoader Replaying proof exceptions3.key.proof 
148359     DEBUG main            d.u.i.k.p.i.IntermediateProofReplayer Proof replay took 2.88ms 
148360     DEBUG main            d.u.i.k.p.r.p.TestFile    ... success: reloaded. 
148361     INFO  main            d.u.i.k.p.r.p.TestFile    Now processing file /home/runner/work/key/key/key.core/../key.ui/examples/standard_key/java_dl/exchange.key 
148361     INFO  main            d.u.i.k.p.i.AbstractProblemLoader Loading environment from /home/runner/work/key/key/key.core/../key.ui/examples/standard_key/java_dl/exchange.key 
148361     DEBUG main            d.u.i.k.p.i.AbstractProblemLoader Environment load took 80.7ns 
148362     INFO  main            d.u.i.k.p.i.AbstractProblemLoader Creating init config 
150707     DEBUG main            d.u.i.k.p.i.AbstractProblemLoader Init config took 2.34s 
150721     INFO  main            d.u.i.k.p.i.AbstractProblemLoader Replaying proof exchange.key 
150723     DEBUG main            d.u.i.k.p.i.IntermediateProofReplayer Proof replay took 7.9ns 
150826     INFO  main            d.u.i.k.p.r.p.TestFile    ... finished proof: closed. 
151102     INFO  main            d.u.i.k.p.i.AbstractProblemLoader Loading environment from /home/runner/work/key/key/key.core/../key.ui/examples/standard_key/java_dl/exchange.key.proof 
151102     DEBUG main            d.u.i.k.p.i.AbstractProblemLoader Environment load took 107.6ns 
151103     INFO  main            d.u.i.k.p.i.AbstractProblemLoader Creating init config 
153403     DEBUG main            d.u.i.k.p.i.AbstractProblemLoader Init config took 2.3s 
153417     INFO  main            d.u.i.k.p.i.AbstractProblemLoader Replaying proof exchange.key.proof 
153423     DEBUG main            d.u.i.k.p.i.IntermediateProofReplayer Proof replay took 3.03ms 
153424     DEBUG main            d.u.i.k.p.r.p.TestFile    ... success: reloaded. 
153424     INFO  main            d.u.i.k.p.r.p.TestFile    Now processing file /home/runner/work/key/key/key.core/../key.ui/examples/standard_key/java_dl/if.key 
153424     INFO  main            d.u.i.k.p.i.AbstractProblemLoader Loading environment from /home/runner/work/key/key/key.core/../key.ui/examples/standard_key/java_dl/if.key 
153424     DEBUG main            d.u.i.k.p.i.AbstractProblemLoader Environment load took 80.1ns 
153425     INFO  main            d.u.i.k.p.i.AbstractProblemLoader Creating init config 
155767     DEBUG main            d.u.i.k.p.i.AbstractProblemLoader Init config took 2.34s 
155782     INFO  main            d.u.i.k.p.i.AbstractProblemLoader Replaying proof if.key 
155784     DEBUG main            d.u.i.k.p.i.IntermediateProofReplayer Proof replay took 6.1ns 
155886     INFO  main            d.u.i.k.p.r.p.TestFile    ... finished proof: closed. 
156168     INFO  main            d.u.i.k.p.i.AbstractProblemLoader Loading environment from /home/runner/work/key/key/key.core/../key.ui/examples/standard_key/java_dl/if.key.proof 
156168     DEBUG main            d.u.i.k.p.i.AbstractProblemLoader Environment load took 97.4ns 
156169     INFO  main            d.u.i.k.p.i.AbstractProblemLoader Creating init config 
158457     DEBUG main            d.u.i.k.p.i.AbstractProblemLoader Init config took 2.29s 
158471     INFO  main            d.u.i.k.p.i.AbstractProblemLoader Replaying proof if.key.proof 
158475     DEBUG main            d.u.i.k.p.i.IntermediateProofReplayer Proof replay took 2.21ms 
158476     DEBUG main            d.u.i.k.p.r.p.TestFile    ... success: reloaded. 
158476     INFO  main            d.u.i.k.p.r.p.TestFile    Now processing file /home/runner/work/key/key/key.core/../key.ui/examples/standard_key/java_dl/incrementcounter.key 
158476     INFO  main            d.u.i.k.p.i.AbstractProblemLoader Loading environment from /home/runner/work/key/key/key.core/../key.ui/examples/standard_key/java_dl/incrementcounter.key 
158476     DEBUG main            d.u.i.k.p.i.AbstractProblemLoader Environment load took 75.9ns 
158477     INFO  main            d.u.i.k.p.i.AbstractProblemLoader Creating init config 
160805     DEBUG main            d.u.i.k.p.i.AbstractProblemLoader Init config took 2.33s 
160820     INFO  main            d.u.i.k.p.i.AbstractProblemLoader Replaying proof incrementcounter.key 
160822     DEBUG main            d.u.i.k.p.i.IntermediateProofReplayer Proof replay took 6.7ns 
160924     INFO  main            d.u.i.k.p.r.p.TestFile    ... finished proof: closed. 
161210     INFO  main            d.u.i.k.p.i.AbstractProblemLoader Loading environment from /home/runner/work/key/key/key.core/../key.ui/examples/standard_key/java_dl/incrementcounter.key.proof 
161210     DEBUG main            d.u.i.k.p.i.AbstractProblemLoader Environment load took 99.6ns 
161211     INFO  main            d.u.i.k.p.i.AbstractProblemLoader Creating init config 
163492     DEBUG main            d.u.i.k.p.i.AbstractProblemLoader Init config took 2.28s 
163505     INFO  main            d.u.i.k.p.i.AbstractProblemLoader Replaying proof incrementcounter.key.proof 
163508     DEBUG main            d.u.i.k.p.i.IntermediateProofReplayer Proof replay took 1.4ms 
163509     DEBUG main            d.u.i.k.p.r.p.TestFile    ... success: reloaded. 
163509     INFO  main            d.u.i.k.p.r.p.TestFile    Now processing file /home/runner/work/key/key/key.core/../key.ui/examples/standard_key/java_dl/danglingElse.key 
163510     INFO  main            d.u.i.k.p.i.AbstractProblemLoader Loading environment from /home/runner/work/key/key/key.core/../key.ui/examples/standard_key/java_dl/danglingElse.key 
163510     DEBUG main            d.u.i.k.p.i.AbstractProblemLoader Environment load took 63.4ns 
163510     INFO  main            d.u.i.k.p.i.AbstractProblemLoader Creating init config 
165830     DEBUG main            d.u.i.k.p.i.AbstractProblemLoader Init config took 2.32s 
165844     INFO  main            d.u.i.k.p.i.AbstractProblemLoader Replaying proof danglingElse.key 
165846     DEBUG main            d.u.i.k.p.i.IntermediateProofReplayer Proof replay took 6.7ns 
165950     INFO  main            d.u.i.k.p.r.p.TestFile    ... finished proof: open goal(s) 
166246     INFO  main            d.u.i.k.p.r.p.TestFile    Now processing file /home/runner/work/key/key/key.core/../key.ui/examples/standard_key/java_dl/iteratedAssignment.key 
166247     INFO  main            d.u.i.k.p.i.AbstractProblemLoader Loading environment from /home/runner/work/key/key/key.core/../key.ui/examples/standard_key/java_dl/iteratedAssignment.key 
166247     DEBUG main            d.u.i.k.p.i.AbstractProblemLoader Environment load took 104.9ns 
166248     INFO  main            d.u.i.k.p.i.AbstractProblemLoader Creating init config 
168538     DEBUG main            d.u.i.k.p.i.AbstractProblemLoader Init config took 2.29s 
168557     INFO  main            d.u.i.k.p.i.AbstractProblemLoader Replaying proof iteratedAssignment.key 
168560     DEBUG main            d.u.i.k.p.i.IntermediateProofReplayer Proof replay took 7.3ns 
168862     INFO  main            d.u.i.k.p.r.p.TestFile    ... finished proof: closed. 
169168     INFO  main            d.u.i.k.p.i.AbstractProblemLoader Loading environment from /home/runner/work/key/key/key.core/../key.ui/examples/standard_key/java_dl/iteratedAssignment.key.proof 
169168     DEBUG main            d.u.i.k.p.i.AbstractProblemLoader Environment load took 88.5ns 
169169     INFO  main            d.u.i.k.p.i.AbstractProblemLoader Creating init config 
171470     DEBUG main            d.u.i.k.p.i.AbstractProblemLoader Init config took 2.3s 
171484     INFO  main            d.u.i.k.p.i.AbstractProblemLoader Replaying proof iteratedAssignment.key.proof 
171542     DEBUG main            d.u.i.k.p.i.IntermediateProofReplayer Proof replay took 54.88ms 
171545     DEBUG main            d.u.i.k.p.r.p.TestFile    ... success: reloaded. 
171546     INFO  main            d.u.i.k.p.r.p.TestFile    Now processing file /home/runner/work/key/key/key.core/../key.ui/examples/standard_key/java_dl/assert/assert1.key 
171546     INFO  main            d.u.i.k.p.i.AbstractProblemLoader Loading environment from /home/runner/work/key/key/key.core/../key.ui/examples/standard_key/java_dl/assert/assert1.key 
171546     DEBUG main            d.u.i.k.p.i.AbstractProblemLoader Environment load took 159.2ns 
171547     INFO  main            d.u.i.k.p.i.AbstractProblemLoader Creating init config 
173927     DEBUG main            d.u.i.k.p.i.AbstractProblemLoader Init config took 2.38s 
173961     INFO  main            d.u.i.k.p.i.AbstractProblemLoader Replaying proof C[C::foo()].JML normal_behavior operation contract.0 
173962     DEBUG main            d.u.i.k.p.i.IntermediateProofReplayer Proof replay took 7.4ns 
174166     INFO  main            d.u.i.k.p.r.p.TestFile    ... finished proof: open goal(s) 
174487     INFO  main            d.u.i.k.p.r.p.TestFile    Now processing file /home/runner/work/key/key/key.core/../key.ui/examples/standard_key/java_dl/assert/assert2.key 
174487     INFO  main            d.u.i.k.p.i.AbstractProblemLoader Loading environment from /home/runner/work/key/key/key.core/../key.ui/examples/standard_key/java_dl/assert/assert2.key 
174487     DEBUG main            d.u.i.k.p.i.AbstractProblemLoader Environment load took 47.9ns 
174488     INFO  main            d.u.i.k.p.i.AbstractProblemLoader Creating init config 
176840     DEBUG main            d.u.i.k.p.i.AbstractProblemLoader Init config took 2.35s 
176873     INFO  main            d.u.i.k.p.i.AbstractProblemLoader Replaying proof C[C::bar()].JML exceptional_behavior operation contract.0 
176875     DEBUG main            d.u.i.k.p.i.IntermediateProofReplayer Proof replay took 6ns 
177077     INFO  main            d.u.i.k.p.r.p.TestFile    ... finished proof: closed. 
177381     INFO  main            d.u.i.k.p.i.AbstractProblemLoader Loading environment from /home/runner/work/key/key/key.core/../key.ui/examples/standard_key/java_dl/assert/assert2.key.proof 
177381     DEBUG main            d.u.i.k.p.i.AbstractProblemLoader Environment load took 373.8ns 
177382     INFO  main            d.u.i.k.p.i.AbstractProblemLoader Creating init config 
179709     DEBUG main            d.u.i.k.p.i.AbstractProblemLoader Init config took 2.33s 
179742     INFO  main            d.u.i.k.p.i.AbstractProblemLoader Replaying proof C[C::bar()].JML exceptional_behavior operation contract.0 
179772     DEBUG main            d.u.i.k.p.i.IntermediateProofReplayer Proof replay took 28.24ms 
179773     DEBUG main            d.u.i.k.p.r.p.TestFile    ... success: reloaded. 
179774     INFO  main            d.u.i.k.p.r.p.TestFile    Now processing file /home/runner/work/key/key/key.core/../key.ui/examples/standard_key/java_dl/assert/assert3.key 
179774     INFO  main            d.u.i.k.p.i.AbstractProblemLoader Loading environment from /home/runner/work/key/key/key.core/../key.ui/examples/standard_key/java_dl/assert/assert3.key 
179774     DEBUG main            d.u.i.k.p.i.AbstractProblemLoader Environment load took 69.5ns 
179775     INFO  main            d.u.i.k.p.i.AbstractProblemLoader Creating init config 
182164     DEBUG main            d.u.i.k.p.i.AbstractProblemLoader Init config took 2.39s 
182196     INFO  main            d.u.i.k.p.i.AbstractProblemLoader Replaying proof C[C::foo()].JML normal_behavior operation contract.0 
182197     DEBUG main            d.u.i.k.p.i.IntermediateProofReplayer Proof replay took 6.8ns 
182306     INFO  main            d.u.i.k.p.r.p.TestFile    ... finished proof: open goal(s) 
182625     INFO  main            d.u.i.k.p.r.p.TestFile    Now processing file /home/runner/work/key/key/key.core/../key.ui/examples/standard_key/java_dl/java5/vararg.key 
182625     INFO  main            d.u.i.k.p.i.AbstractProblemLoader Loading environment from /home/runner/work/key/key/key.core/../key.ui/examples/standard_key/java_dl/java5/vararg.key 
182625     DEBUG main            d.u.i.k.p.i.AbstractProblemLoader Environment load took 56.3ns 
182626     INFO  main            d.u.i.k.p.i.AbstractProblemLoader Creating init config 
183486     DEBUG main            d.u.i.k.j.r.ClassPreparationMethodBuilder clPrepBuilder: Inner Class detected. Reject building class initialisation methods. 
185236     DEBUG main            d.u.i.k.p.i.AbstractProblemLoader Init config took 2.61s 
185260     INFO  main            d.u.i.k.p.i.AbstractProblemLoader Replaying proof vararg.key 
185262     DEBUG main            d.u.i.k.p.i.IntermediateProofReplayer Proof replay took 7.6ns 
186567     INFO  main            d.u.i.k.p.r.p.TestFile    ... finished proof: closed. 
186974     INFO  main            d.u.i.k.p.i.AbstractProblemLoader Loading environment from /home/runner/work/key/key/key.core/../key.ui/examples/standard_key/java_dl/java5/vararg.key.proof 
186975     DEBUG main            d.u.i.k.p.i.AbstractProblemLoader Environment load took 335.6ns 
186976     INFO  main            d.u.i.k.p.i.AbstractProblemLoader Creating init config 
187784     DEBUG main            d.u.i.k.j.r.ClassPreparationMethodBuilder clPrepBuilder: Inner Class detected. Reject building class initialisation methods. 
189519     DEBUG main            d.u.i.k.p.i.AbstractProblemLoader Init config took 2.54s 
189542     INFO  main            d.u.i.k.p.i.AbstractProblemLoader Replaying proof vararg.key.proof 
189804     DEBUG main            d.u.i.k.p.i.IntermediateProofReplayer Proof replay took 251.18ms 
189806     DEBUG main            d.u.i.k.p.r.p.TestFile    ... success: reloaded. 
189807     INFO  main            d.u.i.k.p.r.p.TestFile    Now processing file /home/runner/work/key/key/key.core/../key.ui/examples/standard_key/java_dl/java5/for_Array.key 
189807     INFO  main            d.u.i.k.p.i.AbstractProblemLoader Loading environment from /home/runner/work/key/key/key.core/../key.ui/examples/standard_key/java_dl/java5/for_Array.key 
189807     DEBUG main            d.u.i.k.p.i.AbstractProblemLoader Environment load took 159ns 
189808     INFO  main            d.u.i.k.p.i.AbstractProblemLoader Creating init config 
190625     DEBUG main            d.u.i.k.j.r.ClassPreparationMethodBuilder clPrepBuilder: Inner Class detected. Reject building class initialisation methods. 
192437     DEBUG main            d.u.i.k.p.i.AbstractProblemLoader Init config took 2.63s 
192501     INFO  main            d.u.i.k.p.i.AbstractProblemLoader Replaying proof For[For::sum([I)].JML operation contract.0 
192502     DEBUG main            d.u.i.k.p.i.IntermediateProofReplayer Proof replay took 7.4ns 
192906     INFO  main            d.u.i.k.p.r.p.TestFile    ... finished proof: closed. 
193309     INFO  main            d.u.i.k.p.i.AbstractProblemLoader Loading environment from /home/runner/work/key/key/key.core/../key.ui/examples/standard_key/java_dl/java5/for_Array.key.proof 
193309     DEBUG main            d.u.i.k.p.i.AbstractProblemLoader Environment load took 89.2ns 
193310     INFO  main            d.u.i.k.p.i.AbstractProblemLoader Creating init config 
194100     DEBUG main            d.u.i.k.j.r.ClassPreparationMethodBuilder clPrepBuilder: Inner Class detected. Reject building class initialisation methods. 
195796     DEBUG main            d.u.i.k.p.i.AbstractProblemLoader Init config took 2.49s 
195844     INFO  main            d.u.i.k.p.i.AbstractProblemLoader Replaying proof For[For::sum([I)].JML operation contract.0 
195909     DEBUG main            d.u.i.k.p.i.IntermediateProofReplayer Proof replay took 61.34ms 
195910     DEBUG main            d.u.i.k.p.r.p.TestFile    ... success: reloaded. 
195910     INFO  main            d.u.i.k.p.r.p.TestFile    Now processing file /home/runner/work/key/key/key.core/../key.ui/examples/standard_key/java_dl/java5/for_Iterable.key 
195911     INFO  main            d.u.i.k.p.i.AbstractProblemLoader Loading environment from /home/runner/work/key/key/key.core/../key.ui/examples/standard_key/java_dl/java5/for_Iterable.key 
195911     DEBUG main            d.u.i.k.p.i.AbstractProblemLoader Environment load took 67ns 
195911     INFO  main            d.u.i.k.p.i.AbstractProblemLoader Creating init config 
196735     DEBUG main            d.u.i.k.j.r.ClassPreparationMethodBuilder clPrepBuilder: Inner Class detected. Reject building class initialisation methods. 
198453     DEBUG main            d.u.i.k.p.i.AbstractProblemLoader Init config took 2.54s 
198506     INFO  main            d.u.i.k.p.i.AbstractProblemLoader Replaying proof For[For::infiniteLoop(For)].JML operation contract.0 
198508     DEBUG main            d.u.i.k.p.i.IntermediateProofReplayer Proof replay took 6.7ns 
198710     INFO  main            d.u.i.k.p.r.p.TestFile    ... finished proof: closed. 
199037     INFO  main            d.u.i.k.p.i.AbstractProblemLoader Loading environment from /home/runner/work/key/key/key.core/../key.ui/examples/standard_key/java_dl/java5/for_Iterable.key.proof 
199038     DEBUG main            d.u.i.k.p.i.AbstractProblemLoader Environment load took 92.1ns 
199039     INFO  main            d.u.i.k.p.i.AbstractProblemLoader Creating init config 
199824     DEBUG main            d.u.i.k.j.r.ClassPreparationMethodBuilder clPrepBuilder: Inner Class detected. Reject building class initialisation methods. 
201510     DEBUG main            d.u.i.k.p.i.AbstractProblemLoader Init config took 2.47s 
201557     INFO  main            d.u.i.k.p.i.AbstractProblemLoader Replaying proof For[For::infiniteLoop(For)].JML operation contract.0 
201595     DEBUG main            d.u.i.k.p.i.IntermediateProofReplayer Proof replay took 35.19ms 
201596     DEBUG main            d.u.i.k.p.r.p.TestFile    ... success: reloaded. 
201597     INFO  main            d.u.i.k.p.r.p.TestFile    Now processing file /home/runner/work/key/key/key.core/../key.ui/examples/standard_key/java_dl/java5/for_ReferenceArray.key 
201597     INFO  main            d.u.i.k.p.i.AbstractProblemLoader Loading environment from /home/runner/work/key/key/key.core/../key.ui/examples/standard_key/java_dl/java5/for_ReferenceArray.key 
201597     DEBUG main            d.u.i.k.p.i.AbstractProblemLoader Environment load took 93.5ns 
201598     INFO  main            d.u.i.k.p.i.AbstractProblemLoader Creating init config 
202408     DEBUG main            d.u.i.k.j.r.ClassPreparationMethodBuilder clPrepBuilder: Inner Class detected. Reject building class initialisation methods. 
204132     DEBUG main            d.u.i.k.p.i.AbstractProblemLoader Init config took 2.53s 
204179     INFO  main            d.u.i.k.p.i.AbstractProblemLoader Replaying proof ForReferenceArray[ForReferenceArray::foo([Ljava.lang.Object)].JML operation contract.0 
204181     DEBUG main            d.u.i.k.p.i.IntermediateProofReplayer Proof replay took 6.3ns 
204385     INFO  main            d.u.i.k.p.r.p.TestFile    ... finished proof: closed. 
204750     INFO  main            d.u.i.k.p.i.AbstractProblemLoader Loading environment from /home/runner/work/key/key/key.core/../key.ui/examples/standard_key/java_dl/java5/for_ReferenceArray.key.proof 
204750     DEBUG main            d.u.i.k.p.i.AbstractProblemLoader Environment load took 107.9ns 
204751     INFO  main            d.u.i.k.p.i.AbstractProblemLoader Creating init config 
205532     DEBUG main            d.u.i.k.j.r.ClassPreparationMethodBuilder clPrepBuilder: Inner Class detected. Reject building class initialisation methods. 
207216     DEBUG main            d.u.i.k.p.i.AbstractProblemLoader Init config took 2.46s 
207263     INFO  main            d.u.i.k.p.i.AbstractProblemLoader Replaying proof ForReferenceArray[ForReferenceArray::foo([Ljava.lang.Object)].JML operation contract.0 
207305     DEBUG main            d.u.i.k.p.i.IntermediateProofReplayer Proof replay took 39.08ms 
207306     DEBUG main            d.u.i.k.p.r.p.TestFile    ... success: reloaded. 
207307     INFO  main            d.u.i.k.p.r.p.TestFile    Now processing file /home/runner/work/key/key/key.core/../key.ui/examples/standard_key/java_dl/jml-bigint/cast.key 
207307     INFO  main            d.u.i.k.p.i.AbstractProblemLoader Loading environment from /home/runner/work/key/key/key.core/../key.ui/examples/standard_key/java_dl/jml-bigint/cast.key 
207307     DEBUG main            d.u.i.k.p.i.AbstractProblemLoader Environment load took 58.4ns 
207308     INFO  main            d.u.i.k.p.i.AbstractProblemLoader Creating init config 
209771     DEBUG main            d.u.i.k.p.i.AbstractProblemLoader Init config took 2.46s 
209804     INFO  main            d.u.i.k.p.i.AbstractProblemLoader Replaying proof Mult[Mult::cast()].JML operation contract.0 
209805     DEBUG main            d.u.i.k.p.i.IntermediateProofReplayer Proof replay took 6.5ns 
209907     INFO  main            d.u.i.k.p.r.p.TestFile    ... finished proof: closed. 
210253     INFO  main            d.u.i.k.p.i.AbstractProblemLoader Loading environment from /home/runner/work/key/key/key.core/../key.ui/examples/standard_key/java_dl/jml-bigint/cast.key.proof 
210253     DEBUG main            d.u.i.k.p.i.AbstractProblemLoader Environment load took 111.3ns 
210254     INFO  main            d.u.i.k.p.i.AbstractProblemLoader Creating init config 
212629     DEBUG main            d.u.i.k.p.i.AbstractProblemLoader Init config took 2.38s 
212662     INFO  main            d.u.i.k.p.i.AbstractProblemLoader Replaying proof Mult[Mult::cast()].JML operation contract.0 
212672     DEBUG main            d.u.i.k.p.i.IntermediateProofReplayer Proof replay took 8.72ms 
212673     DEBUG main            d.u.i.k.p.r.p.TestFile    ... success: reloaded. 
212673     INFO  main            d.u.i.k.p.r.p.TestFile    Now processing file /home/runner/work/key/key/key.core/../key.ui/examples/standard_key/java_dl/jml-free/loopInvFree.key 
212674     INFO  main            d.u.i.k.p.i.AbstractProblemLoader Loading environment from /home/runner/work/key/key/key.core/../key.ui/examples/standard_key/java_dl/jml-free/loopInvFree.key 
212674     DEBUG main            d.u.i.k.p.i.AbstractProblemLoader Environment load took 79.1ns 
212675     INFO  main            d.u.i.k.p.i.AbstractProblemLoader Creating init config 
215046     DEBUG main            d.u.i.k.p.i.AbstractProblemLoader Init config took 2.37s 
215083     INFO  main            d.u.i.k.p.i.AbstractProblemLoader Replaying proof LoopInvFree[LoopInvFree::test()].JML operation contract.0 
215085     DEBUG main            d.u.i.k.p.i.IntermediateProofReplayer Proof replay took 7.3ns 
215287     INFO  main            d.u.i.k.p.r.p.TestFile    ... finished proof: closed. 
215662     INFO  main            d.u.i.k.p.i.AbstractProblemLoader Loading environment from /home/runner/work/key/key/key.core/../key.ui/examples/standard_key/java_dl/jml-free/loopInvFree.key.proof 
215662     DEBUG main            d.u.i.k.p.i.AbstractProblemLoader Environment load took 83.4ns 
215663     INFO  main            d.u.i.k.p.i.AbstractProblemLoader Creating init config 
217997     DEBUG main            d.u.i.k.p.i.AbstractProblemLoader Init config took 2.33s 
218029     INFO  main            d.u.i.k.p.i.AbstractProblemLoader Replaying proof LoopInvFree[LoopInvFree::test()].JML operation contract.0 
218060     DEBUG main            d.u.i.k.p.i.IntermediateProofReplayer Proof replay took 28.76ms 
218060     DEBUG main            d.u.i.k.p.r.p.TestFile    ... success: reloaded. 
218061     INFO  main            d.u.i.k.p.r.p.TestFile    Now processing file /home/runner/work/key/key/key.core/../key.ui/examples/standard_key/java_dl/jml-free/ensuresFree.key 
218061     INFO  main            d.u.i.k.p.i.AbstractProblemLoader Loading environment from /home/runner/work/key/key/key.core/../key.ui/examples/standard_key/java_dl/jml-free/ensuresFree.key 
218062     DEBUG main            d.u.i.k.p.i.AbstractProblemLoader Environment load took 74.6ns 
218062     INFO  main            d.u.i.k.p.i.AbstractProblemLoader Creating init config 
220419     DEBUG main            d.u.i.k.p.i.AbstractProblemLoader Init config took 2.36s 
220451     INFO  main            d.u.i.k.p.i.AbstractProblemLoader Replaying proof EnsuresFree[EnsuresFree::test()].JML operation contract.0 
220452     DEBUG main            d.u.i.k.p.i.IntermediateProofReplayer Proof replay took 6.8ns 
220554     INFO  main            d.u.i.k.p.r.p.TestFile    ... finished proof: closed. 
220923     INFO  main            d.u.i.k.p.i.AbstractProblemLoader Loading environment from /home/runner/work/key/key/key.core/../key.ui/examples/standard_key/java_dl/jml-free/ensuresFree.key.proof 
220923     DEBUG main            d.u.i.k.p.i.AbstractProblemLoader Environment load took 84.2ns 
220924     INFO  main            d.u.i.k.p.i.AbstractProblemLoader Creating init config 
223258     DEBUG main            d.u.i.k.p.i.AbstractProblemLoader Init config took 2.33s 
223291     INFO  main            d.u.i.k.p.i.AbstractProblemLoader Replaying proof EnsuresFree[EnsuresFree::test()].JML operation contract.0 
223306     DEBUG main            d.u.i.k.p.i.IntermediateProofReplayer Proof replay took 13.68ms 
223307     DEBUG main            d.u.i.k.p.r.p.TestFile    ... success: reloaded. 
223307     INFO  main            d.u.i.k.p.r.p.TestFile    Now processing file /home/runner/work/key/key/key.core/../key.ui/examples/standard_key/java_dl/jml-information-flow.key 
223308     INFO  main            d.u.i.k.p.i.AbstractProblemLoader Loading environment from /home/runner/work/key/key/key.core/../key.ui/examples/standard_key/java_dl/jml-information-flow.key 
223308     DEBUG main            d.u.i.k.p.i.AbstractProblemLoader Environment load took 111.9ns 
223312     INFO  main            d.u.i.k.p.i.AbstractProblemLoader Creating init config 
225869     DEBUG main            d.u.i.k.p.i.AbstractProblemLoader Init config took 2.56s 
225886     INFO  main            d.u.i.k.p.i.AbstractProblemLoader Replaying proof jml-information-flow.key 
225887     DEBUG main            d.u.i.k.p.i.IntermediateProofReplayer Proof replay took 6.8ns 
353930     INFO  main            d.u.i.k.p.r.p.TestFile    ... finished proof: closed. 
354491     INFO  main            d.u.i.k.p.i.AbstractProblemLoader Loading environment from /home/runner/work/key/key/key.core/../key.ui/examples/standard_key/java_dl/jml-information-flow.key.proof 
354491     DEBUG main            d.u.i.k.p.i.AbstractProblemLoader Environment load took 337.9ns 
354500     INFO  main            d.u.i.k.p.i.AbstractProblemLoader Creating init config 
356963     DEBUG main            d.u.i.k.p.i.AbstractProblemLoader Init config took 2.46s 
356981     INFO  main            d.u.i.k.p.i.AbstractProblemLoader Replaying proof jml-information-flow.key.proof 
359767     DEBUG main            d.u.i.k.p.i.IntermediateProofReplayer Proof replay took 2.67s 
359776     DEBUG main            d.u.i.k.p.r.p.TestFile    ... success: reloaded. 
359777     INFO  main            d.u.i.k.p.r.p.TestFile    Now processing file /home/runner/work/key/key/key.core/../key.ui/examples/standard_key/java_dl/jml-min/min-unprovable1.key 
359777     INFO  main            d.u.i.k.p.i.AbstractProblemLoader Loading environment from /home/runner/work/key/key/key.core/../key.ui/examples/standard_key/java_dl/jml-min/min-unprovable1.key 
359777     DEBUG main            d.u.i.k.p.i.AbstractProblemLoader Environment load took 159.3ns 
359778     INFO  main            d.u.i.k.p.i.AbstractProblemLoader Creating init config 
362207     DEBUG main            d.u.i.k.p.i.AbstractProblemLoader Init config took 2.43s 
362239     INFO  main            d.u.i.k.p.i.AbstractProblemLoader Replaying proof Min[Min::foo()].JML operation contract.0 
362240     DEBUG main            d.u.i.k.p.i.IntermediateProofReplayer Proof replay took 6.6ns 
362347     INFO  main            d.u.i.k.p.r.p.TestFile    ... finished proof: open goal(s) 
362896     INFO  main            d.u.i.k.p.r.p.TestFile    Now processing file /home/runner/work/key/key/key.core/../key.ui/examples/standard_key/java_dl/jml-min/min-unprovable2.key 
362897     INFO  main            d.u.i.k.p.i.AbstractProblemLoader Loading environment from /home/runner/work/key/key/key.core/../key.ui/examples/standard_key/java_dl/jml-min/min-unprovable2.key 
362897     DEBUG main            d.u.i.k.p.i.AbstractProblemLoader Environment load took 55ns 
362898     INFO  main            d.u.i.k.p.i.AbstractProblemLoader Creating init config 
365216     DEBUG main            d.u.i.k.p.i.AbstractProblemLoader Init config took 2.32s 
365248     INFO  main            d.u.i.k.p.i.AbstractProblemLoader Replaying proof Min[Min::foo2()].JML operation contract.0 
365250     DEBUG main            d.u.i.k.p.i.IntermediateProofReplayer Proof replay took 7.1ns 
365352     INFO  main            d.u.i.k.p.r.p.TestFile    ... finished proof: open goal(s) 
365725     INFO  main            d.u.i.k.p.r.p.TestFile    Now processing file /home/runner/work/key/key/key.core/../key.ui/examples/standard_key/java_dl/methodCall.key 
365725     INFO  main            d.u.i.k.p.i.AbstractProblemLoader Loading environment from /home/runner/work/key/key/key.core/../key.ui/examples/standard_key/java_dl/methodCall.key 
365725     DEBUG main            d.u.i.k.p.i.AbstractProblemLoader Environment load took 44.2ns 
365726     INFO  main            d.u.i.k.p.i.AbstractProblemLoader Creating init config 
368044     DEBUG main            d.u.i.k.p.i.AbstractProblemLoader Init config took 2.32s 
368058     INFO  main            d.u.i.k.p.i.AbstractProblemLoader Replaying proof methodCall.key 
368059     DEBUG main            d.u.i.k.p.i.IntermediateProofReplayer Proof replay took 7.1ns 
368162     INFO  main            d.u.i.k.p.r.p.TestFile    ... finished proof: closed. 
368531     INFO  main            d.u.i.k.p.i.AbstractProblemLoader Loading environment from /home/runner/work/key/key/key.core/../key.ui/examples/standard_key/java_dl/methodCall.key.proof 
368531     DEBUG main            d.u.i.k.p.i.AbstractProblemLoader Environment load took 94.3ns 
368532     INFO  main            d.u.i.k.p.i.AbstractProblemLoader Creating init config 
370873     DEBUG main            d.u.i.k.p.i.AbstractProblemLoader Init config took 2.34s 
370887     INFO  main            d.u.i.k.p.i.AbstractProblemLoader Replaying proof methodCall.key.proof 
370890     DEBUG main            d.u.i.k.p.i.IntermediateProofReplayer Proof replay took 1.64ms 
370891     DEBUG main            d.u.i.k.p.r.p.TestFile    ... success: reloaded. 
370891     INFO  main            d.u.i.k.p.r.p.TestFile    Now processing file /home/runner/work/key/key/key.core/../key.ui/examples/standard_key/java_dl/methodCall1.key 
370891     INFO  main            d.u.i.k.p.i.AbstractProblemLoader Loading environment from /home/runner/work/key/key/key.core/../key.ui/examples/standard_key/java_dl/methodCall1.key 
370891     DEBUG main            d.u.i.k.p.i.AbstractProblemLoader Environment load took 59.8ns 
370892     INFO  main            d.u.i.k.p.i.AbstractProblemLoader Creating init config 
373247     DEBUG main            d.u.i.k.p.i.AbstractProblemLoader Init config took 2.35s 
373260     INFO  main            d.u.i.k.p.i.AbstractProblemLoader Replaying proof methodCall1.key 
373262     DEBUG main            d.u.i.k.p.i.IntermediateProofReplayer Proof replay took 5.9ns 
373364     INFO  main            d.u.i.k.p.r.p.TestFile    ... finished proof: closed. 
373753     INFO  main            d.u.i.k.p.i.AbstractProblemLoader Loading environment from /home/runner/work/key/key/key.core/../key.ui/examples/standard_key/java_dl/methodCall1.key.proof 
373753     DEBUG main            d.u.i.k.p.i.AbstractProblemLoader Environment load took 89ns 
373754     INFO  main            d.u.i.k.p.i.AbstractProblemLoader Creating init config 
376069     DEBUG main            d.u.i.k.p.i.AbstractProblemLoader Init config took 2.31s 
376083     INFO  main            d.u.i.k.p.i.AbstractProblemLoader Replaying proof methodCall1.key.proof 
376093     DEBUG main            d.u.i.k.p.i.IntermediateProofReplayer Proof replay took 9.06ms 
376094     DEBUG main            d.u.i.k.p.r.p.TestFile    ... success: reloaded. 
376095     INFO  main            d.u.i.k.p.r.p.TestFile    Now processing file /home/runner/work/key/key/key.core/../key.ui/examples/standard_key/java_dl/methodCall1box.key 
376095     INFO  main            d.u.i.k.p.i.AbstractProblemLoader Loading environment from /home/runner/work/key/key/key.core/../key.ui/examples/standard_key/java_dl/methodCall1box.key 
376095     DEBUG main            d.u.i.k.p.i.AbstractProblemLoader Environment load took 74.2ns 
376096     INFO  main            d.u.i.k.p.i.AbstractProblemLoader Creating init config 
378435     DEBUG main            d.u.i.k.p.i.AbstractProblemLoader Init config took 2.34s 
378448     INFO  main            d.u.i.k.p.i.AbstractProblemLoader Replaying proof methodCall1box.key 
378450     DEBUG main            d.u.i.k.p.i.IntermediateProofReplayer Proof replay took 7.3ns 
378552     INFO  main            d.u.i.k.p.r.p.TestFile    ... finished proof: closed. 
378948     INFO  main            d.u.i.k.p.i.AbstractProblemLoader Loading environment from /home/runner/work/key/key/key.core/../key.ui/examples/standard_key/java_dl/methodCall1box.key.proof 
378948     DEBUG main            d.u.i.k.p.i.AbstractProblemLoader Environment load took 82.3ns 
378949     INFO  main            d.u.i.k.p.i.AbstractProblemLoader Creating init config 
381265     DEBUG main            d.u.i.k.p.i.AbstractProblemLoader Init config took 2.32s 
381278     INFO  main            d.u.i.k.p.i.AbstractProblemLoader Replaying proof methodCall1box.key.proof 
381291     DEBUG main            d.u.i.k.p.i.IntermediateProofReplayer Proof replay took 10.73ms 
381291     DEBUG main            d.u.i.k.p.r.p.TestFile    ... success: reloaded. 
381292     INFO  main            d.u.i.k.p.r.p.TestFile    Now processing file /home/runner/work/key/key/key.core/../key.ui/examples/standard_key/java_dl/methodCall3.key 
381292     INFO  main            d.u.i.k.p.i.AbstractProblemLoader Loading environment from /home/runner/work/key/key/key.core/../key.ui/examples/standard_key/java_dl/methodCall3.key 
381292     DEBUG main            d.u.i.k.p.i.AbstractProblemLoader Environment load took 43.8ns 
381293     INFO  main            d.u.i.k.p.i.AbstractProblemLoader Creating init config 
383650     DEBUG main            d.u.i.k.p.i.AbstractProblemLoader Init config took 2.36s 
383664     INFO  main            d.u.i.k.p.i.AbstractProblemLoader Replaying proof methodCall3.key 
383665     DEBUG main            d.u.i.k.p.i.IntermediateProofReplayer Proof replay took 6.5ns 
383770     INFO  main            d.u.i.k.p.r.p.TestFile    ... finished proof: closed. 
384171     INFO  main            d.u.i.k.p.i.AbstractProblemLoader Loading environment from /home/runner/work/key/key/key.core/../key.ui/examples/standard_key/java_dl/methodCall3.key.proof 
384171     DEBUG main            d.u.i.k.p.i.AbstractProblemLoader Environment load took 85.8ns 
384172     INFO  main            d.u.i.k.p.i.AbstractProblemLoader Creating init config 
386484     DEBUG main            d.u.i.k.p.i.AbstractProblemLoader Init config took 2.31s 
386498     INFO  main            d.u.i.k.p.i.AbstractProblemLoader Replaying proof methodCall3.key.proof 
386506     DEBUG main            d.u.i.k.p.i.IntermediateProofReplayer Proof replay took 5.9ms 
386506     DEBUG main            d.u.i.k.p.r.p.TestFile    ... success: reloaded. 
386507     INFO  main            d.u.i.k.p.r.p.TestFile    Now processing file /home/runner/work/key/key/key.core/../key.ui/examples/standard_key/java_dl/polishFlagSort.key 
386507     INFO  main            d.u.i.k.p.i.AbstractProblemLoader Loading environment from /home/runner/work/key/key/key.core/../key.ui/examples/standard_key/java_dl/polishFlagSort.key 
386507     DEBUG main            d.u.i.k.p.i.AbstractProblemLoader Environment load took 43.2ns 
386508     INFO  main            d.u.i.k.p.i.AbstractProblemLoader Creating init config 
388890     DEBUG main            d.u.i.k.p.i.AbstractProblemLoader Init config took 2.38s 
388905     INFO  main            d.u.i.k.p.i.AbstractProblemLoader Replaying proof polishFlagSort.key 
388906     DEBUG main            d.u.i.k.p.i.IntermediateProofReplayer Proof replay took 7.4ns 
391119     INFO  main            d.u.i.k.p.r.p.TestFile    ... finished proof: closed. 
391563     INFO  main            d.u.i.k.p.i.AbstractProblemLoader Loading environment from /home/runner/work/key/key/key.core/../key.ui/examples/standard_key/java_dl/polishFlagSort.key.proof 
391563     DEBUG main            d.u.i.k.p.i.AbstractProblemLoader Environment load took 311.4ns 
391565     INFO  main            d.u.i.k.p.i.AbstractProblemLoader Creating init config 
393919     DEBUG main            d.u.i.k.p.i.AbstractProblemLoader Init config took 2.35s 
393933     INFO  main            d.u.i.k.p.i.AbstractProblemLoader Replaying proof polishFlagSort.key.proof 
394190     DEBUG main            d.u.i.k.p.i.IntermediateProofReplayer Proof replay took 245.6ms 
394192     DEBUG main            d.u.i.k.p.r.p.TestFile    ... success: reloaded. 
394193     INFO  main            d.u.i.k.p.r.p.TestFile    Now processing file /home/runner/work/key/key/key.core/../key.ui/examples/standard_key/java_dl/postConditionTaclets1.key 
394193     INFO  main            d.u.i.k.p.i.AbstractProblemLoader Loading environment from /home/runner/work/key/key/key.core/../key.ui/examples/standard_key/java_dl/postConditionTaclets1.key 
394193     DEBUG main            d.u.i.k.p.i.AbstractProblemLoader Environment load took 68.3ns 
394194     INFO  main            d.u.i.k.p.i.AbstractProblemLoader Creating init config 
396500     DEBUG main            d.u.i.k.p.i.AbstractProblemLoader Init config took 2.31s 
396513     INFO  main            d.u.i.k.p.i.AbstractProblemLoader Replaying proof postConditionTaclets1.key 
396515     DEBUG main            d.u.i.k.p.i.IntermediateProofReplayer Proof replay took 6.9ns 
396616     INFO  main            d.u.i.k.p.r.p.TestFile    ... finished proof: closed. 
397063     INFO  main            d.u.i.k.p.i.AbstractProblemLoader Loading environment from /home/runner/work/key/key/key.core/../key.ui/examples/standard_key/java_dl/postConditionTaclets1.key.proof 
397063     DEBUG main            d.u.i.k.p.i.AbstractProblemLoader Environment load took 79.8ns 
397064     INFO  main            d.u.i.k.p.i.AbstractProblemLoader Creating init config 
399340     DEBUG main            d.u.i.k.p.i.AbstractProblemLoader Init config took 2.28s 
399356     INFO  main            d.u.i.k.p.i.AbstractProblemLoader Replaying proof postConditionTaclets1.key.proof 
399360     DEBUG main            d.u.i.k.p.i.IntermediateProofReplayer Proof replay took 287.5ns 
399361     DEBUG main            d.u.i.k.p.r.p.TestFile    ... success: reloaded. 
399362     INFO  main            d.u.i.k.p.r.p.TestFile    Now processing file /home/runner/work/key/key/key.core/../key.ui/examples/standard_key/java_dl/postConditionTaclets2.key 
399362     INFO  main            d.u.i.k.p.i.AbstractProblemLoader Loading environment from /home/runner/work/key/key/key.core/../key.ui/examples/standard_key/java_dl/postConditionTaclets2.key 
399362     DEBUG main            d.u.i.k.p.i.AbstractProblemLoader Environment load took 69.5ns 
399363     INFO  main            d.u.i.k.p.i.AbstractProblemLoader Creating init config 
401675     DEBUG main            d.u.i.k.p.i.AbstractProblemLoader Init config took 2.31s 
401689     INFO  main            d.u.i.k.p.i.AbstractProblemLoader Replaying proof postConditionTaclets2.key 
401690     DEBUG main            d.u.i.k.p.i.IntermediateProofReplayer Proof replay took 7.6ns 
401794     INFO  main            d.u.i.k.p.r.p.TestFile    ... finished proof: closed. 
402202     INFO  main            d.u.i.k.p.i.AbstractProblemLoader Loading environment from /home/runner/work/key/key/key.core/../key.ui/examples/standard_key/java_dl/postConditionTaclets2.key.proof 
402202     DEBUG main            d.u.i.k.p.i.AbstractProblemLoader Environment load took 96.6ns 
402203     INFO  main            d.u.i.k.p.i.AbstractProblemLoader Creating init config 
404477     DEBUG main            d.u.i.k.p.i.AbstractProblemLoader Init config took 2.27s 
404491     INFO  main            d.u.i.k.p.i.AbstractProblemLoader Replaying proof postConditionTaclets2.key.proof 
404494     DEBUG main            d.u.i.k.p.i.IntermediateProofReplayer Proof replay took 511ns 
404494     DEBUG main            d.u.i.k.p.r.p.TestFile    ... success: reloaded. 
404495     INFO  main            d.u.i.k.p.r.p.TestFile    Now processing file /home/runner/work/key/key/key.core/../key.ui/examples/standard_key/java_dl/quantifiedQuery.key 
404495     INFO  main            d.u.i.k.p.i.AbstractProblemLoader Loading environment from /home/runner/work/key/key/key.core/../key.ui/examples/standard_key/java_dl/quantifiedQuery.key 
404495     DEBUG main            d.u.i.k.p.i.AbstractProblemLoader Environment load took 57.7ns 
404497     INFO  main            d.u.i.k.p.i.AbstractProblemLoader Creating init config 
406848     DEBUG main            d.u.i.k.p.i.AbstractProblemLoader Init config took 2.35s 
406862     INFO  main            d.u.i.k.p.i.AbstractProblemLoader Replaying proof quantifiedQuery.key 
406864     DEBUG main            d.u.i.k.p.i.IntermediateProofReplayer Proof replay took 7.3ns 
406966     INFO  main            d.u.i.k.p.r.p.TestFile    ... finished proof: closed. 
407381     INFO  main            d.u.i.k.p.i.AbstractProblemLoader Loading environment from /home/runner/work/key/key/key.core/../key.ui/examples/standard_key/java_dl/quantifiedQuery.key.proof 
407381     DEBUG main            d.u.i.k.p.i.AbstractProblemLoader Environment load took 93.1ns 
407382     INFO  main            d.u.i.k.p.i.AbstractProblemLoader Creating init config 
409716     DEBUG main            d.u.i.k.p.i.AbstractProblemLoader Init config took 2.33s 
409731     INFO  main            d.u.i.k.p.i.AbstractProblemLoader Replaying proof quantifiedQuery.key.proof 
409739     DEBUG main            d.u.i.k.p.i.IntermediateProofReplayer Proof replay took 6.77ms 
409740     DEBUG main            d.u.i.k.p.r.p.TestFile    ... success: reloaded. 
409740     INFO  main            d.u.i.k.p.r.p.TestFile    Now processing file /home/runner/work/key/key/key.core/../key.ui/examples/standard_key/java_dl/recursion/triangular.key 
409741     INFO  main            d.u.i.k.p.i.AbstractProblemLoader Loading environment from /home/runner/work/key/key/key.core/../key.ui/examples/standard_key/java_dl/recursion/triangular.key 
409741     DEBUG main            d.u.i.k.p.i.AbstractProblemLoader Environment load took 45.4ns 
409741     INFO  main            d.u.i.k.p.i.AbstractProblemLoader Creating init config 
412078     DEBUG main            d.u.i.k.p.i.AbstractProblemLoader Init config took 2.34s 
412127     INFO  main            d.u.i.k.p.i.AbstractProblemLoader Replaying proof Triangular[Triangular::tria(int)].JML normal_behavior operation contract.0 
412128     DEBUG main            d.u.i.k.p.i.IntermediateProofReplayer Proof replay took 6.7ns 
412330     INFO  main            d.u.i.k.p.r.p.TestFile    ... finished proof: closed. 
412761     INFO  main            d.u.i.k.p.i.AbstractProblemLoader Loading environment from /home/runner/work/key/key/key.core/../key.ui/examples/standard_key/java_dl/recursion/triangular.key.proof 
412761     DEBUG main            d.u.i.k.p.i.AbstractProblemLoader Environment load took 79.3ns 
412762     INFO  main            d.u.i.k.p.i.AbstractProblemLoader Creating init config 
415065     DEBUG main            d.u.i.k.p.i.AbstractProblemLoader Init config took 2.3s 
415096     INFO  main            d.u.i.k.p.i.AbstractProblemLoader Replaying proof Triangular[Triangular::tria(int)].JML normal_behavior operation contract.0 
415120     DEBUG main            d.u.i.k.p.i.IntermediateProofReplayer Proof replay took 21.45ms 
415120     DEBUG main            d.u.i.k.p.r.p.TestFile    ... success: reloaded. 
415121     INFO  main            d.u.i.k.p.r.p.TestFile    Now processing file /home/runner/work/key/key/key.core/../key.ui/examples/standard_key/java_dl/reverseArray.key 
415121     INFO  main            d.u.i.k.p.i.AbstractProblemLoader Loading environment from /home/runner/work/key/key/key.core/../key.ui/examples/standard_key/java_dl/reverseArray.key 
415121     DEBUG main            d.u.i.k.p.i.AbstractProblemLoader Environment load took 55.4ns 
415123     INFO  main            d.u.i.k.p.i.AbstractProblemLoader Creating init config 
415142     WARN  main            d.u.i.k.j.r.KeYCrossReferenceNameInfo Datatype java.io.InputStream declared twice: Once in FILE:/home/runner/work/key/key/key.core/../key.ui/examples/standard_key/java_dl/./classpath/InputStream.java and once in URL:file:/home/runner/work/key/key/key.core/build/resources/main/de/uka/ilkd/key/java/JavaRedux/java/io/InputStream.java, Keeping one from URL:file:/home/runner/work/key/key/key.core/build/resources/main/de/uka/ilkd/key/java/JavaRedux/java/io/InputStream.java 
415142     WARN  main            d.u.i.k.j.r.KeYCrossReferenceNameInfo Datatype java.lang.System declared twice: Once in FILE:/home/runner/work/key/key/key.core/../key.ui/examples/standard_key/java_dl/./classpath/System.java and once in URL:file:/home/runner/work/key/key/key.core/build/resources/main/de/uka/ilkd/key/java/JavaRedux/java/lang/System.java, Keeping one from URL:file:/home/runner/work/key/key/key.core/build/resources/main/de/uka/ilkd/key/java/JavaRedux/java/lang/System.java 
415142     WARN  main            d.u.i.k.j.r.KeYCrossReferenceNameInfo Datatype java.io.PrintStream declared twice: Once in FILE:/home/runner/work/key/key/key.core/../key.ui/examples/standard_key/java_dl/./classpath/PrintStream.java and once in URL:file:/home/runner/work/key/key/key.core/build/resources/main/de/uka/ilkd/key/java/JavaRedux/java/io/PrintStream.java, Keeping one from URL:file:/home/runner/work/key/key/key.core/build/resources/main/de/uka/ilkd/key/java/JavaRedux/java/io/PrintStream.java 
415145     DEBUG main            d.u.i.k.j.r.ClassFileDeclarationBuilder Parsing: package java.io; public class Closeable { } 
415145     DEBUG main            r.s.KeYCrossReferenceSourceInfo Dynamically created class: java.io.Closeable 
417577     DEBUG main            d.u.i.k.p.i.AbstractProblemLoader Init config took 2.45s 
417595     INFO  main            d.u.i.k.p.i.AbstractProblemLoader Replaying proof reverseArray.key 
417596     DEBUG main            d.u.i.k.p.i.IntermediateProofReplayer Proof replay took 7ns 
421920     INFO  main            d.u.i.k.p.r.p.TestFile    ... finished proof: closed. 
422402     INFO  main            d.u.i.k.p.i.AbstractProblemLoader Loading environment from /home/runner/work/key/key/key.core/../key.ui/examples/standard_key/java_dl/reverseArray.key.proof 
422402     DEBUG main            d.u.i.k.p.i.AbstractProblemLoader Environment load took 314ns 
422404     INFO  main            d.u.i.k.p.i.AbstractProblemLoader Creating init config 
422425     WARN  main            d.u.i.k.j.r.KeYCrossReferenceNameInfo Datatype java.io.InputStream declared twice: Once in FILE:/home/runner/work/key/key/key.core/../key.ui/examples/standard_key/java_dl/classpath/InputStream.java and once in URL:file:/home/runner/work/key/key/key.core/build/resources/main/de/uka/ilkd/key/java/JavaRedux/java/io/InputStream.java, Keeping one from URL:file:/home/runner/work/key/key/key.core/build/resources/main/de/uka/ilkd/key/java/JavaRedux/java/io/InputStream.java 
422425     WARN  main            d.u.i.k.j.r.KeYCrossReferenceNameInfo Datatype java.lang.System declared twice: Once in FILE:/home/runner/work/key/key/key.core/../key.ui/examples/standard_key/java_dl/classpath/System.java and once in URL:file:/home/runner/work/key/key/key.core/build/resources/main/de/uka/ilkd/key/java/JavaRedux/java/lang/System.java, Keeping one from URL:file:/home/runner/work/key/key/key.core/build/resources/main/de/uka/ilkd/key/java/JavaRedux/java/lang/System.java 
422425     WARN  main            d.u.i.k.j.r.KeYCrossReferenceNameInfo Datatype java.io.PrintStream declared twice: Once in FILE:/home/runner/work/key/key/key.core/../key.ui/examples/standard_key/java_dl/classpath/PrintStream.java and once in URL:file:/home/runner/work/key/key/key.core/build/resources/main/de/uka/ilkd/key/java/JavaRedux/java/io/PrintStream.java, Keeping one from URL:file:/home/runner/work/key/key/key.core/build/resources/main/de/uka/ilkd/key/java/JavaRedux/java/io/PrintStream.java 
422428     DEBUG main            d.u.i.k.j.r.ClassFileDeclarationBuilder Parsing: package java.io; public class Closeable { } 
422428     DEBUG main            r.s.KeYCrossReferenceSourceInfo Dynamically created class: java.io.Closeable 
424869     DEBUG main            d.u.i.k.p.i.AbstractProblemLoader Init config took 2.46s 
424884     INFO  main            d.u.i.k.p.i.AbstractProblemLoader Replaying proof reverseArray.key.proof 
425317     DEBUG main            d.u.i.k.p.i.IntermediateProofReplayer Proof replay took 420.31ms 
425319     DEBUG main            d.u.i.k.p.r.p.TestFile    ... success: reloaded. 
425319     INFO  main            d.u.i.k.p.r.p.TestFile    Now processing file /home/runner/work/key/key/key.core/../key.ui/examples/standard_key/java_dl/reverseArray2.key 
425320     INFO  main            d.u.i.k.p.i.AbstractProblemLoader Loading environment from /home/runner/work/key/key/key.core/../key.ui/examples/standard_key/java_dl/reverseArray2.key 
425320     DEBUG main            d.u.i.k.p.i.AbstractProblemLoader Environment load took 74.7ns 
425322     INFO  main            d.u.i.k.p.i.AbstractProblemLoader Creating init config 
425341     WARN  main            d.u.i.k.j.r.KeYCrossReferenceNameInfo Datatype java.io.InputStream declared twice: Once in FILE:/home/runner/work/key/key/key.core/../key.ui/examples/standard_key/java_dl/classpath/InputStream.java and once in URL:file:/home/runner/work/key/key/key.core/build/resources/main/de/uka/ilkd/key/java/JavaRedux/java/io/InputStream.java, Keeping one from URL:file:/home/runner/work/key/key/key.core/build/resources/main/de/uka/ilkd/key/java/JavaRedux/java/io/InputStream.java 
425341     WARN  main            d.u.i.k.j.r.KeYCrossReferenceNameInfo Datatype java.lang.System declared twice: Once in FILE:/home/runner/work/key/key/key.core/../key.ui/examples/standard_key/java_dl/classpath/System.java and once in URL:file:/home/runner/work/key/key/key.core/build/resources/main/de/uka/ilkd/key/java/JavaRedux/java/lang/System.java, Keeping one from URL:file:/home/runner/work/key/key/key.core/build/resources/main/de/uka/ilkd/key/java/JavaRedux/java/lang/System.java 
425341     WARN  main            d.u.i.k.j.r.KeYCrossReferenceNameInfo Datatype java.io.PrintStream declared twice: Once in FILE:/home/runner/work/key/key/key.core/../key.ui/examples/standard_key/java_dl/classpath/PrintStream.java and once in URL:file:/home/runner/work/key/key/key.core/build/resources/main/de/uka/ilkd/key/java/JavaRedux/java/io/PrintStream.java, Keeping one from URL:file:/home/runner/work/key/key/key.core/build/resources/main/de/uka/ilkd/key/java/JavaRedux/java/io/PrintStream.java 
425344     DEBUG main            d.u.i.k.j.r.ClassFileDeclarationBuilder Parsing: package java.io; public class Closeable { } 
425344     DEBUG main            r.s.KeYCrossReferenceSourceInfo Dynamically created class: java.io.Closeable 
427787     DEBUG main            d.u.i.k.p.i.AbstractProblemLoader Init config took 2.47s 
427802     INFO  main            d.u.i.k.p.i.AbstractProblemLoader Replaying proof reverseArray2.key 
427803     DEBUG main            d.u.i.k.p.i.IntermediateProofReplayer Proof replay took 38.6ns 
429108     INFO  main            d.u.i.k.p.r.p.TestFile    ... finished proof: closed. 
429787     INFO  main            d.u.i.k.p.i.AbstractProblemLoader Loading environment from /home/runner/work/key/key/key.core/../key.ui/examples/standard_key/java_dl/reverseArray2.key.proof 
429788     DEBUG main            d.u.i.k.p.i.AbstractProblemLoader Environment load took 322.8ns 
429789     INFO  main            d.u.i.k.p.i.AbstractProblemLoader Creating init config 
429809     WARN  main            d.u.i.k.j.r.KeYCrossReferenceNameInfo Datatype java.io.InputStream declared twice: Once in FILE:/home/runner/work/key/key/key.core/../key.ui/examples/standard_key/java_dl/classpath/InputStream.java and once in URL:file:/home/runner/work/key/key/key.core/build/resources/main/de/uka/ilkd/key/java/JavaRedux/java/io/InputStream.java, Keeping one from URL:file:/home/runner/work/key/key/key.core/build/resources/main/de/uka/ilkd/key/java/JavaRedux/java/io/InputStream.java 
429809     WARN  main            d.u.i.k.j.r.KeYCrossReferenceNameInfo Datatype java.lang.System declared twice: Once in FILE:/home/runner/work/key/key/key.core/../key.ui/examples/standard_key/java_dl/classpath/System.java and once in URL:file:/home/runner/work/key/key/key.core/build/resources/main/de/uka/ilkd/key/java/JavaRedux/java/lang/System.java, Keeping one from URL:file:/home/runner/work/key/key/key.core/build/resources/main/de/uka/ilkd/key/java/JavaRedux/java/lang/System.java 
429809     WARN  main            d.u.i.k.j.r.KeYCrossReferenceNameInfo Datatype java.io.PrintStream declared twice: Once in FILE:/home/runner/work/key/key/key.core/../key.ui/examples/standard_key/java_dl/classpath/PrintStream.java and once in URL:file:/home/runner/work/key/key/key.core/build/resources/main/de/uka/ilkd/key/java/JavaRedux/java/io/PrintStream.java, Keeping one from URL:file:/home/runner/work/key/key/key.core/build/resources/main/de/uka/ilkd/key/java/JavaRedux/java/io/PrintStream.java 
429812     DEBUG main            d.u.i.k.j.r.ClassFileDeclarationBuilder Parsing: package java.io; public class Closeable { } 
429812     DEBUG main            r.s.KeYCrossReferenceSourceInfo Dynamically created class: java.io.Closeable 
432160     DEBUG main            d.u.i.k.p.i.AbstractProblemLoader Init config took 2.37s 
432175     INFO  main            d.u.i.k.p.i.AbstractProblemLoader Replaying proof reverseArray2.key.proof 
432323     DEBUG main            d.u.i.k.p.i.IntermediateProofReplayer Proof replay took 143.08ms 
432324     DEBUG main            d.u.i.k.p.r.p.TestFile    ... success: reloaded. 
432325     INFO  main            d.u.i.k.p.r.p.TestFile    Now processing file /home/runner/work/key/key/key.core/../key.ui/examples/standard_key/java_dl/simpleAssignment.key 
432325     INFO  main            d.u.i.k.p.i.AbstractProblemLoader Loading environment from /home/runner/work/key/key/key.core/../key.ui/examples/standard_key/java_dl/simpleAssignment.key 
432325     DEBUG main            d.u.i.k.p.i.AbstractProblemLoader Environment load took 52.8ns 
432326     INFO  main            d.u.i.k.p.i.AbstractProblemLoader Creating init config 
434624     DEBUG main            d.u.i.k.p.i.AbstractProblemLoader Init config took 2.3s 
434637     INFO  main            d.u.i.k.p.i.AbstractProblemLoader Replaying proof simpleAssignment.key 
434641     DEBUG main            d.u.i.k.p.i.IntermediateProofReplayer Proof replay took 2.2ns 
434743     INFO  main            d.u.i.k.p.r.p.TestFile    ... finished proof: closed. 
435232     INFO  main            d.u.i.k.p.i.AbstractProblemLoader Loading environment from /home/runner/work/key/key/key.core/../key.ui/examples/standard_key/java_dl/simpleAssignment.key.proof 
435232     DEBUG main            d.u.i.k.p.i.AbstractProblemLoader Environment load took 81.3ns 
435233     INFO  main            d.u.i.k.p.i.AbstractProblemLoader Creating init config 
437509     DEBUG main            d.u.i.k.p.i.AbstractProblemLoader Init config took 2.28s 
437526     INFO  main            d.u.i.k.p.i.AbstractProblemLoader Replaying proof simpleAssignment.key.proof 
437528     DEBUG main            d.u.i.k.p.i.IntermediateProofReplayer Proof replay took 516.2ns 
437528     DEBUG main            d.u.i.k.p.r.p.TestFile    ... success: reloaded. 
437529     INFO  main            d.u.i.k.p.r.p.TestFile    Now processing file /home/runner/work/key/key/key.core/../key.ui/examples/standard_key/java_dl/simpleAssignment2.key 
437529     INFO  main            d.u.i.k.p.i.AbstractProblemLoader Loading environment from /home/runner/work/key/key/key.core/../key.ui/examples/standard_key/java_dl/simpleAssignment2.key 
437529     DEBUG main            d.u.i.k.p.i.AbstractProblemLoader Environment load took 42.7ns 
437530     INFO  main            d.u.i.k.p.i.AbstractProblemLoader Creating init config 
439834     DEBUG main            d.u.i.k.p.i.AbstractProblemLoader Init config took 2.3s 
439848     INFO  main            d.u.i.k.p.i.AbstractProblemLoader Replaying proof simpleAssignment2.key 
439849     DEBUG main            d.u.i.k.p.i.IntermediateProofReplayer Proof replay took 3.1ns 
439954     INFO  main            d.u.i.k.p.r.p.TestFile    ... finished proof: closed. 
440421     INFO  main            d.u.i.k.p.i.AbstractProblemLoader Loading environment from /home/runner/work/key/key/key.core/../key.ui/examples/standard_key/java_dl/simpleAssignment2.key.proof 
440421     DEBUG main            d.u.i.k.p.i.AbstractProblemLoader Environment load took 73.7ns 
440422     INFO  main            d.u.i.k.p.i.AbstractProblemLoader Creating init config 
442682     DEBUG main            d.u.i.k.p.i.AbstractProblemLoader Init config took 2.26s 
442695     INFO  main            d.u.i.k.p.i.AbstractProblemLoader Replaying proof simpleAssignment2.key.proof 
442697     DEBUG main            d.u.i.k.p.i.IntermediateProofReplayer Proof replay took 351.5ns 
442698     DEBUG main            d.u.i.k.p.r.p.TestFile    ... success: reloaded. 
442698     INFO  main            d.u.i.k.p.r.p.TestFile    Now processing file /home/runner/work/key/key/key.core/../key.ui/examples/standard_key/java_dl/splittingWithQueries.key 
442698     INFO  main            d.u.i.k.p.i.AbstractProblemLoader Loading environment from /home/runner/work/key/key/key.core/../key.ui/examples/standard_key/java_dl/splittingWithQueries.key 
442698     DEBUG main            d.u.i.k.p.i.AbstractProblemLoader Environment load took 41ns 
442699     INFO  main            d.u.i.k.p.i.AbstractProblemLoader Creating init config 
445043     DEBUG main            d.u.i.k.p.i.AbstractProblemLoader Init config took 2.34s 
445056     INFO  main            d.u.i.k.p.i.AbstractProblemLoader Replaying proof splittingWithQueries.key 
445057     DEBUG main            d.u.i.k.p.i.IntermediateProofReplayer Proof replay took 2.7ns 
445162     INFO  main            d.u.i.k.p.r.p.TestFile    ... finished proof: closed. 
445627     INFO  main            d.u.i.k.p.i.AbstractProblemLoader Loading environment from /home/runner/work/key/key/key.core/../key.ui/examples/standard_key/java_dl/splittingWithQueries.key.proof 
445627     DEBUG main            d.u.i.k.p.i.AbstractProblemLoader Environment load took 81.7ns 
445628     INFO  main            d.u.i.k.p.i.AbstractProblemLoader Creating init config 
447940     DEBUG main            d.u.i.k.p.i.AbstractProblemLoader Init config took 2.31s 
447953     INFO  main            d.u.i.k.p.i.AbstractProblemLoader Replaying proof splittingWithQueries.key.proof 
447956     DEBUG main            d.u.i.k.p.i.IntermediateProofReplayer Proof replay took 1.14ms 
447957     DEBUG main            d.u.i.k.p.r.p.TestFile    ... success: reloaded. 
447957     INFO  main            d.u.i.k.p.r.p.TestFile    Now processing file /home/runner/work/key/key/key.core/../key.ui/examples/standard_key/java_dl/strassen/strassen.key 
447958     INFO  main            d.u.i.k.p.i.AbstractProblemLoader Loading environment from /home/runner/work/key/key/key.core/../key.ui/examples/standard_key/java_dl/strassen/strassen.key 
447958     DEBUG main            d.u.i.k.p.i.AbstractProblemLoader Environment load took 71.2ns 
447958     INFO  main            d.u.i.k.p.i.AbstractProblemLoader Creating init config 
450390     DEBUG main            d.u.i.k.p.i.AbstractProblemLoader Init config took 2.43s 
450428     INFO  main            d.u.i.k.p.i.AbstractProblemLoader Replaying proof Matrix22[Matrix22::strassen(Matrix22,Matrix22)].JML normal_behavior operation contract.0 
450429     DEBUG main            d.u.i.k.p.i.IntermediateProofReplayer Proof replay took 2.6ns 
455221     INFO  main            d.u.i.k.p.r.p.TestFile    ... finished proof: closed. 
455820     INFO  main            d.u.i.k.p.i.AbstractProblemLoader Loading environment from /home/runner/work/key/key/key.core/../key.ui/examples/standard_key/java_dl/strassen/strassen.key.proof 
455820     DEBUG main            d.u.i.k.p.i.AbstractProblemLoader Environment load took 341.34ns 
455822     INFO  main            d.u.i.k.p.i.AbstractProblemLoader Creating init config 
458211     DEBUG main            d.u.i.k.p.i.AbstractProblemLoader Init config took 2.39s 
458255     INFO  main            d.u.i.k.p.i.AbstractProblemLoader Replaying proof Matrix22[Matrix22::strassen(Matrix22,Matrix22)].JML normal_behavior operation contract.0 
458646     DEBUG main            d.u.i.k.p.i.IntermediateProofReplayer Proof replay took 378.76ms 
458648     DEBUG main            d.u.i.k.p.r.p.TestFile    ... success: reloaded. 
458648     INFO  main            d.u.i.k.p.r.p.TestFile    Now processing file /home/runner/work/key/key/key.core/../key.ui/examples/standard_key/java_dl/symmArray.key 
458649     INFO  main            d.u.i.k.p.i.AbstractProblemLoader Loading environment from /home/runner/work/key/key/key.core/../key.ui/examples/standard_key/java_dl/symmArray.key 
458649     DEBUG main            d.u.i.k.p.i.AbstractProblemLoader Environment load took 64.1ns 
458652     INFO  main            d.u.i.k.p.i.AbstractProblemLoader Creating init config 
461150     DEBUG main            d.u.i.k.p.i.AbstractProblemLoader Init config took 2.5s 
461166     INFO  main            d.u.i.k.p.i.AbstractProblemLoader Replaying proof symmArray.key 
461167     DEBUG main            d.u.i.k.p.i.IntermediateProofReplayer Proof replay took 2.9ns 
551147     INFO  main            d.u.i.k.p.r.p.TestFile    ... finished proof: closed. 
551733     INFO  main            d.u.i.k.p.i.AbstractProblemLoader Loading environment from /home/runner/work/key/key/key.core/../key.ui/examples/standard_key/java_dl/symmArray.key.proof 
551734     DEBUG main            d.u.i.k.p.i.AbstractProblemLoader Environment load took 320.2ns 
551740     INFO  main            d.u.i.k.p.i.AbstractProblemLoader Creating init config 
554118     DEBUG main            d.u.i.k.p.i.AbstractProblemLoader Init config took 2.38s 
554134     INFO  main            d.u.i.k.p.i.AbstractProblemLoader Replaying proof symmArray.key.proof 
554976     DEBUG main            d.u.i.k.p.i.IntermediateProofReplayer Proof replay took 789.21ms 
554981     DEBUG main            d.u.i.k.p.r.p.TestFile    ... success: reloaded. 
554982     INFO  main            d.u.i.k.p.r.p.TestFile    Now processing file /home/runner/work/key/key/key.core/../key.ui/examples/standard_key/java_dl/testcontext.key 
554982     INFO  main            d.u.i.k.p.i.AbstractProblemLoader Loading environment from /home/runner/work/key/key/key.core/../key.ui/examples/standard_key/java_dl/testcontext.key 
554982     DEBUG main            d.u.i.k.p.i.AbstractProblemLoader Environment load took 86.6ns 
554983     INFO  main            d.u.i.k.p.i.AbstractProblemLoader Creating init config 
555002     WARN  main            d.u.i.k.j.r.KeYCrossReferenceNameInfo Datatype java.io.InputStream declared twice: Once in FILE:/home/runner/work/key/key/key.core/../key.ui/examples/standard_key/java_dl/classpath/InputStream.java and once in URL:file:/home/runner/work/key/key/key.core/build/resources/main/de/uka/ilkd/key/java/JavaRedux/java/io/InputStream.java, Keeping one from URL:file:/home/runner/work/key/key/key.core/build/resources/main/de/uka/ilkd/key/java/JavaRedux/java/io/InputStream.java 
555002     WARN  main            d.u.i.k.j.r.KeYCrossReferenceNameInfo Datatype java.lang.System declared twice: Once in FILE:/home/runner/work/key/key/key.core/../key.ui/examples/standard_key/java_dl/classpath/System.java and once in URL:file:/home/runner/work/key/key/key.core/build/resources/main/de/uka/ilkd/key/java/JavaRedux/java/lang/System.java, Keeping one from URL:file:/home/runner/work/key/key/key.core/build/resources/main/de/uka/ilkd/key/java/JavaRedux/java/lang/System.java 
555002     WARN  main            d.u.i.k.j.r.KeYCrossReferenceNameInfo Datatype java.io.PrintStream declared twice: Once in FILE:/home/runner/work/key/key/key.core/../key.ui/examples/standard_key/java_dl/classpath/PrintStream.java and once in URL:file:/home/runner/work/key/key/key.core/build/resources/main/de/uka/ilkd/key/java/JavaRedux/java/io/PrintStream.java, Keeping one from URL:file:/home/runner/work/key/key/key.core/build/resources/main/de/uka/ilkd/key/java/JavaRedux/java/io/PrintStream.java 
555005     DEBUG main            d.u.i.k.j.r.ClassFileDeclarationBuilder Parsing: package java.io; public class Closeable { } 
555005     DEBUG main            r.s.KeYCrossReferenceSourceInfo Dynamically created class: java.io.Closeable 
557393     DEBUG main            d.u.i.k.p.i.AbstractProblemLoader Init config took 2.41s 
557407     INFO  main            d.u.i.k.p.i.AbstractProblemLoader Replaying proof testcontext.key 
557408     DEBUG main            d.u.i.k.p.i.IntermediateProofReplayer Proof replay took 2.6ns 
557711     INFO  main            d.u.i.k.p.r.p.TestFile    ... finished proof: closed. 
558305     INFO  main            d.u.i.k.p.i.AbstractProblemLoader Loading environment from /home/runner/work/key/key/key.core/../key.ui/examples/standard_key/java_dl/testcontext.key.proof 
558305     DEBUG main            d.u.i.k.p.i.AbstractProblemLoader Environment load took 80ns 
558306     INFO  main            d.u.i.k.p.i.AbstractProblemLoader Creating init config 
558329     WARN  main            d.u.i.k.j.r.KeYCrossReferenceNameInfo Datatype java.io.InputStream declared twice: Once in FILE:/home/runner/work/key/key/key.core/../key.ui/examples/standard_key/java_dl/classpath/InputStream.java and once in URL:file:/home/runner/work/key/key/key.core/build/resources/main/de/uka/ilkd/key/java/JavaRedux/java/io/InputStream.java, Keeping one from URL:file:/home/runner/work/key/key/key.core/build/resources/main/de/uka/ilkd/key/java/JavaRedux/java/io/InputStream.java 
558329     WARN  main            d.u.i.k.j.r.KeYCrossReferenceNameInfo Datatype java.lang.System declared twice: Once in FILE:/home/runner/work/key/key/key.core/../key.ui/examples/standard_key/java_dl/classpath/System.java and once in URL:file:/home/runner/work/key/key/key.core/build/resources/main/de/uka/ilkd/key/java/JavaRedux/java/lang/System.java, Keeping one from URL:file:/home/runner/work/key/key/key.core/build/resources/main/de/uka/ilkd/key/java/JavaRedux/java/lang/System.java 
558329     WARN  main            d.u.i.k.j.r.KeYCrossReferenceNameInfo Datatype java.io.PrintStream declared twice: Once in FILE:/home/runner/work/key/key/key.core/../key.ui/examples/standard_key/java_dl/classpath/PrintStream.java and once in URL:file:/home/runner/work/key/key/key.core/build/resources/main/de/uka/ilkd/key/java/JavaRedux/java/io/PrintStream.java, Keeping one from URL:file:/home/runner/work/key/key/key.core/build/resources/main/de/uka/ilkd/key/java/JavaRedux/java/io/PrintStream.java 
558332     DEBUG main            d.u.i.k.j.r.ClassFileDeclarationBuilder Parsing: package java.io; public class Closeable { } 
558332     DEBUG main            r.s.KeYCrossReferenceSourceInfo Dynamically created class: java.io.Closeable 
560685     DEBUG main            d.u.i.k.p.i.AbstractProblemLoader Init config took 2.38s 
560699     INFO  main            d.u.i.k.p.i.AbstractProblemLoader Replaying proof testcontext.key.proof 
560738     DEBUG main            d.u.i.k.p.i.IntermediateProofReplayer Proof replay took 35.97ms 
560739     DEBUG main            d.u.i.k.p.r.p.TestFile    ... success: reloaded. 
560739     INFO  main            d.u.i.k.p.r.p.TestFile    Now processing file /home/runner/work/key/key/key.core/../key.ui/examples/standard_key/staticInitialisation/cascadeStaticInitialisation.key 
560740     INFO  main            d.u.i.k.p.i.AbstractProblemLoader Loading environment from /home/runner/work/key/key/key.core/../key.ui/examples/standard_key/staticInitialisation/cascadeStaticInitialisation.key 
560740     DEBUG main            d.u.i.k.p.i.AbstractProblemLoader Environment load took 73.7ns 
560742     INFO  main            d.u.i.k.p.i.AbstractProblemLoader Creating init config 
560760     WARN  main            d.u.i.k.j.r.KeYCrossReferenceNameInfo Datatype java.lang.System declared twice: Once in FILE:/home/runner/work/key/key/key.core/../key.ui/examples/standard_key/staticInitialisation/classpath/System.java and once in URL:file:/home/runner/work/key/key/key.core/build/resources/main/de/uka/ilkd/key/java/JavaRedux/java/lang/System.java, Keeping one from URL:file:/home/runner/work/key/key/key.core/build/resources/main/de/uka/ilkd/key/java/JavaRedux/java/lang/System.java 
560760     WARN  main            d.u.i.k.j.r.KeYCrossReferenceNameInfo Datatype java.io.PrintStream declared twice: Once in FILE:/home/runner/work/key/key/key.core/../key.ui/examples/standard_key/staticInitialisation/classpath/PrintStream.java and once in URL:file:/home/runner/work/key/key/key.core/build/resources/main/de/uka/ilkd/key/java/JavaRedux/java/io/PrintStream.java, Keeping one from URL:file:/home/runner/work/key/key/key.core/build/resources/main/de/uka/ilkd/key/java/JavaRedux/java/io/PrintStream.java 
563120     DEBUG main            d.u.i.k.p.i.AbstractProblemLoader Init config took 2.38s 
563134     INFO  main            d.u.i.k.p.i.AbstractProblemLoader Replaying proof cascadeStaticInitialisation.key 
563136     DEBUG main            d.u.i.k.p.i.IntermediateProofReplayer Proof replay took 2.7ns 
563740     INFO  main            d.u.i.k.p.r.p.TestFile    ... finished proof: closed. 
564280     INFO  main            d.u.i.k.p.i.AbstractProblemLoader Loading environment from /home/runner/work/key/key/key.core/../key.ui/examples/standard_key/staticInitialisation/cascadeStaticInitialisation.key.proof 
564280     DEBUG main            d.u.i.k.p.i.AbstractProblemLoader Environment load took 84ns 
564281     INFO  main            d.u.i.k.p.i.AbstractProblemLoader Creating init config 
564301     WARN  main            d.u.i.k.j.r.KeYCrossReferenceNameInfo Datatype java.lang.System declared twice: Once in FILE:/home/runner/work/key/key/key.core/../key.ui/examples/standard_key/staticInitialisation/classpath/System.java and once in URL:file:/home/runner/work/key/key/key.core/build/resources/main/de/uka/ilkd/key/java/JavaRedux/java/lang/System.java, Keeping one from URL:file:/home/runner/work/key/key/key.core/build/resources/main/de/uka/ilkd/key/java/JavaRedux/java/lang/System.java 
564301     WARN  main            d.u.i.k.j.r.KeYCrossReferenceNameInfo Datatype java.io.PrintStream declared twice: Once in FILE:/home/runner/work/key/key/key.core/../key.ui/examples/standard_key/staticInitialisation/classpath/PrintStream.java and once in URL:file:/home/runner/work/key/key/key.core/build/resources/main/de/uka/ilkd/key/java/JavaRedux/java/io/PrintStream.java, Keeping one from URL:file:/home/runner/work/key/key/key.core/build/resources/main/de/uka/ilkd/key/java/JavaRedux/java/io/PrintStream.java 
566657     DEBUG main            d.u.i.k.p.i.AbstractProblemLoader Init config took 2.38s 
566671     INFO  main            d.u.i.k.p.i.AbstractProblemLoader Replaying proof cascadeStaticInitialisation.key.proof 
566774     DEBUG main            d.u.i.k.p.i.IntermediateProofReplayer Proof replay took 99.51ms 
566775     DEBUG main            d.u.i.k.p.r.p.TestFile    ... success: reloaded. 
566776     INFO  main            d.u.i.k.p.r.p.TestFile    Now processing file /home/runner/work/key/key/key.core/../key.ui/examples/standard_key/staticInitialisation/erroneousClassImpliesErroneousSubclass.key 
566776     INFO  main            d.u.i.k.p.i.AbstractProblemLoader Loading environment from /home/runner/work/key/key/key.core/../key.ui/examples/standard_key/staticInitialisation/erroneousClassImpliesErroneousSubclass.key 
566776     DEBUG main            d.u.i.k.p.i.AbstractProblemLoader Environment load took 46.9ns 
566777     INFO  main            d.u.i.k.p.i.AbstractProblemLoader Creating init config 
566795     WARN  main            d.u.i.k.j.r.KeYCrossReferenceNameInfo Datatype java.lang.System declared twice: Once in FILE:/home/runner/work/key/key/key.core/../key.ui/examples/standard_key/staticInitialisation/classpath/System.java and once in URL:file:/home/runner/work/key/key/key.core/build/resources/main/de/uka/ilkd/key/java/JavaRedux/java/lang/System.java, Keeping one from URL:file:/home/runner/work/key/key/key.core/build/resources/main/de/uka/ilkd/key/java/JavaRedux/java/lang/System.java 
566795     WARN  main            d.u.i.k.j.r.KeYCrossReferenceNameInfo Datatype java.io.PrintStream declared twice: Once in FILE:/home/runner/work/key/key/key.core/../key.ui/examples/standard_key/staticInitialisation/classpath/PrintStream.java and once in URL:file:/home/runner/work/key/key/key.core/build/resources/main/de/uka/ilkd/key/java/JavaRedux/java/io/PrintStream.java, Keeping one from URL:file:/home/runner/work/key/key/key.core/build/resources/main/de/uka/ilkd/key/java/JavaRedux/java/io/PrintStream.java 
569200     DEBUG main            d.u.i.k.p.i.AbstractProblemLoader Init config took 2.42s 
569213     INFO  main            d.u.i.k.p.i.AbstractProblemLoader Replaying proof erroneousClassImpliesErroneousSubclass.key 
569214     DEBUG main            d.u.i.k.p.i.IntermediateProofReplayer Proof replay took 2.9ns 
569315     INFO  main            d.u.i.k.p.r.p.TestFile    ... finished proof: closed. 
569846     INFO  main            d.u.i.k.p.i.AbstractProblemLoader Loading environment from /home/runner/work/key/key/key.core/../key.ui/examples/standard_key/staticInitialisation/erroneousClassImpliesErroneousSubclass.key.proof 
569846     DEBUG main            d.u.i.k.p.i.AbstractProblemLoader Environment load took 84.1ns 
569847     INFO  main            d.u.i.k.p.i.AbstractProblemLoader Creating init config 
569866     WARN  main            d.u.i.k.j.r.KeYCrossReferenceNameInfo Datatype java.lang.System declared twice: Once in FILE:/home/runner/work/key/key/key.core/../key.ui/examples/standard_key/staticInitialisation/classpath/System.java and once in URL:file:/home/runner/work/key/key/key.core/build/resources/main/de/uka/ilkd/key/java/JavaRedux/java/lang/System.java, Keeping one from URL:file:/home/runner/work/key/key/key.core/build/resources/main/de/uka/ilkd/key/java/JavaRedux/java/lang/System.java 
569867     WARN  main            d.u.i.k.j.r.KeYCrossReferenceNameInfo Datatype java.io.PrintStream declared twice: Once in FILE:/home/runner/work/key/key/key.core/../key.ui/examples/standard_key/staticInitialisation/classpath/PrintStream.java and once in URL:file:/home/runner/work/key/key/key.core/build/resources/main/de/uka/ilkd/key/java/JavaRedux/java/io/PrintStream.java, Keeping one from URL:file:/home/runner/work/key/key/key.core/build/resources/main/de/uka/ilkd/key/java/JavaRedux/java/io/PrintStream.java 
572161     DEBUG main            d.u.i.k.p.i.AbstractProblemLoader Init config took 2.31s 
572173     INFO  main            d.u.i.k.p.i.AbstractProblemLoader Replaying proof erroneousClassImpliesErroneousSubclass.key.proof 
572175     DEBUG main            d.u.i.k.p.i.IntermediateProofReplayer Proof replay took 445ns 
572176     DEBUG main            d.u.i.k.p.r.p.TestFile    ... success: reloaded. 
572179     INFO  main            d.u.i.k.p.r.p.TestFile    Now processing file /home/runner/work/key/key/key.core/../key.ui/examples/standard_key/staticInitialisation/initializedSubclassImpliesInitializedSuperclass.key 
572180     INFO  main            d.u.i.k.p.i.AbstractProblemLoader Loading environment from /home/runner/work/key/key/key.core/../key.ui/examples/standard_key/staticInitialisation/initializedSubclassImpliesInitializedSuperclass.key 
572180     DEBUG main            d.u.i.k.p.i.AbstractProblemLoader Environment load took 70.3ns 
572182     INFO  main            d.u.i.k.p.i.AbstractProblemLoader Creating init config 
572200     WARN  main            d.u.i.k.j.r.KeYCrossReferenceNameInfo Datatype java.lang.System declared twice: Once in FILE:/home/runner/work/key/key/key.core/../key.ui/examples/standard_key/staticInitialisation/classpath/System.java and once in URL:file:/home/runner/work/key/key/key.core/build/resources/main/de/uka/ilkd/key/java/JavaRedux/java/lang/System.java, Keeping one from URL:file:/home/runner/work/key/key/key.core/build/resources/main/de/uka/ilkd/key/java/JavaRedux/java/lang/System.java 
572200     WARN  main            d.u.i.k.j.r.KeYCrossReferenceNameInfo Datatype java.io.PrintStream declared twice: Once in FILE:/home/runner/work/key/key/key.core/../key.ui/examples/standard_key/staticInitialisation/classpath/PrintStream.java and once in URL:file:/home/runner/work/key/key/key.core/build/resources/main/de/uka/ilkd/key/java/JavaRedux/java/io/PrintStream.java, Keeping one from URL:file:/home/runner/work/key/key/key.core/build/resources/main/de/uka/ilkd/key/java/JavaRedux/java/io/PrintStream.java 
574582     DEBUG main            d.u.i.k.p.i.AbstractProblemLoader Init config took 2.4s 
574595     INFO  main            d.u.i.k.p.i.AbstractProblemLoader Replaying proof initializedSubclassImpliesInitializedSuperclass.key 
574596     DEBUG main            d.u.i.k.p.i.IntermediateProofReplayer Proof replay took 3.2ns 
574697     INFO  main            d.u.i.k.p.r.p.TestFile    ... finished proof: closed. 
575194     INFO  main            d.u.i.k.p.i.AbstractProblemLoader Loading environment from /home/runner/work/key/key/key.core/../key.ui/examples/standard_key/staticInitialisation/initializedSubclassImpliesInitializedSuperclass.key.proof 
575194     DEBUG main            d.u.i.k.p.i.AbstractProblemLoader Environment load took 84.7ns 
575195     INFO  main            d.u.i.k.p.i.AbstractProblemLoader Creating init config 
575214     WARN  main            d.u.i.k.j.r.KeYCrossReferenceNameInfo Datatype java.lang.System declared twice: Once in FILE:/home/runner/work/key/key/key.core/../key.ui/examples/standard_key/staticInitialisation/classpath/System.java and once in URL:file:/home/runner/work/key/key/key.core/build/resources/main/de/uka/ilkd/key/java/JavaRedux/java/lang/System.java, Keeping one from URL:file:/home/runner/work/key/key/key.core/build/resources/main/de/uka/ilkd/key/java/JavaRedux/java/lang/System.java 
575214     WARN  main            d.u.i.k.j.r.KeYCrossReferenceNameInfo Datatype java.io.PrintStream declared twice: Once in FILE:/home/runner/work/key/key/key.core/../key.ui/examples/standard_key/staticInitialisation/classpath/PrintStream.java and once in URL:file:/home/runner/work/key/key/key.core/build/resources/main/de/uka/ilkd/key/java/JavaRedux/java/io/PrintStream.java, Keeping one from URL:file:/home/runner/work/key/key/key.core/build/resources/main/de/uka/ilkd/key/java/JavaRedux/java/io/PrintStream.java 
577493     DEBUG main            d.u.i.k.p.i.AbstractProblemLoader Init config took 2.3s 
577506     INFO  main            d.u.i.k.p.i.AbstractProblemLoader Replaying proof initializedSubclassImpliesInitializedSuperclass.key.proof 
577507     DEBUG main            d.u.i.k.p.i.IntermediateProofReplayer Proof replay took 355.4ns 
577508     DEBUG main            d.u.i.k.p.r.p.TestFile    ... success: reloaded. 
577509     INFO  main            d.u.i.k.p.r.p.TestFile    Now processing file /home/runner/work/key/key/key.core/../key.ui/examples/standard_key/staticInitialisation/localDeclared.key 
577509     INFO  main            d.u.i.k.p.i.AbstractProblemLoader Loading environment from /home/runner/work/key/key/key.core/../key.ui/examples/standard_key/staticInitialisation/localDeclared.key 
577509     DEBUG main            d.u.i.k.p.i.AbstractProblemLoader Environment load took 45.7ns 
577511     INFO  main            d.u.i.k.p.i.AbstractProblemLoader Creating init config 
577529     WARN  main            d.u.i.k.j.r.KeYCrossReferenceNameInfo Datatype java.lang.System declared twice: Once in FILE:/home/runner/work/key/key/key.core/../key.ui/examples/standard_key/staticInitialisation/classpath/System.java and once in URL:file:/home/runner/work/key/key/key.core/build/resources/main/de/uka/ilkd/key/java/JavaRedux/java/lang/System.java, Keeping one from URL:file:/home/runner/work/key/key/key.core/build/resources/main/de/uka/ilkd/key/java/JavaRedux/java/lang/System.java 
577529     WARN  main            d.u.i.k.j.r.KeYCrossReferenceNameInfo Datatype java.io.PrintStream declared twice: Once in FILE:/home/runner/work/key/key/key.core/../key.ui/examples/standard_key/staticInitialisation/classpath/PrintStream.java and once in URL:file:/home/runner/work/key/key/key.core/build/resources/main/de/uka/ilkd/key/java/JavaRedux/java/io/PrintStream.java, Keeping one from URL:file:/home/runner/work/key/key/key.core/build/resources/main/de/uka/ilkd/key/java/JavaRedux/java/io/PrintStream.java 
579830     DEBUG main            d.u.i.k.p.i.AbstractProblemLoader Init config took 2.32s 
579843     INFO  main            d.u.i.k.p.i.AbstractProblemLoader Replaying proof localDeclared.key 
579844     DEBUG main            d.u.i.k.p.i.IntermediateProofReplayer Proof replay took 2.8ns 
580147     INFO  main            d.u.i.k.p.r.p.TestFile    ... finished proof: closed. 
580665     INFO  main            d.u.i.k.p.i.AbstractProblemLoader Loading environment from /home/runner/work/key/key/key.core/../key.ui/examples/standard_key/staticInitialisation/localDeclared.key.proof 
580665     DEBUG main            d.u.i.k.p.i.AbstractProblemLoader Environment load took 80.5ns 
580666     INFO  main            d.u.i.k.p.i.AbstractProblemLoader Creating init config 
580686     WARN  main            d.u.i.k.j.r.KeYCrossReferenceNameInfo Datatype java.lang.System declared twice: Once in FILE:/home/runner/work/key/key/key.core/../key.ui/examples/standard_key/staticInitialisation/classpath/System.java and once in URL:file:/home/runner/work/key/key/key.core/build/resources/main/de/uka/ilkd/key/java/JavaRedux/java/lang/System.java, Keeping one from URL:file:/home/runner/work/key/key/key.core/build/resources/main/de/uka/ilkd/key/java/JavaRedux/java/lang/System.java 
580686     WARN  main            d.u.i.k.j.r.KeYCrossReferenceNameInfo Datatype java.io.PrintStream declared twice: Once in FILE:/home/runner/work/key/key/key.core/../key.ui/examples/standard_key/staticInitialisation/classpath/PrintStream.java and once in URL:file:/home/runner/work/key/key/key.core/build/resources/main/de/uka/ilkd/key/java/JavaRedux/java/io/PrintStream.java, Keeping one from URL:file:/home/runner/work/key/key/key.core/build/resources/main/de/uka/ilkd/key/java/JavaRedux/java/io/PrintStream.java 
582971     DEBUG main            d.u.i.k.p.i.AbstractProblemLoader Init config took 2.31s 
582985     INFO  main            d.u.i.k.p.i.AbstractProblemLoader Replaying proof localDeclared.key.proof 
583025     DEBUG main            d.u.i.k.p.i.IntermediateProofReplayer Proof replay took 38.79ms 
583027     DEBUG main            d.u.i.k.p.r.p.TestFile    ... success: reloaded. 
583027     INFO  main            d.u.i.k.p.r.p.TestFile    Now processing file /home/runner/work/key/key/key.core/../key.ui/examples/standard_key/staticInitialisation/localDeclaredMethod.key 
583027     INFO  main            d.u.i.k.p.i.AbstractProblemLoader Loading environment from /home/runner/work/key/key/key.core/../key.ui/examples/standard_key/staticInitialisation/localDeclaredMethod.key 
583027     DEBUG main            d.u.i.k.p.i.AbstractProblemLoader Environment load took 67.7ns 
583029     INFO  main            d.u.i.k.p.i.AbstractProblemLoader Creating init config 
583047     WARN  main            d.u.i.k.j.r.KeYCrossReferenceNameInfo Datatype java.lang.System declared twice: Once in FILE:/home/runner/work/key/key/key.core/../key.ui/examples/standard_key/staticInitialisation/classpath/System.java and once in URL:file:/home/runner/work/key/key/key.core/build/resources/main/de/uka/ilkd/key/java/JavaRedux/java/lang/System.java, Keeping one from URL:file:/home/runner/work/key/key/key.core/build/resources/main/de/uka/ilkd/key/java/JavaRedux/java/lang/System.java 
583047     WARN  main            d.u.i.k.j.r.KeYCrossReferenceNameInfo Datatype java.io.PrintStream declared twice: Once in FILE:/home/runner/work/key/key/key.core/../key.ui/examples/standard_key/staticInitialisation/classpath/PrintStream.java and once in URL:file:/home/runner/work/key/key/key.core/build/resources/main/de/uka/ilkd/key/java/JavaRedux/java/io/PrintStream.java, Keeping one from URL:file:/home/runner/work/key/key/key.core/build/resources/main/de/uka/ilkd/key/java/JavaRedux/java/io/PrintStream.java 
585357     DEBUG main            d.u.i.k.p.i.AbstractProblemLoader Init config took 2.33s 
585371     INFO  main            d.u.i.k.p.i.AbstractProblemLoader Replaying proof localDeclaredMethod.key 
585372     DEBUG main            d.u.i.k.p.i.IntermediateProofReplayer Proof replay took 2.5ns 
585574     INFO  main            d.u.i.k.p.r.p.TestFile    ... finished proof: closed. 
586105     INFO  main            d.u.i.k.p.i.AbstractProblemLoader Loading environment from /home/runner/work/key/key/key.core/../key.ui/examples/standard_key/staticInitialisation/localDeclaredMethod.key.proof 
586106     DEBUG main            d.u.i.k.p.i.AbstractProblemLoader Environment load took 82.1ns 
586107     INFO  main            d.u.i.k.p.i.AbstractProblemLoader Creating init config 
586126     WARN  main            d.u.i.k.j.r.KeYCrossReferenceNameInfo Datatype java.lang.System declared twice: Once in FILE:/home/runner/work/key/key/key.core/../key.ui/examples/standard_key/staticInitialisation/classpath/System.java and once in URL:file:/home/runner/work/key/key/key.core/build/resources/main/de/uka/ilkd/key/java/JavaRedux/java/lang/System.java, Keeping one from URL:file:/home/runner/work/key/key/key.core/build/resources/main/de/uka/ilkd/key/java/JavaRedux/java/lang/System.java 
586126     WARN  main            d.u.i.k.j.r.KeYCrossReferenceNameInfo Datatype java.io.PrintStream declared twice: Once in FILE:/home/runner/work/key/key/key.core/../key.ui/examples/standard_key/staticInitialisation/classpath/PrintStream.java and once in URL:file:/home/runner/work/key/key/key.core/build/resources/main/de/uka/ilkd/key/java/JavaRedux/java/io/PrintStream.java, Keeping one from URL:file:/home/runner/work/key/key/key.core/build/resources/main/de/uka/ilkd/key/java/JavaRedux/java/io/PrintStream.java 
588422     DEBUG main            d.u.i.k.p.i.AbstractProblemLoader Init config took 2.32s 
588436     INFO  main            d.u.i.k.p.i.AbstractProblemLoader Replaying proof localDeclaredMethod.key.proof 
588474     DEBUG main            d.u.i.k.p.i.IntermediateProofReplayer Proof replay took 35.89ms 
588475     DEBUG main            d.u.i.k.p.r.p.TestFile    ... success: reloaded. 
588476     INFO  main            d.u.i.k.p.r.p.TestFile    Now processing file /home/runner/work/key/key/key.core/../key.ui/examples/standard_key/staticInitialisation/objectOfErroneousClass.key 
588476     INFO  main            d.u.i.k.p.i.AbstractProblemLoader Loading environment from /home/runner/work/key/key/key.core/../key.ui/examples/standard_key/staticInitialisation/objectOfErroneousClass.key 
588476     DEBUG main            d.u.i.k.p.i.AbstractProblemLoader Environment load took 184.3ns 
588478     INFO  main            d.u.i.k.p.i.AbstractProblemLoader Creating init config 
588496     WARN  main            d.u.i.k.j.r.KeYCrossReferenceNameInfo Datatype java.lang.System declared twice: Once in FILE:/home/runner/work/key/key/key.core/../key.ui/examples/standard_key/staticInitialisation/classpath/System.java and once in URL:file:/home/runner/work/key/key/key.core/build/resources/main/de/uka/ilkd/key/java/JavaRedux/java/lang/System.java, Keeping one from URL:file:/home/runner/work/key/key/key.core/build/resources/main/de/uka/ilkd/key/java/JavaRedux/java/lang/System.java 
588497     WARN  main            d.u.i.k.j.r.KeYCrossReferenceNameInfo Datatype java.io.PrintStream declared twice: Once in FILE:/home/runner/work/key/key/key.core/../key.ui/examples/standard_key/staticInitialisation/classpath/PrintStream.java and once in URL:file:/home/runner/work/key/key/key.core/build/resources/main/de/uka/ilkd/key/java/JavaRedux/java/io/PrintStream.java, Keeping one from URL:file:/home/runner/work/key/key/key.core/build/resources/main/de/uka/ilkd/key/java/JavaRedux/java/io/PrintStream.java 
590816     DEBUG main            d.u.i.k.p.i.AbstractProblemLoader Init config took 2.34s 
590831     INFO  main            d.u.i.k.p.i.AbstractProblemLoader Replaying proof objectOfErroneousClass.key 
590833     DEBUG main            d.u.i.k.p.i.IntermediateProofReplayer Proof replay took 2.6ns 
603735     INFO  main            d.u.i.k.p.r.p.TestFile    ... finished proof: closed. 
604327     INFO  main            d.u.i.k.p.i.AbstractProblemLoader Loading environment from /home/runner/work/key/key/key.core/../key.ui/examples/standard_key/staticInitialisation/objectOfErroneousClass.key.proof 
604327     DEBUG main            d.u.i.k.p.i.AbstractProblemLoader Environment load took 141.2ns 
604330     INFO  main            d.u.i.k.p.i.AbstractProblemLoader Creating init config 
604349     WARN  main            d.u.i.k.j.r.KeYCrossReferenceNameInfo Datatype java.lang.System declared twice: Once in FILE:/home/runner/work/key/key/key.core/../key.ui/examples/standard_key/staticInitialisation/classpath/System.java and once in URL:file:/home/runner/work/key/key/key.core/build/resources/main/de/uka/ilkd/key/java/JavaRedux/java/lang/System.java, Keeping one from URL:file:/home/runner/work/key/key/key.core/build/resources/main/de/uka/ilkd/key/java/JavaRedux/java/lang/System.java 
604349     WARN  main            d.u.i.k.j.r.KeYCrossReferenceNameInfo Datatype java.io.PrintStream declared twice: Once in FILE:/home/runner/work/key/key/key.core/../key.ui/examples/standard_key/staticInitialisation/classpath/PrintStream.java and once in URL:file:/home/runner/work/key/key/key.core/build/resources/main/de/uka/ilkd/key/java/JavaRedux/java/io/PrintStream.java, Keeping one from URL:file:/home/runner/work/key/key/key.core/build/resources/main/de/uka/ilkd/key/java/JavaRedux/java/io/PrintStream.java 
606718     DEBUG main            d.u.i.k.p.i.AbstractProblemLoader Init config took 2.39s 
606734     INFO  main            d.u.i.k.p.i.AbstractProblemLoader Replaying proof objectOfErroneousClass.key.proof 
608099     DEBUG main            d.u.i.k.p.i.IntermediateProofReplayer Proof replay took 1.34s 
608102     DEBUG main            d.u.i.k.p.r.p.TestFile    ... success: reloaded. 
608103     INFO  main            d.u.i.k.p.r.p.TestFile    Now processing file /home/runner/work/key/key/key.core/../key.ui/examples/standard_key/staticInitialisation/staticInitialisersAreNonSimple.key 
608103     INFO  main            d.u.i.k.p.i.AbstractProblemLoader Loading environment from /home/runner/work/key/key/key.core/../key.ui/examples/standard_key/staticInitialisation/staticInitialisersAreNonSimple.key 
608103     DEBUG main            d.u.i.k.p.i.AbstractProblemLoader Environment load took 44.6ns 
608105     INFO  main            d.u.i.k.p.i.AbstractProblemLoader Creating init config 
608123     WARN  main            d.u.i.k.j.r.KeYCrossReferenceNameInfo Datatype java.lang.System declared twice: Once in FILE:/home/runner/work/key/key/key.core/../key.ui/examples/standard_key/staticInitialisation/classpath/System.java and once in URL:file:/home/runner/work/key/key/key.core/build/resources/main/de/uka/ilkd/key/java/JavaRedux/java/lang/System.java, Keeping one from URL:file:/home/runner/work/key/key/key.core/build/resources/main/de/uka/ilkd/key/java/JavaRedux/java/lang/System.java 
608123     WARN  main            d.u.i.k.j.r.KeYCrossReferenceNameInfo Datatype java.io.PrintStream declared twice: Once in FILE:/home/runner/work/key/key/key.core/../key.ui/examples/standard_key/staticInitialisation/classpath/PrintStream.java and once in URL:file:/home/runner/work/key/key/key.core/build/resources/main/de/uka/ilkd/key/java/JavaRedux/java/io/PrintStream.java, Keeping one from URL:file:/home/runner/work/key/key/key.core/build/resources/main/de/uka/ilkd/key/java/JavaRedux/java/io/PrintStream.java 
610494     DEBUG main            d.u.i.k.p.i.AbstractProblemLoader Init config took 2.39s 
610511     INFO  main            d.u.i.k.p.i.AbstractProblemLoader Replaying proof staticInitialisersAreNonSimple.key 
610512     DEBUG main            d.u.i.k.p.i.IntermediateProofReplayer Proof replay took 3ns 
610815     INFO  main            d.u.i.k.p.r.p.TestFile    ... finished proof: closed. 
611426     INFO  main            d.u.i.k.p.i.AbstractProblemLoader Loading environment from /home/runner/work/key/key/key.core/../key.ui/examples/standard_key/staticInitialisation/staticInitialisersAreNonSimple.key.proof 
611426     DEBUG main            d.u.i.k.p.i.AbstractProblemLoader Environment load took 78.7ns 
611428     INFO  main            d.u.i.k.p.i.AbstractProblemLoader Creating init config 
611447     WARN  main            d.u.i.k.j.r.KeYCrossReferenceNameInfo Datatype java.lang.System declared twice: Once in FILE:/home/runner/work/key/key/key.core/../key.ui/examples/standard_key/staticInitialisation/classpath/System.java and once in URL:file:/home/runner/work/key/key/key.core/build/resources/main/de/uka/ilkd/key/java/JavaRedux/java/lang/System.java, Keeping one from URL:file:/home/runner/work/key/key/key.core/build/resources/main/de/uka/ilkd/key/java/JavaRedux/java/lang/System.java 
611447     WARN  main            d.u.i.k.j.r.KeYCrossReferenceNameInfo Datatype java.io.PrintStream declared twice: Once in FILE:/home/runner/work/key/key/key.core/../key.ui/examples/standard_key/staticInitialisation/classpath/PrintStream.java and once in URL:file:/home/runner/work/key/key/key.core/build/resources/main/de/uka/ilkd/key/java/JavaRedux/java/io/PrintStream.java, Keeping one from URL:file:/home/runner/work/key/key/key.core/build/resources/main/de/uka/ilkd/key/java/JavaRedux/java/io/PrintStream.java 
613741     DEBUG main            d.u.i.k.p.i.AbstractProblemLoader Init config took 2.31s 
613755     INFO  main            d.u.i.k.p.i.AbstractProblemLoader Replaying proof staticInitialisersAreNonSimple.key.proof 
613810     DEBUG main            d.u.i.k.p.i.IntermediateProofReplayer Proof replay took 53.21ms 
613812     DEBUG main            d.u.i.k.p.r.p.TestFile    ... success: reloaded. 
613812     INFO  main            d.u.i.k.p.r.p.TestFile    Now processing file /home/runner/work/key/key/key.core/../key.ui/examples/standard_key/types/disjoint.key 
613812     INFO  main            d.u.i.k.p.i.AbstractProblemLoader Loading environment from /home/runner/work/key/key/key.core/../key.ui/examples/standard_key/types/disjoint.key 
613812     DEBUG main            d.u.i.k.p.i.AbstractProblemLoader Environment load took 42.7ns 
613813     INFO  main            d.u.i.k.p.i.AbstractProblemLoader Creating init config 
616097     DEBUG main            d.u.i.k.p.i.AbstractProblemLoader Init config took 2.28s 
616109     INFO  main            d.u.i.k.p.i.AbstractProblemLoader Replaying proof disjoint.key 
616110     DEBUG main            d.u.i.k.p.i.IntermediateProofReplayer Proof replay took 3.2ns 
616212     INFO  main            d.u.i.k.p.r.p.TestFile    ... finished proof: closed. 
616752     INFO  main            d.u.i.k.p.i.AbstractProblemLoader Loading environment from /home/runner/work/key/key/key.core/../key.ui/examples/standard_key/types/disjoint.key.proof 
616752     DEBUG main            d.u.i.k.p.i.AbstractProblemLoader Environment load took 82.9ns 
616753     INFO  main            d.u.i.k.p.i.AbstractProblemLoader Creating init config 
619010     DEBUG main            d.u.i.k.p.i.AbstractProblemLoader Init config took 2.26s 
619023     INFO  main            d.u.i.k.p.i.AbstractProblemLoader Replaying proof disjoint.key.proof 
619024     DEBUG main            d.u.i.k.p.i.IntermediateProofReplayer Proof replay took 226.5ns 
619025     DEBUG main            d.u.i.k.p.r.p.TestFile    ... success: reloaded. 
619025     INFO  main            d.u.i.k.p.r.p.TestFile    Now processing file /home/runner/work/key/key/key.core/../key.ui/examples/../../key.core/src/test/resources/testcase/classpath/classpath.key 
619025     INFO  main            d.u.i.k.p.i.AbstractProblemLoader Loading environment from /home/runner/work/key/key/key.core/../key.ui/examples/../../key.core/src/test/resources/testcase/classpath/classpath.key 
619025     DEBUG main            d.u.i.k.p.i.AbstractProblemLoader Environment load took 86.7ns 
619026     INFO  main            d.u.i.k.p.i.AbstractProblemLoader Creating init config 
619047     WARN  main            d.u.i.k.j.r.KeYCrossReferenceNameInfo Datatype cp.C declared twice: Once in FILE:/home/runner/work/key/key/key.core/../key.ui/examples/../../key.core/src/test/resources/testcase/classpath/classpath/C.class and once in FILE:/home/runner/work/key/key/key.core/../key.ui/examples/../../key.core/src/test/resources/testcase/classpath/classpath/C.jml, Keeping one from FILE:/home/runner/work/key/key/key.core/../key.ui/examples/../../key.core/src/test/resources/testcase/classpath/classpath/C.jml 
619050     DEBUG main            d.u.i.k.j.r.ClassFileDeclarationBuilder Parsing: package cp; public class Unresolved1 { } 
619050     DEBUG main            r.s.KeYCrossReferenceSourceInfo Dynamically created class: cp.Unresolved1 
619050     DEBUG main            d.u.i.k.j.r.ClassFileDeclarationBuilder Parsing: package cp; public class Unresolved2 { } 
619050     DEBUG main            r.s.KeYCrossReferenceSourceInfo Dynamically created class: cp.Unresolved2 
621467     DEBUG main            d.u.i.k.p.i.AbstractProblemLoader Init config took 2.44s 
621482     INFO  main            d.u.i.k.p.i.AbstractProblemLoader Replaying proof classpath.key 
621483     DEBUG main            d.u.i.k.p.i.IntermediateProofReplayer Proof replay took 3.1ns 
621588     INFO  main            d.u.i.k.p.r.p.TestFile    ... finished proof: closed. 
622123     INFO  main            d.u.i.k.p.i.AbstractProblemLoader Loading environment from /home/runner/work/key/key/key.core/../key.ui/examples/../../key.core/src/test/resources/testcase/classpath/classpath.key.proof 
622123     DEBUG main            d.u.i.k.p.i.AbstractProblemLoader Environment load took 74.8ns 
622123     INFO  main            d.u.i.k.p.i.AbstractProblemLoader Creating init config 
622143     WARN  main            d.u.i.k.j.r.KeYCrossReferenceNameInfo Datatype cp.C declared twice: Once in FILE:/home/runner/work/key/key/key.core/../key.ui/examples/../../key.core/src/test/resources/testcase/classpath/classpath/C.class and once in FILE:/home/runner/work/key/key/key.core/../key.ui/examples/../../key.core/src/test/resources/testcase/classpath/classpath/C.jml, Keeping one from FILE:/home/runner/work/key/key/key.core/../key.ui/examples/../../key.core/src/test/resources/testcase/classpath/classpath/C.jml 
622146     DEBUG main            d.u.i.k.j.r.ClassFileDeclarationBuilder Parsing: package cp; public class Unresolved1 { } 
622146     DEBUG main            r.s.KeYCrossReferenceSourceInfo Dynamically created class: cp.Unresolved1 
622147     DEBUG main            d.u.i.k.j.r.ClassFileDeclarationBuilder Parsing: package cp; public class Unresolved2 { } 
622147     DEBUG main            r.s.KeYCrossReferenceSourceInfo Dynamically created class: cp.Unresolved2 
624523     DEBUG main            d.u.i.k.p.i.AbstractProblemLoader Init config took 2.4s 
624537     INFO  main            d.u.i.k.p.i.AbstractProblemLoader Replaying proof classpath.key.proof 
624539     DEBUG main            d.u.i.k.p.i.IntermediateProofReplayer Proof replay took 449.9ns 
624540     DEBUG main            d.u.i.k.p.r.p.TestFile    ... success: reloaded. 
624541     INFO  main            d.u.i.k.p.r.p.TestFile    Now processing file /home/runner/work/key/key/key.core/../key.ui/examples/heap/inconsistent_represents/MyClass_m.key 
624541     INFO  main            d.u.i.k.p.i.AbstractProblemLoader Loading environment from /home/runner/work/key/key/key.core/../key.ui/examples/heap/inconsistent_represents/MyClass_m.key 
624541     DEBUG main            d.u.i.k.p.i.AbstractProblemLoader Environment load took 44.4ns 
624542     INFO  main            d.u.i.k.p.i.AbstractProblemLoader Creating init config 
626938     DEBUG main            d.u.i.k.p.i.AbstractProblemLoader Init config took 2.4s 
626972     INFO  main            d.u.i.k.p.i.AbstractProblemLoader Replaying proof MyClass[MyClass::m()].JML operation contract.0 
626973     DEBUG main            d.u.i.k.p.i.IntermediateProofReplayer Proof replay took 2.7ns 
627075     INFO  main            d.u.i.k.p.r.p.TestFile    ... finished proof: open goal(s) 
627620     INFO  main            d.u.i.k.p.r.p.TestFile    Now processing file /home/runner/work/key/key/key.core/../key.ui/examples/heap/inconsistent_represents/MyClass_n.key 
627621     INFO  main            d.u.i.k.p.i.AbstractProblemLoader Loading environment from /home/runner/work/key/key/key.core/../key.ui/examples/heap/inconsistent_represents/MyClass_n.key 
627621     DEBUG main            d.u.i.k.p.i.AbstractProblemLoader Environment load took 54.7ns 
627621     INFO  main            d.u.i.k.p.i.AbstractProblemLoader Creating init config 
629955     DEBUG main            d.u.i.k.p.i.AbstractProblemLoader Init config took 2.33s 
629988     INFO  main            d.u.i.k.p.i.AbstractProblemLoader Replaying proof MyClass[MyClass::n()].JML operation contract.0 
629990     DEBUG main            d.u.i.k.p.i.IntermediateProofReplayer Proof replay took 2.7ns 
630094     INFO  main            d.u.i.k.p.r.p.TestFile    ... finished proof: open goal(s) 
3533776    INFO  Test worker     d.u.i.k.p.r.RunAllProofsTestUnit Returning from test javadl 
3533781    INFO  Test worker     d.u.i.k.p.r.RunAllProofsTestUnit Running test FOL 
380        INFO  Timeout watchdog d.u.i.k.p.r.p.ForkedTestFileRunner Timeout watcher launched (2000 secs.) 
402        WARN  main            d.u.i.k.s.ProofSettings   The settings in /home/runner/.key/proof-settings.props are *not* read. 
446        INFO  main            d.u.i.k.p.r.p.TestFile    Now processing file /home/runner/work/key/key/key.core/../key.ui/examples/standard_key/pred_log/count.key 
574        INFO  main            d.u.i.k.p.i.AbstractProblemLoader Loading environment from /home/runner/work/key/key/key.core/../key.ui/examples/standard_key/pred_log/count.key 
591        DEBUG main            d.u.i.k.p.i.AbstractProblemLoader Environment load took 2.13ms 
826        INFO  main            d.u.i.k.p.i.AbstractProblemLoader Creating init config 
1699       DEBUG main            d.u.i.k.j.TypeConverter   No LDT found for Meta 
1700       DEBUG main            d.u.i.k.j.TypeConverter   No LDT found for Meta 
1701       DEBUG main            d.u.i.k.j.TypeConverter   No LDT found for Meta 
1701       DEBUG main            d.u.i.k.j.TypeConverter   No LDT found for Meta 
3033       DEBUG main            d.u.i.k.j.TypeConverter   No LDT found for JavaBigintExpression 
7629       DEBUG main            d.u.i.k.p.i.AbstractProblemLoader Init config took 6.8s 
7692       INFO  main            d.u.i.k.p.i.AbstractProblemLoader Replaying proof count.key 
7728       DEBUG main            d.u.i.k.p.i.IntermediateProofReplayer Proof replay took 37.8ns 
7998       INFO  main            d.u.i.k.p.r.p.TestFile    ... finished proof: closed. 
8123       INFO  main            d.u.i.k.p.i.AbstractProblemLoader Loading environment from /home/runner/work/key/key/key.core/../key.ui/examples/standard_key/pred_log/count.key.proof 
8123       DEBUG main            d.u.i.k.p.i.AbstractProblemLoader Environment load took 488.9ns 
8127       INFO  main            d.u.i.k.p.i.AbstractProblemLoader Creating init config 
10757      DEBUG main            d.u.i.k.p.i.AbstractProblemLoader Init config took 2.63s 
10812      INFO  main            d.u.i.k.p.i.AbstractProblemLoader Replaying proof count.key.proof 
10829      DEBUG main            d.u.i.k.p.i.IntermediateProofReplayer Proof replay took 9.14ms 
10842      DEBUG main            d.u.i.k.p.r.p.TestFile    ... success: reloaded. 
10845      INFO  main            d.u.i.k.p.r.p.TestFile    Now processing file /home/runner/work/key/key/key.core/../key.ui/examples/standard_key/pred_log/count2.key 
10845      INFO  main            d.u.i.k.p.i.AbstractProblemLoader Loading environment from /home/runner/work/key/key/key.core/../key.ui/examples/standard_key/pred_log/count2.key 
10845      DEBUG main            d.u.i.k.p.i.AbstractProblemLoader Environment load took 198ns 
10848      INFO  main            d.u.i.k.p.i.AbstractProblemLoader Creating init config 
13380      DEBUG main            d.u.i.k.p.i.AbstractProblemLoader Init config took 2.53s 
13408      INFO  main            d.u.i.k.p.i.AbstractProblemLoader Replaying proof count2.key 
13410      DEBUG main            d.u.i.k.p.i.IntermediateProofReplayer Proof replay took 5.5ns 
13512      INFO  main            d.u.i.k.p.r.p.TestFile    ... finished proof: closed. 
13635      INFO  main            d.u.i.k.p.i.AbstractProblemLoader Loading environment from /home/runner/work/key/key/key.core/../key.ui/examples/standard_key/pred_log/count2.key.proof 
13636      DEBUG main            d.u.i.k.p.i.AbstractProblemLoader Environment load took 126.7ns 
13637      INFO  main            d.u.i.k.p.i.AbstractProblemLoader Creating init config 
16141      DEBUG main            d.u.i.k.p.i.AbstractProblemLoader Init config took 2.5s 
16164      INFO  main            d.u.i.k.p.i.AbstractProblemLoader Replaying proof count2.key.proof 
16169      DEBUG main            d.u.i.k.p.i.IntermediateProofReplayer Proof replay took 2.32ms 
16170      DEBUG main            d.u.i.k.p.r.p.TestFile    ... success: reloaded. 
16171      INFO  main            d.u.i.k.p.r.p.TestFile    Now processing file /home/runner/work/key/key/key.core/../key.ui/examples/standard_key/pred_log/count3.key 
16171      INFO  main            d.u.i.k.p.i.AbstractProblemLoader Loading environment from /home/runner/work/key/key/key.core/../key.ui/examples/standard_key/pred_log/count3.key 
16171      DEBUG main            d.u.i.k.p.i.AbstractProblemLoader Environment load took 180.5ns 
16173      INFO  main            d.u.i.k.p.i.AbstractProblemLoader Creating init config 
18577      DEBUG main            d.u.i.k.p.i.AbstractProblemLoader Init config took 2.4s 
18604      INFO  main            d.u.i.k.p.i.AbstractProblemLoader Replaying proof count3.key 
18606      DEBUG main            d.u.i.k.p.i.IntermediateProofReplayer Proof replay took 6.2ns 
18709      INFO  main            d.u.i.k.p.r.p.TestFile    ... finished proof: closed. 
18840      INFO  main            d.u.i.k.p.i.AbstractProblemLoader Loading environment from /home/runner/work/key/key/key.core/../key.ui/examples/standard_key/pred_log/count3.key.proof 
18840      DEBUG main            d.u.i.k.p.i.AbstractProblemLoader Environment load took 137.4ns 
18841      INFO  main            d.u.i.k.p.i.AbstractProblemLoader Creating init config 
21238      DEBUG main            d.u.i.k.p.i.AbstractProblemLoader Init config took 2.4s 
21260      INFO  main            d.u.i.k.p.i.AbstractProblemLoader Replaying proof count3.key.proof 
21268      DEBUG main            d.u.i.k.p.i.IntermediateProofReplayer Proof replay took 4.26ms 
21269      DEBUG main            d.u.i.k.p.r.p.TestFile    ... success: reloaded. 
21271      INFO  main            d.u.i.k.p.r.p.TestFile    Now processing file /home/runner/work/key/key/key.core/../key.ui/examples/standard_key/pred_log/equalities.key 
21271      INFO  main            d.u.i.k.p.i.AbstractProblemLoader Loading environment from /home/runner/work/key/key/key.core/../key.ui/examples/standard_key/pred_log/equalities.key 
21271      DEBUG main            d.u.i.k.p.i.AbstractProblemLoader Environment load took 93.9ns 
21273      INFO  main            d.u.i.k.p.i.AbstractProblemLoader Creating init config 
23724      DEBUG main            d.u.i.k.p.i.AbstractProblemLoader Init config took 2.45s 
23748      INFO  main            d.u.i.k.p.i.AbstractProblemLoader Replaying proof equalities.key 
23752      DEBUG main            d.u.i.k.p.i.IntermediateProofReplayer Proof replay took 6.7ns 
23855      INFO  main            d.u.i.k.p.r.p.TestFile    ... finished proof: closed. 
23986      INFO  main            d.u.i.k.p.i.AbstractProblemLoader Loading environment from /home/runner/work/key/key/key.core/../key.ui/examples/standard_key/pred_log/equalities.key.proof 
23987      DEBUG main            d.u.i.k.p.i.AbstractProblemLoader Environment load took 118.5ns 
23988      INFO  main            d.u.i.k.p.i.AbstractProblemLoader Creating init config 
26338      DEBUG main            d.u.i.k.p.i.AbstractProblemLoader Init config took 2.35s 
26357      INFO  main            d.u.i.k.p.i.AbstractProblemLoader Replaying proof equalities.key.proof 
26360      DEBUG main            d.u.i.k.p.i.IntermediateProofReplayer Proof replay took 1.12ms 
26361      DEBUG main            d.u.i.k.p.r.p.TestFile    ... success: reloaded. 
26362      INFO  main            d.u.i.k.p.r.p.TestFile    Now processing file /home/runner/work/key/key/key.core/../key.ui/examples/standard_key/pred_log/equalities2.key 
26362      INFO  main            d.u.i.k.p.i.AbstractProblemLoader Loading environment from /home/runner/work/key/key/key.core/../key.ui/examples/standard_key/pred_log/equalities2.key 
26362      DEBUG main            d.u.i.k.p.i.AbstractProblemLoader Environment load took 137.3ns 
26363      INFO  main            d.u.i.k.p.i.AbstractProblemLoader Creating init config 
28744      DEBUG main            d.u.i.k.p.i.AbstractProblemLoader Init config took 2.38s 
28762      INFO  main            d.u.i.k.p.i.AbstractProblemLoader Replaying proof equalities2.key 
28764      DEBUG main            d.u.i.k.p.i.IntermediateProofReplayer Proof replay took 6.7ns 
28866      INFO  main            d.u.i.k.p.r.p.TestFile    ... finished proof: closed. 
29018      INFO  main            d.u.i.k.p.i.AbstractProblemLoader Loading environment from /home/runner/work/key/key/key.core/../key.ui/examples/standard_key/pred_log/equalities2.key.proof 
29018      DEBUG main            d.u.i.k.p.i.AbstractProblemLoader Environment load took 1.26ms 
29019      INFO  main            d.u.i.k.p.i.AbstractProblemLoader Creating init config 
31375      DEBUG main            d.u.i.k.p.i.AbstractProblemLoader Init config took 2.36s 
31400      INFO  main            d.u.i.k.p.i.AbstractProblemLoader Replaying proof equalities2.key.proof 
31412      DEBUG main            d.u.i.k.p.i.IntermediateProofReplayer Proof replay took 9.83ms 
31414      DEBUG main            d.u.i.k.p.r.p.TestFile    ... success: reloaded. 
31414      INFO  main            d.u.i.k.p.r.p.TestFile    Now processing file /home/runner/work/key/key/key.core/../key.ui/examples/standard_key/pred_log/equalities3.key 
31415      INFO  main            d.u.i.k.p.i.AbstractProblemLoader Loading environment from /home/runner/work/key/key/key.core/../key.ui/examples/standard_key/pred_log/equalities3.key 
31415      DEBUG main            d.u.i.k.p.i.AbstractProblemLoader Environment load took 191.2ns 
31416      INFO  main            d.u.i.k.p.i.AbstractProblemLoader Creating init config 
33805      DEBUG main            d.u.i.k.p.i.AbstractProblemLoader Init config took 2.39s 
33823      INFO  main            d.u.i.k.p.i.AbstractProblemLoader Replaying proof equalities3.key 
33825      DEBUG main            d.u.i.k.p.i.IntermediateProofReplayer Proof replay took 7.3ns 
33932      INFO  main            d.u.i.k.p.r.p.TestFile    ... finished proof: closed. 
34072      INFO  main            d.u.i.k.p.i.AbstractProblemLoader Loading environment from /home/runner/work/key/key/key.core/../key.ui/examples/standard_key/pred_log/equalities3.key.proof 
34072      DEBUG main            d.u.i.k.p.i.AbstractProblemLoader Environment load took 122.4ns 
34076      INFO  main            d.u.i.k.p.i.AbstractProblemLoader Creating init config 
36420      DEBUG main            d.u.i.k.p.i.AbstractProblemLoader Init config took 2.34s 
36438      INFO  main            d.u.i.k.p.i.AbstractProblemLoader Replaying proof equalities3.key.proof 
36444      DEBUG main            d.u.i.k.p.i.IntermediateProofReplayer Proof replay took 4.22ms 
36445      DEBUG main            d.u.i.k.p.r.p.TestFile    ... success: reloaded. 
36445      INFO  main            d.u.i.k.p.r.p.TestFile    Now processing file /home/runner/work/key/key/key.core/../key.ui/examples/standard_key/pred_log/functions.key 
36446      INFO  main            d.u.i.k.p.i.AbstractProblemLoader Loading environment from /home/runner/work/key/key/key.core/../key.ui/examples/standard_key/pred_log/functions.key 
36446      DEBUG main            d.u.i.k.p.i.AbstractProblemLoader Environment load took 206.1ns 
36447      INFO  main            d.u.i.k.p.i.AbstractProblemLoader Creating init config 
38812      DEBUG main            d.u.i.k.p.i.AbstractProblemLoader Init config took 2.37s 
38839      INFO  main            d.u.i.k.p.i.AbstractProblemLoader Replaying proof functions.key 
38840      DEBUG main            d.u.i.k.p.i.IntermediateProofReplayer Proof replay took 7.5ns 
38942      INFO  main            d.u.i.k.p.r.p.TestFile    ... finished proof: closed. 
39104      INFO  main            d.u.i.k.p.i.AbstractProblemLoader Loading environment from /home/runner/work/key/key/key.core/../key.ui/examples/standard_key/pred_log/functions.key.proof 
39104      DEBUG main            d.u.i.k.p.i.AbstractProblemLoader Environment load took 123.1ns 
39105      INFO  main            d.u.i.k.p.i.AbstractProblemLoader Creating init config 
41433      DEBUG main            d.u.i.k.p.i.AbstractProblemLoader Init config took 2.33s 
41449      INFO  main            d.u.i.k.p.i.AbstractProblemLoader Replaying proof functions.key.proof 
41453      DEBUG main            d.u.i.k.p.i.IntermediateProofReplayer Proof replay took 1.78ms 
41454      DEBUG main            d.u.i.k.p.r.p.TestFile    ... success: reloaded. 
41454      INFO  main            d.u.i.k.p.r.p.TestFile    Now processing file /home/runner/work/key/key/key.core/../key.ui/examples/standard_key/pred_log/mv1.key 
41455      INFO  main            d.u.i.k.p.i.AbstractProblemLoader Loading environment from /home/runner/work/key/key/key.core/../key.ui/examples/standard_key/pred_log/mv1.key 
41455      DEBUG main            d.u.i.k.p.i.AbstractProblemLoader Environment load took 103.1ns 
41456      INFO  main            d.u.i.k.p.i.AbstractProblemLoader Creating init config 
43787      DEBUG main            d.u.i.k.p.i.AbstractProblemLoader Init config took 2.33s 
43804      INFO  main            d.u.i.k.p.i.AbstractProblemLoader Replaying proof mv1.key 
43805      DEBUG main            d.u.i.k.p.i.IntermediateProofReplayer Proof replay took 21.9ns 
43908      INFO  main            d.u.i.k.p.r.p.TestFile    ... finished proof: closed. 
44068      INFO  main            d.u.i.k.p.i.AbstractProblemLoader Loading environment from /home/runner/work/key/key/key.core/../key.ui/examples/standard_key/pred_log/mv1.key.proof 
44068      DEBUG main            d.u.i.k.p.i.AbstractProblemLoader Environment load took 123.2ns 
44069      INFO  main            d.u.i.k.p.i.AbstractProblemLoader Creating init config 
46371      DEBUG main            d.u.i.k.p.i.AbstractProblemLoader Init config took 2.3s 
46389      INFO  main            d.u.i.k.p.i.AbstractProblemLoader Replaying proof mv1.key.proof 
46391      DEBUG main            d.u.i.k.p.i.IntermediateProofReplayer Proof replay took 734.8ns 
46392      DEBUG main            d.u.i.k.p.r.p.TestFile    ... success: reloaded. 
46393      INFO  main            d.u.i.k.p.r.p.TestFile    Now processing file /home/runner/work/key/key/key.core/../key.ui/examples/standard_key/pred_log/mv2.key 
46393      INFO  main            d.u.i.k.p.i.AbstractProblemLoader Loading environment from /home/runner/work/key/key/key.core/../key.ui/examples/standard_key/pred_log/mv2.key 
46394      DEBUG main            d.u.i.k.p.i.AbstractProblemLoader Environment load took 177ns 
46395      INFO  main            d.u.i.k.p.i.AbstractProblemLoader Creating init config 
48703      DEBUG main            d.u.i.k.p.i.AbstractProblemLoader Init config took 2.31s 
48719      INFO  main            d.u.i.k.p.i.AbstractProblemLoader Replaying proof mv2.key 
48720      DEBUG main            d.u.i.k.p.i.IntermediateProofReplayer Proof replay took 7.4ns 
48822      INFO  main            d.u.i.k.p.r.p.TestFile    ... finished proof: closed. 
48998      INFO  main            d.u.i.k.p.i.AbstractProblemLoader Loading environment from /home/runner/work/key/key/key.core/../key.ui/examples/standard_key/pred_log/mv2.key.proof 
48999      DEBUG main            d.u.i.k.p.i.AbstractProblemLoader Environment load took 139.3ns 
49000      INFO  main            d.u.i.k.p.i.AbstractProblemLoader Creating init config 
51274      DEBUG main            d.u.i.k.p.i.AbstractProblemLoader Init config took 2.27s 
51302      INFO  main            d.u.i.k.p.i.AbstractProblemLoader Replaying proof mv2.key.proof 
51305      DEBUG main            d.u.i.k.p.i.IntermediateProofReplayer Proof replay took 1.43ms 
51306      DEBUG main            d.u.i.k.p.r.p.TestFile    ... success: reloaded. 
51306      INFO  main            d.u.i.k.p.r.p.TestFile    Now processing file /home/runner/work/key/key/key.core/../key.ui/examples/standard_key/pred_log/quantifiers.key 
51307      INFO  main            d.u.i.k.p.i.AbstractProblemLoader Loading environment from /home/runner/work/key/key/key.core/../key.ui/examples/standard_key/pred_log/quantifiers.key 
51307      DEBUG main            d.u.i.k.p.i.AbstractProblemLoader Environment load took 174.3ns 
51308      INFO  main            d.u.i.k.p.i.AbstractProblemLoader Creating init config 
53596      DEBUG main            d.u.i.k.p.i.AbstractProblemLoader Init config took 2.29s 
53611      INFO  main            d.u.i.k.p.i.AbstractProblemLoader Replaying proof quantifiers.key 
53613      DEBUG main            d.u.i.k.p.i.IntermediateProofReplayer Proof replay took 6.6ns 
53716      INFO  main            d.u.i.k.p.r.p.TestFile    ... finished proof: closed. 
53888      INFO  main            d.u.i.k.p.i.AbstractProblemLoader Loading environment from /home/runner/work/key/key/key.core/../key.ui/examples/standard_key/pred_log/quantifiers.key.proof 
53888      DEBUG main            d.u.i.k.p.i.AbstractProblemLoader Environment load took 118.6ns 
53889      INFO  main            d.u.i.k.p.i.AbstractProblemLoader Creating init config 
56175      DEBUG main            d.u.i.k.p.i.AbstractProblemLoader Init config took 2.29s 
56190      INFO  main            d.u.i.k.p.i.AbstractProblemLoader Replaying proof quantifiers.key.proof 
56193      DEBUG main            d.u.i.k.p.i.IntermediateProofReplayer Proof replay took 1.42ms 
56198      DEBUG main            d.u.i.k.p.r.p.TestFile    ... success: reloaded. 
56198      INFO  main            d.u.i.k.p.r.p.TestFile    Now processing file /home/runner/work/key/key/key.core/../key.ui/examples/standard_key/pred_log/simpleEps.key 
56198      INFO  main            d.u.i.k.p.i.AbstractProblemLoader Loading environment from /home/runner/work/key/key/key.core/../key.ui/examples/standard_key/pred_log/simpleEps.key 
56199      DEBUG main            d.u.i.k.p.i.AbstractProblemLoader Environment load took 150.8ns 
56200      INFO  main            d.u.i.k.p.i.AbstractProblemLoader Creating init config 
58540      DEBUG main            d.u.i.k.p.i.AbstractProblemLoader Init config took 2.34s 
58554      INFO  main            d.u.i.k.p.i.AbstractProblemLoader Replaying proof simpleEps.key 
58556      DEBUG main            d.u.i.k.p.i.IntermediateProofReplayer Proof replay took 7.5ns 
58660      INFO  main            d.u.i.k.p.r.p.TestFile    ... finished proof: closed. 
58832      INFO  main            d.u.i.k.p.i.AbstractProblemLoader Loading environment from /home/runner/work/key/key/key.core/../key.ui/examples/standard_key/pred_log/simpleEps.key.proof 
58832      DEBUG main            d.u.i.k.p.i.AbstractProblemLoader Environment load took 120.3ns 
58833      INFO  main            d.u.i.k.p.i.AbstractProblemLoader Creating init config 
61123      DEBUG main            d.u.i.k.p.i.AbstractProblemLoader Init config took 2.29s 
61137      INFO  main            d.u.i.k.p.i.AbstractProblemLoader Replaying proof simpleEps.key.proof 
61140      DEBUG main            d.u.i.k.p.i.IntermediateProofReplayer Proof replay took 1.03ms 
61141      DEBUG main            d.u.i.k.p.r.p.TestFile    ... success: reloaded. 
61142      INFO  main            d.u.i.k.p.r.p.TestFile    Now processing file /home/runner/work/key/key/key.core/../key.ui/examples/standard_key/pred_log/steam1.key 
61142      INFO  main            d.u.i.k.p.i.AbstractProblemLoader Loading environment from /home/runner/work/key/key/key.core/../key.ui/examples/standard_key/pred_log/steam1.key 
61142      DEBUG main            d.u.i.k.p.i.AbstractProblemLoader Environment load took 187.9ns 
61144      INFO  main            d.u.i.k.p.i.AbstractProblemLoader Creating init config 
63448      DEBUG main            d.u.i.k.p.i.AbstractProblemLoader Init config took 2.3s 
63466      INFO  main            d.u.i.k.p.i.AbstractProblemLoader Replaying proof steam1.key 
63467      DEBUG main            d.u.i.k.p.i.IntermediateProofReplayer Proof replay took 7.8ns 
63782      INFO  main            d.u.i.k.p.r.p.TestFile    ... finished proof: closed. 
63976      INFO  main            d.u.i.k.p.i.AbstractProblemLoader Loading environment from /home/runner/work/key/key/key.core/../key.ui/examples/standard_key/pred_log/steam1.key.proof 
63976      DEBUG main            d.u.i.k.p.i.AbstractProblemLoader Environment load took 363ns 
63978      INFO  main            d.u.i.k.p.i.AbstractProblemLoader Creating init config 
66243      DEBUG main            d.u.i.k.p.i.AbstractProblemLoader Init config took 2.26s 
66264      INFO  main            d.u.i.k.p.i.AbstractProblemLoader Replaying proof steam1.key.proof 
66284      DEBUG main            d.u.i.k.p.i.IntermediateProofReplayer Proof replay took 16.16ms 
66286      DEBUG main            d.u.i.k.p.r.p.TestFile    ... success: reloaded. 
66286      INFO  main            d.u.i.k.p.r.p.TestFile    Now processing file /home/runner/work/key/key/key.core/../key.ui/examples/standard_key/pred_log/tptp/PUZ/PUZ001p1.key 
66287      INFO  main            d.u.i.k.p.i.AbstractProblemLoader Loading environment from /home/runner/work/key/key/key.core/../key.ui/examples/standard_key/pred_log/tptp/PUZ/PUZ001p1.key 
66287      DEBUG main            d.u.i.k.p.i.AbstractProblemLoader Environment load took 93.5ns 
66288      INFO  main            d.u.i.k.p.i.AbstractProblemLoader Creating init config 
68612      DEBUG main            d.u.i.k.p.i.AbstractProblemLoader Init config took 2.32s 
68628      INFO  main            d.u.i.k.p.i.AbstractProblemLoader Replaying proof PUZ001p1.key 
68629      DEBUG main            d.u.i.k.p.i.IntermediateProofReplayer Proof replay took 6.6ns 
71770      INFO  main            d.u.i.k.p.r.p.TestFile    ... finished proof: closed. 
72040      INFO  main            d.u.i.k.p.i.AbstractProblemLoader Loading environment from /home/runner/work/key/key/key.core/../key.ui/examples/standard_key/pred_log/tptp/PUZ/PUZ001p1.key.proof 
72040      DEBUG main            d.u.i.k.p.i.AbstractProblemLoader Environment load took 125.3ns 
72042      INFO  main            d.u.i.k.p.i.AbstractProblemLoader Creating init config 
74294      DEBUG main            d.u.i.k.p.i.AbstractProblemLoader Init config took 2.25s 
74312      INFO  main            d.u.i.k.p.i.AbstractProblemLoader Replaying proof PUZ001p1.key.proof 
74443      DEBUG main            d.u.i.k.p.i.IntermediateProofReplayer Proof replay took 117.71ms 
74445      DEBUG main            d.u.i.k.p.r.p.TestFile    ... success: reloaded. 
74446      INFO  main            d.u.i.k.p.r.p.TestFile    Now processing file /home/runner/work/key/key/key.core/../key.ui/examples/standard_key/pred_log/tptp/PUZ/PUZ001p1-eq.key 
74446      INFO  main            d.u.i.k.p.i.AbstractProblemLoader Loading environment from /home/runner/work/key/key/key.core/../key.ui/examples/standard_key/pred_log/tptp/PUZ/PUZ001p1-eq.key 
74446      DEBUG main            d.u.i.k.p.i.AbstractProblemLoader Environment load took 93.9ns 
74447      INFO  main            d.u.i.k.p.i.AbstractProblemLoader Creating init config 
76759      DEBUG main            d.u.i.k.p.i.AbstractProblemLoader Init config took 2.31s 
76773      INFO  main            d.u.i.k.p.i.AbstractProblemLoader Replaying proof PUZ001p1-eq.key 
76775      DEBUG main            d.u.i.k.p.i.IntermediateProofReplayer Proof replay took 7ns 
76978      INFO  main            d.u.i.k.p.r.p.TestFile    ... finished proof: closed. 
77214      INFO  main            d.u.i.k.p.i.AbstractProblemLoader Loading environment from /home/runner/work/key/key/key.core/../key.ui/examples/standard_key/pred_log/tptp/PUZ/PUZ001p1-eq.key.proof 
77214      DEBUG main            d.u.i.k.p.i.AbstractProblemLoader Environment load took 116.8ns 
77217      INFO  main            d.u.i.k.p.i.AbstractProblemLoader Creating init config 
79458      DEBUG main            d.u.i.k.p.i.AbstractProblemLoader Init config took 2.24s 
79473      INFO  main            d.u.i.k.p.i.AbstractProblemLoader Replaying proof PUZ001p1-eq.key.proof 
79484      DEBUG main            d.u.i.k.p.i.IntermediateProofReplayer Proof replay took 8.35ms 
79485      DEBUG main            d.u.i.k.p.r.p.TestFile    ... success: reloaded. 
79485      INFO  main            d.u.i.k.p.r.p.TestFile    Now processing file /home/runner/work/key/key/key.core/../key.ui/examples/standard_key/pred_log/tptp/PUZ/PUZ031p1.key 
79485      INFO  main            d.u.i.k.p.i.AbstractProblemLoader Loading environment from /home/runner/work/key/key/key.core/../key.ui/examples/standard_key/pred_log/tptp/PUZ/PUZ031p1.key 
79486      DEBUG main            d.u.i.k.p.i.AbstractProblemLoader Environment load took 88.5ns 
79487      INFO  main            d.u.i.k.p.i.AbstractProblemLoader Creating init config 
81786      DEBUG main            d.u.i.k.p.i.AbstractProblemLoader Init config took 2.3s 
81801      INFO  main            d.u.i.k.p.i.AbstractProblemLoader Replaying proof PUZ031p1.key 
81802      DEBUG main            d.u.i.k.p.i.IntermediateProofReplayer Proof replay took 7.7ns 
89645      INFO  main            d.u.i.k.p.r.p.TestFile    ... finished proof: closed. 
89864      INFO  main            d.u.i.k.p.i.AbstractProblemLoader Loading environment from /home/runner/work/key/key/key.core/../key.ui/examples/standard_key/pred_log/tptp/PUZ/PUZ031p1.key.proof 
89864      DEBUG main            d.u.i.k.p.i.AbstractProblemLoader Environment load took 337.2ns 
89866      INFO  main            d.u.i.k.p.i.AbstractProblemLoader Creating init config 
92099      DEBUG main            d.u.i.k.p.i.AbstractProblemLoader Init config took 2.23s 
92114      INFO  main            d.u.i.k.p.i.AbstractProblemLoader Replaying proof PUZ031p1.key.proof 
92156      DEBUG main            d.u.i.k.p.i.IntermediateProofReplayer Proof replay took 37.06ms 
92157      DEBUG main            d.u.i.k.p.r.p.TestFile    ... success: reloaded. 
92158      INFO  main            d.u.i.k.p.r.p.TestFile    Now processing file /home/runner/work/key/key/key.core/../key.ui/examples/standard_key/pred_log/tptp/SET/SET027p3.key 
92158      INFO  main            d.u.i.k.p.i.AbstractProblemLoader Loading environment from /home/runner/work/key/key/key.core/../key.ui/examples/standard_key/pred_log/tptp/SET/SET027p3.key 
92158      DEBUG main            d.u.i.k.p.i.AbstractProblemLoader Environment load took 93.1ns 
92159      INFO  main            d.u.i.k.p.i.AbstractProblemLoader Creating init config 
94478      DEBUG main            d.u.i.k.p.i.AbstractProblemLoader Init config took 2.32s 
94492      INFO  main            d.u.i.k.p.i.AbstractProblemLoader Replaying proof SET027p3.key 
94493      DEBUG main            d.u.i.k.p.i.IntermediateProofReplayer Proof replay took 7.2ns 
94595      INFO  main            d.u.i.k.p.r.p.TestFile    ... finished proof: closed. 
94819      INFO  main            d.u.i.k.p.i.AbstractProblemLoader Loading environment from /home/runner/work/key/key/key.core/../key.ui/examples/standard_key/pred_log/tptp/SET/SET027p3.key.proof 
94819      DEBUG main            d.u.i.k.p.i.AbstractProblemLoader Environment load took 133.9ns 
94820      INFO  main            d.u.i.k.p.i.AbstractProblemLoader Creating init config 
97073      DEBUG main            d.u.i.k.p.i.AbstractProblemLoader Init config took 2.25s 
97087      INFO  main            d.u.i.k.p.i.AbstractProblemLoader Replaying proof SET027p3.key.proof 
97092      DEBUG main            d.u.i.k.p.i.IntermediateProofReplayer Proof replay took 2.93ms 
97093      DEBUG main            d.u.i.k.p.r.p.TestFile    ... success: reloaded. 
97094      INFO  main            d.u.i.k.p.r.p.TestFile    Now processing file /home/runner/work/key/key/key.core/../key.ui/examples/standard_key/pred_log/tptp/SET/SET043p1.key 
97094      INFO  main            d.u.i.k.p.i.AbstractProblemLoader Loading environment from /home/runner/work/key/key/key.core/../key.ui/examples/standard_key/pred_log/tptp/SET/SET043p1.key 
97094      DEBUG main            d.u.i.k.p.i.AbstractProblemLoader Environment load took 172.5ns 
97095      INFO  main            d.u.i.k.p.i.AbstractProblemLoader Creating init config 
99367      DEBUG main            d.u.i.k.p.i.AbstractProblemLoader Init config took 2.27s 
99381      INFO  main            d.u.i.k.p.i.AbstractProblemLoader Replaying proof SET043p1.key 
99382      DEBUG main            d.u.i.k.p.i.IntermediateProofReplayer Proof replay took 7.2ns 
99484      INFO  main            d.u.i.k.p.r.p.TestFile    ... finished proof: closed. 
99695      INFO  main            d.u.i.k.p.i.AbstractProblemLoader Loading environment from /home/runner/work/key/key/key.core/../key.ui/examples/standard_key/pred_log/tptp/SET/SET043p1.key.proof 
99695      DEBUG main            d.u.i.k.p.i.AbstractProblemLoader Environment load took 180.2ns 
99696      INFO  main            d.u.i.k.p.i.AbstractProblemLoader Creating init config 
101925     DEBUG main            d.u.i.k.p.i.AbstractProblemLoader Init config took 2.23s 
101939     INFO  main            d.u.i.k.p.i.AbstractProblemLoader Replaying proof SET043p1.key.proof 
101945     DEBUG main            d.u.i.k.p.i.IntermediateProofReplayer Proof replay took 981.71ns 
101946     DEBUG main            d.u.i.k.p.r.p.TestFile    ... success: reloaded. 
101946     INFO  main            d.u.i.k.p.r.p.TestFile    Now processing file /home/runner/work/key/key/key.core/../key.ui/examples/standard_key/pred_log/tptp/SET/SET045p1.key 
101947     INFO  main            d.u.i.k.p.i.AbstractProblemLoader Loading environment from /home/runner/work/key/key/key.core/../key.ui/examples/standard_key/pred_log/tptp/SET/SET045p1.key 
101947     DEBUG main            d.u.i.k.p.i.AbstractProblemLoader Environment load took 135.9ns 
101948     INFO  main            d.u.i.k.p.i.AbstractProblemLoader Creating init config 
104244     DEBUG main            d.u.i.k.p.i.AbstractProblemLoader Init config took 2.3s 
104257     INFO  main            d.u.i.k.p.i.AbstractProblemLoader Replaying proof SET045p1.key 
104258     DEBUG main            d.u.i.k.p.i.IntermediateProofReplayer Proof replay took 7.1ns 
104360     INFO  main            d.u.i.k.p.r.p.TestFile    ... finished proof: closed. 
104581     INFO  main            d.u.i.k.p.i.AbstractProblemLoader Loading environment from /home/runner/work/key/key/key.core/../key.ui/examples/standard_key/pred_log/tptp/SET/SET045p1.key.proof 
104581     DEBUG main            d.u.i.k.p.i.AbstractProblemLoader Environment load took 110.6ns 
104582     INFO  main            d.u.i.k.p.i.AbstractProblemLoader Creating init config 
106803     DEBUG main            d.u.i.k.p.i.AbstractProblemLoader Init config took 2.22s 
106818     INFO  main            d.u.i.k.p.i.AbstractProblemLoader Replaying proof SET045p1.key.proof 
106822     DEBUG main            d.u.i.k.p.i.IntermediateProofReplayer Proof replay took 2.39ms 
106823     DEBUG main            d.u.i.k.p.r.p.TestFile    ... success: reloaded. 
106824     INFO  main            d.u.i.k.p.r.p.TestFile    Now processing file /home/runner/work/key/key/key.core/../key.ui/examples/standard_key/pred_log/tptp/SET/SET062p3.key 
106825     INFO  main            d.u.i.k.p.i.AbstractProblemLoader Loading environment from /home/runner/work/key/key/key.core/../key.ui/examples/standard_key/pred_log/tptp/SET/SET062p3.key 
106825     DEBUG main            d.u.i.k.p.i.AbstractProblemLoader Environment load took 86.3ns 
106826     INFO  main            d.u.i.k.p.i.AbstractProblemLoader Creating init config 
109140     DEBUG main            d.u.i.k.p.i.AbstractProblemLoader Init config took 2.31s 
109157     INFO  main            d.u.i.k.p.i.AbstractProblemLoader Replaying proof SET062p3.key 
109159     DEBUG main            d.u.i.k.p.i.IntermediateProofReplayer Proof replay took 8.8ns 
109264     INFO  main            d.u.i.k.p.r.p.TestFile    ... finished proof: closed. 
109487     INFO  main            d.u.i.k.p.i.AbstractProblemLoader Loading environment from /home/runner/work/key/key/key.core/../key.ui/examples/standard_key/pred_log/tptp/SET/SET062p3.key.proof 
109487     DEBUG main            d.u.i.k.p.i.AbstractProblemLoader Environment load took 149ns 
109488     INFO  main            d.u.i.k.p.i.AbstractProblemLoader Creating init config 
111710     DEBUG main            d.u.i.k.p.i.AbstractProblemLoader Init config took 2.22s 
111723     INFO  main            d.u.i.k.p.i.AbstractProblemLoader Replaying proof SET062p3.key.proof 
111731     DEBUG main            d.u.i.k.p.i.IntermediateProofReplayer Proof replay took 6.59ms 
111732     DEBUG main            d.u.i.k.p.r.p.TestFile    ... success: reloaded. 
111733     INFO  main            d.u.i.k.p.r.p.TestFile    Now processing file /home/runner/work/key/key/key.core/../key.ui/examples/standard_key/pred_log/tptp/SET/SET063p3.key 
111733     INFO  main            d.u.i.k.p.i.AbstractProblemLoader Loading environment from /home/runner/work/key/key/key.core/../key.ui/examples/standard_key/pred_log/tptp/SET/SET063p3.key 
111733     DEBUG main            d.u.i.k.p.i.AbstractProblemLoader Environment load took 86.6ns 
111734     INFO  main            d.u.i.k.p.i.AbstractProblemLoader Creating init config 
114025     DEBUG main            d.u.i.k.p.i.AbstractProblemLoader Init config took 2.29s 
114043     INFO  main            d.u.i.k.p.i.AbstractProblemLoader Replaying proof SET063p3.key 
114044     DEBUG main            d.u.i.k.p.i.IntermediateProofReplayer Proof replay took 20.6ns 
114146     INFO  main            d.u.i.k.p.r.p.TestFile    ... finished proof: closed. 
114416     INFO  main            d.u.i.k.p.i.AbstractProblemLoader Loading environment from /home/runner/work/key/key/key.core/../key.ui/examples/standard_key/pred_log/tptp/SET/SET063p3.key.proof 
114416     DEBUG main            d.u.i.k.p.i.AbstractProblemLoader Environment load took 112.9ns 
114417     INFO  main            d.u.i.k.p.i.AbstractProblemLoader Creating init config 
116626     DEBUG main            d.u.i.k.p.i.AbstractProblemLoader Init config took 2.21s 
116640     INFO  main            d.u.i.k.p.i.AbstractProblemLoader Replaying proof SET063p3.key.proof 
116644     DEBUG main            d.u.i.k.p.i.IntermediateProofReplayer Proof replay took 2.6ms 
116645     DEBUG main            d.u.i.k.p.r.p.TestFile    ... success: reloaded. 
116646     INFO  main            d.u.i.k.p.r.p.TestFile    Now processing file /home/runner/work/key/key/key.core/../key.ui/examples/standard_key/pred_log/tptp/SYN/SYN036p2.key 
116646     INFO  main            d.u.i.k.p.i.AbstractProblemLoader Loading environment from /home/runner/work/key/key/key.core/../key.ui/examples/standard_key/pred_log/tptp/SYN/SYN036p2.key 
116646     DEBUG main            d.u.i.k.p.i.AbstractProblemLoader Environment load took 83.5ns 
116647     INFO  main            d.u.i.k.p.i.AbstractProblemLoader Creating init config 
118938     DEBUG main            d.u.i.k.p.i.AbstractProblemLoader Init config took 2.29s 
118953     INFO  main            d.u.i.k.p.i.AbstractProblemLoader Replaying proof SYN036p2.key 
118955     DEBUG main            d.u.i.k.p.i.IntermediateProofReplayer Proof replay took 6.9ns 
119260     INFO  main            d.u.i.k.p.r.p.TestFile    ... finished proof: closed. 
119565     INFO  main            d.u.i.k.p.i.AbstractProblemLoader Loading environment from /home/runner/work/key/key/key.core/../key.ui/examples/standard_key/pred_log/tptp/SYN/SYN036p2.key.proof 
119566     DEBUG main            d.u.i.k.p.i.AbstractProblemLoader Environment load took 346.3ns 
119567     INFO  main            d.u.i.k.p.i.AbstractProblemLoader Creating init config 
121781     DEBUG main            d.u.i.k.p.i.AbstractProblemLoader Init config took 2.21s 
121794     INFO  main            d.u.i.k.p.i.AbstractProblemLoader Replaying proof SYN036p2.key.proof 
121850     DEBUG main            d.u.i.k.p.i.IntermediateProofReplayer Proof replay took 48.25ms 
121851     DEBUG main            d.u.i.k.p.r.p.TestFile    ... success: reloaded. 
121851     INFO  main            d.u.i.k.p.r.p.TestFile    Now processing file /home/runner/work/key/key/key.core/../key.ui/examples/standard_key/pred_log/tptp/SYN/SYN550p1.key 
121852     INFO  main            d.u.i.k.p.i.AbstractProblemLoader Loading environment from /home/runner/work/key/key/key.core/../key.ui/examples/standard_key/pred_log/tptp/SYN/SYN550p1.key 
121852     DEBUG main            d.u.i.k.p.i.AbstractProblemLoader Environment load took 75.6ns 
121853     INFO  main            d.u.i.k.p.i.AbstractProblemLoader Creating init config 
124121     DEBUG main            d.u.i.k.p.i.AbstractProblemLoader Init config took 2.27s 
124135     INFO  main            d.u.i.k.p.i.AbstractProblemLoader Replaying proof SYN550p1.key 
124136     DEBUG main            d.u.i.k.p.i.IntermediateProofReplayer Proof replay took 6.7ns 
126946     INFO  main            d.u.i.k.p.r.p.TestFile    ... finished proof: closed. 
127198     INFO  main            d.u.i.k.p.i.AbstractProblemLoader Loading environment from /home/runner/work/key/key/key.core/../key.ui/examples/standard_key/pred_log/tptp/SYN/SYN550p1.key.proof 
127203     DEBUG main            d.u.i.k.p.i.AbstractProblemLoader Environment load took 4.71ms 
127204     INFO  main            d.u.i.k.p.i.AbstractProblemLoader Creating init config 
129407     DEBUG main            d.u.i.k.p.i.AbstractProblemLoader Init config took 2.2s 
129421     INFO  main            d.u.i.k.p.i.AbstractProblemLoader Replaying proof SYN550p1.key.proof 
129476     DEBUG main            d.u.i.k.p.i.IntermediateProofReplayer Proof replay took 49.24ms 
129477     DEBUG main            d.u.i.k.p.r.p.TestFile    ... success: reloaded. 
129478     INFO  main            d.u.i.k.p.r.p.TestFile    Now processing file /home/runner/work/key/key/key.core/../key.ui/examples/standard_key/prop_log/reallySimple.key 
129479     INFO  main            d.u.i.k.p.i.AbstractProblemLoader Loading environment from /home/runner/work/key/key/key.core/../key.ui/examples/standard_key/prop_log/reallySimple.key 
129479     DEBUG main            d.u.i.k.p.i.AbstractProblemLoader Environment load took 198.1ns 
129480     INFO  main            d.u.i.k.p.i.AbstractProblemLoader Creating init config 
131771     DEBUG main            d.u.i.k.p.i.AbstractProblemLoader Init config took 2.29s 
131785     INFO  main            d.u.i.k.p.i.AbstractProblemLoader Replaying proof reallySimple.key 
131786     DEBUG main            d.u.i.k.p.i.IntermediateProofReplayer Proof replay took 7.2ns 
131888     INFO  main            d.u.i.k.p.r.p.TestFile    ... finished proof: open goal(s) 
132151     INFO  main            d.u.i.k.p.r.p.TestFile    Now processing file /home/runner/work/key/key/key.core/../key.ui/examples/standard_key/pred_log/sameName1.key 
132151     INFO  main            d.u.i.k.p.i.AbstractProblemLoader Loading environment from /home/runner/work/key/key/key.core/../key.ui/examples/standard_key/pred_log/sameName1.key 
132151     DEBUG main            d.u.i.k.p.i.AbstractProblemLoader Environment load took 58.2ns 
132152     INFO  main            d.u.i.k.p.i.AbstractProblemLoader Creating init config 
134356     DEBUG main            d.u.i.k.p.i.AbstractProblemLoader Init config took 2.2s 
134369     INFO  main            d.u.i.k.p.i.AbstractProblemLoader Replaying proof sameName1.key 
134370     DEBUG main            d.u.i.k.p.i.IntermediateProofReplayer Proof replay took 7.8ns 
134474     INFO  main            d.u.i.k.p.r.p.TestFile    ... finished proof: open goal(s) 
134706     INFO  main            d.u.i.k.p.r.p.TestFile    Now processing file /home/runner/work/key/key/key.core/../key.ui/examples/standard_key/pred_log/jbyteIfEx.key 
134706     INFO  main            d.u.i.k.p.i.AbstractProblemLoader Loading environment from /home/runner/work/key/key/key.core/../key.ui/examples/standard_key/pred_log/jbyteIfEx.key 
134706     DEBUG main            d.u.i.k.p.i.AbstractProblemLoader Environment load took 56.2ns 
134707     INFO  main            d.u.i.k.p.i.AbstractProblemLoader Creating init config 
136904     DEBUG main            d.u.i.k.p.i.AbstractProblemLoader Init config took 2.2s 
136917     INFO  main            d.u.i.k.p.i.AbstractProblemLoader Replaying proof jbyteIfEx.key 
136918     DEBUG main            d.u.i.k.p.i.IntermediateProofReplayer Proof replay took 7.1ns 
137024     INFO  main            d.u.i.k.p.r.p.TestFile    ... finished proof: closed. 
137264     INFO  main            d.u.i.k.p.i.AbstractProblemLoader Loading environment from /home/runner/work/key/key/key.core/../key.ui/examples/standard_key/pred_log/jbyteIfEx.key.proof 
137264     DEBUG main            d.u.i.k.p.i.AbstractProblemLoader Environment load took 112.2ns 
137265     INFO  main            d.u.i.k.p.i.AbstractProblemLoader Creating init config 
139486     DEBUG main            d.u.i.k.p.i.AbstractProblemLoader Init config took 2.22s 
139500     INFO  main            d.u.i.k.p.i.AbstractProblemLoader Replaying proof jbyteIfEx.key.proof 
139504     DEBUG main            d.u.i.k.p.i.IntermediateProofReplayer Proof replay took 2.93ms 
139505     DEBUG main            d.u.i.k.p.r.p.TestFile    ... success: reloaded. 
139505     INFO  main            d.u.i.k.p.r.p.TestFile    Now processing file /home/runner/work/key/key/key.core/../key.ui/examples/standard_key/prop_log/allClausesLength4.key 
139506     INFO  main            d.u.i.k.p.i.AbstractProblemLoader Loading environment from /home/runner/work/key/key/key.core/../key.ui/examples/standard_key/prop_log/allClausesLength4.key 
139506     DEBUG main            d.u.i.k.p.i.AbstractProblemLoader Environment load took 85.3ns 
139507     INFO  main            d.u.i.k.p.i.AbstractProblemLoader Creating init config 
141802     DEBUG main            d.u.i.k.p.i.AbstractProblemLoader Init config took 2.3s 
141816     INFO  main            d.u.i.k.p.i.AbstractProblemLoader Replaying proof allClausesLength4.key 
141817     DEBUG main            d.u.i.k.p.i.IntermediateProofReplayer Proof replay took 9ns 
141919     INFO  main            d.u.i.k.p.r.p.TestFile    ... finished proof: closed. 
142176     INFO  main            d.u.i.k.p.i.AbstractProblemLoader Loading environment from /home/runner/work/key/key/key.core/../key.ui/examples/standard_key/prop_log/allClausesLength4.key.proof 
142176     DEBUG main            d.u.i.k.p.i.AbstractProblemLoader Environment load took 128.7ns 
142177     INFO  main            d.u.i.k.p.i.AbstractProblemLoader Creating init config 
144404     DEBUG main            d.u.i.k.p.i.AbstractProblemLoader Init config took 2.23s 
144418     INFO  main            d.u.i.k.p.i.AbstractProblemLoader Replaying proof allClausesLength4.key.proof 
144429     DEBUG main            d.u.i.k.p.i.IntermediateProofReplayer Proof replay took 8.64ms 
144430     DEBUG main            d.u.i.k.p.r.p.TestFile    ... success: reloaded. 
144431     INFO  main            d.u.i.k.p.r.p.TestFile    Now processing file /home/runner/work/key/key/key.core/../key.ui/examples/standard_key/prop_log/allClausesLength5.key 
144431     INFO  main            d.u.i.k.p.i.AbstractProblemLoader Loading environment from /home/runner/work/key/key/key.core/../key.ui/examples/standard_key/prop_log/allClausesLength5.key 
144431     DEBUG main            d.u.i.k.p.i.AbstractProblemLoader Environment load took 71.9ns 
144433     INFO  main            d.u.i.k.p.i.AbstractProblemLoader Creating init config 
146705     DEBUG main            d.u.i.k.p.i.AbstractProblemLoader Init config took 2.27s 
146719     INFO  main            d.u.i.k.p.i.AbstractProblemLoader Replaying proof allClausesLength5.key 
146721     DEBUG main            d.u.i.k.p.i.IntermediateProofReplayer Proof replay took 7.6ns 
146930     INFO  main            d.u.i.k.p.r.p.TestFile    ... finished proof: closed. 
147193     INFO  main            d.u.i.k.p.i.AbstractProblemLoader Loading environment from /home/runner/work/key/key/key.core/../key.ui/examples/standard_key/prop_log/allClausesLength5.key.proof 
147194     DEBUG main            d.u.i.k.p.i.AbstractProblemLoader Environment load took 1.41ms 
147196     INFO  main            d.u.i.k.p.i.AbstractProblemLoader Creating init config 
149421     DEBUG main            d.u.i.k.p.i.AbstractProblemLoader Init config took 2.22s 
149435     INFO  main            d.u.i.k.p.i.AbstractProblemLoader Replaying proof allClausesLength5.key.proof 
149464     DEBUG main            d.u.i.k.p.i.IntermediateProofReplayer Proof replay took 24.26ms 
149465     DEBUG main            d.u.i.k.p.r.p.TestFile    ... success: reloaded. 
149467     INFO  main            d.u.i.k.p.r.p.TestFile    Now processing file /home/runner/work/key/key/key.core/../key.ui/examples/standard_key/prop_log/doubleNeg.key 
149467     INFO  main            d.u.i.k.p.i.AbstractProblemLoader Loading environment from /home/runner/work/key/key/key.core/../key.ui/examples/standard_key/prop_log/doubleNeg.key 
149467     DEBUG main            d.u.i.k.p.i.AbstractProblemLoader Environment load took 99.2ns 
149468     INFO  main            d.u.i.k.p.i.AbstractProblemLoader Creating init config 
151766     DEBUG main            d.u.i.k.p.i.AbstractProblemLoader Init config took 2.3s 
151779     INFO  main            d.u.i.k.p.i.AbstractProblemLoader Replaying proof doubleNeg.key 
151780     DEBUG main            d.u.i.k.p.i.IntermediateProofReplayer Proof replay took 7.3ns 
151884     INFO  main            d.u.i.k.p.r.p.TestFile    ... finished proof: closed. 
152149     INFO  main            d.u.i.k.p.i.AbstractProblemLoader Loading environment from /home/runner/work/key/key/key.core/../key.ui/examples/standard_key/prop_log/doubleNeg.key.proof 
152150     DEBUG main            d.u.i.k.p.i.AbstractProblemLoader Environment load took 102.9ns 
152150     INFO  main            d.u.i.k.p.i.AbstractProblemLoader Creating init config 
154362     DEBUG main            d.u.i.k.p.i.AbstractProblemLoader Init config took 2.21s 
154375     INFO  main            d.u.i.k.p.i.AbstractProblemLoader Replaying proof doubleNeg.key.proof 
154377     DEBUG main            d.u.i.k.p.i.IntermediateProofReplayer Proof replay took 360.8ns 
154378     DEBUG main            d.u.i.k.p.r.p.TestFile    ... success: reloaded. 
154378     INFO  main            d.u.i.k.p.r.p.TestFile    Now processing file /home/runner/work/key/key/key.core/../key.ui/examples/standard_key/prop_log/liarsville.key 
154379     INFO  main            d.u.i.k.p.i.AbstractProblemLoader Loading environment from /home/runner/work/key/key/key.core/../key.ui/examples/standard_key/prop_log/liarsville.key 
154379     DEBUG main            d.u.i.k.p.i.AbstractProblemLoader Environment load took 161.7ns 
154380     INFO  main            d.u.i.k.p.i.AbstractProblemLoader Creating init config 
156629     DEBUG main            d.u.i.k.p.i.AbstractProblemLoader Init config took 2.25s 
156643     INFO  main            d.u.i.k.p.i.AbstractProblemLoader Replaying proof liarsville.key 
156645     DEBUG main            d.u.i.k.p.i.IntermediateProofReplayer Proof replay took 7.3ns 
156747     INFO  main            d.u.i.k.p.r.p.TestFile    ... finished proof: closed. 
157012     INFO  main            d.u.i.k.p.i.AbstractProblemLoader Loading environment from /home/runner/work/key/key/key.core/../key.ui/examples/standard_key/prop_log/liarsville.key.proof 
157012     DEBUG main            d.u.i.k.p.i.AbstractProblemLoader Environment load took 106.4ns 
157013     INFO  main            d.u.i.k.p.i.AbstractProblemLoader Creating init config 
159227     DEBUG main            d.u.i.k.p.i.AbstractProblemLoader Init config took 2.21s 
159240     INFO  main            d.u.i.k.p.i.AbstractProblemLoader Replaying proof liarsville.key.proof 
159242     DEBUG main            d.u.i.k.p.i.IntermediateProofReplayer Proof replay took 975.61ns 
159243     DEBUG main            d.u.i.k.p.r.p.TestFile    ... success: reloaded. 
159243     INFO  main            d.u.i.k.p.r.p.TestFile    Now processing file /home/runner/work/key/key/key.core/../key.ui/examples/standard_key/prop_log/simplest.key 
159243     INFO  main            d.u.i.k.p.i.AbstractProblemLoader Loading environment from /home/runner/work/key/key/key.core/../key.ui/examples/standard_key/prop_log/simplest.key 
159243     DEBUG main            d.u.i.k.p.i.AbstractProblemLoader Environment load took 76.4ns 
159244     INFO  main            d.u.i.k.p.i.AbstractProblemLoader Creating init config 
161496     DEBUG main            d.u.i.k.p.i.AbstractProblemLoader Init config took 2.25s 
161509     INFO  main            d.u.i.k.p.i.AbstractProblemLoader Replaying proof simplest.key 
161510     DEBUG main            d.u.i.k.p.i.IntermediateProofReplayer Proof replay took 8.4ns 
161612     INFO  main            d.u.i.k.p.r.p.TestFile    ... finished proof: closed. 
161888     INFO  main            d.u.i.k.p.i.AbstractProblemLoader Loading environment from /home/runner/work/key/key/key.core/../key.ui/examples/standard_key/prop_log/simplest.key.proof 
161888     DEBUG main            d.u.i.k.p.i.AbstractProblemLoader Environment load took 95.2ns 
161889     INFO  main            d.u.i.k.p.i.AbstractProblemLoader Creating init config 
164092     DEBUG main            d.u.i.k.p.i.AbstractProblemLoader Init config took 2.2s 
164104     INFO  main            d.u.i.k.p.i.AbstractProblemLoader Replaying proof simplest.key.proof 
164106     DEBUG main            d.u.i.k.p.i.IntermediateProofReplayer Proof replay took 85.3ns 
164106     DEBUG main            d.u.i.k.p.r.p.TestFile    ... success: reloaded. 
164107     INFO  main            d.u.i.k.p.r.p.TestFile    Now processing file /home/runner/work/key/key/key.core/../key.ui/examples/standard_key/prop_log/contraposition.key 
164107     INFO  main            d.u.i.k.p.i.AbstractProblemLoader Loading environment from /home/runner/work/key/key/key.core/../key.ui/examples/standard_key/prop_log/contraposition.key 
164107     DEBUG main            d.u.i.k.p.i.AbstractProblemLoader Environment load took 49.8ns 
164108     INFO  main            d.u.i.k.p.i.AbstractProblemLoader Creating init config 
166357     DEBUG main            d.u.i.k.p.i.AbstractProblemLoader Init config took 2.25s 
166370     INFO  main            d.u.i.k.p.i.AbstractProblemLoader Replaying proof contraposition.key 
166371     DEBUG main            d.u.i.k.p.i.IntermediateProofReplayer Proof replay took 6.7ns 
166472     INFO  main            d.u.i.k.p.r.p.TestFile    ... finished proof: closed. 
166746     INFO  main            d.u.i.k.p.i.AbstractProblemLoader Loading environment from /home/runner/work/key/key/key.core/../key.ui/examples/standard_key/prop_log/contraposition.key.proof 
166746     DEBUG main            d.u.i.k.p.i.AbstractProblemLoader Environment load took 100.9ns 
166747     INFO  main            d.u.i.k.p.i.AbstractProblemLoader Creating init config 
168948     DEBUG main            d.u.i.k.p.i.AbstractProblemLoader Init config took 2.2s 
168961     INFO  main            d.u.i.k.p.i.AbstractProblemLoader Replaying proof contraposition.key.proof 
168962     DEBUG main            d.u.i.k.p.i.IntermediateProofReplayer Proof replay took 418.1ns 
168963     DEBUG main            d.u.i.k.p.r.p.TestFile    ... success: reloaded. 
168964     INFO  main            d.u.i.k.p.r.p.TestFile    Now processing file /home/runner/work/key/key/key.core/../key.ui/examples/standard_key/quantifiers/elimination0.key 
168964     INFO  main            d.u.i.k.p.i.AbstractProblemLoader Loading environment from /home/runner/work/key/key/key.core/../key.ui/examples/standard_key/quantifiers/elimination0.key 
168964     DEBUG main            d.u.i.k.p.i.AbstractProblemLoader Environment load took 66.5ns 
168965     INFO  main            d.u.i.k.p.i.AbstractProblemLoader Creating init config 
171201     DEBUG main            d.u.i.k.p.i.AbstractProblemLoader Init config took 2.24s 
171214     INFO  main            d.u.i.k.p.i.AbstractProblemLoader Replaying proof elimination0.key 
171215     DEBUG main            d.u.i.k.p.i.IntermediateProofReplayer Proof replay took 7.1ns 
171317     INFO  main            d.u.i.k.p.r.p.TestFile    ... finished proof: closed. 
171597     INFO  main            d.u.i.k.p.i.AbstractProblemLoader Loading environment from /home/runner/work/key/key/key.core/../key.ui/examples/standard_key/quantifiers/elimination0.key.proof 
171598     DEBUG main            d.u.i.k.p.i.AbstractProblemLoader Environment load took 114.3ns 
171599     INFO  main            d.u.i.k.p.i.AbstractProblemLoader Creating init config 
173801     DEBUG main            d.u.i.k.p.i.AbstractProblemLoader Init config took 2.2s 
173814     INFO  main            d.u.i.k.p.i.AbstractProblemLoader Replaying proof elimination0.key.proof 
173816     DEBUG main            d.u.i.k.p.i.IntermediateProofReplayer Proof replay took 1.1ms 
173817     DEBUG main            d.u.i.k.p.r.p.TestFile    ... success: reloaded. 
173818     INFO  main            d.u.i.k.p.r.p.TestFile    Now processing file /home/runner/work/key/key/key.core/../key.ui/examples/standard_key/quantifiers/heuristic_PUZ001p1-eq.key 
173818     INFO  main            d.u.i.k.p.i.AbstractProblemLoader Loading environment from /home/runner/work/key/key/key.core/../key.ui/examples/standard_key/quantifiers/heuristic_PUZ001p1-eq.key 
173818     DEBUG main            d.u.i.k.p.i.AbstractProblemLoader Environment load took 83.1ns 
173819     INFO  main            d.u.i.k.p.i.AbstractProblemLoader Creating init config 
176080     DEBUG main            d.u.i.k.p.i.AbstractProblemLoader Init config took 2.26s 
176094     INFO  main            d.u.i.k.p.i.AbstractProblemLoader Replaying proof heuristic_PUZ001p1-eq.key 
176096     DEBUG main            d.u.i.k.p.i.IntermediateProofReplayer Proof replay took 6.4ns 
176204     INFO  main            d.u.i.k.p.r.p.TestFile    ... finished proof: closed. 
176492     INFO  main            d.u.i.k.p.i.AbstractProblemLoader Loading environment from /home/runner/work/key/key/key.core/../key.ui/examples/standard_key/quantifiers/heuristic_PUZ001p1-eq.key.proof 
176492     DEBUG main            d.u.i.k.p.i.AbstractProblemLoader Environment load took 104.8ns 
176493     INFO  main            d.u.i.k.p.i.AbstractProblemLoader Creating init config 
178719     DEBUG main            d.u.i.k.p.i.AbstractProblemLoader Init config took 2.23s 
178732     INFO  main            d.u.i.k.p.i.AbstractProblemLoader Replaying proof heuristic_PUZ001p1-eq.key.proof 
178741     DEBUG main            d.u.i.k.p.i.IntermediateProofReplayer Proof replay took 6.29ms 
178742     DEBUG main            d.u.i.k.p.r.p.TestFile    ... success: reloaded. 
178742     INFO  main            d.u.i.k.p.r.p.TestFile    Now processing file /home/runner/work/key/key/key.core/../key.ui/examples/standard_key/quantifiers/heuristic_PUZ001p1.key 
178743     INFO  main            d.u.i.k.p.i.AbstractProblemLoader Loading environment from /home/runner/work/key/key/key.core/../key.ui/examples/standard_key/quantifiers/heuristic_PUZ001p1.key 
178743     DEBUG main            d.u.i.k.p.i.AbstractProblemLoader Environment load took 100.9ns 
178744     INFO  main            d.u.i.k.p.i.AbstractProblemLoader Creating init config 
181015     DEBUG main            d.u.i.k.p.i.AbstractProblemLoader Init config took 2.27s 
181029     INFO  main            d.u.i.k.p.i.AbstractProblemLoader Replaying proof heuristic_PUZ001p1.key 
181031     DEBUG main            d.u.i.k.p.i.IntermediateProofReplayer Proof replay took 7.8ns 
182441     INFO  main            d.u.i.k.p.r.p.TestFile    ... finished proof: closed. 
182756     INFO  main            d.u.i.k.p.i.AbstractProblemLoader Loading environment from /home/runner/work/key/key/key.core/../key.ui/examples/standard_key/quantifiers/heuristic_PUZ001p1.key.proof 
182756     DEBUG main            d.u.i.k.p.i.AbstractProblemLoader Environment load took 359.5ns 
182758     INFO  main            d.u.i.k.p.i.AbstractProblemLoader Creating init config 
184964     DEBUG main            d.u.i.k.p.i.AbstractProblemLoader Init config took 2.21s 
184978     INFO  main            d.u.i.k.p.i.AbstractProblemLoader Replaying proof heuristic_PUZ001p1.key.proof 
185008     DEBUG main            d.u.i.k.p.i.IntermediateProofReplayer Proof replay took 26.24ms 
185010     DEBUG main            d.u.i.k.p.r.p.TestFile    ... success: reloaded. 
185011     INFO  main            d.u.i.k.p.r.p.TestFile    Now processing file /home/runner/work/key/key/key.core/../key.ui/examples/standard_key/quantifiers/heuristic_PUZ031p1.key 
185011     INFO  main            d.u.i.k.p.i.AbstractProblemLoader Loading environment from /home/runner/work/key/key/key.core/../key.ui/examples/standard_key/quantifiers/heuristic_PUZ031p1.key 
185011     DEBUG main            d.u.i.k.p.i.AbstractProblemLoader Environment load took 84.3ns 
185012     INFO  main            d.u.i.k.p.i.AbstractProblemLoader Creating init config 
187316     DEBUG main            d.u.i.k.p.i.AbstractProblemLoader Init config took 2.3s 
187331     INFO  main            d.u.i.k.p.i.AbstractProblemLoader Replaying proof heuristic_PUZ031p1.key 
187332     DEBUG main            d.u.i.k.p.i.IntermediateProofReplayer Proof replay took 7.1ns 
191741     INFO  main            d.u.i.k.p.r.p.TestFile    ... finished proof: closed. 
192075     INFO  main            d.u.i.k.p.i.AbstractProblemLoader Loading environment from /home/runner/work/key/key/key.core/../key.ui/examples/standard_key/quantifiers/heuristic_PUZ031p1.key.proof 
192077     DEBUG main            d.u.i.k.p.i.AbstractProblemLoader Environment load took 2.19ms 
192079     INFO  main            d.u.i.k.p.i.AbstractProblemLoader Creating init config 
194285     DEBUG main            d.u.i.k.p.i.AbstractProblemLoader Init config took 2.21s 
194299     INFO  main            d.u.i.k.p.i.AbstractProblemLoader Replaying proof heuristic_PUZ031p1.key.proof 
194331     DEBUG main            d.u.i.k.p.i.IntermediateProofReplayer Proof replay took 28.34ms 
194333     DEBUG main            d.u.i.k.p.r.p.TestFile    ... success: reloaded. 
194334     INFO  main            d.u.i.k.p.r.p.TestFile    Now processing file /home/runner/work/key/key/key.core/../key.ui/examples/standard_key/quantifiers/heuristic_SYN036p2.key 
194334     INFO  main            d.u.i.k.p.i.AbstractProblemLoader Loading environment from /home/runner/work/key/key/key.core/../key.ui/examples/standard_key/quantifiers/heuristic_SYN036p2.key 
194334     DEBUG main            d.u.i.k.p.i.AbstractProblemLoader Environment load took 88.8ns 
194335     INFO  main            d.u.i.k.p.i.AbstractProblemLoader Creating init config 
196590     DEBUG main            d.u.i.k.p.i.AbstractProblemLoader Init config took 2.25s 
196603     INFO  main            d.u.i.k.p.i.AbstractProblemLoader Replaying proof heuristic_SYN036p2.key 
196604     DEBUG main            d.u.i.k.p.i.IntermediateProofReplayer Proof replay took 7.2ns 
196809     INFO  main            d.u.i.k.p.r.p.TestFile    ... finished proof: closed. 
197150     INFO  main            d.u.i.k.p.i.AbstractProblemLoader Loading environment from /home/runner/work/key/key/key.core/../key.ui/examples/standard_key/quantifiers/heuristic_SYN036p2.key.proof 
197151     DEBUG main            d.u.i.k.p.i.AbstractProblemLoader Environment load took 491.2ns 
197152     INFO  main            d.u.i.k.p.i.AbstractProblemLoader Creating init config 
199342     DEBUG main            d.u.i.k.p.i.AbstractProblemLoader Init config took 2.19s 
199355     INFO  main            d.u.i.k.p.i.AbstractProblemLoader Replaying proof heuristic_SYN036p2.key.proof 
199399     DEBUG main            d.u.i.k.p.i.IntermediateProofReplayer Proof replay took 37.52ms 
199400     DEBUG main            d.u.i.k.p.r.p.TestFile    ... success: reloaded. 
199401     INFO  main            d.u.i.k.p.r.p.TestFile    Now processing file /home/runner/work/key/key/key.core/../key.ui/examples/standard_key/quantifiers/injectivity.key 
199401     INFO  main            d.u.i.k.p.i.AbstractProblemLoader Loading environment from /home/runner/work/key/key/key.core/../key.ui/examples/standard_key/quantifiers/injectivity.key 
199401     DEBUG main            d.u.i.k.p.i.AbstractProblemLoader Environment load took 82.9ns 
199402     INFO  main            d.u.i.k.p.i.AbstractProblemLoader Creating init config 
201634     DEBUG main            d.u.i.k.p.i.AbstractProblemLoader Init config took 2.23s 
201647     INFO  main            d.u.i.k.p.i.AbstractProblemLoader Replaying proof injectivity.key 
201648     DEBUG main            d.u.i.k.p.i.IntermediateProofReplayer Proof replay took 6.9ns 
201750     INFO  main            d.u.i.k.p.r.p.TestFile    ... finished proof: closed. 
202068     INFO  main            d.u.i.k.p.i.AbstractProblemLoader Loading environment from /home/runner/work/key/key/key.core/../key.ui/examples/standard_key/quantifiers/injectivity.key.proof 
202068     DEBUG main            d.u.i.k.p.i.AbstractProblemLoader Environment load took 92.6ns 
202069     INFO  main            d.u.i.k.p.i.AbstractProblemLoader Creating init config 
204260     DEBUG main            d.u.i.k.p.i.AbstractProblemLoader Init config took 2.19s 
204273     INFO  main            d.u.i.k.p.i.AbstractProblemLoader Replaying proof injectivity.key.proof 
204275     DEBUG main            d.u.i.k.p.i.IntermediateProofReplayer Proof replay took 1.09ms 
204276     DEBUG main            d.u.i.k.p.r.p.TestFile    ... success: reloaded. 
204277     INFO  main            d.u.i.k.p.r.p.TestFile    Now processing file /home/runner/work/key/key/key.core/../key.ui/examples/standard_key/quantifiers/normalisation0.key 
204277     INFO  main            d.u.i.k.p.i.AbstractProblemLoader Loading environment from /home/runner/work/key/key/key.core/../key.ui/examples/standard_key/quantifiers/normalisation0.key 
204277     DEBUG main            d.u.i.k.p.i.AbstractProblemLoader Environment load took 49.3ns 
204278     INFO  main            d.u.i.k.p.i.AbstractProblemLoader Creating init config 
206510     DEBUG main            d.u.i.k.p.i.AbstractProblemLoader Init config took 2.23s 
206523     INFO  main            d.u.i.k.p.i.AbstractProblemLoader Replaying proof normalisation0.key 
206524     DEBUG main            d.u.i.k.p.i.IntermediateProofReplayer Proof replay took 6.8ns 
206631     INFO  main            d.u.i.k.p.r.p.TestFile    ... finished proof: closed. 
206945     INFO  main            d.u.i.k.p.i.AbstractProblemLoader Loading environment from /home/runner/work/key/key/key.core/../key.ui/examples/standard_key/quantifiers/normalisation0.key.proof 
206946     DEBUG main            d.u.i.k.p.i.AbstractProblemLoader Environment load took 88.2ns 
206947     INFO  main            d.u.i.k.p.i.AbstractProblemLoader Creating init config 
209124     DEBUG main            d.u.i.k.p.i.AbstractProblemLoader Init config took 2.18s 
209138     INFO  main            d.u.i.k.p.i.AbstractProblemLoader Replaying proof normalisation0.key.proof 
209140     DEBUG main            d.u.i.k.p.i.IntermediateProofReplayer Proof replay took 1.05ms 
209141     DEBUG main            d.u.i.k.p.r.p.TestFile    ... success: reloaded. 
209142     INFO  main            d.u.i.k.p.r.p.TestFile    Now processing file /home/runner/work/key/key/key.core/../key.ui/examples/standard_key/quantifiers/normalisation1.key 
209142     INFO  main            d.u.i.k.p.i.AbstractProblemLoader Loading environment from /home/runner/work/key/key/key.core/../key.ui/examples/standard_key/quantifiers/normalisation1.key 
209142     DEBUG main            d.u.i.k.p.i.AbstractProblemLoader Environment load took 79.4ns 
209143     INFO  main            d.u.i.k.p.i.AbstractProblemLoader Creating init config 
211369     DEBUG main            d.u.i.k.p.i.AbstractProblemLoader Init config took 2.23s 
211385     INFO  main            d.u.i.k.p.i.AbstractProblemLoader Replaying proof normalisation1.key 
211386     DEBUG main            d.u.i.k.p.i.IntermediateProofReplayer Proof replay took 7.2ns 
211491     INFO  main            d.u.i.k.p.r.p.TestFile    ... finished proof: closed. 
211821     INFO  main            d.u.i.k.p.i.AbstractProblemLoader Loading environment from /home/runner/work/key/key/key.core/../key.ui/examples/standard_key/quantifiers/normalisation1.key.proof 
211822     DEBUG main            d.u.i.k.p.i.AbstractProblemLoader Environment load took 92ns 
211823     INFO  main            d.u.i.k.p.i.AbstractProblemLoader Creating init config 
214018     DEBUG main            d.u.i.k.p.i.AbstractProblemLoader Init config took 2.19s 
214042     INFO  main            d.u.i.k.p.i.AbstractProblemLoader Replaying proof normalisation1.key.proof 
214044     DEBUG main            d.u.i.k.p.i.IntermediateProofReplayer Proof replay took 850.21ns 
214045     DEBUG main            d.u.i.k.p.r.p.TestFile    ... success: reloaded. 
214046     INFO  main            d.u.i.k.p.r.p.TestFile    Now processing file /home/runner/work/key/key/key.core/../key.ui/examples/standard_key/quantifiers/normalisation2.key 
214046     INFO  main            d.u.i.k.p.i.AbstractProblemLoader Loading environment from /home/runner/work/key/key/key.core/../key.ui/examples/standard_key/quantifiers/normalisation2.key 
214046     DEBUG main            d.u.i.k.p.i.AbstractProblemLoader Environment load took 58.3ns 
214047     INFO  main            d.u.i.k.p.i.AbstractProblemLoader Creating init config 
216277     DEBUG main            d.u.i.k.p.i.AbstractProblemLoader Init config took 2.23s 
216290     INFO  main            d.u.i.k.p.i.AbstractProblemLoader Replaying proof normalisation2.key 
216291     DEBUG main            d.u.i.k.p.i.IntermediateProofReplayer Proof replay took 7.4ns 
216393     INFO  main            d.u.i.k.p.r.p.TestFile    ... finished proof: closed. 
216713     INFO  main            d.u.i.k.p.i.AbstractProblemLoader Loading environment from /home/runner/work/key/key/key.core/../key.ui/examples/standard_key/quantifiers/normalisation2.key.proof 
216713     DEBUG main            d.u.i.k.p.i.AbstractProblemLoader Environment load took 88.2ns 
216714     INFO  main            d.u.i.k.p.i.AbstractProblemLoader Creating init config 
218913     DEBUG main            d.u.i.k.p.i.AbstractProblemLoader Init config took 2.2s 
218928     INFO  main            d.u.i.k.p.i.AbstractProblemLoader Replaying proof normalisation2.key.proof 
218940     DEBUG main            d.u.i.k.p.i.IntermediateProofReplayer Proof replay took 10.86ms 
218941     DEBUG main            d.u.i.k.p.r.p.TestFile    ... success: reloaded. 
218941     INFO  main            d.u.i.k.p.r.p.TestFile    Now processing file /home/runner/work/key/key/key.core/../key.ui/examples/standard_key/quantifiers/normalisation3.key 
218941     INFO  main            d.u.i.k.p.i.AbstractProblemLoader Loading environment from /home/runner/work/key/key/key.core/../key.ui/examples/standard_key/quantifiers/normalisation3.key 
218941     DEBUG main            d.u.i.k.p.i.AbstractProblemLoader Environment load took 67.9ns 
218942     INFO  main            d.u.i.k.p.i.AbstractProblemLoader Creating init config 
221177     DEBUG main            d.u.i.k.p.i.AbstractProblemLoader Init config took 2.23s 
221191     INFO  main            d.u.i.k.p.i.AbstractProblemLoader Replaying proof normalisation3.key 
221192     DEBUG main            d.u.i.k.p.i.IntermediateProofReplayer Proof replay took 8.1ns 
221296     INFO  main            d.u.i.k.p.r.p.TestFile    ... finished proof: closed. 
221639     INFO  main            d.u.i.k.p.i.AbstractProblemLoader Loading environment from /home/runner/work/key/key/key.core/../key.ui/examples/standard_key/quantifiers/normalisation3.key.proof 
221639     DEBUG main            d.u.i.k.p.i.AbstractProblemLoader Environment load took 88.2ns 
221640     INFO  main            d.u.i.k.p.i.AbstractProblemLoader Creating init config 
223837     DEBUG main            d.u.i.k.p.i.AbstractProblemLoader Init config took 2.2s 
223850     INFO  main            d.u.i.k.p.i.AbstractProblemLoader Replaying proof normalisation3.key.proof 
223853     DEBUG main            d.u.i.k.p.i.IntermediateProofReplayer Proof replay took 1.22ms 
223854     DEBUG main            d.u.i.k.p.r.p.TestFile    ... success: reloaded. 
223854     INFO  main            d.u.i.k.p.r.p.TestFile    Now processing file /home/runner/work/key/key/key.core/../key.ui/examples/standard_key/quantifiers/normalisation4.key 
223854     INFO  main            d.u.i.k.p.i.AbstractProblemLoader Loading environment from /home/runner/work/key/key/key.core/../key.ui/examples/standard_key/quantifiers/normalisation4.key 
223855     DEBUG main            d.u.i.k.p.i.AbstractProblemLoader Environment load took 109.1ns 
223856     INFO  main            d.u.i.k.p.i.AbstractProblemLoader Creating init config 
226096     DEBUG main            d.u.i.k.p.i.AbstractProblemLoader Init config took 2.24s 
226108     INFO  main            d.u.i.k.p.i.AbstractProblemLoader Replaying proof normalisation4.key 
226110     DEBUG main            d.u.i.k.p.i.IntermediateProofReplayer Proof replay took 8.2ns 
226211     INFO  main            d.u.i.k.p.r.p.TestFile    ... finished proof: closed. 
226548     INFO  main            d.u.i.k.p.i.AbstractProblemLoader Loading environment from /home/runner/work/key/key/key.core/../key.ui/examples/standard_key/quantifiers/normalisation4.key.proof 
226548     DEBUG main            d.u.i.k.p.i.AbstractProblemLoader Environment load took 103.4ns 
226549     INFO  main            d.u.i.k.p.i.AbstractProblemLoader Creating init config 
228751     DEBUG main            d.u.i.k.p.i.AbstractProblemLoader Init config took 2.2s 
228765     INFO  main            d.u.i.k.p.i.AbstractProblemLoader Replaying proof normalisation4.key.proof 
228770     DEBUG main            d.u.i.k.p.i.IntermediateProofReplayer Proof replay took 2.58ms 
228771     DEBUG main            d.u.i.k.p.r.p.TestFile    ... success: reloaded. 
228772     INFO  main            d.u.i.k.p.r.p.TestFile    Now processing file /home/runner/work/key/key/key.core/../key.ui/examples/standard_key/quantifiers/normalisation5.key 
228772     INFO  main            d.u.i.k.p.i.AbstractProblemLoader Loading environment from /home/runner/work/key/key/key.core/../key.ui/examples/standard_key/quantifiers/normalisation5.key 
228772     DEBUG main            d.u.i.k.p.i.AbstractProblemLoader Environment load took 181ns 
228774     INFO  main            d.u.i.k.p.i.AbstractProblemLoader Creating init config 
231005     DEBUG main            d.u.i.k.p.i.AbstractProblemLoader Init config took 2.23s 
231018     INFO  main            d.u.i.k.p.i.AbstractProblemLoader Replaying proof normalisation5.key 
231019     DEBUG main            d.u.i.k.p.i.IntermediateProofReplayer Proof replay took 8.4ns 
231122     INFO  main            d.u.i.k.p.r.p.TestFile    ... finished proof: closed. 
231468     INFO  main            d.u.i.k.p.i.AbstractProblemLoader Loading environment from /home/runner/work/key/key/key.core/../key.ui/examples/standard_key/quantifiers/normalisation5.key.proof 
231468     DEBUG main            d.u.i.k.p.i.AbstractProblemLoader Environment load took 99.9ns 
231469     INFO  main            d.u.i.k.p.i.AbstractProblemLoader Creating init config 
233689     DEBUG main            d.u.i.k.p.i.AbstractProblemLoader Init config took 2.22s 
233702     INFO  main            d.u.i.k.p.i.AbstractProblemLoader Replaying proof normalisation5.key.proof 
233705     DEBUG main            d.u.i.k.p.i.IntermediateProofReplayer Proof replay took 1.28ms 
233706     DEBUG main            d.u.i.k.p.r.p.TestFile    ... success: reloaded. 
233706     INFO  main            d.u.i.k.p.r.p.TestFile    Now processing file /home/runner/work/key/key/key.core/../key.ui/examples/standard_key/quantifiers/normalisation6.key 
233707     INFO  main            d.u.i.k.p.i.AbstractProblemLoader Loading environment from /home/runner/work/key/key/key.core/../key.ui/examples/standard_key/quantifiers/normalisation6.key 
233707     DEBUG main            d.u.i.k.p.i.AbstractProblemLoader Environment load took 99.5ns 
233708     INFO  main            d.u.i.k.p.i.AbstractProblemLoader Creating init config 
235941     DEBUG main            d.u.i.k.p.i.AbstractProblemLoader Init config took 2.23s 
235954     INFO  main            d.u.i.k.p.i.AbstractProblemLoader Replaying proof normalisation6.key 
235957     DEBUG main            d.u.i.k.p.i.IntermediateProofReplayer Proof replay took 7.9ns 
236058     INFO  main            d.u.i.k.p.r.p.TestFile    ... finished proof: closed. 
236404     INFO  main            d.u.i.k.p.i.AbstractProblemLoader Loading environment from /home/runner/work/key/key/key.core/../key.ui/examples/standard_key/quantifiers/normalisation6.key.proof 
236404     DEBUG main            d.u.i.k.p.i.AbstractProblemLoader Environment load took 87.5ns 
236405     INFO  main            d.u.i.k.p.i.AbstractProblemLoader Creating init config 
238609     DEBUG main            d.u.i.k.p.i.AbstractProblemLoader Init config took 2.2s 
238622     INFO  main            d.u.i.k.p.i.AbstractProblemLoader Replaying proof normalisation6.key.proof 
238624     DEBUG main            d.u.i.k.p.i.IntermediateProofReplayer Proof replay took 1.11ms 
238625     DEBUG main            d.u.i.k.p.r.p.TestFile    ... success: reloaded. 
238626     INFO  main            d.u.i.k.p.r.p.TestFile    Now processing file /home/runner/work/key/key/key.core/../key.ui/examples/standard_key/quantifiers/normalisation7.key 
238626     INFO  main            d.u.i.k.p.i.AbstractProblemLoader Loading environment from /home/runner/work/key/key/key.core/../key.ui/examples/standard_key/quantifiers/normalisation7.key 
238626     DEBUG main            d.u.i.k.p.i.AbstractProblemLoader Environment load took 76.1ns 
238627     INFO  main            d.u.i.k.p.i.AbstractProblemLoader Creating init config 
240873     DEBUG main            d.u.i.k.p.i.AbstractProblemLoader Init config took 2.25s 
240886     INFO  main            d.u.i.k.p.i.AbstractProblemLoader Replaying proof normalisation7.key 
240887     DEBUG main            d.u.i.k.p.i.IntermediateProofReplayer Proof replay took 6.9ns 
240993     INFO  main            d.u.i.k.p.r.p.TestFile    ... finished proof: closed. 
241349     INFO  main            d.u.i.k.p.i.AbstractProblemLoader Loading environment from /home/runner/work/key/key/key.core/../key.ui/examples/standard_key/quantifiers/normalisation7.key.proof 
241349     DEBUG main            d.u.i.k.p.i.AbstractProblemLoader Environment load took 103.7ns 
241350     INFO  main            d.u.i.k.p.i.AbstractProblemLoader Creating init config 
243547     DEBUG main            d.u.i.k.p.i.AbstractProblemLoader Init config took 2.2s 
243562     INFO  main            d.u.i.k.p.i.AbstractProblemLoader Replaying proof normalisation7.key.proof 
243564     DEBUG main            d.u.i.k.p.i.IntermediateProofReplayer Proof replay took 1.19ms 
243565     DEBUG main            d.u.i.k.p.r.p.TestFile    ... success: reloaded. 
243566     INFO  main            d.u.i.k.p.r.p.TestFile    Now processing file /home/runner/work/key/key/key.core/../key.ui/examples/standard_key/quantifiers/normalisation8.key 
243566     INFO  main            d.u.i.k.p.i.AbstractProblemLoader Loading environment from /home/runner/work/key/key/key.core/../key.ui/examples/standard_key/quantifiers/normalisation8.key 
243566     DEBUG main            d.u.i.k.p.i.AbstractProblemLoader Environment load took 45.1ns 
243567     INFO  main            d.u.i.k.p.i.AbstractProblemLoader Creating init config 
245797     DEBUG main            d.u.i.k.p.i.AbstractProblemLoader Init config took 2.23s 
245810     INFO  main            d.u.i.k.p.i.AbstractProblemLoader Replaying proof normalisation8.key 
245812     DEBUG main            d.u.i.k.p.i.IntermediateProofReplayer Proof replay took 7.7ns 
245913     INFO  main            d.u.i.k.p.r.p.TestFile    ... finished proof: closed. 
246264     INFO  main            d.u.i.k.p.i.AbstractProblemLoader Loading environment from /home/runner/work/key/key/key.core/../key.ui/examples/standard_key/quantifiers/normalisation8.key.proof 
246264     DEBUG main            d.u.i.k.p.i.AbstractProblemLoader Environment load took 84.4ns 
246265     INFO  main            d.u.i.k.p.i.AbstractProblemLoader Creating init config 
248459     DEBUG main            d.u.i.k.p.i.AbstractProblemLoader Init config took 2.19s 
248472     INFO  main            d.u.i.k.p.i.AbstractProblemLoader Replaying proof normalisation8.key.proof 
248476     DEBUG main            d.u.i.k.p.i.IntermediateProofReplayer Proof replay took 2.51ms 
248477     DEBUG main            d.u.i.k.p.r.p.TestFile    ... success: reloaded. 
248478     INFO  main            d.u.i.k.p.r.p.TestFile    Now processing file /home/runner/work/key/key/key.core/../key.ui/examples/standard_key/quantifiers/normalisation9.key 
248478     INFO  main            d.u.i.k.p.i.AbstractProblemLoader Loading environment from /home/runner/work/key/key/key.core/../key.ui/examples/standard_key/quantifiers/normalisation9.key 
248478     DEBUG main            d.u.i.k.p.i.AbstractProblemLoader Environment load took 59.9ns 
248479     INFO  main            d.u.i.k.p.i.AbstractProblemLoader Creating init config 
250706     DEBUG main            d.u.i.k.p.i.AbstractProblemLoader Init config took 2.23s 
250719     INFO  main            d.u.i.k.p.i.AbstractProblemLoader Replaying proof normalisation9.key 
250720     DEBUG main            d.u.i.k.p.i.IntermediateProofReplayer Proof replay took 7.7ns 
250822     INFO  main            d.u.i.k.p.r.p.TestFile    ... finished proof: closed. 
251180     INFO  main            d.u.i.k.p.i.AbstractProblemLoader Loading environment from /home/runner/work/key/key/key.core/../key.ui/examples/standard_key/quantifiers/normalisation9.key.proof 
251180     DEBUG main            d.u.i.k.p.i.AbstractProblemLoader Environment load took 89.8ns 
251181     INFO  main            d.u.i.k.p.i.AbstractProblemLoader Creating init config 
253373     DEBUG main            d.u.i.k.p.i.AbstractProblemLoader Init config took 2.19s 
253386     INFO  main            d.u.i.k.p.i.AbstractProblemLoader Replaying proof normalisation9.key.proof 
253390     DEBUG main            d.u.i.k.p.i.IntermediateProofReplayer Proof replay took 2.25ms 
253392     DEBUG main            d.u.i.k.p.r.p.TestFile    ... success: reloaded. 
253393     INFO  main            d.u.i.k.p.r.p.TestFile    Now processing file /home/runner/work/key/key/key.core/../key.ui/examples/standard_key/quantifiers/normalisation10.key 
253393     INFO  main            d.u.i.k.p.i.AbstractProblemLoader Loading environment from /home/runner/work/key/key/key.core/../key.ui/examples/standard_key/quantifiers/normalisation10.key 
253393     DEBUG main            d.u.i.k.p.i.AbstractProblemLoader Environment load took 67.5ns 
253394     INFO  main            d.u.i.k.p.i.AbstractProblemLoader Creating init config 
255639     DEBUG main            d.u.i.k.p.i.AbstractProblemLoader Init config took 2.24s 
255652     INFO  main            d.u.i.k.p.i.AbstractProblemLoader Replaying proof normalisation10.key 
255654     DEBUG main            d.u.i.k.p.i.IntermediateProofReplayer Proof replay took 8.1ns 
255756     INFO  main            d.u.i.k.p.r.p.TestFile    ... finished proof: closed. 
256125     INFO  main            d.u.i.k.p.i.AbstractProblemLoader Loading environment from /home/runner/work/key/key/key.core/../key.ui/examples/standard_key/quantifiers/normalisation10.key.proof 
256125     DEBUG main            d.u.i.k.p.i.AbstractProblemLoader Environment load took 91ns 
256126     INFO  main            d.u.i.k.p.i.AbstractProblemLoader Creating init config 
258327     DEBUG main            d.u.i.k.p.i.AbstractProblemLoader Init config took 2.2s 
258340     INFO  main            d.u.i.k.p.i.AbstractProblemLoader Replaying proof normalisation10.key.proof 
258344     DEBUG main            d.u.i.k.p.i.IntermediateProofReplayer Proof replay took 2.87ms 
258345     DEBUG main            d.u.i.k.p.r.p.TestFile    ... success: reloaded. 
258346     INFO  main            d.u.i.k.p.r.p.TestFile    Now processing file /home/runner/work/key/key/key.core/../key.ui/examples/standard_key/quantifiers/normalisation12.key 
258346     INFO  main            d.u.i.k.p.i.AbstractProblemLoader Loading environment from /home/runner/work/key/key/key.core/../key.ui/examples/standard_key/quantifiers/normalisation12.key 
258346     DEBUG main            d.u.i.k.p.i.AbstractProblemLoader Environment load took 45.6ns 
258347     INFO  main            d.u.i.k.p.i.AbstractProblemLoader Creating init config 
260593     DEBUG main            d.u.i.k.p.i.AbstractProblemLoader Init config took 2.25s 
260607     INFO  main            d.u.i.k.p.i.AbstractProblemLoader Replaying proof normalisation12.key 
260608     DEBUG main            d.u.i.k.p.i.IntermediateProofReplayer Proof replay took 7.3ns 
260710     INFO  main            d.u.i.k.p.r.p.TestFile    ... finished proof: closed. 
261081     INFO  main            d.u.i.k.p.i.AbstractProblemLoader Loading environment from /home/runner/work/key/key/key.core/../key.ui/examples/standard_key/quantifiers/normalisation12.key.proof 
261081     DEBUG main            d.u.i.k.p.i.AbstractProblemLoader Environment load took 80.1ns 
261082     INFO  main            d.u.i.k.p.i.AbstractProblemLoader Creating init config 
263277     DEBUG main            d.u.i.k.p.i.AbstractProblemLoader Init config took 2.19s 
263290     INFO  main            d.u.i.k.p.i.AbstractProblemLoader Replaying proof normalisation12.key.proof 
263292     DEBUG main            d.u.i.k.p.i.IntermediateProofReplayer Proof replay took 787.3ns 
263293     DEBUG main            d.u.i.k.p.r.p.TestFile    ... success: reloaded. 
263294     INFO  main            d.u.i.k.p.r.p.TestFile    Now processing file /home/runner/work/key/key/key.core/../key.ui/examples/standard_key/quantifiers/normalisation13.key 
263294     INFO  main            d.u.i.k.p.i.AbstractProblemLoader Loading environment from /home/runner/work/key/key/key.core/../key.ui/examples/standard_key/quantifiers/normalisation13.key 
263294     DEBUG main            d.u.i.k.p.i.AbstractProblemLoader Environment load took 57.2ns 
263295     INFO  main            d.u.i.k.p.i.AbstractProblemLoader Creating init config 
265533     DEBUG main            d.u.i.k.p.i.AbstractProblemLoader Init config took 2.24s 
265546     INFO  main            d.u.i.k.p.i.AbstractProblemLoader Replaying proof normalisation13.key 
265547     DEBUG main            d.u.i.k.p.i.IntermediateProofReplayer Proof replay took 7.5ns 
265649     INFO  main            d.u.i.k.p.r.p.TestFile    ... finished proof: closed. 
266030     INFO  main            d.u.i.k.p.i.AbstractProblemLoader Loading environment from /home/runner/work/key/key/key.core/../key.ui/examples/standard_key/quantifiers/normalisation13.key.proof 
266030     DEBUG main            d.u.i.k.p.i.AbstractProblemLoader Environment load took 87.3ns 
266031     INFO  main            d.u.i.k.p.i.AbstractProblemLoader Creating init config 
268237     DEBUG main            d.u.i.k.p.i.AbstractProblemLoader Init config took 2.21s 
268250     INFO  main            d.u.i.k.p.i.AbstractProblemLoader Replaying proof normalisation13.key.proof 
268251     DEBUG main            d.u.i.k.p.i.IntermediateProofReplayer Proof replay took 528.8ns 
268252     DEBUG main            d.u.i.k.p.r.p.TestFile    ... success: reloaded. 
268253     INFO  main            d.u.i.k.p.r.p.TestFile    Now processing file /home/runner/work/key/key/key.core/../key.ui/examples/standard_key/quantifiers/triggers0.key 
268253     INFO  main            d.u.i.k.p.i.AbstractProblemLoader Loading environment from /home/runner/work/key/key/key.core/../key.ui/examples/standard_key/quantifiers/triggers0.key 
268253     DEBUG main            d.u.i.k.p.i.AbstractProblemLoader Environment load took 44.6ns 
268254     INFO  main            d.u.i.k.p.i.AbstractProblemLoader Creating init config 
270500     DEBUG main            d.u.i.k.p.i.AbstractProblemLoader Init config took 2.25s 
270513     INFO  main            d.u.i.k.p.i.AbstractProblemLoader Replaying proof triggers0.key 
270514     DEBUG main            d.u.i.k.p.i.IntermediateProofReplayer Proof replay took 7.8ns 
270616     INFO  main            d.u.i.k.p.r.p.TestFile    ... finished proof: closed. 
271002     INFO  main            d.u.i.k.p.i.AbstractProblemLoader Loading environment from /home/runner/work/key/key/key.core/../key.ui/examples/standard_key/quantifiers/triggers0.key.proof 
271002     DEBUG main            d.u.i.k.p.i.AbstractProblemLoader Environment load took 88.3ns 
271003     INFO  main            d.u.i.k.p.i.AbstractProblemLoader Creating init config 
273212     DEBUG main            d.u.i.k.p.i.AbstractProblemLoader Init config took 2.21s 
273225     INFO  main            d.u.i.k.p.i.AbstractProblemLoader Replaying proof triggers0.key.proof 
273227     DEBUG main            d.u.i.k.p.i.IntermediateProofReplayer Proof replay took 894.11ns 
273228     DEBUG main            d.u.i.k.p.r.p.TestFile    ... success: reloaded. 
3807207    INFO  Test worker     d.u.i.k.p.r.RunAllProofsTestUnit Returning from test FOL 
3807208    INFO  Test worker     d.u.i.k.p.r.RunAllProofsTestUnit Running test strings 
335        INFO  Timeout watchdog d.u.i.k.p.r.p.ForkedTestFileRunner Timeout watcher launched (2000 secs.) 
346        WARN  main            d.u.i.k.s.ProofSettings   The settings in /home/runner/.key/proof-settings.props are *not* read. 
382        INFO  main            d.u.i.k.p.r.p.TestFile    Now processing file /home/runner/work/key/key/key.core/../key.ui/examples/standard_key/strings/charAt0.key 
495        INFO  main            d.u.i.k.p.i.AbstractProblemLoader Loading environment from /home/runner/work/key/key/key.core/../key.ui/examples/standard_key/strings/charAt0.key 
514        DEBUG main            d.u.i.k.p.i.AbstractProblemLoader Environment load took 4.98ms 
770        INFO  main            d.u.i.k.p.i.AbstractProblemLoader Creating init config 
1660       DEBUG main            d.u.i.k.j.TypeConverter   No LDT found for Meta 
1661       DEBUG main            d.u.i.k.j.TypeConverter   No LDT found for Meta 
1664       DEBUG main            d.u.i.k.j.TypeConverter   No LDT found for Meta 
1665       DEBUG main            d.u.i.k.j.TypeConverter   No LDT found for Meta 
3415       DEBUG main            d.u.i.k.j.TypeConverter   No LDT found for JavaBigintExpression 
7927       DEBUG main            d.u.i.k.p.i.AbstractProblemLoader Init config took 7.16s 
8008       INFO  main            d.u.i.k.p.i.AbstractProblemLoader Replaying proof charAt0.key 
8046       DEBUG main            d.u.i.k.p.i.IntermediateProofReplayer Proof replay took 34.3ns 
8535       INFO  main            d.u.i.k.p.r.p.TestFile    ... finished proof: closed. 
8635       INFO  main            d.u.i.k.p.i.AbstractProblemLoader Loading environment from /home/runner/work/key/key/key.core/../key.ui/examples/standard_key/strings/charAt0.key.proof 
8635       DEBUG main            d.u.i.k.p.i.AbstractProblemLoader Environment load took 150.6ns 
8639       INFO  main            d.u.i.k.p.i.AbstractProblemLoader Creating init config 
11282      DEBUG main            d.u.i.k.p.i.AbstractProblemLoader Init config took 2.64s 
11325      INFO  main            d.u.i.k.p.i.AbstractProblemLoader Replaying proof charAt0.key.proof 
11341      DEBUG main            d.u.i.k.p.i.IntermediateProofReplayer Proof replay took 11.91ms 
11352      DEBUG main            d.u.i.k.p.r.p.TestFile    ... success: reloaded. 
11353      INFO  main            d.u.i.k.p.r.p.TestFile    Now processing file /home/runner/work/key/key/key.core/../key.ui/examples/standard_key/strings/charAt1.key 
11354      INFO  main            d.u.i.k.p.i.AbstractProblemLoader Loading environment from /home/runner/work/key/key/key.core/../key.ui/examples/standard_key/strings/charAt1.key 
11354      DEBUG main            d.u.i.k.p.i.AbstractProblemLoader Environment load took 205.6ns 
11355      INFO  main            d.u.i.k.p.i.AbstractProblemLoader Creating init config 
13829      DEBUG main            d.u.i.k.p.i.AbstractProblemLoader Init config took 2.47s 
13865      INFO  main            d.u.i.k.p.i.AbstractProblemLoader Replaying proof charAt1.key 
13871      DEBUG main            d.u.i.k.p.i.IntermediateProofReplayer Proof replay took 6.9ns 
14075      INFO  main            d.u.i.k.p.r.p.TestFile    ... finished proof: closed. 
14209      INFO  main            d.u.i.k.p.i.AbstractProblemLoader Loading environment from /home/runner/work/key/key/key.core/../key.ui/examples/standard_key/strings/charAt1.key.proof 
14209      DEBUG main            d.u.i.k.p.i.AbstractProblemLoader Environment load took 364.4ns 
14211      INFO  main            d.u.i.k.p.i.AbstractProblemLoader Creating init config 
16653      DEBUG main            d.u.i.k.p.i.AbstractProblemLoader Init config took 2.44s 
16676      INFO  main            d.u.i.k.p.i.AbstractProblemLoader Replaying proof charAt1.key.proof 
16689      DEBUG main            d.u.i.k.p.i.IntermediateProofReplayer Proof replay took 10.59ms 
16691      DEBUG main            d.u.i.k.p.r.p.TestFile    ... success: reloaded. 
16692      INFO  main            d.u.i.k.p.r.p.TestFile    Now processing file /home/runner/work/key/key/key.core/../key.ui/examples/standard_key/strings/concat1.key 
16692      INFO  main            d.u.i.k.p.i.AbstractProblemLoader Loading environment from /home/runner/work/key/key/key.core/../key.ui/examples/standard_key/strings/concat1.key 
16692      DEBUG main            d.u.i.k.p.i.AbstractProblemLoader Environment load took 176.2ns 
16693      INFO  main            d.u.i.k.p.i.AbstractProblemLoader Creating init config 
19186      DEBUG main            d.u.i.k.p.i.AbstractProblemLoader Init config took 2.49s 
19206      INFO  main            d.u.i.k.p.i.AbstractProblemLoader Replaying proof concat1.key 
19207      DEBUG main            d.u.i.k.p.i.IntermediateProofReplayer Proof replay took 6.2ns 
19310      INFO  main            d.u.i.k.p.r.p.TestFile    ... finished proof: closed. 
19438      INFO  main            d.u.i.k.p.i.AbstractProblemLoader Loading environment from /home/runner/work/key/key/key.core/../key.ui/examples/standard_key/strings/concat1.key.proof 
19438      DEBUG main            d.u.i.k.p.i.AbstractProblemLoader Environment load took 131ns 
19439      INFO  main            d.u.i.k.p.i.AbstractProblemLoader Creating init config 
21855      DEBUG main            d.u.i.k.p.i.AbstractProblemLoader Init config took 2.42s 
21875      INFO  main            d.u.i.k.p.i.AbstractProblemLoader Replaying proof concat1.key.proof 
21878      DEBUG main            d.u.i.k.p.i.IntermediateProofReplayer Proof replay took 1.11ms 
21879      DEBUG main            d.u.i.k.p.r.p.TestFile    ... success: reloaded. 
21880      INFO  main            d.u.i.k.p.r.p.TestFile    Now processing file /home/runner/work/key/key/key.core/../key.ui/examples/standard_key/strings/concat2.key 
21880      INFO  main            d.u.i.k.p.i.AbstractProblemLoader Loading environment from /home/runner/work/key/key/key.core/../key.ui/examples/standard_key/strings/concat2.key 
21880      DEBUG main            d.u.i.k.p.i.AbstractProblemLoader Environment load took 95.3ns 
21882      INFO  main            d.u.i.k.p.i.AbstractProblemLoader Creating init config 
24263      DEBUG main            d.u.i.k.p.i.AbstractProblemLoader Init config took 2.38s 
24301      INFO  main            d.u.i.k.p.i.AbstractProblemLoader Replaying proof concat2.key 
24303      DEBUG main            d.u.i.k.p.i.IntermediateProofReplayer Proof replay took 7ns 
24406      INFO  main            d.u.i.k.p.r.p.TestFile    ... finished proof: closed. 
24538      INFO  main            d.u.i.k.p.i.AbstractProblemLoader Loading environment from /home/runner/work/key/key/key.core/../key.ui/examples/standard_key/strings/concat2.key.proof 
24539      DEBUG main            d.u.i.k.p.i.AbstractProblemLoader Environment load took 124.6ns 
24540      INFO  main            d.u.i.k.p.i.AbstractProblemLoader Creating init config 
26905      DEBUG main            d.u.i.k.p.i.AbstractProblemLoader Init config took 2.37s 
26926      INFO  main            d.u.i.k.p.i.AbstractProblemLoader Replaying proof concat2.key.proof 
26935      DEBUG main            d.u.i.k.p.i.IntermediateProofReplayer Proof replay took 6.4ms 
26935      DEBUG main            d.u.i.k.p.r.p.TestFile    ... success: reloaded. 
26936      INFO  main            d.u.i.k.p.r.p.TestFile    Now processing file /home/runner/work/key/key/key.core/../key.ui/examples/standard_key/strings/deriveLength1.key 
26936      INFO  main            d.u.i.k.p.i.AbstractProblemLoader Loading environment from /home/runner/work/key/key/key.core/../key.ui/examples/standard_key/strings/deriveLength1.key 
26937      DEBUG main            d.u.i.k.p.i.AbstractProblemLoader Environment load took 96.6ns 
26937      INFO  main            d.u.i.k.p.i.AbstractProblemLoader Creating init config 
29277      DEBUG main            d.u.i.k.p.i.AbstractProblemLoader Init config took 2.34s 
29296      INFO  main            d.u.i.k.p.i.AbstractProblemLoader Replaying proof deriveLength1.key 
29298      DEBUG main            d.u.i.k.p.i.IntermediateProofReplayer Proof replay took 6.8ns 
29403      INFO  main            d.u.i.k.p.r.p.TestFile    ... finished proof: closed. 
29548      INFO  main            d.u.i.k.p.i.AbstractProblemLoader Loading environment from /home/runner/work/key/key/key.core/../key.ui/examples/standard_key/strings/deriveLength1.key.proof 
29548      DEBUG main            d.u.i.k.p.i.AbstractProblemLoader Environment load took 129.1ns 
29552      INFO  main            d.u.i.k.p.i.AbstractProblemLoader Creating init config 
31884      DEBUG main            d.u.i.k.p.i.AbstractProblemLoader Init config took 2.33s 
31904      INFO  main            d.u.i.k.p.i.AbstractProblemLoader Replaying proof deriveLength1.key.proof 
31928      DEBUG main            d.u.i.k.p.i.IntermediateProofReplayer Proof replay took 19.22ms 
31930      DEBUG main            d.u.i.k.p.r.p.TestFile    ... success: reloaded. 
31931      INFO  main            d.u.i.k.p.r.p.TestFile    Now processing file /home/runner/work/key/key/key.core/../key.ui/examples/standard_key/strings/emptyStringLengthZero.key 
31932      INFO  main            d.u.i.k.p.i.AbstractProblemLoader Loading environment from /home/runner/work/key/key/key.core/../key.ui/examples/standard_key/strings/emptyStringLengthZero.key 
31932      DEBUG main            d.u.i.k.p.i.AbstractProblemLoader Environment load took 102.5ns 
31933      INFO  main            d.u.i.k.p.i.AbstractProblemLoader Creating init config 
34283      DEBUG main            d.u.i.k.p.i.AbstractProblemLoader Init config took 2.35s 
34300      INFO  main            d.u.i.k.p.i.AbstractProblemLoader Replaying proof emptyStringLengthZero.key 
34301      DEBUG main            d.u.i.k.p.i.IntermediateProofReplayer Proof replay took 6.6ns 
34404      INFO  main            d.u.i.k.p.r.p.TestFile    ... finished proof: closed. 
34551      INFO  main            d.u.i.k.p.i.AbstractProblemLoader Loading environment from /home/runner/work/key/key/key.core/../key.ui/examples/standard_key/strings/emptyStringLengthZero.key.proof 
34551      DEBUG main            d.u.i.k.p.i.AbstractProblemLoader Environment load took 124ns 
34552      INFO  main            d.u.i.k.p.i.AbstractProblemLoader Creating init config 
36949      DEBUG main            d.u.i.k.p.i.AbstractProblemLoader Init config took 2.4s 
36967      INFO  main            d.u.i.k.p.i.AbstractProblemLoader Replaying proof emptyStringLengthZero.key.proof 
36979      DEBUG main            d.u.i.k.p.i.IntermediateProofReplayer Proof replay took 9.39ms 
36980      DEBUG main            d.u.i.k.p.r.p.TestFile    ... success: reloaded. 
36981      INFO  main            d.u.i.k.p.r.p.TestFile    Now processing file /home/runner/work/key/key/key.core/../key.ui/examples/standard_key/strings/implicitBooleanStringConversion.key 
36981      INFO  main            d.u.i.k.p.i.AbstractProblemLoader Loading environment from /home/runner/work/key/key/key.core/../key.ui/examples/standard_key/strings/implicitBooleanStringConversion.key 
36981      DEBUG main            d.u.i.k.p.i.AbstractProblemLoader Environment load took 175.5ns 
36982      INFO  main            d.u.i.k.p.i.AbstractProblemLoader Creating init config 
39315      DEBUG main            d.u.i.k.p.i.AbstractProblemLoader Init config took 2.33s 
39335      INFO  main            d.u.i.k.p.i.AbstractProblemLoader Replaying proof implicitBooleanStringConversion.key 
39337      DEBUG main            d.u.i.k.p.i.IntermediateProofReplayer Proof replay took 8.1ns 
40151      INFO  main            d.u.i.k.p.r.p.TestFile    ... finished proof: closed. 
40361      INFO  main            d.u.i.k.p.i.AbstractProblemLoader Loading environment from /home/runner/work/key/key/key.core/../key.ui/examples/standard_key/strings/implicitBooleanStringConversion.key.proof 
40361      DEBUG main            d.u.i.k.p.i.AbstractProblemLoader Environment load took 391.1ns 
40363      INFO  main            d.u.i.k.p.i.AbstractProblemLoader Creating init config 
42726      DEBUG main            d.u.i.k.p.i.AbstractProblemLoader Init config took 2.36s 
42745      INFO  main            d.u.i.k.p.i.AbstractProblemLoader Replaying proof implicitBooleanStringConversion.key.proof 
42803      DEBUG main            d.u.i.k.p.i.IntermediateProofReplayer Proof replay took 52.4ms 
42804      DEBUG main            d.u.i.k.p.r.p.TestFile    ... success: reloaded. 
42805      INFO  main            d.u.i.k.p.r.p.TestFile    Now processing file /home/runner/work/key/key/key.core/../key.ui/examples/standard_key/strings/implicitBooleanStringConversion2.key 
42805      INFO  main            d.u.i.k.p.i.AbstractProblemLoader Loading environment from /home/runner/work/key/key/key.core/../key.ui/examples/standard_key/strings/implicitBooleanStringConversion2.key 
42805      DEBUG main            d.u.i.k.p.i.AbstractProblemLoader Environment load took 96.5ns 
42806      INFO  main            d.u.i.k.p.i.AbstractProblemLoader Creating init config 
45089      DEBUG main            d.u.i.k.p.i.AbstractProblemLoader Init config took 2.28s 
45106      INFO  main            d.u.i.k.p.i.AbstractProblemLoader Replaying proof implicitBooleanStringConversion2.key 
45108      DEBUG main            d.u.i.k.p.i.IntermediateProofReplayer Proof replay took 6.5ns 
45411      INFO  main            d.u.i.k.p.r.p.TestFile    ... finished proof: closed. 
45647      INFO  main            d.u.i.k.p.i.AbstractProblemLoader Loading environment from /home/runner/work/key/key/key.core/../key.ui/examples/standard_key/strings/implicitBooleanStringConversion2.key.proof 
45647      DEBUG main            d.u.i.k.p.i.AbstractProblemLoader Environment load took 375.6ns 
45649      INFO  main            d.u.i.k.p.i.AbstractProblemLoader Creating init config 
47921      DEBUG main            d.u.i.k.p.i.AbstractProblemLoader Init config took 2.27s 
47937      INFO  main            d.u.i.k.p.i.AbstractProblemLoader Replaying proof implicitBooleanStringConversion2.key.proof 
47958      DEBUG main            d.u.i.k.p.i.IntermediateProofReplayer Proof replay took 17.54ms 
47959      DEBUG main            d.u.i.k.p.r.p.TestFile    ... success: reloaded. 
47960      INFO  main            d.u.i.k.p.r.p.TestFile    Now processing file /home/runner/work/key/key/key.core/../key.ui/examples/standard_key/strings/implicitIntStringConversion.key 
47960      INFO  main            d.u.i.k.p.i.AbstractProblemLoader Loading environment from /home/runner/work/key/key/key.core/../key.ui/examples/standard_key/strings/implicitIntStringConversion.key 
47960      DEBUG main            d.u.i.k.p.i.AbstractProblemLoader Environment load took 81.9ns 
47961      INFO  main            d.u.i.k.p.i.AbstractProblemLoader Creating init config 
50274      DEBUG main            d.u.i.k.p.i.AbstractProblemLoader Init config took 2.31s 
50290      INFO  main            d.u.i.k.p.i.AbstractProblemLoader Replaying proof implicitIntStringConversion.key 
50292      DEBUG main            d.u.i.k.p.i.IntermediateProofReplayer Proof replay took 6.5ns 
50899      INFO  main            d.u.i.k.p.r.p.TestFile    ... finished proof: closed. 
51135      INFO  main            d.u.i.k.p.i.AbstractProblemLoader Loading environment from /home/runner/work/key/key/key.core/../key.ui/examples/standard_key/strings/implicitIntStringConversion.key.proof 
51136      DEBUG main            d.u.i.k.p.i.AbstractProblemLoader Environment load took 385.1ns 
51137      INFO  main            d.u.i.k.p.i.AbstractProblemLoader Creating init config 
53454      DEBUG main            d.u.i.k.p.i.AbstractProblemLoader Init config took 2.32s 
53470      INFO  main            d.u.i.k.p.i.AbstractProblemLoader Replaying proof implicitIntStringConversion.key.proof 
53510      DEBUG main            d.u.i.k.p.i.IntermediateProofReplayer Proof replay took 34.43ms 
53511      DEBUG main            d.u.i.k.p.r.p.TestFile    ... success: reloaded. 
53512      INFO  main            d.u.i.k.p.r.p.TestFile    Now processing file /home/runner/work/key/key/key.core/../key.ui/examples/standard_key/strings/implicitNullStringConversion.key 
53512      INFO  main            d.u.i.k.p.i.AbstractProblemLoader Loading environment from /home/runner/work/key/key/key.core/../key.ui/examples/standard_key/strings/implicitNullStringConversion.key 
53513      DEBUG main            d.u.i.k.p.i.AbstractProblemLoader Environment load took 197.2ns 
53514      INFO  main            d.u.i.k.p.i.AbstractProblemLoader Creating init config 
55794      DEBUG main            d.u.i.k.p.i.AbstractProblemLoader Init config took 2.28s 
55810      INFO  main            d.u.i.k.p.i.AbstractProblemLoader Replaying proof implicitNullStringConversion.key 
55812      DEBUG main            d.u.i.k.p.i.IntermediateProofReplayer Proof replay took 6ns 
56014      INFO  main            d.u.i.k.p.r.p.TestFile    ... finished proof: closed. 
56227      INFO  main            d.u.i.k.p.i.AbstractProblemLoader Loading environment from /home/runner/work/key/key/key.core/../key.ui/examples/standard_key/strings/implicitNullStringConversion.key.proof 
56227      DEBUG main            d.u.i.k.p.i.AbstractProblemLoader Environment load took 127ns 
56228      INFO  main            d.u.i.k.p.i.AbstractProblemLoader Creating init config 
58465      DEBUG main            d.u.i.k.p.i.AbstractProblemLoader Init config took 2.24s 
58487      INFO  main            d.u.i.k.p.i.AbstractProblemLoader Replaying proof implicitNullStringConversion.key.proof 
58506      DEBUG main            d.u.i.k.p.i.IntermediateProofReplayer Proof replay took 15.54ms 
58507      DEBUG main            d.u.i.k.p.r.p.TestFile    ... success: reloaded. 
58507      INFO  main            d.u.i.k.p.r.p.TestFile    Now processing file /home/runner/work/key/key/key.core/../key.ui/examples/standard_key/strings/implicitNullStringConversion2.key 
58508      INFO  main            d.u.i.k.p.i.AbstractProblemLoader Loading environment from /home/runner/work/key/key/key.core/../key.ui/examples/standard_key/strings/implicitNullStringConversion2.key 
58508      DEBUG main            d.u.i.k.p.i.AbstractProblemLoader Environment load took 96.8ns 
58509      INFO  main            d.u.i.k.p.i.AbstractProblemLoader Creating init config 
60855      DEBUG main            d.u.i.k.p.i.AbstractProblemLoader Init config took 2.35s 
60871      INFO  main            d.u.i.k.p.i.AbstractProblemLoader Replaying proof implicitNullStringConversion2.key 
60874      DEBUG main            d.u.i.k.p.i.IntermediateProofReplayer Proof replay took 6.8ns 
61077      INFO  main            d.u.i.k.p.r.p.TestFile    ... finished proof: closed. 
61267      INFO  main            d.u.i.k.p.i.AbstractProblemLoader Loading environment from /home/runner/work/key/key/key.core/../key.ui/examples/standard_key/strings/implicitNullStringConversion2.key.proof 
61268      DEBUG main            d.u.i.k.p.i.AbstractProblemLoader Environment load took 127.5ns 
61269      INFO  main            d.u.i.k.p.i.AbstractProblemLoader Creating init config 
63515      DEBUG main            d.u.i.k.p.i.AbstractProblemLoader Init config took 2.25s 
63531      INFO  main            d.u.i.k.p.i.AbstractProblemLoader Replaying proof implicitNullStringConversion2.key.proof 
63545      DEBUG main            d.u.i.k.p.i.IntermediateProofReplayer Proof replay took 11.2ms 
63546      DEBUG main            d.u.i.k.p.r.p.TestFile    ... success: reloaded. 
63547      INFO  main            d.u.i.k.p.r.p.TestFile    Now processing file /home/runner/work/key/key/key.core/../key.ui/examples/standard_key/strings/implicitObjectStringConversion.key 
63548      INFO  main            d.u.i.k.p.i.AbstractProblemLoader Loading environment from /home/runner/work/key/key/key.core/../key.ui/examples/standard_key/strings/implicitObjectStringConversion.key 
63548      DEBUG main            d.u.i.k.p.i.AbstractProblemLoader Environment load took 172ns 
63549      INFO  main            d.u.i.k.p.i.AbstractProblemLoader Creating init config 
66089      DEBUG main            d.u.i.k.p.i.AbstractProblemLoader Init config took 2.54s 
66105      INFO  main            d.u.i.k.p.i.AbstractProblemLoader Replaying proof implicitObjectStringConversion.key 
66107      DEBUG main            d.u.i.k.p.i.IntermediateProofReplayer Proof replay took 6.7ns 
66714      INFO  main            d.u.i.k.p.r.p.TestFile    ... finished proof: closed. 
66925      INFO  main            d.u.i.k.p.i.AbstractProblemLoader Loading environment from /home/runner/work/key/key/key.core/../key.ui/examples/standard_key/strings/implicitObjectStringConversion.key.proof 
66925      DEBUG main            d.u.i.k.p.i.AbstractProblemLoader Environment load took 378.5ns 
66927      INFO  main            d.u.i.k.p.i.AbstractProblemLoader Creating init config 
69371      DEBUG main            d.u.i.k.p.i.AbstractProblemLoader Init config took 2.44s 
69390      INFO  main            d.u.i.k.p.i.AbstractProblemLoader Replaying proof implicitObjectStringConversion.key.proof 
69431      DEBUG main            d.u.i.k.p.i.IntermediateProofReplayer Proof replay took 37.16ms 
69432      DEBUG main            d.u.i.k.p.r.p.TestFile    ... success: reloaded. 
69433      INFO  main            d.u.i.k.p.r.p.TestFile    Now processing file /home/runner/work/key/key/key.core/../key.ui/examples/standard_key/strings/literalEquality.key 
69433      INFO  main            d.u.i.k.p.i.AbstractProblemLoader Loading environment from /home/runner/work/key/key/key.core/../key.ui/examples/standard_key/strings/literalEquality.key 
69433      DEBUG main            d.u.i.k.p.i.AbstractProblemLoader Environment load took 142.4ns 
69434      INFO  main            d.u.i.k.p.i.AbstractProblemLoader Creating init config 
71750      DEBUG main            d.u.i.k.p.i.AbstractProblemLoader Init config took 2.32s 
71764      INFO  main            d.u.i.k.p.i.AbstractProblemLoader Replaying proof literalEquality.key 
71766      DEBUG main            d.u.i.k.p.i.IntermediateProofReplayer Proof replay took 6.5ns 
71870      INFO  main            d.u.i.k.p.r.p.TestFile    ... finished proof: closed. 
72106      INFO  main            d.u.i.k.p.i.AbstractProblemLoader Loading environment from /home/runner/work/key/key/key.core/../key.ui/examples/standard_key/strings/literalEquality.key.proof 
72106      DEBUG main            d.u.i.k.p.i.AbstractProblemLoader Environment load took 118.3ns 
72107      INFO  main            d.u.i.k.p.i.AbstractProblemLoader Creating init config 
74338      DEBUG main            d.u.i.k.p.i.AbstractProblemLoader Init config took 2.23s 
74353      INFO  main            d.u.i.k.p.i.AbstractProblemLoader Replaying proof literalEquality.key.proof 
74357      DEBUG main            d.u.i.k.p.i.IntermediateProofReplayer Proof replay took 1.91ms 
74357      DEBUG main            d.u.i.k.p.r.p.TestFile    ... success: reloaded. 
74358      INFO  main            d.u.i.k.p.r.p.TestFile    Now processing file /home/runner/work/key/key/key.core/../key.ui/examples/standard_key/strings/replace0.key 
74359      INFO  main            d.u.i.k.p.i.AbstractProblemLoader Loading environment from /home/runner/work/key/key/key.core/../key.ui/examples/standard_key/strings/replace0.key 
74359      DEBUG main            d.u.i.k.p.i.AbstractProblemLoader Environment load took 178ns 
74360      INFO  main            d.u.i.k.p.i.AbstractProblemLoader Creating init config 
76624      DEBUG main            d.u.i.k.p.i.AbstractProblemLoader Init config took 2.26s 
76637      INFO  main            d.u.i.k.p.i.AbstractProblemLoader Replaying proof replace0.key 
76639      DEBUG main            d.u.i.k.p.i.IntermediateProofReplayer Proof replay took 7.4ns 
76741      INFO  main            d.u.i.k.p.r.p.TestFile    ... finished proof: closed. 
76985      INFO  main            d.u.i.k.p.i.AbstractProblemLoader Loading environment from /home/runner/work/key/key/key.core/../key.ui/examples/standard_key/strings/replace0.key.proof 
76985      DEBUG main            d.u.i.k.p.i.AbstractProblemLoader Environment load took 120.9ns 
76986      INFO  main            d.u.i.k.p.i.AbstractProblemLoader Creating init config 
79198      DEBUG main            d.u.i.k.p.i.AbstractProblemLoader Init config took 2.21s 
79213      INFO  main            d.u.i.k.p.i.AbstractProblemLoader Replaying proof replace0.key.proof 
79217      DEBUG main            d.u.i.k.p.i.IntermediateProofReplayer Proof replay took 2.39ms 
79218      DEBUG main            d.u.i.k.p.r.p.TestFile    ... success: reloaded. 
79219      INFO  main            d.u.i.k.p.r.p.TestFile    Now processing file /home/runner/work/key/key/key.core/../key.ui/examples/standard_key/strings/replace1.key 
79219      INFO  main            d.u.i.k.p.i.AbstractProblemLoader Loading environment from /home/runner/work/key/key/key.core/../key.ui/examples/standard_key/strings/replace1.key 
79219      DEBUG main            d.u.i.k.p.i.AbstractProblemLoader Environment load took 174.7ns 
79220      INFO  main            d.u.i.k.p.i.AbstractProblemLoader Creating init config 
81524      DEBUG main            d.u.i.k.p.i.AbstractProblemLoader Init config took 2.3s 
81537      INFO  main            d.u.i.k.p.i.AbstractProblemLoader Replaying proof replace1.key 
81538      DEBUG main            d.u.i.k.p.i.IntermediateProofReplayer Proof replay took 5.5ns 
81642      INFO  main            d.u.i.k.p.r.p.TestFile    ... finished proof: closed. 
81846      INFO  main            d.u.i.k.p.i.AbstractProblemLoader Loading environment from /home/runner/work/key/key/key.core/../key.ui/examples/standard_key/strings/replace1.key.proof 
81846      DEBUG main            d.u.i.k.p.i.AbstractProblemLoader Environment load took 123.7ns 
81847      INFO  main            d.u.i.k.p.i.AbstractProblemLoader Creating init config 
84058      DEBUG main            d.u.i.k.p.i.AbstractProblemLoader Init config took 2.21s 
84071      INFO  main            d.u.i.k.p.i.AbstractProblemLoader Replaying proof replace1.key.proof 
84078      DEBUG main            d.u.i.k.p.i.IntermediateProofReplayer Proof replay took 5.03ms 
84079      DEBUG main            d.u.i.k.p.r.p.TestFile    ... success: reloaded. 
84080      INFO  main            d.u.i.k.p.r.p.TestFile    Now processing file /home/runner/work/key/key/key.core/../key.ui/examples/standard_key/strings/simpleAssignment.key 
84080      INFO  main            d.u.i.k.p.i.AbstractProblemLoader Loading environment from /home/runner/work/key/key/key.core/../key.ui/examples/standard_key/strings/simpleAssignment.key 
84080      DEBUG main            d.u.i.k.p.i.AbstractProblemLoader Environment load took 128.4ns 
84081      INFO  main            d.u.i.k.p.i.AbstractProblemLoader Creating init config 
86375      DEBUG main            d.u.i.k.p.i.AbstractProblemLoader Init config took 2.29s 
86389      INFO  main            d.u.i.k.p.i.AbstractProblemLoader Replaying proof simpleAssignment.key 
86390      DEBUG main            d.u.i.k.p.i.IntermediateProofReplayer Proof replay took 6.1ns 
86492      INFO  main            d.u.i.k.p.r.p.TestFile    ... finished proof: closed. 
86695      INFO  main            d.u.i.k.p.i.AbstractProblemLoader Loading environment from /home/runner/work/key/key/key.core/../key.ui/examples/standard_key/strings/simpleAssignment.key.proof 
86695      DEBUG main            d.u.i.k.p.i.AbstractProblemLoader Environment load took 173ns 
86696      INFO  main            d.u.i.k.p.i.AbstractProblemLoader Creating init config 
88926      DEBUG main            d.u.i.k.p.i.AbstractProblemLoader Init config took 2.23s 
88941      INFO  main            d.u.i.k.p.i.AbstractProblemLoader Replaying proof simpleAssignment.key.proof 
88944      DEBUG main            d.u.i.k.p.i.IntermediateProofReplayer Proof replay took 1.19ms 
88945      DEBUG main            d.u.i.k.p.r.p.TestFile    ... success: reloaded. 
88946      INFO  main            d.u.i.k.p.r.p.TestFile    Now processing file /home/runner/work/key/key/key.core/../key.ui/examples/standard_key/strings/simpleLengthComp.key 
88946      INFO  main            d.u.i.k.p.i.AbstractProblemLoader Loading environment from /home/runner/work/key/key/key.core/../key.ui/examples/standard_key/strings/simpleLengthComp.key 
88946      DEBUG main            d.u.i.k.p.i.AbstractProblemLoader Environment load took 183ns 
88947      INFO  main            d.u.i.k.p.i.AbstractProblemLoader Creating init config 
91253      DEBUG main            d.u.i.k.p.i.AbstractProblemLoader Init config took 2.31s 
91267      INFO  main            d.u.i.k.p.i.AbstractProblemLoader Replaying proof simpleLengthComp.key 
91270      DEBUG main            d.u.i.k.p.i.IntermediateProofReplayer Proof replay took 6.8ns 
91472      INFO  main            d.u.i.k.p.r.p.TestFile    ... finished proof: closed. 
91686      INFO  main            d.u.i.k.p.i.AbstractProblemLoader Loading environment from /home/runner/work/key/key/key.core/../key.ui/examples/standard_key/strings/simpleLengthComp.key.proof 
91686      DEBUG main            d.u.i.k.p.i.AbstractProblemLoader Environment load took 140.1ns 
91687      INFO  main            d.u.i.k.p.i.AbstractProblemLoader Creating init config 
93919      DEBUG main            d.u.i.k.p.i.AbstractProblemLoader Init config took 2.23s 
93934      INFO  main            d.u.i.k.p.i.AbstractProblemLoader Replaying proof simpleLengthComp.key.proof 
93957      DEBUG main            d.u.i.k.p.i.IntermediateProofReplayer Proof replay took 20.82ms 
93958      DEBUG main            d.u.i.k.p.r.p.TestFile    ... success: reloaded. 
93959      INFO  main            d.u.i.k.p.r.p.TestFile    Now processing file /home/runner/work/key/key/key.core/../key.ui/examples/standard_key/strings/stringCompileTimeConstant1.key 
93959      INFO  main            d.u.i.k.p.i.AbstractProblemLoader Loading environment from /home/runner/work/key/key/key.core/../key.ui/examples/standard_key/strings/stringCompileTimeConstant1.key 
93959      DEBUG main            d.u.i.k.p.i.AbstractProblemLoader Environment load took 220.2ns 
93960      INFO  main            d.u.i.k.p.i.AbstractProblemLoader Creating init config 
96249      DEBUG main            d.u.i.k.p.i.AbstractProblemLoader Init config took 2.29s 
96263      INFO  main            d.u.i.k.p.i.AbstractProblemLoader Replaying proof stringCompileTimeConstant1.key 
96264      DEBUG main            d.u.i.k.p.i.IntermediateProofReplayer Proof replay took 6.9ns 
96366      INFO  main            d.u.i.k.p.r.p.TestFile    ... finished proof: closed. 
96612      INFO  main            d.u.i.k.p.i.AbstractProblemLoader Loading environment from /home/runner/work/key/key/key.core/../key.ui/examples/standard_key/strings/stringCompileTimeConstant1.key.proof 
96612      DEBUG main            d.u.i.k.p.i.AbstractProblemLoader Environment load took 109.1ns 
96613      INFO  main            d.u.i.k.p.i.AbstractProblemLoader Creating init config 
98844      DEBUG main            d.u.i.k.p.i.AbstractProblemLoader Init config took 2.23s 
98858      INFO  main            d.u.i.k.p.i.AbstractProblemLoader Replaying proof stringCompileTimeConstant1.key.proof 
98863      DEBUG main            d.u.i.k.p.i.IntermediateProofReplayer Proof replay took 2.5ms 
98864      DEBUG main            d.u.i.k.p.r.p.TestFile    ... success: reloaded. 
98864      INFO  main            d.u.i.k.p.r.p.TestFile    Now processing file /home/runner/work/key/key/key.core/../key.ui/examples/standard_key/strings/stringCompileTimeConstant2.key 
98864      INFO  main            d.u.i.k.p.i.AbstractProblemLoader Loading environment from /home/runner/work/key/key/key.core/../key.ui/examples/standard_key/strings/stringCompileTimeConstant2.key 
98864      DEBUG main            d.u.i.k.p.i.AbstractProblemLoader Environment load took 87.9ns 
98865      INFO  main            d.u.i.k.p.i.AbstractProblemLoader Creating init config 
101299     DEBUG main            d.u.i.k.p.i.AbstractProblemLoader Init config took 2.43s 
101315     INFO  main            d.u.i.k.p.i.AbstractProblemLoader Replaying proof stringCompileTimeConstant2.key 
101317     DEBUG main            d.u.i.k.p.i.IntermediateProofReplayer Proof replay took 6.3ns 
103963     INFO  main            d.u.i.k.p.r.p.TestFile    ... finished proof: closed. 
104242     INFO  main            d.u.i.k.p.i.AbstractProblemLoader Loading environment from /home/runner/work/key/key/key.core/../key.ui/examples/standard_key/strings/stringCompileTimeConstant2.key.proof 
104242     DEBUG main            d.u.i.k.p.i.AbstractProblemLoader Environment load took 351.1ns 
104244     INFO  main            d.u.i.k.p.i.AbstractProblemLoader Creating init config 
106609     DEBUG main            d.u.i.k.p.i.AbstractProblemLoader Init config took 2.37s 
106623     INFO  main            d.u.i.k.p.i.AbstractProblemLoader Replaying proof stringCompileTimeConstant2.key.proof 
106854     DEBUG main            d.u.i.k.p.i.IntermediateProofReplayer Proof replay took 218.03ms 
106855     DEBUG main            d.u.i.k.p.r.p.TestFile    ... success: reloaded. 
106856     INFO  main            d.u.i.k.p.r.p.TestFile    Now processing file /home/runner/work/key/key/key.core/../key.ui/examples/standard_key/strings/stringEquality1.key 
106856     INFO  main            d.u.i.k.p.i.AbstractProblemLoader Loading environment from /home/runner/work/key/key/key.core/../key.ui/examples/standard_key/strings/stringEquality1.key 
106856     DEBUG main            d.u.i.k.p.i.AbstractProblemLoader Environment load took 64.2ns 
106857     INFO  main            d.u.i.k.p.i.AbstractProblemLoader Creating init config 
109087     DEBUG main            d.u.i.k.p.i.AbstractProblemLoader Init config took 2.23s 
109100     INFO  main            d.u.i.k.p.i.AbstractProblemLoader Replaying proof stringEquality1.key 
109101     DEBUG main            d.u.i.k.p.i.IntermediateProofReplayer Proof replay took 6.4ns 
109206     INFO  main            d.u.i.k.p.r.p.TestFile    ... finished proof: closed. 
109467     INFO  main            d.u.i.k.p.i.AbstractProblemLoader Loading environment from /home/runner/work/key/key/key.core/../key.ui/examples/standard_key/strings/stringEquality1.key.proof 
109467     DEBUG main            d.u.i.k.p.i.AbstractProblemLoader Environment load took 111.9ns 
109468     INFO  main            d.u.i.k.p.i.AbstractProblemLoader Creating init config 
111667     DEBUG main            d.u.i.k.p.i.AbstractProblemLoader Init config took 2.2s 
111681     INFO  main            d.u.i.k.p.i.AbstractProblemLoader Replaying proof stringEquality1.key.proof 
111693     DEBUG main            d.u.i.k.p.i.IntermediateProofReplayer Proof replay took 10.36ms 
111694     DEBUG main            d.u.i.k.p.r.p.TestFile    ... success: reloaded. 
111695     INFO  main            d.u.i.k.p.r.p.TestFile    Now processing file /home/runner/work/key/key/key.core/../key.ui/examples/standard_key/strings/stringEquality2.key 
111695     INFO  main            d.u.i.k.p.i.AbstractProblemLoader Loading environment from /home/runner/work/key/key/key.core/../key.ui/examples/standard_key/strings/stringEquality2.key 
111696     DEBUG main            d.u.i.k.p.i.AbstractProblemLoader Environment load took 161.9ns 
111698     INFO  main            d.u.i.k.p.i.AbstractProblemLoader Creating init config 
113954     DEBUG main            d.u.i.k.p.i.AbstractProblemLoader Init config took 2.26s 
113967     INFO  main            d.u.i.k.p.i.AbstractProblemLoader Replaying proof stringEquality2.key 
113968     DEBUG main            d.u.i.k.p.i.IntermediateProofReplayer Proof replay took 6.2ns 
114376     INFO  main            d.u.i.k.p.r.p.TestFile    ... finished proof: closed. 
114629     INFO  main            d.u.i.k.p.i.AbstractProblemLoader Loading environment from /home/runner/work/key/key/key.core/../key.ui/examples/standard_key/strings/stringEquality2.key.proof 
114629     DEBUG main            d.u.i.k.p.i.AbstractProblemLoader Environment load took 113.2ns 
114630     INFO  main            d.u.i.k.p.i.AbstractProblemLoader Creating init config 
116820     DEBUG main            d.u.i.k.p.i.AbstractProblemLoader Init config took 2.19s 
116843     INFO  main            d.u.i.k.p.i.AbstractProblemLoader Replaying proof stringEquality2.key.proof 
116865     DEBUG main            d.u.i.k.p.i.IntermediateProofReplayer Proof replay took 17.15ms 
116866     DEBUG main            d.u.i.k.p.r.p.TestFile    ... success: reloaded. 
116866     INFO  main            d.u.i.k.p.r.p.TestFile    Now processing file /home/runner/work/key/key/key.core/../key.ui/examples/standard_key/strings/substring0.key 
116867     INFO  main            d.u.i.k.p.i.AbstractProblemLoader Loading environment from /home/runner/work/key/key/key.core/../key.ui/examples/standard_key/strings/substring0.key 
116867     DEBUG main            d.u.i.k.p.i.AbstractProblemLoader Environment load took 77ns 
116868     INFO  main            d.u.i.k.p.i.AbstractProblemLoader Creating init config 
119138     DEBUG main            d.u.i.k.p.i.AbstractProblemLoader Init config took 2.27s 
119151     INFO  main            d.u.i.k.p.i.AbstractProblemLoader Replaying proof substring0.key 
119152     DEBUG main            d.u.i.k.p.i.IntermediateProofReplayer Proof replay took 17.6ns 
119254     INFO  main            d.u.i.k.p.r.p.TestFile    ... finished proof: closed. 
119508     INFO  main            d.u.i.k.p.i.AbstractProblemLoader Loading environment from /home/runner/work/key/key/key.core/../key.ui/examples/standard_key/strings/substring0.key.proof 
119508     DEBUG main            d.u.i.k.p.i.AbstractProblemLoader Environment load took 109.3ns 
119510     INFO  main            d.u.i.k.p.i.AbstractProblemLoader Creating init config 
121724     DEBUG main            d.u.i.k.p.i.AbstractProblemLoader Init config took 2.21s 
121738     INFO  main            d.u.i.k.p.i.AbstractProblemLoader Replaying proof substring0.key.proof 
121740     DEBUG main            d.u.i.k.p.i.IntermediateProofReplayer Proof replay took 415.8ns 
121741     DEBUG main            d.u.i.k.p.r.p.TestFile    ... success: reloaded. 
121742     INFO  main            d.u.i.k.p.r.p.TestFile    Now processing file /home/runner/work/key/key/key.core/../key.ui/examples/standard_key/strings/substring1.key 
121742     INFO  main            d.u.i.k.p.i.AbstractProblemLoader Loading environment from /home/runner/work/key/key/key.core/../key.ui/examples/standard_key/strings/substring1.key 
121742     DEBUG main            d.u.i.k.p.i.AbstractProblemLoader Environment load took 83.1ns 
121743     INFO  main            d.u.i.k.p.i.AbstractProblemLoader Creating init config 
123987     DEBUG main            d.u.i.k.p.i.AbstractProblemLoader Init config took 2.24s 
124000     INFO  main            d.u.i.k.p.i.AbstractProblemLoader Replaying proof substring1.key 
124001     DEBUG main            d.u.i.k.p.i.IntermediateProofReplayer Proof replay took 6.5ns 
124106     INFO  main            d.u.i.k.p.r.p.TestFile    ... finished proof: closed. 
124345     INFO  main            d.u.i.k.p.i.AbstractProblemLoader Loading environment from /home/runner/work/key/key/key.core/../key.ui/examples/standard_key/strings/substring1.key.proof 
124345     DEBUG main            d.u.i.k.p.i.AbstractProblemLoader Environment load took 143ns 
124346     INFO  main            d.u.i.k.p.i.AbstractProblemLoader Creating init config 
126539     DEBUG main            d.u.i.k.p.i.AbstractProblemLoader Init config took 2.19s 
126551     INFO  main            d.u.i.k.p.i.AbstractProblemLoader Replaying proof substring1.key.proof 
126553     DEBUG main            d.u.i.k.p.i.IntermediateProofReplayer Proof replay took 422.3ns 
126554     DEBUG main            d.u.i.k.p.r.p.TestFile    ... success: reloaded. 
126555     INFO  main            d.u.i.k.p.r.p.TestFile    Now processing file /home/runner/work/key/key/key.core/../key.ui/examples/standard_key/strings/substring2.key 
126555     INFO  main            d.u.i.k.p.i.AbstractProblemLoader Loading environment from /home/runner/work/key/key/key.core/../key.ui/examples/standard_key/strings/substring2.key 
126555     DEBUG main            d.u.i.k.p.i.AbstractProblemLoader Environment load took 87ns 
126556     INFO  main            d.u.i.k.p.i.AbstractProblemLoader Creating init config 
128817     DEBUG main            d.u.i.k.p.i.AbstractProblemLoader Init config took 2.26s 
128829     INFO  main            d.u.i.k.p.i.AbstractProblemLoader Replaying proof substring2.key 
128831     DEBUG main            d.u.i.k.p.i.IntermediateProofReplayer Proof replay took 6.4ns 
128933     INFO  main            d.u.i.k.p.r.p.TestFile    ... finished proof: closed. 
129261     INFO  main            d.u.i.k.p.i.AbstractProblemLoader Loading environment from /home/runner/work/key/key/key.core/../key.ui/examples/standard_key/strings/substring2.key.proof 
129262     DEBUG main            d.u.i.k.p.i.AbstractProblemLoader Environment load took 130.3ns 
129263     INFO  main            d.u.i.k.p.i.AbstractProblemLoader Creating init config 
131451     DEBUG main            d.u.i.k.p.i.AbstractProblemLoader Init config took 2.19s 
131464     INFO  main            d.u.i.k.p.i.AbstractProblemLoader Replaying proof substring2.key.proof 
131467     DEBUG main            d.u.i.k.p.i.IntermediateProofReplayer Proof replay took 784.11ns 
131468     DEBUG main            d.u.i.k.p.r.p.TestFile    ... success: reloaded. 
131468     INFO  main            d.u.i.k.p.r.p.TestFile    Now processing file /home/runner/work/key/key/key.core/../key.ui/examples/standard_key/strings/substring3.key 
131468     INFO  main            d.u.i.k.p.i.AbstractProblemLoader Loading environment from /home/runner/work/key/key/key.core/../key.ui/examples/standard_key/strings/substring3.key 
131469     DEBUG main            d.u.i.k.p.i.AbstractProblemLoader Environment load took 161.6ns 
131470     INFO  main            d.u.i.k.p.i.AbstractProblemLoader Creating init config 
133723     DEBUG main            d.u.i.k.p.i.AbstractProblemLoader Init config took 2.25s 
133736     INFO  main            d.u.i.k.p.i.AbstractProblemLoader Replaying proof substring3.key 
133737     DEBUG main            d.u.i.k.p.i.IntermediateProofReplayer Proof replay took 6.3ns 
133839     INFO  main            d.u.i.k.p.r.p.TestFile    ... finished proof: closed. 
134094     INFO  main            d.u.i.k.p.i.AbstractProblemLoader Loading environment from /home/runner/work/key/key/key.core/../key.ui/examples/standard_key/strings/substring3.key.proof 
134094     DEBUG main            d.u.i.k.p.i.AbstractProblemLoader Environment load took 108.9ns 
134095     INFO  main            d.u.i.k.p.i.AbstractProblemLoader Creating init config 
136283     DEBUG main            d.u.i.k.p.i.AbstractProblemLoader Init config took 2.19s 
136296     INFO  main            d.u.i.k.p.i.AbstractProblemLoader Replaying proof substring3.key.proof 
136299     DEBUG main            d.u.i.k.p.i.IntermediateProofReplayer Proof replay took 1.74ms 
136300     DEBUG main            d.u.i.k.p.r.p.TestFile    ... success: reloaded. 
136300     INFO  main            d.u.i.k.p.r.p.TestFile    Now processing file /home/runner/work/key/key/key.core/../key.ui/examples/standard_key/strings/substring4.key 
136301     INFO  main            d.u.i.k.p.i.AbstractProblemLoader Loading environment from /home/runner/work/key/key/key.core/../key.ui/examples/standard_key/strings/substring4.key 
136301     DEBUG main            d.u.i.k.p.i.AbstractProblemLoader Environment load took 211.6ns 
136302     INFO  main            d.u.i.k.p.i.AbstractProblemLoader Creating init config 
138584     DEBUG main            d.u.i.k.p.i.AbstractProblemLoader Init config took 2.28s 
138598     INFO  main            d.u.i.k.p.i.AbstractProblemLoader Replaying proof substring4.key 
138599     DEBUG main            d.u.i.k.p.i.IntermediateProofReplayer Proof replay took 7ns 
138701     INFO  main            d.u.i.k.p.r.p.TestFile    ... finished proof: closed. 
138962     INFO  main            d.u.i.k.p.i.AbstractProblemLoader Loading environment from /home/runner/work/key/key/key.core/../key.ui/examples/standard_key/strings/substring4.key.proof 
138962     DEBUG main            d.u.i.k.p.i.AbstractProblemLoader Environment load took 109.8ns 
138963     INFO  main            d.u.i.k.p.i.AbstractProblemLoader Creating init config 
141151     DEBUG main            d.u.i.k.p.i.AbstractProblemLoader Init config took 2.19s 
141164     INFO  main            d.u.i.k.p.i.AbstractProblemLoader Replaying proof substring4.key.proof 
141167     DEBUG main            d.u.i.k.p.i.IntermediateProofReplayer Proof replay took 1.8ms 
141168     DEBUG main            d.u.i.k.p.r.p.TestFile    ... success: reloaded. 
141169     INFO  main            d.u.i.k.p.r.p.TestFile    Now processing file /home/runner/work/key/key/key.core/../key.ui/examples/standard_key/strings/substring5.key 
141169     INFO  main            d.u.i.k.p.i.AbstractProblemLoader Loading environment from /home/runner/work/key/key/key.core/../key.ui/examples/standard_key/strings/substring5.key 
141170     DEBUG main            d.u.i.k.p.i.AbstractProblemLoader Environment load took 154.8ns 
141171     INFO  main            d.u.i.k.p.i.AbstractProblemLoader Creating init config 
143420     DEBUG main            d.u.i.k.p.i.AbstractProblemLoader Init config took 2.25s 
143434     INFO  main            d.u.i.k.p.i.AbstractProblemLoader Replaying proof substring5.key 
143435     DEBUG main            d.u.i.k.p.i.IntermediateProofReplayer Proof replay took 7.2ns 
143738     INFO  main            d.u.i.k.p.r.p.TestFile    ... finished proof: closed. 
144019     INFO  main            d.u.i.k.p.i.AbstractProblemLoader Loading environment from /home/runner/work/key/key/key.core/../key.ui/examples/standard_key/strings/substring5.key.proof 
144019     DEBUG main            d.u.i.k.p.i.AbstractProblemLoader Environment load took 106ns 
144020     INFO  main            d.u.i.k.p.i.AbstractProblemLoader Creating init config 
146208     DEBUG main            d.u.i.k.p.i.AbstractProblemLoader Init config took 2.19s 
146221     INFO  main            d.u.i.k.p.i.AbstractProblemLoader Replaying proof substring5.key.proof 
146237     DEBUG main            d.u.i.k.p.i.IntermediateProofReplayer Proof replay took 12.75ms 
146238     DEBUG main            d.u.i.k.p.r.p.TestFile    ... success: reloaded. 
3953626    INFO  Test worker     d.u.i.k.p.r.RunAllProofsTestUnit Returning from test strings 
3953627    INFO  Test worker     d.u.i.k.p.r.RunAllProofsTestUnit Running test simple_info_flow 
336        INFO  Timeout watchdog d.u.i.k.p.r.p.ForkedTestFileRunner Timeout watcher launched (2000 secs.) 
348        WARN  main            d.u.i.k.s.ProofSettings   The settings in /home/runner/.key/proof-settings.props are *not* read. 
373        INFO  main            d.u.i.k.p.r.p.TestFile    Now processing file /home/runner/work/key/key/key.core/../key.ui/examples/heap/information_flow/UpdateAbstraction_ex7_1_insecure.key 
477        INFO  main            d.u.i.k.p.i.AbstractProblemLoader Loading environment from /home/runner/work/key/key/key.core/../key.ui/examples/heap/information_flow/UpdateAbstraction_ex7_1_insecure.key 
497        DEBUG main            d.u.i.k.p.i.AbstractProblemLoader Environment load took 2.17ms 
712        INFO  main            d.u.i.k.p.i.AbstractProblemLoader Creating init config 
1680       DEBUG main            d.u.i.k.j.TypeConverter   No LDT found for Meta 
1681       DEBUG main            d.u.i.k.j.TypeConverter   No LDT found for Meta 
1684       DEBUG main            d.u.i.k.j.TypeConverter   No LDT found for Meta 
1685       DEBUG main            d.u.i.k.j.TypeConverter   No LDT found for Meta 
3028       DEBUG main            d.u.i.k.j.TypeConverter   No LDT found for JavaBigintExpression 
8055       DEBUG main            d.u.i.k.p.i.AbstractProblemLoader Init config took 7.34s 
8179       INFO  main            d.u.i.k.p.i.AbstractProblemLoader Replaying proof UpdateAbstraction[UpdateAbstraction::ex7_1_insecure()].JML operation contract.0 
8212       DEBUG main            d.u.i.k.p.i.IntermediateProofReplayer Proof replay took 31.9ns 
8896       INFO  main            d.u.i.k.p.r.p.TestFile    ... finished proof: open goal(s) 
9009       INFO  main            d.u.i.k.p.r.p.TestFile    Now processing file /home/runner/work/key/key/key.core/../key.ui/examples/heap/information_flow/UpdateAbstraction_ex7_2_insecure.key 
9009       INFO  main            d.u.i.k.p.i.AbstractProblemLoader Loading environment from /home/runner/work/key/key/key.core/../key.ui/examples/heap/information_flow/UpdateAbstraction_ex7_2_insecure.key 
9010       DEBUG main            d.u.i.k.p.i.AbstractProblemLoader Environment load took 265ns 
9011       INFO  main            d.u.i.k.p.i.AbstractProblemLoader Creating init config 
12174      DEBUG main            d.u.i.k.p.i.AbstractProblemLoader Init config took 3.16s 
12258      INFO  main            d.u.i.k.p.i.AbstractProblemLoader Replaying proof UpdateAbstraction[UpdateAbstraction::ex7_2_insecure()].JML operation contract.0 
12264      DEBUG main            d.u.i.k.p.i.IntermediateProofReplayer Proof replay took 6.4ns 
12669      INFO  main            d.u.i.k.p.r.p.TestFile    ... finished proof: open goal(s) 
3966577    INFO  Test worker     d.u.i.k.p.r.RunAllProofsTestUnit Returning from test simple_info_flow 
3966578    INFO  Test worker     d.u.i.k.p.r.RunAllProofsTestUnit Running test modelMethods 
318        INFO  Timeout watchdog d.u.i.k.p.r.p.ForkedTestFileRunner Timeout watcher launched (2000 secs.) 
328        WARN  main            d.u.i.k.s.ProofSettings   The settings in /home/runner/.key/proof-settings.props are *not* read. 
353        INFO  main            d.u.i.k.p.r.p.TestFile    Now processing file /home/runner/work/key/key/key.core/../key.ui/examples/heap/model_methods/Cell_footprint_acc.key 
459        INFO  main            d.u.i.k.p.i.AbstractProblemLoader Loading environment from /home/runner/work/key/key/key.core/../key.ui/examples/heap/model_methods/Cell_footprint_acc.key 
482        DEBUG main            d.u.i.k.p.i.AbstractProblemLoader Environment load took 1.82ms 
713        INFO  main            d.u.i.k.p.i.AbstractProblemLoader Creating init config 
1580       DEBUG main            d.u.i.k.j.TypeConverter   No LDT found for Meta 
1580       DEBUG main            d.u.i.k.j.TypeConverter   No LDT found for Meta 
1581       DEBUG main            d.u.i.k.j.TypeConverter   No LDT found for Meta 
1581       DEBUG main            d.u.i.k.j.TypeConverter   No LDT found for Meta 
2871       DEBUG main            d.u.i.k.j.TypeConverter   No LDT found for JavaBigintExpression 
8404       DEBUG main            d.u.i.k.p.i.AbstractProblemLoader Init config took 7.69s 
8575       INFO  main            d.u.i.k.p.i.AbstractProblemLoader Replaying proof Cell[Cell::footprint()].JML accessible clause.0 
8611       DEBUG main            d.u.i.k.p.i.IntermediateProofReplayer Proof replay took 33ns 
9047       INFO  main            d.u.i.k.p.r.p.TestFile    ... finished proof: closed. 
9158       INFO  main            d.u.i.k.p.i.AbstractProblemLoader Loading environment from /home/runner/work/key/key/key.core/../key.ui/examples/heap/model_methods/Cell_footprint_acc.key.proof 
9158       DEBUG main            d.u.i.k.p.i.AbstractProblemLoader Environment load took 478.1ns 
9160       INFO  main            d.u.i.k.p.i.AbstractProblemLoader Creating init config 
12119      DEBUG main            d.u.i.k.p.i.AbstractProblemLoader Init config took 2.96s 
12201      INFO  main            d.u.i.k.p.i.AbstractProblemLoader Replaying proof Cell[Cell::footprint()].JML accessible clause.0 
12225      DEBUG main            d.u.i.k.p.i.IntermediateProofReplayer Proof replay took 19.77ms 
12233      DEBUG main            d.u.i.k.p.r.p.TestFile    ... success: reloaded. 
12235      INFO  main            d.u.i.k.p.r.p.TestFile    Now processing file /home/runner/work/key/key/key.core/../key.ui/examples/heap/model_methods/Cell_footprint.key 
12235      INFO  main            d.u.i.k.p.i.AbstractProblemLoader Loading environment from /home/runner/work/key/key/key.core/../key.ui/examples/heap/model_methods/Cell_footprint.key 
12235      DEBUG main            d.u.i.k.p.i.AbstractProblemLoader Environment load took 194.8ns 
12237      INFO  main            d.u.i.k.p.i.AbstractProblemLoader Creating init config 
15063      DEBUG main            d.u.i.k.p.i.AbstractProblemLoader Init config took 2.83s 
15127      INFO  main            d.u.i.k.p.i.AbstractProblemLoader Replaying proof Cell[Cell::footprint()].JML model_behavior operation contract.0 
15129      DEBUG main            d.u.i.k.p.i.IntermediateProofReplayer Proof replay took 7.2ns 
15232      INFO  main            d.u.i.k.p.r.p.TestFile    ... finished proof: closed. 
15362      INFO  main            d.u.i.k.p.i.AbstractProblemLoader Loading environment from /home/runner/work/key/key/key.core/../key.ui/examples/heap/model_methods/Cell_footprint.key.proof 
15363      DEBUG main            d.u.i.k.p.i.AbstractProblemLoader Environment load took 127.4ns 
15364      INFO  main            d.u.i.k.p.i.AbstractProblemLoader Creating init config 
18080      DEBUG main            d.u.i.k.p.i.AbstractProblemLoader Init config took 2.72s 
18144      INFO  main            d.u.i.k.p.i.AbstractProblemLoader Replaying proof Cell[Cell::footprint()].JML model_behavior operation contract.0 
18154      DEBUG main            d.u.i.k.p.i.IntermediateProofReplayer Proof replay took 7.79ms 
18155      DEBUG main            d.u.i.k.p.r.p.TestFile    ... success: reloaded. 
18156      INFO  main            d.u.i.k.p.r.p.TestFile    Now processing file /home/runner/work/key/key/key.core/../key.ui/examples/heap/model_methods/Cell_get_acc.key 
18156      INFO  main            d.u.i.k.p.i.AbstractProblemLoader Loading environment from /home/runner/work/key/key/key.core/../key.ui/examples/heap/model_methods/Cell_get_acc.key 
18157      DEBUG main            d.u.i.k.p.i.AbstractProblemLoader Environment load took 174.9ns 
18158      INFO  main            d.u.i.k.p.i.AbstractProblemLoader Creating init config 
20807      DEBUG main            d.u.i.k.p.i.AbstractProblemLoader Init config took 2.65s 
20858      INFO  main            d.u.i.k.p.i.AbstractProblemLoader Replaying proof Cell[Cell::get()].JML accessible clause.0 
20860      DEBUG main            d.u.i.k.p.i.IntermediateProofReplayer Proof replay took 6.4ns 
21074      INFO  main            d.u.i.k.p.r.p.TestFile    ... finished proof: closed. 
21222      INFO  main            d.u.i.k.p.i.AbstractProblemLoader Loading environment from /home/runner/work/key/key/key.core/../key.ui/examples/heap/model_methods/Cell_get_acc.key.proof 
21227      DEBUG main            d.u.i.k.p.i.AbstractProblemLoader Environment load took 5.27ms 
21229      INFO  main            d.u.i.k.p.i.AbstractProblemLoader Creating init config 
23884      DEBUG main            d.u.i.k.p.i.AbstractProblemLoader Init config took 2.66s 
23945      INFO  main            d.u.i.k.p.i.AbstractProblemLoader Replaying proof Cell[Cell::get()].JML accessible clause.0 
23978      DEBUG main            d.u.i.k.p.i.IntermediateProofReplayer Proof replay took 30.19ms 
23979      DEBUG main            d.u.i.k.p.r.p.TestFile    ... success: reloaded. 
23980      INFO  main            d.u.i.k.p.r.p.TestFile    Now processing file /home/runner/work/key/key/key.core/../key.ui/examples/heap/model_methods/Cell_get.key 
23981      INFO  main            d.u.i.k.p.i.AbstractProblemLoader Loading environment from /home/runner/work/key/key/key.core/../key.ui/examples/heap/model_methods/Cell_get.key 
23981      DEBUG main            d.u.i.k.p.i.AbstractProblemLoader Environment load took 200ns 
23982      INFO  main            d.u.i.k.p.i.AbstractProblemLoader Creating init config 
26650      DEBUG main            d.u.i.k.p.i.AbstractProblemLoader Init config took 2.67s 
26710      INFO  main            d.u.i.k.p.i.AbstractProblemLoader Replaying proof Cell[Cell::get()].JML operation contract.0 
26712      DEBUG main            d.u.i.k.p.i.IntermediateProofReplayer Proof replay took 6.3ns 
26814      INFO  main            d.u.i.k.p.r.p.TestFile    ... finished proof: closed. 
26986      INFO  main            d.u.i.k.p.i.AbstractProblemLoader Loading environment from /home/runner/work/key/key/key.core/../key.ui/examples/heap/model_methods/Cell_get.key.proof 
26987      DEBUG main            d.u.i.k.p.i.AbstractProblemLoader Environment load took 138.3ns 
26988      INFO  main            d.u.i.k.p.i.AbstractProblemLoader Creating init config 
29581      DEBUG main            d.u.i.k.p.i.AbstractProblemLoader Init config took 2.59s 
29638      INFO  main            d.u.i.k.p.i.AbstractProblemLoader Replaying proof Cell[Cell::get()].JML operation contract.0 
29654      DEBUG main            d.u.i.k.p.i.IntermediateProofReplayer Proof replay took 13.88ms 
29655      DEBUG main            d.u.i.k.p.r.p.TestFile    ... success: reloaded. 
29657      INFO  main            d.u.i.k.p.r.p.TestFile    Now processing file /home/runner/work/key/key/key.core/../key.ui/examples/heap/model_methods/Cell_post_set.key 
29657      INFO  main            d.u.i.k.p.i.AbstractProblemLoader Loading environment from /home/runner/work/key/key/key.core/../key.ui/examples/heap/model_methods/Cell_post_set.key 
29657      DEBUG main            d.u.i.k.p.i.AbstractProblemLoader Environment load took 175.1ns 
29658      INFO  main            d.u.i.k.p.i.AbstractProblemLoader Creating init config 
32290      DEBUG main            d.u.i.k.p.i.AbstractProblemLoader Init config took 2.63s 
32351      INFO  main            d.u.i.k.p.i.AbstractProblemLoader Replaying proof Cell[Cell::post_set(int)].JML model_behavior operation contract.0 
32353      DEBUG main            d.u.i.k.p.i.IntermediateProofReplayer Proof replay took 6.3ns 
32455      INFO  main            d.u.i.k.p.r.p.TestFile    ... finished proof: closed. 
32606      INFO  main            d.u.i.k.p.i.AbstractProblemLoader Loading environment from /home/runner/work/key/key/key.core/../key.ui/examples/heap/model_methods/Cell_post_set.key.proof 
32606      DEBUG main            d.u.i.k.p.i.AbstractProblemLoader Environment load took 124.6ns 
32607      INFO  main            d.u.i.k.p.i.AbstractProblemLoader Creating init config 
35206      DEBUG main            d.u.i.k.p.i.AbstractProblemLoader Init config took 2.6s 
35252      INFO  main            d.u.i.k.p.i.AbstractProblemLoader Replaying proof Cell[Cell::post_set(int)].JML model_behavior operation contract.0 
35258      DEBUG main            d.u.i.k.p.i.IntermediateProofReplayer Proof replay took 4.4ms 
35259      DEBUG main            d.u.i.k.p.r.p.TestFile    ... success: reloaded. 
35260      INFO  main            d.u.i.k.p.r.p.TestFile    Now processing file /home/runner/work/key/key/key.core/../key.ui/examples/heap/model_methods/Cell_set.key 
35261      INFO  main            d.u.i.k.p.i.AbstractProblemLoader Loading environment from /home/runner/work/key/key/key.core/../key.ui/examples/heap/model_methods/Cell_set.key 
35261      DEBUG main            d.u.i.k.p.i.AbstractProblemLoader Environment load took 111.5ns 
35262      INFO  main            d.u.i.k.p.i.AbstractProblemLoader Creating init config 
37852      DEBUG main            d.u.i.k.p.i.AbstractProblemLoader Init config took 2.59s 
37898      INFO  main            d.u.i.k.p.i.AbstractProblemLoader Replaying proof Cell[Cell::set(int)].JML operation contract.0 
37900      DEBUG main            d.u.i.k.p.i.IntermediateProofReplayer Proof replay took 6.6ns 
44561      INFO  main            d.u.i.k.p.r.p.TestFile    ... finished proof: closed. 
44767      INFO  main            d.u.i.k.p.i.AbstractProblemLoader Loading environment from /home/runner/work/key/key/key.core/../key.ui/examples/heap/model_methods/Cell_set.key.proof 
44767      DEBUG main            d.u.i.k.p.i.AbstractProblemLoader Environment load took 372.8ns 
44769      INFO  main            d.u.i.k.p.i.AbstractProblemLoader Creating init config 
47351      DEBUG main            d.u.i.k.p.i.AbstractProblemLoader Init config took 2.58s 
47406      INFO  main            d.u.i.k.p.i.AbstractProblemLoader Replaying proof Cell[Cell::set(int)].JML operation contract.0 
47929      DEBUG main            d.u.i.k.p.i.IntermediateProofReplayer Proof replay took 501.12ms 
47931      DEBUG main            d.u.i.k.p.r.p.TestFile    ... success: reloaded. 
47933      INFO  main            d.u.i.k.p.r.p.TestFile    Now processing file /home/runner/work/key/key/key.core/../key.ui/examples/heap/model_methods/CellTest_callSet.key 
47933      INFO  main            d.u.i.k.p.i.AbstractProblemLoader Loading environment from /home/runner/work/key/key/key.core/../key.ui/examples/heap/model_methods/CellTest_callSet.key 
47933      DEBUG main            d.u.i.k.p.i.AbstractProblemLoader Environment load took 97.9ns 
47934      INFO  main            d.u.i.k.p.i.AbstractProblemLoader Creating init config 
50516      DEBUG main            d.u.i.k.p.i.AbstractProblemLoader Init config took 2.58s 
50560      INFO  main            d.u.i.k.p.i.AbstractProblemLoader Replaying proof CellTest[CellTest::callSet(Cell,int)].JML operation contract.0 
50562      DEBUG main            d.u.i.k.p.i.IntermediateProofReplayer Proof replay took 6.7ns 
50765      INFO  main            d.u.i.k.p.r.p.TestFile    ... finished proof: closed. 
50959      INFO  main            d.u.i.k.p.i.AbstractProblemLoader Loading environment from /home/runner/work/key/key/key.core/../key.ui/examples/heap/model_methods/CellTest_callSet.key.proof 
50959      DEBUG main            d.u.i.k.p.i.AbstractProblemLoader Environment load took 139.9ns 
50960      INFO  main            d.u.i.k.p.i.AbstractProblemLoader Creating init config 
53517      DEBUG main            d.u.i.k.p.i.AbstractProblemLoader Init config took 2.56s 
53561      INFO  main            d.u.i.k.p.i.AbstractProblemLoader Replaying proof CellTest[CellTest::callSet(Cell,int)].JML operation contract.0 
53618      DEBUG main            d.u.i.k.p.i.IntermediateProofReplayer Proof replay took 54.61ms 
53619      DEBUG main            d.u.i.k.p.r.p.TestFile    ... success: reloaded. 
53620      INFO  main            d.u.i.k.p.r.p.TestFile    Now processing file /home/runner/work/key/key/key.core/../key.ui/examples/heap/model_methods/CellTest_test2.key 
53621      INFO  main            d.u.i.k.p.i.AbstractProblemLoader Loading environment from /home/runner/work/key/key/key.core/../key.ui/examples/heap/model_methods/CellTest_test2.key 
53621      DEBUG main            d.u.i.k.p.i.AbstractProblemLoader Environment load took 101.7ns 
53622      INFO  main            d.u.i.k.p.i.AbstractProblemLoader Creating init config 
56183      DEBUG main            d.u.i.k.p.i.AbstractProblemLoader Init config took 2.56s 
56228      INFO  main            d.u.i.k.p.i.AbstractProblemLoader Replaying proof CellTest[CellTest::test2(Cell)].JML operation contract.0 
56229      DEBUG main            d.u.i.k.p.i.IntermediateProofReplayer Proof replay took 6.7ns 
56532      INFO  main            d.u.i.k.p.r.p.TestFile    ... finished proof: closed. 
56719      INFO  main            d.u.i.k.p.i.AbstractProblemLoader Loading environment from /home/runner/work/key/key/key.core/../key.ui/examples/heap/model_methods/CellTest_test2.key.proof 
56719      DEBUG main            d.u.i.k.p.i.AbstractProblemLoader Environment load took 474.8ns 
56720      INFO  main            d.u.i.k.p.i.AbstractProblemLoader Creating init config 
59319      DEBUG main            d.u.i.k.p.i.AbstractProblemLoader Init config took 2.6s 
59363      INFO  main            d.u.i.k.p.i.AbstractProblemLoader Replaying proof CellTest[CellTest::test2(Cell)].JML operation contract.0 
59434      DEBUG main            d.u.i.k.p.i.IntermediateProofReplayer Proof replay took 68.14ms 
59435      DEBUG main            d.u.i.k.p.r.p.TestFile    ... success: reloaded. 
59436      INFO  main            d.u.i.k.p.r.p.TestFile    Now processing file /home/runner/work/key/key/key.core/../key.ui/examples/heap/model_methods/CellTest_test.key 
59436      INFO  main            d.u.i.k.p.i.AbstractProblemLoader Loading environment from /home/runner/work/key/key/key.core/../key.ui/examples/heap/model_methods/CellTest_test.key 
59436      DEBUG main            d.u.i.k.p.i.AbstractProblemLoader Environment load took 80.9ns 
59437      INFO  main            d.u.i.k.p.i.AbstractProblemLoader Creating init config 
61993      DEBUG main            d.u.i.k.p.i.AbstractProblemLoader Init config took 2.56s 
62037      INFO  main            d.u.i.k.p.i.AbstractProblemLoader Replaying proof CellTest[CellTest::test(Recell)].JML operation contract.0 
62038      DEBUG main            d.u.i.k.p.i.IntermediateProofReplayer Proof replay took 7.5ns 
64047      INFO  main            d.u.i.k.p.r.p.TestFile    ... finished proof: closed. 
64276      INFO  main            d.u.i.k.p.i.AbstractProblemLoader Loading environment from /home/runner/work/key/key/key.core/../key.ui/examples/heap/model_methods/CellTest_test.key.proof 
64278      DEBUG main            d.u.i.k.p.i.AbstractProblemLoader Environment load took 2.34ms 
64280      INFO  main            d.u.i.k.p.i.AbstractProblemLoader Creating init config 
66782      DEBUG main            d.u.i.k.p.i.AbstractProblemLoader Init config took 2.5s 
66825      INFO  main            d.u.i.k.p.i.AbstractProblemLoader Replaying proof CellTest[CellTest::test(Recell)].JML operation contract.0 
67249      DEBUG main            d.u.i.k.p.i.IntermediateProofReplayer Proof replay took 408.78ms 
67250      DEBUG main            d.u.i.k.p.r.p.TestFile    ... success: reloaded. 
67251      INFO  main            d.u.i.k.p.r.p.TestFile    Now processing file /home/runner/work/key/key/key.core/../key.ui/examples/heap/model_methods/Coll1_add.key 
67251      INFO  main            d.u.i.k.p.i.AbstractProblemLoader Loading environment from /home/runner/work/key/key/key.core/../key.ui/examples/heap/model_methods/Coll1_add.key 
67252      DEBUG main            d.u.i.k.p.i.AbstractProblemLoader Environment load took 188.5ns 
67253      INFO  main            d.u.i.k.p.i.AbstractProblemLoader Creating init config 
69833      DEBUG main            d.u.i.k.p.i.AbstractProblemLoader Init config took 2.58s 
69876      INFO  main            d.u.i.k.p.i.AbstractProblemLoader Replaying proof Coll1[Coll::add(int)].JML operation contract.0 
69879      DEBUG main            d.u.i.k.p.i.IntermediateProofReplayer Proof replay took 7.1ns 
69981      INFO  main            d.u.i.k.p.r.p.TestFile    ... finished proof: closed. 
70166      INFO  main            d.u.i.k.p.i.AbstractProblemLoader Loading environment from /home/runner/work/key/key/key.core/../key.ui/examples/heap/model_methods/Coll1_add.key.proof 
70166      DEBUG main            d.u.i.k.p.i.AbstractProblemLoader Environment load took 119.9ns 
70167      INFO  main            d.u.i.k.p.i.AbstractProblemLoader Creating init config 
72693      DEBUG main            d.u.i.k.p.i.AbstractProblemLoader Init config took 2.53s 
72734      INFO  main            d.u.i.k.p.i.AbstractProblemLoader Replaying proof Coll1[Coll::add(int)].JML operation contract.0 
72742      DEBUG main            d.u.i.k.p.i.IntermediateProofReplayer Proof replay took 6.15ms 
72743      DEBUG main            d.u.i.k.p.r.p.TestFile    ... success: reloaded. 
72744      INFO  main            d.u.i.k.p.r.p.TestFile    Now processing file /home/runner/work/key/key/key.core/../key.ui/examples/heap/model_methods/Coll1_Coll1_add_pre.key 
72744      INFO  main            d.u.i.k.p.i.AbstractProblemLoader Loading environment from /home/runner/work/key/key/key.core/../key.ui/examples/heap/model_methods/Coll1_Coll1_add_pre.key 
72744      DEBUG main            d.u.i.k.p.i.AbstractProblemLoader Environment load took 99.5ns 
72745      INFO  main            d.u.i.k.p.i.AbstractProblemLoader Creating init config 
75307      DEBUG main            d.u.i.k.p.i.AbstractProblemLoader Init config took 2.56s 
75364      INFO  main            d.u.i.k.p.i.AbstractProblemLoader Replaying proof Coll1[Coll1::add_pre(int)].JML model_behavior operation contract.0 
75366      DEBUG main            d.u.i.k.p.i.IntermediateProofReplayer Proof replay took 6.8ns 
75470      INFO  main            d.u.i.k.p.r.p.TestFile    ... finished proof: closed. 
75690      INFO  main            d.u.i.k.p.i.AbstractProblemLoader Loading environment from /home/runner/work/key/key/key.core/../key.ui/examples/heap/model_methods/Coll1_Coll1_add_pre.key.proof 
75690      DEBUG main            d.u.i.k.p.i.AbstractProblemLoader Environment load took 132.5ns 
75691      INFO  main            d.u.i.k.p.i.AbstractProblemLoader Creating init config 
78189      DEBUG main            d.u.i.k.p.i.AbstractProblemLoader Init config took 2.5s 
78246      INFO  main            d.u.i.k.p.i.AbstractProblemLoader Replaying proof Coll1[Coll1::add_pre(int)].JML model_behavior operation contract.0 
78251      DEBUG main            d.u.i.k.p.i.IntermediateProofReplayer Proof replay took 1.33ms 
78253      DEBUG main            d.u.i.k.p.r.p.TestFile    ... success: reloaded. 
78256      INFO  main            d.u.i.k.p.r.p.TestFile    Now processing file /home/runner/work/key/key/key.core/../key.ui/examples/heap/model_methods/Coll1_Coll_add_pre.key 
78257      INFO  main            d.u.i.k.p.i.AbstractProblemLoader Loading environment from /home/runner/work/key/key/key.core/../key.ui/examples/heap/model_methods/Coll1_Coll_add_pre.key 
78257      DEBUG main            d.u.i.k.p.i.AbstractProblemLoader Environment load took 203.4ns 
78258      INFO  main            d.u.i.k.p.i.AbstractProblemLoader Creating init config 
80842      DEBUG main            d.u.i.k.p.i.AbstractProblemLoader Init config took 2.58s 
80888      INFO  main            d.u.i.k.p.i.AbstractProblemLoader Replaying proof Coll1[Coll::add_pre(int)].JML model_behavior operation contract.0 
80890      DEBUG main            d.u.i.k.p.i.IntermediateProofReplayer Proof replay took 7.8ns 
80994      INFO  main            d.u.i.k.p.r.p.TestFile    ... finished proof: closed. 
81184      INFO  main            d.u.i.k.p.i.AbstractProblemLoader Loading environment from /home/runner/work/key/key/key.core/../key.ui/examples/heap/model_methods/Coll1_Coll_add_pre.key.proof 
81184      DEBUG main            d.u.i.k.p.i.AbstractProblemLoader Environment load took 120.6ns 
81185      INFO  main            d.u.i.k.p.i.AbstractProblemLoader Creating init config 
83688      DEBUG main            d.u.i.k.p.i.AbstractProblemLoader Init config took 2.5s 
83727      INFO  main            d.u.i.k.p.i.AbstractProblemLoader Replaying proof Coll1[Coll::add_pre(int)].JML model_behavior operation contract.0 
83730      DEBUG main            d.u.i.k.p.i.IntermediateProofReplayer Proof replay took 2ms 
83731      DEBUG main            d.u.i.k.p.r.p.TestFile    ... success: reloaded. 
83732      INFO  main            d.u.i.k.p.r.p.TestFile    Now processing file /home/runner/work/key/key/key.core/../key.ui/examples/heap/model_methods/Coll2_add.key 
83732      INFO  main            d.u.i.k.p.i.AbstractProblemLoader Loading environment from /home/runner/work/key/key/key.core/../key.ui/examples/heap/model_methods/Coll2_add.key 
83733      DEBUG main            d.u.i.k.p.i.AbstractProblemLoader Environment load took 97.7ns 
83733      INFO  main            d.u.i.k.p.i.AbstractProblemLoader Creating init config 
86307      DEBUG main            d.u.i.k.p.i.AbstractProblemLoader Init config took 2.57s 
86346      INFO  main            d.u.i.k.p.i.AbstractProblemLoader Replaying proof Coll2[Coll::add(int)].JML operation contract.0 
86348      DEBUG main            d.u.i.k.p.i.IntermediateProofReplayer Proof replay took 6.4ns 
86450      INFO  main            d.u.i.k.p.r.p.TestFile    ... finished proof: closed. 
86661      INFO  main            d.u.i.k.p.i.AbstractProblemLoader Loading environment from /home/runner/work/key/key/key.core/../key.ui/examples/heap/model_methods/Coll2_add.key.proof 
86661      DEBUG main            d.u.i.k.p.i.AbstractProblemLoader Environment load took 119ns 
86662      INFO  main            d.u.i.k.p.i.AbstractProblemLoader Creating init config 
89149      DEBUG main            d.u.i.k.p.i.AbstractProblemLoader Init config took 2.49s 
89186      INFO  main            d.u.i.k.p.i.AbstractProblemLoader Replaying proof Coll2[Coll::add(int)].JML operation contract.0 
89194      DEBUG main            d.u.i.k.p.i.IntermediateProofReplayer Proof replay took 5.91ms 
89195      DEBUG main            d.u.i.k.p.r.p.TestFile    ... success: reloaded. 
89196      INFO  main            d.u.i.k.p.r.p.TestFile    Now processing file /home/runner/work/key/key/key.core/../key.ui/examples/heap/model_methods/Coll2_Coll2_add_pre.key 
89196      INFO  main            d.u.i.k.p.i.AbstractProblemLoader Loading environment from /home/runner/work/key/key/key.core/../key.ui/examples/heap/model_methods/Coll2_Coll2_add_pre.key 
89196      DEBUG main            d.u.i.k.p.i.AbstractProblemLoader Environment load took 204ns 
89197      INFO  main            d.u.i.k.p.i.AbstractProblemLoader Creating init config 
91740      DEBUG main            d.u.i.k.p.i.AbstractProblemLoader Init config took 2.54s 
91777      INFO  main            d.u.i.k.p.i.AbstractProblemLoader Replaying proof Coll2[Coll2::add_pre(int)].JML model_behavior operation contract.0 
91778      DEBUG main            d.u.i.k.p.i.IntermediateProofReplayer Proof replay took 6.5ns 
91882      INFO  main            d.u.i.k.p.r.p.TestFile    ... finished proof: closed. 
92090      INFO  main            d.u.i.k.p.i.AbstractProblemLoader Loading environment from /home/runner/work/key/key/key.core/../key.ui/examples/heap/model_methods/Coll2_Coll2_add_pre.key.proof 
92090      DEBUG main            d.u.i.k.p.i.AbstractProblemLoader Environment load took 118.3ns 
92091      INFO  main            d.u.i.k.p.i.AbstractProblemLoader Creating init config 
94570      DEBUG main            d.u.i.k.p.i.AbstractProblemLoader Init config took 2.48s 
94610      INFO  main            d.u.i.k.p.i.AbstractProblemLoader Replaying proof Coll2[Coll2::add_pre(int)].JML model_behavior operation contract.0 
94613      DEBUG main            d.u.i.k.p.i.IntermediateProofReplayer Proof replay took 1.45ms 
94615      DEBUG main            d.u.i.k.p.r.p.TestFile    ... success: reloaded. 
94616      INFO  main            d.u.i.k.p.r.p.TestFile    Now processing file /home/runner/work/key/key/key.core/../key.ui/examples/heap/model_methods/Coll2_Coll_add_pre.key 
94616      INFO  main            d.u.i.k.p.i.AbstractProblemLoader Loading environment from /home/runner/work/key/key/key.core/../key.ui/examples/heap/model_methods/Coll2_Coll_add_pre.key 
94617      DEBUG main            d.u.i.k.p.i.AbstractProblemLoader Environment load took 194.8ns 
94618      INFO  main            d.u.i.k.p.i.AbstractProblemLoader Creating init config 
97173      DEBUG main            d.u.i.k.p.i.AbstractProblemLoader Init config took 2.55s 
97210      INFO  main            d.u.i.k.p.i.AbstractProblemLoader Replaying proof Coll2[Coll::add_pre(int)].JML model_behavior operation contract.0 
97211      DEBUG main            d.u.i.k.p.i.IntermediateProofReplayer Proof replay took 6.9ns 
97317      INFO  main            d.u.i.k.p.r.p.TestFile    ... finished proof: closed. 
97534      INFO  main            d.u.i.k.p.i.AbstractProblemLoader Loading environment from /home/runner/work/key/key/key.core/../key.ui/examples/heap/model_methods/Coll2_Coll_add_pre.key.proof 
97534      DEBUG main            d.u.i.k.p.i.AbstractProblemLoader Environment load took 116.9ns 
97535      INFO  main            d.u.i.k.p.i.AbstractProblemLoader Creating init config 
100048     DEBUG main            d.u.i.k.p.i.AbstractProblemLoader Init config took 2.51s 
100093     INFO  main            d.u.i.k.p.i.AbstractProblemLoader Replaying proof Coll2[Coll::add_pre(int)].JML model_behavior operation contract.0 
100096     DEBUG main            d.u.i.k.p.i.IntermediateProofReplayer Proof replay took 1.93ms 
100097     DEBUG main            d.u.i.k.p.r.p.TestFile    ... success: reloaded. 
100098     INFO  main            d.u.i.k.p.r.p.TestFile    Now processing file /home/runner/work/key/key/key.core/../key.ui/examples/heap/model_methods/Coll_add.key 
100099     INFO  main            d.u.i.k.p.i.AbstractProblemLoader Loading environment from /home/runner/work/key/key/key.core/../key.ui/examples/heap/model_methods/Coll_add.key 
100099     DEBUG main            d.u.i.k.p.i.AbstractProblemLoader Environment load took 64.5ns 
100100     INFO  main            d.u.i.k.p.i.AbstractProblemLoader Creating init config 
102601     DEBUG main            d.u.i.k.p.i.AbstractProblemLoader Init config took 2.5s 
102639     INFO  main            d.u.i.k.p.i.AbstractProblemLoader Replaying proof Coll[Coll::add(int)].JML operation contract.0 
102641     DEBUG main            d.u.i.k.p.i.IntermediateProofReplayer Proof replay took 6.6ns 
102746     INFO  main            d.u.i.k.p.r.p.TestFile    ... finished proof: closed. 
102967     INFO  main            d.u.i.k.p.i.AbstractProblemLoader Loading environment from /home/runner/work/key/key/key.core/../key.ui/examples/heap/model_methods/Coll_add.key.proof 
102967     DEBUG main            d.u.i.k.p.i.AbstractProblemLoader Environment load took 121.5ns 
102968     INFO  main            d.u.i.k.p.i.AbstractProblemLoader Creating init config 
105463     DEBUG main            d.u.i.k.p.i.AbstractProblemLoader Init config took 2.49s 
105501     INFO  main            d.u.i.k.p.i.AbstractProblemLoader Replaying proof Coll[Coll::add(int)].JML operation contract.0 
105504     DEBUG main            d.u.i.k.p.i.IntermediateProofReplayer Proof replay took 1.88ms 
105505     DEBUG main            d.u.i.k.p.r.p.TestFile    ... success: reloaded. 
105506     INFO  main            d.u.i.k.p.r.p.TestFile    Now processing file /home/runner/work/key/key/key.core/../key.ui/examples/heap/model_methods/Coll_add_pre.key 
105507     INFO  main            d.u.i.k.p.i.AbstractProblemLoader Loading environment from /home/runner/work/key/key/key.core/../key.ui/examples/heap/model_methods/Coll_add_pre.key 
105507     DEBUG main            d.u.i.k.p.i.AbstractProblemLoader Environment load took 169.1ns 
105508     INFO  main            d.u.i.k.p.i.AbstractProblemLoader Creating init config 
108083     DEBUG main            d.u.i.k.p.i.AbstractProblemLoader Init config took 2.58s 
108121     INFO  main            d.u.i.k.p.i.AbstractProblemLoader Replaying proof Coll[Coll::add_pre(int)].JML model_behavior operation contract.0 
108123     DEBUG main            d.u.i.k.p.i.IntermediateProofReplayer Proof replay took 6.9ns 
108225     INFO  main            d.u.i.k.p.r.p.TestFile    ... finished proof: closed. 
108448     INFO  main            d.u.i.k.p.i.AbstractProblemLoader Loading environment from /home/runner/work/key/key/key.core/../key.ui/examples/heap/model_methods/Coll_add_pre.key.proof 
108448     DEBUG main            d.u.i.k.p.i.AbstractProblemLoader Environment load took 160.7ns 
108450     INFO  main            d.u.i.k.p.i.AbstractProblemLoader Creating init config 
110918     DEBUG main            d.u.i.k.p.i.AbstractProblemLoader Init config took 2.47s 
110960     INFO  main            d.u.i.k.p.i.AbstractProblemLoader Replaying proof Coll[Coll::add_pre(int)].JML model_behavior operation contract.0 
110963     DEBUG main            d.u.i.k.p.i.IntermediateProofReplayer Proof replay took 2.25ms 
110964     DEBUG main            d.u.i.k.p.r.p.TestFile    ... success: reloaded. 
110965     INFO  main            d.u.i.k.p.r.p.TestFile    Now processing file /home/runner/work/key/key/key.core/../key.ui/examples/heap/model_methods/Indirect_callAdd.key 
110965     INFO  main            d.u.i.k.p.i.AbstractProblemLoader Loading environment from /home/runner/work/key/key/key.core/../key.ui/examples/heap/model_methods/Indirect_callAdd.key 
110965     DEBUG main            d.u.i.k.p.i.AbstractProblemLoader Environment load took 58.9ns 
110966     INFO  main            d.u.i.k.p.i.AbstractProblemLoader Creating init config 
113516     DEBUG main            d.u.i.k.p.i.AbstractProblemLoader Init config took 2.55s 
113552     INFO  main            d.u.i.k.p.i.AbstractProblemLoader Replaying proof Indirect[Indirect::callAdd(Coll,int)].JML operation contract.0 
113554     DEBUG main            d.u.i.k.p.i.IntermediateProofReplayer Proof replay took 7.2ns 
113656     INFO  main            d.u.i.k.p.r.p.TestFile    ... finished proof: closed. 
113894     INFO  main            d.u.i.k.p.i.AbstractProblemLoader Loading environment from /home/runner/work/key/key/key.core/../key.ui/examples/heap/model_methods/Indirect_callAdd.key.proof 
113894     DEBUG main            d.u.i.k.p.i.AbstractProblemLoader Environment load took 133.4ns 
113895     INFO  main            d.u.i.k.p.i.AbstractProblemLoader Creating init config 
116356     DEBUG main            d.u.i.k.p.i.AbstractProblemLoader Init config took 2.46s 
116394     INFO  main            d.u.i.k.p.i.AbstractProblemLoader Replaying proof Indirect[Indirect::callAdd(Coll,int)].JML operation contract.0 
116416     DEBUG main            d.u.i.k.p.i.IntermediateProofReplayer Proof replay took 20.15ms 
116417     DEBUG main            d.u.i.k.p.r.p.TestFile    ... success: reloaded. 
116418     INFO  main            d.u.i.k.p.r.p.TestFile    Now processing file /home/runner/work/key/key/key.core/../key.ui/examples/heap/model_methods/Indirect_test.key 
116418     INFO  main            d.u.i.k.p.i.AbstractProblemLoader Loading environment from /home/runner/work/key/key/key.core/../key.ui/examples/heap/model_methods/Indirect_test.key 
116418     DEBUG main            d.u.i.k.p.i.AbstractProblemLoader Environment load took 84ns 
116419     INFO  main            d.u.i.k.p.i.AbstractProblemLoader Creating init config 
119016     DEBUG main            d.u.i.k.p.i.AbstractProblemLoader Init config took 2.6s 
119056     INFO  main            d.u.i.k.p.i.AbstractProblemLoader Replaying proof Indirect[Indirect::test(Coll1,Coll2)].JML operation contract.0 
119059     DEBUG main            d.u.i.k.p.i.IntermediateProofReplayer Proof replay took 7.9ns 
119261     INFO  main            d.u.i.k.p.r.p.TestFile    ... finished proof: closed. 
119512     INFO  main            d.u.i.k.p.i.AbstractProblemLoader Loading environment from /home/runner/work/key/key/key.core/../key.ui/examples/heap/model_methods/Indirect_test.key.proof 
119512     DEBUG main            d.u.i.k.p.i.AbstractProblemLoader Environment load took 122.7ns 
119513     INFO  main            d.u.i.k.p.i.AbstractProblemLoader Creating init config 
121987     DEBUG main            d.u.i.k.p.i.AbstractProblemLoader Init config took 2.47s 
122024     INFO  main            d.u.i.k.p.i.AbstractProblemLoader Replaying proof Indirect[Indirect::test(Coll1,Coll2)].JML operation contract.0 
122074     DEBUG main            d.u.i.k.p.i.IntermediateProofReplayer Proof replay took 46.56ms 
122075     DEBUG main            d.u.i.k.p.r.p.TestFile    ... success: reloaded. 
122076     INFO  main            d.u.i.k.p.r.p.TestFile    Now processing file /home/runner/work/key/key/key.core/../key.ui/examples/heap/model_methods/Recell_Cell_footprint.key 
122076     INFO  main            d.u.i.k.p.i.AbstractProblemLoader Loading environment from /home/runner/work/key/key/key.core/../key.ui/examples/heap/model_methods/Recell_Cell_footprint.key 
122076     DEBUG main            d.u.i.k.p.i.AbstractProblemLoader Environment load took 165.1ns 
122077     INFO  main            d.u.i.k.p.i.AbstractProblemLoader Creating init config 
124643     DEBUG main            d.u.i.k.p.i.AbstractProblemLoader Init config took 2.57s 
124679     INFO  main            d.u.i.k.p.i.AbstractProblemLoader Replaying proof Recell[Cell::footprint()].JML model_behavior operation contract.0 
124680     DEBUG main            d.u.i.k.p.i.IntermediateProofReplayer Proof replay took 6.4ns 
124786     INFO  main            d.u.i.k.p.r.p.TestFile    ... finished proof: closed. 
125027     INFO  main            d.u.i.k.p.i.AbstractProblemLoader Loading environment from /home/runner/work/key/key/key.core/../key.ui/examples/heap/model_methods/Recell_Cell_footprint.key.proof 
125027     DEBUG main            d.u.i.k.p.i.AbstractProblemLoader Environment load took 108.1ns 
125028     INFO  main            d.u.i.k.p.i.AbstractProblemLoader Creating init config 
127512     DEBUG main            d.u.i.k.p.i.AbstractProblemLoader Init config took 2.48s 
127557     INFO  main            d.u.i.k.p.i.AbstractProblemLoader Replaying proof Recell[Cell::footprint()].JML model_behavior operation contract.0 
127561     DEBUG main            d.u.i.k.p.i.IntermediateProofReplayer Proof replay took 2.99ms 
127562     DEBUG main            d.u.i.k.p.r.p.TestFile    ... success: reloaded. 
127563     INFO  main            d.u.i.k.p.r.p.TestFile    Now processing file /home/runner/work/key/key/key.core/../key.ui/examples/heap/model_methods/Recell_Cell_post_set.key 
127563     INFO  main            d.u.i.k.p.i.AbstractProblemLoader Loading environment from /home/runner/work/key/key/key.core/../key.ui/examples/heap/model_methods/Recell_Cell_post_set.key 
127563     DEBUG main            d.u.i.k.p.i.AbstractProblemLoader Environment load took 91.3ns 
127564     INFO  main            d.u.i.k.p.i.AbstractProblemLoader Creating init config 
130072     DEBUG main            d.u.i.k.p.i.AbstractProblemLoader Init config took 2.51s 
130110     INFO  main            d.u.i.k.p.i.AbstractProblemLoader Replaying proof Recell[Cell::post_set(int)].JML model_behavior operation contract.0 
130111     DEBUG main            d.u.i.k.p.i.IntermediateProofReplayer Proof replay took 6.9ns 
130213     INFO  main            d.u.i.k.p.r.p.TestFile    ... finished proof: closed. 
130466     INFO  main            d.u.i.k.p.i.AbstractProblemLoader Loading environment from /home/runner/work/key/key/key.core/../key.ui/examples/heap/model_methods/Recell_Cell_post_set.key.proof 
130466     DEBUG main            d.u.i.k.p.i.AbstractProblemLoader Environment load took 111.5ns 
130467     INFO  main            d.u.i.k.p.i.AbstractProblemLoader Creating init config 
132934     DEBUG main            d.u.i.k.p.i.AbstractProblemLoader Init config took 2.47s 
132970     INFO  main            d.u.i.k.p.i.AbstractProblemLoader Replaying proof Recell[Cell::post_set(int)].JML model_behavior operation contract.0 
132975     DEBUG main            d.u.i.k.p.i.IntermediateProofReplayer Proof replay took 3.31ms 
132976     DEBUG main            d.u.i.k.p.r.p.TestFile    ... success: reloaded. 
132976     INFO  main            d.u.i.k.p.r.p.TestFile    Now processing file /home/runner/work/key/key/key.core/../key.ui/examples/heap/model_methods/Recell_footprint_acc.key 
132977     INFO  main            d.u.i.k.p.i.AbstractProblemLoader Loading environment from /home/runner/work/key/key/key.core/../key.ui/examples/heap/model_methods/Recell_footprint_acc.key 
132977     DEBUG main            d.u.i.k.p.i.AbstractProblemLoader Environment load took 62.9ns 
132978     INFO  main            d.u.i.k.p.i.AbstractProblemLoader Creating init config 
135508     DEBUG main            d.u.i.k.p.i.AbstractProblemLoader Init config took 2.53s 
135544     INFO  main            d.u.i.k.p.i.AbstractProblemLoader Replaying proof Recell[Cell::footprint()].JML accessible clause.0 
135545     DEBUG main            d.u.i.k.p.i.IntermediateProofReplayer Proof replay took 6.6ns 
135651     INFO  main            d.u.i.k.p.r.p.TestFile    ... finished proof: closed. 
135908     INFO  main            d.u.i.k.p.i.AbstractProblemLoader Loading environment from /home/runner/work/key/key/key.core/../key.ui/examples/heap/model_methods/Recell_footprint_acc.key.proof 
135908     DEBUG main            d.u.i.k.p.i.AbstractProblemLoader Environment load took 122.7ns 
135910     INFO  main            d.u.i.k.p.i.AbstractProblemLoader Creating init config 
138370     DEBUG main            d.u.i.k.p.i.AbstractProblemLoader Init config took 2.46s 
138406     INFO  main            d.u.i.k.p.i.AbstractProblemLoader Replaying proof Recell[Cell::footprint()].JML accessible clause.0 
138425     DEBUG main            d.u.i.k.p.i.IntermediateProofReplayer Proof replay took 16.66ms 
138426     DEBUG main            d.u.i.k.p.r.p.TestFile    ... success: reloaded. 
138427     INFO  main            d.u.i.k.p.r.p.TestFile    Now processing file /home/runner/work/key/key/key.core/../key.ui/examples/heap/model_methods/Recell_get_acc.key 
138427     INFO  main            d.u.i.k.p.i.AbstractProblemLoader Loading environment from /home/runner/work/key/key/key.core/../key.ui/examples/heap/model_methods/Recell_get_acc.key 
138427     DEBUG main            d.u.i.k.p.i.AbstractProblemLoader Environment load took 89.3ns 
138428     INFO  main            d.u.i.k.p.i.AbstractProblemLoader Creating init config 
140935     DEBUG main            d.u.i.k.p.i.AbstractProblemLoader Init config took 2.51s 
140971     INFO  main            d.u.i.k.p.i.AbstractProblemLoader Replaying proof Recell[Cell::get()].JML accessible clause.0 
140973     DEBUG main            d.u.i.k.p.i.IntermediateProofReplayer Proof replay took 7.5ns 
141078     INFO  main            d.u.i.k.p.r.p.TestFile    ... finished proof: closed. 
141401     INFO  main            d.u.i.k.p.i.AbstractProblemLoader Loading environment from /home/runner/work/key/key/key.core/../key.ui/examples/heap/model_methods/Recell_get_acc.key.proof 
141402     DEBUG main            d.u.i.k.p.i.AbstractProblemLoader Environment load took 119.8ns 
141402     INFO  main            d.u.i.k.p.i.AbstractProblemLoader Creating init config 
143853     DEBUG main            d.u.i.k.p.i.AbstractProblemLoader Init config took 2.45s 
143889     INFO  main            d.u.i.k.p.i.AbstractProblemLoader Replaying proof Recell[Cell::get()].JML accessible clause.0 
143905     DEBUG main            d.u.i.k.p.i.IntermediateProofReplayer Proof replay took 14.59ms 
143906     DEBUG main            d.u.i.k.p.r.p.TestFile    ... success: reloaded. 
143907     INFO  main            d.u.i.k.p.r.p.TestFile    Now processing file /home/runner/work/key/key/key.core/../key.ui/examples/heap/model_methods/Recell_get.key 
143907     INFO  main            d.u.i.k.p.i.AbstractProblemLoader Loading environment from /home/runner/work/key/key/key.core/../key.ui/examples/heap/model_methods/Recell_get.key 
143907     DEBUG main            d.u.i.k.p.i.AbstractProblemLoader Environment load took 86.7ns 
143908     INFO  main            d.u.i.k.p.i.AbstractProblemLoader Creating init config 
146427     DEBUG main            d.u.i.k.p.i.AbstractProblemLoader Init config took 2.52s 
146464     INFO  main            d.u.i.k.p.i.AbstractProblemLoader Replaying proof Recell[Cell::get()].JML operation contract.0 
146466     DEBUG main            d.u.i.k.p.i.IntermediateProofReplayer Proof replay took 6.3ns 
146567     INFO  main            d.u.i.k.p.r.p.TestFile    ... finished proof: closed. 
146834     INFO  main            d.u.i.k.p.i.AbstractProblemLoader Loading environment from /home/runner/work/key/key/key.core/../key.ui/examples/heap/model_methods/Recell_get.key.proof 
146834     DEBUG main            d.u.i.k.p.i.AbstractProblemLoader Environment load took 111.4ns 
146835     INFO  main            d.u.i.k.p.i.AbstractProblemLoader Creating init config 
149289     DEBUG main            d.u.i.k.p.i.AbstractProblemLoader Init config took 2.45s 
149325     INFO  main            d.u.i.k.p.i.AbstractProblemLoader Replaying proof Recell[Cell::get()].JML operation contract.0 
149336     DEBUG main            d.u.i.k.p.i.IntermediateProofReplayer Proof replay took 8.28ms 
149337     DEBUG main            d.u.i.k.p.r.p.TestFile    ... success: reloaded. 
149338     INFO  main            d.u.i.k.p.r.p.TestFile    Now processing file /home/runner/work/key/key/key.core/../key.ui/examples/heap/model_methods/Recell_Recell_footprint.key 
149339     INFO  main            d.u.i.k.p.i.AbstractProblemLoader Loading environment from /home/runner/work/key/key/key.core/../key.ui/examples/heap/model_methods/Recell_Recell_footprint.key 
149339     DEBUG main            d.u.i.k.p.i.AbstractProblemLoader Environment load took 209.2ns 
149341     INFO  main            d.u.i.k.p.i.AbstractProblemLoader Creating init config 
151892     DEBUG main            d.u.i.k.p.i.AbstractProblemLoader Init config took 2.55s 
151927     INFO  main            d.u.i.k.p.i.AbstractProblemLoader Replaying proof Recell[Recell::footprint()].JML model_behavior operation contract.0 
151928     DEBUG main            d.u.i.k.p.i.IntermediateProofReplayer Proof replay took 6.2ns 
152033     INFO  main            d.u.i.k.p.r.p.TestFile    ... finished proof: closed. 
152305     INFO  main            d.u.i.k.p.i.AbstractProblemLoader Loading environment from /home/runner/work/key/key/key.core/../key.ui/examples/heap/model_methods/Recell_Recell_footprint.key.proof 
152305     DEBUG main            d.u.i.k.p.i.AbstractProblemLoader Environment load took 104.5ns 
152306     INFO  main            d.u.i.k.p.i.AbstractProblemLoader Creating init config 
154748     DEBUG main            d.u.i.k.p.i.AbstractProblemLoader Init config took 2.44s 
154784     INFO  main            d.u.i.k.p.i.AbstractProblemLoader Replaying proof Recell[Recell::footprint()].JML model_behavior operation contract.0 
154786     DEBUG main            d.u.i.k.p.i.IntermediateProofReplayer Proof replay took 1.28ms 
154787     DEBUG main            d.u.i.k.p.r.p.TestFile    ... success: reloaded. 
154788     INFO  main            d.u.i.k.p.r.p.TestFile    Now processing file /home/runner/work/key/key/key.core/../key.ui/examples/heap/model_methods/Recell_Recell_post_set.key 
154788     INFO  main            d.u.i.k.p.i.AbstractProblemLoader Loading environment from /home/runner/work/key/key/key.core/../key.ui/examples/heap/model_methods/Recell_Recell_post_set.key 
154788     DEBUG main            d.u.i.k.p.i.AbstractProblemLoader Environment load took 204.6ns 
154789     INFO  main            d.u.i.k.p.i.AbstractProblemLoader Creating init config 
157299     DEBUG main            d.u.i.k.p.i.AbstractProblemLoader Init config took 2.51s 
157341     INFO  main            d.u.i.k.p.i.AbstractProblemLoader Replaying proof Recell[Recell::post_set(int)].JML model_behavior operation contract.0 
157343     DEBUG main            d.u.i.k.p.i.IntermediateProofReplayer Proof replay took 7.5ns 
157444     INFO  main            d.u.i.k.p.r.p.TestFile    ... finished proof: closed. 
157716     INFO  main            d.u.i.k.p.i.AbstractProblemLoader Loading environment from /home/runner/work/key/key/key.core/../key.ui/examples/heap/model_methods/Recell_Recell_post_set.key.proof 
157716     DEBUG main            d.u.i.k.p.i.AbstractProblemLoader Environment load took 114.2ns 
157717     INFO  main            d.u.i.k.p.i.AbstractProblemLoader Creating init config 
160166     DEBUG main            d.u.i.k.p.i.AbstractProblemLoader Init config took 2.45s 
160202     INFO  main            d.u.i.k.p.i.AbstractProblemLoader Replaying proof Recell[Recell::post_set(int)].JML model_behavior operation contract.0 
160205     DEBUG main            d.u.i.k.p.i.IntermediateProofReplayer Proof replay took 2.06ms 
160206     DEBUG main            d.u.i.k.p.r.p.TestFile    ... success: reloaded. 
160207     INFO  main            d.u.i.k.p.r.p.TestFile    Now processing file /home/runner/work/key/key/key.core/../key.ui/examples/heap/model_methods/Recell_set.key 
160207     INFO  main            d.u.i.k.p.i.AbstractProblemLoader Loading environment from /home/runner/work/key/key/key.core/../key.ui/examples/heap/model_methods/Recell_set.key 
160207     DEBUG main            d.u.i.k.p.i.AbstractProblemLoader Environment load took 79.5ns 
160208     INFO  main            d.u.i.k.p.i.AbstractProblemLoader Creating init config 
162723     DEBUG main            d.u.i.k.p.i.AbstractProblemLoader Init config took 2.51s 
162759     INFO  main            d.u.i.k.p.i.AbstractProblemLoader Replaying proof Recell[Cell::set(int)].JML operation contract.0 
162761     DEBUG main            d.u.i.k.p.i.IntermediateProofReplayer Proof replay took 6.9ns 
169723     INFO  main            d.u.i.k.p.r.p.TestFile    ... finished proof: closed. 
170043     INFO  main            d.u.i.k.p.i.AbstractProblemLoader Loading environment from /home/runner/work/key/key/key.core/../key.ui/examples/heap/model_methods/Recell_set.key.proof 
170044     DEBUG main            d.u.i.k.p.i.AbstractProblemLoader Environment load took 1.7ms 
170049     INFO  main            d.u.i.k.p.i.AbstractProblemLoader Creating init config 
172503     DEBUG main            d.u.i.k.p.i.AbstractProblemLoader Init config took 2.45s 
172540     INFO  main            d.u.i.k.p.i.AbstractProblemLoader Replaying proof Recell[Cell::set(int)].JML operation contract.0 
172924     DEBUG main            d.u.i.k.p.i.IntermediateProofReplayer Proof replay took 366.29ms 
172925     DEBUG main            d.u.i.k.p.r.p.TestFile    ... success: reloaded. 
172926     INFO  main            d.u.i.k.p.r.p.TestFile    Now processing file /home/runner/work/key/key/key.core/../key.ui/examples/heap/model_methods/Recell_undo.key 
172927     INFO  main            d.u.i.k.p.i.AbstractProblemLoader Loading environment from /home/runner/work/key/key/key.core/../key.ui/examples/heap/model_methods/Recell_undo.key 
172927     DEBUG main            d.u.i.k.p.i.AbstractProblemLoader Environment load took 156.9ns 
172928     INFO  main            d.u.i.k.p.i.AbstractProblemLoader Creating init config 
175457     DEBUG main            d.u.i.k.p.i.AbstractProblemLoader Init config took 2.53s 
175493     INFO  main            d.u.i.k.p.i.AbstractProblemLoader Replaying proof Recell[Recell::undo()].JML operation contract.0 
175494     DEBUG main            d.u.i.k.p.i.IntermediateProofReplayer Proof replay took 6.7ns 
175596     INFO  main            d.u.i.k.p.r.p.TestFile    ... finished proof: closed. 
175878     INFO  main            d.u.i.k.p.i.AbstractProblemLoader Loading environment from /home/runner/work/key/key/key.core/../key.ui/examples/heap/model_methods/Recell_undo.key.proof 
175878     DEBUG main            d.u.i.k.p.i.AbstractProblemLoader Environment load took 117.7ns 
175879     INFO  main            d.u.i.k.p.i.AbstractProblemLoader Creating init config 
178321     DEBUG main            d.u.i.k.p.i.AbstractProblemLoader Init config took 2.44s 
178358     INFO  main            d.u.i.k.p.i.AbstractProblemLoader Replaying proof Recell[Recell::undo()].JML operation contract.0 
178385     DEBUG main            d.u.i.k.p.i.IntermediateProofReplayer Proof replay took 24.81ms 
178386     DEBUG main            d.u.i.k.p.r.p.TestFile    ... success: reloaded. 
4145170    INFO  Test worker     d.u.i.k.p.r.RunAllProofsTestUnit Returning from test modelMethods 
4145171    INFO  Test worker     d.u.i.k.p.r.RunAllProofsTestUnit Running test permissionHeap 
362        INFO  Timeout watchdog d.u.i.k.p.r.p.ForkedTestFileRunner Timeout watcher launched (2000 secs.) 
384        WARN  main            d.u.i.k.s.ProofSettings   The settings in /home/runner/.key/proof-settings.props are *not* read. 
411        INFO  main            d.u.i.k.p.r.p.TestFile    Now processing file /home/runner/work/key/key/key.core/../key.ui/examples/heap/permissions/permissions_method0.key 
517        INFO  main            d.u.i.k.p.i.AbstractProblemLoader Loading environment from /home/runner/work/key/key/key.core/../key.ui/examples/heap/permissions/permissions_method0.key 
538        DEBUG main            d.u.i.k.p.i.AbstractProblemLoader Environment load took 2.04ms 
761        INFO  main            d.u.i.k.p.i.AbstractProblemLoader Creating init config 
1680       DEBUG main            d.u.i.k.j.TypeConverter   No LDT found for Meta 
1681       DEBUG main            d.u.i.k.j.TypeConverter   No LDT found for Meta 
1682       DEBUG main            d.u.i.k.j.TypeConverter   No LDT found for Meta 
1683       DEBUG main            d.u.i.k.j.TypeConverter   No LDT found for Meta 
3065       DEBUG main            d.u.i.k.j.TypeConverter   No LDT found for JavaBigintExpression 
8303       DEBUG main            d.u.i.k.p.i.AbstractProblemLoader Init config took 7.54s 
8430       INFO  main            d.u.i.k.p.i.AbstractProblemLoader Replaying proof MyClass[MyClass::method0()].JML normal_behavior operation contract.0 
8463       DEBUG main            d.u.i.k.p.i.IntermediateProofReplayer Proof replay took 31.3ns 
9384       INFO  main            d.u.i.k.p.r.p.TestFile    ... finished proof: closed. 
9505       INFO  main            d.u.i.k.p.i.AbstractProblemLoader Loading environment from /home/runner/work/key/key/key.core/../key.ui/examples/heap/permissions/permissions_method0.key.proof 
9507       DEBUG main            d.u.i.k.p.i.AbstractProblemLoader Environment load took 1.97ms 
9510       INFO  main            d.u.i.k.p.i.AbstractProblemLoader Creating init config 
12530      DEBUG main            d.u.i.k.p.i.AbstractProblemLoader Init config took 3.02s 
12594      INFO  main            d.u.i.k.p.i.AbstractProblemLoader Replaying proof MyClass[MyClass::method0()].JML normal_behavior operation contract.0 
12690      DEBUG main            d.u.i.k.p.i.IntermediateProofReplayer Proof replay took 90.34ms 
12696      DEBUG main            d.u.i.k.p.r.p.TestFile    ... success: reloaded. 
12698      INFO  main            d.u.i.k.p.r.p.TestFile    Now processing file /home/runner/work/key/key/key.core/../key.ui/examples/heap/permissions/permissions_method1.key 
12699      INFO  main            d.u.i.k.p.i.AbstractProblemLoader Loading environment from /home/runner/work/key/key/key.core/../key.ui/examples/heap/permissions/permissions_method1.key 
12699      DEBUG main            d.u.i.k.p.i.AbstractProblemLoader Environment load took 204.2ns 
12700      INFO  main            d.u.i.k.p.i.AbstractProblemLoader Creating init config 
15556      DEBUG main            d.u.i.k.p.i.AbstractProblemLoader Init config took 2.86s 
15633      INFO  main            d.u.i.k.p.i.AbstractProblemLoader Replaying proof MyClass[MyClass::method1()].JML normal_behavior operation contract.0 
15640      DEBUG main            d.u.i.k.p.i.IntermediateProofReplayer Proof replay took 6.7ns 
16044      INFO  main            d.u.i.k.p.r.p.TestFile    ... finished proof: closed. 
16182      INFO  main            d.u.i.k.p.i.AbstractProblemLoader Loading environment from /home/runner/work/key/key/key.core/../key.ui/examples/heap/permissions/permissions_method1.key.proof 
16184      DEBUG main            d.u.i.k.p.i.AbstractProblemLoader Environment load took 731.8ns 
16186      INFO  main            d.u.i.k.p.i.AbstractProblemLoader Creating init config 
18972      DEBUG main            d.u.i.k.p.i.AbstractProblemLoader Init config took 2.79s 
19026      INFO  main            d.u.i.k.p.i.AbstractProblemLoader Replaying proof MyClass[MyClass::method1()].JML normal_behavior operation contract.0 
19090      DEBUG main            d.u.i.k.p.i.IntermediateProofReplayer Proof replay took 60.6ms 
19091      DEBUG main            d.u.i.k.p.r.p.TestFile    ... success: reloaded. 
19093      INFO  main            d.u.i.k.p.r.p.TestFile    Now processing file /home/runner/work/key/key/key.core/../key.ui/examples/heap/permissions/permissions_method3.key 
19093      INFO  main            d.u.i.k.p.i.AbstractProblemLoader Loading environment from /home/runner/work/key/key/key.core/../key.ui/examples/heap/permissions/permissions_method3.key 
19094      DEBUG main            d.u.i.k.p.i.AbstractProblemLoader Environment load took 109ns 
19096      INFO  main            d.u.i.k.p.i.AbstractProblemLoader Creating init config 
21928      DEBUG main            d.u.i.k.p.i.AbstractProblemLoader Init config took 2.83s 
21977      INFO  main            d.u.i.k.p.i.AbstractProblemLoader Replaying proof MyClass[MyClass::method3()].JML normal_behavior operation contract.0 
21979      DEBUG main            d.u.i.k.p.i.IntermediateProofReplayer Proof replay took 6.9ns 
23495      INFO  main            d.u.i.k.p.r.p.TestFile    ... finished proof: closed. 
23650      INFO  main            d.u.i.k.p.i.AbstractProblemLoader Loading environment from /home/runner/work/key/key/key.core/../key.ui/examples/heap/permissions/permissions_method3.key.proof 
23651      DEBUG main            d.u.i.k.p.i.AbstractProblemLoader Environment load took 366.1ns 
23653      INFO  main            d.u.i.k.p.i.AbstractProblemLoader Creating init config 
26450      DEBUG main            d.u.i.k.p.i.AbstractProblemLoader Init config took 2.8s 
26497      INFO  main            d.u.i.k.p.i.AbstractProblemLoader Replaying proof MyClass[MyClass::method3()].JML normal_behavior operation contract.0 
26709      DEBUG main            d.u.i.k.p.i.IntermediateProofReplayer Proof replay took 203.79ms 
26711      DEBUG main            d.u.i.k.p.r.p.TestFile    ... success: reloaded. 
26712      INFO  main            d.u.i.k.p.r.p.TestFile    Now processing file /home/runner/work/key/key/key.core/../key.ui/examples/heap/permissions/permissions_setAB.key 
26712      INFO  main            d.u.i.k.p.i.AbstractProblemLoader Loading environment from /home/runner/work/key/key/key.core/../key.ui/examples/heap/permissions/permissions_setAB.key 
26713      DEBUG main            d.u.i.k.p.i.AbstractProblemLoader Environment load took 187.2ns 
26714      INFO  main            d.u.i.k.p.i.AbstractProblemLoader Creating init config 
29471      DEBUG main            d.u.i.k.p.i.AbstractProblemLoader Init config took 2.76s 
29517      INFO  main            d.u.i.k.p.i.AbstractProblemLoader Replaying proof MyClass[MyClass::setAB()].JML normal_behavior operation contract.0 
29519      DEBUG main            d.u.i.k.p.i.IntermediateProofReplayer Proof replay took 6ns 
31229      INFO  main            d.u.i.k.p.r.p.TestFile    ... finished proof: closed. 
31408      INFO  main            d.u.i.k.p.i.AbstractProblemLoader Loading environment from /home/runner/work/key/key/key.core/../key.ui/examples/heap/permissions/permissions_setAB.key.proof 
31408      DEBUG main            d.u.i.k.p.i.AbstractProblemLoader Environment load took 125.9ns 
31409      INFO  main            d.u.i.k.p.i.AbstractProblemLoader Creating init config 
34108      DEBUG main            d.u.i.k.p.i.AbstractProblemLoader Init config took 2.7s 
34154      INFO  main            d.u.i.k.p.i.AbstractProblemLoader Replaying proof MyClass[MyClass::setAB()].JML normal_behavior operation contract.0 
34299      DEBUG main            d.u.i.k.p.i.IntermediateProofReplayer Proof replay took 138.93ms 
34300      DEBUG main            d.u.i.k.p.r.p.TestFile    ... success: reloaded. 
34301      INFO  main            d.u.i.k.p.r.p.TestFile    Now processing file /home/runner/work/key/key/key.core/../key.ui/examples/heap/permissions/permissionProperties.key 
34302      INFO  main            d.u.i.k.p.i.AbstractProblemLoader Loading environment from /home/runner/work/key/key/key.core/../key.ui/examples/heap/permissions/permissionProperties.key 
34302      DEBUG main            d.u.i.k.p.i.AbstractProblemLoader Environment load took 188.8ns 
34303      INFO  main            d.u.i.k.p.i.AbstractProblemLoader Creating init config 
34463      DEBUG main            d.u.i.k.j.TypeConverter   No LDT found for Meta 
34463      DEBUG main            d.u.i.k.j.TypeConverter   No LDT found for Meta 
34464      DEBUG main            d.u.i.k.j.TypeConverter   No LDT found for Meta 
34464      DEBUG main            d.u.i.k.j.TypeConverter   No LDT found for Meta 
35048      DEBUG main            d.u.i.k.j.TypeConverter   No LDT found for JavaBigintExpression 
37858      DEBUG main            d.u.i.k.p.i.AbstractProblemLoader Init config took 3.55s 
37878      INFO  main            d.u.i.k.p.i.AbstractProblemLoader Replaying proof permissionProperties.key 
37880      DEBUG main            d.u.i.k.p.i.IntermediateProofReplayer Proof replay took 5.7ns 
37984      INFO  main            d.u.i.k.p.r.p.TestFile    ... finished proof: closed. 
38143      INFO  main            d.u.i.k.p.i.AbstractProblemLoader Loading environment from /home/runner/work/key/key/key.core/../key.ui/examples/heap/permissions/permissionProperties.key.proof 
38144      DEBUG main            d.u.i.k.p.i.AbstractProblemLoader Environment load took 300.8ns 
38145      INFO  main            d.u.i.k.p.i.AbstractProblemLoader Creating init config 
40652      DEBUG main            d.u.i.k.p.i.AbstractProblemLoader Init config took 2.51s 
40671      INFO  main            d.u.i.k.p.i.AbstractProblemLoader Replaying proof permissionProperties.key.proof 
40687      DEBUG main            d.u.i.k.p.i.IntermediateProofReplayer Proof replay took 13.47ms 
40688      DEBUG main            d.u.i.k.p.r.p.TestFile    ... success: reloaded. 
40690      INFO  main            d.u.i.k.p.r.p.TestFile    Now processing file /home/runner/work/key/key/key.core/../key.ui/examples/heap/permissions/threads/AFilter_AFilter.key 
40690      INFO  main            d.u.i.k.p.i.AbstractProblemLoader Loading environment from /home/runner/work/key/key/key.core/../key.ui/examples/heap/permissions/threads/AFilter_AFilter.key 
40690      DEBUG main            d.u.i.k.p.i.AbstractProblemLoader Environment load took 97.7ns 
40691      INFO  main            d.u.i.k.p.i.AbstractProblemLoader Creating init config 
40807      DEBUG main            d.u.i.k.j.TypeConverter   No LDT found for Meta 
40807      DEBUG main            d.u.i.k.j.TypeConverter   No LDT found for Meta 
40808      DEBUG main            d.u.i.k.j.TypeConverter   No LDT found for Meta 
40808      DEBUG main            d.u.i.k.j.TypeConverter   No LDT found for Meta 
41327      DEBUG main            d.u.i.k.j.TypeConverter   No LDT found for JavaBigintExpression 
46784      DEBUG main            d.u.i.k.p.i.AbstractProblemLoader Init config took 6.09s 
46908      INFO  main            d.u.i.k.p.i.AbstractProblemLoader Replaying proof AFilter[AFilter::AFilter(Sampler,Buffer)].JML normal_behavior operation contract.0 
46913      DEBUG main            d.u.i.k.p.i.IntermediateProofReplayer Proof replay took 7.4ns 
48018      INFO  main            d.u.i.k.p.r.p.TestFile    ... finished proof: closed. 
48331      INFO  main            d.u.i.k.p.i.AbstractProblemLoader Loading environment from /home/runner/work/key/key/key.core/../key.ui/examples/heap/permissions/threads/AFilter_AFilter.key.proof 
48331      DEBUG main            d.u.i.k.p.i.AbstractProblemLoader Environment load took 378.6ns 
48332      INFO  main            d.u.i.k.p.i.AbstractProblemLoader Creating init config 
53151      DEBUG main            d.u.i.k.p.i.AbstractProblemLoader Init config took 4.82s 
53265      INFO  main            d.u.i.k.p.i.AbstractProblemLoader Replaying proof AFilter[AFilter::AFilter(Sampler,Buffer)].JML normal_behavior operation contract.0 
53387      DEBUG main            d.u.i.k.p.i.IntermediateProofReplayer Proof replay took 117.28ms 
53389      DEBUG main            d.u.i.k.p.r.p.TestFile    ... success: reloaded. 
53390      INFO  main            d.u.i.k.p.r.p.TestFile    Now processing file /home/runner/work/key/key/key.core/../key.ui/examples/heap/permissions/threads/AFilter_initPost_accessible.key 
53390      INFO  main            d.u.i.k.p.i.AbstractProblemLoader Loading environment from /home/runner/work/key/key/key.core/../key.ui/examples/heap/permissions/threads/AFilter_initPost_accessible.key 
53391      DEBUG main            d.u.i.k.p.i.AbstractProblemLoader Environment load took 189.1ns 
53392      INFO  main            d.u.i.k.p.i.AbstractProblemLoader Creating init config 
58254      DEBUG main            d.u.i.k.p.i.AbstractProblemLoader Init config took 4.86s 
58364      INFO  main            d.u.i.k.p.i.AbstractProblemLoader Replaying proof AFilter[ThreadSpec2::initPost()].JML accessible clause.0 
58365      DEBUG main            d.u.i.k.p.i.IntermediateProofReplayer Proof replay took 7.5ns 
58467      INFO  main            d.u.i.k.p.r.p.TestFile    ... finished proof: closed. 
58670      INFO  main            d.u.i.k.p.i.AbstractProblemLoader Loading environment from /home/runner/work/key/key/key.core/../key.ui/examples/heap/permissions/threads/AFilter_initPost_accessible.key.proof 
58670      DEBUG main            d.u.i.k.p.i.AbstractProblemLoader Environment load took 127.1ns 
58671      INFO  main            d.u.i.k.p.i.AbstractProblemLoader Creating init config 
63453      DEBUG main            d.u.i.k.p.i.AbstractProblemLoader Init config took 4.78s 
63555      INFO  main            d.u.i.k.p.i.AbstractProblemLoader Replaying proof AFilter[ThreadSpec2::initPost()].JML accessible clause.0 
63566      DEBUG main            d.u.i.k.p.i.IntermediateProofReplayer Proof replay took 9.57ms 
63568      DEBUG main            d.u.i.k.p.r.p.TestFile    ... success: reloaded. 
63569      INFO  main            d.u.i.k.p.r.p.TestFile    Now processing file /home/runner/work/key/key/key.core/../key.ui/examples/heap/permissions/threads/AFilter_inv_accessible1.key 
63569      INFO  main            d.u.i.k.p.i.AbstractProblemLoader Loading environment from /home/runner/work/key/key/key.core/../key.ui/examples/heap/permissions/threads/AFilter_inv_accessible1.key 
63569      DEBUG main            d.u.i.k.p.i.AbstractProblemLoader Environment load took 192.2ns 
63570      INFO  main            d.u.i.k.p.i.AbstractProblemLoader Creating init config 
68367      DEBUG main            d.u.i.k.p.i.AbstractProblemLoader Init config took 4.8s 
68456      INFO  main            d.u.i.k.p.i.AbstractProblemLoader Replaying proof AFilter[java.lang.Object::<inv>()].JML accessible clause.0 
68459      DEBUG main            d.u.i.k.p.i.IntermediateProofReplayer Proof replay took 6.4ns 
68563      INFO  main            d.u.i.k.p.r.p.TestFile    ... finished proof: closed. 
68770      INFO  main            d.u.i.k.p.i.AbstractProblemLoader Loading environment from /home/runner/work/key/key/key.core/../key.ui/examples/heap/permissions/threads/AFilter_inv_accessible1.key.proof 
68770      DEBUG main            d.u.i.k.p.i.AbstractProblemLoader Environment load took 119.9ns 
68772      INFO  main            d.u.i.k.p.i.AbstractProblemLoader Creating init config 
73492      DEBUG main            d.u.i.k.p.i.AbstractProblemLoader Init config took 4.72s 
73593      INFO  main            d.u.i.k.p.i.AbstractProblemLoader Replaying proof AFilter[java.lang.Object::<inv>()].JML accessible clause.0 
73596      DEBUG main            d.u.i.k.p.i.IntermediateProofReplayer Proof replay took 1.92ms 
73597      DEBUG main            d.u.i.k.p.r.p.TestFile    ... success: reloaded. 
73598      INFO  main            d.u.i.k.p.r.p.TestFile    Now processing file /home/runner/work/key/key/key.core/../key.ui/examples/heap/permissions/threads/AFilter_inv_accessible2.key 
73598      INFO  main            d.u.i.k.p.i.AbstractProblemLoader Loading environment from /home/runner/work/key/key/key.core/../key.ui/examples/heap/permissions/threads/AFilter_inv_accessible2.key 
73598      DEBUG main            d.u.i.k.p.i.AbstractProblemLoader Environment load took 72.5ns 
73599      INFO  main            d.u.i.k.p.i.AbstractProblemLoader Creating init config 
78349      DEBUG main            d.u.i.k.p.i.AbstractProblemLoader Init config took 4.75s 
78436      INFO  main            d.u.i.k.p.i.AbstractProblemLoader Replaying proof AFilter[java.lang.Object::<inv>()].JML accessible clause.1 
78437      DEBUG main            d.u.i.k.p.i.IntermediateProofReplayer Proof replay took 6.4ns 
78541      INFO  main            d.u.i.k.p.r.p.TestFile    ... finished proof: closed. 
78802      INFO  main            d.u.i.k.p.i.AbstractProblemLoader Loading environment from /home/runner/work/key/key/key.core/../key.ui/examples/heap/permissions/threads/AFilter_inv_accessible2.key.proof 
78802      DEBUG main            d.u.i.k.p.i.AbstractProblemLoader Environment load took 122.4ns 
78803      INFO  main            d.u.i.k.p.i.AbstractProblemLoader Creating init config 
83532      DEBUG main            d.u.i.k.p.i.AbstractProblemLoader Init config took 4.73s 
83623      INFO  main            d.u.i.k.p.i.AbstractProblemLoader Replaying proof AFilter[java.lang.Object::<inv>()].JML accessible clause.1 
83630      DEBUG main            d.u.i.k.p.i.IntermediateProofReplayer Proof replay took 4.87ms 
83632      DEBUG main            d.u.i.k.p.r.p.TestFile    ... success: reloaded. 
83634      INFO  main            d.u.i.k.p.r.p.TestFile    Now processing file /home/runner/work/key/key/key.core/../key.ui/examples/heap/permissions/threads/AFilter_joinTransfer_accessible.key 
83634      INFO  main            d.u.i.k.p.i.AbstractProblemLoader Loading environment from /home/runner/work/key/key/key.core/../key.ui/examples/heap/permissions/threads/AFilter_joinTransfer_accessible.key 
83634      DEBUG main            d.u.i.k.p.i.AbstractProblemLoader Environment load took 171.1ns 
83635      INFO  main            d.u.i.k.p.i.AbstractProblemLoader Creating init config 
88392      DEBUG main            d.u.i.k.p.i.AbstractProblemLoader Init config took 4.76s 
88478      INFO  main            d.u.i.k.p.i.AbstractProblemLoader Replaying proof AFilter[ThreadSpec2::joinTransfer()].JML accessible clause.0 
88479      DEBUG main            d.u.i.k.p.i.IntermediateProofReplayer Proof replay took 7ns 
91991      INFO  main            d.u.i.k.p.r.p.TestFile    ... finished proof: closed. 
92220      INFO  main            d.u.i.k.p.i.AbstractProblemLoader Loading environment from /home/runner/work/key/key/key.core/../key.ui/examples/heap/permissions/threads/AFilter_joinTransfer_accessible.key.proof 
92224      DEBUG main            d.u.i.k.p.i.AbstractProblemLoader Environment load took 4.01ms 
92225      INFO  main            d.u.i.k.p.i.AbstractProblemLoader Creating init config 
96944      DEBUG main            d.u.i.k.p.i.AbstractProblemLoader Init config took 4.72s 
97041      INFO  main            d.u.i.k.p.i.AbstractProblemLoader Replaying proof AFilter[ThreadSpec2::joinTransfer()].JML accessible clause.0 
97288      DEBUG main            d.u.i.k.p.i.IntermediateProofReplayer Proof replay took 236.55ms 
97290      DEBUG main            d.u.i.k.p.r.p.TestFile    ... success: reloaded. 
97291      INFO  main            d.u.i.k.p.r.p.TestFile    Now processing file /home/runner/work/key/key/key.core/../key.ui/examples/heap/permissions/threads/AFilter_joinTransfer_contract.key 
97291      INFO  main            d.u.i.k.p.i.AbstractProblemLoader Loading environment from /home/runner/work/key/key/key.core/../key.ui/examples/heap/permissions/threads/AFilter_joinTransfer_contract.key 
97292      DEBUG main            d.u.i.k.p.i.AbstractProblemLoader Environment load took 185.3ns 
97292      INFO  main            d.u.i.k.p.i.AbstractProblemLoader Creating init config 
102059     DEBUG main            d.u.i.k.p.i.AbstractProblemLoader Init config took 4.77s 
102159     INFO  main            d.u.i.k.p.i.AbstractProblemLoader Replaying proof AFilter[ThreadSpec2::joinTransfer()].JML model_behavior operation contract.0 
102161     DEBUG main            d.u.i.k.p.i.IntermediateProofReplayer Proof replay took 6.7ns 
102265     INFO  main            d.u.i.k.p.r.p.TestFile    ... finished proof: closed. 
102490     INFO  main            d.u.i.k.p.i.AbstractProblemLoader Loading environment from /home/runner/work/key/key/key.core/../key.ui/examples/heap/permissions/threads/AFilter_joinTransfer_contract.key.proof 
102490     DEBUG main            d.u.i.k.p.i.AbstractProblemLoader Environment load took 145.6ns 
102491     INFO  main            d.u.i.k.p.i.AbstractProblemLoader Creating init config 
107238     DEBUG main            d.u.i.k.p.i.AbstractProblemLoader Init config took 4.75s 
107328     INFO  main            d.u.i.k.p.i.AbstractProblemLoader Replaying proof AFilter[ThreadSpec2::joinTransfer()].JML model_behavior operation contract.0 
107343     DEBUG main            d.u.i.k.p.i.IntermediateProofReplayer Proof replay took 8.87ms 
107344     DEBUG main            d.u.i.k.p.r.p.TestFile    ... success: reloaded. 
107345     INFO  main            d.u.i.k.p.r.p.TestFile    Now processing file /home/runner/work/key/key/key.core/../key.ui/examples/heap/permissions/threads/AFilter_postJoin_accessible.key 
107345     INFO  main            d.u.i.k.p.i.AbstractProblemLoader Loading environment from /home/runner/work/key/key/key.core/../key.ui/examples/heap/permissions/threads/AFilter_postJoin_accessible.key 
107345     DEBUG main            d.u.i.k.p.i.AbstractProblemLoader Environment load took 101.5ns 
107346     INFO  main            d.u.i.k.p.i.AbstractProblemLoader Creating init config 
112196     DEBUG main            d.u.i.k.p.i.AbstractProblemLoader Init config took 4.85s 
112280     INFO  main            d.u.i.k.p.i.AbstractProblemLoader Replaying proof AFilter[ThreadSpec2::postJoin(java.lang.Object)].JML accessible clause.0 
112281     DEBUG main            d.u.i.k.p.i.IntermediateProofReplayer Proof replay took 6.8ns 
112384     INFO  main            d.u.i.k.p.r.p.TestFile    ... finished proof: closed. 
112625     INFO  main            d.u.i.k.p.i.AbstractProblemLoader Loading environment from /home/runner/work/key/key/key.core/../key.ui/examples/heap/permissions/threads/AFilter_postJoin_accessible.key.proof 
112625     DEBUG main            d.u.i.k.p.i.AbstractProblemLoader Environment load took 121.6ns 
112626     INFO  main            d.u.i.k.p.i.AbstractProblemLoader Creating init config 
117348     DEBUG main            d.u.i.k.p.i.AbstractProblemLoader Init config took 4.72s 
117432     INFO  main            d.u.i.k.p.i.AbstractProblemLoader Replaying proof AFilter[ThreadSpec2::postJoin(java.lang.Object)].JML accessible clause.0 
117439     DEBUG main            d.u.i.k.p.i.IntermediateProofReplayer Proof replay took 5.53ms 
117440     DEBUG main            d.u.i.k.p.r.p.TestFile    ... success: reloaded. 
117441     INFO  main            d.u.i.k.p.r.p.TestFile    Now processing file /home/runner/work/key/key/key.core/../key.ui/examples/heap/permissions/threads/AFilter_preStart_accessible.key 
117441     INFO  main            d.u.i.k.p.i.AbstractProblemLoader Loading environment from /home/runner/work/key/key/key.core/../key.ui/examples/heap/permissions/threads/AFilter_preStart_accessible.key 
117442     DEBUG main            d.u.i.k.p.i.AbstractProblemLoader Environment load took 77.6ns 
117442     INFO  main            d.u.i.k.p.i.AbstractProblemLoader Creating init config 
122231     DEBUG main            d.u.i.k.p.i.AbstractProblemLoader Init config took 4.79s 
122315     INFO  main            d.u.i.k.p.i.AbstractProblemLoader Replaying proof AFilter[ThreadSpec2::preStart(java.lang.Object)].JML accessible clause.0 
122317     DEBUG main            d.u.i.k.p.i.IntermediateProofReplayer Proof replay took 8ns 
122620     INFO  main            d.u.i.k.p.r.p.TestFile    ... finished proof: closed. 
122854     INFO  main            d.u.i.k.p.i.AbstractProblemLoader Loading environment from /home/runner/work/key/key/key.core/../key.ui/examples/heap/permissions/threads/AFilter_preStart_accessible.key.proof 
122854     DEBUG main            d.u.i.k.p.i.AbstractProblemLoader Environment load took 121.8ns 
122855     INFO  main            d.u.i.k.p.i.AbstractProblemLoader Creating init config 
127550     DEBUG main            d.u.i.k.p.i.AbstractProblemLoader Init config took 4.69s 
127634     INFO  main            d.u.i.k.p.i.AbstractProblemLoader Replaying proof AFilter[ThreadSpec2::preStart(java.lang.Object)].JML accessible clause.0 
127659     DEBUG main            d.u.i.k.p.i.IntermediateProofReplayer Proof replay took 22.66ms 
127661     DEBUG main            d.u.i.k.p.r.p.TestFile    ... success: reloaded. 
127662     INFO  main            d.u.i.k.p.r.p.TestFile    Now processing file /home/runner/work/key/key/key.core/../key.ui/examples/heap/permissions/threads/AFilter_startTransfer_accessible.key 
127662     INFO  main            d.u.i.k.p.i.AbstractProblemLoader Loading environment from /home/runner/work/key/key/key.core/../key.ui/examples/heap/permissions/threads/AFilter_startTransfer_accessible.key 
127662     DEBUG main            d.u.i.k.p.i.AbstractProblemLoader Environment load took 180.3ns 
127663     INFO  main            d.u.i.k.p.i.AbstractProblemLoader Creating init config 
132456     DEBUG main            d.u.i.k.p.i.AbstractProblemLoader Init config took 4.79s 
132540     INFO  main            d.u.i.k.p.i.AbstractProblemLoader Replaying proof AFilter[ThreadSpec2::startTransfer()].JML accessible clause.0 
132541     DEBUG main            d.u.i.k.p.i.IntermediateProofReplayer Proof replay took 7.1ns 
138772     INFO  main            d.u.i.k.p.r.p.TestFile    ... finished proof: closed. 
139049     INFO  main            d.u.i.k.p.i.AbstractProblemLoader Loading environment from /home/runner/work/key/key/key.core/../key.ui/examples/heap/permissions/threads/AFilter_startTransfer_accessible.key.proof 
139050     DEBUG main            d.u.i.k.p.i.AbstractProblemLoader Environment load took 392.7ns 
139051     INFO  main            d.u.i.k.p.i.AbstractProblemLoader Creating init config 
143746     DEBUG main            d.u.i.k.p.i.AbstractProblemLoader Init config took 4.69s 
143841     INFO  main            d.u.i.k.p.i.AbstractProblemLoader Replaying proof AFilter[ThreadSpec2::startTransfer()].JML accessible clause.0 
144170     DEBUG main            d.u.i.k.p.i.IntermediateProofReplayer Proof replay took 313.65ms 
144172     DEBUG main            d.u.i.k.p.r.p.TestFile    ... success: reloaded. 
144173     INFO  main            d.u.i.k.p.r.p.TestFile    Now processing file /home/runner/work/key/key/key.core/../key.ui/examples/heap/permissions/threads/AFilter_startTransfer_contract.key 
144173     INFO  main            d.u.i.k.p.i.AbstractProblemLoader Loading environment from /home/runner/work/key/key/key.core/../key.ui/examples/heap/permissions/threads/AFilter_startTransfer_contract.key 
144173     DEBUG main            d.u.i.k.p.i.AbstractProblemLoader Environment load took 81.5ns 
144174     INFO  main            d.u.i.k.p.i.AbstractProblemLoader Creating init config 
148895     DEBUG main            d.u.i.k.p.i.AbstractProblemLoader Init config took 4.72s 
148980     INFO  main            d.u.i.k.p.i.AbstractProblemLoader Replaying proof AFilter[ThreadSpec2::startTransfer()].JML model_behavior operation contract.0 
148982     DEBUG main            d.u.i.k.p.i.IntermediateProofReplayer Proof replay took 7.2ns 
149386     INFO  main            d.u.i.k.p.r.p.TestFile    ... finished proof: closed. 
149625     INFO  main            d.u.i.k.p.i.AbstractProblemLoader Loading environment from /home/runner/work/key/key/key.core/../key.ui/examples/heap/permissions/threads/AFilter_startTransfer_contract.key.proof 
149625     DEBUG main            d.u.i.k.p.i.AbstractProblemLoader Environment load took 128.4ns 
149626     INFO  main            d.u.i.k.p.i.AbstractProblemLoader Creating init config 
154309     DEBUG main            d.u.i.k.p.i.AbstractProblemLoader Init config took 4.68s 
154393     INFO  main            d.u.i.k.p.i.AbstractProblemLoader Replaying proof AFilter[ThreadSpec2::startTransfer()].JML model_behavior operation contract.0 
154434     DEBUG main            d.u.i.k.p.i.IntermediateProofReplayer Proof replay took 37.08ms 
154436     DEBUG main            d.u.i.k.p.r.p.TestFile    ... success: reloaded. 
154437     INFO  main            d.u.i.k.p.r.p.TestFile    Now processing file /home/runner/work/key/key/key.core/../key.ui/examples/heap/permissions/threads/AFilter_stateInv_accessible.key 
154437     INFO  main            d.u.i.k.p.i.AbstractProblemLoader Loading environment from /home/runner/work/key/key/key.core/../key.ui/examples/heap/permissions/threads/AFilter_stateInv_accessible.key 
154437     DEBUG main            d.u.i.k.p.i.AbstractProblemLoader Environment load took 108.2ns 
154438     INFO  main            d.u.i.k.p.i.AbstractProblemLoader Creating init config 
159206     DEBUG main            d.u.i.k.p.i.AbstractProblemLoader Init config took 4.77s 
159289     INFO  main            d.u.i.k.p.i.AbstractProblemLoader Replaying proof AFilter[ThreadSpec2::stateInv()].JML accessible clause.0 
159291     DEBUG main            d.u.i.k.p.i.IntermediateProofReplayer Proof replay took 8.7ns 
159594     INFO  main            d.u.i.k.p.r.p.TestFile    ... finished proof: closed. 
159843     INFO  main            d.u.i.k.p.i.AbstractProblemLoader Loading environment from /home/runner/work/key/key/key.core/../key.ui/examples/heap/permissions/threads/AFilter_stateInv_accessible.key.proof 
159843     DEBUG main            d.u.i.k.p.i.AbstractProblemLoader Environment load took 127.3ns 
159844     INFO  main            d.u.i.k.p.i.AbstractProblemLoader Creating init config 
164523     DEBUG main            d.u.i.k.p.i.AbstractProblemLoader Init config took 4.68s 
164619     INFO  main            d.u.i.k.p.i.AbstractProblemLoader Replaying proof AFilter[ThreadSpec2::stateInv()].JML accessible clause.0 
164649     DEBUG main            d.u.i.k.p.i.IntermediateProofReplayer Proof replay took 25.69ms 
164651     DEBUG main            d.u.i.k.p.r.p.TestFile    ... success: reloaded. 
164652     INFO  main            d.u.i.k.p.r.p.TestFile    Now processing file /home/runner/work/key/key/key.core/../key.ui/examples/heap/permissions/threads/AFilter_staticPermissions_accessible.key 
164652     INFO  main            d.u.i.k.p.i.AbstractProblemLoader Loading environment from /home/runner/work/key/key/key.core/../key.ui/examples/heap/permissions/threads/AFilter_staticPermissions_accessible.key 
164652     DEBUG main            d.u.i.k.p.i.AbstractProblemLoader Environment load took 195.2ns 
164653     INFO  main            d.u.i.k.p.i.AbstractProblemLoader Creating init config 
169392     DEBUG main            d.u.i.k.p.i.AbstractProblemLoader Init config took 4.74s 
169489     INFO  main            d.u.i.k.p.i.AbstractProblemLoader Replaying proof AFilter[ThreadSpec2::staticPermissions()].JML accessible clause.0 
169491     DEBUG main            d.u.i.k.p.i.IntermediateProofReplayer Proof replay took 7ns 
169597     INFO  main            d.u.i.k.p.r.p.TestFile    ... finished proof: closed. 
169869     INFO  main            d.u.i.k.p.i.AbstractProblemLoader Loading environment from /home/runner/work/key/key/key.core/../key.ui/examples/heap/permissions/threads/AFilter_staticPermissions_accessible.key.proof 
169869     DEBUG main            d.u.i.k.p.i.AbstractProblemLoader Environment load took 139.1ns 
169870     INFO  main            d.u.i.k.p.i.AbstractProblemLoader Creating init config 
174556     DEBUG main            d.u.i.k.p.i.AbstractProblemLoader Init config took 4.69s 
174639     INFO  main            d.u.i.k.p.i.AbstractProblemLoader Replaying proof AFilter[ThreadSpec2::staticPermissions()].JML accessible clause.0 
174649     DEBUG main            d.u.i.k.p.i.IntermediateProofReplayer Proof replay took 7.56ms 
174650     DEBUG main            d.u.i.k.p.r.p.TestFile    ... success: reloaded. 
174651     INFO  main            d.u.i.k.p.r.p.TestFile    Now processing file /home/runner/work/key/key/key.core/../key.ui/examples/heap/permissions/threads/AFilter_workingPermissions_accessible.key 
174651     INFO  main            d.u.i.k.p.i.AbstractProblemLoader Loading environment from /home/runner/work/key/key/key.core/../key.ui/examples/heap/permissions/threads/AFilter_workingPermissions_accessible.key 
174651     DEBUG main            d.u.i.k.p.i.AbstractProblemLoader Environment load took 71.6ns 
174652     INFO  main            d.u.i.k.p.i.AbstractProblemLoader Creating init config 
179409     DEBUG main            d.u.i.k.p.i.AbstractProblemLoader Init config took 4.76s 
179508     INFO  main            d.u.i.k.p.i.AbstractProblemLoader Replaying proof AFilter[ThreadSpec2::workingPermissions()].JML accessible clause.0 
179510     DEBUG main            d.u.i.k.p.i.IntermediateProofReplayer Proof replay took 7.2ns 
179611     INFO  main            d.u.i.k.p.r.p.TestFile    ... finished proof: closed. 
179878     INFO  main            d.u.i.k.p.i.AbstractProblemLoader Loading environment from /home/runner/work/key/key/key.core/../key.ui/examples/heap/permissions/threads/AFilter_workingPermissions_accessible.key.proof 
179878     DEBUG main            d.u.i.k.p.i.AbstractProblemLoader Environment load took 110.9ns 
179879     INFO  main            d.u.i.k.p.i.AbstractProblemLoader Creating init config 
184569     DEBUG main            d.u.i.k.p.i.AbstractProblemLoader Init config took 4.69s 
184666     INFO  main            d.u.i.k.p.i.AbstractProblemLoader Replaying proof AFilter[ThreadSpec2::workingPermissions()].JML accessible clause.0 
184675     DEBUG main            d.u.i.k.p.i.IntermediateProofReplayer Proof replay took 6.44ms 
184676     DEBUG main            d.u.i.k.p.r.p.TestFile    ... success: reloaded. 
184676     INFO  main            d.u.i.k.p.r.p.TestFile    Now processing file /home/runner/work/key/key/key.core/../key.ui/examples/heap/permissions/threads/BFilter_BFilter.key 
184677     INFO  main            d.u.i.k.p.i.AbstractProblemLoader Loading environment from /home/runner/work/key/key/key.core/../key.ui/examples/heap/permissions/threads/BFilter_BFilter.key 
184677     DEBUG main            d.u.i.k.p.i.AbstractProblemLoader Environment load took 58ns 
184678     INFO  main            d.u.i.k.p.i.AbstractProblemLoader Creating init config 
189446     DEBUG main            d.u.i.k.p.i.AbstractProblemLoader Init config took 4.77s 
189535     INFO  main            d.u.i.k.p.i.AbstractProblemLoader Replaying proof BFilter[BFilter::BFilter(Sampler,Buffer)].JML normal_behavior operation contract.0 
189539     DEBUG main            d.u.i.k.p.i.IntermediateProofReplayer Proof replay took 7.8ns 
190543     INFO  main            d.u.i.k.p.r.p.TestFile    ... finished proof: closed. 
190844     INFO  main            d.u.i.k.p.i.AbstractProblemLoader Loading environment from /home/runner/work/key/key/key.core/../key.ui/examples/heap/permissions/threads/BFilter_BFilter.key.proof 
190845     DEBUG main            d.u.i.k.p.i.AbstractProblemLoader Environment load took 353.61ns 
190846     INFO  main            d.u.i.k.p.i.AbstractProblemLoader Creating init config 
195529     DEBUG main            d.u.i.k.p.i.AbstractProblemLoader Init config took 4.68s 
195613     INFO  main            d.u.i.k.p.i.AbstractProblemLoader Replaying proof BFilter[BFilter::BFilter(Sampler,Buffer)].JML normal_behavior operation contract.0 
195718     DEBUG main            d.u.i.k.p.i.IntermediateProofReplayer Proof replay took 100.74ms 
195719     DEBUG main            d.u.i.k.p.r.p.TestFile    ... success: reloaded. 
195720     INFO  main            d.u.i.k.p.r.p.TestFile    Now processing file /home/runner/work/key/key/key.core/../key.ui/examples/heap/permissions/threads/BFilter_initPost_accessible.key 
195720     INFO  main            d.u.i.k.p.i.AbstractProblemLoader Loading environment from /home/runner/work/key/key/key.core/../key.ui/examples/heap/permissions/threads/BFilter_initPost_accessible.key 
195720     DEBUG main            d.u.i.k.p.i.AbstractProblemLoader Environment load took 134.5ns 
195721     INFO  main            d.u.i.k.p.i.AbstractProblemLoader Creating init config 
200506     DEBUG main            d.u.i.k.p.i.AbstractProblemLoader Init config took 4.79s 
200589     INFO  main            d.u.i.k.p.i.AbstractProblemLoader Replaying proof BFilter[ThreadSpec2::initPost()].JML accessible clause.0 
200591     DEBUG main            d.u.i.k.p.i.IntermediateProofReplayer Proof replay took 7ns 
200693     INFO  main            d.u.i.k.p.r.p.TestFile    ... finished proof: closed. 
200975     INFO  main            d.u.i.k.p.i.AbstractProblemLoader Loading environment from /home/runner/work/key/key/key.core/../key.ui/examples/heap/permissions/threads/BFilter_initPost_accessible.key.proof 
200975     DEBUG main            d.u.i.k.p.i.AbstractProblemLoader Environment load took 126.2ns 
200976     INFO  main            d.u.i.k.p.i.AbstractProblemLoader Creating init config 
205680     DEBUG main            d.u.i.k.p.i.AbstractProblemLoader Init config took 4.7s 
205775     INFO  main            d.u.i.k.p.i.AbstractProblemLoader Replaying proof BFilter[ThreadSpec2::initPost()].JML accessible clause.0 
205784     DEBUG main            d.u.i.k.p.i.IntermediateProofReplayer Proof replay took 7.46ms 
205785     DEBUG main            d.u.i.k.p.r.p.TestFile    ... success: reloaded. 
205786     INFO  main            d.u.i.k.p.r.p.TestFile    Now processing file /home/runner/work/key/key/key.core/../key.ui/examples/heap/permissions/threads/BFilter_inv_accessible1.key 
205787     INFO  main            d.u.i.k.p.i.AbstractProblemLoader Loading environment from /home/runner/work/key/key/key.core/../key.ui/examples/heap/permissions/threads/BFilter_inv_accessible1.key 
205787     DEBUG main            d.u.i.k.p.i.AbstractProblemLoader Environment load took 171.8ns 
205788     INFO  main            d.u.i.k.p.i.AbstractProblemLoader Creating init config 
210473     DEBUG main            d.u.i.k.p.i.AbstractProblemLoader Init config took 4.69s 
210556     INFO  main            d.u.i.k.p.i.AbstractProblemLoader Replaying proof BFilter[java.lang.Object::<inv>()].JML accessible clause.0 
210557     DEBUG main            d.u.i.k.p.i.IntermediateProofReplayer Proof replay took 7ns 
210659     INFO  main            d.u.i.k.p.r.p.TestFile    ... finished proof: closed. 
210945     INFO  main            d.u.i.k.p.i.AbstractProblemLoader Loading environment from /home/runner/work/key/key/key.core/../key.ui/examples/heap/permissions/threads/BFilter_inv_accessible1.key.proof 
210945     DEBUG main            d.u.i.k.p.i.AbstractProblemLoader Environment load took 105.8ns 
210946     INFO  main            d.u.i.k.p.i.AbstractProblemLoader Creating init config 
215599     DEBUG main            d.u.i.k.p.i.AbstractProblemLoader Init config took 4.65s 
215695     INFO  main            d.u.i.k.p.i.AbstractProblemLoader Replaying proof BFilter[java.lang.Object::<inv>()].JML accessible clause.0 
215698     DEBUG main            d.u.i.k.p.i.IntermediateProofReplayer Proof replay took 1.46ms 
215699     DEBUG main            d.u.i.k.p.r.p.TestFile    ... success: reloaded. 
215700     INFO  main            d.u.i.k.p.r.p.TestFile    Now processing file /home/runner/work/key/key/key.core/../key.ui/examples/heap/permissions/threads/BFilter_inv_accessible2.key 
215700     INFO  main            d.u.i.k.p.i.AbstractProblemLoader Loading environment from /home/runner/work/key/key/key.core/../key.ui/examples/heap/permissions/threads/BFilter_inv_accessible2.key 
215700     DEBUG main            d.u.i.k.p.i.AbstractProblemLoader Environment load took 74.3ns 
215701     INFO  main            d.u.i.k.p.i.AbstractProblemLoader Creating init config 
220436     DEBUG main            d.u.i.k.p.i.AbstractProblemLoader Init config took 4.73s 
220519     INFO  main            d.u.i.k.p.i.AbstractProblemLoader Replaying proof BFilter[java.lang.Object::<inv>()].JML accessible clause.1 
220521     DEBUG main            d.u.i.k.p.i.IntermediateProofReplayer Proof replay took 7.3ns 
220627     INFO  main            d.u.i.k.p.r.p.TestFile    ... finished proof: closed. 
220922     INFO  main            d.u.i.k.p.i.AbstractProblemLoader Loading environment from /home/runner/work/key/key/key.core/../key.ui/examples/heap/permissions/threads/BFilter_inv_accessible2.key.proof 
220922     DEBUG main            d.u.i.k.p.i.AbstractProblemLoader Environment load took 126ns 
220923     INFO  main            d.u.i.k.p.i.AbstractProblemLoader Creating init config 
225584     DEBUG main            d.u.i.k.p.i.AbstractProblemLoader Init config took 4.66s 
225671     INFO  main            d.u.i.k.p.i.AbstractProblemLoader Replaying proof BFilter[java.lang.Object::<inv>()].JML accessible clause.1 
225675     DEBUG main            d.u.i.k.p.i.IntermediateProofReplayer Proof replay took 1.46ms 
225678     DEBUG main            d.u.i.k.p.r.p.TestFile    ... success: reloaded. 
225679     INFO  main            d.u.i.k.p.r.p.TestFile    Now processing file /home/runner/work/key/key/key.core/../key.ui/examples/heap/permissions/threads/BFilter_joinTransfer_accessible.key 
225680     INFO  main            d.u.i.k.p.i.AbstractProblemLoader Loading environment from /home/runner/work/key/key/key.core/../key.ui/examples/heap/permissions/threads/BFilter_joinTransfer_accessible.key 
225680     DEBUG main            d.u.i.k.p.i.AbstractProblemLoader Environment load took 175.2ns 
225681     INFO  main            d.u.i.k.p.i.AbstractProblemLoader Creating init config 
230421     DEBUG main            d.u.i.k.p.i.AbstractProblemLoader Init config took 4.74s 
230518     INFO  main            d.u.i.k.p.i.AbstractProblemLoader Replaying proof BFilter[ThreadSpec2::joinTransfer()].JML accessible clause.0 
230519     DEBUG main            d.u.i.k.p.i.IntermediateProofReplayer Proof replay took 7.2ns 
233831     INFO  main            d.u.i.k.p.r.p.TestFile    ... finished proof: closed. 
234152     INFO  main            d.u.i.k.p.i.AbstractProblemLoader Loading environment from /home/runner/work/key/key/key.core/../key.ui/examples/heap/permissions/threads/BFilter_joinTransfer_accessible.key.proof 
234152     DEBUG main            d.u.i.k.p.i.AbstractProblemLoader Environment load took 111.4ns 
234153     INFO  main            d.u.i.k.p.i.AbstractProblemLoader Creating init config 
238845     DEBUG main            d.u.i.k.p.i.AbstractProblemLoader Init config took 4.69s 
238928     INFO  main            d.u.i.k.p.i.AbstractProblemLoader Replaying proof BFilter[ThreadSpec2::joinTransfer()].JML accessible clause.0 
239146     DEBUG main            d.u.i.k.p.i.IntermediateProofReplayer Proof replay took 208.71ms 
239147     DEBUG main            d.u.i.k.p.r.p.TestFile    ... success: reloaded. 
239148     INFO  main            d.u.i.k.p.r.p.TestFile    Now processing file /home/runner/work/key/key/key.core/../key.ui/examples/heap/permissions/threads/BFilter_joinTransfer_contract.key 
239148     INFO  main            d.u.i.k.p.i.AbstractProblemLoader Loading environment from /home/runner/work/key/key/key.core/../key.ui/examples/heap/permissions/threads/BFilter_joinTransfer_contract.key 
239148     DEBUG main            d.u.i.k.p.i.AbstractProblemLoader Environment load took 65.8ns 
239149     INFO  main            d.u.i.k.p.i.AbstractProblemLoader Creating init config 
243890     DEBUG main            d.u.i.k.p.i.AbstractProblemLoader Init config took 4.74s 
243984     INFO  main            d.u.i.k.p.i.AbstractProblemLoader Replaying proof BFilter[ThreadSpec2::joinTransfer()].JML model_behavior operation contract.0 
243985     DEBUG main            d.u.i.k.p.i.IntermediateProofReplayer Proof replay took 7.3ns 
244089     INFO  main            d.u.i.k.p.r.p.TestFile    ... finished proof: closed. 
244403     INFO  main            d.u.i.k.p.i.AbstractProblemLoader Loading environment from /home/runner/work/key/key/key.core/../key.ui/examples/heap/permissions/threads/BFilter_joinTransfer_contract.key.proof 
244404     DEBUG main            d.u.i.k.p.i.AbstractProblemLoader Environment load took 447.51ns 
244405     INFO  main            d.u.i.k.p.i.AbstractProblemLoader Creating init config 
249067     DEBUG main            d.u.i.k.p.i.AbstractProblemLoader Init config took 4.66s 
249162     INFO  main            d.u.i.k.p.i.AbstractProblemLoader Replaying proof BFilter[ThreadSpec2::joinTransfer()].JML model_behavior operation contract.0 
249170     DEBUG main            d.u.i.k.p.i.IntermediateProofReplayer Proof replay took 6.28ms 
249171     DEBUG main            d.u.i.k.p.r.p.TestFile    ... success: reloaded. 
249172     INFO  main            d.u.i.k.p.r.p.TestFile    Now processing file /home/runner/work/key/key/key.core/../key.ui/examples/heap/permissions/threads/BFilter_postJoin_accessible.key 
249172     INFO  main            d.u.i.k.p.i.AbstractProblemLoader Loading environment from /home/runner/work/key/key/key.core/../key.ui/examples/heap/permissions/threads/BFilter_postJoin_accessible.key 
249172     DEBUG main            d.u.i.k.p.i.AbstractProblemLoader Environment load took 168.9ns 
249173     INFO  main            d.u.i.k.p.i.AbstractProblemLoader Creating init config 
253885     DEBUG main            d.u.i.k.p.i.AbstractProblemLoader Init config took 4.71s 
253967     INFO  main            d.u.i.k.p.i.AbstractProblemLoader Replaying proof BFilter[ThreadSpec2::postJoin(java.lang.Object)].JML accessible clause.0 
253969     DEBUG main            d.u.i.k.p.i.IntermediateProofReplayer Proof replay took 7.1ns 
254072     INFO  main            d.u.i.k.p.r.p.TestFile    ... finished proof: closed. 
254375     INFO  main            d.u.i.k.p.i.AbstractProblemLoader Loading environment from /home/runner/work/key/key/key.core/../key.ui/examples/heap/permissions/threads/BFilter_postJoin_accessible.key.proof 
254375     DEBUG main            d.u.i.k.p.i.AbstractProblemLoader Environment load took 102.1ns 
254376     INFO  main            d.u.i.k.p.i.AbstractProblemLoader Creating init config 
259021     DEBUG main            d.u.i.k.p.i.AbstractProblemLoader Init config took 4.65s 
259103     INFO  main            d.u.i.k.p.i.AbstractProblemLoader Replaying proof BFilter[ThreadSpec2::postJoin(java.lang.Object)].JML accessible clause.0 
259110     DEBUG main            d.u.i.k.p.i.IntermediateProofReplayer Proof replay took 5.02ms 
259111     DEBUG main            d.u.i.k.p.r.p.TestFile    ... success: reloaded. 
259112     INFO  main            d.u.i.k.p.r.p.TestFile    Now processing file /home/runner/work/key/key/key.core/../key.ui/examples/heap/permissions/threads/BFilter_preStart_accessible.key 
259112     INFO  main            d.u.i.k.p.i.AbstractProblemLoader Loading environment from /home/runner/work/key/key/key.core/../key.ui/examples/heap/permissions/threads/BFilter_preStart_accessible.key 
259112     DEBUG main            d.u.i.k.p.i.AbstractProblemLoader Environment load took 76.1ns 
259113     INFO  main            d.u.i.k.p.i.AbstractProblemLoader Creating init config 
263832     DEBUG main            d.u.i.k.p.i.AbstractProblemLoader Init config took 4.72s 
263929     INFO  main            d.u.i.k.p.i.AbstractProblemLoader Replaying proof BFilter[ThreadSpec2::preStart(java.lang.Object)].JML accessible clause.0 
263931     DEBUG main            d.u.i.k.p.i.IntermediateProofReplayer Proof replay took 7.7ns 
264234     INFO  main            d.u.i.k.p.r.p.TestFile    ... finished proof: closed. 
264563     INFO  main            d.u.i.k.p.i.AbstractProblemLoader Loading environment from /home/runner/work/key/key/key.core/../key.ui/examples/heap/permissions/threads/BFilter_preStart_accessible.key.proof 
264563     DEBUG main            d.u.i.k.p.i.AbstractProblemLoader Environment load took 97.4ns 
264564     INFO  main            d.u.i.k.p.i.AbstractProblemLoader Creating init config 
269231     DEBUG main            d.u.i.k.p.i.AbstractProblemLoader Init config took 4.67s 
269312     INFO  main            d.u.i.k.p.i.AbstractProblemLoader Replaying proof BFilter[ThreadSpec2::preStart(java.lang.Object)].JML accessible clause.0 
269334     DEBUG main            d.u.i.k.p.i.IntermediateProofReplayer Proof replay took 19.54ms 
269335     DEBUG main            d.u.i.k.p.r.p.TestFile    ... success: reloaded. 
269336     INFO  main            d.u.i.k.p.r.p.TestFile    Now processing file /home/runner/work/key/key/key.core/../key.ui/examples/heap/permissions/threads/BFilter_startTransfer_accessible.key 
269337     INFO  main            d.u.i.k.p.i.AbstractProblemLoader Loading environment from /home/runner/work/key/key/key.core/../key.ui/examples/heap/permissions/threads/BFilter_startTransfer_accessible.key 
269337     DEBUG main            d.u.i.k.p.i.AbstractProblemLoader Environment load took 80.3ns 
269337     INFO  main            d.u.i.k.p.i.AbstractProblemLoader Creating init config 
274083     DEBUG main            d.u.i.k.p.i.AbstractProblemLoader Init config took 4.75s 
274165     INFO  main            d.u.i.k.p.i.AbstractProblemLoader Replaying proof BFilter[ThreadSpec2::startTransfer()].JML accessible clause.0 
274166     DEBUG main            d.u.i.k.p.i.IntermediateProofReplayer Proof replay took 8ns 
280091     INFO  main            d.u.i.k.p.r.p.TestFile    ... finished proof: closed. 
280441     INFO  main            d.u.i.k.p.i.AbstractProblemLoader Loading environment from /home/runner/work/key/key/key.core/../key.ui/examples/heap/permissions/threads/BFilter_startTransfer_accessible.key.proof 
280441     DEBUG main            d.u.i.k.p.i.AbstractProblemLoader Environment load took 160ns 
280442     INFO  main            d.u.i.k.p.i.AbstractProblemLoader Creating init config 
285115     DEBUG main            d.u.i.k.p.i.AbstractProblemLoader Init config took 4.67s 
285218     INFO  main            d.u.i.k.p.i.AbstractProblemLoader Replaying proof BFilter[ThreadSpec2::startTransfer()].JML accessible clause.0 
285528     DEBUG main            d.u.i.k.p.i.IntermediateProofReplayer Proof replay took 299.4ms 
285530     DEBUG main            d.u.i.k.p.r.p.TestFile    ... success: reloaded. 
285531     INFO  main            d.u.i.k.p.r.p.TestFile    Now processing file /home/runner/work/key/key/key.core/../key.ui/examples/heap/permissions/threads/BFilter_startTransfer_contract.key 
285531     INFO  main            d.u.i.k.p.i.AbstractProblemLoader Loading environment from /home/runner/work/key/key/key.core/../key.ui/examples/heap/permissions/threads/BFilter_startTransfer_contract.key 
285531     DEBUG main            d.u.i.k.p.i.AbstractProblemLoader Environment load took 82.4ns 
285532     INFO  main            d.u.i.k.p.i.AbstractProblemLoader Creating init config 
290286     DEBUG main            d.u.i.k.p.i.AbstractProblemLoader Init config took 4.75s 
290368     INFO  main            d.u.i.k.p.i.AbstractProblemLoader Replaying proof BFilter[ThreadSpec2::startTransfer()].JML model_behavior operation contract.0 
290369     DEBUG main            d.u.i.k.p.i.IntermediateProofReplayer Proof replay took 7.7ns 
291578     INFO  main            d.u.i.k.p.r.p.TestFile    ... finished proof: closed. 
291904     INFO  main            d.u.i.k.p.i.AbstractProblemLoader Loading environment from /home/runner/work/key/key/key.core/../key.ui/examples/heap/permissions/threads/BFilter_startTransfer_contract.key.proof 
291904     DEBUG main            d.u.i.k.p.i.AbstractProblemLoader Environment load took 96.9ns 
291905     INFO  main            d.u.i.k.p.i.AbstractProblemLoader Creating init config 
296556     DEBUG main            d.u.i.k.p.i.AbstractProblemLoader Init config took 4.65s 
296638     INFO  main            d.u.i.k.p.i.AbstractProblemLoader Replaying proof BFilter[ThreadSpec2::startTransfer()].JML model_behavior operation contract.0 
296732     DEBUG main            d.u.i.k.p.i.IntermediateProofReplayer Proof replay took 88.23ms 
296733     DEBUG main            d.u.i.k.p.r.p.TestFile    ... success: reloaded. 
296734     INFO  main            d.u.i.k.p.r.p.TestFile    Now processing file /home/runner/work/key/key/key.core/../key.ui/examples/heap/permissions/threads/BFilter_stateInv_accessible.key 
296734     INFO  main            d.u.i.k.p.i.AbstractProblemLoader Loading environment from /home/runner/work/key/key/key.core/../key.ui/examples/heap/permissions/threads/BFilter_stateInv_accessible.key 
296734     DEBUG main            d.u.i.k.p.i.AbstractProblemLoader Environment load took 79.7ns 
296735     INFO  main            d.u.i.k.p.i.AbstractProblemLoader Creating init config 
301457     DEBUG main            d.u.i.k.p.i.AbstractProblemLoader Init config took 4.72s 
301540     INFO  main            d.u.i.k.p.i.AbstractProblemLoader Replaying proof BFilter[ThreadSpec2::stateInv()].JML accessible clause.0 
301542     DEBUG main            d.u.i.k.p.i.IntermediateProofReplayer Proof replay took 8.2ns 
301844     INFO  main            d.u.i.k.p.r.p.TestFile    ... finished proof: closed. 
302191     INFO  main            d.u.i.k.p.i.AbstractProblemLoader Loading environment from /home/runner/work/key/key/key.core/../key.ui/examples/heap/permissions/threads/BFilter_stateInv_accessible.key.proof 
302191     DEBUG main            d.u.i.k.p.i.AbstractProblemLoader Environment load took 101.5ns 
302192     INFO  main            d.u.i.k.p.i.AbstractProblemLoader Creating init config 
306819     DEBUG main            d.u.i.k.p.i.AbstractProblemLoader Init config took 4.63s 
306900     INFO  main            d.u.i.k.p.i.AbstractProblemLoader Replaying proof BFilter[ThreadSpec2::stateInv()].JML accessible clause.0 
306927     DEBUG main            d.u.i.k.p.i.IntermediateProofReplayer Proof replay took 24.65ms 
306928     DEBUG main            d.u.i.k.p.r.p.TestFile    ... success: reloaded. 
306929     INFO  main            d.u.i.k.p.r.p.TestFile    Now processing file /home/runner/work/key/key/key.core/../key.ui/examples/heap/permissions/threads/BFilter_staticPermissions_accessible.key 
306929     INFO  main            d.u.i.k.p.i.AbstractProblemLoader Loading environment from /home/runner/work/key/key/key.core/../key.ui/examples/heap/permissions/threads/BFilter_staticPermissions_accessible.key 
306929     DEBUG main            d.u.i.k.p.i.AbstractProblemLoader Environment load took 77.6ns 
306930     INFO  main            d.u.i.k.p.i.AbstractProblemLoader Creating init config 
311640     DEBUG main            d.u.i.k.p.i.AbstractProblemLoader Init config took 4.71s 
311739     INFO  main            d.u.i.k.p.i.AbstractProblemLoader Replaying proof BFilter[ThreadSpec2::staticPermissions()].JML accessible clause.0 
311741     DEBUG main            d.u.i.k.p.i.IntermediateProofReplayer Proof replay took 7.2ns 
311844     INFO  main            d.u.i.k.p.r.p.TestFile    ... finished proof: closed. 
312185     INFO  main            d.u.i.k.p.i.AbstractProblemLoader Loading environment from /home/runner/work/key/key/key.core/../key.ui/examples/heap/permissions/threads/BFilter_staticPermissions_accessible.key.proof 
312185     DEBUG main            d.u.i.k.p.i.AbstractProblemLoader Environment load took 94.2ns 
312186     INFO  main            d.u.i.k.p.i.AbstractProblemLoader Creating init config 
316827     DEBUG main            d.u.i.k.p.i.AbstractProblemLoader Init config took 4.64s 
316909     INFO  main            d.u.i.k.p.i.AbstractProblemLoader Replaying proof BFilter[ThreadSpec2::staticPermissions()].JML accessible clause.0 
316919     DEBUG main            d.u.i.k.p.i.IntermediateProofReplayer Proof replay took 7.6ms 
316920     DEBUG main            d.u.i.k.p.r.p.TestFile    ... success: reloaded. 
316921     INFO  main            d.u.i.k.p.r.p.TestFile    Now processing file /home/runner/work/key/key/key.core/../key.ui/examples/heap/permissions/threads/BFilter_workingPermissions_accessible.key 
316921     INFO  main            d.u.i.k.p.i.AbstractProblemLoader Loading environment from /home/runner/work/key/key/key.core/../key.ui/examples/heap/permissions/threads/BFilter_workingPermissions_accessible.key 
316921     DEBUG main            d.u.i.k.p.i.AbstractProblemLoader Environment load took 165.5ns 
316922     INFO  main            d.u.i.k.p.i.AbstractProblemLoader Creating init config 
321661     DEBUG main            d.u.i.k.p.i.AbstractProblemLoader Init config took 4.74s 
321742     INFO  main            d.u.i.k.p.i.AbstractProblemLoader Replaying proof BFilter[ThreadSpec2::workingPermissions()].JML accessible clause.0 
321743     DEBUG main            d.u.i.k.p.i.IntermediateProofReplayer Proof replay took 6.6ns 
321845     INFO  main            d.u.i.k.p.r.p.TestFile    ... finished proof: closed. 
322199     INFO  main            d.u.i.k.p.i.AbstractProblemLoader Loading environment from /home/runner/work/key/key/key.core/../key.ui/examples/heap/permissions/threads/BFilter_workingPermissions_accessible.key.proof 
322199     DEBUG main            d.u.i.k.p.i.AbstractProblemLoader Environment load took 98.6ns 
322200     INFO  main            d.u.i.k.p.i.AbstractProblemLoader Creating init config 
326842     DEBUG main            d.u.i.k.p.i.AbstractProblemLoader Init config took 4.64s 
326936     INFO  main            d.u.i.k.p.i.AbstractProblemLoader Replaying proof BFilter[ThreadSpec2::workingPermissions()].JML accessible clause.0 
326943     DEBUG main            d.u.i.k.p.i.IntermediateProofReplayer Proof replay took 6.2ms 
326944     DEBUG main            d.u.i.k.p.r.p.TestFile    ... success: reloaded. 
326945     INFO  main            d.u.i.k.p.r.p.TestFile    Now processing file /home/runner/work/key/key/key.core/../key.ui/examples/heap/permissions/threads/Fib_Fib.key 
326945     INFO  main            d.u.i.k.p.i.AbstractProblemLoader Loading environment from /home/runner/work/key/key/key.core/../key.ui/examples/heap/permissions/threads/Fib_Fib.key 
326945     DEBUG main            d.u.i.k.p.i.AbstractProblemLoader Environment load took 75.4ns 
326946     INFO  main            d.u.i.k.p.i.AbstractProblemLoader Creating init config 
331651     DEBUG main            d.u.i.k.p.i.AbstractProblemLoader Init config took 4.71s 
331733     INFO  main            d.u.i.k.p.i.AbstractProblemLoader Replaying proof Fib[Fib::Fib(int)].JML normal_behavior operation contract.0 
331734     DEBUG main            d.u.i.k.p.i.IntermediateProofReplayer Proof replay took 6.6ns 
332437     INFO  main            d.u.i.k.p.r.p.TestFile    ... finished proof: closed. 
332799     INFO  main            d.u.i.k.p.i.AbstractProblemLoader Loading environment from /home/runner/work/key/key/key.core/../key.ui/examples/heap/permissions/threads/Fib_Fib.key.proof 
332799     DEBUG main            d.u.i.k.p.i.AbstractProblemLoader Environment load took 103.4ns 
332800     INFO  main            d.u.i.k.p.i.AbstractProblemLoader Creating init config 
337445     DEBUG main            d.u.i.k.p.i.AbstractProblemLoader Init config took 4.64s 
337527     INFO  main            d.u.i.k.p.i.AbstractProblemLoader Replaying proof Fib[Fib::Fib(int)].JML normal_behavior operation contract.0 
337597     DEBUG main            d.u.i.k.p.i.IntermediateProofReplayer Proof replay took 67.7ms 
337598     DEBUG main            d.u.i.k.p.r.p.TestFile    ... success: reloaded. 
337599     INFO  main            d.u.i.k.p.r.p.TestFile    Now processing file /home/runner/work/key/key/key.core/../key.ui/examples/heap/permissions/threads/Fib_initPost_accessible.key 
337599     INFO  main            d.u.i.k.p.i.AbstractProblemLoader Loading environment from /home/runner/work/key/key/key.core/../key.ui/examples/heap/permissions/threads/Fib_initPost_accessible.key 
337599     DEBUG main            d.u.i.k.p.i.AbstractProblemLoader Environment load took 77.5ns 
337600     INFO  main            d.u.i.k.p.i.AbstractProblemLoader Creating init config 
342320     DEBUG main            d.u.i.k.p.i.AbstractProblemLoader Init config took 4.72s 
342417     INFO  main            d.u.i.k.p.i.AbstractProblemLoader Replaying proof Fib[ThreadSpec::initPost()].JML accessible clause.0 
342418     DEBUG main            d.u.i.k.p.i.IntermediateProofReplayer Proof replay took 7ns 
342520     INFO  main            d.u.i.k.p.r.p.TestFile    ... finished proof: closed. 
342883     INFO  main            d.u.i.k.p.i.AbstractProblemLoader Loading environment from /home/runner/work/key/key/key.core/../key.ui/examples/heap/permissions/threads/Fib_initPost_accessible.key.proof 
342883     DEBUG main            d.u.i.k.p.i.AbstractProblemLoader Environment load took 101.1ns 
342884     INFO  main            d.u.i.k.p.i.AbstractProblemLoader Creating init config 
347533     DEBUG main            d.u.i.k.p.i.AbstractProblemLoader Init config took 4.65s 
347614     INFO  main            d.u.i.k.p.i.AbstractProblemLoader Replaying proof Fib[ThreadSpec::initPost()].JML accessible clause.0 
347620     DEBUG main            d.u.i.k.p.i.IntermediateProofReplayer Proof replay took 4.1ms 
347621     DEBUG main            d.u.i.k.p.r.p.TestFile    ... success: reloaded. 
347621     INFO  main            d.u.i.k.p.r.p.TestFile    Now processing file /home/runner/work/key/key/key.core/../key.ui/examples/heap/permissions/threads/Fib_inv1_accessible.key 
347622     INFO  main            d.u.i.k.p.i.AbstractProblemLoader Loading environment from /home/runner/work/key/key/key.core/../key.ui/examples/heap/permissions/threads/Fib_inv1_accessible.key 
347622     DEBUG main            d.u.i.k.p.i.AbstractProblemLoader Environment load took 87.4ns 
347623     INFO  main            d.u.i.k.p.i.AbstractProblemLoader Creating init config 
352338     DEBUG main            d.u.i.k.p.i.AbstractProblemLoader Init config took 4.72s 
352436     INFO  main            d.u.i.k.p.i.AbstractProblemLoader Replaying proof Fib[java.lang.Object::<inv>()].JML accessible clause.0 
352437     DEBUG main            d.u.i.k.p.i.IntermediateProofReplayer Proof replay took 7.3ns 
352539     INFO  main            d.u.i.k.p.r.p.TestFile    ... finished proof: closed. 
352908     INFO  main            d.u.i.k.p.i.AbstractProblemLoader Loading environment from /home/runner/work/key/key/key.core/../key.ui/examples/heap/permissions/threads/Fib_inv1_accessible.key.proof 
352908     DEBUG main            d.u.i.k.p.i.AbstractProblemLoader Environment load took 85.7ns 
352909     INFO  main            d.u.i.k.p.i.AbstractProblemLoader Creating init config 
357551     DEBUG main            d.u.i.k.p.i.AbstractProblemLoader Init config took 4.64s 
357632     INFO  main            d.u.i.k.p.i.AbstractProblemLoader Replaying proof Fib[java.lang.Object::<inv>()].JML accessible clause.0 
357634     DEBUG main            d.u.i.k.p.i.IntermediateProofReplayer Proof replay took 1.37ms 
357635     DEBUG main            d.u.i.k.p.r.p.TestFile    ... success: reloaded. 
357636     INFO  main            d.u.i.k.p.r.p.TestFile    Now processing file /home/runner/work/key/key/key.core/../key.ui/examples/heap/permissions/threads/Fib_inv2_accessible.key 
357636     INFO  main            d.u.i.k.p.i.AbstractProblemLoader Loading environment from /home/runner/work/key/key/key.core/../key.ui/examples/heap/permissions/threads/Fib_inv2_accessible.key 
357636     DEBUG main            d.u.i.k.p.i.AbstractProblemLoader Environment load took 73.8ns 
357637     INFO  main            d.u.i.k.p.i.AbstractProblemLoader Creating init config 
362349     DEBUG main            d.u.i.k.p.i.AbstractProblemLoader Init config took 4.71s 
362445     INFO  main            d.u.i.k.p.i.AbstractProblemLoader Replaying proof Fib[java.lang.Object::<inv>()].JML accessible clause.1 
362446     DEBUG main            d.u.i.k.p.i.IntermediateProofReplayer Proof replay took 7.2ns 
362548     INFO  main            d.u.i.k.p.r.p.TestFile    ... finished proof: closed. 
362923     INFO  main            d.u.i.k.p.i.AbstractProblemLoader Loading environment from /home/runner/work/key/key/key.core/../key.ui/examples/heap/permissions/threads/Fib_inv2_accessible.key.proof 
362923     DEBUG main            d.u.i.k.p.i.AbstractProblemLoader Environment load took 88.7ns 
362923     INFO  main            d.u.i.k.p.i.AbstractProblemLoader Creating init config 
367557     DEBUG main            d.u.i.k.p.i.AbstractProblemLoader Init config took 4.63s 
367638     INFO  main            d.u.i.k.p.i.AbstractProblemLoader Replaying proof Fib[java.lang.Object::<inv>()].JML accessible clause.1 
367641     DEBUG main            d.u.i.k.p.i.IntermediateProofReplayer Proof replay took 1.38ms 
367642     DEBUG main            d.u.i.k.p.r.p.TestFile    ... success: reloaded. 
367642     INFO  main            d.u.i.k.p.r.p.TestFile    Now processing file /home/runner/work/key/key/key.core/../key.ui/examples/heap/permissions/threads/Fib_joinTransfer_accessible.key 
367643     INFO  main            d.u.i.k.p.i.AbstractProblemLoader Loading environment from /home/runner/work/key/key/key.core/../key.ui/examples/heap/permissions/threads/Fib_joinTransfer_accessible.key 
367643     DEBUG main            d.u.i.k.p.i.AbstractProblemLoader Environment load took 46.8ns 
367643     INFO  main            d.u.i.k.p.i.AbstractProblemLoader Creating init config 
372358     DEBUG main            d.u.i.k.p.i.AbstractProblemLoader Init config took 4.71s 
372439     INFO  main            d.u.i.k.p.i.AbstractProblemLoader Replaying proof Fib[ThreadSpec::joinTransfer()].JML accessible clause.0 
372440     DEBUG main            d.u.i.k.p.i.IntermediateProofReplayer Proof replay took 7.2ns 
372642     INFO  main            d.u.i.k.p.r.p.TestFile    ... finished proof: closed. 
373037     INFO  main            d.u.i.k.p.i.AbstractProblemLoader Loading environment from /home/runner/work/key/key/key.core/../key.ui/examples/heap/permissions/threads/Fib_joinTransfer_accessible.key.proof 
373037     DEBUG main            d.u.i.k.p.i.AbstractProblemLoader Environment load took 90.7ns 
373037     INFO  main            d.u.i.k.p.i.AbstractProblemLoader Creating init config 
377682     DEBUG main            d.u.i.k.p.i.AbstractProblemLoader Init config took 4.64s 
377765     INFO  main            d.u.i.k.p.i.AbstractProblemLoader Replaying proof Fib[ThreadSpec::joinTransfer()].JML accessible clause.0 
377784     DEBUG main            d.u.i.k.p.i.IntermediateProofReplayer Proof replay took 17.62ms 
377785     DEBUG main            d.u.i.k.p.r.p.TestFile    ... success: reloaded. 
377786     INFO  main            d.u.i.k.p.r.p.TestFile    Now processing file /home/runner/work/key/key/key.core/../key.ui/examples/heap/permissions/threads/Fib_joinTransfer_contract.key 
377786     INFO  main            d.u.i.k.p.i.AbstractProblemLoader Loading environment from /home/runner/work/key/key/key.core/../key.ui/examples/heap/permissions/threads/Fib_joinTransfer_contract.key 
377786     DEBUG main            d.u.i.k.p.i.AbstractProblemLoader Environment load took 47.3ns 
377787     INFO  main            d.u.i.k.p.i.AbstractProblemLoader Creating init config 
382497     DEBUG main            d.u.i.k.p.i.AbstractProblemLoader Init config took 4.71s 
382578     INFO  main            d.u.i.k.p.i.AbstractProblemLoader Replaying proof Fib[ThreadSpec::joinTransfer()].JML model_behavior operation contract.0 
382580     DEBUG main            d.u.i.k.p.i.IntermediateProofReplayer Proof replay took 7.2ns 
382681     INFO  main            d.u.i.k.p.r.p.TestFile    ... finished proof: closed. 
383051     INFO  main            d.u.i.k.p.i.AbstractProblemLoader Loading environment from /home/runner/work/key/key/key.core/../key.ui/examples/heap/permissions/threads/Fib_joinTransfer_contract.key.proof 
383051     DEBUG main            d.u.i.k.p.i.AbstractProblemLoader Environment load took 90.3ns 
383052     INFO  main            d.u.i.k.p.i.AbstractProblemLoader Creating init config 
387685     DEBUG main            d.u.i.k.p.i.AbstractProblemLoader Init config took 4.63s 
387767     INFO  main            d.u.i.k.p.i.AbstractProblemLoader Replaying proof Fib[ThreadSpec::joinTransfer()].JML model_behavior operation contract.0 
387774     DEBUG main            d.u.i.k.p.i.IntermediateProofReplayer Proof replay took 5.82ms 
387775     DEBUG main            d.u.i.k.p.r.p.TestFile    ... success: reloaded. 
387776     INFO  main            d.u.i.k.p.r.p.TestFile    Now processing file /home/runner/work/key/key/key.core/../key.ui/examples/heap/permissions/threads/Fib_postJoin_accessible.key 
387776     INFO  main            d.u.i.k.p.i.AbstractProblemLoader Loading environment from /home/runner/work/key/key/key.core/../key.ui/examples/heap/permissions/threads/Fib_postJoin_accessible.key 
387777     DEBUG main            d.u.i.k.p.i.AbstractProblemLoader Environment load took 146.7ns 
387777     INFO  main            d.u.i.k.p.i.AbstractProblemLoader Creating init config 
392497     DEBUG main            d.u.i.k.p.i.AbstractProblemLoader Init config took 4.72s 
392577     INFO  main            d.u.i.k.p.i.AbstractProblemLoader Replaying proof Fib[ThreadSpec::postJoin(java.lang.Object)].JML accessible clause.0 
392578     DEBUG main            d.u.i.k.p.i.IntermediateProofReplayer Proof replay took 7ns 
392680     INFO  main            d.u.i.k.p.r.p.TestFile    ... finished proof: closed. 
393077     INFO  main            d.u.i.k.p.i.AbstractProblemLoader Loading environment from /home/runner/work/key/key/key.core/../key.ui/examples/heap/permissions/threads/Fib_postJoin_accessible.key.proof 
393078     DEBUG main            d.u.i.k.p.i.AbstractProblemLoader Environment load took 91.9ns 
393078     INFO  main            d.u.i.k.p.i.AbstractProblemLoader Creating init config 
397707     DEBUG main            d.u.i.k.p.i.AbstractProblemLoader Init config took 4.63s 
397787     INFO  main            d.u.i.k.p.i.AbstractProblemLoader Replaying proof Fib[ThreadSpec::postJoin(java.lang.Object)].JML accessible clause.0 
397793     DEBUG main            d.u.i.k.p.i.IntermediateProofReplayer Proof replay took 4.24ms 
397793     DEBUG main            d.u.i.k.p.r.p.TestFile    ... success: reloaded. 
397794     INFO  main            d.u.i.k.p.r.p.TestFile    Now processing file /home/runner/work/key/key/key.core/../key.ui/examples/heap/permissions/threads/Fib_preStart_accessible.key 
397794     INFO  main            d.u.i.k.p.i.AbstractProblemLoader Loading environment from /home/runner/work/key/key/key.core/../key.ui/examples/heap/permissions/threads/Fib_preStart_accessible.key 
397794     DEBUG main            d.u.i.k.p.i.AbstractProblemLoader Environment load took 84ns 
397795     INFO  main            d.u.i.k.p.i.AbstractProblemLoader Creating init config 
402525     DEBUG main            d.u.i.k.p.i.AbstractProblemLoader Init config took 4.73s 
402606     INFO  main            d.u.i.k.p.i.AbstractProblemLoader Replaying proof Fib[ThreadSpec::preStart(java.lang.Object)].JML accessible clause.0 
402607     DEBUG main            d.u.i.k.p.i.IntermediateProofReplayer Proof replay took 7.5ns 
402708     INFO  main            d.u.i.k.p.r.p.TestFile    ... finished proof: closed. 
403107     INFO  main            d.u.i.k.p.i.AbstractProblemLoader Loading environment from /home/runner/work/key/key/key.core/../key.ui/examples/heap/permissions/threads/Fib_preStart_accessible.key.proof 
403107     DEBUG main            d.u.i.k.p.i.AbstractProblemLoader Environment load took 92ns 
403108     INFO  main            d.u.i.k.p.i.AbstractProblemLoader Creating init config 
407755     DEBUG main            d.u.i.k.p.i.AbstractProblemLoader Init config took 4.65s 
407848     INFO  main            d.u.i.k.p.i.AbstractProblemLoader Replaying proof Fib[ThreadSpec::preStart(java.lang.Object)].JML accessible clause.0 
407854     DEBUG main            d.u.i.k.p.i.IntermediateProofReplayer Proof replay took 4.3ms 
407854     DEBUG main            d.u.i.k.p.r.p.TestFile    ... success: reloaded. 
407855     INFO  main            d.u.i.k.p.r.p.TestFile    Now processing file /home/runner/work/key/key/key.core/../key.ui/examples/heap/permissions/threads/Fib_startTransfer_accessible.key 
407856     INFO  main            d.u.i.k.p.i.AbstractProblemLoader Loading environment from /home/runner/work/key/key/key.core/../key.ui/examples/heap/permissions/threads/Fib_startTransfer_accessible.key 
407856     DEBUG main            d.u.i.k.p.i.AbstractProblemLoader Environment load took 77.8ns 
407856     INFO  main            d.u.i.k.p.i.AbstractProblemLoader Creating init config 
412573     DEBUG main            d.u.i.k.p.i.AbstractProblemLoader Init config took 4.72s 
412654     INFO  main            d.u.i.k.p.i.AbstractProblemLoader Replaying proof Fib[ThreadSpec::startTransfer()].JML accessible clause.0 
412655     DEBUG main            d.u.i.k.p.i.IntermediateProofReplayer Proof replay took 7.6ns 
412858     INFO  main            d.u.i.k.p.r.p.TestFile    ... finished proof: closed. 
413285     INFO  main            d.u.i.k.p.i.AbstractProblemLoader Loading environment from /home/runner/work/key/key/key.core/../key.ui/examples/heap/permissions/threads/Fib_startTransfer_accessible.key.proof 
413285     DEBUG main            d.u.i.k.p.i.AbstractProblemLoader Environment load took 86.7ns 
413286     INFO  main            d.u.i.k.p.i.AbstractProblemLoader Creating init config 
417948     DEBUG main            d.u.i.k.p.i.AbstractProblemLoader Init config took 4.66s 
418028     INFO  main            d.u.i.k.p.i.AbstractProblemLoader Replaying proof Fib[ThreadSpec::startTransfer()].JML accessible clause.0 
418048     DEBUG main            d.u.i.k.p.i.IntermediateProofReplayer Proof replay took 17.76ms 
418048     DEBUG main            d.u.i.k.p.r.p.TestFile    ... success: reloaded. 
418049     INFO  main            d.u.i.k.p.r.p.TestFile    Now processing file /home/runner/work/key/key/key.core/../key.ui/examples/heap/permissions/threads/Fib_startTransfer_contract.key 
418049     INFO  main            d.u.i.k.p.i.AbstractProblemLoader Loading environment from /home/runner/work/key/key/key.core/../key.ui/examples/heap/permissions/threads/Fib_startTransfer_contract.key 
418049     DEBUG main            d.u.i.k.p.i.AbstractProblemLoader Environment load took 48.6ns 
418050     INFO  main            d.u.i.k.p.i.AbstractProblemLoader Creating init config 
422786     DEBUG main            d.u.i.k.p.i.AbstractProblemLoader Init config took 4.74s 
422867     INFO  main            d.u.i.k.p.i.AbstractProblemLoader Replaying proof Fib[ThreadSpec::startTransfer()].JML model_behavior operation contract.0 
422868     DEBUG main            d.u.i.k.p.i.IntermediateProofReplayer Proof replay took 8.1ns 
422973     INFO  main            d.u.i.k.p.r.p.TestFile    ... finished proof: closed. 
423396     INFO  main            d.u.i.k.p.i.AbstractProblemLoader Loading environment from /home/runner/work/key/key/key.core/../key.ui/examples/heap/permissions/threads/Fib_startTransfer_contract.key.proof 
423396     DEBUG main            d.u.i.k.p.i.AbstractProblemLoader Environment load took 87.1ns 
423397     INFO  main            d.u.i.k.p.i.AbstractProblemLoader Creating init config 
428030     DEBUG main            d.u.i.k.p.i.AbstractProblemLoader Init config took 4.63s 
428110     INFO  main            d.u.i.k.p.i.AbstractProblemLoader Replaying proof Fib[ThreadSpec::startTransfer()].JML model_behavior operation contract.0 
428118     DEBUG main            d.u.i.k.p.i.IntermediateProofReplayer Proof replay took 5.83ms 
428118     DEBUG main            d.u.i.k.p.r.p.TestFile    ... success: reloaded. 
428119     INFO  main            d.u.i.k.p.r.p.TestFile    Now processing file /home/runner/work/key/key/key.core/../key.ui/examples/heap/permissions/threads/Fib_workingPermissions_accessible.key 
428119     INFO  main            d.u.i.k.p.i.AbstractProblemLoader Loading environment from /home/runner/work/key/key/key.core/../key.ui/examples/heap/permissions/threads/Fib_workingPermissions_accessible.key 
428119     DEBUG main            d.u.i.k.p.i.AbstractProblemLoader Environment load took 44.8ns 
428120     INFO  main            d.u.i.k.p.i.AbstractProblemLoader Creating init config 
432837     DEBUG main            d.u.i.k.p.i.AbstractProblemLoader Init config took 4.72s 
432917     INFO  main            d.u.i.k.p.i.AbstractProblemLoader Replaying proof Fib[ThreadSpec::workingPermissions()].JML accessible clause.0 
432918     DEBUG main            d.u.i.k.p.i.IntermediateProofReplayer Proof replay took 7.7ns 
433019     INFO  main            d.u.i.k.p.r.p.TestFile    ... finished proof: closed. 
433445     INFO  main            d.u.i.k.p.i.AbstractProblemLoader Loading environment from /home/runner/work/key/key/key.core/../key.ui/examples/heap/permissions/threads/Fib_workingPermissions_accessible.key.proof 
433445     DEBUG main            d.u.i.k.p.i.AbstractProblemLoader Environment load took 119ns 
433446     INFO  main            d.u.i.k.p.i.AbstractProblemLoader Creating init config 
438068     DEBUG main            d.u.i.k.p.i.AbstractProblemLoader Init config took 4.62s 
438148     INFO  main            d.u.i.k.p.i.AbstractProblemLoader Replaying proof Fib[ThreadSpec::workingPermissions()].JML accessible clause.0 
438151     DEBUG main            d.u.i.k.p.i.IntermediateProofReplayer Proof replay took 1.66ms 
438151     DEBUG main            d.u.i.k.p.r.p.TestFile    ... success: reloaded. 
438152     INFO  main            d.u.i.k.p.r.p.TestFile    Now processing file /home/runner/work/key/key/key.core/../key.ui/examples/heap/permissions/threads/Plotter_initPost_accessible.key 
438152     INFO  main            d.u.i.k.p.i.AbstractProblemLoader Loading environment from /home/runner/work/key/key/key.core/../key.ui/examples/heap/permissions/threads/Plotter_initPost_accessible.key 
438152     DEBUG main            d.u.i.k.p.i.AbstractProblemLoader Environment load took 40.8ns 
438153     INFO  main            d.u.i.k.p.i.AbstractProblemLoader Creating init config 
442872     DEBUG main            d.u.i.k.p.i.AbstractProblemLoader Init config took 4.72s 
442953     INFO  main            d.u.i.k.p.i.AbstractProblemLoader Replaying proof Plotter[ThreadSpec2::initPost()].JML accessible clause.0 
442954     DEBUG main            d.u.i.k.p.i.IntermediateProofReplayer Proof replay took 7.9ns 
443056     INFO  main            d.u.i.k.p.r.p.TestFile    ... finished proof: closed. 
443486     INFO  main            d.u.i.k.p.i.AbstractProblemLoader Loading environment from /home/runner/work/key/key/key.core/../key.ui/examples/heap/permissions/threads/Plotter_initPost_accessible.key.proof 
443486     DEBUG main            d.u.i.k.p.i.AbstractProblemLoader Environment load took 81ns 
443487     INFO  main            d.u.i.k.p.i.AbstractProblemLoader Creating init config 
448139     DEBUG main            d.u.i.k.p.i.AbstractProblemLoader Init config took 4.65s 
448219     INFO  main            d.u.i.k.p.i.AbstractProblemLoader Replaying proof Plotter[ThreadSpec2::initPost()].JML accessible clause.0 
448229     DEBUG main            d.u.i.k.p.i.IntermediateProofReplayer Proof replay took 8.71ms 
448230     DEBUG main            d.u.i.k.p.r.p.TestFile    ... success: reloaded. 
448231     INFO  main            d.u.i.k.p.r.p.TestFile    Now processing file /home/runner/work/key/key/key.core/../key.ui/examples/heap/permissions/threads/Plotter_inv_accessible1.key 
448231     INFO  main            d.u.i.k.p.i.AbstractProblemLoader Loading environment from /home/runner/work/key/key/key.core/../key.ui/examples/heap/permissions/threads/Plotter_inv_accessible1.key 
448231     DEBUG main            d.u.i.k.p.i.AbstractProblemLoader Environment load took 41.8ns 
448232     INFO  main            d.u.i.k.p.i.AbstractProblemLoader Creating init config 
452958     DEBUG main            d.u.i.k.p.i.AbstractProblemLoader Init config took 4.73s 
453052     INFO  main            d.u.i.k.p.i.AbstractProblemLoader Replaying proof Plotter[java.lang.Object::<inv>()].JML accessible clause.0 
453054     DEBUG main            d.u.i.k.p.i.IntermediateProofReplayer Proof replay took 9.1ns 
453156     INFO  main            d.u.i.k.p.r.p.TestFile    ... finished proof: closed. 
453590     INFO  main            d.u.i.k.p.i.AbstractProblemLoader Loading environment from /home/runner/work/key/key/key.core/../key.ui/examples/heap/permissions/threads/Plotter_inv_accessible1.key.proof 
453590     DEBUG main            d.u.i.k.p.i.AbstractProblemLoader Environment load took 90.5ns 
453591     INFO  main            d.u.i.k.p.i.AbstractProblemLoader Creating init config 
458248     DEBUG main            d.u.i.k.p.i.AbstractProblemLoader Init config took 4.66s 
458341     INFO  main            d.u.i.k.p.i.AbstractProblemLoader Replaying proof Plotter[java.lang.Object::<inv>()].JML accessible clause.0 
458344     DEBUG main            d.u.i.k.p.i.IntermediateProofReplayer Proof replay took 1.38ms 
458344     DEBUG main            d.u.i.k.p.r.p.TestFile    ... success: reloaded. 
458345     INFO  main            d.u.i.k.p.r.p.TestFile    Now processing file /home/runner/work/key/key/key.core/../key.ui/examples/heap/permissions/threads/Plotter_inv_accessible2.key 
458345     INFO  main            d.u.i.k.p.i.AbstractProblemLoader Loading environment from /home/runner/work/key/key/key.core/../key.ui/examples/heap/permissions/threads/Plotter_inv_accessible2.key 
458346     DEBUG main            d.u.i.k.p.i.AbstractProblemLoader Environment load took 56.3ns 
458346     INFO  main            d.u.i.k.p.i.AbstractProblemLoader Creating init config 
463064     DEBUG main            d.u.i.k.p.i.AbstractProblemLoader Init config took 4.72s 
463143     INFO  main            d.u.i.k.p.i.AbstractProblemLoader Replaying proof Plotter[java.lang.Object::<inv>()].JML accessible clause.1 
463145     DEBUG main            d.u.i.k.p.i.IntermediateProofReplayer Proof replay took 8.2ns 
463246     INFO  main            d.u.i.k.p.r.p.TestFile    ... finished proof: closed. 
463687     INFO  main            d.u.i.k.p.i.AbstractProblemLoader Loading environment from /home/runner/work/key/key/key.core/../key.ui/examples/heap/permissions/threads/Plotter_inv_accessible2.key.proof 
463687     DEBUG main            d.u.i.k.p.i.AbstractProblemLoader Environment load took 83.1ns 
463688     INFO  main            d.u.i.k.p.i.AbstractProblemLoader Creating init config 
468341     DEBUG main            d.u.i.k.p.i.AbstractProblemLoader Init config took 4.65s 
468433     INFO  main            d.u.i.k.p.i.AbstractProblemLoader Replaying proof Plotter[java.lang.Object::<inv>()].JML accessible clause.1 
468436     DEBUG main            d.u.i.k.p.i.IntermediateProofReplayer Proof replay took 1.39ms 
468437     DEBUG main            d.u.i.k.p.r.p.TestFile    ... success: reloaded. 
468438     INFO  main            d.u.i.k.p.r.p.TestFile    Now processing file /home/runner/work/key/key/key.core/../key.ui/examples/heap/permissions/threads/Plotter_joinTransfer_contract.key 
468438     INFO  main            d.u.i.k.p.i.AbstractProblemLoader Loading environment from /home/runner/work/key/key/key.core/../key.ui/examples/heap/permissions/threads/Plotter_joinTransfer_contract.key 
468438     DEBUG main            d.u.i.k.p.i.AbstractProblemLoader Environment load took 43.8ns 
468439     INFO  main            d.u.i.k.p.i.AbstractProblemLoader Creating init config 
473170     DEBUG main            d.u.i.k.p.i.AbstractProblemLoader Init config took 4.73s 
473251     INFO  main            d.u.i.k.p.i.AbstractProblemLoader Replaying proof Plotter[ThreadSpec2::joinTransfer()].JML model_behavior operation contract.0 
473252     DEBUG main            d.u.i.k.p.i.IntermediateProofReplayer Proof replay took 8.3ns 
473354     INFO  main            d.u.i.k.p.r.p.TestFile    ... finished proof: closed. 
473801     INFO  main            d.u.i.k.p.i.AbstractProblemLoader Loading environment from /home/runner/work/key/key/key.core/../key.ui/examples/heap/permissions/threads/Plotter_joinTransfer_contract.key.proof 
473801     DEBUG main            d.u.i.k.p.i.AbstractProblemLoader Environment load took 81.3ns 
473802     INFO  main            d.u.i.k.p.i.AbstractProblemLoader Creating init config 
478457     DEBUG main            d.u.i.k.p.i.AbstractProblemLoader Init config took 4.65s 
478538     INFO  main            d.u.i.k.p.i.AbstractProblemLoader Replaying proof Plotter[ThreadSpec2::joinTransfer()].JML model_behavior operation contract.0 
478546     DEBUG main            d.u.i.k.p.i.IntermediateProofReplayer Proof replay took 6.62ms 
478546     DEBUG main            d.u.i.k.p.r.p.TestFile    ... success: reloaded. 
478547     INFO  main            d.u.i.k.p.r.p.TestFile    Now processing file /home/runner/work/key/key/key.core/../key.ui/examples/heap/permissions/threads/Plotter_Plotter.key 
478547     INFO  main            d.u.i.k.p.i.AbstractProblemLoader Loading environment from /home/runner/work/key/key/key.core/../key.ui/examples/heap/permissions/threads/Plotter_Plotter.key 
478547     DEBUG main            d.u.i.k.p.i.AbstractProblemLoader Environment load took 42.8ns 
478548     INFO  main            d.u.i.k.p.i.AbstractProblemLoader Creating init config 
483277     DEBUG main            d.u.i.k.p.i.AbstractProblemLoader Init config took 4.73s 
483358     INFO  main            d.u.i.k.p.i.AbstractProblemLoader Replaying proof Plotter[Plotter::Plotter(AFilter,BFilter,Buffer)].JML normal_behavior operation contract.0 
483360     DEBUG main            d.u.i.k.p.i.IntermediateProofReplayer Proof replay took 8ns 
485170     INFO  main            d.u.i.k.p.r.p.TestFile    ... finished proof: closed. 
485629     INFO  main            d.u.i.k.p.i.AbstractProblemLoader Loading environment from /home/runner/work/key/key/key.core/../key.ui/examples/heap/permissions/threads/Plotter_Plotter.key.proof 
485629     DEBUG main            d.u.i.k.p.i.AbstractProblemLoader Environment load took 92.7ns 
485630     INFO  main            d.u.i.k.p.i.AbstractProblemLoader Creating init config 
490326     DEBUG main            d.u.i.k.p.i.AbstractProblemLoader Init config took 4.7s 
490425     INFO  main            d.u.i.k.p.i.AbstractProblemLoader Replaying proof Plotter[Plotter::Plotter(AFilter,BFilter,Buffer)].JML normal_behavior operation contract.0 
490577     DEBUG main            d.u.i.k.p.i.IntermediateProofReplayer Proof replay took 146.62ms 
490578     DEBUG main            d.u.i.k.p.r.p.TestFile    ... success: reloaded. 
490579     INFO  main            d.u.i.k.p.r.p.TestFile    Now processing file /home/runner/work/key/key/key.core/../key.ui/examples/heap/permissions/threads/Plotter_postJoin_accessible.key 
490579     INFO  main            d.u.i.k.p.i.AbstractProblemLoader Loading environment from /home/runner/work/key/key/key.core/../key.ui/examples/heap/permissions/threads/Plotter_postJoin_accessible.key 
490579     DEBUG main            d.u.i.k.p.i.AbstractProblemLoader Environment load took 96.9ns 
490580     INFO  main            d.u.i.k.p.i.AbstractProblemLoader Creating init config 
495254     DEBUG main            d.u.i.k.p.i.AbstractProblemLoader Init config took 4.67s 
495333     INFO  main            d.u.i.k.p.i.AbstractProblemLoader Replaying proof Plotter[ThreadSpec2::postJoin(java.lang.Object)].JML accessible clause.0 
495334     DEBUG main            d.u.i.k.p.i.IntermediateProofReplayer Proof replay took 7.7ns 
495436     INFO  main            d.u.i.k.p.r.p.TestFile    ... finished proof: closed. 
495901     INFO  main            d.u.i.k.p.i.AbstractProblemLoader Loading environment from /home/runner/work/key/key/key.core/../key.ui/examples/heap/permissions/threads/Plotter_postJoin_accessible.key.proof 
495902     DEBUG main            d.u.i.k.p.i.AbstractProblemLoader Environment load took 79.4ns 
495902     INFO  main            d.u.i.k.p.i.AbstractProblemLoader Creating init config 
500514     DEBUG main            d.u.i.k.p.i.AbstractProblemLoader Init config took 4.61s 
500595     INFO  main            d.u.i.k.p.i.AbstractProblemLoader Replaying proof Plotter[ThreadSpec2::postJoin(java.lang.Object)].JML accessible clause.0 
500605     DEBUG main            d.u.i.k.p.i.IntermediateProofReplayer Proof replay took 8.75ms 
500606     DEBUG main            d.u.i.k.p.r.p.TestFile    ... success: reloaded. 
500607     INFO  main            d.u.i.k.p.r.p.TestFile    Now processing file /home/runner/work/key/key/key.core/../key.ui/examples/heap/permissions/threads/Plotter_preStart_accessible.key 
500607     INFO  main            d.u.i.k.p.i.AbstractProblemLoader Loading environment from /home/runner/work/key/key/key.core/../key.ui/examples/heap/permissions/threads/Plotter_preStart_accessible.key 
500607     DEBUG main            d.u.i.k.p.i.AbstractProblemLoader Environment load took 43.6ns 
500608     INFO  main            d.u.i.k.p.i.AbstractProblemLoader Creating init config 
505311     DEBUG main            d.u.i.k.p.i.AbstractProblemLoader Init config took 4.7s 
505390     INFO  main            d.u.i.k.p.i.AbstractProblemLoader Replaying proof Plotter[ThreadSpec2::preStart(java.lang.Object)].JML accessible clause.0 
505392     DEBUG main            d.u.i.k.p.i.IntermediateProofReplayer Proof replay took 7.5ns 
506419     INFO  main            d.u.i.k.p.r.p.TestFile    ... finished proof: closed. 
506889     INFO  main            d.u.i.k.p.i.AbstractProblemLoader Loading environment from /home/runner/work/key/key/key.core/../key.ui/examples/heap/permissions/threads/Plotter_preStart_accessible.key.proof 
506889     DEBUG main            d.u.i.k.p.i.AbstractProblemLoader Environment load took 84.7ns 
506890     INFO  main            d.u.i.k.p.i.AbstractProblemLoader Creating init config 
511485     DEBUG main            d.u.i.k.p.i.AbstractProblemLoader Init config took 4.59s 
511565     INFO  main            d.u.i.k.p.i.AbstractProblemLoader Replaying proof Plotter[ThreadSpec2::preStart(java.lang.Object)].JML accessible clause.0 
511613     DEBUG main            d.u.i.k.p.i.IntermediateProofReplayer Proof replay took 44.65ms 
511614     DEBUG main            d.u.i.k.p.r.p.TestFile    ... success: reloaded. 
511615     INFO  main            d.u.i.k.p.r.p.TestFile    Now processing file /home/runner/work/key/key/key.core/../key.ui/examples/heap/permissions/threads/Plotter_stateInv_accessible.key 
511615     INFO  main            d.u.i.k.p.i.AbstractProblemLoader Loading environment from /home/runner/work/key/key/key.core/../key.ui/examples/heap/permissions/threads/Plotter_stateInv_accessible.key 
511615     DEBUG main            d.u.i.k.p.i.AbstractProblemLoader Environment load took 70.5ns 
511616     INFO  main            d.u.i.k.p.i.AbstractProblemLoader Creating init config 
516279     DEBUG main            d.u.i.k.p.i.AbstractProblemLoader Init config took 4.66s 
516358     INFO  main            d.u.i.k.p.i.AbstractProblemLoader Replaying proof Plotter[ThreadSpec2::stateInv()].JML accessible clause.0 
516360     DEBUG main            d.u.i.k.p.i.IntermediateProofReplayer Proof replay took 7.5ns 
524448     INFO  main            d.u.i.k.p.r.p.TestFile    ... finished proof: closed. 
524941     INFO  main            d.u.i.k.p.i.AbstractProblemLoader Loading environment from /home/runner/work/key/key/key.core/../key.ui/examples/heap/permissions/threads/Plotter_stateInv_accessible.key.proof 
524941     DEBUG main            d.u.i.k.p.i.AbstractProblemLoader Environment load took 312.3ns 
524943     INFO  main            d.u.i.k.p.i.AbstractProblemLoader Creating init config 
529561     DEBUG main            d.u.i.k.p.i.AbstractProblemLoader Init config took 4.62s 
529641     INFO  main            d.u.i.k.p.i.AbstractProblemLoader Replaying proof Plotter[ThreadSpec2::stateInv()].JML accessible clause.0 
530018     DEBUG main            d.u.i.k.p.i.IntermediateProofReplayer Proof replay took 363.14ms 
530020     DEBUG main            d.u.i.k.p.r.p.TestFile    ... success: reloaded. 
530021     INFO  main            d.u.i.k.p.r.p.TestFile    Now processing file /home/runner/work/key/key/key.core/../key.ui/examples/heap/permissions/threads/Plotter_staticPermissions_accessible.key 
530021     INFO  main            d.u.i.k.p.i.AbstractProblemLoader Loading environment from /home/runner/work/key/key/key.core/../key.ui/examples/heap/permissions/threads/Plotter_staticPermissions_accessible.key 
530021     DEBUG main            d.u.i.k.p.i.AbstractProblemLoader Environment load took 60.6ns 
530022     INFO  main            d.u.i.k.p.i.AbstractProblemLoader Creating init config 
534715     DEBUG main            d.u.i.k.p.i.AbstractProblemLoader Init config took 4.69s 
534817     INFO  main            d.u.i.k.p.i.AbstractProblemLoader Replaying proof Plotter[ThreadSpec2::staticPermissions()].JML accessible clause.0 
534819     DEBUG main            d.u.i.k.p.i.IntermediateProofReplayer Proof replay took 45.8ns 
535722     INFO  main            d.u.i.k.p.r.p.TestFile    ... finished proof: closed. 
536221     INFO  main            d.u.i.k.p.i.AbstractProblemLoader Loading environment from /home/runner/work/key/key/key.core/../key.ui/examples/heap/permissions/threads/Plotter_staticPermissions_accessible.key.proof 
536221     DEBUG main            d.u.i.k.p.i.AbstractProblemLoader Environment load took 81.8ns 
536222     INFO  main            d.u.i.k.p.i.AbstractProblemLoader Creating init config 
540831     DEBUG main            d.u.i.k.p.i.AbstractProblemLoader Init config took 4.61s 
540927     INFO  main            d.u.i.k.p.i.AbstractProblemLoader Replaying proof Plotter[ThreadSpec2::staticPermissions()].JML accessible clause.0 
540973     DEBUG main            d.u.i.k.p.i.IntermediateProofReplayer Proof replay took 42.52ms 
540974     DEBUG main            d.u.i.k.p.r.p.TestFile    ... success: reloaded. 
540975     INFO  main            d.u.i.k.p.r.p.TestFile    Now processing file /home/runner/work/key/key/key.core/../key.ui/examples/heap/permissions/threads/Plotter_workingPermissions_accessible.key 
540975     INFO  main            d.u.i.k.p.i.AbstractProblemLoader Loading environment from /home/runner/work/key/key/key.core/../key.ui/examples/heap/permissions/threads/Plotter_workingPermissions_accessible.key 
540975     DEBUG main            d.u.i.k.p.i.AbstractProblemLoader Environment load took 74.7ns 
540976     INFO  main            d.u.i.k.p.i.AbstractProblemLoader Creating init config 
545673     DEBUG main            d.u.i.k.p.i.AbstractProblemLoader Init config took 4.7s 
545753     INFO  main            d.u.i.k.p.i.AbstractProblemLoader Replaying proof Plotter[ThreadSpec2::workingPermissions()].JML accessible clause.0 
545754     DEBUG main            d.u.i.k.p.i.IntermediateProofReplayer Proof replay took 2.7ns 
545956     INFO  main            d.u.i.k.p.r.p.TestFile    ... finished proof: closed. 
546441     INFO  main            d.u.i.k.p.i.AbstractProblemLoader Loading environment from /home/runner/work/key/key/key.core/../key.ui/examples/heap/permissions/threads/Plotter_workingPermissions_accessible.key.proof 
546441     DEBUG main            d.u.i.k.p.i.AbstractProblemLoader Environment load took 77.2ns 
546442     INFO  main            d.u.i.k.p.i.AbstractProblemLoader Creating init config 
551056     DEBUG main            d.u.i.k.p.i.AbstractProblemLoader Init config took 4.61s 
551151     INFO  main            d.u.i.k.p.i.AbstractProblemLoader Replaying proof Plotter[ThreadSpec2::workingPermissions()].JML accessible clause.0 
551164     DEBUG main            d.u.i.k.p.i.IntermediateProofReplayer Proof replay took 10.96ms 
551165     DEBUG main            d.u.i.k.p.r.p.TestFile    ... success: reloaded. 
551165     INFO  main            d.u.i.k.p.r.p.TestFile    Now processing file /home/runner/work/key/key/key.core/../key.ui/examples/heap/permissions/threads/Sampler_initPost_accessible.key 
551166     INFO  main            d.u.i.k.p.i.AbstractProblemLoader Loading environment from /home/runner/work/key/key/key.core/../key.ui/examples/heap/permissions/threads/Sampler_initPost_accessible.key 
551166     DEBUG main            d.u.i.k.p.i.AbstractProblemLoader Environment load took 59.8ns 
551166     INFO  main            d.u.i.k.p.i.AbstractProblemLoader Creating init config 
555858     DEBUG main            d.u.i.k.p.i.AbstractProblemLoader Init config took 4.69s 
555939     INFO  main            d.u.i.k.p.i.AbstractProblemLoader Replaying proof Sampler[ThreadSpec2::initPost()].JML accessible clause.0 
555940     DEBUG main            d.u.i.k.p.i.IntermediateProofReplayer Proof replay took 2.3ns 
556041     INFO  main            d.u.i.k.p.r.p.TestFile    ... finished proof: closed. 
556528     INFO  main            d.u.i.k.p.i.AbstractProblemLoader Loading environment from /home/runner/work/key/key/key.core/../key.ui/examples/heap/permissions/threads/Sampler_initPost_accessible.key.proof 
556528     DEBUG main            d.u.i.k.p.i.AbstractProblemLoader Environment load took 77ns 
556529     INFO  main            d.u.i.k.p.i.AbstractProblemLoader Creating init config 
561135     DEBUG main            d.u.i.k.p.i.AbstractProblemLoader Init config took 4.61s 
561227     INFO  main            d.u.i.k.p.i.AbstractProblemLoader Replaying proof Sampler[ThreadSpec2::initPost()].JML accessible clause.0 
561232     DEBUG main            d.u.i.k.p.i.IntermediateProofReplayer Proof replay took 4.21ms 
561233     DEBUG main            d.u.i.k.p.r.p.TestFile    ... success: reloaded. 
561234     INFO  main            d.u.i.k.p.r.p.TestFile    Now processing file /home/runner/work/key/key/key.core/../key.ui/examples/heap/permissions/threads/Sampler_inv_accessible1.key 
561234     INFO  main            d.u.i.k.p.i.AbstractProblemLoader Loading environment from /home/runner/work/key/key/key.core/../key.ui/examples/heap/permissions/threads/Sampler_inv_accessible1.key 
561234     DEBUG main            d.u.i.k.p.i.AbstractProblemLoader Environment load took 38.8ns 
561235     INFO  main            d.u.i.k.p.i.AbstractProblemLoader Creating init config 
565926     DEBUG main            d.u.i.k.p.i.AbstractProblemLoader Init config took 4.69s 
566005     INFO  main            d.u.i.k.p.i.AbstractProblemLoader Replaying proof Sampler[java.lang.Object::<inv>()].JML accessible clause.0 
566006     DEBUG main            d.u.i.k.p.i.IntermediateProofReplayer Proof replay took 2.8ns 
566108     INFO  main            d.u.i.k.p.r.p.TestFile    ... finished proof: closed. 
566600     INFO  main            d.u.i.k.p.i.AbstractProblemLoader Loading environment from /home/runner/work/key/key/key.core/../key.ui/examples/heap/permissions/threads/Sampler_inv_accessible1.key.proof 
566600     DEBUG main            d.u.i.k.p.i.AbstractProblemLoader Environment load took 74.2ns 
566601     INFO  main            d.u.i.k.p.i.AbstractProblemLoader Creating init config 
571216     DEBUG main            d.u.i.k.p.i.AbstractProblemLoader Init config took 4.61s 
571295     INFO  main            d.u.i.k.p.i.AbstractProblemLoader Replaying proof Sampler[java.lang.Object::<inv>()].JML accessible clause.0 
571297     DEBUG main            d.u.i.k.p.i.IntermediateProofReplayer Proof replay took 1.32ms 
571298     DEBUG main            d.u.i.k.p.r.p.TestFile    ... success: reloaded. 
571299     INFO  main            d.u.i.k.p.r.p.TestFile    Now processing file /home/runner/work/key/key/key.core/../key.ui/examples/heap/permissions/threads/Sampler_inv_accessible2.key 
571299     INFO  main            d.u.i.k.p.i.AbstractProblemLoader Loading environment from /home/runner/work/key/key/key.core/../key.ui/examples/heap/permissions/threads/Sampler_inv_accessible2.key 
571299     DEBUG main            d.u.i.k.p.i.AbstractProblemLoader Environment load took 38.4ns 
571300     INFO  main            d.u.i.k.p.i.AbstractProblemLoader Creating init config 
575975     DEBUG main            d.u.i.k.p.i.AbstractProblemLoader Init config took 4.68s 
576055     INFO  main            d.u.i.k.p.i.AbstractProblemLoader Replaying proof Sampler[java.lang.Object::<inv>()].JML accessible clause.1 
576056     DEBUG main            d.u.i.k.p.i.IntermediateProofReplayer Proof replay took 2.4ns 
576157     INFO  main            d.u.i.k.p.r.p.TestFile    ... finished proof: closed. 
576653     INFO  main            d.u.i.k.p.i.AbstractProblemLoader Loading environment from /home/runner/work/key/key/key.core/../key.ui/examples/heap/permissions/threads/Sampler_inv_accessible2.key.proof 
576653     DEBUG main            d.u.i.k.p.i.AbstractProblemLoader Environment load took 73.4ns 
576654     INFO  main            d.u.i.k.p.i.AbstractProblemLoader Creating init config 
581265     DEBUG main            d.u.i.k.p.i.AbstractProblemLoader Init config took 4.61s 
581345     INFO  main            d.u.i.k.p.i.AbstractProblemLoader Replaying proof Sampler[java.lang.Object::<inv>()].JML accessible clause.1 
581348     DEBUG main            d.u.i.k.p.i.IntermediateProofReplayer Proof replay took 1.34ms 
581349     DEBUG main            d.u.i.k.p.r.p.TestFile    ... success: reloaded. 
581352     INFO  main            d.u.i.k.p.r.p.TestFile    Now processing file /home/runner/work/key/key/key.core/../key.ui/examples/heap/permissions/threads/Sampler_joinTransfer_accessible.key 
581352     INFO  main            d.u.i.k.p.i.AbstractProblemLoader Loading environment from /home/runner/work/key/key/key.core/../key.ui/examples/heap/permissions/threads/Sampler_joinTransfer_accessible.key 
581352     DEBUG main            d.u.i.k.p.i.AbstractProblemLoader Environment load took 149.3ns 
581353     INFO  main            d.u.i.k.p.i.AbstractProblemLoader Creating init config 
586040     DEBUG main            d.u.i.k.p.i.AbstractProblemLoader Init config took 4.69s 
586120     INFO  main            d.u.i.k.p.i.AbstractProblemLoader Replaying proof Sampler[ThreadSpec2::joinTransfer()].JML accessible clause.0 
586121     DEBUG main            d.u.i.k.p.i.IntermediateProofReplayer Proof replay took 3.7ns 
589464     INFO  main            d.u.i.k.p.r.p.TestFile    ... finished proof: closed. 
590000     INFO  main            d.u.i.k.p.i.AbstractProblemLoader Loading environment from /home/runner/work/key/key/key.core/../key.ui/examples/heap/permissions/threads/Sampler_joinTransfer_accessible.key.proof 
590000     DEBUG main            d.u.i.k.p.i.AbstractProblemLoader Environment load took 84ns 
590001     INFO  main            d.u.i.k.p.i.AbstractProblemLoader Creating init config 
594603     DEBUG main            d.u.i.k.p.i.AbstractProblemLoader Init config took 4.6s 
594684     INFO  main            d.u.i.k.p.i.AbstractProblemLoader Replaying proof Sampler[ThreadSpec2::joinTransfer()].JML accessible clause.0 
595131     DEBUG main            d.u.i.k.p.i.IntermediateProofReplayer Proof replay took 436.01ms 
595132     DEBUG main            d.u.i.k.p.r.p.TestFile    ... success: reloaded. 
595133     INFO  main            d.u.i.k.p.r.p.TestFile    Now processing file /home/runner/work/key/key/key.core/../key.ui/examples/heap/permissions/threads/Sampler_joinTransfer_contract.key 
595133     INFO  main            d.u.i.k.p.i.AbstractProblemLoader Loading environment from /home/runner/work/key/key/key.core/../key.ui/examples/heap/permissions/threads/Sampler_joinTransfer_contract.key 
595133     DEBUG main            d.u.i.k.p.i.AbstractProblemLoader Environment load took 41.7ns 
595134     INFO  main            d.u.i.k.p.i.AbstractProblemLoader Creating init config 
599823     DEBUG main            d.u.i.k.p.i.AbstractProblemLoader Init config took 4.69s 
599903     INFO  main            d.u.i.k.p.i.AbstractProblemLoader Replaying proof Sampler[ThreadSpec2::joinTransfer()].JML model_behavior operation contract.0 
599904     DEBUG main            d.u.i.k.p.i.IntermediateProofReplayer Proof replay took 2.4ns 
600005     INFO  main            d.u.i.k.p.r.p.TestFile    ... finished proof: closed. 
600518     INFO  main            d.u.i.k.p.i.AbstractProblemLoader Loading environment from /home/runner/work/key/key/key.core/../key.ui/examples/heap/permissions/threads/Sampler_joinTransfer_contract.key.proof 
600518     DEBUG main            d.u.i.k.p.i.AbstractProblemLoader Environment load took 69.2ns 
600519     INFO  main            d.u.i.k.p.i.AbstractProblemLoader Creating init config 
605114     DEBUG main            d.u.i.k.p.i.AbstractProblemLoader Init config took 4.6s 
605194     INFO  main            d.u.i.k.p.i.AbstractProblemLoader Replaying proof Sampler[ThreadSpec2::joinTransfer()].JML model_behavior operation contract.0 
605201     DEBUG main            d.u.i.k.p.i.IntermediateProofReplayer Proof replay took 5.86ms 
605202     DEBUG main            d.u.i.k.p.r.p.TestFile    ... success: reloaded. 
605202     INFO  main            d.u.i.k.p.r.p.TestFile    Now processing file /home/runner/work/key/key/key.core/../key.ui/examples/heap/permissions/threads/Sampler_postJoin_accessible.key 
605203     INFO  main            d.u.i.k.p.i.AbstractProblemLoader Loading environment from /home/runner/work/key/key/key.core/../key.ui/examples/heap/permissions/threads/Sampler_postJoin_accessible.key 
605203     DEBUG main            d.u.i.k.p.i.AbstractProblemLoader Environment load took 59.4ns 
605203     INFO  main            d.u.i.k.p.i.AbstractProblemLoader Creating init config 
609867     DEBUG main            d.u.i.k.p.i.AbstractProblemLoader Init config took 4.66s 
609968     INFO  main            d.u.i.k.p.i.AbstractProblemLoader Replaying proof Sampler[ThreadSpec2::postJoin(java.lang.Object)].JML accessible clause.0 
609969     DEBUG main            d.u.i.k.p.i.IntermediateProofReplayer Proof replay took 2.7ns 
610071     INFO  main            d.u.i.k.p.r.p.TestFile    ... finished proof: closed. 
610595     INFO  main            d.u.i.k.p.i.AbstractProblemLoader Loading environment from /home/runner/work/key/key/key.core/../key.ui/examples/heap/permissions/threads/Sampler_postJoin_accessible.key.proof 
610595     DEBUG main            d.u.i.k.p.i.AbstractProblemLoader Environment load took 83.1ns 
610596     INFO  main            d.u.i.k.p.i.AbstractProblemLoader Creating init config 
615196     DEBUG main            d.u.i.k.p.i.AbstractProblemLoader Init config took 4.6s 
615275     INFO  main            d.u.i.k.p.i.AbstractProblemLoader Replaying proof Sampler[ThreadSpec2::postJoin(java.lang.Object)].JML accessible clause.0 
615283     DEBUG main            d.u.i.k.p.i.IntermediateProofReplayer Proof replay took 6.85ms 
615284     DEBUG main            d.u.i.k.p.r.p.TestFile    ... success: reloaded. 
615285     INFO  main            d.u.i.k.p.r.p.TestFile    Now processing file /home/runner/work/key/key/key.core/../key.ui/examples/heap/permissions/threads/Sampler_preStart_accessible.key 
615285     INFO  main            d.u.i.k.p.i.AbstractProblemLoader Loading environment from /home/runner/work/key/key/key.core/../key.ui/examples/heap/permissions/threads/Sampler_preStart_accessible.key 
615285     DEBUG main            d.u.i.k.p.i.AbstractProblemLoader Environment load took 39.8ns 
615286     INFO  main            d.u.i.k.p.i.AbstractProblemLoader Creating init config 
619978     DEBUG main            d.u.i.k.p.i.AbstractProblemLoader Init config took 4.69s 
620058     INFO  main            d.u.i.k.p.i.AbstractProblemLoader Replaying proof Sampler[ThreadSpec2::preStart(java.lang.Object)].JML accessible clause.0 
620059     DEBUG main            d.u.i.k.p.i.IntermediateProofReplayer Proof replay took 2.7ns 
620165     INFO  main            d.u.i.k.p.r.p.TestFile    ... finished proof: closed. 
620691     INFO  main            d.u.i.k.p.i.AbstractProblemLoader Loading environment from /home/runner/work/key/key/key.core/../key.ui/examples/heap/permissions/threads/Sampler_preStart_accessible.key.proof 
620691     DEBUG main            d.u.i.k.p.i.AbstractProblemLoader Environment load took 70.4ns 
620691     INFO  main            d.u.i.k.p.i.AbstractProblemLoader Creating init config 
625290     DEBUG main            d.u.i.k.p.i.AbstractProblemLoader Init config took 4.6s 
625370     INFO  main            d.u.i.k.p.i.AbstractProblemLoader Replaying proof Sampler[ThreadSpec2::preStart(java.lang.Object)].JML accessible clause.0 
625380     DEBUG main            d.u.i.k.p.i.IntermediateProofReplayer Proof replay took 7.4ms 
625381     DEBUG main            d.u.i.k.p.r.p.TestFile    ... success: reloaded. 
625382     INFO  main            d.u.i.k.p.r.p.TestFile    Now processing file /home/runner/work/key/key/key.core/../key.ui/examples/heap/permissions/threads/Sampler_run.key 
625382     INFO  main            d.u.i.k.p.i.AbstractProblemLoader Loading environment from /home/runner/work/key/key/key.core/../key.ui/examples/heap/permissions/threads/Sampler_run.key 
625382     DEBUG main            d.u.i.k.p.i.AbstractProblemLoader Environment load took 39.6ns 
625383     INFO  main            d.u.i.k.p.i.AbstractProblemLoader Creating init config 
630061     DEBUG main            d.u.i.k.p.i.AbstractProblemLoader Init config took 4.68s 
630141     INFO  main            d.u.i.k.p.i.AbstractProblemLoader Replaying proof Sampler[ThreadSpec2::run()].JML normal_behavior operation contract.0 
630144     DEBUG main            d.u.i.k.p.i.IntermediateProofReplayer Proof replay took 2.7ns 
630346     INFO  main            d.u.i.k.p.r.p.TestFile    ... finished proof: closed. 
630883     INFO  main            d.u.i.k.p.i.AbstractProblemLoader Loading environment from /home/runner/work/key/key/key.core/../key.ui/examples/heap/permissions/threads/Sampler_run.key.proof 
630883     DEBUG main            d.u.i.k.p.i.AbstractProblemLoader Environment load took 72.1ns 
630884     INFO  main            d.u.i.k.p.i.AbstractProblemLoader Creating init config 
635476     DEBUG main            d.u.i.k.p.i.AbstractProblemLoader Init config took 4.59s 
635556     INFO  main            d.u.i.k.p.i.AbstractProblemLoader Replaying proof Sampler[ThreadSpec2::run()].JML normal_behavior operation contract.0 
635582     DEBUG main            d.u.i.k.p.i.IntermediateProofReplayer Proof replay took 23.86ms 
635582     DEBUG main            d.u.i.k.p.r.p.TestFile    ... success: reloaded. 
635583     INFO  main            d.u.i.k.p.r.p.TestFile    Now processing file /home/runner/work/key/key/key.core/../key.ui/examples/heap/permissions/threads/Sampler_Sampler.key 
635583     INFO  main            d.u.i.k.p.i.AbstractProblemLoader Loading environment from /home/runner/work/key/key/key.core/../key.ui/examples/heap/permissions/threads/Sampler_Sampler.key 
635583     DEBUG main            d.u.i.k.p.i.AbstractProblemLoader Environment load took 41.6ns 
635584     INFO  main            d.u.i.k.p.i.AbstractProblemLoader Creating init config 
640275     DEBUG main            d.u.i.k.p.i.AbstractProblemLoader Init config took 4.69s 
640355     INFO  main            d.u.i.k.p.i.AbstractProblemLoader Replaying proof Sampler[Sampler::Sampler(Buffer)].JML normal_behavior operation contract.0 
640356     DEBUG main            d.u.i.k.p.i.IntermediateProofReplayer Proof replay took 2.4ns 
640958     INFO  main            d.u.i.k.p.r.p.TestFile    ... finished proof: closed. 
641496     INFO  main            d.u.i.k.p.i.AbstractProblemLoader Loading environment from /home/runner/work/key/key/key.core/../key.ui/examples/heap/permissions/threads/Sampler_Sampler.key.proof 
641496     DEBUG main            d.u.i.k.p.i.AbstractProblemLoader Environment load took 68.9ns 
641497     INFO  main            d.u.i.k.p.i.AbstractProblemLoader Creating init config 
646128     DEBUG main            d.u.i.k.p.i.AbstractProblemLoader Init config took 4.63s 
646208     INFO  main            d.u.i.k.p.i.AbstractProblemLoader Replaying proof Sampler[Sampler::Sampler(Buffer)].JML normal_behavior operation contract.0 
646270     DEBUG main            d.u.i.k.p.i.IntermediateProofReplayer Proof replay took 59.77ms 
646271     DEBUG main            d.u.i.k.p.r.p.TestFile    ... success: reloaded. 
646272     INFO  main            d.u.i.k.p.r.p.TestFile    Now processing file /home/runner/work/key/key/key.core/../key.ui/examples/heap/permissions/threads/Sampler_startTransfer_accessible.key 
646272     INFO  main            d.u.i.k.p.i.AbstractProblemLoader Loading environment from /home/runner/work/key/key/key.core/../key.ui/examples/heap/permissions/threads/Sampler_startTransfer_accessible.key 
646272     DEBUG main            d.u.i.k.p.i.AbstractProblemLoader Environment load took 68.8ns 
646273     INFO  main            d.u.i.k.p.i.AbstractProblemLoader Creating init config 
650997     DEBUG main            d.u.i.k.p.i.AbstractProblemLoader Init config took 4.72s 
651093     INFO  main            d.u.i.k.p.i.AbstractProblemLoader Replaying proof Sampler[ThreadSpec2::startTransfer()].JML accessible clause.0 
651094     DEBUG main            d.u.i.k.p.i.IntermediateProofReplayer Proof replay took 3.2ns 
654720     INFO  main            d.u.i.k.p.r.p.TestFile    ... finished proof: closed. 
655281     INFO  main            d.u.i.k.p.i.AbstractProblemLoader Loading environment from /home/runner/work/key/key/key.core/../key.ui/examples/heap/permissions/threads/Sampler_startTransfer_accessible.key.proof 
655281     DEBUG main            d.u.i.k.p.i.AbstractProblemLoader Environment load took 77.3ns 
655283     INFO  main            d.u.i.k.p.i.AbstractProblemLoader Creating init config 
659909     DEBUG main            d.u.i.k.p.i.AbstractProblemLoader Init config took 4.63s 
660001     INFO  main            d.u.i.k.p.i.AbstractProblemLoader Replaying proof Sampler[ThreadSpec2::startTransfer()].JML accessible clause.0 
660369     DEBUG main            d.u.i.k.p.i.IntermediateProofReplayer Proof replay took 358.82ms 
660370     DEBUG main            d.u.i.k.p.r.p.TestFile    ... success: reloaded. 
660371     INFO  main            d.u.i.k.p.r.p.TestFile    Now processing file /home/runner/work/key/key/key.core/../key.ui/examples/heap/permissions/threads/Sampler_startTransfer_contract.key 
660371     INFO  main            d.u.i.k.p.i.AbstractProblemLoader Loading environment from /home/runner/work/key/key/key.core/../key.ui/examples/heap/permissions/threads/Sampler_startTransfer_contract.key 
660371     DEBUG main            d.u.i.k.p.i.AbstractProblemLoader Environment load took 40.5ns 
660372     INFO  main            d.u.i.k.p.i.AbstractProblemLoader Creating init config 
665076     DEBUG main            d.u.i.k.p.i.AbstractProblemLoader Init config took 4.7s 
665156     INFO  main            d.u.i.k.p.i.AbstractProblemLoader Replaying proof Sampler[ThreadSpec2::startTransfer()].JML model_behavior operation contract.0 
665157     DEBUG main            d.u.i.k.p.i.IntermediateProofReplayer Proof replay took 2.4ns 
665259     INFO  main            d.u.i.k.p.r.p.TestFile    ... finished proof: closed. 
665815     INFO  main            d.u.i.k.p.i.AbstractProblemLoader Loading environment from /home/runner/work/key/key/key.core/../key.ui/examples/heap/permissions/threads/Sampler_startTransfer_contract.key.proof 
665815     DEBUG main            d.u.i.k.p.i.AbstractProblemLoader Environment load took 70.3ns 
665816     INFO  main            d.u.i.k.p.i.AbstractProblemLoader Creating init config 
670456     DEBUG main            d.u.i.k.p.i.AbstractProblemLoader Init config took 4.64s 
670550     INFO  main            d.u.i.k.p.i.AbstractProblemLoader Replaying proof Sampler[ThreadSpec2::startTransfer()].JML model_behavior operation contract.0 
670557     DEBUG main            d.u.i.k.p.i.IntermediateProofReplayer Proof replay took 6.04ms 
670558     DEBUG main            d.u.i.k.p.r.p.TestFile    ... success: reloaded. 
670558     INFO  main            d.u.i.k.p.r.p.TestFile    Now processing file /home/runner/work/key/key/key.core/../key.ui/examples/heap/permissions/threads/Sampler_stateInv_accessible.key 
670559     INFO  main            d.u.i.k.p.i.AbstractProblemLoader Loading environment from /home/runner/work/key/key/key.core/../key.ui/examples/heap/permissions/threads/Sampler_stateInv_accessible.key 
670559     DEBUG main            d.u.i.k.p.i.AbstractProblemLoader Environment load took 39.5ns 
670559     INFO  main            d.u.i.k.p.i.AbstractProblemLoader Creating init config 
675275     DEBUG main            d.u.i.k.p.i.AbstractProblemLoader Init config took 4.72s 
675354     INFO  main            d.u.i.k.p.i.AbstractProblemLoader Replaying proof Sampler[ThreadSpec2::stateInv()].JML accessible clause.0 
675355     DEBUG main            d.u.i.k.p.i.IntermediateProofReplayer Proof replay took 2.8ns 
675458     INFO  main            d.u.i.k.p.r.p.TestFile    ... finished proof: closed. 
676018     INFO  main            d.u.i.k.p.i.AbstractProblemLoader Loading environment from /home/runner/work/key/key/key.core/../key.ui/examples/heap/permissions/threads/Sampler_stateInv_accessible.key.proof 
676018     DEBUG main            d.u.i.k.p.i.AbstractProblemLoader Environment load took 75.9ns 
676019     INFO  main            d.u.i.k.p.i.AbstractProblemLoader Creating init config 
680653     DEBUG main            d.u.i.k.p.i.AbstractProblemLoader Init config took 4.63s 
680746     INFO  main            d.u.i.k.p.i.AbstractProblemLoader Replaying proof Sampler[ThreadSpec2::stateInv()].JML accessible clause.0 
680752     DEBUG main            d.u.i.k.p.i.IntermediateProofReplayer Proof replay took 4.84ms 
680753     DEBUG main            d.u.i.k.p.r.p.TestFile    ... success: reloaded. 
680753     INFO  main            d.u.i.k.p.r.p.TestFile    Now processing file /home/runner/work/key/key/key.core/../key.ui/examples/heap/permissions/threads/Sampler_staticPermissions_accessible.key 
680754     INFO  main            d.u.i.k.p.i.AbstractProblemLoader Loading environment from /home/runner/work/key/key/key.core/../key.ui/examples/heap/permissions/threads/Sampler_staticPermissions_accessible.key 
680754     DEBUG main            d.u.i.k.p.i.AbstractProblemLoader Environment load took 88.7ns 
680754     INFO  main            d.u.i.k.p.i.AbstractProblemLoader Creating init config 
685447     DEBUG main            d.u.i.k.p.i.AbstractProblemLoader Init config took 4.69s 
685527     INFO  main            d.u.i.k.p.i.AbstractProblemLoader Replaying proof Sampler[ThreadSpec2::staticPermissions()].JML accessible clause.0 
685528     DEBUG main            d.u.i.k.p.i.IntermediateProofReplayer Proof replay took 2.7ns 
685629     INFO  main            d.u.i.k.p.r.p.TestFile    ... finished proof: closed. 
686199     INFO  main            d.u.i.k.p.i.AbstractProblemLoader Loading environment from /home/runner/work/key/key/key.core/../key.ui/examples/heap/permissions/threads/Sampler_staticPermissions_accessible.key.proof 
686199     DEBUG main            d.u.i.k.p.i.AbstractProblemLoader Environment load took 72.8ns 
686199     INFO  main            d.u.i.k.p.i.AbstractProblemLoader Creating init config 
690826     DEBUG main            d.u.i.k.p.i.AbstractProblemLoader Init config took 4.63s 
690905     INFO  main            d.u.i.k.p.i.AbstractProblemLoader Replaying proof Sampler[ThreadSpec2::staticPermissions()].JML accessible clause.0 
690909     DEBUG main            d.u.i.k.p.i.IntermediateProofReplayer Proof replay took 2.82ms 
690910     DEBUG main            d.u.i.k.p.r.p.TestFile    ... success: reloaded. 
690911     INFO  main            d.u.i.k.p.r.p.TestFile    Now processing file /home/runner/work/key/key/key.core/../key.ui/examples/heap/permissions/threads/Sampler_workingPermissions_accessible.key 
690911     INFO  main            d.u.i.k.p.i.AbstractProblemLoader Loading environment from /home/runner/work/key/key/key.core/../key.ui/examples/heap/permissions/threads/Sampler_workingPermissions_accessible.key 
690911     DEBUG main            d.u.i.k.p.i.AbstractProblemLoader Environment load took 69.2ns 
690912     INFO  main            d.u.i.k.p.i.AbstractProblemLoader Creating init config 
695605     DEBUG main            d.u.i.k.p.i.AbstractProblemLoader Init config took 4.69s 
695684     INFO  main            d.u.i.k.p.i.AbstractProblemLoader Replaying proof Sampler[ThreadSpec2::workingPermissions()].JML accessible clause.0 
695685     DEBUG main            d.u.i.k.p.i.IntermediateProofReplayer Proof replay took 2.9ns 
695786     INFO  main            d.u.i.k.p.r.p.TestFile    ... finished proof: closed. 
696357     INFO  main            d.u.i.k.p.i.AbstractProblemLoader Loading environment from /home/runner/work/key/key/key.core/../key.ui/examples/heap/permissions/threads/Sampler_workingPermissions_accessible.key.proof 
696357     DEBUG main            d.u.i.k.p.i.AbstractProblemLoader Environment load took 75.1ns 
696358     INFO  main            d.u.i.k.p.i.AbstractProblemLoader Creating init config 
701010     DEBUG main            d.u.i.k.p.i.AbstractProblemLoader Init config took 4.65s 
701089     INFO  main            d.u.i.k.p.i.AbstractProblemLoader Replaying proof Sampler[ThreadSpec2::workingPermissions()].JML accessible clause.0 
701095     DEBUG main            d.u.i.k.p.i.IntermediateProofReplayer Proof replay took 3.99ms 
701095     DEBUG main            d.u.i.k.p.r.p.TestFile    ... success: reloaded. 
701096     INFO  main            d.u.i.k.p.r.p.TestFile    Now processing file /home/runner/work/key/key/key.core/../key.ui/examples/heap/permissions/mulleretal/ReadWrite_doRead_contract.key 
701096     INFO  main            d.u.i.k.p.i.AbstractProblemLoader Loading environment from /home/runner/work/key/key/key.core/../key.ui/examples/heap/permissions/mulleretal/ReadWrite_doRead_contract.key 
701096     DEBUG main            d.u.i.k.p.i.AbstractProblemLoader Environment load took 39.6ns 
701097     INFO  main            d.u.i.k.p.i.AbstractProblemLoader Creating init config 
703780     DEBUG main            d.u.i.k.p.i.AbstractProblemLoader Init config took 2.68s 
703813     INFO  main            d.u.i.k.p.i.AbstractProblemLoader Replaying proof ReadWrite[ReadWrite::doRead()].JML normal_behavior operation contract.0 
703815     DEBUG main            d.u.i.k.p.i.IntermediateProofReplayer Proof replay took 3.8ns 
705319     INFO  main            d.u.i.k.p.r.p.TestFile    ... finished proof: closed. 
705941     INFO  main            d.u.i.k.p.i.AbstractProblemLoader Loading environment from /home/runner/work/key/key/key.core/../key.ui/examples/heap/permissions/mulleretal/ReadWrite_doRead_contract.key.proof 
705942     DEBUG main            d.u.i.k.p.i.AbstractProblemLoader Environment load took 342.3ns 
705943     INFO  main            d.u.i.k.p.i.AbstractProblemLoader Creating init config 
708568     DEBUG main            d.u.i.k.p.i.AbstractProblemLoader Init config took 2.63s 
708604     INFO  main            d.u.i.k.p.i.AbstractProblemLoader Replaying proof ReadWrite[ReadWrite::doRead()].JML normal_behavior operation contract.0 
708911     DEBUG main            d.u.i.k.p.i.IntermediateProofReplayer Proof replay took 298.16ms 
708913     DEBUG main            d.u.i.k.p.r.p.TestFile    ... success: reloaded. 
708914     INFO  main            d.u.i.k.p.r.p.TestFile    Now processing file /home/runner/work/key/key/key.core/../key.ui/examples/heap/permissions/mulleretal/ReadWrite_doWrite_contract.key 
708914     INFO  main            d.u.i.k.p.i.AbstractProblemLoader Loading environment from /home/runner/work/key/key/key.core/../key.ui/examples/heap/permissions/mulleretal/ReadWrite_doWrite_contract.key 
708914     DEBUG main            d.u.i.k.p.i.AbstractProblemLoader Environment load took 193.9ns 
708915     INFO  main            d.u.i.k.p.i.AbstractProblemLoader Creating init config 
711610     DEBUG main            d.u.i.k.p.i.AbstractProblemLoader Init config took 2.69s 
711642     INFO  main            d.u.i.k.p.i.AbstractProblemLoader Replaying proof ReadWrite[ReadWrite::doWrite()].JML normal_behavior operation contract.0 
711643     DEBUG main            d.u.i.k.p.i.IntermediateProofReplayer Proof replay took 2.6ns 
713248     INFO  main            d.u.i.k.p.r.p.TestFile    ... finished proof: closed. 
713850     INFO  main            d.u.i.k.p.i.AbstractProblemLoader Loading environment from /home/runner/work/key/key/key.core/../key.ui/examples/heap/permissions/mulleretal/ReadWrite_doWrite_contract.key.proof 
713850     DEBUG main            d.u.i.k.p.i.AbstractProblemLoader Environment load took 79.7ns 
713851     INFO  main            d.u.i.k.p.i.AbstractProblemLoader Creating init config 
716603     DEBUG main            d.u.i.k.p.i.AbstractProblemLoader Init config took 2.75s 
716642     INFO  main            d.u.i.k.p.i.AbstractProblemLoader Replaying proof ReadWrite[ReadWrite::doWrite()].JML normal_behavior operation contract.0 
717293     DEBUG main            d.u.i.k.p.i.IntermediateProofReplayer Proof replay took 645.15ms 
717294     DEBUG main            d.u.i.k.p.r.p.TestFile    ... success: reloaded. 
717302     INFO  main            d.u.i.k.p.r.p.TestFile    Now processing file /home/runner/work/key/key/key.core/../key.ui/examples/heap/permissions/mulleretal/ReadWrite_read_contract.key 
717302     INFO  main            d.u.i.k.p.i.AbstractProblemLoader Loading environment from /home/runner/work/key/key/key.core/../key.ui/examples/heap/permissions/mulleretal/ReadWrite_read_contract.key 
717302     DEBUG main            d.u.i.k.p.i.AbstractProblemLoader Environment load took 165ns 
717303     INFO  main            d.u.i.k.p.i.AbstractProblemLoader Creating init config 
720323     DEBUG main            d.u.i.k.p.i.AbstractProblemLoader Init config took 3.02s 
720355     INFO  main            d.u.i.k.p.i.AbstractProblemLoader Replaying proof ReadWrite[ReadWrite::read()].JML normal_behavior operation contract.0 
720357     DEBUG main            d.u.i.k.p.i.IntermediateProofReplayer Proof replay took 3.1ns 
720458     INFO  main            d.u.i.k.p.r.p.TestFile    ... finished proof: closed. 
721041     INFO  main            d.u.i.k.p.i.AbstractProblemLoader Loading environment from /home/runner/work/key/key/key.core/../key.ui/examples/heap/permissions/mulleretal/ReadWrite_read_contract.key.proof 
721041     DEBUG main            d.u.i.k.p.i.AbstractProblemLoader Environment load took 72.7ns 
721041     INFO  main            d.u.i.k.p.i.AbstractProblemLoader Creating init config 
723647     DEBUG main            d.u.i.k.p.i.AbstractProblemLoader Init config took 2.61s 
723679     INFO  main            d.u.i.k.p.i.AbstractProblemLoader Replaying proof ReadWrite[ReadWrite::read()].JML normal_behavior operation contract.0 
723685     DEBUG main            d.u.i.k.p.i.IntermediateProofReplayer Proof replay took 4.78ms 
723685     DEBUG main            d.u.i.k.p.r.p.TestFile    ... success: reloaded. 
723686     INFO  main            d.u.i.k.p.r.p.TestFile    Now processing file /home/runner/work/key/key/key.core/../key.ui/examples/heap/permissions/mulleretal/ReadWrite_write_contract.key 
723686     INFO  main            d.u.i.k.p.i.AbstractProblemLoader Loading environment from /home/runner/work/key/key/key.core/../key.ui/examples/heap/permissions/mulleretal/ReadWrite_write_contract.key 
723686     DEBUG main            d.u.i.k.p.i.AbstractProblemLoader Environment load took 54.6ns 
723687     INFO  main            d.u.i.k.p.i.AbstractProblemLoader Creating init config 
726327     DEBUG main            d.u.i.k.p.i.AbstractProblemLoader Init config took 2.64s 
726359     INFO  main            d.u.i.k.p.i.AbstractProblemLoader Replaying proof ReadWrite[ReadWrite::write()].JML normal_behavior operation contract.0 
726360     DEBUG main            d.u.i.k.p.i.IntermediateProofReplayer Proof replay took 3ns 
726465     INFO  main            d.u.i.k.p.r.p.TestFile    ... finished proof: closed. 
727059     INFO  main            d.u.i.k.p.i.AbstractProblemLoader Loading environment from /home/runner/work/key/key/key.core/../key.ui/examples/heap/permissions/mulleretal/ReadWrite_write_contract.key.proof 
727059     DEBUG main            d.u.i.k.p.i.AbstractProblemLoader Environment load took 72.2ns 
727060     INFO  main            d.u.i.k.p.i.AbstractProblemLoader Creating init config 
729663     DEBUG main            d.u.i.k.p.i.AbstractProblemLoader Init config took 2.6s 
729695     INFO  main            d.u.i.k.p.i.AbstractProblemLoader Replaying proof ReadWrite[ReadWrite::write()].JML normal_behavior operation contract.0 
729714     DEBUG main            d.u.i.k.p.i.IntermediateProofReplayer Proof replay took 16.9ms 
729714     DEBUG main            d.u.i.k.p.r.p.TestFile    ... success: reloaded. 
729715     INFO  main            d.u.i.k.p.r.p.TestFile    Now processing file /home/runner/work/key/key/key.core/../key.ui/examples/heap/permissions/mulleretal/ReadWrite_inv1_accessible.key 
729715     INFO  main            d.u.i.k.p.i.AbstractProblemLoader Loading environment from /home/runner/work/key/key/key.core/../key.ui/examples/heap/permissions/mulleretal/ReadWrite_inv1_accessible.key 
729715     DEBUG main            d.u.i.k.p.i.AbstractProblemLoader Environment load took 39.6ns 
729716     INFO  main            d.u.i.k.p.i.AbstractProblemLoader Creating init config 
732357     DEBUG main            d.u.i.k.p.i.AbstractProblemLoader Init config took 2.64s 
732389     INFO  main            d.u.i.k.p.i.AbstractProblemLoader Replaying proof ReadWrite[java.lang.Object::<inv>()].JML accessible clause.0 
732390     DEBUG main            d.u.i.k.p.i.IntermediateProofReplayer Proof replay took 3ns 
732491     INFO  main            d.u.i.k.p.r.p.TestFile    ... finished proof: closed. 
733084     INFO  main            d.u.i.k.p.i.AbstractProblemLoader Loading environment from /home/runner/work/key/key/key.core/../key.ui/examples/heap/permissions/mulleretal/ReadWrite_inv1_accessible.key.proof 
733084     DEBUG main            d.u.i.k.p.i.AbstractProblemLoader Environment load took 108.2ns 
733085     INFO  main            d.u.i.k.p.i.AbstractProblemLoader Creating init config 
735789     DEBUG main            d.u.i.k.p.i.AbstractProblemLoader Init config took 2.7s 
735825     INFO  main            d.u.i.k.p.i.AbstractProblemLoader Replaying proof ReadWrite[java.lang.Object::<inv>()].JML accessible clause.0 
735828     DEBUG main            d.u.i.k.p.i.IntermediateProofReplayer Proof replay took 1.52ms 
735828     DEBUG main            d.u.i.k.p.r.p.TestFile    ... success: reloaded. 
735829     INFO  main            d.u.i.k.p.r.p.TestFile    Now processing file /home/runner/work/key/key/key.core/../key.ui/examples/heap/permissions/mulleretal/ReadWrite_inv2_accessible.key 
735829     INFO  main            d.u.i.k.p.i.AbstractProblemLoader Loading environment from /home/runner/work/key/key/key.core/../key.ui/examples/heap/permissions/mulleretal/ReadWrite_inv2_accessible.key 
735829     DEBUG main            d.u.i.k.p.i.AbstractProblemLoader Environment load took 66ns 
735830     INFO  main            d.u.i.k.p.i.AbstractProblemLoader Creating init config 
738633     DEBUG main            d.u.i.k.p.i.AbstractProblemLoader Init config took 2.8s 
738666     INFO  main            d.u.i.k.p.i.AbstractProblemLoader Replaying proof ReadWrite[java.lang.Object::<inv>()].JML accessible clause.1 
738667     DEBUG main            d.u.i.k.p.i.IntermediateProofReplayer Proof replay took 2.4ns 
738769     INFO  main            d.u.i.k.p.r.p.TestFile    ... finished proof: closed. 
739360     INFO  main            d.u.i.k.p.i.AbstractProblemLoader Loading environment from /home/runner/work/key/key/key.core/../key.ui/examples/heap/permissions/mulleretal/ReadWrite_inv2_accessible.key.proof 
739360     DEBUG main            d.u.i.k.p.i.AbstractProblemLoader Environment load took 71.2ns 
739361     INFO  main            d.u.i.k.p.i.AbstractProblemLoader Creating init config 
742021     DEBUG main            d.u.i.k.p.i.AbstractProblemLoader Init config took 2.66s 
742053     INFO  main            d.u.i.k.p.i.AbstractProblemLoader Replaying proof ReadWrite[java.lang.Object::<inv>()].JML accessible clause.1 
742055     DEBUG main            d.u.i.k.p.i.IntermediateProofReplayer Proof replay took 1.27ms 
742056     DEBUG main            d.u.i.k.p.r.p.TestFile    ... success: reloaded. 
742056     INFO  main            d.u.i.k.p.r.p.TestFile    Now processing file /home/runner/work/key/key/key.core/../key.ui/examples/heap/permissions/lockspec/Counter_lockConsistent_contract.key 
742056     INFO  main            d.u.i.k.p.i.AbstractProblemLoader Loading environment from /home/runner/work/key/key/key.core/../key.ui/examples/heap/permissions/lockspec/Counter_lockConsistent_contract.key 
742056     DEBUG main            d.u.i.k.p.i.AbstractProblemLoader Environment load took 38.8ns 
742057     INFO  main            d.u.i.k.p.i.AbstractProblemLoader Creating init config 
745541     DEBUG main            d.u.i.k.p.i.AbstractProblemLoader Init config took 3.48s 
745633     INFO  main            d.u.i.k.p.i.AbstractProblemLoader Replaying proof Counter[LockSpec::lockConsistent()].JML model_behavior operation contract.0 
745641     DEBUG main            d.u.i.k.p.i.IntermediateProofReplayer Proof replay took 2.9ns 
746645     INFO  main            d.u.i.k.p.r.p.TestFile    ... finished proof: closed. 
747252     INFO  main            d.u.i.k.p.i.AbstractProblemLoader Loading environment from /home/runner/work/key/key/key.core/../key.ui/examples/heap/permissions/lockspec/Counter_lockConsistent_contract.key.proof 
747252     DEBUG main            d.u.i.k.p.i.AbstractProblemLoader Environment load took 74.2ns 
747253     INFO  main            d.u.i.k.p.i.AbstractProblemLoader Creating init config 
750436     DEBUG main            d.u.i.k.p.i.AbstractProblemLoader Init config took 3.18s 
750496     INFO  main            d.u.i.k.p.i.AbstractProblemLoader Replaying proof Counter[LockSpec::lockConsistent()].JML model_behavior operation contract.0 
750687     DEBUG main            d.u.i.k.p.i.IntermediateProofReplayer Proof replay took 182.19ms 
750697     DEBUG main            d.u.i.k.p.r.p.TestFile    ... success: reloaded. 
750698     INFO  main            d.u.i.k.p.r.p.TestFile    Now processing file /home/runner/work/key/key/key.core/../key.ui/examples/heap/permissions/lockspec/Counter_increase_contract.key 
750698     INFO  main            d.u.i.k.p.i.AbstractProblemLoader Loading environment from /home/runner/work/key/key/key.core/../key.ui/examples/heap/permissions/lockspec/Counter_increase_contract.key 
750698     DEBUG main            d.u.i.k.p.i.AbstractProblemLoader Environment load took 145.6ns 
750699     INFO  main            d.u.i.k.p.i.AbstractProblemLoader Creating init config 
753923     DEBUG main            d.u.i.k.p.i.AbstractProblemLoader Init config took 3.22s 
754037     INFO  main            d.u.i.k.p.i.AbstractProblemLoader Replaying proof Counter[Counter::increase()].JML normal_behavior operation contract.0 
754044     DEBUG main            d.u.i.k.p.i.IntermediateProofReplayer Proof replay took 2.8ns 
756165     INFO  main            d.u.i.k.p.r.p.TestFile    ... finished proof: closed. 
756784     INFO  main            d.u.i.k.p.i.AbstractProblemLoader Loading environment from /home/runner/work/key/key/key.core/../key.ui/examples/heap/permissions/lockspec/Counter_increase_contract.key.proof 
756784     DEBUG main            d.u.i.k.p.i.AbstractProblemLoader Environment load took 77.9ns 
756785     INFO  main            d.u.i.k.p.i.AbstractProblemLoader Creating init config 
759976     DEBUG main            d.u.i.k.p.i.AbstractProblemLoader Init config took 3.19s 
760083     INFO  main            d.u.i.k.p.i.AbstractProblemLoader Replaying proof Counter[Counter::increase()].JML normal_behavior operation contract.0 
760260     DEBUG main            d.u.i.k.p.i.IntermediateProofReplayer Proof replay took 161.94ms 
760262     DEBUG main            d.u.i.k.p.r.p.TestFile    ... success: reloaded. 
760263     INFO  main            d.u.i.k.p.r.p.TestFile    Now processing file /home/runner/work/key/key/key.core/../key.ui/examples/heap/permissions/lockspec/Counter_fp_accessible.key 
760263     INFO  main            d.u.i.k.p.i.AbstractProblemLoader Loading environment from /home/runner/work/key/key/key.core/../key.ui/examples/heap/permissions/lockspec/Counter_fp_accessible.key 
760263     DEBUG main            d.u.i.k.p.i.AbstractProblemLoader Environment load took 140.5ns 
760264     INFO  main            d.u.i.k.p.i.AbstractProblemLoader Creating init config 
763483     DEBUG main            d.u.i.k.p.i.AbstractProblemLoader Init config took 3.22s 
763541     INFO  main            d.u.i.k.p.i.AbstractProblemLoader Replaying proof Counter[LockSpec::fp()].JML accessible clause.0 
763546     DEBUG main            d.u.i.k.p.i.IntermediateProofReplayer Proof replay took 2.6ns 
763647     INFO  main            d.u.i.k.p.r.p.TestFile    ... finished proof: closed. 
764257     INFO  main            d.u.i.k.p.i.AbstractProblemLoader Loading environment from /home/runner/work/key/key/key.core/../key.ui/examples/heap/permissions/lockspec/Counter_fp_accessible.key.proof 
764257     DEBUG main            d.u.i.k.p.i.AbstractProblemLoader Environment load took 69.6ns 
764258     INFO  main            d.u.i.k.p.i.AbstractProblemLoader Creating init config 
767437     DEBUG main            d.u.i.k.p.i.AbstractProblemLoader Init config took 3.18s 
767494     INFO  main            d.u.i.k.p.i.AbstractProblemLoader Replaying proof Counter[LockSpec::fp()].JML accessible clause.0 
767504     DEBUG main            d.u.i.k.p.i.IntermediateProofReplayer Proof replay took 7.53ms 
767504     DEBUG main            d.u.i.k.p.r.p.TestFile    ... success: reloaded. 
767505     INFO  main            d.u.i.k.p.r.p.TestFile    Now processing file /home/runner/work/key/key/key.core/../key.ui/examples/heap/permissions/lockspec/Counter_fpLock_accessible.key 
767505     INFO  main            d.u.i.k.p.i.AbstractProblemLoader Loading environment from /home/runner/work/key/key/key.core/../key.ui/examples/heap/permissions/lockspec/Counter_fpLock_accessible.key 
767506     DEBUG main            d.u.i.k.p.i.AbstractProblemLoader Environment load took 118.3ns 
767506     INFO  main            d.u.i.k.p.i.AbstractProblemLoader Creating init config 
770777     DEBUG main            d.u.i.k.p.i.AbstractProblemLoader Init config took 3.27s 
770828     INFO  main            d.u.i.k.p.i.AbstractProblemLoader Replaying proof Counter[LockSpec::fpLock()].JML accessible clause.0 
770829     DEBUG main            d.u.i.k.p.i.IntermediateProofReplayer Proof replay took 3ns 
770931     INFO  main            d.u.i.k.p.r.p.TestFile    ... finished proof: closed. 
771552     INFO  main            d.u.i.k.p.i.AbstractProblemLoader Loading environment from /home/runner/work/key/key/key.core/../key.ui/examples/heap/permissions/lockspec/Counter_fpLock_accessible.key.proof 
771553     DEBUG main            d.u.i.k.p.i.AbstractProblemLoader Environment load took 66.2ns 
771553     INFO  main            d.u.i.k.p.i.AbstractProblemLoader Creating init config 
774773     DEBUG main            d.u.i.k.p.i.AbstractProblemLoader Init config took 3.22s 
774843     INFO  main            d.u.i.k.p.i.AbstractProblemLoader Replaying proof Counter[LockSpec::fpLock()].JML accessible clause.0 
774851     DEBUG main            d.u.i.k.p.i.IntermediateProofReplayer Proof replay took 6.31ms 
774856     DEBUG main            d.u.i.k.p.r.p.TestFile    ... success: reloaded. 
774857     INFO  main            d.u.i.k.p.r.p.TestFile    Now processing file /home/runner/work/key/key/key.core/../key.ui/examples/heap/permissions/lockspec/Counter_fpPerm_accessible.key 
774857     INFO  main            d.u.i.k.p.i.AbstractProblemLoader Loading environment from /home/runner/work/key/key/key.core/../key.ui/examples/heap/permissions/lockspec/Counter_fpPerm_accessible.key 
774857     DEBUG main            d.u.i.k.p.i.AbstractProblemLoader Environment load took 162ns 
774858     INFO  main            d.u.i.k.p.i.AbstractProblemLoader Creating init config 
778090     DEBUG main            d.u.i.k.p.i.AbstractProblemLoader Init config took 3.23s 
778146     INFO  main            d.u.i.k.p.i.AbstractProblemLoader Replaying proof Counter[LockSpec::fpPerm()].JML accessible clause.0 
778148     DEBUG main            d.u.i.k.p.i.IntermediateProofReplayer Proof replay took 6.7ns 
778255     INFO  main            d.u.i.k.p.r.p.TestFile    ... finished proof: closed. 
778873     INFO  main            d.u.i.k.p.i.AbstractProblemLoader Loading environment from /home/runner/work/key/key/key.core/../key.ui/examples/heap/permissions/lockspec/Counter_fpPerm_accessible.key.proof 
778873     DEBUG main            d.u.i.k.p.i.AbstractProblemLoader Environment load took 74.3ns 
778874     INFO  main            d.u.i.k.p.i.AbstractProblemLoader Creating init config 
782031     DEBUG main            d.u.i.k.p.i.AbstractProblemLoader Init config took 3.16s 
782087     INFO  main            d.u.i.k.p.i.AbstractProblemLoader Replaying proof Counter[LockSpec::fpPerm()].JML accessible clause.0 
782097     DEBUG main            d.u.i.k.p.i.IntermediateProofReplayer Proof replay took 6.6ms 
782097     DEBUG main            d.u.i.k.p.r.p.TestFile    ... success: reloaded. 
782098     INFO  main            d.u.i.k.p.r.p.TestFile    Now processing file /home/runner/work/key/key/key.core/../key.ui/examples/heap/permissions/lockspec/Counter_inv_accessible1.key 
782098     INFO  main            d.u.i.k.p.i.AbstractProblemLoader Loading environment from /home/runner/work/key/key/key.core/../key.ui/examples/heap/permissions/lockspec/Counter_inv_accessible1.key 
782098     DEBUG main            d.u.i.k.p.i.AbstractProblemLoader Environment load took 66.8ns 
782099     INFO  main            d.u.i.k.p.i.AbstractProblemLoader Creating init config 
785470     DEBUG main            d.u.i.k.p.i.AbstractProblemLoader Init config took 3.37s 
785521     INFO  main            d.u.i.k.p.i.AbstractProblemLoader Replaying proof Counter[java.lang.Object::<inv>()].JML accessible clause.0 
785522     DEBUG main            d.u.i.k.p.i.IntermediateProofReplayer Proof replay took 2.5ns 
785623     INFO  main            d.u.i.k.p.r.p.TestFile    ... finished proof: closed. 
786251     INFO  main            d.u.i.k.p.i.AbstractProblemLoader Loading environment from /home/runner/work/key/key/key.core/../key.ui/examples/heap/permissions/lockspec/Counter_inv_accessible1.key.proof 
786251     DEBUG main            d.u.i.k.p.i.AbstractProblemLoader Environment load took 74.4ns 
786252     INFO  main            d.u.i.k.p.i.AbstractProblemLoader Creating init config 
789460     DEBUG main            d.u.i.k.p.i.AbstractProblemLoader Init config took 3.21s 
789535     INFO  main            d.u.i.k.p.i.AbstractProblemLoader Replaying proof Counter[java.lang.Object::<inv>()].JML accessible clause.0 
789544     DEBUG main            d.u.i.k.p.i.IntermediateProofReplayer Proof replay took 7.15ms 
789545     DEBUG main            d.u.i.k.p.r.p.TestFile    ... success: reloaded. 
789545     INFO  main            d.u.i.k.p.r.p.TestFile    Now processing file /home/runner/work/key/key/key.core/../key.ui/examples/heap/permissions/lockspec/Counter_inv_accessible2.key 
789545     INFO  main            d.u.i.k.p.i.AbstractProblemLoader Loading environment from /home/runner/work/key/key/key.core/../key.ui/examples/heap/permissions/lockspec/Counter_inv_accessible2.key 
789546     DEBUG main            d.u.i.k.p.i.AbstractProblemLoader Environment load took 85.9ns 
789546     INFO  main            d.u.i.k.p.i.AbstractProblemLoader Creating init config 
792759     DEBUG main            d.u.i.k.p.i.AbstractProblemLoader Init config took 3.21s 
792817     INFO  main            d.u.i.k.p.i.AbstractProblemLoader Replaying proof Counter[java.lang.Object::<inv>()].JML accessible clause.1 
792820     DEBUG main            d.u.i.k.p.i.IntermediateProofReplayer Proof replay took 2.7ns 
792921     INFO  main            d.u.i.k.p.r.p.TestFile    ... finished proof: closed. 
793551     INFO  main            d.u.i.k.p.i.AbstractProblemLoader Loading environment from /home/runner/work/key/key/key.core/../key.ui/examples/heap/permissions/lockspec/Counter_inv_accessible2.key.proof 
793552     DEBUG main            d.u.i.k.p.i.AbstractProblemLoader Environment load took 70.3ns 
793552     INFO  main            d.u.i.k.p.i.AbstractProblemLoader Creating init config 
796718     DEBUG main            d.u.i.k.p.i.AbstractProblemLoader Init config took 3.17s 
796775     INFO  main            d.u.i.k.p.i.AbstractProblemLoader Replaying proof Counter[java.lang.Object::<inv>()].JML accessible clause.1 
796785     DEBUG main            d.u.i.k.p.i.IntermediateProofReplayer Proof replay took 8.36ms 
796786     DEBUG main            d.u.i.k.p.r.p.TestFile    ... success: reloaded. 
796786     INFO  main            d.u.i.k.p.r.p.TestFile    Now processing file /home/runner/work/key/key/key.core/../key.ui/examples/heap/permissions/lockspec/Counter_lockRef_accessible.key 
796786     INFO  main            d.u.i.k.p.i.AbstractProblemLoader Loading environment from /home/runner/work/key/key/key.core/../key.ui/examples/heap/permissions/lockspec/Counter_lockRef_accessible.key 
796786     DEBUG main            d.u.i.k.p.i.AbstractProblemLoader Environment load took 98.1ns 
796787     INFO  main            d.u.i.k.p.i.AbstractProblemLoader Creating init config 
800021     DEBUG main            d.u.i.k.p.i.AbstractProblemLoader Init config took 3.23s 
800072     INFO  main            d.u.i.k.p.i.AbstractProblemLoader Replaying proof Counter[LockSpec::lockRef()].JML accessible clause.0 
800073     DEBUG main            d.u.i.k.p.i.IntermediateProofReplayer Proof replay took 3.2ns 
800275     INFO  main            d.u.i.k.p.r.p.TestFile    ... finished proof: closed. 
800916     INFO  main            d.u.i.k.p.i.AbstractProblemLoader Loading environment from /home/runner/work/key/key/key.core/../key.ui/examples/heap/permissions/lockspec/Counter_lockRef_accessible.key.proof 
800916     DEBUG main            d.u.i.k.p.i.AbstractProblemLoader Environment load took 76.5ns 
800917     INFO  main            d.u.i.k.p.i.AbstractProblemLoader Creating init config 
804108     DEBUG main            d.u.i.k.p.i.AbstractProblemLoader Init config took 3.19s 
804158     INFO  main            d.u.i.k.p.i.AbstractProblemLoader Replaying proof Counter[LockSpec::lockRef()].JML accessible clause.0 
804200     DEBUG main            d.u.i.k.p.i.IntermediateProofReplayer Proof replay took 39.92ms 
804201     DEBUG main            d.u.i.k.p.r.p.TestFile    ... success: reloaded. 
804202     INFO  main            d.u.i.k.p.r.p.TestFile    Now processing file /home/runner/work/key/key/key.core/../key.ui/examples/heap/permissions/lockspec/Counter_lockRef_contract1.key 
804203     INFO  main            d.u.i.k.p.i.AbstractProblemLoader Loading environment from /home/runner/work/key/key/key.core/../key.ui/examples/heap/permissions/lockspec/Counter_lockRef_contract1.key 
804203     DEBUG main            d.u.i.k.p.i.AbstractProblemLoader Environment load took 156ns 
804204     INFO  main            d.u.i.k.p.i.AbstractProblemLoader Creating init config 
807441     DEBUG main            d.u.i.k.p.i.AbstractProblemLoader Init config took 3.24s 
807498     INFO  main            d.u.i.k.p.i.AbstractProblemLoader Replaying proof Counter[LockSpec::lockRef()].JML model_behavior operation contract.0 
807500     DEBUG main            d.u.i.k.p.i.IntermediateProofReplayer Proof replay took 3ns 
807602     INFO  main            d.u.i.k.p.r.p.TestFile    ... finished proof: closed. 
808240     INFO  main            d.u.i.k.p.i.AbstractProblemLoader Loading environment from /home/runner/work/key/key/key.core/../key.ui/examples/heap/permissions/lockspec/Counter_lockRef_contract1.key.proof 
808240     DEBUG main            d.u.i.k.p.i.AbstractProblemLoader Environment load took 89.7ns 
808240     INFO  main            d.u.i.k.p.i.AbstractProblemLoader Creating init config 
811391     DEBUG main            d.u.i.k.p.i.AbstractProblemLoader Init config took 3.15s 
811458     INFO  main            d.u.i.k.p.i.AbstractProblemLoader Replaying proof Counter[LockSpec::lockRef()].JML model_behavior operation contract.0 
811463     DEBUG main            d.u.i.k.p.i.IntermediateProofReplayer Proof replay took 3.47ms 
811464     DEBUG main            d.u.i.k.p.r.p.TestFile    ... success: reloaded. 
811465     INFO  main            d.u.i.k.p.r.p.TestFile    Now processing file /home/runner/work/key/key/key.core/../key.ui/examples/heap/permissions/lockspec/Counter_lockRef_contract2.key 
811465     INFO  main            d.u.i.k.p.i.AbstractProblemLoader Loading environment from /home/runner/work/key/key/key.core/../key.ui/examples/heap/permissions/lockspec/Counter_lockRef_contract2.key 
811465     DEBUG main            d.u.i.k.p.i.AbstractProblemLoader Environment load took 146ns 
811466     INFO  main            d.u.i.k.p.i.AbstractProblemLoader Creating init config 
814698     DEBUG main            d.u.i.k.p.i.AbstractProblemLoader Init config took 3.23s 
814748     INFO  main            d.u.i.k.p.i.AbstractProblemLoader Replaying proof Counter[Counter::lockRef()].JML model_behavior operation contract.0 
814749     DEBUG main            d.u.i.k.p.i.IntermediateProofReplayer Proof replay took 2.5ns 
814851     INFO  main            d.u.i.k.p.r.p.TestFile    ... finished proof: closed. 
815494     INFO  main            d.u.i.k.p.i.AbstractProblemLoader Loading environment from /home/runner/work/key/key/key.core/../key.ui/examples/heap/permissions/lockspec/Counter_lockRef_contract2.key.proof 
815494     DEBUG main            d.u.i.k.p.i.AbstractProblemLoader Environment load took 73.4ns 
815495     INFO  main            d.u.i.k.p.i.AbstractProblemLoader Creating init config 
818690     DEBUG main            d.u.i.k.p.i.AbstractProblemLoader Init config took 3.2s 
818766     INFO  main            d.u.i.k.p.i.AbstractProblemLoader Replaying proof Counter[Counter::lockRef()].JML model_behavior operation contract.0 
818779     DEBUG main            d.u.i.k.p.i.IntermediateProofReplayer Proof replay took 3.16ms 
818780     DEBUG main            d.u.i.k.p.r.p.TestFile    ... success: reloaded. 
818781     INFO  main            d.u.i.k.p.r.p.TestFile    Now processing file /home/runner/work/key/key/key.core/../key.ui/examples/heap/permissions/lockspec/Counter_lockState_accessible.key 
818781     INFO  main            d.u.i.k.p.i.AbstractProblemLoader Loading environment from /home/runner/work/key/key/key.core/../key.ui/examples/heap/permissions/lockspec/Counter_lockState_accessible.key 
818781     DEBUG main            d.u.i.k.p.i.AbstractProblemLoader Environment load took 149.2ns 
818782     INFO  main            d.u.i.k.p.i.AbstractProblemLoader Creating init config 
822142     DEBUG main            d.u.i.k.p.i.AbstractProblemLoader Init config took 3.36s 
822198     INFO  main            d.u.i.k.p.i.AbstractProblemLoader Replaying proof Counter[LockSpec::lockState(boolean)].JML accessible clause.0 
822200     DEBUG main            d.u.i.k.p.i.IntermediateProofReplayer Proof replay took 2.8ns 
822514     INFO  main            d.u.i.k.p.r.p.TestFile    ... finished proof: closed. 
823174     INFO  main            d.u.i.k.p.i.AbstractProblemLoader Loading environment from /home/runner/work/key/key/key.core/../key.ui/examples/heap/permissions/lockspec/Counter_lockState_accessible.key.proof 
823174     DEBUG main            d.u.i.k.p.i.AbstractProblemLoader Environment load took 70.5ns 
823175     INFO  main            d.u.i.k.p.i.AbstractProblemLoader Creating init config 
826334     DEBUG main            d.u.i.k.p.i.AbstractProblemLoader Init config took 3.16s 
826390     INFO  main            d.u.i.k.p.i.AbstractProblemLoader Replaying proof Counter[LockSpec::lockState(boolean)].JML accessible clause.0 
826435     DEBUG main            d.u.i.k.p.i.IntermediateProofReplayer Proof replay took 42.23ms 
826436     DEBUG main            d.u.i.k.p.r.p.TestFile    ... success: reloaded. 
826437     INFO  main            d.u.i.k.p.r.p.TestFile    Now processing file /home/runner/work/key/key/key.core/../key.ui/examples/heap/permissions/lockspec/Counter_lockStatus_accessible.key 
826439     INFO  main            d.u.i.k.p.i.AbstractProblemLoader Loading environment from /home/runner/work/key/key/key.core/../key.ui/examples/heap/permissions/lockspec/Counter_lockStatus_accessible.key 
826439     DEBUG main            d.u.i.k.p.i.AbstractProblemLoader Environment load took 173.2ns 
826440     INFO  main            d.u.i.k.p.i.AbstractProblemLoader Creating init config 
829691     DEBUG main            d.u.i.k.p.i.AbstractProblemLoader Init config took 3.25s 
829741     INFO  main            d.u.i.k.p.i.AbstractProblemLoader Replaying proof Counter[LockSpec::lockStatus(boolean)].JML accessible clause.0 
829742     DEBUG main            d.u.i.k.p.i.IntermediateProofReplayer Proof replay took 3.2ns 
829845     INFO  main            d.u.i.k.p.r.p.TestFile    ... finished proof: closed. 
830505     INFO  main            d.u.i.k.p.i.AbstractProblemLoader Loading environment from /home/runner/work/key/key/key.core/../key.ui/examples/heap/permissions/lockspec/Counter_lockStatus_accessible.key.proof 
830505     DEBUG main            d.u.i.k.p.i.AbstractProblemLoader Environment load took 75ns 
830506     INFO  main            d.u.i.k.p.i.AbstractProblemLoader Creating init config 
833709     DEBUG main            d.u.i.k.p.i.AbstractProblemLoader Init config took 3.2s 
833763     INFO  main            d.u.i.k.p.i.AbstractProblemLoader Replaying proof Counter[LockSpec::lockStatus(boolean)].JML accessible clause.0 
833780     DEBUG main            d.u.i.k.p.i.IntermediateProofReplayer Proof replay took 14.9ms 
833780     DEBUG main            d.u.i.k.p.r.p.TestFile    ... success: reloaded. 
833781     INFO  main            d.u.i.k.p.r.p.TestFile    Now processing file /home/runner/work/key/key/key.core/../key.ui/examples/heap/permissions/lockspec/Counter_lockTransfer_accessible.key 
833782     INFO  main            d.u.i.k.p.i.AbstractProblemLoader Loading environment from /home/runner/work/key/key/key.core/../key.ui/examples/heap/permissions/lockspec/Counter_lockTransfer_accessible.key 
833782     DEBUG main            d.u.i.k.p.i.AbstractProblemLoader Environment load took 147ns 
833782     INFO  main            d.u.i.k.p.i.AbstractProblemLoader Creating init config 
836996     DEBUG main            d.u.i.k.p.i.AbstractProblemLoader Init config took 3.21s 
837046     INFO  main            d.u.i.k.p.i.AbstractProblemLoader Replaying proof Counter[LockSpec::lockTransfer()].JML accessible clause.0 
837047     DEBUG main            d.u.i.k.p.i.IntermediateProofReplayer Proof replay took 2.7ns 
837452     INFO  main            d.u.i.k.p.r.p.TestFile    ... finished proof: closed. 
838103     INFO  main            d.u.i.k.p.i.AbstractProblemLoader Loading environment from /home/runner/work/key/key/key.core/../key.ui/examples/heap/permissions/lockspec/Counter_lockTransfer_accessible.key.proof 
838103     DEBUG main            d.u.i.k.p.i.AbstractProblemLoader Environment load took 77.9ns 
838104     INFO  main            d.u.i.k.p.i.AbstractProblemLoader Creating init config 
841301     DEBUG main            d.u.i.k.p.i.AbstractProblemLoader Init config took 3.2s 
841357     INFO  main            d.u.i.k.p.i.AbstractProblemLoader Replaying proof Counter[LockSpec::lockTransfer()].JML accessible clause.0 
841416     DEBUG main            d.u.i.k.p.i.IntermediateProofReplayer Proof replay took 55.26ms 
841417     DEBUG main            d.u.i.k.p.r.p.TestFile    ... success: reloaded. 
841417     INFO  main            d.u.i.k.p.r.p.TestFile    Now processing file /home/runner/work/key/key/key.core/../key.ui/examples/heap/permissions/lockspec/Counter_unlockTransfer_accessible.key 
841418     INFO  main            d.u.i.k.p.i.AbstractProblemLoader Loading environment from /home/runner/work/key/key/key.core/../key.ui/examples/heap/permissions/lockspec/Counter_unlockTransfer_accessible.key 
841418     DEBUG main            d.u.i.k.p.i.AbstractProblemLoader Environment load took 84.2ns 
841419     INFO  main            d.u.i.k.p.i.AbstractProblemLoader Creating init config 
844717     DEBUG main            d.u.i.k.p.i.AbstractProblemLoader Init config took 3.3s 
844767     INFO  main            d.u.i.k.p.i.AbstractProblemLoader Replaying proof Counter[LockSpec::unlockTransfer()].JML accessible clause.0 
844768     DEBUG main            d.u.i.k.p.i.IntermediateProofReplayer Proof replay took 2.8ns 
845076     INFO  main            d.u.i.k.p.r.p.TestFile    ... finished proof: closed. 
845756     INFO  main            d.u.i.k.p.i.AbstractProblemLoader Loading environment from /home/runner/work/key/key/key.core/../key.ui/examples/heap/permissions/lockspec/Counter_unlockTransfer_accessible.key.proof 
845756     DEBUG main            d.u.i.k.p.i.AbstractProblemLoader Environment load took 70.6ns 
845757     INFO  main            d.u.i.k.p.i.AbstractProblemLoader Creating init config 
848965     DEBUG main            d.u.i.k.p.i.AbstractProblemLoader Init config took 3.21s 
849015     INFO  main            d.u.i.k.p.i.AbstractProblemLoader Replaying proof Counter[LockSpec::unlockTransfer()].JML accessible clause.0 
849084     DEBUG main            d.u.i.k.p.i.IntermediateProofReplayer Proof replay took 65.88ms 
849085     DEBUG main            d.u.i.k.p.r.p.TestFile    ... success: reloaded. 
849086     INFO  main            d.u.i.k.p.r.p.TestFile    Now processing file /home/runner/work/key/key/key.core/../key.ui/examples/heap/permissions/threads/Plotter_startTransfer_contract.proof 
849086     INFO  main            d.u.i.k.p.i.AbstractProblemLoader Loading environment from /home/runner/work/key/key/key.core/../key.ui/examples/heap/permissions/threads/Plotter_startTransfer_contract.proof 
849086     DEBUG main            d.u.i.k.p.i.AbstractProblemLoader Environment load took 147.4ns 
849087     INFO  main            d.u.i.k.p.i.AbstractProblemLoader Creating init config 
853957     DEBUG main            d.u.i.k.p.i.AbstractProblemLoader Init config took 4.87s 
854056     INFO  main            d.u.i.k.p.i.AbstractProblemLoader Replaying proof Plotter[ThreadSpec2::startTransfer()].JML model_behavior operation contract.0 
854129     DEBUG main            d.u.i.k.p.i.IntermediateProofReplayer Proof replay took 66.81ms 
854130     INFO  main            d.u.i.k.p.r.p.TestFile    ... success: loaded 
854131     INFO  main            d.u.i.k.p.r.p.TestFile    Now processing file /home/runner/work/key/key/key.core/../key.ui/examples/heap/permissions/threads/Plotter_startTransfer_accessible.proof 
854131     INFO  main            d.u.i.k.p.i.AbstractProblemLoader Loading environment from /home/runner/work/key/key/key.core/../key.ui/examples/heap/permissions/threads/Plotter_startTransfer_accessible.proof 
854131     DEBUG main            d.u.i.k.p.i.AbstractProblemLoader Environment load took 67.5ns 
854132     INFO  main            d.u.i.k.p.i.AbstractProblemLoader Creating init config 
859045     DEBUG main            d.u.i.k.p.i.AbstractProblemLoader Init config took 4.91s 
859134     INFO  main            d.u.i.k.p.i.AbstractProblemLoader Replaying proof Plotter[ThreadSpec2::startTransfer()].JML accessible clause.0 
859221     DEBUG main            d.u.i.k.p.i.IntermediateProofReplayer Proof replay took 83.01ms 
859222     INFO  main            d.u.i.k.p.r.p.TestFile    ... success: loaded 
859223     INFO  main            d.u.i.k.p.r.p.TestFile    Now processing file /home/runner/work/key/key/key.core/../key.ui/examples/heap/permissions/threads/Plotter_joinTransfer_accessible.proof 
859223     INFO  main            d.u.i.k.p.i.AbstractProblemLoader Loading environment from /home/runner/work/key/key/key.core/../key.ui/examples/heap/permissions/threads/Plotter_joinTransfer_accessible.proof 
859224     DEBUG main            d.u.i.k.p.i.AbstractProblemLoader Environment load took 223.6ns 
859224     INFO  main            d.u.i.k.p.i.AbstractProblemLoader Creating init config 
864138     DEBUG main            d.u.i.k.p.i.AbstractProblemLoader Init config took 4.91s 
864233     INFO  main            d.u.i.k.p.i.AbstractProblemLoader Replaying proof Plotter[ThreadSpec2::joinTransfer()].JML accessible clause.0 
864240     WARN  main            d.u.i.k.p.i.IntermediateProofReplayer Proof contains wrong number of \assumes instatiations for Definition_axiom_for_stateInv_in_Plotter 
864242     WARN  main            d.u.i.k.p.i.IntermediateProofReplayer Proof contains wrong number of \assumes instatiations for Definition_axiom_for_stateInv_in_Plotter 
864244     WARN  main            d.u.i.k.p.i.IntermediateProofReplayer Proof contains wrong number of \assumes instatiations for Definition_axiom_for_workingPermissions_in_Plotter 
864244     WARN  main            d.u.i.k.p.i.IntermediateProofReplayer Proof contains wrong number of \assumes instatiations for Definition_axiom_for_staticPermissions_in_Plotter 
864245     WARN  main            d.u.i.k.p.i.IntermediateProofReplayer Proof contains wrong number of \assumes instatiations for Definition_axiom_for_joinTransfer_in_Plotter 
864247     WARN  main            d.u.i.k.p.i.IntermediateProofReplayer Proof contains wrong number of \assumes instatiations for Definition_axiom_for_stateInv_in_BFilter 
864248     WARN  main            d.u.i.k.p.i.IntermediateProofReplayer Proof contains wrong number of \assumes instatiations for Definition_axiom_for_stateInv_in_AFilter 
864249     WARN  main            d.u.i.k.p.i.IntermediateProofReplayer Proof contains wrong number of \assumes instatiations for Definition_axiom_for_stateInv_in_BFilter 
864251     WARN  main            d.u.i.k.p.i.IntermediateProofReplayer Proof contains wrong number of \assumes instatiations for Definition_axiom_for_stateInv_in_AFilter 
864252     WARN  main            d.u.i.k.p.i.IntermediateProofReplayer Proof contains wrong number of \assumes instatiations for Definition_axiom_for_staticPermissions_in_AFilter 
864253     WARN  main            d.u.i.k.p.i.IntermediateProofReplayer Proof contains wrong number of \assumes instatiations for Definition_axiom_for_staticPermissions_in_Plotter 
864253     WARN  main            d.u.i.k.p.i.IntermediateProofReplayer Proof contains wrong number of \assumes instatiations for Definition_axiom_for_staticPermissions_in_BFilter 
864253     WARN  main            d.u.i.k.p.i.IntermediateProofReplayer Proof contains wrong number of \assumes instatiations for Definition_axiom_for_workingPermissions_in_Plotter 
864254     WARN  main            d.u.i.k.p.i.IntermediateProofReplayer Proof contains wrong number of \assumes instatiations for Definition_axiom_for_stateInv_in_Sampler 
864254     WARN  main            d.u.i.k.p.i.IntermediateProofReplayer Proof contains wrong number of \assumes instatiations for Definition_axiom_for_stateInv_in_Sampler 
864255     WARN  main            d.u.i.k.p.i.IntermediateProofReplayer Proof contains wrong number of \assumes instatiations for Definition_axiom_for_staticPermissions_in_Sampler 
864256     WARN  main            d.u.i.k.p.i.IntermediateProofReplayer Proof contains wrong number of \assumes instatiations for Definition_axiom_for_staticPermissions_in_BFilter 
864256     WARN  main            d.u.i.k.p.i.IntermediateProofReplayer Proof contains wrong number of \assumes instatiations for Definition_axiom_for_staticPermissions_in_AFilter 
864256     WARN  main            d.u.i.k.p.i.IntermediateProofReplayer Proof contains wrong number of \assumes instatiations for Definition_axiom_for_staticPermissions_in_Sampler 
864257     WARN  main            d.u.i.k.p.i.IntermediateProofReplayer Proof contains wrong number of \assumes instatiations for Definition_axiom_for_staticPermissions_in_Sampler 
864257     WARN  main            d.u.i.k.p.i.IntermediateProofReplayer Proof contains wrong number of \assumes instatiations for Definition_axiom_for_staticPermissions_in_Sampler 
864258     WARN  main            d.u.i.k.p.i.IntermediateProofReplayer Proof contains wrong number of \assumes instatiations for Definition_axiom_for_joinTransfer_in_Plotter 
864304     DEBUG main            d.u.i.k.p.i.IntermediateProofReplayer Proof replay took 66.38ms 
864304     INFO  main            d.u.i.k.p.r.p.TestFile    ... success: loaded 
5009655    INFO  Test worker     d.u.i.k.p.r.RunAllProofsTestUnit Returning from test permissionHeap 
5009655    INFO  Test worker     d.u.i.k.p.r.RunAllProofsTestUnit Running test completionScopes 
335        INFO  Timeout watchdog d.u.i.k.p.r.p.ForkedTestFileRunner Timeout watcher launched (2000 secs.) 
348        WARN  main            d.u.i.k.s.ProofSettings   The settings in /home/runner/.key/proof-settings.props are *not* read. 
374        INFO  main            d.u.i.k.p.r.p.TestFile    Now processing file /home/runner/work/key/key/key.core/../key.ui/examples/completionscopes/testCcatchReturnVal.key 
477        INFO  main            d.u.i.k.p.i.AbstractProblemLoader Loading environment from /home/runner/work/key/key/key.core/../key.ui/examples/completionscopes/testCcatchReturnVal.key 
499        DEBUG main            d.u.i.k.p.i.AbstractProblemLoader Environment load took 1.85ms 
723        INFO  main            d.u.i.k.p.i.AbstractProblemLoader Creating init config 
1608       DEBUG main            d.u.i.k.j.TypeConverter   No LDT found for Meta 
1608       DEBUG main            d.u.i.k.j.TypeConverter   No LDT found for Meta 
1609       DEBUG main            d.u.i.k.j.TypeConverter   No LDT found for Meta 
1609       DEBUG main            d.u.i.k.j.TypeConverter   No LDT found for Meta 
3064       DEBUG main            d.u.i.k.j.TypeConverter   No LDT found for JavaBigintExpression 
7976       DEBUG main            d.u.i.k.p.i.AbstractProblemLoader Init config took 7.25s 
8100       INFO  main            d.u.i.k.p.i.AbstractProblemLoader Replaying proof CompletionScopes[CompletionScopes::testCcatchReturnVal()].JML normal_behavior operation contract.0 
8134       DEBUG main            d.u.i.k.p.i.IntermediateProofReplayer Proof replay took 34.9ns 
8595       INFO  main            d.u.i.k.p.r.p.TestFile    ... finished proof: closed. 
8719       INFO  main            d.u.i.k.p.i.AbstractProblemLoader Loading environment from /home/runner/work/key/key/key.core/../key.ui/examples/completionscopes/testCcatchReturnVal.key.proof 
8719       DEBUG main            d.u.i.k.p.i.AbstractProblemLoader Environment load took 151.3ns 
8722       INFO  main            d.u.i.k.p.i.AbstractProblemLoader Creating init config 
11523      DEBUG main            d.u.i.k.p.i.AbstractProblemLoader Init config took 2.8s 
11628      INFO  main            d.u.i.k.p.i.AbstractProblemLoader Replaying proof CompletionScopes[CompletionScopes::testCcatchReturnVal()].JML normal_behavior operation contract.0 
11703      DEBUG main            d.u.i.k.p.i.IntermediateProofReplayer Proof replay took 66.59ms 
11718      DEBUG main            d.u.i.k.p.r.p.TestFile    ... success: reloaded. 
11722      INFO  main            d.u.i.k.p.r.p.TestFile    Now processing file /home/runner/work/key/key/key.core/../key.ui/examples/completionscopes/testMultCcatchClauses.key 
11723      INFO  main            d.u.i.k.p.i.AbstractProblemLoader Loading environment from /home/runner/work/key/key/key.core/../key.ui/examples/completionscopes/testMultCcatchClauses.key 
11723      DEBUG main            d.u.i.k.p.i.AbstractProblemLoader Environment load took 164.5ns 
11725      INFO  main            d.u.i.k.p.i.AbstractProblemLoader Creating init config 
14480      DEBUG main            d.u.i.k.p.i.AbstractProblemLoader Init config took 2.75s 
14538      INFO  main            d.u.i.k.p.i.AbstractProblemLoader Replaying proof CompletionScopes[CompletionScopes::testMultCcatchClauses()].JML normal_behavior operation contract.0 
14540      DEBUG main            d.u.i.k.p.i.IntermediateProofReplayer Proof replay took 7.3ns 
14844      INFO  main            d.u.i.k.p.r.p.TestFile    ... finished proof: closed. 
14997      INFO  main            d.u.i.k.p.i.AbstractProblemLoader Loading environment from /home/runner/work/key/key/key.core/../key.ui/examples/completionscopes/testMultCcatchClauses.key.proof 
14998      DEBUG main            d.u.i.k.p.i.AbstractProblemLoader Environment load took 1.05ms 
15000      INFO  main            d.u.i.k.p.i.AbstractProblemLoader Creating init config 
17605      DEBUG main            d.u.i.k.p.i.AbstractProblemLoader Init config took 2.6s 
17656      INFO  main            d.u.i.k.p.i.AbstractProblemLoader Replaying proof CompletionScopes[CompletionScopes::testMultCcatchClauses()].JML normal_behavior operation contract.0 
17759      DEBUG main            d.u.i.k.p.i.IntermediateProofReplayer Proof replay took 98.57ms 
17761      DEBUG main            d.u.i.k.p.r.p.TestFile    ... success: reloaded. 
17763      INFO  main            d.u.i.k.p.r.p.TestFile    Now processing file /home/runner/work/key/key/key.core/../key.ui/examples/completionscopes/testNestedExec.key 
17763      INFO  main            d.u.i.k.p.i.AbstractProblemLoader Loading environment from /home/runner/work/key/key/key.core/../key.ui/examples/completionscopes/testNestedExec.key 
17764      DEBUG main            d.u.i.k.p.i.AbstractProblemLoader Environment load took 195.4ns 
17766      INFO  main            d.u.i.k.p.i.AbstractProblemLoader Creating init config 
20389      DEBUG main            d.u.i.k.p.i.AbstractProblemLoader Init config took 2.62s 
20452      INFO  main            d.u.i.k.p.i.AbstractProblemLoader Replaying proof CompletionScopes[CompletionScopes::testMultCcatchClauses()].JML normal_behavior operation contract.0 
20455      DEBUG main            d.u.i.k.p.i.IntermediateProofReplayer Proof replay took 8.8ns 
20759      INFO  main            d.u.i.k.p.r.p.TestFile    ... finished proof: closed. 
20904      INFO  main            d.u.i.k.p.i.AbstractProblemLoader Loading environment from /home/runner/work/key/key/key.core/../key.ui/examples/completionscopes/testNestedExec.key.proof 
20904      DEBUG main            d.u.i.k.p.i.AbstractProblemLoader Environment load took 140.4ns 
20905      INFO  main            d.u.i.k.p.i.AbstractProblemLoader Creating init config 
23440      DEBUG main            d.u.i.k.p.i.AbstractProblemLoader Init config took 2.53s 
23485      INFO  main            d.u.i.k.p.i.AbstractProblemLoader Replaying proof CompletionScopes[CompletionScopes::testMultCcatchClauses()].JML normal_behavior operation contract.0 
23544      DEBUG main            d.u.i.k.p.i.IntermediateProofReplayer Proof replay took 55.41ms 
23545      DEBUG main            d.u.i.k.p.r.p.TestFile    ... success: reloaded. 
23546      INFO  main            d.u.i.k.p.r.p.TestFile    Now processing file /home/runner/work/key/key/key.core/../key.ui/examples/completionscopes/testCcatchBreakLabel.key 
23546      INFO  main            d.u.i.k.p.i.AbstractProblemLoader Loading environment from /home/runner/work/key/key/key.core/../key.ui/examples/completionscopes/testCcatchBreakLabel.key 
23547      DEBUG main            d.u.i.k.p.i.AbstractProblemLoader Environment load took 185.1ns 
23548      INFO  main            d.u.i.k.p.i.AbstractProblemLoader Creating init config 
26109      DEBUG main            d.u.i.k.p.i.AbstractProblemLoader Init config took 2.56s 
26153      INFO  main            d.u.i.k.p.i.AbstractProblemLoader Replaying proof CompletionScopes[CompletionScopes::testBreakLabel()].JML normal_behavior operation contract.0 
26155      DEBUG main            d.u.i.k.p.i.IntermediateProofReplayer Proof replay took 7.8ns 
26174      DEBUG Thread-10       d.u.i.k.l.o.ProgramSV     Match failed: Former match of  SchemaVariable incompatible with  the current match. 
26258      INFO  main            d.u.i.k.p.r.p.TestFile    ... finished proof: closed. 
26405      INFO  main            d.u.i.k.p.i.AbstractProblemLoader Loading environment from /home/runner/work/key/key/key.core/../key.ui/examples/completionscopes/testCcatchBreakLabel.key.proof 
26405      DEBUG main            d.u.i.k.p.i.AbstractProblemLoader Environment load took 157.5ns 
26406      INFO  main            d.u.i.k.p.i.AbstractProblemLoader Creating init config 
28868      DEBUG main            d.u.i.k.p.i.AbstractProblemLoader Init config took 2.46s 
28909      INFO  main            d.u.i.k.p.i.AbstractProblemLoader Replaying proof CompletionScopes[CompletionScopes::testBreakLabel()].JML normal_behavior operation contract.0 
28918      DEBUG main            d.u.i.k.p.i.IntermediateProofReplayer Proof replay took 6.83ms 
28919      DEBUG main            d.u.i.k.p.r.p.TestFile    ... success: reloaded. 
28920      INFO  main            d.u.i.k.p.r.p.TestFile    Now processing file /home/runner/work/key/key/key.core/../key.ui/examples/completionscopes/testCcatchContinueLabel.key 
28920      INFO  main            d.u.i.k.p.i.AbstractProblemLoader Loading environment from /home/runner/work/key/key/key.core/../key.ui/examples/completionscopes/testCcatchContinueLabel.key 
28921      DEBUG main            d.u.i.k.p.i.AbstractProblemLoader Environment load took 133.8ns 
28922      INFO  main            d.u.i.k.p.i.AbstractProblemLoader Creating init config 
31428      DEBUG main            d.u.i.k.p.i.AbstractProblemLoader Init config took 2.51s 
31469      INFO  main            d.u.i.k.p.i.AbstractProblemLoader Replaying proof CompletionScopes[CompletionScopes::testContinueLabel()].JML normal_behavior operation contract.0 
31471      DEBUG main            d.u.i.k.p.i.IntermediateProofReplayer Proof replay took 8.2ns 
31490      DEBUG Thread-13       d.u.i.k.l.o.ProgramSV     Match failed: Former match of  SchemaVariable incompatible with  the current match. 
31574      INFO  main            d.u.i.k.p.r.p.TestFile    ... finished proof: closed. 
31730      INFO  main            d.u.i.k.p.i.AbstractProblemLoader Loading environment from /home/runner/work/key/key/key.core/../key.ui/examples/completionscopes/testCcatchContinueLabel.key.proof 
31730      DEBUG main            d.u.i.k.p.i.AbstractProblemLoader Environment load took 168.1ns 
31731      INFO  main            d.u.i.k.p.i.AbstractProblemLoader Creating init config 
34217      DEBUG main            d.u.i.k.p.i.AbstractProblemLoader Init config took 2.49s 
34258      INFO  main            d.u.i.k.p.i.AbstractProblemLoader Replaying proof CompletionScopes[CompletionScopes::testContinueLabel()].JML normal_behavior operation contract.0 
34267      DEBUG main            d.u.i.k.p.i.IntermediateProofReplayer Proof replay took 6.71ms 
34268      DEBUG main            d.u.i.k.p.r.p.TestFile    ... success: reloaded. 
34269      INFO  main            d.u.i.k.p.r.p.TestFile    Now processing file /home/runner/work/key/key/key.core/../key.ui/examples/completionscopes/testCcatchBreakLabelWildcard.key 
34270      INFO  main            d.u.i.k.p.i.AbstractProblemLoader Loading environment from /home/runner/work/key/key/key.core/../key.ui/examples/completionscopes/testCcatchBreakLabelWildcard.key 
34270      DEBUG main            d.u.i.k.p.i.AbstractProblemLoader Environment load took 179.4ns 
34271      INFO  main            d.u.i.k.p.i.AbstractProblemLoader Creating init config 
36794      DEBUG main            d.u.i.k.p.i.AbstractProblemLoader Init config took 2.52s 
36841      INFO  main            d.u.i.k.p.i.AbstractProblemLoader Replaying proof CompletionScopes[CompletionScopes::testBreakLabelWildcard()].JML normal_behavior operation contract.0 
36843      DEBUG main            d.u.i.k.p.i.IntermediateProofReplayer Proof replay took 8.2ns 
36859      DEBUG Thread-16       d.u.i.k.l.o.ProgramSV     Match failed: Former match of  SchemaVariable incompatible with  the current match. 
36860      DEBUG Thread-16       d.u.i.k.l.o.ProgramSV     Match failed: Former match of  SchemaVariable incompatible with  the current match. 
36946      INFO  main            d.u.i.k.p.r.p.TestFile    ... finished proof: closed. 
37101      INFO  main            d.u.i.k.p.i.AbstractProblemLoader Loading environment from /home/runner/work/key/key/key.core/../key.ui/examples/completionscopes/testCcatchBreakLabelWildcard.key.proof 
37101      DEBUG main            d.u.i.k.p.i.AbstractProblemLoader Environment load took 148.4ns 
37102      INFO  main            d.u.i.k.p.i.AbstractProblemLoader Creating init config 
39527      DEBUG main            d.u.i.k.p.i.AbstractProblemLoader Init config took 2.42s 
39566      INFO  main            d.u.i.k.p.i.AbstractProblemLoader Replaying proof CompletionScopes[CompletionScopes::testBreakLabelWildcard()].JML normal_behavior operation contract.0 
39575      DEBUG main            d.u.i.k.p.i.IntermediateProofReplayer Proof replay took 6.44ms 
39575      DEBUG main            d.u.i.k.p.r.p.TestFile    ... success: reloaded. 
39577      INFO  main            d.u.i.k.p.r.p.TestFile    Now processing file /home/runner/work/key/key/key.core/../key.ui/examples/completionscopes/testCcatchContinueLabelWildcard.key 
39577      INFO  main            d.u.i.k.p.i.AbstractProblemLoader Loading environment from /home/runner/work/key/key/key.core/../key.ui/examples/completionscopes/testCcatchContinueLabelWildcard.key 
39577      DEBUG main            d.u.i.k.p.i.AbstractProblemLoader Environment load took 94.9ns 
39578      INFO  main            d.u.i.k.p.i.AbstractProblemLoader Creating init config 
42081      DEBUG main            d.u.i.k.p.i.AbstractProblemLoader Init config took 2.5s 
42137      INFO  main            d.u.i.k.p.i.AbstractProblemLoader Replaying proof CompletionScopes[CompletionScopes::testContinueLabelWildcard()].JML normal_behavior operation contract.0 
42140      DEBUG main            d.u.i.k.p.i.IntermediateProofReplayer Proof replay took 9.4ns 
42160      DEBUG Thread-19       d.u.i.k.l.o.ProgramSV     Match failed: Former match of  SchemaVariable incompatible with  the current match. 
42161      DEBUG Thread-19       d.u.i.k.l.o.ProgramSV     Match failed: Former match of  SchemaVariable incompatible with  the current match. 
42242      INFO  main            d.u.i.k.p.r.p.TestFile    ... finished proof: closed. 
42405      INFO  main            d.u.i.k.p.i.AbstractProblemLoader Loading environment from /home/runner/work/key/key/key.core/../key.ui/examples/completionscopes/testCcatchContinueLabelWildcard.key.proof 
42406      DEBUG main            d.u.i.k.p.i.AbstractProblemLoader Environment load took 126.9ns 
42407      INFO  main            d.u.i.k.p.i.AbstractProblemLoader Creating init config 
44804      DEBUG main            d.u.i.k.p.i.AbstractProblemLoader Init config took 2.4s 
44855      INFO  main            d.u.i.k.p.i.AbstractProblemLoader Replaying proof CompletionScopes[CompletionScopes::testContinueLabelWildcard()].JML normal_behavior operation contract.0 
44864      DEBUG main            d.u.i.k.p.i.IntermediateProofReplayer Proof replay took 6.81ms 
44865      DEBUG main            d.u.i.k.p.r.p.TestFile    ... success: reloaded. 
44866      INFO  main            d.u.i.k.p.r.p.TestFile    Now processing file /home/runner/work/key/key/key.core/../key.ui/examples/completionscopes/testCcatchBreakLabelNonmatchingNested.key 
44866      INFO  main            d.u.i.k.p.i.AbstractProblemLoader Loading environment from /home/runner/work/key/key/key.core/../key.ui/examples/completionscopes/testCcatchBreakLabelNonmatchingNested.key 
44866      DEBUG main            d.u.i.k.p.i.AbstractProblemLoader Environment load took 94.9ns 
44867      INFO  main            d.u.i.k.p.i.AbstractProblemLoader Creating init config 
47322      DEBUG main            d.u.i.k.p.i.AbstractProblemLoader Init config took 2.46s 
47379      INFO  main            d.u.i.k.p.i.AbstractProblemLoader Replaying proof CompletionScopes[CompletionScopes::testBreakLabelNonmatchingNested()].JML normal_behavior operation contract.0 
47384      DEBUG main            d.u.i.k.p.i.IntermediateProofReplayer Proof replay took 8.2ns 
47412      DEBUG Thread-22       d.u.i.k.l.o.ProgramSV     Match failed: Former match of  SchemaVariable incompatible with  the current match. 
47413      DEBUG Thread-22       d.u.i.k.l.o.ProgramSV     Match failed: Former match of  SchemaVariable incompatible with  the current match. 
47486      INFO  main            d.u.i.k.p.r.p.TestFile    ... finished proof: closed. 
47664      INFO  main            d.u.i.k.p.i.AbstractProblemLoader Loading environment from /home/runner/work/key/key/key.core/../key.ui/examples/completionscopes/testCcatchBreakLabelNonmatchingNested.key.proof 
47665      DEBUG main            d.u.i.k.p.i.AbstractProblemLoader Environment load took 130.2ns 
47666      INFO  main            d.u.i.k.p.i.AbstractProblemLoader Creating init config 
50059      DEBUG main            d.u.i.k.p.i.AbstractProblemLoader Init config took 2.39s 
50096      INFO  main            d.u.i.k.p.i.AbstractProblemLoader Replaying proof CompletionScopes[CompletionScopes::testBreakLabelNonmatchingNested()].JML normal_behavior operation contract.0 
50105      DEBUG main            d.u.i.k.p.i.IntermediateProofReplayer Proof replay took 7.29ms 
50107      DEBUG main            d.u.i.k.p.r.p.TestFile    ... success: reloaded. 
5059940    INFO  Test worker     d.u.i.k.p.r.RunAllProofsTestUnit Returning from test completionScopes 
5059941    INFO  Test worker     d.u.i.k.p.r.RunAllProofsTestUnit Running test reload_examples 
352        INFO  Timeout watchdog d.u.i.k.p.r.p.ForkedTestFileRunner Timeout watcher launched (2000 secs.) 
377        WARN  main            d.u.i.k.s.ProofSettings   The settings in /home/runner/.key/proof-settings.props are *not* read. 
423        INFO  main            d.u.i.k.p.r.p.TestFile    Now processing file /home/runner/work/key/key/key.core/../key.ui/examples/firstTouch/05-ReverseArray/reverseArray.key 
550        INFO  main            d.u.i.k.p.i.AbstractProblemLoader Loading environment from /home/runner/work/key/key/key.core/../key.ui/examples/firstTouch/05-ReverseArray/reverseArray.key 
566        DEBUG main            d.u.i.k.p.i.AbstractProblemLoader Environment load took 1.89ms 
785        INFO  main            d.u.i.k.p.i.AbstractProblemLoader Creating init config 
1928       DEBUG main            d.u.i.k.j.TypeConverter   No LDT found for Meta 
1928       DEBUG main            d.u.i.k.j.TypeConverter   No LDT found for Meta 
1931       DEBUG main            d.u.i.k.j.TypeConverter   No LDT found for Meta 
1931       DEBUG main            d.u.i.k.j.TypeConverter   No LDT found for Meta 
3129       DEBUG main            d.u.i.k.j.TypeConverter   No LDT found for JavaBigintExpression 
8075       DEBUG main            d.u.i.k.p.i.AbstractProblemLoader Init config took 7.29s 
8269       INFO  main            d.u.i.k.p.i.AbstractProblemLoader Replaying proof ReverseArray[ReverseArray::reverse()].JML normal_behavior operation contract.0 
8333       DEBUG main            d.u.i.k.p.i.IntermediateProofReplayer Proof replay took 34.2ns 
18866      INFO  main            d.u.i.k.p.r.p.TestFile    ... finished proof: closed. 
19131      INFO  main            d.u.i.k.p.i.AbstractProblemLoader Loading environment from /home/runner/work/key/key/key.core/../key.ui/examples/firstTouch/05-ReverseArray/reverseArray.key.proof 
19132      DEBUG main            d.u.i.k.p.i.AbstractProblemLoader Environment load took 419.4ns 
19139      INFO  main            d.u.i.k.p.i.AbstractProblemLoader Creating init config 
21840      DEBUG main            d.u.i.k.p.i.AbstractProblemLoader Init config took 2.7s 
21896      INFO  main            d.u.i.k.p.i.AbstractProblemLoader Replaying proof ReverseArray[ReverseArray::reverse()].JML normal_behavior operation contract.0 
22399      DEBUG main            d.u.i.k.p.i.IntermediateProofReplayer Proof replay took 447.87ms 
22409      DEBUG main            d.u.i.k.p.r.p.TestFile    ... success: reloaded. 
22411      INFO  main            d.u.i.k.p.r.p.TestFile    Now processing file /home/runner/work/key/key/key.core/../key.ui/examples/standard_key/arith/saveProofTest.key.proof 
22412      INFO  main            d.u.i.k.p.i.AbstractProblemLoader Loading environment from /home/runner/work/key/key/key.core/../key.ui/examples/standard_key/arith/saveProofTest.key.proof 
22412      DEBUG main            d.u.i.k.p.i.AbstractProblemLoader Environment load took 214.3ns 
22414      INFO  main            d.u.i.k.p.i.AbstractProblemLoader Creating init config 
24859      DEBUG main            d.u.i.k.p.i.AbstractProblemLoader Init config took 2.45s 
24886      INFO  main            d.u.i.k.p.i.AbstractProblemLoader Replaying proof saveProofTest.key.proof 
24893      DEBUG main            d.u.i.k.p.i.IntermediateProofReplayer Proof replay took 2.47ms 
24893      INFO  main            d.u.i.k.p.r.p.TestFile    ... success: loaded 
24895      INFO  main            d.u.i.k.p.r.p.TestFile    Now processing file /home/runner/work/key/key/key.core/../key.ui/examples/heap/permutedSum/perm.proof 
24895      INFO  main            d.u.i.k.p.i.AbstractProblemLoader Loading environment from /home/runner/work/key/key/key.core/../key.ui/examples/heap/permutedSum/perm.proof 
24895      DEBUG main            d.u.i.k.p.i.AbstractProblemLoader Environment load took 207.8ns 
24898      INFO  main            d.u.i.k.p.i.AbstractProblemLoader Creating init config 
27461      DEBUG main            d.u.i.k.p.i.AbstractProblemLoader Init config took 2.56s 
27535      INFO  main            d.u.i.k.p.i.AbstractProblemLoader Replaying proof Perm[Perm::foo()].JML normal_behavior operation contract.0 
28309      DEBUG main            d.u.i.k.p.i.IntermediateProofReplayer Proof replay took 728.6ms 
28312      INFO  main            d.u.i.k.p.r.p.TestFile    ... success: loaded 
28313      INFO  main            d.u.i.k.p.r.p.TestFile    Now processing file /home/runner/work/key/key/key.core/../key.ui/examples/firstTouch/05-ReverseArray/reverseArray.proof 
28314      INFO  main            d.u.i.k.p.i.AbstractProblemLoader Loading environment from /home/runner/work/key/key/key.core/../key.ui/examples/firstTouch/05-ReverseArray/reverseArray.proof 
28314      DEBUG main            d.u.i.k.p.i.AbstractProblemLoader Environment load took 208.6ns 
28317      INFO  main            d.u.i.k.p.i.AbstractProblemLoader Creating init config 
30775      DEBUG main            d.u.i.k.p.i.AbstractProblemLoader Init config took 2.46s 
30814      INFO  main            d.u.i.k.p.i.AbstractProblemLoader Replaying proof ReverseArray[ReverseArray::reverse()].JML normal_behavior operation contract.0 
31259      DEBUG main            d.u.i.k.p.i.IntermediateProofReplayer Proof replay took 409.98ms 
31262      INFO  main            d.u.i.k.p.r.p.TestFile    ... success: loaded 
31264      INFO  main            d.u.i.k.p.r.p.TestFile    Now processing file /home/runner/work/key/key/key.core/../key.ui/examples/heap/verifyThis15_1_RelaxedPrefix/relax.proof 
31264      INFO  main            d.u.i.k.p.i.AbstractProblemLoader Loading environment from /home/runner/work/key/key/key.core/../key.ui/examples/heap/verifyThis15_1_RelaxedPrefix/relax.proof 
31264      DEBUG main            d.u.i.k.p.i.AbstractProblemLoader Environment load took 187.1ns 
31266      INFO  main            d.u.i.k.p.i.AbstractProblemLoader Creating init config 
33721      DEBUG main            d.u.i.k.p.i.AbstractProblemLoader Init config took 2.45s 
33766      INFO  main            d.u.i.k.p.i.AbstractProblemLoader Replaying proof Relaxed[Relaxed::isRelaxedPrefix([I,[I)].JML operation contract.0 
34154      DEBUG main            d.u.i.k.p.i.IntermediateProofReplayer Proof replay took 370.67ms 
34156      INFO  main            d.u.i.k.p.r.p.TestFile    ... success: loaded 
34157      INFO  main            d.u.i.k.p.r.p.TestFile    Now processing file /home/runner/work/key/key/key.core/../key.ui/examples/heap/verifyThis15_3_DLL/doUndo.proof 
34158      INFO  main            d.u.i.k.p.i.AbstractProblemLoader Loading environment from /home/runner/work/key/key/key.core/../key.ui/examples/heap/verifyThis15_3_DLL/doUndo.proof 
34158      DEBUG main            d.u.i.k.p.i.AbstractProblemLoader Environment load took 202.3ns 
34160      INFO  main            d.u.i.k.p.i.AbstractProblemLoader Creating init config 
35049      DEBUG main            d.u.i.k.j.r.ClassPreparationMethodBuilder clPrepBuilder: Inner Class detected. Reject building class initialisation methods. 
36888      DEBUG main            d.u.i.k.p.i.AbstractProblemLoader Init config took 2.73s 
36988      INFO  main            d.u.i.k.p.i.AbstractProblemLoader Replaying proof DoubleLinkedList[DoubleLinkedList::doUndo(DoubleLinkedList.Node,int)].JML normal_behavior operation contract.0 
37416      DEBUG main            d.u.i.k.p.i.IntermediateProofReplayer Proof replay took 399.55ms 
37418      INFO  main            d.u.i.k.p.r.p.TestFile    ... success: loaded 
37420      INFO  main            d.u.i.k.p.r.p.TestFile    Now processing file /home/runner/work/key/key/key.core/../key.ui/examples/heap/verifyThis15_2_ParallelGcd/parallelGcd.proof 
37420      INFO  main            d.u.i.k.p.i.AbstractProblemLoader Loading environment from /home/runner/work/key/key/key.core/../key.ui/examples/heap/verifyThis15_2_ParallelGcd/parallelGcd.proof 
37421      DEBUG main            d.u.i.k.p.i.AbstractProblemLoader Environment load took 195.3ns 
37422      INFO  main            d.u.i.k.p.i.AbstractProblemLoader Creating init config 
40004      DEBUG main            d.u.i.k.p.i.AbstractProblemLoader Init config took 2.58s 
40055      INFO  main            d.u.i.k.p.i.AbstractProblemLoader Replaying proof ParallelGcd[ParallelGcd::parallelGcd(int,int,[Z)].JML behavior operation contract.0 
40516      DEBUG main            d.u.i.k.p.i.IntermediateProofReplayer Proof replay took 447.61ms 
40518      INFO  main            d.u.i.k.p.r.p.TestFile    ... success: loaded 
5100647    INFO  Test worker     d.u.i.k.p.r.RunAllProofsTestUnit Returning from test reload_examples 
5100649    INFO  Test worker     d.u.i.k.p.r.RunAllProofsTestUnit Running test proofLoadRepair 
335        INFO  Timeout watchdog d.u.i.k.p.r.p.ForkedTestFileRunner Timeout watcher launched (2000 secs.) 
354        WARN  main            d.u.i.k.s.ProofSettings   The settings in /home/runner/.key/proof-settings.props are *not* read. 
405        INFO  main            d.u.i.k.p.r.p.TestFile    Now processing file /home/runner/work/key/key/key.core/../key.ui/examples/proofLoadRepair/disjConj-manipulated.proof 
559        INFO  main            d.u.i.k.p.i.AbstractProblemLoader Loading environment from /home/runner/work/key/key/key.core/../key.ui/examples/proofLoadRepair/disjConj-manipulated.proof 
575        DEBUG main            d.u.i.k.p.i.AbstractProblemLoader Environment load took 1.97ms 
837        INFO  main            d.u.i.k.p.i.AbstractProblemLoader Creating init config 
1729       DEBUG main            d.u.i.k.j.TypeConverter   No LDT found for Meta 
1730       DEBUG main            d.u.i.k.j.TypeConverter   No LDT found for Meta 
1731       DEBUG main            d.u.i.k.j.TypeConverter   No LDT found for Meta 
1731       DEBUG main            d.u.i.k.j.TypeConverter   No LDT found for Meta 
3249       DEBUG main            d.u.i.k.j.TypeConverter   No LDT found for JavaBigintExpression 
8520       DEBUG main            d.u.i.k.p.i.AbstractProblemLoader Init config took 7.68s 
8589       INFO  main            d.u.i.k.p.i.AbstractProblemLoader Replaying proof disjConj-manipulated.proof 
8637       WARN  main            d.u.i.k.p.i.IntermediateProofReplayer Proof contains wrong number of \assumes instatiations for andLeft 
8639       WARN  main            d.u.i.k.p.i.IntermediateProofReplayer Proof contains wrong number of \assumes instatiations for replace_known_right 
8642       WARN  main            d.u.i.k.p.i.IntermediateProofReplayer Proof contains wrong number of \assumes instatiations for close 
8644       DEBUG main            d.u.i.k.p.i.IntermediateProofReplayer Proof replay took 14.38ms 
8649       INFO  main            d.u.i.k.p.r.p.TestFile    ... success: loaded 
8657       INFO  main            d.u.i.k.p.r.p.TestFile    Now processing file /home/runner/work/key/key/key.core/../key.ui/examples/proofLoadRepair/insufficient-manipulated.proof 
8657       INFO  main            d.u.i.k.p.i.AbstractProblemLoader Loading environment from /home/runner/work/key/key/key.core/../key.ui/examples/proofLoadRepair/insufficient-manipulated.proof 
8658       DEBUG main            d.u.i.k.p.i.AbstractProblemLoader Environment load took 141.9ns 
8663       INFO  main            d.u.i.k.p.i.AbstractProblemLoader Creating init config 
11629      DEBUG main            d.u.i.k.p.i.AbstractProblemLoader Init config took 2.97s 
11659      INFO  main            d.u.i.k.p.i.AbstractProblemLoader Replaying proof insufficient-manipulated.proof 
11680      WARN  main            d.u.i.k.p.i.IntermediateProofReplayer Proof contains wrong number of \assumes instatiations for applyEq 
11694      DEBUG main            d.u.i.k.p.i.IntermediateProofReplayer Proof replay took 15.53ms 
11697      INFO  main            d.u.i.k.p.r.p.TestFile    ... success: loading failed 
11698      INFO  main            d.u.i.k.p.r.p.TestFile    Now processing file /home/runner/work/key/key/key.core/../key.ui/examples/../../key.core/src/test/resources/testcase/issues/1716/incorrectPolarity.proof 
11698      INFO  main            d.u.i.k.p.i.AbstractProblemLoader Loading environment from /home/runner/work/key/key/key.core/../key.ui/examples/../../key.core/src/test/resources/testcase/issues/1716/incorrectPolarity.proof 
11699      DEBUG main            d.u.i.k.p.i.AbstractProblemLoader Environment load took 123ns 
11702      INFO  main            d.u.i.k.p.i.AbstractProblemLoader Creating init config 
14656      DEBUG main            d.u.i.k.p.i.AbstractProblemLoader Init config took 2.95s 
14685      INFO  main            d.u.i.k.p.i.AbstractProblemLoader Replaying proof incorrectPolarity.proof 
14687      DEBUG main            d.u.i.k.p.i.IntermediateProofReplayer Proof replay took 274.5ns 
14688      INFO  main            d.u.i.k.p.r.p.TestFile    ... success: loading failed 
14689      INFO  main            d.u.i.k.p.r.p.TestFile    Now processing file /home/runner/work/key/key/key.core/../key.ui/examples/../../key.core/src/test/resources/testcase/issues/1716/incorrectPolarity2.proof 
14689      INFO  main            d.u.i.k.p.i.AbstractProblemLoader Loading environment from /home/runner/work/key/key/key.core/../key.ui/examples/../../key.core/src/test/resources/testcase/issues/1716/incorrectPolarity2.proof 
14689      DEBUG main            d.u.i.k.p.i.AbstractProblemLoader Environment load took 229.9ns 
14690      INFO  main            d.u.i.k.p.i.AbstractProblemLoader Creating init config 
17329      DEBUG main            d.u.i.k.p.i.AbstractProblemLoader Init config took 2.64s 
17352      INFO  main            d.u.i.k.p.i.AbstractProblemLoader Replaying proof incorrectPolarity2.proof 
17355      DEBUG main            d.u.i.k.p.i.IntermediateProofReplayer Proof replay took 402.6ns 
17356      INFO  main            d.u.i.k.p.r.p.TestFile    ... success: loading failed 
17357      INFO  main            d.u.i.k.p.r.p.TestFile    Now processing file /home/runner/work/key/key/key.core/../key.ui/examples/../../key.core/src/test/resources/testcase/issues/1716/incorrectPolarity3.proof 
17357      INFO  main            d.u.i.k.p.i.AbstractProblemLoader Loading environment from /home/runner/work/key/key/key.core/../key.ui/examples/../../key.core/src/test/resources/testcase/issues/1716/incorrectPolarity3.proof 
17357      DEBUG main            d.u.i.k.p.i.AbstractProblemLoader Environment load took 185.9ns 
17359      INFO  main            d.u.i.k.p.i.AbstractProblemLoader Creating init config 
19936      DEBUG main            d.u.i.k.p.i.AbstractProblemLoader Init config took 2.58s 
19957      INFO  main            d.u.i.k.p.i.AbstractProblemLoader Replaying proof incorrectPolarity3.proof 
19960      DEBUG main            d.u.i.k.p.i.IntermediateProofReplayer Proof replay took 1.07ms 
19961      INFO  main            d.u.i.k.p.r.p.TestFile    ... success: loading failed 
5120797    INFO  Test worker     d.u.i.k.p.r.RunAllProofsTestUnit Returning from test proofLoadRepair 
5120798    INFO  Test worker     d.u.i.k.p.r.RunAllProofsTestUnit Running test switch 
337        INFO  Timeout watchdog d.u.i.k.p.r.p.ForkedTestFileRunner Timeout watcher launched (2000 secs.) 
348        WARN  main            d.u.i.k.s.ProofSettings   The settings in /home/runner/.key/proof-settings.props are *not* read. 
381        INFO  main            d.u.i.k.p.r.p.TestFile    Now processing file /home/runner/work/key/key/key.core/../key.ui/examples/standard_key/java_dl/switch/labeled_case.key 
512        INFO  main            d.u.i.k.p.i.AbstractProblemLoader Loading environment from /home/runner/work/key/key/key.core/../key.ui/examples/standard_key/java_dl/switch/labeled_case.key 
540        DEBUG main            d.u.i.k.p.i.AbstractProblemLoader Environment load took 1.85ms 
779        INFO  main            d.u.i.k.p.i.AbstractProblemLoader Creating init config 
1721       DEBUG main            d.u.i.k.j.TypeConverter   No LDT found for Meta 
1722       DEBUG main            d.u.i.k.j.TypeConverter   No LDT found for Meta 
1723       DEBUG main            d.u.i.k.j.TypeConverter   No LDT found for Meta 
1724       DEBUG main            d.u.i.k.j.TypeConverter   No LDT found for Meta 
3016       DEBUG main            d.u.i.k.j.TypeConverter   No LDT found for JavaBigintExpression 
8043       DEBUG main            d.u.i.k.p.i.AbstractProblemLoader Init config took 7.26s 
8174       INFO  main            d.u.i.k.p.i.AbstractProblemLoader Replaying proof LabeledCase[LabeledCase::m(int)].JML normal_behavior operation contract.0 
8207       DEBUG main            d.u.i.k.p.i.IntermediateProofReplayer Proof replay took 35.9ns 
8837       INFO  main            d.u.i.k.p.r.p.TestFile    ... finished proof: closed. 
8958       INFO  main            d.u.i.k.p.i.AbstractProblemLoader Loading environment from /home/runner/work/key/key/key.core/../key.ui/examples/standard_key/java_dl/switch/labeled_case.key.proof 
8958       DEBUG main            d.u.i.k.p.i.AbstractProblemLoader Environment load took 391.8ns 
8961       INFO  main            d.u.i.k.p.i.AbstractProblemLoader Creating init config 
11865      DEBUG main            d.u.i.k.p.i.AbstractProblemLoader Init config took 2.9s 
11938      INFO  main            d.u.i.k.p.i.AbstractProblemLoader Replaying proof LabeledCase[LabeledCase::m(int)].JML normal_behavior operation contract.0 
12002      DEBUG main            d.u.i.k.p.i.IntermediateProofReplayer Proof replay took 59.1ms 
12011      DEBUG main            d.u.i.k.p.r.p.TestFile    ... success: reloaded. 
12012      INFO  main            d.u.i.k.p.r.p.TestFile    Now processing file /home/runner/work/key/key/key.core/../key.ui/examples/standard_key/java_dl/switch/empty_switch.key 
12013      INFO  main            d.u.i.k.p.i.AbstractProblemLoader Loading environment from /home/runner/work/key/key/key.core/../key.ui/examples/standard_key/java_dl/switch/empty_switch.key 
12013      DEBUG main            d.u.i.k.p.i.AbstractProblemLoader Environment load took 214.4ns 
12015      INFO  main            d.u.i.k.p.i.AbstractProblemLoader Creating init config 
14742      DEBUG main            d.u.i.k.p.i.AbstractProblemLoader Init config took 2.73s 
14771      INFO  main            d.u.i.k.p.i.AbstractProblemLoader Replaying proof empty_switch.key 
14774      DEBUG main            d.u.i.k.p.i.IntermediateProofReplayer Proof replay took 6.8ns 
14880      INFO  main            d.u.i.k.p.r.p.TestFile    ... finished proof: closed. 
15003      INFO  main            d.u.i.k.p.i.AbstractProblemLoader Loading environment from /home/runner/work/key/key/key.core/../key.ui/examples/standard_key/java_dl/switch/empty_switch.key.proof 
15003      DEBUG main            d.u.i.k.p.i.AbstractProblemLoader Environment load took 143ns 
15005      INFO  main            d.u.i.k.p.i.AbstractProblemLoader Creating init config 
17658      DEBUG main            d.u.i.k.p.i.AbstractProblemLoader Init config took 2.65s 
17683      INFO  main            d.u.i.k.p.i.AbstractProblemLoader Replaying proof empty_switch.key.proof 
17688      DEBUG main            d.u.i.k.p.i.IntermediateProofReplayer Proof replay took 1.86ms 
17689      DEBUG main            d.u.i.k.p.r.p.TestFile    ... success: reloaded. 
17690      INFO  main            d.u.i.k.p.r.p.TestFile    Now processing file /home/runner/work/key/key/key.core/../key.ui/examples/standard_key/java_dl/switch/empty_switch_null.key 
17690      INFO  main            d.u.i.k.p.i.AbstractProblemLoader Loading environment from /home/runner/work/key/key/key.core/../key.ui/examples/standard_key/java_dl/switch/empty_switch_null.key 
17690      DEBUG main            d.u.i.k.p.i.AbstractProblemLoader Environment load took 222.1ns 
17692      INFO  main            d.u.i.k.p.i.AbstractProblemLoader Creating init config 
20284      DEBUG main            d.u.i.k.p.i.AbstractProblemLoader Init config took 2.59s 
20305      INFO  main            d.u.i.k.p.i.AbstractProblemLoader Replaying proof empty_switch_null.key 
20308      DEBUG main            d.u.i.k.p.i.IntermediateProofReplayer Proof replay took 6.1ns 
20511      INFO  main            d.u.i.k.p.r.p.TestFile    ... finished proof: closed. 
20648      INFO  main            d.u.i.k.p.i.AbstractProblemLoader Loading environment from /home/runner/work/key/key/key.core/../key.ui/examples/standard_key/java_dl/switch/empty_switch_null.key.proof 
20649      DEBUG main            d.u.i.k.p.i.AbstractProblemLoader Environment load took 351.9ns 
20650      INFO  main            d.u.i.k.p.i.AbstractProblemLoader Creating init config 
23259      DEBUG main            d.u.i.k.p.i.AbstractProblemLoader Init config took 2.61s 
23282      INFO  main            d.u.i.k.p.i.AbstractProblemLoader Replaying proof empty_switch_null.key.proof 
23324      DEBUG main            d.u.i.k.p.i.IntermediateProofReplayer Proof replay took 37.58ms 
23326      DEBUG main            d.u.i.k.p.r.p.TestFile    ... success: reloaded. 
23327      INFO  main            d.u.i.k.p.r.p.TestFile    Now processing file /home/runner/work/key/key/key.core/../key.ui/examples/standard_key/java_dl/switch/empty_switch_null_catch.key 
23327      INFO  main            d.u.i.k.p.i.AbstractProblemLoader Loading environment from /home/runner/work/key/key/key.core/../key.ui/examples/standard_key/java_dl/switch/empty_switch_null_catch.key 
23327      DEBUG main            d.u.i.k.p.i.AbstractProblemLoader Environment load took 129.9ns 
23330      INFO  main            d.u.i.k.p.i.AbstractProblemLoader Creating init config 
25913      DEBUG main            d.u.i.k.p.i.AbstractProblemLoader Init config took 2.58s 
25934      INFO  main            d.u.i.k.p.i.AbstractProblemLoader Replaying proof empty_switch_null_catch.key 
25936      DEBUG main            d.u.i.k.p.i.IntermediateProofReplayer Proof replay took 7.5ns 
26139      INFO  main            d.u.i.k.p.r.p.TestFile    ... finished proof: closed. 
26312      INFO  main            d.u.i.k.p.i.AbstractProblemLoader Loading environment from /home/runner/work/key/key/key.core/../key.ui/examples/standard_key/java_dl/switch/empty_switch_null_catch.key.proof 
26313      DEBUG main            d.u.i.k.p.i.AbstractProblemLoader Environment load took 1.32ms 
26314      INFO  main            d.u.i.k.p.i.AbstractProblemLoader Creating init config 
28846      DEBUG main            d.u.i.k.p.i.AbstractProblemLoader Init config took 2.53s 
28867      INFO  main            d.u.i.k.p.i.AbstractProblemLoader Replaying proof empty_switch_null_catch.key.proof 
28899      DEBUG main            d.u.i.k.p.i.IntermediateProofReplayer Proof replay took 28.84ms 
28900      DEBUG main            d.u.i.k.p.r.p.TestFile    ... success: reloaded. 
28901      INFO  main            d.u.i.k.p.r.p.TestFile    Now processing file /home/runner/work/key/key/key.core/../key.ui/examples/standard_key/java_dl/switch/empty_switch_array_out_of_bounds.key 
28901      INFO  main            d.u.i.k.p.i.AbstractProblemLoader Loading environment from /home/runner/work/key/key/key.core/../key.ui/examples/standard_key/java_dl/switch/empty_switch_array_out_of_bounds.key 
28901      DEBUG main            d.u.i.k.p.i.AbstractProblemLoader Environment load took 179ns 
28902      INFO  main            d.u.i.k.p.i.AbstractProblemLoader Creating init config 
31461      DEBUG main            d.u.i.k.p.i.AbstractProblemLoader Init config took 2.56s 
31481      INFO  main            d.u.i.k.p.i.AbstractProblemLoader Replaying proof empty_switch_array_out_of_bounds.key 
31484      DEBUG main            d.u.i.k.p.i.IntermediateProofReplayer Proof replay took 7.8ns 
31787      INFO  main            d.u.i.k.p.r.p.TestFile    ... finished proof: closed. 
31978      INFO  main            d.u.i.k.p.i.AbstractProblemLoader Loading environment from /home/runner/work/key/key/key.core/../key.ui/examples/standard_key/java_dl/switch/empty_switch_array_out_of_bounds.key.proof 
31978      DEBUG main            d.u.i.k.p.i.AbstractProblemLoader Environment load took 480.7ns 
31979      INFO  main            d.u.i.k.p.i.AbstractProblemLoader Creating init config 
34495      DEBUG main            d.u.i.k.p.i.AbstractProblemLoader Init config took 2.52s 
34515      INFO  main            d.u.i.k.p.i.AbstractProblemLoader Replaying proof empty_switch_array_out_of_bounds.key.proof 
34559      DEBUG main            d.u.i.k.p.i.IntermediateProofReplayer Proof replay took 41.56ms 
34560      DEBUG main            d.u.i.k.p.r.p.TestFile    ... success: reloaded. 
34561      INFO  main            d.u.i.k.p.r.p.TestFile    Now processing file /home/runner/work/key/key/key.core/../key.ui/examples/standard_key/java_dl/switch/empty_switch_array_out_of_bounds_catch.key 
34562      INFO  main            d.u.i.k.p.i.AbstractProblemLoader Loading environment from /home/runner/work/key/key/key.core/../key.ui/examples/standard_key/java_dl/switch/empty_switch_array_out_of_bounds_catch.key 
34562      DEBUG main            d.u.i.k.p.i.AbstractProblemLoader Environment load took 208.3ns 
34563      INFO  main            d.u.i.k.p.i.AbstractProblemLoader Creating init config 
37091      DEBUG main            d.u.i.k.p.i.AbstractProblemLoader Init config took 2.53s 
37111      INFO  main            d.u.i.k.p.i.AbstractProblemLoader Replaying proof empty_switch_array_out_of_bounds_catch.key 
37114      DEBUG main            d.u.i.k.p.i.IntermediateProofReplayer Proof replay took 9.7ns 
37320      INFO  main            d.u.i.k.p.r.p.TestFile    ... finished proof: closed. 
37579      INFO  main            d.u.i.k.p.i.AbstractProblemLoader Loading environment from /home/runner/work/key/key/key.core/../key.ui/examples/standard_key/java_dl/switch/empty_switch_array_out_of_bounds_catch.key.proof 
37579      DEBUG main            d.u.i.k.p.i.AbstractProblemLoader Environment load took 124.8ns 
37580      INFO  main            d.u.i.k.p.i.AbstractProblemLoader Creating init config 
40093      DEBUG main            d.u.i.k.p.i.AbstractProblemLoader Init config took 2.51s 
40113      INFO  main            d.u.i.k.p.i.AbstractProblemLoader Replaying proof empty_switch_array_out_of_bounds_catch.key.proof 
40148      DEBUG main            d.u.i.k.p.i.IntermediateProofReplayer Proof replay took 31.97ms 
40149      DEBUG main            d.u.i.k.p.r.p.TestFile    ... success: reloaded. 
40150      INFO  main            d.u.i.k.p.r.p.TestFile    Now processing file /home/runner/work/key/key/key.core/../key.ui/examples/standard_key/java_dl/switch/switch_in_switch.key 
40150      INFO  main            d.u.i.k.p.i.AbstractProblemLoader Loading environment from /home/runner/work/key/key/key.core/../key.ui/examples/standard_key/java_dl/switch/switch_in_switch.key 
40150      DEBUG main            d.u.i.k.p.i.AbstractProblemLoader Environment load took 191.4ns 
40151      INFO  main            d.u.i.k.p.i.AbstractProblemLoader Creating init config 
42798      DEBUG main            d.u.i.k.p.i.AbstractProblemLoader Init config took 2.65s 
42843      INFO  main            d.u.i.k.p.i.AbstractProblemLoader Replaying proof SwitchInSwitch[SwitchInSwitch::m(int)].JML normal_behavior operation contract.0 
42845      DEBUG main            d.u.i.k.p.i.IntermediateProofReplayer Proof replay took 6.9ns 
47515      INFO  main            d.u.i.k.p.r.p.TestFile    ... finished proof: closed. 
47761      INFO  main            d.u.i.k.p.i.AbstractProblemLoader Loading environment from /home/runner/work/key/key/key.core/../key.ui/examples/standard_key/java_dl/switch/switch_in_switch.key.proof 
47767      DEBUG main            d.u.i.k.p.i.AbstractProblemLoader Environment load took 5.79ms 
47769      INFO  main            d.u.i.k.p.i.AbstractProblemLoader Creating init config 
50308      DEBUG main            d.u.i.k.p.i.AbstractProblemLoader Init config took 2.54s 
50354      INFO  main            d.u.i.k.p.i.AbstractProblemLoader Replaying proof SwitchInSwitch[SwitchInSwitch::m(int)].JML normal_behavior operation contract.0 
50739      DEBUG main            d.u.i.k.p.i.IntermediateProofReplayer Proof replay took 348ms 
50741      DEBUG main            d.u.i.k.p.r.p.TestFile    ... success: reloaded. 
50743      INFO  main            d.u.i.k.p.r.p.TestFile    Now processing file /home/runner/work/key/key/key.core/../key.ui/examples/standard_key/java_dl/switch/while_and_switch.key 
50743      INFO  main            d.u.i.k.p.i.AbstractProblemLoader Loading environment from /home/runner/work/key/key/key.core/../key.ui/examples/standard_key/java_dl/switch/while_and_switch.key 
50744      DEBUG main            d.u.i.k.p.i.AbstractProblemLoader Environment load took 189ns 
50745      INFO  main            d.u.i.k.p.i.AbstractProblemLoader Creating init config 
53361      DEBUG main            d.u.i.k.p.i.AbstractProblemLoader Init config took 2.62s 
53403      INFO  main            d.u.i.k.p.i.AbstractProblemLoader Replaying proof WhileAndSwitch[WhileAndSwitch::m(int)].JML normal_behavior operation contract.0 
53406      DEBUG main            d.u.i.k.p.i.IntermediateProofReplayer Proof replay took 8.1ns 
54110      INFO  main            d.u.i.k.p.r.p.TestFile    ... finished proof: closed. 
54307      INFO  main            d.u.i.k.p.i.AbstractProblemLoader Loading environment from /home/runner/work/key/key/key.core/../key.ui/examples/standard_key/java_dl/switch/while_and_switch.key.proof 
54308      DEBUG main            d.u.i.k.p.i.AbstractProblemLoader Environment load took 1.02ms 
54309      INFO  main            d.u.i.k.p.i.AbstractProblemLoader Creating init config 
56889      DEBUG main            d.u.i.k.p.i.AbstractProblemLoader Init config took 2.58s 
56928      INFO  main            d.u.i.k.p.i.AbstractProblemLoader Replaying proof WhileAndSwitch[WhileAndSwitch::m(int)].JML normal_behavior operation contract.0 
57030      DEBUG main            d.u.i.k.p.i.IntermediateProofReplayer Proof replay took 96.07ms 
57031      DEBUG main            d.u.i.k.p.r.p.TestFile    ... success: reloaded. 
57033      INFO  main            d.u.i.k.p.r.p.TestFile    Now processing file /home/runner/work/key/key/key.core/../key.ui/examples/standard_key/java_dl/switch/large_switch.key 
57033      INFO  main            d.u.i.k.p.i.AbstractProblemLoader Loading environment from /home/runner/work/key/key/key.core/../key.ui/examples/standard_key/java_dl/switch/large_switch.key 
57033      DEBUG main            d.u.i.k.p.i.AbstractProblemLoader Environment load took 194.4ns 
57034      INFO  main            d.u.i.k.p.i.AbstractProblemLoader Creating init config 
59657      DEBUG main            d.u.i.k.p.i.AbstractProblemLoader Init config took 2.62s 
59694      INFO  main            d.u.i.k.p.i.AbstractProblemLoader Replaying proof LargeSwitch[LargeSwitch::m(int)].JML normal_behavior operation contract.0 
59695      DEBUG main            d.u.i.k.p.i.IntermediateProofReplayer Proof replay took 6.8ns 
61003      INFO  main            d.u.i.k.p.r.p.TestFile    ... finished proof: closed. 
61244      INFO  main            d.u.i.k.p.i.AbstractProblemLoader Loading environment from /home/runner/work/key/key/key.core/../key.ui/examples/standard_key/java_dl/switch/large_switch.key.proof 
61244      DEBUG main            d.u.i.k.p.i.AbstractProblemLoader Environment load took 381.6ns 
61246      INFO  main            d.u.i.k.p.i.AbstractProblemLoader Creating init config 
63784      DEBUG main            d.u.i.k.p.i.AbstractProblemLoader Init config took 2.54s 
63821      INFO  main            d.u.i.k.p.i.AbstractProblemLoader Replaying proof LargeSwitch[LargeSwitch::m(int)].JML normal_behavior operation contract.0 
64098      DEBUG main            d.u.i.k.p.i.IntermediateProofReplayer Proof replay took 262.25ms 
64100      DEBUG main            d.u.i.k.p.r.p.TestFile    ... success: reloaded. 
5185080    INFO  Test worker     d.u.i.k.p.r.RunAllProofsTestUnit Returning from test switch 
5185082    INFO  Test worker     d.u.i.k.p.r.RunAllProofsTestUnit Running test redux 
362        INFO  Timeout watchdog d.u.i.k.p.r.p.ForkedTestFileRunner Timeout watcher launched (2000 secs.) 
387        WARN  main            d.u.i.k.s.ProofSettings   The settings in /home/runner/.key/proof-settings.props are *not* read. 
433        INFO  main            d.u.i.k.p.r.p.TestFile    Now processing file /home/runner/work/key/key/key.core/../key.ui/examples/redux/arrays/Arrays.copyOf.key 
558        INFO  main            d.u.i.k.p.i.AbstractProblemLoader Loading environment from /home/runner/work/key/key/key.core/../key.ui/examples/redux/arrays/Arrays.copyOf.key 
574        DEBUG main            d.u.i.k.p.i.AbstractProblemLoader Environment load took 2.11ms 
803        INFO  main            d.u.i.k.p.i.AbstractProblemLoader Creating init config 
1601       DEBUG main            d.u.i.k.j.TypeConverter   No LDT found for Meta 
1602       DEBUG main            d.u.i.k.j.TypeConverter   No LDT found for Meta 
1603       DEBUG main            d.u.i.k.j.TypeConverter   No LDT found for Meta 
1604       DEBUG main            d.u.i.k.j.TypeConverter   No LDT found for Meta 
2986       DEBUG main            d.u.i.k.j.TypeConverter   No LDT found for JavaBigintExpression 
9071       DEBUG main            d.u.i.k.p.i.AbstractProblemLoader Init config took 8.27s 
9259       INFO  main            d.u.i.k.p.i.AbstractProblemLoader Replaying proof Arrays[Arrays::copyOf([I,int)].JML normal_behavior operation contract.0 
9296       DEBUG main            d.u.i.k.p.i.IntermediateProofReplayer Proof replay took 37.3ns 
14275      INFO  main            d.u.i.k.p.r.p.TestFile    ... finished proof: closed. 
14510      INFO  main            d.u.i.k.p.i.AbstractProblemLoader Loading environment from /home/runner/work/key/key/key.core/../key.ui/examples/redux/arrays/Arrays.copyOf.key.proof 
14511      DEBUG main            d.u.i.k.p.i.AbstractProblemLoader Environment load took 418.8ns 
14513      INFO  main            d.u.i.k.p.i.AbstractProblemLoader Creating init config 
17963      DEBUG main            d.u.i.k.p.i.AbstractProblemLoader Init config took 3.45s 
18026      INFO  main            d.u.i.k.p.i.AbstractProblemLoader Replaying proof Arrays[Arrays::copyOf([I,int)].JML normal_behavior operation contract.0 
18430      DEBUG main            d.u.i.k.p.i.IntermediateProofReplayer Proof replay took 384.78ms 
18437      DEBUG main            d.u.i.k.p.r.p.TestFile    ... success: reloaded. 
18439      INFO  main            d.u.i.k.p.r.p.TestFile    Now processing file /home/runner/work/key/key/key.core/../key.ui/examples/redux/arrays/Arrays.copyOf.float.key 
18439      INFO  main            d.u.i.k.p.i.AbstractProblemLoader Loading environment from /home/runner/work/key/key/key.core/../key.ui/examples/redux/arrays/Arrays.copyOf.float.key 
18439      DEBUG main            d.u.i.k.p.i.AbstractProblemLoader Environment load took 196.5ns 
18441      INFO  main            d.u.i.k.p.i.AbstractProblemLoader Creating init config 
21754      DEBUG main            d.u.i.k.p.i.AbstractProblemLoader Init config took 3.31s 
21812      INFO  main            d.u.i.k.p.i.AbstractProblemLoader Replaying proof Arrays[Arrays::copyOf([F,int)].JML normal_behavior operation contract.0 
21815      DEBUG main            d.u.i.k.p.i.IntermediateProofReplayer Proof replay took 7.6ns 
21854      DEBUG main            d.u.i.k.m.s.ProofScriptEngine 1: 'macro autopilot' on goal 0 (script from line 6) 
26552      DEBUG main            d.u.i.k.m.s.ProofScriptEngine 2: 'smt solver=Z3' on goal 17 (script from line 7) 
26632      INFO  main            d.u.i.k.m.s.SMTCommand    Finished run on goal 17 in 58ms, result is valid 
26633      DEBUG main            d.u.i.k.m.s.ProofScriptEngine 3: 'tryclose' on goal 309 (script from line 8) 
28413      INFO  main            d.u.i.k.p.r.p.TestFile    ... finished proof: closed. 
28598      INFO  main            d.u.i.k.p.i.AbstractProblemLoader Loading environment from /home/runner/work/key/key/key.core/../key.ui/examples/redux/arrays/Arrays.copyOf.float.key.proof 
28599      DEBUG main            d.u.i.k.p.i.AbstractProblemLoader Environment load took 388.4ns 
28604      INFO  main            d.u.i.k.p.i.AbstractProblemLoader Creating init config 
31822      DEBUG main            d.u.i.k.p.i.AbstractProblemLoader Init config took 3.22s 
31875      INFO  main            d.u.i.k.p.i.AbstractProblemLoader Replaying proof Arrays[Arrays::copyOf([F,int)].JML normal_behavior operation contract.0 
31947      INFO  main            d.u.i.k.s.SMTFocusResults Analyzing unsat core: (L_6) 
32419      DEBUG main            d.u.i.k.p.i.IntermediateProofReplayer Proof replay took 524.05ms 
32421      DEBUG main            d.u.i.k.p.r.p.TestFile    ... success: reloaded. 
32422      INFO  main            d.u.i.k.p.r.p.TestFile    Now processing file /home/runner/work/key/key/key.core/../key.ui/examples/redux/arrays/Arrays.copyOfRange.key 
32422      INFO  main            d.u.i.k.p.i.AbstractProblemLoader Loading environment from /home/runner/work/key/key/key.core/../key.ui/examples/redux/arrays/Arrays.copyOfRange.key 
32423      DEBUG main            d.u.i.k.p.i.AbstractProblemLoader Environment load took 205.3ns 
32424      INFO  main            d.u.i.k.p.i.AbstractProblemLoader Creating init config 
35748      DEBUG main            d.u.i.k.p.i.AbstractProblemLoader Init config took 3.32s 
35795      INFO  main            d.u.i.k.p.i.AbstractProblemLoader Replaying proof Arrays[Arrays::copyOfRange([I,int,int)].JML normal_behavior operation contract.0 
35797      DEBUG main            d.u.i.k.p.i.IntermediateProofReplayer Proof replay took 7.2ns 
40526      INFO  main            d.u.i.k.p.r.p.TestFile    ... finished proof: closed. 
40756      INFO  main            d.u.i.k.p.i.AbstractProblemLoader Loading environment from /home/runner/work/key/key/key.core/../key.ui/examples/redux/arrays/Arrays.copyOfRange.key.proof 
40757      DEBUG main            d.u.i.k.p.i.AbstractProblemLoader Environment load took 388.2ns 
40758      INFO  main            d.u.i.k.p.i.AbstractProblemLoader Creating init config 
43932      DEBUG main            d.u.i.k.p.i.AbstractProblemLoader Init config took 3.17s 
43987      INFO  main            d.u.i.k.p.i.AbstractProblemLoader Replaying proof Arrays[Arrays::copyOfRange([I,int,int)].JML normal_behavior operation contract.0 
44358      DEBUG main            d.u.i.k.p.i.IntermediateProofReplayer Proof replay took 351.19ms 
44359      DEBUG main            d.u.i.k.p.r.p.TestFile    ... success: reloaded. 
44360      INFO  main            d.u.i.k.p.r.p.TestFile    Now processing file /home/runner/work/key/key/key.core/../key.ui/examples/redux/arrays/Arrays.copyOfRange.float.key 
44361      INFO  main            d.u.i.k.p.i.AbstractProblemLoader Loading environment from /home/runner/work/key/key/key.core/../key.ui/examples/redux/arrays/Arrays.copyOfRange.float.key 
44361      DEBUG main            d.u.i.k.p.i.AbstractProblemLoader Environment load took 219.6ns 
44362      INFO  main            d.u.i.k.p.i.AbstractProblemLoader Creating init config 
47606      DEBUG main            d.u.i.k.p.i.AbstractProblemLoader Init config took 3.24s 
47653      INFO  main            d.u.i.k.p.i.AbstractProblemLoader Replaying proof Arrays[Arrays::copyOfRange([F,int,int)].JML normal_behavior operation contract.0 
47654      DEBUG main            d.u.i.k.p.i.IntermediateProofReplayer Proof replay took 6.6ns 
47657      DEBUG main            d.u.i.k.m.s.ProofScriptEngine 1: 'macro autopilot' on goal 0 (script from line 6) 
53833      DEBUG main            d.u.i.k.m.s.ProofScriptEngine 2: 'smt solver=Z3' on goal 27 (script from line 7) 
53874      INFO  main            d.u.i.k.m.s.SMTCommand    Finished run on goal 27 in 37ms, result is valid 
53874      DEBUG main            d.u.i.k.m.s.ProofScriptEngine 3: 'tryclose' on goal 375 (script from line 8) 
57312      INFO  main            d.u.i.k.p.r.p.TestFile    ... finished proof: closed. 
57524      INFO  main            d.u.i.k.p.i.AbstractProblemLoader Loading environment from /home/runner/work/key/key/key.core/../key.ui/examples/redux/arrays/Arrays.copyOfRange.float.key.proof 
57525      DEBUG main            d.u.i.k.p.i.AbstractProblemLoader Environment load took 377.3ns 
57527      INFO  main            d.u.i.k.p.i.AbstractProblemLoader Creating init config 
60740      DEBUG main            d.u.i.k.p.i.AbstractProblemLoader Init config took 3.21s 
60784      INFO  main            d.u.i.k.p.i.AbstractProblemLoader Replaying proof Arrays[Arrays::copyOfRange([F,int,int)].JML normal_behavior operation contract.0 
60856      INFO  main            d.u.i.k.s.SMTFocusResults Analyzing unsat core: (L_8) 
61487      DEBUG main            d.u.i.k.p.i.IntermediateProofReplayer Proof replay took 678.13ms 
61489      DEBUG main            d.u.i.k.p.r.p.TestFile    ... success: reloaded. 
61490      INFO  main            d.u.i.k.p.r.p.TestFile    Now processing file /home/runner/work/key/key/key.core/../key.ui/examples/redux/arrays/Arrays.equals.key 
61490      INFO  main            d.u.i.k.p.i.AbstractProblemLoader Loading environment from /home/runner/work/key/key/key.core/../key.ui/examples/redux/arrays/Arrays.equals.key 
61490      DEBUG main            d.u.i.k.p.i.AbstractProblemLoader Environment load took 87.7ns 
61491      INFO  main            d.u.i.k.p.i.AbstractProblemLoader Creating init config 
64766      DEBUG main            d.u.i.k.p.i.AbstractProblemLoader Init config took 3.28s 
64808      INFO  main            d.u.i.k.p.i.AbstractProblemLoader Replaying proof Arrays[Arrays::equals([B,[B)].JML normal_behavior operation contract.0 
64809      DEBUG main            d.u.i.k.p.i.IntermediateProofReplayer Proof replay took 6.8ns 
65415      INFO  main            d.u.i.k.p.r.p.TestFile    ... finished proof: closed. 
65641      INFO  main            d.u.i.k.p.i.AbstractProblemLoader Loading environment from /home/runner/work/key/key/key.core/../key.ui/examples/redux/arrays/Arrays.equals.key.proof 
65641      DEBUG main            d.u.i.k.p.i.AbstractProblemLoader Environment load took 377.4ns 
65642      INFO  main            d.u.i.k.p.i.AbstractProblemLoader Creating init config 
68823      DEBUG main            d.u.i.k.p.i.AbstractProblemLoader Init config took 3.18s 
68865      INFO  main            d.u.i.k.p.i.AbstractProblemLoader Replaying proof Arrays[Arrays::equals([B,[B)].JML normal_behavior operation contract.0 
68992      DEBUG main            d.u.i.k.p.i.IntermediateProofReplayer Proof replay took 122.96ms 
68993      DEBUG main            d.u.i.k.p.r.p.TestFile    ... success: reloaded. 
68994      INFO  main            d.u.i.k.p.r.p.TestFile    Now processing file /home/runner/work/key/key/key.core/../key.ui/examples/redux/arrays/Arrays.fill.key 
68995      INFO  main            d.u.i.k.p.i.AbstractProblemLoader Loading environment from /home/runner/work/key/key/key.core/../key.ui/examples/redux/arrays/Arrays.fill.key 
68995      DEBUG main            d.u.i.k.p.i.AbstractProblemLoader Environment load took 182.9ns 
68996      INFO  main            d.u.i.k.p.i.AbstractProblemLoader Creating init config 
72193      DEBUG main            d.u.i.k.p.i.AbstractProblemLoader Init config took 3.2s 
72245      INFO  main            d.u.i.k.p.i.AbstractProblemLoader Replaying proof Arrays[Arrays::fill([I,int)].JML normal_behavior operation contract.0 
72247      DEBUG main            d.u.i.k.p.i.IntermediateProofReplayer Proof replay took 6.1ns 
72449      INFO  main            d.u.i.k.p.r.p.TestFile    ... finished proof: closed. 
72626      INFO  main            d.u.i.k.p.i.AbstractProblemLoader Loading environment from /home/runner/work/key/key/key.core/../key.ui/examples/redux/arrays/Arrays.fill.key.proof 
72626      DEBUG main            d.u.i.k.p.i.AbstractProblemLoader Environment load took 131.8ns 
72627      INFO  main            d.u.i.k.p.i.AbstractProblemLoader Creating init config 
75820      DEBUG main            d.u.i.k.p.i.AbstractProblemLoader Init config took 3.19s 
75860      INFO  main            d.u.i.k.p.i.AbstractProblemLoader Replaying proof Arrays[Arrays::fill([I,int)].JML normal_behavior operation contract.0 
75884      DEBUG main            d.u.i.k.p.i.IntermediateProofReplayer Proof replay took 22.23ms 
75885      DEBUG main            d.u.i.k.p.r.p.TestFile    ... success: reloaded. 
75886      INFO  main            d.u.i.k.p.r.p.TestFile    Now processing file /home/runner/work/key/key/key.core/../key.ui/examples/redux/arrays/Arrays.fill.float.key 
75886      INFO  main            d.u.i.k.p.i.AbstractProblemLoader Loading environment from /home/runner/work/key/key/key.core/../key.ui/examples/redux/arrays/Arrays.fill.float.key 
75886      DEBUG main            d.u.i.k.p.i.AbstractProblemLoader Environment load took 90.2ns 
75887      INFO  main            d.u.i.k.p.i.AbstractProblemLoader Creating init config 
79112      DEBUG main            d.u.i.k.p.i.AbstractProblemLoader Init config took 3.23s 
79150      INFO  main            d.u.i.k.p.i.AbstractProblemLoader Replaying proof Arrays[Arrays::fill([F,float)].JML normal_behavior operation contract.0 
79151      DEBUG main            d.u.i.k.p.i.IntermediateProofReplayer Proof replay took 6.4ns 
79353      INFO  main            d.u.i.k.p.r.p.TestFile    ... finished proof: closed. 
79550      INFO  main            d.u.i.k.p.i.AbstractProblemLoader Loading environment from /home/runner/work/key/key/key.core/../key.ui/examples/redux/arrays/Arrays.fill.float.key.proof 
79550      DEBUG main            d.u.i.k.p.i.AbstractProblemLoader Environment load took 144.3ns 
79551      INFO  main            d.u.i.k.p.i.AbstractProblemLoader Creating init config 
82700      DEBUG main            d.u.i.k.p.i.AbstractProblemLoader Init config took 3.15s 
82737      INFO  main            d.u.i.k.p.i.AbstractProblemLoader Replaying proof Arrays[Arrays::fill([F,float)].JML normal_behavior operation contract.0 
82782      DEBUG main            d.u.i.k.p.i.IntermediateProofReplayer Proof replay took 42.99ms 
82784      DEBUG main            d.u.i.k.p.r.p.TestFile    ... success: reloaded. 
82785      INFO  main            d.u.i.k.p.r.p.TestFile    Now processing file /home/runner/work/key/key/key.core/../key.ui/examples/redux/arrays/Arrays.fillFromTo.key 
82785      INFO  main            d.u.i.k.p.i.AbstractProblemLoader Loading environment from /home/runner/work/key/key/key.core/../key.ui/examples/redux/arrays/Arrays.fillFromTo.key 
82785      DEBUG main            d.u.i.k.p.i.AbstractProblemLoader Environment load took 174.5ns 
82786      INFO  main            d.u.i.k.p.i.AbstractProblemLoader Creating init config 
85958      DEBUG main            d.u.i.k.p.i.AbstractProblemLoader Init config took 3.17s 
85999      INFO  main            d.u.i.k.p.i.AbstractProblemLoader Replaying proof Arrays[Arrays::fill([I,int,int,int)].JML normal_behavior operation contract.0 
86001      DEBUG main            d.u.i.k.p.i.IntermediateProofReplayer Proof replay took 6.2ns 
86604      INFO  main            d.u.i.k.p.r.p.TestFile    ... finished proof: closed. 
86842      INFO  main            d.u.i.k.p.i.AbstractProblemLoader Loading environment from /home/runner/work/key/key/key.core/../key.ui/examples/redux/arrays/Arrays.fillFromTo.key.proof 
86843      DEBUG main            d.u.i.k.p.i.AbstractProblemLoader Environment load took 470.7ns 
86844      INFO  main            d.u.i.k.p.i.AbstractProblemLoader Creating init config 
90006      DEBUG main            d.u.i.k.p.i.AbstractProblemLoader Init config took 3.16s 
90043      INFO  main            d.u.i.k.p.i.AbstractProblemLoader Replaying proof Arrays[Arrays::fill([I,int,int,int)].JML normal_behavior operation contract.0 
90133      DEBUG main            d.u.i.k.p.i.IntermediateProofReplayer Proof replay took 85.75ms 
90134      DEBUG main            d.u.i.k.p.r.p.TestFile    ... success: reloaded. 
90135      INFO  main            d.u.i.k.p.r.p.TestFile    Now processing file /home/runner/work/key/key/key.core/../key.ui/examples/redux/arrays/Arrays.fillFromTo.float.key 
90135      INFO  main            d.u.i.k.p.i.AbstractProblemLoader Loading environment from /home/runner/work/key/key/key.core/../key.ui/examples/redux/arrays/Arrays.fillFromTo.float.key 
90135      DEBUG main            d.u.i.k.p.i.AbstractProblemLoader Environment load took 96.8ns 
90136      INFO  main            d.u.i.k.p.i.AbstractProblemLoader Creating init config 
93280      DEBUG main            d.u.i.k.p.i.AbstractProblemLoader Init config took 3.14s 
93319      INFO  main            d.u.i.k.p.i.AbstractProblemLoader Replaying proof Arrays[Arrays::fill([F,int,int,float)].JML normal_behavior operation contract.0 
93321      DEBUG main            d.u.i.k.p.i.IntermediateProofReplayer Proof replay took 6.5ns 
94025      INFO  main            d.u.i.k.p.r.p.TestFile    ... finished proof: closed. 
94259      INFO  main            d.u.i.k.p.i.AbstractProblemLoader Loading environment from /home/runner/work/key/key/key.core/../key.ui/examples/redux/arrays/Arrays.fillFromTo.float.key.proof 
94259      DEBUG main            d.u.i.k.p.i.AbstractProblemLoader Environment load took 371.2ns 
94260      INFO  main            d.u.i.k.p.i.AbstractProblemLoader Creating init config 
97372      DEBUG main            d.u.i.k.p.i.AbstractProblemLoader Init config took 3.11s 
97409      INFO  main            d.u.i.k.p.i.AbstractProblemLoader Replaying proof Arrays[Arrays::fill([F,int,int,float)].JML normal_behavior operation contract.0 
97509      DEBUG main            d.u.i.k.p.i.IntermediateProofReplayer Proof replay took 95.43ms 
97510      DEBUG main            d.u.i.k.p.r.p.TestFile    ... success: reloaded. 
97511      INFO  main            d.u.i.k.p.r.p.TestFile    Now processing file /home/runner/work/key/key/key.core/../key.ui/examples/redux/arrays/ArrayCopy.arraycopy.normal.0.key 
97511      INFO  main            d.u.i.k.p.i.AbstractProblemLoader Loading environment from /home/runner/work/key/key/key.core/../key.ui/examples/redux/arrays/ArrayCopy.arraycopy.normal.0.key 
97511      DEBUG main            d.u.i.k.p.i.AbstractProblemLoader Environment load took 178.5ns 
97512      INFO  main            d.u.i.k.p.i.AbstractProblemLoader Creating init config 
100708     DEBUG main            d.u.i.k.p.i.AbstractProblemLoader Init config took 3.2s 
100758     INFO  main            d.u.i.k.p.i.AbstractProblemLoader Replaying proof ArrayCopy[ArrayCopy::arraycopy(java.lang.Object,int,java.lang.Object,int,int)].JML normal_behavior operation contract.0 
100759     DEBUG main            d.u.i.k.p.i.IntermediateProofReplayer Proof replay took 6.8ns 
107023     INFO  main            d.u.i.k.p.r.p.TestFile    ... finished proof: closed. 
107278     INFO  main            d.u.i.k.p.i.AbstractProblemLoader Loading environment from /home/runner/work/key/key/key.core/../key.ui/examples/redux/arrays/ArrayCopy.arraycopy.normal.0.key.proof 
107278     DEBUG main            d.u.i.k.p.i.AbstractProblemLoader Environment load took 380.4ns 
107280     INFO  main            d.u.i.k.p.i.AbstractProblemLoader Creating init config 
110401     DEBUG main            d.u.i.k.p.i.AbstractProblemLoader Init config took 3.12s 
110438     INFO  main            d.u.i.k.p.i.AbstractProblemLoader Replaying proof ArrayCopy[ArrayCopy::arraycopy(java.lang.Object,int,java.lang.Object,int,int)].JML normal_behavior operation contract.0 
111093     DEBUG main            d.u.i.k.p.i.IntermediateProofReplayer Proof replay took 640.09ms 
111095     DEBUG main            d.u.i.k.p.r.p.TestFile    ... success: reloaded. 
111096     INFO  main            d.u.i.k.p.r.p.TestFile    Now processing file /home/runner/work/key/key/key.core/../key.ui/examples/redux/arrays/ArrayCopy.arraycopy.exceptional.0.key 
111097     INFO  main            d.u.i.k.p.i.AbstractProblemLoader Loading environment from /home/runner/work/key/key/key.core/../key.ui/examples/redux/arrays/ArrayCopy.arraycopy.exceptional.0.key 
111097     DEBUG main            d.u.i.k.p.i.AbstractProblemLoader Environment load took 180.5ns 
111098     INFO  main            d.u.i.k.p.i.AbstractProblemLoader Creating init config 
114236     DEBUG main            d.u.i.k.p.i.AbstractProblemLoader Init config took 3.14s 
114271     INFO  main            d.u.i.k.p.i.AbstractProblemLoader Replaying proof ArrayCopy[ArrayCopy::arraycopy(java.lang.Object,int,java.lang.Object,int,int)].JML exceptional_behavior operation contract.0 
114273     DEBUG main            d.u.i.k.p.i.IntermediateProofReplayer Proof replay took 6.2ns 
114678     INFO  main            d.u.i.k.p.r.p.TestFile    ... finished proof: closed. 
114905     INFO  main            d.u.i.k.p.i.AbstractProblemLoader Loading environment from /home/runner/work/key/key/key.core/../key.ui/examples/redux/arrays/ArrayCopy.arraycopy.exceptional.0.key.proof 
114905     DEBUG main            d.u.i.k.p.i.AbstractProblemLoader Environment load took 128.4ns 
114906     INFO  main            d.u.i.k.p.i.AbstractProblemLoader Creating init config 
118001     DEBUG main            d.u.i.k.p.i.AbstractProblemLoader Init config took 3.09s 
118035     INFO  main            d.u.i.k.p.i.AbstractProblemLoader Replaying proof ArrayCopy[ArrayCopy::arraycopy(java.lang.Object,int,java.lang.Object,int,int)].JML exceptional_behavior operation contract.0 
118129     DEBUG main            d.u.i.k.p.i.IntermediateProofReplayer Proof replay took 91.54ms 
118130     DEBUG main            d.u.i.k.p.r.p.TestFile    ... success: reloaded. 
118131     INFO  main            d.u.i.k.p.r.p.TestFile    Now processing file /home/runner/work/key/key/key.core/../key.ui/examples/redux/arrays/ArrayCopy.arraycopy.exceptional.1.key 
118131     INFO  main            d.u.i.k.p.i.AbstractProblemLoader Loading environment from /home/runner/work/key/key/key.core/../key.ui/examples/redux/arrays/ArrayCopy.arraycopy.exceptional.1.key 
118131     DEBUG main            d.u.i.k.p.i.AbstractProblemLoader Environment load took 94.9ns 
118132     INFO  main            d.u.i.k.p.i.AbstractProblemLoader Creating init config 
121253     DEBUG main            d.u.i.k.p.i.AbstractProblemLoader Init config took 3.12s 
121288     INFO  main            d.u.i.k.p.i.AbstractProblemLoader Replaying proof ArrayCopy[ArrayCopy::arraycopy(java.lang.Object,int,java.lang.Object,int,int)].JML exceptional_behavior operation contract.1 
121289     DEBUG main            d.u.i.k.p.i.IntermediateProofReplayer Proof replay took 5.8ns 
127565     INFO  main            d.u.i.k.p.r.p.TestFile    ... finished proof: closed. 
127807     INFO  main            d.u.i.k.p.i.AbstractProblemLoader Loading environment from /home/runner/work/key/key/key.core/../key.ui/examples/redux/arrays/ArrayCopy.arraycopy.exceptional.1.key.proof 
127807     DEBUG main            d.u.i.k.p.i.AbstractProblemLoader Environment load took 409.7ns 
127811     INFO  main            d.u.i.k.p.i.AbstractProblemLoader Creating init config 
130905     DEBUG main            d.u.i.k.p.i.AbstractProblemLoader Init config took 3.09s 
130939     INFO  main            d.u.i.k.p.i.AbstractProblemLoader Replaying proof ArrayCopy[ArrayCopy::arraycopy(java.lang.Object,int,java.lang.Object,int,int)].JML exceptional_behavior operation contract.1 
132110     DEBUG main            d.u.i.k.p.i.IntermediateProofReplayer Proof replay took 1.15s 
132112     DEBUG main            d.u.i.k.p.r.p.TestFile    ... success: reloaded. 
5317352    INFO  Test worker     d.u.i.k.p.r.RunAllProofsTestUnit Returning from test redux 
]]></system-out>
  <system-err><![CDATA[ANTLR Tool version 4.12.0 used for code generation does not match the current runtime version 4.13.0
ANTLR Tool version 4.12.0 used for code generation does not match the current runtime version 4.13.0
ANTLR Tool version 4.12.0 used for code generation does not match the current runtime version 4.13.0
ANTLR Tool version 4.12.0 used for code generation does not match the current runtime version 4.13.0
ANTLR Tool version 4.12.0 used for code generation does not match the current runtime version 4.13.0
ANTLR Tool version 4.12.0 used for code generation does not match the current runtime version 4.13.0
ANTLR Tool version 4.12.0 used for code generation does not match the current runtime version 4.13.0
ANTLR Tool version 4.12.0 used for code generation does not match the current runtime version 4.13.0
ANTLR Tool version 4.12.0 used for code generation does not match the current runtime version 4.13.0
ANTLR Tool version 4.12.0 used for code generation does not match the current runtime version 4.13.0
ANTLR Tool version 4.12.0 used for code generation does not match the current runtime version 4.13.0
ANTLR Tool version 4.12.0 used for code generation does not match the current runtime version 4.13.0
ANTLR Tool version 4.12.0 used for code generation does not match the current runtime version 4.13.0
ANTLR Tool version 4.12.0 used for code generation does not match the current runtime version 4.13.0
ANTLR Tool version 4.12.0 used for code generation does not match the current runtime version 4.13.0
ANTLR Tool version 4.12.0 used for code generation does not match the current runtime version 4.13.0
ANTLR Tool version 4.12.0 used for code generation does not match the current runtime version 4.13.0
ANTLR Tool version 4.12.0 used for code generation does not match the current runtime version 4.13.0
ANTLR Tool version 4.12.0 used for code generation does not match the current runtime version 4.13.0
ANTLR Tool version 4.12.0 used for code generation does not match the current runtime version 4.13.0
ANTLR Tool version 4.12.0 used for code generation does not match the current runtime version 4.13.0
ANTLR Tool version 4.12.0 used for code generation does not match the current runtime version 4.13.0
ANTLR Tool version 4.12.0 used for code generation does not match the current runtime version 4.13.0
ANTLR Tool version 4.12.0 used for code generation does not match the current runtime version 4.13.0
ANTLR Tool version 4.12.0 used for code generation does not match the current runtime version 4.13.0
ANTLR Tool version 4.12.0 used for code generation does not match the current runtime version 4.13.0
ANTLR Tool version 4.12.0 used for code generation does not match the current runtime version 4.13.0
ANTLR Tool version 4.12.0 used for code generation does not match the current runtime version 4.13.0
ANTLR Tool version 4.12.0 used for code generation does not match the current runtime version 4.13.0
ANTLR Tool version 4.12.0 used for code generation does not match the current runtime version 4.13.0
ANTLR Tool version 4.12.0 used for code generation does not match the current runtime version 4.13.0
ANTLR Tool version 4.12.0 used for code generation does not match the current runtime version 4.13.0
ANTLR Tool version 4.12.0 used for code generation does not match the current runtime version 4.13.0
ANTLR Tool version 4.12.0 used for code generation does not match the current runtime version 4.13.0
ANTLR Tool version 4.12.0 used for code generation does not match the current runtime version 4.13.0
ANTLR Tool version 4.12.0 used for code generation does not match the current runtime version 4.13.0
ANTLR Tool version 4.12.0 used for code generation does not match the current runtime version 4.13.0
ANTLR Tool version 4.12.0 used for code generation does not match the current runtime version 4.13.0
ANTLR Tool version 4.12.0 used for code generation does not match the current runtime version 4.13.0
ANTLR Tool version 4.12.0 used for code generation does not match the current runtime version 4.13.0
ANTLR Tool version 4.12.0 used for code generation does not match the current runtime version 4.13.0
ANTLR Tool version 4.12.0 used for code generation does not match the current runtime version 4.13.0
ANTLR Tool version 4.12.0 used for code generation does not match the current runtime version 4.13.0
ANTLR Tool version 4.12.0 used for code generation does not match the current runtime version 4.13.0
ANTLR Tool version 4.12.0 used for code generation does not match the current runtime version 4.13.0
ANTLR Tool version 4.12.0 used for code generation does not match the current runtime version 4.13.0
ANTLR Tool version 4.12.0 used for code generation does not match the current runtime version 4.13.0
ANTLR Tool version 4.12.0 used for code generation does not match the current runtime version 4.13.0
ANTLR Tool version 4.12.0 used for code generation does not match the current runtime version 4.13.0
ANTLR Tool version 4.12.0 used for code generation does not match the current runtime version 4.13.0
ANTLR Tool version 4.12.0 used for code generation does not match the current runtime version 4.13.0
ANTLR Tool version 4.12.0 used for code generation does not match the current runtime version 4.13.0
ANTLR Tool version 4.12.0 used for code generation does not match the current runtime version 4.13.0
ANTLR Tool version 4.12.0 used for code generation does not match the current runtime version 4.13.0
ANTLR Tool version 4.12.0 used for code generation does not match the current runtime version 4.13.0
ANTLR Tool version 4.12.0 used for code generation does not match the current runtime version 4.13.0
ANTLR Tool version 4.12.0 used for code generation does not match the current runtime version 4.13.0
ANTLR Tool version 4.12.0 used for code generation does not match the current runtime version 4.13.0
ANTLR Tool version 4.12.0 used for code generation does not match the current runtime version 4.13.0
ANTLR Tool version 4.12.0 used for code generation does not match the current runtime version 4.13.0
ANTLR Tool version 4.12.0 used for code generation does not match the current runtime version 4.13.0
ANTLR Tool version 4.12.0 used for code generation does not match the current runtime version 4.13.0
ANTLR Tool version 4.12.0 used for code generation does not match the current runtime version 4.13.0
ANTLR Tool version 4.12.0 used for code generation does not match the current runtime version 4.13.0
ANTLR Tool version 4.12.0 used for code generation does not match the current runtime version 4.13.0
ANTLR Tool version 4.12.0 used for code generation does not match the current runtime version 4.13.0
ANTLR Tool version 4.12.0 used for code generation does not match the current runtime version 4.13.0
ANTLR Tool version 4.12.0 used for code generation does not match the current runtime version 4.13.0
ANTLR Tool version 4.12.0 used for code generation does not match the current runtime version 4.13.0
ANTLR Tool version 4.12.0 used for code generation does not match the current runtime version 4.13.0
ANTLR Tool version 4.12.0 used for code generation does not match the current runtime version 4.13.0
ANTLR Tool version 4.12.0 used for code generation does not match the current runtime version 4.13.0
ANTLR Tool version 4.12.0 used for code generation does not match the current runtime version 4.13.0
ANTLR Tool version 4.12.0 used for code generation does not match the current runtime version 4.13.0
ANTLR Tool version 4.12.0 used for code generation does not match the current runtime version 4.13.0
ANTLR Tool version 4.12.0 used for code generation does not match the current runtime version 4.13.0
ANTLR Tool version 4.12.0 used for code generation does not match the current runtime version 4.13.0
ANTLR Tool version 4.12.0 used for code generation does not match the current runtime version 4.13.0
ANTLR Tool version 4.12.0 used for code generation does not match the current runtime version 4.13.0
ANTLR Tool version 4.12.0 used for code generation does not match the current runtime version 4.13.0
ANTLR Tool version 4.12.0 used for code generation does not match the current runtime version 4.13.0
ANTLR Tool version 4.12.0 used for code generation does not match the current runtime version 4.13.0
ANTLR Tool version 4.12.0 used for code generation does not match the current runtime version 4.13.0
ANTLR Tool version 4.12.0 used for code generation does not match the current runtime version 4.13.0
ANTLR Tool version 4.12.0 used for code generation does not match the current runtime version 4.13.0
ANTLR Tool version 4.12.0 used for code generation does not match the current runtime version 4.13.0
ANTLR Tool version 4.12.0 used for code generation does not match the current runtime version 4.13.0
ANTLR Tool version 4.12.0 used for code generation does not match the current runtime version 4.13.0
ANTLR Tool version 4.12.0 used for code generation does not match the current runtime version 4.13.0
ANTLR Tool version 4.12.0 used for code generation does not match the current runtime version 4.13.0
ANTLR Tool version 4.12.0 used for code generation does not match the current runtime version 4.13.0
ANTLR Tool version 4.12.0 used for code generation does not match the current runtime version 4.13.0
ANTLR Tool version 4.12.0 used for code generation does not match the current runtime version 4.13.0
ANTLR Tool version 4.12.0 used for code generation does not match the current runtime version 4.13.0
ANTLR Tool version 4.12.0 used for code generation does not match the current runtime version 4.13.0
ANTLR Tool version 4.12.0 used for code generation does not match the current runtime version 4.13.0
ANTLR Tool version 4.12.0 used for code generation does not match the current runtime version 4.13.0
ANTLR Tool version 4.12.0 used for code generation does not match the current runtime version 4.13.0
ANTLR Tool version 4.12.0 used for code generation does not match the current runtime version 4.13.0
ANTLR Tool version 4.12.0 used for code generation does not match the current runtime version 4.13.0
ANTLR Tool version 4.12.0 used for code generation does not match the current runtime version 4.13.0
ANTLR Tool version 4.12.0 used for code generation does not match the current runtime version 4.13.0
ANTLR Tool version 4.12.0 used for code generation does not match the current runtime version 4.13.0
ANTLR Tool version 4.12.0 used for code generation does not match the current runtime version 4.13.0
ANTLR Tool version 4.12.0 used for code generation does not match the current runtime version 4.13.0
ANTLR Tool version 4.12.0 used for code generation does not match the current runtime version 4.13.0
ANTLR Tool version 4.12.0 used for code generation does not match the current runtime version 4.13.0
ANTLR Tool version 4.12.0 used for code generation does not match the current runtime version 4.13.0
ANTLR Tool version 4.12.0 used for code generation does not match the current runtime version 4.13.0
ANTLR Tool version 4.12.0 used for code generation does not match the current runtime version 4.13.0
ANTLR Tool version 4.12.0 used for code generation does not match the current runtime version 4.13.0
ANTLR Tool version 4.12.0 used for code generation does not match the current runtime version 4.13.0
ANTLR Tool version 4.12.0 used for code generation does not match the current runtime version 4.13.0
ANTLR Tool version 4.12.0 used for code generation does not match the current runtime version 4.13.0
ANTLR Tool version 4.12.0 used for code generation does not match the current runtime version 4.13.0
ANTLR Tool version 4.12.0 used for code generation does not match the current runtime version 4.13.0
ANTLR Tool version 4.12.0 used for code generation does not match the current runtime version 4.13.0
ANTLR Tool version 4.12.0 used for code generation does not match the current runtime version 4.13.0
ANTLR Tool version 4.12.0 used for code generation does not match the current runtime version 4.13.0
ANTLR Tool version 4.12.0 used for code generation does not match the current runtime version 4.13.0
ANTLR Tool version 4.12.0 used for code generation does not match the current runtime version 4.13.0
ANTLR Tool version 4.12.0 used for code generation does not match the current runtime version 4.13.0
ANTLR Tool version 4.12.0 used for code generation does not match the current runtime version 4.13.0
ANTLR Tool version 4.12.0 used for code generation does not match the current runtime version 4.13.0
ANTLR Tool version 4.12.0 used for code generation does not match the current runtime version 4.13.0
ANTLR Tool version 4.12.0 used for code generation does not match the current runtime version 4.13.0
ANTLR Tool version 4.12.0 used for code generation does not match the current runtime version 4.13.0
ANTLR Tool version 4.12.0 used for code generation does not match the current runtime version 4.13.0
ANTLR Tool version 4.12.0 used for code generation does not match the current runtime version 4.13.0
ANTLR Tool version 4.12.0 used for code generation does not match the current runtime version 4.13.0
ANTLR Tool version 4.12.0 used for code generation does not match the current runtime version 4.13.0
ANTLR Tool version 4.12.0 used for code generation does not match the current runtime version 4.13.0
ANTLR Tool version 4.12.0 used for code generation does not match the current runtime version 4.13.0
ANTLR Tool version 4.12.0 used for code generation does not match the current runtime version 4.13.0
ANTLR Tool version 4.12.0 used for code generation does not match the current runtime version 4.13.0
ANTLR Tool version 4.12.0 used for code generation does not match the current runtime version 4.13.0
]]></system-err>
</testsuite>
