<?xml version="1.0" encoding="UTF-8"?>
<testsuite name="de.uka.ilkd.key.proof.runallproofs.RunAllProofsFunctional" tests="34" skipped="0" failures="6" errors="0" timestamp="2023-05-26T13:36:42" hostname="fv-az621-950" time="5856.206">
  <properties/>
  <testcase name="newBook" classname="de.uka.ilkd.key.proof.runallproofs.RunAllProofsFunctional" time="66.891"/>
  <testcase name="oldBook" classname="de.uka.ilkd.key.proof.runallproofs.RunAllProofsFunctional" time="18.401"/>
  <testcase name="comprehensions" classname="de.uka.ilkd.key.proof.runallproofs.RunAllProofsFunctional" time="70.787"/>
  <testcase name="performance" classname="de.uka.ilkd.key.proof.runallproofs.RunAllProofsFunctional" time="256.232">
    <failure message="org.opentest4j.AssertionFailedError: group performance:&#10;pass: Verifying property &quot;provable&quot; was successful for file: /home/runner/work/key/key/key.core/../key.ui/examples/performance-test/Disjoint(Disjoint__disjoint_08()).JML_operation_contract.0.key&#10;pass: Verifying property &quot;provable&quot; was successful for file: /home/runner/work/key/key/key.core/../key.ui/examples/performance-test/Disjoint(Disjoint__disjoint2_08()).JML_operation_contract.0.key&#10;pass: Verifying property &quot;provable&quot; was successful for file: /home/runner/work/key/key/key.core/../key.ui/examples/performance-test/AccessChain1(AccessChain1__foo_08()).JML_operation_contract.0.key&#10;pass: Verifying property &quot;provable&quot; was successful for file: /home/runner/work/key/key/key.core/../key.ui/examples/performance-test/AccessChain4(AccessChain4__foo_08()).JML_operation_contract.0.key&#10;pass: Verifying property &quot;provable&quot; was successful for file: /home/runner/work/key/key/key.core/../key.ui/examples/performance-test/Disjoint(Disjoint__xZero_08()).JML_operation_contract.0.key&#10;FAIL: Verifying property &quot;provable&quot; failed for file: /home/runner/work/key/key/key.core/../key.ui/examples/performance-test/Dynamic(Dynamic__foo_08()).JML_operation_contract.0.key&#10;pass: Verifying property &quot;provable&quot; was successful for file: /home/runner/work/key/key/key.core/../key.ui/examples/performance-test/DynamicGhost(DynamicGhost__dynamicGhost_08()).JML_normal_behavior_operation_contract.0.key&#10;pass: Verifying property &quot;provable&quot; was successful for file: /home/runner/work/key/key/key.core/../key.ui/examples/performance-test/GhostFrame(GhostFrame__foo_08()).JML_operation_contract.0.key&#10;FAIL: Verifying property &quot;provable&quot; failed for file: /home/runner/work/key/key/key.core/../key.ui/examples/performance-test/Modelfield(Modelfield__foo_08()).JML_operation_contract.0.key&#10; ==&gt; expected: &lt;true&gt; but was: &lt;false&gt;" type="org.opentest4j.AssertionFailedError">org.opentest4j.AssertionFailedError: group performance:
pass: Verifying property &quot;provable&quot; was successful for file: /home/runner/work/key/key/key.core/../key.ui/examples/performance-test/Disjoint(Disjoint__disjoint_08()).JML_operation_contract.0.key
pass: Verifying property &quot;provable&quot; was successful for file: /home/runner/work/key/key/key.core/../key.ui/examples/performance-test/Disjoint(Disjoint__disjoint2_08()).JML_operation_contract.0.key
pass: Verifying property &quot;provable&quot; was successful for file: /home/runner/work/key/key/key.core/../key.ui/examples/performance-test/AccessChain1(AccessChain1__foo_08()).JML_operation_contract.0.key
pass: Verifying property &quot;provable&quot; was successful for file: /home/runner/work/key/key/key.core/../key.ui/examples/performance-test/AccessChain4(AccessChain4__foo_08()).JML_operation_contract.0.key
pass: Verifying property &quot;provable&quot; was successful for file: /home/runner/work/key/key/key.core/../key.ui/examples/performance-test/Disjoint(Disjoint__xZero_08()).JML_operation_contract.0.key
FAIL: Verifying property &quot;provable&quot; failed for file: /home/runner/work/key/key/key.core/../key.ui/examples/performance-test/Dynamic(Dynamic__foo_08()).JML_operation_contract.0.key
pass: Verifying property &quot;provable&quot; was successful for file: /home/runner/work/key/key/key.core/../key.ui/examples/performance-test/DynamicGhost(DynamicGhost__dynamicGhost_08()).JML_normal_behavior_operation_contract.0.key
pass: Verifying property &quot;provable&quot; was successful for file: /home/runner/work/key/key/key.core/../key.ui/examples/performance-test/GhostFrame(GhostFrame__foo_08()).JML_operation_contract.0.key
FAIL: Verifying property &quot;provable&quot; failed for file: /home/runner/work/key/key/key.core/../key.ui/examples/performance-test/Modelfield(Modelfield__foo_08()).JML_operation_contract.0.key
 ==&gt; expected: &lt;true&gt; but was: &lt;false&gt;
	at app//org.junit.jupiter.api.AssertionFailureBuilder.build(AssertionFailureBuilder.java:151)
	at app//org.junit.jupiter.api.AssertionFailureBuilder.buildAndThrow(AssertionFailureBuilder.java:132)
	at app//org.junit.jupiter.api.AssertTrue.failNotTrue(AssertTrue.java:63)
	at app//org.junit.jupiter.api.AssertTrue.assertTrue(AssertTrue.java:36)
	at app//org.junit.jupiter.api.Assertions.assertTrue(Assertions.java:211)
	at app//de.uka.ilkd.key.proof.runallproofs.RunAllProofsTest.lambda$data$0(RunAllProofsTest.java:78)
	at app//org.junit.jupiter.engine.descriptor.DynamicTestTestDescriptor.lambda$execute$0(DynamicTestTestDescriptor.java:53)
	at app//org.junit.jupiter.engine.execution.InvocationInterceptorChain$ValidatingInvocation.proceed(InvocationInterceptorChain.java:131)
	at app//org.junit.jupiter.api.extension.InvocationInterceptor.interceptDynamicTest(InvocationInterceptor.java:167)
	at app//org.junit.jupiter.api.extension.InvocationInterceptor.interceptDynamicTest(InvocationInterceptor.java:184)
	at app//org.junit.jupiter.engine.descriptor.DynamicTestTestDescriptor.lambda$execute$1(DynamicTestTestDescriptor.java:61)
	at app//org.junit.jupiter.engine.execution.InvocationInterceptorChain$InterceptorCall.lambda$ofVoid$0(InvocationInterceptorChain.java:78)
	at app//org.junit.jupiter.engine.execution.InvocationInterceptorChain$InterceptedInvocation.proceed(InvocationInterceptorChain.java:106)
	at app//org.junit.jupiter.engine.execution.InvocationInterceptorChain.proceed(InvocationInterceptorChain.java:64)
	at app//org.junit.jupiter.engine.execution.InvocationInterceptorChain.chainAndInvoke(InvocationInterceptorChain.java:45)
	at app//org.junit.jupiter.engine.execution.InvocationInterceptorChain.invoke(InvocationInterceptorChain.java:37)
	at app//org.junit.jupiter.engine.descriptor.DynamicTestTestDescriptor.execute(DynamicTestTestDescriptor.java:60)
	at app//org.junit.jupiter.engine.descriptor.DynamicTestTestDescriptor.execute(DynamicTestTestDescriptor.java:32)
	at app//org.junit.platform.engine.support.hierarchical.NodeTestTask.lambda$executeRecursively$6(NodeTestTask.java:151)
	at app//org.junit.platform.engine.support.hierarchical.ThrowableCollector.execute(ThrowableCollector.java:73)
	at app//org.junit.platform.engine.support.hierarchical.NodeTestTask.lambda$executeRecursively$8(NodeTestTask.java:141)
	at app//org.junit.platform.engine.support.hierarchical.Node.around(Node.java:137)
	at app//org.junit.platform.engine.support.hierarchical.NodeTestTask.lambda$executeRecursively$9(NodeTestTask.java:139)
	at app//org.junit.platform.engine.support.hierarchical.ThrowableCollector.execute(ThrowableCollector.java:73)
	at app//org.junit.platform.engine.support.hierarchical.NodeTestTask.executeRecursively(NodeTestTask.java:138)
	at app//org.junit.platform.engine.support.hierarchical.NodeTestTask.execute(NodeTestTask.java:95)
	at app//org.junit.platform.engine.support.hierarchical.SameThreadHierarchicalTestExecutorService.submit(SameThreadHierarchicalTestExecutorService.java:35)
	at app//org.junit.platform.engine.support.hierarchical.NodeTestTask$DefaultDynamicTestExecutor.execute(NodeTestTask.java:226)
	at app//org.junit.platform.engine.support.hierarchical.NodeTestTask$DefaultDynamicTestExecutor.execute(NodeTestTask.java:204)
	at java.base@11.0.19/java.util.Optional.ifPresent(Optional.java:183)
	at app//org.junit.jupiter.engine.descriptor.TestFactoryTestDescriptor.lambda$invokeTestMethod$1(TestFactoryTestDescriptor.java:108)
	at app//org.junit.platform.engine.support.hierarchical.ThrowableCollector.execute(ThrowableCollector.java:73)
	at app//org.junit.jupiter.engine.descriptor.TestFactoryTestDescriptor.invokeTestMethod(TestFactoryTestDescriptor.java:95)
	at app//org.junit.jupiter.engine.descriptor.TestMethodTestDescriptor.execute(TestMethodTestDescriptor.java:138)
	at app//org.junit.jupiter.engine.descriptor.TestMethodTestDescriptor.execute(TestMethodTestDescriptor.java:68)
	at app//org.junit.platform.engine.support.hierarchical.NodeTestTask.lambda$executeRecursively$6(NodeTestTask.java:151)
	at app//org.junit.platform.engine.support.hierarchical.ThrowableCollector.execute(ThrowableCollector.java:73)
	at app//org.junit.platform.engine.support.hierarchical.NodeTestTask.lambda$executeRecursively$8(NodeTestTask.java:141)
	at app//org.junit.platform.engine.support.hierarchical.Node.around(Node.java:137)
	at app//org.junit.platform.engine.support.hierarchical.NodeTestTask.lambda$executeRecursively$9(NodeTestTask.java:139)
	at app//org.junit.platform.engine.support.hierarchical.ThrowableCollector.execute(ThrowableCollector.java:73)
	at app//org.junit.platform.engine.support.hierarchical.NodeTestTask.executeRecursively(NodeTestTask.java:138)
	at app//org.junit.platform.engine.support.hierarchical.NodeTestTask.execute(NodeTestTask.java:95)
	at java.base@11.0.19/java.util.ArrayList.forEach(ArrayList.java:1541)
	at app//org.junit.platform.engine.support.hierarchical.SameThreadHierarchicalTestExecutorService.invokeAll(SameThreadHierarchicalTestExecutorService.java:41)
	at app//org.junit.platform.engine.support.hierarchical.NodeTestTask.lambda$executeRecursively$6(NodeTestTask.java:155)
	at app//org.junit.platform.engine.support.hierarchical.ThrowableCollector.execute(ThrowableCollector.java:73)
	at app//org.junit.platform.engine.support.hierarchical.NodeTestTask.lambda$executeRecursively$8(NodeTestTask.java:141)
	at app//org.junit.platform.engine.support.hierarchical.Node.around(Node.java:137)
	at app//org.junit.platform.engine.support.hierarchical.NodeTestTask.lambda$executeRecursively$9(NodeTestTask.java:139)
	at app//org.junit.platform.engine.support.hierarchical.ThrowableCollector.execute(ThrowableCollector.java:73)
	at app//org.junit.platform.engine.support.hierarchical.NodeTestTask.executeRecursively(NodeTestTask.java:138)
	at app//org.junit.platform.engine.support.hierarchical.NodeTestTask.execute(NodeTestTask.java:95)
	at java.base@11.0.19/java.util.ArrayList.forEach(ArrayList.java:1541)
	at app//org.junit.platform.engine.support.hierarchical.SameThreadHierarchicalTestExecutorService.invokeAll(SameThreadHierarchicalTestExecutorService.java:41)
	at app//org.junit.platform.engine.support.hierarchical.NodeTestTask.lambda$executeRecursively$6(NodeTestTask.java:155)
	at app//org.junit.platform.engine.support.hierarchical.ThrowableCollector.execute(ThrowableCollector.java:73)
	at app//org.junit.platform.engine.support.hierarchical.NodeTestTask.lambda$executeRecursively$8(NodeTestTask.java:141)
	at app//org.junit.platform.engine.support.hierarchical.Node.around(Node.java:137)
	at app//org.junit.platform.engine.support.hierarchical.NodeTestTask.lambda$executeRecursively$9(NodeTestTask.java:139)
	at app//org.junit.platform.engine.support.hierarchical.ThrowableCollector.execute(ThrowableCollector.java:73)
	at app//org.junit.platform.engine.support.hierarchical.NodeTestTask.executeRecursively(NodeTestTask.java:138)
	at app//org.junit.platform.engine.support.hierarchical.NodeTestTask.execute(NodeTestTask.java:95)
	at app//org.junit.platform.engine.support.hierarchical.SameThreadHierarchicalTestExecutorService.submit(SameThreadHierarchicalTestExecutorService.java:35)
	at app//org.junit.platform.engine.support.hierarchical.HierarchicalTestExecutor.execute(HierarchicalTestExecutor.java:57)
	at app//org.junit.platform.engine.support.hierarchical.HierarchicalTestEngine.execute(HierarchicalTestEngine.java:54)
	at app//org.junit.platform.launcher.core.EngineExecutionOrchestrator.execute(EngineExecutionOrchestrator.java:107)
	at app//org.junit.platform.launcher.core.EngineExecutionOrchestrator.execute(EngineExecutionOrchestrator.java:88)
	at app//org.junit.platform.launcher.core.EngineExecutionOrchestrator.lambda$execute$0(EngineExecutionOrchestrator.java:54)
	at app//org.junit.platform.launcher.core.EngineExecutionOrchestrator.withInterceptedStreams(EngineExecutionOrchestrator.java:67)
	at app//org.junit.platform.launcher.core.EngineExecutionOrchestrator.execute(EngineExecutionOrchestrator.java:52)
	at app//org.junit.platform.launcher.core.DefaultLauncher.execute(DefaultLauncher.java:114)
	at app//org.junit.platform.launcher.core.DefaultLauncher.execute(DefaultLauncher.java:86)
	at app//org.junit.platform.launcher.core.DefaultLauncherSession$DelegatingLauncher.execute(DefaultLauncherSession.java:86)
	at org.gradle.api.internal.tasks.testing.junitplatform.JUnitPlatformTestClassProcessor$CollectAllTestClassesExecutor.processAllTestClasses(JUnitPlatformTestClassProcessor.java:110)
	at org.gradle.api.internal.tasks.testing.junitplatform.JUnitPlatformTestClassProcessor$CollectAllTestClassesExecutor.access$000(JUnitPlatformTestClassProcessor.java:90)
	at org.gradle.api.internal.tasks.testing.junitplatform.JUnitPlatformTestClassProcessor.stop(JUnitPlatformTestClassProcessor.java:85)
	at org.gradle.api.internal.tasks.testing.SuiteTestClassProcessor.stop(SuiteTestClassProcessor.java:62)
	at java.base@11.0.19/jdk.internal.reflect.NativeMethodAccessorImpl.invoke0(Native Method)
	at java.base@11.0.19/jdk.internal.reflect.NativeMethodAccessorImpl.invoke(NativeMethodAccessorImpl.java:62)
	at java.base@11.0.19/jdk.internal.reflect.DelegatingMethodAccessorImpl.invoke(DelegatingMethodAccessorImpl.java:43)
	at java.base@11.0.19/java.lang.reflect.Method.invoke(Method.java:566)
	at org.gradle.internal.dispatch.ReflectionDispatch.dispatch(ReflectionDispatch.java:36)
	at org.gradle.internal.dispatch.ReflectionDispatch.dispatch(ReflectionDispatch.java:24)
	at org.gradle.internal.dispatch.ContextClassLoaderDispatch.dispatch(ContextClassLoaderDispatch.java:33)
	at org.gradle.internal.dispatch.ProxyDispatchAdapter$DispatchingInvocationHandler.invoke(ProxyDispatchAdapter.java:94)
	at com.sun.proxy.$Proxy2.stop(Unknown Source)
	at org.gradle.api.internal.tasks.testing.worker.TestWorker$3.run(TestWorker.java:193)
	at org.gradle.api.internal.tasks.testing.worker.TestWorker.executeAndMaintainThreadName(TestWorker.java:129)
	at org.gradle.api.internal.tasks.testing.worker.TestWorker.execute(TestWorker.java:100)
	at org.gradle.api.internal.tasks.testing.worker.TestWorker.execute(TestWorker.java:60)
	at org.gradle.process.internal.worker.child.ActionExecutionWorker.execute(ActionExecutionWorker.java:56)
	at org.gradle.process.internal.worker.child.SystemApplicationClassLoaderWorker.call(SystemApplicationClassLoaderWorker.java:113)
	at org.gradle.process.internal.worker.child.SystemApplicationClassLoaderWorker.call(SystemApplicationClassLoaderWorker.java:65)
	at app//worker.org.gradle.process.internal.worker.GradleWorkerMain.run(GradleWorkerMain.java:69)
	at app//worker.org.gradle.process.internal.worker.GradleWorkerMain.main(GradleWorkerMain.java:74)
</failure>
  </testcase>
  <testcase name="performancePOConstruction" classname="de.uka.ilkd.key.proof.runallproofs.RunAllProofsFunctional" time="85.11"/>
  <testcase name="applicationRestrictions" classname="de.uka.ilkd.key.proof.runallproofs.RunAllProofsFunctional" time="55.623"/>
  <testcase name="blockContracts" classname="de.uka.ilkd.key.proof.runallproofs.RunAllProofsFunctional" time="151.842"/>
  <testcase name="jmlAsserts" classname="de.uka.ilkd.key.proof.runallproofs.RunAllProofsFunctional" time="105.945"/>
  <testcase name="javaCard" classname="de.uka.ilkd.key.proof.runallproofs.RunAllProofsFunctional" time="152.952"/>
  <testcase name="list" classname="de.uka.ilkd.key.proof.runallproofs.RunAllProofsFunctional" time="286.169">
    <failure message="org.opentest4j.AssertionFailedError: Executed process terminated with non-zero exit value. ==&gt; expected: &lt;0&gt; but was: &lt;1&gt;" type="org.opentest4j.AssertionFailedError">org.opentest4j.AssertionFailedError: Executed process terminated with non-zero exit value. ==&gt; expected: &lt;0&gt; but was: &lt;1&gt;
	at app//org.junit.jupiter.api.AssertionFailureBuilder.build(AssertionFailureBuilder.java:151)
	at app//org.junit.jupiter.api.AssertionFailureBuilder.buildAndThrow(AssertionFailureBuilder.java:132)
	at app//org.junit.jupiter.api.AssertEquals.failNotEqual(AssertEquals.java:197)
	at app//org.junit.jupiter.api.AssertEquals.assertEquals(AssertEquals.java:150)
	at app//org.junit.jupiter.api.Assertions.assertEquals(Assertions.java:560)
	at app//de.uka.ilkd.key.proof.runallproofs.proofcollection.ForkedTestFileRunner.processTestFiles(ForkedTestFileRunner.java:130)
	at app//de.uka.ilkd.key.proof.runallproofs.RunAllProofsTestUnit.runTest(RunAllProofsTestUnit.java:89)
	at app//de.uka.ilkd.key.proof.runallproofs.RunAllProofsTest.lambda$data$0(RunAllProofsTest.java:77)
	at app//org.junit.jupiter.engine.descriptor.DynamicTestTestDescriptor.lambda$execute$0(DynamicTestTestDescriptor.java:53)
	at app//org.junit.jupiter.engine.execution.InvocationInterceptorChain$ValidatingInvocation.proceed(InvocationInterceptorChain.java:131)
	at app//org.junit.jupiter.api.extension.InvocationInterceptor.interceptDynamicTest(InvocationInterceptor.java:167)
	at app//org.junit.jupiter.api.extension.InvocationInterceptor.interceptDynamicTest(InvocationInterceptor.java:184)
	at app//org.junit.jupiter.engine.descriptor.DynamicTestTestDescriptor.lambda$execute$1(DynamicTestTestDescriptor.java:61)
	at app//org.junit.jupiter.engine.execution.InvocationInterceptorChain$InterceptorCall.lambda$ofVoid$0(InvocationInterceptorChain.java:78)
	at app//org.junit.jupiter.engine.execution.InvocationInterceptorChain$InterceptedInvocation.proceed(InvocationInterceptorChain.java:106)
	at app//org.junit.jupiter.engine.execution.InvocationInterceptorChain.proceed(InvocationInterceptorChain.java:64)
	at app//org.junit.jupiter.engine.execution.InvocationInterceptorChain.chainAndInvoke(InvocationInterceptorChain.java:45)
	at app//org.junit.jupiter.engine.execution.InvocationInterceptorChain.invoke(InvocationInterceptorChain.java:37)
	at app//org.junit.jupiter.engine.descriptor.DynamicTestTestDescriptor.execute(DynamicTestTestDescriptor.java:60)
	at app//org.junit.jupiter.engine.descriptor.DynamicTestTestDescriptor.execute(DynamicTestTestDescriptor.java:32)
	at app//org.junit.platform.engine.support.hierarchical.NodeTestTask.lambda$executeRecursively$6(NodeTestTask.java:151)
	at app//org.junit.platform.engine.support.hierarchical.ThrowableCollector.execute(ThrowableCollector.java:73)
	at app//org.junit.platform.engine.support.hierarchical.NodeTestTask.lambda$executeRecursively$8(NodeTestTask.java:141)
	at app//org.junit.platform.engine.support.hierarchical.Node.around(Node.java:137)
	at app//org.junit.platform.engine.support.hierarchical.NodeTestTask.lambda$executeRecursively$9(NodeTestTask.java:139)
	at app//org.junit.platform.engine.support.hierarchical.ThrowableCollector.execute(ThrowableCollector.java:73)
	at app//org.junit.platform.engine.support.hierarchical.NodeTestTask.executeRecursively(NodeTestTask.java:138)
	at app//org.junit.platform.engine.support.hierarchical.NodeTestTask.execute(NodeTestTask.java:95)
	at app//org.junit.platform.engine.support.hierarchical.SameThreadHierarchicalTestExecutorService.submit(SameThreadHierarchicalTestExecutorService.java:35)
	at app//org.junit.platform.engine.support.hierarchical.NodeTestTask$DefaultDynamicTestExecutor.execute(NodeTestTask.java:226)
	at app//org.junit.platform.engine.support.hierarchical.NodeTestTask$DefaultDynamicTestExecutor.execute(NodeTestTask.java:204)
	at java.base@11.0.19/java.util.Optional.ifPresent(Optional.java:183)
	at app//org.junit.jupiter.engine.descriptor.TestFactoryTestDescriptor.lambda$invokeTestMethod$1(TestFactoryTestDescriptor.java:108)
	at app//org.junit.platform.engine.support.hierarchical.ThrowableCollector.execute(ThrowableCollector.java:73)
	at app//org.junit.jupiter.engine.descriptor.TestFactoryTestDescriptor.invokeTestMethod(TestFactoryTestDescriptor.java:95)
	at app//org.junit.jupiter.engine.descriptor.TestMethodTestDescriptor.execute(TestMethodTestDescriptor.java:138)
	at app//org.junit.jupiter.engine.descriptor.TestMethodTestDescriptor.execute(TestMethodTestDescriptor.java:68)
	at app//org.junit.platform.engine.support.hierarchical.NodeTestTask.lambda$executeRecursively$6(NodeTestTask.java:151)
	at app//org.junit.platform.engine.support.hierarchical.ThrowableCollector.execute(ThrowableCollector.java:73)
	at app//org.junit.platform.engine.support.hierarchical.NodeTestTask.lambda$executeRecursively$8(NodeTestTask.java:141)
	at app//org.junit.platform.engine.support.hierarchical.Node.around(Node.java:137)
	at app//org.junit.platform.engine.support.hierarchical.NodeTestTask.lambda$executeRecursively$9(NodeTestTask.java:139)
	at app//org.junit.platform.engine.support.hierarchical.ThrowableCollector.execute(ThrowableCollector.java:73)
	at app//org.junit.platform.engine.support.hierarchical.NodeTestTask.executeRecursively(NodeTestTask.java:138)
	at app//org.junit.platform.engine.support.hierarchical.NodeTestTask.execute(NodeTestTask.java:95)
	at java.base@11.0.19/java.util.ArrayList.forEach(ArrayList.java:1541)
	at app//org.junit.platform.engine.support.hierarchical.SameThreadHierarchicalTestExecutorService.invokeAll(SameThreadHierarchicalTestExecutorService.java:41)
	at app//org.junit.platform.engine.support.hierarchical.NodeTestTask.lambda$executeRecursively$6(NodeTestTask.java:155)
	at app//org.junit.platform.engine.support.hierarchical.ThrowableCollector.execute(ThrowableCollector.java:73)
	at app//org.junit.platform.engine.support.hierarchical.NodeTestTask.lambda$executeRecursively$8(NodeTestTask.java:141)
	at app//org.junit.platform.engine.support.hierarchical.Node.around(Node.java:137)
	at app//org.junit.platform.engine.support.hierarchical.NodeTestTask.lambda$executeRecursively$9(NodeTestTask.java:139)
	at app//org.junit.platform.engine.support.hierarchical.ThrowableCollector.execute(ThrowableCollector.java:73)
	at app//org.junit.platform.engine.support.hierarchical.NodeTestTask.executeRecursively(NodeTestTask.java:138)
	at app//org.junit.platform.engine.support.hierarchical.NodeTestTask.execute(NodeTestTask.java:95)
	at java.base@11.0.19/java.util.ArrayList.forEach(ArrayList.java:1541)
	at app//org.junit.platform.engine.support.hierarchical.SameThreadHierarchicalTestExecutorService.invokeAll(SameThreadHierarchicalTestExecutorService.java:41)
	at app//org.junit.platform.engine.support.hierarchical.NodeTestTask.lambda$executeRecursively$6(NodeTestTask.java:155)
	at app//org.junit.platform.engine.support.hierarchical.ThrowableCollector.execute(ThrowableCollector.java:73)
	at app//org.junit.platform.engine.support.hierarchical.NodeTestTask.lambda$executeRecursively$8(NodeTestTask.java:141)
	at app//org.junit.platform.engine.support.hierarchical.Node.around(Node.java:137)
	at app//org.junit.platform.engine.support.hierarchical.NodeTestTask.lambda$executeRecursively$9(NodeTestTask.java:139)
	at app//org.junit.platform.engine.support.hierarchical.ThrowableCollector.execute(ThrowableCollector.java:73)
	at app//org.junit.platform.engine.support.hierarchical.NodeTestTask.executeRecursively(NodeTestTask.java:138)
	at app//org.junit.platform.engine.support.hierarchical.NodeTestTask.execute(NodeTestTask.java:95)
	at app//org.junit.platform.engine.support.hierarchical.SameThreadHierarchicalTestExecutorService.submit(SameThreadHierarchicalTestExecutorService.java:35)
	at app//org.junit.platform.engine.support.hierarchical.HierarchicalTestExecutor.execute(HierarchicalTestExecutor.java:57)
	at app//org.junit.platform.engine.support.hierarchical.HierarchicalTestEngine.execute(HierarchicalTestEngine.java:54)
	at app//org.junit.platform.launcher.core.EngineExecutionOrchestrator.execute(EngineExecutionOrchestrator.java:107)
	at app//org.junit.platform.launcher.core.EngineExecutionOrchestrator.execute(EngineExecutionOrchestrator.java:88)
	at app//org.junit.platform.launcher.core.EngineExecutionOrchestrator.lambda$execute$0(EngineExecutionOrchestrator.java:54)
	at app//org.junit.platform.launcher.core.EngineExecutionOrchestrator.withInterceptedStreams(EngineExecutionOrchestrator.java:67)
	at app//org.junit.platform.launcher.core.EngineExecutionOrchestrator.execute(EngineExecutionOrchestrator.java:52)
	at app//org.junit.platform.launcher.core.DefaultLauncher.execute(DefaultLauncher.java:114)
	at app//org.junit.platform.launcher.core.DefaultLauncher.execute(DefaultLauncher.java:86)
	at app//org.junit.platform.launcher.core.DefaultLauncherSession$DelegatingLauncher.execute(DefaultLauncherSession.java:86)
	at org.gradle.api.internal.tasks.testing.junitplatform.JUnitPlatformTestClassProcessor$CollectAllTestClassesExecutor.processAllTestClasses(JUnitPlatformTestClassProcessor.java:110)
	at org.gradle.api.internal.tasks.testing.junitplatform.JUnitPlatformTestClassProcessor$CollectAllTestClassesExecutor.access$000(JUnitPlatformTestClassProcessor.java:90)
	at org.gradle.api.internal.tasks.testing.junitplatform.JUnitPlatformTestClassProcessor.stop(JUnitPlatformTestClassProcessor.java:85)
	at org.gradle.api.internal.tasks.testing.SuiteTestClassProcessor.stop(SuiteTestClassProcessor.java:62)
	at java.base@11.0.19/jdk.internal.reflect.NativeMethodAccessorImpl.invoke0(Native Method)
	at java.base@11.0.19/jdk.internal.reflect.NativeMethodAccessorImpl.invoke(NativeMethodAccessorImpl.java:62)
	at java.base@11.0.19/jdk.internal.reflect.DelegatingMethodAccessorImpl.invoke(DelegatingMethodAccessorImpl.java:43)
	at java.base@11.0.19/java.lang.reflect.Method.invoke(Method.java:566)
	at org.gradle.internal.dispatch.ReflectionDispatch.dispatch(ReflectionDispatch.java:36)
	at org.gradle.internal.dispatch.ReflectionDispatch.dispatch(ReflectionDispatch.java:24)
	at org.gradle.internal.dispatch.ContextClassLoaderDispatch.dispatch(ContextClassLoaderDispatch.java:33)
	at org.gradle.internal.dispatch.ProxyDispatchAdapter$DispatchingInvocationHandler.invoke(ProxyDispatchAdapter.java:94)
	at com.sun.proxy.$Proxy2.stop(Unknown Source)
	at org.gradle.api.internal.tasks.testing.worker.TestWorker$3.run(TestWorker.java:193)
	at org.gradle.api.internal.tasks.testing.worker.TestWorker.executeAndMaintainThreadName(TestWorker.java:129)
	at org.gradle.api.internal.tasks.testing.worker.TestWorker.execute(TestWorker.java:100)
	at org.gradle.api.internal.tasks.testing.worker.TestWorker.execute(TestWorker.java:60)
	at org.gradle.process.internal.worker.child.ActionExecutionWorker.execute(ActionExecutionWorker.java:56)
	at org.gradle.process.internal.worker.child.SystemApplicationClassLoaderWorker.call(SystemApplicationClassLoaderWorker.java:113)
	at org.gradle.process.internal.worker.child.SystemApplicationClassLoaderWorker.call(SystemApplicationClassLoaderWorker.java:65)
	at app//worker.org.gradle.process.internal.worker.GradleWorkerMain.run(GradleWorkerMain.java:69)
	at app//worker.org.gradle.process.internal.worker.GradleWorkerMain.main(GradleWorkerMain.java:74)
</failure>
  </testcase>
  <testcase name="list_ghost" classname="de.uka.ilkd.key.proof.runallproofs.RunAllProofsFunctional" time="78.691"/>
  <testcase name="list_recursive" classname="de.uka.ilkd.key.proof.runallproofs.RunAllProofsFunctional" time="24.966"/>
  <testcase name="list_seq" classname="de.uka.ilkd.key.proof.runallproofs.RunAllProofsFunctional" time="168.633"/>
  <testcase name="observer" classname="de.uka.ilkd.key.proof.runallproofs.RunAllProofsFunctional" time="87.74">
    <failure message="org.opentest4j.AssertionFailedError: Executed process terminated with non-zero exit value. ==&gt; expected: &lt;0&gt; but was: &lt;1&gt;" type="org.opentest4j.AssertionFailedError">org.opentest4j.AssertionFailedError: Executed process terminated with non-zero exit value. ==&gt; expected: &lt;0&gt; but was: &lt;1&gt;
	at app//org.junit.jupiter.api.AssertionFailureBuilder.build(AssertionFailureBuilder.java:151)
	at app//org.junit.jupiter.api.AssertionFailureBuilder.buildAndThrow(AssertionFailureBuilder.java:132)
	at app//org.junit.jupiter.api.AssertEquals.failNotEqual(AssertEquals.java:197)
	at app//org.junit.jupiter.api.AssertEquals.assertEquals(AssertEquals.java:150)
	at app//org.junit.jupiter.api.Assertions.assertEquals(Assertions.java:560)
	at app//de.uka.ilkd.key.proof.runallproofs.proofcollection.ForkedTestFileRunner.processTestFiles(ForkedTestFileRunner.java:130)
	at app//de.uka.ilkd.key.proof.runallproofs.RunAllProofsTestUnit.runTest(RunAllProofsTestUnit.java:89)
	at app//de.uka.ilkd.key.proof.runallproofs.RunAllProofsTest.lambda$data$0(RunAllProofsTest.java:77)
	at app//org.junit.jupiter.engine.descriptor.DynamicTestTestDescriptor.lambda$execute$0(DynamicTestTestDescriptor.java:53)
	at app//org.junit.jupiter.engine.execution.InvocationInterceptorChain$ValidatingInvocation.proceed(InvocationInterceptorChain.java:131)
	at app//org.junit.jupiter.api.extension.InvocationInterceptor.interceptDynamicTest(InvocationInterceptor.java:167)
	at app//org.junit.jupiter.api.extension.InvocationInterceptor.interceptDynamicTest(InvocationInterceptor.java:184)
	at app//org.junit.jupiter.engine.descriptor.DynamicTestTestDescriptor.lambda$execute$1(DynamicTestTestDescriptor.java:61)
	at app//org.junit.jupiter.engine.execution.InvocationInterceptorChain$InterceptorCall.lambda$ofVoid$0(InvocationInterceptorChain.java:78)
	at app//org.junit.jupiter.engine.execution.InvocationInterceptorChain$InterceptedInvocation.proceed(InvocationInterceptorChain.java:106)
	at app//org.junit.jupiter.engine.execution.InvocationInterceptorChain.proceed(InvocationInterceptorChain.java:64)
	at app//org.junit.jupiter.engine.execution.InvocationInterceptorChain.chainAndInvoke(InvocationInterceptorChain.java:45)
	at app//org.junit.jupiter.engine.execution.InvocationInterceptorChain.invoke(InvocationInterceptorChain.java:37)
	at app//org.junit.jupiter.engine.descriptor.DynamicTestTestDescriptor.execute(DynamicTestTestDescriptor.java:60)
	at app//org.junit.jupiter.engine.descriptor.DynamicTestTestDescriptor.execute(DynamicTestTestDescriptor.java:32)
	at app//org.junit.platform.engine.support.hierarchical.NodeTestTask.lambda$executeRecursively$6(NodeTestTask.java:151)
	at app//org.junit.platform.engine.support.hierarchical.ThrowableCollector.execute(ThrowableCollector.java:73)
	at app//org.junit.platform.engine.support.hierarchical.NodeTestTask.lambda$executeRecursively$8(NodeTestTask.java:141)
	at app//org.junit.platform.engine.support.hierarchical.Node.around(Node.java:137)
	at app//org.junit.platform.engine.support.hierarchical.NodeTestTask.lambda$executeRecursively$9(NodeTestTask.java:139)
	at app//org.junit.platform.engine.support.hierarchical.ThrowableCollector.execute(ThrowableCollector.java:73)
	at app//org.junit.platform.engine.support.hierarchical.NodeTestTask.executeRecursively(NodeTestTask.java:138)
	at app//org.junit.platform.engine.support.hierarchical.NodeTestTask.execute(NodeTestTask.java:95)
	at app//org.junit.platform.engine.support.hierarchical.SameThreadHierarchicalTestExecutorService.submit(SameThreadHierarchicalTestExecutorService.java:35)
	at app//org.junit.platform.engine.support.hierarchical.NodeTestTask$DefaultDynamicTestExecutor.execute(NodeTestTask.java:226)
	at app//org.junit.platform.engine.support.hierarchical.NodeTestTask$DefaultDynamicTestExecutor.execute(NodeTestTask.java:204)
	at java.base@11.0.19/java.util.Optional.ifPresent(Optional.java:183)
	at app//org.junit.jupiter.engine.descriptor.TestFactoryTestDescriptor.lambda$invokeTestMethod$1(TestFactoryTestDescriptor.java:108)
	at app//org.junit.platform.engine.support.hierarchical.ThrowableCollector.execute(ThrowableCollector.java:73)
	at app//org.junit.jupiter.engine.descriptor.TestFactoryTestDescriptor.invokeTestMethod(TestFactoryTestDescriptor.java:95)
	at app//org.junit.jupiter.engine.descriptor.TestMethodTestDescriptor.execute(TestMethodTestDescriptor.java:138)
	at app//org.junit.jupiter.engine.descriptor.TestMethodTestDescriptor.execute(TestMethodTestDescriptor.java:68)
	at app//org.junit.platform.engine.support.hierarchical.NodeTestTask.lambda$executeRecursively$6(NodeTestTask.java:151)
	at app//org.junit.platform.engine.support.hierarchical.ThrowableCollector.execute(ThrowableCollector.java:73)
	at app//org.junit.platform.engine.support.hierarchical.NodeTestTask.lambda$executeRecursively$8(NodeTestTask.java:141)
	at app//org.junit.platform.engine.support.hierarchical.Node.around(Node.java:137)
	at app//org.junit.platform.engine.support.hierarchical.NodeTestTask.lambda$executeRecursively$9(NodeTestTask.java:139)
	at app//org.junit.platform.engine.support.hierarchical.ThrowableCollector.execute(ThrowableCollector.java:73)
	at app//org.junit.platform.engine.support.hierarchical.NodeTestTask.executeRecursively(NodeTestTask.java:138)
	at app//org.junit.platform.engine.support.hierarchical.NodeTestTask.execute(NodeTestTask.java:95)
	at java.base@11.0.19/java.util.ArrayList.forEach(ArrayList.java:1541)
	at app//org.junit.platform.engine.support.hierarchical.SameThreadHierarchicalTestExecutorService.invokeAll(SameThreadHierarchicalTestExecutorService.java:41)
	at app//org.junit.platform.engine.support.hierarchical.NodeTestTask.lambda$executeRecursively$6(NodeTestTask.java:155)
	at app//org.junit.platform.engine.support.hierarchical.ThrowableCollector.execute(ThrowableCollector.java:73)
	at app//org.junit.platform.engine.support.hierarchical.NodeTestTask.lambda$executeRecursively$8(NodeTestTask.java:141)
	at app//org.junit.platform.engine.support.hierarchical.Node.around(Node.java:137)
	at app//org.junit.platform.engine.support.hierarchical.NodeTestTask.lambda$executeRecursively$9(NodeTestTask.java:139)
	at app//org.junit.platform.engine.support.hierarchical.ThrowableCollector.execute(ThrowableCollector.java:73)
	at app//org.junit.platform.engine.support.hierarchical.NodeTestTask.executeRecursively(NodeTestTask.java:138)
	at app//org.junit.platform.engine.support.hierarchical.NodeTestTask.execute(NodeTestTask.java:95)
	at java.base@11.0.19/java.util.ArrayList.forEach(ArrayList.java:1541)
	at app//org.junit.platform.engine.support.hierarchical.SameThreadHierarchicalTestExecutorService.invokeAll(SameThreadHierarchicalTestExecutorService.java:41)
	at app//org.junit.platform.engine.support.hierarchical.NodeTestTask.lambda$executeRecursively$6(NodeTestTask.java:155)
	at app//org.junit.platform.engine.support.hierarchical.ThrowableCollector.execute(ThrowableCollector.java:73)
	at app//org.junit.platform.engine.support.hierarchical.NodeTestTask.lambda$executeRecursively$8(NodeTestTask.java:141)
	at app//org.junit.platform.engine.support.hierarchical.Node.around(Node.java:137)
	at app//org.junit.platform.engine.support.hierarchical.NodeTestTask.lambda$executeRecursively$9(NodeTestTask.java:139)
	at app//org.junit.platform.engine.support.hierarchical.ThrowableCollector.execute(ThrowableCollector.java:73)
	at app//org.junit.platform.engine.support.hierarchical.NodeTestTask.executeRecursively(NodeTestTask.java:138)
	at app//org.junit.platform.engine.support.hierarchical.NodeTestTask.execute(NodeTestTask.java:95)
	at app//org.junit.platform.engine.support.hierarchical.SameThreadHierarchicalTestExecutorService.submit(SameThreadHierarchicalTestExecutorService.java:35)
	at app//org.junit.platform.engine.support.hierarchical.HierarchicalTestExecutor.execute(HierarchicalTestExecutor.java:57)
	at app//org.junit.platform.engine.support.hierarchical.HierarchicalTestEngine.execute(HierarchicalTestEngine.java:54)
	at app//org.junit.platform.launcher.core.EngineExecutionOrchestrator.execute(EngineExecutionOrchestrator.java:107)
	at app//org.junit.platform.launcher.core.EngineExecutionOrchestrator.execute(EngineExecutionOrchestrator.java:88)
	at app//org.junit.platform.launcher.core.EngineExecutionOrchestrator.lambda$execute$0(EngineExecutionOrchestrator.java:54)
	at app//org.junit.platform.launcher.core.EngineExecutionOrchestrator.withInterceptedStreams(EngineExecutionOrchestrator.java:67)
	at app//org.junit.platform.launcher.core.EngineExecutionOrchestrator.execute(EngineExecutionOrchestrator.java:52)
	at app//org.junit.platform.launcher.core.DefaultLauncher.execute(DefaultLauncher.java:114)
	at app//org.junit.platform.launcher.core.DefaultLauncher.execute(DefaultLauncher.java:86)
	at app//org.junit.platform.launcher.core.DefaultLauncherSession$DelegatingLauncher.execute(DefaultLauncherSession.java:86)
	at org.gradle.api.internal.tasks.testing.junitplatform.JUnitPlatformTestClassProcessor$CollectAllTestClassesExecutor.processAllTestClasses(JUnitPlatformTestClassProcessor.java:110)
	at org.gradle.api.internal.tasks.testing.junitplatform.JUnitPlatformTestClassProcessor$CollectAllTestClassesExecutor.access$000(JUnitPlatformTestClassProcessor.java:90)
	at org.gradle.api.internal.tasks.testing.junitplatform.JUnitPlatformTestClassProcessor.stop(JUnitPlatformTestClassProcessor.java:85)
	at org.gradle.api.internal.tasks.testing.SuiteTestClassProcessor.stop(SuiteTestClassProcessor.java:62)
	at java.base@11.0.19/jdk.internal.reflect.NativeMethodAccessorImpl.invoke0(Native Method)
	at java.base@11.0.19/jdk.internal.reflect.NativeMethodAccessorImpl.invoke(NativeMethodAccessorImpl.java:62)
	at java.base@11.0.19/jdk.internal.reflect.DelegatingMethodAccessorImpl.invoke(DelegatingMethodAccessorImpl.java:43)
	at java.base@11.0.19/java.lang.reflect.Method.invoke(Method.java:566)
	at org.gradle.internal.dispatch.ReflectionDispatch.dispatch(ReflectionDispatch.java:36)
	at org.gradle.internal.dispatch.ReflectionDispatch.dispatch(ReflectionDispatch.java:24)
	at org.gradle.internal.dispatch.ContextClassLoaderDispatch.dispatch(ContextClassLoaderDispatch.java:33)
	at org.gradle.internal.dispatch.ProxyDispatchAdapter$DispatchingInvocationHandler.invoke(ProxyDispatchAdapter.java:94)
	at com.sun.proxy.$Proxy2.stop(Unknown Source)
	at org.gradle.api.internal.tasks.testing.worker.TestWorker$3.run(TestWorker.java:193)
	at org.gradle.api.internal.tasks.testing.worker.TestWorker.executeAndMaintainThreadName(TestWorker.java:129)
	at org.gradle.api.internal.tasks.testing.worker.TestWorker.execute(TestWorker.java:100)
	at org.gradle.api.internal.tasks.testing.worker.TestWorker.execute(TestWorker.java:60)
	at org.gradle.process.internal.worker.child.ActionExecutionWorker.execute(ActionExecutionWorker.java:56)
	at org.gradle.process.internal.worker.child.SystemApplicationClassLoaderWorker.call(SystemApplicationClassLoaderWorker.java:113)
	at org.gradle.process.internal.worker.child.SystemApplicationClassLoaderWorker.call(SystemApplicationClassLoaderWorker.java:65)
	at app//worker.org.gradle.process.internal.worker.GradleWorkerMain.run(GradleWorkerMain.java:69)
	at app//worker.org.gradle.process.internal.worker.GradleWorkerMain.main(GradleWorkerMain.java:74)
</failure>
  </testcase>
  <testcase name="removeDups" classname="de.uka.ilkd.key.proof.runallproofs.RunAllProofsFunctional" time="141.439"/>
  <testcase name="quicksort" classname="de.uka.ilkd.key.proof.runallproofs.RunAllProofsFunctional" time="122.316"/>
  <testcase name="simpleTests" classname="de.uka.ilkd.key.proof.runallproofs.RunAllProofsFunctional" time="159.352">
    <failure message="org.opentest4j.AssertionFailedError: group simpleTests:&#10;pass: Verifying property &quot;provable&quot; was successful for file: /home/runner/work/key/key/key.core/../key.ui/examples/heap/simple/anonymise_datagroup.key&#10;pass: Verifying property &quot;provable&quot; was successful for file: /home/runner/work/key/key/key.core/../key.ui/examples/heap/simple/array_creation.key&#10;pass: Verifying property &quot;provable&quot; was successful for file: /home/runner/work/key/key/key.core/../key.ui/examples/heap/simple/arrays_with_disjoint_sorts.key&#10;pass: Verifying property &quot;provable&quot; was successful for file: /home/runner/work/key/key/key.core/../key.ui/examples/heap/simple/arrays.key&#10;pass: Verifying property &quot;provable&quot; was successful for file: /home/runner/work/key/key/key.core/../key.ui/examples/heap/simple/attributes.key&#10;FAIL: Verifying property &quot;provable&quot; failed for file: /home/runner/work/key/key/key.core/../key.ui/examples/heap/simple/constructor_contracts.key&#10;pass: Verifying property &quot;provable&quot; was successful for file: /home/runner/work/key/key/key.core/../key.ui/examples/heap/simple/dependencies.key&#10;FAIL: Verifying property &quot;provable&quot; failed for file: /home/runner/work/key/key/key.core/../key.ui/examples/heap/simple/dependency_contracts.key&#10;FAIL: Verifying property &quot;provable&quot; failed for file: /home/runner/work/key/key/key.core/../key.ui/examples/heap/simple/invariant_preservation.key&#10;pass: Verifying property &quot;provable&quot; was successful for file: /home/runner/work/key/key/key.core/../key.ui/examples/heap/simple/locsets.key&#10;pass: Verifying property &quot;provable&quot; was successful for file: /home/runner/work/key/key/key.core/../key.ui/examples/heap/simple/loop1.key&#10;pass: Verifying property &quot;provable&quot; was successful for file: /home/runner/work/key/key/key.core/../key.ui/examples/heap/simple/loop2.key&#10;pass: Verifying property &quot;provable&quot; was successful for file: /home/runner/work/key/key/key.core/../key.ui/examples/heap/simple/modifies_datagroup.key&#10;pass: Verifying property &quot;provable&quot; was successful for file: /home/runner/work/key/key/key.core/../key.ui/examples/heap/simple/modifies.key&#10;pass: Verifying property &quot;provable&quot; was successful for file: /home/runner/work/key/key/key.core/../key.ui/examples/heap/simple/object_creation.key&#10;FAIL: Verifying property &quot;provable&quot; failed for file: /home/runner/work/key/key/key.core/../key.ui/examples/heap/simple/operation_contracts.key&#10;pass: Verifying property &quot;provable&quot; was successful for file: /home/runner/work/key/key/key.core/../key.ui/examples/heap/simple/select_store.key&#10;pass: Verifying property &quot;provable&quot; was successful for file: /home/runner/work/key/key/key.core/../key.ui/examples/heap/simple/selection_sort.key&#10;pass: Verifying property &quot;provable&quot; was successful for file: /home/runner/work/key/key/key.core/../key.ui/examples/heap/simple/seq.key&#10;pass: Verifying property &quot;provable&quot; was successful for file: /home/runner/work/key/key/key.core/../key.ui/examples/heap/simple/oldForParams.key&#10;pass: Verifying property &quot;provable&quot; was successful for file: /home/runner/work/key/key/key.core/../key.ui/examples/heap/simple/parse_lmtd.key&#10;pass: Verifying property &quot;provable&quot; was successful for file: /home/runner/work/key/key/key.core/../key.ui/examples/heap/strictly_pure/strictlyPureMethod.key&#10;pass: Verifying property &quot;provable&quot; was successful for file: /home/runner/work/key/key/key.core/../key.ui/examples/heap/strictly_pure/useStrictlyPureMethod.key&#10;pass: Verifying property &quot;provable&quot; was successful for file: /home/runner/work/key/key/key.core/../key.ui/examples/heap/Wellfounded/ackermann.key&#10;pass: Verifying property &quot;provable&quot; was successful for file: /home/runner/work/key/key/key.core/../key.ui/examples/standard_key/unicode_test.key&#10;pass: Verifying property &quot;provable&quot; was successful for file: /home/runner/work/key/key/key.core/../key.ui/examples/heap/strictlyModular/mayExpand.key&#10;pass: Verifying property &quot;notprovable&quot; was successful for file: /home/runner/work/key/key/key.core/../key.ui/examples/heap/strictlyModular/modularOnly.key&#10; ==&gt; expected: &lt;true&gt; but was: &lt;false&gt;" type="org.opentest4j.AssertionFailedError">org.opentest4j.AssertionFailedError: group simpleTests:
pass: Verifying property &quot;provable&quot; was successful for file: /home/runner/work/key/key/key.core/../key.ui/examples/heap/simple/anonymise_datagroup.key
pass: Verifying property &quot;provable&quot; was successful for file: /home/runner/work/key/key/key.core/../key.ui/examples/heap/simple/array_creation.key
pass: Verifying property &quot;provable&quot; was successful for file: /home/runner/work/key/key/key.core/../key.ui/examples/heap/simple/arrays_with_disjoint_sorts.key
pass: Verifying property &quot;provable&quot; was successful for file: /home/runner/work/key/key/key.core/../key.ui/examples/heap/simple/arrays.key
pass: Verifying property &quot;provable&quot; was successful for file: /home/runner/work/key/key/key.core/../key.ui/examples/heap/simple/attributes.key
FAIL: Verifying property &quot;provable&quot; failed for file: /home/runner/work/key/key/key.core/../key.ui/examples/heap/simple/constructor_contracts.key
pass: Verifying property &quot;provable&quot; was successful for file: /home/runner/work/key/key/key.core/../key.ui/examples/heap/simple/dependencies.key
FAIL: Verifying property &quot;provable&quot; failed for file: /home/runner/work/key/key/key.core/../key.ui/examples/heap/simple/dependency_contracts.key
FAIL: Verifying property &quot;provable&quot; failed for file: /home/runner/work/key/key/key.core/../key.ui/examples/heap/simple/invariant_preservation.key
pass: Verifying property &quot;provable&quot; was successful for file: /home/runner/work/key/key/key.core/../key.ui/examples/heap/simple/locsets.key
pass: Verifying property &quot;provable&quot; was successful for file: /home/runner/work/key/key/key.core/../key.ui/examples/heap/simple/loop1.key
pass: Verifying property &quot;provable&quot; was successful for file: /home/runner/work/key/key/key.core/../key.ui/examples/heap/simple/loop2.key
pass: Verifying property &quot;provable&quot; was successful for file: /home/runner/work/key/key/key.core/../key.ui/examples/heap/simple/modifies_datagroup.key
pass: Verifying property &quot;provable&quot; was successful for file: /home/runner/work/key/key/key.core/../key.ui/examples/heap/simple/modifies.key
pass: Verifying property &quot;provable&quot; was successful for file: /home/runner/work/key/key/key.core/../key.ui/examples/heap/simple/object_creation.key
FAIL: Verifying property &quot;provable&quot; failed for file: /home/runner/work/key/key/key.core/../key.ui/examples/heap/simple/operation_contracts.key
pass: Verifying property &quot;provable&quot; was successful for file: /home/runner/work/key/key/key.core/../key.ui/examples/heap/simple/select_store.key
pass: Verifying property &quot;provable&quot; was successful for file: /home/runner/work/key/key/key.core/../key.ui/examples/heap/simple/selection_sort.key
pass: Verifying property &quot;provable&quot; was successful for file: /home/runner/work/key/key/key.core/../key.ui/examples/heap/simple/seq.key
pass: Verifying property &quot;provable&quot; was successful for file: /home/runner/work/key/key/key.core/../key.ui/examples/heap/simple/oldForParams.key
pass: Verifying property &quot;provable&quot; was successful for file: /home/runner/work/key/key/key.core/../key.ui/examples/heap/simple/parse_lmtd.key
pass: Verifying property &quot;provable&quot; was successful for file: /home/runner/work/key/key/key.core/../key.ui/examples/heap/strictly_pure/strictlyPureMethod.key
pass: Verifying property &quot;provable&quot; was successful for file: /home/runner/work/key/key/key.core/../key.ui/examples/heap/strictly_pure/useStrictlyPureMethod.key
pass: Verifying property &quot;provable&quot; was successful for file: /home/runner/work/key/key/key.core/../key.ui/examples/heap/Wellfounded/ackermann.key
pass: Verifying property &quot;provable&quot; was successful for file: /home/runner/work/key/key/key.core/../key.ui/examples/standard_key/unicode_test.key
pass: Verifying property &quot;provable&quot; was successful for file: /home/runner/work/key/key/key.core/../key.ui/examples/heap/strictlyModular/mayExpand.key
pass: Verifying property &quot;notprovable&quot; was successful for file: /home/runner/work/key/key/key.core/../key.ui/examples/heap/strictlyModular/modularOnly.key
 ==&gt; expected: &lt;true&gt; but was: &lt;false&gt;
	at app//org.junit.jupiter.api.AssertionFailureBuilder.build(AssertionFailureBuilder.java:151)
	at app//org.junit.jupiter.api.AssertionFailureBuilder.buildAndThrow(AssertionFailureBuilder.java:132)
	at app//org.junit.jupiter.api.AssertTrue.failNotTrue(AssertTrue.java:63)
	at app//org.junit.jupiter.api.AssertTrue.assertTrue(AssertTrue.java:36)
	at app//org.junit.jupiter.api.Assertions.assertTrue(Assertions.java:211)
	at app//de.uka.ilkd.key.proof.runallproofs.RunAllProofsTest.lambda$data$0(RunAllProofsTest.java:78)
	at app//org.junit.jupiter.engine.descriptor.DynamicTestTestDescriptor.lambda$execute$0(DynamicTestTestDescriptor.java:53)
	at app//org.junit.jupiter.engine.execution.InvocationInterceptorChain$ValidatingInvocation.proceed(InvocationInterceptorChain.java:131)
	at app//org.junit.jupiter.api.extension.InvocationInterceptor.interceptDynamicTest(InvocationInterceptor.java:167)
	at app//org.junit.jupiter.api.extension.InvocationInterceptor.interceptDynamicTest(InvocationInterceptor.java:184)
	at app//org.junit.jupiter.engine.descriptor.DynamicTestTestDescriptor.lambda$execute$1(DynamicTestTestDescriptor.java:61)
	at app//org.junit.jupiter.engine.execution.InvocationInterceptorChain$InterceptorCall.lambda$ofVoid$0(InvocationInterceptorChain.java:78)
	at app//org.junit.jupiter.engine.execution.InvocationInterceptorChain$InterceptedInvocation.proceed(InvocationInterceptorChain.java:106)
	at app//org.junit.jupiter.engine.execution.InvocationInterceptorChain.proceed(InvocationInterceptorChain.java:64)
	at app//org.junit.jupiter.engine.execution.InvocationInterceptorChain.chainAndInvoke(InvocationInterceptorChain.java:45)
	at app//org.junit.jupiter.engine.execution.InvocationInterceptorChain.invoke(InvocationInterceptorChain.java:37)
	at app//org.junit.jupiter.engine.descriptor.DynamicTestTestDescriptor.execute(DynamicTestTestDescriptor.java:60)
	at app//org.junit.jupiter.engine.descriptor.DynamicTestTestDescriptor.execute(DynamicTestTestDescriptor.java:32)
	at app//org.junit.platform.engine.support.hierarchical.NodeTestTask.lambda$executeRecursively$6(NodeTestTask.java:151)
	at app//org.junit.platform.engine.support.hierarchical.ThrowableCollector.execute(ThrowableCollector.java:73)
	at app//org.junit.platform.engine.support.hierarchical.NodeTestTask.lambda$executeRecursively$8(NodeTestTask.java:141)
	at app//org.junit.platform.engine.support.hierarchical.Node.around(Node.java:137)
	at app//org.junit.platform.engine.support.hierarchical.NodeTestTask.lambda$executeRecursively$9(NodeTestTask.java:139)
	at app//org.junit.platform.engine.support.hierarchical.ThrowableCollector.execute(ThrowableCollector.java:73)
	at app//org.junit.platform.engine.support.hierarchical.NodeTestTask.executeRecursively(NodeTestTask.java:138)
	at app//org.junit.platform.engine.support.hierarchical.NodeTestTask.execute(NodeTestTask.java:95)
	at app//org.junit.platform.engine.support.hierarchical.SameThreadHierarchicalTestExecutorService.submit(SameThreadHierarchicalTestExecutorService.java:35)
	at app//org.junit.platform.engine.support.hierarchical.NodeTestTask$DefaultDynamicTestExecutor.execute(NodeTestTask.java:226)
	at app//org.junit.platform.engine.support.hierarchical.NodeTestTask$DefaultDynamicTestExecutor.execute(NodeTestTask.java:204)
	at java.base@11.0.19/java.util.Optional.ifPresent(Optional.java:183)
	at app//org.junit.jupiter.engine.descriptor.TestFactoryTestDescriptor.lambda$invokeTestMethod$1(TestFactoryTestDescriptor.java:108)
	at app//org.junit.platform.engine.support.hierarchical.ThrowableCollector.execute(ThrowableCollector.java:73)
	at app//org.junit.jupiter.engine.descriptor.TestFactoryTestDescriptor.invokeTestMethod(TestFactoryTestDescriptor.java:95)
	at app//org.junit.jupiter.engine.descriptor.TestMethodTestDescriptor.execute(TestMethodTestDescriptor.java:138)
	at app//org.junit.jupiter.engine.descriptor.TestMethodTestDescriptor.execute(TestMethodTestDescriptor.java:68)
	at app//org.junit.platform.engine.support.hierarchical.NodeTestTask.lambda$executeRecursively$6(NodeTestTask.java:151)
	at app//org.junit.platform.engine.support.hierarchical.ThrowableCollector.execute(ThrowableCollector.java:73)
	at app//org.junit.platform.engine.support.hierarchical.NodeTestTask.lambda$executeRecursively$8(NodeTestTask.java:141)
	at app//org.junit.platform.engine.support.hierarchical.Node.around(Node.java:137)
	at app//org.junit.platform.engine.support.hierarchical.NodeTestTask.lambda$executeRecursively$9(NodeTestTask.java:139)
	at app//org.junit.platform.engine.support.hierarchical.ThrowableCollector.execute(ThrowableCollector.java:73)
	at app//org.junit.platform.engine.support.hierarchical.NodeTestTask.executeRecursively(NodeTestTask.java:138)
	at app//org.junit.platform.engine.support.hierarchical.NodeTestTask.execute(NodeTestTask.java:95)
	at java.base@11.0.19/java.util.ArrayList.forEach(ArrayList.java:1541)
	at app//org.junit.platform.engine.support.hierarchical.SameThreadHierarchicalTestExecutorService.invokeAll(SameThreadHierarchicalTestExecutorService.java:41)
	at app//org.junit.platform.engine.support.hierarchical.NodeTestTask.lambda$executeRecursively$6(NodeTestTask.java:155)
	at app//org.junit.platform.engine.support.hierarchical.ThrowableCollector.execute(ThrowableCollector.java:73)
	at app//org.junit.platform.engine.support.hierarchical.NodeTestTask.lambda$executeRecursively$8(NodeTestTask.java:141)
	at app//org.junit.platform.engine.support.hierarchical.Node.around(Node.java:137)
	at app//org.junit.platform.engine.support.hierarchical.NodeTestTask.lambda$executeRecursively$9(NodeTestTask.java:139)
	at app//org.junit.platform.engine.support.hierarchical.ThrowableCollector.execute(ThrowableCollector.java:73)
	at app//org.junit.platform.engine.support.hierarchical.NodeTestTask.executeRecursively(NodeTestTask.java:138)
	at app//org.junit.platform.engine.support.hierarchical.NodeTestTask.execute(NodeTestTask.java:95)
	at java.base@11.0.19/java.util.ArrayList.forEach(ArrayList.java:1541)
	at app//org.junit.platform.engine.support.hierarchical.SameThreadHierarchicalTestExecutorService.invokeAll(SameThreadHierarchicalTestExecutorService.java:41)
	at app//org.junit.platform.engine.support.hierarchical.NodeTestTask.lambda$executeRecursively$6(NodeTestTask.java:155)
	at app//org.junit.platform.engine.support.hierarchical.ThrowableCollector.execute(ThrowableCollector.java:73)
	at app//org.junit.platform.engine.support.hierarchical.NodeTestTask.lambda$executeRecursively$8(NodeTestTask.java:141)
	at app//org.junit.platform.engine.support.hierarchical.Node.around(Node.java:137)
	at app//org.junit.platform.engine.support.hierarchical.NodeTestTask.lambda$executeRecursively$9(NodeTestTask.java:139)
	at app//org.junit.platform.engine.support.hierarchical.ThrowableCollector.execute(ThrowableCollector.java:73)
	at app//org.junit.platform.engine.support.hierarchical.NodeTestTask.executeRecursively(NodeTestTask.java:138)
	at app//org.junit.platform.engine.support.hierarchical.NodeTestTask.execute(NodeTestTask.java:95)
	at app//org.junit.platform.engine.support.hierarchical.SameThreadHierarchicalTestExecutorService.submit(SameThreadHierarchicalTestExecutorService.java:35)
	at app//org.junit.platform.engine.support.hierarchical.HierarchicalTestExecutor.execute(HierarchicalTestExecutor.java:57)
	at app//org.junit.platform.engine.support.hierarchical.HierarchicalTestEngine.execute(HierarchicalTestEngine.java:54)
	at app//org.junit.platform.launcher.core.EngineExecutionOrchestrator.execute(EngineExecutionOrchestrator.java:107)
	at app//org.junit.platform.launcher.core.EngineExecutionOrchestrator.execute(EngineExecutionOrchestrator.java:88)
	at app//org.junit.platform.launcher.core.EngineExecutionOrchestrator.lambda$execute$0(EngineExecutionOrchestrator.java:54)
	at app//org.junit.platform.launcher.core.EngineExecutionOrchestrator.withInterceptedStreams(EngineExecutionOrchestrator.java:67)
	at app//org.junit.platform.launcher.core.EngineExecutionOrchestrator.execute(EngineExecutionOrchestrator.java:52)
	at app//org.junit.platform.launcher.core.DefaultLauncher.execute(DefaultLauncher.java:114)
	at app//org.junit.platform.launcher.core.DefaultLauncher.execute(DefaultLauncher.java:86)
	at app//org.junit.platform.launcher.core.DefaultLauncherSession$DelegatingLauncher.execute(DefaultLauncherSession.java:86)
	at org.gradle.api.internal.tasks.testing.junitplatform.JUnitPlatformTestClassProcessor$CollectAllTestClassesExecutor.processAllTestClasses(JUnitPlatformTestClassProcessor.java:110)
	at org.gradle.api.internal.tasks.testing.junitplatform.JUnitPlatformTestClassProcessor$CollectAllTestClassesExecutor.access$000(JUnitPlatformTestClassProcessor.java:90)
	at org.gradle.api.internal.tasks.testing.junitplatform.JUnitPlatformTestClassProcessor.stop(JUnitPlatformTestClassProcessor.java:85)
	at org.gradle.api.internal.tasks.testing.SuiteTestClassProcessor.stop(SuiteTestClassProcessor.java:62)
	at java.base@11.0.19/jdk.internal.reflect.NativeMethodAccessorImpl.invoke0(Native Method)
	at java.base@11.0.19/jdk.internal.reflect.NativeMethodAccessorImpl.invoke(NativeMethodAccessorImpl.java:62)
	at java.base@11.0.19/jdk.internal.reflect.DelegatingMethodAccessorImpl.invoke(DelegatingMethodAccessorImpl.java:43)
	at java.base@11.0.19/java.lang.reflect.Method.invoke(Method.java:566)
	at org.gradle.internal.dispatch.ReflectionDispatch.dispatch(ReflectionDispatch.java:36)
	at org.gradle.internal.dispatch.ReflectionDispatch.dispatch(ReflectionDispatch.java:24)
	at org.gradle.internal.dispatch.ContextClassLoaderDispatch.dispatch(ContextClassLoaderDispatch.java:33)
	at org.gradle.internal.dispatch.ProxyDispatchAdapter$DispatchingInvocationHandler.invoke(ProxyDispatchAdapter.java:94)
	at com.sun.proxy.$Proxy2.stop(Unknown Source)
	at org.gradle.api.internal.tasks.testing.worker.TestWorker$3.run(TestWorker.java:193)
	at org.gradle.api.internal.tasks.testing.worker.TestWorker.executeAndMaintainThreadName(TestWorker.java:129)
	at org.gradle.api.internal.tasks.testing.worker.TestWorker.execute(TestWorker.java:100)
	at org.gradle.api.internal.tasks.testing.worker.TestWorker.execute(TestWorker.java:60)
	at org.gradle.process.internal.worker.child.ActionExecutionWorker.execute(ActionExecutionWorker.java:56)
	at org.gradle.process.internal.worker.child.SystemApplicationClassLoaderWorker.call(SystemApplicationClassLoaderWorker.java:113)
	at org.gradle.process.internal.worker.child.SystemApplicationClassLoaderWorker.call(SystemApplicationClassLoaderWorker.java:65)
	at app//worker.org.gradle.process.internal.worker.GradleWorkerMain.run(GradleWorkerMain.java:69)
	at app//worker.org.gradle.process.internal.worker.GradleWorkerMain.main(GradleWorkerMain.java:74)
</failure>
  </testcase>
  <testcase name="SmansEtAl" classname="de.uka.ilkd.key.proof.runallproofs.RunAllProofsFunctional" time="175.68">
    <failure message="org.opentest4j.AssertionFailedError: Executed process terminated with non-zero exit value. ==&gt; expected: &lt;0&gt; but was: &lt;1&gt;" type="org.opentest4j.AssertionFailedError">org.opentest4j.AssertionFailedError: Executed process terminated with non-zero exit value. ==&gt; expected: &lt;0&gt; but was: &lt;1&gt;
	at app//org.junit.jupiter.api.AssertionFailureBuilder.build(AssertionFailureBuilder.java:151)
	at app//org.junit.jupiter.api.AssertionFailureBuilder.buildAndThrow(AssertionFailureBuilder.java:132)
	at app//org.junit.jupiter.api.AssertEquals.failNotEqual(AssertEquals.java:197)
	at app//org.junit.jupiter.api.AssertEquals.assertEquals(AssertEquals.java:150)
	at app//org.junit.jupiter.api.Assertions.assertEquals(Assertions.java:560)
	at app//de.uka.ilkd.key.proof.runallproofs.proofcollection.ForkedTestFileRunner.processTestFiles(ForkedTestFileRunner.java:130)
	at app//de.uka.ilkd.key.proof.runallproofs.RunAllProofsTestUnit.runTest(RunAllProofsTestUnit.java:89)
	at app//de.uka.ilkd.key.proof.runallproofs.RunAllProofsTest.lambda$data$0(RunAllProofsTest.java:77)
	at app//org.junit.jupiter.engine.descriptor.DynamicTestTestDescriptor.lambda$execute$0(DynamicTestTestDescriptor.java:53)
	at app//org.junit.jupiter.engine.execution.InvocationInterceptorChain$ValidatingInvocation.proceed(InvocationInterceptorChain.java:131)
	at app//org.junit.jupiter.api.extension.InvocationInterceptor.interceptDynamicTest(InvocationInterceptor.java:167)
	at app//org.junit.jupiter.api.extension.InvocationInterceptor.interceptDynamicTest(InvocationInterceptor.java:184)
	at app//org.junit.jupiter.engine.descriptor.DynamicTestTestDescriptor.lambda$execute$1(DynamicTestTestDescriptor.java:61)
	at app//org.junit.jupiter.engine.execution.InvocationInterceptorChain$InterceptorCall.lambda$ofVoid$0(InvocationInterceptorChain.java:78)
	at app//org.junit.jupiter.engine.execution.InvocationInterceptorChain$InterceptedInvocation.proceed(InvocationInterceptorChain.java:106)
	at app//org.junit.jupiter.engine.execution.InvocationInterceptorChain.proceed(InvocationInterceptorChain.java:64)
	at app//org.junit.jupiter.engine.execution.InvocationInterceptorChain.chainAndInvoke(InvocationInterceptorChain.java:45)
	at app//org.junit.jupiter.engine.execution.InvocationInterceptorChain.invoke(InvocationInterceptorChain.java:37)
	at app//org.junit.jupiter.engine.descriptor.DynamicTestTestDescriptor.execute(DynamicTestTestDescriptor.java:60)
	at app//org.junit.jupiter.engine.descriptor.DynamicTestTestDescriptor.execute(DynamicTestTestDescriptor.java:32)
	at app//org.junit.platform.engine.support.hierarchical.NodeTestTask.lambda$executeRecursively$6(NodeTestTask.java:151)
	at app//org.junit.platform.engine.support.hierarchical.ThrowableCollector.execute(ThrowableCollector.java:73)
	at app//org.junit.platform.engine.support.hierarchical.NodeTestTask.lambda$executeRecursively$8(NodeTestTask.java:141)
	at app//org.junit.platform.engine.support.hierarchical.Node.around(Node.java:137)
	at app//org.junit.platform.engine.support.hierarchical.NodeTestTask.lambda$executeRecursively$9(NodeTestTask.java:139)
	at app//org.junit.platform.engine.support.hierarchical.ThrowableCollector.execute(ThrowableCollector.java:73)
	at app//org.junit.platform.engine.support.hierarchical.NodeTestTask.executeRecursively(NodeTestTask.java:138)
	at app//org.junit.platform.engine.support.hierarchical.NodeTestTask.execute(NodeTestTask.java:95)
	at app//org.junit.platform.engine.support.hierarchical.SameThreadHierarchicalTestExecutorService.submit(SameThreadHierarchicalTestExecutorService.java:35)
	at app//org.junit.platform.engine.support.hierarchical.NodeTestTask$DefaultDynamicTestExecutor.execute(NodeTestTask.java:226)
	at app//org.junit.platform.engine.support.hierarchical.NodeTestTask$DefaultDynamicTestExecutor.execute(NodeTestTask.java:204)
	at java.base@11.0.19/java.util.Optional.ifPresent(Optional.java:183)
	at app//org.junit.jupiter.engine.descriptor.TestFactoryTestDescriptor.lambda$invokeTestMethod$1(TestFactoryTestDescriptor.java:108)
	at app//org.junit.platform.engine.support.hierarchical.ThrowableCollector.execute(ThrowableCollector.java:73)
	at app//org.junit.jupiter.engine.descriptor.TestFactoryTestDescriptor.invokeTestMethod(TestFactoryTestDescriptor.java:95)
	at app//org.junit.jupiter.engine.descriptor.TestMethodTestDescriptor.execute(TestMethodTestDescriptor.java:138)
	at app//org.junit.jupiter.engine.descriptor.TestMethodTestDescriptor.execute(TestMethodTestDescriptor.java:68)
	at app//org.junit.platform.engine.support.hierarchical.NodeTestTask.lambda$executeRecursively$6(NodeTestTask.java:151)
	at app//org.junit.platform.engine.support.hierarchical.ThrowableCollector.execute(ThrowableCollector.java:73)
	at app//org.junit.platform.engine.support.hierarchical.NodeTestTask.lambda$executeRecursively$8(NodeTestTask.java:141)
	at app//org.junit.platform.engine.support.hierarchical.Node.around(Node.java:137)
	at app//org.junit.platform.engine.support.hierarchical.NodeTestTask.lambda$executeRecursively$9(NodeTestTask.java:139)
	at app//org.junit.platform.engine.support.hierarchical.ThrowableCollector.execute(ThrowableCollector.java:73)
	at app//org.junit.platform.engine.support.hierarchical.NodeTestTask.executeRecursively(NodeTestTask.java:138)
	at app//org.junit.platform.engine.support.hierarchical.NodeTestTask.execute(NodeTestTask.java:95)
	at java.base@11.0.19/java.util.ArrayList.forEach(ArrayList.java:1541)
	at app//org.junit.platform.engine.support.hierarchical.SameThreadHierarchicalTestExecutorService.invokeAll(SameThreadHierarchicalTestExecutorService.java:41)
	at app//org.junit.platform.engine.support.hierarchical.NodeTestTask.lambda$executeRecursively$6(NodeTestTask.java:155)
	at app//org.junit.platform.engine.support.hierarchical.ThrowableCollector.execute(ThrowableCollector.java:73)
	at app//org.junit.platform.engine.support.hierarchical.NodeTestTask.lambda$executeRecursively$8(NodeTestTask.java:141)
	at app//org.junit.platform.engine.support.hierarchical.Node.around(Node.java:137)
	at app//org.junit.platform.engine.support.hierarchical.NodeTestTask.lambda$executeRecursively$9(NodeTestTask.java:139)
	at app//org.junit.platform.engine.support.hierarchical.ThrowableCollector.execute(ThrowableCollector.java:73)
	at app//org.junit.platform.engine.support.hierarchical.NodeTestTask.executeRecursively(NodeTestTask.java:138)
	at app//org.junit.platform.engine.support.hierarchical.NodeTestTask.execute(NodeTestTask.java:95)
	at java.base@11.0.19/java.util.ArrayList.forEach(ArrayList.java:1541)
	at app//org.junit.platform.engine.support.hierarchical.SameThreadHierarchicalTestExecutorService.invokeAll(SameThreadHierarchicalTestExecutorService.java:41)
	at app//org.junit.platform.engine.support.hierarchical.NodeTestTask.lambda$executeRecursively$6(NodeTestTask.java:155)
	at app//org.junit.platform.engine.support.hierarchical.ThrowableCollector.execute(ThrowableCollector.java:73)
	at app//org.junit.platform.engine.support.hierarchical.NodeTestTask.lambda$executeRecursively$8(NodeTestTask.java:141)
	at app//org.junit.platform.engine.support.hierarchical.Node.around(Node.java:137)
	at app//org.junit.platform.engine.support.hierarchical.NodeTestTask.lambda$executeRecursively$9(NodeTestTask.java:139)
	at app//org.junit.platform.engine.support.hierarchical.ThrowableCollector.execute(ThrowableCollector.java:73)
	at app//org.junit.platform.engine.support.hierarchical.NodeTestTask.executeRecursively(NodeTestTask.java:138)
	at app//org.junit.platform.engine.support.hierarchical.NodeTestTask.execute(NodeTestTask.java:95)
	at app//org.junit.platform.engine.support.hierarchical.SameThreadHierarchicalTestExecutorService.submit(SameThreadHierarchicalTestExecutorService.java:35)
	at app//org.junit.platform.engine.support.hierarchical.HierarchicalTestExecutor.execute(HierarchicalTestExecutor.java:57)
	at app//org.junit.platform.engine.support.hierarchical.HierarchicalTestEngine.execute(HierarchicalTestEngine.java:54)
	at app//org.junit.platform.launcher.core.EngineExecutionOrchestrator.execute(EngineExecutionOrchestrator.java:107)
	at app//org.junit.platform.launcher.core.EngineExecutionOrchestrator.execute(EngineExecutionOrchestrator.java:88)
	at app//org.junit.platform.launcher.core.EngineExecutionOrchestrator.lambda$execute$0(EngineExecutionOrchestrator.java:54)
	at app//org.junit.platform.launcher.core.EngineExecutionOrchestrator.withInterceptedStreams(EngineExecutionOrchestrator.java:67)
	at app//org.junit.platform.launcher.core.EngineExecutionOrchestrator.execute(EngineExecutionOrchestrator.java:52)
	at app//org.junit.platform.launcher.core.DefaultLauncher.execute(DefaultLauncher.java:114)
	at app//org.junit.platform.launcher.core.DefaultLauncher.execute(DefaultLauncher.java:86)
	at app//org.junit.platform.launcher.core.DefaultLauncherSession$DelegatingLauncher.execute(DefaultLauncherSession.java:86)
	at org.gradle.api.internal.tasks.testing.junitplatform.JUnitPlatformTestClassProcessor$CollectAllTestClassesExecutor.processAllTestClasses(JUnitPlatformTestClassProcessor.java:110)
	at org.gradle.api.internal.tasks.testing.junitplatform.JUnitPlatformTestClassProcessor$CollectAllTestClassesExecutor.access$000(JUnitPlatformTestClassProcessor.java:90)
	at org.gradle.api.internal.tasks.testing.junitplatform.JUnitPlatformTestClassProcessor.stop(JUnitPlatformTestClassProcessor.java:85)
	at org.gradle.api.internal.tasks.testing.SuiteTestClassProcessor.stop(SuiteTestClassProcessor.java:62)
	at java.base@11.0.19/jdk.internal.reflect.NativeMethodAccessorImpl.invoke0(Native Method)
	at java.base@11.0.19/jdk.internal.reflect.NativeMethodAccessorImpl.invoke(NativeMethodAccessorImpl.java:62)
	at java.base@11.0.19/jdk.internal.reflect.DelegatingMethodAccessorImpl.invoke(DelegatingMethodAccessorImpl.java:43)
	at java.base@11.0.19/java.lang.reflect.Method.invoke(Method.java:566)
	at org.gradle.internal.dispatch.ReflectionDispatch.dispatch(ReflectionDispatch.java:36)
	at org.gradle.internal.dispatch.ReflectionDispatch.dispatch(ReflectionDispatch.java:24)
	at org.gradle.internal.dispatch.ContextClassLoaderDispatch.dispatch(ContextClassLoaderDispatch.java:33)
	at org.gradle.internal.dispatch.ProxyDispatchAdapter$DispatchingInvocationHandler.invoke(ProxyDispatchAdapter.java:94)
	at com.sun.proxy.$Proxy2.stop(Unknown Source)
	at org.gradle.api.internal.tasks.testing.worker.TestWorker$3.run(TestWorker.java:193)
	at org.gradle.api.internal.tasks.testing.worker.TestWorker.executeAndMaintainThreadName(TestWorker.java:129)
	at org.gradle.api.internal.tasks.testing.worker.TestWorker.execute(TestWorker.java:100)
	at org.gradle.api.internal.tasks.testing.worker.TestWorker.execute(TestWorker.java:60)
	at org.gradle.process.internal.worker.child.ActionExecutionWorker.execute(ActionExecutionWorker.java:56)
	at org.gradle.process.internal.worker.child.SystemApplicationClassLoaderWorker.call(SystemApplicationClassLoaderWorker.java:113)
	at org.gradle.process.internal.worker.child.SystemApplicationClassLoaderWorker.call(SystemApplicationClassLoaderWorker.java:65)
	at app//worker.org.gradle.process.internal.worker.GradleWorkerMain.run(GradleWorkerMain.java:69)
	at app//worker.org.gradle.process.internal.worker.GradleWorkerMain.main(GradleWorkerMain.java:74)
</failure>
  </testcase>
  <testcase name="VACID0" classname="de.uka.ilkd.key.proof.runallproofs.RunAllProofsFunctional" time="81.856"/>
  <testcase name="VSTTE10" classname="de.uka.ilkd.key.proof.runallproofs.RunAllProofsFunctional" time="188.664"/>
  <testcase name="WeideEtAl" classname="de.uka.ilkd.key.proof.runallproofs.RunAllProofsFunctional" time="32.498"/>
  <testcase name="arithmetic" classname="de.uka.ilkd.key.proof.runallproofs.RunAllProofsFunctional" time="568.632"/>
  <testcase name="arrays" classname="de.uka.ilkd.key.proof.runallproofs.RunAllProofsFunctional" time="66.357"/>
  <testcase name="javadl" classname="de.uka.ilkd.key.proof.runallproofs.RunAllProofsFunctional" time="707.464"/>
  <testcase name="FOL" classname="de.uka.ilkd.key.proof.runallproofs.RunAllProofsFunctional" time="320.457"/>
  <testcase name="strings" classname="de.uka.ilkd.key.proof.runallproofs.RunAllProofsFunctional" time="174.183"/>
  <testcase name="simple_info_flow" classname="de.uka.ilkd.key.proof.runallproofs.RunAllProofsFunctional" time="15.271"/>
  <testcase name="modelMethods" classname="de.uka.ilkd.key.proof.runallproofs.RunAllProofsFunctional" time="206.594"/>
  <testcase name="permissionHeap" classname="de.uka.ilkd.key.proof.runallproofs.RunAllProofsFunctional" time="955.664">
    <failure message="org.opentest4j.AssertionFailedError: group permissionHeap:&#10;pass: Verifying property &quot;provable&quot; was successful for file: /home/runner/work/key/key/key.core/../key.ui/examples/heap/permissions/permissions_method0.key&#10;pass: Verifying property &quot;provable&quot; was successful for file: /home/runner/work/key/key/key.core/../key.ui/examples/heap/permissions/permissions_method1.key&#10;pass: Verifying property &quot;provable&quot; was successful for file: /home/runner/work/key/key/key.core/../key.ui/examples/heap/permissions/permissions_method3.key&#10;pass: Verifying property &quot;provable&quot; was successful for file: /home/runner/work/key/key/key.core/../key.ui/examples/heap/permissions/permissions_setAB.key&#10;pass: Verifying property &quot;provable&quot; was successful for file: /home/runner/work/key/key/key.core/../key.ui/examples/heap/permissions/permissionProperties.key&#10;pass: Verifying property &quot;provable&quot; was successful for file: /home/runner/work/key/key/key.core/../key.ui/examples/heap/permissions/threads/AFilter_AFilter.key&#10;pass: Verifying property &quot;provable&quot; was successful for file: /home/runner/work/key/key/key.core/../key.ui/examples/heap/permissions/threads/AFilter_initPost_accessible.key&#10;pass: Verifying property &quot;provable&quot; was successful for file: /home/runner/work/key/key/key.core/../key.ui/examples/heap/permissions/threads/AFilter_inv_accessible1.key&#10;pass: Verifying property &quot;provable&quot; was successful for file: /home/runner/work/key/key/key.core/../key.ui/examples/heap/permissions/threads/AFilter_inv_accessible2.key&#10;pass: Verifying property &quot;provable&quot; was successful for file: /home/runner/work/key/key/key.core/../key.ui/examples/heap/permissions/threads/AFilter_joinTransfer_accessible.key&#10;pass: Verifying property &quot;provable&quot; was successful for file: /home/runner/work/key/key/key.core/../key.ui/examples/heap/permissions/threads/AFilter_joinTransfer_contract.key&#10;pass: Verifying property &quot;provable&quot; was successful for file: /home/runner/work/key/key/key.core/../key.ui/examples/heap/permissions/threads/AFilter_postJoin_accessible.key&#10;pass: Verifying property &quot;provable&quot; was successful for file: /home/runner/work/key/key/key.core/../key.ui/examples/heap/permissions/threads/AFilter_preStart_accessible.key&#10;pass: Verifying property &quot;provable&quot; was successful for file: /home/runner/work/key/key/key.core/../key.ui/examples/heap/permissions/threads/AFilter_startTransfer_accessible.key&#10;pass: Verifying property &quot;provable&quot; was successful for file: /home/runner/work/key/key/key.core/../key.ui/examples/heap/permissions/threads/AFilter_startTransfer_contract.key&#10;pass: Verifying property &quot;provable&quot; was successful for file: /home/runner/work/key/key/key.core/../key.ui/examples/heap/permissions/threads/AFilter_stateInv_accessible.key&#10;pass: Verifying property &quot;provable&quot; was successful for file: /home/runner/work/key/key/key.core/../key.ui/examples/heap/permissions/threads/AFilter_staticPermissions_accessible.key&#10;pass: Verifying property &quot;provable&quot; was successful for file: /home/runner/work/key/key/key.core/../key.ui/examples/heap/permissions/threads/AFilter_workingPermissions_accessible.key&#10;pass: Verifying property &quot;provable&quot; was successful for file: /home/runner/work/key/key/key.core/../key.ui/examples/heap/permissions/threads/BFilter_BFilter.key&#10;pass: Verifying property &quot;provable&quot; was successful for file: /home/runner/work/key/key/key.core/../key.ui/examples/heap/permissions/threads/BFilter_initPost_accessible.key&#10;pass: Verifying property &quot;provable&quot; was successful for file: /home/runner/work/key/key/key.core/../key.ui/examples/heap/permissions/threads/BFilter_inv_accessible1.key&#10;pass: Verifying property &quot;provable&quot; was successful for file: /home/runner/work/key/key/key.core/../key.ui/examples/heap/permissions/threads/BFilter_inv_accessible2.key&#10;pass: Verifying property &quot;provable&quot; was successful for file: /home/runner/work/key/key/key.core/../key.ui/examples/heap/permissions/threads/BFilter_joinTransfer_accessible.key&#10;pass: Verifying property &quot;provable&quot; was successful for file: /home/runner/work/key/key/key.core/../key.ui/examples/heap/permissions/threads/BFilter_joinTransfer_contract.key&#10;pass: Verifying property &quot;provable&quot; was successful for file: /home/runner/work/key/key/key.core/../key.ui/examples/heap/permissions/threads/BFilter_postJoin_accessible.key&#10;pass: Verifying property &quot;provable&quot; was successful for file: /home/runner/work/key/key/key.core/../key.ui/examples/heap/permissions/threads/BFilter_preStart_accessible.key&#10;pass: Verifying property &quot;provable&quot; was successful for file: /home/runner/work/key/key/key.core/../key.ui/examples/heap/permissions/threads/BFilter_startTransfer_accessible.key&#10;pass: Verifying property &quot;provable&quot; was successful for file: /home/runner/work/key/key/key.core/../key.ui/examples/heap/permissions/threads/BFilter_startTransfer_contract.key&#10;pass: Verifying property &quot;provable&quot; was successful for file: /home/runner/work/key/key/key.core/../key.ui/examples/heap/permissions/threads/BFilter_stateInv_accessible.key&#10;pass: Verifying property &quot;provable&quot; was successful for file: /home/runner/work/key/key/key.core/../key.ui/examples/heap/permissions/threads/BFilter_staticPermissions_accessible.key&#10;pass: Verifying property &quot;provable&quot; was successful for file: /home/runner/work/key/key/key.core/../key.ui/examples/heap/permissions/threads/BFilter_workingPermissions_accessible.key&#10;pass: Verifying property &quot;provable&quot; was successful for file: /home/runner/work/key/key/key.core/../key.ui/examples/heap/permissions/threads/Fib_Fib.key&#10;pass: Verifying property &quot;provable&quot; was successful for file: /home/runner/work/key/key/key.core/../key.ui/examples/heap/permissions/threads/Fib_initPost_accessible.key&#10;pass: Verifying property &quot;provable&quot; was successful for file: /home/runner/work/key/key/key.core/../key.ui/examples/heap/permissions/threads/Fib_inv1_accessible.key&#10;pass: Verifying property &quot;provable&quot; was successful for file: /home/runner/work/key/key/key.core/../key.ui/examples/heap/permissions/threads/Fib_inv2_accessible.key&#10;pass: Verifying property &quot;provable&quot; was successful for file: /home/runner/work/key/key/key.core/../key.ui/examples/heap/permissions/threads/Fib_joinTransfer_accessible.key&#10;pass: Verifying property &quot;provable&quot; was successful for file: /home/runner/work/key/key/key.core/../key.ui/examples/heap/permissions/threads/Fib_joinTransfer_contract.key&#10;pass: Verifying property &quot;provable&quot; was successful for file: /home/runner/work/key/key/key.core/../key.ui/examples/heap/permissions/threads/Fib_postJoin_accessible.key&#10;pass: Verifying property &quot;provable&quot; was successful for file: /home/runner/work/key/key/key.core/../key.ui/examples/heap/permissions/threads/Fib_preStart_accessible.key&#10;pass: Verifying property &quot;provable&quot; was successful for file: /home/runner/work/key/key/key.core/../key.ui/examples/heap/permissions/threads/Fib_startTransfer_accessible.key&#10;pass: Verifying property &quot;provable&quot; was successful for file: /home/runner/work/key/key/key.core/../key.ui/examples/heap/permissions/threads/Fib_startTransfer_contract.key&#10;pass: Verifying property &quot;provable&quot; was successful for file: /home/runner/work/key/key/key.core/../key.ui/examples/heap/permissions/threads/Fib_workingPermissions_accessible.key&#10;pass: Verifying property &quot;provable&quot; was successful for file: /home/runner/work/key/key/key.core/../key.ui/examples/heap/permissions/threads/Plotter_initPost_accessible.key&#10;pass: Verifying property &quot;provable&quot; was successful for file: /home/runner/work/key/key/key.core/../key.ui/examples/heap/permissions/threads/Plotter_inv_accessible1.key&#10;pass: Verifying property &quot;provable&quot; was successful for file: /home/runner/work/key/key/key.core/../key.ui/examples/heap/permissions/threads/Plotter_inv_accessible2.key&#10;pass: Verifying property &quot;provable&quot; was successful for file: /home/runner/work/key/key/key.core/../key.ui/examples/heap/permissions/threads/Plotter_joinTransfer_contract.key&#10;pass: Verifying property &quot;provable&quot; was successful for file: /home/runner/work/key/key/key.core/../key.ui/examples/heap/permissions/threads/Plotter_Plotter.key&#10;pass: Verifying property &quot;provable&quot; was successful for file: /home/runner/work/key/key/key.core/../key.ui/examples/heap/permissions/threads/Plotter_postJoin_accessible.key&#10;pass: Verifying property &quot;provable&quot; was successful for file: /home/runner/work/key/key/key.core/../key.ui/examples/heap/permissions/threads/Plotter_preStart_accessible.key&#10;pass: Verifying property &quot;provable&quot; was successful for file: /home/runner/work/key/key/key.core/../key.ui/examples/heap/permissions/threads/Plotter_stateInv_accessible.key&#10;pass: Verifying property &quot;provable&quot; was successful for file: /home/runner/work/key/key/key.core/../key.ui/examples/heap/permissions/threads/Plotter_staticPermissions_accessible.key&#10;pass: Verifying property &quot;provable&quot; was successful for file: /home/runner/work/key/key/key.core/../key.ui/examples/heap/permissions/threads/Plotter_workingPermissions_accessible.key&#10;pass: Verifying property &quot;provable&quot; was successful for file: /home/runner/work/key/key/key.core/../key.ui/examples/heap/permissions/threads/Sampler_initPost_accessible.key&#10;pass: Verifying property &quot;provable&quot; was successful for file: /home/runner/work/key/key/key.core/../key.ui/examples/heap/permissions/threads/Sampler_inv_accessible1.key&#10;pass: Verifying property &quot;provable&quot; was successful for file: /home/runner/work/key/key/key.core/../key.ui/examples/heap/permissions/threads/Sampler_inv_accessible2.key&#10;pass: Verifying property &quot;provable&quot; was successful for file: /home/runner/work/key/key/key.core/../key.ui/examples/heap/permissions/threads/Sampler_joinTransfer_accessible.key&#10;pass: Verifying property &quot;provable&quot; was successful for file: /home/runner/work/key/key/key.core/../key.ui/examples/heap/permissions/threads/Sampler_joinTransfer_contract.key&#10;pass: Verifying property &quot;provable&quot; was successful for file: /home/runner/work/key/key/key.core/../key.ui/examples/heap/permissions/threads/Sampler_postJoin_accessible.key&#10;pass: Verifying property &quot;provable&quot; was successful for file: /home/runner/work/key/key/key.core/../key.ui/examples/heap/permissions/threads/Sampler_preStart_accessible.key&#10;pass: Verifying property &quot;provable&quot; was successful for file: /home/runner/work/key/key/key.core/../key.ui/examples/heap/permissions/threads/Sampler_run.key&#10;pass: Verifying property &quot;provable&quot; was successful for file: /home/runner/work/key/key/key.core/../key.ui/examples/heap/permissions/threads/Sampler_Sampler.key&#10;pass: Verifying property &quot;provable&quot; was successful for file: /home/runner/work/key/key/key.core/../key.ui/examples/heap/permissions/threads/Sampler_startTransfer_accessible.key&#10;pass: Verifying property &quot;provable&quot; was successful for file: /home/runner/work/key/key/key.core/../key.ui/examples/heap/permissions/threads/Sampler_startTransfer_contract.key&#10;pass: Verifying property &quot;provable&quot; was successful for file: /home/runner/work/key/key/key.core/../key.ui/examples/heap/permissions/threads/Sampler_stateInv_accessible.key&#10;pass: Verifying property &quot;provable&quot; was successful for file: /home/runner/work/key/key/key.core/../key.ui/examples/heap/permissions/threads/Sampler_staticPermissions_accessible.key&#10;pass: Verifying property &quot;provable&quot; was successful for file: /home/runner/work/key/key/key.core/../key.ui/examples/heap/permissions/threads/Sampler_workingPermissions_accessible.key&#10;pass: Verifying property &quot;provable&quot; was successful for file: /home/runner/work/key/key/key.core/../key.ui/examples/heap/permissions/mulleretal/ReadWrite_doRead_contract.key&#10;pass: Verifying property &quot;provable&quot; was successful for file: /home/runner/work/key/key/key.core/../key.ui/examples/heap/permissions/mulleretal/ReadWrite_doWrite_contract.key&#10;pass: Verifying property &quot;provable&quot; was successful for file: /home/runner/work/key/key/key.core/../key.ui/examples/heap/permissions/mulleretal/ReadWrite_read_contract.key&#10;pass: Verifying property &quot;provable&quot; was successful for file: /home/runner/work/key/key/key.core/../key.ui/examples/heap/permissions/mulleretal/ReadWrite_write_contract.key&#10;pass: Verifying property &quot;provable&quot; was successful for file: /home/runner/work/key/key/key.core/../key.ui/examples/heap/permissions/mulleretal/ReadWrite_inv1_accessible.key&#10;pass: Verifying property &quot;provable&quot; was successful for file: /home/runner/work/key/key/key.core/../key.ui/examples/heap/permissions/mulleretal/ReadWrite_inv2_accessible.key&#10;pass: Verifying property &quot;provable&quot; was successful for file: /home/runner/work/key/key/key.core/../key.ui/examples/heap/permissions/lockspec/Counter_lockConsistent_contract.key&#10;FAIL: Verifying property &quot;provable&quot; failed for file: /home/runner/work/key/key/key.core/../key.ui/examples/heap/permissions/lockspec/Counter_increase_contract.key&#10;pass: Verifying property &quot;provable&quot; was successful for file: /home/runner/work/key/key/key.core/../key.ui/examples/heap/permissions/lockspec/Counter_fp_accessible.key&#10;pass: Verifying property &quot;provable&quot; was successful for file: /home/runner/work/key/key/key.core/../key.ui/examples/heap/permissions/lockspec/Counter_fpLock_accessible.key&#10;pass: Verifying property &quot;provable&quot; was successful for file: /home/runner/work/key/key/key.core/../key.ui/examples/heap/permissions/lockspec/Counter_fpPerm_accessible.key&#10;pass: Verifying property &quot;provable&quot; was successful for file: /home/runner/work/key/key/key.core/../key.ui/examples/heap/permissions/lockspec/Counter_inv_accessible1.key&#10;pass: Verifying property &quot;provable&quot; was successful for file: /home/runner/work/key/key/key.core/../key.ui/examples/heap/permissions/lockspec/Counter_inv_accessible2.key&#10;pass: Verifying property &quot;provable&quot; was successful for file: /home/runner/work/key/key/key.core/../key.ui/examples/heap/permissions/lockspec/Counter_lockRef_accessible.key&#10;pass: Verifying property &quot;provable&quot; was successful for file: /home/runner/work/key/key/key.core/../key.ui/examples/heap/permissions/lockspec/Counter_lockRef_contract1.key&#10;pass: Verifying property &quot;provable&quot; was successful for file: /home/runner/work/key/key/key.core/../key.ui/examples/heap/permissions/lockspec/Counter_lockRef_contract2.key&#10;pass: Verifying property &quot;provable&quot; was successful for file: /home/runner/work/key/key/key.core/../key.ui/examples/heap/permissions/lockspec/Counter_lockState_accessible.key&#10;pass: Verifying property &quot;provable&quot; was successful for file: /home/runner/work/key/key/key.core/../key.ui/examples/heap/permissions/lockspec/Counter_lockStatus_accessible.key&#10;pass: Verifying property &quot;provable&quot; was successful for file: /home/runner/work/key/key/key.core/../key.ui/examples/heap/permissions/lockspec/Counter_lockTransfer_accessible.key&#10;pass: Verifying property &quot;provable&quot; was successful for file: /home/runner/work/key/key/key.core/../key.ui/examples/heap/permissions/lockspec/Counter_unlockTransfer_accessible.key&#10;pass: Verifying property &quot;loadable&quot; was successful for file: /home/runner/work/key/key/key.core/../key.ui/examples/heap/permissions/threads/Plotter_startTransfer_contract.proof&#10;pass: Verifying property &quot;loadable&quot; was successful for file: /home/runner/work/key/key/key.core/../key.ui/examples/heap/permissions/threads/Plotter_startTransfer_accessible.proof&#10;pass: Verifying property &quot;loadable&quot; was successful for file: /home/runner/work/key/key/key.core/../key.ui/examples/heap/permissions/threads/Plotter_joinTransfer_accessible.proof&#10; ==&gt; expected: &lt;true&gt; but was: &lt;false&gt;" type="org.opentest4j.AssertionFailedError">org.opentest4j.AssertionFailedError: group permissionHeap:
pass: Verifying property &quot;provable&quot; was successful for file: /home/runner/work/key/key/key.core/../key.ui/examples/heap/permissions/permissions_method0.key
pass: Verifying property &quot;provable&quot; was successful for file: /home/runner/work/key/key/key.core/../key.ui/examples/heap/permissions/permissions_method1.key
pass: Verifying property &quot;provable&quot; was successful for file: /home/runner/work/key/key/key.core/../key.ui/examples/heap/permissions/permissions_method3.key
pass: Verifying property &quot;provable&quot; was successful for file: /home/runner/work/key/key/key.core/../key.ui/examples/heap/permissions/permissions_setAB.key
pass: Verifying property &quot;provable&quot; was successful for file: /home/runner/work/key/key/key.core/../key.ui/examples/heap/permissions/permissionProperties.key
pass: Verifying property &quot;provable&quot; was successful for file: /home/runner/work/key/key/key.core/../key.ui/examples/heap/permissions/threads/AFilter_AFilter.key
pass: Verifying property &quot;provable&quot; was successful for file: /home/runner/work/key/key/key.core/../key.ui/examples/heap/permissions/threads/AFilter_initPost_accessible.key
pass: Verifying property &quot;provable&quot; was successful for file: /home/runner/work/key/key/key.core/../key.ui/examples/heap/permissions/threads/AFilter_inv_accessible1.key
pass: Verifying property &quot;provable&quot; was successful for file: /home/runner/work/key/key/key.core/../key.ui/examples/heap/permissions/threads/AFilter_inv_accessible2.key
pass: Verifying property &quot;provable&quot; was successful for file: /home/runner/work/key/key/key.core/../key.ui/examples/heap/permissions/threads/AFilter_joinTransfer_accessible.key
pass: Verifying property &quot;provable&quot; was successful for file: /home/runner/work/key/key/key.core/../key.ui/examples/heap/permissions/threads/AFilter_joinTransfer_contract.key
pass: Verifying property &quot;provable&quot; was successful for file: /home/runner/work/key/key/key.core/../key.ui/examples/heap/permissions/threads/AFilter_postJoin_accessible.key
pass: Verifying property &quot;provable&quot; was successful for file: /home/runner/work/key/key/key.core/../key.ui/examples/heap/permissions/threads/AFilter_preStart_accessible.key
pass: Verifying property &quot;provable&quot; was successful for file: /home/runner/work/key/key/key.core/../key.ui/examples/heap/permissions/threads/AFilter_startTransfer_accessible.key
pass: Verifying property &quot;provable&quot; was successful for file: /home/runner/work/key/key/key.core/../key.ui/examples/heap/permissions/threads/AFilter_startTransfer_contract.key
pass: Verifying property &quot;provable&quot; was successful for file: /home/runner/work/key/key/key.core/../key.ui/examples/heap/permissions/threads/AFilter_stateInv_accessible.key
pass: Verifying property &quot;provable&quot; was successful for file: /home/runner/work/key/key/key.core/../key.ui/examples/heap/permissions/threads/AFilter_staticPermissions_accessible.key
pass: Verifying property &quot;provable&quot; was successful for file: /home/runner/work/key/key/key.core/../key.ui/examples/heap/permissions/threads/AFilter_workingPermissions_accessible.key
pass: Verifying property &quot;provable&quot; was successful for file: /home/runner/work/key/key/key.core/../key.ui/examples/heap/permissions/threads/BFilter_BFilter.key
pass: Verifying property &quot;provable&quot; was successful for file: /home/runner/work/key/key/key.core/../key.ui/examples/heap/permissions/threads/BFilter_initPost_accessible.key
pass: Verifying property &quot;provable&quot; was successful for file: /home/runner/work/key/key/key.core/../key.ui/examples/heap/permissions/threads/BFilter_inv_accessible1.key
pass: Verifying property &quot;provable&quot; was successful for file: /home/runner/work/key/key/key.core/../key.ui/examples/heap/permissions/threads/BFilter_inv_accessible2.key
pass: Verifying property &quot;provable&quot; was successful for file: /home/runner/work/key/key/key.core/../key.ui/examples/heap/permissions/threads/BFilter_joinTransfer_accessible.key
pass: Verifying property &quot;provable&quot; was successful for file: /home/runner/work/key/key/key.core/../key.ui/examples/heap/permissions/threads/BFilter_joinTransfer_contract.key
pass: Verifying property &quot;provable&quot; was successful for file: /home/runner/work/key/key/key.core/../key.ui/examples/heap/permissions/threads/BFilter_postJoin_accessible.key
pass: Verifying property &quot;provable&quot; was successful for file: /home/runner/work/key/key/key.core/../key.ui/examples/heap/permissions/threads/BFilter_preStart_accessible.key
pass: Verifying property &quot;provable&quot; was successful for file: /home/runner/work/key/key/key.core/../key.ui/examples/heap/permissions/threads/BFilter_startTransfer_accessible.key
pass: Verifying property &quot;provable&quot; was successful for file: /home/runner/work/key/key/key.core/../key.ui/examples/heap/permissions/threads/BFilter_startTransfer_contract.key
pass: Verifying property &quot;provable&quot; was successful for file: /home/runner/work/key/key/key.core/../key.ui/examples/heap/permissions/threads/BFilter_stateInv_accessible.key
pass: Verifying property &quot;provable&quot; was successful for file: /home/runner/work/key/key/key.core/../key.ui/examples/heap/permissions/threads/BFilter_staticPermissions_accessible.key
pass: Verifying property &quot;provable&quot; was successful for file: /home/runner/work/key/key/key.core/../key.ui/examples/heap/permissions/threads/BFilter_workingPermissions_accessible.key
pass: Verifying property &quot;provable&quot; was successful for file: /home/runner/work/key/key/key.core/../key.ui/examples/heap/permissions/threads/Fib_Fib.key
pass: Verifying property &quot;provable&quot; was successful for file: /home/runner/work/key/key/key.core/../key.ui/examples/heap/permissions/threads/Fib_initPost_accessible.key
pass: Verifying property &quot;provable&quot; was successful for file: /home/runner/work/key/key/key.core/../key.ui/examples/heap/permissions/threads/Fib_inv1_accessible.key
pass: Verifying property &quot;provable&quot; was successful for file: /home/runner/work/key/key/key.core/../key.ui/examples/heap/permissions/threads/Fib_inv2_accessible.key
pass: Verifying property &quot;provable&quot; was successful for file: /home/runner/work/key/key/key.core/../key.ui/examples/heap/permissions/threads/Fib_joinTransfer_accessible.key
pass: Verifying property &quot;provable&quot; was successful for file: /home/runner/work/key/key/key.core/../key.ui/examples/heap/permissions/threads/Fib_joinTransfer_contract.key
pass: Verifying property &quot;provable&quot; was successful for file: /home/runner/work/key/key/key.core/../key.ui/examples/heap/permissions/threads/Fib_postJoin_accessible.key
pass: Verifying property &quot;provable&quot; was successful for file: /home/runner/work/key/key/key.core/../key.ui/examples/heap/permissions/threads/Fib_preStart_accessible.key
pass: Verifying property &quot;provable&quot; was successful for file: /home/runner/work/key/key/key.core/../key.ui/examples/heap/permissions/threads/Fib_startTransfer_accessible.key
pass: Verifying property &quot;provable&quot; was successful for file: /home/runner/work/key/key/key.core/../key.ui/examples/heap/permissions/threads/Fib_startTransfer_contract.key
pass: Verifying property &quot;provable&quot; was successful for file: /home/runner/work/key/key/key.core/../key.ui/examples/heap/permissions/threads/Fib_workingPermissions_accessible.key
pass: Verifying property &quot;provable&quot; was successful for file: /home/runner/work/key/key/key.core/../key.ui/examples/heap/permissions/threads/Plotter_initPost_accessible.key
pass: Verifying property &quot;provable&quot; was successful for file: /home/runner/work/key/key/key.core/../key.ui/examples/heap/permissions/threads/Plotter_inv_accessible1.key
pass: Verifying property &quot;provable&quot; was successful for file: /home/runner/work/key/key/key.core/../key.ui/examples/heap/permissions/threads/Plotter_inv_accessible2.key
pass: Verifying property &quot;provable&quot; was successful for file: /home/runner/work/key/key/key.core/../key.ui/examples/heap/permissions/threads/Plotter_joinTransfer_contract.key
pass: Verifying property &quot;provable&quot; was successful for file: /home/runner/work/key/key/key.core/../key.ui/examples/heap/permissions/threads/Plotter_Plotter.key
pass: Verifying property &quot;provable&quot; was successful for file: /home/runner/work/key/key/key.core/../key.ui/examples/heap/permissions/threads/Plotter_postJoin_accessible.key
pass: Verifying property &quot;provable&quot; was successful for file: /home/runner/work/key/key/key.core/../key.ui/examples/heap/permissions/threads/Plotter_preStart_accessible.key
pass: Verifying property &quot;provable&quot; was successful for file: /home/runner/work/key/key/key.core/../key.ui/examples/heap/permissions/threads/Plotter_stateInv_accessible.key
pass: Verifying property &quot;provable&quot; was successful for file: /home/runner/work/key/key/key.core/../key.ui/examples/heap/permissions/threads/Plotter_staticPermissions_accessible.key
pass: Verifying property &quot;provable&quot; was successful for file: /home/runner/work/key/key/key.core/../key.ui/examples/heap/permissions/threads/Plotter_workingPermissions_accessible.key
pass: Verifying property &quot;provable&quot; was successful for file: /home/runner/work/key/key/key.core/../key.ui/examples/heap/permissions/threads/Sampler_initPost_accessible.key
pass: Verifying property &quot;provable&quot; was successful for file: /home/runner/work/key/key/key.core/../key.ui/examples/heap/permissions/threads/Sampler_inv_accessible1.key
pass: Verifying property &quot;provable&quot; was successful for file: /home/runner/work/key/key/key.core/../key.ui/examples/heap/permissions/threads/Sampler_inv_accessible2.key
pass: Verifying property &quot;provable&quot; was successful for file: /home/runner/work/key/key/key.core/../key.ui/examples/heap/permissions/threads/Sampler_joinTransfer_accessible.key
pass: Verifying property &quot;provable&quot; was successful for file: /home/runner/work/key/key/key.core/../key.ui/examples/heap/permissions/threads/Sampler_joinTransfer_contract.key
pass: Verifying property &quot;provable&quot; was successful for file: /home/runner/work/key/key/key.core/../key.ui/examples/heap/permissions/threads/Sampler_postJoin_accessible.key
pass: Verifying property &quot;provable&quot; was successful for file: /home/runner/work/key/key/key.core/../key.ui/examples/heap/permissions/threads/Sampler_preStart_accessible.key
pass: Verifying property &quot;provable&quot; was successful for file: /home/runner/work/key/key/key.core/../key.ui/examples/heap/permissions/threads/Sampler_run.key
pass: Verifying property &quot;provable&quot; was successful for file: /home/runner/work/key/key/key.core/../key.ui/examples/heap/permissions/threads/Sampler_Sampler.key
pass: Verifying property &quot;provable&quot; was successful for file: /home/runner/work/key/key/key.core/../key.ui/examples/heap/permissions/threads/Sampler_startTransfer_accessible.key
pass: Verifying property &quot;provable&quot; was successful for file: /home/runner/work/key/key/key.core/../key.ui/examples/heap/permissions/threads/Sampler_startTransfer_contract.key
pass: Verifying property &quot;provable&quot; was successful for file: /home/runner/work/key/key/key.core/../key.ui/examples/heap/permissions/threads/Sampler_stateInv_accessible.key
pass: Verifying property &quot;provable&quot; was successful for file: /home/runner/work/key/key/key.core/../key.ui/examples/heap/permissions/threads/Sampler_staticPermissions_accessible.key
pass: Verifying property &quot;provable&quot; was successful for file: /home/runner/work/key/key/key.core/../key.ui/examples/heap/permissions/threads/Sampler_workingPermissions_accessible.key
pass: Verifying property &quot;provable&quot; was successful for file: /home/runner/work/key/key/key.core/../key.ui/examples/heap/permissions/mulleretal/ReadWrite_doRead_contract.key
pass: Verifying property &quot;provable&quot; was successful for file: /home/runner/work/key/key/key.core/../key.ui/examples/heap/permissions/mulleretal/ReadWrite_doWrite_contract.key
pass: Verifying property &quot;provable&quot; was successful for file: /home/runner/work/key/key/key.core/../key.ui/examples/heap/permissions/mulleretal/ReadWrite_read_contract.key
pass: Verifying property &quot;provable&quot; was successful for file: /home/runner/work/key/key/key.core/../key.ui/examples/heap/permissions/mulleretal/ReadWrite_write_contract.key
pass: Verifying property &quot;provable&quot; was successful for file: /home/runner/work/key/key/key.core/../key.ui/examples/heap/permissions/mulleretal/ReadWrite_inv1_accessible.key
pass: Verifying property &quot;provable&quot; was successful for file: /home/runner/work/key/key/key.core/../key.ui/examples/heap/permissions/mulleretal/ReadWrite_inv2_accessible.key
pass: Verifying property &quot;provable&quot; was successful for file: /home/runner/work/key/key/key.core/../key.ui/examples/heap/permissions/lockspec/Counter_lockConsistent_contract.key
FAIL: Verifying property &quot;provable&quot; failed for file: /home/runner/work/key/key/key.core/../key.ui/examples/heap/permissions/lockspec/Counter_increase_contract.key
pass: Verifying property &quot;provable&quot; was successful for file: /home/runner/work/key/key/key.core/../key.ui/examples/heap/permissions/lockspec/Counter_fp_accessible.key
pass: Verifying property &quot;provable&quot; was successful for file: /home/runner/work/key/key/key.core/../key.ui/examples/heap/permissions/lockspec/Counter_fpLock_accessible.key
pass: Verifying property &quot;provable&quot; was successful for file: /home/runner/work/key/key/key.core/../key.ui/examples/heap/permissions/lockspec/Counter_fpPerm_accessible.key
pass: Verifying property &quot;provable&quot; was successful for file: /home/runner/work/key/key/key.core/../key.ui/examples/heap/permissions/lockspec/Counter_inv_accessible1.key
pass: Verifying property &quot;provable&quot; was successful for file: /home/runner/work/key/key/key.core/../key.ui/examples/heap/permissions/lockspec/Counter_inv_accessible2.key
pass: Verifying property &quot;provable&quot; was successful for file: /home/runner/work/key/key/key.core/../key.ui/examples/heap/permissions/lockspec/Counter_lockRef_accessible.key
pass: Verifying property &quot;provable&quot; was successful for file: /home/runner/work/key/key/key.core/../key.ui/examples/heap/permissions/lockspec/Counter_lockRef_contract1.key
pass: Verifying property &quot;provable&quot; was successful for file: /home/runner/work/key/key/key.core/../key.ui/examples/heap/permissions/lockspec/Counter_lockRef_contract2.key
pass: Verifying property &quot;provable&quot; was successful for file: /home/runner/work/key/key/key.core/../key.ui/examples/heap/permissions/lockspec/Counter_lockState_accessible.key
pass: Verifying property &quot;provable&quot; was successful for file: /home/runner/work/key/key/key.core/../key.ui/examples/heap/permissions/lockspec/Counter_lockStatus_accessible.key
pass: Verifying property &quot;provable&quot; was successful for file: /home/runner/work/key/key/key.core/../key.ui/examples/heap/permissions/lockspec/Counter_lockTransfer_accessible.key
pass: Verifying property &quot;provable&quot; was successful for file: /home/runner/work/key/key/key.core/../key.ui/examples/heap/permissions/lockspec/Counter_unlockTransfer_accessible.key
pass: Verifying property &quot;loadable&quot; was successful for file: /home/runner/work/key/key/key.core/../key.ui/examples/heap/permissions/threads/Plotter_startTransfer_contract.proof
pass: Verifying property &quot;loadable&quot; was successful for file: /home/runner/work/key/key/key.core/../key.ui/examples/heap/permissions/threads/Plotter_startTransfer_accessible.proof
pass: Verifying property &quot;loadable&quot; was successful for file: /home/runner/work/key/key/key.core/../key.ui/examples/heap/permissions/threads/Plotter_joinTransfer_accessible.proof
 ==&gt; expected: &lt;true&gt; but was: &lt;false&gt;
	at app//org.junit.jupiter.api.AssertionFailureBuilder.build(AssertionFailureBuilder.java:151)
	at app//org.junit.jupiter.api.AssertionFailureBuilder.buildAndThrow(AssertionFailureBuilder.java:132)
	at app//org.junit.jupiter.api.AssertTrue.failNotTrue(AssertTrue.java:63)
	at app//org.junit.jupiter.api.AssertTrue.assertTrue(AssertTrue.java:36)
	at app//org.junit.jupiter.api.Assertions.assertTrue(Assertions.java:211)
	at app//de.uka.ilkd.key.proof.runallproofs.RunAllProofsTest.lambda$data$0(RunAllProofsTest.java:78)
	at app//org.junit.jupiter.engine.descriptor.DynamicTestTestDescriptor.lambda$execute$0(DynamicTestTestDescriptor.java:53)
	at app//org.junit.jupiter.engine.execution.InvocationInterceptorChain$ValidatingInvocation.proceed(InvocationInterceptorChain.java:131)
	at app//org.junit.jupiter.api.extension.InvocationInterceptor.interceptDynamicTest(InvocationInterceptor.java:167)
	at app//org.junit.jupiter.api.extension.InvocationInterceptor.interceptDynamicTest(InvocationInterceptor.java:184)
	at app//org.junit.jupiter.engine.descriptor.DynamicTestTestDescriptor.lambda$execute$1(DynamicTestTestDescriptor.java:61)
	at app//org.junit.jupiter.engine.execution.InvocationInterceptorChain$InterceptorCall.lambda$ofVoid$0(InvocationInterceptorChain.java:78)
	at app//org.junit.jupiter.engine.execution.InvocationInterceptorChain$InterceptedInvocation.proceed(InvocationInterceptorChain.java:106)
	at app//org.junit.jupiter.engine.execution.InvocationInterceptorChain.proceed(InvocationInterceptorChain.java:64)
	at app//org.junit.jupiter.engine.execution.InvocationInterceptorChain.chainAndInvoke(InvocationInterceptorChain.java:45)
	at app//org.junit.jupiter.engine.execution.InvocationInterceptorChain.invoke(InvocationInterceptorChain.java:37)
	at app//org.junit.jupiter.engine.descriptor.DynamicTestTestDescriptor.execute(DynamicTestTestDescriptor.java:60)
	at app//org.junit.jupiter.engine.descriptor.DynamicTestTestDescriptor.execute(DynamicTestTestDescriptor.java:32)
	at app//org.junit.platform.engine.support.hierarchical.NodeTestTask.lambda$executeRecursively$6(NodeTestTask.java:151)
	at app//org.junit.platform.engine.support.hierarchical.ThrowableCollector.execute(ThrowableCollector.java:73)
	at app//org.junit.platform.engine.support.hierarchical.NodeTestTask.lambda$executeRecursively$8(NodeTestTask.java:141)
	at app//org.junit.platform.engine.support.hierarchical.Node.around(Node.java:137)
	at app//org.junit.platform.engine.support.hierarchical.NodeTestTask.lambda$executeRecursively$9(NodeTestTask.java:139)
	at app//org.junit.platform.engine.support.hierarchical.ThrowableCollector.execute(ThrowableCollector.java:73)
	at app//org.junit.platform.engine.support.hierarchical.NodeTestTask.executeRecursively(NodeTestTask.java:138)
	at app//org.junit.platform.engine.support.hierarchical.NodeTestTask.execute(NodeTestTask.java:95)
	at app//org.junit.platform.engine.support.hierarchical.SameThreadHierarchicalTestExecutorService.submit(SameThreadHierarchicalTestExecutorService.java:35)
	at app//org.junit.platform.engine.support.hierarchical.NodeTestTask$DefaultDynamicTestExecutor.execute(NodeTestTask.java:226)
	at app//org.junit.platform.engine.support.hierarchical.NodeTestTask$DefaultDynamicTestExecutor.execute(NodeTestTask.java:204)
	at java.base@11.0.19/java.util.Optional.ifPresent(Optional.java:183)
	at app//org.junit.jupiter.engine.descriptor.TestFactoryTestDescriptor.lambda$invokeTestMethod$1(TestFactoryTestDescriptor.java:108)
	at app//org.junit.platform.engine.support.hierarchical.ThrowableCollector.execute(ThrowableCollector.java:73)
	at app//org.junit.jupiter.engine.descriptor.TestFactoryTestDescriptor.invokeTestMethod(TestFactoryTestDescriptor.java:95)
	at app//org.junit.jupiter.engine.descriptor.TestMethodTestDescriptor.execute(TestMethodTestDescriptor.java:138)
	at app//org.junit.jupiter.engine.descriptor.TestMethodTestDescriptor.execute(TestMethodTestDescriptor.java:68)
	at app//org.junit.platform.engine.support.hierarchical.NodeTestTask.lambda$executeRecursively$6(NodeTestTask.java:151)
	at app//org.junit.platform.engine.support.hierarchical.ThrowableCollector.execute(ThrowableCollector.java:73)
	at app//org.junit.platform.engine.support.hierarchical.NodeTestTask.lambda$executeRecursively$8(NodeTestTask.java:141)
	at app//org.junit.platform.engine.support.hierarchical.Node.around(Node.java:137)
	at app//org.junit.platform.engine.support.hierarchical.NodeTestTask.lambda$executeRecursively$9(NodeTestTask.java:139)
	at app//org.junit.platform.engine.support.hierarchical.ThrowableCollector.execute(ThrowableCollector.java:73)
	at app//org.junit.platform.engine.support.hierarchical.NodeTestTask.executeRecursively(NodeTestTask.java:138)
	at app//org.junit.platform.engine.support.hierarchical.NodeTestTask.execute(NodeTestTask.java:95)
	at java.base@11.0.19/java.util.ArrayList.forEach(ArrayList.java:1541)
	at app//org.junit.platform.engine.support.hierarchical.SameThreadHierarchicalTestExecutorService.invokeAll(SameThreadHierarchicalTestExecutorService.java:41)
	at app//org.junit.platform.engine.support.hierarchical.NodeTestTask.lambda$executeRecursively$6(NodeTestTask.java:155)
	at app//org.junit.platform.engine.support.hierarchical.ThrowableCollector.execute(ThrowableCollector.java:73)
	at app//org.junit.platform.engine.support.hierarchical.NodeTestTask.lambda$executeRecursively$8(NodeTestTask.java:141)
	at app//org.junit.platform.engine.support.hierarchical.Node.around(Node.java:137)
	at app//org.junit.platform.engine.support.hierarchical.NodeTestTask.lambda$executeRecursively$9(NodeTestTask.java:139)
	at app//org.junit.platform.engine.support.hierarchical.ThrowableCollector.execute(ThrowableCollector.java:73)
	at app//org.junit.platform.engine.support.hierarchical.NodeTestTask.executeRecursively(NodeTestTask.java:138)
	at app//org.junit.platform.engine.support.hierarchical.NodeTestTask.execute(NodeTestTask.java:95)
	at java.base@11.0.19/java.util.ArrayList.forEach(ArrayList.java:1541)
	at app//org.junit.platform.engine.support.hierarchical.SameThreadHierarchicalTestExecutorService.invokeAll(SameThreadHierarchicalTestExecutorService.java:41)
	at app//org.junit.platform.engine.support.hierarchical.NodeTestTask.lambda$executeRecursively$6(NodeTestTask.java:155)
	at app//org.junit.platform.engine.support.hierarchical.ThrowableCollector.execute(ThrowableCollector.java:73)
	at app//org.junit.platform.engine.support.hierarchical.NodeTestTask.lambda$executeRecursively$8(NodeTestTask.java:141)
	at app//org.junit.platform.engine.support.hierarchical.Node.around(Node.java:137)
	at app//org.junit.platform.engine.support.hierarchical.NodeTestTask.lambda$executeRecursively$9(NodeTestTask.java:139)
	at app//org.junit.platform.engine.support.hierarchical.ThrowableCollector.execute(ThrowableCollector.java:73)
	at app//org.junit.platform.engine.support.hierarchical.NodeTestTask.executeRecursively(NodeTestTask.java:138)
	at app//org.junit.platform.engine.support.hierarchical.NodeTestTask.execute(NodeTestTask.java:95)
	at app//org.junit.platform.engine.support.hierarchical.SameThreadHierarchicalTestExecutorService.submit(SameThreadHierarchicalTestExecutorService.java:35)
	at app//org.junit.platform.engine.support.hierarchical.HierarchicalTestExecutor.execute(HierarchicalTestExecutor.java:57)
	at app//org.junit.platform.engine.support.hierarchical.HierarchicalTestEngine.execute(HierarchicalTestEngine.java:54)
	at app//org.junit.platform.launcher.core.EngineExecutionOrchestrator.execute(EngineExecutionOrchestrator.java:107)
	at app//org.junit.platform.launcher.core.EngineExecutionOrchestrator.execute(EngineExecutionOrchestrator.java:88)
	at app//org.junit.platform.launcher.core.EngineExecutionOrchestrator.lambda$execute$0(EngineExecutionOrchestrator.java:54)
	at app//org.junit.platform.launcher.core.EngineExecutionOrchestrator.withInterceptedStreams(EngineExecutionOrchestrator.java:67)
	at app//org.junit.platform.launcher.core.EngineExecutionOrchestrator.execute(EngineExecutionOrchestrator.java:52)
	at app//org.junit.platform.launcher.core.DefaultLauncher.execute(DefaultLauncher.java:114)
	at app//org.junit.platform.launcher.core.DefaultLauncher.execute(DefaultLauncher.java:86)
	at app//org.junit.platform.launcher.core.DefaultLauncherSession$DelegatingLauncher.execute(DefaultLauncherSession.java:86)
	at org.gradle.api.internal.tasks.testing.junitplatform.JUnitPlatformTestClassProcessor$CollectAllTestClassesExecutor.processAllTestClasses(JUnitPlatformTestClassProcessor.java:110)
	at org.gradle.api.internal.tasks.testing.junitplatform.JUnitPlatformTestClassProcessor$CollectAllTestClassesExecutor.access$000(JUnitPlatformTestClassProcessor.java:90)
	at org.gradle.api.internal.tasks.testing.junitplatform.JUnitPlatformTestClassProcessor.stop(JUnitPlatformTestClassProcessor.java:85)
	at org.gradle.api.internal.tasks.testing.SuiteTestClassProcessor.stop(SuiteTestClassProcessor.java:62)
	at java.base@11.0.19/jdk.internal.reflect.NativeMethodAccessorImpl.invoke0(Native Method)
	at java.base@11.0.19/jdk.internal.reflect.NativeMethodAccessorImpl.invoke(NativeMethodAccessorImpl.java:62)
	at java.base@11.0.19/jdk.internal.reflect.DelegatingMethodAccessorImpl.invoke(DelegatingMethodAccessorImpl.java:43)
	at java.base@11.0.19/java.lang.reflect.Method.invoke(Method.java:566)
	at org.gradle.internal.dispatch.ReflectionDispatch.dispatch(ReflectionDispatch.java:36)
	at org.gradle.internal.dispatch.ReflectionDispatch.dispatch(ReflectionDispatch.java:24)
	at org.gradle.internal.dispatch.ContextClassLoaderDispatch.dispatch(ContextClassLoaderDispatch.java:33)
	at org.gradle.internal.dispatch.ProxyDispatchAdapter$DispatchingInvocationHandler.invoke(ProxyDispatchAdapter.java:94)
	at com.sun.proxy.$Proxy2.stop(Unknown Source)
	at org.gradle.api.internal.tasks.testing.worker.TestWorker$3.run(TestWorker.java:193)
	at org.gradle.api.internal.tasks.testing.worker.TestWorker.executeAndMaintainThreadName(TestWorker.java:129)
	at org.gradle.api.internal.tasks.testing.worker.TestWorker.execute(TestWorker.java:100)
	at org.gradle.api.internal.tasks.testing.worker.TestWorker.execute(TestWorker.java:60)
	at org.gradle.process.internal.worker.child.ActionExecutionWorker.execute(ActionExecutionWorker.java:56)
	at org.gradle.process.internal.worker.child.SystemApplicationClassLoaderWorker.call(SystemApplicationClassLoaderWorker.java:113)
	at org.gradle.process.internal.worker.child.SystemApplicationClassLoaderWorker.call(SystemApplicationClassLoaderWorker.java:65)
	at app//worker.org.gradle.process.internal.worker.GradleWorkerMain.run(GradleWorkerMain.java:69)
	at app//worker.org.gradle.process.internal.worker.GradleWorkerMain.main(GradleWorkerMain.java:74)
</failure>
  </testcase>
  <testcase name="completionScopes" classname="de.uka.ilkd.key.proof.runallproofs.RunAllProofsFunctional" time="57.343"/>
  <testcase name="reload_examples" classname="de.uka.ilkd.key.proof.runallproofs.RunAllProofsFunctional" time="48.128"/>
  <testcase name="proofLoadRepair" classname="de.uka.ilkd.key.proof.runallproofs.RunAllProofsFunctional" time="20.858"/>
  <testcase name="switch" classname="de.uka.ilkd.key.proof.runallproofs.RunAllProofsFunctional" time="66.623"/>
  <testcase name="redux" classname="de.uka.ilkd.key.proof.runallproofs.RunAllProofsFunctional" time="136.818"/>
  <system-out><![CDATA[352        INFO  Test worker     d.u.i.k.p.r.RunAllProofsTestUnit Running test newBook 
372        INFO  Timeout watchdog d.u.i.k.p.r.p.ForkedTestFileRunner Timeout watcher launched (2000 secs.) 
394        WARN  main            d.u.i.k.s.ProofSettings   No proof-settings could be loaded, using defaults java.io.FileNotFoundException: /home/runner/.key/proof-settings.props (No such file or directory)
	at java.base/java.io.FileInputStream.open0(Native Method)

456        INFO  main            d.u.i.k.p.r.p.TestFile    Now processing file /home/runner/work/key/key/key.core/../key.ui/examples/newBook/09.list_modelfield/ArrayList.add.key 
608        INFO  main            d.u.i.k.p.i.AbstractProblemLoader Loading environment from /home/runner/work/key/key/key.core/../key.ui/examples/newBook/09.list_modelfield/ArrayList.add.key 
628        DEBUG main            d.u.i.k.p.i.AbstractProblemLoader Environment load took 3.17ms 
892        INFO  main            d.u.i.k.p.i.AbstractProblemLoader Creating init config 
1825       DEBUG main            d.u.i.k.j.TypeConverter   No LDT found for Meta 
1825       DEBUG main            d.u.i.k.j.TypeConverter   No LDT found for Meta 
1826       DEBUG main            d.u.i.k.j.TypeConverter   No LDT found for Meta 
1827       DEBUG main            d.u.i.k.j.TypeConverter   No LDT found for Meta 
3276       DEBUG main            d.u.i.k.j.TypeConverter   No LDT found for JavaBigintExpression 
8972       DEBUG main            d.u.i.k.p.i.AbstractProblemLoader Init config took 8.08s 
9124       INFO  main            d.u.i.k.p.i.AbstractProblemLoader Replaying proof ArrayList[List::add(int)].JML normal_behavior operation contract.0 
9160       DEBUG main            d.u.i.k.p.i.IntermediateProofReplayer Proof replay took 37.1ns 
28912      INFO  main            d.u.i.k.p.r.p.TestFile    ... finished proof: closed. 
29170      INFO  main            d.u.i.k.p.i.AbstractProblemLoader Loading environment from /home/runner/work/key/key/key.core/../key.ui/examples/newBook/09.list_modelfield/ArrayList.add.key.proof 
29170      DEBUG main            d.u.i.k.p.i.AbstractProblemLoader Environment load took 159.01ns 
29177      INFO  main            d.u.i.k.p.i.AbstractProblemLoader Creating init config 
32223      DEBUG main            d.u.i.k.p.i.AbstractProblemLoader Init config took 3.05s 
32293      INFO  main            d.u.i.k.p.i.AbstractProblemLoader Replaying proof ArrayList[List::add(int)].JML normal_behavior operation contract.0 
33708      DEBUG main            d.u.i.k.p.i.IntermediateProofReplayer Proof replay took 1.34s 
33719      DEBUG main            d.u.i.k.p.r.p.TestFile    ... success: reloaded. 
33721      INFO  main            d.u.i.k.p.r.p.TestFile    Now processing file /home/runner/work/key/key/key.core/../key.ui/examples/newBook/09.list_modelfield/ArrayList.remFirst.key 
33721      INFO  main            d.u.i.k.p.i.AbstractProblemLoader Loading environment from /home/runner/work/key/key/key.core/../key.ui/examples/newBook/09.list_modelfield/ArrayList.remFirst.key 
33721      DEBUG main            d.u.i.k.p.i.AbstractProblemLoader Environment load took 82.81ns 
33723      INFO  main            d.u.i.k.p.i.AbstractProblemLoader Creating init config 
36742      DEBUG main            d.u.i.k.p.i.AbstractProblemLoader Init config took 3.02s 
36826      INFO  main            d.u.i.k.p.i.AbstractProblemLoader Replaying proof ArrayList[List::remFirst()].JML normal_behavior operation contract.0 
36828      DEBUG main            d.u.i.k.p.i.IntermediateProofReplayer Proof replay took 14.7ns 
41628      INFO  main            d.u.i.k.p.r.p.TestFile    ... finished proof: closed. 
41879      INFO  main            d.u.i.k.p.i.AbstractProblemLoader Loading environment from /home/runner/work/key/key/key.core/../key.ui/examples/newBook/09.list_modelfield/ArrayList.remFirst.key.proof 
41880      DEBUG main            d.u.i.k.p.i.AbstractProblemLoader Environment load took 193.41ns 
41882      INFO  main            d.u.i.k.p.i.AbstractProblemLoader Creating init config 
44844      DEBUG main            d.u.i.k.p.i.AbstractProblemLoader Init config took 2.96s 
44908      INFO  main            d.u.i.k.p.i.AbstractProblemLoader Replaying proof ArrayList[List::remFirst()].JML normal_behavior operation contract.0 
45563      DEBUG main            d.u.i.k.p.i.IntermediateProofReplayer Proof replay took 630.3ms 
45569      DEBUG main            d.u.i.k.p.r.p.TestFile    ... success: reloaded. 
45571      INFO  main            d.u.i.k.p.r.p.TestFile    Now processing file /home/runner/work/key/key/key.core/../key.ui/examples/newBook/09.list_modelfield/ArrayList.empty.key 
45572      INFO  main            d.u.i.k.p.i.AbstractProblemLoader Loading environment from /home/runner/work/key/key/key.core/../key.ui/examples/newBook/09.list_modelfield/ArrayList.empty.key 
45573      DEBUG main            d.u.i.k.p.i.AbstractProblemLoader Environment load took 456.43ns 
45574      INFO  main            d.u.i.k.p.i.AbstractProblemLoader Creating init config 
48452      DEBUG main            d.u.i.k.p.i.AbstractProblemLoader Init config took 2.88s 
48508      INFO  main            d.u.i.k.p.i.AbstractProblemLoader Replaying proof ArrayList[List::empty()].JML normal_behavior operation contract.0 
48509      DEBUG main            d.u.i.k.p.i.IntermediateProofReplayer Proof replay took 5.9ns 
49614      INFO  main            d.u.i.k.p.r.p.TestFile    ... finished proof: closed. 
49882      INFO  main            d.u.i.k.p.i.AbstractProblemLoader Loading environment from /home/runner/work/key/key/key.core/../key.ui/examples/newBook/09.list_modelfield/ArrayList.empty.key.proof 
49882      DEBUG main            d.u.i.k.p.i.AbstractProblemLoader Environment load took 133.61ns 
49887      INFO  main            d.u.i.k.p.i.AbstractProblemLoader Creating init config 
52861      DEBUG main            d.u.i.k.p.i.AbstractProblemLoader Init config took 2.97s 
52919      INFO  main            d.u.i.k.p.i.AbstractProblemLoader Replaying proof ArrayList[List::empty()].JML normal_behavior operation contract.0 
53076      DEBUG main            d.u.i.k.p.i.IntermediateProofReplayer Proof replay took 148.44ms 
53077      DEBUG main            d.u.i.k.p.r.p.TestFile    ... success: reloaded. 
53078      INFO  main            d.u.i.k.p.r.p.TestFile    Now processing file /home/runner/work/key/key/key.core/../key.ui/examples/newBook/09.list_modelfield/ArrayList.size.key 
53079      INFO  main            d.u.i.k.p.i.AbstractProblemLoader Loading environment from /home/runner/work/key/key/key.core/../key.ui/examples/newBook/09.list_modelfield/ArrayList.size.key 
53079      DEBUG main            d.u.i.k.p.i.AbstractProblemLoader Environment load took 68.3ns 
53080      INFO  main            d.u.i.k.p.i.AbstractProblemLoader Creating init config 
55974      DEBUG main            d.u.i.k.p.i.AbstractProblemLoader Init config took 2.89s 
56022      INFO  main            d.u.i.k.p.i.AbstractProblemLoader Replaying proof ArrayList[List::size()].JML normal_behavior operation contract.0 
56024      DEBUG main            d.u.i.k.p.i.IntermediateProofReplayer Proof replay took 6ns 
56528      INFO  main            d.u.i.k.p.r.p.TestFile    ... finished proof: closed. 
56687      INFO  main            d.u.i.k.p.i.AbstractProblemLoader Loading environment from /home/runner/work/key/key/key.core/../key.ui/examples/newBook/09.list_modelfield/ArrayList.size.key.proof 
56688      DEBUG main            d.u.i.k.p.i.AbstractProblemLoader Environment load took 128.11ns 
56689      INFO  main            d.u.i.k.p.i.AbstractProblemLoader Creating init config 
59478      DEBUG main            d.u.i.k.p.i.AbstractProblemLoader Init config took 2.79s 
59525      INFO  main            d.u.i.k.p.i.AbstractProblemLoader Replaying proof ArrayList[List::size()].JML normal_behavior operation contract.0 
59587      DEBUG main            d.u.i.k.p.i.IntermediateProofReplayer Proof replay took 57.43ms 
59589      DEBUG main            d.u.i.k.p.r.p.TestFile    ... success: reloaded. 
59590      INFO  main            d.u.i.k.p.r.p.TestFile    Now processing file /home/runner/work/key/key/key.core/../key.ui/examples/newBook/09.list_modelfield/ArrayList.get.key 
59590      INFO  main            d.u.i.k.p.i.AbstractProblemLoader Loading environment from /home/runner/work/key/key/key.core/../key.ui/examples/newBook/09.list_modelfield/ArrayList.get.key 
59590      DEBUG main            d.u.i.k.p.i.AbstractProblemLoader Environment load took 62.4ns 
59591      INFO  main            d.u.i.k.p.i.AbstractProblemLoader Creating init config 
62395      DEBUG main            d.u.i.k.p.i.AbstractProblemLoader Init config took 2.8s 
62441      INFO  main            d.u.i.k.p.i.AbstractProblemLoader Replaying proof ArrayList[List::get(int)].JML normal_behavior operation contract.0 
62442      DEBUG main            d.u.i.k.p.i.IntermediateProofReplayer Proof replay took 4.7ns 
63549      INFO  main            d.u.i.k.p.r.p.TestFile    ... finished proof: closed. 
63744      INFO  main            d.u.i.k.p.i.AbstractProblemLoader Loading environment from /home/runner/work/key/key/key.core/../key.ui/examples/newBook/09.list_modelfield/ArrayList.get.key.proof 
63744      DEBUG main            d.u.i.k.p.i.AbstractProblemLoader Environment load took 162.01ns 
63745      INFO  main            d.u.i.k.p.i.AbstractProblemLoader Creating init config 
66461      DEBUG main            d.u.i.k.p.i.AbstractProblemLoader Init config took 2.72s 
66504      INFO  main            d.u.i.k.p.i.AbstractProblemLoader Replaying proof ArrayList[List::get(int)].JML normal_behavior operation contract.0 
66619      DEBUG main            d.u.i.k.p.i.IntermediateProofReplayer Proof replay took 108.82ms 
66620      DEBUG main            d.u.i.k.p.r.p.TestFile    ... success: reloaded. 
67230      INFO  Test worker     d.u.i.k.p.r.RunAllProofsTestUnit Returning from test newBook 
67239      INFO  Test worker     d.u.i.k.p.r.RunAllProofsTestUnit Running test oldBook 
352        INFO  Timeout watchdog d.u.i.k.p.r.p.ForkedTestFileRunner Timeout watcher launched (2000 secs.) 
365        WARN  main            d.u.i.k.s.ProofSettings   The settings in /home/runner/.key/proof-settings.props are *not* read. 
415        INFO  main            d.u.i.k.p.r.p.TestFile    Now processing file /home/runner/work/key/key/key.core/../key.ui/examples/standard_key/BookExamples/02FirstOrderLogic/Ex2.58.key 
584        INFO  main            d.u.i.k.p.i.AbstractProblemLoader Loading environment from /home/runner/work/key/key/key.core/../key.ui/examples/standard_key/BookExamples/02FirstOrderLogic/Ex2.58.key 
606        DEBUG main            d.u.i.k.p.i.AbstractProblemLoader Environment load took 1.91ms 
850        INFO  main            d.u.i.k.p.i.AbstractProblemLoader Creating init config 
1783       DEBUG main            d.u.i.k.j.TypeConverter   No LDT found for Meta 
1784       DEBUG main            d.u.i.k.j.TypeConverter   No LDT found for Meta 
1788       DEBUG main            d.u.i.k.j.TypeConverter   No LDT found for Meta 
1789       DEBUG main            d.u.i.k.j.TypeConverter   No LDT found for Meta 
3317       DEBUG main            d.u.i.k.j.TypeConverter   No LDT found for JavaBigintExpression 
8543       DEBUG main            d.u.i.k.p.i.AbstractProblemLoader Init config took 7.69s 
8617       INFO  main            d.u.i.k.p.i.AbstractProblemLoader Replaying proof Ex2.58.key 
8658       DEBUG main            d.u.i.k.p.i.IntermediateProofReplayer Proof replay took 32.6ns 
8830       INFO  main            d.u.i.k.p.r.p.TestFile    ... finished proof: closed. 
8934       INFO  main            d.u.i.k.p.i.AbstractProblemLoader Loading environment from /home/runner/work/key/key/key.core/../key.ui/examples/standard_key/BookExamples/02FirstOrderLogic/Ex2.58.key.proof 
8935       DEBUG main            d.u.i.k.p.i.AbstractProblemLoader Environment load took 163.81ns 
8939       INFO  main            d.u.i.k.p.i.AbstractProblemLoader Creating init config 
11948      DEBUG main            d.u.i.k.p.i.AbstractProblemLoader Init config took 3.01s 
11975      INFO  main            d.u.i.k.p.i.AbstractProblemLoader Replaying proof Ex2.58.key.proof 
11983      DEBUG main            d.u.i.k.p.i.IntermediateProofReplayer Proof replay took 3.23ms 
11995      DEBUG main            d.u.i.k.p.r.p.TestFile    ... success: reloaded. 
11997      INFO  main            d.u.i.k.p.r.p.TestFile    Now processing file /home/runner/work/key/key/key.core/../key.ui/examples/standard_key/BookExamples/03DynamicLogic/Sect3.3.1.key 
12000      INFO  main            d.u.i.k.p.i.AbstractProblemLoader Loading environment from /home/runner/work/key/key/key.core/../key.ui/examples/standard_key/BookExamples/03DynamicLogic/Sect3.3.1.key 
12001      DEBUG main            d.u.i.k.p.i.AbstractProblemLoader Environment load took 456.43ns 
12003      INFO  main            d.u.i.k.p.i.AbstractProblemLoader Creating init config 
14779      DEBUG main            d.u.i.k.p.i.AbstractProblemLoader Init config took 2.78s 
14810      INFO  main            d.u.i.k.p.i.AbstractProblemLoader Replaying proof Sect3.3.1.key 
14814      DEBUG main            d.u.i.k.p.i.IntermediateProofReplayer Proof replay took 7.4ns 
15221      INFO  main            d.u.i.k.p.r.p.TestFile    ... finished proof: closed. 
15362      INFO  main            d.u.i.k.p.i.AbstractProblemLoader Loading environment from /home/runner/work/key/key/key.core/../key.ui/examples/standard_key/BookExamples/03DynamicLogic/Sect3.3.1.key.proof 
15363      DEBUG main            d.u.i.k.p.i.AbstractProblemLoader Environment load took 1.35ms 
15366      INFO  main            d.u.i.k.p.i.AbstractProblemLoader Creating init config 
18094      DEBUG main            d.u.i.k.p.i.AbstractProblemLoader Init config took 2.73s 
18120      INFO  main            d.u.i.k.p.i.AbstractProblemLoader Replaying proof Sect3.3.1.key.proof 
18231      DEBUG main            d.u.i.k.p.i.IntermediateProofReplayer Proof replay took 91.9ms 
18232      DEBUG main            d.u.i.k.p.r.p.TestFile    ... success: reloaded. 
85639      INFO  Test worker     d.u.i.k.p.r.RunAllProofsTestUnit Returning from test oldBook 
85641      INFO  Test worker     d.u.i.k.p.r.RunAllProofsTestUnit Running test comprehensions 
392        INFO  Timeout watchdog d.u.i.k.p.r.p.ForkedTestFileRunner Timeout watcher launched (2000 secs.) 
410        WARN  main            d.u.i.k.s.ProofSettings   The settings in /home/runner/.key/proof-settings.props are *not* read. 
439        INFO  main            d.u.i.k.p.r.p.TestFile    Now processing file /home/runner/work/key/key/key.core/../key.ui/examples/heap/comprehensions/general_sum.key 
553        INFO  main            d.u.i.k.p.i.AbstractProblemLoader Loading environment from /home/runner/work/key/key/key.core/../key.ui/examples/heap/comprehensions/general_sum.key 
571        DEBUG main            d.u.i.k.p.i.AbstractProblemLoader Environment load took 2.17ms 
811        INFO  main            d.u.i.k.p.i.AbstractProblemLoader Creating init config 
1778       DEBUG main            d.u.i.k.j.TypeConverter   No LDT found for Meta 
1780       DEBUG main            d.u.i.k.j.TypeConverter   No LDT found for Meta 
1782       DEBUG main            d.u.i.k.j.TypeConverter   No LDT found for Meta 
1782       DEBUG main            d.u.i.k.j.TypeConverter   No LDT found for Meta 
3164       DEBUG main            d.u.i.k.j.TypeConverter   No LDT found for JavaBigintExpression 
8713       DEBUG main            d.u.i.k.p.i.AbstractProblemLoader Init config took 7.9s 
8912       INFO  main            d.u.i.k.p.i.AbstractProblemLoader Replaying proof GSum[GSum::doNothing()].JML operation contract.0 
8947       DEBUG main            d.u.i.k.p.i.IntermediateProofReplayer Proof replay took 33ns 
9401       INFO  main            d.u.i.k.p.r.p.TestFile    ... finished proof: closed. 
9526       INFO  main            d.u.i.k.p.i.AbstractProblemLoader Loading environment from /home/runner/work/key/key/key.core/../key.ui/examples/heap/comprehensions/general_sum.key.proof 
9526       DEBUG main            d.u.i.k.p.i.AbstractProblemLoader Environment load took 173.51ns 
9528       INFO  main            d.u.i.k.p.i.AbstractProblemLoader Creating init config 
12681      DEBUG main            d.u.i.k.p.i.AbstractProblemLoader Init config took 3.15s 
12753      INFO  main            d.u.i.k.p.i.AbstractProblemLoader Replaying proof GSum[GSum::doNothing()].JML operation contract.0 
12771      DEBUG main            d.u.i.k.p.i.IntermediateProofReplayer Proof replay took 13.76ms 
12777      DEBUG main            d.u.i.k.p.r.p.TestFile    ... success: reloaded. 
12778      INFO  main            d.u.i.k.p.r.p.TestFile    Now processing file /home/runner/work/key/key/key.core/../key.ui/examples/heap/comprehensions/sum0.key 
12778      INFO  main            d.u.i.k.p.i.AbstractProblemLoader Loading environment from /home/runner/work/key/key/key.core/../key.ui/examples/heap/comprehensions/sum0.key 
12779      DEBUG main            d.u.i.k.p.i.AbstractProblemLoader Environment load took 96.11ns 
12780      INFO  main            d.u.i.k.p.i.AbstractProblemLoader Creating init config 
15746      DEBUG main            d.u.i.k.p.i.AbstractProblemLoader Init config took 2.97s 
15803      INFO  main            d.u.i.k.p.i.AbstractProblemLoader Replaying proof Sum[Sum::sum0([I)].JML normal_behavior operation contract.0 
15806      DEBUG main            d.u.i.k.p.i.IntermediateProofReplayer Proof replay took 6.6ns 
16616      INFO  main            d.u.i.k.p.r.p.TestFile    ... finished proof: closed. 
16781      INFO  main            d.u.i.k.p.i.AbstractProblemLoader Loading environment from /home/runner/work/key/key/key.core/../key.ui/examples/heap/comprehensions/sum0.key.proof 
16783      DEBUG main            d.u.i.k.p.i.AbstractProblemLoader Environment load took 2.51ms 
16789      INFO  main            d.u.i.k.p.i.AbstractProblemLoader Creating init config 
19838      DEBUG main            d.u.i.k.p.i.AbstractProblemLoader Init config took 3.05s 
19923      INFO  main            d.u.i.k.p.i.AbstractProblemLoader Replaying proof Sum[Sum::sum0([I)].JML normal_behavior operation contract.0 
20118      DEBUG main            d.u.i.k.p.i.IntermediateProofReplayer Proof replay took 185.77ms 
20120      DEBUG main            d.u.i.k.p.r.p.TestFile    ... success: reloaded. 
20122      INFO  main            d.u.i.k.p.r.p.TestFile    Now processing file /home/runner/work/key/key/key.core/../key.ui/examples/heap/comprehensions/sum1.key 
20123      INFO  main            d.u.i.k.p.i.AbstractProblemLoader Loading environment from /home/runner/work/key/key/key.core/../key.ui/examples/heap/comprehensions/sum1.key 
20123      DEBUG main            d.u.i.k.p.i.AbstractProblemLoader Environment load took 175.41ns 
20125      INFO  main            d.u.i.k.p.i.AbstractProblemLoader Creating init config 
23052      DEBUG main            d.u.i.k.p.i.AbstractProblemLoader Init config took 2.93s 
23100      INFO  main            d.u.i.k.p.i.AbstractProblemLoader Replaying proof Sum[Sum::sum1([I)].JML normal_behavior operation contract.0 
23102      DEBUG main            d.u.i.k.p.i.IntermediateProofReplayer Proof replay took 5.9ns 
23606      INFO  main            d.u.i.k.p.r.p.TestFile    ... finished proof: closed. 
23776      INFO  main            d.u.i.k.p.i.AbstractProblemLoader Loading environment from /home/runner/work/key/key/key.core/../key.ui/examples/heap/comprehensions/sum1.key.proof 
23777      DEBUG main            d.u.i.k.p.i.AbstractProblemLoader Environment load took 920.66ns 
23779      INFO  main            d.u.i.k.p.i.AbstractProblemLoader Creating init config 
26496      DEBUG main            d.u.i.k.p.i.AbstractProblemLoader Init config took 2.72s 
26570      INFO  main            d.u.i.k.p.i.AbstractProblemLoader Replaying proof Sum[Sum::sum1([I)].JML normal_behavior operation contract.0 
26716      DEBUG main            d.u.i.k.p.i.IntermediateProofReplayer Proof replay took 136.96ms 
26717      DEBUG main            d.u.i.k.p.r.p.TestFile    ... success: reloaded. 
26723      INFO  main            d.u.i.k.p.r.p.TestFile    Now processing file /home/runner/work/key/key/key.core/../key.ui/examples/heap/comprehensions/sum2.key 
26723      INFO  main            d.u.i.k.p.i.AbstractProblemLoader Loading environment from /home/runner/work/key/key/key.core/../key.ui/examples/heap/comprehensions/sum2.key 
26724      DEBUG main            d.u.i.k.p.i.AbstractProblemLoader Environment load took 389.02ns 
26726      INFO  main            d.u.i.k.p.i.AbstractProblemLoader Creating init config 
29550      DEBUG main            d.u.i.k.p.i.AbstractProblemLoader Init config took 2.82s 
29600      INFO  main            d.u.i.k.p.i.AbstractProblemLoader Replaying proof Sum[Sum::sum2([I)].JML normal_behavior operation contract.0 
29602      DEBUG main            d.u.i.k.p.i.IntermediateProofReplayer Proof replay took 6.9ns 
30008      INFO  main            d.u.i.k.p.r.p.TestFile    ... finished proof: closed. 
30168      INFO  main            d.u.i.k.p.i.AbstractProblemLoader Loading environment from /home/runner/work/key/key/key.core/../key.ui/examples/heap/comprehensions/sum2.key.proof 
30168      DEBUG main            d.u.i.k.p.i.AbstractProblemLoader Environment load took 136.01ns 
30169      INFO  main            d.u.i.k.p.i.AbstractProblemLoader Creating init config 
32987      DEBUG main            d.u.i.k.p.i.AbstractProblemLoader Init config took 2.82s 
33035      INFO  main            d.u.i.k.p.i.AbstractProblemLoader Replaying proof Sum[Sum::sum2([I)].JML normal_behavior operation contract.0 
33126      DEBUG main            d.u.i.k.p.i.IntermediateProofReplayer Proof replay took 86.76ms 
33127      DEBUG main            d.u.i.k.p.r.p.TestFile    ... success: reloaded. 
33129      INFO  main            d.u.i.k.p.r.p.TestFile    Now processing file /home/runner/work/key/key/key.core/../key.ui/examples/heap/comprehensions/sum3.key 
33129      INFO  main            d.u.i.k.p.i.AbstractProblemLoader Loading environment from /home/runner/work/key/key/key.core/../key.ui/examples/heap/comprehensions/sum3.key 
33130      DEBUG main            d.u.i.k.p.i.AbstractProblemLoader Environment load took 371.12ns 
33131      INFO  main            d.u.i.k.p.i.AbstractProblemLoader Creating init config 
35859      DEBUG main            d.u.i.k.p.i.AbstractProblemLoader Init config took 2.73s 
35908      INFO  main            d.u.i.k.p.i.AbstractProblemLoader Replaying proof Sum[Sum::sum3([I)].JML normal_behavior operation contract.0 
35910      DEBUG main            d.u.i.k.p.i.IntermediateProofReplayer Proof replay took 5.9ns 
36315      INFO  main            d.u.i.k.p.r.p.TestFile    ... finished proof: closed. 
36504      INFO  main            d.u.i.k.p.i.AbstractProblemLoader Loading environment from /home/runner/work/key/key/key.core/../key.ui/examples/heap/comprehensions/sum3.key.proof 
36506      DEBUG main            d.u.i.k.p.i.AbstractProblemLoader Environment load took 1.97ms 
36508      INFO  main            d.u.i.k.p.i.AbstractProblemLoader Creating init config 
39207      DEBUG main            d.u.i.k.p.i.AbstractProblemLoader Init config took 2.7s 
39261      INFO  main            d.u.i.k.p.i.AbstractProblemLoader Replaying proof Sum[Sum::sum3([I)].JML normal_behavior operation contract.0 
39368      DEBUG main            d.u.i.k.p.i.IntermediateProofReplayer Proof replay took 103.67ms 
39370      DEBUG main            d.u.i.k.p.r.p.TestFile    ... success: reloaded. 
39371      INFO  main            d.u.i.k.p.r.p.TestFile    Now processing file /home/runner/work/key/key/key.core/../key.ui/examples/heap/comprehensions/segsum.key 
39373      INFO  main            d.u.i.k.p.i.AbstractProblemLoader Loading environment from /home/runner/work/key/key/key.core/../key.ui/examples/heap/comprehensions/segsum.key 
39373      DEBUG main            d.u.i.k.p.i.AbstractProblemLoader Environment load took 446.43ns 
39374      INFO  main            d.u.i.k.p.i.AbstractProblemLoader Creating init config 
42182      DEBUG main            d.u.i.k.p.i.AbstractProblemLoader Init config took 2.81s 
42233      INFO  main            d.u.i.k.p.i.AbstractProblemLoader Replaying proof SegSum[SegSum::segSum([I,int,int)].JML normal_behavior operation contract.0 
42234      DEBUG main            d.u.i.k.p.i.IntermediateProofReplayer Proof replay took 7ns 
42738      INFO  main            d.u.i.k.p.r.p.TestFile    ... finished proof: closed. 
42951      INFO  main            d.u.i.k.p.i.AbstractProblemLoader Loading environment from /home/runner/work/key/key/key.core/../key.ui/examples/heap/comprehensions/segsum.key.proof 
42952      DEBUG main            d.u.i.k.p.i.AbstractProblemLoader Environment load took 751.15ns 
42954      INFO  main            d.u.i.k.p.i.AbstractProblemLoader Creating init config 
45630      DEBUG main            d.u.i.k.p.i.AbstractProblemLoader Init config took 2.68s 
45690      INFO  main            d.u.i.k.p.i.AbstractProblemLoader Replaying proof SegSum[SegSum::segSum([I,int,int)].JML normal_behavior operation contract.0 
45776      DEBUG main            d.u.i.k.p.i.IntermediateProofReplayer Proof replay took 82.87ms 
45777      DEBUG main            d.u.i.k.p.r.p.TestFile    ... success: reloaded. 
45779      INFO  main            d.u.i.k.p.r.p.TestFile    Now processing file /home/runner/work/key/key/key.core/../key.ui/examples/heap/comprehensions/bsum_negative.key 
45779      INFO  main            d.u.i.k.p.i.AbstractProblemLoader Loading environment from /home/runner/work/key/key/key.core/../key.ui/examples/heap/comprehensions/bsum_negative.key 
45780      DEBUG main            d.u.i.k.p.i.AbstractProblemLoader Environment load took 407.33ns 
45782      INFO  main            d.u.i.k.p.i.AbstractProblemLoader Creating init config 
48348      DEBUG main            d.u.i.k.p.i.AbstractProblemLoader Init config took 2.57s 
48370      INFO  main            d.u.i.k.p.i.AbstractProblemLoader Replaying proof bsum_negative.key 
48372      DEBUG main            d.u.i.k.p.i.IntermediateProofReplayer Proof replay took 7.6ns 
48474      INFO  main            d.u.i.k.p.r.p.TestFile    ... finished proof: closed. 
48646      INFO  main            d.u.i.k.p.i.AbstractProblemLoader Loading environment from /home/runner/work/key/key/key.core/../key.ui/examples/heap/comprehensions/bsum_negative.key.proof 
48646      DEBUG main            d.u.i.k.p.i.AbstractProblemLoader Environment load took 135.41ns 
48648      INFO  main            d.u.i.k.p.i.AbstractProblemLoader Creating init config 
51145      DEBUG main            d.u.i.k.p.i.AbstractProblemLoader Init config took 2.5s 
51168      INFO  main            d.u.i.k.p.i.AbstractProblemLoader Replaying proof bsum_negative.key.proof 
51171      DEBUG main            d.u.i.k.p.i.IntermediateProofReplayer Proof replay took 1.67ms 
51172      DEBUG main            d.u.i.k.p.r.p.TestFile    ... success: reloaded. 
51172      INFO  main            d.u.i.k.p.r.p.TestFile    Now processing file /home/runner/work/key/key/key.core/../key.ui/examples/heap/comprehensions/bsum_neg2.key 
51172      INFO  main            d.u.i.k.p.i.AbstractProblemLoader Loading environment from /home/runner/work/key/key/key.core/../key.ui/examples/heap/comprehensions/bsum_neg2.key 
51173      DEBUG main            d.u.i.k.p.i.AbstractProblemLoader Environment load took 59.9ns 
51173      INFO  main            d.u.i.k.p.i.AbstractProblemLoader Creating init config 
53804      DEBUG main            d.u.i.k.p.i.AbstractProblemLoader Init config took 2.63s 
53832      INFO  main            d.u.i.k.p.i.AbstractProblemLoader Replaying proof bsum_neg2.key 
53834      DEBUG main            d.u.i.k.p.i.IntermediateProofReplayer Proof replay took 7.4ns 
53937      INFO  main            d.u.i.k.p.r.p.TestFile    ... finished proof: closed. 
54235      INFO  main            d.u.i.k.p.i.AbstractProblemLoader Loading environment from /home/runner/work/key/key/key.core/../key.ui/examples/heap/comprehensions/bsum_neg2.key.proof 
54235      DEBUG main            d.u.i.k.p.i.AbstractProblemLoader Environment load took 117.61ns 
54236      INFO  main            d.u.i.k.p.i.AbstractProblemLoader Creating init config 
56775      DEBUG main            d.u.i.k.p.i.AbstractProblemLoader Init config took 2.54s 
56796      INFO  main            d.u.i.k.p.i.AbstractProblemLoader Replaying proof bsum_neg2.key.proof 
56799      DEBUG main            d.u.i.k.p.i.IntermediateProofReplayer Proof replay took 972.56ns 
56800      DEBUG main            d.u.i.k.p.r.p.TestFile    ... success: reloaded. 
56802      INFO  main            d.u.i.k.p.r.p.TestFile    Now processing file /home/runner/work/key/key/key.core/../key.ui/examples/heap/comprehensions/bsumSplit.key 
56803      INFO  main            d.u.i.k.p.i.AbstractProblemLoader Loading environment from /home/runner/work/key/key/key.core/../key.ui/examples/heap/comprehensions/bsumSplit.key 
56804      DEBUG main            d.u.i.k.p.i.AbstractProblemLoader Environment load took 764.15ns 
56806      INFO  main            d.u.i.k.p.i.AbstractProblemLoader Creating init config 
59362      DEBUG main            d.u.i.k.p.i.AbstractProblemLoader Init config took 2.56s 
59381      INFO  main            d.u.i.k.p.i.AbstractProblemLoader Replaying proof bsumSplit.key 
59382      DEBUG main            d.u.i.k.p.i.IntermediateProofReplayer Proof replay took 7.2ns 
59487      INFO  main            d.u.i.k.p.r.p.TestFile    ... finished proof: closed. 
59685      INFO  main            d.u.i.k.p.i.AbstractProblemLoader Loading environment from /home/runner/work/key/key/key.core/../key.ui/examples/heap/comprehensions/bsumSplit.key.proof 
59685      DEBUG main            d.u.i.k.p.i.AbstractProblemLoader Environment load took 121.51ns 
59688      INFO  main            d.u.i.k.p.i.AbstractProblemLoader Creating init config 
62259      DEBUG main            d.u.i.k.p.i.AbstractProblemLoader Init config took 2.57s 
62279      INFO  main            d.u.i.k.p.i.AbstractProblemLoader Replaying proof bsumSplit.key.proof 
62286      DEBUG main            d.u.i.k.p.i.IntermediateProofReplayer Proof replay took 4.13ms 
62287      DEBUG main            d.u.i.k.p.r.p.TestFile    ... success: reloaded. 
62288      INFO  main            d.u.i.k.p.r.p.TestFile    Now processing file /home/runner/work/key/key/key.core/../key.ui/examples/heap/comprehensions/bprodSplit.key 
62289      INFO  main            d.u.i.k.p.i.AbstractProblemLoader Loading environment from /home/runner/work/key/key/key.core/../key.ui/examples/heap/comprehensions/bprodSplit.key 
62290      DEBUG main            d.u.i.k.p.i.AbstractProblemLoader Environment load took 418.33ns 
62292      INFO  main            d.u.i.k.p.i.AbstractProblemLoader Creating init config 
64841      DEBUG main            d.u.i.k.p.i.AbstractProblemLoader Init config took 2.55s 
64858      INFO  main            d.u.i.k.p.i.AbstractProblemLoader Replaying proof bprodSplit.key 
64859      DEBUG main            d.u.i.k.p.i.IntermediateProofReplayer Proof replay took 6ns 
64963      INFO  main            d.u.i.k.p.r.p.TestFile    ... finished proof: closed. 
65153      INFO  main            d.u.i.k.p.i.AbstractProblemLoader Loading environment from /home/runner/work/key/key/key.core/../key.ui/examples/heap/comprehensions/bprodSplit.key.proof 
65153      DEBUG main            d.u.i.k.p.i.AbstractProblemLoader Environment load took 113.41ns 
65155      INFO  main            d.u.i.k.p.i.AbstractProblemLoader Creating init config 
67620      DEBUG main            d.u.i.k.p.i.AbstractProblemLoader Init config took 2.47s 
67640      INFO  main            d.u.i.k.p.i.AbstractProblemLoader Replaying proof bprodSplit.key.proof 
67643      DEBUG main            d.u.i.k.p.i.IntermediateProofReplayer Proof replay took 2.19ms 
67644      DEBUG main            d.u.i.k.p.r.p.TestFile    ... success: reloaded. 
67644      INFO  main            d.u.i.k.p.r.p.TestFile    Now processing file /home/runner/work/key/key/key.core/../key.ui/examples/heap/comprehensions/bsumSplitInvalid.key 
67645      INFO  main            d.u.i.k.p.i.AbstractProblemLoader Loading environment from /home/runner/work/key/key/key.core/../key.ui/examples/heap/comprehensions/bsumSplitInvalid.key 
67645      DEBUG main            d.u.i.k.p.i.AbstractProblemLoader Environment load took 51.5ns 
67646      INFO  main            d.u.i.k.p.i.AbstractProblemLoader Creating init config 
70236      DEBUG main            d.u.i.k.p.i.AbstractProblemLoader Init config took 2.59s 
70253      INFO  main            d.u.i.k.p.i.AbstractProblemLoader Replaying proof bsumSplitInvalid.key 
70254      DEBUG main            d.u.i.k.p.i.IntermediateProofReplayer Proof replay took 7.4ns 
70359      INFO  main            d.u.i.k.p.r.p.TestFile    ... finished proof: open goal(s) 
156427     INFO  Test worker     d.u.i.k.p.r.RunAllProofsTestUnit Returning from test comprehensions 
156428     INFO  Test worker     d.u.i.k.p.r.RunAllProofsTestUnit Running test performance 
369        INFO  Timeout watchdog d.u.i.k.p.r.p.ForkedTestFileRunner Timeout watcher launched (2000 secs.) 
386        WARN  main            d.u.i.k.s.ProofSettings   The settings in /home/runner/.key/proof-settings.props are *not* read. 
437        INFO  main            d.u.i.k.p.r.p.TestFile    Now processing file /home/runner/work/key/key/key.core/../key.ui/examples/performance-test/Disjoint(Disjoint__disjoint_08()).JML_operation_contract.0.key 
571        INFO  main            d.u.i.k.p.i.AbstractProblemLoader Loading environment from /home/runner/work/key/key/key.core/../key.ui/examples/performance-test/Disjoint(Disjoint__disjoint_08()).JML_operation_contract.0.key 
600        DEBUG main            d.u.i.k.p.i.AbstractProblemLoader Environment load took 2.26ms 
859        INFO  main            d.u.i.k.p.i.AbstractProblemLoader Creating init config 
1939       DEBUG main            d.u.i.k.j.TypeConverter   No LDT found for Meta 
1939       DEBUG main            d.u.i.k.j.TypeConverter   No LDT found for Meta 
1940       DEBUG main            d.u.i.k.j.TypeConverter   No LDT found for Meta 
1941       DEBUG main            d.u.i.k.j.TypeConverter   No LDT found for Meta 
3456       DEBUG main            d.u.i.k.j.TypeConverter   No LDT found for JavaBigintExpression 
9933       DEBUG main            d.u.i.k.j.r.ClassPreparationMethodBuilder clPrepBuilder: Inner Class detected. Reject building class initialisation methods. 
19421      DEBUG main            d.u.i.k.p.i.AbstractProblemLoader Init config took 18.56s 
19683      INFO  main            d.u.i.k.p.i.AbstractProblemLoader Replaying proof Disjoint[Disjoint::disjoint_8()].JML operation contract.0 
19798      DEBUG main            d.u.i.k.p.i.IntermediateProofReplayer Proof replay took 408.62ns 
22962      INFO  main            d.u.i.k.p.r.p.TestFile    ... finished proof: closed. 
23215      INFO  main            d.u.i.k.p.i.AbstractProblemLoader Loading environment from /home/runner/work/key/key/key.core/../key.ui/examples/performance-test/Disjoint(Disjoint__disjoint_08()).JML_operation_contract.0.key.proof 
23215      DEBUG main            d.u.i.k.p.i.AbstractProblemLoader Environment load took 189.51ns 
23218      INFO  main            d.u.i.k.p.i.AbstractProblemLoader Creating init config 
27147      DEBUG main            d.u.i.k.j.r.ClassPreparationMethodBuilder clPrepBuilder: Inner Class detected. Reject building class initialisation methods. 
35873      DEBUG main            d.u.i.k.p.i.AbstractProblemLoader Init config took 12.66s 
36020      INFO  main            d.u.i.k.p.i.AbstractProblemLoader Replaying proof Disjoint[Disjoint::disjoint_8()].JML operation contract.0 
36417      DEBUG main            d.u.i.k.p.i.IntermediateProofReplayer Proof replay took 376.61ms 
36434      DEBUG main            d.u.i.k.p.r.p.TestFile    ... success: reloaded. 
36442      INFO  main            d.u.i.k.p.r.p.TestFile    Now processing file /home/runner/work/key/key/key.core/../key.ui/examples/performance-test/Disjoint(Disjoint__disjoint2_08()).JML_operation_contract.0.key 
36442      INFO  main            d.u.i.k.p.i.AbstractProblemLoader Loading environment from /home/runner/work/key/key/key.core/../key.ui/examples/performance-test/Disjoint(Disjoint__disjoint2_08()).JML_operation_contract.0.key 
36443      DEBUG main            d.u.i.k.p.i.AbstractProblemLoader Environment load took 454.23ns 
36445      INFO  main            d.u.i.k.p.i.AbstractProblemLoader Creating init config 
40303      DEBUG main            d.u.i.k.j.r.ClassPreparationMethodBuilder clPrepBuilder: Inner Class detected. Reject building class initialisation methods. 
48878      DEBUG main            d.u.i.k.p.i.AbstractProblemLoader Init config took 12.43s 
48992      INFO  main            d.u.i.k.p.i.AbstractProblemLoader Replaying proof Disjoint[Disjoint::disjoint2_8()].JML operation contract.0 
48995      DEBUG main            d.u.i.k.p.i.IntermediateProofReplayer Proof replay took 23ns 
50100      INFO  main            d.u.i.k.p.r.p.TestFile    ... finished proof: closed. 
50430      INFO  main            d.u.i.k.p.i.AbstractProblemLoader Loading environment from /home/runner/work/key/key/key.core/../key.ui/examples/performance-test/Disjoint(Disjoint__disjoint2_08()).JML_operation_contract.0.key.proof 
50430      DEBUG main            d.u.i.k.p.i.AbstractProblemLoader Environment load took 159.51ns 
50431      INFO  main            d.u.i.k.p.i.AbstractProblemLoader Creating init config 
54079      DEBUG main            d.u.i.k.j.r.ClassPreparationMethodBuilder clPrepBuilder: Inner Class detected. Reject building class initialisation methods. 
62402      DEBUG main            d.u.i.k.p.i.AbstractProblemLoader Init config took 11.97s 
62522      INFO  main            d.u.i.k.p.i.AbstractProblemLoader Replaying proof Disjoint[Disjoint::disjoint2_8()].JML operation contract.0 
62644      DEBUG main            d.u.i.k.p.i.IntermediateProofReplayer Proof replay took 112.91ms 
62650      DEBUG main            d.u.i.k.p.r.p.TestFile    ... success: reloaded. 
62654      INFO  main            d.u.i.k.p.r.p.TestFile    Now processing file /home/runner/work/key/key/key.core/../key.ui/examples/performance-test/AccessChain1(AccessChain1__foo_08()).JML_operation_contract.0.key 
62654      INFO  main            d.u.i.k.p.i.AbstractProblemLoader Loading environment from /home/runner/work/key/key/key.core/../key.ui/examples/performance-test/AccessChain1(AccessChain1__foo_08()).JML_operation_contract.0.key 
62655      DEBUG main            d.u.i.k.p.i.AbstractProblemLoader Environment load took 386.32ns 
62659      INFO  main            d.u.i.k.p.i.AbstractProblemLoader Creating init config 
66277      DEBUG main            d.u.i.k.j.r.ClassPreparationMethodBuilder clPrepBuilder: Inner Class detected. Reject building class initialisation methods. 
74482      DEBUG main            d.u.i.k.p.i.AbstractProblemLoader Init config took 11.82s 
74586      INFO  main            d.u.i.k.p.i.AbstractProblemLoader Replaying proof AccessChain1[AccessChain1::foo_8()].JML operation contract.0 
74588      DEBUG main            d.u.i.k.p.i.IntermediateProofReplayer Proof replay took 13.2ns 
77505      INFO  main            d.u.i.k.p.r.p.TestFile    ... finished proof: closed. 
77874      INFO  main            d.u.i.k.p.i.AbstractProblemLoader Loading environment from /home/runner/work/key/key/key.core/../key.ui/examples/performance-test/AccessChain1(AccessChain1__foo_08()).JML_operation_contract.0.key.proof 
77875      DEBUG main            d.u.i.k.p.i.AbstractProblemLoader Environment load took 306.92ns 
77877      INFO  main            d.u.i.k.p.i.AbstractProblemLoader Creating init config 
81328      DEBUG main            d.u.i.k.j.r.ClassPreparationMethodBuilder clPrepBuilder: Inner Class detected. Reject building class initialisation methods. 
89414      DEBUG main            d.u.i.k.p.i.AbstractProblemLoader Init config took 11.54s 
89520      INFO  main            d.u.i.k.p.i.AbstractProblemLoader Replaying proof AccessChain1[AccessChain1::foo_8()].JML operation contract.0 
90089      DEBUG main            d.u.i.k.p.i.IntermediateProofReplayer Proof replay took 553.42ms 
90092      DEBUG main            d.u.i.k.p.r.p.TestFile    ... success: reloaded. 
90095      INFO  main            d.u.i.k.p.r.p.TestFile    Now processing file /home/runner/work/key/key/key.core/../key.ui/examples/performance-test/AccessChain4(AccessChain4__foo_08()).JML_operation_contract.0.key 
90096      INFO  main            d.u.i.k.p.i.AbstractProblemLoader Loading environment from /home/runner/work/key/key/key.core/../key.ui/examples/performance-test/AccessChain4(AccessChain4__foo_08()).JML_operation_contract.0.key 
90096      DEBUG main            d.u.i.k.p.i.AbstractProblemLoader Environment load took 392.92ns 
90098      INFO  main            d.u.i.k.p.i.AbstractProblemLoader Creating init config 
93714      DEBUG main            d.u.i.k.j.r.ClassPreparationMethodBuilder clPrepBuilder: Inner Class detected. Reject building class initialisation methods. 
101754     DEBUG main            d.u.i.k.p.i.AbstractProblemLoader Init config took 11.66s 
101870     INFO  main            d.u.i.k.p.i.AbstractProblemLoader Replaying proof AccessChain4[AccessChain4::foo_8()].JML operation contract.0 
101873     DEBUG main            d.u.i.k.p.i.IntermediateProofReplayer Proof replay took 13ns 
108992     INFO  main            d.u.i.k.p.r.p.TestFile    ... finished proof: closed. 
109408     INFO  main            d.u.i.k.p.i.AbstractProblemLoader Loading environment from /home/runner/work/key/key/key.core/../key.ui/examples/performance-test/AccessChain4(AccessChain4__foo_08()).JML_operation_contract.0.key.proof 
109408     DEBUG main            d.u.i.k.p.i.AbstractProblemLoader Environment load took 723.85ns 
109411     INFO  main            d.u.i.k.p.i.AbstractProblemLoader Creating init config 
112715     DEBUG main            d.u.i.k.j.r.ClassPreparationMethodBuilder clPrepBuilder: Inner Class detected. Reject building class initialisation methods. 
120689     DEBUG main            d.u.i.k.p.i.AbstractProblemLoader Init config took 11.28s 
120783     INFO  main            d.u.i.k.p.i.AbstractProblemLoader Replaying proof AccessChain4[AccessChain4::foo_8()].JML operation contract.0 
121850     DEBUG main            d.u.i.k.p.i.IntermediateProofReplayer Proof replay took 1.04s 
121853     DEBUG main            d.u.i.k.p.r.p.TestFile    ... success: reloaded. 
121855     INFO  main            d.u.i.k.p.r.p.TestFile    Now processing file /home/runner/work/key/key/key.core/../key.ui/examples/performance-test/Disjoint(Disjoint__xZero_08()).JML_operation_contract.0.key 
121855     INFO  main            d.u.i.k.p.i.AbstractProblemLoader Loading environment from /home/runner/work/key/key/key.core/../key.ui/examples/performance-test/Disjoint(Disjoint__xZero_08()).JML_operation_contract.0.key 
121856     DEBUG main            d.u.i.k.p.i.AbstractProblemLoader Environment load took 388.42ns 
121861     INFO  main            d.u.i.k.p.i.AbstractProblemLoader Creating init config 
125342     DEBUG main            d.u.i.k.j.r.ClassPreparationMethodBuilder clPrepBuilder: Inner Class detected. Reject building class initialisation methods. 
133226     DEBUG main            d.u.i.k.p.i.AbstractProblemLoader Init config took 11.36s 
133322     INFO  main            d.u.i.k.p.i.AbstractProblemLoader Replaying proof Disjoint[Disjoint::xZero_8()].JML operation contract.0 
133324     DEBUG main            d.u.i.k.p.i.IntermediateProofReplayer Proof replay took 11.7ns 
134431     INFO  main            d.u.i.k.p.r.p.TestFile    ... finished proof: closed. 
134847     INFO  main            d.u.i.k.p.i.AbstractProblemLoader Loading environment from /home/runner/work/key/key/key.core/../key.ui/examples/performance-test/Disjoint(Disjoint__xZero_08()).JML_operation_contract.0.key.proof 
134848     DEBUG main            d.u.i.k.p.i.AbstractProblemLoader Environment load took 716.45ns 
134849     INFO  main            d.u.i.k.p.i.AbstractProblemLoader Creating init config 
138154     DEBUG main            d.u.i.k.j.r.ClassPreparationMethodBuilder clPrepBuilder: Inner Class detected. Reject building class initialisation methods. 
145969     DEBUG main            d.u.i.k.p.i.AbstractProblemLoader Init config took 11.12s 
146076     INFO  main            d.u.i.k.p.i.AbstractProblemLoader Replaying proof Disjoint[Disjoint::xZero_8()].JML operation contract.0 
146319     DEBUG main            d.u.i.k.p.i.IntermediateProofReplayer Proof replay took 214.82ms 
146320     DEBUG main            d.u.i.k.p.r.p.TestFile    ... success: reloaded. 
146324     INFO  main            d.u.i.k.p.r.p.TestFile    Now processing file /home/runner/work/key/key/key.core/../key.ui/examples/performance-test/Dynamic(Dynamic__foo_08()).JML_operation_contract.0.key 
146324     INFO  main            d.u.i.k.p.i.AbstractProblemLoader Loading environment from /home/runner/work/key/key/key.core/../key.ui/examples/performance-test/Dynamic(Dynamic__foo_08()).JML_operation_contract.0.key 
146324     DEBUG main            d.u.i.k.p.i.AbstractProblemLoader Environment load took 233.62ns 
146325     INFO  main            d.u.i.k.p.i.AbstractProblemLoader Creating init config 
149752     DEBUG main            d.u.i.k.j.r.ClassPreparationMethodBuilder clPrepBuilder: Inner Class detected. Reject building class initialisation methods. 
157603     DEBUG main            d.u.i.k.p.i.AbstractProblemLoader Init config took 11.28s 
157701     INFO  main            d.u.i.k.p.i.AbstractProblemLoader Replaying proof Dynamic[Dynamic::foo_8()].JML operation contract.0 
157703     DEBUG main            d.u.i.k.p.i.IntermediateProofReplayer Proof replay took 13.1ns 
175474     INFO  main            d.u.i.k.p.r.p.TestFile    ... finished proof: open goal(s) 
175913     INFO  main            d.u.i.k.p.r.p.TestFile    Now processing file /home/runner/work/key/key/key.core/../key.ui/examples/performance-test/DynamicGhost(DynamicGhost__dynamicGhost_08()).JML_normal_behavior_operation_contract.0.key 
175913     INFO  main            d.u.i.k.p.i.AbstractProblemLoader Loading environment from /home/runner/work/key/key/key.core/../key.ui/examples/performance-test/DynamicGhost(DynamicGhost__dynamicGhost_08()).JML_normal_behavior_operation_contract.0.key 
175914     DEBUG main            d.u.i.k.p.i.AbstractProblemLoader Environment load took 434.03ns 
175915     INFO  main            d.u.i.k.p.i.AbstractProblemLoader Creating init config 
179167     DEBUG main            d.u.i.k.j.r.ClassPreparationMethodBuilder clPrepBuilder: Inner Class detected. Reject building class initialisation methods. 
186834     DEBUG main            d.u.i.k.p.i.AbstractProblemLoader Init config took 10.92s 
186944     INFO  main            d.u.i.k.p.i.AbstractProblemLoader Replaying proof DynamicGhost[DynamicGhost::dynamicGhost_8()].JML normal_behavior operation contract.0 
186946     DEBUG main            d.u.i.k.p.i.IntermediateProofReplayer Proof replay took 12.6ns 
191975     INFO  main            d.u.i.k.p.r.p.TestFile    ... finished proof: closed. 
192429     INFO  main            d.u.i.k.p.i.AbstractProblemLoader Loading environment from /home/runner/work/key/key/key.core/../key.ui/examples/performance-test/DynamicGhost(DynamicGhost__dynamicGhost_08()).JML_normal_behavior_operation_contract.0.key.proof 
192430     DEBUG main            d.u.i.k.p.i.AbstractProblemLoader Environment load took 258.42ns 
192432     INFO  main            d.u.i.k.p.i.AbstractProblemLoader Creating init config 
195678     DEBUG main            d.u.i.k.j.r.ClassPreparationMethodBuilder clPrepBuilder: Inner Class detected. Reject building class initialisation methods. 
203640     DEBUG main            d.u.i.k.p.i.AbstractProblemLoader Init config took 11.21s 
203766     INFO  main            d.u.i.k.p.i.AbstractProblemLoader Replaying proof DynamicGhost[DynamicGhost::dynamicGhost_8()].JML normal_behavior operation contract.0 
204390     DEBUG main            d.u.i.k.p.i.IntermediateProofReplayer Proof replay took 601.33ms 
204393     DEBUG main            d.u.i.k.p.r.p.TestFile    ... success: reloaded. 
204395     INFO  main            d.u.i.k.p.r.p.TestFile    Now processing file /home/runner/work/key/key/key.core/../key.ui/examples/performance-test/GhostFrame(GhostFrame__foo_08()).JML_operation_contract.0.key 
204396     INFO  main            d.u.i.k.p.i.AbstractProblemLoader Loading environment from /home/runner/work/key/key/key.core/../key.ui/examples/performance-test/GhostFrame(GhostFrame__foo_08()).JML_operation_contract.0.key 
204396     DEBUG main            d.u.i.k.p.i.AbstractProblemLoader Environment load took 335.82ns 
204397     INFO  main            d.u.i.k.p.i.AbstractProblemLoader Creating init config 
207814     DEBUG main            d.u.i.k.j.r.ClassPreparationMethodBuilder clPrepBuilder: Inner Class detected. Reject building class initialisation methods. 
215811     DEBUG main            d.u.i.k.p.i.AbstractProblemLoader Init config took 11.41s 
215897     INFO  main            d.u.i.k.p.i.AbstractProblemLoader Replaying proof GhostFrame[GhostFrame::foo_8()].JML operation contract.0 
215898     DEBUG main            d.u.i.k.p.i.IntermediateProofReplayer Proof replay took 10.7ns 
218110     INFO  main            d.u.i.k.p.r.p.TestFile    ... finished proof: closed. 
218572     INFO  main            d.u.i.k.p.i.AbstractProblemLoader Loading environment from /home/runner/work/key/key/key.core/../key.ui/examples/performance-test/GhostFrame(GhostFrame__foo_08()).JML_operation_contract.0.key.proof 
218573     DEBUG main            d.u.i.k.p.i.AbstractProblemLoader Environment load took 789.15ns 
218575     INFO  main            d.u.i.k.p.i.AbstractProblemLoader Creating init config 
221808     DEBUG main            d.u.i.k.j.r.ClassPreparationMethodBuilder clPrepBuilder: Inner Class detected. Reject building class initialisation methods. 
229606     DEBUG main            d.u.i.k.p.i.AbstractProblemLoader Init config took 11.03s 
229691     INFO  main            d.u.i.k.p.i.AbstractProblemLoader Replaying proof GhostFrame[GhostFrame::foo_8()].JML operation contract.0 
230077     DEBUG main            d.u.i.k.p.i.IntermediateProofReplayer Proof replay took 377.43ms 
230079     DEBUG main            d.u.i.k.p.r.p.TestFile    ... success: reloaded. 
230080     INFO  main            d.u.i.k.p.r.p.TestFile    Now processing file /home/runner/work/key/key/key.core/../key.ui/examples/performance-test/Modelfield(Modelfield__foo_08()).JML_operation_contract.0.key 
230081     INFO  main            d.u.i.k.p.i.AbstractProblemLoader Loading environment from /home/runner/work/key/key/key.core/../key.ui/examples/performance-test/Modelfield(Modelfield__foo_08()).JML_operation_contract.0.key 
230081     DEBUG main            d.u.i.k.p.i.AbstractProblemLoader Environment load took 154.01ns 
230082     INFO  main            d.u.i.k.p.i.AbstractProblemLoader Creating init config 
233453     DEBUG main            d.u.i.k.j.r.ClassPreparationMethodBuilder clPrepBuilder: Inner Class detected. Reject building class initialisation methods. 
241224     DEBUG main            d.u.i.k.p.i.AbstractProblemLoader Init config took 11.14s 
241314     INFO  main            d.u.i.k.p.i.AbstractProblemLoader Replaying proof Modelfield[Modelfield::foo_8()].JML operation contract.0 
241317     DEBUG main            d.u.i.k.p.i.IntermediateProofReplayer Proof replay took 6.7ns 
255559     INFO  main            d.u.i.k.p.r.p.TestFile    ... finished proof: open goal(s) 
412653     INFO  Test worker     d.u.i.k.p.r.RunAllProofsTestUnit Returning from test performance 
412662     INFO  Test worker     d.u.i.k.p.r.RunAllProofsTestUnit Running test performancePOConstruction 
391        INFO  Timeout watchdog d.u.i.k.p.r.p.ForkedTestFileRunner Timeout watcher launched (2000 secs.) 
396        WARN  main            d.u.i.k.s.ProofSettings   The settings in /home/runner/.key/proof-settings.props are *not* read. 
461        INFO  main            d.u.i.k.p.r.p.TestFile    Now processing file /home/runner/work/key/key/key.core/../key.ui/examples/performance-test/Test(Test__a0(int)).JML_normal_behavior_operation_contract.0.key 
672        INFO  main            d.u.i.k.p.i.AbstractProblemLoader Loading environment from /home/runner/work/key/key/key.core/../key.ui/examples/performance-test/Test(Test__a0(int)).JML_normal_behavior_operation_contract.0.key 
727        DEBUG main            d.u.i.k.p.i.AbstractProblemLoader Environment load took 15.3ms 
1113       INFO  main            d.u.i.k.p.i.AbstractProblemLoader Creating init config 
2139       DEBUG main            d.u.i.k.j.TypeConverter   No LDT found for Meta 
2140       DEBUG main            d.u.i.k.j.TypeConverter   No LDT found for Meta 
2141       DEBUG main            d.u.i.k.j.TypeConverter   No LDT found for Meta 
2141       DEBUG main            d.u.i.k.j.TypeConverter   No LDT found for Meta 
3687       DEBUG main            d.u.i.k.j.TypeConverter   No LDT found for JavaBigintExpression 
10495      DEBUG main            d.u.i.k.j.r.ClassPreparationMethodBuilder clPrepBuilder: Inner Class detected. Reject building class initialisation methods. 
19535      DEBUG main            d.u.i.k.p.i.AbstractProblemLoader Init config took 18.42s 
20702      INFO  main            d.u.i.k.p.i.AbstractProblemLoader Replaying proof Test[Test::a0(int)].JML normal_behavior operation contract.0 
20768      DEBUG main            d.u.i.k.p.i.IntermediateProofReplayer Proof replay took 28.5ns 
21216      INFO  main            d.u.i.k.p.r.p.TestFile    ... finished proof: closed. 
21382      INFO  main            d.u.i.k.p.i.AbstractProblemLoader Loading environment from /home/runner/work/key/key/key.core/../key.ui/examples/performance-test/Test(Test__a0(int)).JML_normal_behavior_operation_contract.0.key.proof 
21385      DEBUG main            d.u.i.k.p.i.AbstractProblemLoader Environment load took 3.24ms 
21388      INFO  main            d.u.i.k.p.i.AbstractProblemLoader Creating init config 
25094      DEBUG main            d.u.i.k.j.r.ClassPreparationMethodBuilder clPrepBuilder: Inner Class detected. Reject building class initialisation methods. 
33166      DEBUG main            d.u.i.k.p.i.AbstractProblemLoader Init config took 11.78s 
34176      INFO  main            d.u.i.k.p.i.AbstractProblemLoader Replaying proof Test[Test::a0(int)].JML normal_behavior operation contract.0 
34202      DEBUG main            d.u.i.k.p.i.IntermediateProofReplayer Proof replay took 20.86ms 
34209      DEBUG main            d.u.i.k.p.r.p.TestFile    ... success: reloaded. 
34211      INFO  main            d.u.i.k.p.r.p.TestFile    Now processing file /home/runner/work/key/key/key.core/../key.ui/examples/performance-test/Test(Test__a1(int)).JML_normal_behavior_operation_contract.0.key 
34211      INFO  main            d.u.i.k.p.i.AbstractProblemLoader Loading environment from /home/runner/work/key/key/key.core/../key.ui/examples/performance-test/Test(Test__a1(int)).JML_normal_behavior_operation_contract.0.key 
34212      DEBUG main            d.u.i.k.p.i.AbstractProblemLoader Environment load took 342.32ns 
34213      INFO  main            d.u.i.k.p.i.AbstractProblemLoader Creating init config 
37577      DEBUG main            d.u.i.k.j.r.ClassPreparationMethodBuilder clPrepBuilder: Inner Class detected. Reject building class initialisation methods. 
45480      DEBUG main            d.u.i.k.p.i.AbstractProblemLoader Init config took 11.27s 
46441      INFO  main            d.u.i.k.p.i.AbstractProblemLoader Replaying proof Test[Test::a1(int)].JML normal_behavior operation contract.0 
46444      DEBUG main            d.u.i.k.p.i.IntermediateProofReplayer Proof replay took 6.8ns 
46749      INFO  main            d.u.i.k.p.r.p.TestFile    ... finished proof: closed. 
47058      INFO  main            d.u.i.k.p.i.AbstractProblemLoader Loading environment from /home/runner/work/key/key/key.core/../key.ui/examples/performance-test/Test(Test__a1(int)).JML_normal_behavior_operation_contract.0.key.proof 
47062      DEBUG main            d.u.i.k.p.i.AbstractProblemLoader Environment load took 3.41ms 
47064      INFO  main            d.u.i.k.p.i.AbstractProblemLoader Creating init config 
50367      DEBUG main            d.u.i.k.j.r.ClassPreparationMethodBuilder clPrepBuilder: Inner Class detected. Reject building class initialisation methods. 
58260      DEBUG main            d.u.i.k.p.i.AbstractProblemLoader Init config took 11.2s 
59219      INFO  main            d.u.i.k.p.i.AbstractProblemLoader Replaying proof Test[Test::a1(int)].JML normal_behavior operation contract.0 
59354      DEBUG main            d.u.i.k.p.i.IntermediateProofReplayer Proof replay took 131.86ms 
59360      DEBUG main            d.u.i.k.p.r.p.TestFile    ... success: reloaded. 
59363      INFO  main            d.u.i.k.p.r.p.TestFile    Now processing file /home/runner/work/key/key/key.core/../key.ui/examples/performance-test/Test(Test__f1(int)).JML_normal_behavior_operation_contract.0.key 
59363      INFO  main            d.u.i.k.p.i.AbstractProblemLoader Loading environment from /home/runner/work/key/key/key.core/../key.ui/examples/performance-test/Test(Test__f1(int)).JML_normal_behavior_operation_contract.0.key 
59363      DEBUG main            d.u.i.k.p.i.AbstractProblemLoader Environment load took 128.81ns 
59366      INFO  main            d.u.i.k.p.i.AbstractProblemLoader Creating init config 
63042      DEBUG main            d.u.i.k.j.r.ClassPreparationMethodBuilder clPrepBuilder: Inner Class detected. Reject building class initialisation methods. 
70862      DEBUG main            d.u.i.k.p.i.AbstractProblemLoader Init config took 11.5s 
71862      INFO  main            d.u.i.k.p.i.AbstractProblemLoader Replaying proof Test[Test::f1(int)].JML normal_behavior operation contract.0 
71865      DEBUG main            d.u.i.k.p.i.IntermediateProofReplayer Proof replay took 6.9ns 
72186      INFO  main            d.u.i.k.p.r.p.TestFile    ... finished proof: closed. 
72489      INFO  main            d.u.i.k.p.i.AbstractProblemLoader Loading environment from /home/runner/work/key/key/key.core/../key.ui/examples/performance-test/Test(Test__f1(int)).JML_normal_behavior_operation_contract.0.key.proof 
72492      DEBUG main            d.u.i.k.p.i.AbstractProblemLoader Environment load took 2.9ms 
72493      INFO  main            d.u.i.k.p.i.AbstractProblemLoader Creating init config 
75902      DEBUG main            d.u.i.k.j.r.ClassPreparationMethodBuilder clPrepBuilder: Inner Class detected. Reject building class initialisation methods. 
83855      DEBUG main            d.u.i.k.p.i.AbstractProblemLoader Init config took 11.36s 
84743      INFO  main            d.u.i.k.p.i.AbstractProblemLoader Replaying proof Test[Test::f1(int)].JML normal_behavior operation contract.0 
84797      DEBUG main            d.u.i.k.p.i.IntermediateProofReplayer Proof replay took 49.83ms 
84798      DEBUG main            d.u.i.k.p.r.p.TestFile    ... success: reloaded. 
497772     INFO  Test worker     d.u.i.k.p.r.RunAllProofsTestUnit Returning from test performancePOConstruction 
497778     INFO  Test worker     d.u.i.k.p.r.RunAllProofsTestUnit Running test applicationRestrictions 
368        INFO  Timeout watchdog d.u.i.k.p.r.p.ForkedTestFileRunner Timeout watcher launched (2000 secs.) 
387        WARN  main            d.u.i.k.s.ProofSettings   The settings in /home/runner/.key/proof-settings.props are *not* read. 
433        INFO  main            d.u.i.k.p.r.p.TestFile    Now processing file /home/runner/work/key/key/key.core/../key.ui/examples/heap/polarity_tests/wellformed1.key 
556        INFO  main            d.u.i.k.p.i.AbstractProblemLoader Loading environment from /home/runner/work/key/key/key.core/../key.ui/examples/heap/polarity_tests/wellformed1.key 
580        DEBUG main            d.u.i.k.p.i.AbstractProblemLoader Environment load took 2.18ms 
861        INFO  main            d.u.i.k.p.i.AbstractProblemLoader Creating init config 
1857       DEBUG main            d.u.i.k.j.TypeConverter   No LDT found for Meta 
1861       DEBUG main            d.u.i.k.j.TypeConverter   No LDT found for Meta 
1866       DEBUG main            d.u.i.k.j.TypeConverter   No LDT found for Meta 
1866       DEBUG main            d.u.i.k.j.TypeConverter   No LDT found for Meta 
3560       DEBUG main            d.u.i.k.j.TypeConverter   No LDT found for JavaBigintExpression 
9478       DEBUG main            d.u.i.k.p.i.AbstractProblemLoader Init config took 8.62s 
9605       INFO  main            d.u.i.k.p.i.AbstractProblemLoader Replaying proof wellformed1.key 
9644       DEBUG main            d.u.i.k.p.i.IntermediateProofReplayer Proof replay took 38.8ns 
9817       INFO  main            d.u.i.k.p.r.p.TestFile    ... finished proof: closed. 
9932       INFO  main            d.u.i.k.p.i.AbstractProblemLoader Loading environment from /home/runner/work/key/key/key.core/../key.ui/examples/heap/polarity_tests/wellformed1.key.proof 
9934       DEBUG main            d.u.i.k.p.i.AbstractProblemLoader Environment load took 1.39ms 
9938       INFO  main            d.u.i.k.p.i.AbstractProblemLoader Creating init config 
13121      DEBUG main            d.u.i.k.p.i.AbstractProblemLoader Init config took 3.18s 
13164      INFO  main            d.u.i.k.p.i.AbstractProblemLoader Replaying proof wellformed1.key.proof 
13171      DEBUG main            d.u.i.k.p.i.IntermediateProofReplayer Proof replay took 2.62ms 
13182      DEBUG main            d.u.i.k.p.r.p.TestFile    ... success: reloaded. 
13183      INFO  main            d.u.i.k.p.r.p.TestFile    Now processing file /home/runner/work/key/key/key.core/../key.ui/examples/heap/polarity_tests/wellformed2.key 
13184      INFO  main            d.u.i.k.p.i.AbstractProblemLoader Loading environment from /home/runner/work/key/key/key.core/../key.ui/examples/heap/polarity_tests/wellformed2.key 
13184      DEBUG main            d.u.i.k.p.i.AbstractProblemLoader Environment load took 282.62ns 
13186      INFO  main            d.u.i.k.p.i.AbstractProblemLoader Creating init config 
16183      DEBUG main            d.u.i.k.p.i.AbstractProblemLoader Init config took 3s 
16213      INFO  main            d.u.i.k.p.i.AbstractProblemLoader Replaying proof wellformed2.key 
16227      DEBUG main            d.u.i.k.p.i.IntermediateProofReplayer Proof replay took 7ns 
16337      INFO  main            d.u.i.k.p.r.p.TestFile    ... finished proof: open goal(s) 
16481      INFO  main            d.u.i.k.p.r.p.TestFile    Now processing file /home/runner/work/key/key/key.core/../key.ui/examples/heap/polarity_tests/wellformed3.key 
16483      INFO  main            d.u.i.k.p.i.AbstractProblemLoader Loading environment from /home/runner/work/key/key/key.core/../key.ui/examples/heap/polarity_tests/wellformed3.key 
16483      DEBUG main            d.u.i.k.p.i.AbstractProblemLoader Environment load took 125.41ns 
16487      INFO  main            d.u.i.k.p.i.AbstractProblemLoader Creating init config 
19482      DEBUG main            d.u.i.k.p.i.AbstractProblemLoader Init config took 2.99s 
19509      INFO  main            d.u.i.k.p.i.AbstractProblemLoader Replaying proof wellformed3.key 
19511      DEBUG main            d.u.i.k.p.i.IntermediateProofReplayer Proof replay took 7.3ns 
19616      INFO  main            d.u.i.k.p.r.p.TestFile    ... finished proof: closed. 
19760      INFO  main            d.u.i.k.p.i.AbstractProblemLoader Loading environment from /home/runner/work/key/key/key.core/../key.ui/examples/heap/polarity_tests/wellformed3.key.proof 
19760      DEBUG main            d.u.i.k.p.i.AbstractProblemLoader Environment load took 136.91ns 
19764      INFO  main            d.u.i.k.p.i.AbstractProblemLoader Creating init config 
22649      DEBUG main            d.u.i.k.p.i.AbstractProblemLoader Init config took 2.89s 
22671      INFO  main            d.u.i.k.p.i.AbstractProblemLoader Replaying proof wellformed3.key.proof 
22676      DEBUG main            d.u.i.k.p.i.IntermediateProofReplayer Proof replay took 2.23ms 
22677      DEBUG main            d.u.i.k.p.r.p.TestFile    ... success: reloaded. 
22678      INFO  main            d.u.i.k.p.r.p.TestFile    Now processing file /home/runner/work/key/key/key.core/../key.ui/examples/heap/polarity_tests/wellformed4.key 
22679      INFO  main            d.u.i.k.p.i.AbstractProblemLoader Loading environment from /home/runner/work/key/key/key.core/../key.ui/examples/heap/polarity_tests/wellformed4.key 
22679      DEBUG main            d.u.i.k.p.i.AbstractProblemLoader Environment load took 263.92ns 
22680      INFO  main            d.u.i.k.p.i.AbstractProblemLoader Creating init config 
25516      DEBUG main            d.u.i.k.p.i.AbstractProblemLoader Init config took 2.84s 
25539      INFO  main            d.u.i.k.p.i.AbstractProblemLoader Replaying proof wellformed4.key 
25540      DEBUG main            d.u.i.k.p.i.IntermediateProofReplayer Proof replay took 6.3ns 
25644      INFO  main            d.u.i.k.p.r.p.TestFile    ... finished proof: open goal(s) 
25789      INFO  main            d.u.i.k.p.r.p.TestFile    Now processing file /home/runner/work/key/key/key.core/../key.ui/examples/heap/polarity_tests/wellformed5.key 
25789      INFO  main            d.u.i.k.p.i.AbstractProblemLoader Loading environment from /home/runner/work/key/key/key.core/../key.ui/examples/heap/polarity_tests/wellformed5.key 
25789      DEBUG main            d.u.i.k.p.i.AbstractProblemLoader Environment load took 81.7ns 
25791      INFO  main            d.u.i.k.p.i.AbstractProblemLoader Creating init config 
28600      DEBUG main            d.u.i.k.p.i.AbstractProblemLoader Init config took 2.81s 
28623      INFO  main            d.u.i.k.p.i.AbstractProblemLoader Replaying proof wellformed5.key 
28624      DEBUG main            d.u.i.k.p.i.IntermediateProofReplayer Proof replay took 7.4ns 
28727      INFO  main            d.u.i.k.p.r.p.TestFile    ... finished proof: closed. 
28867      INFO  main            d.u.i.k.p.i.AbstractProblemLoader Loading environment from /home/runner/work/key/key/key.core/../key.ui/examples/heap/polarity_tests/wellformed5.key.proof 
28867      DEBUG main            d.u.i.k.p.i.AbstractProblemLoader Environment load took 131.61ns 
28868      INFO  main            d.u.i.k.p.i.AbstractProblemLoader Creating init config 
31652      DEBUG main            d.u.i.k.p.i.AbstractProblemLoader Init config took 2.78s 
31671      INFO  main            d.u.i.k.p.i.AbstractProblemLoader Replaying proof wellformed5.key.proof 
31675      DEBUG main            d.u.i.k.p.i.IntermediateProofReplayer Proof replay took 1.3ms 
31676      DEBUG main            d.u.i.k.p.r.p.TestFile    ... success: reloaded. 
31676      INFO  main            d.u.i.k.p.r.p.TestFile    Now processing file /home/runner/work/key/key/key.core/../key.ui/examples/heap/polarity_tests/wellformed6.key 
31677      INFO  main            d.u.i.k.p.i.AbstractProblemLoader Loading environment from /home/runner/work/key/key/key.core/../key.ui/examples/heap/polarity_tests/wellformed6.key 
31677      DEBUG main            d.u.i.k.p.i.AbstractProblemLoader Environment load took 100.01ns 
31678      INFO  main            d.u.i.k.p.i.AbstractProblemLoader Creating init config 
34470      DEBUG main            d.u.i.k.p.i.AbstractProblemLoader Init config took 2.79s 
34489      INFO  main            d.u.i.k.p.i.AbstractProblemLoader Replaying proof wellformed6.key 
34490      DEBUG main            d.u.i.k.p.i.IntermediateProofReplayer Proof replay took 5.9ns 
34595      INFO  main            d.u.i.k.p.r.p.TestFile    ... finished proof: open goal(s) 
34748      INFO  main            d.u.i.k.p.r.p.TestFile    Now processing file /home/runner/work/key/key/key.core/../key.ui/examples/heap/polarity_tests/wellformed7.key 
34748      INFO  main            d.u.i.k.p.i.AbstractProblemLoader Loading environment from /home/runner/work/key/key/key.core/../key.ui/examples/heap/polarity_tests/wellformed7.key 
34748      DEBUG main            d.u.i.k.p.i.AbstractProblemLoader Environment load took 66.9ns 
34749      INFO  main            d.u.i.k.p.i.AbstractProblemLoader Creating init config 
37473      DEBUG main            d.u.i.k.p.i.AbstractProblemLoader Init config took 2.72s 
37493      INFO  main            d.u.i.k.p.i.AbstractProblemLoader Replaying proof wellformed7.key 
37495      DEBUG main            d.u.i.k.p.i.IntermediateProofReplayer Proof replay took 7.5ns 
37598      INFO  main            d.u.i.k.p.r.p.TestFile    ... finished proof: closed. 
37747      INFO  main            d.u.i.k.p.i.AbstractProblemLoader Loading environment from /home/runner/work/key/key/key.core/../key.ui/examples/heap/polarity_tests/wellformed7.key.proof 
37747      DEBUG main            d.u.i.k.p.i.AbstractProblemLoader Environment load took 128.51ns 
37748      INFO  main            d.u.i.k.p.i.AbstractProblemLoader Creating init config 
40492      DEBUG main            d.u.i.k.p.i.AbstractProblemLoader Init config took 2.74s 
40514      INFO  main            d.u.i.k.p.i.AbstractProblemLoader Replaying proof wellformed7.key.proof 
40518      DEBUG main            d.u.i.k.p.i.IntermediateProofReplayer Proof replay took 1.69ms 
40519      DEBUG main            d.u.i.k.p.r.p.TestFile    ... success: reloaded. 
40520      INFO  main            d.u.i.k.p.r.p.TestFile    Now processing file /home/runner/work/key/key/key.core/../key.ui/examples/heap/polarity_tests/wellformed8.key 
40521      INFO  main            d.u.i.k.p.i.AbstractProblemLoader Loading environment from /home/runner/work/key/key/key.core/../key.ui/examples/heap/polarity_tests/wellformed8.key 
40521      DEBUG main            d.u.i.k.p.i.AbstractProblemLoader Environment load took 663.34ns 
40523      INFO  main            d.u.i.k.p.i.AbstractProblemLoader Creating init config 
43255      DEBUG main            d.u.i.k.p.i.AbstractProblemLoader Init config took 2.73s 
43279      INFO  main            d.u.i.k.p.i.AbstractProblemLoader Replaying proof wellformed8.key 
43284      DEBUG main            d.u.i.k.p.i.IntermediateProofReplayer Proof replay took 7.3ns 
43387      INFO  main            d.u.i.k.p.r.p.TestFile    ... finished proof: open goal(s) 
43560      INFO  main            d.u.i.k.p.r.p.TestFile    Now processing file /home/runner/work/key/key/key.core/../key.ui/examples/heap/polarity_tests/wellformed9.key 
43560      INFO  main            d.u.i.k.p.i.AbstractProblemLoader Loading environment from /home/runner/work/key/key/key.core/../key.ui/examples/heap/polarity_tests/wellformed9.key 
43560      DEBUG main            d.u.i.k.p.i.AbstractProblemLoader Environment load took 81.81ns 
43561      INFO  main            d.u.i.k.p.i.AbstractProblemLoader Creating init config 
46262      DEBUG main            d.u.i.k.p.i.AbstractProblemLoader Init config took 2.7s 
46281      INFO  main            d.u.i.k.p.i.AbstractProblemLoader Replaying proof wellformed9.key 
46283      DEBUG main            d.u.i.k.p.i.IntermediateProofReplayer Proof replay took 7.1ns 
46391      INFO  main            d.u.i.k.p.r.p.TestFile    ... finished proof: closed. 
46547      INFO  main            d.u.i.k.p.i.AbstractProblemLoader Loading environment from /home/runner/work/key/key/key.core/../key.ui/examples/heap/polarity_tests/wellformed9.key.proof 
46547      DEBUG main            d.u.i.k.p.i.AbstractProblemLoader Environment load took 126.51ns 
46548      INFO  main            d.u.i.k.p.i.AbstractProblemLoader Creating init config 
49293      DEBUG main            d.u.i.k.p.i.AbstractProblemLoader Init config took 2.74s 
49310      INFO  main            d.u.i.k.p.i.AbstractProblemLoader Replaying proof wellformed9.key.proof 
49313      DEBUG main            d.u.i.k.p.i.IntermediateProofReplayer Proof replay took 1.4ms 
49314      DEBUG main            d.u.i.k.p.r.p.TestFile    ... success: reloaded. 
49315      INFO  main            d.u.i.k.p.r.p.TestFile    Now processing file /home/runner/work/key/key/key.core/../key.ui/examples/heap/polarity_tests/wellformed10.key 
49315      INFO  main            d.u.i.k.p.i.AbstractProblemLoader Loading environment from /home/runner/work/key/key/key.core/../key.ui/examples/heap/polarity_tests/wellformed10.key 
49315      DEBUG main            d.u.i.k.p.i.AbstractProblemLoader Environment load took 123.41ns 
49316      INFO  main            d.u.i.k.p.i.AbstractProblemLoader Creating init config 
52121      DEBUG main            d.u.i.k.p.i.AbstractProblemLoader Init config took 2.8s 
52138      INFO  main            d.u.i.k.p.i.AbstractProblemLoader Replaying proof wellformed10.key 
52139      DEBUG main            d.u.i.k.p.i.IntermediateProofReplayer Proof replay took 7.2ns 
52242      INFO  main            d.u.i.k.p.r.p.TestFile    ... finished proof: open goal(s) 
52445      INFO  main            d.u.i.k.p.r.p.TestFile    Now processing file /home/runner/work/key/key/key.core/../key.ui/examples/heap/polarity_tests/wellformed11.key 
52445      INFO  main            d.u.i.k.p.i.AbstractProblemLoader Loading environment from /home/runner/work/key/key/key.core/../key.ui/examples/heap/polarity_tests/wellformed11.key 
52445      DEBUG main            d.u.i.k.p.i.AbstractProblemLoader Environment load took 80.11ns 
52447      INFO  main            d.u.i.k.p.i.AbstractProblemLoader Creating init config 
55150      DEBUG main            d.u.i.k.p.i.AbstractProblemLoader Init config took 2.7s 
55166      INFO  main            d.u.i.k.p.i.AbstractProblemLoader Replaying proof wellformed11.key 
55168      DEBUG main            d.u.i.k.p.i.IntermediateProofReplayer Proof replay took 6.8ns 
55271      INFO  main            d.u.i.k.p.r.p.TestFile    ... finished proof: open goal(s) 
553397     INFO  Test worker     d.u.i.k.p.r.RunAllProofsTestUnit Returning from test applicationRestrictions 
553399     INFO  Test worker     d.u.i.k.p.r.RunAllProofsTestUnit Running test blockContracts 
375        INFO  Timeout watchdog d.u.i.k.p.r.p.ForkedTestFileRunner Timeout watcher launched (2000 secs.) 
379        WARN  main            d.u.i.k.s.ProofSettings   The settings in /home/runner/.key/proof-settings.props are *not* read. 
406        INFO  main            d.u.i.k.p.r.p.TestFile    Now processing file /home/runner/work/key/key/key.core/../key.ui/examples/heap/block_contracts/Simple__add.key 
516        INFO  main            d.u.i.k.p.i.AbstractProblemLoader Loading environment from /home/runner/work/key/key/key.core/../key.ui/examples/heap/block_contracts/Simple__add.key 
545        DEBUG main            d.u.i.k.p.i.AbstractProblemLoader Environment load took 1.96ms 
785        INFO  main            d.u.i.k.p.i.AbstractProblemLoader Creating init config 
1741       DEBUG main            d.u.i.k.j.TypeConverter   No LDT found for Meta 
1741       DEBUG main            d.u.i.k.j.TypeConverter   No LDT found for Meta 
1746       DEBUG main            d.u.i.k.j.TypeConverter   No LDT found for Meta 
1746       DEBUG main            d.u.i.k.j.TypeConverter   No LDT found for Meta 
3519       DEBUG main            d.u.i.k.j.TypeConverter   No LDT found for JavaBigintExpression 
9718       DEBUG main            d.u.i.k.p.i.AbstractProblemLoader Init config took 8.93s 
9871       INFO  main            d.u.i.k.p.i.AbstractProblemLoader Replaying proof Simple[Simple::add(int,int)].JML operation contract.0 
9961       DEBUG main            d.u.i.k.p.i.IntermediateProofReplayer Proof replay took 303.62ns 
10700      INFO  main            d.u.i.k.p.r.p.TestFile    ... finished proof: closed. 
10818      INFO  main            d.u.i.k.p.i.AbstractProblemLoader Loading environment from /home/runner/work/key/key/key.core/../key.ui/examples/heap/block_contracts/Simple__add.key.proof 
10818      DEBUG main            d.u.i.k.p.i.AbstractProblemLoader Environment load took 652.24ns 
10821      INFO  main            d.u.i.k.p.i.AbstractProblemLoader Creating init config 
14511      DEBUG main            d.u.i.k.p.i.AbstractProblemLoader Init config took 3.69s 
14607      INFO  main            d.u.i.k.p.i.AbstractProblemLoader Replaying proof Simple[Simple::add(int,int)].JML operation contract.0 
14746      DEBUG main            d.u.i.k.p.i.IntermediateProofReplayer Proof replay took 128.04ms 
14756      DEBUG main            d.u.i.k.p.r.p.TestFile    ... success: reloaded. 
14763      INFO  main            d.u.i.k.p.r.p.TestFile    Now processing file /home/runner/work/key/key/key.core/../key.ui/examples/heap/block_contracts/Simple__addAbsoluteValues.key 
14765      INFO  main            d.u.i.k.p.i.AbstractProblemLoader Loading environment from /home/runner/work/key/key/key.core/../key.ui/examples/heap/block_contracts/Simple__addAbsoluteValues.key 
14765      DEBUG main            d.u.i.k.p.i.AbstractProblemLoader Environment load took 202.91ns 
14768      INFO  main            d.u.i.k.p.i.AbstractProblemLoader Creating init config 
18219      DEBUG main            d.u.i.k.p.i.AbstractProblemLoader Init config took 3.45s 
18281      INFO  main            d.u.i.k.p.i.AbstractProblemLoader Replaying proof Simple[Simple::addAbsoluteValues(int,int)].JML normal_behavior operation contract.0 
18284      DEBUG main            d.u.i.k.p.i.IntermediateProofReplayer Proof replay took 15.5ns 
19493      INFO  main            d.u.i.k.p.r.p.TestFile    ... finished proof: closed. 
19722      INFO  main            d.u.i.k.p.i.AbstractProblemLoader Loading environment from /home/runner/work/key/key/key.core/../key.ui/examples/heap/block_contracts/Simple__addAbsoluteValues.key.proof 
19722      DEBUG main            d.u.i.k.p.i.AbstractProblemLoader Environment load took 547.93ns 
19725      INFO  main            d.u.i.k.p.i.AbstractProblemLoader Creating init config 
23121      DEBUG main            d.u.i.k.p.i.AbstractProblemLoader Init config took 3.4s 
23189      INFO  main            d.u.i.k.p.i.AbstractProblemLoader Replaying proof Simple[Simple::addAbsoluteValues(int,int)].JML normal_behavior operation contract.0 
23405      DEBUG main            d.u.i.k.p.i.IntermediateProofReplayer Proof replay took 207.41ms 
23407      DEBUG main            d.u.i.k.p.r.p.TestFile    ... success: reloaded. 
23409      INFO  main            d.u.i.k.p.r.p.TestFile    Now processing file /home/runner/work/key/key/key.core/../key.ui/examples/heap/block_contracts/Simple__addWithJump.key 
23409      INFO  main            d.u.i.k.p.i.AbstractProblemLoader Loading environment from /home/runner/work/key/key/key.core/../key.ui/examples/heap/block_contracts/Simple__addWithJump.key 
23410      DEBUG main            d.u.i.k.p.i.AbstractProblemLoader Environment load took 307.52ns 
23412      INFO  main            d.u.i.k.p.i.AbstractProblemLoader Creating init config 
26851      DEBUG main            d.u.i.k.p.i.AbstractProblemLoader Init config took 3.44s 
26902      INFO  main            d.u.i.k.p.i.AbstractProblemLoader Replaying proof Simple[Simple::addWithJump(int,int,int)].JML operation contract.0 
26904      DEBUG main            d.u.i.k.p.i.IntermediateProofReplayer Proof replay took 23.1ns 
27108      INFO  main            d.u.i.k.p.r.p.TestFile    ... finished proof: closed. 
27301      INFO  main            d.u.i.k.p.i.AbstractProblemLoader Loading environment from /home/runner/work/key/key/key.core/../key.ui/examples/heap/block_contracts/Simple__addWithJump.key.proof 
27301      DEBUG main            d.u.i.k.p.i.AbstractProblemLoader Environment load took 141.61ns 
27302      INFO  main            d.u.i.k.p.i.AbstractProblemLoader Creating init config 
30627      DEBUG main            d.u.i.k.p.i.AbstractProblemLoader Init config took 3.33s 
30676      INFO  main            d.u.i.k.p.i.AbstractProblemLoader Replaying proof Simple[Simple::addWithJump(int,int,int)].JML operation contract.0 
30722      DEBUG main            d.u.i.k.p.i.IntermediateProofReplayer Proof replay took 43.27ms 
30723      DEBUG main            d.u.i.k.p.r.p.TestFile    ... success: reloaded. 
30725      INFO  main            d.u.i.k.p.r.p.TestFile    Now processing file /home/runner/work/key/key/key.core/../key.ui/examples/heap/block_contracts/Simple__addWithTwoBlockContracts.key 
30725      INFO  main            d.u.i.k.p.i.AbstractProblemLoader Loading environment from /home/runner/work/key/key/key.core/../key.ui/examples/heap/block_contracts/Simple__addWithTwoBlockContracts.key 
30726      DEBUG main            d.u.i.k.p.i.AbstractProblemLoader Environment load took 310.82ns 
30727      INFO  main            d.u.i.k.p.i.AbstractProblemLoader Creating init config 
34179      DEBUG main            d.u.i.k.p.i.AbstractProblemLoader Init config took 3.45s 
34229      INFO  main            d.u.i.k.p.i.AbstractProblemLoader Replaying proof Simple[Simple::addWithTwoBlockContracts(int,int,int)].JML operation contract.0 
34232      DEBUG main            d.u.i.k.p.i.IntermediateProofReplayer Proof replay took 13ns 
34535      INFO  main            d.u.i.k.p.r.p.TestFile    ... finished proof: closed. 
34741      INFO  main            d.u.i.k.p.i.AbstractProblemLoader Loading environment from /home/runner/work/key/key/key.core/../key.ui/examples/heap/block_contracts/Simple__addWithTwoBlockContracts.key.proof 
34741      DEBUG main            d.u.i.k.p.i.AbstractProblemLoader Environment load took 138.21ns 
34744      INFO  main            d.u.i.k.p.i.AbstractProblemLoader Creating init config 
38086      DEBUG main            d.u.i.k.p.i.AbstractProblemLoader Init config took 3.34s 
38140      INFO  main            d.u.i.k.p.i.AbstractProblemLoader Replaying proof Simple[Simple::addWithTwoBlockContracts(int,int,int)].JML operation contract.0 
38203      DEBUG main            d.u.i.k.p.i.IntermediateProofReplayer Proof replay took 60.05ms 
38204      DEBUG main            d.u.i.k.p.r.p.TestFile    ... success: reloaded. 
38206      INFO  main            d.u.i.k.p.r.p.TestFile    Now processing file /home/runner/work/key/key/key.core/../key.ui/examples/heap/block_contracts/Simple__generateByteArray.key 
38206      INFO  main            d.u.i.k.p.i.AbstractProblemLoader Loading environment from /home/runner/work/key/key/key.core/../key.ui/examples/heap/block_contracts/Simple__generateByteArray.key 
38207      DEBUG main            d.u.i.k.p.i.AbstractProblemLoader Environment load took 292.62ns 
38208      INFO  main            d.u.i.k.p.i.AbstractProblemLoader Creating init config 
41488      DEBUG main            d.u.i.k.p.i.AbstractProblemLoader Init config took 3.28s 
41538      INFO  main            d.u.i.k.p.i.AbstractProblemLoader Replaying proof Simple[Simple::generateByteArray()].JML normal_behavior operation contract.0 
41540      DEBUG main            d.u.i.k.p.i.IntermediateProofReplayer Proof replay took 12.3ns 
43661      INFO  main            d.u.i.k.p.r.p.TestFile    ... finished proof: closed. 
43917      INFO  main            d.u.i.k.p.i.AbstractProblemLoader Loading environment from /home/runner/work/key/key/key.core/../key.ui/examples/heap/block_contracts/Simple__generateByteArray.key.proof 
43922      DEBUG main            d.u.i.k.p.i.AbstractProblemLoader Environment load took 4.8ms 
43924      INFO  main            d.u.i.k.p.i.AbstractProblemLoader Creating init config 
47215      DEBUG main            d.u.i.k.p.i.AbstractProblemLoader Init config took 3.29s 
47261      INFO  main            d.u.i.k.p.i.AbstractProblemLoader Replaying proof Simple[Simple::generateByteArray()].JML normal_behavior operation contract.0 
47532      DEBUG main            d.u.i.k.p.i.IntermediateProofReplayer Proof replay took 257.49ms 
47534      DEBUG main            d.u.i.k.p.r.p.TestFile    ... success: reloaded. 
47535      INFO  main            d.u.i.k.p.r.p.TestFile    Now processing file /home/runner/work/key/key/key.core/../key.ui/examples/heap/block_contracts/Simple__getLength.key 
47543      INFO  main            d.u.i.k.p.i.AbstractProblemLoader Loading environment from /home/runner/work/key/key/key.core/../key.ui/examples/heap/block_contracts/Simple__getLength.key 
47543      DEBUG main            d.u.i.k.p.i.AbstractProblemLoader Environment load took 280.42ns 
47544      INFO  main            d.u.i.k.p.i.AbstractProblemLoader Creating init config 
50868      DEBUG main            d.u.i.k.p.i.AbstractProblemLoader Init config took 3.32s 
50914      INFO  main            d.u.i.k.p.i.AbstractProblemLoader Replaying proof Simple[Simple::getLength()].JML normal_behavior operation contract.0 
50916      DEBUG main            d.u.i.k.p.i.IntermediateProofReplayer Proof replay took 11.7ns 
51020      INFO  main            d.u.i.k.p.r.p.TestFile    ... finished proof: closed. 
51246      INFO  main            d.u.i.k.p.i.AbstractProblemLoader Loading environment from /home/runner/work/key/key/key.core/../key.ui/examples/heap/block_contracts/Simple__getLength.key.proof 
51247      DEBUG main            d.u.i.k.p.i.AbstractProblemLoader Environment load took 132.51ns 
51248      INFO  main            d.u.i.k.p.i.AbstractProblemLoader Creating init config 
54587      DEBUG main            d.u.i.k.p.i.AbstractProblemLoader Init config took 3.34s 
54638      INFO  main            d.u.i.k.p.i.AbstractProblemLoader Replaying proof Simple[Simple::getLength()].JML normal_behavior operation contract.0 
54648      DEBUG main            d.u.i.k.p.i.IntermediateProofReplayer Proof replay took 7.84ms 
54649      DEBUG main            d.u.i.k.p.r.p.TestFile    ... success: reloaded. 
54651      INFO  main            d.u.i.k.p.r.p.TestFile    Now processing file /home/runner/work/key/key/key.core/../key.ui/examples/heap/block_contracts/Simple__square.key 
54651      INFO  main            d.u.i.k.p.i.AbstractProblemLoader Loading environment from /home/runner/work/key/key/key.core/../key.ui/examples/heap/block_contracts/Simple__square.key 
54651      DEBUG main            d.u.i.k.p.i.AbstractProblemLoader Environment load took 257.42ns 
54652      INFO  main            d.u.i.k.p.i.AbstractProblemLoader Creating init config 
58021      DEBUG main            d.u.i.k.p.i.AbstractProblemLoader Init config took 3.37s 
58065      INFO  main            d.u.i.k.p.i.AbstractProblemLoader Replaying proof Simple[Simple::square(int)].JML operation contract.0 
58067      DEBUG main            d.u.i.k.p.i.IntermediateProofReplayer Proof replay took 11.6ns 
58473      INFO  main            d.u.i.k.p.r.p.TestFile    ... finished proof: closed. 
58658      INFO  main            d.u.i.k.p.i.AbstractProblemLoader Loading environment from /home/runner/work/key/key/key.core/../key.ui/examples/heap/block_contracts/Simple__square.key.proof 
58659      DEBUG main            d.u.i.k.p.i.AbstractProblemLoader Environment load took 142.31ns 
58660      INFO  main            d.u.i.k.p.i.AbstractProblemLoader Creating init config 
62034      DEBUG main            d.u.i.k.p.i.AbstractProblemLoader Init config took 3.37s 
62077      INFO  main            d.u.i.k.p.i.AbstractProblemLoader Replaying proof Simple[Simple::square(int)].JML operation contract.0 
62178      DEBUG main            d.u.i.k.p.i.IntermediateProofReplayer Proof replay took 96.89ms 
62184      DEBUG main            d.u.i.k.p.r.p.TestFile    ... success: reloaded. 
62186      INFO  main            d.u.i.k.p.r.p.TestFile    Now processing file /home/runner/work/key/key/key.core/../key.ui/examples/heap/block_contracts/Simple__unnecessaryBlockContract.key 
62186      INFO  main            d.u.i.k.p.i.AbstractProblemLoader Loading environment from /home/runner/work/key/key/key.core/../key.ui/examples/heap/block_contracts/Simple__unnecessaryBlockContract.key 
62186      DEBUG main            d.u.i.k.p.i.AbstractProblemLoader Environment load took 235.22ns 
62187      INFO  main            d.u.i.k.p.i.AbstractProblemLoader Creating init config 
65648      DEBUG main            d.u.i.k.p.i.AbstractProblemLoader Init config took 3.46s 
65693      INFO  main            d.u.i.k.p.i.AbstractProblemLoader Replaying proof Simple[Simple::unnecessaryBlockContract()].JML operation contract.0 
65695      DEBUG main            d.u.i.k.p.i.IntermediateProofReplayer Proof replay took 15.3ns 
65799      INFO  main            d.u.i.k.p.r.p.TestFile    ... finished proof: closed. 
66050      INFO  main            d.u.i.k.p.i.AbstractProblemLoader Loading environment from /home/runner/work/key/key/key.core/../key.ui/examples/heap/block_contracts/Simple__unnecessaryBlockContract.key.proof 
66050      DEBUG main            d.u.i.k.p.i.AbstractProblemLoader Environment load took 146.01ns 
66052      INFO  main            d.u.i.k.p.i.AbstractProblemLoader Creating init config 
69198      DEBUG main            d.u.i.k.p.i.AbstractProblemLoader Init config took 3.15s 
69241      INFO  main            d.u.i.k.p.i.AbstractProblemLoader Replaying proof Simple[Simple::unnecessaryBlockContract()].JML operation contract.0 
69266      DEBUG main            d.u.i.k.p.i.IntermediateProofReplayer Proof replay took 22.16ms 
69267      DEBUG main            d.u.i.k.p.r.p.TestFile    ... success: reloaded. 
69268      INFO  main            d.u.i.k.p.r.p.TestFile    Now processing file /home/runner/work/key/key/key.core/../key.ui/examples/heap/block_contracts/Simple__unnecessaryLoopInvariant.key 
69269      INFO  main            d.u.i.k.p.i.AbstractProblemLoader Loading environment from /home/runner/work/key/key/key.core/../key.ui/examples/heap/block_contracts/Simple__unnecessaryLoopInvariant.key 
69269      DEBUG main            d.u.i.k.p.i.AbstractProblemLoader Environment load took 273.92ns 
69270      INFO  main            d.u.i.k.p.i.AbstractProblemLoader Creating init config 
72544      DEBUG main            d.u.i.k.p.i.AbstractProblemLoader Init config took 3.27s 
72586      INFO  main            d.u.i.k.p.i.AbstractProblemLoader Replaying proof Simple[Simple::unnecessaryLoopInvariant()].JML operation contract.0 
72588      DEBUG main            d.u.i.k.p.i.IntermediateProofReplayer Proof replay took 11.1ns 
72689      INFO  main            d.u.i.k.p.r.p.TestFile    ... finished proof: closed. 
72899      INFO  main            d.u.i.k.p.i.AbstractProblemLoader Loading environment from /home/runner/work/key/key/key.core/../key.ui/examples/heap/block_contracts/Simple__unnecessaryLoopInvariant.key.proof 
72899      DEBUG main            d.u.i.k.p.i.AbstractProblemLoader Environment load took 137.71ns 
72900      INFO  main            d.u.i.k.p.i.AbstractProblemLoader Creating init config 
76059      DEBUG main            d.u.i.k.p.i.AbstractProblemLoader Init config took 3.16s 
76122      INFO  main            d.u.i.k.p.i.AbstractProblemLoader Replaying proof Simple[Simple::unnecessaryLoopInvariant()].JML operation contract.0 
76136      DEBUG main            d.u.i.k.p.i.IntermediateProofReplayer Proof replay took 12.71ms 
76138      DEBUG main            d.u.i.k.p.r.p.TestFile    ... success: reloaded. 
76139      INFO  main            d.u.i.k.p.r.p.TestFile    Now processing file /home/runner/work/key/key/key.core/../key.ui/examples/standard_key/java_dl/jml-assert/assert.key 
76139      INFO  main            d.u.i.k.p.i.AbstractProblemLoader Loading environment from /home/runner/work/key/key/key.core/../key.ui/examples/standard_key/java_dl/jml-assert/assert.key 
76140      DEBUG main            d.u.i.k.p.i.AbstractProblemLoader Environment load took 276.22ns 
76141      INFO  main            d.u.i.k.p.i.AbstractProblemLoader Creating init config 
78875      DEBUG main            d.u.i.k.p.i.AbstractProblemLoader Init config took 2.73s 
78919      INFO  main            d.u.i.k.p.i.AbstractProblemLoader Replaying proof Assert[Assert::createArray(int)].JML normal_behavior operation contract.0 
78921      DEBUG main            d.u.i.k.p.i.IntermediateProofReplayer Proof replay took 6.5ns 
79123      INFO  main            d.u.i.k.p.r.p.TestFile    ... finished proof: closed. 
79353      INFO  main            d.u.i.k.p.i.AbstractProblemLoader Loading environment from /home/runner/work/key/key/key.core/../key.ui/examples/standard_key/java_dl/jml-assert/assert.key.proof 
79353      DEBUG main            d.u.i.k.p.i.AbstractProblemLoader Environment load took 134.91ns 
79354      INFO  main            d.u.i.k.p.i.AbstractProblemLoader Creating init config 
82200      DEBUG main            d.u.i.k.p.i.AbstractProblemLoader Init config took 2.85s 
82239      INFO  main            d.u.i.k.p.i.AbstractProblemLoader Replaying proof Assert[Assert::createArray(int)].JML normal_behavior operation contract.0 
82290      DEBUG main            d.u.i.k.p.i.IntermediateProofReplayer Proof replay took 48.77ms 
82292      DEBUG main            d.u.i.k.p.r.p.TestFile    ... success: reloaded. 
82293      INFO  main            d.u.i.k.p.r.p.TestFile    Now processing file /home/runner/work/key/key/key.core/../key.ui/examples/standard_key/java_dl/jml-assert/assert_assume_order.key 
82294      INFO  main            d.u.i.k.p.i.AbstractProblemLoader Loading environment from /home/runner/work/key/key/key.core/../key.ui/examples/standard_key/java_dl/jml-assert/assert_assume_order.key 
82294      DEBUG main            d.u.i.k.p.i.AbstractProblemLoader Environment load took 259.12ns 
82295      INFO  main            d.u.i.k.p.i.AbstractProblemLoader Creating init config 
85096      DEBUG main            d.u.i.k.p.i.AbstractProblemLoader Init config took 2.8s 
85135      INFO  main            d.u.i.k.p.i.AbstractProblemLoader Replaying proof AssertAssume[AssertAssume::singleAssumeAssert(int)].JML normal_behavior operation contract.0 
85137      DEBUG main            d.u.i.k.p.i.IntermediateProofReplayer Proof replay took 7.1ns 
85239      INFO  main            d.u.i.k.p.r.p.TestFile    ... finished proof: closed. 
85453      INFO  main            d.u.i.k.p.i.AbstractProblemLoader Loading environment from /home/runner/work/key/key/key.core/../key.ui/examples/standard_key/java_dl/jml-assert/assert_assume_order.key.proof 
85453      DEBUG main            d.u.i.k.p.i.AbstractProblemLoader Environment load took 135.01ns 
85454      INFO  main            d.u.i.k.p.i.AbstractProblemLoader Creating init config 
88229      DEBUG main            d.u.i.k.p.i.AbstractProblemLoader Init config took 2.78s 
88268      INFO  main            d.u.i.k.p.i.AbstractProblemLoader Replaying proof AssertAssume[AssertAssume::singleAssumeAssert(int)].JML normal_behavior operation contract.0 
88278      DEBUG main            d.u.i.k.p.i.IntermediateProofReplayer Proof replay took 8.07ms 
88280      DEBUG main            d.u.i.k.p.r.p.TestFile    ... success: reloaded. 
88283      INFO  main            d.u.i.k.p.r.p.TestFile    Now processing file /home/runner/work/key/key/key.core/../key.ui/examples/heap/block_loop_contracts/SimpleVariants/sum_onBlock_external.key 
88283      INFO  main            d.u.i.k.p.i.AbstractProblemLoader Loading environment from /home/runner/work/key/key/key.core/../key.ui/examples/heap/block_loop_contracts/SimpleVariants/sum_onBlock_external.key 
88283      DEBUG main            d.u.i.k.p.i.AbstractProblemLoader Environment load took 80.7ns 
88284      INFO  main            d.u.i.k.p.i.AbstractProblemLoader Creating init config 
91542      DEBUG main            d.u.i.k.p.i.AbstractProblemLoader Init config took 3.26s 
91581      INFO  main            d.u.i.k.p.i.AbstractProblemLoader Replaying proof LoopContractExamplesAll[LoopContractExamplesAll::sum_loopContract_onBlock([I)].JML normal_behavior operation contract.0 
91584      DEBUG main            d.u.i.k.p.i.IntermediateProofReplayer Proof replay took 12.9ns 
91786      INFO  main            d.u.i.k.p.r.p.TestFile    ... finished proof: closed. 
92068      INFO  main            d.u.i.k.p.i.AbstractProblemLoader Loading environment from /home/runner/work/key/key/key.core/../key.ui/examples/heap/block_loop_contracts/SimpleVariants/sum_onBlock_external.key.proof 
92068      DEBUG main            d.u.i.k.p.i.AbstractProblemLoader Environment load took 133.01ns 
92069      INFO  main            d.u.i.k.p.i.AbstractProblemLoader Creating init config 
95142      DEBUG main            d.u.i.k.p.i.AbstractProblemLoader Init config took 3.07s 
95184      INFO  main            d.u.i.k.p.i.AbstractProblemLoader Replaying proof LoopContractExamplesAll[LoopContractExamplesAll::sum_loopContract_onBlock([I)].JML normal_behavior operation contract.0 
95225      DEBUG main            d.u.i.k.p.i.IntermediateProofReplayer Proof replay took 37.47ms 
95228      DEBUG main            d.u.i.k.p.r.p.TestFile    ... success: reloaded. 
95229      INFO  main            d.u.i.k.p.r.p.TestFile    Now processing file /home/runner/work/key/key/key.core/../key.ui/examples/heap/block_loop_contracts/SimpleVariants/sum_onBlock_internal.key 
95229      INFO  main            d.u.i.k.p.i.AbstractProblemLoader Loading environment from /home/runner/work/key/key/key.core/../key.ui/examples/heap/block_loop_contracts/SimpleVariants/sum_onBlock_internal.key 
95230      DEBUG main            d.u.i.k.p.i.AbstractProblemLoader Environment load took 250.81ns 
95234      INFO  main            d.u.i.k.p.i.AbstractProblemLoader Creating init config 
98372      DEBUG main            d.u.i.k.p.i.AbstractProblemLoader Init config took 3.14s 
98410      INFO  main            d.u.i.k.p.i.AbstractProblemLoader Replaying proof LoopContractExamplesAll[LoopContractExamplesAll::sum_loopContract_onBlock([I)].JML normal_behavior operation contract.0 
98412      DEBUG main            d.u.i.k.p.i.IntermediateProofReplayer Proof replay took 13.1ns 
99129      INFO  main            d.u.i.k.p.r.p.TestFile    ... finished proof: closed. 
99421      INFO  main            d.u.i.k.p.i.AbstractProblemLoader Loading environment from /home/runner/work/key/key/key.core/../key.ui/examples/heap/block_loop_contracts/SimpleVariants/sum_onBlock_internal.key.proof 
99421      DEBUG main            d.u.i.k.p.i.AbstractProblemLoader Environment load took 602.64ns 
99423      INFO  main            d.u.i.k.p.i.AbstractProblemLoader Creating init config 
102479     DEBUG main            d.u.i.k.p.i.AbstractProblemLoader Init config took 3.06s 
102520     INFO  main            d.u.i.k.p.i.AbstractProblemLoader Replaying proof LoopContractExamplesAll[LoopContractExamplesAll::sum_loopContract_onBlock([I)].JML normal_behavior operation contract.0 
102782     DEBUG main            d.u.i.k.p.i.IntermediateProofReplayer Proof replay took 258.07ms 
102783     DEBUG main            d.u.i.k.p.r.p.TestFile    ... success: reloaded. 
102784     INFO  main            d.u.i.k.p.r.p.TestFile    Now processing file /home/runner/work/key/key/key.core/../key.ui/examples/heap/block_loop_contracts/SimpleVariants/sum_onBlock_loop.key 
102784     INFO  main            d.u.i.k.p.i.AbstractProblemLoader Loading environment from /home/runner/work/key/key/key.core/../key.ui/examples/heap/block_loop_contracts/SimpleVariants/sum_onBlock_loop.key 
102784     DEBUG main            d.u.i.k.p.i.AbstractProblemLoader Environment load took 105.01ns 
102785     INFO  main            d.u.i.k.p.i.AbstractProblemLoader Creating init config 
105912     DEBUG main            d.u.i.k.p.i.AbstractProblemLoader Init config took 3.13s 
105958     INFO  main            d.u.i.k.p.i.AbstractProblemLoader Replaying proof LoopContractExamplesAll[LoopContractExamplesAll::sum_loopContract_onBlock([I)].JML normal_behavior loop contract.0 
105961     DEBUG main            d.u.i.k.p.i.IntermediateProofReplayer Proof replay took 36.7ns 
106870     INFO  main            d.u.i.k.p.r.p.TestFile    ... finished proof: closed. 
107186     INFO  main            d.u.i.k.p.i.AbstractProblemLoader Loading environment from /home/runner/work/key/key/key.core/../key.ui/examples/heap/block_loop_contracts/SimpleVariants/sum_onBlock_loop.key.proof 
107188     DEBUG main            d.u.i.k.p.i.AbstractProblemLoader Environment load took 2.86ms 
107190     INFO  main            d.u.i.k.p.i.AbstractProblemLoader Creating init config 
110198     DEBUG main            d.u.i.k.p.i.AbstractProblemLoader Init config took 3.01s 
110238     INFO  main            d.u.i.k.p.i.AbstractProblemLoader Replaying proof LoopContractExamplesAll[LoopContractExamplesAll::sum_loopContract_onBlock([I)].JML normal_behavior loop contract.0 
110509     DEBUG main            d.u.i.k.p.i.IntermediateProofReplayer Proof replay took 267.48ms 
110510     DEBUG main            d.u.i.k.p.r.p.TestFile    ... success: reloaded. 
110512     INFO  main            d.u.i.k.p.r.p.TestFile    Now processing file /home/runner/work/key/key/key.core/../key.ui/examples/heap/block_loop_contracts/SimpleVariants/sum_onLoop_external.key 
110512     INFO  main            d.u.i.k.p.i.AbstractProblemLoader Loading environment from /home/runner/work/key/key/key.core/../key.ui/examples/heap/block_loop_contracts/SimpleVariants/sum_onLoop_external.key 
110512     DEBUG main            d.u.i.k.p.i.AbstractProblemLoader Environment load took 263.82ns 
110514     INFO  main            d.u.i.k.p.i.AbstractProblemLoader Creating init config 
113669     DEBUG main            d.u.i.k.p.i.AbstractProblemLoader Init config took 3.16s 
113706     INFO  main            d.u.i.k.p.i.AbstractProblemLoader Replaying proof LoopContractExamplesAll[LoopContractExamplesAll::sum_loopContract_onLoop([I)].JML normal_behavior operation contract.0 
113708     DEBUG main            d.u.i.k.p.i.IntermediateProofReplayer Proof replay took 13.3ns 
113810     INFO  main            d.u.i.k.p.r.p.TestFile    ... finished proof: closed. 
114109     INFO  main            d.u.i.k.p.i.AbstractProblemLoader Loading environment from /home/runner/work/key/key/key.core/../key.ui/examples/heap/block_loop_contracts/SimpleVariants/sum_onLoop_external.key.proof 
114109     DEBUG main            d.u.i.k.p.i.AbstractProblemLoader Environment load took 123.81ns 
114110     INFO  main            d.u.i.k.p.i.AbstractProblemLoader Creating init config 
117127     DEBUG main            d.u.i.k.p.i.AbstractProblemLoader Init config took 3.02s 
117164     INFO  main            d.u.i.k.p.i.AbstractProblemLoader Replaying proof LoopContractExamplesAll[LoopContractExamplesAll::sum_loopContract_onLoop([I)].JML normal_behavior operation contract.0 
117195     DEBUG main            d.u.i.k.p.i.IntermediateProofReplayer Proof replay took 29.1ms 
117196     DEBUG main            d.u.i.k.p.r.p.TestFile    ... success: reloaded. 
117197     INFO  main            d.u.i.k.p.r.p.TestFile    Now processing file /home/runner/work/key/key/key.core/../key.ui/examples/heap/block_loop_contracts/SimpleVariants/sum_onLoop_internal.key 
117198     INFO  main            d.u.i.k.p.i.AbstractProblemLoader Loading environment from /home/runner/work/key/key/key.core/../key.ui/examples/heap/block_loop_contracts/SimpleVariants/sum_onLoop_internal.key 
117198     DEBUG main            d.u.i.k.p.i.AbstractProblemLoader Environment load took 104.71ns 
117199     INFO  main            d.u.i.k.p.i.AbstractProblemLoader Creating init config 
120334     DEBUG main            d.u.i.k.p.i.AbstractProblemLoader Init config took 3.14s 
120373     INFO  main            d.u.i.k.p.i.AbstractProblemLoader Replaying proof LoopContractExamplesAll[LoopContractExamplesAll::sum_loopContract_onLoop([I)].JML normal_behavior operation contract.0 
120375     DEBUG main            d.u.i.k.p.i.IntermediateProofReplayer Proof replay took 13.9ns 
121081     INFO  main            d.u.i.k.p.r.p.TestFile    ... finished proof: closed. 
121401     INFO  main            d.u.i.k.p.i.AbstractProblemLoader Loading environment from /home/runner/work/key/key/key.core/../key.ui/examples/heap/block_loop_contracts/SimpleVariants/sum_onLoop_internal.key.proof 
121401     DEBUG main            d.u.i.k.p.i.AbstractProblemLoader Environment load took 138.71ns 
121402     INFO  main            d.u.i.k.p.i.AbstractProblemLoader Creating init config 
124433     DEBUG main            d.u.i.k.p.i.AbstractProblemLoader Init config took 3.03s 
124475     INFO  main            d.u.i.k.p.i.AbstractProblemLoader Replaying proof LoopContractExamplesAll[LoopContractExamplesAll::sum_loopContract_onLoop([I)].JML normal_behavior operation contract.0 
124739     DEBUG main            d.u.i.k.p.i.IntermediateProofReplayer Proof replay took 256.18ms 
124741     DEBUG main            d.u.i.k.p.r.p.TestFile    ... success: reloaded. 
124742     INFO  main            d.u.i.k.p.r.p.TestFile    Now processing file /home/runner/work/key/key/key.core/../key.ui/examples/heap/block_loop_contracts/SimpleVariants/sum_onLoop_loop.key 
124742     INFO  main            d.u.i.k.p.i.AbstractProblemLoader Loading environment from /home/runner/work/key/key/key.core/../key.ui/examples/heap/block_loop_contracts/SimpleVariants/sum_onLoop_loop.key 
124743     DEBUG main            d.u.i.k.p.i.AbstractProblemLoader Environment load took 258.02ns 
124744     INFO  main            d.u.i.k.p.i.AbstractProblemLoader Creating init config 
127912     DEBUG main            d.u.i.k.p.i.AbstractProblemLoader Init config took 3.17s 
127954     INFO  main            d.u.i.k.p.i.AbstractProblemLoader Replaying proof LoopContractExamplesAll[LoopContractExamplesAll::sum_loopContract_onLoop([I)].JML normal_behavior loop contract.0 
127956     DEBUG main            d.u.i.k.p.i.IntermediateProofReplayer Proof replay took 13.6ns 
128761     INFO  main            d.u.i.k.p.r.p.TestFile    ... finished proof: closed. 
129081     INFO  main            d.u.i.k.p.i.AbstractProblemLoader Loading environment from /home/runner/work/key/key/key.core/../key.ui/examples/heap/block_loop_contracts/SimpleVariants/sum_onLoop_loop.key.proof 
129082     DEBUG main            d.u.i.k.p.i.AbstractProblemLoader Environment load took 444.63ns 
129083     INFO  main            d.u.i.k.p.i.AbstractProblemLoader Creating init config 
132128     DEBUG main            d.u.i.k.p.i.AbstractProblemLoader Init config took 3.04s 
132164     INFO  main            d.u.i.k.p.i.AbstractProblemLoader Replaying proof LoopContractExamplesAll[LoopContractExamplesAll::sum_loopContract_onLoop([I)].JML normal_behavior loop contract.0 
132411     DEBUG main            d.u.i.k.p.i.IntermediateProofReplayer Proof replay took 242.45ms 
132412     DEBUG main            d.u.i.k.p.r.p.TestFile    ... success: reloaded. 
132413     INFO  main            d.u.i.k.p.r.p.TestFile    Now processing file /home/runner/work/key/key/key.core/../key.ui/examples/heap/block_loop_contracts/Free/blockContracts0.key 
132414     INFO  main            d.u.i.k.p.i.AbstractProblemLoader Loading environment from /home/runner/work/key/key/key.core/../key.ui/examples/heap/block_loop_contracts/Free/blockContracts0.key 
132414     DEBUG main            d.u.i.k.p.i.AbstractProblemLoader Environment load took 268.32ns 
132415     INFO  main            d.u.i.k.p.i.AbstractProblemLoader Creating init config 
135180     DEBUG main            d.u.i.k.p.i.AbstractProblemLoader Init config took 2.76s 
135216     INFO  main            d.u.i.k.p.i.AbstractProblemLoader Replaying proof FreeConditions[FreeConditions::blockContract0()].JML normal_behavior operation contract.0 
135217     DEBUG main            d.u.i.k.p.i.IntermediateProofReplayer Proof replay took 13.6ns 
135319     INFO  main            d.u.i.k.p.r.p.TestFile    ... finished proof: closed. 
135636     INFO  main            d.u.i.k.p.i.AbstractProblemLoader Loading environment from /home/runner/work/key/key/key.core/../key.ui/examples/heap/block_loop_contracts/Free/blockContracts0.key.proof 
135637     DEBUG main            d.u.i.k.p.i.AbstractProblemLoader Environment load took 122.41ns 
135638     INFO  main            d.u.i.k.p.i.AbstractProblemLoader Creating init config 
138284     DEBUG main            d.u.i.k.p.i.AbstractProblemLoader Init config took 2.65s 
138320     INFO  main            d.u.i.k.p.i.AbstractProblemLoader Replaying proof FreeConditions[FreeConditions::blockContract0()].JML normal_behavior operation contract.0 
138343     DEBUG main            d.u.i.k.p.i.IntermediateProofReplayer Proof replay took 21.15ms 
138344     DEBUG main            d.u.i.k.p.r.p.TestFile    ... success: reloaded. 
138345     INFO  main            d.u.i.k.p.r.p.TestFile    Now processing file /home/runner/work/key/key/key.core/../key.ui/examples/heap/block_loop_contracts/Free/blockContracts1.key 
138346     INFO  main            d.u.i.k.p.i.AbstractProblemLoader Loading environment from /home/runner/work/key/key/key.core/../key.ui/examples/heap/block_loop_contracts/Free/blockContracts1.key 
138346     DEBUG main            d.u.i.k.p.i.AbstractProblemLoader Environment load took 151.61ns 
138347     INFO  main            d.u.i.k.p.i.AbstractProblemLoader Creating init config 
141037     DEBUG main            d.u.i.k.p.i.AbstractProblemLoader Init config took 2.69s 
141097     INFO  main            d.u.i.k.p.i.AbstractProblemLoader Replaying proof FreeConditions[FreeConditions::blockContract1()].JML normal_behavior operation contract.0 
141100     DEBUG main            d.u.i.k.p.i.IntermediateProofReplayer Proof replay took 16.2ns 
141202     INFO  main            d.u.i.k.p.r.p.TestFile    ... finished proof: closed. 
141500     INFO  main            d.u.i.k.p.i.AbstractProblemLoader Loading environment from /home/runner/work/key/key/key.core/../key.ui/examples/heap/block_loop_contracts/Free/blockContracts1.key.proof 
141500     DEBUG main            d.u.i.k.p.i.AbstractProblemLoader Environment load took 134.11ns 
141501     INFO  main            d.u.i.k.p.i.AbstractProblemLoader Creating init config 
144078     DEBUG main            d.u.i.k.p.i.AbstractProblemLoader Init config took 2.58s 
144113     INFO  main            d.u.i.k.p.i.AbstractProblemLoader Replaying proof FreeConditions[FreeConditions::blockContract1()].JML normal_behavior operation contract.0 
144132     DEBUG main            d.u.i.k.p.i.IntermediateProofReplayer Proof replay took 17.12ms 
144133     DEBUG main            d.u.i.k.p.r.p.TestFile    ... success: reloaded. 
144134     INFO  main            d.u.i.k.p.r.p.TestFile    Now processing file /home/runner/work/key/key/key.core/../key.ui/examples/heap/block_loop_contracts/Finally/block_finally.key 
144134     INFO  main            d.u.i.k.p.i.AbstractProblemLoader Loading environment from /home/runner/work/key/key/key.core/../key.ui/examples/heap/block_loop_contracts/Finally/block_finally.key 
144134     DEBUG main            d.u.i.k.p.i.AbstractProblemLoader Environment load took 135.81ns 
144135     INFO  main            d.u.i.k.p.i.AbstractProblemLoader Creating init config 
146901     DEBUG main            d.u.i.k.p.i.AbstractProblemLoader Init config took 2.77s 
146940     INFO  main            d.u.i.k.p.i.AbstractProblemLoader Replaying proof AuxiliaryContractsFinally[AuxiliaryContractsFinally::breakThrowContinueBlockContract(java.lang.Exception)].JML block contract.0 
146942     DEBUG main            d.u.i.k.p.i.IntermediateProofReplayer Proof replay took 12.8ns 
147546     INFO  main            d.u.i.k.p.r.p.TestFile    ... finished proof: open goal(s) 
147892     INFO  main            d.u.i.k.p.r.p.TestFile    Now processing file /home/runner/work/key/key/key.core/../key.ui/examples/heap/block_loop_contracts/Finally/loop_finally.key 
147892     INFO  main            d.u.i.k.p.i.AbstractProblemLoader Loading environment from /home/runner/work/key/key/key.core/../key.ui/examples/heap/block_loop_contracts/Finally/loop_finally.key 
147892     DEBUG main            d.u.i.k.p.i.AbstractProblemLoader Environment load took 66ns 
147893     INFO  main            d.u.i.k.p.i.AbstractProblemLoader Creating init config 
150568     DEBUG main            d.u.i.k.p.i.AbstractProblemLoader Init config took 2.68s 
150609     INFO  main            d.u.i.k.p.i.AbstractProblemLoader Replaying proof AuxiliaryContractsFinally[AuxiliaryContractsFinally::breakThrowContinueLoopContract(java.lang.Exception)].JML normal_behavior loop contract.0 
150611     DEBUG main            d.u.i.k.p.i.IntermediateProofReplayer Proof replay took 13.2ns 
151327     INFO  main            d.u.i.k.p.r.p.TestFile    ... finished proof: open goal(s) 
705239     INFO  Test worker     d.u.i.k.p.r.RunAllProofsTestUnit Returning from test blockContracts 
705241     INFO  Test worker     d.u.i.k.p.r.RunAllProofsTestUnit Running test jmlAsserts 
391        INFO  Timeout watchdog d.u.i.k.p.r.p.ForkedTestFileRunner Timeout watcher launched (2000 secs.) 
401        WARN  main            d.u.i.k.s.ProofSettings   The settings in /home/runner/.key/proof-settings.props are *not* read. 
440        INFO  main            d.u.i.k.p.r.p.TestFile    Now processing file /home/runner/work/key/key/key.core/../key.ui/examples/standard_key/java_dl/jml-assert/assert.key 
570        INFO  main            d.u.i.k.p.i.AbstractProblemLoader Loading environment from /home/runner/work/key/key/key.core/../key.ui/examples/standard_key/java_dl/jml-assert/assert.key 
603        DEBUG main            d.u.i.k.p.i.AbstractProblemLoader Environment load took 3.38ms 
907        INFO  main            d.u.i.k.p.i.AbstractProblemLoader Creating init config 
1856       DEBUG main            d.u.i.k.j.TypeConverter   No LDT found for Meta 
1857       DEBUG main            d.u.i.k.j.TypeConverter   No LDT found for Meta 
1859       DEBUG main            d.u.i.k.j.TypeConverter   No LDT found for Meta 
1859       DEBUG main            d.u.i.k.j.TypeConverter   No LDT found for Meta 
3548       DEBUG main            d.u.i.k.j.TypeConverter   No LDT found for JavaBigintExpression 
9474       DEBUG main            d.u.i.k.p.i.AbstractProblemLoader Init config took 8.57s 
9611       INFO  main            d.u.i.k.p.i.AbstractProblemLoader Replaying proof Assert[Assert::createArray(int)].JML normal_behavior operation contract.0 
9647       DEBUG main            d.u.i.k.p.i.IntermediateProofReplayer Proof replay took 35.7ns 
10630      INFO  main            d.u.i.k.p.r.p.TestFile    ... finished proof: closed. 
10775      INFO  main            d.u.i.k.p.i.AbstractProblemLoader Loading environment from /home/runner/work/key/key/key.core/../key.ui/examples/standard_key/java_dl/jml-assert/assert.key.proof 
10776      DEBUG main            d.u.i.k.p.i.AbstractProblemLoader Environment load took 617.14ns 
10778      INFO  main            d.u.i.k.p.i.AbstractProblemLoader Creating init config 
14137      DEBUG main            d.u.i.k.p.i.AbstractProblemLoader Init config took 3.36s 
14206      INFO  main            d.u.i.k.p.i.AbstractProblemLoader Replaying proof Assert[Assert::createArray(int)].JML normal_behavior operation contract.0 
14338      DEBUG main            d.u.i.k.p.i.IntermediateProofReplayer Proof replay took 125.74ms 
14346      DEBUG main            d.u.i.k.p.r.p.TestFile    ... success: reloaded. 
14348      INFO  main            d.u.i.k.p.r.p.TestFile    Now processing file /home/runner/work/key/key/key.core/../key.ui/examples/heap/block_loop_contracts/Free/assertions0.key 
14349      INFO  main            d.u.i.k.p.i.AbstractProblemLoader Loading environment from /home/runner/work/key/key/key.core/../key.ui/examples/heap/block_loop_contracts/Free/assertions0.key 
14349      DEBUG main            d.u.i.k.p.i.AbstractProblemLoader Environment load took 297.62ns 
14351      INFO  main            d.u.i.k.p.i.AbstractProblemLoader Creating init config 
17609      DEBUG main            d.u.i.k.p.i.AbstractProblemLoader Init config took 3.26s 
17669      INFO  main            d.u.i.k.p.i.AbstractProblemLoader Replaying proof FreeConditions[FreeConditions::assertions0()].JML normal_behavior operation contract.0 
17673      DEBUG main            d.u.i.k.p.i.IntermediateProofReplayer Proof replay took 13.4ns 
17876      INFO  main            d.u.i.k.p.r.p.TestFile    ... finished proof: closed. 
18020      INFO  main            d.u.i.k.p.i.AbstractProblemLoader Loading environment from /home/runner/work/key/key/key.core/../key.ui/examples/heap/block_loop_contracts/Free/assertions0.key.proof 
18024      DEBUG main            d.u.i.k.p.i.AbstractProblemLoader Environment load took 4.33ms 
18026      INFO  main            d.u.i.k.p.i.AbstractProblemLoader Creating init config 
21106      DEBUG main            d.u.i.k.p.i.AbstractProblemLoader Init config took 3.08s 
21188      INFO  main            d.u.i.k.p.i.AbstractProblemLoader Replaying proof FreeConditions[FreeConditions::assertions0()].JML normal_behavior operation contract.0 
21241      DEBUG main            d.u.i.k.p.i.IntermediateProofReplayer Proof replay took 45.36ms 
21247      DEBUG main            d.u.i.k.p.r.p.TestFile    ... success: reloaded. 
21249      INFO  main            d.u.i.k.p.r.p.TestFile    Now processing file /home/runner/work/key/key/key.core/../key.ui/examples/heap/block_loop_contracts/Free/assertions1.key 
21250      INFO  main            d.u.i.k.p.i.AbstractProblemLoader Loading environment from /home/runner/work/key/key/key.core/../key.ui/examples/heap/block_loop_contracts/Free/assertions1.key 
21250      DEBUG main            d.u.i.k.p.i.AbstractProblemLoader Environment load took 289.82ns 
21253      INFO  main            d.u.i.k.p.i.AbstractProblemLoader Creating init config 
24472      DEBUG main            d.u.i.k.p.i.AbstractProblemLoader Init config took 3.22s 
24528      INFO  main            d.u.i.k.p.i.AbstractProblemLoader Replaying proof FreeConditions[FreeConditions::assertions1()].JML normal_behavior operation contract.0 
24532      DEBUG main            d.u.i.k.p.i.IntermediateProofReplayer Proof replay took 13ns 
24634      INFO  main            d.u.i.k.p.r.p.TestFile    ... finished proof: closed. 
24803      INFO  main            d.u.i.k.p.i.AbstractProblemLoader Loading environment from /home/runner/work/key/key/key.core/../key.ui/examples/heap/block_loop_contracts/Free/assertions1.key.proof 
24803      DEBUG main            d.u.i.k.p.i.AbstractProblemLoader Environment load took 136.91ns 
24804      INFO  main            d.u.i.k.p.i.AbstractProblemLoader Creating init config 
27829      DEBUG main            d.u.i.k.p.i.AbstractProblemLoader Init config took 3.02s 
27883      INFO  main            d.u.i.k.p.i.AbstractProblemLoader Replaying proof FreeConditions[FreeConditions::assertions1()].JML normal_behavior operation contract.0 
27891      DEBUG main            d.u.i.k.p.i.IntermediateProofReplayer Proof replay took 6.13ms 
27892      DEBUG main            d.u.i.k.p.r.p.TestFile    ... success: reloaded. 
27893      INFO  main            d.u.i.k.p.r.p.TestFile    Now processing file /home/runner/work/key/key/key.core/../key.ui/examples/standard_key/java_dl/jml-assert/recursion-assert.key 
27894      INFO  main            d.u.i.k.p.i.AbstractProblemLoader Loading environment from /home/runner/work/key/key/key.core/../key.ui/examples/standard_key/java_dl/jml-assert/recursion-assert.key 
27894      DEBUG main            d.u.i.k.p.i.AbstractProblemLoader Environment load took 146.01ns 
27895      INFO  main            d.u.i.k.p.i.AbstractProblemLoader Creating init config 
31112      DEBUG main            d.u.i.k.p.i.AbstractProblemLoader Init config took 3.22s 
31161      INFO  main            d.u.i.k.p.i.AbstractProblemLoader Replaying proof RecursiveMethod[RecursiveMethod::fac1(int)].JML normal_behavior operation contract.0 
31164      DEBUG main            d.u.i.k.p.i.IntermediateProofReplayer Proof replay took 7.6ns 
31468      INFO  main            d.u.i.k.p.r.p.TestFile    ... finished proof: closed. 
31659      INFO  main            d.u.i.k.p.i.AbstractProblemLoader Loading environment from /home/runner/work/key/key/key.core/../key.ui/examples/standard_key/java_dl/jml-assert/recursion-assert.key.proof 
31661      DEBUG main            d.u.i.k.p.i.AbstractProblemLoader Environment load took 1.36ms 
31663      INFO  main            d.u.i.k.p.i.AbstractProblemLoader Creating init config 
34868      DEBUG main            d.u.i.k.p.i.AbstractProblemLoader Init config took 3.21s 
34915      INFO  main            d.u.i.k.p.i.AbstractProblemLoader Replaying proof RecursiveMethod[RecursiveMethod::fac1(int)].JML normal_behavior operation contract.0 
34962      DEBUG main            d.u.i.k.p.i.IntermediateProofReplayer Proof replay took 43.77ms 
34964      DEBUG main            d.u.i.k.p.r.p.TestFile    ... success: reloaded. 
34965      INFO  main            d.u.i.k.p.r.p.TestFile    Now processing file /home/runner/work/key/key/key.core/../key.ui/examples/standard_key/java_dl/jml-assert/recursion-assume.key 
34966      INFO  main            d.u.i.k.p.i.AbstractProblemLoader Loading environment from /home/runner/work/key/key/key.core/../key.ui/examples/standard_key/java_dl/jml-assert/recursion-assume.key 
34966      DEBUG main            d.u.i.k.p.i.AbstractProblemLoader Environment load took 257.42ns 
34967      INFO  main            d.u.i.k.p.i.AbstractProblemLoader Creating init config 
38182      DEBUG main            d.u.i.k.p.i.AbstractProblemLoader Init config took 3.22s 
38244      INFO  main            d.u.i.k.p.i.AbstractProblemLoader Replaying proof RecursiveMethod[RecursiveMethod::fac2(int)].JML normal_behavior operation contract.0 
38246      DEBUG main            d.u.i.k.p.i.IntermediateProofReplayer Proof replay took 23.3ns 
38450      INFO  main            d.u.i.k.p.r.p.TestFile    ... finished proof: closed. 
38643      INFO  main            d.u.i.k.p.i.AbstractProblemLoader Loading environment from /home/runner/work/key/key/key.core/../key.ui/examples/standard_key/java_dl/jml-assert/recursion-assume.key.proof 
38644      DEBUG main            d.u.i.k.p.i.AbstractProblemLoader Environment load took 141.41ns 
38645      INFO  main            d.u.i.k.p.i.AbstractProblemLoader Creating init config 
41659      DEBUG main            d.u.i.k.p.i.AbstractProblemLoader Init config took 3.01s 
41702      INFO  main            d.u.i.k.p.i.AbstractProblemLoader Replaying proof RecursiveMethod[RecursiveMethod::fac2(int)].JML normal_behavior operation contract.0 
41742      DEBUG main            d.u.i.k.p.i.IntermediateProofReplayer Proof replay took 38.36ms 
41743      DEBUG main            d.u.i.k.p.r.p.TestFile    ... success: reloaded. 
41745      INFO  main            d.u.i.k.p.r.p.TestFile    Now processing file /home/runner/work/key/key/key.core/../key.ui/examples/standard_key/java_dl/jml-assert/quantor-assert.key 
41745      INFO  main            d.u.i.k.p.i.AbstractProblemLoader Loading environment from /home/runner/work/key/key/key.core/../key.ui/examples/standard_key/java_dl/jml-assert/quantor-assert.key 
41745      DEBUG main            d.u.i.k.p.i.AbstractProblemLoader Environment load took 262.52ns 
41746      INFO  main            d.u.i.k.p.i.AbstractProblemLoader Creating init config 
45005      DEBUG main            d.u.i.k.p.i.AbstractProblemLoader Init config took 3.26s 
45053      INFO  main            d.u.i.k.p.i.AbstractProblemLoader Replaying proof Quantor[Quantor::square1(int)].JML normal_behavior operation contract.0 
45055      DEBUG main            d.u.i.k.p.i.IntermediateProofReplayer Proof replay took 7.9ns 
45160      INFO  main            d.u.i.k.p.r.p.TestFile    ... finished proof: closed. 
45359      INFO  main            d.u.i.k.p.i.AbstractProblemLoader Loading environment from /home/runner/work/key/key/key.core/../key.ui/examples/standard_key/java_dl/jml-assert/quantor-assert.key.proof 
45360      DEBUG main            d.u.i.k.p.i.AbstractProblemLoader Environment load took 126.91ns 
45361      INFO  main            d.u.i.k.p.i.AbstractProblemLoader Creating init config 
48412      DEBUG main            d.u.i.k.p.i.AbstractProblemLoader Init config took 3.05s 
48476      INFO  main            d.u.i.k.p.i.AbstractProblemLoader Replaying proof Quantor[Quantor::square1(int)].JML normal_behavior operation contract.0 
48504      DEBUG main            d.u.i.k.p.i.IntermediateProofReplayer Proof replay took 23.24ms 
48505      DEBUG main            d.u.i.k.p.r.p.TestFile    ... success: reloaded. 
48506      INFO  main            d.u.i.k.p.r.p.TestFile    Now processing file /home/runner/work/key/key/key.core/../key.ui/examples/standard_key/java_dl/jml-assert/quantor-assume.key 
48507      INFO  main            d.u.i.k.p.i.AbstractProblemLoader Loading environment from /home/runner/work/key/key/key.core/../key.ui/examples/standard_key/java_dl/jml-assert/quantor-assume.key 
48507      DEBUG main            d.u.i.k.p.i.AbstractProblemLoader Environment load took 253.12ns 
48508      INFO  main            d.u.i.k.p.i.AbstractProblemLoader Creating init config 
51645      DEBUG main            d.u.i.k.p.i.AbstractProblemLoader Init config took 3.14s 
51688      INFO  main            d.u.i.k.p.i.AbstractProblemLoader Replaying proof Quantor[Quantor::square2(int)].JML normal_behavior operation contract.0 
51689      DEBUG main            d.u.i.k.p.i.IntermediateProofReplayer Proof replay took 6.9ns 
51795      INFO  main            d.u.i.k.p.r.p.TestFile    ... finished proof: closed. 
51974      INFO  main            d.u.i.k.p.i.AbstractProblemLoader Loading environment from /home/runner/work/key/key/key.core/../key.ui/examples/standard_key/java_dl/jml-assert/quantor-assume.key.proof 
51974      DEBUG main            d.u.i.k.p.i.AbstractProblemLoader Environment load took 134.11ns 
51975      INFO  main            d.u.i.k.p.i.AbstractProblemLoader Creating init config 
55001      DEBUG main            d.u.i.k.p.i.AbstractProblemLoader Init config took 3.03s 
55046      INFO  main            d.u.i.k.p.i.AbstractProblemLoader Replaying proof Quantor[Quantor::square2(int)].JML normal_behavior operation contract.0 
55064      DEBUG main            d.u.i.k.p.i.IntermediateProofReplayer Proof replay took 15.49ms 
55065      DEBUG main            d.u.i.k.p.r.p.TestFile    ... success: reloaded. 
55066      INFO  main            d.u.i.k.p.r.p.TestFile    Now processing file /home/runner/work/key/key/key.core/../key.ui/examples/standard_key/java_dl/jml-assert/model-methods-static-static.key 
55066      INFO  main            d.u.i.k.p.i.AbstractProblemLoader Loading environment from /home/runner/work/key/key/key.core/../key.ui/examples/standard_key/java_dl/jml-assert/model-methods-static-static.key 
55066      DEBUG main            d.u.i.k.p.i.AbstractProblemLoader Environment load took 176.51ns 
55067      INFO  main            d.u.i.k.p.i.AbstractProblemLoader Creating init config 
58178      DEBUG main            d.u.i.k.p.i.AbstractProblemLoader Init config took 3.11s 
58224      INFO  main            d.u.i.k.p.i.AbstractProblemLoader Replaying proof ModelMethods[ModelMethods::test1()].JML normal_behavior operation contract.0 
58226      DEBUG main            d.u.i.k.p.i.IntermediateProofReplayer Proof replay took 8.1ns 
58328      INFO  main            d.u.i.k.p.r.p.TestFile    ... finished proof: closed. 
58553      INFO  main            d.u.i.k.p.i.AbstractProblemLoader Loading environment from /home/runner/work/key/key/key.core/../key.ui/examples/standard_key/java_dl/jml-assert/model-methods-static-static.key.proof 
58554      DEBUG main            d.u.i.k.p.i.AbstractProblemLoader Environment load took 1.2ms 
58555      INFO  main            d.u.i.k.p.i.AbstractProblemLoader Creating init config 
61594      DEBUG main            d.u.i.k.p.i.AbstractProblemLoader Init config took 3.04s 
61656      INFO  main            d.u.i.k.p.i.AbstractProblemLoader Replaying proof ModelMethods[ModelMethods::test1()].JML normal_behavior operation contract.0 
61665      DEBUG main            d.u.i.k.p.i.IntermediateProofReplayer Proof replay took 6.57ms 
61666      DEBUG main            d.u.i.k.p.r.p.TestFile    ... success: reloaded. 
61667      INFO  main            d.u.i.k.p.r.p.TestFile    Now processing file /home/runner/work/key/key/key.core/../key.ui/examples/standard_key/java_dl/jml-assert/model-methods-instance-static.key 
61667      INFO  main            d.u.i.k.p.i.AbstractProblemLoader Loading environment from /home/runner/work/key/key/key.core/../key.ui/examples/standard_key/java_dl/jml-assert/model-methods-instance-static.key 
61668      DEBUG main            d.u.i.k.p.i.AbstractProblemLoader Environment load took 276.32ns 
61669      INFO  main            d.u.i.k.p.i.AbstractProblemLoader Creating init config 
64834      DEBUG main            d.u.i.k.p.i.AbstractProblemLoader Init config took 3.17s 
64875      INFO  main            d.u.i.k.p.i.AbstractProblemLoader Replaying proof ModelMethods[ModelMethods::test2()].JML normal_behavior operation contract.0 
64876      DEBUG main            d.u.i.k.p.i.IntermediateProofReplayer Proof replay took 7ns 
64979      INFO  main            d.u.i.k.p.r.p.TestFile    ... finished proof: closed. 
65191      INFO  main            d.u.i.k.p.i.AbstractProblemLoader Loading environment from /home/runner/work/key/key/key.core/../key.ui/examples/standard_key/java_dl/jml-assert/model-methods-instance-static.key.proof 
65191      DEBUG main            d.u.i.k.p.i.AbstractProblemLoader Environment load took 125.51ns 
65192      INFO  main            d.u.i.k.p.i.AbstractProblemLoader Creating init config 
68144      DEBUG main            d.u.i.k.p.i.AbstractProblemLoader Init config took 2.95s 
68186      INFO  main            d.u.i.k.p.i.AbstractProblemLoader Replaying proof ModelMethods[ModelMethods::test2()].JML normal_behavior operation contract.0 
68197      DEBUG main            d.u.i.k.p.i.IntermediateProofReplayer Proof replay took 9.63ms 
68199      DEBUG main            d.u.i.k.p.r.p.TestFile    ... success: reloaded. 
68200      INFO  main            d.u.i.k.p.r.p.TestFile    Now processing file /home/runner/work/key/key/key.core/../key.ui/examples/standard_key/java_dl/jml-assert/model-methods-instance-instance.key 
68201      INFO  main            d.u.i.k.p.i.AbstractProblemLoader Loading environment from /home/runner/work/key/key/key.core/../key.ui/examples/standard_key/java_dl/jml-assert/model-methods-instance-instance.key 
68201      DEBUG main            d.u.i.k.p.i.AbstractProblemLoader Environment load took 250.41ns 
68202      INFO  main            d.u.i.k.p.i.AbstractProblemLoader Creating init config 
71341      DEBUG main            d.u.i.k.p.i.AbstractProblemLoader Init config took 3.14s 
71388      INFO  main            d.u.i.k.p.i.AbstractProblemLoader Replaying proof ModelMethods[ModelMethods::test3()].JML normal_behavior operation contract.0 
71390      DEBUG main            d.u.i.k.p.i.IntermediateProofReplayer Proof replay took 6.4ns 
71493      INFO  main            d.u.i.k.p.r.p.TestFile    ... finished proof: closed. 
71757      INFO  main            d.u.i.k.p.i.AbstractProblemLoader Loading environment from /home/runner/work/key/key/key.core/../key.ui/examples/standard_key/java_dl/jml-assert/model-methods-instance-instance.key.proof 
71757      DEBUG main            d.u.i.k.p.i.AbstractProblemLoader Environment load took 178.51ns 
71758      INFO  main            d.u.i.k.p.i.AbstractProblemLoader Creating init config 
74846      DEBUG main            d.u.i.k.p.i.AbstractProblemLoader Init config took 3.09s 
74888      INFO  main            d.u.i.k.p.i.AbstractProblemLoader Replaying proof ModelMethods[ModelMethods::test3()].JML normal_behavior operation contract.0 
74925      DEBUG main            d.u.i.k.p.i.IntermediateProofReplayer Proof replay took 29.91ms 
74927      DEBUG main            d.u.i.k.p.r.p.TestFile    ... success: reloaded. 
74934      INFO  main            d.u.i.k.p.r.p.TestFile    Now processing file /home/runner/work/key/key/key.core/../key.ui/examples/standard_key/java_dl/jml-assert/model-methods-static-instance.key 
74935      INFO  main            d.u.i.k.p.i.AbstractProblemLoader Loading environment from /home/runner/work/key/key/key.core/../key.ui/examples/standard_key/java_dl/jml-assert/model-methods-static-instance.key 
74935      DEBUG main            d.u.i.k.p.i.AbstractProblemLoader Environment load took 355.82ns 
74937      INFO  main            d.u.i.k.p.i.AbstractProblemLoader Creating init config 
77973      DEBUG main            d.u.i.k.p.i.AbstractProblemLoader Init config took 3.04s 
78013      INFO  main            d.u.i.k.p.i.AbstractProblemLoader Replaying proof ModelMethods[ModelMethods::test4()].JML normal_behavior operation contract.0 
78014      DEBUG main            d.u.i.k.p.i.IntermediateProofReplayer Proof replay took 7.1ns 
78119      INFO  main            d.u.i.k.p.r.p.TestFile    ... finished proof: closed. 
78342      INFO  main            d.u.i.k.p.i.AbstractProblemLoader Loading environment from /home/runner/work/key/key/key.core/../key.ui/examples/standard_key/java_dl/jml-assert/model-methods-static-instance.key.proof 
78342      DEBUG main            d.u.i.k.p.i.AbstractProblemLoader Environment load took 139.61ns 
78343      INFO  main            d.u.i.k.p.i.AbstractProblemLoader Creating init config 
81292      DEBUG main            d.u.i.k.p.i.AbstractProblemLoader Init config took 2.95s 
81331      INFO  main            d.u.i.k.p.i.AbstractProblemLoader Replaying proof ModelMethods[ModelMethods::test4()].JML normal_behavior operation contract.0 
81364      DEBUG main            d.u.i.k.p.i.IntermediateProofReplayer Proof replay took 30.96ms 
81365      DEBUG main            d.u.i.k.p.r.p.TestFile    ... success: reloaded. 
81366      INFO  main            d.u.i.k.p.r.p.TestFile    Now processing file /home/runner/work/key/key/key.core/../key.ui/examples/standard_key/java_dl/jml-assert/assert-old/inc-field.key 
81366      INFO  main            d.u.i.k.p.i.AbstractProblemLoader Loading environment from /home/runner/work/key/key/key.core/../key.ui/examples/standard_key/java_dl/jml-assert/assert-old/inc-field.key 
81366      DEBUG main            d.u.i.k.p.i.AbstractProblemLoader Environment load took 91.91ns 
81367      INFO  main            d.u.i.k.p.i.AbstractProblemLoader Creating init config 
84326      DEBUG main            d.u.i.k.p.i.AbstractProblemLoader Init config took 2.96s 
84366      INFO  main            d.u.i.k.p.i.AbstractProblemLoader Replaying proof Inc[Inc::inc_field()].JML normal_behavior operation contract.0 
84368      DEBUG main            d.u.i.k.p.i.IntermediateProofReplayer Proof replay took 7.5ns 
84571      INFO  main            d.u.i.k.p.r.p.TestFile    ... finished proof: closed. 
84815      INFO  main            d.u.i.k.p.i.AbstractProblemLoader Loading environment from /home/runner/work/key/key/key.core/../key.ui/examples/standard_key/java_dl/jml-assert/assert-old/inc-field.key.proof 
84815      DEBUG main            d.u.i.k.p.i.AbstractProblemLoader Environment load took 139.01ns 
84816      INFO  main            d.u.i.k.p.i.AbstractProblemLoader Creating init config 
87605      DEBUG main            d.u.i.k.p.i.AbstractProblemLoader Init config took 2.79s 
87645      INFO  main            d.u.i.k.p.i.AbstractProblemLoader Replaying proof Inc[Inc::inc_field()].JML normal_behavior operation contract.0 
87684      DEBUG main            d.u.i.k.p.i.IntermediateProofReplayer Proof replay took 36.4ms 
87685      DEBUG main            d.u.i.k.p.r.p.TestFile    ... success: reloaded. 
87685      INFO  main            d.u.i.k.p.r.p.TestFile    Now processing file /home/runner/work/key/key/key.core/../key.ui/examples/standard_key/java_dl/jml-assert/assert-old/inc-parameter.key 
87686      INFO  main            d.u.i.k.p.i.AbstractProblemLoader Loading environment from /home/runner/work/key/key/key.core/../key.ui/examples/standard_key/java_dl/jml-assert/assert-old/inc-parameter.key 
87686      DEBUG main            d.u.i.k.p.i.AbstractProblemLoader Environment load took 132.11ns 
87687      INFO  main            d.u.i.k.p.i.AbstractProblemLoader Creating init config 
90551      DEBUG main            d.u.i.k.p.i.AbstractProblemLoader Init config took 2.86s 
90587      INFO  main            d.u.i.k.p.i.AbstractProblemLoader Replaying proof Inc[Inc::inc_parameter(int)].JML normal_behavior operation contract.0 
90588      DEBUG main            d.u.i.k.p.i.IntermediateProofReplayer Proof replay took 6.5ns 
90690      INFO  main            d.u.i.k.p.r.p.TestFile    ... finished proof: closed. 
90934      INFO  main            d.u.i.k.p.i.AbstractProblemLoader Loading environment from /home/runner/work/key/key/key.core/../key.ui/examples/standard_key/java_dl/jml-assert/assert-old/inc-parameter.key.proof 
90934      DEBUG main            d.u.i.k.p.i.AbstractProblemLoader Environment load took 125.01ns 
90935      INFO  main            d.u.i.k.p.i.AbstractProblemLoader Creating init config 
93720      DEBUG main            d.u.i.k.p.i.AbstractProblemLoader Init config took 2.79s 
93762      INFO  main            d.u.i.k.p.i.AbstractProblemLoader Replaying proof Inc[Inc::inc_parameter(int)].JML normal_behavior operation contract.0 
93787      DEBUG main            d.u.i.k.p.i.IntermediateProofReplayer Proof replay took 21.9ms 
93788      DEBUG main            d.u.i.k.p.r.p.TestFile    ... success: reloaded. 
93790      INFO  main            d.u.i.k.p.r.p.TestFile    Now processing file /home/runner/work/key/key/key.core/../key.ui/examples/standard_key/java_dl/jml-assert/assert-old/inc-parameter-field.key 
93790      INFO  main            d.u.i.k.p.i.AbstractProblemLoader Loading environment from /home/runner/work/key/key/key.core/../key.ui/examples/standard_key/java_dl/jml-assert/assert-old/inc-parameter-field.key 
93791      DEBUG main            d.u.i.k.p.i.AbstractProblemLoader Environment load took 239.31ns 
93791      INFO  main            d.u.i.k.p.i.AbstractProblemLoader Creating init config 
96625      DEBUG main            d.u.i.k.p.i.AbstractProblemLoader Init config took 2.83s 
96659      INFO  main            d.u.i.k.p.i.AbstractProblemLoader Replaying proof Inc[Inc::inc_parameter_field(Inc)].JML normal_behavior operation contract.0 
96660      DEBUG main            d.u.i.k.p.i.IntermediateProofReplayer Proof replay took 7.3ns 
96762      INFO  main            d.u.i.k.p.r.p.TestFile    ... finished proof: closed. 
97007      INFO  main            d.u.i.k.p.i.AbstractProblemLoader Loading environment from /home/runner/work/key/key/key.core/../key.ui/examples/standard_key/java_dl/jml-assert/assert-old/inc-parameter-field.key.proof 
97007      DEBUG main            d.u.i.k.p.i.AbstractProblemLoader Environment load took 118.91ns 
97008      INFO  main            d.u.i.k.p.i.AbstractProblemLoader Creating init config 
99633      DEBUG main            d.u.i.k.p.i.AbstractProblemLoader Init config took 2.62s 
99669      INFO  main            d.u.i.k.p.i.AbstractProblemLoader Replaying proof Inc[Inc::inc_parameter_field(Inc)].JML normal_behavior operation contract.0 
99708      DEBUG main            d.u.i.k.p.i.IntermediateProofReplayer Proof replay took 36.6ms 
99709      DEBUG main            d.u.i.k.p.r.p.TestFile    ... success: reloaded. 
99718      INFO  main            d.u.i.k.p.r.p.TestFile    Now processing file /home/runner/work/key/key/key.core/../key.ui/examples/standard_key/java_dl/jml-assert/assert-old/inc-ghost-field.key 
99718      INFO  main            d.u.i.k.p.i.AbstractProblemLoader Loading environment from /home/runner/work/key/key/key.core/../key.ui/examples/standard_key/java_dl/jml-assert/assert-old/inc-ghost-field.key 
99718      DEBUG main            d.u.i.k.p.i.AbstractProblemLoader Environment load took 170.51ns 
99719      INFO  main            d.u.i.k.p.i.AbstractProblemLoader Creating init config 
102503     DEBUG main            d.u.i.k.p.i.AbstractProblemLoader Init config took 2.78s 
102543     INFO  main            d.u.i.k.p.i.AbstractProblemLoader Replaying proof Inc[Inc::inc_ghost_field()].JML normal_behavior operation contract.0 
102545     DEBUG main            d.u.i.k.p.i.IntermediateProofReplayer Proof replay took 6ns 
102646     INFO  main            d.u.i.k.p.r.p.TestFile    ... finished proof: closed. 
102891     INFO  main            d.u.i.k.p.i.AbstractProblemLoader Loading environment from /home/runner/work/key/key/key.core/../key.ui/examples/standard_key/java_dl/jml-assert/assert-old/inc-ghost-field.key.proof 
102891     DEBUG main            d.u.i.k.p.i.AbstractProblemLoader Environment load took 132.11ns 
102892     INFO  main            d.u.i.k.p.i.AbstractProblemLoader Creating init config 
105676     DEBUG main            d.u.i.k.p.i.AbstractProblemLoader Init config took 2.78s 
105714     INFO  main            d.u.i.k.p.i.AbstractProblemLoader Replaying proof Inc[Inc::inc_ghost_field()].JML normal_behavior operation contract.0 
105745     DEBUG main            d.u.i.k.p.i.IntermediateProofReplayer Proof replay took 29.1ms 
105746     DEBUG main            d.u.i.k.p.r.p.TestFile    ... success: reloaded. 
811185     INFO  Test worker     d.u.i.k.p.r.RunAllProofsTestUnit Returning from test jmlAsserts 
811188     INFO  Test worker     d.u.i.k.p.r.RunAllProofsTestUnit Running test javaCard 
354        INFO  Timeout watchdog d.u.i.k.p.r.p.ForkedTestFileRunner Timeout watcher launched (2000 secs.) 
361        WARN  main            d.u.i.k.s.ProofSettings   The settings in /home/runner/.key/proof-settings.props are *not* read. 
403        INFO  main            d.u.i.k.p.r.p.TestFile    Now processing file /home/runner/work/key/key/key.core/../key.ui/examples/heap/javacard/updateBalance0.key 
514        INFO  main            d.u.i.k.p.i.AbstractProblemLoader Loading environment from /home/runner/work/key/key/key.core/../key.ui/examples/heap/javacard/updateBalance0.key 
531        DEBUG main            d.u.i.k.p.i.AbstractProblemLoader Environment load took 1.83ms 
767        INFO  main            d.u.i.k.p.i.AbstractProblemLoader Creating init config 
1747       DEBUG main            d.u.i.k.j.TypeConverter   No LDT found for Meta 
1747       DEBUG main            d.u.i.k.j.TypeConverter   No LDT found for Meta 
1750       DEBUG main            d.u.i.k.j.TypeConverter   No LDT found for Meta 
1751       DEBUG main            d.u.i.k.j.TypeConverter   No LDT found for Meta 
3113       DEBUG main            d.u.i.k.j.TypeConverter   No LDT found for JavaBigintExpression 
7123       DEBUG main            d.u.i.k.p.i.AbstractProblemLoader Init config took 6.36s 
7304       INFO  main            d.u.i.k.p.i.AbstractProblemLoader Replaying proof Examples[Examples::updateBalance(short)].JML normal_behavior operation contract.0 
7343       DEBUG main            d.u.i.k.p.i.IntermediateProofReplayer Proof replay took 32.2ns 
8884       INFO  main            d.u.i.k.p.r.p.TestFile    ... finished proof: closed. 
9035       INFO  main            d.u.i.k.p.i.AbstractProblemLoader Loading environment from /home/runner/work/key/key/key.core/../key.ui/examples/heap/javacard/updateBalance0.key.proof 
9035       DEBUG main            d.u.i.k.p.i.AbstractProblemLoader Environment load took 171.81ns 
9037       INFO  main            d.u.i.k.p.i.AbstractProblemLoader Creating init config 
11132      DEBUG main            d.u.i.k.p.i.AbstractProblemLoader Init config took 2.09s 
11228      INFO  main            d.u.i.k.p.i.AbstractProblemLoader Replaying proof Examples[Examples::updateBalance(short)].JML normal_behavior operation contract.0 
11486      DEBUG main            d.u.i.k.p.i.IntermediateProofReplayer Proof replay took 242.59ms 
11496      DEBUG main            d.u.i.k.p.r.p.TestFile    ... success: reloaded. 
11505      INFO  main            d.u.i.k.p.r.p.TestFile    Now processing file /home/runner/work/key/key/key.core/../key.ui/examples/heap/javacard/updateBalance1.key 
11505      INFO  main            d.u.i.k.p.i.AbstractProblemLoader Loading environment from /home/runner/work/key/key/key.core/../key.ui/examples/heap/javacard/updateBalance1.key 
11505      DEBUG main            d.u.i.k.p.i.AbstractProblemLoader Environment load took 138.41ns 
11508      INFO  main            d.u.i.k.p.i.AbstractProblemLoader Creating init config 
13428      DEBUG main            d.u.i.k.p.i.AbstractProblemLoader Init config took 1.92s 
13477      INFO  main            d.u.i.k.p.i.AbstractProblemLoader Replaying proof Examples[Examples::updateBalance(short)].JML normal_behavior operation contract.1 
13480      DEBUG main            d.u.i.k.p.i.IntermediateProofReplayer Proof replay took 5.9ns 
14187      INFO  main            d.u.i.k.p.r.p.TestFile    ... finished proof: closed. 
14352      INFO  main            d.u.i.k.p.i.AbstractProblemLoader Loading environment from /home/runner/work/key/key/key.core/../key.ui/examples/heap/javacard/updateBalance1.key.proof 
14353      DEBUG main            d.u.i.k.p.i.AbstractProblemLoader Environment load took 675.94ns 
14355      INFO  main            d.u.i.k.p.i.AbstractProblemLoader Creating init config 
16230      DEBUG main            d.u.i.k.p.i.AbstractProblemLoader Init config took 1.88s 
16273      INFO  main            d.u.i.k.p.i.AbstractProblemLoader Replaying proof Examples[Examples::updateBalance(short)].JML normal_behavior operation contract.1 
16402      DEBUG main            d.u.i.k.p.i.IntermediateProofReplayer Proof replay took 125.19ms 
16404      DEBUG main            d.u.i.k.p.r.p.TestFile    ... success: reloaded. 
16406      INFO  main            d.u.i.k.p.r.p.TestFile    Now processing file /home/runner/work/key/key/key.core/../key.ui/examples/heap/javacard/setArray1.key 
16407      INFO  main            d.u.i.k.p.i.AbstractProblemLoader Loading environment from /home/runner/work/key/key/key.core/../key.ui/examples/heap/javacard/setArray1.key 
16407      DEBUG main            d.u.i.k.p.i.AbstractProblemLoader Environment load took 264.62ns 
16408      INFO  main            d.u.i.k.p.i.AbstractProblemLoader Creating init config 
18212      DEBUG main            d.u.i.k.p.i.AbstractProblemLoader Init config took 1.8s 
18264      INFO  main            d.u.i.k.p.i.AbstractProblemLoader Replaying proof Examples[Examples::setArray1([B)].JML normal_behavior operation contract.0 
18270      DEBUG main            d.u.i.k.p.i.IntermediateProofReplayer Proof replay took 6.7ns 
19480      INFO  main            d.u.i.k.p.r.p.TestFile    ... finished proof: closed. 
19609      INFO  main            d.u.i.k.p.i.AbstractProblemLoader Loading environment from /home/runner/work/key/key/key.core/../key.ui/examples/heap/javacard/setArray1.key.proof 
19610      DEBUG main            d.u.i.k.p.i.AbstractProblemLoader Environment load took 1.05ms 
19613      INFO  main            d.u.i.k.p.i.AbstractProblemLoader Creating init config 
21447      DEBUG main            d.u.i.k.p.i.AbstractProblemLoader Init config took 1.83s 
21488      INFO  main            d.u.i.k.p.i.AbstractProblemLoader Replaying proof Examples[Examples::setArray1([B)].JML normal_behavior operation contract.0 
21696      DEBUG main            d.u.i.k.p.i.IntermediateProofReplayer Proof replay took 202.74ms 
21699      DEBUG main            d.u.i.k.p.r.p.TestFile    ... success: reloaded. 
21701      INFO  main            d.u.i.k.p.r.p.TestFile    Now processing file /home/runner/work/key/key/key.core/../key.ui/examples/heap/javacard/setArray2.key 
21702      INFO  main            d.u.i.k.p.i.AbstractProblemLoader Loading environment from /home/runner/work/key/key/key.core/../key.ui/examples/heap/javacard/setArray2.key 
21702      DEBUG main            d.u.i.k.p.i.AbstractProblemLoader Environment load took 277.92ns 
21703      INFO  main            d.u.i.k.p.i.AbstractProblemLoader Creating init config 
23542      DEBUG main            d.u.i.k.p.i.AbstractProblemLoader Init config took 1.84s 
23586      INFO  main            d.u.i.k.p.i.AbstractProblemLoader Replaying proof Examples[Examples::setArray2([B)].JML normal_behavior operation contract.0 
23588      DEBUG main            d.u.i.k.p.i.IntermediateProofReplayer Proof replay took 6.2ns 
24793      INFO  main            d.u.i.k.p.r.p.TestFile    ... finished proof: closed. 
24931      INFO  main            d.u.i.k.p.i.AbstractProblemLoader Loading environment from /home/runner/work/key/key/key.core/../key.ui/examples/heap/javacard/setArray2.key.proof 
24931      DEBUG main            d.u.i.k.p.i.AbstractProblemLoader Environment load took 139.41ns 
24932      INFO  main            d.u.i.k.p.i.AbstractProblemLoader Creating init config 
26682      DEBUG main            d.u.i.k.p.i.AbstractProblemLoader Init config took 1.75s 
26730      INFO  main            d.u.i.k.p.i.AbstractProblemLoader Replaying proof Examples[Examples::setArray2([B)].JML normal_behavior operation contract.0 
26986      DEBUG main            d.u.i.k.p.i.IntermediateProofReplayer Proof replay took 250.95ms 
26996      DEBUG main            d.u.i.k.p.r.p.TestFile    ... success: reloaded. 
26999      INFO  main            d.u.i.k.p.r.p.TestFile    Now processing file /home/runner/work/key/key/key.core/../key.ui/examples/heap/javacard/arrayFillNonAtomic.key 
27000      INFO  main            d.u.i.k.p.i.AbstractProblemLoader Loading environment from /home/runner/work/key/key/key.core/../key.ui/examples/heap/javacard/arrayFillNonAtomic.key 
27000      DEBUG main            d.u.i.k.p.i.AbstractProblemLoader Environment load took 292.72ns 
27001      INFO  main            d.u.i.k.p.i.AbstractProblemLoader Creating init config 
28779      DEBUG main            d.u.i.k.p.i.AbstractProblemLoader Init config took 1.78s 
28836      INFO  main            d.u.i.k.p.i.AbstractProblemLoader Replaying proof javacard.framework.Util[javacard.framework.Util::arrayFillNonAtomic([B,short,short,byte)].JML behavior operation contract.0.transaction_inactive 
28838      DEBUG main            d.u.i.k.p.i.IntermediateProofReplayer Proof replay took 5.7ns 
29830      DEBUG Thread-13       d.u.i.k.l.o.ProgramSV     Match failed: Former match of  SchemaVariable incompatible with  the current match. 
29831      DEBUG Thread-13       d.u.i.k.l.o.ProgramSV     Match failed: Former match of  SchemaVariable incompatible with  the current match. 
31372      DEBUG Thread-13       d.u.i.k.l.o.ProgramSV     Match failed: Former match of  SchemaVariable incompatible with  the current match. 
31372      DEBUG Thread-13       d.u.i.k.l.o.ProgramSV     Match failed: Former match of  SchemaVariable incompatible with  the current match. 
33106      INFO  main            d.u.i.k.p.r.p.TestFile    ... finished proof: closed. 
33283      INFO  main            d.u.i.k.p.i.AbstractProblemLoader Loading environment from /home/runner/work/key/key/key.core/../key.ui/examples/heap/javacard/arrayFillNonAtomic.key.proof 
33283      DEBUG main            d.u.i.k.p.i.AbstractProblemLoader Environment load took 565.34ns 
33285      INFO  main            d.u.i.k.p.i.AbstractProblemLoader Creating init config 
35017      DEBUG main            d.u.i.k.p.i.AbstractProblemLoader Init config took 1.73s 
35080      INFO  main            d.u.i.k.p.i.AbstractProblemLoader Replaying proof javacard.framework.Util[javacard.framework.Util::arrayFillNonAtomic([B,short,short,byte)].JML behavior operation contract.0.transaction_inactive 
36021      DEBUG main            d.u.i.k.p.i.IntermediateProofReplayer Proof replay took 924.33ms 
36023      DEBUG main            d.u.i.k.p.r.p.TestFile    ... success: reloaded. 
36024      INFO  main            d.u.i.k.p.r.p.TestFile    Now processing file /home/runner/work/key/key/key.core/../key.ui/examples/heap/coincidence_count/project.key 
36025      INFO  main            d.u.i.k.p.i.AbstractProblemLoader Loading environment from /home/runner/work/key/key/key.core/../key.ui/examples/heap/coincidence_count/project.key 
36025      DEBUG main            d.u.i.k.p.i.AbstractProblemLoader Environment load took 249.52ns 
36026      INFO  main            d.u.i.k.p.i.AbstractProblemLoader Creating init config 
39674      DEBUG main            d.u.i.k.p.i.AbstractProblemLoader Init config took 3.65s 
39736      INFO  main            d.u.i.k.p.i.AbstractProblemLoader Replaying proof CC[CC::calcCoinIndex([I,[I)].JML normal_behavior operation contract.0 
39742      DEBUG main            d.u.i.k.p.i.IntermediateProofReplayer Proof replay took 7.2ns 
60688      INFO  main            d.u.i.k.p.r.p.TestFile    ... finished proof: closed. 
61034      INFO  main            d.u.i.k.p.i.AbstractProblemLoader Loading environment from /home/runner/work/key/key/key.core/../key.ui/examples/heap/coincidence_count/project.key.proof 
61035      DEBUG main            d.u.i.k.p.i.AbstractProblemLoader Environment load took 545.43ns 
61039      INFO  main            d.u.i.k.p.i.AbstractProblemLoader Creating init config 
63999      DEBUG main            d.u.i.k.p.i.AbstractProblemLoader Init config took 2.96s 
64048      INFO  main            d.u.i.k.p.i.AbstractProblemLoader Replaying proof CC[CC::calcCoinIndex([I,[I)].JML normal_behavior operation contract.0 
65227      DEBUG main            d.u.i.k.p.i.IntermediateProofReplayer Proof replay took 1.1s 
65231      DEBUG main            d.u.i.k.p.r.p.TestFile    ... success: reloaded. 
65233      INFO  main            d.u.i.k.p.r.p.TestFile    Now processing file /home/runner/work/key/key/key.core/../key.ui/examples/heap/verifyThis11_1_Maximum/project.key 
65233      INFO  main            d.u.i.k.p.i.AbstractProblemLoader Loading environment from /home/runner/work/key/key/key.core/../key.ui/examples/heap/verifyThis11_1_Maximum/project.key 
65233      DEBUG main            d.u.i.k.p.i.AbstractProblemLoader Environment load took 120.91ns 
65234      INFO  main            d.u.i.k.p.i.AbstractProblemLoader Creating init config 
68207      DEBUG main            d.u.i.k.p.i.AbstractProblemLoader Init config took 2.97s 
68255      INFO  main            d.u.i.k.p.i.AbstractProblemLoader Replaying proof Maximum[Maximum::maxIndex([I)].JML normal_behavior operation contract.0 
68256      DEBUG main            d.u.i.k.p.i.IntermediateProofReplayer Proof replay took 6.5ns 
69365      INFO  main            d.u.i.k.p.r.p.TestFile    ... finished proof: closed. 
69658      INFO  main            d.u.i.k.p.i.AbstractProblemLoader Loading environment from /home/runner/work/key/key/key.core/../key.ui/examples/heap/verifyThis11_1_Maximum/project.key.proof 
69658      DEBUG main            d.u.i.k.p.i.AbstractProblemLoader Environment load took 258.42ns 
69659      INFO  main            d.u.i.k.p.i.AbstractProblemLoader Creating init config 
72654      DEBUG main            d.u.i.k.p.i.AbstractProblemLoader Init config took 2.99s 
72701      INFO  main            d.u.i.k.p.i.AbstractProblemLoader Replaying proof Maximum[Maximum::maxIndex([I)].JML normal_behavior operation contract.0 
72902      DEBUG main            d.u.i.k.p.i.IntermediateProofReplayer Proof replay took 192.69ms 
72903      DEBUG main            d.u.i.k.p.r.p.TestFile    ... success: reloaded. 
72904      INFO  main            d.u.i.k.p.r.p.TestFile    Now processing file /home/runner/work/key/key/key.core/../key.ui/examples/heap/fm12_01_LRS/lcp.key 
72905      INFO  main            d.u.i.k.p.i.AbstractProblemLoader Loading environment from /home/runner/work/key/key/key.core/../key.ui/examples/heap/fm12_01_LRS/lcp.key 
72905      DEBUG main            d.u.i.k.p.i.AbstractProblemLoader Environment load took 255.22ns 
72906      INFO  main            d.u.i.k.p.i.AbstractProblemLoader Creating init config 
76704      DEBUG main            d.u.i.k.p.i.AbstractProblemLoader Init config took 3.8s 
76770      INFO  main            d.u.i.k.p.i.AbstractProblemLoader Replaying proof LCP[LCP::lcp([I,int,int)].JML normal_behavior operation contract.0 
76773      DEBUG main            d.u.i.k.p.i.IntermediateProofReplayer Proof replay took 6.4ns 
77878      INFO  main            d.u.i.k.p.r.p.TestFile    ... finished proof: closed. 
78171      INFO  main            d.u.i.k.p.i.AbstractProblemLoader Loading environment from /home/runner/work/key/key/key.core/../key.ui/examples/heap/fm12_01_LRS/lcp.key.proof 
78172      DEBUG main            d.u.i.k.p.i.AbstractProblemLoader Environment load took 552.03ns 
78173      INFO  main            d.u.i.k.p.i.AbstractProblemLoader Creating init config 
81602      DEBUG main            d.u.i.k.p.i.AbstractProblemLoader Init config took 3.43s 
81681      INFO  main            d.u.i.k.p.i.AbstractProblemLoader Replaying proof LCP[LCP::lcp([I,int,int)].JML normal_behavior operation contract.0 
81934      DEBUG main            d.u.i.k.p.i.IntermediateProofReplayer Proof replay took 246.53ms 
81937      DEBUG main            d.u.i.k.p.r.p.TestFile    ... success: reloaded. 
81938      INFO  main            d.u.i.k.p.r.p.TestFile    Now processing file /home/runner/work/key/key/key.core/../key.ui/examples/heap/SemanticSlicing/project.key 
81939      INFO  main            d.u.i.k.p.i.AbstractProblemLoader Loading environment from /home/runner/work/key/key/key.core/../key.ui/examples/heap/SemanticSlicing/project.key 
81939      DEBUG main            d.u.i.k.p.i.AbstractProblemLoader Environment load took 268.92ns 
81940      INFO  main            d.u.i.k.p.i.AbstractProblemLoader Creating init config 
85052      DEBUG main            d.u.i.k.p.i.AbstractProblemLoader Init config took 3.11s 
85115      INFO  main            d.u.i.k.p.i.AbstractProblemLoader Replaying proof unsatcore_after.competition.postcond5.scope333.LRS[unsatcore_after.competition.postcond5.scope333.LRS::doLRS()].JML operation contract.0 
85117      DEBUG main            d.u.i.k.p.i.IntermediateProofReplayer Proof replay took 7ns 
89867      INFO  main            d.u.i.k.p.r.p.TestFile    ... finished proof: closed. 
90191      INFO  main            d.u.i.k.p.i.AbstractProblemLoader Loading environment from /home/runner/work/key/key/key.core/../key.ui/examples/heap/SemanticSlicing/project.key.proof 
90191      DEBUG main            d.u.i.k.p.i.AbstractProblemLoader Environment load took 549.84ns 
90194      INFO  main            d.u.i.k.p.i.AbstractProblemLoader Creating init config 
93214      DEBUG main            d.u.i.k.p.i.AbstractProblemLoader Init config took 3.02s 
93289      INFO  main            d.u.i.k.p.i.AbstractProblemLoader Replaying proof unsatcore_after.competition.postcond5.scope333.LRS[unsatcore_after.competition.postcond5.scope333.LRS::doLRS()].JML operation contract.0 
94212      DEBUG main            d.u.i.k.p.i.IntermediateProofReplayer Proof replay took 908.06ms 
94214      DEBUG main            d.u.i.k.p.r.p.TestFile    ... success: reloaded. 
94216      INFO  main            d.u.i.k.p.r.p.TestFile    Now processing file /home/runner/work/key/key/key.core/../key.ui/examples/heap/information_flow/ArrayList_contains.key 
94216      INFO  main            d.u.i.k.p.i.AbstractProblemLoader Loading environment from /home/runner/work/key/key/key.core/../key.ui/examples/heap/information_flow/ArrayList_contains.key 
94217      DEBUG main            d.u.i.k.p.i.AbstractProblemLoader Environment load took 247.62ns 
94218      INFO  main            d.u.i.k.p.i.AbstractProblemLoader Creating init config 
97531      DEBUG main            d.u.i.k.p.i.AbstractProblemLoader Init config took 3.31s 
97574      INFO  main            d.u.i.k.p.i.AbstractProblemLoader Replaying proof ArrayList[ArrayList::get(int)].JML normal_behavior operation contract.0 
97576      DEBUG main            d.u.i.k.p.i.IntermediateProofReplayer Proof replay took 6.7ns 
97980      INFO  main            d.u.i.k.p.r.p.TestFile    ... finished proof: closed. 
98316      INFO  main            d.u.i.k.p.i.AbstractProblemLoader Loading environment from /home/runner/work/key/key/key.core/../key.ui/examples/heap/information_flow/ArrayList_contains.key.proof 
98316      DEBUG main            d.u.i.k.p.i.AbstractProblemLoader Environment load took 151.41ns 
98317      INFO  main            d.u.i.k.p.i.AbstractProblemLoader Creating init config 
101479     DEBUG main            d.u.i.k.p.i.AbstractProblemLoader Init config took 3.16s 
101523     INFO  main            d.u.i.k.p.i.AbstractProblemLoader Replaying proof ArrayList[ArrayList::get(int)].JML normal_behavior operation contract.0 
101583     DEBUG main            d.u.i.k.p.i.IntermediateProofReplayer Proof replay took 56.46ms 
101584     DEBUG main            d.u.i.k.p.r.p.TestFile    ... success: reloaded. 
101585     INFO  main            d.u.i.k.p.r.p.TestFile    Now processing file /home/runner/work/key/key/key.core/../key.ui/examples/heap/information_flow/ArrayList_get.key 
101586     INFO  main            d.u.i.k.p.i.AbstractProblemLoader Loading environment from /home/runner/work/key/key/key.core/../key.ui/examples/heap/information_flow/ArrayList_get.key 
101586     DEBUG main            d.u.i.k.p.i.AbstractProblemLoader Environment load took 263.92ns 
101587     INFO  main            d.u.i.k.p.i.AbstractProblemLoader Creating init config 
104809     DEBUG main            d.u.i.k.p.i.AbstractProblemLoader Init config took 3.22s 
104859     INFO  main            d.u.i.k.p.i.AbstractProblemLoader Replaying proof ArrayList[ArrayList::contains(java.lang.Object)].JML normal_behavior operation contract.0 
104860     DEBUG main            d.u.i.k.p.i.IntermediateProofReplayer Proof replay took 6.7ns 
105964     INFO  main            d.u.i.k.p.r.p.TestFile    ... finished proof: closed. 
106262     INFO  main            d.u.i.k.p.i.AbstractProblemLoader Loading environment from /home/runner/work/key/key/key.core/../key.ui/examples/heap/information_flow/ArrayList_get.key.proof 
106262     DEBUG main            d.u.i.k.p.i.AbstractProblemLoader Environment load took 140.71ns 
106263     INFO  main            d.u.i.k.p.i.AbstractProblemLoader Creating init config 
109464     DEBUG main            d.u.i.k.p.i.AbstractProblemLoader Init config took 3.2s 
109507     INFO  main            d.u.i.k.p.i.AbstractProblemLoader Replaying proof ArrayList[ArrayList::contains(java.lang.Object)].JML normal_behavior operation contract.0 
109710     DEBUG main            d.u.i.k.p.i.IntermediateProofReplayer Proof replay took 196.38ms 
109713     DEBUG main            d.u.i.k.p.r.p.TestFile    ... success: reloaded. 
109714     INFO  main            d.u.i.k.p.r.p.TestFile    Now processing file /home/runner/work/key/key/key.core/../key.ui/examples/heap/information_flow/ArrayList_size.key 
109714     INFO  main            d.u.i.k.p.i.AbstractProblemLoader Loading environment from /home/runner/work/key/key/key.core/../key.ui/examples/heap/information_flow/ArrayList_size.key 
109715     DEBUG main            d.u.i.k.p.i.AbstractProblemLoader Environment load took 252.72ns 
109716     INFO  main            d.u.i.k.p.i.AbstractProblemLoader Creating init config 
112998     DEBUG main            d.u.i.k.p.i.AbstractProblemLoader Init config took 3.28s 
113041     INFO  main            d.u.i.k.p.i.AbstractProblemLoader Replaying proof ArrayList[ArrayList::size()].JML normal_behavior operation contract.0 
113042     DEBUG main            d.u.i.k.p.i.IntermediateProofReplayer Proof replay took 6.6ns 
113147     INFO  main            d.u.i.k.p.r.p.TestFile    ... finished proof: closed. 
113427     INFO  main            d.u.i.k.p.i.AbstractProblemLoader Loading environment from /home/runner/work/key/key/key.core/../key.ui/examples/heap/information_flow/ArrayList_size.key.proof 
113427     DEBUG main            d.u.i.k.p.i.AbstractProblemLoader Environment load took 135.71ns 
113428     INFO  main            d.u.i.k.p.i.AbstractProblemLoader Creating init config 
116653     DEBUG main            d.u.i.k.p.i.AbstractProblemLoader Init config took 3.22s 
116696     INFO  main            d.u.i.k.p.i.AbstractProblemLoader Replaying proof ArrayList[ArrayList::size()].JML normal_behavior operation contract.0 
116713     DEBUG main            d.u.i.k.p.i.IntermediateProofReplayer Proof replay took 14.54ms 
116714     DEBUG main            d.u.i.k.p.r.p.TestFile    ... success: reloaded. 
116715     INFO  main            d.u.i.k.p.r.p.TestFile    Now processing file /home/runner/work/key/key/key.core/../key.ui/examples/heap/information_flow/UpdateAbstraction_ex7_3_secure.key 
116716     INFO  main            d.u.i.k.p.i.AbstractProblemLoader Loading environment from /home/runner/work/key/key/key.core/../key.ui/examples/heap/information_flow/UpdateAbstraction_ex7_3_secure.key 
116716     DEBUG main            d.u.i.k.p.i.AbstractProblemLoader Environment load took 266.52ns 
116717     INFO  main            d.u.i.k.p.i.AbstractProblemLoader Creating init config 
119971     DEBUG main            d.u.i.k.p.i.AbstractProblemLoader Init config took 3.25s 
120012     INFO  main            d.u.i.k.p.i.AbstractProblemLoader Replaying proof UpdateAbstraction[UpdateAbstraction::ex7_3_secure()].JML operation contract.0 
120014     DEBUG main            d.u.i.k.p.i.IntermediateProofReplayer Proof replay took 6.6ns 
120216     INFO  main            d.u.i.k.p.r.p.TestFile    ... finished proof: closed. 
120529     INFO  main            d.u.i.k.p.i.AbstractProblemLoader Loading environment from /home/runner/work/key/key/key.core/../key.ui/examples/heap/information_flow/UpdateAbstraction_ex7_3_secure.key.proof 
120529     DEBUG main            d.u.i.k.p.i.AbstractProblemLoader Environment load took 135.41ns 
120530     INFO  main            d.u.i.k.p.i.AbstractProblemLoader Creating init config 
123679     DEBUG main            d.u.i.k.p.i.AbstractProblemLoader Init config took 3.15s 
123721     INFO  main            d.u.i.k.p.i.AbstractProblemLoader Replaying proof UpdateAbstraction[UpdateAbstraction::ex7_3_secure()].JML operation contract.0 
123756     DEBUG main            d.u.i.k.p.i.IntermediateProofReplayer Proof replay took 32.71ms 
123757     DEBUG main            d.u.i.k.p.r.p.TestFile    ... success: reloaded. 
123758     INFO  main            d.u.i.k.p.r.p.TestFile    Now processing file /home/runner/work/key/key/key.core/../key.ui/examples/heap/information_flow/UpdateAbstraction_ex7_4_secure.key 
123759     INFO  main            d.u.i.k.p.i.AbstractProblemLoader Loading environment from /home/runner/work/key/key/key.core/../key.ui/examples/heap/information_flow/UpdateAbstraction_ex7_4_secure.key 
123759     DEBUG main            d.u.i.k.p.i.AbstractProblemLoader Environment load took 257.32ns 
123760     INFO  main            d.u.i.k.p.i.AbstractProblemLoader Creating init config 
126964     DEBUG main            d.u.i.k.p.i.AbstractProblemLoader Init config took 3.2s 
127026     INFO  main            d.u.i.k.p.i.AbstractProblemLoader Replaying proof UpdateAbstraction[UpdateAbstraction::ex7_4_secure()].JML operation contract.0 
127028     DEBUG main            d.u.i.k.p.i.IntermediateProofReplayer Proof replay took 6.6ns 
127240     INFO  main            d.u.i.k.p.r.p.TestFile    ... finished proof: closed. 
127557     INFO  main            d.u.i.k.p.i.AbstractProblemLoader Loading environment from /home/runner/work/key/key/key.core/../key.ui/examples/heap/information_flow/UpdateAbstraction_ex7_4_secure.key.proof 
127557     DEBUG main            d.u.i.k.p.i.AbstractProblemLoader Environment load took 127.31ns 
127559     INFO  main            d.u.i.k.p.i.AbstractProblemLoader Creating init config 
130685     DEBUG main            d.u.i.k.p.i.AbstractProblemLoader Init config took 3.13s 
130726     INFO  main            d.u.i.k.p.i.AbstractProblemLoader Replaying proof UpdateAbstraction[UpdateAbstraction::ex7_4_secure()].JML operation contract.0 
130776     DEBUG main            d.u.i.k.p.i.IntermediateProofReplayer Proof replay took 48.08ms 
130778     DEBUG main            d.u.i.k.p.r.p.TestFile    ... success: reloaded. 
130779     INFO  main            d.u.i.k.p.r.p.TestFile    Now processing file /home/runner/work/key/key/key.core/../key.ui/examples/heap/information_flow/UpdateAbstraction_ex7_5_secure.key 
130779     INFO  main            d.u.i.k.p.i.AbstractProblemLoader Loading environment from /home/runner/work/key/key/key.core/../key.ui/examples/heap/information_flow/UpdateAbstraction_ex7_5_secure.key 
130779     DEBUG main            d.u.i.k.p.i.AbstractProblemLoader Environment load took 267.22ns 
130780     INFO  main            d.u.i.k.p.i.AbstractProblemLoader Creating init config 
133998     DEBUG main            d.u.i.k.p.i.AbstractProblemLoader Init config took 3.22s 
134039     INFO  main            d.u.i.k.p.i.AbstractProblemLoader Replaying proof UpdateAbstraction[UpdateAbstraction::ex7_5_secure()].JML operation contract.0 
134041     DEBUG main            d.u.i.k.p.i.IntermediateProofReplayer Proof replay took 7.2ns 
134147     INFO  main            d.u.i.k.p.r.p.TestFile    ... finished proof: closed. 
134474     INFO  main            d.u.i.k.p.i.AbstractProblemLoader Loading environment from /home/runner/work/key/key/key.core/../key.ui/examples/heap/information_flow/UpdateAbstraction_ex7_5_secure.key.proof 
134474     DEBUG main            d.u.i.k.p.i.AbstractProblemLoader Environment load took 130.41ns 
134475     INFO  main            d.u.i.k.p.i.AbstractProblemLoader Creating init config 
137605     DEBUG main            d.u.i.k.p.i.AbstractProblemLoader Init config took 3.13s 
137645     INFO  main            d.u.i.k.p.i.AbstractProblemLoader Replaying proof UpdateAbstraction[UpdateAbstraction::ex7_5_secure()].JML operation contract.0 
137667     DEBUG main            d.u.i.k.p.i.IntermediateProofReplayer Proof replay took 19.58ms 
137668     DEBUG main            d.u.i.k.p.r.p.TestFile    ... success: reloaded. 
137669     INFO  main            d.u.i.k.p.r.p.TestFile    Now processing file /home/runner/work/key/key/key.core/../key.ui/examples/heap/information_flow/UpdateAbstraction_ex7_6_secure.key 
137669     INFO  main            d.u.i.k.p.i.AbstractProblemLoader Loading environment from /home/runner/work/key/key/key.core/../key.ui/examples/heap/information_flow/UpdateAbstraction_ex7_6_secure.key 
137669     DEBUG main            d.u.i.k.p.i.AbstractProblemLoader Environment load took 110.91ns 
137670     INFO  main            d.u.i.k.p.i.AbstractProblemLoader Creating init config 
140873     DEBUG main            d.u.i.k.p.i.AbstractProblemLoader Init config took 3.2s 
140915     INFO  main            d.u.i.k.p.i.AbstractProblemLoader Replaying proof UpdateAbstraction[UpdateAbstraction::ex7_6_secure()].JML operation contract.0 
140916     DEBUG main            d.u.i.k.p.i.IntermediateProofReplayer Proof replay took 6.6ns 
141218     INFO  main            d.u.i.k.p.r.p.TestFile    ... finished proof: closed. 
141561     INFO  main            d.u.i.k.p.i.AbstractProblemLoader Loading environment from /home/runner/work/key/key/key.core/../key.ui/examples/heap/information_flow/UpdateAbstraction_ex7_6_secure.key.proof 
141561     DEBUG main            d.u.i.k.p.i.AbstractProblemLoader Environment load took 137.11ns 
141563     INFO  main            d.u.i.k.p.i.AbstractProblemLoader Creating init config 
144720     DEBUG main            d.u.i.k.p.i.AbstractProblemLoader Init config took 3.16s 
144768     INFO  main            d.u.i.k.p.i.AbstractProblemLoader Replaying proof UpdateAbstraction[UpdateAbstraction::ex7_6_secure()].JML operation contract.0 
144843     DEBUG main            d.u.i.k.p.i.IntermediateProofReplayer Proof replay took 72.73ms 
144844     DEBUG main            d.u.i.k.p.r.p.TestFile    ... success: reloaded. 
144845     INFO  main            d.u.i.k.p.r.p.TestFile    Now processing file /home/runner/work/key/key/key.core/../key.ui/examples/heap/information_flow/UpdateAbstraction_ex9_secure.key 
144845     INFO  main            d.u.i.k.p.i.AbstractProblemLoader Loading environment from /home/runner/work/key/key/key.core/../key.ui/examples/heap/information_flow/UpdateAbstraction_ex9_secure.key 
144845     DEBUG main            d.u.i.k.p.i.AbstractProblemLoader Environment load took 102.11ns 
144846     INFO  main            d.u.i.k.p.i.AbstractProblemLoader Creating init config 
147993     DEBUG main            d.u.i.k.p.i.AbstractProblemLoader Init config took 3.15s 
148032     INFO  main            d.u.i.k.p.i.AbstractProblemLoader Replaying proof UpdateAbstraction[UpdateAbstraction::ex9_secure()].JML operation contract.0 
148034     DEBUG main            d.u.i.k.p.i.IntermediateProofReplayer Proof replay took 6.4ns 
149044     INFO  main            d.u.i.k.p.r.p.TestFile    ... finished proof: closed. 
149408     INFO  main            d.u.i.k.p.i.AbstractProblemLoader Loading environment from /home/runner/work/key/key/key.core/../key.ui/examples/heap/information_flow/UpdateAbstraction_ex9_secure.key.proof 
149408     DEBUG main            d.u.i.k.p.i.AbstractProblemLoader Environment load took 585.74ns 
149410     INFO  main            d.u.i.k.p.i.AbstractProblemLoader Creating init config 
152509     DEBUG main            d.u.i.k.p.i.AbstractProblemLoader Init config took 3.1s 
152549     INFO  main            d.u.i.k.p.i.AbstractProblemLoader Replaying proof UpdateAbstraction[UpdateAbstraction::ex9_secure()].JML operation contract.0 
152760     DEBUG main            d.u.i.k.p.i.IntermediateProofReplayer Proof replay took 206.65ms 
152761     DEBUG main            d.u.i.k.p.r.p.TestFile    ... success: reloaded. 
964138     INFO  Test worker     d.u.i.k.p.r.RunAllProofsTestUnit Returning from test javaCard 
964139     INFO  Test worker     d.u.i.k.p.r.RunAllProofsTestUnit Running test list 
453        INFO  Timeout watchdog d.u.i.k.p.r.p.ForkedTestFileRunner Timeout watcher launched (2000 secs.) 
476        WARN  main            d.u.i.k.s.ProofSettings   The settings in /home/runner/.key/proof-settings.props are *not* read. 
534        INFO  main            d.u.i.k.p.r.p.TestFile    Now processing file /home/runner/work/key/key/key.core/../key.ui/examples/heap/list/ArrayList_add.key 
672        INFO  main            d.u.i.k.p.i.AbstractProblemLoader Loading environment from /home/runner/work/key/key/key.core/../key.ui/examples/heap/list/ArrayList_add.key 
691        DEBUG main            d.u.i.k.p.i.AbstractProblemLoader Environment load took 2.4ms 
943        INFO  main            d.u.i.k.p.i.AbstractProblemLoader Creating init config 
1976       DEBUG main            d.u.i.k.j.TypeConverter   No LDT found for Meta 
1979       DEBUG main            d.u.i.k.j.TypeConverter   No LDT found for Meta 
1980       DEBUG main            d.u.i.k.j.TypeConverter   No LDT found for Meta 
1981       DEBUG main            d.u.i.k.j.TypeConverter   No LDT found for Meta 
3485       DEBUG main            d.u.i.k.j.TypeConverter   No LDT found for JavaBigintExpression 
7191       DEBUG main            d.u.i.k.j.r.ClassPreparationMethodBuilder clPrepBuilder: Inner Class detected. Reject building class initialisation methods. 
10463      DEBUG main            d.u.i.k.p.i.AbstractProblemLoader Init config took 9.52s 
10623      INFO  main            d.u.i.k.p.i.AbstractProblemLoader Replaying proof ArrayList[List::add(java.lang.Object)].JML normal_behavior operation contract.0 
10708      DEBUG main            d.u.i.k.p.i.IntermediateProofReplayer Proof replay took 41ns 
17271      INFO  main            d.u.i.k.p.r.p.TestFile    ... finished proof: closed. 
17505      INFO  main            d.u.i.k.p.i.AbstractProblemLoader Loading environment from /home/runner/work/key/key/key.core/../key.ui/examples/heap/list/ArrayList_add.key.proof 
17505      DEBUG main            d.u.i.k.p.i.AbstractProblemLoader Environment load took 247.62ns 
17508      INFO  main            d.u.i.k.p.i.AbstractProblemLoader Creating init config 
18930      DEBUG main            d.u.i.k.j.r.ClassPreparationMethodBuilder clPrepBuilder: Inner Class detected. Reject building class initialisation methods. 
21638      DEBUG main            d.u.i.k.p.i.AbstractProblemLoader Init config took 4.13s 
21719      INFO  main            d.u.i.k.p.i.AbstractProblemLoader Replaying proof ArrayList[List::add(java.lang.Object)].JML normal_behavior operation contract.0 
22933      DEBUG main            d.u.i.k.p.i.IntermediateProofReplayer Proof replay took 1.19s 
22943      DEBUG main            d.u.i.k.p.r.p.TestFile    ... success: reloaded. 
22948      INFO  main            d.u.i.k.p.r.p.TestFile    Now processing file /home/runner/work/key/key/key.core/../key.ui/examples/heap/list/ArrayList_ArrayList.key 
22948      INFO  main            d.u.i.k.p.i.AbstractProblemLoader Loading environment from /home/runner/work/key/key/key.core/../key.ui/examples/heap/list/ArrayList_ArrayList.key 
22948      DEBUG main            d.u.i.k.p.i.AbstractProblemLoader Environment load took 89ns 
22950      INFO  main            d.u.i.k.p.i.AbstractProblemLoader Creating init config 
24328      DEBUG main            d.u.i.k.j.r.ClassPreparationMethodBuilder clPrepBuilder: Inner Class detected. Reject building class initialisation methods. 
26970      DEBUG main            d.u.i.k.p.i.AbstractProblemLoader Init config took 4.02s 
27044      INFO  main            d.u.i.k.p.i.AbstractProblemLoader Replaying proof ArrayList[ArrayList::ArrayList()].JML normal_behavior operation contract.0 
27047      DEBUG main            d.u.i.k.p.i.IntermediateProofReplayer Proof replay took 16.8ns 
28756      INFO  main            d.u.i.k.p.r.p.TestFile    ... finished proof: closed. 
29027      INFO  main            d.u.i.k.p.i.AbstractProblemLoader Loading environment from /home/runner/work/key/key/key.core/../key.ui/examples/heap/list/ArrayList_ArrayList.key.proof 
29027      DEBUG main            d.u.i.k.p.i.AbstractProblemLoader Environment load took 544.83ns 
29029      INFO  main            d.u.i.k.p.i.AbstractProblemLoader Creating init config 
30306      DEBUG main            d.u.i.k.j.r.ClassPreparationMethodBuilder clPrepBuilder: Inner Class detected. Reject building class initialisation methods. 
32881      DEBUG main            d.u.i.k.p.i.AbstractProblemLoader Init config took 3.85s 
32952      INFO  main            d.u.i.k.p.i.AbstractProblemLoader Replaying proof ArrayList[ArrayList::ArrayList()].JML normal_behavior operation contract.0 
33249      DEBUG main            d.u.i.k.p.i.IntermediateProofReplayer Proof replay took 287.5ms 
33251      DEBUG main            d.u.i.k.p.r.p.TestFile    ... success: reloaded. 
33253      INFO  main            d.u.i.k.p.r.p.TestFile    Now processing file /home/runner/work/key/key/key.core/../key.ui/examples/heap/list/ArrayList_concatenate.key 
33253      INFO  main            d.u.i.k.p.i.AbstractProblemLoader Loading environment from /home/runner/work/key/key/key.core/../key.ui/examples/heap/list/ArrayList_concatenate.key 
33254      DEBUG main            d.u.i.k.p.i.AbstractProblemLoader Environment load took 266.62ns 
33255      INFO  main            d.u.i.k.p.i.AbstractProblemLoader Creating init config 
34496      DEBUG main            d.u.i.k.j.r.ClassPreparationMethodBuilder clPrepBuilder: Inner Class detected. Reject building class initialisation methods. 
37085      DEBUG main            d.u.i.k.p.i.AbstractProblemLoader Init config took 3.83s 
37152      INFO  main            d.u.i.k.p.i.AbstractProblemLoader Replaying proof ArrayList[List::concatenate(List)].JML normal_behavior operation contract.0 
37154      DEBUG main            d.u.i.k.p.i.IntermediateProofReplayer Proof replay took 6ns 
65672      INFO  main            d.u.i.k.p.r.p.TestFile    ... finished proof: open goal(s) 
65937      INFO  main            d.u.i.k.p.r.p.TestFile    Now processing file /home/runner/work/key/key/key.core/../key.ui/examples/heap/list/ArrayList_contains_dep.key 
65938      INFO  main            d.u.i.k.p.i.AbstractProblemLoader Loading environment from /home/runner/work/key/key/key.core/../key.ui/examples/heap/list/ArrayList_contains_dep.key 
65939      DEBUG main            d.u.i.k.p.i.AbstractProblemLoader Environment load took 888.96ns 
65942      INFO  main            d.u.i.k.p.i.AbstractProblemLoader Creating init config 
67154      DEBUG main            d.u.i.k.j.r.ClassPreparationMethodBuilder clPrepBuilder: Inner Class detected. Reject building class initialisation methods. 
69732      DEBUG main            d.u.i.k.p.i.AbstractProblemLoader Init config took 3.79s 
69814      INFO  main            d.u.i.k.p.i.AbstractProblemLoader Replaying proof ArrayList[List::contains(java.lang.Object)].JML accessible clause.0 
69817      DEBUG main            d.u.i.k.p.i.IntermediateProofReplayer Proof replay took 7.5ns 
73156      INFO  main            d.u.i.k.p.r.p.TestFile    ... finished proof: closed. 
73493      INFO  main            d.u.i.k.p.i.AbstractProblemLoader Loading environment from /home/runner/work/key/key/key.core/../key.ui/examples/heap/list/ArrayList_contains_dep.key.proof 
73494      DEBUG main            d.u.i.k.p.i.AbstractProblemLoader Environment load took 566.34ns 
73496      INFO  main            d.u.i.k.p.i.AbstractProblemLoader Creating init config 
74719      DEBUG main            d.u.i.k.j.r.ClassPreparationMethodBuilder clPrepBuilder: Inner Class detected. Reject building class initialisation methods. 
77190      DEBUG main            d.u.i.k.p.i.AbstractProblemLoader Init config took 3.69s 
77254      INFO  main            d.u.i.k.p.i.AbstractProblemLoader Replaying proof ArrayList[List::contains(java.lang.Object)].JML accessible clause.0 
77784      DEBUG main            d.u.i.k.p.i.IntermediateProofReplayer Proof replay took 514.32ms 
77785      DEBUG main            d.u.i.k.p.r.p.TestFile    ... success: reloaded. 
77787      INFO  main            d.u.i.k.p.r.p.TestFile    Now processing file /home/runner/work/key/key/key.core/../key.ui/examples/heap/list/ArrayList_enlarge.key 
77788      INFO  main            d.u.i.k.p.i.AbstractProblemLoader Loading environment from /home/runner/work/key/key/key.core/../key.ui/examples/heap/list/ArrayList_enlarge.key 
77788      DEBUG main            d.u.i.k.p.i.AbstractProblemLoader Environment load took 298.22ns 
77789      INFO  main            d.u.i.k.p.i.AbstractProblemLoader Creating init config 
79107      DEBUG main            d.u.i.k.j.r.ClassPreparationMethodBuilder clPrepBuilder: Inner Class detected. Reject building class initialisation methods. 
81657      DEBUG main            d.u.i.k.p.i.AbstractProblemLoader Init config took 3.87s 
81719      INFO  main            d.u.i.k.p.i.AbstractProblemLoader Replaying proof ArrayList[ArrayList::enlarge()].JML normal_behavior operation contract.0 
81721      DEBUG main            d.u.i.k.p.i.IntermediateProofReplayer Proof replay took 6.8ns 
84536      INFO  main            d.u.i.k.p.r.p.TestFile    ... finished proof: closed. 
84827      INFO  main            d.u.i.k.p.i.AbstractProblemLoader Loading environment from /home/runner/work/key/key/key.core/../key.ui/examples/heap/list/ArrayList_enlarge.key.proof 
84828      DEBUG main            d.u.i.k.p.i.AbstractProblemLoader Environment load took 529.83ns 
84830      INFO  main            d.u.i.k.p.i.AbstractProblemLoader Creating init config 
86036      DEBUG main            d.u.i.k.j.r.ClassPreparationMethodBuilder clPrepBuilder: Inner Class detected. Reject building class initialisation methods. 
88518      DEBUG main            d.u.i.k.p.i.AbstractProblemLoader Init config took 3.69s 
88581      INFO  main            d.u.i.k.p.i.AbstractProblemLoader Replaying proof ArrayList[ArrayList::enlarge()].JML normal_behavior operation contract.0 
89069      DEBUG main            d.u.i.k.p.i.IntermediateProofReplayer Proof replay took 476.52ms 
89071      DEBUG main            d.u.i.k.p.r.p.TestFile    ... success: reloaded. 
89073      INFO  main            d.u.i.k.p.r.p.TestFile    Now processing file /home/runner/work/key/key/key.core/../key.ui/examples/heap/list/ArrayList_footprint.key 
89073      INFO  main            d.u.i.k.p.i.AbstractProblemLoader Loading environment from /home/runner/work/key/key/key.core/../key.ui/examples/heap/list/ArrayList_footprint.key 
89074      DEBUG main            d.u.i.k.p.i.AbstractProblemLoader Environment load took 277.82ns 
89075      INFO  main            d.u.i.k.p.i.AbstractProblemLoader Creating init config 
90355      DEBUG main            d.u.i.k.j.r.ClassPreparationMethodBuilder clPrepBuilder: Inner Class detected. Reject building class initialisation methods. 
92944      DEBUG main            d.u.i.k.p.i.AbstractProblemLoader Init config took 3.87s 
92945      DEBUG main            d.u.i.k.p.r.p.TestFile    Exception de.uka.ilkd.key.proof.io.ProblemLoaderException: Contract not found: List[List::$footprint()].JML accessible clause.0
	at de.uka.ilkd.key.control.AbstractUserInterfaceControl.load(AbstractUserInterfaceControl.java:225)
Caused by: java.lang.RuntimeException: Contract not found: List[List::$footprint()].JML accessible clause.0
	at de.uka.ilkd.key.proof.io.AbstractProblemLoader.createProofObligationContainer(AbstractProblemLoader.java:603)

92948      WARN  main            d.u.i.k.p.r.p.ForkedTestFileRunner Run failed de.uka.ilkd.key.proof.io.ProblemLoaderException: Contract not found: List[List::$footprint()].JML accessible clause.0
	at de.uka.ilkd.key.control.AbstractUserInterfaceControl.load(AbstractUserInterfaceControl.java:225)
Caused by: java.lang.RuntimeException: Contract not found: List[List::$footprint()].JML accessible clause.0
	at de.uka.ilkd.key.proof.io.AbstractProblemLoader.createProofObligationContainer(AbstractProblemLoader.java:603)

92949      INFO  main            d.u.i.k.p.r.p.TestFile    Now processing file /home/runner/work/key/key/key.core/../key.ui/examples/heap/list/ArrayList_get_dep.key 
92949      INFO  main            d.u.i.k.p.i.AbstractProblemLoader Loading environment from /home/runner/work/key/key/key.core/../key.ui/examples/heap/list/ArrayList_get_dep.key 
92949      DEBUG main            d.u.i.k.p.i.AbstractProblemLoader Environment load took 313.12ns 
92951      INFO  main            d.u.i.k.p.i.AbstractProblemLoader Creating init config 
94127      DEBUG main            d.u.i.k.j.r.ClassPreparationMethodBuilder clPrepBuilder: Inner Class detected. Reject building class initialisation methods. 
96559      DEBUG main            d.u.i.k.p.i.AbstractProblemLoader Init config took 3.61s 
96620      INFO  main            d.u.i.k.p.i.AbstractProblemLoader Replaying proof ArrayList[List::get(int)].JML accessible clause.0 
96622      DEBUG main            d.u.i.k.p.i.IntermediateProofReplayer Proof replay took 5.9ns 
97125      INFO  main            d.u.i.k.p.r.p.TestFile    ... finished proof: closed. 
97380      INFO  main            d.u.i.k.p.i.AbstractProblemLoader Loading environment from /home/runner/work/key/key/key.core/../key.ui/examples/heap/list/ArrayList_get_dep.key.proof 
97380      DEBUG main            d.u.i.k.p.i.AbstractProblemLoader Environment load took 521.33ns 
97382      INFO  main            d.u.i.k.p.i.AbstractProblemLoader Creating init config 
98600      DEBUG main            d.u.i.k.j.r.ClassPreparationMethodBuilder clPrepBuilder: Inner Class detected. Reject building class initialisation methods. 
101022     DEBUG main            d.u.i.k.p.i.AbstractProblemLoader Init config took 3.64s 
101081     INFO  main            d.u.i.k.p.i.AbstractProblemLoader Replaying proof ArrayList[List::get(int)].JML accessible clause.0 
101171     DEBUG main            d.u.i.k.p.i.IntermediateProofReplayer Proof replay took 85.18ms 
101172     DEBUG main            d.u.i.k.p.r.p.TestFile    ... success: reloaded. 
101174     INFO  main            d.u.i.k.p.r.p.TestFile    Now processing file /home/runner/work/key/key/key.core/../key.ui/examples/heap/list/ArrayList_get_exceptional.key 
101175     INFO  main            d.u.i.k.p.i.AbstractProblemLoader Loading environment from /home/runner/work/key/key/key.core/../key.ui/examples/heap/list/ArrayList_get_exceptional.key 
101175     DEBUG main            d.u.i.k.p.i.AbstractProblemLoader Environment load took 282.32ns 
101176     INFO  main            d.u.i.k.p.i.AbstractProblemLoader Creating init config 
102353     DEBUG main            d.u.i.k.j.r.ClassPreparationMethodBuilder clPrepBuilder: Inner Class detected. Reject building class initialisation methods. 
104808     DEBUG main            d.u.i.k.p.i.AbstractProblemLoader Init config took 3.63s 
104867     INFO  main            d.u.i.k.p.i.AbstractProblemLoader Replaying proof ArrayList[List::get(int)].JML exceptional_behavior operation contract.0 
104869     DEBUG main            d.u.i.k.p.i.IntermediateProofReplayer Proof replay took 6.1ns 
106276     INFO  main            d.u.i.k.p.r.p.TestFile    ... finished proof: closed. 
106528     INFO  main            d.u.i.k.p.i.AbstractProblemLoader Loading environment from /home/runner/work/key/key/key.core/../key.ui/examples/heap/list/ArrayList_get_exceptional.key.proof 
106528     DEBUG main            d.u.i.k.p.i.AbstractProblemLoader Environment load took 515.13ns 
106530     INFO  main            d.u.i.k.p.i.AbstractProblemLoader Creating init config 
107726     DEBUG main            d.u.i.k.j.r.ClassPreparationMethodBuilder clPrepBuilder: Inner Class detected. Reject building class initialisation methods. 
110132     DEBUG main            d.u.i.k.p.i.AbstractProblemLoader Init config took 3.6s 
110191     INFO  main            d.u.i.k.p.i.AbstractProblemLoader Replaying proof ArrayList[List::get(int)].JML exceptional_behavior operation contract.0 
110440     DEBUG main            d.u.i.k.p.i.IntermediateProofReplayer Proof replay took 239.62ms 
110441     DEBUG main            d.u.i.k.p.r.p.TestFile    ... success: reloaded. 
110443     INFO  main            d.u.i.k.p.r.p.TestFile    Now processing file /home/runner/work/key/key/key.core/../key.ui/examples/heap/list/ArrayList_get_normal.key 
110444     INFO  main            d.u.i.k.p.i.AbstractProblemLoader Loading environment from /home/runner/work/key/key/key.core/../key.ui/examples/heap/list/ArrayList_get_normal.key 
110444     DEBUG main            d.u.i.k.p.i.AbstractProblemLoader Environment load took 281.02ns 
110445     INFO  main            d.u.i.k.p.i.AbstractProblemLoader Creating init config 
111690     DEBUG main            d.u.i.k.j.r.ClassPreparationMethodBuilder clPrepBuilder: Inner Class detected. Reject building class initialisation methods. 
114214     DEBUG main            d.u.i.k.p.i.AbstractProblemLoader Init config took 3.77s 
114276     INFO  main            d.u.i.k.p.i.AbstractProblemLoader Replaying proof ArrayList[List::get(int)].JML normal_behavior operation contract.0 
114278     DEBUG main            d.u.i.k.p.i.IntermediateProofReplayer Proof replay took 6.1ns 
114782     INFO  main            d.u.i.k.p.r.p.TestFile    ... finished proof: closed. 
115000     INFO  main            d.u.i.k.p.i.AbstractProblemLoader Loading environment from /home/runner/work/key/key/key.core/../key.ui/examples/heap/list/ArrayList_get_normal.key.proof 
115001     DEBUG main            d.u.i.k.p.i.AbstractProblemLoader Environment load took 331.32ns 
115002     INFO  main            d.u.i.k.p.i.AbstractProblemLoader Creating init config 
116171     DEBUG main            d.u.i.k.j.r.ClassPreparationMethodBuilder clPrepBuilder: Inner Class detected. Reject building class initialisation methods. 
118627     DEBUG main            d.u.i.k.p.i.AbstractProblemLoader Init config took 3.62s 
118694     INFO  main            d.u.i.k.p.i.AbstractProblemLoader Replaying proof ArrayList[List::get(int)].JML normal_behavior operation contract.0 
118791     DEBUG main            d.u.i.k.p.i.IntermediateProofReplayer Proof replay took 88.19ms 
118793     DEBUG main            d.u.i.k.p.r.p.TestFile    ... success: reloaded. 
118795     INFO  main            d.u.i.k.p.r.p.TestFile    Now processing file /home/runner/work/key/key/key.core/../key.ui/examples/heap/list/ArrayList_inv.key 
118795     INFO  main            d.u.i.k.p.i.AbstractProblemLoader Loading environment from /home/runner/work/key/key/key.core/../key.ui/examples/heap/list/ArrayList_inv.key 
118795     DEBUG main            d.u.i.k.p.i.AbstractProblemLoader Environment load took 257.52ns 
118796     INFO  main            d.u.i.k.p.i.AbstractProblemLoader Creating init config 
120025     DEBUG main            d.u.i.k.j.r.ClassPreparationMethodBuilder clPrepBuilder: Inner Class detected. Reject building class initialisation methods. 
122513     DEBUG main            d.u.i.k.p.i.AbstractProblemLoader Init config took 3.72s 
122566     INFO  main            d.u.i.k.p.i.AbstractProblemLoader Replaying proof ArrayList[java.lang.Object::<inv>()].JML accessible clause.0 
122567     DEBUG main            d.u.i.k.p.i.IntermediateProofReplayer Proof replay took 5.4ns 
122973     INFO  main            d.u.i.k.p.r.p.TestFile    ... finished proof: closed. 
123191     INFO  main            d.u.i.k.p.i.AbstractProblemLoader Loading environment from /home/runner/work/key/key/key.core/../key.ui/examples/heap/list/ArrayList_inv.key.proof 
123191     DEBUG main            d.u.i.k.p.i.AbstractProblemLoader Environment load took 137.21ns 
123192     INFO  main            d.u.i.k.p.i.AbstractProblemLoader Creating init config 
124352     DEBUG main            d.u.i.k.j.r.ClassPreparationMethodBuilder clPrepBuilder: Inner Class detected. Reject building class initialisation methods. 
126798     DEBUG main            d.u.i.k.p.i.AbstractProblemLoader Init config took 3.61s 
126851     INFO  main            d.u.i.k.p.i.AbstractProblemLoader Replaying proof ArrayList[java.lang.Object::<inv>()].JML accessible clause.0 
126905     DEBUG main            d.u.i.k.p.i.IntermediateProofReplayer Proof replay took 50.11ms 
126906     DEBUG main            d.u.i.k.p.r.p.TestFile    ... success: reloaded. 
126907     INFO  main            d.u.i.k.p.r.p.TestFile    Now processing file /home/runner/work/key/key/key.core/../key.ui/examples/heap/list/ArrayList_iterator.key 
126907     INFO  main            d.u.i.k.p.i.AbstractProblemLoader Loading environment from /home/runner/work/key/key/key.core/../key.ui/examples/heap/list/ArrayList_iterator.key 
126907     DEBUG main            d.u.i.k.p.i.AbstractProblemLoader Environment load took 118.41ns 
126908     INFO  main            d.u.i.k.p.i.AbstractProblemLoader Creating init config 
128094     DEBUG main            d.u.i.k.j.r.ClassPreparationMethodBuilder clPrepBuilder: Inner Class detected. Reject building class initialisation methods. 
130559     DEBUG main            d.u.i.k.p.i.AbstractProblemLoader Init config took 3.65s 
130614     INFO  main            d.u.i.k.p.i.AbstractProblemLoader Replaying proof ArrayList[List::iterator()].JML normal_behavior operation contract.0 
130616     DEBUG main            d.u.i.k.p.i.IntermediateProofReplayer Proof replay took 6.2ns 
131221     INFO  main            d.u.i.k.p.r.p.TestFile    ... finished proof: closed. 
131489     INFO  main            d.u.i.k.p.i.AbstractProblemLoader Loading environment from /home/runner/work/key/key/key.core/../key.ui/examples/heap/list/ArrayList_iterator.key.proof 
131489     DEBUG main            d.u.i.k.p.i.AbstractProblemLoader Environment load took 133.61ns 
131491     INFO  main            d.u.i.k.p.i.AbstractProblemLoader Creating init config 
132647     DEBUG main            d.u.i.k.j.r.ClassPreparationMethodBuilder clPrepBuilder: Inner Class detected. Reject building class initialisation methods. 
135090     DEBUG main            d.u.i.k.p.i.AbstractProblemLoader Init config took 3.6s 
135144     INFO  main            d.u.i.k.p.i.AbstractProblemLoader Replaying proof ArrayList[List::iterator()].JML normal_behavior operation contract.0 
135239     DEBUG main            d.u.i.k.p.i.IntermediateProofReplayer Proof replay took 90.58ms 
135240     DEBUG main            d.u.i.k.p.r.p.TestFile    ... success: reloaded. 
135242     INFO  main            d.u.i.k.p.r.p.TestFile    Now processing file /home/runner/work/key/key/key.core/../key.ui/examples/heap/list/ArrayList_size_dep.key 
135242     INFO  main            d.u.i.k.p.i.AbstractProblemLoader Loading environment from /home/runner/work/key/key/key.core/../key.ui/examples/heap/list/ArrayList_size_dep.key 
135243     DEBUG main            d.u.i.k.p.i.AbstractProblemLoader Environment load took 306.82ns 
135244     INFO  main            d.u.i.k.p.i.AbstractProblemLoader Creating init config 
136417     DEBUG main            d.u.i.k.j.r.ClassPreparationMethodBuilder clPrepBuilder: Inner Class detected. Reject building class initialisation methods. 
138836     DEBUG main            d.u.i.k.p.i.AbstractProblemLoader Init config took 3.59s 
138913     INFO  main            d.u.i.k.p.i.AbstractProblemLoader Replaying proof ArrayList[List::size()].JML accessible clause.0 
138915     DEBUG main            d.u.i.k.p.i.IntermediateProofReplayer Proof replay took 6.4ns 
139120     INFO  main            d.u.i.k.p.r.p.TestFile    ... finished proof: closed. 
139402     INFO  main            d.u.i.k.p.i.AbstractProblemLoader Loading environment from /home/runner/work/key/key/key.core/../key.ui/examples/heap/list/ArrayList_size_dep.key.proof 
139402     DEBUG main            d.u.i.k.p.i.AbstractProblemLoader Environment load took 135.51ns 
139403     INFO  main            d.u.i.k.p.i.AbstractProblemLoader Creating init config 
140575     DEBUG main            d.u.i.k.j.r.ClassPreparationMethodBuilder clPrepBuilder: Inner Class detected. Reject building class initialisation methods. 
142990     DEBUG main            d.u.i.k.p.i.AbstractProblemLoader Init config took 3.59s 
143059     INFO  main            d.u.i.k.p.i.AbstractProblemLoader Replaying proof ArrayList[List::size()].JML accessible clause.0 
143088     DEBUG main            d.u.i.k.p.i.IntermediateProofReplayer Proof replay took 25.68ms 
143089     DEBUG main            d.u.i.k.p.r.p.TestFile    ... success: reloaded. 
143092     INFO  main            d.u.i.k.p.r.p.TestFile    Now processing file /home/runner/work/key/key/key.core/../key.ui/examples/heap/list/ArrayList_size.key 
143092     INFO  main            d.u.i.k.p.i.AbstractProblemLoader Loading environment from /home/runner/work/key/key/key.core/../key.ui/examples/heap/list/ArrayList_size.key 
143093     DEBUG main            d.u.i.k.p.i.AbstractProblemLoader Environment load took 277.32ns 
143094     INFO  main            d.u.i.k.p.i.AbstractProblemLoader Creating init config 
144304     DEBUG main            d.u.i.k.j.r.ClassPreparationMethodBuilder clPrepBuilder: Inner Class detected. Reject building class initialisation methods. 
146813     DEBUG main            d.u.i.k.p.i.AbstractProblemLoader Init config took 3.72s 
146867     INFO  main            d.u.i.k.p.i.AbstractProblemLoader Replaying proof ArrayList[List::size()].JML normal_behavior operation contract.0 
146870     DEBUG main            d.u.i.k.p.i.IntermediateProofReplayer Proof replay took 6.6ns 
147173     INFO  main            d.u.i.k.p.r.p.TestFile    ... finished proof: closed. 
147438     INFO  main            d.u.i.k.p.i.AbstractProblemLoader Loading environment from /home/runner/work/key/key/key.core/../key.ui/examples/heap/list/ArrayList_size.key.proof 
147438     DEBUG main            d.u.i.k.p.i.AbstractProblemLoader Environment load took 153.21ns 
147440     INFO  main            d.u.i.k.p.i.AbstractProblemLoader Creating init config 
148617     DEBUG main            d.u.i.k.j.r.ClassPreparationMethodBuilder clPrepBuilder: Inner Class detected. Reject building class initialisation methods. 
151047     DEBUG main            d.u.i.k.p.i.AbstractProblemLoader Init config took 3.61s 
151101     INFO  main            d.u.i.k.p.i.AbstractProblemLoader Replaying proof ArrayList[List::size()].JML normal_behavior operation contract.0 
151144     DEBUG main            d.u.i.k.p.i.IntermediateProofReplayer Proof replay took 39.85ms 
151145     DEBUG main            d.u.i.k.p.r.p.TestFile    ... success: reloaded. 
151147     INFO  main            d.u.i.k.p.r.p.TestFile    Now processing file /home/runner/work/key/key/key.core/../key.ui/examples/heap/list/ArrayList.ArrayListIterator_ArrayListIterator.key 
151147     INFO  main            d.u.i.k.p.i.AbstractProblemLoader Loading environment from /home/runner/work/key/key/key.core/../key.ui/examples/heap/list/ArrayList.ArrayListIterator_ArrayListIterator.key 
151147     DEBUG main            d.u.i.k.p.i.AbstractProblemLoader Environment load took 259.12ns 
151148     INFO  main            d.u.i.k.p.i.AbstractProblemLoader Creating init config 
152335     DEBUG main            d.u.i.k.j.r.ClassPreparationMethodBuilder clPrepBuilder: Inner Class detected. Reject building class initialisation methods. 
154727     DEBUG main            d.u.i.k.p.i.AbstractProblemLoader Init config took 3.58s 
154793     INFO  main            d.u.i.k.p.i.AbstractProblemLoader Replaying proof ArrayList.ArrayListIterator[ArrayList.ArrayListIterator::ArrayListIterator(ArrayList)].JML normal_behavior operation contract.0 
154795     DEBUG main            d.u.i.k.p.i.IntermediateProofReplayer Proof replay took 6ns 
155599     INFO  main            d.u.i.k.p.r.p.TestFile    ... finished proof: closed. 
155851     INFO  main            d.u.i.k.p.i.AbstractProblemLoader Loading environment from /home/runner/work/key/key/key.core/../key.ui/examples/heap/list/ArrayList.ArrayListIterator_ArrayListIterator.key.proof 
155852     DEBUG main            d.u.i.k.p.i.AbstractProblemLoader Environment load took 536.53ns 
155853     INFO  main            d.u.i.k.p.i.AbstractProblemLoader Creating init config 
157003     DEBUG main            d.u.i.k.j.r.ClassPreparationMethodBuilder clPrepBuilder: Inner Class detected. Reject building class initialisation methods. 
159375     DEBUG main            d.u.i.k.p.i.AbstractProblemLoader Init config took 3.52s 
159437     INFO  main            d.u.i.k.p.i.AbstractProblemLoader Replaying proof ArrayList.ArrayListIterator[ArrayList.ArrayListIterator::ArrayListIterator(ArrayList)].JML normal_behavior operation contract.0 
159562     DEBUG main            d.u.i.k.p.i.IntermediateProofReplayer Proof replay took 119.5ms 
159564     DEBUG main            d.u.i.k.p.r.p.TestFile    ... success: reloaded. 
159565     INFO  main            d.u.i.k.p.r.p.TestFile    Now processing file /home/runner/work/key/key/key.core/../key.ui/examples/heap/list/ArrayList.ArrayListIterator_hasNext_dep.key 
159565     INFO  main            d.u.i.k.p.i.AbstractProblemLoader Loading environment from /home/runner/work/key/key/key.core/../key.ui/examples/heap/list/ArrayList.ArrayListIterator_hasNext_dep.key 
159566     DEBUG main            d.u.i.k.p.i.AbstractProblemLoader Environment load took 296.12ns 
159567     INFO  main            d.u.i.k.p.i.AbstractProblemLoader Creating init config 
160764     DEBUG main            d.u.i.k.j.r.ClassPreparationMethodBuilder clPrepBuilder: Inner Class detected. Reject building class initialisation methods. 
163257     DEBUG main            d.u.i.k.p.i.AbstractProblemLoader Init config took 3.69s 
163319     INFO  main            d.u.i.k.p.i.AbstractProblemLoader Replaying proof ArrayList.ArrayListIterator[ListIterator::hasNext()].JML accessible clause.0 
163321     DEBUG main            d.u.i.k.p.i.IntermediateProofReplayer Proof replay took 6.2ns 
163723     INFO  main            d.u.i.k.p.r.p.TestFile    ... finished proof: closed. 
164006     INFO  main            d.u.i.k.p.i.AbstractProblemLoader Loading environment from /home/runner/work/key/key/key.core/../key.ui/examples/heap/list/ArrayList.ArrayListIterator_hasNext_dep.key.proof 
164006     DEBUG main            d.u.i.k.p.i.AbstractProblemLoader Environment load took 130.11ns 
164008     INFO  main            d.u.i.k.p.i.AbstractProblemLoader Creating init config 
165146     DEBUG main            d.u.i.k.j.r.ClassPreparationMethodBuilder clPrepBuilder: Inner Class detected. Reject building class initialisation methods. 
167515     DEBUG main            d.u.i.k.p.i.AbstractProblemLoader Init config took 3.51s 
167574     INFO  main            d.u.i.k.p.i.AbstractProblemLoader Replaying proof ArrayList.ArrayListIterator[ListIterator::hasNext()].JML accessible clause.0 
167636     DEBUG main            d.u.i.k.p.i.IntermediateProofReplayer Proof replay took 59.21ms 
167637     DEBUG main            d.u.i.k.p.r.p.TestFile    ... success: reloaded. 
167639     INFO  main            d.u.i.k.p.r.p.TestFile    Now processing file /home/runner/work/key/key/key.core/../key.ui/examples/heap/list/ArrayList.ArrayListIterator_hasNext.key 
167639     INFO  main            d.u.i.k.p.i.AbstractProblemLoader Loading environment from /home/runner/work/key/key/key.core/../key.ui/examples/heap/list/ArrayList.ArrayListIterator_hasNext.key 
167640     DEBUG main            d.u.i.k.p.i.AbstractProblemLoader Environment load took 247.62ns 
167641     INFO  main            d.u.i.k.p.i.AbstractProblemLoader Creating init config 
168857     DEBUG main            d.u.i.k.j.r.ClassPreparationMethodBuilder clPrepBuilder: Inner Class detected. Reject building class initialisation methods. 
171227     DEBUG main            d.u.i.k.p.i.AbstractProblemLoader Init config took 3.59s 
171312     INFO  main            d.u.i.k.p.i.AbstractProblemLoader Replaying proof ArrayList.ArrayListIterator[ListIterator::hasNext()].JML normal_behavior operation contract.0 
171314     DEBUG main            d.u.i.k.p.i.IntermediateProofReplayer Proof replay took 6.1ns 
171716     INFO  main            d.u.i.k.p.r.p.TestFile    ... finished proof: closed. 
172008     INFO  main            d.u.i.k.p.i.AbstractProblemLoader Loading environment from /home/runner/work/key/key/key.core/../key.ui/examples/heap/list/ArrayList.ArrayListIterator_hasNext.key.proof 
172009     DEBUG main            d.u.i.k.p.i.AbstractProblemLoader Environment load took 152.11ns 
172010     INFO  main            d.u.i.k.p.i.AbstractProblemLoader Creating init config 
173159     DEBUG main            d.u.i.k.j.r.ClassPreparationMethodBuilder clPrepBuilder: Inner Class detected. Reject building class initialisation methods. 
175531     DEBUG main            d.u.i.k.p.i.AbstractProblemLoader Init config took 3.52s 
175590     INFO  main            d.u.i.k.p.i.AbstractProblemLoader Replaying proof ArrayList.ArrayListIterator[ListIterator::hasNext()].JML normal_behavior operation contract.0 
175654     DEBUG main            d.u.i.k.p.i.IntermediateProofReplayer Proof replay took 60.69ms 
175655     DEBUG main            d.u.i.k.p.r.p.TestFile    ... success: reloaded. 
175656     INFO  main            d.u.i.k.p.r.p.TestFile    Now processing file /home/runner/work/key/key/key.core/../key.ui/examples/heap/list/ArrayList.ArrayListIterator_inv.key 
175657     INFO  main            d.u.i.k.p.i.AbstractProblemLoader Loading environment from /home/runner/work/key/key/key.core/../key.ui/examples/heap/list/ArrayList.ArrayListIterator_inv.key 
175657     DEBUG main            d.u.i.k.p.i.AbstractProblemLoader Environment load took 92.01ns 
175658     INFO  main            d.u.i.k.p.i.AbstractProblemLoader Creating init config 
176843     DEBUG main            d.u.i.k.j.r.ClassPreparationMethodBuilder clPrepBuilder: Inner Class detected. Reject building class initialisation methods. 
179304     DEBUG main            d.u.i.k.p.i.AbstractProblemLoader Init config took 3.65s 
179365     INFO  main            d.u.i.k.p.i.AbstractProblemLoader Replaying proof ArrayList.ArrayListIterator[java.lang.Object::<inv>()].JML accessible clause.0 
179366     DEBUG main            d.u.i.k.p.i.IntermediateProofReplayer Proof replay took 6.7ns 
180371     INFO  main            d.u.i.k.p.r.p.TestFile    ... finished proof: closed. 
180658     INFO  main            d.u.i.k.p.i.AbstractProblemLoader Loading environment from /home/runner/work/key/key/key.core/../key.ui/examples/heap/list/ArrayList.ArrayListIterator_inv.key.proof 
180659     DEBUG main            d.u.i.k.p.i.AbstractProblemLoader Environment load took 588.24ns 
180660     INFO  main            d.u.i.k.p.i.AbstractProblemLoader Creating init config 
181835     DEBUG main            d.u.i.k.j.r.ClassPreparationMethodBuilder clPrepBuilder: Inner Class detected. Reject building class initialisation methods. 
184241     DEBUG main            d.u.i.k.p.i.AbstractProblemLoader Init config took 3.58s 
184305     INFO  main            d.u.i.k.p.i.AbstractProblemLoader Replaying proof ArrayList.ArrayListIterator[java.lang.Object::<inv>()].JML accessible clause.0 
184410     DEBUG main            d.u.i.k.p.i.IntermediateProofReplayer Proof replay took 100.49ms 
184412     DEBUG main            d.u.i.k.p.r.p.TestFile    ... success: reloaded. 
184413     INFO  main            d.u.i.k.p.r.p.TestFile    Now processing file /home/runner/work/key/key/key.core/../key.ui/examples/heap/list/ArrayList.ArrayListIterator_list.key 
184413     INFO  main            d.u.i.k.p.i.AbstractProblemLoader Loading environment from /home/runner/work/key/key/key.core/../key.ui/examples/heap/list/ArrayList.ArrayListIterator_list.key 
184413     DEBUG main            d.u.i.k.p.i.AbstractProblemLoader Environment load took 67ns 
184414     INFO  main            d.u.i.k.p.i.AbstractProblemLoader Creating init config 
185589     DEBUG main            d.u.i.k.j.r.ClassPreparationMethodBuilder clPrepBuilder: Inner Class detected. Reject building class initialisation methods. 
188071     DEBUG main            d.u.i.k.p.i.AbstractProblemLoader Init config took 3.66s 
188072     DEBUG main            d.u.i.k.p.r.p.TestFile    Exception de.uka.ilkd.key.proof.io.ProblemLoaderException: Contract not found: ListIterator[ListIterator::$list()].JML accessible clause.0
	at de.uka.ilkd.key.control.AbstractUserInterfaceControl.load(AbstractUserInterfaceControl.java:225)
Caused by: java.lang.RuntimeException: Contract not found: ListIterator[ListIterator::$list()].JML accessible clause.0
	at de.uka.ilkd.key.proof.io.AbstractProblemLoader.createProofObligationContainer(AbstractProblemLoader.java:603)

188072     WARN  main            d.u.i.k.p.r.p.ForkedTestFileRunner Run failed de.uka.ilkd.key.proof.io.ProblemLoaderException: Contract not found: ListIterator[ListIterator::$list()].JML accessible clause.0
	at de.uka.ilkd.key.control.AbstractUserInterfaceControl.load(AbstractUserInterfaceControl.java:225)
Caused by: java.lang.RuntimeException: Contract not found: ListIterator[ListIterator::$list()].JML accessible clause.0
	at de.uka.ilkd.key.proof.io.AbstractProblemLoader.createProofObligationContainer(AbstractProblemLoader.java:603)

188073     INFO  main            d.u.i.k.p.r.p.TestFile    Now processing file /home/runner/work/key/key/key.core/../key.ui/examples/heap/list/ArrayList.ArrayListIterator_next_exceptional.key 
188073     INFO  main            d.u.i.k.p.i.AbstractProblemLoader Loading environment from /home/runner/work/key/key/key.core/../key.ui/examples/heap/list/ArrayList.ArrayListIterator_next_exceptional.key 
188074     DEBUG main            d.u.i.k.p.i.AbstractProblemLoader Environment load took 242.22ns 
188075     INFO  main            d.u.i.k.p.i.AbstractProblemLoader Creating init config 
189255     DEBUG main            d.u.i.k.j.r.ClassPreparationMethodBuilder clPrepBuilder: Inner Class detected. Reject building class initialisation methods. 
191694     DEBUG main            d.u.i.k.p.i.AbstractProblemLoader Init config took 3.62s 
191753     INFO  main            d.u.i.k.p.i.AbstractProblemLoader Replaying proof ArrayList.ArrayListIterator[ListIterator::next()].JML exceptional_behavior operation contract.0 
191755     DEBUG main            d.u.i.k.p.i.IntermediateProofReplayer Proof replay took 5.9ns 
192761     INFO  main            d.u.i.k.p.r.p.TestFile    ... finished proof: closed. 
193094     INFO  main            d.u.i.k.p.i.AbstractProblemLoader Loading environment from /home/runner/work/key/key/key.core/../key.ui/examples/heap/list/ArrayList.ArrayListIterator_next_exceptional.key.proof 
193095     DEBUG main            d.u.i.k.p.i.AbstractProblemLoader Environment load took 698.04ns 
193096     INFO  main            d.u.i.k.p.i.AbstractProblemLoader Creating init config 
194259     DEBUG main            d.u.i.k.j.r.ClassPreparationMethodBuilder clPrepBuilder: Inner Class detected. Reject building class initialisation methods. 
196677     DEBUG main            d.u.i.k.p.i.AbstractProblemLoader Init config took 3.58s 
196737     INFO  main            d.u.i.k.p.i.AbstractProblemLoader Replaying proof ArrayList.ArrayListIterator[ListIterator::next()].JML exceptional_behavior operation contract.0 
196909     DEBUG main            d.u.i.k.p.i.IntermediateProofReplayer Proof replay took 166.83ms 
196910     DEBUG main            d.u.i.k.p.r.p.TestFile    ... success: reloaded. 
196911     INFO  main            d.u.i.k.p.r.p.TestFile    Now processing file /home/runner/work/key/key/key.core/../key.ui/examples/heap/list/ArrayList.ArrayListIterator_next_normal.key 
196912     INFO  main            d.u.i.k.p.i.AbstractProblemLoader Loading environment from /home/runner/work/key/key/key.core/../key.ui/examples/heap/list/ArrayList.ArrayListIterator_next_normal.key 
196912     DEBUG main            d.u.i.k.p.i.AbstractProblemLoader Environment load took 103.91ns 
196913     INFO  main            d.u.i.k.p.i.AbstractProblemLoader Creating init config 
198136     DEBUG main            d.u.i.k.j.r.ClassPreparationMethodBuilder clPrepBuilder: Inner Class detected. Reject building class initialisation methods. 
200567     DEBUG main            d.u.i.k.p.i.AbstractProblemLoader Init config took 3.65s 
200652     INFO  main            d.u.i.k.p.i.AbstractProblemLoader Replaying proof ArrayList.ArrayListIterator[ListIterator::next()].JML normal_behavior operation contract.0 
200654     DEBUG main            d.u.i.k.p.i.IntermediateProofReplayer Proof replay took 7.1ns 
201663     INFO  main            d.u.i.k.p.r.p.TestFile    ... finished proof: closed. 
201992     INFO  main            d.u.i.k.p.i.AbstractProblemLoader Loading environment from /home/runner/work/key/key/key.core/../key.ui/examples/heap/list/ArrayList.ArrayListIterator_next_normal.key.proof 
201993     DEBUG main            d.u.i.k.p.i.AbstractProblemLoader Environment load took 513.43ns 
201997     INFO  main            d.u.i.k.p.i.AbstractProblemLoader Creating init config 
203147     DEBUG main            d.u.i.k.j.r.ClassPreparationMethodBuilder clPrepBuilder: Inner Class detected. Reject building class initialisation methods. 
205543     DEBUG main            d.u.i.k.p.i.AbstractProblemLoader Init config took 3.55s 
205603     INFO  main            d.u.i.k.p.i.AbstractProblemLoader Replaying proof ArrayList.ArrayListIterator[ListIterator::next()].JML normal_behavior operation contract.0 
205799     DEBUG main            d.u.i.k.p.i.IntermediateProofReplayer Proof replay took 191.03ms 
205800     DEBUG main            d.u.i.k.p.r.p.TestFile    ... success: reloaded. 
205801     INFO  main            d.u.i.k.p.r.p.TestFile    Now processing file /home/runner/work/key/key/key.core/../key.ui/examples/heap/list/ArrayList.ArrayListIterator_pos.key 
205801     INFO  main            d.u.i.k.p.i.AbstractProblemLoader Loading environment from /home/runner/work/key/key/key.core/../key.ui/examples/heap/list/ArrayList.ArrayListIterator_pos.key 
205801     DEBUG main            d.u.i.k.p.i.AbstractProblemLoader Environment load took 159.11ns 
205802     INFO  main            d.u.i.k.p.i.AbstractProblemLoader Creating init config 
207008     DEBUG main            d.u.i.k.j.r.ClassPreparationMethodBuilder clPrepBuilder: Inner Class detected. Reject building class initialisation methods. 
209431     DEBUG main            d.u.i.k.p.i.AbstractProblemLoader Init config took 3.63s 
209431     DEBUG main            d.u.i.k.p.r.p.TestFile    Exception de.uka.ilkd.key.proof.io.ProblemLoaderException: Contract not found: ListIterator[ListIterator::$pos()].JML accessible clause.0
	at de.uka.ilkd.key.control.AbstractUserInterfaceControl.load(AbstractUserInterfaceControl.java:225)
Caused by: java.lang.RuntimeException: Contract not found: ListIterator[ListIterator::$pos()].JML accessible clause.0
	at de.uka.ilkd.key.proof.io.AbstractProblemLoader.createProofObligationContainer(AbstractProblemLoader.java:603)

209432     WARN  main            d.u.i.k.p.r.p.ForkedTestFileRunner Run failed de.uka.ilkd.key.proof.io.ProblemLoaderException: Contract not found: ListIterator[ListIterator::$pos()].JML accessible clause.0
	at de.uka.ilkd.key.control.AbstractUserInterfaceControl.load(AbstractUserInterfaceControl.java:225)
Caused by: java.lang.RuntimeException: Contract not found: ListIterator[ListIterator::$pos()].JML accessible clause.0
	at de.uka.ilkd.key.proof.io.AbstractProblemLoader.createProofObligationContainer(AbstractProblemLoader.java:603)

209436     INFO  main            d.u.i.k.p.r.p.TestFile    Now processing file /home/runner/work/key/key/key.core/../key.ui/examples/heap/list/Client_m.key 
209437     INFO  main            d.u.i.k.p.i.AbstractProblemLoader Loading environment from /home/runner/work/key/key/key.core/../key.ui/examples/heap/list/Client_m.key 
209437     DEBUG main            d.u.i.k.p.i.AbstractProblemLoader Environment load took 312.12ns 
209438     INFO  main            d.u.i.k.p.i.AbstractProblemLoader Creating init config 
210618     DEBUG main            d.u.i.k.j.r.ClassPreparationMethodBuilder clPrepBuilder: Inner Class detected. Reject building class initialisation methods. 
212997     DEBUG main            d.u.i.k.p.i.AbstractProblemLoader Init config took 3.56s 
213043     INFO  main            d.u.i.k.p.i.AbstractProblemLoader Replaying proof Client[Client::m(List)].JML normal_behavior operation contract.0 
213044     DEBUG main            d.u.i.k.p.i.IntermediateProofReplayer Proof replay took 6.1ns 
213447     INFO  main            d.u.i.k.p.r.p.TestFile    ... finished proof: closed. 
213758     INFO  main            d.u.i.k.p.i.AbstractProblemLoader Loading environment from /home/runner/work/key/key/key.core/../key.ui/examples/heap/list/Client_m.key.proof 
213759     DEBUG main            d.u.i.k.p.i.AbstractProblemLoader Environment load took 126.21ns 
213760     INFO  main            d.u.i.k.p.i.AbstractProblemLoader Creating init config 
214906     DEBUG main            d.u.i.k.j.r.ClassPreparationMethodBuilder clPrepBuilder: Inner Class detected. Reject building class initialisation methods. 
217264     DEBUG main            d.u.i.k.p.i.AbstractProblemLoader Init config took 3.5s 
217308     INFO  main            d.u.i.k.p.i.AbstractProblemLoader Replaying proof Client[Client::m(List)].JML normal_behavior operation contract.0 
217376     DEBUG main            d.u.i.k.p.i.IntermediateProofReplayer Proof replay took 64.67ms 
217377     DEBUG main            d.u.i.k.p.r.p.TestFile    ... success: reloaded. 
217378     INFO  main            d.u.i.k.p.r.p.TestFile    Now processing file /home/runner/work/key/key/key.core/../key.ui/examples/heap/list/Client_n.key 
217378     INFO  main            d.u.i.k.p.i.AbstractProblemLoader Loading environment from /home/runner/work/key/key/key.core/../key.ui/examples/heap/list/Client_n.key 
217378     DEBUG main            d.u.i.k.p.i.AbstractProblemLoader Environment load took 63.7ns 
217379     INFO  main            d.u.i.k.p.i.AbstractProblemLoader Creating init config 
218571     DEBUG main            d.u.i.k.j.r.ClassPreparationMethodBuilder clPrepBuilder: Inner Class detected. Reject building class initialisation methods. 
221002     DEBUG main            d.u.i.k.p.i.AbstractProblemLoader Init config took 3.62s 
221047     INFO  main            d.u.i.k.p.i.AbstractProblemLoader Replaying proof Client[Client::n(List)].JML normal_behavior operation contract.0 
221049     DEBUG main            d.u.i.k.p.i.IntermediateProofReplayer Proof replay took 6.1ns 
221151     INFO  main            d.u.i.k.p.r.p.TestFile    ... finished proof: closed. 
221462     INFO  main            d.u.i.k.p.i.AbstractProblemLoader Loading environment from /home/runner/work/key/key/key.core/../key.ui/examples/heap/list/Client_n.key.proof 
221462     DEBUG main            d.u.i.k.p.i.AbstractProblemLoader Environment load took 117.31ns 
221463     INFO  main            d.u.i.k.p.i.AbstractProblemLoader Creating init config 
222606     DEBUG main            d.u.i.k.j.r.ClassPreparationMethodBuilder clPrepBuilder: Inner Class detected. Reject building class initialisation methods. 
224964     DEBUG main            d.u.i.k.p.i.AbstractProblemLoader Init config took 3.5s 
225025     INFO  main            d.u.i.k.p.i.AbstractProblemLoader Replaying proof Client[Client::n(List)].JML normal_behavior operation contract.0 
225048     DEBUG main            d.u.i.k.p.i.IntermediateProofReplayer Proof replay took 19.52ms 
225049     DEBUG main            d.u.i.k.p.r.p.TestFile    ... success: reloaded. 
225051     INFO  main            d.u.i.k.p.r.p.TestFile    Now processing file /home/runner/work/key/key/key.core/../key.ui/examples/heap/list/LinkedList_get_exceptional.key 
225051     INFO  main            d.u.i.k.p.i.AbstractProblemLoader Loading environment from /home/runner/work/key/key/key.core/../key.ui/examples/heap/list/LinkedList_get_exceptional.key 
225051     DEBUG main            d.u.i.k.p.i.AbstractProblemLoader Environment load took 251.42ns 
225052     INFO  main            d.u.i.k.p.i.AbstractProblemLoader Creating init config 
226293     DEBUG main            d.u.i.k.j.r.ClassPreparationMethodBuilder clPrepBuilder: Inner Class detected. Reject building class initialisation methods. 
228665     DEBUG main            d.u.i.k.p.i.AbstractProblemLoader Init config took 3.61s 
228736     INFO  main            d.u.i.k.p.i.AbstractProblemLoader Replaying proof LinkedList[List::get(int)].JML exceptional_behavior operation contract.0 
228738     DEBUG main            d.u.i.k.p.i.IntermediateProofReplayer Proof replay took 6.1ns 
231258     INFO  main            d.u.i.k.p.r.p.TestFile    ... finished proof: closed. 
231612     INFO  main            d.u.i.k.p.i.AbstractProblemLoader Loading environment from /home/runner/work/key/key/key.core/../key.ui/examples/heap/list/LinkedList_get_exceptional.key.proof 
231612     DEBUG main            d.u.i.k.p.i.AbstractProblemLoader Environment load took 125.21ns 
231614     INFO  main            d.u.i.k.p.i.AbstractProblemLoader Creating init config 
232760     DEBUG main            d.u.i.k.j.r.ClassPreparationMethodBuilder clPrepBuilder: Inner Class detected. Reject building class initialisation methods. 
235096     DEBUG main            d.u.i.k.p.i.AbstractProblemLoader Init config took 3.48s 
235148     INFO  main            d.u.i.k.p.i.AbstractProblemLoader Replaying proof LinkedList[List::get(int)].JML exceptional_behavior operation contract.0 
235520     DEBUG main            d.u.i.k.p.i.IntermediateProofReplayer Proof replay took 361.98ms 
235522     DEBUG main            d.u.i.k.p.r.p.TestFile    ... success: reloaded. 
235523     INFO  main            d.u.i.k.p.r.p.TestFile    Now processing file /home/runner/work/key/key/key.core/../key.ui/examples/heap/list/LinkedList_get_normal.key 
235523     INFO  main            d.u.i.k.p.i.AbstractProblemLoader Loading environment from /home/runner/work/key/key/key.core/../key.ui/examples/heap/list/LinkedList_get_normal.key 
235523     DEBUG main            d.u.i.k.p.i.AbstractProblemLoader Environment load took 149.51ns 
235524     INFO  main            d.u.i.k.p.i.AbstractProblemLoader Creating init config 
236699     DEBUG main            d.u.i.k.j.r.ClassPreparationMethodBuilder clPrepBuilder: Inner Class detected. Reject building class initialisation methods. 
239099     DEBUG main            d.u.i.k.p.i.AbstractProblemLoader Init config took 3.58s 
239150     INFO  main            d.u.i.k.p.i.AbstractProblemLoader Replaying proof LinkedList[List::get(int)].JML normal_behavior operation contract.0 
239152     DEBUG main            d.u.i.k.p.i.IntermediateProofReplayer Proof replay took 27.8ns 
246843     INFO  main            d.u.i.k.p.r.p.TestFile    ... finished proof: closed. 
247225     INFO  main            d.u.i.k.p.i.AbstractProblemLoader Loading environment from /home/runner/work/key/key/key.core/../key.ui/examples/heap/list/LinkedList_get_normal.key.proof 
247225     DEBUG main            d.u.i.k.p.i.AbstractProblemLoader Environment load took 530.83ns 
247228     INFO  main            d.u.i.k.p.i.AbstractProblemLoader Creating init config 
248385     DEBUG main            d.u.i.k.j.r.ClassPreparationMethodBuilder clPrepBuilder: Inner Class detected. Reject building class initialisation methods. 
250745     DEBUG main            d.u.i.k.p.i.AbstractProblemLoader Init config took 3.52s 
250799     INFO  main            d.u.i.k.p.i.AbstractProblemLoader Replaying proof LinkedList[List::get(int)].JML normal_behavior operation contract.0 
251372     DEBUG main            d.u.i.k.p.i.IntermediateProofReplayer Proof replay took 541.66ms 
251375     DEBUG main            d.u.i.k.p.r.p.TestFile    ... success: reloaded. 
251376     INFO  main            d.u.i.k.p.r.p.TestFile    Now processing file /home/runner/work/key/key/key.core/../key.ui/examples/heap/list/LinkedList_LinkedList.key 
251376     INFO  main            d.u.i.k.p.i.AbstractProblemLoader Loading environment from /home/runner/work/key/key/key.core/../key.ui/examples/heap/list/LinkedList_LinkedList.key 
251376     DEBUG main            d.u.i.k.p.i.AbstractProblemLoader Environment load took 94.21ns 
251377     INFO  main            d.u.i.k.p.i.AbstractProblemLoader Creating init config 
252596     DEBUG main            d.u.i.k.j.r.ClassPreparationMethodBuilder clPrepBuilder: Inner Class detected. Reject building class initialisation methods. 
255043     DEBUG main            d.u.i.k.p.i.AbstractProblemLoader Init config took 3.67s 
255093     INFO  main            d.u.i.k.p.i.AbstractProblemLoader Replaying proof LinkedList[LinkedList::LinkedList()].JML normal_behavior operation contract.0 
255095     DEBUG main            d.u.i.k.p.i.IntermediateProofReplayer Proof replay took 6.6ns 
255740     INFO  main            d.u.i.k.p.r.p.TestFile    ... finished proof: closed. 
256068     INFO  main            d.u.i.k.p.i.AbstractProblemLoader Loading environment from /home/runner/work/key/key/key.core/../key.ui/examples/heap/list/LinkedList_LinkedList.key.proof 
256069     DEBUG main            d.u.i.k.p.i.AbstractProblemLoader Environment load took 331.82ns 
256070     INFO  main            d.u.i.k.p.i.AbstractProblemLoader Creating init config 
257236     DEBUG main            d.u.i.k.j.r.ClassPreparationMethodBuilder clPrepBuilder: Inner Class detected. Reject building class initialisation methods. 
259600     DEBUG main            d.u.i.k.p.i.AbstractProblemLoader Init config took 3.53s 
259651     INFO  main            d.u.i.k.p.i.AbstractProblemLoader Replaying proof LinkedList[LinkedList::LinkedList()].JML normal_behavior operation contract.0 
259761     DEBUG main            d.u.i.k.p.i.IntermediateProofReplayer Proof replay took 106.53ms 
259762     DEBUG main            d.u.i.k.p.r.p.TestFile    ... success: reloaded. 
259764     INFO  main            d.u.i.k.p.r.p.TestFile    Now processing file /home/runner/work/key/key/key.core/../key.ui/examples/heap/list/LinkedList_size_dep.key 
259764     INFO  main            d.u.i.k.p.i.AbstractProblemLoader Loading environment from /home/runner/work/key/key/key.core/../key.ui/examples/heap/list/LinkedList_size_dep.key 
259764     DEBUG main            d.u.i.k.p.i.AbstractProblemLoader Environment load took 129.61ns 
259765     INFO  main            d.u.i.k.p.i.AbstractProblemLoader Creating init config 
260935     DEBUG main            d.u.i.k.j.r.ClassPreparationMethodBuilder clPrepBuilder: Inner Class detected. Reject building class initialisation methods. 
263323     DEBUG main            d.u.i.k.p.i.AbstractProblemLoader Init config took 3.56s 
263399     INFO  main            d.u.i.k.p.i.AbstractProblemLoader Replaying proof LinkedList[List::size()].JML accessible clause.0 
263401     DEBUG main            d.u.i.k.p.i.IntermediateProofReplayer Proof replay took 21.8ns 
263904     INFO  main            d.u.i.k.p.r.p.TestFile    ... finished proof: closed. 
264255     INFO  main            d.u.i.k.p.i.AbstractProblemLoader Loading environment from /home/runner/work/key/key/key.core/../key.ui/examples/heap/list/LinkedList_size_dep.key.proof 
264255     DEBUG main            d.u.i.k.p.i.AbstractProblemLoader Environment load took 112.21ns 
264257     INFO  main            d.u.i.k.p.i.AbstractProblemLoader Creating init config 
265407     DEBUG main            d.u.i.k.j.r.ClassPreparationMethodBuilder clPrepBuilder: Inner Class detected. Reject building class initialisation methods. 
267758     DEBUG main            d.u.i.k.p.i.AbstractProblemLoader Init config took 3.5s 
267809     INFO  main            d.u.i.k.p.i.AbstractProblemLoader Replaying proof LinkedList[List::size()].JML accessible clause.0 
267864     DEBUG main            d.u.i.k.p.i.IntermediateProofReplayer Proof replay took 51.26ms 
267865     DEBUG main            d.u.i.k.p.r.p.TestFile    ... success: reloaded. 
267866     INFO  main            d.u.i.k.p.r.p.TestFile    Now processing file /home/runner/work/key/key/key.core/../key.ui/examples/heap/list/LinkedList_size.key 
267866     INFO  main            d.u.i.k.p.i.AbstractProblemLoader Loading environment from /home/runner/work/key/key/key.core/../key.ui/examples/heap/list/LinkedList_size.key 
267866     DEBUG main            d.u.i.k.p.i.AbstractProblemLoader Environment load took 59.3ns 
267867     INFO  main            d.u.i.k.p.i.AbstractProblemLoader Creating init config 
269018     DEBUG main            d.u.i.k.j.r.ClassPreparationMethodBuilder clPrepBuilder: Inner Class detected. Reject building class initialisation methods. 
271441     DEBUG main            d.u.i.k.p.i.AbstractProblemLoader Init config took 3.57s 
271491     INFO  main            d.u.i.k.p.i.AbstractProblemLoader Replaying proof LinkedList[List::size()].JML normal_behavior operation contract.0 
271492     DEBUG main            d.u.i.k.p.i.IntermediateProofReplayer Proof replay took 6.4ns 
271996     INFO  main            d.u.i.k.p.r.p.TestFile    ... finished proof: closed. 
272354     INFO  main            d.u.i.k.p.i.AbstractProblemLoader Loading environment from /home/runner/work/key/key/key.core/../key.ui/examples/heap/list/LinkedList_size.key.proof 
272354     DEBUG main            d.u.i.k.p.i.AbstractProblemLoader Environment load took 120.11ns 
272355     INFO  main            d.u.i.k.p.i.AbstractProblemLoader Creating init config 
273526     DEBUG main            d.u.i.k.j.r.ClassPreparationMethodBuilder clPrepBuilder: Inner Class detected. Reject building class initialisation methods. 
275882     DEBUG main            d.u.i.k.p.i.AbstractProblemLoader Init config took 3.53s 
275935     INFO  main            d.u.i.k.p.i.AbstractProblemLoader Replaying proof LinkedList[List::size()].JML normal_behavior operation contract.0 
275983     DEBUG main            d.u.i.k.p.i.IntermediateProofReplayer Proof replay took 45.45ms 
275985     DEBUG main            d.u.i.k.p.r.p.TestFile    ... success: reloaded. 
275986     INFO  main            d.u.i.k.p.r.p.TestFile    Now processing file /home/runner/work/key/key/key.core/../key.ui/examples/heap/list/MySet_footprint.key 
275986     INFO  main            d.u.i.k.p.i.AbstractProblemLoader Loading environment from /home/runner/work/key/key/key.core/../key.ui/examples/heap/list/MySet_footprint.key 
275986     DEBUG main            d.u.i.k.p.i.AbstractProblemLoader Environment load took 120.31ns 
275987     INFO  main            d.u.i.k.p.i.AbstractProblemLoader Creating init config 
277154     DEBUG main            d.u.i.k.j.r.ClassPreparationMethodBuilder clPrepBuilder: Inner Class detected. Reject building class initialisation methods. 
279602     DEBUG main            d.u.i.k.p.i.AbstractProblemLoader Init config took 3.61s 
279602     DEBUG main            d.u.i.k.p.r.p.TestFile    Exception de.uka.ilkd.key.proof.io.ProblemLoaderException: Contract not found: MySet[MySet::$footprint()].JML accessible clause.0
	at de.uka.ilkd.key.control.AbstractUserInterfaceControl.load(AbstractUserInterfaceControl.java:225)
Caused by: java.lang.RuntimeException: Contract not found: MySet[MySet::$footprint()].JML accessible clause.0
	at de.uka.ilkd.key.proof.io.AbstractProblemLoader.createProofObligationContainer(AbstractProblemLoader.java:603)

279602     WARN  main            d.u.i.k.p.r.p.ForkedTestFileRunner Run failed de.uka.ilkd.key.proof.io.ProblemLoaderException: Contract not found: MySet[MySet::$footprint()].JML accessible clause.0
	at de.uka.ilkd.key.control.AbstractUserInterfaceControl.load(AbstractUserInterfaceControl.java:225)
Caused by: java.lang.RuntimeException: Contract not found: MySet[MySet::$footprint()].JML accessible clause.0
	at de.uka.ilkd.key.proof.io.AbstractProblemLoader.createProofObligationContainer(AbstractProblemLoader.java:603)

279603     INFO  main            d.u.i.k.p.r.p.TestFile    Now processing file /home/runner/work/key/key/key.core/../key.ui/examples/heap/list/MySet_MySet.key 
279603     INFO  main            d.u.i.k.p.i.AbstractProblemLoader Loading environment from /home/runner/work/key/key/key.core/../key.ui/examples/heap/list/MySet_MySet.key 
279603     DEBUG main            d.u.i.k.p.i.AbstractProblemLoader Environment load took 79ns 
279605     INFO  main            d.u.i.k.p.i.AbstractProblemLoader Creating init config 
280788     DEBUG main            d.u.i.k.j.r.ClassPreparationMethodBuilder clPrepBuilder: Inner Class detected. Reject building class initialisation methods. 
283190     DEBUG main            d.u.i.k.p.i.AbstractProblemLoader Init config took 3.59s 
283245     INFO  main            d.u.i.k.p.i.AbstractProblemLoader Replaying proof MySet[MySet::MySet()].JML normal_behavior operation contract.0 
283247     DEBUG main            d.u.i.k.p.i.IntermediateProofReplayer Proof replay took 6.7ns 
285576     INFO  main            d.u.i.k.p.r.p.TestFile    ... finished proof: open goal(s) 
1250320    INFO  Test worker     d.u.i.k.p.r.RunAllProofsTestUnit Running test list_ghost 
508        INFO  Timeout watchdog d.u.i.k.p.r.p.ForkedTestFileRunner Timeout watcher launched (2000 secs.) 
509        WARN  main            d.u.i.k.s.ProofSettings   The settings in /home/runner/.key/proof-settings.props are *not* read. 
562        INFO  main            d.u.i.k.p.r.p.TestFile    Now processing file /home/runner/work/key/key/key.core/../key.ui/examples/heap/list_ghost/ArrayList_add.key 
679        INFO  main            d.u.i.k.p.i.AbstractProblemLoader Loading environment from /home/runner/work/key/key/key.core/../key.ui/examples/heap/list_ghost/ArrayList_add.key 
702        DEBUG main            d.u.i.k.p.i.AbstractProblemLoader Environment load took 2.39ms 
955        INFO  main            d.u.i.k.p.i.AbstractProblemLoader Creating init config 
1968       DEBUG main            d.u.i.k.j.TypeConverter   No LDT found for Meta 
1973       DEBUG main            d.u.i.k.j.TypeConverter   No LDT found for Meta 
1974       DEBUG main            d.u.i.k.j.TypeConverter   No LDT found for Meta 
1975       DEBUG main            d.u.i.k.j.TypeConverter   No LDT found for Meta 
3425       DEBUG main            d.u.i.k.j.TypeConverter   No LDT found for JavaBigintExpression 
9259       DEBUG main            d.u.i.k.p.i.AbstractProblemLoader Init config took 8.3s 
9495       INFO  main            d.u.i.k.p.i.AbstractProblemLoader Replaying proof ArrayList[List::add(java.lang.Object)].JML normal_behavior operation contract.0 
9538       DEBUG main            d.u.i.k.p.i.IntermediateProofReplayer Proof replay took 32.5ns 
15394      INFO  main            d.u.i.k.p.r.p.TestFile    ... finished proof: closed. 
15644      INFO  main            d.u.i.k.p.i.AbstractProblemLoader Loading environment from /home/runner/work/key/key/key.core/../key.ui/examples/heap/list_ghost/ArrayList_add.key.proof 
15645      DEBUG main            d.u.i.k.p.i.AbstractProblemLoader Environment load took 164.21ns 
15652      INFO  main            d.u.i.k.p.i.AbstractProblemLoader Creating init config 
19087      DEBUG main            d.u.i.k.p.i.AbstractProblemLoader Init config took 3.44s 
19168      INFO  main            d.u.i.k.p.i.AbstractProblemLoader Replaying proof ArrayList[List::add(java.lang.Object)].JML normal_behavior operation contract.0 
19917      DEBUG main            d.u.i.k.p.i.IntermediateProofReplayer Proof replay took 725.17ms 
19927      DEBUG main            d.u.i.k.p.r.p.TestFile    ... success: reloaded. 
19929      INFO  main            d.u.i.k.p.r.p.TestFile    Now processing file /home/runner/work/key/key/key.core/../key.ui/examples/heap/list_ghost/ArrayList_ArrayList.key 
19929      INFO  main            d.u.i.k.p.i.AbstractProblemLoader Loading environment from /home/runner/work/key/key/key.core/../key.ui/examples/heap/list_ghost/ArrayList_ArrayList.key 
19930      DEBUG main            d.u.i.k.p.i.AbstractProblemLoader Environment load took 302.42ns 
19931      INFO  main            d.u.i.k.p.i.AbstractProblemLoader Creating init config 
23214      DEBUG main            d.u.i.k.p.i.AbstractProblemLoader Init config took 3.28s 
23313      INFO  main            d.u.i.k.p.i.AbstractProblemLoader Replaying proof ArrayList[ArrayList::ArrayList()].JML normal_behavior operation contract.0 
23317      DEBUG main            d.u.i.k.p.i.IntermediateProofReplayer Proof replay took 8.8ns 
24523      INFO  main            d.u.i.k.p.r.p.TestFile    ... finished proof: closed. 
24727      INFO  main            d.u.i.k.p.i.AbstractProblemLoader Loading environment from /home/runner/work/key/key/key.core/../key.ui/examples/heap/list_ghost/ArrayList_ArrayList.key.proof 
24729      DEBUG main            d.u.i.k.p.i.AbstractProblemLoader Environment load took 1.5ms 
24732      INFO  main            d.u.i.k.p.i.AbstractProblemLoader Creating init config 
27938      DEBUG main            d.u.i.k.p.i.AbstractProblemLoader Init config took 3.21s 
27994      INFO  main            d.u.i.k.p.i.AbstractProblemLoader Replaying proof ArrayList[ArrayList::ArrayList()].JML normal_behavior operation contract.0 
28205      DEBUG main            d.u.i.k.p.i.IntermediateProofReplayer Proof replay took 202.57ms 
28207      DEBUG main            d.u.i.k.p.r.p.TestFile    ... success: reloaded. 
28209      INFO  main            d.u.i.k.p.r.p.TestFile    Now processing file /home/runner/work/key/key/key.core/../key.ui/examples/heap/list_ghost/ArrayList_enlarge.key 
28209      INFO  main            d.u.i.k.p.i.AbstractProblemLoader Loading environment from /home/runner/work/key/key/key.core/../key.ui/examples/heap/list_ghost/ArrayList_enlarge.key 
28210      DEBUG main            d.u.i.k.p.i.AbstractProblemLoader Environment load took 280.72ns 
28211      INFO  main            d.u.i.k.p.i.AbstractProblemLoader Creating init config 
31463      DEBUG main            d.u.i.k.p.i.AbstractProblemLoader Init config took 3.25s 
31516      INFO  main            d.u.i.k.p.i.AbstractProblemLoader Replaying proof ArrayList[ArrayList::enlarge()].JML normal_behavior operation contract.0 
31518      DEBUG main            d.u.i.k.p.i.IntermediateProofReplayer Proof replay took 7.1ns 
34050      INFO  main            d.u.i.k.p.r.p.TestFile    ... finished proof: closed. 
34318      INFO  main            d.u.i.k.p.i.AbstractProblemLoader Loading environment from /home/runner/work/key/key/key.core/../key.ui/examples/heap/list_ghost/ArrayList_enlarge.key.proof 
34319      DEBUG main            d.u.i.k.p.i.AbstractProblemLoader Environment load took 537.93ns 
34324      INFO  main            d.u.i.k.p.i.AbstractProblemLoader Creating init config 
37473      DEBUG main            d.u.i.k.p.i.AbstractProblemLoader Init config took 3.15s 
37534      INFO  main            d.u.i.k.p.i.AbstractProblemLoader Replaying proof ArrayList[ArrayList::enlarge()].JML normal_behavior operation contract.0 
38043      DEBUG main            d.u.i.k.p.i.IntermediateProofReplayer Proof replay took 488.78ms 
38045      DEBUG main            d.u.i.k.p.r.p.TestFile    ... success: reloaded. 
38046      INFO  main            d.u.i.k.p.r.p.TestFile    Now processing file /home/runner/work/key/key/key.core/../key.ui/examples/heap/list_ghost/ArrayList_get_dep.key 
38046      INFO  main            d.u.i.k.p.i.AbstractProblemLoader Loading environment from /home/runner/work/key/key/key.core/../key.ui/examples/heap/list_ghost/ArrayList_get_dep.key 
38047      DEBUG main            d.u.i.k.p.i.AbstractProblemLoader Environment load took 159.81ns 
38048      INFO  main            d.u.i.k.p.i.AbstractProblemLoader Creating init config 
41207      DEBUG main            d.u.i.k.p.i.AbstractProblemLoader Init config took 3.16s 
41296      INFO  main            d.u.i.k.p.i.AbstractProblemLoader Replaying proof ArrayList[List::get(int)].JML accessible clause.0 
41299      DEBUG main            d.u.i.k.p.i.IntermediateProofReplayer Proof replay took 5.7ns 
41702      INFO  main            d.u.i.k.p.r.p.TestFile    ... finished proof: closed. 
41892      INFO  main            d.u.i.k.p.i.AbstractProblemLoader Loading environment from /home/runner/work/key/key/key.core/../key.ui/examples/heap/list_ghost/ArrayList_get_dep.key.proof 
41892      DEBUG main            d.u.i.k.p.i.AbstractProblemLoader Environment load took 152.51ns 
41898      INFO  main            d.u.i.k.p.i.AbstractProblemLoader Creating init config 
45041      DEBUG main            d.u.i.k.p.i.AbstractProblemLoader Init config took 3.14s 
45102      INFO  main            d.u.i.k.p.i.AbstractProblemLoader Replaying proof ArrayList[List::get(int)].JML accessible clause.0 
45176      DEBUG main            d.u.i.k.p.i.IntermediateProofReplayer Proof replay took 69.4ms 
45177      DEBUG main            d.u.i.k.p.r.p.TestFile    ... success: reloaded. 
45178      INFO  main            d.u.i.k.p.r.p.TestFile    Now processing file /home/runner/work/key/key/key.core/../key.ui/examples/heap/list_ghost/ArrayList_get_exceptional.key 
45179      INFO  main            d.u.i.k.p.i.AbstractProblemLoader Loading environment from /home/runner/work/key/key/key.core/../key.ui/examples/heap/list_ghost/ArrayList_get_exceptional.key 
45179      DEBUG main            d.u.i.k.p.i.AbstractProblemLoader Environment load took 259.02ns 
45180      INFO  main            d.u.i.k.p.i.AbstractProblemLoader Creating init config 
48301      DEBUG main            d.u.i.k.p.i.AbstractProblemLoader Init config took 3.12s 
48350      INFO  main            d.u.i.k.p.i.AbstractProblemLoader Replaying proof ArrayList[List::get(int)].JML exceptional_behavior operation contract.0 
48352      DEBUG main            d.u.i.k.p.i.IntermediateProofReplayer Proof replay took 6.7ns 
49274      INFO  main            d.u.i.k.p.r.p.TestFile    ... finished proof: closed. 
49463      INFO  main            d.u.i.k.p.i.AbstractProblemLoader Loading environment from /home/runner/work/key/key/key.core/../key.ui/examples/heap/list_ghost/ArrayList_get_exceptional.key.proof 
49468      DEBUG main            d.u.i.k.p.i.AbstractProblemLoader Environment load took 5.2ms 
49470      INFO  main            d.u.i.k.p.i.AbstractProblemLoader Creating init config 
52561      DEBUG main            d.u.i.k.p.i.AbstractProblemLoader Init config took 3.09s 
52616      INFO  main            d.u.i.k.p.i.AbstractProblemLoader Replaying proof ArrayList[List::get(int)].JML exceptional_behavior operation contract.0 
52807      DEBUG main            d.u.i.k.p.i.IntermediateProofReplayer Proof replay took 183.44ms 
52808      DEBUG main            d.u.i.k.p.r.p.TestFile    ... success: reloaded. 
52810      INFO  main            d.u.i.k.p.r.p.TestFile    Now processing file /home/runner/work/key/key/key.core/../key.ui/examples/heap/list_ghost/ArrayList_get_normal.key 
52810      INFO  main            d.u.i.k.p.i.AbstractProblemLoader Loading environment from /home/runner/work/key/key/key.core/../key.ui/examples/heap/list_ghost/ArrayList_get_normal.key 
52811      DEBUG main            d.u.i.k.p.i.AbstractProblemLoader Environment load took 714.64ns 
52812      INFO  main            d.u.i.k.p.i.AbstractProblemLoader Creating init config 
55992      DEBUG main            d.u.i.k.p.i.AbstractProblemLoader Init config took 3.18s 
56040      INFO  main            d.u.i.k.p.i.AbstractProblemLoader Replaying proof ArrayList[List::get(int)].JML normal_behavior operation contract.0 
56042      DEBUG main            d.u.i.k.p.i.IntermediateProofReplayer Proof replay took 6ns 
56345      INFO  main            d.u.i.k.p.r.p.TestFile    ... finished proof: closed. 
56519      INFO  main            d.u.i.k.p.i.AbstractProblemLoader Loading environment from /home/runner/work/key/key/key.core/../key.ui/examples/heap/list_ghost/ArrayList_get_normal.key.proof 
56519      DEBUG main            d.u.i.k.p.i.AbstractProblemLoader Environment load took 144.21ns 
56520      INFO  main            d.u.i.k.p.i.AbstractProblemLoader Creating init config 
59583      DEBUG main            d.u.i.k.p.i.AbstractProblemLoader Init config took 3.06s 
59632      INFO  main            d.u.i.k.p.i.AbstractProblemLoader Replaying proof ArrayList[List::get(int)].JML normal_behavior operation contract.0 
59690      DEBUG main            d.u.i.k.p.i.IntermediateProofReplayer Proof replay took 53.98ms 
59691      DEBUG main            d.u.i.k.p.r.p.TestFile    ... success: reloaded. 
59692      INFO  main            d.u.i.k.p.r.p.TestFile    Now processing file /home/runner/work/key/key/key.core/../key.ui/examples/heap/list_ghost/ArrayList_inv.key 
59692      INFO  main            d.u.i.k.p.i.AbstractProblemLoader Loading environment from /home/runner/work/key/key/key.core/../key.ui/examples/heap/list_ghost/ArrayList_inv.key 
59692      DEBUG main            d.u.i.k.p.i.AbstractProblemLoader Environment load took 122.71ns 
59693      INFO  main            d.u.i.k.p.i.AbstractProblemLoader Creating init config 
62821      DEBUG main            d.u.i.k.p.i.AbstractProblemLoader Init config took 3.13s 
62868      INFO  main            d.u.i.k.p.i.AbstractProblemLoader Replaying proof ArrayList[java.lang.Object::<inv>()].JML accessible clause.0 
62870      DEBUG main            d.u.i.k.p.i.IntermediateProofReplayer Proof replay took 7.2ns 
62972      INFO  main            d.u.i.k.p.r.p.TestFile    ... finished proof: closed. 
63178      INFO  main            d.u.i.k.p.i.AbstractProblemLoader Loading environment from /home/runner/work/key/key/key.core/../key.ui/examples/heap/list_ghost/ArrayList_inv.key.proof 
63178      DEBUG main            d.u.i.k.p.i.AbstractProblemLoader Environment load took 133.61ns 
63179      INFO  main            d.u.i.k.p.i.AbstractProblemLoader Creating init config 
66098      DEBUG main            d.u.i.k.p.i.AbstractProblemLoader Init config took 2.92s 
66142      INFO  main            d.u.i.k.p.i.AbstractProblemLoader Replaying proof ArrayList[java.lang.Object::<inv>()].JML accessible clause.0 
66155      DEBUG main            d.u.i.k.p.i.IntermediateProofReplayer Proof replay took 10.48ms 
66156      DEBUG main            d.u.i.k.p.r.p.TestFile    ... success: reloaded. 
66157      INFO  main            d.u.i.k.p.r.p.TestFile    Now processing file /home/runner/work/key/key/key.core/../key.ui/examples/heap/list_ghost/ArrayList_size_dep.key 
66157      INFO  main            d.u.i.k.p.i.AbstractProblemLoader Loading environment from /home/runner/work/key/key/key.core/../key.ui/examples/heap/list_ghost/ArrayList_size_dep.key 
66157      DEBUG main            d.u.i.k.p.i.AbstractProblemLoader Environment load took 116.71ns 
66158      INFO  main            d.u.i.k.p.i.AbstractProblemLoader Creating init config 
69178      DEBUG main            d.u.i.k.p.i.AbstractProblemLoader Init config took 3.02s 
69220      INFO  main            d.u.i.k.p.i.AbstractProblemLoader Replaying proof ArrayList[List::size()].JML accessible clause.0 
69221      DEBUG main            d.u.i.k.p.i.IntermediateProofReplayer Proof replay took 6.7ns 
69323      INFO  main            d.u.i.k.p.r.p.TestFile    ... finished proof: closed. 
69566      INFO  main            d.u.i.k.p.i.AbstractProblemLoader Loading environment from /home/runner/work/key/key/key.core/../key.ui/examples/heap/list_ghost/ArrayList_size_dep.key.proof 
69566      DEBUG main            d.u.i.k.p.i.AbstractProblemLoader Environment load took 123.51ns 
69567      INFO  main            d.u.i.k.p.i.AbstractProblemLoader Creating init config 
72342      DEBUG main            d.u.i.k.p.i.AbstractProblemLoader Init config took 2.78s 
72380      INFO  main            d.u.i.k.p.i.AbstractProblemLoader Replaying proof ArrayList[List::size()].JML accessible clause.0 
72395      DEBUG main            d.u.i.k.p.i.IntermediateProofReplayer Proof replay took 12.53ms 
72395      DEBUG main            d.u.i.k.p.r.p.TestFile    ... success: reloaded. 
72396      INFO  main            d.u.i.k.p.r.p.TestFile    Now processing file /home/runner/work/key/key/key.core/../key.ui/examples/heap/list_ghost/ArrayList_size.key 
72397      INFO  main            d.u.i.k.p.i.AbstractProblemLoader Loading environment from /home/runner/work/key/key/key.core/../key.ui/examples/heap/list_ghost/ArrayList_size.key 
72397      DEBUG main            d.u.i.k.p.i.AbstractProblemLoader Environment load took 113.81ns 
72398      INFO  main            d.u.i.k.p.i.AbstractProblemLoader Creating init config 
75223      DEBUG main            d.u.i.k.p.i.AbstractProblemLoader Init config took 2.83s 
75262      INFO  main            d.u.i.k.p.i.AbstractProblemLoader Replaying proof ArrayList[List::size()].JML normal_behavior operation contract.0 
75264      DEBUG main            d.u.i.k.p.i.IntermediateProofReplayer Proof replay took 6.1ns 
75366      INFO  main            d.u.i.k.p.r.p.TestFile    ... finished proof: closed. 
75571      INFO  main            d.u.i.k.p.i.AbstractProblemLoader Loading environment from /home/runner/work/key/key/key.core/../key.ui/examples/heap/list_ghost/ArrayList_size.key.proof 
75571      DEBUG main            d.u.i.k.p.i.AbstractProblemLoader Environment load took 127.81ns 
75572      INFO  main            d.u.i.k.p.i.AbstractProblemLoader Creating init config 
78432      DEBUG main            d.u.i.k.p.i.AbstractProblemLoader Init config took 2.86s 
78470      INFO  main            d.u.i.k.p.i.AbstractProblemLoader Replaying proof ArrayList[List::size()].JML normal_behavior operation contract.0 
78485      DEBUG main            d.u.i.k.p.i.IntermediateProofReplayer Proof replay took 13.6ms 
78486      DEBUG main            d.u.i.k.p.r.p.TestFile    ... success: reloaded. 
1329010    INFO  Test worker     d.u.i.k.p.r.RunAllProofsTestUnit Returning from test list_ghost 
1329011    INFO  Test worker     d.u.i.k.p.r.RunAllProofsTestUnit Running test list_recursive 
415        INFO  Timeout watchdog d.u.i.k.p.r.p.ForkedTestFileRunner Timeout watcher launched (2000 secs.) 
437        WARN  main            d.u.i.k.s.ProofSettings   The settings in /home/runner/.key/proof-settings.props are *not* read. 
472        INFO  main            d.u.i.k.p.r.p.TestFile    Now processing file /home/runner/work/key/key/key.core/../key.ui/examples/heap/list_recursiveSpec/ListOperationsNonNull_getNextNN_normal_behavior.key 
589        INFO  main            d.u.i.k.p.i.AbstractProblemLoader Loading environment from /home/runner/work/key/key/key.core/../key.ui/examples/heap/list_recursiveSpec/ListOperationsNonNull_getNextNN_normal_behavior.key 
606        DEBUG main            d.u.i.k.p.i.AbstractProblemLoader Environment load took 1.94ms 
847        INFO  main            d.u.i.k.p.i.AbstractProblemLoader Creating init config 
1743       DEBUG main            d.u.i.k.j.TypeConverter   No LDT found for Meta 
1744       DEBUG main            d.u.i.k.j.TypeConverter   No LDT found for Meta 
1745       DEBUG main            d.u.i.k.j.TypeConverter   No LDT found for Meta 
1745       DEBUG main            d.u.i.k.j.TypeConverter   No LDT found for Meta 
3203       DEBUG main            d.u.i.k.j.TypeConverter   No LDT found for JavaBigintExpression 
9243       DEBUG main            d.u.i.k.p.i.AbstractProblemLoader Init config took 8.39s 
9404       INFO  main            d.u.i.k.p.i.AbstractProblemLoader Replaying proof ListOperationsNonNull[ListOperationsNonNull::getNextNN(ListNN,int)].JML normal_behavior operation contract.0 
9447       DEBUG main            d.u.i.k.p.i.IntermediateProofReplayer Proof replay took 35.4ns 
10790      INFO  main            d.u.i.k.p.r.p.TestFile    ... finished proof: closed. 
10937      INFO  main            d.u.i.k.p.i.AbstractProblemLoader Loading environment from /home/runner/work/key/key/key.core/../key.ui/examples/heap/list_recursiveSpec/ListOperationsNonNull_getNextNN_normal_behavior.key.proof 
10938      DEBUG main            d.u.i.k.p.i.AbstractProblemLoader Environment load took 579.04ns 
10940      INFO  main            d.u.i.k.p.i.AbstractProblemLoader Creating init config 
14306      DEBUG main            d.u.i.k.p.i.AbstractProblemLoader Init config took 3.37s 
14393      INFO  main            d.u.i.k.p.i.AbstractProblemLoader Replaying proof ListOperationsNonNull[ListOperationsNonNull::getNextNN(ListNN,int)].JML normal_behavior operation contract.0 
14573      DEBUG main            d.u.i.k.p.i.IntermediateProofReplayer Proof replay took 171.3ms 
14581      DEBUG main            d.u.i.k.p.r.p.TestFile    ... success: reloaded. 
14583      INFO  main            d.u.i.k.p.r.p.TestFile    Now processing file /home/runner/work/key/key/key.core/../key.ui/examples/heap/list_recursiveSpec/ListOperationsNonNull_setValueAt_normal_behavior.key 
14584      INFO  main            d.u.i.k.p.i.AbstractProblemLoader Loading environment from /home/runner/work/key/key/key.core/../key.ui/examples/heap/list_recursiveSpec/ListOperationsNonNull_setValueAt_normal_behavior.key 
14584      DEBUG main            d.u.i.k.p.i.AbstractProblemLoader Environment load took 300.42ns 
14586      INFO  main            d.u.i.k.p.i.AbstractProblemLoader Creating init config 
17847      DEBUG main            d.u.i.k.p.i.AbstractProblemLoader Init config took 3.26s 
17909      INFO  main            d.u.i.k.p.i.AbstractProblemLoader Replaying proof ListOperationsNonNull[ListOperationsNonNull::setValueAt_NN(ListNN,int,int)].JML normal_behavior operation contract.0 
17912      DEBUG main            d.u.i.k.p.i.IntermediateProofReplayer Proof replay took 7ns 
17940      DEBUG main            d.u.i.k.m.s.ProofScriptEngine 1: 'macro autopilot' 
21057      DEBUG main            d.u.i.k.m.s.ProofScriptEngine 2: 'macro simp-upd' 
21064      DEBUG main            d.u.i.k.m.s.ProofScriptEngine 3: 'rule observerDependencyEQ' 
21121      DEBUG main            d.u.i.k.m.s.ProofScriptEngine 4: 'tryclose' 
21151      INFO  main            d.u.i.k.p.r.p.TestFile    ... finished proof: closed. 
21383      INFO  main            d.u.i.k.p.i.AbstractProblemLoader Loading environment from /home/runner/work/key/key/key.core/../key.ui/examples/heap/list_recursiveSpec/ListOperationsNonNull_setValueAt_normal_behavior.key.proof 
21384      DEBUG main            d.u.i.k.p.i.AbstractProblemLoader Environment load took 1.52ms 
21386      INFO  main            d.u.i.k.p.i.AbstractProblemLoader Creating init config 
24530      DEBUG main            d.u.i.k.p.i.AbstractProblemLoader Init config took 3.14s 
24601      INFO  main            d.u.i.k.p.i.AbstractProblemLoader Replaying proof ListOperationsNonNull[ListOperationsNonNull::setValueAt_NN(ListNN,int,int)].JML normal_behavior operation contract.0 
24782      DEBUG main            d.u.i.k.p.i.IntermediateProofReplayer Proof replay took 170.42ms 
24784      DEBUG main            d.u.i.k.p.r.p.TestFile    ... success: reloaded. 
1353976    INFO  Test worker     d.u.i.k.p.r.RunAllProofsTestUnit Returning from test list_recursive 
1353980    INFO  Test worker     d.u.i.k.p.r.RunAllProofsTestUnit Running test list_seq 
406        INFO  Timeout watchdog d.u.i.k.p.r.p.ForkedTestFileRunner Timeout watcher launched (2000 secs.) 
428        WARN  main            d.u.i.k.s.ProofSettings   The settings in /home/runner/.key/proof-settings.props are *not* read. 
478        INFO  main            d.u.i.k.p.r.p.TestFile    Now processing file /home/runner/work/key/key/key.core/../key.ui/examples/heap/list_seq/SimplifiedLinkedList.remove.key 
618        INFO  main            d.u.i.k.p.i.AbstractProblemLoader Loading environment from /home/runner/work/key/key/key.core/../key.ui/examples/heap/list_seq/SimplifiedLinkedList.remove.key 
641        DEBUG main            d.u.i.k.p.i.AbstractProblemLoader Environment load took 2.42ms 
873        INFO  main            d.u.i.k.p.i.AbstractProblemLoader Creating init config 
1911       DEBUG main            d.u.i.k.j.TypeConverter   No LDT found for Meta 
1912       DEBUG main            d.u.i.k.j.TypeConverter   No LDT found for Meta 
1915       DEBUG main            d.u.i.k.j.TypeConverter   No LDT found for Meta 
1915       DEBUG main            d.u.i.k.j.TypeConverter   No LDT found for Meta 
3601       DEBUG main            d.u.i.k.j.TypeConverter   No LDT found for JavaBigintExpression 
9566       DEBUG main            d.u.i.k.p.i.AbstractProblemLoader Init config took 8.69s 
9786       INFO  main            d.u.i.k.p.i.AbstractProblemLoader Replaying proof SimplifiedLinkedList[SimplifiedLinkedList::remove(int)].JML normal_behavior operation contract.0 
9856       DEBUG main            d.u.i.k.p.i.IntermediateProofReplayer Proof replay took 32.1ns 
79097      INFO  main            d.u.i.k.p.r.p.TestFile    ... finished proof: closed. 
79469      INFO  main            d.u.i.k.p.i.AbstractProblemLoader Loading environment from /home/runner/work/key/key/key.core/../key.ui/examples/heap/list_seq/SimplifiedLinkedList.remove.key.proof 
79469      DEBUG main            d.u.i.k.p.i.AbstractProblemLoader Environment load took 616.44ns 
79483      INFO  main            d.u.i.k.p.i.AbstractProblemLoader Creating init config 
82905      DEBUG main            d.u.i.k.p.i.AbstractProblemLoader Init config took 3.42s 
82994      INFO  main            d.u.i.k.p.i.AbstractProblemLoader Replaying proof SimplifiedLinkedList[SimplifiedLinkedList::remove(int)].JML normal_behavior operation contract.0 
87060      DEBUG main            d.u.i.k.p.i.IntermediateProofReplayer Proof replay took 3.84s 
87080      DEBUG main            d.u.i.k.p.r.p.TestFile    ... success: reloaded. 
87084      INFO  main            d.u.i.k.p.r.p.TestFile    Now processing file /home/runner/work/key/key/key.core/../key.ui/examples/heap/list_seq/ArrayList.ArrayList.key 
87085      INFO  main            d.u.i.k.p.i.AbstractProblemLoader Loading environment from /home/runner/work/key/key/key.core/../key.ui/examples/heap/list_seq/ArrayList.ArrayList.key 
87085      DEBUG main            d.u.i.k.p.i.AbstractProblemLoader Environment load took 321.82ns 
87089      INFO  main            d.u.i.k.p.i.AbstractProblemLoader Creating init config 
90542      DEBUG main            d.u.i.k.p.i.AbstractProblemLoader Init config took 3.45s 
90635      INFO  main            d.u.i.k.p.i.AbstractProblemLoader Replaying proof ArrayList[ArrayList::ArrayList()].JML normal_behavior operation contract.0 
90638      DEBUG main            d.u.i.k.p.i.IntermediateProofReplayer Proof replay took 6.2ns 
91562      INFO  main            d.u.i.k.p.r.p.TestFile    ... finished proof: closed. 
91786      INFO  main            d.u.i.k.p.i.AbstractProblemLoader Loading environment from /home/runner/work/key/key/key.core/../key.ui/examples/heap/list_seq/ArrayList.ArrayList.key.proof 
91787      DEBUG main            d.u.i.k.p.i.AbstractProblemLoader Environment load took 532.43ns 
91788      INFO  main            d.u.i.k.p.i.AbstractProblemLoader Creating init config 
95057      DEBUG main            d.u.i.k.p.i.AbstractProblemLoader Init config took 3.27s 
95158      INFO  main            d.u.i.k.p.i.AbstractProblemLoader Replaying proof ArrayList[ArrayList::ArrayList()].JML normal_behavior operation contract.0 
95307      DEBUG main            d.u.i.k.p.i.IntermediateProofReplayer Proof replay took 144.33ms 
95308      DEBUG main            d.u.i.k.p.r.p.TestFile    ... success: reloaded. 
95309      INFO  main            d.u.i.k.p.r.p.TestFile    Now processing file /home/runner/work/key/key/key.core/../key.ui/examples/heap/list_seq/ArrayList.add.key 
95310      INFO  main            d.u.i.k.p.i.AbstractProblemLoader Loading environment from /home/runner/work/key/key/key.core/../key.ui/examples/heap/list_seq/ArrayList.add.key 
95310      DEBUG main            d.u.i.k.p.i.AbstractProblemLoader Environment load took 265.22ns 
95311      INFO  main            d.u.i.k.p.i.AbstractProblemLoader Creating init config 
98538      DEBUG main            d.u.i.k.p.i.AbstractProblemLoader Init config took 3.23s 
98652      INFO  main            d.u.i.k.p.i.AbstractProblemLoader Replaying proof ArrayList[List::add(java.lang.Object)].JML normal_behavior operation contract.0 
98654      DEBUG main            d.u.i.k.p.i.IntermediateProofReplayer Proof replay took 6.7ns 
102405     INFO  main            d.u.i.k.p.r.p.TestFile    ... finished proof: closed. 
102593     INFO  main            d.u.i.k.p.i.AbstractProblemLoader Loading environment from /home/runner/work/key/key/key.core/../key.ui/examples/heap/list_seq/ArrayList.add.key.proof 
102594     DEBUG main            d.u.i.k.p.i.AbstractProblemLoader Environment load took 592.14ns 
102595     INFO  main            d.u.i.k.p.i.AbstractProblemLoader Creating init config 
105775     DEBUG main            d.u.i.k.p.i.AbstractProblemLoader Init config took 3.18s 
105851     INFO  main            d.u.i.k.p.i.AbstractProblemLoader Replaying proof ArrayList[List::add(java.lang.Object)].JML normal_behavior operation contract.0 
106317     DEBUG main            d.u.i.k.p.i.IntermediateProofReplayer Proof replay took 454.84ms 
106319     DEBUG main            d.u.i.k.p.r.p.TestFile    ... success: reloaded. 
106320     INFO  main            d.u.i.k.p.r.p.TestFile    Now processing file /home/runner/work/key/key/key.core/../key.ui/examples/heap/list_seq/ArrayList.contains.key 
106321     INFO  main            d.u.i.k.p.i.AbstractProblemLoader Loading environment from /home/runner/work/key/key/key.core/../key.ui/examples/heap/list_seq/ArrayList.contains.key 
106321     DEBUG main            d.u.i.k.p.i.AbstractProblemLoader Environment load took 289.42ns 
106322     INFO  main            d.u.i.k.p.i.AbstractProblemLoader Creating init config 
109685     DEBUG main            d.u.i.k.p.i.AbstractProblemLoader Init config took 3.36s 
109772     INFO  main            d.u.i.k.p.i.AbstractProblemLoader Replaying proof ArrayList[List::contains(java.lang.Object)].JML normal_behavior operation contract.0 
109774     DEBUG main            d.u.i.k.p.i.IntermediateProofReplayer Proof replay took 6.3ns 
111480     INFO  main            d.u.i.k.p.r.p.TestFile    ... finished proof: closed. 
111689     INFO  main            d.u.i.k.p.i.AbstractProblemLoader Loading environment from /home/runner/work/key/key/key.core/../key.ui/examples/heap/list_seq/ArrayList.contains.key.proof 
111693     DEBUG main            d.u.i.k.p.i.AbstractProblemLoader Environment load took 3.78ms 
111695     INFO  main            d.u.i.k.p.i.AbstractProblemLoader Creating init config 
114834     DEBUG main            d.u.i.k.p.i.AbstractProblemLoader Init config took 3.14s 
114945     INFO  main            d.u.i.k.p.i.AbstractProblemLoader Replaying proof ArrayList[List::contains(java.lang.Object)].JML normal_behavior operation contract.0 
115227     DEBUG main            d.u.i.k.p.i.IntermediateProofReplayer Proof replay took 273.68ms 
115228     DEBUG main            d.u.i.k.p.r.p.TestFile    ... success: reloaded. 
115230     INFO  main            d.u.i.k.p.r.p.TestFile    Now processing file /home/runner/work/key/key/key.core/../key.ui/examples/heap/list_seq/ArrayList.enlarge.key 
115230     INFO  main            d.u.i.k.p.i.AbstractProblemLoader Loading environment from /home/runner/work/key/key/key.core/../key.ui/examples/heap/list_seq/ArrayList.enlarge.key 
115230     DEBUG main            d.u.i.k.p.i.AbstractProblemLoader Environment load took 313.62ns 
115232     INFO  main            d.u.i.k.p.i.AbstractProblemLoader Creating init config 
118360     DEBUG main            d.u.i.k.p.i.AbstractProblemLoader Init config took 3.13s 
118438     INFO  main            d.u.i.k.p.i.AbstractProblemLoader Replaying proof ArrayList[ArrayList::enlarge()].JML normal_behavior operation contract.0 
118440     DEBUG main            d.u.i.k.p.i.IntermediateProofReplayer Proof replay took 5.6ns 
120747     INFO  main            d.u.i.k.p.r.p.TestFile    ... finished proof: closed. 
120979     INFO  main            d.u.i.k.p.i.AbstractProblemLoader Loading environment from /home/runner/work/key/key/key.core/../key.ui/examples/heap/list_seq/ArrayList.enlarge.key.proof 
120980     DEBUG main            d.u.i.k.p.i.AbstractProblemLoader Environment load took 542.03ns 
120982     INFO  main            d.u.i.k.p.i.AbstractProblemLoader Creating init config 
124108     DEBUG main            d.u.i.k.p.i.AbstractProblemLoader Init config took 3.13s 
124193     INFO  main            d.u.i.k.p.i.AbstractProblemLoader Replaying proof ArrayList[ArrayList::enlarge()].JML normal_behavior operation contract.0 
124576     DEBUG main            d.u.i.k.p.i.IntermediateProofReplayer Proof replay took 372.62ms 
124577     DEBUG main            d.u.i.k.p.r.p.TestFile    ... success: reloaded. 
124578     INFO  main            d.u.i.k.p.r.p.TestFile    Now processing file /home/runner/work/key/key/key.core/../key.ui/examples/heap/list_seq/ArrayList.get.key 
124579     INFO  main            d.u.i.k.p.i.AbstractProblemLoader Loading environment from /home/runner/work/key/key/key.core/../key.ui/examples/heap/list_seq/ArrayList.get.key 
124579     DEBUG main            d.u.i.k.p.i.AbstractProblemLoader Environment load took 233.81ns 
124580     INFO  main            d.u.i.k.p.i.AbstractProblemLoader Creating init config 
127727     DEBUG main            d.u.i.k.p.i.AbstractProblemLoader Init config took 3.15s 
127812     INFO  main            d.u.i.k.p.i.AbstractProblemLoader Replaying proof ArrayList[List::get(int)].JML normal_behavior operation contract.0 
127814     DEBUG main            d.u.i.k.p.i.IntermediateProofReplayer Proof replay took 7.3ns 
128417     INFO  main            d.u.i.k.p.r.p.TestFile    ... finished proof: closed. 
128695     INFO  main            d.u.i.k.p.i.AbstractProblemLoader Loading environment from /home/runner/work/key/key/key.core/../key.ui/examples/heap/list_seq/ArrayList.get.key.proof 
128695     DEBUG main            d.u.i.k.p.i.AbstractProblemLoader Environment load took 133.91ns 
128696     INFO  main            d.u.i.k.p.i.AbstractProblemLoader Creating init config 
131826     DEBUG main            d.u.i.k.p.i.AbstractProblemLoader Init config took 3.13s 
131906     INFO  main            d.u.i.k.p.i.AbstractProblemLoader Replaying proof ArrayList[List::get(int)].JML normal_behavior operation contract.0 
131981     DEBUG main            d.u.i.k.p.i.IntermediateProofReplayer Proof replay took 71.25ms 
131983     DEBUG main            d.u.i.k.p.r.p.TestFile    ... success: reloaded. 
131984     INFO  main            d.u.i.k.p.r.p.TestFile    Now processing file /home/runner/work/key/key/key.core/../key.ui/examples/heap/list_seq/ArrayList.newArray.key 
131984     INFO  main            d.u.i.k.p.i.AbstractProblemLoader Loading environment from /home/runner/work/key/key/key.core/../key.ui/examples/heap/list_seq/ArrayList.newArray.key 
131984     DEBUG main            d.u.i.k.p.i.AbstractProblemLoader Environment load took 264.92ns 
131986     INFO  main            d.u.i.k.p.i.AbstractProblemLoader Creating init config 
135112     DEBUG main            d.u.i.k.p.i.AbstractProblemLoader Init config took 3.13s 
135187     INFO  main            d.u.i.k.p.i.AbstractProblemLoader Replaying proof ArrayList[ArrayList::newArray(int)].JML normal_behavior operation contract.0 
135188     DEBUG main            d.u.i.k.p.i.IntermediateProofReplayer Proof replay took 7.1ns 
135495     INFO  main            d.u.i.k.p.r.p.TestFile    ... finished proof: closed. 
135783     INFO  main            d.u.i.k.p.i.AbstractProblemLoader Loading environment from /home/runner/work/key/key/key.core/../key.ui/examples/heap/list_seq/ArrayList.newArray.key.proof 
135783     DEBUG main            d.u.i.k.p.i.AbstractProblemLoader Environment load took 242.91ns 
135784     INFO  main            d.u.i.k.p.i.AbstractProblemLoader Creating init config 
138796     DEBUG main            d.u.i.k.p.i.AbstractProblemLoader Init config took 3.01s 
138867     INFO  main            d.u.i.k.p.i.AbstractProblemLoader Replaying proof ArrayList[ArrayList::newArray(int)].JML normal_behavior operation contract.0 
138926     DEBUG main            d.u.i.k.p.i.IntermediateProofReplayer Proof replay took 55.84ms 
138927     DEBUG main            d.u.i.k.p.r.p.TestFile    ... success: reloaded. 
138928     INFO  main            d.u.i.k.p.r.p.TestFile    Now processing file /home/runner/work/key/key/key.core/../key.ui/examples/heap/list_seq/ArrayList.remove.0.key 
138928     INFO  main            d.u.i.k.p.i.AbstractProblemLoader Loading environment from /home/runner/work/key/key/key.core/../key.ui/examples/heap/list_seq/ArrayList.remove.0.key 
138929     DEBUG main            d.u.i.k.p.i.AbstractProblemLoader Environment load took 117.51ns 
138929     INFO  main            d.u.i.k.p.i.AbstractProblemLoader Creating init config 
142057     DEBUG main            d.u.i.k.p.i.AbstractProblemLoader Init config took 3.13s 
142133     INFO  main            d.u.i.k.p.i.AbstractProblemLoader Replaying proof ArrayList[List::remove(java.lang.Object)].JML normal_behavior operation contract.0 
142134     DEBUG main            d.u.i.k.p.i.IntermediateProofReplayer Proof replay took 6.4ns 
144279     INFO  main            d.u.i.k.p.r.p.TestFile    ... finished proof: closed. 
144516     INFO  main            d.u.i.k.p.i.AbstractProblemLoader Loading environment from /home/runner/work/key/key/key.core/../key.ui/examples/heap/list_seq/ArrayList.remove.0.key.proof 
144517     DEBUG main            d.u.i.k.p.i.AbstractProblemLoader Environment load took 884.46ns 
144520     INFO  main            d.u.i.k.p.i.AbstractProblemLoader Creating init config 
147497     DEBUG main            d.u.i.k.p.i.AbstractProblemLoader Init config took 2.98s 
147572     INFO  main            d.u.i.k.p.i.AbstractProblemLoader Replaying proof ArrayList[List::remove(java.lang.Object)].JML normal_behavior operation contract.0 
148106     DEBUG main            d.u.i.k.p.i.IntermediateProofReplayer Proof replay took 526.74ms 
148108     DEBUG main            d.u.i.k.p.r.p.TestFile    ... success: reloaded. 
148109     INFO  main            d.u.i.k.p.r.p.TestFile    Now processing file /home/runner/work/key/key/key.core/../key.ui/examples/heap/list_seq/ArrayList.remove.1.key 
148109     INFO  main            d.u.i.k.p.i.AbstractProblemLoader Loading environment from /home/runner/work/key/key/key.core/../key.ui/examples/heap/list_seq/ArrayList.remove.1.key 
148109     DEBUG main            d.u.i.k.p.i.AbstractProblemLoader Environment load took 253.82ns 
148111     INFO  main            d.u.i.k.p.i.AbstractProblemLoader Creating init config 
151206     DEBUG main            d.u.i.k.p.i.AbstractProblemLoader Init config took 3.1s 
151289     INFO  main            d.u.i.k.p.i.AbstractProblemLoader Replaying proof ArrayList[List::remove(java.lang.Object)].JML normal_behavior operation contract.1 
151292     DEBUG main            d.u.i.k.p.i.IntermediateProofReplayer Proof replay took 6.7ns 
163498     INFO  main            d.u.i.k.p.r.p.TestFile    ... finished proof: closed. 
163765     INFO  main            d.u.i.k.p.i.AbstractProblemLoader Loading environment from /home/runner/work/key/key/key.core/../key.ui/examples/heap/list_seq/ArrayList.remove.1.key.proof 
163765     DEBUG main            d.u.i.k.p.i.AbstractProblemLoader Environment load took 208.21ns 
163768     INFO  main            d.u.i.k.p.i.AbstractProblemLoader Creating init config 
166815     DEBUG main            d.u.i.k.p.i.AbstractProblemLoader Init config took 3.05s 
166905     INFO  main            d.u.i.k.p.i.AbstractProblemLoader Replaying proof ArrayList[List::remove(java.lang.Object)].JML normal_behavior operation contract.1 
168455     DEBUG main            d.u.i.k.p.i.IntermediateProofReplayer Proof replay took 1.52s 
168458     DEBUG main            d.u.i.k.p.r.p.TestFile    ... success: reloaded. 
1522611    INFO  Test worker     d.u.i.k.p.r.RunAllProofsTestUnit Returning from test list_seq 
1522612    INFO  Test worker     d.u.i.k.p.r.RunAllProofsTestUnit Running test observer 
366        INFO  Timeout watchdog d.u.i.k.p.r.p.ForkedTestFileRunner Timeout watcher launched (2000 secs.) 
381        WARN  main            d.u.i.k.s.ProofSettings   The settings in /home/runner/.key/proof-settings.props are *not* read. 
426        INFO  main            d.u.i.k.p.r.p.TestFile    Now processing file /home/runner/work/key/key/key.core/../key.ui/examples/heap/observer/ExampleObserver_ExampleObserver.key 
576        INFO  main            d.u.i.k.p.i.AbstractProblemLoader Loading environment from /home/runner/work/key/key/key.core/../key.ui/examples/heap/observer/ExampleObserver_ExampleObserver.key 
593        DEBUG main            d.u.i.k.p.i.AbstractProblemLoader Environment load took 2.03ms 
824        INFO  main            d.u.i.k.p.i.AbstractProblemLoader Creating init config 
1768       DEBUG main            d.u.i.k.j.TypeConverter   No LDT found for Meta 
1768       DEBUG main            d.u.i.k.j.TypeConverter   No LDT found for Meta 
1770       DEBUG main            d.u.i.k.j.TypeConverter   No LDT found for Meta 
1770       DEBUG main            d.u.i.k.j.TypeConverter   No LDT found for Meta 
3519       DEBUG main            d.u.i.k.j.TypeConverter   No LDT found for JavaBigintExpression 
9500       DEBUG main            d.u.i.k.p.i.AbstractProblemLoader Init config took 8.68s 
9634       INFO  main            d.u.i.k.p.i.AbstractProblemLoader Replaying proof ExampleObserver[ExampleObserver::ExampleObserver(ExampleSubject)].JML normal_behavior operation contract.0 
9670       DEBUG main            d.u.i.k.p.i.IntermediateProofReplayer Proof replay took 31ns 
10663      INFO  main            d.u.i.k.p.r.p.TestFile    ... finished proof: closed. 
10791      INFO  main            d.u.i.k.p.i.AbstractProblemLoader Loading environment from /home/runner/work/key/key/key.core/../key.ui/examples/heap/observer/ExampleObserver_ExampleObserver.key.proof 
10791      DEBUG main            d.u.i.k.p.i.AbstractProblemLoader Environment load took 530.53ns 
10794      INFO  main            d.u.i.k.p.i.AbstractProblemLoader Creating init config 
14071      DEBUG main            d.u.i.k.p.i.AbstractProblemLoader Init config took 3.28s 
14145      INFO  main            d.u.i.k.p.i.AbstractProblemLoader Replaying proof ExampleObserver[ExampleObserver::ExampleObserver(ExampleSubject)].JML normal_behavior operation contract.0 
14291      DEBUG main            d.u.i.k.p.i.IntermediateProofReplayer Proof replay took 125.27ms 
14299      DEBUG main            d.u.i.k.p.r.p.TestFile    ... success: reloaded. 
14301      INFO  main            d.u.i.k.p.r.p.TestFile    Now processing file /home/runner/work/key/key/key.core/../key.ui/examples/heap/observer/ExampleObserver_inv.key 
14302      INFO  main            d.u.i.k.p.i.AbstractProblemLoader Loading environment from /home/runner/work/key/key/key.core/../key.ui/examples/heap/observer/ExampleObserver_inv.key 
14302      DEBUG main            d.u.i.k.p.i.AbstractProblemLoader Environment load took 275.92ns 
14304      INFO  main            d.u.i.k.p.i.AbstractProblemLoader Creating init config 
17565      DEBUG main            d.u.i.k.p.i.AbstractProblemLoader Init config took 3.26s 
17630      INFO  main            d.u.i.k.p.i.AbstractProblemLoader Replaying proof ExampleObserver[java.lang.Object::<inv>()].JML accessible clause.0 
17633      DEBUG main            d.u.i.k.p.i.IntermediateProofReplayer Proof replay took 5.9ns 
17736      INFO  main            d.u.i.k.p.r.p.TestFile    ... finished proof: closed. 
17879      INFO  main            d.u.i.k.p.i.AbstractProblemLoader Loading environment from /home/runner/work/key/key/key.core/../key.ui/examples/heap/observer/ExampleObserver_inv.key.proof 
17880      DEBUG main            d.u.i.k.p.i.AbstractProblemLoader Environment load took 139.81ns 
17883      INFO  main            d.u.i.k.p.i.AbstractProblemLoader Creating init config 
21007      DEBUG main            d.u.i.k.p.i.AbstractProblemLoader Init config took 3.12s 
21069      INFO  main            d.u.i.k.p.i.AbstractProblemLoader Replaying proof ExampleObserver[java.lang.Object::<inv>()].JML accessible clause.0 
21086      DEBUG main            d.u.i.k.p.i.IntermediateProofReplayer Proof replay took 14.45ms 
21087      DEBUG main            d.u.i.k.p.r.p.TestFile    ... success: reloaded. 
21089      INFO  main            d.u.i.k.p.r.p.TestFile    Now processing file /home/runner/work/key/key/key.core/../key.ui/examples/heap/observer/ExampleObserver_subject.key 
21094      INFO  main            d.u.i.k.p.i.AbstractProblemLoader Loading environment from /home/runner/work/key/key/key.core/../key.ui/examples/heap/observer/ExampleObserver_subject.key 
21095      DEBUG main            d.u.i.k.p.i.AbstractProblemLoader Environment load took 305.22ns 
21096      INFO  main            d.u.i.k.p.i.AbstractProblemLoader Creating init config 
24206      DEBUG main            d.u.i.k.p.i.AbstractProblemLoader Init config took 3.11s 
24207      DEBUG main            d.u.i.k.p.r.p.TestFile    Exception de.uka.ilkd.key.proof.io.ProblemLoaderException: Contract not found: Observer[Observer::$subject()].JML accessible clause.0
	at de.uka.ilkd.key.control.AbstractUserInterfaceControl.load(AbstractUserInterfaceControl.java:225)
Caused by: java.lang.RuntimeException: Contract not found: Observer[Observer::$subject()].JML accessible clause.0
	at de.uka.ilkd.key.proof.io.AbstractProblemLoader.createProofObligationContainer(AbstractProblemLoader.java:603)

24209      WARN  main            d.u.i.k.p.r.p.ForkedTestFileRunner Run failed de.uka.ilkd.key.proof.io.ProblemLoaderException: Contract not found: Observer[Observer::$subject()].JML accessible clause.0
	at de.uka.ilkd.key.control.AbstractUserInterfaceControl.load(AbstractUserInterfaceControl.java:225)
Caused by: java.lang.RuntimeException: Contract not found: Observer[Observer::$subject()].JML accessible clause.0
	at de.uka.ilkd.key.proof.io.AbstractProblemLoader.createProofObligationContainer(AbstractProblemLoader.java:603)

24210      INFO  main            d.u.i.k.p.r.p.TestFile    Now processing file /home/runner/work/key/key/key.core/../key.ui/examples/heap/observer/ExampleObserver_update.key 
24210      INFO  main            d.u.i.k.p.i.AbstractProblemLoader Loading environment from /home/runner/work/key/key/key.core/../key.ui/examples/heap/observer/ExampleObserver_update.key 
24211      DEBUG main            d.u.i.k.p.i.AbstractProblemLoader Environment load took 209.01ns 
24212      INFO  main            d.u.i.k.p.i.AbstractProblemLoader Creating init config 
27217      DEBUG main            d.u.i.k.p.i.AbstractProblemLoader Init config took 3.01s 
27289      INFO  main            d.u.i.k.p.i.AbstractProblemLoader Replaying proof ExampleObserver[Observer::update()].JML normal_behavior operation contract.0 
27292      DEBUG main            d.u.i.k.p.i.IntermediateProofReplayer Proof replay took 5.7ns 
27596      INFO  main            d.u.i.k.p.r.p.TestFile    ... finished proof: closed. 
27768      INFO  main            d.u.i.k.p.i.AbstractProblemLoader Loading environment from /home/runner/work/key/key/key.core/../key.ui/examples/heap/observer/ExampleObserver_update.key.proof 
27769      DEBUG main            d.u.i.k.p.i.AbstractProblemLoader Environment load took 544.83ns 
27770      INFO  main            d.u.i.k.p.i.AbstractProblemLoader Creating init config 
30813      DEBUG main            d.u.i.k.p.i.AbstractProblemLoader Init config took 3.04s 
30859      INFO  main            d.u.i.k.p.i.AbstractProblemLoader Replaying proof ExampleObserver[Observer::update()].JML normal_behavior operation contract.0 
30937      DEBUG main            d.u.i.k.p.i.IntermediateProofReplayer Proof replay took 74.6ms 
30938      DEBUG main            d.u.i.k.p.r.p.TestFile    ... success: reloaded. 
30939      INFO  main            d.u.i.k.p.r.p.TestFile    Now processing file /home/runner/work/key/key/key.core/../key.ui/examples/heap/observer/ExampleObserver_upToDate.key 
30940      INFO  main            d.u.i.k.p.i.AbstractProblemLoader Loading environment from /home/runner/work/key/key/key.core/../key.ui/examples/heap/observer/ExampleObserver_upToDate.key 
30940      DEBUG main            d.u.i.k.p.i.AbstractProblemLoader Environment load took 238.31ns 
30941      INFO  main            d.u.i.k.p.i.AbstractProblemLoader Creating init config 
33993      DEBUG main            d.u.i.k.p.i.AbstractProblemLoader Init config took 3.05s 
33994      DEBUG main            d.u.i.k.p.r.p.TestFile    Exception de.uka.ilkd.key.proof.io.ProblemLoaderException: Contract not found: ExampleObserver[Observer::$upToDate()].JML accessible clause.0
	at de.uka.ilkd.key.control.AbstractUserInterfaceControl.load(AbstractUserInterfaceControl.java:225)
Caused by: java.lang.RuntimeException: Contract not found: ExampleObserver[Observer::$upToDate()].JML accessible clause.0
	at de.uka.ilkd.key.proof.io.AbstractProblemLoader.createProofObligationContainer(AbstractProblemLoader.java:603)

33994      WARN  main            d.u.i.k.p.r.p.ForkedTestFileRunner Run failed de.uka.ilkd.key.proof.io.ProblemLoaderException: Contract not found: ExampleObserver[Observer::$upToDate()].JML accessible clause.0
	at de.uka.ilkd.key.control.AbstractUserInterfaceControl.load(AbstractUserInterfaceControl.java:225)
Caused by: java.lang.RuntimeException: Contract not found: ExampleObserver[Observer::$upToDate()].JML accessible clause.0
	at de.uka.ilkd.key.proof.io.AbstractProblemLoader.createProofObligationContainer(AbstractProblemLoader.java:603)

33995      INFO  main            d.u.i.k.p.r.p.TestFile    Now processing file /home/runner/work/key/key/key.core/../key.ui/examples/heap/observer/ExampleObserver_value.key 
33995      INFO  main            d.u.i.k.p.i.AbstractProblemLoader Loading environment from /home/runner/work/key/key/key.core/../key.ui/examples/heap/observer/ExampleObserver_value.key 
33995      DEBUG main            d.u.i.k.p.i.AbstractProblemLoader Environment load took 106.01ns 
33996      INFO  main            d.u.i.k.p.i.AbstractProblemLoader Creating init config 
37052      DEBUG main            d.u.i.k.p.i.AbstractProblemLoader Init config took 3.06s 
37107      INFO  main            d.u.i.k.p.i.AbstractProblemLoader Replaying proof ExampleObserver[ExampleObserver::value()].JML normal_behavior operation contract.0 
37109      DEBUG main            d.u.i.k.p.i.IntermediateProofReplayer Proof replay took 6.9ns 
37211      INFO  main            d.u.i.k.p.r.p.TestFile    ... finished proof: closed. 
37391      INFO  main            d.u.i.k.p.i.AbstractProblemLoader Loading environment from /home/runner/work/key/key/key.core/../key.ui/examples/heap/observer/ExampleObserver_value.key.proof 
37391      DEBUG main            d.u.i.k.p.i.AbstractProblemLoader Environment load took 121.91ns 
37392      INFO  main            d.u.i.k.p.i.AbstractProblemLoader Creating init config 
40423      DEBUG main            d.u.i.k.p.i.AbstractProblemLoader Init config took 3.03s 
40487      INFO  main            d.u.i.k.p.i.AbstractProblemLoader Replaying proof ExampleObserver[ExampleObserver::value()].JML normal_behavior operation contract.0 
40512      DEBUG main            d.u.i.k.p.i.IntermediateProofReplayer Proof replay took 21.22ms 
40513      DEBUG main            d.u.i.k.p.r.p.TestFile    ... success: reloaded. 
40515      INFO  main            d.u.i.k.p.r.p.TestFile    Now processing file /home/runner/work/key/key/key.core/../key.ui/examples/heap/observer/ExampleSubject_addObserver.key 
40515      INFO  main            d.u.i.k.p.i.AbstractProblemLoader Loading environment from /home/runner/work/key/key/key.core/../key.ui/examples/heap/observer/ExampleSubject_addObserver.key 
40515      DEBUG main            d.u.i.k.p.i.AbstractProblemLoader Environment load took 271.32ns 
40517      INFO  main            d.u.i.k.p.i.AbstractProblemLoader Creating init config 
43567      DEBUG main            d.u.i.k.p.i.AbstractProblemLoader Init config took 3.05s 
43624      INFO  main            d.u.i.k.p.i.AbstractProblemLoader Replaying proof ExampleSubject[Subject::addObserver(Observer)].JML normal_behavior operation contract.0 
43626      DEBUG main            d.u.i.k.p.i.IntermediateProofReplayer Proof replay took 6.6ns 
49329      INFO  main            d.u.i.k.p.r.p.TestFile    ... finished proof: open goal(s) 
49567      INFO  main            d.u.i.k.p.r.p.TestFile    Now processing file /home/runner/work/key/key/key.core/../key.ui/examples/heap/observer/ExampleSubject_change.key 
49568      INFO  main            d.u.i.k.p.i.AbstractProblemLoader Loading environment from /home/runner/work/key/key/key.core/../key.ui/examples/heap/observer/ExampleSubject_change.key 
49568      DEBUG main            d.u.i.k.p.i.AbstractProblemLoader Environment load took 89.71ns 
49569      INFO  main            d.u.i.k.p.i.AbstractProblemLoader Creating init config 
52521      DEBUG main            d.u.i.k.p.i.AbstractProblemLoader Init config took 2.95s 
52593      INFO  main            d.u.i.k.p.i.AbstractProblemLoader Replaying proof ExampleSubject[ExampleSubject::change()].JML normal_behavior operation contract.0 
52595      DEBUG main            d.u.i.k.p.i.IntermediateProofReplayer Proof replay took 15.6ns 
53201      INFO  main            d.u.i.k.p.r.p.TestFile    ... finished proof: open goal(s) 
53448      INFO  main            d.u.i.k.p.r.p.TestFile    Now processing file /home/runner/work/key/key/key.core/../key.ui/examples/heap/observer/ExampleSubject_ExampleSubject.key 
53448      INFO  main            d.u.i.k.p.i.AbstractProblemLoader Loading environment from /home/runner/work/key/key/key.core/../key.ui/examples/heap/observer/ExampleSubject_ExampleSubject.key 
53448      DEBUG main            d.u.i.k.p.i.AbstractProblemLoader Environment load took 73.5ns 
53450      INFO  main            d.u.i.k.p.i.AbstractProblemLoader Creating init config 
56423      DEBUG main            d.u.i.k.p.i.AbstractProblemLoader Init config took 2.97s 
56480      INFO  main            d.u.i.k.p.i.AbstractProblemLoader Replaying proof ExampleSubject[ExampleSubject::ExampleSubject()].JML normal_behavior operation contract.0 
56482      DEBUG main            d.u.i.k.p.i.IntermediateProofReplayer Proof replay took 7.2ns 
57690      INFO  main            d.u.i.k.p.r.p.TestFile    ... finished proof: closed. 
57904      INFO  main            d.u.i.k.p.i.AbstractProblemLoader Loading environment from /home/runner/work/key/key/key.core/../key.ui/examples/heap/observer/ExampleSubject_ExampleSubject.key.proof 
57909      DEBUG main            d.u.i.k.p.i.AbstractProblemLoader Environment load took 4.62ms 
57910      INFO  main            d.u.i.k.p.i.AbstractProblemLoader Creating init config 
60881      DEBUG main            d.u.i.k.p.i.AbstractProblemLoader Init config took 2.97s 
60953      INFO  main            d.u.i.k.p.i.AbstractProblemLoader Replaying proof ExampleSubject[ExampleSubject::ExampleSubject()].JML normal_behavior operation contract.0 
61168      DEBUG main            d.u.i.k.p.i.IntermediateProofReplayer Proof replay took 207.38ms 
61169      DEBUG main            d.u.i.k.p.r.p.TestFile    ... success: reloaded. 
61171      INFO  main            d.u.i.k.p.r.p.TestFile    Now processing file /home/runner/work/key/key/key.core/../key.ui/examples/heap/observer/ExampleSubject_footprint.key 
61171      INFO  main            d.u.i.k.p.i.AbstractProblemLoader Loading environment from /home/runner/work/key/key/key.core/../key.ui/examples/heap/observer/ExampleSubject_footprint.key 
61172      DEBUG main            d.u.i.k.p.i.AbstractProblemLoader Environment load took 241.91ns 
61173      INFO  main            d.u.i.k.p.i.AbstractProblemLoader Creating init config 
64137      DEBUG main            d.u.i.k.p.i.AbstractProblemLoader Init config took 2.96s 
64138      DEBUG main            d.u.i.k.p.r.p.TestFile    Exception de.uka.ilkd.key.proof.io.ProblemLoaderException: Contract not found: ExampleSubject[Subject::$footprint()].JML accessible clause.0
	at de.uka.ilkd.key.control.AbstractUserInterfaceControl.load(AbstractUserInterfaceControl.java:225)
Caused by: java.lang.RuntimeException: Contract not found: ExampleSubject[Subject::$footprint()].JML accessible clause.0
	at de.uka.ilkd.key.proof.io.AbstractProblemLoader.createProofObligationContainer(AbstractProblemLoader.java:603)

64138      WARN  main            d.u.i.k.p.r.p.ForkedTestFileRunner Run failed de.uka.ilkd.key.proof.io.ProblemLoaderException: Contract not found: ExampleSubject[Subject::$footprint()].JML accessible clause.0
	at de.uka.ilkd.key.control.AbstractUserInterfaceControl.load(AbstractUserInterfaceControl.java:225)
Caused by: java.lang.RuntimeException: Contract not found: ExampleSubject[Subject::$footprint()].JML accessible clause.0
	at de.uka.ilkd.key.proof.io.AbstractProblemLoader.createProofObligationContainer(AbstractProblemLoader.java:603)

64139      INFO  main            d.u.i.k.p.r.p.TestFile    Now processing file /home/runner/work/key/key/key.core/../key.ui/examples/heap/observer/ExampleSubject_inv.key 
64139      INFO  main            d.u.i.k.p.i.AbstractProblemLoader Loading environment from /home/runner/work/key/key/key.core/../key.ui/examples/heap/observer/ExampleSubject_inv.key 
64139      DEBUG main            d.u.i.k.p.i.AbstractProblemLoader Environment load took 243.72ns 
64140      INFO  main            d.u.i.k.p.i.AbstractProblemLoader Creating init config 
67117      DEBUG main            d.u.i.k.p.i.AbstractProblemLoader Init config took 2.98s 
67166      INFO  main            d.u.i.k.p.i.AbstractProblemLoader Replaying proof ExampleSubject[java.lang.Object::<inv>()].JML accessible clause.0 
67168      DEBUG main            d.u.i.k.p.i.IntermediateProofReplayer Proof replay took 6.4ns 
68378      INFO  main            d.u.i.k.p.r.p.TestFile    ... finished proof: open goal(s) 
68600      INFO  main            d.u.i.k.p.r.p.TestFile    Now processing file /home/runner/work/key/key/key.core/../key.ui/examples/heap/observer/ExampleSubject_notifyObservers.key 
68600      INFO  main            d.u.i.k.p.i.AbstractProblemLoader Loading environment from /home/runner/work/key/key/key.core/../key.ui/examples/heap/observer/ExampleSubject_notifyObservers.key 
68602      DEBUG main            d.u.i.k.p.i.AbstractProblemLoader Environment load took 1.63ms 
68603      INFO  main            d.u.i.k.p.i.AbstractProblemLoader Creating init config 
71501      DEBUG main            d.u.i.k.p.i.AbstractProblemLoader Init config took 2.9s 
71550      INFO  main            d.u.i.k.p.i.AbstractProblemLoader Replaying proof Subject[Subject::notifyObservers()].JML normal_behavior operation contract.0 
71552      DEBUG main            d.u.i.k.p.i.IntermediateProofReplayer Proof replay took 8.4ns 
71654      INFO  main            d.u.i.k.p.r.p.TestFile    ... finished proof: closed. 
71866      INFO  main            d.u.i.k.p.i.AbstractProblemLoader Loading environment from /home/runner/work/key/key/key.core/../key.ui/examples/heap/observer/ExampleSubject_notifyObservers.key.proof 
71867      DEBUG main            d.u.i.k.p.i.AbstractProblemLoader Environment load took 138.31ns 
71869      INFO  main            d.u.i.k.p.i.AbstractProblemLoader Creating init config 
74792      DEBUG main            d.u.i.k.p.i.AbstractProblemLoader Init config took 2.92s 
74839      INFO  main            d.u.i.k.p.i.AbstractProblemLoader Replaying proof Subject[Subject::notifyObservers()].JML normal_behavior operation contract.0 
74843      DEBUG main            d.u.i.k.p.i.IntermediateProofReplayer Proof replay took 2.59ms 
74844      DEBUG main            d.u.i.k.p.r.p.TestFile    ... success: reloaded. 
74845      INFO  main            d.u.i.k.p.r.p.TestFile    Now processing file /home/runner/work/key/key/key.core/../key.ui/examples/heap/observer/ExampleSubject_value_dep.key 
74845      INFO  main            d.u.i.k.p.i.AbstractProblemLoader Loading environment from /home/runner/work/key/key/key.core/../key.ui/examples/heap/observer/ExampleSubject_value_dep.key 
74845      DEBUG main            d.u.i.k.p.i.AbstractProblemLoader Environment load took 114.41ns 
74846      INFO  main            d.u.i.k.p.i.AbstractProblemLoader Creating init config 
77848      DEBUG main            d.u.i.k.p.i.AbstractProblemLoader Init config took 3s 
77896      INFO  main            d.u.i.k.p.i.AbstractProblemLoader Replaying proof ExampleSubject[ExampleSubject::value()].JML accessible clause.0 
77898      DEBUG main            d.u.i.k.p.i.IntermediateProofReplayer Proof replay took 5.9ns 
78002      INFO  main            d.u.i.k.p.r.p.TestFile    ... finished proof: closed. 
78260      INFO  main            d.u.i.k.p.i.AbstractProblemLoader Loading environment from /home/runner/work/key/key/key.core/../key.ui/examples/heap/observer/ExampleSubject_value_dep.key.proof 
78260      DEBUG main            d.u.i.k.p.i.AbstractProblemLoader Environment load took 146.51ns 
78262      INFO  main            d.u.i.k.p.i.AbstractProblemLoader Creating init config 
81224      DEBUG main            d.u.i.k.p.i.AbstractProblemLoader Init config took 2.96s 
81276      INFO  main            d.u.i.k.p.i.AbstractProblemLoader Replaying proof ExampleSubject[ExampleSubject::value()].JML accessible clause.0 
81294      DEBUG main            d.u.i.k.p.i.IntermediateProofReplayer Proof replay took 14.96ms 
81296      DEBUG main            d.u.i.k.p.r.p.TestFile    ... success: reloaded. 
81298      INFO  main            d.u.i.k.p.r.p.TestFile    Now processing file /home/runner/work/key/key/key.core/../key.ui/examples/heap/observer/ExampleSubject_value.key 
81298      INFO  main            d.u.i.k.p.i.AbstractProblemLoader Loading environment from /home/runner/work/key/key/key.core/../key.ui/examples/heap/observer/ExampleSubject_value.key 
81299      DEBUG main            d.u.i.k.p.i.AbstractProblemLoader Environment load took 248.12ns 
81300      INFO  main            d.u.i.k.p.i.AbstractProblemLoader Creating init config 
84245      DEBUG main            d.u.i.k.p.i.AbstractProblemLoader Init config took 2.95s 
84288      INFO  main            d.u.i.k.p.i.AbstractProblemLoader Replaying proof ExampleSubject[ExampleSubject::value()].JML normal_behavior operation contract.0 
84290      DEBUG main            d.u.i.k.p.i.IntermediateProofReplayer Proof replay took 6.5ns 
84394      INFO  main            d.u.i.k.p.r.p.TestFile    ... finished proof: closed. 
84610      INFO  main            d.u.i.k.p.i.AbstractProblemLoader Loading environment from /home/runner/work/key/key/key.core/../key.ui/examples/heap/observer/ExampleSubject_value.key.proof 
84610      DEBUG main            d.u.i.k.p.i.AbstractProblemLoader Environment load took 200.91ns 
84611      INFO  main            d.u.i.k.p.i.AbstractProblemLoader Creating init config 
87472      DEBUG main            d.u.i.k.p.i.AbstractProblemLoader Init config took 2.86s 
87519      INFO  main            d.u.i.k.p.i.AbstractProblemLoader Replaying proof ExampleSubject[ExampleSubject::value()].JML normal_behavior operation contract.0 
87532      DEBUG main            d.u.i.k.p.i.IntermediateProofReplayer Proof replay took 10.24ms 
87533      DEBUG main            d.u.i.k.p.r.p.TestFile    ... success: reloaded. 
1610351    INFO  Test worker     d.u.i.k.p.r.RunAllProofsTestUnit Running test removeDups 
546        INFO  Timeout watchdog d.u.i.k.p.r.p.ForkedTestFileRunner Timeout watcher launched (2000 secs.) 
565        WARN  main            d.u.i.k.s.ProofSettings   The settings in /home/runner/.key/proof-settings.props are *not* read. 
613        INFO  main            d.u.i.k.p.r.p.TestFile    Now processing file /home/runner/work/key/key/key.core/../key.ui/examples/heap/removeDups/arrayPart.key 
763        INFO  main            d.u.i.k.p.i.AbstractProblemLoader Loading environment from /home/runner/work/key/key/key.core/../key.ui/examples/heap/removeDups/arrayPart.key 
780        DEBUG main            d.u.i.k.p.i.AbstractProblemLoader Environment load took 1.98ms 
1020       INFO  main            d.u.i.k.p.i.AbstractProblemLoader Creating init config 
1880       DEBUG main            d.u.i.k.j.TypeConverter   No LDT found for Meta 
1884       DEBUG main            d.u.i.k.j.TypeConverter   No LDT found for Meta 
1886       DEBUG main            d.u.i.k.j.TypeConverter   No LDT found for Meta 
1887       DEBUG main            d.u.i.k.j.TypeConverter   No LDT found for Meta 
3419       DEBUG main            d.u.i.k.j.TypeConverter   No LDT found for JavaBigintExpression 
8708       DEBUG main            d.u.i.k.p.i.AbstractProblemLoader Init config took 7.69s 
8831       INFO  main            d.u.i.k.p.i.AbstractProblemLoader Replaying proof RemoveDup[RemoveDup::arrayPart([I,int)].JML normal_behavior operation contract.0 
8865       DEBUG main            d.u.i.k.p.i.IntermediateProofReplayer Proof replay took 28.9ns 
11876      INFO  main            d.u.i.k.p.r.p.TestFile    ... finished proof: closed. 
12027      INFO  main            d.u.i.k.p.i.AbstractProblemLoader Loading environment from /home/runner/work/key/key/key.core/../key.ui/examples/heap/removeDups/arrayPart.key.proof 
12027      DEBUG main            d.u.i.k.p.i.AbstractProblemLoader Environment load took 501.53ns 
12029      INFO  main            d.u.i.k.p.i.AbstractProblemLoader Creating init config 
15150      DEBUG main            d.u.i.k.p.i.AbstractProblemLoader Init config took 3.12s 
15208      INFO  main            d.u.i.k.p.i.AbstractProblemLoader Replaying proof RemoveDup[RemoveDup::arrayPart([I,int)].JML normal_behavior operation contract.0 
15557      DEBUG main            d.u.i.k.p.i.IntermediateProofReplayer Proof replay took 337.61ms 
15566      DEBUG main            d.u.i.k.p.r.p.TestFile    ... success: reloaded. 
15568      INFO  main            d.u.i.k.p.r.p.TestFile    Now processing file /home/runner/work/key/key/key.core/../key.ui/examples/heap/removeDups/contains.key 
15569      INFO  main            d.u.i.k.p.i.AbstractProblemLoader Loading environment from /home/runner/work/key/key/key.core/../key.ui/examples/heap/removeDups/contains.key 
15569      DEBUG main            d.u.i.k.p.i.AbstractProblemLoader Environment load took 258.52ns 
15573      INFO  main            d.u.i.k.p.i.AbstractProblemLoader Creating init config 
18592      DEBUG main            d.u.i.k.p.i.AbstractProblemLoader Init config took 3.02s 
18653      INFO  main            d.u.i.k.p.i.AbstractProblemLoader Replaying proof RemoveDup[RemoveDup::contains([I,int,int)].JML normal_behavior operation contract.0 
18655      DEBUG main            d.u.i.k.p.i.IntermediateProofReplayer Proof replay took 6ns 
19260      INFO  main            d.u.i.k.p.r.p.TestFile    ... finished proof: closed. 
19426      INFO  main            d.u.i.k.p.i.AbstractProblemLoader Loading environment from /home/runner/work/key/key/key.core/../key.ui/examples/heap/removeDups/contains.key.proof 
19427      DEBUG main            d.u.i.k.p.i.AbstractProblemLoader Environment load took 1.14ms 
19430      INFO  main            d.u.i.k.p.i.AbstractProblemLoader Creating init config 
22329      DEBUG main            d.u.i.k.p.i.AbstractProblemLoader Init config took 2.9s 
22382      INFO  main            d.u.i.k.p.i.AbstractProblemLoader Replaying proof RemoveDup[RemoveDup::contains([I,int,int)].JML normal_behavior operation contract.0 
22506      DEBUG main            d.u.i.k.p.i.IntermediateProofReplayer Proof replay took 118.62ms 
22508      DEBUG main            d.u.i.k.p.r.p.TestFile    ... success: reloaded. 
22509      INFO  main            d.u.i.k.p.r.p.TestFile    Now processing file /home/runner/work/key/key/key.core/../key.ui/examples/heap/removeDups/removeDup.key 
22509      INFO  main            d.u.i.k.p.i.AbstractProblemLoader Loading environment from /home/runner/work/key/key/key.core/../key.ui/examples/heap/removeDups/removeDup.key 
22509      DEBUG main            d.u.i.k.p.i.AbstractProblemLoader Environment load took 217.41ns 
22510      INFO  main            d.u.i.k.p.i.AbstractProblemLoader Creating init config 
25396      DEBUG main            d.u.i.k.p.i.AbstractProblemLoader Init config took 2.89s 
25450      INFO  main            d.u.i.k.p.i.AbstractProblemLoader Replaying proof RemoveDup[RemoveDup::removeDup([I)].JML normal_behavior operation contract.0 
25453      DEBUG main            d.u.i.k.p.i.IntermediateProofReplayer Proof replay took 6.1ns 
30966      DEBUG Thread-7        d.u.i.k.j.d.VariableSpecification Program match. Variables have different dimension (template #v0 = #vi;, source a#11[] = var;) 
38532      INFO  main            d.u.i.k.p.r.p.TestFile    ... finished proof: closed. 
38781      INFO  main            d.u.i.k.p.i.AbstractProblemLoader Loading environment from /home/runner/work/key/key/key.core/../key.ui/examples/heap/removeDups/removeDup.key.proof 
38781      DEBUG main            d.u.i.k.p.i.AbstractProblemLoader Environment load took 219.81ns 
38789      INFO  main            d.u.i.k.p.i.AbstractProblemLoader Creating init config 
41610      DEBUG main            d.u.i.k.p.i.AbstractProblemLoader Init config took 2.82s 
41660      INFO  main            d.u.i.k.p.i.AbstractProblemLoader Replaying proof RemoveDup[RemoveDup::removeDup([I)].JML normal_behavior operation contract.0 
43341      DEBUG main            d.u.i.k.p.i.IntermediateProofReplayer Proof replay took 1.64s 
43344      DEBUG main            d.u.i.k.p.r.p.TestFile    ... success: reloaded. 
43346      INFO  main            d.u.i.k.p.r.p.TestFile    Now processing file /home/runner/work/key/key/key.core/../key.ui/examples/heap/saddleback_search/Saddleback_search.key 
43346      INFO  main            d.u.i.k.p.i.AbstractProblemLoader Loading environment from /home/runner/work/key/key/key.core/../key.ui/examples/heap/saddleback_search/Saddleback_search.key 
43346      DEBUG main            d.u.i.k.p.i.AbstractProblemLoader Environment load took 272.22ns 
43350      INFO  main            d.u.i.k.p.i.AbstractProblemLoader Creating init config 
46273      DEBUG main            d.u.i.k.p.i.AbstractProblemLoader Init config took 2.92s 
46314      INFO  main            d.u.i.k.p.i.AbstractProblemLoader Replaying proof Saddleback[Saddleback::search([[I,int)].JML normal_behavior operation contract.0 
46322      DEBUG main            d.u.i.k.p.i.IntermediateProofReplayer Proof replay took 5.4ns 
135167     INFO  main            d.u.i.k.p.r.p.TestFile    ... finished proof: closed. 
135604     INFO  main            d.u.i.k.p.i.AbstractProblemLoader Loading environment from /home/runner/work/key/key/key.core/../key.ui/examples/heap/saddleback_search/Saddleback_search.key.proof 
135605     DEBUG main            d.u.i.k.p.i.AbstractProblemLoader Environment load took 508.13ns 
135616     INFO  main            d.u.i.k.p.i.AbstractProblemLoader Creating init config 
138334     DEBUG main            d.u.i.k.p.i.AbstractProblemLoader Init config took 2.72s 
138376     INFO  main            d.u.i.k.p.i.AbstractProblemLoader Replaying proof Saddleback[Saddleback::search([[I,int)].JML normal_behavior operation contract.0 
141241     DEBUG main            d.u.i.k.p.i.IntermediateProofReplayer Proof replay took 2.68s 
141253     DEBUG main            d.u.i.k.p.r.p.TestFile    ... success: reloaded. 
1751789    INFO  Test worker     d.u.i.k.p.r.RunAllProofsTestUnit Returning from test removeDups 
1751790    INFO  Test worker     d.u.i.k.p.r.RunAllProofsTestUnit Running test quicksort 
356        INFO  Timeout watchdog d.u.i.k.p.r.p.ForkedTestFileRunner Timeout watcher launched (2000 secs.) 
366        WARN  main            d.u.i.k.s.ProofSettings   The settings in /home/runner/.key/proof-settings.props are *not* read. 
396        INFO  main            d.u.i.k.p.r.p.TestFile    Now processing file /home/runner/work/key/key/key.core/../key.ui/examples/heap/quicksort/toplevel.key 
509        INFO  main            d.u.i.k.p.i.AbstractProblemLoader Loading environment from /home/runner/work/key/key/key.core/../key.ui/examples/heap/quicksort/toplevel.key 
530        DEBUG main            d.u.i.k.p.i.AbstractProblemLoader Environment load took 2.26ms 
765        INFO  main            d.u.i.k.p.i.AbstractProblemLoader Creating init config 
1681       DEBUG main            d.u.i.k.j.TypeConverter   No LDT found for Meta 
1682       DEBUG main            d.u.i.k.j.TypeConverter   No LDT found for Meta 
1683       DEBUG main            d.u.i.k.j.TypeConverter   No LDT found for Meta 
1683       DEBUG main            d.u.i.k.j.TypeConverter   No LDT found for Meta 
2983       DEBUG main            d.u.i.k.j.TypeConverter   No LDT found for JavaBigintExpression 
8609       DEBUG main            d.u.i.k.p.i.AbstractProblemLoader Init config took 7.84s 
8781       INFO  main            d.u.i.k.p.i.AbstractProblemLoader Replaying proof Quicksort[Quicksort::sort([I)].JML normal_behavior operation contract.0 
8821       DEBUG main            d.u.i.k.p.i.IntermediateProofReplayer Proof replay took 34.6ns 
10004      INFO  main            d.u.i.k.p.r.p.TestFile    ... finished proof: closed. 
10132      INFO  main            d.u.i.k.p.i.AbstractProblemLoader Loading environment from /home/runner/work/key/key/key.core/../key.ui/examples/heap/quicksort/toplevel.key.proof 
10133      DEBUG main            d.u.i.k.p.i.AbstractProblemLoader Environment load took 484.03ns 
10135      INFO  main            d.u.i.k.p.i.AbstractProblemLoader Creating init config 
13361      DEBUG main            d.u.i.k.p.i.AbstractProblemLoader Init config took 3.23s 
13426      INFO  main            d.u.i.k.p.i.AbstractProblemLoader Replaying proof Quicksort[Quicksort::sort([I)].JML normal_behavior operation contract.0 
13641      DEBUG main            d.u.i.k.p.i.IntermediateProofReplayer Proof replay took 207.27ms 
13649      DEBUG main            d.u.i.k.p.r.p.TestFile    ... success: reloaded. 
13651      INFO  main            d.u.i.k.p.r.p.TestFile    Now processing file /home/runner/work/key/key/key.core/../key.ui/examples/heap/quicksort/sort.key 
13651      INFO  main            d.u.i.k.p.i.AbstractProblemLoader Loading environment from /home/runner/work/key/key/key.core/../key.ui/examples/heap/quicksort/sort.key 
13652      DEBUG main            d.u.i.k.p.i.AbstractProblemLoader Environment load took 293.12ns 
13654      INFO  main            d.u.i.k.p.i.AbstractProblemLoader Creating init config 
17040      DEBUG main            d.u.i.k.p.i.AbstractProblemLoader Init config took 3.39s 
17101      INFO  main            d.u.i.k.p.i.AbstractProblemLoader Replaying proof Quicksort[Quicksort::sort([I,int,int)].JML normal_behavior operation contract.0 
17105      DEBUG main            d.u.i.k.p.i.IntermediateProofReplayer Proof replay took 6.5ns 
17137      DEBUG main            d.u.i.k.m.s.ProofScriptEngine 1: 'script 'sort.script'' 
17148      INFO  main            d.u.i.k.m.s.ProofScriptCommand Included script /home/runner/work/key/key/key.core/../key.ui/examples/heap/quicksort/sort.script 
17148      DEBUG main            d.u.i.k.m.s.ProofScriptEngine 1: 'macro autopilot-prep' 
18420      DEBUG main            d.u.i.k.m.s.ProofScriptEngine 2: 'select formula="{heapAtPre:=heap || exc:=null || heap:=heapAfter_sort_0}
   seq ...' 
18423      DEBUG main            d.u.i.k.m.s.ProofScriptEngine 3: 'macro simp-upd' 
18433      DEBUG main            d.u.i.k.m.s.ProofScriptEngine 4: 'let   @seqPre="seqDef{int u;}(0, array.length, array[u])"
    @seqSplit="seqDef ...' 
18436      DEBUG main            d.u.i.k.m.s.ProofScriptEngine 5: 'rule seqPermSym 
  formula="seqPerm(@seqSplit, @seqPre)"' 
18451      DEBUG main            d.u.i.k.m.s.ProofScriptEngine 6: 'rule seqPermSym
  formula="seqPerm(@seqSort, @seqSplit)"' 
18453      DEBUG main            d.u.i.k.m.s.ProofScriptEngine 7: 'rule seqPermSym
  formula="seqPerm(@seqSort0, @seqSort)"' 
18454      DEBUG main            d.u.i.k.m.s.ProofScriptEngine 8: 'rule seqPermTrans
  formula="seqPerm(@seqPre, @seqSplit)"' 
18455      DEBUG main            d.u.i.k.m.s.ProofScriptEngine 9: 'rule seqPermTrans
  formula="seqPerm(@seqPre, @seqSort)"' 
18456      DEBUG main            d.u.i.k.m.s.ProofScriptEngine 10: 'rule seqPermSym
  formula="seqPerm(@seqPre, @seqSort0)"' 
18457      DEBUG main            d.u.i.k.m.s.ProofScriptEngine 11: 'tryclose' 
48091      INFO  main            d.u.i.k.p.r.p.TestFile    ... finished proof: closed. 
48428      INFO  main            d.u.i.k.p.i.AbstractProblemLoader Loading environment from /home/runner/work/key/key/key.core/../key.ui/examples/heap/quicksort/sort.key.proof 
48428      DEBUG main            d.u.i.k.p.i.AbstractProblemLoader Environment load took 254.72ns 
48441      INFO  main            d.u.i.k.p.i.AbstractProblemLoader Creating init config 
51532      DEBUG main            d.u.i.k.p.i.AbstractProblemLoader Init config took 3.09s 
51585      INFO  main            d.u.i.k.p.i.AbstractProblemLoader Replaying proof Quicksort[Quicksort::sort([I,int,int)].JML normal_behavior operation contract.0 
53940      DEBUG main            d.u.i.k.p.i.IntermediateProofReplayer Proof replay took 2.24s 
53949      DEBUG main            d.u.i.k.p.r.p.TestFile    ... success: reloaded. 
53958      INFO  main            d.u.i.k.p.r.p.TestFile    Now processing file /home/runner/work/key/key/key.core/../key.ui/examples/heap/quicksort/split.key 
53959      INFO  main            d.u.i.k.p.i.AbstractProblemLoader Loading environment from /home/runner/work/key/key/key.core/../key.ui/examples/heap/quicksort/split.key 
53959      DEBUG main            d.u.i.k.p.i.AbstractProblemLoader Environment load took 702.44ns 
53961      INFO  main            d.u.i.k.p.i.AbstractProblemLoader Creating init config 
57120      DEBUG main            d.u.i.k.p.i.AbstractProblemLoader Init config took 3.16s 
57169      INFO  main            d.u.i.k.p.i.AbstractProblemLoader Replaying proof Quicksort[Quicksort::split([I,int,int)].JML normal_behavior operation contract.0 
57173      DEBUG main            d.u.i.k.p.i.IntermediateProofReplayer Proof replay took 6.1ns 
57174      DEBUG main            d.u.i.k.m.s.ProofScriptEngine 1: 'macro autopilot-prep' 
58621      DEBUG main            d.u.i.k.m.s.ProofScriptEngine 2: 'tryclose' 
100140     DEBUG main            d.u.i.k.m.s.ProofScriptEngine 3: 'macro simp-upd' 
100321     DEBUG main            d.u.i.k.m.s.ProofScriptEngine 4: 'rule seqPermFromSwap' 
100339     DEBUG main            d.u.i.k.m.s.ProofScriptEngine 5: 'rule andRight' 
100342     DEBUG main            d.u.i.k.m.s.ProofScriptEngine 6: 'auto' 
100373     DEBUG main            d.u.i.k.m.s.ProofScriptEngine 7: 'instantiate hide var=iv with=i_0' 
100379     DEBUG main            d.u.i.k.m.s.ProofScriptEngine 8: 'instantiate hide var=jv with=j_0' 
100381     DEBUG main            d.u.i.k.m.s.ProofScriptEngine 9: 'auto' 
108044     DEBUG main            d.u.i.k.m.s.ProofScriptEngine 10: 'macro simp-upd' 
108130     DEBUG main            d.u.i.k.m.s.ProofScriptEngine 11: 'rule seqPermFromSwap' 
108134     DEBUG main            d.u.i.k.m.s.ProofScriptEngine 12: 'rule andRight' 
108136     DEBUG main            d.u.i.k.m.s.ProofScriptEngine 13: 'auto' 
108207     DEBUG main            d.u.i.k.m.s.ProofScriptEngine 14: 'instantiate hide var=iv with=i_0' 
108211     DEBUG main            d.u.i.k.m.s.ProofScriptEngine 15: 'instantiate hide var=jv with=to' 
108213     DEBUG main            d.u.i.k.m.s.ProofScriptEngine 16: 'auto' 
114207     INFO  main            d.u.i.k.p.r.p.TestFile    ... finished proof: closed. 
114750     INFO  main            d.u.i.k.p.i.AbstractProblemLoader Loading environment from /home/runner/work/key/key/key.core/../key.ui/examples/heap/quicksort/split.key.proof 
114751     DEBUG main            d.u.i.k.p.i.AbstractProblemLoader Environment load took 522.83ns 
114766     INFO  main            d.u.i.k.p.i.AbstractProblemLoader Creating init config 
117833     DEBUG main            d.u.i.k.p.i.AbstractProblemLoader Init config took 3.07s 
117885     INFO  main            d.u.i.k.p.i.AbstractProblemLoader Replaying proof Quicksort[Quicksort::split([I,int,int)].JML normal_behavior operation contract.0 
121938     DEBUG main            d.u.i.k.p.i.IntermediateProofReplayer Proof replay took 3.79s 
121950     DEBUG main            d.u.i.k.p.r.p.TestFile    ... success: reloaded. 
1874106    INFO  Test worker     d.u.i.k.p.r.RunAllProofsTestUnit Returning from test quicksort 
1874107    INFO  Test worker     d.u.i.k.p.r.RunAllProofsTestUnit Running test simpleTests 
403        INFO  Timeout watchdog d.u.i.k.p.r.p.ForkedTestFileRunner Timeout watcher launched (2000 secs.) 
419        WARN  main            d.u.i.k.s.ProofSettings   The settings in /home/runner/.key/proof-settings.props are *not* read. 
451        INFO  main            d.u.i.k.p.r.p.TestFile    Now processing file /home/runner/work/key/key/key.core/../key.ui/examples/heap/simple/anonymise_datagroup.key 
608        INFO  main            d.u.i.k.p.i.AbstractProblemLoader Loading environment from /home/runner/work/key/key/key.core/../key.ui/examples/heap/simple/anonymise_datagroup.key 
627        DEBUG main            d.u.i.k.p.i.AbstractProblemLoader Environment load took 2.12ms 
924        INFO  main            d.u.i.k.p.i.AbstractProblemLoader Creating init config 
1974       DEBUG main            d.u.i.k.j.TypeConverter   No LDT found for Meta 
1974       DEBUG main            d.u.i.k.j.TypeConverter   No LDT found for Meta 
1975       DEBUG main            d.u.i.k.j.TypeConverter   No LDT found for Meta 
1975       DEBUG main            d.u.i.k.j.TypeConverter   No LDT found for Meta 
4131       DEBUG main            d.u.i.k.j.TypeConverter   No LDT found for JavaBigintExpression 
9438       DEBUG main            d.u.i.k.p.i.AbstractProblemLoader Init config took 8.51s 
9498       INFO  main            d.u.i.k.p.i.AbstractProblemLoader Replaying proof anonymise_datagroup.key 
9532       DEBUG main            d.u.i.k.p.i.IntermediateProofReplayer Proof replay took 35.9ns 
9812       INFO  main            d.u.i.k.p.r.p.TestFile    ... finished proof: closed. 
9934       INFO  main            d.u.i.k.p.i.AbstractProblemLoader Loading environment from /home/runner/work/key/key/key.core/../key.ui/examples/heap/simple/anonymise_datagroup.key.proof 
9935       DEBUG main            d.u.i.k.p.i.AbstractProblemLoader Environment load took 533.63ns 
9941       INFO  main            d.u.i.k.p.i.AbstractProblemLoader Creating init config 
12956      DEBUG main            d.u.i.k.p.i.AbstractProblemLoader Init config took 3.02s 
13001      INFO  main            d.u.i.k.p.i.AbstractProblemLoader Replaying proof anonymise_datagroup.key.proof 
13015      DEBUG main            d.u.i.k.p.i.IntermediateProofReplayer Proof replay took 8.89ms 
13026      DEBUG main            d.u.i.k.p.r.p.TestFile    ... success: reloaded. 
13027      INFO  main            d.u.i.k.p.r.p.TestFile    Now processing file /home/runner/work/key/key/key.core/../key.ui/examples/heap/simple/array_creation.key 
13028      INFO  main            d.u.i.k.p.i.AbstractProblemLoader Loading environment from /home/runner/work/key/key/key.core/../key.ui/examples/heap/simple/array_creation.key 
13028      DEBUG main            d.u.i.k.p.i.AbstractProblemLoader Environment load took 264.72ns 
13031      INFO  main            d.u.i.k.p.i.AbstractProblemLoader Creating init config 
15838      DEBUG main            d.u.i.k.p.i.AbstractProblemLoader Init config took 2.81s 
15871      INFO  main            d.u.i.k.p.i.AbstractProblemLoader Replaying proof array_creation.key 
15875      DEBUG main            d.u.i.k.p.i.IntermediateProofReplayer Proof replay took 7ns 
16702      INFO  main            d.u.i.k.p.r.p.TestFile    ... finished proof: closed. 
16853      INFO  main            d.u.i.k.p.i.AbstractProblemLoader Loading environment from /home/runner/work/key/key/key.core/../key.ui/examples/heap/simple/array_creation.key.proof 
16854      DEBUG main            d.u.i.k.p.i.AbstractProblemLoader Environment load took 519.83ns 
16859      INFO  main            d.u.i.k.p.i.AbstractProblemLoader Creating init config 
19605      DEBUG main            d.u.i.k.p.i.AbstractProblemLoader Init config took 2.75s 
19633      INFO  main            d.u.i.k.p.i.AbstractProblemLoader Replaying proof array_creation.key.proof 
19746      DEBUG main            d.u.i.k.p.i.IntermediateProofReplayer Proof replay took 108.16ms 
19747      DEBUG main            d.u.i.k.p.r.p.TestFile    ... success: reloaded. 
19749      INFO  main            d.u.i.k.p.r.p.TestFile    Now processing file /home/runner/work/key/key/key.core/../key.ui/examples/heap/simple/arrays_with_disjoint_sorts.key 
19749      INFO  main            d.u.i.k.p.i.AbstractProblemLoader Loading environment from /home/runner/work/key/key/key.core/../key.ui/examples/heap/simple/arrays_with_disjoint_sorts.key 
19749      DEBUG main            d.u.i.k.p.i.AbstractProblemLoader Environment load took 266.42ns 
19751      INFO  main            d.u.i.k.p.i.AbstractProblemLoader Creating init config 
22503      DEBUG main            d.u.i.k.p.i.AbstractProblemLoader Init config took 2.75s 
22529      INFO  main            d.u.i.k.p.i.AbstractProblemLoader Replaying proof arrays_with_disjoint_sorts.key 
22533      DEBUG main            d.u.i.k.p.i.IntermediateProofReplayer Proof replay took 6.4ns 
22737      INFO  main            d.u.i.k.p.r.p.TestFile    ... finished proof: closed. 
22892      INFO  main            d.u.i.k.p.i.AbstractProblemLoader Loading environment from /home/runner/work/key/key/key.core/../key.ui/examples/heap/simple/arrays_with_disjoint_sorts.key.proof 
22892      DEBUG main            d.u.i.k.p.i.AbstractProblemLoader Environment load took 591.84ns 
22894      INFO  main            d.u.i.k.p.i.AbstractProblemLoader Creating init config 
25516      DEBUG main            d.u.i.k.p.i.AbstractProblemLoader Init config took 2.62s 
25545      INFO  main            d.u.i.k.p.i.AbstractProblemLoader Replaying proof arrays_with_disjoint_sorts.key.proof 
25571      DEBUG main            d.u.i.k.p.i.IntermediateProofReplayer Proof replay took 22.65ms 
25572      DEBUG main            d.u.i.k.p.r.p.TestFile    ... success: reloaded. 
25573      INFO  main            d.u.i.k.p.r.p.TestFile    Now processing file /home/runner/work/key/key/key.core/../key.ui/examples/heap/simple/arrays.key 
25573      INFO  main            d.u.i.k.p.i.AbstractProblemLoader Loading environment from /home/runner/work/key/key/key.core/../key.ui/examples/heap/simple/arrays.key 
25573      DEBUG main            d.u.i.k.p.i.AbstractProblemLoader Environment load took 236.51ns 
25574      INFO  main            d.u.i.k.p.i.AbstractProblemLoader Creating init config 
28233      DEBUG main            d.u.i.k.p.i.AbstractProblemLoader Init config took 2.66s 
28257      INFO  main            d.u.i.k.p.i.AbstractProblemLoader Replaying proof arrays.key 
28274      DEBUG main            d.u.i.k.p.i.IntermediateProofReplayer Proof replay took 16.4ns 
28584      INFO  main            d.u.i.k.p.r.p.TestFile    ... finished proof: closed. 
28777      INFO  main            d.u.i.k.p.i.AbstractProblemLoader Loading environment from /home/runner/work/key/key/key.core/../key.ui/examples/heap/simple/arrays.key.proof 
28778      DEBUG main            d.u.i.k.p.i.AbstractProblemLoader Environment load took 684.64ns 
28779      INFO  main            d.u.i.k.p.i.AbstractProblemLoader Creating init config 
31453      DEBUG main            d.u.i.k.p.i.AbstractProblemLoader Init config took 2.67s 
31478      INFO  main            d.u.i.k.p.i.AbstractProblemLoader Replaying proof arrays.key.proof 
31516      DEBUG main            d.u.i.k.p.i.IntermediateProofReplayer Proof replay took 32.14ms 
31518      DEBUG main            d.u.i.k.p.r.p.TestFile    ... success: reloaded. 
31519      INFO  main            d.u.i.k.p.r.p.TestFile    Now processing file /home/runner/work/key/key/key.core/../key.ui/examples/heap/simple/attributes.key 
31519      INFO  main            d.u.i.k.p.i.AbstractProblemLoader Loading environment from /home/runner/work/key/key/key.core/../key.ui/examples/heap/simple/attributes.key 
31520      DEBUG main            d.u.i.k.p.i.AbstractProblemLoader Environment load took 114.91ns 
31521      INFO  main            d.u.i.k.p.i.AbstractProblemLoader Creating init config 
34156      DEBUG main            d.u.i.k.p.i.AbstractProblemLoader Init config took 2.64s 
34179      INFO  main            d.u.i.k.p.i.AbstractProblemLoader Replaying proof attributes.key 
34180      DEBUG main            d.u.i.k.p.i.IntermediateProofReplayer Proof replay took 7.1ns 
34283      INFO  main            d.u.i.k.p.r.p.TestFile    ... finished proof: closed. 
34452      INFO  main            d.u.i.k.p.i.AbstractProblemLoader Loading environment from /home/runner/work/key/key/key.core/../key.ui/examples/heap/simple/attributes.key.proof 
34452      DEBUG main            d.u.i.k.p.i.AbstractProblemLoader Environment load took 125.11ns 
34454      INFO  main            d.u.i.k.p.i.AbstractProblemLoader Creating init config 
37086      DEBUG main            d.u.i.k.p.i.AbstractProblemLoader Init config took 2.63s 
37110      INFO  main            d.u.i.k.p.i.AbstractProblemLoader Replaying proof attributes.key.proof 
37115      DEBUG main            d.u.i.k.p.i.IntermediateProofReplayer Proof replay took 1.69ms 
37116      DEBUG main            d.u.i.k.p.r.p.TestFile    ... success: reloaded. 
37116      INFO  main            d.u.i.k.p.r.p.TestFile    Now processing file /home/runner/work/key/key/key.core/../key.ui/examples/heap/simple/constructor_contracts.key 
37117      INFO  main            d.u.i.k.p.i.AbstractProblemLoader Loading environment from /home/runner/work/key/key/key.core/../key.ui/examples/heap/simple/constructor_contracts.key 
37117      DEBUG main            d.u.i.k.p.i.AbstractProblemLoader Environment load took 318.12ns 
37120      INFO  main            d.u.i.k.p.i.AbstractProblemLoader Creating init config 
40199      DEBUG main            d.u.i.k.p.i.AbstractProblemLoader Init config took 3.08s 
40250      INFO  main            d.u.i.k.p.i.AbstractProblemLoader Replaying proof constructor_contracts.key 
40253      DEBUG main            d.u.i.k.p.i.IntermediateProofReplayer Proof replay took 7ns 
40868      INFO  main            d.u.i.k.p.r.p.TestFile    ... finished proof: open goal(s) 
41082      INFO  main            d.u.i.k.p.r.p.TestFile    Now processing file /home/runner/work/key/key/key.core/../key.ui/examples/heap/simple/dependencies.key 
41082      INFO  main            d.u.i.k.p.i.AbstractProblemLoader Loading environment from /home/runner/work/key/key/key.core/../key.ui/examples/heap/simple/dependencies.key 
41082      DEBUG main            d.u.i.k.p.i.AbstractProblemLoader Environment load took 76.5ns 
41083      INFO  main            d.u.i.k.p.i.AbstractProblemLoader Creating init config 
43734      DEBUG main            d.u.i.k.p.i.AbstractProblemLoader Init config took 2.65s 
43755      INFO  main            d.u.i.k.p.i.AbstractProblemLoader Replaying proof dependencies.key 
43759      DEBUG main            d.u.i.k.p.i.IntermediateProofReplayer Proof replay took 7ns 
43862      INFO  main            d.u.i.k.p.r.p.TestFile    ... finished proof: closed. 
44034      INFO  main            d.u.i.k.p.i.AbstractProblemLoader Loading environment from /home/runner/work/key/key/key.core/../key.ui/examples/heap/simple/dependencies.key.proof 
44034      DEBUG main            d.u.i.k.p.i.AbstractProblemLoader Environment load took 126.21ns 
44036      INFO  main            d.u.i.k.p.i.AbstractProblemLoader Creating init config 
46697      DEBUG main            d.u.i.k.p.i.AbstractProblemLoader Init config took 2.66s 
46720      INFO  main            d.u.i.k.p.i.AbstractProblemLoader Replaying proof dependencies.key.proof 
46732      DEBUG main            d.u.i.k.p.i.IntermediateProofReplayer Proof replay took 10.12ms 
46733      DEBUG main            d.u.i.k.p.r.p.TestFile    ... success: reloaded. 
46734      INFO  main            d.u.i.k.p.r.p.TestFile    Now processing file /home/runner/work/key/key/key.core/../key.ui/examples/heap/simple/dependency_contracts.key 
46735      INFO  main            d.u.i.k.p.i.AbstractProblemLoader Loading environment from /home/runner/work/key/key/key.core/../key.ui/examples/heap/simple/dependency_contracts.key 
46735      DEBUG main            d.u.i.k.p.i.AbstractProblemLoader Environment load took 237.51ns 
46736      INFO  main            d.u.i.k.p.i.AbstractProblemLoader Creating init config 
49685      DEBUG main            d.u.i.k.p.i.AbstractProblemLoader Init config took 2.95s 
49709      INFO  main            d.u.i.k.p.i.AbstractProblemLoader Replaying proof dependency_contracts.key 
49711      DEBUG main            d.u.i.k.p.i.IntermediateProofReplayer Proof replay took 6.6ns 
50218      INFO  main            d.u.i.k.p.r.p.TestFile    ... finished proof: open goal(s) 
50434      INFO  main            d.u.i.k.p.r.p.TestFile    Now processing file /home/runner/work/key/key/key.core/../key.ui/examples/heap/simple/invariant_preservation.key 
50434      INFO  main            d.u.i.k.p.i.AbstractProblemLoader Loading environment from /home/runner/work/key/key/key.core/../key.ui/examples/heap/simple/invariant_preservation.key 
50434      DEBUG main            d.u.i.k.p.i.AbstractProblemLoader Environment load took 69.7ns 
50442      INFO  main            d.u.i.k.p.i.AbstractProblemLoader Creating init config 
53266      DEBUG main            d.u.i.k.p.i.AbstractProblemLoader Init config took 2.82s 
53289      INFO  main            d.u.i.k.p.i.AbstractProblemLoader Replaying proof invariant_preservation.key 
53291      DEBUG main            d.u.i.k.p.i.IntermediateProofReplayer Proof replay took 5.9ns 
53496      INFO  main            d.u.i.k.p.r.p.TestFile    ... finished proof: open goal(s) 
53688      INFO  main            d.u.i.k.p.r.p.TestFile    Now processing file /home/runner/work/key/key/key.core/../key.ui/examples/heap/simple/locsets.key 
53689      INFO  main            d.u.i.k.p.i.AbstractProblemLoader Loading environment from /home/runner/work/key/key/key.core/../key.ui/examples/heap/simple/locsets.key 
53689      DEBUG main            d.u.i.k.p.i.AbstractProblemLoader Environment load took 72.4ns 
53690      INFO  main            d.u.i.k.p.i.AbstractProblemLoader Creating init config 
56266      DEBUG main            d.u.i.k.p.i.AbstractProblemLoader Init config took 2.58s 
56287      INFO  main            d.u.i.k.p.i.AbstractProblemLoader Replaying proof locsets.key 
56289      DEBUG main            d.u.i.k.p.i.IntermediateProofReplayer Proof replay took 7.3ns 
56392      INFO  main            d.u.i.k.p.r.p.TestFile    ... finished proof: closed. 
56616      INFO  main            d.u.i.k.p.i.AbstractProblemLoader Loading environment from /home/runner/work/key/key/key.core/../key.ui/examples/heap/simple/locsets.key.proof 
56617      DEBUG main            d.u.i.k.p.i.AbstractProblemLoader Environment load took 149.91ns 
56618      INFO  main            d.u.i.k.p.i.AbstractProblemLoader Creating init config 
59191      DEBUG main            d.u.i.k.p.i.AbstractProblemLoader Init config took 2.57s 
59212      INFO  main            d.u.i.k.p.i.AbstractProblemLoader Replaying proof locsets.key.proof 
59216      DEBUG main            d.u.i.k.p.i.IntermediateProofReplayer Proof replay took 2.04ms 
59217      DEBUG main            d.u.i.k.p.r.p.TestFile    ... success: reloaded. 
59217      INFO  main            d.u.i.k.p.r.p.TestFile    Now processing file /home/runner/work/key/key/key.core/../key.ui/examples/heap/simple/loop1.key 
59217      INFO  main            d.u.i.k.p.i.AbstractProblemLoader Loading environment from /home/runner/work/key/key/key.core/../key.ui/examples/heap/simple/loop1.key 
59218      DEBUG main            d.u.i.k.p.i.AbstractProblemLoader Environment load took 143.61ns 
59219      INFO  main            d.u.i.k.p.i.AbstractProblemLoader Creating init config 
62167      DEBUG main            d.u.i.k.p.i.AbstractProblemLoader Init config took 2.95s 
62188      INFO  main            d.u.i.k.p.i.AbstractProblemLoader Replaying proof loop1.key 
62190      DEBUG main            d.u.i.k.p.i.IntermediateProofReplayer Proof replay took 7.3ns 
62396      INFO  main            d.u.i.k.p.r.p.TestFile    ... finished proof: closed. 
62672      INFO  main            d.u.i.k.p.i.AbstractProblemLoader Loading environment from /home/runner/work/key/key/key.core/../key.ui/examples/heap/simple/loop1.key.proof 
62673      DEBUG main            d.u.i.k.p.i.AbstractProblemLoader Environment load took 137.01ns 
62676      INFO  main            d.u.i.k.p.i.AbstractProblemLoader Creating init config 
65590      DEBUG main            d.u.i.k.p.i.AbstractProblemLoader Init config took 2.91s 
65619      INFO  main            d.u.i.k.p.i.AbstractProblemLoader Replaying proof loop1.key.proof 
65740      DEBUG main            d.u.i.k.p.i.IntermediateProofReplayer Proof replay took 118.6ms 
65742      DEBUG main            d.u.i.k.p.r.p.TestFile    ... success: reloaded. 
65743      INFO  main            d.u.i.k.p.r.p.TestFile    Now processing file /home/runner/work/key/key/key.core/../key.ui/examples/heap/simple/loop2.key 
65743      INFO  main            d.u.i.k.p.i.AbstractProblemLoader Loading environment from /home/runner/work/key/key/key.core/../key.ui/examples/heap/simple/loop2.key 
65744      DEBUG main            d.u.i.k.p.i.AbstractProblemLoader Environment load took 225.61ns 
65745      INFO  main            d.u.i.k.p.i.AbstractProblemLoader Creating init config 
68631      DEBUG main            d.u.i.k.p.i.AbstractProblemLoader Init config took 2.89s 
68651      INFO  main            d.u.i.k.p.i.AbstractProblemLoader Replaying proof loop2.key 
68653      DEBUG main            d.u.i.k.p.i.IntermediateProofReplayer Proof replay took 6.3ns 
69261      INFO  main            d.u.i.k.p.r.p.TestFile    ... finished proof: closed. 
69500      INFO  main            d.u.i.k.p.i.AbstractProblemLoader Loading environment from /home/runner/work/key/key/key.core/../key.ui/examples/heap/simple/loop2.key.proof 
69500      DEBUG main            d.u.i.k.p.i.AbstractProblemLoader Environment load took 458.33ns 
69502      INFO  main            d.u.i.k.p.i.AbstractProblemLoader Creating init config 
72336      DEBUG main            d.u.i.k.p.i.AbstractProblemLoader Init config took 2.83s 
72355      INFO  main            d.u.i.k.p.i.AbstractProblemLoader Replaying proof loop2.key.proof 
72489      DEBUG main            d.u.i.k.p.i.IntermediateProofReplayer Proof replay took 129.11ms 
72491      DEBUG main            d.u.i.k.p.r.p.TestFile    ... success: reloaded. 
72492      INFO  main            d.u.i.k.p.r.p.TestFile    Now processing file /home/runner/work/key/key/key.core/../key.ui/examples/heap/simple/modifies_datagroup.key 
72492      INFO  main            d.u.i.k.p.i.AbstractProblemLoader Loading environment from /home/runner/work/key/key/key.core/../key.ui/examples/heap/simple/modifies_datagroup.key 
72493      DEBUG main            d.u.i.k.p.i.AbstractProblemLoader Environment load took 279.02ns 
72494      INFO  main            d.u.i.k.p.i.AbstractProblemLoader Creating init config 
75020      DEBUG main            d.u.i.k.p.i.AbstractProblemLoader Init config took 2.53s 
75037      INFO  main            d.u.i.k.p.i.AbstractProblemLoader Replaying proof modifies_datagroup.key 
75039      DEBUG main            d.u.i.k.p.i.IntermediateProofReplayer Proof replay took 7.6ns 
75141      INFO  main            d.u.i.k.p.r.p.TestFile    ... finished proof: closed. 
75385      INFO  main            d.u.i.k.p.i.AbstractProblemLoader Loading environment from /home/runner/work/key/key/key.core/../key.ui/examples/heap/simple/modifies_datagroup.key.proof 
75385      DEBUG main            d.u.i.k.p.i.AbstractProblemLoader Environment load took 142.21ns 
75389      INFO  main            d.u.i.k.p.i.AbstractProblemLoader Creating init config 
77792      DEBUG main            d.u.i.k.p.i.AbstractProblemLoader Init config took 2.4s 
77808      INFO  main            d.u.i.k.p.i.AbstractProblemLoader Replaying proof modifies_datagroup.key.proof 
77813      DEBUG main            d.u.i.k.p.i.IntermediateProofReplayer Proof replay took 3.24ms 
77814      DEBUG main            d.u.i.k.p.r.p.TestFile    ... success: reloaded. 
77815      INFO  main            d.u.i.k.p.r.p.TestFile    Now processing file /home/runner/work/key/key/key.core/../key.ui/examples/heap/simple/modifies.key 
77815      INFO  main            d.u.i.k.p.i.AbstractProblemLoader Loading environment from /home/runner/work/key/key/key.core/../key.ui/examples/heap/simple/modifies.key 
77815      DEBUG main            d.u.i.k.p.i.AbstractProblemLoader Environment load took 149.31ns 
77817      INFO  main            d.u.i.k.p.i.AbstractProblemLoader Creating init config 
80283      DEBUG main            d.u.i.k.p.i.AbstractProblemLoader Init config took 2.47s 
80300      INFO  main            d.u.i.k.p.i.AbstractProblemLoader Replaying proof modifies.key 
80302      DEBUG main            d.u.i.k.p.i.IntermediateProofReplayer Proof replay took 7.7ns 
80407      INFO  main            d.u.i.k.p.r.p.TestFile    ... finished proof: closed. 
80626      INFO  main            d.u.i.k.p.i.AbstractProblemLoader Loading environment from /home/runner/work/key/key/key.core/../key.ui/examples/heap/simple/modifies.key.proof 
80626      DEBUG main            d.u.i.k.p.i.AbstractProblemLoader Environment load took 113.41ns 
80628      INFO  main            d.u.i.k.p.i.AbstractProblemLoader Creating init config 
83131      DEBUG main            d.u.i.k.p.i.AbstractProblemLoader Init config took 2.5s 
83154      INFO  main            d.u.i.k.p.i.AbstractProblemLoader Replaying proof modifies.key.proof 
83171      DEBUG main            d.u.i.k.p.i.IntermediateProofReplayer Proof replay took 15.06ms 
83173      DEBUG main            d.u.i.k.p.r.p.TestFile    ... success: reloaded. 
83173      INFO  main            d.u.i.k.p.r.p.TestFile    Now processing file /home/runner/work/key/key/key.core/../key.ui/examples/heap/simple/object_creation.key 
83174      INFO  main            d.u.i.k.p.i.AbstractProblemLoader Loading environment from /home/runner/work/key/key/key.core/../key.ui/examples/heap/simple/object_creation.key 
83174      DEBUG main            d.u.i.k.p.i.AbstractProblemLoader Environment load took 123.71ns 
83175      INFO  main            d.u.i.k.p.i.AbstractProblemLoader Creating init config 
85737      DEBUG main            d.u.i.k.p.i.AbstractProblemLoader Init config took 2.56s 
85755      INFO  main            d.u.i.k.p.i.AbstractProblemLoader Replaying proof object_creation.key 
85756      DEBUG main            d.u.i.k.p.i.IntermediateProofReplayer Proof replay took 7.3ns 
86063      INFO  main            d.u.i.k.p.r.p.TestFile    ... finished proof: closed. 
86295      INFO  main            d.u.i.k.p.i.AbstractProblemLoader Loading environment from /home/runner/work/key/key/key.core/../key.ui/examples/heap/simple/object_creation.key.proof 
86295      DEBUG main            d.u.i.k.p.i.AbstractProblemLoader Environment load took 124.41ns 
86297      INFO  main            d.u.i.k.p.i.AbstractProblemLoader Creating init config 
88736      DEBUG main            d.u.i.k.p.i.AbstractProblemLoader Init config took 2.44s 
88753      INFO  main            d.u.i.k.p.i.AbstractProblemLoader Replaying proof object_creation.key.proof 
88806      DEBUG main            d.u.i.k.p.i.IntermediateProofReplayer Proof replay took 50.41ms 
88808      DEBUG main            d.u.i.k.p.r.p.TestFile    ... success: reloaded. 
88808      INFO  main            d.u.i.k.p.r.p.TestFile    Now processing file /home/runner/work/key/key/key.core/../key.ui/examples/heap/simple/operation_contracts.key 
88808      INFO  main            d.u.i.k.p.i.AbstractProblemLoader Loading environment from /home/runner/work/key/key/key.core/../key.ui/examples/heap/simple/operation_contracts.key 
88809      DEBUG main            d.u.i.k.p.i.AbstractProblemLoader Environment load took 93.5ns 
88810      INFO  main            d.u.i.k.p.i.AbstractProblemLoader Creating init config 
91606      DEBUG main            d.u.i.k.p.i.AbstractProblemLoader Init config took 2.8s 
91623      INFO  main            d.u.i.k.p.i.AbstractProblemLoader Replaying proof operation_contracts.key 
91625      DEBUG main            d.u.i.k.p.i.IntermediateProofReplayer Proof replay took 7.4ns 
92942      INFO  main            d.u.i.k.p.r.p.TestFile    ... finished proof: open goal(s) 
93195      INFO  main            d.u.i.k.p.r.p.TestFile    Now processing file /home/runner/work/key/key/key.core/../key.ui/examples/heap/simple/select_store.key 
93196      INFO  main            d.u.i.k.p.i.AbstractProblemLoader Loading environment from /home/runner/work/key/key/key.core/../key.ui/examples/heap/simple/select_store.key 
93196      DEBUG main            d.u.i.k.p.i.AbstractProblemLoader Environment load took 62.3ns 
93197      INFO  main            d.u.i.k.p.i.AbstractProblemLoader Creating init config 
95678      DEBUG main            d.u.i.k.p.i.AbstractProblemLoader Init config took 2.48s 
95694      INFO  main            d.u.i.k.p.i.AbstractProblemLoader Replaying proof select_store.key 
95696      DEBUG main            d.u.i.k.p.i.IntermediateProofReplayer Proof replay took 6.6ns 
95798      INFO  main            d.u.i.k.p.r.p.TestFile    ... finished proof: closed. 
96096      INFO  main            d.u.i.k.p.i.AbstractProblemLoader Loading environment from /home/runner/work/key/key/key.core/../key.ui/examples/heap/simple/select_store.key.proof 
96096      DEBUG main            d.u.i.k.p.i.AbstractProblemLoader Environment load took 130.11ns 
96097      INFO  main            d.u.i.k.p.i.AbstractProblemLoader Creating init config 
98589      DEBUG main            d.u.i.k.p.i.AbstractProblemLoader Init config took 2.49s 
98605      INFO  main            d.u.i.k.p.i.AbstractProblemLoader Replaying proof select_store.key.proof 
98608      DEBUG main            d.u.i.k.p.i.IntermediateProofReplayer Proof replay took 2.24ms 
98610      DEBUG main            d.u.i.k.p.r.p.TestFile    ... success: reloaded. 
98610      INFO  main            d.u.i.k.p.r.p.TestFile    Now processing file /home/runner/work/key/key/key.core/../key.ui/examples/heap/simple/selection_sort.key 
98610      INFO  main            d.u.i.k.p.i.AbstractProblemLoader Loading environment from /home/runner/work/key/key/key.core/../key.ui/examples/heap/simple/selection_sort.key 
98610      DEBUG main            d.u.i.k.p.i.AbstractProblemLoader Environment load took 86.91ns 
98612      INFO  main            d.u.i.k.p.i.AbstractProblemLoader Creating init config 
101315     DEBUG main            d.u.i.k.p.i.AbstractProblemLoader Init config took 2.7s 
101335     INFO  main            d.u.i.k.p.i.AbstractProblemLoader Replaying proof selection_sort.key 
101338     DEBUG main            d.u.i.k.p.i.IntermediateProofReplayer Proof replay took 6.7ns 
105452     INFO  main            d.u.i.k.p.r.p.TestFile    ... finished proof: closed. 
105737     INFO  main            d.u.i.k.p.i.AbstractProblemLoader Loading environment from /home/runner/work/key/key/key.core/../key.ui/examples/heap/simple/selection_sort.key.proof 
105737     DEBUG main            d.u.i.k.p.i.AbstractProblemLoader Environment load took 123.81ns 
105739     INFO  main            d.u.i.k.p.i.AbstractProblemLoader Creating init config 
108451     DEBUG main            d.u.i.k.p.i.AbstractProblemLoader Init config took 2.71s 
108479     INFO  main            d.u.i.k.p.i.AbstractProblemLoader Replaying proof selection_sort.key.proof 
109263     DEBUG main            d.u.i.k.p.i.IntermediateProofReplayer Proof replay took 762.7ms 
109266     DEBUG main            d.u.i.k.p.r.p.TestFile    ... success: reloaded. 
109268     INFO  main            d.u.i.k.p.r.p.TestFile    Now processing file /home/runner/work/key/key/key.core/../key.ui/examples/heap/simple/seq.key 
109268     INFO  main            d.u.i.k.p.i.AbstractProblemLoader Loading environment from /home/runner/work/key/key/key.core/../key.ui/examples/heap/simple/seq.key 
109269     DEBUG main            d.u.i.k.p.i.AbstractProblemLoader Environment load took 283.92ns 
109270     INFO  main            d.u.i.k.p.i.AbstractProblemLoader Creating init config 
111868     DEBUG main            d.u.i.k.p.i.AbstractProblemLoader Init config took 2.6s 
111883     INFO  main            d.u.i.k.p.i.AbstractProblemLoader Replaying proof seq.key 
111885     DEBUG main            d.u.i.k.p.i.IntermediateProofReplayer Proof replay took 7.7ns 
112288     INFO  main            d.u.i.k.p.r.p.TestFile    ... finished proof: closed. 
112604     INFO  main            d.u.i.k.p.i.AbstractProblemLoader Loading environment from /home/runner/work/key/key/key.core/../key.ui/examples/heap/simple/seq.key.proof 
112604     DEBUG main            d.u.i.k.p.i.AbstractProblemLoader Environment load took 462.33ns 
112606     INFO  main            d.u.i.k.p.i.AbstractProblemLoader Creating init config 
115046     DEBUG main            d.u.i.k.p.i.AbstractProblemLoader Init config took 2.44s 
115063     INFO  main            d.u.i.k.p.i.AbstractProblemLoader Replaying proof seq.key.proof 
115123     DEBUG main            d.u.i.k.p.i.IntermediateProofReplayer Proof replay took 55.43ms 
115125     DEBUG main            d.u.i.k.p.r.p.TestFile    ... success: reloaded. 
115126     INFO  main            d.u.i.k.p.r.p.TestFile    Now processing file /home/runner/work/key/key/key.core/../key.ui/examples/heap/simple/oldForParams.key 
115126     INFO  main            d.u.i.k.p.i.AbstractProblemLoader Loading environment from /home/runner/work/key/key/key.core/../key.ui/examples/heap/simple/oldForParams.key 
115126     DEBUG main            d.u.i.k.p.i.AbstractProblemLoader Environment load took 231.72ns 
115127     INFO  main            d.u.i.k.p.i.AbstractProblemLoader Creating init config 
117963     DEBUG main            d.u.i.k.p.i.AbstractProblemLoader Init config took 2.84s 
118051     INFO  main            d.u.i.k.p.i.AbstractProblemLoader Replaying proof OldForParameters[OldForParameters::method(int)].JML operation contract.0 
118054     DEBUG main            d.u.i.k.p.i.IntermediateProofReplayer Proof replay took 6.3ns 
118261     INFO  main            d.u.i.k.p.r.p.TestFile    ... finished proof: closed. 
118535     INFO  main            d.u.i.k.p.i.AbstractProblemLoader Loading environment from /home/runner/work/key/key/key.core/../key.ui/examples/heap/simple/oldForParams.key.proof 
118535     DEBUG main            d.u.i.k.p.i.AbstractProblemLoader Environment load took 119.71ns 
118537     INFO  main            d.u.i.k.p.i.AbstractProblemLoader Creating init config 
121276     DEBUG main            d.u.i.k.p.i.AbstractProblemLoader Init config took 2.74s 
121321     INFO  main            d.u.i.k.p.i.AbstractProblemLoader Replaying proof OldForParameters[OldForParameters::method(int)].JML operation contract.0 
121376     DEBUG main            d.u.i.k.p.i.IntermediateProofReplayer Proof replay took 51.56ms 
121377     DEBUG main            d.u.i.k.p.r.p.TestFile    ... success: reloaded. 
121378     INFO  main            d.u.i.k.p.r.p.TestFile    Now processing file /home/runner/work/key/key/key.core/../key.ui/examples/heap/simple/parse_lmtd.key 
121379     INFO  main            d.u.i.k.p.i.AbstractProblemLoader Loading environment from /home/runner/work/key/key/key.core/../key.ui/examples/heap/simple/parse_lmtd.key 
121379     DEBUG main            d.u.i.k.p.i.AbstractProblemLoader Environment load took 230.21ns 
121380     INFO  main            d.u.i.k.p.i.AbstractProblemLoader Creating init config 
124245     DEBUG main            d.u.i.k.p.i.AbstractProblemLoader Init config took 2.87s 
124288     INFO  main            d.u.i.k.p.i.AbstractProblemLoader Replaying proof ParseLmtd[ParseLmtd::simple(int)].JML normal_behavior operation contract.0 
124290     DEBUG main            d.u.i.k.p.i.IntermediateProofReplayer Proof replay took 6.8ns 
124495     INFO  main            d.u.i.k.p.r.p.TestFile    ... finished proof: closed. 
124793     INFO  main            d.u.i.k.p.i.AbstractProblemLoader Loading environment from /home/runner/work/key/key/key.core/../key.ui/examples/heap/simple/parse_lmtd.key.proof 
124793     DEBUG main            d.u.i.k.p.i.AbstractProblemLoader Environment load took 118.61ns 
124797     INFO  main            d.u.i.k.p.i.AbstractProblemLoader Creating init config 
127582     DEBUG main            d.u.i.k.p.i.AbstractProblemLoader Init config took 2.78s 
127629     INFO  main            d.u.i.k.p.i.AbstractProblemLoader Replaying proof ParseLmtd[ParseLmtd::simple(int)].JML normal_behavior operation contract.0 
127661     DEBUG main            d.u.i.k.p.i.IntermediateProofReplayer Proof replay took 28.67ms 
127662     DEBUG main            d.u.i.k.p.r.p.TestFile    ... success: reloaded. 
127663     INFO  main            d.u.i.k.p.r.p.TestFile    Now processing file /home/runner/work/key/key/key.core/../key.ui/examples/heap/strictly_pure/strictlyPureMethod.key 
127663     INFO  main            d.u.i.k.p.i.AbstractProblemLoader Loading environment from /home/runner/work/key/key/key.core/../key.ui/examples/heap/strictly_pure/strictlyPureMethod.key 
127663     DEBUG main            d.u.i.k.p.i.AbstractProblemLoader Environment load took 82.7ns 
127664     INFO  main            d.u.i.k.p.i.AbstractProblemLoader Creating init config 
130286     DEBUG main            d.u.i.k.p.i.AbstractProblemLoader Init config took 2.62s 
130323     INFO  main            d.u.i.k.p.i.AbstractProblemLoader Replaying proof StrictlyPure[StrictlyPure::strictlyPureMethod()].JML operation contract.0 
130325     DEBUG main            d.u.i.k.p.i.IntermediateProofReplayer Proof replay took 6.8ns 
130527     INFO  main            d.u.i.k.p.r.p.TestFile    ... finished proof: closed. 
130796     INFO  main            d.u.i.k.p.i.AbstractProblemLoader Loading environment from /home/runner/work/key/key/key.core/../key.ui/examples/heap/strictly_pure/strictlyPureMethod.key.proof 
130796     DEBUG main            d.u.i.k.p.i.AbstractProblemLoader Environment load took 121.71ns 
130797     INFO  main            d.u.i.k.p.i.AbstractProblemLoader Creating init config 
133353     DEBUG main            d.u.i.k.p.i.AbstractProblemLoader Init config took 2.56s 
133397     INFO  main            d.u.i.k.p.i.AbstractProblemLoader Replaying proof StrictlyPure[StrictlyPure::strictlyPureMethod()].JML operation contract.0 
133440     DEBUG main            d.u.i.k.p.i.IntermediateProofReplayer Proof replay took 40.69ms 
133441     DEBUG main            d.u.i.k.p.r.p.TestFile    ... success: reloaded. 
133443     INFO  main            d.u.i.k.p.r.p.TestFile    Now processing file /home/runner/work/key/key/key.core/../key.ui/examples/heap/strictly_pure/useStrictlyPureMethod.key 
133443     INFO  main            d.u.i.k.p.i.AbstractProblemLoader Loading environment from /home/runner/work/key/key/key.core/../key.ui/examples/heap/strictly_pure/useStrictlyPureMethod.key 
133443     DEBUG main            d.u.i.k.p.i.AbstractProblemLoader Environment load took 219.11ns 
133444     INFO  main            d.u.i.k.p.i.AbstractProblemLoader Creating init config 
136014     DEBUG main            d.u.i.k.p.i.AbstractProblemLoader Init config took 2.57s 
136055     INFO  main            d.u.i.k.p.i.AbstractProblemLoader Replaying proof StrictlyPure[StrictlyPure::useStrictlyPureMethod(StrictlyPureClass)].JML operation contract.0 
136056     DEBUG main            d.u.i.k.p.i.IntermediateProofReplayer Proof replay took 6.8ns 
136369     INFO  main            d.u.i.k.p.r.p.TestFile    ... finished proof: closed. 
136627     INFO  main            d.u.i.k.p.i.AbstractProblemLoader Loading environment from /home/runner/work/key/key/key.core/../key.ui/examples/heap/strictly_pure/useStrictlyPureMethod.key.proof 
136627     DEBUG main            d.u.i.k.p.i.AbstractProblemLoader Environment load took 119.41ns 
136628     INFO  main            d.u.i.k.p.i.AbstractProblemLoader Creating init config 
139129     DEBUG main            d.u.i.k.p.i.AbstractProblemLoader Init config took 2.5s 
139169     INFO  main            d.u.i.k.p.i.AbstractProblemLoader Replaying proof StrictlyPure[StrictlyPure::useStrictlyPureMethod(StrictlyPureClass)].JML operation contract.0 
139228     DEBUG main            d.u.i.k.p.i.IntermediateProofReplayer Proof replay took 56.48ms 
139229     DEBUG main            d.u.i.k.p.r.p.TestFile    ... success: reloaded. 
139230     INFO  main            d.u.i.k.p.r.p.TestFile    Now processing file /home/runner/work/key/key/key.core/../key.ui/examples/heap/Wellfounded/ackermann.key 
139230     INFO  main            d.u.i.k.p.i.AbstractProblemLoader Loading environment from /home/runner/work/key/key/key.core/../key.ui/examples/heap/Wellfounded/ackermann.key 
139230     DEBUG main            d.u.i.k.p.i.AbstractProblemLoader Environment load took 105.51ns 
139231     INFO  main            d.u.i.k.p.i.AbstractProblemLoader Creating init config 
141821     DEBUG main            d.u.i.k.p.i.AbstractProblemLoader Init config took 2.59s 
141861     INFO  main            d.u.i.k.p.i.AbstractProblemLoader Replaying proof Ackermann[Ackermann::a(int,int)].JML normal_behavior operation contract.0 
141863     DEBUG main            d.u.i.k.p.i.IntermediateProofReplayer Proof replay took 6.5ns 
142267     INFO  main            d.u.i.k.p.r.p.TestFile    ... finished proof: closed. 
142556     INFO  main            d.u.i.k.p.i.AbstractProblemLoader Loading environment from /home/runner/work/key/key/key.core/../key.ui/examples/heap/Wellfounded/ackermann.key.proof 
142556     DEBUG main            d.u.i.k.p.i.AbstractProblemLoader Environment load took 439.83ns 
142558     INFO  main            d.u.i.k.p.i.AbstractProblemLoader Creating init config 
145054     DEBUG main            d.u.i.k.p.i.AbstractProblemLoader Init config took 2.5s 
145091     INFO  main            d.u.i.k.p.i.AbstractProblemLoader Replaying proof Ackermann[Ackermann::a(int,int)].JML normal_behavior operation contract.0 
145158     DEBUG main            d.u.i.k.p.i.IntermediateProofReplayer Proof replay took 63.68ms 
145159     DEBUG main            d.u.i.k.p.r.p.TestFile    ... success: reloaded. 
145160     INFO  main            d.u.i.k.p.r.p.TestFile    Now processing file /home/runner/work/key/key/key.core/../key.ui/examples/standard_key/unicode_test.key 
145161     INFO  main            d.u.i.k.p.i.AbstractProblemLoader Loading environment from /home/runner/work/key/key/key.core/../key.ui/examples/standard_key/unicode_test.key 
145161     DEBUG main            d.u.i.k.p.i.AbstractProblemLoader Environment load took 266.62ns 
145163     INFO  main            d.u.i.k.p.i.AbstractProblemLoader Creating init config 
147657     DEBUG main            d.u.i.k.p.i.AbstractProblemLoader Init config took 2.49s 
147671     INFO  main            d.u.i.k.p.i.AbstractProblemLoader Replaying proof unicode_test.key 
147673     DEBUG main            d.u.i.k.p.i.IntermediateProofReplayer Proof replay took 7.4ns 
147775     INFO  main            d.u.i.k.p.r.p.TestFile    ... finished proof: closed. 
148051     INFO  main            d.u.i.k.p.i.AbstractProblemLoader Loading environment from /home/runner/work/key/key/key.core/../key.ui/examples/standard_key/unicode_test.key.proof 
148051     DEBUG main            d.u.i.k.p.i.AbstractProblemLoader Environment load took 114.11ns 
148052     INFO  main            d.u.i.k.p.i.AbstractProblemLoader Creating init config 
150442     DEBUG main            d.u.i.k.p.i.AbstractProblemLoader Init config took 2.39s 
150456     INFO  main            d.u.i.k.p.i.AbstractProblemLoader Replaying proof unicode_test.key.proof 
150458     DEBUG main            d.u.i.k.p.i.IntermediateProofReplayer Proof replay took 402.12ns 
150459     DEBUG main            d.u.i.k.p.r.p.TestFile    ... success: reloaded. 
150460     INFO  main            d.u.i.k.p.r.p.TestFile    Now processing file /home/runner/work/key/key/key.core/../key.ui/examples/heap/strictlyModular/mayExpand.key 
150460     INFO  main            d.u.i.k.p.i.AbstractProblemLoader Loading environment from /home/runner/work/key/key/key.core/../key.ui/examples/heap/strictlyModular/mayExpand.key 
150460     DEBUG main            d.u.i.k.p.i.AbstractProblemLoader Environment load took 86.31ns 
150462     INFO  main            d.u.i.k.p.i.AbstractProblemLoader Creating init config 
153101     DEBUG main            d.u.i.k.p.i.AbstractProblemLoader Init config took 2.64s 
153139     INFO  main            d.u.i.k.p.i.AbstractProblemLoader Replaying proof Modular[Modular::m()].JML operation contract.0 
153141     DEBUG main            d.u.i.k.p.i.IntermediateProofReplayer Proof replay took 7.4ns 
153243     INFO  main            d.u.i.k.p.r.p.TestFile    ... finished proof: closed. 
153539     INFO  main            d.u.i.k.p.i.AbstractProblemLoader Loading environment from /home/runner/work/key/key/key.core/../key.ui/examples/heap/strictlyModular/mayExpand.key.proof 
153539     DEBUG main            d.u.i.k.p.i.AbstractProblemLoader Environment load took 120.31ns 
153540     INFO  main            d.u.i.k.p.i.AbstractProblemLoader Creating init config 
156063     DEBUG main            d.u.i.k.p.i.AbstractProblemLoader Init config took 2.52s 
156103     INFO  main            d.u.i.k.p.i.AbstractProblemLoader Replaying proof Modular[Modular::m()].JML operation contract.0 
156121     DEBUG main            d.u.i.k.p.i.IntermediateProofReplayer Proof replay took 16.41ms 
156122     DEBUG main            d.u.i.k.p.r.p.TestFile    ... success: reloaded. 
156123     INFO  main            d.u.i.k.p.r.p.TestFile    Now processing file /home/runner/work/key/key/key.core/../key.ui/examples/heap/strictlyModular/modularOnly.key 
156123     INFO  main            d.u.i.k.p.i.AbstractProblemLoader Loading environment from /home/runner/work/key/key/key.core/../key.ui/examples/heap/strictlyModular/modularOnly.key 
156123     DEBUG main            d.u.i.k.p.i.AbstractProblemLoader Environment load took 86.11ns 
156124     INFO  main            d.u.i.k.p.i.AbstractProblemLoader Creating init config 
158690     DEBUG main            d.u.i.k.p.i.AbstractProblemLoader Init config took 2.57s 
158724     INFO  main            d.u.i.k.p.i.AbstractProblemLoader Replaying proof Modular[Modular::m()].JML operation contract.0 
158725     DEBUG main            d.u.i.k.p.i.IntermediateProofReplayer Proof replay took 6.6ns 
158831     INFO  main            d.u.i.k.p.r.p.TestFile    ... finished proof: open goal(s) 
2033456    INFO  Test worker     d.u.i.k.p.r.RunAllProofsTestUnit Returning from test simpleTests 
2033459    INFO  Test worker     d.u.i.k.p.r.RunAllProofsTestUnit Running test SmansEtAl 
522        INFO  Timeout watchdog d.u.i.k.p.r.p.ForkedTestFileRunner Timeout watcher launched (2000 secs.) 
531        WARN  main            d.u.i.k.s.ProofSettings   The settings in /home/runner/.key/proof-settings.props are *not* read. 
572        INFO  main            d.u.i.k.p.r.p.TestFile    Now processing file /home/runner/work/key/key/key.core/../key.ui/examples/heap/SmansEtAl/ArrayList_add.key 
702        INFO  main            d.u.i.k.p.i.AbstractProblemLoader Loading environment from /home/runner/work/key/key/key.core/../key.ui/examples/heap/SmansEtAl/ArrayList_add.key 
718        DEBUG main            d.u.i.k.p.i.AbstractProblemLoader Environment load took 1.79ms 
955        INFO  main            d.u.i.k.p.i.AbstractProblemLoader Creating init config 
1968       DEBUG main            d.u.i.k.j.TypeConverter   No LDT found for Meta 
1970       DEBUG main            d.u.i.k.j.TypeConverter   No LDT found for Meta 
1972       DEBUG main            d.u.i.k.j.TypeConverter   No LDT found for Meta 
1972       DEBUG main            d.u.i.k.j.TypeConverter   No LDT found for Meta 
3410       DEBUG main            d.u.i.k.j.TypeConverter   No LDT found for JavaBigintExpression 
9074       DEBUG main            d.u.i.k.p.i.AbstractProblemLoader Init config took 8.12s 
9241       INFO  main            d.u.i.k.p.i.AbstractProblemLoader Replaying proof ArrayList[ArrayList::add(java.lang.Object)].JML normal_behavior operation contract.0 
9307       DEBUG main            d.u.i.k.p.i.IntermediateProofReplayer Proof replay took 33.8ns 
16620      INFO  main            d.u.i.k.p.r.p.TestFile    ... finished proof: closed. 
16840      INFO  main            d.u.i.k.p.i.AbstractProblemLoader Loading environment from /home/runner/work/key/key/key.core/../key.ui/examples/heap/SmansEtAl/ArrayList_add.key.proof 
16841      DEBUG main            d.u.i.k.p.i.AbstractProblemLoader Environment load took 987.96ns 
16845      INFO  main            d.u.i.k.p.i.AbstractProblemLoader Creating init config 
20204      DEBUG main            d.u.i.k.p.i.AbstractProblemLoader Init config took 3.36s 
20269      INFO  main            d.u.i.k.p.i.AbstractProblemLoader Replaying proof ArrayList[ArrayList::add(java.lang.Object)].JML normal_behavior operation contract.0 
21436      DEBUG main            d.u.i.k.p.i.IntermediateProofReplayer Proof replay took 1.13s 
21447      DEBUG main            d.u.i.k.p.r.p.TestFile    ... success: reloaded. 
21451      INFO  main            d.u.i.k.p.r.p.TestFile    Now processing file /home/runner/work/key/key/key.core/../key.ui/examples/heap/SmansEtAl/ArrayList_ArrayList.key 
21451      INFO  main            d.u.i.k.p.i.AbstractProblemLoader Loading environment from /home/runner/work/key/key/key.core/../key.ui/examples/heap/SmansEtAl/ArrayList_ArrayList.key 
21452      DEBUG main            d.u.i.k.p.i.AbstractProblemLoader Environment load took 241.41ns 
21456      INFO  main            d.u.i.k.p.i.AbstractProblemLoader Creating init config 
24669      DEBUG main            d.u.i.k.p.i.AbstractProblemLoader Init config took 3.21s 
24724      INFO  main            d.u.i.k.p.i.AbstractProblemLoader Replaying proof ArrayList[ArrayList::ArrayList()].JML normal_behavior operation contract.0 
24727      DEBUG main            d.u.i.k.p.i.IntermediateProofReplayer Proof replay took 6.1ns 
25732      INFO  main            d.u.i.k.p.r.p.TestFile    ... finished proof: closed. 
25908      INFO  main            d.u.i.k.p.i.AbstractProblemLoader Loading environment from /home/runner/work/key/key/key.core/../key.ui/examples/heap/SmansEtAl/ArrayList_ArrayList.key.proof 
25908      DEBUG main            d.u.i.k.p.i.AbstractProblemLoader Environment load took 469.33ns 
25910      INFO  main            d.u.i.k.p.i.AbstractProblemLoader Creating init config 
28894      DEBUG main            d.u.i.k.p.i.AbstractProblemLoader Init config took 2.98s 
28974      INFO  main            d.u.i.k.p.i.AbstractProblemLoader Replaying proof ArrayList[ArrayList::ArrayList()].JML normal_behavior operation contract.0 
29154      DEBUG main            d.u.i.k.p.i.IntermediateProofReplayer Proof replay took 165.3ms 
29156      DEBUG main            d.u.i.k.p.r.p.TestFile    ... success: reloaded. 
29158      INFO  main            d.u.i.k.p.r.p.TestFile    Now processing file /home/runner/work/key/key/key.core/../key.ui/examples/heap/SmansEtAl/ArrayList_footprint.key 
29158      INFO  main            d.u.i.k.p.i.AbstractProblemLoader Loading environment from /home/runner/work/key/key/key.core/../key.ui/examples/heap/SmansEtAl/ArrayList_footprint.key 
29158      DEBUG main            d.u.i.k.p.i.AbstractProblemLoader Environment load took 265.72ns 
29160      INFO  main            d.u.i.k.p.i.AbstractProblemLoader Creating init config 
32201      DEBUG main            d.u.i.k.p.i.AbstractProblemLoader Init config took 3.04s 
32201      DEBUG main            d.u.i.k.p.r.p.TestFile    Exception de.uka.ilkd.key.proof.io.ProblemLoaderException: Contract not found: ArrayList[ArrayList::$footprint()].JML accessible clause.0
	at de.uka.ilkd.key.control.AbstractUserInterfaceControl.load(AbstractUserInterfaceControl.java:225)
Caused by: java.lang.RuntimeException: Contract not found: ArrayList[ArrayList::$footprint()].JML accessible clause.0
	at de.uka.ilkd.key.proof.io.AbstractProblemLoader.createProofObligationContainer(AbstractProblemLoader.java:603)

32203      WARN  main            d.u.i.k.p.r.p.ForkedTestFileRunner Run failed de.uka.ilkd.key.proof.io.ProblemLoaderException: Contract not found: ArrayList[ArrayList::$footprint()].JML accessible clause.0
	at de.uka.ilkd.key.control.AbstractUserInterfaceControl.load(AbstractUserInterfaceControl.java:225)
Caused by: java.lang.RuntimeException: Contract not found: ArrayList[ArrayList::$footprint()].JML accessible clause.0
	at de.uka.ilkd.key.proof.io.AbstractProblemLoader.createProofObligationContainer(AbstractProblemLoader.java:603)

32204      INFO  main            d.u.i.k.p.r.p.TestFile    Now processing file /home/runner/work/key/key/key.core/../key.ui/examples/heap/SmansEtAl/ArrayList_get_dep.key 
32204      INFO  main            d.u.i.k.p.i.AbstractProblemLoader Loading environment from /home/runner/work/key/key/key.core/../key.ui/examples/heap/SmansEtAl/ArrayList_get_dep.key 
32204      DEBUG main            d.u.i.k.p.i.AbstractProblemLoader Environment load took 112.21ns 
32205      INFO  main            d.u.i.k.p.i.AbstractProblemLoader Creating init config 
35111      DEBUG main            d.u.i.k.p.i.AbstractProblemLoader Init config took 2.91s 
35184      INFO  main            d.u.i.k.p.i.AbstractProblemLoader Replaying proof ArrayList[ArrayList::get(int)].JML accessible clause.0 
35188      DEBUG main            d.u.i.k.p.i.IntermediateProofReplayer Proof replay took 6.5ns 
35492      INFO  main            d.u.i.k.p.r.p.TestFile    ... finished proof: closed. 
35665      INFO  main            d.u.i.k.p.i.AbstractProblemLoader Loading environment from /home/runner/work/key/key/key.core/../key.ui/examples/heap/SmansEtAl/ArrayList_get_dep.key.proof 
35666      DEBUG main            d.u.i.k.p.i.AbstractProblemLoader Environment load took 516.33ns 
35667      INFO  main            d.u.i.k.p.i.AbstractProblemLoader Creating init config 
38670      DEBUG main            d.u.i.k.p.i.AbstractProblemLoader Init config took 3s 
38720      INFO  main            d.u.i.k.p.i.AbstractProblemLoader Replaying proof ArrayList[ArrayList::get(int)].JML accessible clause.0 
38776      DEBUG main            d.u.i.k.p.i.IntermediateProofReplayer Proof replay took 51.77ms 
38778      DEBUG main            d.u.i.k.p.r.p.TestFile    ... success: reloaded. 
38779      INFO  main            d.u.i.k.p.r.p.TestFile    Now processing file /home/runner/work/key/key/key.core/../key.ui/examples/heap/SmansEtAl/ArrayList_get.key 
38780      INFO  main            d.u.i.k.p.i.AbstractProblemLoader Loading environment from /home/runner/work/key/key/key.core/../key.ui/examples/heap/SmansEtAl/ArrayList_get.key 
38780      DEBUG main            d.u.i.k.p.i.AbstractProblemLoader Environment load took 234.21ns 
38781      INFO  main            d.u.i.k.p.i.AbstractProblemLoader Creating init config 
41819      DEBUG main            d.u.i.k.p.i.AbstractProblemLoader Init config took 3.04s 
41883      INFO  main            d.u.i.k.p.i.AbstractProblemLoader Replaying proof ArrayList[ArrayList::get(int)].JML normal_behavior operation contract.0 
41887      DEBUG main            d.u.i.k.p.i.IntermediateProofReplayer Proof replay took 6.5ns 
42089      INFO  main            d.u.i.k.p.r.p.TestFile    ... finished proof: closed. 
42267      INFO  main            d.u.i.k.p.i.AbstractProblemLoader Loading environment from /home/runner/work/key/key/key.core/../key.ui/examples/heap/SmansEtAl/ArrayList_get.key.proof 
42267      DEBUG main            d.u.i.k.p.i.AbstractProblemLoader Environment load took 144.91ns 
42268      INFO  main            d.u.i.k.p.i.AbstractProblemLoader Creating init config 
45219      DEBUG main            d.u.i.k.p.i.AbstractProblemLoader Init config took 2.95s 
45287      INFO  main            d.u.i.k.p.i.AbstractProblemLoader Replaying proof ArrayList[ArrayList::get(int)].JML normal_behavior operation contract.0 
45326      DEBUG main            d.u.i.k.p.i.IntermediateProofReplayer Proof replay took 35.53ms 
45327      DEBUG main            d.u.i.k.p.r.p.TestFile    ... success: reloaded. 
45328      INFO  main            d.u.i.k.p.r.p.TestFile    Now processing file /home/runner/work/key/key/key.core/../key.ui/examples/heap/SmansEtAl/ArrayList_inv.key 
45329      INFO  main            d.u.i.k.p.i.AbstractProblemLoader Loading environment from /home/runner/work/key/key/key.core/../key.ui/examples/heap/SmansEtAl/ArrayList_inv.key 
45329      DEBUG main            d.u.i.k.p.i.AbstractProblemLoader Environment load took 116.21ns 
45330      INFO  main            d.u.i.k.p.i.AbstractProblemLoader Creating init config 
48322      DEBUG main            d.u.i.k.p.i.AbstractProblemLoader Init config took 2.99s 
48374      INFO  main            d.u.i.k.p.i.AbstractProblemLoader Replaying proof ArrayList[java.lang.Object::<inv>()].JML accessible clause.0 
48377      DEBUG main            d.u.i.k.p.i.IntermediateProofReplayer Proof replay took 7ns 
48480      INFO  main            d.u.i.k.p.r.p.TestFile    ... finished proof: closed. 
48677      INFO  main            d.u.i.k.p.i.AbstractProblemLoader Loading environment from /home/runner/work/key/key/key.core/../key.ui/examples/heap/SmansEtAl/ArrayList_inv.key.proof 
48677      DEBUG main            d.u.i.k.p.i.AbstractProblemLoader Environment load took 135.81ns 
48682      INFO  main            d.u.i.k.p.i.AbstractProblemLoader Creating init config 
51711      DEBUG main            d.u.i.k.p.i.AbstractProblemLoader Init config took 3.03s 
51761      INFO  main            d.u.i.k.p.i.AbstractProblemLoader Replaying proof ArrayList[java.lang.Object::<inv>()].JML accessible clause.0 
51775      DEBUG main            d.u.i.k.p.i.IntermediateProofReplayer Proof replay took 10.86ms 
51776      DEBUG main            d.u.i.k.p.r.p.TestFile    ... success: reloaded. 
51777      INFO  main            d.u.i.k.p.r.p.TestFile    Now processing file /home/runner/work/key/key/key.core/../key.ui/examples/heap/SmansEtAl/ArrayList_size_dep.key 
51778      INFO  main            d.u.i.k.p.i.AbstractProblemLoader Loading environment from /home/runner/work/key/key/key.core/../key.ui/examples/heap/SmansEtAl/ArrayList_size_dep.key 
51778      DEBUG main            d.u.i.k.p.i.AbstractProblemLoader Environment load took 429.33ns 
51779      INFO  main            d.u.i.k.p.i.AbstractProblemLoader Creating init config 
54764      DEBUG main            d.u.i.k.p.i.AbstractProblemLoader Init config took 2.98s 
54807      INFO  main            d.u.i.k.p.i.AbstractProblemLoader Replaying proof ArrayList[ArrayList::size()].JML accessible clause.0 
54809      DEBUG main            d.u.i.k.p.i.IntermediateProofReplayer Proof replay took 6.8ns 
54912      INFO  main            d.u.i.k.p.r.p.TestFile    ... finished proof: closed. 
55109      INFO  main            d.u.i.k.p.i.AbstractProblemLoader Loading environment from /home/runner/work/key/key/key.core/../key.ui/examples/heap/SmansEtAl/ArrayList_size_dep.key.proof 
55109      DEBUG main            d.u.i.k.p.i.AbstractProblemLoader Environment load took 118.01ns 
55111      INFO  main            d.u.i.k.p.i.AbstractProblemLoader Creating init config 
57932      DEBUG main            d.u.i.k.p.i.AbstractProblemLoader Init config took 2.82s 
57978      INFO  main            d.u.i.k.p.i.AbstractProblemLoader Replaying proof ArrayList[ArrayList::size()].JML accessible clause.0 
57997      DEBUG main            d.u.i.k.p.i.IntermediateProofReplayer Proof replay took 15.94ms 
57998      DEBUG main            d.u.i.k.p.r.p.TestFile    ... success: reloaded. 
57999      INFO  main            d.u.i.k.p.r.p.TestFile    Now processing file /home/runner/work/key/key/key.core/../key.ui/examples/heap/SmansEtAl/ArrayList_size.key 
57999      INFO  main            d.u.i.k.p.i.AbstractProblemLoader Loading environment from /home/runner/work/key/key/key.core/../key.ui/examples/heap/SmansEtAl/ArrayList_size.key 
57999      DEBUG main            d.u.i.k.p.i.AbstractProblemLoader Environment load took 107.51ns 
58000      INFO  main            d.u.i.k.p.i.AbstractProblemLoader Creating init config 
60914      DEBUG main            d.u.i.k.p.i.AbstractProblemLoader Init config took 2.91s 
60977      INFO  main            d.u.i.k.p.i.AbstractProblemLoader Replaying proof ArrayList[ArrayList::size()].JML normal_behavior operation contract.0 
60980      DEBUG main            d.u.i.k.p.i.IntermediateProofReplayer Proof replay took 6.6ns 
61082      INFO  main            d.u.i.k.p.r.p.TestFile    ... finished proof: closed. 
61291      INFO  main            d.u.i.k.p.i.AbstractProblemLoader Loading environment from /home/runner/work/key/key/key.core/../key.ui/examples/heap/SmansEtAl/ArrayList_size.key.proof 
61291      DEBUG main            d.u.i.k.p.i.AbstractProblemLoader Environment load took 160.71ns 
61292      INFO  main            d.u.i.k.p.i.AbstractProblemLoader Creating init config 
64202      DEBUG main            d.u.i.k.p.i.AbstractProblemLoader Init config took 2.91s 
64246      INFO  main            d.u.i.k.p.i.AbstractProblemLoader Replaying proof ArrayList[ArrayList::size()].JML normal_behavior operation contract.0 
64263      DEBUG main            d.u.i.k.p.i.IntermediateProofReplayer Proof replay took 14.86ms 
64264      DEBUG main            d.u.i.k.p.r.p.TestFile    ... success: reloaded. 
64266      INFO  main            d.u.i.k.p.r.p.TestFile    Now processing file /home/runner/work/key/key/key.core/../key.ui/examples/heap/SmansEtAl/Cell_Cell.key 
64266      INFO  main            d.u.i.k.p.i.AbstractProblemLoader Loading environment from /home/runner/work/key/key/key.core/../key.ui/examples/heap/SmansEtAl/Cell_Cell.key 
64266      DEBUG main            d.u.i.k.p.i.AbstractProblemLoader Environment load took 249.22ns 
64267      INFO  main            d.u.i.k.p.i.AbstractProblemLoader Creating init config 
67170      DEBUG main            d.u.i.k.p.i.AbstractProblemLoader Init config took 2.9s 
67210      INFO  main            d.u.i.k.p.i.AbstractProblemLoader Replaying proof Cell[Cell::Cell()].JML normal_behavior operation contract.0 
67211      DEBUG main            d.u.i.k.p.i.IntermediateProofReplayer Proof replay took 5.5ns 
67415      INFO  main            d.u.i.k.p.r.p.TestFile    ... finished proof: closed. 
67676      INFO  main            d.u.i.k.p.i.AbstractProblemLoader Loading environment from /home/runner/work/key/key/key.core/../key.ui/examples/heap/SmansEtAl/Cell_Cell.key.proof 
67676      DEBUG main            d.u.i.k.p.i.AbstractProblemLoader Environment load took 460.73ns 
67677      INFO  main            d.u.i.k.p.i.AbstractProblemLoader Creating init config 
70547      DEBUG main            d.u.i.k.p.i.AbstractProblemLoader Init config took 2.87s 
70589      INFO  main            d.u.i.k.p.i.AbstractProblemLoader Replaying proof Cell[Cell::Cell()].JML normal_behavior operation contract.0 
70633      DEBUG main            d.u.i.k.p.i.IntermediateProofReplayer Proof replay took 40.51ms 
70634      DEBUG main            d.u.i.k.p.r.p.TestFile    ... success: reloaded. 
70636      INFO  main            d.u.i.k.p.r.p.TestFile    Now processing file /home/runner/work/key/key/key.core/../key.ui/examples/heap/SmansEtAl/Cell_footprint.key 
70636      INFO  main            d.u.i.k.p.i.AbstractProblemLoader Loading environment from /home/runner/work/key/key/key.core/../key.ui/examples/heap/SmansEtAl/Cell_footprint.key 
70636      DEBUG main            d.u.i.k.p.i.AbstractProblemLoader Environment load took 218.91ns 
70637      INFO  main            d.u.i.k.p.i.AbstractProblemLoader Creating init config 
73664      DEBUG main            d.u.i.k.p.i.AbstractProblemLoader Init config took 3.03s 
73664      DEBUG main            d.u.i.k.p.r.p.TestFile    Exception de.uka.ilkd.key.proof.io.ProblemLoaderException: Contract not found: Cell[Cell::$footprint()].JML accessible clause.0
	at de.uka.ilkd.key.control.AbstractUserInterfaceControl.load(AbstractUserInterfaceControl.java:225)
Caused by: java.lang.RuntimeException: Contract not found: Cell[Cell::$footprint()].JML accessible clause.0
	at de.uka.ilkd.key.proof.io.AbstractProblemLoader.createProofObligationContainer(AbstractProblemLoader.java:603)

73664      WARN  main            d.u.i.k.p.r.p.ForkedTestFileRunner Run failed de.uka.ilkd.key.proof.io.ProblemLoaderException: Contract not found: Cell[Cell::$footprint()].JML accessible clause.0
	at de.uka.ilkd.key.control.AbstractUserInterfaceControl.load(AbstractUserInterfaceControl.java:225)
Caused by: java.lang.RuntimeException: Contract not found: Cell[Cell::$footprint()].JML accessible clause.0
	at de.uka.ilkd.key.proof.io.AbstractProblemLoader.createProofObligationContainer(AbstractProblemLoader.java:603)

73666      INFO  main            d.u.i.k.p.r.p.TestFile    Now processing file /home/runner/work/key/key/key.core/../key.ui/examples/heap/SmansEtAl/Cell_getX_dep.key 
73666      INFO  main            d.u.i.k.p.i.AbstractProblemLoader Loading environment from /home/runner/work/key/key/key.core/../key.ui/examples/heap/SmansEtAl/Cell_getX_dep.key 
73667      DEBUG main            d.u.i.k.p.i.AbstractProblemLoader Environment load took 303.62ns 
73668      INFO  main            d.u.i.k.p.i.AbstractProblemLoader Creating init config 
76496      DEBUG main            d.u.i.k.p.i.AbstractProblemLoader Init config took 2.83s 
76542      INFO  main            d.u.i.k.p.i.AbstractProblemLoader Replaying proof Cell[Cell::getX()].JML accessible clause.0 
76544      DEBUG main            d.u.i.k.p.i.IntermediateProofReplayer Proof replay took 5.4ns 
76645      INFO  main            d.u.i.k.p.r.p.TestFile    ... finished proof: closed. 
76871      INFO  main            d.u.i.k.p.i.AbstractProblemLoader Loading environment from /home/runner/work/key/key/key.core/../key.ui/examples/heap/SmansEtAl/Cell_getX_dep.key.proof 
76871      DEBUG main            d.u.i.k.p.i.AbstractProblemLoader Environment load took 123.91ns 
76872      INFO  main            d.u.i.k.p.i.AbstractProblemLoader Creating init config 
79722      DEBUG main            d.u.i.k.p.i.AbstractProblemLoader Init config took 2.85s 
79768      INFO  main            d.u.i.k.p.i.AbstractProblemLoader Replaying proof Cell[Cell::getX()].JML accessible clause.0 
79786      DEBUG main            d.u.i.k.p.i.IntermediateProofReplayer Proof replay took 13.17ms 
79787      DEBUG main            d.u.i.k.p.r.p.TestFile    ... success: reloaded. 
79789      INFO  main            d.u.i.k.p.r.p.TestFile    Now processing file /home/runner/work/key/key/key.core/../key.ui/examples/heap/SmansEtAl/Cell_getX.key 
79789      INFO  main            d.u.i.k.p.i.AbstractProblemLoader Loading environment from /home/runner/work/key/key/key.core/../key.ui/examples/heap/SmansEtAl/Cell_getX.key 
79789      DEBUG main            d.u.i.k.p.i.AbstractProblemLoader Environment load took 234.72ns 
79790      INFO  main            d.u.i.k.p.i.AbstractProblemLoader Creating init config 
82704      DEBUG main            d.u.i.k.p.i.AbstractProblemLoader Init config took 2.91s 
82745      INFO  main            d.u.i.k.p.i.AbstractProblemLoader Replaying proof Cell[Cell::getX()].JML normal_behavior operation contract.0 
82747      DEBUG main            d.u.i.k.p.i.IntermediateProofReplayer Proof replay took 7.4ns 
82849      INFO  main            d.u.i.k.p.r.p.TestFile    ... finished proof: closed. 
83082      INFO  main            d.u.i.k.p.i.AbstractProblemLoader Loading environment from /home/runner/work/key/key/key.core/../key.ui/examples/heap/SmansEtAl/Cell_getX.key.proof 
83082      DEBUG main            d.u.i.k.p.i.AbstractProblemLoader Environment load took 134.11ns 
83083      INFO  main            d.u.i.k.p.i.AbstractProblemLoader Creating init config 
85969      DEBUG main            d.u.i.k.p.i.AbstractProblemLoader Init config took 2.89s 
86016      INFO  main            d.u.i.k.p.i.AbstractProblemLoader Replaying proof Cell[Cell::getX()].JML normal_behavior operation contract.0 
86030      DEBUG main            d.u.i.k.p.i.IntermediateProofReplayer Proof replay took 11.98ms 
86032      DEBUG main            d.u.i.k.p.r.p.TestFile    ... success: reloaded. 
86034      INFO  main            d.u.i.k.p.r.p.TestFile    Now processing file /home/runner/work/key/key/key.core/../key.ui/examples/heap/SmansEtAl/Cell_inv.key 
86034      INFO  main            d.u.i.k.p.i.AbstractProblemLoader Loading environment from /home/runner/work/key/key/key.core/../key.ui/examples/heap/SmansEtAl/Cell_inv.key 
86034      DEBUG main            d.u.i.k.p.i.AbstractProblemLoader Environment load took 108.21ns 
86036      INFO  main            d.u.i.k.p.i.AbstractProblemLoader Creating init config 
88919      DEBUG main            d.u.i.k.p.i.AbstractProblemLoader Init config took 2.88s 
88956      INFO  main            d.u.i.k.p.i.AbstractProblemLoader Replaying proof Cell[java.lang.Object::<inv>()].JML accessible clause.0 
88958      DEBUG main            d.u.i.k.p.i.IntermediateProofReplayer Proof replay took 5.8ns 
89060      INFO  main            d.u.i.k.p.r.p.TestFile    ... finished proof: closed. 
89281      INFO  main            d.u.i.k.p.i.AbstractProblemLoader Loading environment from /home/runner/work/key/key/key.core/../key.ui/examples/heap/SmansEtAl/Cell_inv.key.proof 
89281      DEBUG main            d.u.i.k.p.i.AbstractProblemLoader Environment load took 139.61ns 
89282      INFO  main            d.u.i.k.p.i.AbstractProblemLoader Creating init config 
92129      DEBUG main            d.u.i.k.p.i.AbstractProblemLoader Init config took 2.85s 
92171      INFO  main            d.u.i.k.p.i.AbstractProblemLoader Replaying proof Cell[java.lang.Object::<inv>()].JML accessible clause.0 
92177      DEBUG main            d.u.i.k.p.i.IntermediateProofReplayer Proof replay took 2.03ms 
92179      DEBUG main            d.u.i.k.p.r.p.TestFile    ... success: reloaded. 
92180      INFO  main            d.u.i.k.p.r.p.TestFile    Now processing file /home/runner/work/key/key/key.core/../key.ui/examples/heap/SmansEtAl/Cell_setX.key 
92181      INFO  main            d.u.i.k.p.i.AbstractProblemLoader Loading environment from /home/runner/work/key/key/key.core/../key.ui/examples/heap/SmansEtAl/Cell_setX.key 
92181      DEBUG main            d.u.i.k.p.i.AbstractProblemLoader Environment load took 115.21ns 
92182      INFO  main            d.u.i.k.p.i.AbstractProblemLoader Creating init config 
95092      DEBUG main            d.u.i.k.p.i.AbstractProblemLoader Init config took 2.91s 
95149      INFO  main            d.u.i.k.p.i.AbstractProblemLoader Replaying proof Cell[Cell::setX(int)].JML normal_behavior operation contract.0 
95150      DEBUG main            d.u.i.k.p.i.IntermediateProofReplayer Proof replay took 5.5ns 
95255      INFO  main            d.u.i.k.p.r.p.TestFile    ... finished proof: closed. 
95493      INFO  main            d.u.i.k.p.i.AbstractProblemLoader Loading environment from /home/runner/work/key/key/key.core/../key.ui/examples/heap/SmansEtAl/Cell_setX.key.proof 
95493      DEBUG main            d.u.i.k.p.i.AbstractProblemLoader Environment load took 138.21ns 
95494      INFO  main            d.u.i.k.p.i.AbstractProblemLoader Creating init config 
98368      DEBUG main            d.u.i.k.p.i.AbstractProblemLoader Init config took 2.87s 
98409      INFO  main            d.u.i.k.p.i.AbstractProblemLoader Replaying proof Cell[Cell::setX(int)].JML normal_behavior operation contract.0 
98433      DEBUG main            d.u.i.k.p.i.IntermediateProofReplayer Proof replay took 21.68ms 
98433      DEBUG main            d.u.i.k.p.r.p.TestFile    ... success: reloaded. 
98434      INFO  main            d.u.i.k.p.r.p.TestFile    Now processing file /home/runner/work/key/key/key.core/../key.ui/examples/heap/SmansEtAl/CellClient_m.key 
98435      INFO  main            d.u.i.k.p.i.AbstractProblemLoader Loading environment from /home/runner/work/key/key/key.core/../key.ui/examples/heap/SmansEtAl/CellClient_m.key 
98435      DEBUG main            d.u.i.k.p.i.AbstractProblemLoader Environment load took 112.41ns 
98436      INFO  main            d.u.i.k.p.i.AbstractProblemLoader Creating init config 
101306     DEBUG main            d.u.i.k.p.i.AbstractProblemLoader Init config took 2.87s 
101344     INFO  main            d.u.i.k.p.i.AbstractProblemLoader Replaying proof CellClient[CellClient::m()].JML operation contract.0 
101346     DEBUG main            d.u.i.k.p.i.IntermediateProofReplayer Proof replay took 6.8ns 
101852     INFO  main            d.u.i.k.p.r.p.TestFile    ... finished proof: closed. 
102082     INFO  main            d.u.i.k.p.i.AbstractProblemLoader Loading environment from /home/runner/work/key/key/key.core/../key.ui/examples/heap/SmansEtAl/CellClient_m.key.proof 
102082     DEBUG main            d.u.i.k.p.i.AbstractProblemLoader Environment load took 216.11ns 
102083     INFO  main            d.u.i.k.p.i.AbstractProblemLoader Creating init config 
104933     DEBUG main            d.u.i.k.p.i.AbstractProblemLoader Init config took 2.85s 
104972     INFO  main            d.u.i.k.p.i.AbstractProblemLoader Replaying proof CellClient[CellClient::m()].JML operation contract.0 
105078     DEBUG main            d.u.i.k.p.i.IntermediateProofReplayer Proof replay took 102.57ms 
105079     DEBUG main            d.u.i.k.p.r.p.TestFile    ... success: reloaded. 
105080     INFO  main            d.u.i.k.p.r.p.TestFile    Now processing file /home/runner/work/key/key/key.core/../key.ui/examples/heap/SmansEtAl/Iterator_footprint.key 
105081     INFO  main            d.u.i.k.p.i.AbstractProblemLoader Loading environment from /home/runner/work/key/key/key.core/../key.ui/examples/heap/SmansEtAl/Iterator_footprint.key 
105081     DEBUG main            d.u.i.k.p.i.AbstractProblemLoader Environment load took 273.82ns 
105090     INFO  main            d.u.i.k.p.i.AbstractProblemLoader Creating init config 
108032     DEBUG main            d.u.i.k.p.i.AbstractProblemLoader Init config took 2.94s 
108032     DEBUG main            d.u.i.k.p.r.p.TestFile    Exception de.uka.ilkd.key.proof.io.ProblemLoaderException: Contract not found: Iterator[Iterator::$footprint()].JML accessible clause.0
	at de.uka.ilkd.key.control.AbstractUserInterfaceControl.load(AbstractUserInterfaceControl.java:225)
Caused by: java.lang.RuntimeException: Contract not found: Iterator[Iterator::$footprint()].JML accessible clause.0
	at de.uka.ilkd.key.proof.io.AbstractProblemLoader.createProofObligationContainer(AbstractProblemLoader.java:603)

108032     WARN  main            d.u.i.k.p.r.p.ForkedTestFileRunner Run failed de.uka.ilkd.key.proof.io.ProblemLoaderException: Contract not found: Iterator[Iterator::$footprint()].JML accessible clause.0
	at de.uka.ilkd.key.control.AbstractUserInterfaceControl.load(AbstractUserInterfaceControl.java:225)
Caused by: java.lang.RuntimeException: Contract not found: Iterator[Iterator::$footprint()].JML accessible clause.0
	at de.uka.ilkd.key.proof.io.AbstractProblemLoader.createProofObligationContainer(AbstractProblemLoader.java:603)

108033     INFO  main            d.u.i.k.p.r.p.TestFile    Now processing file /home/runner/work/key/key/key.core/../key.ui/examples/heap/SmansEtAl/Iterator_hasNext_dep.key 
108033     INFO  main            d.u.i.k.p.i.AbstractProblemLoader Loading environment from /home/runner/work/key/key/key.core/../key.ui/examples/heap/SmansEtAl/Iterator_hasNext_dep.key 
108033     DEBUG main            d.u.i.k.p.i.AbstractProblemLoader Environment load took 86.91ns 
108034     INFO  main            d.u.i.k.p.i.AbstractProblemLoader Creating init config 
110973     DEBUG main            d.u.i.k.p.i.AbstractProblemLoader Init config took 2.94s 
111013     INFO  main            d.u.i.k.p.i.AbstractProblemLoader Replaying proof Iterator[Iterator::hasNext()].JML accessible clause.0 
111014     DEBUG main            d.u.i.k.p.i.IntermediateProofReplayer Proof replay took 6.7ns 
111721     INFO  main            d.u.i.k.p.r.p.TestFile    ... finished proof: closed. 
111999     INFO  main            d.u.i.k.p.i.AbstractProblemLoader Loading environment from /home/runner/work/key/key/key.core/../key.ui/examples/heap/SmansEtAl/Iterator_hasNext_dep.key.proof 
112000     DEBUG main            d.u.i.k.p.i.AbstractProblemLoader Environment load took 468.03ns 
112001     INFO  main            d.u.i.k.p.i.AbstractProblemLoader Creating init config 
114897     DEBUG main            d.u.i.k.p.i.AbstractProblemLoader Init config took 2.9s 
114940     INFO  main            d.u.i.k.p.i.AbstractProblemLoader Replaying proof Iterator[Iterator::hasNext()].JML accessible clause.0 
115057     DEBUG main            d.u.i.k.p.i.IntermediateProofReplayer Proof replay took 102.8ms 
115058     DEBUG main            d.u.i.k.p.r.p.TestFile    ... success: reloaded. 
115060     INFO  main            d.u.i.k.p.r.p.TestFile    Now processing file /home/runner/work/key/key/key.core/../key.ui/examples/heap/SmansEtAl/Iterator_hasNext.key 
115060     INFO  main            d.u.i.k.p.i.AbstractProblemLoader Loading environment from /home/runner/work/key/key/key.core/../key.ui/examples/heap/SmansEtAl/Iterator_hasNext.key 
115060     DEBUG main            d.u.i.k.p.i.AbstractProblemLoader Environment load took 109.31ns 
115061     INFO  main            d.u.i.k.p.i.AbstractProblemLoader Creating init config 
118003     DEBUG main            d.u.i.k.p.i.AbstractProblemLoader Init config took 2.94s 
118044     INFO  main            d.u.i.k.p.i.AbstractProblemLoader Replaying proof Iterator[Iterator::hasNext()].JML normal_behavior operation contract.0 
118047     DEBUG main            d.u.i.k.p.i.IntermediateProofReplayer Proof replay took 7.7ns 
118653     INFO  main            d.u.i.k.p.r.p.TestFile    ... finished proof: open goal(s) 
118963     INFO  main            d.u.i.k.p.r.p.TestFile    Now processing file /home/runner/work/key/key/key.core/../key.ui/examples/heap/SmansEtAl/Iterator_inv.key 
118963     INFO  main            d.u.i.k.p.i.AbstractProblemLoader Loading environment from /home/runner/work/key/key/key.core/../key.ui/examples/heap/SmansEtAl/Iterator_inv.key 
118963     DEBUG main            d.u.i.k.p.i.AbstractProblemLoader Environment load took 79.91ns 
118964     INFO  main            d.u.i.k.p.i.AbstractProblemLoader Creating init config 
121831     DEBUG main            d.u.i.k.p.i.AbstractProblemLoader Init config took 2.87s 
121880     INFO  main            d.u.i.k.p.i.AbstractProblemLoader Replaying proof Iterator[java.lang.Object::<inv>()].JML accessible clause.0 
121882     DEBUG main            d.u.i.k.p.i.IntermediateProofReplayer Proof replay took 7.3ns 
122098     INFO  main            d.u.i.k.p.r.p.TestFile    ... finished proof: open goal(s) 
122427     INFO  main            d.u.i.k.p.r.p.TestFile    Now processing file /home/runner/work/key/key/key.core/../key.ui/examples/heap/SmansEtAl/Iterator_Iterator.key 
122428     INFO  main            d.u.i.k.p.i.AbstractProblemLoader Loading environment from /home/runner/work/key/key/key.core/../key.ui/examples/heap/SmansEtAl/Iterator_Iterator.key 
122428     DEBUG main            d.u.i.k.p.i.AbstractProblemLoader Environment load took 136.51ns 
122429     INFO  main            d.u.i.k.p.i.AbstractProblemLoader Creating init config 
125299     DEBUG main            d.u.i.k.p.i.AbstractProblemLoader Init config took 2.87s 
125340     INFO  main            d.u.i.k.p.i.AbstractProblemLoader Replaying proof Iterator[Iterator::Iterator(ArrayList)].JML normal_behavior operation contract.0 
125342     DEBUG main            d.u.i.k.p.i.IntermediateProofReplayer Proof replay took 6.2ns 
126051     INFO  main            d.u.i.k.p.r.p.TestFile    ... finished proof: open goal(s) 
126347     INFO  main            d.u.i.k.p.r.p.TestFile    Now processing file /home/runner/work/key/key/key.core/../key.ui/examples/heap/SmansEtAl/Iterator_list_dep.key 
126348     INFO  main            d.u.i.k.p.i.AbstractProblemLoader Loading environment from /home/runner/work/key/key/key.core/../key.ui/examples/heap/SmansEtAl/Iterator_list_dep.key 
126348     DEBUG main            d.u.i.k.p.i.AbstractProblemLoader Environment load took 120.81ns 
126349     INFO  main            d.u.i.k.p.i.AbstractProblemLoader Creating init config 
129092     DEBUG main            d.u.i.k.p.i.AbstractProblemLoader Init config took 2.74s 
129148     INFO  main            d.u.i.k.p.i.AbstractProblemLoader Replaying proof Iterator[Iterator::list()].JML accessible clause.0 
129153     DEBUG main            d.u.i.k.p.i.IntermediateProofReplayer Proof replay took 6.9ns 
129256     INFO  main            d.u.i.k.p.r.p.TestFile    ... finished proof: closed. 
129507     INFO  main            d.u.i.k.p.i.AbstractProblemLoader Loading environment from /home/runner/work/key/key/key.core/../key.ui/examples/heap/SmansEtAl/Iterator_list_dep.key.proof 
129507     DEBUG main            d.u.i.k.p.i.AbstractProblemLoader Environment load took 150.01ns 
129508     INFO  main            d.u.i.k.p.i.AbstractProblemLoader Creating init config 
132332     DEBUG main            d.u.i.k.p.i.AbstractProblemLoader Init config took 2.82s 
132372     INFO  main            d.u.i.k.p.i.AbstractProblemLoader Replaying proof Iterator[Iterator::list()].JML accessible clause.0 
132391     DEBUG main            d.u.i.k.p.i.IntermediateProofReplayer Proof replay took 17.6ms 
132392     DEBUG main            d.u.i.k.p.r.p.TestFile    ... success: reloaded. 
132394     INFO  main            d.u.i.k.p.r.p.TestFile    Now processing file /home/runner/work/key/key/key.core/../key.ui/examples/heap/SmansEtAl/Iterator_list.key 
132394     INFO  main            d.u.i.k.p.i.AbstractProblemLoader Loading environment from /home/runner/work/key/key/key.core/../key.ui/examples/heap/SmansEtAl/Iterator_list.key 
132395     DEBUG main            d.u.i.k.p.i.AbstractProblemLoader Environment load took 85.41ns 
132395     INFO  main            d.u.i.k.p.i.AbstractProblemLoader Creating init config 
135285     DEBUG main            d.u.i.k.p.i.AbstractProblemLoader Init config took 2.89s 
135325     INFO  main            d.u.i.k.p.i.AbstractProblemLoader Replaying proof Iterator[Iterator::list()].JML normal_behavior operation contract.0 
135327     DEBUG main            d.u.i.k.p.i.IntermediateProofReplayer Proof replay took 5.7ns 
135435     INFO  main            d.u.i.k.p.r.p.TestFile    ... finished proof: closed. 
135704     INFO  main            d.u.i.k.p.i.AbstractProblemLoader Loading environment from /home/runner/work/key/key/key.core/../key.ui/examples/heap/SmansEtAl/Iterator_list.key.proof 
135704     DEBUG main            d.u.i.k.p.i.AbstractProblemLoader Environment load took 128.91ns 
135705     INFO  main            d.u.i.k.p.i.AbstractProblemLoader Creating init config 
138485     DEBUG main            d.u.i.k.p.i.AbstractProblemLoader Init config took 2.78s 
138526     INFO  main            d.u.i.k.p.i.AbstractProblemLoader Replaying proof Iterator[Iterator::list()].JML normal_behavior operation contract.0 
138543     DEBUG main            d.u.i.k.p.i.IntermediateProofReplayer Proof replay took 15.91ms 
138544     DEBUG main            d.u.i.k.p.r.p.TestFile    ... success: reloaded. 
138545     INFO  main            d.u.i.k.p.r.p.TestFile    Now processing file /home/runner/work/key/key/key.core/../key.ui/examples/heap/SmansEtAl/Iterator_next.key 
138545     INFO  main            d.u.i.k.p.i.AbstractProblemLoader Loading environment from /home/runner/work/key/key/key.core/../key.ui/examples/heap/SmansEtAl/Iterator_next.key 
138545     DEBUG main            d.u.i.k.p.i.AbstractProblemLoader Environment load took 101.41ns 
138546     INFO  main            d.u.i.k.p.i.AbstractProblemLoader Creating init config 
141394     DEBUG main            d.u.i.k.p.i.AbstractProblemLoader Init config took 2.85s 
141435     INFO  main            d.u.i.k.p.i.AbstractProblemLoader Replaying proof Iterator[Iterator::next()].JML normal_behavior operation contract.0 
141437     DEBUG main            d.u.i.k.p.i.IntermediateProofReplayer Proof replay took 7.2ns 
143749     INFO  main            d.u.i.k.p.r.p.TestFile    ... finished proof: open goal(s) 
144055     INFO  main            d.u.i.k.p.r.p.TestFile    Now processing file /home/runner/work/key/key/key.core/../key.ui/examples/heap/SmansEtAl/Stack_footprint.key 
144055     INFO  main            d.u.i.k.p.i.AbstractProblemLoader Loading environment from /home/runner/work/key/key/key.core/../key.ui/examples/heap/SmansEtAl/Stack_footprint.key 
144055     DEBUG main            d.u.i.k.p.i.AbstractProblemLoader Environment load took 66ns 
144056     INFO  main            d.u.i.k.p.i.AbstractProblemLoader Creating init config 
146851     DEBUG main            d.u.i.k.p.i.AbstractProblemLoader Init config took 2.79s 
146851     DEBUG main            d.u.i.k.p.r.p.TestFile    Exception de.uka.ilkd.key.proof.io.ProblemLoaderException: Contract not found: Stack[Stack::$footprint()].JML accessible clause.0
	at de.uka.ilkd.key.control.AbstractUserInterfaceControl.load(AbstractUserInterfaceControl.java:225)
Caused by: java.lang.RuntimeException: Contract not found: Stack[Stack::$footprint()].JML accessible clause.0
	at de.uka.ilkd.key.proof.io.AbstractProblemLoader.createProofObligationContainer(AbstractProblemLoader.java:603)

146851     WARN  main            d.u.i.k.p.r.p.ForkedTestFileRunner Run failed de.uka.ilkd.key.proof.io.ProblemLoaderException: Contract not found: Stack[Stack::$footprint()].JML accessible clause.0
	at de.uka.ilkd.key.control.AbstractUserInterfaceControl.load(AbstractUserInterfaceControl.java:225)
Caused by: java.lang.RuntimeException: Contract not found: Stack[Stack::$footprint()].JML accessible clause.0
	at de.uka.ilkd.key.proof.io.AbstractProblemLoader.createProofObligationContainer(AbstractProblemLoader.java:603)

146851     INFO  main            d.u.i.k.p.r.p.TestFile    Now processing file /home/runner/work/key/key/key.core/../key.ui/examples/heap/SmansEtAl/Stack_inv.key 
146851     INFO  main            d.u.i.k.p.i.AbstractProblemLoader Loading environment from /home/runner/work/key/key/key.core/../key.ui/examples/heap/SmansEtAl/Stack_inv.key 
146852     DEBUG main            d.u.i.k.p.i.AbstractProblemLoader Environment load took 91.41ns 
146852     INFO  main            d.u.i.k.p.i.AbstractProblemLoader Creating init config 
149645     DEBUG main            d.u.i.k.p.i.AbstractProblemLoader Init config took 2.79s 
149683     INFO  main            d.u.i.k.p.i.AbstractProblemLoader Replaying proof Stack[java.lang.Object::<inv>()].JML accessible clause.0 
149685     DEBUG main            d.u.i.k.p.i.IntermediateProofReplayer Proof replay took 6.3ns 
149787     INFO  main            d.u.i.k.p.r.p.TestFile    ... finished proof: open goal(s) 
150071     INFO  main            d.u.i.k.p.r.p.TestFile    Now processing file /home/runner/work/key/key/key.core/../key.ui/examples/heap/SmansEtAl/Stack_push.key 
150071     INFO  main            d.u.i.k.p.i.AbstractProblemLoader Loading environment from /home/runner/work/key/key/key.core/../key.ui/examples/heap/SmansEtAl/Stack_push.key 
150071     DEBUG main            d.u.i.k.p.i.AbstractProblemLoader Environment load took 56.4ns 
150072     INFO  main            d.u.i.k.p.i.AbstractProblemLoader Creating init config 
152820     DEBUG main            d.u.i.k.p.i.AbstractProblemLoader Init config took 2.75s 
152860     INFO  main            d.u.i.k.p.i.AbstractProblemLoader Replaying proof Stack[Stack::push(java.lang.Object)].JML normal_behavior operation contract.0 
152861     DEBUG main            d.u.i.k.p.i.IntermediateProofReplayer Proof replay took 6.2ns 
153566     INFO  main            d.u.i.k.p.r.p.TestFile    ... finished proof: closed. 
153877     INFO  main            d.u.i.k.p.i.AbstractProblemLoader Loading environment from /home/runner/work/key/key/key.core/../key.ui/examples/heap/SmansEtAl/Stack_push.key.proof 
153877     DEBUG main            d.u.i.k.p.i.AbstractProblemLoader Environment load took 476.43ns 
153879     INFO  main            d.u.i.k.p.i.AbstractProblemLoader Creating init config 
156695     DEBUG main            d.u.i.k.p.i.AbstractProblemLoader Init config took 2.82s 
156734     INFO  main            d.u.i.k.p.i.AbstractProblemLoader Replaying proof Stack[Stack::push(java.lang.Object)].JML normal_behavior operation contract.0 
156868     DEBUG main            d.u.i.k.p.i.IntermediateProofReplayer Proof replay took 124.64ms 
156869     DEBUG main            d.u.i.k.p.r.p.TestFile    ... success: reloaded. 
156870     INFO  main            d.u.i.k.p.r.p.TestFile    Now processing file /home/runner/work/key/key/key.core/../key.ui/examples/heap/SmansEtAl/Stack_size.key 
156871     INFO  main            d.u.i.k.p.i.AbstractProblemLoader Loading environment from /home/runner/work/key/key/key.core/../key.ui/examples/heap/SmansEtAl/Stack_size.key 
156871     DEBUG main            d.u.i.k.p.i.AbstractProblemLoader Environment load took 147.81ns 
156873     INFO  main            d.u.i.k.p.i.AbstractProblemLoader Creating init config 
159690     DEBUG main            d.u.i.k.p.i.AbstractProblemLoader Init config took 2.82s 
159751     INFO  main            d.u.i.k.p.i.AbstractProblemLoader Replaying proof Stack[Stack::size()].JML accessible clause.0 
159753     DEBUG main            d.u.i.k.p.i.IntermediateProofReplayer Proof replay took 6.4ns 
160055     INFO  main            d.u.i.k.p.r.p.TestFile    ... finished proof: closed. 
160362     INFO  main            d.u.i.k.p.i.AbstractProblemLoader Loading environment from /home/runner/work/key/key/key.core/../key.ui/examples/heap/SmansEtAl/Stack_size.key.proof 
160362     DEBUG main            d.u.i.k.p.i.AbstractProblemLoader Environment load took 465.53ns 
160363     INFO  main            d.u.i.k.p.i.AbstractProblemLoader Creating init config 
163110     DEBUG main            d.u.i.k.p.i.AbstractProblemLoader Init config took 2.75s 
163147     INFO  main            d.u.i.k.p.i.AbstractProblemLoader Replaying proof Stack[Stack::size()].JML accessible clause.0 
163193     DEBUG main            d.u.i.k.p.i.IntermediateProofReplayer Proof replay took 42.76ms 
163194     DEBUG main            d.u.i.k.p.r.p.TestFile    ... success: reloaded. 
163195     INFO  main            d.u.i.k.p.r.p.TestFile    Now processing file /home/runner/work/key/key/key.core/../key.ui/examples/heap/SmansEtAl/Stack_Stack.key 
163195     INFO  main            d.u.i.k.p.i.AbstractProblemLoader Loading environment from /home/runner/work/key/key/key.core/../key.ui/examples/heap/SmansEtAl/Stack_Stack.key 
163195     DEBUG main            d.u.i.k.p.i.AbstractProblemLoader Environment load took 99.21ns 
163196     INFO  main            d.u.i.k.p.i.AbstractProblemLoader Creating init config 
166057     DEBUG main            d.u.i.k.p.i.AbstractProblemLoader Init config took 2.86s 
166101     INFO  main            d.u.i.k.p.i.AbstractProblemLoader Replaying proof Stack[Stack::Stack()].JML normal_behavior operation contract.0 
166103     DEBUG main            d.u.i.k.p.i.IntermediateProofReplayer Proof replay took 6.6ns 
166908     INFO  main            d.u.i.k.p.r.p.TestFile    ... finished proof: open goal(s) 
167247     INFO  main            d.u.i.k.p.r.p.TestFile    Now processing file /home/runner/work/key/key/key.core/../key.ui/examples/heap/SmansEtAl/Stack_switchContents.key 
167248     INFO  main            d.u.i.k.p.i.AbstractProblemLoader Loading environment from /home/runner/work/key/key/key.core/../key.ui/examples/heap/SmansEtAl/Stack_switchContents.key 
167248     DEBUG main            d.u.i.k.p.i.AbstractProblemLoader Environment load took 110.11ns 
167249     INFO  main            d.u.i.k.p.i.AbstractProblemLoader Creating init config 
169978     DEBUG main            d.u.i.k.p.i.AbstractProblemLoader Init config took 2.73s 
170014     INFO  main            d.u.i.k.p.i.AbstractProblemLoader Replaying proof Stack[Stack::switchContents(Stack)].JML normal_behavior operation contract.0 
170016     DEBUG main            d.u.i.k.p.i.IntermediateProofReplayer Proof replay took 6.7ns 
175050     INFO  main            d.u.i.k.p.r.p.TestFile    ... finished proof: open goal(s) 
2209143    INFO  Test worker     d.u.i.k.p.r.RunAllProofsTestUnit Running test VACID0 
340        INFO  Timeout watchdog d.u.i.k.p.r.p.ForkedTestFileRunner Timeout watcher launched (2000 secs.) 
355        WARN  main            d.u.i.k.s.ProofSettings   The settings in /home/runner/.key/proof-settings.props are *not* read. 
382        INFO  main            d.u.i.k.p.r.p.TestFile    Now processing file /home/runner/work/key/key/key.core/../key.ui/examples/heap/vacid0_01_SparseArray/Harness_sparseArrayTestHarness1.key 
489        INFO  main            d.u.i.k.p.i.AbstractProblemLoader Loading environment from /home/runner/work/key/key/key.core/../key.ui/examples/heap/vacid0_01_SparseArray/Harness_sparseArrayTestHarness1.key 
512        DEBUG main            d.u.i.k.p.i.AbstractProblemLoader Environment load took 2.4ms 
760        INFO  main            d.u.i.k.p.i.AbstractProblemLoader Creating init config 
1861       DEBUG main            d.u.i.k.j.TypeConverter   No LDT found for Meta 
1861       DEBUG main            d.u.i.k.j.TypeConverter   No LDT found for Meta 
1864       DEBUG main            d.u.i.k.j.TypeConverter   No LDT found for Meta 
1864       DEBUG main            d.u.i.k.j.TypeConverter   No LDT found for Meta 
3368       DEBUG main            d.u.i.k.j.TypeConverter   No LDT found for JavaBigintExpression 
8775       DEBUG main            d.u.i.k.p.i.AbstractProblemLoader Init config took 8.01s 
8907       INFO  main            d.u.i.k.p.i.AbstractProblemLoader Replaying proof Harness[Harness::sparseArrayTestHarness1()].JML normal_behavior operation contract.0 
8946       DEBUG main            d.u.i.k.p.i.IntermediateProofReplayer Proof replay took 36.3ns 
10653      INFO  main            d.u.i.k.p.r.p.TestFile    ... finished proof: closed. 
10801      INFO  main            d.u.i.k.p.i.AbstractProblemLoader Loading environment from /home/runner/work/key/key/key.core/../key.ui/examples/heap/vacid0_01_SparseArray/Harness_sparseArrayTestHarness1.key.proof 
10801      DEBUG main            d.u.i.k.p.i.AbstractProblemLoader Environment load took 275.02ns 
10804      INFO  main            d.u.i.k.p.i.AbstractProblemLoader Creating init config 
13967      DEBUG main            d.u.i.k.p.i.AbstractProblemLoader Init config took 3.16s 
14039      INFO  main            d.u.i.k.p.i.AbstractProblemLoader Replaying proof Harness[Harness::sparseArrayTestHarness1()].JML normal_behavior operation contract.0 
14298      DEBUG main            d.u.i.k.p.i.IntermediateProofReplayer Proof replay took 243.98ms 
14306      DEBUG main            d.u.i.k.p.r.p.TestFile    ... success: reloaded. 
14308      INFO  main            d.u.i.k.p.r.p.TestFile    Now processing file /home/runner/work/key/key/key.core/../key.ui/examples/heap/vacid0_01_SparseArray/Harness_sparseArrayTestHarness2.key 
14308      INFO  main            d.u.i.k.p.i.AbstractProblemLoader Loading environment from /home/runner/work/key/key/key.core/../key.ui/examples/heap/vacid0_01_SparseArray/Harness_sparseArrayTestHarness2.key 
14308      DEBUG main            d.u.i.k.p.i.AbstractProblemLoader Environment load took 300.82ns 
14313      INFO  main            d.u.i.k.p.i.AbstractProblemLoader Creating init config 
17357      DEBUG main            d.u.i.k.p.i.AbstractProblemLoader Init config took 3.04s 
17414      INFO  main            d.u.i.k.p.i.AbstractProblemLoader Replaying proof Harness[Harness::sparseArrayTestHarness2()].JML normal_behavior operation contract.0 
17417      DEBUG main            d.u.i.k.p.i.IntermediateProofReplayer Proof replay took 5.2ns 
27484      INFO  main            d.u.i.k.p.r.p.TestFile    ... finished proof: closed. 
27698      INFO  main            d.u.i.k.p.i.AbstractProblemLoader Loading environment from /home/runner/work/key/key/key.core/../key.ui/examples/heap/vacid0_01_SparseArray/Harness_sparseArrayTestHarness2.key.proof 
27698      DEBUG main            d.u.i.k.p.i.AbstractProblemLoader Environment load took 167.81ns 
27700      INFO  main            d.u.i.k.p.i.AbstractProblemLoader Creating init config 
30700      DEBUG main            d.u.i.k.p.i.AbstractProblemLoader Init config took 3s 
30749      INFO  main            d.u.i.k.p.i.AbstractProblemLoader Replaying proof Harness[Harness::sparseArrayTestHarness2()].JML normal_behavior operation contract.0 
31891      DEBUG main            d.u.i.k.p.i.IntermediateProofReplayer Proof replay took 1.11s 
31895      DEBUG main            d.u.i.k.p.r.p.TestFile    ... success: reloaded. 
31897      INFO  main            d.u.i.k.p.r.p.TestFile    Now processing file /home/runner/work/key/key/key.core/../key.ui/examples/heap/vacid0_01_SparseArray/MemoryAllocator_alloc_unsigned.key 
31898      INFO  main            d.u.i.k.p.i.AbstractProblemLoader Loading environment from /home/runner/work/key/key/key.core/../key.ui/examples/heap/vacid0_01_SparseArray/MemoryAllocator_alloc_unsigned.key 
31898      DEBUG main            d.u.i.k.p.i.AbstractProblemLoader Environment load took 277.22ns 
31899      INFO  main            d.u.i.k.p.i.AbstractProblemLoader Creating init config 
34856      DEBUG main            d.u.i.k.p.i.AbstractProblemLoader Init config took 2.96s 
34905      INFO  main            d.u.i.k.p.i.AbstractProblemLoader Replaying proof MemoryAllocator[MemoryAllocator::alloc_unsigned(int)].JML normal_behavior operation contract.0 
34907      DEBUG main            d.u.i.k.p.i.IntermediateProofReplayer Proof replay took 7.1ns 
35814      INFO  main            d.u.i.k.p.r.p.TestFile    ... finished proof: closed. 
36013      INFO  main            d.u.i.k.p.i.AbstractProblemLoader Loading environment from /home/runner/work/key/key/key.core/../key.ui/examples/heap/vacid0_01_SparseArray/MemoryAllocator_alloc_unsigned.key.proof 
36014      DEBUG main            d.u.i.k.p.i.AbstractProblemLoader Environment load took 1.23ms 
36016      INFO  main            d.u.i.k.p.i.AbstractProblemLoader Creating init config 
38815      DEBUG main            d.u.i.k.p.i.AbstractProblemLoader Init config took 2.8s 
38861      INFO  main            d.u.i.k.p.i.AbstractProblemLoader Replaying proof MemoryAllocator[MemoryAllocator::alloc_unsigned(int)].JML normal_behavior operation contract.0 
39106      DEBUG main            d.u.i.k.p.i.IntermediateProofReplayer Proof replay took 239.92ms 
39107      DEBUG main            d.u.i.k.p.r.p.TestFile    ... success: reloaded. 
39109      INFO  main            d.u.i.k.p.r.p.TestFile    Now processing file /home/runner/work/key/key/key.core/../key.ui/examples/heap/vacid0_01_SparseArray/MemoryAllocator_alloc.key 
39109      INFO  main            d.u.i.k.p.i.AbstractProblemLoader Loading environment from /home/runner/work/key/key/key.core/../key.ui/examples/heap/vacid0_01_SparseArray/MemoryAllocator_alloc.key 
39110      DEBUG main            d.u.i.k.p.i.AbstractProblemLoader Environment load took 278.42ns 
39111      INFO  main            d.u.i.k.p.i.AbstractProblemLoader Creating init config 
41945      DEBUG main            d.u.i.k.p.i.AbstractProblemLoader Init config took 2.83s 
41992      INFO  main            d.u.i.k.p.i.AbstractProblemLoader Replaying proof MemoryAllocator[MemoryAllocator::alloc(int)].JML normal_behavior operation contract.0 
41994      DEBUG main            d.u.i.k.p.i.IntermediateProofReplayer Proof replay took 5.9ns 
42708      INFO  main            d.u.i.k.p.r.p.TestFile    ... finished proof: closed. 
42889      INFO  main            d.u.i.k.p.i.AbstractProblemLoader Loading environment from /home/runner/work/key/key/key.core/../key.ui/examples/heap/vacid0_01_SparseArray/MemoryAllocator_alloc.key.proof 
42889      DEBUG main            d.u.i.k.p.i.AbstractProblemLoader Environment load took 505.03ns 
42890      INFO  main            d.u.i.k.p.i.AbstractProblemLoader Creating init config 
45777      DEBUG main            d.u.i.k.p.i.AbstractProblemLoader Init config took 2.89s 
45824      INFO  main            d.u.i.k.p.i.AbstractProblemLoader Replaying proof MemoryAllocator[MemoryAllocator::alloc(int)].JML normal_behavior operation contract.0 
45971      DEBUG main            d.u.i.k.p.i.IntermediateProofReplayer Proof replay took 143.47ms 
45972      DEBUG main            d.u.i.k.p.r.p.TestFile    ... success: reloaded. 
45974      INFO  main            d.u.i.k.p.r.p.TestFile    Now processing file /home/runner/work/key/key/key.core/../key.ui/examples/heap/vacid0_01_SparseArray/SparseArray_get_dep.key 
45974      INFO  main            d.u.i.k.p.i.AbstractProblemLoader Loading environment from /home/runner/work/key/key/key.core/../key.ui/examples/heap/vacid0_01_SparseArray/SparseArray_get_dep.key 
45974      DEBUG main            d.u.i.k.p.i.AbstractProblemLoader Environment load took 114.41ns 
45975      INFO  main            d.u.i.k.p.i.AbstractProblemLoader Creating init config 
48840      DEBUG main            d.u.i.k.p.i.AbstractProblemLoader Init config took 2.86s 
48916      INFO  main            d.u.i.k.p.i.AbstractProblemLoader Replaying proof SparseArray[SparseArray::get(int)].JML accessible clause.0 
48918      DEBUG main            d.u.i.k.p.i.IntermediateProofReplayer Proof replay took 5.8ns 
51529      INFO  main            d.u.i.k.p.r.p.TestFile    ... finished proof: closed. 
51745      INFO  main            d.u.i.k.p.i.AbstractProblemLoader Loading environment from /home/runner/work/key/key/key.core/../key.ui/examples/heap/vacid0_01_SparseArray/SparseArray_get_dep.key.proof 
51746      DEBUG main            d.u.i.k.p.i.AbstractProblemLoader Environment load took 794.55ns 
51749      INFO  main            d.u.i.k.p.i.AbstractProblemLoader Creating init config 
54582      DEBUG main            d.u.i.k.p.i.AbstractProblemLoader Init config took 2.83s 
54645      INFO  main            d.u.i.k.p.i.AbstractProblemLoader Replaying proof SparseArray[SparseArray::get(int)].JML accessible clause.0 
54944      DEBUG main            d.u.i.k.p.i.IntermediateProofReplayer Proof replay took 289.96ms 
54946      DEBUG main            d.u.i.k.p.r.p.TestFile    ... success: reloaded. 
54947      INFO  main            d.u.i.k.p.r.p.TestFile    Now processing file /home/runner/work/key/key/key.core/../key.ui/examples/heap/vacid0_01_SparseArray/SparseArray_get.key 
54948      INFO  main            d.u.i.k.p.i.AbstractProblemLoader Loading environment from /home/runner/work/key/key/key.core/../key.ui/examples/heap/vacid0_01_SparseArray/SparseArray_get.key 
54948      DEBUG main            d.u.i.k.p.i.AbstractProblemLoader Environment load took 650.34ns 
54950      INFO  main            d.u.i.k.p.i.AbstractProblemLoader Creating init config 
57754      DEBUG main            d.u.i.k.p.i.AbstractProblemLoader Init config took 2.8s 
57819      INFO  main            d.u.i.k.p.i.AbstractProblemLoader Replaying proof SparseArray[SparseArray::get(int)].JML normal_behavior operation contract.0 
57821      DEBUG main            d.u.i.k.p.i.IntermediateProofReplayer Proof replay took 6.2ns 
60244      INFO  main            d.u.i.k.p.r.p.TestFile    ... finished proof: closed. 
60458      INFO  main            d.u.i.k.p.i.AbstractProblemLoader Loading environment from /home/runner/work/key/key/key.core/../key.ui/examples/heap/vacid0_01_SparseArray/SparseArray_get.key.proof 
60458      DEBUG main            d.u.i.k.p.i.AbstractProblemLoader Environment load took 484.53ns 
60460      INFO  main            d.u.i.k.p.i.AbstractProblemLoader Creating init config 
63200      DEBUG main            d.u.i.k.p.i.AbstractProblemLoader Init config took 2.74s 
63265      INFO  main            d.u.i.k.p.i.AbstractProblemLoader Replaying proof SparseArray[SparseArray::get(int)].JML normal_behavior operation contract.0 
63589      DEBUG main            d.u.i.k.p.i.IntermediateProofReplayer Proof replay took 306.48ms 
63590      DEBUG main            d.u.i.k.p.r.p.TestFile    ... success: reloaded. 
63591      INFO  main            d.u.i.k.p.r.p.TestFile    Now processing file /home/runner/work/key/key/key.core/../key.ui/examples/heap/vacid0_01_SparseArray/SparseArray_inv.key 
63592      INFO  main            d.u.i.k.p.i.AbstractProblemLoader Loading environment from /home/runner/work/key/key/key.core/../key.ui/examples/heap/vacid0_01_SparseArray/SparseArray_inv.key 
63592      DEBUG main            d.u.i.k.p.i.AbstractProblemLoader Environment load took 261.02ns 
63594      INFO  main            d.u.i.k.p.i.AbstractProblemLoader Creating init config 
66399      DEBUG main            d.u.i.k.p.i.AbstractProblemLoader Init config took 2.81s 
66480      INFO  main            d.u.i.k.p.i.AbstractProblemLoader Replaying proof SparseArray[java.lang.Object::<inv>()].JML accessible clause.0 
66481      DEBUG main            d.u.i.k.p.i.IntermediateProofReplayer Proof replay took 6.5ns 
68419      INFO  main            d.u.i.k.p.r.p.TestFile    ... finished proof: closed. 
68637      INFO  main            d.u.i.k.p.i.AbstractProblemLoader Loading environment from /home/runner/work/key/key/key.core/../key.ui/examples/heap/vacid0_01_SparseArray/SparseArray_inv.key.proof 
68637      DEBUG main            d.u.i.k.p.i.AbstractProblemLoader Environment load took 589.14ns 
68639      INFO  main            d.u.i.k.p.i.AbstractProblemLoader Creating init config 
71324      DEBUG main            d.u.i.k.p.i.AbstractProblemLoader Init config took 2.69s 
71387      INFO  main            d.u.i.k.p.i.AbstractProblemLoader Replaying proof SparseArray[java.lang.Object::<inv>()].JML accessible clause.0 
71521      DEBUG main            d.u.i.k.p.i.IntermediateProofReplayer Proof replay took 128.48ms 
71522      DEBUG main            d.u.i.k.p.r.p.TestFile    ... success: reloaded. 
71523      INFO  main            d.u.i.k.p.r.p.TestFile    Now processing file /home/runner/work/key/key/key.core/../key.ui/examples/heap/vacid0_01_SparseArray/SparseArray_SparseArray.key 
71523      INFO  main            d.u.i.k.p.i.AbstractProblemLoader Loading environment from /home/runner/work/key/key/key.core/../key.ui/examples/heap/vacid0_01_SparseArray/SparseArray_SparseArray.key 
71523      DEBUG main            d.u.i.k.p.i.AbstractProblemLoader Environment load took 93.71ns 
71524      INFO  main            d.u.i.k.p.i.AbstractProblemLoader Creating init config 
74236      DEBUG main            d.u.i.k.p.i.AbstractProblemLoader Init config took 2.71s 
74298      INFO  main            d.u.i.k.p.i.AbstractProblemLoader Replaying proof SparseArray[SparseArray::SparseArray(int)].JML normal_behavior operation contract.0 
74300      DEBUG main            d.u.i.k.p.i.IntermediateProofReplayer Proof replay took 5.6ns 
78234      INFO  main            d.u.i.k.p.r.p.TestFile    ... finished proof: closed. 
78460      INFO  main            d.u.i.k.p.i.AbstractProblemLoader Loading environment from /home/runner/work/key/key/key.core/../key.ui/examples/heap/vacid0_01_SparseArray/SparseArray_SparseArray.key.proof 
78461      DEBUG main            d.u.i.k.p.i.AbstractProblemLoader Environment load took 442.53ns 
78462      INFO  main            d.u.i.k.p.i.AbstractProblemLoader Creating init config 
81115      DEBUG main            d.u.i.k.p.i.AbstractProblemLoader Init config took 2.65s 
81184      INFO  main            d.u.i.k.p.i.AbstractProblemLoader Replaying proof SparseArray[SparseArray::SparseArray(int)].JML normal_behavior operation contract.0 
81669      DEBUG main            d.u.i.k.p.i.IntermediateProofReplayer Proof replay took 476.52ms 
81671      DEBUG main            d.u.i.k.p.r.p.TestFile    ... success: reloaded. 
2290998    INFO  Test worker     d.u.i.k.p.r.RunAllProofsTestUnit Returning from test VACID0 
2290999    INFO  Test worker     d.u.i.k.p.r.RunAllProofsTestUnit Running test VSTTE10 
405        INFO  Timeout watchdog d.u.i.k.p.r.p.ForkedTestFileRunner Timeout watcher launched (2000 secs.) 
424        WARN  main            d.u.i.k.s.ProofSettings   The settings in /home/runner/.key/proof-settings.props are *not* read. 
468        INFO  main            d.u.i.k.p.r.p.TestFile    Now processing file /home/runner/work/key/key/key.core/../key.ui/examples/heap/vstte10_01_SumAndMax/SumAndMax_sumAndMax.key 
588        INFO  main            d.u.i.k.p.i.AbstractProblemLoader Loading environment from /home/runner/work/key/key/key.core/../key.ui/examples/heap/vstte10_01_SumAndMax/SumAndMax_sumAndMax.key 
605        DEBUG main            d.u.i.k.p.i.AbstractProblemLoader Environment load took 1.67ms 
819        INFO  main            d.u.i.k.p.i.AbstractProblemLoader Creating init config 
1871       DEBUG main            d.u.i.k.j.TypeConverter   No LDT found for Meta 
1872       DEBUG main            d.u.i.k.j.TypeConverter   No LDT found for Meta 
1874       DEBUG main            d.u.i.k.j.TypeConverter   No LDT found for Meta 
1875       DEBUG main            d.u.i.k.j.TypeConverter   No LDT found for Meta 
3691       DEBUG main            d.u.i.k.j.TypeConverter   No LDT found for JavaBigintExpression 
9284       DEBUG main            d.u.i.k.p.i.AbstractProblemLoader Init config took 8.47s 
9415       INFO  main            d.u.i.k.p.i.AbstractProblemLoader Replaying proof SumAndMax[SumAndMax::sumAndMax([I)].JML normal_behavior operation contract.0 
9492       DEBUG main            d.u.i.k.p.i.IntermediateProofReplayer Proof replay took 35.3ns 
15280      INFO  main            d.u.i.k.p.r.p.TestFile    ... finished proof: closed. 
15484      INFO  main            d.u.i.k.p.i.AbstractProblemLoader Loading environment from /home/runner/work/key/key/key.core/../key.ui/examples/heap/vstte10_01_SumAndMax/SumAndMax_sumAndMax.key.proof 
15485      DEBUG main            d.u.i.k.p.i.AbstractProblemLoader Environment load took 918.36ns 
15489      INFO  main            d.u.i.k.p.i.AbstractProblemLoader Creating init config 
18619      DEBUG main            d.u.i.k.p.i.AbstractProblemLoader Init config took 3.13s 
18690      INFO  main            d.u.i.k.p.i.AbstractProblemLoader Replaying proof SumAndMax[SumAndMax::sumAndMax([I)].JML normal_behavior operation contract.0 
19466      DEBUG main            d.u.i.k.p.i.IntermediateProofReplayer Proof replay took 753.15ms 
19475      DEBUG main            d.u.i.k.p.r.p.TestFile    ... success: reloaded. 
19477      INFO  main            d.u.i.k.p.r.p.TestFile    Now processing file /home/runner/work/key/key/key.core/../key.ui/examples/heap/vstte10_03_LinkedList/Node_cons.key 
19477      INFO  main            d.u.i.k.p.i.AbstractProblemLoader Loading environment from /home/runner/work/key/key/key.core/../key.ui/examples/heap/vstte10_03_LinkedList/Node_cons.key 
19478      DEBUG main            d.u.i.k.p.i.AbstractProblemLoader Environment load took 308.52ns 
19479      INFO  main            d.u.i.k.p.i.AbstractProblemLoader Creating init config 
22532      DEBUG main            d.u.i.k.p.i.AbstractProblemLoader Init config took 3.05s 
22612      INFO  main            d.u.i.k.p.i.AbstractProblemLoader Replaying proof Node[Node::cons(int,Node)].JML normal_behavior operation contract.0 
22614      DEBUG main            d.u.i.k.p.i.IntermediateProofReplayer Proof replay took 5.9ns 
24444      INFO  main            d.u.i.k.p.r.p.TestFile    ... finished proof: closed. 
24634      INFO  main            d.u.i.k.p.i.AbstractProblemLoader Loading environment from /home/runner/work/key/key/key.core/../key.ui/examples/heap/vstte10_03_LinkedList/Node_cons.key.proof 
24637      DEBUG main            d.u.i.k.p.i.AbstractProblemLoader Environment load took 2.23ms 
24638      INFO  main            d.u.i.k.p.i.AbstractProblemLoader Creating init config 
27546      DEBUG main            d.u.i.k.p.i.AbstractProblemLoader Init config took 2.91s 
27617      INFO  main            d.u.i.k.p.i.AbstractProblemLoader Replaying proof Node[Node::cons(int,Node)].JML normal_behavior operation contract.0 
27907      DEBUG main            d.u.i.k.p.i.IntermediateProofReplayer Proof replay took 278.12ms 
27909      DEBUG main            d.u.i.k.p.r.p.TestFile    ... success: reloaded. 
27911      INFO  main            d.u.i.k.p.r.p.TestFile    Now processing file /home/runner/work/key/key/key.core/../key.ui/examples/heap/vstte10_03_LinkedList/Node_inv.key 
27911      INFO  main            d.u.i.k.p.i.AbstractProblemLoader Loading environment from /home/runner/work/key/key/key.core/../key.ui/examples/heap/vstte10_03_LinkedList/Node_inv.key 
27911      DEBUG main            d.u.i.k.p.i.AbstractProblemLoader Environment load took 248.72ns 
27913      INFO  main            d.u.i.k.p.i.AbstractProblemLoader Creating init config 
30806      DEBUG main            d.u.i.k.p.i.AbstractProblemLoader Init config took 2.89s 
30863      INFO  main            d.u.i.k.p.i.AbstractProblemLoader Replaying proof Node[java.lang.Object::<inv>()].JML accessible clause.0 
30868      DEBUG main            d.u.i.k.p.i.IntermediateProofReplayer Proof replay took 5.7ns 
31272      INFO  main            d.u.i.k.p.r.p.TestFile    ... finished proof: closed. 
31445      INFO  main            d.u.i.k.p.i.AbstractProblemLoader Loading environment from /home/runner/work/key/key/key.core/../key.ui/examples/heap/vstte10_03_LinkedList/Node_inv.key.proof 
31445      DEBUG main            d.u.i.k.p.i.AbstractProblemLoader Environment load took 616.44ns 
31447      INFO  main            d.u.i.k.p.i.AbstractProblemLoader Creating init config 
34165      DEBUG main            d.u.i.k.p.i.AbstractProblemLoader Init config took 2.72s 
34234      INFO  main            d.u.i.k.p.i.AbstractProblemLoader Replaying proof Node[java.lang.Object::<inv>()].JML accessible clause.0 
34285      DEBUG main            d.u.i.k.p.i.IntermediateProofReplayer Proof replay took 45.28ms 
34286      DEBUG main            d.u.i.k.p.r.p.TestFile    ... success: reloaded. 
34288      INFO  main            d.u.i.k.p.r.p.TestFile    Now processing file /home/runner/work/key/key/key.core/../key.ui/examples/heap/vstte10_03_LinkedList/Node_search.key 
34289      INFO  main            d.u.i.k.p.i.AbstractProblemLoader Loading environment from /home/runner/work/key/key/key.core/../key.ui/examples/heap/vstte10_03_LinkedList/Node_search.key 
34289      DEBUG main            d.u.i.k.p.i.AbstractProblemLoader Environment load took 262.32ns 
34291      INFO  main            d.u.i.k.p.i.AbstractProblemLoader Creating init config 
37154      DEBUG main            d.u.i.k.p.i.AbstractProblemLoader Init config took 2.86s 
37208      INFO  main            d.u.i.k.p.i.AbstractProblemLoader Replaying proof Node[Node::search()].JML normal_behavior operation contract.0 
37209      DEBUG main            d.u.i.k.p.i.IntermediateProofReplayer Proof replay took 5.5ns 
45076      INFO  main            d.u.i.k.p.r.p.TestFile    ... finished proof: closed. 
45316      INFO  main            d.u.i.k.p.i.AbstractProblemLoader Loading environment from /home/runner/work/key/key/key.core/../key.ui/examples/heap/vstte10_03_LinkedList/Node_search.key.proof 
45317      DEBUG main            d.u.i.k.p.i.AbstractProblemLoader Environment load took 516.63ns 
45321      INFO  main            d.u.i.k.p.i.AbstractProblemLoader Creating init config 
48038      DEBUG main            d.u.i.k.p.i.AbstractProblemLoader Init config took 2.72s 
48099      INFO  main            d.u.i.k.p.i.AbstractProblemLoader Replaying proof Node[Node::search()].JML normal_behavior operation contract.0 
48899      DEBUG main            d.u.i.k.p.i.IntermediateProofReplayer Proof replay took 754.28ms 
48903      DEBUG main            d.u.i.k.p.r.p.TestFile    ... success: reloaded. 
48904      INFO  main            d.u.i.k.p.r.p.TestFile    Now processing file /home/runner/work/key/key/key.core/../key.ui/examples/heap/vstte10_04_Queens/Queens_isConsistent.key 
48905      INFO  main            d.u.i.k.p.i.AbstractProblemLoader Loading environment from /home/runner/work/key/key/key.core/../key.ui/examples/heap/vstte10_04_Queens/Queens_isConsistent.key 
48905      DEBUG main            d.u.i.k.p.i.AbstractProblemLoader Environment load took 223.81ns 
48906      INFO  main            d.u.i.k.p.i.AbstractProblemLoader Creating init config 
51978      DEBUG main            d.u.i.k.p.i.AbstractProblemLoader Init config took 3.07s 
52044      INFO  main            d.u.i.k.p.i.AbstractProblemLoader Replaying proof Queens[Queens::isConsistent([I,int)].JML normal_behavior operation contract.0 
52046      DEBUG main            d.u.i.k.p.i.IntermediateProofReplayer Proof replay took 6.2ns 
53905      INFO  main            d.u.i.k.p.r.p.TestFile    ... finished proof: closed. 
54151      INFO  main            d.u.i.k.p.i.AbstractProblemLoader Loading environment from /home/runner/work/key/key/key.core/../key.ui/examples/heap/vstte10_04_Queens/Queens_isConsistent.key.proof 
54151      DEBUG main            d.u.i.k.p.i.AbstractProblemLoader Environment load took 463.43ns 
54153      INFO  main            d.u.i.k.p.i.AbstractProblemLoader Creating init config 
57036      DEBUG main            d.u.i.k.p.i.AbstractProblemLoader Init config took 2.88s 
57095      INFO  main            d.u.i.k.p.i.AbstractProblemLoader Replaying proof Queens[Queens::isConsistent([I,int)].JML normal_behavior operation contract.0 
57511      DEBUG main            d.u.i.k.p.i.IntermediateProofReplayer Proof replay took 405.87ms 
57512      DEBUG main            d.u.i.k.p.r.p.TestFile    ... success: reloaded. 
57514      INFO  main            d.u.i.k.p.r.p.TestFile    Now processing file /home/runner/work/key/key/key.core/../key.ui/examples/heap/vstte10_04_Queens/Queens_nQueens.key 
57514      INFO  main            d.u.i.k.p.i.AbstractProblemLoader Loading environment from /home/runner/work/key/key/key.core/../key.ui/examples/heap/vstte10_04_Queens/Queens_nQueens.key 
57515      DEBUG main            d.u.i.k.p.i.AbstractProblemLoader Environment load took 252.12ns 
57516      INFO  main            d.u.i.k.p.i.AbstractProblemLoader Creating init config 
60361      DEBUG main            d.u.i.k.p.i.AbstractProblemLoader Init config took 2.85s 
60406      INFO  main            d.u.i.k.p.i.AbstractProblemLoader Replaying proof Queens[Queens::nQueens(int)].JML normal_behavior operation contract.0 
60408      DEBUG main            d.u.i.k.p.i.IntermediateProofReplayer Proof replay took 5.6ns 
73671      INFO  main            d.u.i.k.p.r.p.TestFile    ... finished proof: closed. 
73941      INFO  main            d.u.i.k.p.i.AbstractProblemLoader Loading environment from /home/runner/work/key/key/key.core/../key.ui/examples/heap/vstte10_04_Queens/Queens_nQueens.key.proof 
73941      DEBUG main            d.u.i.k.p.i.AbstractProblemLoader Environment load took 505.73ns 
73944      INFO  main            d.u.i.k.p.i.AbstractProblemLoader Creating init config 
76744      DEBUG main            d.u.i.k.p.i.AbstractProblemLoader Init config took 2.8s 
76790      INFO  main            d.u.i.k.p.i.AbstractProblemLoader Replaying proof Queens[Queens::nQueens(int)].JML normal_behavior operation contract.0 
77910      DEBUG main            d.u.i.k.p.i.IntermediateProofReplayer Proof replay took 1.1s 
77912      DEBUG main            d.u.i.k.p.r.p.TestFile    ... success: reloaded. 
77913      INFO  main            d.u.i.k.p.r.p.TestFile    Now processing file /home/runner/work/key/key/key.core/../key.ui/examples/heap/vstte10_05_Queue/AmortizedQueue_AmortizedQueue.key 
77913      INFO  main            d.u.i.k.p.i.AbstractProblemLoader Loading environment from /home/runner/work/key/key/key.core/../key.ui/examples/heap/vstte10_05_Queue/AmortizedQueue_AmortizedQueue.key 
77914      DEBUG main            d.u.i.k.p.i.AbstractProblemLoader Environment load took 278.02ns 
77915      INFO  main            d.u.i.k.p.i.AbstractProblemLoader Creating init config 
80971      DEBUG main            d.u.i.k.p.i.AbstractProblemLoader Init config took 3.06s 
81018      INFO  main            d.u.i.k.p.i.AbstractProblemLoader Replaying proof AmortizedQueue[AmortizedQueue::AmortizedQueue()].JML normal_behavior operation contract.0 
81020      DEBUG main            d.u.i.k.p.i.IntermediateProofReplayer Proof replay took 5.4ns 
82527      INFO  main            d.u.i.k.p.r.p.TestFile    ... finished proof: closed. 
82819      INFO  main            d.u.i.k.p.i.AbstractProblemLoader Loading environment from /home/runner/work/key/key/key.core/../key.ui/examples/heap/vstte10_05_Queue/AmortizedQueue_AmortizedQueue.key.proof 
82820      DEBUG main            d.u.i.k.p.i.AbstractProblemLoader Environment load took 449.03ns 
82821      INFO  main            d.u.i.k.p.i.AbstractProblemLoader Creating init config 
85599      DEBUG main            d.u.i.k.p.i.AbstractProblemLoader Init config took 2.78s 
85658      INFO  main            d.u.i.k.p.i.AbstractProblemLoader Replaying proof AmortizedQueue[AmortizedQueue::AmortizedQueue()].JML normal_behavior operation contract.0 
85926      DEBUG main            d.u.i.k.p.i.IntermediateProofReplayer Proof replay took 260.17ms 
85927      DEBUG main            d.u.i.k.p.r.p.TestFile    ... success: reloaded. 
85929      INFO  main            d.u.i.k.p.r.p.TestFile    Now processing file /home/runner/work/key/key/key.core/../key.ui/examples/heap/vstte10_05_Queue/AmortizedQueue_front.key 
85929      INFO  main            d.u.i.k.p.i.AbstractProblemLoader Loading environment from /home/runner/work/key/key/key.core/../key.ui/examples/heap/vstte10_05_Queue/AmortizedQueue_front.key 
85929      DEBUG main            d.u.i.k.p.i.AbstractProblemLoader Environment load took 243.31ns 
85930      INFO  main            d.u.i.k.p.i.AbstractProblemLoader Creating init config 
88710      DEBUG main            d.u.i.k.p.i.AbstractProblemLoader Init config took 2.78s 
88756      INFO  main            d.u.i.k.p.i.AbstractProblemLoader Replaying proof AmortizedQueue[AmortizedQueue::front()].JML normal_behavior operation contract.0 
88758      DEBUG main            d.u.i.k.p.i.IntermediateProofReplayer Proof replay took 5.5ns 
89265      INFO  main            d.u.i.k.p.r.p.TestFile    ... finished proof: closed. 
89494      INFO  main            d.u.i.k.p.i.AbstractProblemLoader Loading environment from /home/runner/work/key/key/key.core/../key.ui/examples/heap/vstte10_05_Queue/AmortizedQueue_front.key.proof 
89495      DEBUG main            d.u.i.k.p.i.AbstractProblemLoader Environment load took 1.02ms 
89497      INFO  main            d.u.i.k.p.i.AbstractProblemLoader Creating init config 
92219      DEBUG main            d.u.i.k.p.i.AbstractProblemLoader Init config took 2.72s 
92274      INFO  main            d.u.i.k.p.i.AbstractProblemLoader Replaying proof AmortizedQueue[AmortizedQueue::front()].JML normal_behavior operation contract.0 
92328      DEBUG main            d.u.i.k.p.i.IntermediateProofReplayer Proof replay took 51.05ms 
92329      DEBUG main            d.u.i.k.p.r.p.TestFile    ... success: reloaded. 
92330      INFO  main            d.u.i.k.p.r.p.TestFile    Now processing file /home/runner/work/key/key/key.core/../key.ui/examples/heap/vstte10_05_Queue/LinkedList_concat.key 
92331      INFO  main            d.u.i.k.p.i.AbstractProblemLoader Loading environment from /home/runner/work/key/key/key.core/../key.ui/examples/heap/vstte10_05_Queue/LinkedList_concat.key 
92331      DEBUG main            d.u.i.k.p.i.AbstractProblemLoader Environment load took 156.31ns 
92332      INFO  main            d.u.i.k.p.i.AbstractProblemLoader Creating init config 
95139      DEBUG main            d.u.i.k.p.i.AbstractProblemLoader Init config took 2.81s 
95186      INFO  main            d.u.i.k.p.i.AbstractProblemLoader Replaying proof LinkedList[LinkedList::concat(LinkedList)].JML normal_behavior operation contract.0 
95188      DEBUG main            d.u.i.k.p.i.IntermediateProofReplayer Proof replay took 5.3ns 
104153     INFO  main            d.u.i.k.p.r.p.TestFile    ... finished proof: closed. 
104453     INFO  main            d.u.i.k.p.i.AbstractProblemLoader Loading environment from /home/runner/work/key/key/key.core/../key.ui/examples/heap/vstte10_05_Queue/LinkedList_concat.key.proof 
104453     DEBUG main            d.u.i.k.p.i.AbstractProblemLoader Environment load took 477.33ns 
104456     INFO  main            d.u.i.k.p.i.AbstractProblemLoader Creating init config 
107215     DEBUG main            d.u.i.k.p.i.AbstractProblemLoader Init config took 2.76s 
107264     INFO  main            d.u.i.k.p.i.AbstractProblemLoader Replaying proof LinkedList[LinkedList::concat(LinkedList)].JML normal_behavior operation contract.0 
108083     DEBUG main            d.u.i.k.p.i.IntermediateProofReplayer Proof replay took 787.88ms 
108086     DEBUG main            d.u.i.k.p.r.p.TestFile    ... success: reloaded. 
108088     INFO  main            d.u.i.k.p.r.p.TestFile    Now processing file /home/runner/work/key/key/key.core/../key.ui/examples/heap/vstte10_05_Queue/LinkedList_cons.key 
108088     INFO  main            d.u.i.k.p.i.AbstractProblemLoader Loading environment from /home/runner/work/key/key/key.core/../key.ui/examples/heap/vstte10_05_Queue/LinkedList_cons.key 
108088     DEBUG main            d.u.i.k.p.i.AbstractProblemLoader Environment load took 109.11ns 
108089     INFO  main            d.u.i.k.p.i.AbstractProblemLoader Creating init config 
110856     DEBUG main            d.u.i.k.p.i.AbstractProblemLoader Init config took 2.77s 
110905     INFO  main            d.u.i.k.p.i.AbstractProblemLoader Replaying proof LinkedList[LinkedList::cons(int)].JML normal_behavior operation contract.0 
110907     DEBUG main            d.u.i.k.p.i.IntermediateProofReplayer Proof replay took 6.1ns 
113535     INFO  main            d.u.i.k.p.r.p.TestFile    ... finished proof: closed. 
113780     INFO  main            d.u.i.k.p.i.AbstractProblemLoader Loading environment from /home/runner/work/key/key/key.core/../key.ui/examples/heap/vstte10_05_Queue/LinkedList_cons.key.proof 
113781     DEBUG main            d.u.i.k.p.i.AbstractProblemLoader Environment load took 125.11ns 
113782     INFO  main            d.u.i.k.p.i.AbstractProblemLoader Creating init config 
116527     DEBUG main            d.u.i.k.p.i.AbstractProblemLoader Init config took 2.74s 
116573     INFO  main            d.u.i.k.p.i.AbstractProblemLoader Replaying proof LinkedList[LinkedList::cons(int)].JML normal_behavior operation contract.0 
116876     DEBUG main            d.u.i.k.p.i.IntermediateProofReplayer Proof replay took 291.61ms 
116878     DEBUG main            d.u.i.k.p.r.p.TestFile    ... success: reloaded. 
116879     INFO  main            d.u.i.k.p.r.p.TestFile    Now processing file /home/runner/work/key/key/key.core/../key.ui/examples/heap/vstte10_05_Queue/LinkedList_head.key 
116879     INFO  main            d.u.i.k.p.i.AbstractProblemLoader Loading environment from /home/runner/work/key/key/key.core/../key.ui/examples/heap/vstte10_05_Queue/LinkedList_head.key 
116880     DEBUG main            d.u.i.k.p.i.AbstractProblemLoader Environment load took 153.21ns 
116881     INFO  main            d.u.i.k.p.i.AbstractProblemLoader Creating init config 
119761     DEBUG main            d.u.i.k.p.i.AbstractProblemLoader Init config took 2.88s 
119809     INFO  main            d.u.i.k.p.i.AbstractProblemLoader Replaying proof LinkedList[LinkedList::head()].JML normal_behavior operation contract.0 
119810     DEBUG main            d.u.i.k.p.i.IntermediateProofReplayer Proof replay took 5.2ns 
119915     INFO  main            d.u.i.k.p.r.p.TestFile    ... finished proof: closed. 
120162     INFO  main            d.u.i.k.p.i.AbstractProblemLoader Loading environment from /home/runner/work/key/key/key.core/../key.ui/examples/heap/vstte10_05_Queue/LinkedList_head.key.proof 
120163     DEBUG main            d.u.i.k.p.i.AbstractProblemLoader Environment load took 130.61ns 
120164     INFO  main            d.u.i.k.p.i.AbstractProblemLoader Creating init config 
122920     DEBUG main            d.u.i.k.p.i.AbstractProblemLoader Init config took 2.76s 
122975     INFO  main            d.u.i.k.p.i.AbstractProblemLoader Replaying proof LinkedList[LinkedList::head()].JML normal_behavior operation contract.0 
122995     DEBUG main            d.u.i.k.p.i.IntermediateProofReplayer Proof replay took 15.15ms 
122996     DEBUG main            d.u.i.k.p.r.p.TestFile    ... success: reloaded. 
122998     INFO  main            d.u.i.k.p.r.p.TestFile    Now processing file /home/runner/work/key/key/key.core/../key.ui/examples/heap/vstte10_05_Queue/LinkedList_inv.key 
122998     INFO  main            d.u.i.k.p.i.AbstractProblemLoader Loading environment from /home/runner/work/key/key/key.core/../key.ui/examples/heap/vstte10_05_Queue/LinkedList_inv.key 
122998     DEBUG main            d.u.i.k.p.i.AbstractProblemLoader Environment load took 218.01ns 
123000     INFO  main            d.u.i.k.p.i.AbstractProblemLoader Creating init config 
125696     DEBUG main            d.u.i.k.p.i.AbstractProblemLoader Init config took 2.7s 
125741     INFO  main            d.u.i.k.p.i.AbstractProblemLoader Replaying proof LinkedList[java.lang.Object::<inv>()].JML accessible clause.0 
125743     DEBUG main            d.u.i.k.p.i.IntermediateProofReplayer Proof replay took 5.8ns 
126047     INFO  main            d.u.i.k.p.r.p.TestFile    ... finished proof: closed. 
126307     INFO  main            d.u.i.k.p.i.AbstractProblemLoader Loading environment from /home/runner/work/key/key/key.core/../key.ui/examples/heap/vstte10_05_Queue/LinkedList_inv.key.proof 
126307     DEBUG main            d.u.i.k.p.i.AbstractProblemLoader Environment load took 121.51ns 
126308     INFO  main            d.u.i.k.p.i.AbstractProblemLoader Creating init config 
129051     DEBUG main            d.u.i.k.p.i.AbstractProblemLoader Init config took 2.74s 
129108     INFO  main            d.u.i.k.p.i.AbstractProblemLoader Replaying proof LinkedList[java.lang.Object::<inv>()].JML accessible clause.0 
129140     DEBUG main            d.u.i.k.p.i.IntermediateProofReplayer Proof replay took 28.66ms 
129141     DEBUG main            d.u.i.k.p.r.p.TestFile    ... success: reloaded. 
129142     INFO  main            d.u.i.k.p.r.p.TestFile    Now processing file /home/runner/work/key/key/key.core/../key.ui/examples/heap/vstte10_05_Queue/LinkedList_length.key 
129142     INFO  main            d.u.i.k.p.i.AbstractProblemLoader Loading environment from /home/runner/work/key/key/key.core/../key.ui/examples/heap/vstte10_05_Queue/LinkedList_length.key 
129142     DEBUG main            d.u.i.k.p.i.AbstractProblemLoader Environment load took 119.31ns 
129143     INFO  main            d.u.i.k.p.i.AbstractProblemLoader Creating init config 
131938     DEBUG main            d.u.i.k.p.i.AbstractProblemLoader Init config took 2.79s 
131983     INFO  main            d.u.i.k.p.i.AbstractProblemLoader Replaying proof LinkedList[LinkedList::length()].JML normal_behavior operation contract.0 
131985     DEBUG main            d.u.i.k.p.i.IntermediateProofReplayer Proof replay took 6.2ns 
132092     INFO  main            d.u.i.k.p.r.p.TestFile    ... finished proof: closed. 
132343     INFO  main            d.u.i.k.p.i.AbstractProblemLoader Loading environment from /home/runner/work/key/key/key.core/../key.ui/examples/heap/vstte10_05_Queue/LinkedList_length.key.proof 
132344     DEBUG main            d.u.i.k.p.i.AbstractProblemLoader Environment load took 131.21ns 
132345     INFO  main            d.u.i.k.p.i.AbstractProblemLoader Creating init config 
135001     DEBUG main            d.u.i.k.p.i.AbstractProblemLoader Init config took 2.66s 
135045     INFO  main            d.u.i.k.p.i.AbstractProblemLoader Replaying proof LinkedList[LinkedList::length()].JML normal_behavior operation contract.0 
135061     DEBUG main            d.u.i.k.p.i.IntermediateProofReplayer Proof replay took 13.74ms 
135062     DEBUG main            d.u.i.k.p.r.p.TestFile    ... success: reloaded. 
135063     INFO  main            d.u.i.k.p.r.p.TestFile    Now processing file /home/runner/work/key/key/key.core/../key.ui/examples/heap/vstte10_05_Queue/LinkedList_LinkedList1.key 
135063     INFO  main            d.u.i.k.p.i.AbstractProblemLoader Loading environment from /home/runner/work/key/key/key.core/../key.ui/examples/heap/vstte10_05_Queue/LinkedList_LinkedList1.key 
135063     DEBUG main            d.u.i.k.p.i.AbstractProblemLoader Environment load took 66ns 
135064     INFO  main            d.u.i.k.p.i.AbstractProblemLoader Creating init config 
137788     DEBUG main            d.u.i.k.p.i.AbstractProblemLoader Init config took 2.72s 
137832     INFO  main            d.u.i.k.p.i.AbstractProblemLoader Replaying proof LinkedList[LinkedList::LinkedList(int,LinkedList)].JML normal_behavior operation contract.0 
137834     DEBUG main            d.u.i.k.p.i.IntermediateProofReplayer Proof replay took 5ns 
139841     INFO  main            d.u.i.k.p.r.p.TestFile    ... finished proof: closed. 
140137     INFO  main            d.u.i.k.p.i.AbstractProblemLoader Loading environment from /home/runner/work/key/key/key.core/../key.ui/examples/heap/vstte10_05_Queue/LinkedList_LinkedList1.key.proof 
140137     DEBUG main            d.u.i.k.p.i.AbstractProblemLoader Environment load took 468.83ns 
140139     INFO  main            d.u.i.k.p.i.AbstractProblemLoader Creating init config 
142874     DEBUG main            d.u.i.k.p.i.AbstractProblemLoader Init config took 2.74s 
142919     INFO  main            d.u.i.k.p.i.AbstractProblemLoader Replaying proof LinkedList[LinkedList::LinkedList(int,LinkedList)].JML normal_behavior operation contract.0 
143185     DEBUG main            d.u.i.k.p.i.IntermediateProofReplayer Proof replay took 258.56ms 
143187     DEBUG main            d.u.i.k.p.r.p.TestFile    ... success: reloaded. 
143188     INFO  main            d.u.i.k.p.r.p.TestFile    Now processing file /home/runner/work/key/key/key.core/../key.ui/examples/heap/vstte10_05_Queue/LinkedList_LinkedList2.key 
143189     INFO  main            d.u.i.k.p.i.AbstractProblemLoader Loading environment from /home/runner/work/key/key/key.core/../key.ui/examples/heap/vstte10_05_Queue/LinkedList_LinkedList2.key 
143189     DEBUG main            d.u.i.k.p.i.AbstractProblemLoader Environment load took 257.62ns 
143190     INFO  main            d.u.i.k.p.i.AbstractProblemLoader Creating init config 
145924     DEBUG main            d.u.i.k.p.i.AbstractProblemLoader Init config took 2.73s 
145970     INFO  main            d.u.i.k.p.i.AbstractProblemLoader Replaying proof LinkedList[LinkedList::LinkedList(int,LinkedList)].JML normal_behavior operation contract.0 
145971     DEBUG main            d.u.i.k.p.i.IntermediateProofReplayer Proof replay took 6ns 
148007     INFO  main            d.u.i.k.p.r.p.TestFile    ... finished proof: closed. 
148298     INFO  main            d.u.i.k.p.i.AbstractProblemLoader Loading environment from /home/runner/work/key/key/key.core/../key.ui/examples/heap/vstte10_05_Queue/LinkedList_LinkedList2.key.proof 
148298     DEBUG main            d.u.i.k.p.i.AbstractProblemLoader Environment load took 135.01ns 
148299     INFO  main            d.u.i.k.p.i.AbstractProblemLoader Creating init config 
150986     DEBUG main            d.u.i.k.p.i.AbstractProblemLoader Init config took 2.69s 
151034     INFO  main            d.u.i.k.p.i.AbstractProblemLoader Replaying proof LinkedList[LinkedList::LinkedList(int,LinkedList)].JML normal_behavior operation contract.0 
151318     DEBUG main            d.u.i.k.p.i.IntermediateProofReplayer Proof replay took 274.9ms 
151319     DEBUG main            d.u.i.k.p.r.p.TestFile    ... success: reloaded. 
151320     INFO  main            d.u.i.k.p.r.p.TestFile    Now processing file /home/runner/work/key/key/key.core/../key.ui/examples/heap/vstte10_05_Queue/LinkedList_LinkedList3.key 
151321     INFO  main            d.u.i.k.p.i.AbstractProblemLoader Loading environment from /home/runner/work/key/key/key.core/../key.ui/examples/heap/vstte10_05_Queue/LinkedList_LinkedList3.key 
151321     DEBUG main            d.u.i.k.p.i.AbstractProblemLoader Environment load took 139.71ns 
151322     INFO  main            d.u.i.k.p.i.AbstractProblemLoader Creating init config 
154036     DEBUG main            d.u.i.k.p.i.AbstractProblemLoader Init config took 2.71s 
154082     INFO  main            d.u.i.k.p.i.AbstractProblemLoader Replaying proof LinkedList[LinkedList::LinkedList(int,LinkedList)].JML normal_behavior operation contract.0 
154083     DEBUG main            d.u.i.k.p.i.IntermediateProofReplayer Proof replay took 5.3ns 
161641     INFO  main            d.u.i.k.p.r.p.TestFile    ... finished proof: closed. 
161965     INFO  main            d.u.i.k.p.i.AbstractProblemLoader Loading environment from /home/runner/work/key/key/key.core/../key.ui/examples/heap/vstte10_05_Queue/LinkedList_LinkedList3.key.proof 
161966     DEBUG main            d.u.i.k.p.i.AbstractProblemLoader Environment load took 461.83ns 
161970     INFO  main            d.u.i.k.p.i.AbstractProblemLoader Creating init config 
164642     DEBUG main            d.u.i.k.p.i.AbstractProblemLoader Init config took 2.67s 
164707     INFO  main            d.u.i.k.p.i.AbstractProblemLoader Replaying proof LinkedList[LinkedList::LinkedList(int,LinkedList)].JML normal_behavior operation contract.0 
165473     DEBUG main            d.u.i.k.p.i.IntermediateProofReplayer Proof replay took 709.97ms 
165476     DEBUG main            d.u.i.k.p.r.p.TestFile    ... success: reloaded. 
165477     INFO  main            d.u.i.k.p.r.p.TestFile    Now processing file /home/runner/work/key/key/key.core/../key.ui/examples/heap/vstte10_05_Queue/LinkedList_reverse.key 
165478     INFO  main            d.u.i.k.p.i.AbstractProblemLoader Loading environment from /home/runner/work/key/key/key.core/../key.ui/examples/heap/vstte10_05_Queue/LinkedList_reverse.key 
165478     DEBUG main            d.u.i.k.p.i.AbstractProblemLoader Environment load took 76.31ns 
165479     INFO  main            d.u.i.k.p.i.AbstractProblemLoader Creating init config 
168252     DEBUG main            d.u.i.k.p.i.AbstractProblemLoader Init config took 2.77s 
168300     INFO  main            d.u.i.k.p.i.AbstractProblemLoader Replaying proof LinkedList[LinkedList::reverse()].JML normal_behavior operation contract.0 
168302     DEBUG main            d.u.i.k.p.i.IntermediateProofReplayer Proof replay took 6.4ns 
177889     INFO  main            d.u.i.k.p.r.p.TestFile    ... finished proof: closed. 
178212     INFO  main            d.u.i.k.p.i.AbstractProblemLoader Loading environment from /home/runner/work/key/key/key.core/../key.ui/examples/heap/vstte10_05_Queue/LinkedList_reverse.key.proof 
178216     DEBUG main            d.u.i.k.p.i.AbstractProblemLoader Environment load took 5.75ms 
178220     INFO  main            d.u.i.k.p.i.AbstractProblemLoader Creating init config 
180881     DEBUG main            d.u.i.k.p.i.AbstractProblemLoader Init config took 2.66s 
180928     INFO  main            d.u.i.k.p.i.AbstractProblemLoader Replaying proof LinkedList[LinkedList::reverse()].JML normal_behavior operation contract.0 
181762     DEBUG main            d.u.i.k.p.i.IntermediateProofReplayer Proof replay took 798.7ms 
181765     DEBUG main            d.u.i.k.p.r.p.TestFile    ... success: reloaded. 
181766     INFO  main            d.u.i.k.p.r.p.TestFile    Now processing file /home/runner/work/key/key/key.core/../key.ui/examples/heap/vstte10_05_Queue/LinkedList_tail.key 
181766     INFO  main            d.u.i.k.p.i.AbstractProblemLoader Loading environment from /home/runner/work/key/key/key.core/../key.ui/examples/heap/vstte10_05_Queue/LinkedList_tail.key 
181767     DEBUG main            d.u.i.k.p.i.AbstractProblemLoader Environment load took 95.61ns 
181768     INFO  main            d.u.i.k.p.i.AbstractProblemLoader Creating init config 
184705     DEBUG main            d.u.i.k.p.i.AbstractProblemLoader Init config took 2.94s 
184750     INFO  main            d.u.i.k.p.i.AbstractProblemLoader Replaying proof LinkedList[LinkedList::tail()].JML normal_behavior operation contract.0 
184751     DEBUG main            d.u.i.k.p.i.IntermediateProofReplayer Proof replay took 5.7ns 
185383     INFO  main            d.u.i.k.p.r.p.TestFile    ... finished proof: closed. 
185658     INFO  main            d.u.i.k.p.i.AbstractProblemLoader Loading environment from /home/runner/work/key/key/key.core/../key.ui/examples/heap/vstte10_05_Queue/LinkedList_tail.key.proof 
185658     DEBUG main            d.u.i.k.p.i.AbstractProblemLoader Environment load took 323.22ns 
185660     INFO  main            d.u.i.k.p.i.AbstractProblemLoader Creating init config 
188349     DEBUG main            d.u.i.k.p.i.AbstractProblemLoader Init config took 2.69s 
188392     INFO  main            d.u.i.k.p.i.AbstractProblemLoader Replaying proof LinkedList[LinkedList::tail()].JML normal_behavior operation contract.0 
188496     DEBUG main            d.u.i.k.p.i.IntermediateProofReplayer Proof replay took 100.1ms 
188497     DEBUG main            d.u.i.k.p.r.p.TestFile    ... success: reloaded. 
2479662    INFO  Test worker     d.u.i.k.p.r.RunAllProofsTestUnit Returning from test VSTTE10 
2479663    INFO  Test worker     d.u.i.k.p.r.RunAllProofsTestUnit Running test WeideEtAl 
357        INFO  Timeout watchdog d.u.i.k.p.r.p.ForkedTestFileRunner Timeout watcher launched (2000 secs.) 
360        WARN  main            d.u.i.k.s.ProofSettings   The settings in /home/runner/.key/proof-settings.props are *not* read. 
412        INFO  main            d.u.i.k.p.r.p.TestFile    Now processing file /home/runner/work/key/key/key.core/../key.ui/examples/heap/WeideEtAl_01_AddAndMultiply/AddAndMultiply_add.key 
570        INFO  main            d.u.i.k.p.i.AbstractProblemLoader Loading environment from /home/runner/work/key/key/key.core/../key.ui/examples/heap/WeideEtAl_01_AddAndMultiply/AddAndMultiply_add.key 
588        DEBUG main            d.u.i.k.p.i.AbstractProblemLoader Environment load took 2.17ms 
843        INFO  main            d.u.i.k.p.i.AbstractProblemLoader Creating init config 
1897       DEBUG main            d.u.i.k.j.TypeConverter   No LDT found for Meta 
1903       DEBUG main            d.u.i.k.j.TypeConverter   No LDT found for Meta 
1906       DEBUG main            d.u.i.k.j.TypeConverter   No LDT found for Meta 
1906       DEBUG main            d.u.i.k.j.TypeConverter   No LDT found for Meta 
3336       DEBUG main            d.u.i.k.j.TypeConverter   No LDT found for JavaBigintExpression 
8808       DEBUG main            d.u.i.k.p.i.AbstractProblemLoader Init config took 7.96s 
8935       INFO  main            d.u.i.k.p.i.AbstractProblemLoader Replaying proof AddAndMultiply[AddAndMultiply::add(int,int)].JML normal_behavior operation contract.0 
8970       DEBUG main            d.u.i.k.p.i.IntermediateProofReplayer Proof replay took 29ns 
10817      INFO  main            d.u.i.k.p.r.p.TestFile    ... finished proof: closed. 
11003      INFO  main            d.u.i.k.p.i.AbstractProblemLoader Loading environment from /home/runner/work/key/key/key.core/../key.ui/examples/heap/WeideEtAl_01_AddAndMultiply/AddAndMultiply_add.key.proof 
11009      DEBUG main            d.u.i.k.p.i.AbstractProblemLoader Environment load took 5.83ms 
11011      INFO  main            d.u.i.k.p.i.AbstractProblemLoader Creating init config 
14101      DEBUG main            d.u.i.k.p.i.AbstractProblemLoader Init config took 3.09s 
14166      INFO  main            d.u.i.k.p.i.AbstractProblemLoader Replaying proof AddAndMultiply[AddAndMultiply::add(int,int)].JML normal_behavior operation contract.0 
14436      DEBUG main            d.u.i.k.p.i.IntermediateProofReplayer Proof replay took 260.54ms 
14445      DEBUG main            d.u.i.k.p.r.p.TestFile    ... success: reloaded. 
14447      INFO  main            d.u.i.k.p.r.p.TestFile    Now processing file /home/runner/work/key/key/key.core/../key.ui/examples/heap/WeideEtAl_01_AddAndMultiply/AddAndMultiply_mul.key 
14448      INFO  main            d.u.i.k.p.i.AbstractProblemLoader Loading environment from /home/runner/work/key/key/key.core/../key.ui/examples/heap/WeideEtAl_01_AddAndMultiply/AddAndMultiply_mul.key 
14448      DEBUG main            d.u.i.k.p.i.AbstractProblemLoader Environment load took 278.72ns 
14450      INFO  main            d.u.i.k.p.i.AbstractProblemLoader Creating init config 
17433      DEBUG main            d.u.i.k.p.i.AbstractProblemLoader Init config took 2.98s 
17494      INFO  main            d.u.i.k.p.i.AbstractProblemLoader Replaying proof AddAndMultiply[AddAndMultiply::mul(int,int)].JML normal_behavior operation contract.0 
17497      DEBUG main            d.u.i.k.p.i.IntermediateProofReplayer Proof replay took 5.7ns 
18105      INFO  main            d.u.i.k.p.r.p.TestFile    ... finished proof: closed. 
18285      INFO  main            d.u.i.k.p.i.AbstractProblemLoader Loading environment from /home/runner/work/key/key/key.core/../key.ui/examples/heap/WeideEtAl_01_AddAndMultiply/AddAndMultiply_mul.key.proof 
18286      DEBUG main            d.u.i.k.p.i.AbstractProblemLoader Environment load took 439.53ns 
18289      INFO  main            d.u.i.k.p.i.AbstractProblemLoader Creating init config 
21205      DEBUG main            d.u.i.k.p.i.AbstractProblemLoader Init config took 2.92s 
21274      INFO  main            d.u.i.k.p.i.AbstractProblemLoader Replaying proof AddAndMultiply[AddAndMultiply::mul(int,int)].JML normal_behavior operation contract.0 
21394      DEBUG main            d.u.i.k.p.i.IntermediateProofReplayer Proof replay took 115.57ms 
21396      DEBUG main            d.u.i.k.p.r.p.TestFile    ... success: reloaded. 
21397      INFO  main            d.u.i.k.p.r.p.TestFile    Now processing file /home/runner/work/key/key/key.core/../key.ui/examples/heap/WeideEtAl_02_BinarySearch/BinarySearch_search.key 
21398      INFO  main            d.u.i.k.p.i.AbstractProblemLoader Loading environment from /home/runner/work/key/key/key.core/../key.ui/examples/heap/WeideEtAl_02_BinarySearch/BinarySearch_search.key 
21398      DEBUG main            d.u.i.k.p.i.AbstractProblemLoader Environment load took 249.72ns 
21399      INFO  main            d.u.i.k.p.i.AbstractProblemLoader Creating init config 
24404      DEBUG main            d.u.i.k.p.i.AbstractProblemLoader Init config took 3s 
24457      INFO  main            d.u.i.k.p.i.AbstractProblemLoader Replaying proof BinarySearch[BinarySearch::search([I,int)].JML normal_behavior operation contract.0 
24462      DEBUG main            d.u.i.k.p.i.IntermediateProofReplayer Proof replay took 7.5ns 
28632      INFO  main            d.u.i.k.p.r.p.TestFile    ... finished proof: closed. 
28849      INFO  main            d.u.i.k.p.i.AbstractProblemLoader Loading environment from /home/runner/work/key/key/key.core/../key.ui/examples/heap/WeideEtAl_02_BinarySearch/BinarySearch_search.key.proof 
28853      DEBUG main            d.u.i.k.p.i.AbstractProblemLoader Environment load took 3.28ms 
28855      INFO  main            d.u.i.k.p.i.AbstractProblemLoader Creating init config 
31692      DEBUG main            d.u.i.k.p.i.AbstractProblemLoader Init config took 2.84s 
31761      INFO  main            d.u.i.k.p.i.AbstractProblemLoader Replaying proof BinarySearch[BinarySearch::search([I,int)].JML normal_behavior operation contract.0 
32311      DEBUG main            d.u.i.k.p.i.IntermediateProofReplayer Proof replay took 533.3ms 
32313      DEBUG main            d.u.i.k.p.r.p.TestFile    ... success: reloaded. 
2512160    INFO  Test worker     d.u.i.k.p.r.RunAllProofsTestUnit Returning from test WeideEtAl 
2512161    INFO  Test worker     d.u.i.k.p.r.RunAllProofsTestUnit Running test arithmetic 
360        INFO  Timeout watchdog d.u.i.k.p.r.p.ForkedTestFileRunner Timeout watcher launched (2000 secs.) 
367        WARN  main            d.u.i.k.s.ProofSettings   The settings in /home/runner/.key/proof-settings.props are *not* read. 
410        INFO  main            d.u.i.k.p.r.p.TestFile    Now processing file /home/runner/work/key/key/key.core/../key.ui/examples/standard_key/arith/binomial1.key 
555        INFO  main            d.u.i.k.p.i.AbstractProblemLoader Loading environment from /home/runner/work/key/key/key.core/../key.ui/examples/standard_key/arith/binomial1.key 
572        DEBUG main            d.u.i.k.p.i.AbstractProblemLoader Environment load took 2.07ms 
821        INFO  main            d.u.i.k.p.i.AbstractProblemLoader Creating init config 
1793       DEBUG main            d.u.i.k.j.TypeConverter   No LDT found for Meta 
1797       DEBUG main            d.u.i.k.j.TypeConverter   No LDT found for Meta 
1800       DEBUG main            d.u.i.k.j.TypeConverter   No LDT found for Meta 
1800       DEBUG main            d.u.i.k.j.TypeConverter   No LDT found for Meta 
3576       DEBUG main            d.u.i.k.j.TypeConverter   No LDT found for JavaBigintExpression 
9085       DEBUG main            d.u.i.k.p.i.AbstractProblemLoader Init config took 8.26s 
9151       INFO  main            d.u.i.k.p.i.AbstractProblemLoader Replaying proof binomial1.key 
9186       DEBUG main            d.u.i.k.p.i.IntermediateProofReplayer Proof replay took 46.6ns 
9479       INFO  main            d.u.i.k.p.r.p.TestFile    ... finished proof: closed. 
9642       INFO  main            d.u.i.k.p.i.AbstractProblemLoader Loading environment from /home/runner/work/key/key/key.core/../key.ui/examples/standard_key/arith/binomial1.key.proof 
9642       DEBUG main            d.u.i.k.p.i.AbstractProblemLoader Environment load took 184.11ns 
9650       INFO  main            d.u.i.k.p.i.AbstractProblemLoader Creating init config 
12704      DEBUG main            d.u.i.k.p.i.AbstractProblemLoader Init config took 3.05s 
12737      INFO  main            d.u.i.k.p.i.AbstractProblemLoader Replaying proof binomial1.key.proof 
12771      DEBUG main            d.u.i.k.p.i.IntermediateProofReplayer Proof replay took 26.26ms 
12790      DEBUG main            d.u.i.k.p.r.p.TestFile    ... success: reloaded. 
12795      INFO  main            d.u.i.k.p.r.p.TestFile    Now processing file /home/runner/work/key/key/key.core/../key.ui/examples/standard_key/arith/binomial2.key 
12796      INFO  main            d.u.i.k.p.i.AbstractProblemLoader Loading environment from /home/runner/work/key/key/key.core/../key.ui/examples/standard_key/arith/binomial2.key 
12797      DEBUG main            d.u.i.k.p.i.AbstractProblemLoader Environment load took 402.32ns 
12801      INFO  main            d.u.i.k.p.i.AbstractProblemLoader Creating init config 
15754      DEBUG main            d.u.i.k.p.i.AbstractProblemLoader Init config took 2.95s 
15794      INFO  main            d.u.i.k.p.i.AbstractProblemLoader Replaying proof binomial2.key 
15804      DEBUG main            d.u.i.k.p.i.IntermediateProofReplayer Proof replay took 6.8ns 
15910      INFO  main            d.u.i.k.p.r.p.TestFile    ... finished proof: closed. 
16094      INFO  main            d.u.i.k.p.i.AbstractProblemLoader Loading environment from /home/runner/work/key/key/key.core/../key.ui/examples/standard_key/arith/binomial2.key.proof 
16094      DEBUG main            d.u.i.k.p.i.AbstractProblemLoader Environment load took 124.91ns 
16096      INFO  main            d.u.i.k.p.i.AbstractProblemLoader Creating init config 
18858      DEBUG main            d.u.i.k.p.i.AbstractProblemLoader Init config took 2.76s 
18880      INFO  main            d.u.i.k.p.i.AbstractProblemLoader Replaying proof binomial2.key.proof 
18893      DEBUG main            d.u.i.k.p.i.IntermediateProofReplayer Proof replay took 10.54ms 
18895      DEBUG main            d.u.i.k.p.r.p.TestFile    ... success: reloaded. 
18896      INFO  main            d.u.i.k.p.r.p.TestFile    Now processing file /home/runner/work/key/key/key.core/../key.ui/examples/standard_key/arith/check_jdiv.key 
18896      INFO  main            d.u.i.k.p.i.AbstractProblemLoader Loading environment from /home/runner/work/key/key/key.core/../key.ui/examples/standard_key/arith/check_jdiv.key 
18897      DEBUG main            d.u.i.k.p.i.AbstractProblemLoader Environment load took 231.71ns 
18898      INFO  main            d.u.i.k.p.i.AbstractProblemLoader Creating init config 
21728      DEBUG main            d.u.i.k.p.i.AbstractProblemLoader Init config took 2.83s 
21753      INFO  main            d.u.i.k.p.i.AbstractProblemLoader Replaying proof check_jdiv.key 
21757      DEBUG main            d.u.i.k.p.i.IntermediateProofReplayer Proof replay took 7.1ns 
27615      INFO  main            d.u.i.k.p.r.p.TestFile    ... finished proof: closed. 
27845      INFO  main            d.u.i.k.p.i.AbstractProblemLoader Loading environment from /home/runner/work/key/key/key.core/../key.ui/examples/standard_key/arith/check_jdiv.key.proof 
27846      DEBUG main            d.u.i.k.p.i.AbstractProblemLoader Environment load took 491.53ns 
27849      INFO  main            d.u.i.k.p.i.AbstractProblemLoader Creating init config 
30583      DEBUG main            d.u.i.k.p.i.AbstractProblemLoader Init config took 2.73s 
30607      INFO  main            d.u.i.k.p.i.AbstractProblemLoader Replaying proof check_jdiv.key.proof 
31116      DEBUG main            d.u.i.k.p.i.IntermediateProofReplayer Proof replay took 465.2ms 
31118      DEBUG main            d.u.i.k.p.r.p.TestFile    ... success: reloaded. 
31120      INFO  main            d.u.i.k.p.r.p.TestFile    Now processing file /home/runner/work/key/key/key.core/../key.ui/examples/standard_key/arith/check_jdiv_concrete.key 
31121      INFO  main            d.u.i.k.p.i.AbstractProblemLoader Loading environment from /home/runner/work/key/key/key.core/../key.ui/examples/standard_key/arith/check_jdiv_concrete.key 
31121      DEBUG main            d.u.i.k.p.i.AbstractProblemLoader Environment load took 239.62ns 
31124      INFO  main            d.u.i.k.p.i.AbstractProblemLoader Creating init config 
33879      DEBUG main            d.u.i.k.p.i.AbstractProblemLoader Init config took 2.75s 
33901      INFO  main            d.u.i.k.p.i.AbstractProblemLoader Replaying proof check_jdiv_concrete.key 
33904      DEBUG main            d.u.i.k.p.i.IntermediateProofReplayer Proof replay took 6.3ns 
34007      INFO  main            d.u.i.k.p.r.p.TestFile    ... finished proof: closed. 
34236      INFO  main            d.u.i.k.p.i.AbstractProblemLoader Loading environment from /home/runner/work/key/key/key.core/../key.ui/examples/standard_key/arith/check_jdiv_concrete.key.proof 
34237      DEBUG main            d.u.i.k.p.i.AbstractProblemLoader Environment load took 131.81ns 
34238      INFO  main            d.u.i.k.p.i.AbstractProblemLoader Creating init config 
36979      DEBUG main            d.u.i.k.p.i.AbstractProblemLoader Init config took 2.74s 
37001      INFO  main            d.u.i.k.p.i.AbstractProblemLoader Replaying proof check_jdiv_concrete.key.proof 
37007      DEBUG main            d.u.i.k.p.i.IntermediateProofReplayer Proof replay took 3.76ms 
37008      DEBUG main            d.u.i.k.p.r.p.TestFile    ... success: reloaded. 
37009      INFO  main            d.u.i.k.p.r.p.TestFile    Now processing file /home/runner/work/key/key/key.core/../key.ui/examples/standard_key/arith/check_jdiv_instantiated.key 
37009      INFO  main            d.u.i.k.p.i.AbstractProblemLoader Loading environment from /home/runner/work/key/key/key.core/../key.ui/examples/standard_key/arith/check_jdiv_instantiated.key 
37010      DEBUG main            d.u.i.k.p.i.AbstractProblemLoader Environment load took 106.01ns 
37011      INFO  main            d.u.i.k.p.i.AbstractProblemLoader Creating init config 
39746      DEBUG main            d.u.i.k.p.i.AbstractProblemLoader Init config took 2.73s 
39772      INFO  main            d.u.i.k.p.i.AbstractProblemLoader Replaying proof check_jdiv_instantiated.key 
39774      DEBUG main            d.u.i.k.p.i.IntermediateProofReplayer Proof replay took 17.4ns 
43315      INFO  main            d.u.i.k.p.r.p.TestFile    ... finished proof: closed. 
43552      INFO  main            d.u.i.k.p.i.AbstractProblemLoader Loading environment from /home/runner/work/key/key/key.core/../key.ui/examples/standard_key/arith/check_jdiv_instantiated.key.proof 
43553      DEBUG main            d.u.i.k.p.i.AbstractProblemLoader Environment load took 461.43ns 
43556      INFO  main            d.u.i.k.p.i.AbstractProblemLoader Creating init config 
46238      DEBUG main            d.u.i.k.p.i.AbstractProblemLoader Init config took 2.68s 
46266      INFO  main            d.u.i.k.p.i.AbstractProblemLoader Replaying proof check_jdiv_instantiated.key.proof 
46494      DEBUG main            d.u.i.k.p.i.IntermediateProofReplayer Proof replay took 205.85ms 
46497      DEBUG main            d.u.i.k.p.r.p.TestFile    ... success: reloaded. 
46498      INFO  main            d.u.i.k.p.r.p.TestFile    Now processing file /home/runner/work/key/key/key.core/../key.ui/examples/standard_key/arith/check_jmod.key 
46499      INFO  main            d.u.i.k.p.i.AbstractProblemLoader Loading environment from /home/runner/work/key/key/key.core/../key.ui/examples/standard_key/arith/check_jmod.key 
46499      DEBUG main            d.u.i.k.p.i.AbstractProblemLoader Environment load took 120.01ns 
46500      INFO  main            d.u.i.k.p.i.AbstractProblemLoader Creating init config 
49170      DEBUG main            d.u.i.k.p.i.AbstractProblemLoader Init config took 2.67s 
49190      INFO  main            d.u.i.k.p.i.AbstractProblemLoader Replaying proof check_jmod.key 
49192      DEBUG main            d.u.i.k.p.i.IntermediateProofReplayer Proof replay took 5.7ns 
49899      INFO  main            d.u.i.k.p.r.p.TestFile    ... finished proof: closed. 
50143      INFO  main            d.u.i.k.p.i.AbstractProblemLoader Loading environment from /home/runner/work/key/key/key.core/../key.ui/examples/standard_key/arith/check_jmod.key.proof 
50144      DEBUG main            d.u.i.k.p.i.AbstractProblemLoader Environment load took 693.44ns 
50145      INFO  main            d.u.i.k.p.i.AbstractProblemLoader Creating init config 
52793      DEBUG main            d.u.i.k.p.i.AbstractProblemLoader Init config took 2.65s 
52812      INFO  main            d.u.i.k.p.i.AbstractProblemLoader Replaying proof check_jmod.key.proof 
52871      DEBUG main            d.u.i.k.p.i.IntermediateProofReplayer Proof replay took 54.18ms 
52873      DEBUG main            d.u.i.k.p.r.p.TestFile    ... success: reloaded. 
52874      INFO  main            d.u.i.k.p.r.p.TestFile    Now processing file /home/runner/work/key/key/key.core/../key.ui/examples/standard_key/arith/complexExpressions.key 
52874      INFO  main            d.u.i.k.p.i.AbstractProblemLoader Loading environment from /home/runner/work/key/key/key.core/../key.ui/examples/standard_key/arith/complexExpressions.key 
52874      DEBUG main            d.u.i.k.p.i.AbstractProblemLoader Environment load took 264.32ns 
52876      INFO  main            d.u.i.k.p.i.AbstractProblemLoader Creating init config 
55682      DEBUG main            d.u.i.k.p.i.AbstractProblemLoader Init config took 2.81s 
55704      INFO  main            d.u.i.k.p.i.AbstractProblemLoader Replaying proof complexExpressions.key 
55706      DEBUG main            d.u.i.k.p.i.IntermediateProofReplayer Proof replay took 6.6ns 
55915      INFO  main            d.u.i.k.p.r.p.TestFile    ... finished proof: closed. 
56118      INFO  main            d.u.i.k.p.i.AbstractProblemLoader Loading environment from /home/runner/work/key/key/key.core/../key.ui/examples/standard_key/arith/complexExpressions.key.proof 
56118      DEBUG main            d.u.i.k.p.i.AbstractProblemLoader Environment load took 123.01ns 
56120      INFO  main            d.u.i.k.p.i.AbstractProblemLoader Creating init config 
58784      DEBUG main            d.u.i.k.p.i.AbstractProblemLoader Init config took 2.66s 
58803      INFO  main            d.u.i.k.p.i.AbstractProblemLoader Replaying proof complexExpressions.key.proof 
58814      DEBUG main            d.u.i.k.p.i.IntermediateProofReplayer Proof replay took 9.35ms 
58815      DEBUG main            d.u.i.k.p.r.p.TestFile    ... success: reloaded. 
58816      INFO  main            d.u.i.k.p.r.p.TestFile    Now processing file /home/runner/work/key/key/key.core/../key.ui/examples/standard_key/arith/compound_unaryMinus.key 
58816      INFO  main            d.u.i.k.p.i.AbstractProblemLoader Loading environment from /home/runner/work/key/key/key.core/../key.ui/examples/standard_key/arith/compound_unaryMinus.key 
58816      DEBUG main            d.u.i.k.p.i.AbstractProblemLoader Environment load took 103.41ns 
58817      INFO  main            d.u.i.k.p.i.AbstractProblemLoader Creating init config 
61493      DEBUG main            d.u.i.k.p.i.AbstractProblemLoader Init config took 2.68s 
61512      INFO  main            d.u.i.k.p.i.AbstractProblemLoader Replaying proof compound_unaryMinus.key 
61514      DEBUG main            d.u.i.k.p.i.IntermediateProofReplayer Proof replay took 5.4ns 
61616      INFO  main            d.u.i.k.p.r.p.TestFile    ... finished proof: closed. 
61794      INFO  main            d.u.i.k.p.i.AbstractProblemLoader Loading environment from /home/runner/work/key/key/key.core/../key.ui/examples/standard_key/arith/compound_unaryMinus.key.proof 
61794      DEBUG main            d.u.i.k.p.i.AbstractProblemLoader Environment load took 123.51ns 
61795      INFO  main            d.u.i.k.p.i.AbstractProblemLoader Creating init config 
64501      DEBUG main            d.u.i.k.p.i.AbstractProblemLoader Init config took 2.71s 
64519      INFO  main            d.u.i.k.p.i.AbstractProblemLoader Replaying proof compound_unaryMinus.key.proof 
64524      DEBUG main            d.u.i.k.p.i.IntermediateProofReplayer Proof replay took 3.55ms 
64525      DEBUG main            d.u.i.k.p.r.p.TestFile    ... success: reloaded. 
64526      INFO  main            d.u.i.k.p.r.p.TestFile    Now processing file /home/runner/work/key/key/key.core/../key.ui/examples/standard_key/arith/computation.key 
64526      INFO  main            d.u.i.k.p.i.AbstractProblemLoader Loading environment from /home/runner/work/key/key/key.core/../key.ui/examples/standard_key/arith/computation.key 
64526      DEBUG main            d.u.i.k.p.i.AbstractProblemLoader Environment load took 101.61ns 
64527      INFO  main            d.u.i.k.p.i.AbstractProblemLoader Creating init config 
67288      DEBUG main            d.u.i.k.p.i.AbstractProblemLoader Init config took 2.76s 
67308      INFO  main            d.u.i.k.p.i.AbstractProblemLoader Replaying proof computation.key 
67310      DEBUG main            d.u.i.k.p.i.IntermediateProofReplayer Proof replay took 5.5ns 
68967      INFO  main            d.u.i.k.p.r.p.TestFile    ... finished proof: closed. 
69268      INFO  main            d.u.i.k.p.i.AbstractProblemLoader Loading environment from /home/runner/work/key/key/key.core/../key.ui/examples/standard_key/arith/computation.key.proof 
69270      DEBUG main            d.u.i.k.p.i.AbstractProblemLoader Environment load took 2.2ms 
69272      INFO  main            d.u.i.k.p.i.AbstractProblemLoader Creating init config 
71938      DEBUG main            d.u.i.k.p.i.AbstractProblemLoader Init config took 2.67s 
71957      INFO  main            d.u.i.k.p.i.AbstractProblemLoader Replaying proof computation.key.proof 
72128      DEBUG main            d.u.i.k.p.i.IntermediateProofReplayer Proof replay took 166.69ms 
72129      DEBUG main            d.u.i.k.p.r.p.TestFile    ... success: reloaded. 
72131      INFO  main            d.u.i.k.p.r.p.TestFile    Now processing file /home/runner/work/key/key/key.core/../key.ui/examples/standard_key/arith/cubicSum.key 
72131      INFO  main            d.u.i.k.p.i.AbstractProblemLoader Loading environment from /home/runner/work/key/key/key.core/../key.ui/examples/standard_key/arith/cubicSum.key 
72132      DEBUG main            d.u.i.k.p.i.AbstractProblemLoader Environment load took 810.35ns 
72133      INFO  main            d.u.i.k.p.i.AbstractProblemLoader Creating init config 
75024      DEBUG main            d.u.i.k.p.i.AbstractProblemLoader Init config took 2.89s 
75043      INFO  main            d.u.i.k.p.i.AbstractProblemLoader Replaying proof cubicSum.key 
75045      DEBUG main            d.u.i.k.p.i.IntermediateProofReplayer Proof replay took 5.4ns 
76054      INFO  main            d.u.i.k.p.r.p.TestFile    ... finished proof: closed. 
76374      INFO  main            d.u.i.k.p.i.AbstractProblemLoader Loading environment from /home/runner/work/key/key/key.core/../key.ui/examples/standard_key/arith/cubicSum.key.proof 
76374      DEBUG main            d.u.i.k.p.i.AbstractProblemLoader Environment load took 484.03ns 
76376      INFO  main            d.u.i.k.p.i.AbstractProblemLoader Creating init config 
79146      DEBUG main            d.u.i.k.p.i.AbstractProblemLoader Init config took 2.77s 
79166      INFO  main            d.u.i.k.p.i.AbstractProblemLoader Replaying proof cubicSum.key.proof 
79317      DEBUG main            d.u.i.k.p.i.IntermediateProofReplayer Proof replay took 146.43ms 
79319      DEBUG main            d.u.i.k.p.r.p.TestFile    ... success: reloaded. 
79320      INFO  main            d.u.i.k.p.r.p.TestFile    Now processing file /home/runner/work/key/key/key.core/../key.ui/examples/standard_key/arith/divByZero.key 
79320      INFO  main            d.u.i.k.p.i.AbstractProblemLoader Loading environment from /home/runner/work/key/key/key.core/../key.ui/examples/standard_key/arith/divByZero.key 
79321      DEBUG main            d.u.i.k.p.i.AbstractProblemLoader Environment load took 215.91ns 
79322      INFO  main            d.u.i.k.p.i.AbstractProblemLoader Creating init config 
82033      DEBUG main            d.u.i.k.p.i.AbstractProblemLoader Init config took 2.71s 
82051      INFO  main            d.u.i.k.p.i.AbstractProblemLoader Replaying proof divByZero.key 
82053      DEBUG main            d.u.i.k.p.i.IntermediateProofReplayer Proof replay took 5.7ns 
82255      INFO  main            d.u.i.k.p.r.p.TestFile    ... finished proof: closed. 
82475      INFO  main            d.u.i.k.p.i.AbstractProblemLoader Loading environment from /home/runner/work/key/key/key.core/../key.ui/examples/standard_key/arith/divByZero.key.proof 
82475      DEBUG main            d.u.i.k.p.i.AbstractProblemLoader Environment load took 115.81ns 
82477      INFO  main            d.u.i.k.p.i.AbstractProblemLoader Creating init config 
85131      DEBUG main            d.u.i.k.p.i.AbstractProblemLoader Init config took 2.65s 
85149      INFO  main            d.u.i.k.p.i.AbstractProblemLoader Replaying proof divByZero.key.proof 
85188      DEBUG main            d.u.i.k.p.i.IntermediateProofReplayer Proof replay took 36.52ms 
85189      DEBUG main            d.u.i.k.p.r.p.TestFile    ... success: reloaded. 
85190      INFO  main            d.u.i.k.p.r.p.TestFile    Now processing file /home/runner/work/key/key/key.core/../key.ui/examples/standard_key/arith/divisionAssoc.key 
85191      INFO  main            d.u.i.k.p.i.AbstractProblemLoader Loading environment from /home/runner/work/key/key/key.core/../key.ui/examples/standard_key/arith/divisionAssoc.key 
85191      DEBUG main            d.u.i.k.p.i.AbstractProblemLoader Environment load took 244.32ns 
85192      INFO  main            d.u.i.k.p.i.AbstractProblemLoader Creating init config 
87946      DEBUG main            d.u.i.k.p.i.AbstractProblemLoader Init config took 2.75s 
87963      INFO  main            d.u.i.k.p.i.AbstractProblemLoader Replaying proof divisionAssoc.key 
87965      DEBUG main            d.u.i.k.p.i.IntermediateProofReplayer Proof replay took 6.9ns 
88769      INFO  main            d.u.i.k.p.r.p.TestFile    ... finished proof: closed. 
89003      INFO  main            d.u.i.k.p.i.AbstractProblemLoader Loading environment from /home/runner/work/key/key/key.core/../key.ui/examples/standard_key/arith/divisionAssoc.key.proof 
89003      DEBUG main            d.u.i.k.p.i.AbstractProblemLoader Environment load took 556.43ns 
89005      INFO  main            d.u.i.k.p.i.AbstractProblemLoader Creating init config 
91570      DEBUG main            d.u.i.k.p.i.AbstractProblemLoader Init config took 2.57s 
91586      INFO  main            d.u.i.k.p.i.AbstractProblemLoader Replaying proof divisionAssoc.key.proof 
91632      DEBUG main            d.u.i.k.p.i.IntermediateProofReplayer Proof replay took 39.17ms 
91633      DEBUG main            d.u.i.k.p.r.p.TestFile    ... success: reloaded. 
91634      INFO  main            d.u.i.k.p.r.p.TestFile    Now processing file /home/runner/work/key/key/key.core/../key.ui/examples/standard_key/arith/divisionBy2.key 
91634      INFO  main            d.u.i.k.p.i.AbstractProblemLoader Loading environment from /home/runner/work/key/key/key.core/../key.ui/examples/standard_key/arith/divisionBy2.key 
91635      DEBUG main            d.u.i.k.p.i.AbstractProblemLoader Environment load took 231.81ns 
91636      INFO  main            d.u.i.k.p.i.AbstractProblemLoader Creating init config 
94296      DEBUG main            d.u.i.k.p.i.AbstractProblemLoader Init config took 2.66s 
94314      INFO  main            d.u.i.k.p.i.AbstractProblemLoader Replaying proof divisionBy2.key 
94316      DEBUG main            d.u.i.k.p.i.IntermediateProofReplayer Proof replay took 6.1ns 
94417      INFO  main            d.u.i.k.p.r.p.TestFile    ... finished proof: closed. 
94641      INFO  main            d.u.i.k.p.i.AbstractProblemLoader Loading environment from /home/runner/work/key/key/key.core/../key.ui/examples/standard_key/arith/divisionBy2.key.proof 
94641      DEBUG main            d.u.i.k.p.i.AbstractProblemLoader Environment load took 121.41ns 
94642      INFO  main            d.u.i.k.p.i.AbstractProblemLoader Creating init config 
97192      DEBUG main            d.u.i.k.p.i.AbstractProblemLoader Init config took 2.55s 
97209      INFO  main            d.u.i.k.p.i.AbstractProblemLoader Replaying proof divisionBy2.key.proof 
97217      DEBUG main            d.u.i.k.p.i.IntermediateProofReplayer Proof replay took 5.45ms 
97218      DEBUG main            d.u.i.k.p.r.p.TestFile    ... success: reloaded. 
97219      INFO  main            d.u.i.k.p.r.p.TestFile    Now processing file /home/runner/work/key/key/key.core/../key.ui/examples/standard_key/arith/euclidean/gcdHelp-post.key 
97219      INFO  main            d.u.i.k.p.i.AbstractProblemLoader Loading environment from /home/runner/work/key/key/key.core/../key.ui/examples/standard_key/arith/euclidean/gcdHelp-post.key 
97219      DEBUG main            d.u.i.k.p.i.AbstractProblemLoader Environment load took 254.52ns 
97221      INFO  main            d.u.i.k.p.i.AbstractProblemLoader Creating init config 
100069     DEBUG main            d.u.i.k.p.i.AbstractProblemLoader Init config took 2.85s 
100087     INFO  main            d.u.i.k.p.i.AbstractProblemLoader Replaying proof gcdHelp-post.key 
100088     DEBUG main            d.u.i.k.p.i.IntermediateProofReplayer Proof replay took 6ns 
103445     INFO  main            d.u.i.k.p.r.p.TestFile    ... finished proof: closed. 
103738     INFO  main            d.u.i.k.p.i.AbstractProblemLoader Loading environment from /home/runner/work/key/key/key.core/../key.ui/examples/standard_key/arith/euclidean/gcdHelp-post.key.proof 
103739     DEBUG main            d.u.i.k.p.i.AbstractProblemLoader Environment load took 428.63ns 
103741     INFO  main            d.u.i.k.p.i.AbstractProblemLoader Creating init config 
106401     DEBUG main            d.u.i.k.p.i.AbstractProblemLoader Init config took 2.66s 
106420     INFO  main            d.u.i.k.p.i.AbstractProblemLoader Replaying proof gcdHelp-post.key.proof 
106634     DEBUG main            d.u.i.k.p.i.IntermediateProofReplayer Proof replay took 205.16ms 
106636     DEBUG main            d.u.i.k.p.r.p.TestFile    ... success: reloaded. 
106638     INFO  main            d.u.i.k.p.r.p.TestFile    Now processing file /home/runner/work/key/key/key.core/../key.ui/examples/standard_key/arith/gemplusDecimal/add.key 
106638     INFO  main            d.u.i.k.p.i.AbstractProblemLoader Loading environment from /home/runner/work/key/key/key.core/../key.ui/examples/standard_key/arith/gemplusDecimal/add.key 
106638     DEBUG main            d.u.i.k.p.i.AbstractProblemLoader Environment load took 228.71ns 
106641     INFO  main            d.u.i.k.p.i.AbstractProblemLoader Creating init config 
109441     DEBUG main            d.u.i.k.p.i.AbstractProblemLoader Init config took 2.8s 
109470     INFO  main            d.u.i.k.p.i.AbstractProblemLoader Replaying proof add.key 
109473     DEBUG main            d.u.i.k.p.i.IntermediateProofReplayer Proof replay took 5.5ns 
155266     INFO  main            d.u.i.k.p.r.p.TestFile    ... finished proof: closed. 
155692     INFO  main            d.u.i.k.p.i.AbstractProblemLoader Loading environment from /home/runner/work/key/key/key.core/../key.ui/examples/standard_key/arith/gemplusDecimal/add.key.proof 
155692     DEBUG main            d.u.i.k.p.i.AbstractProblemLoader Environment load took 493.13ns 
155704     INFO  main            d.u.i.k.p.i.AbstractProblemLoader Creating init config 
158398     DEBUG main            d.u.i.k.p.i.AbstractProblemLoader Init config took 2.69s 
158421     INFO  main            d.u.i.k.p.i.AbstractProblemLoader Replaying proof add.key.proof 
162802     DEBUG main            d.u.i.k.p.i.IntermediateProofReplayer Proof replay took 4.27s 
162810     DEBUG main            d.u.i.k.p.r.p.TestFile    ... success: reloaded. 
162812     INFO  main            d.u.i.k.p.r.p.TestFile    Now processing file /home/runner/work/key/key/key.core/../key.ui/examples/standard_key/arith/jdivevenodd.key 
162812     INFO  main            d.u.i.k.p.i.AbstractProblemLoader Loading environment from /home/runner/work/key/key/key.core/../key.ui/examples/standard_key/arith/jdivevenodd.key 
162812     DEBUG main            d.u.i.k.p.i.AbstractProblemLoader Environment load took 94.81ns 
162813     INFO  main            d.u.i.k.p.i.AbstractProblemLoader Creating init config 
165633     DEBUG main            d.u.i.k.p.i.AbstractProblemLoader Init config took 2.82s 
165649     INFO  main            d.u.i.k.p.i.AbstractProblemLoader Replaying proof jdivevenodd.key 
165651     DEBUG main            d.u.i.k.p.i.IntermediateProofReplayer Proof replay took 7ns 
165854     INFO  main            d.u.i.k.p.r.p.TestFile    ... finished proof: closed. 
166245     INFO  main            d.u.i.k.p.i.AbstractProblemLoader Loading environment from /home/runner/work/key/key/key.core/../key.ui/examples/standard_key/arith/jdivevenodd.key.proof 
166245     DEBUG main            d.u.i.k.p.i.AbstractProblemLoader Environment load took 136.91ns 
166246     INFO  main            d.u.i.k.p.i.AbstractProblemLoader Creating init config 
169028     DEBUG main            d.u.i.k.p.i.AbstractProblemLoader Init config took 2.78s 
169045     INFO  main            d.u.i.k.p.i.AbstractProblemLoader Replaying proof jdivevenodd.key.proof 
169064     DEBUG main            d.u.i.k.p.i.IntermediateProofReplayer Proof replay took 16.03ms 
169065     DEBUG main            d.u.i.k.p.r.p.TestFile    ... success: reloaded. 
169066     INFO  main            d.u.i.k.p.r.p.TestFile    Now processing file /home/runner/work/key/key/key.core/../key.ui/examples/standard_key/arith/median.key 
169067     INFO  main            d.u.i.k.p.i.AbstractProblemLoader Loading environment from /home/runner/work/key/key/key.core/../key.ui/examples/standard_key/arith/median.key 
169067     DEBUG main            d.u.i.k.p.i.AbstractProblemLoader Environment load took 240.72ns 
169069     INFO  main            d.u.i.k.p.i.AbstractProblemLoader Creating init config 
171914     DEBUG main            d.u.i.k.p.i.AbstractProblemLoader Init config took 2.85s 
171932     INFO  main            d.u.i.k.p.i.AbstractProblemLoader Replaying proof median.key 
171935     DEBUG main            d.u.i.k.p.i.IntermediateProofReplayer Proof replay took 6ns 
188625     INFO  main            d.u.i.k.p.r.p.TestFile    ... finished proof: closed. 
188969     INFO  main            d.u.i.k.p.i.AbstractProblemLoader Loading environment from /home/runner/work/key/key/key.core/../key.ui/examples/standard_key/arith/median.key.proof 
188973     DEBUG main            d.u.i.k.p.i.AbstractProblemLoader Environment load took 5.68ms 
188978     INFO  main            d.u.i.k.p.i.AbstractProblemLoader Creating init config 
191561     DEBUG main            d.u.i.k.p.i.AbstractProblemLoader Init config took 2.58s 
191578     INFO  main            d.u.i.k.p.i.AbstractProblemLoader Replaying proof median.key.proof 
192869     DEBUG main            d.u.i.k.p.i.IntermediateProofReplayer Proof replay took 1.25s 
192873     DEBUG main            d.u.i.k.p.r.p.TestFile    ... success: reloaded. 
192874     INFO  main            d.u.i.k.p.r.p.TestFile    Now processing file /home/runner/work/key/key/key.core/../key.ui/examples/standard_key/arith/mod1.key 
192874     INFO  main            d.u.i.k.p.i.AbstractProblemLoader Loading environment from /home/runner/work/key/key/key.core/../key.ui/examples/standard_key/arith/mod1.key 
192875     DEBUG main            d.u.i.k.p.i.AbstractProblemLoader Environment load took 227.61ns 
192876     INFO  main            d.u.i.k.p.i.AbstractProblemLoader Creating init config 
195494     DEBUG main            d.u.i.k.p.i.AbstractProblemLoader Init config took 2.62s 
195520     INFO  main            d.u.i.k.p.i.AbstractProblemLoader Replaying proof mod1.key 
195521     DEBUG main            d.u.i.k.p.i.IntermediateProofReplayer Proof replay took 4.9ns 
195625     INFO  main            d.u.i.k.p.r.p.TestFile    ... finished proof: closed. 
195958     INFO  main            d.u.i.k.p.i.AbstractProblemLoader Loading environment from /home/runner/work/key/key/key.core/../key.ui/examples/standard_key/arith/mod1.key.proof 
195958     DEBUG main            d.u.i.k.p.i.AbstractProblemLoader Environment load took 102.11ns 
195959     INFO  main            d.u.i.k.p.i.AbstractProblemLoader Creating init config 
198467     DEBUG main            d.u.i.k.p.i.AbstractProblemLoader Init config took 2.51s 
198485     INFO  main            d.u.i.k.p.i.AbstractProblemLoader Replaying proof mod1.key.proof 
198490     DEBUG main            d.u.i.k.p.i.IntermediateProofReplayer Proof replay took 2.55ms 
198491     DEBUG main            d.u.i.k.p.r.p.TestFile    ... success: reloaded. 
198492     INFO  main            d.u.i.k.p.r.p.TestFile    Now processing file /home/runner/work/key/key/key.core/../key.ui/examples/standard_key/arith/mod2.key 
198492     INFO  main            d.u.i.k.p.i.AbstractProblemLoader Loading environment from /home/runner/work/key/key/key.core/../key.ui/examples/standard_key/arith/mod2.key 
198493     DEBUG main            d.u.i.k.p.i.AbstractProblemLoader Environment load took 269.52ns 
198494     INFO  main            d.u.i.k.p.i.AbstractProblemLoader Creating init config 
201042     DEBUG main            d.u.i.k.p.i.AbstractProblemLoader Init config took 2.55s 
201057     INFO  main            d.u.i.k.p.i.AbstractProblemLoader Replaying proof mod2.key 
201059     DEBUG main            d.u.i.k.p.i.IntermediateProofReplayer Proof replay took 5.7ns 
201162     INFO  main            d.u.i.k.p.r.p.TestFile    ... finished proof: closed. 
201413     INFO  main            d.u.i.k.p.i.AbstractProblemLoader Loading environment from /home/runner/work/key/key/key.core/../key.ui/examples/standard_key/arith/mod2.key.proof 
201413     DEBUG main            d.u.i.k.p.i.AbstractProblemLoader Environment load took 107.01ns 
201414     INFO  main            d.u.i.k.p.i.AbstractProblemLoader Creating init config 
204004     DEBUG main            d.u.i.k.p.i.AbstractProblemLoader Init config took 2.59s 
204018     INFO  main            d.u.i.k.p.i.AbstractProblemLoader Replaying proof mod2.key.proof 
204021     DEBUG main            d.u.i.k.p.i.IntermediateProofReplayer Proof replay took 1.47ms 
204022     DEBUG main            d.u.i.k.p.r.p.TestFile    ... success: reloaded. 
204023     INFO  main            d.u.i.k.p.r.p.TestFile    Now processing file /home/runner/work/key/key/key.core/../key.ui/examples/standard_key/arith/mod7.key 
204023     INFO  main            d.u.i.k.p.i.AbstractProblemLoader Loading environment from /home/runner/work/key/key/key.core/../key.ui/examples/standard_key/arith/mod7.key 
204024     DEBUG main            d.u.i.k.p.i.AbstractProblemLoader Environment load took 98.61ns 
204025     INFO  main            d.u.i.k.p.i.AbstractProblemLoader Creating init config 
206648     DEBUG main            d.u.i.k.p.i.AbstractProblemLoader Init config took 2.62s 
206665     INFO  main            d.u.i.k.p.i.AbstractProblemLoader Replaying proof mod7.key 
206667     DEBUG main            d.u.i.k.p.i.IntermediateProofReplayer Proof replay took 6.6ns 
206773     INFO  main            d.u.i.k.p.r.p.TestFile    ... finished proof: closed. 
207041     INFO  main            d.u.i.k.p.i.AbstractProblemLoader Loading environment from /home/runner/work/key/key/key.core/../key.ui/examples/standard_key/arith/mod7.key.proof 
207041     DEBUG main            d.u.i.k.p.i.AbstractProblemLoader Environment load took 117.11ns 
207042     INFO  main            d.u.i.k.p.i.AbstractProblemLoader Creating init config 
209552     DEBUG main            d.u.i.k.p.i.AbstractProblemLoader Init config took 2.51s 
209566     INFO  main            d.u.i.k.p.i.AbstractProblemLoader Replaying proof mod7.key.proof 
209573     DEBUG main            d.u.i.k.p.i.IntermediateProofReplayer Proof replay took 5.07ms 
209574     DEBUG main            d.u.i.k.p.r.p.TestFile    ... success: reloaded. 
209574     INFO  main            d.u.i.k.p.r.p.TestFile    Now processing file /home/runner/work/key/key/key.core/../key.ui/examples/standard_key/arith/overflow_hija.key 
209575     INFO  main            d.u.i.k.p.i.AbstractProblemLoader Loading environment from /home/runner/work/key/key/key.core/../key.ui/examples/standard_key/arith/overflow_hija.key 
209575     DEBUG main            d.u.i.k.p.i.AbstractProblemLoader Environment load took 101.81ns 
209576     INFO  main            d.u.i.k.p.i.AbstractProblemLoader Creating init config 
212126     DEBUG main            d.u.i.k.p.i.AbstractProblemLoader Init config took 2.55s 
212145     INFO  main            d.u.i.k.p.i.AbstractProblemLoader Replaying proof overflow_hija.key 
212146     DEBUG main            d.u.i.k.p.i.IntermediateProofReplayer Proof replay took 5.8ns 
217162     INFO  main            d.u.i.k.p.r.p.TestFile    ... finished proof: closed. 
217482     INFO  main            d.u.i.k.p.i.AbstractProblemLoader Loading environment from /home/runner/work/key/key/key.core/../key.ui/examples/standard_key/arith/overflow_hija.key.proof 
217486     DEBUG main            d.u.i.k.p.i.AbstractProblemLoader Environment load took 3.79ms 
217488     INFO  main            d.u.i.k.p.i.AbstractProblemLoader Creating init config 
220054     DEBUG main            d.u.i.k.p.i.AbstractProblemLoader Init config took 2.57s 
220074     INFO  main            d.u.i.k.p.i.AbstractProblemLoader Replaying proof overflow_hija.key.proof 
220442     DEBUG main            d.u.i.k.p.i.IntermediateProofReplayer Proof replay took 358.28ms 
220445     DEBUG main            d.u.i.k.p.r.p.TestFile    ... success: reloaded. 
220446     INFO  main            d.u.i.k.p.r.p.TestFile    Now processing file /home/runner/work/key/key/key.core/../key.ui/examples/standard_key/arith/poly_division0.key 
220446     INFO  main            d.u.i.k.p.i.AbstractProblemLoader Loading environment from /home/runner/work/key/key/key.core/../key.ui/examples/standard_key/arith/poly_division0.key 
220446     DEBUG main            d.u.i.k.p.i.AbstractProblemLoader Environment load took 130.21ns 
220447     INFO  main            d.u.i.k.p.i.AbstractProblemLoader Creating init config 
222991     DEBUG main            d.u.i.k.p.i.AbstractProblemLoader Init config took 2.54s 
223005     INFO  main            d.u.i.k.p.i.AbstractProblemLoader Replaying proof poly_division0.key 
223006     DEBUG main            d.u.i.k.p.i.IntermediateProofReplayer Proof replay took 6.5ns 
223117     INFO  main            d.u.i.k.p.r.p.TestFile    ... finished proof: closed. 
223458     INFO  main            d.u.i.k.p.i.AbstractProblemLoader Loading environment from /home/runner/work/key/key/key.core/../key.ui/examples/standard_key/arith/poly_division0.key.proof 
223458     DEBUG main            d.u.i.k.p.i.AbstractProblemLoader Environment load took 118.51ns 
223460     INFO  main            d.u.i.k.p.i.AbstractProblemLoader Creating init config 
225987     DEBUG main            d.u.i.k.p.i.AbstractProblemLoader Init config took 2.53s 
226003     INFO  main            d.u.i.k.p.i.AbstractProblemLoader Replaying proof poly_division0.key.proof 
226012     DEBUG main            d.u.i.k.p.i.IntermediateProofReplayer Proof replay took 7.83ms 
226013     DEBUG main            d.u.i.k.p.r.p.TestFile    ... success: reloaded. 
226014     INFO  main            d.u.i.k.p.r.p.TestFile    Now processing file /home/runner/work/key/key/key.core/../key.ui/examples/standard_key/arith/poly_division1.key 
226014     INFO  main            d.u.i.k.p.i.AbstractProblemLoader Loading environment from /home/runner/work/key/key/key.core/../key.ui/examples/standard_key/arith/poly_division1.key 
226015     DEBUG main            d.u.i.k.p.i.AbstractProblemLoader Environment load took 222.81ns 
226016     INFO  main            d.u.i.k.p.i.AbstractProblemLoader Creating init config 
228543     DEBUG main            d.u.i.k.p.i.AbstractProblemLoader Init config took 2.53s 
228558     INFO  main            d.u.i.k.p.i.AbstractProblemLoader Replaying proof poly_division1.key 
228559     DEBUG main            d.u.i.k.p.i.IntermediateProofReplayer Proof replay took 6.4ns 
228661     INFO  main            d.u.i.k.p.r.p.TestFile    ... finished proof: closed. 
228949     INFO  main            d.u.i.k.p.i.AbstractProblemLoader Loading environment from /home/runner/work/key/key/key.core/../key.ui/examples/standard_key/arith/poly_division1.key.proof 
228949     DEBUG main            d.u.i.k.p.i.AbstractProblemLoader Environment load took 110.11ns 
228950     INFO  main            d.u.i.k.p.i.AbstractProblemLoader Creating init config 
231519     DEBUG main            d.u.i.k.p.i.AbstractProblemLoader Init config took 2.57s 
231534     INFO  main            d.u.i.k.p.i.AbstractProblemLoader Replaying proof poly_division1.key.proof 
231541     DEBUG main            d.u.i.k.p.i.IntermediateProofReplayer Proof replay took 6.23ms 
231542     DEBUG main            d.u.i.k.p.r.p.TestFile    ... success: reloaded. 
231543     INFO  main            d.u.i.k.p.r.p.TestFile    Now processing file /home/runner/work/key/key/key.core/../key.ui/examples/standard_key/inEqSimp/division.key 
231543     INFO  main            d.u.i.k.p.i.AbstractProblemLoader Loading environment from /home/runner/work/key/key/key.core/../key.ui/examples/standard_key/inEqSimp/division.key 
231543     DEBUG main            d.u.i.k.p.i.AbstractProblemLoader Environment load took 57.2ns 
231544     INFO  main            d.u.i.k.p.i.AbstractProblemLoader Creating init config 
234204     DEBUG main            d.u.i.k.p.i.AbstractProblemLoader Init config took 2.66s 
234221     INFO  main            d.u.i.k.p.i.AbstractProblemLoader Replaying proof division.key 
234223     DEBUG main            d.u.i.k.p.i.IntermediateProofReplayer Proof replay took 7.1ns 
235056     INFO  main            d.u.i.k.p.r.p.TestFile    ... finished proof: closed. 
235355     INFO  main            d.u.i.k.p.i.AbstractProblemLoader Loading environment from /home/runner/work/key/key/key.core/../key.ui/examples/standard_key/inEqSimp/division.key.proof 
235356     DEBUG main            d.u.i.k.p.i.AbstractProblemLoader Environment load took 802.75ns 
235360     INFO  main            d.u.i.k.p.i.AbstractProblemLoader Creating init config 
238022     DEBUG main            d.u.i.k.p.i.AbstractProblemLoader Init config took 2.66s 
238038     INFO  main            d.u.i.k.p.i.AbstractProblemLoader Replaying proof division.key.proof 
238075     DEBUG main            d.u.i.k.p.i.IntermediateProofReplayer Proof replay took 33.34ms 
238077     DEBUG main            d.u.i.k.p.r.p.TestFile    ... success: reloaded. 
238077     INFO  main            d.u.i.k.p.r.p.TestFile    Now processing file /home/runner/work/key/key/key.core/../key.ui/examples/standard_key/inEqSimp/inequations0.key 
238078     INFO  main            d.u.i.k.p.i.AbstractProblemLoader Loading environment from /home/runner/work/key/key/key.core/../key.ui/examples/standard_key/inEqSimp/inequations0.key 
238078     DEBUG main            d.u.i.k.p.i.AbstractProblemLoader Environment load took 225.51ns 
238079     INFO  main            d.u.i.k.p.i.AbstractProblemLoader Creating init config 
240843     DEBUG main            d.u.i.k.p.i.AbstractProblemLoader Init config took 2.76s 
240858     INFO  main            d.u.i.k.p.i.AbstractProblemLoader Replaying proof inequations0.key 
240859     DEBUG main            d.u.i.k.p.i.IntermediateProofReplayer Proof replay took 7.1ns 
240961     INFO  main            d.u.i.k.p.r.p.TestFile    ... finished proof: closed. 
241266     INFO  main            d.u.i.k.p.i.AbstractProblemLoader Loading environment from /home/runner/work/key/key/key.core/../key.ui/examples/standard_key/inEqSimp/inequations0.key.proof 
241267     DEBUG main            d.u.i.k.p.i.AbstractProblemLoader Environment load took 100.81ns 
241268     INFO  main            d.u.i.k.p.i.AbstractProblemLoader Creating init config 
243852     DEBUG main            d.u.i.k.p.i.AbstractProblemLoader Init config took 2.58s 
243867     INFO  main            d.u.i.k.p.i.AbstractProblemLoader Replaying proof inequations0.key.proof 
243871     DEBUG main            d.u.i.k.p.i.IntermediateProofReplayer Proof replay took 2.28ms 
243872     DEBUG main            d.u.i.k.p.r.p.TestFile    ... success: reloaded. 
243872     INFO  main            d.u.i.k.p.r.p.TestFile    Now processing file /home/runner/work/key/key/key.core/../key.ui/examples/standard_key/inEqSimp/inequations1.key 
243873     INFO  main            d.u.i.k.p.i.AbstractProblemLoader Loading environment from /home/runner/work/key/key/key.core/../key.ui/examples/standard_key/inEqSimp/inequations1.key 
243873     DEBUG main            d.u.i.k.p.i.AbstractProblemLoader Environment load took 147.11ns 
243874     INFO  main            d.u.i.k.p.i.AbstractProblemLoader Creating init config 
246500     DEBUG main            d.u.i.k.p.i.AbstractProblemLoader Init config took 2.63s 
246514     INFO  main            d.u.i.k.p.i.AbstractProblemLoader Replaying proof inequations1.key 
246515     DEBUG main            d.u.i.k.p.i.IntermediateProofReplayer Proof replay took 7.2ns 
246617     INFO  main            d.u.i.k.p.r.p.TestFile    ... finished proof: closed. 
246901     INFO  main            d.u.i.k.p.i.AbstractProblemLoader Loading environment from /home/runner/work/key/key/key.core/../key.ui/examples/standard_key/inEqSimp/inequations1.key.proof 
246901     DEBUG main            d.u.i.k.p.i.AbstractProblemLoader Environment load took 100.91ns 
246902     INFO  main            d.u.i.k.p.i.AbstractProblemLoader Creating init config 
249471     DEBUG main            d.u.i.k.p.i.AbstractProblemLoader Init config took 2.57s 
249487     INFO  main            d.u.i.k.p.i.AbstractProblemLoader Replaying proof inequations1.key.proof 
249489     DEBUG main            d.u.i.k.p.i.IntermediateProofReplayer Proof replay took 1.36ms 
249490     DEBUG main            d.u.i.k.p.r.p.TestFile    ... success: reloaded. 
249491     INFO  main            d.u.i.k.p.r.p.TestFile    Now processing file /home/runner/work/key/key/key.core/../key.ui/examples/standard_key/inEqSimp/inequations2.key 
249491     INFO  main            d.u.i.k.p.i.AbstractProblemLoader Loading environment from /home/runner/work/key/key/key.core/../key.ui/examples/standard_key/inEqSimp/inequations2.key 
249491     DEBUG main            d.u.i.k.p.i.AbstractProblemLoader Environment load took 72.8ns 
249492     INFO  main            d.u.i.k.p.i.AbstractProblemLoader Creating init config 
252113     DEBUG main            d.u.i.k.p.i.AbstractProblemLoader Init config took 2.62s 
252128     INFO  main            d.u.i.k.p.i.AbstractProblemLoader Replaying proof inequations2.key 
252129     DEBUG main            d.u.i.k.p.i.IntermediateProofReplayer Proof replay took 7ns 
252231     INFO  main            d.u.i.k.p.r.p.TestFile    ... finished proof: closed. 
252535     INFO  main            d.u.i.k.p.i.AbstractProblemLoader Loading environment from /home/runner/work/key/key/key.core/../key.ui/examples/standard_key/inEqSimp/inequations2.key.proof 
252535     DEBUG main            d.u.i.k.p.i.AbstractProblemLoader Environment load took 100.51ns 
252536     INFO  main            d.u.i.k.p.i.AbstractProblemLoader Creating init config 
255246     DEBUG main            d.u.i.k.p.i.AbstractProblemLoader Init config took 2.71s 
255263     INFO  main            d.u.i.k.p.i.AbstractProblemLoader Replaying proof inequations2.key.proof 
255266     DEBUG main            d.u.i.k.p.i.IntermediateProofReplayer Proof replay took 1.64ms 
255267     DEBUG main            d.u.i.k.p.r.p.TestFile    ... success: reloaded. 
255267     INFO  main            d.u.i.k.p.r.p.TestFile    Now processing file /home/runner/work/key/key/key.core/../key.ui/examples/standard_key/inEqSimp/linApprox.key 
255267     INFO  main            d.u.i.k.p.i.AbstractProblemLoader Loading environment from /home/runner/work/key/key/key.core/../key.ui/examples/standard_key/inEqSimp/linApprox.key 
255268     DEBUG main            d.u.i.k.p.i.AbstractProblemLoader Environment load took 92.21ns 
255269     INFO  main            d.u.i.k.p.i.AbstractProblemLoader Creating init config 
258002     DEBUG main            d.u.i.k.p.i.AbstractProblemLoader Init config took 2.73s 
258017     INFO  main            d.u.i.k.p.i.AbstractProblemLoader Replaying proof linApprox.key 
258018     DEBUG main            d.u.i.k.p.i.IntermediateProofReplayer Proof replay took 6.5ns 
258120     INFO  main            d.u.i.k.p.r.p.TestFile    ... finished proof: closed. 
258451     INFO  main            d.u.i.k.p.i.AbstractProblemLoader Loading environment from /home/runner/work/key/key/key.core/../key.ui/examples/standard_key/inEqSimp/linApprox.key.proof 
258451     DEBUG main            d.u.i.k.p.i.AbstractProblemLoader Environment load took 106.11ns 
258452     INFO  main            d.u.i.k.p.i.AbstractProblemLoader Creating init config 
261193     DEBUG main            d.u.i.k.p.i.AbstractProblemLoader Init config took 2.74s 
261208     INFO  main            d.u.i.k.p.i.AbstractProblemLoader Replaying proof linApprox.key.proof 
261212     DEBUG main            d.u.i.k.p.i.IntermediateProofReplayer Proof replay took 3.03ms 
261213     DEBUG main            d.u.i.k.p.r.p.TestFile    ... success: reloaded. 
261214     INFO  main            d.u.i.k.p.r.p.TestFile    Now processing file /home/runner/work/key/key/key.core/../key.ui/examples/standard_key/inEqSimp/nonLinInEqExample0.key 
261214     INFO  main            d.u.i.k.p.i.AbstractProblemLoader Loading environment from /home/runner/work/key/key/key.core/../key.ui/examples/standard_key/inEqSimp/nonLinInEqExample0.key 
261214     DEBUG main            d.u.i.k.p.i.AbstractProblemLoader Environment load took 110.41ns 
261215     INFO  main            d.u.i.k.p.i.AbstractProblemLoader Creating init config 
264036     DEBUG main            d.u.i.k.p.i.AbstractProblemLoader Init config took 2.82s 
264052     INFO  main            d.u.i.k.p.i.AbstractProblemLoader Replaying proof nonLinInEqExample0.key 
264054     DEBUG main            d.u.i.k.p.i.IntermediateProofReplayer Proof replay took 6.9ns 
264155     INFO  main            d.u.i.k.p.r.p.TestFile    ... finished proof: closed. 
264484     INFO  main            d.u.i.k.p.i.AbstractProblemLoader Loading environment from /home/runner/work/key/key/key.core/../key.ui/examples/standard_key/inEqSimp/nonLinInEqExample0.key.proof 
264485     DEBUG main            d.u.i.k.p.i.AbstractProblemLoader Environment load took 106.21ns 
264486     INFO  main            d.u.i.k.p.i.AbstractProblemLoader Creating init config 
267258     DEBUG main            d.u.i.k.p.i.AbstractProblemLoader Init config took 2.77s 
267274     INFO  main            d.u.i.k.p.i.AbstractProblemLoader Replaying proof nonLinInEqExample0.key.proof 
267277     DEBUG main            d.u.i.k.p.i.IntermediateProofReplayer Proof replay took 1.04ms 
267277     DEBUG main            d.u.i.k.p.r.p.TestFile    ... success: reloaded. 
267278     INFO  main            d.u.i.k.p.r.p.TestFile    Now processing file /home/runner/work/key/key/key.core/../key.ui/examples/standard_key/inEqSimp/nonLinInEqExample2.key 
267279     INFO  main            d.u.i.k.p.i.AbstractProblemLoader Loading environment from /home/runner/work/key/key/key.core/../key.ui/examples/standard_key/inEqSimp/nonLinInEqExample2.key 
267279     DEBUG main            d.u.i.k.p.i.AbstractProblemLoader Environment load took 51.9ns 
267280     INFO  main            d.u.i.k.p.i.AbstractProblemLoader Creating init config 
270163     DEBUG main            d.u.i.k.p.i.AbstractProblemLoader Init config took 2.88s 
270178     INFO  main            d.u.i.k.p.i.AbstractProblemLoader Replaying proof nonLinInEqExample2.key 
270180     DEBUG main            d.u.i.k.p.i.IntermediateProofReplayer Proof replay took 6.6ns 
270483     INFO  main            d.u.i.k.p.r.p.TestFile    ... finished proof: closed. 
270837     INFO  main            d.u.i.k.p.i.AbstractProblemLoader Loading environment from /home/runner/work/key/key/key.core/../key.ui/examples/standard_key/inEqSimp/nonLinInEqExample2.key.proof 
270837     DEBUG main            d.u.i.k.p.i.AbstractProblemLoader Environment load took 109.71ns 
270839     INFO  main            d.u.i.k.p.i.AbstractProblemLoader Creating init config 
273628     DEBUG main            d.u.i.k.p.i.AbstractProblemLoader Init config took 2.79s 
273647     INFO  main            d.u.i.k.p.i.AbstractProblemLoader Replaying proof nonLinInEqExample2.key.proof 
273682     DEBUG main            d.u.i.k.p.i.IntermediateProofReplayer Proof replay took 31.58ms 
273683     DEBUG main            d.u.i.k.p.r.p.TestFile    ... success: reloaded. 
273684     INFO  main            d.u.i.k.p.r.p.TestFile    Now processing file /home/runner/work/key/key/key.core/../key.ui/examples/standard_key/inEqSimp/nonLinInEqExample3.key 
273684     INFO  main            d.u.i.k.p.i.AbstractProblemLoader Loading environment from /home/runner/work/key/key/key.core/../key.ui/examples/standard_key/inEqSimp/nonLinInEqExample3.key 
273684     DEBUG main            d.u.i.k.p.i.AbstractProblemLoader Environment load took 85.91ns 
273685     INFO  main            d.u.i.k.p.i.AbstractProblemLoader Creating init config 
276532     DEBUG main            d.u.i.k.p.i.AbstractProblemLoader Init config took 2.85s 
276548     INFO  main            d.u.i.k.p.i.AbstractProblemLoader Replaying proof nonLinInEqExample3.key 
276549     DEBUG main            d.u.i.k.p.i.IntermediateProofReplayer Proof replay took 7.2ns 
276853     INFO  main            d.u.i.k.p.r.p.TestFile    ... finished proof: closed. 
277215     INFO  main            d.u.i.k.p.i.AbstractProblemLoader Loading environment from /home/runner/work/key/key/key.core/../key.ui/examples/standard_key/inEqSimp/nonLinInEqExample3.key.proof 
277215     DEBUG main            d.u.i.k.p.i.AbstractProblemLoader Environment load took 116.81ns 
277216     INFO  main            d.u.i.k.p.i.AbstractProblemLoader Creating init config 
280021     DEBUG main            d.u.i.k.p.i.AbstractProblemLoader Init config took 2.8s 
280037     INFO  main            d.u.i.k.p.i.AbstractProblemLoader Replaying proof nonLinInEqExample3.key.proof 
280059     DEBUG main            d.u.i.k.p.i.IntermediateProofReplayer Proof replay took 19.26ms 
280060     DEBUG main            d.u.i.k.p.r.p.TestFile    ... success: reloaded. 
280060     INFO  main            d.u.i.k.p.r.p.TestFile    Now processing file /home/runner/work/key/key/key.core/../key.ui/examples/standard_key/inEqSimp/nonLinInEqExample4.key 
280061     INFO  main            d.u.i.k.p.i.AbstractProblemLoader Loading environment from /home/runner/work/key/key/key.core/../key.ui/examples/standard_key/inEqSimp/nonLinInEqExample4.key 
280061     DEBUG main            d.u.i.k.p.i.AbstractProblemLoader Environment load took 56.2ns 
280062     INFO  main            d.u.i.k.p.i.AbstractProblemLoader Creating init config 
282919     DEBUG main            d.u.i.k.p.i.AbstractProblemLoader Init config took 2.86s 
282934     INFO  main            d.u.i.k.p.i.AbstractProblemLoader Replaying proof nonLinInEqExample4.key 
282936     DEBUG main            d.u.i.k.p.i.IntermediateProofReplayer Proof replay took 38.7ns 
283041     INFO  main            d.u.i.k.p.r.p.TestFile    ... finished proof: closed. 
283405     INFO  main            d.u.i.k.p.i.AbstractProblemLoader Loading environment from /home/runner/work/key/key/key.core/../key.ui/examples/standard_key/inEqSimp/nonLinInEqExample4.key.proof 
283405     DEBUG main            d.u.i.k.p.i.AbstractProblemLoader Environment load took 108.71ns 
283407     INFO  main            d.u.i.k.p.i.AbstractProblemLoader Creating init config 
286203     DEBUG main            d.u.i.k.p.i.AbstractProblemLoader Init config took 2.8s 
286219     INFO  main            d.u.i.k.p.i.AbstractProblemLoader Replaying proof nonLinInEqExample4.key.proof 
286224     DEBUG main            d.u.i.k.p.i.IntermediateProofReplayer Proof replay took 3.87ms 
286225     DEBUG main            d.u.i.k.p.r.p.TestFile    ... success: reloaded. 
286226     INFO  main            d.u.i.k.p.r.p.TestFile    Now processing file /home/runner/work/key/key/key.core/../key.ui/examples/standard_key/inEqSimp/quadraticInEq.key 
286226     INFO  main            d.u.i.k.p.i.AbstractProblemLoader Loading environment from /home/runner/work/key/key/key.core/../key.ui/examples/standard_key/inEqSimp/quadraticInEq.key 
286226     DEBUG main            d.u.i.k.p.i.AbstractProblemLoader Environment load took 119.81ns 
286228     INFO  main            d.u.i.k.p.i.AbstractProblemLoader Creating init config 
289074     DEBUG main            d.u.i.k.p.i.AbstractProblemLoader Init config took 2.85s 
289090     INFO  main            d.u.i.k.p.i.AbstractProblemLoader Replaying proof quadraticInEq.key 
289092     DEBUG main            d.u.i.k.p.i.IntermediateProofReplayer Proof replay took 3.3ns 
289498     INFO  main            d.u.i.k.p.r.p.TestFile    ... finished proof: closed. 
289876     INFO  main            d.u.i.k.p.i.AbstractProblemLoader Loading environment from /home/runner/work/key/key/key.core/../key.ui/examples/standard_key/inEqSimp/quadraticInEq.key.proof 
289877     DEBUG main            d.u.i.k.p.i.AbstractProblemLoader Environment load took 459.23ns 
289878     INFO  main            d.u.i.k.p.i.AbstractProblemLoader Creating init config 
292654     DEBUG main            d.u.i.k.p.i.AbstractProblemLoader Init config took 2.78s 
292671     INFO  main            d.u.i.k.p.i.AbstractProblemLoader Replaying proof quadraticInEq.key.proof 
292715     DEBUG main            d.u.i.k.p.i.IntermediateProofReplayer Proof replay took 39.72ms 
292717     DEBUG main            d.u.i.k.p.r.p.TestFile    ... success: reloaded. 
292718     INFO  main            d.u.i.k.p.r.p.TestFile    Now processing file /home/runner/work/key/key/key.core/../key.ui/examples/standard_key/inEqSimp/quadraticInEq10.key 
292718     INFO  main            d.u.i.k.p.i.AbstractProblemLoader Loading environment from /home/runner/work/key/key/key.core/../key.ui/examples/standard_key/inEqSimp/quadraticInEq10.key 
292718     DEBUG main            d.u.i.k.p.i.AbstractProblemLoader Environment load took 151.91ns 
292720     INFO  main            d.u.i.k.p.i.AbstractProblemLoader Creating init config 
295547     DEBUG main            d.u.i.k.p.i.AbstractProblemLoader Init config took 2.83s 
295563     INFO  main            d.u.i.k.p.i.AbstractProblemLoader Replaying proof quadraticInEq10.key 
295564     DEBUG main            d.u.i.k.p.i.IntermediateProofReplayer Proof replay took 3.4ns 
295779     INFO  main            d.u.i.k.p.r.p.TestFile    ... finished proof: closed. 
296143     INFO  main            d.u.i.k.p.i.AbstractProblemLoader Loading environment from /home/runner/work/key/key/key.core/../key.ui/examples/standard_key/inEqSimp/quadraticInEq10.key.proof 
296143     DEBUG main            d.u.i.k.p.i.AbstractProblemLoader Environment load took 223.01ns 
296145     INFO  main            d.u.i.k.p.i.AbstractProblemLoader Creating init config 
298912     DEBUG main            d.u.i.k.p.i.AbstractProblemLoader Init config took 2.77s 
298927     INFO  main            d.u.i.k.p.i.AbstractProblemLoader Replaying proof quadraticInEq10.key.proof 
298942     DEBUG main            d.u.i.k.p.i.IntermediateProofReplayer Proof replay took 13.24ms 
298943     DEBUG main            d.u.i.k.p.r.p.TestFile    ... success: reloaded. 
298944     INFO  main            d.u.i.k.p.r.p.TestFile    Now processing file /home/runner/work/key/key/key.core/../key.ui/examples/standard_key/inEqSimp/quadraticInEq13.key 
298944     INFO  main            d.u.i.k.p.i.AbstractProblemLoader Loading environment from /home/runner/work/key/key/key.core/../key.ui/examples/standard_key/inEqSimp/quadraticInEq13.key 
298944     DEBUG main            d.u.i.k.p.i.AbstractProblemLoader Environment load took 47.6ns 
298945     INFO  main            d.u.i.k.p.i.AbstractProblemLoader Creating init config 
301747     DEBUG main            d.u.i.k.p.i.AbstractProblemLoader Init config took 2.8s 
301762     INFO  main            d.u.i.k.p.i.AbstractProblemLoader Replaying proof quadraticInEq13.key 
301763     DEBUG main            d.u.i.k.p.i.IntermediateProofReplayer Proof replay took 3ns 
301967     INFO  main            d.u.i.k.p.r.p.TestFile    ... finished proof: closed. 
302350     INFO  main            d.u.i.k.p.i.AbstractProblemLoader Loading environment from /home/runner/work/key/key/key.core/../key.ui/examples/standard_key/inEqSimp/quadraticInEq13.key.proof 
302351     DEBUG main            d.u.i.k.p.i.AbstractProblemLoader Environment load took 100.91ns 
302352     INFO  main            d.u.i.k.p.i.AbstractProblemLoader Creating init config 
305115     DEBUG main            d.u.i.k.p.i.AbstractProblemLoader Init config took 2.76s 
305131     INFO  main            d.u.i.k.p.i.AbstractProblemLoader Replaying proof quadraticInEq13.key.proof 
305151     DEBUG main            d.u.i.k.p.i.IntermediateProofReplayer Proof replay took 17.51ms 
305151     DEBUG main            d.u.i.k.p.r.p.TestFile    ... success: reloaded. 
305152     INFO  main            d.u.i.k.p.r.p.TestFile    Now processing file /home/runner/work/key/key/key.core/../key.ui/examples/standard_key/inEqSimp/quadraticInEq14.key 
305152     INFO  main            d.u.i.k.p.i.AbstractProblemLoader Loading environment from /home/runner/work/key/key/key.core/../key.ui/examples/standard_key/inEqSimp/quadraticInEq14.key 
305152     DEBUG main            d.u.i.k.p.i.AbstractProblemLoader Environment load took 51.9ns 
305153     INFO  main            d.u.i.k.p.i.AbstractProblemLoader Creating init config 
307962     DEBUG main            d.u.i.k.p.i.AbstractProblemLoader Init config took 2.81s 
307977     INFO  main            d.u.i.k.p.i.AbstractProblemLoader Replaying proof quadraticInEq14.key 
307979     DEBUG main            d.u.i.k.p.i.IntermediateProofReplayer Proof replay took 3.2ns 
308283     INFO  main            d.u.i.k.p.r.p.TestFile    ... finished proof: closed. 
308665     INFO  main            d.u.i.k.p.i.AbstractProblemLoader Loading environment from /home/runner/work/key/key/key.core/../key.ui/examples/standard_key/inEqSimp/quadraticInEq14.key.proof 
308665     DEBUG main            d.u.i.k.p.i.AbstractProblemLoader Environment load took 95.71ns 
308667     INFO  main            d.u.i.k.p.i.AbstractProblemLoader Creating init config 
311364     DEBUG main            d.u.i.k.p.i.AbstractProblemLoader Init config took 2.7s 
311379     INFO  main            d.u.i.k.p.i.AbstractProblemLoader Replaying proof quadraticInEq14.key.proof 
311402     DEBUG main            d.u.i.k.p.i.IntermediateProofReplayer Proof replay took 20.67ms 
311403     DEBUG main            d.u.i.k.p.r.p.TestFile    ... success: reloaded. 
311404     INFO  main            d.u.i.k.p.r.p.TestFile    Now processing file /home/runner/work/key/key/key.core/../key.ui/examples/standard_key/inEqSimp/quadraticInEq2.key 
311404     INFO  main            d.u.i.k.p.i.AbstractProblemLoader Loading environment from /home/runner/work/key/key/key.core/../key.ui/examples/standard_key/inEqSimp/quadraticInEq2.key 
311404     DEBUG main            d.u.i.k.p.i.AbstractProblemLoader Environment load took 85.61ns 
311405     INFO  main            d.u.i.k.p.i.AbstractProblemLoader Creating init config 
314192     DEBUG main            d.u.i.k.p.i.AbstractProblemLoader Init config took 2.79s 
314208     INFO  main            d.u.i.k.p.i.AbstractProblemLoader Replaying proof quadraticInEq2.key 
314209     DEBUG main            d.u.i.k.p.i.IntermediateProofReplayer Proof replay took 3.6ns 
314313     INFO  main            d.u.i.k.p.r.p.TestFile    ... finished proof: closed. 
314705     INFO  main            d.u.i.k.p.i.AbstractProblemLoader Loading environment from /home/runner/work/key/key/key.core/../key.ui/examples/standard_key/inEqSimp/quadraticInEq2.key.proof 
314705     DEBUG main            d.u.i.k.p.i.AbstractProblemLoader Environment load took 103.11ns 
314706     INFO  main            d.u.i.k.p.i.AbstractProblemLoader Creating init config 
317409     DEBUG main            d.u.i.k.p.i.AbstractProblemLoader Init config took 2.7s 
317424     INFO  main            d.u.i.k.p.i.AbstractProblemLoader Replaying proof quadraticInEq2.key.proof 
317428     DEBUG main            d.u.i.k.p.i.IntermediateProofReplayer Proof replay took 2.46ms 
317429     DEBUG main            d.u.i.k.p.r.p.TestFile    ... success: reloaded. 
317430     INFO  main            d.u.i.k.p.r.p.TestFile    Now processing file /home/runner/work/key/key/key.core/../key.ui/examples/standard_key/inEqSimp/quadraticInEq3.key 
317430     INFO  main            d.u.i.k.p.i.AbstractProblemLoader Loading environment from /home/runner/work/key/key/key.core/../key.ui/examples/standard_key/inEqSimp/quadraticInEq3.key 
317430     DEBUG main            d.u.i.k.p.i.AbstractProblemLoader Environment load took 53.8ns 
317431     INFO  main            d.u.i.k.p.i.AbstractProblemLoader Creating init config 
320220     DEBUG main            d.u.i.k.p.i.AbstractProblemLoader Init config took 2.79s 
320236     INFO  main            d.u.i.k.p.i.AbstractProblemLoader Replaying proof quadraticInEq3.key 
320237     DEBUG main            d.u.i.k.p.i.IntermediateProofReplayer Proof replay took 3.9ns 
320339     INFO  main            d.u.i.k.p.r.p.TestFile    ... finished proof: closed. 
320712     INFO  main            d.u.i.k.p.i.AbstractProblemLoader Loading environment from /home/runner/work/key/key/key.core/../key.ui/examples/standard_key/inEqSimp/quadraticInEq3.key.proof 
320712     DEBUG main            d.u.i.k.p.i.AbstractProblemLoader Environment load took 100.71ns 
320713     INFO  main            d.u.i.k.p.i.AbstractProblemLoader Creating init config 
323443     DEBUG main            d.u.i.k.p.i.AbstractProblemLoader Init config took 2.73s 
323457     INFO  main            d.u.i.k.p.i.AbstractProblemLoader Replaying proof quadraticInEq3.key.proof 
323465     DEBUG main            d.u.i.k.p.i.IntermediateProofReplayer Proof replay took 5.96ms 
323466     DEBUG main            d.u.i.k.p.r.p.TestFile    ... success: reloaded. 
323467     INFO  main            d.u.i.k.p.r.p.TestFile    Now processing file /home/runner/work/key/key/key.core/../key.ui/examples/standard_key/inEqSimp/quadraticInEq4.key 
323467     INFO  main            d.u.i.k.p.i.AbstractProblemLoader Loading environment from /home/runner/work/key/key/key.core/../key.ui/examples/standard_key/inEqSimp/quadraticInEq4.key 
323467     DEBUG main            d.u.i.k.p.i.AbstractProblemLoader Environment load took 128.61ns 
323468     INFO  main            d.u.i.k.p.i.AbstractProblemLoader Creating init config 
326270     DEBUG main            d.u.i.k.p.i.AbstractProblemLoader Init config took 2.8s 
326285     INFO  main            d.u.i.k.p.i.AbstractProblemLoader Replaying proof quadraticInEq4.key 
326286     DEBUG main            d.u.i.k.p.i.IntermediateProofReplayer Proof replay took 2.5ns 
326388     INFO  main            d.u.i.k.p.r.p.TestFile    ... finished proof: closed. 
326806     INFO  main            d.u.i.k.p.i.AbstractProblemLoader Loading environment from /home/runner/work/key/key/key.core/../key.ui/examples/standard_key/inEqSimp/quadraticInEq4.key.proof 
326806     DEBUG main            d.u.i.k.p.i.AbstractProblemLoader Environment load took 97.61ns 
326808     INFO  main            d.u.i.k.p.i.AbstractProblemLoader Creating init config 
329545     DEBUG main            d.u.i.k.p.i.AbstractProblemLoader Init config took 2.74s 
329561     INFO  main            d.u.i.k.p.i.AbstractProblemLoader Replaying proof quadraticInEq4.key.proof 
329569     DEBUG main            d.u.i.k.p.i.IntermediateProofReplayer Proof replay took 4.71ms 
329570     DEBUG main            d.u.i.k.p.r.p.TestFile    ... success: reloaded. 
329570     INFO  main            d.u.i.k.p.r.p.TestFile    Now processing file /home/runner/work/key/key/key.core/../key.ui/examples/standard_key/inEqSimp/quadraticInEq5.key 
329571     INFO  main            d.u.i.k.p.i.AbstractProblemLoader Loading environment from /home/runner/work/key/key/key.core/../key.ui/examples/standard_key/inEqSimp/quadraticInEq5.key 
329571     DEBUG main            d.u.i.k.p.i.AbstractProblemLoader Environment load took 92.11ns 
329572     INFO  main            d.u.i.k.p.i.AbstractProblemLoader Creating init config 
332337     DEBUG main            d.u.i.k.p.i.AbstractProblemLoader Init config took 2.76s 
332352     INFO  main            d.u.i.k.p.i.AbstractProblemLoader Replaying proof quadraticInEq5.key 
332354     DEBUG main            d.u.i.k.p.i.IntermediateProofReplayer Proof replay took 3ns 
332461     INFO  main            d.u.i.k.p.r.p.TestFile    ... finished proof: closed. 
332867     INFO  main            d.u.i.k.p.i.AbstractProblemLoader Loading environment from /home/runner/work/key/key/key.core/../key.ui/examples/standard_key/inEqSimp/quadraticInEq5.key.proof 
332867     DEBUG main            d.u.i.k.p.i.AbstractProblemLoader Environment load took 99.81ns 
332868     INFO  main            d.u.i.k.p.i.AbstractProblemLoader Creating init config 
335561     DEBUG main            d.u.i.k.p.i.AbstractProblemLoader Init config took 2.69s 
335579     INFO  main            d.u.i.k.p.i.AbstractProblemLoader Replaying proof quadraticInEq5.key.proof 
335585     DEBUG main            d.u.i.k.p.i.IntermediateProofReplayer Proof replay took 4.7ms 
335586     DEBUG main            d.u.i.k.p.r.p.TestFile    ... success: reloaded. 
335587     INFO  main            d.u.i.k.p.r.p.TestFile    Now processing file /home/runner/work/key/key/key.core/../key.ui/examples/standard_key/inEqSimp/quadraticInEq6.key 
335587     INFO  main            d.u.i.k.p.i.AbstractProblemLoader Loading environment from /home/runner/work/key/key/key.core/../key.ui/examples/standard_key/inEqSimp/quadraticInEq6.key 
335587     DEBUG main            d.u.i.k.p.i.AbstractProblemLoader Environment load took 96.61ns 
335588     INFO  main            d.u.i.k.p.i.AbstractProblemLoader Creating init config 
338345     DEBUG main            d.u.i.k.p.i.AbstractProblemLoader Init config took 2.76s 
338360     INFO  main            d.u.i.k.p.i.AbstractProblemLoader Replaying proof quadraticInEq6.key 
338362     DEBUG main            d.u.i.k.p.i.IntermediateProofReplayer Proof replay took 2.5ns 
338463     INFO  main            d.u.i.k.p.r.p.TestFile    ... finished proof: closed. 
338860     INFO  main            d.u.i.k.p.i.AbstractProblemLoader Loading environment from /home/runner/work/key/key/key.core/../key.ui/examples/standard_key/inEqSimp/quadraticInEq6.key.proof 
338860     DEBUG main            d.u.i.k.p.i.AbstractProblemLoader Environment load took 110.41ns 
338861     INFO  main            d.u.i.k.p.i.AbstractProblemLoader Creating init config 
341576     DEBUG main            d.u.i.k.p.i.AbstractProblemLoader Init config took 2.71s 
341592     INFO  main            d.u.i.k.p.i.AbstractProblemLoader Replaying proof quadraticInEq6.key.proof 
341597     DEBUG main            d.u.i.k.p.i.IntermediateProofReplayer Proof replay took 4.13ms 
341598     DEBUG main            d.u.i.k.p.r.p.TestFile    ... success: reloaded. 
341599     INFO  main            d.u.i.k.p.r.p.TestFile    Now processing file /home/runner/work/key/key/key.core/../key.ui/examples/standard_key/inEqSimp/quadraticInEq7.key 
341599     INFO  main            d.u.i.k.p.i.AbstractProblemLoader Loading environment from /home/runner/work/key/key/key.core/../key.ui/examples/standard_key/inEqSimp/quadraticInEq7.key 
341599     DEBUG main            d.u.i.k.p.i.AbstractProblemLoader Environment load took 49.6ns 
341601     INFO  main            d.u.i.k.p.i.AbstractProblemLoader Creating init config 
344365     DEBUG main            d.u.i.k.p.i.AbstractProblemLoader Init config took 2.76s 
344380     INFO  main            d.u.i.k.p.i.AbstractProblemLoader Replaying proof quadraticInEq7.key 
344381     DEBUG main            d.u.i.k.p.i.IntermediateProofReplayer Proof replay took 3.1ns 
344483     INFO  main            d.u.i.k.p.r.p.TestFile    ... finished proof: closed. 
344878     INFO  main            d.u.i.k.p.i.AbstractProblemLoader Loading environment from /home/runner/work/key/key/key.core/../key.ui/examples/standard_key/inEqSimp/quadraticInEq7.key.proof 
344878     DEBUG main            d.u.i.k.p.i.AbstractProblemLoader Environment load took 97.31ns 
344879     INFO  main            d.u.i.k.p.i.AbstractProblemLoader Creating init config 
347580     DEBUG main            d.u.i.k.p.i.AbstractProblemLoader Init config took 2.7s 
347595     INFO  main            d.u.i.k.p.i.AbstractProblemLoader Replaying proof quadraticInEq7.key.proof 
347599     DEBUG main            d.u.i.k.p.i.IntermediateProofReplayer Proof replay took 2.32ms 
347600     DEBUG main            d.u.i.k.p.r.p.TestFile    ... success: reloaded. 
347601     INFO  main            d.u.i.k.p.r.p.TestFile    Now processing file /home/runner/work/key/key/key.core/../key.ui/examples/standard_key/inEqSimp/quadraticInEq8.key 
347601     INFO  main            d.u.i.k.p.i.AbstractProblemLoader Loading environment from /home/runner/work/key/key/key.core/../key.ui/examples/standard_key/inEqSimp/quadraticInEq8.key 
347601     DEBUG main            d.u.i.k.p.i.AbstractProblemLoader Environment load took 45.6ns 
347602     INFO  main            d.u.i.k.p.i.AbstractProblemLoader Creating init config 
350353     DEBUG main            d.u.i.k.p.i.AbstractProblemLoader Init config took 2.75s 
350368     INFO  main            d.u.i.k.p.i.AbstractProblemLoader Replaying proof quadraticInEq8.key 
350370     DEBUG main            d.u.i.k.p.i.IntermediateProofReplayer Proof replay took 3.1ns 
350472     INFO  main            d.u.i.k.p.r.p.TestFile    ... finished proof: closed. 
350888     INFO  main            d.u.i.k.p.i.AbstractProblemLoader Loading environment from /home/runner/work/key/key/key.core/../key.ui/examples/standard_key/inEqSimp/quadraticInEq8.key.proof 
350888     DEBUG main            d.u.i.k.p.i.AbstractProblemLoader Environment load took 111.21ns 
350889     INFO  main            d.u.i.k.p.i.AbstractProblemLoader Creating init config 
353605     DEBUG main            d.u.i.k.p.i.AbstractProblemLoader Init config took 2.72s 
353620     INFO  main            d.u.i.k.p.i.AbstractProblemLoader Replaying proof quadraticInEq8.key.proof 
353629     DEBUG main            d.u.i.k.p.i.IntermediateProofReplayer Proof replay took 7.34ms 
353630     DEBUG main            d.u.i.k.p.r.p.TestFile    ... success: reloaded. 
353631     INFO  main            d.u.i.k.p.r.p.TestFile    Now processing file /home/runner/work/key/key/key.core/../key.ui/examples/standard_key/inEqSimp/simplify0.key 
353631     INFO  main            d.u.i.k.p.i.AbstractProblemLoader Loading environment from /home/runner/work/key/key/key.core/../key.ui/examples/standard_key/inEqSimp/simplify0.key 
353631     DEBUG main            d.u.i.k.p.i.AbstractProblemLoader Environment load took 49.6ns 
353632     INFO  main            d.u.i.k.p.i.AbstractProblemLoader Creating init config 
356384     DEBUG main            d.u.i.k.p.i.AbstractProblemLoader Init config took 2.75s 
356401     INFO  main            d.u.i.k.p.i.AbstractProblemLoader Replaying proof simplify0.key 
356402     DEBUG main            d.u.i.k.p.i.IntermediateProofReplayer Proof replay took 2.8ns 
356504     INFO  main            d.u.i.k.p.r.p.TestFile    ... finished proof: closed. 
356929     INFO  main            d.u.i.k.p.i.AbstractProblemLoader Loading environment from /home/runner/work/key/key/key.core/../key.ui/examples/standard_key/inEqSimp/simplify0.key.proof 
356929     DEBUG main            d.u.i.k.p.i.AbstractProblemLoader Environment load took 102.31ns 
356930     INFO  main            d.u.i.k.p.i.AbstractProblemLoader Creating init config 
359638     DEBUG main            d.u.i.k.p.i.AbstractProblemLoader Init config took 2.71s 
359654     INFO  main            d.u.i.k.p.i.AbstractProblemLoader Replaying proof simplify0.key.proof 
359658     DEBUG main            d.u.i.k.p.i.IntermediateProofReplayer Proof replay took 2.26ms 
359659     DEBUG main            d.u.i.k.p.r.p.TestFile    ... success: reloaded. 
359659     INFO  main            d.u.i.k.p.r.p.TestFile    Now processing file /home/runner/work/key/key/key.core/../key.ui/examples/standard_key/inEqSimp/simplify1.key 
359659     INFO  main            d.u.i.k.p.i.AbstractProblemLoader Loading environment from /home/runner/work/key/key/key.core/../key.ui/examples/standard_key/inEqSimp/simplify1.key 
359659     DEBUG main            d.u.i.k.p.i.AbstractProblemLoader Environment load took 49ns 
359660     INFO  main            d.u.i.k.p.i.AbstractProblemLoader Creating init config 
362409     DEBUG main            d.u.i.k.p.i.AbstractProblemLoader Init config took 2.75s 
362423     INFO  main            d.u.i.k.p.i.AbstractProblemLoader Replaying proof simplify1.key 
362424     DEBUG main            d.u.i.k.p.i.IntermediateProofReplayer Proof replay took 3.8ns 
362526     INFO  main            d.u.i.k.p.r.p.TestFile    ... finished proof: closed. 
362955     INFO  main            d.u.i.k.p.i.AbstractProblemLoader Loading environment from /home/runner/work/key/key/key.core/../key.ui/examples/standard_key/inEqSimp/simplify1.key.proof 
362955     DEBUG main            d.u.i.k.p.i.AbstractProblemLoader Environment load took 88.91ns 
362956     INFO  main            d.u.i.k.p.i.AbstractProblemLoader Creating init config 
365688     DEBUG main            d.u.i.k.p.i.AbstractProblemLoader Init config took 2.73s 
365703     INFO  main            d.u.i.k.p.i.AbstractProblemLoader Replaying proof simplify1.key.proof 
365706     DEBUG main            d.u.i.k.p.i.IntermediateProofReplayer Proof replay took 1.25ms 
365707     DEBUG main            d.u.i.k.p.r.p.TestFile    ... success: reloaded. 
365707     INFO  main            d.u.i.k.p.r.p.TestFile    Now processing file /home/runner/work/key/key/key.core/../key.ui/examples/standard_key/inEqSimp/simplify2.key 
365707     INFO  main            d.u.i.k.p.i.AbstractProblemLoader Loading environment from /home/runner/work/key/key/key.core/../key.ui/examples/standard_key/inEqSimp/simplify2.key 
365707     DEBUG main            d.u.i.k.p.i.AbstractProblemLoader Environment load took 48.4ns 
365708     INFO  main            d.u.i.k.p.i.AbstractProblemLoader Creating init config 
368490     DEBUG main            d.u.i.k.p.i.AbstractProblemLoader Init config took 2.78s 
368505     INFO  main            d.u.i.k.p.i.AbstractProblemLoader Replaying proof simplify2.key 
368506     DEBUG main            d.u.i.k.p.i.IntermediateProofReplayer Proof replay took 2.7ns 
368608     INFO  main            d.u.i.k.p.r.p.TestFile    ... finished proof: closed. 
369047     INFO  main            d.u.i.k.p.i.AbstractProblemLoader Loading environment from /home/runner/work/key/key/key.core/../key.ui/examples/standard_key/inEqSimp/simplify2.key.proof 
369047     DEBUG main            d.u.i.k.p.i.AbstractProblemLoader Environment load took 93.81ns 
369048     INFO  main            d.u.i.k.p.i.AbstractProblemLoader Creating init config 
371783     DEBUG main            d.u.i.k.p.i.AbstractProblemLoader Init config took 2.73s 
371798     INFO  main            d.u.i.k.p.i.AbstractProblemLoader Replaying proof simplify2.key.proof 
371812     DEBUG main            d.u.i.k.p.i.IntermediateProofReplayer Proof replay took 11.47ms 
371813     DEBUG main            d.u.i.k.p.r.p.TestFile    ... success: reloaded. 
371813     INFO  main            d.u.i.k.p.r.p.TestFile    Now processing file /home/runner/work/key/key/key.core/../key.ui/examples/standard_key/inEqSimp/simplify3.key 
371813     INFO  main            d.u.i.k.p.i.AbstractProblemLoader Loading environment from /home/runner/work/key/key/key.core/../key.ui/examples/standard_key/inEqSimp/simplify3.key 
371813     DEBUG main            d.u.i.k.p.i.AbstractProblemLoader Environment load took 50.3ns 
371814     INFO  main            d.u.i.k.p.i.AbstractProblemLoader Creating init config 
374586     DEBUG main            d.u.i.k.p.i.AbstractProblemLoader Init config took 2.77s 
374601     INFO  main            d.u.i.k.p.i.AbstractProblemLoader Replaying proof simplify3.key 
374602     DEBUG main            d.u.i.k.p.i.IntermediateProofReplayer Proof replay took 3.5ns 
374704     INFO  main            d.u.i.k.p.r.p.TestFile    ... finished proof: closed. 
375137     INFO  main            d.u.i.k.p.i.AbstractProblemLoader Loading environment from /home/runner/work/key/key/key.core/../key.ui/examples/standard_key/inEqSimp/simplify3.key.proof 
375138     DEBUG main            d.u.i.k.p.i.AbstractProblemLoader Environment load took 89.91ns 
375139     INFO  main            d.u.i.k.p.i.AbstractProblemLoader Creating init config 
377873     DEBUG main            d.u.i.k.p.i.AbstractProblemLoader Init config took 2.73s 
377888     INFO  main            d.u.i.k.p.i.AbstractProblemLoader Replaying proof simplify3.key.proof 
377892     DEBUG main            d.u.i.k.p.i.IntermediateProofReplayer Proof replay took 2.02ms 
377892     DEBUG main            d.u.i.k.p.r.p.TestFile    ... success: reloaded. 
377893     INFO  main            d.u.i.k.p.r.p.TestFile    Now processing file /home/runner/work/key/key/key.core/../key.ui/examples/standard_key/inEqSimp/simplify4.key 
377893     INFO  main            d.u.i.k.p.i.AbstractProblemLoader Loading environment from /home/runner/work/key/key/key.core/../key.ui/examples/standard_key/inEqSimp/simplify4.key 
377893     DEBUG main            d.u.i.k.p.i.AbstractProblemLoader Environment load took 49ns 
377894     INFO  main            d.u.i.k.p.i.AbstractProblemLoader Creating init config 
380682     DEBUG main            d.u.i.k.p.i.AbstractProblemLoader Init config took 2.79s 
380717     INFO  main            d.u.i.k.p.i.AbstractProblemLoader Replaying proof simplify4.key 
380718     DEBUG main            d.u.i.k.p.i.IntermediateProofReplayer Proof replay took 3.6ns 
380820     INFO  main            d.u.i.k.p.r.p.TestFile    ... finished proof: closed. 
381274     INFO  main            d.u.i.k.p.i.AbstractProblemLoader Loading environment from /home/runner/work/key/key/key.core/../key.ui/examples/standard_key/inEqSimp/simplify4.key.proof 
381274     DEBUG main            d.u.i.k.p.i.AbstractProblemLoader Environment load took 88.31ns 
381275     INFO  main            d.u.i.k.p.i.AbstractProblemLoader Creating init config 
384034     DEBUG main            d.u.i.k.p.i.AbstractProblemLoader Init config took 2.76s 
384050     INFO  main            d.u.i.k.p.i.AbstractProblemLoader Replaying proof simplify4.key.proof 
384067     DEBUG main            d.u.i.k.p.i.IntermediateProofReplayer Proof replay took 13.7ms 
384068     DEBUG main            d.u.i.k.p.r.p.TestFile    ... success: reloaded. 
384079     INFO  main            d.u.i.k.p.r.p.TestFile    Now processing file /home/runner/work/key/key/key.core/../key.ui/examples/standard_key/inEqSimp/simplify5.key 
384079     INFO  main            d.u.i.k.p.i.AbstractProblemLoader Loading environment from /home/runner/work/key/key/key.core/../key.ui/examples/standard_key/inEqSimp/simplify5.key 
384079     DEBUG main            d.u.i.k.p.i.AbstractProblemLoader Environment load took 92.11ns 
384080     INFO  main            d.u.i.k.p.i.AbstractProblemLoader Creating init config 
386863     DEBUG main            d.u.i.k.p.i.AbstractProblemLoader Init config took 2.78s 
386879     INFO  main            d.u.i.k.p.i.AbstractProblemLoader Replaying proof simplify5.key 
386881     DEBUG main            d.u.i.k.p.i.IntermediateProofReplayer Proof replay took 3.9ns 
387486     INFO  main            d.u.i.k.p.r.p.TestFile    ... finished proof: closed. 
387967     INFO  main            d.u.i.k.p.i.AbstractProblemLoader Loading environment from /home/runner/work/key/key/key.core/../key.ui/examples/standard_key/inEqSimp/simplify5.key.proof 
387971     DEBUG main            d.u.i.k.p.i.AbstractProblemLoader Environment load took 3.95ms 
387973     INFO  main            d.u.i.k.p.i.AbstractProblemLoader Creating init config 
390731     DEBUG main            d.u.i.k.p.i.AbstractProblemLoader Init config took 2.76s 
390747     INFO  main            d.u.i.k.p.i.AbstractProblemLoader Replaying proof simplify5.key.proof 
390803     DEBUG main            d.u.i.k.p.i.IntermediateProofReplayer Proof replay took 51.01ms 
390804     DEBUG main            d.u.i.k.p.r.p.TestFile    ... success: reloaded. 
390805     INFO  main            d.u.i.k.p.r.p.TestFile    Now processing file /home/runner/work/key/key/key.core/../key.ui/examples/standard_key/inEqSimp/subsumptionExample.key 
390805     INFO  main            d.u.i.k.p.i.AbstractProblemLoader Loading environment from /home/runner/work/key/key/key.core/../key.ui/examples/standard_key/inEqSimp/subsumptionExample.key 
390805     DEBUG main            d.u.i.k.p.i.AbstractProblemLoader Environment load took 80.81ns 
390806     INFO  main            d.u.i.k.p.i.AbstractProblemLoader Creating init config 
393602     DEBUG main            d.u.i.k.p.i.AbstractProblemLoader Init config took 2.8s 
393617     INFO  main            d.u.i.k.p.i.AbstractProblemLoader Replaying proof subsumptionExample.key 
393618     DEBUG main            d.u.i.k.p.i.IntermediateProofReplayer Proof replay took 3.6ns 
393720     INFO  main            d.u.i.k.p.r.p.TestFile    ... finished proof: closed. 
394186     INFO  main            d.u.i.k.p.i.AbstractProblemLoader Loading environment from /home/runner/work/key/key/key.core/../key.ui/examples/standard_key/inEqSimp/subsumptionExample.key.proof 
394186     DEBUG main            d.u.i.k.p.i.AbstractProblemLoader Environment load took 87.5ns 
394187     INFO  main            d.u.i.k.p.i.AbstractProblemLoader Creating init config 
396929     DEBUG main            d.u.i.k.p.i.AbstractProblemLoader Init config took 2.74s 
396944     INFO  main            d.u.i.k.p.i.AbstractProblemLoader Replaying proof subsumptionExample.key.proof 
396946     DEBUG main            d.u.i.k.p.i.IntermediateProofReplayer Proof replay took 824.25ns 
396947     DEBUG main            d.u.i.k.p.r.p.TestFile    ... success: reloaded. 
396947     INFO  main            d.u.i.k.p.r.p.TestFile    Now processing file /home/runner/work/key/key/key.core/../key.ui/examples/standard_key/polySimp/simplify0.key 
396948     INFO  main            d.u.i.k.p.i.AbstractProblemLoader Loading environment from /home/runner/work/key/key/key.core/../key.ui/examples/standard_key/polySimp/simplify0.key 
396948     DEBUG main            d.u.i.k.p.i.AbstractProblemLoader Environment load took 93.31ns 
396949     INFO  main            d.u.i.k.p.i.AbstractProblemLoader Creating init config 
399756     DEBUG main            d.u.i.k.p.i.AbstractProblemLoader Init config took 2.81s 
399776     INFO  main            d.u.i.k.p.i.AbstractProblemLoader Replaying proof simplify0.key 
399777     DEBUG main            d.u.i.k.p.i.IntermediateProofReplayer Proof replay took 3.7ns 
399979     INFO  main            d.u.i.k.p.r.p.TestFile    ... finished proof: closed. 
400469     INFO  main            d.u.i.k.p.i.AbstractProblemLoader Loading environment from /home/runner/work/key/key/key.core/../key.ui/examples/standard_key/polySimp/simplify0.key.proof 
400469     DEBUG main            d.u.i.k.p.i.AbstractProblemLoader Environment load took 82.11ns 
400471     INFO  main            d.u.i.k.p.i.AbstractProblemLoader Creating init config 
403221     DEBUG main            d.u.i.k.p.i.AbstractProblemLoader Init config took 2.75s 
403237     INFO  main            d.u.i.k.p.i.AbstractProblemLoader Replaying proof simplify0.key.proof 
403256     DEBUG main            d.u.i.k.p.i.IntermediateProofReplayer Proof replay took 16.77ms 
403257     DEBUG main            d.u.i.k.p.r.p.TestFile    ... success: reloaded. 
403257     INFO  main            d.u.i.k.p.r.p.TestFile    Now processing file /home/runner/work/key/key/key.core/../key.ui/examples/standard_key/polySimp/simplify1.key 
403258     INFO  main            d.u.i.k.p.i.AbstractProblemLoader Loading environment from /home/runner/work/key/key/key.core/../key.ui/examples/standard_key/polySimp/simplify1.key 
403258     DEBUG main            d.u.i.k.p.i.AbstractProblemLoader Environment load took 101.51ns 
403259     INFO  main            d.u.i.k.p.i.AbstractProblemLoader Creating init config 
406042     DEBUG main            d.u.i.k.p.i.AbstractProblemLoader Init config took 2.78s 
406058     INFO  main            d.u.i.k.p.i.AbstractProblemLoader Replaying proof simplify1.key 
406059     DEBUG main            d.u.i.k.p.i.IntermediateProofReplayer Proof replay took 2.9ns 
406361     INFO  main            d.u.i.k.p.r.p.TestFile    ... finished proof: closed. 
406856     INFO  main            d.u.i.k.p.i.AbstractProblemLoader Loading environment from /home/runner/work/key/key/key.core/../key.ui/examples/standard_key/polySimp/simplify1.key.proof 
406857     DEBUG main            d.u.i.k.p.i.AbstractProblemLoader Environment load took 96.71ns 
406858     INFO  main            d.u.i.k.p.i.AbstractProblemLoader Creating init config 
409573     DEBUG main            d.u.i.k.p.i.AbstractProblemLoader Init config took 2.71s 
409589     INFO  main            d.u.i.k.p.i.AbstractProblemLoader Replaying proof simplify1.key.proof 
409614     DEBUG main            d.u.i.k.p.i.IntermediateProofReplayer Proof replay took 23.34ms 
409615     DEBUG main            d.u.i.k.p.r.p.TestFile    ... success: reloaded. 
409616     INFO  main            d.u.i.k.p.r.p.TestFile    Now processing file /home/runner/work/key/key/key.core/../key.ui/examples/standard_key/polySimp/simplify10.key 
409616     INFO  main            d.u.i.k.p.i.AbstractProblemLoader Loading environment from /home/runner/work/key/key/key.core/../key.ui/examples/standard_key/polySimp/simplify10.key 
409616     DEBUG main            d.u.i.k.p.i.AbstractProblemLoader Environment load took 84.2ns 
409618     INFO  main            d.u.i.k.p.i.AbstractProblemLoader Creating init config 
412387     DEBUG main            d.u.i.k.p.i.AbstractProblemLoader Init config took 2.77s 
412404     INFO  main            d.u.i.k.p.i.AbstractProblemLoader Replaying proof simplify10.key 
412405     DEBUG main            d.u.i.k.p.i.IntermediateProofReplayer Proof replay took 2.9ns 
412708     INFO  main            d.u.i.k.p.r.p.TestFile    ... finished proof: closed. 
413211     INFO  main            d.u.i.k.p.i.AbstractProblemLoader Loading environment from /home/runner/work/key/key/key.core/../key.ui/examples/standard_key/polySimp/simplify10.key.proof 
413211     DEBUG main            d.u.i.k.p.i.AbstractProblemLoader Environment load took 96.41ns 
413213     INFO  main            d.u.i.k.p.i.AbstractProblemLoader Creating init config 
415944     DEBUG main            d.u.i.k.p.i.AbstractProblemLoader Init config took 2.73s 
415962     INFO  main            d.u.i.k.p.i.AbstractProblemLoader Replaying proof simplify10.key.proof 
415997     DEBUG main            d.u.i.k.p.i.IntermediateProofReplayer Proof replay took 32.94ms 
415999     DEBUG main            d.u.i.k.p.r.p.TestFile    ... success: reloaded. 
415999     INFO  main            d.u.i.k.p.r.p.TestFile    Now processing file /home/runner/work/key/key/key.core/../key.ui/examples/standard_key/polySimp/simplify11.key 
415999     INFO  main            d.u.i.k.p.i.AbstractProblemLoader Loading environment from /home/runner/work/key/key/key.core/../key.ui/examples/standard_key/polySimp/simplify11.key 
415999     DEBUG main            d.u.i.k.p.i.AbstractProblemLoader Environment load took 90.7ns 
416001     INFO  main            d.u.i.k.p.i.AbstractProblemLoader Creating init config 
418760     DEBUG main            d.u.i.k.p.i.AbstractProblemLoader Init config took 2.76s 
418776     INFO  main            d.u.i.k.p.i.AbstractProblemLoader Replaying proof simplify11.key 
418778     DEBUG main            d.u.i.k.p.i.IntermediateProofReplayer Proof replay took 3.1ns 
419103     INFO  main            d.u.i.k.p.r.p.TestFile    ... finished proof: closed. 
419590     INFO  main            d.u.i.k.p.i.AbstractProblemLoader Loading environment from /home/runner/work/key/key/key.core/../key.ui/examples/standard_key/polySimp/simplify11.key.proof 
419590     DEBUG main            d.u.i.k.p.i.AbstractProblemLoader Environment load took 90.41ns 
419591     INFO  main            d.u.i.k.p.i.AbstractProblemLoader Creating init config 
422325     DEBUG main            d.u.i.k.p.i.AbstractProblemLoader Init config took 2.73s 
422341     INFO  main            d.u.i.k.p.i.AbstractProblemLoader Replaying proof simplify11.key.proof 
422365     DEBUG main            d.u.i.k.p.i.IntermediateProofReplayer Proof replay took 20.48ms 
422367     DEBUG main            d.u.i.k.p.r.p.TestFile    ... success: reloaded. 
422367     INFO  main            d.u.i.k.p.r.p.TestFile    Now processing file /home/runner/work/key/key/key.core/../key.ui/examples/standard_key/polySimp/simplify12.key 
422367     INFO  main            d.u.i.k.p.i.AbstractProblemLoader Loading environment from /home/runner/work/key/key/key.core/../key.ui/examples/standard_key/polySimp/simplify12.key 
422367     DEBUG main            d.u.i.k.p.i.AbstractProblemLoader Environment load took 51.4ns 
422368     INFO  main            d.u.i.k.p.i.AbstractProblemLoader Creating init config 
425143     DEBUG main            d.u.i.k.p.i.AbstractProblemLoader Init config took 2.77s 
425158     INFO  main            d.u.i.k.p.i.AbstractProblemLoader Replaying proof simplify12.key 
425159     DEBUG main            d.u.i.k.p.i.IntermediateProofReplayer Proof replay took 3.2ns 
425361     INFO  main            d.u.i.k.p.r.p.TestFile    ... finished proof: closed. 
425864     INFO  main            d.u.i.k.p.i.AbstractProblemLoader Loading environment from /home/runner/work/key/key/key.core/../key.ui/examples/standard_key/polySimp/simplify12.key.proof 
425864     DEBUG main            d.u.i.k.p.i.AbstractProblemLoader Environment load took 94.91ns 
425865     INFO  main            d.u.i.k.p.i.AbstractProblemLoader Creating init config 
428626     DEBUG main            d.u.i.k.p.i.AbstractProblemLoader Init config took 2.76s 
428642     INFO  main            d.u.i.k.p.i.AbstractProblemLoader Replaying proof simplify12.key.proof 
428653     DEBUG main            d.u.i.k.p.i.IntermediateProofReplayer Proof replay took 9.73ms 
428654     DEBUG main            d.u.i.k.p.r.p.TestFile    ... success: reloaded. 
428654     INFO  main            d.u.i.k.p.r.p.TestFile    Now processing file /home/runner/work/key/key/key.core/../key.ui/examples/standard_key/polySimp/simplify13.key 
428655     INFO  main            d.u.i.k.p.i.AbstractProblemLoader Loading environment from /home/runner/work/key/key/key.core/../key.ui/examples/standard_key/polySimp/simplify13.key 
428655     DEBUG main            d.u.i.k.p.i.AbstractProblemLoader Environment load took 52.7ns 
428656     INFO  main            d.u.i.k.p.i.AbstractProblemLoader Creating init config 
431417     DEBUG main            d.u.i.k.p.i.AbstractProblemLoader Init config took 2.76s 
431432     INFO  main            d.u.i.k.p.i.AbstractProblemLoader Replaying proof simplify13.key 
431434     DEBUG main            d.u.i.k.p.i.IntermediateProofReplayer Proof replay took 4.1ns 
431535     INFO  main            d.u.i.k.p.r.p.TestFile    ... finished proof: closed. 
432018     INFO  main            d.u.i.k.p.i.AbstractProblemLoader Loading environment from /home/runner/work/key/key/key.core/../key.ui/examples/standard_key/polySimp/simplify13.key.proof 
432018     DEBUG main            d.u.i.k.p.i.AbstractProblemLoader Environment load took 91.31ns 
432019     INFO  main            d.u.i.k.p.i.AbstractProblemLoader Creating init config 
434763     DEBUG main            d.u.i.k.p.i.AbstractProblemLoader Init config took 2.74s 
434781     INFO  main            d.u.i.k.p.i.AbstractProblemLoader Replaying proof simplify13.key.proof 
434789     DEBUG main            d.u.i.k.p.i.IntermediateProofReplayer Proof replay took 6.69ms 
434790     DEBUG main            d.u.i.k.p.r.p.TestFile    ... success: reloaded. 
434790     INFO  main            d.u.i.k.p.r.p.TestFile    Now processing file /home/runner/work/key/key/key.core/../key.ui/examples/standard_key/polySimp/simplify14.key 
434791     INFO  main            d.u.i.k.p.i.AbstractProblemLoader Loading environment from /home/runner/work/key/key/key.core/../key.ui/examples/standard_key/polySimp/simplify14.key 
434791     DEBUG main            d.u.i.k.p.i.AbstractProblemLoader Environment load took 49.7ns 
434792     INFO  main            d.u.i.k.p.i.AbstractProblemLoader Creating init config 
437543     DEBUG main            d.u.i.k.p.i.AbstractProblemLoader Init config took 2.75s 
437560     INFO  main            d.u.i.k.p.i.AbstractProblemLoader Replaying proof simplify14.key 
437561     DEBUG main            d.u.i.k.p.i.IntermediateProofReplayer Proof replay took 3.2ns 
437662     INFO  main            d.u.i.k.p.r.p.TestFile    ... finished proof: closed. 
438152     INFO  main            d.u.i.k.p.i.AbstractProblemLoader Loading environment from /home/runner/work/key/key/key.core/../key.ui/examples/standard_key/polySimp/simplify14.key.proof 
438152     DEBUG main            d.u.i.k.p.i.AbstractProblemLoader Environment load took 88.11ns 
438154     INFO  main            d.u.i.k.p.i.AbstractProblemLoader Creating init config 
440901     DEBUG main            d.u.i.k.p.i.AbstractProblemLoader Init config took 2.75s 
440917     INFO  main            d.u.i.k.p.i.AbstractProblemLoader Replaying proof simplify14.key.proof 
440920     DEBUG main            d.u.i.k.p.i.IntermediateProofReplayer Proof replay took 1.53ms 
440921     DEBUG main            d.u.i.k.p.r.p.TestFile    ... success: reloaded. 
440921     INFO  main            d.u.i.k.p.r.p.TestFile    Now processing file /home/runner/work/key/key/key.core/../key.ui/examples/standard_key/polySimp/simplify15.key 
440922     INFO  main            d.u.i.k.p.i.AbstractProblemLoader Loading environment from /home/runner/work/key/key/key.core/../key.ui/examples/standard_key/polySimp/simplify15.key 
440922     DEBUG main            d.u.i.k.p.i.AbstractProblemLoader Environment load took 49.8ns 
440922     INFO  main            d.u.i.k.p.i.AbstractProblemLoader Creating init config 
443706     DEBUG main            d.u.i.k.p.i.AbstractProblemLoader Init config took 2.78s 
443722     INFO  main            d.u.i.k.p.i.AbstractProblemLoader Replaying proof simplify15.key 
443724     DEBUG main            d.u.i.k.p.i.IntermediateProofReplayer Proof replay took 3.5ns 
443826     INFO  main            d.u.i.k.p.r.p.TestFile    ... finished proof: closed. 
444317     INFO  main            d.u.i.k.p.i.AbstractProblemLoader Loading environment from /home/runner/work/key/key/key.core/../key.ui/examples/standard_key/polySimp/simplify15.key.proof 
444318     DEBUG main            d.u.i.k.p.i.AbstractProblemLoader Environment load took 90.61ns 
444319     INFO  main            d.u.i.k.p.i.AbstractProblemLoader Creating init config 
447064     DEBUG main            d.u.i.k.p.i.AbstractProblemLoader Init config took 2.75s 
447079     INFO  main            d.u.i.k.p.i.AbstractProblemLoader Replaying proof simplify15.key.proof 
447081     DEBUG main            d.u.i.k.p.i.IntermediateProofReplayer Proof replay took 700.44ns 
447082     DEBUG main            d.u.i.k.p.r.p.TestFile    ... success: reloaded. 
447082     INFO  main            d.u.i.k.p.r.p.TestFile    Now processing file /home/runner/work/key/key/key.core/../key.ui/examples/standard_key/polySimp/simplify16.key 
447083     INFO  main            d.u.i.k.p.i.AbstractProblemLoader Loading environment from /home/runner/work/key/key/key.core/../key.ui/examples/standard_key/polySimp/simplify16.key 
447083     DEBUG main            d.u.i.k.p.i.AbstractProblemLoader Environment load took 70.7ns 
447083     INFO  main            d.u.i.k.p.i.AbstractProblemLoader Creating init config 
449879     DEBUG main            d.u.i.k.p.i.AbstractProblemLoader Init config took 2.8s 
449894     INFO  main            d.u.i.k.p.i.AbstractProblemLoader Replaying proof simplify16.key 
449895     DEBUG main            d.u.i.k.p.i.IntermediateProofReplayer Proof replay took 3.1ns 
449996     INFO  main            d.u.i.k.p.r.p.TestFile    ... finished proof: closed. 
450498     INFO  main            d.u.i.k.p.i.AbstractProblemLoader Loading environment from /home/runner/work/key/key/key.core/../key.ui/examples/standard_key/polySimp/simplify16.key.proof 
450498     DEBUG main            d.u.i.k.p.i.AbstractProblemLoader Environment load took 88.2ns 
450499     INFO  main            d.u.i.k.p.i.AbstractProblemLoader Creating init config 
453234     DEBUG main            d.u.i.k.p.i.AbstractProblemLoader Init config took 2.73s 
453249     INFO  main            d.u.i.k.p.i.AbstractProblemLoader Replaying proof simplify16.key.proof 
453250     DEBUG main            d.u.i.k.p.i.IntermediateProofReplayer Proof replay took 484.43ns 
453251     DEBUG main            d.u.i.k.p.r.p.TestFile    ... success: reloaded. 
453251     INFO  main            d.u.i.k.p.r.p.TestFile    Now processing file /home/runner/work/key/key/key.core/../key.ui/examples/standard_key/polySimp/simplify17.key 
453252     INFO  main            d.u.i.k.p.i.AbstractProblemLoader Loading environment from /home/runner/work/key/key/key.core/../key.ui/examples/standard_key/polySimp/simplify17.key 
453252     DEBUG main            d.u.i.k.p.i.AbstractProblemLoader Environment load took 74.61ns 
453253     INFO  main            d.u.i.k.p.i.AbstractProblemLoader Creating init config 
456062     DEBUG main            d.u.i.k.p.i.AbstractProblemLoader Init config took 2.81s 
456077     INFO  main            d.u.i.k.p.i.AbstractProblemLoader Replaying proof simplify17.key 
456078     DEBUG main            d.u.i.k.p.i.IntermediateProofReplayer Proof replay took 3.6ns 
456180     INFO  main            d.u.i.k.p.r.p.TestFile    ... finished proof: closed. 
456685     INFO  main            d.u.i.k.p.i.AbstractProblemLoader Loading environment from /home/runner/work/key/key/key.core/../key.ui/examples/standard_key/polySimp/simplify17.key.proof 
456685     DEBUG main            d.u.i.k.p.i.AbstractProblemLoader Environment load took 91.71ns 
456686     INFO  main            d.u.i.k.p.i.AbstractProblemLoader Creating init config 
459440     DEBUG main            d.u.i.k.p.i.AbstractProblemLoader Init config took 2.75s 
459455     INFO  main            d.u.i.k.p.i.AbstractProblemLoader Replaying proof simplify17.key.proof 
459463     DEBUG main            d.u.i.k.p.i.IntermediateProofReplayer Proof replay took 5.9ms 
459463     DEBUG main            d.u.i.k.p.r.p.TestFile    ... success: reloaded. 
459464     INFO  main            d.u.i.k.p.r.p.TestFile    Now processing file /home/runner/work/key/key/key.core/../key.ui/examples/standard_key/polySimp/simplify18.key 
459464     INFO  main            d.u.i.k.p.i.AbstractProblemLoader Loading environment from /home/runner/work/key/key/key.core/../key.ui/examples/standard_key/polySimp/simplify18.key 
459464     DEBUG main            d.u.i.k.p.i.AbstractProblemLoader Environment load took 55.9ns 
459465     INFO  main            d.u.i.k.p.i.AbstractProblemLoader Creating init config 
462247     DEBUG main            d.u.i.k.p.i.AbstractProblemLoader Init config took 2.78s 
462263     INFO  main            d.u.i.k.p.i.AbstractProblemLoader Replaying proof simplify18.key 
462264     DEBUG main            d.u.i.k.p.i.IntermediateProofReplayer Proof replay took 3.1ns 
462466     INFO  main            d.u.i.k.p.r.p.TestFile    ... finished proof: closed. 
462999     INFO  main            d.u.i.k.p.i.AbstractProblemLoader Loading environment from /home/runner/work/key/key/key.core/../key.ui/examples/standard_key/polySimp/simplify18.key.proof 
462999     DEBUG main            d.u.i.k.p.i.AbstractProblemLoader Environment load took 90.91ns 
463001     INFO  main            d.u.i.k.p.i.AbstractProblemLoader Creating init config 
465722     DEBUG main            d.u.i.k.p.i.AbstractProblemLoader Init config took 2.72s 
465738     INFO  main            d.u.i.k.p.i.AbstractProblemLoader Replaying proof simplify18.key.proof 
465756     DEBUG main            d.u.i.k.p.i.IntermediateProofReplayer Proof replay took 15.72ms 
465757     DEBUG main            d.u.i.k.p.r.p.TestFile    ... success: reloaded. 
465758     INFO  main            d.u.i.k.p.r.p.TestFile    Now processing file /home/runner/work/key/key/key.core/../key.ui/examples/standard_key/polySimp/simplify19.key 
465758     INFO  main            d.u.i.k.p.i.AbstractProblemLoader Loading environment from /home/runner/work/key/key/key.core/../key.ui/examples/standard_key/polySimp/simplify19.key 
465758     DEBUG main            d.u.i.k.p.i.AbstractProblemLoader Environment load took 80.41ns 
465759     INFO  main            d.u.i.k.p.i.AbstractProblemLoader Creating init config 
468531     DEBUG main            d.u.i.k.p.i.AbstractProblemLoader Init config took 2.77s 
468546     INFO  main            d.u.i.k.p.i.AbstractProblemLoader Replaying proof simplify19.key 
468547     DEBUG main            d.u.i.k.p.i.IntermediateProofReplayer Proof replay took 2.7ns 
471961     INFO  main            d.u.i.k.p.r.p.TestFile    ... finished proof: closed. 
472530     INFO  main            d.u.i.k.p.i.AbstractProblemLoader Loading environment from /home/runner/work/key/key/key.core/../key.ui/examples/standard_key/polySimp/simplify19.key.proof 
472530     DEBUG main            d.u.i.k.p.i.AbstractProblemLoader Environment load took 96.81ns 
472532     INFO  main            d.u.i.k.p.i.AbstractProblemLoader Creating init config 
475258     DEBUG main            d.u.i.k.p.i.AbstractProblemLoader Init config took 2.73s 
475274     INFO  main            d.u.i.k.p.i.AbstractProblemLoader Replaying proof simplify19.key.proof 
475532     DEBUG main            d.u.i.k.p.i.IntermediateProofReplayer Proof replay took 246.2ms 
475533     DEBUG main            d.u.i.k.p.r.p.TestFile    ... success: reloaded. 
475534     INFO  main            d.u.i.k.p.r.p.TestFile    Now processing file /home/runner/work/key/key/key.core/../key.ui/examples/standard_key/polySimp/simplify2.key 
475534     INFO  main            d.u.i.k.p.i.AbstractProblemLoader Loading environment from /home/runner/work/key/key/key.core/../key.ui/examples/standard_key/polySimp/simplify2.key 
475534     DEBUG main            d.u.i.k.p.i.AbstractProblemLoader Environment load took 64.2ns 
475535     INFO  main            d.u.i.k.p.i.AbstractProblemLoader Creating init config 
478377     DEBUG main            d.u.i.k.p.i.AbstractProblemLoader Init config took 2.84s 
478392     INFO  main            d.u.i.k.p.i.AbstractProblemLoader Replaying proof simplify2.key 
478393     DEBUG main            d.u.i.k.p.i.IntermediateProofReplayer Proof replay took 3.2ns 
478497     INFO  main            d.u.i.k.p.r.p.TestFile    ... finished proof: closed. 
479090     INFO  main            d.u.i.k.p.i.AbstractProblemLoader Loading environment from /home/runner/work/key/key/key.core/../key.ui/examples/standard_key/polySimp/simplify2.key.proof 
479090     DEBUG main            d.u.i.k.p.i.AbstractProblemLoader Environment load took 86ns 
479091     INFO  main            d.u.i.k.p.i.AbstractProblemLoader Creating init config 
481780     DEBUG main            d.u.i.k.p.i.AbstractProblemLoader Init config took 2.69s 
481796     INFO  main            d.u.i.k.p.i.AbstractProblemLoader Replaying proof simplify2.key.proof 
481798     DEBUG main            d.u.i.k.p.i.IntermediateProofReplayer Proof replay took 810.25ns 
481798     DEBUG main            d.u.i.k.p.r.p.TestFile    ... success: reloaded. 
481799     INFO  main            d.u.i.k.p.r.p.TestFile    Now processing file /home/runner/work/key/key/key.core/../key.ui/examples/standard_key/polySimp/simplify20.key 
481799     INFO  main            d.u.i.k.p.i.AbstractProblemLoader Loading environment from /home/runner/work/key/key/key.core/../key.ui/examples/standard_key/polySimp/simplify20.key 
481799     DEBUG main            d.u.i.k.p.i.AbstractProblemLoader Environment load took 45.9ns 
481800     INFO  main            d.u.i.k.p.i.AbstractProblemLoader Creating init config 
484569     DEBUG main            d.u.i.k.p.i.AbstractProblemLoader Init config took 2.77s 
484584     INFO  main            d.u.i.k.p.i.AbstractProblemLoader Replaying proof simplify20.key 
484585     DEBUG main            d.u.i.k.p.i.IntermediateProofReplayer Proof replay took 3.3ns 
485327     INFO  main            d.u.i.k.p.r.p.TestFile    ... finished proof: closed. 
485886     INFO  main            d.u.i.k.p.i.AbstractProblemLoader Loading environment from /home/runner/work/key/key/key.core/../key.ui/examples/standard_key/polySimp/simplify20.key.proof 
485887     DEBUG main            d.u.i.k.p.i.AbstractProblemLoader Environment load took 695.44ns 
485889     INFO  main            d.u.i.k.p.i.AbstractProblemLoader Creating init config 
488636     DEBUG main            d.u.i.k.p.i.AbstractProblemLoader Init config took 2.75s 
488653     INFO  main            d.u.i.k.p.i.AbstractProblemLoader Replaying proof simplify20.key.proof 
488725     DEBUG main            d.u.i.k.p.i.IntermediateProofReplayer Proof replay took 66.9ms 
488726     DEBUG main            d.u.i.k.p.r.p.TestFile    ... success: reloaded. 
488726     INFO  main            d.u.i.k.p.r.p.TestFile    Now processing file /home/runner/work/key/key/key.core/../key.ui/examples/standard_key/polySimp/simplify21.key 
488727     INFO  main            d.u.i.k.p.i.AbstractProblemLoader Loading environment from /home/runner/work/key/key/key.core/../key.ui/examples/standard_key/polySimp/simplify21.key 
488727     DEBUG main            d.u.i.k.p.i.AbstractProblemLoader Environment load took 95.71ns 
488730     INFO  main            d.u.i.k.p.i.AbstractProblemLoader Creating init config 
491492     DEBUG main            d.u.i.k.p.i.AbstractProblemLoader Init config took 2.76s 
491509     INFO  main            d.u.i.k.p.i.AbstractProblemLoader Replaying proof simplify21.key 
491510     DEBUG main            d.u.i.k.p.i.IntermediateProofReplayer Proof replay took 3ns 
492215     INFO  main            d.u.i.k.p.r.p.TestFile    ... finished proof: closed. 
492844     INFO  main            d.u.i.k.p.i.AbstractProblemLoader Loading environment from /home/runner/work/key/key/key.core/../key.ui/examples/standard_key/polySimp/simplify21.key.proof 
492844     DEBUG main            d.u.i.k.p.i.AbstractProblemLoader Environment load took 92.11ns 
492847     INFO  main            d.u.i.k.p.i.AbstractProblemLoader Creating init config 
495578     DEBUG main            d.u.i.k.p.i.AbstractProblemLoader Init config took 2.73s 
495596     INFO  main            d.u.i.k.p.i.AbstractProblemLoader Replaying proof simplify21.key.proof 
495653     DEBUG main            d.u.i.k.p.i.IntermediateProofReplayer Proof replay took 53.07ms 
495655     DEBUG main            d.u.i.k.p.r.p.TestFile    ... success: reloaded. 
495655     INFO  main            d.u.i.k.p.r.p.TestFile    Now processing file /home/runner/work/key/key/key.core/../key.ui/examples/standard_key/polySimp/simplify22.key 
495656     INFO  main            d.u.i.k.p.i.AbstractProblemLoader Loading environment from /home/runner/work/key/key/key.core/../key.ui/examples/standard_key/polySimp/simplify22.key 
495656     DEBUG main            d.u.i.k.p.i.AbstractProblemLoader Environment load took 94.41ns 
495657     INFO  main            d.u.i.k.p.i.AbstractProblemLoader Creating init config 
498436     DEBUG main            d.u.i.k.p.i.AbstractProblemLoader Init config took 2.78s 
498451     INFO  main            d.u.i.k.p.i.AbstractProblemLoader Replaying proof simplify22.key 
498452     DEBUG main            d.u.i.k.p.i.IntermediateProofReplayer Proof replay took 3.5ns 
498554     INFO  main            d.u.i.k.p.r.p.TestFile    ... finished proof: closed. 
499141     INFO  main            d.u.i.k.p.i.AbstractProblemLoader Loading environment from /home/runner/work/key/key/key.core/../key.ui/examples/standard_key/polySimp/simplify22.key.proof 
499141     DEBUG main            d.u.i.k.p.i.AbstractProblemLoader Environment load took 91.61ns 
499142     INFO  main            d.u.i.k.p.i.AbstractProblemLoader Creating init config 
501832     DEBUG main            d.u.i.k.p.i.AbstractProblemLoader Init config took 2.69s 
501860     INFO  main            d.u.i.k.p.i.AbstractProblemLoader Replaying proof simplify22.key.proof 
501871     DEBUG main            d.u.i.k.p.i.IntermediateProofReplayer Proof replay took 2.57ms 
501872     DEBUG main            d.u.i.k.p.r.p.TestFile    ... success: reloaded. 
501873     INFO  main            d.u.i.k.p.r.p.TestFile    Now processing file /home/runner/work/key/key/key.core/../key.ui/examples/standard_key/polySimp/simplify23.key 
501873     INFO  main            d.u.i.k.p.i.AbstractProblemLoader Loading environment from /home/runner/work/key/key/key.core/../key.ui/examples/standard_key/polySimp/simplify23.key 
501873     DEBUG main            d.u.i.k.p.i.AbstractProblemLoader Environment load took 52.9ns 
501874     INFO  main            d.u.i.k.p.i.AbstractProblemLoader Creating init config 
504653     DEBUG main            d.u.i.k.p.i.AbstractProblemLoader Init config took 2.78s 
504668     INFO  main            d.u.i.k.p.i.AbstractProblemLoader Replaying proof simplify23.key 
504669     DEBUG main            d.u.i.k.p.i.IntermediateProofReplayer Proof replay took 3.2ns 
504871     INFO  main            d.u.i.k.p.r.p.TestFile    ... finished proof: closed. 
505438     INFO  main            d.u.i.k.p.i.AbstractProblemLoader Loading environment from /home/runner/work/key/key/key.core/../key.ui/examples/standard_key/polySimp/simplify23.key.proof 
505438     DEBUG main            d.u.i.k.p.i.AbstractProblemLoader Environment load took 85.11ns 
505440     INFO  main            d.u.i.k.p.i.AbstractProblemLoader Creating init config 
508174     DEBUG main            d.u.i.k.p.i.AbstractProblemLoader Init config took 2.73s 
508190     INFO  main            d.u.i.k.p.i.AbstractProblemLoader Replaying proof simplify23.key.proof 
508217     DEBUG main            d.u.i.k.p.i.IntermediateProofReplayer Proof replay took 25.68ms 
508218     DEBUG main            d.u.i.k.p.r.p.TestFile    ... success: reloaded. 
508218     INFO  main            d.u.i.k.p.r.p.TestFile    Now processing file /home/runner/work/key/key/key.core/../key.ui/examples/standard_key/polySimp/simplify24.key 
508219     INFO  main            d.u.i.k.p.i.AbstractProblemLoader Loading environment from /home/runner/work/key/key/key.core/../key.ui/examples/standard_key/polySimp/simplify24.key 
508219     DEBUG main            d.u.i.k.p.i.AbstractProblemLoader Environment load took 49.3ns 
508219     INFO  main            d.u.i.k.p.i.AbstractProblemLoader Creating init config 
510963     DEBUG main            d.u.i.k.p.i.AbstractProblemLoader Init config took 2.74s 
510978     INFO  main            d.u.i.k.p.i.AbstractProblemLoader Replaying proof simplify24.key 
510979     DEBUG main            d.u.i.k.p.i.IntermediateProofReplayer Proof replay took 3.6ns 
511080     INFO  main            d.u.i.k.p.r.p.TestFile    ... finished proof: closed. 
511639     INFO  main            d.u.i.k.p.i.AbstractProblemLoader Loading environment from /home/runner/work/key/key/key.core/../key.ui/examples/standard_key/polySimp/simplify24.key.proof 
511639     DEBUG main            d.u.i.k.p.i.AbstractProblemLoader Environment load took 88.41ns 
511640     INFO  main            d.u.i.k.p.i.AbstractProblemLoader Creating init config 
514334     DEBUG main            d.u.i.k.p.i.AbstractProblemLoader Init config took 2.69s 
514350     INFO  main            d.u.i.k.p.i.AbstractProblemLoader Replaying proof simplify24.key.proof 
514354     DEBUG main            d.u.i.k.p.i.IntermediateProofReplayer Proof replay took 2.58ms 
514354     DEBUG main            d.u.i.k.p.r.p.TestFile    ... success: reloaded. 
514355     INFO  main            d.u.i.k.p.r.p.TestFile    Now processing file /home/runner/work/key/key/key.core/../key.ui/examples/standard_key/polySimp/simplify25.key 
514355     INFO  main            d.u.i.k.p.i.AbstractProblemLoader Loading environment from /home/runner/work/key/key/key.core/../key.ui/examples/standard_key/polySimp/simplify25.key 
514355     DEBUG main            d.u.i.k.p.i.AbstractProblemLoader Environment load took 68.1ns 
514356     INFO  main            d.u.i.k.p.i.AbstractProblemLoader Creating init config 
517095     DEBUG main            d.u.i.k.p.i.AbstractProblemLoader Init config took 2.74s 
517111     INFO  main            d.u.i.k.p.i.AbstractProblemLoader Replaying proof simplify25.key 
517112     DEBUG main            d.u.i.k.p.i.IntermediateProofReplayer Proof replay took 3.5ns 
517214     INFO  main            d.u.i.k.p.r.p.TestFile    ... finished proof: closed. 
517778     INFO  main            d.u.i.k.p.i.AbstractProblemLoader Loading environment from /home/runner/work/key/key/key.core/../key.ui/examples/standard_key/polySimp/simplify25.key.proof 
517778     DEBUG main            d.u.i.k.p.i.AbstractProblemLoader Environment load took 111.61ns 
517779     INFO  main            d.u.i.k.p.i.AbstractProblemLoader Creating init config 
520504     DEBUG main            d.u.i.k.p.i.AbstractProblemLoader Init config took 2.72s 
520519     INFO  main            d.u.i.k.p.i.AbstractProblemLoader Replaying proof simplify25.key.proof 
520523     DEBUG main            d.u.i.k.p.i.IntermediateProofReplayer Proof replay took 2.65ms 
520524     DEBUG main            d.u.i.k.p.r.p.TestFile    ... success: reloaded. 
520524     INFO  main            d.u.i.k.p.r.p.TestFile    Now processing file /home/runner/work/key/key/key.core/../key.ui/examples/standard_key/polySimp/simplify3.key 
520524     INFO  main            d.u.i.k.p.i.AbstractProblemLoader Loading environment from /home/runner/work/key/key/key.core/../key.ui/examples/standard_key/polySimp/simplify3.key 
520524     DEBUG main            d.u.i.k.p.i.AbstractProblemLoader Environment load took 44ns 
520525     INFO  main            d.u.i.k.p.i.AbstractProblemLoader Creating init config 
523292     DEBUG main            d.u.i.k.p.i.AbstractProblemLoader Init config took 2.77s 
523307     INFO  main            d.u.i.k.p.i.AbstractProblemLoader Replaying proof simplify3.key 
523308     DEBUG main            d.u.i.k.p.i.IntermediateProofReplayer Proof replay took 3ns 
523409     INFO  main            d.u.i.k.p.r.p.TestFile    ... finished proof: closed. 
523972     INFO  main            d.u.i.k.p.i.AbstractProblemLoader Loading environment from /home/runner/work/key/key/key.core/../key.ui/examples/standard_key/polySimp/simplify3.key.proof 
523972     DEBUG main            d.u.i.k.p.i.AbstractProblemLoader Environment load took 83ns 
523973     INFO  main            d.u.i.k.p.i.AbstractProblemLoader Creating init config 
526654     DEBUG main            d.u.i.k.p.i.AbstractProblemLoader Init config took 2.68s 
526680     INFO  main            d.u.i.k.p.i.AbstractProblemLoader Replaying proof simplify3.key.proof 
526682     DEBUG main            d.u.i.k.p.i.IntermediateProofReplayer Proof replay took 866.25ns 
526683     DEBUG main            d.u.i.k.p.r.p.TestFile    ... success: reloaded. 
526683     INFO  main            d.u.i.k.p.r.p.TestFile    Now processing file /home/runner/work/key/key/key.core/../key.ui/examples/standard_key/polySimp/simplify4.key 
526683     INFO  main            d.u.i.k.p.i.AbstractProblemLoader Loading environment from /home/runner/work/key/key/key.core/../key.ui/examples/standard_key/polySimp/simplify4.key 
526684     DEBUG main            d.u.i.k.p.i.AbstractProblemLoader Environment load took 43ns 
526684     INFO  main            d.u.i.k.p.i.AbstractProblemLoader Creating init config 
529433     DEBUG main            d.u.i.k.p.i.AbstractProblemLoader Init config took 2.75s 
529448     INFO  main            d.u.i.k.p.i.AbstractProblemLoader Replaying proof simplify4.key 
529449     DEBUG main            d.u.i.k.p.i.IntermediateProofReplayer Proof replay took 3.6ns 
529551     INFO  main            d.u.i.k.p.r.p.TestFile    ... finished proof: closed. 
530133     INFO  main            d.u.i.k.p.i.AbstractProblemLoader Loading environment from /home/runner/work/key/key/key.core/../key.ui/examples/standard_key/polySimp/simplify4.key.proof 
530133     DEBUG main            d.u.i.k.p.i.AbstractProblemLoader Environment load took 79.5ns 
530134     INFO  main            d.u.i.k.p.i.AbstractProblemLoader Creating init config 
532866     DEBUG main            d.u.i.k.p.i.AbstractProblemLoader Init config took 2.73s 
532880     INFO  main            d.u.i.k.p.i.AbstractProblemLoader Replaying proof simplify4.key.proof 
532883     DEBUG main            d.u.i.k.p.i.IntermediateProofReplayer Proof replay took 1.15ms 
532883     DEBUG main            d.u.i.k.p.r.p.TestFile    ... success: reloaded. 
532884     INFO  main            d.u.i.k.p.r.p.TestFile    Now processing file /home/runner/work/key/key/key.core/../key.ui/examples/standard_key/polySimp/simplify5.key 
532884     INFO  main            d.u.i.k.p.i.AbstractProblemLoader Loading environment from /home/runner/work/key/key/key.core/../key.ui/examples/standard_key/polySimp/simplify5.key 
532884     DEBUG main            d.u.i.k.p.i.AbstractProblemLoader Environment load took 75.41ns 
532885     INFO  main            d.u.i.k.p.i.AbstractProblemLoader Creating init config 
535624     DEBUG main            d.u.i.k.p.i.AbstractProblemLoader Init config took 2.74s 
535639     INFO  main            d.u.i.k.p.i.AbstractProblemLoader Replaying proof simplify5.key 
535640     DEBUG main            d.u.i.k.p.i.IntermediateProofReplayer Proof replay took 3.5ns 
535742     INFO  main            d.u.i.k.p.r.p.TestFile    ... finished proof: closed. 
536332     INFO  main            d.u.i.k.p.i.AbstractProblemLoader Loading environment from /home/runner/work/key/key/key.core/../key.ui/examples/standard_key/polySimp/simplify5.key.proof 
536333     DEBUG main            d.u.i.k.p.i.AbstractProblemLoader Environment load took 84.2ns 
536334     INFO  main            d.u.i.k.p.i.AbstractProblemLoader Creating init config 
539045     DEBUG main            d.u.i.k.p.i.AbstractProblemLoader Init config took 2.71s 
539061     INFO  main            d.u.i.k.p.i.AbstractProblemLoader Replaying proof simplify5.key.proof 
539069     DEBUG main            d.u.i.k.p.i.IntermediateProofReplayer Proof replay took 6.59ms 
539070     DEBUG main            d.u.i.k.p.r.p.TestFile    ... success: reloaded. 
539070     INFO  main            d.u.i.k.p.r.p.TestFile    Now processing file /home/runner/work/key/key/key.core/../key.ui/examples/standard_key/polySimp/simplify6.key 
539070     INFO  main            d.u.i.k.p.i.AbstractProblemLoader Loading environment from /home/runner/work/key/key/key.core/../key.ui/examples/standard_key/polySimp/simplify6.key 
539071     DEBUG main            d.u.i.k.p.i.AbstractProblemLoader Environment load took 50.5ns 
539071     INFO  main            d.u.i.k.p.i.AbstractProblemLoader Creating init config 
541830     DEBUG main            d.u.i.k.p.i.AbstractProblemLoader Init config took 2.76s 
541846     INFO  main            d.u.i.k.p.i.AbstractProblemLoader Replaying proof simplify6.key 
541847     DEBUG main            d.u.i.k.p.i.IntermediateProofReplayer Proof replay took 3.4ns 
541949     INFO  main            d.u.i.k.p.r.p.TestFile    ... finished proof: closed. 
542537     INFO  main            d.u.i.k.p.i.AbstractProblemLoader Loading environment from /home/runner/work/key/key/key.core/../key.ui/examples/standard_key/polySimp/simplify6.key.proof 
542537     DEBUG main            d.u.i.k.p.i.AbstractProblemLoader Environment load took 78.61ns 
542538     INFO  main            d.u.i.k.p.i.AbstractProblemLoader Creating init config 
545242     DEBUG main            d.u.i.k.p.i.AbstractProblemLoader Init config took 2.7s 
545258     INFO  main            d.u.i.k.p.i.AbstractProblemLoader Replaying proof simplify6.key.proof 
545260     DEBUG main            d.u.i.k.p.i.IntermediateProofReplayer Proof replay took 346.42ns 
545260     DEBUG main            d.u.i.k.p.r.p.TestFile    ... success: reloaded. 
545261     INFO  main            d.u.i.k.p.r.p.TestFile    Now processing file /home/runner/work/key/key/key.core/../key.ui/examples/standard_key/polySimp/simplify7.key 
545261     INFO  main            d.u.i.k.p.i.AbstractProblemLoader Loading environment from /home/runner/work/key/key/key.core/../key.ui/examples/standard_key/polySimp/simplify7.key 
545261     DEBUG main            d.u.i.k.p.i.AbstractProblemLoader Environment load took 55.2ns 
545262     INFO  main            d.u.i.k.p.i.AbstractProblemLoader Creating init config 
548006     DEBUG main            d.u.i.k.p.i.AbstractProblemLoader Init config took 2.74s 
548022     INFO  main            d.u.i.k.p.i.AbstractProblemLoader Replaying proof simplify7.key 
548023     DEBUG main            d.u.i.k.p.i.IntermediateProofReplayer Proof replay took 3.8ns 
548125     INFO  main            d.u.i.k.p.r.p.TestFile    ... finished proof: closed. 
548726     INFO  main            d.u.i.k.p.i.AbstractProblemLoader Loading environment from /home/runner/work/key/key/key.core/../key.ui/examples/standard_key/polySimp/simplify7.key.proof 
548726     DEBUG main            d.u.i.k.p.i.AbstractProblemLoader Environment load took 99.31ns 
548727     INFO  main            d.u.i.k.p.i.AbstractProblemLoader Creating init config 
551441     DEBUG main            d.u.i.k.p.i.AbstractProblemLoader Init config took 2.71s 
551456     INFO  main            d.u.i.k.p.i.AbstractProblemLoader Replaying proof simplify7.key.proof 
551458     DEBUG main            d.u.i.k.p.i.IntermediateProofReplayer Proof replay took 577.24ns 
551458     DEBUG main            d.u.i.k.p.r.p.TestFile    ... success: reloaded. 
551459     INFO  main            d.u.i.k.p.r.p.TestFile    Now processing file /home/runner/work/key/key/key.core/../key.ui/examples/standard_key/polySimp/simplify8.key 
551459     INFO  main            d.u.i.k.p.i.AbstractProblemLoader Loading environment from /home/runner/work/key/key/key.core/../key.ui/examples/standard_key/polySimp/simplify8.key 
551459     DEBUG main            d.u.i.k.p.i.AbstractProblemLoader Environment load took 44.4ns 
551462     INFO  main            d.u.i.k.p.i.AbstractProblemLoader Creating init config 
554195     DEBUG main            d.u.i.k.p.i.AbstractProblemLoader Init config took 2.73s 
554211     INFO  main            d.u.i.k.p.i.AbstractProblemLoader Replaying proof simplify8.key 
554212     DEBUG main            d.u.i.k.p.i.IntermediateProofReplayer Proof replay took 3.7ns 
558375     INFO  main            d.u.i.k.p.r.p.TestFile    ... finished proof: closed. 
559006     INFO  main            d.u.i.k.p.i.AbstractProblemLoader Loading environment from /home/runner/work/key/key/key.core/../key.ui/examples/standard_key/polySimp/simplify8.key.proof 
559007     DEBUG main            d.u.i.k.p.i.AbstractProblemLoader Environment load took 88.81ns 
559009     INFO  main            d.u.i.k.p.i.AbstractProblemLoader Creating init config 
561748     DEBUG main            d.u.i.k.p.i.AbstractProblemLoader Init config took 2.74s 
561766     INFO  main            d.u.i.k.p.i.AbstractProblemLoader Replaying proof simplify8.key.proof 
561969     DEBUG main            d.u.i.k.p.i.IntermediateProofReplayer Proof replay took 198.26ms 
561972     DEBUG main            d.u.i.k.p.r.p.TestFile    ... success: reloaded. 
561972     INFO  main            d.u.i.k.p.r.p.TestFile    Now processing file /home/runner/work/key/key/key.core/../key.ui/examples/standard_key/polySimp/simplify9.key 
561972     INFO  main            d.u.i.k.p.i.AbstractProblemLoader Loading environment from /home/runner/work/key/key/key.core/../key.ui/examples/standard_key/polySimp/simplify9.key 
561972     DEBUG main            d.u.i.k.p.i.AbstractProblemLoader Environment load took 47.9ns 
561974     INFO  main            d.u.i.k.p.i.AbstractProblemLoader Creating init config 
564784     DEBUG main            d.u.i.k.p.i.AbstractProblemLoader Init config took 2.81s 
564799     INFO  main            d.u.i.k.p.i.AbstractProblemLoader Replaying proof simplify9.key 
564800     DEBUG main            d.u.i.k.p.i.IntermediateProofReplayer Proof replay took 3.3ns 
565003     INFO  main            d.u.i.k.p.r.p.TestFile    ... finished proof: closed. 
565667     INFO  main            d.u.i.k.p.i.AbstractProblemLoader Loading environment from /home/runner/work/key/key/key.core/../key.ui/examples/standard_key/polySimp/simplify9.key.proof 
565667     DEBUG main            d.u.i.k.p.i.AbstractProblemLoader Environment load took 80.7ns 
565668     INFO  main            d.u.i.k.p.i.AbstractProblemLoader Creating init config 
568398     DEBUG main            d.u.i.k.p.i.AbstractProblemLoader Init config took 2.73s 
568414     INFO  main            d.u.i.k.p.i.AbstractProblemLoader Replaying proof simplify9.key.proof 
568439     DEBUG main            d.u.i.k.p.i.IntermediateProofReplayer Proof replay took 23.86ms 
568441     DEBUG main            d.u.i.k.p.r.p.TestFile    ... success: reloaded. 
3080792    INFO  Test worker     d.u.i.k.p.r.RunAllProofsTestUnit Returning from test arithmetic 
3080793    INFO  Test worker     d.u.i.k.p.r.RunAllProofsTestUnit Running test arrays 
407        INFO  Timeout watchdog d.u.i.k.p.r.p.ForkedTestFileRunner Timeout watcher launched (2000 secs.) 
425        WARN  main            d.u.i.k.s.ProofSettings   The settings in /home/runner/.key/proof-settings.props are *not* read. 
484        INFO  main            d.u.i.k.p.r.p.TestFile    Now processing file /home/runner/work/key/key/key.core/../key.ui/examples/standard_key/arrays/arrayStoreException/array2DimPrim.key 
629        INFO  main            d.u.i.k.p.i.AbstractProblemLoader Loading environment from /home/runner/work/key/key/key.core/../key.ui/examples/standard_key/arrays/arrayStoreException/array2DimPrim.key 
648        DEBUG main            d.u.i.k.p.i.AbstractProblemLoader Environment load took 2.37ms 
963        INFO  main            d.u.i.k.p.i.AbstractProblemLoader Creating init config 
1996       DEBUG main            d.u.i.k.j.TypeConverter   No LDT found for Meta 
2002       DEBUG main            d.u.i.k.j.TypeConverter   No LDT found for Meta 
2008       DEBUG main            d.u.i.k.j.TypeConverter   No LDT found for Meta 
2009       DEBUG main            d.u.i.k.j.TypeConverter   No LDT found for Meta 
3588       DEBUG main            d.u.i.k.j.TypeConverter   No LDT found for JavaBigintExpression 
9082       DEBUG main            d.u.i.k.p.i.AbstractProblemLoader Init config took 8.12s 
9158       INFO  main            d.u.i.k.p.i.AbstractProblemLoader Replaying proof array2DimPrim.key 
9202       DEBUG main            d.u.i.k.p.i.IntermediateProofReplayer Proof replay took 37.9ns 
13758      INFO  main            d.u.i.k.p.r.p.TestFile    ... finished proof: closed. 
13998      INFO  main            d.u.i.k.p.i.AbstractProblemLoader Loading environment from /home/runner/work/key/key/key.core/../key.ui/examples/standard_key/arrays/arrayStoreException/array2DimPrim.key.proof 
13999      DEBUG main            d.u.i.k.p.i.AbstractProblemLoader Environment load took 254.62ns 
14004      INFO  main            d.u.i.k.p.i.AbstractProblemLoader Creating init config 
17208      DEBUG main            d.u.i.k.p.i.AbstractProblemLoader Init config took 3.2s 
17271      INFO  main            d.u.i.k.p.i.AbstractProblemLoader Replaying proof array2DimPrim.key.proof 
17915      DEBUG main            d.u.i.k.p.i.IntermediateProofReplayer Proof replay took 609.09ms 
17929      DEBUG main            d.u.i.k.p.r.p.TestFile    ... success: reloaded. 
17932      INFO  main            d.u.i.k.p.r.p.TestFile    Now processing file /home/runner/work/key/key/key.core/../key.ui/examples/standard_key/arrays/arrayStoreException/arrayStoreKnownDynType.key 
17932      INFO  main            d.u.i.k.p.i.AbstractProblemLoader Loading environment from /home/runner/work/key/key/key.core/../key.ui/examples/standard_key/arrays/arrayStoreException/arrayStoreKnownDynType.key 
17933      DEBUG main            d.u.i.k.p.i.AbstractProblemLoader Environment load took 264.22ns 
17934      INFO  main            d.u.i.k.p.i.AbstractProblemLoader Creating init config 
20949      DEBUG main            d.u.i.k.p.i.AbstractProblemLoader Init config took 3.01s 
20980      INFO  main            d.u.i.k.p.i.AbstractProblemLoader Replaying proof arrayStoreKnownDynType.key 
20982      DEBUG main            d.u.i.k.p.i.IntermediateProofReplayer Proof replay took 6.9ns 
21289      INFO  main            d.u.i.k.p.r.p.TestFile    ... finished proof: closed. 
21566      INFO  main            d.u.i.k.p.i.AbstractProblemLoader Loading environment from /home/runner/work/key/key/key.core/../key.ui/examples/standard_key/arrays/arrayStoreException/arrayStoreKnownDynType.key.proof 
21569      DEBUG main            d.u.i.k.p.i.AbstractProblemLoader Environment load took 2.85ms 
21570      INFO  main            d.u.i.k.p.i.AbstractProblemLoader Creating init config 
24471      DEBUG main            d.u.i.k.p.i.AbstractProblemLoader Init config took 2.9s 
24498      INFO  main            d.u.i.k.p.i.AbstractProblemLoader Replaying proof arrayStoreKnownDynType.key.proof 
24552      DEBUG main            d.u.i.k.p.i.IntermediateProofReplayer Proof replay took 50.62ms 
24554      DEBUG main            d.u.i.k.p.r.p.TestFile    ... success: reloaded. 
24558      INFO  main            d.u.i.k.p.r.p.TestFile    Now processing file /home/runner/work/key/key/key.core/../key.ui/examples/standard_key/arrays/arrayStoreException/reverseArray.key 
24559      INFO  main            d.u.i.k.p.i.AbstractProblemLoader Loading environment from /home/runner/work/key/key/key.core/../key.ui/examples/standard_key/arrays/arrayStoreException/reverseArray.key 
24559      DEBUG main            d.u.i.k.p.i.AbstractProblemLoader Environment load took 169.61ns 
24560      INFO  main            d.u.i.k.p.i.AbstractProblemLoader Creating init config 
27442      DEBUG main            d.u.i.k.p.i.AbstractProblemLoader Init config took 2.88s 
27469      INFO  main            d.u.i.k.p.i.AbstractProblemLoader Replaying proof reverseArray.key 
27472      DEBUG main            d.u.i.k.p.i.IntermediateProofReplayer Proof replay took 7.1ns 
28177      INFO  main            d.u.i.k.p.r.p.TestFile    ... finished proof: closed. 
28382      INFO  main            d.u.i.k.p.i.AbstractProblemLoader Loading environment from /home/runner/work/key/key/key.core/../key.ui/examples/standard_key/arrays/arrayStoreException/reverseArray.key.proof 
28383      DEBUG main            d.u.i.k.p.i.AbstractProblemLoader Environment load took 1.26ms 
28388      INFO  main            d.u.i.k.p.i.AbstractProblemLoader Creating init config 
31265      DEBUG main            d.u.i.k.p.i.AbstractProblemLoader Init config took 2.88s 
31290      INFO  main            d.u.i.k.p.i.AbstractProblemLoader Replaying proof reverseArray.key.proof 
31447      DEBUG main            d.u.i.k.p.i.IntermediateProofReplayer Proof replay took 150.16ms 
31449      DEBUG main            d.u.i.k.p.r.p.TestFile    ... success: reloaded. 
31451      INFO  main            d.u.i.k.p.r.p.TestFile    Now processing file /home/runner/work/key/key/key.core/../key.ui/examples/standard_key/arrays/arrayStoreException/throwArrayStoreException.key 
31451      INFO  main            d.u.i.k.p.i.AbstractProblemLoader Loading environment from /home/runner/work/key/key/key.core/../key.ui/examples/standard_key/arrays/arrayStoreException/throwArrayStoreException.key 
31451      DEBUG main            d.u.i.k.p.i.AbstractProblemLoader Environment load took 239.01ns 
31453      INFO  main            d.u.i.k.p.i.AbstractProblemLoader Creating init config 
34365      DEBUG main            d.u.i.k.p.i.AbstractProblemLoader Init config took 2.91s 
34389      INFO  main            d.u.i.k.p.i.AbstractProblemLoader Replaying proof throwArrayStoreException.key 
34392      DEBUG main            d.u.i.k.p.i.IntermediateProofReplayer Proof replay took 6.9ns 
34896      INFO  main            d.u.i.k.p.r.p.TestFile    ... finished proof: closed. 
35112      INFO  main            d.u.i.k.p.i.AbstractProblemLoader Loading environment from /home/runner/work/key/key/key.core/../key.ui/examples/standard_key/arrays/arrayStoreException/throwArrayStoreException.key.proof 
35113      DEBUG main            d.u.i.k.p.i.AbstractProblemLoader Environment load took 486.43ns 
35114      INFO  main            d.u.i.k.p.i.AbstractProblemLoader Creating init config 
37973      DEBUG main            d.u.i.k.p.i.AbstractProblemLoader Init config took 2.86s 
37997      INFO  main            d.u.i.k.p.i.AbstractProblemLoader Replaying proof throwArrayStoreException.key.proof 
38097      DEBUG main            d.u.i.k.p.i.IntermediateProofReplayer Proof replay took 95.55ms 
38099      DEBUG main            d.u.i.k.p.r.p.TestFile    ... success: reloaded. 
38100      INFO  main            d.u.i.k.p.r.p.TestFile    Now processing file /home/runner/work/key/key/key.core/../key.ui/examples/standard_key/arrays/creation/arrayCreation1.key 
38100      INFO  main            d.u.i.k.p.i.AbstractProblemLoader Loading environment from /home/runner/work/key/key/key.core/../key.ui/examples/standard_key/arrays/creation/arrayCreation1.key 
38100      DEBUG main            d.u.i.k.p.i.AbstractProblemLoader Environment load took 214.31ns 
38102      INFO  main            d.u.i.k.p.i.AbstractProblemLoader Creating init config 
40957      DEBUG main            d.u.i.k.p.i.AbstractProblemLoader Init config took 2.86s 
40981      INFO  main            d.u.i.k.p.i.AbstractProblemLoader Replaying proof arrayCreation1.key 
40983      DEBUG main            d.u.i.k.p.i.IntermediateProofReplayer Proof replay took 7.1ns 
41189      INFO  main            d.u.i.k.p.r.p.TestFile    ... finished proof: closed. 
41419      INFO  main            d.u.i.k.p.i.AbstractProblemLoader Loading environment from /home/runner/work/key/key/key.core/../key.ui/examples/standard_key/arrays/creation/arrayCreation1.key.proof 
41419      DEBUG main            d.u.i.k.p.i.AbstractProblemLoader Environment load took 140.81ns 
41420      INFO  main            d.u.i.k.p.i.AbstractProblemLoader Creating init config 
44170      DEBUG main            d.u.i.k.p.i.AbstractProblemLoader Init config took 2.75s 
44200      INFO  main            d.u.i.k.p.i.AbstractProblemLoader Replaying proof arrayCreation1.key.proof 
44232      DEBUG main            d.u.i.k.p.i.IntermediateProofReplayer Proof replay took 28.61ms 
44233      DEBUG main            d.u.i.k.p.r.p.TestFile    ... success: reloaded. 
44234      INFO  main            d.u.i.k.p.r.p.TestFile    Now processing file /home/runner/work/key/key/key.core/../key.ui/examples/standard_key/arrays/arrayStoreException/array2Dim.key 
44235      INFO  main            d.u.i.k.p.i.AbstractProblemLoader Loading environment from /home/runner/work/key/key/key.core/../key.ui/examples/standard_key/arrays/arrayStoreException/array2Dim.key 
44235      DEBUG main            d.u.i.k.p.i.AbstractProblemLoader Environment load took 135.11ns 
44236      INFO  main            d.u.i.k.p.i.AbstractProblemLoader Creating init config 
47080      DEBUG main            d.u.i.k.p.i.AbstractProblemLoader Init config took 2.84s 
47103      INFO  main            d.u.i.k.p.i.AbstractProblemLoader Replaying proof array2Dim.key 
47106      DEBUG main            d.u.i.k.p.i.IntermediateProofReplayer Proof replay took 6.6ns 
51226      INFO  main            d.u.i.k.p.r.p.TestFile    ... finished proof: open goal(s) 
51517      INFO  main            d.u.i.k.p.r.p.TestFile    Now processing file /home/runner/work/key/key/key.core/../key.ui/examples/standard_key/arrays/arrayStoreException/array2DimClose.key 
51517      INFO  main            d.u.i.k.p.i.AbstractProblemLoader Loading environment from /home/runner/work/key/key/key.core/../key.ui/examples/standard_key/arrays/arrayStoreException/array2DimClose.key 
51517      DEBUG main            d.u.i.k.p.i.AbstractProblemLoader Environment load took 79.11ns 
51519      INFO  main            d.u.i.k.p.i.AbstractProblemLoader Creating init config 
54235      DEBUG main            d.u.i.k.p.i.AbstractProblemLoader Init config took 2.72s 
54257      INFO  main            d.u.i.k.p.i.AbstractProblemLoader Replaying proof array2DimClose.key 
54260      DEBUG main            d.u.i.k.p.i.IntermediateProofReplayer Proof replay took 10.9ns 
57085      INFO  main            d.u.i.k.p.r.p.TestFile    ... finished proof: open goal(s) 
57505      INFO  main            d.u.i.k.p.r.p.TestFile    Now processing file /home/runner/work/key/key/key.core/../key.ui/examples/standard_key/arrays/arrayStoreException/throwASEForPrim.key 
57511      INFO  main            d.u.i.k.p.i.AbstractProblemLoader Loading environment from /home/runner/work/key/key/key.core/../key.ui/examples/standard_key/arrays/arrayStoreException/throwASEForPrim.key 
57511      DEBUG main            d.u.i.k.p.i.AbstractProblemLoader Environment load took 121.81ns 
57512      INFO  main            d.u.i.k.p.i.AbstractProblemLoader Creating init config 
60286      DEBUG main            d.u.i.k.p.i.AbstractProblemLoader Init config took 2.77s 
60306      INFO  main            d.u.i.k.p.i.AbstractProblemLoader Replaying proof throwASEForPrim.key 
60308      DEBUG main            d.u.i.k.p.i.IntermediateProofReplayer Proof replay took 6.5ns 
65836      INFO  main            d.u.i.k.p.r.p.TestFile    ... finished proof: open goal(s) 
3147148    INFO  Test worker     d.u.i.k.p.r.RunAllProofsTestUnit Returning from test arrays 
3147150    INFO  Test worker     d.u.i.k.p.r.RunAllProofsTestUnit Running test javadl 
404        INFO  Timeout watchdog d.u.i.k.p.r.p.ForkedTestFileRunner Timeout watcher launched (2000 secs.) 
416        WARN  main            d.u.i.k.s.ProofSettings   The settings in /home/runner/.key/proof-settings.props are *not* read. 
447        INFO  main            d.u.i.k.p.r.p.TestFile    Now processing file /home/runner/work/key/key/key.core/../key.ui/examples/standard_key/instanceCreation/instanceCreation1.key 
611        INFO  main            d.u.i.k.p.i.AbstractProblemLoader Loading environment from /home/runner/work/key/key/key.core/../key.ui/examples/standard_key/instanceCreation/instanceCreation1.key 
630        DEBUG main            d.u.i.k.p.i.AbstractProblemLoader Environment load took 2.68ms 
915        INFO  main            d.u.i.k.p.i.AbstractProblemLoader Creating init config 
1815       DEBUG main            d.u.i.k.j.TypeConverter   No LDT found for Meta 
1816       DEBUG main            d.u.i.k.j.TypeConverter   No LDT found for Meta 
1820       DEBUG main            d.u.i.k.j.TypeConverter   No LDT found for Meta 
1820       DEBUG main            d.u.i.k.j.TypeConverter   No LDT found for Meta 
3234       DEBUG main            d.u.i.k.j.TypeConverter   No LDT found for JavaBigintExpression 
9209       DEBUG main            d.u.i.k.p.i.AbstractProblemLoader Init config took 8.29s 
9294       INFO  main            d.u.i.k.p.i.AbstractProblemLoader Replaying proof instanceCreation1.key 
9336       DEBUG main            d.u.i.k.p.i.IntermediateProofReplayer Proof replay took 41.3ns 
10577      INFO  main            d.u.i.k.p.r.p.TestFile    ... finished proof: closed. 
10727      INFO  main            d.u.i.k.p.i.AbstractProblemLoader Loading environment from /home/runner/work/key/key/key.core/../key.ui/examples/standard_key/instanceCreation/instanceCreation1.key.proof 
10729      DEBUG main            d.u.i.k.p.i.AbstractProblemLoader Environment load took 1.78ms 
10735      INFO  main            d.u.i.k.p.i.AbstractProblemLoader Creating init config 
14134      DEBUG main            d.u.i.k.p.i.AbstractProblemLoader Init config took 3.4s 
14167      INFO  main            d.u.i.k.p.i.AbstractProblemLoader Replaying proof instanceCreation1.key.proof 
14319      DEBUG main            d.u.i.k.p.i.IntermediateProofReplayer Proof replay took 141.11ms 
14331      DEBUG main            d.u.i.k.p.r.p.TestFile    ... success: reloaded. 
14333      INFO  main            d.u.i.k.p.r.p.TestFile    Now processing file /home/runner/work/key/key/key.core/../key.ui/examples/standard_key/instanceCreation/instanceCreation2.key 
14333      INFO  main            d.u.i.k.p.i.AbstractProblemLoader Loading environment from /home/runner/work/key/key/key.core/../key.ui/examples/standard_key/instanceCreation/instanceCreation2.key 
14333      DEBUG main            d.u.i.k.p.i.AbstractProblemLoader Environment load took 243.02ns 
14335      INFO  main            d.u.i.k.p.i.AbstractProblemLoader Creating init config 
17485      DEBUG main            d.u.i.k.p.i.AbstractProblemLoader Init config took 3.15s 
17517      INFO  main            d.u.i.k.p.i.AbstractProblemLoader Replaying proof instanceCreation2.key 
17519      DEBUG main            d.u.i.k.p.i.IntermediateProofReplayer Proof replay took 6.2ns 
18247      INFO  main            d.u.i.k.p.r.p.TestFile    ... finished proof: closed. 
18425      INFO  main            d.u.i.k.p.i.AbstractProblemLoader Loading environment from /home/runner/work/key/key/key.core/../key.ui/examples/standard_key/instanceCreation/instanceCreation2.key.proof 
18431      DEBUG main            d.u.i.k.p.i.AbstractProblemLoader Environment load took 5.65ms 
18433      INFO  main            d.u.i.k.p.i.AbstractProblemLoader Creating init config 
21510      DEBUG main            d.u.i.k.p.i.AbstractProblemLoader Init config took 3.08s 
21538      INFO  main            d.u.i.k.p.i.AbstractProblemLoader Replaying proof instanceCreation2.key.proof 
21674      DEBUG main            d.u.i.k.p.i.IntermediateProofReplayer Proof replay took 131.35ms 
21675      DEBUG main            d.u.i.k.p.r.p.TestFile    ... success: reloaded. 
21677      INFO  main            d.u.i.k.p.r.p.TestFile    Now processing file /home/runner/work/key/key/key.core/../key.ui/examples/standard_key/instanceCreation/interfacesAndAbstractClassesHaveNoInstances.key 
21677      INFO  main            d.u.i.k.p.i.AbstractProblemLoader Loading environment from /home/runner/work/key/key/key.core/../key.ui/examples/standard_key/instanceCreation/interfacesAndAbstractClassesHaveNoInstances.key 
21677      DEBUG main            d.u.i.k.p.i.AbstractProblemLoader Environment load took 224.31ns 
21679      INFO  main            d.u.i.k.p.i.AbstractProblemLoader Creating init config 
24697      DEBUG main            d.u.i.k.p.i.AbstractProblemLoader Init config took 3.02s 
24726      INFO  main            d.u.i.k.p.i.AbstractProblemLoader Replaying proof interfacesAndAbstractClassesHaveNoInstances.key 
24731      DEBUG main            d.u.i.k.p.i.IntermediateProofReplayer Proof replay took 6.7ns 
24834      INFO  main            d.u.i.k.p.r.p.TestFile    ... finished proof: closed. 
25007      INFO  main            d.u.i.k.p.i.AbstractProblemLoader Loading environment from /home/runner/work/key/key/key.core/../key.ui/examples/standard_key/instanceCreation/interfacesAndAbstractClassesHaveNoInstances.key.proof 
25007      DEBUG main            d.u.i.k.p.i.AbstractProblemLoader Environment load took 136.61ns 
25008      INFO  main            d.u.i.k.p.i.AbstractProblemLoader Creating init config 
27999      DEBUG main            d.u.i.k.p.i.AbstractProblemLoader Init config took 2.99s 
28023      INFO  main            d.u.i.k.p.i.AbstractProblemLoader Replaying proof interfacesAndAbstractClassesHaveNoInstances.key.proof 
28026      DEBUG main            d.u.i.k.p.i.IntermediateProofReplayer Proof replay took 1.38ms 
28028      DEBUG main            d.u.i.k.p.r.p.TestFile    ... success: reloaded. 
28029      INFO  main            d.u.i.k.p.r.p.TestFile    Now processing file /home/runner/work/key/key/key.core/../key.ui/examples/standard_key/instanceCreation/successiveCreatedObjectsAreDistinct.key 
28030      INFO  main            d.u.i.k.p.i.AbstractProblemLoader Loading environment from /home/runner/work/key/key/key.core/../key.ui/examples/standard_key/instanceCreation/successiveCreatedObjectsAreDistinct.key 
28030      DEBUG main            d.u.i.k.p.i.AbstractProblemLoader Environment load took 266.82ns 
28032      INFO  main            d.u.i.k.p.i.AbstractProblemLoader Creating init config 
31037      DEBUG main            d.u.i.k.p.i.AbstractProblemLoader Init config took 3.01s 
31061      INFO  main            d.u.i.k.p.i.AbstractProblemLoader Replaying proof successiveCreatedObjectsAreDistinct.key 
31063      DEBUG main            d.u.i.k.p.i.IntermediateProofReplayer Proof replay took 6.6ns 
31567      INFO  main            d.u.i.k.p.r.p.TestFile    ... finished proof: closed. 
31839      INFO  main            d.u.i.k.p.i.AbstractProblemLoader Loading environment from /home/runner/work/key/key/key.core/../key.ui/examples/standard_key/instanceCreation/successiveCreatedObjectsAreDistinct.key.proof 
31840      DEBUG main            d.u.i.k.p.i.AbstractProblemLoader Environment load took 461.63ns 
31841      INFO  main            d.u.i.k.p.i.AbstractProblemLoader Creating init config 
34817      DEBUG main            d.u.i.k.p.i.AbstractProblemLoader Init config took 2.98s 
34846      INFO  main            d.u.i.k.p.i.AbstractProblemLoader Replaying proof successiveCreatedObjectsAreDistinct.key.proof 
34902      DEBUG main            d.u.i.k.p.i.IntermediateProofReplayer Proof replay took 53.04ms 
34903      DEBUG main            d.u.i.k.p.r.p.TestFile    ... success: reloaded. 
34904      INFO  main            d.u.i.k.p.r.p.TestFile    Now processing file /home/runner/work/key/key/key.core/../key.ui/examples/standard_key/instanceCreation/testOverloadingConstructors.key 
34904      INFO  main            d.u.i.k.p.i.AbstractProblemLoader Loading environment from /home/runner/work/key/key/key.core/../key.ui/examples/standard_key/instanceCreation/testOverloadingConstructors.key 
34905      DEBUG main            d.u.i.k.p.i.AbstractProblemLoader Environment load took 216.41ns 
34906      INFO  main            d.u.i.k.p.i.AbstractProblemLoader Creating init config 
37902      DEBUG main            d.u.i.k.p.i.AbstractProblemLoader Init config took 3s 
37927      INFO  main            d.u.i.k.p.i.AbstractProblemLoader Replaying proof testOverloadingConstructors.key 
37929      DEBUG main            d.u.i.k.p.i.IntermediateProofReplayer Proof replay took 7ns 
38234      INFO  main            d.u.i.k.p.r.p.TestFile    ... finished proof: closed. 
38430      INFO  main            d.u.i.k.p.i.AbstractProblemLoader Loading environment from /home/runner/work/key/key/key.core/../key.ui/examples/standard_key/instanceCreation/testOverloadingConstructors.key.proof 
38430      DEBUG main            d.u.i.k.p.i.AbstractProblemLoader Environment load took 393.23ns 
38432      INFO  main            d.u.i.k.p.i.AbstractProblemLoader Creating init config 
41349      DEBUG main            d.u.i.k.p.i.AbstractProblemLoader Init config took 2.92s 
41373      INFO  main            d.u.i.k.p.i.AbstractProblemLoader Replaying proof testOverloadingConstructors.key.proof 
41434      DEBUG main            d.u.i.k.p.i.IntermediateProofReplayer Proof replay took 57.75ms 
41435      DEBUG main            d.u.i.k.p.r.p.TestFile    ... success: reloaded. 
41436      INFO  main            d.u.i.k.p.r.p.TestFile    Now processing file /home/runner/work/key/key/key.core/../key.ui/examples/standard_key/java_dl/SimpleAttributes.key 
41436      INFO  main            d.u.i.k.p.i.AbstractProblemLoader Loading environment from /home/runner/work/key/key/key.core/../key.ui/examples/standard_key/java_dl/SimpleAttributes.key 
41437      DEBUG main            d.u.i.k.p.i.AbstractProblemLoader Environment load took 267.62ns 
41438      INFO  main            d.u.i.k.p.i.AbstractProblemLoader Creating init config 
44363      DEBUG main            d.u.i.k.p.i.AbstractProblemLoader Init config took 2.92s 
44386      INFO  main            d.u.i.k.p.i.AbstractProblemLoader Replaying proof SimpleAttributes.key 
44388      DEBUG main            d.u.i.k.p.i.IntermediateProofReplayer Proof replay took 8.1ns 
44492      INFO  main            d.u.i.k.p.r.p.TestFile    ... finished proof: closed. 
44686      INFO  main            d.u.i.k.p.i.AbstractProblemLoader Loading environment from /home/runner/work/key/key/key.core/../key.ui/examples/standard_key/java_dl/SimpleAttributes.key.proof 
44687      DEBUG main            d.u.i.k.p.i.AbstractProblemLoader Environment load took 128.71ns 
44688      INFO  main            d.u.i.k.p.i.AbstractProblemLoader Creating init config 
47549      DEBUG main            d.u.i.k.p.i.AbstractProblemLoader Init config took 2.86s 
47572      INFO  main            d.u.i.k.p.i.AbstractProblemLoader Replaying proof SimpleAttributes.key.proof 
47599      DEBUG main            d.u.i.k.p.i.IntermediateProofReplayer Proof replay took 24.52ms 
47600      DEBUG main            d.u.i.k.p.r.p.TestFile    ... success: reloaded. 
47601      INFO  main            d.u.i.k.p.r.p.TestFile    Now processing file /home/runner/work/key/key/key.core/../key.ui/examples/standard_key/java_dl/arrayMax.key 
47601      INFO  main            d.u.i.k.p.i.AbstractProblemLoader Loading environment from /home/runner/work/key/key/key.core/../key.ui/examples/standard_key/java_dl/arrayMax.key 
47601      DEBUG main            d.u.i.k.p.i.AbstractProblemLoader Environment load took 89.11ns 
47603      INFO  main            d.u.i.k.p.i.AbstractProblemLoader Creating init config 
50609      DEBUG main            d.u.i.k.p.i.AbstractProblemLoader Init config took 3.01s 
50631      INFO  main            d.u.i.k.p.i.AbstractProblemLoader Replaying proof arrayMax.key 
50633      DEBUG main            d.u.i.k.p.i.IntermediateProofReplayer Proof replay took 6.5ns 
52045      INFO  main            d.u.i.k.p.r.p.TestFile    ... finished proof: closed. 
52331      INFO  main            d.u.i.k.p.i.AbstractProblemLoader Loading environment from /home/runner/work/key/key/key.core/../key.ui/examples/standard_key/java_dl/arrayMax.key.proof 
52334      DEBUG main            d.u.i.k.p.i.AbstractProblemLoader Environment load took 3.31ms 
52336      INFO  main            d.u.i.k.p.i.AbstractProblemLoader Creating init config 
55224      DEBUG main            d.u.i.k.p.i.AbstractProblemLoader Init config took 2.89s 
55246      INFO  main            d.u.i.k.p.i.AbstractProblemLoader Replaying proof arrayMax.key.proof 
55534      DEBUG main            d.u.i.k.p.i.IntermediateProofReplayer Proof replay took 281.53ms 
55536      DEBUG main            d.u.i.k.p.r.p.TestFile    ... success: reloaded. 
55537      INFO  main            d.u.i.k.p.r.p.TestFile    Now processing file /home/runner/work/key/key/key.core/../key.ui/examples/standard_key/java_dl/arrayUpdateSimp.key 
55537      INFO  main            d.u.i.k.p.i.AbstractProblemLoader Loading environment from /home/runner/work/key/key/key.core/../key.ui/examples/standard_key/java_dl/arrayUpdateSimp.key 
55537      DEBUG main            d.u.i.k.p.i.AbstractProblemLoader Environment load took 121.81ns 
55540      INFO  main            d.u.i.k.p.i.AbstractProblemLoader Creating init config 
55569      WARN  main            d.u.i.k.j.r.KeYCrossReferenceNameInfo Datatype java.io.InputStream declared twice: Once in FILE:/home/runner/work/key/key/key.core/../key.ui/examples/standard_key/java_dl/./classpath/InputStream.java and once in URL:file:/home/runner/work/key/key/key.core/build/resources/main/de/uka/ilkd/key/java/JavaRedux/java/io/InputStream.java, Keeping one from URL:file:/home/runner/work/key/key/key.core/build/resources/main/de/uka/ilkd/key/java/JavaRedux/java/io/InputStream.java 
55570      WARN  main            d.u.i.k.j.r.KeYCrossReferenceNameInfo Datatype java.lang.System declared twice: Once in FILE:/home/runner/work/key/key/key.core/../key.ui/examples/standard_key/java_dl/./classpath/System.java and once in URL:file:/home/runner/work/key/key/key.core/build/resources/main/de/uka/ilkd/key/java/JavaRedux/java/lang/System.java, Keeping one from URL:file:/home/runner/work/key/key/key.core/build/resources/main/de/uka/ilkd/key/java/JavaRedux/java/lang/System.java 
55570      WARN  main            d.u.i.k.j.r.KeYCrossReferenceNameInfo Datatype java.io.PrintStream declared twice: Once in FILE:/home/runner/work/key/key/key.core/../key.ui/examples/standard_key/java_dl/./classpath/PrintStream.java and once in URL:file:/home/runner/work/key/key/key.core/build/resources/main/de/uka/ilkd/key/java/JavaRedux/java/io/PrintStream.java, Keeping one from URL:file:/home/runner/work/key/key/key.core/build/resources/main/de/uka/ilkd/key/java/JavaRedux/java/io/PrintStream.java 
55577      DEBUG main            d.u.i.k.j.r.ClassFileDeclarationBuilder Parsing: package java.io; public class Closeable { } 
55578      DEBUG main            r.s.KeYCrossReferenceSourceInfo Dynamically created class: java.io.Closeable 
58523      DEBUG main            d.u.i.k.p.i.AbstractProblemLoader Init config took 2.98s 
58546      INFO  main            d.u.i.k.p.i.AbstractProblemLoader Replaying proof arrayUpdateSimp.key 
58548      DEBUG main            d.u.i.k.p.i.IntermediateProofReplayer Proof replay took 6.9ns 
58651      INFO  main            d.u.i.k.p.r.p.TestFile    ... finished proof: closed. 
58902      INFO  main            d.u.i.k.p.i.AbstractProblemLoader Loading environment from /home/runner/work/key/key/key.core/../key.ui/examples/standard_key/java_dl/arrayUpdateSimp.key.proof 
58902      DEBUG main            d.u.i.k.p.i.AbstractProblemLoader Environment load took 130.31ns 
58908      INFO  main            d.u.i.k.p.i.AbstractProblemLoader Creating init config 
58936      WARN  main            d.u.i.k.j.r.KeYCrossReferenceNameInfo Datatype java.io.InputStream declared twice: Once in FILE:/home/runner/work/key/key/key.core/../key.ui/examples/standard_key/java_dl/classpath/InputStream.java and once in URL:file:/home/runner/work/key/key/key.core/build/resources/main/de/uka/ilkd/key/java/JavaRedux/java/io/InputStream.java, Keeping one from URL:file:/home/runner/work/key/key/key.core/build/resources/main/de/uka/ilkd/key/java/JavaRedux/java/io/InputStream.java 
58937      WARN  main            d.u.i.k.j.r.KeYCrossReferenceNameInfo Datatype java.lang.System declared twice: Once in FILE:/home/runner/work/key/key/key.core/../key.ui/examples/standard_key/java_dl/classpath/System.java and once in URL:file:/home/runner/work/key/key/key.core/build/resources/main/de/uka/ilkd/key/java/JavaRedux/java/lang/System.java, Keeping one from URL:file:/home/runner/work/key/key/key.core/build/resources/main/de/uka/ilkd/key/java/JavaRedux/java/lang/System.java 
58937      WARN  main            d.u.i.k.j.r.KeYCrossReferenceNameInfo Datatype java.io.PrintStream declared twice: Once in FILE:/home/runner/work/key/key/key.core/../key.ui/examples/standard_key/java_dl/classpath/PrintStream.java and once in URL:file:/home/runner/work/key/key/key.core/build/resources/main/de/uka/ilkd/key/java/JavaRedux/java/io/PrintStream.java, Keeping one from URL:file:/home/runner/work/key/key/key.core/build/resources/main/de/uka/ilkd/key/java/JavaRedux/java/io/PrintStream.java 
58942      DEBUG main            d.u.i.k.j.r.ClassFileDeclarationBuilder Parsing: package java.io; public class Closeable { } 
58942      DEBUG main            r.s.KeYCrossReferenceSourceInfo Dynamically created class: java.io.Closeable 
61839      DEBUG main            d.u.i.k.p.i.AbstractProblemLoader Init config took 2.93s 
61861      INFO  main            d.u.i.k.p.i.AbstractProblemLoader Replaying proof arrayUpdateSimp.key.proof 
61863      DEBUG main            d.u.i.k.p.i.IntermediateProofReplayer Proof replay took 573.14ns 
61865      DEBUG main            d.u.i.k.p.r.p.TestFile    ... success: reloaded. 
61866      INFO  main            d.u.i.k.p.r.p.TestFile    Now processing file /home/runner/work/key/key/key.core/../key.ui/examples/standard_key/java_dl/attributes.key 
61867      INFO  main            d.u.i.k.p.i.AbstractProblemLoader Loading environment from /home/runner/work/key/key/key.core/../key.ui/examples/standard_key/java_dl/attributes.key 
61867      DEBUG main            d.u.i.k.p.i.AbstractProblemLoader Environment load took 256.32ns 
61868      INFO  main            d.u.i.k.p.i.AbstractProblemLoader Creating init config 
64785      DEBUG main            d.u.i.k.p.i.AbstractProblemLoader Init config took 2.92s 
64806      INFO  main            d.u.i.k.p.i.AbstractProblemLoader Replaying proof attributes.key 
64808      DEBUG main            d.u.i.k.p.i.IntermediateProofReplayer Proof replay took 7.5ns 
65011      INFO  main            d.u.i.k.p.r.p.TestFile    ... finished proof: closed. 
65283      INFO  main            d.u.i.k.p.i.AbstractProblemLoader Loading environment from /home/runner/work/key/key/key.core/../key.ui/examples/standard_key/java_dl/attributes.key.proof 
65284      DEBUG main            d.u.i.k.p.i.AbstractProblemLoader Environment load took 197.41ns 
65286      INFO  main            d.u.i.k.p.i.AbstractProblemLoader Creating init config 
68140      DEBUG main            d.u.i.k.p.i.AbstractProblemLoader Init config took 2.85s 
68172      INFO  main            d.u.i.k.p.i.AbstractProblemLoader Replaying proof attributes.key.proof 
68213      DEBUG main            d.u.i.k.p.i.IntermediateProofReplayer Proof replay took 38.37ms 
68215      DEBUG main            d.u.i.k.p.r.p.TestFile    ... success: reloaded. 
68216      INFO  main            d.u.i.k.p.r.p.TestFile    Now processing file /home/runner/work/key/key/key.core/../key.ui/examples/standard_key/java_dl/break.key 
68216      INFO  main            d.u.i.k.p.i.AbstractProblemLoader Loading environment from /home/runner/work/key/key/key.core/../key.ui/examples/standard_key/java_dl/break.key 
68216      DEBUG main            d.u.i.k.p.i.AbstractProblemLoader Environment load took 226.21ns 
68218      INFO  main            d.u.i.k.p.i.AbstractProblemLoader Creating init config 
68244      WARN  main            d.u.i.k.j.r.KeYCrossReferenceNameInfo Datatype java.io.InputStream declared twice: Once in FILE:/home/runner/work/key/key/key.core/../key.ui/examples/standard_key/java_dl/classpath/InputStream.java and once in URL:file:/home/runner/work/key/key/key.core/build/resources/main/de/uka/ilkd/key/java/JavaRedux/java/io/InputStream.java, Keeping one from URL:file:/home/runner/work/key/key/key.core/build/resources/main/de/uka/ilkd/key/java/JavaRedux/java/io/InputStream.java 
68244      WARN  main            d.u.i.k.j.r.KeYCrossReferenceNameInfo Datatype java.lang.System declared twice: Once in FILE:/home/runner/work/key/key/key.core/../key.ui/examples/standard_key/java_dl/classpath/System.java and once in URL:file:/home/runner/work/key/key/key.core/build/resources/main/de/uka/ilkd/key/java/JavaRedux/java/lang/System.java, Keeping one from URL:file:/home/runner/work/key/key/key.core/build/resources/main/de/uka/ilkd/key/java/JavaRedux/java/lang/System.java 
68245      WARN  main            d.u.i.k.j.r.KeYCrossReferenceNameInfo Datatype java.io.PrintStream declared twice: Once in FILE:/home/runner/work/key/key/key.core/../key.ui/examples/standard_key/java_dl/classpath/PrintStream.java and once in URL:file:/home/runner/work/key/key/key.core/build/resources/main/de/uka/ilkd/key/java/JavaRedux/java/io/PrintStream.java, Keeping one from URL:file:/home/runner/work/key/key/key.core/build/resources/main/de/uka/ilkd/key/java/JavaRedux/java/io/PrintStream.java 
68249      DEBUG main            d.u.i.k.j.r.ClassFileDeclarationBuilder Parsing: package java.io; public class Closeable { } 
68263      DEBUG main            r.s.KeYCrossReferenceSourceInfo Dynamically created class: java.io.Closeable 
71095      DEBUG main            d.u.i.k.p.i.AbstractProblemLoader Init config took 2.88s 
71113      INFO  main            d.u.i.k.p.i.AbstractProblemLoader Replaying proof break.key 
71115      DEBUG main            d.u.i.k.p.i.IntermediateProofReplayer Proof replay took 7.7ns 
71217      INFO  main            d.u.i.k.p.r.p.TestFile    ... finished proof: closed. 
71432      INFO  main            d.u.i.k.p.i.AbstractProblemLoader Loading environment from /home/runner/work/key/key/key.core/../key.ui/examples/standard_key/java_dl/break.key.proof 
71432      DEBUG main            d.u.i.k.p.i.AbstractProblemLoader Environment load took 126.11ns 
71433      INFO  main            d.u.i.k.p.i.AbstractProblemLoader Creating init config 
71482      WARN  main            d.u.i.k.j.r.KeYCrossReferenceNameInfo Datatype java.io.InputStream declared twice: Once in FILE:/home/runner/work/key/key/key.core/../key.ui/examples/standard_key/java_dl/classpath/InputStream.java and once in URL:file:/home/runner/work/key/key/key.core/build/resources/main/de/uka/ilkd/key/java/JavaRedux/java/io/InputStream.java, Keeping one from URL:file:/home/runner/work/key/key/key.core/build/resources/main/de/uka/ilkd/key/java/JavaRedux/java/io/InputStream.java 
71482      WARN  main            d.u.i.k.j.r.KeYCrossReferenceNameInfo Datatype java.lang.System declared twice: Once in FILE:/home/runner/work/key/key/key.core/../key.ui/examples/standard_key/java_dl/classpath/System.java and once in URL:file:/home/runner/work/key/key/key.core/build/resources/main/de/uka/ilkd/key/java/JavaRedux/java/lang/System.java, Keeping one from URL:file:/home/runner/work/key/key/key.core/build/resources/main/de/uka/ilkd/key/java/JavaRedux/java/lang/System.java 
71482      WARN  main            d.u.i.k.j.r.KeYCrossReferenceNameInfo Datatype java.io.PrintStream declared twice: Once in FILE:/home/runner/work/key/key/key.core/../key.ui/examples/standard_key/java_dl/classpath/PrintStream.java and once in URL:file:/home/runner/work/key/key/key.core/build/resources/main/de/uka/ilkd/key/java/JavaRedux/java/io/PrintStream.java, Keeping one from URL:file:/home/runner/work/key/key/key.core/build/resources/main/de/uka/ilkd/key/java/JavaRedux/java/io/PrintStream.java 
71486      DEBUG main            d.u.i.k.j.r.ClassFileDeclarationBuilder Parsing: package java.io; public class Closeable { } 
71487      DEBUG main            r.s.KeYCrossReferenceSourceInfo Dynamically created class: java.io.Closeable 
74279      DEBUG main            d.u.i.k.p.i.AbstractProblemLoader Init config took 2.85s 
74298      INFO  main            d.u.i.k.p.i.AbstractProblemLoader Replaying proof break.key.proof 
74308      DEBUG main            d.u.i.k.p.i.IntermediateProofReplayer Proof replay took 8.05ms 
74310      DEBUG main            d.u.i.k.p.r.p.TestFile    ... success: reloaded. 
74311      INFO  main            d.u.i.k.p.r.p.TestFile    Now processing file /home/runner/work/key/key/key.core/../key.ui/examples/standard_key/java_dl/char.key 
74311      INFO  main            d.u.i.k.p.i.AbstractProblemLoader Loading environment from /home/runner/work/key/key/key.core/../key.ui/examples/standard_key/java_dl/char.key 
74312      DEBUG main            d.u.i.k.p.i.AbstractProblemLoader Environment load took 206.91ns 
74313      INFO  main            d.u.i.k.p.i.AbstractProblemLoader Creating init config 
77126      DEBUG main            d.u.i.k.p.i.AbstractProblemLoader Init config took 2.81s 
77145      INFO  main            d.u.i.k.p.i.AbstractProblemLoader Replaying proof char.key 
77155      DEBUG main            d.u.i.k.p.i.IntermediateProofReplayer Proof replay took 6.9ns 
77268      INFO  main            d.u.i.k.p.r.p.TestFile    ... finished proof: closed. 
77493      INFO  main            d.u.i.k.p.i.AbstractProblemLoader Loading environment from /home/runner/work/key/key/key.core/../key.ui/examples/standard_key/java_dl/char.key.proof 
77493      DEBUG main            d.u.i.k.p.i.AbstractProblemLoader Environment load took 133.41ns 
77494      INFO  main            d.u.i.k.p.i.AbstractProblemLoader Creating init config 
80285      DEBUG main            d.u.i.k.p.i.AbstractProblemLoader Init config took 2.79s 
80304      INFO  main            d.u.i.k.p.i.AbstractProblemLoader Replaying proof char.key.proof 
80308      DEBUG main            d.u.i.k.p.i.IntermediateProofReplayer Proof replay took 2.95ms 
80309      DEBUG main            d.u.i.k.p.r.p.TestFile    ... success: reloaded. 
80310      INFO  main            d.u.i.k.p.r.p.TestFile    Now processing file /home/runner/work/key/key/key.core/../key.ui/examples/standard_key/java_dl/compileTimeConstants.key 
80310      INFO  main            d.u.i.k.p.i.AbstractProblemLoader Loading environment from /home/runner/work/key/key/key.core/../key.ui/examples/standard_key/java_dl/compileTimeConstants.key 
80310      DEBUG main            d.u.i.k.p.i.AbstractProblemLoader Environment load took 177.31ns 
80312      INFO  main            d.u.i.k.p.i.AbstractProblemLoader Creating init config 
83171      DEBUG main            d.u.i.k.p.i.AbstractProblemLoader Init config took 2.86s 
83190      INFO  main            d.u.i.k.p.i.AbstractProblemLoader Replaying proof compileTimeConstants.key 
83191      DEBUG main            d.u.i.k.p.i.IntermediateProofReplayer Proof replay took 7.9ns 
83294      INFO  main            d.u.i.k.p.r.p.TestFile    ... finished proof: closed. 
83527      INFO  main            d.u.i.k.p.i.AbstractProblemLoader Loading environment from /home/runner/work/key/key/key.core/../key.ui/examples/standard_key/java_dl/compileTimeConstants.key.proof 
83527      DEBUG main            d.u.i.k.p.i.AbstractProblemLoader Environment load took 128.21ns 
83529      INFO  main            d.u.i.k.p.i.AbstractProblemLoader Creating init config 
86321      DEBUG main            d.u.i.k.p.i.AbstractProblemLoader Init config took 2.79s 
86338      INFO  main            d.u.i.k.p.i.AbstractProblemLoader Replaying proof compileTimeConstants.key.proof 
86352      DEBUG main            d.u.i.k.p.i.IntermediateProofReplayer Proof replay took 12.34ms 
86353      DEBUG main            d.u.i.k.p.r.p.TestFile    ... success: reloaded. 
86354      INFO  main            d.u.i.k.p.r.p.TestFile    Now processing file /home/runner/work/key/key/key.core/../key.ui/examples/standard_key/java_dl/constructorException/test.key 
86354      INFO  main            d.u.i.k.p.i.AbstractProblemLoader Loading environment from /home/runner/work/key/key/key.core/../key.ui/examples/standard_key/java_dl/constructorException/test.key 
86354      DEBUG main            d.u.i.k.p.i.AbstractProblemLoader Environment load took 116.71ns 
86355      INFO  main            d.u.i.k.p.i.AbstractProblemLoader Creating init config 
89304      DEBUG main            d.u.i.k.p.i.AbstractProblemLoader Init config took 2.95s 
89366      INFO  main            d.u.i.k.p.i.AbstractProblemLoader Replaying proof Test[Test::Test(int)].JML operation contract.0 
89367      DEBUG main            d.u.i.k.p.i.IntermediateProofReplayer Proof replay took 6.6ns 
89572      INFO  main            d.u.i.k.p.r.p.TestFile    ... finished proof: closed. 
89872      INFO  main            d.u.i.k.p.i.AbstractProblemLoader Loading environment from /home/runner/work/key/key/key.core/../key.ui/examples/standard_key/java_dl/constructorException/test.key.proof 
89872      DEBUG main            d.u.i.k.p.i.AbstractProblemLoader Environment load took 126.91ns 
89873      INFO  main            d.u.i.k.p.i.AbstractProblemLoader Creating init config 
92625      DEBUG main            d.u.i.k.p.i.AbstractProblemLoader Init config took 2.75s 
92670      INFO  main            d.u.i.k.p.i.AbstractProblemLoader Replaying proof Test[Test::Test(int)].JML operation contract.0 
92727      DEBUG main            d.u.i.k.p.i.IntermediateProofReplayer Proof replay took 54.68ms 
92729      DEBUG main            d.u.i.k.p.r.p.TestFile    ... success: reloaded. 
92730      INFO  main            d.u.i.k.p.r.p.TestFile    Now processing file /home/runner/work/key/key/key.core/../key.ui/examples/standard_key/java_dl/constructorException/regressionTestBug1333.key 
92730      INFO  main            d.u.i.k.p.i.AbstractProblemLoader Loading environment from /home/runner/work/key/key/key.core/../key.ui/examples/standard_key/java_dl/constructorException/regressionTestBug1333.key 
92730      DEBUG main            d.u.i.k.p.i.AbstractProblemLoader Environment load took 212.31ns 
92731      INFO  main            d.u.i.k.p.i.AbstractProblemLoader Creating init config 
95648      DEBUG main            d.u.i.k.p.i.AbstractProblemLoader Init config took 2.92s 
95699      INFO  main            d.u.i.k.p.i.AbstractProblemLoader Replaying proof False[False::False()].JML normal_behavior operation contract.0 
95703      DEBUG main            d.u.i.k.p.i.IntermediateProofReplayer Proof replay took 6.7ns 
95808      INFO  main            d.u.i.k.p.r.p.TestFile    ... finished proof: open goal(s) 
96049      INFO  main            d.u.i.k.p.r.p.TestFile    Now processing file /home/runner/work/key/key/key.core/../key.ui/examples/standard_key/java_dl/continue1.key 
96050      INFO  main            d.u.i.k.p.i.AbstractProblemLoader Loading environment from /home/runner/work/key/key/key.core/../key.ui/examples/standard_key/java_dl/continue1.key 
96050      DEBUG main            d.u.i.k.p.i.AbstractProblemLoader Environment load took 67.2ns 
96051      INFO  main            d.u.i.k.p.i.AbstractProblemLoader Creating init config 
96078      WARN  main            d.u.i.k.j.r.KeYCrossReferenceNameInfo Datatype java.io.InputStream declared twice: Once in FILE:/home/runner/work/key/key/key.core/../key.ui/examples/standard_key/java_dl/classpath/InputStream.java and once in URL:file:/home/runner/work/key/key/key.core/build/resources/main/de/uka/ilkd/key/java/JavaRedux/java/io/InputStream.java, Keeping one from URL:file:/home/runner/work/key/key/key.core/build/resources/main/de/uka/ilkd/key/java/JavaRedux/java/io/InputStream.java 
96078      WARN  main            d.u.i.k.j.r.KeYCrossReferenceNameInfo Datatype java.lang.System declared twice: Once in FILE:/home/runner/work/key/key/key.core/../key.ui/examples/standard_key/java_dl/classpath/System.java and once in URL:file:/home/runner/work/key/key/key.core/build/resources/main/de/uka/ilkd/key/java/JavaRedux/java/lang/System.java, Keeping one from URL:file:/home/runner/work/key/key/key.core/build/resources/main/de/uka/ilkd/key/java/JavaRedux/java/lang/System.java 
96078      WARN  main            d.u.i.k.j.r.KeYCrossReferenceNameInfo Datatype java.io.PrintStream declared twice: Once in FILE:/home/runner/work/key/key/key.core/../key.ui/examples/standard_key/java_dl/classpath/PrintStream.java and once in URL:file:/home/runner/work/key/key/key.core/build/resources/main/de/uka/ilkd/key/java/JavaRedux/java/io/PrintStream.java, Keeping one from URL:file:/home/runner/work/key/key/key.core/build/resources/main/de/uka/ilkd/key/java/JavaRedux/java/io/PrintStream.java 
96087      DEBUG main            d.u.i.k.j.r.ClassFileDeclarationBuilder Parsing: package java.io; public class Closeable { } 
96088      DEBUG main            r.s.KeYCrossReferenceSourceInfo Dynamically created class: java.io.Closeable 
98908      DEBUG main            d.u.i.k.p.i.AbstractProblemLoader Init config took 2.86s 
98925      INFO  main            d.u.i.k.p.i.AbstractProblemLoader Replaying proof continue1.key 
98927      DEBUG main            d.u.i.k.p.i.IntermediateProofReplayer Proof replay took 6.9ns 
99035      INFO  main            d.u.i.k.p.r.p.TestFile    ... finished proof: closed. 
99272      INFO  main            d.u.i.k.p.i.AbstractProblemLoader Loading environment from /home/runner/work/key/key/key.core/../key.ui/examples/standard_key/java_dl/continue1.key.proof 
99273      DEBUG main            d.u.i.k.p.i.AbstractProblemLoader Environment load took 130.81ns 
99274      INFO  main            d.u.i.k.p.i.AbstractProblemLoader Creating init config 
99299      WARN  main            d.u.i.k.j.r.KeYCrossReferenceNameInfo Datatype java.io.InputStream declared twice: Once in FILE:/home/runner/work/key/key/key.core/../key.ui/examples/standard_key/java_dl/classpath/InputStream.java and once in URL:file:/home/runner/work/key/key/key.core/build/resources/main/de/uka/ilkd/key/java/JavaRedux/java/io/InputStream.java, Keeping one from URL:file:/home/runner/work/key/key/key.core/build/resources/main/de/uka/ilkd/key/java/JavaRedux/java/io/InputStream.java 
99300      WARN  main            d.u.i.k.j.r.KeYCrossReferenceNameInfo Datatype java.lang.System declared twice: Once in FILE:/home/runner/work/key/key/key.core/../key.ui/examples/standard_key/java_dl/classpath/System.java and once in URL:file:/home/runner/work/key/key/key.core/build/resources/main/de/uka/ilkd/key/java/JavaRedux/java/lang/System.java, Keeping one from URL:file:/home/runner/work/key/key/key.core/build/resources/main/de/uka/ilkd/key/java/JavaRedux/java/lang/System.java 
99300      WARN  main            d.u.i.k.j.r.KeYCrossReferenceNameInfo Datatype java.io.PrintStream declared twice: Once in FILE:/home/runner/work/key/key/key.core/../key.ui/examples/standard_key/java_dl/classpath/PrintStream.java and once in URL:file:/home/runner/work/key/key/key.core/build/resources/main/de/uka/ilkd/key/java/JavaRedux/java/io/PrintStream.java, Keeping one from URL:file:/home/runner/work/key/key/key.core/build/resources/main/de/uka/ilkd/key/java/JavaRedux/java/io/PrintStream.java 
99304      DEBUG main            d.u.i.k.j.r.ClassFileDeclarationBuilder Parsing: package java.io; public class Closeable { } 
99304      DEBUG main            r.s.KeYCrossReferenceSourceInfo Dynamically created class: java.io.Closeable 
102040     DEBUG main            d.u.i.k.p.i.AbstractProblemLoader Init config took 2.77s 
102057     INFO  main            d.u.i.k.p.i.AbstractProblemLoader Replaying proof continue1.key.proof 
102107     DEBUG main            d.u.i.k.p.i.IntermediateProofReplayer Proof replay took 46.68ms 
102110     DEBUG main            d.u.i.k.p.r.p.TestFile    ... success: reloaded. 
102114     INFO  main            d.u.i.k.p.r.p.TestFile    Now processing file /home/runner/work/key/key/key.core/../key.ui/examples/standard_key/java_dl/continue2.key 
102116     INFO  main            d.u.i.k.p.i.AbstractProblemLoader Loading environment from /home/runner/work/key/key/key.core/../key.ui/examples/standard_key/java_dl/continue2.key 
102117     DEBUG main            d.u.i.k.p.i.AbstractProblemLoader Environment load took 883.25ns 
102125     INFO  main            d.u.i.k.p.i.AbstractProblemLoader Creating init config 
102169     WARN  main            d.u.i.k.j.r.KeYCrossReferenceNameInfo Datatype java.io.InputStream declared twice: Once in FILE:/home/runner/work/key/key/key.core/../key.ui/examples/standard_key/java_dl/classpath/InputStream.java and once in URL:file:/home/runner/work/key/key/key.core/build/resources/main/de/uka/ilkd/key/java/JavaRedux/java/io/InputStream.java, Keeping one from URL:file:/home/runner/work/key/key/key.core/build/resources/main/de/uka/ilkd/key/java/JavaRedux/java/io/InputStream.java 
102170     WARN  main            d.u.i.k.j.r.KeYCrossReferenceNameInfo Datatype java.lang.System declared twice: Once in FILE:/home/runner/work/key/key/key.core/../key.ui/examples/standard_key/java_dl/classpath/System.java and once in URL:file:/home/runner/work/key/key/key.core/build/resources/main/de/uka/ilkd/key/java/JavaRedux/java/lang/System.java, Keeping one from URL:file:/home/runner/work/key/key/key.core/build/resources/main/de/uka/ilkd/key/java/JavaRedux/java/lang/System.java 
102170     WARN  main            d.u.i.k.j.r.KeYCrossReferenceNameInfo Datatype java.io.PrintStream declared twice: Once in FILE:/home/runner/work/key/key/key.core/../key.ui/examples/standard_key/java_dl/classpath/PrintStream.java and once in URL:file:/home/runner/work/key/key/key.core/build/resources/main/de/uka/ilkd/key/java/JavaRedux/java/io/PrintStream.java, Keeping one from URL:file:/home/runner/work/key/key/key.core/build/resources/main/de/uka/ilkd/key/java/JavaRedux/java/io/PrintStream.java 
102174     DEBUG main            d.u.i.k.j.r.ClassFileDeclarationBuilder Parsing: package java.io; public class Closeable { } 
102174     DEBUG main            r.s.KeYCrossReferenceSourceInfo Dynamically created class: java.io.Closeable 
104950     DEBUG main            d.u.i.k.p.i.AbstractProblemLoader Init config took 2.82s 
104968     INFO  main            d.u.i.k.p.i.AbstractProblemLoader Replaying proof continue2.key 
104974     DEBUG main            d.u.i.k.p.i.IntermediateProofReplayer Proof replay took 7.7ns 
105277     INFO  main            d.u.i.k.p.r.p.TestFile    ... finished proof: closed. 
105543     INFO  main            d.u.i.k.p.i.AbstractProblemLoader Loading environment from /home/runner/work/key/key/key.core/../key.ui/examples/standard_key/java_dl/continue2.key.proof 
105543     DEBUG main            d.u.i.k.p.i.AbstractProblemLoader Environment load took 125.71ns 
105544     INFO  main            d.u.i.k.p.i.AbstractProblemLoader Creating init config 
105569     WARN  main            d.u.i.k.j.r.KeYCrossReferenceNameInfo Datatype java.io.InputStream declared twice: Once in FILE:/home/runner/work/key/key/key.core/../key.ui/examples/standard_key/java_dl/classpath/InputStream.java and once in URL:file:/home/runner/work/key/key/key.core/build/resources/main/de/uka/ilkd/key/java/JavaRedux/java/io/InputStream.java, Keeping one from URL:file:/home/runner/work/key/key/key.core/build/resources/main/de/uka/ilkd/key/java/JavaRedux/java/io/InputStream.java 
105569     WARN  main            d.u.i.k.j.r.KeYCrossReferenceNameInfo Datatype java.lang.System declared twice: Once in FILE:/home/runner/work/key/key/key.core/../key.ui/examples/standard_key/java_dl/classpath/System.java and once in URL:file:/home/runner/work/key/key/key.core/build/resources/main/de/uka/ilkd/key/java/JavaRedux/java/lang/System.java, Keeping one from URL:file:/home/runner/work/key/key/key.core/build/resources/main/de/uka/ilkd/key/java/JavaRedux/java/lang/System.java 
105570     WARN  main            d.u.i.k.j.r.KeYCrossReferenceNameInfo Datatype java.io.PrintStream declared twice: Once in FILE:/home/runner/work/key/key/key.core/../key.ui/examples/standard_key/java_dl/classpath/PrintStream.java and once in URL:file:/home/runner/work/key/key/key.core/build/resources/main/de/uka/ilkd/key/java/JavaRedux/java/io/PrintStream.java, Keeping one from URL:file:/home/runner/work/key/key/key.core/build/resources/main/de/uka/ilkd/key/java/JavaRedux/java/io/PrintStream.java 
105574     DEBUG main            d.u.i.k.j.r.ClassFileDeclarationBuilder Parsing: package java.io; public class Closeable { } 
105574     DEBUG main            r.s.KeYCrossReferenceSourceInfo Dynamically created class: java.io.Closeable 
108345     DEBUG main            d.u.i.k.p.i.AbstractProblemLoader Init config took 2.8s 
108364     INFO  main            d.u.i.k.p.i.AbstractProblemLoader Replaying proof continue2.key.proof 
108454     DEBUG main            d.u.i.k.p.i.IntermediateProofReplayer Proof replay took 86.78ms 
108455     DEBUG main            d.u.i.k.p.r.p.TestFile    ... success: reloaded. 
108457     INFO  main            d.u.i.k.p.r.p.TestFile    Now processing file /home/runner/work/key/key/key.core/../key.ui/examples/standard_key/java_dl/complexAssignment.key 
108457     INFO  main            d.u.i.k.p.i.AbstractProblemLoader Loading environment from /home/runner/work/key/key/key.core/../key.ui/examples/standard_key/java_dl/complexAssignment.key 
108457     DEBUG main            d.u.i.k.p.i.AbstractProblemLoader Environment load took 126.81ns 
108458     INFO  main            d.u.i.k.p.i.AbstractProblemLoader Creating init config 
111251     DEBUG main            d.u.i.k.p.i.AbstractProblemLoader Init config took 2.79s 
111269     INFO  main            d.u.i.k.p.i.AbstractProblemLoader Replaying proof complexAssignment.key 
111271     DEBUG main            d.u.i.k.p.i.IntermediateProofReplayer Proof replay took 8.1ns 
111373     INFO  main            d.u.i.k.p.r.p.TestFile    ... finished proof: closed. 
111644     INFO  main            d.u.i.k.p.i.AbstractProblemLoader Loading environment from /home/runner/work/key/key/key.core/../key.ui/examples/standard_key/java_dl/complexAssignment.key.proof 
111644     DEBUG main            d.u.i.k.p.i.AbstractProblemLoader Environment load took 125.21ns 
111645     INFO  main            d.u.i.k.p.i.AbstractProblemLoader Creating init config 
114397     DEBUG main            d.u.i.k.p.i.AbstractProblemLoader Init config took 2.75s 
114414     INFO  main            d.u.i.k.p.i.AbstractProblemLoader Replaying proof complexAssignment.key.proof 
114423     DEBUG main            d.u.i.k.p.i.IntermediateProofReplayer Proof replay took 7.84ms 
114424     DEBUG main            d.u.i.k.p.r.p.TestFile    ... success: reloaded. 
114425     INFO  main            d.u.i.k.p.r.p.TestFile    Now processing file /home/runner/work/key/key/key.core/../key.ui/examples/standard_key/java_dl/danglingElseSolution1.key 
114425     INFO  main            d.u.i.k.p.i.AbstractProblemLoader Loading environment from /home/runner/work/key/key/key.core/../key.ui/examples/standard_key/java_dl/danglingElseSolution1.key 
114425     DEBUG main            d.u.i.k.p.i.AbstractProblemLoader Environment load took 96.11ns 
114426     INFO  main            d.u.i.k.p.i.AbstractProblemLoader Creating init config 
117202     DEBUG main            d.u.i.k.p.i.AbstractProblemLoader Init config took 2.78s 
117218     INFO  main            d.u.i.k.p.i.AbstractProblemLoader Replaying proof danglingElseSolution1.key 
117220     DEBUG main            d.u.i.k.p.i.IntermediateProofReplayer Proof replay took 7.1ns 
117324     INFO  main            d.u.i.k.p.r.p.TestFile    ... finished proof: closed. 
117585     INFO  main            d.u.i.k.p.i.AbstractProblemLoader Loading environment from /home/runner/work/key/key/key.core/../key.ui/examples/standard_key/java_dl/danglingElseSolution1.key.proof 
117585     DEBUG main            d.u.i.k.p.i.AbstractProblemLoader Environment load took 120.01ns 
117586     INFO  main            d.u.i.k.p.i.AbstractProblemLoader Creating init config 
120257     DEBUG main            d.u.i.k.p.i.AbstractProblemLoader Init config took 2.67s 
120275     INFO  main            d.u.i.k.p.i.AbstractProblemLoader Replaying proof danglingElseSolution1.key.proof 
120287     DEBUG main            d.u.i.k.p.i.IntermediateProofReplayer Proof replay took 9.51ms 
120288     DEBUG main            d.u.i.k.p.r.p.TestFile    ... success: reloaded. 
120289     INFO  main            d.u.i.k.p.r.p.TestFile    Now processing file /home/runner/work/key/key/key.core/../key.ui/examples/standard_key/java_dl/danglingElseSolution2.key 
120289     INFO  main            d.u.i.k.p.i.AbstractProblemLoader Loading environment from /home/runner/work/key/key/key.core/../key.ui/examples/standard_key/java_dl/danglingElseSolution2.key 
120299     DEBUG main            d.u.i.k.p.i.AbstractProblemLoader Environment load took 9.69ms 
120300     INFO  main            d.u.i.k.p.i.AbstractProblemLoader Creating init config 
123119     DEBUG main            d.u.i.k.p.i.AbstractProblemLoader Init config took 2.82s 
123135     INFO  main            d.u.i.k.p.i.AbstractProblemLoader Replaying proof danglingElseSolution2.key 
123137     DEBUG main            d.u.i.k.p.i.IntermediateProofReplayer Proof replay took 7.6ns 
123239     INFO  main            d.u.i.k.p.r.p.TestFile    ... finished proof: closed. 
123509     INFO  main            d.u.i.k.p.i.AbstractProblemLoader Loading environment from /home/runner/work/key/key/key.core/../key.ui/examples/standard_key/java_dl/danglingElseSolution2.key.proof 
123509     DEBUG main            d.u.i.k.p.i.AbstractProblemLoader Environment load took 116.21ns 
123511     INFO  main            d.u.i.k.p.i.AbstractProblemLoader Creating init config 
126199     DEBUG main            d.u.i.k.p.i.AbstractProblemLoader Init config took 2.69s 
126216     INFO  main            d.u.i.k.p.i.AbstractProblemLoader Replaying proof danglingElseSolution2.key.proof 
126228     DEBUG main            d.u.i.k.p.i.IntermediateProofReplayer Proof replay took 9.68ms 
126229     DEBUG main            d.u.i.k.p.r.p.TestFile    ... success: reloaded. 
126230     INFO  main            d.u.i.k.p.r.p.TestFile    Now processing file /home/runner/work/key/key/key.core/../key.ui/examples/standard_key/java_dl/deepNonNull/deepNonNull0.key 
126230     INFO  main            d.u.i.k.p.i.AbstractProblemLoader Loading environment from /home/runner/work/key/key/key.core/../key.ui/examples/standard_key/java_dl/deepNonNull/deepNonNull0.key 
126231     DEBUG main            d.u.i.k.p.i.AbstractProblemLoader Environment load took 224.11ns 
126232     INFO  main            d.u.i.k.p.i.AbstractProblemLoader Creating init config 
129061     DEBUG main            d.u.i.k.p.i.AbstractProblemLoader Init config took 2.83s 
129108     INFO  main            d.u.i.k.p.i.AbstractProblemLoader Replaying proof Arrays[Arrays::get()].JML operation contract.0 
129109     DEBUG main            d.u.i.k.p.i.IntermediateProofReplayer Proof replay took 8.6ns 
129311     INFO  main            d.u.i.k.p.r.p.TestFile    ... finished proof: closed. 
129577     INFO  main            d.u.i.k.p.i.AbstractProblemLoader Loading environment from /home/runner/work/key/key/key.core/../key.ui/examples/standard_key/java_dl/deepNonNull/deepNonNull0.key.proof 
129578     DEBUG main            d.u.i.k.p.i.AbstractProblemLoader Environment load took 1.12ms 
129579     INFO  main            d.u.i.k.p.i.AbstractProblemLoader Creating init config 
132360     DEBUG main            d.u.i.k.p.i.AbstractProblemLoader Init config took 2.78s 
132404     INFO  main            d.u.i.k.p.i.AbstractProblemLoader Replaying proof Arrays[Arrays::get()].JML operation contract.0 
132438     DEBUG main            d.u.i.k.p.i.IntermediateProofReplayer Proof replay took 32.22ms 
132439     DEBUG main            d.u.i.k.p.r.p.TestFile    ... success: reloaded. 
132440     INFO  main            d.u.i.k.p.r.p.TestFile    Now processing file /home/runner/work/key/key/key.core/../key.ui/examples/standard_key/java_dl/deepNonNull/deepNonNull1.key 
132440     INFO  main            d.u.i.k.p.i.AbstractProblemLoader Loading environment from /home/runner/work/key/key/key.core/../key.ui/examples/standard_key/java_dl/deepNonNull/deepNonNull1.key 
132440     DEBUG main            d.u.i.k.p.i.AbstractProblemLoader Environment load took 93.41ns 
132441     INFO  main            d.u.i.k.p.i.AbstractProblemLoader Creating init config 
135256     DEBUG main            d.u.i.k.p.i.AbstractProblemLoader Init config took 2.81s 
135321     INFO  main            d.u.i.k.p.i.AbstractProblemLoader Replaying proof Arrays[Arrays::head()].JML operation contract.0 
135322     DEBUG main            d.u.i.k.p.i.IntermediateProofReplayer Proof replay took 6.5ns 
135525     INFO  main            d.u.i.k.p.r.p.TestFile    ... finished proof: closed. 
135815     INFO  main            d.u.i.k.p.i.AbstractProblemLoader Loading environment from /home/runner/work/key/key/key.core/../key.ui/examples/standard_key/java_dl/deepNonNull/deepNonNull1.key.proof 
135815     DEBUG main            d.u.i.k.p.i.AbstractProblemLoader Environment load took 150.61ns 
135816     INFO  main            d.u.i.k.p.i.AbstractProblemLoader Creating init config 
138576     DEBUG main            d.u.i.k.p.i.AbstractProblemLoader Init config took 2.76s 
138616     INFO  main            d.u.i.k.p.i.AbstractProblemLoader Replaying proof Arrays[Arrays::head()].JML operation contract.0 
138651     DEBUG main            d.u.i.k.p.i.IntermediateProofReplayer Proof replay took 32.52ms 
138652     DEBUG main            d.u.i.k.p.r.p.TestFile    ... success: reloaded. 
138652     INFO  main            d.u.i.k.p.r.p.TestFile    Now processing file /home/runner/work/key/key/key.core/../key.ui/examples/standard_key/java_dl/deepNonNull/deepNonNull2.key 
138653     INFO  main            d.u.i.k.p.i.AbstractProblemLoader Loading environment from /home/runner/work/key/key/key.core/../key.ui/examples/standard_key/java_dl/deepNonNull/deepNonNull2.key 
138653     DEBUG main            d.u.i.k.p.i.AbstractProblemLoader Environment load took 68.41ns 
138655     INFO  main            d.u.i.k.p.i.AbstractProblemLoader Creating init config 
141491     DEBUG main            d.u.i.k.p.i.AbstractProblemLoader Init config took 2.84s 
141532     INFO  main            d.u.i.k.p.i.AbstractProblemLoader Replaying proof Arrays[Arrays::unprovable(java.lang.Object)].JML operation contract.0 
141533     DEBUG main            d.u.i.k.p.i.IntermediateProofReplayer Proof replay took 8.3ns 
141637     INFO  main            d.u.i.k.p.r.p.TestFile    ... finished proof: open goal(s) 
141931     INFO  main            d.u.i.k.p.r.p.TestFile    Now processing file /home/runner/work/key/key/key.core/../key.ui/examples/standard_key/java_dl/deepNonNull/deepNonNull3.key 
141931     INFO  main            d.u.i.k.p.i.AbstractProblemLoader Loading environment from /home/runner/work/key/key/key.core/../key.ui/examples/standard_key/java_dl/deepNonNull/deepNonNull3.key 
141931     DEBUG main            d.u.i.k.p.i.AbstractProblemLoader Environment load took 62.4ns 
141932     INFO  main            d.u.i.k.p.i.AbstractProblemLoader Creating init config 
144725     DEBUG main            d.u.i.k.p.i.AbstractProblemLoader Init config took 2.79s 
144765     INFO  main            d.u.i.k.p.i.AbstractProblemLoader Replaying proof Arrays[Arrays::head([[[[Ljava.lang.Object)].JML operation contract.0 
144766     DEBUG main            d.u.i.k.p.i.IntermediateProofReplayer Proof replay took 6.9ns 
145686     INFO  main            d.u.i.k.p.r.p.TestFile    ... finished proof: closed. 
146002     INFO  main            d.u.i.k.p.i.AbstractProblemLoader Loading environment from /home/runner/work/key/key/key.core/../key.ui/examples/standard_key/java_dl/deepNonNull/deepNonNull3.key.proof 
146002     DEBUG main            d.u.i.k.p.i.AbstractProblemLoader Environment load took 142.21ns 
146004     INFO  main            d.u.i.k.p.i.AbstractProblemLoader Creating init config 
148777     DEBUG main            d.u.i.k.p.i.AbstractProblemLoader Init config took 2.77s 
148817     INFO  main            d.u.i.k.p.i.AbstractProblemLoader Replaying proof Arrays[Arrays::head([[[[Ljava.lang.Object)].JML operation contract.0 
148949     DEBUG main            d.u.i.k.p.i.IntermediateProofReplayer Proof replay took 127.25ms 
148951     DEBUG main            d.u.i.k.p.r.p.TestFile    ... success: reloaded. 
148951     INFO  main            d.u.i.k.p.r.p.TestFile    Now processing file /home/runner/work/key/key/key.core/../key.ui/examples/standard_key/java_dl/exceptions.key 
148952     INFO  main            d.u.i.k.p.i.AbstractProblemLoader Loading environment from /home/runner/work/key/key/key.core/../key.ui/examples/standard_key/java_dl/exceptions.key 
148953     DEBUG main            d.u.i.k.p.i.AbstractProblemLoader Environment load took 1.3ms 
148954     INFO  main            d.u.i.k.p.i.AbstractProblemLoader Creating init config 
148978     WARN  main            d.u.i.k.j.r.KeYCrossReferenceNameInfo Datatype java.io.InputStream declared twice: Once in FILE:/home/runner/work/key/key/key.core/../key.ui/examples/standard_key/java_dl/classpath/InputStream.java and once in URL:file:/home/runner/work/key/key/key.core/build/resources/main/de/uka/ilkd/key/java/JavaRedux/java/io/InputStream.java, Keeping one from URL:file:/home/runner/work/key/key/key.core/build/resources/main/de/uka/ilkd/key/java/JavaRedux/java/io/InputStream.java 
148979     WARN  main            d.u.i.k.j.r.KeYCrossReferenceNameInfo Datatype java.lang.System declared twice: Once in FILE:/home/runner/work/key/key/key.core/../key.ui/examples/standard_key/java_dl/classpath/System.java and once in URL:file:/home/runner/work/key/key/key.core/build/resources/main/de/uka/ilkd/key/java/JavaRedux/java/lang/System.java, Keeping one from URL:file:/home/runner/work/key/key/key.core/build/resources/main/de/uka/ilkd/key/java/JavaRedux/java/lang/System.java 
148985     WARN  main            d.u.i.k.j.r.KeYCrossReferenceNameInfo Datatype java.io.PrintStream declared twice: Once in FILE:/home/runner/work/key/key/key.core/../key.ui/examples/standard_key/java_dl/classpath/PrintStream.java and once in URL:file:/home/runner/work/key/key/key.core/build/resources/main/de/uka/ilkd/key/java/JavaRedux/java/io/PrintStream.java, Keeping one from URL:file:/home/runner/work/key/key/key.core/build/resources/main/de/uka/ilkd/key/java/JavaRedux/java/io/PrintStream.java 
148989     DEBUG main            d.u.i.k.j.r.ClassFileDeclarationBuilder Parsing: package java.io; public class Closeable { } 
148989     DEBUG main            r.s.KeYCrossReferenceSourceInfo Dynamically created class: java.io.Closeable 
151854     DEBUG main            d.u.i.k.p.i.AbstractProblemLoader Init config took 2.9s 
151873     INFO  main            d.u.i.k.p.i.AbstractProblemLoader Replaying proof exceptions.key 
151876     DEBUG main            d.u.i.k.p.i.IntermediateProofReplayer Proof replay took 7.5ns 
152079     INFO  main            d.u.i.k.p.r.p.TestFile    ... finished proof: closed. 
152376     INFO  main            d.u.i.k.p.i.AbstractProblemLoader Loading environment from /home/runner/work/key/key/key.core/../key.ui/examples/standard_key/java_dl/exceptions.key.proof 
152376     DEBUG main            d.u.i.k.p.i.AbstractProblemLoader Environment load took 103.81ns 
152377     INFO  main            d.u.i.k.p.i.AbstractProblemLoader Creating init config 
152402     WARN  main            d.u.i.k.j.r.KeYCrossReferenceNameInfo Datatype java.io.InputStream declared twice: Once in FILE:/home/runner/work/key/key/key.core/../key.ui/examples/standard_key/java_dl/classpath/InputStream.java and once in URL:file:/home/runner/work/key/key/key.core/build/resources/main/de/uka/ilkd/key/java/JavaRedux/java/io/InputStream.java, Keeping one from URL:file:/home/runner/work/key/key/key.core/build/resources/main/de/uka/ilkd/key/java/JavaRedux/java/io/InputStream.java 
152402     WARN  main            d.u.i.k.j.r.KeYCrossReferenceNameInfo Datatype java.lang.System declared twice: Once in FILE:/home/runner/work/key/key/key.core/../key.ui/examples/standard_key/java_dl/classpath/System.java and once in URL:file:/home/runner/work/key/key/key.core/build/resources/main/de/uka/ilkd/key/java/JavaRedux/java/lang/System.java, Keeping one from URL:file:/home/runner/work/key/key/key.core/build/resources/main/de/uka/ilkd/key/java/JavaRedux/java/lang/System.java 
152402     WARN  main            d.u.i.k.j.r.KeYCrossReferenceNameInfo Datatype java.io.PrintStream declared twice: Once in FILE:/home/runner/work/key/key/key.core/../key.ui/examples/standard_key/java_dl/classpath/PrintStream.java and once in URL:file:/home/runner/work/key/key/key.core/build/resources/main/de/uka/ilkd/key/java/JavaRedux/java/io/PrintStream.java, Keeping one from URL:file:/home/runner/work/key/key/key.core/build/resources/main/de/uka/ilkd/key/java/JavaRedux/java/io/PrintStream.java 
152406     DEBUG main            d.u.i.k.j.r.ClassFileDeclarationBuilder Parsing: package java.io; public class Closeable { } 
152406     DEBUG main            r.s.KeYCrossReferenceSourceInfo Dynamically created class: java.io.Closeable 
155102     DEBUG main            d.u.i.k.p.i.AbstractProblemLoader Init config took 2.73s 
155119     INFO  main            d.u.i.k.p.i.AbstractProblemLoader Replaying proof exceptions.key.proof 
155188     DEBUG main            d.u.i.k.p.i.IntermediateProofReplayer Proof replay took 65.54ms 
155189     DEBUG main            d.u.i.k.p.r.p.TestFile    ... success: reloaded. 
155190     INFO  main            d.u.i.k.p.r.p.TestFile    Now processing file /home/runner/work/key/key/key.core/../key.ui/examples/standard_key/java_dl/exceptions1.key 
155190     INFO  main            d.u.i.k.p.i.AbstractProblemLoader Loading environment from /home/runner/work/key/key/key.core/../key.ui/examples/standard_key/java_dl/exceptions1.key 
155190     DEBUG main            d.u.i.k.p.i.AbstractProblemLoader Environment load took 84.91ns 
155191     INFO  main            d.u.i.k.p.i.AbstractProblemLoader Creating init config 
157919     DEBUG main            d.u.i.k.p.i.AbstractProblemLoader Init config took 2.73s 
157937     INFO  main            d.u.i.k.p.i.AbstractProblemLoader Replaying proof exceptions1.key 
157939     DEBUG main            d.u.i.k.p.i.IntermediateProofReplayer Proof replay took 7.7ns 
158142     INFO  main            d.u.i.k.p.r.p.TestFile    ... finished proof: closed. 
158466     INFO  main            d.u.i.k.p.i.AbstractProblemLoader Loading environment from /home/runner/work/key/key/key.core/../key.ui/examples/standard_key/java_dl/exceptions1.key.proof 
158466     DEBUG main            d.u.i.k.p.i.AbstractProblemLoader Environment load took 101.71ns 
158468     INFO  main            d.u.i.k.p.i.AbstractProblemLoader Creating init config 
161106     DEBUG main            d.u.i.k.p.i.AbstractProblemLoader Init config took 2.64s 
161123     INFO  main            d.u.i.k.p.i.AbstractProblemLoader Replaying proof exceptions1.key.proof 
161158     DEBUG main            d.u.i.k.p.i.IntermediateProofReplayer Proof replay took 32.03ms 
161158     DEBUG main            d.u.i.k.p.r.p.TestFile    ... success: reloaded. 
161159     INFO  main            d.u.i.k.p.r.p.TestFile    Now processing file /home/runner/work/key/key/key.core/../key.ui/examples/standard_key/java_dl/exceptions2.key 
161160     INFO  main            d.u.i.k.p.i.AbstractProblemLoader Loading environment from /home/runner/work/key/key/key.core/../key.ui/examples/standard_key/java_dl/exceptions2.key 
161160     DEBUG main            d.u.i.k.p.i.AbstractProblemLoader Environment load took 78.81ns 
161161     INFO  main            d.u.i.k.p.i.AbstractProblemLoader Creating init config 
163978     DEBUG main            d.u.i.k.p.i.AbstractProblemLoader Init config took 2.82s 
163995     INFO  main            d.u.i.k.p.i.AbstractProblemLoader Replaying proof exceptions2.key 
163997     DEBUG main            d.u.i.k.p.i.IntermediateProofReplayer Proof replay took 16.2ns 
164200     INFO  main            d.u.i.k.p.r.p.TestFile    ... finished proof: closed. 
164607     INFO  main            d.u.i.k.p.i.AbstractProblemLoader Loading environment from /home/runner/work/key/key/key.core/../key.ui/examples/standard_key/java_dl/exceptions2.key.proof 
164607     DEBUG main            d.u.i.k.p.i.AbstractProblemLoader Environment load took 139.81ns 
164608     INFO  main            d.u.i.k.p.i.AbstractProblemLoader Creating init config 
167279     DEBUG main            d.u.i.k.p.i.AbstractProblemLoader Init config took 2.67s 
167297     INFO  main            d.u.i.k.p.i.AbstractProblemLoader Replaying proof exceptions2.key.proof 
167333     DEBUG main            d.u.i.k.p.i.IntermediateProofReplayer Proof replay took 33.6ms 
167334     DEBUG main            d.u.i.k.p.r.p.TestFile    ... success: reloaded. 
167336     INFO  main            d.u.i.k.p.r.p.TestFile    Now processing file /home/runner/work/key/key/key.core/../key.ui/examples/standard_key/java_dl/exceptions3.key 
167336     INFO  main            d.u.i.k.p.i.AbstractProblemLoader Loading environment from /home/runner/work/key/key/key.core/../key.ui/examples/standard_key/java_dl/exceptions3.key 
167336     DEBUG main            d.u.i.k.p.i.AbstractProblemLoader Environment load took 228.71ns 
167337     INFO  main            d.u.i.k.p.i.AbstractProblemLoader Creating init config 
167361     WARN  main            d.u.i.k.j.r.KeYCrossReferenceNameInfo Datatype java.io.InputStream declared twice: Once in FILE:/home/runner/work/key/key/key.core/../key.ui/examples/standard_key/java_dl/classpath/InputStream.java and once in URL:file:/home/runner/work/key/key/key.core/build/resources/main/de/uka/ilkd/key/java/JavaRedux/java/io/InputStream.java, Keeping one from URL:file:/home/runner/work/key/key/key.core/build/resources/main/de/uka/ilkd/key/java/JavaRedux/java/io/InputStream.java 
167361     WARN  main            d.u.i.k.j.r.KeYCrossReferenceNameInfo Datatype java.lang.System declared twice: Once in FILE:/home/runner/work/key/key/key.core/../key.ui/examples/standard_key/java_dl/classpath/System.java and once in URL:file:/home/runner/work/key/key/key.core/build/resources/main/de/uka/ilkd/key/java/JavaRedux/java/lang/System.java, Keeping one from URL:file:/home/runner/work/key/key/key.core/build/resources/main/de/uka/ilkd/key/java/JavaRedux/java/lang/System.java 
167362     WARN  main            d.u.i.k.j.r.KeYCrossReferenceNameInfo Datatype java.io.PrintStream declared twice: Once in FILE:/home/runner/work/key/key/key.core/../key.ui/examples/standard_key/java_dl/classpath/PrintStream.java and once in URL:file:/home/runner/work/key/key/key.core/build/resources/main/de/uka/ilkd/key/java/JavaRedux/java/io/PrintStream.java, Keeping one from URL:file:/home/runner/work/key/key/key.core/build/resources/main/de/uka/ilkd/key/java/JavaRedux/java/io/PrintStream.java 
167366     DEBUG main            d.u.i.k.j.r.ClassFileDeclarationBuilder Parsing: package java.io; public class Closeable { } 
167366     DEBUG main            r.s.KeYCrossReferenceSourceInfo Dynamically created class: java.io.Closeable 
170157     DEBUG main            d.u.i.k.p.i.AbstractProblemLoader Init config took 2.82s 
170185     INFO  main            d.u.i.k.p.i.AbstractProblemLoader Replaying proof exceptions3.key 
170187     DEBUG main            d.u.i.k.p.i.IntermediateProofReplayer Proof replay took 7.5ns 
170289     INFO  main            d.u.i.k.p.r.p.TestFile    ... finished proof: closed. 
170608     INFO  main            d.u.i.k.p.i.AbstractProblemLoader Loading environment from /home/runner/work/key/key/key.core/../key.ui/examples/standard_key/java_dl/exceptions3.key.proof 
170608     DEBUG main            d.u.i.k.p.i.AbstractProblemLoader Environment load took 99.31ns 
170609     INFO  main            d.u.i.k.p.i.AbstractProblemLoader Creating init config 
170632     WARN  main            d.u.i.k.j.r.KeYCrossReferenceNameInfo Datatype java.io.InputStream declared twice: Once in FILE:/home/runner/work/key/key/key.core/../key.ui/examples/standard_key/java_dl/classpath/InputStream.java and once in URL:file:/home/runner/work/key/key/key.core/build/resources/main/de/uka/ilkd/key/java/JavaRedux/java/io/InputStream.java, Keeping one from URL:file:/home/runner/work/key/key/key.core/build/resources/main/de/uka/ilkd/key/java/JavaRedux/java/io/InputStream.java 
170633     WARN  main            d.u.i.k.j.r.KeYCrossReferenceNameInfo Datatype java.lang.System declared twice: Once in FILE:/home/runner/work/key/key/key.core/../key.ui/examples/standard_key/java_dl/classpath/System.java and once in URL:file:/home/runner/work/key/key/key.core/build/resources/main/de/uka/ilkd/key/java/JavaRedux/java/lang/System.java, Keeping one from URL:file:/home/runner/work/key/key/key.core/build/resources/main/de/uka/ilkd/key/java/JavaRedux/java/lang/System.java 
170633     WARN  main            d.u.i.k.j.r.KeYCrossReferenceNameInfo Datatype java.io.PrintStream declared twice: Once in FILE:/home/runner/work/key/key/key.core/../key.ui/examples/standard_key/java_dl/classpath/PrintStream.java and once in URL:file:/home/runner/work/key/key/key.core/build/resources/main/de/uka/ilkd/key/java/JavaRedux/java/io/PrintStream.java, Keeping one from URL:file:/home/runner/work/key/key/key.core/build/resources/main/de/uka/ilkd/key/java/JavaRedux/java/io/PrintStream.java 
170637     DEBUG main            d.u.i.k.j.r.ClassFileDeclarationBuilder Parsing: package java.io; public class Closeable { } 
170637     DEBUG main            r.s.KeYCrossReferenceSourceInfo Dynamically created class: java.io.Closeable 
173416     DEBUG main            d.u.i.k.p.i.AbstractProblemLoader Init config took 2.81s 
173434     INFO  main            d.u.i.k.p.i.AbstractProblemLoader Replaying proof exceptions3.key.proof 
173441     DEBUG main            d.u.i.k.p.i.IntermediateProofReplayer Proof replay took 4.1ms 
173443     DEBUG main            d.u.i.k.p.r.p.TestFile    ... success: reloaded. 
173444     INFO  main            d.u.i.k.p.r.p.TestFile    Now processing file /home/runner/work/key/key/key.core/../key.ui/examples/standard_key/java_dl/exchange.key 
173445     INFO  main            d.u.i.k.p.i.AbstractProblemLoader Loading environment from /home/runner/work/key/key/key.core/../key.ui/examples/standard_key/java_dl/exchange.key 
173445     DEBUG main            d.u.i.k.p.i.AbstractProblemLoader Environment load took 127.11ns 
173466     INFO  main            d.u.i.k.p.i.AbstractProblemLoader Creating init config 
176203     DEBUG main            d.u.i.k.p.i.AbstractProblemLoader Init config took 2.74s 
176220     INFO  main            d.u.i.k.p.i.AbstractProblemLoader Replaying proof exchange.key 
176221     DEBUG main            d.u.i.k.p.i.IntermediateProofReplayer Proof replay took 7.2ns 
176324     INFO  main            d.u.i.k.p.r.p.TestFile    ... finished proof: closed. 
176648     INFO  main            d.u.i.k.p.i.AbstractProblemLoader Loading environment from /home/runner/work/key/key/key.core/../key.ui/examples/standard_key/java_dl/exchange.key.proof 
176648     DEBUG main            d.u.i.k.p.i.AbstractProblemLoader Environment load took 96.81ns 
176650     INFO  main            d.u.i.k.p.i.AbstractProblemLoader Creating init config 
179337     DEBUG main            d.u.i.k.p.i.AbstractProblemLoader Init config took 2.69s 
179354     INFO  main            d.u.i.k.p.i.AbstractProblemLoader Replaying proof exchange.key.proof 
179364     DEBUG main            d.u.i.k.p.i.IntermediateProofReplayer Proof replay took 7.76ms 
179365     DEBUG main            d.u.i.k.p.r.p.TestFile    ... success: reloaded. 
179365     INFO  main            d.u.i.k.p.r.p.TestFile    Now processing file /home/runner/work/key/key/key.core/../key.ui/examples/standard_key/java_dl/if.key 
179365     INFO  main            d.u.i.k.p.i.AbstractProblemLoader Loading environment from /home/runner/work/key/key/key.core/../key.ui/examples/standard_key/java_dl/if.key 
179365     DEBUG main            d.u.i.k.p.i.AbstractProblemLoader Environment load took 76.6ns 
179366     INFO  main            d.u.i.k.p.i.AbstractProblemLoader Creating init config 
182064     DEBUG main            d.u.i.k.p.i.AbstractProblemLoader Init config took 2.7s 
182080     INFO  main            d.u.i.k.p.i.AbstractProblemLoader Replaying proof if.key 
182081     DEBUG main            d.u.i.k.p.i.IntermediateProofReplayer Proof replay took 8ns 
182184     INFO  main            d.u.i.k.p.r.p.TestFile    ... finished proof: closed. 
182524     INFO  main            d.u.i.k.p.i.AbstractProblemLoader Loading environment from /home/runner/work/key/key/key.core/../key.ui/examples/standard_key/java_dl/if.key.proof 
182524     DEBUG main            d.u.i.k.p.i.AbstractProblemLoader Environment load took 110.81ns 
182525     INFO  main            d.u.i.k.p.i.AbstractProblemLoader Creating init config 
185193     DEBUG main            d.u.i.k.p.i.AbstractProblemLoader Init config took 2.67s 
185212     INFO  main            d.u.i.k.p.i.AbstractProblemLoader Replaying proof if.key.proof 
185217     DEBUG main            d.u.i.k.p.i.IntermediateProofReplayer Proof replay took 3.21ms 
185217     DEBUG main            d.u.i.k.p.r.p.TestFile    ... success: reloaded. 
185218     INFO  main            d.u.i.k.p.r.p.TestFile    Now processing file /home/runner/work/key/key/key.core/../key.ui/examples/standard_key/java_dl/incrementcounter.key 
185218     INFO  main            d.u.i.k.p.i.AbstractProblemLoader Loading environment from /home/runner/work/key/key/key.core/../key.ui/examples/standard_key/java_dl/incrementcounter.key 
185218     DEBUG main            d.u.i.k.p.i.AbstractProblemLoader Environment load took 125.21ns 
185219     INFO  main            d.u.i.k.p.i.AbstractProblemLoader Creating init config 
187888     DEBUG main            d.u.i.k.p.i.AbstractProblemLoader Init config took 2.67s 
187905     INFO  main            d.u.i.k.p.i.AbstractProblemLoader Replaying proof incrementcounter.key 
187906     DEBUG main            d.u.i.k.p.i.IntermediateProofReplayer Proof replay took 7ns 
188009     INFO  main            d.u.i.k.p.r.p.TestFile    ... finished proof: closed. 
188351     INFO  main            d.u.i.k.p.i.AbstractProblemLoader Loading environment from /home/runner/work/key/key/key.core/../key.ui/examples/standard_key/java_dl/incrementcounter.key.proof 
188352     DEBUG main            d.u.i.k.p.i.AbstractProblemLoader Environment load took 98.81ns 
188353     INFO  main            d.u.i.k.p.i.AbstractProblemLoader Creating init config 
191027     DEBUG main            d.u.i.k.p.i.AbstractProblemLoader Init config took 2.67s 
191044     INFO  main            d.u.i.k.p.i.AbstractProblemLoader Replaying proof incrementcounter.key.proof 
191048     DEBUG main            d.u.i.k.p.i.IntermediateProofReplayer Proof replay took 2.23ms 
191048     DEBUG main            d.u.i.k.p.r.p.TestFile    ... success: reloaded. 
191049     INFO  main            d.u.i.k.p.r.p.TestFile    Now processing file /home/runner/work/key/key/key.core/../key.ui/examples/standard_key/java_dl/danglingElse.key 
191049     INFO  main            d.u.i.k.p.i.AbstractProblemLoader Loading environment from /home/runner/work/key/key/key.core/../key.ui/examples/standard_key/java_dl/danglingElse.key 
191049     DEBUG main            d.u.i.k.p.i.AbstractProblemLoader Environment load took 93.41ns 
191050     INFO  main            d.u.i.k.p.i.AbstractProblemLoader Creating init config 
193728     DEBUG main            d.u.i.k.p.i.AbstractProblemLoader Init config took 2.68s 
193762     INFO  main            d.u.i.k.p.i.AbstractProblemLoader Replaying proof danglingElse.key 
193764     DEBUG main            d.u.i.k.p.i.IntermediateProofReplayer Proof replay took 7.2ns 
193868     INFO  main            d.u.i.k.p.r.p.TestFile    ... finished proof: open goal(s) 
194220     INFO  main            d.u.i.k.p.r.p.TestFile    Now processing file /home/runner/work/key/key/key.core/../key.ui/examples/standard_key/java_dl/iteratedAssignment.key 
194220     INFO  main            d.u.i.k.p.i.AbstractProblemLoader Loading environment from /home/runner/work/key/key/key.core/../key.ui/examples/standard_key/java_dl/iteratedAssignment.key 
194220     DEBUG main            d.u.i.k.p.i.AbstractProblemLoader Environment load took 66.3ns 
194222     INFO  main            d.u.i.k.p.i.AbstractProblemLoader Creating init config 
196898     DEBUG main            d.u.i.k.p.i.AbstractProblemLoader Init config took 2.68s 
196922     INFO  main            d.u.i.k.p.i.AbstractProblemLoader Replaying proof iteratedAssignment.key 
196924     DEBUG main            d.u.i.k.p.i.IntermediateProofReplayer Proof replay took 6.7ns 
197328     INFO  main            d.u.i.k.p.r.p.TestFile    ... finished proof: closed. 
197675     INFO  main            d.u.i.k.p.i.AbstractProblemLoader Loading environment from /home/runner/work/key/key/key.core/../key.ui/examples/standard_key/java_dl/iteratedAssignment.key.proof 
197675     DEBUG main            d.u.i.k.p.i.AbstractProblemLoader Environment load took 107.61ns 
197677     INFO  main            d.u.i.k.p.i.AbstractProblemLoader Creating init config 
200363     DEBUG main            d.u.i.k.p.i.AbstractProblemLoader Init config took 2.69s 
200381     INFO  main            d.u.i.k.p.i.AbstractProblemLoader Replaying proof iteratedAssignment.key.proof 
200448     DEBUG main            d.u.i.k.p.i.IntermediateProofReplayer Proof replay took 64ms 
200449     DEBUG main            d.u.i.k.p.r.p.TestFile    ... success: reloaded. 
200450     INFO  main            d.u.i.k.p.r.p.TestFile    Now processing file /home/runner/work/key/key/key.core/../key.ui/examples/standard_key/java_dl/assert/assert1.key 
200450     INFO  main            d.u.i.k.p.i.AbstractProblemLoader Loading environment from /home/runner/work/key/key/key.core/../key.ui/examples/standard_key/java_dl/assert/assert1.key 
200450     DEBUG main            d.u.i.k.p.i.AbstractProblemLoader Environment load took 124.91ns 
200451     INFO  main            d.u.i.k.p.i.AbstractProblemLoader Creating init config 
203213     DEBUG main            d.u.i.k.p.i.AbstractProblemLoader Init config took 2.76s 
203252     INFO  main            d.u.i.k.p.i.AbstractProblemLoader Replaying proof C[C::foo()].JML normal_behavior operation contract.0 
203254     DEBUG main            d.u.i.k.p.i.IntermediateProofReplayer Proof replay took 7.2ns 
203457     INFO  main            d.u.i.k.p.r.p.TestFile    ... finished proof: open goal(s) 
203829     INFO  main            d.u.i.k.p.r.p.TestFile    Now processing file /home/runner/work/key/key/key.core/../key.ui/examples/standard_key/java_dl/assert/assert2.key 
203829     INFO  main            d.u.i.k.p.i.AbstractProblemLoader Loading environment from /home/runner/work/key/key/key.core/../key.ui/examples/standard_key/java_dl/assert/assert2.key 
203829     DEBUG main            d.u.i.k.p.i.AbstractProblemLoader Environment load took 50.4ns 
203830     INFO  main            d.u.i.k.p.i.AbstractProblemLoader Creating init config 
206553     DEBUG main            d.u.i.k.p.i.AbstractProblemLoader Init config took 2.72s 
206591     INFO  main            d.u.i.k.p.i.AbstractProblemLoader Replaying proof C[C::bar()].JML exceptional_behavior operation contract.0 
206593     DEBUG main            d.u.i.k.p.i.IntermediateProofReplayer Proof replay took 6.3ns 
206796     INFO  main            d.u.i.k.p.r.p.TestFile    ... finished proof: closed. 
207146     INFO  main            d.u.i.k.p.i.AbstractProblemLoader Loading environment from /home/runner/work/key/key/key.core/../key.ui/examples/standard_key/java_dl/assert/assert2.key.proof 
207146     DEBUG main            d.u.i.k.p.i.AbstractProblemLoader Environment load took 86ns 
207147     INFO  main            d.u.i.k.p.i.AbstractProblemLoader Creating init config 
209899     DEBUG main            d.u.i.k.p.i.AbstractProblemLoader Init config took 2.75s 
209936     INFO  main            d.u.i.k.p.i.AbstractProblemLoader Replaying proof C[C::bar()].JML exceptional_behavior operation contract.0 
209979     DEBUG main            d.u.i.k.p.i.IntermediateProofReplayer Proof replay took 41.44ms 
209980     DEBUG main            d.u.i.k.p.r.p.TestFile    ... success: reloaded. 
209981     INFO  main            d.u.i.k.p.r.p.TestFile    Now processing file /home/runner/work/key/key/key.core/../key.ui/examples/standard_key/java_dl/assert/assert3.key 
209981     INFO  main            d.u.i.k.p.i.AbstractProblemLoader Loading environment from /home/runner/work/key/key/key.core/../key.ui/examples/standard_key/java_dl/assert/assert3.key 
209982     DEBUG main            d.u.i.k.p.i.AbstractProblemLoader Environment load took 91.01ns 
209982     INFO  main            d.u.i.k.p.i.AbstractProblemLoader Creating init config 
212735     DEBUG main            d.u.i.k.p.i.AbstractProblemLoader Init config took 2.75s 
212772     INFO  main            d.u.i.k.p.i.AbstractProblemLoader Replaying proof C[C::foo()].JML normal_behavior operation contract.0 
212774     DEBUG main            d.u.i.k.p.i.IntermediateProofReplayer Proof replay took 6.2ns 
212878     INFO  main            d.u.i.k.p.r.p.TestFile    ... finished proof: open goal(s) 
213242     INFO  main            d.u.i.k.p.r.p.TestFile    Now processing file /home/runner/work/key/key/key.core/../key.ui/examples/standard_key/java_dl/java5/vararg.key 
213242     INFO  main            d.u.i.k.p.i.AbstractProblemLoader Loading environment from /home/runner/work/key/key/key.core/../key.ui/examples/standard_key/java_dl/java5/vararg.key 
213242     DEBUG main            d.u.i.k.p.i.AbstractProblemLoader Environment load took 69.5ns 
213244     INFO  main            d.u.i.k.p.i.AbstractProblemLoader Creating init config 
214225     DEBUG main            d.u.i.k.j.r.ClassPreparationMethodBuilder clPrepBuilder: Inner Class detected. Reject building class initialisation methods. 
216326     DEBUG main            d.u.i.k.p.i.AbstractProblemLoader Init config took 3.08s 
216368     INFO  main            d.u.i.k.p.i.AbstractProblemLoader Replaying proof vararg.key 
216370     DEBUG main            d.u.i.k.p.i.IntermediateProofReplayer Proof replay took 6.6ns 
216685     DEBUG Thread-101      d.u.i.k.j.d.VariableSpecification Program match. Variables have different dimension (template #v0 = #vi;, source var#19[] = new java.lang.Object[]{var_1};) 
216686     DEBUG Thread-101      d.u.i.k.j.d.VariableSpecification Program match. Variables have different dimension (template #v0 = #vi;, source var#19[] = new java.lang.Object[]{var_1};) 
216821     DEBUG Thread-101      d.u.i.k.j.d.VariableSpecification Program match. Variables have different dimension (template #v0 = #vi;, source var#25[] = new java.lang.Object[]{null, null};) 
216982     DEBUG Thread-101      d.u.i.k.j.d.VariableSpecification Program match. Variables have different dimension (template #v0 = #vi;, source var#32[] = new java.lang.Object[]{};) 
217302     DEBUG Thread-101      d.u.i.k.j.d.VariableSpecification Program match. Variables have different dimension (template #v0 = #vi;, source var#37[] = new java.lang.Object[]{d1, d2};) 
217495     DEBUG Thread-101      d.u.i.k.j.d.VariableSpecification Program match. Variables have different dimension (template #v0 = #vi;, source var#44[] = new java.lang.Object[]{d1, d2};) 
217783     INFO  main            d.u.i.k.p.r.p.TestFile    ... finished proof: closed. 
218247     INFO  main            d.u.i.k.p.i.AbstractProblemLoader Loading environment from /home/runner/work/key/key/key.core/../key.ui/examples/standard_key/java_dl/java5/vararg.key.proof 
218247     DEBUG main            d.u.i.k.p.i.AbstractProblemLoader Environment load took 381.32ns 
218249     INFO  main            d.u.i.k.p.i.AbstractProblemLoader Creating init config 
219224     DEBUG main            d.u.i.k.j.r.ClassPreparationMethodBuilder clPrepBuilder: Inner Class detected. Reject building class initialisation methods. 
221244     DEBUG main            d.u.i.k.p.i.AbstractProblemLoader Init config took 3s 
221278     INFO  main            d.u.i.k.p.i.AbstractProblemLoader Replaying proof vararg.key.proof 
221669     DEBUG main            d.u.i.k.p.i.IntermediateProofReplayer Proof replay took 381.58ms 
221671     DEBUG main            d.u.i.k.p.r.p.TestFile    ... success: reloaded. 
221672     INFO  main            d.u.i.k.p.r.p.TestFile    Now processing file /home/runner/work/key/key/key.core/../key.ui/examples/standard_key/java_dl/java5/for_Array.key 
221672     INFO  main            d.u.i.k.p.i.AbstractProblemLoader Loading environment from /home/runner/work/key/key/key.core/../key.ui/examples/standard_key/java_dl/java5/for_Array.key 
221672     DEBUG main            d.u.i.k.p.i.AbstractProblemLoader Environment load took 184.51ns 
221673     INFO  main            d.u.i.k.p.i.AbstractProblemLoader Creating init config 
222665     DEBUG main            d.u.i.k.j.r.ClassPreparationMethodBuilder clPrepBuilder: Inner Class detected. Reject building class initialisation methods. 
224764     DEBUG main            d.u.i.k.p.i.AbstractProblemLoader Init config took 3.09s 
224819     INFO  main            d.u.i.k.p.i.AbstractProblemLoader Replaying proof For[For::sum([I)].JML operation contract.0 
224820     DEBUG main            d.u.i.k.p.i.IntermediateProofReplayer Proof replay took 6.5ns 
225225     INFO  main            d.u.i.k.p.r.p.TestFile    ... finished proof: closed. 
225748     INFO  main            d.u.i.k.p.i.AbstractProblemLoader Loading environment from /home/runner/work/key/key/key.core/../key.ui/examples/standard_key/java_dl/java5/for_Array.key.proof 
225748     DEBUG main            d.u.i.k.p.i.AbstractProblemLoader Environment load took 157.71ns 
225749     INFO  main            d.u.i.k.p.i.AbstractProblemLoader Creating init config 
226701     DEBUG main            d.u.i.k.j.r.ClassPreparationMethodBuilder clPrepBuilder: Inner Class detected. Reject building class initialisation methods. 
228672     DEBUG main            d.u.i.k.p.i.AbstractProblemLoader Init config took 2.92s 
228730     INFO  main            d.u.i.k.p.i.AbstractProblemLoader Replaying proof For[For::sum([I)].JML operation contract.0 
228827     DEBUG main            d.u.i.k.p.i.IntermediateProofReplayer Proof replay took 93.73ms 
228828     DEBUG main            d.u.i.k.p.r.p.TestFile    ... success: reloaded. 
228829     INFO  main            d.u.i.k.p.r.p.TestFile    Now processing file /home/runner/work/key/key/key.core/../key.ui/examples/standard_key/java_dl/java5/for_Iterable.key 
228830     INFO  main            d.u.i.k.p.i.AbstractProblemLoader Loading environment from /home/runner/work/key/key/key.core/../key.ui/examples/standard_key/java_dl/java5/for_Iterable.key 
228830     DEBUG main            d.u.i.k.p.i.AbstractProblemLoader Environment load took 184.81ns 
228831     INFO  main            d.u.i.k.p.i.AbstractProblemLoader Creating init config 
229805     DEBUG main            d.u.i.k.j.r.ClassPreparationMethodBuilder clPrepBuilder: Inner Class detected. Reject building class initialisation methods. 
231844     DEBUG main            d.u.i.k.p.i.AbstractProblemLoader Init config took 3.01s 
231898     INFO  main            d.u.i.k.p.i.AbstractProblemLoader Replaying proof For[For::infiniteLoop(For)].JML operation contract.0 
231900     DEBUG main            d.u.i.k.p.i.IntermediateProofReplayer Proof replay took 7ns 
232112     INFO  main            d.u.i.k.p.r.p.TestFile    ... finished proof: closed. 
232541     INFO  main            d.u.i.k.p.i.AbstractProblemLoader Loading environment from /home/runner/work/key/key/key.core/../key.ui/examples/standard_key/java_dl/java5/for_Iterable.key.proof 
232541     DEBUG main            d.u.i.k.p.i.AbstractProblemLoader Environment load took 88.01ns 
232542     INFO  main            d.u.i.k.p.i.AbstractProblemLoader Creating init config 
233476     DEBUG main            d.u.i.k.j.r.ClassPreparationMethodBuilder clPrepBuilder: Inner Class detected. Reject building class initialisation methods. 
235465     DEBUG main            d.u.i.k.p.i.AbstractProblemLoader Init config took 2.92s 
235519     INFO  main            d.u.i.k.p.i.AbstractProblemLoader Replaying proof For[For::infiniteLoop(For)].JML operation contract.0 
235577     DEBUG main            d.u.i.k.p.i.IntermediateProofReplayer Proof replay took 55.65ms 
235578     DEBUG main            d.u.i.k.p.r.p.TestFile    ... success: reloaded. 
235579     INFO  main            d.u.i.k.p.r.p.TestFile    Now processing file /home/runner/work/key/key/key.core/../key.ui/examples/standard_key/java_dl/java5/for_ReferenceArray.key 
235580     INFO  main            d.u.i.k.p.i.AbstractProblemLoader Loading environment from /home/runner/work/key/key/key.core/../key.ui/examples/standard_key/java_dl/java5/for_ReferenceArray.key 
235580     DEBUG main            d.u.i.k.p.i.AbstractProblemLoader Environment load took 193.61ns 
235581     INFO  main            d.u.i.k.p.i.AbstractProblemLoader Creating init config 
236552     DEBUG main            d.u.i.k.j.r.ClassPreparationMethodBuilder clPrepBuilder: Inner Class detected. Reject building class initialisation methods. 
238612     DEBUG main            d.u.i.k.p.i.AbstractProblemLoader Init config took 3.03s 
238666     INFO  main            d.u.i.k.p.i.AbstractProblemLoader Replaying proof ForReferenceArray[ForReferenceArray::foo([Ljava.lang.Object)].JML operation contract.0 
238668     DEBUG main            d.u.i.k.p.i.IntermediateProofReplayer Proof replay took 7.4ns 
238971     INFO  main            d.u.i.k.p.r.p.TestFile    ... finished proof: closed. 
239375     INFO  main            d.u.i.k.p.i.AbstractProblemLoader Loading environment from /home/runner/work/key/key/key.core/../key.ui/examples/standard_key/java_dl/java5/for_ReferenceArray.key.proof 
239375     DEBUG main            d.u.i.k.p.i.AbstractProblemLoader Environment load took 102.21ns 
239377     INFO  main            d.u.i.k.p.i.AbstractProblemLoader Creating init config 
240307     DEBUG main            d.u.i.k.j.r.ClassPreparationMethodBuilder clPrepBuilder: Inner Class detected. Reject building class initialisation methods. 
242275     DEBUG main            d.u.i.k.p.i.AbstractProblemLoader Init config took 2.9s 
242329     INFO  main            d.u.i.k.p.i.AbstractProblemLoader Replaying proof ForReferenceArray[ForReferenceArray::foo([Ljava.lang.Object)].JML operation contract.0 
242409     DEBUG main            d.u.i.k.p.i.IntermediateProofReplayer Proof replay took 60.6ms 
242410     DEBUG main            d.u.i.k.p.r.p.TestFile    ... success: reloaded. 
242411     INFO  main            d.u.i.k.p.r.p.TestFile    Now processing file /home/runner/work/key/key/key.core/../key.ui/examples/standard_key/java_dl/jml-bigint/cast.key 
242411     INFO  main            d.u.i.k.p.i.AbstractProblemLoader Loading environment from /home/runner/work/key/key/key.core/../key.ui/examples/standard_key/java_dl/jml-bigint/cast.key 
242412     DEBUG main            d.u.i.k.p.i.AbstractProblemLoader Environment load took 182.21ns 
242413     INFO  main            d.u.i.k.p.i.AbstractProblemLoader Creating init config 
245251     DEBUG main            d.u.i.k.p.i.AbstractProblemLoader Init config took 2.84s 
245288     INFO  main            d.u.i.k.p.i.AbstractProblemLoader Replaying proof Mult[Mult::cast()].JML operation contract.0 
245290     DEBUG main            d.u.i.k.p.i.IntermediateProofReplayer Proof replay took 6.9ns 
245392     INFO  main            d.u.i.k.p.r.p.TestFile    ... finished proof: closed. 
245802     INFO  main            d.u.i.k.p.i.AbstractProblemLoader Loading environment from /home/runner/work/key/key/key.core/../key.ui/examples/standard_key/java_dl/jml-bigint/cast.key.proof 
245802     DEBUG main            d.u.i.k.p.i.AbstractProblemLoader Environment load took 85.2ns 
245803     INFO  main            d.u.i.k.p.i.AbstractProblemLoader Creating init config 
248609     DEBUG main            d.u.i.k.p.i.AbstractProblemLoader Init config took 2.81s 
248648     INFO  main            d.u.i.k.p.i.AbstractProblemLoader Replaying proof Mult[Mult::cast()].JML operation contract.0 
248662     DEBUG main            d.u.i.k.p.i.IntermediateProofReplayer Proof replay took 12.49ms 
248663     DEBUG main            d.u.i.k.p.r.p.TestFile    ... success: reloaded. 
248664     INFO  main            d.u.i.k.p.r.p.TestFile    Now processing file /home/runner/work/key/key/key.core/../key.ui/examples/standard_key/java_dl/jml-free/loopInvFree.key 
248664     INFO  main            d.u.i.k.p.i.AbstractProblemLoader Loading environment from /home/runner/work/key/key/key.core/../key.ui/examples/standard_key/java_dl/jml-free/loopInvFree.key 
248664     DEBUG main            d.u.i.k.p.i.AbstractProblemLoader Environment load took 123.21ns 
248665     INFO  main            d.u.i.k.p.i.AbstractProblemLoader Creating init config 
251408     DEBUG main            d.u.i.k.p.i.AbstractProblemLoader Init config took 2.74s 
251445     INFO  main            d.u.i.k.p.i.AbstractProblemLoader Replaying proof LoopInvFree[LoopInvFree::test()].JML operation contract.0 
251447     DEBUG main            d.u.i.k.p.i.IntermediateProofReplayer Proof replay took 8.3ns 
251652     INFO  main            d.u.i.k.p.r.p.TestFile    ... finished proof: closed. 
252072     INFO  main            d.u.i.k.p.i.AbstractProblemLoader Loading environment from /home/runner/work/key/key/key.core/../key.ui/examples/standard_key/java_dl/jml-free/loopInvFree.key.proof 
252072     DEBUG main            d.u.i.k.p.i.AbstractProblemLoader Environment load took 86.81ns 
252073     INFO  main            d.u.i.k.p.i.AbstractProblemLoader Creating init config 
254781     DEBUG main            d.u.i.k.p.i.AbstractProblemLoader Init config took 2.71s 
254818     INFO  main            d.u.i.k.p.i.AbstractProblemLoader Replaying proof LoopInvFree[LoopInvFree::test()].JML operation contract.0 
254863     DEBUG main            d.u.i.k.p.i.IntermediateProofReplayer Proof replay took 43.75ms 
254864     DEBUG main            d.u.i.k.p.r.p.TestFile    ... success: reloaded. 
254865     INFO  main            d.u.i.k.p.r.p.TestFile    Now processing file /home/runner/work/key/key/key.core/../key.ui/examples/standard_key/java_dl/jml-free/ensuresFree.key 
254865     INFO  main            d.u.i.k.p.i.AbstractProblemLoader Loading environment from /home/runner/work/key/key/key.core/../key.ui/examples/standard_key/java_dl/jml-free/ensuresFree.key 
254866     DEBUG main            d.u.i.k.p.i.AbstractProblemLoader Environment load took 91.91ns 
254866     INFO  main            d.u.i.k.p.i.AbstractProblemLoader Creating init config 
257617     DEBUG main            d.u.i.k.p.i.AbstractProblemLoader Init config took 2.75s 
257654     INFO  main            d.u.i.k.p.i.AbstractProblemLoader Replaying proof EnsuresFree[EnsuresFree::test()].JML operation contract.0 
257655     DEBUG main            d.u.i.k.p.i.IntermediateProofReplayer Proof replay took 6.9ns 
257757     INFO  main            d.u.i.k.p.r.p.TestFile    ... finished proof: closed. 
258179     INFO  main            d.u.i.k.p.i.AbstractProblemLoader Loading environment from /home/runner/work/key/key/key.core/../key.ui/examples/standard_key/java_dl/jml-free/ensuresFree.key.proof 
258179     DEBUG main            d.u.i.k.p.i.AbstractProblemLoader Environment load took 89.51ns 
258180     INFO  main            d.u.i.k.p.i.AbstractProblemLoader Creating init config 
260892     DEBUG main            d.u.i.k.p.i.AbstractProblemLoader Init config took 2.71s 
260929     INFO  main            d.u.i.k.p.i.AbstractProblemLoader Replaying proof EnsuresFree[EnsuresFree::test()].JML operation contract.0 
260947     DEBUG main            d.u.i.k.p.i.IntermediateProofReplayer Proof replay took 17.21ms 
260948     DEBUG main            d.u.i.k.p.r.p.TestFile    ... success: reloaded. 
260949     INFO  main            d.u.i.k.p.r.p.TestFile    Now processing file /home/runner/work/key/key/key.core/../key.ui/examples/standard_key/java_dl/jml-information-flow.key 
260949     INFO  main            d.u.i.k.p.i.AbstractProblemLoader Loading environment from /home/runner/work/key/key/key.core/../key.ui/examples/standard_key/java_dl/jml-information-flow.key 
260949     DEBUG main            d.u.i.k.p.i.AbstractProblemLoader Environment load took 103.71ns 
260955     INFO  main            d.u.i.k.p.i.AbstractProblemLoader Creating init config 
263941     DEBUG main            d.u.i.k.p.i.AbstractProblemLoader Init config took 2.99s 
263961     INFO  main            d.u.i.k.p.i.AbstractProblemLoader Replaying proof jml-information-flow.key 
263963     DEBUG main            d.u.i.k.p.i.IntermediateProofReplayer Proof replay took 7ns 
394032     INFO  main            d.u.i.k.p.r.p.TestFile    ... finished proof: closed. 
394624     INFO  main            d.u.i.k.p.i.AbstractProblemLoader Loading environment from /home/runner/work/key/key/key.core/../key.ui/examples/standard_key/java_dl/jml-information-flow.key.proof 
394624     DEBUG main            d.u.i.k.p.i.AbstractProblemLoader Environment load took 358.32ns 
394634     INFO  main            d.u.i.k.p.i.AbstractProblemLoader Creating init config 
397259     DEBUG main            d.u.i.k.p.i.AbstractProblemLoader Init config took 2.62s 
397280     INFO  main            d.u.i.k.p.i.AbstractProblemLoader Replaying proof jml-information-flow.key.proof 
401072     DEBUG main            d.u.i.k.p.i.IntermediateProofReplayer Proof replay took 3.68s 
401135     DEBUG main            d.u.i.k.p.r.p.TestFile    ... success: reloaded. 
401136     INFO  main            d.u.i.k.p.r.p.TestFile    Now processing file /home/runner/work/key/key/key.core/../key.ui/examples/standard_key/java_dl/jml-min/min-unprovable1.key 
401136     INFO  main            d.u.i.k.p.i.AbstractProblemLoader Loading environment from /home/runner/work/key/key/key.core/../key.ui/examples/standard_key/java_dl/jml-min/min-unprovable1.key 
401137     DEBUG main            d.u.i.k.p.i.AbstractProblemLoader Environment load took 185.51ns 
401138     INFO  main            d.u.i.k.p.i.AbstractProblemLoader Creating init config 
404046     DEBUG main            d.u.i.k.p.i.AbstractProblemLoader Init config took 2.91s 
404083     INFO  main            d.u.i.k.p.i.AbstractProblemLoader Replaying proof Min[Min::foo()].JML operation contract.0 
404085     DEBUG main            d.u.i.k.p.i.IntermediateProofReplayer Proof replay took 7ns 
404197     INFO  main            d.u.i.k.p.r.p.TestFile    ... finished proof: open goal(s) 
404771     INFO  main            d.u.i.k.p.r.p.TestFile    Now processing file /home/runner/work/key/key/key.core/../key.ui/examples/standard_key/java_dl/jml-min/min-unprovable2.key 
404771     INFO  main            d.u.i.k.p.i.AbstractProblemLoader Loading environment from /home/runner/work/key/key/key.core/../key.ui/examples/standard_key/java_dl/jml-min/min-unprovable2.key 
404771     DEBUG main            d.u.i.k.p.i.AbstractProblemLoader Environment load took 57.5ns 
404772     INFO  main            d.u.i.k.p.i.AbstractProblemLoader Creating init config 
407441     DEBUG main            d.u.i.k.p.i.AbstractProblemLoader Init config took 2.67s 
407474     INFO  main            d.u.i.k.p.i.AbstractProblemLoader Replaying proof Min[Min::foo2()].JML operation contract.0 
407475     DEBUG main            d.u.i.k.p.i.IntermediateProofReplayer Proof replay took 6ns 
407577     INFO  main            d.u.i.k.p.r.p.TestFile    ... finished proof: open goal(s) 
407997     INFO  main            d.u.i.k.p.r.p.TestFile    Now processing file /home/runner/work/key/key/key.core/../key.ui/examples/standard_key/java_dl/methodCall.key 
407997     INFO  main            d.u.i.k.p.i.AbstractProblemLoader Loading environment from /home/runner/work/key/key/key.core/../key.ui/examples/standard_key/java_dl/methodCall.key 
407998     DEBUG main            d.u.i.k.p.i.AbstractProblemLoader Environment load took 59ns 
407998     INFO  main            d.u.i.k.p.i.AbstractProblemLoader Creating init config 
410655     DEBUG main            d.u.i.k.p.i.AbstractProblemLoader Init config took 2.66s 
410670     INFO  main            d.u.i.k.p.i.AbstractProblemLoader Replaying proof methodCall.key 
410671     DEBUG main            d.u.i.k.p.i.IntermediateProofReplayer Proof replay took 6.5ns 
410773     INFO  main            d.u.i.k.p.r.p.TestFile    ... finished proof: closed. 
411191     INFO  main            d.u.i.k.p.i.AbstractProblemLoader Loading environment from /home/runner/work/key/key/key.core/../key.ui/examples/standard_key/java_dl/methodCall.key.proof 
411191     DEBUG main            d.u.i.k.p.i.AbstractProblemLoader Environment load took 88.91ns 
411192     INFO  main            d.u.i.k.p.i.AbstractProblemLoader Creating init config 
413828     DEBUG main            d.u.i.k.p.i.AbstractProblemLoader Init config took 2.64s 
413843     INFO  main            d.u.i.k.p.i.AbstractProblemLoader Replaying proof methodCall.key.proof 
413847     DEBUG main            d.u.i.k.p.i.IntermediateProofReplayer Proof replay took 1.96ms 
413848     DEBUG main            d.u.i.k.p.r.p.TestFile    ... success: reloaded. 
413848     INFO  main            d.u.i.k.p.r.p.TestFile    Now processing file /home/runner/work/key/key/key.core/../key.ui/examples/standard_key/java_dl/methodCall1.key 
413848     INFO  main            d.u.i.k.p.i.AbstractProblemLoader Loading environment from /home/runner/work/key/key/key.core/../key.ui/examples/standard_key/java_dl/methodCall1.key 
413848     DEBUG main            d.u.i.k.p.i.AbstractProblemLoader Environment load took 78ns 
413849     INFO  main            d.u.i.k.p.i.AbstractProblemLoader Creating init config 
416397     DEBUG main            d.u.i.k.p.i.AbstractProblemLoader Init config took 2.55s 
416412     INFO  main            d.u.i.k.p.i.AbstractProblemLoader Replaying proof methodCall1.key 
416413     DEBUG main            d.u.i.k.p.i.IntermediateProofReplayer Proof replay took 6.9ns 
416515     INFO  main            d.u.i.k.p.r.p.TestFile    ... finished proof: closed. 
416940     INFO  main            d.u.i.k.p.i.AbstractProblemLoader Loading environment from /home/runner/work/key/key/key.core/../key.ui/examples/standard_key/java_dl/methodCall1.key.proof 
416940     DEBUG main            d.u.i.k.p.i.AbstractProblemLoader Environment load took 81.31ns 
416941     INFO  main            d.u.i.k.p.i.AbstractProblemLoader Creating init config 
419508     DEBUG main            d.u.i.k.p.i.AbstractProblemLoader Init config took 2.57s 
419524     INFO  main            d.u.i.k.p.i.AbstractProblemLoader Replaying proof methodCall1.key.proof 
419542     DEBUG main            d.u.i.k.p.i.IntermediateProofReplayer Proof replay took 15.04ms 
419543     DEBUG main            d.u.i.k.p.r.p.TestFile    ... success: reloaded. 
419545     INFO  main            d.u.i.k.p.r.p.TestFile    Now processing file /home/runner/work/key/key/key.core/../key.ui/examples/standard_key/java_dl/methodCall1box.key 
419545     INFO  main            d.u.i.k.p.i.AbstractProblemLoader Loading environment from /home/runner/work/key/key/key.core/../key.ui/examples/standard_key/java_dl/methodCall1box.key 
419546     DEBUG main            d.u.i.k.p.i.AbstractProblemLoader Environment load took 697.04ns 
419547     INFO  main            d.u.i.k.p.i.AbstractProblemLoader Creating init config 
422141     DEBUG main            d.u.i.k.p.i.AbstractProblemLoader Init config took 2.59s 
422156     INFO  main            d.u.i.k.p.i.AbstractProblemLoader Replaying proof methodCall1box.key 
422157     DEBUG main            d.u.i.k.p.i.IntermediateProofReplayer Proof replay took 7.1ns 
422259     INFO  main            d.u.i.k.p.r.p.TestFile    ... finished proof: closed. 
422699     INFO  main            d.u.i.k.p.i.AbstractProblemLoader Loading environment from /home/runner/work/key/key/key.core/../key.ui/examples/standard_key/java_dl/methodCall1box.key.proof 
422699     DEBUG main            d.u.i.k.p.i.AbstractProblemLoader Environment load took 87.11ns 
422700     INFO  main            d.u.i.k.p.i.AbstractProblemLoader Creating init config 
425259     DEBUG main            d.u.i.k.p.i.AbstractProblemLoader Init config took 2.56s 
425275     INFO  main            d.u.i.k.p.i.AbstractProblemLoader Replaying proof methodCall1box.key.proof 
425290     DEBUG main            d.u.i.k.p.i.IntermediateProofReplayer Proof replay took 13.81ms 
425291     DEBUG main            d.u.i.k.p.r.p.TestFile    ... success: reloaded. 
425292     INFO  main            d.u.i.k.p.r.p.TestFile    Now processing file /home/runner/work/key/key/key.core/../key.ui/examples/standard_key/java_dl/methodCall3.key 
425292     INFO  main            d.u.i.k.p.i.AbstractProblemLoader Loading environment from /home/runner/work/key/key/key.core/../key.ui/examples/standard_key/java_dl/methodCall3.key 
425292     DEBUG main            d.u.i.k.p.i.AbstractProblemLoader Environment load took 66.9ns 
425293     INFO  main            d.u.i.k.p.i.AbstractProblemLoader Creating init config 
427888     DEBUG main            d.u.i.k.p.i.AbstractProblemLoader Init config took 2.6s 
427904     INFO  main            d.u.i.k.p.i.AbstractProblemLoader Replaying proof methodCall3.key 
427905     DEBUG main            d.u.i.k.p.i.IntermediateProofReplayer Proof replay took 6.4ns 
428007     INFO  main            d.u.i.k.p.r.p.TestFile    ... finished proof: closed. 
428476     INFO  main            d.u.i.k.p.i.AbstractProblemLoader Loading environment from /home/runner/work/key/key/key.core/../key.ui/examples/standard_key/java_dl/methodCall3.key.proof 
428476     DEBUG main            d.u.i.k.p.i.AbstractProblemLoader Environment load took 103.71ns 
428477     INFO  main            d.u.i.k.p.i.AbstractProblemLoader Creating init config 
431061     DEBUG main            d.u.i.k.p.i.AbstractProblemLoader Init config took 2.58s 
431076     INFO  main            d.u.i.k.p.i.AbstractProblemLoader Replaying proof methodCall3.key.proof 
431087     DEBUG main            d.u.i.k.p.i.IntermediateProofReplayer Proof replay took 8.85ms 
431088     DEBUG main            d.u.i.k.p.r.p.TestFile    ... success: reloaded. 
431089     INFO  main            d.u.i.k.p.r.p.TestFile    Now processing file /home/runner/work/key/key/key.core/../key.ui/examples/standard_key/java_dl/polishFlagSort.key 
431089     INFO  main            d.u.i.k.p.i.AbstractProblemLoader Loading environment from /home/runner/work/key/key/key.core/../key.ui/examples/standard_key/java_dl/polishFlagSort.key 
431089     DEBUG main            d.u.i.k.p.i.AbstractProblemLoader Environment load took 85.61ns 
431091     INFO  main            d.u.i.k.p.i.AbstractProblemLoader Creating init config 
433686     DEBUG main            d.u.i.k.p.i.AbstractProblemLoader Init config took 2.6s 
433703     INFO  main            d.u.i.k.p.i.AbstractProblemLoader Replaying proof polishFlagSort.key 
433704     DEBUG main            d.u.i.k.p.i.IntermediateProofReplayer Proof replay took 7.1ns 
436113     INFO  main            d.u.i.k.p.r.p.TestFile    ... finished proof: closed. 
436614     INFO  main            d.u.i.k.p.i.AbstractProblemLoader Loading environment from /home/runner/work/key/key/key.core/../key.ui/examples/standard_key/java_dl/polishFlagSort.key.proof 
436614     DEBUG main            d.u.i.k.p.i.AbstractProblemLoader Environment load took 354.52ns 
436616     INFO  main            d.u.i.k.p.i.AbstractProblemLoader Creating init config 
439177     DEBUG main            d.u.i.k.p.i.AbstractProblemLoader Init config took 2.56s 
439193     INFO  main            d.u.i.k.p.i.AbstractProblemLoader Replaying proof polishFlagSort.key.proof 
439567     DEBUG main            d.u.i.k.p.i.IntermediateProofReplayer Proof replay took 361.33ms 
439569     DEBUG main            d.u.i.k.p.r.p.TestFile    ... success: reloaded. 
439570     INFO  main            d.u.i.k.p.r.p.TestFile    Now processing file /home/runner/work/key/key/key.core/../key.ui/examples/standard_key/java_dl/postConditionTaclets1.key 
439570     INFO  main            d.u.i.k.p.i.AbstractProblemLoader Loading environment from /home/runner/work/key/key/key.core/../key.ui/examples/standard_key/java_dl/postConditionTaclets1.key 
439570     DEBUG main            d.u.i.k.p.i.AbstractProblemLoader Environment load took 95.11ns 
439571     INFO  main            d.u.i.k.p.i.AbstractProblemLoader Creating init config 
442090     DEBUG main            d.u.i.k.p.i.AbstractProblemLoader Init config took 2.52s 
442106     INFO  main            d.u.i.k.p.i.AbstractProblemLoader Replaying proof postConditionTaclets1.key 
442109     DEBUG main            d.u.i.k.p.i.IntermediateProofReplayer Proof replay took 7.1ns 
442211     INFO  main            d.u.i.k.p.r.p.TestFile    ... finished proof: closed. 
442716     INFO  main            d.u.i.k.p.i.AbstractProblemLoader Loading environment from /home/runner/work/key/key/key.core/../key.ui/examples/standard_key/java_dl/postConditionTaclets1.key.proof 
442716     DEBUG main            d.u.i.k.p.i.AbstractProblemLoader Environment load took 84.51ns 
442717     INFO  main            d.u.i.k.p.i.AbstractProblemLoader Creating init config 
445150     DEBUG main            d.u.i.k.p.i.AbstractProblemLoader Init config took 2.43s 
445168     INFO  main            d.u.i.k.p.i.AbstractProblemLoader Replaying proof postConditionTaclets1.key.proof 
445171     DEBUG main            d.u.i.k.p.i.IntermediateProofReplayer Proof replay took 468.23ns 
445171     DEBUG main            d.u.i.k.p.r.p.TestFile    ... success: reloaded. 
445172     INFO  main            d.u.i.k.p.r.p.TestFile    Now processing file /home/runner/work/key/key/key.core/../key.ui/examples/standard_key/java_dl/postConditionTaclets2.key 
445172     INFO  main            d.u.i.k.p.i.AbstractProblemLoader Loading environment from /home/runner/work/key/key/key.core/../key.ui/examples/standard_key/java_dl/postConditionTaclets2.key 
445172     DEBUG main            d.u.i.k.p.i.AbstractProblemLoader Environment load took 103.51ns 
445173     INFO  main            d.u.i.k.p.i.AbstractProblemLoader Creating init config 
447623     DEBUG main            d.u.i.k.p.i.AbstractProblemLoader Init config took 2.45s 
447639     INFO  main            d.u.i.k.p.i.AbstractProblemLoader Replaying proof postConditionTaclets2.key 
447641     DEBUG main            d.u.i.k.p.i.IntermediateProofReplayer Proof replay took 7.2ns 
447744     INFO  main            d.u.i.k.p.r.p.TestFile    ... finished proof: closed. 
448216     INFO  main            d.u.i.k.p.i.AbstractProblemLoader Loading environment from /home/runner/work/key/key/key.core/../key.ui/examples/standard_key/java_dl/postConditionTaclets2.key.proof 
448216     DEBUG main            d.u.i.k.p.i.AbstractProblemLoader Environment load took 90.91ns 
448217     INFO  main            d.u.i.k.p.i.AbstractProblemLoader Creating init config 
450639     DEBUG main            d.u.i.k.p.i.AbstractProblemLoader Init config took 2.42s 
450655     INFO  main            d.u.i.k.p.i.AbstractProblemLoader Replaying proof postConditionTaclets2.key.proof 
450657     DEBUG main            d.u.i.k.p.i.IntermediateProofReplayer Proof replay took 635.84ns 
450658     DEBUG main            d.u.i.k.p.r.p.TestFile    ... success: reloaded. 
450658     INFO  main            d.u.i.k.p.r.p.TestFile    Now processing file /home/runner/work/key/key/key.core/../key.ui/examples/standard_key/java_dl/quantifiedQuery.key 
450659     INFO  main            d.u.i.k.p.i.AbstractProblemLoader Loading environment from /home/runner/work/key/key/key.core/../key.ui/examples/standard_key/java_dl/quantifiedQuery.key 
450659     DEBUG main            d.u.i.k.p.i.AbstractProblemLoader Environment load took 46.3ns 
450660     INFO  main            d.u.i.k.p.i.AbstractProblemLoader Creating init config 
453208     DEBUG main            d.u.i.k.p.i.AbstractProblemLoader Init config took 2.55s 
453224     INFO  main            d.u.i.k.p.i.AbstractProblemLoader Replaying proof quantifiedQuery.key 
453225     DEBUG main            d.u.i.k.p.i.IntermediateProofReplayer Proof replay took 8.1ns 
453327     INFO  main            d.u.i.k.p.r.p.TestFile    ... finished proof: closed. 
453784     INFO  main            d.u.i.k.p.i.AbstractProblemLoader Loading environment from /home/runner/work/key/key/key.core/../key.ui/examples/standard_key/java_dl/quantifiedQuery.key.proof 
453784     DEBUG main            d.u.i.k.p.i.AbstractProblemLoader Environment load took 88.11ns 
453785     INFO  main            d.u.i.k.p.i.AbstractProblemLoader Creating init config 
456274     DEBUG main            d.u.i.k.p.i.AbstractProblemLoader Init config took 2.49s 
456289     INFO  main            d.u.i.k.p.i.AbstractProblemLoader Replaying proof quantifiedQuery.key.proof 
456300     DEBUG main            d.u.i.k.p.i.IntermediateProofReplayer Proof replay took 10.08ms 
456310     DEBUG main            d.u.i.k.p.r.p.TestFile    ... success: reloaded. 
456311     INFO  main            d.u.i.k.p.r.p.TestFile    Now processing file /home/runner/work/key/key/key.core/../key.ui/examples/standard_key/java_dl/recursion/triangular.key 
456311     INFO  main            d.u.i.k.p.i.AbstractProblemLoader Loading environment from /home/runner/work/key/key/key.core/../key.ui/examples/standard_key/java_dl/recursion/triangular.key 
456311     DEBUG main            d.u.i.k.p.i.AbstractProblemLoader Environment load took 98.31ns 
456312     INFO  main            d.u.i.k.p.i.AbstractProblemLoader Creating init config 
458864     DEBUG main            d.u.i.k.p.i.AbstractProblemLoader Init config took 2.55s 
458900     INFO  main            d.u.i.k.p.i.AbstractProblemLoader Replaying proof Triangular[Triangular::tria(int)].JML normal_behavior operation contract.0 
458901     DEBUG main            d.u.i.k.p.i.IntermediateProofReplayer Proof replay took 6.5ns 
459104     INFO  main            d.u.i.k.p.r.p.TestFile    ... finished proof: closed. 
459592     INFO  main            d.u.i.k.p.i.AbstractProblemLoader Loading environment from /home/runner/work/key/key/key.core/../key.ui/examples/standard_key/java_dl/recursion/triangular.key.proof 
459592     DEBUG main            d.u.i.k.p.i.AbstractProblemLoader Environment load took 90.41ns 
459593     INFO  main            d.u.i.k.p.i.AbstractProblemLoader Creating init config 
462056     DEBUG main            d.u.i.k.p.i.AbstractProblemLoader Init config took 2.46s 
462090     INFO  main            d.u.i.k.p.i.AbstractProblemLoader Replaying proof Triangular[Triangular::tria(int)].JML normal_behavior operation contract.0 
462124     DEBUG main            d.u.i.k.p.i.IntermediateProofReplayer Proof replay took 32.17ms 
462124     DEBUG main            d.u.i.k.p.r.p.TestFile    ... success: reloaded. 
462125     INFO  main            d.u.i.k.p.r.p.TestFile    Now processing file /home/runner/work/key/key/key.core/../key.ui/examples/standard_key/java_dl/reverseArray.key 
462125     INFO  main            d.u.i.k.p.i.AbstractProblemLoader Loading environment from /home/runner/work/key/key/key.core/../key.ui/examples/standard_key/java_dl/reverseArray.key 
462125     DEBUG main            d.u.i.k.p.i.AbstractProblemLoader Environment load took 80.81ns 
462127     INFO  main            d.u.i.k.p.i.AbstractProblemLoader Creating init config 
462148     WARN  main            d.u.i.k.j.r.KeYCrossReferenceNameInfo Datatype java.io.InputStream declared twice: Once in FILE:/home/runner/work/key/key/key.core/../key.ui/examples/standard_key/java_dl/./classpath/InputStream.java and once in URL:file:/home/runner/work/key/key/key.core/build/resources/main/de/uka/ilkd/key/java/JavaRedux/java/io/InputStream.java, Keeping one from URL:file:/home/runner/work/key/key/key.core/build/resources/main/de/uka/ilkd/key/java/JavaRedux/java/io/InputStream.java 
462148     WARN  main            d.u.i.k.j.r.KeYCrossReferenceNameInfo Datatype java.lang.System declared twice: Once in FILE:/home/runner/work/key/key/key.core/../key.ui/examples/standard_key/java_dl/./classpath/System.java and once in URL:file:/home/runner/work/key/key/key.core/build/resources/main/de/uka/ilkd/key/java/JavaRedux/java/lang/System.java, Keeping one from URL:file:/home/runner/work/key/key/key.core/build/resources/main/de/uka/ilkd/key/java/JavaRedux/java/lang/System.java 
462148     WARN  main            d.u.i.k.j.r.KeYCrossReferenceNameInfo Datatype java.io.PrintStream declared twice: Once in FILE:/home/runner/work/key/key/key.core/../key.ui/examples/standard_key/java_dl/./classpath/PrintStream.java and once in URL:file:/home/runner/work/key/key/key.core/build/resources/main/de/uka/ilkd/key/java/JavaRedux/java/io/PrintStream.java, Keeping one from URL:file:/home/runner/work/key/key/key.core/build/resources/main/de/uka/ilkd/key/java/JavaRedux/java/io/PrintStream.java 
462152     DEBUG main            d.u.i.k.j.r.ClassFileDeclarationBuilder Parsing: package java.io; public class Closeable { } 
462152     DEBUG main            r.s.KeYCrossReferenceSourceInfo Dynamically created class: java.io.Closeable 
464755     DEBUG main            d.u.i.k.p.i.AbstractProblemLoader Init config took 2.63s 
464771     INFO  main            d.u.i.k.p.i.AbstractProblemLoader Replaying proof reverseArray.key 
464773     DEBUG main            d.u.i.k.p.i.IntermediateProofReplayer Proof replay took 6.4ns 
469452     INFO  main            d.u.i.k.p.r.p.TestFile    ... finished proof: closed. 
469987     INFO  main            d.u.i.k.p.i.AbstractProblemLoader Loading environment from /home/runner/work/key/key/key.core/../key.ui/examples/standard_key/java_dl/reverseArray.key.proof 
469987     DEBUG main            d.u.i.k.p.i.AbstractProblemLoader Environment load took 160.91ns 
469990     INFO  main            d.u.i.k.p.i.AbstractProblemLoader Creating init config 
470019     WARN  main            d.u.i.k.j.r.KeYCrossReferenceNameInfo Datatype java.io.InputStream declared twice: Once in FILE:/home/runner/work/key/key/key.core/../key.ui/examples/standard_key/java_dl/classpath/InputStream.java and once in URL:file:/home/runner/work/key/key/key.core/build/resources/main/de/uka/ilkd/key/java/JavaRedux/java/io/InputStream.java, Keeping one from URL:file:/home/runner/work/key/key/key.core/build/resources/main/de/uka/ilkd/key/java/JavaRedux/java/io/InputStream.java 
470019     WARN  main            d.u.i.k.j.r.KeYCrossReferenceNameInfo Datatype java.lang.System declared twice: Once in FILE:/home/runner/work/key/key/key.core/../key.ui/examples/standard_key/java_dl/classpath/System.java and once in URL:file:/home/runner/work/key/key/key.core/build/resources/main/de/uka/ilkd/key/java/JavaRedux/java/lang/System.java, Keeping one from URL:file:/home/runner/work/key/key/key.core/build/resources/main/de/uka/ilkd/key/java/JavaRedux/java/lang/System.java 
470019     WARN  main            d.u.i.k.j.r.KeYCrossReferenceNameInfo Datatype java.io.PrintStream declared twice: Once in FILE:/home/runner/work/key/key/key.core/../key.ui/examples/standard_key/java_dl/classpath/PrintStream.java and once in URL:file:/home/runner/work/key/key/key.core/build/resources/main/de/uka/ilkd/key/java/JavaRedux/java/io/PrintStream.java, Keeping one from URL:file:/home/runner/work/key/key/key.core/build/resources/main/de/uka/ilkd/key/java/JavaRedux/java/io/PrintStream.java 
470023     DEBUG main            d.u.i.k.j.r.ClassFileDeclarationBuilder Parsing: package java.io; public class Closeable { } 
470023     DEBUG main            r.s.KeYCrossReferenceSourceInfo Dynamically created class: java.io.Closeable 
472591     DEBUG main            d.u.i.k.p.i.AbstractProblemLoader Init config took 2.6s 
472608     INFO  main            d.u.i.k.p.i.AbstractProblemLoader Replaying proof reverseArray.key.proof 
473239     DEBUG main            d.u.i.k.p.i.IntermediateProofReplayer Proof replay took 620.1ms 
473241     DEBUG main            d.u.i.k.p.r.p.TestFile    ... success: reloaded. 
473242     INFO  main            d.u.i.k.p.r.p.TestFile    Now processing file /home/runner/work/key/key/key.core/../key.ui/examples/standard_key/java_dl/reverseArray2.key 
473243     INFO  main            d.u.i.k.p.i.AbstractProblemLoader Loading environment from /home/runner/work/key/key/key.core/../key.ui/examples/standard_key/java_dl/reverseArray2.key 
473243     DEBUG main            d.u.i.k.p.i.AbstractProblemLoader Environment load took 93.61ns 
473245     INFO  main            d.u.i.k.p.i.AbstractProblemLoader Creating init config 
473267     WARN  main            d.u.i.k.j.r.KeYCrossReferenceNameInfo Datatype java.io.InputStream declared twice: Once in FILE:/home/runner/work/key/key/key.core/../key.ui/examples/standard_key/java_dl/classpath/InputStream.java and once in URL:file:/home/runner/work/key/key/key.core/build/resources/main/de/uka/ilkd/key/java/JavaRedux/java/io/InputStream.java, Keeping one from URL:file:/home/runner/work/key/key/key.core/build/resources/main/de/uka/ilkd/key/java/JavaRedux/java/io/InputStream.java 
473267     WARN  main            d.u.i.k.j.r.KeYCrossReferenceNameInfo Datatype java.lang.System declared twice: Once in FILE:/home/runner/work/key/key/key.core/../key.ui/examples/standard_key/java_dl/classpath/System.java and once in URL:file:/home/runner/work/key/key/key.core/build/resources/main/de/uka/ilkd/key/java/JavaRedux/java/lang/System.java, Keeping one from URL:file:/home/runner/work/key/key/key.core/build/resources/main/de/uka/ilkd/key/java/JavaRedux/java/lang/System.java 
473267     WARN  main            d.u.i.k.j.r.KeYCrossReferenceNameInfo Datatype java.io.PrintStream declared twice: Once in FILE:/home/runner/work/key/key/key.core/../key.ui/examples/standard_key/java_dl/classpath/PrintStream.java and once in URL:file:/home/runner/work/key/key/key.core/build/resources/main/de/uka/ilkd/key/java/JavaRedux/java/io/PrintStream.java, Keeping one from URL:file:/home/runner/work/key/key/key.core/build/resources/main/de/uka/ilkd/key/java/JavaRedux/java/io/PrintStream.java 
473271     DEBUG main            d.u.i.k.j.r.ClassFileDeclarationBuilder Parsing: package java.io; public class Closeable { } 
473271     DEBUG main            r.s.KeYCrossReferenceSourceInfo Dynamically created class: java.io.Closeable 
475917     DEBUG main            d.u.i.k.p.i.AbstractProblemLoader Init config took 2.67s 
475934     INFO  main            d.u.i.k.p.i.AbstractProblemLoader Replaying proof reverseArray2.key 
475935     DEBUG main            d.u.i.k.p.i.IntermediateProofReplayer Proof replay took 32.5ns 
477443     INFO  main            d.u.i.k.p.r.p.TestFile    ... finished proof: closed. 
478074     INFO  main            d.u.i.k.p.i.AbstractProblemLoader Loading environment from /home/runner/work/key/key/key.core/../key.ui/examples/standard_key/java_dl/reverseArray2.key.proof 
478075     DEBUG main            d.u.i.k.p.i.AbstractProblemLoader Environment load took 374.12ns 
478076     INFO  main            d.u.i.k.p.i.AbstractProblemLoader Creating init config 
478100     WARN  main            d.u.i.k.j.r.KeYCrossReferenceNameInfo Datatype java.io.InputStream declared twice: Once in FILE:/home/runner/work/key/key/key.core/../key.ui/examples/standard_key/java_dl/classpath/InputStream.java and once in URL:file:/home/runner/work/key/key/key.core/build/resources/main/de/uka/ilkd/key/java/JavaRedux/java/io/InputStream.java, Keeping one from URL:file:/home/runner/work/key/key/key.core/build/resources/main/de/uka/ilkd/key/java/JavaRedux/java/io/InputStream.java 
478101     WARN  main            d.u.i.k.j.r.KeYCrossReferenceNameInfo Datatype java.lang.System declared twice: Once in FILE:/home/runner/work/key/key/key.core/../key.ui/examples/standard_key/java_dl/classpath/System.java and once in URL:file:/home/runner/work/key/key/key.core/build/resources/main/de/uka/ilkd/key/java/JavaRedux/java/lang/System.java, Keeping one from URL:file:/home/runner/work/key/key/key.core/build/resources/main/de/uka/ilkd/key/java/JavaRedux/java/lang/System.java 
478101     WARN  main            d.u.i.k.j.r.KeYCrossReferenceNameInfo Datatype java.io.PrintStream declared twice: Once in FILE:/home/runner/work/key/key/key.core/../key.ui/examples/standard_key/java_dl/classpath/PrintStream.java and once in URL:file:/home/runner/work/key/key/key.core/build/resources/main/de/uka/ilkd/key/java/JavaRedux/java/io/PrintStream.java, Keeping one from URL:file:/home/runner/work/key/key/key.core/build/resources/main/de/uka/ilkd/key/java/JavaRedux/java/io/PrintStream.java 
478105     DEBUG main            d.u.i.k.j.r.ClassFileDeclarationBuilder Parsing: package java.io; public class Closeable { } 
478105     DEBUG main            r.s.KeYCrossReferenceSourceInfo Dynamically created class: java.io.Closeable 
480663     DEBUG main            d.u.i.k.p.i.AbstractProblemLoader Init config took 2.59s 
480680     INFO  main            d.u.i.k.p.i.AbstractProblemLoader Replaying proof reverseArray2.key.proof 
480910     DEBUG main            d.u.i.k.p.i.IntermediateProofReplayer Proof replay took 225.83ms 
480912     DEBUG main            d.u.i.k.p.r.p.TestFile    ... success: reloaded. 
480913     INFO  main            d.u.i.k.p.r.p.TestFile    Now processing file /home/runner/work/key/key/key.core/../key.ui/examples/standard_key/java_dl/simpleAssignment.key 
480913     INFO  main            d.u.i.k.p.i.AbstractProblemLoader Loading environment from /home/runner/work/key/key/key.core/../key.ui/examples/standard_key/java_dl/simpleAssignment.key 
480913     DEBUG main            d.u.i.k.p.i.AbstractProblemLoader Environment load took 56.6ns 
480914     INFO  main            d.u.i.k.p.i.AbstractProblemLoader Creating init config 
483494     DEBUG main            d.u.i.k.p.i.AbstractProblemLoader Init config took 2.58s 
483509     INFO  main            d.u.i.k.p.i.AbstractProblemLoader Replaying proof simpleAssignment.key 
483511     DEBUG main            d.u.i.k.p.i.IntermediateProofReplayer Proof replay took 2.8ns 
483612     INFO  main            d.u.i.k.p.r.p.TestFile    ... finished proof: closed. 
484148     INFO  main            d.u.i.k.p.i.AbstractProblemLoader Loading environment from /home/runner/work/key/key/key.core/../key.ui/examples/standard_key/java_dl/simpleAssignment.key.proof 
484148     DEBUG main            d.u.i.k.p.i.AbstractProblemLoader Environment load took 83.41ns 
484149     INFO  main            d.u.i.k.p.i.AbstractProblemLoader Creating init config 
486609     DEBUG main            d.u.i.k.p.i.AbstractProblemLoader Init config took 2.46s 
486624     INFO  main            d.u.i.k.p.i.AbstractProblemLoader Replaying proof simpleAssignment.key.proof 
486626     DEBUG main            d.u.i.k.p.i.IntermediateProofReplayer Proof replay took 604.04ns 
486627     DEBUG main            d.u.i.k.p.r.p.TestFile    ... success: reloaded. 
486627     INFO  main            d.u.i.k.p.r.p.TestFile    Now processing file /home/runner/work/key/key/key.core/../key.ui/examples/standard_key/java_dl/simpleAssignment2.key 
486628     INFO  main            d.u.i.k.p.i.AbstractProblemLoader Loading environment from /home/runner/work/key/key/key.core/../key.ui/examples/standard_key/java_dl/simpleAssignment2.key 
486628     DEBUG main            d.u.i.k.p.i.AbstractProblemLoader Environment load took 56.1ns 
486628     INFO  main            d.u.i.k.p.i.AbstractProblemLoader Creating init config 
489125     DEBUG main            d.u.i.k.p.i.AbstractProblemLoader Init config took 2.5s 
489142     INFO  main            d.u.i.k.p.i.AbstractProblemLoader Replaying proof simpleAssignment2.key 
489143     DEBUG main            d.u.i.k.p.i.IntermediateProofReplayer Proof replay took 2.6ns 
489244     INFO  main            d.u.i.k.p.r.p.TestFile    ... finished proof: closed. 
489736     INFO  main            d.u.i.k.p.i.AbstractProblemLoader Loading environment from /home/runner/work/key/key/key.core/../key.ui/examples/standard_key/java_dl/simpleAssignment2.key.proof 
489736     DEBUG main            d.u.i.k.p.i.AbstractProblemLoader Environment load took 91.51ns 
489737     INFO  main            d.u.i.k.p.i.AbstractProblemLoader Creating init config 
492135     DEBUG main            d.u.i.k.p.i.AbstractProblemLoader Init config took 2.4s 
492150     INFO  main            d.u.i.k.p.i.AbstractProblemLoader Replaying proof simpleAssignment2.key.proof 
492151     DEBUG main            d.u.i.k.p.i.IntermediateProofReplayer Proof replay took 379.82ns 
492152     DEBUG main            d.u.i.k.p.r.p.TestFile    ... success: reloaded. 
492152     INFO  main            d.u.i.k.p.r.p.TestFile    Now processing file /home/runner/work/key/key/key.core/../key.ui/examples/standard_key/java_dl/splittingWithQueries.key 
492152     INFO  main            d.u.i.k.p.i.AbstractProblemLoader Loading environment from /home/runner/work/key/key/key.core/../key.ui/examples/standard_key/java_dl/splittingWithQueries.key 
492152     DEBUG main            d.u.i.k.p.i.AbstractProblemLoader Environment load took 37.7ns 
492153     INFO  main            d.u.i.k.p.i.AbstractProblemLoader Creating init config 
494748     DEBUG main            d.u.i.k.p.i.AbstractProblemLoader Init config took 2.6s 
494764     INFO  main            d.u.i.k.p.i.AbstractProblemLoader Replaying proof splittingWithQueries.key 
494765     DEBUG main            d.u.i.k.p.i.IntermediateProofReplayer Proof replay took 3.2ns 
494867     INFO  main            d.u.i.k.p.r.p.TestFile    ... finished proof: closed. 
495362     INFO  main            d.u.i.k.p.i.AbstractProblemLoader Loading environment from /home/runner/work/key/key/key.core/../key.ui/examples/standard_key/java_dl/splittingWithQueries.key.proof 
495362     DEBUG main            d.u.i.k.p.i.AbstractProblemLoader Environment load took 97.41ns 
495363     INFO  main            d.u.i.k.p.i.AbstractProblemLoader Creating init config 
497918     DEBUG main            d.u.i.k.p.i.AbstractProblemLoader Init config took 2.55s 
497933     INFO  main            d.u.i.k.p.i.AbstractProblemLoader Replaying proof splittingWithQueries.key.proof 
497936     DEBUG main            d.u.i.k.p.i.IntermediateProofReplayer Proof replay took 1.84ms 
497937     DEBUG main            d.u.i.k.p.r.p.TestFile    ... success: reloaded. 
497938     INFO  main            d.u.i.k.p.r.p.TestFile    Now processing file /home/runner/work/key/key/key.core/../key.ui/examples/standard_key/java_dl/strassen/strassen.key 
497939     INFO  main            d.u.i.k.p.i.AbstractProblemLoader Loading environment from /home/runner/work/key/key/key.core/../key.ui/examples/standard_key/java_dl/strassen/strassen.key 
497939     DEBUG main            d.u.i.k.p.i.AbstractProblemLoader Environment load took 69.1ns 
497940     INFO  main            d.u.i.k.p.i.AbstractProblemLoader Creating init config 
500606     DEBUG main            d.u.i.k.p.i.AbstractProblemLoader Init config took 2.67s 
500642     INFO  main            d.u.i.k.p.i.AbstractProblemLoader Replaying proof Matrix22[Matrix22::strassen(Matrix22,Matrix22)].JML normal_behavior operation contract.0 
500643     DEBUG main            d.u.i.k.p.i.IntermediateProofReplayer Proof replay took 3ns 
505962     INFO  main            d.u.i.k.p.r.p.TestFile    ... finished proof: closed. 
506622     INFO  main            d.u.i.k.p.i.AbstractProblemLoader Loading environment from /home/runner/work/key/key/key.core/../key.ui/examples/standard_key/java_dl/strassen/strassen.key.proof 
506622     DEBUG main            d.u.i.k.p.i.AbstractProblemLoader Environment load took 354.82ns 
506623     INFO  main            d.u.i.k.p.i.AbstractProblemLoader Creating init config 
509271     DEBUG main            d.u.i.k.p.i.AbstractProblemLoader Init config took 2.65s 
509308     INFO  main            d.u.i.k.p.i.AbstractProblemLoader Replaying proof Matrix22[Matrix22::strassen(Matrix22,Matrix22)].JML normal_behavior operation contract.0 
510103     DEBUG main            d.u.i.k.p.i.IntermediateProofReplayer Proof replay took 786.04ms 
510105     DEBUG main            d.u.i.k.p.r.p.TestFile    ... success: reloaded. 
510106     INFO  main            d.u.i.k.p.r.p.TestFile    Now processing file /home/runner/work/key/key/key.core/../key.ui/examples/standard_key/java_dl/symmArray.key 
510106     INFO  main            d.u.i.k.p.i.AbstractProblemLoader Loading environment from /home/runner/work/key/key/key.core/../key.ui/examples/standard_key/java_dl/symmArray.key 
510106     DEBUG main            d.u.i.k.p.i.AbstractProblemLoader Environment load took 89.01ns 
510110     INFO  main            d.u.i.k.p.i.AbstractProblemLoader Creating init config 
512702     DEBUG main            d.u.i.k.p.i.AbstractProblemLoader Init config took 2.59s 
512717     INFO  main            d.u.i.k.p.i.AbstractProblemLoader Replaying proof symmArray.key 
512718     DEBUG main            d.u.i.k.p.i.IntermediateProofReplayer Proof replay took 2.2ns 
619372     INFO  main            d.u.i.k.p.r.p.TestFile    ... finished proof: closed. 
620013     INFO  main            d.u.i.k.p.i.AbstractProblemLoader Loading environment from /home/runner/work/key/key/key.core/../key.ui/examples/standard_key/java_dl/symmArray.key.proof 
620013     DEBUG main            d.u.i.k.p.i.AbstractProblemLoader Environment load took 396.32ns 
620020     INFO  main            d.u.i.k.p.i.AbstractProblemLoader Creating init config 
622637     DEBUG main            d.u.i.k.p.i.AbstractProblemLoader Init config took 2.62s 
622655     INFO  main            d.u.i.k.p.i.AbstractProblemLoader Replaying proof symmArray.key.proof 
623856     DEBUG main            d.u.i.k.p.i.IntermediateProofReplayer Proof replay took 1.15s 
623862     DEBUG main            d.u.i.k.p.r.p.TestFile    ... success: reloaded. 
623863     INFO  main            d.u.i.k.p.r.p.TestFile    Now processing file /home/runner/work/key/key/key.core/../key.ui/examples/standard_key/java_dl/testcontext.key 
623863     INFO  main            d.u.i.k.p.i.AbstractProblemLoader Loading environment from /home/runner/work/key/key/key.core/../key.ui/examples/standard_key/java_dl/testcontext.key 
623863     DEBUG main            d.u.i.k.p.i.AbstractProblemLoader Environment load took 80.81ns 
623864     INFO  main            d.u.i.k.p.i.AbstractProblemLoader Creating init config 
623886     WARN  main            d.u.i.k.j.r.KeYCrossReferenceNameInfo Datatype java.io.InputStream declared twice: Once in FILE:/home/runner/work/key/key/key.core/../key.ui/examples/standard_key/java_dl/classpath/InputStream.java and once in URL:file:/home/runner/work/key/key/key.core/build/resources/main/de/uka/ilkd/key/java/JavaRedux/java/io/InputStream.java, Keeping one from URL:file:/home/runner/work/key/key/key.core/build/resources/main/de/uka/ilkd/key/java/JavaRedux/java/io/InputStream.java 
623886     WARN  main            d.u.i.k.j.r.KeYCrossReferenceNameInfo Datatype java.lang.System declared twice: Once in FILE:/home/runner/work/key/key/key.core/../key.ui/examples/standard_key/java_dl/classpath/System.java and once in URL:file:/home/runner/work/key/key/key.core/build/resources/main/de/uka/ilkd/key/java/JavaRedux/java/lang/System.java, Keeping one from URL:file:/home/runner/work/key/key/key.core/build/resources/main/de/uka/ilkd/key/java/JavaRedux/java/lang/System.java 
623886     WARN  main            d.u.i.k.j.r.KeYCrossReferenceNameInfo Datatype java.io.PrintStream declared twice: Once in FILE:/home/runner/work/key/key/key.core/../key.ui/examples/standard_key/java_dl/classpath/PrintStream.java and once in URL:file:/home/runner/work/key/key/key.core/build/resources/main/de/uka/ilkd/key/java/JavaRedux/java/io/PrintStream.java, Keeping one from URL:file:/home/runner/work/key/key/key.core/build/resources/main/de/uka/ilkd/key/java/JavaRedux/java/io/PrintStream.java 
623890     DEBUG main            d.u.i.k.j.r.ClassFileDeclarationBuilder Parsing: package java.io; public class Closeable { } 
623890     DEBUG main            r.s.KeYCrossReferenceSourceInfo Dynamically created class: java.io.Closeable 
626447     DEBUG main            d.u.i.k.p.i.AbstractProblemLoader Init config took 2.58s 
626463     INFO  main            d.u.i.k.p.i.AbstractProblemLoader Replaying proof testcontext.key 
626464     DEBUG main            d.u.i.k.p.i.IntermediateProofReplayer Proof replay took 2.4ns 
626766     INFO  main            d.u.i.k.p.r.p.TestFile    ... finished proof: closed. 
627413     INFO  main            d.u.i.k.p.i.AbstractProblemLoader Loading environment from /home/runner/work/key/key/key.core/../key.ui/examples/standard_key/java_dl/testcontext.key.proof 
627413     DEBUG main            d.u.i.k.p.i.AbstractProblemLoader Environment load took 98.81ns 
627415     INFO  main            d.u.i.k.p.i.AbstractProblemLoader Creating init config 
627436     WARN  main            d.u.i.k.j.r.KeYCrossReferenceNameInfo Datatype java.io.InputStream declared twice: Once in FILE:/home/runner/work/key/key/key.core/../key.ui/examples/standard_key/java_dl/classpath/InputStream.java and once in URL:file:/home/runner/work/key/key/key.core/build/resources/main/de/uka/ilkd/key/java/JavaRedux/java/io/InputStream.java, Keeping one from URL:file:/home/runner/work/key/key/key.core/build/resources/main/de/uka/ilkd/key/java/JavaRedux/java/io/InputStream.java 
627436     WARN  main            d.u.i.k.j.r.KeYCrossReferenceNameInfo Datatype java.lang.System declared twice: Once in FILE:/home/runner/work/key/key/key.core/../key.ui/examples/standard_key/java_dl/classpath/System.java and once in URL:file:/home/runner/work/key/key/key.core/build/resources/main/de/uka/ilkd/key/java/JavaRedux/java/lang/System.java, Keeping one from URL:file:/home/runner/work/key/key/key.core/build/resources/main/de/uka/ilkd/key/java/JavaRedux/java/lang/System.java 
627436     WARN  main            d.u.i.k.j.r.KeYCrossReferenceNameInfo Datatype java.io.PrintStream declared twice: Once in FILE:/home/runner/work/key/key/key.core/../key.ui/examples/standard_key/java_dl/classpath/PrintStream.java and once in URL:file:/home/runner/work/key/key/key.core/build/resources/main/de/uka/ilkd/key/java/JavaRedux/java/io/PrintStream.java, Keeping one from URL:file:/home/runner/work/key/key/key.core/build/resources/main/de/uka/ilkd/key/java/JavaRedux/java/io/PrintStream.java 
627439     DEBUG main            d.u.i.k.j.r.ClassFileDeclarationBuilder Parsing: package java.io; public class Closeable { } 
627440     DEBUG main            r.s.KeYCrossReferenceSourceInfo Dynamically created class: java.io.Closeable 
630035     DEBUG main            d.u.i.k.p.i.AbstractProblemLoader Init config took 2.62s 
630051     INFO  main            d.u.i.k.p.i.AbstractProblemLoader Replaying proof testcontext.key.proof 
630113     DEBUG main            d.u.i.k.p.i.IntermediateProofReplayer Proof replay took 59.42ms 
630115     DEBUG main            d.u.i.k.p.r.p.TestFile    ... success: reloaded. 
630115     INFO  main            d.u.i.k.p.r.p.TestFile    Now processing file /home/runner/work/key/key/key.core/../key.ui/examples/standard_key/staticInitialisation/cascadeStaticInitialisation.key 
630115     INFO  main            d.u.i.k.p.i.AbstractProblemLoader Loading environment from /home/runner/work/key/key/key.core/../key.ui/examples/standard_key/staticInitialisation/cascadeStaticInitialisation.key 
630115     DEBUG main            d.u.i.k.p.i.AbstractProblemLoader Environment load took 48.6ns 
630118     INFO  main            d.u.i.k.p.i.AbstractProblemLoader Creating init config 
630139     WARN  main            d.u.i.k.j.r.KeYCrossReferenceNameInfo Datatype java.lang.System declared twice: Once in FILE:/home/runner/work/key/key/key.core/../key.ui/examples/standard_key/staticInitialisation/classpath/System.java and once in URL:file:/home/runner/work/key/key/key.core/build/resources/main/de/uka/ilkd/key/java/JavaRedux/java/lang/System.java, Keeping one from URL:file:/home/runner/work/key/key/key.core/build/resources/main/de/uka/ilkd/key/java/JavaRedux/java/lang/System.java 
630139     WARN  main            d.u.i.k.j.r.KeYCrossReferenceNameInfo Datatype java.io.PrintStream declared twice: Once in FILE:/home/runner/work/key/key/key.core/../key.ui/examples/standard_key/staticInitialisation/classpath/PrintStream.java and once in URL:file:/home/runner/work/key/key/key.core/build/resources/main/de/uka/ilkd/key/java/JavaRedux/java/io/PrintStream.java, Keeping one from URL:file:/home/runner/work/key/key/key.core/build/resources/main/de/uka/ilkd/key/java/JavaRedux/java/io/PrintStream.java 
632781     DEBUG main            d.u.i.k.p.i.AbstractProblemLoader Init config took 2.66s 
632796     INFO  main            d.u.i.k.p.i.AbstractProblemLoader Replaying proof cascadeStaticInitialisation.key 
632797     DEBUG main            d.u.i.k.p.i.IntermediateProofReplayer Proof replay took 2.6ns 
633507     INFO  main            d.u.i.k.p.r.p.TestFile    ... finished proof: closed. 
634105     INFO  main            d.u.i.k.p.i.AbstractProblemLoader Loading environment from /home/runner/work/key/key/key.core/../key.ui/examples/standard_key/staticInitialisation/cascadeStaticInitialisation.key.proof 
634105     DEBUG main            d.u.i.k.p.i.AbstractProblemLoader Environment load took 88.41ns 
634107     INFO  main            d.u.i.k.p.i.AbstractProblemLoader Creating init config 
634128     WARN  main            d.u.i.k.j.r.KeYCrossReferenceNameInfo Datatype java.lang.System declared twice: Once in FILE:/home/runner/work/key/key/key.core/../key.ui/examples/standard_key/staticInitialisation/classpath/System.java and once in URL:file:/home/runner/work/key/key/key.core/build/resources/main/de/uka/ilkd/key/java/JavaRedux/java/lang/System.java, Keeping one from URL:file:/home/runner/work/key/key/key.core/build/resources/main/de/uka/ilkd/key/java/JavaRedux/java/lang/System.java 
634128     WARN  main            d.u.i.k.j.r.KeYCrossReferenceNameInfo Datatype java.io.PrintStream declared twice: Once in FILE:/home/runner/work/key/key/key.core/../key.ui/examples/standard_key/staticInitialisation/classpath/PrintStream.java and once in URL:file:/home/runner/work/key/key/key.core/build/resources/main/de/uka/ilkd/key/java/JavaRedux/java/io/PrintStream.java, Keeping one from URL:file:/home/runner/work/key/key/key.core/build/resources/main/de/uka/ilkd/key/java/JavaRedux/java/io/PrintStream.java 
636696     DEBUG main            d.u.i.k.p.i.AbstractProblemLoader Init config took 2.59s 
636711     INFO  main            d.u.i.k.p.i.AbstractProblemLoader Replaying proof cascadeStaticInitialisation.key.proof 
636864     DEBUG main            d.u.i.k.p.i.IntermediateProofReplayer Proof replay took 151.5ms 
636866     DEBUG main            d.u.i.k.p.r.p.TestFile    ... success: reloaded. 
636866     INFO  main            d.u.i.k.p.r.p.TestFile    Now processing file /home/runner/work/key/key/key.core/../key.ui/examples/standard_key/staticInitialisation/erroneousClassImpliesErroneousSubclass.key 
636867     INFO  main            d.u.i.k.p.i.AbstractProblemLoader Loading environment from /home/runner/work/key/key/key.core/../key.ui/examples/standard_key/staticInitialisation/erroneousClassImpliesErroneousSubclass.key 
636867     DEBUG main            d.u.i.k.p.i.AbstractProblemLoader Environment load took 49.9ns 
636868     INFO  main            d.u.i.k.p.i.AbstractProblemLoader Creating init config 
636889     WARN  main            d.u.i.k.j.r.KeYCrossReferenceNameInfo Datatype java.lang.System declared twice: Once in FILE:/home/runner/work/key/key/key.core/../key.ui/examples/standard_key/staticInitialisation/classpath/System.java and once in URL:file:/home/runner/work/key/key/key.core/build/resources/main/de/uka/ilkd/key/java/JavaRedux/java/lang/System.java, Keeping one from URL:file:/home/runner/work/key/key/key.core/build/resources/main/de/uka/ilkd/key/java/JavaRedux/java/lang/System.java 
636889     WARN  main            d.u.i.k.j.r.KeYCrossReferenceNameInfo Datatype java.io.PrintStream declared twice: Once in FILE:/home/runner/work/key/key/key.core/../key.ui/examples/standard_key/staticInitialisation/classpath/PrintStream.java and once in URL:file:/home/runner/work/key/key/key.core/build/resources/main/de/uka/ilkd/key/java/JavaRedux/java/io/PrintStream.java, Keeping one from URL:file:/home/runner/work/key/key/key.core/build/resources/main/de/uka/ilkd/key/java/JavaRedux/java/io/PrintStream.java 
639562     DEBUG main            d.u.i.k.p.i.AbstractProblemLoader Init config took 2.69s 
639576     INFO  main            d.u.i.k.p.i.AbstractProblemLoader Replaying proof erroneousClassImpliesErroneousSubclass.key 
639577     DEBUG main            d.u.i.k.p.i.IntermediateProofReplayer Proof replay took 2.7ns 
639679     INFO  main            d.u.i.k.p.r.p.TestFile    ... finished proof: closed. 
640274     INFO  main            d.u.i.k.p.i.AbstractProblemLoader Loading environment from /home/runner/work/key/key/key.core/../key.ui/examples/standard_key/staticInitialisation/erroneousClassImpliesErroneousSubclass.key.proof 
640274     DEBUG main            d.u.i.k.p.i.AbstractProblemLoader Environment load took 86.5ns 
640275     INFO  main            d.u.i.k.p.i.AbstractProblemLoader Creating init config 
640297     WARN  main            d.u.i.k.j.r.KeYCrossReferenceNameInfo Datatype java.lang.System declared twice: Once in FILE:/home/runner/work/key/key/key.core/../key.ui/examples/standard_key/staticInitialisation/classpath/System.java and once in URL:file:/home/runner/work/key/key/key.core/build/resources/main/de/uka/ilkd/key/java/JavaRedux/java/lang/System.java, Keeping one from URL:file:/home/runner/work/key/key/key.core/build/resources/main/de/uka/ilkd/key/java/JavaRedux/java/lang/System.java 
640298     WARN  main            d.u.i.k.j.r.KeYCrossReferenceNameInfo Datatype java.io.PrintStream declared twice: Once in FILE:/home/runner/work/key/key/key.core/../key.ui/examples/standard_key/staticInitialisation/classpath/PrintStream.java and once in URL:file:/home/runner/work/key/key/key.core/build/resources/main/de/uka/ilkd/key/java/JavaRedux/java/io/PrintStream.java, Keeping one from URL:file:/home/runner/work/key/key/key.core/build/resources/main/de/uka/ilkd/key/java/JavaRedux/java/io/PrintStream.java 
642795     DEBUG main            d.u.i.k.p.i.AbstractProblemLoader Init config took 2.52s 
642809     INFO  main            d.u.i.k.p.i.AbstractProblemLoader Replaying proof erroneousClassImpliesErroneousSubclass.key.proof 
642811     DEBUG main            d.u.i.k.p.i.IntermediateProofReplayer Proof replay took 521.33ns 
642811     DEBUG main            d.u.i.k.p.r.p.TestFile    ... success: reloaded. 
642812     INFO  main            d.u.i.k.p.r.p.TestFile    Now processing file /home/runner/work/key/key/key.core/../key.ui/examples/standard_key/staticInitialisation/initializedSubclassImpliesInitializedSuperclass.key 
642812     INFO  main            d.u.i.k.p.i.AbstractProblemLoader Loading environment from /home/runner/work/key/key/key.core/../key.ui/examples/standard_key/staticInitialisation/initializedSubclassImpliesInitializedSuperclass.key 
642812     DEBUG main            d.u.i.k.p.i.AbstractProblemLoader Environment load took 59ns 
642813     INFO  main            d.u.i.k.p.i.AbstractProblemLoader Creating init config 
642830     WARN  main            d.u.i.k.j.r.KeYCrossReferenceNameInfo Datatype java.lang.System declared twice: Once in FILE:/home/runner/work/key/key/key.core/../key.ui/examples/standard_key/staticInitialisation/classpath/System.java and once in URL:file:/home/runner/work/key/key/key.core/build/resources/main/de/uka/ilkd/key/java/JavaRedux/java/lang/System.java, Keeping one from URL:file:/home/runner/work/key/key/key.core/build/resources/main/de/uka/ilkd/key/java/JavaRedux/java/lang/System.java 
642830     WARN  main            d.u.i.k.j.r.KeYCrossReferenceNameInfo Datatype java.io.PrintStream declared twice: Once in FILE:/home/runner/work/key/key/key.core/../key.ui/examples/standard_key/staticInitialisation/classpath/PrintStream.java and once in URL:file:/home/runner/work/key/key/key.core/build/resources/main/de/uka/ilkd/key/java/JavaRedux/java/io/PrintStream.java, Keeping one from URL:file:/home/runner/work/key/key/key.core/build/resources/main/de/uka/ilkd/key/java/JavaRedux/java/io/PrintStream.java 
645451     DEBUG main            d.u.i.k.p.i.AbstractProblemLoader Init config took 2.64s 
645465     INFO  main            d.u.i.k.p.i.AbstractProblemLoader Replaying proof initializedSubclassImpliesInitializedSuperclass.key 
645466     DEBUG main            d.u.i.k.p.i.IntermediateProofReplayer Proof replay took 2.7ns 
645568     INFO  main            d.u.i.k.p.r.p.TestFile    ... finished proof: closed. 
646111     INFO  main            d.u.i.k.p.i.AbstractProblemLoader Loading environment from /home/runner/work/key/key/key.core/../key.ui/examples/standard_key/staticInitialisation/initializedSubclassImpliesInitializedSuperclass.key.proof 
646111     DEBUG main            d.u.i.k.p.i.AbstractProblemLoader Environment load took 82.41ns 
646112     INFO  main            d.u.i.k.p.i.AbstractProblemLoader Creating init config 
646132     WARN  main            d.u.i.k.j.r.KeYCrossReferenceNameInfo Datatype java.lang.System declared twice: Once in FILE:/home/runner/work/key/key/key.core/../key.ui/examples/standard_key/staticInitialisation/classpath/System.java and once in URL:file:/home/runner/work/key/key/key.core/build/resources/main/de/uka/ilkd/key/java/JavaRedux/java/lang/System.java, Keeping one from URL:file:/home/runner/work/key/key/key.core/build/resources/main/de/uka/ilkd/key/java/JavaRedux/java/lang/System.java 
646132     WARN  main            d.u.i.k.j.r.KeYCrossReferenceNameInfo Datatype java.io.PrintStream declared twice: Once in FILE:/home/runner/work/key/key/key.core/../key.ui/examples/standard_key/staticInitialisation/classpath/PrintStream.java and once in URL:file:/home/runner/work/key/key/key.core/build/resources/main/de/uka/ilkd/key/java/JavaRedux/java/io/PrintStream.java, Keeping one from URL:file:/home/runner/work/key/key/key.core/build/resources/main/de/uka/ilkd/key/java/JavaRedux/java/io/PrintStream.java 
648632     DEBUG main            d.u.i.k.p.i.AbstractProblemLoader Init config took 2.52s 
648646     INFO  main            d.u.i.k.p.i.AbstractProblemLoader Replaying proof initializedSubclassImpliesInitializedSuperclass.key.proof 
648647     DEBUG main            d.u.i.k.p.i.IntermediateProofReplayer Proof replay took 441.23ns 
648648     DEBUG main            d.u.i.k.p.r.p.TestFile    ... success: reloaded. 
648649     INFO  main            d.u.i.k.p.r.p.TestFile    Now processing file /home/runner/work/key/key/key.core/../key.ui/examples/standard_key/staticInitialisation/localDeclared.key 
648649     INFO  main            d.u.i.k.p.i.AbstractProblemLoader Loading environment from /home/runner/work/key/key/key.core/../key.ui/examples/standard_key/staticInitialisation/localDeclared.key 
648649     DEBUG main            d.u.i.k.p.i.AbstractProblemLoader Environment load took 41.5ns 
648651     INFO  main            d.u.i.k.p.i.AbstractProblemLoader Creating init config 
648669     WARN  main            d.u.i.k.j.r.KeYCrossReferenceNameInfo Datatype java.lang.System declared twice: Once in FILE:/home/runner/work/key/key/key.core/../key.ui/examples/standard_key/staticInitialisation/classpath/System.java and once in URL:file:/home/runner/work/key/key/key.core/build/resources/main/de/uka/ilkd/key/java/JavaRedux/java/lang/System.java, Keeping one from URL:file:/home/runner/work/key/key/key.core/build/resources/main/de/uka/ilkd/key/java/JavaRedux/java/lang/System.java 
648669     WARN  main            d.u.i.k.j.r.KeYCrossReferenceNameInfo Datatype java.io.PrintStream declared twice: Once in FILE:/home/runner/work/key/key/key.core/../key.ui/examples/standard_key/staticInitialisation/classpath/PrintStream.java and once in URL:file:/home/runner/work/key/key/key.core/build/resources/main/de/uka/ilkd/key/java/JavaRedux/java/io/PrintStream.java, Keeping one from URL:file:/home/runner/work/key/key/key.core/build/resources/main/de/uka/ilkd/key/java/JavaRedux/java/io/PrintStream.java 
651248     DEBUG main            d.u.i.k.p.i.AbstractProblemLoader Init config took 2.6s 
651263     INFO  main            d.u.i.k.p.i.AbstractProblemLoader Replaying proof localDeclared.key 
651264     DEBUG main            d.u.i.k.p.i.IntermediateProofReplayer Proof replay took 2.9ns 
651569     INFO  main            d.u.i.k.p.r.p.TestFile    ... finished proof: closed. 
652152     INFO  main            d.u.i.k.p.i.AbstractProblemLoader Loading environment from /home/runner/work/key/key/key.core/../key.ui/examples/standard_key/staticInitialisation/localDeclared.key.proof 
652152     DEBUG main            d.u.i.k.p.i.AbstractProblemLoader Environment load took 87.91ns 
652153     INFO  main            d.u.i.k.p.i.AbstractProblemLoader Creating init config 
652181     WARN  main            d.u.i.k.j.r.KeYCrossReferenceNameInfo Datatype java.lang.System declared twice: Once in FILE:/home/runner/work/key/key/key.core/../key.ui/examples/standard_key/staticInitialisation/classpath/System.java and once in URL:file:/home/runner/work/key/key/key.core/build/resources/main/de/uka/ilkd/key/java/JavaRedux/java/lang/System.java, Keeping one from URL:file:/home/runner/work/key/key/key.core/build/resources/main/de/uka/ilkd/key/java/JavaRedux/java/lang/System.java 
652181     WARN  main            d.u.i.k.j.r.KeYCrossReferenceNameInfo Datatype java.io.PrintStream declared twice: Once in FILE:/home/runner/work/key/key/key.core/../key.ui/examples/standard_key/staticInitialisation/classpath/PrintStream.java and once in URL:file:/home/runner/work/key/key/key.core/build/resources/main/de/uka/ilkd/key/java/JavaRedux/java/io/PrintStream.java, Keeping one from URL:file:/home/runner/work/key/key/key.core/build/resources/main/de/uka/ilkd/key/java/JavaRedux/java/io/PrintStream.java 
654713     DEBUG main            d.u.i.k.p.i.AbstractProblemLoader Init config took 2.56s 
654728     INFO  main            d.u.i.k.p.i.AbstractProblemLoader Replaying proof localDeclared.key.proof 
654787     DEBUG main            d.u.i.k.p.i.IntermediateProofReplayer Proof replay took 57.23ms 
654788     DEBUG main            d.u.i.k.p.r.p.TestFile    ... success: reloaded. 
654789     INFO  main            d.u.i.k.p.r.p.TestFile    Now processing file /home/runner/work/key/key/key.core/../key.ui/examples/standard_key/staticInitialisation/localDeclaredMethod.key 
654789     INFO  main            d.u.i.k.p.i.AbstractProblemLoader Loading environment from /home/runner/work/key/key/key.core/../key.ui/examples/standard_key/staticInitialisation/localDeclaredMethod.key 
654789     DEBUG main            d.u.i.k.p.i.AbstractProblemLoader Environment load took 69.4ns 
654791     INFO  main            d.u.i.k.p.i.AbstractProblemLoader Creating init config 
654811     WARN  main            d.u.i.k.j.r.KeYCrossReferenceNameInfo Datatype java.lang.System declared twice: Once in FILE:/home/runner/work/key/key/key.core/../key.ui/examples/standard_key/staticInitialisation/classpath/System.java and once in URL:file:/home/runner/work/key/key/key.core/build/resources/main/de/uka/ilkd/key/java/JavaRedux/java/lang/System.java, Keeping one from URL:file:/home/runner/work/key/key/key.core/build/resources/main/de/uka/ilkd/key/java/JavaRedux/java/lang/System.java 
654811     WARN  main            d.u.i.k.j.r.KeYCrossReferenceNameInfo Datatype java.io.PrintStream declared twice: Once in FILE:/home/runner/work/key/key/key.core/../key.ui/examples/standard_key/staticInitialisation/classpath/PrintStream.java and once in URL:file:/home/runner/work/key/key/key.core/build/resources/main/de/uka/ilkd/key/java/JavaRedux/java/io/PrintStream.java, Keeping one from URL:file:/home/runner/work/key/key/key.core/build/resources/main/de/uka/ilkd/key/java/JavaRedux/java/io/PrintStream.java 
657353     DEBUG main            d.u.i.k.p.i.AbstractProblemLoader Init config took 2.56s 
657368     INFO  main            d.u.i.k.p.i.AbstractProblemLoader Replaying proof localDeclaredMethod.key 
657369     DEBUG main            d.u.i.k.p.i.IntermediateProofReplayer Proof replay took 2.1ns 
657672     INFO  main            d.u.i.k.p.r.p.TestFile    ... finished proof: closed. 
658249     INFO  main            d.u.i.k.p.i.AbstractProblemLoader Loading environment from /home/runner/work/key/key/key.core/../key.ui/examples/standard_key/staticInitialisation/localDeclaredMethod.key.proof 
658249     DEBUG main            d.u.i.k.p.i.AbstractProblemLoader Environment load took 79.81ns 
658250     INFO  main            d.u.i.k.p.i.AbstractProblemLoader Creating init config 
658269     WARN  main            d.u.i.k.j.r.KeYCrossReferenceNameInfo Datatype java.lang.System declared twice: Once in FILE:/home/runner/work/key/key/key.core/../key.ui/examples/standard_key/staticInitialisation/classpath/System.java and once in URL:file:/home/runner/work/key/key/key.core/build/resources/main/de/uka/ilkd/key/java/JavaRedux/java/lang/System.java, Keeping one from URL:file:/home/runner/work/key/key/key.core/build/resources/main/de/uka/ilkd/key/java/JavaRedux/java/lang/System.java 
658269     WARN  main            d.u.i.k.j.r.KeYCrossReferenceNameInfo Datatype java.io.PrintStream declared twice: Once in FILE:/home/runner/work/key/key/key.core/../key.ui/examples/standard_key/staticInitialisation/classpath/PrintStream.java and once in URL:file:/home/runner/work/key/key/key.core/build/resources/main/de/uka/ilkd/key/java/JavaRedux/java/io/PrintStream.java, Keeping one from URL:file:/home/runner/work/key/key/key.core/build/resources/main/de/uka/ilkd/key/java/JavaRedux/java/io/PrintStream.java 
660724     DEBUG main            d.u.i.k.p.i.AbstractProblemLoader Init config took 2.47s 
660739     INFO  main            d.u.i.k.p.i.AbstractProblemLoader Replaying proof localDeclaredMethod.key.proof 
660808     DEBUG main            d.u.i.k.p.i.IntermediateProofReplayer Proof replay took 67.42ms 
660809     DEBUG main            d.u.i.k.p.r.p.TestFile    ... success: reloaded. 
660810     INFO  main            d.u.i.k.p.r.p.TestFile    Now processing file /home/runner/work/key/key/key.core/../key.ui/examples/standard_key/staticInitialisation/objectOfErroneousClass.key 
660811     INFO  main            d.u.i.k.p.i.AbstractProblemLoader Loading environment from /home/runner/work/key/key/key.core/../key.ui/examples/standard_key/staticInitialisation/objectOfErroneousClass.key 
660811     DEBUG main            d.u.i.k.p.i.AbstractProblemLoader Environment load took 73.3ns 
660812     INFO  main            d.u.i.k.p.i.AbstractProblemLoader Creating init config 
660831     WARN  main            d.u.i.k.j.r.KeYCrossReferenceNameInfo Datatype java.lang.System declared twice: Once in FILE:/home/runner/work/key/key/key.core/../key.ui/examples/standard_key/staticInitialisation/classpath/System.java and once in URL:file:/home/runner/work/key/key/key.core/build/resources/main/de/uka/ilkd/key/java/JavaRedux/java/lang/System.java, Keeping one from URL:file:/home/runner/work/key/key/key.core/build/resources/main/de/uka/ilkd/key/java/JavaRedux/java/lang/System.java 
660832     WARN  main            d.u.i.k.j.r.KeYCrossReferenceNameInfo Datatype java.io.PrintStream declared twice: Once in FILE:/home/runner/work/key/key/key.core/../key.ui/examples/standard_key/staticInitialisation/classpath/PrintStream.java and once in URL:file:/home/runner/work/key/key/key.core/build/resources/main/de/uka/ilkd/key/java/JavaRedux/java/io/PrintStream.java, Keeping one from URL:file:/home/runner/work/key/key/key.core/build/resources/main/de/uka/ilkd/key/java/JavaRedux/java/io/PrintStream.java 
663404     DEBUG main            d.u.i.k.p.i.AbstractProblemLoader Init config took 2.59s 
663420     INFO  main            d.u.i.k.p.i.AbstractProblemLoader Replaying proof objectOfErroneousClass.key 
663424     DEBUG main            d.u.i.k.p.i.IntermediateProofReplayer Proof replay took 2.5ns 
677562     INFO  main            d.u.i.k.p.r.p.TestFile    ... finished proof: closed. 
678216     INFO  main            d.u.i.k.p.i.AbstractProblemLoader Loading environment from /home/runner/work/key/key/key.core/../key.ui/examples/standard_key/staticInitialisation/objectOfErroneousClass.key.proof 
678216     DEBUG main            d.u.i.k.p.i.AbstractProblemLoader Environment load took 85.61ns 
678220     INFO  main            d.u.i.k.p.i.AbstractProblemLoader Creating init config 
678240     WARN  main            d.u.i.k.j.r.KeYCrossReferenceNameInfo Datatype java.lang.System declared twice: Once in FILE:/home/runner/work/key/key/key.core/../key.ui/examples/standard_key/staticInitialisation/classpath/System.java and once in URL:file:/home/runner/work/key/key/key.core/build/resources/main/de/uka/ilkd/key/java/JavaRedux/java/lang/System.java, Keeping one from URL:file:/home/runner/work/key/key/key.core/build/resources/main/de/uka/ilkd/key/java/JavaRedux/java/lang/System.java 
678240     WARN  main            d.u.i.k.j.r.KeYCrossReferenceNameInfo Datatype java.io.PrintStream declared twice: Once in FILE:/home/runner/work/key/key/key.core/../key.ui/examples/standard_key/staticInitialisation/classpath/PrintStream.java and once in URL:file:/home/runner/work/key/key/key.core/build/resources/main/de/uka/ilkd/key/java/JavaRedux/java/io/PrintStream.java, Keeping one from URL:file:/home/runner/work/key/key/key.core/build/resources/main/de/uka/ilkd/key/java/JavaRedux/java/io/PrintStream.java 
680683     DEBUG main            d.u.i.k.p.i.AbstractProblemLoader Init config took 2.46s 
680699     INFO  main            d.u.i.k.p.i.AbstractProblemLoader Replaying proof objectOfErroneousClass.key.proof 
682922     DEBUG main            d.u.i.k.p.i.IntermediateProofReplayer Proof replay took 2.2s 
682925     DEBUG main            d.u.i.k.p.r.p.TestFile    ... success: reloaded. 
682926     INFO  main            d.u.i.k.p.r.p.TestFile    Now processing file /home/runner/work/key/key/key.core/../key.ui/examples/standard_key/staticInitialisation/staticInitialisersAreNonSimple.key 
682927     INFO  main            d.u.i.k.p.i.AbstractProblemLoader Loading environment from /home/runner/work/key/key/key.core/../key.ui/examples/standard_key/staticInitialisation/staticInitialisersAreNonSimple.key 
682927     DEBUG main            d.u.i.k.p.i.AbstractProblemLoader Environment load took 102.41ns 
682928     INFO  main            d.u.i.k.p.i.AbstractProblemLoader Creating init config 
682948     WARN  main            d.u.i.k.j.r.KeYCrossReferenceNameInfo Datatype java.lang.System declared twice: Once in FILE:/home/runner/work/key/key/key.core/../key.ui/examples/standard_key/staticInitialisation/classpath/System.java and once in URL:file:/home/runner/work/key/key/key.core/build/resources/main/de/uka/ilkd/key/java/JavaRedux/java/lang/System.java, Keeping one from URL:file:/home/runner/work/key/key/key.core/build/resources/main/de/uka/ilkd/key/java/JavaRedux/java/lang/System.java 
682949     WARN  main            d.u.i.k.j.r.KeYCrossReferenceNameInfo Datatype java.io.PrintStream declared twice: Once in FILE:/home/runner/work/key/key/key.core/../key.ui/examples/standard_key/staticInitialisation/classpath/PrintStream.java and once in URL:file:/home/runner/work/key/key/key.core/build/resources/main/de/uka/ilkd/key/java/JavaRedux/java/io/PrintStream.java, Keeping one from URL:file:/home/runner/work/key/key/key.core/build/resources/main/de/uka/ilkd/key/java/JavaRedux/java/io/PrintStream.java 
685480     DEBUG main            d.u.i.k.p.i.AbstractProblemLoader Init config took 2.55s 
685496     INFO  main            d.u.i.k.p.i.AbstractProblemLoader Replaying proof staticInitialisersAreNonSimple.key 
685499     DEBUG main            d.u.i.k.p.i.IntermediateProofReplayer Proof replay took 2.4ns 
685802     INFO  main            d.u.i.k.p.r.p.TestFile    ... finished proof: closed. 
686465     INFO  main            d.u.i.k.p.i.AbstractProblemLoader Loading environment from /home/runner/work/key/key/key.core/../key.ui/examples/standard_key/staticInitialisation/staticInitialisersAreNonSimple.key.proof 
686465     DEBUG main            d.u.i.k.p.i.AbstractProblemLoader Environment load took 84ns 
686466     INFO  main            d.u.i.k.p.i.AbstractProblemLoader Creating init config 
686484     WARN  main            d.u.i.k.j.r.KeYCrossReferenceNameInfo Datatype java.lang.System declared twice: Once in FILE:/home/runner/work/key/key/key.core/../key.ui/examples/standard_key/staticInitialisation/classpath/System.java and once in URL:file:/home/runner/work/key/key/key.core/build/resources/main/de/uka/ilkd/key/java/JavaRedux/java/lang/System.java, Keeping one from URL:file:/home/runner/work/key/key/key.core/build/resources/main/de/uka/ilkd/key/java/JavaRedux/java/lang/System.java 
686484     WARN  main            d.u.i.k.j.r.KeYCrossReferenceNameInfo Datatype java.io.PrintStream declared twice: Once in FILE:/home/runner/work/key/key/key.core/../key.ui/examples/standard_key/staticInitialisation/classpath/PrintStream.java and once in URL:file:/home/runner/work/key/key/key.core/build/resources/main/de/uka/ilkd/key/java/JavaRedux/java/io/PrintStream.java, Keeping one from URL:file:/home/runner/work/key/key/key.core/build/resources/main/de/uka/ilkd/key/java/JavaRedux/java/io/PrintStream.java 
688982     DEBUG main            d.u.i.k.p.i.AbstractProblemLoader Init config took 2.52s 
688998     INFO  main            d.u.i.k.p.i.AbstractProblemLoader Replaying proof staticInitialisersAreNonSimple.key.proof 
689075     DEBUG main            d.u.i.k.p.i.IntermediateProofReplayer Proof replay took 75.64ms 
689077     DEBUG main            d.u.i.k.p.r.p.TestFile    ... success: reloaded. 
689078     INFO  main            d.u.i.k.p.r.p.TestFile    Now processing file /home/runner/work/key/key/key.core/../key.ui/examples/standard_key/types/disjoint.key 
689078     INFO  main            d.u.i.k.p.i.AbstractProblemLoader Loading environment from /home/runner/work/key/key/key.core/../key.ui/examples/standard_key/types/disjoint.key 
689078     DEBUG main            d.u.i.k.p.i.AbstractProblemLoader Environment load took 60.2ns 
689079     INFO  main            d.u.i.k.p.i.AbstractProblemLoader Creating init config 
691479     DEBUG main            d.u.i.k.p.i.AbstractProblemLoader Init config took 2.4s 
691493     INFO  main            d.u.i.k.p.i.AbstractProblemLoader Replaying proof disjoint.key 
691494     DEBUG main            d.u.i.k.p.i.IntermediateProofReplayer Proof replay took 2.5ns 
691596     INFO  main            d.u.i.k.p.r.p.TestFile    ... finished proof: closed. 
692196     INFO  main            d.u.i.k.p.i.AbstractProblemLoader Loading environment from /home/runner/work/key/key/key.core/../key.ui/examples/standard_key/types/disjoint.key.proof 
692196     DEBUG main            d.u.i.k.p.i.AbstractProblemLoader Environment load took 83.31ns 
692197     INFO  main            d.u.i.k.p.i.AbstractProblemLoader Creating init config 
694628     DEBUG main            d.u.i.k.p.i.AbstractProblemLoader Init config took 2.43s 
694642     INFO  main            d.u.i.k.p.i.AbstractProblemLoader Replaying proof disjoint.key.proof 
694644     DEBUG main            d.u.i.k.p.i.IntermediateProofReplayer Proof replay took 417.03ns 
694645     DEBUG main            d.u.i.k.p.r.p.TestFile    ... success: reloaded. 
694645     INFO  main            d.u.i.k.p.r.p.TestFile    Now processing file /home/runner/work/key/key/key.core/../key.ui/examples/../../key.core/src/test/resources/testcase/classpath/classpath.key 
694645     INFO  main            d.u.i.k.p.i.AbstractProblemLoader Loading environment from /home/runner/work/key/key/key.core/../key.ui/examples/../../key.core/src/test/resources/testcase/classpath/classpath.key 
694645     DEBUG main            d.u.i.k.p.i.AbstractProblemLoader Environment load took 78.81ns 
694646     INFO  main            d.u.i.k.p.i.AbstractProblemLoader Creating init config 
694668     WARN  main            d.u.i.k.j.r.KeYCrossReferenceNameInfo Datatype cp.C declared twice: Once in FILE:/home/runner/work/key/key/key.core/../key.ui/examples/../../key.core/src/test/resources/testcase/classpath/classpath/C.class and once in FILE:/home/runner/work/key/key/key.core/../key.ui/examples/../../key.core/src/test/resources/testcase/classpath/classpath/C.jml, Keeping one from FILE:/home/runner/work/key/key/key.core/../key.ui/examples/../../key.core/src/test/resources/testcase/classpath/classpath/C.jml 
694671     DEBUG main            d.u.i.k.j.r.ClassFileDeclarationBuilder Parsing: package cp; public class Unresolved1 { } 
694672     DEBUG main            r.s.KeYCrossReferenceSourceInfo Dynamically created class: cp.Unresolved1 
694672     DEBUG main            d.u.i.k.j.r.ClassFileDeclarationBuilder Parsing: package cp; public class Unresolved2 { } 
694672     DEBUG main            r.s.KeYCrossReferenceSourceInfo Dynamically created class: cp.Unresolved2 
697221     DEBUG main            d.u.i.k.p.i.AbstractProblemLoader Init config took 2.58s 
697238     INFO  main            d.u.i.k.p.i.AbstractProblemLoader Replaying proof classpath.key 
697239     DEBUG main            d.u.i.k.p.i.IntermediateProofReplayer Proof replay took 2.7ns 
697344     INFO  main            d.u.i.k.p.r.p.TestFile    ... finished proof: closed. 
698039     INFO  main            d.u.i.k.p.i.AbstractProblemLoader Loading environment from /home/runner/work/key/key/key.core/../key.ui/examples/../../key.core/src/test/resources/testcase/classpath/classpath.key.proof 
698039     DEBUG main            d.u.i.k.p.i.AbstractProblemLoader Environment load took 84ns 
698040     INFO  main            d.u.i.k.p.i.AbstractProblemLoader Creating init config 
698066     WARN  main            d.u.i.k.j.r.KeYCrossReferenceNameInfo Datatype cp.C declared twice: Once in FILE:/home/runner/work/key/key/key.core/../key.ui/examples/../../key.core/src/test/resources/testcase/classpath/classpath/C.class and once in FILE:/home/runner/work/key/key/key.core/../key.ui/examples/../../key.core/src/test/resources/testcase/classpath/classpath/C.jml, Keeping one from FILE:/home/runner/work/key/key/key.core/../key.ui/examples/../../key.core/src/test/resources/testcase/classpath/classpath/C.jml 
698077     DEBUG main            d.u.i.k.j.r.ClassFileDeclarationBuilder Parsing: package cp; public class Unresolved1 { } 
698079     DEBUG main            r.s.KeYCrossReferenceSourceInfo Dynamically created class: cp.Unresolved1 
698079     DEBUG main            d.u.i.k.j.r.ClassFileDeclarationBuilder Parsing: package cp; public class Unresolved2 { } 
698079     DEBUG main            r.s.KeYCrossReferenceSourceInfo Dynamically created class: cp.Unresolved2 
700632     DEBUG main            d.u.i.k.p.i.AbstractProblemLoader Init config took 2.59s 
700649     INFO  main            d.u.i.k.p.i.AbstractProblemLoader Replaying proof classpath.key.proof 
700651     DEBUG main            d.u.i.k.p.i.IntermediateProofReplayer Proof replay took 545.24ns 
700652     DEBUG main            d.u.i.k.p.r.p.TestFile    ... success: reloaded. 
700652     INFO  main            d.u.i.k.p.r.p.TestFile    Now processing file /home/runner/work/key/key/key.core/../key.ui/examples/heap/inconsistent_represents/MyClass_m.key 
700653     INFO  main            d.u.i.k.p.i.AbstractProblemLoader Loading environment from /home/runner/work/key/key/key.core/../key.ui/examples/heap/inconsistent_represents/MyClass_m.key 
700653     DEBUG main            d.u.i.k.p.i.AbstractProblemLoader Environment load took 72.4ns 
700653     INFO  main            d.u.i.k.p.i.AbstractProblemLoader Creating init config 
703254     DEBUG main            d.u.i.k.p.i.AbstractProblemLoader Init config took 2.6s 
703294     INFO  main            d.u.i.k.p.i.AbstractProblemLoader Replaying proof MyClass[MyClass::m()].JML operation contract.0 
703296     DEBUG main            d.u.i.k.p.i.IntermediateProofReplayer Proof replay took 3.3ns 
703409     INFO  main            d.u.i.k.p.r.p.TestFile    ... finished proof: open goal(s) 
703991     INFO  main            d.u.i.k.p.r.p.TestFile    Now processing file /home/runner/work/key/key/key.core/../key.ui/examples/heap/inconsistent_represents/MyClass_n.key 
703992     INFO  main            d.u.i.k.p.i.AbstractProblemLoader Loading environment from /home/runner/work/key/key/key.core/../key.ui/examples/heap/inconsistent_represents/MyClass_n.key 
703992     DEBUG main            d.u.i.k.p.i.AbstractProblemLoader Environment load took 51.6ns 
703992     INFO  main            d.u.i.k.p.i.AbstractProblemLoader Creating init config 
706539     DEBUG main            d.u.i.k.p.i.AbstractProblemLoader Init config took 2.55s 
706574     INFO  main            d.u.i.k.p.i.AbstractProblemLoader Replaying proof MyClass[MyClass::n()].JML operation contract.0 
706575     DEBUG main            d.u.i.k.p.i.IntermediateProofReplayer Proof replay took 2.7ns 
706681     INFO  main            d.u.i.k.p.r.p.TestFile    ... finished proof: open goal(s) 
3854609    INFO  Test worker     d.u.i.k.p.r.RunAllProofsTestUnit Returning from test javadl 
3854614    INFO  Test worker     d.u.i.k.p.r.RunAllProofsTestUnit Running test FOL 
391        INFO  Timeout watchdog d.u.i.k.p.r.p.ForkedTestFileRunner Timeout watcher launched (2000 secs.) 
409        WARN  main            d.u.i.k.s.ProofSettings   The settings in /home/runner/.key/proof-settings.props are *not* read. 
439        INFO  main            d.u.i.k.p.r.p.TestFile    Now processing file /home/runner/work/key/key/key.core/../key.ui/examples/standard_key/pred_log/count.key 
562        INFO  main            d.u.i.k.p.i.AbstractProblemLoader Loading environment from /home/runner/work/key/key/key.core/../key.ui/examples/standard_key/pred_log/count.key 
580        DEBUG main            d.u.i.k.p.i.AbstractProblemLoader Environment load took 2.35ms 
830        INFO  main            d.u.i.k.p.i.AbstractProblemLoader Creating init config 
1728       DEBUG main            d.u.i.k.j.TypeConverter   No LDT found for Meta 
1729       DEBUG main            d.u.i.k.j.TypeConverter   No LDT found for Meta 
1730       DEBUG main            d.u.i.k.j.TypeConverter   No LDT found for Meta 
1731       DEBUG main            d.u.i.k.j.TypeConverter   No LDT found for Meta 
3099       DEBUG main            d.u.i.k.j.TypeConverter   No LDT found for JavaBigintExpression 
8470       DEBUG main            d.u.i.k.p.i.AbstractProblemLoader Init config took 7.64s 
8549       INFO  main            d.u.i.k.p.i.AbstractProblemLoader Replaying proof count.key 
8592       DEBUG main            d.u.i.k.p.i.IntermediateProofReplayer Proof replay took 34.6ns 
8867       INFO  main            d.u.i.k.p.r.p.TestFile    ... finished proof: closed. 
8973       INFO  main            d.u.i.k.p.i.AbstractProblemLoader Loading environment from /home/runner/work/key/key/key.core/../key.ui/examples/standard_key/pred_log/count.key.proof 
8974       DEBUG main            d.u.i.k.p.i.AbstractProblemLoader Environment load took 140.91ns 
8981       INFO  main            d.u.i.k.p.i.AbstractProblemLoader Creating init config 
12088      DEBUG main            d.u.i.k.p.i.AbstractProblemLoader Init config took 3.11s 
12124      INFO  main            d.u.i.k.p.i.AbstractProblemLoader Replaying proof count.key.proof 
12152      DEBUG main            d.u.i.k.p.i.IntermediateProofReplayer Proof replay took 20.09ms 
12170      DEBUG main            d.u.i.k.p.r.p.TestFile    ... success: reloaded. 
12175      INFO  main            d.u.i.k.p.r.p.TestFile    Now processing file /home/runner/work/key/key/key.core/../key.ui/examples/standard_key/pred_log/count2.key 
12176      INFO  main            d.u.i.k.p.i.AbstractProblemLoader Loading environment from /home/runner/work/key/key/key.core/../key.ui/examples/standard_key/pred_log/count2.key 
12176      DEBUG main            d.u.i.k.p.i.AbstractProblemLoader Environment load took 613.84ns 
12180      INFO  main            d.u.i.k.p.i.AbstractProblemLoader Creating init config 
15030      DEBUG main            d.u.i.k.p.i.AbstractProblemLoader Init config took 2.85s 
15058      INFO  main            d.u.i.k.p.i.AbstractProblemLoader Replaying proof count2.key 
15060      DEBUG main            d.u.i.k.p.i.IntermediateProofReplayer Proof replay took 6ns 
15165      INFO  main            d.u.i.k.p.r.p.TestFile    ... finished proof: closed. 
15353      INFO  main            d.u.i.k.p.i.AbstractProblemLoader Loading environment from /home/runner/work/key/key/key.core/../key.ui/examples/standard_key/pred_log/count2.key.proof 
15353      DEBUG main            d.u.i.k.p.i.AbstractProblemLoader Environment load took 147.01ns 
15355      INFO  main            d.u.i.k.p.i.AbstractProblemLoader Creating init config 
18259      DEBUG main            d.u.i.k.p.i.AbstractProblemLoader Init config took 2.9s 
18283      INFO  main            d.u.i.k.p.i.AbstractProblemLoader Replaying proof count2.key.proof 
18289      DEBUG main            d.u.i.k.p.i.IntermediateProofReplayer Proof replay took 3.62ms 
18290      DEBUG main            d.u.i.k.p.r.p.TestFile    ... success: reloaded. 
18290      INFO  main            d.u.i.k.p.r.p.TestFile    Now processing file /home/runner/work/key/key/key.core/../key.ui/examples/standard_key/pred_log/count3.key 
18291      INFO  main            d.u.i.k.p.i.AbstractProblemLoader Loading environment from /home/runner/work/key/key/key.core/../key.ui/examples/standard_key/pred_log/count3.key 
18291      DEBUG main            d.u.i.k.p.i.AbstractProblemLoader Environment load took 187.71ns 
18292      INFO  main            d.u.i.k.p.i.AbstractProblemLoader Creating init config 
21093      DEBUG main            d.u.i.k.p.i.AbstractProblemLoader Init config took 2.8s 
21114      INFO  main            d.u.i.k.p.i.AbstractProblemLoader Replaying proof count3.key 
21115      DEBUG main            d.u.i.k.p.i.IntermediateProofReplayer Proof replay took 5.6ns 
21218      INFO  main            d.u.i.k.p.r.p.TestFile    ... finished proof: closed. 
21364      INFO  main            d.u.i.k.p.i.AbstractProblemLoader Loading environment from /home/runner/work/key/key/key.core/../key.ui/examples/standard_key/pred_log/count3.key.proof 
21364      DEBUG main            d.u.i.k.p.i.AbstractProblemLoader Environment load took 389.62ns 
21366      INFO  main            d.u.i.k.p.i.AbstractProblemLoader Creating init config 
24178      DEBUG main            d.u.i.k.p.i.AbstractProblemLoader Init config took 2.81s 
24200      INFO  main            d.u.i.k.p.i.AbstractProblemLoader Replaying proof count3.key.proof 
24208      DEBUG main            d.u.i.k.p.i.IntermediateProofReplayer Proof replay took 4.91ms 
24209      DEBUG main            d.u.i.k.p.r.p.TestFile    ... success: reloaded. 
24212      INFO  main            d.u.i.k.p.r.p.TestFile    Now processing file /home/runner/work/key/key/key.core/../key.ui/examples/standard_key/pred_log/equalities.key 
24212      INFO  main            d.u.i.k.p.i.AbstractProblemLoader Loading environment from /home/runner/work/key/key/key.core/../key.ui/examples/standard_key/pred_log/equalities.key 
24212      DEBUG main            d.u.i.k.p.i.AbstractProblemLoader Environment load took 108.21ns 
24213      INFO  main            d.u.i.k.p.i.AbstractProblemLoader Creating init config 
27065      DEBUG main            d.u.i.k.p.i.AbstractProblemLoader Init config took 2.85s 
27086      INFO  main            d.u.i.k.p.i.AbstractProblemLoader Replaying proof equalities.key 
27087      DEBUG main            d.u.i.k.p.i.IntermediateProofReplayer Proof replay took 6.9ns 
27190      INFO  main            d.u.i.k.p.r.p.TestFile    ... finished proof: closed. 
27354      INFO  main            d.u.i.k.p.i.AbstractProblemLoader Loading environment from /home/runner/work/key/key/key.core/../key.ui/examples/standard_key/pred_log/equalities.key.proof 
27354      DEBUG main            d.u.i.k.p.i.AbstractProblemLoader Environment load took 139.41ns 
27357      INFO  main            d.u.i.k.p.i.AbstractProblemLoader Creating init config 
30049      DEBUG main            d.u.i.k.p.i.AbstractProblemLoader Init config took 2.69s 
30069      INFO  main            d.u.i.k.p.i.AbstractProblemLoader Replaying proof equalities.key.proof 
30077      DEBUG main            d.u.i.k.p.i.IntermediateProofReplayer Proof replay took 4.25ms 
30078      DEBUG main            d.u.i.k.p.r.p.TestFile    ... success: reloaded. 
30078      INFO  main            d.u.i.k.p.r.p.TestFile    Now processing file /home/runner/work/key/key/key.core/../key.ui/examples/standard_key/pred_log/equalities2.key 
30079      INFO  main            d.u.i.k.p.i.AbstractProblemLoader Loading environment from /home/runner/work/key/key/key.core/../key.ui/examples/standard_key/pred_log/equalities2.key 
30079      DEBUG main            d.u.i.k.p.i.AbstractProblemLoader Environment load took 95.31ns 
30080      INFO  main            d.u.i.k.p.i.AbstractProblemLoader Creating init config 
32889      DEBUG main            d.u.i.k.p.i.AbstractProblemLoader Init config took 2.81s 
32911      INFO  main            d.u.i.k.p.i.AbstractProblemLoader Replaying proof equalities2.key 
32914      DEBUG main            d.u.i.k.p.i.IntermediateProofReplayer Proof replay took 9.1ns 
33016      INFO  main            d.u.i.k.p.r.p.TestFile    ... finished proof: closed. 
33175      INFO  main            d.u.i.k.p.i.AbstractProblemLoader Loading environment from /home/runner/work/key/key/key.core/../key.ui/examples/standard_key/pred_log/equalities2.key.proof 
33175      DEBUG main            d.u.i.k.p.i.AbstractProblemLoader Environment load took 151.11ns 
33178      INFO  main            d.u.i.k.p.i.AbstractProblemLoader Creating init config 
35835      DEBUG main            d.u.i.k.p.i.AbstractProblemLoader Init config took 2.66s 
35853      INFO  main            d.u.i.k.p.i.AbstractProblemLoader Replaying proof equalities2.key.proof 
35859      DEBUG main            d.u.i.k.p.i.IntermediateProofReplayer Proof replay took 4.35ms 
35860      DEBUG main            d.u.i.k.p.r.p.TestFile    ... success: reloaded. 
35861      INFO  main            d.u.i.k.p.r.p.TestFile    Now processing file /home/runner/work/key/key/key.core/../key.ui/examples/standard_key/pred_log/equalities3.key 
35861      INFO  main            d.u.i.k.p.i.AbstractProblemLoader Loading environment from /home/runner/work/key/key/key.core/../key.ui/examples/standard_key/pred_log/equalities3.key 
35861      DEBUG main            d.u.i.k.p.i.AbstractProblemLoader Environment load took 196.41ns 
35863      INFO  main            d.u.i.k.p.i.AbstractProblemLoader Creating init config 
38582      DEBUG main            d.u.i.k.p.i.AbstractProblemLoader Init config took 2.72s 
38601      INFO  main            d.u.i.k.p.i.AbstractProblemLoader Replaying proof equalities3.key 
38603      DEBUG main            d.u.i.k.p.i.IntermediateProofReplayer Proof replay took 6.7ns 
38706      INFO  main            d.u.i.k.p.r.p.TestFile    ... finished proof: closed. 
38857      INFO  main            d.u.i.k.p.i.AbstractProblemLoader Loading environment from /home/runner/work/key/key/key.core/../key.ui/examples/standard_key/pred_log/equalities3.key.proof 
38857      DEBUG main            d.u.i.k.p.i.AbstractProblemLoader Environment load took 130.41ns 
38858      INFO  main            d.u.i.k.p.i.AbstractProblemLoader Creating init config 
41595      DEBUG main            d.u.i.k.p.i.AbstractProblemLoader Init config took 2.74s 
41613      INFO  main            d.u.i.k.p.i.AbstractProblemLoader Replaying proof equalities3.key.proof 
41627      DEBUG main            d.u.i.k.p.i.IntermediateProofReplayer Proof replay took 12.12ms 
41628      DEBUG main            d.u.i.k.p.r.p.TestFile    ... success: reloaded. 
41629      INFO  main            d.u.i.k.p.r.p.TestFile    Now processing file /home/runner/work/key/key/key.core/../key.ui/examples/standard_key/pred_log/functions.key 
41629      INFO  main            d.u.i.k.p.i.AbstractProblemLoader Loading environment from /home/runner/work/key/key/key.core/../key.ui/examples/standard_key/pred_log/functions.key 
41629      DEBUG main            d.u.i.k.p.i.AbstractProblemLoader Environment load took 110.21ns 
41630      INFO  main            d.u.i.k.p.i.AbstractProblemLoader Creating init config 
44318      DEBUG main            d.u.i.k.p.i.AbstractProblemLoader Init config took 2.69s 
44335      INFO  main            d.u.i.k.p.i.AbstractProblemLoader Replaying proof functions.key 
44337      DEBUG main            d.u.i.k.p.i.IntermediateProofReplayer Proof replay took 6.9ns 
44440      INFO  main            d.u.i.k.p.r.p.TestFile    ... finished proof: closed. 
44608      INFO  main            d.u.i.k.p.i.AbstractProblemLoader Loading environment from /home/runner/work/key/key/key.core/../key.ui/examples/standard_key/pred_log/functions.key.proof 
44608      DEBUG main            d.u.i.k.p.i.AbstractProblemLoader Environment load took 154.41ns 
44609      INFO  main            d.u.i.k.p.i.AbstractProblemLoader Creating init config 
47307      DEBUG main            d.u.i.k.p.i.AbstractProblemLoader Init config took 2.7s 
47325      INFO  main            d.u.i.k.p.i.AbstractProblemLoader Replaying proof functions.key.proof 
47330      DEBUG main            d.u.i.k.p.i.IntermediateProofReplayer Proof replay took 3.02ms 
47331      DEBUG main            d.u.i.k.p.r.p.TestFile    ... success: reloaded. 
47332      INFO  main            d.u.i.k.p.r.p.TestFile    Now processing file /home/runner/work/key/key/key.core/../key.ui/examples/standard_key/pred_log/mv1.key 
47332      INFO  main            d.u.i.k.p.i.AbstractProblemLoader Loading environment from /home/runner/work/key/key/key.core/../key.ui/examples/standard_key/pred_log/mv1.key 
47332      DEBUG main            d.u.i.k.p.i.AbstractProblemLoader Environment load took 197.41ns 
47333      INFO  main            d.u.i.k.p.i.AbstractProblemLoader Creating init config 
50058      DEBUG main            d.u.i.k.p.i.AbstractProblemLoader Init config took 2.72s 
50076      INFO  main            d.u.i.k.p.i.AbstractProblemLoader Replaying proof mv1.key 
50078      DEBUG main            d.u.i.k.p.i.IntermediateProofReplayer Proof replay took 6.3ns 
50181      INFO  main            d.u.i.k.p.r.p.TestFile    ... finished proof: closed. 
50353      INFO  main            d.u.i.k.p.i.AbstractProblemLoader Loading environment from /home/runner/work/key/key/key.core/../key.ui/examples/standard_key/pred_log/mv1.key.proof 
50353      DEBUG main            d.u.i.k.p.i.AbstractProblemLoader Environment load took 142.11ns 
50354      INFO  main            d.u.i.k.p.i.AbstractProblemLoader Creating init config 
53039      DEBUG main            d.u.i.k.p.i.AbstractProblemLoader Init config took 2.68s 
53055      INFO  main            d.u.i.k.p.i.AbstractProblemLoader Replaying proof mv1.key.proof 
53058      DEBUG main            d.u.i.k.p.i.IntermediateProofReplayer Proof replay took 979.46ns 
53058      DEBUG main            d.u.i.k.p.r.p.TestFile    ... success: reloaded. 
53059      INFO  main            d.u.i.k.p.r.p.TestFile    Now processing file /home/runner/work/key/key/key.core/../key.ui/examples/standard_key/pred_log/mv2.key 
53060      INFO  main            d.u.i.k.p.i.AbstractProblemLoader Loading environment from /home/runner/work/key/key/key.core/../key.ui/examples/standard_key/pred_log/mv2.key 
53060      DEBUG main            d.u.i.k.p.i.AbstractProblemLoader Environment load took 198.21ns 
53061      INFO  main            d.u.i.k.p.i.AbstractProblemLoader Creating init config 
55684      DEBUG main            d.u.i.k.p.i.AbstractProblemLoader Init config took 2.62s 
55702      INFO  main            d.u.i.k.p.i.AbstractProblemLoader Replaying proof mv2.key 
55704      DEBUG main            d.u.i.k.p.i.IntermediateProofReplayer Proof replay took 7.7ns 
55806      INFO  main            d.u.i.k.p.r.p.TestFile    ... finished proof: closed. 
55991      INFO  main            d.u.i.k.p.i.AbstractProblemLoader Loading environment from /home/runner/work/key/key/key.core/../key.ui/examples/standard_key/pred_log/mv2.key.proof 
55991      DEBUG main            d.u.i.k.p.i.AbstractProblemLoader Environment load took 126.01ns 
55993      INFO  main            d.u.i.k.p.i.AbstractProblemLoader Creating init config 
58602      DEBUG main            d.u.i.k.p.i.AbstractProblemLoader Init config took 2.61s 
58618      INFO  main            d.u.i.k.p.i.AbstractProblemLoader Replaying proof mv2.key.proof 
58622      DEBUG main            d.u.i.k.p.i.IntermediateProofReplayer Proof replay took 1.45ms 
58622      DEBUG main            d.u.i.k.p.r.p.TestFile    ... success: reloaded. 
58623      INFO  main            d.u.i.k.p.r.p.TestFile    Now processing file /home/runner/work/key/key/key.core/../key.ui/examples/standard_key/pred_log/quantifiers.key 
58623      INFO  main            d.u.i.k.p.i.AbstractProblemLoader Loading environment from /home/runner/work/key/key/key.core/../key.ui/examples/standard_key/pred_log/quantifiers.key 
58623      DEBUG main            d.u.i.k.p.i.AbstractProblemLoader Environment load took 107.01ns 
58624      INFO  main            d.u.i.k.p.i.AbstractProblemLoader Creating init config 
61359      DEBUG main            d.u.i.k.p.i.AbstractProblemLoader Init config took 2.73s 
61374      INFO  main            d.u.i.k.p.i.AbstractProblemLoader Replaying proof quantifiers.key 
61375      DEBUG main            d.u.i.k.p.i.IntermediateProofReplayer Proof replay took 6.1ns 
61477      INFO  main            d.u.i.k.p.r.p.TestFile    ... finished proof: closed. 
61655      INFO  main            d.u.i.k.p.i.AbstractProblemLoader Loading environment from /home/runner/work/key/key/key.core/../key.ui/examples/standard_key/pred_log/quantifiers.key.proof 
61655      DEBUG main            d.u.i.k.p.i.AbstractProblemLoader Environment load took 405.03ns 
61657      INFO  main            d.u.i.k.p.i.AbstractProblemLoader Creating init config 
64245      DEBUG main            d.u.i.k.p.i.AbstractProblemLoader Init config took 2.59s 
64260      INFO  main            d.u.i.k.p.i.AbstractProblemLoader Replaying proof quantifiers.key.proof 
64265      DEBUG main            d.u.i.k.p.i.IntermediateProofReplayer Proof replay took 2.43ms 
64266      DEBUG main            d.u.i.k.p.r.p.TestFile    ... success: reloaded. 
64267      INFO  main            d.u.i.k.p.r.p.TestFile    Now processing file /home/runner/work/key/key/key.core/../key.ui/examples/standard_key/pred_log/simpleEps.key 
64267      INFO  main            d.u.i.k.p.i.AbstractProblemLoader Loading environment from /home/runner/work/key/key/key.core/../key.ui/examples/standard_key/pred_log/simpleEps.key 
64267      DEBUG main            d.u.i.k.p.i.AbstractProblemLoader Environment load took 170.51ns 
64268      INFO  main            d.u.i.k.p.i.AbstractProblemLoader Creating init config 
66897      DEBUG main            d.u.i.k.p.i.AbstractProblemLoader Init config took 2.63s 
66913      INFO  main            d.u.i.k.p.i.AbstractProblemLoader Replaying proof simpleEps.key 
66914      DEBUG main            d.u.i.k.p.i.IntermediateProofReplayer Proof replay took 7.6ns 
67018      INFO  main            d.u.i.k.p.r.p.TestFile    ... finished proof: closed. 
67207      INFO  main            d.u.i.k.p.i.AbstractProblemLoader Loading environment from /home/runner/work/key/key/key.core/../key.ui/examples/standard_key/pred_log/simpleEps.key.proof 
67208      DEBUG main            d.u.i.k.p.i.AbstractProblemLoader Environment load took 124.71ns 
67209      INFO  main            d.u.i.k.p.i.AbstractProblemLoader Creating init config 
69845      DEBUG main            d.u.i.k.p.i.AbstractProblemLoader Init config took 2.64s 
69861      INFO  main            d.u.i.k.p.i.AbstractProblemLoader Replaying proof simpleEps.key.proof 
69864      DEBUG main            d.u.i.k.p.i.IntermediateProofReplayer Proof replay took 1.64ms 
69865      DEBUG main            d.u.i.k.p.r.p.TestFile    ... success: reloaded. 
69866      INFO  main            d.u.i.k.p.r.p.TestFile    Now processing file /home/runner/work/key/key/key.core/../key.ui/examples/standard_key/pred_log/steam1.key 
69866      INFO  main            d.u.i.k.p.i.AbstractProblemLoader Loading environment from /home/runner/work/key/key/key.core/../key.ui/examples/standard_key/pred_log/steam1.key 
69866      DEBUG main            d.u.i.k.p.i.AbstractProblemLoader Environment load took 176.51ns 
69868      INFO  main            d.u.i.k.p.i.AbstractProblemLoader Creating init config 
72586      DEBUG main            d.u.i.k.p.i.AbstractProblemLoader Init config took 2.72s 
72605      INFO  main            d.u.i.k.p.i.AbstractProblemLoader Replaying proof steam1.key 
72606      DEBUG main            d.u.i.k.p.i.IntermediateProofReplayer Proof replay took 7ns 
72912      INFO  main            d.u.i.k.p.r.p.TestFile    ... finished proof: closed. 
73125      INFO  main            d.u.i.k.p.i.AbstractProblemLoader Loading environment from /home/runner/work/key/key/key.core/../key.ui/examples/standard_key/pred_log/steam1.key.proof 
73126      DEBUG main            d.u.i.k.p.i.AbstractProblemLoader Environment load took 517.33ns 
73128      INFO  main            d.u.i.k.p.i.AbstractProblemLoader Creating init config 
75762      DEBUG main            d.u.i.k.p.i.AbstractProblemLoader Init config took 2.63s 
75782      INFO  main            d.u.i.k.p.i.AbstractProblemLoader Replaying proof steam1.key.proof 
75803      DEBUG main            d.u.i.k.p.i.IntermediateProofReplayer Proof replay took 16.95ms 
75805      DEBUG main            d.u.i.k.p.r.p.TestFile    ... success: reloaded. 
75805      INFO  main            d.u.i.k.p.r.p.TestFile    Now processing file /home/runner/work/key/key/key.core/../key.ui/examples/standard_key/pred_log/tptp/PUZ/PUZ001p1.key 
75806      INFO  main            d.u.i.k.p.i.AbstractProblemLoader Loading environment from /home/runner/work/key/key/key.core/../key.ui/examples/standard_key/pred_log/tptp/PUZ/PUZ001p1.key 
75806      DEBUG main            d.u.i.k.p.i.AbstractProblemLoader Environment load took 176.31ns 
75807      INFO  main            d.u.i.k.p.i.AbstractProblemLoader Creating init config 
78462      DEBUG main            d.u.i.k.p.i.AbstractProblemLoader Init config took 2.65s 
78490      INFO  main            d.u.i.k.p.i.AbstractProblemLoader Replaying proof PUZ001p1.key 
78491      DEBUG main            d.u.i.k.p.i.IntermediateProofReplayer Proof replay took 7.6ns 
81612      INFO  main            d.u.i.k.p.r.p.TestFile    ... finished proof: closed. 
81841      INFO  main            d.u.i.k.p.i.AbstractProblemLoader Loading environment from /home/runner/work/key/key/key.core/../key.ui/examples/standard_key/pred_log/tptp/PUZ/PUZ001p1.key.proof 
81847      DEBUG main            d.u.i.k.p.i.AbstractProblemLoader Environment load took 6.34ms 
81849      INFO  main            d.u.i.k.p.i.AbstractProblemLoader Creating init config 
84420      DEBUG main            d.u.i.k.p.i.AbstractProblemLoader Init config took 2.57s 
84440      INFO  main            d.u.i.k.p.i.AbstractProblemLoader Replaying proof PUZ001p1.key.proof 
84629      DEBUG main            d.u.i.k.p.i.IntermediateProofReplayer Proof replay took 178.28ms 
84632      DEBUG main            d.u.i.k.p.r.p.TestFile    ... success: reloaded. 
84632      INFO  main            d.u.i.k.p.r.p.TestFile    Now processing file /home/runner/work/key/key/key.core/../key.ui/examples/standard_key/pred_log/tptp/PUZ/PUZ001p1-eq.key 
84633      INFO  main            d.u.i.k.p.i.AbstractProblemLoader Loading environment from /home/runner/work/key/key/key.core/../key.ui/examples/standard_key/pred_log/tptp/PUZ/PUZ001p1-eq.key 
84633      DEBUG main            d.u.i.k.p.i.AbstractProblemLoader Environment load took 97.61ns 
84634      INFO  main            d.u.i.k.p.i.AbstractProblemLoader Creating init config 
87251      DEBUG main            d.u.i.k.p.i.AbstractProblemLoader Init config took 2.62s 
87267      INFO  main            d.u.i.k.p.i.AbstractProblemLoader Replaying proof PUZ001p1-eq.key 
87269      DEBUG main            d.u.i.k.p.i.IntermediateProofReplayer Proof replay took 7.7ns 
87472      INFO  main            d.u.i.k.p.r.p.TestFile    ... finished proof: closed. 
87722      INFO  main            d.u.i.k.p.i.AbstractProblemLoader Loading environment from /home/runner/work/key/key/key.core/../key.ui/examples/standard_key/pred_log/tptp/PUZ/PUZ001p1-eq.key.proof 
87723      DEBUG main            d.u.i.k.p.i.AbstractProblemLoader Environment load took 445.13ns 
87729      INFO  main            d.u.i.k.p.i.AbstractProblemLoader Creating init config 
90372      DEBUG main            d.u.i.k.p.i.AbstractProblemLoader Init config took 2.64s 
90389      INFO  main            d.u.i.k.p.i.AbstractProblemLoader Replaying proof PUZ001p1-eq.key.proof 
90409      DEBUG main            d.u.i.k.p.i.IntermediateProofReplayer Proof replay took 17.87ms 
90412      DEBUG main            d.u.i.k.p.r.p.TestFile    ... success: reloaded. 
90413      INFO  main            d.u.i.k.p.r.p.TestFile    Now processing file /home/runner/work/key/key/key.core/../key.ui/examples/standard_key/pred_log/tptp/PUZ/PUZ031p1.key 
90413      INFO  main            d.u.i.k.p.i.AbstractProblemLoader Loading environment from /home/runner/work/key/key/key.core/../key.ui/examples/standard_key/pred_log/tptp/PUZ/PUZ031p1.key 
90413      DEBUG main            d.u.i.k.p.i.AbstractProblemLoader Environment load took 197.81ns 
90415      INFO  main            d.u.i.k.p.i.AbstractProblemLoader Creating init config 
93083      DEBUG main            d.u.i.k.p.i.AbstractProblemLoader Init config took 2.67s 
93101      INFO  main            d.u.i.k.p.i.AbstractProblemLoader Replaying proof PUZ031p1.key 
93102      DEBUG main            d.u.i.k.p.i.IntermediateProofReplayer Proof replay took 7.5ns 
101875     INFO  main            d.u.i.k.p.r.p.TestFile    ... finished proof: closed. 
102111     INFO  main            d.u.i.k.p.i.AbstractProblemLoader Loading environment from /home/runner/work/key/key/key.core/../key.ui/examples/standard_key/pred_log/tptp/PUZ/PUZ031p1.key.proof 
102112     DEBUG main            d.u.i.k.p.i.AbstractProblemLoader Environment load took 393.93ns 
102113     INFO  main            d.u.i.k.p.i.AbstractProblemLoader Creating init config 
104765     DEBUG main            d.u.i.k.p.i.AbstractProblemLoader Init config took 2.65s 
104782     INFO  main            d.u.i.k.p.i.AbstractProblemLoader Replaying proof PUZ031p1.key.proof 
104843     DEBUG main            d.u.i.k.p.i.IntermediateProofReplayer Proof replay took 56.51ms 
104845     DEBUG main            d.u.i.k.p.r.p.TestFile    ... success: reloaded. 
104845     INFO  main            d.u.i.k.p.r.p.TestFile    Now processing file /home/runner/work/key/key/key.core/../key.ui/examples/standard_key/pred_log/tptp/SET/SET027p3.key 
104846     INFO  main            d.u.i.k.p.i.AbstractProblemLoader Loading environment from /home/runner/work/key/key/key.core/../key.ui/examples/standard_key/pred_log/tptp/SET/SET027p3.key 
104846     DEBUG main            d.u.i.k.p.i.AbstractProblemLoader Environment load took 96.11ns 
104847     INFO  main            d.u.i.k.p.i.AbstractProblemLoader Creating init config 
107510     DEBUG main            d.u.i.k.p.i.AbstractProblemLoader Init config took 2.66s 
107528     INFO  main            d.u.i.k.p.i.AbstractProblemLoader Replaying proof SET027p3.key 
107529     DEBUG main            d.u.i.k.p.i.IntermediateProofReplayer Proof replay took 7.2ns 
107632     INFO  main            d.u.i.k.p.r.p.TestFile    ... finished proof: closed. 
107864     INFO  main            d.u.i.k.p.i.AbstractProblemLoader Loading environment from /home/runner/work/key/key/key.core/../key.ui/examples/standard_key/pred_log/tptp/SET/SET027p3.key.proof 
107864     DEBUG main            d.u.i.k.p.i.AbstractProblemLoader Environment load took 299.72ns 
107865     INFO  main            d.u.i.k.p.i.AbstractProblemLoader Creating init config 
110404     DEBUG main            d.u.i.k.p.i.AbstractProblemLoader Init config took 2.54s 
110419     INFO  main            d.u.i.k.p.i.AbstractProblemLoader Replaying proof SET027p3.key.proof 
110426     DEBUG main            d.u.i.k.p.i.IntermediateProofReplayer Proof replay took 4.71ms 
110427     DEBUG main            d.u.i.k.p.r.p.TestFile    ... success: reloaded. 
110427     INFO  main            d.u.i.k.p.r.p.TestFile    Now processing file /home/runner/work/key/key/key.core/../key.ui/examples/standard_key/pred_log/tptp/SET/SET043p1.key 
110428     INFO  main            d.u.i.k.p.i.AbstractProblemLoader Loading environment from /home/runner/work/key/key/key.core/../key.ui/examples/standard_key/pred_log/tptp/SET/SET043p1.key 
110428     DEBUG main            d.u.i.k.p.i.AbstractProblemLoader Environment load took 199.51ns 
110429     INFO  main            d.u.i.k.p.i.AbstractProblemLoader Creating init config 
113109     DEBUG main            d.u.i.k.p.i.AbstractProblemLoader Init config took 2.68s 
113124     INFO  main            d.u.i.k.p.i.AbstractProblemLoader Replaying proof SET043p1.key 
113125     DEBUG main            d.u.i.k.p.i.IntermediateProofReplayer Proof replay took 7.4ns 
113227     INFO  main            d.u.i.k.p.r.p.TestFile    ... finished proof: closed. 
113473     INFO  main            d.u.i.k.p.i.AbstractProblemLoader Loading environment from /home/runner/work/key/key/key.core/../key.ui/examples/standard_key/pred_log/tptp/SET/SET043p1.key.proof 
113473     DEBUG main            d.u.i.k.p.i.AbstractProblemLoader Environment load took 205.11ns 
113476     INFO  main            d.u.i.k.p.i.AbstractProblemLoader Creating init config 
116069     DEBUG main            d.u.i.k.p.i.AbstractProblemLoader Init config took 2.59s 
116085     INFO  main            d.u.i.k.p.i.AbstractProblemLoader Replaying proof SET043p1.key.proof 
116088     DEBUG main            d.u.i.k.p.i.IntermediateProofReplayer Proof replay took 1.45ms 
116089     DEBUG main            d.u.i.k.p.r.p.TestFile    ... success: reloaded. 
116090     INFO  main            d.u.i.k.p.r.p.TestFile    Now processing file /home/runner/work/key/key/key.core/../key.ui/examples/standard_key/pred_log/tptp/SET/SET045p1.key 
116090     INFO  main            d.u.i.k.p.i.AbstractProblemLoader Loading environment from /home/runner/work/key/key/key.core/../key.ui/examples/standard_key/pred_log/tptp/SET/SET045p1.key 
116090     DEBUG main            d.u.i.k.p.i.AbstractProblemLoader Environment load took 56.8ns 
116091     INFO  main            d.u.i.k.p.i.AbstractProblemLoader Creating init config 
118824     DEBUG main            d.u.i.k.p.i.AbstractProblemLoader Init config took 2.73s 
118845     INFO  main            d.u.i.k.p.i.AbstractProblemLoader Replaying proof SET045p1.key 
118848     DEBUG main            d.u.i.k.p.i.IntermediateProofReplayer Proof replay took 8.6ns 
118950     INFO  main            d.u.i.k.p.r.p.TestFile    ... finished proof: closed. 
119186     INFO  main            d.u.i.k.p.i.AbstractProblemLoader Loading environment from /home/runner/work/key/key/key.core/../key.ui/examples/standard_key/pred_log/tptp/SET/SET045p1.key.proof 
119186     DEBUG main            d.u.i.k.p.i.AbstractProblemLoader Environment load took 142.31ns 
119187     INFO  main            d.u.i.k.p.i.AbstractProblemLoader Creating init config 
121860     DEBUG main            d.u.i.k.p.i.AbstractProblemLoader Init config took 2.67s 
121881     INFO  main            d.u.i.k.p.i.AbstractProblemLoader Replaying proof SET045p1.key.proof 
121889     DEBUG main            d.u.i.k.p.i.IntermediateProofReplayer Proof replay took 4.72ms 
121890     DEBUG main            d.u.i.k.p.r.p.TestFile    ... success: reloaded. 
121891     INFO  main            d.u.i.k.p.r.p.TestFile    Now processing file /home/runner/work/key/key/key.core/../key.ui/examples/standard_key/pred_log/tptp/SET/SET062p3.key 
121891     INFO  main            d.u.i.k.p.i.AbstractProblemLoader Loading environment from /home/runner/work/key/key/key.core/../key.ui/examples/standard_key/pred_log/tptp/SET/SET062p3.key 
121891     DEBUG main            d.u.i.k.p.i.AbstractProblemLoader Environment load took 192.51ns 
121892     INFO  main            d.u.i.k.p.i.AbstractProblemLoader Creating init config 
124725     DEBUG main            d.u.i.k.p.i.AbstractProblemLoader Init config took 2.83s 
124742     INFO  main            d.u.i.k.p.i.AbstractProblemLoader Replaying proof SET062p3.key 
124745     DEBUG main            d.u.i.k.p.i.IntermediateProofReplayer Proof replay took 9.1ns 
124850     INFO  main            d.u.i.k.p.r.p.TestFile    ... finished proof: closed. 
125131     INFO  main            d.u.i.k.p.i.AbstractProblemLoader Loading environment from /home/runner/work/key/key/key.core/../key.ui/examples/standard_key/pred_log/tptp/SET/SET062p3.key.proof 
125131     DEBUG main            d.u.i.k.p.i.AbstractProblemLoader Environment load took 114.11ns 
125133     INFO  main            d.u.i.k.p.i.AbstractProblemLoader Creating init config 
127755     DEBUG main            d.u.i.k.p.i.AbstractProblemLoader Init config took 2.62s 
127769     INFO  main            d.u.i.k.p.i.AbstractProblemLoader Replaying proof SET062p3.key.proof 
127774     DEBUG main            d.u.i.k.p.i.IntermediateProofReplayer Proof replay took 3.53ms 
127775     DEBUG main            d.u.i.k.p.r.p.TestFile    ... success: reloaded. 
127776     INFO  main            d.u.i.k.p.r.p.TestFile    Now processing file /home/runner/work/key/key/key.core/../key.ui/examples/standard_key/pred_log/tptp/SET/SET063p3.key 
127776     INFO  main            d.u.i.k.p.i.AbstractProblemLoader Loading environment from /home/runner/work/key/key/key.core/../key.ui/examples/standard_key/pred_log/tptp/SET/SET063p3.key 
127776     DEBUG main            d.u.i.k.p.i.AbstractProblemLoader Environment load took 78.5ns 
127777     INFO  main            d.u.i.k.p.i.AbstractProblemLoader Creating init config 
130407     DEBUG main            d.u.i.k.p.i.AbstractProblemLoader Init config took 2.63s 
130423     INFO  main            d.u.i.k.p.i.AbstractProblemLoader Replaying proof SET063p3.key 
130425     DEBUG main            d.u.i.k.p.i.IntermediateProofReplayer Proof replay took 7.2ns 
130530     INFO  main            d.u.i.k.p.r.p.TestFile    ... finished proof: closed. 
130790     INFO  main            d.u.i.k.p.i.AbstractProblemLoader Loading environment from /home/runner/work/key/key/key.core/../key.ui/examples/standard_key/pred_log/tptp/SET/SET063p3.key.proof 
130791     DEBUG main            d.u.i.k.p.i.AbstractProblemLoader Environment load took 121.61ns 
130792     INFO  main            d.u.i.k.p.i.AbstractProblemLoader Creating init config 
133406     DEBUG main            d.u.i.k.p.i.AbstractProblemLoader Init config took 2.61s 
133423     INFO  main            d.u.i.k.p.i.AbstractProblemLoader Replaying proof SET063p3.key.proof 
133430     DEBUG main            d.u.i.k.p.i.IntermediateProofReplayer Proof replay took 5.37ms 
133431     DEBUG main            d.u.i.k.p.r.p.TestFile    ... success: reloaded. 
133432     INFO  main            d.u.i.k.p.r.p.TestFile    Now processing file /home/runner/work/key/key/key.core/../key.ui/examples/standard_key/pred_log/tptp/SYN/SYN036p2.key 
133432     INFO  main            d.u.i.k.p.i.AbstractProblemLoader Loading environment from /home/runner/work/key/key/key.core/../key.ui/examples/standard_key/pred_log/tptp/SYN/SYN036p2.key 
133433     DEBUG main            d.u.i.k.p.i.AbstractProblemLoader Environment load took 165.31ns 
133434     INFO  main            d.u.i.k.p.i.AbstractProblemLoader Creating init config 
136080     DEBUG main            d.u.i.k.p.i.AbstractProblemLoader Init config took 2.65s 
136095     INFO  main            d.u.i.k.p.i.AbstractProblemLoader Replaying proof SYN036p2.key 
136097     DEBUG main            d.u.i.k.p.i.IntermediateProofReplayer Proof replay took 7.4ns 
136405     INFO  main            d.u.i.k.p.r.p.TestFile    ... finished proof: closed. 
136676     INFO  main            d.u.i.k.p.i.AbstractProblemLoader Loading environment from /home/runner/work/key/key/key.core/../key.ui/examples/standard_key/pred_log/tptp/SYN/SYN036p2.key.proof 
136677     DEBUG main            d.u.i.k.p.i.AbstractProblemLoader Environment load took 362.72ns 
136678     INFO  main            d.u.i.k.p.i.AbstractProblemLoader Creating init config 
139205     DEBUG main            d.u.i.k.p.i.AbstractProblemLoader Init config took 2.53s 
139219     INFO  main            d.u.i.k.p.i.AbstractProblemLoader Replaying proof SYN036p2.key.proof 
139284     DEBUG main            d.u.i.k.p.i.IntermediateProofReplayer Proof replay took 58.21ms 
139286     DEBUG main            d.u.i.k.p.r.p.TestFile    ... success: reloaded. 
139286     INFO  main            d.u.i.k.p.r.p.TestFile    Now processing file /home/runner/work/key/key/key.core/../key.ui/examples/standard_key/pred_log/tptp/SYN/SYN550p1.key 
139286     INFO  main            d.u.i.k.p.i.AbstractProblemLoader Loading environment from /home/runner/work/key/key/key.core/../key.ui/examples/standard_key/pred_log/tptp/SYN/SYN550p1.key 
139287     DEBUG main            d.u.i.k.p.i.AbstractProblemLoader Environment load took 86.71ns 
139288     INFO  main            d.u.i.k.p.i.AbstractProblemLoader Creating init config 
141937     DEBUG main            d.u.i.k.p.i.AbstractProblemLoader Init config took 2.65s 
141952     INFO  main            d.u.i.k.p.i.AbstractProblemLoader Replaying proof SYN550p1.key 
141953     DEBUG main            d.u.i.k.p.i.IntermediateProofReplayer Proof replay took 15.3ns 
145064     INFO  main            d.u.i.k.p.r.p.TestFile    ... finished proof: closed. 
145335     INFO  main            d.u.i.k.p.i.AbstractProblemLoader Loading environment from /home/runner/work/key/key/key.core/../key.ui/examples/standard_key/pred_log/tptp/SYN/SYN550p1.key.proof 
145335     DEBUG main            d.u.i.k.p.i.AbstractProblemLoader Environment load took 383.32ns 
145337     INFO  main            d.u.i.k.p.i.AbstractProblemLoader Creating init config 
147888     DEBUG main            d.u.i.k.p.i.AbstractProblemLoader Init config took 2.55s 
147903     INFO  main            d.u.i.k.p.i.AbstractProblemLoader Replaying proof SYN550p1.key.proof 
147992     DEBUG main            d.u.i.k.p.i.IntermediateProofReplayer Proof replay took 77.41ms 
147994     DEBUG main            d.u.i.k.p.r.p.TestFile    ... success: reloaded. 
147995     INFO  main            d.u.i.k.p.r.p.TestFile    Now processing file /home/runner/work/key/key/key.core/../key.ui/examples/standard_key/prop_log/reallySimple.key 
147995     INFO  main            d.u.i.k.p.i.AbstractProblemLoader Loading environment from /home/runner/work/key/key/key.core/../key.ui/examples/standard_key/prop_log/reallySimple.key 
147996     DEBUG main            d.u.i.k.p.i.AbstractProblemLoader Environment load took 237.12ns 
147997     INFO  main            d.u.i.k.p.i.AbstractProblemLoader Creating init config 
150653     DEBUG main            d.u.i.k.p.i.AbstractProblemLoader Init config took 2.66s 
150668     INFO  main            d.u.i.k.p.i.AbstractProblemLoader Replaying proof reallySimple.key 
150669     DEBUG main            d.u.i.k.p.i.IntermediateProofReplayer Proof replay took 7.8ns 
150771     INFO  main            d.u.i.k.p.r.p.TestFile    ... finished proof: open goal(s) 
151068     INFO  main            d.u.i.k.p.r.p.TestFile    Now processing file /home/runner/work/key/key/key.core/../key.ui/examples/standard_key/pred_log/sameName1.key 
151069     INFO  main            d.u.i.k.p.i.AbstractProblemLoader Loading environment from /home/runner/work/key/key/key.core/../key.ui/examples/standard_key/pred_log/sameName1.key 
151069     DEBUG main            d.u.i.k.p.i.AbstractProblemLoader Environment load took 71.2ns 
151070     INFO  main            d.u.i.k.p.i.AbstractProblemLoader Creating init config 
153649     DEBUG main            d.u.i.k.p.i.AbstractProblemLoader Init config took 2.58s 
153665     INFO  main            d.u.i.k.p.i.AbstractProblemLoader Replaying proof sameName1.key 
153666     DEBUG main            d.u.i.k.p.i.IntermediateProofReplayer Proof replay took 7ns 
153768     INFO  main            d.u.i.k.p.r.p.TestFile    ... finished proof: open goal(s) 
154022     INFO  main            d.u.i.k.p.r.p.TestFile    Now processing file /home/runner/work/key/key/key.core/../key.ui/examples/standard_key/pred_log/jbyteIfEx.key 
154022     INFO  main            d.u.i.k.p.i.AbstractProblemLoader Loading environment from /home/runner/work/key/key/key.core/../key.ui/examples/standard_key/pred_log/jbyteIfEx.key 
154022     DEBUG main            d.u.i.k.p.i.AbstractProblemLoader Environment load took 71.5ns 
154023     INFO  main            d.u.i.k.p.i.AbstractProblemLoader Creating init config 
156546     DEBUG main            d.u.i.k.p.i.AbstractProblemLoader Init config took 2.52s 
156561     INFO  main            d.u.i.k.p.i.AbstractProblemLoader Replaying proof jbyteIfEx.key 
156562     DEBUG main            d.u.i.k.p.i.IntermediateProofReplayer Proof replay took 5.9ns 
156665     INFO  main            d.u.i.k.p.r.p.TestFile    ... finished proof: closed. 
156929     INFO  main            d.u.i.k.p.i.AbstractProblemLoader Loading environment from /home/runner/work/key/key/key.core/../key.ui/examples/standard_key/pred_log/jbyteIfEx.key.proof 
156929     DEBUG main            d.u.i.k.p.i.AbstractProblemLoader Environment load took 118.91ns 
156930     INFO  main            d.u.i.k.p.i.AbstractProblemLoader Creating init config 
159397     DEBUG main            d.u.i.k.p.i.AbstractProblemLoader Init config took 2.47s 
159413     INFO  main            d.u.i.k.p.i.AbstractProblemLoader Replaying proof jbyteIfEx.key.proof 
159423     DEBUG main            d.u.i.k.p.i.IntermediateProofReplayer Proof replay took 8.7ms 
159424     DEBUG main            d.u.i.k.p.r.p.TestFile    ... success: reloaded. 
159425     INFO  main            d.u.i.k.p.r.p.TestFile    Now processing file /home/runner/work/key/key/key.core/../key.ui/examples/standard_key/prop_log/allClausesLength4.key 
159425     INFO  main            d.u.i.k.p.i.AbstractProblemLoader Loading environment from /home/runner/work/key/key/key.core/../key.ui/examples/standard_key/prop_log/allClausesLength4.key 
159425     DEBUG main            d.u.i.k.p.i.AbstractProblemLoader Environment load took 173.71ns 
159427     INFO  main            d.u.i.k.p.i.AbstractProblemLoader Creating init config 
162132     DEBUG main            d.u.i.k.p.i.AbstractProblemLoader Init config took 2.7s 
162150     INFO  main            d.u.i.k.p.i.AbstractProblemLoader Replaying proof allClausesLength4.key 
162151     DEBUG main            d.u.i.k.p.i.IntermediateProofReplayer Proof replay took 6.6ns 
162254     INFO  main            d.u.i.k.p.r.p.TestFile    ... finished proof: closed. 
162523     INFO  main            d.u.i.k.p.i.AbstractProblemLoader Loading environment from /home/runner/work/key/key/key.core/../key.ui/examples/standard_key/prop_log/allClausesLength4.key.proof 
162524     DEBUG main            d.u.i.k.p.i.AbstractProblemLoader Environment load took 110.71ns 
162525     INFO  main            d.u.i.k.p.i.AbstractProblemLoader Creating init config 
165083     DEBUG main            d.u.i.k.p.i.AbstractProblemLoader Init config took 2.56s 
165101     INFO  main            d.u.i.k.p.i.AbstractProblemLoader Replaying proof allClausesLength4.key.proof 
165117     DEBUG main            d.u.i.k.p.i.IntermediateProofReplayer Proof replay took 13.12ms 
165118     DEBUG main            d.u.i.k.p.r.p.TestFile    ... success: reloaded. 
165118     INFO  main            d.u.i.k.p.r.p.TestFile    Now processing file /home/runner/work/key/key/key.core/../key.ui/examples/standard_key/prop_log/allClausesLength5.key 
165118     INFO  main            d.u.i.k.p.i.AbstractProblemLoader Loading environment from /home/runner/work/key/key/key.core/../key.ui/examples/standard_key/prop_log/allClausesLength5.key 
165118     DEBUG main            d.u.i.k.p.i.AbstractProblemLoader Environment load took 93.31ns 
165120     INFO  main            d.u.i.k.p.i.AbstractProblemLoader Creating init config 
167684     DEBUG main            d.u.i.k.p.i.AbstractProblemLoader Init config took 2.56s 
167699     INFO  main            d.u.i.k.p.i.AbstractProblemLoader Replaying proof allClausesLength5.key 
167700     DEBUG main            d.u.i.k.p.i.IntermediateProofReplayer Proof replay took 6.2ns 
168004     INFO  main            d.u.i.k.p.r.p.TestFile    ... finished proof: closed. 
168288     INFO  main            d.u.i.k.p.i.AbstractProblemLoader Loading environment from /home/runner/work/key/key/key.core/../key.ui/examples/standard_key/prop_log/allClausesLength5.key.proof 
168288     DEBUG main            d.u.i.k.p.i.AbstractProblemLoader Environment load took 366.52ns 
168290     INFO  main            d.u.i.k.p.i.AbstractProblemLoader Creating init config 
170836     DEBUG main            d.u.i.k.p.i.AbstractProblemLoader Init config took 2.55s 
170852     INFO  main            d.u.i.k.p.i.AbstractProblemLoader Replaying proof allClausesLength5.key.proof 
170887     DEBUG main            d.u.i.k.p.i.IntermediateProofReplayer Proof replay took 30.97ms 
170888     DEBUG main            d.u.i.k.p.r.p.TestFile    ... success: reloaded. 
170889     INFO  main            d.u.i.k.p.r.p.TestFile    Now processing file /home/runner/work/key/key/key.core/../key.ui/examples/standard_key/prop_log/doubleNeg.key 
170889     INFO  main            d.u.i.k.p.i.AbstractProblemLoader Loading environment from /home/runner/work/key/key/key.core/../key.ui/examples/standard_key/prop_log/doubleNeg.key 
170889     DEBUG main            d.u.i.k.p.i.AbstractProblemLoader Environment load took 86.61ns 
170890     INFO  main            d.u.i.k.p.i.AbstractProblemLoader Creating init config 
173481     DEBUG main            d.u.i.k.p.i.AbstractProblemLoader Init config took 2.59s 
173495     INFO  main            d.u.i.k.p.i.AbstractProblemLoader Replaying proof doubleNeg.key 
173496     DEBUG main            d.u.i.k.p.i.IntermediateProofReplayer Proof replay took 7ns 
173598     INFO  main            d.u.i.k.p.r.p.TestFile    ... finished proof: closed. 
173898     INFO  main            d.u.i.k.p.i.AbstractProblemLoader Loading environment from /home/runner/work/key/key/key.core/../key.ui/examples/standard_key/prop_log/doubleNeg.key.proof 
173898     DEBUG main            d.u.i.k.p.i.AbstractProblemLoader Environment load took 108.41ns 
173899     INFO  main            d.u.i.k.p.i.AbstractProblemLoader Creating init config 
176461     DEBUG main            d.u.i.k.p.i.AbstractProblemLoader Init config took 2.56s 
176475     INFO  main            d.u.i.k.p.i.AbstractProblemLoader Replaying proof doubleNeg.key.proof 
176477     DEBUG main            d.u.i.k.p.i.IntermediateProofReplayer Proof replay took 428.43ns 
176478     DEBUG main            d.u.i.k.p.r.p.TestFile    ... success: reloaded. 
176478     INFO  main            d.u.i.k.p.r.p.TestFile    Now processing file /home/runner/work/key/key/key.core/../key.ui/examples/standard_key/prop_log/liarsville.key 
176478     INFO  main            d.u.i.k.p.i.AbstractProblemLoader Loading environment from /home/runner/work/key/key/key.core/../key.ui/examples/standard_key/prop_log/liarsville.key 
176479     DEBUG main            d.u.i.k.p.i.AbstractProblemLoader Environment load took 89.21ns 
176480     INFO  main            d.u.i.k.p.i.AbstractProblemLoader Creating init config 
179096     DEBUG main            d.u.i.k.p.i.AbstractProblemLoader Init config took 2.62s 
179110     INFO  main            d.u.i.k.p.i.AbstractProblemLoader Replaying proof liarsville.key 
179111     DEBUG main            d.u.i.k.p.i.IntermediateProofReplayer Proof replay took 7.3ns 
179217     INFO  main            d.u.i.k.p.r.p.TestFile    ... finished proof: closed. 
179505     INFO  main            d.u.i.k.p.i.AbstractProblemLoader Loading environment from /home/runner/work/key/key/key.core/../key.ui/examples/standard_key/prop_log/liarsville.key.proof 
179506     DEBUG main            d.u.i.k.p.i.AbstractProblemLoader Environment load took 236.01ns 
179507     INFO  main            d.u.i.k.p.i.AbstractProblemLoader Creating init config 
182073     DEBUG main            d.u.i.k.p.i.AbstractProblemLoader Init config took 2.57s 
182086     INFO  main            d.u.i.k.p.i.AbstractProblemLoader Replaying proof liarsville.key.proof 
182089     DEBUG main            d.u.i.k.p.i.IntermediateProofReplayer Proof replay took 1.18ms 
182090     DEBUG main            d.u.i.k.p.r.p.TestFile    ... success: reloaded. 
182090     INFO  main            d.u.i.k.p.r.p.TestFile    Now processing file /home/runner/work/key/key/key.core/../key.ui/examples/standard_key/prop_log/simplest.key 
182090     INFO  main            d.u.i.k.p.i.AbstractProblemLoader Loading environment from /home/runner/work/key/key/key.core/../key.ui/examples/standard_key/prop_log/simplest.key 
182090     DEBUG main            d.u.i.k.p.i.AbstractProblemLoader Environment load took 61.9ns 
182091     INFO  main            d.u.i.k.p.i.AbstractProblemLoader Creating init config 
184728     DEBUG main            d.u.i.k.p.i.AbstractProblemLoader Init config took 2.64s 
184743     INFO  main            d.u.i.k.p.i.AbstractProblemLoader Replaying proof simplest.key 
184744     DEBUG main            d.u.i.k.p.i.IntermediateProofReplayer Proof replay took 7.4ns 
184846     INFO  main            d.u.i.k.p.r.p.TestFile    ... finished proof: closed. 
185157     INFO  main            d.u.i.k.p.i.AbstractProblemLoader Loading environment from /home/runner/work/key/key/key.core/../key.ui/examples/standard_key/prop_log/simplest.key.proof 
185157     DEBUG main            d.u.i.k.p.i.AbstractProblemLoader Environment load took 106.01ns 
185158     INFO  main            d.u.i.k.p.i.AbstractProblemLoader Creating init config 
187746     DEBUG main            d.u.i.k.p.i.AbstractProblemLoader Init config took 2.59s 
187760     INFO  main            d.u.i.k.p.i.AbstractProblemLoader Replaying proof simplest.key.proof 
187761     DEBUG main            d.u.i.k.p.i.IntermediateProofReplayer Proof replay took 100.81ns 
187762     DEBUG main            d.u.i.k.p.r.p.TestFile    ... success: reloaded. 
187762     INFO  main            d.u.i.k.p.r.p.TestFile    Now processing file /home/runner/work/key/key/key.core/../key.ui/examples/standard_key/prop_log/contraposition.key 
187763     INFO  main            d.u.i.k.p.i.AbstractProblemLoader Loading environment from /home/runner/work/key/key/key.core/../key.ui/examples/standard_key/prop_log/contraposition.key 
187763     DEBUG main            d.u.i.k.p.i.AbstractProblemLoader Environment load took 62.8ns 
187764     INFO  main            d.u.i.k.p.i.AbstractProblemLoader Creating init config 
190497     DEBUG main            d.u.i.k.p.i.AbstractProblemLoader Init config took 2.73s 
190513     INFO  main            d.u.i.k.p.i.AbstractProblemLoader Replaying proof contraposition.key 
190514     DEBUG main            d.u.i.k.p.i.IntermediateProofReplayer Proof replay took 7.7ns 
190617     INFO  main            d.u.i.k.p.r.p.TestFile    ... finished proof: closed. 
190934     INFO  main            d.u.i.k.p.i.AbstractProblemLoader Loading environment from /home/runner/work/key/key/key.core/../key.ui/examples/standard_key/prop_log/contraposition.key.proof 
190934     DEBUG main            d.u.i.k.p.i.AbstractProblemLoader Environment load took 131.91ns 
190935     INFO  main            d.u.i.k.p.i.AbstractProblemLoader Creating init config 
193413     DEBUG main            d.u.i.k.p.i.AbstractProblemLoader Init config took 2.48s 
193427     INFO  main            d.u.i.k.p.i.AbstractProblemLoader Replaying proof contraposition.key.proof 
193429     DEBUG main            d.u.i.k.p.i.IntermediateProofReplayer Proof replay took 505.83ns 
193430     DEBUG main            d.u.i.k.p.r.p.TestFile    ... success: reloaded. 
193430     INFO  main            d.u.i.k.p.r.p.TestFile    Now processing file /home/runner/work/key/key/key.core/../key.ui/examples/standard_key/quantifiers/elimination0.key 
193430     INFO  main            d.u.i.k.p.i.AbstractProblemLoader Loading environment from /home/runner/work/key/key/key.core/../key.ui/examples/standard_key/quantifiers/elimination0.key 
193430     DEBUG main            d.u.i.k.p.i.AbstractProblemLoader Environment load took 58.4ns 
193431     INFO  main            d.u.i.k.p.i.AbstractProblemLoader Creating init config 
196009     DEBUG main            d.u.i.k.p.i.AbstractProblemLoader Init config took 2.58s 
196023     INFO  main            d.u.i.k.p.i.AbstractProblemLoader Replaying proof elimination0.key 
196025     DEBUG main            d.u.i.k.p.i.IntermediateProofReplayer Proof replay took 7.1ns 
196127     INFO  main            d.u.i.k.p.r.p.TestFile    ... finished proof: closed. 
196429     INFO  main            d.u.i.k.p.i.AbstractProblemLoader Loading environment from /home/runner/work/key/key/key.core/../key.ui/examples/standard_key/quantifiers/elimination0.key.proof 
196430     DEBUG main            d.u.i.k.p.i.AbstractProblemLoader Environment load took 114.51ns 
196431     INFO  main            d.u.i.k.p.i.AbstractProblemLoader Creating init config 
198956     DEBUG main            d.u.i.k.p.i.AbstractProblemLoader Init config took 2.53s 
198970     INFO  main            d.u.i.k.p.i.AbstractProblemLoader Replaying proof elimination0.key.proof 
198972     DEBUG main            d.u.i.k.p.i.IntermediateProofReplayer Proof replay took 1.37ms 
198973     DEBUG main            d.u.i.k.p.r.p.TestFile    ... success: reloaded. 
198974     INFO  main            d.u.i.k.p.r.p.TestFile    Now processing file /home/runner/work/key/key/key.core/../key.ui/examples/standard_key/quantifiers/heuristic_PUZ001p1-eq.key 
198974     INFO  main            d.u.i.k.p.i.AbstractProblemLoader Loading environment from /home/runner/work/key/key/key.core/../key.ui/examples/standard_key/quantifiers/heuristic_PUZ001p1-eq.key 
198974     DEBUG main            d.u.i.k.p.i.AbstractProblemLoader Environment load took 91.5ns 
198976     INFO  main            d.u.i.k.p.i.AbstractProblemLoader Creating init config 
201592     DEBUG main            d.u.i.k.p.i.AbstractProblemLoader Init config took 2.62s 
201608     INFO  main            d.u.i.k.p.i.AbstractProblemLoader Replaying proof heuristic_PUZ001p1-eq.key 
201609     DEBUG main            d.u.i.k.p.i.IntermediateProofReplayer Proof replay took 6.9ns 
201712     INFO  main            d.u.i.k.p.r.p.TestFile    ... finished proof: closed. 
202027     INFO  main            d.u.i.k.p.i.AbstractProblemLoader Loading environment from /home/runner/work/key/key/key.core/../key.ui/examples/standard_key/quantifiers/heuristic_PUZ001p1-eq.key.proof 
202027     DEBUG main            d.u.i.k.p.i.AbstractProblemLoader Environment load took 114.51ns 
202030     INFO  main            d.u.i.k.p.i.AbstractProblemLoader Creating init config 
204626     DEBUG main            d.u.i.k.p.i.AbstractProblemLoader Init config took 2.6s 
204641     INFO  main            d.u.i.k.p.i.AbstractProblemLoader Replaying proof heuristic_PUZ001p1-eq.key.proof 
204652     DEBUG main            d.u.i.k.p.i.IntermediateProofReplayer Proof replay took 9.48ms 
204654     DEBUG main            d.u.i.k.p.r.p.TestFile    ... success: reloaded. 
204654     INFO  main            d.u.i.k.p.r.p.TestFile    Now processing file /home/runner/work/key/key/key.core/../key.ui/examples/standard_key/quantifiers/heuristic_PUZ001p1.key 
204655     INFO  main            d.u.i.k.p.i.AbstractProblemLoader Loading environment from /home/runner/work/key/key/key.core/../key.ui/examples/standard_key/quantifiers/heuristic_PUZ001p1.key 
204655     DEBUG main            d.u.i.k.p.i.AbstractProblemLoader Environment load took 73ns 
204656     INFO  main            d.u.i.k.p.i.AbstractProblemLoader Creating init config 
207301     DEBUG main            d.u.i.k.p.i.AbstractProblemLoader Init config took 2.64s 
207316     INFO  main            d.u.i.k.p.i.AbstractProblemLoader Replaying proof heuristic_PUZ001p1.key 
207318     DEBUG main            d.u.i.k.p.i.IntermediateProofReplayer Proof replay took 6.2ns 
208824     INFO  main            d.u.i.k.p.r.p.TestFile    ... finished proof: closed. 
209164     INFO  main            d.u.i.k.p.i.AbstractProblemLoader Loading environment from /home/runner/work/key/key/key.core/../key.ui/examples/standard_key/quantifiers/heuristic_PUZ001p1.key.proof 
209165     DEBUG main            d.u.i.k.p.i.AbstractProblemLoader Environment load took 375.52ns 
209167     INFO  main            d.u.i.k.p.i.AbstractProblemLoader Creating init config 
211905     DEBUG main            d.u.i.k.p.i.AbstractProblemLoader Init config took 2.74s 
211922     INFO  main            d.u.i.k.p.i.AbstractProblemLoader Replaying proof heuristic_PUZ001p1.key.proof 
211973     DEBUG main            d.u.i.k.p.i.IntermediateProofReplayer Proof replay took 46.93ms 
211975     DEBUG main            d.u.i.k.p.r.p.TestFile    ... success: reloaded. 
211976     INFO  main            d.u.i.k.p.r.p.TestFile    Now processing file /home/runner/work/key/key/key.core/../key.ui/examples/standard_key/quantifiers/heuristic_PUZ031p1.key 
211976     INFO  main            d.u.i.k.p.i.AbstractProblemLoader Loading environment from /home/runner/work/key/key/key.core/../key.ui/examples/standard_key/quantifiers/heuristic_PUZ031p1.key 
211977     DEBUG main            d.u.i.k.p.i.AbstractProblemLoader Environment load took 174.61ns 
211978     INFO  main            d.u.i.k.p.i.AbstractProblemLoader Creating init config 
214691     DEBUG main            d.u.i.k.p.i.AbstractProblemLoader Init config took 2.71s 
214707     INFO  main            d.u.i.k.p.i.AbstractProblemLoader Replaying proof heuristic_PUZ031p1.key 
214708     DEBUG main            d.u.i.k.p.i.IntermediateProofReplayer Proof replay took 7.7ns 
219930     INFO  main            d.u.i.k.p.r.p.TestFile    ... finished proof: closed. 
220287     INFO  main            d.u.i.k.p.i.AbstractProblemLoader Loading environment from /home/runner/work/key/key/key.core/../key.ui/examples/standard_key/quantifiers/heuristic_PUZ031p1.key.proof 
220291     DEBUG main            d.u.i.k.p.i.AbstractProblemLoader Environment load took 3.31ms 
220292     INFO  main            d.u.i.k.p.i.AbstractProblemLoader Creating init config 
222934     DEBUG main            d.u.i.k.p.i.AbstractProblemLoader Init config took 2.64s 
222961     INFO  main            d.u.i.k.p.i.AbstractProblemLoader Replaying proof heuristic_PUZ031p1.key.proof 
223017     DEBUG main            d.u.i.k.p.i.IntermediateProofReplayer Proof replay took 51.78ms 
223018     DEBUG main            d.u.i.k.p.r.p.TestFile    ... success: reloaded. 
223019     INFO  main            d.u.i.k.p.r.p.TestFile    Now processing file /home/runner/work/key/key/key.core/../key.ui/examples/standard_key/quantifiers/heuristic_SYN036p2.key 
223019     INFO  main            d.u.i.k.p.i.AbstractProblemLoader Loading environment from /home/runner/work/key/key/key.core/../key.ui/examples/standard_key/quantifiers/heuristic_SYN036p2.key 
223020     DEBUG main            d.u.i.k.p.i.AbstractProblemLoader Environment load took 86.5ns 
223021     INFO  main            d.u.i.k.p.i.AbstractProblemLoader Creating init config 
225650     DEBUG main            d.u.i.k.p.i.AbstractProblemLoader Init config took 2.63s 
225665     INFO  main            d.u.i.k.p.i.AbstractProblemLoader Replaying proof heuristic_SYN036p2.key 
225666     DEBUG main            d.u.i.k.p.i.IntermediateProofReplayer Proof replay took 7.1ns 
225870     INFO  main            d.u.i.k.p.r.p.TestFile    ... finished proof: closed. 
226226     INFO  main            d.u.i.k.p.i.AbstractProblemLoader Loading environment from /home/runner/work/key/key/key.core/../key.ui/examples/standard_key/quantifiers/heuristic_SYN036p2.key.proof 
226227     DEBUG main            d.u.i.k.p.i.AbstractProblemLoader Environment load took 316.12ns 
226228     INFO  main            d.u.i.k.p.i.AbstractProblemLoader Creating init config 
228823     DEBUG main            d.u.i.k.p.i.AbstractProblemLoader Init config took 2.6s 
228838     INFO  main            d.u.i.k.p.i.AbstractProblemLoader Replaying proof heuristic_SYN036p2.key.proof 
228906     DEBUG main            d.u.i.k.p.i.IntermediateProofReplayer Proof replay took 56.85ms 
228907     DEBUG main            d.u.i.k.p.r.p.TestFile    ... success: reloaded. 
228908     INFO  main            d.u.i.k.p.r.p.TestFile    Now processing file /home/runner/work/key/key/key.core/../key.ui/examples/standard_key/quantifiers/injectivity.key 
228908     INFO  main            d.u.i.k.p.i.AbstractProblemLoader Loading environment from /home/runner/work/key/key/key.core/../key.ui/examples/standard_key/quantifiers/injectivity.key 
228908     DEBUG main            d.u.i.k.p.i.AbstractProblemLoader Environment load took 222.81ns 
228909     INFO  main            d.u.i.k.p.i.AbstractProblemLoader Creating init config 
231528     DEBUG main            d.u.i.k.p.i.AbstractProblemLoader Init config took 2.62s 
231543     INFO  main            d.u.i.k.p.i.AbstractProblemLoader Replaying proof injectivity.key 
231544     DEBUG main            d.u.i.k.p.i.IntermediateProofReplayer Proof replay took 7.1ns 
231646     INFO  main            d.u.i.k.p.r.p.TestFile    ... finished proof: closed. 
231997     INFO  main            d.u.i.k.p.i.AbstractProblemLoader Loading environment from /home/runner/work/key/key/key.core/../key.ui/examples/standard_key/quantifiers/injectivity.key.proof 
231998     DEBUG main            d.u.i.k.p.i.AbstractProblemLoader Environment load took 99.01ns 
231999     INFO  main            d.u.i.k.p.i.AbstractProblemLoader Creating init config 
234608     DEBUG main            d.u.i.k.p.i.AbstractProblemLoader Init config took 2.61s 
234635     INFO  main            d.u.i.k.p.i.AbstractProblemLoader Replaying proof injectivity.key.proof 
234638     DEBUG main            d.u.i.k.p.i.IntermediateProofReplayer Proof replay took 1.88ms 
234639     DEBUG main            d.u.i.k.p.r.p.TestFile    ... success: reloaded. 
234640     INFO  main            d.u.i.k.p.r.p.TestFile    Now processing file /home/runner/work/key/key/key.core/../key.ui/examples/standard_key/quantifiers/normalisation0.key 
234640     INFO  main            d.u.i.k.p.i.AbstractProblemLoader Loading environment from /home/runner/work/key/key/key.core/../key.ui/examples/standard_key/quantifiers/normalisation0.key 
234640     DEBUG main            d.u.i.k.p.i.AbstractProblemLoader Environment load took 88.5ns 
234641     INFO  main            d.u.i.k.p.i.AbstractProblemLoader Creating init config 
237343     DEBUG main            d.u.i.k.p.i.AbstractProblemLoader Init config took 2.7s 
237360     INFO  main            d.u.i.k.p.i.AbstractProblemLoader Replaying proof normalisation0.key 
237365     DEBUG main            d.u.i.k.p.i.IntermediateProofReplayer Proof replay took 8.2ns 
237471     INFO  main            d.u.i.k.p.r.p.TestFile    ... finished proof: closed. 
237851     INFO  main            d.u.i.k.p.i.AbstractProblemLoader Loading environment from /home/runner/work/key/key/key.core/../key.ui/examples/standard_key/quantifiers/normalisation0.key.proof 
237851     DEBUG main            d.u.i.k.p.i.AbstractProblemLoader Environment load took 133.11ns 
237852     INFO  main            d.u.i.k.p.i.AbstractProblemLoader Creating init config 
240490     DEBUG main            d.u.i.k.p.i.AbstractProblemLoader Init config took 2.64s 
240505     INFO  main            d.u.i.k.p.i.AbstractProblemLoader Replaying proof normalisation0.key.proof 
240513     DEBUG main            d.u.i.k.p.i.IntermediateProofReplayer Proof replay took 4.07ms 
240516     DEBUG main            d.u.i.k.p.r.p.TestFile    ... success: reloaded. 
240517     INFO  main            d.u.i.k.p.r.p.TestFile    Now processing file /home/runner/work/key/key/key.core/../key.ui/examples/standard_key/quantifiers/normalisation1.key 
240517     INFO  main            d.u.i.k.p.i.AbstractProblemLoader Loading environment from /home/runner/work/key/key/key.core/../key.ui/examples/standard_key/quantifiers/normalisation1.key 
240517     DEBUG main            d.u.i.k.p.i.AbstractProblemLoader Environment load took 209.21ns 
240519     INFO  main            d.u.i.k.p.i.AbstractProblemLoader Creating init config 
243269     DEBUG main            d.u.i.k.p.i.AbstractProblemLoader Init config took 2.75s 
243286     INFO  main            d.u.i.k.p.i.AbstractProblemLoader Replaying proof normalisation1.key 
243288     DEBUG main            d.u.i.k.p.i.IntermediateProofReplayer Proof replay took 7.7ns 
243394     INFO  main            d.u.i.k.p.r.p.TestFile    ... finished proof: closed. 
243781     INFO  main            d.u.i.k.p.i.AbstractProblemLoader Loading environment from /home/runner/work/key/key/key.core/../key.ui/examples/standard_key/quantifiers/normalisation1.key.proof 
243781     DEBUG main            d.u.i.k.p.i.AbstractProblemLoader Environment load took 102.11ns 
243783     INFO  main            d.u.i.k.p.i.AbstractProblemLoader Creating init config 
246579     DEBUG main            d.u.i.k.p.i.AbstractProblemLoader Init config took 2.8s 
246595     INFO  main            d.u.i.k.p.i.AbstractProblemLoader Replaying proof normalisation1.key.proof 
246600     DEBUG main            d.u.i.k.p.i.IntermediateProofReplayer Proof replay took 3.03ms 
246601     DEBUG main            d.u.i.k.p.r.p.TestFile    ... success: reloaded. 
246607     INFO  main            d.u.i.k.p.r.p.TestFile    Now processing file /home/runner/work/key/key/key.core/../key.ui/examples/standard_key/quantifiers/normalisation2.key 
246607     INFO  main            d.u.i.k.p.i.AbstractProblemLoader Loading environment from /home/runner/work/key/key/key.core/../key.ui/examples/standard_key/quantifiers/normalisation2.key 
246607     DEBUG main            d.u.i.k.p.i.AbstractProblemLoader Environment load took 110.41ns 
246608     INFO  main            d.u.i.k.p.i.AbstractProblemLoader Creating init config 
249452     DEBUG main            d.u.i.k.p.i.AbstractProblemLoader Init config took 2.84s 
249468     INFO  main            d.u.i.k.p.i.AbstractProblemLoader Replaying proof normalisation2.key 
249469     DEBUG main            d.u.i.k.p.i.IntermediateProofReplayer Proof replay took 8ns 
249571     INFO  main            d.u.i.k.p.r.p.TestFile    ... finished proof: closed. 
249949     INFO  main            d.u.i.k.p.i.AbstractProblemLoader Loading environment from /home/runner/work/key/key/key.core/../key.ui/examples/standard_key/quantifiers/normalisation2.key.proof 
249949     DEBUG main            d.u.i.k.p.i.AbstractProblemLoader Environment load took 123.61ns 
249950     INFO  main            d.u.i.k.p.i.AbstractProblemLoader Creating init config 
252671     DEBUG main            d.u.i.k.p.i.AbstractProblemLoader Init config took 2.72s 
252686     INFO  main            d.u.i.k.p.i.AbstractProblemLoader Replaying proof normalisation2.key.proof 
252690     DEBUG main            d.u.i.k.p.i.IntermediateProofReplayer Proof replay took 2.44ms 
252691     DEBUG main            d.u.i.k.p.r.p.TestFile    ... success: reloaded. 
252691     INFO  main            d.u.i.k.p.r.p.TestFile    Now processing file /home/runner/work/key/key/key.core/../key.ui/examples/standard_key/quantifiers/normalisation3.key 
252692     INFO  main            d.u.i.k.p.i.AbstractProblemLoader Loading environment from /home/runner/work/key/key/key.core/../key.ui/examples/standard_key/quantifiers/normalisation3.key 
252692     DEBUG main            d.u.i.k.p.i.AbstractProblemLoader Environment load took 93.31ns 
252693     INFO  main            d.u.i.k.p.i.AbstractProblemLoader Creating init config 
255515     DEBUG main            d.u.i.k.p.i.AbstractProblemLoader Init config took 2.82s 
255530     INFO  main            d.u.i.k.p.i.AbstractProblemLoader Replaying proof normalisation3.key 
255531     DEBUG main            d.u.i.k.p.i.IntermediateProofReplayer Proof replay took 7.4ns 
255633     INFO  main            d.u.i.k.p.r.p.TestFile    ... finished proof: closed. 
256149     INFO  main            d.u.i.k.p.i.AbstractProblemLoader Loading environment from /home/runner/work/key/key/key.core/../key.ui/examples/standard_key/quantifiers/normalisation3.key.proof 
256149     DEBUG main            d.u.i.k.p.i.AbstractProblemLoader Environment load took 111.71ns 
256150     INFO  main            d.u.i.k.p.i.AbstractProblemLoader Creating init config 
258943     DEBUG main            d.u.i.k.p.i.AbstractProblemLoader Init config took 2.79s 
258959     INFO  main            d.u.i.k.p.i.AbstractProblemLoader Replaying proof normalisation3.key.proof 
258963     DEBUG main            d.u.i.k.p.i.IntermediateProofReplayer Proof replay took 2.56ms 
258964     DEBUG main            d.u.i.k.p.r.p.TestFile    ... success: reloaded. 
258964     INFO  main            d.u.i.k.p.r.p.TestFile    Now processing file /home/runner/work/key/key/key.core/../key.ui/examples/standard_key/quantifiers/normalisation4.key 
258965     INFO  main            d.u.i.k.p.i.AbstractProblemLoader Loading environment from /home/runner/work/key/key/key.core/../key.ui/examples/standard_key/quantifiers/normalisation4.key 
258965     DEBUG main            d.u.i.k.p.i.AbstractProblemLoader Environment load took 132.91ns 
258966     INFO  main            d.u.i.k.p.i.AbstractProblemLoader Creating init config 
261808     DEBUG main            d.u.i.k.p.i.AbstractProblemLoader Init config took 2.84s 
261823     INFO  main            d.u.i.k.p.i.AbstractProblemLoader Replaying proof normalisation4.key 
261825     DEBUG main            d.u.i.k.p.i.IntermediateProofReplayer Proof replay took 7.7ns 
261927     INFO  main            d.u.i.k.p.r.p.TestFile    ... finished proof: closed. 
262327     INFO  main            d.u.i.k.p.i.AbstractProblemLoader Loading environment from /home/runner/work/key/key/key.core/../key.ui/examples/standard_key/quantifiers/normalisation4.key.proof 
262327     DEBUG main            d.u.i.k.p.i.AbstractProblemLoader Environment load took 104.51ns 
262329     INFO  main            d.u.i.k.p.i.AbstractProblemLoader Creating init config 
265129     DEBUG main            d.u.i.k.p.i.AbstractProblemLoader Init config took 2.8s 
265145     INFO  main            d.u.i.k.p.i.AbstractProblemLoader Replaying proof normalisation4.key.proof 
265152     DEBUG main            d.u.i.k.p.i.IntermediateProofReplayer Proof replay took 5.43ms 
265153     DEBUG main            d.u.i.k.p.r.p.TestFile    ... success: reloaded. 
265154     INFO  main            d.u.i.k.p.r.p.TestFile    Now processing file /home/runner/work/key/key/key.core/../key.ui/examples/standard_key/quantifiers/normalisation5.key 
265154     INFO  main            d.u.i.k.p.i.AbstractProblemLoader Loading environment from /home/runner/work/key/key/key.core/../key.ui/examples/standard_key/quantifiers/normalisation5.key 
265154     DEBUG main            d.u.i.k.p.i.AbstractProblemLoader Environment load took 127.81ns 
265155     INFO  main            d.u.i.k.p.i.AbstractProblemLoader Creating init config 
267978     DEBUG main            d.u.i.k.p.i.AbstractProblemLoader Init config took 2.82s 
267993     INFO  main            d.u.i.k.p.i.AbstractProblemLoader Replaying proof normalisation5.key 
267995     DEBUG main            d.u.i.k.p.i.IntermediateProofReplayer Proof replay took 7.5ns 
268096     INFO  main            d.u.i.k.p.r.p.TestFile    ... finished proof: closed. 
268500     INFO  main            d.u.i.k.p.i.AbstractProblemLoader Loading environment from /home/runner/work/key/key/key.core/../key.ui/examples/standard_key/quantifiers/normalisation5.key.proof 
268500     DEBUG main            d.u.i.k.p.i.AbstractProblemLoader Environment load took 104.81ns 
268501     INFO  main            d.u.i.k.p.i.AbstractProblemLoader Creating init config 
271318     DEBUG main            d.u.i.k.p.i.AbstractProblemLoader Init config took 2.82s 
271334     INFO  main            d.u.i.k.p.i.AbstractProblemLoader Replaying proof normalisation5.key.proof 
271339     DEBUG main            d.u.i.k.p.i.IntermediateProofReplayer Proof replay took 4.02ms 
271340     DEBUG main            d.u.i.k.p.r.p.TestFile    ... success: reloaded. 
271341     INFO  main            d.u.i.k.p.r.p.TestFile    Now processing file /home/runner/work/key/key/key.core/../key.ui/examples/standard_key/quantifiers/normalisation6.key 
271341     INFO  main            d.u.i.k.p.i.AbstractProblemLoader Loading environment from /home/runner/work/key/key/key.core/../key.ui/examples/standard_key/quantifiers/normalisation6.key 
271341     DEBUG main            d.u.i.k.p.i.AbstractProblemLoader Environment load took 197.11ns 
271342     INFO  main            d.u.i.k.p.i.AbstractProblemLoader Creating init config 
274135     DEBUG main            d.u.i.k.p.i.AbstractProblemLoader Init config took 2.79s 
274150     INFO  main            d.u.i.k.p.i.AbstractProblemLoader Replaying proof normalisation6.key 
274151     DEBUG main            d.u.i.k.p.i.IntermediateProofReplayer Proof replay took 7ns 
274253     INFO  main            d.u.i.k.p.r.p.TestFile    ... finished proof: closed. 
274649     INFO  main            d.u.i.k.p.i.AbstractProblemLoader Loading environment from /home/runner/work/key/key/key.core/../key.ui/examples/standard_key/quantifiers/normalisation6.key.proof 
274649     DEBUG main            d.u.i.k.p.i.AbstractProblemLoader Environment load took 99.01ns 
274650     INFO  main            d.u.i.k.p.i.AbstractProblemLoader Creating init config 
277396     DEBUG main            d.u.i.k.p.i.AbstractProblemLoader Init config took 2.75s 
277411     INFO  main            d.u.i.k.p.i.AbstractProblemLoader Replaying proof normalisation6.key.proof 
277415     DEBUG main            d.u.i.k.p.i.IntermediateProofReplayer Proof replay took 2.43ms 
277416     DEBUG main            d.u.i.k.p.r.p.TestFile    ... success: reloaded. 
277417     INFO  main            d.u.i.k.p.r.p.TestFile    Now processing file /home/runner/work/key/key/key.core/../key.ui/examples/standard_key/quantifiers/normalisation7.key 
277417     INFO  main            d.u.i.k.p.i.AbstractProblemLoader Loading environment from /home/runner/work/key/key/key.core/../key.ui/examples/standard_key/quantifiers/normalisation7.key 
277417     DEBUG main            d.u.i.k.p.i.AbstractProblemLoader Environment load took 79.41ns 
277418     INFO  main            d.u.i.k.p.i.AbstractProblemLoader Creating init config 
280225     DEBUG main            d.u.i.k.p.i.AbstractProblemLoader Init config took 2.81s 
280241     INFO  main            d.u.i.k.p.i.AbstractProblemLoader Replaying proof normalisation7.key 
280242     DEBUG main            d.u.i.k.p.i.IntermediateProofReplayer Proof replay took 7.6ns 
280344     INFO  main            d.u.i.k.p.r.p.TestFile    ... finished proof: closed. 
280747     INFO  main            d.u.i.k.p.i.AbstractProblemLoader Loading environment from /home/runner/work/key/key/key.core/../key.ui/examples/standard_key/quantifiers/normalisation7.key.proof 
280747     DEBUG main            d.u.i.k.p.i.AbstractProblemLoader Environment load took 116.01ns 
280748     INFO  main            d.u.i.k.p.i.AbstractProblemLoader Creating init config 
283509     DEBUG main            d.u.i.k.p.i.AbstractProblemLoader Init config took 2.76s 
283525     INFO  main            d.u.i.k.p.i.AbstractProblemLoader Replaying proof normalisation7.key.proof 
283529     DEBUG main            d.u.i.k.p.i.IntermediateProofReplayer Proof replay took 2.16ms 
283530     DEBUG main            d.u.i.k.p.r.p.TestFile    ... success: reloaded. 
283531     INFO  main            d.u.i.k.p.r.p.TestFile    Now processing file /home/runner/work/key/key/key.core/../key.ui/examples/standard_key/quantifiers/normalisation8.key 
283531     INFO  main            d.u.i.k.p.i.AbstractProblemLoader Loading environment from /home/runner/work/key/key/key.core/../key.ui/examples/standard_key/quantifiers/normalisation8.key 
283531     DEBUG main            d.u.i.k.p.i.AbstractProblemLoader Environment load took 84ns 
283532     INFO  main            d.u.i.k.p.i.AbstractProblemLoader Creating init config 
286309     DEBUG main            d.u.i.k.p.i.AbstractProblemLoader Init config took 2.78s 
286324     INFO  main            d.u.i.k.p.i.AbstractProblemLoader Replaying proof normalisation8.key 
286326     DEBUG main            d.u.i.k.p.i.IntermediateProofReplayer Proof replay took 7.2ns 
286427     INFO  main            d.u.i.k.p.r.p.TestFile    ... finished proof: closed. 
286841     INFO  main            d.u.i.k.p.i.AbstractProblemLoader Loading environment from /home/runner/work/key/key/key.core/../key.ui/examples/standard_key/quantifiers/normalisation8.key.proof 
286841     DEBUG main            d.u.i.k.p.i.AbstractProblemLoader Environment load took 103.61ns 
286842     INFO  main            d.u.i.k.p.i.AbstractProblemLoader Creating init config 
289605     DEBUG main            d.u.i.k.p.i.AbstractProblemLoader Init config took 2.76s 
289621     INFO  main            d.u.i.k.p.i.AbstractProblemLoader Replaying proof normalisation8.key.proof 
289628     DEBUG main            d.u.i.k.p.i.IntermediateProofReplayer Proof replay took 5.21ms 
289628     DEBUG main            d.u.i.k.p.r.p.TestFile    ... success: reloaded. 
289629     INFO  main            d.u.i.k.p.r.p.TestFile    Now processing file /home/runner/work/key/key/key.core/../key.ui/examples/standard_key/quantifiers/normalisation9.key 
289629     INFO  main            d.u.i.k.p.i.AbstractProblemLoader Loading environment from /home/runner/work/key/key/key.core/../key.ui/examples/standard_key/quantifiers/normalisation9.key 
289630     DEBUG main            d.u.i.k.p.i.AbstractProblemLoader Environment load took 87.51ns 
289631     INFO  main            d.u.i.k.p.i.AbstractProblemLoader Creating init config 
292485     DEBUG main            d.u.i.k.p.i.AbstractProblemLoader Init config took 2.85s 
292500     INFO  main            d.u.i.k.p.i.AbstractProblemLoader Replaying proof normalisation9.key 
292502     DEBUG main            d.u.i.k.p.i.IntermediateProofReplayer Proof replay took 6.3ns 
292604     INFO  main            d.u.i.k.p.r.p.TestFile    ... finished proof: closed. 
293031     INFO  main            d.u.i.k.p.i.AbstractProblemLoader Loading environment from /home/runner/work/key/key/key.core/../key.ui/examples/standard_key/quantifiers/normalisation9.key.proof 
293031     DEBUG main            d.u.i.k.p.i.AbstractProblemLoader Environment load took 93.11ns 
293032     INFO  main            d.u.i.k.p.i.AbstractProblemLoader Creating init config 
295793     DEBUG main            d.u.i.k.p.i.AbstractProblemLoader Init config took 2.76s 
295808     INFO  main            d.u.i.k.p.i.AbstractProblemLoader Replaying proof normalisation9.key.proof 
295816     DEBUG main            d.u.i.k.p.i.IntermediateProofReplayer Proof replay took 7.12ms 
295817     DEBUG main            d.u.i.k.p.r.p.TestFile    ... success: reloaded. 
295818     INFO  main            d.u.i.k.p.r.p.TestFile    Now processing file /home/runner/work/key/key/key.core/../key.ui/examples/standard_key/quantifiers/normalisation10.key 
295818     INFO  main            d.u.i.k.p.i.AbstractProblemLoader Loading environment from /home/runner/work/key/key/key.core/../key.ui/examples/standard_key/quantifiers/normalisation10.key 
295818     DEBUG main            d.u.i.k.p.i.AbstractProblemLoader Environment load took 80.41ns 
295820     INFO  main            d.u.i.k.p.i.AbstractProblemLoader Creating init config 
298640     DEBUG main            d.u.i.k.p.i.AbstractProblemLoader Init config took 2.82s 
298656     INFO  main            d.u.i.k.p.i.AbstractProblemLoader Replaying proof normalisation10.key 
298657     DEBUG main            d.u.i.k.p.i.IntermediateProofReplayer Proof replay took 6.4ns 
298760     INFO  main            d.u.i.k.p.r.p.TestFile    ... finished proof: closed. 
299187     INFO  main            d.u.i.k.p.i.AbstractProblemLoader Loading environment from /home/runner/work/key/key/key.core/../key.ui/examples/standard_key/quantifiers/normalisation10.key.proof 
299187     DEBUG main            d.u.i.k.p.i.AbstractProblemLoader Environment load took 97.91ns 
299189     INFO  main            d.u.i.k.p.i.AbstractProblemLoader Creating init config 
301946     DEBUG main            d.u.i.k.p.i.AbstractProblemLoader Init config took 2.76s 
301962     INFO  main            d.u.i.k.p.i.AbstractProblemLoader Replaying proof normalisation10.key.proof 
301969     DEBUG main            d.u.i.k.p.i.IntermediateProofReplayer Proof replay took 5.08ms 
301969     DEBUG main            d.u.i.k.p.r.p.TestFile    ... success: reloaded. 
301970     INFO  main            d.u.i.k.p.r.p.TestFile    Now processing file /home/runner/work/key/key/key.core/../key.ui/examples/standard_key/quantifiers/normalisation12.key 
301970     INFO  main            d.u.i.k.p.i.AbstractProblemLoader Loading environment from /home/runner/work/key/key/key.core/../key.ui/examples/standard_key/quantifiers/normalisation12.key 
301971     DEBUG main            d.u.i.k.p.i.AbstractProblemLoader Environment load took 84.91ns 
301971     INFO  main            d.u.i.k.p.i.AbstractProblemLoader Creating init config 
304743     DEBUG main            d.u.i.k.p.i.AbstractProblemLoader Init config took 2.77s 
304758     INFO  main            d.u.i.k.p.i.AbstractProblemLoader Replaying proof normalisation12.key 
304760     DEBUG main            d.u.i.k.p.i.IntermediateProofReplayer Proof replay took 7.5ns 
304862     INFO  main            d.u.i.k.p.r.p.TestFile    ... finished proof: closed. 
305293     INFO  main            d.u.i.k.p.i.AbstractProblemLoader Loading environment from /home/runner/work/key/key/key.core/../key.ui/examples/standard_key/quantifiers/normalisation12.key.proof 
305293     DEBUG main            d.u.i.k.p.i.AbstractProblemLoader Environment load took 99.51ns 
305294     INFO  main            d.u.i.k.p.i.AbstractProblemLoader Creating init config 
308026     DEBUG main            d.u.i.k.p.i.AbstractProblemLoader Init config took 2.73s 
308042     INFO  main            d.u.i.k.p.i.AbstractProblemLoader Replaying proof normalisation12.key.proof 
308045     DEBUG main            d.u.i.k.p.i.IntermediateProofReplayer Proof replay took 1.41ms 
308045     DEBUG main            d.u.i.k.p.r.p.TestFile    ... success: reloaded. 
308046     INFO  main            d.u.i.k.p.r.p.TestFile    Now processing file /home/runner/work/key/key/key.core/../key.ui/examples/standard_key/quantifiers/normalisation13.key 
308046     INFO  main            d.u.i.k.p.i.AbstractProblemLoader Loading environment from /home/runner/work/key/key/key.core/../key.ui/examples/standard_key/quantifiers/normalisation13.key 
308046     DEBUG main            d.u.i.k.p.i.AbstractProblemLoader Environment load took 44.9ns 
308047     INFO  main            d.u.i.k.p.i.AbstractProblemLoader Creating init config 
310858     DEBUG main            d.u.i.k.p.i.AbstractProblemLoader Init config took 2.81s 
310873     INFO  main            d.u.i.k.p.i.AbstractProblemLoader Replaying proof normalisation13.key 
310875     DEBUG main            d.u.i.k.p.i.IntermediateProofReplayer Proof replay took 6.6ns 
310977     INFO  main            d.u.i.k.p.r.p.TestFile    ... finished proof: closed. 
311424     INFO  main            d.u.i.k.p.i.AbstractProblemLoader Loading environment from /home/runner/work/key/key/key.core/../key.ui/examples/standard_key/quantifiers/normalisation13.key.proof 
311424     DEBUG main            d.u.i.k.p.i.AbstractProblemLoader Environment load took 96.31ns 
311426     INFO  main            d.u.i.k.p.i.AbstractProblemLoader Creating init config 
314168     DEBUG main            d.u.i.k.p.i.AbstractProblemLoader Init config took 2.74s 
314183     INFO  main            d.u.i.k.p.i.AbstractProblemLoader Replaying proof normalisation13.key.proof 
314185     DEBUG main            d.u.i.k.p.i.IntermediateProofReplayer Proof replay took 619.64ns 
314186     DEBUG main            d.u.i.k.p.r.p.TestFile    ... success: reloaded. 
314187     INFO  main            d.u.i.k.p.r.p.TestFile    Now processing file /home/runner/work/key/key/key.core/../key.ui/examples/standard_key/quantifiers/triggers0.key 
314187     INFO  main            d.u.i.k.p.i.AbstractProblemLoader Loading environment from /home/runner/work/key/key/key.core/../key.ui/examples/standard_key/quantifiers/triggers0.key 
314187     DEBUG main            d.u.i.k.p.i.AbstractProblemLoader Environment load took 131.01ns 
314188     INFO  main            d.u.i.k.p.i.AbstractProblemLoader Creating init config 
316979     DEBUG main            d.u.i.k.p.i.AbstractProblemLoader Init config took 2.79s 
316994     INFO  main            d.u.i.k.p.i.AbstractProblemLoader Replaying proof triggers0.key 
316996     DEBUG main            d.u.i.k.p.i.IntermediateProofReplayer Proof replay took 7.6ns 
317097     INFO  main            d.u.i.k.p.r.p.TestFile    ... finished proof: closed. 
317532     INFO  main            d.u.i.k.p.i.AbstractProblemLoader Loading environment from /home/runner/work/key/key/key.core/../key.ui/examples/standard_key/quantifiers/triggers0.key.proof 
317533     DEBUG main            d.u.i.k.p.i.AbstractProblemLoader Environment load took 104.21ns 
317533     INFO  main            d.u.i.k.p.i.AbstractProblemLoader Creating init config 
320251     DEBUG main            d.u.i.k.p.i.AbstractProblemLoader Init config took 2.72s 
320266     INFO  main            d.u.i.k.p.i.AbstractProblemLoader Replaying proof triggers0.key.proof 
320268     DEBUG main            d.u.i.k.p.i.IntermediateProofReplayer Proof replay took 1.52ms 
320269     DEBUG main            d.u.i.k.p.r.p.TestFile    ... success: reloaded. 
4175069    INFO  Test worker     d.u.i.k.p.r.RunAllProofsTestUnit Returning from test FOL 
4175070    INFO  Test worker     d.u.i.k.p.r.RunAllProofsTestUnit Running test strings 
388        INFO  Timeout watchdog d.u.i.k.p.r.p.ForkedTestFileRunner Timeout watcher launched (2000 secs.) 
393        WARN  main            d.u.i.k.s.ProofSettings   The settings in /home/runner/.key/proof-settings.props are *not* read. 
422        INFO  main            d.u.i.k.p.r.p.TestFile    Now processing file /home/runner/work/key/key/key.core/../key.ui/examples/standard_key/strings/charAt0.key 
548        INFO  main            d.u.i.k.p.i.AbstractProblemLoader Loading environment from /home/runner/work/key/key/key.core/../key.ui/examples/standard_key/strings/charAt0.key 
568        DEBUG main            d.u.i.k.p.i.AbstractProblemLoader Environment load took 2.1ms 
842        INFO  main            d.u.i.k.p.i.AbstractProblemLoader Creating init config 
1924       DEBUG main            d.u.i.k.j.TypeConverter   No LDT found for Meta 
1925       DEBUG main            d.u.i.k.j.TypeConverter   No LDT found for Meta 
1928       DEBUG main            d.u.i.k.j.TypeConverter   No LDT found for Meta 
1928       DEBUG main            d.u.i.k.j.TypeConverter   No LDT found for Meta 
3325       DEBUG main            d.u.i.k.j.TypeConverter   No LDT found for JavaBigintExpression 
8471       DEBUG main            d.u.i.k.p.i.AbstractProblemLoader Init config took 7.63s 
8530       INFO  main            d.u.i.k.p.i.AbstractProblemLoader Replaying proof charAt0.key 
8566       DEBUG main            d.u.i.k.p.i.IntermediateProofReplayer Proof replay took 33.9ns 
8944       INFO  main            d.u.i.k.p.r.p.TestFile    ... finished proof: closed. 
9066       INFO  main            d.u.i.k.p.i.AbstractProblemLoader Loading environment from /home/runner/work/key/key/key.core/../key.ui/examples/standard_key/strings/charAt0.key.proof 
9066       DEBUG main            d.u.i.k.p.i.AbstractProblemLoader Environment load took 170.81ns 
9070       INFO  main            d.u.i.k.p.i.AbstractProblemLoader Creating init config 
12175      DEBUG main            d.u.i.k.p.i.AbstractProblemLoader Init config took 3.1s 
12205      INFO  main            d.u.i.k.p.i.AbstractProblemLoader Replaying proof charAt0.key.proof 
12228      DEBUG main            d.u.i.k.p.i.IntermediateProofReplayer Proof replay took 17.87ms 
12240      DEBUG main            d.u.i.k.p.r.p.TestFile    ... success: reloaded. 
12241      INFO  main            d.u.i.k.p.r.p.TestFile    Now processing file /home/runner/work/key/key/key.core/../key.ui/examples/standard_key/strings/charAt1.key 
12241      INFO  main            d.u.i.k.p.i.AbstractProblemLoader Loading environment from /home/runner/work/key/key/key.core/../key.ui/examples/standard_key/strings/charAt1.key 
12242      DEBUG main            d.u.i.k.p.i.AbstractProblemLoader Environment load took 221.01ns 
12243      INFO  main            d.u.i.k.p.i.AbstractProblemLoader Creating init config 
15257      DEBUG main            d.u.i.k.p.i.AbstractProblemLoader Init config took 3.01s 
15293      INFO  main            d.u.i.k.p.i.AbstractProblemLoader Replaying proof charAt1.key 
15301      DEBUG main            d.u.i.k.p.i.IntermediateProofReplayer Proof replay took 8.3ns 
15509      INFO  main            d.u.i.k.p.r.p.TestFile    ... finished proof: closed. 
15661      INFO  main            d.u.i.k.p.i.AbstractProblemLoader Loading environment from /home/runner/work/key/key/key.core/../key.ui/examples/standard_key/strings/charAt1.key.proof 
15663      DEBUG main            d.u.i.k.p.i.AbstractProblemLoader Environment load took 1.68ms 
15666      INFO  main            d.u.i.k.p.i.AbstractProblemLoader Creating init config 
18648      DEBUG main            d.u.i.k.p.i.AbstractProblemLoader Init config took 2.98s 
18674      INFO  main            d.u.i.k.p.i.AbstractProblemLoader Replaying proof charAt1.key.proof 
18693      DEBUG main            d.u.i.k.p.i.IntermediateProofReplayer Proof replay took 15.67ms 
18694      DEBUG main            d.u.i.k.p.r.p.TestFile    ... success: reloaded. 
18695      INFO  main            d.u.i.k.p.r.p.TestFile    Now processing file /home/runner/work/key/key/key.core/../key.ui/examples/standard_key/strings/concat1.key 
18696      INFO  main            d.u.i.k.p.i.AbstractProblemLoader Loading environment from /home/runner/work/key/key/key.core/../key.ui/examples/standard_key/strings/concat1.key 
18696      DEBUG main            d.u.i.k.p.i.AbstractProblemLoader Environment load took 245.41ns 
18697      INFO  main            d.u.i.k.p.i.AbstractProblemLoader Creating init config 
21607      DEBUG main            d.u.i.k.p.i.AbstractProblemLoader Init config took 2.91s 
21630      INFO  main            d.u.i.k.p.i.AbstractProblemLoader Replaying proof concat1.key 
21632      DEBUG main            d.u.i.k.p.i.IntermediateProofReplayer Proof replay took 7.8ns 
21736      INFO  main            d.u.i.k.p.r.p.TestFile    ... finished proof: closed. 
21894      INFO  main            d.u.i.k.p.i.AbstractProblemLoader Loading environment from /home/runner/work/key/key/key.core/../key.ui/examples/standard_key/strings/concat1.key.proof 
21894      DEBUG main            d.u.i.k.p.i.AbstractProblemLoader Environment load took 132.21ns 
21896      INFO  main            d.u.i.k.p.i.AbstractProblemLoader Creating init config 
24764      DEBUG main            d.u.i.k.p.i.AbstractProblemLoader Init config took 2.87s 
24786      INFO  main            d.u.i.k.p.i.AbstractProblemLoader Replaying proof concat1.key.proof 
24790      DEBUG main            d.u.i.k.p.i.IntermediateProofReplayer Proof replay took 1.31ms 
24791      DEBUG main            d.u.i.k.p.r.p.TestFile    ... success: reloaded. 
24792      INFO  main            d.u.i.k.p.r.p.TestFile    Now processing file /home/runner/work/key/key/key.core/../key.ui/examples/standard_key/strings/concat2.key 
24793      INFO  main            d.u.i.k.p.i.AbstractProblemLoader Loading environment from /home/runner/work/key/key/key.core/../key.ui/examples/standard_key/strings/concat2.key 
24793      DEBUG main            d.u.i.k.p.i.AbstractProblemLoader Environment load took 194.81ns 
24794      INFO  main            d.u.i.k.p.i.AbstractProblemLoader Creating init config 
27671      DEBUG main            d.u.i.k.p.i.AbstractProblemLoader Init config took 2.88s 
27693      INFO  main            d.u.i.k.p.i.AbstractProblemLoader Replaying proof concat2.key 
27695      DEBUG main            d.u.i.k.p.i.IntermediateProofReplayer Proof replay took 7.8ns 
27798      INFO  main            d.u.i.k.p.r.p.TestFile    ... finished proof: closed. 
27959      INFO  main            d.u.i.k.p.i.AbstractProblemLoader Loading environment from /home/runner/work/key/key/key.core/../key.ui/examples/standard_key/strings/concat2.key.proof 
27961      DEBUG main            d.u.i.k.p.i.AbstractProblemLoader Environment load took 2.05ms 
27963      INFO  main            d.u.i.k.p.i.AbstractProblemLoader Creating init config 
30833      DEBUG main            d.u.i.k.p.i.AbstractProblemLoader Init config took 2.87s 
30856      INFO  main            d.u.i.k.p.i.AbstractProblemLoader Replaying proof concat2.key.proof 
30868      DEBUG main            d.u.i.k.p.i.IntermediateProofReplayer Proof replay took 9.47ms 
30869      DEBUG main            d.u.i.k.p.r.p.TestFile    ... success: reloaded. 
30869      INFO  main            d.u.i.k.p.r.p.TestFile    Now processing file /home/runner/work/key/key/key.core/../key.ui/examples/standard_key/strings/deriveLength1.key 
30870      INFO  main            d.u.i.k.p.i.AbstractProblemLoader Loading environment from /home/runner/work/key/key/key.core/../key.ui/examples/standard_key/strings/deriveLength1.key 
30870      DEBUG main            d.u.i.k.p.i.AbstractProblemLoader Environment load took 110.31ns 
30871      INFO  main            d.u.i.k.p.i.AbstractProblemLoader Creating init config 
33742      DEBUG main            d.u.i.k.p.i.AbstractProblemLoader Init config took 2.87s 
33769      INFO  main            d.u.i.k.p.i.AbstractProblemLoader Replaying proof deriveLength1.key 
33770      DEBUG main            d.u.i.k.p.i.IntermediateProofReplayer Proof replay took 7.8ns 
33873      INFO  main            d.u.i.k.p.r.p.TestFile    ... finished proof: closed. 
34079      INFO  main            d.u.i.k.p.i.AbstractProblemLoader Loading environment from /home/runner/work/key/key/key.core/../key.ui/examples/standard_key/strings/deriveLength1.key.proof 
34079      DEBUG main            d.u.i.k.p.i.AbstractProblemLoader Environment load took 146.91ns 
34080      INFO  main            d.u.i.k.p.i.AbstractProblemLoader Creating init config 
36930      DEBUG main            d.u.i.k.p.i.AbstractProblemLoader Init config took 2.85s 
36951      INFO  main            d.u.i.k.p.i.AbstractProblemLoader Replaying proof deriveLength1.key.proof 
36968      DEBUG main            d.u.i.k.p.i.IntermediateProofReplayer Proof replay took 13.82ms 
36969      DEBUG main            d.u.i.k.p.r.p.TestFile    ... success: reloaded. 
36969      INFO  main            d.u.i.k.p.r.p.TestFile    Now processing file /home/runner/work/key/key/key.core/../key.ui/examples/standard_key/strings/emptyStringLengthZero.key 
36971      INFO  main            d.u.i.k.p.i.AbstractProblemLoader Loading environment from /home/runner/work/key/key/key.core/../key.ui/examples/standard_key/strings/emptyStringLengthZero.key 
36971      DEBUG main            d.u.i.k.p.i.AbstractProblemLoader Environment load took 141.11ns 
36972      INFO  main            d.u.i.k.p.i.AbstractProblemLoader Creating init config 
39802      DEBUG main            d.u.i.k.p.i.AbstractProblemLoader Init config took 2.83s 
39823      INFO  main            d.u.i.k.p.i.AbstractProblemLoader Replaying proof emptyStringLengthZero.key 
39825      DEBUG main            d.u.i.k.p.i.IntermediateProofReplayer Proof replay took 8ns 
39928      INFO  main            d.u.i.k.p.r.p.TestFile    ... finished proof: closed. 
40101      INFO  main            d.u.i.k.p.i.AbstractProblemLoader Loading environment from /home/runner/work/key/key/key.core/../key.ui/examples/standard_key/strings/emptyStringLengthZero.key.proof 
40101      DEBUG main            d.u.i.k.p.i.AbstractProblemLoader Environment load took 129.31ns 
40103      INFO  main            d.u.i.k.p.i.AbstractProblemLoader Creating init config 
42879      DEBUG main            d.u.i.k.p.i.AbstractProblemLoader Init config took 2.78s 
42900      INFO  main            d.u.i.k.p.i.AbstractProblemLoader Replaying proof emptyStringLengthZero.key.proof 
42906      DEBUG main            d.u.i.k.p.i.IntermediateProofReplayer Proof replay took 3.69ms 
42907      DEBUG main            d.u.i.k.p.r.p.TestFile    ... success: reloaded. 
42908      INFO  main            d.u.i.k.p.r.p.TestFile    Now processing file /home/runner/work/key/key/key.core/../key.ui/examples/standard_key/strings/implicitBooleanStringConversion.key 
42908      INFO  main            d.u.i.k.p.i.AbstractProblemLoader Loading environment from /home/runner/work/key/key/key.core/../key.ui/examples/standard_key/strings/implicitBooleanStringConversion.key 
42908      DEBUG main            d.u.i.k.p.i.AbstractProblemLoader Environment load took 203.41ns 
42909      INFO  main            d.u.i.k.p.i.AbstractProblemLoader Creating init config 
45819      DEBUG main            d.u.i.k.p.i.AbstractProblemLoader Init config took 2.91s 
45860      INFO  main            d.u.i.k.p.i.AbstractProblemLoader Replaying proof implicitBooleanStringConversion.key 
45863      DEBUG main            d.u.i.k.p.i.IntermediateProofReplayer Proof replay took 8.5ns 
46873      INFO  main            d.u.i.k.p.r.p.TestFile    ... finished proof: closed. 
47081      INFO  main            d.u.i.k.p.i.AbstractProblemLoader Loading environment from /home/runner/work/key/key/key.core/../key.ui/examples/standard_key/strings/implicitBooleanStringConversion.key.proof 
47081      DEBUG main            d.u.i.k.p.i.AbstractProblemLoader Environment load took 150.61ns 
47082      INFO  main            d.u.i.k.p.i.AbstractProblemLoader Creating init config 
49878      DEBUG main            d.u.i.k.p.i.AbstractProblemLoader Init config took 2.8s 
49899      INFO  main            d.u.i.k.p.i.AbstractProblemLoader Replaying proof implicitBooleanStringConversion.key.proof 
50030      DEBUG main            d.u.i.k.p.i.IntermediateProofReplayer Proof replay took 125.43ms 
50031      DEBUG main            d.u.i.k.p.r.p.TestFile    ... success: reloaded. 
50033      INFO  main            d.u.i.k.p.r.p.TestFile    Now processing file /home/runner/work/key/key/key.core/../key.ui/examples/standard_key/strings/implicitBooleanStringConversion2.key 
50033      INFO  main            d.u.i.k.p.i.AbstractProblemLoader Loading environment from /home/runner/work/key/key/key.core/../key.ui/examples/standard_key/strings/implicitBooleanStringConversion2.key 
50033      DEBUG main            d.u.i.k.p.i.AbstractProblemLoader Environment load took 122.71ns 
50035      INFO  main            d.u.i.k.p.i.AbstractProblemLoader Creating init config 
52802      DEBUG main            d.u.i.k.p.i.AbstractProblemLoader Init config took 2.77s 
52850      INFO  main            d.u.i.k.p.i.AbstractProblemLoader Replaying proof implicitBooleanStringConversion2.key 
52852      DEBUG main            d.u.i.k.p.i.IntermediateProofReplayer Proof replay took 7.6ns 
53157      INFO  main            d.u.i.k.p.r.p.TestFile    ... finished proof: closed. 
53367      INFO  main            d.u.i.k.p.i.AbstractProblemLoader Loading environment from /home/runner/work/key/key/key.core/../key.ui/examples/standard_key/strings/implicitBooleanStringConversion2.key.proof 
53367      DEBUG main            d.u.i.k.p.i.AbstractProblemLoader Environment load took 388.82ns 
53369      INFO  main            d.u.i.k.p.i.AbstractProblemLoader Creating init config 
56118      DEBUG main            d.u.i.k.p.i.AbstractProblemLoader Init config took 2.75s 
56140      INFO  main            d.u.i.k.p.i.AbstractProblemLoader Replaying proof implicitBooleanStringConversion2.key.proof 
56183      DEBUG main            d.u.i.k.p.i.IntermediateProofReplayer Proof replay took 39.17ms 
56184      DEBUG main            d.u.i.k.p.r.p.TestFile    ... success: reloaded. 
56185      INFO  main            d.u.i.k.p.r.p.TestFile    Now processing file /home/runner/work/key/key/key.core/../key.ui/examples/standard_key/strings/implicitIntStringConversion.key 
56185      INFO  main            d.u.i.k.p.i.AbstractProblemLoader Loading environment from /home/runner/work/key/key/key.core/../key.ui/examples/standard_key/strings/implicitIntStringConversion.key 
56185      DEBUG main            d.u.i.k.p.i.AbstractProblemLoader Environment load took 182.91ns 
56186      INFO  main            d.u.i.k.p.i.AbstractProblemLoader Creating init config 
58933      DEBUG main            d.u.i.k.p.i.AbstractProblemLoader Init config took 2.75s 
58953      INFO  main            d.u.i.k.p.i.AbstractProblemLoader Replaying proof implicitIntStringConversion.key 
58955      DEBUG main            d.u.i.k.p.i.IntermediateProofReplayer Proof replay took 7.8ns 
59660      INFO  main            d.u.i.k.p.r.p.TestFile    ... finished proof: closed. 
59913      INFO  main            d.u.i.k.p.i.AbstractProblemLoader Loading environment from /home/runner/work/key/key/key.core/../key.ui/examples/standard_key/strings/implicitIntStringConversion.key.proof 
59914      DEBUG main            d.u.i.k.p.i.AbstractProblemLoader Environment load took 523.03ns 
59915      INFO  main            d.u.i.k.p.i.AbstractProblemLoader Creating init config 
62645      DEBUG main            d.u.i.k.p.i.AbstractProblemLoader Init config took 2.73s 
62665      INFO  main            d.u.i.k.p.i.AbstractProblemLoader Replaying proof implicitIntStringConversion.key.proof 
62744      DEBUG main            d.u.i.k.p.i.IntermediateProofReplayer Proof replay took 74.03ms 
62745      DEBUG main            d.u.i.k.p.r.p.TestFile    ... success: reloaded. 
62746      INFO  main            d.u.i.k.p.r.p.TestFile    Now processing file /home/runner/work/key/key/key.core/../key.ui/examples/standard_key/strings/implicitNullStringConversion.key 
62746      INFO  main            d.u.i.k.p.i.AbstractProblemLoader Loading environment from /home/runner/work/key/key/key.core/../key.ui/examples/standard_key/strings/implicitNullStringConversion.key 
62746      DEBUG main            d.u.i.k.p.i.AbstractProblemLoader Environment load took 247.82ns 
62747      INFO  main            d.u.i.k.p.i.AbstractProblemLoader Creating init config 
65574      DEBUG main            d.u.i.k.p.i.AbstractProblemLoader Init config took 2.83s 
65594      INFO  main            d.u.i.k.p.i.AbstractProblemLoader Replaying proof implicitNullStringConversion.key 
65596      DEBUG main            d.u.i.k.p.i.IntermediateProofReplayer Proof replay took 6.9ns 
65899      INFO  main            d.u.i.k.p.r.p.TestFile    ... finished proof: closed. 
66123      INFO  main            d.u.i.k.p.i.AbstractProblemLoader Loading environment from /home/runner/work/key/key/key.core/../key.ui/examples/standard_key/strings/implicitNullStringConversion.key.proof 
66124      DEBUG main            d.u.i.k.p.i.AbstractProblemLoader Environment load took 378.32ns 
66125      INFO  main            d.u.i.k.p.i.AbstractProblemLoader Creating init config 
68845      DEBUG main            d.u.i.k.p.i.AbstractProblemLoader Init config took 2.72s 
68866      INFO  main            d.u.i.k.p.i.AbstractProblemLoader Replaying proof implicitNullStringConversion.key.proof 
68902      DEBUG main            d.u.i.k.p.i.IntermediateProofReplayer Proof replay took 33.06ms 
68903      DEBUG main            d.u.i.k.p.r.p.TestFile    ... success: reloaded. 
68904      INFO  main            d.u.i.k.p.r.p.TestFile    Now processing file /home/runner/work/key/key/key.core/../key.ui/examples/standard_key/strings/implicitNullStringConversion2.key 
68905      INFO  main            d.u.i.k.p.i.AbstractProblemLoader Loading environment from /home/runner/work/key/key/key.core/../key.ui/examples/standard_key/strings/implicitNullStringConversion2.key 
68905      DEBUG main            d.u.i.k.p.i.AbstractProblemLoader Environment load took 195.81ns 
68906      INFO  main            d.u.i.k.p.i.AbstractProblemLoader Creating init config 
71664      DEBUG main            d.u.i.k.p.i.AbstractProblemLoader Init config took 2.76s 
71685      INFO  main            d.u.i.k.p.i.AbstractProblemLoader Replaying proof implicitNullStringConversion2.key 
71687      DEBUG main            d.u.i.k.p.i.IntermediateProofReplayer Proof replay took 8.4ns 
71890      INFO  main            d.u.i.k.p.r.p.TestFile    ... finished proof: closed. 
72116      INFO  main            d.u.i.k.p.i.AbstractProblemLoader Loading environment from /home/runner/work/key/key/key.core/../key.ui/examples/standard_key/strings/implicitNullStringConversion2.key.proof 
72118      DEBUG main            d.u.i.k.p.i.AbstractProblemLoader Environment load took 2.27ms 
72120      INFO  main            d.u.i.k.p.i.AbstractProblemLoader Creating init config 
74897      DEBUG main            d.u.i.k.p.i.AbstractProblemLoader Init config took 2.78s 
74918      INFO  main            d.u.i.k.p.i.AbstractProblemLoader Replaying proof implicitNullStringConversion2.key.proof 
74945      DEBUG main            d.u.i.k.p.i.IntermediateProofReplayer Proof replay took 24.29ms 
74946      DEBUG main            d.u.i.k.p.r.p.TestFile    ... success: reloaded. 
74947      INFO  main            d.u.i.k.p.r.p.TestFile    Now processing file /home/runner/work/key/key/key.core/../key.ui/examples/standard_key/strings/implicitObjectStringConversion.key 
74948      INFO  main            d.u.i.k.p.i.AbstractProblemLoader Loading environment from /home/runner/work/key/key/key.core/../key.ui/examples/standard_key/strings/implicitObjectStringConversion.key 
74948      DEBUG main            d.u.i.k.p.i.AbstractProblemLoader Environment load took 214.71ns 
74949      INFO  main            d.u.i.k.p.i.AbstractProblemLoader Creating init config 
77956      DEBUG main            d.u.i.k.p.i.AbstractProblemLoader Init config took 3.01s 
77976      INFO  main            d.u.i.k.p.i.AbstractProblemLoader Replaying proof implicitObjectStringConversion.key 
77978      DEBUG main            d.u.i.k.p.i.IntermediateProofReplayer Proof replay took 7.5ns 
78486      INFO  main            d.u.i.k.p.r.p.TestFile    ... finished proof: closed. 
78721      INFO  main            d.u.i.k.p.i.AbstractProblemLoader Loading environment from /home/runner/work/key/key/key.core/../key.ui/examples/standard_key/strings/implicitObjectStringConversion.key.proof 
78723      DEBUG main            d.u.i.k.p.i.AbstractProblemLoader Environment load took 1.78ms 
78724      INFO  main            d.u.i.k.p.i.AbstractProblemLoader Creating init config 
81749      DEBUG main            d.u.i.k.p.i.AbstractProblemLoader Init config took 3.03s 
81772      INFO  main            d.u.i.k.p.i.AbstractProblemLoader Replaying proof implicitObjectStringConversion.key.proof 
81841      DEBUG main            d.u.i.k.p.i.IntermediateProofReplayer Proof replay took 64.9ms 
81843      DEBUG main            d.u.i.k.p.r.p.TestFile    ... success: reloaded. 
81844      INFO  main            d.u.i.k.p.r.p.TestFile    Now processing file /home/runner/work/key/key/key.core/../key.ui/examples/standard_key/strings/literalEquality.key 
81844      INFO  main            d.u.i.k.p.i.AbstractProblemLoader Loading environment from /home/runner/work/key/key/key.core/../key.ui/examples/standard_key/strings/literalEquality.key 
81844      DEBUG main            d.u.i.k.p.i.AbstractProblemLoader Environment load took 187.71ns 
81845      INFO  main            d.u.i.k.p.i.AbstractProblemLoader Creating init config 
84555      DEBUG main            d.u.i.k.p.i.AbstractProblemLoader Init config took 2.71s 
84575      INFO  main            d.u.i.k.p.i.AbstractProblemLoader Replaying proof literalEquality.key 
84576      DEBUG main            d.u.i.k.p.i.IntermediateProofReplayer Proof replay took 7.9ns 
84680      INFO  main            d.u.i.k.p.r.p.TestFile    ... finished proof: closed. 
84908      INFO  main            d.u.i.k.p.i.AbstractProblemLoader Loading environment from /home/runner/work/key/key/key.core/../key.ui/examples/standard_key/strings/literalEquality.key.proof 
84908      DEBUG main            d.u.i.k.p.i.AbstractProblemLoader Environment load took 127.11ns 
84910      INFO  main            d.u.i.k.p.i.AbstractProblemLoader Creating init config 
87655      DEBUG main            d.u.i.k.p.i.AbstractProblemLoader Init config took 2.75s 
87674      INFO  main            d.u.i.k.p.i.AbstractProblemLoader Replaying proof literalEquality.key.proof 
87682      DEBUG main            d.u.i.k.p.i.IntermediateProofReplayer Proof replay took 2.53ms 
87683      DEBUG main            d.u.i.k.p.r.p.TestFile    ... success: reloaded. 
87684      INFO  main            d.u.i.k.p.r.p.TestFile    Now processing file /home/runner/work/key/key/key.core/../key.ui/examples/standard_key/strings/replace0.key 
87684      INFO  main            d.u.i.k.p.i.AbstractProblemLoader Loading environment from /home/runner/work/key/key/key.core/../key.ui/examples/standard_key/strings/replace0.key 
87685      DEBUG main            d.u.i.k.p.i.AbstractProblemLoader Environment load took 475.23ns 
87686      INFO  main            d.u.i.k.p.i.AbstractProblemLoader Creating init config 
90434      DEBUG main            d.u.i.k.p.i.AbstractProblemLoader Init config took 2.75s 
90451      INFO  main            d.u.i.k.p.i.AbstractProblemLoader Replaying proof replace0.key 
90452      DEBUG main            d.u.i.k.p.i.IntermediateProofReplayer Proof replay took 7ns 
90556      INFO  main            d.u.i.k.p.r.p.TestFile    ... finished proof: closed. 
90836      INFO  main            d.u.i.k.p.i.AbstractProblemLoader Loading environment from /home/runner/work/key/key/key.core/../key.ui/examples/standard_key/strings/replace0.key.proof 
90836      DEBUG main            d.u.i.k.p.i.AbstractProblemLoader Environment load took 193.31ns 
90837      INFO  main            d.u.i.k.p.i.AbstractProblemLoader Creating init config 
93506      DEBUG main            d.u.i.k.p.i.AbstractProblemLoader Init config took 2.67s 
93527      INFO  main            d.u.i.k.p.i.AbstractProblemLoader Replaying proof replace0.key.proof 
93533      DEBUG main            d.u.i.k.p.i.IntermediateProofReplayer Proof replay took 4.83ms 
93534      DEBUG main            d.u.i.k.p.r.p.TestFile    ... success: reloaded. 
93535      INFO  main            d.u.i.k.p.r.p.TestFile    Now processing file /home/runner/work/key/key/key.core/../key.ui/examples/standard_key/strings/replace1.key 
93535      INFO  main            d.u.i.k.p.i.AbstractProblemLoader Loading environment from /home/runner/work/key/key/key.core/../key.ui/examples/standard_key/strings/replace1.key 
93535      DEBUG main            d.u.i.k.p.i.AbstractProblemLoader Environment load took 67.4ns 
93536      INFO  main            d.u.i.k.p.i.AbstractProblemLoader Creating init config 
96333      DEBUG main            d.u.i.k.p.i.AbstractProblemLoader Init config took 2.8s 
96351      INFO  main            d.u.i.k.p.i.AbstractProblemLoader Replaying proof replace1.key 
96352      DEBUG main            d.u.i.k.p.i.IntermediateProofReplayer Proof replay took 7.5ns 
96455      INFO  main            d.u.i.k.p.r.p.TestFile    ... finished proof: closed. 
96708      INFO  main            d.u.i.k.p.i.AbstractProblemLoader Loading environment from /home/runner/work/key/key/key.core/../key.ui/examples/standard_key/strings/replace1.key.proof 
96708      DEBUG main            d.u.i.k.p.i.AbstractProblemLoader Environment load took 149.61ns 
96709      INFO  main            d.u.i.k.p.i.AbstractProblemLoader Creating init config 
99383      DEBUG main            d.u.i.k.p.i.AbstractProblemLoader Init config took 2.67s 
99400      INFO  main            d.u.i.k.p.i.AbstractProblemLoader Replaying proof replace1.key.proof 
99408      DEBUG main            d.u.i.k.p.i.IntermediateProofReplayer Proof replay took 5.77ms 
99409      DEBUG main            d.u.i.k.p.r.p.TestFile    ... success: reloaded. 
99410      INFO  main            d.u.i.k.p.r.p.TestFile    Now processing file /home/runner/work/key/key/key.core/../key.ui/examples/standard_key/strings/simpleAssignment.key 
99410      INFO  main            d.u.i.k.p.i.AbstractProblemLoader Loading environment from /home/runner/work/key/key/key.core/../key.ui/examples/standard_key/strings/simpleAssignment.key 
99410      DEBUG main            d.u.i.k.p.i.AbstractProblemLoader Environment load took 194.21ns 
99411      INFO  main            d.u.i.k.p.i.AbstractProblemLoader Creating init config 
102167     DEBUG main            d.u.i.k.p.i.AbstractProblemLoader Init config took 2.76s 
102184     INFO  main            d.u.i.k.p.i.AbstractProblemLoader Replaying proof simpleAssignment.key 
102185     DEBUG main            d.u.i.k.p.i.IntermediateProofReplayer Proof replay took 7.6ns 
102288     INFO  main            d.u.i.k.p.r.p.TestFile    ... finished proof: closed. 
102523     INFO  main            d.u.i.k.p.i.AbstractProblemLoader Loading environment from /home/runner/work/key/key/key.core/../key.ui/examples/standard_key/strings/simpleAssignment.key.proof 
102523     DEBUG main            d.u.i.k.p.i.AbstractProblemLoader Environment load took 119.91ns 
102524     INFO  main            d.u.i.k.p.i.AbstractProblemLoader Creating init config 
105229     DEBUG main            d.u.i.k.p.i.AbstractProblemLoader Init config took 2.71s 
105246     INFO  main            d.u.i.k.p.i.AbstractProblemLoader Replaying proof simpleAssignment.key.proof 
105250     DEBUG main            d.u.i.k.p.i.IntermediateProofReplayer Proof replay took 1.63ms 
105251     DEBUG main            d.u.i.k.p.r.p.TestFile    ... success: reloaded. 
105252     INFO  main            d.u.i.k.p.r.p.TestFile    Now processing file /home/runner/work/key/key/key.core/../key.ui/examples/standard_key/strings/simpleLengthComp.key 
105252     INFO  main            d.u.i.k.p.i.AbstractProblemLoader Loading environment from /home/runner/work/key/key/key.core/../key.ui/examples/standard_key/strings/simpleLengthComp.key 
105252     DEBUG main            d.u.i.k.p.i.AbstractProblemLoader Environment load took 199.31ns 
105253     INFO  main            d.u.i.k.p.i.AbstractProblemLoader Creating init config 
108011     DEBUG main            d.u.i.k.p.i.AbstractProblemLoader Init config took 2.76s 
108029     INFO  main            d.u.i.k.p.i.AbstractProblemLoader Replaying proof simpleLengthComp.key 
108032     DEBUG main            d.u.i.k.p.i.IntermediateProofReplayer Proof replay took 7.8ns 
108236     INFO  main            d.u.i.k.p.r.p.TestFile    ... finished proof: closed. 
108489     INFO  main            d.u.i.k.p.i.AbstractProblemLoader Loading environment from /home/runner/work/key/key/key.core/../key.ui/examples/standard_key/strings/simpleLengthComp.key.proof 
108489     DEBUG main            d.u.i.k.p.i.AbstractProblemLoader Environment load took 187.31ns 
108490     INFO  main            d.u.i.k.p.i.AbstractProblemLoader Creating init config 
111192     DEBUG main            d.u.i.k.p.i.AbstractProblemLoader Init config took 2.7s 
111211     INFO  main            d.u.i.k.p.i.AbstractProblemLoader Replaying proof simpleLengthComp.key.proof 
111244     DEBUG main            d.u.i.k.p.i.IntermediateProofReplayer Proof replay took 26.76ms 
111245     DEBUG main            d.u.i.k.p.r.p.TestFile    ... success: reloaded. 
111247     INFO  main            d.u.i.k.p.r.p.TestFile    Now processing file /home/runner/work/key/key/key.core/../key.ui/examples/standard_key/strings/stringCompileTimeConstant1.key 
111247     INFO  main            d.u.i.k.p.i.AbstractProblemLoader Loading environment from /home/runner/work/key/key/key.core/../key.ui/examples/standard_key/strings/stringCompileTimeConstant1.key 
111247     DEBUG main            d.u.i.k.p.i.AbstractProblemLoader Environment load took 190.51ns 
111248     INFO  main            d.u.i.k.p.i.AbstractProblemLoader Creating init config 
113997     DEBUG main            d.u.i.k.p.i.AbstractProblemLoader Init config took 2.75s 
114014     INFO  main            d.u.i.k.p.i.AbstractProblemLoader Replaying proof stringCompileTimeConstant1.key 
114016     DEBUG main            d.u.i.k.p.i.IntermediateProofReplayer Proof replay took 6.9ns 
114118     INFO  main            d.u.i.k.p.r.p.TestFile    ... finished proof: closed. 
114370     INFO  main            d.u.i.k.p.i.AbstractProblemLoader Loading environment from /home/runner/work/key/key/key.core/../key.ui/examples/standard_key/strings/stringCompileTimeConstant1.key.proof 
114370     DEBUG main            d.u.i.k.p.i.AbstractProblemLoader Environment load took 112.31ns 
114372     INFO  main            d.u.i.k.p.i.AbstractProblemLoader Creating init config 
117080     DEBUG main            d.u.i.k.p.i.AbstractProblemLoader Init config took 2.71s 
117098     INFO  main            d.u.i.k.p.i.AbstractProblemLoader Replaying proof stringCompileTimeConstant1.key.proof 
117107     DEBUG main            d.u.i.k.p.i.IntermediateProofReplayer Proof replay took 7.34ms 
117109     DEBUG main            d.u.i.k.p.r.p.TestFile    ... success: reloaded. 
117109     INFO  main            d.u.i.k.p.r.p.TestFile    Now processing file /home/runner/work/key/key/key.core/../key.ui/examples/standard_key/strings/stringCompileTimeConstant2.key 
117110     INFO  main            d.u.i.k.p.i.AbstractProblemLoader Loading environment from /home/runner/work/key/key/key.core/../key.ui/examples/standard_key/strings/stringCompileTimeConstant2.key 
117110     DEBUG main            d.u.i.k.p.i.AbstractProblemLoader Environment load took 187.81ns 
117111     INFO  main            d.u.i.k.p.i.AbstractProblemLoader Creating init config 
120110     DEBUG main            d.u.i.k.p.i.AbstractProblemLoader Init config took 3s 
120131     INFO  main            d.u.i.k.p.i.AbstractProblemLoader Replaying proof stringCompileTimeConstant2.key 
120135     DEBUG main            d.u.i.k.p.i.IntermediateProofReplayer Proof replay took 9.2ns 
123193     INFO  main            d.u.i.k.p.r.p.TestFile    ... finished proof: closed. 
123488     INFO  main            d.u.i.k.p.i.AbstractProblemLoader Loading environment from /home/runner/work/key/key/key.core/../key.ui/examples/standard_key/strings/stringCompileTimeConstant2.key.proof 
123491     DEBUG main            d.u.i.k.p.i.AbstractProblemLoader Environment load took 2.75ms 
123492     INFO  main            d.u.i.k.p.i.AbstractProblemLoader Creating init config 
126357     DEBUG main            d.u.i.k.p.i.AbstractProblemLoader Init config took 2.86s 
126379     INFO  main            d.u.i.k.p.i.AbstractProblemLoader Replaying proof stringCompileTimeConstant2.key.proof 
126763     DEBUG main            d.u.i.k.p.i.IntermediateProofReplayer Proof replay took 366.39ms 
126765     DEBUG main            d.u.i.k.p.r.p.TestFile    ... success: reloaded. 
126767     INFO  main            d.u.i.k.p.r.p.TestFile    Now processing file /home/runner/work/key/key/key.core/../key.ui/examples/standard_key/strings/stringEquality1.key 
126767     INFO  main            d.u.i.k.p.i.AbstractProblemLoader Loading environment from /home/runner/work/key/key/key.core/../key.ui/examples/standard_key/strings/stringEquality1.key 
126767     DEBUG main            d.u.i.k.p.i.AbstractProblemLoader Environment load took 192.11ns 
126768     INFO  main            d.u.i.k.p.i.AbstractProblemLoader Creating init config 
129508     DEBUG main            d.u.i.k.p.i.AbstractProblemLoader Init config took 2.74s 
129523     INFO  main            d.u.i.k.p.i.AbstractProblemLoader Replaying proof stringEquality1.key 
129525     DEBUG main            d.u.i.k.p.i.IntermediateProofReplayer Proof replay took 7.6ns 
129627     INFO  main            d.u.i.k.p.r.p.TestFile    ... finished proof: closed. 
129938     INFO  main            d.u.i.k.p.i.AbstractProblemLoader Loading environment from /home/runner/work/key/key/key.core/../key.ui/examples/standard_key/strings/stringEquality1.key.proof 
129938     DEBUG main            d.u.i.k.p.i.AbstractProblemLoader Environment load took 118.11ns 
129940     INFO  main            d.u.i.k.p.i.AbstractProblemLoader Creating init config 
132603     DEBUG main            d.u.i.k.p.i.AbstractProblemLoader Init config took 2.66s 
132624     INFO  main            d.u.i.k.p.i.AbstractProblemLoader Replaying proof stringEquality1.key.proof 
132633     DEBUG main            d.u.i.k.p.i.IntermediateProofReplayer Proof replay took 7.21ms 
132634     DEBUG main            d.u.i.k.p.r.p.TestFile    ... success: reloaded. 
132635     INFO  main            d.u.i.k.p.r.p.TestFile    Now processing file /home/runner/work/key/key/key.core/../key.ui/examples/standard_key/strings/stringEquality2.key 
132635     INFO  main            d.u.i.k.p.i.AbstractProblemLoader Loading environment from /home/runner/work/key/key/key.core/../key.ui/examples/standard_key/strings/stringEquality2.key 
132636     DEBUG main            d.u.i.k.p.i.AbstractProblemLoader Environment load took 186.91ns 
132637     INFO  main            d.u.i.k.p.i.AbstractProblemLoader Creating init config 
135332     DEBUG main            d.u.i.k.p.i.AbstractProblemLoader Init config took 2.7s 
135347     INFO  main            d.u.i.k.p.i.AbstractProblemLoader Replaying proof stringEquality2.key 
135348     DEBUG main            d.u.i.k.p.i.IntermediateProofReplayer Proof replay took 7ns 
135857     INFO  main            d.u.i.k.p.r.p.TestFile    ... finished proof: closed. 
136122     INFO  main            d.u.i.k.p.i.AbstractProblemLoader Loading environment from /home/runner/work/key/key/key.core/../key.ui/examples/standard_key/strings/stringEquality2.key.proof 
136130     DEBUG main            d.u.i.k.p.i.AbstractProblemLoader Environment load took 7.38ms 
136131     INFO  main            d.u.i.k.p.i.AbstractProblemLoader Creating init config 
138800     DEBUG main            d.u.i.k.p.i.AbstractProblemLoader Init config took 2.67s 
138816     INFO  main            d.u.i.k.p.i.AbstractProblemLoader Replaying proof stringEquality2.key.proof 
138870     DEBUG main            d.u.i.k.p.i.IntermediateProofReplayer Proof replay took 50.6ms 
138872     DEBUG main            d.u.i.k.p.r.p.TestFile    ... success: reloaded. 
138872     INFO  main            d.u.i.k.p.r.p.TestFile    Now processing file /home/runner/work/key/key/key.core/../key.ui/examples/standard_key/strings/substring0.key 
138872     INFO  main            d.u.i.k.p.i.AbstractProblemLoader Loading environment from /home/runner/work/key/key/key.core/../key.ui/examples/standard_key/strings/substring0.key 
138873     DEBUG main            d.u.i.k.p.i.AbstractProblemLoader Environment load took 88.61ns 
138873     INFO  main            d.u.i.k.p.i.AbstractProblemLoader Creating init config 
141594     DEBUG main            d.u.i.k.p.i.AbstractProblemLoader Init config took 2.72s 
141609     INFO  main            d.u.i.k.p.i.AbstractProblemLoader Replaying proof substring0.key 
141611     DEBUG main            d.u.i.k.p.i.IntermediateProofReplayer Proof replay took 18.6ns 
141716     INFO  main            d.u.i.k.p.r.p.TestFile    ... finished proof: closed. 
142004     INFO  main            d.u.i.k.p.i.AbstractProblemLoader Loading environment from /home/runner/work/key/key/key.core/../key.ui/examples/standard_key/strings/substring0.key.proof 
142004     DEBUG main            d.u.i.k.p.i.AbstractProblemLoader Environment load took 119.01ns 
142005     INFO  main            d.u.i.k.p.i.AbstractProblemLoader Creating init config 
144669     DEBUG main            d.u.i.k.p.i.AbstractProblemLoader Init config took 2.66s 
144685     INFO  main            d.u.i.k.p.i.AbstractProblemLoader Replaying proof substring0.key.proof 
144688     DEBUG main            d.u.i.k.p.i.IntermediateProofReplayer Proof replay took 495.03ns 
144689     DEBUG main            d.u.i.k.p.r.p.TestFile    ... success: reloaded. 
144690     INFO  main            d.u.i.k.p.r.p.TestFile    Now processing file /home/runner/work/key/key/key.core/../key.ui/examples/standard_key/strings/substring1.key 
144690     INFO  main            d.u.i.k.p.i.AbstractProblemLoader Loading environment from /home/runner/work/key/key/key.core/../key.ui/examples/standard_key/strings/substring1.key 
144691     DEBUG main            d.u.i.k.p.i.AbstractProblemLoader Environment load took 177.61ns 
144692     INFO  main            d.u.i.k.p.i.AbstractProblemLoader Creating init config 
147431     DEBUG main            d.u.i.k.p.i.AbstractProblemLoader Init config took 2.74s 
147447     INFO  main            d.u.i.k.p.i.AbstractProblemLoader Replaying proof substring1.key 
147448     DEBUG main            d.u.i.k.p.i.IntermediateProofReplayer Proof replay took 7.7ns 
147550     INFO  main            d.u.i.k.p.r.p.TestFile    ... finished proof: closed. 
147821     INFO  main            d.u.i.k.p.i.AbstractProblemLoader Loading environment from /home/runner/work/key/key/key.core/../key.ui/examples/standard_key/strings/substring1.key.proof 
147822     DEBUG main            d.u.i.k.p.i.AbstractProblemLoader Environment load took 123.21ns 
147823     INFO  main            d.u.i.k.p.i.AbstractProblemLoader Creating init config 
150542     DEBUG main            d.u.i.k.p.i.AbstractProblemLoader Init config took 2.72s 
150558     INFO  main            d.u.i.k.p.i.AbstractProblemLoader Replaying proof substring1.key.proof 
150560     DEBUG main            d.u.i.k.p.i.IntermediateProofReplayer Proof replay took 510.83ns 
150560     DEBUG main            d.u.i.k.p.r.p.TestFile    ... success: reloaded. 
150561     INFO  main            d.u.i.k.p.r.p.TestFile    Now processing file /home/runner/work/key/key/key.core/../key.ui/examples/standard_key/strings/substring2.key 
150561     INFO  main            d.u.i.k.p.i.AbstractProblemLoader Loading environment from /home/runner/work/key/key/key.core/../key.ui/examples/standard_key/strings/substring2.key 
150561     DEBUG main            d.u.i.k.p.i.AbstractProblemLoader Environment load took 70.91ns 
150562     INFO  main            d.u.i.k.p.i.AbstractProblemLoader Creating init config 
153227     DEBUG main            d.u.i.k.p.i.AbstractProblemLoader Init config took 2.66s 
153243     INFO  main            d.u.i.k.p.i.AbstractProblemLoader Replaying proof substring2.key 
153244     DEBUG main            d.u.i.k.p.i.IntermediateProofReplayer Proof replay took 7.9ns 
153346     INFO  main            d.u.i.k.p.r.p.TestFile    ... finished proof: closed. 
153635     INFO  main            d.u.i.k.p.i.AbstractProblemLoader Loading environment from /home/runner/work/key/key/key.core/../key.ui/examples/standard_key/strings/substring2.key.proof 
153635     DEBUG main            d.u.i.k.p.i.AbstractProblemLoader Environment load took 126.01ns 
153636     INFO  main            d.u.i.k.p.i.AbstractProblemLoader Creating init config 
156276     DEBUG main            d.u.i.k.p.i.AbstractProblemLoader Init config took 2.64s 
156292     INFO  main            d.u.i.k.p.i.AbstractProblemLoader Replaying proof substring2.key.proof 
156295     DEBUG main            d.u.i.k.p.i.IntermediateProofReplayer Proof replay took 1.02ms 
156296     DEBUG main            d.u.i.k.p.r.p.TestFile    ... success: reloaded. 
156296     INFO  main            d.u.i.k.p.r.p.TestFile    Now processing file /home/runner/work/key/key/key.core/../key.ui/examples/standard_key/strings/substring3.key 
156297     INFO  main            d.u.i.k.p.i.AbstractProblemLoader Loading environment from /home/runner/work/key/key/key.core/../key.ui/examples/standard_key/strings/substring3.key 
156297     DEBUG main            d.u.i.k.p.i.AbstractProblemLoader Environment load took 194.11ns 
156298     INFO  main            d.u.i.k.p.i.AbstractProblemLoader Creating init config 
159028     DEBUG main            d.u.i.k.p.i.AbstractProblemLoader Init config took 2.73s 
159044     INFO  main            d.u.i.k.p.i.AbstractProblemLoader Replaying proof substring3.key 
159045     DEBUG main            d.u.i.k.p.i.IntermediateProofReplayer Proof replay took 7.9ns 
159148     INFO  main            d.u.i.k.p.r.p.TestFile    ... finished proof: closed. 
159444     INFO  main            d.u.i.k.p.i.AbstractProblemLoader Loading environment from /home/runner/work/key/key/key.core/../key.ui/examples/standard_key/strings/substring3.key.proof 
159444     DEBUG main            d.u.i.k.p.i.AbstractProblemLoader Environment load took 116.61ns 
159445     INFO  main            d.u.i.k.p.i.AbstractProblemLoader Creating init config 
162101     DEBUG main            d.u.i.k.p.i.AbstractProblemLoader Init config took 2.66s 
162117     INFO  main            d.u.i.k.p.i.AbstractProblemLoader Replaying proof substring3.key.proof 
162121     DEBUG main            d.u.i.k.p.i.IntermediateProofReplayer Proof replay took 2.55ms 
162122     DEBUG main            d.u.i.k.p.r.p.TestFile    ... success: reloaded. 
162122     INFO  main            d.u.i.k.p.r.p.TestFile    Now processing file /home/runner/work/key/key/key.core/../key.ui/examples/standard_key/strings/substring4.key 
162123     INFO  main            d.u.i.k.p.i.AbstractProblemLoader Loading environment from /home/runner/work/key/key/key.core/../key.ui/examples/standard_key/strings/substring4.key 
162123     DEBUG main            d.u.i.k.p.i.AbstractProblemLoader Environment load took 228.91ns 
162124     INFO  main            d.u.i.k.p.i.AbstractProblemLoader Creating init config 
164824     DEBUG main            d.u.i.k.p.i.AbstractProblemLoader Init config took 2.7s 
164839     INFO  main            d.u.i.k.p.i.AbstractProblemLoader Replaying proof substring4.key 
164840     DEBUG main            d.u.i.k.p.i.IntermediateProofReplayer Proof replay took 8.1ns 
164942     INFO  main            d.u.i.k.p.r.p.TestFile    ... finished proof: closed. 
165241     INFO  main            d.u.i.k.p.i.AbstractProblemLoader Loading environment from /home/runner/work/key/key/key.core/../key.ui/examples/standard_key/strings/substring4.key.proof 
165241     DEBUG main            d.u.i.k.p.i.AbstractProblemLoader Environment load took 115.41ns 
165243     INFO  main            d.u.i.k.p.i.AbstractProblemLoader Creating init config 
167864     DEBUG main            d.u.i.k.p.i.AbstractProblemLoader Init config took 2.62s 
167879     INFO  main            d.u.i.k.p.i.AbstractProblemLoader Replaying proof substring4.key.proof 
167884     DEBUG main            d.u.i.k.p.i.IntermediateProofReplayer Proof replay took 3.53ms 
167885     DEBUG main            d.u.i.k.p.r.p.TestFile    ... success: reloaded. 
167886     INFO  main            d.u.i.k.p.r.p.TestFile    Now processing file /home/runner/work/key/key/key.core/../key.ui/examples/standard_key/strings/substring5.key 
167886     INFO  main            d.u.i.k.p.i.AbstractProblemLoader Loading environment from /home/runner/work/key/key/key.core/../key.ui/examples/standard_key/strings/substring5.key 
167886     DEBUG main            d.u.i.k.p.i.AbstractProblemLoader Environment load took 79.41ns 
167887     INFO  main            d.u.i.k.p.i.AbstractProblemLoader Creating init config 
170591     DEBUG main            d.u.i.k.p.i.AbstractProblemLoader Init config took 2.7s 
170608     INFO  main            d.u.i.k.p.i.AbstractProblemLoader Replaying proof substring5.key 
170609     DEBUG main            d.u.i.k.p.i.IntermediateProofReplayer Proof replay took 8.5ns 
170913     INFO  main            d.u.i.k.p.r.p.TestFile    ... finished proof: closed. 
171274     INFO  main            d.u.i.k.p.i.AbstractProblemLoader Loading environment from /home/runner/work/key/key/key.core/../key.ui/examples/standard_key/strings/substring5.key.proof 
171275     DEBUG main            d.u.i.k.p.i.AbstractProblemLoader Environment load took 952.96ns 
171276     INFO  main            d.u.i.k.p.i.AbstractProblemLoader Creating init config 
173896     DEBUG main            d.u.i.k.p.i.AbstractProblemLoader Init config took 2.62s 
173911     INFO  main            d.u.i.k.p.i.AbstractProblemLoader Replaying proof substring5.key.proof 
173942     DEBUG main            d.u.i.k.p.i.IntermediateProofReplayer Proof replay took 27.04ms 
173943     DEBUG main            d.u.i.k.p.r.p.TestFile    ... success: reloaded. 
4349253    INFO  Test worker     d.u.i.k.p.r.RunAllProofsTestUnit Returning from test strings 
4349254    INFO  Test worker     d.u.i.k.p.r.RunAllProofsTestUnit Running test simple_info_flow 
416        INFO  Timeout watchdog d.u.i.k.p.r.p.ForkedTestFileRunner Timeout watcher launched (2000 secs.) 
423        WARN  main            d.u.i.k.s.ProofSettings   The settings in /home/runner/.key/proof-settings.props are *not* read. 
463        INFO  main            d.u.i.k.p.r.p.TestFile    Now processing file /home/runner/work/key/key/key.core/../key.ui/examples/heap/information_flow/UpdateAbstraction_ex7_1_insecure.key 
595        INFO  main            d.u.i.k.p.i.AbstractProblemLoader Loading environment from /home/runner/work/key/key/key.core/../key.ui/examples/heap/information_flow/UpdateAbstraction_ex7_1_insecure.key 
621        DEBUG main            d.u.i.k.p.i.AbstractProblemLoader Environment load took 1.93ms 
894        INFO  main            d.u.i.k.p.i.AbstractProblemLoader Creating init config 
1965       DEBUG main            d.u.i.k.j.TypeConverter   No LDT found for Meta 
1965       DEBUG main            d.u.i.k.j.TypeConverter   No LDT found for Meta 
1968       DEBUG main            d.u.i.k.j.TypeConverter   No LDT found for Meta 
1968       DEBUG main            d.u.i.k.j.TypeConverter   No LDT found for Meta 
3361       DEBUG main            d.u.i.k.j.TypeConverter   No LDT found for JavaBigintExpression 
9894       DEBUG main            d.u.i.k.p.i.AbstractProblemLoader Init config took 9s 
10027      INFO  main            d.u.i.k.p.i.AbstractProblemLoader Replaying proof UpdateAbstraction[UpdateAbstraction::ex7_1_insecure()].JML operation contract.0 
10100      DEBUG main            d.u.i.k.p.i.IntermediateProofReplayer Proof replay took 36.7ns 
10731      INFO  main            d.u.i.k.p.r.p.TestFile    ... finished proof: open goal(s) 
10850      INFO  main            d.u.i.k.p.r.p.TestFile    Now processing file /home/runner/work/key/key/key.core/../key.ui/examples/heap/information_flow/UpdateAbstraction_ex7_2_insecure.key 
10851      INFO  main            d.u.i.k.p.i.AbstractProblemLoader Loading environment from /home/runner/work/key/key/key.core/../key.ui/examples/heap/information_flow/UpdateAbstraction_ex7_2_insecure.key 
10851      DEBUG main            d.u.i.k.p.i.AbstractProblemLoader Environment load took 262.92ns 
10853      INFO  main            d.u.i.k.p.i.AbstractProblemLoader Creating init config 
14464      DEBUG main            d.u.i.k.p.i.AbstractProblemLoader Init config took 3.61s 
14544      INFO  main            d.u.i.k.p.i.AbstractProblemLoader Replaying proof UpdateAbstraction[UpdateAbstraction::ex7_2_insecure()].JML operation contract.0 
14547      DEBUG main            d.u.i.k.p.i.IntermediateProofReplayer Proof replay took 7ns 
14953      INFO  main            d.u.i.k.p.r.p.TestFile    ... finished proof: open goal(s) 
4364524    INFO  Test worker     d.u.i.k.p.r.RunAllProofsTestUnit Returning from test simple_info_flow 
4364526    INFO  Test worker     d.u.i.k.p.r.RunAllProofsTestUnit Running test modelMethods 
415        INFO  Timeout watchdog d.u.i.k.p.r.p.ForkedTestFileRunner Timeout watcher launched (2000 secs.) 
444        WARN  main            d.u.i.k.s.ProofSettings   The settings in /home/runner/.key/proof-settings.props are *not* read. 
491        INFO  main            d.u.i.k.p.r.p.TestFile    Now processing file /home/runner/work/key/key/key.core/../key.ui/examples/heap/model_methods/Cell_footprint_acc.key 
632        INFO  main            d.u.i.k.p.i.AbstractProblemLoader Loading environment from /home/runner/work/key/key/key.core/../key.ui/examples/heap/model_methods/Cell_footprint_acc.key 
657        DEBUG main            d.u.i.k.p.i.AbstractProblemLoader Environment load took 2.43ms 
931        INFO  main            d.u.i.k.p.i.AbstractProblemLoader Creating init config 
1928       DEBUG main            d.u.i.k.j.TypeConverter   No LDT found for Meta 
1928       DEBUG main            d.u.i.k.j.TypeConverter   No LDT found for Meta 
1930       DEBUG main            d.u.i.k.j.TypeConverter   No LDT found for Meta 
1930       DEBUG main            d.u.i.k.j.TypeConverter   No LDT found for Meta 
3819       DEBUG main            d.u.i.k.j.TypeConverter   No LDT found for JavaBigintExpression 
9544       DEBUG main            d.u.i.k.p.i.AbstractProblemLoader Init config took 8.61s 
9687       INFO  main            d.u.i.k.p.i.AbstractProblemLoader Replaying proof Cell[Cell::footprint()].JML accessible clause.0 
9723       DEBUG main            d.u.i.k.p.i.IntermediateProofReplayer Proof replay took 33ns 
10273      INFO  main            d.u.i.k.p.r.p.TestFile    ... finished proof: closed. 
10386      INFO  main            d.u.i.k.p.i.AbstractProblemLoader Loading environment from /home/runner/work/key/key/key.core/../key.ui/examples/heap/model_methods/Cell_footprint_acc.key.proof 
10386      DEBUG main            d.u.i.k.p.i.AbstractProblemLoader Environment load took 178.11ns 
10391      INFO  main            d.u.i.k.p.i.AbstractProblemLoader Creating init config 
13882      DEBUG main            d.u.i.k.p.i.AbstractProblemLoader Init config took 3.49s 
13973      INFO  main            d.u.i.k.p.i.AbstractProblemLoader Replaying proof Cell[Cell::footprint()].JML accessible clause.0 
14017      DEBUG main            d.u.i.k.p.i.IntermediateProofReplayer Proof replay took 38.02ms 
14024      DEBUG main            d.u.i.k.p.r.p.TestFile    ... success: reloaded. 
14026      INFO  main            d.u.i.k.p.r.p.TestFile    Now processing file /home/runner/work/key/key/key.core/../key.ui/examples/heap/model_methods/Cell_footprint.key 
14026      INFO  main            d.u.i.k.p.i.AbstractProblemLoader Loading environment from /home/runner/work/key/key/key.core/../key.ui/examples/heap/model_methods/Cell_footprint.key 
14026      DEBUG main            d.u.i.k.p.i.AbstractProblemLoader Environment load took 201.61ns 
14028      INFO  main            d.u.i.k.p.i.AbstractProblemLoader Creating init config 
17221      DEBUG main            d.u.i.k.p.i.AbstractProblemLoader Init config took 3.19s 
17294      INFO  main            d.u.i.k.p.i.AbstractProblemLoader Replaying proof Cell[Cell::footprint()].JML model_behavior operation contract.0 
17297      DEBUG main            d.u.i.k.p.i.IntermediateProofReplayer Proof replay took 6.7ns 
17400      INFO  main            d.u.i.k.p.r.p.TestFile    ... finished proof: closed. 
17557      INFO  main            d.u.i.k.p.i.AbstractProblemLoader Loading environment from /home/runner/work/key/key/key.core/../key.ui/examples/heap/model_methods/Cell_footprint.key.proof 
17557      DEBUG main            d.u.i.k.p.i.AbstractProblemLoader Environment load took 146.71ns 
17559      INFO  main            d.u.i.k.p.i.AbstractProblemLoader Creating init config 
20765      DEBUG main            d.u.i.k.p.i.AbstractProblemLoader Init config took 3.21s 
20844      INFO  main            d.u.i.k.p.i.AbstractProblemLoader Replaying proof Cell[Cell::footprint()].JML model_behavior operation contract.0 
20863      DEBUG main            d.u.i.k.p.i.IntermediateProofReplayer Proof replay took 13.95ms 
20864      DEBUG main            d.u.i.k.p.r.p.TestFile    ... success: reloaded. 
20867      INFO  main            d.u.i.k.p.r.p.TestFile    Now processing file /home/runner/work/key/key/key.core/../key.ui/examples/heap/model_methods/Cell_get_acc.key 
20867      INFO  main            d.u.i.k.p.i.AbstractProblemLoader Loading environment from /home/runner/work/key/key/key.core/../key.ui/examples/heap/model_methods/Cell_get_acc.key 
20867      DEBUG main            d.u.i.k.p.i.AbstractProblemLoader Environment load took 113.71ns 
20869      INFO  main            d.u.i.k.p.i.AbstractProblemLoader Creating init config 
24027      DEBUG main            d.u.i.k.p.i.AbstractProblemLoader Init config took 3.16s 
24102      INFO  main            d.u.i.k.p.i.AbstractProblemLoader Replaying proof Cell[Cell::get()].JML accessible clause.0 
24104      DEBUG main            d.u.i.k.p.i.IntermediateProofReplayer Proof replay took 5.9ns 
24317      INFO  main            d.u.i.k.p.r.p.TestFile    ... finished proof: closed. 
24478      INFO  main            d.u.i.k.p.i.AbstractProblemLoader Loading environment from /home/runner/work/key/key/key.core/../key.ui/examples/heap/model_methods/Cell_get_acc.key.proof 
24478      DEBUG main            d.u.i.k.p.i.AbstractProblemLoader Environment load took 142.71ns 
24480      INFO  main            d.u.i.k.p.i.AbstractProblemLoader Creating init config 
27544      DEBUG main            d.u.i.k.p.i.AbstractProblemLoader Init config took 3.06s 
27600      INFO  main            d.u.i.k.p.i.AbstractProblemLoader Replaying proof Cell[Cell::get()].JML accessible clause.0 
27643      DEBUG main            d.u.i.k.p.i.IntermediateProofReplayer Proof replay took 39.79ms 
27644      DEBUG main            d.u.i.k.p.r.p.TestFile    ... success: reloaded. 
27647      INFO  main            d.u.i.k.p.r.p.TestFile    Now processing file /home/runner/work/key/key/key.core/../key.ui/examples/heap/model_methods/Cell_get.key 
27648      INFO  main            d.u.i.k.p.i.AbstractProblemLoader Loading environment from /home/runner/work/key/key/key.core/../key.ui/examples/heap/model_methods/Cell_get.key 
27648      DEBUG main            d.u.i.k.p.i.AbstractProblemLoader Environment load took 210.01ns 
27650      INFO  main            d.u.i.k.p.i.AbstractProblemLoader Creating init config 
30737      DEBUG main            d.u.i.k.p.i.AbstractProblemLoader Init config took 3.09s 
30813      INFO  main            d.u.i.k.p.i.AbstractProblemLoader Replaying proof Cell[Cell::get()].JML operation contract.0 
30815      DEBUG main            d.u.i.k.p.i.IntermediateProofReplayer Proof replay took 5.6ns 
30921      INFO  main            d.u.i.k.p.r.p.TestFile    ... finished proof: closed. 
31101      INFO  main            d.u.i.k.p.i.AbstractProblemLoader Loading environment from /home/runner/work/key/key/key.core/../key.ui/examples/heap/model_methods/Cell_get.key.proof 
31101      DEBUG main            d.u.i.k.p.i.AbstractProblemLoader Environment load took 145.21ns 
31102      INFO  main            d.u.i.k.p.i.AbstractProblemLoader Creating init config 
34096      DEBUG main            d.u.i.k.p.i.AbstractProblemLoader Init config took 2.99s 
34156      INFO  main            d.u.i.k.p.i.AbstractProblemLoader Replaying proof Cell[Cell::get()].JML operation contract.0 
34176      DEBUG main            d.u.i.k.p.i.IntermediateProofReplayer Proof replay took 18.06ms 
34177      DEBUG main            d.u.i.k.p.r.p.TestFile    ... success: reloaded. 
34179      INFO  main            d.u.i.k.p.r.p.TestFile    Now processing file /home/runner/work/key/key/key.core/../key.ui/examples/heap/model_methods/Cell_post_set.key 
34179      INFO  main            d.u.i.k.p.i.AbstractProblemLoader Loading environment from /home/runner/work/key/key/key.core/../key.ui/examples/heap/model_methods/Cell_post_set.key 
34179      DEBUG main            d.u.i.k.p.i.AbstractProblemLoader Environment load took 200.71ns 
34180      INFO  main            d.u.i.k.p.i.AbstractProblemLoader Creating init config 
37249      DEBUG main            d.u.i.k.p.i.AbstractProblemLoader Init config took 3.07s 
37304      INFO  main            d.u.i.k.p.i.AbstractProblemLoader Replaying proof Cell[Cell::post_set(int)].JML model_behavior operation contract.0 
37307      DEBUG main            d.u.i.k.p.i.IntermediateProofReplayer Proof replay took 6.8ns 
37413      INFO  main            d.u.i.k.p.r.p.TestFile    ... finished proof: closed. 
37584      INFO  main            d.u.i.k.p.i.AbstractProblemLoader Loading environment from /home/runner/work/key/key/key.core/../key.ui/examples/heap/model_methods/Cell_post_set.key.proof 
37584      DEBUG main            d.u.i.k.p.i.AbstractProblemLoader Environment load took 138.21ns 
37585      INFO  main            d.u.i.k.p.i.AbstractProblemLoader Creating init config 
40586      DEBUG main            d.u.i.k.p.i.AbstractProblemLoader Init config took 3s 
40641      INFO  main            d.u.i.k.p.i.AbstractProblemLoader Replaying proof Cell[Cell::post_set(int)].JML model_behavior operation contract.0 
40649      DEBUG main            d.u.i.k.p.i.IntermediateProofReplayer Proof replay took 5.75ms 
40650      DEBUG main            d.u.i.k.p.r.p.TestFile    ... success: reloaded. 
40651      INFO  main            d.u.i.k.p.r.p.TestFile    Now processing file /home/runner/work/key/key/key.core/../key.ui/examples/heap/model_methods/Cell_set.key 
40651      INFO  main            d.u.i.k.p.i.AbstractProblemLoader Loading environment from /home/runner/work/key/key/key.core/../key.ui/examples/heap/model_methods/Cell_set.key 
40652      DEBUG main            d.u.i.k.p.i.AbstractProblemLoader Environment load took 107.71ns 
40653      INFO  main            d.u.i.k.p.i.AbstractProblemLoader Creating init config 
43717      DEBUG main            d.u.i.k.p.i.AbstractProblemLoader Init config took 3.06s 
43769      INFO  main            d.u.i.k.p.i.AbstractProblemLoader Replaying proof Cell[Cell::set(int)].JML operation contract.0 
43770      DEBUG main            d.u.i.k.p.i.IntermediateProofReplayer Proof replay took 6.5ns 
53242      INFO  main            d.u.i.k.p.r.p.TestFile    ... finished proof: closed. 
53533      INFO  main            d.u.i.k.p.i.AbstractProblemLoader Loading environment from /home/runner/work/key/key/key.core/../key.ui/examples/heap/model_methods/Cell_set.key.proof 
53533      DEBUG main            d.u.i.k.p.i.AbstractProblemLoader Environment load took 407.63ns 
53535      INFO  main            d.u.i.k.p.i.AbstractProblemLoader Creating init config 
56503      DEBUG main            d.u.i.k.p.i.AbstractProblemLoader Init config took 2.97s 
56559      INFO  main            d.u.i.k.p.i.AbstractProblemLoader Replaying proof Cell[Cell::set(int)].JML operation contract.0 
57310      DEBUG main            d.u.i.k.p.i.IntermediateProofReplayer Proof replay took 727.46ms 
57312      DEBUG main            d.u.i.k.p.r.p.TestFile    ... success: reloaded. 
57313      INFO  main            d.u.i.k.p.r.p.TestFile    Now processing file /home/runner/work/key/key/key.core/../key.ui/examples/heap/model_methods/CellTest_callSet.key 
57313      INFO  main            d.u.i.k.p.i.AbstractProblemLoader Loading environment from /home/runner/work/key/key/key.core/../key.ui/examples/heap/model_methods/CellTest_callSet.key 
57314      DEBUG main            d.u.i.k.p.i.AbstractProblemLoader Environment load took 203.81ns 
57315      INFO  main            d.u.i.k.p.i.AbstractProblemLoader Creating init config 
60359      DEBUG main            d.u.i.k.p.i.AbstractProblemLoader Init config took 3.04s 
60412      INFO  main            d.u.i.k.p.i.AbstractProblemLoader Replaying proof CellTest[CellTest::callSet(Cell,int)].JML operation contract.0 
60414      DEBUG main            d.u.i.k.p.i.IntermediateProofReplayer Proof replay took 7.8ns 
60617      INFO  main            d.u.i.k.p.r.p.TestFile    ... finished proof: closed. 
60800      INFO  main            d.u.i.k.p.i.AbstractProblemLoader Loading environment from /home/runner/work/key/key/key.core/../key.ui/examples/heap/model_methods/CellTest_callSet.key.proof 
60801      DEBUG main            d.u.i.k.p.i.AbstractProblemLoader Environment load took 140.41ns 
60802      INFO  main            d.u.i.k.p.i.AbstractProblemLoader Creating init config 
63759      DEBUG main            d.u.i.k.p.i.AbstractProblemLoader Init config took 2.96s 
63809      INFO  main            d.u.i.k.p.i.AbstractProblemLoader Replaying proof CellTest[CellTest::callSet(Cell,int)].JML operation contract.0 
63858      DEBUG main            d.u.i.k.p.i.IntermediateProofReplayer Proof replay took 46.61ms 
63859      DEBUG main            d.u.i.k.p.r.p.TestFile    ... success: reloaded. 
63860      INFO  main            d.u.i.k.p.r.p.TestFile    Now processing file /home/runner/work/key/key/key.core/../key.ui/examples/heap/model_methods/CellTest_test2.key 
63861      INFO  main            d.u.i.k.p.i.AbstractProblemLoader Loading environment from /home/runner/work/key/key/key.core/../key.ui/examples/heap/model_methods/CellTest_test2.key 
63861      DEBUG main            d.u.i.k.p.i.AbstractProblemLoader Environment load took 102.91ns 
63862      INFO  main            d.u.i.k.p.i.AbstractProblemLoader Creating init config 
66906      DEBUG main            d.u.i.k.p.i.AbstractProblemLoader Init config took 3.04s 
66959      INFO  main            d.u.i.k.p.i.AbstractProblemLoader Replaying proof CellTest[CellTest::test2(Cell)].JML operation contract.0 
66962      DEBUG main            d.u.i.k.p.i.IntermediateProofReplayer Proof replay took 8.4ns 
67265      INFO  main            d.u.i.k.p.r.p.TestFile    ... finished proof: closed. 
67478      INFO  main            d.u.i.k.p.i.AbstractProblemLoader Loading environment from /home/runner/work/key/key/key.core/../key.ui/examples/heap/model_methods/CellTest_test2.key.proof 
67481      DEBUG main            d.u.i.k.p.i.AbstractProblemLoader Environment load took 3.12ms 
67482      INFO  main            d.u.i.k.p.i.AbstractProblemLoader Creating init config 
70436      DEBUG main            d.u.i.k.p.i.AbstractProblemLoader Init config took 2.95s 
70485      INFO  main            d.u.i.k.p.i.AbstractProblemLoader Replaying proof CellTest[CellTest::test2(Cell)].JML operation contract.0 
70577      DEBUG main            d.u.i.k.p.i.IntermediateProofReplayer Proof replay took 88.37ms 
70579      DEBUG main            d.u.i.k.p.r.p.TestFile    ... success: reloaded. 
70581      INFO  main            d.u.i.k.p.r.p.TestFile    Now processing file /home/runner/work/key/key/key.core/../key.ui/examples/heap/model_methods/CellTest_test.key 
70581      INFO  main            d.u.i.k.p.i.AbstractProblemLoader Loading environment from /home/runner/work/key/key/key.core/../key.ui/examples/heap/model_methods/CellTest_test.key 
70581      DEBUG main            d.u.i.k.p.i.AbstractProblemLoader Environment load took 199.21ns 
70582      INFO  main            d.u.i.k.p.i.AbstractProblemLoader Creating init config 
73601      DEBUG main            d.u.i.k.p.i.AbstractProblemLoader Init config took 3.02s 
73648      INFO  main            d.u.i.k.p.i.AbstractProblemLoader Replaying proof CellTest[CellTest::test(Recell)].JML operation contract.0 
73649      DEBUG main            d.u.i.k.p.i.IntermediateProofReplayer Proof replay took 7.7ns 
75357      INFO  main            d.u.i.k.p.r.p.TestFile    ... finished proof: closed. 
75658      INFO  main            d.u.i.k.p.i.AbstractProblemLoader Loading environment from /home/runner/work/key/key/key.core/../key.ui/examples/heap/model_methods/CellTest_test.key.proof 
75658      DEBUG main            d.u.i.k.p.i.AbstractProblemLoader Environment load took 368.62ns 
75660      INFO  main            d.u.i.k.p.i.AbstractProblemLoader Creating init config 
78573      DEBUG main            d.u.i.k.p.i.AbstractProblemLoader Init config took 2.91s 
78628      INFO  main            d.u.i.k.p.i.AbstractProblemLoader Replaying proof CellTest[CellTest::test(Recell)].JML operation contract.0 
79018      DEBUG main            d.u.i.k.p.i.IntermediateProofReplayer Proof replay took 374.25ms 
79019      DEBUG main            d.u.i.k.p.r.p.TestFile    ... success: reloaded. 
79021      INFO  main            d.u.i.k.p.r.p.TestFile    Now processing file /home/runner/work/key/key/key.core/../key.ui/examples/heap/model_methods/Coll1_add.key 
79022      INFO  main            d.u.i.k.p.i.AbstractProblemLoader Loading environment from /home/runner/work/key/key/key.core/../key.ui/examples/heap/model_methods/Coll1_add.key 
79022      DEBUG main            d.u.i.k.p.i.AbstractProblemLoader Environment load took 247.32ns 
79023      INFO  main            d.u.i.k.p.i.AbstractProblemLoader Creating init config 
81918      DEBUG main            d.u.i.k.p.i.AbstractProblemLoader Init config took 2.89s 
81964      INFO  main            d.u.i.k.p.i.AbstractProblemLoader Replaying proof Coll1[Coll::add(int)].JML operation contract.0 
81966      DEBUG main            d.u.i.k.p.i.IntermediateProofReplayer Proof replay took 6.4ns 
82069      INFO  main            d.u.i.k.p.r.p.TestFile    ... finished proof: closed. 
82280      INFO  main            d.u.i.k.p.i.AbstractProblemLoader Loading environment from /home/runner/work/key/key/key.core/../key.ui/examples/heap/model_methods/Coll1_add.key.proof 
82280      DEBUG main            d.u.i.k.p.i.AbstractProblemLoader Environment load took 141.51ns 
82281      INFO  main            d.u.i.k.p.i.AbstractProblemLoader Creating init config 
85187      DEBUG main            d.u.i.k.p.i.AbstractProblemLoader Init config took 2.91s 
85235      INFO  main            d.u.i.k.p.i.AbstractProblemLoader Replaying proof Coll1[Coll::add(int)].JML operation contract.0 
85245      DEBUG main            d.u.i.k.p.i.IntermediateProofReplayer Proof replay took 8.31ms 
85246      DEBUG main            d.u.i.k.p.r.p.TestFile    ... success: reloaded. 
85248      INFO  main            d.u.i.k.p.r.p.TestFile    Now processing file /home/runner/work/key/key/key.core/../key.ui/examples/heap/model_methods/Coll1_Coll1_add_pre.key 
85248      INFO  main            d.u.i.k.p.i.AbstractProblemLoader Loading environment from /home/runner/work/key/key/key.core/../key.ui/examples/heap/model_methods/Coll1_Coll1_add_pre.key 
85248      DEBUG main            d.u.i.k.p.i.AbstractProblemLoader Environment load took 150.41ns 
85249      INFO  main            d.u.i.k.p.i.AbstractProblemLoader Creating init config 
88251      DEBUG main            d.u.i.k.p.i.AbstractProblemLoader Init config took 3s 
88296      INFO  main            d.u.i.k.p.i.AbstractProblemLoader Replaying proof Coll1[Coll1::add_pre(int)].JML model_behavior operation contract.0 
88297      DEBUG main            d.u.i.k.p.i.IntermediateProofReplayer Proof replay took 7.5ns 
88401      INFO  main            d.u.i.k.p.r.p.TestFile    ... finished proof: closed. 
88634      INFO  main            d.u.i.k.p.i.AbstractProblemLoader Loading environment from /home/runner/work/key/key/key.core/../key.ui/examples/heap/model_methods/Coll1_Coll1_add_pre.key.proof 
88634      DEBUG main            d.u.i.k.p.i.AbstractProblemLoader Environment load took 137.81ns 
88636      INFO  main            d.u.i.k.p.i.AbstractProblemLoader Creating init config 
91511      DEBUG main            d.u.i.k.p.i.AbstractProblemLoader Init config took 2.88s 
91571      INFO  main            d.u.i.k.p.i.AbstractProblemLoader Replaying proof Coll1[Coll1::add_pre(int)].JML model_behavior operation contract.0 
91577      DEBUG main            d.u.i.k.p.i.IntermediateProofReplayer Proof replay took 2.4ms 
91579      DEBUG main            d.u.i.k.p.r.p.TestFile    ... success: reloaded. 
91582      INFO  main            d.u.i.k.p.r.p.TestFile    Now processing file /home/runner/work/key/key/key.core/../key.ui/examples/heap/model_methods/Coll1_Coll_add_pre.key 
91582      INFO  main            d.u.i.k.p.i.AbstractProblemLoader Loading environment from /home/runner/work/key/key/key.core/../key.ui/examples/heap/model_methods/Coll1_Coll_add_pre.key 
91583      DEBUG main            d.u.i.k.p.i.AbstractProblemLoader Environment load took 109.71ns 
91584      INFO  main            d.u.i.k.p.i.AbstractProblemLoader Creating init config 
94568      DEBUG main            d.u.i.k.p.i.AbstractProblemLoader Init config took 2.98s 
94614      INFO  main            d.u.i.k.p.i.AbstractProblemLoader Replaying proof Coll1[Coll::add_pre(int)].JML model_behavior operation contract.0 
94616      DEBUG main            d.u.i.k.p.i.IntermediateProofReplayer Proof replay took 7.4ns 
94718      INFO  main            d.u.i.k.p.r.p.TestFile    ... finished proof: closed. 
94939      INFO  main            d.u.i.k.p.i.AbstractProblemLoader Loading environment from /home/runner/work/key/key/key.core/../key.ui/examples/heap/model_methods/Coll1_Coll_add_pre.key.proof 
94939      DEBUG main            d.u.i.k.p.i.AbstractProblemLoader Environment load took 146.61ns 
94940      INFO  main            d.u.i.k.p.i.AbstractProblemLoader Creating init config 
97835      DEBUG main            d.u.i.k.p.i.AbstractProblemLoader Init config took 2.89s 
97881      INFO  main            d.u.i.k.p.i.AbstractProblemLoader Replaying proof Coll1[Coll::add_pre(int)].JML model_behavior operation contract.0 
97901      DEBUG main            d.u.i.k.p.i.IntermediateProofReplayer Proof replay took 18.72ms 
97902      DEBUG main            d.u.i.k.p.r.p.TestFile    ... success: reloaded. 
97903      INFO  main            d.u.i.k.p.r.p.TestFile    Now processing file /home/runner/work/key/key/key.core/../key.ui/examples/heap/model_methods/Coll2_add.key 
97904      INFO  main            d.u.i.k.p.i.AbstractProblemLoader Loading environment from /home/runner/work/key/key/key.core/../key.ui/examples/heap/model_methods/Coll2_add.key 
97904      DEBUG main            d.u.i.k.p.i.AbstractProblemLoader Environment load took 97.81ns 
97905      INFO  main            d.u.i.k.p.i.AbstractProblemLoader Creating init config 
100858     DEBUG main            d.u.i.k.p.i.AbstractProblemLoader Init config took 2.95s 
100904     INFO  main            d.u.i.k.p.i.AbstractProblemLoader Replaying proof Coll2[Coll::add(int)].JML operation contract.0 
100906     DEBUG main            d.u.i.k.p.i.IntermediateProofReplayer Proof replay took 7.1ns 
101009     INFO  main            d.u.i.k.p.r.p.TestFile    ... finished proof: closed. 
101249     INFO  main            d.u.i.k.p.i.AbstractProblemLoader Loading environment from /home/runner/work/key/key/key.core/../key.ui/examples/heap/model_methods/Coll2_add.key.proof 
101249     DEBUG main            d.u.i.k.p.i.AbstractProblemLoader Environment load took 124.51ns 
101250     INFO  main            d.u.i.k.p.i.AbstractProblemLoader Creating init config 
104132     DEBUG main            d.u.i.k.p.i.AbstractProblemLoader Init config took 2.88s 
104178     INFO  main            d.u.i.k.p.i.AbstractProblemLoader Replaying proof Coll2[Coll::add(int)].JML operation contract.0 
104190     DEBUG main            d.u.i.k.p.i.IntermediateProofReplayer Proof replay took 8.47ms 
104191     DEBUG main            d.u.i.k.p.r.p.TestFile    ... success: reloaded. 
104192     INFO  main            d.u.i.k.p.r.p.TestFile    Now processing file /home/runner/work/key/key/key.core/../key.ui/examples/heap/model_methods/Coll2_Coll2_add_pre.key 
104193     INFO  main            d.u.i.k.p.i.AbstractProblemLoader Loading environment from /home/runner/work/key/key/key.core/../key.ui/examples/heap/model_methods/Coll2_Coll2_add_pre.key 
104193     DEBUG main            d.u.i.k.p.i.AbstractProblemLoader Environment load took 196.41ns 
104194     INFO  main            d.u.i.k.p.i.AbstractProblemLoader Creating init config 
107189     DEBUG main            d.u.i.k.p.i.AbstractProblemLoader Init config took 2.99s 
107235     INFO  main            d.u.i.k.p.i.AbstractProblemLoader Replaying proof Coll2[Coll2::add_pre(int)].JML model_behavior operation contract.0 
107238     DEBUG main            d.u.i.k.p.i.IntermediateProofReplayer Proof replay took 7.3ns 
107341     INFO  main            d.u.i.k.p.r.p.TestFile    ... finished proof: closed. 
107580     INFO  main            d.u.i.k.p.i.AbstractProblemLoader Loading environment from /home/runner/work/key/key/key.core/../key.ui/examples/heap/model_methods/Coll2_Coll2_add_pre.key.proof 
107580     DEBUG main            d.u.i.k.p.i.AbstractProblemLoader Environment load took 135.31ns 
107581     INFO  main            d.u.i.k.p.i.AbstractProblemLoader Creating init config 
110451     DEBUG main            d.u.i.k.p.i.AbstractProblemLoader Init config took 2.87s 
110495     INFO  main            d.u.i.k.p.i.AbstractProblemLoader Replaying proof Coll2[Coll2::add_pre(int)].JML model_behavior operation contract.0 
110498     DEBUG main            d.u.i.k.p.i.IntermediateProofReplayer Proof replay took 1.7ms 
110499     DEBUG main            d.u.i.k.p.r.p.TestFile    ... success: reloaded. 
110500     INFO  main            d.u.i.k.p.r.p.TestFile    Now processing file /home/runner/work/key/key/key.core/../key.ui/examples/heap/model_methods/Coll2_Coll_add_pre.key 
110500     INFO  main            d.u.i.k.p.i.AbstractProblemLoader Loading environment from /home/runner/work/key/key/key.core/../key.ui/examples/heap/model_methods/Coll2_Coll_add_pre.key 
110500     DEBUG main            d.u.i.k.p.i.AbstractProblemLoader Environment load took 134.41ns 
110501     INFO  main            d.u.i.k.p.i.AbstractProblemLoader Creating init config 
113422     DEBUG main            d.u.i.k.p.i.AbstractProblemLoader Init config took 2.92s 
113465     INFO  main            d.u.i.k.p.i.AbstractProblemLoader Replaying proof Coll2[Coll::add_pre(int)].JML model_behavior operation contract.0 
113467     DEBUG main            d.u.i.k.p.i.IntermediateProofReplayer Proof replay took 6.6ns 
113570     INFO  main            d.u.i.k.p.r.p.TestFile    ... finished proof: closed. 
113816     INFO  main            d.u.i.k.p.i.AbstractProblemLoader Loading environment from /home/runner/work/key/key/key.core/../key.ui/examples/heap/model_methods/Coll2_Coll_add_pre.key.proof 
113816     DEBUG main            d.u.i.k.p.i.AbstractProblemLoader Environment load took 130.71ns 
113817     INFO  main            d.u.i.k.p.i.AbstractProblemLoader Creating init config 
116680     DEBUG main            d.u.i.k.p.i.AbstractProblemLoader Init config took 2.86s 
116728     INFO  main            d.u.i.k.p.i.AbstractProblemLoader Replaying proof Coll2[Coll::add_pre(int)].JML model_behavior operation contract.0 
116732     DEBUG main            d.u.i.k.p.i.IntermediateProofReplayer Proof replay took 2.46ms 
116733     DEBUG main            d.u.i.k.p.r.p.TestFile    ... success: reloaded. 
116734     INFO  main            d.u.i.k.p.r.p.TestFile    Now processing file /home/runner/work/key/key/key.core/../key.ui/examples/heap/model_methods/Coll_add.key 
116734     INFO  main            d.u.i.k.p.i.AbstractProblemLoader Loading environment from /home/runner/work/key/key/key.core/../key.ui/examples/heap/model_methods/Coll_add.key 
116734     DEBUG main            d.u.i.k.p.i.AbstractProblemLoader Environment load took 123.91ns 
116735     INFO  main            d.u.i.k.p.i.AbstractProblemLoader Creating init config 
119728     DEBUG main            d.u.i.k.p.i.AbstractProblemLoader Init config took 2.99s 
119774     INFO  main            d.u.i.k.p.i.AbstractProblemLoader Replaying proof Coll[Coll::add(int)].JML operation contract.0 
119775     DEBUG main            d.u.i.k.p.i.IntermediateProofReplayer Proof replay took 7.7ns 
119881     INFO  main            d.u.i.k.p.r.p.TestFile    ... finished proof: closed. 
120129     INFO  main            d.u.i.k.p.i.AbstractProblemLoader Loading environment from /home/runner/work/key/key/key.core/../key.ui/examples/heap/model_methods/Coll_add.key.proof 
120129     DEBUG main            d.u.i.k.p.i.AbstractProblemLoader Environment load took 154.51ns 
120131     INFO  main            d.u.i.k.p.i.AbstractProblemLoader Creating init config 
123053     DEBUG main            d.u.i.k.p.i.AbstractProblemLoader Init config took 2.92s 
123099     INFO  main            d.u.i.k.p.i.AbstractProblemLoader Replaying proof Coll[Coll::add(int)].JML operation contract.0 
123103     DEBUG main            d.u.i.k.p.i.IntermediateProofReplayer Proof replay took 2.52ms 
123104     DEBUG main            d.u.i.k.p.r.p.TestFile    ... success: reloaded. 
123105     INFO  main            d.u.i.k.p.r.p.TestFile    Now processing file /home/runner/work/key/key/key.core/../key.ui/examples/heap/model_methods/Coll_add_pre.key 
123105     INFO  main            d.u.i.k.p.i.AbstractProblemLoader Loading environment from /home/runner/work/key/key/key.core/../key.ui/examples/heap/model_methods/Coll_add_pre.key 
123105     DEBUG main            d.u.i.k.p.i.AbstractProblemLoader Environment load took 101.01ns 
123106     INFO  main            d.u.i.k.p.i.AbstractProblemLoader Creating init config 
126016     DEBUG main            d.u.i.k.p.i.AbstractProblemLoader Init config took 2.91s 
126060     INFO  main            d.u.i.k.p.i.AbstractProblemLoader Replaying proof Coll[Coll::add_pre(int)].JML model_behavior operation contract.0 
126061     DEBUG main            d.u.i.k.p.i.IntermediateProofReplayer Proof replay took 7.4ns 
126165     INFO  main            d.u.i.k.p.r.p.TestFile    ... finished proof: closed. 
126439     INFO  main            d.u.i.k.p.i.AbstractProblemLoader Loading environment from /home/runner/work/key/key/key.core/../key.ui/examples/heap/model_methods/Coll_add_pre.key.proof 
126440     DEBUG main            d.u.i.k.p.i.AbstractProblemLoader Environment load took 549.53ns 
126441     INFO  main            d.u.i.k.p.i.AbstractProblemLoader Creating init config 
129305     DEBUG main            d.u.i.k.p.i.AbstractProblemLoader Init config took 2.86s 
129348     INFO  main            d.u.i.k.p.i.AbstractProblemLoader Replaying proof Coll[Coll::add_pre(int)].JML model_behavior operation contract.0 
129353     DEBUG main            d.u.i.k.p.i.IntermediateProofReplayer Proof replay took 2.85ms 
129354     DEBUG main            d.u.i.k.p.r.p.TestFile    ... success: reloaded. 
129355     INFO  main            d.u.i.k.p.r.p.TestFile    Now processing file /home/runner/work/key/key/key.core/../key.ui/examples/heap/model_methods/Indirect_callAdd.key 
129355     INFO  main            d.u.i.k.p.i.AbstractProblemLoader Loading environment from /home/runner/work/key/key/key.core/../key.ui/examples/heap/model_methods/Indirect_callAdd.key 
129355     DEBUG main            d.u.i.k.p.i.AbstractProblemLoader Environment load took 90.61ns 
129356     INFO  main            d.u.i.k.p.i.AbstractProblemLoader Creating init config 
132276     DEBUG main            d.u.i.k.p.i.AbstractProblemLoader Init config took 2.92s 
132321     INFO  main            d.u.i.k.p.i.AbstractProblemLoader Replaying proof Indirect[Indirect::callAdd(Coll,int)].JML operation contract.0 
132324     DEBUG main            d.u.i.k.p.i.IntermediateProofReplayer Proof replay took 7.1ns 
132425     INFO  main            d.u.i.k.p.r.p.TestFile    ... finished proof: closed. 
132704     INFO  main            d.u.i.k.p.i.AbstractProblemLoader Loading environment from /home/runner/work/key/key/key.core/../key.ui/examples/heap/model_methods/Indirect_callAdd.key.proof 
132705     DEBUG main            d.u.i.k.p.i.AbstractProblemLoader Environment load took 143.91ns 
132706     INFO  main            d.u.i.k.p.i.AbstractProblemLoader Creating init config 
135542     DEBUG main            d.u.i.k.p.i.AbstractProblemLoader Init config took 2.84s 
135598     INFO  main            d.u.i.k.p.i.AbstractProblemLoader Replaying proof Indirect[Indirect::callAdd(Coll,int)].JML operation contract.0 
135627     DEBUG main            d.u.i.k.p.i.IntermediateProofReplayer Proof replay took 26.65ms 
135628     DEBUG main            d.u.i.k.p.r.p.TestFile    ... success: reloaded. 
135629     INFO  main            d.u.i.k.p.r.p.TestFile    Now processing file /home/runner/work/key/key/key.core/../key.ui/examples/heap/model_methods/Indirect_test.key 
135629     INFO  main            d.u.i.k.p.i.AbstractProblemLoader Loading environment from /home/runner/work/key/key/key.core/../key.ui/examples/heap/model_methods/Indirect_test.key 
135629     DEBUG main            d.u.i.k.p.i.AbstractProblemLoader Environment load took 85.51ns 
135630     INFO  main            d.u.i.k.p.i.AbstractProblemLoader Creating init config 
138560     DEBUG main            d.u.i.k.p.i.AbstractProblemLoader Init config took 2.93s 
138605     INFO  main            d.u.i.k.p.i.AbstractProblemLoader Replaying proof Indirect[Indirect::test(Coll1,Coll2)].JML operation contract.0 
138607     DEBUG main            d.u.i.k.p.i.IntermediateProofReplayer Proof replay took 15.7ns 
138810     INFO  main            d.u.i.k.p.r.p.TestFile    ... finished proof: closed. 
139182     INFO  main            d.u.i.k.p.i.AbstractProblemLoader Loading environment from /home/runner/work/key/key/key.core/../key.ui/examples/heap/model_methods/Indirect_test.key.proof 
139183     DEBUG main            d.u.i.k.p.i.AbstractProblemLoader Environment load took 115.41ns 
139184     INFO  main            d.u.i.k.p.i.AbstractProblemLoader Creating init config 
142047     DEBUG main            d.u.i.k.p.i.AbstractProblemLoader Init config took 2.86s 
142090     INFO  main            d.u.i.k.p.i.AbstractProblemLoader Replaying proof Indirect[Indirect::test(Coll1,Coll2)].JML operation contract.0 
142153     DEBUG main            d.u.i.k.p.i.IntermediateProofReplayer Proof replay took 60.05ms 
142154     DEBUG main            d.u.i.k.p.r.p.TestFile    ... success: reloaded. 
142156     INFO  main            d.u.i.k.p.r.p.TestFile    Now processing file /home/runner/work/key/key/key.core/../key.ui/examples/heap/model_methods/Recell_Cell_footprint.key 
142156     INFO  main            d.u.i.k.p.i.AbstractProblemLoader Loading environment from /home/runner/work/key/key/key.core/../key.ui/examples/heap/model_methods/Recell_Cell_footprint.key 
142156     DEBUG main            d.u.i.k.p.i.AbstractProblemLoader Environment load took 97.41ns 
142157     INFO  main            d.u.i.k.p.i.AbstractProblemLoader Creating init config 
145149     DEBUG main            d.u.i.k.p.i.AbstractProblemLoader Init config took 2.99s 
145194     INFO  main            d.u.i.k.p.i.AbstractProblemLoader Replaying proof Recell[Cell::footprint()].JML model_behavior operation contract.0 
145195     DEBUG main            d.u.i.k.p.i.IntermediateProofReplayer Proof replay took 6.9ns 
145297     INFO  main            d.u.i.k.p.r.p.TestFile    ... finished proof: closed. 
145576     INFO  main            d.u.i.k.p.i.AbstractProblemLoader Loading environment from /home/runner/work/key/key/key.core/../key.ui/examples/heap/model_methods/Recell_Cell_footprint.key.proof 
145576     DEBUG main            d.u.i.k.p.i.AbstractProblemLoader Environment load took 121.51ns 
145577     INFO  main            d.u.i.k.p.i.AbstractProblemLoader Creating init config 
148462     DEBUG main            d.u.i.k.p.i.AbstractProblemLoader Init config took 2.88s 
148508     INFO  main            d.u.i.k.p.i.AbstractProblemLoader Replaying proof Recell[Cell::footprint()].JML model_behavior operation contract.0 
148513     DEBUG main            d.u.i.k.p.i.IntermediateProofReplayer Proof replay took 3.35ms 
148514     DEBUG main            d.u.i.k.p.r.p.TestFile    ... success: reloaded. 
148515     INFO  main            d.u.i.k.p.r.p.TestFile    Now processing file /home/runner/work/key/key/key.core/../key.ui/examples/heap/model_methods/Recell_Cell_post_set.key 
148516     INFO  main            d.u.i.k.p.i.AbstractProblemLoader Loading environment from /home/runner/work/key/key/key.core/../key.ui/examples/heap/model_methods/Recell_Cell_post_set.key 
148516     DEBUG main            d.u.i.k.p.i.AbstractProblemLoader Environment load took 117.11ns 
148517     INFO  main            d.u.i.k.p.i.AbstractProblemLoader Creating init config 
151478     DEBUG main            d.u.i.k.p.i.AbstractProblemLoader Init config took 2.96s 
151520     INFO  main            d.u.i.k.p.i.AbstractProblemLoader Replaying proof Recell[Cell::post_set(int)].JML model_behavior operation contract.0 
151522     DEBUG main            d.u.i.k.p.i.IntermediateProofReplayer Proof replay took 6ns 
151624     INFO  main            d.u.i.k.p.r.p.TestFile    ... finished proof: closed. 
151920     INFO  main            d.u.i.k.p.i.AbstractProblemLoader Loading environment from /home/runner/work/key/key/key.core/../key.ui/examples/heap/model_methods/Recell_Cell_post_set.key.proof 
151920     DEBUG main            d.u.i.k.p.i.AbstractProblemLoader Environment load took 164.51ns 
151921     INFO  main            d.u.i.k.p.i.AbstractProblemLoader Creating init config 
154793     DEBUG main            d.u.i.k.p.i.AbstractProblemLoader Init config took 2.87s 
154836     INFO  main            d.u.i.k.p.i.AbstractProblemLoader Replaying proof Recell[Cell::post_set(int)].JML model_behavior operation contract.0 
154843     DEBUG main            d.u.i.k.p.i.IntermediateProofReplayer Proof replay took 4.81ms 
154844     DEBUG main            d.u.i.k.p.r.p.TestFile    ... success: reloaded. 
154845     INFO  main            d.u.i.k.p.r.p.TestFile    Now processing file /home/runner/work/key/key/key.core/../key.ui/examples/heap/model_methods/Recell_footprint_acc.key 
154845     INFO  main            d.u.i.k.p.i.AbstractProblemLoader Loading environment from /home/runner/work/key/key/key.core/../key.ui/examples/heap/model_methods/Recell_footprint_acc.key 
154845     DEBUG main            d.u.i.k.p.i.AbstractProblemLoader Environment load took 101.91ns 
154846     INFO  main            d.u.i.k.p.i.AbstractProblemLoader Creating init config 
157769     DEBUG main            d.u.i.k.p.i.AbstractProblemLoader Init config took 2.92s 
157810     INFO  main            d.u.i.k.p.i.AbstractProblemLoader Replaying proof Recell[Cell::footprint()].JML accessible clause.0 
157812     DEBUG main            d.u.i.k.p.i.IntermediateProofReplayer Proof replay took 6.8ns 
157919     INFO  main            d.u.i.k.p.r.p.TestFile    ... finished proof: closed. 
158220     INFO  main            d.u.i.k.p.i.AbstractProblemLoader Loading environment from /home/runner/work/key/key/key.core/../key.ui/examples/heap/model_methods/Recell_footprint_acc.key.proof 
158220     DEBUG main            d.u.i.k.p.i.AbstractProblemLoader Environment load took 171.61ns 
158221     INFO  main            d.u.i.k.p.i.AbstractProblemLoader Creating init config 
161071     DEBUG main            d.u.i.k.p.i.AbstractProblemLoader Init config took 2.85s 
161118     INFO  main            d.u.i.k.p.i.AbstractProblemLoader Replaying proof Recell[Cell::footprint()].JML accessible clause.0 
161143     DEBUG main            d.u.i.k.p.i.IntermediateProofReplayer Proof replay took 22.25ms 
161144     DEBUG main            d.u.i.k.p.r.p.TestFile    ... success: reloaded. 
161145     INFO  main            d.u.i.k.p.r.p.TestFile    Now processing file /home/runner/work/key/key/key.core/../key.ui/examples/heap/model_methods/Recell_get_acc.key 
161146     INFO  main            d.u.i.k.p.i.AbstractProblemLoader Loading environment from /home/runner/work/key/key/key.core/../key.ui/examples/heap/model_methods/Recell_get_acc.key 
161146     DEBUG main            d.u.i.k.p.i.AbstractProblemLoader Environment load took 189.11ns 
161147     INFO  main            d.u.i.k.p.i.AbstractProblemLoader Creating init config 
164056     DEBUG main            d.u.i.k.p.i.AbstractProblemLoader Init config took 2.91s 
164097     INFO  main            d.u.i.k.p.i.AbstractProblemLoader Replaying proof Recell[Cell::get()].JML accessible clause.0 
164099     DEBUG main            d.u.i.k.p.i.IntermediateProofReplayer Proof replay took 6.7ns 
164201     INFO  main            d.u.i.k.p.r.p.TestFile    ... finished proof: closed. 
164506     INFO  main            d.u.i.k.p.i.AbstractProblemLoader Loading environment from /home/runner/work/key/key/key.core/../key.ui/examples/heap/model_methods/Recell_get_acc.key.proof 
164507     DEBUG main            d.u.i.k.p.i.AbstractProblemLoader Environment load took 114.41ns 
164508     INFO  main            d.u.i.k.p.i.AbstractProblemLoader Creating init config 
167345     DEBUG main            d.u.i.k.p.i.AbstractProblemLoader Init config took 2.84s 
167386     INFO  main            d.u.i.k.p.i.AbstractProblemLoader Replaying proof Recell[Cell::get()].JML accessible clause.0 
167407     DEBUG main            d.u.i.k.p.i.IntermediateProofReplayer Proof replay took 19.31ms 
167408     DEBUG main            d.u.i.k.p.r.p.TestFile    ... success: reloaded. 
167409     INFO  main            d.u.i.k.p.r.p.TestFile    Now processing file /home/runner/work/key/key/key.core/../key.ui/examples/heap/model_methods/Recell_get.key 
167409     INFO  main            d.u.i.k.p.i.AbstractProblemLoader Loading environment from /home/runner/work/key/key/key.core/../key.ui/examples/heap/model_methods/Recell_get.key 
167410     DEBUG main            d.u.i.k.p.i.AbstractProblemLoader Environment load took 139.11ns 
167410     INFO  main            d.u.i.k.p.i.AbstractProblemLoader Creating init config 
170337     DEBUG main            d.u.i.k.p.i.AbstractProblemLoader Init config took 2.93s 
170381     INFO  main            d.u.i.k.p.i.AbstractProblemLoader Replaying proof Recell[Cell::get()].JML operation contract.0 
170382     DEBUG main            d.u.i.k.p.i.IntermediateProofReplayer Proof replay took 7.4ns 
170484     INFO  main            d.u.i.k.p.r.p.TestFile    ... finished proof: closed. 
170799     INFO  main            d.u.i.k.p.i.AbstractProblemLoader Loading environment from /home/runner/work/key/key/key.core/../key.ui/examples/heap/model_methods/Recell_get.key.proof 
170799     DEBUG main            d.u.i.k.p.i.AbstractProblemLoader Environment load took 138.71ns 
170800     INFO  main            d.u.i.k.p.i.AbstractProblemLoader Creating init config 
173607     DEBUG main            d.u.i.k.p.i.AbstractProblemLoader Init config took 2.81s 
173650     INFO  main            d.u.i.k.p.i.AbstractProblemLoader Replaying proof Recell[Cell::get()].JML operation contract.0 
173661     DEBUG main            d.u.i.k.p.i.IntermediateProofReplayer Proof replay took 9.47ms 
173662     DEBUG main            d.u.i.k.p.r.p.TestFile    ... success: reloaded. 
173663     INFO  main            d.u.i.k.p.r.p.TestFile    Now processing file /home/runner/work/key/key/key.core/../key.ui/examples/heap/model_methods/Recell_Recell_footprint.key 
173663     INFO  main            d.u.i.k.p.i.AbstractProblemLoader Loading environment from /home/runner/work/key/key/key.core/../key.ui/examples/heap/model_methods/Recell_Recell_footprint.key 
173664     DEBUG main            d.u.i.k.p.i.AbstractProblemLoader Environment load took 209.81ns 
173665     INFO  main            d.u.i.k.p.i.AbstractProblemLoader Creating init config 
176574     DEBUG main            d.u.i.k.p.i.AbstractProblemLoader Init config took 2.91s 
176616     INFO  main            d.u.i.k.p.i.AbstractProblemLoader Replaying proof Recell[Recell::footprint()].JML model_behavior operation contract.0 
176618     DEBUG main            d.u.i.k.p.i.IntermediateProofReplayer Proof replay took 7.6ns 
176720     INFO  main            d.u.i.k.p.r.p.TestFile    ... finished proof: closed. 
177072     INFO  main            d.u.i.k.p.i.AbstractProblemLoader Loading environment from /home/runner/work/key/key/key.core/../key.ui/examples/heap/model_methods/Recell_Recell_footprint.key.proof 
177072     DEBUG main            d.u.i.k.p.i.AbstractProblemLoader Environment load took 112.71ns 
177073     INFO  main            d.u.i.k.p.i.AbstractProblemLoader Creating init config 
179814     DEBUG main            d.u.i.k.p.i.AbstractProblemLoader Init config took 2.74s 
179866     INFO  main            d.u.i.k.p.i.AbstractProblemLoader Replaying proof Recell[Recell::footprint()].JML model_behavior operation contract.0 
179869     DEBUG main            d.u.i.k.p.i.IntermediateProofReplayer Proof replay took 1.38ms 
179870     DEBUG main            d.u.i.k.p.r.p.TestFile    ... success: reloaded. 
179871     INFO  main            d.u.i.k.p.r.p.TestFile    Now processing file /home/runner/work/key/key/key.core/../key.ui/examples/heap/model_methods/Recell_Recell_post_set.key 
179871     INFO  main            d.u.i.k.p.i.AbstractProblemLoader Loading environment from /home/runner/work/key/key/key.core/../key.ui/examples/heap/model_methods/Recell_Recell_post_set.key 
179871     DEBUG main            d.u.i.k.p.i.AbstractProblemLoader Environment load took 228.81ns 
179872     INFO  main            d.u.i.k.p.i.AbstractProblemLoader Creating init config 
182714     DEBUG main            d.u.i.k.p.i.AbstractProblemLoader Init config took 2.84s 
182755     INFO  main            d.u.i.k.p.i.AbstractProblemLoader Replaying proof Recell[Recell::post_set(int)].JML model_behavior operation contract.0 
182756     DEBUG main            d.u.i.k.p.i.IntermediateProofReplayer Proof replay took 7.9ns 
182861     INFO  main            d.u.i.k.p.r.p.TestFile    ... finished proof: closed. 
183185     INFO  main            d.u.i.k.p.i.AbstractProblemLoader Loading environment from /home/runner/work/key/key/key.core/../key.ui/examples/heap/model_methods/Recell_Recell_post_set.key.proof 
183185     DEBUG main            d.u.i.k.p.i.AbstractProblemLoader Environment load took 121.41ns 
183186     INFO  main            d.u.i.k.p.i.AbstractProblemLoader Creating init config 
185829     DEBUG main            d.u.i.k.p.i.AbstractProblemLoader Init config took 2.64s 
185866     INFO  main            d.u.i.k.p.i.AbstractProblemLoader Replaying proof Recell[Recell::post_set(int)].JML model_behavior operation contract.0 
185870     DEBUG main            d.u.i.k.p.i.IntermediateProofReplayer Proof replay took 1.99ms 
185871     DEBUG main            d.u.i.k.p.r.p.TestFile    ... success: reloaded. 
185871     INFO  main            d.u.i.k.p.r.p.TestFile    Now processing file /home/runner/work/key/key/key.core/../key.ui/examples/heap/model_methods/Recell_set.key 
185872     INFO  main            d.u.i.k.p.i.AbstractProblemLoader Loading environment from /home/runner/work/key/key/key.core/../key.ui/examples/heap/model_methods/Recell_set.key 
185872     DEBUG main            d.u.i.k.p.i.AbstractProblemLoader Environment load took 114.71ns 
185873     INFO  main            d.u.i.k.p.i.AbstractProblemLoader Creating init config 
188519     DEBUG main            d.u.i.k.p.i.AbstractProblemLoader Init config took 2.65s 
188557     INFO  main            d.u.i.k.p.i.AbstractProblemLoader Replaying proof Recell[Cell::set(int)].JML operation contract.0 
188559     DEBUG main            d.u.i.k.p.i.IntermediateProofReplayer Proof replay took 6.7ns 
196874     INFO  main            d.u.i.k.p.r.p.TestFile    ... finished proof: closed. 
197231     INFO  main            d.u.i.k.p.i.AbstractProblemLoader Loading environment from /home/runner/work/key/key/key.core/../key.ui/examples/heap/model_methods/Recell_set.key.proof 
197235     DEBUG main            d.u.i.k.p.i.AbstractProblemLoader Environment load took 4.14ms 
197237     INFO  main            d.u.i.k.p.i.AbstractProblemLoader Creating init config 
199821     DEBUG main            d.u.i.k.p.i.AbstractProblemLoader Init config took 2.58s 
199861     INFO  main            d.u.i.k.p.i.AbstractProblemLoader Replaying proof Recell[Cell::set(int)].JML operation contract.0 
200455     DEBUG main            d.u.i.k.p.i.IntermediateProofReplayer Proof replay took 571.85ms 
200456     DEBUG main            d.u.i.k.p.r.p.TestFile    ... success: reloaded. 
200457     INFO  main            d.u.i.k.p.r.p.TestFile    Now processing file /home/runner/work/key/key/key.core/../key.ui/examples/heap/model_methods/Recell_undo.key 
200458     INFO  main            d.u.i.k.p.i.AbstractProblemLoader Loading environment from /home/runner/work/key/key/key.core/../key.ui/examples/heap/model_methods/Recell_undo.key 
200458     DEBUG main            d.u.i.k.p.i.AbstractProblemLoader Environment load took 183.61ns 
200459     INFO  main            d.u.i.k.p.i.AbstractProblemLoader Creating init config 
203200     DEBUG main            d.u.i.k.p.i.AbstractProblemLoader Init config took 2.74s 
203238     INFO  main            d.u.i.k.p.i.AbstractProblemLoader Replaying proof Recell[Recell::undo()].JML operation contract.0 
203240     DEBUG main            d.u.i.k.p.i.IntermediateProofReplayer Proof replay took 7.6ns 
203445     INFO  main            d.u.i.k.p.r.p.TestFile    ... finished proof: closed. 
203776     INFO  main            d.u.i.k.p.i.AbstractProblemLoader Loading environment from /home/runner/work/key/key/key.core/../key.ui/examples/heap/model_methods/Recell_undo.key.proof 
203776     DEBUG main            d.u.i.k.p.i.AbstractProblemLoader Environment load took 141.01ns 
203777     INFO  main            d.u.i.k.p.i.AbstractProblemLoader Creating init config 
206294     DEBUG main            d.u.i.k.p.i.AbstractProblemLoader Init config took 2.52s 
206349     INFO  main            d.u.i.k.p.i.AbstractProblemLoader Replaying proof Recell[Recell::undo()].JML operation contract.0 
206382     DEBUG main            d.u.i.k.p.i.IntermediateProofReplayer Proof replay took 30.95ms 
206383     DEBUG main            d.u.i.k.p.r.p.TestFile    ... success: reloaded. 
4571119    INFO  Test worker     d.u.i.k.p.r.RunAllProofsTestUnit Returning from test modelMethods 
4571120    INFO  Test worker     d.u.i.k.p.r.RunAllProofsTestUnit Running test permissionHeap 
345        INFO  Timeout watchdog d.u.i.k.p.r.p.ForkedTestFileRunner Timeout watcher launched (2000 secs.) 
353        WARN  main            d.u.i.k.s.ProofSettings   The settings in /home/runner/.key/proof-settings.props are *not* read. 
402        INFO  main            d.u.i.k.p.r.p.TestFile    Now processing file /home/runner/work/key/key/key.core/../key.ui/examples/heap/permissions/permissions_method0.key 
563        INFO  main            d.u.i.k.p.i.AbstractProblemLoader Loading environment from /home/runner/work/key/key/key.core/../key.ui/examples/heap/permissions/permissions_method0.key 
594        DEBUG main            d.u.i.k.p.i.AbstractProblemLoader Environment load took 1.85ms 
827        INFO  main            d.u.i.k.p.i.AbstractProblemLoader Creating init config 
1689       DEBUG main            d.u.i.k.j.TypeConverter   No LDT found for Meta 
1690       DEBUG main            d.u.i.k.j.TypeConverter   No LDT found for Meta 
1691       DEBUG main            d.u.i.k.j.TypeConverter   No LDT found for Meta 
1694       DEBUG main            d.u.i.k.j.TypeConverter   No LDT found for Meta 
3152       DEBUG main            d.u.i.k.j.TypeConverter   No LDT found for JavaBigintExpression 
8986       DEBUG main            d.u.i.k.p.i.AbstractProblemLoader Init config took 8.16s 
9117       INFO  main            d.u.i.k.p.i.AbstractProblemLoader Replaying proof MyClass[MyClass::method0()].JML normal_behavior operation contract.0 
9152       DEBUG main            d.u.i.k.p.i.IntermediateProofReplayer Proof replay took 33.4ns 
10202      INFO  main            d.u.i.k.p.r.p.TestFile    ... finished proof: closed. 
10332      INFO  main            d.u.i.k.p.i.AbstractProblemLoader Loading environment from /home/runner/work/key/key/key.core/../key.ui/examples/heap/permissions/permissions_method0.key.proof 
10332      DEBUG main            d.u.i.k.p.i.AbstractProblemLoader Environment load took 135.41ns 
10334      INFO  main            d.u.i.k.p.i.AbstractProblemLoader Creating init config 
13476      DEBUG main            d.u.i.k.p.i.AbstractProblemLoader Init config took 3.14s 
13538      INFO  main            d.u.i.k.p.i.AbstractProblemLoader Replaying proof MyClass[MyClass::method0()].JML normal_behavior operation contract.0 
13643      DEBUG main            d.u.i.k.p.i.IntermediateProofReplayer Proof replay took 99.24ms 
13649      DEBUG main            d.u.i.k.p.r.p.TestFile    ... success: reloaded. 
13651      INFO  main            d.u.i.k.p.r.p.TestFile    Now processing file /home/runner/work/key/key/key.core/../key.ui/examples/heap/permissions/permissions_method1.key 
13651      INFO  main            d.u.i.k.p.i.AbstractProblemLoader Loading environment from /home/runner/work/key/key/key.core/../key.ui/examples/heap/permissions/permissions_method1.key 
13652      DEBUG main            d.u.i.k.p.i.AbstractProblemLoader Environment load took 216.81ns 
13653      INFO  main            d.u.i.k.p.i.AbstractProblemLoader Creating init config 
16816      DEBUG main            d.u.i.k.p.i.AbstractProblemLoader Init config took 3.16s 
16879      INFO  main            d.u.i.k.p.i.AbstractProblemLoader Replaying proof MyClass[MyClass::method1()].JML normal_behavior operation contract.0 
16882      DEBUG main            d.u.i.k.p.i.IntermediateProofReplayer Proof replay took 5.9ns 
17285      INFO  main            d.u.i.k.p.r.p.TestFile    ... finished proof: closed. 
17456      INFO  main            d.u.i.k.p.i.AbstractProblemLoader Loading environment from /home/runner/work/key/key/key.core/../key.ui/examples/heap/permissions/permissions_method1.key.proof 
17456      DEBUG main            d.u.i.k.p.i.AbstractProblemLoader Environment load took 369.72ns 
17458      INFO  main            d.u.i.k.p.i.AbstractProblemLoader Creating init config 
20460      DEBUG main            d.u.i.k.p.i.AbstractProblemLoader Init config took 3s 
20514      INFO  main            d.u.i.k.p.i.AbstractProblemLoader Replaying proof MyClass[MyClass::method1()].JML normal_behavior operation contract.0 
20580      DEBUG main            d.u.i.k.p.i.IntermediateProofReplayer Proof replay took 63.13ms 
20581      DEBUG main            d.u.i.k.p.r.p.TestFile    ... success: reloaded. 
20583      INFO  main            d.u.i.k.p.r.p.TestFile    Now processing file /home/runner/work/key/key/key.core/../key.ui/examples/heap/permissions/permissions_method3.key 
20583      INFO  main            d.u.i.k.p.i.AbstractProblemLoader Loading environment from /home/runner/work/key/key/key.core/../key.ui/examples/heap/permissions/permissions_method3.key 
20583      DEBUG main            d.u.i.k.p.i.AbstractProblemLoader Environment load took 208.11ns 
20585      INFO  main            d.u.i.k.p.i.AbstractProblemLoader Creating init config 
23531      DEBUG main            d.u.i.k.p.i.AbstractProblemLoader Init config took 2.95s 
23582      INFO  main            d.u.i.k.p.i.AbstractProblemLoader Replaying proof MyClass[MyClass::method3()].JML normal_behavior operation contract.0 
23584      DEBUG main            d.u.i.k.p.i.IntermediateProofReplayer Proof replay took 6ns 
25191      INFO  main            d.u.i.k.p.r.p.TestFile    ... finished proof: closed. 
25375      INFO  main            d.u.i.k.p.i.AbstractProblemLoader Loading environment from /home/runner/work/key/key/key.core/../key.ui/examples/heap/permissions/permissions_method3.key.proof 
25375      DEBUG main            d.u.i.k.p.i.AbstractProblemLoader Environment load took 410.83ns 
25377      INFO  main            d.u.i.k.p.i.AbstractProblemLoader Creating init config 
28368      DEBUG main            d.u.i.k.p.i.AbstractProblemLoader Init config took 2.99s 
28417      INFO  main            d.u.i.k.p.i.AbstractProblemLoader Replaying proof MyClass[MyClass::method3()].JML normal_behavior operation contract.0 
28693      DEBUG main            d.u.i.k.p.i.IntermediateProofReplayer Proof replay took 269.1ms 
28694      DEBUG main            d.u.i.k.p.r.p.TestFile    ... success: reloaded. 
28696      INFO  main            d.u.i.k.p.r.p.TestFile    Now processing file /home/runner/work/key/key/key.core/../key.ui/examples/heap/permissions/permissions_setAB.key 
28696      INFO  main            d.u.i.k.p.i.AbstractProblemLoader Loading environment from /home/runner/work/key/key/key.core/../key.ui/examples/heap/permissions/permissions_setAB.key 
28696      DEBUG main            d.u.i.k.p.i.AbstractProblemLoader Environment load took 143.41ns 
28697      INFO  main            d.u.i.k.p.i.AbstractProblemLoader Creating init config 
31763      DEBUG main            d.u.i.k.p.i.AbstractProblemLoader Init config took 3.07s 
31820      INFO  main            d.u.i.k.p.i.AbstractProblemLoader Replaying proof MyClass[MyClass::setAB()].JML normal_behavior operation contract.0 
31822      DEBUG main            d.u.i.k.p.i.IntermediateProofReplayer Proof replay took 6.7ns 
33552      INFO  main            d.u.i.k.p.r.p.TestFile    ... finished proof: closed. 
33739      INFO  main            d.u.i.k.p.i.AbstractProblemLoader Loading environment from /home/runner/work/key/key/key.core/../key.ui/examples/heap/permissions/permissions_setAB.key.proof 
33740      DEBUG main            d.u.i.k.p.i.AbstractProblemLoader Environment load took 391.62ns 
33742      INFO  main            d.u.i.k.p.i.AbstractProblemLoader Creating init config 
36751      DEBUG main            d.u.i.k.p.i.AbstractProblemLoader Init config took 3.01s 
36805      INFO  main            d.u.i.k.p.i.AbstractProblemLoader Replaying proof MyClass[MyClass::setAB()].JML normal_behavior operation contract.0 
37063      DEBUG main            d.u.i.k.p.i.IntermediateProofReplayer Proof replay took 252.33ms 
37065      DEBUG main            d.u.i.k.p.r.p.TestFile    ... success: reloaded. 
37066      INFO  main            d.u.i.k.p.r.p.TestFile    Now processing file /home/runner/work/key/key/key.core/../key.ui/examples/heap/permissions/permissionProperties.key 
37066      INFO  main            d.u.i.k.p.i.AbstractProblemLoader Loading environment from /home/runner/work/key/key/key.core/../key.ui/examples/heap/permissions/permissionProperties.key 
37066      DEBUG main            d.u.i.k.p.i.AbstractProblemLoader Environment load took 209.61ns 
37068      INFO  main            d.u.i.k.p.i.AbstractProblemLoader Creating init config 
37211      DEBUG main            d.u.i.k.j.TypeConverter   No LDT found for Meta 
37211      DEBUG main            d.u.i.k.j.TypeConverter   No LDT found for Meta 
37212      DEBUG main            d.u.i.k.j.TypeConverter   No LDT found for Meta 
37213      DEBUG main            d.u.i.k.j.TypeConverter   No LDT found for Meta 
37784      DEBUG main            d.u.i.k.j.TypeConverter   No LDT found for JavaBigintExpression 
40921      DEBUG main            d.u.i.k.p.i.AbstractProblemLoader Init config took 3.85s 
40943      INFO  main            d.u.i.k.p.i.AbstractProblemLoader Replaying proof permissionProperties.key 
40944      DEBUG main            d.u.i.k.p.i.IntermediateProofReplayer Proof replay took 6.7ns 
41049      INFO  main            d.u.i.k.p.r.p.TestFile    ... finished proof: closed. 
41243      INFO  main            d.u.i.k.p.i.AbstractProblemLoader Loading environment from /home/runner/work/key/key/key.core/../key.ui/examples/heap/permissions/permissionProperties.key.proof 
41243      DEBUG main            d.u.i.k.p.i.AbstractProblemLoader Environment load took 379.62ns 
41245      INFO  main            d.u.i.k.p.i.AbstractProblemLoader Creating init config 
43905      DEBUG main            d.u.i.k.p.i.AbstractProblemLoader Init config took 2.66s 
43926      INFO  main            d.u.i.k.p.i.AbstractProblemLoader Replaying proof permissionProperties.key.proof 
43946      DEBUG main            d.u.i.k.p.i.IntermediateProofReplayer Proof replay took 17.63ms 
43947      DEBUG main            d.u.i.k.p.r.p.TestFile    ... success: reloaded. 
43948      INFO  main            d.u.i.k.p.r.p.TestFile    Now processing file /home/runner/work/key/key/key.core/../key.ui/examples/heap/permissions/threads/AFilter_AFilter.key 
43949      INFO  main            d.u.i.k.p.i.AbstractProblemLoader Loading environment from /home/runner/work/key/key/key.core/../key.ui/examples/heap/permissions/threads/AFilter_AFilter.key 
43949      DEBUG main            d.u.i.k.p.i.AbstractProblemLoader Environment load took 217.81ns 
43950      INFO  main            d.u.i.k.p.i.AbstractProblemLoader Creating init config 
44072      DEBUG main            d.u.i.k.j.TypeConverter   No LDT found for Meta 
44072      DEBUG main            d.u.i.k.j.TypeConverter   No LDT found for Meta 
44073      DEBUG main            d.u.i.k.j.TypeConverter   No LDT found for Meta 
44073      DEBUG main            d.u.i.k.j.TypeConverter   No LDT found for Meta 
44682      DEBUG main            d.u.i.k.j.TypeConverter   No LDT found for JavaBigintExpression 
50517      DEBUG main            d.u.i.k.p.i.AbstractProblemLoader Init config took 6.57s 
50642      INFO  main            d.u.i.k.p.i.AbstractProblemLoader Replaying proof AFilter[AFilter::AFilter(Sampler,Buffer)].JML normal_behavior operation contract.0 
50645      DEBUG main            d.u.i.k.p.i.IntermediateProofReplayer Proof replay took 8.2ns 
51855      INFO  main            d.u.i.k.p.r.p.TestFile    ... finished proof: closed. 
52161      INFO  main            d.u.i.k.p.i.AbstractProblemLoader Loading environment from /home/runner/work/key/key/key.core/../key.ui/examples/heap/permissions/threads/AFilter_AFilter.key.proof 
52162      DEBUG main            d.u.i.k.p.i.AbstractProblemLoader Environment load took 396.02ns 
52163      INFO  main            d.u.i.k.p.i.AbstractProblemLoader Creating init config 
57334      DEBUG main            d.u.i.k.p.i.AbstractProblemLoader Init config took 5.17s 
57440      INFO  main            d.u.i.k.p.i.AbstractProblemLoader Replaying proof AFilter[AFilter::AFilter(Sampler,Buffer)].JML normal_behavior operation contract.0 
57608      DEBUG main            d.u.i.k.p.i.IntermediateProofReplayer Proof replay took 164.06ms 
57610      DEBUG main            d.u.i.k.p.r.p.TestFile    ... success: reloaded. 
57611      INFO  main            d.u.i.k.p.r.p.TestFile    Now processing file /home/runner/work/key/key/key.core/../key.ui/examples/heap/permissions/threads/AFilter_initPost_accessible.key 
57611      INFO  main            d.u.i.k.p.i.AbstractProblemLoader Loading environment from /home/runner/work/key/key/key.core/../key.ui/examples/heap/permissions/threads/AFilter_initPost_accessible.key 
57612      DEBUG main            d.u.i.k.p.i.AbstractProblemLoader Environment load took 200.11ns 
57613      INFO  main            d.u.i.k.p.i.AbstractProblemLoader Creating init config 
62832      DEBUG main            d.u.i.k.p.i.AbstractProblemLoader Init config took 5.22s 
62940      INFO  main            d.u.i.k.p.i.AbstractProblemLoader Replaying proof AFilter[ThreadSpec2::initPost()].JML accessible clause.0 
62942      DEBUG main            d.u.i.k.p.i.IntermediateProofReplayer Proof replay took 6.5ns 
63044      INFO  main            d.u.i.k.p.r.p.TestFile    ... finished proof: closed. 
63270      INFO  main            d.u.i.k.p.i.AbstractProblemLoader Loading environment from /home/runner/work/key/key/key.core/../key.ui/examples/heap/permissions/threads/AFilter_initPost_accessible.key.proof 
63270      DEBUG main            d.u.i.k.p.i.AbstractProblemLoader Environment load took 149.31ns 
63272      INFO  main            d.u.i.k.p.i.AbstractProblemLoader Creating init config 
68435      DEBUG main            d.u.i.k.p.i.AbstractProblemLoader Init config took 5.16s 
68561      INFO  main            d.u.i.k.p.i.AbstractProblemLoader Replaying proof AFilter[ThreadSpec2::initPost()].JML accessible clause.0 
68578      DEBUG main            d.u.i.k.p.i.IntermediateProofReplayer Proof replay took 14.97ms 
68580      DEBUG main            d.u.i.k.p.r.p.TestFile    ... success: reloaded. 
68581      INFO  main            d.u.i.k.p.r.p.TestFile    Now processing file /home/runner/work/key/key/key.core/../key.ui/examples/heap/permissions/threads/AFilter_inv_accessible1.key 
68581      INFO  main            d.u.i.k.p.i.AbstractProblemLoader Loading environment from /home/runner/work/key/key/key.core/../key.ui/examples/heap/permissions/threads/AFilter_inv_accessible1.key 
68582      DEBUG main            d.u.i.k.p.i.AbstractProblemLoader Environment load took 222.21ns 
68583      INFO  main            d.u.i.k.p.i.AbstractProblemLoader Creating init config 
73939      DEBUG main            d.u.i.k.p.i.AbstractProblemLoader Init config took 5.36s 
74046      INFO  main            d.u.i.k.p.i.AbstractProblemLoader Replaying proof AFilter[java.lang.Object::<inv>()].JML accessible clause.0 
74047      DEBUG main            d.u.i.k.p.i.IntermediateProofReplayer Proof replay took 7ns 
74149      INFO  main            d.u.i.k.p.r.p.TestFile    ... finished proof: closed. 
74389      INFO  main            d.u.i.k.p.i.AbstractProblemLoader Loading environment from /home/runner/work/key/key/key.core/../key.ui/examples/heap/permissions/threads/AFilter_inv_accessible1.key.proof 
74390      DEBUG main            d.u.i.k.p.i.AbstractProblemLoader Environment load took 138.31ns 
74391      INFO  main            d.u.i.k.p.i.AbstractProblemLoader Creating init config 
79739      DEBUG main            d.u.i.k.p.i.AbstractProblemLoader Init config took 5.35s 
79847      INFO  main            d.u.i.k.p.i.AbstractProblemLoader Replaying proof AFilter[java.lang.Object::<inv>()].JML accessible clause.0 
79853      DEBUG main            d.u.i.k.p.i.IntermediateProofReplayer Proof replay took 3.37ms 
79854      DEBUG main            d.u.i.k.p.r.p.TestFile    ... success: reloaded. 
79855      INFO  main            d.u.i.k.p.r.p.TestFile    Now processing file /home/runner/work/key/key/key.core/../key.ui/examples/heap/permissions/threads/AFilter_inv_accessible2.key 
79856      INFO  main            d.u.i.k.p.i.AbstractProblemLoader Loading environment from /home/runner/work/key/key/key.core/../key.ui/examples/heap/permissions/threads/AFilter_inv_accessible2.key 
79856      DEBUG main            d.u.i.k.p.i.AbstractProblemLoader Environment load took 166.51ns 
79857      INFO  main            d.u.i.k.p.i.AbstractProblemLoader Creating init config 
85214      DEBUG main            d.u.i.k.p.i.AbstractProblemLoader Init config took 5.36s 
85318      INFO  main            d.u.i.k.p.i.AbstractProblemLoader Replaying proof AFilter[java.lang.Object::<inv>()].JML accessible clause.1 
85320      DEBUG main            d.u.i.k.p.i.IntermediateProofReplayer Proof replay took 7.9ns 
85424      INFO  main            d.u.i.k.p.r.p.TestFile    ... finished proof: closed. 
85669      INFO  main            d.u.i.k.p.i.AbstractProblemLoader Loading environment from /home/runner/work/key/key/key.core/../key.ui/examples/heap/permissions/threads/AFilter_inv_accessible2.key.proof 
85669      DEBUG main            d.u.i.k.p.i.AbstractProblemLoader Environment load took 149.71ns 
85670      INFO  main            d.u.i.k.p.i.AbstractProblemLoader Creating init config 
90993      DEBUG main            d.u.i.k.p.i.AbstractProblemLoader Init config took 5.32s 
91107      INFO  main            d.u.i.k.p.i.AbstractProblemLoader Replaying proof AFilter[java.lang.Object::<inv>()].JML accessible clause.1 
91111      DEBUG main            d.u.i.k.p.i.IntermediateProofReplayer Proof replay took 2.54ms 
91112      DEBUG main            d.u.i.k.p.r.p.TestFile    ... success: reloaded. 
91113      INFO  main            d.u.i.k.p.r.p.TestFile    Now processing file /home/runner/work/key/key/key.core/../key.ui/examples/heap/permissions/threads/AFilter_joinTransfer_accessible.key 
91114      INFO  main            d.u.i.k.p.i.AbstractProblemLoader Loading environment from /home/runner/work/key/key/key.core/../key.ui/examples/heap/permissions/threads/AFilter_joinTransfer_accessible.key 
91114      DEBUG main            d.u.i.k.p.i.AbstractProblemLoader Environment load took 194.01ns 
91115      INFO  main            d.u.i.k.p.i.AbstractProblemLoader Creating init config 
96462      DEBUG main            d.u.i.k.p.i.AbstractProblemLoader Init config took 5.35s 
96555      INFO  main            d.u.i.k.p.i.AbstractProblemLoader Replaying proof AFilter[ThreadSpec2::joinTransfer()].JML accessible clause.0 
96557      DEBUG main            d.u.i.k.p.i.IntermediateProofReplayer Proof replay took 7.3ns 
100704     INFO  main            d.u.i.k.p.r.p.TestFile    ... finished proof: closed. 
100968     INFO  main            d.u.i.k.p.i.AbstractProblemLoader Loading environment from /home/runner/work/key/key/key.core/../key.ui/examples/heap/permissions/threads/AFilter_joinTransfer_accessible.key.proof 
100968     DEBUG main            d.u.i.k.p.i.AbstractProblemLoader Environment load took 146.31ns 
100969     INFO  main            d.u.i.k.p.i.AbstractProblemLoader Creating init config 
106025     DEBUG main            d.u.i.k.p.i.AbstractProblemLoader Init config took 5.06s 
106132     INFO  main            d.u.i.k.p.i.AbstractProblemLoader Replaying proof AFilter[ThreadSpec2::joinTransfer()].JML accessible clause.0 
106525     DEBUG main            d.u.i.k.p.i.IntermediateProofReplayer Proof replay took 383.34ms 
106527     DEBUG main            d.u.i.k.p.r.p.TestFile    ... success: reloaded. 
106528     INFO  main            d.u.i.k.p.r.p.TestFile    Now processing file /home/runner/work/key/key/key.core/../key.ui/examples/heap/permissions/threads/AFilter_joinTransfer_contract.key 
106529     INFO  main            d.u.i.k.p.i.AbstractProblemLoader Loading environment from /home/runner/work/key/key/key.core/../key.ui/examples/heap/permissions/threads/AFilter_joinTransfer_contract.key 
106529     DEBUG main            d.u.i.k.p.i.AbstractProblemLoader Environment load took 201.91ns 
106530     INFO  main            d.u.i.k.p.i.AbstractProblemLoader Creating init config 
111584     DEBUG main            d.u.i.k.p.i.AbstractProblemLoader Init config took 5.05s 
111685     INFO  main            d.u.i.k.p.i.AbstractProblemLoader Replaying proof AFilter[ThreadSpec2::joinTransfer()].JML model_behavior operation contract.0 
111686     DEBUG main            d.u.i.k.p.i.IntermediateProofReplayer Proof replay took 8.3ns 
111789     INFO  main            d.u.i.k.p.r.p.TestFile    ... finished proof: closed. 
112041     INFO  main            d.u.i.k.p.i.AbstractProblemLoader Loading environment from /home/runner/work/key/key/key.core/../key.ui/examples/heap/permissions/threads/AFilter_joinTransfer_contract.key.proof 
112041     DEBUG main            d.u.i.k.p.i.AbstractProblemLoader Environment load took 132.01ns 
112042     INFO  main            d.u.i.k.p.i.AbstractProblemLoader Creating init config 
117097     DEBUG main            d.u.i.k.p.i.AbstractProblemLoader Init config took 5.05s 
117186     INFO  main            d.u.i.k.p.i.AbstractProblemLoader Replaying proof AFilter[ThreadSpec2::joinTransfer()].JML model_behavior operation contract.0 
117203     DEBUG main            d.u.i.k.p.i.IntermediateProofReplayer Proof replay took 13.25ms 
117205     DEBUG main            d.u.i.k.p.r.p.TestFile    ... success: reloaded. 
117207     INFO  main            d.u.i.k.p.r.p.TestFile    Now processing file /home/runner/work/key/key/key.core/../key.ui/examples/heap/permissions/threads/AFilter_postJoin_accessible.key 
117207     INFO  main            d.u.i.k.p.i.AbstractProblemLoader Loading environment from /home/runner/work/key/key/key.core/../key.ui/examples/heap/permissions/threads/AFilter_postJoin_accessible.key 
117207     DEBUG main            d.u.i.k.p.i.AbstractProblemLoader Environment load took 191.81ns 
117208     INFO  main            d.u.i.k.p.i.AbstractProblemLoader Creating init config 
122268     DEBUG main            d.u.i.k.p.i.AbstractProblemLoader Init config took 5.06s 
122364     INFO  main            d.u.i.k.p.i.AbstractProblemLoader Replaying proof AFilter[ThreadSpec2::postJoin(java.lang.Object)].JML accessible clause.0 
122372     DEBUG main            d.u.i.k.p.i.IntermediateProofReplayer Proof replay took 6.5ns 
122474     INFO  main            d.u.i.k.p.r.p.TestFile    ... finished proof: closed. 
122728     INFO  main            d.u.i.k.p.i.AbstractProblemLoader Loading environment from /home/runner/work/key/key/key.core/../key.ui/examples/heap/permissions/threads/AFilter_postJoin_accessible.key.proof 
122728     DEBUG main            d.u.i.k.p.i.AbstractProblemLoader Environment load took 132.31ns 
122731     INFO  main            d.u.i.k.p.i.AbstractProblemLoader Creating init config 
127807     DEBUG main            d.u.i.k.p.i.AbstractProblemLoader Init config took 5.08s 
127896     INFO  main            d.u.i.k.p.i.AbstractProblemLoader Replaying proof AFilter[ThreadSpec2::postJoin(java.lang.Object)].JML accessible clause.0 
127907     DEBUG main            d.u.i.k.p.i.IntermediateProofReplayer Proof replay took 7.49ms 
127908     DEBUG main            d.u.i.k.p.r.p.TestFile    ... success: reloaded. 
127909     INFO  main            d.u.i.k.p.r.p.TestFile    Now processing file /home/runner/work/key/key/key.core/../key.ui/examples/heap/permissions/threads/AFilter_preStart_accessible.key 
127910     INFO  main            d.u.i.k.p.i.AbstractProblemLoader Loading environment from /home/runner/work/key/key/key.core/../key.ui/examples/heap/permissions/threads/AFilter_preStart_accessible.key 
127910     DEBUG main            d.u.i.k.p.i.AbstractProblemLoader Environment load took 102.51ns 
127913     INFO  main            d.u.i.k.p.i.AbstractProblemLoader Creating init config 
133123     DEBUG main            d.u.i.k.p.i.AbstractProblemLoader Init config took 5.21s 
133219     INFO  main            d.u.i.k.p.i.AbstractProblemLoader Replaying proof AFilter[ThreadSpec2::preStart(java.lang.Object)].JML accessible clause.0 
133220     DEBUG main            d.u.i.k.p.i.IntermediateProofReplayer Proof replay took 8.4ns 
133523     INFO  main            d.u.i.k.p.r.p.TestFile    ... finished proof: closed. 
133837     INFO  main            d.u.i.k.p.i.AbstractProblemLoader Loading environment from /home/runner/work/key/key/key.core/../key.ui/examples/heap/permissions/threads/AFilter_preStart_accessible.key.proof 
133838     DEBUG main            d.u.i.k.p.i.AbstractProblemLoader Environment load took 1.04ms 
133839     INFO  main            d.u.i.k.p.i.AbstractProblemLoader Creating init config 
138997     DEBUG main            d.u.i.k.p.i.AbstractProblemLoader Init config took 5.16s 
139108     INFO  main            d.u.i.k.p.i.AbstractProblemLoader Replaying proof AFilter[ThreadSpec2::preStart(java.lang.Object)].JML accessible clause.0 
139148     DEBUG main            d.u.i.k.p.i.IntermediateProofReplayer Proof replay took 36.8ms 
139150     DEBUG main            d.u.i.k.p.r.p.TestFile    ... success: reloaded. 
139151     INFO  main            d.u.i.k.p.r.p.TestFile    Now processing file /home/runner/work/key/key/key.core/../key.ui/examples/heap/permissions/threads/AFilter_startTransfer_accessible.key 
139151     INFO  main            d.u.i.k.p.i.AbstractProblemLoader Loading environment from /home/runner/work/key/key/key.core/../key.ui/examples/heap/permissions/threads/AFilter_startTransfer_accessible.key 
139151     DEBUG main            d.u.i.k.p.i.AbstractProblemLoader Environment load took 201.61ns 
139152     INFO  main            d.u.i.k.p.i.AbstractProblemLoader Creating init config 
144376     DEBUG main            d.u.i.k.p.i.AbstractProblemLoader Init config took 5.22s 
144468     INFO  main            d.u.i.k.p.i.AbstractProblemLoader Replaying proof AFilter[ThreadSpec2::startTransfer()].JML accessible clause.0 
144469     DEBUG main            d.u.i.k.p.i.IntermediateProofReplayer Proof replay took 7.1ns 
162663     INFO  main            d.u.i.k.p.r.p.TestFile    ... finished proof: closed. 
162982     INFO  main            d.u.i.k.p.i.AbstractProblemLoader Loading environment from /home/runner/work/key/key/key.core/../key.ui/examples/heap/permissions/threads/AFilter_startTransfer_accessible.key.proof 
162982     DEBUG main            d.u.i.k.p.i.AbstractProblemLoader Environment load took 390.42ns 
162984     INFO  main            d.u.i.k.p.i.AbstractProblemLoader Creating init config 
168073     DEBUG main            d.u.i.k.p.i.AbstractProblemLoader Init config took 5.09s 
168163     INFO  main            d.u.i.k.p.i.AbstractProblemLoader Replaying proof AFilter[ThreadSpec2::startTransfer()].JML accessible clause.0 
169473     DEBUG main            d.u.i.k.p.i.IntermediateProofReplayer Proof replay took 1.28s 
169475     DEBUG main            d.u.i.k.p.r.p.TestFile    ... success: reloaded. 
169476     INFO  main            d.u.i.k.p.r.p.TestFile    Now processing file /home/runner/work/key/key/key.core/../key.ui/examples/heap/permissions/threads/AFilter_startTransfer_contract.key 
169476     INFO  main            d.u.i.k.p.i.AbstractProblemLoader Loading environment from /home/runner/work/key/key/key.core/../key.ui/examples/heap/permissions/threads/AFilter_startTransfer_contract.key 
169476     DEBUG main            d.u.i.k.p.i.AbstractProblemLoader Environment load took 65.6ns 
169477     INFO  main            d.u.i.k.p.i.AbstractProblemLoader Creating init config 
174617     DEBUG main            d.u.i.k.p.i.AbstractProblemLoader Init config took 5.14s 
174711     INFO  main            d.u.i.k.p.i.AbstractProblemLoader Replaying proof AFilter[ThreadSpec2::startTransfer()].JML model_behavior operation contract.0 
174713     DEBUG main            d.u.i.k.p.i.IntermediateProofReplayer Proof replay took 23.2ns 
175231     INFO  main            d.u.i.k.p.r.p.TestFile    ... finished proof: closed. 
175497     INFO  main            d.u.i.k.p.i.AbstractProblemLoader Loading environment from /home/runner/work/key/key/key.core/../key.ui/examples/heap/permissions/threads/AFilter_startTransfer_contract.key.proof 
175497     DEBUG main            d.u.i.k.p.i.AbstractProblemLoader Environment load took 118.31ns 
175498     INFO  main            d.u.i.k.p.i.AbstractProblemLoader Creating init config 
180442     DEBUG main            d.u.i.k.p.i.AbstractProblemLoader Init config took 4.94s 
180542     INFO  main            d.u.i.k.p.i.AbstractProblemLoader Replaying proof AFilter[ThreadSpec2::startTransfer()].JML model_behavior operation contract.0 
180599     DEBUG main            d.u.i.k.p.i.IntermediateProofReplayer Proof replay took 50.26ms 
180601     DEBUG main            d.u.i.k.p.r.p.TestFile    ... success: reloaded. 
180603     INFO  main            d.u.i.k.p.r.p.TestFile    Now processing file /home/runner/work/key/key/key.core/../key.ui/examples/heap/permissions/threads/AFilter_stateInv_accessible.key 
180603     INFO  main            d.u.i.k.p.i.AbstractProblemLoader Loading environment from /home/runner/work/key/key/key.core/../key.ui/examples/heap/permissions/threads/AFilter_stateInv_accessible.key 
180604     DEBUG main            d.u.i.k.p.i.AbstractProblemLoader Environment load took 216.11ns 
180605     INFO  main            d.u.i.k.p.i.AbstractProblemLoader Creating init config 
185719     DEBUG main            d.u.i.k.p.i.AbstractProblemLoader Init config took 5.11s 
185815     INFO  main            d.u.i.k.p.i.AbstractProblemLoader Replaying proof AFilter[ThreadSpec2::stateInv()].JML accessible clause.0 
185816     DEBUG main            d.u.i.k.p.i.IntermediateProofReplayer Proof replay took 6.3ns 
186119     INFO  main            d.u.i.k.p.r.p.TestFile    ... finished proof: closed. 
186418     INFO  main            d.u.i.k.p.i.AbstractProblemLoader Loading environment from /home/runner/work/key/key/key.core/../key.ui/examples/heap/permissions/threads/AFilter_stateInv_accessible.key.proof 
186418     DEBUG main            d.u.i.k.p.i.AbstractProblemLoader Environment load took 118.71ns 
186420     INFO  main            d.u.i.k.p.i.AbstractProblemLoader Creating init config 
191374     DEBUG main            d.u.i.k.p.i.AbstractProblemLoader Init config took 4.95s 
191463     INFO  main            d.u.i.k.p.i.AbstractProblemLoader Replaying proof AFilter[ThreadSpec2::stateInv()].JML accessible clause.0 
191502     DEBUG main            d.u.i.k.p.i.IntermediateProofReplayer Proof replay took 36.16ms 
191503     DEBUG main            d.u.i.k.p.r.p.TestFile    ... success: reloaded. 
191505     INFO  main            d.u.i.k.p.r.p.TestFile    Now processing file /home/runner/work/key/key/key.core/../key.ui/examples/heap/permissions/threads/AFilter_staticPermissions_accessible.key 
191505     INFO  main            d.u.i.k.p.i.AbstractProblemLoader Loading environment from /home/runner/work/key/key/key.core/../key.ui/examples/heap/permissions/threads/AFilter_staticPermissions_accessible.key 
191505     DEBUG main            d.u.i.k.p.i.AbstractProblemLoader Environment load took 193.61ns 
191506     INFO  main            d.u.i.k.p.i.AbstractProblemLoader Creating init config 
196655     DEBUG main            d.u.i.k.p.i.AbstractProblemLoader Init config took 5.15s 
196745     INFO  main            d.u.i.k.p.i.AbstractProblemLoader Replaying proof AFilter[ThreadSpec2::staticPermissions()].JML accessible clause.0 
196747     DEBUG main            d.u.i.k.p.i.IntermediateProofReplayer Proof replay took 8ns 
196849     INFO  main            d.u.i.k.p.r.p.TestFile    ... finished proof: closed. 
197137     INFO  main            d.u.i.k.p.i.AbstractProblemLoader Loading environment from /home/runner/work/key/key/key.core/../key.ui/examples/heap/permissions/threads/AFilter_staticPermissions_accessible.key.proof 
197137     DEBUG main            d.u.i.k.p.i.AbstractProblemLoader Environment load took 114.61ns 
197138     INFO  main            d.u.i.k.p.i.AbstractProblemLoader Creating init config 
202041     DEBUG main            d.u.i.k.p.i.AbstractProblemLoader Init config took 4.9s 
202131     INFO  main            d.u.i.k.p.i.AbstractProblemLoader Replaying proof AFilter[ThreadSpec2::staticPermissions()].JML accessible clause.0 
202142     DEBUG main            d.u.i.k.p.i.IntermediateProofReplayer Proof replay took 9.33ms 
202143     DEBUG main            d.u.i.k.p.r.p.TestFile    ... success: reloaded. 
202144     INFO  main            d.u.i.k.p.r.p.TestFile    Now processing file /home/runner/work/key/key/key.core/../key.ui/examples/heap/permissions/threads/AFilter_workingPermissions_accessible.key 
202145     INFO  main            d.u.i.k.p.i.AbstractProblemLoader Loading environment from /home/runner/work/key/key/key.core/../key.ui/examples/heap/permissions/threads/AFilter_workingPermissions_accessible.key 
202145     DEBUG main            d.u.i.k.p.i.AbstractProblemLoader Environment load took 123.31ns 
202146     INFO  main            d.u.i.k.p.i.AbstractProblemLoader Creating init config 
207187     DEBUG main            d.u.i.k.p.i.AbstractProblemLoader Init config took 5.04s 
207293     INFO  main            d.u.i.k.p.i.AbstractProblemLoader Replaying proof AFilter[ThreadSpec2::workingPermissions()].JML accessible clause.0 
207295     DEBUG main            d.u.i.k.p.i.IntermediateProofReplayer Proof replay took 7.2ns 
207397     INFO  main            d.u.i.k.p.r.p.TestFile    ... finished proof: closed. 
207688     INFO  main            d.u.i.k.p.i.AbstractProblemLoader Loading environment from /home/runner/work/key/key/key.core/../key.ui/examples/heap/permissions/threads/AFilter_workingPermissions_accessible.key.proof 
207688     DEBUG main            d.u.i.k.p.i.AbstractProblemLoader Environment load took 206.11ns 
207689     INFO  main            d.u.i.k.p.i.AbstractProblemLoader Creating init config 
212586     DEBUG main            d.u.i.k.p.i.AbstractProblemLoader Init config took 4.9s 
212677     INFO  main            d.u.i.k.p.i.AbstractProblemLoader Replaying proof AFilter[ThreadSpec2::workingPermissions()].JML accessible clause.0 
212687     DEBUG main            d.u.i.k.p.i.IntermediateProofReplayer Proof replay took 8.24ms 
212688     DEBUG main            d.u.i.k.p.r.p.TestFile    ... success: reloaded. 
212689     INFO  main            d.u.i.k.p.r.p.TestFile    Now processing file /home/runner/work/key/key/key.core/../key.ui/examples/heap/permissions/threads/BFilter_BFilter.key 
212689     INFO  main            d.u.i.k.p.i.AbstractProblemLoader Loading environment from /home/runner/work/key/key/key.core/../key.ui/examples/heap/permissions/threads/BFilter_BFilter.key 
212689     DEBUG main            d.u.i.k.p.i.AbstractProblemLoader Environment load took 66.61ns 
212690     INFO  main            d.u.i.k.p.i.AbstractProblemLoader Creating init config 
217909     DEBUG main            d.u.i.k.p.i.AbstractProblemLoader Init config took 5.22s 
218000     INFO  main            d.u.i.k.p.i.AbstractProblemLoader Replaying proof BFilter[BFilter::BFilter(Sampler,Buffer)].JML normal_behavior operation contract.0 
218001     DEBUG main            d.u.i.k.p.i.IntermediateProofReplayer Proof replay took 6.9ns 
219009     INFO  main            d.u.i.k.p.r.p.TestFile    ... finished proof: closed. 
219325     INFO  main            d.u.i.k.p.i.AbstractProblemLoader Loading environment from /home/runner/work/key/key/key.core/../key.ui/examples/heap/permissions/threads/BFilter_BFilter.key.proof 
219326     DEBUG main            d.u.i.k.p.i.AbstractProblemLoader Environment load took 699.74ns 
219327     INFO  main            d.u.i.k.p.i.AbstractProblemLoader Creating init config 
224306     DEBUG main            d.u.i.k.p.i.AbstractProblemLoader Init config took 4.98s 
224392     INFO  main            d.u.i.k.p.i.AbstractProblemLoader Replaying proof BFilter[BFilter::BFilter(Sampler,Buffer)].JML normal_behavior operation contract.0 
224548     DEBUG main            d.u.i.k.p.i.IntermediateProofReplayer Proof replay took 152.76ms 
224549     DEBUG main            d.u.i.k.p.r.p.TestFile    ... success: reloaded. 
224550     INFO  main            d.u.i.k.p.r.p.TestFile    Now processing file /home/runner/work/key/key/key.core/../key.ui/examples/heap/permissions/threads/BFilter_initPost_accessible.key 
224551     INFO  main            d.u.i.k.p.i.AbstractProblemLoader Loading environment from /home/runner/work/key/key/key.core/../key.ui/examples/heap/permissions/threads/BFilter_initPost_accessible.key 
224551     DEBUG main            d.u.i.k.p.i.AbstractProblemLoader Environment load took 202.91ns 
224552     INFO  main            d.u.i.k.p.i.AbstractProblemLoader Creating init config 
229605     DEBUG main            d.u.i.k.p.i.AbstractProblemLoader Init config took 5.05s 
229696     INFO  main            d.u.i.k.p.i.AbstractProblemLoader Replaying proof BFilter[ThreadSpec2::initPost()].JML accessible clause.0 
229697     DEBUG main            d.u.i.k.p.i.IntermediateProofReplayer Proof replay took 6.6ns 
229799     INFO  main            d.u.i.k.p.r.p.TestFile    ... finished proof: closed. 
230144     INFO  main            d.u.i.k.p.i.AbstractProblemLoader Loading environment from /home/runner/work/key/key/key.core/../key.ui/examples/heap/permissions/threads/BFilter_initPost_accessible.key.proof 
230144     DEBUG main            d.u.i.k.p.i.AbstractProblemLoader Environment load took 153.01ns 
230145     INFO  main            d.u.i.k.p.i.AbstractProblemLoader Creating init config 
235205     DEBUG main            d.u.i.k.p.i.AbstractProblemLoader Init config took 5.06s 
235298     INFO  main            d.u.i.k.p.i.AbstractProblemLoader Replaying proof BFilter[ThreadSpec2::initPost()].JML accessible clause.0 
235311     DEBUG main            d.u.i.k.p.i.IntermediateProofReplayer Proof replay took 11.77ms 
235312     DEBUG main            d.u.i.k.p.r.p.TestFile    ... success: reloaded. 
235313     INFO  main            d.u.i.k.p.r.p.TestFile    Now processing file /home/runner/work/key/key/key.core/../key.ui/examples/heap/permissions/threads/BFilter_inv_accessible1.key 
235313     INFO  main            d.u.i.k.p.i.AbstractProblemLoader Loading environment from /home/runner/work/key/key/key.core/../key.ui/examples/heap/permissions/threads/BFilter_inv_accessible1.key 
235314     DEBUG main            d.u.i.k.p.i.AbstractProblemLoader Environment load took 149.91ns 
235316     INFO  main            d.u.i.k.p.i.AbstractProblemLoader Creating init config 
240370     DEBUG main            d.u.i.k.p.i.AbstractProblemLoader Init config took 5.05s 
240474     INFO  main            d.u.i.k.p.i.AbstractProblemLoader Replaying proof BFilter[java.lang.Object::<inv>()].JML accessible clause.0 
240475     DEBUG main            d.u.i.k.p.i.IntermediateProofReplayer Proof replay took 6.6ns 
240577     INFO  main            d.u.i.k.p.r.p.TestFile    ... finished proof: closed. 
240893     INFO  main            d.u.i.k.p.i.AbstractProblemLoader Loading environment from /home/runner/work/key/key/key.core/../key.ui/examples/heap/permissions/threads/BFilter_inv_accessible1.key.proof 
240893     DEBUG main            d.u.i.k.p.i.AbstractProblemLoader Environment load took 109.91ns 
240894     INFO  main            d.u.i.k.p.i.AbstractProblemLoader Creating init config 
245816     DEBUG main            d.u.i.k.p.i.AbstractProblemLoader Init config took 4.92s 
245925     INFO  main            d.u.i.k.p.i.AbstractProblemLoader Replaying proof BFilter[java.lang.Object::<inv>()].JML accessible clause.0 
245929     DEBUG main            d.u.i.k.p.i.IntermediateProofReplayer Proof replay took 2.02ms 
245930     DEBUG main            d.u.i.k.p.r.p.TestFile    ... success: reloaded. 
245931     INFO  main            d.u.i.k.p.r.p.TestFile    Now processing file /home/runner/work/key/key/key.core/../key.ui/examples/heap/permissions/threads/BFilter_inv_accessible2.key 
245932     INFO  main            d.u.i.k.p.i.AbstractProblemLoader Loading environment from /home/runner/work/key/key/key.core/../key.ui/examples/heap/permissions/threads/BFilter_inv_accessible2.key 
245932     DEBUG main            d.u.i.k.p.i.AbstractProblemLoader Environment load took 206.01ns 
245933     INFO  main            d.u.i.k.p.i.AbstractProblemLoader Creating init config 
251200     DEBUG main            d.u.i.k.p.i.AbstractProblemLoader Init config took 5.27s 
251289     INFO  main            d.u.i.k.p.i.AbstractProblemLoader Replaying proof BFilter[java.lang.Object::<inv>()].JML accessible clause.1 
251290     DEBUG main            d.u.i.k.p.i.IntermediateProofReplayer Proof replay took 6.4ns 
251395     INFO  main            d.u.i.k.p.r.p.TestFile    ... finished proof: closed. 
251718     INFO  main            d.u.i.k.p.i.AbstractProblemLoader Loading environment from /home/runner/work/key/key/key.core/../key.ui/examples/heap/permissions/threads/BFilter_inv_accessible2.key.proof 
251718     DEBUG main            d.u.i.k.p.i.AbstractProblemLoader Environment load took 111.51ns 
251719     INFO  main            d.u.i.k.p.i.AbstractProblemLoader Creating init config 
256736     DEBUG main            d.u.i.k.p.i.AbstractProblemLoader Init config took 5.02s 
256829     INFO  main            d.u.i.k.p.i.AbstractProblemLoader Replaying proof BFilter[java.lang.Object::<inv>()].JML accessible clause.1 
256833     DEBUG main            d.u.i.k.p.i.IntermediateProofReplayer Proof replay took 2.26ms 
256834     DEBUG main            d.u.i.k.p.r.p.TestFile    ... success: reloaded. 
256835     INFO  main            d.u.i.k.p.r.p.TestFile    Now processing file /home/runner/work/key/key/key.core/../key.ui/examples/heap/permissions/threads/BFilter_joinTransfer_accessible.key 
256835     INFO  main            d.u.i.k.p.i.AbstractProblemLoader Loading environment from /home/runner/work/key/key/key.core/../key.ui/examples/heap/permissions/threads/BFilter_joinTransfer_accessible.key 
256836     DEBUG main            d.u.i.k.p.i.AbstractProblemLoader Environment load took 74.61ns 
256836     INFO  main            d.u.i.k.p.i.AbstractProblemLoader Creating init config 
261882     DEBUG main            d.u.i.k.p.i.AbstractProblemLoader Init config took 5.05s 
261974     INFO  main            d.u.i.k.p.i.AbstractProblemLoader Replaying proof BFilter[ThreadSpec2::joinTransfer()].JML accessible clause.0 
261976     DEBUG main            d.u.i.k.p.i.IntermediateProofReplayer Proof replay took 7.2ns 
266084     INFO  main            d.u.i.k.p.r.p.TestFile    ... finished proof: closed. 
266442     INFO  main            d.u.i.k.p.i.AbstractProblemLoader Loading environment from /home/runner/work/key/key/key.core/../key.ui/examples/heap/permissions/threads/BFilter_joinTransfer_accessible.key.proof 
266442     DEBUG main            d.u.i.k.p.i.AbstractProblemLoader Environment load took 362.72ns 
266444     INFO  main            d.u.i.k.p.i.AbstractProblemLoader Creating init config 
271410     DEBUG main            d.u.i.k.p.i.AbstractProblemLoader Init config took 4.97s 
271513     INFO  main            d.u.i.k.p.i.AbstractProblemLoader Replaying proof BFilter[ThreadSpec2::joinTransfer()].JML accessible clause.0 
271830     DEBUG main            d.u.i.k.p.i.IntermediateProofReplayer Proof replay took 310.82ms 
271832     DEBUG main            d.u.i.k.p.r.p.TestFile    ... success: reloaded. 
271834     INFO  main            d.u.i.k.p.r.p.TestFile    Now processing file /home/runner/work/key/key/key.core/../key.ui/examples/heap/permissions/threads/BFilter_joinTransfer_contract.key 
271834     INFO  main            d.u.i.k.p.i.AbstractProblemLoader Loading environment from /home/runner/work/key/key/key.core/../key.ui/examples/heap/permissions/threads/BFilter_joinTransfer_contract.key 
271834     DEBUG main            d.u.i.k.p.i.AbstractProblemLoader Environment load took 203.21ns 
271835     INFO  main            d.u.i.k.p.i.AbstractProblemLoader Creating init config 
276955     DEBUG main            d.u.i.k.p.i.AbstractProblemLoader Init config took 5.12s 
277074     INFO  main            d.u.i.k.p.i.AbstractProblemLoader Replaying proof BFilter[ThreadSpec2::joinTransfer()].JML model_behavior operation contract.0 
277076     DEBUG main            d.u.i.k.p.i.IntermediateProofReplayer Proof replay took 7.4ns 
277181     INFO  main            d.u.i.k.p.r.p.TestFile    ... finished proof: closed. 
277528     INFO  main            d.u.i.k.p.i.AbstractProblemLoader Loading environment from /home/runner/work/key/key/key.core/../key.ui/examples/heap/permissions/threads/BFilter_joinTransfer_contract.key.proof 
277528     DEBUG main            d.u.i.k.p.i.AbstractProblemLoader Environment load took 112.41ns 
277529     INFO  main            d.u.i.k.p.i.AbstractProblemLoader Creating init config 
282537     DEBUG main            d.u.i.k.p.i.AbstractProblemLoader Init config took 5.01s 
282642     INFO  main            d.u.i.k.p.i.AbstractProblemLoader Replaying proof BFilter[ThreadSpec2::joinTransfer()].JML model_behavior operation contract.0 
282652     DEBUG main            d.u.i.k.p.i.IntermediateProofReplayer Proof replay took 7.88ms 
282654     DEBUG main            d.u.i.k.p.r.p.TestFile    ... success: reloaded. 
282655     INFO  main            d.u.i.k.p.r.p.TestFile    Now processing file /home/runner/work/key/key/key.core/../key.ui/examples/heap/permissions/threads/BFilter_postJoin_accessible.key 
282655     INFO  main            d.u.i.k.p.i.AbstractProblemLoader Loading environment from /home/runner/work/key/key/key.core/../key.ui/examples/heap/permissions/threads/BFilter_postJoin_accessible.key 
282655     DEBUG main            d.u.i.k.p.i.AbstractProblemLoader Environment load took 185.21ns 
282657     INFO  main            d.u.i.k.p.i.AbstractProblemLoader Creating init config 
287685     DEBUG main            d.u.i.k.p.i.AbstractProblemLoader Init config took 5.03s 
287771     INFO  main            d.u.i.k.p.i.AbstractProblemLoader Replaying proof BFilter[ThreadSpec2::postJoin(java.lang.Object)].JML accessible clause.0 
287773     DEBUG main            d.u.i.k.p.i.IntermediateProofReplayer Proof replay took 7.2ns 
287877     INFO  main            d.u.i.k.p.r.p.TestFile    ... finished proof: closed. 
288231     INFO  main            d.u.i.k.p.i.AbstractProblemLoader Loading environment from /home/runner/work/key/key/key.core/../key.ui/examples/heap/permissions/threads/BFilter_postJoin_accessible.key.proof 
288231     DEBUG main            d.u.i.k.p.i.AbstractProblemLoader Environment load took 102.21ns 
288232     INFO  main            d.u.i.k.p.i.AbstractProblemLoader Creating init config 
293227     DEBUG main            d.u.i.k.p.i.AbstractProblemLoader Init config took 4.99s 
293317     INFO  main            d.u.i.k.p.i.AbstractProblemLoader Replaying proof BFilter[ThreadSpec2::postJoin(java.lang.Object)].JML accessible clause.0 
293325     DEBUG main            d.u.i.k.p.i.IntermediateProofReplayer Proof replay took 6.75ms 
293326     DEBUG main            d.u.i.k.p.r.p.TestFile    ... success: reloaded. 
293327     INFO  main            d.u.i.k.p.r.p.TestFile    Now processing file /home/runner/work/key/key/key.core/../key.ui/examples/heap/permissions/threads/BFilter_preStart_accessible.key 
293327     INFO  main            d.u.i.k.p.i.AbstractProblemLoader Loading environment from /home/runner/work/key/key/key.core/../key.ui/examples/heap/permissions/threads/BFilter_preStart_accessible.key 
293327     DEBUG main            d.u.i.k.p.i.AbstractProblemLoader Environment load took 117.01ns 
293328     INFO  main            d.u.i.k.p.i.AbstractProblemLoader Creating init config 
298304     DEBUG main            d.u.i.k.p.i.AbstractProblemLoader Init config took 4.98s 
298392     INFO  main            d.u.i.k.p.i.AbstractProblemLoader Replaying proof BFilter[ThreadSpec2::preStart(java.lang.Object)].JML accessible clause.0 
298393     DEBUG main            d.u.i.k.p.i.IntermediateProofReplayer Proof replay took 6.8ns 
298696     INFO  main            d.u.i.k.p.r.p.TestFile    ... finished proof: closed. 
299061     INFO  main            d.u.i.k.p.i.AbstractProblemLoader Loading environment from /home/runner/work/key/key/key.core/../key.ui/examples/heap/permissions/threads/BFilter_preStart_accessible.key.proof 
299061     DEBUG main            d.u.i.k.p.i.AbstractProblemLoader Environment load took 99.91ns 
299062     INFO  main            d.u.i.k.p.i.AbstractProblemLoader Creating init config 
304052     DEBUG main            d.u.i.k.p.i.AbstractProblemLoader Init config took 4.99s 
304160     INFO  main            d.u.i.k.p.i.AbstractProblemLoader Replaying proof BFilter[ThreadSpec2::preStart(java.lang.Object)].JML accessible clause.0 
304195     DEBUG main            d.u.i.k.p.i.IntermediateProofReplayer Proof replay took 32.65ms 
304196     DEBUG main            d.u.i.k.p.r.p.TestFile    ... success: reloaded. 
304197     INFO  main            d.u.i.k.p.r.p.TestFile    Now processing file /home/runner/work/key/key/key.core/../key.ui/examples/heap/permissions/threads/BFilter_startTransfer_accessible.key 
304197     INFO  main            d.u.i.k.p.i.AbstractProblemLoader Loading environment from /home/runner/work/key/key/key.core/../key.ui/examples/heap/permissions/threads/BFilter_startTransfer_accessible.key 
304197     DEBUG main            d.u.i.k.p.i.AbstractProblemLoader Environment load took 84.7ns 
304198     INFO  main            d.u.i.k.p.i.AbstractProblemLoader Creating init config 
309229     DEBUG main            d.u.i.k.p.i.AbstractProblemLoader Init config took 5.03s 
309316     INFO  main            d.u.i.k.p.i.AbstractProblemLoader Replaying proof BFilter[ThreadSpec2::startTransfer()].JML accessible clause.0 
309318     DEBUG main            d.u.i.k.p.i.IntermediateProofReplayer Proof replay took 7ns 
327083     INFO  main            d.u.i.k.p.r.p.TestFile    ... finished proof: closed. 
327468     INFO  main            d.u.i.k.p.i.AbstractProblemLoader Loading environment from /home/runner/work/key/key/key.core/../key.ui/examples/heap/permissions/threads/BFilter_startTransfer_accessible.key.proof 
327469     DEBUG main            d.u.i.k.p.i.AbstractProblemLoader Environment load took 369.02ns 
327471     INFO  main            d.u.i.k.p.i.AbstractProblemLoader Creating init config 
332415     DEBUG main            d.u.i.k.p.i.AbstractProblemLoader Init config took 4.94s 
332530     INFO  main            d.u.i.k.p.i.AbstractProblemLoader Replaying proof BFilter[ThreadSpec2::startTransfer()].JML accessible clause.0 
333803     DEBUG main            d.u.i.k.p.i.IntermediateProofReplayer Proof replay took 1.25s 
333805     DEBUG main            d.u.i.k.p.r.p.TestFile    ... success: reloaded. 
333806     INFO  main            d.u.i.k.p.r.p.TestFile    Now processing file /home/runner/work/key/key/key.core/../key.ui/examples/heap/permissions/threads/BFilter_startTransfer_contract.key 
333806     INFO  main            d.u.i.k.p.i.AbstractProblemLoader Loading environment from /home/runner/work/key/key/key.core/../key.ui/examples/heap/permissions/threads/BFilter_startTransfer_contract.key 
333807     DEBUG main            d.u.i.k.p.i.AbstractProblemLoader Environment load took 100.51ns 
333807     INFO  main            d.u.i.k.p.i.AbstractProblemLoader Creating init config 
338939     DEBUG main            d.u.i.k.p.i.AbstractProblemLoader Init config took 5.13s 
339032     INFO  main            d.u.i.k.p.i.AbstractProblemLoader Replaying proof BFilter[ThreadSpec2::startTransfer()].JML model_behavior operation contract.0 
339034     DEBUG main            d.u.i.k.p.i.IntermediateProofReplayer Proof replay took 6.4ns 
340140     INFO  main            d.u.i.k.p.r.p.TestFile    ... finished proof: closed. 
340516     INFO  main            d.u.i.k.p.i.AbstractProblemLoader Loading environment from /home/runner/work/key/key/key.core/../key.ui/examples/heap/permissions/threads/BFilter_startTransfer_contract.key.proof 
340516     DEBUG main            d.u.i.k.p.i.AbstractProblemLoader Environment load took 360.12ns 
340517     INFO  main            d.u.i.k.p.i.AbstractProblemLoader Creating init config 
345537     DEBUG main            d.u.i.k.p.i.AbstractProblemLoader Init config took 5.02s 
345624     INFO  main            d.u.i.k.p.i.AbstractProblemLoader Replaying proof BFilter[ThreadSpec2::startTransfer()].JML model_behavior operation contract.0 
345725     DEBUG main            d.u.i.k.p.i.IntermediateProofReplayer Proof replay took 96.11ms 
345727     DEBUG main            d.u.i.k.p.r.p.TestFile    ... success: reloaded. 
345728     INFO  main            d.u.i.k.p.r.p.TestFile    Now processing file /home/runner/work/key/key/key.core/../key.ui/examples/heap/permissions/threads/BFilter_stateInv_accessible.key 
345728     INFO  main            d.u.i.k.p.i.AbstractProblemLoader Loading environment from /home/runner/work/key/key/key.core/../key.ui/examples/heap/permissions/threads/BFilter_stateInv_accessible.key 
345728     DEBUG main            d.u.i.k.p.i.AbstractProblemLoader Environment load took 61.7ns 
345729     INFO  main            d.u.i.k.p.i.AbstractProblemLoader Creating init config 
350727     DEBUG main            d.u.i.k.p.i.AbstractProblemLoader Init config took 5s 
350820     INFO  main            d.u.i.k.p.i.AbstractProblemLoader Replaying proof BFilter[ThreadSpec2::stateInv()].JML accessible clause.0 
350822     DEBUG main            d.u.i.k.p.i.IntermediateProofReplayer Proof replay took 6.5ns 
351124     INFO  main            d.u.i.k.p.r.p.TestFile    ... finished proof: closed. 
351513     INFO  main            d.u.i.k.p.i.AbstractProblemLoader Loading environment from /home/runner/work/key/key/key.core/../key.ui/examples/heap/permissions/threads/BFilter_stateInv_accessible.key.proof 
351514     DEBUG main            d.u.i.k.p.i.AbstractProblemLoader Environment load took 115.11ns 
351514     INFO  main            d.u.i.k.p.i.AbstractProblemLoader Creating init config 
356626     DEBUG main            d.u.i.k.p.i.AbstractProblemLoader Init config took 5.11s 
356720     INFO  main            d.u.i.k.p.i.AbstractProblemLoader Replaying proof BFilter[ThreadSpec2::stateInv()].JML accessible clause.0 
356766     DEBUG main            d.u.i.k.p.i.IntermediateProofReplayer Proof replay took 44.28ms 
356767     DEBUG main            d.u.i.k.p.r.p.TestFile    ... success: reloaded. 
356768     INFO  main            d.u.i.k.p.r.p.TestFile    Now processing file /home/runner/work/key/key/key.core/../key.ui/examples/heap/permissions/threads/BFilter_staticPermissions_accessible.key 
356768     INFO  main            d.u.i.k.p.i.AbstractProblemLoader Loading environment from /home/runner/work/key/key/key.core/../key.ui/examples/heap/permissions/threads/BFilter_staticPermissions_accessible.key 
356768     DEBUG main            d.u.i.k.p.i.AbstractProblemLoader Environment load took 50.7ns 
356769     INFO  main            d.u.i.k.p.i.AbstractProblemLoader Creating init config 
361923     DEBUG main            d.u.i.k.p.i.AbstractProblemLoader Init config took 5.15s 
362018     INFO  main            d.u.i.k.p.i.AbstractProblemLoader Replaying proof BFilter[ThreadSpec2::staticPermissions()].JML accessible clause.0 
362019     DEBUG main            d.u.i.k.p.i.IntermediateProofReplayer Proof replay took 7.4ns 
362121     INFO  main            d.u.i.k.p.r.p.TestFile    ... finished proof: closed. 
362522     INFO  main            d.u.i.k.p.i.AbstractProblemLoader Loading environment from /home/runner/work/key/key/key.core/../key.ui/examples/heap/permissions/threads/BFilter_staticPermissions_accessible.key.proof 
362522     DEBUG main            d.u.i.k.p.i.AbstractProblemLoader Environment load took 109.61ns 
362523     INFO  main            d.u.i.k.p.i.AbstractProblemLoader Creating init config 
367498     DEBUG main            d.u.i.k.p.i.AbstractProblemLoader Init config took 4.98s 
367594     INFO  main            d.u.i.k.p.i.AbstractProblemLoader Replaying proof BFilter[ThreadSpec2::staticPermissions()].JML accessible clause.0 
367604     DEBUG main            d.u.i.k.p.i.IntermediateProofReplayer Proof replay took 8.54ms 
367605     DEBUG main            d.u.i.k.p.r.p.TestFile    ... success: reloaded. 
367606     INFO  main            d.u.i.k.p.r.p.TestFile    Now processing file /home/runner/work/key/key/key.core/../key.ui/examples/heap/permissions/threads/BFilter_workingPermissions_accessible.key 
367607     INFO  main            d.u.i.k.p.i.AbstractProblemLoader Loading environment from /home/runner/work/key/key/key.core/../key.ui/examples/heap/permissions/threads/BFilter_workingPermissions_accessible.key 
367607     DEBUG main            d.u.i.k.p.i.AbstractProblemLoader Environment load took 120.71ns 
367608     INFO  main            d.u.i.k.p.i.AbstractProblemLoader Creating init config 
372706     DEBUG main            d.u.i.k.p.i.AbstractProblemLoader Init config took 5.1s 
372802     INFO  main            d.u.i.k.p.i.AbstractProblemLoader Replaying proof BFilter[ThreadSpec2::workingPermissions()].JML accessible clause.0 
372803     DEBUG main            d.u.i.k.p.i.IntermediateProofReplayer Proof replay took 7ns 
372905     INFO  main            d.u.i.k.p.r.p.TestFile    ... finished proof: closed. 
373292     INFO  main            d.u.i.k.p.i.AbstractProblemLoader Loading environment from /home/runner/work/key/key/key.core/../key.ui/examples/heap/permissions/threads/BFilter_workingPermissions_accessible.key.proof 
373292     DEBUG main            d.u.i.k.p.i.AbstractProblemLoader Environment load took 116.31ns 
373293     INFO  main            d.u.i.k.p.i.AbstractProblemLoader Creating init config 
378321     DEBUG main            d.u.i.k.p.i.AbstractProblemLoader Init config took 5.03s 
378415     INFO  main            d.u.i.k.p.i.AbstractProblemLoader Replaying proof BFilter[ThreadSpec2::workingPermissions()].JML accessible clause.0 
378424     DEBUG main            d.u.i.k.p.i.IntermediateProofReplayer Proof replay took 7.72ms 
378425     DEBUG main            d.u.i.k.p.r.p.TestFile    ... success: reloaded. 
378425     INFO  main            d.u.i.k.p.r.p.TestFile    Now processing file /home/runner/work/key/key/key.core/../key.ui/examples/heap/permissions/threads/Fib_Fib.key 
378426     INFO  main            d.u.i.k.p.i.AbstractProblemLoader Loading environment from /home/runner/work/key/key/key.core/../key.ui/examples/heap/permissions/threads/Fib_Fib.key 
378426     DEBUG main            d.u.i.k.p.i.AbstractProblemLoader Environment load took 84.11ns 
378427     INFO  main            d.u.i.k.p.i.AbstractProblemLoader Creating init config 
383386     DEBUG main            d.u.i.k.p.i.AbstractProblemLoader Init config took 4.96s 
383497     INFO  main            d.u.i.k.p.i.AbstractProblemLoader Replaying proof Fib[Fib::Fib(int)].JML normal_behavior operation contract.0 
383499     DEBUG main            d.u.i.k.p.i.IntermediateProofReplayer Proof replay took 7.3ns 
384202     INFO  main            d.u.i.k.p.r.p.TestFile    ... finished proof: closed. 
384642     INFO  main            d.u.i.k.p.i.AbstractProblemLoader Loading environment from /home/runner/work/key/key/key.core/../key.ui/examples/heap/permissions/threads/Fib_Fib.key.proof 
384642     DEBUG main            d.u.i.k.p.i.AbstractProblemLoader Environment load took 124.21ns 
384644     INFO  main            d.u.i.k.p.i.AbstractProblemLoader Creating init config 
389584     DEBUG main            d.u.i.k.p.i.AbstractProblemLoader Init config took 4.94s 
389671     INFO  main            d.u.i.k.p.i.AbstractProblemLoader Replaying proof Fib[Fib::Fib(int)].JML normal_behavior operation contract.0 
389769     DEBUG main            d.u.i.k.p.i.IntermediateProofReplayer Proof replay took 95.11ms 
389770     DEBUG main            d.u.i.k.p.r.p.TestFile    ... success: reloaded. 
389771     INFO  main            d.u.i.k.p.r.p.TestFile    Now processing file /home/runner/work/key/key/key.core/../key.ui/examples/heap/permissions/threads/Fib_initPost_accessible.key 
389771     INFO  main            d.u.i.k.p.i.AbstractProblemLoader Loading environment from /home/runner/work/key/key/key.core/../key.ui/examples/heap/permissions/threads/Fib_initPost_accessible.key 
389771     DEBUG main            d.u.i.k.p.i.AbstractProblemLoader Environment load took 91.81ns 
389772     INFO  main            d.u.i.k.p.i.AbstractProblemLoader Creating init config 
394842     DEBUG main            d.u.i.k.p.i.AbstractProblemLoader Init config took 5.07s 
394931     INFO  main            d.u.i.k.p.i.AbstractProblemLoader Replaying proof Fib[ThreadSpec::initPost()].JML accessible clause.0 
394933     DEBUG main            d.u.i.k.p.i.IntermediateProofReplayer Proof replay took 6.5ns 
395034     INFO  main            d.u.i.k.p.r.p.TestFile    ... finished proof: closed. 
395427     INFO  main            d.u.i.k.p.i.AbstractProblemLoader Loading environment from /home/runner/work/key/key/key.core/../key.ui/examples/heap/permissions/threads/Fib_initPost_accessible.key.proof 
395427     DEBUG main            d.u.i.k.p.i.AbstractProblemLoader Environment load took 103.11ns 
395428     INFO  main            d.u.i.k.p.i.AbstractProblemLoader Creating init config 
400308     DEBUG main            d.u.i.k.p.i.AbstractProblemLoader Init config took 4.88s 
400410     INFO  main            d.u.i.k.p.i.AbstractProblemLoader Replaying proof Fib[ThreadSpec::initPost()].JML accessible clause.0 
400417     DEBUG main            d.u.i.k.p.i.IntermediateProofReplayer Proof replay took 5.35ms 
400418     DEBUG main            d.u.i.k.p.r.p.TestFile    ... success: reloaded. 
400419     INFO  main            d.u.i.k.p.r.p.TestFile    Now processing file /home/runner/work/key/key/key.core/../key.ui/examples/heap/permissions/threads/Fib_inv1_accessible.key 
400419     INFO  main            d.u.i.k.p.i.AbstractProblemLoader Loading environment from /home/runner/work/key/key/key.core/../key.ui/examples/heap/permissions/threads/Fib_inv1_accessible.key 
400419     DEBUG main            d.u.i.k.p.i.AbstractProblemLoader Environment load took 100.51ns 
400420     INFO  main            d.u.i.k.p.i.AbstractProblemLoader Creating init config 
405423     DEBUG main            d.u.i.k.p.i.AbstractProblemLoader Init config took 5s 
405509     INFO  main            d.u.i.k.p.i.AbstractProblemLoader Replaying proof Fib[java.lang.Object::<inv>()].JML accessible clause.0 
405510     DEBUG main            d.u.i.k.p.i.IntermediateProofReplayer Proof replay took 7.2ns 
405612     INFO  main            d.u.i.k.p.r.p.TestFile    ... finished proof: closed. 
406016     INFO  main            d.u.i.k.p.i.AbstractProblemLoader Loading environment from /home/runner/work/key/key/key.core/../key.ui/examples/heap/permissions/threads/Fib_inv1_accessible.key.proof 
406016     DEBUG main            d.u.i.k.p.i.AbstractProblemLoader Environment load took 112.11ns 
406017     INFO  main            d.u.i.k.p.i.AbstractProblemLoader Creating init config 
411022     DEBUG main            d.u.i.k.p.i.AbstractProblemLoader Init config took 5.01s 
411111     INFO  main            d.u.i.k.p.i.AbstractProblemLoader Replaying proof Fib[java.lang.Object::<inv>()].JML accessible clause.0 
411114     DEBUG main            d.u.i.k.p.i.IntermediateProofReplayer Proof replay took 1.66ms 
411115     DEBUG main            d.u.i.k.p.r.p.TestFile    ... success: reloaded. 
411116     INFO  main            d.u.i.k.p.r.p.TestFile    Now processing file /home/runner/work/key/key/key.core/../key.ui/examples/heap/permissions/threads/Fib_inv2_accessible.key 
411116     INFO  main            d.u.i.k.p.i.AbstractProblemLoader Loading environment from /home/runner/work/key/key/key.core/../key.ui/examples/heap/permissions/threads/Fib_inv2_accessible.key 
411116     DEBUG main            d.u.i.k.p.i.AbstractProblemLoader Environment load took 96.41ns 
411117     INFO  main            d.u.i.k.p.i.AbstractProblemLoader Creating init config 
416118     DEBUG main            d.u.i.k.p.i.AbstractProblemLoader Init config took 5s 
416239     INFO  main            d.u.i.k.p.i.AbstractProblemLoader Replaying proof Fib[java.lang.Object::<inv>()].JML accessible clause.1 
416240     DEBUG main            d.u.i.k.p.i.IntermediateProofReplayer Proof replay took 7.1ns 
416342     INFO  main            d.u.i.k.p.r.p.TestFile    ... finished proof: closed. 
416750     INFO  main            d.u.i.k.p.i.AbstractProblemLoader Loading environment from /home/runner/work/key/key/key.core/../key.ui/examples/heap/permissions/threads/Fib_inv2_accessible.key.proof 
416750     DEBUG main            d.u.i.k.p.i.AbstractProblemLoader Environment load took 104.81ns 
416751     INFO  main            d.u.i.k.p.i.AbstractProblemLoader Creating init config 
421627     DEBUG main            d.u.i.k.p.i.AbstractProblemLoader Init config took 4.88s 
421713     INFO  main            d.u.i.k.p.i.AbstractProblemLoader Replaying proof Fib[java.lang.Object::<inv>()].JML accessible clause.1 
421716     DEBUG main            d.u.i.k.p.i.IntermediateProofReplayer Proof replay took 1.56ms 
421717     DEBUG main            d.u.i.k.p.r.p.TestFile    ... success: reloaded. 
421718     INFO  main            d.u.i.k.p.r.p.TestFile    Now processing file /home/runner/work/key/key/key.core/../key.ui/examples/heap/permissions/threads/Fib_joinTransfer_accessible.key 
421718     INFO  main            d.u.i.k.p.i.AbstractProblemLoader Loading environment from /home/runner/work/key/key/key.core/../key.ui/examples/heap/permissions/threads/Fib_joinTransfer_accessible.key 
421718     DEBUG main            d.u.i.k.p.i.AbstractProblemLoader Environment load took 67.81ns 
421719     INFO  main            d.u.i.k.p.i.AbstractProblemLoader Creating init config 
426774     DEBUG main            d.u.i.k.p.i.AbstractProblemLoader Init config took 5.06s 
426864     INFO  main            d.u.i.k.p.i.AbstractProblemLoader Replaying proof Fib[ThreadSpec::joinTransfer()].JML accessible clause.0 
426866     DEBUG main            d.u.i.k.p.i.IntermediateProofReplayer Proof replay took 6.5ns 
427068     INFO  main            d.u.i.k.p.r.p.TestFile    ... finished proof: closed. 
427501     INFO  main            d.u.i.k.p.i.AbstractProblemLoader Loading environment from /home/runner/work/key/key/key.core/../key.ui/examples/heap/permissions/threads/Fib_joinTransfer_accessible.key.proof 
427501     DEBUG main            d.u.i.k.p.i.AbstractProblemLoader Environment load took 100.81ns 
427502     INFO  main            d.u.i.k.p.i.AbstractProblemLoader Creating init config 
432457     DEBUG main            d.u.i.k.p.i.AbstractProblemLoader Init config took 4.96s 
432542     INFO  main            d.u.i.k.p.i.AbstractProblemLoader Replaying proof Fib[ThreadSpec::joinTransfer()].JML accessible clause.0 
432563     DEBUG main            d.u.i.k.p.i.IntermediateProofReplayer Proof replay took 19.62ms 
432564     DEBUG main            d.u.i.k.p.r.p.TestFile    ... success: reloaded. 
432565     INFO  main            d.u.i.k.p.r.p.TestFile    Now processing file /home/runner/work/key/key/key.core/../key.ui/examples/heap/permissions/threads/Fib_joinTransfer_contract.key 
432565     INFO  main            d.u.i.k.p.i.AbstractProblemLoader Loading environment from /home/runner/work/key/key/key.core/../key.ui/examples/heap/permissions/threads/Fib_joinTransfer_contract.key 
432565     DEBUG main            d.u.i.k.p.i.AbstractProblemLoader Environment load took 70.31ns 
432566     INFO  main            d.u.i.k.p.i.AbstractProblemLoader Creating init config 
437598     DEBUG main            d.u.i.k.p.i.AbstractProblemLoader Init config took 5.03s 
437687     INFO  main            d.u.i.k.p.i.AbstractProblemLoader Replaying proof Fib[ThreadSpec::joinTransfer()].JML model_behavior operation contract.0 
437689     DEBUG main            d.u.i.k.p.i.IntermediateProofReplayer Proof replay took 7.2ns 
437790     INFO  main            d.u.i.k.p.r.p.TestFile    ... finished proof: closed. 
438226     INFO  main            d.u.i.k.p.i.AbstractProblemLoader Loading environment from /home/runner/work/key/key/key.core/../key.ui/examples/heap/permissions/threads/Fib_joinTransfer_contract.key.proof 
438226     DEBUG main            d.u.i.k.p.i.AbstractProblemLoader Environment load took 104.51ns 
438227     INFO  main            d.u.i.k.p.i.AbstractProblemLoader Creating init config 
443098     DEBUG main            d.u.i.k.p.i.AbstractProblemLoader Init config took 4.87s 
443194     INFO  main            d.u.i.k.p.i.AbstractProblemLoader Replaying proof Fib[ThreadSpec::joinTransfer()].JML model_behavior operation contract.0 
443203     DEBUG main            d.u.i.k.p.i.IntermediateProofReplayer Proof replay took 7.24ms 
443204     DEBUG main            d.u.i.k.p.r.p.TestFile    ... success: reloaded. 
443205     INFO  main            d.u.i.k.p.r.p.TestFile    Now processing file /home/runner/work/key/key/key.core/../key.ui/examples/heap/permissions/threads/Fib_postJoin_accessible.key 
443205     INFO  main            d.u.i.k.p.i.AbstractProblemLoader Loading environment from /home/runner/work/key/key/key.core/../key.ui/examples/heap/permissions/threads/Fib_postJoin_accessible.key 
443205     DEBUG main            d.u.i.k.p.i.AbstractProblemLoader Environment load took 179.11ns 
443206     INFO  main            d.u.i.k.p.i.AbstractProblemLoader Creating init config 
448272     DEBUG main            d.u.i.k.p.i.AbstractProblemLoader Init config took 5.07s 
448378     INFO  main            d.u.i.k.p.i.AbstractProblemLoader Replaying proof Fib[ThreadSpec::postJoin(java.lang.Object)].JML accessible clause.0 
448380     DEBUG main            d.u.i.k.p.i.IntermediateProofReplayer Proof replay took 6.3ns 
448481     INFO  main            d.u.i.k.p.r.p.TestFile    ... finished proof: closed. 
448923     INFO  main            d.u.i.k.p.i.AbstractProblemLoader Loading environment from /home/runner/work/key/key/key.core/../key.ui/examples/heap/permissions/threads/Fib_postJoin_accessible.key.proof 
448923     DEBUG main            d.u.i.k.p.i.AbstractProblemLoader Environment load took 108.81ns 
448924     INFO  main            d.u.i.k.p.i.AbstractProblemLoader Creating init config 
453908     DEBUG main            d.u.i.k.p.i.AbstractProblemLoader Init config took 4.98s 
454002     INFO  main            d.u.i.k.p.i.AbstractProblemLoader Replaying proof Fib[ThreadSpec::postJoin(java.lang.Object)].JML accessible clause.0 
454009     DEBUG main            d.u.i.k.p.i.IntermediateProofReplayer Proof replay took 5.25ms 
454009     DEBUG main            d.u.i.k.p.r.p.TestFile    ... success: reloaded. 
454010     INFO  main            d.u.i.k.p.r.p.TestFile    Now processing file /home/runner/work/key/key/key.core/../key.ui/examples/heap/permissions/threads/Fib_preStart_accessible.key 
454011     INFO  main            d.u.i.k.p.i.AbstractProblemLoader Loading environment from /home/runner/work/key/key/key.core/../key.ui/examples/heap/permissions/threads/Fib_preStart_accessible.key 
454011     DEBUG main            d.u.i.k.p.i.AbstractProblemLoader Environment load took 91.01ns 
454012     INFO  main            d.u.i.k.p.i.AbstractProblemLoader Creating init config 
459089     DEBUG main            d.u.i.k.p.i.AbstractProblemLoader Init config took 5.08s 
459176     INFO  main            d.u.i.k.p.i.AbstractProblemLoader Replaying proof Fib[ThreadSpec::preStart(java.lang.Object)].JML accessible clause.0 
459177     DEBUG main            d.u.i.k.p.i.IntermediateProofReplayer Proof replay took 6.9ns 
459279     INFO  main            d.u.i.k.p.r.p.TestFile    ... finished proof: closed. 
459744     INFO  main            d.u.i.k.p.i.AbstractProblemLoader Loading environment from /home/runner/work/key/key/key.core/../key.ui/examples/heap/permissions/threads/Fib_preStart_accessible.key.proof 
459744     DEBUG main            d.u.i.k.p.i.AbstractProblemLoader Environment load took 108.31ns 
459745     INFO  main            d.u.i.k.p.i.AbstractProblemLoader Creating init config 
464740     DEBUG main            d.u.i.k.p.i.AbstractProblemLoader Init config took 5s 
464831     INFO  main            d.u.i.k.p.i.AbstractProblemLoader Replaying proof Fib[ThreadSpec::preStart(java.lang.Object)].JML accessible clause.0 
464837     DEBUG main            d.u.i.k.p.i.IntermediateProofReplayer Proof replay took 4.64ms 
464838     DEBUG main            d.u.i.k.p.r.p.TestFile    ... success: reloaded. 
464839     INFO  main            d.u.i.k.p.r.p.TestFile    Now processing file /home/runner/work/key/key/key.core/../key.ui/examples/heap/permissions/threads/Fib_startTransfer_accessible.key 
464839     INFO  main            d.u.i.k.p.i.AbstractProblemLoader Loading environment from /home/runner/work/key/key/key.core/../key.ui/examples/heap/permissions/threads/Fib_startTransfer_accessible.key 
464839     DEBUG main            d.u.i.k.p.i.AbstractProblemLoader Environment load took 56.6ns 
464840     INFO  main            d.u.i.k.p.i.AbstractProblemLoader Creating init config 
469807     DEBUG main            d.u.i.k.p.i.AbstractProblemLoader Init config took 4.97s 
469919     INFO  main            d.u.i.k.p.i.AbstractProblemLoader Replaying proof Fib[ThreadSpec::startTransfer()].JML accessible clause.0 
469921     DEBUG main            d.u.i.k.p.i.IntermediateProofReplayer Proof replay took 6.7ns 
470022     INFO  main            d.u.i.k.p.r.p.TestFile    ... finished proof: closed. 
470475     INFO  main            d.u.i.k.p.i.AbstractProblemLoader Loading environment from /home/runner/work/key/key/key.core/../key.ui/examples/heap/permissions/threads/Fib_startTransfer_accessible.key.proof 
470475     DEBUG main            d.u.i.k.p.i.AbstractProblemLoader Environment load took 109.21ns 
470476     INFO  main            d.u.i.k.p.i.AbstractProblemLoader Creating init config 
475347     DEBUG main            d.u.i.k.p.i.AbstractProblemLoader Init config took 4.87s 
475436     INFO  main            d.u.i.k.p.i.AbstractProblemLoader Replaying proof Fib[ThreadSpec::startTransfer()].JML accessible clause.0 
475455     DEBUG main            d.u.i.k.p.i.IntermediateProofReplayer Proof replay took 17.74ms 
475456     DEBUG main            d.u.i.k.p.r.p.TestFile    ... success: reloaded. 
475457     INFO  main            d.u.i.k.p.r.p.TestFile    Now processing file /home/runner/work/key/key/key.core/../key.ui/examples/heap/permissions/threads/Fib_startTransfer_contract.key 
475457     INFO  main            d.u.i.k.p.i.AbstractProblemLoader Loading environment from /home/runner/work/key/key/key.core/../key.ui/examples/heap/permissions/threads/Fib_startTransfer_contract.key 
475457     DEBUG main            d.u.i.k.p.i.AbstractProblemLoader Environment load took 59.4ns 
475458     INFO  main            d.u.i.k.p.i.AbstractProblemLoader Creating init config 
480489     DEBUG main            d.u.i.k.p.i.AbstractProblemLoader Init config took 5.03s 
480576     INFO  main            d.u.i.k.p.i.AbstractProblemLoader Replaying proof Fib[ThreadSpec::startTransfer()].JML model_behavior operation contract.0 
480577     DEBUG main            d.u.i.k.p.i.IntermediateProofReplayer Proof replay took 6.3ns 
480678     INFO  main            d.u.i.k.p.r.p.TestFile    ... finished proof: closed. 
481147     INFO  main            d.u.i.k.p.i.AbstractProblemLoader Loading environment from /home/runner/work/key/key/key.core/../key.ui/examples/heap/permissions/threads/Fib_startTransfer_contract.key.proof 
481147     DEBUG main            d.u.i.k.p.i.AbstractProblemLoader Environment load took 100.31ns 
481148     INFO  main            d.u.i.k.p.i.AbstractProblemLoader Creating init config 
485984     DEBUG main            d.u.i.k.p.i.AbstractProblemLoader Init config took 4.84s 
486072     INFO  main            d.u.i.k.p.i.AbstractProblemLoader Replaying proof Fib[ThreadSpec::startTransfer()].JML model_behavior operation contract.0 
486079     DEBUG main            d.u.i.k.p.i.IntermediateProofReplayer Proof replay took 6.2ms 
486080     DEBUG main            d.u.i.k.p.r.p.TestFile    ... success: reloaded. 
486081     INFO  main            d.u.i.k.p.r.p.TestFile    Now processing file /home/runner/work/key/key/key.core/../key.ui/examples/heap/permissions/threads/Fib_workingPermissions_accessible.key 
486081     INFO  main            d.u.i.k.p.i.AbstractProblemLoader Loading environment from /home/runner/work/key/key/key.core/../key.ui/examples/heap/permissions/threads/Fib_workingPermissions_accessible.key 
486081     DEBUG main            d.u.i.k.p.i.AbstractProblemLoader Environment load took 53.3ns 
486082     INFO  main            d.u.i.k.p.i.AbstractProblemLoader Creating init config 
491131     DEBUG main            d.u.i.k.p.i.AbstractProblemLoader Init config took 5.05s 
491216     INFO  main            d.u.i.k.p.i.AbstractProblemLoader Replaying proof Fib[ThreadSpec::workingPermissions()].JML accessible clause.0 
491217     DEBUG main            d.u.i.k.p.i.IntermediateProofReplayer Proof replay took 6.6ns 
491320     INFO  main            d.u.i.k.p.r.p.TestFile    ... finished proof: closed. 
491778     INFO  main            d.u.i.k.p.i.AbstractProblemLoader Loading environment from /home/runner/work/key/key/key.core/../key.ui/examples/heap/permissions/threads/Fib_workingPermissions_accessible.key.proof 
491778     DEBUG main            d.u.i.k.p.i.AbstractProblemLoader Environment load took 153.01ns 
491779     INFO  main            d.u.i.k.p.i.AbstractProblemLoader Creating init config 
496602     DEBUG main            d.u.i.k.p.i.AbstractProblemLoader Init config took 4.82s 
496688     INFO  main            d.u.i.k.p.i.AbstractProblemLoader Replaying proof Fib[ThreadSpec::workingPermissions()].JML accessible clause.0 
496692     DEBUG main            d.u.i.k.p.i.IntermediateProofReplayer Proof replay took 2.01ms 
496692     DEBUG main            d.u.i.k.p.r.p.TestFile    ... success: reloaded. 
496693     INFO  main            d.u.i.k.p.r.p.TestFile    Now processing file /home/runner/work/key/key/key.core/../key.ui/examples/heap/permissions/threads/Plotter_initPost_accessible.key 
496693     INFO  main            d.u.i.k.p.i.AbstractProblemLoader Loading environment from /home/runner/work/key/key/key.core/../key.ui/examples/heap/permissions/threads/Plotter_initPost_accessible.key 
496693     DEBUG main            d.u.i.k.p.i.AbstractProblemLoader Environment load took 49.4ns 
496694     INFO  main            d.u.i.k.p.i.AbstractProblemLoader Creating init config 
501791     DEBUG main            d.u.i.k.p.i.AbstractProblemLoader Init config took 5.1s 
501882     INFO  main            d.u.i.k.p.i.AbstractProblemLoader Replaying proof Plotter[ThreadSpec2::initPost()].JML accessible clause.0 
501883     DEBUG main            d.u.i.k.p.i.IntermediateProofReplayer Proof replay took 7.9ns 
501985     INFO  main            d.u.i.k.p.r.p.TestFile    ... finished proof: closed. 
502478     INFO  main            d.u.i.k.p.i.AbstractProblemLoader Loading environment from /home/runner/work/key/key/key.core/../key.ui/examples/heap/permissions/threads/Plotter_initPost_accessible.key.proof 
502478     DEBUG main            d.u.i.k.p.i.AbstractProblemLoader Environment load took 109.71ns 
502479     INFO  main            d.u.i.k.p.i.AbstractProblemLoader Creating init config 
507388     DEBUG main            d.u.i.k.p.i.AbstractProblemLoader Init config took 4.91s 
507475     INFO  main            d.u.i.k.p.i.AbstractProblemLoader Replaying proof Plotter[ThreadSpec2::initPost()].JML accessible clause.0 
507490     DEBUG main            d.u.i.k.p.i.IntermediateProofReplayer Proof replay took 13.22ms 
507491     DEBUG main            d.u.i.k.p.r.p.TestFile    ... success: reloaded. 
507492     INFO  main            d.u.i.k.p.r.p.TestFile    Now processing file /home/runner/work/key/key/key.core/../key.ui/examples/heap/permissions/threads/Plotter_inv_accessible1.key 
507492     INFO  main            d.u.i.k.p.i.AbstractProblemLoader Loading environment from /home/runner/work/key/key/key.core/../key.ui/examples/heap/permissions/threads/Plotter_inv_accessible1.key 
507492     DEBUG main            d.u.i.k.p.i.AbstractProblemLoader Environment load took 55.3ns 
507493     INFO  main            d.u.i.k.p.i.AbstractProblemLoader Creating init config 
512448     DEBUG main            d.u.i.k.p.i.AbstractProblemLoader Init config took 4.95s 
512537     INFO  main            d.u.i.k.p.i.AbstractProblemLoader Replaying proof Plotter[java.lang.Object::<inv>()].JML accessible clause.0 
512538     DEBUG main            d.u.i.k.p.i.IntermediateProofReplayer Proof replay took 7.6ns 
512640     INFO  main            d.u.i.k.p.r.p.TestFile    ... finished proof: closed. 
513125     INFO  main            d.u.i.k.p.i.AbstractProblemLoader Loading environment from /home/runner/work/key/key/key.core/../key.ui/examples/heap/permissions/threads/Plotter_inv_accessible1.key.proof 
513125     DEBUG main            d.u.i.k.p.i.AbstractProblemLoader Environment load took 106.81ns 
513126     INFO  main            d.u.i.k.p.i.AbstractProblemLoader Creating init config 
518129     DEBUG main            d.u.i.k.p.i.AbstractProblemLoader Init config took 5s 
518218     INFO  main            d.u.i.k.p.i.AbstractProblemLoader Replaying proof Plotter[java.lang.Object::<inv>()].JML accessible clause.0 
518221     DEBUG main            d.u.i.k.p.i.IntermediateProofReplayer Proof replay took 1.46ms 
518222     DEBUG main            d.u.i.k.p.r.p.TestFile    ... success: reloaded. 
518223     INFO  main            d.u.i.k.p.r.p.TestFile    Now processing file /home/runner/work/key/key/key.core/../key.ui/examples/heap/permissions/threads/Plotter_inv_accessible2.key 
518223     INFO  main            d.u.i.k.p.i.AbstractProblemLoader Loading environment from /home/runner/work/key/key/key.core/../key.ui/examples/heap/permissions/threads/Plotter_inv_accessible2.key 
518223     DEBUG main            d.u.i.k.p.i.AbstractProblemLoader Environment load took 63.9ns 
518224     INFO  main            d.u.i.k.p.i.AbstractProblemLoader Creating init config 
523210     DEBUG main            d.u.i.k.p.i.AbstractProblemLoader Init config took 4.99s 
523292     INFO  main            d.u.i.k.p.i.AbstractProblemLoader Replaying proof Plotter[java.lang.Object::<inv>()].JML accessible clause.1 
523293     DEBUG main            d.u.i.k.p.i.IntermediateProofReplayer Proof replay took 6.1ns 
523395     INFO  main            d.u.i.k.p.r.p.TestFile    ... finished proof: closed. 
523884     INFO  main            d.u.i.k.p.i.AbstractProblemLoader Loading environment from /home/runner/work/key/key/key.core/../key.ui/examples/heap/permissions/threads/Plotter_inv_accessible2.key.proof 
523884     DEBUG main            d.u.i.k.p.i.AbstractProblemLoader Environment load took 101.91ns 
523885     INFO  main            d.u.i.k.p.i.AbstractProblemLoader Creating init config 
528734     DEBUG main            d.u.i.k.p.i.AbstractProblemLoader Init config took 4.85s 
528822     INFO  main            d.u.i.k.p.i.AbstractProblemLoader Replaying proof Plotter[java.lang.Object::<inv>()].JML accessible clause.1 
528825     DEBUG main            d.u.i.k.p.i.IntermediateProofReplayer Proof replay took 1.71ms 
528826     DEBUG main            d.u.i.k.p.r.p.TestFile    ... success: reloaded. 
528827     INFO  main            d.u.i.k.p.r.p.TestFile    Now processing file /home/runner/work/key/key/key.core/../key.ui/examples/heap/permissions/threads/Plotter_joinTransfer_contract.key 
528827     INFO  main            d.u.i.k.p.i.AbstractProblemLoader Loading environment from /home/runner/work/key/key/key.core/../key.ui/examples/heap/permissions/threads/Plotter_joinTransfer_contract.key 
528827     DEBUG main            d.u.i.k.p.i.AbstractProblemLoader Environment load took 80.91ns 
528828     INFO  main            d.u.i.k.p.i.AbstractProblemLoader Creating init config 
533787     DEBUG main            d.u.i.k.p.i.AbstractProblemLoader Init config took 4.96s 
533884     INFO  main            d.u.i.k.p.i.AbstractProblemLoader Replaying proof Plotter[ThreadSpec2::joinTransfer()].JML model_behavior operation contract.0 
533886     DEBUG main            d.u.i.k.p.i.IntermediateProofReplayer Proof replay took 7.6ns 
533987     INFO  main            d.u.i.k.p.r.p.TestFile    ... finished proof: closed. 
534492     INFO  main            d.u.i.k.p.i.AbstractProblemLoader Loading environment from /home/runner/work/key/key/key.core/../key.ui/examples/heap/permissions/threads/Plotter_joinTransfer_contract.key.proof 
534492     DEBUG main            d.u.i.k.p.i.AbstractProblemLoader Environment load took 98.41ns 
534493     INFO  main            d.u.i.k.p.i.AbstractProblemLoader Creating init config 
539323     DEBUG main            d.u.i.k.p.i.AbstractProblemLoader Init config took 4.83s 
539407     INFO  main            d.u.i.k.p.i.AbstractProblemLoader Replaying proof Plotter[ThreadSpec2::joinTransfer()].JML model_behavior operation contract.0 
539416     DEBUG main            d.u.i.k.p.i.IntermediateProofReplayer Proof replay took 7.61ms 
539417     DEBUG main            d.u.i.k.p.r.p.TestFile    ... success: reloaded. 
539418     INFO  main            d.u.i.k.p.r.p.TestFile    Now processing file /home/runner/work/key/key/key.core/../key.ui/examples/heap/permissions/threads/Plotter_Plotter.key 
539418     INFO  main            d.u.i.k.p.i.AbstractProblemLoader Loading environment from /home/runner/work/key/key/key.core/../key.ui/examples/heap/permissions/threads/Plotter_Plotter.key 
539418     DEBUG main            d.u.i.k.p.i.AbstractProblemLoader Environment load took 97.21ns 
539419     INFO  main            d.u.i.k.p.i.AbstractProblemLoader Creating init config 
544406     DEBUG main            d.u.i.k.p.i.AbstractProblemLoader Init config took 4.99s 
544521     INFO  main            d.u.i.k.p.i.AbstractProblemLoader Replaying proof Plotter[Plotter::Plotter(AFilter,BFilter,Buffer)].JML normal_behavior operation contract.0 
544522     DEBUG main            d.u.i.k.p.i.IntermediateProofReplayer Proof replay took 23.7ns 
546527     INFO  main            d.u.i.k.p.r.p.TestFile    ... finished proof: closed. 
547044     INFO  main            d.u.i.k.p.i.AbstractProblemLoader Loading environment from /home/runner/work/key/key/key.core/../key.ui/examples/heap/permissions/threads/Plotter_Plotter.key.proof 
547045     DEBUG main            d.u.i.k.p.i.AbstractProblemLoader Environment load took 348.82ns 
547046     INFO  main            d.u.i.k.p.i.AbstractProblemLoader Creating init config 
551978     DEBUG main            d.u.i.k.p.i.AbstractProblemLoader Init config took 4.93s 
552089     INFO  main            d.u.i.k.p.i.AbstractProblemLoader Replaying proof Plotter[Plotter::Plotter(AFilter,BFilter,Buffer)].JML normal_behavior operation contract.0 
552355     DEBUG main            d.u.i.k.p.i.IntermediateProofReplayer Proof replay took 261ms 
552356     DEBUG main            d.u.i.k.p.r.p.TestFile    ... success: reloaded. 
552357     INFO  main            d.u.i.k.p.r.p.TestFile    Now processing file /home/runner/work/key/key/key.core/../key.ui/examples/heap/permissions/threads/Plotter_postJoin_accessible.key 
552357     INFO  main            d.u.i.k.p.i.AbstractProblemLoader Loading environment from /home/runner/work/key/key/key.core/../key.ui/examples/heap/permissions/threads/Plotter_postJoin_accessible.key 
552357     DEBUG main            d.u.i.k.p.i.AbstractProblemLoader Environment load took 50.8ns 
552358     INFO  main            d.u.i.k.p.i.AbstractProblemLoader Creating init config 
557339     DEBUG main            d.u.i.k.p.i.AbstractProblemLoader Init config took 4.98s 
557434     INFO  main            d.u.i.k.p.i.AbstractProblemLoader Replaying proof Plotter[ThreadSpec2::postJoin(java.lang.Object)].JML accessible clause.0 
557435     DEBUG main            d.u.i.k.p.i.IntermediateProofReplayer Proof replay took 8.3ns 
557537     INFO  main            d.u.i.k.p.r.p.TestFile    ... finished proof: closed. 
558047     INFO  main            d.u.i.k.p.i.AbstractProblemLoader Loading environment from /home/runner/work/key/key/key.core/../key.ui/examples/heap/permissions/threads/Plotter_postJoin_accessible.key.proof 
558048     DEBUG main            d.u.i.k.p.i.AbstractProblemLoader Environment load took 99.91ns 
558048     INFO  main            d.u.i.k.p.i.AbstractProblemLoader Creating init config 
563040     DEBUG main            d.u.i.k.p.i.AbstractProblemLoader Init config took 4.99s 
563146     INFO  main            d.u.i.k.p.i.AbstractProblemLoader Replaying proof Plotter[ThreadSpec2::postJoin(java.lang.Object)].JML accessible clause.0 
563161     DEBUG main            d.u.i.k.p.i.IntermediateProofReplayer Proof replay took 13.02ms 
563162     DEBUG main            d.u.i.k.p.r.p.TestFile    ... success: reloaded. 
563163     INFO  main            d.u.i.k.p.r.p.TestFile    Now processing file /home/runner/work/key/key/key.core/../key.ui/examples/heap/permissions/threads/Plotter_preStart_accessible.key 
563163     INFO  main            d.u.i.k.p.i.AbstractProblemLoader Loading environment from /home/runner/work/key/key/key.core/../key.ui/examples/heap/permissions/threads/Plotter_preStart_accessible.key 
563163     DEBUG main            d.u.i.k.p.i.AbstractProblemLoader Environment load took 172.51ns 
563164     INFO  main            d.u.i.k.p.i.AbstractProblemLoader Creating init config 
568307     DEBUG main            d.u.i.k.p.i.AbstractProblemLoader Init config took 5.14s 
568396     INFO  main            d.u.i.k.p.i.AbstractProblemLoader Replaying proof Plotter[ThreadSpec2::preStart(java.lang.Object)].JML accessible clause.0 
568397     DEBUG main            d.u.i.k.p.i.IntermediateProofReplayer Proof replay took 7.5ns 
569601     INFO  main            d.u.i.k.p.r.p.TestFile    ... finished proof: closed. 
570139     INFO  main            d.u.i.k.p.i.AbstractProblemLoader Loading environment from /home/runner/work/key/key/key.core/../key.ui/examples/heap/permissions/threads/Plotter_preStart_accessible.key.proof 
570139     DEBUG main            d.u.i.k.p.i.AbstractProblemLoader Environment load took 98.21ns 
570140     INFO  main            d.u.i.k.p.i.AbstractProblemLoader Creating init config 
575216     DEBUG main            d.u.i.k.p.i.AbstractProblemLoader Init config took 5.08s 
575308     INFO  main            d.u.i.k.p.i.AbstractProblemLoader Replaying proof Plotter[ThreadSpec2::preStart(java.lang.Object)].JML accessible clause.0 
575398     DEBUG main            d.u.i.k.p.i.IntermediateProofReplayer Proof replay took 87.13ms 
575399     DEBUG main            d.u.i.k.p.r.p.TestFile    ... success: reloaded. 
575400     INFO  main            d.u.i.k.p.r.p.TestFile    Now processing file /home/runner/work/key/key/key.core/../key.ui/examples/heap/permissions/threads/Plotter_stateInv_accessible.key 
575400     INFO  main            d.u.i.k.p.i.AbstractProblemLoader Loading environment from /home/runner/work/key/key/key.core/../key.ui/examples/heap/permissions/threads/Plotter_stateInv_accessible.key 
575400     DEBUG main            d.u.i.k.p.i.AbstractProblemLoader Environment load took 76.5ns 
575401     INFO  main            d.u.i.k.p.i.AbstractProblemLoader Creating init config 
580387     DEBUG main            d.u.i.k.p.i.AbstractProblemLoader Init config took 4.99s 
580471     INFO  main            d.u.i.k.p.i.AbstractProblemLoader Replaying proof Plotter[ThreadSpec2::stateInv()].JML accessible clause.0 
580472     DEBUG main            d.u.i.k.p.i.IntermediateProofReplayer Proof replay took 7.6ns 
588834     INFO  main            d.u.i.k.p.r.p.TestFile    ... finished proof: closed. 
589384     INFO  main            d.u.i.k.p.i.AbstractProblemLoader Loading environment from /home/runner/work/key/key/key.core/../key.ui/examples/heap/permissions/threads/Plotter_stateInv_accessible.key.proof 
589384     DEBUG main            d.u.i.k.p.i.AbstractProblemLoader Environment load took 106.01ns 
589388     INFO  main            d.u.i.k.p.i.AbstractProblemLoader Creating init config 
594251     DEBUG main            d.u.i.k.p.i.AbstractProblemLoader Init config took 4.86s 
594341     INFO  main            d.u.i.k.p.i.AbstractProblemLoader Replaying proof Plotter[ThreadSpec2::stateInv()].JML accessible clause.0 
595041     DEBUG main            d.u.i.k.p.i.IntermediateProofReplayer Proof replay took 688.26ms 
595043     DEBUG main            d.u.i.k.p.r.p.TestFile    ... success: reloaded. 
595044     INFO  main            d.u.i.k.p.r.p.TestFile    Now processing file /home/runner/work/key/key/key.core/../key.ui/examples/heap/permissions/threads/Plotter_staticPermissions_accessible.key 
595045     INFO  main            d.u.i.k.p.i.AbstractProblemLoader Loading environment from /home/runner/work/key/key/key.core/../key.ui/examples/heap/permissions/threads/Plotter_staticPermissions_accessible.key 
595045     DEBUG main            d.u.i.k.p.i.AbstractProblemLoader Environment load took 190.01ns 
595046     INFO  main            d.u.i.k.p.i.AbstractProblemLoader Creating init config 
600045     DEBUG main            d.u.i.k.p.i.AbstractProblemLoader Init config took 5s 
600140     INFO  main            d.u.i.k.p.i.AbstractProblemLoader Replaying proof Plotter[ThreadSpec2::staticPermissions()].JML accessible clause.0 
600142     DEBUG main            d.u.i.k.p.i.IntermediateProofReplayer Proof replay took 52.1ns 
600845     INFO  main            d.u.i.k.p.r.p.TestFile    ... finished proof: closed. 
601397     INFO  main            d.u.i.k.p.i.AbstractProblemLoader Loading environment from /home/runner/work/key/key/key.core/../key.ui/examples/heap/permissions/threads/Plotter_staticPermissions_accessible.key.proof 
601397     DEBUG main            d.u.i.k.p.i.AbstractProblemLoader Environment load took 82.11ns 
601397     INFO  main            d.u.i.k.p.i.AbstractProblemLoader Creating init config 
606352     DEBUG main            d.u.i.k.p.i.AbstractProblemLoader Init config took 4.95s 
606444     INFO  main            d.u.i.k.p.i.AbstractProblemLoader Replaying proof Plotter[ThreadSpec2::staticPermissions()].JML accessible clause.0 
606510     DEBUG main            d.u.i.k.p.i.IntermediateProofReplayer Proof replay took 60.15ms 
606511     DEBUG main            d.u.i.k.p.r.p.TestFile    ... success: reloaded. 
606512     INFO  main            d.u.i.k.p.r.p.TestFile    Now processing file /home/runner/work/key/key/key.core/../key.ui/examples/heap/permissions/threads/Plotter_workingPermissions_accessible.key 
606512     INFO  main            d.u.i.k.p.i.AbstractProblemLoader Loading environment from /home/runner/work/key/key/key.core/../key.ui/examples/heap/permissions/threads/Plotter_workingPermissions_accessible.key 
606512     DEBUG main            d.u.i.k.p.i.AbstractProblemLoader Environment load took 101.31ns 
606513     INFO  main            d.u.i.k.p.i.AbstractProblemLoader Creating init config 
611515     DEBUG main            d.u.i.k.p.i.AbstractProblemLoader Init config took 5s 
611603     INFO  main            d.u.i.k.p.i.AbstractProblemLoader Replaying proof Plotter[ThreadSpec2::workingPermissions()].JML accessible clause.0 
611604     DEBUG main            d.u.i.k.p.i.IntermediateProofReplayer Proof replay took 2.5ns 
611806     INFO  main            d.u.i.k.p.r.p.TestFile    ... finished proof: closed. 
612343     INFO  main            d.u.i.k.p.i.AbstractProblemLoader Loading environment from /home/runner/work/key/key/key.core/../key.ui/examples/heap/permissions/threads/Plotter_workingPermissions_accessible.key.proof 
612344     DEBUG main            d.u.i.k.p.i.AbstractProblemLoader Environment load took 83.5ns 
612344     INFO  main            d.u.i.k.p.i.AbstractProblemLoader Creating init config 
617289     DEBUG main            d.u.i.k.p.i.AbstractProblemLoader Init config took 4.95s 
617374     INFO  main            d.u.i.k.p.i.AbstractProblemLoader Replaying proof Plotter[ThreadSpec2::workingPermissions()].JML accessible clause.0 
617391     DEBUG main            d.u.i.k.p.i.IntermediateProofReplayer Proof replay took 15.51ms 
617392     DEBUG main            d.u.i.k.p.r.p.TestFile    ... success: reloaded. 
617393     INFO  main            d.u.i.k.p.r.p.TestFile    Now processing file /home/runner/work/key/key/key.core/../key.ui/examples/heap/permissions/threads/Sampler_initPost_accessible.key 
617393     INFO  main            d.u.i.k.p.i.AbstractProblemLoader Loading environment from /home/runner/work/key/key/key.core/../key.ui/examples/heap/permissions/threads/Sampler_initPost_accessible.key 
617393     DEBUG main            d.u.i.k.p.i.AbstractProblemLoader Environment load took 50.6ns 
617394     INFO  main            d.u.i.k.p.i.AbstractProblemLoader Creating init config 
622421     DEBUG main            d.u.i.k.p.i.AbstractProblemLoader Init config took 5.03s 
622509     INFO  main            d.u.i.k.p.i.AbstractProblemLoader Replaying proof Sampler[ThreadSpec2::initPost()].JML accessible clause.0 
622510     DEBUG main            d.u.i.k.p.i.IntermediateProofReplayer Proof replay took 2.5ns 
622611     INFO  main            d.u.i.k.p.r.p.TestFile    ... finished proof: closed. 
623142     INFO  main            d.u.i.k.p.i.AbstractProblemLoader Loading environment from /home/runner/work/key/key/key.core/../key.ui/examples/heap/permissions/threads/Sampler_initPost_accessible.key.proof 
623142     DEBUG main            d.u.i.k.p.i.AbstractProblemLoader Environment load took 95.11ns 
623143     INFO  main            d.u.i.k.p.i.AbstractProblemLoader Creating init config 
628028     DEBUG main            d.u.i.k.p.i.AbstractProblemLoader Init config took 4.89s 
628121     INFO  main            d.u.i.k.p.i.AbstractProblemLoader Replaying proof Sampler[ThreadSpec2::initPost()].JML accessible clause.0 
628128     DEBUG main            d.u.i.k.p.i.IntermediateProofReplayer Proof replay took 5.99ms 
628129     DEBUG main            d.u.i.k.p.r.p.TestFile    ... success: reloaded. 
628130     INFO  main            d.u.i.k.p.r.p.TestFile    Now processing file /home/runner/work/key/key/key.core/../key.ui/examples/heap/permissions/threads/Sampler_inv_accessible1.key 
628130     INFO  main            d.u.i.k.p.i.AbstractProblemLoader Loading environment from /home/runner/work/key/key/key.core/../key.ui/examples/heap/permissions/threads/Sampler_inv_accessible1.key 
628131     DEBUG main            d.u.i.k.p.i.AbstractProblemLoader Environment load took 176.21ns 
628131     INFO  main            d.u.i.k.p.i.AbstractProblemLoader Creating init config 
633055     DEBUG main            d.u.i.k.p.i.AbstractProblemLoader Init config took 4.92s 
633142     INFO  main            d.u.i.k.p.i.AbstractProblemLoader Replaying proof Sampler[java.lang.Object::<inv>()].JML accessible clause.0 
633143     DEBUG main            d.u.i.k.p.i.IntermediateProofReplayer Proof replay took 18.8ns 
633245     INFO  main            d.u.i.k.p.r.p.TestFile    ... finished proof: closed. 
633779     INFO  main            d.u.i.k.p.i.AbstractProblemLoader Loading environment from /home/runner/work/key/key/key.core/../key.ui/examples/heap/permissions/threads/Sampler_inv_accessible1.key.proof 
633779     DEBUG main            d.u.i.k.p.i.AbstractProblemLoader Environment load took 89.91ns 
633780     INFO  main            d.u.i.k.p.i.AbstractProblemLoader Creating init config 
638695     DEBUG main            d.u.i.k.p.i.AbstractProblemLoader Init config took 4.92s 
638777     INFO  main            d.u.i.k.p.i.AbstractProblemLoader Replaying proof Sampler[java.lang.Object::<inv>()].JML accessible clause.0 
638780     DEBUG main            d.u.i.k.p.i.IntermediateProofReplayer Proof replay took 1.62ms 
638780     DEBUG main            d.u.i.k.p.r.p.TestFile    ... success: reloaded. 
638781     INFO  main            d.u.i.k.p.r.p.TestFile    Now processing file /home/runner/work/key/key/key.core/../key.ui/examples/heap/permissions/threads/Sampler_inv_accessible2.key 
638781     INFO  main            d.u.i.k.p.i.AbstractProblemLoader Loading environment from /home/runner/work/key/key/key.core/../key.ui/examples/heap/permissions/threads/Sampler_inv_accessible2.key 
638781     DEBUG main            d.u.i.k.p.i.AbstractProblemLoader Environment load took 53.7ns 
638782     INFO  main            d.u.i.k.p.i.AbstractProblemLoader Creating init config 
643731     DEBUG main            d.u.i.k.p.i.AbstractProblemLoader Init config took 4.95s 
643821     INFO  main            d.u.i.k.p.i.AbstractProblemLoader Replaying proof Sampler[java.lang.Object::<inv>()].JML accessible clause.1 
643822     DEBUG main            d.u.i.k.p.i.IntermediateProofReplayer Proof replay took 2.7ns 
643924     INFO  main            d.u.i.k.p.r.p.TestFile    ... finished proof: closed. 
644490     INFO  main            d.u.i.k.p.i.AbstractProblemLoader Loading environment from /home/runner/work/key/key/key.core/../key.ui/examples/heap/permissions/threads/Sampler_inv_accessible2.key.proof 
644490     DEBUG main            d.u.i.k.p.i.AbstractProblemLoader Environment load took 92.5ns 
644491     INFO  main            d.u.i.k.p.i.AbstractProblemLoader Creating init config 
649393     DEBUG main            d.u.i.k.p.i.AbstractProblemLoader Init config took 4.9s 
649481     INFO  main            d.u.i.k.p.i.AbstractProblemLoader Replaying proof Sampler[java.lang.Object::<inv>()].JML accessible clause.1 
649484     DEBUG main            d.u.i.k.p.i.IntermediateProofReplayer Proof replay took 1.75ms 
649485     DEBUG main            d.u.i.k.p.r.p.TestFile    ... success: reloaded. 
649486     INFO  main            d.u.i.k.p.r.p.TestFile    Now processing file /home/runner/work/key/key/key.core/../key.ui/examples/heap/permissions/threads/Sampler_joinTransfer_accessible.key 
649486     INFO  main            d.u.i.k.p.i.AbstractProblemLoader Loading environment from /home/runner/work/key/key/key.core/../key.ui/examples/heap/permissions/threads/Sampler_joinTransfer_accessible.key 
649486     DEBUG main            d.u.i.k.p.i.AbstractProblemLoader Environment load took 40.9ns 
649487     INFO  main            d.u.i.k.p.i.AbstractProblemLoader Creating init config 
654440     DEBUG main            d.u.i.k.p.i.AbstractProblemLoader Init config took 4.95s 
654524     INFO  main            d.u.i.k.p.i.AbstractProblemLoader Replaying proof Sampler[ThreadSpec2::joinTransfer()].JML accessible clause.0 
654525     DEBUG main            d.u.i.k.p.i.IntermediateProofReplayer Proof replay took 2.7ns 
659241     INFO  main            d.u.i.k.p.r.p.TestFile    ... finished proof: closed. 
659814     INFO  main            d.u.i.k.p.i.AbstractProblemLoader Loading environment from /home/runner/work/key/key/key.core/../key.ui/examples/heap/permissions/threads/Sampler_joinTransfer_accessible.key.proof 
659814     DEBUG main            d.u.i.k.p.i.AbstractProblemLoader Environment load took 336.72ns 
659816     INFO  main            d.u.i.k.p.i.AbstractProblemLoader Creating init config 
664812     DEBUG main            d.u.i.k.p.i.AbstractProblemLoader Init config took 5s 
664921     INFO  main            d.u.i.k.p.i.AbstractProblemLoader Replaying proof Sampler[ThreadSpec2::joinTransfer()].JML accessible clause.0 
665635     DEBUG main            d.u.i.k.p.i.IntermediateProofReplayer Proof replay took 703.31ms 
665637     DEBUG main            d.u.i.k.p.r.p.TestFile    ... success: reloaded. 
665638     INFO  main            d.u.i.k.p.r.p.TestFile    Now processing file /home/runner/work/key/key/key.core/../key.ui/examples/heap/permissions/threads/Sampler_joinTransfer_contract.key 
665638     INFO  main            d.u.i.k.p.i.AbstractProblemLoader Loading environment from /home/runner/work/key/key/key.core/../key.ui/examples/heap/permissions/threads/Sampler_joinTransfer_contract.key 
665638     DEBUG main            d.u.i.k.p.i.AbstractProblemLoader Environment load took 94.41ns 
665639     INFO  main            d.u.i.k.p.i.AbstractProblemLoader Creating init config 
670786     DEBUG main            d.u.i.k.p.i.AbstractProblemLoader Init config took 5.15s 
670872     INFO  main            d.u.i.k.p.i.AbstractProblemLoader Replaying proof Sampler[ThreadSpec2::joinTransfer()].JML model_behavior operation contract.0 
670874     DEBUG main            d.u.i.k.p.i.IntermediateProofReplayer Proof replay took 2.9ns 
670975     INFO  main            d.u.i.k.p.r.p.TestFile    ... finished proof: closed. 
671553     INFO  main            d.u.i.k.p.i.AbstractProblemLoader Loading environment from /home/runner/work/key/key/key.core/../key.ui/examples/heap/permissions/threads/Sampler_joinTransfer_contract.key.proof 
671553     DEBUG main            d.u.i.k.p.i.AbstractProblemLoader Environment load took 88.31ns 
671554     INFO  main            d.u.i.k.p.i.AbstractProblemLoader Creating init config 
676489     DEBUG main            d.u.i.k.p.i.AbstractProblemLoader Init config took 4.94s 
676574     INFO  main            d.u.i.k.p.i.AbstractProblemLoader Replaying proof Sampler[ThreadSpec2::joinTransfer()].JML model_behavior operation contract.0 
676582     DEBUG main            d.u.i.k.p.i.IntermediateProofReplayer Proof replay took 6.49ms 
676582     DEBUG main            d.u.i.k.p.r.p.TestFile    ... success: reloaded. 
676583     INFO  main            d.u.i.k.p.r.p.TestFile    Now processing file /home/runner/work/key/key/key.core/../key.ui/examples/heap/permissions/threads/Sampler_postJoin_accessible.key 
676583     INFO  main            d.u.i.k.p.i.AbstractProblemLoader Loading environment from /home/runner/work/key/key/key.core/../key.ui/examples/heap/permissions/threads/Sampler_postJoin_accessible.key 
676583     DEBUG main            d.u.i.k.p.i.AbstractProblemLoader Environment load took 49.1ns 
676584     INFO  main            d.u.i.k.p.i.AbstractProblemLoader Creating init config 
681666     DEBUG main            d.u.i.k.p.i.AbstractProblemLoader Init config took 5.08s 
681769     INFO  main            d.u.i.k.p.i.AbstractProblemLoader Replaying proof Sampler[ThreadSpec2::postJoin(java.lang.Object)].JML accessible clause.0 
681770     DEBUG main            d.u.i.k.p.i.IntermediateProofReplayer Proof replay took 2.8ns 
681872     INFO  main            d.u.i.k.p.r.p.TestFile    ... finished proof: closed. 
682456     INFO  main            d.u.i.k.p.i.AbstractProblemLoader Loading environment from /home/runner/work/key/key/key.core/../key.ui/examples/heap/permissions/threads/Sampler_postJoin_accessible.key.proof 
682456     DEBUG main            d.u.i.k.p.i.AbstractProblemLoader Environment load took 94.21ns 
682457     INFO  main            d.u.i.k.p.i.AbstractProblemLoader Creating init config 
687295     DEBUG main            d.u.i.k.p.i.AbstractProblemLoader Init config took 4.84s 
687384     INFO  main            d.u.i.k.p.i.AbstractProblemLoader Replaying proof Sampler[ThreadSpec2::postJoin(java.lang.Object)].JML accessible clause.0 
687395     DEBUG main            d.u.i.k.p.i.IntermediateProofReplayer Proof replay took 9.46ms 
687396     DEBUG main            d.u.i.k.p.r.p.TestFile    ... success: reloaded. 
687396     INFO  main            d.u.i.k.p.r.p.TestFile    Now processing file /home/runner/work/key/key/key.core/../key.ui/examples/heap/permissions/threads/Sampler_preStart_accessible.key 
687397     INFO  main            d.u.i.k.p.i.AbstractProblemLoader Loading environment from /home/runner/work/key/key/key.core/../key.ui/examples/heap/permissions/threads/Sampler_preStart_accessible.key 
687397     DEBUG main            d.u.i.k.p.i.AbstractProblemLoader Environment load took 111.51ns 
687398     INFO  main            d.u.i.k.p.i.AbstractProblemLoader Creating init config 
692432     DEBUG main            d.u.i.k.p.i.AbstractProblemLoader Init config took 5.03s 
692525     INFO  main            d.u.i.k.p.i.AbstractProblemLoader Replaying proof Sampler[ThreadSpec2::preStart(java.lang.Object)].JML accessible clause.0 
692526     DEBUG main            d.u.i.k.p.i.IntermediateProofReplayer Proof replay took 2.9ns 
692628     INFO  main            d.u.i.k.p.r.p.TestFile    ... finished proof: closed. 
693221     INFO  main            d.u.i.k.p.i.AbstractProblemLoader Loading environment from /home/runner/work/key/key/key.core/../key.ui/examples/heap/permissions/threads/Sampler_preStart_accessible.key.proof 
693221     DEBUG main            d.u.i.k.p.i.AbstractProblemLoader Environment load took 83.61ns 
693222     INFO  main            d.u.i.k.p.i.AbstractProblemLoader Creating init config 
698126     DEBUG main            d.u.i.k.p.i.AbstractProblemLoader Init config took 4.9s 
698227     INFO  main            d.u.i.k.p.i.AbstractProblemLoader Replaying proof Sampler[ThreadSpec2::preStart(java.lang.Object)].JML accessible clause.0 
698238     DEBUG main            d.u.i.k.p.i.IntermediateProofReplayer Proof replay took 9.03ms 
698238     DEBUG main            d.u.i.k.p.r.p.TestFile    ... success: reloaded. 
698239     INFO  main            d.u.i.k.p.r.p.TestFile    Now processing file /home/runner/work/key/key/key.core/../key.ui/examples/heap/permissions/threads/Sampler_run.key 
698239     INFO  main            d.u.i.k.p.i.AbstractProblemLoader Loading environment from /home/runner/work/key/key/key.core/../key.ui/examples/heap/permissions/threads/Sampler_run.key 
698239     DEBUG main            d.u.i.k.p.i.AbstractProblemLoader Environment load took 46.1ns 
698240     INFO  main            d.u.i.k.p.i.AbstractProblemLoader Creating init config 
703223     DEBUG main            d.u.i.k.p.i.AbstractProblemLoader Init config took 4.98s 
703307     INFO  main            d.u.i.k.p.i.AbstractProblemLoader Replaying proof Sampler[ThreadSpec2::run()].JML normal_behavior operation contract.0 
703308     DEBUG main            d.u.i.k.p.i.IntermediateProofReplayer Proof replay took 2.3ns 
703510     INFO  main            d.u.i.k.p.r.p.TestFile    ... finished proof: closed. 
704100     INFO  main            d.u.i.k.p.i.AbstractProblemLoader Loading environment from /home/runner/work/key/key/key.core/../key.ui/examples/heap/permissions/threads/Sampler_run.key.proof 
704100     DEBUG main            d.u.i.k.p.i.AbstractProblemLoader Environment load took 83.61ns 
704101     INFO  main            d.u.i.k.p.i.AbstractProblemLoader Creating init config 
708994     DEBUG main            d.u.i.k.p.i.AbstractProblemLoader Init config took 4.89s 
709086     INFO  main            d.u.i.k.p.i.AbstractProblemLoader Replaying proof Sampler[ThreadSpec2::run()].JML normal_behavior operation contract.0 
709123     DEBUG main            d.u.i.k.p.i.IntermediateProofReplayer Proof replay took 35.12ms 
709123     DEBUG main            d.u.i.k.p.r.p.TestFile    ... success: reloaded. 
709124     INFO  main            d.u.i.k.p.r.p.TestFile    Now processing file /home/runner/work/key/key/key.core/../key.ui/examples/heap/permissions/threads/Sampler_Sampler.key 
709125     INFO  main            d.u.i.k.p.i.AbstractProblemLoader Loading environment from /home/runner/work/key/key/key.core/../key.ui/examples/heap/permissions/threads/Sampler_Sampler.key 
709125     DEBUG main            d.u.i.k.p.i.AbstractProblemLoader Environment load took 51.2ns 
709126     INFO  main            d.u.i.k.p.i.AbstractProblemLoader Creating init config 
714178     DEBUG main            d.u.i.k.p.i.AbstractProblemLoader Init config took 5.05s 
714268     INFO  main            d.u.i.k.p.i.AbstractProblemLoader Replaying proof Sampler[Sampler::Sampler(Buffer)].JML normal_behavior operation contract.0 
714269     DEBUG main            d.u.i.k.p.i.IntermediateProofReplayer Proof replay took 3.3ns 
714872     INFO  main            d.u.i.k.p.r.p.TestFile    ... finished proof: closed. 
715475     INFO  main            d.u.i.k.p.i.AbstractProblemLoader Loading environment from /home/runner/work/key/key/key.core/../key.ui/examples/heap/permissions/threads/Sampler_Sampler.key.proof 
715475     DEBUG main            d.u.i.k.p.i.AbstractProblemLoader Environment load took 89.71ns 
715476     INFO  main            d.u.i.k.p.i.AbstractProblemLoader Creating init config 
720385     DEBUG main            d.u.i.k.p.i.AbstractProblemLoader Init config took 4.91s 
720467     INFO  main            d.u.i.k.p.i.AbstractProblemLoader Replaying proof Sampler[Sampler::Sampler(Buffer)].JML normal_behavior operation contract.0 
720548     DEBUG main            d.u.i.k.p.i.IntermediateProofReplayer Proof replay took 79.07ms 
720549     DEBUG main            d.u.i.k.p.r.p.TestFile    ... success: reloaded. 
720550     INFO  main            d.u.i.k.p.r.p.TestFile    Now processing file /home/runner/work/key/key/key.core/../key.ui/examples/heap/permissions/threads/Sampler_startTransfer_accessible.key 
720550     INFO  main            d.u.i.k.p.i.AbstractProblemLoader Loading environment from /home/runner/work/key/key/key.core/../key.ui/examples/heap/permissions/threads/Sampler_startTransfer_accessible.key 
720550     DEBUG main            d.u.i.k.p.i.AbstractProblemLoader Environment load took 78.91ns 
720551     INFO  main            d.u.i.k.p.i.AbstractProblemLoader Creating init config 
725585     DEBUG main            d.u.i.k.p.i.AbstractProblemLoader Init config took 5.03s 
725691     INFO  main            d.u.i.k.p.i.AbstractProblemLoader Replaying proof Sampler[ThreadSpec2::startTransfer()].JML accessible clause.0 
725692     DEBUG main            d.u.i.k.p.i.IntermediateProofReplayer Proof replay took 3.1ns 
731426     INFO  main            d.u.i.k.p.r.p.TestFile    ... finished proof: closed. 
732042     INFO  main            d.u.i.k.p.i.AbstractProblemLoader Loading environment from /home/runner/work/key/key/key.core/../key.ui/examples/heap/permissions/threads/Sampler_startTransfer_accessible.key.proof 
732043     DEBUG main            d.u.i.k.p.i.AbstractProblemLoader Environment load took 91.41ns 
732044     INFO  main            d.u.i.k.p.i.AbstractProblemLoader Creating init config 
736917     DEBUG main            d.u.i.k.p.i.AbstractProblemLoader Init config took 4.87s 
737005     INFO  main            d.u.i.k.p.i.AbstractProblemLoader Replaying proof Sampler[ThreadSpec2::startTransfer()].JML accessible clause.0 
737709     DEBUG main            d.u.i.k.p.i.IntermediateProofReplayer Proof replay took 692.65ms 
737710     DEBUG main            d.u.i.k.p.r.p.TestFile    ... success: reloaded. 
737711     INFO  main            d.u.i.k.p.r.p.TestFile    Now processing file /home/runner/work/key/key/key.core/../key.ui/examples/heap/permissions/threads/Sampler_startTransfer_contract.key 
737711     INFO  main            d.u.i.k.p.i.AbstractProblemLoader Loading environment from /home/runner/work/key/key/key.core/../key.ui/examples/heap/permissions/threads/Sampler_startTransfer_contract.key 
737711     DEBUG main            d.u.i.k.p.i.AbstractProblemLoader Environment load took 94.11ns 
737713     INFO  main            d.u.i.k.p.i.AbstractProblemLoader Creating init config 
742761     DEBUG main            d.u.i.k.p.i.AbstractProblemLoader Init config took 5.05s 
742846     INFO  main            d.u.i.k.p.i.AbstractProblemLoader Replaying proof Sampler[ThreadSpec2::startTransfer()].JML model_behavior operation contract.0 
742847     DEBUG main            d.u.i.k.p.i.IntermediateProofReplayer Proof replay took 2.6ns 
742950     INFO  main            d.u.i.k.p.r.p.TestFile    ... finished proof: closed. 
743549     INFO  main            d.u.i.k.p.i.AbstractProblemLoader Loading environment from /home/runner/work/key/key/key.core/../key.ui/examples/heap/permissions/threads/Sampler_startTransfer_contract.key.proof 
743549     DEBUG main            d.u.i.k.p.i.AbstractProblemLoader Environment load took 111.41ns 
743550     INFO  main            d.u.i.k.p.i.AbstractProblemLoader Creating init config 
748425     DEBUG main            d.u.i.k.p.i.AbstractProblemLoader Init config took 4.88s 
748522     INFO  main            d.u.i.k.p.i.AbstractProblemLoader Replaying proof Sampler[ThreadSpec2::startTransfer()].JML model_behavior operation contract.0 
748530     DEBUG main            d.u.i.k.p.i.IntermediateProofReplayer Proof replay took 7.32ms 
748531     DEBUG main            d.u.i.k.p.r.p.TestFile    ... success: reloaded. 
748532     INFO  main            d.u.i.k.p.r.p.TestFile    Now processing file /home/runner/work/key/key/key.core/../key.ui/examples/heap/permissions/threads/Sampler_stateInv_accessible.key 
748532     INFO  main            d.u.i.k.p.i.AbstractProblemLoader Loading environment from /home/runner/work/key/key/key.core/../key.ui/examples/heap/permissions/threads/Sampler_stateInv_accessible.key 
748532     DEBUG main            d.u.i.k.p.i.AbstractProblemLoader Environment load took 112.81ns 
748533     INFO  main            d.u.i.k.p.i.AbstractProblemLoader Creating init config 
753521     DEBUG main            d.u.i.k.p.i.AbstractProblemLoader Init config took 4.99s 
753608     INFO  main            d.u.i.k.p.i.AbstractProblemLoader Replaying proof Sampler[ThreadSpec2::stateInv()].JML accessible clause.0 
753609     DEBUG main            d.u.i.k.p.i.IntermediateProofReplayer Proof replay took 3.2ns 
753711     INFO  main            d.u.i.k.p.r.p.TestFile    ... finished proof: closed. 
754351     INFO  main            d.u.i.k.p.i.AbstractProblemLoader Loading environment from /home/runner/work/key/key/key.core/../key.ui/examples/heap/permissions/threads/Sampler_stateInv_accessible.key.proof 
754351     DEBUG main            d.u.i.k.p.i.AbstractProblemLoader Environment load took 85.91ns 
754352     INFO  main            d.u.i.k.p.i.AbstractProblemLoader Creating init config 
759211     DEBUG main            d.u.i.k.p.i.AbstractProblemLoader Init config took 4.86s 
759295     INFO  main            d.u.i.k.p.i.AbstractProblemLoader Replaying proof Sampler[ThreadSpec2::stateInv()].JML accessible clause.0 
759302     DEBUG main            d.u.i.k.p.i.IntermediateProofReplayer Proof replay took 5.89ms 
759306     DEBUG main            d.u.i.k.p.r.p.TestFile    ... success: reloaded. 
759308     INFO  main            d.u.i.k.p.r.p.TestFile    Now processing file /home/runner/work/key/key/key.core/../key.ui/examples/heap/permissions/threads/Sampler_staticPermissions_accessible.key 
759308     INFO  main            d.u.i.k.p.i.AbstractProblemLoader Loading environment from /home/runner/work/key/key/key.core/../key.ui/examples/heap/permissions/threads/Sampler_staticPermissions_accessible.key 
759308     DEBUG main            d.u.i.k.p.i.AbstractProblemLoader Environment load took 84.81ns 
759312     INFO  main            d.u.i.k.p.i.AbstractProblemLoader Creating init config 
764325     DEBUG main            d.u.i.k.p.i.AbstractProblemLoader Init config took 5.01s 
764411     INFO  main            d.u.i.k.p.i.AbstractProblemLoader Replaying proof Sampler[ThreadSpec2::staticPermissions()].JML accessible clause.0 
764412     DEBUG main            d.u.i.k.p.i.IntermediateProofReplayer Proof replay took 3.3ns 
764514     INFO  main            d.u.i.k.p.r.p.TestFile    ... finished proof: closed. 
765145     INFO  main            d.u.i.k.p.i.AbstractProblemLoader Loading environment from /home/runner/work/key/key/key.core/../key.ui/examples/heap/permissions/threads/Sampler_staticPermissions_accessible.key.proof 
765145     DEBUG main            d.u.i.k.p.i.AbstractProblemLoader Environment load took 83.2ns 
765146     INFO  main            d.u.i.k.p.i.AbstractProblemLoader Creating init config 
770168     DEBUG main            d.u.i.k.p.i.AbstractProblemLoader Init config took 5.02s 
770259     INFO  main            d.u.i.k.p.i.AbstractProblemLoader Replaying proof Sampler[ThreadSpec2::staticPermissions()].JML accessible clause.0 
770264     DEBUG main            d.u.i.k.p.i.IntermediateProofReplayer Proof replay took 3.51ms 
770265     DEBUG main            d.u.i.k.p.r.p.TestFile    ... success: reloaded. 
770266     INFO  main            d.u.i.k.p.r.p.TestFile    Now processing file /home/runner/work/key/key/key.core/../key.ui/examples/heap/permissions/threads/Sampler_workingPermissions_accessible.key 
770266     INFO  main            d.u.i.k.p.i.AbstractProblemLoader Loading environment from /home/runner/work/key/key/key.core/../key.ui/examples/heap/permissions/threads/Sampler_workingPermissions_accessible.key 
770266     DEBUG main            d.u.i.k.p.i.AbstractProblemLoader Environment load took 83ns 
770267     INFO  main            d.u.i.k.p.i.AbstractProblemLoader Creating init config 
775405     DEBUG main            d.u.i.k.p.i.AbstractProblemLoader Init config took 5.14s 
775507     INFO  main            d.u.i.k.p.i.AbstractProblemLoader Replaying proof Sampler[ThreadSpec2::workingPermissions()].JML accessible clause.0 
775508     DEBUG main            d.u.i.k.p.i.IntermediateProofReplayer Proof replay took 3ns 
775610     INFO  main            d.u.i.k.p.r.p.TestFile    ... finished proof: closed. 
776263     INFO  main            d.u.i.k.p.i.AbstractProblemLoader Loading environment from /home/runner/work/key/key/key.core/../key.ui/examples/heap/permissions/threads/Sampler_workingPermissions_accessible.key.proof 
776263     DEBUG main            d.u.i.k.p.i.AbstractProblemLoader Environment load took 89.31ns 
776264     INFO  main            d.u.i.k.p.i.AbstractProblemLoader Creating init config 
781304     DEBUG main            d.u.i.k.p.i.AbstractProblemLoader Init config took 5.04s 
781393     INFO  main            d.u.i.k.p.i.AbstractProblemLoader Replaying proof Sampler[ThreadSpec2::workingPermissions()].JML accessible clause.0 
781399     DEBUG main            d.u.i.k.p.i.IntermediateProofReplayer Proof replay took 4.85ms 
781400     DEBUG main            d.u.i.k.p.r.p.TestFile    ... success: reloaded. 
781400     INFO  main            d.u.i.k.p.r.p.TestFile    Now processing file /home/runner/work/key/key/key.core/../key.ui/examples/heap/permissions/mulleretal/ReadWrite_doRead_contract.key 
781401     INFO  main            d.u.i.k.p.i.AbstractProblemLoader Loading environment from /home/runner/work/key/key/key.core/../key.ui/examples/heap/permissions/mulleretal/ReadWrite_doRead_contract.key 
781401     DEBUG main            d.u.i.k.p.i.AbstractProblemLoader Environment load took 49.4ns 
781401     INFO  main            d.u.i.k.p.i.AbstractProblemLoader Creating init config 
784434     DEBUG main            d.u.i.k.p.i.AbstractProblemLoader Init config took 3.03s 
784470     INFO  main            d.u.i.k.p.i.AbstractProblemLoader Replaying proof ReadWrite[ReadWrite::doRead()].JML normal_behavior operation contract.0 
784472     DEBUG main            d.u.i.k.p.i.IntermediateProofReplayer Proof replay took 3.3ns 
786080     INFO  main            d.u.i.k.p.r.p.TestFile    ... finished proof: closed. 
786760     INFO  main            d.u.i.k.p.i.AbstractProblemLoader Loading environment from /home/runner/work/key/key/key.core/../key.ui/examples/heap/permissions/mulleretal/ReadWrite_doRead_contract.key.proof 
786760     DEBUG main            d.u.i.k.p.i.AbstractProblemLoader Environment load took 315.92ns 
786761     INFO  main            d.u.i.k.p.i.AbstractProblemLoader Creating init config 
789807     DEBUG main            d.u.i.k.p.i.AbstractProblemLoader Init config took 3.05s 
789849     INFO  main            d.u.i.k.p.i.AbstractProblemLoader Replaying proof ReadWrite[ReadWrite::doRead()].JML normal_behavior operation contract.0 
790445     DEBUG main            d.u.i.k.p.i.IntermediateProofReplayer Proof replay took 588.55ms 
790446     DEBUG main            d.u.i.k.p.r.p.TestFile    ... success: reloaded. 
790447     INFO  main            d.u.i.k.p.r.p.TestFile    Now processing file /home/runner/work/key/key/key.core/../key.ui/examples/heap/permissions/mulleretal/ReadWrite_doWrite_contract.key 
790447     INFO  main            d.u.i.k.p.i.AbstractProblemLoader Loading environment from /home/runner/work/key/key/key.core/../key.ui/examples/heap/permissions/mulleretal/ReadWrite_doWrite_contract.key 
790447     DEBUG main            d.u.i.k.p.i.AbstractProblemLoader Environment load took 165.71ns 
790455     INFO  main            d.u.i.k.p.i.AbstractProblemLoader Creating init config 
793462     DEBUG main            d.u.i.k.p.i.AbstractProblemLoader Init config took 3.01s 
793500     INFO  main            d.u.i.k.p.i.AbstractProblemLoader Replaying proof ReadWrite[ReadWrite::doWrite()].JML normal_behavior operation contract.0 
793502     DEBUG main            d.u.i.k.p.i.IntermediateProofReplayer Proof replay took 3.2ns 
795367     INFO  main            d.u.i.k.p.r.p.TestFile    ... finished proof: closed. 
796020     INFO  main            d.u.i.k.p.i.AbstractProblemLoader Loading environment from /home/runner/work/key/key/key.core/../key.ui/examples/heap/permissions/mulleretal/ReadWrite_doWrite_contract.key.proof 
796020     DEBUG main            d.u.i.k.p.i.AbstractProblemLoader Environment load took 314.92ns 
796021     INFO  main            d.u.i.k.p.i.AbstractProblemLoader Creating init config 
798989     DEBUG main            d.u.i.k.p.i.AbstractProblemLoader Init config took 2.97s 
799026     INFO  main            d.u.i.k.p.i.AbstractProblemLoader Replaying proof ReadWrite[ReadWrite::doWrite()].JML normal_behavior operation contract.0 
799469     DEBUG main            d.u.i.k.p.i.IntermediateProofReplayer Proof replay took 437.8ms 
799470     DEBUG main            d.u.i.k.p.r.p.TestFile    ... success: reloaded. 
799471     INFO  main            d.u.i.k.p.r.p.TestFile    Now processing file /home/runner/work/key/key/key.core/../key.ui/examples/heap/permissions/mulleretal/ReadWrite_read_contract.key 
799471     INFO  main            d.u.i.k.p.i.AbstractProblemLoader Loading environment from /home/runner/work/key/key/key.core/../key.ui/examples/heap/permissions/mulleretal/ReadWrite_read_contract.key 
799471     DEBUG main            d.u.i.k.p.i.AbstractProblemLoader Environment load took 176.21ns 
799472     INFO  main            d.u.i.k.p.i.AbstractProblemLoader Creating init config 
802502     DEBUG main            d.u.i.k.p.i.AbstractProblemLoader Init config took 3.03s 
802561     INFO  main            d.u.i.k.p.i.AbstractProblemLoader Replaying proof ReadWrite[ReadWrite::read()].JML normal_behavior operation contract.0 
802562     DEBUG main            d.u.i.k.p.i.IntermediateProofReplayer Proof replay took 2.9ns 
802664     INFO  main            d.u.i.k.p.r.p.TestFile    ... finished proof: closed. 
803288     INFO  main            d.u.i.k.p.i.AbstractProblemLoader Loading environment from /home/runner/work/key/key/key.core/../key.ui/examples/heap/permissions/mulleretal/ReadWrite_read_contract.key.proof 
803288     DEBUG main            d.u.i.k.p.i.AbstractProblemLoader Environment load took 91ns 
803289     INFO  main            d.u.i.k.p.i.AbstractProblemLoader Creating init config 
806093     DEBUG main            d.u.i.k.p.i.AbstractProblemLoader Init config took 2.8s 
806127     INFO  main            d.u.i.k.p.i.AbstractProblemLoader Replaying proof ReadWrite[ReadWrite::read()].JML normal_behavior operation contract.0 
806136     DEBUG main            d.u.i.k.p.i.IntermediateProofReplayer Proof replay took 7.37ms 
806137     DEBUG main            d.u.i.k.p.r.p.TestFile    ... success: reloaded. 
806137     INFO  main            d.u.i.k.p.r.p.TestFile    Now processing file /home/runner/work/key/key/key.core/../key.ui/examples/heap/permissions/mulleretal/ReadWrite_write_contract.key 
806137     INFO  main            d.u.i.k.p.i.AbstractProblemLoader Loading environment from /home/runner/work/key/key/key.core/../key.ui/examples/heap/permissions/mulleretal/ReadWrite_write_contract.key 
806137     DEBUG main            d.u.i.k.p.i.AbstractProblemLoader Environment load took 60.1ns 
806138     INFO  main            d.u.i.k.p.i.AbstractProblemLoader Creating init config 
808961     DEBUG main            d.u.i.k.p.i.AbstractProblemLoader Init config took 2.82s 
808998     INFO  main            d.u.i.k.p.i.AbstractProblemLoader Replaying proof ReadWrite[ReadWrite::write()].JML normal_behavior operation contract.0 
808999     DEBUG main            d.u.i.k.p.i.IntermediateProofReplayer Proof replay took 3.1ns 
809103     INFO  main            d.u.i.k.p.r.p.TestFile    ... finished proof: closed. 
809744     INFO  main            d.u.i.k.p.i.AbstractProblemLoader Loading environment from /home/runner/work/key/key/key.core/../key.ui/examples/heap/permissions/mulleretal/ReadWrite_write_contract.key.proof 
809744     DEBUG main            d.u.i.k.p.i.AbstractProblemLoader Environment load took 88.31ns 
809745     INFO  main            d.u.i.k.p.i.AbstractProblemLoader Creating init config 
812716     DEBUG main            d.u.i.k.p.i.AbstractProblemLoader Init config took 2.97s 
812756     INFO  main            d.u.i.k.p.i.AbstractProblemLoader Replaying proof ReadWrite[ReadWrite::write()].JML normal_behavior operation contract.0 
812787     DEBUG main            d.u.i.k.p.i.IntermediateProofReplayer Proof replay took 29.35ms 
812788     DEBUG main            d.u.i.k.p.r.p.TestFile    ... success: reloaded. 
812789     INFO  main            d.u.i.k.p.r.p.TestFile    Now processing file /home/runner/work/key/key/key.core/../key.ui/examples/heap/permissions/mulleretal/ReadWrite_inv1_accessible.key 
812789     INFO  main            d.u.i.k.p.i.AbstractProblemLoader Loading environment from /home/runner/work/key/key/key.core/../key.ui/examples/heap/permissions/mulleretal/ReadWrite_inv1_accessible.key 
812790     DEBUG main            d.u.i.k.p.i.AbstractProblemLoader Environment load took 217.01ns 
812791     INFO  main            d.u.i.k.p.i.AbstractProblemLoader Creating init config 
815913     DEBUG main            d.u.i.k.p.i.AbstractProblemLoader Init config took 3.12s 
815950     INFO  main            d.u.i.k.p.i.AbstractProblemLoader Replaying proof ReadWrite[java.lang.Object::<inv>()].JML accessible clause.0 
815952     DEBUG main            d.u.i.k.p.i.IntermediateProofReplayer Proof replay took 2.5ns 
816053     INFO  main            d.u.i.k.p.r.p.TestFile    ... finished proof: closed. 
816691     INFO  main            d.u.i.k.p.i.AbstractProblemLoader Loading environment from /home/runner/work/key/key/key.core/../key.ui/examples/heap/permissions/mulleretal/ReadWrite_inv1_accessible.key.proof 
816691     DEBUG main            d.u.i.k.p.i.AbstractProblemLoader Environment load took 86.81ns 
816692     INFO  main            d.u.i.k.p.i.AbstractProblemLoader Creating init config 
819519     DEBUG main            d.u.i.k.p.i.AbstractProblemLoader Init config took 2.83s 
819556     INFO  main            d.u.i.k.p.i.AbstractProblemLoader Replaying proof ReadWrite[java.lang.Object::<inv>()].JML accessible clause.0 
819559     DEBUG main            d.u.i.k.p.i.IntermediateProofReplayer Proof replay took 1.75ms 
819560     DEBUG main            d.u.i.k.p.r.p.TestFile    ... success: reloaded. 
819560     INFO  main            d.u.i.k.p.r.p.TestFile    Now processing file /home/runner/work/key/key/key.core/../key.ui/examples/heap/permissions/mulleretal/ReadWrite_inv2_accessible.key 
819560     INFO  main            d.u.i.k.p.i.AbstractProblemLoader Loading environment from /home/runner/work/key/key/key.core/../key.ui/examples/heap/permissions/mulleretal/ReadWrite_inv2_accessible.key 
819561     DEBUG main            d.u.i.k.p.i.AbstractProblemLoader Environment load took 47.1ns 
819561     INFO  main            d.u.i.k.p.i.AbstractProblemLoader Creating init config 
822573     DEBUG main            d.u.i.k.p.i.AbstractProblemLoader Init config took 3.01s 
822615     INFO  main            d.u.i.k.p.i.AbstractProblemLoader Replaying proof ReadWrite[java.lang.Object::<inv>()].JML accessible clause.1 
822617     DEBUG main            d.u.i.k.p.i.IntermediateProofReplayer Proof replay took 3.5ns 
822718     INFO  main            d.u.i.k.p.r.p.TestFile    ... finished proof: closed. 
823359     INFO  main            d.u.i.k.p.i.AbstractProblemLoader Loading environment from /home/runner/work/key/key/key.core/../key.ui/examples/heap/permissions/mulleretal/ReadWrite_inv2_accessible.key.proof 
823359     DEBUG main            d.u.i.k.p.i.AbstractProblemLoader Environment load took 85.11ns 
823360     INFO  main            d.u.i.k.p.i.AbstractProblemLoader Creating init config 
826305     DEBUG main            d.u.i.k.p.i.AbstractProblemLoader Init config took 2.94s 
826340     INFO  main            d.u.i.k.p.i.AbstractProblemLoader Replaying proof ReadWrite[java.lang.Object::<inv>()].JML accessible clause.1 
826343     DEBUG main            d.u.i.k.p.i.IntermediateProofReplayer Proof replay took 1.68ms 
826343     DEBUG main            d.u.i.k.p.r.p.TestFile    ... success: reloaded. 
826344     INFO  main            d.u.i.k.p.r.p.TestFile    Now processing file /home/runner/work/key/key/key.core/../key.ui/examples/heap/permissions/lockspec/Counter_lockConsistent_contract.key 
826344     INFO  main            d.u.i.k.p.i.AbstractProblemLoader Loading environment from /home/runner/work/key/key/key.core/../key.ui/examples/heap/permissions/lockspec/Counter_lockConsistent_contract.key 
826344     DEBUG main            d.u.i.k.p.i.AbstractProblemLoader Environment load took 46ns 
826345     INFO  main            d.u.i.k.p.i.AbstractProblemLoader Creating init config 
830076     DEBUG main            d.u.i.k.p.i.AbstractProblemLoader Init config took 3.73s 
830138     INFO  main            d.u.i.k.p.i.AbstractProblemLoader Replaying proof Counter[LockSpec::lockConsistent()].JML model_behavior operation contract.0 
830140     DEBUG main            d.u.i.k.p.i.IntermediateProofReplayer Proof replay took 3.1ns 
831350     INFO  main            d.u.i.k.p.r.p.TestFile    ... finished proof: closed. 
832011     INFO  main            d.u.i.k.p.i.AbstractProblemLoader Loading environment from /home/runner/work/key/key/key.core/../key.ui/examples/heap/permissions/lockspec/Counter_lockConsistent_contract.key.proof 
832011     DEBUG main            d.u.i.k.p.i.AbstractProblemLoader Environment load took 333.12ns 
832013     INFO  main            d.u.i.k.p.i.AbstractProblemLoader Creating init config 
835449     DEBUG main            d.u.i.k.p.i.AbstractProblemLoader Init config took 3.44s 
835511     INFO  main            d.u.i.k.p.i.AbstractProblemLoader Replaying proof Counter[LockSpec::lockConsistent()].JML model_behavior operation contract.0 
835803     DEBUG main            d.u.i.k.p.i.IntermediateProofReplayer Proof replay took 282.34ms 
835804     DEBUG main            d.u.i.k.p.r.p.TestFile    ... success: reloaded. 
835805     INFO  main            d.u.i.k.p.r.p.TestFile    Now processing file /home/runner/work/key/key/key.core/../key.ui/examples/heap/permissions/lockspec/Counter_increase_contract.key 
835805     INFO  main            d.u.i.k.p.i.AbstractProblemLoader Loading environment from /home/runner/work/key/key/key.core/../key.ui/examples/heap/permissions/lockspec/Counter_increase_contract.key 
835806     DEBUG main            d.u.i.k.p.i.AbstractProblemLoader Environment load took 172.71ns 
835807     INFO  main            d.u.i.k.p.i.AbstractProblemLoader Creating init config 
839433     DEBUG main            d.u.i.k.p.i.AbstractProblemLoader Init config took 3.63s 
839490     INFO  main            d.u.i.k.p.i.AbstractProblemLoader Replaying proof Counter[Counter::increase()].JML normal_behavior operation contract.0 
839497     DEBUG main            d.u.i.k.p.i.IntermediateProofReplayer Proof replay took 3.2ns 
841510     INFO  main            d.u.i.k.p.r.p.TestFile    ... finished proof: open goal(s) 
842180     INFO  main            d.u.i.k.p.r.p.TestFile    Now processing file /home/runner/work/key/key/key.core/../key.ui/examples/heap/permissions/lockspec/Counter_fp_accessible.key 
842181     INFO  main            d.u.i.k.p.i.AbstractProblemLoader Loading environment from /home/runner/work/key/key/key.core/../key.ui/examples/heap/permissions/lockspec/Counter_fp_accessible.key 
842181     DEBUG main            d.u.i.k.p.i.AbstractProblemLoader Environment load took 75ns 
842182     INFO  main            d.u.i.k.p.i.AbstractProblemLoader Creating init config 
845692     DEBUG main            d.u.i.k.p.i.AbstractProblemLoader Init config took 3.51s 
845744     INFO  main            d.u.i.k.p.i.AbstractProblemLoader Replaying proof Counter[LockSpec::fp()].JML accessible clause.0 
845745     DEBUG main            d.u.i.k.p.i.IntermediateProofReplayer Proof replay took 3ns 
845847     INFO  main            d.u.i.k.p.r.p.TestFile    ... finished proof: closed. 
846541     INFO  main            d.u.i.k.p.i.AbstractProblemLoader Loading environment from /home/runner/work/key/key/key.core/../key.ui/examples/heap/permissions/lockspec/Counter_fp_accessible.key.proof 
846541     DEBUG main            d.u.i.k.p.i.AbstractProblemLoader Environment load took 81ns 
846541     INFO  main            d.u.i.k.p.i.AbstractProblemLoader Creating init config 
849966     DEBUG main            d.u.i.k.p.i.AbstractProblemLoader Init config took 3.42s 
850031     INFO  main            d.u.i.k.p.i.AbstractProblemLoader Replaying proof Counter[LockSpec::fp()].JML accessible clause.0 
850053     DEBUG main            d.u.i.k.p.i.IntermediateProofReplayer Proof replay took 20.42ms 
850054     DEBUG main            d.u.i.k.p.r.p.TestFile    ... success: reloaded. 
850055     INFO  main            d.u.i.k.p.r.p.TestFile    Now processing file /home/runner/work/key/key/key.core/../key.ui/examples/heap/permissions/lockspec/Counter_fpLock_accessible.key 
850055     INFO  main            d.u.i.k.p.i.AbstractProblemLoader Loading environment from /home/runner/work/key/key/key.core/../key.ui/examples/heap/permissions/lockspec/Counter_fpLock_accessible.key 
850055     DEBUG main            d.u.i.k.p.i.AbstractProblemLoader Environment load took 147.71ns 
850056     INFO  main            d.u.i.k.p.i.AbstractProblemLoader Creating init config 
853646     DEBUG main            d.u.i.k.p.i.AbstractProblemLoader Init config took 3.59s 
853730     INFO  main            d.u.i.k.p.i.AbstractProblemLoader Replaying proof Counter[LockSpec::fpLock()].JML accessible clause.0 
853732     DEBUG main            d.u.i.k.p.i.IntermediateProofReplayer Proof replay took 3.5ns 
853833     INFO  main            d.u.i.k.p.r.p.TestFile    ... finished proof: closed. 
854517     INFO  main            d.u.i.k.p.i.AbstractProblemLoader Loading environment from /home/runner/work/key/key/key.core/../key.ui/examples/heap/permissions/lockspec/Counter_fpLock_accessible.key.proof 
854517     DEBUG main            d.u.i.k.p.i.AbstractProblemLoader Environment load took 81.81ns 
854518     INFO  main            d.u.i.k.p.i.AbstractProblemLoader Creating init config 
858111     DEBUG main            d.u.i.k.p.i.AbstractProblemLoader Init config took 3.58s 
858194     INFO  main            d.u.i.k.p.i.AbstractProblemLoader Replaying proof Counter[LockSpec::fpLock()].JML accessible clause.0 
858215     DEBUG main            d.u.i.k.p.i.IntermediateProofReplayer Proof replay took 18.54ms 
858216     DEBUG main            d.u.i.k.p.r.p.TestFile    ... success: reloaded. 
858217     INFO  main            d.u.i.k.p.r.p.TestFile    Now processing file /home/runner/work/key/key/key.core/../key.ui/examples/heap/permissions/lockspec/Counter_fpPerm_accessible.key 
858218     INFO  main            d.u.i.k.p.i.AbstractProblemLoader Loading environment from /home/runner/work/key/key/key.core/../key.ui/examples/heap/permissions/lockspec/Counter_fpPerm_accessible.key 
858218     DEBUG main            d.u.i.k.p.i.AbstractProblemLoader Environment load took 217.71ns 
858219     INFO  main            d.u.i.k.p.i.AbstractProblemLoader Creating init config 
861681     DEBUG main            d.u.i.k.p.i.AbstractProblemLoader Init config took 3.46s 
861736     INFO  main            d.u.i.k.p.i.AbstractProblemLoader Replaying proof Counter[LockSpec::fpPerm()].JML accessible clause.0 
861737     DEBUG main            d.u.i.k.p.i.IntermediateProofReplayer Proof replay took 2.9ns 
861839     INFO  main            d.u.i.k.p.r.p.TestFile    ... finished proof: closed. 
862520     INFO  main            d.u.i.k.p.i.AbstractProblemLoader Loading environment from /home/runner/work/key/key/key.core/../key.ui/examples/heap/permissions/lockspec/Counter_fpPerm_accessible.key.proof 
862520     DEBUG main            d.u.i.k.p.i.AbstractProblemLoader Environment load took 81.41ns 
862521     INFO  main            d.u.i.k.p.i.AbstractProblemLoader Creating init config 
865991     DEBUG main            d.u.i.k.p.i.AbstractProblemLoader Init config took 3.47s 
866060     INFO  main            d.u.i.k.p.i.AbstractProblemLoader Replaying proof Counter[LockSpec::fpPerm()].JML accessible clause.0 
866074     DEBUG main            d.u.i.k.p.i.IntermediateProofReplayer Proof replay took 12.23ms 
866075     DEBUG main            d.u.i.k.p.r.p.TestFile    ... success: reloaded. 
866076     INFO  main            d.u.i.k.p.r.p.TestFile    Now processing file /home/runner/work/key/key/key.core/../key.ui/examples/heap/permissions/lockspec/Counter_inv_accessible1.key 
866077     INFO  main            d.u.i.k.p.i.AbstractProblemLoader Loading environment from /home/runner/work/key/key/key.core/../key.ui/examples/heap/permissions/lockspec/Counter_inv_accessible1.key 
866077     DEBUG main            d.u.i.k.p.i.AbstractProblemLoader Environment load took 169.71ns 
866078     INFO  main            d.u.i.k.p.i.AbstractProblemLoader Creating init config 
869780     DEBUG main            d.u.i.k.p.i.AbstractProblemLoader Init config took 3.7s 
869847     INFO  main            d.u.i.k.p.i.AbstractProblemLoader Replaying proof Counter[java.lang.Object::<inv>()].JML accessible clause.0 
869848     DEBUG main            d.u.i.k.p.i.IntermediateProofReplayer Proof replay took 3.2ns 
869951     INFO  main            d.u.i.k.p.r.p.TestFile    ... finished proof: closed. 
870661     INFO  main            d.u.i.k.p.i.AbstractProblemLoader Loading environment from /home/runner/work/key/key/key.core/../key.ui/examples/heap/permissions/lockspec/Counter_inv_accessible1.key.proof 
870661     DEBUG main            d.u.i.k.p.i.AbstractProblemLoader Environment load took 88.11ns 
870662     INFO  main            d.u.i.k.p.i.AbstractProblemLoader Creating init config 
874053     DEBUG main            d.u.i.k.p.i.AbstractProblemLoader Init config took 3.39s 
874132     INFO  main            d.u.i.k.p.i.AbstractProblemLoader Replaying proof Counter[java.lang.Object::<inv>()].JML accessible clause.0 
874147     DEBUG main            d.u.i.k.p.i.IntermediateProofReplayer Proof replay took 13.3ms 
874148     DEBUG main            d.u.i.k.p.r.p.TestFile    ... success: reloaded. 
874149     INFO  main            d.u.i.k.p.r.p.TestFile    Now processing file /home/runner/work/key/key/key.core/../key.ui/examples/heap/permissions/lockspec/Counter_inv_accessible2.key 
874150     INFO  main            d.u.i.k.p.i.AbstractProblemLoader Loading environment from /home/runner/work/key/key/key.core/../key.ui/examples/heap/permissions/lockspec/Counter_inv_accessible2.key 
874150     DEBUG main            d.u.i.k.p.i.AbstractProblemLoader Environment load took 148.41ns 
874151     INFO  main            d.u.i.k.p.i.AbstractProblemLoader Creating init config 
877731     DEBUG main            d.u.i.k.p.i.AbstractProblemLoader Init config took 3.58s 
877790     INFO  main            d.u.i.k.p.i.AbstractProblemLoader Replaying proof Counter[java.lang.Object::<inv>()].JML accessible clause.1 
877792     DEBUG main            d.u.i.k.p.i.IntermediateProofReplayer Proof replay took 3.3ns 
877893     INFO  main            d.u.i.k.p.r.p.TestFile    ... finished proof: closed. 
878598     INFO  main            d.u.i.k.p.i.AbstractProblemLoader Loading environment from /home/runner/work/key/key/key.core/../key.ui/examples/heap/permissions/lockspec/Counter_inv_accessible2.key.proof 
878598     DEBUG main            d.u.i.k.p.i.AbstractProblemLoader Environment load took 88.5ns 
878599     INFO  main            d.u.i.k.p.i.AbstractProblemLoader Creating init config 
882113     DEBUG main            d.u.i.k.p.i.AbstractProblemLoader Init config took 3.51s 
882176     INFO  main            d.u.i.k.p.i.AbstractProblemLoader Replaying proof Counter[java.lang.Object::<inv>()].JML accessible clause.1 
882188     DEBUG main            d.u.i.k.p.i.IntermediateProofReplayer Proof replay took 10.47ms 
882189     DEBUG main            d.u.i.k.p.r.p.TestFile    ... success: reloaded. 
882190     INFO  main            d.u.i.k.p.r.p.TestFile    Now processing file /home/runner/work/key/key/key.core/../key.ui/examples/heap/permissions/lockspec/Counter_lockRef_accessible.key 
882190     INFO  main            d.u.i.k.p.i.AbstractProblemLoader Loading environment from /home/runner/work/key/key/key.core/../key.ui/examples/heap/permissions/lockspec/Counter_lockRef_accessible.key 
882190     DEBUG main            d.u.i.k.p.i.AbstractProblemLoader Environment load took 172.11ns 
882191     INFO  main            d.u.i.k.p.i.AbstractProblemLoader Creating init config 
885598     DEBUG main            d.u.i.k.p.i.AbstractProblemLoader Init config took 3.41s 
885657     INFO  main            d.u.i.k.p.i.AbstractProblemLoader Replaying proof Counter[LockSpec::lockRef()].JML accessible clause.0 
885659     DEBUG main            d.u.i.k.p.i.IntermediateProofReplayer Proof replay took 3.1ns 
885861     INFO  main            d.u.i.k.p.r.p.TestFile    ... finished proof: closed. 
886580     INFO  main            d.u.i.k.p.i.AbstractProblemLoader Loading environment from /home/runner/work/key/key/key.core/../key.ui/examples/heap/permissions/lockspec/Counter_lockRef_accessible.key.proof 
886580     DEBUG main            d.u.i.k.p.i.AbstractProblemLoader Environment load took 84.91ns 
886581     INFO  main            d.u.i.k.p.i.AbstractProblemLoader Creating init config 
890082     DEBUG main            d.u.i.k.p.i.AbstractProblemLoader Init config took 3.5s 
890140     INFO  main            d.u.i.k.p.i.AbstractProblemLoader Replaying proof Counter[LockSpec::lockRef()].JML accessible clause.0 
890180     DEBUG main            d.u.i.k.p.i.IntermediateProofReplayer Proof replay took 36.78ms 
890181     DEBUG main            d.u.i.k.p.r.p.TestFile    ... success: reloaded. 
890182     INFO  main            d.u.i.k.p.r.p.TestFile    Now processing file /home/runner/work/key/key/key.core/../key.ui/examples/heap/permissions/lockspec/Counter_lockRef_contract1.key 
890182     INFO  main            d.u.i.k.p.i.AbstractProblemLoader Loading environment from /home/runner/work/key/key/key.core/../key.ui/examples/heap/permissions/lockspec/Counter_lockRef_contract1.key 
890182     DEBUG main            d.u.i.k.p.i.AbstractProblemLoader Environment load took 184.71ns 
890183     INFO  main            d.u.i.k.p.i.AbstractProblemLoader Creating init config 
893671     DEBUG main            d.u.i.k.p.i.AbstractProblemLoader Init config took 3.49s 
893753     INFO  main            d.u.i.k.p.i.AbstractProblemLoader Replaying proof Counter[LockSpec::lockRef()].JML model_behavior operation contract.0 
893755     DEBUG main            d.u.i.k.p.i.IntermediateProofReplayer Proof replay took 4ns 
893857     INFO  main            d.u.i.k.p.r.p.TestFile    ... finished proof: closed. 
894558     INFO  main            d.u.i.k.p.i.AbstractProblemLoader Loading environment from /home/runner/work/key/key/key.core/../key.ui/examples/heap/permissions/lockspec/Counter_lockRef_contract1.key.proof 
894558     DEBUG main            d.u.i.k.p.i.AbstractProblemLoader Environment load took 85.5ns 
894559     INFO  main            d.u.i.k.p.i.AbstractProblemLoader Creating init config 
897927     DEBUG main            d.u.i.k.p.i.AbstractProblemLoader Init config took 3.37s 
897993     INFO  main            d.u.i.k.p.i.AbstractProblemLoader Replaying proof Counter[LockSpec::lockRef()].JML model_behavior operation contract.0 
897999     DEBUG main            d.u.i.k.p.i.IntermediateProofReplayer Proof replay took 4.34ms 
898000     DEBUG main            d.u.i.k.p.r.p.TestFile    ... success: reloaded. 
898001     INFO  main            d.u.i.k.p.r.p.TestFile    Now processing file /home/runner/work/key/key/key.core/../key.ui/examples/heap/permissions/lockspec/Counter_lockRef_contract2.key 
898002     INFO  main            d.u.i.k.p.i.AbstractProblemLoader Loading environment from /home/runner/work/key/key/key.core/../key.ui/examples/heap/permissions/lockspec/Counter_lockRef_contract2.key 
898002     DEBUG main            d.u.i.k.p.i.AbstractProblemLoader Environment load took 194.61ns 
898003     INFO  main            d.u.i.k.p.i.AbstractProblemLoader Creating init config 
901625     DEBUG main            d.u.i.k.p.i.AbstractProblemLoader Init config took 3.62s 
901679     INFO  main            d.u.i.k.p.i.AbstractProblemLoader Replaying proof Counter[Counter::lockRef()].JML model_behavior operation contract.0 
901680     DEBUG main            d.u.i.k.p.i.IntermediateProofReplayer Proof replay took 2.8ns 
901782     INFO  main            d.u.i.k.p.r.p.TestFile    ... finished proof: closed. 
902500     INFO  main            d.u.i.k.p.i.AbstractProblemLoader Loading environment from /home/runner/work/key/key/key.core/../key.ui/examples/heap/permissions/lockspec/Counter_lockRef_contract2.key.proof 
902500     DEBUG main            d.u.i.k.p.i.AbstractProblemLoader Environment load took 95.11ns 
902501     INFO  main            d.u.i.k.p.i.AbstractProblemLoader Creating init config 
905959     DEBUG main            d.u.i.k.p.i.AbstractProblemLoader Init config took 3.46s 
906020     INFO  main            d.u.i.k.p.i.AbstractProblemLoader Replaying proof Counter[Counter::lockRef()].JML model_behavior operation contract.0 
906025     DEBUG main            d.u.i.k.p.i.IntermediateProofReplayer Proof replay took 3.83ms 
906026     DEBUG main            d.u.i.k.p.r.p.TestFile    ... success: reloaded. 
906027     INFO  main            d.u.i.k.p.r.p.TestFile    Now processing file /home/runner/work/key/key/key.core/../key.ui/examples/heap/permissions/lockspec/Counter_lockState_accessible.key 
906030     INFO  main            d.u.i.k.p.i.AbstractProblemLoader Loading environment from /home/runner/work/key/key/key.core/../key.ui/examples/heap/permissions/lockspec/Counter_lockState_accessible.key 
906030     DEBUG main            d.u.i.k.p.i.AbstractProblemLoader Environment load took 164.21ns 
906031     INFO  main            d.u.i.k.p.i.AbstractProblemLoader Creating init config 
909649     DEBUG main            d.u.i.k.p.i.AbstractProblemLoader Init config took 3.62s 
909712     INFO  main            d.u.i.k.p.i.AbstractProblemLoader Replaying proof Counter[LockSpec::lockState(boolean)].JML accessible clause.0 
909713     DEBUG main            d.u.i.k.p.i.IntermediateProofReplayer Proof replay took 3.4ns 
909915     INFO  main            d.u.i.k.p.r.p.TestFile    ... finished proof: closed. 
910639     INFO  main            d.u.i.k.p.i.AbstractProblemLoader Loading environment from /home/runner/work/key/key/key.core/../key.ui/examples/heap/permissions/lockspec/Counter_lockState_accessible.key.proof 
910639     DEBUG main            d.u.i.k.p.i.AbstractProblemLoader Environment load took 118.11ns 
910639     INFO  main            d.u.i.k.p.i.AbstractProblemLoader Creating init config 
914064     DEBUG main            d.u.i.k.p.i.AbstractProblemLoader Init config took 3.42s 
914132     INFO  main            d.u.i.k.p.i.AbstractProblemLoader Replaying proof Counter[LockSpec::lockState(boolean)].JML accessible clause.0 
914186     DEBUG main            d.u.i.k.p.i.IntermediateProofReplayer Proof replay took 51.15ms 
914187     DEBUG main            d.u.i.k.p.r.p.TestFile    ... success: reloaded. 
914188     INFO  main            d.u.i.k.p.r.p.TestFile    Now processing file /home/runner/work/key/key/key.core/../key.ui/examples/heap/permissions/lockspec/Counter_lockStatus_accessible.key 
914189     INFO  main            d.u.i.k.p.i.AbstractProblemLoader Loading environment from /home/runner/work/key/key/key.core/../key.ui/examples/heap/permissions/lockspec/Counter_lockStatus_accessible.key 
914189     DEBUG main            d.u.i.k.p.i.AbstractProblemLoader Environment load took 182.31ns 
914190     INFO  main            d.u.i.k.p.i.AbstractProblemLoader Creating init config 
917884     DEBUG main            d.u.i.k.p.i.AbstractProblemLoader Init config took 3.69s 
917943     INFO  main            d.u.i.k.p.i.AbstractProblemLoader Replaying proof Counter[LockSpec::lockStatus(boolean)].JML accessible clause.0 
917944     DEBUG main            d.u.i.k.p.i.IntermediateProofReplayer Proof replay took 3ns 
918046     INFO  main            d.u.i.k.p.r.p.TestFile    ... finished proof: closed. 
918774     INFO  main            d.u.i.k.p.i.AbstractProblemLoader Loading environment from /home/runner/work/key/key/key.core/../key.ui/examples/heap/permissions/lockspec/Counter_lockStatus_accessible.key.proof 
918775     DEBUG main            d.u.i.k.p.i.AbstractProblemLoader Environment load took 90.21ns 
918775     INFO  main            d.u.i.k.p.i.AbstractProblemLoader Creating init config 
922378     DEBUG main            d.u.i.k.p.i.AbstractProblemLoader Init config took 3.6s 
922448     INFO  main            d.u.i.k.p.i.AbstractProblemLoader Replaying proof Counter[LockSpec::lockStatus(boolean)].JML accessible clause.0 
922468     DEBUG main            d.u.i.k.p.i.IntermediateProofReplayer Proof replay took 16.42ms 
922469     DEBUG main            d.u.i.k.p.r.p.TestFile    ... success: reloaded. 
922470     INFO  main            d.u.i.k.p.r.p.TestFile    Now processing file /home/runner/work/key/key/key.core/../key.ui/examples/heap/permissions/lockspec/Counter_lockTransfer_accessible.key 
922471     INFO  main            d.u.i.k.p.i.AbstractProblemLoader Loading environment from /home/runner/work/key/key/key.core/../key.ui/examples/heap/permissions/lockspec/Counter_lockTransfer_accessible.key 
922471     DEBUG main            d.u.i.k.p.i.AbstractProblemLoader Environment load took 208.41ns 
922472     INFO  main            d.u.i.k.p.i.AbstractProblemLoader Creating init config 
925941     DEBUG main            d.u.i.k.p.i.AbstractProblemLoader Init config took 3.47s 
925999     INFO  main            d.u.i.k.p.i.AbstractProblemLoader Replaying proof Counter[LockSpec::lockTransfer()].JML accessible clause.0 
926000     DEBUG main            d.u.i.k.p.i.IntermediateProofReplayer Proof replay took 2.7ns 
926202     INFO  main            d.u.i.k.p.r.p.TestFile    ... finished proof: closed. 
926944     INFO  main            d.u.i.k.p.i.AbstractProblemLoader Loading environment from /home/runner/work/key/key/key.core/../key.ui/examples/heap/permissions/lockspec/Counter_lockTransfer_accessible.key.proof 
926944     DEBUG main            d.u.i.k.p.i.AbstractProblemLoader Environment load took 93.01ns 
926944     INFO  main            d.u.i.k.p.i.AbstractProblemLoader Creating init config 
930304     DEBUG main            d.u.i.k.p.i.AbstractProblemLoader Init config took 3.36s 
930372     INFO  main            d.u.i.k.p.i.AbstractProblemLoader Replaying proof Counter[LockSpec::lockTransfer()].JML accessible clause.0 
930423     DEBUG main            d.u.i.k.p.i.IntermediateProofReplayer Proof replay took 47.5ms 
930424     DEBUG main            d.u.i.k.p.r.p.TestFile    ... success: reloaded. 
930425     INFO  main            d.u.i.k.p.r.p.TestFile    Now processing file /home/runner/work/key/key/key.core/../key.ui/examples/heap/permissions/lockspec/Counter_unlockTransfer_accessible.key 
930425     INFO  main            d.u.i.k.p.i.AbstractProblemLoader Loading environment from /home/runner/work/key/key/key.core/../key.ui/examples/heap/permissions/lockspec/Counter_unlockTransfer_accessible.key 
930425     DEBUG main            d.u.i.k.p.i.AbstractProblemLoader Environment load took 146.51ns 
930426     INFO  main            d.u.i.k.p.i.AbstractProblemLoader Creating init config 
933946     DEBUG main            d.u.i.k.p.i.AbstractProblemLoader Init config took 3.52s 
934029     INFO  main            d.u.i.k.p.i.AbstractProblemLoader Replaying proof Counter[LockSpec::unlockTransfer()].JML accessible clause.0 
934030     DEBUG main            d.u.i.k.p.i.IntermediateProofReplayer Proof replay took 3.1ns 
934340     INFO  main            d.u.i.k.p.r.p.TestFile    ... finished proof: closed. 
935119     INFO  main            d.u.i.k.p.i.AbstractProblemLoader Loading environment from /home/runner/work/key/key/key.core/../key.ui/examples/heap/permissions/lockspec/Counter_unlockTransfer_accessible.key.proof 
935119     DEBUG main            d.u.i.k.p.i.AbstractProblemLoader Environment load took 87.31ns 
935120     INFO  main            d.u.i.k.p.i.AbstractProblemLoader Creating init config 
938553     DEBUG main            d.u.i.k.p.i.AbstractProblemLoader Init config took 3.43s 
938619     INFO  main            d.u.i.k.p.i.AbstractProblemLoader Replaying proof Counter[LockSpec::unlockTransfer()].JML accessible clause.0 
938683     DEBUG main            d.u.i.k.p.i.IntermediateProofReplayer Proof replay took 59.9ms 
938684     DEBUG main            d.u.i.k.p.r.p.TestFile    ... success: reloaded. 
938685     INFO  main            d.u.i.k.p.r.p.TestFile    Now processing file /home/runner/work/key/key/key.core/../key.ui/examples/heap/permissions/threads/Plotter_startTransfer_contract.proof 
938685     INFO  main            d.u.i.k.p.i.AbstractProblemLoader Loading environment from /home/runner/work/key/key/key.core/../key.ui/examples/heap/permissions/threads/Plotter_startTransfer_contract.proof 
938685     DEBUG main            d.u.i.k.p.i.AbstractProblemLoader Environment load took 162.91ns 
938686     INFO  main            d.u.i.k.p.i.AbstractProblemLoader Creating init config 
944014     DEBUG main            d.u.i.k.p.i.AbstractProblemLoader Init config took 5.33s 
944195     INFO  main            d.u.i.k.p.i.AbstractProblemLoader Replaying proof Plotter[ThreadSpec2::startTransfer()].JML model_behavior operation contract.0 
944312     DEBUG main            d.u.i.k.p.i.IntermediateProofReplayer Proof replay took 103.7ms 
944313     INFO  main            d.u.i.k.p.r.p.TestFile    ... success: loaded 
944314     INFO  main            d.u.i.k.p.r.p.TestFile    Now processing file /home/runner/work/key/key/key.core/../key.ui/examples/heap/permissions/threads/Plotter_startTransfer_accessible.proof 
944315     INFO  main            d.u.i.k.p.i.AbstractProblemLoader Loading environment from /home/runner/work/key/key/key.core/../key.ui/examples/heap/permissions/threads/Plotter_startTransfer_accessible.proof 
944315     DEBUG main            d.u.i.k.p.i.AbstractProblemLoader Environment load took 176.31ns 
944316     INFO  main            d.u.i.k.p.i.AbstractProblemLoader Creating init config 
949526     DEBUG main            d.u.i.k.p.i.AbstractProblemLoader Init config took 5.21s 
949627     INFO  main            d.u.i.k.p.i.AbstractProblemLoader Replaying proof Plotter[ThreadSpec2::startTransfer()].JML accessible clause.0 
949774     DEBUG main            d.u.i.k.p.i.IntermediateProofReplayer Proof replay took 142.87ms 
949775     INFO  main            d.u.i.k.p.r.p.TestFile    ... success: loaded 
949776     INFO  main            d.u.i.k.p.r.p.TestFile    Now processing file /home/runner/work/key/key/key.core/../key.ui/examples/heap/permissions/threads/Plotter_joinTransfer_accessible.proof 
949777     INFO  main            d.u.i.k.p.i.AbstractProblemLoader Loading environment from /home/runner/work/key/key/key.core/../key.ui/examples/heap/permissions/threads/Plotter_joinTransfer_accessible.proof 
949777     DEBUG main            d.u.i.k.p.i.AbstractProblemLoader Environment load took 190.61ns 
949778     INFO  main            d.u.i.k.p.i.AbstractProblemLoader Creating init config 
955206     DEBUG main            d.u.i.k.p.i.AbstractProblemLoader Init config took 5.43s 
955297     INFO  main            d.u.i.k.p.i.AbstractProblemLoader Replaying proof Plotter[ThreadSpec2::joinTransfer()].JML accessible clause.0 
955305     WARN  main            d.u.i.k.p.i.IntermediateProofReplayer Proof contains wrong number of \assumes instatiations for Definition_axiom_for_stateInv_in_Plotter 
955307     WARN  main            d.u.i.k.p.i.IntermediateProofReplayer Proof contains wrong number of \assumes instatiations for Definition_axiom_for_stateInv_in_Plotter 
955308     WARN  main            d.u.i.k.p.i.IntermediateProofReplayer Proof contains wrong number of \assumes instatiations for Definition_axiom_for_workingPermissions_in_Plotter 
955309     WARN  main            d.u.i.k.p.i.IntermediateProofReplayer Proof contains wrong number of \assumes instatiations for Definition_axiom_for_staticPermissions_in_Plotter 
955310     WARN  main            d.u.i.k.p.i.IntermediateProofReplayer Proof contains wrong number of \assumes instatiations for Definition_axiom_for_joinTransfer_in_Plotter 
955311     WARN  main            d.u.i.k.p.i.IntermediateProofReplayer Proof contains wrong number of \assumes instatiations for Definition_axiom_for_stateInv_in_BFilter 
955313     WARN  main            d.u.i.k.p.i.IntermediateProofReplayer Proof contains wrong number of \assumes instatiations for Definition_axiom_for_stateInv_in_AFilter 
955315     WARN  main            d.u.i.k.p.i.IntermediateProofReplayer Proof contains wrong number of \assumes instatiations for Definition_axiom_for_stateInv_in_BFilter 
955317     WARN  main            d.u.i.k.p.i.IntermediateProofReplayer Proof contains wrong number of \assumes instatiations for Definition_axiom_for_stateInv_in_AFilter 
955318     WARN  main            d.u.i.k.p.i.IntermediateProofReplayer Proof contains wrong number of \assumes instatiations for Definition_axiom_for_staticPermissions_in_AFilter 
955319     WARN  main            d.u.i.k.p.i.IntermediateProofReplayer Proof contains wrong number of \assumes instatiations for Definition_axiom_for_staticPermissions_in_Plotter 
955320     WARN  main            d.u.i.k.p.i.IntermediateProofReplayer Proof contains wrong number of \assumes instatiations for Definition_axiom_for_staticPermissions_in_BFilter 
955321     WARN  main            d.u.i.k.p.i.IntermediateProofReplayer Proof contains wrong number of \assumes instatiations for Definition_axiom_for_workingPermissions_in_Plotter 
955322     WARN  main            d.u.i.k.p.i.IntermediateProofReplayer Proof contains wrong number of \assumes instatiations for Definition_axiom_for_stateInv_in_Sampler 
955323     WARN  main            d.u.i.k.p.i.IntermediateProofReplayer Proof contains wrong number of \assumes instatiations for Definition_axiom_for_stateInv_in_Sampler 
955323     WARN  main            d.u.i.k.p.i.IntermediateProofReplayer Proof contains wrong number of \assumes instatiations for Definition_axiom_for_staticPermissions_in_Sampler 
955324     WARN  main            d.u.i.k.p.i.IntermediateProofReplayer Proof contains wrong number of \assumes instatiations for Definition_axiom_for_staticPermissions_in_BFilter 
955325     WARN  main            d.u.i.k.p.i.IntermediateProofReplayer Proof contains wrong number of \assumes instatiations for Definition_axiom_for_staticPermissions_in_AFilter 
955326     WARN  main            d.u.i.k.p.i.IntermediateProofReplayer Proof contains wrong number of \assumes instatiations for Definition_axiom_for_staticPermissions_in_Sampler 
955327     WARN  main            d.u.i.k.p.i.IntermediateProofReplayer Proof contains wrong number of \assumes instatiations for Definition_axiom_for_staticPermissions_in_Sampler 
955328     WARN  main            d.u.i.k.p.i.IntermediateProofReplayer Proof contains wrong number of \assumes instatiations for Definition_axiom_for_staticPermissions_in_Sampler 
955328     WARN  main            d.u.i.k.p.i.IntermediateProofReplayer Proof contains wrong number of \assumes instatiations for Definition_axiom_for_joinTransfer_in_Plotter 
955432     DEBUG main            d.u.i.k.p.i.IntermediateProofReplayer Proof replay took 130.37ms 
955432     INFO  main            d.u.i.k.p.r.p.TestFile    ... success: loaded 
5526782    INFO  Test worker     d.u.i.k.p.r.RunAllProofsTestUnit Returning from test permissionHeap 
5526784    INFO  Test worker     d.u.i.k.p.r.RunAllProofsTestUnit Running test completionScopes 
361        INFO  Timeout watchdog d.u.i.k.p.r.p.ForkedTestFileRunner Timeout watcher launched (2000 secs.) 
391        WARN  main            d.u.i.k.s.ProofSettings   The settings in /home/runner/.key/proof-settings.props are *not* read. 
438        INFO  main            d.u.i.k.p.r.p.TestFile    Now processing file /home/runner/work/key/key/key.core/../key.ui/examples/completionscopes/testCcatchReturnVal.key 
662        INFO  main            d.u.i.k.p.i.AbstractProblemLoader Loading environment from /home/runner/work/key/key/key.core/../key.ui/examples/completionscopes/testCcatchReturnVal.key 
679        DEBUG main            d.u.i.k.p.i.AbstractProblemLoader Environment load took 2.11ms 
961        INFO  main            d.u.i.k.p.i.AbstractProblemLoader Creating init config 
1770       DEBUG main            d.u.i.k.j.TypeConverter   No LDT found for Meta 
1774       DEBUG main            d.u.i.k.j.TypeConverter   No LDT found for Meta 
1778       DEBUG main            d.u.i.k.j.TypeConverter   No LDT found for Meta 
1778       DEBUG main            d.u.i.k.j.TypeConverter   No LDT found for Meta 
3274       DEBUG main            d.u.i.k.j.TypeConverter   No LDT found for JavaBigintExpression 
8730       DEBUG main            d.u.i.k.p.i.AbstractProblemLoader Init config took 7.77s 
8914       INFO  main            d.u.i.k.p.i.AbstractProblemLoader Replaying proof CompletionScopes[CompletionScopes::testCcatchReturnVal()].JML normal_behavior operation contract.0 
8951       DEBUG main            d.u.i.k.p.i.IntermediateProofReplayer Proof replay took 33.6ns 
9401       INFO  main            d.u.i.k.p.r.p.TestFile    ... finished proof: closed. 
9540       INFO  main            d.u.i.k.p.i.AbstractProblemLoader Loading environment from /home/runner/work/key/key/key.core/../key.ui/examples/completionscopes/testCcatchReturnVal.key.proof 
9542       DEBUG main            d.u.i.k.p.i.AbstractProblemLoader Environment load took 2.3ms 
9545       INFO  main            d.u.i.k.p.i.AbstractProblemLoader Creating init config 
12773      DEBUG main            d.u.i.k.p.i.AbstractProblemLoader Init config took 3.23s 
12875      INFO  main            d.u.i.k.p.i.AbstractProblemLoader Replaying proof CompletionScopes[CompletionScopes::testCcatchReturnVal()].JML normal_behavior operation contract.0 
12957      DEBUG main            d.u.i.k.p.i.IntermediateProofReplayer Proof replay took 73.65ms 
12972      DEBUG main            d.u.i.k.p.r.p.TestFile    ... success: reloaded. 
12977      INFO  main            d.u.i.k.p.r.p.TestFile    Now processing file /home/runner/work/key/key/key.core/../key.ui/examples/completionscopes/testMultCcatchClauses.key 
12978      INFO  main            d.u.i.k.p.i.AbstractProblemLoader Loading environment from /home/runner/work/key/key/key.core/../key.ui/examples/completionscopes/testMultCcatchClauses.key 
12978      DEBUG main            d.u.i.k.p.i.AbstractProblemLoader Environment load took 248.82ns 
12981      INFO  main            d.u.i.k.p.i.AbstractProblemLoader Creating init config 
15994      DEBUG main            d.u.i.k.p.i.AbstractProblemLoader Init config took 3.01s 
16078      INFO  main            d.u.i.k.p.i.AbstractProblemLoader Replaying proof CompletionScopes[CompletionScopes::testMultCcatchClauses()].JML normal_behavior operation contract.0 
16081      DEBUG main            d.u.i.k.p.i.IntermediateProofReplayer Proof replay took 6.4ns 
16486      INFO  main            d.u.i.k.p.r.p.TestFile    ... finished proof: closed. 
16649      INFO  main            d.u.i.k.p.i.AbstractProblemLoader Loading environment from /home/runner/work/key/key/key.core/../key.ui/examples/completionscopes/testMultCcatchClauses.key.proof 
16651      DEBUG main            d.u.i.k.p.i.AbstractProblemLoader Environment load took 1.72ms 
16653      INFO  main            d.u.i.k.p.i.AbstractProblemLoader Creating init config 
19630      DEBUG main            d.u.i.k.p.i.AbstractProblemLoader Init config took 2.98s 
19685      INFO  main            d.u.i.k.p.i.AbstractProblemLoader Replaying proof CompletionScopes[CompletionScopes::testMultCcatchClauses()].JML normal_behavior operation contract.0 
19781      DEBUG main            d.u.i.k.p.i.IntermediateProofReplayer Proof replay took 92.83ms 
19783      DEBUG main            d.u.i.k.p.r.p.TestFile    ... success: reloaded. 
19784      INFO  main            d.u.i.k.p.r.p.TestFile    Now processing file /home/runner/work/key/key/key.core/../key.ui/examples/completionscopes/testNestedExec.key 
19785      INFO  main            d.u.i.k.p.i.AbstractProblemLoader Loading environment from /home/runner/work/key/key/key.core/../key.ui/examples/completionscopes/testNestedExec.key 
19785      DEBUG main            d.u.i.k.p.i.AbstractProblemLoader Environment load took 225.71ns 
19786      INFO  main            d.u.i.k.p.i.AbstractProblemLoader Creating init config 
22695      DEBUG main            d.u.i.k.p.i.AbstractProblemLoader Init config took 2.91s 
22748      INFO  main            d.u.i.k.p.i.AbstractProblemLoader Replaying proof CompletionScopes[CompletionScopes::testMultCcatchClauses()].JML normal_behavior operation contract.0 
22751      DEBUG main            d.u.i.k.p.i.IntermediateProofReplayer Proof replay took 6.7ns 
23054      INFO  main            d.u.i.k.p.r.p.TestFile    ... finished proof: closed. 
23211      INFO  main            d.u.i.k.p.i.AbstractProblemLoader Loading environment from /home/runner/work/key/key/key.core/../key.ui/examples/completionscopes/testNestedExec.key.proof 
23212      DEBUG main            d.u.i.k.p.i.AbstractProblemLoader Environment load took 373.42ns 
23213      INFO  main            d.u.i.k.p.i.AbstractProblemLoader Creating init config 
26054      DEBUG main            d.u.i.k.p.i.AbstractProblemLoader Init config took 2.84s 
26114      INFO  main            d.u.i.k.p.i.AbstractProblemLoader Replaying proof CompletionScopes[CompletionScopes::testMultCcatchClauses()].JML normal_behavior operation contract.0 
26187      DEBUG main            d.u.i.k.p.i.IntermediateProofReplayer Proof replay took 70.14ms 
26188      DEBUG main            d.u.i.k.p.r.p.TestFile    ... success: reloaded. 
26190      INFO  main            d.u.i.k.p.r.p.TestFile    Now processing file /home/runner/work/key/key/key.core/../key.ui/examples/completionscopes/testCcatchBreakLabel.key 
26190      INFO  main            d.u.i.k.p.i.AbstractProblemLoader Loading environment from /home/runner/work/key/key/key.core/../key.ui/examples/completionscopes/testCcatchBreakLabel.key 
26190      DEBUG main            d.u.i.k.p.i.AbstractProblemLoader Environment load took 198.31ns 
26192      INFO  main            d.u.i.k.p.i.AbstractProblemLoader Creating init config 
29142      DEBUG main            d.u.i.k.p.i.AbstractProblemLoader Init config took 2.95s 
29200      INFO  main            d.u.i.k.p.i.AbstractProblemLoader Replaying proof CompletionScopes[CompletionScopes::testBreakLabel()].JML normal_behavior operation contract.0 
29203      DEBUG main            d.u.i.k.p.i.IntermediateProofReplayer Proof replay took 5.7ns 
29228      DEBUG Thread-10       d.u.i.k.l.o.ProgramSV     Match failed: Former match of  SchemaVariable incompatible with  the current match. 
29306      INFO  main            d.u.i.k.p.r.p.TestFile    ... finished proof: closed. 
29505      INFO  main            d.u.i.k.p.i.AbstractProblemLoader Loading environment from /home/runner/work/key/key/key.core/../key.ui/examples/completionscopes/testCcatchBreakLabel.key.proof 
29505      DEBUG main            d.u.i.k.p.i.AbstractProblemLoader Environment load took 146.71ns 
29507      INFO  main            d.u.i.k.p.i.AbstractProblemLoader Creating init config 
32337      DEBUG main            d.u.i.k.p.i.AbstractProblemLoader Init config took 2.83s 
32384      INFO  main            d.u.i.k.p.i.AbstractProblemLoader Replaying proof CompletionScopes[CompletionScopes::testBreakLabel()].JML normal_behavior operation contract.0 
32393      DEBUG main            d.u.i.k.p.i.IntermediateProofReplayer Proof replay took 7.43ms 
32394      DEBUG main            d.u.i.k.p.r.p.TestFile    ... success: reloaded. 
32395      INFO  main            d.u.i.k.p.r.p.TestFile    Now processing file /home/runner/work/key/key/key.core/../key.ui/examples/completionscopes/testCcatchContinueLabel.key 
32395      INFO  main            d.u.i.k.p.i.AbstractProblemLoader Loading environment from /home/runner/work/key/key/key.core/../key.ui/examples/completionscopes/testCcatchContinueLabel.key 
32395      DEBUG main            d.u.i.k.p.i.AbstractProblemLoader Environment load took 102.81ns 
32396      INFO  main            d.u.i.k.p.i.AbstractProblemLoader Creating init config 
35225      DEBUG main            d.u.i.k.p.i.AbstractProblemLoader Init config took 2.83s 
35273      INFO  main            d.u.i.k.p.i.AbstractProblemLoader Replaying proof CompletionScopes[CompletionScopes::testContinueLabel()].JML normal_behavior operation contract.0 
35275      DEBUG main            d.u.i.k.p.i.IntermediateProofReplayer Proof replay took 6.4ns 
35297      DEBUG Thread-13       d.u.i.k.l.o.ProgramSV     Match failed: Former match of  SchemaVariable incompatible with  the current match. 
35380      INFO  main            d.u.i.k.p.r.p.TestFile    ... finished proof: closed. 
35576      INFO  main            d.u.i.k.p.i.AbstractProblemLoader Loading environment from /home/runner/work/key/key/key.core/../key.ui/examples/completionscopes/testCcatchContinueLabel.key.proof 
35576      DEBUG main            d.u.i.k.p.i.AbstractProblemLoader Environment load took 177.51ns 
35577      INFO  main            d.u.i.k.p.i.AbstractProblemLoader Creating init config 
38379      DEBUG main            d.u.i.k.p.i.AbstractProblemLoader Init config took 2.8s 
38428      INFO  main            d.u.i.k.p.i.AbstractProblemLoader Replaying proof CompletionScopes[CompletionScopes::testContinueLabel()].JML normal_behavior operation contract.0 
38439      DEBUG main            d.u.i.k.p.i.IntermediateProofReplayer Proof replay took 9.08ms 
38440      DEBUG main            d.u.i.k.p.r.p.TestFile    ... success: reloaded. 
38442      INFO  main            d.u.i.k.p.r.p.TestFile    Now processing file /home/runner/work/key/key/key.core/../key.ui/examples/completionscopes/testCcatchBreakLabelWildcard.key 
38442      INFO  main            d.u.i.k.p.i.AbstractProblemLoader Loading environment from /home/runner/work/key/key/key.core/../key.ui/examples/completionscopes/testCcatchBreakLabelWildcard.key 
38442      DEBUG main            d.u.i.k.p.i.AbstractProblemLoader Environment load took 198.41ns 
38444      INFO  main            d.u.i.k.p.i.AbstractProblemLoader Creating init config 
41340      DEBUG main            d.u.i.k.p.i.AbstractProblemLoader Init config took 2.9s 
41394      INFO  main            d.u.i.k.p.i.AbstractProblemLoader Replaying proof CompletionScopes[CompletionScopes::testBreakLabelWildcard()].JML normal_behavior operation contract.0 
41397      DEBUG main            d.u.i.k.p.i.IntermediateProofReplayer Proof replay took 7.7ns 
41422      DEBUG Thread-16       d.u.i.k.l.o.ProgramSV     Match failed: Former match of  SchemaVariable incompatible with  the current match. 
41423      DEBUG Thread-16       d.u.i.k.l.o.ProgramSV     Match failed: Former match of  SchemaVariable incompatible with  the current match. 
41505      INFO  main            d.u.i.k.p.r.p.TestFile    ... finished proof: closed. 
41784      INFO  main            d.u.i.k.p.i.AbstractProblemLoader Loading environment from /home/runner/work/key/key/key.core/../key.ui/examples/completionscopes/testCcatchBreakLabelWildcard.key.proof 
41784      DEBUG main            d.u.i.k.p.i.AbstractProblemLoader Environment load took 132.21ns 
41785      INFO  main            d.u.i.k.p.i.AbstractProblemLoader Creating init config 
44660      DEBUG main            d.u.i.k.p.i.AbstractProblemLoader Init config took 2.87s 
44714      INFO  main            d.u.i.k.p.i.AbstractProblemLoader Replaying proof CompletionScopes[CompletionScopes::testBreakLabelWildcard()].JML normal_behavior operation contract.0 
44728      DEBUG main            d.u.i.k.p.i.IntermediateProofReplayer Proof replay took 10.84ms 
44729      DEBUG main            d.u.i.k.p.r.p.TestFile    ... success: reloaded. 
44730      INFO  main            d.u.i.k.p.r.p.TestFile    Now processing file /home/runner/work/key/key/key.core/../key.ui/examples/completionscopes/testCcatchContinueLabelWildcard.key 
44731      INFO  main            d.u.i.k.p.i.AbstractProblemLoader Loading environment from /home/runner/work/key/key/key.core/../key.ui/examples/completionscopes/testCcatchContinueLabelWildcard.key 
44731      DEBUG main            d.u.i.k.p.i.AbstractProblemLoader Environment load took 204.41ns 
44732      INFO  main            d.u.i.k.p.i.AbstractProblemLoader Creating init config 
47710      DEBUG main            d.u.i.k.p.i.AbstractProblemLoader Init config took 2.98s 
47762      INFO  main            d.u.i.k.p.i.AbstractProblemLoader Replaying proof CompletionScopes[CompletionScopes::testContinueLabelWildcard()].JML normal_behavior operation contract.0 
47763      DEBUG main            d.u.i.k.p.i.IntermediateProofReplayer Proof replay took 7ns 
47783      DEBUG Thread-19       d.u.i.k.l.o.ProgramSV     Match failed: Former match of  SchemaVariable incompatible with  the current match. 
47784      DEBUG Thread-19       d.u.i.k.l.o.ProgramSV     Match failed: Former match of  SchemaVariable incompatible with  the current match. 
47866      INFO  main            d.u.i.k.p.r.p.TestFile    ... finished proof: closed. 
48053      INFO  main            d.u.i.k.p.i.AbstractProblemLoader Loading environment from /home/runner/work/key/key/key.core/../key.ui/examples/completionscopes/testCcatchContinueLabelWildcard.key.proof 
48053      DEBUG main            d.u.i.k.p.i.AbstractProblemLoader Environment load took 132.31ns 
48054      INFO  main            d.u.i.k.p.i.AbstractProblemLoader Creating init config 
50932      DEBUG main            d.u.i.k.p.i.AbstractProblemLoader Init config took 2.88s 
50975      INFO  main            d.u.i.k.p.i.AbstractProblemLoader Replaying proof CompletionScopes[CompletionScopes::testContinueLabelWildcard()].JML normal_behavior operation contract.0 
50986      DEBUG main            d.u.i.k.p.i.IntermediateProofReplayer Proof replay took 8.71ms 
50987      DEBUG main            d.u.i.k.p.r.p.TestFile    ... success: reloaded. 
50988      INFO  main            d.u.i.k.p.r.p.TestFile    Now processing file /home/runner/work/key/key/key.core/../key.ui/examples/completionscopes/testCcatchBreakLabelNonmatchingNested.key 
50988      INFO  main            d.u.i.k.p.i.AbstractProblemLoader Loading environment from /home/runner/work/key/key/key.core/../key.ui/examples/completionscopes/testCcatchBreakLabelNonmatchingNested.key 
50988      DEBUG main            d.u.i.k.p.i.AbstractProblemLoader Environment load took 91.21ns 
50989      INFO  main            d.u.i.k.p.i.AbstractProblemLoader Creating init config 
53891      DEBUG main            d.u.i.k.p.i.AbstractProblemLoader Init config took 2.9s 
53938      INFO  main            d.u.i.k.p.i.AbstractProblemLoader Replaying proof CompletionScopes[CompletionScopes::testBreakLabelNonmatchingNested()].JML normal_behavior operation contract.0 
53940      DEBUG main            d.u.i.k.p.i.IntermediateProofReplayer Proof replay took 7.7ns 
53960      DEBUG Thread-22       d.u.i.k.l.o.ProgramSV     Match failed: Former match of  SchemaVariable incompatible with  the current match. 
53961      DEBUG Thread-22       d.u.i.k.l.o.ProgramSV     Match failed: Former match of  SchemaVariable incompatible with  the current match. 
54043      INFO  main            d.u.i.k.p.r.p.TestFile    ... finished proof: closed. 
54239      INFO  main            d.u.i.k.p.i.AbstractProblemLoader Loading environment from /home/runner/work/key/key/key.core/../key.ui/examples/completionscopes/testCcatchBreakLabelNonmatchingNested.key.proof 
54239      DEBUG main            d.u.i.k.p.i.AbstractProblemLoader Environment load took 161.31ns 
54241      INFO  main            d.u.i.k.p.i.AbstractProblemLoader Creating init config 
57086      DEBUG main            d.u.i.k.p.i.AbstractProblemLoader Init config took 2.85s 
57130      INFO  main            d.u.i.k.p.i.AbstractProblemLoader Replaying proof CompletionScopes[CompletionScopes::testBreakLabelNonmatchingNested()].JML normal_behavior operation contract.0 
57141      DEBUG main            d.u.i.k.p.i.IntermediateProofReplayer Proof replay took 9.66ms 
57143      DEBUG main            d.u.i.k.p.r.p.TestFile    ... success: reloaded. 
5584126    INFO  Test worker     d.u.i.k.p.r.RunAllProofsTestUnit Returning from test completionScopes 
5584126    INFO  Test worker     d.u.i.k.p.r.RunAllProofsTestUnit Running test reload_examples 
377        INFO  Timeout watchdog d.u.i.k.p.r.p.ForkedTestFileRunner Timeout watcher launched (2000 secs.) 
381        WARN  main            d.u.i.k.s.ProofSettings   The settings in /home/runner/.key/proof-settings.props are *not* read. 
424        INFO  main            d.u.i.k.p.r.p.TestFile    Now processing file /home/runner/work/key/key/key.core/../key.ui/examples/firstTouch/05-ReverseArray/reverseArray.key 
610        INFO  main            d.u.i.k.p.i.AbstractProblemLoader Loading environment from /home/runner/work/key/key/key.core/../key.ui/examples/firstTouch/05-ReverseArray/reverseArray.key 
628        DEBUG main            d.u.i.k.p.i.AbstractProblemLoader Environment load took 2.06ms 
897        INFO  main            d.u.i.k.p.i.AbstractProblemLoader Creating init config 
1958       DEBUG main            d.u.i.k.j.TypeConverter   No LDT found for Meta 
1959       DEBUG main            d.u.i.k.j.TypeConverter   No LDT found for Meta 
1960       DEBUG main            d.u.i.k.j.TypeConverter   No LDT found for Meta 
1960       DEBUG main            d.u.i.k.j.TypeConverter   No LDT found for Meta 
3600       DEBUG main            d.u.i.k.j.TypeConverter   No LDT found for JavaBigintExpression 
9463       DEBUG main            d.u.i.k.p.i.AbstractProblemLoader Init config took 8.57s 
9584       INFO  main            d.u.i.k.p.i.AbstractProblemLoader Replaying proof ReverseArray[ReverseArray::reverse()].JML normal_behavior operation contract.0 
9636       DEBUG main            d.u.i.k.p.i.IntermediateProofReplayer Proof replay took 38.1ns 
21056      INFO  main            d.u.i.k.p.r.p.TestFile    ... finished proof: closed. 
21386      INFO  main            d.u.i.k.p.i.AbstractProblemLoader Loading environment from /home/runner/work/key/key/key.core/../key.ui/examples/firstTouch/05-ReverseArray/reverseArray.key.proof 
21386      DEBUG main            d.u.i.k.p.i.AbstractProblemLoader Environment load took 437.73ns 
21390      INFO  main            d.u.i.k.p.i.AbstractProblemLoader Creating init config 
24417      DEBUG main            d.u.i.k.p.i.AbstractProblemLoader Init config took 3.03s 
24477      INFO  main            d.u.i.k.p.i.AbstractProblemLoader Replaying proof ReverseArray[ReverseArray::reverse()].JML normal_behavior operation contract.0 
25869      DEBUG main            d.u.i.k.p.i.IntermediateProofReplayer Proof replay took 1.34s 
25889      DEBUG main            d.u.i.k.p.r.p.TestFile    ... success: reloaded. 
25891      INFO  main            d.u.i.k.p.r.p.TestFile    Now processing file /home/runner/work/key/key/key.core/../key.ui/examples/standard_key/arith/saveProofTest.key.proof 
25892      INFO  main            d.u.i.k.p.i.AbstractProblemLoader Loading environment from /home/runner/work/key/key/key.core/../key.ui/examples/standard_key/arith/saveProofTest.key.proof 
25892      DEBUG main            d.u.i.k.p.i.AbstractProblemLoader Environment load took 234.91ns 
25894      INFO  main            d.u.i.k.p.i.AbstractProblemLoader Creating init config 
28702      DEBUG main            d.u.i.k.p.i.AbstractProblemLoader Init config took 2.81s 
28727      INFO  main            d.u.i.k.p.i.AbstractProblemLoader Replaying proof saveProofTest.key.proof 
28735      DEBUG main            d.u.i.k.p.i.IntermediateProofReplayer Proof replay took 3.4ms 
28736      INFO  main            d.u.i.k.p.r.p.TestFile    ... success: loaded 
28737      INFO  main            d.u.i.k.p.r.p.TestFile    Now processing file /home/runner/work/key/key/key.core/../key.ui/examples/heap/permutedSum/perm.proof 
28738      INFO  main            d.u.i.k.p.i.AbstractProblemLoader Loading environment from /home/runner/work/key/key/key.core/../key.ui/examples/heap/permutedSum/perm.proof 
28738      DEBUG main            d.u.i.k.p.i.AbstractProblemLoader Environment load took 231.71ns 
28741      INFO  main            d.u.i.k.p.i.AbstractProblemLoader Creating init config 
31660      DEBUG main            d.u.i.k.p.i.AbstractProblemLoader Init config took 2.92s 
31754      INFO  main            d.u.i.k.p.i.AbstractProblemLoader Replaying proof Perm[Perm::foo()].JML normal_behavior operation contract.0 
33071      DEBUG main            d.u.i.k.p.i.IntermediateProofReplayer Proof replay took 1.27s 
33074      INFO  main            d.u.i.k.p.r.p.TestFile    ... success: loaded 
33076      INFO  main            d.u.i.k.p.r.p.TestFile    Now processing file /home/runner/work/key/key/key.core/../key.ui/examples/firstTouch/05-ReverseArray/reverseArray.proof 
33076      INFO  main            d.u.i.k.p.i.AbstractProblemLoader Loading environment from /home/runner/work/key/key/key.core/../key.ui/examples/firstTouch/05-ReverseArray/reverseArray.proof 
33076      DEBUG main            d.u.i.k.p.i.AbstractProblemLoader Environment load took 215.21ns 
33079      INFO  main            d.u.i.k.p.i.AbstractProblemLoader Creating init config 
35846      DEBUG main            d.u.i.k.p.i.AbstractProblemLoader Init config took 2.77s 
35888      INFO  main            d.u.i.k.p.i.AbstractProblemLoader Replaying proof ReverseArray[ReverseArray::reverse()].JML normal_behavior operation contract.0 
37023      DEBUG main            d.u.i.k.p.i.IntermediateProofReplayer Proof replay took 1.1s 
37026      INFO  main            d.u.i.k.p.r.p.TestFile    ... success: loaded 
37028      INFO  main            d.u.i.k.p.r.p.TestFile    Now processing file /home/runner/work/key/key/key.core/../key.ui/examples/heap/verifyThis15_1_RelaxedPrefix/relax.proof 
37028      INFO  main            d.u.i.k.p.i.AbstractProblemLoader Loading environment from /home/runner/work/key/key/key.core/../key.ui/examples/heap/verifyThis15_1_RelaxedPrefix/relax.proof 
37028      DEBUG main            d.u.i.k.p.i.AbstractProblemLoader Environment load took 214.31ns 
37031      INFO  main            d.u.i.k.p.i.AbstractProblemLoader Creating init config 
39842      DEBUG main            d.u.i.k.p.i.AbstractProblemLoader Init config took 2.81s 
39890      INFO  main            d.u.i.k.p.i.AbstractProblemLoader Replaying proof Relaxed[Relaxed::isRelaxedPrefix([I,[I)].JML operation contract.0 
40425      DEBUG main            d.u.i.k.p.i.IntermediateProofReplayer Proof replay took 516.92ms 
40426      INFO  main            d.u.i.k.p.r.p.TestFile    ... success: loaded 
40428      INFO  main            d.u.i.k.p.r.p.TestFile    Now processing file /home/runner/work/key/key/key.core/../key.ui/examples/heap/verifyThis15_3_DLL/doUndo.proof 
40428      INFO  main            d.u.i.k.p.i.AbstractProblemLoader Loading environment from /home/runner/work/key/key/key.core/../key.ui/examples/heap/verifyThis15_3_DLL/doUndo.proof 
40428      DEBUG main            d.u.i.k.p.i.AbstractProblemLoader Environment load took 193.01ns 
40431      INFO  main            d.u.i.k.p.i.AbstractProblemLoader Creating init config 
41458      DEBUG main            d.u.i.k.j.r.ClassPreparationMethodBuilder clPrepBuilder: Inner Class detected. Reject building class initialisation methods. 
43478      DEBUG main            d.u.i.k.p.i.AbstractProblemLoader Init config took 3.05s 
43567      INFO  main            d.u.i.k.p.i.AbstractProblemLoader Replaying proof DoubleLinkedList[DoubleLinkedList::doUndo(DoubleLinkedList.Node,int)].JML normal_behavior operation contract.0 
44405      DEBUG main            d.u.i.k.p.i.IntermediateProofReplayer Proof replay took 805.8ms 
44407      INFO  main            d.u.i.k.p.r.p.TestFile    ... success: loaded 
44409      INFO  main            d.u.i.k.p.r.p.TestFile    Now processing file /home/runner/work/key/key/key.core/../key.ui/examples/heap/verifyThis15_2_ParallelGcd/parallelGcd.proof 
44409      INFO  main            d.u.i.k.p.i.AbstractProblemLoader Loading environment from /home/runner/work/key/key/key.core/../key.ui/examples/heap/verifyThis15_2_ParallelGcd/parallelGcd.proof 
44409      DEBUG main            d.u.i.k.p.i.AbstractProblemLoader Environment load took 206.41ns 
44411      INFO  main            d.u.i.k.p.i.AbstractProblemLoader Creating init config 
47292      DEBUG main            d.u.i.k.p.i.AbstractProblemLoader Init config took 2.88s 
47343      INFO  main            d.u.i.k.p.i.AbstractProblemLoader Replaying proof ParallelGcd[ParallelGcd::parallelGcd(int,int,[Z)].JML behavior operation contract.0 
47926      DEBUG main            d.u.i.k.p.i.IntermediateProofReplayer Proof replay took 569.19ms 
47928      INFO  main            d.u.i.k.p.r.p.TestFile    ... success: loaded 
5632253    INFO  Test worker     d.u.i.k.p.r.RunAllProofsTestUnit Returning from test reload_examples 
5632254    INFO  Test worker     d.u.i.k.p.r.RunAllProofsTestUnit Running test proofLoadRepair 
423        INFO  Timeout watchdog d.u.i.k.p.r.p.ForkedTestFileRunner Timeout watcher launched (2000 secs.) 
436        WARN  main            d.u.i.k.s.ProofSettings   The settings in /home/runner/.key/proof-settings.props are *not* read. 
472        INFO  main            d.u.i.k.p.r.p.TestFile    Now processing file /home/runner/work/key/key/key.core/../key.ui/examples/proofLoadRepair/disjConj-manipulated.proof 
606        INFO  main            d.u.i.k.p.i.AbstractProblemLoader Loading environment from /home/runner/work/key/key/key.core/../key.ui/examples/proofLoadRepair/disjConj-manipulated.proof 
627        DEBUG main            d.u.i.k.p.i.AbstractProblemLoader Environment load took 2.17ms 
873        INFO  main            d.u.i.k.p.i.AbstractProblemLoader Creating init config 
1909       DEBUG main            d.u.i.k.j.TypeConverter   No LDT found for Meta 
1910       DEBUG main            d.u.i.k.j.TypeConverter   No LDT found for Meta 
1911       DEBUG main            d.u.i.k.j.TypeConverter   No LDT found for Meta 
1911       DEBUG main            d.u.i.k.j.TypeConverter   No LDT found for Meta 
3412       DEBUG main            d.u.i.k.j.TypeConverter   No LDT found for JavaBigintExpression 
8858       DEBUG main            d.u.i.k.p.i.AbstractProblemLoader Init config took 7.98s 
8915       INFO  main            d.u.i.k.p.i.AbstractProblemLoader Replaying proof disjConj-manipulated.proof 
8959       WARN  main            d.u.i.k.p.i.IntermediateProofReplayer Proof contains wrong number of \assumes instatiations for andLeft 
8960       WARN  main            d.u.i.k.p.i.IntermediateProofReplayer Proof contains wrong number of \assumes instatiations for replace_known_right 
8964       WARN  main            d.u.i.k.p.i.IntermediateProofReplayer Proof contains wrong number of \assumes instatiations for close 
8964       DEBUG main            d.u.i.k.p.i.IntermediateProofReplayer Proof replay took 16.15ms 
8968       INFO  main            d.u.i.k.p.r.p.TestFile    ... success: loaded 
8972       INFO  main            d.u.i.k.p.r.p.TestFile    Now processing file /home/runner/work/key/key/key.core/../key.ui/examples/proofLoadRepair/insufficient-manipulated.proof 
8972       INFO  main            d.u.i.k.p.i.AbstractProblemLoader Loading environment from /home/runner/work/key/key/key.core/../key.ui/examples/proofLoadRepair/insufficient-manipulated.proof 
8973       DEBUG main            d.u.i.k.p.i.AbstractProblemLoader Environment load took 212.01ns 
8976       INFO  main            d.u.i.k.p.i.AbstractProblemLoader Creating init config 
11980      DEBUG main            d.u.i.k.p.i.AbstractProblemLoader Init config took 3s 
11998      INFO  main            d.u.i.k.p.i.AbstractProblemLoader Replaying proof insufficient-manipulated.proof 
12014      WARN  main            d.u.i.k.p.i.IntermediateProofReplayer Proof contains wrong number of \assumes instatiations for applyEq 
12024      DEBUG main            d.u.i.k.p.i.IntermediateProofReplayer Proof replay took 12.42ms 
12026      INFO  main            d.u.i.k.p.r.p.TestFile    ... success: loading failed 
12027      INFO  main            d.u.i.k.p.r.p.TestFile    Now processing file /home/runner/work/key/key/key.core/../key.ui/examples/../../key.core/src/test/resources/testcase/issues/1716/incorrectPolarity.proof 
12028      INFO  main            d.u.i.k.p.i.AbstractProblemLoader Loading environment from /home/runner/work/key/key/key.core/../key.ui/examples/../../key.core/src/test/resources/testcase/issues/1716/incorrectPolarity.proof 
12028      DEBUG main            d.u.i.k.p.i.AbstractProblemLoader Environment load took 232.12ns 
12030      INFO  main            d.u.i.k.p.i.AbstractProblemLoader Creating init config 
15100      DEBUG main            d.u.i.k.p.i.AbstractProblemLoader Init config took 3.07s 
15126      INFO  main            d.u.i.k.p.i.AbstractProblemLoader Replaying proof incorrectPolarity.proof 
15128      DEBUG main            d.u.i.k.p.i.IntermediateProofReplayer Proof replay took 190.71ns 
15129      INFO  main            d.u.i.k.p.r.p.TestFile    ... success: loading failed 
15129      INFO  main            d.u.i.k.p.r.p.TestFile    Now processing file /home/runner/work/key/key/key.core/../key.ui/examples/../../key.core/src/test/resources/testcase/issues/1716/incorrectPolarity2.proof 
15130      INFO  main            d.u.i.k.p.i.AbstractProblemLoader Loading environment from /home/runner/work/key/key/key.core/../key.ui/examples/../../key.core/src/test/resources/testcase/issues/1716/incorrectPolarity2.proof 
15130      DEBUG main            d.u.i.k.p.i.AbstractProblemLoader Environment load took 148.21ns 
15131      INFO  main            d.u.i.k.p.i.AbstractProblemLoader Creating init config 
17945      DEBUG main            d.u.i.k.p.i.AbstractProblemLoader Init config took 2.81s 
17968      INFO  main            d.u.i.k.p.i.AbstractProblemLoader Replaying proof incorrectPolarity2.proof 
17970      DEBUG main            d.u.i.k.p.i.IntermediateProofReplayer Proof replay took 319.72ns 
17971      INFO  main            d.u.i.k.p.r.p.TestFile    ... success: loading failed 
17972      INFO  main            d.u.i.k.p.r.p.TestFile    Now processing file /home/runner/work/key/key/key.core/../key.ui/examples/../../key.core/src/test/resources/testcase/issues/1716/incorrectPolarity3.proof 
17972      INFO  main            d.u.i.k.p.i.AbstractProblemLoader Loading environment from /home/runner/work/key/key/key.core/../key.ui/examples/../../key.core/src/test/resources/testcase/issues/1716/incorrectPolarity3.proof 
17972      DEBUG main            d.u.i.k.p.i.AbstractProblemLoader Environment load took 184.41ns 
17974      INFO  main            d.u.i.k.p.i.AbstractProblemLoader Creating init config 
20655      DEBUG main            d.u.i.k.p.i.AbstractProblemLoader Init config took 2.68s 
20676      INFO  main            d.u.i.k.p.i.AbstractProblemLoader Replaying proof incorrectPolarity3.proof 
20680      DEBUG main            d.u.i.k.p.i.IntermediateProofReplayer Proof replay took 1.72ms 
20681      INFO  main            d.u.i.k.p.r.p.TestFile    ... success: loading failed 
5653112    INFO  Test worker     d.u.i.k.p.r.RunAllProofsTestUnit Returning from test proofLoadRepair 
5653113    INFO  Test worker     d.u.i.k.p.r.RunAllProofsTestUnit Running test switch 
382        INFO  Timeout watchdog d.u.i.k.p.r.p.ForkedTestFileRunner Timeout watcher launched (2000 secs.) 
403        WARN  main            d.u.i.k.s.ProofSettings   The settings in /home/runner/.key/proof-settings.props are *not* read. 
432        INFO  main            d.u.i.k.p.r.p.TestFile    Now processing file /home/runner/work/key/key/key.core/../key.ui/examples/standard_key/java_dl/switch/labeled_case.key 
546        INFO  main            d.u.i.k.p.i.AbstractProblemLoader Loading environment from /home/runner/work/key/key/key.core/../key.ui/examples/standard_key/java_dl/switch/labeled_case.key 
564        DEBUG main            d.u.i.k.p.i.AbstractProblemLoader Environment load took 2.18ms 
797        INFO  main            d.u.i.k.p.i.AbstractProblemLoader Creating init config 
1723       DEBUG main            d.u.i.k.j.TypeConverter   No LDT found for Meta 
1724       DEBUG main            d.u.i.k.j.TypeConverter   No LDT found for Meta 
1730       DEBUG main            d.u.i.k.j.TypeConverter   No LDT found for Meta 
1731       DEBUG main            d.u.i.k.j.TypeConverter   No LDT found for Meta 
3411       DEBUG main            d.u.i.k.j.TypeConverter   No LDT found for JavaBigintExpression 
8656       DEBUG main            d.u.i.k.p.i.AbstractProblemLoader Init config took 7.86s 
8786       INFO  main            d.u.i.k.p.i.AbstractProblemLoader Replaying proof LabeledCase[LabeledCase::m(int)].JML normal_behavior operation contract.0 
8819       DEBUG main            d.u.i.k.p.i.IntermediateProofReplayer Proof replay took 34.6ns 
9551       INFO  main            d.u.i.k.p.r.p.TestFile    ... finished proof: closed. 
9658       INFO  main            d.u.i.k.p.i.AbstractProblemLoader Loading environment from /home/runner/work/key/key/key.core/../key.ui/examples/standard_key/java_dl/switch/labeled_case.key.proof 
9658       DEBUG main            d.u.i.k.p.i.AbstractProblemLoader Environment load took 218.01ns 
9661       INFO  main            d.u.i.k.p.i.AbstractProblemLoader Creating init config 
12651      DEBUG main            d.u.i.k.p.i.AbstractProblemLoader Init config took 2.99s 
12716      INFO  main            d.u.i.k.p.i.AbstractProblemLoader Replaying proof LabeledCase[LabeledCase::m(int)].JML normal_behavior operation contract.0 
12818      DEBUG main            d.u.i.k.p.i.IntermediateProofReplayer Proof replay took 97.25ms 
12833      DEBUG main            d.u.i.k.p.r.p.TestFile    ... success: reloaded. 
12836      INFO  main            d.u.i.k.p.r.p.TestFile    Now processing file /home/runner/work/key/key/key.core/../key.ui/examples/standard_key/java_dl/switch/empty_switch.key 
12838      INFO  main            d.u.i.k.p.i.AbstractProblemLoader Loading environment from /home/runner/work/key/key/key.core/../key.ui/examples/standard_key/java_dl/switch/empty_switch.key 
12838      DEBUG main            d.u.i.k.p.i.AbstractProblemLoader Environment load took 206.01ns 
12839      INFO  main            d.u.i.k.p.i.AbstractProblemLoader Creating init config 
15599      DEBUG main            d.u.i.k.p.i.AbstractProblemLoader Init config took 2.76s 
15626      INFO  main            d.u.i.k.p.i.AbstractProblemLoader Replaying proof empty_switch.key 
15628      DEBUG main            d.u.i.k.p.i.IntermediateProofReplayer Proof replay took 6.6ns 
15731      INFO  main            d.u.i.k.p.r.p.TestFile    ... finished proof: closed. 
15871      INFO  main            d.u.i.k.p.i.AbstractProblemLoader Loading environment from /home/runner/work/key/key/key.core/../key.ui/examples/standard_key/java_dl/switch/empty_switch.key.proof 
15871      DEBUG main            d.u.i.k.p.i.AbstractProblemLoader Environment load took 154.71ns 
15872      INFO  main            d.u.i.k.p.i.AbstractProblemLoader Creating init config 
18643      DEBUG main            d.u.i.k.p.i.AbstractProblemLoader Init config took 2.77s 
18679      INFO  main            d.u.i.k.p.i.AbstractProblemLoader Replaying proof empty_switch.key.proof 
18688      DEBUG main            d.u.i.k.p.i.IntermediateProofReplayer Proof replay took 3.61ms 
18690      DEBUG main            d.u.i.k.p.r.p.TestFile    ... success: reloaded. 
18691      INFO  main            d.u.i.k.p.r.p.TestFile    Now processing file /home/runner/work/key/key/key.core/../key.ui/examples/standard_key/java_dl/switch/empty_switch_null.key 
18691      INFO  main            d.u.i.k.p.i.AbstractProblemLoader Loading environment from /home/runner/work/key/key/key.core/../key.ui/examples/standard_key/java_dl/switch/empty_switch_null.key 
18691      DEBUG main            d.u.i.k.p.i.AbstractProblemLoader Environment load took 96.51ns 
18693      INFO  main            d.u.i.k.p.i.AbstractProblemLoader Creating init config 
21359      DEBUG main            d.u.i.k.p.i.AbstractProblemLoader Init config took 2.67s 
21384      INFO  main            d.u.i.k.p.i.AbstractProblemLoader Replaying proof empty_switch_null.key 
21386      DEBUG main            d.u.i.k.p.i.IntermediateProofReplayer Proof replay took 6.5ns 
21590      INFO  main            d.u.i.k.p.r.p.TestFile    ... finished proof: closed. 
21728      INFO  main            d.u.i.k.p.i.AbstractProblemLoader Loading environment from /home/runner/work/key/key/key.core/../key.ui/examples/standard_key/java_dl/switch/empty_switch_null.key.proof 
21728      DEBUG main            d.u.i.k.p.i.AbstractProblemLoader Environment load took 744.25ns 
21732      INFO  main            d.u.i.k.p.i.AbstractProblemLoader Creating init config 
24306      DEBUG main            d.u.i.k.p.i.AbstractProblemLoader Init config took 2.57s 
24342      INFO  main            d.u.i.k.p.i.AbstractProblemLoader Replaying proof empty_switch_null.key.proof 
24434      DEBUG main            d.u.i.k.p.i.IntermediateProofReplayer Proof replay took 86.46ms 
24436      DEBUG main            d.u.i.k.p.r.p.TestFile    ... success: reloaded. 
24437      INFO  main            d.u.i.k.p.r.p.TestFile    Now processing file /home/runner/work/key/key/key.core/../key.ui/examples/standard_key/java_dl/switch/empty_switch_null_catch.key 
24438      INFO  main            d.u.i.k.p.i.AbstractProblemLoader Loading environment from /home/runner/work/key/key/key.core/../key.ui/examples/standard_key/java_dl/switch/empty_switch_null_catch.key 
24438      DEBUG main            d.u.i.k.p.i.AbstractProblemLoader Environment load took 115.01ns 
24440      INFO  main            d.u.i.k.p.i.AbstractProblemLoader Creating init config 
27060      DEBUG main            d.u.i.k.p.i.AbstractProblemLoader Init config took 2.62s 
27084      INFO  main            d.u.i.k.p.i.AbstractProblemLoader Replaying proof empty_switch_null_catch.key 
27086      DEBUG main            d.u.i.k.p.i.IntermediateProofReplayer Proof replay took 6.8ns 
27290      INFO  main            d.u.i.k.p.r.p.TestFile    ... finished proof: closed. 
27464      INFO  main            d.u.i.k.p.i.AbstractProblemLoader Loading environment from /home/runner/work/key/key/key.core/../key.ui/examples/standard_key/java_dl/switch/empty_switch_null_catch.key.proof 
27465      DEBUG main            d.u.i.k.p.i.AbstractProblemLoader Environment load took 381.02ns 
27466      INFO  main            d.u.i.k.p.i.AbstractProblemLoader Creating init config 
30054      DEBUG main            d.u.i.k.p.i.AbstractProblemLoader Init config took 2.59s 
30078      INFO  main            d.u.i.k.p.i.AbstractProblemLoader Replaying proof empty_switch_null_catch.key.proof 
30126      DEBUG main            d.u.i.k.p.i.IntermediateProofReplayer Proof replay took 44.62ms 
30127      DEBUG main            d.u.i.k.p.r.p.TestFile    ... success: reloaded. 
30128      INFO  main            d.u.i.k.p.r.p.TestFile    Now processing file /home/runner/work/key/key/key.core/../key.ui/examples/standard_key/java_dl/switch/empty_switch_array_out_of_bounds.key 
30128      INFO  main            d.u.i.k.p.i.AbstractProblemLoader Loading environment from /home/runner/work/key/key/key.core/../key.ui/examples/standard_key/java_dl/switch/empty_switch_array_out_of_bounds.key 
30128      DEBUG main            d.u.i.k.p.i.AbstractProblemLoader Environment load took 217.11ns 
30129      INFO  main            d.u.i.k.p.i.AbstractProblemLoader Creating init config 
32736      DEBUG main            d.u.i.k.p.i.AbstractProblemLoader Init config took 2.61s 
32758      INFO  main            d.u.i.k.p.i.AbstractProblemLoader Replaying proof empty_switch_array_out_of_bounds.key 
32761      DEBUG main            d.u.i.k.p.i.IntermediateProofReplayer Proof replay took 6.3ns 
32964      INFO  main            d.u.i.k.p.r.p.TestFile    ... finished proof: closed. 
33188      INFO  main            d.u.i.k.p.i.AbstractProblemLoader Loading environment from /home/runner/work/key/key/key.core/../key.ui/examples/standard_key/java_dl/switch/empty_switch_array_out_of_bounds.key.proof 
33188      DEBUG main            d.u.i.k.p.i.AbstractProblemLoader Environment load took 199.71ns 
33189      INFO  main            d.u.i.k.p.i.AbstractProblemLoader Creating init config 
35725      DEBUG main            d.u.i.k.p.i.AbstractProblemLoader Init config took 2.54s 
35745      INFO  main            d.u.i.k.p.i.AbstractProblemLoader Replaying proof empty_switch_array_out_of_bounds.key.proof 
35800      DEBUG main            d.u.i.k.p.i.IntermediateProofReplayer Proof replay took 52.57ms 
35801      DEBUG main            d.u.i.k.p.r.p.TestFile    ... success: reloaded. 
35802      INFO  main            d.u.i.k.p.r.p.TestFile    Now processing file /home/runner/work/key/key/key.core/../key.ui/examples/standard_key/java_dl/switch/empty_switch_array_out_of_bounds_catch.key 
35803      INFO  main            d.u.i.k.p.i.AbstractProblemLoader Loading environment from /home/runner/work/key/key/key.core/../key.ui/examples/standard_key/java_dl/switch/empty_switch_array_out_of_bounds_catch.key 
35803      DEBUG main            d.u.i.k.p.i.AbstractProblemLoader Environment load took 192.71ns 
35804      INFO  main            d.u.i.k.p.i.AbstractProblemLoader Creating init config 
38381      DEBUG main            d.u.i.k.p.i.AbstractProblemLoader Init config took 2.58s 
38402      INFO  main            d.u.i.k.p.i.AbstractProblemLoader Replaying proof empty_switch_array_out_of_bounds_catch.key 
38405      DEBUG main            d.u.i.k.p.i.IntermediateProofReplayer Proof replay took 6.9ns 
38611      INFO  main            d.u.i.k.p.r.p.TestFile    ... finished proof: closed. 
38855      INFO  main            d.u.i.k.p.i.AbstractProblemLoader Loading environment from /home/runner/work/key/key/key.core/../key.ui/examples/standard_key/java_dl/switch/empty_switch_array_out_of_bounds_catch.key.proof 
38855      DEBUG main            d.u.i.k.p.i.AbstractProblemLoader Environment load took 138.11ns 
38856      INFO  main            d.u.i.k.p.i.AbstractProblemLoader Creating init config 
41320      DEBUG main            d.u.i.k.p.i.AbstractProblemLoader Init config took 2.46s 
41341      INFO  main            d.u.i.k.p.i.AbstractProblemLoader Replaying proof empty_switch_array_out_of_bounds_catch.key.proof 
41382      DEBUG main            d.u.i.k.p.i.IntermediateProofReplayer Proof replay took 37.87ms 
41383      DEBUG main            d.u.i.k.p.r.p.TestFile    ... success: reloaded. 
41384      INFO  main            d.u.i.k.p.r.p.TestFile    Now processing file /home/runner/work/key/key/key.core/../key.ui/examples/standard_key/java_dl/switch/switch_in_switch.key 
41384      INFO  main            d.u.i.k.p.i.AbstractProblemLoader Loading environment from /home/runner/work/key/key/key.core/../key.ui/examples/standard_key/java_dl/switch/switch_in_switch.key 
41384      DEBUG main            d.u.i.k.p.i.AbstractProblemLoader Environment load took 223.81ns 
41385      INFO  main            d.u.i.k.p.i.AbstractProblemLoader Creating init config 
44007      DEBUG main            d.u.i.k.p.i.AbstractProblemLoader Init config took 2.62s 
44051      INFO  main            d.u.i.k.p.i.AbstractProblemLoader Replaying proof SwitchInSwitch[SwitchInSwitch::m(int)].JML normal_behavior operation contract.0 
44052      DEBUG main            d.u.i.k.p.i.IntermediateProofReplayer Proof replay took 5.7ns 
48888      INFO  main            d.u.i.k.p.r.p.TestFile    ... finished proof: closed. 
49169      INFO  main            d.u.i.k.p.i.AbstractProblemLoader Loading environment from /home/runner/work/key/key/key.core/../key.ui/examples/standard_key/java_dl/switch/switch_in_switch.key.proof 
49170      DEBUG main            d.u.i.k.p.i.AbstractProblemLoader Environment load took 391.62ns 
49172      INFO  main            d.u.i.k.p.i.AbstractProblemLoader Creating init config 
51780      DEBUG main            d.u.i.k.p.i.AbstractProblemLoader Init config took 2.61s 
51826      INFO  main            d.u.i.k.p.i.AbstractProblemLoader Replaying proof SwitchInSwitch[SwitchInSwitch::m(int)].JML normal_behavior operation contract.0 
52361      DEBUG main            d.u.i.k.p.i.IntermediateProofReplayer Proof replay took 496.07ms 
52363      DEBUG main            d.u.i.k.p.r.p.TestFile    ... success: reloaded. 
52364      INFO  main            d.u.i.k.p.r.p.TestFile    Now processing file /home/runner/work/key/key/key.core/../key.ui/examples/standard_key/java_dl/switch/while_and_switch.key 
52364      INFO  main            d.u.i.k.p.i.AbstractProblemLoader Loading environment from /home/runner/work/key/key/key.core/../key.ui/examples/standard_key/java_dl/switch/while_and_switch.key 
52365      DEBUG main            d.u.i.k.p.i.AbstractProblemLoader Environment load took 452.83ns 
52366      INFO  main            d.u.i.k.p.i.AbstractProblemLoader Creating init config 
55077      DEBUG main            d.u.i.k.p.i.AbstractProblemLoader Init config took 2.71s 
55128      INFO  main            d.u.i.k.p.i.AbstractProblemLoader Replaying proof WhileAndSwitch[WhileAndSwitch::m(int)].JML normal_behavior operation contract.0 
55131      DEBUG main            d.u.i.k.p.i.IntermediateProofReplayer Proof replay took 7.5ns 
55936      INFO  main            d.u.i.k.p.r.p.TestFile    ... finished proof: closed. 
56160      INFO  main            d.u.i.k.p.i.AbstractProblemLoader Loading environment from /home/runner/work/key/key/key.core/../key.ui/examples/standard_key/java_dl/switch/while_and_switch.key.proof 
56160      DEBUG main            d.u.i.k.p.i.AbstractProblemLoader Environment load took 429.53ns 
56162      INFO  main            d.u.i.k.p.i.AbstractProblemLoader Creating init config 
58683      DEBUG main            d.u.i.k.p.i.AbstractProblemLoader Init config took 2.52s 
58730      INFO  main            d.u.i.k.p.i.AbstractProblemLoader Replaying proof WhileAndSwitch[WhileAndSwitch::m(int)].JML normal_behavior operation contract.0 
58873      DEBUG main            d.u.i.k.p.i.IntermediateProofReplayer Proof replay took 136.13ms 
58874      DEBUG main            d.u.i.k.p.r.p.TestFile    ... success: reloaded. 
58876      INFO  main            d.u.i.k.p.r.p.TestFile    Now processing file /home/runner/work/key/key/key.core/../key.ui/examples/standard_key/java_dl/switch/large_switch.key 
58876      INFO  main            d.u.i.k.p.i.AbstractProblemLoader Loading environment from /home/runner/work/key/key/key.core/../key.ui/examples/standard_key/java_dl/switch/large_switch.key 
58876      DEBUG main            d.u.i.k.p.i.AbstractProblemLoader Environment load took 200.01ns 
58878      INFO  main            d.u.i.k.p.i.AbstractProblemLoader Creating init config 
61607      DEBUG main            d.u.i.k.p.i.AbstractProblemLoader Init config took 2.73s 
61657      INFO  main            d.u.i.k.p.i.AbstractProblemLoader Replaying proof LargeSwitch[LargeSwitch::m(int)].JML normal_behavior operation contract.0 
61659      DEBUG main            d.u.i.k.p.i.IntermediateProofReplayer Proof replay took 6.5ns 
63080      INFO  main            d.u.i.k.p.r.p.TestFile    ... finished proof: closed. 
63300      INFO  main            d.u.i.k.p.i.AbstractProblemLoader Loading environment from /home/runner/work/key/key/key.core/../key.ui/examples/standard_key/java_dl/switch/large_switch.key.proof 
63301      DEBUG main            d.u.i.k.p.i.AbstractProblemLoader Environment load took 413.83ns 
63303      INFO  main            d.u.i.k.p.i.AbstractProblemLoader Creating init config 
65928      DEBUG main            d.u.i.k.p.i.AbstractProblemLoader Init config took 2.62s 
65992      INFO  main            d.u.i.k.p.i.AbstractProblemLoader Replaying proof LargeSwitch[LargeSwitch::m(int)].JML normal_behavior operation contract.0 
66402      DEBUG main            d.u.i.k.p.i.IntermediateProofReplayer Proof replay took 389.57ms 
66404      DEBUG main            d.u.i.k.p.r.p.TestFile    ... success: reloaded. 
5719735    INFO  Test worker     d.u.i.k.p.r.RunAllProofsTestUnit Returning from test switch 
5719735    INFO  Test worker     d.u.i.k.p.r.RunAllProofsTestUnit Running test redux 
384        INFO  Timeout watchdog d.u.i.k.p.r.p.ForkedTestFileRunner Timeout watcher launched (2000 secs.) 
384        WARN  main            d.u.i.k.s.ProofSettings   The settings in /home/runner/.key/proof-settings.props are *not* read. 
421        INFO  main            d.u.i.k.p.r.p.TestFile    Now processing file /home/runner/work/key/key/key.core/../key.ui/examples/redux/arrays/Arrays.copyOf.key 
548        INFO  main            d.u.i.k.p.i.AbstractProblemLoader Loading environment from /home/runner/work/key/key/key.core/../key.ui/examples/redux/arrays/Arrays.copyOf.key 
577        DEBUG main            d.u.i.k.p.i.AbstractProblemLoader Environment load took 1.83ms 
800        INFO  main            d.u.i.k.p.i.AbstractProblemLoader Creating init config 
1767       DEBUG main            d.u.i.k.j.TypeConverter   No LDT found for Meta 
1768       DEBUG main            d.u.i.k.j.TypeConverter   No LDT found for Meta 
1772       DEBUG main            d.u.i.k.j.TypeConverter   No LDT found for Meta 
1772       DEBUG main            d.u.i.k.j.TypeConverter   No LDT found for Meta 
3254       DEBUG main            d.u.i.k.j.TypeConverter   No LDT found for JavaBigintExpression 
9099       DEBUG main            d.u.i.k.p.i.AbstractProblemLoader Init config took 8.3s 
9229       INFO  main            d.u.i.k.p.i.AbstractProblemLoader Replaying proof Arrays[Arrays::copyOf([I,int)].JML normal_behavior operation contract.0 
9263       DEBUG main            d.u.i.k.p.i.IntermediateProofReplayer Proof replay took 37.2ns 
14455      INFO  main            d.u.i.k.p.r.p.TestFile    ... finished proof: closed. 
14627      INFO  main            d.u.i.k.p.i.AbstractProblemLoader Loading environment from /home/runner/work/key/key/key.core/../key.ui/examples/redux/arrays/Arrays.copyOf.key.proof 
14628      DEBUG main            d.u.i.k.p.i.AbstractProblemLoader Environment load took 935.66ns 
14632      INFO  main            d.u.i.k.p.i.AbstractProblemLoader Creating init config 
18254      DEBUG main            d.u.i.k.p.i.AbstractProblemLoader Init config took 3.62s 
18324      INFO  main            d.u.i.k.p.i.AbstractProblemLoader Replaying proof Arrays[Arrays::copyOf([I,int)].JML normal_behavior operation contract.0 
18913      DEBUG main            d.u.i.k.p.i.IntermediateProofReplayer Proof replay took 549.05ms 
18924      DEBUG main            d.u.i.k.p.r.p.TestFile    ... success: reloaded. 
18925      INFO  main            d.u.i.k.p.r.p.TestFile    Now processing file /home/runner/work/key/key/key.core/../key.ui/examples/redux/arrays/Arrays.copyOf.float.key 
18926      INFO  main            d.u.i.k.p.i.AbstractProblemLoader Loading environment from /home/runner/work/key/key/key.core/../key.ui/examples/redux/arrays/Arrays.copyOf.float.key 
18926      DEBUG main            d.u.i.k.p.i.AbstractProblemLoader Environment load took 227.12ns 
18930      INFO  main            d.u.i.k.p.i.AbstractProblemLoader Creating init config 
22411      DEBUG main            d.u.i.k.p.i.AbstractProblemLoader Init config took 3.48s 
22466      INFO  main            d.u.i.k.p.i.AbstractProblemLoader Replaying proof Arrays[Arrays::copyOf([F,int)].JML normal_behavior operation contract.0 
22471      DEBUG main            d.u.i.k.p.i.IntermediateProofReplayer Proof replay took 5.5ns 
22498      DEBUG main            d.u.i.k.m.s.ProofScriptEngine 1: 'macro autopilot' 
27184      DEBUG main            d.u.i.k.m.s.ProofScriptEngine 2: 'smt solver=Z3' 
27273      INFO  main            d.u.i.k.m.s.SMTCommand    Finished run on goal 17 in 65ms, result is valid 
27274      DEBUG main            d.u.i.k.m.s.ProofScriptEngine 3: 'tryclose' 
29131      INFO  main            d.u.i.k.p.r.p.TestFile    ... finished proof: closed. 
29387      INFO  main            d.u.i.k.p.i.AbstractProblemLoader Loading environment from /home/runner/work/key/key/key.core/../key.ui/examples/redux/arrays/Arrays.copyOf.float.key.proof 
29390      DEBUG main            d.u.i.k.p.i.AbstractProblemLoader Environment load took 2.9ms 
29397      INFO  main            d.u.i.k.p.i.AbstractProblemLoader Creating init config 
32765      DEBUG main            d.u.i.k.p.i.AbstractProblemLoader Init config took 3.37s 
32822      INFO  main            d.u.i.k.p.i.AbstractProblemLoader Replaying proof Arrays[Arrays::copyOf([F,int)].JML normal_behavior operation contract.0 
32897      INFO  main            d.u.i.k.s.SMTFocusResults Analyzing unsat core: (L_6) 
33562      DEBUG main            d.u.i.k.p.i.IntermediateProofReplayer Proof replay took 720.76ms 
33564      DEBUG main            d.u.i.k.p.r.p.TestFile    ... success: reloaded. 
33565      INFO  main            d.u.i.k.p.r.p.TestFile    Now processing file /home/runner/work/key/key/key.core/../key.ui/examples/redux/arrays/Arrays.copyOfRange.key 
33566      INFO  main            d.u.i.k.p.i.AbstractProblemLoader Loading environment from /home/runner/work/key/key/key.core/../key.ui/examples/redux/arrays/Arrays.copyOfRange.key 
33566      DEBUG main            d.u.i.k.p.i.AbstractProblemLoader Environment load took 184.81ns 
33567      INFO  main            d.u.i.k.p.i.AbstractProblemLoader Creating init config 
37041      DEBUG main            d.u.i.k.p.i.AbstractProblemLoader Init config took 3.47s 
37087      INFO  main            d.u.i.k.p.i.AbstractProblemLoader Replaying proof Arrays[Arrays::copyOfRange([I,int,int)].JML normal_behavior operation contract.0 
37089      DEBUG main            d.u.i.k.p.i.IntermediateProofReplayer Proof replay took 5.4ns 
41746      INFO  main            d.u.i.k.p.r.p.TestFile    ... finished proof: closed. 
42004      INFO  main            d.u.i.k.p.i.AbstractProblemLoader Loading environment from /home/runner/work/key/key/key.core/../key.ui/examples/redux/arrays/Arrays.copyOfRange.key.proof 
42004      DEBUG main            d.u.i.k.p.i.AbstractProblemLoader Environment load took 192.71ns 
42006      INFO  main            d.u.i.k.p.i.AbstractProblemLoader Creating init config 
45281      DEBUG main            d.u.i.k.p.i.AbstractProblemLoader Init config took 3.27s 
45332      INFO  main            d.u.i.k.p.i.AbstractProblemLoader Replaying proof Arrays[Arrays::copyOfRange([I,int,int)].JML normal_behavior operation contract.0 
45883      DEBUG main            d.u.i.k.p.i.IntermediateProofReplayer Proof replay took 530.96ms 
45885      DEBUG main            d.u.i.k.p.r.p.TestFile    ... success: reloaded. 
45886      INFO  main            d.u.i.k.p.r.p.TestFile    Now processing file /home/runner/work/key/key/key.core/../key.ui/examples/redux/arrays/Arrays.copyOfRange.float.key 
45886      INFO  main            d.u.i.k.p.i.AbstractProblemLoader Loading environment from /home/runner/work/key/key/key.core/../key.ui/examples/redux/arrays/Arrays.copyOfRange.float.key 
45886      DEBUG main            d.u.i.k.p.i.AbstractProblemLoader Environment load took 196.51ns 
45887      INFO  main            d.u.i.k.p.i.AbstractProblemLoader Creating init config 
49188      DEBUG main            d.u.i.k.p.i.AbstractProblemLoader Init config took 3.3s 
49231      INFO  main            d.u.i.k.p.i.AbstractProblemLoader Replaying proof Arrays[Arrays::copyOfRange([F,int,int)].JML normal_behavior operation contract.0 
49233      DEBUG main            d.u.i.k.p.i.IntermediateProofReplayer Proof replay took 6ns 
49233      DEBUG main            d.u.i.k.m.s.ProofScriptEngine 1: 'macro autopilot' 
55375      DEBUG main            d.u.i.k.m.s.ProofScriptEngine 2: 'smt solver=Z3' 
55424      INFO  main            d.u.i.k.m.s.SMTCommand    Finished run on goal 27 in 46ms, result is valid 
55424      DEBUG main            d.u.i.k.m.s.ProofScriptEngine 3: 'tryclose' 
58942      INFO  main            d.u.i.k.p.r.p.TestFile    ... finished proof: closed. 
59166      INFO  main            d.u.i.k.p.i.AbstractProblemLoader Loading environment from /home/runner/work/key/key/key.core/../key.ui/examples/redux/arrays/Arrays.copyOfRange.float.key.proof 
59166      DEBUG main            d.u.i.k.p.i.AbstractProblemLoader Environment load took 397.52ns 
59169      INFO  main            d.u.i.k.p.i.AbstractProblemLoader Creating init config 
62461      DEBUG main            d.u.i.k.p.i.AbstractProblemLoader Init config took 3.29s 
62505      INFO  main            d.u.i.k.p.i.AbstractProblemLoader Replaying proof Arrays[Arrays::copyOfRange([F,int,int)].JML normal_behavior operation contract.0 
62576      INFO  main            d.u.i.k.s.SMTFocusResults Analyzing unsat core: (L_8) 
63495      DEBUG main            d.u.i.k.p.i.IntermediateProofReplayer Proof replay took 967.92ms 
63498      DEBUG main            d.u.i.k.p.r.p.TestFile    ... success: reloaded. 
63499      INFO  main            d.u.i.k.p.r.p.TestFile    Now processing file /home/runner/work/key/key/key.core/../key.ui/examples/redux/arrays/Arrays.equals.key 
63499      INFO  main            d.u.i.k.p.i.AbstractProblemLoader Loading environment from /home/runner/work/key/key/key.core/../key.ui/examples/redux/arrays/Arrays.equals.key 
63499      DEBUG main            d.u.i.k.p.i.AbstractProblemLoader Environment load took 95.71ns 
63500      INFO  main            d.u.i.k.p.i.AbstractProblemLoader Creating init config 
66830      DEBUG main            d.u.i.k.p.i.AbstractProblemLoader Init config took 3.33s 
66870      INFO  main            d.u.i.k.p.i.AbstractProblemLoader Replaying proof Arrays[Arrays::equals([B,[B)].JML normal_behavior operation contract.0 
66871      DEBUG main            d.u.i.k.p.i.IntermediateProofReplayer Proof replay took 5.7ns 
67378      INFO  main            d.u.i.k.p.r.p.TestFile    ... finished proof: closed. 
67668      INFO  main            d.u.i.k.p.i.AbstractProblemLoader Loading environment from /home/runner/work/key/key/key.core/../key.ui/examples/redux/arrays/Arrays.equals.key.proof 
67670      DEBUG main            d.u.i.k.p.i.AbstractProblemLoader Environment load took 1.24ms 
67671      INFO  main            d.u.i.k.p.i.AbstractProblemLoader Creating init config 
70838      DEBUG main            d.u.i.k.p.i.AbstractProblemLoader Init config took 3.17s 
70880      INFO  main            d.u.i.k.p.i.AbstractProblemLoader Replaying proof Arrays[Arrays::equals([B,[B)].JML normal_behavior operation contract.0 
71042      DEBUG main            d.u.i.k.p.i.IntermediateProofReplayer Proof replay took 157.31ms 
71043      DEBUG main            d.u.i.k.p.r.p.TestFile    ... success: reloaded. 
71044      INFO  main            d.u.i.k.p.r.p.TestFile    Now processing file /home/runner/work/key/key/key.core/../key.ui/examples/redux/arrays/Arrays.fill.key 
71044      INFO  main            d.u.i.k.p.i.AbstractProblemLoader Loading environment from /home/runner/work/key/key/key.core/../key.ui/examples/redux/arrays/Arrays.fill.key 
71044      DEBUG main            d.u.i.k.p.i.AbstractProblemLoader Environment load took 105.21ns 
71045      INFO  main            d.u.i.k.p.i.AbstractProblemLoader Creating init config 
74291      DEBUG main            d.u.i.k.p.i.AbstractProblemLoader Init config took 3.25s 
74348      INFO  main            d.u.i.k.p.i.AbstractProblemLoader Replaying proof Arrays[Arrays::fill([I,int)].JML normal_behavior operation contract.0 
74349      DEBUG main            d.u.i.k.p.i.IntermediateProofReplayer Proof replay took 5.8ns 
74553      INFO  main            d.u.i.k.p.r.p.TestFile    ... finished proof: closed. 
74744      INFO  main            d.u.i.k.p.i.AbstractProblemLoader Loading environment from /home/runner/work/key/key/key.core/../key.ui/examples/redux/arrays/Arrays.fill.key.proof 
74744      DEBUG main            d.u.i.k.p.i.AbstractProblemLoader Environment load took 124.71ns 
74745      INFO  main            d.u.i.k.p.i.AbstractProblemLoader Creating init config 
78012      DEBUG main            d.u.i.k.p.i.AbstractProblemLoader Init config took 3.27s 
78054      INFO  main            d.u.i.k.p.i.AbstractProblemLoader Replaying proof Arrays[Arrays::fill([I,int)].JML normal_behavior operation contract.0 
78085      DEBUG main            d.u.i.k.p.i.IntermediateProofReplayer Proof replay took 29.16ms 
78086      DEBUG main            d.u.i.k.p.r.p.TestFile    ... success: reloaded. 
78087      INFO  main            d.u.i.k.p.r.p.TestFile    Now processing file /home/runner/work/key/key/key.core/../key.ui/examples/redux/arrays/Arrays.fill.float.key 
78087      INFO  main            d.u.i.k.p.i.AbstractProblemLoader Loading environment from /home/runner/work/key/key/key.core/../key.ui/examples/redux/arrays/Arrays.fill.float.key 
78087      DEBUG main            d.u.i.k.p.i.AbstractProblemLoader Environment load took 189.51ns 
78088      INFO  main            d.u.i.k.p.i.AbstractProblemLoader Creating init config 
81296      DEBUG main            d.u.i.k.p.i.AbstractProblemLoader Init config took 3.21s 
81334      INFO  main            d.u.i.k.p.i.AbstractProblemLoader Replaying proof Arrays[Arrays::fill([F,float)].JML normal_behavior operation contract.0 
81336      DEBUG main            d.u.i.k.p.i.IntermediateProofReplayer Proof replay took 6.4ns 
81540      INFO  main            d.u.i.k.p.r.p.TestFile    ... finished proof: closed. 
81751      INFO  main            d.u.i.k.p.i.AbstractProblemLoader Loading environment from /home/runner/work/key/key/key.core/../key.ui/examples/redux/arrays/Arrays.fill.float.key.proof 
81752      DEBUG main            d.u.i.k.p.i.AbstractProblemLoader Environment load took 140.11ns 
81753      INFO  main            d.u.i.k.p.i.AbstractProblemLoader Creating init config 
84874      DEBUG main            d.u.i.k.p.i.AbstractProblemLoader Init config took 3.12s 
84934      INFO  main            d.u.i.k.p.i.AbstractProblemLoader Replaying proof Arrays[Arrays::fill([F,float)].JML normal_behavior operation contract.0 
84982      DEBUG main            d.u.i.k.p.i.IntermediateProofReplayer Proof replay took 44.53ms 
84984      DEBUG main            d.u.i.k.p.r.p.TestFile    ... success: reloaded. 
84985      INFO  main            d.u.i.k.p.r.p.TestFile    Now processing file /home/runner/work/key/key/key.core/../key.ui/examples/redux/arrays/Arrays.fillFromTo.key 
84985      INFO  main            d.u.i.k.p.i.AbstractProblemLoader Loading environment from /home/runner/work/key/key/key.core/../key.ui/examples/redux/arrays/Arrays.fillFromTo.key 
84985      DEBUG main            d.u.i.k.p.i.AbstractProblemLoader Environment load took 99.31ns 
84986      INFO  main            d.u.i.k.p.i.AbstractProblemLoader Creating init config 
88269      DEBUG main            d.u.i.k.p.i.AbstractProblemLoader Init config took 3.28s 
88308      INFO  main            d.u.i.k.p.i.AbstractProblemLoader Replaying proof Arrays[Arrays::fill([I,int,int,int)].JML normal_behavior operation contract.0 
88310      DEBUG main            d.u.i.k.p.i.IntermediateProofReplayer Proof replay took 6.1ns 
88914      INFO  main            d.u.i.k.p.r.p.TestFile    ... finished proof: closed. 
89174      INFO  main            d.u.i.k.p.i.AbstractProblemLoader Loading environment from /home/runner/work/key/key/key.core/../key.ui/examples/redux/arrays/Arrays.fillFromTo.key.proof 
89174      DEBUG main            d.u.i.k.p.i.AbstractProblemLoader Environment load took 174.21ns 
89175      INFO  main            d.u.i.k.p.i.AbstractProblemLoader Creating init config 
92388      DEBUG main            d.u.i.k.p.i.AbstractProblemLoader Init config took 3.21s 
92425      INFO  main            d.u.i.k.p.i.AbstractProblemLoader Replaying proof Arrays[Arrays::fill([I,int,int,int)].JML normal_behavior operation contract.0 
92536      DEBUG main            d.u.i.k.p.i.IntermediateProofReplayer Proof replay took 107.16ms 
92537      DEBUG main            d.u.i.k.p.r.p.TestFile    ... success: reloaded. 
92538      INFO  main            d.u.i.k.p.r.p.TestFile    Now processing file /home/runner/work/key/key/key.core/../key.ui/examples/redux/arrays/Arrays.fillFromTo.float.key 
92538      INFO  main            d.u.i.k.p.i.AbstractProblemLoader Loading environment from /home/runner/work/key/key/key.core/../key.ui/examples/redux/arrays/Arrays.fillFromTo.float.key 
92538      DEBUG main            d.u.i.k.p.i.AbstractProblemLoader Environment load took 67ns 
92539      INFO  main            d.u.i.k.p.i.AbstractProblemLoader Creating init config 
95712      DEBUG main            d.u.i.k.p.i.AbstractProblemLoader Init config took 3.17s 
95748      INFO  main            d.u.i.k.p.i.AbstractProblemLoader Replaying proof Arrays[Arrays::fill([F,int,int,float)].JML normal_behavior operation contract.0 
95749      DEBUG main            d.u.i.k.p.i.IntermediateProofReplayer Proof replay took 4.9ns 
96454      INFO  main            d.u.i.k.p.r.p.TestFile    ... finished proof: closed. 
96676      INFO  main            d.u.i.k.p.i.AbstractProblemLoader Loading environment from /home/runner/work/key/key/key.core/../key.ui/examples/redux/arrays/Arrays.fillFromTo.float.key.proof 
96676      DEBUG main            d.u.i.k.p.i.AbstractProblemLoader Environment load took 421.43ns 
96678      INFO  main            d.u.i.k.p.i.AbstractProblemLoader Creating init config 
99842      DEBUG main            d.u.i.k.p.i.AbstractProblemLoader Init config took 3.16s 
99895      INFO  main            d.u.i.k.p.i.AbstractProblemLoader Replaying proof Arrays[Arrays::fill([F,int,int,float)].JML normal_behavior operation contract.0 
100045     DEBUG main            d.u.i.k.p.i.IntermediateProofReplayer Proof replay took 137.12ms 
100046     DEBUG main            d.u.i.k.p.r.p.TestFile    ... success: reloaded. 
100047     INFO  main            d.u.i.k.p.r.p.TestFile    Now processing file /home/runner/work/key/key/key.core/../key.ui/examples/redux/arrays/ArrayCopy.arraycopy.normal.0.key 
100048     INFO  main            d.u.i.k.p.i.AbstractProblemLoader Loading environment from /home/runner/work/key/key/key.core/../key.ui/examples/redux/arrays/ArrayCopy.arraycopy.normal.0.key 
100048     DEBUG main            d.u.i.k.p.i.AbstractProblemLoader Environment load took 115.11ns 
100049     INFO  main            d.u.i.k.p.i.AbstractProblemLoader Creating init config 
103271     DEBUG main            d.u.i.k.p.i.AbstractProblemLoader Init config took 3.22s 
103307     INFO  main            d.u.i.k.p.i.AbstractProblemLoader Replaying proof ArrayCopy[ArrayCopy::arraycopy(java.lang.Object,int,java.lang.Object,int,int)].JML normal_behavior operation contract.0 
103308     DEBUG main            d.u.i.k.p.i.IntermediateProofReplayer Proof replay took 5.4ns 
109963     INFO  main            d.u.i.k.p.r.p.TestFile    ... finished proof: closed. 
110214     INFO  main            d.u.i.k.p.i.AbstractProblemLoader Loading environment from /home/runner/work/key/key/key.core/../key.ui/examples/redux/arrays/ArrayCopy.arraycopy.normal.0.key.proof 
110214     DEBUG main            d.u.i.k.p.i.AbstractProblemLoader Environment load took 372.52ns 
110216     INFO  main            d.u.i.k.p.i.AbstractProblemLoader Creating init config 
113293     DEBUG main            d.u.i.k.p.i.AbstractProblemLoader Init config took 3.08s 
113331     INFO  main            d.u.i.k.p.i.AbstractProblemLoader Replaying proof ArrayCopy[ArrayCopy::arraycopy(java.lang.Object,int,java.lang.Object,int,int)].JML normal_behavior operation contract.0 
114289     DEBUG main            d.u.i.k.p.i.IntermediateProofReplayer Proof replay took 940.92ms 
114290     DEBUG main            d.u.i.k.p.r.p.TestFile    ... success: reloaded. 
114291     INFO  main            d.u.i.k.p.r.p.TestFile    Now processing file /home/runner/work/key/key/key.core/../key.ui/examples/redux/arrays/ArrayCopy.arraycopy.exceptional.0.key 
114291     INFO  main            d.u.i.k.p.i.AbstractProblemLoader Loading environment from /home/runner/work/key/key/key.core/../key.ui/examples/redux/arrays/ArrayCopy.arraycopy.exceptional.0.key 
114291     DEBUG main            d.u.i.k.p.i.AbstractProblemLoader Environment load took 78.2ns 
114292     INFO  main            d.u.i.k.p.i.AbstractProblemLoader Creating init config 
117452     DEBUG main            d.u.i.k.p.i.AbstractProblemLoader Init config took 3.16s 
117513     INFO  main            d.u.i.k.p.i.AbstractProblemLoader Replaying proof ArrayCopy[ArrayCopy::arraycopy(java.lang.Object,int,java.lang.Object,int,int)].JML exceptional_behavior operation contract.0 
117514     DEBUG main            d.u.i.k.p.i.IntermediateProofReplayer Proof replay took 7ns 
117917     INFO  main            d.u.i.k.p.r.p.TestFile    ... finished proof: closed. 
118156     INFO  main            d.u.i.k.p.i.AbstractProblemLoader Loading environment from /home/runner/work/key/key/key.core/../key.ui/examples/redux/arrays/ArrayCopy.arraycopy.exceptional.0.key.proof 
118157     DEBUG main            d.u.i.k.p.i.AbstractProblemLoader Environment load took 411.53ns 
118158     INFO  main            d.u.i.k.p.i.AbstractProblemLoader Creating init config 
121405     DEBUG main            d.u.i.k.p.i.AbstractProblemLoader Init config took 3.25s 
121443     INFO  main            d.u.i.k.p.i.AbstractProblemLoader Replaying proof ArrayCopy[ArrayCopy::arraycopy(java.lang.Object,int,java.lang.Object,int,int)].JML exceptional_behavior operation contract.0 
121566     DEBUG main            d.u.i.k.p.i.IntermediateProofReplayer Proof replay took 120.01ms 
121567     DEBUG main            d.u.i.k.p.r.p.TestFile    ... success: reloaded. 
121568     INFO  main            d.u.i.k.p.r.p.TestFile    Now processing file /home/runner/work/key/key/key.core/../key.ui/examples/redux/arrays/ArrayCopy.arraycopy.exceptional.1.key 
121568     INFO  main            d.u.i.k.p.i.AbstractProblemLoader Loading environment from /home/runner/work/key/key/key.core/../key.ui/examples/redux/arrays/ArrayCopy.arraycopy.exceptional.1.key 
121568     DEBUG main            d.u.i.k.p.i.AbstractProblemLoader Environment load took 182.71ns 
121569     INFO  main            d.u.i.k.p.i.AbstractProblemLoader Creating init config 
124742     DEBUG main            d.u.i.k.p.i.AbstractProblemLoader Init config took 3.17s 
124781     INFO  main            d.u.i.k.p.i.AbstractProblemLoader Replaying proof ArrayCopy[ArrayCopy::arraycopy(java.lang.Object,int,java.lang.Object,int,int)].JML exceptional_behavior operation contract.1 
124783     DEBUG main            d.u.i.k.p.i.IntermediateProofReplayer Proof replay took 6.4ns 
131482     INFO  main            d.u.i.k.p.r.p.TestFile    ... finished proof: closed. 
131748     INFO  main            d.u.i.k.p.i.AbstractProblemLoader Loading environment from /home/runner/work/key/key/key.core/../key.ui/examples/redux/arrays/ArrayCopy.arraycopy.exceptional.1.key.proof 
131749     DEBUG main            d.u.i.k.p.i.AbstractProblemLoader Environment load took 403.82ns 
131754     INFO  main            d.u.i.k.p.i.AbstractProblemLoader Creating init config 
134941     DEBUG main            d.u.i.k.p.i.AbstractProblemLoader Init config took 3.19s 
134978     INFO  main            d.u.i.k.p.i.AbstractProblemLoader Replaying proof ArrayCopy[ArrayCopy::arraycopy(java.lang.Object,int,java.lang.Object,int,int)].JML exceptional_behavior operation contract.1 
136638     DEBUG main            d.u.i.k.p.i.IntermediateProofReplayer Proof replay took 1.64s 
136641     DEBUG main            d.u.i.k.p.r.p.TestFile    ... success: reloaded. 
5856553    INFO  Test worker     d.u.i.k.p.r.RunAllProofsTestUnit Returning from test redux 
]]></system-out>
  <system-err><![CDATA[Exception in thread "main" org.opentest4j.AssertionFailedError: Exception during the execution of proofs. See log for more details.
	at org.junit.jupiter.api.AssertionUtils.fail(AssertionUtils.java:38)
	at org.junit.jupiter.api.Assertions.fail(Assertions.java:135)
	at de.uka.ilkd.key.proof.runallproofs.proofcollection.ForkedTestFileRunner.main(ForkedTestFileRunner.java:192)
Exception in thread "main" org.opentest4j.AssertionFailedError: Exception during the execution of proofs. See log for more details.
	at org.junit.jupiter.api.AssertionUtils.fail(AssertionUtils.java:38)
	at org.junit.jupiter.api.Assertions.fail(Assertions.java:135)
	at de.uka.ilkd.key.proof.runallproofs.proofcollection.ForkedTestFileRunner.main(ForkedTestFileRunner.java:192)
Exception in thread "main" org.opentest4j.AssertionFailedError: Exception during the execution of proofs. See log for more details.
	at org.junit.jupiter.api.AssertionUtils.fail(AssertionUtils.java:38)
	at org.junit.jupiter.api.Assertions.fail(Assertions.java:135)
	at de.uka.ilkd.key.proof.runallproofs.proofcollection.ForkedTestFileRunner.main(ForkedTestFileRunner.java:192)
]]></system-err>
</testsuite>
