<?xml version="1.0" encoding="UTF-8"?>
<testsuite name="de.uka.ilkd.key.symbolic_execution.testcase.po.TestProgramMethodPO" tests="7" skipped="0" failures="0" errors="0" timestamp="2023-02-02T16:38:33" hostname="fv-az551-622" time="43.633">
  <properties/>
  <testcase name="testReturnMethod_Precondition()" classname="de.uka.ilkd.key.symbolic_execution.testcase.po.TestProgramMethodPO" time="6.271"/>
  <testcase name="testVoidMethod()" classname="de.uka.ilkd.key.symbolic_execution.testcase.po.TestProgramMethodPO" time="6.489"/>
  <testcase name="testComplicatedMethod()" classname="de.uka.ilkd.key.symbolic_execution.testcase.po.TestProgramMethodPO" time="6.197"/>
  <testcase name="testComplicatedMethod_Precondition()" classname="de.uka.ilkd.key.symbolic_execution.testcase.po.TestProgramMethodPO" time="6.178"/>
  <testcase name="testComplicatedInnerMethod()" classname="de.uka.ilkd.key.symbolic_execution.testcase.po.TestProgramMethodPO" time="6.079"/>
  <testcase name="testVoidMethod_Precondition()" classname="de.uka.ilkd.key.symbolic_execution.testcase.po.TestProgramMethodPO" time="6.028"/>
  <testcase name="testReturnMethod()" classname="de.uka.ilkd.key.symbolic_execution.testcase.po.TestProgramMethodPO" time="6.391"/>
  <system-out><![CDATA[]]></system-out>
  <system-err><![CDATA[]]></system-err>
</testsuite>
