<?xml version="1.0" encoding="UTF-8"?>
<testsuite name="de.uka.ilkd.key.parser.TestTermParserSorts" tests="2" skipped="0" failures="0" errors="0" timestamp="2023-04-03T15:01:04" hostname="fv-az283-283" time="2.89">
  <properties/>
  <testcase name="testParseIntegerArgs()" classname="de.uka.ilkd.key.parser.TestTermParserSorts" time="0.011"/>
  <testcase name="testParseSequencePrettySyntax()" classname="de.uka.ilkd.key.parser.TestTermParserSorts" time="0.001"/>
  <system-out><![CDATA[416180     INFO  Test worker     d.u.i.k.n.KeyIO           Parsing took 0 ms 
416180     INFO  Test worker     d.u.i.k.n.KeyIO           MODE: declarations took 0 ms 
416180     INFO  Test worker     d.u.i.k.n.KeyIO           Parsing took 0 ms 
416180     INFO  Test worker     d.u.i.k.n.KeyIO           MODE: declarations took 0 ms 
416180     INFO  Test worker     d.u.i.k.n.KeyIO           Parsing took 0 ms 
416180     INFO  Test worker     d.u.i.k.n.KeyIO           MODE: declarations took 0 ms 
419068     INFO  Test worker     d.u.i.k.n.KeyIO           Parsing took 0 ms 
419068     INFO  Test worker     d.u.i.k.n.KeyIO           MODE: declarations took 0 ms 
419068     INFO  Test worker     d.u.i.k.n.KeyIO           Parsing took 0 ms 
419068     INFO  Test worker     d.u.i.k.n.KeyIO           MODE: declarations took 0 ms 
419068     INFO  Test worker     d.u.i.k.n.KeyIO           Parsing took 0 ms 
419068     INFO  Test worker     d.u.i.k.n.KeyIO           MODE: declarations took 0 ms 
]]></system-out>
  <system-err><![CDATA[]]></system-err>
</testsuite>
