<?xml version="1.0" encoding="UTF-8"?>
<testsuite name="de.uka.ilkd.key.parser.TestDeclParser" tests="14" skipped="2" failures="0" errors="0" timestamp="2023-04-03T14:57:34" hostname="fv-az283-283" time="11.185">
  <properties/>
  <testcase name="testGenericSortDecl1()" classname="de.uka.ilkd.key.parser.TestDeclParser" time="0.982"/>
  <testcase name="testGenericSortDecl2()" classname="de.uka.ilkd.key.parser.TestDeclParser" time="0.879"/>
  <testcase name="testGenericSortDecl3()" classname="de.uka.ilkd.key.parser.TestDeclParser" time="0.943"/>
  <testcase name="testGenericSortDecl4()" classname="de.uka.ilkd.key.parser.TestDeclParser" time="0.948"/>
  <testcase name="testGenericSortDecl5()" classname="de.uka.ilkd.key.parser.TestDeclParser" time="0.002">
    <skipped/>
  </testcase>
  <testcase name="testGenericSortDecl6()" classname="de.uka.ilkd.key.parser.TestDeclParser" time="0.942"/>
  <testcase name="testSortDecl()" classname="de.uka.ilkd.key.parser.TestDeclParser" time="0.88"/>
  <testcase name="testProxySortDecl()" classname="de.uka.ilkd.key.parser.TestDeclParser" time="0.933"/>
  <testcase name="testArrayDecl()" classname="de.uka.ilkd.key.parser.TestDeclParser" time="0.936"/>
  <testcase name="testAmbiguousDecls()" classname="de.uka.ilkd.key.parser.TestDeclParser" time="0.0">
    <skipped/>
  </testcase>
  <testcase name="testHeurDecl()" classname="de.uka.ilkd.key.parser.TestDeclParser" time="0.937"/>
  <testcase name="testFunctionDecl()" classname="de.uka.ilkd.key.parser.TestDeclParser" time="0.914"/>
  <testcase name="testPredicateDecl()" classname="de.uka.ilkd.key.parser.TestDeclParser" time="0.951"/>
  <testcase name="testSVDecl()" classname="de.uka.ilkd.key.parser.TestDeclParser" time="0.932"/>
  <system-out><![CDATA[206897     INFO  Test worker     d.u.i.k.n.KeyIO           Parsing took 0 ms 
206898     INFO  Test worker     d.u.i.k.n.KeyIO           MODE: declarations took 0 ms 
207778     INFO  Test worker     d.u.i.k.n.KeyIO           Parsing took 0 ms 
207778     INFO  Test worker     d.u.i.k.n.KeyIO           MODE: declarations took 0 ms 
208722     INFO  Test worker     d.u.i.k.n.KeyIO           Parsing took 0 ms 
208722     INFO  Test worker     d.u.i.k.n.KeyIO           MODE: declarations took 0 ms 
209670     INFO  Test worker     d.u.i.k.n.KeyIO           Parsing took 0 ms 
209670     INFO  Test worker     d.u.i.k.n.KeyIO           MODE: declarations took 0 ms 
210616     INFO  Test worker     d.u.i.k.n.KeyIO           Parsing took 0 ms 
210617     INFO  Test worker     d.u.i.k.n.KeyIO           MODE: declarations took 0 ms 
211498     INFO  Test worker     d.u.i.k.n.KeyIO           Parsing took 0 ms 
211498     INFO  Test worker     d.u.i.k.n.KeyIO           MODE: declarations took 0 ms 
212430     INFO  Test worker     d.u.i.k.n.KeyIO           Parsing took 0 ms 
212431     INFO  Test worker     d.u.i.k.n.KeyIO           MODE: declarations took 0 ms 
213366     INFO  Test worker     d.u.i.k.n.KeyIO           Parsing took 0 ms 
213366     INFO  Test worker     d.u.i.k.n.KeyIO           MODE: declarations took 0 ms 
214304     INFO  Test worker     d.u.i.k.n.KeyIO           Parsing took 0 ms 
214304     INFO  Test worker     d.u.i.k.n.KeyIO           MODE: declarations took 0 ms 
215217     INFO  Test worker     d.u.i.k.n.KeyIO           Parsing took 0 ms 
215218     INFO  Test worker     d.u.i.k.n.KeyIO           MODE: declarations took 1 ms 
216168     INFO  Test worker     d.u.i.k.n.KeyIO           Parsing took 0 ms 
216169     INFO  Test worker     d.u.i.k.n.KeyIO           MODE: declarations took 1 ms 
217100     INFO  Test worker     d.u.i.k.n.KeyIO           Parsing took 0 ms 
217101     INFO  Test worker     d.u.i.k.n.KeyIO           MODE: declarations took 0 ms 
]]></system-out>
  <system-err><![CDATA[]]></system-err>
</testsuite>
