<?xml version="1.0" encoding="UTF-8"?>
<testsuite name="de.uka.ilkd.key.nparser.ExprTest" tests="23" skipped="0" failures="0" errors="0" timestamp="2023-04-03T14:57:22" hostname="fv-az283-283" time="2.221">
  <properties/>
  <testcase name="[1] (bprod{int y;}(1, 2, y) = 0)" classname="de.uka.ilkd.key.nparser.ExprTest" time="0.022"/>
  <testcase name="[2] 1 = 1 -&gt; 2 = 2" classname="de.uka.ilkd.key.nparser.ExprTest" time="0.017"/>
  <testcase name="[3] \&lt; { int x = 1; } \&gt; x=1" classname="de.uka.ilkd.key.nparser.ExprTest" time="0.953"/>
  <testcase name="[4] \&lt;{ int x = 1; {int s = 2;} }\&gt; x=x" classname="de.uka.ilkd.key.nparser.ExprTest" time="0.942"/>
  <testcase name="[5] true" classname="de.uka.ilkd.key.nparser.ExprTest" time="0.011"/>
  <testcase name="[6] true &amp; false" classname="de.uka.ilkd.key.nparser.ExprTest" time="0.01"/>
  <testcase name="[7] 0" classname="de.uka.ilkd.key.nparser.ExprTest" time="0.009"/>
  <testcase name="[8] 1" classname="de.uka.ilkd.key.nparser.ExprTest" time="0.01"/>
  <testcase name="[9] 42" classname="de.uka.ilkd.key.nparser.ExprTest" time="0.01"/>
  <testcase name="[10] -5" classname="de.uka.ilkd.key.nparser.ExprTest" time="0.01"/>
  <testcase name="[11] 1 + 1 = 2" classname="de.uka.ilkd.key.nparser.ExprTest" time="0.009"/>
  <testcase name="[12] \if (3=4) \then (1) \else (2)" classname="de.uka.ilkd.key.nparser.ExprTest" time="0.01"/>
  <testcase name="[13] \if (3=4 &amp; 1=1) \then (\if (3=4) \then (1) \else (2)) \else (2)" classname="de.uka.ilkd.key.nparser.ExprTest" time="0.01"/>
  <testcase name="[14] aa + bb*cc" classname="de.uka.ilkd.key.nparser.ExprTest" time="0.01"/>
  <testcase name="[15] aa%bb*cc &lt; -123" classname="de.uka.ilkd.key.nparser.ExprTest" time="0.009"/>
  <testcase name="[16] \forall int x; true" classname="de.uka.ilkd.key.nparser.ExprTest" time="0.01"/>
  <testcase name="[17] \forall numbers x; x = x" classname="de.uka.ilkd.key.nparser.ExprTest" time="0.009"/>
  <testcase name="[18] (int)3+2" classname="de.uka.ilkd.key.nparser.ExprTest" time="0.021"/>
  <testcase name="[19] 1.f + 1f = 20e-1f * (2f-1f)" classname="de.uka.ilkd.key.nparser.ExprTest" time="0.019"/>
  <testcase name="[20] 1.d + 1d &lt;= 20e+1d * .01d" classname="de.uka.ilkd.key.nparser.ExprTest" time="0.018"/>
  <testcase name="[21] 1f &lt;= 2f" classname="de.uka.ilkd.key.nparser.ExprTest" time="0.018"/>
  <testcase name="[22] 2d &gt; 1d" classname="de.uka.ilkd.key.nparser.ExprTest" time="0.019"/>
  <testcase name="[23] seqEmpty + seqEmpty" classname="de.uka.ilkd.key.nparser.ExprTest" time="0.028"/>
  <system-out><![CDATA[193900     INFO  Test worker     d.u.i.k.n.KeyIO           Parsing took 11 ms 
193903     INFO  Test worker     d.u.i.k.n.KeyIO           MODE: declarations took 2 ms 
193907     INFO  Test worker     d.u.i.k.n.ExprTest        Term: equals(bprod{y:int}(Z(1(#)),Z(2(#)),y),Z(0(#))) 
193921     INFO  Test worker     d.u.i.k.n.KeyIO           Parsing took 10 ms 
193922     INFO  Test worker     d.u.i.k.n.KeyIO           MODE: declarations took 1 ms 
193926     INFO  Test worker     d.u.i.k.n.ExprTest        Term: imp(equals(Z(1(#)),Z(1(#))),equals(Z(2(#)),Z(2(#)))) 
193937     INFO  Test worker     d.u.i.k.n.KeyIO           Parsing took 8 ms 
193938     INFO  Test worker     d.u.i.k.n.KeyIO           MODE: declarations took 1 ms 
194878     INFO  Test worker     d.u.i.k.n.ExprTest        Term: \<{
  int x = 1;
}\> (equals(x,Z(1(#)))) 
194888     INFO  Test worker     d.u.i.k.n.KeyIO           Parsing took 6 ms 
194890     INFO  Test worker     d.u.i.k.n.KeyIO           MODE: declarations took 1 ms 
195823     INFO  Test worker     d.u.i.k.n.ExprTest        Term: \<{
  int x = 1;
  {
    int s = 2;
  }
}\> (equals(x,x)) 
195832     INFO  Test worker     d.u.i.k.n.KeyIO           Parsing took 7 ms 
195833     INFO  Test worker     d.u.i.k.n.KeyIO           MODE: declarations took 1 ms 
195835     INFO  Test worker     d.u.i.k.n.ExprTest        Term: true 
195842     INFO  Test worker     d.u.i.k.n.KeyIO           Parsing took 6 ms 
195843     INFO  Test worker     d.u.i.k.n.KeyIO           MODE: declarations took 0 ms 
195845     INFO  Test worker     d.u.i.k.n.ExprTest        Term: and(true,false) 
195853     INFO  Test worker     d.u.i.k.n.KeyIO           Parsing took 6 ms 
195853     INFO  Test worker     d.u.i.k.n.KeyIO           MODE: declarations took 0 ms 
195855     INFO  Test worker     d.u.i.k.n.ExprTest        Term: Z(0(#)) 
195863     INFO  Test worker     d.u.i.k.n.KeyIO           Parsing took 6 ms 
195864     INFO  Test worker     d.u.i.k.n.KeyIO           MODE: declarations took 1 ms 
195866     INFO  Test worker     d.u.i.k.n.ExprTest        Term: Z(1(#)) 
195873     INFO  Test worker     d.u.i.k.n.KeyIO           Parsing took 6 ms 
195874     INFO  Test worker     d.u.i.k.n.KeyIO           MODE: declarations took 1 ms 
195876     INFO  Test worker     d.u.i.k.n.ExprTest        Term: Z(2(4(#))) 
195883     INFO  Test worker     d.u.i.k.n.KeyIO           Parsing took 6 ms 
195884     INFO  Test worker     d.u.i.k.n.KeyIO           MODE: declarations took 1 ms 
195886     INFO  Test worker     d.u.i.k.n.ExprTest        Term: Z(neglit(5(#))) 
195894     INFO  Test worker     d.u.i.k.n.KeyIO           Parsing took 6 ms 
195894     INFO  Test worker     d.u.i.k.n.KeyIO           MODE: declarations took 0 ms 
195896     INFO  Test worker     d.u.i.k.n.ExprTest        Term: equals(add(Z(1(#)),Z(1(#))),Z(2(#))) 
195904     INFO  Test worker     d.u.i.k.n.KeyIO           Parsing took 6 ms 
195905     INFO  Test worker     d.u.i.k.n.KeyIO           MODE: declarations took 1 ms 
195907     INFO  Test worker     d.u.i.k.n.ExprTest        Term: if-then-else(equals(Z(3(#)),Z(4(#))),Z(1(#)),Z(2(#))) 
195914     INFO  Test worker     d.u.i.k.n.KeyIO           Parsing took 6 ms 
195915     INFO  Test worker     d.u.i.k.n.KeyIO           MODE: declarations took 1 ms 
195917     INFO  Test worker     d.u.i.k.n.ExprTest        Term: if-then-else(and(equals(Z(3(#)),Z(4(#))),equals(Z(1(#)),Z(1(#)))),if-then-else(equals(Z(3(#)),Z(4(#))),Z(1(#)),Z(2(#))),Z(2(#))) 
195924     INFO  Test worker     d.u.i.k.n.KeyIO           Parsing took 6 ms 
195925     INFO  Test worker     d.u.i.k.n.KeyIO           MODE: declarations took 1 ms 
195927     INFO  Test worker     d.u.i.k.n.ExprTest        Term: add(aa,mul(bb,cc)) 
195935     INFO  Test worker     d.u.i.k.n.KeyIO           Parsing took 6 ms 
195935     INFO  Test worker     d.u.i.k.n.KeyIO           MODE: declarations took 0 ms 
195937     INFO  Test worker     d.u.i.k.n.ExprTest        Term: lt(mul(mod(aa,bb),cc),Z(neglit(3(2(1(#)))))) 
195945     INFO  Test worker     d.u.i.k.n.KeyIO           Parsing took 6 ms 
195946     INFO  Test worker     d.u.i.k.n.KeyIO           MODE: declarations took 1 ms 
195948     INFO  Test worker     d.u.i.k.n.ExprTest        Term: all{x:int}(true) 
195956     INFO  Test worker     d.u.i.k.n.KeyIO           Parsing took 6 ms 
195956     INFO  Test worker     d.u.i.k.n.KeyIO           MODE: declarations took 0 ms 
195958     INFO  Test worker     d.u.i.k.n.ExprTest        Term: all{x:numbers}(equals(x,x)) 
195966     INFO  Test worker     d.u.i.k.n.KeyIO           Parsing took 6 ms 
195967     INFO  Test worker     d.u.i.k.n.KeyIO           MODE: declarations took 1 ms 
195976     INFO  Test worker     d.u.i.k.n.ExprTest        Term: add(int::cast(Z(3(#))),Z(2(#))) 
195996     INFO  Test worker     d.u.i.k.n.KeyIO           Parsing took 15 ms 
195996     INFO  Test worker     d.u.i.k.n.KeyIO           MODE: declarations took 0 ms 
195999     INFO  Test worker     d.u.i.k.n.ExprTest        Term: equals(addFloat(FP(6(1(2(3(5(3(5(6(0(1(#))))))))))),FP(6(1(2(3(5(3(5(6(0(1(#)))))))))))),mulFloat(FP(4(2(8(1(4(7(3(7(0(1(#))))))))))),subFloat(FP(4(2(8(1(4(7(3(7(0(1(#))))))))))),FP(6(1(2(3(5(3(5(6(0(1(#)))))))))))))) 
196023     INFO  Test worker     d.u.i.k.n.KeyIO           Parsing took 14 ms 
196024     INFO  Test worker     d.u.i.k.n.KeyIO           MODE: declarations took 1 ms 
196026     INFO  Test worker     d.u.i.k.n.ExprTest        Term: leqDouble(addDouble(DFP(8(0(4(7(1(0(0(0(8(8(1(4(2(8(1(7(0(6(4(#)))))))))))))))))))),DFP(8(0(4(7(1(0(0(0(8(8(1(4(2(8(1(7(0(6(4(#))))))))))))))))))))),mulDouble(DFP(4(8(7(6(0(0(2(8(9(0(9(8(0(4(2(1(4(6(4(#)))))))))))))))))))),DFP(5(7(6(7(8(0(4(0(3(9(2(2(8(1(9(6(7(5(4(#)))))))))))))))))))))) 
196041     INFO  Test worker     d.u.i.k.n.KeyIO           Parsing took 14 ms 
196042     INFO  Test worker     d.u.i.k.n.KeyIO           MODE: declarations took 0 ms 
196044     INFO  Test worker     d.u.i.k.n.ExprTest        Term: leqFloat(FP(6(1(2(3(5(3(5(6(0(1(#))))))))))),FP(4(2(8(1(4(7(3(7(0(1(#)))))))))))) 
196076     INFO  Test worker     d.u.i.k.n.KeyIO           Parsing took 15 ms 
196077     INFO  Test worker     d.u.i.k.n.KeyIO           MODE: declarations took 1 ms 
196079     INFO  Test worker     d.u.i.k.n.ExprTest        Term: gtDouble(DFP(4(0(9(7(8(3(7(2(4(8(1(0(6(8(6(1(1(6(4(#)))))))))))))))))))),DFP(8(0(4(7(1(0(0(0(8(8(1(4(2(8(1(7(0(6(4(#))))))))))))))))))))) 
196097     INFO  Test worker     d.u.i.k.n.KeyIO           Parsing took 17 ms 
196097     INFO  Test worker     d.u.i.k.n.KeyIO           MODE: declarations took 0 ms 
196099     INFO  Test worker     d.u.i.k.n.ExprTest        Term: seqConcat(seqEmpty,seqEmpty) 
]]></system-out>
  <system-err><![CDATA[]]></system-err>
</testsuite>
