<?xml version="1.0" encoding="UTF-8"?>
<testsuite name="de.uka.ilkd.key.nparser.ParseLDTsTests" tests="2" skipped="0" failures="0" errors="0" timestamp="2023-04-03T14:57:24" hostname="fv-az283-283" time="0.782">
  <properties/>
  <testcase name="testLDT()" classname="de.uka.ilkd.key.nparser.ParseLDTsTests" time="0.02"/>
  <testcase name="testSR()" classname="de.uka.ilkd.key.nparser.ParseLDTsTests" time="0.762"/>
  <system-out><![CDATA[196115     INFO  Test worker     d.u.i.k.n.KeyIO           Parsing took 6 ms 
196116     INFO  Test worker     d.u.i.k.n.KeyIO           MODE: declarations took 1 ms 
196402     INFO  Test worker     d.u.i.k.n.KeyIO           Parsing took 273 ms 
196404     INFO  Test worker     d.u.i.k.n.KeyIO           MODE: declarations took 2 ms 
]]></system-out>
  <system-err><![CDATA[]]></system-err>
</testsuite>
