<?xml version="1.0" encoding="UTF-8"?>
<testsuite name="de.uka.ilkd.key.parser.TestTermParserHeap" tests="39" skipped="0" failures="0" errors="0" timestamp="2023-04-03T14:59:11" hostname="fv-az283-283" time="110.263">
  <properties/>
  <testcase name="testBracketHeapUpdate()" classname="de.uka.ilkd.key.parser.TestTermParserHeap" time="0.014"/>
  <testcase name="testStore()" classname="de.uka.ilkd.key.parser.TestTermParserHeap" time="0.007"/>
  <testcase name="testUnknownConstant()" classname="de.uka.ilkd.key.parser.TestTermParserHeap" time="0.001"/>
  <testcase name="testAllFieldsSelector()" classname="de.uka.ilkd.key.parser.TestTermParserHeap" time="0.002"/>
  <testcase name="testParsePrettyPrintedSelect()" classname="de.uka.ilkd.key.parser.TestTermParserHeap" time="0.004"/>
  <testcase name="testAccessStaticMembers()" classname="de.uka.ilkd.key.parser.TestTermParserHeap" time="0.005"/>
  <testcase name="testAtOperator_1()" classname="de.uka.ilkd.key.parser.TestTermParserHeap" time="0.004"/>
  <testcase name="testAtOperator_2()" classname="de.uka.ilkd.key.parser.TestTermParserHeap" time="0.002"/>
  <testcase name="testAtOperator_3()" classname="de.uka.ilkd.key.parser.TestTermParserHeap" time="0.001"/>
  <testcase name="testAtOperator_4()" classname="de.uka.ilkd.key.parser.TestTermParserHeap" time="0.004"/>
  <testcase name="testAtOperator_5()" classname="de.uka.ilkd.key.parser.TestTermParserHeap" time="0.001"/>
  <testcase name="testAtOperator_6()" classname="de.uka.ilkd.key.parser.TestTermParserHeap" time="0.002"/>
  <testcase name="testAtOperator_7()" classname="de.uka.ilkd.key.parser.TestTermParserHeap" time="0.001"/>
  <testcase name="testAtOperator_8()" classname="de.uka.ilkd.key.parser.TestTermParserHeap" time="0.003"/>
  <testcase name="testVerifyExceptionIfAtOperatorNotPreceededBySelectTerm()" classname="de.uka.ilkd.key.parser.TestTermParserHeap" time="0.001"/>
  <testcase name="testBugResettingCounter()" classname="de.uka.ilkd.key.parser.TestTermParserHeap" time="0.001"/>
  <testcase name="testLocationSets()" classname="de.uka.ilkd.key.parser.TestTermParserHeap" time="0.002"/>
  <testcase name="testQuantifiedSelect()" classname="de.uka.ilkd.key.parser.TestTermParserHeap" time="0.002"/>
  <testcase name="testGenericObjectProperties()" classname="de.uka.ilkd.key.parser.TestTermParserHeap" time="0.002"/>
  <testcase name="testQueryInheritance_1()" classname="de.uka.ilkd.key.parser.TestTermParserHeap" time="0.002"/>
  <testcase name="testQueryInheritance_2()" classname="de.uka.ilkd.key.parser.TestTermParserHeap" time="0.001"/>
  <testcase name="testQueryInheritance_3()" classname="de.uka.ilkd.key.parser.TestTermParserHeap" time="0.001"/>
  <testcase name="testQueryInheritance_4()" classname="de.uka.ilkd.key.parser.TestTermParserHeap" time="0.003"/>
  <testcase name="testQueryInheritance_5()" classname="de.uka.ilkd.key.parser.TestTermParserHeap" time="0.004"/>
  <testcase name="testQueryInheritance_6()" classname="de.uka.ilkd.key.parser.TestTermParserHeap" time="0.002"/>
  <testcase name="testQueryInheritance_7()" classname="de.uka.ilkd.key.parser.TestTermParserHeap" time="0.001"/>
  <testcase name="testQueryInheritance_8()" classname="de.uka.ilkd.key.parser.TestTermParserHeap" time="0.001"/>
  <testcase name="testQueryInheritance_9()" classname="de.uka.ilkd.key.parser.TestTermParserHeap" time="0.002"/>
  <testcase name="testQueryBasic_10()" classname="de.uka.ilkd.key.parser.TestTermParserHeap" time="0.003"/>
  <testcase name="testQueryBasic_11()" classname="de.uka.ilkd.key.parser.TestTermParserHeap" time="0.002"/>
  <testcase name="testQueryBasic_1()" classname="de.uka.ilkd.key.parser.TestTermParserHeap" time="0.001"/>
  <testcase name="testQueryBasic_2()" classname="de.uka.ilkd.key.parser.TestTermParserHeap" time="0.006"/>
  <testcase name="testQueryBasic_3()" classname="de.uka.ilkd.key.parser.TestTermParserHeap" time="0.001"/>
  <testcase name="testQueryBasic_4()" classname="de.uka.ilkd.key.parser.TestTermParserHeap" time="0.003"/>
  <testcase name="testQueryBasic_5()" classname="de.uka.ilkd.key.parser.TestTermParserHeap" time="0.001"/>
  <testcase name="testQueryBasic_6()" classname="de.uka.ilkd.key.parser.TestTermParserHeap" time="0.004"/>
  <testcase name="testQueryBasic_7()" classname="de.uka.ilkd.key.parser.TestTermParserHeap" time="0.001"/>
  <testcase name="testQueryBasic_8()" classname="de.uka.ilkd.key.parser.TestTermParserHeap" time="0.002"/>
  <testcase name="testQueryBasic_9()" classname="de.uka.ilkd.key.parser.TestTermParserHeap" time="0.001"/>
  <system-out><![CDATA[303032     INFO  Test worker     d.u.i.k.n.KeyIO           Parsing took 0 ms 
303033     INFO  Test worker     d.u.i.k.n.KeyIO           MODE: declarations took 0 ms 
303033     INFO  Test worker     d.u.i.k.n.KeyIO           Parsing took 0 ms 
303033     INFO  Test worker     d.u.i.k.n.KeyIO           MODE: declarations took 0 ms 
303033     INFO  Test worker     d.u.i.k.n.KeyIO           Parsing took 0 ms 
303033     INFO  Test worker     d.u.i.k.n.KeyIO           MODE: declarations took 0 ms 
303033     INFO  Test worker     d.u.i.k.n.KeyIO           Parsing took 0 ms 
303033     INFO  Test worker     d.u.i.k.n.KeyIO           MODE: declarations took 0 ms 
303033     INFO  Test worker     d.u.i.k.n.KeyIO           Parsing took 0 ms 
303033     INFO  Test worker     d.u.i.k.n.KeyIO           MODE: declarations took 0 ms 
305996     INFO  Test worker     d.u.i.k.n.KeyIO           Parsing took 0 ms 
305996     INFO  Test worker     d.u.i.k.n.KeyIO           MODE: declarations took 0 ms 
305996     INFO  Test worker     d.u.i.k.n.KeyIO           Parsing took 0 ms 
305996     INFO  Test worker     d.u.i.k.n.KeyIO           MODE: declarations took 0 ms 
305996     INFO  Test worker     d.u.i.k.n.KeyIO           Parsing took 0 ms 
305996     INFO  Test worker     d.u.i.k.n.KeyIO           MODE: declarations took 0 ms 
305996     INFO  Test worker     d.u.i.k.n.KeyIO           Parsing took 0 ms 
305996     INFO  Test worker     d.u.i.k.n.KeyIO           MODE: declarations took 0 ms 
305996     INFO  Test worker     d.u.i.k.n.KeyIO           Parsing took 0 ms 
305996     INFO  Test worker     d.u.i.k.n.KeyIO           MODE: declarations took 0 ms 
308977     INFO  Test worker     d.u.i.k.n.KeyIO           Parsing took 1 ms 
308977     INFO  Test worker     d.u.i.k.n.KeyIO           MODE: declarations took 0 ms 
308977     INFO  Test worker     d.u.i.k.n.KeyIO           Parsing took 0 ms 
308977     INFO  Test worker     d.u.i.k.n.KeyIO           MODE: declarations took 0 ms 
308977     INFO  Test worker     d.u.i.k.n.KeyIO           Parsing took 0 ms 
308977     INFO  Test worker     d.u.i.k.n.KeyIO           MODE: declarations took 0 ms 
308977     INFO  Test worker     d.u.i.k.n.KeyIO           Parsing took 0 ms 
308977     INFO  Test worker     d.u.i.k.n.KeyIO           MODE: declarations took 0 ms 
308977     INFO  Test worker     d.u.i.k.n.KeyIO           Parsing took 0 ms 
308977     INFO  Test worker     d.u.i.k.n.KeyIO           MODE: declarations took 0 ms 
308977     INFO  Test worker     d.u.i.k.n.KeyIO           Parsing took 0 ms 
308977     INFO  Test worker     d.u.i.k.n.KeyIO           MODE: declarations took 0 ms 
311963     INFO  Test worker     d.u.i.k.n.KeyIO           Parsing took 0 ms 
311963     INFO  Test worker     d.u.i.k.n.KeyIO           MODE: declarations took 0 ms 
311963     INFO  Test worker     d.u.i.k.n.KeyIO           Parsing took 0 ms 
311963     INFO  Test worker     d.u.i.k.n.KeyIO           MODE: declarations took 0 ms 
311963     INFO  Test worker     d.u.i.k.n.KeyIO           Parsing took 0 ms 
311963     INFO  Test worker     d.u.i.k.n.KeyIO           MODE: declarations took 0 ms 
311963     INFO  Test worker     d.u.i.k.n.KeyIO           Parsing took 0 ms 
311964     INFO  Test worker     d.u.i.k.n.KeyIO           MODE: declarations took 1 ms 
311964     INFO  Test worker     d.u.i.k.n.KeyIO           Parsing took 0 ms 
311964     INFO  Test worker     d.u.i.k.n.KeyIO           MODE: declarations took 0 ms 
314954     INFO  Test worker     d.u.i.k.n.KeyIO           Parsing took 0 ms 
314954     INFO  Test worker     d.u.i.k.n.KeyIO           MODE: declarations took 0 ms 
314954     INFO  Test worker     d.u.i.k.n.KeyIO           Parsing took 0 ms 
314955     INFO  Test worker     d.u.i.k.n.KeyIO           MODE: declarations took 0 ms 
314955     INFO  Test worker     d.u.i.k.n.KeyIO           Parsing took 0 ms 
314955     INFO  Test worker     d.u.i.k.n.KeyIO           MODE: declarations took 0 ms 
314955     INFO  Test worker     d.u.i.k.n.KeyIO           Parsing took 0 ms 
314956     INFO  Test worker     d.u.i.k.n.KeyIO           MODE: declarations took 0 ms 
314956     INFO  Test worker     d.u.i.k.n.KeyIO           Parsing took 0 ms 
314956     INFO  Test worker     d.u.i.k.n.KeyIO           MODE: declarations took 0 ms 
317849     INFO  Test worker     d.u.i.k.n.KeyIO           Parsing took 0 ms 
317849     INFO  Test worker     d.u.i.k.n.KeyIO           MODE: declarations took 0 ms 
317850     INFO  Test worker     d.u.i.k.n.KeyIO           Parsing took 0 ms 
317850     INFO  Test worker     d.u.i.k.n.KeyIO           MODE: declarations took 0 ms 
317850     INFO  Test worker     d.u.i.k.n.KeyIO           Parsing took 0 ms 
317850     INFO  Test worker     d.u.i.k.n.KeyIO           MODE: declarations took 0 ms 
317851     INFO  Test worker     d.u.i.k.n.KeyIO           Parsing took 1 ms 
317851     INFO  Test worker     d.u.i.k.n.KeyIO           MODE: declarations took 0 ms 
317851     INFO  Test worker     d.u.i.k.n.KeyIO           Parsing took 0 ms 
317851     INFO  Test worker     d.u.i.k.n.KeyIO           MODE: declarations took 0 ms 
320740     INFO  Test worker     d.u.i.k.n.KeyIO           Parsing took 0 ms 
320740     INFO  Test worker     d.u.i.k.n.KeyIO           MODE: declarations took 0 ms 
320740     INFO  Test worker     d.u.i.k.n.KeyIO           Parsing took 0 ms 
320740     INFO  Test worker     d.u.i.k.n.KeyIO           MODE: declarations took 0 ms 
320740     INFO  Test worker     d.u.i.k.n.KeyIO           Parsing took 0 ms 
320740     INFO  Test worker     d.u.i.k.n.KeyIO           MODE: declarations took 0 ms 
320740     INFO  Test worker     d.u.i.k.n.KeyIO           Parsing took 0 ms 
320741     INFO  Test worker     d.u.i.k.n.KeyIO           MODE: declarations took 0 ms 
320741     INFO  Test worker     d.u.i.k.n.KeyIO           Parsing took 0 ms 
320741     INFO  Test worker     d.u.i.k.n.KeyIO           MODE: declarations took 0 ms 
323664     INFO  Test worker     d.u.i.k.n.KeyIO           Parsing took 0 ms 
323664     INFO  Test worker     d.u.i.k.n.KeyIO           MODE: declarations took 0 ms 
323664     INFO  Test worker     d.u.i.k.n.KeyIO           Parsing took 0 ms 
323664     INFO  Test worker     d.u.i.k.n.KeyIO           MODE: declarations took 0 ms 
323664     INFO  Test worker     d.u.i.k.n.KeyIO           Parsing took 0 ms 
323664     INFO  Test worker     d.u.i.k.n.KeyIO           MODE: declarations took 0 ms 
323664     INFO  Test worker     d.u.i.k.n.KeyIO           Parsing took 0 ms 
323664     INFO  Test worker     d.u.i.k.n.KeyIO           MODE: declarations took 0 ms 
323664     INFO  Test worker     d.u.i.k.n.KeyIO           Parsing took 0 ms 
323664     INFO  Test worker     d.u.i.k.n.KeyIO           MODE: declarations took 0 ms 
326573     INFO  Test worker     d.u.i.k.n.KeyIO           Parsing took 0 ms 
326573     INFO  Test worker     d.u.i.k.n.KeyIO           MODE: declarations took 0 ms 
326574     INFO  Test worker     d.u.i.k.n.KeyIO           Parsing took 0 ms 
326574     INFO  Test worker     d.u.i.k.n.KeyIO           MODE: declarations took 0 ms 
326574     INFO  Test worker     d.u.i.k.n.KeyIO           Parsing took 0 ms 
326574     INFO  Test worker     d.u.i.k.n.KeyIO           MODE: declarations took 0 ms 
326574     INFO  Test worker     d.u.i.k.n.KeyIO           Parsing took 0 ms 
326574     INFO  Test worker     d.u.i.k.n.KeyIO           MODE: declarations took 0 ms 
326574     INFO  Test worker     d.u.i.k.n.KeyIO           Parsing took 0 ms 
326574     INFO  Test worker     d.u.i.k.n.KeyIO           MODE: declarations took 0 ms 
329434     INFO  Test worker     d.u.i.k.n.KeyIO           Parsing took 0 ms 
329434     INFO  Test worker     d.u.i.k.n.KeyIO           MODE: declarations took 0 ms 
329434     INFO  Test worker     d.u.i.k.n.KeyIO           Parsing took 0 ms 
329434     INFO  Test worker     d.u.i.k.n.KeyIO           MODE: declarations took 0 ms 
329434     INFO  Test worker     d.u.i.k.n.KeyIO           Parsing took 0 ms 
329434     INFO  Test worker     d.u.i.k.n.KeyIO           MODE: declarations took 0 ms 
329434     INFO  Test worker     d.u.i.k.n.KeyIO           Parsing took 0 ms 
329434     INFO  Test worker     d.u.i.k.n.KeyIO           MODE: declarations took 0 ms 
329434     INFO  Test worker     d.u.i.k.n.KeyIO           Parsing took 0 ms 
329434     INFO  Test worker     d.u.i.k.n.KeyIO           MODE: declarations took 0 ms 
332321     INFO  Test worker     d.u.i.k.n.KeyIO           Parsing took 0 ms 
332321     INFO  Test worker     d.u.i.k.n.KeyIO           MODE: declarations took 0 ms 
332321     INFO  Test worker     d.u.i.k.n.KeyIO           Parsing took 0 ms 
332321     INFO  Test worker     d.u.i.k.n.KeyIO           MODE: declarations took 0 ms 
332321     INFO  Test worker     d.u.i.k.n.KeyIO           Parsing took 0 ms 
332321     INFO  Test worker     d.u.i.k.n.KeyIO           MODE: declarations took 0 ms 
332321     INFO  Test worker     d.u.i.k.n.KeyIO           Parsing took 0 ms 
332321     INFO  Test worker     d.u.i.k.n.KeyIO           MODE: declarations took 0 ms 
332321     INFO  Test worker     d.u.i.k.n.KeyIO           Parsing took 0 ms 
332321     INFO  Test worker     d.u.i.k.n.KeyIO           MODE: declarations took 0 ms 
335241     INFO  Test worker     d.u.i.k.n.KeyIO           Parsing took 0 ms 
335241     INFO  Test worker     d.u.i.k.n.KeyIO           MODE: declarations took 0 ms 
335241     INFO  Test worker     d.u.i.k.n.KeyIO           Parsing took 0 ms 
335241     INFO  Test worker     d.u.i.k.n.KeyIO           MODE: declarations took 0 ms 
335241     INFO  Test worker     d.u.i.k.n.KeyIO           Parsing took 0 ms 
335241     INFO  Test worker     d.u.i.k.n.KeyIO           MODE: declarations took 0 ms 
335241     INFO  Test worker     d.u.i.k.n.KeyIO           Parsing took 0 ms 
335241     INFO  Test worker     d.u.i.k.n.KeyIO           MODE: declarations took 0 ms 
335241     INFO  Test worker     d.u.i.k.n.KeyIO           Parsing took 0 ms 
335241     INFO  Test worker     d.u.i.k.n.KeyIO           MODE: declarations took 0 ms 
338122     INFO  Test worker     d.u.i.k.n.KeyIO           Parsing took 0 ms 
338122     INFO  Test worker     d.u.i.k.n.KeyIO           MODE: declarations took 0 ms 
338122     INFO  Test worker     d.u.i.k.n.KeyIO           Parsing took 0 ms 
338122     INFO  Test worker     d.u.i.k.n.KeyIO           MODE: declarations took 0 ms 
338122     INFO  Test worker     d.u.i.k.n.KeyIO           Parsing took 0 ms 
338122     INFO  Test worker     d.u.i.k.n.KeyIO           MODE: declarations took 0 ms 
338122     INFO  Test worker     d.u.i.k.n.KeyIO           Parsing took 0 ms 
338122     INFO  Test worker     d.u.i.k.n.KeyIO           MODE: declarations took 0 ms 
338122     INFO  Test worker     d.u.i.k.n.KeyIO           Parsing took 0 ms 
338122     INFO  Test worker     d.u.i.k.n.KeyIO           MODE: declarations took 0 ms 
341021     INFO  Test worker     d.u.i.k.n.KeyIO           Parsing took 0 ms 
341021     INFO  Test worker     d.u.i.k.n.KeyIO           MODE: declarations took 0 ms 
341021     INFO  Test worker     d.u.i.k.n.KeyIO           Parsing took 0 ms 
341021     INFO  Test worker     d.u.i.k.n.KeyIO           MODE: declarations took 0 ms 
341021     INFO  Test worker     d.u.i.k.n.KeyIO           Parsing took 0 ms 
341021     INFO  Test worker     d.u.i.k.n.KeyIO           MODE: declarations took 0 ms 
341021     INFO  Test worker     d.u.i.k.n.KeyIO           Parsing took 0 ms 
341021     INFO  Test worker     d.u.i.k.n.KeyIO           MODE: declarations took 0 ms 
341021     INFO  Test worker     d.u.i.k.n.KeyIO           Parsing took 0 ms 
341021     INFO  Test worker     d.u.i.k.n.KeyIO           MODE: declarations took 0 ms 
343897     INFO  Test worker     d.u.i.k.n.KeyIO           Parsing took 0 ms 
343897     INFO  Test worker     d.u.i.k.n.KeyIO           MODE: declarations took 0 ms 
343897     INFO  Test worker     d.u.i.k.n.KeyIO           Parsing took 0 ms 
343897     INFO  Test worker     d.u.i.k.n.KeyIO           MODE: declarations took 0 ms 
343897     INFO  Test worker     d.u.i.k.n.KeyIO           Parsing took 0 ms 
343897     INFO  Test worker     d.u.i.k.n.KeyIO           MODE: declarations took 0 ms 
343897     INFO  Test worker     d.u.i.k.n.KeyIO           Parsing took 0 ms 
343897     INFO  Test worker     d.u.i.k.n.KeyIO           MODE: declarations took 0 ms 
343897     INFO  Test worker     d.u.i.k.n.KeyIO           Parsing took 0 ms 
343897     INFO  Test worker     d.u.i.k.n.KeyIO           MODE: declarations took 0 ms 
343899     WARN  Test worker     d.u.i.k.n.KeYParser       [syntax-error] <unknown>:1:11: mismatched input '@' expecting {'/', ':=', '.', '(', ')', '{', '[', '@', PARALLEL, OR, AND, IMP, '=', NOT_EQUALS, '%', '*', '-', '+', '>', GREATEREQUAL, '<', LESSEQUAL, LGUILLEMETS, EQV} [@11,11:11='@',<153>,1:11] (termEOF) 
346792     INFO  Test worker     d.u.i.k.n.KeyIO           Parsing took 0 ms 
346792     INFO  Test worker     d.u.i.k.n.KeyIO           MODE: declarations took 0 ms 
346792     INFO  Test worker     d.u.i.k.n.KeyIO           Parsing took 0 ms 
346792     INFO  Test worker     d.u.i.k.n.KeyIO           MODE: declarations took 0 ms 
346792     INFO  Test worker     d.u.i.k.n.KeyIO           Parsing took 0 ms 
346792     INFO  Test worker     d.u.i.k.n.KeyIO           MODE: declarations took 0 ms 
346792     INFO  Test worker     d.u.i.k.n.KeyIO           Parsing took 0 ms 
346792     INFO  Test worker     d.u.i.k.n.KeyIO           MODE: declarations took 0 ms 
346792     INFO  Test worker     d.u.i.k.n.KeyIO           Parsing took 0 ms 
346792     INFO  Test worker     d.u.i.k.n.KeyIO           MODE: declarations took 0 ms 
349693     INFO  Test worker     d.u.i.k.n.KeyIO           Parsing took 0 ms 
349693     INFO  Test worker     d.u.i.k.n.KeyIO           MODE: declarations took 0 ms 
349693     INFO  Test worker     d.u.i.k.n.KeyIO           Parsing took 0 ms 
349693     INFO  Test worker     d.u.i.k.n.KeyIO           MODE: declarations took 0 ms 
349693     INFO  Test worker     d.u.i.k.n.KeyIO           Parsing took 0 ms 
349693     INFO  Test worker     d.u.i.k.n.KeyIO           MODE: declarations took 0 ms 
349693     INFO  Test worker     d.u.i.k.n.KeyIO           Parsing took 0 ms 
349693     INFO  Test worker     d.u.i.k.n.KeyIO           MODE: declarations took 0 ms 
349694     INFO  Test worker     d.u.i.k.n.KeyIO           Parsing took 1 ms 
349694     INFO  Test worker     d.u.i.k.n.KeyIO           MODE: declarations took 0 ms 
352571     INFO  Test worker     d.u.i.k.n.KeyIO           Parsing took 1 ms 
352571     INFO  Test worker     d.u.i.k.n.KeyIO           MODE: declarations took 0 ms 
352571     INFO  Test worker     d.u.i.k.n.KeyIO           Parsing took 0 ms 
352571     INFO  Test worker     d.u.i.k.n.KeyIO           MODE: declarations took 0 ms 
352571     INFO  Test worker     d.u.i.k.n.KeyIO           Parsing took 0 ms 
352571     INFO  Test worker     d.u.i.k.n.KeyIO           MODE: declarations took 0 ms 
352571     INFO  Test worker     d.u.i.k.n.KeyIO           Parsing took 0 ms 
352571     INFO  Test worker     d.u.i.k.n.KeyIO           MODE: declarations took 0 ms 
352571     INFO  Test worker     d.u.i.k.n.KeyIO           Parsing took 0 ms 
352571     INFO  Test worker     d.u.i.k.n.KeyIO           MODE: declarations took 0 ms 
355459     INFO  Test worker     d.u.i.k.n.KeyIO           Parsing took 0 ms 
355459     INFO  Test worker     d.u.i.k.n.KeyIO           MODE: declarations took 0 ms 
355459     INFO  Test worker     d.u.i.k.n.KeyIO           Parsing took 0 ms 
355459     INFO  Test worker     d.u.i.k.n.KeyIO           MODE: declarations took 0 ms 
355459     INFO  Test worker     d.u.i.k.n.KeyIO           Parsing took 0 ms 
355459     INFO  Test worker     d.u.i.k.n.KeyIO           MODE: declarations took 0 ms 
355460     INFO  Test worker     d.u.i.k.n.KeyIO           Parsing took 1 ms 
355460     INFO  Test worker     d.u.i.k.n.KeyIO           MODE: declarations took 0 ms 
355460     INFO  Test worker     d.u.i.k.n.KeyIO           Parsing took 0 ms 
355460     INFO  Test worker     d.u.i.k.n.KeyIO           MODE: declarations took 0 ms 
358360     INFO  Test worker     d.u.i.k.n.KeyIO           Parsing took 0 ms 
358360     INFO  Test worker     d.u.i.k.n.KeyIO           MODE: declarations took 0 ms 
358360     INFO  Test worker     d.u.i.k.n.KeyIO           Parsing took 0 ms 
358360     INFO  Test worker     d.u.i.k.n.KeyIO           MODE: declarations took 0 ms 
358360     INFO  Test worker     d.u.i.k.n.KeyIO           Parsing took 0 ms 
358360     INFO  Test worker     d.u.i.k.n.KeyIO           MODE: declarations took 0 ms 
358360     INFO  Test worker     d.u.i.k.n.KeyIO           Parsing took 0 ms 
358360     INFO  Test worker     d.u.i.k.n.KeyIO           MODE: declarations took 0 ms 
358360     INFO  Test worker     d.u.i.k.n.KeyIO           Parsing took 0 ms 
358360     INFO  Test worker     d.u.i.k.n.KeyIO           MODE: declarations took 0 ms 
361255     INFO  Test worker     d.u.i.k.n.KeyIO           Parsing took 0 ms 
361255     INFO  Test worker     d.u.i.k.n.KeyIO           MODE: declarations took 0 ms 
361255     INFO  Test worker     d.u.i.k.n.KeyIO           Parsing took 0 ms 
361255     INFO  Test worker     d.u.i.k.n.KeyIO           MODE: declarations took 0 ms 
361255     INFO  Test worker     d.u.i.k.n.KeyIO           Parsing took 0 ms 
361255     INFO  Test worker     d.u.i.k.n.KeyIO           MODE: declarations took 0 ms 
361255     INFO  Test worker     d.u.i.k.n.KeyIO           Parsing took 0 ms 
361255     INFO  Test worker     d.u.i.k.n.KeyIO           MODE: declarations took 0 ms 
361255     INFO  Test worker     d.u.i.k.n.KeyIO           Parsing took 0 ms 
361255     INFO  Test worker     d.u.i.k.n.KeyIO           MODE: declarations took 0 ms 
364138     INFO  Test worker     d.u.i.k.n.KeyIO           Parsing took 0 ms 
364138     INFO  Test worker     d.u.i.k.n.KeyIO           MODE: declarations took 0 ms 
364138     INFO  Test worker     d.u.i.k.n.KeyIO           Parsing took 0 ms 
364139     INFO  Test worker     d.u.i.k.n.KeyIO           MODE: declarations took 0 ms 
364139     INFO  Test worker     d.u.i.k.n.KeyIO           Parsing took 0 ms 
364139     INFO  Test worker     d.u.i.k.n.KeyIO           MODE: declarations took 0 ms 
364139     INFO  Test worker     d.u.i.k.n.KeyIO           Parsing took 0 ms 
364139     INFO  Test worker     d.u.i.k.n.KeyIO           MODE: declarations took 0 ms 
364139     INFO  Test worker     d.u.i.k.n.KeyIO           Parsing took 0 ms 
364139     INFO  Test worker     d.u.i.k.n.KeyIO           MODE: declarations took 0 ms 
367037     INFO  Test worker     d.u.i.k.n.KeyIO           Parsing took 0 ms 
367037     INFO  Test worker     d.u.i.k.n.KeyIO           MODE: declarations took 0 ms 
367037     INFO  Test worker     d.u.i.k.n.KeyIO           Parsing took 0 ms 
367037     INFO  Test worker     d.u.i.k.n.KeyIO           MODE: declarations took 0 ms 
367037     INFO  Test worker     d.u.i.k.n.KeyIO           Parsing took 0 ms 
367037     INFO  Test worker     d.u.i.k.n.KeyIO           MODE: declarations took 0 ms 
367037     INFO  Test worker     d.u.i.k.n.KeyIO           Parsing took 0 ms 
367039     INFO  Test worker     d.u.i.k.n.KeyIO           MODE: declarations took 0 ms 
367039     INFO  Test worker     d.u.i.k.n.KeyIO           Parsing took 0 ms 
367039     INFO  Test worker     d.u.i.k.n.KeyIO           MODE: declarations took 0 ms 
369937     INFO  Test worker     d.u.i.k.n.KeyIO           Parsing took 0 ms 
369937     INFO  Test worker     d.u.i.k.n.KeyIO           MODE: declarations took 0 ms 
369938     INFO  Test worker     d.u.i.k.n.KeyIO           Parsing took 0 ms 
369938     INFO  Test worker     d.u.i.k.n.KeyIO           MODE: declarations took 0 ms 
369938     INFO  Test worker     d.u.i.k.n.KeyIO           Parsing took 0 ms 
369938     INFO  Test worker     d.u.i.k.n.KeyIO           MODE: declarations took 0 ms 
369938     INFO  Test worker     d.u.i.k.n.KeyIO           Parsing took 0 ms 
369939     INFO  Test worker     d.u.i.k.n.KeyIO           MODE: declarations took 0 ms 
369939     INFO  Test worker     d.u.i.k.n.KeyIO           Parsing took 0 ms 
369939     INFO  Test worker     d.u.i.k.n.KeyIO           MODE: declarations took 0 ms 
372837     INFO  Test worker     d.u.i.k.n.KeyIO           Parsing took 0 ms 
372837     INFO  Test worker     d.u.i.k.n.KeyIO           MODE: declarations took 0 ms 
372837     INFO  Test worker     d.u.i.k.n.KeyIO           Parsing took 0 ms 
372837     INFO  Test worker     d.u.i.k.n.KeyIO           MODE: declarations took 0 ms 
372837     INFO  Test worker     d.u.i.k.n.KeyIO           Parsing took 0 ms 
372837     INFO  Test worker     d.u.i.k.n.KeyIO           MODE: declarations took 0 ms 
372837     INFO  Test worker     d.u.i.k.n.KeyIO           Parsing took 0 ms 
372837     INFO  Test worker     d.u.i.k.n.KeyIO           MODE: declarations took 0 ms 
372837     INFO  Test worker     d.u.i.k.n.KeyIO           Parsing took 0 ms 
372837     INFO  Test worker     d.u.i.k.n.KeyIO           MODE: declarations took 0 ms 
375741     INFO  Test worker     d.u.i.k.n.KeyIO           Parsing took 0 ms 
375741     INFO  Test worker     d.u.i.k.n.KeyIO           MODE: declarations took 0 ms 
375742     INFO  Test worker     d.u.i.k.n.KeyIO           Parsing took 1 ms 
375742     INFO  Test worker     d.u.i.k.n.KeyIO           MODE: declarations took 0 ms 
375742     INFO  Test worker     d.u.i.k.n.KeyIO           Parsing took 0 ms 
375742     INFO  Test worker     d.u.i.k.n.KeyIO           MODE: declarations took 0 ms 
375742     INFO  Test worker     d.u.i.k.n.KeyIO           Parsing took 0 ms 
375742     INFO  Test worker     d.u.i.k.n.KeyIO           MODE: declarations took 0 ms 
375742     INFO  Test worker     d.u.i.k.n.KeyIO           Parsing took 0 ms 
375742     INFO  Test worker     d.u.i.k.n.KeyIO           MODE: declarations took 0 ms 
378632     INFO  Test worker     d.u.i.k.n.KeyIO           Parsing took 0 ms 
378633     INFO  Test worker     d.u.i.k.n.KeyIO           MODE: declarations took 1 ms 
378633     INFO  Test worker     d.u.i.k.n.KeyIO           Parsing took 0 ms 
378633     INFO  Test worker     d.u.i.k.n.KeyIO           MODE: declarations took 0 ms 
378633     INFO  Test worker     d.u.i.k.n.KeyIO           Parsing took 0 ms 
378633     INFO  Test worker     d.u.i.k.n.KeyIO           MODE: declarations took 0 ms 
378633     INFO  Test worker     d.u.i.k.n.KeyIO           Parsing took 0 ms 
378633     INFO  Test worker     d.u.i.k.n.KeyIO           MODE: declarations took 0 ms 
378633     INFO  Test worker     d.u.i.k.n.KeyIO           Parsing took 0 ms 
378633     INFO  Test worker     d.u.i.k.n.KeyIO           MODE: declarations took 0 ms 
381555     INFO  Test worker     d.u.i.k.n.KeyIO           Parsing took 0 ms 
381555     INFO  Test worker     d.u.i.k.n.KeyIO           MODE: declarations took 0 ms 
381555     INFO  Test worker     d.u.i.k.n.KeyIO           Parsing took 0 ms 
381555     INFO  Test worker     d.u.i.k.n.KeyIO           MODE: declarations took 0 ms 
381555     INFO  Test worker     d.u.i.k.n.KeyIO           Parsing took 0 ms 
381555     INFO  Test worker     d.u.i.k.n.KeyIO           MODE: declarations took 0 ms 
381555     INFO  Test worker     d.u.i.k.n.KeyIO           Parsing took 0 ms 
381555     INFO  Test worker     d.u.i.k.n.KeyIO           MODE: declarations took 0 ms 
381555     INFO  Test worker     d.u.i.k.n.KeyIO           Parsing took 0 ms 
381555     INFO  Test worker     d.u.i.k.n.KeyIO           MODE: declarations took 0 ms 
384479     INFO  Test worker     d.u.i.k.n.KeyIO           Parsing took 0 ms 
384480     INFO  Test worker     d.u.i.k.n.KeyIO           MODE: declarations took 0 ms 
384480     INFO  Test worker     d.u.i.k.n.KeyIO           Parsing took 0 ms 
384480     INFO  Test worker     d.u.i.k.n.KeyIO           MODE: declarations took 0 ms 
384481     INFO  Test worker     d.u.i.k.n.KeyIO           Parsing took 0 ms 
384481     INFO  Test worker     d.u.i.k.n.KeyIO           MODE: declarations took 0 ms 
384481     INFO  Test worker     d.u.i.k.n.KeyIO           Parsing took 0 ms 
384481     INFO  Test worker     d.u.i.k.n.KeyIO           MODE: declarations took 0 ms 
384481     INFO  Test worker     d.u.i.k.n.KeyIO           Parsing took 0 ms 
384482     INFO  Test worker     d.u.i.k.n.KeyIO           MODE: declarations took 1 ms 
387374     INFO  Test worker     d.u.i.k.n.KeyIO           Parsing took 0 ms 
387374     INFO  Test worker     d.u.i.k.n.KeyIO           MODE: declarations took 0 ms 
387374     INFO  Test worker     d.u.i.k.n.KeyIO           Parsing took 0 ms 
387375     INFO  Test worker     d.u.i.k.n.KeyIO           MODE: declarations took 1 ms 
387375     INFO  Test worker     d.u.i.k.n.KeyIO           Parsing took 0 ms 
387375     INFO  Test worker     d.u.i.k.n.KeyIO           MODE: declarations took 0 ms 
387375     INFO  Test worker     d.u.i.k.n.KeyIO           Parsing took 0 ms 
387375     INFO  Test worker     d.u.i.k.n.KeyIO           MODE: declarations took 0 ms 
387375     INFO  Test worker     d.u.i.k.n.KeyIO           Parsing took 0 ms 
387375     INFO  Test worker     d.u.i.k.n.KeyIO           MODE: declarations took 0 ms 
390254     INFO  Test worker     d.u.i.k.n.KeyIO           Parsing took 0 ms 
390254     INFO  Test worker     d.u.i.k.n.KeyIO           MODE: declarations took 0 ms 
390254     INFO  Test worker     d.u.i.k.n.KeyIO           Parsing took 0 ms 
390254     INFO  Test worker     d.u.i.k.n.KeyIO           MODE: declarations took 0 ms 
390254     INFO  Test worker     d.u.i.k.n.KeyIO           Parsing took 0 ms 
390254     INFO  Test worker     d.u.i.k.n.KeyIO           MODE: declarations took 0 ms 
390254     INFO  Test worker     d.u.i.k.n.KeyIO           Parsing took 0 ms 
390254     INFO  Test worker     d.u.i.k.n.KeyIO           MODE: declarations took 0 ms 
390254     INFO  Test worker     d.u.i.k.n.KeyIO           Parsing took 0 ms 
390254     INFO  Test worker     d.u.i.k.n.KeyIO           MODE: declarations took 0 ms 
393146     INFO  Test worker     d.u.i.k.n.KeyIO           Parsing took 0 ms 
393146     INFO  Test worker     d.u.i.k.n.KeyIO           MODE: declarations took 0 ms 
393148     INFO  Test worker     d.u.i.k.n.KeyIO           Parsing took 2 ms 
393148     INFO  Test worker     d.u.i.k.n.KeyIO           MODE: declarations took 0 ms 
393148     INFO  Test worker     d.u.i.k.n.KeyIO           Parsing took 0 ms 
393149     INFO  Test worker     d.u.i.k.n.KeyIO           MODE: declarations took 0 ms 
393149     INFO  Test worker     d.u.i.k.n.KeyIO           Parsing took 0 ms 
393149     INFO  Test worker     d.u.i.k.n.KeyIO           MODE: declarations took 0 ms 
393150     INFO  Test worker     d.u.i.k.n.KeyIO           Parsing took 0 ms 
393150     INFO  Test worker     d.u.i.k.n.KeyIO           MODE: declarations took 0 ms 
396038     INFO  Test worker     d.u.i.k.n.KeyIO           Parsing took 0 ms 
396039     INFO  Test worker     d.u.i.k.n.KeyIO           MODE: declarations took 1 ms 
396039     INFO  Test worker     d.u.i.k.n.KeyIO           Parsing took 0 ms 
396039     INFO  Test worker     d.u.i.k.n.KeyIO           MODE: declarations took 0 ms 
396039     INFO  Test worker     d.u.i.k.n.KeyIO           Parsing took 0 ms 
396039     INFO  Test worker     d.u.i.k.n.KeyIO           MODE: declarations took 0 ms 
396039     INFO  Test worker     d.u.i.k.n.KeyIO           Parsing took 0 ms 
396039     INFO  Test worker     d.u.i.k.n.KeyIO           MODE: declarations took 0 ms 
396039     INFO  Test worker     d.u.i.k.n.KeyIO           Parsing took 0 ms 
396039     INFO  Test worker     d.u.i.k.n.KeyIO           MODE: declarations took 0 ms 
398924     INFO  Test worker     d.u.i.k.n.KeyIO           Parsing took 0 ms 
398924     INFO  Test worker     d.u.i.k.n.KeyIO           MODE: declarations took 0 ms 
398924     INFO  Test worker     d.u.i.k.n.KeyIO           Parsing took 0 ms 
398924     INFO  Test worker     d.u.i.k.n.KeyIO           MODE: declarations took 0 ms 
398924     INFO  Test worker     d.u.i.k.n.KeyIO           Parsing took 0 ms 
398924     INFO  Test worker     d.u.i.k.n.KeyIO           MODE: declarations took 0 ms 
398925     INFO  Test worker     d.u.i.k.n.KeyIO           Parsing took 0 ms 
398925     INFO  Test worker     d.u.i.k.n.KeyIO           MODE: declarations took 0 ms 
398925     INFO  Test worker     d.u.i.k.n.KeyIO           Parsing took 0 ms 
398925     INFO  Test worker     d.u.i.k.n.KeyIO           MODE: declarations took 0 ms 
401798     INFO  Test worker     d.u.i.k.n.KeyIO           Parsing took 0 ms 
401798     INFO  Test worker     d.u.i.k.n.KeyIO           MODE: declarations took 0 ms 
401798     INFO  Test worker     d.u.i.k.n.KeyIO           Parsing took 0 ms 
401798     INFO  Test worker     d.u.i.k.n.KeyIO           MODE: declarations took 0 ms 
401798     INFO  Test worker     d.u.i.k.n.KeyIO           Parsing took 0 ms 
401799     INFO  Test worker     d.u.i.k.n.KeyIO           MODE: declarations took 0 ms 
401799     INFO  Test worker     d.u.i.k.n.KeyIO           Parsing took 0 ms 
401799     INFO  Test worker     d.u.i.k.n.KeyIO           MODE: declarations took 0 ms 
401799     INFO  Test worker     d.u.i.k.n.KeyIO           Parsing took 0 ms 
401799     INFO  Test worker     d.u.i.k.n.KeyIO           MODE: declarations took 0 ms 
404685     INFO  Test worker     d.u.i.k.n.KeyIO           Parsing took 0 ms 
404685     INFO  Test worker     d.u.i.k.n.KeyIO           MODE: declarations took 0 ms 
404685     INFO  Test worker     d.u.i.k.n.KeyIO           Parsing took 0 ms 
404685     INFO  Test worker     d.u.i.k.n.KeyIO           MODE: declarations took 0 ms 
404685     INFO  Test worker     d.u.i.k.n.KeyIO           Parsing took 0 ms 
404686     INFO  Test worker     d.u.i.k.n.KeyIO           MODE: declarations took 0 ms 
404686     INFO  Test worker     d.u.i.k.n.KeyIO           Parsing took 0 ms 
404687     INFO  Test worker     d.u.i.k.n.KeyIO           MODE: declarations took 0 ms 
404687     INFO  Test worker     d.u.i.k.n.KeyIO           Parsing took 0 ms 
404687     INFO  Test worker     d.u.i.k.n.KeyIO           MODE: declarations took 0 ms 
407559     INFO  Test worker     d.u.i.k.n.KeyIO           Parsing took 0 ms 
407559     INFO  Test worker     d.u.i.k.n.KeyIO           MODE: declarations took 0 ms 
407559     INFO  Test worker     d.u.i.k.n.KeyIO           Parsing took 0 ms 
407559     INFO  Test worker     d.u.i.k.n.KeyIO           MODE: declarations took 0 ms 
407559     INFO  Test worker     d.u.i.k.n.KeyIO           Parsing took 0 ms 
407559     INFO  Test worker     d.u.i.k.n.KeyIO           MODE: declarations took 0 ms 
407559     INFO  Test worker     d.u.i.k.n.KeyIO           Parsing took 0 ms 
407559     INFO  Test worker     d.u.i.k.n.KeyIO           MODE: declarations took 0 ms 
407559     INFO  Test worker     d.u.i.k.n.KeyIO           Parsing took 0 ms 
407559     INFO  Test worker     d.u.i.k.n.KeyIO           MODE: declarations took 0 ms 
410428     INFO  Test worker     d.u.i.k.n.KeyIO           Parsing took 0 ms 
410428     INFO  Test worker     d.u.i.k.n.KeyIO           MODE: declarations took 0 ms 
410428     INFO  Test worker     d.u.i.k.n.KeyIO           Parsing took 0 ms 
410428     INFO  Test worker     d.u.i.k.n.KeyIO           MODE: declarations took 0 ms 
410428     INFO  Test worker     d.u.i.k.n.KeyIO           Parsing took 0 ms 
410428     INFO  Test worker     d.u.i.k.n.KeyIO           MODE: declarations took 0 ms 
410428     INFO  Test worker     d.u.i.k.n.KeyIO           Parsing took 0 ms 
410428     INFO  Test worker     d.u.i.k.n.KeyIO           MODE: declarations took 0 ms 
410428     INFO  Test worker     d.u.i.k.n.KeyIO           Parsing took 0 ms 
410428     INFO  Test worker     d.u.i.k.n.KeyIO           MODE: declarations took 0 ms 
413295     INFO  Test worker     d.u.i.k.n.KeyIO           Parsing took 0 ms 
413295     INFO  Test worker     d.u.i.k.n.KeyIO           MODE: declarations took 0 ms 
413295     INFO  Test worker     d.u.i.k.n.KeyIO           Parsing took 0 ms 
413295     INFO  Test worker     d.u.i.k.n.KeyIO           MODE: declarations took 0 ms 
413295     INFO  Test worker     d.u.i.k.n.KeyIO           Parsing took 0 ms 
413295     INFO  Test worker     d.u.i.k.n.KeyIO           MODE: declarations took 0 ms 
413295     INFO  Test worker     d.u.i.k.n.KeyIO           Parsing took 0 ms 
413295     INFO  Test worker     d.u.i.k.n.KeyIO           MODE: declarations took 0 ms 
413295     INFO  Test worker     d.u.i.k.n.KeyIO           Parsing took 0 ms 
413295     INFO  Test worker     d.u.i.k.n.KeyIO           MODE: declarations took 0 ms 
]]></system-out>
  <system-err><![CDATA[]]></system-err>
</testsuite>
