<?xml version="1.0" encoding="UTF-8"?>
<testsuite name="de.uka.ilkd.key.logic.TestClashFreeSubst" tests="14" skipped="2" failures="0" errors="0" timestamp="2023-04-03T14:54:43" hostname="fv-az283-283" time="49.043">
  <properties/>
  <testcase name="testMultiShareBound()" classname="de.uka.ilkd.key.logic.TestClashFreeSubst" time="0.962"/>
  <testcase name="testClash()" classname="de.uka.ilkd.key.logic.TestClashFreeSubst" time="0.931"/>
  <testcase name="testShare()" classname="de.uka.ilkd.key.logic.TestClashFreeSubst" time="0.91"/>
  <testcase name="testSubst()" classname="de.uka.ilkd.key.logic.TestClashFreeSubst" time="0.902"/>
  <testcase name="testWary0()" classname="de.uka.ilkd.key.logic.TestClashFreeSubst" time="0.928"/>
  <testcase name="testWary1()" classname="de.uka.ilkd.key.logic.TestClashFreeSubst" time="0.897"/>
  <testcase name="testWary2()" classname="de.uka.ilkd.key.logic.TestClashFreeSubst" time="0.898"/>
  <testcase name="testClashInSubstTerm()" classname="de.uka.ilkd.key.logic.TestClashFreeSubst" time="0.9"/>
  <testcase name="testShareWary()" classname="de.uka.ilkd.key.logic.TestClashFreeSubst" time="0.914"/>
  <testcase name="testMultiSubst()" classname="de.uka.ilkd.key.logic.TestClashFreeSubst" time="0.895"/>
  <testcase name="xtestMultiClash()" classname="de.uka.ilkd.key.logic.TestClashFreeSubst" time="0.0">
    <skipped/>
  </testcase>
  <testcase name="testSubstInSubstTerm()" classname="de.uka.ilkd.key.logic.TestClashFreeSubst" time="0.91"/>
  <testcase name="testSubstWary()" classname="de.uka.ilkd.key.logic.TestClashFreeSubst" time="0.912"/>
  <testcase name="xtestMultiClash1()" classname="de.uka.ilkd.key.logic.TestClashFreeSubst" time="0.0">
    <skipped/>
  </testcase>
  <system-out><![CDATA[34955      INFO  Test worker     d.u.i.k.n.KeyIO           Parsing took 0 ms 
34957      INFO  Test worker     d.u.i.k.n.KeyIO           MODE: declarations took 1 ms 
35912      INFO  Test worker     d.u.i.k.n.KeyIO           Parsing took 0 ms 
35914      INFO  Test worker     d.u.i.k.n.KeyIO           MODE: declarations took 1 ms 
38894      INFO  Test worker     d.u.i.k.n.KeyIO           Parsing took 0 ms 
38895      INFO  Test worker     d.u.i.k.n.KeyIO           MODE: declarations took 0 ms 
39822      INFO  Test worker     d.u.i.k.n.KeyIO           Parsing took 0 ms 
39822      INFO  Test worker     d.u.i.k.n.KeyIO           MODE: declarations took 0 ms 
42771      INFO  Test worker     d.u.i.k.n.KeyIO           Parsing took 0 ms 
42771      INFO  Test worker     d.u.i.k.n.KeyIO           MODE: declarations took 0 ms 
43679      INFO  Test worker     d.u.i.k.n.KeyIO           Parsing took 0 ms 
43679      INFO  Test worker     d.u.i.k.n.KeyIO           MODE: declarations took 0 ms 
46621      INFO  Test worker     d.u.i.k.n.KeyIO           Parsing took 0 ms 
46621      INFO  Test worker     d.u.i.k.n.KeyIO           MODE: declarations took 0 ms 
47520      INFO  Test worker     d.u.i.k.n.KeyIO           Parsing took 0 ms 
47521      INFO  Test worker     d.u.i.k.n.KeyIO           MODE: declarations took 0 ms 
50429      INFO  Test worker     d.u.i.k.n.KeyIO           Parsing took 0 ms 
50429      INFO  Test worker     d.u.i.k.n.KeyIO           MODE: declarations took 0 ms 
51353      INFO  Test worker     d.u.i.k.n.KeyIO           Parsing took 0 ms 
51354      INFO  Test worker     d.u.i.k.n.KeyIO           MODE: declarations took 0 ms 
54288      INFO  Test worker     d.u.i.k.n.KeyIO           Parsing took 0 ms 
54289      INFO  Test worker     d.u.i.k.n.KeyIO           MODE: declarations took 1 ms 
55183      INFO  Test worker     d.u.i.k.n.KeyIO           Parsing took 0 ms 
55183      INFO  Test worker     d.u.i.k.n.KeyIO           MODE: declarations took 0 ms 
58117      INFO  Test worker     d.u.i.k.n.KeyIO           Parsing took 0 ms 
58117      INFO  Test worker     d.u.i.k.n.KeyIO           MODE: declarations took 0 ms 
59012      INFO  Test worker     d.u.i.k.n.KeyIO           Parsing took 0 ms 
59012      INFO  Test worker     d.u.i.k.n.KeyIO           MODE: declarations took 0 ms 
61921      INFO  Test worker     d.u.i.k.n.KeyIO           Parsing took 0 ms 
61922      INFO  Test worker     d.u.i.k.n.KeyIO           MODE: declarations took 1 ms 
62816      INFO  Test worker     d.u.i.k.n.KeyIO           Parsing took 0 ms 
62817      INFO  Test worker     d.u.i.k.n.KeyIO           MODE: declarations took 0 ms 
65736      INFO  Test worker     d.u.i.k.n.KeyIO           Parsing took 0 ms 
65737      INFO  Test worker     d.u.i.k.n.KeyIO           MODE: declarations took 0 ms 
66648      INFO  Test worker     d.u.i.k.n.KeyIO           Parsing took 0 ms 
66649      INFO  Test worker     d.u.i.k.n.KeyIO           MODE: declarations took 1 ms 
69558      INFO  Test worker     d.u.i.k.n.KeyIO           Parsing took 0 ms 
69559      INFO  Test worker     d.u.i.k.n.KeyIO           MODE: declarations took 0 ms 
70451      INFO  Test worker     d.u.i.k.n.KeyIO           Parsing took 0 ms 
70451      INFO  Test worker     d.u.i.k.n.KeyIO           MODE: declarations took 0 ms 
76344      INFO  Test worker     d.u.i.k.n.KeyIO           Parsing took 0 ms 
76344      INFO  Test worker     d.u.i.k.n.KeyIO           MODE: declarations took 0 ms 
77250      INFO  Test worker     d.u.i.k.n.KeyIO           Parsing took 0 ms 
77250      INFO  Test worker     d.u.i.k.n.KeyIO           MODE: declarations took 0 ms 
80178      INFO  Test worker     d.u.i.k.n.KeyIO           Parsing took 0 ms 
80178      INFO  Test worker     d.u.i.k.n.KeyIO           MODE: declarations took 0 ms 
81087      INFO  Test worker     d.u.i.k.n.KeyIO           Parsing took 0 ms 
81087      INFO  Test worker     d.u.i.k.n.KeyIO           MODE: declarations took 0 ms 
]]></system-out>
  <system-err><![CDATA[]]></system-err>
</testsuite>
