<?xml version="1.0" encoding="UTF-8"?>
<testsuite name="de.uka.ilkd.key.symbolic_execution.testcase.strategy.TestJavaWatchpointStopConditionWithHitCount" tests="1" skipped="0" failures="0" errors="0" timestamp="2023-02-02T15:04:40" hostname="fv-az565-672" time="5.375">
  <properties/>
  <testcase name="testBreakpointStopCondition()" classname="de.uka.ilkd.key.symbolic_execution.testcase.strategy.TestJavaWatchpointStopConditionWithHitCount" time="5.375"/>
  <system-out><![CDATA[]]></system-out>
  <system-err><![CDATA[]]></system-err>
</testsuite>
