<?xml version="1.0" encoding="UTF-8"?>
<testsuite name="de.uka.ilkd.key.symbolic_execution.testcase.slicing.TestThinBackwardSlicer" tests="44" skipped="0" failures="0" errors="0" timestamp="2023-02-02T15:02:17" hostname="fv-az565-672" time="125.407">
  <properties/>
  <testcase name="testAliasChanged()" classname="de.uka.ilkd.key.symbolic_execution.testcase.slicing.TestThinBackwardSlicer" time="2.866"/>
  <testcase name="testAliasNotAvailable()" classname="de.uka.ilkd.key.symbolic_execution.testcase.slicing.TestThinBackwardSlicer" time="2.86"/>
  <testcase name="testAliasedByExecutionTest()" classname="de.uka.ilkd.key.symbolic_execution.testcase.slicing.TestThinBackwardSlicer" time="2.799"/>
  <testcase name="testAliasing()" classname="de.uka.ilkd.key.symbolic_execution.testcase.slicing.TestThinBackwardSlicer" time="2.792"/>
  <testcase name="testArrayIndexAsVariableFieldTest()" classname="de.uka.ilkd.key.symbolic_execution.testcase.slicing.TestThinBackwardSlicer" time="2.88"/>
  <testcase name="testArrayIndexSideeffectsAfter()" classname="de.uka.ilkd.key.symbolic_execution.testcase.slicing.TestThinBackwardSlicer" time="2.799"/>
  <testcase name="testArrayIndexSideeffectsBevore()" classname="de.uka.ilkd.key.symbolic_execution.testcase.slicing.TestThinBackwardSlicer" time="2.82"/>
  <testcase name="testArrayIndexVariableTest()" classname="de.uka.ilkd.key.symbolic_execution.testcase.slicing.TestThinBackwardSlicer" time="2.867"/>
  <testcase name="testBlockContractAssignableEverything()" classname="de.uka.ilkd.key.symbolic_execution.testcase.slicing.TestThinBackwardSlicer" time="2.87"/>
  <testcase name="testBlockContractAssignableLocationNotRequested()" classname="de.uka.ilkd.key.symbolic_execution.testcase.slicing.TestThinBackwardSlicer" time="2.852"/>
  <testcase name="testBlockContractAssignableRequestedLocation()" classname="de.uka.ilkd.key.symbolic_execution.testcase.slicing.TestThinBackwardSlicer" time="2.858"/>
  <testcase name="testEquivalenceClasses_Index_0()" classname="de.uka.ilkd.key.symbolic_execution.testcase.slicing.TestThinBackwardSlicer" time="2.925"/>
  <testcase name="testEquivalenceClasses_Index_0_no_OSS()" classname="de.uka.ilkd.key.symbolic_execution.testcase.slicing.TestThinBackwardSlicer" time="2.913"/>
  <testcase name="testEquivalenceClasses_Index_1()" classname="de.uka.ilkd.key.symbolic_execution.testcase.slicing.TestThinBackwardSlicer" time="2.899"/>
  <testcase name="testEquivalenceClasses_Index_1_no_OSS()" classname="de.uka.ilkd.key.symbolic_execution.testcase.slicing.TestThinBackwardSlicer" time="2.902"/>
  <testcase name="testFigure2Instance_right()" classname="de.uka.ilkd.key.symbolic_execution.testcase.slicing.TestThinBackwardSlicer" time="2.872"/>
  <testcase name="testFigure2Local_right()" classname="de.uka.ilkd.key.symbolic_execution.testcase.slicing.TestThinBackwardSlicer" time="2.836"/>
  <testcase name="testFigure2Param_right()" classname="de.uka.ilkd.key.symbolic_execution.testcase.slicing.TestThinBackwardSlicer" time="2.846"/>
  <testcase name="testFigure2_left()" classname="de.uka.ilkd.key.symbolic_execution.testcase.slicing.TestThinBackwardSlicer" time="2.876"/>
  <testcase name="testFigure2_right()" classname="de.uka.ilkd.key.symbolic_execution.testcase.slicing.TestThinBackwardSlicer" time="2.877"/>
  <testcase name="testInstanceFieldsAliased()" classname="de.uka.ilkd.key.symbolic_execution.testcase.slicing.TestThinBackwardSlicer" time="2.859"/>
  <testcase name="testIntEndTest()" classname="de.uka.ilkd.key.symbolic_execution.testcase.slicing.TestThinBackwardSlicer" time="2.779"/>
  <testcase name="testLoopInvariantInListFieldsTest()" classname="de.uka.ilkd.key.symbolic_execution.testcase.slicing.TestThinBackwardSlicer" time="2.917"/>
  <testcase name="testLoopInvariantNestedListFieldsTest()" classname="de.uka.ilkd.key.symbolic_execution.testcase.slicing.TestThinBackwardSlicer" time="3.046"/>
  <testcase name="testLoopInvariantNotInListFieldsTest()" classname="de.uka.ilkd.key.symbolic_execution.testcase.slicing.TestThinBackwardSlicer" time="2.932"/>
  <testcase name="testLoopInvariantStarFieldsTest()" classname="de.uka.ilkd.key.symbolic_execution.testcase.slicing.TestThinBackwardSlicer" time="2.892"/>
  <testcase name="testMethodCallTest()" classname="de.uka.ilkd.key.symbolic_execution.testcase.slicing.TestThinBackwardSlicer" time="2.823"/>
  <testcase name="testMethodContractAssignableEverything()" classname="de.uka.ilkd.key.symbolic_execution.testcase.slicing.TestThinBackwardSlicer" time="2.815"/>
  <testcase name="testMethodContractAssignableLocationNotRequested()" classname="de.uka.ilkd.key.symbolic_execution.testcase.slicing.TestThinBackwardSlicer" time="2.821"/>
  <testcase name="testMethodContractAssignableRequestedLocation()" classname="de.uka.ilkd.key.symbolic_execution.testcase.slicing.TestThinBackwardSlicer" time="2.813"/>
  <testcase name="testNestedInstanceAccess_subResult()" classname="de.uka.ilkd.key.symbolic_execution.testcase.slicing.TestThinBackwardSlicer" time="2.847"/>
  <testcase name="testNestedInstanceFields()" classname="de.uka.ilkd.key.symbolic_execution.testcase.slicing.TestThinBackwardSlicer" time="2.834"/>
  <testcase name="testNotAliasedByExecutionTest()" classname="de.uka.ilkd.key.symbolic_execution.testcase.slicing.TestThinBackwardSlicer" time="2.791"/>
  <testcase name="testReadWriteTest()" classname="de.uka.ilkd.key.symbolic_execution.testcase.slicing.TestThinBackwardSlicer" time="2.796"/>
  <testcase name="testSimpleAliasChanged()" classname="de.uka.ilkd.key.symbolic_execution.testcase.slicing.TestThinBackwardSlicer" time="2.803"/>
  <testcase name="testSimpleArrayTest()" classname="de.uka.ilkd.key.symbolic_execution.testcase.slicing.TestThinBackwardSlicer" time="2.812"/>
  <testcase name="testSimpleInstanceFields()" classname="de.uka.ilkd.key.symbolic_execution.testcase.slicing.TestThinBackwardSlicer" time="2.807"/>
  <testcase name="testSimpleLocalVariables()" classname="de.uka.ilkd.key.symbolic_execution.testcase.slicing.TestThinBackwardSlicer" time="2.757"/>
  <testcase name="testSimpleLoopInvariantTest()" classname="de.uka.ilkd.key.symbolic_execution.testcase.slicing.TestThinBackwardSlicer" time="2.803"/>
  <testcase name="testSimpleMultidimensionArrayTest()" classname="de.uka.ilkd.key.symbolic_execution.testcase.slicing.TestThinBackwardSlicer" time="2.94"/>
  <testcase name="testSimpleStaticFields()" classname="de.uka.ilkd.key.symbolic_execution.testcase.slicing.TestThinBackwardSlicer" time="2.789"/>
  <testcase name="testSimpleStaticLoopInvariantTest()" classname="de.uka.ilkd.key.symbolic_execution.testcase.slicing.TestThinBackwardSlicer" time="2.862"/>
  <testcase name="testSimpleThisInstanceFields()" classname="de.uka.ilkd.key.symbolic_execution.testcase.slicing.TestThinBackwardSlicer" time="2.794"/>
  <testcase name="testValueChange()" classname="de.uka.ilkd.key.symbolic_execution.testcase.slicing.TestThinBackwardSlicer" time="2.85"/>
  <system-out><![CDATA[1121140    WARN  Test worker     d.u.i.k.p.i.IntermediateProofReplayer Proof contains wrong number of \assumes instatiations for Partial_inv_axiom_for_JML_class_invariant_nr_0_in_AliasChanged 
1121141    WARN  Test worker     d.u.i.k.p.i.IntermediateProofReplayer Proof contains wrong number of \assumes instatiations for Partial_inv_axiom_for_JML_class_invariant_nr_0_in_AliasChanged 
1121155    WARN  Test worker     d.u.i.k.p.i.IntermediateProofReplayer Proof contains wrong number of \assumes instatiations for Partial_inv_axiom_for_JML_class_invariant_nr_0_in_AliasChanged 
1121156    WARN  Test worker     d.u.i.k.p.i.IntermediateProofReplayer Proof contains wrong number of \assumes instatiations for Partial_inv_axiom_for_JML_class_invariant_nr_0_in_AliasChanged 
1124013    WARN  Test worker     d.u.i.k.p.i.IntermediateProofReplayer Proof contains wrong number of \assumes instatiations for Partial_inv_axiom_for_JML_class_invariant_nr_0_in_AliasNotAvailable 
1124014    WARN  Test worker     d.u.i.k.p.i.IntermediateProofReplayer Proof contains wrong number of \assumes instatiations for Partial_inv_axiom_for_JML_class_invariant_nr_0_in_AliasNotAvailable 
1124015    WARN  Test worker     d.u.i.k.p.i.IntermediateProofReplayer Proof contains wrong number of \assumes instatiations for Partial_inv_axiom_for_JML_class_invariant_nr_0_in_AliasNotAvailable 
1124016    WARN  Test worker     d.u.i.k.p.i.IntermediateProofReplayer Proof contains wrong number of \assumes instatiations for Partial_inv_axiom_for_JML_class_invariant_nr_0_in_AliasNotAvailable 
1178363    WARN  Test worker     d.u.i.k.p.i.IntermediateProofReplayer Proof contains wrong number of \assumes instatiations for Partial_inv_axiom_for_JML_class_invariant_nr_0_in_InstanceFieldsAliased 
1178364    WARN  Test worker     d.u.i.k.p.i.IntermediateProofReplayer Proof contains wrong number of \assumes instatiations for Partial_inv_axiom_for_JML_class_invariant_nr_0_in_InstanceFieldsAliased 
1178383    WARN  Test worker     d.u.i.k.p.i.IntermediateProofReplayer Proof contains wrong number of \assumes instatiations for Partial_inv_axiom_for_JML_class_invariant_nr_0_in_InstanceFieldsAliased 
1178383    WARN  Test worker     d.u.i.k.p.i.IntermediateProofReplayer Proof contains wrong number of \assumes instatiations for Partial_inv_axiom_for_JML_class_invariant_nr_0_in_InstanceFieldsAliased 
1186925    WARN  Test worker     d.u.i.k.p.i.IntermediateProofReplayer Proof contains wrong number of \assumes instatiations for Partial_inv_axiom_for_JML_class_invariant_nr_1_in_LoopInvariantNestedListFieldsTest 
1186925    WARN  Test worker     d.u.i.k.p.i.IntermediateProofReplayer Proof contains wrong number of \assumes instatiations for Partial_inv_axiom_for_JML_class_invariant_nr_2_in_LoopInvariantNestedListFieldsTest 
1186926    WARN  Test worker     d.u.i.k.p.i.IntermediateProofReplayer Proof contains wrong number of \assumes instatiations for Partial_inv_axiom_for_JML_class_invariant_nr_0_in_LoopInvariantNestedListFieldsTest 
1187007    WARN  Test worker     d.u.i.k.p.i.IntermediateProofReplayer Proof contains wrong number of \assumes instatiations for Partial_inv_axiom_for_JML_class_invariant_nr_2_in_LoopInvariantNestedListFieldsTest 
1187007    WARN  Test worker     d.u.i.k.p.i.IntermediateProofReplayer Proof contains wrong number of \assumes instatiations for Partial_inv_axiom_for_JML_class_invariant_nr_0_in_LoopInvariantNestedListFieldsTest 
1187008    WARN  Test worker     d.u.i.k.p.i.IntermediateProofReplayer Proof contains wrong number of \assumes instatiations for Partial_inv_axiom_for_JML_class_invariant_nr_1_in_LoopInvariantNestedListFieldsTest 
1187092    WARN  Test worker     d.u.i.k.p.i.IntermediateProofReplayer Proof contains wrong number of \assumes instatiations for Partial_inv_axiom_for_JML_class_invariant_nr_2_in_LoopInvariantNestedListFieldsTest 
1187092    WARN  Test worker     d.u.i.k.p.i.IntermediateProofReplayer Proof contains wrong number of \assumes instatiations for Partial_inv_axiom_for_JML_class_invariant_nr_1_in_LoopInvariantNestedListFieldsTest 
1187093    WARN  Test worker     d.u.i.k.p.i.IntermediateProofReplayer Proof contains wrong number of \assumes instatiations for Partial_inv_axiom_for_JML_class_invariant_nr_0_in_LoopInvariantNestedListFieldsTest 
1207097    WARN  Test worker     d.u.i.k.p.i.IntermediateProofReplayer Proof contains wrong number of \assumes instatiations for Class_invariant_axiom_for_java_lang_Class 
1207099    WARN  Test worker     d.u.i.k.p.i.IntermediateProofReplayer Proof contains wrong number of \assumes instatiations for Class_invariant_axiom_for_java_lang_Character 
1209895    WARN  Test worker     d.u.i.k.p.i.IntermediateProofReplayer Proof contains wrong number of \assumes instatiations for Partial_inv_axiom_for_JML_class_invariant_nr_0_in_NestedInstanceFields 
1209909    WARN  Test worker     d.u.i.k.p.i.IntermediateProofReplayer Proof contains wrong number of \assumes instatiations for Partial_inv_axiom_for_JML_class_invariant_nr_0_in_NestedInstanceFields 
]]></system-out>
  <system-err><![CDATA[]]></system-err>
</testsuite>
