<?xml version="1.0" encoding="UTF-8"?>
<testsuite name="de.uka.ilkd.key.symbolic_execution.testcase.strategy.TestMethodBreakpointWithConditions" tests="1" skipped="0" failures="0" errors="0" timestamp="2023-02-02T15:05:14" hostname="fv-az565-672" time="10.006">
  <properties/>
  <testcase name="testBreakpointStopCondition()" classname="de.uka.ilkd.key.symbolic_execution.testcase.strategy.TestMethodBreakpointWithConditions" time="10.006"/>
  <system-out><![CDATA[]]></system-out>
  <system-err><![CDATA[]]></system-err>
</testsuite>
