<?xml version="1.0" encoding="UTF-8"?>
<testsuite name="de.uka.ilkd.key.nparser.ParseLDTsTests" tests="2" skipped="0" failures="0" errors="0" timestamp="2023-04-17T06:25:01" hostname="fv-az435-967" time="4.045">
  <properties/>
  <testcase name="testLDT()" classname="de.uka.ilkd.key.nparser.ParseLDTsTests" time="0.024"/>
  <testcase name="testSR()" classname="de.uka.ilkd.key.nparser.ParseLDTsTests" time="4.02"/>
  <system-out><![CDATA[202337     INFO  Test worker     d.u.i.k.n.KeyIO           Parsing took 16 ms 
202337     INFO  Test worker     d.u.i.k.n.KeyIO           MODE: declarations took 0 ms 
203062     INFO  Test worker     d.u.i.k.n.KeyIO           Parsing took 709 ms 
203062     INFO  Test worker     d.u.i.k.n.KeyIO           MODE: declarations took 0 ms 
]]></system-out>
  <system-err><![CDATA[]]></system-err>
</testsuite>
