<?xml version="1.0" encoding="UTF-8"?>
<testsuite name="de.uka.ilkd.key.logic.TestLocalSymbols" tests="2" skipped="0" failures="0" errors="0" timestamp="2023-04-17T06:23:02" hostname="fv-az435-967" time="5.545">
  <properties/>
  <testcase name="testSkolemization()" classname="de.uka.ilkd.key.logic.TestLocalSymbols" time="0.031"/>
  <testcase name="testDoubleInstantiation()" classname="de.uka.ilkd.key.logic.TestLocalSymbols" time="5.513"/>
  <system-out><![CDATA[]]></system-out>
  <system-err><![CDATA[]]></system-err>
</testsuite>
