<?xml version="1.0" encoding="UTF-8"?>
<testsuite name="de.uka.ilkd.key.parser.TestDeclParser" tests="14" skipped="2" failures="0" errors="0" timestamp="2023-04-17T06:25:17" hostname="fv-az435-967" time="10.766">
  <properties/>
  <testcase name="testGenericSortDecl1()" classname="de.uka.ilkd.key.parser.TestDeclParser" time="0.84"/>
  <testcase name="testGenericSortDecl2()" classname="de.uka.ilkd.key.parser.TestDeclParser" time="0.93"/>
  <testcase name="testGenericSortDecl3()" classname="de.uka.ilkd.key.parser.TestDeclParser" time="0.923"/>
  <testcase name="testGenericSortDecl4()" classname="de.uka.ilkd.key.parser.TestDeclParser" time="0.898"/>
  <testcase name="testGenericSortDecl5()" classname="de.uka.ilkd.key.parser.TestDeclParser" time="0.0">
    <skipped/>
  </testcase>
  <testcase name="testGenericSortDecl6()" classname="de.uka.ilkd.key.parser.TestDeclParser" time="0.835"/>
  <testcase name="testSortDecl()" classname="de.uka.ilkd.key.parser.TestDeclParser" time="0.909"/>
  <testcase name="testProxySortDecl()" classname="de.uka.ilkd.key.parser.TestDeclParser" time="0.914"/>
  <testcase name="testArrayDecl()" classname="de.uka.ilkd.key.parser.TestDeclParser" time="0.829"/>
  <testcase name="testAmbiguousDecls()" classname="de.uka.ilkd.key.parser.TestDeclParser" time="0.0">
    <skipped/>
  </testcase>
  <testcase name="testHeurDecl()" classname="de.uka.ilkd.key.parser.TestDeclParser" time="1.01"/>
  <testcase name="testFunctionDecl()" classname="de.uka.ilkd.key.parser.TestDeclParser" time="0.911"/>
  <testcase name="testPredicateDecl()" classname="de.uka.ilkd.key.parser.TestDeclParser" time="0.856"/>
  <testcase name="testSVDecl()" classname="de.uka.ilkd.key.parser.TestDeclParser" time="0.906"/>
  <system-out><![CDATA[219012     INFO  Test worker     d.u.i.k.n.KeyIO           Parsing took 0 ms 
219012     INFO  Test worker     d.u.i.k.n.KeyIO           MODE: declarations took 0 ms 
219950     INFO  Test worker     d.u.i.k.n.KeyIO           Parsing took 0 ms 
219950     INFO  Test worker     d.u.i.k.n.KeyIO           MODE: declarations took 0 ms 
220879     INFO  Test worker     d.u.i.k.n.KeyIO           Parsing took 0 ms 
220879     INFO  Test worker     d.u.i.k.n.KeyIO           MODE: declarations took 0 ms 
221779     INFO  Test worker     d.u.i.k.n.KeyIO           Parsing took 0 ms 
221779     INFO  Test worker     d.u.i.k.n.KeyIO           MODE: declarations took 0 ms 
222608     INFO  Test worker     d.u.i.k.n.KeyIO           Parsing took 0 ms 
222608     INFO  Test worker     d.u.i.k.n.KeyIO           MODE: declarations took 0 ms 
223515     INFO  Test worker     d.u.i.k.n.KeyIO           Parsing took 0 ms 
223515     INFO  Test worker     d.u.i.k.n.KeyIO           MODE: declarations took 0 ms 
224437     INFO  Test worker     d.u.i.k.n.KeyIO           Parsing took 0 ms 
224437     INFO  Test worker     d.u.i.k.n.KeyIO           MODE: declarations took 0 ms 
225266     INFO  Test worker     d.u.i.k.n.KeyIO           Parsing took 0 ms 
225266     INFO  Test worker     d.u.i.k.n.KeyIO           MODE: declarations took 0 ms 
226271     INFO  Test worker     d.u.i.k.n.KeyIO           Parsing took 0 ms 
226271     INFO  Test worker     d.u.i.k.n.KeyIO           MODE: declarations took 0 ms 
227178     INFO  Test worker     d.u.i.k.n.KeyIO           Parsing took 0 ms 
227178     INFO  Test worker     d.u.i.k.n.KeyIO           MODE: declarations took 0 ms 
228045     INFO  Test worker     d.u.i.k.n.KeyIO           Parsing took 0 ms 
228045     INFO  Test worker     d.u.i.k.n.KeyIO           MODE: declarations took 0 ms 
228946     INFO  Test worker     d.u.i.k.n.KeyIO           Parsing took 0 ms 
228946     INFO  Test worker     d.u.i.k.n.KeyIO           MODE: declarations took 0 ms 
]]></system-out>
  <system-err><![CDATA[]]></system-err>
</testsuite>
