<?xml version="1.0" encoding="UTF-8"?>
<testsuite name="de.uka.ilkd.key.parser.TestTermParserHeap" tests="39" skipped="0" failures="0" errors="0" timestamp="2023-04-17T06:26:50" hostname="fv-az435-967" time="104.561">
  <properties/>
  <testcase name="testBracketHeapUpdate()" classname="de.uka.ilkd.key.parser.TestTermParserHeap" time="0.015"/>
  <testcase name="testStore()" classname="de.uka.ilkd.key.parser.TestTermParserHeap" time="0.01"/>
  <testcase name="testUnknownConstant()" classname="de.uka.ilkd.key.parser.TestTermParserHeap" time="0.005"/>
  <testcase name="testAllFieldsSelector()" classname="de.uka.ilkd.key.parser.TestTermParserHeap" time="0.002"/>
  <testcase name="testParsePrettyPrintedSelect()" classname="de.uka.ilkd.key.parser.TestTermParserHeap" time="0.003"/>
  <testcase name="testAccessStaticMembers()" classname="de.uka.ilkd.key.parser.TestTermParserHeap" time="0.027"/>
  <testcase name="testAtOperator_1()" classname="de.uka.ilkd.key.parser.TestTermParserHeap" time="0.001"/>
  <testcase name="testAtOperator_2()" classname="de.uka.ilkd.key.parser.TestTermParserHeap" time="0.004"/>
  <testcase name="testAtOperator_3()" classname="de.uka.ilkd.key.parser.TestTermParserHeap" time="0.003"/>
  <testcase name="testAtOperator_4()" classname="de.uka.ilkd.key.parser.TestTermParserHeap" time="0.007"/>
  <testcase name="testAtOperator_5()" classname="de.uka.ilkd.key.parser.TestTermParserHeap" time="0.002"/>
  <testcase name="testAtOperator_6()" classname="de.uka.ilkd.key.parser.TestTermParserHeap" time="0.003"/>
  <testcase name="testAtOperator_7()" classname="de.uka.ilkd.key.parser.TestTermParserHeap" time="0.001"/>
  <testcase name="testAtOperator_8()" classname="de.uka.ilkd.key.parser.TestTermParserHeap" time="0.004"/>
  <testcase name="testVerifyExceptionIfAtOperatorNotPreceededBySelectTerm()" classname="de.uka.ilkd.key.parser.TestTermParserHeap" time="0.004"/>
  <testcase name="testBugResettingCounter()" classname="de.uka.ilkd.key.parser.TestTermParserHeap" time="0.004"/>
  <testcase name="testLocationSets()" classname="de.uka.ilkd.key.parser.TestTermParserHeap" time="0.018"/>
  <testcase name="testQuantifiedSelect()" classname="de.uka.ilkd.key.parser.TestTermParserHeap" time="0.005"/>
  <testcase name="testGenericObjectProperties()" classname="de.uka.ilkd.key.parser.TestTermParserHeap" time="0.004"/>
  <testcase name="testQueryInheritance_1()" classname="de.uka.ilkd.key.parser.TestTermParserHeap" time="0.002"/>
  <testcase name="testQueryInheritance_2()" classname="de.uka.ilkd.key.parser.TestTermParserHeap" time="0.004"/>
  <testcase name="testQueryInheritance_3()" classname="de.uka.ilkd.key.parser.TestTermParserHeap" time="0.003"/>
  <testcase name="testQueryInheritance_4()" classname="de.uka.ilkd.key.parser.TestTermParserHeap" time="0.002"/>
  <testcase name="testQueryInheritance_5()" classname="de.uka.ilkd.key.parser.TestTermParserHeap" time="0.002"/>
  <testcase name="testQueryInheritance_6()" classname="de.uka.ilkd.key.parser.TestTermParserHeap" time="0.001"/>
  <testcase name="testQueryInheritance_7()" classname="de.uka.ilkd.key.parser.TestTermParserHeap" time="0.003"/>
  <testcase name="testQueryInheritance_8()" classname="de.uka.ilkd.key.parser.TestTermParserHeap" time="0.003"/>
  <testcase name="testQueryInheritance_9()" classname="de.uka.ilkd.key.parser.TestTermParserHeap" time="0.003"/>
  <testcase name="testQueryBasic_10()" classname="de.uka.ilkd.key.parser.TestTermParserHeap" time="0.002"/>
  <testcase name="testQueryBasic_11()" classname="de.uka.ilkd.key.parser.TestTermParserHeap" time="0.004"/>
  <testcase name="testQueryBasic_1()" classname="de.uka.ilkd.key.parser.TestTermParserHeap" time="0.002"/>
  <testcase name="testQueryBasic_2()" classname="de.uka.ilkd.key.parser.TestTermParserHeap" time="0.003"/>
  <testcase name="testQueryBasic_3()" classname="de.uka.ilkd.key.parser.TestTermParserHeap" time="0.006"/>
  <testcase name="testQueryBasic_4()" classname="de.uka.ilkd.key.parser.TestTermParserHeap" time="0.004"/>
  <testcase name="testQueryBasic_5()" classname="de.uka.ilkd.key.parser.TestTermParserHeap" time="0.002"/>
  <testcase name="testQueryBasic_6()" classname="de.uka.ilkd.key.parser.TestTermParserHeap" time="0.004"/>
  <testcase name="testQueryBasic_7()" classname="de.uka.ilkd.key.parser.TestTermParserHeap" time="0.003"/>
  <testcase name="testQueryBasic_8()" classname="de.uka.ilkd.key.parser.TestTermParserHeap" time="0.005"/>
  <testcase name="testQueryBasic_9()" classname="de.uka.ilkd.key.parser.TestTermParserHeap" time="0.003"/>
  <system-out><![CDATA[311888     INFO  Test worker     d.u.i.k.n.KeyIO           Parsing took 0 ms 
311903     INFO  Test worker     d.u.i.k.n.KeyIO           MODE: declarations took 0 ms 
311903     INFO  Test worker     d.u.i.k.n.KeyIO           Parsing took 0 ms 
311903     INFO  Test worker     d.u.i.k.n.KeyIO           MODE: declarations took 0 ms 
311903     INFO  Test worker     d.u.i.k.n.KeyIO           Parsing took 0 ms 
311903     INFO  Test worker     d.u.i.k.n.KeyIO           MODE: declarations took 0 ms 
311903     INFO  Test worker     d.u.i.k.n.KeyIO           Parsing took 0 ms 
311903     INFO  Test worker     d.u.i.k.n.KeyIO           MODE: declarations took 0 ms 
311903     INFO  Test worker     d.u.i.k.n.KeyIO           Parsing took 0 ms 
311903     INFO  Test worker     d.u.i.k.n.KeyIO           MODE: declarations took 0 ms 
314718     INFO  Test worker     d.u.i.k.n.KeyIO           Parsing took 0 ms 
314718     INFO  Test worker     d.u.i.k.n.KeyIO           MODE: declarations took 0 ms 
314718     INFO  Test worker     d.u.i.k.n.KeyIO           Parsing took 0 ms 
314718     INFO  Test worker     d.u.i.k.n.KeyIO           MODE: declarations took 0 ms 
314718     INFO  Test worker     d.u.i.k.n.KeyIO           Parsing took 0 ms 
314718     INFO  Test worker     d.u.i.k.n.KeyIO           MODE: declarations took 0 ms 
314718     INFO  Test worker     d.u.i.k.n.KeyIO           Parsing took 0 ms 
314718     INFO  Test worker     d.u.i.k.n.KeyIO           MODE: declarations took 0 ms 
314718     INFO  Test worker     d.u.i.k.n.KeyIO           Parsing took 0 ms 
314718     INFO  Test worker     d.u.i.k.n.KeyIO           MODE: declarations took 0 ms 
317604     INFO  Test worker     d.u.i.k.n.KeyIO           Parsing took 0 ms 
317604     INFO  Test worker     d.u.i.k.n.KeyIO           MODE: declarations took 0 ms 
317604     INFO  Test worker     d.u.i.k.n.KeyIO           Parsing took 0 ms 
317604     INFO  Test worker     d.u.i.k.n.KeyIO           MODE: declarations took 0 ms 
317604     INFO  Test worker     d.u.i.k.n.KeyIO           Parsing took 0 ms 
317604     INFO  Test worker     d.u.i.k.n.KeyIO           MODE: declarations took 0 ms 
317604     INFO  Test worker     d.u.i.k.n.KeyIO           Parsing took 0 ms 
317604     INFO  Test worker     d.u.i.k.n.KeyIO           MODE: declarations took 0 ms 
317604     INFO  Test worker     d.u.i.k.n.KeyIO           Parsing took 0 ms 
317604     INFO  Test worker     d.u.i.k.n.KeyIO           MODE: declarations took 0 ms 
317604     INFO  Test worker     d.u.i.k.n.KeyIO           Parsing took 0 ms 
317604     INFO  Test worker     d.u.i.k.n.KeyIO           MODE: declarations took 0 ms 
320588     INFO  Test worker     d.u.i.k.n.KeyIO           Parsing took 0 ms 
320588     INFO  Test worker     d.u.i.k.n.KeyIO           MODE: declarations took 0 ms 
320588     INFO  Test worker     d.u.i.k.n.KeyIO           Parsing took 0 ms 
320588     INFO  Test worker     d.u.i.k.n.KeyIO           MODE: declarations took 0 ms 
320588     INFO  Test worker     d.u.i.k.n.KeyIO           Parsing took 0 ms 
320588     INFO  Test worker     d.u.i.k.n.KeyIO           MODE: declarations took 0 ms 
320588     INFO  Test worker     d.u.i.k.n.KeyIO           Parsing took 0 ms 
320588     INFO  Test worker     d.u.i.k.n.KeyIO           MODE: declarations took 0 ms 
320588     INFO  Test worker     d.u.i.k.n.KeyIO           Parsing took 0 ms 
320588     INFO  Test worker     d.u.i.k.n.KeyIO           MODE: declarations took 0 ms 
323428     INFO  Test worker     d.u.i.k.n.KeyIO           Parsing took 0 ms 
323444     INFO  Test worker     d.u.i.k.n.KeyIO           MODE: declarations took 16 ms 
323444     INFO  Test worker     d.u.i.k.n.KeyIO           Parsing took 0 ms 
323444     INFO  Test worker     d.u.i.k.n.KeyIO           MODE: declarations took 0 ms 
323444     INFO  Test worker     d.u.i.k.n.KeyIO           Parsing took 0 ms 
323444     INFO  Test worker     d.u.i.k.n.KeyIO           MODE: declarations took 0 ms 
323444     INFO  Test worker     d.u.i.k.n.KeyIO           Parsing took 0 ms 
323444     INFO  Test worker     d.u.i.k.n.KeyIO           MODE: declarations took 0 ms 
323444     INFO  Test worker     d.u.i.k.n.KeyIO           Parsing took 0 ms 
323444     INFO  Test worker     d.u.i.k.n.KeyIO           MODE: declarations took 0 ms 
326217     INFO  Test worker     d.u.i.k.n.KeyIO           Parsing took 0 ms 
326217     INFO  Test worker     d.u.i.k.n.KeyIO           MODE: declarations took 0 ms 
326217     INFO  Test worker     d.u.i.k.n.KeyIO           Parsing took 0 ms 
326217     INFO  Test worker     d.u.i.k.n.KeyIO           MODE: declarations took 0 ms 
326217     INFO  Test worker     d.u.i.k.n.KeyIO           Parsing took 0 ms 
326217     INFO  Test worker     d.u.i.k.n.KeyIO           MODE: declarations took 0 ms 
326217     INFO  Test worker     d.u.i.k.n.KeyIO           Parsing took 0 ms 
326217     INFO  Test worker     d.u.i.k.n.KeyIO           MODE: declarations took 0 ms 
326217     INFO  Test worker     d.u.i.k.n.KeyIO           Parsing took 0 ms 
326217     INFO  Test worker     d.u.i.k.n.KeyIO           MODE: declarations took 0 ms 
328960     INFO  Test worker     d.u.i.k.n.KeyIO           Parsing took 0 ms 
328960     INFO  Test worker     d.u.i.k.n.KeyIO           MODE: declarations took 0 ms 
328960     INFO  Test worker     d.u.i.k.n.KeyIO           Parsing took 0 ms 
328960     INFO  Test worker     d.u.i.k.n.KeyIO           MODE: declarations took 0 ms 
328960     INFO  Test worker     d.u.i.k.n.KeyIO           Parsing took 0 ms 
328960     INFO  Test worker     d.u.i.k.n.KeyIO           MODE: declarations took 0 ms 
328960     INFO  Test worker     d.u.i.k.n.KeyIO           Parsing took 0 ms 
328960     INFO  Test worker     d.u.i.k.n.KeyIO           MODE: declarations took 0 ms 
328960     INFO  Test worker     d.u.i.k.n.KeyIO           Parsing took 0 ms 
328960     INFO  Test worker     d.u.i.k.n.KeyIO           MODE: declarations took 0 ms 
331704     INFO  Test worker     d.u.i.k.n.KeyIO           Parsing took 0 ms 
331704     INFO  Test worker     d.u.i.k.n.KeyIO           MODE: declarations took 0 ms 
331704     INFO  Test worker     d.u.i.k.n.KeyIO           Parsing took 0 ms 
331704     INFO  Test worker     d.u.i.k.n.KeyIO           MODE: declarations took 0 ms 
331704     INFO  Test worker     d.u.i.k.n.KeyIO           Parsing took 0 ms 
331704     INFO  Test worker     d.u.i.k.n.KeyIO           MODE: declarations took 0 ms 
331704     INFO  Test worker     d.u.i.k.n.KeyIO           Parsing took 0 ms 
331704     INFO  Test worker     d.u.i.k.n.KeyIO           MODE: declarations took 0 ms 
331704     INFO  Test worker     d.u.i.k.n.KeyIO           Parsing took 0 ms 
331704     INFO  Test worker     d.u.i.k.n.KeyIO           MODE: declarations took 0 ms 
334443     INFO  Test worker     d.u.i.k.n.KeyIO           Parsing took 0 ms 
334443     INFO  Test worker     d.u.i.k.n.KeyIO           MODE: declarations took 0 ms 
334443     INFO  Test worker     d.u.i.k.n.KeyIO           Parsing took 0 ms 
334443     INFO  Test worker     d.u.i.k.n.KeyIO           MODE: declarations took 0 ms 
334458     INFO  Test worker     d.u.i.k.n.KeyIO           Parsing took 0 ms 
334458     INFO  Test worker     d.u.i.k.n.KeyIO           MODE: declarations took 0 ms 
334458     INFO  Test worker     d.u.i.k.n.KeyIO           Parsing took 0 ms 
334458     INFO  Test worker     d.u.i.k.n.KeyIO           MODE: declarations took 0 ms 
334458     INFO  Test worker     d.u.i.k.n.KeyIO           Parsing took 0 ms 
334458     INFO  Test worker     d.u.i.k.n.KeyIO           MODE: declarations took 0 ms 
337196     INFO  Test worker     d.u.i.k.n.KeyIO           Parsing took 0 ms 
337196     INFO  Test worker     d.u.i.k.n.KeyIO           MODE: declarations took 0 ms 
337196     INFO  Test worker     d.u.i.k.n.KeyIO           Parsing took 0 ms 
337196     INFO  Test worker     d.u.i.k.n.KeyIO           MODE: declarations took 0 ms 
337196     INFO  Test worker     d.u.i.k.n.KeyIO           Parsing took 0 ms 
337196     INFO  Test worker     d.u.i.k.n.KeyIO           MODE: declarations took 0 ms 
337196     INFO  Test worker     d.u.i.k.n.KeyIO           Parsing took 0 ms 
337196     INFO  Test worker     d.u.i.k.n.KeyIO           MODE: declarations took 0 ms 
337196     INFO  Test worker     d.u.i.k.n.KeyIO           Parsing took 0 ms 
337196     INFO  Test worker     d.u.i.k.n.KeyIO           MODE: declarations took 0 ms 
339900     INFO  Test worker     d.u.i.k.n.KeyIO           Parsing took 0 ms 
339900     INFO  Test worker     d.u.i.k.n.KeyIO           MODE: declarations took 0 ms 
339900     INFO  Test worker     d.u.i.k.n.KeyIO           Parsing took 0 ms 
339900     INFO  Test worker     d.u.i.k.n.KeyIO           MODE: declarations took 0 ms 
339900     INFO  Test worker     d.u.i.k.n.KeyIO           Parsing took 0 ms 
339900     INFO  Test worker     d.u.i.k.n.KeyIO           MODE: declarations took 0 ms 
339900     INFO  Test worker     d.u.i.k.n.KeyIO           Parsing took 0 ms 
339900     INFO  Test worker     d.u.i.k.n.KeyIO           MODE: declarations took 0 ms 
339900     INFO  Test worker     d.u.i.k.n.KeyIO           Parsing took 0 ms 
339900     INFO  Test worker     d.u.i.k.n.KeyIO           MODE: declarations took 0 ms 
342625     INFO  Test worker     d.u.i.k.n.KeyIO           Parsing took 0 ms 
342625     INFO  Test worker     d.u.i.k.n.KeyIO           MODE: declarations took 0 ms 
342625     INFO  Test worker     d.u.i.k.n.KeyIO           Parsing took 0 ms 
342625     INFO  Test worker     d.u.i.k.n.KeyIO           MODE: declarations took 0 ms 
342625     INFO  Test worker     d.u.i.k.n.KeyIO           Parsing took 0 ms 
342625     INFO  Test worker     d.u.i.k.n.KeyIO           MODE: declarations took 0 ms 
342625     INFO  Test worker     d.u.i.k.n.KeyIO           Parsing took 0 ms 
342625     INFO  Test worker     d.u.i.k.n.KeyIO           MODE: declarations took 0 ms 
342625     INFO  Test worker     d.u.i.k.n.KeyIO           Parsing took 0 ms 
342625     INFO  Test worker     d.u.i.k.n.KeyIO           MODE: declarations took 0 ms 
345345     INFO  Test worker     d.u.i.k.n.KeyIO           Parsing took 0 ms 
345345     INFO  Test worker     d.u.i.k.n.KeyIO           MODE: declarations took 0 ms 
345345     INFO  Test worker     d.u.i.k.n.KeyIO           Parsing took 0 ms 
345345     INFO  Test worker     d.u.i.k.n.KeyIO           MODE: declarations took 0 ms 
345345     INFO  Test worker     d.u.i.k.n.KeyIO           Parsing took 0 ms 
345345     INFO  Test worker     d.u.i.k.n.KeyIO           MODE: declarations took 0 ms 
345345     INFO  Test worker     d.u.i.k.n.KeyIO           Parsing took 0 ms 
345345     INFO  Test worker     d.u.i.k.n.KeyIO           MODE: declarations took 0 ms 
345345     INFO  Test worker     d.u.i.k.n.KeyIO           Parsing took 0 ms 
345345     INFO  Test worker     d.u.i.k.n.KeyIO           MODE: declarations took 0 ms 
348044     INFO  Test worker     d.u.i.k.n.KeyIO           Parsing took 0 ms 
348044     INFO  Test worker     d.u.i.k.n.KeyIO           MODE: declarations took 0 ms 
348044     INFO  Test worker     d.u.i.k.n.KeyIO           Parsing took 0 ms 
348044     INFO  Test worker     d.u.i.k.n.KeyIO           MODE: declarations took 0 ms 
348044     INFO  Test worker     d.u.i.k.n.KeyIO           Parsing took 0 ms 
348044     INFO  Test worker     d.u.i.k.n.KeyIO           MODE: declarations took 0 ms 
348044     INFO  Test worker     d.u.i.k.n.KeyIO           Parsing took 0 ms 
348044     INFO  Test worker     d.u.i.k.n.KeyIO           MODE: declarations took 0 ms 
348044     INFO  Test worker     d.u.i.k.n.KeyIO           Parsing took 0 ms 
348044     INFO  Test worker     d.u.i.k.n.KeyIO           MODE: declarations took 0 ms 
350782     INFO  Test worker     d.u.i.k.n.KeyIO           Parsing took 0 ms 
350782     INFO  Test worker     d.u.i.k.n.KeyIO           MODE: declarations took 0 ms 
350782     INFO  Test worker     d.u.i.k.n.KeyIO           Parsing took 0 ms 
350782     INFO  Test worker     d.u.i.k.n.KeyIO           MODE: declarations took 0 ms 
350782     INFO  Test worker     d.u.i.k.n.KeyIO           Parsing took 0 ms 
350782     INFO  Test worker     d.u.i.k.n.KeyIO           MODE: declarations took 0 ms 
350782     INFO  Test worker     d.u.i.k.n.KeyIO           Parsing took 0 ms 
350782     INFO  Test worker     d.u.i.k.n.KeyIO           MODE: declarations took 0 ms 
350782     INFO  Test worker     d.u.i.k.n.KeyIO           Parsing took 0 ms 
350782     INFO  Test worker     d.u.i.k.n.KeyIO           MODE: declarations took 0 ms 
350782     WARN  Test worker     d.u.i.k.n.KeYParser       [syntax-error] <unknown>:1:11: mismatched input '@' expecting {'/', ':=', '.', '(', ')', '{', '[', '@', PARALLEL, OR, AND, IMP, '=', NOT_EQUALS, '%', '*', '-', '+', '>', GREATEREQUAL, '<', LESSEQUAL, LGUILLEMETS, EQV} [@11,11:11='@',<153>,1:11] (termEOF) 
353528     INFO  Test worker     d.u.i.k.n.KeyIO           Parsing took 0 ms 
353528     INFO  Test worker     d.u.i.k.n.KeyIO           MODE: declarations took 0 ms 
353528     INFO  Test worker     d.u.i.k.n.KeyIO           Parsing took 0 ms 
353528     INFO  Test worker     d.u.i.k.n.KeyIO           MODE: declarations took 0 ms 
353528     INFO  Test worker     d.u.i.k.n.KeyIO           Parsing took 0 ms 
353528     INFO  Test worker     d.u.i.k.n.KeyIO           MODE: declarations took 0 ms 
353528     INFO  Test worker     d.u.i.k.n.KeyIO           Parsing took 0 ms 
353528     INFO  Test worker     d.u.i.k.n.KeyIO           MODE: declarations took 0 ms 
353528     INFO  Test worker     d.u.i.k.n.KeyIO           Parsing took 0 ms 
353528     INFO  Test worker     d.u.i.k.n.KeyIO           MODE: declarations took 0 ms 
356242     INFO  Test worker     d.u.i.k.n.KeyIO           Parsing took 0 ms 
356242     INFO  Test worker     d.u.i.k.n.KeyIO           MODE: declarations took 0 ms 
356242     INFO  Test worker     d.u.i.k.n.KeyIO           Parsing took 0 ms 
356258     INFO  Test worker     d.u.i.k.n.KeyIO           MODE: declarations took 0 ms 
356258     INFO  Test worker     d.u.i.k.n.KeyIO           Parsing took 0 ms 
356258     INFO  Test worker     d.u.i.k.n.KeyIO           MODE: declarations took 0 ms 
356258     INFO  Test worker     d.u.i.k.n.KeyIO           Parsing took 0 ms 
356258     INFO  Test worker     d.u.i.k.n.KeyIO           MODE: declarations took 0 ms 
356258     INFO  Test worker     d.u.i.k.n.KeyIO           Parsing took 0 ms 
356258     INFO  Test worker     d.u.i.k.n.KeyIO           MODE: declarations took 0 ms 
358977     INFO  Test worker     d.u.i.k.n.KeyIO           Parsing took 0 ms 
358977     INFO  Test worker     d.u.i.k.n.KeyIO           MODE: declarations took 0 ms 
358977     INFO  Test worker     d.u.i.k.n.KeyIO           Parsing took 0 ms 
358977     INFO  Test worker     d.u.i.k.n.KeyIO           MODE: declarations took 0 ms 
358977     INFO  Test worker     d.u.i.k.n.KeyIO           Parsing took 0 ms 
358977     INFO  Test worker     d.u.i.k.n.KeyIO           MODE: declarations took 0 ms 
358977     INFO  Test worker     d.u.i.k.n.KeyIO           Parsing took 0 ms 
358977     INFO  Test worker     d.u.i.k.n.KeyIO           MODE: declarations took 0 ms 
358977     INFO  Test worker     d.u.i.k.n.KeyIO           Parsing took 0 ms 
358977     INFO  Test worker     d.u.i.k.n.KeyIO           MODE: declarations took 0 ms 
361716     INFO  Test worker     d.u.i.k.n.KeyIO           Parsing took 0 ms 
361716     INFO  Test worker     d.u.i.k.n.KeyIO           MODE: declarations took 0 ms 
361716     INFO  Test worker     d.u.i.k.n.KeyIO           Parsing took 0 ms 
361716     INFO  Test worker     d.u.i.k.n.KeyIO           MODE: declarations took 0 ms 
361716     INFO  Test worker     d.u.i.k.n.KeyIO           Parsing took 0 ms 
361716     INFO  Test worker     d.u.i.k.n.KeyIO           MODE: declarations took 0 ms 
361716     INFO  Test worker     d.u.i.k.n.KeyIO           Parsing took 0 ms 
361716     INFO  Test worker     d.u.i.k.n.KeyIO           MODE: declarations took 0 ms 
361716     INFO  Test worker     d.u.i.k.n.KeyIO           Parsing took 0 ms 
361731     INFO  Test worker     d.u.i.k.n.KeyIO           MODE: declarations took 15 ms 
364468     INFO  Test worker     d.u.i.k.n.KeyIO           Parsing took 0 ms 
364468     INFO  Test worker     d.u.i.k.n.KeyIO           MODE: declarations took 0 ms 
364468     INFO  Test worker     d.u.i.k.n.KeyIO           Parsing took 0 ms 
364468     INFO  Test worker     d.u.i.k.n.KeyIO           MODE: declarations took 0 ms 
364468     INFO  Test worker     d.u.i.k.n.KeyIO           Parsing took 0 ms 
364468     INFO  Test worker     d.u.i.k.n.KeyIO           MODE: declarations took 0 ms 
364468     INFO  Test worker     d.u.i.k.n.KeyIO           Parsing took 0 ms 
364468     INFO  Test worker     d.u.i.k.n.KeyIO           MODE: declarations took 0 ms 
364468     INFO  Test worker     d.u.i.k.n.KeyIO           Parsing took 0 ms 
364468     INFO  Test worker     d.u.i.k.n.KeyIO           MODE: declarations took 0 ms 
367173     INFO  Test worker     d.u.i.k.n.KeyIO           Parsing took 0 ms 
367173     INFO  Test worker     d.u.i.k.n.KeyIO           MODE: declarations took 0 ms 
367173     INFO  Test worker     d.u.i.k.n.KeyIO           Parsing took 0 ms 
367173     INFO  Test worker     d.u.i.k.n.KeyIO           MODE: declarations took 0 ms 
367173     INFO  Test worker     d.u.i.k.n.KeyIO           Parsing took 0 ms 
367173     INFO  Test worker     d.u.i.k.n.KeyIO           MODE: declarations took 0 ms 
367173     INFO  Test worker     d.u.i.k.n.KeyIO           Parsing took 0 ms 
367173     INFO  Test worker     d.u.i.k.n.KeyIO           MODE: declarations took 0 ms 
367173     INFO  Test worker     d.u.i.k.n.KeyIO           Parsing took 0 ms 
367173     INFO  Test worker     d.u.i.k.n.KeyIO           MODE: declarations took 0 ms 
369897     INFO  Test worker     d.u.i.k.n.KeyIO           Parsing took 0 ms 
369897     INFO  Test worker     d.u.i.k.n.KeyIO           MODE: declarations took 0 ms 
369897     INFO  Test worker     d.u.i.k.n.KeyIO           Parsing took 0 ms 
369897     INFO  Test worker     d.u.i.k.n.KeyIO           MODE: declarations took 0 ms 
369897     INFO  Test worker     d.u.i.k.n.KeyIO           Parsing took 0 ms 
369897     INFO  Test worker     d.u.i.k.n.KeyIO           MODE: declarations took 0 ms 
369897     INFO  Test worker     d.u.i.k.n.KeyIO           Parsing took 0 ms 
369897     INFO  Test worker     d.u.i.k.n.KeyIO           MODE: declarations took 0 ms 
369897     INFO  Test worker     d.u.i.k.n.KeyIO           Parsing took 0 ms 
369897     INFO  Test worker     d.u.i.k.n.KeyIO           MODE: declarations took 0 ms 
372629     INFO  Test worker     d.u.i.k.n.KeyIO           Parsing took 0 ms 
372629     INFO  Test worker     d.u.i.k.n.KeyIO           MODE: declarations took 0 ms 
372629     INFO  Test worker     d.u.i.k.n.KeyIO           Parsing took 0 ms 
372629     INFO  Test worker     d.u.i.k.n.KeyIO           MODE: declarations took 0 ms 
372629     INFO  Test worker     d.u.i.k.n.KeyIO           Parsing took 0 ms 
372629     INFO  Test worker     d.u.i.k.n.KeyIO           MODE: declarations took 0 ms 
372629     INFO  Test worker     d.u.i.k.n.KeyIO           Parsing took 0 ms 
372629     INFO  Test worker     d.u.i.k.n.KeyIO           MODE: declarations took 0 ms 
372629     INFO  Test worker     d.u.i.k.n.KeyIO           Parsing took 0 ms 
372629     INFO  Test worker     d.u.i.k.n.KeyIO           MODE: declarations took 0 ms 
375345     INFO  Test worker     d.u.i.k.n.KeyIO           Parsing took 0 ms 
375345     INFO  Test worker     d.u.i.k.n.KeyIO           MODE: declarations took 0 ms 
375345     INFO  Test worker     d.u.i.k.n.KeyIO           Parsing took 0 ms 
375345     INFO  Test worker     d.u.i.k.n.KeyIO           MODE: declarations took 0 ms 
375345     INFO  Test worker     d.u.i.k.n.KeyIO           Parsing took 0 ms 
375345     INFO  Test worker     d.u.i.k.n.KeyIO           MODE: declarations took 0 ms 
375345     INFO  Test worker     d.u.i.k.n.KeyIO           Parsing took 0 ms 
375345     INFO  Test worker     d.u.i.k.n.KeyIO           MODE: declarations took 0 ms 
375345     INFO  Test worker     d.u.i.k.n.KeyIO           Parsing took 0 ms 
375345     INFO  Test worker     d.u.i.k.n.KeyIO           MODE: declarations took 0 ms 
378088     INFO  Test worker     d.u.i.k.n.KeyIO           Parsing took 0 ms 
378088     INFO  Test worker     d.u.i.k.n.KeyIO           MODE: declarations took 0 ms 
378088     INFO  Test worker     d.u.i.k.n.KeyIO           Parsing took 0 ms 
378088     INFO  Test worker     d.u.i.k.n.KeyIO           MODE: declarations took 0 ms 
378088     INFO  Test worker     d.u.i.k.n.KeyIO           Parsing took 0 ms 
378088     INFO  Test worker     d.u.i.k.n.KeyIO           MODE: declarations took 0 ms 
378088     INFO  Test worker     d.u.i.k.n.KeyIO           Parsing took 0 ms 
378088     INFO  Test worker     d.u.i.k.n.KeyIO           MODE: declarations took 0 ms 
378088     INFO  Test worker     d.u.i.k.n.KeyIO           Parsing took 0 ms 
378088     INFO  Test worker     d.u.i.k.n.KeyIO           MODE: declarations took 0 ms 
380802     INFO  Test worker     d.u.i.k.n.KeyIO           Parsing took 0 ms 
380802     INFO  Test worker     d.u.i.k.n.KeyIO           MODE: declarations took 0 ms 
380802     INFO  Test worker     d.u.i.k.n.KeyIO           Parsing took 0 ms 
380802     INFO  Test worker     d.u.i.k.n.KeyIO           MODE: declarations took 0 ms 
380802     INFO  Test worker     d.u.i.k.n.KeyIO           Parsing took 0 ms 
380802     INFO  Test worker     d.u.i.k.n.KeyIO           MODE: declarations took 0 ms 
380802     INFO  Test worker     d.u.i.k.n.KeyIO           Parsing took 0 ms 
380802     INFO  Test worker     d.u.i.k.n.KeyIO           MODE: declarations took 0 ms 
380802     INFO  Test worker     d.u.i.k.n.KeyIO           Parsing took 0 ms 
380802     INFO  Test worker     d.u.i.k.n.KeyIO           MODE: declarations took 0 ms 
383557     INFO  Test worker     d.u.i.k.n.KeyIO           Parsing took 0 ms 
383557     INFO  Test worker     d.u.i.k.n.KeyIO           MODE: declarations took 0 ms 
383557     INFO  Test worker     d.u.i.k.n.KeyIO           Parsing took 0 ms 
383557     INFO  Test worker     d.u.i.k.n.KeyIO           MODE: declarations took 0 ms 
383557     INFO  Test worker     d.u.i.k.n.KeyIO           Parsing took 0 ms 
383557     INFO  Test worker     d.u.i.k.n.KeyIO           MODE: declarations took 0 ms 
383557     INFO  Test worker     d.u.i.k.n.KeyIO           Parsing took 0 ms 
383557     INFO  Test worker     d.u.i.k.n.KeyIO           MODE: declarations took 0 ms 
383557     INFO  Test worker     d.u.i.k.n.KeyIO           Parsing took 0 ms 
383557     INFO  Test worker     d.u.i.k.n.KeyIO           MODE: declarations took 0 ms 
386543     INFO  Test worker     d.u.i.k.n.KeyIO           Parsing took 0 ms 
386543     INFO  Test worker     d.u.i.k.n.KeyIO           MODE: declarations took 0 ms 
386543     INFO  Test worker     d.u.i.k.n.KeyIO           Parsing took 0 ms 
386543     INFO  Test worker     d.u.i.k.n.KeyIO           MODE: declarations took 0 ms 
386543     INFO  Test worker     d.u.i.k.n.KeyIO           Parsing took 0 ms 
386543     INFO  Test worker     d.u.i.k.n.KeyIO           MODE: declarations took 0 ms 
386543     INFO  Test worker     d.u.i.k.n.KeyIO           Parsing took 0 ms 
386543     INFO  Test worker     d.u.i.k.n.KeyIO           MODE: declarations took 0 ms 
386543     INFO  Test worker     d.u.i.k.n.KeyIO           Parsing took 0 ms 
386543     INFO  Test worker     d.u.i.k.n.KeyIO           MODE: declarations took 0 ms 
389326     INFO  Test worker     d.u.i.k.n.KeyIO           Parsing took 0 ms 
389326     INFO  Test worker     d.u.i.k.n.KeyIO           MODE: declarations took 0 ms 
389326     INFO  Test worker     d.u.i.k.n.KeyIO           Parsing took 0 ms 
389326     INFO  Test worker     d.u.i.k.n.KeyIO           MODE: declarations took 0 ms 
389326     INFO  Test worker     d.u.i.k.n.KeyIO           Parsing took 0 ms 
389326     INFO  Test worker     d.u.i.k.n.KeyIO           MODE: declarations took 0 ms 
389326     INFO  Test worker     d.u.i.k.n.KeyIO           Parsing took 0 ms 
389326     INFO  Test worker     d.u.i.k.n.KeyIO           MODE: declarations took 0 ms 
389326     INFO  Test worker     d.u.i.k.n.KeyIO           Parsing took 0 ms 
389326     INFO  Test worker     d.u.i.k.n.KeyIO           MODE: declarations took 0 ms 
392011     INFO  Test worker     d.u.i.k.n.KeyIO           Parsing took 0 ms 
392011     INFO  Test worker     d.u.i.k.n.KeyIO           MODE: declarations took 0 ms 
392011     INFO  Test worker     d.u.i.k.n.KeyIO           Parsing took 0 ms 
392011     INFO  Test worker     d.u.i.k.n.KeyIO           MODE: declarations took 0 ms 
392011     INFO  Test worker     d.u.i.k.n.KeyIO           Parsing took 0 ms 
392011     INFO  Test worker     d.u.i.k.n.KeyIO           MODE: declarations took 0 ms 
392011     INFO  Test worker     d.u.i.k.n.KeyIO           Parsing took 0 ms 
392011     INFO  Test worker     d.u.i.k.n.KeyIO           MODE: declarations took 0 ms 
392011     INFO  Test worker     d.u.i.k.n.KeyIO           Parsing took 0 ms 
392011     INFO  Test worker     d.u.i.k.n.KeyIO           MODE: declarations took 0 ms 
394716     INFO  Test worker     d.u.i.k.n.KeyIO           Parsing took 0 ms 
394716     INFO  Test worker     d.u.i.k.n.KeyIO           MODE: declarations took 0 ms 
394716     INFO  Test worker     d.u.i.k.n.KeyIO           Parsing took 0 ms 
394716     INFO  Test worker     d.u.i.k.n.KeyIO           MODE: declarations took 0 ms 
394716     INFO  Test worker     d.u.i.k.n.KeyIO           Parsing took 0 ms 
394716     INFO  Test worker     d.u.i.k.n.KeyIO           MODE: declarations took 0 ms 
394716     INFO  Test worker     d.u.i.k.n.KeyIO           Parsing took 0 ms 
394716     INFO  Test worker     d.u.i.k.n.KeyIO           MODE: declarations took 0 ms 
394716     INFO  Test worker     d.u.i.k.n.KeyIO           Parsing took 0 ms 
394716     INFO  Test worker     d.u.i.k.n.KeyIO           MODE: declarations took 0 ms 
397411     INFO  Test worker     d.u.i.k.n.KeyIO           Parsing took 0 ms 
397411     INFO  Test worker     d.u.i.k.n.KeyIO           MODE: declarations took 0 ms 
397411     INFO  Test worker     d.u.i.k.n.KeyIO           Parsing took 0 ms 
397411     INFO  Test worker     d.u.i.k.n.KeyIO           MODE: declarations took 0 ms 
397411     INFO  Test worker     d.u.i.k.n.KeyIO           Parsing took 0 ms 
397427     INFO  Test worker     d.u.i.k.n.KeyIO           MODE: declarations took 16 ms 
397427     INFO  Test worker     d.u.i.k.n.KeyIO           Parsing took 0 ms 
397427     INFO  Test worker     d.u.i.k.n.KeyIO           MODE: declarations took 0 ms 
397427     INFO  Test worker     d.u.i.k.n.KeyIO           Parsing took 0 ms 
397427     INFO  Test worker     d.u.i.k.n.KeyIO           MODE: declarations took 0 ms 
400125     INFO  Test worker     d.u.i.k.n.KeyIO           Parsing took 0 ms 
400125     INFO  Test worker     d.u.i.k.n.KeyIO           MODE: declarations took 0 ms 
400125     INFO  Test worker     d.u.i.k.n.KeyIO           Parsing took 0 ms 
400125     INFO  Test worker     d.u.i.k.n.KeyIO           MODE: declarations took 0 ms 
400125     INFO  Test worker     d.u.i.k.n.KeyIO           Parsing took 0 ms 
400125     INFO  Test worker     d.u.i.k.n.KeyIO           MODE: declarations took 0 ms 
400125     INFO  Test worker     d.u.i.k.n.KeyIO           Parsing took 0 ms 
400125     INFO  Test worker     d.u.i.k.n.KeyIO           MODE: declarations took 0 ms 
400125     INFO  Test worker     d.u.i.k.n.KeyIO           Parsing took 0 ms 
400125     INFO  Test worker     d.u.i.k.n.KeyIO           MODE: declarations took 0 ms 
402841     INFO  Test worker     d.u.i.k.n.KeyIO           Parsing took 0 ms 
402841     INFO  Test worker     d.u.i.k.n.KeyIO           MODE: declarations took 0 ms 
402841     INFO  Test worker     d.u.i.k.n.KeyIO           Parsing took 0 ms 
402841     INFO  Test worker     d.u.i.k.n.KeyIO           MODE: declarations took 0 ms 
402841     INFO  Test worker     d.u.i.k.n.KeyIO           Parsing took 0 ms 
402841     INFO  Test worker     d.u.i.k.n.KeyIO           MODE: declarations took 0 ms 
402841     INFO  Test worker     d.u.i.k.n.KeyIO           Parsing took 0 ms 
402841     INFO  Test worker     d.u.i.k.n.KeyIO           MODE: declarations took 0 ms 
402841     INFO  Test worker     d.u.i.k.n.KeyIO           Parsing took 0 ms 
402841     INFO  Test worker     d.u.i.k.n.KeyIO           MODE: declarations took 0 ms 
405553     INFO  Test worker     d.u.i.k.n.KeyIO           Parsing took 0 ms 
405553     INFO  Test worker     d.u.i.k.n.KeyIO           MODE: declarations took 0 ms 
405553     INFO  Test worker     d.u.i.k.n.KeyIO           Parsing took 0 ms 
405553     INFO  Test worker     d.u.i.k.n.KeyIO           MODE: declarations took 0 ms 
405553     INFO  Test worker     d.u.i.k.n.KeyIO           Parsing took 0 ms 
405553     INFO  Test worker     d.u.i.k.n.KeyIO           MODE: declarations took 0 ms 
405553     INFO  Test worker     d.u.i.k.n.KeyIO           Parsing took 0 ms 
405553     INFO  Test worker     d.u.i.k.n.KeyIO           MODE: declarations took 0 ms 
405553     INFO  Test worker     d.u.i.k.n.KeyIO           Parsing took 0 ms 
405553     INFO  Test worker     d.u.i.k.n.KeyIO           MODE: declarations took 0 ms 
408290     INFO  Test worker     d.u.i.k.n.KeyIO           Parsing took 16 ms 
408290     INFO  Test worker     d.u.i.k.n.KeyIO           MODE: declarations took 0 ms 
408290     INFO  Test worker     d.u.i.k.n.KeyIO           Parsing took 0 ms 
408290     INFO  Test worker     d.u.i.k.n.KeyIO           MODE: declarations took 0 ms 
408290     INFO  Test worker     d.u.i.k.n.KeyIO           Parsing took 0 ms 
408290     INFO  Test worker     d.u.i.k.n.KeyIO           MODE: declarations took 0 ms 
408290     INFO  Test worker     d.u.i.k.n.KeyIO           Parsing took 0 ms 
408290     INFO  Test worker     d.u.i.k.n.KeyIO           MODE: declarations took 0 ms 
408290     INFO  Test worker     d.u.i.k.n.KeyIO           Parsing took 0 ms 
408290     INFO  Test worker     d.u.i.k.n.KeyIO           MODE: declarations took 0 ms 
410979     INFO  Test worker     d.u.i.k.n.KeyIO           Parsing took 0 ms 
410979     INFO  Test worker     d.u.i.k.n.KeyIO           MODE: declarations took 0 ms 
410979     INFO  Test worker     d.u.i.k.n.KeyIO           Parsing took 0 ms 
410979     INFO  Test worker     d.u.i.k.n.KeyIO           MODE: declarations took 0 ms 
410995     INFO  Test worker     d.u.i.k.n.KeyIO           Parsing took 0 ms 
410995     INFO  Test worker     d.u.i.k.n.KeyIO           MODE: declarations took 0 ms 
410995     INFO  Test worker     d.u.i.k.n.KeyIO           Parsing took 0 ms 
410995     INFO  Test worker     d.u.i.k.n.KeyIO           MODE: declarations took 0 ms 
410995     INFO  Test worker     d.u.i.k.n.KeyIO           Parsing took 0 ms 
410995     INFO  Test worker     d.u.i.k.n.KeyIO           MODE: declarations took 0 ms 
413710     INFO  Test worker     d.u.i.k.n.KeyIO           Parsing took 0 ms 
413710     INFO  Test worker     d.u.i.k.n.KeyIO           MODE: declarations took 0 ms 
413710     INFO  Test worker     d.u.i.k.n.KeyIO           Parsing took 0 ms 
413710     INFO  Test worker     d.u.i.k.n.KeyIO           MODE: declarations took 0 ms 
413710     INFO  Test worker     d.u.i.k.n.KeyIO           Parsing took 0 ms 
413710     INFO  Test worker     d.u.i.k.n.KeyIO           MODE: declarations took 0 ms 
413710     INFO  Test worker     d.u.i.k.n.KeyIO           Parsing took 0 ms 
413710     INFO  Test worker     d.u.i.k.n.KeyIO           MODE: declarations took 0 ms 
413710     INFO  Test worker     d.u.i.k.n.KeyIO           Parsing took 0 ms 
413710     INFO  Test worker     d.u.i.k.n.KeyIO           MODE: declarations took 0 ms 
416446     INFO  Test worker     d.u.i.k.n.KeyIO           Parsing took 0 ms 
416446     INFO  Test worker     d.u.i.k.n.KeyIO           MODE: declarations took 0 ms 
416446     INFO  Test worker     d.u.i.k.n.KeyIO           Parsing took 0 ms 
416446     INFO  Test worker     d.u.i.k.n.KeyIO           MODE: declarations took 0 ms 
416446     INFO  Test worker     d.u.i.k.n.KeyIO           Parsing took 0 ms 
416446     INFO  Test worker     d.u.i.k.n.KeyIO           MODE: declarations took 0 ms 
416446     INFO  Test worker     d.u.i.k.n.KeyIO           Parsing took 0 ms 
416446     INFO  Test worker     d.u.i.k.n.KeyIO           MODE: declarations took 0 ms 
416446     INFO  Test worker     d.u.i.k.n.KeyIO           Parsing took 0 ms 
416446     INFO  Test worker     d.u.i.k.n.KeyIO           MODE: declarations took 0 ms 
]]></system-out>
  <system-err><![CDATA[]]></system-err>
</testsuite>
