<?xml version="1.0" encoding="UTF-8"?>
<testsuite name="de.uka.ilkd.key.parser.TestTermParser" tests="47" skipped="4" failures="0" errors="0" timestamp="2023-04-17T06:26:44" hostname="fv-az435-967" time="3.192">
  <properties/>
  <testcase name="testNotEqual()" classname="de.uka.ilkd.key.parser.TestTermParser" time="0.002"/>
  <testcase name="testProgramVariables()" classname="de.uka.ilkd.key.parser.TestTermParser" time="0.054"/>
  <testcase name="testAttributeWithSpecifiedSortOnObject()" classname="de.uka.ilkd.key.parser.TestTermParser" time="0.016"/>
  <testcase name="testCast()" classname="de.uka.ilkd.key.parser.TestTermParser" time="0.002"/>
  <testcase name="testJavaQueryAndAttribute_all()" classname="de.uka.ilkd.key.parser.TestTermParser" time="0.001">
    <skipped/>
  </testcase>
  <testcase name="test10()" classname="de.uka.ilkd.key.parser.TestTermParser" time="0.003"/>
  <testcase name="test11()" classname="de.uka.ilkd.key.parser.TestTermParser" time="0.003"/>
  <testcase name="test12()" classname="de.uka.ilkd.key.parser.TestTermParser" time="0.0">
    <skipped/>
  </testcase>
  <testcase name="test13()" classname="de.uka.ilkd.key.parser.TestTermParser" time="0.009"/>
  <testcase name="test14()" classname="de.uka.ilkd.key.parser.TestTermParser" time="0.006"/>
  <testcase name="test1a()" classname="de.uka.ilkd.key.parser.TestTermParser" time="0.003"/>
  <testcase name="testJavaAttributeAccess_4()" classname="de.uka.ilkd.key.parser.TestTermParser" time="0.004"/>
  <testcase name="testAttributeOnObject()" classname="de.uka.ilkd.key.parser.TestTermParser" time="0.004"/>
  <testcase name="testNegativeLiteralParsing1()" classname="de.uka.ilkd.key.parser.TestTermParser" time="0.002"/>
  <testcase name="testNegativeLiteralParsing2()" classname="de.uka.ilkd.key.parser.TestTermParser" time="0.003"/>
  <testcase name="testNegativeLiteralParsing3()" classname="de.uka.ilkd.key.parser.TestTermParser" time="0.002"/>
  <testcase name="xtestParsingArrayWithSpaces()" classname="de.uka.ilkd.key.parser.TestTermParser" time="0.001">
    <skipped/>
  </testcase>
  <testcase name="testAmbigiousFuncVarPred()" classname="de.uka.ilkd.key.parser.TestTermParser" time="0.001"/>
  <testcase name="test1()" classname="de.uka.ilkd.key.parser.TestTermParser" time="0.002"/>
  <testcase name="test2()" classname="de.uka.ilkd.key.parser.TestTermParser" time="0.002"/>
  <testcase name="test3()" classname="de.uka.ilkd.key.parser.TestTermParser" time="0.002"/>
  <testcase name="test5()" classname="de.uka.ilkd.key.parser.TestTermParser" time="0.002"/>
  <testcase name="test6()" classname="de.uka.ilkd.key.parser.TestTermParser" time="0.003"/>
  <testcase name="test7()" classname="de.uka.ilkd.key.parser.TestTermParser" time="0.003"/>
  <testcase name="test8()" classname="de.uka.ilkd.key.parser.TestTermParser" time="0.002"/>
  <testcase name="test9()" classname="de.uka.ilkd.key.parser.TestTermParser" time="0.002"/>
  <testcase name="testBindingUpdateTerm()" classname="de.uka.ilkd.key.parser.TestTermParser" time="0.004"/>
  <testcase name="testJavaStaticQuery()" classname="de.uka.ilkd.key.parser.TestTermParser" time="0.003"/>
  <testcase name="testInfix1()" classname="de.uka.ilkd.key.parser.TestTermParser" time="0.002"/>
  <testcase name="testInfix2()" classname="de.uka.ilkd.key.parser.TestTermParser" time="0.003"/>
  <testcase name="testInfix3()" classname="de.uka.ilkd.key.parser.TestTermParser" time="0.003"/>
  <testcase name="testInfix4()" classname="de.uka.ilkd.key.parser.TestTermParser" time="0.003"/>
  <testcase name="testIfThenElse()" classname="de.uka.ilkd.key.parser.TestTermParser" time="0.002"/>
  <testcase name="testJavaAttributeAccessBoth_1()" classname="de.uka.ilkd.key.parser.TestTermParser" time="0.005"/>
  <testcase name="testJavaAttributeAccessBoth_2()" classname="de.uka.ilkd.key.parser.TestTermParser" time="0.003"/>
  <testcase name="testJavaAttributeAccessBoth_3()" classname="de.uka.ilkd.key.parser.TestTermParser" time="0.003"/>
  <testcase name="testBindingUpdateTerm_1()" classname="de.uka.ilkd.key.parser.TestTermParser" time="0.003"/>
  <testcase name="testBindingUpdateTerm_3()" classname="de.uka.ilkd.key.parser.TestTermParser" time="0.012"/>
  <testcase name="testBindingUpdateTerm_4()" classname="de.uka.ilkd.key.parser.TestTermParser" time="0.002"/>
  <testcase name="testBindingUpdateTerm_5()" classname="de.uka.ilkd.key.parser.TestTermParser" time="0.008"/>
  <testcase name="testBindingUpdateTerm_6()" classname="de.uka.ilkd.key.parser.TestTermParser" time="0.002"/>
  <testcase name="testBindingUpdateTerm_7()" classname="de.uka.ilkd.key.parser.TestTermParser" time="0.004"/>
  <testcase name="testBindingUpdateTerm_8()" classname="de.uka.ilkd.key.parser.TestTermParser" time="0.003"/>
  <testcase name="testParsingArray()" classname="de.uka.ilkd.key.parser.TestTermParser" time="0.005"/>
  <testcase name="xtestBindingUpdateTermOldBindingAlternative()" classname="de.uka.ilkd.key.parser.TestTermParser" time="0.0">
    <skipped/>
  </testcase>
  <testcase name="testJavaStaticQueryWithParameter()" classname="de.uka.ilkd.key.parser.TestTermParser" time="0.013"/>
  <testcase name="testParsingArrayCombination()" classname="de.uka.ilkd.key.parser.TestTermParser" time="0.013"/>
  <system-out><![CDATA[305612     INFO  Test worker     d.u.i.k.n.KeyIO           Parsing took 0 ms 
305612     INFO  Test worker     d.u.i.k.n.KeyIO           MODE: declarations took 0 ms 
305627     WARN  Test worker     d.u.i.k.j.r.KeYCrossReferenceNameInfo Datatype T declared twice: Once in UNKNOWN:unknown and once in UNKNOWN:unknown, Keeping one from UNKNOWN:unknown 
305694     INFO  Test worker     d.u.i.k.n.KeyIO           Parsing took 0 ms 
305694     INFO  Test worker     d.u.i.k.n.KeyIO           MODE: declarations took 0 ms 
305741     WARN  Test worker     d.u.i.k.j.r.KeYCrossReferenceNameInfo Datatype T declared twice: Once in UNKNOWN:unknown and once in UNKNOWN:unknown, Keeping one from UNKNOWN:unknown 
305813     INFO  Test worker     d.u.i.k.n.KeyIO           Parsing took 0 ms 
305813     INFO  Test worker     d.u.i.k.n.KeyIO           MODE: declarations took 0 ms 
305828     WARN  Test worker     d.u.i.k.j.r.KeYCrossReferenceNameInfo Datatype T declared twice: Once in UNKNOWN:unknown and once in UNKNOWN:unknown, Keeping one from UNKNOWN:unknown 
305882     INFO  Test worker     d.u.i.k.n.KeyIO           Parsing took 0 ms 
305882     INFO  Test worker     d.u.i.k.n.KeyIO           MODE: declarations took 0 ms 
305882     WARN  Test worker     d.u.i.k.j.r.KeYCrossReferenceNameInfo Datatype T declared twice: Once in UNKNOWN:unknown and once in UNKNOWN:unknown, Keeping one from UNKNOWN:unknown 
305960     WARN  Test worker     d.u.i.k.j.r.KeYCrossReferenceNameInfo Datatype T declared twice: Once in UNKNOWN:unknown and once in UNKNOWN:unknown, Keeping one from UNKNOWN:unknown 
306026     INFO  Test worker     d.u.i.k.n.KeyIO           Parsing took 0 ms 
306026     INFO  Test worker     d.u.i.k.n.KeyIO           MODE: declarations took 0 ms 
306026     INFO  Test worker     d.u.i.k.p.TestTermParser  Out: \<{
  int x = 1;
  {
    int s = 2;
  }
}\> (equals(x,x)) 
306026     WARN  Test worker     d.u.i.k.j.r.KeYCrossReferenceNameInfo Datatype T declared twice: Once in UNKNOWN:unknown and once in UNKNOWN:unknown, Keeping one from UNKNOWN:unknown 
306089     INFO  Test worker     d.u.i.k.n.KeyIO           Parsing took 0 ms 
306089     INFO  Test worker     d.u.i.k.n.KeyIO           MODE: declarations took 0 ms 
306089     INFO  Test worker     d.u.i.k.p.TestTermParser  Out: \[{
  int x = 2;
  {
    String s = ""}";
  }
}\] (true) 
306089     WARN  Test worker     d.u.i.k.j.r.KeYCrossReferenceNameInfo Datatype T declared twice: Once in UNKNOWN:unknown and once in UNKNOWN:unknown, Keeping one from UNKNOWN:unknown 
306151     WARN  Test worker     d.u.i.k.j.r.KeYCrossReferenceNameInfo Datatype T declared twice: Once in UNKNOWN:unknown and once in UNKNOWN:unknown, Keeping one from UNKNOWN:unknown 
306214     INFO  Test worker     d.u.i.k.n.KeyIO           Parsing took 0 ms 
306214     INFO  Test worker     d.u.i.k.n.KeyIO           MODE: declarations took 0 ms 
306229     WARN  Test worker     d.u.i.k.j.r.KeYCrossReferenceNameInfo Datatype T declared twice: Once in UNKNOWN:unknown and once in UNKNOWN:unknown, Keeping one from UNKNOWN:unknown 
306296     INFO  Test worker     d.u.i.k.n.KeyIO           Parsing took 0 ms 
306296     INFO  Test worker     d.u.i.k.n.KeyIO           MODE: declarations took 0 ms 
306296     INFO  Test worker     d.u.i.k.p.TestTermParser  Out: \<{
  int[] i;
}\> (diamond(true)) 
306296     WARN  Test worker     d.u.i.k.j.r.KeYCrossReferenceNameInfo Datatype T declared twice: Once in UNKNOWN:unknown and once in UNKNOWN:unknown, Keeping one from UNKNOWN:unknown 
306359     INFO  Test worker     d.u.i.k.n.KeyIO           Parsing took 0 ms 
306359     INFO  Test worker     d.u.i.k.n.KeyIO           MODE: declarations took 0 ms 
306359     WARN  Test worker     d.u.i.k.j.r.KeYCrossReferenceNameInfo Datatype T declared twice: Once in UNKNOWN:unknown and once in UNKNOWN:unknown, Keeping one from UNKNOWN:unknown 
306437     INFO  Test worker     d.u.i.k.n.KeyIO           Parsing took 0 ms 
306437     INFO  Test worker     d.u.i.k.n.KeyIO           MODE: declarations took 0 ms 
306437     WARN  Test worker     d.u.i.k.j.r.KeYCrossReferenceNameInfo Datatype T declared twice: Once in UNKNOWN:unknown and once in UNKNOWN:unknown, Keeping one from UNKNOWN:unknown 
306503     INFO  Test worker     d.u.i.k.n.KeyIO           Parsing took 0 ms 
306503     INFO  Test worker     d.u.i.k.n.KeyIO           MODE: declarations took 0 ms 
306503     WARN  Test worker     d.u.i.k.j.r.KeYCrossReferenceNameInfo Datatype T declared twice: Once in UNKNOWN:unknown and once in UNKNOWN:unknown, Keeping one from UNKNOWN:unknown 
306566     INFO  Test worker     d.u.i.k.n.KeyIO           Parsing took 0 ms 
306566     INFO  Test worker     d.u.i.k.n.KeyIO           MODE: declarations took 0 ms 
306566     WARN  Test worker     d.u.i.k.j.r.KeYCrossReferenceNameInfo Datatype T declared twice: Once in UNKNOWN:unknown and once in UNKNOWN:unknown, Keeping one from UNKNOWN:unknown 
306629     INFO  Test worker     d.u.i.k.n.KeyIO           Parsing took 0 ms 
306629     INFO  Test worker     d.u.i.k.n.KeyIO           MODE: declarations took 0 ms 
306629     WARN  Test worker     d.u.i.k.j.r.KeYCrossReferenceNameInfo Datatype T declared twice: Once in UNKNOWN:unknown and once in UNKNOWN:unknown, Keeping one from UNKNOWN:unknown 
306691     INFO  Test worker     d.u.i.k.n.KeyIO           Parsing took 0 ms 
306691     INFO  Test worker     d.u.i.k.n.KeyIO           MODE: declarations took 0 ms 
306691     WARN  Test worker     d.u.i.k.j.r.KeYCrossReferenceNameInfo Datatype T declared twice: Once in UNKNOWN:unknown and once in UNKNOWN:unknown, Keeping one from UNKNOWN:unknown 
306820     WARN  Test worker     d.u.i.k.j.r.KeYCrossReferenceNameInfo Datatype T declared twice: Once in UNKNOWN:unknown and once in UNKNOWN:unknown, Keeping one from UNKNOWN:unknown 
306870     INFO  Test worker     d.u.i.k.n.KeyIO           Parsing took 0 ms 
306870     INFO  Test worker     d.u.i.k.n.KeyIO           MODE: declarations took 0 ms 
306870     WARN  Test worker     d.u.i.k.j.r.KeYCrossReferenceNameInfo Datatype T declared twice: Once in UNKNOWN:unknown and once in UNKNOWN:unknown, Keeping one from UNKNOWN:unknown 
306940     INFO  Test worker     d.u.i.k.n.KeyIO           Parsing took 0 ms 
306940     INFO  Test worker     d.u.i.k.n.KeyIO           MODE: declarations took 0 ms 
306940     WARN  Test worker     d.u.i.k.j.r.KeYCrossReferenceNameInfo Datatype T declared twice: Once in UNKNOWN:unknown and once in UNKNOWN:unknown, Keeping one from UNKNOWN:unknown 
307002     INFO  Test worker     d.u.i.k.n.KeyIO           Parsing took 0 ms 
307002     INFO  Test worker     d.u.i.k.n.KeyIO           MODE: declarations took 0 ms 
307002     WARN  Test worker     d.u.i.k.j.r.KeYCrossReferenceNameInfo Datatype T declared twice: Once in UNKNOWN:unknown and once in UNKNOWN:unknown, Keeping one from UNKNOWN:unknown 
307065     INFO  Test worker     d.u.i.k.n.KeyIO           Parsing took 0 ms 
307065     INFO  Test worker     d.u.i.k.n.KeyIO           MODE: declarations took 0 ms 
307065     WARN  Test worker     d.u.i.k.j.r.KeYCrossReferenceNameInfo Datatype T declared twice: Once in UNKNOWN:unknown and once in UNKNOWN:unknown, Keeping one from UNKNOWN:unknown 
307127     INFO  Test worker     d.u.i.k.n.KeyIO           Parsing took 0 ms 
307127     INFO  Test worker     d.u.i.k.n.KeyIO           MODE: declarations took 0 ms 
307127     WARN  Test worker     d.u.i.k.j.r.KeYCrossReferenceNameInfo Datatype T declared twice: Once in UNKNOWN:unknown and once in UNKNOWN:unknown, Keeping one from UNKNOWN:unknown 
307190     INFO  Test worker     d.u.i.k.n.KeyIO           Parsing took 0 ms 
307190     INFO  Test worker     d.u.i.k.n.KeyIO           MODE: declarations took 0 ms 
307190     WARN  Test worker     d.u.i.k.j.r.KeYCrossReferenceNameInfo Datatype T declared twice: Once in UNKNOWN:unknown and once in UNKNOWN:unknown, Keeping one from UNKNOWN:unknown 
307252     INFO  Test worker     d.u.i.k.n.KeyIO           Parsing took 0 ms 
307252     INFO  Test worker     d.u.i.k.n.KeyIO           MODE: declarations took 0 ms 
307252     WARN  Test worker     d.u.i.k.j.r.KeYCrossReferenceNameInfo Datatype T declared twice: Once in UNKNOWN:unknown and once in UNKNOWN:unknown, Keeping one from UNKNOWN:unknown 
307315     INFO  Test worker     d.u.i.k.n.KeyIO           Parsing took 0 ms 
307315     INFO  Test worker     d.u.i.k.n.KeyIO           MODE: declarations took 0 ms 
307331     WARN  Test worker     d.u.i.k.j.r.KeYCrossReferenceNameInfo Datatype T declared twice: Once in UNKNOWN:unknown and once in UNKNOWN:unknown, Keeping one from UNKNOWN:unknown 
307384     INFO  Test worker     d.u.i.k.n.KeyIO           Parsing took 0 ms 
307384     INFO  Test worker     d.u.i.k.n.KeyIO           MODE: declarations took 0 ms 
307384     WARN  Test worker     d.u.i.k.j.r.KeYCrossReferenceNameInfo Datatype T declared twice: Once in UNKNOWN:unknown and once in UNKNOWN:unknown, Keeping one from UNKNOWN:unknown 
307462     INFO  Test worker     d.u.i.k.n.KeyIO           Parsing took 0 ms 
307462     INFO  Test worker     d.u.i.k.n.KeyIO           MODE: declarations took 0 ms 
307462     WARN  Test worker     d.u.i.k.j.r.KeYCrossReferenceNameInfo Datatype T declared twice: Once in UNKNOWN:unknown and once in UNKNOWN:unknown, Keeping one from UNKNOWN:unknown 
307530     INFO  Test worker     d.u.i.k.n.KeyIO           Parsing took 0 ms 
307530     INFO  Test worker     d.u.i.k.n.KeyIO           MODE: declarations took 0 ms 
307530     WARN  Test worker     d.u.i.k.j.r.KeYCrossReferenceNameInfo Datatype T declared twice: Once in UNKNOWN:unknown and once in UNKNOWN:unknown, Keeping one from UNKNOWN:unknown 
307592     INFO  Test worker     d.u.i.k.n.KeyIO           Parsing took 0 ms 
307592     INFO  Test worker     d.u.i.k.n.KeyIO           MODE: declarations took 0 ms 
307592     WARN  Test worker     d.u.i.k.j.r.KeYCrossReferenceNameInfo Datatype T declared twice: Once in UNKNOWN:unknown and once in UNKNOWN:unknown, Keeping one from UNKNOWN:unknown 
307655     INFO  Test worker     d.u.i.k.n.KeyIO           Parsing took 0 ms 
307655     INFO  Test worker     d.u.i.k.n.KeyIO           MODE: declarations took 0 ms 
307655     WARN  Test worker     d.u.i.k.j.r.KeYCrossReferenceNameInfo Datatype T declared twice: Once in UNKNOWN:unknown and once in UNKNOWN:unknown, Keeping one from UNKNOWN:unknown 
307718     INFO  Test worker     d.u.i.k.n.KeyIO           Parsing took 0 ms 
307718     INFO  Test worker     d.u.i.k.n.KeyIO           MODE: declarations took 0 ms 
307718     WARN  Test worker     d.u.i.k.j.r.KeYCrossReferenceNameInfo Datatype T declared twice: Once in UNKNOWN:unknown and once in UNKNOWN:unknown, Keeping one from UNKNOWN:unknown 
307780     INFO  Test worker     d.u.i.k.n.KeyIO           Parsing took 0 ms 
307780     INFO  Test worker     d.u.i.k.n.KeyIO           MODE: declarations took 0 ms 
307780     WARN  Test worker     d.u.i.k.j.r.KeYCrossReferenceNameInfo Datatype T declared twice: Once in UNKNOWN:unknown and once in UNKNOWN:unknown, Keeping one from UNKNOWN:unknown 
307843     INFO  Test worker     d.u.i.k.n.KeyIO           Parsing took 0 ms 
307843     INFO  Test worker     d.u.i.k.n.KeyIO           MODE: declarations took 0 ms 
307843     WARN  Test worker     d.u.i.k.j.r.KeYCrossReferenceNameInfo Datatype T declared twice: Once in UNKNOWN:unknown and once in UNKNOWN:unknown, Keeping one from UNKNOWN:unknown 
307905     INFO  Test worker     d.u.i.k.n.KeyIO           Parsing took 0 ms 
307905     INFO  Test worker     d.u.i.k.n.KeyIO           MODE: declarations took 0 ms 
307905     WARN  Test worker     d.u.i.k.j.r.KeYCrossReferenceNameInfo Datatype T declared twice: Once in UNKNOWN:unknown and once in UNKNOWN:unknown, Keeping one from UNKNOWN:unknown 
307977     INFO  Test worker     d.u.i.k.n.KeyIO           Parsing took 0 ms 
307977     INFO  Test worker     d.u.i.k.n.KeyIO           MODE: declarations took 0 ms 
307977     WARN  Test worker     d.u.i.k.j.r.KeYCrossReferenceNameInfo Datatype T declared twice: Once in UNKNOWN:unknown and once in UNKNOWN:unknown, Keeping one from UNKNOWN:unknown 
308040     INFO  Test worker     d.u.i.k.n.KeyIO           Parsing took 0 ms 
308040     INFO  Test worker     d.u.i.k.n.KeyIO           MODE: declarations took 0 ms 
308055     WARN  Test worker     d.u.i.k.j.r.KeYCrossReferenceNameInfo Datatype T declared twice: Once in UNKNOWN:unknown and once in UNKNOWN:unknown, Keeping one from UNKNOWN:unknown 
308102     INFO  Test worker     d.u.i.k.n.KeyIO           Parsing took 0 ms 
308102     INFO  Test worker     d.u.i.k.n.KeyIO           MODE: declarations took 0 ms 
308118     WARN  Test worker     d.u.i.k.j.r.KeYCrossReferenceNameInfo Datatype T declared twice: Once in UNKNOWN:unknown and once in UNKNOWN:unknown, Keeping one from UNKNOWN:unknown 
308180     INFO  Test worker     d.u.i.k.n.KeyIO           Parsing took 0 ms 
308180     INFO  Test worker     d.u.i.k.n.KeyIO           MODE: declarations took 0 ms 
308196     WARN  Test worker     d.u.i.k.j.r.KeYCrossReferenceNameInfo Datatype T declared twice: Once in UNKNOWN:unknown and once in UNKNOWN:unknown, Keeping one from UNKNOWN:unknown 
308258     INFO  Test worker     d.u.i.k.n.KeyIO           Parsing took 0 ms 
308258     INFO  Test worker     d.u.i.k.n.KeyIO           MODE: declarations took 0 ms 
308258     WARN  Test worker     d.u.i.k.j.r.KeYCrossReferenceNameInfo Datatype T declared twice: Once in UNKNOWN:unknown and once in UNKNOWN:unknown, Keeping one from UNKNOWN:unknown 
308321     INFO  Test worker     d.u.i.k.n.KeyIO           Parsing took 0 ms 
308321     INFO  Test worker     d.u.i.k.n.KeyIO           MODE: declarations took 0 ms 
308321     WARN  Test worker     d.u.i.k.j.r.KeYCrossReferenceNameInfo Datatype T declared twice: Once in UNKNOWN:unknown and once in UNKNOWN:unknown, Keeping one from UNKNOWN:unknown 
308393     INFO  Test worker     d.u.i.k.n.KeyIO           Parsing took 0 ms 
308393     INFO  Test worker     d.u.i.k.n.KeyIO           MODE: declarations took 0 ms 
308393     WARN  Test worker     d.u.i.k.j.r.KeYCrossReferenceNameInfo Datatype T declared twice: Once in UNKNOWN:unknown and once in UNKNOWN:unknown, Keeping one from UNKNOWN:unknown 
308464     INFO  Test worker     d.u.i.k.n.KeyIO           Parsing took 0 ms 
308464     INFO  Test worker     d.u.i.k.n.KeyIO           MODE: declarations took 0 ms 
308464     WARN  Test worker     d.u.i.k.j.r.KeYCrossReferenceNameInfo Datatype T declared twice: Once in UNKNOWN:unknown and once in UNKNOWN:unknown, Keeping one from UNKNOWN:unknown 
308527     INFO  Test worker     d.u.i.k.n.KeyIO           Parsing took 0 ms 
308527     INFO  Test worker     d.u.i.k.n.KeyIO           MODE: declarations took 0 ms 
308527     WARN  Test worker     d.u.i.k.j.r.KeYCrossReferenceNameInfo Datatype T declared twice: Once in UNKNOWN:unknown and once in UNKNOWN:unknown, Keeping one from UNKNOWN:unknown 
308589     INFO  Test worker     d.u.i.k.n.KeyIO           Parsing took 0 ms 
308589     INFO  Test worker     d.u.i.k.n.KeyIO           MODE: declarations took 0 ms 
308605     WARN  Test worker     d.u.i.k.j.r.KeYCrossReferenceNameInfo Datatype T declared twice: Once in UNKNOWN:unknown and once in UNKNOWN:unknown, Keeping one from UNKNOWN:unknown 
308668     WARN  Test worker     d.u.i.k.j.r.KeYCrossReferenceNameInfo Datatype T declared twice: Once in UNKNOWN:unknown and once in UNKNOWN:unknown, Keeping one from UNKNOWN:unknown 
308730     INFO  Test worker     d.u.i.k.n.KeyIO           Parsing took 0 ms 
308730     INFO  Test worker     d.u.i.k.n.KeyIO           MODE: declarations took 0 ms 
308746     WARN  Test worker     d.u.i.k.j.r.KeYCrossReferenceNameInfo Datatype T declared twice: Once in UNKNOWN:unknown and once in UNKNOWN:unknown, Keeping one from UNKNOWN:unknown 
308808     INFO  Test worker     d.u.i.k.n.KeyIO           Parsing took 0 ms 
308808     INFO  Test worker     d.u.i.k.n.KeyIO           MODE: declarations took 0 ms 
]]></system-out>
  <system-err><![CDATA[]]></system-err>
</testsuite>
