<?xml version="1.0" encoding="UTF-8"?>
<testsuite name="de.uka.ilkd.key.logic.TestClashFreeSubst" tests="14" skipped="2" failures="0" errors="0" timestamp="2023-04-17T06:22:15" hostname="fv-az435-967" time="46.849">
  <properties/>
  <testcase name="testMultiShareBound()" classname="de.uka.ilkd.key.logic.TestClashFreeSubst" time="0.923"/>
  <testcase name="testClash()" classname="de.uka.ilkd.key.logic.TestClashFreeSubst" time="0.911"/>
  <testcase name="testShare()" classname="de.uka.ilkd.key.logic.TestClashFreeSubst" time="0.874"/>
  <testcase name="testSubst()" classname="de.uka.ilkd.key.logic.TestClashFreeSubst" time="0.872"/>
  <testcase name="testWary0()" classname="de.uka.ilkd.key.logic.TestClashFreeSubst" time="0.835"/>
  <testcase name="testWary1()" classname="de.uka.ilkd.key.logic.TestClashFreeSubst" time="0.863"/>
  <testcase name="testWary2()" classname="de.uka.ilkd.key.logic.TestClashFreeSubst" time="0.875"/>
  <testcase name="testClashInSubstTerm()" classname="de.uka.ilkd.key.logic.TestClashFreeSubst" time="0.854"/>
  <testcase name="testShareWary()" classname="de.uka.ilkd.key.logic.TestClashFreeSubst" time="0.872"/>
  <testcase name="testMultiSubst()" classname="de.uka.ilkd.key.logic.TestClashFreeSubst" time="0.847"/>
  <testcase name="xtestMultiClash()" classname="de.uka.ilkd.key.logic.TestClashFreeSubst" time="0.0">
    <skipped/>
  </testcase>
  <testcase name="testSubstInSubstTerm()" classname="de.uka.ilkd.key.logic.TestClashFreeSubst" time="0.834"/>
  <testcase name="testSubstWary()" classname="de.uka.ilkd.key.logic.TestClashFreeSubst" time="0.885"/>
  <testcase name="xtestMultiClash1()" classname="de.uka.ilkd.key.logic.TestClashFreeSubst" time="0.0">
    <skipped/>
  </testcase>
  <system-out><![CDATA[36958      INFO  Test worker     d.u.i.k.n.KeyIO           Parsing took 0 ms 
36958      INFO  Test worker     d.u.i.k.n.KeyIO           MODE: declarations took 0 ms 
37877      INFO  Test worker     d.u.i.k.n.KeyIO           Parsing took 0 ms 
37877      INFO  Test worker     d.u.i.k.n.KeyIO           MODE: declarations took 0 ms 
40922      INFO  Test worker     d.u.i.k.n.KeyIO           Parsing took 0 ms 
40922      INFO  Test worker     d.u.i.k.n.KeyIO           MODE: declarations took 0 ms 
41823      INFO  Test worker     d.u.i.k.n.KeyIO           Parsing took 0 ms 
41823      INFO  Test worker     d.u.i.k.n.KeyIO           MODE: declarations took 0 ms 
44683      INFO  Test worker     d.u.i.k.n.KeyIO           Parsing took 0 ms 
44683      INFO  Test worker     d.u.i.k.n.KeyIO           MODE: declarations took 0 ms 
45558      INFO  Test worker     d.u.i.k.n.KeyIO           Parsing took 0 ms 
45558      INFO  Test worker     d.u.i.k.n.KeyIO           MODE: declarations took 0 ms 
48383      INFO  Test worker     d.u.i.k.n.KeyIO           Parsing took 0 ms 
48383      INFO  Test worker     d.u.i.k.n.KeyIO           MODE: declarations took 0 ms 
49259      INFO  Test worker     d.u.i.k.n.KeyIO           Parsing took 0 ms 
49259      INFO  Test worker     d.u.i.k.n.KeyIO           MODE: declarations took 0 ms 
52039      INFO  Test worker     d.u.i.k.n.KeyIO           Parsing took 0 ms 
52039      INFO  Test worker     d.u.i.k.n.KeyIO           MODE: declarations took 0 ms 
52867      INFO  Test worker     d.u.i.k.n.KeyIO           Parsing took 0 ms 
52867      INFO  Test worker     d.u.i.k.n.KeyIO           MODE: declarations took 0 ms 
55686      INFO  Test worker     d.u.i.k.n.KeyIO           Parsing took 0 ms 
55687      INFO  Test worker     d.u.i.k.n.KeyIO           MODE: declarations took 0 ms 
56541      INFO  Test worker     d.u.i.k.n.KeyIO           Parsing took 0 ms 
56541      INFO  Test worker     d.u.i.k.n.KeyIO           MODE: declarations took 0 ms 
59323      INFO  Test worker     d.u.i.k.n.KeyIO           Parsing took 0 ms 
59323      INFO  Test worker     d.u.i.k.n.KeyIO           MODE: declarations took 0 ms 
60178      INFO  Test worker     d.u.i.k.n.KeyIO           Parsing took 0 ms 
60178      INFO  Test worker     d.u.i.k.n.KeyIO           MODE: declarations took 0 ms 
62957      INFO  Test worker     d.u.i.k.n.KeyIO           Parsing took 0 ms 
62957      INFO  Test worker     d.u.i.k.n.KeyIO           MODE: declarations took 0 ms 
63809      INFO  Test worker     d.u.i.k.n.KeyIO           Parsing took 0 ms 
63809      INFO  Test worker     d.u.i.k.n.KeyIO           MODE: declarations took 0 ms 
66576      INFO  Test worker     d.u.i.k.n.KeyIO           Parsing took 0 ms 
66576      INFO  Test worker     d.u.i.k.n.KeyIO           MODE: declarations took 0 ms 
67441      INFO  Test worker     d.u.i.k.n.KeyIO           Parsing took 0 ms 
67441      INFO  Test worker     d.u.i.k.n.KeyIO           MODE: declarations took 0 ms 
70209      INFO  Test worker     d.u.i.k.n.KeyIO           Parsing took 0 ms 
70209      INFO  Test worker     d.u.i.k.n.KeyIO           MODE: declarations took 0 ms 
71056      INFO  Test worker     d.u.i.k.n.KeyIO           Parsing took 0 ms 
71056      INFO  Test worker     d.u.i.k.n.KeyIO           MODE: declarations took 0 ms 
76578      INFO  Test worker     d.u.i.k.n.KeyIO           Parsing took 0 ms 
76578      INFO  Test worker     d.u.i.k.n.KeyIO           MODE: declarations took 0 ms 
77406      INFO  Test worker     d.u.i.k.n.KeyIO           Parsing took 0 ms 
77406      INFO  Test worker     d.u.i.k.n.KeyIO           MODE: declarations took 0 ms 
80174      INFO  Test worker     d.u.i.k.n.KeyIO           Parsing took 0 ms 
80174      INFO  Test worker     d.u.i.k.n.KeyIO           MODE: declarations took 0 ms 
81050      INFO  Test worker     d.u.i.k.n.KeyIO           Parsing took 0 ms 
81050      INFO  Test worker     d.u.i.k.n.KeyIO           MODE: declarations took 0 ms 
]]></system-out>
  <system-err><![CDATA[]]></system-err>
</testsuite>
