<?xml version="1.0" encoding="UTF-8"?>
<testsuite name="de.uka.ilkd.key.nparser.ExprTest" tests="23" skipped="0" failures="0" errors="0" timestamp="2023-04-17T06:24:56" hostname="fv-az435-967" time="4.388">
  <properties/>
  <testcase name="[1] (bprod{int y;}(1, 2, y) = 0)" classname="de.uka.ilkd.key.nparser.ExprTest" time="0.089"/>
  <testcase name="[2] 1 = 1 -&gt; 2 = 2" classname="de.uka.ilkd.key.nparser.ExprTest" time="0.272"/>
  <testcase name="[3] \&lt; { int x = 1; } \&gt; x=1" classname="de.uka.ilkd.key.nparser.ExprTest" time="1.32"/>
  <testcase name="[4] \&lt;{ int x = 1; {int s = 2;} }\&gt; x=x" classname="de.uka.ilkd.key.nparser.ExprTest" time="1.13"/>
  <testcase name="[5] true" classname="de.uka.ilkd.key.nparser.ExprTest" time="0.116"/>
  <testcase name="[6] true &amp; false" classname="de.uka.ilkd.key.nparser.ExprTest" time="0.301"/>
  <testcase name="[7] 0" classname="de.uka.ilkd.key.nparser.ExprTest" time="0.055"/>
  <testcase name="[8] 1" classname="de.uka.ilkd.key.nparser.ExprTest" time="0.24"/>
  <testcase name="[9] 42" classname="de.uka.ilkd.key.nparser.ExprTest" time="0.016"/>
  <testcase name="[10] -5" classname="de.uka.ilkd.key.nparser.ExprTest" time="0.014"/>
  <testcase name="[11] 1 + 1 = 2" classname="de.uka.ilkd.key.nparser.ExprTest" time="0.016"/>
  <testcase name="[12] \if (3=4) \then (1) \else (2)" classname="de.uka.ilkd.key.nparser.ExprTest" time="0.014"/>
  <testcase name="[13] \if (3=4 &amp; 1=1) \then (\if (3=4) \then (1) \else (2)) \else (2)" classname="de.uka.ilkd.key.nparser.ExprTest" time="0.016"/>
  <testcase name="[14] aa + bb*cc" classname="de.uka.ilkd.key.nparser.ExprTest" time="0.018"/>
  <testcase name="[15] aa%bb*cc &lt; -123" classname="de.uka.ilkd.key.nparser.ExprTest" time="0.317"/>
  <testcase name="[16] \forall int x; true" classname="de.uka.ilkd.key.nparser.ExprTest" time="0.062"/>
  <testcase name="[17] \forall numbers x; x = x" classname="de.uka.ilkd.key.nparser.ExprTest" time="0.02"/>
  <testcase name="[18] (int)3+2" classname="de.uka.ilkd.key.nparser.ExprTest" time="0.147"/>
  <testcase name="[19] 1.f + 1f = 20e-1f * (2f-1f)" classname="de.uka.ilkd.key.nparser.ExprTest" time="0.025"/>
  <testcase name="[20] 1.d + 1d &lt;= 20e+1d * .01d" classname="de.uka.ilkd.key.nparser.ExprTest" time="0.069"/>
  <testcase name="[21] 1f &lt;= 2f" classname="de.uka.ilkd.key.nparser.ExprTest" time="0.018"/>
  <testcase name="[22] 2d &gt; 1d" classname="de.uka.ilkd.key.nparser.ExprTest" time="0.057"/>
  <testcase name="[23] seqEmpty + seqEmpty" classname="de.uka.ilkd.key.nparser.ExprTest" time="0.022"/>
  <system-out><![CDATA[198012     INFO  Test worker     d.u.i.k.n.KeyIO           Parsing took 63 ms 
198027     INFO  Test worker     d.u.i.k.n.KeyIO           MODE: declarations took 15 ms 
198027     INFO  Test worker     d.u.i.k.n.ExprTest        Term: equals(bprod{y:int}(Z(1(#)),Z(2(#)),y),Z(0(#))) 
198293     INFO  Test worker     d.u.i.k.n.KeyIO           Parsing took 266 ms 
198293     INFO  Test worker     d.u.i.k.n.KeyIO           MODE: declarations took 0 ms 
198293     INFO  Test worker     d.u.i.k.n.ExprTest        Term: imp(equals(Z(1(#)),Z(1(#))),equals(Z(2(#)),Z(2(#)))) 
198418     INFO  Test worker     d.u.i.k.n.KeyIO           Parsing took 16 ms 
198437     INFO  Test worker     d.u.i.k.n.KeyIO           MODE: declarations took 1 ms 
199608     INFO  Test worker     d.u.i.k.n.ExprTest        Term: \<{
  int x = 1;
}\> (equals(x,Z(1(#)))) 
199639     INFO  Test worker     d.u.i.k.n.KeyIO           Parsing took 16 ms 
199639     INFO  Test worker     d.u.i.k.n.KeyIO           MODE: declarations took 0 ms 
200738     INFO  Test worker     d.u.i.k.n.ExprTest        Term: \<{
  int x = 1;
  {
    int s = 2;
  }
}\> (equals(x,x)) 
200864     INFO  Test worker     d.u.i.k.n.KeyIO           Parsing took 63 ms 
200865     INFO  Test worker     d.u.i.k.n.KeyIO           MODE: declarations took 0 ms 
200865     INFO  Test worker     d.u.i.k.n.ExprTest        Term: true 
200927     INFO  Test worker     d.u.i.k.n.KeyIO           Parsing took 0 ms 
200943     INFO  Test worker     d.u.i.k.n.KeyIO           MODE: declarations took 16 ms 
201169     INFO  Test worker     d.u.i.k.n.ExprTest        Term: and(true,false) 
201216     INFO  Test worker     d.u.i.k.n.KeyIO           Parsing took 47 ms 
201216     INFO  Test worker     d.u.i.k.n.KeyIO           MODE: declarations took 0 ms 
201216     INFO  Test worker     d.u.i.k.n.ExprTest        Term: Z(0(#)) 
201465     INFO  Test worker     d.u.i.k.n.KeyIO           Parsing took 234 ms 
201465     INFO  Test worker     d.u.i.k.n.KeyIO           MODE: declarations took 0 ms 
201465     INFO  Test worker     d.u.i.k.n.ExprTest        Term: Z(1(#)) 
201481     INFO  Test worker     d.u.i.k.n.KeyIO           Parsing took 16 ms 
201481     INFO  Test worker     d.u.i.k.n.KeyIO           MODE: declarations took 0 ms 
201481     INFO  Test worker     d.u.i.k.n.ExprTest        Term: Z(2(4(#))) 
201496     INFO  Test worker     d.u.i.k.n.KeyIO           Parsing took 15 ms 
201496     INFO  Test worker     d.u.i.k.n.KeyIO           MODE: declarations took 0 ms 
201496     INFO  Test worker     d.u.i.k.n.ExprTest        Term: Z(neglit(5(#))) 
201512     INFO  Test worker     d.u.i.k.n.KeyIO           Parsing took 16 ms 
201512     INFO  Test worker     d.u.i.k.n.KeyIO           MODE: declarations took 0 ms 
201512     INFO  Test worker     d.u.i.k.n.ExprTest        Term: equals(add(Z(1(#)),Z(1(#))),Z(2(#))) 
201528     INFO  Test worker     d.u.i.k.n.KeyIO           Parsing took 16 ms 
201528     INFO  Test worker     d.u.i.k.n.KeyIO           MODE: declarations took 0 ms 
201528     INFO  Test worker     d.u.i.k.n.ExprTest        Term: if-then-else(equals(Z(3(#)),Z(4(#))),Z(1(#)),Z(2(#))) 
201543     INFO  Test worker     d.u.i.k.n.KeyIO           Parsing took 15 ms 
201543     INFO  Test worker     d.u.i.k.n.KeyIO           MODE: declarations took 0 ms 
201543     INFO  Test worker     d.u.i.k.n.ExprTest        Term: if-then-else(and(equals(Z(3(#)),Z(4(#))),equals(Z(1(#)),Z(1(#)))),if-then-else(equals(Z(3(#)),Z(4(#))),Z(1(#)),Z(2(#))),Z(2(#))) 
201559     INFO  Test worker     d.u.i.k.n.KeyIO           Parsing took 16 ms 
201559     INFO  Test worker     d.u.i.k.n.KeyIO           MODE: declarations took 0 ms 
201559     INFO  Test worker     d.u.i.k.n.ExprTest        Term: add(aa,mul(bb,cc)) 
201872     INFO  Test worker     d.u.i.k.n.KeyIO           Parsing took 109 ms 
201872     INFO  Test worker     d.u.i.k.n.KeyIO           MODE: declarations took 0 ms 
201889     INFO  Test worker     d.u.i.k.n.ExprTest        Term: lt(mul(mod(aa,bb),cc),Z(neglit(3(2(1(#)))))) 
201924     INFO  Test worker     d.u.i.k.n.KeyIO           Parsing took 32 ms 
201939     INFO  Test worker     d.u.i.k.n.KeyIO           MODE: declarations took 15 ms 
201939     INFO  Test worker     d.u.i.k.n.ExprTest        Term: all{x:int}(true) 
201957     INFO  Test worker     d.u.i.k.n.KeyIO           Parsing took 0 ms 
201957     INFO  Test worker     d.u.i.k.n.KeyIO           MODE: declarations took 0 ms 
201973     INFO  Test worker     d.u.i.k.n.ExprTest        Term: all{x:numbers}(equals(x,x)) 
202115     INFO  Test worker     d.u.i.k.n.KeyIO           Parsing took 142 ms 
202116     INFO  Test worker     d.u.i.k.n.KeyIO           MODE: declarations took 0 ms 
202124     INFO  Test worker     d.u.i.k.n.ExprTest        Term: add(int::cast(Z(3(#))),Z(2(#))) 
202139     INFO  Test worker     d.u.i.k.n.KeyIO           Parsing took 15 ms 
202139     INFO  Test worker     d.u.i.k.n.KeyIO           MODE: declarations took 0 ms 
202139     INFO  Test worker     d.u.i.k.n.ExprTest        Term: equals(addFloat(FP(6(1(2(3(5(3(5(6(0(1(#))))))))))),FP(6(1(2(3(5(3(5(6(0(1(#)))))))))))),mulFloat(FP(4(2(8(1(4(7(3(7(0(1(#))))))))))),subFloat(FP(4(2(8(1(4(7(3(7(0(1(#))))))))))),FP(6(1(2(3(5(3(5(6(0(1(#)))))))))))))) 
202202     INFO  Test worker     d.u.i.k.n.KeyIO           Parsing took 47 ms 
202202     INFO  Test worker     d.u.i.k.n.KeyIO           MODE: declarations took 0 ms 
202219     INFO  Test worker     d.u.i.k.n.ExprTest        Term: leqDouble(addDouble(DFP(8(0(4(7(1(0(0(0(8(8(1(4(2(8(1(7(0(6(4(#)))))))))))))))))))),DFP(8(0(4(7(1(0(0(0(8(8(1(4(2(8(1(7(0(6(4(#))))))))))))))))))))),mulDouble(DFP(4(8(7(6(0(0(2(8(9(0(9(8(0(4(2(1(4(6(4(#)))))))))))))))))))),DFP(5(7(6(7(8(0(4(0(3(9(2(2(8(1(9(6(7(5(4(#)))))))))))))))))))))) 
202234     INFO  Test worker     d.u.i.k.n.KeyIO           Parsing took 15 ms 
202234     INFO  Test worker     d.u.i.k.n.KeyIO           MODE: declarations took 0 ms 
202234     INFO  Test worker     d.u.i.k.n.ExprTest        Term: leqFloat(FP(6(1(2(3(5(3(5(6(0(1(#))))))))))),FP(4(2(8(1(4(7(3(7(0(1(#)))))))))))) 
202297     INFO  Test worker     d.u.i.k.n.KeyIO           Parsing took 47 ms 
202299     INFO  Test worker     d.u.i.k.n.KeyIO           MODE: declarations took 1 ms 
202302     INFO  Test worker     d.u.i.k.n.ExprTest        Term: gtDouble(DFP(4(0(9(7(8(3(7(2(4(8(1(0(6(8(6(1(1(6(4(#)))))))))))))))))))),DFP(8(0(4(7(1(0(0(0(8(8(1(4(2(8(1(7(0(6(4(#))))))))))))))))))))) 
202306     INFO  Test worker     d.u.i.k.n.KeyIO           Parsing took 0 ms 
202306     INFO  Test worker     d.u.i.k.n.KeyIO           MODE: declarations took 0 ms 
202321     INFO  Test worker     d.u.i.k.n.ExprTest        Term: seqConcat(seqEmpty,seqEmpty) 
]]></system-out>
  <system-err><![CDATA[]]></system-err>
</testsuite>
