<?xml version="1.0" encoding="UTF-8"?>
<testsuite name="de.uka.ilkd.key.util.TestNodePreorderIterator" tests="4" skipped="0" failures="0" errors="0" timestamp="2023-02-03T10:29:38" hostname="fv-az339-682" time="0.005">
  <properties/>
  <testcase name="testNodesThreeLevel()" classname="de.uka.ilkd.key.util.TestNodePreorderIterator" time="0.002"/>
  <testcase name="testEmptyRoot()" classname="de.uka.ilkd.key.util.TestNodePreorderIterator" time="0.001"/>
  <testcase name="testNodesTwoLevel()" classname="de.uka.ilkd.key.util.TestNodePreorderIterator" time="0.001"/>
  <testcase name="testNodesOneLevel()" classname="de.uka.ilkd.key.util.TestNodePreorderIterator" time="0.001"/>
  <system-out><![CDATA[]]></system-out>
  <system-err><![CDATA[]]></system-err>
</testsuite>
