<?xml version="1.0" encoding="UTF-8"?>
<testsuite name="de.uka.ilkd.key.proof.runallproofs.RunAllProofsInfFlow" tests="29" skipped="0" failures="0" errors="0" timestamp="2023-04-18T01:07:19" hostname="fv-az574-203" time="3761.268">
  <properties/>
  <testcase name="ToyVoting" classname="de.uka.ilkd.key.proof.runallproofs.RunAllProofsInfFlow" time="30.636"/>
  <testcase name="ConditionalConfidential" classname="de.uka.ilkd.key.proof.runallproofs.RunAllProofsInfFlow" time="17.289"/>
  <testcase name="SumExample" classname="de.uka.ilkd.key.proof.runallproofs.RunAllProofsInfFlow" time="11.917"/>
  <testcase name="ToyBanking" classname="de.uka.ilkd.key.proof.runallproofs.RunAllProofsInfFlow" time="131.781"/>
  <testcase name="BlockContracts" classname="de.uka.ilkd.key.proof.runallproofs.RunAllProofsInfFlow" time="72.713"/>
  <testcase name="MethodContracts" classname="de.uka.ilkd.key.proof.runallproofs.RunAllProofsInfFlow" time="83.028"/>
  <testcase name="LoopInvariants" classname="de.uka.ilkd.key.proof.runallproofs.RunAllProofsInfFlow" time="79.943"/>
  <testcase name="MiniExamples" classname="de.uka.ilkd.key.proof.runallproofs.RunAllProofsInfFlow" time="110.23"/>
  <testcase name="NewObjects" classname="de.uka.ilkd.key.proof.runallproofs.RunAllProofsInfFlow" time="101.647"/>
  <testcase name="SimpleEvoting" classname="de.uka.ilkd.key.proof.runallproofs.RunAllProofsInfFlow" time="240.405"/>
  <testcase name="ToyVoting_nomacro" classname="de.uka.ilkd.key.proof.runallproofs.RunAllProofsInfFlow" time="52.617"/>
  <testcase name="ConditionalConfidential_nomacro" classname="de.uka.ilkd.key.proof.runallproofs.RunAllProofsInfFlow" time="0.001"/>
  <testcase name="SumExample_nomacro" classname="de.uka.ilkd.key.proof.runallproofs.RunAllProofsInfFlow" time="17.991"/>
  <testcase name="ToyBanking_nomacro" classname="de.uka.ilkd.key.proof.runallproofs.RunAllProofsInfFlow" time="120.041"/>
  <testcase name="BlockContracts_nomacro" classname="de.uka.ilkd.key.proof.runallproofs.RunAllProofsInfFlow" time="119.863"/>
  <testcase name="MethodContracts_nomacro" classname="de.uka.ilkd.key.proof.runallproofs.RunAllProofsInfFlow" time="104.436"/>
  <testcase name="LoopInvariants_nomacro" classname="de.uka.ilkd.key.proof.runallproofs.RunAllProofsInfFlow" time="165.386"/>
  <testcase name="MiniExamples_nomacro" classname="de.uka.ilkd.key.proof.runallproofs.RunAllProofsInfFlow" time="145.362"/>
  <testcase name="NewObjects_nomacro" classname="de.uka.ilkd.key.proof.runallproofs.RunAllProofsInfFlow" time="177.704"/>
  <testcase name="SimpleEvoting_nomacro" classname="de.uka.ilkd.key.proof.runallproofs.RunAllProofsInfFlow" time="205.945"/>
  <testcase name="ToyVoting_fullmacro" classname="de.uka.ilkd.key.proof.runallproofs.RunAllProofsInfFlow" time="92.892"/>
  <testcase name="SumExample_fullmacro" classname="de.uka.ilkd.key.proof.runallproofs.RunAllProofsInfFlow" time="18.716"/>
  <testcase name="ToyBanking_fullmacro" classname="de.uka.ilkd.key.proof.runallproofs.RunAllProofsInfFlow" time="380.382"/>
  <testcase name="BlockContracts_fullmacro" classname="de.uka.ilkd.key.proof.runallproofs.RunAllProofsInfFlow" time="103.018"/>
  <testcase name="MethodContracts_fullmacro" classname="de.uka.ilkd.key.proof.runallproofs.RunAllProofsInfFlow" time="102.256"/>
  <testcase name="InformationFlow_fullmacro" classname="de.uka.ilkd.key.proof.runallproofs.RunAllProofsInfFlow" time="452.466"/>
  <testcase name="MiniExamples_fullmacro" classname="de.uka.ilkd.key.proof.runallproofs.RunAllProofsInfFlow" time="143.155"/>
  <testcase name="NewObjects_fullmacro" classname="de.uka.ilkd.key.proof.runallproofs.RunAllProofsInfFlow" time="264.753"/>
  <testcase name="SimpleEvoting_fullmacro" classname="de.uka.ilkd.key.proof.runallproofs.RunAllProofsInfFlow" time="214.676"/>
  <system-out><![CDATA[290        INFO  Test worker     d.u.i.k.p.r.RunAllProofsTestUnit Running test ToyVoting 
453        INFO  Timeout watchdog d.u.i.k.p.r.p.ForkedTestFileRunner Timeout watcher launched (1000 secs.) 
463        WARN  main            d.u.i.k.s.ProofSettings   No proof-settings could be loaded, using defaults java.io.FileNotFoundException: /home/runner/.key/proof-settings.props (No such file or directory)
	at java.base/java.io.FileInputStream.open0(Native Method)

493        INFO  main            d.u.i.k.p.r.p.TestFile    Now processing file /home/runner/work/key/key/key.core/../key.ui/examples/InformationFlow/ToyVoting/Voter(Voter__insecure_voting()).JML normal_behavior operation contract.0.key 
754        WARN  main            d.u.i.k.n.ParsingFacade   /home/runner/work/key/key/key.core/../key.ui/examples/InformationFlow/ToyVoting/Voter(Voter__insecure_voting()).JML normal_behavior operation contract.0.key took 23 ms to parse. 
756        WARN  main            d.u.i.k.n.ParsingFacade   Parsing time 23 ms. 
945        WARN  main            d.u.i.k.n.ParsingFacade   file:/home/runner/work/key/key/key.core/build/resources/main/de/uka/ilkd/key/proof/rules/standardRules.key took 16 ms to parse. 
946        WARN  main            d.u.i.k.n.ParsingFacade   Parsing time 39 ms. 
974        WARN  main            d.u.i.k.n.ParsingFacade   file:/home/runner/work/key/key/key.core/build/resources/main/de/uka/ilkd/key/proof/rules/ldt.key took 4 ms to parse. 
982        WARN  main            d.u.i.k.n.ParsingFacade   Parsing time 43 ms. 
997        WARN  main            d.u.i.k.n.ParsingFacade   file:/home/runner/work/key/key/key.core/build/resources/main/de/uka/ilkd/key/proof/rules/boolean.key took 4 ms to parse. 
1000       WARN  main            d.u.i.k.n.ParsingFacade   Parsing time 47 ms. 
1047       WARN  main            d.u.i.k.n.ParsingFacade   file:/home/runner/work/key/key/key.core/build/resources/main/de/uka/ilkd/key/proof/rules/ruleSetsDeclarations.key took 11 ms to parse. 
1049       WARN  main            d.u.i.k.n.ParsingFacade   Parsing time 58 ms. 
1074       WARN  main            d.u.i.k.n.ParsingFacade   file:/home/runner/work/key/key/key.core/build/resources/main/de/uka/ilkd/key/proof/rules/integerHeader.key took 4 ms to parse. 
1075       WARN  main            d.u.i.k.n.ParsingFacade   Parsing time 62 ms. 
1078       WARN  main            d.u.i.k.n.ParsingFacade   file:/home/runner/work/key/key/key.core/build/resources/main/de/uka/ilkd/key/proof/rules/floatHeader.key took 2 ms to parse. 
1078       WARN  main            d.u.i.k.n.ParsingFacade   Parsing time 64 ms. 
1081       WARN  main            d.u.i.k.n.ParsingFacade   file:/home/runner/work/key/key/key.core/build/resources/main/de/uka/ilkd/key/proof/rules/heap.key took 1 ms to parse. 
1081       WARN  main            d.u.i.k.n.ParsingFacade   Parsing time 65 ms. 
1085       WARN  main            d.u.i.k.n.ParsingFacade   file:/home/runner/work/key/key/key.core/build/resources/main/de/uka/ilkd/key/proof/rules/locSets.key took 1 ms to parse. 
1085       WARN  main            d.u.i.k.n.ParsingFacade   Parsing time 66 ms. 
1089       WARN  main            d.u.i.k.n.ParsingFacade   file:/home/runner/work/key/key/key.core/build/resources/main/de/uka/ilkd/key/proof/rules/permission.key took 0 ms to parse. 
1089       WARN  main            d.u.i.k.n.ParsingFacade   Parsing time 66 ms. 
1090       WARN  main            d.u.i.k.n.ParsingFacade   file:/home/runner/work/key/key/key.core/build/resources/main/de/uka/ilkd/key/proof/rules/reach.key took 0 ms to parse. 
1091       WARN  main            d.u.i.k.n.ParsingFacade   Parsing time 66 ms. 
1092       WARN  main            d.u.i.k.n.ParsingFacade   file:/home/runner/work/key/key/key.core/build/resources/main/de/uka/ilkd/key/proof/rules/seq.key took 0 ms to parse. 
1093       WARN  main            d.u.i.k.n.ParsingFacade   Parsing time 66 ms. 
1117       WARN  main            d.u.i.k.n.ParsingFacade   file:/home/runner/work/key/key/key.core/build/resources/main/de/uka/ilkd/key/proof/rules/map.key took 22 ms to parse. 
1118       WARN  main            d.u.i.k.n.ParsingFacade   Parsing time 88 ms. 
1119       WARN  main            d.u.i.k.n.ParsingFacade   file:/home/runner/work/key/key/key.core/build/resources/main/de/uka/ilkd/key/proof/rules/freeADT.key took 0 ms to parse. 
1119       WARN  main            d.u.i.k.n.ParsingFacade   Parsing time 88 ms. 
1120       WARN  main            d.u.i.k.n.ParsingFacade   file:/home/runner/work/key/key/key.core/build/resources/main/de/uka/ilkd/key/proof/rules/wellfound.key took 0 ms to parse. 
1121       WARN  main            d.u.i.k.n.ParsingFacade   Parsing time 88 ms. 
1122       WARN  main            d.u.i.k.n.ParsingFacade   file:/home/runner/work/key/key/key.core/build/resources/main/de/uka/ilkd/key/proof/rules/charListHeader.key took 1 ms to parse. 
1122       WARN  main            d.u.i.k.n.ParsingFacade   Parsing time 89 ms. 
1272       WARN  main            d.u.i.k.n.ParsingFacade   file:/home/runner/work/key/key/key.core/build/resources/main/de/uka/ilkd/key/proof/rules/propRule.key took 6 ms to parse. 
1273       WARN  main            d.u.i.k.n.ParsingFacade   Parsing time 95 ms. 
1301       WARN  main            d.u.i.k.n.ParsingFacade   file:/home/runner/work/key/key/key.core/build/resources/main/de/uka/ilkd/key/proof/rules/firstOrderRules.key took 4 ms to parse. 
1301       WARN  main            d.u.i.k.n.ParsingFacade   Parsing time 99 ms. 
1326       WARN  main            d.u.i.k.n.ParsingFacade   file:/home/runner/work/key/key/key.core/build/resources/main/de/uka/ilkd/key/proof/rules/ifThenElseRules.key took 7 ms to parse. 
1328       WARN  main            d.u.i.k.n.ParsingFacade   Parsing time 106 ms. 
1412       WARN  main            d.u.i.k.n.ParsingFacade   file:/home/runner/work/key/key/key.core/build/resources/main/de/uka/ilkd/key/proof/rules/formulaNormalisationRules.key took 41 ms to parse. 
1419       WARN  main            d.u.i.k.n.ParsingFacade   Parsing time 147 ms. 
1526       WARN  main            d.u.i.k.n.ParsingFacade   file:/home/runner/work/key/key/key.core/build/resources/main/de/uka/ilkd/key/proof/rules/updateRules.key took 10 ms to parse. 
1528       WARN  main            d.u.i.k.n.ParsingFacade   Parsing time 157 ms. 
1549       WARN  main            d.u.i.k.n.ParsingFacade   file:/home/runner/work/key/key/key.core/build/resources/main/de/uka/ilkd/key/proof/rules/integerRulesCommon.key took 2 ms to parse. 
1550       WARN  main            d.u.i.k.n.ParsingFacade   Parsing time 159 ms. 
1645       WARN  main            d.u.i.k.n.ParsingFacade   file:/home/runner/work/key/key/key.core/build/resources/main/de/uka/ilkd/key/proof/rules/intRules.key took 4 ms to parse. 
1645       WARN  main            d.u.i.k.n.ParsingFacade   Parsing time 163 ms. 
1666       WARN  main            d.u.i.k.n.ParsingFacade   file:/home/runner/work/key/key/key.core/build/resources/main/de/uka/ilkd/key/proof/rules/intRulesUncheckedSemantics.key took 5 ms to parse. 
1667       WARN  main            d.u.i.k.n.ParsingFacade   Parsing time 168 ms. 
1684       WARN  main            d.u.i.k.n.ParsingFacade   file:/home/runner/work/key/key/key.core/build/resources/main/de/uka/ilkd/key/proof/rules/intRulesCheckedSemantics.key took 4 ms to parse. 
1684       WARN  main            d.u.i.k.n.ParsingFacade   Parsing time 172 ms. 
1698       WARN  main            d.u.i.k.n.ParsingFacade   file:/home/runner/work/key/key/key.core/build/resources/main/de/uka/ilkd/key/proof/rules/intRulesJavaSemantics.key took 8 ms to parse. 
1700       WARN  main            d.u.i.k.n.ParsingFacade   Parsing time 180 ms. 
1784       WARN  main            d.u.i.k.n.ParsingFacade   file:/home/runner/work/key/key/key.core/build/resources/main/de/uka/ilkd/key/proof/rules/integerSimplificationRules.key took 69 ms to parse. 
1785       WARN  main            d.u.i.k.n.ParsingFacade   Parsing time 249 ms. 
1920       WARN  main            d.u.i.k.n.ParsingFacade   file:/home/runner/work/key/key/key.core/build/resources/main/de/uka/ilkd/key/proof/rules/intDiv.key took 5 ms to parse. 
1921       WARN  main            d.u.i.k.n.ParsingFacade   Parsing time 254 ms. 
1957       WARN  main            d.u.i.k.n.ParsingFacade   file:/home/runner/work/key/key/key.core/build/resources/main/de/uka/ilkd/key/proof/rules/bsum.key took 12 ms to parse. 
1958       WARN  main            d.u.i.k.n.ParsingFacade   Parsing time 266 ms. 
2017       WARN  main            d.u.i.k.n.ParsingFacade   file:/home/runner/work/key/key/key.core/build/resources/main/de/uka/ilkd/key/proof/rules/bprod.key took 2 ms to parse. 
2018       WARN  main            d.u.i.k.n.ParsingFacade   Parsing time 268 ms. 
2031       WARN  main            d.u.i.k.n.ParsingFacade   file:/home/runner/work/key/key/key.core/build/resources/main/de/uka/ilkd/key/proof/rules/binaryAxioms.key took 0 ms to parse. 
2032       WARN  main            d.u.i.k.n.ParsingFacade   Parsing time 268 ms. 
2038       WARN  main            d.u.i.k.n.ParsingFacade   file:/home/runner/work/key/key/key.core/build/resources/main/de/uka/ilkd/key/proof/rules/binaryLemmas.key took 2 ms to parse. 
2038       WARN  main            d.u.i.k.n.ParsingFacade   Parsing time 270 ms. 
2050       WARN  main            d.u.i.k.n.ParsingFacade   file:/home/runner/work/key/key/key.core/build/resources/main/de/uka/ilkd/key/proof/rules/intPow.key took 4 ms to parse. 
2051       WARN  main            d.u.i.k.n.ParsingFacade   Parsing time 274 ms. 
2063       WARN  main            d.u.i.k.n.ParsingFacade   file:/home/runner/work/key/key/key.core/build/resources/main/de/uka/ilkd/key/proof/rules/floatRulesCommon.key took 3 ms to parse. 
2064       WARN  main            d.u.i.k.n.ParsingFacade   Parsing time 277 ms. 
2078       WARN  main            d.u.i.k.n.ParsingFacade   file:/home/runner/work/key/key/key.core/build/resources/main/de/uka/ilkd/key/proof/rules/floatRules.key took 0 ms to parse. 
2078       WARN  main            d.u.i.k.n.ParsingFacade   Parsing time 277 ms. 
2080       WARN  main            d.u.i.k.n.ParsingFacade   file:/home/runner/work/key/key/key.core/build/resources/main/de/uka/ilkd/key/proof/rules/floatRulesVerifyNormal.key took 1 ms to parse. 
2080       WARN  main            d.u.i.k.n.ParsingFacade   Parsing time 278 ms. 
2087       WARN  main            d.u.i.k.n.ParsingFacade   file:/home/runner/work/key/key/key.core/build/resources/main/de/uka/ilkd/key/proof/rules/floatRulesAssumeStrictfp.key took 5 ms to parse. 
2088       WARN  main            d.u.i.k.n.ParsingFacade   Parsing time 283 ms. 
2128       WARN  main            d.u.i.k.n.ParsingFacade   file:/home/runner/work/key/key/key.core/build/resources/main/de/uka/ilkd/key/proof/rules/genericRules.key took 3 ms to parse. 
2134       WARN  main            d.u.i.k.n.ParsingFacade   Parsing time 286 ms. 
2146       WARN  main            d.u.i.k.n.ParsingFacade   file:/home/runner/work/key/key/key.core/build/resources/main/de/uka/ilkd/key/proof/rules/booleanRules.key took 1 ms to parse. 
2146       WARN  main            d.u.i.k.n.ParsingFacade   Parsing time 287 ms. 
2149       WARN  main            d.u.i.k.n.ParsingFacade   file:/home/runner/work/key/key/key.core/build/resources/main/de/uka/ilkd/key/proof/rules/epsilon.key took 0 ms to parse. 
2149       WARN  main            d.u.i.k.n.ParsingFacade   Parsing time 287 ms. 
2159       WARN  main            d.u.i.k.n.ParsingFacade   file:/home/runner/work/key/key/key.core/build/resources/main/de/uka/ilkd/key/proof/rules/locSetsRules.key took 6 ms to parse. 
2160       WARN  main            d.u.i.k.n.ParsingFacade   Parsing time 293 ms. 
2220       WARN  main            d.u.i.k.n.ParsingFacade   file:/home/runner/work/key/key/key.core/build/resources/main/de/uka/ilkd/key/proof/rules/heapRules.key took 9 ms to parse. 
2221       WARN  main            d.u.i.k.n.ParsingFacade   Parsing time 302 ms. 
2254       WARN  main            d.u.i.k.n.ParsingFacade   file:/home/runner/work/key/key/key.core/build/resources/main/de/uka/ilkd/key/proof/rules/permissionRules.key took 3 ms to parse. 
2255       WARN  main            d.u.i.k.n.ParsingFacade   Parsing time 305 ms. 
2267       WARN  main            d.u.i.k.n.ParsingFacade   file:/home/runner/work/key/key/key.core/build/resources/main/de/uka/ilkd/key/proof/rules/reachRules.key took 3 ms to parse. 
2268       WARN  main            d.u.i.k.n.ParsingFacade   Parsing time 308 ms. 
2280       WARN  main            d.u.i.k.n.ParsingFacade   file:/home/runner/work/key/key/key.core/build/resources/main/de/uka/ilkd/key/proof/rules/seqCoreRules.key took 0 ms to parse. 
2280       WARN  main            d.u.i.k.n.ParsingFacade   Parsing time 308 ms. 
2287       WARN  main            d.u.i.k.n.ParsingFacade   file:/home/runner/work/key/key/key.core/build/resources/main/de/uka/ilkd/key/proof/rules/seqRules.key took 5 ms to parse. 
2287       WARN  main            d.u.i.k.n.ParsingFacade   Parsing time 313 ms. 
2335       WARN  main            d.u.i.k.n.ParsingFacade   file:/home/runner/work/key/key/key.core/build/resources/main/de/uka/ilkd/key/proof/rules/seqPerm.key took 4 ms to parse. 
2335       WARN  main            d.u.i.k.n.ParsingFacade   Parsing time 317 ms. 
2350       WARN  main            d.u.i.k.n.ParsingFacade   file:/home/runner/work/key/key/key.core/build/resources/main/de/uka/ilkd/key/proof/rules/seqPerm2.key took 1 ms to parse. 
2350       WARN  main            d.u.i.k.n.ParsingFacade   Parsing time 318 ms. 
2414       WARN  main            d.u.i.k.n.ParsingFacade   file:/home/runner/work/key/key/key.core/build/resources/main/de/uka/ilkd/key/proof/rules/javaRules.key took 59 ms to parse. 
2414       WARN  main            d.u.i.k.n.ParsingFacade   Parsing time 377 ms. 
2423       WARN  main            d.u.i.k.n.ParsingFacade   file:/home/runner/work/key/key/key.core/build/resources/main/de/uka/ilkd/key/proof/rules/assertions.key took 1 ms to parse. 
2424       WARN  main            d.u.i.k.n.ParsingFacade   Parsing time 378 ms. 
2921       WARN  main            d.u.i.k.n.ParsingFacade   file:/home/runner/work/key/key/key.core/build/resources/main/de/uka/ilkd/key/proof/rules/loopRules.key took 2 ms to parse. 
2922       WARN  main            d.u.i.k.n.ParsingFacade   Parsing time 380 ms. 
2932       WARN  main            d.u.i.k.n.ParsingFacade   file:/home/runner/work/key/key/key.core/build/resources/main/de/uka/ilkd/key/proof/rules/activeUse.key took 2 ms to parse. 
2932       WARN  main            d.u.i.k.n.ParsingFacade   Parsing time 382 ms. 
2969       WARN  main            d.u.i.k.n.ParsingFacade   file:/home/runner/work/key/key/key.core/build/resources/main/de/uka/ilkd/key/proof/rules/instanceAllocation.key took 4 ms to parse. 
2970       WARN  main            d.u.i.k.n.ParsingFacade   Parsing time 386 ms. 
2982       WARN  main            d.u.i.k.n.ParsingFacade   file:/home/runner/work/key/key/key.core/build/resources/main/de/uka/ilkd/key/proof/rules/java5.key took 1 ms to parse. 
2982       WARN  main            d.u.i.k.n.ParsingFacade   Parsing time 387 ms. 
2988       WARN  main            d.u.i.k.n.ParsingFacade   file:/home/runner/work/key/key/key.core/build/resources/main/de/uka/ilkd/key/proof/rules/integerAssignment2UpdateRules.key took 3 ms to parse. 
2988       WARN  main            d.u.i.k.n.ParsingFacade   Parsing time 390 ms. 
3020       WARN  main            d.u.i.k.n.ParsingFacade   file:/home/runner/work/key/key/key.core/build/resources/main/de/uka/ilkd/key/proof/rules/floatAssignment2UpdateRules.key took 5 ms to parse. 
3020       WARN  main            d.u.i.k.n.ParsingFacade   Parsing time 395 ms. 
3083       WARN  main            d.u.i.k.n.ParsingFacade   file:/home/runner/work/key/key/key.core/build/resources/main/de/uka/ilkd/key/proof/rules/bigint.key took 2 ms to parse. 
3084       WARN  main            d.u.i.k.n.ParsingFacade   Parsing time 397 ms. 
3102       WARN  main            d.u.i.k.n.ParsingFacade   file:/home/runner/work/key/key/key.core/build/resources/main/de/uka/ilkd/key/proof/rules/adtProgramDecompositionRules.key took 1 ms to parse. 
3104       WARN  main            d.u.i.k.n.ParsingFacade   Parsing time 398 ms. 
3122       WARN  main            d.u.i.k.n.ParsingFacade   file:/home/runner/work/key/key/key.core/build/resources/main/de/uka/ilkd/key/proof/rules/precRules.key took 1 ms to parse. 
3123       WARN  main            d.u.i.k.n.ParsingFacade   Parsing time 399 ms. 
3127       WARN  main            d.u.i.k.n.ParsingFacade   file:/home/runner/work/key/key/key.core/build/resources/main/de/uka/ilkd/key/proof/rules/charListRules.key took 2 ms to parse. 
3128       WARN  main            d.u.i.k.n.ParsingFacade   Parsing time 401 ms. 
3136       WARN  main            d.u.i.k.n.ParsingFacade   file:/home/runner/work/key/key/key.core/build/resources/main/de/uka/ilkd/key/proof/rules/regExTheory.key took 0 ms to parse. 
3137       WARN  main            d.u.i.k.n.ParsingFacade   Parsing time 401 ms. 
3138       WARN  main            d.u.i.k.n.ParsingFacade   file:/home/runner/work/key/key/key.core/build/resources/main/de/uka/ilkd/key/proof/rules/regExHeader.key took 0 ms to parse. 
3139       WARN  main            d.u.i.k.n.ParsingFacade   Parsing time 401 ms. 
3140       WARN  main            d.u.i.k.n.ParsingFacade   file:/home/runner/work/key/key/key.core/build/resources/main/de/uka/ilkd/key/proof/rules/regExAxioms.key took 1 ms to parse. 
3141       WARN  main            d.u.i.k.n.ParsingFacade   Parsing time 402 ms. 
3144       WARN  main            d.u.i.k.n.ParsingFacade   file:/home/runner/work/key/key/key.core/build/resources/main/de/uka/ilkd/key/proof/rules/regExLemmaProven.key took 1 ms to parse. 
3144       WARN  main            d.u.i.k.n.ParsingFacade   Parsing time 403 ms. 
3149       WARN  main            d.u.i.k.n.ParsingFacade   file:/home/runner/work/key/key/key.core/build/resources/main/de/uka/ilkd/key/proof/rules/seqEq.key took 1 ms to parse. 
3159       WARN  main            d.u.i.k.n.ParsingFacade   Parsing time 404 ms. 
3165       WARN  main            d.u.i.k.n.ParsingFacade   file:/home/runner/work/key/key/key.core/build/resources/main/de/uka/ilkd/key/proof/rules/infFlow.key took 1 ms to parse. 
3171       WARN  main            d.u.i.k.n.ParsingFacade   Parsing time 405 ms. 
3175       WARN  main            d.u.i.k.n.ParsingFacade   file:/home/runner/work/key/key/key.core/build/resources/main/de/uka/ilkd/key/proof/rules/mapSize.key took 1 ms to parse. 
3175       WARN  main            d.u.i.k.n.ParsingFacade   Parsing time 406 ms. 
3178       WARN  main            d.u.i.k.n.ParsingFacade   file:/home/runner/work/key/key/key.core/build/resources/main/de/uka/ilkd/key/proof/rules/wd.key took 0 ms to parse. 
3181       WARN  main            d.u.i.k.n.ParsingFacade   Parsing time 406 ms. 
3183       WARN  main            d.u.i.k.n.ParsingFacade   file:/home/runner/work/key/key/key.core/build/resources/main/de/uka/ilkd/key/proof/rules/wdHeader.key took 0 ms to parse. 
3187       WARN  main            d.u.i.k.n.ParsingFacade   Parsing time 406 ms. 
3188       WARN  main            d.u.i.k.n.ParsingFacade   file:/home/runner/work/key/key/key.core/build/resources/main/de/uka/ilkd/key/proof/rules/wdGeneralRules.key took 0 ms to parse. 
3189       WARN  main            d.u.i.k.n.ParsingFacade   Parsing time 406 ms. 
3200       WARN  main            d.u.i.k.n.ParsingFacade   file:/home/runner/work/key/key/key.core/build/resources/main/de/uka/ilkd/key/proof/rules/wdNumericalRules.key took 4 ms to parse. 
3211       WARN  main            d.u.i.k.n.ParsingFacade   Parsing time 410 ms. 
3235       WARN  main            d.u.i.k.n.ParsingFacade   file:/home/runner/work/key/key/key.core/build/resources/main/de/uka/ilkd/key/proof/rules/wdLocSetRules.key took 1 ms to parse. 
3235       WARN  main            d.u.i.k.n.ParsingFacade   Parsing time 411 ms. 
3240       WARN  main            d.u.i.k.n.ParsingFacade   file:/home/runner/work/key/key/key.core/build/resources/main/de/uka/ilkd/key/proof/rules/wdHeapRules.key took 1 ms to parse. 
3240       WARN  main            d.u.i.k.n.ParsingFacade   Parsing time 412 ms. 
3243       WARN  main            d.u.i.k.n.ParsingFacade   file:/home/runner/work/key/key/key.core/build/resources/main/de/uka/ilkd/key/proof/rules/wdReachRules.key took 0 ms to parse. 
3244       WARN  main            d.u.i.k.n.ParsingFacade   Parsing time 412 ms. 
3245       WARN  main            d.u.i.k.n.ParsingFacade   file:/home/runner/work/key/key/key.core/build/resources/main/de/uka/ilkd/key/proof/rules/wdSeqRules.key took 0 ms to parse. 
3246       WARN  main            d.u.i.k.n.ParsingFacade   Parsing time 412 ms. 
3249       WARN  main            d.u.i.k.n.ParsingFacade   file:/home/runner/work/key/key/key.core/build/resources/main/de/uka/ilkd/key/proof/rules/wdStringRules.key took 1 ms to parse. 
3249       WARN  main            d.u.i.k.n.ParsingFacade   Parsing time 413 ms. 
3252       WARN  main            d.u.i.k.n.ParsingFacade   file:/home/runner/work/key/key/key.core/build/resources/main/de/uka/ilkd/key/proof/rules/wdRegExRules.key took 1 ms to parse. 
3252       WARN  main            d.u.i.k.n.ParsingFacade   Parsing time 414 ms. 
3256       WARN  main            d.u.i.k.n.ParsingFacade   file:/home/runner/work/key/key/key.core/build/resources/main/de/uka/ilkd/key/proof/rules/wdFormulaRules.key took 2 ms to parse. 
3256       WARN  main            d.u.i.k.n.ParsingFacade   Parsing time 416 ms. 
3265       WARN  main            d.u.i.k.n.ParsingFacade   file:/home/runner/work/key/key/key.core/build/resources/main/de/uka/ilkd/key/proof/rules/loopInvariantRules.key took 0 ms to parse. 
3266       WARN  main            d.u.i.k.n.ParsingFacade   Parsing time 416 ms. 
3267       WARN  main            d.u.i.k.n.ParsingFacade   file:/home/runner/work/key/key/key.core/build/resources/main/de/uka/ilkd/key/proof/rules/forLoopRules.key took 0 ms to parse. 
3267       WARN  main            d.u.i.k.n.ParsingFacade   Parsing time 416 ms. 
3272       WARN  main            d.u.i.k.n.ParsingFacade   file:/home/runner/work/key/key/key.core/build/resources/main/de/uka/ilkd/key/proof/rules/execRules.key took 3 ms to parse. 
3272       WARN  main            d.u.i.k.n.ParsingFacade   Parsing time 419 ms. 
3456       WARN  main            d.u.i.k.n.ParsingFacade   file:/home/runner/work/key/key/key.core/build/resources/main/de/uka/ilkd/key/proof/rules/loopScopeRules.key took 11 ms to parse. 
3463       WARN  main            d.u.i.k.n.ParsingFacade   Parsing time 430 ms. 
7353       WARN  main            d.u.i.k.n.ParsingFacade   file:/home/runner/work/key/key/key.core/build/resources/main/de/uka/ilkd/key/java/JavaRedux/java/lang/String.key took 8 ms to parse. 
7353       WARN  main            d.u.i.k.n.ParsingFacade   Parsing time 438 ms. 
10414      WARN  main            d.u.i.k.n.ParsingFacade   /home/runner/work/key/key/key.core/../key.ui/examples/InformationFlow/ToyVoting/Voter(Voter__insecure_voting()).JML normal_behavior operation contract.0.key took 1 ms to parse. 
10414      WARN  main            d.u.i.k.n.ParsingFacade   Parsing time 439 ms. 
11570      INFO  main            d.u.i.k.p.r.p.TestFile    ... finished proof: closed. 
11750      INFO  main            d.u.i.k.p.r.p.TestFile    Now processing file /home/runner/work/key/key/key.core/../key.ui/examples/InformationFlow/ToyVoting/Voter(Voter__publishVoterParticipation()).JML normal_behavior operation contract.0.key 
11751      WARN  main            d.u.i.k.n.ParsingFacade   /home/runner/work/key/key/key.core/../key.ui/examples/InformationFlow/ToyVoting/Voter(Voter__publishVoterParticipation()).JML normal_behavior operation contract.0.key took 0 ms to parse. 
11753      WARN  main            d.u.i.k.n.ParsingFacade   Parsing time 439 ms. 
12944      WARN  main            d.u.i.k.n.ParsingFacade   file:/home/runner/work/key/key/key.core/build/resources/main/de/uka/ilkd/key/java/JavaRedux/java/lang/String.key took 2 ms to parse. 
12947      WARN  main            d.u.i.k.n.ParsingFacade   Parsing time 441 ms. 
15204      WARN  main            d.u.i.k.n.ParsingFacade   /home/runner/work/key/key/key.core/../key.ui/examples/InformationFlow/ToyVoting/Voter(Voter__publishVoterParticipation()).JML normal_behavior operation contract.0.key took 0 ms to parse. 
15204      WARN  main            d.u.i.k.n.ParsingFacade   Parsing time 441 ms. 
15306      INFO  main            d.u.i.k.p.r.p.TestFile    ... finished proof: closed. 
15425      INFO  main            d.u.i.k.p.r.p.TestFile    Now processing file /home/runner/work/key/key/key.core/../key.ui/examples/InformationFlow/ToyVoting/Voter(Voter__isValid(int)).JML normal_behavior operation contract.0.key 
15425      WARN  main            d.u.i.k.n.ParsingFacade   /home/runner/work/key/key/key.core/../key.ui/examples/InformationFlow/ToyVoting/Voter(Voter__isValid(int)).JML normal_behavior operation contract.0.key took 0 ms to parse. 
15425      WARN  main            d.u.i.k.n.ParsingFacade   Parsing time 441 ms. 
16546      WARN  main            d.u.i.k.n.ParsingFacade   file:/home/runner/work/key/key/key.core/build/resources/main/de/uka/ilkd/key/java/JavaRedux/java/lang/String.key took 2 ms to parse. 
16546      WARN  main            d.u.i.k.n.ParsingFacade   Parsing time 443 ms. 
18809      WARN  main            d.u.i.k.n.ParsingFacade   /home/runner/work/key/key/key.core/../key.ui/examples/InformationFlow/ToyVoting/Voter(Voter__isValid(int)).JML normal_behavior operation contract.0.key took 0 ms to parse. 
18810      WARN  main            d.u.i.k.n.ParsingFacade   Parsing time 443 ms. 
18912      INFO  main            d.u.i.k.p.r.p.TestFile    ... finished proof: closed. 
19049      INFO  main            d.u.i.k.p.r.p.TestFile    Now processing file /home/runner/work/key/key/key.core/../key.ui/examples/InformationFlow/ToyVoting/Voter(Voter__sendVote(int)).JML normal_behavior operation contract.0.key 
19052      WARN  main            d.u.i.k.n.ParsingFacade   /home/runner/work/key/key/key.core/../key.ui/examples/InformationFlow/ToyVoting/Voter(Voter__sendVote(int)).JML normal_behavior operation contract.0.key took 0 ms to parse. 
19052      WARN  main            d.u.i.k.n.ParsingFacade   Parsing time 443 ms. 
20196      WARN  main            d.u.i.k.n.ParsingFacade   file:/home/runner/work/key/key/key.core/build/resources/main/de/uka/ilkd/key/java/JavaRedux/java/lang/String.key took 1 ms to parse. 
20197      WARN  main            d.u.i.k.n.ParsingFacade   Parsing time 444 ms. 
22303      WARN  main            d.u.i.k.n.ParsingFacade   /home/runner/work/key/key/key.core/../key.ui/examples/InformationFlow/ToyVoting/Voter(Voter__sendVote(int)).JML normal_behavior operation contract.0.key took 0 ms to parse. 
22303      WARN  main            d.u.i.k.n.ParsingFacade   Parsing time 444 ms. 
22406      INFO  main            d.u.i.k.p.r.p.TestFile    ... finished proof: closed. 
22543      INFO  main            d.u.i.k.p.r.p.TestFile    Now processing file /home/runner/work/key/key/key.core/../key.ui/examples/InformationFlow/ToyVoting/Voter(Voter__inputVote()).JML normal_behavior operation contract.0.key 
22544      WARN  main            d.u.i.k.n.ParsingFacade   /home/runner/work/key/key/key.core/../key.ui/examples/InformationFlow/ToyVoting/Voter(Voter__inputVote()).JML normal_behavior operation contract.0.key took 0 ms to parse. 
22544      WARN  main            d.u.i.k.n.ParsingFacade   Parsing time 444 ms. 
23617      WARN  main            d.u.i.k.n.ParsingFacade   file:/home/runner/work/key/key/key.core/build/resources/main/de/uka/ilkd/key/java/JavaRedux/java/lang/String.key took 1 ms to parse. 
23618      WARN  main            d.u.i.k.n.ParsingFacade   Parsing time 445 ms. 
25724      WARN  main            d.u.i.k.n.ParsingFacade   /home/runner/work/key/key/key.core/../key.ui/examples/InformationFlow/ToyVoting/Voter(Voter__inputVote()).JML normal_behavior operation contract.0.key took 0 ms to parse. 
25726      WARN  main            d.u.i.k.n.ParsingFacade   Parsing time 445 ms. 
25829      INFO  main            d.u.i.k.p.r.p.TestFile    ... finished proof: closed. 
26023      INFO  main            d.u.i.k.p.r.p.TestFile    Now processing file /home/runner/work/key/key/key.core/../key.ui/examples/InformationFlow/ToyVoting/Voter(Voter__secure_voting()).JML normal_behavior operation contract.0.key 
26025      WARN  main            d.u.i.k.n.ParsingFacade   /home/runner/work/key/key/key.core/../key.ui/examples/InformationFlow/ToyVoting/Voter(Voter__secure_voting()).JML normal_behavior operation contract.0.key took 0 ms to parse. 
26025      WARN  main            d.u.i.k.n.ParsingFacade   Parsing time 445 ms. 
27085      WARN  main            d.u.i.k.n.ParsingFacade   file:/home/runner/work/key/key/key.core/build/resources/main/de/uka/ilkd/key/java/JavaRedux/java/lang/String.key took 2 ms to parse. 
27086      WARN  main            d.u.i.k.n.ParsingFacade   Parsing time 447 ms. 
29150      WARN  main            d.u.i.k.n.ParsingFacade   /home/runner/work/key/key/key.core/../key.ui/examples/InformationFlow/ToyVoting/Voter(Voter__secure_voting()).JML normal_behavior operation contract.0.key took 0 ms to parse. 
29153      WARN  main            d.u.i.k.n.ParsingFacade   Parsing time 447 ms. 
30189      INFO  main            d.u.i.k.p.r.p.TestFile    ... finished proof: closed. 
30919      INFO  Test worker     d.u.i.k.p.r.RunAllProofsTestUnit Returning from test ToyVoting 
30924      INFO  Test worker     d.u.i.k.p.r.RunAllProofsTestUnit Running test ConditionalConfidential 
419        INFO  Timeout watchdog d.u.i.k.p.r.p.ForkedTestFileRunner Timeout watcher launched (1000 secs.) 
445        WARN  main            d.u.i.k.s.ProofSettings   The settings in /home/runner/.key/proof-settings.props are *not* read. 
483        INFO  main            d.u.i.k.p.r.p.TestFile    Now processing file /home/runner/work/key/key/key.core/../key.ui/examples/InformationFlow/ConditionalConfidential/CCExample(CCExample__hasAccessRight(CCExample.User)).JML normal_behavior operation contract.0.key 
748        WARN  main            d.u.i.k.n.ParsingFacade   /home/runner/work/key/key/key.core/../key.ui/examples/InformationFlow/ConditionalConfidential/CCExample(CCExample__hasAccessRight(CCExample.User)).JML normal_behavior operation contract.0.key took 19 ms to parse. 
748        WARN  main            d.u.i.k.n.ParsingFacade   Parsing time 19 ms. 
905        WARN  main            d.u.i.k.n.ParsingFacade   file:/home/runner/work/key/key/key.core/build/resources/main/de/uka/ilkd/key/proof/rules/standardRules.key took 21 ms to parse. 
905        WARN  main            d.u.i.k.n.ParsingFacade   Parsing time 40 ms. 
946        WARN  main            d.u.i.k.n.ParsingFacade   file:/home/runner/work/key/key/key.core/build/resources/main/de/uka/ilkd/key/proof/rules/ldt.key took 5 ms to parse. 
947        WARN  main            d.u.i.k.n.ParsingFacade   Parsing time 45 ms. 
958        WARN  main            d.u.i.k.n.ParsingFacade   file:/home/runner/work/key/key/key.core/build/resources/main/de/uka/ilkd/key/proof/rules/boolean.key took 4 ms to parse. 
959        WARN  main            d.u.i.k.n.ParsingFacade   Parsing time 49 ms. 
1005       WARN  main            d.u.i.k.n.ParsingFacade   file:/home/runner/work/key/key/key.core/build/resources/main/de/uka/ilkd/key/proof/rules/ruleSetsDeclarations.key took 19 ms to parse. 
1009       WARN  main            d.u.i.k.n.ParsingFacade   Parsing time 68 ms. 
1046       WARN  main            d.u.i.k.n.ParsingFacade   file:/home/runner/work/key/key/key.core/build/resources/main/de/uka/ilkd/key/proof/rules/integerHeader.key took 9 ms to parse. 
1046       WARN  main            d.u.i.k.n.ParsingFacade   Parsing time 77 ms. 
1054       WARN  main            d.u.i.k.n.ParsingFacade   file:/home/runner/work/key/key/key.core/build/resources/main/de/uka/ilkd/key/proof/rules/floatHeader.key took 6 ms to parse. 
1055       WARN  main            d.u.i.k.n.ParsingFacade   Parsing time 83 ms. 
1059       WARN  main            d.u.i.k.n.ParsingFacade   file:/home/runner/work/key/key/key.core/build/resources/main/de/uka/ilkd/key/proof/rules/heap.key took 2 ms to parse. 
1059       WARN  main            d.u.i.k.n.ParsingFacade   Parsing time 85 ms. 
1065       WARN  main            d.u.i.k.n.ParsingFacade   file:/home/runner/work/key/key/key.core/build/resources/main/de/uka/ilkd/key/proof/rules/locSets.key took 0 ms to parse. 
1065       WARN  main            d.u.i.k.n.ParsingFacade   Parsing time 85 ms. 
1068       WARN  main            d.u.i.k.n.ParsingFacade   file:/home/runner/work/key/key/key.core/build/resources/main/de/uka/ilkd/key/proof/rules/permission.key took 2 ms to parse. 
1069       WARN  main            d.u.i.k.n.ParsingFacade   Parsing time 87 ms. 
1070       WARN  main            d.u.i.k.n.ParsingFacade   file:/home/runner/work/key/key/key.core/build/resources/main/de/uka/ilkd/key/proof/rules/reach.key took 0 ms to parse. 
1070       WARN  main            d.u.i.k.n.ParsingFacade   Parsing time 87 ms. 
1074       WARN  main            d.u.i.k.n.ParsingFacade   file:/home/runner/work/key/key/key.core/build/resources/main/de/uka/ilkd/key/proof/rules/seq.key took 0 ms to parse. 
1074       WARN  main            d.u.i.k.n.ParsingFacade   Parsing time 87 ms. 
1128       WARN  main            d.u.i.k.n.ParsingFacade   file:/home/runner/work/key/key/key.core/build/resources/main/de/uka/ilkd/key/proof/rules/map.key took 47 ms to parse. 
1131       WARN  main            d.u.i.k.n.ParsingFacade   Parsing time 134 ms. 
1134       WARN  main            d.u.i.k.n.ParsingFacade   file:/home/runner/work/key/key/key.core/build/resources/main/de/uka/ilkd/key/proof/rules/freeADT.key took 0 ms to parse. 
1135       WARN  main            d.u.i.k.n.ParsingFacade   Parsing time 134 ms. 
1137       WARN  main            d.u.i.k.n.ParsingFacade   file:/home/runner/work/key/key/key.core/build/resources/main/de/uka/ilkd/key/proof/rules/wellfound.key took 0 ms to parse. 
1137       WARN  main            d.u.i.k.n.ParsingFacade   Parsing time 134 ms. 
1142       WARN  main            d.u.i.k.n.ParsingFacade   file:/home/runner/work/key/key/key.core/build/resources/main/de/uka/ilkd/key/proof/rules/charListHeader.key took 1 ms to parse. 
1149       WARN  main            d.u.i.k.n.ParsingFacade   Parsing time 135 ms. 
1343       WARN  main            d.u.i.k.n.ParsingFacade   file:/home/runner/work/key/key/key.core/build/resources/main/de/uka/ilkd/key/proof/rules/propRule.key took 8 ms to parse. 
1347       WARN  main            d.u.i.k.n.ParsingFacade   Parsing time 143 ms. 
1373       WARN  main            d.u.i.k.n.ParsingFacade   file:/home/runner/work/key/key/key.core/build/resources/main/de/uka/ilkd/key/proof/rules/firstOrderRules.key took 4 ms to parse. 
1374       WARN  main            d.u.i.k.n.ParsingFacade   Parsing time 147 ms. 
1410       WARN  main            d.u.i.k.n.ParsingFacade   file:/home/runner/work/key/key/key.core/build/resources/main/de/uka/ilkd/key/proof/rules/ifThenElseRules.key took 19 ms to parse. 
1410       WARN  main            d.u.i.k.n.ParsingFacade   Parsing time 166 ms. 
1456       WARN  main            d.u.i.k.n.ParsingFacade   file:/home/runner/work/key/key/key.core/build/resources/main/de/uka/ilkd/key/proof/rules/formulaNormalisationRules.key took 15 ms to parse. 
1456       WARN  main            d.u.i.k.n.ParsingFacade   Parsing time 181 ms. 
1547       WARN  main            d.u.i.k.n.ParsingFacade   file:/home/runner/work/key/key/key.core/build/resources/main/de/uka/ilkd/key/proof/rules/updateRules.key took 5 ms to parse. 
1551       WARN  main            d.u.i.k.n.ParsingFacade   Parsing time 186 ms. 
1570       WARN  main            d.u.i.k.n.ParsingFacade   file:/home/runner/work/key/key/key.core/build/resources/main/de/uka/ilkd/key/proof/rules/integerRulesCommon.key took 2 ms to parse. 
1573       WARN  main            d.u.i.k.n.ParsingFacade   Parsing time 188 ms. 
1698       WARN  main            d.u.i.k.n.ParsingFacade   file:/home/runner/work/key/key/key.core/build/resources/main/de/uka/ilkd/key/proof/rules/intRules.key took 7 ms to parse. 
1699       WARN  main            d.u.i.k.n.ParsingFacade   Parsing time 195 ms. 
1734       WARN  main            d.u.i.k.n.ParsingFacade   file:/home/runner/work/key/key/key.core/build/resources/main/de/uka/ilkd/key/proof/rules/intRulesUncheckedSemantics.key took 6 ms to parse. 
1735       WARN  main            d.u.i.k.n.ParsingFacade   Parsing time 201 ms. 
1743       WARN  main            d.u.i.k.n.ParsingFacade   file:/home/runner/work/key/key/key.core/build/resources/main/de/uka/ilkd/key/proof/rules/intRulesCheckedSemantics.key took 2 ms to parse. 
1744       WARN  main            d.u.i.k.n.ParsingFacade   Parsing time 203 ms. 
1752       WARN  main            d.u.i.k.n.ParsingFacade   file:/home/runner/work/key/key/key.core/build/resources/main/de/uka/ilkd/key/proof/rules/intRulesJavaSemantics.key took 4 ms to parse. 
1752       WARN  main            d.u.i.k.n.ParsingFacade   Parsing time 207 ms. 
1809       WARN  main            d.u.i.k.n.ParsingFacade   file:/home/runner/work/key/key/key.core/build/resources/main/de/uka/ilkd/key/proof/rules/integerSimplificationRules.key took 45 ms to parse. 
1809       WARN  main            d.u.i.k.n.ParsingFacade   Parsing time 252 ms. 
1904       WARN  main            d.u.i.k.n.ParsingFacade   file:/home/runner/work/key/key/key.core/build/resources/main/de/uka/ilkd/key/proof/rules/intDiv.key took 8 ms to parse. 
1905       WARN  main            d.u.i.k.n.ParsingFacade   Parsing time 260 ms. 
1940       WARN  main            d.u.i.k.n.ParsingFacade   file:/home/runner/work/key/key/key.core/build/resources/main/de/uka/ilkd/key/proof/rules/bsum.key took 17 ms to parse. 
1941       WARN  main            d.u.i.k.n.ParsingFacade   Parsing time 277 ms. 
2032       WARN  main            d.u.i.k.n.ParsingFacade   file:/home/runner/work/key/key/key.core/build/resources/main/de/uka/ilkd/key/proof/rules/bprod.key took 6 ms to parse. 
2032       WARN  main            d.u.i.k.n.ParsingFacade   Parsing time 283 ms. 
2044       WARN  main            d.u.i.k.n.ParsingFacade   file:/home/runner/work/key/key/key.core/build/resources/main/de/uka/ilkd/key/proof/rules/binaryAxioms.key took 1 ms to parse. 
2044       WARN  main            d.u.i.k.n.ParsingFacade   Parsing time 284 ms. 
2049       WARN  main            d.u.i.k.n.ParsingFacade   file:/home/runner/work/key/key/key.core/build/resources/main/de/uka/ilkd/key/proof/rules/binaryLemmas.key took 2 ms to parse. 
2049       WARN  main            d.u.i.k.n.ParsingFacade   Parsing time 286 ms. 
2057       WARN  main            d.u.i.k.n.ParsingFacade   file:/home/runner/work/key/key/key.core/build/resources/main/de/uka/ilkd/key/proof/rules/intPow.key took 4 ms to parse. 
2057       WARN  main            d.u.i.k.n.ParsingFacade   Parsing time 290 ms. 
2071       WARN  main            d.u.i.k.n.ParsingFacade   file:/home/runner/work/key/key/key.core/build/resources/main/de/uka/ilkd/key/proof/rules/floatRulesCommon.key took 6 ms to parse. 
2071       WARN  main            d.u.i.k.n.ParsingFacade   Parsing time 296 ms. 
2085       WARN  main            d.u.i.k.n.ParsingFacade   file:/home/runner/work/key/key/key.core/build/resources/main/de/uka/ilkd/key/proof/rules/floatRules.key took 0 ms to parse. 
2085       WARN  main            d.u.i.k.n.ParsingFacade   Parsing time 296 ms. 
2086       WARN  main            d.u.i.k.n.ParsingFacade   file:/home/runner/work/key/key/key.core/build/resources/main/de/uka/ilkd/key/proof/rules/floatRulesVerifyNormal.key took 0 ms to parse. 
2086       WARN  main            d.u.i.k.n.ParsingFacade   Parsing time 296 ms. 
2090       WARN  main            d.u.i.k.n.ParsingFacade   file:/home/runner/work/key/key/key.core/build/resources/main/de/uka/ilkd/key/proof/rules/floatRulesAssumeStrictfp.key took 4 ms to parse. 
2090       WARN  main            d.u.i.k.n.ParsingFacade   Parsing time 300 ms. 
2109       WARN  main            d.u.i.k.n.ParsingFacade   file:/home/runner/work/key/key/key.core/build/resources/main/de/uka/ilkd/key/proof/rules/genericRules.key took 3 ms to parse. 
2109       WARN  main            d.u.i.k.n.ParsingFacade   Parsing time 303 ms. 
2120       WARN  main            d.u.i.k.n.ParsingFacade   file:/home/runner/work/key/key/key.core/build/resources/main/de/uka/ilkd/key/proof/rules/booleanRules.key took 1 ms to parse. 
2120       WARN  main            d.u.i.k.n.ParsingFacade   Parsing time 304 ms. 
2123       WARN  main            d.u.i.k.n.ParsingFacade   file:/home/runner/work/key/key/key.core/build/resources/main/de/uka/ilkd/key/proof/rules/epsilon.key took 0 ms to parse. 
2124       WARN  main            d.u.i.k.n.ParsingFacade   Parsing time 304 ms. 
2143       WARN  main            d.u.i.k.n.ParsingFacade   file:/home/runner/work/key/key/key.core/build/resources/main/de/uka/ilkd/key/proof/rules/locSetsRules.key took 17 ms to parse. 
2143       WARN  main            d.u.i.k.n.ParsingFacade   Parsing time 321 ms. 
2227       WARN  main            d.u.i.k.n.ParsingFacade   file:/home/runner/work/key/key/key.core/build/resources/main/de/uka/ilkd/key/proof/rules/heapRules.key took 15 ms to parse. 
2227       WARN  main            d.u.i.k.n.ParsingFacade   Parsing time 336 ms. 
2259       WARN  main            d.u.i.k.n.ParsingFacade   file:/home/runner/work/key/key/key.core/build/resources/main/de/uka/ilkd/key/proof/rules/permissionRules.key took 6 ms to parse. 
2259       WARN  main            d.u.i.k.n.ParsingFacade   Parsing time 342 ms. 
2278       WARN  main            d.u.i.k.n.ParsingFacade   file:/home/runner/work/key/key/key.core/build/resources/main/de/uka/ilkd/key/proof/rules/reachRules.key took 7 ms to parse. 
2278       WARN  main            d.u.i.k.n.ParsingFacade   Parsing time 349 ms. 
2291       WARN  main            d.u.i.k.n.ParsingFacade   file:/home/runner/work/key/key/key.core/build/resources/main/de/uka/ilkd/key/proof/rules/seqCoreRules.key took 1 ms to parse. 
2291       WARN  main            d.u.i.k.n.ParsingFacade   Parsing time 350 ms. 
2330       WARN  main            d.u.i.k.n.ParsingFacade   file:/home/runner/work/key/key/key.core/build/resources/main/de/uka/ilkd/key/proof/rules/seqRules.key took 37 ms to parse. 
2330       WARN  main            d.u.i.k.n.ParsingFacade   Parsing time 387 ms. 
2368       WARN  main            d.u.i.k.n.ParsingFacade   file:/home/runner/work/key/key/key.core/build/resources/main/de/uka/ilkd/key/proof/rules/seqPerm.key took 9 ms to parse. 
2368       WARN  main            d.u.i.k.n.ParsingFacade   Parsing time 396 ms. 
2389       WARN  main            d.u.i.k.n.ParsingFacade   file:/home/runner/work/key/key/key.core/build/resources/main/de/uka/ilkd/key/proof/rules/seqPerm2.key took 1 ms to parse. 
2390       WARN  main            d.u.i.k.n.ParsingFacade   Parsing time 397 ms. 
2518       WARN  main            d.u.i.k.n.ParsingFacade   file:/home/runner/work/key/key/key.core/build/resources/main/de/uka/ilkd/key/proof/rules/javaRules.key took 120 ms to parse. 
2521       WARN  main            d.u.i.k.n.ParsingFacade   Parsing time 517 ms. 
2535       WARN  main            d.u.i.k.n.ParsingFacade   file:/home/runner/work/key/key/key.core/build/resources/main/de/uka/ilkd/key/proof/rules/assertions.key took 1 ms to parse. 
2536       WARN  main            d.u.i.k.n.ParsingFacade   Parsing time 518 ms. 
3061       WARN  main            d.u.i.k.n.ParsingFacade   file:/home/runner/work/key/key/key.core/build/resources/main/de/uka/ilkd/key/proof/rules/loopRules.key took 2 ms to parse. 
3062       WARN  main            d.u.i.k.n.ParsingFacade   Parsing time 520 ms. 
3072       WARN  main            d.u.i.k.n.ParsingFacade   file:/home/runner/work/key/key/key.core/build/resources/main/de/uka/ilkd/key/proof/rules/activeUse.key took 3 ms to parse. 
3072       WARN  main            d.u.i.k.n.ParsingFacade   Parsing time 523 ms. 
3112       WARN  main            d.u.i.k.n.ParsingFacade   file:/home/runner/work/key/key/key.core/build/resources/main/de/uka/ilkd/key/proof/rules/instanceAllocation.key took 4 ms to parse. 
3113       WARN  main            d.u.i.k.n.ParsingFacade   Parsing time 527 ms. 
3125       WARN  main            d.u.i.k.n.ParsingFacade   file:/home/runner/work/key/key/key.core/build/resources/main/de/uka/ilkd/key/proof/rules/java5.key took 0 ms to parse. 
3126       WARN  main            d.u.i.k.n.ParsingFacade   Parsing time 527 ms. 
3132       WARN  main            d.u.i.k.n.ParsingFacade   file:/home/runner/work/key/key/key.core/build/resources/main/de/uka/ilkd/key/proof/rules/integerAssignment2UpdateRules.key took 4 ms to parse. 
3132       WARN  main            d.u.i.k.n.ParsingFacade   Parsing time 531 ms. 
3165       WARN  main            d.u.i.k.n.ParsingFacade   file:/home/runner/work/key/key/key.core/build/resources/main/de/uka/ilkd/key/proof/rules/floatAssignment2UpdateRules.key took 5 ms to parse. 
3165       WARN  main            d.u.i.k.n.ParsingFacade   Parsing time 536 ms. 
3187       WARN  main            d.u.i.k.n.ParsingFacade   file:/home/runner/work/key/key/key.core/build/resources/main/de/uka/ilkd/key/proof/rules/bigint.key took 2 ms to parse. 
3188       WARN  main            d.u.i.k.n.ParsingFacade   Parsing time 538 ms. 
3202       WARN  main            d.u.i.k.n.ParsingFacade   file:/home/runner/work/key/key/key.core/build/resources/main/de/uka/ilkd/key/proof/rules/adtProgramDecompositionRules.key took 2 ms to parse. 
3203       WARN  main            d.u.i.k.n.ParsingFacade   Parsing time 540 ms. 
3220       WARN  main            d.u.i.k.n.ParsingFacade   file:/home/runner/work/key/key/key.core/build/resources/main/de/uka/ilkd/key/proof/rules/precRules.key took 1 ms to parse. 
3221       WARN  main            d.u.i.k.n.ParsingFacade   Parsing time 541 ms. 
3247       WARN  main            d.u.i.k.n.ParsingFacade   file:/home/runner/work/key/key/key.core/build/resources/main/de/uka/ilkd/key/proof/rules/charListRules.key took 23 ms to parse. 
3247       WARN  main            d.u.i.k.n.ParsingFacade   Parsing time 564 ms. 
3259       WARN  main            d.u.i.k.n.ParsingFacade   file:/home/runner/work/key/key/key.core/build/resources/main/de/uka/ilkd/key/proof/rules/regExTheory.key took 0 ms to parse. 
3259       WARN  main            d.u.i.k.n.ParsingFacade   Parsing time 564 ms. 
3260       WARN  main            d.u.i.k.n.ParsingFacade   file:/home/runner/work/key/key/key.core/build/resources/main/de/uka/ilkd/key/proof/rules/regExHeader.key took 0 ms to parse. 
3263       WARN  main            d.u.i.k.n.ParsingFacade   Parsing time 564 ms. 
3265       WARN  main            d.u.i.k.n.ParsingFacade   file:/home/runner/work/key/key/key.core/build/resources/main/de/uka/ilkd/key/proof/rules/regExAxioms.key took 0 ms to parse. 
3274       WARN  main            d.u.i.k.n.ParsingFacade   Parsing time 564 ms. 
3278       WARN  main            d.u.i.k.n.ParsingFacade   file:/home/runner/work/key/key/key.core/build/resources/main/de/uka/ilkd/key/proof/rules/regExLemmaProven.key took 1 ms to parse. 
3278       WARN  main            d.u.i.k.n.ParsingFacade   Parsing time 565 ms. 
3284       WARN  main            d.u.i.k.n.ParsingFacade   file:/home/runner/work/key/key/key.core/build/resources/main/de/uka/ilkd/key/proof/rules/seqEq.key took 1 ms to parse. 
3284       WARN  main            d.u.i.k.n.ParsingFacade   Parsing time 566 ms. 
3291       WARN  main            d.u.i.k.n.ParsingFacade   file:/home/runner/work/key/key/key.core/build/resources/main/de/uka/ilkd/key/proof/rules/infFlow.key took 1 ms to parse. 
3291       WARN  main            d.u.i.k.n.ParsingFacade   Parsing time 567 ms. 
3296       WARN  main            d.u.i.k.n.ParsingFacade   file:/home/runner/work/key/key/key.core/build/resources/main/de/uka/ilkd/key/proof/rules/mapSize.key took 0 ms to parse. 
3296       WARN  main            d.u.i.k.n.ParsingFacade   Parsing time 567 ms. 
3299       WARN  main            d.u.i.k.n.ParsingFacade   file:/home/runner/work/key/key/key.core/build/resources/main/de/uka/ilkd/key/proof/rules/wd.key took 0 ms to parse. 
3300       WARN  main            d.u.i.k.n.ParsingFacade   Parsing time 567 ms. 
3302       WARN  main            d.u.i.k.n.ParsingFacade   file:/home/runner/work/key/key/key.core/build/resources/main/de/uka/ilkd/key/proof/rules/wdHeader.key took 1 ms to parse. 
3302       WARN  main            d.u.i.k.n.ParsingFacade   Parsing time 568 ms. 
3303       WARN  main            d.u.i.k.n.ParsingFacade   file:/home/runner/work/key/key/key.core/build/resources/main/de/uka/ilkd/key/proof/rules/wdGeneralRules.key took 0 ms to parse. 
3304       WARN  main            d.u.i.k.n.ParsingFacade   Parsing time 568 ms. 
3312       WARN  main            d.u.i.k.n.ParsingFacade   file:/home/runner/work/key/key/key.core/build/resources/main/de/uka/ilkd/key/proof/rules/wdNumericalRules.key took 5 ms to parse. 
3312       WARN  main            d.u.i.k.n.ParsingFacade   Parsing time 573 ms. 
3331       WARN  main            d.u.i.k.n.ParsingFacade   file:/home/runner/work/key/key/key.core/build/resources/main/de/uka/ilkd/key/proof/rules/wdLocSetRules.key took 1 ms to parse. 
3331       WARN  main            d.u.i.k.n.ParsingFacade   Parsing time 574 ms. 
3337       WARN  main            d.u.i.k.n.ParsingFacade   file:/home/runner/work/key/key/key.core/build/resources/main/de/uka/ilkd/key/proof/rules/wdHeapRules.key took 1 ms to parse. 
3337       WARN  main            d.u.i.k.n.ParsingFacade   Parsing time 575 ms. 
3340       WARN  main            d.u.i.k.n.ParsingFacade   file:/home/runner/work/key/key/key.core/build/resources/main/de/uka/ilkd/key/proof/rules/wdReachRules.key took 0 ms to parse. 
3341       WARN  main            d.u.i.k.n.ParsingFacade   Parsing time 575 ms. 
3343       WARN  main            d.u.i.k.n.ParsingFacade   file:/home/runner/work/key/key/key.core/build/resources/main/de/uka/ilkd/key/proof/rules/wdSeqRules.key took 1 ms to parse. 
3343       WARN  main            d.u.i.k.n.ParsingFacade   Parsing time 576 ms. 
3346       WARN  main            d.u.i.k.n.ParsingFacade   file:/home/runner/work/key/key/key.core/build/resources/main/de/uka/ilkd/key/proof/rules/wdStringRules.key took 0 ms to parse. 
3347       WARN  main            d.u.i.k.n.ParsingFacade   Parsing time 576 ms. 
3350       WARN  main            d.u.i.k.n.ParsingFacade   file:/home/runner/work/key/key/key.core/build/resources/main/de/uka/ilkd/key/proof/rules/wdRegExRules.key took 1 ms to parse. 
3350       WARN  main            d.u.i.k.n.ParsingFacade   Parsing time 577 ms. 
3355       WARN  main            d.u.i.k.n.ParsingFacade   file:/home/runner/work/key/key/key.core/build/resources/main/de/uka/ilkd/key/proof/rules/wdFormulaRules.key took 3 ms to parse. 
3357       WARN  main            d.u.i.k.n.ParsingFacade   Parsing time 580 ms. 
3367       WARN  main            d.u.i.k.n.ParsingFacade   file:/home/runner/work/key/key/key.core/build/resources/main/de/uka/ilkd/key/proof/rules/loopInvariantRules.key took 0 ms to parse. 
3368       WARN  main            d.u.i.k.n.ParsingFacade   Parsing time 580 ms. 
3376       WARN  main            d.u.i.k.n.ParsingFacade   file:/home/runner/work/key/key/key.core/build/resources/main/de/uka/ilkd/key/proof/rules/forLoopRules.key took 0 ms to parse. 
3377       WARN  main            d.u.i.k.n.ParsingFacade   Parsing time 580 ms. 
3384       WARN  main            d.u.i.k.n.ParsingFacade   file:/home/runner/work/key/key/key.core/build/resources/main/de/uka/ilkd/key/proof/rules/execRules.key took 2 ms to parse. 
3385       WARN  main            d.u.i.k.n.ParsingFacade   Parsing time 582 ms. 
3456       WARN  main            d.u.i.k.n.ParsingFacade   file:/home/runner/work/key/key/key.core/build/resources/main/de/uka/ilkd/key/proof/rules/loopScopeRules.key took 2 ms to parse. 
3457       WARN  main            d.u.i.k.n.ParsingFacade   Parsing time 584 ms. 
7259       WARN  main            d.u.i.k.n.ParsingFacade   file:/home/runner/work/key/key/key.core/build/resources/main/de/uka/ilkd/key/java/JavaRedux/java/lang/String.key took 4 ms to parse. 
7259       WARN  main            d.u.i.k.n.ParsingFacade   Parsing time 588 ms. 
10125      WARN  main            d.u.i.k.n.ParsingFacade   /home/runner/work/key/key/key.core/../key.ui/examples/InformationFlow/ConditionalConfidential/CCExample(CCExample__hasAccessRight(CCExample.User)).JML normal_behavior operation contract.0.key took 0 ms to parse. 
10125      WARN  main            d.u.i.k.n.ParsingFacade   Parsing time 588 ms. 
12865      INFO  main            d.u.i.k.p.r.p.TestFile    ... finished proof: closed. 
13098      INFO  main            d.u.i.k.p.r.p.TestFile    Now processing file /home/runner/work/key/key/key.core/../key.ui/examples/InformationFlow/ConditionalConfidential/CCExample(CCExample__getConfidentialData(CCExample.User)).JML normal_behavior operation contract.0.key 
13098      WARN  main            d.u.i.k.n.ParsingFacade   /home/runner/work/key/key/key.core/../key.ui/examples/InformationFlow/ConditionalConfidential/CCExample(CCExample__getConfidentialData(CCExample.User)).JML normal_behavior operation contract.0.key took 0 ms to parse. 
13099      WARN  main            d.u.i.k.n.ParsingFacade   Parsing time 588 ms. 
14260      WARN  main            d.u.i.k.n.ParsingFacade   file:/home/runner/work/key/key/key.core/build/resources/main/de/uka/ilkd/key/java/JavaRedux/java/lang/String.key took 2 ms to parse. 
14260      WARN  main            d.u.i.k.n.ParsingFacade   Parsing time 590 ms. 
16413      WARN  main            d.u.i.k.n.ParsingFacade   /home/runner/work/key/key/key.core/../key.ui/examples/InformationFlow/ConditionalConfidential/CCExample(CCExample__getConfidentialData(CCExample.User)).JML normal_behavior operation contract.0.key took 0 ms to parse. 
16413      WARN  main            d.u.i.k.n.ParsingFacade   Parsing time 590 ms. 
16917      INFO  main            d.u.i.k.p.r.p.TestFile    ... finished proof: closed. 
48212      INFO  Test worker     d.u.i.k.p.r.RunAllProofsTestUnit Returning from test ConditionalConfidential 
48214      INFO  Test worker     d.u.i.k.p.r.RunAllProofsTestUnit Running test SumExample 
422        INFO  Timeout watchdog d.u.i.k.p.r.p.ForkedTestFileRunner Timeout watcher launched (1000 secs.) 
433        WARN  main            d.u.i.k.s.ProofSettings   The settings in /home/runner/.key/proof-settings.props are *not* read. 
458        INFO  main            d.u.i.k.p.r.p.TestFile    Now processing file /home/runner/work/key/key/key.core/../key.ui/examples/InformationFlow/Sum/SumExample(SumExample__getSum()).JML normal_behavior operation contract.0.key 
683        WARN  main            d.u.i.k.n.ParsingFacade   /home/runner/work/key/key/key.core/../key.ui/examples/InformationFlow/Sum/SumExample(SumExample__getSum()).JML normal_behavior operation contract.0.key took 12 ms to parse. 
683        WARN  main            d.u.i.k.n.ParsingFacade   Parsing time 12 ms. 
854        WARN  main            d.u.i.k.n.ParsingFacade   file:/home/runner/work/key/key/key.core/build/resources/main/de/uka/ilkd/key/proof/rules/standardRules.key took 34 ms to parse. 
855        WARN  main            d.u.i.k.n.ParsingFacade   Parsing time 46 ms. 
882        WARN  main            d.u.i.k.n.ParsingFacade   file:/home/runner/work/key/key/key.core/build/resources/main/de/uka/ilkd/key/proof/rules/ldt.key took 5 ms to parse. 
882        WARN  main            d.u.i.k.n.ParsingFacade   Parsing time 51 ms. 
892        WARN  main            d.u.i.k.n.ParsingFacade   file:/home/runner/work/key/key/key.core/build/resources/main/de/uka/ilkd/key/proof/rules/boolean.key took 3 ms to parse. 
892        WARN  main            d.u.i.k.n.ParsingFacade   Parsing time 54 ms. 
926        WARN  main            d.u.i.k.n.ParsingFacade   file:/home/runner/work/key/key/key.core/build/resources/main/de/uka/ilkd/key/proof/rules/ruleSetsDeclarations.key took 11 ms to parse. 
926        WARN  main            d.u.i.k.n.ParsingFacade   Parsing time 65 ms. 
962        WARN  main            d.u.i.k.n.ParsingFacade   file:/home/runner/work/key/key/key.core/build/resources/main/de/uka/ilkd/key/proof/rules/integerHeader.key took 6 ms to parse. 
962        WARN  main            d.u.i.k.n.ParsingFacade   Parsing time 71 ms. 
969        WARN  main            d.u.i.k.n.ParsingFacade   file:/home/runner/work/key/key/key.core/build/resources/main/de/uka/ilkd/key/proof/rules/floatHeader.key took 5 ms to parse. 
970        WARN  main            d.u.i.k.n.ParsingFacade   Parsing time 76 ms. 
972        WARN  main            d.u.i.k.n.ParsingFacade   file:/home/runner/work/key/key/key.core/build/resources/main/de/uka/ilkd/key/proof/rules/heap.key took 2 ms to parse. 
972        WARN  main            d.u.i.k.n.ParsingFacade   Parsing time 78 ms. 
978        WARN  main            d.u.i.k.n.ParsingFacade   file:/home/runner/work/key/key/key.core/build/resources/main/de/uka/ilkd/key/proof/rules/locSets.key took 0 ms to parse. 
978        WARN  main            d.u.i.k.n.ParsingFacade   Parsing time 78 ms. 
979        WARN  main            d.u.i.k.n.ParsingFacade   file:/home/runner/work/key/key/key.core/build/resources/main/de/uka/ilkd/key/proof/rules/permission.key took 0 ms to parse. 
979        WARN  main            d.u.i.k.n.ParsingFacade   Parsing time 78 ms. 
980        WARN  main            d.u.i.k.n.ParsingFacade   file:/home/runner/work/key/key/key.core/build/resources/main/de/uka/ilkd/key/proof/rules/reach.key took 0 ms to parse. 
980        WARN  main            d.u.i.k.n.ParsingFacade   Parsing time 78 ms. 
980        WARN  main            d.u.i.k.n.ParsingFacade   file:/home/runner/work/key/key/key.core/build/resources/main/de/uka/ilkd/key/proof/rules/seq.key took 0 ms to parse. 
980        WARN  main            d.u.i.k.n.ParsingFacade   Parsing time 78 ms. 
1017       WARN  main            d.u.i.k.n.ParsingFacade   file:/home/runner/work/key/key/key.core/build/resources/main/de/uka/ilkd/key/proof/rules/map.key took 36 ms to parse. 
1017       WARN  main            d.u.i.k.n.ParsingFacade   Parsing time 114 ms. 
1023       WARN  main            d.u.i.k.n.ParsingFacade   file:/home/runner/work/key/key/key.core/build/resources/main/de/uka/ilkd/key/proof/rules/freeADT.key took 0 ms to parse. 
1023       WARN  main            d.u.i.k.n.ParsingFacade   Parsing time 114 ms. 
1023       WARN  main            d.u.i.k.n.ParsingFacade   file:/home/runner/work/key/key/key.core/build/resources/main/de/uka/ilkd/key/proof/rules/wellfound.key took 0 ms to parse. 
1023       WARN  main            d.u.i.k.n.ParsingFacade   Parsing time 114 ms. 
1024       WARN  main            d.u.i.k.n.ParsingFacade   file:/home/runner/work/key/key/key.core/build/resources/main/de/uka/ilkd/key/proof/rules/charListHeader.key took 0 ms to parse. 
1024       WARN  main            d.u.i.k.n.ParsingFacade   Parsing time 114 ms. 
1169       WARN  main            d.u.i.k.n.ParsingFacade   file:/home/runner/work/key/key/key.core/build/resources/main/de/uka/ilkd/key/proof/rules/propRule.key took 5 ms to parse. 
1170       WARN  main            d.u.i.k.n.ParsingFacade   Parsing time 119 ms. 
1197       WARN  main            d.u.i.k.n.ParsingFacade   file:/home/runner/work/key/key/key.core/build/resources/main/de/uka/ilkd/key/proof/rules/firstOrderRules.key took 3 ms to parse. 
1197       WARN  main            d.u.i.k.n.ParsingFacade   Parsing time 122 ms. 
1235       WARN  main            d.u.i.k.n.ParsingFacade   file:/home/runner/work/key/key/key.core/build/resources/main/de/uka/ilkd/key/proof/rules/ifThenElseRules.key took 22 ms to parse. 
1235       WARN  main            d.u.i.k.n.ParsingFacade   Parsing time 144 ms. 
1306       WARN  main            d.u.i.k.n.ParsingFacade   file:/home/runner/work/key/key/key.core/build/resources/main/de/uka/ilkd/key/proof/rules/formulaNormalisationRules.key took 34 ms to parse. 
1306       WARN  main            d.u.i.k.n.ParsingFacade   Parsing time 178 ms. 
1416       WARN  main            d.u.i.k.n.ParsingFacade   file:/home/runner/work/key/key/key.core/build/resources/main/de/uka/ilkd/key/proof/rules/updateRules.key took 9 ms to parse. 
1416       WARN  main            d.u.i.k.n.ParsingFacade   Parsing time 187 ms. 
1449       WARN  main            d.u.i.k.n.ParsingFacade   file:/home/runner/work/key/key/key.core/build/resources/main/de/uka/ilkd/key/proof/rules/integerRulesCommon.key took 2 ms to parse. 
1449       WARN  main            d.u.i.k.n.ParsingFacade   Parsing time 189 ms. 
1586       WARN  main            d.u.i.k.n.ParsingFacade   file:/home/runner/work/key/key/key.core/build/resources/main/de/uka/ilkd/key/proof/rules/intRules.key took 10 ms to parse. 
1586       WARN  main            d.u.i.k.n.ParsingFacade   Parsing time 199 ms. 
1614       WARN  main            d.u.i.k.n.ParsingFacade   file:/home/runner/work/key/key/key.core/build/resources/main/de/uka/ilkd/key/proof/rules/intRulesUncheckedSemantics.key took 3 ms to parse. 
1614       WARN  main            d.u.i.k.n.ParsingFacade   Parsing time 202 ms. 
1630       WARN  main            d.u.i.k.n.ParsingFacade   file:/home/runner/work/key/key/key.core/build/resources/main/de/uka/ilkd/key/proof/rules/intRulesCheckedSemantics.key took 1 ms to parse. 
1630       WARN  main            d.u.i.k.n.ParsingFacade   Parsing time 203 ms. 
1637       WARN  main            d.u.i.k.n.ParsingFacade   file:/home/runner/work/key/key/key.core/build/resources/main/de/uka/ilkd/key/proof/rules/intRulesJavaSemantics.key took 2 ms to parse. 
1637       WARN  main            d.u.i.k.n.ParsingFacade   Parsing time 205 ms. 
1729       WARN  main            d.u.i.k.n.ParsingFacade   file:/home/runner/work/key/key/key.core/build/resources/main/de/uka/ilkd/key/proof/rules/integerSimplificationRules.key took 59 ms to parse. 
1729       WARN  main            d.u.i.k.n.ParsingFacade   Parsing time 264 ms. 
1900       WARN  main            d.u.i.k.n.ParsingFacade   file:/home/runner/work/key/key/key.core/build/resources/main/de/uka/ilkd/key/proof/rules/intDiv.key took 12 ms to parse. 
1900       WARN  main            d.u.i.k.n.ParsingFacade   Parsing time 276 ms. 
1956       WARN  main            d.u.i.k.n.ParsingFacade   file:/home/runner/work/key/key/key.core/build/resources/main/de/uka/ilkd/key/proof/rules/bsum.key took 26 ms to parse. 
1956       WARN  main            d.u.i.k.n.ParsingFacade   Parsing time 302 ms. 
1990       WARN  main            d.u.i.k.n.ParsingFacade   file:/home/runner/work/key/key/key.core/build/resources/main/de/uka/ilkd/key/proof/rules/bprod.key took 4 ms to parse. 
1990       WARN  main            d.u.i.k.n.ParsingFacade   Parsing time 306 ms. 
2001       WARN  main            d.u.i.k.n.ParsingFacade   file:/home/runner/work/key/key/key.core/build/resources/main/de/uka/ilkd/key/proof/rules/binaryAxioms.key took 1 ms to parse. 
2001       WARN  main            d.u.i.k.n.ParsingFacade   Parsing time 307 ms. 
2005       WARN  main            d.u.i.k.n.ParsingFacade   file:/home/runner/work/key/key/key.core/build/resources/main/de/uka/ilkd/key/proof/rules/binaryLemmas.key took 1 ms to parse. 
2005       WARN  main            d.u.i.k.n.ParsingFacade   Parsing time 308 ms. 
2020       WARN  main            d.u.i.k.n.ParsingFacade   file:/home/runner/work/key/key/key.core/build/resources/main/de/uka/ilkd/key/proof/rules/intPow.key took 2 ms to parse. 
2027       WARN  main            d.u.i.k.n.ParsingFacade   Parsing time 310 ms. 
2090       WARN  main            d.u.i.k.n.ParsingFacade   file:/home/runner/work/key/key/key.core/build/resources/main/de/uka/ilkd/key/proof/rules/floatRulesCommon.key took 53 ms to parse. 
2090       WARN  main            d.u.i.k.n.ParsingFacade   Parsing time 363 ms. 
2104       WARN  main            d.u.i.k.n.ParsingFacade   file:/home/runner/work/key/key/key.core/build/resources/main/de/uka/ilkd/key/proof/rules/floatRules.key took 0 ms to parse. 
2104       WARN  main            d.u.i.k.n.ParsingFacade   Parsing time 363 ms. 
2105       WARN  main            d.u.i.k.n.ParsingFacade   file:/home/runner/work/key/key/key.core/build/resources/main/de/uka/ilkd/key/proof/rules/floatRulesVerifyNormal.key took 0 ms to parse. 
2105       WARN  main            d.u.i.k.n.ParsingFacade   Parsing time 363 ms. 
2108       WARN  main            d.u.i.k.n.ParsingFacade   file:/home/runner/work/key/key/key.core/build/resources/main/de/uka/ilkd/key/proof/rules/floatRulesAssumeStrictfp.key took 3 ms to parse. 
2108       WARN  main            d.u.i.k.n.ParsingFacade   Parsing time 366 ms. 
2125       WARN  main            d.u.i.k.n.ParsingFacade   file:/home/runner/work/key/key/key.core/build/resources/main/de/uka/ilkd/key/proof/rules/genericRules.key took 1 ms to parse. 
2125       WARN  main            d.u.i.k.n.ParsingFacade   Parsing time 367 ms. 
2133       WARN  main            d.u.i.k.n.ParsingFacade   file:/home/runner/work/key/key/key.core/build/resources/main/de/uka/ilkd/key/proof/rules/booleanRules.key took 0 ms to parse. 
2133       WARN  main            d.u.i.k.n.ParsingFacade   Parsing time 367 ms. 
2136       WARN  main            d.u.i.k.n.ParsingFacade   file:/home/runner/work/key/key/key.core/build/resources/main/de/uka/ilkd/key/proof/rules/epsilon.key took 1 ms to parse. 
2136       WARN  main            d.u.i.k.n.ParsingFacade   Parsing time 368 ms. 
2145       WARN  main            d.u.i.k.n.ParsingFacade   file:/home/runner/work/key/key/key.core/build/resources/main/de/uka/ilkd/key/proof/rules/locSetsRules.key took 7 ms to parse. 
2145       WARN  main            d.u.i.k.n.ParsingFacade   Parsing time 375 ms. 
2174       WARN  main            d.u.i.k.n.ParsingFacade   file:/home/runner/work/key/key/key.core/build/resources/main/de/uka/ilkd/key/proof/rules/heapRules.key took 7 ms to parse. 
2174       WARN  main            d.u.i.k.n.ParsingFacade   Parsing time 382 ms. 
2200       WARN  main            d.u.i.k.n.ParsingFacade   file:/home/runner/work/key/key/key.core/build/resources/main/de/uka/ilkd/key/proof/rules/permissionRules.key took 2 ms to parse. 
2200       WARN  main            d.u.i.k.n.ParsingFacade   Parsing time 384 ms. 
2215       WARN  main            d.u.i.k.n.ParsingFacade   file:/home/runner/work/key/key/key.core/build/resources/main/de/uka/ilkd/key/proof/rules/reachRules.key took 4 ms to parse. 
2215       WARN  main            d.u.i.k.n.ParsingFacade   Parsing time 388 ms. 
2225       WARN  main            d.u.i.k.n.ParsingFacade   file:/home/runner/work/key/key/key.core/build/resources/main/de/uka/ilkd/key/proof/rules/seqCoreRules.key took 0 ms to parse. 
2225       WARN  main            d.u.i.k.n.ParsingFacade   Parsing time 388 ms. 
2268       WARN  main            d.u.i.k.n.ParsingFacade   file:/home/runner/work/key/key/key.core/build/resources/main/de/uka/ilkd/key/proof/rules/seqRules.key took 42 ms to parse. 
2268       WARN  main            d.u.i.k.n.ParsingFacade   Parsing time 430 ms. 
2288       WARN  main            d.u.i.k.n.ParsingFacade   file:/home/runner/work/key/key/key.core/build/resources/main/de/uka/ilkd/key/proof/rules/seqPerm.key took 4 ms to parse. 
2288       WARN  main            d.u.i.k.n.ParsingFacade   Parsing time 434 ms. 
2301       WARN  main            d.u.i.k.n.ParsingFacade   file:/home/runner/work/key/key/key.core/build/resources/main/de/uka/ilkd/key/proof/rules/seqPerm2.key took 1 ms to parse. 
2301       WARN  main            d.u.i.k.n.ParsingFacade   Parsing time 435 ms. 
2334       WARN  main            d.u.i.k.n.ParsingFacade   file:/home/runner/work/key/key/key.core/build/resources/main/de/uka/ilkd/key/proof/rules/javaRules.key took 31 ms to parse. 
2334       WARN  main            d.u.i.k.n.ParsingFacade   Parsing time 466 ms. 
2367       WARN  main            d.u.i.k.n.ParsingFacade   file:/home/runner/work/key/key/key.core/build/resources/main/de/uka/ilkd/key/proof/rules/assertions.key took 28 ms to parse. 
2368       WARN  main            d.u.i.k.n.ParsingFacade   Parsing time 494 ms. 
2980       WARN  main            d.u.i.k.n.ParsingFacade   file:/home/runner/work/key/key/key.core/build/resources/main/de/uka/ilkd/key/proof/rules/loopRules.key took 2 ms to parse. 
2981       WARN  main            d.u.i.k.n.ParsingFacade   Parsing time 496 ms. 
2997       WARN  main            d.u.i.k.n.ParsingFacade   file:/home/runner/work/key/key/key.core/build/resources/main/de/uka/ilkd/key/proof/rules/activeUse.key took 3 ms to parse. 
2997       WARN  main            d.u.i.k.n.ParsingFacade   Parsing time 499 ms. 
3063       WARN  main            d.u.i.k.n.ParsingFacade   file:/home/runner/work/key/key/key.core/build/resources/main/de/uka/ilkd/key/proof/rules/instanceAllocation.key took 8 ms to parse. 
3063       WARN  main            d.u.i.k.n.ParsingFacade   Parsing time 507 ms. 
3090       WARN  main            d.u.i.k.n.ParsingFacade   file:/home/runner/work/key/key/key.core/build/resources/main/de/uka/ilkd/key/proof/rules/java5.key took 0 ms to parse. 
3093       WARN  main            d.u.i.k.n.ParsingFacade   Parsing time 507 ms. 
3105       WARN  main            d.u.i.k.n.ParsingFacade   file:/home/runner/work/key/key/key.core/build/resources/main/de/uka/ilkd/key/proof/rules/integerAssignment2UpdateRules.key took 4 ms to parse. 
3106       WARN  main            d.u.i.k.n.ParsingFacade   Parsing time 511 ms. 
3163       WARN  main            d.u.i.k.n.ParsingFacade   file:/home/runner/work/key/key/key.core/build/resources/main/de/uka/ilkd/key/proof/rules/floatAssignment2UpdateRules.key took 7 ms to parse. 
3165       WARN  main            d.u.i.k.n.ParsingFacade   Parsing time 518 ms. 
3191       WARN  main            d.u.i.k.n.ParsingFacade   file:/home/runner/work/key/key/key.core/build/resources/main/de/uka/ilkd/key/proof/rules/bigint.key took 7 ms to parse. 
3196       WARN  main            d.u.i.k.n.ParsingFacade   Parsing time 525 ms. 
3220       WARN  main            d.u.i.k.n.ParsingFacade   file:/home/runner/work/key/key/key.core/build/resources/main/de/uka/ilkd/key/proof/rules/adtProgramDecompositionRules.key took 4 ms to parse. 
3220       WARN  main            d.u.i.k.n.ParsingFacade   Parsing time 529 ms. 
3237       WARN  main            d.u.i.k.n.ParsingFacade   file:/home/runner/work/key/key/key.core/build/resources/main/de/uka/ilkd/key/proof/rules/precRules.key took 1 ms to parse. 
3237       WARN  main            d.u.i.k.n.ParsingFacade   Parsing time 530 ms. 
3243       WARN  main            d.u.i.k.n.ParsingFacade   file:/home/runner/work/key/key/key.core/build/resources/main/de/uka/ilkd/key/proof/rules/charListRules.key took 3 ms to parse. 
3244       WARN  main            d.u.i.k.n.ParsingFacade   Parsing time 533 ms. 
3253       WARN  main            d.u.i.k.n.ParsingFacade   file:/home/runner/work/key/key/key.core/build/resources/main/de/uka/ilkd/key/proof/rules/regExTheory.key took 0 ms to parse. 
3253       WARN  main            d.u.i.k.n.ParsingFacade   Parsing time 533 ms. 
3254       WARN  main            d.u.i.k.n.ParsingFacade   file:/home/runner/work/key/key/key.core/build/resources/main/de/uka/ilkd/key/proof/rules/regExHeader.key took 0 ms to parse. 
3255       WARN  main            d.u.i.k.n.ParsingFacade   Parsing time 533 ms. 
3263       WARN  main            d.u.i.k.n.ParsingFacade   file:/home/runner/work/key/key/key.core/build/resources/main/de/uka/ilkd/key/proof/rules/regExAxioms.key took 7 ms to parse. 
3264       WARN  main            d.u.i.k.n.ParsingFacade   Parsing time 540 ms. 
3268       WARN  main            d.u.i.k.n.ParsingFacade   file:/home/runner/work/key/key/key.core/build/resources/main/de/uka/ilkd/key/proof/rules/regExLemmaProven.key took 1 ms to parse. 
3269       WARN  main            d.u.i.k.n.ParsingFacade   Parsing time 541 ms. 
3274       WARN  main            d.u.i.k.n.ParsingFacade   file:/home/runner/work/key/key/key.core/build/resources/main/de/uka/ilkd/key/proof/rules/seqEq.key took 1 ms to parse. 
3274       WARN  main            d.u.i.k.n.ParsingFacade   Parsing time 542 ms. 
3279       WARN  main            d.u.i.k.n.ParsingFacade   file:/home/runner/work/key/key/key.core/build/resources/main/de/uka/ilkd/key/proof/rules/infFlow.key took 1 ms to parse. 
3280       WARN  main            d.u.i.k.n.ParsingFacade   Parsing time 543 ms. 
3285       WARN  main            d.u.i.k.n.ParsingFacade   file:/home/runner/work/key/key/key.core/build/resources/main/de/uka/ilkd/key/proof/rules/mapSize.key took 1 ms to parse. 
3285       WARN  main            d.u.i.k.n.ParsingFacade   Parsing time 544 ms. 
3287       WARN  main            d.u.i.k.n.ParsingFacade   file:/home/runner/work/key/key/key.core/build/resources/main/de/uka/ilkd/key/proof/rules/wd.key took 0 ms to parse. 
3287       WARN  main            d.u.i.k.n.ParsingFacade   Parsing time 544 ms. 
3291       WARN  main            d.u.i.k.n.ParsingFacade   file:/home/runner/work/key/key/key.core/build/resources/main/de/uka/ilkd/key/proof/rules/wdHeader.key took 0 ms to parse. 
3291       WARN  main            d.u.i.k.n.ParsingFacade   Parsing time 544 ms. 
3293       WARN  main            d.u.i.k.n.ParsingFacade   file:/home/runner/work/key/key/key.core/build/resources/main/de/uka/ilkd/key/proof/rules/wdGeneralRules.key took 1 ms to parse. 
3293       WARN  main            d.u.i.k.n.ParsingFacade   Parsing time 545 ms. 
3303       WARN  main            d.u.i.k.n.ParsingFacade   file:/home/runner/work/key/key/key.core/build/resources/main/de/uka/ilkd/key/proof/rules/wdNumericalRules.key took 5 ms to parse. 
3303       WARN  main            d.u.i.k.n.ParsingFacade   Parsing time 550 ms. 
3375       WARN  main            d.u.i.k.n.ParsingFacade   file:/home/runner/work/key/key/key.core/build/resources/main/de/uka/ilkd/key/proof/rules/wdLocSetRules.key took 2 ms to parse. 
3375       WARN  main            d.u.i.k.n.ParsingFacade   Parsing time 552 ms. 
3383       WARN  main            d.u.i.k.n.ParsingFacade   file:/home/runner/work/key/key/key.core/build/resources/main/de/uka/ilkd/key/proof/rules/wdHeapRules.key took 1 ms to parse. 
3383       WARN  main            d.u.i.k.n.ParsingFacade   Parsing time 553 ms. 
3386       WARN  main            d.u.i.k.n.ParsingFacade   file:/home/runner/work/key/key/key.core/build/resources/main/de/uka/ilkd/key/proof/rules/wdReachRules.key took 0 ms to parse. 
3386       WARN  main            d.u.i.k.n.ParsingFacade   Parsing time 553 ms. 
3388       WARN  main            d.u.i.k.n.ParsingFacade   file:/home/runner/work/key/key/key.core/build/resources/main/de/uka/ilkd/key/proof/rules/wdSeqRules.key took 0 ms to parse. 
3389       WARN  main            d.u.i.k.n.ParsingFacade   Parsing time 553 ms. 
3392       WARN  main            d.u.i.k.n.ParsingFacade   file:/home/runner/work/key/key/key.core/build/resources/main/de/uka/ilkd/key/proof/rules/wdStringRules.key took 0 ms to parse. 
3393       WARN  main            d.u.i.k.n.ParsingFacade   Parsing time 553 ms. 
3397       WARN  main            d.u.i.k.n.ParsingFacade   file:/home/runner/work/key/key/key.core/build/resources/main/de/uka/ilkd/key/proof/rules/wdRegExRules.key took 0 ms to parse. 
3398       WARN  main            d.u.i.k.n.ParsingFacade   Parsing time 553 ms. 
3403       WARN  main            d.u.i.k.n.ParsingFacade   file:/home/runner/work/key/key/key.core/build/resources/main/de/uka/ilkd/key/proof/rules/wdFormulaRules.key took 3 ms to parse. 
3404       WARN  main            d.u.i.k.n.ParsingFacade   Parsing time 556 ms. 
3413       WARN  main            d.u.i.k.n.ParsingFacade   file:/home/runner/work/key/key/key.core/build/resources/main/de/uka/ilkd/key/proof/rules/loopInvariantRules.key took 0 ms to parse. 
3414       WARN  main            d.u.i.k.n.ParsingFacade   Parsing time 556 ms. 
3415       WARN  main            d.u.i.k.n.ParsingFacade   file:/home/runner/work/key/key/key.core/build/resources/main/de/uka/ilkd/key/proof/rules/forLoopRules.key took 0 ms to parse. 
3416       WARN  main            d.u.i.k.n.ParsingFacade   Parsing time 556 ms. 
3423       WARN  main            d.u.i.k.n.ParsingFacade   file:/home/runner/work/key/key/key.core/build/resources/main/de/uka/ilkd/key/proof/rules/execRules.key took 4 ms to parse. 
3424       WARN  main            d.u.i.k.n.ParsingFacade   Parsing time 560 ms. 
3508       WARN  main            d.u.i.k.n.ParsingFacade   file:/home/runner/work/key/key/key.core/build/resources/main/de/uka/ilkd/key/proof/rules/loopScopeRules.key took 3 ms to parse. 
3509       WARN  main            d.u.i.k.n.ParsingFacade   Parsing time 563 ms. 
7377       WARN  main            d.u.i.k.n.ParsingFacade   file:/home/runner/work/key/key/key.core/build/resources/main/de/uka/ilkd/key/java/JavaRedux/java/lang/String.key took 6 ms to parse. 
7377       WARN  main            d.u.i.k.n.ParsingFacade   Parsing time 569 ms. 
10159      WARN  main            d.u.i.k.n.ParsingFacade   /home/runner/work/key/key/key.core/../key.ui/examples/InformationFlow/Sum/SumExample(SumExample__getSum()).JML normal_behavior operation contract.0.key took 0 ms to parse. 
10159      WARN  main            d.u.i.k.n.ParsingFacade   Parsing time 569 ms. 
11396      INFO  main            d.u.i.k.p.r.p.TestFile    ... finished proof: closed. 
60128      INFO  Test worker     d.u.i.k.p.r.RunAllProofsTestUnit Returning from test SumExample 
60132      INFO  Test worker     d.u.i.k.p.r.RunAllProofsTestUnit Running test ToyBanking 
436        INFO  Timeout watchdog d.u.i.k.p.r.p.ForkedTestFileRunner Timeout watcher launched (1000 secs.) 
457        WARN  main            d.u.i.k.s.ProofSettings   The settings in /home/runner/.key/proof-settings.props are *not* read. 
492        INFO  main            d.u.i.k.p.r.p.TestFile    Now processing file /home/runner/work/key/key/key.core/../key.ui/examples/InformationFlow/ToyBanking/banking_example.UserAccount(banking_example.UserAccount__getBankAccount(int)).JML normal_behavior operation contract.0.key 
714        WARN  main            d.u.i.k.n.ParsingFacade   /home/runner/work/key/key/key.core/../key.ui/examples/InformationFlow/ToyBanking/banking_example.UserAccount(banking_example.UserAccount__getBankAccount(int)).JML normal_behavior operation contract.0.key took 12 ms to parse. 
714        WARN  main            d.u.i.k.n.ParsingFacade   Parsing time 12 ms. 
882        WARN  main            d.u.i.k.n.ParsingFacade   file:/home/runner/work/key/key/key.core/build/resources/main/de/uka/ilkd/key/proof/rules/standardRules.key took 16 ms to parse. 
882        WARN  main            d.u.i.k.n.ParsingFacade   Parsing time 28 ms. 
911        WARN  main            d.u.i.k.n.ParsingFacade   file:/home/runner/work/key/key/key.core/build/resources/main/de/uka/ilkd/key/proof/rules/ldt.key took 6 ms to parse. 
911        WARN  main            d.u.i.k.n.ParsingFacade   Parsing time 34 ms. 
920        WARN  main            d.u.i.k.n.ParsingFacade   file:/home/runner/work/key/key/key.core/build/resources/main/de/uka/ilkd/key/proof/rules/boolean.key took 3 ms to parse. 
920        WARN  main            d.u.i.k.n.ParsingFacade   Parsing time 37 ms. 
960        WARN  main            d.u.i.k.n.ParsingFacade   file:/home/runner/work/key/key/key.core/build/resources/main/de/uka/ilkd/key/proof/rules/ruleSetsDeclarations.key took 18 ms to parse. 
960        WARN  main            d.u.i.k.n.ParsingFacade   Parsing time 55 ms. 
995        WARN  main            d.u.i.k.n.ParsingFacade   file:/home/runner/work/key/key/key.core/build/resources/main/de/uka/ilkd/key/proof/rules/integerHeader.key took 6 ms to parse. 
995        WARN  main            d.u.i.k.n.ParsingFacade   Parsing time 61 ms. 
1002       WARN  main            d.u.i.k.n.ParsingFacade   file:/home/runner/work/key/key/key.core/build/resources/main/de/uka/ilkd/key/proof/rules/floatHeader.key took 5 ms to parse. 
1002       WARN  main            d.u.i.k.n.ParsingFacade   Parsing time 66 ms. 
1004       WARN  main            d.u.i.k.n.ParsingFacade   file:/home/runner/work/key/key/key.core/build/resources/main/de/uka/ilkd/key/proof/rules/heap.key took 1 ms to parse. 
1004       WARN  main            d.u.i.k.n.ParsingFacade   Parsing time 67 ms. 
1007       WARN  main            d.u.i.k.n.ParsingFacade   file:/home/runner/work/key/key/key.core/build/resources/main/de/uka/ilkd/key/proof/rules/locSets.key took 0 ms to parse. 
1007       WARN  main            d.u.i.k.n.ParsingFacade   Parsing time 67 ms. 
1008       WARN  main            d.u.i.k.n.ParsingFacade   file:/home/runner/work/key/key/key.core/build/resources/main/de/uka/ilkd/key/proof/rules/permission.key took 0 ms to parse. 
1008       WARN  main            d.u.i.k.n.ParsingFacade   Parsing time 67 ms. 
1011       WARN  main            d.u.i.k.n.ParsingFacade   file:/home/runner/work/key/key/key.core/build/resources/main/de/uka/ilkd/key/proof/rules/reach.key took 0 ms to parse. 
1011       WARN  main            d.u.i.k.n.ParsingFacade   Parsing time 67 ms. 
1012       WARN  main            d.u.i.k.n.ParsingFacade   file:/home/runner/work/key/key/key.core/build/resources/main/de/uka/ilkd/key/proof/rules/seq.key took 0 ms to parse. 
1012       WARN  main            d.u.i.k.n.ParsingFacade   Parsing time 67 ms. 
1051       WARN  main            d.u.i.k.n.ParsingFacade   file:/home/runner/work/key/key/key.core/build/resources/main/de/uka/ilkd/key/proof/rules/map.key took 32 ms to parse. 
1051       WARN  main            d.u.i.k.n.ParsingFacade   Parsing time 99 ms. 
1052       WARN  main            d.u.i.k.n.ParsingFacade   file:/home/runner/work/key/key/key.core/build/resources/main/de/uka/ilkd/key/proof/rules/freeADT.key took 0 ms to parse. 
1052       WARN  main            d.u.i.k.n.ParsingFacade   Parsing time 99 ms. 
1053       WARN  main            d.u.i.k.n.ParsingFacade   file:/home/runner/work/key/key/key.core/build/resources/main/de/uka/ilkd/key/proof/rules/wellfound.key took 0 ms to parse. 
1053       WARN  main            d.u.i.k.n.ParsingFacade   Parsing time 99 ms. 
1054       WARN  main            d.u.i.k.n.ParsingFacade   file:/home/runner/work/key/key/key.core/build/resources/main/de/uka/ilkd/key/proof/rules/charListHeader.key took 1 ms to parse. 
1054       WARN  main            d.u.i.k.n.ParsingFacade   Parsing time 100 ms. 
1190       WARN  main            d.u.i.k.n.ParsingFacade   file:/home/runner/work/key/key/key.core/build/resources/main/de/uka/ilkd/key/proof/rules/propRule.key took 5 ms to parse. 
1190       WARN  main            d.u.i.k.n.ParsingFacade   Parsing time 105 ms. 
1220       WARN  main            d.u.i.k.n.ParsingFacade   file:/home/runner/work/key/key/key.core/build/resources/main/de/uka/ilkd/key/proof/rules/firstOrderRules.key took 4 ms to parse. 
1220       WARN  main            d.u.i.k.n.ParsingFacade   Parsing time 109 ms. 
1245       WARN  main            d.u.i.k.n.ParsingFacade   file:/home/runner/work/key/key/key.core/build/resources/main/de/uka/ilkd/key/proof/rules/ifThenElseRules.key took 5 ms to parse. 
1251       WARN  main            d.u.i.k.n.ParsingFacade   Parsing time 114 ms. 
1323       WARN  main            d.u.i.k.n.ParsingFacade   file:/home/runner/work/key/key/key.core/build/resources/main/de/uka/ilkd/key/proof/rules/formulaNormalisationRules.key took 28 ms to parse. 
1323       WARN  main            d.u.i.k.n.ParsingFacade   Parsing time 142 ms. 
1445       WARN  main            d.u.i.k.n.ParsingFacade   file:/home/runner/work/key/key/key.core/build/resources/main/de/uka/ilkd/key/proof/rules/updateRules.key took 10 ms to parse. 
1445       WARN  main            d.u.i.k.n.ParsingFacade   Parsing time 152 ms. 
1467       WARN  main            d.u.i.k.n.ParsingFacade   file:/home/runner/work/key/key/key.core/build/resources/main/de/uka/ilkd/key/proof/rules/integerRulesCommon.key took 2 ms to parse. 
1473       WARN  main            d.u.i.k.n.ParsingFacade   Parsing time 154 ms. 
1574       WARN  main            d.u.i.k.n.ParsingFacade   file:/home/runner/work/key/key/key.core/build/resources/main/de/uka/ilkd/key/proof/rules/intRules.key took 3 ms to parse. 
1574       WARN  main            d.u.i.k.n.ParsingFacade   Parsing time 157 ms. 
1589       WARN  main            d.u.i.k.n.ParsingFacade   file:/home/runner/work/key/key/key.core/build/resources/main/de/uka/ilkd/key/proof/rules/intRulesUncheckedSemantics.key took 2 ms to parse. 
1589       WARN  main            d.u.i.k.n.ParsingFacade   Parsing time 159 ms. 
1600       WARN  main            d.u.i.k.n.ParsingFacade   file:/home/runner/work/key/key/key.core/build/resources/main/de/uka/ilkd/key/proof/rules/intRulesCheckedSemantics.key took 1 ms to parse. 
1601       WARN  main            d.u.i.k.n.ParsingFacade   Parsing time 160 ms. 
1610       WARN  main            d.u.i.k.n.ParsingFacade   file:/home/runner/work/key/key/key.core/build/resources/main/de/uka/ilkd/key/proof/rules/intRulesJavaSemantics.key took 3 ms to parse. 
1611       WARN  main            d.u.i.k.n.ParsingFacade   Parsing time 163 ms. 
1658       WARN  main            d.u.i.k.n.ParsingFacade   file:/home/runner/work/key/key/key.core/build/resources/main/de/uka/ilkd/key/proof/rules/integerSimplificationRules.key took 33 ms to parse. 
1659       WARN  main            d.u.i.k.n.ParsingFacade   Parsing time 196 ms. 
1826       WARN  main            d.u.i.k.n.ParsingFacade   file:/home/runner/work/key/key/key.core/build/resources/main/de/uka/ilkd/key/proof/rules/intDiv.key took 4 ms to parse. 
1826       WARN  main            d.u.i.k.n.ParsingFacade   Parsing time 200 ms. 
1851       WARN  main            d.u.i.k.n.ParsingFacade   file:/home/runner/work/key/key/key.core/build/resources/main/de/uka/ilkd/key/proof/rules/bsum.key took 8 ms to parse. 
1851       WARN  main            d.u.i.k.n.ParsingFacade   Parsing time 208 ms. 
1880       WARN  main            d.u.i.k.n.ParsingFacade   file:/home/runner/work/key/key/key.core/build/resources/main/de/uka/ilkd/key/proof/rules/bprod.key took 2 ms to parse. 
1881       WARN  main            d.u.i.k.n.ParsingFacade   Parsing time 210 ms. 
1892       WARN  main            d.u.i.k.n.ParsingFacade   file:/home/runner/work/key/key/key.core/build/resources/main/de/uka/ilkd/key/proof/rules/binaryAxioms.key took 0 ms to parse. 
1894       WARN  main            d.u.i.k.n.ParsingFacade   Parsing time 210 ms. 
1901       WARN  main            d.u.i.k.n.ParsingFacade   file:/home/runner/work/key/key/key.core/build/resources/main/de/uka/ilkd/key/proof/rules/binaryLemmas.key took 2 ms to parse. 
1901       WARN  main            d.u.i.k.n.ParsingFacade   Parsing time 212 ms. 
1915       WARN  main            d.u.i.k.n.ParsingFacade   file:/home/runner/work/key/key/key.core/build/resources/main/de/uka/ilkd/key/proof/rules/intPow.key took 3 ms to parse. 
1915       WARN  main            d.u.i.k.n.ParsingFacade   Parsing time 215 ms. 
1956       WARN  main            d.u.i.k.n.ParsingFacade   file:/home/runner/work/key/key/key.core/build/resources/main/de/uka/ilkd/key/proof/rules/floatRulesCommon.key took 9 ms to parse. 
1956       WARN  main            d.u.i.k.n.ParsingFacade   Parsing time 224 ms. 
1972       WARN  main            d.u.i.k.n.ParsingFacade   file:/home/runner/work/key/key/key.core/build/resources/main/de/uka/ilkd/key/proof/rules/floatRules.key took 0 ms to parse. 
1972       WARN  main            d.u.i.k.n.ParsingFacade   Parsing time 224 ms. 
1974       WARN  main            d.u.i.k.n.ParsingFacade   file:/home/runner/work/key/key/key.core/build/resources/main/de/uka/ilkd/key/proof/rules/floatRulesVerifyNormal.key took 0 ms to parse. 
1975       WARN  main            d.u.i.k.n.ParsingFacade   Parsing time 224 ms. 
1980       WARN  main            d.u.i.k.n.ParsingFacade   file:/home/runner/work/key/key/key.core/build/resources/main/de/uka/ilkd/key/proof/rules/floatRulesAssumeStrictfp.key took 4 ms to parse. 
1981       WARN  main            d.u.i.k.n.ParsingFacade   Parsing time 228 ms. 
2015       WARN  main            d.u.i.k.n.ParsingFacade   file:/home/runner/work/key/key/key.core/build/resources/main/de/uka/ilkd/key/proof/rules/genericRules.key took 2 ms to parse. 
2015       WARN  main            d.u.i.k.n.ParsingFacade   Parsing time 230 ms. 
2026       WARN  main            d.u.i.k.n.ParsingFacade   file:/home/runner/work/key/key/key.core/build/resources/main/de/uka/ilkd/key/proof/rules/booleanRules.key took 1 ms to parse. 
2026       WARN  main            d.u.i.k.n.ParsingFacade   Parsing time 231 ms. 
2029       WARN  main            d.u.i.k.n.ParsingFacade   file:/home/runner/work/key/key/key.core/build/resources/main/de/uka/ilkd/key/proof/rules/epsilon.key took 0 ms to parse. 
2030       WARN  main            d.u.i.k.n.ParsingFacade   Parsing time 231 ms. 
2038       WARN  main            d.u.i.k.n.ParsingFacade   file:/home/runner/work/key/key/key.core/build/resources/main/de/uka/ilkd/key/proof/rules/locSetsRules.key took 6 ms to parse. 
2039       WARN  main            d.u.i.k.n.ParsingFacade   Parsing time 237 ms. 
2077       WARN  main            d.u.i.k.n.ParsingFacade   file:/home/runner/work/key/key/key.core/build/resources/main/de/uka/ilkd/key/proof/rules/heapRules.key took 9 ms to parse. 
2077       WARN  main            d.u.i.k.n.ParsingFacade   Parsing time 246 ms. 
2107       WARN  main            d.u.i.k.n.ParsingFacade   file:/home/runner/work/key/key/key.core/build/resources/main/de/uka/ilkd/key/proof/rules/permissionRules.key took 3 ms to parse. 
2107       WARN  main            d.u.i.k.n.ParsingFacade   Parsing time 249 ms. 
2148       WARN  main            d.u.i.k.n.ParsingFacade   file:/home/runner/work/key/key/key.core/build/resources/main/de/uka/ilkd/key/proof/rules/reachRules.key took 4 ms to parse. 
2149       WARN  main            d.u.i.k.n.ParsingFacade   Parsing time 253 ms. 
2160       WARN  main            d.u.i.k.n.ParsingFacade   file:/home/runner/work/key/key/key.core/build/resources/main/de/uka/ilkd/key/proof/rules/seqCoreRules.key took 0 ms to parse. 
2161       WARN  main            d.u.i.k.n.ParsingFacade   Parsing time 253 ms. 
2168       WARN  main            d.u.i.k.n.ParsingFacade   file:/home/runner/work/key/key/key.core/build/resources/main/de/uka/ilkd/key/proof/rules/seqRules.key took 5 ms to parse. 
2168       WARN  main            d.u.i.k.n.ParsingFacade   Parsing time 258 ms. 
2193       WARN  main            d.u.i.k.n.ParsingFacade   file:/home/runner/work/key/key/key.core/build/resources/main/de/uka/ilkd/key/proof/rules/seqPerm.key took 5 ms to parse. 
2193       WARN  main            d.u.i.k.n.ParsingFacade   Parsing time 263 ms. 
2209       WARN  main            d.u.i.k.n.ParsingFacade   file:/home/runner/work/key/key/key.core/build/resources/main/de/uka/ilkd/key/proof/rules/seqPerm2.key took 0 ms to parse. 
2210       WARN  main            d.u.i.k.n.ParsingFacade   Parsing time 263 ms. 
2300       WARN  main            d.u.i.k.n.ParsingFacade   file:/home/runner/work/key/key/key.core/build/resources/main/de/uka/ilkd/key/proof/rules/javaRules.key took 85 ms to parse. 
2300       WARN  main            d.u.i.k.n.ParsingFacade   Parsing time 348 ms. 
2309       WARN  main            d.u.i.k.n.ParsingFacade   file:/home/runner/work/key/key/key.core/build/resources/main/de/uka/ilkd/key/proof/rules/assertions.key took 1 ms to parse. 
2310       WARN  main            d.u.i.k.n.ParsingFacade   Parsing time 349 ms. 
2895       WARN  main            d.u.i.k.n.ParsingFacade   file:/home/runner/work/key/key/key.core/build/resources/main/de/uka/ilkd/key/proof/rules/loopRules.key took 1 ms to parse. 
2896       WARN  main            d.u.i.k.n.ParsingFacade   Parsing time 350 ms. 
2905       WARN  main            d.u.i.k.n.ParsingFacade   file:/home/runner/work/key/key/key.core/build/resources/main/de/uka/ilkd/key/proof/rules/activeUse.key took 2 ms to parse. 
2905       WARN  main            d.u.i.k.n.ParsingFacade   Parsing time 352 ms. 
2944       WARN  main            d.u.i.k.n.ParsingFacade   file:/home/runner/work/key/key/key.core/build/resources/main/de/uka/ilkd/key/proof/rules/instanceAllocation.key took 5 ms to parse. 
2944       WARN  main            d.u.i.k.n.ParsingFacade   Parsing time 357 ms. 
2959       WARN  main            d.u.i.k.n.ParsingFacade   file:/home/runner/work/key/key/key.core/build/resources/main/de/uka/ilkd/key/proof/rules/java5.key took 0 ms to parse. 
2960       WARN  main            d.u.i.k.n.ParsingFacade   Parsing time 357 ms. 
2965       WARN  main            d.u.i.k.n.ParsingFacade   file:/home/runner/work/key/key/key.core/build/resources/main/de/uka/ilkd/key/proof/rules/integerAssignment2UpdateRules.key took 3 ms to parse. 
2965       WARN  main            d.u.i.k.n.ParsingFacade   Parsing time 360 ms. 
2998       WARN  main            d.u.i.k.n.ParsingFacade   file:/home/runner/work/key/key/key.core/build/resources/main/de/uka/ilkd/key/proof/rules/floatAssignment2UpdateRules.key took 5 ms to parse. 
2998       WARN  main            d.u.i.k.n.ParsingFacade   Parsing time 365 ms. 
3020       WARN  main            d.u.i.k.n.ParsingFacade   file:/home/runner/work/key/key/key.core/build/resources/main/de/uka/ilkd/key/proof/rules/bigint.key took 2 ms to parse. 
3020       WARN  main            d.u.i.k.n.ParsingFacade   Parsing time 367 ms. 
3035       WARN  main            d.u.i.k.n.ParsingFacade   file:/home/runner/work/key/key/key.core/build/resources/main/de/uka/ilkd/key/proof/rules/adtProgramDecompositionRules.key took 2 ms to parse. 
3035       WARN  main            d.u.i.k.n.ParsingFacade   Parsing time 369 ms. 
3052       WARN  main            d.u.i.k.n.ParsingFacade   file:/home/runner/work/key/key/key.core/build/resources/main/de/uka/ilkd/key/proof/rules/precRules.key took 1 ms to parse. 
3052       WARN  main            d.u.i.k.n.ParsingFacade   Parsing time 370 ms. 
3057       WARN  main            d.u.i.k.n.ParsingFacade   file:/home/runner/work/key/key/key.core/build/resources/main/de/uka/ilkd/key/proof/rules/charListRules.key took 3 ms to parse. 
3057       WARN  main            d.u.i.k.n.ParsingFacade   Parsing time 373 ms. 
3092       WARN  main            d.u.i.k.n.ParsingFacade   file:/home/runner/work/key/key/key.core/build/resources/main/de/uka/ilkd/key/proof/rules/regExTheory.key took 0 ms to parse. 
3092       WARN  main            d.u.i.k.n.ParsingFacade   Parsing time 373 ms. 
3093       WARN  main            d.u.i.k.n.ParsingFacade   file:/home/runner/work/key/key/key.core/build/resources/main/de/uka/ilkd/key/proof/rules/regExHeader.key took 0 ms to parse. 
3093       WARN  main            d.u.i.k.n.ParsingFacade   Parsing time 373 ms. 
3094       WARN  main            d.u.i.k.n.ParsingFacade   file:/home/runner/work/key/key/key.core/build/resources/main/de/uka/ilkd/key/proof/rules/regExAxioms.key took 0 ms to parse. 
3094       WARN  main            d.u.i.k.n.ParsingFacade   Parsing time 373 ms. 
3098       WARN  main            d.u.i.k.n.ParsingFacade   file:/home/runner/work/key/key/key.core/build/resources/main/de/uka/ilkd/key/proof/rules/regExLemmaProven.key took 1 ms to parse. 
3098       WARN  main            d.u.i.k.n.ParsingFacade   Parsing time 374 ms. 
3103       WARN  main            d.u.i.k.n.ParsingFacade   file:/home/runner/work/key/key/key.core/build/resources/main/de/uka/ilkd/key/proof/rules/seqEq.key took 1 ms to parse. 
3104       WARN  main            d.u.i.k.n.ParsingFacade   Parsing time 375 ms. 
3109       WARN  main            d.u.i.k.n.ParsingFacade   file:/home/runner/work/key/key/key.core/build/resources/main/de/uka/ilkd/key/proof/rules/infFlow.key took 1 ms to parse. 
3109       WARN  main            d.u.i.k.n.ParsingFacade   Parsing time 376 ms. 
3113       WARN  main            d.u.i.k.n.ParsingFacade   file:/home/runner/work/key/key/key.core/build/resources/main/de/uka/ilkd/key/proof/rules/mapSize.key took 0 ms to parse. 
3113       WARN  main            d.u.i.k.n.ParsingFacade   Parsing time 376 ms. 
3116       WARN  main            d.u.i.k.n.ParsingFacade   file:/home/runner/work/key/key/key.core/build/resources/main/de/uka/ilkd/key/proof/rules/wd.key took 1 ms to parse. 
3116       WARN  main            d.u.i.k.n.ParsingFacade   Parsing time 377 ms. 
3117       WARN  main            d.u.i.k.n.ParsingFacade   file:/home/runner/work/key/key/key.core/build/resources/main/de/uka/ilkd/key/proof/rules/wdHeader.key took 0 ms to parse. 
3117       WARN  main            d.u.i.k.n.ParsingFacade   Parsing time 377 ms. 
3118       WARN  main            d.u.i.k.n.ParsingFacade   file:/home/runner/work/key/key/key.core/build/resources/main/de/uka/ilkd/key/proof/rules/wdGeneralRules.key took 0 ms to parse. 
3119       WARN  main            d.u.i.k.n.ParsingFacade   Parsing time 377 ms. 
3127       WARN  main            d.u.i.k.n.ParsingFacade   file:/home/runner/work/key/key/key.core/build/resources/main/de/uka/ilkd/key/proof/rules/wdNumericalRules.key took 5 ms to parse. 
3127       WARN  main            d.u.i.k.n.ParsingFacade   Parsing time 382 ms. 
3145       WARN  main            d.u.i.k.n.ParsingFacade   file:/home/runner/work/key/key/key.core/build/resources/main/de/uka/ilkd/key/proof/rules/wdLocSetRules.key took 1 ms to parse. 
3145       WARN  main            d.u.i.k.n.ParsingFacade   Parsing time 383 ms. 
3149       WARN  main            d.u.i.k.n.ParsingFacade   file:/home/runner/work/key/key/key.core/build/resources/main/de/uka/ilkd/key/proof/rules/wdHeapRules.key took 0 ms to parse. 
3149       WARN  main            d.u.i.k.n.ParsingFacade   Parsing time 383 ms. 
3153       WARN  main            d.u.i.k.n.ParsingFacade   file:/home/runner/work/key/key/key.core/build/resources/main/de/uka/ilkd/key/proof/rules/wdReachRules.key took 1 ms to parse. 
3153       WARN  main            d.u.i.k.n.ParsingFacade   Parsing time 384 ms. 
3154       WARN  main            d.u.i.k.n.ParsingFacade   file:/home/runner/work/key/key/key.core/build/resources/main/de/uka/ilkd/key/proof/rules/wdSeqRules.key took 0 ms to parse. 
3154       WARN  main            d.u.i.k.n.ParsingFacade   Parsing time 384 ms. 
3157       WARN  main            d.u.i.k.n.ParsingFacade   file:/home/runner/work/key/key/key.core/build/resources/main/de/uka/ilkd/key/proof/rules/wdStringRules.key took 0 ms to parse. 
3157       WARN  main            d.u.i.k.n.ParsingFacade   Parsing time 384 ms. 
3161       WARN  main            d.u.i.k.n.ParsingFacade   file:/home/runner/work/key/key/key.core/build/resources/main/de/uka/ilkd/key/proof/rules/wdRegExRules.key took 0 ms to parse. 
3161       WARN  main            d.u.i.k.n.ParsingFacade   Parsing time 384 ms. 
3166       WARN  main            d.u.i.k.n.ParsingFacade   file:/home/runner/work/key/key/key.core/build/resources/main/de/uka/ilkd/key/proof/rules/wdFormulaRules.key took 3 ms to parse. 
3166       WARN  main            d.u.i.k.n.ParsingFacade   Parsing time 387 ms. 
3176       WARN  main            d.u.i.k.n.ParsingFacade   file:/home/runner/work/key/key/key.core/build/resources/main/de/uka/ilkd/key/proof/rules/loopInvariantRules.key took 0 ms to parse. 
3176       WARN  main            d.u.i.k.n.ParsingFacade   Parsing time 387 ms. 
3177       WARN  main            d.u.i.k.n.ParsingFacade   file:/home/runner/work/key/key/key.core/build/resources/main/de/uka/ilkd/key/proof/rules/forLoopRules.key took 0 ms to parse. 
3178       WARN  main            d.u.i.k.n.ParsingFacade   Parsing time 387 ms. 
3182       WARN  main            d.u.i.k.n.ParsingFacade   file:/home/runner/work/key/key/key.core/build/resources/main/de/uka/ilkd/key/proof/rules/execRules.key took 3 ms to parse. 
3182       WARN  main            d.u.i.k.n.ParsingFacade   Parsing time 390 ms. 
3250       WARN  main            d.u.i.k.n.ParsingFacade   file:/home/runner/work/key/key/key.core/build/resources/main/de/uka/ilkd/key/proof/rules/loopScopeRules.key took 2 ms to parse. 
3250       WARN  main            d.u.i.k.n.ParsingFacade   Parsing time 392 ms. 
7484       WARN  main            d.u.i.k.n.ParsingFacade   file:/home/runner/work/key/key/key.core/build/resources/main/de/uka/ilkd/key/java/JavaRedux/java/lang/String.key took 5 ms to parse. 
7485       WARN  main            d.u.i.k.n.ParsingFacade   Parsing time 397 ms. 
10451      WARN  main            d.u.i.k.n.ParsingFacade   /home/runner/work/key/key/key.core/../key.ui/examples/InformationFlow/ToyBanking/banking_example.UserAccount(banking_example.UserAccount__getBankAccount(int)).JML normal_behavior operation contract.0.key took 0 ms to parse. 
10452      WARN  main            d.u.i.k.n.ParsingFacade   Parsing time 397 ms. 
11923      INFO  main            d.u.i.k.p.r.p.TestFile    ... finished proof: closed. 
12080      INFO  main            d.u.i.k.p.r.p.TestFile    Now processing file /home/runner/work/key/key/key.core/../key.ui/examples/InformationFlow/ToyBanking/banking_example.UserAccount(banking_example.UserAccount__tryLogin(int,(C)).JML normal_behavior operation contract.0.key 
12082      WARN  main            d.u.i.k.n.ParsingFacade   /home/runner/work/key/key/key.core/../key.ui/examples/InformationFlow/ToyBanking/banking_example.UserAccount(banking_example.UserAccount__tryLogin(int,(C)).JML normal_behavior operation contract.0.key took 0 ms to parse. 
12083      WARN  main            d.u.i.k.n.ParsingFacade   Parsing time 397 ms. 
13441      WARN  main            d.u.i.k.n.ParsingFacade   file:/home/runner/work/key/key/key.core/build/resources/main/de/uka/ilkd/key/java/JavaRedux/java/lang/String.key took 2 ms to parse. 
13441      WARN  main            d.u.i.k.n.ParsingFacade   Parsing time 399 ms. 
15811      WARN  main            d.u.i.k.n.ParsingFacade   /home/runner/work/key/key/key.core/../key.ui/examples/InformationFlow/ToyBanking/banking_example.UserAccount(banking_example.UserAccount__tryLogin(int,(C)).JML normal_behavior operation contract.0.key took 0 ms to parse. 
15812      WARN  main            d.u.i.k.n.ParsingFacade   Parsing time 399 ms. 
41880      INFO  main            d.u.i.k.p.r.p.TestFile    ... finished proof: closed. 
42148      INFO  main            d.u.i.k.p.r.p.TestFile    Now processing file /home/runner/work/key/key/key.core/../key.ui/examples/InformationFlow/ToyBanking/banking_example.UserAccount(java.lang.Object___inv_()).JML accessible clause.0.key 
42149      WARN  main            d.u.i.k.n.ParsingFacade   /home/runner/work/key/key/key.core/../key.ui/examples/InformationFlow/ToyBanking/banking_example.UserAccount(java.lang.Object___inv_()).JML accessible clause.0.key took 0 ms to parse. 
42149      WARN  main            d.u.i.k.n.ParsingFacade   Parsing time 399 ms. 
43414      WARN  main            d.u.i.k.n.ParsingFacade   file:/home/runner/work/key/key/key.core/build/resources/main/de/uka/ilkd/key/java/JavaRedux/java/lang/String.key took 1 ms to parse. 
43415      WARN  main            d.u.i.k.n.ParsingFacade   Parsing time 400 ms. 
45754      WARN  main            d.u.i.k.n.ParsingFacade   /home/runner/work/key/key/key.core/../key.ui/examples/InformationFlow/ToyBanking/banking_example.UserAccount(java.lang.Object___inv_()).JML accessible clause.0.key took 0 ms to parse. 
45754      WARN  main            d.u.i.k.n.ParsingFacade   Parsing time 400 ms. 
52098      INFO  main            d.u.i.k.p.r.p.TestFile    ... finished proof: closed. 
52311      INFO  main            d.u.i.k.p.r.p.TestFile    Now processing file /home/runner/work/key/key/key.core/../key.ui/examples/InformationFlow/ToyBanking/banking_example.BankAccount(banking_example.BankAccount__depositMoney(int)).JML normal_behavior operation contract.0.key 
52311      WARN  main            d.u.i.k.n.ParsingFacade   /home/runner/work/key/key/key.core/../key.ui/examples/InformationFlow/ToyBanking/banking_example.BankAccount(banking_example.BankAccount__depositMoney(int)).JML normal_behavior operation contract.0.key took 0 ms to parse. 
52312      WARN  main            d.u.i.k.n.ParsingFacade   Parsing time 400 ms. 
53528      WARN  main            d.u.i.k.n.ParsingFacade   file:/home/runner/work/key/key/key.core/build/resources/main/de/uka/ilkd/key/java/JavaRedux/java/lang/String.key took 2 ms to parse. 
53529      WARN  main            d.u.i.k.n.ParsingFacade   Parsing time 402 ms. 
55751      WARN  main            d.u.i.k.n.ParsingFacade   /home/runner/work/key/key/key.core/../key.ui/examples/InformationFlow/ToyBanking/banking_example.BankAccount(banking_example.BankAccount__depositMoney(int)).JML normal_behavior operation contract.0.key took 0 ms to parse. 
55752      WARN  main            d.u.i.k.n.ParsingFacade   Parsing time 402 ms. 
56055      INFO  main            d.u.i.k.p.r.p.TestFile    ... finished proof: closed. 
56248      INFO  main            d.u.i.k.p.r.p.TestFile    Now processing file /home/runner/work/key/key/key.core/../key.ui/examples/InformationFlow/ToyBanking/banking_example.BankAccount(banking_example.BankAccount__getBalance()).JML normal_behavior operation contract.0.key 
56249      WARN  main            d.u.i.k.n.ParsingFacade   /home/runner/work/key/key/key.core/../key.ui/examples/InformationFlow/ToyBanking/banking_example.BankAccount(banking_example.BankAccount__getBalance()).JML normal_behavior operation contract.0.key took 0 ms to parse. 
56249      WARN  main            d.u.i.k.n.ParsingFacade   Parsing time 402 ms. 
57380      WARN  main            d.u.i.k.n.ParsingFacade   file:/home/runner/work/key/key/key.core/build/resources/main/de/uka/ilkd/key/java/JavaRedux/java/lang/String.key took 2 ms to parse. 
57381      WARN  main            d.u.i.k.n.ParsingFacade   Parsing time 404 ms. 
59647      WARN  main            d.u.i.k.n.ParsingFacade   /home/runner/work/key/key/key.core/../key.ui/examples/InformationFlow/ToyBanking/banking_example.BankAccount(banking_example.BankAccount__getBalance()).JML normal_behavior operation contract.0.key took 0 ms to parse. 
59647      WARN  main            d.u.i.k.n.ParsingFacade   Parsing time 404 ms. 
59750      INFO  main            d.u.i.k.p.r.p.TestFile    ... finished proof: closed. 
59899      INFO  main            d.u.i.k.p.r.p.TestFile    Now processing file /home/runner/work/key/key/key.core/../key.ui/examples/InformationFlow/ToyBanking/banking_example.BankAccount(banking_example.BankAccount__getId()).JML normal_behavior operation contract.0.key 
59900      WARN  main            d.u.i.k.n.ParsingFacade   /home/runner/work/key/key/key.core/../key.ui/examples/InformationFlow/ToyBanking/banking_example.BankAccount(banking_example.BankAccount__getId()).JML normal_behavior operation contract.0.key took 0 ms to parse. 
59900      WARN  main            d.u.i.k.n.ParsingFacade   Parsing time 404 ms. 
61030      WARN  main            d.u.i.k.n.ParsingFacade   file:/home/runner/work/key/key/key.core/build/resources/main/de/uka/ilkd/key/java/JavaRedux/java/lang/String.key took 2 ms to parse. 
61030      WARN  main            d.u.i.k.n.ParsingFacade   Parsing time 406 ms. 
63322      WARN  main            d.u.i.k.n.ParsingFacade   /home/runner/work/key/key/key.core/../key.ui/examples/InformationFlow/ToyBanking/banking_example.BankAccount(banking_example.BankAccount__getId()).JML normal_behavior operation contract.0.key took 0 ms to parse. 
63323      WARN  main            d.u.i.k.n.ParsingFacade   Parsing time 406 ms. 
63424      INFO  main            d.u.i.k.p.r.p.TestFile    ... finished proof: closed. 
63580      INFO  main            d.u.i.k.p.r.p.TestFile    Now processing file /home/runner/work/key/key/key.core/../key.ui/examples/InformationFlow/ToyBanking/banking_example.Bank(banking_example.Bank__login(int,(C)).JML normal_behavior operation contract.0.key 
63581      WARN  main            d.u.i.k.n.ParsingFacade   /home/runner/work/key/key/key.core/../key.ui/examples/InformationFlow/ToyBanking/banking_example.Bank(banking_example.Bank__login(int,(C)).JML normal_behavior operation contract.0.key took 0 ms to parse. 
63581      WARN  main            d.u.i.k.n.ParsingFacade   Parsing time 406 ms. 
64743      WARN  main            d.u.i.k.n.ParsingFacade   file:/home/runner/work/key/key/key.core/build/resources/main/de/uka/ilkd/key/java/JavaRedux/java/lang/String.key took 2 ms to parse. 
64743      WARN  main            d.u.i.k.n.ParsingFacade   Parsing time 408 ms. 
66927      WARN  main            d.u.i.k.n.ParsingFacade   /home/runner/work/key/key/key.core/../key.ui/examples/InformationFlow/ToyBanking/banking_example.Bank(banking_example.Bank__login(int,(C)).JML normal_behavior operation contract.0.key took 0 ms to parse. 
66928      WARN  main            d.u.i.k.n.ParsingFacade   Parsing time 408 ms. 
74301      INFO  main            d.u.i.k.p.r.p.TestFile    ... finished proof: closed. 
74556      INFO  main            d.u.i.k.p.r.p.TestFile    Now processing file /home/runner/work/key/key/key.core/../key.ui/examples/InformationFlow/ToyBanking/banking_example2.UserAccount(banking_example2.UserAccount__getBankAccount(int)).JML normal_behavior operation contract.0.key 
74558      WARN  main            d.u.i.k.n.ParsingFacade   /home/runner/work/key/key/key.core/../key.ui/examples/InformationFlow/ToyBanking/banking_example2.UserAccount(banking_example2.UserAccount__getBankAccount(int)).JML normal_behavior operation contract.0.key took 1 ms to parse. 
74558      WARN  main            d.u.i.k.n.ParsingFacade   Parsing time 409 ms. 
75650      WARN  main            d.u.i.k.n.ParsingFacade   file:/home/runner/work/key/key/key.core/build/resources/main/de/uka/ilkd/key/java/JavaRedux/java/lang/String.key took 2 ms to parse. 
75650      WARN  main            d.u.i.k.n.ParsingFacade   Parsing time 411 ms. 
77836      WARN  main            d.u.i.k.n.ParsingFacade   /home/runner/work/key/key/key.core/../key.ui/examples/InformationFlow/ToyBanking/banking_example2.UserAccount(banking_example2.UserAccount__getBankAccount(int)).JML normal_behavior operation contract.0.key took 0 ms to parse. 
77837      WARN  main            d.u.i.k.n.ParsingFacade   Parsing time 411 ms. 
78241      INFO  main            d.u.i.k.p.r.p.TestFile    ... finished proof: closed. 
78448      INFO  main            d.u.i.k.p.r.p.TestFile    Now processing file /home/runner/work/key/key/key.core/../key.ui/examples/InformationFlow/ToyBanking/banking_example2.UserAccount(banking_example2.UserAccount__tryLogin(int,(C)).JML normal_behavior operation contract.0.key 
78450      WARN  main            d.u.i.k.n.ParsingFacade   /home/runner/work/key/key/key.core/../key.ui/examples/InformationFlow/ToyBanking/banking_example2.UserAccount(banking_example2.UserAccount__tryLogin(int,(C)).JML normal_behavior operation contract.0.key took 1 ms to parse. 
78450      WARN  main            d.u.i.k.n.ParsingFacade   Parsing time 412 ms. 
79559      WARN  main            d.u.i.k.n.ParsingFacade   file:/home/runner/work/key/key/key.core/build/resources/main/de/uka/ilkd/key/java/JavaRedux/java/lang/String.key took 2 ms to parse. 
79559      WARN  main            d.u.i.k.n.ParsingFacade   Parsing time 414 ms. 
81704      WARN  main            d.u.i.k.n.ParsingFacade   /home/runner/work/key/key/key.core/../key.ui/examples/InformationFlow/ToyBanking/banking_example2.UserAccount(banking_example2.UserAccount__tryLogin(int,(C)).JML normal_behavior operation contract.0.key took 0 ms to parse. 
81704      WARN  main            d.u.i.k.n.ParsingFacade   Parsing time 414 ms. 
105310     INFO  main            d.u.i.k.p.r.p.TestFile    ... finished proof: closed. 
105593     INFO  main            d.u.i.k.p.r.p.TestFile    Now processing file /home/runner/work/key/key/key.core/../key.ui/examples/InformationFlow/ToyBanking/banking_example2.UserAccount(java.lang.Object___inv_()).JML accessible clause.0.key 
105594     WARN  main            d.u.i.k.n.ParsingFacade   /home/runner/work/key/key/key.core/../key.ui/examples/InformationFlow/ToyBanking/banking_example2.UserAccount(java.lang.Object___inv_()).JML accessible clause.0.key took 0 ms to parse. 
105594     WARN  main            d.u.i.k.n.ParsingFacade   Parsing time 414 ms. 
106655     WARN  main            d.u.i.k.n.ParsingFacade   file:/home/runner/work/key/key/key.core/build/resources/main/de/uka/ilkd/key/java/JavaRedux/java/lang/String.key took 2 ms to parse. 
106655     WARN  main            d.u.i.k.n.ParsingFacade   Parsing time 416 ms. 
108827     WARN  main            d.u.i.k.n.ParsingFacade   /home/runner/work/key/key/key.core/../key.ui/examples/InformationFlow/ToyBanking/banking_example2.UserAccount(java.lang.Object___inv_()).JML accessible clause.0.key took 0 ms to parse. 
108827     WARN  main            d.u.i.k.n.ParsingFacade   Parsing time 416 ms. 
113990     INFO  main            d.u.i.k.p.r.p.TestFile    ... finished proof: open goal(s) 
114198     INFO  main            d.u.i.k.p.r.p.TestFile    Now processing file /home/runner/work/key/key/key.core/../key.ui/examples/InformationFlow/ToyBanking/banking_example2.BankAccount(banking_example2.BankAccount__depositMoney(int)).JML normal_behavior operation contract.0.key 
114199     WARN  main            d.u.i.k.n.ParsingFacade   /home/runner/work/key/key/key.core/../key.ui/examples/InformationFlow/ToyBanking/banking_example2.BankAccount(banking_example2.BankAccount__depositMoney(int)).JML normal_behavior operation contract.0.key took 0 ms to parse. 
114199     WARN  main            d.u.i.k.n.ParsingFacade   Parsing time 416 ms. 
115266     WARN  main            d.u.i.k.n.ParsingFacade   file:/home/runner/work/key/key/key.core/build/resources/main/de/uka/ilkd/key/java/JavaRedux/java/lang/String.key took 2 ms to parse. 
115266     WARN  main            d.u.i.k.n.ParsingFacade   Parsing time 418 ms. 
117359     WARN  main            d.u.i.k.n.ParsingFacade   /home/runner/work/key/key/key.core/../key.ui/examples/InformationFlow/ToyBanking/banking_example2.BankAccount(banking_example2.BankAccount__depositMoney(int)).JML normal_behavior operation contract.0.key took 0 ms to parse. 
117359     WARN  main            d.u.i.k.n.ParsingFacade   Parsing time 418 ms. 
117663     INFO  main            d.u.i.k.p.r.p.TestFile    ... finished proof: closed. 
117871     INFO  main            d.u.i.k.p.r.p.TestFile    Now processing file /home/runner/work/key/key/key.core/../key.ui/examples/InformationFlow/ToyBanking/banking_example2.BankAccount(banking_example2.BankAccount__getBalance()).JML normal_behavior operation contract.0.key 
117871     WARN  main            d.u.i.k.n.ParsingFacade   /home/runner/work/key/key/key.core/../key.ui/examples/InformationFlow/ToyBanking/banking_example2.BankAccount(banking_example2.BankAccount__getBalance()).JML normal_behavior operation contract.0.key took 0 ms to parse. 
117871     WARN  main            d.u.i.k.n.ParsingFacade   Parsing time 418 ms. 
118982     WARN  main            d.u.i.k.n.ParsingFacade   file:/home/runner/work/key/key/key.core/build/resources/main/de/uka/ilkd/key/java/JavaRedux/java/lang/String.key took 3 ms to parse. 
118984     WARN  main            d.u.i.k.n.ParsingFacade   Parsing time 421 ms. 
121083     WARN  main            d.u.i.k.n.ParsingFacade   /home/runner/work/key/key/key.core/../key.ui/examples/InformationFlow/ToyBanking/banking_example2.BankAccount(banking_example2.BankAccount__getBalance()).JML normal_behavior operation contract.0.key took 0 ms to parse. 
121084     WARN  main            d.u.i.k.n.ParsingFacade   Parsing time 421 ms. 
121186     INFO  main            d.u.i.k.p.r.p.TestFile    ... finished proof: closed. 
121419     INFO  main            d.u.i.k.p.r.p.TestFile    Now processing file /home/runner/work/key/key/key.core/../key.ui/examples/InformationFlow/ToyBanking/banking_example2.BankAccount(banking_example2.BankAccount__getId()).JML normal_behavior operation contract.0.key 
121420     WARN  main            d.u.i.k.n.ParsingFacade   /home/runner/work/key/key/key.core/../key.ui/examples/InformationFlow/ToyBanking/banking_example2.BankAccount(banking_example2.BankAccount__getId()).JML normal_behavior operation contract.0.key took 0 ms to parse. 
121420     WARN  main            d.u.i.k.n.ParsingFacade   Parsing time 421 ms. 
122502     WARN  main            d.u.i.k.n.ParsingFacade   file:/home/runner/work/key/key/key.core/build/resources/main/de/uka/ilkd/key/java/JavaRedux/java/lang/String.key took 2 ms to parse. 
122502     WARN  main            d.u.i.k.n.ParsingFacade   Parsing time 423 ms. 
124559     WARN  main            d.u.i.k.n.ParsingFacade   /home/runner/work/key/key/key.core/../key.ui/examples/InformationFlow/ToyBanking/banking_example2.BankAccount(banking_example2.BankAccount__getId()).JML normal_behavior operation contract.0.key took 0 ms to parse. 
124559     WARN  main            d.u.i.k.n.ParsingFacade   Parsing time 423 ms. 
124661     INFO  main            d.u.i.k.p.r.p.TestFile    ... finished proof: closed. 
124839     INFO  main            d.u.i.k.p.r.p.TestFile    Now processing file /home/runner/work/key/key/key.core/../key.ui/examples/InformationFlow/ToyBanking/banking_example2.Bank(banking_example2.Bank__login(int,(C)).JML normal_behavior operation contract.0.key 
124840     WARN  main            d.u.i.k.n.ParsingFacade   /home/runner/work/key/key/key.core/../key.ui/examples/InformationFlow/ToyBanking/banking_example2.Bank(banking_example2.Bank__login(int,(C)).JML normal_behavior operation contract.0.key took 0 ms to parse. 
124840     WARN  main            d.u.i.k.n.ParsingFacade   Parsing time 423 ms. 
125922     WARN  main            d.u.i.k.n.ParsingFacade   file:/home/runner/work/key/key/key.core/build/resources/main/de/uka/ilkd/key/java/JavaRedux/java/lang/String.key took 2 ms to parse. 
125922     WARN  main            d.u.i.k.n.ParsingFacade   Parsing time 425 ms. 
127947     WARN  main            d.u.i.k.n.ParsingFacade   /home/runner/work/key/key/key.core/../key.ui/examples/InformationFlow/ToyBanking/banking_example2.Bank(banking_example2.Bank__login(int,(C)).JML normal_behavior operation contract.0.key took 0 ms to parse. 
127948     WARN  main            d.u.i.k.n.ParsingFacade   Parsing time 425 ms. 
131381     INFO  main            d.u.i.k.p.r.p.TestFile    ... finished proof: closed. 
191911     INFO  Test worker     d.u.i.k.p.r.RunAllProofsTestUnit Returning from test ToyBanking 
191914     INFO  Test worker     d.u.i.k.p.r.RunAllProofsTestUnit Running test BlockContracts 
387        INFO  Timeout watchdog d.u.i.k.p.r.p.ForkedTestFileRunner Timeout watcher launched (1000 secs.) 
398        WARN  main            d.u.i.k.s.ProofSettings   The settings in /home/runner/.key/proof-settings.props are *not* read. 
441        INFO  main            d.u.i.k.p.r.p.TestFile    Now processing file /home/runner/work/key/key/key.core/../key.ui/examples/InformationFlow/BlockContracts/contract.IFBlockExamples(contract.IFBlockExamples__secure_5()).JML operation contract.0.key 
713        WARN  main            d.u.i.k.n.ParsingFacade   /home/runner/work/key/key/key.core/../key.ui/examples/InformationFlow/BlockContracts/contract.IFBlockExamples(contract.IFBlockExamples__secure_5()).JML operation contract.0.key took 12 ms to parse. 
713        WARN  main            d.u.i.k.n.ParsingFacade   Parsing time 12 ms. 
884        WARN  main            d.u.i.k.n.ParsingFacade   file:/home/runner/work/key/key/key.core/build/resources/main/de/uka/ilkd/key/proof/rules/standardRules.key took 36 ms to parse. 
885        WARN  main            d.u.i.k.n.ParsingFacade   Parsing time 48 ms. 
913        WARN  main            d.u.i.k.n.ParsingFacade   file:/home/runner/work/key/key/key.core/build/resources/main/de/uka/ilkd/key/proof/rules/ldt.key took 4 ms to parse. 
913        WARN  main            d.u.i.k.n.ParsingFacade   Parsing time 52 ms. 
919        WARN  main            d.u.i.k.n.ParsingFacade   file:/home/runner/work/key/key/key.core/build/resources/main/de/uka/ilkd/key/proof/rules/boolean.key took 3 ms to parse. 
919        WARN  main            d.u.i.k.n.ParsingFacade   Parsing time 55 ms. 
949        WARN  main            d.u.i.k.n.ParsingFacade   file:/home/runner/work/key/key/key.core/build/resources/main/de/uka/ilkd/key/proof/rules/ruleSetsDeclarations.key took 15 ms to parse. 
949        WARN  main            d.u.i.k.n.ParsingFacade   Parsing time 70 ms. 
982        WARN  main            d.u.i.k.n.ParsingFacade   file:/home/runner/work/key/key/key.core/build/resources/main/de/uka/ilkd/key/proof/rules/integerHeader.key took 7 ms to parse. 
982        WARN  main            d.u.i.k.n.ParsingFacade   Parsing time 77 ms. 
984        WARN  main            d.u.i.k.n.ParsingFacade   file:/home/runner/work/key/key/key.core/build/resources/main/de/uka/ilkd/key/proof/rules/floatHeader.key took 1 ms to parse. 
984        WARN  main            d.u.i.k.n.ParsingFacade   Parsing time 78 ms. 
986        WARN  main            d.u.i.k.n.ParsingFacade   file:/home/runner/work/key/key/key.core/build/resources/main/de/uka/ilkd/key/proof/rules/heap.key took 1 ms to parse. 
987        WARN  main            d.u.i.k.n.ParsingFacade   Parsing time 79 ms. 
993        WARN  main            d.u.i.k.n.ParsingFacade   file:/home/runner/work/key/key/key.core/build/resources/main/de/uka/ilkd/key/proof/rules/locSets.key took 0 ms to parse. 
993        WARN  main            d.u.i.k.n.ParsingFacade   Parsing time 79 ms. 
995        WARN  main            d.u.i.k.n.ParsingFacade   file:/home/runner/work/key/key/key.core/build/resources/main/de/uka/ilkd/key/proof/rules/permission.key took 2 ms to parse. 
995        WARN  main            d.u.i.k.n.ParsingFacade   Parsing time 81 ms. 
996        WARN  main            d.u.i.k.n.ParsingFacade   file:/home/runner/work/key/key/key.core/build/resources/main/de/uka/ilkd/key/proof/rules/reach.key took 0 ms to parse. 
996        WARN  main            d.u.i.k.n.ParsingFacade   Parsing time 81 ms. 
997        WARN  main            d.u.i.k.n.ParsingFacade   file:/home/runner/work/key/key/key.core/build/resources/main/de/uka/ilkd/key/proof/rules/seq.key took 1 ms to parse. 
997        WARN  main            d.u.i.k.n.ParsingFacade   Parsing time 82 ms. 
1044       WARN  main            d.u.i.k.n.ParsingFacade   file:/home/runner/work/key/key/key.core/build/resources/main/de/uka/ilkd/key/proof/rules/map.key took 46 ms to parse. 
1044       WARN  main            d.u.i.k.n.ParsingFacade   Parsing time 128 ms. 
1048       WARN  main            d.u.i.k.n.ParsingFacade   file:/home/runner/work/key/key/key.core/build/resources/main/de/uka/ilkd/key/proof/rules/freeADT.key took 0 ms to parse. 
1048       WARN  main            d.u.i.k.n.ParsingFacade   Parsing time 128 ms. 
1050       WARN  main            d.u.i.k.n.ParsingFacade   file:/home/runner/work/key/key/key.core/build/resources/main/de/uka/ilkd/key/proof/rules/wellfound.key took 0 ms to parse. 
1051       WARN  main            d.u.i.k.n.ParsingFacade   Parsing time 128 ms. 
1051       WARN  main            d.u.i.k.n.ParsingFacade   file:/home/runner/work/key/key/key.core/build/resources/main/de/uka/ilkd/key/proof/rules/charListHeader.key took 0 ms to parse. 
1051       WARN  main            d.u.i.k.n.ParsingFacade   Parsing time 128 ms. 
1252       WARN  main            d.u.i.k.n.ParsingFacade   file:/home/runner/work/key/key/key.core/build/resources/main/de/uka/ilkd/key/proof/rules/propRule.key took 12 ms to parse. 
1252       WARN  main            d.u.i.k.n.ParsingFacade   Parsing time 140 ms. 
1293       WARN  main            d.u.i.k.n.ParsingFacade   file:/home/runner/work/key/key/key.core/build/resources/main/de/uka/ilkd/key/proof/rules/firstOrderRules.key took 4 ms to parse. 
1293       WARN  main            d.u.i.k.n.ParsingFacade   Parsing time 144 ms. 
1316       WARN  main            d.u.i.k.n.ParsingFacade   file:/home/runner/work/key/key/key.core/build/resources/main/de/uka/ilkd/key/proof/rules/ifThenElseRules.key took 10 ms to parse. 
1316       WARN  main            d.u.i.k.n.ParsingFacade   Parsing time 154 ms. 
1360       WARN  main            d.u.i.k.n.ParsingFacade   file:/home/runner/work/key/key/key.core/build/resources/main/de/uka/ilkd/key/proof/rules/formulaNormalisationRules.key took 9 ms to parse. 
1360       WARN  main            d.u.i.k.n.ParsingFacade   Parsing time 163 ms. 
1412       WARN  main            d.u.i.k.n.ParsingFacade   file:/home/runner/work/key/key/key.core/build/resources/main/de/uka/ilkd/key/proof/rules/updateRules.key took 4 ms to parse. 
1413       WARN  main            d.u.i.k.n.ParsingFacade   Parsing time 167 ms. 
1439       WARN  main            d.u.i.k.n.ParsingFacade   file:/home/runner/work/key/key/key.core/build/resources/main/de/uka/ilkd/key/proof/rules/integerRulesCommon.key took 2 ms to parse. 
1440       WARN  main            d.u.i.k.n.ParsingFacade   Parsing time 169 ms. 
1619       WARN  main            d.u.i.k.n.ParsingFacade   file:/home/runner/work/key/key/key.core/build/resources/main/de/uka/ilkd/key/proof/rules/intRules.key took 6 ms to parse. 
1619       WARN  main            d.u.i.k.n.ParsingFacade   Parsing time 175 ms. 
1642       WARN  main            d.u.i.k.n.ParsingFacade   file:/home/runner/work/key/key/key.core/build/resources/main/de/uka/ilkd/key/proof/rules/intRulesUncheckedSemantics.key took 3 ms to parse. 
1642       WARN  main            d.u.i.k.n.ParsingFacade   Parsing time 178 ms. 
1650       WARN  main            d.u.i.k.n.ParsingFacade   file:/home/runner/work/key/key/key.core/build/resources/main/de/uka/ilkd/key/proof/rules/intRulesCheckedSemantics.key took 1 ms to parse. 
1651       WARN  main            d.u.i.k.n.ParsingFacade   Parsing time 179 ms. 
1659       WARN  main            d.u.i.k.n.ParsingFacade   file:/home/runner/work/key/key/key.core/build/resources/main/de/uka/ilkd/key/proof/rules/intRulesJavaSemantics.key took 2 ms to parse. 
1659       WARN  main            d.u.i.k.n.ParsingFacade   Parsing time 181 ms. 
1709       WARN  main            d.u.i.k.n.ParsingFacade   file:/home/runner/work/key/key/key.core/build/resources/main/de/uka/ilkd/key/proof/rules/integerSimplificationRules.key took 32 ms to parse. 
1709       WARN  main            d.u.i.k.n.ParsingFacade   Parsing time 213 ms. 
1830       WARN  main            d.u.i.k.n.ParsingFacade   file:/home/runner/work/key/key/key.core/build/resources/main/de/uka/ilkd/key/proof/rules/intDiv.key took 3 ms to parse. 
1831       WARN  main            d.u.i.k.n.ParsingFacade   Parsing time 216 ms. 
1853       WARN  main            d.u.i.k.n.ParsingFacade   file:/home/runner/work/key/key/key.core/build/resources/main/de/uka/ilkd/key/proof/rules/bsum.key took 6 ms to parse. 
1853       WARN  main            d.u.i.k.n.ParsingFacade   Parsing time 222 ms. 
1920       WARN  main            d.u.i.k.n.ParsingFacade   file:/home/runner/work/key/key/key.core/build/resources/main/de/uka/ilkd/key/proof/rules/bprod.key took 2 ms to parse. 
1921       WARN  main            d.u.i.k.n.ParsingFacade   Parsing time 224 ms. 
1931       WARN  main            d.u.i.k.n.ParsingFacade   file:/home/runner/work/key/key/key.core/build/resources/main/de/uka/ilkd/key/proof/rules/binaryAxioms.key took 1 ms to parse. 
1931       WARN  main            d.u.i.k.n.ParsingFacade   Parsing time 225 ms. 
1935       WARN  main            d.u.i.k.n.ParsingFacade   file:/home/runner/work/key/key/key.core/build/resources/main/de/uka/ilkd/key/proof/rules/binaryLemmas.key took 1 ms to parse. 
1935       WARN  main            d.u.i.k.n.ParsingFacade   Parsing time 226 ms. 
1940       WARN  main            d.u.i.k.n.ParsingFacade   file:/home/runner/work/key/key/key.core/build/resources/main/de/uka/ilkd/key/proof/rules/intPow.key took 2 ms to parse. 
1940       WARN  main            d.u.i.k.n.ParsingFacade   Parsing time 228 ms. 
1950       WARN  main            d.u.i.k.n.ParsingFacade   file:/home/runner/work/key/key/key.core/build/resources/main/de/uka/ilkd/key/proof/rules/floatRulesCommon.key took 3 ms to parse. 
1950       WARN  main            d.u.i.k.n.ParsingFacade   Parsing time 231 ms. 
1962       WARN  main            d.u.i.k.n.ParsingFacade   file:/home/runner/work/key/key/key.core/build/resources/main/de/uka/ilkd/key/proof/rules/floatRules.key took 0 ms to parse. 
1963       WARN  main            d.u.i.k.n.ParsingFacade   Parsing time 231 ms. 
1964       WARN  main            d.u.i.k.n.ParsingFacade   file:/home/runner/work/key/key/key.core/build/resources/main/de/uka/ilkd/key/proof/rules/floatRulesVerifyNormal.key took 0 ms to parse. 
1964       WARN  main            d.u.i.k.n.ParsingFacade   Parsing time 231 ms. 
1967       WARN  main            d.u.i.k.n.ParsingFacade   file:/home/runner/work/key/key/key.core/build/resources/main/de/uka/ilkd/key/proof/rules/floatRulesAssumeStrictfp.key took 2 ms to parse. 
1968       WARN  main            d.u.i.k.n.ParsingFacade   Parsing time 233 ms. 
1986       WARN  main            d.u.i.k.n.ParsingFacade   file:/home/runner/work/key/key/key.core/build/resources/main/de/uka/ilkd/key/proof/rules/genericRules.key took 1 ms to parse. 
1986       WARN  main            d.u.i.k.n.ParsingFacade   Parsing time 234 ms. 
1995       WARN  main            d.u.i.k.n.ParsingFacade   file:/home/runner/work/key/key/key.core/build/resources/main/de/uka/ilkd/key/proof/rules/booleanRules.key took 0 ms to parse. 
1995       WARN  main            d.u.i.k.n.ParsingFacade   Parsing time 234 ms. 
1998       WARN  main            d.u.i.k.n.ParsingFacade   file:/home/runner/work/key/key/key.core/build/resources/main/de/uka/ilkd/key/proof/rules/epsilon.key took 0 ms to parse. 
1999       WARN  main            d.u.i.k.n.ParsingFacade   Parsing time 234 ms. 
2007       WARN  main            d.u.i.k.n.ParsingFacade   file:/home/runner/work/key/key/key.core/build/resources/main/de/uka/ilkd/key/proof/rules/locSetsRules.key took 6 ms to parse. 
2007       WARN  main            d.u.i.k.n.ParsingFacade   Parsing time 240 ms. 
2066       WARN  main            d.u.i.k.n.ParsingFacade   file:/home/runner/work/key/key/key.core/build/resources/main/de/uka/ilkd/key/proof/rules/heapRules.key took 6 ms to parse. 
2066       WARN  main            d.u.i.k.n.ParsingFacade   Parsing time 246 ms. 
2099       WARN  main            d.u.i.k.n.ParsingFacade   file:/home/runner/work/key/key/key.core/build/resources/main/de/uka/ilkd/key/proof/rules/permissionRules.key took 2 ms to parse. 
2100       WARN  main            d.u.i.k.n.ParsingFacade   Parsing time 248 ms. 
2114       WARN  main            d.u.i.k.n.ParsingFacade   file:/home/runner/work/key/key/key.core/build/resources/main/de/uka/ilkd/key/proof/rules/reachRules.key took 2 ms to parse. 
2114       WARN  main            d.u.i.k.n.ParsingFacade   Parsing time 250 ms. 
2124       WARN  main            d.u.i.k.n.ParsingFacade   file:/home/runner/work/key/key/key.core/build/resources/main/de/uka/ilkd/key/proof/rules/seqCoreRules.key took 0 ms to parse. 
2124       WARN  main            d.u.i.k.n.ParsingFacade   Parsing time 250 ms. 
2130       WARN  main            d.u.i.k.n.ParsingFacade   file:/home/runner/work/key/key/key.core/build/resources/main/de/uka/ilkd/key/proof/rules/seqRules.key took 4 ms to parse. 
2131       WARN  main            d.u.i.k.n.ParsingFacade   Parsing time 254 ms. 
2152       WARN  main            d.u.i.k.n.ParsingFacade   file:/home/runner/work/key/key/key.core/build/resources/main/de/uka/ilkd/key/proof/rules/seqPerm.key took 4 ms to parse. 
2152       WARN  main            d.u.i.k.n.ParsingFacade   Parsing time 258 ms. 
2195       WARN  main            d.u.i.k.n.ParsingFacade   file:/home/runner/work/key/key/key.core/build/resources/main/de/uka/ilkd/key/proof/rules/seqPerm2.key took 0 ms to parse. 
2196       WARN  main            d.u.i.k.n.ParsingFacade   Parsing time 258 ms. 
2227       WARN  main            d.u.i.k.n.ParsingFacade   file:/home/runner/work/key/key/key.core/build/resources/main/de/uka/ilkd/key/proof/rules/javaRules.key took 28 ms to parse. 
2227       WARN  main            d.u.i.k.n.ParsingFacade   Parsing time 286 ms. 
2235       WARN  main            d.u.i.k.n.ParsingFacade   file:/home/runner/work/key/key/key.core/build/resources/main/de/uka/ilkd/key/proof/rules/assertions.key took 0 ms to parse. 
2236       WARN  main            d.u.i.k.n.ParsingFacade   Parsing time 286 ms. 
2816       WARN  main            d.u.i.k.n.ParsingFacade   file:/home/runner/work/key/key/key.core/build/resources/main/de/uka/ilkd/key/proof/rules/loopRules.key took 2 ms to parse. 
2816       WARN  main            d.u.i.k.n.ParsingFacade   Parsing time 288 ms. 
2827       WARN  main            d.u.i.k.n.ParsingFacade   file:/home/runner/work/key/key/key.core/build/resources/main/de/uka/ilkd/key/proof/rules/activeUse.key took 1 ms to parse. 
2827       WARN  main            d.u.i.k.n.ParsingFacade   Parsing time 289 ms. 
2881       WARN  main            d.u.i.k.n.ParsingFacade   file:/home/runner/work/key/key/key.core/build/resources/main/de/uka/ilkd/key/proof/rules/instanceAllocation.key took 6 ms to parse. 
2881       WARN  main            d.u.i.k.n.ParsingFacade   Parsing time 295 ms. 
2893       WARN  main            d.u.i.k.n.ParsingFacade   file:/home/runner/work/key/key/key.core/build/resources/main/de/uka/ilkd/key/proof/rules/java5.key took 0 ms to parse. 
2893       WARN  main            d.u.i.k.n.ParsingFacade   Parsing time 295 ms. 
2900       WARN  main            d.u.i.k.n.ParsingFacade   file:/home/runner/work/key/key/key.core/build/resources/main/de/uka/ilkd/key/proof/rules/integerAssignment2UpdateRules.key took 3 ms to parse. 
2900       WARN  main            d.u.i.k.n.ParsingFacade   Parsing time 298 ms. 
2936       WARN  main            d.u.i.k.n.ParsingFacade   file:/home/runner/work/key/key/key.core/build/resources/main/de/uka/ilkd/key/proof/rules/floatAssignment2UpdateRules.key took 7 ms to parse. 
2936       WARN  main            d.u.i.k.n.ParsingFacade   Parsing time 305 ms. 
2968       WARN  main            d.u.i.k.n.ParsingFacade   file:/home/runner/work/key/key/key.core/build/resources/main/de/uka/ilkd/key/proof/rules/bigint.key took 3 ms to parse. 
2968       WARN  main            d.u.i.k.n.ParsingFacade   Parsing time 308 ms. 
2986       WARN  main            d.u.i.k.n.ParsingFacade   file:/home/runner/work/key/key/key.core/build/resources/main/de/uka/ilkd/key/proof/rules/adtProgramDecompositionRules.key took 1 ms to parse. 
2986       WARN  main            d.u.i.k.n.ParsingFacade   Parsing time 309 ms. 
3000       WARN  main            d.u.i.k.n.ParsingFacade   file:/home/runner/work/key/key/key.core/build/resources/main/de/uka/ilkd/key/proof/rules/precRules.key took 1 ms to parse. 
3000       WARN  main            d.u.i.k.n.ParsingFacade   Parsing time 310 ms. 
3005       WARN  main            d.u.i.k.n.ParsingFacade   file:/home/runner/work/key/key/key.core/build/resources/main/de/uka/ilkd/key/proof/rules/charListRules.key took 2 ms to parse. 
3005       WARN  main            d.u.i.k.n.ParsingFacade   Parsing time 312 ms. 
3025       WARN  main            d.u.i.k.n.ParsingFacade   file:/home/runner/work/key/key/key.core/build/resources/main/de/uka/ilkd/key/proof/rules/regExTheory.key took 0 ms to parse. 
3026       WARN  main            d.u.i.k.n.ParsingFacade   Parsing time 312 ms. 
3027       WARN  main            d.u.i.k.n.ParsingFacade   file:/home/runner/work/key/key/key.core/build/resources/main/de/uka/ilkd/key/proof/rules/regExHeader.key took 0 ms to parse. 
3028       WARN  main            d.u.i.k.n.ParsingFacade   Parsing time 312 ms. 
3030       WARN  main            d.u.i.k.n.ParsingFacade   file:/home/runner/work/key/key/key.core/build/resources/main/de/uka/ilkd/key/proof/rules/regExAxioms.key took 0 ms to parse. 
3032       WARN  main            d.u.i.k.n.ParsingFacade   Parsing time 312 ms. 
3035       WARN  main            d.u.i.k.n.ParsingFacade   file:/home/runner/work/key/key/key.core/build/resources/main/de/uka/ilkd/key/proof/rules/regExLemmaProven.key took 1 ms to parse. 
3035       WARN  main            d.u.i.k.n.ParsingFacade   Parsing time 313 ms. 
3041       WARN  main            d.u.i.k.n.ParsingFacade   file:/home/runner/work/key/key/key.core/build/resources/main/de/uka/ilkd/key/proof/rules/seqEq.key took 1 ms to parse. 
3041       WARN  main            d.u.i.k.n.ParsingFacade   Parsing time 314 ms. 
3048       WARN  main            d.u.i.k.n.ParsingFacade   file:/home/runner/work/key/key/key.core/build/resources/main/de/uka/ilkd/key/proof/rules/infFlow.key took 2 ms to parse. 
3048       WARN  main            d.u.i.k.n.ParsingFacade   Parsing time 316 ms. 
3053       WARN  main            d.u.i.k.n.ParsingFacade   file:/home/runner/work/key/key/key.core/build/resources/main/de/uka/ilkd/key/proof/rules/mapSize.key took 1 ms to parse. 
3053       WARN  main            d.u.i.k.n.ParsingFacade   Parsing time 317 ms. 
3055       WARN  main            d.u.i.k.n.ParsingFacade   file:/home/runner/work/key/key/key.core/build/resources/main/de/uka/ilkd/key/proof/rules/wd.key took 0 ms to parse. 
3055       WARN  main            d.u.i.k.n.ParsingFacade   Parsing time 317 ms. 
3058       WARN  main            d.u.i.k.n.ParsingFacade   file:/home/runner/work/key/key/key.core/build/resources/main/de/uka/ilkd/key/proof/rules/wdHeader.key took 0 ms to parse. 
3059       WARN  main            d.u.i.k.n.ParsingFacade   Parsing time 317 ms. 
3060       WARN  main            d.u.i.k.n.ParsingFacade   file:/home/runner/work/key/key/key.core/build/resources/main/de/uka/ilkd/key/proof/rules/wdGeneralRules.key took 1 ms to parse. 
3060       WARN  main            d.u.i.k.n.ParsingFacade   Parsing time 318 ms. 
3071       WARN  main            d.u.i.k.n.ParsingFacade   file:/home/runner/work/key/key/key.core/build/resources/main/de/uka/ilkd/key/proof/rules/wdNumericalRules.key took 5 ms to parse. 
3071       WARN  main            d.u.i.k.n.ParsingFacade   Parsing time 323 ms. 
3130       WARN  main            d.u.i.k.n.ParsingFacade   file:/home/runner/work/key/key/key.core/build/resources/main/de/uka/ilkd/key/proof/rules/wdLocSetRules.key took 1 ms to parse. 
3130       WARN  main            d.u.i.k.n.ParsingFacade   Parsing time 324 ms. 
3135       WARN  main            d.u.i.k.n.ParsingFacade   file:/home/runner/work/key/key/key.core/build/resources/main/de/uka/ilkd/key/proof/rules/wdHeapRules.key took 0 ms to parse. 
3135       WARN  main            d.u.i.k.n.ParsingFacade   Parsing time 324 ms. 
3139       WARN  main            d.u.i.k.n.ParsingFacade   file:/home/runner/work/key/key/key.core/build/resources/main/de/uka/ilkd/key/proof/rules/wdReachRules.key took 0 ms to parse. 
3139       WARN  main            d.u.i.k.n.ParsingFacade   Parsing time 324 ms. 
3141       WARN  main            d.u.i.k.n.ParsingFacade   file:/home/runner/work/key/key/key.core/build/resources/main/de/uka/ilkd/key/proof/rules/wdSeqRules.key took 0 ms to parse. 
3141       WARN  main            d.u.i.k.n.ParsingFacade   Parsing time 324 ms. 
3144       WARN  main            d.u.i.k.n.ParsingFacade   file:/home/runner/work/key/key/key.core/build/resources/main/de/uka/ilkd/key/proof/rules/wdStringRules.key took 0 ms to parse. 
3144       WARN  main            d.u.i.k.n.ParsingFacade   Parsing time 324 ms. 
3147       WARN  main            d.u.i.k.n.ParsingFacade   file:/home/runner/work/key/key/key.core/build/resources/main/de/uka/ilkd/key/proof/rules/wdRegExRules.key took 1 ms to parse. 
3147       WARN  main            d.u.i.k.n.ParsingFacade   Parsing time 325 ms. 
3152       WARN  main            d.u.i.k.n.ParsingFacade   file:/home/runner/work/key/key/key.core/build/resources/main/de/uka/ilkd/key/proof/rules/wdFormulaRules.key took 4 ms to parse. 
3152       WARN  main            d.u.i.k.n.ParsingFacade   Parsing time 329 ms. 
3163       WARN  main            d.u.i.k.n.ParsingFacade   file:/home/runner/work/key/key/key.core/build/resources/main/de/uka/ilkd/key/proof/rules/loopInvariantRules.key took 0 ms to parse. 
3163       WARN  main            d.u.i.k.n.ParsingFacade   Parsing time 329 ms. 
3165       WARN  main            d.u.i.k.n.ParsingFacade   file:/home/runner/work/key/key/key.core/build/resources/main/de/uka/ilkd/key/proof/rules/forLoopRules.key took 0 ms to parse. 
3165       WARN  main            d.u.i.k.n.ParsingFacade   Parsing time 329 ms. 
3172       WARN  main            d.u.i.k.n.ParsingFacade   file:/home/runner/work/key/key/key.core/build/resources/main/de/uka/ilkd/key/proof/rules/execRules.key took 4 ms to parse. 
3172       WARN  main            d.u.i.k.n.ParsingFacade   Parsing time 333 ms. 
3254       WARN  main            d.u.i.k.n.ParsingFacade   file:/home/runner/work/key/key/key.core/build/resources/main/de/uka/ilkd/key/proof/rules/loopScopeRules.key took 2 ms to parse. 
3255       WARN  main            d.u.i.k.n.ParsingFacade   Parsing time 335 ms. 
7361       WARN  main            d.u.i.k.n.ParsingFacade   file:/home/runner/work/key/key/key.core/build/resources/main/de/uka/ilkd/key/java/JavaRedux/java/lang/String.key took 8 ms to parse. 
7362       WARN  main            d.u.i.k.n.ParsingFacade   Parsing time 343 ms. 
10351      WARN  main            d.u.i.k.n.ParsingFacade   /home/runner/work/key/key/key.core/../key.ui/examples/InformationFlow/BlockContracts/contract.IFBlockExamples(contract.IFBlockExamples__secure_5()).JML operation contract.0.key took 0 ms to parse. 
10355      WARN  main            d.u.i.k.n.ParsingFacade   Parsing time 343 ms. 
11086      INFO  main            d.u.i.k.p.r.p.TestFile    ... finished proof: closed. 
11207      INFO  main            d.u.i.k.p.r.p.TestFile    Now processing file /home/runner/work/key/key/key.core/../key.ui/examples/InformationFlow/BlockContracts/contract.IFBlockExamples(contract.IFBlockExamples__block_no_return_secure(int)).JML operation contract.0.key 
11209      WARN  main            d.u.i.k.n.ParsingFacade   /home/runner/work/key/key/key.core/../key.ui/examples/InformationFlow/BlockContracts/contract.IFBlockExamples(contract.IFBlockExamples__block_no_return_secure(int)).JML operation contract.0.key took 0 ms to parse. 
11209      WARN  main            d.u.i.k.n.ParsingFacade   Parsing time 343 ms. 
12496      WARN  main            d.u.i.k.n.ParsingFacade   file:/home/runner/work/key/key/key.core/build/resources/main/de/uka/ilkd/key/java/JavaRedux/java/lang/String.key took 2 ms to parse. 
12496      WARN  main            d.u.i.k.n.ParsingFacade   Parsing time 345 ms. 
14850      WARN  main            d.u.i.k.n.ParsingFacade   /home/runner/work/key/key/key.core/../key.ui/examples/InformationFlow/BlockContracts/contract.IFBlockExamples(contract.IFBlockExamples__block_no_return_secure(int)).JML operation contract.0.key took 0 ms to parse. 
14851      WARN  main            d.u.i.k.n.ParsingFacade   Parsing time 345 ms. 
15054      INFO  main            d.u.i.k.p.r.p.TestFile    ... finished proof: closed. 
15190      INFO  main            d.u.i.k.p.r.p.TestFile    Now processing file /home/runner/work/key/key/key.core/../key.ui/examples/InformationFlow/BlockContracts/contract.IFBlockExamples(contract.IFBlockExamples__while_block_insecure(int)).JML operation contract.0.key 
15190      WARN  main            d.u.i.k.n.ParsingFacade   /home/runner/work/key/key/key.core/../key.ui/examples/InformationFlow/BlockContracts/contract.IFBlockExamples(contract.IFBlockExamples__while_block_insecure(int)).JML operation contract.0.key took 0 ms to parse. 
15190      WARN  main            d.u.i.k.n.ParsingFacade   Parsing time 345 ms. 
16370      WARN  main            d.u.i.k.n.ParsingFacade   file:/home/runner/work/key/key/key.core/build/resources/main/de/uka/ilkd/key/java/JavaRedux/java/lang/String.key took 1 ms to parse. 
16370      WARN  main            d.u.i.k.n.ParsingFacade   Parsing time 346 ms. 
18614      WARN  main            d.u.i.k.n.ParsingFacade   /home/runner/work/key/key/key.core/../key.ui/examples/InformationFlow/BlockContracts/contract.IFBlockExamples(contract.IFBlockExamples__while_block_insecure(int)).JML operation contract.0.key took 0 ms to parse. 
18614      WARN  main            d.u.i.k.n.ParsingFacade   Parsing time 346 ms. 
19118      INFO  main            d.u.i.k.p.r.p.TestFile    ... finished proof: closed. 
19266      INFO  main            d.u.i.k.p.r.p.TestFile    Now processing file /home/runner/work/key/key/key.core/../key.ui/examples/InformationFlow/BlockContracts/contract.IFBlockExamples(contract.IFBlockExamples__while_block_secure(int)).JML operation contract.0.key 
19267      WARN  main            d.u.i.k.n.ParsingFacade   /home/runner/work/key/key/key.core/../key.ui/examples/InformationFlow/BlockContracts/contract.IFBlockExamples(contract.IFBlockExamples__while_block_secure(int)).JML operation contract.0.key took 1 ms to parse. 
19267      WARN  main            d.u.i.k.n.ParsingFacade   Parsing time 347 ms. 
20429      WARN  main            d.u.i.k.n.ParsingFacade   file:/home/runner/work/key/key/key.core/build/resources/main/de/uka/ilkd/key/java/JavaRedux/java/lang/String.key took 1 ms to parse. 
20429      WARN  main            d.u.i.k.n.ParsingFacade   Parsing time 348 ms. 
22630      WARN  main            d.u.i.k.n.ParsingFacade   /home/runner/work/key/key/key.core/../key.ui/examples/InformationFlow/BlockContracts/contract.IFBlockExamples(contract.IFBlockExamples__while_block_secure(int)).JML operation contract.0.key took 0 ms to parse. 
22631      WARN  main            d.u.i.k.n.ParsingFacade   Parsing time 348 ms. 
23036      INFO  main            d.u.i.k.p.r.p.TestFile    ... finished proof: closed. 
23208      INFO  main            d.u.i.k.p.r.p.TestFile    Now processing file /home/runner/work/key/key/key.core/../key.ui/examples/InformationFlow/BlockContracts/contract.IFBlockExamples(contract.IFBlockExamples__block_while_secure(int)).JML operation contract.0.key 
23208      WARN  main            d.u.i.k.n.ParsingFacade   /home/runner/work/key/key/key.core/../key.ui/examples/InformationFlow/BlockContracts/contract.IFBlockExamples(contract.IFBlockExamples__block_while_secure(int)).JML operation contract.0.key took 0 ms to parse. 
23209      WARN  main            d.u.i.k.n.ParsingFacade   Parsing time 348 ms. 
24275      WARN  main            d.u.i.k.n.ParsingFacade   file:/home/runner/work/key/key/key.core/build/resources/main/de/uka/ilkd/key/java/JavaRedux/java/lang/String.key took 1 ms to parse. 
24276      WARN  main            d.u.i.k.n.ParsingFacade   Parsing time 349 ms. 
26532      WARN  main            d.u.i.k.n.ParsingFacade   /home/runner/work/key/key/key.core/../key.ui/examples/InformationFlow/BlockContracts/contract.IFBlockExamples(contract.IFBlockExamples__block_while_secure(int)).JML operation contract.0.key took 0 ms to parse. 
26532      WARN  main            d.u.i.k.n.ParsingFacade   Parsing time 349 ms. 
26940      INFO  main            d.u.i.k.p.r.p.TestFile    ... finished proof: closed. 
27106      INFO  main            d.u.i.k.p.r.p.TestFile    Now processing file /home/runner/work/key/key/key.core/../key.ui/examples/InformationFlow/BlockContracts/contract.IFBlockExamples(contract.IFBlockExamples__insecure_4(int)).JML operation contract.0.key 
27107      WARN  main            d.u.i.k.n.ParsingFacade   /home/runner/work/key/key/key.core/../key.ui/examples/InformationFlow/BlockContracts/contract.IFBlockExamples(contract.IFBlockExamples__insecure_4(int)).JML operation contract.0.key took 1 ms to parse. 
27107      WARN  main            d.u.i.k.n.ParsingFacade   Parsing time 350 ms. 
28151      WARN  main            d.u.i.k.n.ParsingFacade   file:/home/runner/work/key/key/key.core/build/resources/main/de/uka/ilkd/key/java/JavaRedux/java/lang/String.key took 2 ms to parse. 
28151      WARN  main            d.u.i.k.n.ParsingFacade   Parsing time 352 ms. 
30326      WARN  main            d.u.i.k.n.ParsingFacade   /home/runner/work/key/key/key.core/../key.ui/examples/InformationFlow/BlockContracts/contract.IFBlockExamples(contract.IFBlockExamples__insecure_4(int)).JML operation contract.0.key took 0 ms to parse. 
30326      WARN  main            d.u.i.k.n.ParsingFacade   Parsing time 352 ms. 
30831      INFO  main            d.u.i.k.p.r.p.TestFile    ... finished proof: closed. 
31010      INFO  main            d.u.i.k.p.r.p.TestFile    Now processing file /home/runner/work/key/key/key.core/../key.ui/examples/InformationFlow/BlockContracts/contract.IFBlockExamples(contract.IFBlockExamples__insecure_3(int)).JML operation contract.0.key 
31010      WARN  main            d.u.i.k.n.ParsingFacade   /home/runner/work/key/key/key.core/../key.ui/examples/InformationFlow/BlockContracts/contract.IFBlockExamples(contract.IFBlockExamples__insecure_3(int)).JML operation contract.0.key took 0 ms to parse. 
31010      WARN  main            d.u.i.k.n.ParsingFacade   Parsing time 352 ms. 
32076      WARN  main            d.u.i.k.n.ParsingFacade   file:/home/runner/work/key/key/key.core/build/resources/main/de/uka/ilkd/key/java/JavaRedux/java/lang/String.key took 1 ms to parse. 
32077      WARN  main            d.u.i.k.n.ParsingFacade   Parsing time 353 ms. 
34272      WARN  main            d.u.i.k.n.ParsingFacade   /home/runner/work/key/key/key.core/../key.ui/examples/InformationFlow/BlockContracts/contract.IFBlockExamples(contract.IFBlockExamples__insecure_3(int)).JML operation contract.0.key took 0 ms to parse. 
34273      WARN  main            d.u.i.k.n.ParsingFacade   Parsing time 353 ms. 
34677      INFO  main            d.u.i.k.p.r.p.TestFile    ... finished proof: closed. 
34867      INFO  main            d.u.i.k.p.r.p.TestFile    Now processing file /home/runner/work/key/key/key.core/../key.ui/examples/InformationFlow/BlockContracts/contract.IFBlockExamples(contract.IFBlockExamples__secure_3(int)).JML operation contract.0.key 
34868      WARN  main            d.u.i.k.n.ParsingFacade   /home/runner/work/key/key/key.core/../key.ui/examples/InformationFlow/BlockContracts/contract.IFBlockExamples(contract.IFBlockExamples__secure_3(int)).JML operation contract.0.key took 0 ms to parse. 
34868      WARN  main            d.u.i.k.n.ParsingFacade   Parsing time 353 ms. 
35926      WARN  main            d.u.i.k.n.ParsingFacade   file:/home/runner/work/key/key/key.core/build/resources/main/de/uka/ilkd/key/java/JavaRedux/java/lang/String.key took 1 ms to parse. 
35927      WARN  main            d.u.i.k.n.ParsingFacade   Parsing time 354 ms. 
38121      WARN  main            d.u.i.k.n.ParsingFacade   /home/runner/work/key/key/key.core/../key.ui/examples/InformationFlow/BlockContracts/contract.IFBlockExamples(contract.IFBlockExamples__secure_3(int)).JML operation contract.0.key took 0 ms to parse. 
38121      WARN  main            d.u.i.k.n.ParsingFacade   Parsing time 354 ms. 
38626      INFO  main            d.u.i.k.p.r.p.TestFile    ... finished proof: closed. 
38812      INFO  main            d.u.i.k.p.r.p.TestFile    Now processing file /home/runner/work/key/key/key.core/../key.ui/examples/InformationFlow/BlockContracts/contract.IFBlockExamples(contract.IFBlockExamples__secure_2(int)).JML operation contract.0.key 
38813      WARN  main            d.u.i.k.n.ParsingFacade   /home/runner/work/key/key/key.core/../key.ui/examples/InformationFlow/BlockContracts/contract.IFBlockExamples(contract.IFBlockExamples__secure_2(int)).JML operation contract.0.key took 0 ms to parse. 
38813      WARN  main            d.u.i.k.n.ParsingFacade   Parsing time 354 ms. 
39873      WARN  main            d.u.i.k.n.ParsingFacade   file:/home/runner/work/key/key/key.core/build/resources/main/de/uka/ilkd/key/java/JavaRedux/java/lang/String.key took 1 ms to parse. 
39874      WARN  main            d.u.i.k.n.ParsingFacade   Parsing time 355 ms. 
42135      WARN  main            d.u.i.k.n.ParsingFacade   /home/runner/work/key/key/key.core/../key.ui/examples/InformationFlow/BlockContracts/contract.IFBlockExamples(contract.IFBlockExamples__secure_2(int)).JML operation contract.0.key took 0 ms to parse. 
42135      WARN  main            d.u.i.k.n.ParsingFacade   Parsing time 355 ms. 
42539      INFO  main            d.u.i.k.p.r.p.TestFile    ... finished proof: closed. 
42732      INFO  main            d.u.i.k.p.r.p.TestFile    Now processing file /home/runner/work/key/key/key.core/../key.ui/examples/InformationFlow/BlockContracts/contract.IFBlockExamples(contract.IFBlockExamples__secure_8(int)).JML operation contract.0.key 
42733      WARN  main            d.u.i.k.n.ParsingFacade   /home/runner/work/key/key/key.core/../key.ui/examples/InformationFlow/BlockContracts/contract.IFBlockExamples(contract.IFBlockExamples__secure_8(int)).JML operation contract.0.key took 0 ms to parse. 
42733      WARN  main            d.u.i.k.n.ParsingFacade   Parsing time 355 ms. 
43793      WARN  main            d.u.i.k.n.ParsingFacade   file:/home/runner/work/key/key/key.core/build/resources/main/de/uka/ilkd/key/java/JavaRedux/java/lang/String.key took 1 ms to parse. 
43793      WARN  main            d.u.i.k.n.ParsingFacade   Parsing time 356 ms. 
45977      WARN  main            d.u.i.k.n.ParsingFacade   /home/runner/work/key/key/key.core/../key.ui/examples/InformationFlow/BlockContracts/contract.IFBlockExamples(contract.IFBlockExamples__secure_8(int)).JML operation contract.0.key took 0 ms to parse. 
45978      WARN  main            d.u.i.k.n.ParsingFacade   Parsing time 356 ms. 
46282      INFO  main            d.u.i.k.p.r.p.TestFile    ... finished proof: closed. 
46472      INFO  main            d.u.i.k.p.r.p.TestFile    Now processing file /home/runner/work/key/key/key.core/../key.ui/examples/InformationFlow/BlockContracts/contract.IFBlockExamples(contract.IFBlockExamples__secure_7(int)).JML operation contract.0.key 
46473      WARN  main            d.u.i.k.n.ParsingFacade   /home/runner/work/key/key/key.core/../key.ui/examples/InformationFlow/BlockContracts/contract.IFBlockExamples(contract.IFBlockExamples__secure_7(int)).JML operation contract.0.key took 0 ms to parse. 
46473      WARN  main            d.u.i.k.n.ParsingFacade   Parsing time 356 ms. 
47520      WARN  main            d.u.i.k.n.ParsingFacade   file:/home/runner/work/key/key/key.core/build/resources/main/de/uka/ilkd/key/java/JavaRedux/java/lang/String.key took 1 ms to parse. 
47520      WARN  main            d.u.i.k.n.ParsingFacade   Parsing time 357 ms. 
49701      WARN  main            d.u.i.k.n.ParsingFacade   /home/runner/work/key/key/key.core/../key.ui/examples/InformationFlow/BlockContracts/contract.IFBlockExamples(contract.IFBlockExamples__secure_7(int)).JML operation contract.0.key took 0 ms to parse. 
49701      WARN  main            d.u.i.k.n.ParsingFacade   Parsing time 357 ms. 
49905      INFO  main            d.u.i.k.p.r.p.TestFile    ... finished proof: closed. 
50126      INFO  main            d.u.i.k.p.r.p.TestFile    Now processing file /home/runner/work/key/key/key.core/../key.ui/examples/InformationFlow/BlockContracts/contract.IFBlockExamples(contract.IFBlockExamples__secure_6(int)).JML operation contract.0.key 
50126      WARN  main            d.u.i.k.n.ParsingFacade   /home/runner/work/key/key/key.core/../key.ui/examples/InformationFlow/BlockContracts/contract.IFBlockExamples(contract.IFBlockExamples__secure_6(int)).JML operation contract.0.key took 0 ms to parse. 
50126      WARN  main            d.u.i.k.n.ParsingFacade   Parsing time 357 ms. 
51167      WARN  main            d.u.i.k.n.ParsingFacade   file:/home/runner/work/key/key/key.core/build/resources/main/de/uka/ilkd/key/java/JavaRedux/java/lang/String.key took 1 ms to parse. 
51168      WARN  main            d.u.i.k.n.ParsingFacade   Parsing time 358 ms. 
53310      WARN  main            d.u.i.k.n.ParsingFacade   /home/runner/work/key/key/key.core/../key.ui/examples/InformationFlow/BlockContracts/contract.IFBlockExamples(contract.IFBlockExamples__secure_6(int)).JML operation contract.0.key took 0 ms to parse. 
53311      WARN  main            d.u.i.k.n.ParsingFacade   Parsing time 358 ms. 
53512      INFO  main            d.u.i.k.p.r.p.TestFile    ... finished proof: closed. 
53692      INFO  main            d.u.i.k.p.r.p.TestFile    Now processing file /home/runner/work/key/key/key.core/../key.ui/examples/InformationFlow/BlockContracts/contract.IFBlockExamples(contract.IFBlockExamples__insecure_1(int)).JML operation contract.0.key 
53693      WARN  main            d.u.i.k.n.ParsingFacade   /home/runner/work/key/key/key.core/../key.ui/examples/InformationFlow/BlockContracts/contract.IFBlockExamples(contract.IFBlockExamples__insecure_1(int)).JML operation contract.0.key took 0 ms to parse. 
53693      WARN  main            d.u.i.k.n.ParsingFacade   Parsing time 358 ms. 
54749      WARN  main            d.u.i.k.n.ParsingFacade   file:/home/runner/work/key/key/key.core/build/resources/main/de/uka/ilkd/key/java/JavaRedux/java/lang/String.key took 1 ms to parse. 
54749      WARN  main            d.u.i.k.n.ParsingFacade   Parsing time 359 ms. 
56877      WARN  main            d.u.i.k.n.ParsingFacade   /home/runner/work/key/key/key.core/../key.ui/examples/InformationFlow/BlockContracts/contract.IFBlockExamples(contract.IFBlockExamples__insecure_1(int)).JML operation contract.0.key took 0 ms to parse. 
56877      WARN  main            d.u.i.k.n.ParsingFacade   Parsing time 359 ms. 
57082      INFO  main            d.u.i.k.p.r.p.TestFile    ... finished proof: closed. 
57259      INFO  main            d.u.i.k.p.r.p.TestFile    Now processing file /home/runner/work/key/key/key.core/../key.ui/examples/InformationFlow/BlockContracts/contract.IFBlockExamples(contract.IFBlockExamples__secure_4(int)).JML operation contract.0.key 
57260      WARN  main            d.u.i.k.n.ParsingFacade   /home/runner/work/key/key/key.core/../key.ui/examples/InformationFlow/BlockContracts/contract.IFBlockExamples(contract.IFBlockExamples__secure_4(int)).JML operation contract.0.key took 0 ms to parse. 
57260      WARN  main            d.u.i.k.n.ParsingFacade   Parsing time 359 ms. 
58324      WARN  main            d.u.i.k.n.ParsingFacade   file:/home/runner/work/key/key/key.core/build/resources/main/de/uka/ilkd/key/java/JavaRedux/java/lang/String.key took 3 ms to parse. 
58324      WARN  main            d.u.i.k.n.ParsingFacade   Parsing time 362 ms. 
60494      WARN  main            d.u.i.k.n.ParsingFacade   /home/runner/work/key/key/key.core/../key.ui/examples/InformationFlow/BlockContracts/contract.IFBlockExamples(contract.IFBlockExamples__secure_4(int)).JML operation contract.0.key took 0 ms to parse. 
60494      WARN  main            d.u.i.k.n.ParsingFacade   Parsing time 362 ms. 
60701      INFO  main            d.u.i.k.p.r.p.TestFile    ... finished proof: closed. 
60920      INFO  main            d.u.i.k.p.r.p.TestFile    Now processing file /home/runner/work/key/key/key.core/../key.ui/examples/InformationFlow/BlockContracts/contract.IFBlockExamples(contract.IFBlockExamples__secure_1(int)).JML operation contract.0.key 
60920      WARN  main            d.u.i.k.n.ParsingFacade   /home/runner/work/key/key/key.core/../key.ui/examples/InformationFlow/BlockContracts/contract.IFBlockExamples(contract.IFBlockExamples__secure_1(int)).JML operation contract.0.key took 0 ms to parse. 
60920      WARN  main            d.u.i.k.n.ParsingFacade   Parsing time 362 ms. 
61971      WARN  main            d.u.i.k.n.ParsingFacade   file:/home/runner/work/key/key/key.core/build/resources/main/de/uka/ilkd/key/java/JavaRedux/java/lang/String.key took 1 ms to parse. 
61971      WARN  main            d.u.i.k.n.ParsingFacade   Parsing time 363 ms. 
64118      WARN  main            d.u.i.k.n.ParsingFacade   /home/runner/work/key/key/key.core/../key.ui/examples/InformationFlow/BlockContracts/contract.IFBlockExamples(contract.IFBlockExamples__secure_1(int)).JML operation contract.0.key took 0 ms to parse. 
64119      WARN  main            d.u.i.k.n.ParsingFacade   Parsing time 363 ms. 
64322      INFO  main            d.u.i.k.p.r.p.TestFile    ... finished proof: closed. 
64512      INFO  main            d.u.i.k.p.r.p.TestFile    Now processing file /home/runner/work/key/key/key.core/../key.ui/examples/InformationFlow/BlockContracts/contract.IFEfficiencyExamples(contract.IFEfficiencyExamples__mWithoutBlockContract()).JML operation contract.0.key 
64512      WARN  main            d.u.i.k.n.ParsingFacade   /home/runner/work/key/key/key.core/../key.ui/examples/InformationFlow/BlockContracts/contract.IFEfficiencyExamples(contract.IFEfficiencyExamples__mWithoutBlockContract()).JML operation contract.0.key took 0 ms to parse. 
64512      WARN  main            d.u.i.k.n.ParsingFacade   Parsing time 363 ms. 
65586      WARN  main            d.u.i.k.n.ParsingFacade   file:/home/runner/work/key/key/key.core/build/resources/main/de/uka/ilkd/key/java/JavaRedux/java/lang/String.key took 1 ms to parse. 
65586      WARN  main            d.u.i.k.n.ParsingFacade   Parsing time 364 ms. 
67678      WARN  main            d.u.i.k.n.ParsingFacade   /home/runner/work/key/key/key.core/../key.ui/examples/InformationFlow/BlockContracts/contract.IFEfficiencyExamples(contract.IFEfficiencyExamples__mWithoutBlockContract()).JML operation contract.0.key took 0 ms to parse. 
67679      WARN  main            d.u.i.k.n.ParsingFacade   Parsing time 364 ms. 
68382      INFO  main            d.u.i.k.p.r.p.TestFile    ... finished proof: closed. 
68604      INFO  main            d.u.i.k.p.r.p.TestFile    Now processing file /home/runner/work/key/key/key.core/../key.ui/examples/InformationFlow/BlockContracts/contract.IFEfficiencyExamples(contract.IFEfficiencyExamples__mWithBlockContract()).JML operation contract.0.key 
68605      WARN  main            d.u.i.k.n.ParsingFacade   /home/runner/work/key/key/key.core/../key.ui/examples/InformationFlow/BlockContracts/contract.IFEfficiencyExamples(contract.IFEfficiencyExamples__mWithBlockContract()).JML operation contract.0.key took 0 ms to parse. 
68605      WARN  main            d.u.i.k.n.ParsingFacade   Parsing time 364 ms. 
69642      WARN  main            d.u.i.k.n.ParsingFacade   file:/home/runner/work/key/key/key.core/build/resources/main/de/uka/ilkd/key/java/JavaRedux/java/lang/String.key took 1 ms to parse. 
69643      WARN  main            d.u.i.k.n.ParsingFacade   Parsing time 365 ms. 
71781      WARN  main            d.u.i.k.n.ParsingFacade   /home/runner/work/key/key/key.core/../key.ui/examples/InformationFlow/BlockContracts/contract.IFEfficiencyExamples(contract.IFEfficiencyExamples__mWithBlockContract()).JML operation contract.0.key took 0 ms to parse. 
71782      WARN  main            d.u.i.k.n.ParsingFacade   Parsing time 365 ms. 
72289      INFO  main            d.u.i.k.p.r.p.TestFile    ... finished proof: closed. 
264626     INFO  Test worker     d.u.i.k.p.r.RunAllProofsTestUnit Returning from test BlockContracts 
264629     INFO  Test worker     d.u.i.k.p.r.RunAllProofsTestUnit Running test MethodContracts 
358        INFO  Timeout watchdog d.u.i.k.p.r.p.ForkedTestFileRunner Timeout watcher launched (1000 secs.) 
373        WARN  main            d.u.i.k.s.ProofSettings   The settings in /home/runner/.key/proof-settings.props are *not* read. 
415        INFO  main            d.u.i.k.p.r.p.TestFile    Now processing file /home/runner/work/key/key/key.core/../key.ui/examples/InformationFlow/MethodContracts/contract.IFMethodContract(contract.IFMethodContract__secure_recursion_2((I,int)).JML normal_behavior operation contract.0.key 
703        WARN  main            d.u.i.k.n.ParsingFacade   /home/runner/work/key/key/key.core/../key.ui/examples/InformationFlow/MethodContracts/contract.IFMethodContract(contract.IFMethodContract__secure_recursion_2((I,int)).JML normal_behavior operation contract.0.key took 13 ms to parse. 
704        WARN  main            d.u.i.k.n.ParsingFacade   Parsing time 13 ms. 
839        WARN  main            d.u.i.k.n.ParsingFacade   file:/home/runner/work/key/key/key.core/build/resources/main/de/uka/ilkd/key/proof/rules/standardRules.key took 6 ms to parse. 
852        WARN  main            d.u.i.k.n.ParsingFacade   Parsing time 19 ms. 
889        WARN  main            d.u.i.k.n.ParsingFacade   file:/home/runner/work/key/key/key.core/build/resources/main/de/uka/ilkd/key/proof/rules/ldt.key took 5 ms to parse. 
890        WARN  main            d.u.i.k.n.ParsingFacade   Parsing time 24 ms. 
900        WARN  main            d.u.i.k.n.ParsingFacade   file:/home/runner/work/key/key/key.core/build/resources/main/de/uka/ilkd/key/proof/rules/boolean.key took 4 ms to parse. 
901        WARN  main            d.u.i.k.n.ParsingFacade   Parsing time 28 ms. 
926        WARN  main            d.u.i.k.n.ParsingFacade   file:/home/runner/work/key/key/key.core/build/resources/main/de/uka/ilkd/key/proof/rules/ruleSetsDeclarations.key took 7 ms to parse. 
927        WARN  main            d.u.i.k.n.ParsingFacade   Parsing time 35 ms. 
967        WARN  main            d.u.i.k.n.ParsingFacade   file:/home/runner/work/key/key/key.core/build/resources/main/de/uka/ilkd/key/proof/rules/integerHeader.key took 11 ms to parse. 
967        WARN  main            d.u.i.k.n.ParsingFacade   Parsing time 46 ms. 
969        WARN  main            d.u.i.k.n.ParsingFacade   file:/home/runner/work/key/key/key.core/build/resources/main/de/uka/ilkd/key/proof/rules/floatHeader.key took 1 ms to parse. 
970        WARN  main            d.u.i.k.n.ParsingFacade   Parsing time 47 ms. 
975        WARN  main            d.u.i.k.n.ParsingFacade   file:/home/runner/work/key/key/key.core/build/resources/main/de/uka/ilkd/key/proof/rules/heap.key took 5 ms to parse. 
975        WARN  main            d.u.i.k.n.ParsingFacade   Parsing time 52 ms. 
980        WARN  main            d.u.i.k.n.ParsingFacade   file:/home/runner/work/key/key/key.core/build/resources/main/de/uka/ilkd/key/proof/rules/locSets.key took 1 ms to parse. 
980        WARN  main            d.u.i.k.n.ParsingFacade   Parsing time 53 ms. 
983        WARN  main            d.u.i.k.n.ParsingFacade   file:/home/runner/work/key/key/key.core/build/resources/main/de/uka/ilkd/key/proof/rules/permission.key took 2 ms to parse. 
983        WARN  main            d.u.i.k.n.ParsingFacade   Parsing time 55 ms. 
983        WARN  main            d.u.i.k.n.ParsingFacade   file:/home/runner/work/key/key/key.core/build/resources/main/de/uka/ilkd/key/proof/rules/reach.key took 0 ms to parse. 
983        WARN  main            d.u.i.k.n.ParsingFacade   Parsing time 55 ms. 
984        WARN  main            d.u.i.k.n.ParsingFacade   file:/home/runner/work/key/key/key.core/build/resources/main/de/uka/ilkd/key/proof/rules/seq.key took 0 ms to parse. 
984        WARN  main            d.u.i.k.n.ParsingFacade   Parsing time 55 ms. 
1040       WARN  main            d.u.i.k.n.ParsingFacade   file:/home/runner/work/key/key/key.core/build/resources/main/de/uka/ilkd/key/proof/rules/map.key took 47 ms to parse. 
1040       WARN  main            d.u.i.k.n.ParsingFacade   Parsing time 102 ms. 
1045       WARN  main            d.u.i.k.n.ParsingFacade   file:/home/runner/work/key/key/key.core/build/resources/main/de/uka/ilkd/key/proof/rules/freeADT.key took 4 ms to parse. 
1045       WARN  main            d.u.i.k.n.ParsingFacade   Parsing time 106 ms. 
1046       WARN  main            d.u.i.k.n.ParsingFacade   file:/home/runner/work/key/key/key.core/build/resources/main/de/uka/ilkd/key/proof/rules/wellfound.key took 0 ms to parse. 
1046       WARN  main            d.u.i.k.n.ParsingFacade   Parsing time 106 ms. 
1047       WARN  main            d.u.i.k.n.ParsingFacade   file:/home/runner/work/key/key/key.core/build/resources/main/de/uka/ilkd/key/proof/rules/charListHeader.key took 1 ms to parse. 
1047       WARN  main            d.u.i.k.n.ParsingFacade   Parsing time 107 ms. 
1233       WARN  main            d.u.i.k.n.ParsingFacade   file:/home/runner/work/key/key/key.core/build/resources/main/de/uka/ilkd/key/proof/rules/propRule.key took 7 ms to parse. 
1233       WARN  main            d.u.i.k.n.ParsingFacade   Parsing time 114 ms. 
1283       WARN  main            d.u.i.k.n.ParsingFacade   file:/home/runner/work/key/key/key.core/build/resources/main/de/uka/ilkd/key/proof/rules/firstOrderRules.key took 8 ms to parse. 
1288       WARN  main            d.u.i.k.n.ParsingFacade   Parsing time 122 ms. 
1323       WARN  main            d.u.i.k.n.ParsingFacade   file:/home/runner/work/key/key/key.core/build/resources/main/de/uka/ilkd/key/proof/rules/ifThenElseRules.key took 18 ms to parse. 
1323       WARN  main            d.u.i.k.n.ParsingFacade   Parsing time 140 ms. 
1351       WARN  main            d.u.i.k.n.ParsingFacade   file:/home/runner/work/key/key/key.core/build/resources/main/de/uka/ilkd/key/proof/rules/formulaNormalisationRules.key took 10 ms to parse. 
1351       WARN  main            d.u.i.k.n.ParsingFacade   Parsing time 150 ms. 
1449       WARN  main            d.u.i.k.n.ParsingFacade   file:/home/runner/work/key/key/key.core/build/resources/main/de/uka/ilkd/key/proof/rules/updateRules.key took 9 ms to parse. 
1450       WARN  main            d.u.i.k.n.ParsingFacade   Parsing time 159 ms. 
1480       WARN  main            d.u.i.k.n.ParsingFacade   file:/home/runner/work/key/key/key.core/build/resources/main/de/uka/ilkd/key/proof/rules/integerRulesCommon.key took 5 ms to parse. 
1481       WARN  main            d.u.i.k.n.ParsingFacade   Parsing time 164 ms. 
1581       WARN  main            d.u.i.k.n.ParsingFacade   file:/home/runner/work/key/key/key.core/build/resources/main/de/uka/ilkd/key/proof/rules/intRules.key took 3 ms to parse. 
1582       WARN  main            d.u.i.k.n.ParsingFacade   Parsing time 167 ms. 
1595       WARN  main            d.u.i.k.n.ParsingFacade   file:/home/runner/work/key/key/key.core/build/resources/main/de/uka/ilkd/key/proof/rules/intRulesUncheckedSemantics.key took 3 ms to parse. 
1595       WARN  main            d.u.i.k.n.ParsingFacade   Parsing time 170 ms. 
1603       WARN  main            d.u.i.k.n.ParsingFacade   file:/home/runner/work/key/key/key.core/build/resources/main/de/uka/ilkd/key/proof/rules/intRulesCheckedSemantics.key took 1 ms to parse. 
1603       WARN  main            d.u.i.k.n.ParsingFacade   Parsing time 171 ms. 
1611       WARN  main            d.u.i.k.n.ParsingFacade   file:/home/runner/work/key/key/key.core/build/resources/main/de/uka/ilkd/key/proof/rules/intRulesJavaSemantics.key took 3 ms to parse. 
1611       WARN  main            d.u.i.k.n.ParsingFacade   Parsing time 174 ms. 
1644       WARN  main            d.u.i.k.n.ParsingFacade   file:/home/runner/work/key/key/key.core/build/resources/main/de/uka/ilkd/key/proof/rules/integerSimplificationRules.key took 22 ms to parse. 
1645       WARN  main            d.u.i.k.n.ParsingFacade   Parsing time 196 ms. 
1803       WARN  main            d.u.i.k.n.ParsingFacade   file:/home/runner/work/key/key/key.core/build/resources/main/de/uka/ilkd/key/proof/rules/intDiv.key took 10 ms to parse. 
1803       WARN  main            d.u.i.k.n.ParsingFacade   Parsing time 206 ms. 
1842       WARN  main            d.u.i.k.n.ParsingFacade   file:/home/runner/work/key/key/key.core/build/resources/main/de/uka/ilkd/key/proof/rules/bsum.key took 12 ms to parse. 
1843       WARN  main            d.u.i.k.n.ParsingFacade   Parsing time 218 ms. 
1919       WARN  main            d.u.i.k.n.ParsingFacade   file:/home/runner/work/key/key/key.core/build/resources/main/de/uka/ilkd/key/proof/rules/bprod.key took 2 ms to parse. 
1919       WARN  main            d.u.i.k.n.ParsingFacade   Parsing time 220 ms. 
1931       WARN  main            d.u.i.k.n.ParsingFacade   file:/home/runner/work/key/key/key.core/build/resources/main/de/uka/ilkd/key/proof/rules/binaryAxioms.key took 1 ms to parse. 
1931       WARN  main            d.u.i.k.n.ParsingFacade   Parsing time 221 ms. 
1938       WARN  main            d.u.i.k.n.ParsingFacade   file:/home/runner/work/key/key/key.core/build/resources/main/de/uka/ilkd/key/proof/rules/binaryLemmas.key took 2 ms to parse. 
1938       WARN  main            d.u.i.k.n.ParsingFacade   Parsing time 223 ms. 
1949       WARN  main            d.u.i.k.n.ParsingFacade   file:/home/runner/work/key/key/key.core/build/resources/main/de/uka/ilkd/key/proof/rules/intPow.key took 3 ms to parse. 
1949       WARN  main            d.u.i.k.n.ParsingFacade   Parsing time 226 ms. 
1964       WARN  main            d.u.i.k.n.ParsingFacade   file:/home/runner/work/key/key/key.core/build/resources/main/de/uka/ilkd/key/proof/rules/floatRulesCommon.key took 6 ms to parse. 
1965       WARN  main            d.u.i.k.n.ParsingFacade   Parsing time 232 ms. 
1979       WARN  main            d.u.i.k.n.ParsingFacade   file:/home/runner/work/key/key/key.core/build/resources/main/de/uka/ilkd/key/proof/rules/floatRules.key took 1 ms to parse. 
1979       WARN  main            d.u.i.k.n.ParsingFacade   Parsing time 233 ms. 
1980       WARN  main            d.u.i.k.n.ParsingFacade   file:/home/runner/work/key/key/key.core/build/resources/main/de/uka/ilkd/key/proof/rules/floatRulesVerifyNormal.key took 0 ms to parse. 
1981       WARN  main            d.u.i.k.n.ParsingFacade   Parsing time 233 ms. 
1986       WARN  main            d.u.i.k.n.ParsingFacade   file:/home/runner/work/key/key/key.core/build/resources/main/de/uka/ilkd/key/proof/rules/floatRulesAssumeStrictfp.key took 4 ms to parse. 
1986       WARN  main            d.u.i.k.n.ParsingFacade   Parsing time 237 ms. 
2023       WARN  main            d.u.i.k.n.ParsingFacade   file:/home/runner/work/key/key/key.core/build/resources/main/de/uka/ilkd/key/proof/rules/genericRules.key took 5 ms to parse. 
2024       WARN  main            d.u.i.k.n.ParsingFacade   Parsing time 242 ms. 
2035       WARN  main            d.u.i.k.n.ParsingFacade   file:/home/runner/work/key/key/key.core/build/resources/main/de/uka/ilkd/key/proof/rules/booleanRules.key took 0 ms to parse. 
2035       WARN  main            d.u.i.k.n.ParsingFacade   Parsing time 242 ms. 
2038       WARN  main            d.u.i.k.n.ParsingFacade   file:/home/runner/work/key/key/key.core/build/resources/main/de/uka/ilkd/key/proof/rules/epsilon.key took 0 ms to parse. 
2039       WARN  main            d.u.i.k.n.ParsingFacade   Parsing time 242 ms. 
2056       WARN  main            d.u.i.k.n.ParsingFacade   file:/home/runner/work/key/key/key.core/build/resources/main/de/uka/ilkd/key/proof/rules/locSetsRules.key took 15 ms to parse. 
2057       WARN  main            d.u.i.k.n.ParsingFacade   Parsing time 257 ms. 
2124       WARN  main            d.u.i.k.n.ParsingFacade   file:/home/runner/work/key/key/key.core/build/resources/main/de/uka/ilkd/key/proof/rules/heapRules.key took 8 ms to parse. 
2125       WARN  main            d.u.i.k.n.ParsingFacade   Parsing time 265 ms. 
2157       WARN  main            d.u.i.k.n.ParsingFacade   file:/home/runner/work/key/key/key.core/build/resources/main/de/uka/ilkd/key/proof/rules/permissionRules.key took 3 ms to parse. 
2157       WARN  main            d.u.i.k.n.ParsingFacade   Parsing time 268 ms. 
2170       WARN  main            d.u.i.k.n.ParsingFacade   file:/home/runner/work/key/key/key.core/build/resources/main/de/uka/ilkd/key/proof/rules/reachRules.key took 2 ms to parse. 
2171       WARN  main            d.u.i.k.n.ParsingFacade   Parsing time 270 ms. 
2184       WARN  main            d.u.i.k.n.ParsingFacade   file:/home/runner/work/key/key/key.core/build/resources/main/de/uka/ilkd/key/proof/rules/seqCoreRules.key took 1 ms to parse. 
2184       WARN  main            d.u.i.k.n.ParsingFacade   Parsing time 271 ms. 
2212       WARN  main            d.u.i.k.n.ParsingFacade   file:/home/runner/work/key/key/key.core/build/resources/main/de/uka/ilkd/key/proof/rules/seqRules.key took 26 ms to parse. 
2213       WARN  main            d.u.i.k.n.ParsingFacade   Parsing time 297 ms. 
2238       WARN  main            d.u.i.k.n.ParsingFacade   file:/home/runner/work/key/key/key.core/build/resources/main/de/uka/ilkd/key/proof/rules/seqPerm.key took 3 ms to parse. 
2239       WARN  main            d.u.i.k.n.ParsingFacade   Parsing time 300 ms. 
2255       WARN  main            d.u.i.k.n.ParsingFacade   file:/home/runner/work/key/key/key.core/build/resources/main/de/uka/ilkd/key/proof/rules/seqPerm2.key took 1 ms to parse. 
2255       WARN  main            d.u.i.k.n.ParsingFacade   Parsing time 301 ms. 
2349       WARN  main            d.u.i.k.n.ParsingFacade   file:/home/runner/work/key/key/key.core/build/resources/main/de/uka/ilkd/key/proof/rules/javaRules.key took 88 ms to parse. 
2349       WARN  main            d.u.i.k.n.ParsingFacade   Parsing time 389 ms. 
2360       WARN  main            d.u.i.k.n.ParsingFacade   file:/home/runner/work/key/key/key.core/build/resources/main/de/uka/ilkd/key/proof/rules/assertions.key took 2 ms to parse. 
2360       WARN  main            d.u.i.k.n.ParsingFacade   Parsing time 391 ms. 
2962       WARN  main            d.u.i.k.n.ParsingFacade   file:/home/runner/work/key/key/key.core/build/resources/main/de/uka/ilkd/key/proof/rules/loopRules.key took 2 ms to parse. 
2962       WARN  main            d.u.i.k.n.ParsingFacade   Parsing time 393 ms. 
2971       WARN  main            d.u.i.k.n.ParsingFacade   file:/home/runner/work/key/key/key.core/build/resources/main/de/uka/ilkd/key/proof/rules/activeUse.key took 2 ms to parse. 
2971       WARN  main            d.u.i.k.n.ParsingFacade   Parsing time 395 ms. 
3015       WARN  main            d.u.i.k.n.ParsingFacade   file:/home/runner/work/key/key/key.core/build/resources/main/de/uka/ilkd/key/proof/rules/instanceAllocation.key took 4 ms to parse. 
3015       WARN  main            d.u.i.k.n.ParsingFacade   Parsing time 399 ms. 
3028       WARN  main            d.u.i.k.n.ParsingFacade   file:/home/runner/work/key/key/key.core/build/resources/main/de/uka/ilkd/key/proof/rules/java5.key took 1 ms to parse. 
3028       WARN  main            d.u.i.k.n.ParsingFacade   Parsing time 400 ms. 
3033       WARN  main            d.u.i.k.n.ParsingFacade   file:/home/runner/work/key/key/key.core/build/resources/main/de/uka/ilkd/key/proof/rules/integerAssignment2UpdateRules.key took 3 ms to parse. 
3033       WARN  main            d.u.i.k.n.ParsingFacade   Parsing time 403 ms. 
3067       WARN  main            d.u.i.k.n.ParsingFacade   file:/home/runner/work/key/key/key.core/build/resources/main/de/uka/ilkd/key/proof/rules/floatAssignment2UpdateRules.key took 4 ms to parse. 
3067       WARN  main            d.u.i.k.n.ParsingFacade   Parsing time 407 ms. 
3088       WARN  main            d.u.i.k.n.ParsingFacade   file:/home/runner/work/key/key/key.core/build/resources/main/de/uka/ilkd/key/proof/rules/bigint.key took 2 ms to parse. 
3088       WARN  main            d.u.i.k.n.ParsingFacade   Parsing time 409 ms. 
3103       WARN  main            d.u.i.k.n.ParsingFacade   file:/home/runner/work/key/key/key.core/build/resources/main/de/uka/ilkd/key/proof/rules/adtProgramDecompositionRules.key took 1 ms to parse. 
3103       WARN  main            d.u.i.k.n.ParsingFacade   Parsing time 410 ms. 
3120       WARN  main            d.u.i.k.n.ParsingFacade   file:/home/runner/work/key/key/key.core/build/resources/main/de/uka/ilkd/key/proof/rules/precRules.key took 0 ms to parse. 
3120       WARN  main            d.u.i.k.n.ParsingFacade   Parsing time 410 ms. 
3125       WARN  main            d.u.i.k.n.ParsingFacade   file:/home/runner/work/key/key/key.core/build/resources/main/de/uka/ilkd/key/proof/rules/charListRules.key took 2 ms to parse. 
3125       WARN  main            d.u.i.k.n.ParsingFacade   Parsing time 412 ms. 
3163       WARN  main            d.u.i.k.n.ParsingFacade   file:/home/runner/work/key/key/key.core/build/resources/main/de/uka/ilkd/key/proof/rules/regExTheory.key took 0 ms to parse. 
3163       WARN  main            d.u.i.k.n.ParsingFacade   Parsing time 412 ms. 
3164       WARN  main            d.u.i.k.n.ParsingFacade   file:/home/runner/work/key/key/key.core/build/resources/main/de/uka/ilkd/key/proof/rules/regExHeader.key took 1 ms to parse. 
3164       WARN  main            d.u.i.k.n.ParsingFacade   Parsing time 413 ms. 
3165       WARN  main            d.u.i.k.n.ParsingFacade   file:/home/runner/work/key/key/key.core/build/resources/main/de/uka/ilkd/key/proof/rules/regExAxioms.key took 1 ms to parse. 
3165       WARN  main            d.u.i.k.n.ParsingFacade   Parsing time 414 ms. 
3168       WARN  main            d.u.i.k.n.ParsingFacade   file:/home/runner/work/key/key/key.core/build/resources/main/de/uka/ilkd/key/proof/rules/regExLemmaProven.key took 1 ms to parse. 
3168       WARN  main            d.u.i.k.n.ParsingFacade   Parsing time 415 ms. 
3173       WARN  main            d.u.i.k.n.ParsingFacade   file:/home/runner/work/key/key/key.core/build/resources/main/de/uka/ilkd/key/proof/rules/seqEq.key took 1 ms to parse. 
3173       WARN  main            d.u.i.k.n.ParsingFacade   Parsing time 416 ms. 
3178       WARN  main            d.u.i.k.n.ParsingFacade   file:/home/runner/work/key/key/key.core/build/resources/main/de/uka/ilkd/key/proof/rules/infFlow.key took 1 ms to parse. 
3178       WARN  main            d.u.i.k.n.ParsingFacade   Parsing time 417 ms. 
3183       WARN  main            d.u.i.k.n.ParsingFacade   file:/home/runner/work/key/key/key.core/build/resources/main/de/uka/ilkd/key/proof/rules/mapSize.key took 0 ms to parse. 
3183       WARN  main            d.u.i.k.n.ParsingFacade   Parsing time 417 ms. 
3185       WARN  main            d.u.i.k.n.ParsingFacade   file:/home/runner/work/key/key/key.core/build/resources/main/de/uka/ilkd/key/proof/rules/wd.key took 0 ms to parse. 
3185       WARN  main            d.u.i.k.n.ParsingFacade   Parsing time 417 ms. 
3187       WARN  main            d.u.i.k.n.ParsingFacade   file:/home/runner/work/key/key/key.core/build/resources/main/de/uka/ilkd/key/proof/rules/wdHeader.key took 0 ms to parse. 
3187       WARN  main            d.u.i.k.n.ParsingFacade   Parsing time 417 ms. 
3188       WARN  main            d.u.i.k.n.ParsingFacade   file:/home/runner/work/key/key/key.core/build/resources/main/de/uka/ilkd/key/proof/rules/wdGeneralRules.key took 1 ms to parse. 
3188       WARN  main            d.u.i.k.n.ParsingFacade   Parsing time 418 ms. 
3196       WARN  main            d.u.i.k.n.ParsingFacade   file:/home/runner/work/key/key/key.core/build/resources/main/de/uka/ilkd/key/proof/rules/wdNumericalRules.key took 3 ms to parse. 
3196       WARN  main            d.u.i.k.n.ParsingFacade   Parsing time 421 ms. 
3211       WARN  main            d.u.i.k.n.ParsingFacade   file:/home/runner/work/key/key/key.core/build/resources/main/de/uka/ilkd/key/proof/rules/wdLocSetRules.key took 1 ms to parse. 
3211       WARN  main            d.u.i.k.n.ParsingFacade   Parsing time 422 ms. 
3216       WARN  main            d.u.i.k.n.ParsingFacade   file:/home/runner/work/key/key/key.core/build/resources/main/de/uka/ilkd/key/proof/rules/wdHeapRules.key took 1 ms to parse. 
3216       WARN  main            d.u.i.k.n.ParsingFacade   Parsing time 423 ms. 
3219       WARN  main            d.u.i.k.n.ParsingFacade   file:/home/runner/work/key/key/key.core/build/resources/main/de/uka/ilkd/key/proof/rules/wdReachRules.key took 0 ms to parse. 
3219       WARN  main            d.u.i.k.n.ParsingFacade   Parsing time 423 ms. 
3220       WARN  main            d.u.i.k.n.ParsingFacade   file:/home/runner/work/key/key/key.core/build/resources/main/de/uka/ilkd/key/proof/rules/wdSeqRules.key took 0 ms to parse. 
3220       WARN  main            d.u.i.k.n.ParsingFacade   Parsing time 423 ms. 
3223       WARN  main            d.u.i.k.n.ParsingFacade   file:/home/runner/work/key/key/key.core/build/resources/main/de/uka/ilkd/key/proof/rules/wdStringRules.key took 0 ms to parse. 
3223       WARN  main            d.u.i.k.n.ParsingFacade   Parsing time 423 ms. 
3226       WARN  main            d.u.i.k.n.ParsingFacade   file:/home/runner/work/key/key/key.core/build/resources/main/de/uka/ilkd/key/proof/rules/wdRegExRules.key took 0 ms to parse. 
3226       WARN  main            d.u.i.k.n.ParsingFacade   Parsing time 423 ms. 
3236       WARN  main            d.u.i.k.n.ParsingFacade   file:/home/runner/work/key/key/key.core/build/resources/main/de/uka/ilkd/key/proof/rules/wdFormulaRules.key took 2 ms to parse. 
3236       WARN  main            d.u.i.k.n.ParsingFacade   Parsing time 425 ms. 
3245       WARN  main            d.u.i.k.n.ParsingFacade   file:/home/runner/work/key/key/key.core/build/resources/main/de/uka/ilkd/key/proof/rules/loopInvariantRules.key took 0 ms to parse. 
3245       WARN  main            d.u.i.k.n.ParsingFacade   Parsing time 425 ms. 
3247       WARN  main            d.u.i.k.n.ParsingFacade   file:/home/runner/work/key/key/key.core/build/resources/main/de/uka/ilkd/key/proof/rules/forLoopRules.key took 1 ms to parse. 
3247       WARN  main            d.u.i.k.n.ParsingFacade   Parsing time 426 ms. 
3251       WARN  main            d.u.i.k.n.ParsingFacade   file:/home/runner/work/key/key/key.core/build/resources/main/de/uka/ilkd/key/proof/rules/execRules.key took 3 ms to parse. 
3251       WARN  main            d.u.i.k.n.ParsingFacade   Parsing time 429 ms. 
3323       WARN  main            d.u.i.k.n.ParsingFacade   file:/home/runner/work/key/key/key.core/build/resources/main/de/uka/ilkd/key/proof/rules/loopScopeRules.key took 2 ms to parse. 
3323       WARN  main            d.u.i.k.n.ParsingFacade   Parsing time 431 ms. 
6728       WARN  main            d.u.i.k.n.ParsingFacade   file:/home/runner/work/key/key/key.core/build/resources/main/de/uka/ilkd/key/java/JavaRedux/java/lang/String.key took 6 ms to parse. 
6728       WARN  main            d.u.i.k.n.ParsingFacade   Parsing time 437 ms. 
9533       WARN  main            d.u.i.k.n.ParsingFacade   /home/runner/work/key/key/key.core/../key.ui/examples/InformationFlow/MethodContracts/contract.IFMethodContract(contract.IFMethodContract__secure_recursion_2((I,int)).JML normal_behavior operation contract.0.key took 0 ms to parse. 
9534       WARN  main            d.u.i.k.n.ParsingFacade   Parsing time 437 ms. 
10659      INFO  main            d.u.i.k.p.r.p.TestFile    ... finished proof: closed. 
10792      INFO  main            d.u.i.k.p.r.p.TestFile    Now processing file /home/runner/work/key/key/key.core/../key.ui/examples/InformationFlow/MethodContracts/contract.IFMethodContract(contract.IFMethodContract__secure_recursion(int)).JML normal_behavior operation contract.0.key 
10793      WARN  main            d.u.i.k.n.ParsingFacade   /home/runner/work/key/key/key.core/../key.ui/examples/InformationFlow/MethodContracts/contract.IFMethodContract(contract.IFMethodContract__secure_recursion(int)).JML normal_behavior operation contract.0.key took 1 ms to parse. 
10793      WARN  main            d.u.i.k.n.ParsingFacade   Parsing time 438 ms. 
11996      WARN  main            d.u.i.k.n.ParsingFacade   file:/home/runner/work/key/key/key.core/build/resources/main/de/uka/ilkd/key/java/JavaRedux/java/lang/String.key took 1 ms to parse. 
11997      WARN  main            d.u.i.k.n.ParsingFacade   Parsing time 439 ms. 
14162      WARN  main            d.u.i.k.n.ParsingFacade   /home/runner/work/key/key/key.core/../key.ui/examples/InformationFlow/MethodContracts/contract.IFMethodContract(contract.IFMethodContract__secure_recursion(int)).JML normal_behavior operation contract.0.key took 0 ms to parse. 
14163      WARN  main            d.u.i.k.n.ParsingFacade   Parsing time 439 ms. 
14470      INFO  main            d.u.i.k.p.r.p.TestFile    ... finished proof: closed. 
14607      INFO  main            d.u.i.k.p.r.p.TestFile    Now processing file /home/runner/work/key/key/key.core/../key.ui/examples/InformationFlow/MethodContracts/contract.IFMethodContract(contract.IFMethodContract__secure_catch_exception()).JML operation contract.0.key 
14608      WARN  main            d.u.i.k.n.ParsingFacade   /home/runner/work/key/key/key.core/../key.ui/examples/InformationFlow/MethodContracts/contract.IFMethodContract(contract.IFMethodContract__secure_catch_exception()).JML operation contract.0.key took 0 ms to parse. 
14608      WARN  main            d.u.i.k.n.ParsingFacade   Parsing time 439 ms. 
15728      WARN  main            d.u.i.k.n.ParsingFacade   file:/home/runner/work/key/key/key.core/build/resources/main/de/uka/ilkd/key/java/JavaRedux/java/lang/String.key took 1 ms to parse. 
15729      WARN  main            d.u.i.k.n.ParsingFacade   Parsing time 440 ms. 
17901      WARN  main            d.u.i.k.n.ParsingFacade   /home/runner/work/key/key/key.core/../key.ui/examples/InformationFlow/MethodContracts/contract.IFMethodContract(contract.IFMethodContract__secure_catch_exception()).JML operation contract.0.key took 0 ms to parse. 
17901      WARN  main            d.u.i.k.n.ParsingFacade   Parsing time 440 ms. 
18206      INFO  main            d.u.i.k.p.r.p.TestFile    ... finished proof: closed. 
18344      INFO  main            d.u.i.k.p.r.p.TestFile    Now processing file /home/runner/work/key/key/key.core/../key.ui/examples/InformationFlow/MethodContracts/contract.IFMethodContract(contract.IFMethodContract__n6()).JML normal_behavior operation contract.0.key 
18344      WARN  main            d.u.i.k.n.ParsingFacade   /home/runner/work/key/key/key.core/../key.ui/examples/InformationFlow/MethodContracts/contract.IFMethodContract(contract.IFMethodContract__n6()).JML normal_behavior operation contract.0.key took 0 ms to parse. 
18344      WARN  main            d.u.i.k.n.ParsingFacade   Parsing time 440 ms. 
19483      WARN  main            d.u.i.k.n.ParsingFacade   file:/home/runner/work/key/key/key.core/build/resources/main/de/uka/ilkd/key/java/JavaRedux/java/lang/String.key took 1 ms to parse. 
19485      WARN  main            d.u.i.k.n.ParsingFacade   Parsing time 441 ms. 
21633      WARN  main            d.u.i.k.n.ParsingFacade   /home/runner/work/key/key/key.core/../key.ui/examples/InformationFlow/MethodContracts/contract.IFMethodContract(contract.IFMethodContract__n6()).JML normal_behavior operation contract.0.key took 0 ms to parse. 
21634      WARN  main            d.u.i.k.n.ParsingFacade   Parsing time 441 ms. 
21740      INFO  main            d.u.i.k.p.r.p.TestFile    ... finished proof: closed. 
21881      INFO  main            d.u.i.k.p.r.p.TestFile    Now processing file /home/runner/work/key/key/key.core/../key.ui/examples/InformationFlow/MethodContracts/contract.IFMethodContract(contract.IFMethodContract__secure_n6()).JML operation contract.0.key 
21882      WARN  main            d.u.i.k.n.ParsingFacade   /home/runner/work/key/key/key.core/../key.ui/examples/InformationFlow/MethodContracts/contract.IFMethodContract(contract.IFMethodContract__secure_n6()).JML operation contract.0.key took 0 ms to parse. 
21882      WARN  main            d.u.i.k.n.ParsingFacade   Parsing time 441 ms. 
22947      WARN  main            d.u.i.k.n.ParsingFacade   file:/home/runner/work/key/key/key.core/build/resources/main/de/uka/ilkd/key/java/JavaRedux/java/lang/String.key took 1 ms to parse. 
22948      WARN  main            d.u.i.k.n.ParsingFacade   Parsing time 442 ms. 
25077      WARN  main            d.u.i.k.n.ParsingFacade   /home/runner/work/key/key/key.core/../key.ui/examples/InformationFlow/MethodContracts/contract.IFMethodContract(contract.IFMethodContract__secure_n6()).JML operation contract.0.key took 0 ms to parse. 
25077      WARN  main            d.u.i.k.n.ParsingFacade   Parsing time 442 ms. 
25179      INFO  main            d.u.i.k.p.r.p.TestFile    ... finished proof: closed. 
25320      INFO  main            d.u.i.k.p.r.p.TestFile    Now processing file /home/runner/work/key/key/key.core/../key.ui/examples/InformationFlow/MethodContracts/contract.IFMethodContract(contract.IFMethodContract__secure_array_param_helper()).JML normal_behavior operation contract.0.key 
25320      WARN  main            d.u.i.k.n.ParsingFacade   /home/runner/work/key/key/key.core/../key.ui/examples/InformationFlow/MethodContracts/contract.IFMethodContract(contract.IFMethodContract__secure_array_param_helper()).JML normal_behavior operation contract.0.key took 0 ms to parse. 
25320      WARN  main            d.u.i.k.n.ParsingFacade   Parsing time 442 ms. 
26381      WARN  main            d.u.i.k.n.ParsingFacade   file:/home/runner/work/key/key/key.core/build/resources/main/de/uka/ilkd/key/java/JavaRedux/java/lang/String.key took 1 ms to parse. 
26382      WARN  main            d.u.i.k.n.ParsingFacade   Parsing time 443 ms. 
28479      WARN  main            d.u.i.k.n.ParsingFacade   /home/runner/work/key/key/key.core/../key.ui/examples/InformationFlow/MethodContracts/contract.IFMethodContract(contract.IFMethodContract__secure_array_param_helper()).JML normal_behavior operation contract.0.key took 0 ms to parse. 
28479      WARN  main            d.u.i.k.n.ParsingFacade   Parsing time 443 ms. 
28583      INFO  main            d.u.i.k.p.r.p.TestFile    ... finished proof: closed. 
28727      INFO  main            d.u.i.k.p.r.p.TestFile    Now processing file /home/runner/work/key/key/key.core/../key.ui/examples/InformationFlow/MethodContracts/contract.IFMethodContract(contract.IFMethodContract__secure_array_param((I,int)).JML operation contract.0.key 
28729      WARN  main            d.u.i.k.n.ParsingFacade   /home/runner/work/key/key/key.core/../key.ui/examples/InformationFlow/MethodContracts/contract.IFMethodContract(contract.IFMethodContract__secure_array_param((I,int)).JML operation contract.0.key took 0 ms to parse. 
28729      WARN  main            d.u.i.k.n.ParsingFacade   Parsing time 443 ms. 
29751      WARN  main            d.u.i.k.n.ParsingFacade   file:/home/runner/work/key/key/key.core/build/resources/main/de/uka/ilkd/key/java/JavaRedux/java/lang/String.key took 1 ms to parse. 
29752      WARN  main            d.u.i.k.n.ParsingFacade   Parsing time 444 ms. 
31852      WARN  main            d.u.i.k.n.ParsingFacade   /home/runner/work/key/key/key.core/../key.ui/examples/InformationFlow/MethodContracts/contract.IFMethodContract(contract.IFMethodContract__secure_array_param((I,int)).JML operation contract.0.key took 0 ms to parse. 
31852      WARN  main            d.u.i.k.n.ParsingFacade   Parsing time 444 ms. 
31956      INFO  main            d.u.i.k.p.r.p.TestFile    ... finished proof: closed. 
32124      INFO  main            d.u.i.k.p.r.p.TestFile    Now processing file /home/runner/work/key/key/key.core/../key.ui/examples/InformationFlow/MethodContracts/contract.IFMethodContract(contract.IFMethodContract__n9()).JML normal_behavior operation contract.0.key 
32125      WARN  main            d.u.i.k.n.ParsingFacade   /home/runner/work/key/key/key.core/../key.ui/examples/InformationFlow/MethodContracts/contract.IFMethodContract(contract.IFMethodContract__n9()).JML normal_behavior operation contract.0.key took 0 ms to parse. 
32125      WARN  main            d.u.i.k.n.ParsingFacade   Parsing time 444 ms. 
33143      WARN  main            d.u.i.k.n.ParsingFacade   file:/home/runner/work/key/key/key.core/build/resources/main/de/uka/ilkd/key/java/JavaRedux/java/lang/String.key took 1 ms to parse. 
33144      WARN  main            d.u.i.k.n.ParsingFacade   Parsing time 445 ms. 
35217      WARN  main            d.u.i.k.n.ParsingFacade   /home/runner/work/key/key/key.core/../key.ui/examples/InformationFlow/MethodContracts/contract.IFMethodContract(contract.IFMethodContract__n9()).JML normal_behavior operation contract.0.key took 0 ms to parse. 
35218      WARN  main            d.u.i.k.n.ParsingFacade   Parsing time 445 ms. 
35324      INFO  main            d.u.i.k.p.r.p.TestFile    ... finished proof: closed. 
35486      INFO  main            d.u.i.k.p.r.p.TestFile    Now processing file /home/runner/work/key/key/key.core/../key.ui/examples/InformationFlow/MethodContracts/contract.IFMethodContract(contract.IFMethodContract__secure_assignment_0_n9()).JML operation contract.0.key 
35486      WARN  main            d.u.i.k.n.ParsingFacade   /home/runner/work/key/key/key.core/../key.ui/examples/InformationFlow/MethodContracts/contract.IFMethodContract(contract.IFMethodContract__secure_assignment_0_n9()).JML operation contract.0.key took 0 ms to parse. 
35486      WARN  main            d.u.i.k.n.ParsingFacade   Parsing time 445 ms. 
36517      WARN  main            d.u.i.k.n.ParsingFacade   file:/home/runner/work/key/key/key.core/build/resources/main/de/uka/ilkd/key/java/JavaRedux/java/lang/String.key took 1 ms to parse. 
36518      WARN  main            d.u.i.k.n.ParsingFacade   Parsing time 446 ms. 
38585      WARN  main            d.u.i.k.n.ParsingFacade   /home/runner/work/key/key/key.core/../key.ui/examples/InformationFlow/MethodContracts/contract.IFMethodContract(contract.IFMethodContract__secure_assignment_0_n9()).JML operation contract.0.key took 0 ms to parse. 
38586      WARN  main            d.u.i.k.n.ParsingFacade   Parsing time 446 ms. 
38687      INFO  main            d.u.i.k.p.r.p.TestFile    ... finished proof: closed. 
38846      INFO  main            d.u.i.k.p.r.p.TestFile    Now processing file /home/runner/work/key/key/key.core/../key.ui/examples/InformationFlow/MethodContracts/contract.IFMethodContract(contract.IFMethodContract__insecure_if_high_n5_n1()).JML operation contract.0.key 
38847      WARN  main            d.u.i.k.n.ParsingFacade   /home/runner/work/key/key/key.core/../key.ui/examples/InformationFlow/MethodContracts/contract.IFMethodContract(contract.IFMethodContract__insecure_if_high_n5_n1()).JML operation contract.0.key took 0 ms to parse. 
38848      WARN  main            d.u.i.k.n.ParsingFacade   Parsing time 446 ms. 
39842      WARN  main            d.u.i.k.n.ParsingFacade   file:/home/runner/work/key/key/key.core/build/resources/main/de/uka/ilkd/key/java/JavaRedux/java/lang/String.key took 1 ms to parse. 
39843      WARN  main            d.u.i.k.n.ParsingFacade   Parsing time 447 ms. 
41906      WARN  main            d.u.i.k.n.ParsingFacade   /home/runner/work/key/key/key.core/../key.ui/examples/InformationFlow/MethodContracts/contract.IFMethodContract(contract.IFMethodContract__insecure_if_high_n5_n1()).JML operation contract.0.key took 0 ms to parse. 
41907      WARN  main            d.u.i.k.n.ParsingFacade   Parsing time 447 ms. 
42109      INFO  main            d.u.i.k.p.r.p.TestFile    ... finished proof: closed. 
42272      INFO  main            d.u.i.k.p.r.p.TestFile    Now processing file /home/runner/work/key/key/key.core/../key.ui/examples/InformationFlow/MethodContracts/contract.IFMethodContract(contract.IFMethodContract__n5(int)).JML normal_behavior operation contract.0.key 
42273      WARN  main            d.u.i.k.n.ParsingFacade   /home/runner/work/key/key/key.core/../key.ui/examples/InformationFlow/MethodContracts/contract.IFMethodContract(contract.IFMethodContract__n5(int)).JML normal_behavior operation contract.0.key took 0 ms to parse. 
42273      WARN  main            d.u.i.k.n.ParsingFacade   Parsing time 447 ms. 
43283      WARN  main            d.u.i.k.n.ParsingFacade   file:/home/runner/work/key/key/key.core/build/resources/main/de/uka/ilkd/key/java/JavaRedux/java/lang/String.key took 1 ms to parse. 
43284      WARN  main            d.u.i.k.n.ParsingFacade   Parsing time 448 ms. 
45355      WARN  main            d.u.i.k.n.ParsingFacade   /home/runner/work/key/key/key.core/../key.ui/examples/InformationFlow/MethodContracts/contract.IFMethodContract(contract.IFMethodContract__n5(int)).JML normal_behavior operation contract.0.key took 0 ms to parse. 
45356      WARN  main            d.u.i.k.n.ParsingFacade   Parsing time 448 ms. 
45458      INFO  main            d.u.i.k.p.r.p.TestFile    ... finished proof: closed. 
45673      INFO  main            d.u.i.k.p.r.p.TestFile    Now processing file /home/runner/work/key/key/key.core/../key.ui/examples/InformationFlow/MethodContracts/contract.IFMethodContract(contract.IFMethodContract__secure_if_high_n5_n1()).JML operation contract.0.key 
45674      WARN  main            d.u.i.k.n.ParsingFacade   /home/runner/work/key/key/key.core/../key.ui/examples/InformationFlow/MethodContracts/contract.IFMethodContract(contract.IFMethodContract__secure_if_high_n5_n1()).JML operation contract.0.key took 0 ms to parse. 
45674      WARN  main            d.u.i.k.n.ParsingFacade   Parsing time 448 ms. 
46674      WARN  main            d.u.i.k.n.ParsingFacade   file:/home/runner/work/key/key/key.core/build/resources/main/de/uka/ilkd/key/java/JavaRedux/java/lang/String.key took 2 ms to parse. 
46674      WARN  main            d.u.i.k.n.ParsingFacade   Parsing time 450 ms. 
48789      WARN  main            d.u.i.k.n.ParsingFacade   /home/runner/work/key/key/key.core/../key.ui/examples/InformationFlow/MethodContracts/contract.IFMethodContract(contract.IFMethodContract__secure_if_high_n5_n1()).JML operation contract.0.key took 0 ms to parse. 
48789      WARN  main            d.u.i.k.n.ParsingFacade   Parsing time 450 ms. 
49125      INFO  main            d.u.i.k.p.r.p.TestFile    ... finished proof: closed. 
49395      INFO  main            d.u.i.k.p.r.p.TestFile    Now processing file /home/runner/work/key/key/key.core/../key.ui/examples/InformationFlow/MethodContracts/contract.IFMethodContract(contract.IFMethodContract__secure_if_high_n1()).JML operation contract.0.key 
49398      WARN  main            d.u.i.k.n.ParsingFacade   /home/runner/work/key/key/key.core/../key.ui/examples/InformationFlow/MethodContracts/contract.IFMethodContract(contract.IFMethodContract__secure_if_high_n1()).JML operation contract.0.key took 0 ms to parse. 
49398      WARN  main            d.u.i.k.n.ParsingFacade   Parsing time 450 ms. 
50391      WARN  main            d.u.i.k.n.ParsingFacade   file:/home/runner/work/key/key/key.core/build/resources/main/de/uka/ilkd/key/java/JavaRedux/java/lang/String.key took 1 ms to parse. 
50391      WARN  main            d.u.i.k.n.ParsingFacade   Parsing time 451 ms. 
52429      WARN  main            d.u.i.k.n.ParsingFacade   /home/runner/work/key/key/key.core/../key.ui/examples/InformationFlow/MethodContracts/contract.IFMethodContract(contract.IFMethodContract__secure_if_high_n1()).JML operation contract.0.key took 0 ms to parse. 
52429      WARN  main            d.u.i.k.n.ParsingFacade   Parsing time 451 ms. 
52632      INFO  main            d.u.i.k.p.r.p.TestFile    ... finished proof: closed. 
52814      INFO  main            d.u.i.k.p.r.p.TestFile    Now processing file /home/runner/work/key/key/key.core/../key.ui/examples/InformationFlow/MethodContracts/contract.IFMethodContract(contract.IFMethodContract__secure_n5()).JML operation contract.0.key 
52815      WARN  main            d.u.i.k.n.ParsingFacade   /home/runner/work/key/key/key.core/../key.ui/examples/InformationFlow/MethodContracts/contract.IFMethodContract(contract.IFMethodContract__secure_n5()).JML operation contract.0.key took 0 ms to parse. 
52815      WARN  main            d.u.i.k.n.ParsingFacade   Parsing time 451 ms. 
53795      WARN  main            d.u.i.k.n.ParsingFacade   file:/home/runner/work/key/key/key.core/build/resources/main/de/uka/ilkd/key/java/JavaRedux/java/lang/String.key took 1 ms to parse. 
53795      WARN  main            d.u.i.k.n.ParsingFacade   Parsing time 452 ms. 
55850      WARN  main            d.u.i.k.n.ParsingFacade   /home/runner/work/key/key/key.core/../key.ui/examples/InformationFlow/MethodContracts/contract.IFMethodContract(contract.IFMethodContract__secure_n5()).JML operation contract.0.key took 0 ms to parse. 
55850      WARN  main            d.u.i.k.n.ParsingFacade   Parsing time 452 ms. 
55956      INFO  main            d.u.i.k.p.r.p.TestFile    ... finished proof: closed. 
56135      INFO  main            d.u.i.k.p.r.p.TestFile    Now processing file /home/runner/work/key/key/key.core/../key.ui/examples/InformationFlow/MethodContracts/contract.IFMethodContract(contract.IFMethodContract__n4()).JML normal_behavior operation contract.0.key 
56135      WARN  main            d.u.i.k.n.ParsingFacade   /home/runner/work/key/key/key.core/../key.ui/examples/InformationFlow/MethodContracts/contract.IFMethodContract(contract.IFMethodContract__n4()).JML normal_behavior operation contract.0.key took 0 ms to parse. 
56135      WARN  main            d.u.i.k.n.ParsingFacade   Parsing time 452 ms. 
57126      WARN  main            d.u.i.k.n.ParsingFacade   file:/home/runner/work/key/key/key.core/build/resources/main/de/uka/ilkd/key/java/JavaRedux/java/lang/String.key took 2 ms to parse. 
57126      WARN  main            d.u.i.k.n.ParsingFacade   Parsing time 454 ms. 
59171      WARN  main            d.u.i.k.n.ParsingFacade   /home/runner/work/key/key/key.core/../key.ui/examples/InformationFlow/MethodContracts/contract.IFMethodContract(contract.IFMethodContract__n4()).JML normal_behavior operation contract.0.key took 0 ms to parse. 
59172      WARN  main            d.u.i.k.n.ParsingFacade   Parsing time 454 ms. 
59275      INFO  main            d.u.i.k.p.r.p.TestFile    ... finished proof: closed. 
59454      INFO  main            d.u.i.k.p.r.p.TestFile    Now processing file /home/runner/work/key/key/key.core/../key.ui/examples/InformationFlow/MethodContracts/contract.IFMethodContract(contract.IFMethodContract__n3()).JML normal_behavior operation contract.0.key 
59455      WARN  main            d.u.i.k.n.ParsingFacade   /home/runner/work/key/key/key.core/../key.ui/examples/InformationFlow/MethodContracts/contract.IFMethodContract(contract.IFMethodContract__n3()).JML normal_behavior operation contract.0.key took 0 ms to parse. 
59455      WARN  main            d.u.i.k.n.ParsingFacade   Parsing time 454 ms. 
60455      WARN  main            d.u.i.k.n.ParsingFacade   file:/home/runner/work/key/key/key.core/build/resources/main/de/uka/ilkd/key/java/JavaRedux/java/lang/String.key took 1 ms to parse. 
60456      WARN  main            d.u.i.k.n.ParsingFacade   Parsing time 455 ms. 
62516      WARN  main            d.u.i.k.n.ParsingFacade   /home/runner/work/key/key/key.core/../key.ui/examples/InformationFlow/MethodContracts/contract.IFMethodContract(contract.IFMethodContract__n3()).JML normal_behavior operation contract.0.key took 0 ms to parse. 
62517      WARN  main            d.u.i.k.n.ParsingFacade   Parsing time 455 ms. 
62619      INFO  main            d.u.i.k.p.r.p.TestFile    ... finished proof: closed. 
62804      INFO  main            d.u.i.k.p.r.p.TestFile    Now processing file /home/runner/work/key/key/key.core/../key.ui/examples/InformationFlow/MethodContracts/contract.IFMethodContract(contract.IFMethodContract__secure_sequential_n3_precond_n4()).JML operation contract.0.key 
62805      WARN  main            d.u.i.k.n.ParsingFacade   /home/runner/work/key/key/key.core/../key.ui/examples/InformationFlow/MethodContracts/contract.IFMethodContract(contract.IFMethodContract__secure_sequential_n3_precond_n4()).JML operation contract.0.key took 0 ms to parse. 
62805      WARN  main            d.u.i.k.n.ParsingFacade   Parsing time 455 ms. 
63779      WARN  main            d.u.i.k.n.ParsingFacade   file:/home/runner/work/key/key/key.core/build/resources/main/de/uka/ilkd/key/java/JavaRedux/java/lang/String.key took 1 ms to parse. 
63780      WARN  main            d.u.i.k.n.ParsingFacade   Parsing time 456 ms. 
65892      WARN  main            d.u.i.k.n.ParsingFacade   /home/runner/work/key/key/key.core/../key.ui/examples/InformationFlow/MethodContracts/contract.IFMethodContract(contract.IFMethodContract__secure_sequential_n3_precond_n4()).JML operation contract.0.key took 0 ms to parse. 
65893      WARN  main            d.u.i.k.n.ParsingFacade   Parsing time 456 ms. 
65995      INFO  main            d.u.i.k.p.r.p.TestFile    ... finished proof: closed. 
66184      INFO  main            d.u.i.k.p.r.p.TestFile    Now processing file /home/runner/work/key/key/key.core/../key.ui/examples/InformationFlow/MethodContracts/contract.IFMethodContract(contract.IFMethodContract__insecure_assignment_n2()).JML operation contract.0.key 
66184      WARN  main            d.u.i.k.n.ParsingFacade   /home/runner/work/key/key/key.core/../key.ui/examples/InformationFlow/MethodContracts/contract.IFMethodContract(contract.IFMethodContract__insecure_assignment_n2()).JML operation contract.0.key took 0 ms to parse. 
66185      WARN  main            d.u.i.k.n.ParsingFacade   Parsing time 456 ms. 
67184      WARN  main            d.u.i.k.n.ParsingFacade   file:/home/runner/work/key/key/key.core/build/resources/main/de/uka/ilkd/key/java/JavaRedux/java/lang/String.key took 1 ms to parse. 
67185      WARN  main            d.u.i.k.n.ParsingFacade   Parsing time 457 ms. 
69211      WARN  main            d.u.i.k.n.ParsingFacade   /home/runner/work/key/key/key.core/../key.ui/examples/InformationFlow/MethodContracts/contract.IFMethodContract(contract.IFMethodContract__insecure_assignment_n2()).JML operation contract.0.key took 0 ms to parse. 
69211      WARN  main            d.u.i.k.n.ParsingFacade   Parsing time 457 ms. 
69315      INFO  main            d.u.i.k.p.r.p.TestFile    ... finished proof: closed. 
69498      INFO  main            d.u.i.k.p.r.p.TestFile    Now processing file /home/runner/work/key/key/key.core/../key.ui/examples/InformationFlow/MethodContracts/contract.IFMethodContract(contract.IFMethodContract__secure_assignments_n2()).JML operation contract.0.key 
69499      WARN  main            d.u.i.k.n.ParsingFacade   /home/runner/work/key/key/key.core/../key.ui/examples/InformationFlow/MethodContracts/contract.IFMethodContract(contract.IFMethodContract__secure_assignments_n2()).JML operation contract.0.key took 0 ms to parse. 
69499      WARN  main            d.u.i.k.n.ParsingFacade   Parsing time 457 ms. 
70532      WARN  main            d.u.i.k.n.ParsingFacade   file:/home/runner/work/key/key/key.core/build/resources/main/de/uka/ilkd/key/java/JavaRedux/java/lang/String.key took 1 ms to parse. 
70532      WARN  main            d.u.i.k.n.ParsingFacade   Parsing time 458 ms. 
72566      WARN  main            d.u.i.k.n.ParsingFacade   /home/runner/work/key/key/key.core/../key.ui/examples/InformationFlow/MethodContracts/contract.IFMethodContract(contract.IFMethodContract__secure_assignments_n2()).JML operation contract.0.key took 0 ms to parse. 
72566      WARN  main            d.u.i.k.n.ParsingFacade   Parsing time 458 ms. 
72671      INFO  main            d.u.i.k.p.r.p.TestFile    ... finished proof: closed. 
72860      INFO  main            d.u.i.k.p.r.p.TestFile    Now processing file /home/runner/work/key/key/key.core/../key.ui/examples/InformationFlow/MethodContracts/contract.IFMethodContract(contract.IFMethodContract__n2()).JML normal_behavior operation contract.0.key 
72861      WARN  main            d.u.i.k.n.ParsingFacade   /home/runner/work/key/key/key.core/../key.ui/examples/InformationFlow/MethodContracts/contract.IFMethodContract(contract.IFMethodContract__n2()).JML normal_behavior operation contract.0.key took 0 ms to parse. 
72861      WARN  main            d.u.i.k.n.ParsingFacade   Parsing time 458 ms. 
73868      WARN  main            d.u.i.k.n.ParsingFacade   file:/home/runner/work/key/key/key.core/build/resources/main/de/uka/ilkd/key/java/JavaRedux/java/lang/String.key took 1 ms to parse. 
73869      WARN  main            d.u.i.k.n.ParsingFacade   Parsing time 459 ms. 
75907      WARN  main            d.u.i.k.n.ParsingFacade   /home/runner/work/key/key/key.core/../key.ui/examples/InformationFlow/MethodContracts/contract.IFMethodContract(contract.IFMethodContract__n2()).JML normal_behavior operation contract.0.key took 0 ms to parse. 
75908      WARN  main            d.u.i.k.n.ParsingFacade   Parsing time 459 ms. 
76011      INFO  main            d.u.i.k.p.r.p.TestFile    ... finished proof: closed. 
76199      INFO  main            d.u.i.k.p.r.p.TestFile    Now processing file /home/runner/work/key/key/key.core/../key.ui/examples/InformationFlow/MethodContracts/contract.IFMethodContract(contract.IFMethodContract__n1()).JML normal_behavior operation contract.0.key 
76200      WARN  main            d.u.i.k.n.ParsingFacade   /home/runner/work/key/key/key.core/../key.ui/examples/InformationFlow/MethodContracts/contract.IFMethodContract(contract.IFMethodContract__n1()).JML normal_behavior operation contract.0.key took 0 ms to parse. 
76200      WARN  main            d.u.i.k.n.ParsingFacade   Parsing time 459 ms. 
77198      WARN  main            d.u.i.k.n.ParsingFacade   file:/home/runner/work/key/key/key.core/build/resources/main/de/uka/ilkd/key/java/JavaRedux/java/lang/String.key took 1 ms to parse. 
77199      WARN  main            d.u.i.k.n.ParsingFacade   Parsing time 460 ms. 
79219      WARN  main            d.u.i.k.n.ParsingFacade   /home/runner/work/key/key/key.core/../key.ui/examples/InformationFlow/MethodContracts/contract.IFMethodContract(contract.IFMethodContract__n1()).JML normal_behavior operation contract.0.key took 0 ms to parse. 
79220      WARN  main            d.u.i.k.n.ParsingFacade   Parsing time 460 ms. 
79324      INFO  main            d.u.i.k.p.r.p.TestFile    ... finished proof: closed. 
79519      INFO  main            d.u.i.k.p.r.p.TestFile    Now processing file /home/runner/work/key/key/key.core/../key.ui/examples/InformationFlow/MethodContracts/contract.IFMethodContract(contract.IFMethodContract__secure_sequential_n1_n2()).JML operation contract.0.key 
79520      WARN  main            d.u.i.k.n.ParsingFacade   /home/runner/work/key/key/key.core/../key.ui/examples/InformationFlow/MethodContracts/contract.IFMethodContract(contract.IFMethodContract__secure_sequential_n1_n2()).JML operation contract.0.key took 0 ms to parse. 
79520      WARN  main            d.u.i.k.n.ParsingFacade   Parsing time 460 ms. 
80516      WARN  main            d.u.i.k.n.ParsingFacade   file:/home/runner/work/key/key/key.core/build/resources/main/de/uka/ilkd/key/java/JavaRedux/java/lang/String.key took 3 ms to parse. 
80516      WARN  main            d.u.i.k.n.ParsingFacade   Parsing time 463 ms. 
82524      WARN  main            d.u.i.k.n.ParsingFacade   /home/runner/work/key/key/key.core/../key.ui/examples/InformationFlow/MethodContracts/contract.IFMethodContract(contract.IFMethodContract__secure_sequential_n1_n2()).JML operation contract.0.key took 0 ms to parse. 
82524      WARN  main            d.u.i.k.n.ParsingFacade   Parsing time 463 ms. 
82629      INFO  main            d.u.i.k.p.r.p.TestFile    ... finished proof: closed. 
347655     INFO  Test worker     d.u.i.k.p.r.RunAllProofsTestUnit Returning from test MethodContracts 
347656     INFO  Test worker     d.u.i.k.p.r.RunAllProofsTestUnit Running test LoopInvariants 
378        INFO  Timeout watchdog d.u.i.k.p.r.p.ForkedTestFileRunner Timeout watcher launched (1000 secs.) 
391        WARN  main            d.u.i.k.s.ProofSettings   The settings in /home/runner/.key/proof-settings.props are *not* read. 
431        INFO  main            d.u.i.k.p.r.p.TestFile    Now processing file /home/runner/work/key/key/key.core/../key.ui/examples/InformationFlow/LoopInvariants/loop.IFLoopExamples(loop.IFLoopExamples__insecure_while_3(int)).JML operation contract.0.key 
657        WARN  main            d.u.i.k.n.ParsingFacade   /home/runner/work/key/key/key.core/../key.ui/examples/InformationFlow/LoopInvariants/loop.IFLoopExamples(loop.IFLoopExamples__insecure_while_3(int)).JML operation contract.0.key took 12 ms to parse. 
658        WARN  main            d.u.i.k.n.ParsingFacade   Parsing time 12 ms. 
810        WARN  main            d.u.i.k.n.ParsingFacade   file:/home/runner/work/key/key/key.core/build/resources/main/de/uka/ilkd/key/proof/rules/standardRules.key took 16 ms to parse. 
810        WARN  main            d.u.i.k.n.ParsingFacade   Parsing time 28 ms. 
832        WARN  main            d.u.i.k.n.ParsingFacade   file:/home/runner/work/key/key/key.core/build/resources/main/de/uka/ilkd/key/proof/rules/ldt.key took 2 ms to parse. 
832        WARN  main            d.u.i.k.n.ParsingFacade   Parsing time 30 ms. 
837        WARN  main            d.u.i.k.n.ParsingFacade   file:/home/runner/work/key/key/key.core/build/resources/main/de/uka/ilkd/key/proof/rules/boolean.key took 2 ms to parse. 
838        WARN  main            d.u.i.k.n.ParsingFacade   Parsing time 32 ms. 
860        WARN  main            d.u.i.k.n.ParsingFacade   file:/home/runner/work/key/key/key.core/build/resources/main/de/uka/ilkd/key/proof/rules/ruleSetsDeclarations.key took 8 ms to parse. 
860        WARN  main            d.u.i.k.n.ParsingFacade   Parsing time 40 ms. 
884        WARN  main            d.u.i.k.n.ParsingFacade   file:/home/runner/work/key/key/key.core/build/resources/main/de/uka/ilkd/key/proof/rules/integerHeader.key took 4 ms to parse. 
885        WARN  main            d.u.i.k.n.ParsingFacade   Parsing time 44 ms. 
887        WARN  main            d.u.i.k.n.ParsingFacade   file:/home/runner/work/key/key/key.core/build/resources/main/de/uka/ilkd/key/proof/rules/floatHeader.key took 1 ms to parse. 
887        WARN  main            d.u.i.k.n.ParsingFacade   Parsing time 45 ms. 
889        WARN  main            d.u.i.k.n.ParsingFacade   file:/home/runner/work/key/key/key.core/build/resources/main/de/uka/ilkd/key/proof/rules/heap.key took 1 ms to parse. 
890        WARN  main            d.u.i.k.n.ParsingFacade   Parsing time 46 ms. 
892        WARN  main            d.u.i.k.n.ParsingFacade   file:/home/runner/work/key/key/key.core/build/resources/main/de/uka/ilkd/key/proof/rules/locSets.key took 0 ms to parse. 
893        WARN  main            d.u.i.k.n.ParsingFacade   Parsing time 46 ms. 
894        WARN  main            d.u.i.k.n.ParsingFacade   file:/home/runner/work/key/key/key.core/build/resources/main/de/uka/ilkd/key/proof/rules/permission.key took 1 ms to parse. 
894        WARN  main            d.u.i.k.n.ParsingFacade   Parsing time 47 ms. 
895        WARN  main            d.u.i.k.n.ParsingFacade   file:/home/runner/work/key/key/key.core/build/resources/main/de/uka/ilkd/key/proof/rules/reach.key took 0 ms to parse. 
895        WARN  main            d.u.i.k.n.ParsingFacade   Parsing time 47 ms. 
896        WARN  main            d.u.i.k.n.ParsingFacade   file:/home/runner/work/key/key/key.core/build/resources/main/de/uka/ilkd/key/proof/rules/seq.key took 0 ms to parse. 
896        WARN  main            d.u.i.k.n.ParsingFacade   Parsing time 47 ms. 
921        WARN  main            d.u.i.k.n.ParsingFacade   file:/home/runner/work/key/key/key.core/build/resources/main/de/uka/ilkd/key/proof/rules/map.key took 24 ms to parse. 
922        WARN  main            d.u.i.k.n.ParsingFacade   Parsing time 71 ms. 
923        WARN  main            d.u.i.k.n.ParsingFacade   file:/home/runner/work/key/key/key.core/build/resources/main/de/uka/ilkd/key/proof/rules/freeADT.key took 1 ms to parse. 
923        WARN  main            d.u.i.k.n.ParsingFacade   Parsing time 72 ms. 
924        WARN  main            d.u.i.k.n.ParsingFacade   file:/home/runner/work/key/key/key.core/build/resources/main/de/uka/ilkd/key/proof/rules/wellfound.key took 1 ms to parse. 
924        WARN  main            d.u.i.k.n.ParsingFacade   Parsing time 73 ms. 
925        WARN  main            d.u.i.k.n.ParsingFacade   file:/home/runner/work/key/key/key.core/build/resources/main/de/uka/ilkd/key/proof/rules/charListHeader.key took 0 ms to parse. 
925        WARN  main            d.u.i.k.n.ParsingFacade   Parsing time 73 ms. 
1126       WARN  main            d.u.i.k.n.ParsingFacade   file:/home/runner/work/key/key/key.core/build/resources/main/de/uka/ilkd/key/proof/rules/propRule.key took 21 ms to parse. 
1130       WARN  main            d.u.i.k.n.ParsingFacade   Parsing time 94 ms. 
1182       WARN  main            d.u.i.k.n.ParsingFacade   file:/home/runner/work/key/key/key.core/build/resources/main/de/uka/ilkd/key/proof/rules/firstOrderRules.key took 10 ms to parse. 
1182       WARN  main            d.u.i.k.n.ParsingFacade   Parsing time 104 ms. 
1217       WARN  main            d.u.i.k.n.ParsingFacade   file:/home/runner/work/key/key/key.core/build/resources/main/de/uka/ilkd/key/proof/rules/ifThenElseRules.key took 7 ms to parse. 
1217       WARN  main            d.u.i.k.n.ParsingFacade   Parsing time 111 ms. 
1293       WARN  main            d.u.i.k.n.ParsingFacade   file:/home/runner/work/key/key/key.core/build/resources/main/de/uka/ilkd/key/proof/rules/formulaNormalisationRules.key took 30 ms to parse. 
1295       WARN  main            d.u.i.k.n.ParsingFacade   Parsing time 141 ms. 
1404       WARN  main            d.u.i.k.n.ParsingFacade   file:/home/runner/work/key/key/key.core/build/resources/main/de/uka/ilkd/key/proof/rules/updateRules.key took 12 ms to parse. 
1405       WARN  main            d.u.i.k.n.ParsingFacade   Parsing time 153 ms. 
1427       WARN  main            d.u.i.k.n.ParsingFacade   file:/home/runner/work/key/key/key.core/build/resources/main/de/uka/ilkd/key/proof/rules/integerRulesCommon.key took 3 ms to parse. 
1428       WARN  main            d.u.i.k.n.ParsingFacade   Parsing time 156 ms. 
1559       WARN  main            d.u.i.k.n.ParsingFacade   file:/home/runner/work/key/key/key.core/build/resources/main/de/uka/ilkd/key/proof/rules/intRules.key took 7 ms to parse. 
1560       WARN  main            d.u.i.k.n.ParsingFacade   Parsing time 163 ms. 
1591       WARN  main            d.u.i.k.n.ParsingFacade   file:/home/runner/work/key/key/key.core/build/resources/main/de/uka/ilkd/key/proof/rules/intRulesUncheckedSemantics.key took 6 ms to parse. 
1594       WARN  main            d.u.i.k.n.ParsingFacade   Parsing time 169 ms. 
1611       WARN  main            d.u.i.k.n.ParsingFacade   file:/home/runner/work/key/key/key.core/build/resources/main/de/uka/ilkd/key/proof/rules/intRulesCheckedSemantics.key took 5 ms to parse. 
1611       WARN  main            d.u.i.k.n.ParsingFacade   Parsing time 174 ms. 
1620       WARN  main            d.u.i.k.n.ParsingFacade   file:/home/runner/work/key/key/key.core/build/resources/main/de/uka/ilkd/key/proof/rules/intRulesJavaSemantics.key took 4 ms to parse. 
1620       WARN  main            d.u.i.k.n.ParsingFacade   Parsing time 178 ms. 
1670       WARN  main            d.u.i.k.n.ParsingFacade   file:/home/runner/work/key/key/key.core/build/resources/main/de/uka/ilkd/key/proof/rules/integerSimplificationRules.key took 32 ms to parse. 
1671       WARN  main            d.u.i.k.n.ParsingFacade   Parsing time 210 ms. 
1769       WARN  main            d.u.i.k.n.ParsingFacade   file:/home/runner/work/key/key/key.core/build/resources/main/de/uka/ilkd/key/proof/rules/intDiv.key took 6 ms to parse. 
1769       WARN  main            d.u.i.k.n.ParsingFacade   Parsing time 216 ms. 
1808       WARN  main            d.u.i.k.n.ParsingFacade   file:/home/runner/work/key/key/key.core/build/resources/main/de/uka/ilkd/key/proof/rules/bsum.key took 13 ms to parse. 
1808       WARN  main            d.u.i.k.n.ParsingFacade   Parsing time 229 ms. 
1891       WARN  main            d.u.i.k.n.ParsingFacade   file:/home/runner/work/key/key/key.core/build/resources/main/de/uka/ilkd/key/proof/rules/bprod.key took 2 ms to parse. 
1891       WARN  main            d.u.i.k.n.ParsingFacade   Parsing time 231 ms. 
1904       WARN  main            d.u.i.k.n.ParsingFacade   file:/home/runner/work/key/key/key.core/build/resources/main/de/uka/ilkd/key/proof/rules/binaryAxioms.key took 1 ms to parse. 
1904       WARN  main            d.u.i.k.n.ParsingFacade   Parsing time 232 ms. 
1910       WARN  main            d.u.i.k.n.ParsingFacade   file:/home/runner/work/key/key/key.core/build/resources/main/de/uka/ilkd/key/proof/rules/binaryLemmas.key took 2 ms to parse. 
1910       WARN  main            d.u.i.k.n.ParsingFacade   Parsing time 234 ms. 
1924       WARN  main            d.u.i.k.n.ParsingFacade   file:/home/runner/work/key/key/key.core/build/resources/main/de/uka/ilkd/key/proof/rules/intPow.key took 4 ms to parse. 
1924       WARN  main            d.u.i.k.n.ParsingFacade   Parsing time 238 ms. 
1937       WARN  main            d.u.i.k.n.ParsingFacade   file:/home/runner/work/key/key/key.core/build/resources/main/de/uka/ilkd/key/proof/rules/floatRulesCommon.key took 4 ms to parse. 
1937       WARN  main            d.u.i.k.n.ParsingFacade   Parsing time 242 ms. 
1951       WARN  main            d.u.i.k.n.ParsingFacade   file:/home/runner/work/key/key/key.core/build/resources/main/de/uka/ilkd/key/proof/rules/floatRules.key took 0 ms to parse. 
1951       WARN  main            d.u.i.k.n.ParsingFacade   Parsing time 242 ms. 
1952       WARN  main            d.u.i.k.n.ParsingFacade   file:/home/runner/work/key/key/key.core/build/resources/main/de/uka/ilkd/key/proof/rules/floatRulesVerifyNormal.key took 0 ms to parse. 
1952       WARN  main            d.u.i.k.n.ParsingFacade   Parsing time 242 ms. 
1956       WARN  main            d.u.i.k.n.ParsingFacade   file:/home/runner/work/key/key/key.core/build/resources/main/de/uka/ilkd/key/proof/rules/floatRulesAssumeStrictfp.key took 3 ms to parse. 
1956       WARN  main            d.u.i.k.n.ParsingFacade   Parsing time 245 ms. 
1990       WARN  main            d.u.i.k.n.ParsingFacade   file:/home/runner/work/key/key/key.core/build/resources/main/de/uka/ilkd/key/proof/rules/genericRules.key took 2 ms to parse. 
1990       WARN  main            d.u.i.k.n.ParsingFacade   Parsing time 247 ms. 
2000       WARN  main            d.u.i.k.n.ParsingFacade   file:/home/runner/work/key/key/key.core/build/resources/main/de/uka/ilkd/key/proof/rules/booleanRules.key took 0 ms to parse. 
2000       WARN  main            d.u.i.k.n.ParsingFacade   Parsing time 247 ms. 
2003       WARN  main            d.u.i.k.n.ParsingFacade   file:/home/runner/work/key/key/key.core/build/resources/main/de/uka/ilkd/key/proof/rules/epsilon.key took 1 ms to parse. 
2003       WARN  main            d.u.i.k.n.ParsingFacade   Parsing time 248 ms. 
2013       WARN  main            d.u.i.k.n.ParsingFacade   file:/home/runner/work/key/key/key.core/build/resources/main/de/uka/ilkd/key/proof/rules/locSetsRules.key took 7 ms to parse. 
2013       WARN  main            d.u.i.k.n.ParsingFacade   Parsing time 255 ms. 
2071       WARN  main            d.u.i.k.n.ParsingFacade   file:/home/runner/work/key/key/key.core/build/resources/main/de/uka/ilkd/key/proof/rules/heapRules.key took 7 ms to parse. 
2071       WARN  main            d.u.i.k.n.ParsingFacade   Parsing time 262 ms. 
2102       WARN  main            d.u.i.k.n.ParsingFacade   file:/home/runner/work/key/key/key.core/build/resources/main/de/uka/ilkd/key/proof/rules/permissionRules.key took 2 ms to parse. 
2102       WARN  main            d.u.i.k.n.ParsingFacade   Parsing time 264 ms. 
2119       WARN  main            d.u.i.k.n.ParsingFacade   file:/home/runner/work/key/key/key.core/build/resources/main/de/uka/ilkd/key/proof/rules/reachRules.key took 2 ms to parse. 
2119       WARN  main            d.u.i.k.n.ParsingFacade   Parsing time 266 ms. 
2134       WARN  main            d.u.i.k.n.ParsingFacade   file:/home/runner/work/key/key/key.core/build/resources/main/de/uka/ilkd/key/proof/rules/seqCoreRules.key took 0 ms to parse. 
2134       WARN  main            d.u.i.k.n.ParsingFacade   Parsing time 266 ms. 
2141       WARN  main            d.u.i.k.n.ParsingFacade   file:/home/runner/work/key/key/key.core/build/resources/main/de/uka/ilkd/key/proof/rules/seqRules.key took 5 ms to parse. 
2141       WARN  main            d.u.i.k.n.ParsingFacade   Parsing time 271 ms. 
2205       WARN  main            d.u.i.k.n.ParsingFacade   file:/home/runner/work/key/key/key.core/build/resources/main/de/uka/ilkd/key/proof/rules/seqPerm.key took 37 ms to parse. 
2205       WARN  main            d.u.i.k.n.ParsingFacade   Parsing time 308 ms. 
2217       WARN  main            d.u.i.k.n.ParsingFacade   file:/home/runner/work/key/key/key.core/build/resources/main/de/uka/ilkd/key/proof/rules/seqPerm2.key took 0 ms to parse. 
2217       WARN  main            d.u.i.k.n.ParsingFacade   Parsing time 308 ms. 
2250       WARN  main            d.u.i.k.n.ParsingFacade   file:/home/runner/work/key/key/key.core/build/resources/main/de/uka/ilkd/key/proof/rules/javaRules.key took 30 ms to parse. 
2250       WARN  main            d.u.i.k.n.ParsingFacade   Parsing time 338 ms. 
2257       WARN  main            d.u.i.k.n.ParsingFacade   file:/home/runner/work/key/key/key.core/build/resources/main/de/uka/ilkd/key/proof/rules/assertions.key took 1 ms to parse. 
2258       WARN  main            d.u.i.k.n.ParsingFacade   Parsing time 339 ms. 
2775       WARN  main            d.u.i.k.n.ParsingFacade   file:/home/runner/work/key/key/key.core/build/resources/main/de/uka/ilkd/key/proof/rules/loopRules.key took 2 ms to parse. 
2775       WARN  main            d.u.i.k.n.ParsingFacade   Parsing time 341 ms. 
2784       WARN  main            d.u.i.k.n.ParsingFacade   file:/home/runner/work/key/key/key.core/build/resources/main/de/uka/ilkd/key/proof/rules/activeUse.key took 2 ms to parse. 
2784       WARN  main            d.u.i.k.n.ParsingFacade   Parsing time 343 ms. 
2820       WARN  main            d.u.i.k.n.ParsingFacade   file:/home/runner/work/key/key/key.core/build/resources/main/de/uka/ilkd/key/proof/rules/instanceAllocation.key took 4 ms to parse. 
2820       WARN  main            d.u.i.k.n.ParsingFacade   Parsing time 347 ms. 
2831       WARN  main            d.u.i.k.n.ParsingFacade   file:/home/runner/work/key/key/key.core/build/resources/main/de/uka/ilkd/key/proof/rules/java5.key took 0 ms to parse. 
2831       WARN  main            d.u.i.k.n.ParsingFacade   Parsing time 347 ms. 
2836       WARN  main            d.u.i.k.n.ParsingFacade   file:/home/runner/work/key/key/key.core/build/resources/main/de/uka/ilkd/key/proof/rules/integerAssignment2UpdateRules.key took 3 ms to parse. 
2836       WARN  main            d.u.i.k.n.ParsingFacade   Parsing time 350 ms. 
2864       WARN  main            d.u.i.k.n.ParsingFacade   file:/home/runner/work/key/key/key.core/build/resources/main/de/uka/ilkd/key/proof/rules/floatAssignment2UpdateRules.key took 4 ms to parse. 
2874       WARN  main            d.u.i.k.n.ParsingFacade   Parsing time 354 ms. 
2894       WARN  main            d.u.i.k.n.ParsingFacade   file:/home/runner/work/key/key/key.core/build/resources/main/de/uka/ilkd/key/proof/rules/bigint.key took 3 ms to parse. 
2894       WARN  main            d.u.i.k.n.ParsingFacade   Parsing time 357 ms. 
2914       WARN  main            d.u.i.k.n.ParsingFacade   file:/home/runner/work/key/key/key.core/build/resources/main/de/uka/ilkd/key/proof/rules/adtProgramDecompositionRules.key took 1 ms to parse. 
2917       WARN  main            d.u.i.k.n.ParsingFacade   Parsing time 358 ms. 
2934       WARN  main            d.u.i.k.n.ParsingFacade   file:/home/runner/work/key/key/key.core/build/resources/main/de/uka/ilkd/key/proof/rules/precRules.key took 0 ms to parse. 
2934       WARN  main            d.u.i.k.n.ParsingFacade   Parsing time 358 ms. 
2940       WARN  main            d.u.i.k.n.ParsingFacade   file:/home/runner/work/key/key/key.core/build/resources/main/de/uka/ilkd/key/proof/rules/charListRules.key took 3 ms to parse. 
2940       WARN  main            d.u.i.k.n.ParsingFacade   Parsing time 361 ms. 
2949       WARN  main            d.u.i.k.n.ParsingFacade   file:/home/runner/work/key/key/key.core/build/resources/main/de/uka/ilkd/key/proof/rules/regExTheory.key took 0 ms to parse. 
2950       WARN  main            d.u.i.k.n.ParsingFacade   Parsing time 361 ms. 
2951       WARN  main            d.u.i.k.n.ParsingFacade   file:/home/runner/work/key/key/key.core/build/resources/main/de/uka/ilkd/key/proof/rules/regExHeader.key took 0 ms to parse. 
2951       WARN  main            d.u.i.k.n.ParsingFacade   Parsing time 361 ms. 
2954       WARN  main            d.u.i.k.n.ParsingFacade   file:/home/runner/work/key/key/key.core/build/resources/main/de/uka/ilkd/key/proof/rules/regExAxioms.key took 1 ms to parse. 
2956       WARN  main            d.u.i.k.n.ParsingFacade   Parsing time 362 ms. 
2960       WARN  main            d.u.i.k.n.ParsingFacade   file:/home/runner/work/key/key/key.core/build/resources/main/de/uka/ilkd/key/proof/rules/regExLemmaProven.key took 2 ms to parse. 
2960       WARN  main            d.u.i.k.n.ParsingFacade   Parsing time 364 ms. 
2966       WARN  main            d.u.i.k.n.ParsingFacade   file:/home/runner/work/key/key/key.core/build/resources/main/de/uka/ilkd/key/proof/rules/seqEq.key took 1 ms to parse. 
2967       WARN  main            d.u.i.k.n.ParsingFacade   Parsing time 365 ms. 
2974       WARN  main            d.u.i.k.n.ParsingFacade   file:/home/runner/work/key/key/key.core/build/resources/main/de/uka/ilkd/key/proof/rules/infFlow.key took 3 ms to parse. 
2974       WARN  main            d.u.i.k.n.ParsingFacade   Parsing time 368 ms. 
2979       WARN  main            d.u.i.k.n.ParsingFacade   file:/home/runner/work/key/key/key.core/build/resources/main/de/uka/ilkd/key/proof/rules/mapSize.key took 0 ms to parse. 
2979       WARN  main            d.u.i.k.n.ParsingFacade   Parsing time 368 ms. 
2982       WARN  main            d.u.i.k.n.ParsingFacade   file:/home/runner/work/key/key/key.core/build/resources/main/de/uka/ilkd/key/proof/rules/wd.key took 1 ms to parse. 
2982       WARN  main            d.u.i.k.n.ParsingFacade   Parsing time 369 ms. 
3006       WARN  main            d.u.i.k.n.ParsingFacade   file:/home/runner/work/key/key/key.core/build/resources/main/de/uka/ilkd/key/proof/rules/wdHeader.key took 0 ms to parse. 
3006       WARN  main            d.u.i.k.n.ParsingFacade   Parsing time 369 ms. 
3007       WARN  main            d.u.i.k.n.ParsingFacade   file:/home/runner/work/key/key/key.core/build/resources/main/de/uka/ilkd/key/proof/rules/wdGeneralRules.key took 0 ms to parse. 
3007       WARN  main            d.u.i.k.n.ParsingFacade   Parsing time 369 ms. 
3018       WARN  main            d.u.i.k.n.ParsingFacade   file:/home/runner/work/key/key/key.core/build/resources/main/de/uka/ilkd/key/proof/rules/wdNumericalRules.key took 4 ms to parse. 
3018       WARN  main            d.u.i.k.n.ParsingFacade   Parsing time 373 ms. 
3037       WARN  main            d.u.i.k.n.ParsingFacade   file:/home/runner/work/key/key/key.core/build/resources/main/de/uka/ilkd/key/proof/rules/wdLocSetRules.key took 0 ms to parse. 
3038       WARN  main            d.u.i.k.n.ParsingFacade   Parsing time 373 ms. 
3042       WARN  main            d.u.i.k.n.ParsingFacade   file:/home/runner/work/key/key/key.core/build/resources/main/de/uka/ilkd/key/proof/rules/wdHeapRules.key took 0 ms to parse. 
3043       WARN  main            d.u.i.k.n.ParsingFacade   Parsing time 373 ms. 
3046       WARN  main            d.u.i.k.n.ParsingFacade   file:/home/runner/work/key/key/key.core/build/resources/main/de/uka/ilkd/key/proof/rules/wdReachRules.key took 0 ms to parse. 
3046       WARN  main            d.u.i.k.n.ParsingFacade   Parsing time 373 ms. 
3048       WARN  main            d.u.i.k.n.ParsingFacade   file:/home/runner/work/key/key/key.core/build/resources/main/de/uka/ilkd/key/proof/rules/wdSeqRules.key took 1 ms to parse. 
3048       WARN  main            d.u.i.k.n.ParsingFacade   Parsing time 374 ms. 
3051       WARN  main            d.u.i.k.n.ParsingFacade   file:/home/runner/work/key/key/key.core/build/resources/main/de/uka/ilkd/key/proof/rules/wdStringRules.key took 0 ms to parse. 
3051       WARN  main            d.u.i.k.n.ParsingFacade   Parsing time 374 ms. 
3054       WARN  main            d.u.i.k.n.ParsingFacade   file:/home/runner/work/key/key/key.core/build/resources/main/de/uka/ilkd/key/proof/rules/wdRegExRules.key took 0 ms to parse. 
3054       WARN  main            d.u.i.k.n.ParsingFacade   Parsing time 374 ms. 
3059       WARN  main            d.u.i.k.n.ParsingFacade   file:/home/runner/work/key/key/key.core/build/resources/main/de/uka/ilkd/key/proof/rules/wdFormulaRules.key took 3 ms to parse. 
3059       WARN  main            d.u.i.k.n.ParsingFacade   Parsing time 377 ms. 
3071       WARN  main            d.u.i.k.n.ParsingFacade   file:/home/runner/work/key/key/key.core/build/resources/main/de/uka/ilkd/key/proof/rules/loopInvariantRules.key took 0 ms to parse. 
3071       WARN  main            d.u.i.k.n.ParsingFacade   Parsing time 377 ms. 
3073       WARN  main            d.u.i.k.n.ParsingFacade   file:/home/runner/work/key/key/key.core/build/resources/main/de/uka/ilkd/key/proof/rules/forLoopRules.key took 0 ms to parse. 
3073       WARN  main            d.u.i.k.n.ParsingFacade   Parsing time 377 ms. 
3081       WARN  main            d.u.i.k.n.ParsingFacade   file:/home/runner/work/key/key/key.core/build/resources/main/de/uka/ilkd/key/proof/rules/execRules.key took 4 ms to parse. 
3081       WARN  main            d.u.i.k.n.ParsingFacade   Parsing time 381 ms. 
3162       WARN  main            d.u.i.k.n.ParsingFacade   file:/home/runner/work/key/key/key.core/build/resources/main/de/uka/ilkd/key/proof/rules/loopScopeRules.key took 2 ms to parse. 
3162       WARN  main            d.u.i.k.n.ParsingFacade   Parsing time 383 ms. 
7249       WARN  main            d.u.i.k.n.ParsingFacade   file:/home/runner/work/key/key/key.core/build/resources/main/de/uka/ilkd/key/java/JavaRedux/java/lang/String.key took 3 ms to parse. 
7250       WARN  main            d.u.i.k.n.ParsingFacade   Parsing time 386 ms. 
10565      WARN  main            d.u.i.k.n.ParsingFacade   /home/runner/work/key/key/key.core/../key.ui/examples/InformationFlow/LoopInvariants/loop.IFLoopExamples(loop.IFLoopExamples__insecure_while_3(int)).JML operation contract.0.key took 0 ms to parse. 
10565      WARN  main            d.u.i.k.n.ParsingFacade   Parsing time 386 ms. 
11790      INFO  main            d.u.i.k.p.r.p.TestFile    ... finished proof: closed. 
11984      INFO  main            d.u.i.k.p.r.p.TestFile    Now processing file /home/runner/work/key/key/key.core/../key.ui/examples/InformationFlow/LoopInvariants/loop.IFLoopExamples(loop.IFLoopExamples__secure_while_2(int)).JML operation contract.0.key 
11985      WARN  main            d.u.i.k.n.ParsingFacade   /home/runner/work/key/key/key.core/../key.ui/examples/InformationFlow/LoopInvariants/loop.IFLoopExamples(loop.IFLoopExamples__secure_while_2(int)).JML operation contract.0.key took 1 ms to parse. 
11986      WARN  main            d.u.i.k.n.ParsingFacade   Parsing time 387 ms. 
13303      WARN  main            d.u.i.k.n.ParsingFacade   file:/home/runner/work/key/key/key.core/build/resources/main/de/uka/ilkd/key/java/JavaRedux/java/lang/String.key took 2 ms to parse. 
13304      WARN  main            d.u.i.k.n.ParsingFacade   Parsing time 389 ms. 
15807      WARN  main            d.u.i.k.n.ParsingFacade   /home/runner/work/key/key/key.core/../key.ui/examples/InformationFlow/LoopInvariants/loop.IFLoopExamples(loop.IFLoopExamples__secure_while_2(int)).JML operation contract.0.key took 0 ms to parse. 
15807      WARN  main            d.u.i.k.n.ParsingFacade   Parsing time 389 ms. 
16415      INFO  main            d.u.i.k.p.r.p.TestFile    ... finished proof: closed. 
16570      INFO  main            d.u.i.k.p.r.p.TestFile    Now processing file /home/runner/work/key/key/key.core/../key.ui/examples/InformationFlow/LoopInvariants/loop.IFLoopExamples(loop.IFLoopExamples__secure_while_4(int)).JML operation contract.0.key 
16571      WARN  main            d.u.i.k.n.ParsingFacade   /home/runner/work/key/key/key.core/../key.ui/examples/InformationFlow/LoopInvariants/loop.IFLoopExamples(loop.IFLoopExamples__secure_while_4(int)).JML operation contract.0.key took 0 ms to parse. 
16571      WARN  main            d.u.i.k.n.ParsingFacade   Parsing time 389 ms. 
17850      WARN  main            d.u.i.k.n.ParsingFacade   file:/home/runner/work/key/key/key.core/build/resources/main/de/uka/ilkd/key/java/JavaRedux/java/lang/String.key took 1 ms to parse. 
17851      WARN  main            d.u.i.k.n.ParsingFacade   Parsing time 390 ms. 
20273      WARN  main            d.u.i.k.n.ParsingFacade   /home/runner/work/key/key/key.core/../key.ui/examples/InformationFlow/LoopInvariants/loop.IFLoopExamples(loop.IFLoopExamples__secure_while_4(int)).JML operation contract.0.key took 0 ms to parse. 
20274      WARN  main            d.u.i.k.n.ParsingFacade   Parsing time 390 ms. 
20777      INFO  main            d.u.i.k.p.r.p.TestFile    ... finished proof: closed. 
20935      INFO  main            d.u.i.k.p.r.p.TestFile    Now processing file /home/runner/work/key/key/key.core/../key.ui/examples/InformationFlow/LoopInvariants/loop.IFLoopExamples(loop.IFLoopExamples__insecure_doubleNestedWhile2(int)).JML operation contract.0.key 
20936      WARN  main            d.u.i.k.n.ParsingFacade   /home/runner/work/key/key/key.core/../key.ui/examples/InformationFlow/LoopInvariants/loop.IFLoopExamples(loop.IFLoopExamples__insecure_doubleNestedWhile2(int)).JML operation contract.0.key took 0 ms to parse. 
20936      WARN  main            d.u.i.k.n.ParsingFacade   Parsing time 390 ms. 
22185      WARN  main            d.u.i.k.n.ParsingFacade   file:/home/runner/work/key/key/key.core/build/resources/main/de/uka/ilkd/key/java/JavaRedux/java/lang/String.key took 2 ms to parse. 
22185      WARN  main            d.u.i.k.n.ParsingFacade   Parsing time 392 ms. 
24545      WARN  main            d.u.i.k.n.ParsingFacade   /home/runner/work/key/key/key.core/../key.ui/examples/InformationFlow/LoopInvariants/loop.IFLoopExamples(loop.IFLoopExamples__insecure_doubleNestedWhile2(int)).JML operation contract.0.key took 0 ms to parse. 
24545      WARN  main            d.u.i.k.n.ParsingFacade   Parsing time 392 ms. 
25752      INFO  main            d.u.i.k.p.r.p.TestFile    ... finished proof: closed. 
25920      INFO  main            d.u.i.k.p.r.p.TestFile    Now processing file /home/runner/work/key/key/key.core/../key.ui/examples/InformationFlow/LoopInvariants/loop.IFLoopExamples(loop.IFLoopExamples__insecure_doubleNestedWhile(int)).JML operation contract.0.key 
25921      WARN  main            d.u.i.k.n.ParsingFacade   /home/runner/work/key/key/key.core/../key.ui/examples/InformationFlow/LoopInvariants/loop.IFLoopExamples(loop.IFLoopExamples__insecure_doubleNestedWhile(int)).JML operation contract.0.key took 0 ms to parse. 
25921      WARN  main            d.u.i.k.n.ParsingFacade   Parsing time 392 ms. 
27068      WARN  main            d.u.i.k.n.ParsingFacade   file:/home/runner/work/key/key/key.core/build/resources/main/de/uka/ilkd/key/java/JavaRedux/java/lang/String.key took 2 ms to parse. 
27069      WARN  main            d.u.i.k.n.ParsingFacade   Parsing time 394 ms. 
29439      WARN  main            d.u.i.k.n.ParsingFacade   /home/runner/work/key/key/key.core/../key.ui/examples/InformationFlow/LoopInvariants/loop.IFLoopExamples(loop.IFLoopExamples__insecure_doubleNestedWhile(int)).JML operation contract.0.key took 0 ms to parse. 
29439      WARN  main            d.u.i.k.n.ParsingFacade   Parsing time 394 ms. 
30573      INFO  main            d.u.i.k.p.r.p.TestFile    ... finished proof: closed. 
30743      INFO  main            d.u.i.k.p.r.p.TestFile    Now processing file /home/runner/work/key/key/key.core/../key.ui/examples/InformationFlow/LoopInvariants/loop.IFLoopExamples(loop.IFLoopExamples__secure_doubleNestedWhile(int)).JML operation contract.0.key 
30744      WARN  main            d.u.i.k.n.ParsingFacade   /home/runner/work/key/key/key.core/../key.ui/examples/InformationFlow/LoopInvariants/loop.IFLoopExamples(loop.IFLoopExamples__secure_doubleNestedWhile(int)).JML operation contract.0.key took 0 ms to parse. 
30744      WARN  main            d.u.i.k.n.ParsingFacade   Parsing time 394 ms. 
31929      WARN  main            d.u.i.k.n.ParsingFacade   file:/home/runner/work/key/key/key.core/build/resources/main/de/uka/ilkd/key/java/JavaRedux/java/lang/String.key took 2 ms to parse. 
31929      WARN  main            d.u.i.k.n.ParsingFacade   Parsing time 396 ms. 
34179      WARN  main            d.u.i.k.n.ParsingFacade   /home/runner/work/key/key/key.core/../key.ui/examples/InformationFlow/LoopInvariants/loop.IFLoopExamples(loop.IFLoopExamples__secure_doubleNestedWhile(int)).JML operation contract.0.key took 0 ms to parse. 
34180      WARN  main            d.u.i.k.n.ParsingFacade   Parsing time 396 ms. 
35185      INFO  main            d.u.i.k.p.r.p.TestFile    ... finished proof: closed. 
35403      INFO  main            d.u.i.k.p.r.p.TestFile    Now processing file /home/runner/work/key/key/key.core/../key.ui/examples/InformationFlow/LoopInvariants/loop.IFLoopExamples(loop.IFLoopExamples__secure_nestedTwoWhile(int)).JML operation contract.0.key 
35403      WARN  main            d.u.i.k.n.ParsingFacade   /home/runner/work/key/key/key.core/../key.ui/examples/InformationFlow/LoopInvariants/loop.IFLoopExamples(loop.IFLoopExamples__secure_nestedTwoWhile(int)).JML operation contract.0.key took 0 ms to parse. 
35403      WARN  main            d.u.i.k.n.ParsingFacade   Parsing time 396 ms. 
36577      WARN  main            d.u.i.k.n.ParsingFacade   file:/home/runner/work/key/key/key.core/build/resources/main/de/uka/ilkd/key/java/JavaRedux/java/lang/String.key took 2 ms to parse. 
36577      WARN  main            d.u.i.k.n.ParsingFacade   Parsing time 398 ms. 
38930      WARN  main            d.u.i.k.n.ParsingFacade   /home/runner/work/key/key/key.core/../key.ui/examples/InformationFlow/LoopInvariants/loop.IFLoopExamples(loop.IFLoopExamples__secure_nestedTwoWhile(int)).JML operation contract.0.key took 0 ms to parse. 
38931      WARN  main            d.u.i.k.n.ParsingFacade   Parsing time 398 ms. 
39937      INFO  main            d.u.i.k.p.r.p.TestFile    ... finished proof: closed. 
40115      INFO  main            d.u.i.k.p.r.p.TestFile    Now processing file /home/runner/work/key/key/key.core/../key.ui/examples/InformationFlow/LoopInvariants/loop.IFLoopExamples(loop.IFLoopExamples__secure_nestedWhile(int)).JML operation contract.0.key 
40116      WARN  main            d.u.i.k.n.ParsingFacade   /home/runner/work/key/key/key.core/../key.ui/examples/InformationFlow/LoopInvariants/loop.IFLoopExamples(loop.IFLoopExamples__secure_nestedWhile(int)).JML operation contract.0.key took 0 ms to parse. 
40116      WARN  main            d.u.i.k.n.ParsingFacade   Parsing time 398 ms. 
41274      WARN  main            d.u.i.k.n.ParsingFacade   file:/home/runner/work/key/key/key.core/build/resources/main/de/uka/ilkd/key/java/JavaRedux/java/lang/String.key took 1 ms to parse. 
41275      WARN  main            d.u.i.k.n.ParsingFacade   Parsing time 399 ms. 
43584      WARN  main            d.u.i.k.n.ParsingFacade   /home/runner/work/key/key/key.core/../key.ui/examples/InformationFlow/LoopInvariants/loop.IFLoopExamples(loop.IFLoopExamples__secure_nestedWhile(int)).JML operation contract.0.key took 0 ms to parse. 
43584      WARN  main            d.u.i.k.n.ParsingFacade   Parsing time 399 ms. 
44195      INFO  main            d.u.i.k.p.r.p.TestFile    ... finished proof: closed. 
44367      INFO  main            d.u.i.k.p.r.p.TestFile    Now processing file /home/runner/work/key/key/key.core/../key.ui/examples/InformationFlow/LoopInvariants/loop.IFLoopExamples(loop.IFLoopExamples__notSecure_while(int)).JML operation contract.0.key 
44368      WARN  main            d.u.i.k.n.ParsingFacade   /home/runner/work/key/key/key.core/../key.ui/examples/InformationFlow/LoopInvariants/loop.IFLoopExamples(loop.IFLoopExamples__notSecure_while(int)).JML operation contract.0.key took 0 ms to parse. 
44368      WARN  main            d.u.i.k.n.ParsingFacade   Parsing time 399 ms. 
45511      WARN  main            d.u.i.k.n.ParsingFacade   file:/home/runner/work/key/key/key.core/build/resources/main/de/uka/ilkd/key/java/JavaRedux/java/lang/String.key took 2 ms to parse. 
45511      WARN  main            d.u.i.k.n.ParsingFacade   Parsing time 401 ms. 
47849      WARN  main            d.u.i.k.n.ParsingFacade   /home/runner/work/key/key/key.core/../key.ui/examples/InformationFlow/LoopInvariants/loop.IFLoopExamples(loop.IFLoopExamples__notSecure_while(int)).JML operation contract.0.key took 0 ms to parse. 
47849      WARN  main            d.u.i.k.n.ParsingFacade   Parsing time 401 ms. 
48152      INFO  main            d.u.i.k.p.r.p.TestFile    ... finished proof: closed. 
48315      INFO  main            d.u.i.k.p.r.p.TestFile    Now processing file /home/runner/work/key/key/key.core/../key.ui/examples/InformationFlow/LoopInvariants/loop.IFLoopExamples(loop.IFLoopExamples__notSecure_while_wrongInv(int)).JML operation contract.0.key 
48315      WARN  main            d.u.i.k.n.ParsingFacade   /home/runner/work/key/key/key.core/../key.ui/examples/InformationFlow/LoopInvariants/loop.IFLoopExamples(loop.IFLoopExamples__notSecure_while_wrongInv(int)).JML operation contract.0.key took 0 ms to parse. 
48316      WARN  main            d.u.i.k.n.ParsingFacade   Parsing time 401 ms. 
49457      WARN  main            d.u.i.k.n.ParsingFacade   file:/home/runner/work/key/key/key.core/build/resources/main/de/uka/ilkd/key/java/JavaRedux/java/lang/String.key took 1 ms to parse. 
49458      WARN  main            d.u.i.k.n.ParsingFacade   Parsing time 402 ms. 
51754      WARN  main            d.u.i.k.n.ParsingFacade   /home/runner/work/key/key/key.core/../key.ui/examples/InformationFlow/LoopInvariants/loop.IFLoopExamples(loop.IFLoopExamples__notSecure_while_wrongInv(int)).JML operation contract.0.key took 0 ms to parse. 
51754      WARN  main            d.u.i.k.n.ParsingFacade   Parsing time 402 ms. 
51965      INFO  main            d.u.i.k.p.r.p.TestFile    ... finished proof: open goal(s) 
52134      INFO  main            d.u.i.k.p.r.p.TestFile    Now processing file /home/runner/work/key/key/key.core/../key.ui/examples/InformationFlow/LoopInvariants/loop.IFLoopExamples(loop.IFLoopExamples__insecure_twoWhile(int)).JML operation contract.0.key 
52134      WARN  main            d.u.i.k.n.ParsingFacade   /home/runner/work/key/key/key.core/../key.ui/examples/InformationFlow/LoopInvariants/loop.IFLoopExamples(loop.IFLoopExamples__insecure_twoWhile(int)).JML operation contract.0.key took 0 ms to parse. 
52135      WARN  main            d.u.i.k.n.ParsingFacade   Parsing time 402 ms. 
53251      WARN  main            d.u.i.k.n.ParsingFacade   file:/home/runner/work/key/key/key.core/build/resources/main/de/uka/ilkd/key/java/JavaRedux/java/lang/String.key took 2 ms to parse. 
53251      WARN  main            d.u.i.k.n.ParsingFacade   Parsing time 404 ms. 
55532      WARN  main            d.u.i.k.n.ParsingFacade   /home/runner/work/key/key/key.core/../key.ui/examples/InformationFlow/LoopInvariants/loop.IFLoopExamples(loop.IFLoopExamples__insecure_twoWhile(int)).JML operation contract.0.key took 0 ms to parse. 
55532      WARN  main            d.u.i.k.n.ParsingFacade   Parsing time 404 ms. 
56036      INFO  main            d.u.i.k.p.r.p.TestFile    ... finished proof: closed. 
56223      INFO  main            d.u.i.k.p.r.p.TestFile    Now processing file /home/runner/work/key/key/key.core/../key.ui/examples/InformationFlow/LoopInvariants/loop.IFLoopExamples(loop.IFLoopExamples__insecure_twoWhile_2(int)).JML operation contract.0.key 
56224      WARN  main            d.u.i.k.n.ParsingFacade   /home/runner/work/key/key/key.core/../key.ui/examples/InformationFlow/LoopInvariants/loop.IFLoopExamples(loop.IFLoopExamples__insecure_twoWhile_2(int)).JML operation contract.0.key took 0 ms to parse. 
56224      WARN  main            d.u.i.k.n.ParsingFacade   Parsing time 404 ms. 
57352      WARN  main            d.u.i.k.n.ParsingFacade   file:/home/runner/work/key/key/key.core/build/resources/main/de/uka/ilkd/key/java/JavaRedux/java/lang/String.key took 1 ms to parse. 
57353      WARN  main            d.u.i.k.n.ParsingFacade   Parsing time 405 ms. 
59657      WARN  main            d.u.i.k.n.ParsingFacade   /home/runner/work/key/key/key.core/../key.ui/examples/InformationFlow/LoopInvariants/loop.IFLoopExamples(loop.IFLoopExamples__insecure_twoWhile_2(int)).JML operation contract.0.key took 0 ms to parse. 
59657      WARN  main            d.u.i.k.n.ParsingFacade   Parsing time 405 ms. 
60161      INFO  main            d.u.i.k.p.r.p.TestFile    ... finished proof: closed. 
60346      INFO  main            d.u.i.k.p.r.p.TestFile    Now processing file /home/runner/work/key/key/key.core/../key.ui/examples/InformationFlow/LoopInvariants/loop.IFLoopExamples(loop.IFLoopExamples__secure_twoWhile(int)).JML operation contract.0.key 
60351      WARN  main            d.u.i.k.n.ParsingFacade   /home/runner/work/key/key/key.core/../key.ui/examples/InformationFlow/LoopInvariants/loop.IFLoopExamples(loop.IFLoopExamples__secure_twoWhile(int)).JML operation contract.0.key took 0 ms to parse. 
60351      WARN  main            d.u.i.k.n.ParsingFacade   Parsing time 405 ms. 
61507      WARN  main            d.u.i.k.n.ParsingFacade   file:/home/runner/work/key/key/key.core/build/resources/main/de/uka/ilkd/key/java/JavaRedux/java/lang/String.key took 2 ms to parse. 
61507      WARN  main            d.u.i.k.n.ParsingFacade   Parsing time 407 ms. 
63787      WARN  main            d.u.i.k.n.ParsingFacade   /home/runner/work/key/key/key.core/../key.ui/examples/InformationFlow/LoopInvariants/loop.IFLoopExamples(loop.IFLoopExamples__secure_twoWhile(int)).JML operation contract.0.key took 0 ms to parse. 
63788      WARN  main            d.u.i.k.n.ParsingFacade   Parsing time 407 ms. 
64292      INFO  main            d.u.i.k.p.r.p.TestFile    ... finished proof: closed. 
64479      INFO  main            d.u.i.k.p.r.p.TestFile    Now processing file /home/runner/work/key/key/key.core/../key.ui/examples/InformationFlow/LoopInvariants/loop.IFLoopExamples(loop.IFLoopExamples__loc_secure_while(int)).JML operation contract.0.key 
64480      WARN  main            d.u.i.k.n.ParsingFacade   /home/runner/work/key/key/key.core/../key.ui/examples/InformationFlow/LoopInvariants/loop.IFLoopExamples(loop.IFLoopExamples__loc_secure_while(int)).JML operation contract.0.key took 0 ms to parse. 
64480      WARN  main            d.u.i.k.n.ParsingFacade   Parsing time 407 ms. 
65694      WARN  main            d.u.i.k.n.ParsingFacade   file:/home/runner/work/key/key/key.core/build/resources/main/de/uka/ilkd/key/java/JavaRedux/java/lang/String.key took 2 ms to parse. 
65694      WARN  main            d.u.i.k.n.ParsingFacade   Parsing time 409 ms. 
67966      WARN  main            d.u.i.k.n.ParsingFacade   /home/runner/work/key/key/key.core/../key.ui/examples/InformationFlow/LoopInvariants/loop.IFLoopExamples(loop.IFLoopExamples__loc_secure_while(int)).JML operation contract.0.key took 0 ms to parse. 
67969      WARN  main            d.u.i.k.n.ParsingFacade   Parsing time 409 ms. 
68275      INFO  main            d.u.i.k.p.r.p.TestFile    ... finished proof: closed. 
68450      INFO  main            d.u.i.k.p.r.p.TestFile    Now processing file /home/runner/work/key/key/key.core/../key.ui/examples/InformationFlow/LoopInvariants/loop.IFLoopExamples(loop.IFLoopExamples__secure_while(int)).JML operation contract.0.key 
68450      WARN  main            d.u.i.k.n.ParsingFacade   /home/runner/work/key/key/key.core/../key.ui/examples/InformationFlow/LoopInvariants/loop.IFLoopExamples(loop.IFLoopExamples__secure_while(int)).JML operation contract.0.key took 0 ms to parse. 
68450      WARN  main            d.u.i.k.n.ParsingFacade   Parsing time 409 ms. 
69548      WARN  main            d.u.i.k.n.ParsingFacade   file:/home/runner/work/key/key/key.core/build/resources/main/de/uka/ilkd/key/java/JavaRedux/java/lang/String.key took 1 ms to parse. 
69548      WARN  main            d.u.i.k.n.ParsingFacade   Parsing time 410 ms. 
71841      WARN  main            d.u.i.k.n.ParsingFacade   /home/runner/work/key/key/key.core/../key.ui/examples/InformationFlow/LoopInvariants/loop.IFLoopExamples(loop.IFLoopExamples__secure_while(int)).JML operation contract.0.key took 0 ms to parse. 
71841      WARN  main            d.u.i.k.n.ParsingFacade   Parsing time 410 ms. 
72043      INFO  main            d.u.i.k.p.r.p.TestFile    ... finished proof: closed. 
72226      INFO  main            d.u.i.k.p.r.p.TestFile    Now processing file /home/runner/work/key/key/key.core/../key.ui/examples/InformationFlow/LoopInvariants/loop.IFLoopExamples(loop.IFLoopExamples__print(int)).JML normal_behavior operation contract.0.key 
72227      WARN  main            d.u.i.k.n.ParsingFacade   /home/runner/work/key/key/key.core/../key.ui/examples/InformationFlow/LoopInvariants/loop.IFLoopExamples(loop.IFLoopExamples__print(int)).JML normal_behavior operation contract.0.key took 0 ms to parse. 
72227      WARN  main            d.u.i.k.n.ParsingFacade   Parsing time 410 ms. 
73318      WARN  main            d.u.i.k.n.ParsingFacade   file:/home/runner/work/key/key/key.core/build/resources/main/de/uka/ilkd/key/java/JavaRedux/java/lang/String.key took 11 ms to parse. 
73319      WARN  main            d.u.i.k.n.ParsingFacade   Parsing time 421 ms. 
75540      WARN  main            d.u.i.k.n.ParsingFacade   /home/runner/work/key/key/key.core/../key.ui/examples/InformationFlow/LoopInvariants/loop.IFLoopExamples(loop.IFLoopExamples__print(int)).JML normal_behavior operation contract.0.key took 0 ms to parse. 
75541      WARN  main            d.u.i.k.n.ParsingFacade   Parsing time 421 ms. 
75643      INFO  main            d.u.i.k.p.r.p.TestFile    ... finished proof: closed. 
75821      INFO  main            d.u.i.k.p.r.p.TestFile    Now processing file /home/runner/work/key/key/key.core/../key.ui/examples/InformationFlow/LoopInvariants/loop.IFLoopExamples(loop.IFLoopExamples__hammer(int)).JML normal_behavior operation contract.0.key 
75822      WARN  main            d.u.i.k.n.ParsingFacade   /home/runner/work/key/key/key.core/../key.ui/examples/InformationFlow/LoopInvariants/loop.IFLoopExamples(loop.IFLoopExamples__hammer(int)).JML normal_behavior operation contract.0.key took 0 ms to parse. 
75822      WARN  main            d.u.i.k.n.ParsingFacade   Parsing time 421 ms. 
76929      WARN  main            d.u.i.k.n.ParsingFacade   file:/home/runner/work/key/key/key.core/build/resources/main/de/uka/ilkd/key/java/JavaRedux/java/lang/String.key took 1 ms to parse. 
76930      WARN  main            d.u.i.k.n.ParsingFacade   Parsing time 422 ms. 
79151      WARN  main            d.u.i.k.n.ParsingFacade   /home/runner/work/key/key/key.core/../key.ui/examples/InformationFlow/LoopInvariants/loop.IFLoopExamples(loop.IFLoopExamples__hammer(int)).JML normal_behavior operation contract.0.key took 0 ms to parse. 
79154      WARN  main            d.u.i.k.n.ParsingFacade   Parsing time 422 ms. 
79561      INFO  main            d.u.i.k.p.r.p.TestFile    ... finished proof: closed. 
427598     INFO  Test worker     d.u.i.k.p.r.RunAllProofsTestUnit Returning from test LoopInvariants 
427599     INFO  Test worker     d.u.i.k.p.r.RunAllProofsTestUnit Running test MiniExamples 
382        INFO  Timeout watchdog d.u.i.k.p.r.p.ForkedTestFileRunner Timeout watcher launched (1000 secs.) 
404        WARN  main            d.u.i.k.s.ProofSettings   The settings in /home/runner/.key/proof-settings.props are *not* read. 
434        INFO  main            d.u.i.k.p.r.p.TestFile    Now processing file /home/runner/work/key/key/key.core/../key.ui/examples/InformationFlow/MiniExamples/mini.AliasingExamples(mini.AliasingExamples__insecure_1(mini.AliasingExamples,mini.AliasingExamples,int)).JML operation contract.0.key 
689        WARN  main            d.u.i.k.n.ParsingFacade   /home/runner/work/key/key/key.core/../key.ui/examples/InformationFlow/MiniExamples/mini.AliasingExamples(mini.AliasingExamples__insecure_1(mini.AliasingExamples,mini.AliasingExamples,int)).JML operation contract.0.key took 17 ms to parse. 
689        WARN  main            d.u.i.k.n.ParsingFacade   Parsing time 17 ms. 
844        WARN  main            d.u.i.k.n.ParsingFacade   file:/home/runner/work/key/key/key.core/build/resources/main/de/uka/ilkd/key/proof/rules/standardRules.key took 24 ms to parse. 
845        WARN  main            d.u.i.k.n.ParsingFacade   Parsing time 41 ms. 
857        WARN  main            d.u.i.k.n.ParsingFacade   file:/home/runner/work/key/key/key.core/build/resources/main/de/uka/ilkd/key/proof/rules/ldt.key took 1 ms to parse. 
857        WARN  main            d.u.i.k.n.ParsingFacade   Parsing time 42 ms. 
863        WARN  main            d.u.i.k.n.ParsingFacade   file:/home/runner/work/key/key/key.core/build/resources/main/de/uka/ilkd/key/proof/rules/boolean.key took 3 ms to parse. 
863        WARN  main            d.u.i.k.n.ParsingFacade   Parsing time 45 ms. 
884        WARN  main            d.u.i.k.n.ParsingFacade   file:/home/runner/work/key/key/key.core/build/resources/main/de/uka/ilkd/key/proof/rules/ruleSetsDeclarations.key took 7 ms to parse. 
884        WARN  main            d.u.i.k.n.ParsingFacade   Parsing time 52 ms. 
907        WARN  main            d.u.i.k.n.ParsingFacade   file:/home/runner/work/key/key/key.core/build/resources/main/de/uka/ilkd/key/proof/rules/integerHeader.key took 4 ms to parse. 
907        WARN  main            d.u.i.k.n.ParsingFacade   Parsing time 56 ms. 
909        WARN  main            d.u.i.k.n.ParsingFacade   file:/home/runner/work/key/key/key.core/build/resources/main/de/uka/ilkd/key/proof/rules/floatHeader.key took 1 ms to parse. 
909        WARN  main            d.u.i.k.n.ParsingFacade   Parsing time 57 ms. 
911        WARN  main            d.u.i.k.n.ParsingFacade   file:/home/runner/work/key/key/key.core/build/resources/main/de/uka/ilkd/key/proof/rules/heap.key took 1 ms to parse. 
911        WARN  main            d.u.i.k.n.ParsingFacade   Parsing time 58 ms. 
914        WARN  main            d.u.i.k.n.ParsingFacade   file:/home/runner/work/key/key/key.core/build/resources/main/de/uka/ilkd/key/proof/rules/locSets.key took 0 ms to parse. 
914        WARN  main            d.u.i.k.n.ParsingFacade   Parsing time 58 ms. 
915        WARN  main            d.u.i.k.n.ParsingFacade   file:/home/runner/work/key/key/key.core/build/resources/main/de/uka/ilkd/key/proof/rules/permission.key took 0 ms to parse. 
915        WARN  main            d.u.i.k.n.ParsingFacade   Parsing time 58 ms. 
916        WARN  main            d.u.i.k.n.ParsingFacade   file:/home/runner/work/key/key/key.core/build/resources/main/de/uka/ilkd/key/proof/rules/reach.key took 0 ms to parse. 
916        WARN  main            d.u.i.k.n.ParsingFacade   Parsing time 58 ms. 
916        WARN  main            d.u.i.k.n.ParsingFacade   file:/home/runner/work/key/key/key.core/build/resources/main/de/uka/ilkd/key/proof/rules/seq.key took 0 ms to parse. 
917        WARN  main            d.u.i.k.n.ParsingFacade   Parsing time 58 ms. 
943        WARN  main            d.u.i.k.n.ParsingFacade   file:/home/runner/work/key/key/key.core/build/resources/main/de/uka/ilkd/key/proof/rules/map.key took 26 ms to parse. 
943        WARN  main            d.u.i.k.n.ParsingFacade   Parsing time 84 ms. 
944        WARN  main            d.u.i.k.n.ParsingFacade   file:/home/runner/work/key/key/key.core/build/resources/main/de/uka/ilkd/key/proof/rules/freeADT.key took 0 ms to parse. 
944        WARN  main            d.u.i.k.n.ParsingFacade   Parsing time 84 ms. 
944        WARN  main            d.u.i.k.n.ParsingFacade   file:/home/runner/work/key/key/key.core/build/resources/main/de/uka/ilkd/key/proof/rules/wellfound.key took 0 ms to parse. 
944        WARN  main            d.u.i.k.n.ParsingFacade   Parsing time 84 ms. 
945        WARN  main            d.u.i.k.n.ParsingFacade   file:/home/runner/work/key/key/key.core/build/resources/main/de/uka/ilkd/key/proof/rules/charListHeader.key took 0 ms to parse. 
945        WARN  main            d.u.i.k.n.ParsingFacade   Parsing time 84 ms. 
1173       WARN  main            d.u.i.k.n.ParsingFacade   file:/home/runner/work/key/key/key.core/build/resources/main/de/uka/ilkd/key/proof/rules/propRule.key took 11 ms to parse. 
1173       WARN  main            d.u.i.k.n.ParsingFacade   Parsing time 95 ms. 
1214       WARN  main            d.u.i.k.n.ParsingFacade   file:/home/runner/work/key/key/key.core/build/resources/main/de/uka/ilkd/key/proof/rules/firstOrderRules.key took 4 ms to parse. 
1214       WARN  main            d.u.i.k.n.ParsingFacade   Parsing time 99 ms. 
1257       WARN  main            d.u.i.k.n.ParsingFacade   file:/home/runner/work/key/key/key.core/build/resources/main/de/uka/ilkd/key/proof/rules/ifThenElseRules.key took 14 ms to parse. 
1257       WARN  main            d.u.i.k.n.ParsingFacade   Parsing time 113 ms. 
1307       WARN  main            d.u.i.k.n.ParsingFacade   file:/home/runner/work/key/key/key.core/build/resources/main/de/uka/ilkd/key/proof/rules/formulaNormalisationRules.key took 21 ms to parse. 
1307       WARN  main            d.u.i.k.n.ParsingFacade   Parsing time 134 ms. 
1410       WARN  main            d.u.i.k.n.ParsingFacade   file:/home/runner/work/key/key/key.core/build/resources/main/de/uka/ilkd/key/proof/rules/updateRules.key took 36 ms to parse. 
1410       WARN  main            d.u.i.k.n.ParsingFacade   Parsing time 170 ms. 
1434       WARN  main            d.u.i.k.n.ParsingFacade   file:/home/runner/work/key/key/key.core/build/resources/main/de/uka/ilkd/key/proof/rules/integerRulesCommon.key took 2 ms to parse. 
1436       WARN  main            d.u.i.k.n.ParsingFacade   Parsing time 172 ms. 
1568       WARN  main            d.u.i.k.n.ParsingFacade   file:/home/runner/work/key/key/key.core/build/resources/main/de/uka/ilkd/key/proof/rules/intRules.key took 12 ms to parse. 
1568       WARN  main            d.u.i.k.n.ParsingFacade   Parsing time 184 ms. 
1600       WARN  main            d.u.i.k.n.ParsingFacade   file:/home/runner/work/key/key/key.core/build/resources/main/de/uka/ilkd/key/proof/rules/intRulesUncheckedSemantics.key took 12 ms to parse. 
1600       WARN  main            d.u.i.k.n.ParsingFacade   Parsing time 196 ms. 
1608       WARN  main            d.u.i.k.n.ParsingFacade   file:/home/runner/work/key/key/key.core/build/resources/main/de/uka/ilkd/key/proof/rules/intRulesCheckedSemantics.key took 2 ms to parse. 
1608       WARN  main            d.u.i.k.n.ParsingFacade   Parsing time 198 ms. 
1615       WARN  main            d.u.i.k.n.ParsingFacade   file:/home/runner/work/key/key/key.core/build/resources/main/de/uka/ilkd/key/proof/rules/intRulesJavaSemantics.key took 3 ms to parse. 
1615       WARN  main            d.u.i.k.n.ParsingFacade   Parsing time 201 ms. 
1656       WARN  main            d.u.i.k.n.ParsingFacade   file:/home/runner/work/key/key/key.core/build/resources/main/de/uka/ilkd/key/proof/rules/integerSimplificationRules.key took 32 ms to parse. 
1656       WARN  main            d.u.i.k.n.ParsingFacade   Parsing time 233 ms. 
1772       WARN  main            d.u.i.k.n.ParsingFacade   file:/home/runner/work/key/key/key.core/build/resources/main/de/uka/ilkd/key/proof/rules/intDiv.key took 35 ms to parse. 
1772       WARN  main            d.u.i.k.n.ParsingFacade   Parsing time 268 ms. 
1798       WARN  main            d.u.i.k.n.ParsingFacade   file:/home/runner/work/key/key/key.core/build/resources/main/de/uka/ilkd/key/proof/rules/bsum.key took 9 ms to parse. 
1798       WARN  main            d.u.i.k.n.ParsingFacade   Parsing time 277 ms. 
1828       WARN  main            d.u.i.k.n.ParsingFacade   file:/home/runner/work/key/key/key.core/build/resources/main/de/uka/ilkd/key/proof/rules/bprod.key took 3 ms to parse. 
1828       WARN  main            d.u.i.k.n.ParsingFacade   Parsing time 280 ms. 
1839       WARN  main            d.u.i.k.n.ParsingFacade   file:/home/runner/work/key/key/key.core/build/resources/main/de/uka/ilkd/key/proof/rules/binaryAxioms.key took 1 ms to parse. 
1839       WARN  main            d.u.i.k.n.ParsingFacade   Parsing time 281 ms. 
1843       WARN  main            d.u.i.k.n.ParsingFacade   file:/home/runner/work/key/key/key.core/build/resources/main/de/uka/ilkd/key/proof/rules/binaryLemmas.key took 1 ms to parse. 
1843       WARN  main            d.u.i.k.n.ParsingFacade   Parsing time 282 ms. 
1848       WARN  main            d.u.i.k.n.ParsingFacade   file:/home/runner/work/key/key/key.core/build/resources/main/de/uka/ilkd/key/proof/rules/intPow.key took 2 ms to parse. 
1849       WARN  main            d.u.i.k.n.ParsingFacade   Parsing time 284 ms. 
1862       WARN  main            d.u.i.k.n.ParsingFacade   file:/home/runner/work/key/key/key.core/build/resources/main/de/uka/ilkd/key/proof/rules/floatRulesCommon.key took 5 ms to parse. 
1862       WARN  main            d.u.i.k.n.ParsingFacade   Parsing time 289 ms. 
1877       WARN  main            d.u.i.k.n.ParsingFacade   file:/home/runner/work/key/key/key.core/build/resources/main/de/uka/ilkd/key/proof/rules/floatRules.key took 0 ms to parse. 
1877       WARN  main            d.u.i.k.n.ParsingFacade   Parsing time 289 ms. 
1879       WARN  main            d.u.i.k.n.ParsingFacade   file:/home/runner/work/key/key/key.core/build/resources/main/de/uka/ilkd/key/proof/rules/floatRulesVerifyNormal.key took 1 ms to parse. 
1882       WARN  main            d.u.i.k.n.ParsingFacade   Parsing time 290 ms. 
1886       WARN  main            d.u.i.k.n.ParsingFacade   file:/home/runner/work/key/key/key.core/build/resources/main/de/uka/ilkd/key/proof/rules/floatRulesAssumeStrictfp.key took 3 ms to parse. 
1886       WARN  main            d.u.i.k.n.ParsingFacade   Parsing time 293 ms. 
1922       WARN  main            d.u.i.k.n.ParsingFacade   file:/home/runner/work/key/key/key.core/build/resources/main/de/uka/ilkd/key/proof/rules/genericRules.key took 5 ms to parse. 
1922       WARN  main            d.u.i.k.n.ParsingFacade   Parsing time 298 ms. 
1933       WARN  main            d.u.i.k.n.ParsingFacade   file:/home/runner/work/key/key/key.core/build/resources/main/de/uka/ilkd/key/proof/rules/booleanRules.key took 1 ms to parse. 
1933       WARN  main            d.u.i.k.n.ParsingFacade   Parsing time 299 ms. 
1937       WARN  main            d.u.i.k.n.ParsingFacade   file:/home/runner/work/key/key/key.core/build/resources/main/de/uka/ilkd/key/proof/rules/epsilon.key took 1 ms to parse. 
1937       WARN  main            d.u.i.k.n.ParsingFacade   Parsing time 300 ms. 
1951       WARN  main            d.u.i.k.n.ParsingFacade   file:/home/runner/work/key/key/key.core/build/resources/main/de/uka/ilkd/key/proof/rules/locSetsRules.key took 11 ms to parse. 
1951       WARN  main            d.u.i.k.n.ParsingFacade   Parsing time 311 ms. 
2026       WARN  main            d.u.i.k.n.ParsingFacade   file:/home/runner/work/key/key/key.core/build/resources/main/de/uka/ilkd/key/proof/rules/heapRules.key took 9 ms to parse. 
2026       WARN  main            d.u.i.k.n.ParsingFacade   Parsing time 320 ms. 
2061       WARN  main            d.u.i.k.n.ParsingFacade   file:/home/runner/work/key/key/key.core/build/resources/main/de/uka/ilkd/key/proof/rules/permissionRules.key took 4 ms to parse. 
2061       WARN  main            d.u.i.k.n.ParsingFacade   Parsing time 324 ms. 
2076       WARN  main            d.u.i.k.n.ParsingFacade   file:/home/runner/work/key/key/key.core/build/resources/main/de/uka/ilkd/key/proof/rules/reachRules.key took 4 ms to parse. 
2076       WARN  main            d.u.i.k.n.ParsingFacade   Parsing time 328 ms. 
2089       WARN  main            d.u.i.k.n.ParsingFacade   file:/home/runner/work/key/key/key.core/build/resources/main/de/uka/ilkd/key/proof/rules/seqCoreRules.key took 1 ms to parse. 
2089       WARN  main            d.u.i.k.n.ParsingFacade   Parsing time 329 ms. 
2099       WARN  main            d.u.i.k.n.ParsingFacade   file:/home/runner/work/key/key/key.core/build/resources/main/de/uka/ilkd/key/proof/rules/seqRules.key took 7 ms to parse. 
2099       WARN  main            d.u.i.k.n.ParsingFacade   Parsing time 336 ms. 
2162       WARN  main            d.u.i.k.n.ParsingFacade   file:/home/runner/work/key/key/key.core/build/resources/main/de/uka/ilkd/key/proof/rules/seqPerm.key took 5 ms to parse. 
2162       WARN  main            d.u.i.k.n.ParsingFacade   Parsing time 341 ms. 
2178       WARN  main            d.u.i.k.n.ParsingFacade   file:/home/runner/work/key/key/key.core/build/resources/main/de/uka/ilkd/key/proof/rules/seqPerm2.key took 1 ms to parse. 
2178       WARN  main            d.u.i.k.n.ParsingFacade   Parsing time 342 ms. 
2243       WARN  main            d.u.i.k.n.ParsingFacade   file:/home/runner/work/key/key/key.core/build/resources/main/de/uka/ilkd/key/proof/rules/javaRules.key took 58 ms to parse. 
2243       WARN  main            d.u.i.k.n.ParsingFacade   Parsing time 400 ms. 
2282       WARN  main            d.u.i.k.n.ParsingFacade   file:/home/runner/work/key/key/key.core/build/resources/main/de/uka/ilkd/key/proof/rules/assertions.key took 33 ms to parse. 
2282       WARN  main            d.u.i.k.n.ParsingFacade   Parsing time 433 ms. 
2842       WARN  main            d.u.i.k.n.ParsingFacade   file:/home/runner/work/key/key/key.core/build/resources/main/de/uka/ilkd/key/proof/rules/loopRules.key took 1 ms to parse. 
2843       WARN  main            d.u.i.k.n.ParsingFacade   Parsing time 434 ms. 
2853       WARN  main            d.u.i.k.n.ParsingFacade   file:/home/runner/work/key/key/key.core/build/resources/main/de/uka/ilkd/key/proof/rules/activeUse.key took 1 ms to parse. 
2853       WARN  main            d.u.i.k.n.ParsingFacade   Parsing time 435 ms. 
2913       WARN  main            d.u.i.k.n.ParsingFacade   file:/home/runner/work/key/key/key.core/build/resources/main/de/uka/ilkd/key/proof/rules/instanceAllocation.key took 7 ms to parse. 
2913       WARN  main            d.u.i.k.n.ParsingFacade   Parsing time 442 ms. 
2926       WARN  main            d.u.i.k.n.ParsingFacade   file:/home/runner/work/key/key/key.core/build/resources/main/de/uka/ilkd/key/proof/rules/java5.key took 0 ms to parse. 
2926       WARN  main            d.u.i.k.n.ParsingFacade   Parsing time 442 ms. 
2932       WARN  main            d.u.i.k.n.ParsingFacade   file:/home/runner/work/key/key/key.core/build/resources/main/de/uka/ilkd/key/proof/rules/integerAssignment2UpdateRules.key took 3 ms to parse. 
2932       WARN  main            d.u.i.k.n.ParsingFacade   Parsing time 445 ms. 
2978       WARN  main            d.u.i.k.n.ParsingFacade   file:/home/runner/work/key/key/key.core/build/resources/main/de/uka/ilkd/key/proof/rules/floatAssignment2UpdateRules.key took 9 ms to parse. 
2978       WARN  main            d.u.i.k.n.ParsingFacade   Parsing time 454 ms. 
2999       WARN  main            d.u.i.k.n.ParsingFacade   file:/home/runner/work/key/key/key.core/build/resources/main/de/uka/ilkd/key/proof/rules/bigint.key took 2 ms to parse. 
2999       WARN  main            d.u.i.k.n.ParsingFacade   Parsing time 456 ms. 
3023       WARN  main            d.u.i.k.n.ParsingFacade   file:/home/runner/work/key/key/key.core/build/resources/main/de/uka/ilkd/key/proof/rules/adtProgramDecompositionRules.key took 1 ms to parse. 
3023       WARN  main            d.u.i.k.n.ParsingFacade   Parsing time 457 ms. 
3040       WARN  main            d.u.i.k.n.ParsingFacade   file:/home/runner/work/key/key/key.core/build/resources/main/de/uka/ilkd/key/proof/rules/precRules.key took 0 ms to parse. 
3040       WARN  main            d.u.i.k.n.ParsingFacade   Parsing time 457 ms. 
3045       WARN  main            d.u.i.k.n.ParsingFacade   file:/home/runner/work/key/key/key.core/build/resources/main/de/uka/ilkd/key/proof/rules/charListRules.key took 2 ms to parse. 
3045       WARN  main            d.u.i.k.n.ParsingFacade   Parsing time 459 ms. 
3055       WARN  main            d.u.i.k.n.ParsingFacade   file:/home/runner/work/key/key/key.core/build/resources/main/de/uka/ilkd/key/proof/rules/regExTheory.key took 0 ms to parse. 
3056       WARN  main            d.u.i.k.n.ParsingFacade   Parsing time 459 ms. 
3057       WARN  main            d.u.i.k.n.ParsingFacade   file:/home/runner/work/key/key/key.core/build/resources/main/de/uka/ilkd/key/proof/rules/regExHeader.key took 0 ms to parse. 
3057       WARN  main            d.u.i.k.n.ParsingFacade   Parsing time 459 ms. 
3059       WARN  main            d.u.i.k.n.ParsingFacade   file:/home/runner/work/key/key/key.core/build/resources/main/de/uka/ilkd/key/proof/rules/regExAxioms.key took 1 ms to parse. 
3061       WARN  main            d.u.i.k.n.ParsingFacade   Parsing time 460 ms. 
3064       WARN  main            d.u.i.k.n.ParsingFacade   file:/home/runner/work/key/key/key.core/build/resources/main/de/uka/ilkd/key/proof/rules/regExLemmaProven.key took 1 ms to parse. 
3064       WARN  main            d.u.i.k.n.ParsingFacade   Parsing time 461 ms. 
3070       WARN  main            d.u.i.k.n.ParsingFacade   file:/home/runner/work/key/key/key.core/build/resources/main/de/uka/ilkd/key/proof/rules/seqEq.key took 1 ms to parse. 
3070       WARN  main            d.u.i.k.n.ParsingFacade   Parsing time 462 ms. 
3096       WARN  main            d.u.i.k.n.ParsingFacade   file:/home/runner/work/key/key/key.core/build/resources/main/de/uka/ilkd/key/proof/rules/infFlow.key took 1 ms to parse. 
3096       WARN  main            d.u.i.k.n.ParsingFacade   Parsing time 463 ms. 
3102       WARN  main            d.u.i.k.n.ParsingFacade   file:/home/runner/work/key/key/key.core/build/resources/main/de/uka/ilkd/key/proof/rules/mapSize.key took 0 ms to parse. 
3102       WARN  main            d.u.i.k.n.ParsingFacade   Parsing time 463 ms. 
3104       WARN  main            d.u.i.k.n.ParsingFacade   file:/home/runner/work/key/key/key.core/build/resources/main/de/uka/ilkd/key/proof/rules/wd.key took 0 ms to parse. 
3105       WARN  main            d.u.i.k.n.ParsingFacade   Parsing time 463 ms. 
3109       WARN  main            d.u.i.k.n.ParsingFacade   file:/home/runner/work/key/key/key.core/build/resources/main/de/uka/ilkd/key/proof/rules/wdHeader.key took 0 ms to parse. 
3109       WARN  main            d.u.i.k.n.ParsingFacade   Parsing time 463 ms. 
3110       WARN  main            d.u.i.k.n.ParsingFacade   file:/home/runner/work/key/key/key.core/build/resources/main/de/uka/ilkd/key/proof/rules/wdGeneralRules.key took 0 ms to parse. 
3111       WARN  main            d.u.i.k.n.ParsingFacade   Parsing time 463 ms. 
3118       WARN  main            d.u.i.k.n.ParsingFacade   file:/home/runner/work/key/key/key.core/build/resources/main/de/uka/ilkd/key/proof/rules/wdNumericalRules.key took 4 ms to parse. 
3118       WARN  main            d.u.i.k.n.ParsingFacade   Parsing time 467 ms. 
3135       WARN  main            d.u.i.k.n.ParsingFacade   file:/home/runner/work/key/key/key.core/build/resources/main/de/uka/ilkd/key/proof/rules/wdLocSetRules.key took 1 ms to parse. 
3135       WARN  main            d.u.i.k.n.ParsingFacade   Parsing time 468 ms. 
3139       WARN  main            d.u.i.k.n.ParsingFacade   file:/home/runner/work/key/key/key.core/build/resources/main/de/uka/ilkd/key/proof/rules/wdHeapRules.key took 0 ms to parse. 
3139       WARN  main            d.u.i.k.n.ParsingFacade   Parsing time 468 ms. 
3142       WARN  main            d.u.i.k.n.ParsingFacade   file:/home/runner/work/key/key/key.core/build/resources/main/de/uka/ilkd/key/proof/rules/wdReachRules.key took 0 ms to parse. 
3142       WARN  main            d.u.i.k.n.ParsingFacade   Parsing time 468 ms. 
3144       WARN  main            d.u.i.k.n.ParsingFacade   file:/home/runner/work/key/key/key.core/build/resources/main/de/uka/ilkd/key/proof/rules/wdSeqRules.key took 1 ms to parse. 
3144       WARN  main            d.u.i.k.n.ParsingFacade   Parsing time 469 ms. 
3147       WARN  main            d.u.i.k.n.ParsingFacade   file:/home/runner/work/key/key/key.core/build/resources/main/de/uka/ilkd/key/proof/rules/wdStringRules.key took 1 ms to parse. 
3147       WARN  main            d.u.i.k.n.ParsingFacade   Parsing time 470 ms. 
3150       WARN  main            d.u.i.k.n.ParsingFacade   file:/home/runner/work/key/key/key.core/build/resources/main/de/uka/ilkd/key/proof/rules/wdRegExRules.key took 1 ms to parse. 
3150       WARN  main            d.u.i.k.n.ParsingFacade   Parsing time 471 ms. 
3157       WARN  main            d.u.i.k.n.ParsingFacade   file:/home/runner/work/key/key/key.core/build/resources/main/de/uka/ilkd/key/proof/rules/wdFormulaRules.key took 4 ms to parse. 
3157       WARN  main            d.u.i.k.n.ParsingFacade   Parsing time 475 ms. 
3168       WARN  main            d.u.i.k.n.ParsingFacade   file:/home/runner/work/key/key/key.core/build/resources/main/de/uka/ilkd/key/proof/rules/loopInvariantRules.key took 0 ms to parse. 
3168       WARN  main            d.u.i.k.n.ParsingFacade   Parsing time 475 ms. 
3170       WARN  main            d.u.i.k.n.ParsingFacade   file:/home/runner/work/key/key/key.core/build/resources/main/de/uka/ilkd/key/proof/rules/forLoopRules.key took 0 ms to parse. 
3170       WARN  main            d.u.i.k.n.ParsingFacade   Parsing time 475 ms. 
3177       WARN  main            d.u.i.k.n.ParsingFacade   file:/home/runner/work/key/key/key.core/build/resources/main/de/uka/ilkd/key/proof/rules/execRules.key took 4 ms to parse. 
3177       WARN  main            d.u.i.k.n.ParsingFacade   Parsing time 479 ms. 
3258       WARN  main            d.u.i.k.n.ParsingFacade   file:/home/runner/work/key/key/key.core/build/resources/main/de/uka/ilkd/key/proof/rules/loopScopeRules.key took 2 ms to parse. 
3258       WARN  main            d.u.i.k.n.ParsingFacade   Parsing time 481 ms. 
6968       WARN  main            d.u.i.k.n.ParsingFacade   file:/home/runner/work/key/key/key.core/build/resources/main/de/uka/ilkd/key/java/JavaRedux/java/lang/String.key took 5 ms to parse. 
6968       WARN  main            d.u.i.k.n.ParsingFacade   Parsing time 486 ms. 
9815       WARN  main            d.u.i.k.n.ParsingFacade   /home/runner/work/key/key/key.core/../key.ui/examples/InformationFlow/MiniExamples/mini.AliasingExamples(mini.AliasingExamples__insecure_1(mini.AliasingExamples,mini.AliasingExamples,int)).JML operation contract.0.key took 0 ms to parse. 
9816       WARN  main            d.u.i.k.n.ParsingFacade   Parsing time 486 ms. 
10454      INFO  main            d.u.i.k.p.r.p.TestFile    ... finished proof: closed. 
10570      INFO  main            d.u.i.k.p.r.p.TestFile    Now processing file /home/runner/work/key/key/key.core/../key.ui/examples/InformationFlow/MiniExamples/mini.AliasingExamples(mini.AliasingExamples__secure_1(mini.AliasingExamples,mini.AliasingExamples,int)).JML operation contract.0.key 
10570      WARN  main            d.u.i.k.n.ParsingFacade   /home/runner/work/key/key/key.core/../key.ui/examples/InformationFlow/MiniExamples/mini.AliasingExamples(mini.AliasingExamples__secure_1(mini.AliasingExamples,mini.AliasingExamples,int)).JML operation contract.0.key took 0 ms to parse. 
10572      WARN  main            d.u.i.k.n.ParsingFacade   Parsing time 486 ms. 
11917      WARN  main            d.u.i.k.n.ParsingFacade   file:/home/runner/work/key/key/key.core/build/resources/main/de/uka/ilkd/key/java/JavaRedux/java/lang/String.key took 1 ms to parse. 
11919      WARN  main            d.u.i.k.n.ParsingFacade   Parsing time 487 ms. 
14252      WARN  main            d.u.i.k.n.ParsingFacade   /home/runner/work/key/key/key.core/../key.ui/examples/InformationFlow/MiniExamples/mini.AliasingExamples(mini.AliasingExamples__secure_1(mini.AliasingExamples,mini.AliasingExamples,int)).JML operation contract.0.key took 0 ms to parse. 
14253      WARN  main            d.u.i.k.n.ParsingFacade   Parsing time 487 ms. 
14355      INFO  main            d.u.i.k.p.r.p.TestFile    ... finished proof: closed. 
14488      INFO  main            d.u.i.k.p.r.p.TestFile    Now processing file /home/runner/work/key/key/key.core/../key.ui/examples/InformationFlow/MiniExamples/mini.MiniExamplesLecture(mini.MiniExamplesLecture__m_6()).JML normal_behavior operation contract.0.key 
14489      WARN  main            d.u.i.k.n.ParsingFacade   /home/runner/work/key/key/key.core/../key.ui/examples/InformationFlow/MiniExamples/mini.MiniExamplesLecture(mini.MiniExamplesLecture__m_6()).JML normal_behavior operation contract.0.key took 0 ms to parse. 
14489      WARN  main            d.u.i.k.n.ParsingFacade   Parsing time 487 ms. 
15624      WARN  main            d.u.i.k.n.ParsingFacade   file:/home/runner/work/key/key/key.core/build/resources/main/de/uka/ilkd/key/java/JavaRedux/java/lang/String.key took 1 ms to parse. 
15625      WARN  main            d.u.i.k.n.ParsingFacade   Parsing time 488 ms. 
17780      WARN  main            d.u.i.k.n.ParsingFacade   /home/runner/work/key/key/key.core/../key.ui/examples/InformationFlow/MiniExamples/mini.MiniExamplesLecture(mini.MiniExamplesLecture__m_6()).JML normal_behavior operation contract.0.key took 0 ms to parse. 
17781      WARN  main            d.u.i.k.n.ParsingFacade   Parsing time 488 ms. 
17883      INFO  main            d.u.i.k.p.r.p.TestFile    ... finished proof: closed. 
18048      INFO  main            d.u.i.k.p.r.p.TestFile    Now processing file /home/runner/work/key/key/key.core/../key.ui/examples/InformationFlow/MiniExamples/mini.MiniExamplesLecture(mini.MiniExamplesLecture__m_5()).JML normal_behavior operation contract.0.key 
18049      WARN  main            d.u.i.k.n.ParsingFacade   /home/runner/work/key/key/key.core/../key.ui/examples/InformationFlow/MiniExamples/mini.MiniExamplesLecture(mini.MiniExamplesLecture__m_5()).JML normal_behavior operation contract.0.key took 0 ms to parse. 
18049      WARN  main            d.u.i.k.n.ParsingFacade   Parsing time 488 ms. 
19186      WARN  main            d.u.i.k.n.ParsingFacade   file:/home/runner/work/key/key/key.core/build/resources/main/de/uka/ilkd/key/java/JavaRedux/java/lang/String.key took 1 ms to parse. 
19186      WARN  main            d.u.i.k.n.ParsingFacade   Parsing time 489 ms. 
21386      WARN  main            d.u.i.k.n.ParsingFacade   /home/runner/work/key/key/key.core/../key.ui/examples/InformationFlow/MiniExamples/mini.MiniExamplesLecture(mini.MiniExamplesLecture__m_5()).JML normal_behavior operation contract.0.key took 0 ms to parse. 
21387      WARN  main            d.u.i.k.n.ParsingFacade   Parsing time 489 ms. 
21589      INFO  main            d.u.i.k.p.r.p.TestFile    ... finished proof: closed. 
21724      INFO  main            d.u.i.k.p.r.p.TestFile    Now processing file /home/runner/work/key/key/key.core/../key.ui/examples/InformationFlow/MiniExamples/mini.MiniExamplesLecture(mini.MiniExamplesLecture__m_4()).JML normal_behavior operation contract.0.key 
21725      WARN  main            d.u.i.k.n.ParsingFacade   /home/runner/work/key/key/key.core/../key.ui/examples/InformationFlow/MiniExamples/mini.MiniExamplesLecture(mini.MiniExamplesLecture__m_4()).JML normal_behavior operation contract.0.key took 0 ms to parse. 
21725      WARN  main            d.u.i.k.n.ParsingFacade   Parsing time 489 ms. 
22814      WARN  main            d.u.i.k.n.ParsingFacade   file:/home/runner/work/key/key/key.core/build/resources/main/de/uka/ilkd/key/java/JavaRedux/java/lang/String.key took 2 ms to parse. 
22815      WARN  main            d.u.i.k.n.ParsingFacade   Parsing time 491 ms. 
24918      WARN  main            d.u.i.k.n.ParsingFacade   /home/runner/work/key/key/key.core/../key.ui/examples/InformationFlow/MiniExamples/mini.MiniExamplesLecture(mini.MiniExamplesLecture__m_4()).JML normal_behavior operation contract.0.key took 0 ms to parse. 
24919      WARN  main            d.u.i.k.n.ParsingFacade   Parsing time 491 ms. 
25024      INFO  main            d.u.i.k.p.r.p.TestFile    ... finished proof: closed. 
25161      INFO  main            d.u.i.k.p.r.p.TestFile    Now processing file /home/runner/work/key/key/key.core/../key.ui/examples/InformationFlow/MiniExamples/mini.MiniExamplesLecture(mini.MiniExamplesLecture__m_3()).JML normal_behavior operation contract.0.key 
25162      WARN  main            d.u.i.k.n.ParsingFacade   /home/runner/work/key/key/key.core/../key.ui/examples/InformationFlow/MiniExamples/mini.MiniExamplesLecture(mini.MiniExamplesLecture__m_3()).JML normal_behavior operation contract.0.key took 0 ms to parse. 
25162      WARN  main            d.u.i.k.n.ParsingFacade   Parsing time 491 ms. 
26199      WARN  main            d.u.i.k.n.ParsingFacade   file:/home/runner/work/key/key/key.core/build/resources/main/de/uka/ilkd/key/java/JavaRedux/java/lang/String.key took 1 ms to parse. 
26199      WARN  main            d.u.i.k.n.ParsingFacade   Parsing time 492 ms. 
28347      WARN  main            d.u.i.k.n.ParsingFacade   /home/runner/work/key/key/key.core/../key.ui/examples/InformationFlow/MiniExamples/mini.MiniExamplesLecture(mini.MiniExamplesLecture__m_3()).JML normal_behavior operation contract.0.key took 0 ms to parse. 
28347      WARN  main            d.u.i.k.n.ParsingFacade   Parsing time 492 ms. 
28550      INFO  main            d.u.i.k.p.r.p.TestFile    ... finished proof: closed. 
28711      INFO  main            d.u.i.k.p.r.p.TestFile    Now processing file /home/runner/work/key/key/key.core/../key.ui/examples/InformationFlow/MiniExamples/mini.MiniExamplesLecture(mini.MiniExamplesLecture__m_2()).JML normal_behavior operation contract.0.key 
28712      WARN  main            d.u.i.k.n.ParsingFacade   /home/runner/work/key/key/key.core/../key.ui/examples/InformationFlow/MiniExamples/mini.MiniExamplesLecture(mini.MiniExamplesLecture__m_2()).JML normal_behavior operation contract.0.key took 0 ms to parse. 
28712      WARN  main            d.u.i.k.n.ParsingFacade   Parsing time 492 ms. 
29779      WARN  main            d.u.i.k.n.ParsingFacade   file:/home/runner/work/key/key/key.core/build/resources/main/de/uka/ilkd/key/java/JavaRedux/java/lang/String.key took 2 ms to parse. 
29779      WARN  main            d.u.i.k.n.ParsingFacade   Parsing time 494 ms. 
31865      WARN  main            d.u.i.k.n.ParsingFacade   /home/runner/work/key/key/key.core/../key.ui/examples/InformationFlow/MiniExamples/mini.MiniExamplesLecture(mini.MiniExamplesLecture__m_2()).JML normal_behavior operation contract.0.key took 0 ms to parse. 
31865      WARN  main            d.u.i.k.n.ParsingFacade   Parsing time 494 ms. 
31967      INFO  main            d.u.i.k.p.r.p.TestFile    ... finished proof: closed. 
32134      INFO  main            d.u.i.k.p.r.p.TestFile    Now processing file /home/runner/work/key/key/key.core/../key.ui/examples/InformationFlow/MiniExamples/mini.MiniExamplesLecture(mini.MiniExamplesLecture__m_1()).JML normal_behavior operation contract.0.key 
32134      WARN  main            d.u.i.k.n.ParsingFacade   /home/runner/work/key/key/key.core/../key.ui/examples/InformationFlow/MiniExamples/mini.MiniExamplesLecture(mini.MiniExamplesLecture__m_1()).JML normal_behavior operation contract.0.key took 0 ms to parse. 
32135      WARN  main            d.u.i.k.n.ParsingFacade   Parsing time 494 ms. 
33156      WARN  main            d.u.i.k.n.ParsingFacade   file:/home/runner/work/key/key/key.core/build/resources/main/de/uka/ilkd/key/java/JavaRedux/java/lang/String.key took 1 ms to parse. 
33157      WARN  main            d.u.i.k.n.ParsingFacade   Parsing time 495 ms. 
35313      WARN  main            d.u.i.k.n.ParsingFacade   /home/runner/work/key/key/key.core/../key.ui/examples/InformationFlow/MiniExamples/mini.MiniExamplesLecture(mini.MiniExamplesLecture__m_1()).JML normal_behavior operation contract.0.key took 1 ms to parse. 
35313      WARN  main            d.u.i.k.n.ParsingFacade   Parsing time 496 ms. 
35415      INFO  main            d.u.i.k.p.r.p.TestFile    ... finished proof: closed. 
35583      INFO  main            d.u.i.k.p.r.p.TestFile    Now processing file /home/runner/work/key/key/key.core/../key.ui/examples/InformationFlow/MiniExamples/mini.DifferenceSeqLocset(mini.DifferenceSeqLocset__m()).JML normal_behavior operation contract.1.key 
35584      WARN  main            d.u.i.k.n.ParsingFacade   /home/runner/work/key/key/key.core/../key.ui/examples/InformationFlow/MiniExamples/mini.DifferenceSeqLocset(mini.DifferenceSeqLocset__m()).JML normal_behavior operation contract.1.key took 0 ms to parse. 
35584      WARN  main            d.u.i.k.n.ParsingFacade   Parsing time 496 ms. 
36660      WARN  main            d.u.i.k.n.ParsingFacade   file:/home/runner/work/key/key/key.core/build/resources/main/de/uka/ilkd/key/java/JavaRedux/java/lang/String.key took 2 ms to parse. 
36660      WARN  main            d.u.i.k.n.ParsingFacade   Parsing time 498 ms. 
38747      WARN  main            d.u.i.k.n.ParsingFacade   /home/runner/work/key/key/key.core/../key.ui/examples/InformationFlow/MiniExamples/mini.DifferenceSeqLocset(mini.DifferenceSeqLocset__m()).JML normal_behavior operation contract.1.key took 0 ms to parse. 
38747      WARN  main            d.u.i.k.n.ParsingFacade   Parsing time 498 ms. 
38949      INFO  main            d.u.i.k.p.r.p.TestFile    ... finished proof: closed. 
39111      INFO  main            d.u.i.k.p.r.p.TestFile    Now processing file /home/runner/work/key/key/key.core/../key.ui/examples/InformationFlow/MiniExamples/mini.DifferenceSeqLocset(mini.DifferenceSeqLocset__m()).JML normal_behavior operation contract.0.key 
39114      WARN  main            d.u.i.k.n.ParsingFacade   /home/runner/work/key/key/key.core/../key.ui/examples/InformationFlow/MiniExamples/mini.DifferenceSeqLocset(mini.DifferenceSeqLocset__m()).JML normal_behavior operation contract.0.key took 0 ms to parse. 
39114      WARN  main            d.u.i.k.n.ParsingFacade   Parsing time 498 ms. 
40165      WARN  main            d.u.i.k.n.ParsingFacade   file:/home/runner/work/key/key/key.core/build/resources/main/de/uka/ilkd/key/java/JavaRedux/java/lang/String.key took 1 ms to parse. 
40165      WARN  main            d.u.i.k.n.ParsingFacade   Parsing time 499 ms. 
42295      WARN  main            d.u.i.k.n.ParsingFacade   /home/runner/work/key/key/key.core/../key.ui/examples/InformationFlow/MiniExamples/mini.DifferenceSeqLocset(mini.DifferenceSeqLocset__m()).JML normal_behavior operation contract.0.key took 0 ms to parse. 
42295      WARN  main            d.u.i.k.n.ParsingFacade   Parsing time 499 ms. 
42501      INFO  main            d.u.i.k.p.r.p.TestFile    ... finished proof: closed. 
42667      INFO  main            d.u.i.k.p.r.p.TestFile    Now processing file /home/runner/work/key/key/key.core/../key.ui/examples/InformationFlow/MiniExamples/mini.MiniExamples(mini.MiniExamples__secure_p2_8()).JML normal_behavior operation contract.0.key 
42667      WARN  main            d.u.i.k.n.ParsingFacade   /home/runner/work/key/key/key.core/../key.ui/examples/InformationFlow/MiniExamples/mini.MiniExamples(mini.MiniExamples__secure_p2_8()).JML normal_behavior operation contract.0.key took 0 ms to parse. 
42667      WARN  main            d.u.i.k.n.ParsingFacade   Parsing time 499 ms. 
43695      WARN  main            d.u.i.k.n.ParsingFacade   file:/home/runner/work/key/key/key.core/build/resources/main/de/uka/ilkd/key/java/JavaRedux/java/lang/String.key took 1 ms to parse. 
43696      WARN  main            d.u.i.k.n.ParsingFacade   Parsing time 500 ms. 
45788      WARN  main            d.u.i.k.n.ParsingFacade   /home/runner/work/key/key/key.core/../key.ui/examples/InformationFlow/MiniExamples/mini.MiniExamples(mini.MiniExamples__secure_p2_8()).JML normal_behavior operation contract.0.key took 0 ms to parse. 
45788      WARN  main            d.u.i.k.n.ParsingFacade   Parsing time 500 ms. 
45991      INFO  main            d.u.i.k.p.r.p.TestFile    ... finished proof: closed. 
46174      INFO  main            d.u.i.k.p.r.p.TestFile    Now processing file /home/runner/work/key/key/key.core/../key.ui/examples/InformationFlow/MiniExamples/mini.MiniExamples(mini.MiniExamples__secure_parameter(int)).JML operation contract.0.key 
46175      WARN  main            d.u.i.k.n.ParsingFacade   /home/runner/work/key/key/key.core/../key.ui/examples/InformationFlow/MiniExamples/mini.MiniExamples(mini.MiniExamples__secure_parameter(int)).JML operation contract.0.key took 0 ms to parse. 
46175      WARN  main            d.u.i.k.n.ParsingFacade   Parsing time 500 ms. 
47187      WARN  main            d.u.i.k.n.ParsingFacade   file:/home/runner/work/key/key/key.core/build/resources/main/de/uka/ilkd/key/java/JavaRedux/java/lang/String.key took 1 ms to parse. 
47188      WARN  main            d.u.i.k.n.ParsingFacade   Parsing time 501 ms. 
49271      WARN  main            d.u.i.k.n.ParsingFacade   /home/runner/work/key/key/key.core/../key.ui/examples/InformationFlow/MiniExamples/mini.MiniExamples(mini.MiniExamples__secure_parameter(int)).JML operation contract.0.key took 0 ms to parse. 
49271      WARN  main            d.u.i.k.n.ParsingFacade   Parsing time 501 ms. 
49374      INFO  main            d.u.i.k.p.r.p.TestFile    ... finished proof: closed. 
49542      INFO  main            d.u.i.k.p.r.p.TestFile    Now processing file /home/runner/work/key/key/key.core/../key.ui/examples/InformationFlow/MiniExamples/mini.MiniExamples(mini.MiniExamples__secure_p2_7()).JML normal_behavior operation contract.0.key 
49543      WARN  main            d.u.i.k.n.ParsingFacade   /home/runner/work/key/key/key.core/../key.ui/examples/InformationFlow/MiniExamples/mini.MiniExamples(mini.MiniExamples__secure_p2_7()).JML normal_behavior operation contract.0.key took 0 ms to parse. 
49543      WARN  main            d.u.i.k.n.ParsingFacade   Parsing time 501 ms. 
50546      WARN  main            d.u.i.k.n.ParsingFacade   file:/home/runner/work/key/key/key.core/build/resources/main/de/uka/ilkd/key/java/JavaRedux/java/lang/String.key took 1 ms to parse. 
50547      WARN  main            d.u.i.k.n.ParsingFacade   Parsing time 502 ms. 
52634      WARN  main            d.u.i.k.n.ParsingFacade   /home/runner/work/key/key/key.core/../key.ui/examples/InformationFlow/MiniExamples/mini.MiniExamples(mini.MiniExamples__secure_p2_7()).JML normal_behavior operation contract.0.key took 0 ms to parse. 
52635      WARN  main            d.u.i.k.n.ParsingFacade   Parsing time 502 ms. 
52737      INFO  main            d.u.i.k.p.r.p.TestFile    ... finished proof: closed. 
52906      INFO  main            d.u.i.k.p.r.p.TestFile    Now processing file /home/runner/work/key/key/key.core/../key.ui/examples/InformationFlow/MiniExamples/mini.MiniExamples(mini.MiniExamples__insecure_p2_2()).JML normal_behavior operation contract.0.key 
52907      WARN  main            d.u.i.k.n.ParsingFacade   /home/runner/work/key/key/key.core/../key.ui/examples/InformationFlow/MiniExamples/mini.MiniExamples(mini.MiniExamples__insecure_p2_2()).JML normal_behavior operation contract.0.key took 0 ms to parse. 
52907      WARN  main            d.u.i.k.n.ParsingFacade   Parsing time 502 ms. 
53919      WARN  main            d.u.i.k.n.ParsingFacade   file:/home/runner/work/key/key/key.core/build/resources/main/de/uka/ilkd/key/java/JavaRedux/java/lang/String.key took 4 ms to parse. 
53919      WARN  main            d.u.i.k.n.ParsingFacade   Parsing time 506 ms. 
56017      WARN  main            d.u.i.k.n.ParsingFacade   /home/runner/work/key/key/key.core/../key.ui/examples/InformationFlow/MiniExamples/mini.MiniExamples(mini.MiniExamples__insecure_p2_2()).JML normal_behavior operation contract.0.key took 0 ms to parse. 
56017      WARN  main            d.u.i.k.n.ParsingFacade   Parsing time 506 ms. 
56119      INFO  main            d.u.i.k.p.r.p.TestFile    ... finished proof: closed. 
56292      INFO  main            d.u.i.k.p.r.p.TestFile    Now processing file /home/runner/work/key/key/key.core/../key.ui/examples/InformationFlow/MiniExamples/mini.MiniExamples(mini.MiniExamples__secure_p2_6()).JML normal_behavior operation contract.0.key 
56293      WARN  main            d.u.i.k.n.ParsingFacade   /home/runner/work/key/key/key.core/../key.ui/examples/InformationFlow/MiniExamples/mini.MiniExamples(mini.MiniExamples__secure_p2_6()).JML normal_behavior operation contract.0.key took 0 ms to parse. 
56293      WARN  main            d.u.i.k.n.ParsingFacade   Parsing time 506 ms. 
57290      WARN  main            d.u.i.k.n.ParsingFacade   file:/home/runner/work/key/key/key.core/build/resources/main/de/uka/ilkd/key/java/JavaRedux/java/lang/String.key took 2 ms to parse. 
57290      WARN  main            d.u.i.k.n.ParsingFacade   Parsing time 508 ms. 
59368      WARN  main            d.u.i.k.n.ParsingFacade   /home/runner/work/key/key/key.core/../key.ui/examples/InformationFlow/MiniExamples/mini.MiniExamples(mini.MiniExamples__secure_p2_6()).JML normal_behavior operation contract.0.key took 0 ms to parse. 
59369      WARN  main            d.u.i.k.n.ParsingFacade   Parsing time 508 ms. 
59470      INFO  main            d.u.i.k.p.r.p.TestFile    ... finished proof: closed. 
59642      INFO  main            d.u.i.k.p.r.p.TestFile    Now processing file /home/runner/work/key/key/key.core/../key.ui/examples/InformationFlow/MiniExamples/mini.MiniExamples(mini.MiniExamples__secure_p2_5()).JML normal_behavior operation contract.0.key 
59643      WARN  main            d.u.i.k.n.ParsingFacade   /home/runner/work/key/key/key.core/../key.ui/examples/InformationFlow/MiniExamples/mini.MiniExamples(mini.MiniExamples__secure_p2_5()).JML normal_behavior operation contract.0.key took 0 ms to parse. 
59643      WARN  main            d.u.i.k.n.ParsingFacade   Parsing time 508 ms. 
60663      WARN  main            d.u.i.k.n.ParsingFacade   file:/home/runner/work/key/key/key.core/build/resources/main/de/uka/ilkd/key/java/JavaRedux/java/lang/String.key took 1 ms to parse. 
60664      WARN  main            d.u.i.k.n.ParsingFacade   Parsing time 509 ms. 
62710      WARN  main            d.u.i.k.n.ParsingFacade   /home/runner/work/key/key/key.core/../key.ui/examples/InformationFlow/MiniExamples/mini.MiniExamples(mini.MiniExamples__secure_p2_5()).JML normal_behavior operation contract.0.key took 0 ms to parse. 
62711      WARN  main            d.u.i.k.n.ParsingFacade   Parsing time 509 ms. 
62813      INFO  main            d.u.i.k.p.r.p.TestFile    ... finished proof: closed. 
62994      INFO  main            d.u.i.k.p.r.p.TestFile    Now processing file /home/runner/work/key/key/key.core/../key.ui/examples/InformationFlow/MiniExamples/mini.MiniExamples(mini.MiniExamples__secure_p2_4()).JML normal_behavior operation contract.0.key 
62995      WARN  main            d.u.i.k.n.ParsingFacade   /home/runner/work/key/key/key.core/../key.ui/examples/InformationFlow/MiniExamples/mini.MiniExamples(mini.MiniExamples__secure_p2_4()).JML normal_behavior operation contract.0.key took 0 ms to parse. 
62995      WARN  main            d.u.i.k.n.ParsingFacade   Parsing time 509 ms. 
64006      WARN  main            d.u.i.k.n.ParsingFacade   file:/home/runner/work/key/key/key.core/build/resources/main/de/uka/ilkd/key/java/JavaRedux/java/lang/String.key took 1 ms to parse. 
64007      WARN  main            d.u.i.k.n.ParsingFacade   Parsing time 510 ms. 
66046      WARN  main            d.u.i.k.n.ParsingFacade   /home/runner/work/key/key/key.core/../key.ui/examples/InformationFlow/MiniExamples/mini.MiniExamples(mini.MiniExamples__secure_p2_4()).JML normal_behavior operation contract.0.key took 0 ms to parse. 
66047      WARN  main            d.u.i.k.n.ParsingFacade   Parsing time 510 ms. 
66148      INFO  main            d.u.i.k.p.r.p.TestFile    ... finished proof: closed. 
66348      INFO  main            d.u.i.k.p.r.p.TestFile    Now processing file /home/runner/work/key/key/key.core/../key.ui/examples/InformationFlow/MiniExamples/mini.MiniExamples(mini.MiniExamples__secure_p2_3()).JML normal_behavior operation contract.0.key 
66349      WARN  main            d.u.i.k.n.ParsingFacade   /home/runner/work/key/key/key.core/../key.ui/examples/InformationFlow/MiniExamples/mini.MiniExamples(mini.MiniExamples__secure_p2_3()).JML normal_behavior operation contract.0.key took 0 ms to parse. 
66349      WARN  main            d.u.i.k.n.ParsingFacade   Parsing time 510 ms. 
67334      WARN  main            d.u.i.k.n.ParsingFacade   file:/home/runner/work/key/key/key.core/build/resources/main/de/uka/ilkd/key/java/JavaRedux/java/lang/String.key took 1 ms to parse. 
67334      WARN  main            d.u.i.k.n.ParsingFacade   Parsing time 511 ms. 
69430      WARN  main            d.u.i.k.n.ParsingFacade   /home/runner/work/key/key/key.core/../key.ui/examples/InformationFlow/MiniExamples/mini.MiniExamples(mini.MiniExamples__secure_p2_3()).JML normal_behavior operation contract.0.key took 0 ms to parse. 
69430      WARN  main            d.u.i.k.n.ParsingFacade   Parsing time 511 ms. 
69532      INFO  main            d.u.i.k.p.r.p.TestFile    ... finished proof: closed. 
69713      INFO  main            d.u.i.k.p.r.p.TestFile    Now processing file /home/runner/work/key/key/key.core/../key.ui/examples/InformationFlow/MiniExamples/mini.MiniExamples(mini.MiniExamples__secure_p2_2()).JML normal_behavior operation contract.0.key 
69714      WARN  main            d.u.i.k.n.ParsingFacade   /home/runner/work/key/key/key.core/../key.ui/examples/InformationFlow/MiniExamples/mini.MiniExamples(mini.MiniExamples__secure_p2_2()).JML normal_behavior operation contract.0.key took 0 ms to parse. 
69714      WARN  main            d.u.i.k.n.ParsingFacade   Parsing time 511 ms. 
70722      WARN  main            d.u.i.k.n.ParsingFacade   file:/home/runner/work/key/key/key.core/build/resources/main/de/uka/ilkd/key/java/JavaRedux/java/lang/String.key took 1 ms to parse. 
70722      WARN  main            d.u.i.k.n.ParsingFacade   Parsing time 512 ms. 
72753      WARN  main            d.u.i.k.n.ParsingFacade   /home/runner/work/key/key/key.core/../key.ui/examples/InformationFlow/MiniExamples/mini.MiniExamples(mini.MiniExamples__secure_p2_2()).JML normal_behavior operation contract.0.key took 0 ms to parse. 
72753      WARN  main            d.u.i.k.n.ParsingFacade   Parsing time 512 ms. 
72854      INFO  main            d.u.i.k.p.r.p.TestFile    ... finished proof: closed. 
73042      INFO  main            d.u.i.k.p.r.p.TestFile    Now processing file /home/runner/work/key/key/key.core/../key.ui/examples/InformationFlow/MiniExamples/mini.MiniExamples(mini.MiniExamples__secure_p2_1()).JML normal_behavior operation contract.0.key 
73043      WARN  main            d.u.i.k.n.ParsingFacade   /home/runner/work/key/key/key.core/../key.ui/examples/InformationFlow/MiniExamples/mini.MiniExamples(mini.MiniExamples__secure_p2_1()).JML normal_behavior operation contract.0.key took 0 ms to parse. 
73043      WARN  main            d.u.i.k.n.ParsingFacade   Parsing time 512 ms. 
74047      WARN  main            d.u.i.k.n.ParsingFacade   file:/home/runner/work/key/key/key.core/build/resources/main/de/uka/ilkd/key/java/JavaRedux/java/lang/String.key took 1 ms to parse. 
74048      WARN  main            d.u.i.k.n.ParsingFacade   Parsing time 513 ms. 
76102      WARN  main            d.u.i.k.n.ParsingFacade   /home/runner/work/key/key/key.core/../key.ui/examples/InformationFlow/MiniExamples/mini.MiniExamples(mini.MiniExamples__secure_p2_1()).JML normal_behavior operation contract.0.key took 0 ms to parse. 
76102      WARN  main            d.u.i.k.n.ParsingFacade   Parsing time 513 ms. 
76207      INFO  main            d.u.i.k.p.r.p.TestFile    ... finished proof: closed. 
76405      INFO  main            d.u.i.k.p.r.p.TestFile    Now processing file /home/runner/work/key/key/key.core/../key.ui/examples/InformationFlow/MiniExamples/mini.MiniExamples(mini.MiniExamples__insecure_p2_1()).JML normal_behavior operation contract.0.key 
76406      WARN  main            d.u.i.k.n.ParsingFacade   /home/runner/work/key/key/key.core/../key.ui/examples/InformationFlow/MiniExamples/mini.MiniExamples(mini.MiniExamples__insecure_p2_1()).JML normal_behavior operation contract.0.key took 0 ms to parse. 
76406      WARN  main            d.u.i.k.n.ParsingFacade   Parsing time 513 ms. 
77397      WARN  main            d.u.i.k.n.ParsingFacade   file:/home/runner/work/key/key/key.core/build/resources/main/de/uka/ilkd/key/java/JavaRedux/java/lang/String.key took 1 ms to parse. 
77398      WARN  main            d.u.i.k.n.ParsingFacade   Parsing time 514 ms. 
79444      WARN  main            d.u.i.k.n.ParsingFacade   /home/runner/work/key/key/key.core/../key.ui/examples/InformationFlow/MiniExamples/mini.MiniExamples(mini.MiniExamples__insecure_p2_1()).JML normal_behavior operation contract.0.key took 0 ms to parse. 
79444      WARN  main            d.u.i.k.n.ParsingFacade   Parsing time 514 ms. 
79547      INFO  main            d.u.i.k.p.r.p.TestFile    ... finished proof: closed. 
79745      INFO  main            d.u.i.k.p.r.p.TestFile    Now processing file /home/runner/work/key/key/key.core/../key.ui/examples/InformationFlow/MiniExamples/mini.MiniExamples(mini.MiniExamples__secure_p1_6()).JML normal_behavior operation contract.0.key 
79746      WARN  main            d.u.i.k.n.ParsingFacade   /home/runner/work/key/key/key.core/../key.ui/examples/InformationFlow/MiniExamples/mini.MiniExamples(mini.MiniExamples__secure_p1_6()).JML normal_behavior operation contract.0.key took 0 ms to parse. 
79746      WARN  main            d.u.i.k.n.ParsingFacade   Parsing time 514 ms. 
80751      WARN  main            d.u.i.k.n.ParsingFacade   file:/home/runner/work/key/key/key.core/build/resources/main/de/uka/ilkd/key/java/JavaRedux/java/lang/String.key took 1 ms to parse. 
80751      WARN  main            d.u.i.k.n.ParsingFacade   Parsing time 515 ms. 
82806      WARN  main            d.u.i.k.n.ParsingFacade   /home/runner/work/key/key/key.core/../key.ui/examples/InformationFlow/MiniExamples/mini.MiniExamples(mini.MiniExamples__secure_p1_6()).JML normal_behavior operation contract.0.key took 0 ms to parse. 
82807      WARN  main            d.u.i.k.n.ParsingFacade   Parsing time 515 ms. 
82910      INFO  main            d.u.i.k.p.r.p.TestFile    ... finished proof: closed. 
83108      INFO  main            d.u.i.k.p.r.p.TestFile    Now processing file /home/runner/work/key/key/key.core/../key.ui/examples/InformationFlow/MiniExamples/mini.MiniExamples(mini.MiniExamples__secure_p1_5()).JML normal_behavior operation contract.0.key 
83109      WARN  main            d.u.i.k.n.ParsingFacade   /home/runner/work/key/key/key.core/../key.ui/examples/InformationFlow/MiniExamples/mini.MiniExamples(mini.MiniExamples__secure_p1_5()).JML normal_behavior operation contract.0.key took 1 ms to parse. 
83109      WARN  main            d.u.i.k.n.ParsingFacade   Parsing time 516 ms. 
84114      WARN  main            d.u.i.k.n.ParsingFacade   file:/home/runner/work/key/key/key.core/build/resources/main/de/uka/ilkd/key/java/JavaRedux/java/lang/String.key took 1 ms to parse. 
84114      WARN  main            d.u.i.k.n.ParsingFacade   Parsing time 517 ms. 
86115      WARN  main            d.u.i.k.n.ParsingFacade   /home/runner/work/key/key/key.core/../key.ui/examples/InformationFlow/MiniExamples/mini.MiniExamples(mini.MiniExamples__secure_p1_5()).JML normal_behavior operation contract.0.key took 0 ms to parse. 
86115      WARN  main            d.u.i.k.n.ParsingFacade   Parsing time 517 ms. 
86317      INFO  main            d.u.i.k.p.r.p.TestFile    ... finished proof: closed. 
86516      INFO  main            d.u.i.k.p.r.p.TestFile    Now processing file /home/runner/work/key/key/key.core/../key.ui/examples/InformationFlow/MiniExamples/mini.MiniExamples(mini.MiniExamples__secure_p1_4()).JML normal_behavior operation contract.0.key 
86517      WARN  main            d.u.i.k.n.ParsingFacade   /home/runner/work/key/key/key.core/../key.ui/examples/InformationFlow/MiniExamples/mini.MiniExamples(mini.MiniExamples__secure_p1_4()).JML normal_behavior operation contract.0.key took 0 ms to parse. 
86517      WARN  main            d.u.i.k.n.ParsingFacade   Parsing time 517 ms. 
87519      WARN  main            d.u.i.k.n.ParsingFacade   file:/home/runner/work/key/key/key.core/build/resources/main/de/uka/ilkd/key/java/JavaRedux/java/lang/String.key took 20 ms to parse. 
87519      WARN  main            d.u.i.k.n.ParsingFacade   Parsing time 537 ms. 
89544      WARN  main            d.u.i.k.n.ParsingFacade   /home/runner/work/key/key/key.core/../key.ui/examples/InformationFlow/MiniExamples/mini.MiniExamples(mini.MiniExamples__secure_p1_4()).JML normal_behavior operation contract.0.key took 1 ms to parse. 
89544      WARN  main            d.u.i.k.n.ParsingFacade   Parsing time 538 ms. 
89646      INFO  main            d.u.i.k.p.r.p.TestFile    ... finished proof: closed. 
89851      INFO  main            d.u.i.k.p.r.p.TestFile    Now processing file /home/runner/work/key/key/key.core/../key.ui/examples/InformationFlow/MiniExamples/mini.MiniExamples(mini.MiniExamples__secure_p1_3()).JML normal_behavior operation contract.0.key 
89853      WARN  main            d.u.i.k.n.ParsingFacade   /home/runner/work/key/key/key.core/../key.ui/examples/InformationFlow/MiniExamples/mini.MiniExamples(mini.MiniExamples__secure_p1_3()).JML normal_behavior operation contract.0.key took 1 ms to parse. 
89853      WARN  main            d.u.i.k.n.ParsingFacade   Parsing time 539 ms. 
90864      WARN  main            d.u.i.k.n.ParsingFacade   file:/home/runner/work/key/key/key.core/build/resources/main/de/uka/ilkd/key/java/JavaRedux/java/lang/String.key took 1 ms to parse. 
90864      WARN  main            d.u.i.k.n.ParsingFacade   Parsing time 540 ms. 
92937      WARN  main            d.u.i.k.n.ParsingFacade   /home/runner/work/key/key/key.core/../key.ui/examples/InformationFlow/MiniExamples/mini.MiniExamples(mini.MiniExamples__secure_p1_3()).JML normal_behavior operation contract.0.key took 0 ms to parse. 
92937      WARN  main            d.u.i.k.n.ParsingFacade   Parsing time 540 ms. 
93039      INFO  main            d.u.i.k.p.r.p.TestFile    ... finished proof: closed. 
93256      INFO  main            d.u.i.k.p.r.p.TestFile    Now processing file /home/runner/work/key/key/key.core/../key.ui/examples/InformationFlow/MiniExamples/mini.MiniExamples(mini.MiniExamples__secure_p1_2()).JML normal_behavior operation contract.0.key 
93257      WARN  main            d.u.i.k.n.ParsingFacade   /home/runner/work/key/key/key.core/../key.ui/examples/InformationFlow/MiniExamples/mini.MiniExamples(mini.MiniExamples__secure_p1_2()).JML normal_behavior operation contract.0.key took 1 ms to parse. 
93257      WARN  main            d.u.i.k.n.ParsingFacade   Parsing time 541 ms. 
94273      WARN  main            d.u.i.k.n.ParsingFacade   file:/home/runner/work/key/key/key.core/build/resources/main/de/uka/ilkd/key/java/JavaRedux/java/lang/String.key took 1 ms to parse. 
94274      WARN  main            d.u.i.k.n.ParsingFacade   Parsing time 542 ms. 
96320      WARN  main            d.u.i.k.n.ParsingFacade   /home/runner/work/key/key/key.core/../key.ui/examples/InformationFlow/MiniExamples/mini.MiniExamples(mini.MiniExamples__secure_p1_2()).JML normal_behavior operation contract.0.key took 0 ms to parse. 
96320      WARN  main            d.u.i.k.n.ParsingFacade   Parsing time 542 ms. 
96422      INFO  main            d.u.i.k.p.r.p.TestFile    ... finished proof: closed. 
96642      INFO  main            d.u.i.k.p.r.p.TestFile    Now processing file /home/runner/work/key/key/key.core/../key.ui/examples/InformationFlow/MiniExamples/mini.MiniExamples(mini.MiniExamples__secure_p1_1()).JML normal_behavior operation contract.1.key 
96646      WARN  main            d.u.i.k.n.ParsingFacade   /home/runner/work/key/key/key.core/../key.ui/examples/InformationFlow/MiniExamples/mini.MiniExamples(mini.MiniExamples__secure_p1_1()).JML normal_behavior operation contract.1.key took 1 ms to parse. 
96646      WARN  main            d.u.i.k.n.ParsingFacade   Parsing time 543 ms. 
97630      WARN  main            d.u.i.k.n.ParsingFacade   file:/home/runner/work/key/key/key.core/build/resources/main/de/uka/ilkd/key/java/JavaRedux/java/lang/String.key took 1 ms to parse. 
97631      WARN  main            d.u.i.k.n.ParsingFacade   Parsing time 544 ms. 
99628      WARN  main            d.u.i.k.n.ParsingFacade   /home/runner/work/key/key/key.core/../key.ui/examples/InformationFlow/MiniExamples/mini.MiniExamples(mini.MiniExamples__secure_p1_1()).JML normal_behavior operation contract.1.key took 0 ms to parse. 
99628      WARN  main            d.u.i.k.n.ParsingFacade   Parsing time 544 ms. 
99730      INFO  main            d.u.i.k.p.r.p.TestFile    ... finished proof: closed. 
99979      INFO  main            d.u.i.k.p.r.p.TestFile    Now processing file /home/runner/work/key/key/key.core/../key.ui/examples/InformationFlow/MiniExamples/mini.MiniExamples(mini.MiniExamples__secure_p1_1()).JML normal_behavior operation contract.0.key 
99981      WARN  main            d.u.i.k.n.ParsingFacade   /home/runner/work/key/key/key.core/../key.ui/examples/InformationFlow/MiniExamples/mini.MiniExamples(mini.MiniExamples__secure_p1_1()).JML normal_behavior operation contract.0.key took 2 ms to parse. 
99981      WARN  main            d.u.i.k.n.ParsingFacade   Parsing time 546 ms. 
101024     WARN  main            d.u.i.k.n.ParsingFacade   file:/home/runner/work/key/key/key.core/build/resources/main/de/uka/ilkd/key/java/JavaRedux/java/lang/String.key took 1 ms to parse. 
101024     WARN  main            d.u.i.k.n.ParsingFacade   Parsing time 547 ms. 
103004     WARN  main            d.u.i.k.n.ParsingFacade   /home/runner/work/key/key/key.core/../key.ui/examples/InformationFlow/MiniExamples/mini.MiniExamples(mini.MiniExamples__secure_p1_1()).JML normal_behavior operation contract.0.key took 0 ms to parse. 
103004     WARN  main            d.u.i.k.n.ParsingFacade   Parsing time 547 ms. 
103107     INFO  main            d.u.i.k.p.r.p.TestFile    ... finished proof: closed. 
103332     INFO  main            d.u.i.k.p.r.p.TestFile    Now processing file /home/runner/work/key/key/key.core/../key.ui/examples/InformationFlow/MiniExamples/mini.MiniExamples(mini.MiniExamples__insecure_p1_2()).JML normal_behavior operation contract.0.key 
103333     WARN  main            d.u.i.k.n.ParsingFacade   /home/runner/work/key/key/key.core/../key.ui/examples/InformationFlow/MiniExamples/mini.MiniExamples(mini.MiniExamples__insecure_p1_2()).JML normal_behavior operation contract.0.key took 0 ms to parse. 
103336     WARN  main            d.u.i.k.n.ParsingFacade   Parsing time 547 ms. 
104318     WARN  main            d.u.i.k.n.ParsingFacade   file:/home/runner/work/key/key/key.core/build/resources/main/de/uka/ilkd/key/java/JavaRedux/java/lang/String.key took 2 ms to parse. 
104318     WARN  main            d.u.i.k.n.ParsingFacade   Parsing time 549 ms. 
106330     WARN  main            d.u.i.k.n.ParsingFacade   /home/runner/work/key/key/key.core/../key.ui/examples/InformationFlow/MiniExamples/mini.MiniExamples(mini.MiniExamples__insecure_p1_2()).JML normal_behavior operation contract.0.key took 0 ms to parse. 
106330     WARN  main            d.u.i.k.n.ParsingFacade   Parsing time 549 ms. 
106436     INFO  main            d.u.i.k.p.r.p.TestFile    ... finished proof: closed. 
106662     INFO  main            d.u.i.k.p.r.p.TestFile    Now processing file /home/runner/work/key/key/key.core/../key.ui/examples/InformationFlow/MiniExamples/mini.MiniExamples(mini.MiniExamples__insecure_p1_1()).JML normal_behavior operation contract.0.key 
106665     WARN  main            d.u.i.k.n.ParsingFacade   /home/runner/work/key/key/key.core/../key.ui/examples/InformationFlow/MiniExamples/mini.MiniExamples(mini.MiniExamples__insecure_p1_1()).JML normal_behavior operation contract.0.key took 3 ms to parse. 
106665     WARN  main            d.u.i.k.n.ParsingFacade   Parsing time 552 ms. 
107659     WARN  main            d.u.i.k.n.ParsingFacade   file:/home/runner/work/key/key/key.core/build/resources/main/de/uka/ilkd/key/java/JavaRedux/java/lang/String.key took 1 ms to parse. 
107659     WARN  main            d.u.i.k.n.ParsingFacade   Parsing time 553 ms. 
109723     WARN  main            d.u.i.k.n.ParsingFacade   /home/runner/work/key/key/key.core/../key.ui/examples/InformationFlow/MiniExamples/mini.MiniExamples(mini.MiniExamples__insecure_p1_1()).JML normal_behavior operation contract.0.key took 0 ms to parse. 
109723     WARN  main            d.u.i.k.n.ParsingFacade   Parsing time 553 ms. 
109825     INFO  main            d.u.i.k.p.r.p.TestFile    ... finished proof: closed. 
537827     INFO  Test worker     d.u.i.k.p.r.RunAllProofsTestUnit Returning from test MiniExamples 
537829     INFO  Test worker     d.u.i.k.p.r.RunAllProofsTestUnit Running test NewObjects 
373        INFO  Timeout watchdog d.u.i.k.p.r.p.ForkedTestFileRunner Timeout watcher launched (1000 secs.) 
382        WARN  main            d.u.i.k.s.ProofSettings   The settings in /home/runner/.key/proof-settings.props are *not* read. 
419        INFO  main            d.u.i.k.p.r.p.TestFile    Now processing file /home/runner/work/key/key/key.core/../key.ui/examples/InformationFlow/NewObjects/object.AmtoftBanerjee3(object.AmtoftBanerjee3__m()).JML operation contract.0.key 
676        WARN  main            d.u.i.k.n.ParsingFacade   /home/runner/work/key/key/key.core/../key.ui/examples/InformationFlow/NewObjects/object.AmtoftBanerjee3(object.AmtoftBanerjee3__m()).JML operation contract.0.key took 12 ms to parse. 
676        WARN  main            d.u.i.k.n.ParsingFacade   Parsing time 12 ms. 
842        WARN  main            d.u.i.k.n.ParsingFacade   file:/home/runner/work/key/key/key.core/build/resources/main/de/uka/ilkd/key/proof/rules/standardRules.key took 25 ms to parse. 
843        WARN  main            d.u.i.k.n.ParsingFacade   Parsing time 37 ms. 
855        WARN  main            d.u.i.k.n.ParsingFacade   file:/home/runner/work/key/key/key.core/build/resources/main/de/uka/ilkd/key/proof/rules/ldt.key took 1 ms to parse. 
856        WARN  main            d.u.i.k.n.ParsingFacade   Parsing time 38 ms. 
862        WARN  main            d.u.i.k.n.ParsingFacade   file:/home/runner/work/key/key/key.core/build/resources/main/de/uka/ilkd/key/proof/rules/boolean.key took 3 ms to parse. 
862        WARN  main            d.u.i.k.n.ParsingFacade   Parsing time 41 ms. 
884        WARN  main            d.u.i.k.n.ParsingFacade   file:/home/runner/work/key/key/key.core/build/resources/main/de/uka/ilkd/key/proof/rules/ruleSetsDeclarations.key took 8 ms to parse. 
884        WARN  main            d.u.i.k.n.ParsingFacade   Parsing time 49 ms. 
910        WARN  main            d.u.i.k.n.ParsingFacade   file:/home/runner/work/key/key/key.core/build/resources/main/de/uka/ilkd/key/proof/rules/integerHeader.key took 6 ms to parse. 
910        WARN  main            d.u.i.k.n.ParsingFacade   Parsing time 55 ms. 
912        WARN  main            d.u.i.k.n.ParsingFacade   file:/home/runner/work/key/key/key.core/build/resources/main/de/uka/ilkd/key/proof/rules/floatHeader.key took 1 ms to parse. 
912        WARN  main            d.u.i.k.n.ParsingFacade   Parsing time 56 ms. 
917        WARN  main            d.u.i.k.n.ParsingFacade   file:/home/runner/work/key/key/key.core/build/resources/main/de/uka/ilkd/key/proof/rules/heap.key took 4 ms to parse. 
917        WARN  main            d.u.i.k.n.ParsingFacade   Parsing time 60 ms. 
921        WARN  main            d.u.i.k.n.ParsingFacade   file:/home/runner/work/key/key/key.core/build/resources/main/de/uka/ilkd/key/proof/rules/locSets.key took 0 ms to parse. 
921        WARN  main            d.u.i.k.n.ParsingFacade   Parsing time 60 ms. 
922        WARN  main            d.u.i.k.n.ParsingFacade   file:/home/runner/work/key/key/key.core/build/resources/main/de/uka/ilkd/key/proof/rules/permission.key took 1 ms to parse. 
922        WARN  main            d.u.i.k.n.ParsingFacade   Parsing time 61 ms. 
923        WARN  main            d.u.i.k.n.ParsingFacade   file:/home/runner/work/key/key/key.core/build/resources/main/de/uka/ilkd/key/proof/rules/reach.key took 0 ms to parse. 
923        WARN  main            d.u.i.k.n.ParsingFacade   Parsing time 61 ms. 
925        WARN  main            d.u.i.k.n.ParsingFacade   file:/home/runner/work/key/key/key.core/build/resources/main/de/uka/ilkd/key/proof/rules/seq.key took 1 ms to parse. 
925        WARN  main            d.u.i.k.n.ParsingFacade   Parsing time 62 ms. 
970        WARN  main            d.u.i.k.n.ParsingFacade   file:/home/runner/work/key/key/key.core/build/resources/main/de/uka/ilkd/key/proof/rules/map.key took 40 ms to parse. 
971        WARN  main            d.u.i.k.n.ParsingFacade   Parsing time 102 ms. 
971        WARN  main            d.u.i.k.n.ParsingFacade   file:/home/runner/work/key/key/key.core/build/resources/main/de/uka/ilkd/key/proof/rules/freeADT.key took 0 ms to parse. 
972        WARN  main            d.u.i.k.n.ParsingFacade   Parsing time 102 ms. 
972        WARN  main            d.u.i.k.n.ParsingFacade   file:/home/runner/work/key/key/key.core/build/resources/main/de/uka/ilkd/key/proof/rules/wellfound.key took 0 ms to parse. 
972        WARN  main            d.u.i.k.n.ParsingFacade   Parsing time 102 ms. 
973        WARN  main            d.u.i.k.n.ParsingFacade   file:/home/runner/work/key/key/key.core/build/resources/main/de/uka/ilkd/key/proof/rules/charListHeader.key took 0 ms to parse. 
977        WARN  main            d.u.i.k.n.ParsingFacade   Parsing time 102 ms. 
1117       WARN  main            d.u.i.k.n.ParsingFacade   file:/home/runner/work/key/key/key.core/build/resources/main/de/uka/ilkd/key/proof/rules/propRule.key took 5 ms to parse. 
1117       WARN  main            d.u.i.k.n.ParsingFacade   Parsing time 107 ms. 
1142       WARN  main            d.u.i.k.n.ParsingFacade   file:/home/runner/work/key/key/key.core/build/resources/main/de/uka/ilkd/key/proof/rules/firstOrderRules.key took 3 ms to parse. 
1142       WARN  main            d.u.i.k.n.ParsingFacade   Parsing time 110 ms. 
1161       WARN  main            d.u.i.k.n.ParsingFacade   file:/home/runner/work/key/key/key.core/build/resources/main/de/uka/ilkd/key/proof/rules/ifThenElseRules.key took 5 ms to parse. 
1161       WARN  main            d.u.i.k.n.ParsingFacade   Parsing time 115 ms. 
1207       WARN  main            d.u.i.k.n.ParsingFacade   file:/home/runner/work/key/key/key.core/build/resources/main/de/uka/ilkd/key/proof/rules/formulaNormalisationRules.key took 24 ms to parse. 
1207       WARN  main            d.u.i.k.n.ParsingFacade   Parsing time 139 ms. 
1273       WARN  main            d.u.i.k.n.ParsingFacade   file:/home/runner/work/key/key/key.core/build/resources/main/de/uka/ilkd/key/proof/rules/updateRules.key took 5 ms to parse. 
1273       WARN  main            d.u.i.k.n.ParsingFacade   Parsing time 144 ms. 
1290       WARN  main            d.u.i.k.n.ParsingFacade   file:/home/runner/work/key/key/key.core/build/resources/main/de/uka/ilkd/key/proof/rules/integerRulesCommon.key took 2 ms to parse. 
1299       WARN  main            d.u.i.k.n.ParsingFacade   Parsing time 146 ms. 
1417       WARN  main            d.u.i.k.n.ParsingFacade   file:/home/runner/work/key/key/key.core/build/resources/main/de/uka/ilkd/key/proof/rules/intRules.key took 4 ms to parse. 
1418       WARN  main            d.u.i.k.n.ParsingFacade   Parsing time 150 ms. 
1433       WARN  main            d.u.i.k.n.ParsingFacade   file:/home/runner/work/key/key/key.core/build/resources/main/de/uka/ilkd/key/proof/rules/intRulesUncheckedSemantics.key took 3 ms to parse. 
1433       WARN  main            d.u.i.k.n.ParsingFacade   Parsing time 153 ms. 
1442       WARN  main            d.u.i.k.n.ParsingFacade   file:/home/runner/work/key/key/key.core/build/resources/main/de/uka/ilkd/key/proof/rules/intRulesCheckedSemantics.key took 1 ms to parse. 
1442       WARN  main            d.u.i.k.n.ParsingFacade   Parsing time 154 ms. 
1450       WARN  main            d.u.i.k.n.ParsingFacade   file:/home/runner/work/key/key/key.core/build/resources/main/de/uka/ilkd/key/proof/rules/intRulesJavaSemantics.key took 2 ms to parse. 
1450       WARN  main            d.u.i.k.n.ParsingFacade   Parsing time 156 ms. 
1496       WARN  main            d.u.i.k.n.ParsingFacade   file:/home/runner/work/key/key/key.core/build/resources/main/de/uka/ilkd/key/proof/rules/integerSimplificationRules.key took 34 ms to parse. 
1497       WARN  main            d.u.i.k.n.ParsingFacade   Parsing time 190 ms. 
1698       WARN  main            d.u.i.k.n.ParsingFacade   file:/home/runner/work/key/key/key.core/build/resources/main/de/uka/ilkd/key/proof/rules/intDiv.key took 39 ms to parse. 
1698       WARN  main            d.u.i.k.n.ParsingFacade   Parsing time 229 ms. 
1730       WARN  main            d.u.i.k.n.ParsingFacade   file:/home/runner/work/key/key/key.core/build/resources/main/de/uka/ilkd/key/proof/rules/bsum.key took 8 ms to parse. 
1731       WARN  main            d.u.i.k.n.ParsingFacade   Parsing time 237 ms. 
1757       WARN  main            d.u.i.k.n.ParsingFacade   file:/home/runner/work/key/key/key.core/build/resources/main/de/uka/ilkd/key/proof/rules/bprod.key took 3 ms to parse. 
1757       WARN  main            d.u.i.k.n.ParsingFacade   Parsing time 240 ms. 
1767       WARN  main            d.u.i.k.n.ParsingFacade   file:/home/runner/work/key/key/key.core/build/resources/main/de/uka/ilkd/key/proof/rules/binaryAxioms.key took 1 ms to parse. 
1767       WARN  main            d.u.i.k.n.ParsingFacade   Parsing time 241 ms. 
1771       WARN  main            d.u.i.k.n.ParsingFacade   file:/home/runner/work/key/key/key.core/build/resources/main/de/uka/ilkd/key/proof/rules/binaryLemmas.key took 1 ms to parse. 
1772       WARN  main            d.u.i.k.n.ParsingFacade   Parsing time 242 ms. 
1777       WARN  main            d.u.i.k.n.ParsingFacade   file:/home/runner/work/key/key/key.core/build/resources/main/de/uka/ilkd/key/proof/rules/intPow.key took 2 ms to parse. 
1777       WARN  main            d.u.i.k.n.ParsingFacade   Parsing time 244 ms. 
1787       WARN  main            d.u.i.k.n.ParsingFacade   file:/home/runner/work/key/key/key.core/build/resources/main/de/uka/ilkd/key/proof/rules/floatRulesCommon.key took 3 ms to parse. 
1788       WARN  main            d.u.i.k.n.ParsingFacade   Parsing time 247 ms. 
1809       WARN  main            d.u.i.k.n.ParsingFacade   file:/home/runner/work/key/key/key.core/build/resources/main/de/uka/ilkd/key/proof/rules/floatRules.key took 0 ms to parse. 
1810       WARN  main            d.u.i.k.n.ParsingFacade   Parsing time 247 ms. 
1811       WARN  main            d.u.i.k.n.ParsingFacade   file:/home/runner/work/key/key/key.core/build/resources/main/de/uka/ilkd/key/proof/rules/floatRulesVerifyNormal.key took 0 ms to parse. 
1812       WARN  main            d.u.i.k.n.ParsingFacade   Parsing time 247 ms. 
1818       WARN  main            d.u.i.k.n.ParsingFacade   file:/home/runner/work/key/key/key.core/build/resources/main/de/uka/ilkd/key/proof/rules/floatRulesAssumeStrictfp.key took 6 ms to parse. 
1819       WARN  main            d.u.i.k.n.ParsingFacade   Parsing time 253 ms. 
1857       WARN  main            d.u.i.k.n.ParsingFacade   file:/home/runner/work/key/key/key.core/build/resources/main/de/uka/ilkd/key/proof/rules/genericRules.key took 2 ms to parse. 
1857       WARN  main            d.u.i.k.n.ParsingFacade   Parsing time 255 ms. 
1867       WARN  main            d.u.i.k.n.ParsingFacade   file:/home/runner/work/key/key/key.core/build/resources/main/de/uka/ilkd/key/proof/rules/booleanRules.key took 1 ms to parse. 
1867       WARN  main            d.u.i.k.n.ParsingFacade   Parsing time 256 ms. 
1870       WARN  main            d.u.i.k.n.ParsingFacade   file:/home/runner/work/key/key/key.core/build/resources/main/de/uka/ilkd/key/proof/rules/epsilon.key took 0 ms to parse. 
1871       WARN  main            d.u.i.k.n.ParsingFacade   Parsing time 256 ms. 
1917       WARN  main            d.u.i.k.n.ParsingFacade   file:/home/runner/work/key/key/key.core/build/resources/main/de/uka/ilkd/key/proof/rules/locSetsRules.key took 44 ms to parse. 
1917       WARN  main            d.u.i.k.n.ParsingFacade   Parsing time 300 ms. 
1953       WARN  main            d.u.i.k.n.ParsingFacade   file:/home/runner/work/key/key/key.core/build/resources/main/de/uka/ilkd/key/proof/rules/heapRules.key took 9 ms to parse. 
1953       WARN  main            d.u.i.k.n.ParsingFacade   Parsing time 309 ms. 
1988       WARN  main            d.u.i.k.n.ParsingFacade   file:/home/runner/work/key/key/key.core/build/resources/main/de/uka/ilkd/key/proof/rules/permissionRules.key took 3 ms to parse. 
1988       WARN  main            d.u.i.k.n.ParsingFacade   Parsing time 312 ms. 
2001       WARN  main            d.u.i.k.n.ParsingFacade   file:/home/runner/work/key/key/key.core/build/resources/main/de/uka/ilkd/key/proof/rules/reachRules.key took 4 ms to parse. 
2001       WARN  main            d.u.i.k.n.ParsingFacade   Parsing time 316 ms. 
2012       WARN  main            d.u.i.k.n.ParsingFacade   file:/home/runner/work/key/key/key.core/build/resources/main/de/uka/ilkd/key/proof/rules/seqCoreRules.key took 1 ms to parse. 
2012       WARN  main            d.u.i.k.n.ParsingFacade   Parsing time 317 ms. 
2020       WARN  main            d.u.i.k.n.ParsingFacade   file:/home/runner/work/key/key/key.core/build/resources/main/de/uka/ilkd/key/proof/rules/seqRules.key took 5 ms to parse. 
2020       WARN  main            d.u.i.k.n.ParsingFacade   Parsing time 322 ms. 
2076       WARN  main            d.u.i.k.n.ParsingFacade   file:/home/runner/work/key/key/key.core/build/resources/main/de/uka/ilkd/key/proof/rules/seqPerm.key took 5 ms to parse. 
2076       WARN  main            d.u.i.k.n.ParsingFacade   Parsing time 327 ms. 
2090       WARN  main            d.u.i.k.n.ParsingFacade   file:/home/runner/work/key/key/key.core/build/resources/main/de/uka/ilkd/key/proof/rules/seqPerm2.key took 0 ms to parse. 
2090       WARN  main            d.u.i.k.n.ParsingFacade   Parsing time 327 ms. 
2150       WARN  main            d.u.i.k.n.ParsingFacade   file:/home/runner/work/key/key/key.core/build/resources/main/de/uka/ilkd/key/proof/rules/javaRules.key took 55 ms to parse. 
2150       WARN  main            d.u.i.k.n.ParsingFacade   Parsing time 382 ms. 
2157       WARN  main            d.u.i.k.n.ParsingFacade   file:/home/runner/work/key/key/key.core/build/resources/main/de/uka/ilkd/key/proof/rules/assertions.key took 1 ms to parse. 
2157       WARN  main            d.u.i.k.n.ParsingFacade   Parsing time 383 ms. 
2789       WARN  main            d.u.i.k.n.ParsingFacade   file:/home/runner/work/key/key/key.core/build/resources/main/de/uka/ilkd/key/proof/rules/loopRules.key took 1 ms to parse. 
2789       WARN  main            d.u.i.k.n.ParsingFacade   Parsing time 384 ms. 
2799       WARN  main            d.u.i.k.n.ParsingFacade   file:/home/runner/work/key/key/key.core/build/resources/main/de/uka/ilkd/key/proof/rules/activeUse.key took 2 ms to parse. 
2799       WARN  main            d.u.i.k.n.ParsingFacade   Parsing time 386 ms. 
2841       WARN  main            d.u.i.k.n.ParsingFacade   file:/home/runner/work/key/key/key.core/build/resources/main/de/uka/ilkd/key/proof/rules/instanceAllocation.key took 4 ms to parse. 
2841       WARN  main            d.u.i.k.n.ParsingFacade   Parsing time 390 ms. 
2853       WARN  main            d.u.i.k.n.ParsingFacade   file:/home/runner/work/key/key/key.core/build/resources/main/de/uka/ilkd/key/proof/rules/java5.key took 1 ms to parse. 
2853       WARN  main            d.u.i.k.n.ParsingFacade   Parsing time 391 ms. 
2858       WARN  main            d.u.i.k.n.ParsingFacade   file:/home/runner/work/key/key/key.core/build/resources/main/de/uka/ilkd/key/proof/rules/integerAssignment2UpdateRules.key took 3 ms to parse. 
2858       WARN  main            d.u.i.k.n.ParsingFacade   Parsing time 394 ms. 
2889       WARN  main            d.u.i.k.n.ParsingFacade   file:/home/runner/work/key/key/key.core/build/resources/main/de/uka/ilkd/key/proof/rules/floatAssignment2UpdateRules.key took 4 ms to parse. 
2889       WARN  main            d.u.i.k.n.ParsingFacade   Parsing time 398 ms. 
2909       WARN  main            d.u.i.k.n.ParsingFacade   file:/home/runner/work/key/key/key.core/build/resources/main/de/uka/ilkd/key/proof/rules/bigint.key took 1 ms to parse. 
2909       WARN  main            d.u.i.k.n.ParsingFacade   Parsing time 399 ms. 
2924       WARN  main            d.u.i.k.n.ParsingFacade   file:/home/runner/work/key/key/key.core/build/resources/main/de/uka/ilkd/key/proof/rules/adtProgramDecompositionRules.key took 1 ms to parse. 
2924       WARN  main            d.u.i.k.n.ParsingFacade   Parsing time 400 ms. 
2946       WARN  main            d.u.i.k.n.ParsingFacade   file:/home/runner/work/key/key/key.core/build/resources/main/de/uka/ilkd/key/proof/rules/precRules.key took 0 ms to parse. 
2946       WARN  main            d.u.i.k.n.ParsingFacade   Parsing time 400 ms. 
2952       WARN  main            d.u.i.k.n.ParsingFacade   file:/home/runner/work/key/key/key.core/build/resources/main/de/uka/ilkd/key/proof/rules/charListRules.key took 4 ms to parse. 
2952       WARN  main            d.u.i.k.n.ParsingFacade   Parsing time 404 ms. 
2967       WARN  main            d.u.i.k.n.ParsingFacade   file:/home/runner/work/key/key/key.core/build/resources/main/de/uka/ilkd/key/proof/rules/regExTheory.key took 0 ms to parse. 
2967       WARN  main            d.u.i.k.n.ParsingFacade   Parsing time 404 ms. 
2968       WARN  main            d.u.i.k.n.ParsingFacade   file:/home/runner/work/key/key/key.core/build/resources/main/de/uka/ilkd/key/proof/rules/regExHeader.key took 0 ms to parse. 
2968       WARN  main            d.u.i.k.n.ParsingFacade   Parsing time 404 ms. 
2969       WARN  main            d.u.i.k.n.ParsingFacade   file:/home/runner/work/key/key/key.core/build/resources/main/de/uka/ilkd/key/proof/rules/regExAxioms.key took 0 ms to parse. 
2969       WARN  main            d.u.i.k.n.ParsingFacade   Parsing time 404 ms. 
2979       WARN  main            d.u.i.k.n.ParsingFacade   file:/home/runner/work/key/key/key.core/build/resources/main/de/uka/ilkd/key/proof/rules/regExLemmaProven.key took 1 ms to parse. 
2980       WARN  main            d.u.i.k.n.ParsingFacade   Parsing time 405 ms. 
3005       WARN  main            d.u.i.k.n.ParsingFacade   file:/home/runner/work/key/key/key.core/build/resources/main/de/uka/ilkd/key/proof/rules/seqEq.key took 1 ms to parse. 
3005       WARN  main            d.u.i.k.n.ParsingFacade   Parsing time 406 ms. 
3013       WARN  main            d.u.i.k.n.ParsingFacade   file:/home/runner/work/key/key/key.core/build/resources/main/de/uka/ilkd/key/proof/rules/infFlow.key took 3 ms to parse. 
3013       WARN  main            d.u.i.k.n.ParsingFacade   Parsing time 409 ms. 
3018       WARN  main            d.u.i.k.n.ParsingFacade   file:/home/runner/work/key/key/key.core/build/resources/main/de/uka/ilkd/key/proof/rules/mapSize.key took 0 ms to parse. 
3018       WARN  main            d.u.i.k.n.ParsingFacade   Parsing time 409 ms. 
3021       WARN  main            d.u.i.k.n.ParsingFacade   file:/home/runner/work/key/key/key.core/build/resources/main/de/uka/ilkd/key/proof/rules/wd.key took 1 ms to parse. 
3021       WARN  main            d.u.i.k.n.ParsingFacade   Parsing time 410 ms. 
3026       WARN  main            d.u.i.k.n.ParsingFacade   file:/home/runner/work/key/key/key.core/build/resources/main/de/uka/ilkd/key/proof/rules/wdHeader.key took 0 ms to parse. 
3026       WARN  main            d.u.i.k.n.ParsingFacade   Parsing time 410 ms. 
3028       WARN  main            d.u.i.k.n.ParsingFacade   file:/home/runner/work/key/key/key.core/build/resources/main/de/uka/ilkd/key/proof/rules/wdGeneralRules.key took 0 ms to parse. 
3028       WARN  main            d.u.i.k.n.ParsingFacade   Parsing time 410 ms. 
3037       WARN  main            d.u.i.k.n.ParsingFacade   file:/home/runner/work/key/key/key.core/build/resources/main/de/uka/ilkd/key/proof/rules/wdNumericalRules.key took 4 ms to parse. 
3038       WARN  main            d.u.i.k.n.ParsingFacade   Parsing time 414 ms. 
3056       WARN  main            d.u.i.k.n.ParsingFacade   file:/home/runner/work/key/key/key.core/build/resources/main/de/uka/ilkd/key/proof/rules/wdLocSetRules.key took 2 ms to parse. 
3056       WARN  main            d.u.i.k.n.ParsingFacade   Parsing time 416 ms. 
3061       WARN  main            d.u.i.k.n.ParsingFacade   file:/home/runner/work/key/key/key.core/build/resources/main/de/uka/ilkd/key/proof/rules/wdHeapRules.key took 1 ms to parse. 
3061       WARN  main            d.u.i.k.n.ParsingFacade   Parsing time 417 ms. 
3064       WARN  main            d.u.i.k.n.ParsingFacade   file:/home/runner/work/key/key/key.core/build/resources/main/de/uka/ilkd/key/proof/rules/wdReachRules.key took 0 ms to parse. 
3064       WARN  main            d.u.i.k.n.ParsingFacade   Parsing time 417 ms. 
3065       WARN  main            d.u.i.k.n.ParsingFacade   file:/home/runner/work/key/key/key.core/build/resources/main/de/uka/ilkd/key/proof/rules/wdSeqRules.key took 0 ms to parse. 
3065       WARN  main            d.u.i.k.n.ParsingFacade   Parsing time 417 ms. 
3068       WARN  main            d.u.i.k.n.ParsingFacade   file:/home/runner/work/key/key/key.core/build/resources/main/de/uka/ilkd/key/proof/rules/wdStringRules.key took 0 ms to parse. 
3069       WARN  main            d.u.i.k.n.ParsingFacade   Parsing time 417 ms. 
3071       WARN  main            d.u.i.k.n.ParsingFacade   file:/home/runner/work/key/key/key.core/build/resources/main/de/uka/ilkd/key/proof/rules/wdRegExRules.key took 1 ms to parse. 
3071       WARN  main            d.u.i.k.n.ParsingFacade   Parsing time 418 ms. 
3075       WARN  main            d.u.i.k.n.ParsingFacade   file:/home/runner/work/key/key/key.core/build/resources/main/de/uka/ilkd/key/proof/rules/wdFormulaRules.key took 3 ms to parse. 
3075       WARN  main            d.u.i.k.n.ParsingFacade   Parsing time 421 ms. 
3083       WARN  main            d.u.i.k.n.ParsingFacade   file:/home/runner/work/key/key/key.core/build/resources/main/de/uka/ilkd/key/proof/rules/loopInvariantRules.key took 0 ms to parse. 
3083       WARN  main            d.u.i.k.n.ParsingFacade   Parsing time 421 ms. 
3085       WARN  main            d.u.i.k.n.ParsingFacade   file:/home/runner/work/key/key/key.core/build/resources/main/de/uka/ilkd/key/proof/rules/forLoopRules.key took 1 ms to parse. 
3085       WARN  main            d.u.i.k.n.ParsingFacade   Parsing time 422 ms. 
3089       WARN  main            d.u.i.k.n.ParsingFacade   file:/home/runner/work/key/key/key.core/build/resources/main/de/uka/ilkd/key/proof/rules/execRules.key took 2 ms to parse. 
3089       WARN  main            d.u.i.k.n.ParsingFacade   Parsing time 424 ms. 
3161       WARN  main            d.u.i.k.n.ParsingFacade   file:/home/runner/work/key/key/key.core/build/resources/main/de/uka/ilkd/key/proof/rules/loopScopeRules.key took 2 ms to parse. 
3161       WARN  main            d.u.i.k.n.ParsingFacade   Parsing time 426 ms. 
6459       WARN  main            d.u.i.k.n.ParsingFacade   file:/home/runner/work/key/key/key.core/build/resources/main/de/uka/ilkd/key/java/JavaRedux/java/lang/String.key took 5 ms to parse. 
6459       WARN  main            d.u.i.k.n.ParsingFacade   Parsing time 431 ms. 
9117       WARN  main            d.u.i.k.n.ParsingFacade   /home/runner/work/key/key/key.core/../key.ui/examples/InformationFlow/NewObjects/object.AmtoftBanerjee3(object.AmtoftBanerjee3__m()).JML operation contract.0.key took 0 ms to parse. 
9117       WARN  main            d.u.i.k.n.ParsingFacade   Parsing time 431 ms. 
9659       INFO  main            d.u.i.k.p.r.p.TestFile    ... finished proof: closed. 
9784       INFO  main            d.u.i.k.p.r.p.TestFile    Now processing file /home/runner/work/key/key/key.core/../key.ui/examples/InformationFlow/NewObjects/object.AmtoftBanerjee(object.AmtoftBanerjee__m_2()).JML normal_behavior operation contract.0.key 
9785       WARN  main            d.u.i.k.n.ParsingFacade   /home/runner/work/key/key/key.core/../key.ui/examples/InformationFlow/NewObjects/object.AmtoftBanerjee(object.AmtoftBanerjee__m_2()).JML normal_behavior operation contract.0.key took 1 ms to parse. 
9785       WARN  main            d.u.i.k.n.ParsingFacade   Parsing time 432 ms. 
11066      WARN  main            d.u.i.k.n.ParsingFacade   file:/home/runner/work/key/key/key.core/build/resources/main/de/uka/ilkd/key/java/JavaRedux/java/lang/String.key took 2 ms to parse. 
11066      WARN  main            d.u.i.k.n.ParsingFacade   Parsing time 434 ms. 
13304      WARN  main            d.u.i.k.n.ParsingFacade   /home/runner/work/key/key/key.core/../key.ui/examples/InformationFlow/NewObjects/object.AmtoftBanerjee(object.AmtoftBanerjee__m_2()).JML normal_behavior operation contract.0.key took 0 ms to parse. 
13304      WARN  main            d.u.i.k.n.ParsingFacade   Parsing time 434 ms. 
13811      INFO  main            d.u.i.k.p.r.p.TestFile    ... finished proof: closed. 
13956      INFO  main            d.u.i.k.p.r.p.TestFile    Now processing file /home/runner/work/key/key/key.core/../key.ui/examples/InformationFlow/NewObjects/object.AmtoftBanerjee(object.AmtoftBanerjee__m_1()).JML normal_behavior operation contract.1.key 
13957      WARN  main            d.u.i.k.n.ParsingFacade   /home/runner/work/key/key/key.core/../key.ui/examples/InformationFlow/NewObjects/object.AmtoftBanerjee(object.AmtoftBanerjee__m_1()).JML normal_behavior operation contract.1.key took 0 ms to parse. 
13957      WARN  main            d.u.i.k.n.ParsingFacade   Parsing time 434 ms. 
15196      WARN  main            d.u.i.k.n.ParsingFacade   file:/home/runner/work/key/key/key.core/build/resources/main/de/uka/ilkd/key/java/JavaRedux/java/lang/String.key took 2 ms to parse. 
15197      WARN  main            d.u.i.k.n.ParsingFacade   Parsing time 436 ms. 
17783      WARN  main            d.u.i.k.n.ParsingFacade   /home/runner/work/key/key/key.core/../key.ui/examples/InformationFlow/NewObjects/object.AmtoftBanerjee(object.AmtoftBanerjee__m_1()).JML normal_behavior operation contract.1.key took 0 ms to parse. 
17784      WARN  main            d.u.i.k.n.ParsingFacade   Parsing time 436 ms. 
18392      INFO  main            d.u.i.k.p.r.p.TestFile    ... finished proof: closed. 
18627      INFO  main            d.u.i.k.p.r.p.TestFile    Now processing file /home/runner/work/key/key/key.core/../key.ui/examples/InformationFlow/NewObjects/object.AmtoftBanerjee(object.AmtoftBanerjee__m_1()).JML normal_behavior operation contract.0.key 
18629      WARN  main            d.u.i.k.n.ParsingFacade   /home/runner/work/key/key/key.core/../key.ui/examples/InformationFlow/NewObjects/object.AmtoftBanerjee(object.AmtoftBanerjee__m_1()).JML normal_behavior operation contract.0.key took 1 ms to parse. 
18631      WARN  main            d.u.i.k.n.ParsingFacade   Parsing time 437 ms. 
20007      WARN  main            d.u.i.k.n.ParsingFacade   file:/home/runner/work/key/key/key.core/build/resources/main/de/uka/ilkd/key/java/JavaRedux/java/lang/String.key took 2 ms to parse. 
20007      WARN  main            d.u.i.k.n.ParsingFacade   Parsing time 439 ms. 
22444      WARN  main            d.u.i.k.n.ParsingFacade   /home/runner/work/key/key/key.core/../key.ui/examples/InformationFlow/NewObjects/object.AmtoftBanerjee(object.AmtoftBanerjee__m_1()).JML normal_behavior operation contract.0.key took 0 ms to parse. 
22445      WARN  main            d.u.i.k.n.ParsingFacade   Parsing time 439 ms. 
22850      INFO  main            d.u.i.k.p.r.p.TestFile    ... finished proof: closed. 
23044      INFO  main            d.u.i.k.p.r.p.TestFile    Now processing file /home/runner/work/key/key/key.core/../key.ui/examples/InformationFlow/NewObjects/object.AmtoftBanerjee(object.AmtoftBanerjee__getQ()).JML normal_behavior operation contract.0.key 
23045      WARN  main            d.u.i.k.n.ParsingFacade   /home/runner/work/key/key/key.core/../key.ui/examples/InformationFlow/NewObjects/object.AmtoftBanerjee(object.AmtoftBanerjee__getQ()).JML normal_behavior operation contract.0.key took 0 ms to parse. 
23045      WARN  main            d.u.i.k.n.ParsingFacade   Parsing time 439 ms. 
24370      WARN  main            d.u.i.k.n.ParsingFacade   file:/home/runner/work/key/key/key.core/build/resources/main/de/uka/ilkd/key/java/JavaRedux/java/lang/String.key took 2 ms to parse. 
24371      WARN  main            d.u.i.k.n.ParsingFacade   Parsing time 441 ms. 
27052      WARN  main            d.u.i.k.n.ParsingFacade   /home/runner/work/key/key/key.core/../key.ui/examples/InformationFlow/NewObjects/object.AmtoftBanerjee(object.AmtoftBanerjee__getQ()).JML normal_behavior operation contract.0.key took 0 ms to parse. 
27052      WARN  main            d.u.i.k.n.ParsingFacade   Parsing time 441 ms. 
27155      INFO  main            d.u.i.k.p.r.p.TestFile    ... finished proof: closed. 
27365      INFO  main            d.u.i.k.p.r.p.TestFile    Now processing file /home/runner/work/key/key/key.core/../key.ui/examples/InformationFlow/NewObjects/object.Naumann(object.Naumann__Pair_m(int,int)).JML operation contract.0.key 
27366      WARN  main            d.u.i.k.n.ParsingFacade   /home/runner/work/key/key/key.core/../key.ui/examples/InformationFlow/NewObjects/object.Naumann(object.Naumann__Pair_m(int,int)).JML operation contract.0.key took 0 ms to parse. 
27366      WARN  main            d.u.i.k.n.ParsingFacade   Parsing time 441 ms. 
28592      WARN  main            d.u.i.k.n.ParsingFacade   file:/home/runner/work/key/key/key.core/build/resources/main/de/uka/ilkd/key/java/JavaRedux/java/lang/String.key took 2 ms to parse. 
28592      WARN  main            d.u.i.k.n.ParsingFacade   Parsing time 443 ms. 
31025      WARN  main            d.u.i.k.n.ParsingFacade   /home/runner/work/key/key/key.core/../key.ui/examples/InformationFlow/NewObjects/object.Naumann(object.Naumann__Pair_m(int,int)).JML operation contract.0.key took 1 ms to parse. 
31025      WARN  main            d.u.i.k.n.ParsingFacade   Parsing time 444 ms. 
33035      INFO  main            d.u.i.k.p.r.p.TestFile    ... finished proof: closed. 
33248      INFO  main            d.u.i.k.p.r.p.TestFile    Now processing file /home/runner/work/key/key/key.core/../key.ui/examples/InformationFlow/NewObjects/object.ObjectOrientation(object.ObjectOrientation__secure_while_i((Ljava.lang.Object)).JML operation contract.0.key 
33249      WARN  main            d.u.i.k.n.ParsingFacade   /home/runner/work/key/key/key.core/../key.ui/examples/InformationFlow/NewObjects/object.ObjectOrientation(object.ObjectOrientation__secure_while_i((Ljava.lang.Object)).JML operation contract.0.key took 0 ms to parse. 
33249      WARN  main            d.u.i.k.n.ParsingFacade   Parsing time 444 ms. 
34414      WARN  main            d.u.i.k.n.ParsingFacade   file:/home/runner/work/key/key/key.core/build/resources/main/de/uka/ilkd/key/java/JavaRedux/java/lang/String.key took 2 ms to parse. 
34414      WARN  main            d.u.i.k.n.ParsingFacade   Parsing time 446 ms. 
36867      WARN  main            d.u.i.k.n.ParsingFacade   /home/runner/work/key/key/key.core/../key.ui/examples/InformationFlow/NewObjects/object.ObjectOrientation(object.ObjectOrientation__secure_while_i((Ljava.lang.Object)).JML operation contract.0.key took 0 ms to parse. 
36868      WARN  main            d.u.i.k.n.ParsingFacade   Parsing time 446 ms. 
37678      INFO  main            d.u.i.k.p.r.p.TestFile    ... finished proof: closed. 
37936      INFO  main            d.u.i.k.p.r.p.TestFile    Now processing file /home/runner/work/key/key/key.core/../key.ui/examples/InformationFlow/NewObjects/object.ObjectOrientation(object.ObjectOrientation__secure_method_call()).JML operation contract.0.key 
37937      WARN  main            d.u.i.k.n.ParsingFacade   /home/runner/work/key/key/key.core/../key.ui/examples/InformationFlow/NewObjects/object.ObjectOrientation(object.ObjectOrientation__secure_method_call()).JML operation contract.0.key took 0 ms to parse. 
37937      WARN  main            d.u.i.k.n.ParsingFacade   Parsing time 446 ms. 
39139      WARN  main            d.u.i.k.n.ParsingFacade   file:/home/runner/work/key/key/key.core/build/resources/main/de/uka/ilkd/key/java/JavaRedux/java/lang/String.key took 3 ms to parse. 
39139      WARN  main            d.u.i.k.n.ParsingFacade   Parsing time 449 ms. 
41457      WARN  main            d.u.i.k.n.ParsingFacade   /home/runner/work/key/key/key.core/../key.ui/examples/InformationFlow/NewObjects/object.ObjectOrientation(object.ObjectOrientation__secure_method_call()).JML operation contract.0.key took 0 ms to parse. 
41458      WARN  main            d.u.i.k.n.ParsingFacade   Parsing time 449 ms. 
41662      INFO  main            d.u.i.k.p.r.p.TestFile    ... finished proof: closed. 
41844      INFO  main            d.u.i.k.p.r.p.TestFile    Now processing file /home/runner/work/key/key/key.core/../key.ui/examples/InformationFlow/NewObjects/object.ObjectOrientation(object.ObjectOrientation__if_two_object_creation_next()).JML operation contract.1.key 
41845      WARN  main            d.u.i.k.n.ParsingFacade   /home/runner/work/key/key/key.core/../key.ui/examples/InformationFlow/NewObjects/object.ObjectOrientation(object.ObjectOrientation__if_two_object_creation_next()).JML operation contract.1.key took 0 ms to parse. 
41845      WARN  main            d.u.i.k.n.ParsingFacade   Parsing time 449 ms. 
43038      WARN  main            d.u.i.k.n.ParsingFacade   file:/home/runner/work/key/key/key.core/build/resources/main/de/uka/ilkd/key/java/JavaRedux/java/lang/String.key took 2 ms to parse. 
43038      WARN  main            d.u.i.k.n.ParsingFacade   Parsing time 451 ms. 
45381      WARN  main            d.u.i.k.n.ParsingFacade   /home/runner/work/key/key/key.core/../key.ui/examples/InformationFlow/NewObjects/object.ObjectOrientation(object.ObjectOrientation__if_two_object_creation_next()).JML operation contract.1.key took 0 ms to parse. 
45382      WARN  main            d.u.i.k.n.ParsingFacade   Parsing time 451 ms. 
46693      INFO  main            d.u.i.k.p.r.p.TestFile    ... finished proof: closed. 
46952      INFO  main            d.u.i.k.p.r.p.TestFile    Now processing file /home/runner/work/key/key/key.core/../key.ui/examples/InformationFlow/NewObjects/object.ObjectOrientation(object.ObjectOrientation__if_two_object_creation_next()).JML operation contract.0.key 
46954      WARN  main            d.u.i.k.n.ParsingFacade   /home/runner/work/key/key/key.core/../key.ui/examples/InformationFlow/NewObjects/object.ObjectOrientation(object.ObjectOrientation__if_two_object_creation_next()).JML operation contract.0.key took 0 ms to parse. 
46954      WARN  main            d.u.i.k.n.ParsingFacade   Parsing time 451 ms. 
48132      WARN  main            d.u.i.k.n.ParsingFacade   file:/home/runner/work/key/key/key.core/build/resources/main/de/uka/ilkd/key/java/JavaRedux/java/lang/String.key took 1 ms to parse. 
48133      WARN  main            d.u.i.k.n.ParsingFacade   Parsing time 452 ms. 
50451      WARN  main            d.u.i.k.n.ParsingFacade   /home/runner/work/key/key/key.core/../key.ui/examples/InformationFlow/NewObjects/object.ObjectOrientation(object.ObjectOrientation__if_two_object_creation_next()).JML operation contract.0.key took 0 ms to parse. 
50452      WARN  main            d.u.i.k.n.ParsingFacade   Parsing time 452 ms. 
51659      INFO  main            d.u.i.k.p.r.p.TestFile    ... finished proof: closed. 
51953      INFO  main            d.u.i.k.p.r.p.TestFile    Now processing file /home/runner/work/key/key/key.core/../key.ui/examples/InformationFlow/NewObjects/object.ObjectOrientation(object.ObjectOrientation__secure_if_two_object_creation()).JML operation contract.0.key 
51954      WARN  main            d.u.i.k.n.ParsingFacade   /home/runner/work/key/key/key.core/../key.ui/examples/InformationFlow/NewObjects/object.ObjectOrientation(object.ObjectOrientation__secure_if_two_object_creation()).JML operation contract.0.key took 0 ms to parse. 
51954      WARN  main            d.u.i.k.n.ParsingFacade   Parsing time 452 ms. 
53106      WARN  main            d.u.i.k.n.ParsingFacade   file:/home/runner/work/key/key/key.core/build/resources/main/de/uka/ilkd/key/java/JavaRedux/java/lang/String.key took 2 ms to parse. 
53106      WARN  main            d.u.i.k.n.ParsingFacade   Parsing time 454 ms. 
55451      WARN  main            d.u.i.k.n.ParsingFacade   /home/runner/work/key/key/key.core/../key.ui/examples/InformationFlow/NewObjects/object.ObjectOrientation(object.ObjectOrientation__secure_if_two_object_creation()).JML operation contract.0.key took 0 ms to parse. 
55451      WARN  main            d.u.i.k.n.ParsingFacade   Parsing time 454 ms. 
56567      INFO  main            d.u.i.k.p.r.p.TestFile    ... finished proof: closed. 
56868      INFO  main            d.u.i.k.p.r.p.TestFile    Now processing file /home/runner/work/key/key/key.core/../key.ui/examples/InformationFlow/NewObjects/object.ObjectOrientation(object.ObjectOrientation__insecure_two_object_creation()).JML operation contract.0.key 
56870      WARN  main            d.u.i.k.n.ParsingFacade   /home/runner/work/key/key/key.core/../key.ui/examples/InformationFlow/NewObjects/object.ObjectOrientation(object.ObjectOrientation__insecure_two_object_creation()).JML operation contract.0.key took 1 ms to parse. 
56871      WARN  main            d.u.i.k.n.ParsingFacade   Parsing time 455 ms. 
58015      WARN  main            d.u.i.k.n.ParsingFacade   file:/home/runner/work/key/key/key.core/build/resources/main/de/uka/ilkd/key/java/JavaRedux/java/lang/String.key took 2 ms to parse. 
58016      WARN  main            d.u.i.k.n.ParsingFacade   Parsing time 457 ms. 
60419      WARN  main            d.u.i.k.n.ParsingFacade   /home/runner/work/key/key/key.core/../key.ui/examples/InformationFlow/NewObjects/object.ObjectOrientation(object.ObjectOrientation__insecure_two_object_creation()).JML operation contract.0.key took 0 ms to parse. 
60420      WARN  main            d.u.i.k.n.ParsingFacade   Parsing time 457 ms. 
61231      INFO  main            d.u.i.k.p.r.p.TestFile    ... finished proof: closed. 
61462      INFO  main            d.u.i.k.p.r.p.TestFile    Now processing file /home/runner/work/key/key/key.core/../key.ui/examples/InformationFlow/NewObjects/object.ObjectOrientation(object.ObjectOrientation__secure_two_object_creation()).JML normal_behavior operation contract.0.key 
61464      WARN  main            d.u.i.k.n.ParsingFacade   /home/runner/work/key/key/key.core/../key.ui/examples/InformationFlow/NewObjects/object.ObjectOrientation(object.ObjectOrientation__secure_two_object_creation()).JML normal_behavior operation contract.0.key took 0 ms to parse. 
61464      WARN  main            d.u.i.k.n.ParsingFacade   Parsing time 457 ms. 
62617      WARN  main            d.u.i.k.n.ParsingFacade   file:/home/runner/work/key/key/key.core/build/resources/main/de/uka/ilkd/key/java/JavaRedux/java/lang/String.key took 2 ms to parse. 
62618      WARN  main            d.u.i.k.n.ParsingFacade   Parsing time 459 ms. 
65065      WARN  main            d.u.i.k.n.ParsingFacade   /home/runner/work/key/key/key.core/../key.ui/examples/InformationFlow/NewObjects/object.ObjectOrientation(object.ObjectOrientation__secure_two_object_creation()).JML normal_behavior operation contract.0.key took 1 ms to parse. 
65065      WARN  main            d.u.i.k.n.ParsingFacade   Parsing time 460 ms. 
65673      INFO  main            d.u.i.k.p.r.p.TestFile    ... finished proof: closed. 
65895      INFO  main            d.u.i.k.p.r.p.TestFile    Now processing file /home/runner/work/key/key/key.core/../key.ui/examples/InformationFlow/NewObjects/object.ObjectOrientation(object.ObjectOrientation__insecure_object_assignment()).JML operation contract.1.key 
65896      WARN  main            d.u.i.k.n.ParsingFacade   /home/runner/work/key/key/key.core/../key.ui/examples/InformationFlow/NewObjects/object.ObjectOrientation(object.ObjectOrientation__insecure_object_assignment()).JML operation contract.1.key took 0 ms to parse. 
65896      WARN  main            d.u.i.k.n.ParsingFacade   Parsing time 460 ms. 
67047      WARN  main            d.u.i.k.n.ParsingFacade   file:/home/runner/work/key/key/key.core/build/resources/main/de/uka/ilkd/key/java/JavaRedux/java/lang/String.key took 2 ms to parse. 
67047      WARN  main            d.u.i.k.n.ParsingFacade   Parsing time 462 ms. 
69414      WARN  main            d.u.i.k.n.ParsingFacade   /home/runner/work/key/key/key.core/../key.ui/examples/InformationFlow/NewObjects/object.ObjectOrientation(object.ObjectOrientation__insecure_object_assignment()).JML operation contract.1.key took 0 ms to parse. 
69415      WARN  main            d.u.i.k.n.ParsingFacade   Parsing time 462 ms. 
69519      INFO  main            d.u.i.k.p.r.p.TestFile    ... finished proof: closed. 
69729      INFO  main            d.u.i.k.p.r.p.TestFile    Now processing file /home/runner/work/key/key/key.core/../key.ui/examples/InformationFlow/NewObjects/object.ObjectOrientation(object.ObjectOrientation__insecure_object_assignment()).JML operation contract.0.key 
69730      WARN  main            d.u.i.k.n.ParsingFacade   /home/runner/work/key/key/key.core/../key.ui/examples/InformationFlow/NewObjects/object.ObjectOrientation(object.ObjectOrientation__insecure_object_assignment()).JML operation contract.0.key took 0 ms to parse. 
69731      WARN  main            d.u.i.k.n.ParsingFacade   Parsing time 462 ms. 
70945      WARN  main            d.u.i.k.n.ParsingFacade   file:/home/runner/work/key/key/key.core/build/resources/main/de/uka/ilkd/key/java/JavaRedux/java/lang/String.key took 2 ms to parse. 
70945      WARN  main            d.u.i.k.n.ParsingFacade   Parsing time 464 ms. 
73253      WARN  main            d.u.i.k.n.ParsingFacade   /home/runner/work/key/key/key.core/../key.ui/examples/InformationFlow/NewObjects/object.ObjectOrientation(object.ObjectOrientation__insecure_object_assignment()).JML operation contract.0.key took 0 ms to parse. 
73253      WARN  main            d.u.i.k.n.ParsingFacade   Parsing time 464 ms. 
73357      INFO  main            d.u.i.k.p.r.p.TestFile    ... finished proof: closed. 
73612      INFO  main            d.u.i.k.p.r.p.TestFile    Now processing file /home/runner/work/key/key/key.core/../key.ui/examples/InformationFlow/NewObjects/object.ObjectOrientation(object.ObjectOrientation__secure_object_creation_3()).JML operation contract.0.key 
73614      WARN  main            d.u.i.k.n.ParsingFacade   /home/runner/work/key/key/key.core/../key.ui/examples/InformationFlow/NewObjects/object.ObjectOrientation(object.ObjectOrientation__secure_object_creation_3()).JML operation contract.0.key took 1 ms to parse. 
73614      WARN  main            d.u.i.k.n.ParsingFacade   Parsing time 465 ms. 
74763      WARN  main            d.u.i.k.n.ParsingFacade   file:/home/runner/work/key/key/key.core/build/resources/main/de/uka/ilkd/key/java/JavaRedux/java/lang/String.key took 2 ms to parse. 
74764      WARN  main            d.u.i.k.n.ParsingFacade   Parsing time 467 ms. 
77103      WARN  main            d.u.i.k.n.ParsingFacade   /home/runner/work/key/key/key.core/../key.ui/examples/InformationFlow/NewObjects/object.ObjectOrientation(object.ObjectOrientation__secure_object_creation_3()).JML operation contract.0.key took 0 ms to parse. 
77106      WARN  main            d.u.i.k.n.ParsingFacade   Parsing time 467 ms. 
77408      INFO  main            d.u.i.k.p.r.p.TestFile    ... finished proof: closed. 
77632      INFO  main            d.u.i.k.p.r.p.TestFile    Now processing file /home/runner/work/key/key/key.core/../key.ui/examples/InformationFlow/NewObjects/object.ObjectOrientation(object.ObjectOrientation__secure_object_creation_2()).JML operation contract.0.key 
77633      WARN  main            d.u.i.k.n.ParsingFacade   /home/runner/work/key/key/key.core/../key.ui/examples/InformationFlow/NewObjects/object.ObjectOrientation(object.ObjectOrientation__secure_object_creation_2()).JML operation contract.0.key took 0 ms to parse. 
77633      WARN  main            d.u.i.k.n.ParsingFacade   Parsing time 467 ms. 
78755      WARN  main            d.u.i.k.n.ParsingFacade   file:/home/runner/work/key/key/key.core/build/resources/main/de/uka/ilkd/key/java/JavaRedux/java/lang/String.key took 2 ms to parse. 
78755      WARN  main            d.u.i.k.n.ParsingFacade   Parsing time 469 ms. 
81149      WARN  main            d.u.i.k.n.ParsingFacade   /home/runner/work/key/key/key.core/../key.ui/examples/InformationFlow/NewObjects/object.ObjectOrientation(object.ObjectOrientation__secure_object_creation_2()).JML operation contract.0.key took 0 ms to parse. 
81149      WARN  main            d.u.i.k.n.ParsingFacade   Parsing time 469 ms. 
81454      INFO  main            d.u.i.k.p.r.p.TestFile    ... finished proof: closed. 
81687      INFO  main            d.u.i.k.p.r.p.TestFile    Now processing file /home/runner/work/key/key/key.core/../key.ui/examples/InformationFlow/NewObjects/object.ObjectOrientation(object.ObjectOrientation__secure_object_creation()).JML operation contract.0.key 
81688      WARN  main            d.u.i.k.n.ParsingFacade   /home/runner/work/key/key/key.core/../key.ui/examples/InformationFlow/NewObjects/object.ObjectOrientation(object.ObjectOrientation__secure_object_creation()).JML operation contract.0.key took 0 ms to parse. 
81688      WARN  main            d.u.i.k.n.ParsingFacade   Parsing time 469 ms. 
82807      WARN  main            d.u.i.k.n.ParsingFacade   file:/home/runner/work/key/key/key.core/build/resources/main/de/uka/ilkd/key/java/JavaRedux/java/lang/String.key took 1 ms to parse. 
82808      WARN  main            d.u.i.k.n.ParsingFacade   Parsing time 470 ms. 
85144      WARN  main            d.u.i.k.n.ParsingFacade   /home/runner/work/key/key/key.core/../key.ui/examples/InformationFlow/NewObjects/object.ObjectOrientation(object.ObjectOrientation__secure_object_creation()).JML operation contract.0.key took 0 ms to parse. 
85144      WARN  main            d.u.i.k.n.ParsingFacade   Parsing time 470 ms. 
85447      INFO  main            d.u.i.k.p.r.p.TestFile    ... finished proof: closed. 
85685      INFO  main            d.u.i.k.p.r.p.TestFile    Now processing file /home/runner/work/key/key/key.core/../key.ui/examples/InformationFlow/NewObjects/object.AmtoftBanerjee2(object.AmtoftBanerjee2__expensive(int)).JML accessible clause.0.key 
85685      WARN  main            d.u.i.k.n.ParsingFacade   /home/runner/work/key/key/key.core/../key.ui/examples/InformationFlow/NewObjects/object.AmtoftBanerjee2(object.AmtoftBanerjee2__expensive(int)).JML accessible clause.0.key took 0 ms to parse. 
85685      WARN  main            d.u.i.k.n.ParsingFacade   Parsing time 470 ms. 
86840      WARN  main            d.u.i.k.n.ParsingFacade   file:/home/runner/work/key/key/key.core/build/resources/main/de/uka/ilkd/key/java/JavaRedux/java/lang/String.key took 2 ms to parse. 
86840      WARN  main            d.u.i.k.n.ParsingFacade   Parsing time 472 ms. 
89178      WARN  main            d.u.i.k.n.ParsingFacade   /home/runner/work/key/key/key.core/../key.ui/examples/InformationFlow/NewObjects/object.AmtoftBanerjee2(object.AmtoftBanerjee2__expensive(int)).JML accessible clause.0.key took 0 ms to parse. 
89178      WARN  main            d.u.i.k.n.ParsingFacade   Parsing time 472 ms. 
89282      INFO  main            d.u.i.k.p.r.p.TestFile    ... finished proof: closed. 
89537      INFO  main            d.u.i.k.p.r.p.TestFile    Now processing file /home/runner/work/key/key/key.core/../key.ui/examples/InformationFlow/NewObjects/object.AmtoftBanerjee2(object.AmtoftBanerjee2__expensive(int)).JML normal_behavior operation contract.0.key 
89537      WARN  main            d.u.i.k.n.ParsingFacade   /home/runner/work/key/key/key.core/../key.ui/examples/InformationFlow/NewObjects/object.AmtoftBanerjee2(object.AmtoftBanerjee2__expensive(int)).JML normal_behavior operation contract.0.key took 0 ms to parse. 
89537      WARN  main            d.u.i.k.n.ParsingFacade   Parsing time 472 ms. 
90681      WARN  main            d.u.i.k.n.ParsingFacade   file:/home/runner/work/key/key/key.core/build/resources/main/de/uka/ilkd/key/java/JavaRedux/java/lang/String.key took 2 ms to parse. 
90681      WARN  main            d.u.i.k.n.ParsingFacade   Parsing time 474 ms. 
92988      WARN  main            d.u.i.k.n.ParsingFacade   /home/runner/work/key/key/key.core/../key.ui/examples/InformationFlow/NewObjects/object.AmtoftBanerjee2(object.AmtoftBanerjee2__expensive(int)).JML normal_behavior operation contract.0.key took 0 ms to parse. 
92988      WARN  main            d.u.i.k.n.ParsingFacade   Parsing time 474 ms. 
93093      INFO  main            d.u.i.k.p.r.p.TestFile    ... finished proof: closed. 
93335      INFO  main            d.u.i.k.p.r.p.TestFile    Now processing file /home/runner/work/key/key/key.core/../key.ui/examples/InformationFlow/NewObjects/object.AmtoftBanerjee2(object.AmtoftBanerjee2__cexp(int)).JML normal_behavior operation contract.0.key 
93336      WARN  main            d.u.i.k.n.ParsingFacade   /home/runner/work/key/key/key.core/../key.ui/examples/InformationFlow/NewObjects/object.AmtoftBanerjee2(object.AmtoftBanerjee2__cexp(int)).JML normal_behavior operation contract.0.key took 0 ms to parse. 
93336      WARN  main            d.u.i.k.n.ParsingFacade   Parsing time 474 ms. 
94494      WARN  main            d.u.i.k.n.ParsingFacade   file:/home/runner/work/key/key/key.core/build/resources/main/de/uka/ilkd/key/java/JavaRedux/java/lang/String.key took 1 ms to parse. 
94495      WARN  main            d.u.i.k.n.ParsingFacade   Parsing time 475 ms. 
96859      WARN  main            d.u.i.k.n.ParsingFacade   /home/runner/work/key/key/key.core/../key.ui/examples/InformationFlow/NewObjects/object.AmtoftBanerjee2(object.AmtoftBanerjee2__cexp(int)).JML normal_behavior operation contract.0.key took 0 ms to parse. 
96859      WARN  main            d.u.i.k.n.ParsingFacade   Parsing time 475 ms. 
97363      INFO  main            d.u.i.k.p.r.p.TestFile    ... finished proof: closed. 
97711      INFO  main            d.u.i.k.p.r.p.TestFile    Now processing file /home/runner/work/key/key/key.core/../key.ui/examples/InformationFlow/PasswordFile/passwordfile.SecurePasswordFile(passwordfile.SecurePasswordFile___userIndex()).JML accessible clause.0.key 
97711      WARN  main            d.u.i.k.n.ParsingFacade   /home/runner/work/key/key/key.core/../key.ui/examples/InformationFlow/PasswordFile/passwordfile.SecurePasswordFile(passwordfile.SecurePasswordFile___userIndex()).JML accessible clause.0.key took 0 ms to parse. 
97712      WARN  main            d.u.i.k.n.ParsingFacade   Parsing time 475 ms. 
98825      WARN  main            d.u.i.k.n.ParsingFacade   file:/home/runner/work/key/key/key.core/build/resources/main/de/uka/ilkd/key/java/JavaRedux/java/lang/String.key took 1 ms to parse. 
98825      WARN  main            d.u.i.k.n.ParsingFacade   Parsing time 476 ms. 
100977     WARN  main            d.u.i.k.n.ParsingFacade   /home/runner/work/key/key/key.core/../key.ui/examples/InformationFlow/PasswordFile/passwordfile.SecurePasswordFile(passwordfile.SecurePasswordFile___userIndex()).JML accessible clause.0.key took 0 ms to parse. 
100978     WARN  main            d.u.i.k.n.ParsingFacade   Parsing time 476 ms. 
101181     INFO  main            d.u.i.k.p.r.p.TestFile    ... finished proof: open goal(s) 
639475     INFO  Test worker     d.u.i.k.p.r.RunAllProofsTestUnit Returning from test NewObjects 
639477     INFO  Test worker     d.u.i.k.p.r.RunAllProofsTestUnit Running test SimpleEvoting 
478        INFO  Timeout watchdog d.u.i.k.p.r.p.ForkedTestFileRunner Timeout watcher launched (1000 secs.) 
520        WARN  main            d.u.i.k.s.ProofSettings   The settings in /home/runner/.key/proof-settings.props are *not* read. 
602        INFO  main            d.u.i.k.p.r.p.TestFile    Now processing file /home/runner/work/key/key/key.core/../key.ui/examples/InformationFlow/SimpleEvoting/simple_evoting.Environment(simple_evoting.Environment__untrustedOutputMessage((B)).JML normal_behavior operation contract.0.key 
941        WARN  main            d.u.i.k.n.ParsingFacade   /home/runner/work/key/key/key.core/../key.ui/examples/InformationFlow/SimpleEvoting/simple_evoting.Environment(simple_evoting.Environment__untrustedOutputMessage((B)).JML normal_behavior operation contract.0.key took 26 ms to parse. 
942        WARN  main            d.u.i.k.n.ParsingFacade   Parsing time 26 ms. 
1147       WARN  main            d.u.i.k.n.ParsingFacade   file:/home/runner/work/key/key/key.core/build/resources/main/de/uka/ilkd/key/proof/rules/standardRules.key took 20 ms to parse. 
1147       WARN  main            d.u.i.k.n.ParsingFacade   Parsing time 46 ms. 
1162       WARN  main            d.u.i.k.n.ParsingFacade   file:/home/runner/work/key/key/key.core/build/resources/main/de/uka/ilkd/key/proof/rules/ldt.key took 2 ms to parse. 
1162       WARN  main            d.u.i.k.n.ParsingFacade   Parsing time 48 ms. 
1175       WARN  main            d.u.i.k.n.ParsingFacade   file:/home/runner/work/key/key/key.core/build/resources/main/de/uka/ilkd/key/proof/rules/boolean.key took 4 ms to parse. 
1175       WARN  main            d.u.i.k.n.ParsingFacade   Parsing time 52 ms. 
1204       WARN  main            d.u.i.k.n.ParsingFacade   file:/home/runner/work/key/key/key.core/build/resources/main/de/uka/ilkd/key/proof/rules/ruleSetsDeclarations.key took 10 ms to parse. 
1204       WARN  main            d.u.i.k.n.ParsingFacade   Parsing time 62 ms. 
1260       WARN  main            d.u.i.k.n.ParsingFacade   file:/home/runner/work/key/key/key.core/build/resources/main/de/uka/ilkd/key/proof/rules/integerHeader.key took 12 ms to parse. 
1260       WARN  main            d.u.i.k.n.ParsingFacade   Parsing time 74 ms. 
1267       WARN  main            d.u.i.k.n.ParsingFacade   file:/home/runner/work/key/key/key.core/build/resources/main/de/uka/ilkd/key/proof/rules/floatHeader.key took 2 ms to parse. 
1267       WARN  main            d.u.i.k.n.ParsingFacade   Parsing time 76 ms. 
1273       WARN  main            d.u.i.k.n.ParsingFacade   file:/home/runner/work/key/key/key.core/build/resources/main/de/uka/ilkd/key/proof/rules/heap.key took 2 ms to parse. 
1273       WARN  main            d.u.i.k.n.ParsingFacade   Parsing time 78 ms. 
1283       WARN  main            d.u.i.k.n.ParsingFacade   file:/home/runner/work/key/key/key.core/build/resources/main/de/uka/ilkd/key/proof/rules/locSets.key took 1 ms to parse. 
1283       WARN  main            d.u.i.k.n.ParsingFacade   Parsing time 79 ms. 
1290       WARN  main            d.u.i.k.n.ParsingFacade   file:/home/runner/work/key/key/key.core/build/resources/main/de/uka/ilkd/key/proof/rules/permission.key took 6 ms to parse. 
1290       WARN  main            d.u.i.k.n.ParsingFacade   Parsing time 85 ms. 
1292       WARN  main            d.u.i.k.n.ParsingFacade   file:/home/runner/work/key/key/key.core/build/resources/main/de/uka/ilkd/key/proof/rules/reach.key took 1 ms to parse. 
1292       WARN  main            d.u.i.k.n.ParsingFacade   Parsing time 86 ms. 
1296       WARN  main            d.u.i.k.n.ParsingFacade   file:/home/runner/work/key/key/key.core/build/resources/main/de/uka/ilkd/key/proof/rules/seq.key took 1 ms to parse. 
1297       WARN  main            d.u.i.k.n.ParsingFacade   Parsing time 87 ms. 
1362       WARN  main            d.u.i.k.n.ParsingFacade   file:/home/runner/work/key/key/key.core/build/resources/main/de/uka/ilkd/key/proof/rules/map.key took 57 ms to parse. 
1362       WARN  main            d.u.i.k.n.ParsingFacade   Parsing time 144 ms. 
1368       WARN  main            d.u.i.k.n.ParsingFacade   file:/home/runner/work/key/key/key.core/build/resources/main/de/uka/ilkd/key/proof/rules/freeADT.key took 0 ms to parse. 
1368       WARN  main            d.u.i.k.n.ParsingFacade   Parsing time 144 ms. 
1370       WARN  main            d.u.i.k.n.ParsingFacade   file:/home/runner/work/key/key/key.core/build/resources/main/de/uka/ilkd/key/proof/rules/wellfound.key took 0 ms to parse. 
1370       WARN  main            d.u.i.k.n.ParsingFacade   Parsing time 144 ms. 
1374       WARN  main            d.u.i.k.n.ParsingFacade   file:/home/runner/work/key/key/key.core/build/resources/main/de/uka/ilkd/key/proof/rules/charListHeader.key took 0 ms to parse. 
1374       WARN  main            d.u.i.k.n.ParsingFacade   Parsing time 144 ms. 
1567       WARN  main            d.u.i.k.n.ParsingFacade   file:/home/runner/work/key/key/key.core/build/resources/main/de/uka/ilkd/key/proof/rules/propRule.key took 6 ms to parse. 
1567       WARN  main            d.u.i.k.n.ParsingFacade   Parsing time 150 ms. 
1692       WARN  main            d.u.i.k.n.ParsingFacade   file:/home/runner/work/key/key/key.core/build/resources/main/de/uka/ilkd/key/proof/rules/firstOrderRules.key took 11 ms to parse. 
1693       WARN  main            d.u.i.k.n.ParsingFacade   Parsing time 161 ms. 
1718       WARN  main            d.u.i.k.n.ParsingFacade   file:/home/runner/work/key/key/key.core/build/resources/main/de/uka/ilkd/key/proof/rules/ifThenElseRules.key took 6 ms to parse. 
1718       WARN  main            d.u.i.k.n.ParsingFacade   Parsing time 167 ms. 
1759       WARN  main            d.u.i.k.n.ParsingFacade   file:/home/runner/work/key/key/key.core/build/resources/main/de/uka/ilkd/key/proof/rules/formulaNormalisationRules.key took 15 ms to parse. 
1759       WARN  main            d.u.i.k.n.ParsingFacade   Parsing time 182 ms. 
1844       WARN  main            d.u.i.k.n.ParsingFacade   file:/home/runner/work/key/key/key.core/build/resources/main/de/uka/ilkd/key/proof/rules/updateRules.key took 12 ms to parse. 
1844       WARN  main            d.u.i.k.n.ParsingFacade   Parsing time 194 ms. 
1880       WARN  main            d.u.i.k.n.ParsingFacade   file:/home/runner/work/key/key/key.core/build/resources/main/de/uka/ilkd/key/proof/rules/integerRulesCommon.key took 4 ms to parse. 
1881       WARN  main            d.u.i.k.n.ParsingFacade   Parsing time 198 ms. 
2050       WARN  main            d.u.i.k.n.ParsingFacade   file:/home/runner/work/key/key/key.core/build/resources/main/de/uka/ilkd/key/proof/rules/intRules.key took 3 ms to parse. 
2051       WARN  main            d.u.i.k.n.ParsingFacade   Parsing time 201 ms. 
2068       WARN  main            d.u.i.k.n.ParsingFacade   file:/home/runner/work/key/key/key.core/build/resources/main/de/uka/ilkd/key/proof/rules/intRulesUncheckedSemantics.key took 3 ms to parse. 
2068       WARN  main            d.u.i.k.n.ParsingFacade   Parsing time 204 ms. 
2081       WARN  main            d.u.i.k.n.ParsingFacade   file:/home/runner/work/key/key/key.core/build/resources/main/de/uka/ilkd/key/proof/rules/intRulesCheckedSemantics.key took 1 ms to parse. 
2081       WARN  main            d.u.i.k.n.ParsingFacade   Parsing time 205 ms. 
2091       WARN  main            d.u.i.k.n.ParsingFacade   file:/home/runner/work/key/key/key.core/build/resources/main/de/uka/ilkd/key/proof/rules/intRulesJavaSemantics.key took 4 ms to parse. 
2091       WARN  main            d.u.i.k.n.ParsingFacade   Parsing time 209 ms. 
2197       WARN  main            d.u.i.k.n.ParsingFacade   file:/home/runner/work/key/key/key.core/build/resources/main/de/uka/ilkd/key/proof/rules/integerSimplificationRules.key took 93 ms to parse. 
2198       WARN  main            d.u.i.k.n.ParsingFacade   Parsing time 302 ms. 
2460       WARN  main            d.u.i.k.n.ParsingFacade   file:/home/runner/work/key/key/key.core/build/resources/main/de/uka/ilkd/key/proof/rules/intDiv.key took 31 ms to parse. 
2461       WARN  main            d.u.i.k.n.ParsingFacade   Parsing time 333 ms. 
2508       WARN  main            d.u.i.k.n.ParsingFacade   file:/home/runner/work/key/key/key.core/build/resources/main/de/uka/ilkd/key/proof/rules/bsum.key took 15 ms to parse. 
2509       WARN  main            d.u.i.k.n.ParsingFacade   Parsing time 348 ms. 
2565       WARN  main            d.u.i.k.n.ParsingFacade   file:/home/runner/work/key/key/key.core/build/resources/main/de/uka/ilkd/key/proof/rules/bprod.key took 3 ms to parse. 
2566       WARN  main            d.u.i.k.n.ParsingFacade   Parsing time 351 ms. 
2579       WARN  main            d.u.i.k.n.ParsingFacade   file:/home/runner/work/key/key/key.core/build/resources/main/de/uka/ilkd/key/proof/rules/binaryAxioms.key took 1 ms to parse. 
2579       WARN  main            d.u.i.k.n.ParsingFacade   Parsing time 352 ms. 
2584       WARN  main            d.u.i.k.n.ParsingFacade   file:/home/runner/work/key/key/key.core/build/resources/main/de/uka/ilkd/key/proof/rules/binaryLemmas.key took 1 ms to parse. 
2585       WARN  main            d.u.i.k.n.ParsingFacade   Parsing time 353 ms. 
2592       WARN  main            d.u.i.k.n.ParsingFacade   file:/home/runner/work/key/key/key.core/build/resources/main/de/uka/ilkd/key/proof/rules/intPow.key took 2 ms to parse. 
2593       WARN  main            d.u.i.k.n.ParsingFacade   Parsing time 355 ms. 
2605       WARN  main            d.u.i.k.n.ParsingFacade   file:/home/runner/work/key/key/key.core/build/resources/main/de/uka/ilkd/key/proof/rules/floatRulesCommon.key took 3 ms to parse. 
2606       WARN  main            d.u.i.k.n.ParsingFacade   Parsing time 358 ms. 
2622       WARN  main            d.u.i.k.n.ParsingFacade   file:/home/runner/work/key/key/key.core/build/resources/main/de/uka/ilkd/key/proof/rules/floatRules.key took 1 ms to parse. 
2622       WARN  main            d.u.i.k.n.ParsingFacade   Parsing time 359 ms. 
2624       WARN  main            d.u.i.k.n.ParsingFacade   file:/home/runner/work/key/key/key.core/build/resources/main/de/uka/ilkd/key/proof/rules/floatRulesVerifyNormal.key took 0 ms to parse. 
2625       WARN  main            d.u.i.k.n.ParsingFacade   Parsing time 359 ms. 
2657       WARN  main            d.u.i.k.n.ParsingFacade   file:/home/runner/work/key/key/key.core/build/resources/main/de/uka/ilkd/key/proof/rules/floatRulesAssumeStrictfp.key took 31 ms to parse. 
2657       WARN  main            d.u.i.k.n.ParsingFacade   Parsing time 390 ms. 
2692       WARN  main            d.u.i.k.n.ParsingFacade   file:/home/runner/work/key/key/key.core/build/resources/main/de/uka/ilkd/key/proof/rules/genericRules.key took 3 ms to parse. 
2692       WARN  main            d.u.i.k.n.ParsingFacade   Parsing time 393 ms. 
2706       WARN  main            d.u.i.k.n.ParsingFacade   file:/home/runner/work/key/key/key.core/build/resources/main/de/uka/ilkd/key/proof/rules/booleanRules.key took 0 ms to parse. 
2707       WARN  main            d.u.i.k.n.ParsingFacade   Parsing time 393 ms. 
2711       WARN  main            d.u.i.k.n.ParsingFacade   file:/home/runner/work/key/key/key.core/build/resources/main/de/uka/ilkd/key/proof/rules/epsilon.key took 0 ms to parse. 
2712       WARN  main            d.u.i.k.n.ParsingFacade   Parsing time 393 ms. 
2723       WARN  main            d.u.i.k.n.ParsingFacade   file:/home/runner/work/key/key/key.core/build/resources/main/de/uka/ilkd/key/proof/rules/locSetsRules.key took 7 ms to parse. 
2724       WARN  main            d.u.i.k.n.ParsingFacade   Parsing time 400 ms. 
2779       WARN  main            d.u.i.k.n.ParsingFacade   file:/home/runner/work/key/key/key.core/build/resources/main/de/uka/ilkd/key/proof/rules/heapRules.key took 10 ms to parse. 
2780       WARN  main            d.u.i.k.n.ParsingFacade   Parsing time 410 ms. 
2823       WARN  main            d.u.i.k.n.ParsingFacade   file:/home/runner/work/key/key/key.core/build/resources/main/de/uka/ilkd/key/proof/rules/permissionRules.key took 3 ms to parse. 
2824       WARN  main            d.u.i.k.n.ParsingFacade   Parsing time 413 ms. 
2871       WARN  main            d.u.i.k.n.ParsingFacade   file:/home/runner/work/key/key/key.core/build/resources/main/de/uka/ilkd/key/proof/rules/reachRules.key took 3 ms to parse. 
2872       WARN  main            d.u.i.k.n.ParsingFacade   Parsing time 416 ms. 
2898       WARN  main            d.u.i.k.n.ParsingFacade   file:/home/runner/work/key/key/key.core/build/resources/main/de/uka/ilkd/key/proof/rules/seqCoreRules.key took 6 ms to parse. 
2901       WARN  main            d.u.i.k.n.ParsingFacade   Parsing time 422 ms. 
2914       WARN  main            d.u.i.k.n.ParsingFacade   file:/home/runner/work/key/key/key.core/build/resources/main/de/uka/ilkd/key/proof/rules/seqRules.key took 9 ms to parse. 
2915       WARN  main            d.u.i.k.n.ParsingFacade   Parsing time 431 ms. 
2953       WARN  main            d.u.i.k.n.ParsingFacade   file:/home/runner/work/key/key/key.core/build/resources/main/de/uka/ilkd/key/proof/rules/seqPerm.key took 4 ms to parse. 
2954       WARN  main            d.u.i.k.n.ParsingFacade   Parsing time 435 ms. 
2985       WARN  main            d.u.i.k.n.ParsingFacade   file:/home/runner/work/key/key/key.core/build/resources/main/de/uka/ilkd/key/proof/rules/seqPerm2.key took 1 ms to parse. 
2985       WARN  main            d.u.i.k.n.ParsingFacade   Parsing time 436 ms. 
3084       WARN  main            d.u.i.k.n.ParsingFacade   file:/home/runner/work/key/key/key.core/build/resources/main/de/uka/ilkd/key/proof/rules/javaRules.key took 88 ms to parse. 
3085       WARN  main            d.u.i.k.n.ParsingFacade   Parsing time 524 ms. 
3096       WARN  main            d.u.i.k.n.ParsingFacade   file:/home/runner/work/key/key/key.core/build/resources/main/de/uka/ilkd/key/proof/rules/assertions.key took 2 ms to parse. 
3097       WARN  main            d.u.i.k.n.ParsingFacade   Parsing time 526 ms. 
3858       WARN  main            d.u.i.k.n.ParsingFacade   file:/home/runner/work/key/key/key.core/build/resources/main/de/uka/ilkd/key/proof/rules/loopRules.key took 2 ms to parse. 
3858       WARN  main            d.u.i.k.n.ParsingFacade   Parsing time 528 ms. 
3872       WARN  main            d.u.i.k.n.ParsingFacade   file:/home/runner/work/key/key/key.core/build/resources/main/de/uka/ilkd/key/proof/rules/activeUse.key took 2 ms to parse. 
3872       WARN  main            d.u.i.k.n.ParsingFacade   Parsing time 530 ms. 
3943       WARN  main            d.u.i.k.n.ParsingFacade   file:/home/runner/work/key/key/key.core/build/resources/main/de/uka/ilkd/key/proof/rules/instanceAllocation.key took 7 ms to parse. 
3944       WARN  main            d.u.i.k.n.ParsingFacade   Parsing time 537 ms. 
3962       WARN  main            d.u.i.k.n.ParsingFacade   file:/home/runner/work/key/key/key.core/build/resources/main/de/uka/ilkd/key/proof/rules/java5.key took 0 ms to parse. 
3963       WARN  main            d.u.i.k.n.ParsingFacade   Parsing time 537 ms. 
3971       WARN  main            d.u.i.k.n.ParsingFacade   file:/home/runner/work/key/key/key.core/build/resources/main/de/uka/ilkd/key/proof/rules/integerAssignment2UpdateRules.key took 3 ms to parse. 
3971       WARN  main            d.u.i.k.n.ParsingFacade   Parsing time 540 ms. 
4034       WARN  main            d.u.i.k.n.ParsingFacade   file:/home/runner/work/key/key/key.core/build/resources/main/de/uka/ilkd/key/proof/rules/floatAssignment2UpdateRules.key took 5 ms to parse. 
4034       WARN  main            d.u.i.k.n.ParsingFacade   Parsing time 545 ms. 
4059       WARN  main            d.u.i.k.n.ParsingFacade   file:/home/runner/work/key/key/key.core/build/resources/main/de/uka/ilkd/key/proof/rules/bigint.key took 2 ms to parse. 
4059       WARN  main            d.u.i.k.n.ParsingFacade   Parsing time 547 ms. 
4121       WARN  main            d.u.i.k.n.ParsingFacade   file:/home/runner/work/key/key/key.core/build/resources/main/de/uka/ilkd/key/proof/rules/adtProgramDecompositionRules.key took 46 ms to parse. 
4121       WARN  main            d.u.i.k.n.ParsingFacade   Parsing time 593 ms. 
4139       WARN  main            d.u.i.k.n.ParsingFacade   file:/home/runner/work/key/key/key.core/build/resources/main/de/uka/ilkd/key/proof/rules/precRules.key took 0 ms to parse. 
4140       WARN  main            d.u.i.k.n.ParsingFacade   Parsing time 593 ms. 
4146       WARN  main            d.u.i.k.n.ParsingFacade   file:/home/runner/work/key/key/key.core/build/resources/main/de/uka/ilkd/key/proof/rules/charListRules.key took 3 ms to parse. 
4146       WARN  main            d.u.i.k.n.ParsingFacade   Parsing time 596 ms. 
4158       WARN  main            d.u.i.k.n.ParsingFacade   file:/home/runner/work/key/key/key.core/build/resources/main/de/uka/ilkd/key/proof/rules/regExTheory.key took 0 ms to parse. 
4158       WARN  main            d.u.i.k.n.ParsingFacade   Parsing time 596 ms. 
4160       WARN  main            d.u.i.k.n.ParsingFacade   file:/home/runner/work/key/key/key.core/build/resources/main/de/uka/ilkd/key/proof/rules/regExHeader.key took 1 ms to parse. 
4160       WARN  main            d.u.i.k.n.ParsingFacade   Parsing time 597 ms. 
4162       WARN  main            d.u.i.k.n.ParsingFacade   file:/home/runner/work/key/key/key.core/build/resources/main/de/uka/ilkd/key/proof/rules/regExAxioms.key took 1 ms to parse. 
4162       WARN  main            d.u.i.k.n.ParsingFacade   Parsing time 598 ms. 
4167       WARN  main            d.u.i.k.n.ParsingFacade   file:/home/runner/work/key/key/key.core/build/resources/main/de/uka/ilkd/key/proof/rules/regExLemmaProven.key took 1 ms to parse. 
4167       WARN  main            d.u.i.k.n.ParsingFacade   Parsing time 599 ms. 
4173       WARN  main            d.u.i.k.n.ParsingFacade   file:/home/runner/work/key/key/key.core/build/resources/main/de/uka/ilkd/key/proof/rules/seqEq.key took 1 ms to parse. 
4174       WARN  main            d.u.i.k.n.ParsingFacade   Parsing time 600 ms. 
4181       WARN  main            d.u.i.k.n.ParsingFacade   file:/home/runner/work/key/key/key.core/build/resources/main/de/uka/ilkd/key/proof/rules/infFlow.key took 1 ms to parse. 
4182       WARN  main            d.u.i.k.n.ParsingFacade   Parsing time 601 ms. 
4187       WARN  main            d.u.i.k.n.ParsingFacade   file:/home/runner/work/key/key/key.core/build/resources/main/de/uka/ilkd/key/proof/rules/mapSize.key took 1 ms to parse. 
4188       WARN  main            d.u.i.k.n.ParsingFacade   Parsing time 602 ms. 
4191       WARN  main            d.u.i.k.n.ParsingFacade   file:/home/runner/work/key/key/key.core/build/resources/main/de/uka/ilkd/key/proof/rules/wd.key took 0 ms to parse. 
4191       WARN  main            d.u.i.k.n.ParsingFacade   Parsing time 602 ms. 
4194       WARN  main            d.u.i.k.n.ParsingFacade   file:/home/runner/work/key/key/key.core/build/resources/main/de/uka/ilkd/key/proof/rules/wdHeader.key took 1 ms to parse. 
4194       WARN  main            d.u.i.k.n.ParsingFacade   Parsing time 603 ms. 
4196       WARN  main            d.u.i.k.n.ParsingFacade   file:/home/runner/work/key/key/key.core/build/resources/main/de/uka/ilkd/key/proof/rules/wdGeneralRules.key took 1 ms to parse. 
4196       WARN  main            d.u.i.k.n.ParsingFacade   Parsing time 604 ms. 
4205       WARN  main            d.u.i.k.n.ParsingFacade   file:/home/runner/work/key/key/key.core/build/resources/main/de/uka/ilkd/key/proof/rules/wdNumericalRules.key took 5 ms to parse. 
4206       WARN  main            d.u.i.k.n.ParsingFacade   Parsing time 609 ms. 
4243       WARN  main            d.u.i.k.n.ParsingFacade   file:/home/runner/work/key/key/key.core/build/resources/main/de/uka/ilkd/key/proof/rules/wdLocSetRules.key took 1 ms to parse. 
4243       WARN  main            d.u.i.k.n.ParsingFacade   Parsing time 610 ms. 
4249       WARN  main            d.u.i.k.n.ParsingFacade   file:/home/runner/work/key/key/key.core/build/resources/main/de/uka/ilkd/key/proof/rules/wdHeapRules.key took 1 ms to parse. 
4250       WARN  main            d.u.i.k.n.ParsingFacade   Parsing time 611 ms. 
4254       WARN  main            d.u.i.k.n.ParsingFacade   file:/home/runner/work/key/key/key.core/build/resources/main/de/uka/ilkd/key/proof/rules/wdReachRules.key took 0 ms to parse. 
4254       WARN  main            d.u.i.k.n.ParsingFacade   Parsing time 611 ms. 
4263       WARN  main            d.u.i.k.n.ParsingFacade   file:/home/runner/work/key/key/key.core/build/resources/main/de/uka/ilkd/key/proof/rules/wdSeqRules.key took 0 ms to parse. 
4269       WARN  main            d.u.i.k.n.ParsingFacade   Parsing time 611 ms. 
4274       WARN  main            d.u.i.k.n.ParsingFacade   file:/home/runner/work/key/key/key.core/build/resources/main/de/uka/ilkd/key/proof/rules/wdStringRules.key took 1 ms to parse. 
4277       WARN  main            d.u.i.k.n.ParsingFacade   Parsing time 612 ms. 
4282       WARN  main            d.u.i.k.n.ParsingFacade   file:/home/runner/work/key/key/key.core/build/resources/main/de/uka/ilkd/key/proof/rules/wdRegExRules.key took 0 ms to parse. 
4285       WARN  main            d.u.i.k.n.ParsingFacade   Parsing time 612 ms. 
4290       WARN  main            d.u.i.k.n.ParsingFacade   file:/home/runner/work/key/key/key.core/build/resources/main/de/uka/ilkd/key/proof/rules/wdFormulaRules.key took 2 ms to parse. 
4297       WARN  main            d.u.i.k.n.ParsingFacade   Parsing time 614 ms. 
4317       WARN  main            d.u.i.k.n.ParsingFacade   file:/home/runner/work/key/key/key.core/build/resources/main/de/uka/ilkd/key/proof/rules/loopInvariantRules.key took 0 ms to parse. 
4321       WARN  main            d.u.i.k.n.ParsingFacade   Parsing time 614 ms. 
4323       WARN  main            d.u.i.k.n.ParsingFacade   file:/home/runner/work/key/key/key.core/build/resources/main/de/uka/ilkd/key/proof/rules/forLoopRules.key took 0 ms to parse. 
4325       WARN  main            d.u.i.k.n.ParsingFacade   Parsing time 614 ms. 
4337       WARN  main            d.u.i.k.n.ParsingFacade   file:/home/runner/work/key/key/key.core/build/resources/main/de/uka/ilkd/key/proof/rules/execRules.key took 9 ms to parse. 
4338       WARN  main            d.u.i.k.n.ParsingFacade   Parsing time 623 ms. 
4563       WARN  main            d.u.i.k.n.ParsingFacade   file:/home/runner/work/key/key/key.core/build/resources/main/de/uka/ilkd/key/proof/rules/loopScopeRules.key took 2 ms to parse. 
4571       WARN  main            d.u.i.k.n.ParsingFacade   Parsing time 625 ms. 
9765       WARN  main            d.u.i.k.n.ParsingFacade   file:/home/runner/work/key/key/key.core/build/resources/main/de/uka/ilkd/key/java/JavaRedux/java/lang/String.key took 6 ms to parse. 
9766       WARN  main            d.u.i.k.n.ParsingFacade   Parsing time 631 ms. 
13771      WARN  main            d.u.i.k.n.ParsingFacade   /home/runner/work/key/key/key.core/../key.ui/examples/InformationFlow/SimpleEvoting/simple_evoting.Environment(simple_evoting.Environment__untrustedOutputMessage((B)).JML normal_behavior operation contract.0.key took 0 ms to parse. 
13772      WARN  main            d.u.i.k.n.ParsingFacade   Parsing time 631 ms. 
15721      INFO  main            d.u.i.k.p.r.p.TestFile    ... finished proof: closed. 
15962      INFO  main            d.u.i.k.p.r.p.TestFile    Now processing file /home/runner/work/key/key/key.core/../key.ui/examples/InformationFlow/SimpleEvoting/simple_evoting.Environment(simple_evoting.Environment__untrustedInputMessage((B)).JML normal_behavior operation contract.0.key 
15964      WARN  main            d.u.i.k.n.ParsingFacade   /home/runner/work/key/key/key.core/../key.ui/examples/InformationFlow/SimpleEvoting/simple_evoting.Environment(simple_evoting.Environment__untrustedInputMessage((B)).JML normal_behavior operation contract.0.key took 0 ms to parse. 
15966      WARN  main            d.u.i.k.n.ParsingFacade   Parsing time 631 ms. 
17806      WARN  main            d.u.i.k.n.ParsingFacade   file:/home/runner/work/key/key/key.core/build/resources/main/de/uka/ilkd/key/java/JavaRedux/java/lang/String.key took 2 ms to parse. 
17807      WARN  main            d.u.i.k.n.ParsingFacade   Parsing time 633 ms. 
21176      WARN  main            d.u.i.k.n.ParsingFacade   /home/runner/work/key/key/key.core/../key.ui/examples/InformationFlow/SimpleEvoting/simple_evoting.Environment(simple_evoting.Environment__untrustedInputMessage((B)).JML normal_behavior operation contract.0.key took 0 ms to parse. 
21176      WARN  main            d.u.i.k.n.ParsingFacade   Parsing time 633 ms. 
22084      INFO  main            d.u.i.k.p.r.p.TestFile    ... finished proof: closed. 
22267      INFO  main            d.u.i.k.p.r.p.TestFile    Now processing file /home/runner/work/key/key/key.core/../key.ui/examples/InformationFlow/SimpleEvoting/simple_evoting.Environment(simple_evoting.Environment__untrustedInputMessage()).JML normal_behavior operation contract.0.key 
22274      WARN  main            d.u.i.k.n.ParsingFacade   /home/runner/work/key/key/key.core/../key.ui/examples/InformationFlow/SimpleEvoting/simple_evoting.Environment(simple_evoting.Environment__untrustedInputMessage()).JML normal_behavior operation contract.0.key took 0 ms to parse. 
22274      WARN  main            d.u.i.k.n.ParsingFacade   Parsing time 633 ms. 
24040      WARN  main            d.u.i.k.n.ParsingFacade   file:/home/runner/work/key/key/key.core/build/resources/main/de/uka/ilkd/key/java/JavaRedux/java/lang/String.key took 1 ms to parse. 
24041      WARN  main            d.u.i.k.n.ParsingFacade   Parsing time 634 ms. 
27301      WARN  main            d.u.i.k.n.ParsingFacade   /home/runner/work/key/key/key.core/../key.ui/examples/InformationFlow/SimpleEvoting/simple_evoting.Environment(simple_evoting.Environment__untrustedInputMessage()).JML normal_behavior operation contract.0.key took 0 ms to parse. 
27302      WARN  main            d.u.i.k.n.ParsingFacade   Parsing time 634 ms. 
29455      INFO  main            d.u.i.k.p.r.p.TestFile    ... finished proof: closed. 
29730      INFO  main            d.u.i.k.p.r.p.TestFile    Now processing file /home/runner/work/key/key/key.core/../key.ui/examples/InformationFlow/SimpleEvoting/simple_evoting.Environment(simple_evoting.Environment__untrustedOutput(int)).JML normal_behavior operation contract.0.key 
29731      WARN  main            d.u.i.k.n.ParsingFacade   /home/runner/work/key/key/key.core/../key.ui/examples/InformationFlow/SimpleEvoting/simple_evoting.Environment(simple_evoting.Environment__untrustedOutput(int)).JML normal_behavior operation contract.0.key took 0 ms to parse. 
29731      WARN  main            d.u.i.k.n.ParsingFacade   Parsing time 634 ms. 
31387      WARN  main            d.u.i.k.n.ParsingFacade   file:/home/runner/work/key/key/key.core/build/resources/main/de/uka/ilkd/key/java/JavaRedux/java/lang/String.key took 1 ms to parse. 
31388      WARN  main            d.u.i.k.n.ParsingFacade   Parsing time 635 ms. 
34527      WARN  main            d.u.i.k.n.ParsingFacade   /home/runner/work/key/key/key.core/../key.ui/examples/InformationFlow/SimpleEvoting/simple_evoting.Environment(simple_evoting.Environment__untrustedOutput(int)).JML normal_behavior operation contract.0.key took 0 ms to parse. 
34528      WARN  main            d.u.i.k.n.ParsingFacade   Parsing time 635 ms. 
34630      INFO  main            d.u.i.k.p.r.p.TestFile    ... finished proof: closed. 
34966      INFO  main            d.u.i.k.p.r.p.TestFile    Now processing file /home/runner/work/key/key/key.core/../key.ui/examples/InformationFlow/SimpleEvoting/simple_evoting.Environment(simple_evoting.Environment__untrustedInput(int)).JML normal_behavior operation contract.0.key 
34967      WARN  main            d.u.i.k.n.ParsingFacade   /home/runner/work/key/key/key.core/../key.ui/examples/InformationFlow/SimpleEvoting/simple_evoting.Environment(simple_evoting.Environment__untrustedInput(int)).JML normal_behavior operation contract.0.key took 0 ms to parse. 
34968      WARN  main            d.u.i.k.n.ParsingFacade   Parsing time 635 ms. 
36516      WARN  main            d.u.i.k.n.ParsingFacade   file:/home/runner/work/key/key/key.core/build/resources/main/de/uka/ilkd/key/java/JavaRedux/java/lang/String.key took 2 ms to parse. 
36516      WARN  main            d.u.i.k.n.ParsingFacade   Parsing time 637 ms. 
39825      WARN  main            d.u.i.k.n.ParsingFacade   /home/runner/work/key/key/key.core/../key.ui/examples/InformationFlow/SimpleEvoting/simple_evoting.Environment(simple_evoting.Environment__untrustedInput(int)).JML normal_behavior operation contract.0.key took 0 ms to parse. 
39826      WARN  main            d.u.i.k.n.ParsingFacade   Parsing time 637 ms. 
39942      INFO  main            d.u.i.k.p.r.p.TestFile    ... finished proof: open goal(s) 
40135      INFO  main            d.u.i.k.p.r.p.TestFile    Now processing file /home/runner/work/key/key/key.core/../key.ui/examples/InformationFlow/SimpleEvoting/simple_evoting.Environment(simple_evoting.Environment__untrustedInput()).JML normal_behavior operation contract.0.key 
40136      WARN  main            d.u.i.k.n.ParsingFacade   /home/runner/work/key/key/key.core/../key.ui/examples/InformationFlow/SimpleEvoting/simple_evoting.Environment(simple_evoting.Environment__untrustedInput()).JML normal_behavior operation contract.0.key took 0 ms to parse. 
40136      WARN  main            d.u.i.k.n.ParsingFacade   Parsing time 637 ms. 
41714      WARN  main            d.u.i.k.n.ParsingFacade   file:/home/runner/work/key/key/key.core/build/resources/main/de/uka/ilkd/key/java/JavaRedux/java/lang/String.key took 2 ms to parse. 
41714      WARN  main            d.u.i.k.n.ParsingFacade   Parsing time 639 ms. 
45061      WARN  main            d.u.i.k.n.ParsingFacade   /home/runner/work/key/key/key.core/../key.ui/examples/InformationFlow/SimpleEvoting/simple_evoting.Environment(simple_evoting.Environment__untrustedInput()).JML normal_behavior operation contract.0.key took 0 ms to parse. 
45062      WARN  main            d.u.i.k.n.ParsingFacade   Parsing time 639 ms. 
45173      INFO  main            d.u.i.k.p.r.p.TestFile    ... finished proof: open goal(s) 
45419      INFO  main            d.u.i.k.p.r.p.TestFile    Now processing file /home/runner/work/key/key/key.core/../key.ui/examples/InformationFlow/SimpleEvoting/simple_evoting.Environment(simple_evoting.Environment___rep()).JML accessible clause.0.key 
45422      WARN  main            d.u.i.k.n.ParsingFacade   /home/runner/work/key/key/key.core/../key.ui/examples/InformationFlow/SimpleEvoting/simple_evoting.Environment(simple_evoting.Environment___rep()).JML accessible clause.0.key took 0 ms to parse. 
45423      WARN  main            d.u.i.k.n.ParsingFacade   Parsing time 639 ms. 
47058      WARN  main            d.u.i.k.n.ParsingFacade   file:/home/runner/work/key/key/key.core/build/resources/main/de/uka/ilkd/key/java/JavaRedux/java/lang/String.key took 2 ms to parse. 
47059      WARN  main            d.u.i.k.n.ParsingFacade   Parsing time 641 ms. 
50242      WARN  main            d.u.i.k.n.ParsingFacade   /home/runner/work/key/key/key.core/../key.ui/examples/InformationFlow/SimpleEvoting/simple_evoting.Environment(simple_evoting.Environment___rep()).JML accessible clause.0.key took 0 ms to parse. 
50242      WARN  main            d.u.i.k.n.ParsingFacade   Parsing time 641 ms. 
50345      INFO  main            d.u.i.k.p.r.p.TestFile    ... finished proof: closed. 
50581      INFO  main            d.u.i.k.p.r.p.TestFile    Now processing file /home/runner/work/key/key/key.core/../key.ui/examples/InformationFlow/SimpleEvoting/simple_evoting.SMT(simple_evoting.SMT__send(simple_evoting.Message,int,simple_evoting.Server)).JML normal_behavior operation contract.1.key 
50582      WARN  main            d.u.i.k.n.ParsingFacade   /home/runner/work/key/key/key.core/../key.ui/examples/InformationFlow/SimpleEvoting/simple_evoting.SMT(simple_evoting.SMT__send(simple_evoting.Message,int,simple_evoting.Server)).JML normal_behavior operation contract.1.key took 0 ms to parse. 
50583      WARN  main            d.u.i.k.n.ParsingFacade   Parsing time 641 ms. 
52266      WARN  main            d.u.i.k.n.ParsingFacade   file:/home/runner/work/key/key/key.core/build/resources/main/de/uka/ilkd/key/java/JavaRedux/java/lang/String.key took 2 ms to parse. 
52268      WARN  main            d.u.i.k.n.ParsingFacade   Parsing time 643 ms. 
55459      WARN  main            d.u.i.k.n.ParsingFacade   /home/runner/work/key/key/key.core/../key.ui/examples/InformationFlow/SimpleEvoting/simple_evoting.SMT(simple_evoting.SMT__send(simple_evoting.Message,int,simple_evoting.Server)).JML normal_behavior operation contract.1.key took 0 ms to parse. 
55460      WARN  main            d.u.i.k.n.ParsingFacade   Parsing time 643 ms. 
68711      INFO  main            d.u.i.k.p.r.p.TestFile    ... finished proof: closed. 
69072      INFO  main            d.u.i.k.p.r.p.TestFile    Now processing file /home/runner/work/key/key/key.core/../key.ui/examples/InformationFlow/SimpleEvoting/simple_evoting.SMT(simple_evoting.SMT__send(simple_evoting.Message,int,simple_evoting.Server)).JML normal_behavior operation contract.0.key 
69077      WARN  main            d.u.i.k.n.ParsingFacade   /home/runner/work/key/key/key.core/../key.ui/examples/InformationFlow/SimpleEvoting/simple_evoting.SMT(simple_evoting.SMT__send(simple_evoting.Message,int,simple_evoting.Server)).JML normal_behavior operation contract.0.key took 0 ms to parse. 
69081      WARN  main            d.u.i.k.n.ParsingFacade   Parsing time 643 ms. 
70619      WARN  main            d.u.i.k.n.ParsingFacade   file:/home/runner/work/key/key/key.core/build/resources/main/de/uka/ilkd/key/java/JavaRedux/java/lang/String.key took 1 ms to parse. 
70620      WARN  main            d.u.i.k.n.ParsingFacade   Parsing time 644 ms. 
73717      WARN  main            d.u.i.k.n.ParsingFacade   /home/runner/work/key/key/key.core/../key.ui/examples/InformationFlow/SimpleEvoting/simple_evoting.SMT(simple_evoting.SMT__send(simple_evoting.Message,int,simple_evoting.Server)).JML normal_behavior operation contract.0.key took 0 ms to parse. 
73717      WARN  main            d.u.i.k.n.ParsingFacade   Parsing time 644 ms. 
86398      INFO  main            d.u.i.k.p.r.p.TestFile    ... finished proof: closed. 
86707      INFO  main            d.u.i.k.p.r.p.TestFile    Now processing file /home/runner/work/key/key/key.core/../key.ui/examples/InformationFlow/SimpleEvoting/simple_evoting.Message(java.lang.Object___inv_()).JML accessible clause.0.key 
86707      WARN  main            d.u.i.k.n.ParsingFacade   /home/runner/work/key/key/key.core/../key.ui/examples/InformationFlow/SimpleEvoting/simple_evoting.Message(java.lang.Object___inv_()).JML accessible clause.0.key took 0 ms to parse. 
86707      WARN  main            d.u.i.k.n.ParsingFacade   Parsing time 644 ms. 
88281      WARN  main            d.u.i.k.n.ParsingFacade   file:/home/runner/work/key/key/key.core/build/resources/main/de/uka/ilkd/key/java/JavaRedux/java/lang/String.key took 4 ms to parse. 
88282      WARN  main            d.u.i.k.n.ParsingFacade   Parsing time 648 ms. 
91412      WARN  main            d.u.i.k.n.ParsingFacade   /home/runner/work/key/key/key.core/../key.ui/examples/InformationFlow/SimpleEvoting/simple_evoting.Message(java.lang.Object___inv_()).JML accessible clause.0.key took 0 ms to parse. 
91414      WARN  main            d.u.i.k.n.ParsingFacade   Parsing time 648 ms. 
91718      INFO  main            d.u.i.k.p.r.p.TestFile    ... finished proof: closed. 
91949      INFO  main            d.u.i.k.p.r.p.TestFile    Now processing file /home/runner/work/key/key/key.core/../key.ui/examples/InformationFlow/SimpleEvoting/simple_evoting.Server(simple_evoting.Server__resultReady()).JML accessible clause.0.key 
91950      WARN  main            d.u.i.k.n.ParsingFacade   /home/runner/work/key/key/key.core/../key.ui/examples/InformationFlow/SimpleEvoting/simple_evoting.Server(simple_evoting.Server__resultReady()).JML accessible clause.0.key took 0 ms to parse. 
91950      WARN  main            d.u.i.k.n.ParsingFacade   Parsing time 648 ms. 
93491      WARN  main            d.u.i.k.n.ParsingFacade   file:/home/runner/work/key/key/key.core/build/resources/main/de/uka/ilkd/key/java/JavaRedux/java/lang/String.key took 2 ms to parse. 
93491      WARN  main            d.u.i.k.n.ParsingFacade   Parsing time 650 ms. 
96560      WARN  main            d.u.i.k.n.ParsingFacade   /home/runner/work/key/key/key.core/../key.ui/examples/InformationFlow/SimpleEvoting/simple_evoting.Server(simple_evoting.Server__resultReady()).JML accessible clause.0.key took 0 ms to parse. 
96561      WARN  main            d.u.i.k.n.ParsingFacade   Parsing time 650 ms. 
99004      INFO  main            d.u.i.k.p.r.p.TestFile    ... finished proof: closed. 
99419      INFO  main            d.u.i.k.p.r.p.TestFile    Now processing file /home/runner/work/key/key/key.core/../key.ui/examples/InformationFlow/SimpleEvoting/simple_evoting.Server(simple_evoting.Server__resultReady()).JML normal_behavior operation contract.0.key 
99420      WARN  main            d.u.i.k.n.ParsingFacade   /home/runner/work/key/key/key.core/../key.ui/examples/InformationFlow/SimpleEvoting/simple_evoting.Server(simple_evoting.Server__resultReady()).JML normal_behavior operation contract.0.key took 0 ms to parse. 
99420      WARN  main            d.u.i.k.n.ParsingFacade   Parsing time 650 ms. 
101005     WARN  main            d.u.i.k.n.ParsingFacade   file:/home/runner/work/key/key/key.core/build/resources/main/de/uka/ilkd/key/java/JavaRedux/java/lang/String.key took 6 ms to parse. 
101007     WARN  main            d.u.i.k.n.ParsingFacade   Parsing time 656 ms. 
104102     WARN  main            d.u.i.k.n.ParsingFacade   /home/runner/work/key/key/key.core/../key.ui/examples/InformationFlow/SimpleEvoting/simple_evoting.Server(simple_evoting.Server__resultReady()).JML normal_behavior operation contract.0.key took 0 ms to parse. 
104103     WARN  main            d.u.i.k.n.ParsingFacade   Parsing time 656 ms. 
105210     INFO  main            d.u.i.k.p.r.p.TestFile    ... finished proof: closed. 
105531     INFO  main            d.u.i.k.p.r.p.TestFile    Now processing file /home/runner/work/key/key/key.core/../key.ui/examples/InformationFlow/SimpleEvoting/simple_evoting.Server(simple_evoting.Server__onSendResult()).JML normal_behavior operation contract.0.key 
105532     WARN  main            d.u.i.k.n.ParsingFacade   /home/runner/work/key/key/key.core/../key.ui/examples/InformationFlow/SimpleEvoting/simple_evoting.Server(simple_evoting.Server__onSendResult()).JML normal_behavior operation contract.0.key took 0 ms to parse. 
105532     WARN  main            d.u.i.k.n.ParsingFacade   Parsing time 656 ms. 
107083     WARN  main            d.u.i.k.n.ParsingFacade   file:/home/runner/work/key/key/key.core/build/resources/main/de/uka/ilkd/key/java/JavaRedux/java/lang/String.key took 2 ms to parse. 
107083     WARN  main            d.u.i.k.n.ParsingFacade   Parsing time 658 ms. 
110199     WARN  main            d.u.i.k.n.ParsingFacade   /home/runner/work/key/key/key.core/../key.ui/examples/InformationFlow/SimpleEvoting/simple_evoting.Server(simple_evoting.Server__onSendResult()).JML normal_behavior operation contract.0.key took 0 ms to parse. 
110199     WARN  main            d.u.i.k.n.ParsingFacade   Parsing time 658 ms. 
110506     INFO  main            d.u.i.k.p.r.p.TestFile    ... finished proof: closed. 
110788     INFO  main            d.u.i.k.p.r.p.TestFile    Now processing file /home/runner/work/key/key/key.core/../key.ui/examples/InformationFlow/SimpleEvoting/simple_evoting.Server(simple_evoting.Server__onCollectBallot(simple_evoting.Message)).JML normal_behavior operation contract.1.key 
110788     WARN  main            d.u.i.k.n.ParsingFacade   /home/runner/work/key/key/key.core/../key.ui/examples/InformationFlow/SimpleEvoting/simple_evoting.Server(simple_evoting.Server__onCollectBallot(simple_evoting.Message)).JML normal_behavior operation contract.1.key took 0 ms to parse. 
110788     WARN  main            d.u.i.k.n.ParsingFacade   Parsing time 658 ms. 
112246     WARN  main            d.u.i.k.n.ParsingFacade   file:/home/runner/work/key/key/key.core/build/resources/main/de/uka/ilkd/key/java/JavaRedux/java/lang/String.key took 2 ms to parse. 
112246     WARN  main            d.u.i.k.n.ParsingFacade   Parsing time 660 ms. 
115254     WARN  main            d.u.i.k.n.ParsingFacade   /home/runner/work/key/key/key.core/../key.ui/examples/InformationFlow/SimpleEvoting/simple_evoting.Server(simple_evoting.Server__onCollectBallot(simple_evoting.Message)).JML normal_behavior operation contract.1.key took 0 ms to parse. 
115254     WARN  main            d.u.i.k.n.ParsingFacade   Parsing time 660 ms. 
115558     INFO  main            d.u.i.k.p.r.p.TestFile    ... finished proof: closed. 
115840     INFO  main            d.u.i.k.p.r.p.TestFile    Now processing file /home/runner/work/key/key/key.core/../key.ui/examples/InformationFlow/SimpleEvoting/simple_evoting.Server(simple_evoting.Server__onCollectBallot(simple_evoting.Message)).JML normal_behavior operation contract.0.key 
115840     WARN  main            d.u.i.k.n.ParsingFacade   /home/runner/work/key/key/key.core/../key.ui/examples/InformationFlow/SimpleEvoting/simple_evoting.Server(simple_evoting.Server__onCollectBallot(simple_evoting.Message)).JML normal_behavior operation contract.0.key took 0 ms to parse. 
115841     WARN  main            d.u.i.k.n.ParsingFacade   Parsing time 660 ms. 
117307     WARN  main            d.u.i.k.n.ParsingFacade   file:/home/runner/work/key/key/key.core/build/resources/main/de/uka/ilkd/key/java/JavaRedux/java/lang/String.key took 1 ms to parse. 
117308     WARN  main            d.u.i.k.n.ParsingFacade   Parsing time 661 ms. 
120310     WARN  main            d.u.i.k.n.ParsingFacade   /home/runner/work/key/key/key.core/../key.ui/examples/InformationFlow/SimpleEvoting/simple_evoting.Server(simple_evoting.Server__onCollectBallot(simple_evoting.Message)).JML normal_behavior operation contract.0.key took 1 ms to parse. 
120310     WARN  main            d.u.i.k.n.ParsingFacade   Parsing time 662 ms. 
121315     INFO  main            d.u.i.k.p.r.p.TestFile    ... finished proof: closed. 
121627     INFO  main            d.u.i.k.p.r.p.TestFile    Now processing file /home/runner/work/key/key/key.core/../key.ui/examples/InformationFlow/SimpleEvoting/simple_evoting.Server(java.lang.Object___inv_()).JML accessible clause.0.key 
121628     WARN  main            d.u.i.k.n.ParsingFacade   /home/runner/work/key/key/key.core/../key.ui/examples/InformationFlow/SimpleEvoting/simple_evoting.Server(java.lang.Object___inv_()).JML accessible clause.0.key took 0 ms to parse. 
121628     WARN  main            d.u.i.k.n.ParsingFacade   Parsing time 662 ms. 
123094     WARN  main            d.u.i.k.n.ParsingFacade   file:/home/runner/work/key/key/key.core/build/resources/main/de/uka/ilkd/key/java/JavaRedux/java/lang/String.key took 1 ms to parse. 
123095     WARN  main            d.u.i.k.n.ParsingFacade   Parsing time 663 ms. 
125997     WARN  main            d.u.i.k.n.ParsingFacade   /home/runner/work/key/key/key.core/../key.ui/examples/InformationFlow/SimpleEvoting/simple_evoting.Server(java.lang.Object___inv_()).JML accessible clause.0.key took 0 ms to parse. 
125997     WARN  main            d.u.i.k.n.ParsingFacade   Parsing time 663 ms. 
126303     INFO  main            d.u.i.k.p.r.p.TestFile    ... finished proof: closed. 
126583     INFO  main            d.u.i.k.p.r.p.TestFile    Now processing file /home/runner/work/key/key/key.core/../key.ui/examples/InformationFlow/SimpleEvoting/simple_evoting.SMTEnv(simple_evoting.SMTEnv__send(int,int,int,simple_evoting.Server,int)).JML normal_behavior operation contract.0.key 
126584     WARN  main            d.u.i.k.n.ParsingFacade   /home/runner/work/key/key/key.core/../key.ui/examples/InformationFlow/SimpleEvoting/simple_evoting.SMTEnv(simple_evoting.SMTEnv__send(int,int,int,simple_evoting.Server,int)).JML normal_behavior operation contract.0.key took 0 ms to parse. 
126585     WARN  main            d.u.i.k.n.ParsingFacade   Parsing time 663 ms. 
128054     WARN  main            d.u.i.k.n.ParsingFacade   file:/home/runner/work/key/key/key.core/build/resources/main/de/uka/ilkd/key/java/JavaRedux/java/lang/String.key took 2 ms to parse. 
128055     WARN  main            d.u.i.k.n.ParsingFacade   Parsing time 665 ms. 
131039     WARN  main            d.u.i.k.n.ParsingFacade   /home/runner/work/key/key/key.core/../key.ui/examples/InformationFlow/SimpleEvoting/simple_evoting.SMTEnv(simple_evoting.SMTEnv__send(int,int,int,simple_evoting.Server,int)).JML normal_behavior operation contract.0.key took 0 ms to parse. 
131040     WARN  main            d.u.i.k.n.ParsingFacade   Parsing time 665 ms. 
131543     INFO  main            d.u.i.k.p.r.p.TestFile    ... finished proof: closed. 
131802     INFO  main            d.u.i.k.p.r.p.TestFile    Now processing file /home/runner/work/key/key/key.core/../key.ui/examples/InformationFlow/SimpleEvoting/simple_evoting.NetworkClient(simple_evoting.NetworkClient__send((B,simple_evoting.Server,int)).JML normal_behavior operation contract.0.key 
131802     WARN  main            d.u.i.k.n.ParsingFacade   /home/runner/work/key/key/key.core/../key.ui/examples/InformationFlow/SimpleEvoting/simple_evoting.NetworkClient(simple_evoting.NetworkClient__send((B,simple_evoting.Server,int)).JML normal_behavior operation contract.0.key took 0 ms to parse. 
131802     WARN  main            d.u.i.k.n.ParsingFacade   Parsing time 665 ms. 
133281     WARN  main            d.u.i.k.n.ParsingFacade   file:/home/runner/work/key/key/key.core/build/resources/main/de/uka/ilkd/key/java/JavaRedux/java/lang/String.key took 2 ms to parse. 
133282     WARN  main            d.u.i.k.n.ParsingFacade   Parsing time 667 ms. 
136197     WARN  main            d.u.i.k.n.ParsingFacade   /home/runner/work/key/key/key.core/../key.ui/examples/InformationFlow/SimpleEvoting/simple_evoting.NetworkClient(simple_evoting.NetworkClient__send((B,simple_evoting.Server,int)).JML normal_behavior operation contract.0.key took 0 ms to parse. 
136197     WARN  main            d.u.i.k.n.ParsingFacade   Parsing time 667 ms. 
136400     INFO  main            d.u.i.k.p.r.p.TestFile    ... finished proof: closed. 
136659     INFO  main            d.u.i.k.p.r.p.TestFile    Now processing file /home/runner/work/key/key/key.core/../key.ui/examples/InformationFlow/SimpleEvoting/simple_evoting.Setup(simple_evoting.Setup__publishResult()).JML normal_behavior operation contract.0.key 
136659     WARN  main            d.u.i.k.n.ParsingFacade   /home/runner/work/key/key/key.core/../key.ui/examples/InformationFlow/SimpleEvoting/simple_evoting.Setup(simple_evoting.Setup__publishResult()).JML normal_behavior operation contract.0.key took 0 ms to parse. 
136660     WARN  main            d.u.i.k.n.ParsingFacade   Parsing time 667 ms. 
138177     WARN  main            d.u.i.k.n.ParsingFacade   file:/home/runner/work/key/key/key.core/build/resources/main/de/uka/ilkd/key/java/JavaRedux/java/lang/String.key took 1 ms to parse. 
138178     WARN  main            d.u.i.k.n.ParsingFacade   Parsing time 668 ms. 
141208     WARN  main            d.u.i.k.n.ParsingFacade   /home/runner/work/key/key/key.core/../key.ui/examples/InformationFlow/SimpleEvoting/simple_evoting.Setup(simple_evoting.Setup__publishResult()).JML normal_behavior operation contract.0.key took 0 ms to parse. 
141209     WARN  main            d.u.i.k.n.ParsingFacade   Parsing time 668 ms. 
142214     INFO  main            d.u.i.k.p.r.p.TestFile    ... finished proof: closed. 
142472     INFO  main            d.u.i.k.p.r.p.TestFile    Now processing file /home/runner/work/key/key/key.core/../key.ui/examples/InformationFlow/SimpleEvoting/simple_evoting.Setup(simple_evoting.Setup__main()).JML normal_behavior operation contract.0.key 
142475     WARN  main            d.u.i.k.n.ParsingFacade   /home/runner/work/key/key/key.core/../key.ui/examples/InformationFlow/SimpleEvoting/simple_evoting.Setup(simple_evoting.Setup__main()).JML normal_behavior operation contract.0.key took 0 ms to parse. 
142475     WARN  main            d.u.i.k.n.ParsingFacade   Parsing time 668 ms. 
143934     WARN  main            d.u.i.k.n.ParsingFacade   file:/home/runner/work/key/key/key.core/build/resources/main/de/uka/ilkd/key/java/JavaRedux/java/lang/String.key took 2 ms to parse. 
143934     WARN  main            d.u.i.k.n.ParsingFacade   Parsing time 670 ms. 
147017     WARN  main            d.u.i.k.n.ParsingFacade   /home/runner/work/key/key/key.core/../key.ui/examples/InformationFlow/SimpleEvoting/simple_evoting.Setup(simple_evoting.Setup__main()).JML normal_behavior operation contract.0.key took 0 ms to parse. 
147017     WARN  main            d.u.i.k.n.ParsingFacade   Parsing time 670 ms. 
196949     INFO  main            d.u.i.k.p.r.p.TestFile    ... finished proof: open goal(s) 
197375     INFO  main            d.u.i.k.p.r.p.TestFile    Now processing file /home/runner/work/key/key/key.core/../key.ui/examples/InformationFlow/SimpleEvoting/simple_evoting.Setup(java.lang.Object___inv_()).JML accessible clause.0.key 
197376     WARN  main            d.u.i.k.n.ParsingFacade   /home/runner/work/key/key/key.core/../key.ui/examples/InformationFlow/SimpleEvoting/simple_evoting.Setup(java.lang.Object___inv_()).JML accessible clause.0.key took 0 ms to parse. 
197377     WARN  main            d.u.i.k.n.ParsingFacade   Parsing time 670 ms. 
198873     WARN  main            d.u.i.k.n.ParsingFacade   file:/home/runner/work/key/key/key.core/build/resources/main/de/uka/ilkd/key/java/JavaRedux/java/lang/String.key took 2 ms to parse. 
198875     WARN  main            d.u.i.k.n.ParsingFacade   Parsing time 672 ms. 
201918     WARN  main            d.u.i.k.n.ParsingFacade   /home/runner/work/key/key/key.core/../key.ui/examples/InformationFlow/SimpleEvoting/simple_evoting.Setup(java.lang.Object___inv_()).JML accessible clause.0.key took 0 ms to parse. 
201919     WARN  main            d.u.i.k.n.ParsingFacade   Parsing time 672 ms. 
207570     INFO  main            d.u.i.k.p.r.p.TestFile    ... finished proof: closed. 
208089     INFO  main            d.u.i.k.p.r.p.TestFile    Now processing file /home/runner/work/key/key/key.core/../key.ui/examples/InformationFlow/SimpleEvoting/simple_evoting.Voter(simple_evoting.Voter__onSendBallot(simple_evoting.Server)).JML normal_behavior operation contract.1.key 
208089     WARN  main            d.u.i.k.n.ParsingFacade   /home/runner/work/key/key/key.core/../key.ui/examples/InformationFlow/SimpleEvoting/simple_evoting.Voter(simple_evoting.Voter__onSendBallot(simple_evoting.Server)).JML normal_behavior operation contract.1.key took 0 ms to parse. 
208089     WARN  main            d.u.i.k.n.ParsingFacade   Parsing time 672 ms. 
209618     WARN  main            d.u.i.k.n.ParsingFacade   file:/home/runner/work/key/key/key.core/build/resources/main/de/uka/ilkd/key/java/JavaRedux/java/lang/String.key took 1 ms to parse. 
209619     WARN  main            d.u.i.k.n.ParsingFacade   Parsing time 673 ms. 
212582     WARN  main            d.u.i.k.n.ParsingFacade   /home/runner/work/key/key/key.core/../key.ui/examples/InformationFlow/SimpleEvoting/simple_evoting.Voter(simple_evoting.Voter__onSendBallot(simple_evoting.Server)).JML normal_behavior operation contract.1.key took 1 ms to parse. 
212582     WARN  main            d.u.i.k.n.ParsingFacade   Parsing time 674 ms. 
219113     INFO  main            d.u.i.k.p.r.p.TestFile    ... finished proof: closed. 
219475     INFO  main            d.u.i.k.p.r.p.TestFile    Now processing file /home/runner/work/key/key/key.core/../key.ui/examples/InformationFlow/SimpleEvoting/simple_evoting.Voter(simple_evoting.Voter__onSendBallot(simple_evoting.Server)).JML normal_behavior operation contract.0.key 
219476     WARN  main            d.u.i.k.n.ParsingFacade   /home/runner/work/key/key/key.core/../key.ui/examples/InformationFlow/SimpleEvoting/simple_evoting.Voter(simple_evoting.Voter__onSendBallot(simple_evoting.Server)).JML normal_behavior operation contract.0.key took 0 ms to parse. 
219476     WARN  main            d.u.i.k.n.ParsingFacade   Parsing time 674 ms. 
220947     WARN  main            d.u.i.k.n.ParsingFacade   file:/home/runner/work/key/key/key.core/build/resources/main/de/uka/ilkd/key/java/JavaRedux/java/lang/String.key took 1 ms to parse. 
220947     WARN  main            d.u.i.k.n.ParsingFacade   Parsing time 675 ms. 
223902     WARN  main            d.u.i.k.n.ParsingFacade   /home/runner/work/key/key/key.core/../key.ui/examples/InformationFlow/SimpleEvoting/simple_evoting.Voter(simple_evoting.Voter__onSendBallot(simple_evoting.Server)).JML normal_behavior operation contract.0.key took 0 ms to parse. 
223903     WARN  main            d.u.i.k.n.ParsingFacade   Parsing time 675 ms. 
234914     INFO  main            d.u.i.k.p.r.p.TestFile    ... finished proof: closed. 
235271     INFO  main            d.u.i.k.p.r.p.TestFile    Now processing file /home/runner/work/key/key/key.core/../key.ui/examples/InformationFlow/SimpleEvoting/simple_evoting.Voter(java.lang.Object___inv_()).JML accessible clause.0.key 
235272     WARN  main            d.u.i.k.n.ParsingFacade   /home/runner/work/key/key/key.core/../key.ui/examples/InformationFlow/SimpleEvoting/simple_evoting.Voter(java.lang.Object___inv_()).JML accessible clause.0.key took 0 ms to parse. 
235272     WARN  main            d.u.i.k.n.ParsingFacade   Parsing time 675 ms. 
236729     WARN  main            d.u.i.k.n.ParsingFacade   file:/home/runner/work/key/key/key.core/build/resources/main/de/uka/ilkd/key/java/JavaRedux/java/lang/String.key took 1 ms to parse. 
236730     WARN  main            d.u.i.k.n.ParsingFacade   Parsing time 676 ms. 
239694     WARN  main            d.u.i.k.n.ParsingFacade   /home/runner/work/key/key/key.core/../key.ui/examples/InformationFlow/SimpleEvoting/simple_evoting.Voter(java.lang.Object___inv_()).JML accessible clause.0.key took 0 ms to parse. 
239695     WARN  main            d.u.i.k.n.ParsingFacade   Parsing time 676 ms. 
239897     INFO  main            d.u.i.k.p.r.p.TestFile    ... finished proof: closed. 
879880     INFO  Test worker     d.u.i.k.p.r.RunAllProofsTestUnit Returning from test SimpleEvoting 
879882     INFO  Test worker     d.u.i.k.p.r.RunAllProofsTestUnit Running test ToyVoting_nomacro 
525        INFO  Timeout watchdog d.u.i.k.p.r.p.ForkedTestFileRunner Timeout watcher launched (1000 secs.) 
565        WARN  main            d.u.i.k.s.ProofSettings   The settings in /home/runner/.key/proof-settings.props are *not* read. 
596        INFO  main            d.u.i.k.p.r.p.TestFile    Now processing file /home/runner/work/key/key/key.core/../key.ui/examples/InformationFlow/ToyVoting/Voter(Voter__insecure_voting()).Non-interference contract.0.key 
912        WARN  main            d.u.i.k.n.ParsingFacade   /home/runner/work/key/key/key.core/../key.ui/examples/InformationFlow/ToyVoting/Voter(Voter__insecure_voting()).Non-interference contract.0.key took 24 ms to parse. 
913        WARN  main            d.u.i.k.n.ParsingFacade   Parsing time 24 ms. 
1167       WARN  main            d.u.i.k.n.ParsingFacade   file:/home/runner/work/key/key/key.core/build/resources/main/de/uka/ilkd/key/proof/rules/standardRules.key took 18 ms to parse. 
1168       WARN  main            d.u.i.k.n.ParsingFacade   Parsing time 42 ms. 
1183       WARN  main            d.u.i.k.n.ParsingFacade   file:/home/runner/work/key/key/key.core/build/resources/main/de/uka/ilkd/key/proof/rules/ldt.key took 1 ms to parse. 
1184       WARN  main            d.u.i.k.n.ParsingFacade   Parsing time 43 ms. 
1192       WARN  main            d.u.i.k.n.ParsingFacade   file:/home/runner/work/key/key/key.core/build/resources/main/de/uka/ilkd/key/proof/rules/boolean.key took 4 ms to parse. 
1193       WARN  main            d.u.i.k.n.ParsingFacade   Parsing time 47 ms. 
1229       WARN  main            d.u.i.k.n.ParsingFacade   file:/home/runner/work/key/key/key.core/build/resources/main/de/uka/ilkd/key/proof/rules/ruleSetsDeclarations.key took 16 ms to parse. 
1230       WARN  main            d.u.i.k.n.ParsingFacade   Parsing time 63 ms. 
1289       WARN  main            d.u.i.k.n.ParsingFacade   file:/home/runner/work/key/key/key.core/build/resources/main/de/uka/ilkd/key/proof/rules/integerHeader.key took 10 ms to parse. 
1292       WARN  main            d.u.i.k.n.ParsingFacade   Parsing time 73 ms. 
1295       WARN  main            d.u.i.k.n.ParsingFacade   file:/home/runner/work/key/key/key.core/build/resources/main/de/uka/ilkd/key/proof/rules/floatHeader.key took 2 ms to parse. 
1298       WARN  main            d.u.i.k.n.ParsingFacade   Parsing time 75 ms. 
1304       WARN  main            d.u.i.k.n.ParsingFacade   file:/home/runner/work/key/key/key.core/build/resources/main/de/uka/ilkd/key/proof/rules/heap.key took 3 ms to parse. 
1305       WARN  main            d.u.i.k.n.ParsingFacade   Parsing time 78 ms. 
1312       WARN  main            d.u.i.k.n.ParsingFacade   file:/home/runner/work/key/key/key.core/build/resources/main/de/uka/ilkd/key/proof/rules/locSets.key took 0 ms to parse. 
1313       WARN  main            d.u.i.k.n.ParsingFacade   Parsing time 78 ms. 
1316       WARN  main            d.u.i.k.n.ParsingFacade   file:/home/runner/work/key/key/key.core/build/resources/main/de/uka/ilkd/key/proof/rules/permission.key took 2 ms to parse. 
1317       WARN  main            d.u.i.k.n.ParsingFacade   Parsing time 80 ms. 
1318       WARN  main            d.u.i.k.n.ParsingFacade   file:/home/runner/work/key/key/key.core/build/resources/main/de/uka/ilkd/key/proof/rules/reach.key took 0 ms to parse. 
1318       WARN  main            d.u.i.k.n.ParsingFacade   Parsing time 80 ms. 
1319       WARN  main            d.u.i.k.n.ParsingFacade   file:/home/runner/work/key/key/key.core/build/resources/main/de/uka/ilkd/key/proof/rules/seq.key took 0 ms to parse. 
1320       WARN  main            d.u.i.k.n.ParsingFacade   Parsing time 80 ms. 
1368       WARN  main            d.u.i.k.n.ParsingFacade   file:/home/runner/work/key/key/key.core/build/resources/main/de/uka/ilkd/key/proof/rules/map.key took 40 ms to parse. 
1368       WARN  main            d.u.i.k.n.ParsingFacade   Parsing time 120 ms. 
1369       WARN  main            d.u.i.k.n.ParsingFacade   file:/home/runner/work/key/key/key.core/build/resources/main/de/uka/ilkd/key/proof/rules/freeADT.key took 0 ms to parse. 
1370       WARN  main            d.u.i.k.n.ParsingFacade   Parsing time 120 ms. 
1370       WARN  main            d.u.i.k.n.ParsingFacade   file:/home/runner/work/key/key/key.core/build/resources/main/de/uka/ilkd/key/proof/rules/wellfound.key took 0 ms to parse. 
1370       WARN  main            d.u.i.k.n.ParsingFacade   Parsing time 120 ms. 
1371       WARN  main            d.u.i.k.n.ParsingFacade   file:/home/runner/work/key/key/key.core/build/resources/main/de/uka/ilkd/key/proof/rules/charListHeader.key took 0 ms to parse. 
1371       WARN  main            d.u.i.k.n.ParsingFacade   Parsing time 120 ms. 
1546       WARN  main            d.u.i.k.n.ParsingFacade   file:/home/runner/work/key/key/key.core/build/resources/main/de/uka/ilkd/key/proof/rules/propRule.key took 15 ms to parse. 
1546       WARN  main            d.u.i.k.n.ParsingFacade   Parsing time 135 ms. 
1600       WARN  main            d.u.i.k.n.ParsingFacade   file:/home/runner/work/key/key/key.core/build/resources/main/de/uka/ilkd/key/proof/rules/firstOrderRules.key took 5 ms to parse. 
1601       WARN  main            d.u.i.k.n.ParsingFacade   Parsing time 140 ms. 
1625       WARN  main            d.u.i.k.n.ParsingFacade   file:/home/runner/work/key/key/key.core/build/resources/main/de/uka/ilkd/key/proof/rules/ifThenElseRules.key took 7 ms to parse. 
1626       WARN  main            d.u.i.k.n.ParsingFacade   Parsing time 147 ms. 
1677       WARN  main            d.u.i.k.n.ParsingFacade   file:/home/runner/work/key/key/key.core/build/resources/main/de/uka/ilkd/key/proof/rules/formulaNormalisationRules.key took 28 ms to parse. 
1681       WARN  main            d.u.i.k.n.ParsingFacade   Parsing time 175 ms. 
1891       WARN  main            d.u.i.k.n.ParsingFacade   file:/home/runner/work/key/key/key.core/build/resources/main/de/uka/ilkd/key/proof/rules/updateRules.key took 7 ms to parse. 
1895       WARN  main            d.u.i.k.n.ParsingFacade   Parsing time 182 ms. 
1913       WARN  main            d.u.i.k.n.ParsingFacade   file:/home/runner/work/key/key/key.core/build/resources/main/de/uka/ilkd/key/proof/rules/integerRulesCommon.key took 2 ms to parse. 
1913       WARN  main            d.u.i.k.n.ParsingFacade   Parsing time 184 ms. 
2130       WARN  main            d.u.i.k.n.ParsingFacade   file:/home/runner/work/key/key/key.core/build/resources/main/de/uka/ilkd/key/proof/rules/intRules.key took 4 ms to parse. 
2131       WARN  main            d.u.i.k.n.ParsingFacade   Parsing time 188 ms. 
2166       WARN  main            d.u.i.k.n.ParsingFacade   file:/home/runner/work/key/key/key.core/build/resources/main/de/uka/ilkd/key/proof/rules/intRulesUncheckedSemantics.key took 3 ms to parse. 
2167       WARN  main            d.u.i.k.n.ParsingFacade   Parsing time 191 ms. 
2183       WARN  main            d.u.i.k.n.ParsingFacade   file:/home/runner/work/key/key/key.core/build/resources/main/de/uka/ilkd/key/proof/rules/intRulesCheckedSemantics.key took 7 ms to parse. 
2188       WARN  main            d.u.i.k.n.ParsingFacade   Parsing time 198 ms. 
2203       WARN  main            d.u.i.k.n.ParsingFacade   file:/home/runner/work/key/key/key.core/build/resources/main/de/uka/ilkd/key/proof/rules/intRulesJavaSemantics.key took 2 ms to parse. 
2207       WARN  main            d.u.i.k.n.ParsingFacade   Parsing time 200 ms. 
2283       WARN  main            d.u.i.k.n.ParsingFacade   file:/home/runner/work/key/key/key.core/build/resources/main/de/uka/ilkd/key/proof/rules/integerSimplificationRules.key took 50 ms to parse. 
2284       WARN  main            d.u.i.k.n.ParsingFacade   Parsing time 250 ms. 
2450       WARN  main            d.u.i.k.n.ParsingFacade   file:/home/runner/work/key/key/key.core/build/resources/main/de/uka/ilkd/key/proof/rules/intDiv.key took 6 ms to parse. 
2451       WARN  main            d.u.i.k.n.ParsingFacade   Parsing time 256 ms. 
2510       WARN  main            d.u.i.k.n.ParsingFacade   file:/home/runner/work/key/key/key.core/build/resources/main/de/uka/ilkd/key/proof/rules/bsum.key took 24 ms to parse. 
2511       WARN  main            d.u.i.k.n.ParsingFacade   Parsing time 280 ms. 
2592       WARN  main            d.u.i.k.n.ParsingFacade   file:/home/runner/work/key/key/key.core/build/resources/main/de/uka/ilkd/key/proof/rules/bprod.key took 2 ms to parse. 
2593       WARN  main            d.u.i.k.n.ParsingFacade   Parsing time 282 ms. 
2605       WARN  main            d.u.i.k.n.ParsingFacade   file:/home/runner/work/key/key/key.core/build/resources/main/de/uka/ilkd/key/proof/rules/binaryAxioms.key took 1 ms to parse. 
2605       WARN  main            d.u.i.k.n.ParsingFacade   Parsing time 283 ms. 
2610       WARN  main            d.u.i.k.n.ParsingFacade   file:/home/runner/work/key/key/key.core/build/resources/main/de/uka/ilkd/key/proof/rules/binaryLemmas.key took 1 ms to parse. 
2611       WARN  main            d.u.i.k.n.ParsingFacade   Parsing time 284 ms. 
2617       WARN  main            d.u.i.k.n.ParsingFacade   file:/home/runner/work/key/key/key.core/build/resources/main/de/uka/ilkd/key/proof/rules/intPow.key took 2 ms to parse. 
2618       WARN  main            d.u.i.k.n.ParsingFacade   Parsing time 286 ms. 
2630       WARN  main            d.u.i.k.n.ParsingFacade   file:/home/runner/work/key/key/key.core/build/resources/main/de/uka/ilkd/key/proof/rules/floatRulesCommon.key took 4 ms to parse. 
2631       WARN  main            d.u.i.k.n.ParsingFacade   Parsing time 290 ms. 
2645       WARN  main            d.u.i.k.n.ParsingFacade   file:/home/runner/work/key/key/key.core/build/resources/main/de/uka/ilkd/key/proof/rules/floatRules.key took 0 ms to parse. 
2646       WARN  main            d.u.i.k.n.ParsingFacade   Parsing time 290 ms. 
2647       WARN  main            d.u.i.k.n.ParsingFacade   file:/home/runner/work/key/key/key.core/build/resources/main/de/uka/ilkd/key/proof/rules/floatRulesVerifyNormal.key took 0 ms to parse. 
2648       WARN  main            d.u.i.k.n.ParsingFacade   Parsing time 290 ms. 
2651       WARN  main            d.u.i.k.n.ParsingFacade   file:/home/runner/work/key/key/key.core/build/resources/main/de/uka/ilkd/key/proof/rules/floatRulesAssumeStrictfp.key took 2 ms to parse. 
2652       WARN  main            d.u.i.k.n.ParsingFacade   Parsing time 292 ms. 
2676       WARN  main            d.u.i.k.n.ParsingFacade   file:/home/runner/work/key/key/key.core/build/resources/main/de/uka/ilkd/key/proof/rules/genericRules.key took 2 ms to parse. 
2677       WARN  main            d.u.i.k.n.ParsingFacade   Parsing time 294 ms. 
2688       WARN  main            d.u.i.k.n.ParsingFacade   file:/home/runner/work/key/key/key.core/build/resources/main/de/uka/ilkd/key/proof/rules/booleanRules.key took 1 ms to parse. 
2689       WARN  main            d.u.i.k.n.ParsingFacade   Parsing time 295 ms. 
2693       WARN  main            d.u.i.k.n.ParsingFacade   file:/home/runner/work/key/key/key.core/build/resources/main/de/uka/ilkd/key/proof/rules/epsilon.key took 1 ms to parse. 
2693       WARN  main            d.u.i.k.n.ParsingFacade   Parsing time 296 ms. 
2704       WARN  main            d.u.i.k.n.ParsingFacade   file:/home/runner/work/key/key/key.core/build/resources/main/de/uka/ilkd/key/proof/rules/locSetsRules.key took 8 ms to parse. 
2705       WARN  main            d.u.i.k.n.ParsingFacade   Parsing time 304 ms. 
2777       WARN  main            d.u.i.k.n.ParsingFacade   file:/home/runner/work/key/key/key.core/build/resources/main/de/uka/ilkd/key/proof/rules/heapRules.key took 10 ms to parse. 
2777       WARN  main            d.u.i.k.n.ParsingFacade   Parsing time 314 ms. 
2816       WARN  main            d.u.i.k.n.ParsingFacade   file:/home/runner/work/key/key/key.core/build/resources/main/de/uka/ilkd/key/proof/rules/permissionRules.key took 5 ms to parse. 
2816       WARN  main            d.u.i.k.n.ParsingFacade   Parsing time 319 ms. 
2836       WARN  main            d.u.i.k.n.ParsingFacade   file:/home/runner/work/key/key/key.core/build/resources/main/de/uka/ilkd/key/proof/rules/reachRules.key took 3 ms to parse. 
2837       WARN  main            d.u.i.k.n.ParsingFacade   Parsing time 322 ms. 
2877       WARN  main            d.u.i.k.n.ParsingFacade   file:/home/runner/work/key/key/key.core/build/resources/main/de/uka/ilkd/key/proof/rules/seqCoreRules.key took 9 ms to parse. 
2878       WARN  main            d.u.i.k.n.ParsingFacade   Parsing time 331 ms. 
2902       WARN  main            d.u.i.k.n.ParsingFacade   file:/home/runner/work/key/key/key.core/build/resources/main/de/uka/ilkd/key/proof/rules/seqRules.key took 10 ms to parse. 
2903       WARN  main            d.u.i.k.n.ParsingFacade   Parsing time 341 ms. 
3015       WARN  main            d.u.i.k.n.ParsingFacade   file:/home/runner/work/key/key/key.core/build/resources/main/de/uka/ilkd/key/proof/rules/seqPerm.key took 6 ms to parse. 
3016       WARN  main            d.u.i.k.n.ParsingFacade   Parsing time 347 ms. 
3036       WARN  main            d.u.i.k.n.ParsingFacade   file:/home/runner/work/key/key/key.core/build/resources/main/de/uka/ilkd/key/proof/rules/seqPerm2.key took 1 ms to parse. 
3036       WARN  main            d.u.i.k.n.ParsingFacade   Parsing time 348 ms. 
3104       WARN  main            d.u.i.k.n.ParsingFacade   file:/home/runner/work/key/key/key.core/build/resources/main/de/uka/ilkd/key/proof/rules/javaRules.key took 60 ms to parse. 
3105       WARN  main            d.u.i.k.n.ParsingFacade   Parsing time 408 ms. 
3115       WARN  main            d.u.i.k.n.ParsingFacade   file:/home/runner/work/key/key/key.core/build/resources/main/de/uka/ilkd/key/proof/rules/assertions.key took 2 ms to parse. 
3115       WARN  main            d.u.i.k.n.ParsingFacade   Parsing time 410 ms. 
3960       WARN  main            d.u.i.k.n.ParsingFacade   file:/home/runner/work/key/key/key.core/build/resources/main/de/uka/ilkd/key/proof/rules/loopRules.key took 2 ms to parse. 
3960       WARN  main            d.u.i.k.n.ParsingFacade   Parsing time 412 ms. 
3972       WARN  main            d.u.i.k.n.ParsingFacade   file:/home/runner/work/key/key/key.core/build/resources/main/de/uka/ilkd/key/proof/rules/activeUse.key took 2 ms to parse. 
3972       WARN  main            d.u.i.k.n.ParsingFacade   Parsing time 414 ms. 
4019       WARN  main            d.u.i.k.n.ParsingFacade   file:/home/runner/work/key/key/key.core/build/resources/main/de/uka/ilkd/key/proof/rules/instanceAllocation.key took 5 ms to parse. 
4019       WARN  main            d.u.i.k.n.ParsingFacade   Parsing time 419 ms. 
4033       WARN  main            d.u.i.k.n.ParsingFacade   file:/home/runner/work/key/key/key.core/build/resources/main/de/uka/ilkd/key/proof/rules/java5.key took 0 ms to parse. 
4034       WARN  main            d.u.i.k.n.ParsingFacade   Parsing time 419 ms. 
4042       WARN  main            d.u.i.k.n.ParsingFacade   file:/home/runner/work/key/key/key.core/build/resources/main/de/uka/ilkd/key/proof/rules/integerAssignment2UpdateRules.key took 4 ms to parse. 
4042       WARN  main            d.u.i.k.n.ParsingFacade   Parsing time 423 ms. 
4107       WARN  main            d.u.i.k.n.ParsingFacade   file:/home/runner/work/key/key/key.core/build/resources/main/de/uka/ilkd/key/proof/rules/floatAssignment2UpdateRules.key took 11 ms to parse. 
4107       WARN  main            d.u.i.k.n.ParsingFacade   Parsing time 434 ms. 
4200       WARN  main            d.u.i.k.n.ParsingFacade   file:/home/runner/work/key/key/key.core/build/resources/main/de/uka/ilkd/key/proof/rules/bigint.key took 1 ms to parse. 
4201       WARN  main            d.u.i.k.n.ParsingFacade   Parsing time 435 ms. 
4217       WARN  main            d.u.i.k.n.ParsingFacade   file:/home/runner/work/key/key/key.core/build/resources/main/de/uka/ilkd/key/proof/rules/adtProgramDecompositionRules.key took 2 ms to parse. 
4218       WARN  main            d.u.i.k.n.ParsingFacade   Parsing time 437 ms. 
4260       WARN  main            d.u.i.k.n.ParsingFacade   file:/home/runner/work/key/key/key.core/build/resources/main/de/uka/ilkd/key/proof/rules/precRules.key took 1 ms to parse. 
4261       WARN  main            d.u.i.k.n.ParsingFacade   Parsing time 438 ms. 
4273       WARN  main            d.u.i.k.n.ParsingFacade   file:/home/runner/work/key/key/key.core/build/resources/main/de/uka/ilkd/key/proof/rules/charListRules.key took 6 ms to parse. 
4274       WARN  main            d.u.i.k.n.ParsingFacade   Parsing time 444 ms. 
4285       WARN  main            d.u.i.k.n.ParsingFacade   file:/home/runner/work/key/key/key.core/build/resources/main/de/uka/ilkd/key/proof/rules/regExTheory.key took 0 ms to parse. 
4285       WARN  main            d.u.i.k.n.ParsingFacade   Parsing time 444 ms. 
4286       WARN  main            d.u.i.k.n.ParsingFacade   file:/home/runner/work/key/key/key.core/build/resources/main/de/uka/ilkd/key/proof/rules/regExHeader.key took 0 ms to parse. 
4286       WARN  main            d.u.i.k.n.ParsingFacade   Parsing time 444 ms. 
4288       WARN  main            d.u.i.k.n.ParsingFacade   file:/home/runner/work/key/key/key.core/build/resources/main/de/uka/ilkd/key/proof/rules/regExAxioms.key took 1 ms to parse. 
4288       WARN  main            d.u.i.k.n.ParsingFacade   Parsing time 445 ms. 
4292       WARN  main            d.u.i.k.n.ParsingFacade   file:/home/runner/work/key/key/key.core/build/resources/main/de/uka/ilkd/key/proof/rules/regExLemmaProven.key took 1 ms to parse. 
4292       WARN  main            d.u.i.k.n.ParsingFacade   Parsing time 446 ms. 
4297       WARN  main            d.u.i.k.n.ParsingFacade   file:/home/runner/work/key/key/key.core/build/resources/main/de/uka/ilkd/key/proof/rules/seqEq.key took 1 ms to parse. 
4297       WARN  main            d.u.i.k.n.ParsingFacade   Parsing time 447 ms. 
4303       WARN  main            d.u.i.k.n.ParsingFacade   file:/home/runner/work/key/key/key.core/build/resources/main/de/uka/ilkd/key/proof/rules/infFlow.key took 2 ms to parse. 
4303       WARN  main            d.u.i.k.n.ParsingFacade   Parsing time 449 ms. 
4307       WARN  main            d.u.i.k.n.ParsingFacade   file:/home/runner/work/key/key/key.core/build/resources/main/de/uka/ilkd/key/proof/rules/mapSize.key took 0 ms to parse. 
4308       WARN  main            d.u.i.k.n.ParsingFacade   Parsing time 449 ms. 
4310       WARN  main            d.u.i.k.n.ParsingFacade   file:/home/runner/work/key/key/key.core/build/resources/main/de/uka/ilkd/key/proof/rules/wd.key took 0 ms to parse. 
4310       WARN  main            d.u.i.k.n.ParsingFacade   Parsing time 449 ms. 
4312       WARN  main            d.u.i.k.n.ParsingFacade   file:/home/runner/work/key/key/key.core/build/resources/main/de/uka/ilkd/key/proof/rules/wdHeader.key took 0 ms to parse. 
4312       WARN  main            d.u.i.k.n.ParsingFacade   Parsing time 449 ms. 
4314       WARN  main            d.u.i.k.n.ParsingFacade   file:/home/runner/work/key/key/key.core/build/resources/main/de/uka/ilkd/key/proof/rules/wdGeneralRules.key took 1 ms to parse. 
4314       WARN  main            d.u.i.k.n.ParsingFacade   Parsing time 450 ms. 
4322       WARN  main            d.u.i.k.n.ParsingFacade   file:/home/runner/work/key/key/key.core/build/resources/main/de/uka/ilkd/key/proof/rules/wdNumericalRules.key took 4 ms to parse. 
4322       WARN  main            d.u.i.k.n.ParsingFacade   Parsing time 454 ms. 
4339       WARN  main            d.u.i.k.n.ParsingFacade   file:/home/runner/work/key/key/key.core/build/resources/main/de/uka/ilkd/key/proof/rules/wdLocSetRules.key took 1 ms to parse. 
4339       WARN  main            d.u.i.k.n.ParsingFacade   Parsing time 455 ms. 
4345       WARN  main            d.u.i.k.n.ParsingFacade   file:/home/runner/work/key/key/key.core/build/resources/main/de/uka/ilkd/key/proof/rules/wdHeapRules.key took 1 ms to parse. 
4345       WARN  main            d.u.i.k.n.ParsingFacade   Parsing time 456 ms. 
4348       WARN  main            d.u.i.k.n.ParsingFacade   file:/home/runner/work/key/key/key.core/build/resources/main/de/uka/ilkd/key/proof/rules/wdReachRules.key took 0 ms to parse. 
4348       WARN  main            d.u.i.k.n.ParsingFacade   Parsing time 456 ms. 
4350       WARN  main            d.u.i.k.n.ParsingFacade   file:/home/runner/work/key/key/key.core/build/resources/main/de/uka/ilkd/key/proof/rules/wdSeqRules.key took 1 ms to parse. 
4350       WARN  main            d.u.i.k.n.ParsingFacade   Parsing time 457 ms. 
4355       WARN  main            d.u.i.k.n.ParsingFacade   file:/home/runner/work/key/key/key.core/build/resources/main/de/uka/ilkd/key/proof/rules/wdStringRules.key took 1 ms to parse. 
4355       WARN  main            d.u.i.k.n.ParsingFacade   Parsing time 458 ms. 
4358       WARN  main            d.u.i.k.n.ParsingFacade   file:/home/runner/work/key/key/key.core/build/resources/main/de/uka/ilkd/key/proof/rules/wdRegExRules.key took 0 ms to parse. 
4358       WARN  main            d.u.i.k.n.ParsingFacade   Parsing time 458 ms. 
4367       WARN  main            d.u.i.k.n.ParsingFacade   file:/home/runner/work/key/key/key.core/build/resources/main/de/uka/ilkd/key/proof/rules/wdFormulaRules.key took 5 ms to parse. 
4368       WARN  main            d.u.i.k.n.ParsingFacade   Parsing time 463 ms. 
4429       WARN  main            d.u.i.k.n.ParsingFacade   file:/home/runner/work/key/key/key.core/build/resources/main/de/uka/ilkd/key/proof/rules/loopInvariantRules.key took 0 ms to parse. 
4430       WARN  main            d.u.i.k.n.ParsingFacade   Parsing time 463 ms. 
4433       WARN  main            d.u.i.k.n.ParsingFacade   file:/home/runner/work/key/key/key.core/build/resources/main/de/uka/ilkd/key/proof/rules/forLoopRules.key took 1 ms to parse. 
4433       WARN  main            d.u.i.k.n.ParsingFacade   Parsing time 464 ms. 
4443       WARN  main            d.u.i.k.n.ParsingFacade   file:/home/runner/work/key/key/key.core/build/resources/main/de/uka/ilkd/key/proof/rules/execRules.key took 5 ms to parse. 
4443       WARN  main            d.u.i.k.n.ParsingFacade   Parsing time 469 ms. 
4549       WARN  main            d.u.i.k.n.ParsingFacade   file:/home/runner/work/key/key/key.core/build/resources/main/de/uka/ilkd/key/proof/rules/loopScopeRules.key took 3 ms to parse. 
4550       WARN  main            d.u.i.k.n.ParsingFacade   Parsing time 472 ms. 
8992       WARN  main            d.u.i.k.n.ParsingFacade   file:/home/runner/work/key/key/key.core/build/resources/main/de/uka/ilkd/key/java/JavaRedux/java/lang/String.key took 6 ms to parse. 
8992       WARN  main            d.u.i.k.n.ParsingFacade   Parsing time 478 ms. 
12963      WARN  main            d.u.i.k.n.ParsingFacade   /home/runner/work/key/key/key.core/../key.ui/examples/InformationFlow/ToyVoting/Voter(Voter__insecure_voting()).Non-interference contract.0.key took 0 ms to parse. 
12963      WARN  main            d.u.i.k.n.ParsingFacade   Parsing time 478 ms. 
32886      INFO  main            d.u.i.k.p.r.p.TestFile    ... finished proof: open goal(s) 
33208      INFO  main            d.u.i.k.p.r.p.TestFile    Now processing file /home/runner/work/key/key/key.core/../key.ui/examples/InformationFlow/ToyVoting/Voter(Voter__publishVoterParticipation()).Non-interference contract.0.key 
33219      WARN  main            d.u.i.k.n.ParsingFacade   /home/runner/work/key/key/key.core/../key.ui/examples/InformationFlow/ToyVoting/Voter(Voter__publishVoterParticipation()).Non-interference contract.0.key took 1 ms to parse. 
33221      WARN  main            d.u.i.k.n.ParsingFacade   Parsing time 479 ms. 
34610      WARN  main            d.u.i.k.n.ParsingFacade   file:/home/runner/work/key/key/key.core/build/resources/main/de/uka/ilkd/key/java/JavaRedux/java/lang/String.key took 2 ms to parse. 
34610      WARN  main            d.u.i.k.n.ParsingFacade   Parsing time 481 ms. 
37389      WARN  main            d.u.i.k.n.ParsingFacade   /home/runner/work/key/key/key.core/../key.ui/examples/InformationFlow/ToyVoting/Voter(Voter__publishVoterParticipation()).Non-interference contract.0.key took 0 ms to parse. 
37390      WARN  main            d.u.i.k.n.ParsingFacade   Parsing time 481 ms. 
37794      INFO  main            d.u.i.k.p.r.p.TestFile    ... finished proof: closed. 
38076      INFO  main            d.u.i.k.p.r.p.TestFile    Now processing file /home/runner/work/key/key/key.core/../key.ui/examples/InformationFlow/ToyVoting/Voter(Voter__isValid(int)).Non-interference contract.0.key 
38077      WARN  main            d.u.i.k.n.ParsingFacade   /home/runner/work/key/key/key.core/../key.ui/examples/InformationFlow/ToyVoting/Voter(Voter__isValid(int)).Non-interference contract.0.key took 0 ms to parse. 
38077      WARN  main            d.u.i.k.n.ParsingFacade   Parsing time 481 ms. 
39416      WARN  main            d.u.i.k.n.ParsingFacade   file:/home/runner/work/key/key/key.core/build/resources/main/de/uka/ilkd/key/java/JavaRedux/java/lang/String.key took 1 ms to parse. 
39416      WARN  main            d.u.i.k.n.ParsingFacade   Parsing time 482 ms. 
42067      WARN  main            d.u.i.k.n.ParsingFacade   /home/runner/work/key/key/key.core/../key.ui/examples/InformationFlow/ToyVoting/Voter(Voter__isValid(int)).Non-interference contract.0.key took 0 ms to parse. 
42068      WARN  main            d.u.i.k.n.ParsingFacade   Parsing time 482 ms. 
42672      INFO  main            d.u.i.k.p.r.p.TestFile    ... finished proof: closed. 
42916      INFO  main            d.u.i.k.p.r.p.TestFile    Now processing file /home/runner/work/key/key/key.core/../key.ui/examples/InformationFlow/ToyVoting/Voter(Voter__sendVote(int)).Non-interference contract.0.key 
42917      WARN  main            d.u.i.k.n.ParsingFacade   /home/runner/work/key/key/key.core/../key.ui/examples/InformationFlow/ToyVoting/Voter(Voter__sendVote(int)).Non-interference contract.0.key took 0 ms to parse. 
42918      WARN  main            d.u.i.k.n.ParsingFacade   Parsing time 482 ms. 
44356      WARN  main            d.u.i.k.n.ParsingFacade   file:/home/runner/work/key/key/key.core/build/resources/main/de/uka/ilkd/key/java/JavaRedux/java/lang/String.key took 2 ms to parse. 
44359      WARN  main            d.u.i.k.n.ParsingFacade   Parsing time 484 ms. 
47200      WARN  main            d.u.i.k.n.ParsingFacade   /home/runner/work/key/key/key.core/../key.ui/examples/InformationFlow/ToyVoting/Voter(Voter__sendVote(int)).Non-interference contract.0.key took 0 ms to parse. 
47201      WARN  main            d.u.i.k.n.ParsingFacade   Parsing time 484 ms. 
47705      INFO  main            d.u.i.k.p.r.p.TestFile    ... finished proof: closed. 
47900      INFO  main            d.u.i.k.p.r.p.TestFile    Now processing file /home/runner/work/key/key/key.core/../key.ui/examples/InformationFlow/ToyVoting/Voter(Voter__inputVote()).Non-interference contract.0.key 
47901      WARN  main            d.u.i.k.n.ParsingFacade   /home/runner/work/key/key/key.core/../key.ui/examples/InformationFlow/ToyVoting/Voter(Voter__inputVote()).Non-interference contract.0.key took 0 ms to parse. 
47901      WARN  main            d.u.i.k.n.ParsingFacade   Parsing time 484 ms. 
49252      WARN  main            d.u.i.k.n.ParsingFacade   file:/home/runner/work/key/key/key.core/build/resources/main/de/uka/ilkd/key/java/JavaRedux/java/lang/String.key took 1 ms to parse. 
49253      WARN  main            d.u.i.k.n.ParsingFacade   Parsing time 485 ms. 
51783      WARN  main            d.u.i.k.n.ParsingFacade   /home/runner/work/key/key/key.core/../key.ui/examples/InformationFlow/ToyVoting/Voter(Voter__inputVote()).Non-interference contract.0.key took 0 ms to parse. 
51784      WARN  main            d.u.i.k.n.ParsingFacade   Parsing time 485 ms. 
52087      INFO  main            d.u.i.k.p.r.p.TestFile    ... finished proof: closed. 
932499     INFO  Test worker     d.u.i.k.p.r.RunAllProofsTestUnit Returning from test ToyVoting_nomacro 
932500     INFO  Test worker     d.u.i.k.p.r.RunAllProofsTestUnit Running test ConditionalConfidential_nomacro 
932501     INFO  Test worker     d.u.i.k.p.r.RunAllProofsTestUnit Returning from test ConditionalConfidential_nomacro 
932506     INFO  Test worker     d.u.i.k.p.r.RunAllProofsTestUnit Running test SumExample_nomacro 
623        INFO  Timeout watchdog d.u.i.k.p.r.p.ForkedTestFileRunner Timeout watcher launched (1000 secs.) 
666        WARN  main            d.u.i.k.s.ProofSettings   The settings in /home/runner/.key/proof-settings.props are *not* read. 
716        INFO  main            d.u.i.k.p.r.p.TestFile    Now processing file /home/runner/work/key/key/key.core/../key.ui/examples/InformationFlow/Sum/SumExample(SumExample__getSum()).Non-interference contract.0.key 
1122       WARN  main            d.u.i.k.n.ParsingFacade   /home/runner/work/key/key/key.core/../key.ui/examples/InformationFlow/Sum/SumExample(SumExample__getSum()).Non-interference contract.0.key took 31 ms to parse. 
1122       WARN  main            d.u.i.k.n.ParsingFacade   Parsing time 31 ms. 
1353       WARN  main            d.u.i.k.n.ParsingFacade   file:/home/runner/work/key/key/key.core/build/resources/main/de/uka/ilkd/key/proof/rules/standardRules.key took 20 ms to parse. 
1353       WARN  main            d.u.i.k.n.ParsingFacade   Parsing time 51 ms. 
1370       WARN  main            d.u.i.k.n.ParsingFacade   file:/home/runner/work/key/key/key.core/build/resources/main/de/uka/ilkd/key/proof/rules/ldt.key took 2 ms to parse. 
1370       WARN  main            d.u.i.k.n.ParsingFacade   Parsing time 53 ms. 
1378       WARN  main            d.u.i.k.n.ParsingFacade   file:/home/runner/work/key/key/key.core/build/resources/main/de/uka/ilkd/key/proof/rules/boolean.key took 4 ms to parse. 
1378       WARN  main            d.u.i.k.n.ParsingFacade   Parsing time 57 ms. 
1415       WARN  main            d.u.i.k.n.ParsingFacade   file:/home/runner/work/key/key/key.core/build/resources/main/de/uka/ilkd/key/proof/rules/ruleSetsDeclarations.key took 17 ms to parse. 
1417       WARN  main            d.u.i.k.n.ParsingFacade   Parsing time 74 ms. 
1472       WARN  main            d.u.i.k.n.ParsingFacade   file:/home/runner/work/key/key/key.core/build/resources/main/de/uka/ilkd/key/proof/rules/integerHeader.key took 7 ms to parse. 
1473       WARN  main            d.u.i.k.n.ParsingFacade   Parsing time 81 ms. 
1477       WARN  main            d.u.i.k.n.ParsingFacade   file:/home/runner/work/key/key/key.core/build/resources/main/de/uka/ilkd/key/proof/rules/floatHeader.key took 3 ms to parse. 
1477       WARN  main            d.u.i.k.n.ParsingFacade   Parsing time 84 ms. 
1484       WARN  main            d.u.i.k.n.ParsingFacade   file:/home/runner/work/key/key/key.core/build/resources/main/de/uka/ilkd/key/proof/rules/heap.key took 6 ms to parse. 
1485       WARN  main            d.u.i.k.n.ParsingFacade   Parsing time 90 ms. 
1491       WARN  main            d.u.i.k.n.ParsingFacade   file:/home/runner/work/key/key/key.core/build/resources/main/de/uka/ilkd/key/proof/rules/locSets.key took 0 ms to parse. 
1492       WARN  main            d.u.i.k.n.ParsingFacade   Parsing time 90 ms. 
1495       WARN  main            d.u.i.k.n.ParsingFacade   file:/home/runner/work/key/key/key.core/build/resources/main/de/uka/ilkd/key/proof/rules/permission.key took 2 ms to parse. 
1496       WARN  main            d.u.i.k.n.ParsingFacade   Parsing time 92 ms. 
1497       WARN  main            d.u.i.k.n.ParsingFacade   file:/home/runner/work/key/key/key.core/build/resources/main/de/uka/ilkd/key/proof/rules/reach.key took 0 ms to parse. 
1497       WARN  main            d.u.i.k.n.ParsingFacade   Parsing time 92 ms. 
1499       WARN  main            d.u.i.k.n.ParsingFacade   file:/home/runner/work/key/key/key.core/build/resources/main/de/uka/ilkd/key/proof/rules/seq.key took 1 ms to parse. 
1499       WARN  main            d.u.i.k.n.ParsingFacade   Parsing time 93 ms. 
1551       WARN  main            d.u.i.k.n.ParsingFacade   file:/home/runner/work/key/key/key.core/build/resources/main/de/uka/ilkd/key/proof/rules/map.key took 43 ms to parse. 
1551       WARN  main            d.u.i.k.n.ParsingFacade   Parsing time 136 ms. 
1553       WARN  main            d.u.i.k.n.ParsingFacade   file:/home/runner/work/key/key/key.core/build/resources/main/de/uka/ilkd/key/proof/rules/freeADT.key took 0 ms to parse. 
1553       WARN  main            d.u.i.k.n.ParsingFacade   Parsing time 136 ms. 
1554       WARN  main            d.u.i.k.n.ParsingFacade   file:/home/runner/work/key/key/key.core/build/resources/main/de/uka/ilkd/key/proof/rules/wellfound.key took 0 ms to parse. 
1555       WARN  main            d.u.i.k.n.ParsingFacade   Parsing time 136 ms. 
1556       WARN  main            d.u.i.k.n.ParsingFacade   file:/home/runner/work/key/key/key.core/build/resources/main/de/uka/ilkd/key/proof/rules/charListHeader.key took 0 ms to parse. 
1556       WARN  main            d.u.i.k.n.ParsingFacade   Parsing time 136 ms. 
1800       WARN  main            d.u.i.k.n.ParsingFacade   file:/home/runner/work/key/key/key.core/build/resources/main/de/uka/ilkd/key/proof/rules/propRule.key took 12 ms to parse. 
1800       WARN  main            d.u.i.k.n.ParsingFacade   Parsing time 148 ms. 
1835       WARN  main            d.u.i.k.n.ParsingFacade   file:/home/runner/work/key/key/key.core/build/resources/main/de/uka/ilkd/key/proof/rules/firstOrderRules.key took 5 ms to parse. 
1835       WARN  main            d.u.i.k.n.ParsingFacade   Parsing time 153 ms. 
1862       WARN  main            d.u.i.k.n.ParsingFacade   file:/home/runner/work/key/key/key.core/build/resources/main/de/uka/ilkd/key/proof/rules/ifThenElseRules.key took 8 ms to parse. 
1862       WARN  main            d.u.i.k.n.ParsingFacade   Parsing time 161 ms. 
1934       WARN  main            d.u.i.k.n.ParsingFacade   file:/home/runner/work/key/key/key.core/build/resources/main/de/uka/ilkd/key/proof/rules/formulaNormalisationRules.key took 31 ms to parse. 
1934       WARN  main            d.u.i.k.n.ParsingFacade   Parsing time 192 ms. 
2098       WARN  main            d.u.i.k.n.ParsingFacade   file:/home/runner/work/key/key/key.core/build/resources/main/de/uka/ilkd/key/proof/rules/updateRules.key took 8 ms to parse. 
2098       WARN  main            d.u.i.k.n.ParsingFacade   Parsing time 200 ms. 
2140       WARN  main            d.u.i.k.n.ParsingFacade   file:/home/runner/work/key/key/key.core/build/resources/main/de/uka/ilkd/key/proof/rules/integerRulesCommon.key took 11 ms to parse. 
2140       WARN  main            d.u.i.k.n.ParsingFacade   Parsing time 211 ms. 
2337       WARN  main            d.u.i.k.n.ParsingFacade   file:/home/runner/work/key/key/key.core/build/resources/main/de/uka/ilkd/key/proof/rules/intRules.key took 11 ms to parse. 
2337       WARN  main            d.u.i.k.n.ParsingFacade   Parsing time 222 ms. 
2377       WARN  main            d.u.i.k.n.ParsingFacade   file:/home/runner/work/key/key/key.core/build/resources/main/de/uka/ilkd/key/proof/rules/intRulesUncheckedSemantics.key took 11 ms to parse. 
2377       WARN  main            d.u.i.k.n.ParsingFacade   Parsing time 233 ms. 
2400       WARN  main            d.u.i.k.n.ParsingFacade   file:/home/runner/work/key/key/key.core/build/resources/main/de/uka/ilkd/key/proof/rules/intRulesCheckedSemantics.key took 9 ms to parse. 
2401       WARN  main            d.u.i.k.n.ParsingFacade   Parsing time 242 ms. 
2431       WARN  main            d.u.i.k.n.ParsingFacade   file:/home/runner/work/key/key/key.core/build/resources/main/de/uka/ilkd/key/proof/rules/intRulesJavaSemantics.key took 6 ms to parse. 
2431       WARN  main            d.u.i.k.n.ParsingFacade   Parsing time 248 ms. 
2536       WARN  main            d.u.i.k.n.ParsingFacade   file:/home/runner/work/key/key/key.core/build/resources/main/de/uka/ilkd/key/proof/rules/integerSimplificationRules.key took 85 ms to parse. 
2536       WARN  main            d.u.i.k.n.ParsingFacade   Parsing time 333 ms. 
2773       WARN  main            d.u.i.k.n.ParsingFacade   file:/home/runner/work/key/key/key.core/build/resources/main/de/uka/ilkd/key/proof/rules/intDiv.key took 6 ms to parse. 
2775       WARN  main            d.u.i.k.n.ParsingFacade   Parsing time 339 ms. 
2826       WARN  main            d.u.i.k.n.ParsingFacade   file:/home/runner/work/key/key/key.core/build/resources/main/de/uka/ilkd/key/proof/rules/bsum.key took 9 ms to parse. 
2827       WARN  main            d.u.i.k.n.ParsingFacade   Parsing time 348 ms. 
2896       WARN  main            d.u.i.k.n.ParsingFacade   file:/home/runner/work/key/key/key.core/build/resources/main/de/uka/ilkd/key/proof/rules/bprod.key took 3 ms to parse. 
2897       WARN  main            d.u.i.k.n.ParsingFacade   Parsing time 351 ms. 
2911       WARN  main            d.u.i.k.n.ParsingFacade   file:/home/runner/work/key/key/key.core/build/resources/main/de/uka/ilkd/key/proof/rules/binaryAxioms.key took 1 ms to parse. 
2912       WARN  main            d.u.i.k.n.ParsingFacade   Parsing time 352 ms. 
2917       WARN  main            d.u.i.k.n.ParsingFacade   file:/home/runner/work/key/key/key.core/build/resources/main/de/uka/ilkd/key/proof/rules/binaryLemmas.key took 1 ms to parse. 
2917       WARN  main            d.u.i.k.n.ParsingFacade   Parsing time 353 ms. 
2924       WARN  main            d.u.i.k.n.ParsingFacade   file:/home/runner/work/key/key/key.core/build/resources/main/de/uka/ilkd/key/proof/rules/intPow.key took 2 ms to parse. 
2925       WARN  main            d.u.i.k.n.ParsingFacade   Parsing time 355 ms. 
2939       WARN  main            d.u.i.k.n.ParsingFacade   file:/home/runner/work/key/key/key.core/build/resources/main/de/uka/ilkd/key/proof/rules/floatRulesCommon.key took 4 ms to parse. 
2940       WARN  main            d.u.i.k.n.ParsingFacade   Parsing time 359 ms. 
2958       WARN  main            d.u.i.k.n.ParsingFacade   file:/home/runner/work/key/key/key.core/build/resources/main/de/uka/ilkd/key/proof/rules/floatRules.key took 1 ms to parse. 
2958       WARN  main            d.u.i.k.n.ParsingFacade   Parsing time 360 ms. 
2961       WARN  main            d.u.i.k.n.ParsingFacade   file:/home/runner/work/key/key/key.core/build/resources/main/de/uka/ilkd/key/proof/rules/floatRulesVerifyNormal.key took 1 ms to parse. 
2961       WARN  main            d.u.i.k.n.ParsingFacade   Parsing time 361 ms. 
2965       WARN  main            d.u.i.k.n.ParsingFacade   file:/home/runner/work/key/key/key.core/build/resources/main/de/uka/ilkd/key/proof/rules/floatRulesAssumeStrictfp.key took 3 ms to parse. 
2966       WARN  main            d.u.i.k.n.ParsingFacade   Parsing time 364 ms. 
2991       WARN  main            d.u.i.k.n.ParsingFacade   file:/home/runner/work/key/key/key.core/build/resources/main/de/uka/ilkd/key/proof/rules/genericRules.key took 1 ms to parse. 
2992       WARN  main            d.u.i.k.n.ParsingFacade   Parsing time 365 ms. 
3006       WARN  main            d.u.i.k.n.ParsingFacade   file:/home/runner/work/key/key/key.core/build/resources/main/de/uka/ilkd/key/proof/rules/booleanRules.key took 0 ms to parse. 
3007       WARN  main            d.u.i.k.n.ParsingFacade   Parsing time 365 ms. 
3012       WARN  main            d.u.i.k.n.ParsingFacade   file:/home/runner/work/key/key/key.core/build/resources/main/de/uka/ilkd/key/proof/rules/epsilon.key took 0 ms to parse. 
3013       WARN  main            d.u.i.k.n.ParsingFacade   Parsing time 365 ms. 
3024       WARN  main            d.u.i.k.n.ParsingFacade   file:/home/runner/work/key/key/key.core/build/resources/main/de/uka/ilkd/key/proof/rules/locSetsRules.key took 8 ms to parse. 
3025       WARN  main            d.u.i.k.n.ParsingFacade   Parsing time 373 ms. 
3133       WARN  main            d.u.i.k.n.ParsingFacade   file:/home/runner/work/key/key/key.core/build/resources/main/de/uka/ilkd/key/proof/rules/heapRules.key took 12 ms to parse. 
3135       WARN  main            d.u.i.k.n.ParsingFacade   Parsing time 385 ms. 
3185       WARN  main            d.u.i.k.n.ParsingFacade   file:/home/runner/work/key/key/key.core/build/resources/main/de/uka/ilkd/key/proof/rules/permissionRules.key took 3 ms to parse. 
3186       WARN  main            d.u.i.k.n.ParsingFacade   Parsing time 388 ms. 
3204       WARN  main            d.u.i.k.n.ParsingFacade   file:/home/runner/work/key/key/key.core/build/resources/main/de/uka/ilkd/key/proof/rules/reachRules.key took 4 ms to parse. 
3205       WARN  main            d.u.i.k.n.ParsingFacade   Parsing time 392 ms. 
3221       WARN  main            d.u.i.k.n.ParsingFacade   file:/home/runner/work/key/key/key.core/build/resources/main/de/uka/ilkd/key/proof/rules/seqCoreRules.key took 0 ms to parse. 
3222       WARN  main            d.u.i.k.n.ParsingFacade   Parsing time 392 ms. 
3232       WARN  main            d.u.i.k.n.ParsingFacade   file:/home/runner/work/key/key/key.core/build/resources/main/de/uka/ilkd/key/proof/rules/seqRules.key took 6 ms to parse. 
3233       WARN  main            d.u.i.k.n.ParsingFacade   Parsing time 398 ms. 
3307       WARN  main            d.u.i.k.n.ParsingFacade   file:/home/runner/work/key/key/key.core/build/resources/main/de/uka/ilkd/key/proof/rules/seqPerm.key took 6 ms to parse. 
3307       WARN  main            d.u.i.k.n.ParsingFacade   Parsing time 404 ms. 
3330       WARN  main            d.u.i.k.n.ParsingFacade   file:/home/runner/work/key/key/key.core/build/resources/main/de/uka/ilkd/key/proof/rules/seqPerm2.key took 1 ms to parse. 
3331       WARN  main            d.u.i.k.n.ParsingFacade   Parsing time 405 ms. 
3375       WARN  main            d.u.i.k.n.ParsingFacade   file:/home/runner/work/key/key/key.core/build/resources/main/de/uka/ilkd/key/proof/rules/javaRules.key took 38 ms to parse. 
3375       WARN  main            d.u.i.k.n.ParsingFacade   Parsing time 443 ms. 
3384       WARN  main            d.u.i.k.n.ParsingFacade   file:/home/runner/work/key/key/key.core/build/resources/main/de/uka/ilkd/key/proof/rules/assertions.key took 1 ms to parse. 
3384       WARN  main            d.u.i.k.n.ParsingFacade   Parsing time 444 ms. 
4321       WARN  main            d.u.i.k.n.ParsingFacade   file:/home/runner/work/key/key/key.core/build/resources/main/de/uka/ilkd/key/proof/rules/loopRules.key took 3 ms to parse. 
4322       WARN  main            d.u.i.k.n.ParsingFacade   Parsing time 447 ms. 
4336       WARN  main            d.u.i.k.n.ParsingFacade   file:/home/runner/work/key/key/key.core/build/resources/main/de/uka/ilkd/key/proof/rules/activeUse.key took 2 ms to parse. 
4336       WARN  main            d.u.i.k.n.ParsingFacade   Parsing time 449 ms. 
4411       WARN  main            d.u.i.k.n.ParsingFacade   file:/home/runner/work/key/key/key.core/build/resources/main/de/uka/ilkd/key/proof/rules/instanceAllocation.key took 7 ms to parse. 
4412       WARN  main            d.u.i.k.n.ParsingFacade   Parsing time 456 ms. 
4430       WARN  main            d.u.i.k.n.ParsingFacade   file:/home/runner/work/key/key/key.core/build/resources/main/de/uka/ilkd/key/proof/rules/java5.key took 0 ms to parse. 
4431       WARN  main            d.u.i.k.n.ParsingFacade   Parsing time 456 ms. 
4440       WARN  main            d.u.i.k.n.ParsingFacade   file:/home/runner/work/key/key/key.core/build/resources/main/de/uka/ilkd/key/proof/rules/integerAssignment2UpdateRules.key took 3 ms to parse. 
4441       WARN  main            d.u.i.k.n.ParsingFacade   Parsing time 459 ms. 
4534       WARN  main            d.u.i.k.n.ParsingFacade   file:/home/runner/work/key/key/key.core/build/resources/main/de/uka/ilkd/key/proof/rules/floatAssignment2UpdateRules.key took 8 ms to parse. 
4535       WARN  main            d.u.i.k.n.ParsingFacade   Parsing time 467 ms. 
4564       WARN  main            d.u.i.k.n.ParsingFacade   file:/home/runner/work/key/key/key.core/build/resources/main/de/uka/ilkd/key/proof/rules/bigint.key took 5 ms to parse. 
4565       WARN  main            d.u.i.k.n.ParsingFacade   Parsing time 472 ms. 
4581       WARN  main            d.u.i.k.n.ParsingFacade   file:/home/runner/work/key/key/key.core/build/resources/main/de/uka/ilkd/key/proof/rules/adtProgramDecompositionRules.key took 2 ms to parse. 
4581       WARN  main            d.u.i.k.n.ParsingFacade   Parsing time 474 ms. 
4601       WARN  main            d.u.i.k.n.ParsingFacade   file:/home/runner/work/key/key/key.core/build/resources/main/de/uka/ilkd/key/proof/rules/precRules.key took 1 ms to parse. 
4602       WARN  main            d.u.i.k.n.ParsingFacade   Parsing time 475 ms. 
4618       WARN  main            d.u.i.k.n.ParsingFacade   file:/home/runner/work/key/key/key.core/build/resources/main/de/uka/ilkd/key/proof/rules/charListRules.key took 5 ms to parse. 
4620       WARN  main            d.u.i.k.n.ParsingFacade   Parsing time 480 ms. 
4650       WARN  main            d.u.i.k.n.ParsingFacade   file:/home/runner/work/key/key/key.core/build/resources/main/de/uka/ilkd/key/proof/rules/regExTheory.key took 0 ms to parse. 
4653       WARN  main            d.u.i.k.n.ParsingFacade   Parsing time 480 ms. 
4659       WARN  main            d.u.i.k.n.ParsingFacade   file:/home/runner/work/key/key/key.core/build/resources/main/de/uka/ilkd/key/proof/rules/regExHeader.key took 0 ms to parse. 
4661       WARN  main            d.u.i.k.n.ParsingFacade   Parsing time 480 ms. 
4670       WARN  main            d.u.i.k.n.ParsingFacade   file:/home/runner/work/key/key/key.core/build/resources/main/de/uka/ilkd/key/proof/rules/regExAxioms.key took 1 ms to parse. 
4676       WARN  main            d.u.i.k.n.ParsingFacade   Parsing time 481 ms. 
4686       WARN  main            d.u.i.k.n.ParsingFacade   file:/home/runner/work/key/key/key.core/build/resources/main/de/uka/ilkd/key/proof/rules/regExLemmaProven.key took 1 ms to parse. 
4687       WARN  main            d.u.i.k.n.ParsingFacade   Parsing time 482 ms. 
4693       WARN  main            d.u.i.k.n.ParsingFacade   file:/home/runner/work/key/key/key.core/build/resources/main/de/uka/ilkd/key/proof/rules/seqEq.key took 1 ms to parse. 
4694       WARN  main            d.u.i.k.n.ParsingFacade   Parsing time 483 ms. 
4701       WARN  main            d.u.i.k.n.ParsingFacade   file:/home/runner/work/key/key/key.core/build/resources/main/de/uka/ilkd/key/proof/rules/infFlow.key took 2 ms to parse. 
4701       WARN  main            d.u.i.k.n.ParsingFacade   Parsing time 485 ms. 
4707       WARN  main            d.u.i.k.n.ParsingFacade   file:/home/runner/work/key/key/key.core/build/resources/main/de/uka/ilkd/key/proof/rules/mapSize.key took 1 ms to parse. 
4708       WARN  main            d.u.i.k.n.ParsingFacade   Parsing time 486 ms. 
4713       WARN  main            d.u.i.k.n.ParsingFacade   file:/home/runner/work/key/key/key.core/build/resources/main/de/uka/ilkd/key/proof/rules/wd.key took 0 ms to parse. 
4714       WARN  main            d.u.i.k.n.ParsingFacade   Parsing time 486 ms. 
4725       WARN  main            d.u.i.k.n.ParsingFacade   file:/home/runner/work/key/key/key.core/build/resources/main/de/uka/ilkd/key/proof/rules/wdHeader.key took 1 ms to parse. 
4726       WARN  main            d.u.i.k.n.ParsingFacade   Parsing time 487 ms. 
4731       WARN  main            d.u.i.k.n.ParsingFacade   file:/home/runner/work/key/key/key.core/build/resources/main/de/uka/ilkd/key/proof/rules/wdGeneralRules.key took 2 ms to parse. 
4732       WARN  main            d.u.i.k.n.ParsingFacade   Parsing time 489 ms. 
4744       WARN  main            d.u.i.k.n.ParsingFacade   file:/home/runner/work/key/key/key.core/build/resources/main/de/uka/ilkd/key/proof/rules/wdNumericalRules.key took 4 ms to parse. 
4745       WARN  main            d.u.i.k.n.ParsingFacade   Parsing time 493 ms. 
4769       WARN  main            d.u.i.k.n.ParsingFacade   file:/home/runner/work/key/key/key.core/build/resources/main/de/uka/ilkd/key/proof/rules/wdLocSetRules.key took 1 ms to parse. 
4770       WARN  main            d.u.i.k.n.ParsingFacade   Parsing time 494 ms. 
4779       WARN  main            d.u.i.k.n.ParsingFacade   file:/home/runner/work/key/key/key.core/build/resources/main/de/uka/ilkd/key/proof/rules/wdHeapRules.key took 1 ms to parse. 
4780       WARN  main            d.u.i.k.n.ParsingFacade   Parsing time 495 ms. 
4787       WARN  main            d.u.i.k.n.ParsingFacade   file:/home/runner/work/key/key/key.core/build/resources/main/de/uka/ilkd/key/proof/rules/wdReachRules.key took 0 ms to parse. 
4789       WARN  main            d.u.i.k.n.ParsingFacade   Parsing time 495 ms. 
4794       WARN  main            d.u.i.k.n.ParsingFacade   file:/home/runner/work/key/key/key.core/build/resources/main/de/uka/ilkd/key/proof/rules/wdSeqRules.key took 1 ms to parse. 
4795       WARN  main            d.u.i.k.n.ParsingFacade   Parsing time 496 ms. 
4802       WARN  main            d.u.i.k.n.ParsingFacade   file:/home/runner/work/key/key/key.core/build/resources/main/de/uka/ilkd/key/proof/rules/wdStringRules.key took 0 ms to parse. 
4803       WARN  main            d.u.i.k.n.ParsingFacade   Parsing time 496 ms. 
4806       WARN  main            d.u.i.k.n.ParsingFacade   file:/home/runner/work/key/key/key.core/build/resources/main/de/uka/ilkd/key/proof/rules/wdRegExRules.key took 0 ms to parse. 
4806       WARN  main            d.u.i.k.n.ParsingFacade   Parsing time 496 ms. 
4820       WARN  main            d.u.i.k.n.ParsingFacade   file:/home/runner/work/key/key/key.core/build/resources/main/de/uka/ilkd/key/proof/rules/wdFormulaRules.key took 5 ms to parse. 
4820       WARN  main            d.u.i.k.n.ParsingFacade   Parsing time 501 ms. 
4834       WARN  main            d.u.i.k.n.ParsingFacade   file:/home/runner/work/key/key/key.core/build/resources/main/de/uka/ilkd/key/proof/rules/loopInvariantRules.key took 1 ms to parse. 
4834       WARN  main            d.u.i.k.n.ParsingFacade   Parsing time 502 ms. 
4836       WARN  main            d.u.i.k.n.ParsingFacade   file:/home/runner/work/key/key/key.core/build/resources/main/de/uka/ilkd/key/proof/rules/forLoopRules.key took 0 ms to parse. 
4837       WARN  main            d.u.i.k.n.ParsingFacade   Parsing time 502 ms. 
4842       WARN  main            d.u.i.k.n.ParsingFacade   file:/home/runner/work/key/key/key.core/build/resources/main/de/uka/ilkd/key/proof/rules/execRules.key took 3 ms to parse. 
4842       WARN  main            d.u.i.k.n.ParsingFacade   Parsing time 505 ms. 
4964       WARN  main            d.u.i.k.n.ParsingFacade   file:/home/runner/work/key/key/key.core/build/resources/main/de/uka/ilkd/key/proof/rules/loopScopeRules.key took 2 ms to parse. 
4965       WARN  main            d.u.i.k.n.ParsingFacade   Parsing time 507 ms. 
8894       WARN  main            d.u.i.k.n.ParsingFacade   file:/home/runner/work/key/key/key.core/build/resources/main/de/uka/ilkd/key/java/JavaRedux/java/lang/String.key took 6 ms to parse. 
8894       WARN  main            d.u.i.k.n.ParsingFacade   Parsing time 513 ms. 
12636      WARN  main            d.u.i.k.n.ParsingFacade   /home/runner/work/key/key/key.core/../key.ui/examples/InformationFlow/Sum/SumExample(SumExample__getSum()).Non-interference contract.0.key took 1 ms to parse. 
12636      WARN  main            d.u.i.k.n.ParsingFacade   Parsing time 514 ms. 
17524      INFO  main            d.u.i.k.p.r.p.TestFile    ... finished proof: closed. 
950494     INFO  Test worker     d.u.i.k.p.r.RunAllProofsTestUnit Returning from test SumExample_nomacro 
950497     INFO  Test worker     d.u.i.k.p.r.RunAllProofsTestUnit Running test ToyBanking_nomacro 
618        INFO  Timeout watchdog d.u.i.k.p.r.p.ForkedTestFileRunner Timeout watcher launched (1000 secs.) 
649        WARN  main            d.u.i.k.s.ProofSettings   The settings in /home/runner/.key/proof-settings.props are *not* read. 
678        INFO  main            d.u.i.k.p.r.p.TestFile    Now processing file /home/runner/work/key/key/key.core/../key.ui/examples/InformationFlow/ToyBanking/banking_example.UserAccount(banking_example.UserAccount__getBankAccount(int)).Non-interference contract.0.key 
967        WARN  main            d.u.i.k.n.ParsingFacade   /home/runner/work/key/key/key.core/../key.ui/examples/InformationFlow/ToyBanking/banking_example.UserAccount(banking_example.UserAccount__getBankAccount(int)).Non-interference contract.0.key took 14 ms to parse. 
968        WARN  main            d.u.i.k.n.ParsingFacade   Parsing time 14 ms. 
1181       WARN  main            d.u.i.k.n.ParsingFacade   file:/home/runner/work/key/key/key.core/build/resources/main/de/uka/ilkd/key/proof/rules/standardRules.key took 36 ms to parse. 
1183       WARN  main            d.u.i.k.n.ParsingFacade   Parsing time 50 ms. 
1220       WARN  main            d.u.i.k.n.ParsingFacade   file:/home/runner/work/key/key/key.core/build/resources/main/de/uka/ilkd/key/proof/rules/ldt.key took 6 ms to parse. 
1221       WARN  main            d.u.i.k.n.ParsingFacade   Parsing time 56 ms. 
1234       WARN  main            d.u.i.k.n.ParsingFacade   file:/home/runner/work/key/key/key.core/build/resources/main/de/uka/ilkd/key/proof/rules/boolean.key took 3 ms to parse. 
1235       WARN  main            d.u.i.k.n.ParsingFacade   Parsing time 59 ms. 
1278       WARN  main            d.u.i.k.n.ParsingFacade   file:/home/runner/work/key/key/key.core/build/resources/main/de/uka/ilkd/key/proof/rules/ruleSetsDeclarations.key took 14 ms to parse. 
1281       WARN  main            d.u.i.k.n.ParsingFacade   Parsing time 73 ms. 
1364       WARN  main            d.u.i.k.n.ParsingFacade   file:/home/runner/work/key/key/key.core/build/resources/main/de/uka/ilkd/key/proof/rules/integerHeader.key took 18 ms to parse. 
1364       WARN  main            d.u.i.k.n.ParsingFacade   Parsing time 91 ms. 
1374       WARN  main            d.u.i.k.n.ParsingFacade   file:/home/runner/work/key/key/key.core/build/resources/main/de/uka/ilkd/key/proof/rules/floatHeader.key took 2 ms to parse. 
1375       WARN  main            d.u.i.k.n.ParsingFacade   Parsing time 93 ms. 
1385       WARN  main            d.u.i.k.n.ParsingFacade   file:/home/runner/work/key/key/key.core/build/resources/main/de/uka/ilkd/key/proof/rules/heap.key took 3 ms to parse. 
1386       WARN  main            d.u.i.k.n.ParsingFacade   Parsing time 96 ms. 
1391       WARN  main            d.u.i.k.n.ParsingFacade   file:/home/runner/work/key/key/key.core/build/resources/main/de/uka/ilkd/key/proof/rules/locSets.key took 0 ms to parse. 
1391       WARN  main            d.u.i.k.n.ParsingFacade   Parsing time 96 ms. 
1393       WARN  main            d.u.i.k.n.ParsingFacade   file:/home/runner/work/key/key/key.core/build/resources/main/de/uka/ilkd/key/proof/rules/permission.key took 1 ms to parse. 
1393       WARN  main            d.u.i.k.n.ParsingFacade   Parsing time 97 ms. 
1394       WARN  main            d.u.i.k.n.ParsingFacade   file:/home/runner/work/key/key/key.core/build/resources/main/de/uka/ilkd/key/proof/rules/reach.key took 0 ms to parse. 
1394       WARN  main            d.u.i.k.n.ParsingFacade   Parsing time 97 ms. 
1395       WARN  main            d.u.i.k.n.ParsingFacade   file:/home/runner/work/key/key/key.core/build/resources/main/de/uka/ilkd/key/proof/rules/seq.key took 0 ms to parse. 
1395       WARN  main            d.u.i.k.n.ParsingFacade   Parsing time 97 ms. 
1434       WARN  main            d.u.i.k.n.ParsingFacade   file:/home/runner/work/key/key/key.core/build/resources/main/de/uka/ilkd/key/proof/rules/map.key took 38 ms to parse. 
1434       WARN  main            d.u.i.k.n.ParsingFacade   Parsing time 135 ms. 
1436       WARN  main            d.u.i.k.n.ParsingFacade   file:/home/runner/work/key/key/key.core/build/resources/main/de/uka/ilkd/key/proof/rules/freeADT.key took 0 ms to parse. 
1436       WARN  main            d.u.i.k.n.ParsingFacade   Parsing time 135 ms. 
1438       WARN  main            d.u.i.k.n.ParsingFacade   file:/home/runner/work/key/key/key.core/build/resources/main/de/uka/ilkd/key/proof/rules/wellfound.key took 0 ms to parse. 
1438       WARN  main            d.u.i.k.n.ParsingFacade   Parsing time 135 ms. 
1440       WARN  main            d.u.i.k.n.ParsingFacade   file:/home/runner/work/key/key/key.core/build/resources/main/de/uka/ilkd/key/proof/rules/charListHeader.key took 1 ms to parse. 
1440       WARN  main            d.u.i.k.n.ParsingFacade   Parsing time 136 ms. 
1659       WARN  main            d.u.i.k.n.ParsingFacade   file:/home/runner/work/key/key/key.core/build/resources/main/de/uka/ilkd/key/proof/rules/propRule.key took 6 ms to parse. 
1659       WARN  main            d.u.i.k.n.ParsingFacade   Parsing time 142 ms. 
1691       WARN  main            d.u.i.k.n.ParsingFacade   file:/home/runner/work/key/key/key.core/build/resources/main/de/uka/ilkd/key/proof/rules/firstOrderRules.key took 4 ms to parse. 
1691       WARN  main            d.u.i.k.n.ParsingFacade   Parsing time 146 ms. 
1716       WARN  main            d.u.i.k.n.ParsingFacade   file:/home/runner/work/key/key/key.core/build/resources/main/de/uka/ilkd/key/proof/rules/ifThenElseRules.key took 7 ms to parse. 
1725       WARN  main            d.u.i.k.n.ParsingFacade   Parsing time 153 ms. 
1810       WARN  main            d.u.i.k.n.ParsingFacade   file:/home/runner/work/key/key/key.core/build/resources/main/de/uka/ilkd/key/proof/rules/formulaNormalisationRules.key took 34 ms to parse. 
1813       WARN  main            d.u.i.k.n.ParsingFacade   Parsing time 187 ms. 
1928       WARN  main            d.u.i.k.n.ParsingFacade   file:/home/runner/work/key/key/key.core/build/resources/main/de/uka/ilkd/key/proof/rules/updateRules.key took 15 ms to parse. 
1928       WARN  main            d.u.i.k.n.ParsingFacade   Parsing time 202 ms. 
1960       WARN  main            d.u.i.k.n.ParsingFacade   file:/home/runner/work/key/key/key.core/build/resources/main/de/uka/ilkd/key/proof/rules/integerRulesCommon.key took 2 ms to parse. 
1960       WARN  main            d.u.i.k.n.ParsingFacade   Parsing time 204 ms. 
2160       WARN  main            d.u.i.k.n.ParsingFacade   file:/home/runner/work/key/key/key.core/build/resources/main/de/uka/ilkd/key/proof/rules/intRules.key took 4 ms to parse. 
2160       WARN  main            d.u.i.k.n.ParsingFacade   Parsing time 208 ms. 
2205       WARN  main            d.u.i.k.n.ParsingFacade   file:/home/runner/work/key/key/key.core/build/resources/main/de/uka/ilkd/key/proof/rules/intRulesUncheckedSemantics.key took 10 ms to parse. 
2205       WARN  main            d.u.i.k.n.ParsingFacade   Parsing time 218 ms. 
2228       WARN  main            d.u.i.k.n.ParsingFacade   file:/home/runner/work/key/key/key.core/build/resources/main/de/uka/ilkd/key/proof/rules/intRulesCheckedSemantics.key took 1 ms to parse. 
2233       WARN  main            d.u.i.k.n.ParsingFacade   Parsing time 219 ms. 
2251       WARN  main            d.u.i.k.n.ParsingFacade   file:/home/runner/work/key/key/key.core/build/resources/main/de/uka/ilkd/key/proof/rules/intRulesJavaSemantics.key took 3 ms to parse. 
2253       WARN  main            d.u.i.k.n.ParsingFacade   Parsing time 222 ms. 
2329       WARN  main            d.u.i.k.n.ParsingFacade   file:/home/runner/work/key/key/key.core/build/resources/main/de/uka/ilkd/key/proof/rules/integerSimplificationRules.key took 60 ms to parse. 
2330       WARN  main            d.u.i.k.n.ParsingFacade   Parsing time 282 ms. 
2444       WARN  main            d.u.i.k.n.ParsingFacade   file:/home/runner/work/key/key/key.core/build/resources/main/de/uka/ilkd/key/proof/rules/intDiv.key took 4 ms to parse. 
2445       WARN  main            d.u.i.k.n.ParsingFacade   Parsing time 286 ms. 
2492       WARN  main            d.u.i.k.n.ParsingFacade   file:/home/runner/work/key/key/key.core/build/resources/main/de/uka/ilkd/key/proof/rules/bsum.key took 16 ms to parse. 
2493       WARN  main            d.u.i.k.n.ParsingFacade   Parsing time 302 ms. 
2572       WARN  main            d.u.i.k.n.ParsingFacade   file:/home/runner/work/key/key/key.core/build/resources/main/de/uka/ilkd/key/proof/rules/bprod.key took 2 ms to parse. 
2573       WARN  main            d.u.i.k.n.ParsingFacade   Parsing time 304 ms. 
2589       WARN  main            d.u.i.k.n.ParsingFacade   file:/home/runner/work/key/key/key.core/build/resources/main/de/uka/ilkd/key/proof/rules/binaryAxioms.key took 1 ms to parse. 
2590       WARN  main            d.u.i.k.n.ParsingFacade   Parsing time 305 ms. 
2599       WARN  main            d.u.i.k.n.ParsingFacade   file:/home/runner/work/key/key/key.core/build/resources/main/de/uka/ilkd/key/proof/rules/binaryLemmas.key took 2 ms to parse. 
2599       WARN  main            d.u.i.k.n.ParsingFacade   Parsing time 307 ms. 
2616       WARN  main            d.u.i.k.n.ParsingFacade   file:/home/runner/work/key/key/key.core/build/resources/main/de/uka/ilkd/key/proof/rules/intPow.key took 5 ms to parse. 
2617       WARN  main            d.u.i.k.n.ParsingFacade   Parsing time 312 ms. 
2636       WARN  main            d.u.i.k.n.ParsingFacade   file:/home/runner/work/key/key/key.core/build/resources/main/de/uka/ilkd/key/proof/rules/floatRulesCommon.key took 7 ms to parse. 
2636       WARN  main            d.u.i.k.n.ParsingFacade   Parsing time 319 ms. 
2655       WARN  main            d.u.i.k.n.ParsingFacade   file:/home/runner/work/key/key/key.core/build/resources/main/de/uka/ilkd/key/proof/rules/floatRules.key took 1 ms to parse. 
2655       WARN  main            d.u.i.k.n.ParsingFacade   Parsing time 320 ms. 
2657       WARN  main            d.u.i.k.n.ParsingFacade   file:/home/runner/work/key/key/key.core/build/resources/main/de/uka/ilkd/key/proof/rules/floatRulesVerifyNormal.key took 0 ms to parse. 
2659       WARN  main            d.u.i.k.n.ParsingFacade   Parsing time 320 ms. 
2665       WARN  main            d.u.i.k.n.ParsingFacade   file:/home/runner/work/key/key/key.core/build/resources/main/de/uka/ilkd/key/proof/rules/floatRulesAssumeStrictfp.key took 5 ms to parse. 
2665       WARN  main            d.u.i.k.n.ParsingFacade   Parsing time 325 ms. 
2712       WARN  main            d.u.i.k.n.ParsingFacade   file:/home/runner/work/key/key/key.core/build/resources/main/de/uka/ilkd/key/proof/rules/genericRules.key took 2 ms to parse. 
2712       WARN  main            d.u.i.k.n.ParsingFacade   Parsing time 327 ms. 
2722       WARN  main            d.u.i.k.n.ParsingFacade   file:/home/runner/work/key/key/key.core/build/resources/main/de/uka/ilkd/key/proof/rules/booleanRules.key took 0 ms to parse. 
2722       WARN  main            d.u.i.k.n.ParsingFacade   Parsing time 327 ms. 
2726       WARN  main            d.u.i.k.n.ParsingFacade   file:/home/runner/work/key/key/key.core/build/resources/main/de/uka/ilkd/key/proof/rules/epsilon.key took 1 ms to parse. 
2726       WARN  main            d.u.i.k.n.ParsingFacade   Parsing time 328 ms. 
2736       WARN  main            d.u.i.k.n.ParsingFacade   file:/home/runner/work/key/key/key.core/build/resources/main/de/uka/ilkd/key/proof/rules/locSetsRules.key took 8 ms to parse. 
2736       WARN  main            d.u.i.k.n.ParsingFacade   Parsing time 336 ms. 
2814       WARN  main            d.u.i.k.n.ParsingFacade   file:/home/runner/work/key/key/key.core/build/resources/main/de/uka/ilkd/key/proof/rules/heapRules.key took 11 ms to parse. 
2815       WARN  main            d.u.i.k.n.ParsingFacade   Parsing time 347 ms. 
2866       WARN  main            d.u.i.k.n.ParsingFacade   file:/home/runner/work/key/key/key.core/build/resources/main/de/uka/ilkd/key/proof/rules/permissionRules.key took 4 ms to parse. 
2867       WARN  main            d.u.i.k.n.ParsingFacade   Parsing time 351 ms. 
2888       WARN  main            d.u.i.k.n.ParsingFacade   file:/home/runner/work/key/key/key.core/build/resources/main/de/uka/ilkd/key/proof/rules/reachRules.key took 4 ms to parse. 
2889       WARN  main            d.u.i.k.n.ParsingFacade   Parsing time 355 ms. 
2903       WARN  main            d.u.i.k.n.ParsingFacade   file:/home/runner/work/key/key/key.core/build/resources/main/de/uka/ilkd/key/proof/rules/seqCoreRules.key took 0 ms to parse. 
2903       WARN  main            d.u.i.k.n.ParsingFacade   Parsing time 355 ms. 
2911       WARN  main            d.u.i.k.n.ParsingFacade   file:/home/runner/work/key/key/key.core/build/resources/main/de/uka/ilkd/key/proof/rules/seqRules.key took 6 ms to parse. 
2911       WARN  main            d.u.i.k.n.ParsingFacade   Parsing time 361 ms. 
2970       WARN  main            d.u.i.k.n.ParsingFacade   file:/home/runner/work/key/key/key.core/build/resources/main/de/uka/ilkd/key/proof/rules/seqPerm.key took 6 ms to parse. 
2970       WARN  main            d.u.i.k.n.ParsingFacade   Parsing time 367 ms. 
2987       WARN  main            d.u.i.k.n.ParsingFacade   file:/home/runner/work/key/key/key.core/build/resources/main/de/uka/ilkd/key/proof/rules/seqPerm2.key took 1 ms to parse. 
2987       WARN  main            d.u.i.k.n.ParsingFacade   Parsing time 368 ms. 
3033       WARN  main            d.u.i.k.n.ParsingFacade   file:/home/runner/work/key/key/key.core/build/resources/main/de/uka/ilkd/key/proof/rules/javaRules.key took 43 ms to parse. 
3033       WARN  main            d.u.i.k.n.ParsingFacade   Parsing time 411 ms. 
3041       WARN  main            d.u.i.k.n.ParsingFacade   file:/home/runner/work/key/key/key.core/build/resources/main/de/uka/ilkd/key/proof/rules/assertions.key took 1 ms to parse. 
3042       WARN  main            d.u.i.k.n.ParsingFacade   Parsing time 412 ms. 
3881       WARN  main            d.u.i.k.n.ParsingFacade   file:/home/runner/work/key/key/key.core/build/resources/main/de/uka/ilkd/key/proof/rules/loopRules.key took 8 ms to parse. 
3882       WARN  main            d.u.i.k.n.ParsingFacade   Parsing time 420 ms. 
3912       WARN  main            d.u.i.k.n.ParsingFacade   file:/home/runner/work/key/key/key.core/build/resources/main/de/uka/ilkd/key/proof/rules/activeUse.key took 3 ms to parse. 
3913       WARN  main            d.u.i.k.n.ParsingFacade   Parsing time 423 ms. 
4049       WARN  main            d.u.i.k.n.ParsingFacade   file:/home/runner/work/key/key/key.core/build/resources/main/de/uka/ilkd/key/proof/rules/instanceAllocation.key took 5 ms to parse. 
4050       WARN  main            d.u.i.k.n.ParsingFacade   Parsing time 428 ms. 
4089       WARN  main            d.u.i.k.n.ParsingFacade   file:/home/runner/work/key/key/key.core/build/resources/main/de/uka/ilkd/key/proof/rules/java5.key took 1 ms to parse. 
4089       WARN  main            d.u.i.k.n.ParsingFacade   Parsing time 429 ms. 
4097       WARN  main            d.u.i.k.n.ParsingFacade   file:/home/runner/work/key/key/key.core/build/resources/main/de/uka/ilkd/key/proof/rules/integerAssignment2UpdateRules.key took 4 ms to parse. 
4097       WARN  main            d.u.i.k.n.ParsingFacade   Parsing time 433 ms. 
4138       WARN  main            d.u.i.k.n.ParsingFacade   file:/home/runner/work/key/key/key.core/build/resources/main/de/uka/ilkd/key/proof/rules/floatAssignment2UpdateRules.key took 5 ms to parse. 
4138       WARN  main            d.u.i.k.n.ParsingFacade   Parsing time 438 ms. 
4164       WARN  main            d.u.i.k.n.ParsingFacade   file:/home/runner/work/key/key/key.core/build/resources/main/de/uka/ilkd/key/proof/rules/bigint.key took 2 ms to parse. 
4164       WARN  main            d.u.i.k.n.ParsingFacade   Parsing time 440 ms. 
4185       WARN  main            d.u.i.k.n.ParsingFacade   file:/home/runner/work/key/key/key.core/build/resources/main/de/uka/ilkd/key/proof/rules/adtProgramDecompositionRules.key took 2 ms to parse. 
4185       WARN  main            d.u.i.k.n.ParsingFacade   Parsing time 442 ms. 
4209       WARN  main            d.u.i.k.n.ParsingFacade   file:/home/runner/work/key/key/key.core/build/resources/main/de/uka/ilkd/key/proof/rules/precRules.key took 1 ms to parse. 
4209       WARN  main            d.u.i.k.n.ParsingFacade   Parsing time 443 ms. 
4215       WARN  main            d.u.i.k.n.ParsingFacade   file:/home/runner/work/key/key/key.core/build/resources/main/de/uka/ilkd/key/proof/rules/charListRules.key took 3 ms to parse. 
4215       WARN  main            d.u.i.k.n.ParsingFacade   Parsing time 446 ms. 
4225       WARN  main            d.u.i.k.n.ParsingFacade   file:/home/runner/work/key/key/key.core/build/resources/main/de/uka/ilkd/key/proof/rules/regExTheory.key took 0 ms to parse. 
4226       WARN  main            d.u.i.k.n.ParsingFacade   Parsing time 446 ms. 
4226       WARN  main            d.u.i.k.n.ParsingFacade   file:/home/runner/work/key/key/key.core/build/resources/main/de/uka/ilkd/key/proof/rules/regExHeader.key took 0 ms to parse. 
4227       WARN  main            d.u.i.k.n.ParsingFacade   Parsing time 446 ms. 
4228       WARN  main            d.u.i.k.n.ParsingFacade   file:/home/runner/work/key/key/key.core/build/resources/main/de/uka/ilkd/key/proof/rules/regExAxioms.key took 1 ms to parse. 
4228       WARN  main            d.u.i.k.n.ParsingFacade   Parsing time 447 ms. 
4232       WARN  main            d.u.i.k.n.ParsingFacade   file:/home/runner/work/key/key/key.core/build/resources/main/de/uka/ilkd/key/proof/rules/regExLemmaProven.key took 1 ms to parse. 
4233       WARN  main            d.u.i.k.n.ParsingFacade   Parsing time 448 ms. 
4238       WARN  main            d.u.i.k.n.ParsingFacade   file:/home/runner/work/key/key/key.core/build/resources/main/de/uka/ilkd/key/proof/rules/seqEq.key took 1 ms to parse. 
4238       WARN  main            d.u.i.k.n.ParsingFacade   Parsing time 449 ms. 
4245       WARN  main            d.u.i.k.n.ParsingFacade   file:/home/runner/work/key/key/key.core/build/resources/main/de/uka/ilkd/key/proof/rules/infFlow.key took 1 ms to parse. 
4245       WARN  main            d.u.i.k.n.ParsingFacade   Parsing time 450 ms. 
4250       WARN  main            d.u.i.k.n.ParsingFacade   file:/home/runner/work/key/key/key.core/build/resources/main/de/uka/ilkd/key/proof/rules/mapSize.key took 1 ms to parse. 
4250       WARN  main            d.u.i.k.n.ParsingFacade   Parsing time 451 ms. 
4253       WARN  main            d.u.i.k.n.ParsingFacade   file:/home/runner/work/key/key/key.core/build/resources/main/de/uka/ilkd/key/proof/rules/wd.key took 0 ms to parse. 
4253       WARN  main            d.u.i.k.n.ParsingFacade   Parsing time 451 ms. 
4255       WARN  main            d.u.i.k.n.ParsingFacade   file:/home/runner/work/key/key/key.core/build/resources/main/de/uka/ilkd/key/proof/rules/wdHeader.key took 1 ms to parse. 
4255       WARN  main            d.u.i.k.n.ParsingFacade   Parsing time 452 ms. 
4256       WARN  main            d.u.i.k.n.ParsingFacade   file:/home/runner/work/key/key/key.core/build/resources/main/de/uka/ilkd/key/proof/rules/wdGeneralRules.key took 0 ms to parse. 
4256       WARN  main            d.u.i.k.n.ParsingFacade   Parsing time 452 ms. 
4266       WARN  main            d.u.i.k.n.ParsingFacade   file:/home/runner/work/key/key/key.core/build/resources/main/de/uka/ilkd/key/proof/rules/wdNumericalRules.key took 5 ms to parse. 
4266       WARN  main            d.u.i.k.n.ParsingFacade   Parsing time 457 ms. 
4286       WARN  main            d.u.i.k.n.ParsingFacade   file:/home/runner/work/key/key/key.core/build/resources/main/de/uka/ilkd/key/proof/rules/wdLocSetRules.key took 1 ms to parse. 
4286       WARN  main            d.u.i.k.n.ParsingFacade   Parsing time 458 ms. 
4292       WARN  main            d.u.i.k.n.ParsingFacade   file:/home/runner/work/key/key/key.core/build/resources/main/de/uka/ilkd/key/proof/rules/wdHeapRules.key took 1 ms to parse. 
4292       WARN  main            d.u.i.k.n.ParsingFacade   Parsing time 459 ms. 
4326       WARN  main            d.u.i.k.n.ParsingFacade   file:/home/runner/work/key/key/key.core/build/resources/main/de/uka/ilkd/key/proof/rules/wdReachRules.key took 0 ms to parse. 
4326       WARN  main            d.u.i.k.n.ParsingFacade   Parsing time 459 ms. 
4328       WARN  main            d.u.i.k.n.ParsingFacade   file:/home/runner/work/key/key/key.core/build/resources/main/de/uka/ilkd/key/proof/rules/wdSeqRules.key took 1 ms to parse. 
4328       WARN  main            d.u.i.k.n.ParsingFacade   Parsing time 460 ms. 
4332       WARN  main            d.u.i.k.n.ParsingFacade   file:/home/runner/work/key/key/key.core/build/resources/main/de/uka/ilkd/key/proof/rules/wdStringRules.key took 0 ms to parse. 
4333       WARN  main            d.u.i.k.n.ParsingFacade   Parsing time 460 ms. 
4336       WARN  main            d.u.i.k.n.ParsingFacade   file:/home/runner/work/key/key/key.core/build/resources/main/de/uka/ilkd/key/proof/rules/wdRegExRules.key took 1 ms to parse. 
4336       WARN  main            d.u.i.k.n.ParsingFacade   Parsing time 461 ms. 
4341       WARN  main            d.u.i.k.n.ParsingFacade   file:/home/runner/work/key/key/key.core/build/resources/main/de/uka/ilkd/key/proof/rules/wdFormulaRules.key took 3 ms to parse. 
4341       WARN  main            d.u.i.k.n.ParsingFacade   Parsing time 464 ms. 
4352       WARN  main            d.u.i.k.n.ParsingFacade   file:/home/runner/work/key/key/key.core/build/resources/main/de/uka/ilkd/key/proof/rules/loopInvariantRules.key took 0 ms to parse. 
4352       WARN  main            d.u.i.k.n.ParsingFacade   Parsing time 464 ms. 
4354       WARN  main            d.u.i.k.n.ParsingFacade   file:/home/runner/work/key/key/key.core/build/resources/main/de/uka/ilkd/key/proof/rules/forLoopRules.key took 0 ms to parse. 
4355       WARN  main            d.u.i.k.n.ParsingFacade   Parsing time 464 ms. 
4360       WARN  main            d.u.i.k.n.ParsingFacade   file:/home/runner/work/key/key/key.core/build/resources/main/de/uka/ilkd/key/proof/rules/execRules.key took 3 ms to parse. 
4360       WARN  main            d.u.i.k.n.ParsingFacade   Parsing time 467 ms. 
4537       WARN  main            d.u.i.k.n.ParsingFacade   file:/home/runner/work/key/key/key.core/build/resources/main/de/uka/ilkd/key/proof/rules/loopScopeRules.key took 3 ms to parse. 
4538       WARN  main            d.u.i.k.n.ParsingFacade   Parsing time 470 ms. 
8692       WARN  main            d.u.i.k.n.ParsingFacade   file:/home/runner/work/key/key/key.core/build/resources/main/de/uka/ilkd/key/java/JavaRedux/java/lang/String.key took 4 ms to parse. 
8693       WARN  main            d.u.i.k.n.ParsingFacade   Parsing time 474 ms. 
12628      WARN  main            d.u.i.k.n.ParsingFacade   /home/runner/work/key/key/key.core/../key.ui/examples/InformationFlow/ToyBanking/banking_example.UserAccount(banking_example.UserAccount__getBankAccount(int)).Non-interference contract.0.key took 0 ms to parse. 
12630      WARN  main            d.u.i.k.n.ParsingFacade   Parsing time 474 ms. 
18167      INFO  main            d.u.i.k.p.r.p.TestFile    ... finished proof: closed. 
18413      INFO  main            d.u.i.k.p.r.p.TestFile    Now processing file /home/runner/work/key/key/key.core/../key.ui/examples/InformationFlow/ToyBanking/banking_example.BankAccount(banking_example.BankAccount__depositMoney(int)).Non-interference contract.0.key 
18414      WARN  main            d.u.i.k.n.ParsingFacade   /home/runner/work/key/key/key.core/../key.ui/examples/InformationFlow/ToyBanking/banking_example.BankAccount(banking_example.BankAccount__depositMoney(int)).Non-interference contract.0.key took 1 ms to parse. 
18415      WARN  main            d.u.i.k.n.ParsingFacade   Parsing time 475 ms. 
20042      WARN  main            d.u.i.k.n.ParsingFacade   file:/home/runner/work/key/key/key.core/build/resources/main/de/uka/ilkd/key/java/JavaRedux/java/lang/String.key took 2 ms to parse. 
20043      WARN  main            d.u.i.k.n.ParsingFacade   Parsing time 477 ms. 
22994      WARN  main            d.u.i.k.n.ParsingFacade   /home/runner/work/key/key/key.core/../key.ui/examples/InformationFlow/ToyBanking/banking_example.BankAccount(banking_example.BankAccount__depositMoney(int)).Non-interference contract.0.key took 0 ms to parse. 
22995      WARN  main            d.u.i.k.n.ParsingFacade   Parsing time 477 ms. 
24820      INFO  main            d.u.i.k.p.r.p.TestFile    ... finished proof: closed. 
25001      INFO  main            d.u.i.k.p.r.p.TestFile    Now processing file /home/runner/work/key/key/key.core/../key.ui/examples/InformationFlow/ToyBanking/banking_example.BankAccount(banking_example.BankAccount__getBalance()).Non-interference contract.0.key 
25002      WARN  main            d.u.i.k.n.ParsingFacade   /home/runner/work/key/key/key.core/../key.ui/examples/InformationFlow/ToyBanking/banking_example.BankAccount(banking_example.BankAccount__getBalance()).Non-interference contract.0.key took 0 ms to parse. 
25003      WARN  main            d.u.i.k.n.ParsingFacade   Parsing time 477 ms. 
26516      WARN  main            d.u.i.k.n.ParsingFacade   file:/home/runner/work/key/key/key.core/build/resources/main/de/uka/ilkd/key/java/JavaRedux/java/lang/String.key took 1 ms to parse. 
26516      WARN  main            d.u.i.k.n.ParsingFacade   Parsing time 478 ms. 
29553      WARN  main            d.u.i.k.n.ParsingFacade   /home/runner/work/key/key/key.core/../key.ui/examples/InformationFlow/ToyBanking/banking_example.BankAccount(banking_example.BankAccount__getBalance()).Non-interference contract.0.key took 0 ms to parse. 
29554      WARN  main            d.u.i.k.n.ParsingFacade   Parsing time 478 ms. 
30058      INFO  main            d.u.i.k.p.r.p.TestFile    ... finished proof: closed. 
30306      INFO  main            d.u.i.k.p.r.p.TestFile    Now processing file /home/runner/work/key/key/key.core/../key.ui/examples/InformationFlow/ToyBanking/banking_example.BankAccount(banking_example.BankAccount__getId()).Non-interference contract.0.key 
30310      WARN  main            d.u.i.k.n.ParsingFacade   /home/runner/work/key/key/key.core/../key.ui/examples/InformationFlow/ToyBanking/banking_example.BankAccount(banking_example.BankAccount__getId()).Non-interference contract.0.key took 0 ms to parse. 
30311      WARN  main            d.u.i.k.n.ParsingFacade   Parsing time 478 ms. 
31748      WARN  main            d.u.i.k.n.ParsingFacade   file:/home/runner/work/key/key/key.core/build/resources/main/de/uka/ilkd/key/java/JavaRedux/java/lang/String.key took 1 ms to parse. 
31749      WARN  main            d.u.i.k.n.ParsingFacade   Parsing time 479 ms. 
34466      WARN  main            d.u.i.k.n.ParsingFacade   /home/runner/work/key/key/key.core/../key.ui/examples/InformationFlow/ToyBanking/banking_example.BankAccount(banking_example.BankAccount__getId()).Non-interference contract.0.key took 0 ms to parse. 
34467      WARN  main            d.u.i.k.n.ParsingFacade   Parsing time 479 ms. 
34979      INFO  main            d.u.i.k.p.r.p.TestFile    ... finished proof: closed. 
35159      INFO  main            d.u.i.k.p.r.p.TestFile    Now processing file /home/runner/work/key/key/key.core/../key.ui/examples/InformationFlow/ToyBanking/banking_example.Bank(banking_example.Bank__login(int,(C)).Non-interference contract.0.key 
35159      WARN  main            d.u.i.k.n.ParsingFacade   /home/runner/work/key/key/key.core/../key.ui/examples/InformationFlow/ToyBanking/banking_example.Bank(banking_example.Bank__login(int,(C)).Non-interference contract.0.key took 0 ms to parse. 
35159      WARN  main            d.u.i.k.n.ParsingFacade   Parsing time 479 ms. 
36531      WARN  main            d.u.i.k.n.ParsingFacade   file:/home/runner/work/key/key/key.core/build/resources/main/de/uka/ilkd/key/java/JavaRedux/java/lang/String.key took 1 ms to parse. 
36532      WARN  main            d.u.i.k.n.ParsingFacade   Parsing time 480 ms. 
39208      WARN  main            d.u.i.k.n.ParsingFacade   /home/runner/work/key/key/key.core/../key.ui/examples/InformationFlow/ToyBanking/banking_example.Bank(banking_example.Bank__login(int,(C)).Non-interference contract.0.key took 0 ms to parse. 
39209      WARN  main            d.u.i.k.n.ParsingFacade   Parsing time 480 ms. 
97982      INFO  main            d.u.i.k.p.r.p.TestFile    ... finished proof: open goal(s) 
98326      INFO  main            d.u.i.k.p.r.p.TestFile    Now processing file /home/runner/work/key/key/key.core/../key.ui/examples/InformationFlow/ToyBanking/banking_example2.UserAccount(banking_example2.UserAccount__getBankAccount(int)).Non-interference contract.0.key 
98327      WARN  main            d.u.i.k.n.ParsingFacade   /home/runner/work/key/key/key.core/../key.ui/examples/InformationFlow/ToyBanking/banking_example2.UserAccount(banking_example2.UserAccount__getBankAccount(int)).Non-interference contract.0.key took 0 ms to parse. 
98328      WARN  main            d.u.i.k.n.ParsingFacade   Parsing time 480 ms. 
99580      WARN  main            d.u.i.k.n.ParsingFacade   file:/home/runner/work/key/key/key.core/build/resources/main/de/uka/ilkd/key/java/JavaRedux/java/lang/String.key took 1 ms to parse. 
99581      WARN  main            d.u.i.k.n.ParsingFacade   Parsing time 481 ms. 
102206     WARN  main            d.u.i.k.n.ParsingFacade   /home/runner/work/key/key/key.core/../key.ui/examples/InformationFlow/ToyBanking/banking_example2.UserAccount(banking_example2.UserAccount__getBankAccount(int)).Non-interference contract.0.key took 0 ms to parse. 
102206     WARN  main            d.u.i.k.n.ParsingFacade   Parsing time 481 ms. 
104814     INFO  main            d.u.i.k.p.r.p.TestFile    ... finished proof: closed. 
105211     INFO  main            d.u.i.k.p.r.p.TestFile    Now processing file /home/runner/work/key/key/key.core/../key.ui/examples/InformationFlow/ToyBanking/banking_example2.BankAccount(banking_example2.BankAccount__depositMoney(int)).Non-interference contract.0.key 
105213     WARN  main            d.u.i.k.n.ParsingFacade   /home/runner/work/key/key/key.core/../key.ui/examples/InformationFlow/ToyBanking/banking_example2.BankAccount(banking_example2.BankAccount__depositMoney(int)).Non-interference contract.0.key took 1 ms to parse. 
105213     WARN  main            d.u.i.k.n.ParsingFacade   Parsing time 482 ms. 
106538     WARN  main            d.u.i.k.n.ParsingFacade   file:/home/runner/work/key/key/key.core/build/resources/main/de/uka/ilkd/key/java/JavaRedux/java/lang/String.key took 1 ms to parse. 
106538     WARN  main            d.u.i.k.n.ParsingFacade   Parsing time 483 ms. 
109018     WARN  main            d.u.i.k.n.ParsingFacade   /home/runner/work/key/key/key.core/../key.ui/examples/InformationFlow/ToyBanking/banking_example2.BankAccount(banking_example2.BankAccount__depositMoney(int)).Non-interference contract.0.key took 0 ms to parse. 
109018     WARN  main            d.u.i.k.n.ParsingFacade   Parsing time 483 ms. 
110442     INFO  main            d.u.i.k.p.r.p.TestFile    ... finished proof: closed. 
110657     INFO  main            d.u.i.k.p.r.p.TestFile    Now processing file /home/runner/work/key/key/key.core/../key.ui/examples/InformationFlow/ToyBanking/banking_example2.BankAccount(banking_example2.BankAccount__getBalance()).Non-interference contract.0.key 
110659     WARN  main            d.u.i.k.n.ParsingFacade   /home/runner/work/key/key/key.core/../key.ui/examples/InformationFlow/ToyBanking/banking_example2.BankAccount(banking_example2.BankAccount__getBalance()).Non-interference contract.0.key took 0 ms to parse. 
110659     WARN  main            d.u.i.k.n.ParsingFacade   Parsing time 483 ms. 
112028     WARN  main            d.u.i.k.n.ParsingFacade   file:/home/runner/work/key/key/key.core/build/resources/main/de/uka/ilkd/key/java/JavaRedux/java/lang/String.key took 2 ms to parse. 
112029     WARN  main            d.u.i.k.n.ParsingFacade   Parsing time 485 ms. 
114611     WARN  main            d.u.i.k.n.ParsingFacade   /home/runner/work/key/key/key.core/../key.ui/examples/InformationFlow/ToyBanking/banking_example2.BankAccount(banking_example2.BankAccount__getBalance()).Non-interference contract.0.key took 0 ms to parse. 
114611     WARN  main            d.u.i.k.n.ParsingFacade   Parsing time 485 ms. 
115020     INFO  main            d.u.i.k.p.r.p.TestFile    ... finished proof: closed. 
115281     INFO  main            d.u.i.k.p.r.p.TestFile    Now processing file /home/runner/work/key/key/key.core/../key.ui/examples/InformationFlow/ToyBanking/banking_example2.BankAccount(banking_example2.BankAccount__getId()).Non-interference contract.0.key 
115286     WARN  main            d.u.i.k.n.ParsingFacade   /home/runner/work/key/key/key.core/../key.ui/examples/InformationFlow/ToyBanking/banking_example2.BankAccount(banking_example2.BankAccount__getId()).Non-interference contract.0.key took 0 ms to parse. 
115288     WARN  main            d.u.i.k.n.ParsingFacade   Parsing time 485 ms. 
116607     WARN  main            d.u.i.k.n.ParsingFacade   file:/home/runner/work/key/key/key.core/build/resources/main/de/uka/ilkd/key/java/JavaRedux/java/lang/String.key took 1 ms to parse. 
116608     WARN  main            d.u.i.k.n.ParsingFacade   Parsing time 486 ms. 
119072     WARN  main            d.u.i.k.n.ParsingFacade   /home/runner/work/key/key/key.core/../key.ui/examples/InformationFlow/ToyBanking/banking_example2.BankAccount(banking_example2.BankAccount__getId()).Non-interference contract.0.key took 0 ms to parse. 
119072     WARN  main            d.u.i.k.n.ParsingFacade   Parsing time 486 ms. 
119375     INFO  main            d.u.i.k.p.r.p.TestFile    ... finished proof: closed. 
1070535    INFO  Test worker     d.u.i.k.p.r.RunAllProofsTestUnit Returning from test ToyBanking_nomacro 
1070539    INFO  Test worker     d.u.i.k.p.r.RunAllProofsTestUnit Running test BlockContracts_nomacro 
481        INFO  Timeout watchdog d.u.i.k.p.r.p.ForkedTestFileRunner Timeout watcher launched (1000 secs.) 
516        WARN  main            d.u.i.k.s.ProofSettings   The settings in /home/runner/.key/proof-settings.props are *not* read. 
556        INFO  main            d.u.i.k.p.r.p.TestFile    Now processing file /home/runner/work/key/key/key.core/../key.ui/examples/InformationFlow/BlockContracts/contract.IFBlockExamples(contract.IFBlockExamples__secure_5()).Non-interference contract.0.key 
954        WARN  main            d.u.i.k.n.ParsingFacade   /home/runner/work/key/key/key.core/../key.ui/examples/InformationFlow/BlockContracts/contract.IFBlockExamples(contract.IFBlockExamples__secure_5()).Non-interference contract.0.key took 28 ms to parse. 
955        WARN  main            d.u.i.k.n.ParsingFacade   Parsing time 28 ms. 
1168       WARN  main            d.u.i.k.n.ParsingFacade   file:/home/runner/work/key/key/key.core/build/resources/main/de/uka/ilkd/key/proof/rules/standardRules.key took 20 ms to parse. 
1168       WARN  main            d.u.i.k.n.ParsingFacade   Parsing time 48 ms. 
1226       WARN  main            d.u.i.k.n.ParsingFacade   file:/home/runner/work/key/key/key.core/build/resources/main/de/uka/ilkd/key/proof/rules/ldt.key took 9 ms to parse. 
1226       WARN  main            d.u.i.k.n.ParsingFacade   Parsing time 57 ms. 
1264       WARN  main            d.u.i.k.n.ParsingFacade   file:/home/runner/work/key/key/key.core/build/resources/main/de/uka/ilkd/key/proof/rules/boolean.key took 10 ms to parse. 
1264       WARN  main            d.u.i.k.n.ParsingFacade   Parsing time 67 ms. 
1320       WARN  main            d.u.i.k.n.ParsingFacade   file:/home/runner/work/key/key/key.core/build/resources/main/de/uka/ilkd/key/proof/rules/ruleSetsDeclarations.key took 14 ms to parse. 
1320       WARN  main            d.u.i.k.n.ParsingFacade   Parsing time 81 ms. 
1382       WARN  main            d.u.i.k.n.ParsingFacade   file:/home/runner/work/key/key/key.core/build/resources/main/de/uka/ilkd/key/proof/rules/integerHeader.key took 11 ms to parse. 
1382       WARN  main            d.u.i.k.n.ParsingFacade   Parsing time 92 ms. 
1389       WARN  main            d.u.i.k.n.ParsingFacade   file:/home/runner/work/key/key/key.core/build/resources/main/de/uka/ilkd/key/proof/rules/floatHeader.key took 3 ms to parse. 
1389       WARN  main            d.u.i.k.n.ParsingFacade   Parsing time 95 ms. 
1392       WARN  main            d.u.i.k.n.ParsingFacade   file:/home/runner/work/key/key/key.core/build/resources/main/de/uka/ilkd/key/proof/rules/heap.key took 1 ms to parse. 
1393       WARN  main            d.u.i.k.n.ParsingFacade   Parsing time 96 ms. 
1401       WARN  main            d.u.i.k.n.ParsingFacade   file:/home/runner/work/key/key/key.core/build/resources/main/de/uka/ilkd/key/proof/rules/locSets.key took 0 ms to parse. 
1401       WARN  main            d.u.i.k.n.ParsingFacade   Parsing time 96 ms. 
1403       WARN  main            d.u.i.k.n.ParsingFacade   file:/home/runner/work/key/key/key.core/build/resources/main/de/uka/ilkd/key/proof/rules/permission.key took 1 ms to parse. 
1403       WARN  main            d.u.i.k.n.ParsingFacade   Parsing time 97 ms. 
1405       WARN  main            d.u.i.k.n.ParsingFacade   file:/home/runner/work/key/key/key.core/build/resources/main/de/uka/ilkd/key/proof/rules/reach.key took 0 ms to parse. 
1405       WARN  main            d.u.i.k.n.ParsingFacade   Parsing time 97 ms. 
1406       WARN  main            d.u.i.k.n.ParsingFacade   file:/home/runner/work/key/key/key.core/build/resources/main/de/uka/ilkd/key/proof/rules/seq.key took 0 ms to parse. 
1406       WARN  main            d.u.i.k.n.ParsingFacade   Parsing time 97 ms. 
1468       WARN  main            d.u.i.k.n.ParsingFacade   file:/home/runner/work/key/key/key.core/build/resources/main/de/uka/ilkd/key/proof/rules/map.key took 56 ms to parse. 
1471       WARN  main            d.u.i.k.n.ParsingFacade   Parsing time 153 ms. 
1475       WARN  main            d.u.i.k.n.ParsingFacade   file:/home/runner/work/key/key/key.core/build/resources/main/de/uka/ilkd/key/proof/rules/freeADT.key took 0 ms to parse. 
1476       WARN  main            d.u.i.k.n.ParsingFacade   Parsing time 153 ms. 
1479       WARN  main            d.u.i.k.n.ParsingFacade   file:/home/runner/work/key/key/key.core/build/resources/main/de/uka/ilkd/key/proof/rules/wellfound.key took 0 ms to parse. 
1480       WARN  main            d.u.i.k.n.ParsingFacade   Parsing time 153 ms. 
1483       WARN  main            d.u.i.k.n.ParsingFacade   file:/home/runner/work/key/key/key.core/build/resources/main/de/uka/ilkd/key/proof/rules/charListHeader.key took 0 ms to parse. 
1485       WARN  main            d.u.i.k.n.ParsingFacade   Parsing time 153 ms. 
1764       WARN  main            d.u.i.k.n.ParsingFacade   file:/home/runner/work/key/key/key.core/build/resources/main/de/uka/ilkd/key/proof/rules/propRule.key took 9 ms to parse. 
1765       WARN  main            d.u.i.k.n.ParsingFacade   Parsing time 162 ms. 
1813       WARN  main            d.u.i.k.n.ParsingFacade   file:/home/runner/work/key/key/key.core/build/resources/main/de/uka/ilkd/key/proof/rules/firstOrderRules.key took 5 ms to parse. 
1814       WARN  main            d.u.i.k.n.ParsingFacade   Parsing time 167 ms. 
1834       WARN  main            d.u.i.k.n.ParsingFacade   file:/home/runner/work/key/key/key.core/build/resources/main/de/uka/ilkd/key/proof/rules/ifThenElseRules.key took 6 ms to parse. 
1834       WARN  main            d.u.i.k.n.ParsingFacade   Parsing time 173 ms. 
1892       WARN  main            d.u.i.k.n.ParsingFacade   file:/home/runner/work/key/key/key.core/build/resources/main/de/uka/ilkd/key/proof/rules/formulaNormalisationRules.key took 38 ms to parse. 
1892       WARN  main            d.u.i.k.n.ParsingFacade   Parsing time 211 ms. 
1981       WARN  main            d.u.i.k.n.ParsingFacade   file:/home/runner/work/key/key/key.core/build/resources/main/de/uka/ilkd/key/proof/rules/updateRules.key took 5 ms to parse. 
1981       WARN  main            d.u.i.k.n.ParsingFacade   Parsing time 216 ms. 
2021       WARN  main            d.u.i.k.n.ParsingFacade   file:/home/runner/work/key/key/key.core/build/resources/main/de/uka/ilkd/key/proof/rules/integerRulesCommon.key took 4 ms to parse. 
2021       WARN  main            d.u.i.k.n.ParsingFacade   Parsing time 220 ms. 
2160       WARN  main            d.u.i.k.n.ParsingFacade   file:/home/runner/work/key/key/key.core/build/resources/main/de/uka/ilkd/key/proof/rules/intRules.key took 4 ms to parse. 
2160       WARN  main            d.u.i.k.n.ParsingFacade   Parsing time 224 ms. 
2179       WARN  main            d.u.i.k.n.ParsingFacade   file:/home/runner/work/key/key/key.core/build/resources/main/de/uka/ilkd/key/proof/rules/intRulesUncheckedSemantics.key took 4 ms to parse. 
2180       WARN  main            d.u.i.k.n.ParsingFacade   Parsing time 228 ms. 
2208       WARN  main            d.u.i.k.n.ParsingFacade   file:/home/runner/work/key/key/key.core/build/resources/main/de/uka/ilkd/key/proof/rules/intRulesCheckedSemantics.key took 1 ms to parse. 
2210       WARN  main            d.u.i.k.n.ParsingFacade   Parsing time 229 ms. 
2227       WARN  main            d.u.i.k.n.ParsingFacade   file:/home/runner/work/key/key/key.core/build/resources/main/de/uka/ilkd/key/proof/rules/intRulesJavaSemantics.key took 4 ms to parse. 
2229       WARN  main            d.u.i.k.n.ParsingFacade   Parsing time 233 ms. 
2358       WARN  main            d.u.i.k.n.ParsingFacade   file:/home/runner/work/key/key/key.core/build/resources/main/de/uka/ilkd/key/proof/rules/integerSimplificationRules.key took 102 ms to parse. 
2358       WARN  main            d.u.i.k.n.ParsingFacade   Parsing time 335 ms. 
2499       WARN  main            d.u.i.k.n.ParsingFacade   file:/home/runner/work/key/key/key.core/build/resources/main/de/uka/ilkd/key/proof/rules/intDiv.key took 7 ms to parse. 
2500       WARN  main            d.u.i.k.n.ParsingFacade   Parsing time 342 ms. 
2556       WARN  main            d.u.i.k.n.ParsingFacade   file:/home/runner/work/key/key/key.core/build/resources/main/de/uka/ilkd/key/proof/rules/bsum.key took 17 ms to parse. 
2556       WARN  main            d.u.i.k.n.ParsingFacade   Parsing time 359 ms. 
2645       WARN  main            d.u.i.k.n.ParsingFacade   file:/home/runner/work/key/key/key.core/build/resources/main/de/uka/ilkd/key/proof/rules/bprod.key took 4 ms to parse. 
2645       WARN  main            d.u.i.k.n.ParsingFacade   Parsing time 363 ms. 
2669       WARN  main            d.u.i.k.n.ParsingFacade   file:/home/runner/work/key/key/key.core/build/resources/main/de/uka/ilkd/key/proof/rules/binaryAxioms.key took 1 ms to parse. 
2670       WARN  main            d.u.i.k.n.ParsingFacade   Parsing time 364 ms. 
2680       WARN  main            d.u.i.k.n.ParsingFacade   file:/home/runner/work/key/key/key.core/build/resources/main/de/uka/ilkd/key/proof/rules/binaryLemmas.key took 4 ms to parse. 
2680       WARN  main            d.u.i.k.n.ParsingFacade   Parsing time 368 ms. 
2697       WARN  main            d.u.i.k.n.ParsingFacade   file:/home/runner/work/key/key/key.core/build/resources/main/de/uka/ilkd/key/proof/rules/intPow.key took 3 ms to parse. 
2697       WARN  main            d.u.i.k.n.ParsingFacade   Parsing time 371 ms. 
2718       WARN  main            d.u.i.k.n.ParsingFacade   file:/home/runner/work/key/key/key.core/build/resources/main/de/uka/ilkd/key/proof/rules/floatRulesCommon.key took 8 ms to parse. 
2718       WARN  main            d.u.i.k.n.ParsingFacade   Parsing time 379 ms. 
2741       WARN  main            d.u.i.k.n.ParsingFacade   file:/home/runner/work/key/key/key.core/build/resources/main/de/uka/ilkd/key/proof/rules/floatRules.key took 0 ms to parse. 
2741       WARN  main            d.u.i.k.n.ParsingFacade   Parsing time 379 ms. 
2743       WARN  main            d.u.i.k.n.ParsingFacade   file:/home/runner/work/key/key/key.core/build/resources/main/de/uka/ilkd/key/proof/rules/floatRulesVerifyNormal.key took 0 ms to parse. 
2744       WARN  main            d.u.i.k.n.ParsingFacade   Parsing time 379 ms. 
2754       WARN  main            d.u.i.k.n.ParsingFacade   file:/home/runner/work/key/key/key.core/build/resources/main/de/uka/ilkd/key/proof/rules/floatRulesAssumeStrictfp.key took 9 ms to parse. 
2754       WARN  main            d.u.i.k.n.ParsingFacade   Parsing time 388 ms. 
2810       WARN  main            d.u.i.k.n.ParsingFacade   file:/home/runner/work/key/key/key.core/build/resources/main/de/uka/ilkd/key/proof/rules/genericRules.key took 3 ms to parse. 
2810       WARN  main            d.u.i.k.n.ParsingFacade   Parsing time 391 ms. 
2824       WARN  main            d.u.i.k.n.ParsingFacade   file:/home/runner/work/key/key/key.core/build/resources/main/de/uka/ilkd/key/proof/rules/booleanRules.key took 0 ms to parse. 
2825       WARN  main            d.u.i.k.n.ParsingFacade   Parsing time 391 ms. 
2832       WARN  main            d.u.i.k.n.ParsingFacade   file:/home/runner/work/key/key/key.core/build/resources/main/de/uka/ilkd/key/proof/rules/epsilon.key took 2 ms to parse. 
2833       WARN  main            d.u.i.k.n.ParsingFacade   Parsing time 393 ms. 
2855       WARN  main            d.u.i.k.n.ParsingFacade   file:/home/runner/work/key/key/key.core/build/resources/main/de/uka/ilkd/key/proof/rules/locSetsRules.key took 13 ms to parse. 
2855       WARN  main            d.u.i.k.n.ParsingFacade   Parsing time 406 ms. 
2991       WARN  main            d.u.i.k.n.ParsingFacade   file:/home/runner/work/key/key/key.core/build/resources/main/de/uka/ilkd/key/proof/rules/heapRules.key took 25 ms to parse. 
2993       WARN  main            d.u.i.k.n.ParsingFacade   Parsing time 431 ms. 
3047       WARN  main            d.u.i.k.n.ParsingFacade   file:/home/runner/work/key/key/key.core/build/resources/main/de/uka/ilkd/key/proof/rules/permissionRules.key took 3 ms to parse. 
3047       WARN  main            d.u.i.k.n.ParsingFacade   Parsing time 434 ms. 
3069       WARN  main            d.u.i.k.n.ParsingFacade   file:/home/runner/work/key/key/key.core/build/resources/main/de/uka/ilkd/key/proof/rules/reachRules.key took 7 ms to parse. 
3069       WARN  main            d.u.i.k.n.ParsingFacade   Parsing time 441 ms. 
3088       WARN  main            d.u.i.k.n.ParsingFacade   file:/home/runner/work/key/key/key.core/build/resources/main/de/uka/ilkd/key/proof/rules/seqCoreRules.key took 0 ms to parse. 
3089       WARN  main            d.u.i.k.n.ParsingFacade   Parsing time 441 ms. 
3098       WARN  main            d.u.i.k.n.ParsingFacade   file:/home/runner/work/key/key/key.core/build/resources/main/de/uka/ilkd/key/proof/rules/seqRules.key took 7 ms to parse. 
3098       WARN  main            d.u.i.k.n.ParsingFacade   Parsing time 448 ms. 
3160       WARN  main            d.u.i.k.n.ParsingFacade   file:/home/runner/work/key/key/key.core/build/resources/main/de/uka/ilkd/key/proof/rules/seqPerm.key took 6 ms to parse. 
3161       WARN  main            d.u.i.k.n.ParsingFacade   Parsing time 454 ms. 
3179       WARN  main            d.u.i.k.n.ParsingFacade   file:/home/runner/work/key/key/key.core/build/resources/main/de/uka/ilkd/key/proof/rules/seqPerm2.key took 1 ms to parse. 
3180       WARN  main            d.u.i.k.n.ParsingFacade   Parsing time 455 ms. 
3234       WARN  main            d.u.i.k.n.ParsingFacade   file:/home/runner/work/key/key/key.core/build/resources/main/de/uka/ilkd/key/proof/rules/javaRules.key took 50 ms to parse. 
3235       WARN  main            d.u.i.k.n.ParsingFacade   Parsing time 505 ms. 
3243       WARN  main            d.u.i.k.n.ParsingFacade   file:/home/runner/work/key/key/key.core/build/resources/main/de/uka/ilkd/key/proof/rules/assertions.key took 1 ms to parse. 
3244       WARN  main            d.u.i.k.n.ParsingFacade   Parsing time 506 ms. 
4113       WARN  main            d.u.i.k.n.ParsingFacade   file:/home/runner/work/key/key/key.core/build/resources/main/de/uka/ilkd/key/proof/rules/loopRules.key took 3 ms to parse. 
4114       WARN  main            d.u.i.k.n.ParsingFacade   Parsing time 509 ms. 
4129       WARN  main            d.u.i.k.n.ParsingFacade   file:/home/runner/work/key/key/key.core/build/resources/main/de/uka/ilkd/key/proof/rules/activeUse.key took 2 ms to parse. 
4130       WARN  main            d.u.i.k.n.ParsingFacade   Parsing time 511 ms. 
4261       WARN  main            d.u.i.k.n.ParsingFacade   file:/home/runner/work/key/key/key.core/build/resources/main/de/uka/ilkd/key/proof/rules/instanceAllocation.key took 10 ms to parse. 
4261       WARN  main            d.u.i.k.n.ParsingFacade   Parsing time 521 ms. 
4290       WARN  main            d.u.i.k.n.ParsingFacade   file:/home/runner/work/key/key/key.core/build/resources/main/de/uka/ilkd/key/proof/rules/java5.key took 1 ms to parse. 
4290       WARN  main            d.u.i.k.n.ParsingFacade   Parsing time 522 ms. 
4299       WARN  main            d.u.i.k.n.ParsingFacade   file:/home/runner/work/key/key/key.core/build/resources/main/de/uka/ilkd/key/proof/rules/integerAssignment2UpdateRules.key took 2 ms to parse. 
4300       WARN  main            d.u.i.k.n.ParsingFacade   Parsing time 524 ms. 
4363       WARN  main            d.u.i.k.n.ParsingFacade   file:/home/runner/work/key/key/key.core/build/resources/main/de/uka/ilkd/key/proof/rules/floatAssignment2UpdateRules.key took 6 ms to parse. 
4363       WARN  main            d.u.i.k.n.ParsingFacade   Parsing time 530 ms. 
4398       WARN  main            d.u.i.k.n.ParsingFacade   file:/home/runner/work/key/key/key.core/build/resources/main/de/uka/ilkd/key/proof/rules/bigint.key took 6 ms to parse. 
4398       WARN  main            d.u.i.k.n.ParsingFacade   Parsing time 536 ms. 
4457       WARN  main            d.u.i.k.n.ParsingFacade   file:/home/runner/work/key/key/key.core/build/resources/main/de/uka/ilkd/key/proof/rules/adtProgramDecompositionRules.key took 2 ms to parse. 
4458       WARN  main            d.u.i.k.n.ParsingFacade   Parsing time 538 ms. 
4484       WARN  main            d.u.i.k.n.ParsingFacade   file:/home/runner/work/key/key/key.core/build/resources/main/de/uka/ilkd/key/proof/rules/precRules.key took 1 ms to parse. 
4484       WARN  main            d.u.i.k.n.ParsingFacade   Parsing time 539 ms. 
4490       WARN  main            d.u.i.k.n.ParsingFacade   file:/home/runner/work/key/key/key.core/build/resources/main/de/uka/ilkd/key/proof/rules/charListRules.key took 3 ms to parse. 
4490       WARN  main            d.u.i.k.n.ParsingFacade   Parsing time 542 ms. 
4516       WARN  main            d.u.i.k.n.ParsingFacade   file:/home/runner/work/key/key/key.core/build/resources/main/de/uka/ilkd/key/proof/rules/regExTheory.key took 0 ms to parse. 
4517       WARN  main            d.u.i.k.n.ParsingFacade   Parsing time 542 ms. 
4521       WARN  main            d.u.i.k.n.ParsingFacade   file:/home/runner/work/key/key/key.core/build/resources/main/de/uka/ilkd/key/proof/rules/regExHeader.key took 0 ms to parse. 
4523       WARN  main            d.u.i.k.n.ParsingFacade   Parsing time 542 ms. 
4528       WARN  main            d.u.i.k.n.ParsingFacade   file:/home/runner/work/key/key/key.core/build/resources/main/de/uka/ilkd/key/proof/rules/regExAxioms.key took 1 ms to parse. 
4532       WARN  main            d.u.i.k.n.ParsingFacade   Parsing time 543 ms. 
4542       WARN  main            d.u.i.k.n.ParsingFacade   file:/home/runner/work/key/key/key.core/build/resources/main/de/uka/ilkd/key/proof/rules/regExLemmaProven.key took 2 ms to parse. 
4542       WARN  main            d.u.i.k.n.ParsingFacade   Parsing time 545 ms. 
4560       WARN  main            d.u.i.k.n.ParsingFacade   file:/home/runner/work/key/key/key.core/build/resources/main/de/uka/ilkd/key/proof/rules/seqEq.key took 2 ms to parse. 
4560       WARN  main            d.u.i.k.n.ParsingFacade   Parsing time 547 ms. 
4570       WARN  main            d.u.i.k.n.ParsingFacade   file:/home/runner/work/key/key/key.core/build/resources/main/de/uka/ilkd/key/proof/rules/infFlow.key took 4 ms to parse. 
4570       WARN  main            d.u.i.k.n.ParsingFacade   Parsing time 551 ms. 
4577       WARN  main            d.u.i.k.n.ParsingFacade   file:/home/runner/work/key/key/key.core/build/resources/main/de/uka/ilkd/key/proof/rules/mapSize.key took 1 ms to parse. 
4577       WARN  main            d.u.i.k.n.ParsingFacade   Parsing time 552 ms. 
4580       WARN  main            d.u.i.k.n.ParsingFacade   file:/home/runner/work/key/key/key.core/build/resources/main/de/uka/ilkd/key/proof/rules/wd.key took 0 ms to parse. 
4581       WARN  main            d.u.i.k.n.ParsingFacade   Parsing time 552 ms. 
4586       WARN  main            d.u.i.k.n.ParsingFacade   file:/home/runner/work/key/key/key.core/build/resources/main/de/uka/ilkd/key/proof/rules/wdHeader.key took 0 ms to parse. 
4586       WARN  main            d.u.i.k.n.ParsingFacade   Parsing time 552 ms. 
4588       WARN  main            d.u.i.k.n.ParsingFacade   file:/home/runner/work/key/key/key.core/build/resources/main/de/uka/ilkd/key/proof/rules/wdGeneralRules.key took 1 ms to parse. 
4589       WARN  main            d.u.i.k.n.ParsingFacade   Parsing time 553 ms. 
4604       WARN  main            d.u.i.k.n.ParsingFacade   file:/home/runner/work/key/key/key.core/build/resources/main/de/uka/ilkd/key/proof/rules/wdNumericalRules.key took 5 ms to parse. 
4604       WARN  main            d.u.i.k.n.ParsingFacade   Parsing time 558 ms. 
4659       WARN  main            d.u.i.k.n.ParsingFacade   file:/home/runner/work/key/key/key.core/build/resources/main/de/uka/ilkd/key/proof/rules/wdLocSetRules.key took 1 ms to parse. 
4659       WARN  main            d.u.i.k.n.ParsingFacade   Parsing time 559 ms. 
4665       WARN  main            d.u.i.k.n.ParsingFacade   file:/home/runner/work/key/key/key.core/build/resources/main/de/uka/ilkd/key/proof/rules/wdHeapRules.key took 1 ms to parse. 
4666       WARN  main            d.u.i.k.n.ParsingFacade   Parsing time 560 ms. 
4670       WARN  main            d.u.i.k.n.ParsingFacade   file:/home/runner/work/key/key/key.core/build/resources/main/de/uka/ilkd/key/proof/rules/wdReachRules.key took 1 ms to parse. 
4670       WARN  main            d.u.i.k.n.ParsingFacade   Parsing time 561 ms. 
4672       WARN  main            d.u.i.k.n.ParsingFacade   file:/home/runner/work/key/key/key.core/build/resources/main/de/uka/ilkd/key/proof/rules/wdSeqRules.key took 0 ms to parse. 
4672       WARN  main            d.u.i.k.n.ParsingFacade   Parsing time 561 ms. 
4676       WARN  main            d.u.i.k.n.ParsingFacade   file:/home/runner/work/key/key/key.core/build/resources/main/de/uka/ilkd/key/proof/rules/wdStringRules.key took 1 ms to parse. 
4676       WARN  main            d.u.i.k.n.ParsingFacade   Parsing time 562 ms. 
4680       WARN  main            d.u.i.k.n.ParsingFacade   file:/home/runner/work/key/key/key.core/build/resources/main/de/uka/ilkd/key/proof/rules/wdRegExRules.key took 0 ms to parse. 
4680       WARN  main            d.u.i.k.n.ParsingFacade   Parsing time 562 ms. 
4687       WARN  main            d.u.i.k.n.ParsingFacade   file:/home/runner/work/key/key/key.core/build/resources/main/de/uka/ilkd/key/proof/rules/wdFormulaRules.key took 4 ms to parse. 
4687       WARN  main            d.u.i.k.n.ParsingFacade   Parsing time 566 ms. 
4700       WARN  main            d.u.i.k.n.ParsingFacade   file:/home/runner/work/key/key/key.core/build/resources/main/de/uka/ilkd/key/proof/rules/loopInvariantRules.key took 0 ms to parse. 
4700       WARN  main            d.u.i.k.n.ParsingFacade   Parsing time 566 ms. 
4702       WARN  main            d.u.i.k.n.ParsingFacade   file:/home/runner/work/key/key/key.core/build/resources/main/de/uka/ilkd/key/proof/rules/forLoopRules.key took 0 ms to parse. 
4702       WARN  main            d.u.i.k.n.ParsingFacade   Parsing time 566 ms. 
4712       WARN  main            d.u.i.k.n.ParsingFacade   file:/home/runner/work/key/key/key.core/build/resources/main/de/uka/ilkd/key/proof/rules/execRules.key took 5 ms to parse. 
4712       WARN  main            d.u.i.k.n.ParsingFacade   Parsing time 571 ms. 
4820       WARN  main            d.u.i.k.n.ParsingFacade   file:/home/runner/work/key/key/key.core/build/resources/main/de/uka/ilkd/key/proof/rules/loopScopeRules.key took 2 ms to parse. 
4821       WARN  main            d.u.i.k.n.ParsingFacade   Parsing time 573 ms. 
9518       WARN  main            d.u.i.k.n.ParsingFacade   file:/home/runner/work/key/key/key.core/build/resources/main/de/uka/ilkd/key/java/JavaRedux/java/lang/String.key took 10 ms to parse. 
9520       WARN  main            d.u.i.k.n.ParsingFacade   Parsing time 583 ms. 
13434      WARN  main            d.u.i.k.n.ParsingFacade   /home/runner/work/key/key/key.core/../key.ui/examples/InformationFlow/BlockContracts/contract.IFBlockExamples(contract.IFBlockExamples__secure_5()).Non-interference contract.0.key took 0 ms to parse. 
13434      WARN  main            d.u.i.k.n.ParsingFacade   Parsing time 583 ms. 
15575      INFO  main            d.u.i.k.p.r.p.TestFile    ... finished proof: closed. 
15767      INFO  main            d.u.i.k.p.r.p.TestFile    Now processing file /home/runner/work/key/key/key.core/../key.ui/examples/InformationFlow/BlockContracts/contract.IFBlockExamples(contract.IFBlockExamples__block_no_return_secure(int)).Non-interference contract.0.key 
15768      WARN  main            d.u.i.k.n.ParsingFacade   /home/runner/work/key/key/key.core/../key.ui/examples/InformationFlow/BlockContracts/contract.IFBlockExamples(contract.IFBlockExamples__block_no_return_secure(int)).Non-interference contract.0.key took 0 ms to parse. 
15768      WARN  main            d.u.i.k.n.ParsingFacade   Parsing time 583 ms. 
17243      WARN  main            d.u.i.k.n.ParsingFacade   file:/home/runner/work/key/key/key.core/build/resources/main/de/uka/ilkd/key/java/JavaRedux/java/lang/String.key took 2 ms to parse. 
17244      WARN  main            d.u.i.k.n.ParsingFacade   Parsing time 585 ms. 
20344      WARN  main            d.u.i.k.n.ParsingFacade   /home/runner/work/key/key/key.core/../key.ui/examples/InformationFlow/BlockContracts/contract.IFBlockExamples(contract.IFBlockExamples__block_no_return_secure(int)).Non-interference contract.0.key took 0 ms to parse. 
20348      WARN  main            d.u.i.k.n.ParsingFacade   Parsing time 585 ms. 
21256      INFO  main            d.u.i.k.p.r.p.TestFile    ... finished proof: closed. 
21522      INFO  main            d.u.i.k.p.r.p.TestFile    Now processing file /home/runner/work/key/key/key.core/../key.ui/examples/InformationFlow/BlockContracts/contract.IFBlockExamples(contract.IFBlockExamples__while_block_insecure(int)).Non-interference contract.0.key 
21525      WARN  main            d.u.i.k.n.ParsingFacade   /home/runner/work/key/key/key.core/../key.ui/examples/InformationFlow/BlockContracts/contract.IFBlockExamples(contract.IFBlockExamples__while_block_insecure(int)).Non-interference contract.0.key took 0 ms to parse. 
21525      WARN  main            d.u.i.k.n.ParsingFacade   Parsing time 585 ms. 
22821      WARN  main            d.u.i.k.n.ParsingFacade   file:/home/runner/work/key/key/key.core/build/resources/main/de/uka/ilkd/key/java/JavaRedux/java/lang/String.key took 1 ms to parse. 
22822      WARN  main            d.u.i.k.n.ParsingFacade   Parsing time 586 ms. 
25831      WARN  main            d.u.i.k.n.ParsingFacade   /home/runner/work/key/key/key.core/../key.ui/examples/InformationFlow/BlockContracts/contract.IFBlockExamples(contract.IFBlockExamples__while_block_insecure(int)).Non-interference contract.0.key took 0 ms to parse. 
25832      WARN  main            d.u.i.k.n.ParsingFacade   Parsing time 586 ms. 
28497      INFO  main            d.u.i.k.p.r.p.TestFile    ... finished proof: open goal(s) 
28766      INFO  main            d.u.i.k.p.r.p.TestFile    Now processing file /home/runner/work/key/key/key.core/../key.ui/examples/InformationFlow/BlockContracts/contract.IFBlockExamples(contract.IFBlockExamples__while_block_secure(int)).Non-interference contract.0.key 
28769      WARN  main            d.u.i.k.n.ParsingFacade   /home/runner/work/key/key/key.core/../key.ui/examples/InformationFlow/BlockContracts/contract.IFBlockExamples(contract.IFBlockExamples__while_block_secure(int)).Non-interference contract.0.key took 0 ms to parse. 
28772      WARN  main            d.u.i.k.n.ParsingFacade   Parsing time 586 ms. 
30161      WARN  main            d.u.i.k.n.ParsingFacade   file:/home/runner/work/key/key/key.core/build/resources/main/de/uka/ilkd/key/java/JavaRedux/java/lang/String.key took 2 ms to parse. 
30161      WARN  main            d.u.i.k.n.ParsingFacade   Parsing time 588 ms. 
32875      WARN  main            d.u.i.k.n.ParsingFacade   /home/runner/work/key/key/key.core/../key.ui/examples/InformationFlow/BlockContracts/contract.IFBlockExamples(contract.IFBlockExamples__while_block_secure(int)).Non-interference contract.0.key took 0 ms to parse. 
32876      WARN  main            d.u.i.k.n.ParsingFacade   Parsing time 588 ms. 
35032      INFO  main            d.u.i.k.p.r.p.TestFile    ... finished proof: closed. 
35331      INFO  main            d.u.i.k.p.r.p.TestFile    Now processing file /home/runner/work/key/key/key.core/../key.ui/examples/InformationFlow/BlockContracts/contract.IFBlockExamples(contract.IFBlockExamples__block_while_secure(int)).Non-interference contract.0.key 
35331      WARN  main            d.u.i.k.n.ParsingFacade   /home/runner/work/key/key/key.core/../key.ui/examples/InformationFlow/BlockContracts/contract.IFBlockExamples(contract.IFBlockExamples__block_while_secure(int)).Non-interference contract.0.key took 0 ms to parse. 
35331      WARN  main            d.u.i.k.n.ParsingFacade   Parsing time 588 ms. 
36661      WARN  main            d.u.i.k.n.ParsingFacade   file:/home/runner/work/key/key/key.core/build/resources/main/de/uka/ilkd/key/java/JavaRedux/java/lang/String.key took 2 ms to parse. 
36661      WARN  main            d.u.i.k.n.ParsingFacade   Parsing time 590 ms. 
39371      WARN  main            d.u.i.k.n.ParsingFacade   /home/runner/work/key/key/key.core/../key.ui/examples/InformationFlow/BlockContracts/contract.IFBlockExamples(contract.IFBlockExamples__block_while_secure(int)).Non-interference contract.0.key took 0 ms to parse. 
39372      WARN  main            d.u.i.k.n.ParsingFacade   Parsing time 590 ms. 
41787      INFO  main            d.u.i.k.p.r.p.TestFile    ... finished proof: closed. 
42247      INFO  main            d.u.i.k.p.r.p.TestFile    Now processing file /home/runner/work/key/key/key.core/../key.ui/examples/InformationFlow/BlockContracts/contract.IFBlockExamples(contract.IFBlockExamples__insecure_4(int)).Non-interference contract.0.key 
42248      WARN  main            d.u.i.k.n.ParsingFacade   /home/runner/work/key/key/key.core/../key.ui/examples/InformationFlow/BlockContracts/contract.IFBlockExamples(contract.IFBlockExamples__insecure_4(int)).Non-interference contract.0.key took 0 ms to parse. 
42249      WARN  main            d.u.i.k.n.ParsingFacade   Parsing time 590 ms. 
43473      WARN  main            d.u.i.k.n.ParsingFacade   file:/home/runner/work/key/key/key.core/build/resources/main/de/uka/ilkd/key/java/JavaRedux/java/lang/String.key took 1 ms to parse. 
43474      WARN  main            d.u.i.k.n.ParsingFacade   Parsing time 591 ms. 
46152      WARN  main            d.u.i.k.n.ParsingFacade   /home/runner/work/key/key/key.core/../key.ui/examples/InformationFlow/BlockContracts/contract.IFBlockExamples(contract.IFBlockExamples__insecure_4(int)).Non-interference contract.0.key took 0 ms to parse. 
46153      WARN  main            d.u.i.k.n.ParsingFacade   Parsing time 591 ms. 
49599      INFO  main            d.u.i.k.p.r.p.TestFile    ... finished proof: open goal(s) 
49932      INFO  main            d.u.i.k.p.r.p.TestFile    Now processing file /home/runner/work/key/key/key.core/../key.ui/examples/InformationFlow/BlockContracts/contract.IFBlockExamples(contract.IFBlockExamples__insecure_3(int)).Non-interference contract.0.key 
49933      WARN  main            d.u.i.k.n.ParsingFacade   /home/runner/work/key/key/key.core/../key.ui/examples/InformationFlow/BlockContracts/contract.IFBlockExamples(contract.IFBlockExamples__insecure_3(int)).Non-interference contract.0.key took 0 ms to parse. 
49933      WARN  main            d.u.i.k.n.ParsingFacade   Parsing time 591 ms. 
51151      WARN  main            d.u.i.k.n.ParsingFacade   file:/home/runner/work/key/key/key.core/build/resources/main/de/uka/ilkd/key/java/JavaRedux/java/lang/String.key took 2 ms to parse. 
51151      WARN  main            d.u.i.k.n.ParsingFacade   Parsing time 593 ms. 
53889      WARN  main            d.u.i.k.n.ParsingFacade   /home/runner/work/key/key/key.core/../key.ui/examples/InformationFlow/BlockContracts/contract.IFBlockExamples(contract.IFBlockExamples__insecure_3(int)).Non-interference contract.0.key took 0 ms to parse. 
53889      WARN  main            d.u.i.k.n.ParsingFacade   Parsing time 593 ms. 
57259      INFO  main            d.u.i.k.p.r.p.TestFile    ... finished proof: open goal(s) 
57662      INFO  main            d.u.i.k.p.r.p.TestFile    Now processing file /home/runner/work/key/key/key.core/../key.ui/examples/InformationFlow/BlockContracts/contract.IFBlockExamples(contract.IFBlockExamples__secure_3(int)).Non-interference contract.0.key 
57664      WARN  main            d.u.i.k.n.ParsingFacade   /home/runner/work/key/key/key.core/../key.ui/examples/InformationFlow/BlockContracts/contract.IFBlockExamples(contract.IFBlockExamples__secure_3(int)).Non-interference contract.0.key took 0 ms to parse. 
57664      WARN  main            d.u.i.k.n.ParsingFacade   Parsing time 593 ms. 
58892      WARN  main            d.u.i.k.n.ParsingFacade   file:/home/runner/work/key/key/key.core/build/resources/main/de/uka/ilkd/key/java/JavaRedux/java/lang/String.key took 1 ms to parse. 
58893      WARN  main            d.u.i.k.n.ParsingFacade   Parsing time 594 ms. 
61515      WARN  main            d.u.i.k.n.ParsingFacade   /home/runner/work/key/key/key.core/../key.ui/examples/InformationFlow/BlockContracts/contract.IFBlockExamples(contract.IFBlockExamples__secure_3(int)).Non-interference contract.0.key took 0 ms to parse. 
61516      WARN  main            d.u.i.k.n.ParsingFacade   Parsing time 594 ms. 
64470      INFO  main            d.u.i.k.p.r.p.TestFile    ... finished proof: closed. 
64838      INFO  main            d.u.i.k.p.r.p.TestFile    Now processing file /home/runner/work/key/key/key.core/../key.ui/examples/InformationFlow/BlockContracts/contract.IFBlockExamples(contract.IFBlockExamples__secure_2(int)).Non-interference contract.0.key 
64839      WARN  main            d.u.i.k.n.ParsingFacade   /home/runner/work/key/key/key.core/../key.ui/examples/InformationFlow/BlockContracts/contract.IFBlockExamples(contract.IFBlockExamples__secure_2(int)).Non-interference contract.0.key took 0 ms to parse. 
64839      WARN  main            d.u.i.k.n.ParsingFacade   Parsing time 594 ms. 
66154      WARN  main            d.u.i.k.n.ParsingFacade   file:/home/runner/work/key/key/key.core/build/resources/main/de/uka/ilkd/key/java/JavaRedux/java/lang/String.key took 1 ms to parse. 
66154      WARN  main            d.u.i.k.n.ParsingFacade   Parsing time 595 ms. 
68770      WARN  main            d.u.i.k.n.ParsingFacade   /home/runner/work/key/key/key.core/../key.ui/examples/InformationFlow/BlockContracts/contract.IFBlockExamples(contract.IFBlockExamples__secure_2(int)).Non-interference contract.0.key took 0 ms to parse. 
68772      WARN  main            d.u.i.k.n.ParsingFacade   Parsing time 595 ms. 
72254      INFO  main            d.u.i.k.p.r.p.TestFile    ... finished proof: closed. 
72722      INFO  main            d.u.i.k.p.r.p.TestFile    Now processing file /home/runner/work/key/key/key.core/../key.ui/examples/InformationFlow/BlockContracts/contract.IFBlockExamples(contract.IFBlockExamples__secure_8(int)).Non-interference contract.0.key 
72723      WARN  main            d.u.i.k.n.ParsingFacade   /home/runner/work/key/key/key.core/../key.ui/examples/InformationFlow/BlockContracts/contract.IFBlockExamples(contract.IFBlockExamples__secure_8(int)).Non-interference contract.0.key took 0 ms to parse. 
72723      WARN  main            d.u.i.k.n.ParsingFacade   Parsing time 595 ms. 
73929      WARN  main            d.u.i.k.n.ParsingFacade   file:/home/runner/work/key/key/key.core/build/resources/main/de/uka/ilkd/key/java/JavaRedux/java/lang/String.key took 1 ms to parse. 
73930      WARN  main            d.u.i.k.n.ParsingFacade   Parsing time 596 ms. 
76505      WARN  main            d.u.i.k.n.ParsingFacade   /home/runner/work/key/key/key.core/../key.ui/examples/InformationFlow/BlockContracts/contract.IFBlockExamples(contract.IFBlockExamples__secure_8(int)).Non-interference contract.0.key took 1 ms to parse. 
76505      WARN  main            d.u.i.k.n.ParsingFacade   Parsing time 597 ms. 
77555      INFO  main            d.u.i.k.p.r.p.TestFile    ... finished proof: closed. 
77995      INFO  main            d.u.i.k.p.r.p.TestFile    Now processing file /home/runner/work/key/key/key.core/../key.ui/examples/InformationFlow/BlockContracts/contract.IFBlockExamples(contract.IFBlockExamples__secure_7(int)).Non-interference contract.0.key 
77996      WARN  main            d.u.i.k.n.ParsingFacade   /home/runner/work/key/key/key.core/../key.ui/examples/InformationFlow/BlockContracts/contract.IFBlockExamples(contract.IFBlockExamples__secure_7(int)).Non-interference contract.0.key took 0 ms to parse. 
77997      WARN  main            d.u.i.k.n.ParsingFacade   Parsing time 597 ms. 
79232      WARN  main            d.u.i.k.n.ParsingFacade   file:/home/runner/work/key/key/key.core/build/resources/main/de/uka/ilkd/key/java/JavaRedux/java/lang/String.key took 2 ms to parse. 
79236      WARN  main            d.u.i.k.n.ParsingFacade   Parsing time 599 ms. 
81853      WARN  main            d.u.i.k.n.ParsingFacade   /home/runner/work/key/key/key.core/../key.ui/examples/InformationFlow/BlockContracts/contract.IFBlockExamples(contract.IFBlockExamples__secure_7(int)).Non-interference contract.0.key took 0 ms to parse. 
81854      WARN  main            d.u.i.k.n.ParsingFacade   Parsing time 599 ms. 
82566      INFO  main            d.u.i.k.p.r.p.TestFile    ... finished proof: closed. 
82814      INFO  main            d.u.i.k.p.r.p.TestFile    Now processing file /home/runner/work/key/key/key.core/../key.ui/examples/InformationFlow/BlockContracts/contract.IFBlockExamples(contract.IFBlockExamples__secure_6(int)).Non-interference contract.0.key 
82815      WARN  main            d.u.i.k.n.ParsingFacade   /home/runner/work/key/key/key.core/../key.ui/examples/InformationFlow/BlockContracts/contract.IFBlockExamples(contract.IFBlockExamples__secure_6(int)).Non-interference contract.0.key took 0 ms to parse. 
82816      WARN  main            d.u.i.k.n.ParsingFacade   Parsing time 599 ms. 
84110      WARN  main            d.u.i.k.n.ParsingFacade   file:/home/runner/work/key/key/key.core/build/resources/main/de/uka/ilkd/key/java/JavaRedux/java/lang/String.key took 1 ms to parse. 
84110      WARN  main            d.u.i.k.n.ParsingFacade   Parsing time 600 ms. 
86685      WARN  main            d.u.i.k.n.ParsingFacade   /home/runner/work/key/key/key.core/../key.ui/examples/InformationFlow/BlockContracts/contract.IFBlockExamples(contract.IFBlockExamples__secure_6(int)).Non-interference contract.0.key took 0 ms to parse. 
86685      WARN  main            d.u.i.k.n.ParsingFacade   Parsing time 600 ms. 
87390      INFO  main            d.u.i.k.p.r.p.TestFile    ... finished proof: closed. 
87645      INFO  main            d.u.i.k.p.r.p.TestFile    Now processing file /home/runner/work/key/key/key.core/../key.ui/examples/InformationFlow/BlockContracts/contract.IFBlockExamples(contract.IFBlockExamples__insecure_1(int)).Non-interference contract.0.key 
87646      WARN  main            d.u.i.k.n.ParsingFacade   /home/runner/work/key/key/key.core/../key.ui/examples/InformationFlow/BlockContracts/contract.IFBlockExamples(contract.IFBlockExamples__insecure_1(int)).Non-interference contract.0.key took 0 ms to parse. 
87647      WARN  main            d.u.i.k.n.ParsingFacade   Parsing time 600 ms. 
88950      WARN  main            d.u.i.k.n.ParsingFacade   file:/home/runner/work/key/key/key.core/build/resources/main/de/uka/ilkd/key/java/JavaRedux/java/lang/String.key took 5 ms to parse. 
88951      WARN  main            d.u.i.k.n.ParsingFacade   Parsing time 605 ms. 
91554      WARN  main            d.u.i.k.n.ParsingFacade   /home/runner/work/key/key/key.core/../key.ui/examples/InformationFlow/BlockContracts/contract.IFBlockExamples(contract.IFBlockExamples__insecure_1(int)).Non-interference contract.0.key took 0 ms to parse. 
91555      WARN  main            d.u.i.k.n.ParsingFacade   Parsing time 605 ms. 
92366      INFO  main            d.u.i.k.p.r.p.TestFile    ... finished proof: open goal(s) 
92631      INFO  main            d.u.i.k.p.r.p.TestFile    Now processing file /home/runner/work/key/key/key.core/../key.ui/examples/InformationFlow/BlockContracts/contract.IFBlockExamples(contract.IFBlockExamples__secure_4(int)).Non-interference contract.0.key 
92632      WARN  main            d.u.i.k.n.ParsingFacade   /home/runner/work/key/key/key.core/../key.ui/examples/InformationFlow/BlockContracts/contract.IFBlockExamples(contract.IFBlockExamples__secure_4(int)).Non-interference contract.0.key took 0 ms to parse. 
92632      WARN  main            d.u.i.k.n.ParsingFacade   Parsing time 605 ms. 
93863      WARN  main            d.u.i.k.n.ParsingFacade   file:/home/runner/work/key/key/key.core/build/resources/main/de/uka/ilkd/key/java/JavaRedux/java/lang/String.key took 3 ms to parse. 
93863      WARN  main            d.u.i.k.n.ParsingFacade   Parsing time 608 ms. 
96491      WARN  main            d.u.i.k.n.ParsingFacade   /home/runner/work/key/key/key.core/../key.ui/examples/InformationFlow/BlockContracts/contract.IFBlockExamples(contract.IFBlockExamples__secure_4(int)).Non-interference contract.0.key took 0 ms to parse. 
96491      WARN  main            d.u.i.k.n.ParsingFacade   Parsing time 608 ms. 
97397      INFO  main            d.u.i.k.p.r.p.TestFile    ... finished proof: closed. 
97711      INFO  main            d.u.i.k.p.r.p.TestFile    Now processing file /home/runner/work/key/key/key.core/../key.ui/examples/InformationFlow/BlockContracts/contract.IFBlockExamples(contract.IFBlockExamples__secure_1(int)).Non-interference contract.0.key 
97712      WARN  main            d.u.i.k.n.ParsingFacade   /home/runner/work/key/key/key.core/../key.ui/examples/InformationFlow/BlockContracts/contract.IFBlockExamples(contract.IFBlockExamples__secure_1(int)).Non-interference contract.0.key took 1 ms to parse. 
97714      WARN  main            d.u.i.k.n.ParsingFacade   Parsing time 609 ms. 
98928      WARN  main            d.u.i.k.n.ParsingFacade   file:/home/runner/work/key/key/key.core/build/resources/main/de/uka/ilkd/key/java/JavaRedux/java/lang/String.key took 2 ms to parse. 
98928      WARN  main            d.u.i.k.n.ParsingFacade   Parsing time 611 ms. 
101461     WARN  main            d.u.i.k.n.ParsingFacade   /home/runner/work/key/key/key.core/../key.ui/examples/InformationFlow/BlockContracts/contract.IFBlockExamples(contract.IFBlockExamples__secure_1(int)).Non-interference contract.0.key took 0 ms to parse. 
101461     WARN  main            d.u.i.k.n.ParsingFacade   Parsing time 611 ms. 
102582     INFO  main            d.u.i.k.p.r.p.TestFile    ... finished proof: closed. 
102889     INFO  main            d.u.i.k.p.r.p.TestFile    Now processing file /home/runner/work/key/key/key.core/../key.ui/examples/InformationFlow/BlockContracts/contract.IFEfficiencyExamples(contract.IFEfficiencyExamples__mWithoutBlockContract()).Non-interference contract.0.key 
102890     WARN  main            d.u.i.k.n.ParsingFacade   /home/runner/work/key/key/key.core/../key.ui/examples/InformationFlow/BlockContracts/contract.IFEfficiencyExamples(contract.IFEfficiencyExamples__mWithoutBlockContract()).Non-interference contract.0.key took 0 ms to parse. 
102890     WARN  main            d.u.i.k.n.ParsingFacade   Parsing time 611 ms. 
104120     WARN  main            d.u.i.k.n.ParsingFacade   file:/home/runner/work/key/key/key.core/build/resources/main/de/uka/ilkd/key/java/JavaRedux/java/lang/String.key took 2 ms to parse. 
104122     WARN  main            d.u.i.k.n.ParsingFacade   Parsing time 613 ms. 
106681     WARN  main            d.u.i.k.n.ParsingFacade   /home/runner/work/key/key/key.core/../key.ui/examples/InformationFlow/BlockContracts/contract.IFEfficiencyExamples(contract.IFEfficiencyExamples__mWithoutBlockContract()).Non-interference contract.0.key took 1 ms to parse. 
106681     WARN  main            d.u.i.k.n.ParsingFacade   Parsing time 614 ms. 
111383     INFO  main            d.u.i.k.p.r.p.TestFile    ... finished proof: closed. 
111784     INFO  main            d.u.i.k.p.r.p.TestFile    Now processing file /home/runner/work/key/key/key.core/../key.ui/examples/InformationFlow/BlockContracts/contract.IFEfficiencyExamples(contract.IFEfficiencyExamples__mWithBlockContract()).Non-interference contract.0.key 
111785     WARN  main            d.u.i.k.n.ParsingFacade   /home/runner/work/key/key/key.core/../key.ui/examples/InformationFlow/BlockContracts/contract.IFEfficiencyExamples(contract.IFEfficiencyExamples__mWithBlockContract()).Non-interference contract.0.key took 0 ms to parse. 
111785     WARN  main            d.u.i.k.n.ParsingFacade   Parsing time 614 ms. 
113004     WARN  main            d.u.i.k.n.ParsingFacade   file:/home/runner/work/key/key/key.core/build/resources/main/de/uka/ilkd/key/java/JavaRedux/java/lang/String.key took 3 ms to parse. 
113004     WARN  main            d.u.i.k.n.ParsingFacade   Parsing time 617 ms. 
115501     WARN  main            d.u.i.k.n.ParsingFacade   /home/runner/work/key/key/key.core/../key.ui/examples/InformationFlow/BlockContracts/contract.IFEfficiencyExamples(contract.IFEfficiencyExamples__mWithBlockContract()).Non-interference contract.0.key took 0 ms to parse. 
115502     WARN  main            d.u.i.k.n.ParsingFacade   Parsing time 617 ms. 
119275     INFO  main            d.u.i.k.p.r.p.TestFile    ... finished proof: closed. 
1190398    INFO  Test worker     d.u.i.k.p.r.RunAllProofsTestUnit Returning from test BlockContracts_nomacro 
1190405    INFO  Test worker     d.u.i.k.p.r.RunAllProofsTestUnit Running test MethodContracts_nomacro 
634        INFO  Timeout watchdog d.u.i.k.p.r.p.ForkedTestFileRunner Timeout watcher launched (1000 secs.) 
667        WARN  main            d.u.i.k.s.ProofSettings   The settings in /home/runner/.key/proof-settings.props are *not* read. 
699        INFO  main            d.u.i.k.p.r.p.TestFile    Now processing file /home/runner/work/key/key/key.core/../key.ui/examples/InformationFlow/MethodContracts/contract.IFMethodContract(contract.IFMethodContract__secure_recursion_2((I,int)).Non-interference contract.0.key 
1007       WARN  main            d.u.i.k.n.ParsingFacade   /home/runner/work/key/key/key.core/../key.ui/examples/InformationFlow/MethodContracts/contract.IFMethodContract(contract.IFMethodContract__secure_recursion_2((I,int)).Non-interference contract.0.key took 27 ms to parse. 
1007       WARN  main            d.u.i.k.n.ParsingFacade   Parsing time 27 ms. 
1251       WARN  main            d.u.i.k.n.ParsingFacade   file:/home/runner/work/key/key/key.core/build/resources/main/de/uka/ilkd/key/proof/rules/standardRules.key took 28 ms to parse. 
1251       WARN  main            d.u.i.k.n.ParsingFacade   Parsing time 55 ms. 
1274       WARN  main            d.u.i.k.n.ParsingFacade   file:/home/runner/work/key/key/key.core/build/resources/main/de/uka/ilkd/key/proof/rules/ldt.key took 2 ms to parse. 
1274       WARN  main            d.u.i.k.n.ParsingFacade   Parsing time 57 ms. 
1282       WARN  main            d.u.i.k.n.ParsingFacade   file:/home/runner/work/key/key/key.core/build/resources/main/de/uka/ilkd/key/proof/rules/boolean.key took 3 ms to parse. 
1282       WARN  main            d.u.i.k.n.ParsingFacade   Parsing time 60 ms. 
1309       WARN  main            d.u.i.k.n.ParsingFacade   file:/home/runner/work/key/key/key.core/build/resources/main/de/uka/ilkd/key/proof/rules/ruleSetsDeclarations.key took 8 ms to parse. 
1310       WARN  main            d.u.i.k.n.ParsingFacade   Parsing time 68 ms. 
1341       WARN  main            d.u.i.k.n.ParsingFacade   file:/home/runner/work/key/key/key.core/build/resources/main/de/uka/ilkd/key/proof/rules/integerHeader.key took 6 ms to parse. 
1341       WARN  main            d.u.i.k.n.ParsingFacade   Parsing time 74 ms. 
1344       WARN  main            d.u.i.k.n.ParsingFacade   file:/home/runner/work/key/key/key.core/build/resources/main/de/uka/ilkd/key/proof/rules/floatHeader.key took 2 ms to parse. 
1344       WARN  main            d.u.i.k.n.ParsingFacade   Parsing time 76 ms. 
1347       WARN  main            d.u.i.k.n.ParsingFacade   file:/home/runner/work/key/key/key.core/build/resources/main/de/uka/ilkd/key/proof/rules/heap.key took 1 ms to parse. 
1348       WARN  main            d.u.i.k.n.ParsingFacade   Parsing time 77 ms. 
1352       WARN  main            d.u.i.k.n.ParsingFacade   file:/home/runner/work/key/key/key.core/build/resources/main/de/uka/ilkd/key/proof/rules/locSets.key took 1 ms to parse. 
1352       WARN  main            d.u.i.k.n.ParsingFacade   Parsing time 78 ms. 
1353       WARN  main            d.u.i.k.n.ParsingFacade   file:/home/runner/work/key/key/key.core/build/resources/main/de/uka/ilkd/key/proof/rules/permission.key took 0 ms to parse. 
1353       WARN  main            d.u.i.k.n.ParsingFacade   Parsing time 78 ms. 
1357       WARN  main            d.u.i.k.n.ParsingFacade   file:/home/runner/work/key/key/key.core/build/resources/main/de/uka/ilkd/key/proof/rules/reach.key took 3 ms to parse. 
1357       WARN  main            d.u.i.k.n.ParsingFacade   Parsing time 81 ms. 
1358       WARN  main            d.u.i.k.n.ParsingFacade   file:/home/runner/work/key/key/key.core/build/resources/main/de/uka/ilkd/key/proof/rules/seq.key took 0 ms to parse. 
1358       WARN  main            d.u.i.k.n.ParsingFacade   Parsing time 81 ms. 
1418       WARN  main            d.u.i.k.n.ParsingFacade   file:/home/runner/work/key/key/key.core/build/resources/main/de/uka/ilkd/key/proof/rules/map.key took 51 ms to parse. 
1418       WARN  main            d.u.i.k.n.ParsingFacade   Parsing time 132 ms. 
1425       WARN  main            d.u.i.k.n.ParsingFacade   file:/home/runner/work/key/key/key.core/build/resources/main/de/uka/ilkd/key/proof/rules/freeADT.key took 0 ms to parse. 
1425       WARN  main            d.u.i.k.n.ParsingFacade   Parsing time 132 ms. 
1430       WARN  main            d.u.i.k.n.ParsingFacade   file:/home/runner/work/key/key/key.core/build/resources/main/de/uka/ilkd/key/proof/rules/wellfound.key took 4 ms to parse. 
1430       WARN  main            d.u.i.k.n.ParsingFacade   Parsing time 136 ms. 
1431       WARN  main            d.u.i.k.n.ParsingFacade   file:/home/runner/work/key/key/key.core/build/resources/main/de/uka/ilkd/key/proof/rules/charListHeader.key took 0 ms to parse. 
1431       WARN  main            d.u.i.k.n.ParsingFacade   Parsing time 136 ms. 
1695       WARN  main            d.u.i.k.n.ParsingFacade   file:/home/runner/work/key/key/key.core/build/resources/main/de/uka/ilkd/key/proof/rules/propRule.key took 12 ms to parse. 
1696       WARN  main            d.u.i.k.n.ParsingFacade   Parsing time 148 ms. 
1770       WARN  main            d.u.i.k.n.ParsingFacade   file:/home/runner/work/key/key/key.core/build/resources/main/de/uka/ilkd/key/proof/rules/firstOrderRules.key took 15 ms to parse. 
1771       WARN  main            d.u.i.k.n.ParsingFacade   Parsing time 163 ms. 
1833       WARN  main            d.u.i.k.n.ParsingFacade   file:/home/runner/work/key/key/key.core/build/resources/main/de/uka/ilkd/key/proof/rules/ifThenElseRules.key took 20 ms to parse. 
1833       WARN  main            d.u.i.k.n.ParsingFacade   Parsing time 183 ms. 
1918       WARN  main            d.u.i.k.n.ParsingFacade   file:/home/runner/work/key/key/key.core/build/resources/main/de/uka/ilkd/key/proof/rules/formulaNormalisationRules.key took 45 ms to parse. 
1919       WARN  main            d.u.i.k.n.ParsingFacade   Parsing time 228 ms. 
1990       WARN  main            d.u.i.k.n.ParsingFacade   file:/home/runner/work/key/key/key.core/build/resources/main/de/uka/ilkd/key/proof/rules/updateRules.key took 6 ms to parse. 
1990       WARN  main            d.u.i.k.n.ParsingFacade   Parsing time 234 ms. 
2010       WARN  main            d.u.i.k.n.ParsingFacade   file:/home/runner/work/key/key/key.core/build/resources/main/de/uka/ilkd/key/proof/rules/integerRulesCommon.key took 4 ms to parse. 
2011       WARN  main            d.u.i.k.n.ParsingFacade   Parsing time 238 ms. 
2143       WARN  main            d.u.i.k.n.ParsingFacade   file:/home/runner/work/key/key/key.core/build/resources/main/de/uka/ilkd/key/proof/rules/intRules.key took 4 ms to parse. 
2144       WARN  main            d.u.i.k.n.ParsingFacade   Parsing time 242 ms. 
2164       WARN  main            d.u.i.k.n.ParsingFacade   file:/home/runner/work/key/key/key.core/build/resources/main/de/uka/ilkd/key/proof/rules/intRulesUncheckedSemantics.key took 5 ms to parse. 
2164       WARN  main            d.u.i.k.n.ParsingFacade   Parsing time 247 ms. 
2177       WARN  main            d.u.i.k.n.ParsingFacade   file:/home/runner/work/key/key/key.core/build/resources/main/de/uka/ilkd/key/proof/rules/intRulesCheckedSemantics.key took 2 ms to parse. 
2178       WARN  main            d.u.i.k.n.ParsingFacade   Parsing time 249 ms. 
2189       WARN  main            d.u.i.k.n.ParsingFacade   file:/home/runner/work/key/key/key.core/build/resources/main/de/uka/ilkd/key/proof/rules/intRulesJavaSemantics.key took 4 ms to parse. 
2190       WARN  main            d.u.i.k.n.ParsingFacade   Parsing time 253 ms. 
2284       WARN  main            d.u.i.k.n.ParsingFacade   file:/home/runner/work/key/key/key.core/build/resources/main/de/uka/ilkd/key/proof/rules/integerSimplificationRules.key took 78 ms to parse. 
2285       WARN  main            d.u.i.k.n.ParsingFacade   Parsing time 331 ms. 
2426       WARN  main            d.u.i.k.n.ParsingFacade   file:/home/runner/work/key/key/key.core/build/resources/main/de/uka/ilkd/key/proof/rules/intDiv.key took 12 ms to parse. 
2426       WARN  main            d.u.i.k.n.ParsingFacade   Parsing time 343 ms. 
2555       WARN  main            d.u.i.k.n.ParsingFacade   file:/home/runner/work/key/key/key.core/build/resources/main/de/uka/ilkd/key/proof/rules/bsum.key took 40 ms to parse. 
2555       WARN  main            d.u.i.k.n.ParsingFacade   Parsing time 383 ms. 
2694       WARN  main            d.u.i.k.n.ParsingFacade   file:/home/runner/work/key/key/key.core/build/resources/main/de/uka/ilkd/key/proof/rules/bprod.key took 8 ms to parse. 
2694       WARN  main            d.u.i.k.n.ParsingFacade   Parsing time 391 ms. 
2717       WARN  main            d.u.i.k.n.ParsingFacade   file:/home/runner/work/key/key/key.core/build/resources/main/de/uka/ilkd/key/proof/rules/binaryAxioms.key took 1 ms to parse. 
2718       WARN  main            d.u.i.k.n.ParsingFacade   Parsing time 392 ms. 
2727       WARN  main            d.u.i.k.n.ParsingFacade   file:/home/runner/work/key/key/key.core/build/resources/main/de/uka/ilkd/key/proof/rules/binaryLemmas.key took 2 ms to parse. 
2728       WARN  main            d.u.i.k.n.ParsingFacade   Parsing time 394 ms. 
2739       WARN  main            d.u.i.k.n.ParsingFacade   file:/home/runner/work/key/key/key.core/build/resources/main/de/uka/ilkd/key/proof/rules/intPow.key took 3 ms to parse. 
2739       WARN  main            d.u.i.k.n.ParsingFacade   Parsing time 397 ms. 
2755       WARN  main            d.u.i.k.n.ParsingFacade   file:/home/runner/work/key/key/key.core/build/resources/main/de/uka/ilkd/key/proof/rules/floatRulesCommon.key took 5 ms to parse. 
2755       WARN  main            d.u.i.k.n.ParsingFacade   Parsing time 402 ms. 
2774       WARN  main            d.u.i.k.n.ParsingFacade   file:/home/runner/work/key/key/key.core/build/resources/main/de/uka/ilkd/key/proof/rules/floatRules.key took 1 ms to parse. 
2774       WARN  main            d.u.i.k.n.ParsingFacade   Parsing time 403 ms. 
2776       WARN  main            d.u.i.k.n.ParsingFacade   file:/home/runner/work/key/key/key.core/build/resources/main/de/uka/ilkd/key/proof/rules/floatRulesVerifyNormal.key took 1 ms to parse. 
2776       WARN  main            d.u.i.k.n.ParsingFacade   Parsing time 404 ms. 
2780       WARN  main            d.u.i.k.n.ParsingFacade   file:/home/runner/work/key/key/key.core/build/resources/main/de/uka/ilkd/key/proof/rules/floatRulesAssumeStrictfp.key took 4 ms to parse. 
2780       WARN  main            d.u.i.k.n.ParsingFacade   Parsing time 408 ms. 
2828       WARN  main            d.u.i.k.n.ParsingFacade   file:/home/runner/work/key/key/key.core/build/resources/main/de/uka/ilkd/key/proof/rules/genericRules.key took 6 ms to parse. 
2828       WARN  main            d.u.i.k.n.ParsingFacade   Parsing time 414 ms. 
2850       WARN  main            d.u.i.k.n.ParsingFacade   file:/home/runner/work/key/key/key.core/build/resources/main/de/uka/ilkd/key/proof/rules/booleanRules.key took 2 ms to parse. 
2851       WARN  main            d.u.i.k.n.ParsingFacade   Parsing time 416 ms. 
2856       WARN  main            d.u.i.k.n.ParsingFacade   file:/home/runner/work/key/key/key.core/build/resources/main/de/uka/ilkd/key/proof/rules/epsilon.key took 1 ms to parse. 
2856       WARN  main            d.u.i.k.n.ParsingFacade   Parsing time 417 ms. 
2874       WARN  main            d.u.i.k.n.ParsingFacade   file:/home/runner/work/key/key/key.core/build/resources/main/de/uka/ilkd/key/proof/rules/locSetsRules.key took 13 ms to parse. 
2874       WARN  main            d.u.i.k.n.ParsingFacade   Parsing time 430 ms. 
2966       WARN  main            d.u.i.k.n.ParsingFacade   file:/home/runner/work/key/key/key.core/build/resources/main/de/uka/ilkd/key/proof/rules/heapRules.key took 12 ms to parse. 
2966       WARN  main            d.u.i.k.n.ParsingFacade   Parsing time 442 ms. 
3004       WARN  main            d.u.i.k.n.ParsingFacade   file:/home/runner/work/key/key/key.core/build/resources/main/de/uka/ilkd/key/proof/rules/permissionRules.key took 4 ms to parse. 
3005       WARN  main            d.u.i.k.n.ParsingFacade   Parsing time 446 ms. 
3021       WARN  main            d.u.i.k.n.ParsingFacade   file:/home/runner/work/key/key/key.core/build/resources/main/de/uka/ilkd/key/proof/rules/reachRules.key took 4 ms to parse. 
3021       WARN  main            d.u.i.k.n.ParsingFacade   Parsing time 450 ms. 
3036       WARN  main            d.u.i.k.n.ParsingFacade   file:/home/runner/work/key/key/key.core/build/resources/main/de/uka/ilkd/key/proof/rules/seqCoreRules.key took 0 ms to parse. 
3037       WARN  main            d.u.i.k.n.ParsingFacade   Parsing time 450 ms. 
3045       WARN  main            d.u.i.k.n.ParsingFacade   file:/home/runner/work/key/key/key.core/build/resources/main/de/uka/ilkd/key/proof/rules/seqRules.key took 5 ms to parse. 
3046       WARN  main            d.u.i.k.n.ParsingFacade   Parsing time 455 ms. 
3108       WARN  main            d.u.i.k.n.ParsingFacade   file:/home/runner/work/key/key/key.core/build/resources/main/de/uka/ilkd/key/proof/rules/seqPerm.key took 4 ms to parse. 
3109       WARN  main            d.u.i.k.n.ParsingFacade   Parsing time 459 ms. 
3146       WARN  main            d.u.i.k.n.ParsingFacade   file:/home/runner/work/key/key/key.core/build/resources/main/de/uka/ilkd/key/proof/rules/seqPerm2.key took 2 ms to parse. 
3148       WARN  main            d.u.i.k.n.ParsingFacade   Parsing time 461 ms. 
3234       WARN  main            d.u.i.k.n.ParsingFacade   file:/home/runner/work/key/key/key.core/build/resources/main/de/uka/ilkd/key/proof/rules/javaRules.key took 73 ms to parse. 
3235       WARN  main            d.u.i.k.n.ParsingFacade   Parsing time 534 ms. 
3243       WARN  main            d.u.i.k.n.ParsingFacade   file:/home/runner/work/key/key/key.core/build/resources/main/de/uka/ilkd/key/proof/rules/assertions.key took 1 ms to parse. 
3244       WARN  main            d.u.i.k.n.ParsingFacade   Parsing time 535 ms. 
4357       WARN  main            d.u.i.k.n.ParsingFacade   file:/home/runner/work/key/key/key.core/build/resources/main/de/uka/ilkd/key/proof/rules/loopRules.key took 4 ms to parse. 
4358       WARN  main            d.u.i.k.n.ParsingFacade   Parsing time 539 ms. 
4372       WARN  main            d.u.i.k.n.ParsingFacade   file:/home/runner/work/key/key/key.core/build/resources/main/de/uka/ilkd/key/proof/rules/activeUse.key took 2 ms to parse. 
4373       WARN  main            d.u.i.k.n.ParsingFacade   Parsing time 541 ms. 
4465       WARN  main            d.u.i.k.n.ParsingFacade   file:/home/runner/work/key/key/key.core/build/resources/main/de/uka/ilkd/key/proof/rules/instanceAllocation.key took 7 ms to parse. 
4466       WARN  main            d.u.i.k.n.ParsingFacade   Parsing time 548 ms. 
4488       WARN  main            d.u.i.k.n.ParsingFacade   file:/home/runner/work/key/key/key.core/build/resources/main/de/uka/ilkd/key/proof/rules/java5.key took 0 ms to parse. 
4489       WARN  main            d.u.i.k.n.ParsingFacade   Parsing time 548 ms. 
4501       WARN  main            d.u.i.k.n.ParsingFacade   file:/home/runner/work/key/key/key.core/build/resources/main/de/uka/ilkd/key/proof/rules/integerAssignment2UpdateRules.key took 4 ms to parse. 
4502       WARN  main            d.u.i.k.n.ParsingFacade   Parsing time 552 ms. 
4584       WARN  main            d.u.i.k.n.ParsingFacade   file:/home/runner/work/key/key/key.core/build/resources/main/de/uka/ilkd/key/proof/rules/floatAssignment2UpdateRules.key took 11 ms to parse. 
4585       WARN  main            d.u.i.k.n.ParsingFacade   Parsing time 563 ms. 
4614       WARN  main            d.u.i.k.n.ParsingFacade   file:/home/runner/work/key/key/key.core/build/resources/main/de/uka/ilkd/key/proof/rules/bigint.key took 3 ms to parse. 
4615       WARN  main            d.u.i.k.n.ParsingFacade   Parsing time 566 ms. 
4651       WARN  main            d.u.i.k.n.ParsingFacade   file:/home/runner/work/key/key/key.core/build/resources/main/de/uka/ilkd/key/proof/rules/adtProgramDecompositionRules.key took 1 ms to parse. 
4656       WARN  main            d.u.i.k.n.ParsingFacade   Parsing time 567 ms. 
4691       WARN  main            d.u.i.k.n.ParsingFacade   file:/home/runner/work/key/key/key.core/build/resources/main/de/uka/ilkd/key/proof/rules/precRules.key took 1 ms to parse. 
4691       WARN  main            d.u.i.k.n.ParsingFacade   Parsing time 568 ms. 
4697       WARN  main            d.u.i.k.n.ParsingFacade   file:/home/runner/work/key/key/key.core/build/resources/main/de/uka/ilkd/key/proof/rules/charListRules.key took 2 ms to parse. 
4698       WARN  main            d.u.i.k.n.ParsingFacade   Parsing time 570 ms. 
4712       WARN  main            d.u.i.k.n.ParsingFacade   file:/home/runner/work/key/key/key.core/build/resources/main/de/uka/ilkd/key/proof/rules/regExTheory.key took 0 ms to parse. 
4714       WARN  main            d.u.i.k.n.ParsingFacade   Parsing time 570 ms. 
4717       WARN  main            d.u.i.k.n.ParsingFacade   file:/home/runner/work/key/key/key.core/build/resources/main/de/uka/ilkd/key/proof/rules/regExHeader.key took 1 ms to parse. 
4719       WARN  main            d.u.i.k.n.ParsingFacade   Parsing time 571 ms. 
4727       WARN  main            d.u.i.k.n.ParsingFacade   file:/home/runner/work/key/key/key.core/build/resources/main/de/uka/ilkd/key/proof/rules/regExAxioms.key took 1 ms to parse. 
4734       WARN  main            d.u.i.k.n.ParsingFacade   Parsing time 572 ms. 
4747       WARN  main            d.u.i.k.n.ParsingFacade   file:/home/runner/work/key/key/key.core/build/resources/main/de/uka/ilkd/key/proof/rules/regExLemmaProven.key took 1 ms to parse. 
4749       WARN  main            d.u.i.k.n.ParsingFacade   Parsing time 573 ms. 
4772       WARN  main            d.u.i.k.n.ParsingFacade   file:/home/runner/work/key/key/key.core/build/resources/main/de/uka/ilkd/key/proof/rules/seqEq.key took 3 ms to parse. 
4775       WARN  main            d.u.i.k.n.ParsingFacade   Parsing time 576 ms. 
4795       WARN  main            d.u.i.k.n.ParsingFacade   file:/home/runner/work/key/key/key.core/build/resources/main/de/uka/ilkd/key/proof/rules/infFlow.key took 8 ms to parse. 
4797       WARN  main            d.u.i.k.n.ParsingFacade   Parsing time 584 ms. 
4813       WARN  main            d.u.i.k.n.ParsingFacade   file:/home/runner/work/key/key/key.core/build/resources/main/de/uka/ilkd/key/proof/rules/mapSize.key took 1 ms to parse. 
4816       WARN  main            d.u.i.k.n.ParsingFacade   Parsing time 585 ms. 
4826       WARN  main            d.u.i.k.n.ParsingFacade   file:/home/runner/work/key/key/key.core/build/resources/main/de/uka/ilkd/key/proof/rules/wd.key took 0 ms to parse. 
4826       WARN  main            d.u.i.k.n.ParsingFacade   Parsing time 585 ms. 
4832       WARN  main            d.u.i.k.n.ParsingFacade   file:/home/runner/work/key/key/key.core/build/resources/main/de/uka/ilkd/key/proof/rules/wdHeader.key took 1 ms to parse. 
4832       WARN  main            d.u.i.k.n.ParsingFacade   Parsing time 586 ms. 
4834       WARN  main            d.u.i.k.n.ParsingFacade   file:/home/runner/work/key/key/key.core/build/resources/main/de/uka/ilkd/key/proof/rules/wdGeneralRules.key took 1 ms to parse. 
4835       WARN  main            d.u.i.k.n.ParsingFacade   Parsing time 587 ms. 
4848       WARN  main            d.u.i.k.n.ParsingFacade   file:/home/runner/work/key/key/key.core/build/resources/main/de/uka/ilkd/key/proof/rules/wdNumericalRules.key took 4 ms to parse. 
4848       WARN  main            d.u.i.k.n.ParsingFacade   Parsing time 591 ms. 
4868       WARN  main            d.u.i.k.n.ParsingFacade   file:/home/runner/work/key/key/key.core/build/resources/main/de/uka/ilkd/key/proof/rules/wdLocSetRules.key took 0 ms to parse. 
4869       WARN  main            d.u.i.k.n.ParsingFacade   Parsing time 591 ms. 
4876       WARN  main            d.u.i.k.n.ParsingFacade   file:/home/runner/work/key/key/key.core/build/resources/main/de/uka/ilkd/key/proof/rules/wdHeapRules.key took 0 ms to parse. 
4876       WARN  main            d.u.i.k.n.ParsingFacade   Parsing time 591 ms. 
4880       WARN  main            d.u.i.k.n.ParsingFacade   file:/home/runner/work/key/key/key.core/build/resources/main/de/uka/ilkd/key/proof/rules/wdReachRules.key took 0 ms to parse. 
4881       WARN  main            d.u.i.k.n.ParsingFacade   Parsing time 591 ms. 
4883       WARN  main            d.u.i.k.n.ParsingFacade   file:/home/runner/work/key/key/key.core/build/resources/main/de/uka/ilkd/key/proof/rules/wdSeqRules.key took 0 ms to parse. 
4884       WARN  main            d.u.i.k.n.ParsingFacade   Parsing time 591 ms. 
4887       WARN  main            d.u.i.k.n.ParsingFacade   file:/home/runner/work/key/key/key.core/build/resources/main/de/uka/ilkd/key/proof/rules/wdStringRules.key took 0 ms to parse. 
4888       WARN  main            d.u.i.k.n.ParsingFacade   Parsing time 591 ms. 
4892       WARN  main            d.u.i.k.n.ParsingFacade   file:/home/runner/work/key/key/key.core/build/resources/main/de/uka/ilkd/key/proof/rules/wdRegExRules.key took 0 ms to parse. 
4893       WARN  main            d.u.i.k.n.ParsingFacade   Parsing time 591 ms. 
4899       WARN  main            d.u.i.k.n.ParsingFacade   file:/home/runner/work/key/key/key.core/build/resources/main/de/uka/ilkd/key/proof/rules/wdFormulaRules.key took 4 ms to parse. 
4900       WARN  main            d.u.i.k.n.ParsingFacade   Parsing time 595 ms. 
4915       WARN  main            d.u.i.k.n.ParsingFacade   file:/home/runner/work/key/key/key.core/build/resources/main/de/uka/ilkd/key/proof/rules/loopInvariantRules.key took 0 ms to parse. 
4916       WARN  main            d.u.i.k.n.ParsingFacade   Parsing time 595 ms. 
4919       WARN  main            d.u.i.k.n.ParsingFacade   file:/home/runner/work/key/key/key.core/build/resources/main/de/uka/ilkd/key/proof/rules/forLoopRules.key took 1 ms to parse. 
4920       WARN  main            d.u.i.k.n.ParsingFacade   Parsing time 596 ms. 
4932       WARN  main            d.u.i.k.n.ParsingFacade   file:/home/runner/work/key/key/key.core/build/resources/main/de/uka/ilkd/key/proof/rules/execRules.key took 6 ms to parse. 
4933       WARN  main            d.u.i.k.n.ParsingFacade   Parsing time 602 ms. 
5114       WARN  main            d.u.i.k.n.ParsingFacade   file:/home/runner/work/key/key/key.core/build/resources/main/de/uka/ilkd/key/proof/rules/loopScopeRules.key took 2 ms to parse. 
5115       WARN  main            d.u.i.k.n.ParsingFacade   Parsing time 604 ms. 
9878       WARN  main            d.u.i.k.n.ParsingFacade   file:/home/runner/work/key/key/key.core/build/resources/main/de/uka/ilkd/key/java/JavaRedux/java/lang/String.key took 7 ms to parse. 
9879       WARN  main            d.u.i.k.n.ParsingFacade   Parsing time 611 ms. 
13349      WARN  main            d.u.i.k.n.ParsingFacade   /home/runner/work/key/key/key.core/../key.ui/examples/InformationFlow/MethodContracts/contract.IFMethodContract(contract.IFMethodContract__secure_recursion_2((I,int)).Non-interference contract.0.key took 0 ms to parse. 
13349      WARN  main            d.u.i.k.n.ParsingFacade   Parsing time 611 ms. 
19150      INFO  main            d.u.i.k.p.r.p.TestFile    ... finished proof: closed. 
19402      INFO  main            d.u.i.k.p.r.p.TestFile    Now processing file /home/runner/work/key/key/key.core/../key.ui/examples/InformationFlow/MethodContracts/contract.IFMethodContract(contract.IFMethodContract__secure_recursion(int)).Non-interference contract.0.key 
19403      WARN  main            d.u.i.k.n.ParsingFacade   /home/runner/work/key/key/key.core/../key.ui/examples/InformationFlow/MethodContracts/contract.IFMethodContract(contract.IFMethodContract__secure_recursion(int)).Non-interference contract.0.key took 0 ms to parse. 
19404      WARN  main            d.u.i.k.n.ParsingFacade   Parsing time 611 ms. 
20917      WARN  main            d.u.i.k.n.ParsingFacade   file:/home/runner/work/key/key/key.core/build/resources/main/de/uka/ilkd/key/java/JavaRedux/java/lang/String.key took 2 ms to parse. 
20918      WARN  main            d.u.i.k.n.ParsingFacade   Parsing time 613 ms. 
23536      WARN  main            d.u.i.k.n.ParsingFacade   /home/runner/work/key/key/key.core/../key.ui/examples/InformationFlow/MethodContracts/contract.IFMethodContract(contract.IFMethodContract__secure_recursion(int)).Non-interference contract.0.key took 0 ms to parse. 
23537      WARN  main            d.u.i.k.n.ParsingFacade   Parsing time 613 ms. 
24245      INFO  main            d.u.i.k.p.r.p.TestFile    ... finished proof: closed. 
24441      INFO  main            d.u.i.k.p.r.p.TestFile    Now processing file /home/runner/work/key/key/key.core/../key.ui/examples/InformationFlow/MethodContracts/contract.IFMethodContract(contract.IFMethodContract__secure_catch_exception()).Non-interference contract.0.key 
24444      WARN  main            d.u.i.k.n.ParsingFacade   /home/runner/work/key/key/key.core/../key.ui/examples/InformationFlow/MethodContracts/contract.IFMethodContract(contract.IFMethodContract__secure_catch_exception()).Non-interference contract.0.key took 0 ms to parse. 
24444      WARN  main            d.u.i.k.n.ParsingFacade   Parsing time 613 ms. 
25714      WARN  main            d.u.i.k.n.ParsingFacade   file:/home/runner/work/key/key/key.core/build/resources/main/de/uka/ilkd/key/java/JavaRedux/java/lang/String.key took 1 ms to parse. 
25715      WARN  main            d.u.i.k.n.ParsingFacade   Parsing time 614 ms. 
28198      WARN  main            d.u.i.k.n.ParsingFacade   /home/runner/work/key/key/key.core/../key.ui/examples/InformationFlow/MethodContracts/contract.IFMethodContract(contract.IFMethodContract__secure_catch_exception()).Non-interference contract.0.key took 0 ms to parse. 
28199      WARN  main            d.u.i.k.n.ParsingFacade   Parsing time 614 ms. 
28714      INFO  main            d.u.i.k.p.r.p.TestFile    ... finished proof: closed. 
28923      INFO  main            d.u.i.k.p.r.p.TestFile    Now processing file /home/runner/work/key/key/key.core/../key.ui/examples/InformationFlow/MethodContracts/contract.IFMethodContract(contract.IFMethodContract__n6()).Non-interference contract.0.key 
28927      WARN  main            d.u.i.k.n.ParsingFacade   /home/runner/work/key/key/key.core/../key.ui/examples/InformationFlow/MethodContracts/contract.IFMethodContract(contract.IFMethodContract__n6()).Non-interference contract.0.key took 0 ms to parse. 
28928      WARN  main            d.u.i.k.n.ParsingFacade   Parsing time 614 ms. 
30356      WARN  main            d.u.i.k.n.ParsingFacade   file:/home/runner/work/key/key/key.core/build/resources/main/de/uka/ilkd/key/java/JavaRedux/java/lang/String.key took 2 ms to parse. 
30356      WARN  main            d.u.i.k.n.ParsingFacade   Parsing time 616 ms. 
32821      WARN  main            d.u.i.k.n.ParsingFacade   /home/runner/work/key/key/key.core/../key.ui/examples/InformationFlow/MethodContracts/contract.IFMethodContract(contract.IFMethodContract__n6()).Non-interference contract.0.key took 0 ms to parse. 
32821      WARN  main            d.u.i.k.n.ParsingFacade   Parsing time 616 ms. 
33137      INFO  main            d.u.i.k.p.r.p.TestFile    ... finished proof: closed. 
33425      INFO  main            d.u.i.k.p.r.p.TestFile    Now processing file /home/runner/work/key/key/key.core/../key.ui/examples/InformationFlow/MethodContracts/contract.IFMethodContract(contract.IFMethodContract__secure_n6()).Non-interference contract.0.key 
33425      WARN  main            d.u.i.k.n.ParsingFacade   /home/runner/work/key/key/key.core/../key.ui/examples/InformationFlow/MethodContracts/contract.IFMethodContract(contract.IFMethodContract__secure_n6()).Non-interference contract.0.key took 0 ms to parse. 
33426      WARN  main            d.u.i.k.n.ParsingFacade   Parsing time 616 ms. 
34679      WARN  main            d.u.i.k.n.ParsingFacade   file:/home/runner/work/key/key/key.core/build/resources/main/de/uka/ilkd/key/java/JavaRedux/java/lang/String.key took 2 ms to parse. 
34680      WARN  main            d.u.i.k.n.ParsingFacade   Parsing time 618 ms. 
37218      WARN  main            d.u.i.k.n.ParsingFacade   /home/runner/work/key/key/key.core/../key.ui/examples/InformationFlow/MethodContracts/contract.IFMethodContract(contract.IFMethodContract__secure_n6()).Non-interference contract.0.key took 0 ms to parse. 
37219      WARN  main            d.u.i.k.n.ParsingFacade   Parsing time 618 ms. 
37521      INFO  main            d.u.i.k.p.r.p.TestFile    ... finished proof: closed. 
37704      INFO  main            d.u.i.k.p.r.p.TestFile    Now processing file /home/runner/work/key/key/key.core/../key.ui/examples/InformationFlow/MethodContracts/contract.IFMethodContract(contract.IFMethodContract__secure_array_param((I,int)).Non-interference contract.0.key 
37706      WARN  main            d.u.i.k.n.ParsingFacade   /home/runner/work/key/key/key.core/../key.ui/examples/InformationFlow/MethodContracts/contract.IFMethodContract(contract.IFMethodContract__secure_array_param((I,int)).Non-interference contract.0.key took 0 ms to parse. 
37706      WARN  main            d.u.i.k.n.ParsingFacade   Parsing time 618 ms. 
38952      WARN  main            d.u.i.k.n.ParsingFacade   file:/home/runner/work/key/key/key.core/build/resources/main/de/uka/ilkd/key/java/JavaRedux/java/lang/String.key took 1 ms to parse. 
38953      WARN  main            d.u.i.k.n.ParsingFacade   Parsing time 619 ms. 
41426      WARN  main            d.u.i.k.n.ParsingFacade   /home/runner/work/key/key/key.core/../key.ui/examples/InformationFlow/MethodContracts/contract.IFMethodContract(contract.IFMethodContract__secure_array_param((I,int)).Non-interference contract.0.key took 0 ms to parse. 
41426      WARN  main            d.u.i.k.n.ParsingFacade   Parsing time 619 ms. 
42932      INFO  main            d.u.i.k.p.r.p.TestFile    ... finished proof: closed. 
43219      INFO  main            d.u.i.k.p.r.p.TestFile    Now processing file /home/runner/work/key/key/key.core/../key.ui/examples/InformationFlow/MethodContracts/contract.IFMethodContract(contract.IFMethodContract__secure_assignment_0_n9()).Non-interference contract.0.key 
43220      WARN  main            d.u.i.k.n.ParsingFacade   /home/runner/work/key/key/key.core/../key.ui/examples/InformationFlow/MethodContracts/contract.IFMethodContract(contract.IFMethodContract__secure_assignment_0_n9()).Non-interference contract.0.key took 0 ms to parse. 
43221      WARN  main            d.u.i.k.n.ParsingFacade   Parsing time 619 ms. 
44396      WARN  main            d.u.i.k.n.ParsingFacade   file:/home/runner/work/key/key/key.core/build/resources/main/de/uka/ilkd/key/java/JavaRedux/java/lang/String.key took 2 ms to parse. 
44397      WARN  main            d.u.i.k.n.ParsingFacade   Parsing time 621 ms. 
46706      WARN  main            d.u.i.k.n.ParsingFacade   /home/runner/work/key/key/key.core/../key.ui/examples/InformationFlow/MethodContracts/contract.IFMethodContract(contract.IFMethodContract__secure_assignment_0_n9()).Non-interference contract.0.key took 0 ms to parse. 
46706      WARN  main            d.u.i.k.n.ParsingFacade   Parsing time 621 ms. 
47121      INFO  main            d.u.i.k.p.r.p.TestFile    ... finished proof: closed. 
47370      INFO  main            d.u.i.k.p.r.p.TestFile    Now processing file /home/runner/work/key/key/key.core/../key.ui/examples/InformationFlow/MethodContracts/contract.IFMethodContract(contract.IFMethodContract__insecure_if_high_n5_n1()).Non-interference contract.0.key 
47371      WARN  main            d.u.i.k.n.ParsingFacade   /home/runner/work/key/key/key.core/../key.ui/examples/InformationFlow/MethodContracts/contract.IFMethodContract(contract.IFMethodContract__insecure_if_high_n5_n1()).Non-interference contract.0.key took 0 ms to parse. 
47372      WARN  main            d.u.i.k.n.ParsingFacade   Parsing time 621 ms. 
48502      WARN  main            d.u.i.k.n.ParsingFacade   file:/home/runner/work/key/key/key.core/build/resources/main/de/uka/ilkd/key/java/JavaRedux/java/lang/String.key took 1 ms to parse. 
48503      WARN  main            d.u.i.k.n.ParsingFacade   Parsing time 622 ms. 
51069      WARN  main            d.u.i.k.n.ParsingFacade   /home/runner/work/key/key/key.core/../key.ui/examples/InformationFlow/MethodContracts/contract.IFMethodContract(contract.IFMethodContract__insecure_if_high_n5_n1()).Non-interference contract.0.key took 1 ms to parse. 
51071      WARN  main            d.u.i.k.n.ParsingFacade   Parsing time 623 ms. 
52302      INFO  main            d.u.i.k.p.r.p.TestFile    ... finished proof: open goal(s) 
52549      INFO  main            d.u.i.k.p.r.p.TestFile    Now processing file /home/runner/work/key/key/key.core/../key.ui/examples/InformationFlow/MethodContracts/contract.IFMethodContract(contract.IFMethodContract__n5(int)).Non-interference contract.0.key 
52549      WARN  main            d.u.i.k.n.ParsingFacade   /home/runner/work/key/key/key.core/../key.ui/examples/InformationFlow/MethodContracts/contract.IFMethodContract(contract.IFMethodContract__n5(int)).Non-interference contract.0.key took 0 ms to parse. 
52550      WARN  main            d.u.i.k.n.ParsingFacade   Parsing time 623 ms. 
53819      WARN  main            d.u.i.k.n.ParsingFacade   file:/home/runner/work/key/key/key.core/build/resources/main/de/uka/ilkd/key/java/JavaRedux/java/lang/String.key took 1 ms to parse. 
53819      WARN  main            d.u.i.k.n.ParsingFacade   Parsing time 624 ms. 
56190      WARN  main            d.u.i.k.n.ParsingFacade   /home/runner/work/key/key/key.core/../key.ui/examples/InformationFlow/MethodContracts/contract.IFMethodContract(contract.IFMethodContract__n5(int)).Non-interference contract.0.key took 0 ms to parse. 
56191      WARN  main            d.u.i.k.n.ParsingFacade   Parsing time 624 ms. 
56393      INFO  main            d.u.i.k.p.r.p.TestFile    ... finished proof: closed. 
56611      INFO  main            d.u.i.k.p.r.p.TestFile    Now processing file /home/runner/work/key/key/key.core/../key.ui/examples/InformationFlow/MethodContracts/contract.IFMethodContract(contract.IFMethodContract__secure_if_high_n5_n1()).Non-interference contract.0.key 
56615      WARN  main            d.u.i.k.n.ParsingFacade   /home/runner/work/key/key/key.core/../key.ui/examples/InformationFlow/MethodContracts/contract.IFMethodContract(contract.IFMethodContract__secure_if_high_n5_n1()).Non-interference contract.0.key took 0 ms to parse. 
56616      WARN  main            d.u.i.k.n.ParsingFacade   Parsing time 624 ms. 
57881      WARN  main            d.u.i.k.n.ParsingFacade   file:/home/runner/work/key/key/key.core/build/resources/main/de/uka/ilkd/key/java/JavaRedux/java/lang/String.key took 1 ms to parse. 
57881      WARN  main            d.u.i.k.n.ParsingFacade   Parsing time 625 ms. 
60317      WARN  main            d.u.i.k.n.ParsingFacade   /home/runner/work/key/key/key.core/../key.ui/examples/InformationFlow/MethodContracts/contract.IFMethodContract(contract.IFMethodContract__secure_if_high_n5_n1()).Non-interference contract.0.key took 0 ms to parse. 
60318      WARN  main            d.u.i.k.n.ParsingFacade   Parsing time 625 ms. 
62134      INFO  main            d.u.i.k.p.r.p.TestFile    ... finished proof: closed. 
62419      INFO  main            d.u.i.k.p.r.p.TestFile    Now processing file /home/runner/work/key/key/key.core/../key.ui/examples/InformationFlow/MethodContracts/contract.IFMethodContract(contract.IFMethodContract__secure_if_high_n1()).Non-interference contract.0.key 
62420      WARN  main            d.u.i.k.n.ParsingFacade   /home/runner/work/key/key/key.core/../key.ui/examples/InformationFlow/MethodContracts/contract.IFMethodContract(contract.IFMethodContract__secure_if_high_n1()).Non-interference contract.0.key took 0 ms to parse. 
62420      WARN  main            d.u.i.k.n.ParsingFacade   Parsing time 625 ms. 
63629      WARN  main            d.u.i.k.n.ParsingFacade   file:/home/runner/work/key/key/key.core/build/resources/main/de/uka/ilkd/key/java/JavaRedux/java/lang/String.key took 1 ms to parse. 
63629      WARN  main            d.u.i.k.n.ParsingFacade   Parsing time 626 ms. 
66187      WARN  main            d.u.i.k.n.ParsingFacade   /home/runner/work/key/key/key.core/../key.ui/examples/InformationFlow/MethodContracts/contract.IFMethodContract(contract.IFMethodContract__secure_if_high_n1()).Non-interference contract.0.key took 0 ms to parse. 
66187      WARN  main            d.u.i.k.n.ParsingFacade   Parsing time 626 ms. 
67094      INFO  main            d.u.i.k.p.r.p.TestFile    ... finished proof: closed. 
67348      INFO  main            d.u.i.k.p.r.p.TestFile    Now processing file /home/runner/work/key/key/key.core/../key.ui/examples/InformationFlow/MethodContracts/contract.IFMethodContract(contract.IFMethodContract__secure_n5()).Non-interference contract.0.key 
67350      WARN  main            d.u.i.k.n.ParsingFacade   /home/runner/work/key/key/key.core/../key.ui/examples/InformationFlow/MethodContracts/contract.IFMethodContract(contract.IFMethodContract__secure_n5()).Non-interference contract.0.key took 1 ms to parse. 
67352      WARN  main            d.u.i.k.n.ParsingFacade   Parsing time 627 ms. 
68576      WARN  main            d.u.i.k.n.ParsingFacade   file:/home/runner/work/key/key/key.core/build/resources/main/de/uka/ilkd/key/java/JavaRedux/java/lang/String.key took 1 ms to parse. 
68576      WARN  main            d.u.i.k.n.ParsingFacade   Parsing time 628 ms. 
70854      WARN  main            d.u.i.k.n.ParsingFacade   /home/runner/work/key/key/key.core/../key.ui/examples/InformationFlow/MethodContracts/contract.IFMethodContract(contract.IFMethodContract__secure_n5()).Non-interference contract.0.key took 1 ms to parse. 
70854      WARN  main            d.u.i.k.n.ParsingFacade   Parsing time 629 ms. 
71158      INFO  main            d.u.i.k.p.r.p.TestFile    ... finished proof: closed. 
71471      INFO  main            d.u.i.k.p.r.p.TestFile    Now processing file /home/runner/work/key/key/key.core/../key.ui/examples/InformationFlow/MethodContracts/contract.IFMethodContract(contract.IFMethodContract__n4()).Non-interference contract.0.key 
71472      WARN  main            d.u.i.k.n.ParsingFacade   /home/runner/work/key/key/key.core/../key.ui/examples/InformationFlow/MethodContracts/contract.IFMethodContract(contract.IFMethodContract__n4()).Non-interference contract.0.key took 0 ms to parse. 
71472      WARN  main            d.u.i.k.n.ParsingFacade   Parsing time 629 ms. 
72636      WARN  main            d.u.i.k.n.ParsingFacade   file:/home/runner/work/key/key/key.core/build/resources/main/de/uka/ilkd/key/java/JavaRedux/java/lang/String.key took 1 ms to parse. 
72637      WARN  main            d.u.i.k.n.ParsingFacade   Parsing time 630 ms. 
75182      WARN  main            d.u.i.k.n.ParsingFacade   /home/runner/work/key/key/key.core/../key.ui/examples/InformationFlow/MethodContracts/contract.IFMethodContract(contract.IFMethodContract__n4()).Non-interference contract.0.key took 1 ms to parse. 
75183      WARN  main            d.u.i.k.n.ParsingFacade   Parsing time 631 ms. 
75389      INFO  main            d.u.i.k.p.r.p.TestFile    ... finished proof: closed. 
75641      INFO  main            d.u.i.k.p.r.p.TestFile    Now processing file /home/runner/work/key/key/key.core/../key.ui/examples/InformationFlow/MethodContracts/contract.IFMethodContract(contract.IFMethodContract__n3()).Non-interference contract.0.key 
75643      WARN  main            d.u.i.k.n.ParsingFacade   /home/runner/work/key/key/key.core/../key.ui/examples/InformationFlow/MethodContracts/contract.IFMethodContract(contract.IFMethodContract__n3()).Non-interference contract.0.key took 0 ms to parse. 
75643      WARN  main            d.u.i.k.n.ParsingFacade   Parsing time 631 ms. 
76758      WARN  main            d.u.i.k.n.ParsingFacade   file:/home/runner/work/key/key/key.core/build/resources/main/de/uka/ilkd/key/java/JavaRedux/java/lang/String.key took 3 ms to parse. 
76760      WARN  main            d.u.i.k.n.ParsingFacade   Parsing time 634 ms. 
79235      WARN  main            d.u.i.k.n.ParsingFacade   /home/runner/work/key/key/key.core/../key.ui/examples/InformationFlow/MethodContracts/contract.IFMethodContract(contract.IFMethodContract__n3()).Non-interference contract.0.key took 0 ms to parse. 
79236      WARN  main            d.u.i.k.n.ParsingFacade   Parsing time 634 ms. 
79440      INFO  main            d.u.i.k.p.r.p.TestFile    ... finished proof: closed. 
79709      INFO  main            d.u.i.k.p.r.p.TestFile    Now processing file /home/runner/work/key/key/key.core/../key.ui/examples/InformationFlow/MethodContracts/contract.IFMethodContract(contract.IFMethodContract__secure_sequential_n3_precond_n4()).Non-interference contract.0.key 
79710      WARN  main            d.u.i.k.n.ParsingFacade   /home/runner/work/key/key/key.core/../key.ui/examples/InformationFlow/MethodContracts/contract.IFMethodContract(contract.IFMethodContract__secure_sequential_n3_precond_n4()).Non-interference contract.0.key took 0 ms to parse. 
79711      WARN  main            d.u.i.k.n.ParsingFacade   Parsing time 634 ms. 
80844      WARN  main            d.u.i.k.n.ParsingFacade   file:/home/runner/work/key/key/key.core/build/resources/main/de/uka/ilkd/key/java/JavaRedux/java/lang/String.key took 1 ms to parse. 
80845      WARN  main            d.u.i.k.n.ParsingFacade   Parsing time 635 ms. 
83195      WARN  main            d.u.i.k.n.ParsingFacade   /home/runner/work/key/key/key.core/../key.ui/examples/InformationFlow/MethodContracts/contract.IFMethodContract(contract.IFMethodContract__secure_sequential_n3_precond_n4()).Non-interference contract.0.key took 0 ms to parse. 
83195      WARN  main            d.u.i.k.n.ParsingFacade   Parsing time 635 ms. 
83704      INFO  main            d.u.i.k.p.r.p.TestFile    ... finished proof: closed. 
83936      INFO  main            d.u.i.k.p.r.p.TestFile    Now processing file /home/runner/work/key/key/key.core/../key.ui/examples/InformationFlow/MethodContracts/contract.IFMethodContract(contract.IFMethodContract__insecure_assignment_n2()).Non-interference contract.0.key 
83938      WARN  main            d.u.i.k.n.ParsingFacade   /home/runner/work/key/key/key.core/../key.ui/examples/InformationFlow/MethodContracts/contract.IFMethodContract(contract.IFMethodContract__insecure_assignment_n2()).Non-interference contract.0.key took 0 ms to parse. 
83938      WARN  main            d.u.i.k.n.ParsingFacade   Parsing time 635 ms. 
85073      WARN  main            d.u.i.k.n.ParsingFacade   file:/home/runner/work/key/key/key.core/build/resources/main/de/uka/ilkd/key/java/JavaRedux/java/lang/String.key took 2 ms to parse. 
85074      WARN  main            d.u.i.k.n.ParsingFacade   Parsing time 637 ms. 
87398      WARN  main            d.u.i.k.n.ParsingFacade   /home/runner/work/key/key/key.core/../key.ui/examples/InformationFlow/MethodContracts/contract.IFMethodContract(contract.IFMethodContract__insecure_assignment_n2()).Non-interference contract.0.key took 0 ms to parse. 
87399      WARN  main            d.u.i.k.n.ParsingFacade   Parsing time 637 ms. 
87705      INFO  main            d.u.i.k.p.r.p.TestFile    ... finished proof: open goal(s) 
88006      INFO  main            d.u.i.k.p.r.p.TestFile    Now processing file /home/runner/work/key/key/key.core/../key.ui/examples/InformationFlow/MethodContracts/contract.IFMethodContract(contract.IFMethodContract__secure_assignments_n2()).Non-interference contract.0.key 
88007      WARN  main            d.u.i.k.n.ParsingFacade   /home/runner/work/key/key/key.core/../key.ui/examples/InformationFlow/MethodContracts/contract.IFMethodContract(contract.IFMethodContract__secure_assignments_n2()).Non-interference contract.0.key took 0 ms to parse. 
88008      WARN  main            d.u.i.k.n.ParsingFacade   Parsing time 637 ms. 
89138      WARN  main            d.u.i.k.n.ParsingFacade   file:/home/runner/work/key/key/key.core/build/resources/main/de/uka/ilkd/key/java/JavaRedux/java/lang/String.key took 1 ms to parse. 
89138      WARN  main            d.u.i.k.n.ParsingFacade   Parsing time 638 ms. 
91448      WARN  main            d.u.i.k.n.ParsingFacade   /home/runner/work/key/key/key.core/../key.ui/examples/InformationFlow/MethodContracts/contract.IFMethodContract(contract.IFMethodContract__secure_assignments_n2()).Non-interference contract.0.key took 0 ms to parse. 
91449      WARN  main            d.u.i.k.n.ParsingFacade   Parsing time 638 ms. 
91756      INFO  main            d.u.i.k.p.r.p.TestFile    ... finished proof: closed. 
92083      INFO  main            d.u.i.k.p.r.p.TestFile    Now processing file /home/runner/work/key/key/key.core/../key.ui/examples/InformationFlow/MethodContracts/contract.IFMethodContract(contract.IFMethodContract__n2()).Non-interference contract.0.key 
92087      WARN  main            d.u.i.k.n.ParsingFacade   /home/runner/work/key/key/key.core/../key.ui/examples/InformationFlow/MethodContracts/contract.IFMethodContract(contract.IFMethodContract__n2()).Non-interference contract.0.key took 0 ms to parse. 
92088      WARN  main            d.u.i.k.n.ParsingFacade   Parsing time 638 ms. 
93251      WARN  main            d.u.i.k.n.ParsingFacade   file:/home/runner/work/key/key/key.core/build/resources/main/de/uka/ilkd/key/java/JavaRedux/java/lang/String.key took 1 ms to parse. 
93252      WARN  main            d.u.i.k.n.ParsingFacade   Parsing time 639 ms. 
95788      WARN  main            d.u.i.k.n.ParsingFacade   /home/runner/work/key/key/key.core/../key.ui/examples/InformationFlow/MethodContracts/contract.IFMethodContract(contract.IFMethodContract__n2()).Non-interference contract.0.key took 1 ms to parse. 
95790      WARN  main            d.u.i.k.n.ParsingFacade   Parsing time 640 ms. 
95993      INFO  main            d.u.i.k.p.r.p.TestFile    ... finished proof: closed. 
96293      INFO  main            d.u.i.k.p.r.p.TestFile    Now processing file /home/runner/work/key/key/key.core/../key.ui/examples/InformationFlow/MethodContracts/contract.IFMethodContract(contract.IFMethodContract__n1()).Non-interference contract.0.key 
96295      WARN  main            d.u.i.k.n.ParsingFacade   /home/runner/work/key/key/key.core/../key.ui/examples/InformationFlow/MethodContracts/contract.IFMethodContract(contract.IFMethodContract__n1()).Non-interference contract.0.key took 0 ms to parse. 
96295      WARN  main            d.u.i.k.n.ParsingFacade   Parsing time 640 ms. 
97402      WARN  main            d.u.i.k.n.ParsingFacade   file:/home/runner/work/key/key/key.core/build/resources/main/de/uka/ilkd/key/java/JavaRedux/java/lang/String.key took 1 ms to parse. 
97402      WARN  main            d.u.i.k.n.ParsingFacade   Parsing time 641 ms. 
99779      WARN  main            d.u.i.k.n.ParsingFacade   /home/runner/work/key/key/key.core/../key.ui/examples/InformationFlow/MethodContracts/contract.IFMethodContract(contract.IFMethodContract__n1()).Non-interference contract.0.key took 0 ms to parse. 
99779      WARN  main            d.u.i.k.n.ParsingFacade   Parsing time 641 ms. 
99881      INFO  main            d.u.i.k.p.r.p.TestFile    ... finished proof: closed. 
100108     INFO  main            d.u.i.k.p.r.p.TestFile    Now processing file /home/runner/work/key/key/key.core/../key.ui/examples/InformationFlow/MethodContracts/contract.IFMethodContract(contract.IFMethodContract__secure_sequential_n1_n2()).Non-interference contract.0.key 
100108     WARN  main            d.u.i.k.n.ParsingFacade   /home/runner/work/key/key/key.core/../key.ui/examples/InformationFlow/MethodContracts/contract.IFMethodContract(contract.IFMethodContract__secure_sequential_n1_n2()).Non-interference contract.0.key took 0 ms to parse. 
100108     WARN  main            d.u.i.k.n.ParsingFacade   Parsing time 641 ms. 
101225     WARN  main            d.u.i.k.n.ParsingFacade   file:/home/runner/work/key/key/key.core/build/resources/main/de/uka/ilkd/key/java/JavaRedux/java/lang/String.key took 1 ms to parse. 
101225     WARN  main            d.u.i.k.n.ParsingFacade   Parsing time 642 ms. 
103606     WARN  main            d.u.i.k.n.ParsingFacade   /home/runner/work/key/key/key.core/../key.ui/examples/InformationFlow/MethodContracts/contract.IFMethodContract(contract.IFMethodContract__secure_sequential_n1_n2()).Non-interference contract.0.key took 0 ms to parse. 
103608     WARN  main            d.u.i.k.n.ParsingFacade   Parsing time 642 ms. 
103912     INFO  main            d.u.i.k.p.r.p.TestFile    ... finished proof: closed. 
1294838    INFO  Test worker     d.u.i.k.p.r.RunAllProofsTestUnit Returning from test MethodContracts_nomacro 
1294843    INFO  Test worker     d.u.i.k.p.r.RunAllProofsTestUnit Running test LoopInvariants_nomacro 
536        INFO  Timeout watchdog d.u.i.k.p.r.p.ForkedTestFileRunner Timeout watcher launched (1000 secs.) 
560        WARN  main            d.u.i.k.s.ProofSettings   The settings in /home/runner/.key/proof-settings.props are *not* read. 
609        INFO  main            d.u.i.k.p.r.p.TestFile    Now processing file /home/runner/work/key/key/key.core/../key.ui/examples/InformationFlow/LoopInvariants/loop.IFLoopExamples(loop.IFLoopExamples__insecure_while_3(int)).Non-interference contract.0.key 
932        WARN  main            d.u.i.k.n.ParsingFacade   /home/runner/work/key/key/key.core/../key.ui/examples/InformationFlow/LoopInvariants/loop.IFLoopExamples(loop.IFLoopExamples__insecure_while_3(int)).Non-interference contract.0.key took 16 ms to parse. 
932        WARN  main            d.u.i.k.n.ParsingFacade   Parsing time 16 ms. 
1130       WARN  main            d.u.i.k.n.ParsingFacade   file:/home/runner/work/key/key/key.core/build/resources/main/de/uka/ilkd/key/proof/rules/standardRules.key took 23 ms to parse. 
1130       WARN  main            d.u.i.k.n.ParsingFacade   Parsing time 39 ms. 
1163       WARN  main            d.u.i.k.n.ParsingFacade   file:/home/runner/work/key/key/key.core/build/resources/main/de/uka/ilkd/key/proof/rules/ldt.key took 2 ms to parse. 
1163       WARN  main            d.u.i.k.n.ParsingFacade   Parsing time 41 ms. 
1172       WARN  main            d.u.i.k.n.ParsingFacade   file:/home/runner/work/key/key/key.core/build/resources/main/de/uka/ilkd/key/proof/rules/boolean.key took 4 ms to parse. 
1172       WARN  main            d.u.i.k.n.ParsingFacade   Parsing time 45 ms. 
1199       WARN  main            d.u.i.k.n.ParsingFacade   file:/home/runner/work/key/key/key.core/build/resources/main/de/uka/ilkd/key/proof/rules/ruleSetsDeclarations.key took 8 ms to parse. 
1199       WARN  main            d.u.i.k.n.ParsingFacade   Parsing time 53 ms. 
1232       WARN  main            d.u.i.k.n.ParsingFacade   file:/home/runner/work/key/key/key.core/build/resources/main/de/uka/ilkd/key/proof/rules/integerHeader.key took 5 ms to parse. 
1232       WARN  main            d.u.i.k.n.ParsingFacade   Parsing time 58 ms. 
1234       WARN  main            d.u.i.k.n.ParsingFacade   file:/home/runner/work/key/key/key.core/build/resources/main/de/uka/ilkd/key/proof/rules/floatHeader.key took 1 ms to parse. 
1235       WARN  main            d.u.i.k.n.ParsingFacade   Parsing time 59 ms. 
1238       WARN  main            d.u.i.k.n.ParsingFacade   file:/home/runner/work/key/key/key.core/build/resources/main/de/uka/ilkd/key/proof/rules/heap.key took 2 ms to parse. 
1238       WARN  main            d.u.i.k.n.ParsingFacade   Parsing time 61 ms. 
1242       WARN  main            d.u.i.k.n.ParsingFacade   file:/home/runner/work/key/key/key.core/build/resources/main/de/uka/ilkd/key/proof/rules/locSets.key took 0 ms to parse. 
1242       WARN  main            d.u.i.k.n.ParsingFacade   Parsing time 61 ms. 
1244       WARN  main            d.u.i.k.n.ParsingFacade   file:/home/runner/work/key/key/key.core/build/resources/main/de/uka/ilkd/key/proof/rules/permission.key took 1 ms to parse. 
1244       WARN  main            d.u.i.k.n.ParsingFacade   Parsing time 62 ms. 
1245       WARN  main            d.u.i.k.n.ParsingFacade   file:/home/runner/work/key/key/key.core/build/resources/main/de/uka/ilkd/key/proof/rules/reach.key took 0 ms to parse. 
1245       WARN  main            d.u.i.k.n.ParsingFacade   Parsing time 62 ms. 
1246       WARN  main            d.u.i.k.n.ParsingFacade   file:/home/runner/work/key/key/key.core/build/resources/main/de/uka/ilkd/key/proof/rules/seq.key took 1 ms to parse. 
1246       WARN  main            d.u.i.k.n.ParsingFacade   Parsing time 63 ms. 
1288       WARN  main            d.u.i.k.n.ParsingFacade   file:/home/runner/work/key/key/key.core/build/resources/main/de/uka/ilkd/key/proof/rules/map.key took 41 ms to parse. 
1288       WARN  main            d.u.i.k.n.ParsingFacade   Parsing time 104 ms. 
1289       WARN  main            d.u.i.k.n.ParsingFacade   file:/home/runner/work/key/key/key.core/build/resources/main/de/uka/ilkd/key/proof/rules/freeADT.key took 0 ms to parse. 
1289       WARN  main            d.u.i.k.n.ParsingFacade   Parsing time 104 ms. 
1290       WARN  main            d.u.i.k.n.ParsingFacade   file:/home/runner/work/key/key/key.core/build/resources/main/de/uka/ilkd/key/proof/rules/wellfound.key took 0 ms to parse. 
1290       WARN  main            d.u.i.k.n.ParsingFacade   Parsing time 104 ms. 
1291       WARN  main            d.u.i.k.n.ParsingFacade   file:/home/runner/work/key/key/key.core/build/resources/main/de/uka/ilkd/key/proof/rules/charListHeader.key took 0 ms to parse. 
1291       WARN  main            d.u.i.k.n.ParsingFacade   Parsing time 104 ms. 
1528       WARN  main            d.u.i.k.n.ParsingFacade   file:/home/runner/work/key/key/key.core/build/resources/main/de/uka/ilkd/key/proof/rules/propRule.key took 6 ms to parse. 
1528       WARN  main            d.u.i.k.n.ParsingFacade   Parsing time 110 ms. 
1582       WARN  main            d.u.i.k.n.ParsingFacade   file:/home/runner/work/key/key/key.core/build/resources/main/de/uka/ilkd/key/proof/rules/firstOrderRules.key took 21 ms to parse. 
1582       WARN  main            d.u.i.k.n.ParsingFacade   Parsing time 131 ms. 
1630       WARN  main            d.u.i.k.n.ParsingFacade   file:/home/runner/work/key/key/key.core/build/resources/main/de/uka/ilkd/key/proof/rules/ifThenElseRules.key took 14 ms to parse. 
1631       WARN  main            d.u.i.k.n.ParsingFacade   Parsing time 145 ms. 
1711       WARN  main            d.u.i.k.n.ParsingFacade   file:/home/runner/work/key/key/key.core/build/resources/main/de/uka/ilkd/key/proof/rules/formulaNormalisationRules.key took 39 ms to parse. 
1712       WARN  main            d.u.i.k.n.ParsingFacade   Parsing time 184 ms. 
1852       WARN  main            d.u.i.k.n.ParsingFacade   file:/home/runner/work/key/key/key.core/build/resources/main/de/uka/ilkd/key/proof/rules/updateRules.key took 4 ms to parse. 
1855       WARN  main            d.u.i.k.n.ParsingFacade   Parsing time 188 ms. 
1886       WARN  main            d.u.i.k.n.ParsingFacade   file:/home/runner/work/key/key/key.core/build/resources/main/de/uka/ilkd/key/proof/rules/integerRulesCommon.key took 5 ms to parse. 
1886       WARN  main            d.u.i.k.n.ParsingFacade   Parsing time 193 ms. 
2053       WARN  main            d.u.i.k.n.ParsingFacade   file:/home/runner/work/key/key/key.core/build/resources/main/de/uka/ilkd/key/proof/rules/intRules.key took 9 ms to parse. 
2054       WARN  main            d.u.i.k.n.ParsingFacade   Parsing time 202 ms. 
2088       WARN  main            d.u.i.k.n.ParsingFacade   file:/home/runner/work/key/key/key.core/build/resources/main/de/uka/ilkd/key/proof/rules/intRulesUncheckedSemantics.key took 5 ms to parse. 
2089       WARN  main            d.u.i.k.n.ParsingFacade   Parsing time 207 ms. 
2112       WARN  main            d.u.i.k.n.ParsingFacade   file:/home/runner/work/key/key/key.core/build/resources/main/de/uka/ilkd/key/proof/rules/intRulesCheckedSemantics.key took 1 ms to parse. 
2115       WARN  main            d.u.i.k.n.ParsingFacade   Parsing time 208 ms. 
2129       WARN  main            d.u.i.k.n.ParsingFacade   file:/home/runner/work/key/key/key.core/build/resources/main/de/uka/ilkd/key/proof/rules/intRulesJavaSemantics.key took 4 ms to parse. 
2134       WARN  main            d.u.i.k.n.ParsingFacade   Parsing time 212 ms. 
2244       WARN  main            d.u.i.k.n.ParsingFacade   file:/home/runner/work/key/key/key.core/build/resources/main/de/uka/ilkd/key/proof/rules/integerSimplificationRules.key took 89 ms to parse. 
2244       WARN  main            d.u.i.k.n.ParsingFacade   Parsing time 301 ms. 
2369       WARN  main            d.u.i.k.n.ParsingFacade   file:/home/runner/work/key/key/key.core/build/resources/main/de/uka/ilkd/key/proof/rules/intDiv.key took 14 ms to parse. 
2370       WARN  main            d.u.i.k.n.ParsingFacade   Parsing time 315 ms. 
2428       WARN  main            d.u.i.k.n.ParsingFacade   file:/home/runner/work/key/key/key.core/build/resources/main/de/uka/ilkd/key/proof/rules/bsum.key took 18 ms to parse. 
2429       WARN  main            d.u.i.k.n.ParsingFacade   Parsing time 333 ms. 
2500       WARN  main            d.u.i.k.n.ParsingFacade   file:/home/runner/work/key/key/key.core/build/resources/main/de/uka/ilkd/key/proof/rules/bprod.key took 3 ms to parse. 
2501       WARN  main            d.u.i.k.n.ParsingFacade   Parsing time 336 ms. 
2513       WARN  main            d.u.i.k.n.ParsingFacade   file:/home/runner/work/key/key/key.core/build/resources/main/de/uka/ilkd/key/proof/rules/binaryAxioms.key took 1 ms to parse. 
2514       WARN  main            d.u.i.k.n.ParsingFacade   Parsing time 337 ms. 
2518       WARN  main            d.u.i.k.n.ParsingFacade   file:/home/runner/work/key/key/key.core/build/resources/main/de/uka/ilkd/key/proof/rules/binaryLemmas.key took 1 ms to parse. 
2519       WARN  main            d.u.i.k.n.ParsingFacade   Parsing time 338 ms. 
2526       WARN  main            d.u.i.k.n.ParsingFacade   file:/home/runner/work/key/key/key.core/build/resources/main/de/uka/ilkd/key/proof/rules/intPow.key took 3 ms to parse. 
2526       WARN  main            d.u.i.k.n.ParsingFacade   Parsing time 341 ms. 
2539       WARN  main            d.u.i.k.n.ParsingFacade   file:/home/runner/work/key/key/key.core/build/resources/main/de/uka/ilkd/key/proof/rules/floatRulesCommon.key took 4 ms to parse. 
2549       WARN  main            d.u.i.k.n.ParsingFacade   Parsing time 345 ms. 
2564       WARN  main            d.u.i.k.n.ParsingFacade   file:/home/runner/work/key/key/key.core/build/resources/main/de/uka/ilkd/key/proof/rules/floatRules.key took 0 ms to parse. 
2565       WARN  main            d.u.i.k.n.ParsingFacade   Parsing time 345 ms. 
2567       WARN  main            d.u.i.k.n.ParsingFacade   file:/home/runner/work/key/key/key.core/build/resources/main/de/uka/ilkd/key/proof/rules/floatRulesVerifyNormal.key took 0 ms to parse. 
2567       WARN  main            d.u.i.k.n.ParsingFacade   Parsing time 345 ms. 
2571       WARN  main            d.u.i.k.n.ParsingFacade   file:/home/runner/work/key/key/key.core/build/resources/main/de/uka/ilkd/key/proof/rules/floatRulesAssumeStrictfp.key took 3 ms to parse. 
2572       WARN  main            d.u.i.k.n.ParsingFacade   Parsing time 348 ms. 
2595       WARN  main            d.u.i.k.n.ParsingFacade   file:/home/runner/work/key/key/key.core/build/resources/main/de/uka/ilkd/key/proof/rules/genericRules.key took 2 ms to parse. 
2596       WARN  main            d.u.i.k.n.ParsingFacade   Parsing time 350 ms. 
2607       WARN  main            d.u.i.k.n.ParsingFacade   file:/home/runner/work/key/key/key.core/build/resources/main/de/uka/ilkd/key/proof/rules/booleanRules.key took 0 ms to parse. 
2607       WARN  main            d.u.i.k.n.ParsingFacade   Parsing time 350 ms. 
2611       WARN  main            d.u.i.k.n.ParsingFacade   file:/home/runner/work/key/key/key.core/build/resources/main/de/uka/ilkd/key/proof/rules/epsilon.key took 0 ms to parse. 
2612       WARN  main            d.u.i.k.n.ParsingFacade   Parsing time 350 ms. 
2626       WARN  main            d.u.i.k.n.ParsingFacade   file:/home/runner/work/key/key/key.core/build/resources/main/de/uka/ilkd/key/proof/rules/locSetsRules.key took 11 ms to parse. 
2626       WARN  main            d.u.i.k.n.ParsingFacade   Parsing time 361 ms. 
2689       WARN  main            d.u.i.k.n.ParsingFacade   file:/home/runner/work/key/key/key.core/build/resources/main/de/uka/ilkd/key/proof/rules/heapRules.key took 9 ms to parse. 
2694       WARN  main            d.u.i.k.n.ParsingFacade   Parsing time 370 ms. 
2746       WARN  main            d.u.i.k.n.ParsingFacade   file:/home/runner/work/key/key/key.core/build/resources/main/de/uka/ilkd/key/proof/rules/permissionRules.key took 6 ms to parse. 
2748       WARN  main            d.u.i.k.n.ParsingFacade   Parsing time 376 ms. 
2776       WARN  main            d.u.i.k.n.ParsingFacade   file:/home/runner/work/key/key/key.core/build/resources/main/de/uka/ilkd/key/proof/rules/reachRules.key took 5 ms to parse. 
2778       WARN  main            d.u.i.k.n.ParsingFacade   Parsing time 381 ms. 
2804       WARN  main            d.u.i.k.n.ParsingFacade   file:/home/runner/work/key/key/key.core/build/resources/main/de/uka/ilkd/key/proof/rules/seqCoreRules.key took 1 ms to parse. 
2806       WARN  main            d.u.i.k.n.ParsingFacade   Parsing time 382 ms. 
2822       WARN  main            d.u.i.k.n.ParsingFacade   file:/home/runner/work/key/key/key.core/build/resources/main/de/uka/ilkd/key/proof/rules/seqRules.key took 9 ms to parse. 
2824       WARN  main            d.u.i.k.n.ParsingFacade   Parsing time 391 ms. 
2851       WARN  main            d.u.i.k.n.ParsingFacade   file:/home/runner/work/key/key/key.core/build/resources/main/de/uka/ilkd/key/proof/rules/seqPerm.key took 5 ms to parse. 
2852       WARN  main            d.u.i.k.n.ParsingFacade   Parsing time 396 ms. 
2910       WARN  main            d.u.i.k.n.ParsingFacade   file:/home/runner/work/key/key/key.core/build/resources/main/de/uka/ilkd/key/proof/rules/seqPerm2.key took 1 ms to parse. 
2910       WARN  main            d.u.i.k.n.ParsingFacade   Parsing time 397 ms. 
2990       WARN  main            d.u.i.k.n.ParsingFacade   file:/home/runner/work/key/key/key.core/build/resources/main/de/uka/ilkd/key/proof/rules/javaRules.key took 73 ms to parse. 
2991       WARN  main            d.u.i.k.n.ParsingFacade   Parsing time 470 ms. 
3000       WARN  main            d.u.i.k.n.ParsingFacade   file:/home/runner/work/key/key/key.core/build/resources/main/de/uka/ilkd/key/proof/rules/assertions.key took 1 ms to parse. 
3001       WARN  main            d.u.i.k.n.ParsingFacade   Parsing time 471 ms. 
3871       WARN  main            d.u.i.k.n.ParsingFacade   file:/home/runner/work/key/key/key.core/build/resources/main/de/uka/ilkd/key/proof/rules/loopRules.key took 5 ms to parse. 
3872       WARN  main            d.u.i.k.n.ParsingFacade   Parsing time 476 ms. 
3889       WARN  main            d.u.i.k.n.ParsingFacade   file:/home/runner/work/key/key/key.core/build/resources/main/de/uka/ilkd/key/proof/rules/activeUse.key took 4 ms to parse. 
3889       WARN  main            d.u.i.k.n.ParsingFacade   Parsing time 480 ms. 
3977       WARN  main            d.u.i.k.n.ParsingFacade   file:/home/runner/work/key/key/key.core/build/resources/main/de/uka/ilkd/key/proof/rules/instanceAllocation.key took 7 ms to parse. 
3978       WARN  main            d.u.i.k.n.ParsingFacade   Parsing time 487 ms. 
4000       WARN  main            d.u.i.k.n.ParsingFacade   file:/home/runner/work/key/key/key.core/build/resources/main/de/uka/ilkd/key/proof/rules/java5.key took 0 ms to parse. 
4001       WARN  main            d.u.i.k.n.ParsingFacade   Parsing time 487 ms. 
4012       WARN  main            d.u.i.k.n.ParsingFacade   file:/home/runner/work/key/key/key.core/build/resources/main/de/uka/ilkd/key/proof/rules/integerAssignment2UpdateRules.key took 5 ms to parse. 
4013       WARN  main            d.u.i.k.n.ParsingFacade   Parsing time 492 ms. 
4068       WARN  main            d.u.i.k.n.ParsingFacade   file:/home/runner/work/key/key/key.core/build/resources/main/de/uka/ilkd/key/proof/rules/floatAssignment2UpdateRules.key took 12 ms to parse. 
4074       WARN  main            d.u.i.k.n.ParsingFacade   Parsing time 504 ms. 
4149       WARN  main            d.u.i.k.n.ParsingFacade   file:/home/runner/work/key/key/key.core/build/resources/main/de/uka/ilkd/key/proof/rules/bigint.key took 4 ms to parse. 
4150       WARN  main            d.u.i.k.n.ParsingFacade   Parsing time 508 ms. 
4168       WARN  main            d.u.i.k.n.ParsingFacade   file:/home/runner/work/key/key/key.core/build/resources/main/de/uka/ilkd/key/proof/rules/adtProgramDecompositionRules.key took 2 ms to parse. 
4169       WARN  main            d.u.i.k.n.ParsingFacade   Parsing time 510 ms. 
4192       WARN  main            d.u.i.k.n.ParsingFacade   file:/home/runner/work/key/key/key.core/build/resources/main/de/uka/ilkd/key/proof/rules/precRules.key took 0 ms to parse. 
4193       WARN  main            d.u.i.k.n.ParsingFacade   Parsing time 510 ms. 
4201       WARN  main            d.u.i.k.n.ParsingFacade   file:/home/runner/work/key/key/key.core/build/resources/main/de/uka/ilkd/key/proof/rules/charListRules.key took 4 ms to parse. 
4201       WARN  main            d.u.i.k.n.ParsingFacade   Parsing time 514 ms. 
4212       WARN  main            d.u.i.k.n.ParsingFacade   file:/home/runner/work/key/key/key.core/build/resources/main/de/uka/ilkd/key/proof/rules/regExTheory.key took 0 ms to parse. 
4213       WARN  main            d.u.i.k.n.ParsingFacade   Parsing time 514 ms. 
4215       WARN  main            d.u.i.k.n.ParsingFacade   file:/home/runner/work/key/key/key.core/build/resources/main/de/uka/ilkd/key/proof/rules/regExHeader.key took 1 ms to parse. 
4215       WARN  main            d.u.i.k.n.ParsingFacade   Parsing time 515 ms. 
4219       WARN  main            d.u.i.k.n.ParsingFacade   file:/home/runner/work/key/key/key.core/build/resources/main/de/uka/ilkd/key/proof/rules/regExAxioms.key took 0 ms to parse. 
4221       WARN  main            d.u.i.k.n.ParsingFacade   Parsing time 515 ms. 
4226       WARN  main            d.u.i.k.n.ParsingFacade   file:/home/runner/work/key/key/key.core/build/resources/main/de/uka/ilkd/key/proof/rules/regExLemmaProven.key took 1 ms to parse. 
4227       WARN  main            d.u.i.k.n.ParsingFacade   Parsing time 516 ms. 
4234       WARN  main            d.u.i.k.n.ParsingFacade   file:/home/runner/work/key/key/key.core/build/resources/main/de/uka/ilkd/key/proof/rules/seqEq.key took 2 ms to parse. 
4235       WARN  main            d.u.i.k.n.ParsingFacade   Parsing time 518 ms. 
4242       WARN  main            d.u.i.k.n.ParsingFacade   file:/home/runner/work/key/key/key.core/build/resources/main/de/uka/ilkd/key/proof/rules/infFlow.key took 2 ms to parse. 
4243       WARN  main            d.u.i.k.n.ParsingFacade   Parsing time 520 ms. 
4249       WARN  main            d.u.i.k.n.ParsingFacade   file:/home/runner/work/key/key/key.core/build/resources/main/de/uka/ilkd/key/proof/rules/mapSize.key took 1 ms to parse. 
4250       WARN  main            d.u.i.k.n.ParsingFacade   Parsing time 521 ms. 
4253       WARN  main            d.u.i.k.n.ParsingFacade   file:/home/runner/work/key/key/key.core/build/resources/main/de/uka/ilkd/key/proof/rules/wd.key took 0 ms to parse. 
4253       WARN  main            d.u.i.k.n.ParsingFacade   Parsing time 521 ms. 
4259       WARN  main            d.u.i.k.n.ParsingFacade   file:/home/runner/work/key/key/key.core/build/resources/main/de/uka/ilkd/key/proof/rules/wdHeader.key took 0 ms to parse. 
4260       WARN  main            d.u.i.k.n.ParsingFacade   Parsing time 521 ms. 
4262       WARN  main            d.u.i.k.n.ParsingFacade   file:/home/runner/work/key/key/key.core/build/resources/main/de/uka/ilkd/key/proof/rules/wdGeneralRules.key took 1 ms to parse. 
4263       WARN  main            d.u.i.k.n.ParsingFacade   Parsing time 522 ms. 
4277       WARN  main            d.u.i.k.n.ParsingFacade   file:/home/runner/work/key/key/key.core/build/resources/main/de/uka/ilkd/key/proof/rules/wdNumericalRules.key took 6 ms to parse. 
4278       WARN  main            d.u.i.k.n.ParsingFacade   Parsing time 528 ms. 
4308       WARN  main            d.u.i.k.n.ParsingFacade   file:/home/runner/work/key/key/key.core/build/resources/main/de/uka/ilkd/key/proof/rules/wdLocSetRules.key took 1 ms to parse. 
4309       WARN  main            d.u.i.k.n.ParsingFacade   Parsing time 529 ms. 
4315       WARN  main            d.u.i.k.n.ParsingFacade   file:/home/runner/work/key/key/key.core/build/resources/main/de/uka/ilkd/key/proof/rules/wdHeapRules.key took 1 ms to parse. 
4316       WARN  main            d.u.i.k.n.ParsingFacade   Parsing time 530 ms. 
4319       WARN  main            d.u.i.k.n.ParsingFacade   file:/home/runner/work/key/key/key.core/build/resources/main/de/uka/ilkd/key/proof/rules/wdReachRules.key took 0 ms to parse. 
4320       WARN  main            d.u.i.k.n.ParsingFacade   Parsing time 530 ms. 
4336       WARN  main            d.u.i.k.n.ParsingFacade   file:/home/runner/work/key/key/key.core/build/resources/main/de/uka/ilkd/key/proof/rules/wdSeqRules.key took 1 ms to parse. 
4338       WARN  main            d.u.i.k.n.ParsingFacade   Parsing time 531 ms. 
4346       WARN  main            d.u.i.k.n.ParsingFacade   file:/home/runner/work/key/key/key.core/build/resources/main/de/uka/ilkd/key/proof/rules/wdStringRules.key took 1 ms to parse. 
4347       WARN  main            d.u.i.k.n.ParsingFacade   Parsing time 532 ms. 
4353       WARN  main            d.u.i.k.n.ParsingFacade   file:/home/runner/work/key/key/key.core/build/resources/main/de/uka/ilkd/key/proof/rules/wdRegExRules.key took 0 ms to parse. 
4356       WARN  main            d.u.i.k.n.ParsingFacade   Parsing time 532 ms. 
4368       WARN  main            d.u.i.k.n.ParsingFacade   file:/home/runner/work/key/key/key.core/build/resources/main/de/uka/ilkd/key/proof/rules/wdFormulaRules.key took 6 ms to parse. 
4370       WARN  main            d.u.i.k.n.ParsingFacade   Parsing time 538 ms. 
4402       WARN  main            d.u.i.k.n.ParsingFacade   file:/home/runner/work/key/key/key.core/build/resources/main/de/uka/ilkd/key/proof/rules/loopInvariantRules.key took 1 ms to parse. 
4404       WARN  main            d.u.i.k.n.ParsingFacade   Parsing time 539 ms. 
4411       WARN  main            d.u.i.k.n.ParsingFacade   file:/home/runner/work/key/key/key.core/build/resources/main/de/uka/ilkd/key/proof/rules/forLoopRules.key took 0 ms to parse. 
4413       WARN  main            d.u.i.k.n.ParsingFacade   Parsing time 539 ms. 
4468       WARN  main            d.u.i.k.n.ParsingFacade   file:/home/runner/work/key/key/key.core/build/resources/main/de/uka/ilkd/key/proof/rules/execRules.key took 44 ms to parse. 
4471       WARN  main            d.u.i.k.n.ParsingFacade   Parsing time 583 ms. 
4591       WARN  main            d.u.i.k.n.ParsingFacade   file:/home/runner/work/key/key/key.core/build/resources/main/de/uka/ilkd/key/proof/rules/loopScopeRules.key took 4 ms to parse. 
4593       WARN  main            d.u.i.k.n.ParsingFacade   Parsing time 587 ms. 
8960       WARN  main            d.u.i.k.n.ParsingFacade   file:/home/runner/work/key/key/key.core/build/resources/main/de/uka/ilkd/key/java/JavaRedux/java/lang/String.key took 7 ms to parse. 
8960       WARN  main            d.u.i.k.n.ParsingFacade   Parsing time 594 ms. 
13104      WARN  main            d.u.i.k.n.ParsingFacade   /home/runner/work/key/key/key.core/../key.ui/examples/InformationFlow/LoopInvariants/loop.IFLoopExamples(loop.IFLoopExamples__insecure_while_3(int)).Non-interference contract.0.key took 0 ms to parse. 
13105      WARN  main            d.u.i.k.n.ParsingFacade   Parsing time 594 ms. 
17859      INFO  main            d.u.i.k.p.r.p.TestFile    ... finished proof: open goal(s) 
18150      INFO  main            d.u.i.k.p.r.p.TestFile    Now processing file /home/runner/work/key/key/key.core/../key.ui/examples/InformationFlow/LoopInvariants/loop.IFLoopExamples(loop.IFLoopExamples__secure_while_2(int)).Non-interference contract.0.key 
18151      WARN  main            d.u.i.k.n.ParsingFacade   /home/runner/work/key/key/key.core/../key.ui/examples/InformationFlow/LoopInvariants/loop.IFLoopExamples(loop.IFLoopExamples__secure_while_2(int)).Non-interference contract.0.key took 0 ms to parse. 
18151      WARN  main            d.u.i.k.n.ParsingFacade   Parsing time 594 ms. 
19744      WARN  main            d.u.i.k.n.ParsingFacade   file:/home/runner/work/key/key/key.core/build/resources/main/de/uka/ilkd/key/java/JavaRedux/java/lang/String.key took 2 ms to parse. 
19744      WARN  main            d.u.i.k.n.ParsingFacade   Parsing time 596 ms. 
23085      WARN  main            d.u.i.k.n.ParsingFacade   /home/runner/work/key/key/key.core/../key.ui/examples/InformationFlow/LoopInvariants/loop.IFLoopExamples(loop.IFLoopExamples__secure_while_2(int)).Non-interference contract.0.key took 1 ms to parse. 
23085      WARN  main            d.u.i.k.n.ParsingFacade   Parsing time 597 ms. 
25796      INFO  main            d.u.i.k.p.r.p.TestFile    ... finished proof: closed. 
26059      INFO  main            d.u.i.k.p.r.p.TestFile    Now processing file /home/runner/work/key/key/key.core/../key.ui/examples/InformationFlow/LoopInvariants/loop.IFLoopExamples(loop.IFLoopExamples__secure_while_4(int)).Non-interference contract.0.key 
26060      WARN  main            d.u.i.k.n.ParsingFacade   /home/runner/work/key/key/key.core/../key.ui/examples/InformationFlow/LoopInvariants/loop.IFLoopExamples(loop.IFLoopExamples__secure_while_4(int)).Non-interference contract.0.key took 0 ms to parse. 
26060      WARN  main            d.u.i.k.n.ParsingFacade   Parsing time 597 ms. 
27505      WARN  main            d.u.i.k.n.ParsingFacade   file:/home/runner/work/key/key/key.core/build/resources/main/de/uka/ilkd/key/java/JavaRedux/java/lang/String.key took 1 ms to parse. 
27506      WARN  main            d.u.i.k.n.ParsingFacade   Parsing time 598 ms. 
30467      WARN  main            d.u.i.k.n.ParsingFacade   /home/runner/work/key/key/key.core/../key.ui/examples/InformationFlow/LoopInvariants/loop.IFLoopExamples(loop.IFLoopExamples__secure_while_4(int)).Non-interference contract.0.key took 0 ms to parse. 
30468      WARN  main            d.u.i.k.n.ParsingFacade   Parsing time 598 ms. 
32906      INFO  main            d.u.i.k.p.r.p.TestFile    ... finished proof: closed. 
33146      INFO  main            d.u.i.k.p.r.p.TestFile    Now processing file /home/runner/work/key/key/key.core/../key.ui/examples/InformationFlow/LoopInvariants/loop.IFLoopExamples(loop.IFLoopExamples__insecure_doubleNestedWhile2(int)).Non-interference contract.0.key 
33149      WARN  main            d.u.i.k.n.ParsingFacade   /home/runner/work/key/key/key.core/../key.ui/examples/InformationFlow/LoopInvariants/loop.IFLoopExamples(loop.IFLoopExamples__insecure_doubleNestedWhile2(int)).Non-interference contract.0.key took 0 ms to parse. 
33149      WARN  main            d.u.i.k.n.ParsingFacade   Parsing time 598 ms. 
34555      WARN  main            d.u.i.k.n.ParsingFacade   file:/home/runner/work/key/key/key.core/build/resources/main/de/uka/ilkd/key/java/JavaRedux/java/lang/String.key took 1 ms to parse. 
34556      WARN  main            d.u.i.k.n.ParsingFacade   Parsing time 599 ms. 
37543      WARN  main            d.u.i.k.n.ParsingFacade   /home/runner/work/key/key/key.core/../key.ui/examples/InformationFlow/LoopInvariants/loop.IFLoopExamples(loop.IFLoopExamples__insecure_doubleNestedWhile2(int)).Non-interference contract.0.key took 0 ms to parse. 
37544      WARN  main            d.u.i.k.n.ParsingFacade   Parsing time 599 ms. 
51658      INFO  main            d.u.i.k.p.r.p.TestFile    ... finished proof: open goal(s) 
52016      INFO  main            d.u.i.k.p.r.p.TestFile    Now processing file /home/runner/work/key/key/key.core/../key.ui/examples/InformationFlow/LoopInvariants/loop.IFLoopExamples(loop.IFLoopExamples__insecure_doubleNestedWhile(int)).Non-interference contract.0.key 
52017      WARN  main            d.u.i.k.n.ParsingFacade   /home/runner/work/key/key/key.core/../key.ui/examples/InformationFlow/LoopInvariants/loop.IFLoopExamples(loop.IFLoopExamples__insecure_doubleNestedWhile(int)).Non-interference contract.0.key took 1 ms to parse. 
52017      WARN  main            d.u.i.k.n.ParsingFacade   Parsing time 600 ms. 
53289      WARN  main            d.u.i.k.n.ParsingFacade   file:/home/runner/work/key/key/key.core/build/resources/main/de/uka/ilkd/key/java/JavaRedux/java/lang/String.key took 1 ms to parse. 
53290      WARN  main            d.u.i.k.n.ParsingFacade   Parsing time 601 ms. 
56060      WARN  main            d.u.i.k.n.ParsingFacade   /home/runner/work/key/key/key.core/../key.ui/examples/InformationFlow/LoopInvariants/loop.IFLoopExamples(loop.IFLoopExamples__insecure_doubleNestedWhile(int)).Non-interference contract.0.key took 0 ms to parse. 
56061      WARN  main            d.u.i.k.n.ParsingFacade   Parsing time 601 ms. 
68137      INFO  main            d.u.i.k.p.r.p.TestFile    ... finished proof: open goal(s) 
68603      INFO  main            d.u.i.k.p.r.p.TestFile    Now processing file /home/runner/work/key/key/key.core/../key.ui/examples/InformationFlow/LoopInvariants/loop.IFLoopExamples(loop.IFLoopExamples__secure_doubleNestedWhile(int)).Non-interference contract.0.key 
68605      WARN  main            d.u.i.k.n.ParsingFacade   /home/runner/work/key/key/key.core/../key.ui/examples/InformationFlow/LoopInvariants/loop.IFLoopExamples(loop.IFLoopExamples__secure_doubleNestedWhile(int)).Non-interference contract.0.key took 0 ms to parse. 
68605      WARN  main            d.u.i.k.n.ParsingFacade   Parsing time 601 ms. 
69949      WARN  main            d.u.i.k.n.ParsingFacade   file:/home/runner/work/key/key/key.core/build/resources/main/de/uka/ilkd/key/java/JavaRedux/java/lang/String.key took 2 ms to parse. 
69949      WARN  main            d.u.i.k.n.ParsingFacade   Parsing time 603 ms. 
72750      WARN  main            d.u.i.k.n.ParsingFacade   /home/runner/work/key/key/key.core/../key.ui/examples/InformationFlow/LoopInvariants/loop.IFLoopExamples(loop.IFLoopExamples__secure_doubleNestedWhile(int)).Non-interference contract.0.key took 0 ms to parse. 
72751      WARN  main            d.u.i.k.n.ParsingFacade   Parsing time 603 ms. 
85001      INFO  main            d.u.i.k.p.r.p.TestFile    ... finished proof: closed. 
85416      INFO  main            d.u.i.k.p.r.p.TestFile    Now processing file /home/runner/work/key/key/key.core/../key.ui/examples/InformationFlow/LoopInvariants/loop.IFLoopExamples(loop.IFLoopExamples__secure_nestedTwoWhile(int)).Non-interference contract.0.key 
85420      WARN  main            d.u.i.k.n.ParsingFacade   /home/runner/work/key/key/key.core/../key.ui/examples/InformationFlow/LoopInvariants/loop.IFLoopExamples(loop.IFLoopExamples__secure_nestedTwoWhile(int)).Non-interference contract.0.key took 0 ms to parse. 
85420      WARN  main            d.u.i.k.n.ParsingFacade   Parsing time 603 ms. 
86819      WARN  main            d.u.i.k.n.ParsingFacade   file:/home/runner/work/key/key/key.core/build/resources/main/de/uka/ilkd/key/java/JavaRedux/java/lang/String.key took 2 ms to parse. 
86820      WARN  main            d.u.i.k.n.ParsingFacade   Parsing time 605 ms. 
89567      WARN  main            d.u.i.k.n.ParsingFacade   /home/runner/work/key/key/key.core/../key.ui/examples/InformationFlow/LoopInvariants/loop.IFLoopExamples(loop.IFLoopExamples__secure_nestedTwoWhile(int)).Non-interference contract.0.key took 0 ms to parse. 
89568      WARN  main            d.u.i.k.n.ParsingFacade   Parsing time 605 ms. 
98254      INFO  main            d.u.i.k.p.r.p.TestFile    ... finished proof: closed. 
98595      INFO  main            d.u.i.k.p.r.p.TestFile    Now processing file /home/runner/work/key/key/key.core/../key.ui/examples/InformationFlow/LoopInvariants/loop.IFLoopExamples(loop.IFLoopExamples__secure_nestedWhile(int)).Non-interference contract.0.key 
98595      WARN  main            d.u.i.k.n.ParsingFacade   /home/runner/work/key/key/key.core/../key.ui/examples/InformationFlow/LoopInvariants/loop.IFLoopExamples(loop.IFLoopExamples__secure_nestedWhile(int)).Non-interference contract.0.key took 0 ms to parse. 
98595      WARN  main            d.u.i.k.n.ParsingFacade   Parsing time 605 ms. 
99977      WARN  main            d.u.i.k.n.ParsingFacade   file:/home/runner/work/key/key/key.core/build/resources/main/de/uka/ilkd/key/java/JavaRedux/java/lang/String.key took 2 ms to parse. 
99978      WARN  main            d.u.i.k.n.ParsingFacade   Parsing time 607 ms. 
102758     WARN  main            d.u.i.k.n.ParsingFacade   /home/runner/work/key/key/key.core/../key.ui/examples/InformationFlow/LoopInvariants/loop.IFLoopExamples(loop.IFLoopExamples__secure_nestedWhile(int)).Non-interference contract.0.key took 0 ms to parse. 
102759     WARN  main            d.u.i.k.n.ParsingFacade   Parsing time 607 ms. 
107570     INFO  main            d.u.i.k.p.r.p.TestFile    ... finished proof: closed. 
107880     INFO  main            d.u.i.k.p.r.p.TestFile    Now processing file /home/runner/work/key/key/key.core/../key.ui/examples/InformationFlow/LoopInvariants/loop.IFLoopExamples(loop.IFLoopExamples__notSecure_while(int)).Non-interference contract.0.key 
107885     WARN  main            d.u.i.k.n.ParsingFacade   /home/runner/work/key/key/key.core/../key.ui/examples/InformationFlow/LoopInvariants/loop.IFLoopExamples(loop.IFLoopExamples__notSecure_while(int)).Non-interference contract.0.key took 1 ms to parse. 
107886     WARN  main            d.u.i.k.n.ParsingFacade   Parsing time 608 ms. 
109256     WARN  main            d.u.i.k.n.ParsingFacade   file:/home/runner/work/key/key/key.core/build/resources/main/de/uka/ilkd/key/java/JavaRedux/java/lang/String.key took 1 ms to parse. 
109256     WARN  main            d.u.i.k.n.ParsingFacade   Parsing time 609 ms. 
112096     WARN  main            d.u.i.k.n.ParsingFacade   /home/runner/work/key/key/key.core/../key.ui/examples/InformationFlow/LoopInvariants/loop.IFLoopExamples(loop.IFLoopExamples__notSecure_while(int)).Non-interference contract.0.key took 0 ms to parse. 
112096     WARN  main            d.u.i.k.n.ParsingFacade   Parsing time 609 ms. 
113807     INFO  main            d.u.i.k.p.r.p.TestFile    ... finished proof: open goal(s) 
114108     INFO  main            d.u.i.k.p.r.p.TestFile    Now processing file /home/runner/work/key/key/key.core/../key.ui/examples/InformationFlow/LoopInvariants/loop.IFLoopExamples(loop.IFLoopExamples__notSecure_while_wrongInv(int)).Non-interference contract.0.key 
114110     WARN  main            d.u.i.k.n.ParsingFacade   /home/runner/work/key/key/key.core/../key.ui/examples/InformationFlow/LoopInvariants/loop.IFLoopExamples(loop.IFLoopExamples__notSecure_while_wrongInv(int)).Non-interference contract.0.key took 0 ms to parse. 
114111     WARN  main            d.u.i.k.n.ParsingFacade   Parsing time 609 ms. 
115365     WARN  main            d.u.i.k.n.ParsingFacade   file:/home/runner/work/key/key/key.core/build/resources/main/de/uka/ilkd/key/java/JavaRedux/java/lang/String.key took 1 ms to parse. 
115365     WARN  main            d.u.i.k.n.ParsingFacade   Parsing time 610 ms. 
118054     WARN  main            d.u.i.k.n.ParsingFacade   /home/runner/work/key/key/key.core/../key.ui/examples/InformationFlow/LoopInvariants/loop.IFLoopExamples(loop.IFLoopExamples__notSecure_while_wrongInv(int)).Non-interference contract.0.key took 0 ms to parse. 
118055     WARN  main            d.u.i.k.n.ParsingFacade   Parsing time 610 ms. 
118692     INFO  main            d.u.i.k.p.r.p.TestFile    ... finished proof: open goal(s) 
118994     INFO  main            d.u.i.k.p.r.p.TestFile    Now processing file /home/runner/work/key/key/key.core/../key.ui/examples/InformationFlow/LoopInvariants/loop.IFLoopExamples(loop.IFLoopExamples__insecure_twoWhile(int)).Non-interference contract.0.key 
118994     WARN  main            d.u.i.k.n.ParsingFacade   /home/runner/work/key/key/key.core/../key.ui/examples/InformationFlow/LoopInvariants/loop.IFLoopExamples(loop.IFLoopExamples__insecure_twoWhile(int)).Non-interference contract.0.key took 0 ms to parse. 
118994     WARN  main            d.u.i.k.n.ParsingFacade   Parsing time 610 ms. 
120332     WARN  main            d.u.i.k.n.ParsingFacade   file:/home/runner/work/key/key/key.core/build/resources/main/de/uka/ilkd/key/java/JavaRedux/java/lang/String.key took 2 ms to parse. 
120332     WARN  main            d.u.i.k.n.ParsingFacade   Parsing time 612 ms. 
122883     WARN  main            d.u.i.k.n.ParsingFacade   /home/runner/work/key/key/key.core/../key.ui/examples/InformationFlow/LoopInvariants/loop.IFLoopExamples(loop.IFLoopExamples__insecure_twoWhile(int)).Non-interference contract.0.key took 1 ms to parse. 
122884     WARN  main            d.u.i.k.n.ParsingFacade   Parsing time 613 ms. 
125897     INFO  main            d.u.i.k.p.r.p.TestFile    ... finished proof: open goal(s) 
126167     INFO  main            d.u.i.k.p.r.p.TestFile    Now processing file /home/runner/work/key/key/key.core/../key.ui/examples/InformationFlow/LoopInvariants/loop.IFLoopExamples(loop.IFLoopExamples__insecure_twoWhile_2(int)).Non-interference contract.0.key 
126167     WARN  main            d.u.i.k.n.ParsingFacade   /home/runner/work/key/key/key.core/../key.ui/examples/InformationFlow/LoopInvariants/loop.IFLoopExamples(loop.IFLoopExamples__insecure_twoWhile_2(int)).Non-interference contract.0.key took 0 ms to parse. 
126167     WARN  main            d.u.i.k.n.ParsingFacade   Parsing time 613 ms. 
127469     WARN  main            d.u.i.k.n.ParsingFacade   file:/home/runner/work/key/key/key.core/build/resources/main/de/uka/ilkd/key/java/JavaRedux/java/lang/String.key took 2 ms to parse. 
127469     WARN  main            d.u.i.k.n.ParsingFacade   Parsing time 615 ms. 
130031     WARN  main            d.u.i.k.n.ParsingFacade   /home/runner/work/key/key/key.core/../key.ui/examples/InformationFlow/LoopInvariants/loop.IFLoopExamples(loop.IFLoopExamples__insecure_twoWhile_2(int)).Non-interference contract.0.key took 1 ms to parse. 
130031     WARN  main            d.u.i.k.n.ParsingFacade   Parsing time 616 ms. 
133704     INFO  main            d.u.i.k.p.r.p.TestFile    ... finished proof: open goal(s) 
134064     INFO  main            d.u.i.k.p.r.p.TestFile    Now processing file /home/runner/work/key/key/key.core/../key.ui/examples/InformationFlow/LoopInvariants/loop.IFLoopExamples(loop.IFLoopExamples__secure_twoWhile(int)).Non-interference contract.0.key 
134065     WARN  main            d.u.i.k.n.ParsingFacade   /home/runner/work/key/key/key.core/../key.ui/examples/InformationFlow/LoopInvariants/loop.IFLoopExamples(loop.IFLoopExamples__secure_twoWhile(int)).Non-interference contract.0.key took 0 ms to parse. 
134065     WARN  main            d.u.i.k.n.ParsingFacade   Parsing time 616 ms. 
135394     WARN  main            d.u.i.k.n.ParsingFacade   file:/home/runner/work/key/key/key.core/build/resources/main/de/uka/ilkd/key/java/JavaRedux/java/lang/String.key took 3 ms to parse. 
135394     WARN  main            d.u.i.k.n.ParsingFacade   Parsing time 619 ms. 
138095     WARN  main            d.u.i.k.n.ParsingFacade   /home/runner/work/key/key/key.core/../key.ui/examples/InformationFlow/LoopInvariants/loop.IFLoopExamples(loop.IFLoopExamples__secure_twoWhile(int)).Non-interference contract.0.key took 1 ms to parse. 
138095     WARN  main            d.u.i.k.n.ParsingFacade   Parsing time 620 ms. 
140826     INFO  main            d.u.i.k.p.r.p.TestFile    ... finished proof: closed. 
141169     INFO  main            d.u.i.k.p.r.p.TestFile    Now processing file /home/runner/work/key/key/key.core/../key.ui/examples/InformationFlow/LoopInvariants/loop.IFLoopExamples(loop.IFLoopExamples__loc_secure_while(int)).Non-interference contract.0.key 
141170     WARN  main            d.u.i.k.n.ParsingFacade   /home/runner/work/key/key/key.core/../key.ui/examples/InformationFlow/LoopInvariants/loop.IFLoopExamples(loop.IFLoopExamples__loc_secure_while(int)).Non-interference contract.0.key took 0 ms to parse. 
141170     WARN  main            d.u.i.k.n.ParsingFacade   Parsing time 620 ms. 
142422     WARN  main            d.u.i.k.n.ParsingFacade   file:/home/runner/work/key/key/key.core/build/resources/main/de/uka/ilkd/key/java/JavaRedux/java/lang/String.key took 1 ms to parse. 
142423     WARN  main            d.u.i.k.n.ParsingFacade   Parsing time 621 ms. 
145138     WARN  main            d.u.i.k.n.ParsingFacade   /home/runner/work/key/key/key.core/../key.ui/examples/InformationFlow/LoopInvariants/loop.IFLoopExamples(loop.IFLoopExamples__loc_secure_while(int)).Non-interference contract.0.key took 1 ms to parse. 
145138     WARN  main            d.u.i.k.n.ParsingFacade   Parsing time 622 ms. 
147074     INFO  main            d.u.i.k.p.r.p.TestFile    ... finished proof: closed. 
147318     INFO  main            d.u.i.k.p.r.p.TestFile    Now processing file /home/runner/work/key/key/key.core/../key.ui/examples/InformationFlow/LoopInvariants/loop.IFLoopExamples(loop.IFLoopExamples__secure_while(int)).Non-interference contract.0.key 
147321     WARN  main            d.u.i.k.n.ParsingFacade   /home/runner/work/key/key/key.core/../key.ui/examples/InformationFlow/LoopInvariants/loop.IFLoopExamples(loop.IFLoopExamples__secure_while(int)).Non-interference contract.0.key took 0 ms to parse. 
147322     WARN  main            d.u.i.k.n.ParsingFacade   Parsing time 622 ms. 
148676     WARN  main            d.u.i.k.n.ParsingFacade   file:/home/runner/work/key/key/key.core/build/resources/main/de/uka/ilkd/key/java/JavaRedux/java/lang/String.key took 2 ms to parse. 
148676     WARN  main            d.u.i.k.n.ParsingFacade   Parsing time 624 ms. 
151496     WARN  main            d.u.i.k.n.ParsingFacade   /home/runner/work/key/key/key.core/../key.ui/examples/InformationFlow/LoopInvariants/loop.IFLoopExamples(loop.IFLoopExamples__secure_while(int)).Non-interference contract.0.key took 0 ms to parse. 
151497     WARN  main            d.u.i.k.n.ParsingFacade   Parsing time 624 ms. 
153004     INFO  main            d.u.i.k.p.r.p.TestFile    ... finished proof: closed. 
153301     INFO  main            d.u.i.k.p.r.p.TestFile    Now processing file /home/runner/work/key/key/key.core/../key.ui/examples/InformationFlow/LoopInvariants/loop.IFLoopExamples(loop.IFLoopExamples__print(int)).Non-interference contract.0.key 
153302     WARN  main            d.u.i.k.n.ParsingFacade   /home/runner/work/key/key/key.core/../key.ui/examples/InformationFlow/LoopInvariants/loop.IFLoopExamples(loop.IFLoopExamples__print(int)).Non-interference contract.0.key took 0 ms to parse. 
153303     WARN  main            d.u.i.k.n.ParsingFacade   Parsing time 624 ms. 
154562     WARN  main            d.u.i.k.n.ParsingFacade   file:/home/runner/work/key/key/key.core/build/resources/main/de/uka/ilkd/key/java/JavaRedux/java/lang/String.key took 2 ms to parse. 
154562     WARN  main            d.u.i.k.n.ParsingFacade   Parsing time 626 ms. 
157275     WARN  main            d.u.i.k.n.ParsingFacade   /home/runner/work/key/key/key.core/../key.ui/examples/InformationFlow/LoopInvariants/loop.IFLoopExamples(loop.IFLoopExamples__print(int)).Non-interference contract.0.key took 0 ms to parse. 
157275     WARN  main            d.u.i.k.n.ParsingFacade   Parsing time 626 ms. 
157379     INFO  main            d.u.i.k.p.r.p.TestFile    ... finished proof: closed. 
157683     INFO  main            d.u.i.k.p.r.p.TestFile    Now processing file /home/runner/work/key/key/key.core/../key.ui/examples/InformationFlow/LoopInvariants/loop.IFLoopExamples(loop.IFLoopExamples__hammer(int)).Non-interference contract.0.key 
157683     WARN  main            d.u.i.k.n.ParsingFacade   /home/runner/work/key/key/key.core/../key.ui/examples/InformationFlow/LoopInvariants/loop.IFLoopExamples(loop.IFLoopExamples__hammer(int)).Non-interference contract.0.key took 0 ms to parse. 
157683     WARN  main            d.u.i.k.n.ParsingFacade   Parsing time 626 ms. 
158942     WARN  main            d.u.i.k.n.ParsingFacade   file:/home/runner/work/key/key/key.core/build/resources/main/de/uka/ilkd/key/java/JavaRedux/java/lang/String.key took 19 ms to parse. 
158943     WARN  main            d.u.i.k.n.ParsingFacade   Parsing time 645 ms. 
161678     WARN  main            d.u.i.k.n.ParsingFacade   /home/runner/work/key/key/key.core/../key.ui/examples/InformationFlow/LoopInvariants/loop.IFLoopExamples(loop.IFLoopExamples__hammer(int)).Non-interference contract.0.key took 0 ms to parse. 
161678     WARN  main            d.u.i.k.n.ParsingFacade   Parsing time 645 ms. 
164829     INFO  main            d.u.i.k.p.r.p.TestFile    ... finished proof: closed. 
1460227    INFO  Test worker     d.u.i.k.p.r.RunAllProofsTestUnit Returning from test LoopInvariants_nomacro 
1460230    INFO  Test worker     d.u.i.k.p.r.RunAllProofsTestUnit Running test MiniExamples_nomacro 
575        INFO  Timeout watchdog d.u.i.k.p.r.p.ForkedTestFileRunner Timeout watcher launched (1000 secs.) 
632        WARN  main            d.u.i.k.s.ProofSettings   The settings in /home/runner/.key/proof-settings.props are *not* read. 
715        INFO  main            d.u.i.k.p.r.p.TestFile    Now processing file /home/runner/work/key/key/key.core/../key.ui/examples/InformationFlow/MiniExamples/mini.AliasingExamples(mini.AliasingExamples__insecure_1(mini.AliasingExamples,mini.AliasingExamples,int)).Non-interference contract.0.key 
1029       WARN  main            d.u.i.k.n.ParsingFacade   /home/runner/work/key/key/key.core/../key.ui/examples/InformationFlow/MiniExamples/mini.AliasingExamples(mini.AliasingExamples__insecure_1(mini.AliasingExamples,mini.AliasingExamples,int)).Non-interference contract.0.key took 15 ms to parse. 
1029       WARN  main            d.u.i.k.n.ParsingFacade   Parsing time 15 ms. 
1227       WARN  main            d.u.i.k.n.ParsingFacade   file:/home/runner/work/key/key/key.core/build/resources/main/de/uka/ilkd/key/proof/rules/standardRules.key took 14 ms to parse. 
1227       WARN  main            d.u.i.k.n.ParsingFacade   Parsing time 29 ms. 
1265       WARN  main            d.u.i.k.n.ParsingFacade   file:/home/runner/work/key/key/key.core/build/resources/main/de/uka/ilkd/key/proof/rules/ldt.key took 8 ms to parse. 
1265       WARN  main            d.u.i.k.n.ParsingFacade   Parsing time 37 ms. 
1274       WARN  main            d.u.i.k.n.ParsingFacade   file:/home/runner/work/key/key/key.core/build/resources/main/de/uka/ilkd/key/proof/rules/boolean.key took 5 ms to parse. 
1274       WARN  main            d.u.i.k.n.ParsingFacade   Parsing time 42 ms. 
1351       WARN  main            d.u.i.k.n.ParsingFacade   file:/home/runner/work/key/key/key.core/build/resources/main/de/uka/ilkd/key/proof/rules/ruleSetsDeclarations.key took 23 ms to parse. 
1352       WARN  main            d.u.i.k.n.ParsingFacade   Parsing time 65 ms. 
1460       WARN  main            d.u.i.k.n.ParsingFacade   file:/home/runner/work/key/key/key.core/build/resources/main/de/uka/ilkd/key/proof/rules/integerHeader.key took 12 ms to parse. 
1460       WARN  main            d.u.i.k.n.ParsingFacade   Parsing time 77 ms. 
1463       WARN  main            d.u.i.k.n.ParsingFacade   file:/home/runner/work/key/key/key.core/build/resources/main/de/uka/ilkd/key/proof/rules/floatHeader.key took 2 ms to parse. 
1463       WARN  main            d.u.i.k.n.ParsingFacade   Parsing time 79 ms. 
1470       WARN  main            d.u.i.k.n.ParsingFacade   file:/home/runner/work/key/key/key.core/build/resources/main/de/uka/ilkd/key/proof/rules/heap.key took 3 ms to parse. 
1470       WARN  main            d.u.i.k.n.ParsingFacade   Parsing time 82 ms. 
1477       WARN  main            d.u.i.k.n.ParsingFacade   file:/home/runner/work/key/key/key.core/build/resources/main/de/uka/ilkd/key/proof/rules/locSets.key took 1 ms to parse. 
1477       WARN  main            d.u.i.k.n.ParsingFacade   Parsing time 83 ms. 
1480       WARN  main            d.u.i.k.n.ParsingFacade   file:/home/runner/work/key/key/key.core/build/resources/main/de/uka/ilkd/key/proof/rules/permission.key took 2 ms to parse. 
1480       WARN  main            d.u.i.k.n.ParsingFacade   Parsing time 85 ms. 
1482       WARN  main            d.u.i.k.n.ParsingFacade   file:/home/runner/work/key/key/key.core/build/resources/main/de/uka/ilkd/key/proof/rules/reach.key took 0 ms to parse. 
1482       WARN  main            d.u.i.k.n.ParsingFacade   Parsing time 85 ms. 
1483       WARN  main            d.u.i.k.n.ParsingFacade   file:/home/runner/work/key/key/key.core/build/resources/main/de/uka/ilkd/key/proof/rules/seq.key took 1 ms to parse. 
1483       WARN  main            d.u.i.k.n.ParsingFacade   Parsing time 86 ms. 
1545       WARN  main            d.u.i.k.n.ParsingFacade   file:/home/runner/work/key/key/key.core/build/resources/main/de/uka/ilkd/key/proof/rules/map.key took 54 ms to parse. 
1545       WARN  main            d.u.i.k.n.ParsingFacade   Parsing time 140 ms. 
1547       WARN  main            d.u.i.k.n.ParsingFacade   file:/home/runner/work/key/key/key.core/build/resources/main/de/uka/ilkd/key/proof/rules/freeADT.key took 1 ms to parse. 
1547       WARN  main            d.u.i.k.n.ParsingFacade   Parsing time 141 ms. 
1548       WARN  main            d.u.i.k.n.ParsingFacade   file:/home/runner/work/key/key/key.core/build/resources/main/de/uka/ilkd/key/proof/rules/wellfound.key took 1 ms to parse. 
1548       WARN  main            d.u.i.k.n.ParsingFacade   Parsing time 142 ms. 
1554       WARN  main            d.u.i.k.n.ParsingFacade   file:/home/runner/work/key/key/key.core/build/resources/main/de/uka/ilkd/key/proof/rules/charListHeader.key took 0 ms to parse. 
1554       WARN  main            d.u.i.k.n.ParsingFacade   Parsing time 142 ms. 
1768       WARN  main            d.u.i.k.n.ParsingFacade   file:/home/runner/work/key/key/key.core/build/resources/main/de/uka/ilkd/key/proof/rules/propRule.key took 5 ms to parse. 
1769       WARN  main            d.u.i.k.n.ParsingFacade   Parsing time 147 ms. 
1797       WARN  main            d.u.i.k.n.ParsingFacade   file:/home/runner/work/key/key/key.core/build/resources/main/de/uka/ilkd/key/proof/rules/firstOrderRules.key took 5 ms to parse. 
1797       WARN  main            d.u.i.k.n.ParsingFacade   Parsing time 152 ms. 
1829       WARN  main            d.u.i.k.n.ParsingFacade   file:/home/runner/work/key/key/key.core/build/resources/main/de/uka/ilkd/key/proof/rules/ifThenElseRules.key took 17 ms to parse. 
1829       WARN  main            d.u.i.k.n.ParsingFacade   Parsing time 169 ms. 
1898       WARN  main            d.u.i.k.n.ParsingFacade   file:/home/runner/work/key/key/key.core/build/resources/main/de/uka/ilkd/key/proof/rules/formulaNormalisationRules.key took 32 ms to parse. 
1898       WARN  main            d.u.i.k.n.ParsingFacade   Parsing time 201 ms. 
2024       WARN  main            d.u.i.k.n.ParsingFacade   file:/home/runner/work/key/key/key.core/build/resources/main/de/uka/ilkd/key/proof/rules/updateRules.key took 6 ms to parse. 
2024       WARN  main            d.u.i.k.n.ParsingFacade   Parsing time 207 ms. 
2041       WARN  main            d.u.i.k.n.ParsingFacade   file:/home/runner/work/key/key/key.core/build/resources/main/de/uka/ilkd/key/proof/rules/integerRulesCommon.key took 3 ms to parse. 
2042       WARN  main            d.u.i.k.n.ParsingFacade   Parsing time 210 ms. 
2210       WARN  main            d.u.i.k.n.ParsingFacade   file:/home/runner/work/key/key/key.core/build/resources/main/de/uka/ilkd/key/proof/rules/intRules.key took 9 ms to parse. 
2210       WARN  main            d.u.i.k.n.ParsingFacade   Parsing time 219 ms. 
2266       WARN  main            d.u.i.k.n.ParsingFacade   file:/home/runner/work/key/key/key.core/build/resources/main/de/uka/ilkd/key/proof/rules/intRulesUncheckedSemantics.key took 18 ms to parse. 
2267       WARN  main            d.u.i.k.n.ParsingFacade   Parsing time 237 ms. 
2311       WARN  main            d.u.i.k.n.ParsingFacade   file:/home/runner/work/key/key/key.core/build/resources/main/de/uka/ilkd/key/proof/rules/intRulesCheckedSemantics.key took 8 ms to parse. 
2311       WARN  main            d.u.i.k.n.ParsingFacade   Parsing time 245 ms. 
2353       WARN  main            d.u.i.k.n.ParsingFacade   file:/home/runner/work/key/key/key.core/build/resources/main/de/uka/ilkd/key/proof/rules/intRulesJavaSemantics.key took 11 ms to parse. 
2353       WARN  main            d.u.i.k.n.ParsingFacade   Parsing time 256 ms. 
2473       WARN  main            d.u.i.k.n.ParsingFacade   file:/home/runner/work/key/key/key.core/build/resources/main/de/uka/ilkd/key/proof/rules/integerSimplificationRules.key took 85 ms to parse. 
2473       WARN  main            d.u.i.k.n.ParsingFacade   Parsing time 341 ms. 
2697       WARN  main            d.u.i.k.n.ParsingFacade   file:/home/runner/work/key/key/key.core/build/resources/main/de/uka/ilkd/key/proof/rules/intDiv.key took 11 ms to parse. 
2697       WARN  main            d.u.i.k.n.ParsingFacade   Parsing time 352 ms. 
2748       WARN  main            d.u.i.k.n.ParsingFacade   file:/home/runner/work/key/key/key.core/build/resources/main/de/uka/ilkd/key/proof/rules/bsum.key took 22 ms to parse. 
2749       WARN  main            d.u.i.k.n.ParsingFacade   Parsing time 374 ms. 
2830       WARN  main            d.u.i.k.n.ParsingFacade   file:/home/runner/work/key/key/key.core/build/resources/main/de/uka/ilkd/key/proof/rules/bprod.key took 5 ms to parse. 
2830       WARN  main            d.u.i.k.n.ParsingFacade   Parsing time 379 ms. 
2849       WARN  main            d.u.i.k.n.ParsingFacade   file:/home/runner/work/key/key/key.core/build/resources/main/de/uka/ilkd/key/proof/rules/binaryAxioms.key took 1 ms to parse. 
2850       WARN  main            d.u.i.k.n.ParsingFacade   Parsing time 380 ms. 
2858       WARN  main            d.u.i.k.n.ParsingFacade   file:/home/runner/work/key/key/key.core/build/resources/main/de/uka/ilkd/key/proof/rules/binaryLemmas.key took 3 ms to parse. 
2859       WARN  main            d.u.i.k.n.ParsingFacade   Parsing time 383 ms. 
2876       WARN  main            d.u.i.k.n.ParsingFacade   file:/home/runner/work/key/key/key.core/build/resources/main/de/uka/ilkd/key/proof/rules/intPow.key took 7 ms to parse. 
2876       WARN  main            d.u.i.k.n.ParsingFacade   Parsing time 390 ms. 
2898       WARN  main            d.u.i.k.n.ParsingFacade   file:/home/runner/work/key/key/key.core/build/resources/main/de/uka/ilkd/key/proof/rules/floatRulesCommon.key took 8 ms to parse. 
2898       WARN  main            d.u.i.k.n.ParsingFacade   Parsing time 398 ms. 
2919       WARN  main            d.u.i.k.n.ParsingFacade   file:/home/runner/work/key/key/key.core/build/resources/main/de/uka/ilkd/key/proof/rules/floatRules.key took 0 ms to parse. 
2919       WARN  main            d.u.i.k.n.ParsingFacade   Parsing time 398 ms. 
2922       WARN  main            d.u.i.k.n.ParsingFacade   file:/home/runner/work/key/key/key.core/build/resources/main/de/uka/ilkd/key/proof/rules/floatRulesVerifyNormal.key took 1 ms to parse. 
2922       WARN  main            d.u.i.k.n.ParsingFacade   Parsing time 399 ms. 
2928       WARN  main            d.u.i.k.n.ParsingFacade   file:/home/runner/work/key/key/key.core/build/resources/main/de/uka/ilkd/key/proof/rules/floatRulesAssumeStrictfp.key took 6 ms to parse. 
2928       WARN  main            d.u.i.k.n.ParsingFacade   Parsing time 405 ms. 
2983       WARN  main            d.u.i.k.n.ParsingFacade   file:/home/runner/work/key/key/key.core/build/resources/main/de/uka/ilkd/key/proof/rules/genericRules.key took 4 ms to parse. 
2983       WARN  main            d.u.i.k.n.ParsingFacade   Parsing time 409 ms. 
2998       WARN  main            d.u.i.k.n.ParsingFacade   file:/home/runner/work/key/key/key.core/build/resources/main/de/uka/ilkd/key/proof/rules/booleanRules.key took 1 ms to parse. 
2998       WARN  main            d.u.i.k.n.ParsingFacade   Parsing time 410 ms. 
3003       WARN  main            d.u.i.k.n.ParsingFacade   file:/home/runner/work/key/key/key.core/build/resources/main/de/uka/ilkd/key/proof/rules/epsilon.key took 1 ms to parse. 
3003       WARN  main            d.u.i.k.n.ParsingFacade   Parsing time 411 ms. 
3025       WARN  main            d.u.i.k.n.ParsingFacade   file:/home/runner/work/key/key/key.core/build/resources/main/de/uka/ilkd/key/proof/rules/locSetsRules.key took 18 ms to parse. 
3026       WARN  main            d.u.i.k.n.ParsingFacade   Parsing time 429 ms. 
3169       WARN  main            d.u.i.k.n.ParsingFacade   file:/home/runner/work/key/key/key.core/build/resources/main/de/uka/ilkd/key/proof/rules/heapRules.key took 19 ms to parse. 
3169       WARN  main            d.u.i.k.n.ParsingFacade   Parsing time 448 ms. 
3215       WARN  main            d.u.i.k.n.ParsingFacade   file:/home/runner/work/key/key/key.core/build/resources/main/de/uka/ilkd/key/proof/rules/permissionRules.key took 6 ms to parse. 
3216       WARN  main            d.u.i.k.n.ParsingFacade   Parsing time 454 ms. 
3243       WARN  main            d.u.i.k.n.ParsingFacade   file:/home/runner/work/key/key/key.core/build/resources/main/de/uka/ilkd/key/proof/rules/reachRules.key took 12 ms to parse. 
3243       WARN  main            d.u.i.k.n.ParsingFacade   Parsing time 466 ms. 
3275       WARN  main            d.u.i.k.n.ParsingFacade   file:/home/runner/work/key/key/key.core/build/resources/main/de/uka/ilkd/key/proof/rules/seqCoreRules.key took 6 ms to parse. 
3275       WARN  main            d.u.i.k.n.ParsingFacade   Parsing time 472 ms. 
3296       WARN  main            d.u.i.k.n.ParsingFacade   file:/home/runner/work/key/key/key.core/build/resources/main/de/uka/ilkd/key/proof/rules/seqRules.key took 13 ms to parse. 
3296       WARN  main            d.u.i.k.n.ParsingFacade   Parsing time 485 ms. 
3378       WARN  main            d.u.i.k.n.ParsingFacade   file:/home/runner/work/key/key/key.core/build/resources/main/de/uka/ilkd/key/proof/rules/seqPerm.key took 13 ms to parse. 
3378       WARN  main            d.u.i.k.n.ParsingFacade   Parsing time 498 ms. 
3414       WARN  main            d.u.i.k.n.ParsingFacade   file:/home/runner/work/key/key/key.core/build/resources/main/de/uka/ilkd/key/proof/rules/seqPerm2.key took 2 ms to parse. 
3414       WARN  main            d.u.i.k.n.ParsingFacade   Parsing time 500 ms. 
3534       WARN  main            d.u.i.k.n.ParsingFacade   file:/home/runner/work/key/key/key.core/build/resources/main/de/uka/ilkd/key/proof/rules/javaRules.key took 100 ms to parse. 
3534       WARN  main            d.u.i.k.n.ParsingFacade   Parsing time 600 ms. 
3548       WARN  main            d.u.i.k.n.ParsingFacade   file:/home/runner/work/key/key/key.core/build/resources/main/de/uka/ilkd/key/proof/rules/assertions.key took 2 ms to parse. 
3548       WARN  main            d.u.i.k.n.ParsingFacade   Parsing time 602 ms. 
4429       WARN  main            d.u.i.k.n.ParsingFacade   file:/home/runner/work/key/key/key.core/build/resources/main/de/uka/ilkd/key/proof/rules/loopRules.key took 4 ms to parse. 
4429       WARN  main            d.u.i.k.n.ParsingFacade   Parsing time 606 ms. 
4443       WARN  main            d.u.i.k.n.ParsingFacade   file:/home/runner/work/key/key/key.core/build/resources/main/de/uka/ilkd/key/proof/rules/activeUse.key took 2 ms to parse. 
4443       WARN  main            d.u.i.k.n.ParsingFacade   Parsing time 608 ms. 
4594       WARN  main            d.u.i.k.n.ParsingFacade   file:/home/runner/work/key/key/key.core/build/resources/main/de/uka/ilkd/key/proof/rules/instanceAllocation.key took 16 ms to parse. 
4594       WARN  main            d.u.i.k.n.ParsingFacade   Parsing time 624 ms. 
4611       WARN  main            d.u.i.k.n.ParsingFacade   file:/home/runner/work/key/key/key.core/build/resources/main/de/uka/ilkd/key/proof/rules/java5.key took 0 ms to parse. 
4611       WARN  main            d.u.i.k.n.ParsingFacade   Parsing time 624 ms. 
4621       WARN  main            d.u.i.k.n.ParsingFacade   file:/home/runner/work/key/key/key.core/build/resources/main/de/uka/ilkd/key/proof/rules/integerAssignment2UpdateRules.key took 4 ms to parse. 
4621       WARN  main            d.u.i.k.n.ParsingFacade   Parsing time 628 ms. 
4689       WARN  main            d.u.i.k.n.ParsingFacade   file:/home/runner/work/key/key/key.core/build/resources/main/de/uka/ilkd/key/proof/rules/floatAssignment2UpdateRules.key took 5 ms to parse. 
4690       WARN  main            d.u.i.k.n.ParsingFacade   Parsing time 633 ms. 
4730       WARN  main            d.u.i.k.n.ParsingFacade   file:/home/runner/work/key/key/key.core/build/resources/main/de/uka/ilkd/key/proof/rules/bigint.key took 3 ms to parse. 
4730       WARN  main            d.u.i.k.n.ParsingFacade   Parsing time 636 ms. 
4746       WARN  main            d.u.i.k.n.ParsingFacade   file:/home/runner/work/key/key/key.core/build/resources/main/de/uka/ilkd/key/proof/rules/adtProgramDecompositionRules.key took 2 ms to parse. 
4746       WARN  main            d.u.i.k.n.ParsingFacade   Parsing time 638 ms. 
4764       WARN  main            d.u.i.k.n.ParsingFacade   file:/home/runner/work/key/key/key.core/build/resources/main/de/uka/ilkd/key/proof/rules/precRules.key took 0 ms to parse. 
4764       WARN  main            d.u.i.k.n.ParsingFacade   Parsing time 638 ms. 
4777       WARN  main            d.u.i.k.n.ParsingFacade   file:/home/runner/work/key/key/key.core/build/resources/main/de/uka/ilkd/key/proof/rules/charListRules.key took 3 ms to parse. 
4777       WARN  main            d.u.i.k.n.ParsingFacade   Parsing time 641 ms. 
4795       WARN  main            d.u.i.k.n.ParsingFacade   file:/home/runner/work/key/key/key.core/build/resources/main/de/uka/ilkd/key/proof/rules/regExTheory.key took 0 ms to parse. 
4795       WARN  main            d.u.i.k.n.ParsingFacade   Parsing time 641 ms. 
4796       WARN  main            d.u.i.k.n.ParsingFacade   file:/home/runner/work/key/key/key.core/build/resources/main/de/uka/ilkd/key/proof/rules/regExHeader.key took 0 ms to parse. 
4797       WARN  main            d.u.i.k.n.ParsingFacade   Parsing time 641 ms. 
4799       WARN  main            d.u.i.k.n.ParsingFacade   file:/home/runner/work/key/key/key.core/build/resources/main/de/uka/ilkd/key/proof/rules/regExAxioms.key took 1 ms to parse. 
4801       WARN  main            d.u.i.k.n.ParsingFacade   Parsing time 642 ms. 
4805       WARN  main            d.u.i.k.n.ParsingFacade   file:/home/runner/work/key/key/key.core/build/resources/main/de/uka/ilkd/key/proof/rules/regExLemmaProven.key took 1 ms to parse. 
4806       WARN  main            d.u.i.k.n.ParsingFacade   Parsing time 643 ms. 
4814       WARN  main            d.u.i.k.n.ParsingFacade   file:/home/runner/work/key/key/key.core/build/resources/main/de/uka/ilkd/key/proof/rules/seqEq.key took 1 ms to parse. 
4814       WARN  main            d.u.i.k.n.ParsingFacade   Parsing time 644 ms. 
4824       WARN  main            d.u.i.k.n.ParsingFacade   file:/home/runner/work/key/key/key.core/build/resources/main/de/uka/ilkd/key/proof/rules/infFlow.key took 4 ms to parse. 
4824       WARN  main            d.u.i.k.n.ParsingFacade   Parsing time 648 ms. 
4839       WARN  main            d.u.i.k.n.ParsingFacade   file:/home/runner/work/key/key/key.core/build/resources/main/de/uka/ilkd/key/proof/rules/mapSize.key took 1 ms to parse. 
4839       WARN  main            d.u.i.k.n.ParsingFacade   Parsing time 649 ms. 
4851       WARN  main            d.u.i.k.n.ParsingFacade   file:/home/runner/work/key/key/key.core/build/resources/main/de/uka/ilkd/key/proof/rules/wd.key took 0 ms to parse. 
4852       WARN  main            d.u.i.k.n.ParsingFacade   Parsing time 649 ms. 
4864       WARN  main            d.u.i.k.n.ParsingFacade   file:/home/runner/work/key/key/key.core/build/resources/main/de/uka/ilkd/key/proof/rules/wdHeader.key took 1 ms to parse. 
4864       WARN  main            d.u.i.k.n.ParsingFacade   Parsing time 650 ms. 
4868       WARN  main            d.u.i.k.n.ParsingFacade   file:/home/runner/work/key/key/key.core/build/resources/main/de/uka/ilkd/key/proof/rules/wdGeneralRules.key took 1 ms to parse. 
4870       WARN  main            d.u.i.k.n.ParsingFacade   Parsing time 651 ms. 
4890       WARN  main            d.u.i.k.n.ParsingFacade   file:/home/runner/work/key/key/key.core/build/resources/main/de/uka/ilkd/key/proof/rules/wdNumericalRules.key took 5 ms to parse. 
4891       WARN  main            d.u.i.k.n.ParsingFacade   Parsing time 656 ms. 
4924       WARN  main            d.u.i.k.n.ParsingFacade   file:/home/runner/work/key/key/key.core/build/resources/main/de/uka/ilkd/key/proof/rules/wdLocSetRules.key took 2 ms to parse. 
4924       WARN  main            d.u.i.k.n.ParsingFacade   Parsing time 658 ms. 
4943       WARN  main            d.u.i.k.n.ParsingFacade   file:/home/runner/work/key/key/key.core/build/resources/main/de/uka/ilkd/key/proof/rules/wdHeapRules.key took 0 ms to parse. 
4944       WARN  main            d.u.i.k.n.ParsingFacade   Parsing time 658 ms. 
4964       WARN  main            d.u.i.k.n.ParsingFacade   file:/home/runner/work/key/key/key.core/build/resources/main/de/uka/ilkd/key/proof/rules/wdReachRules.key took 1 ms to parse. 
4965       WARN  main            d.u.i.k.n.ParsingFacade   Parsing time 659 ms. 
4968       WARN  main            d.u.i.k.n.ParsingFacade   file:/home/runner/work/key/key/key.core/build/resources/main/de/uka/ilkd/key/proof/rules/wdSeqRules.key took 1 ms to parse. 
4970       WARN  main            d.u.i.k.n.ParsingFacade   Parsing time 660 ms. 
4980       WARN  main            d.u.i.k.n.ParsingFacade   file:/home/runner/work/key/key/key.core/build/resources/main/de/uka/ilkd/key/proof/rules/wdStringRules.key took 1 ms to parse. 
4980       WARN  main            d.u.i.k.n.ParsingFacade   Parsing time 661 ms. 
4988       WARN  main            d.u.i.k.n.ParsingFacade   file:/home/runner/work/key/key/key.core/build/resources/main/de/uka/ilkd/key/proof/rules/wdRegExRules.key took 5 ms to parse. 
4989       WARN  main            d.u.i.k.n.ParsingFacade   Parsing time 666 ms. 
4998       WARN  main            d.u.i.k.n.ParsingFacade   file:/home/runner/work/key/key/key.core/build/resources/main/de/uka/ilkd/key/proof/rules/wdFormulaRules.key took 5 ms to parse. 
4998       WARN  main            d.u.i.k.n.ParsingFacade   Parsing time 671 ms. 
5055       WARN  main            d.u.i.k.n.ParsingFacade   file:/home/runner/work/key/key/key.core/build/resources/main/de/uka/ilkd/key/proof/rules/loopInvariantRules.key took 0 ms to parse. 
5056       WARN  main            d.u.i.k.n.ParsingFacade   Parsing time 671 ms. 
5059       WARN  main            d.u.i.k.n.ParsingFacade   file:/home/runner/work/key/key/key.core/build/resources/main/de/uka/ilkd/key/proof/rules/forLoopRules.key took 0 ms to parse. 
5060       WARN  main            d.u.i.k.n.ParsingFacade   Parsing time 671 ms. 
5070       WARN  main            d.u.i.k.n.ParsingFacade   file:/home/runner/work/key/key/key.core/build/resources/main/de/uka/ilkd/key/proof/rules/execRules.key took 5 ms to parse. 
5071       WARN  main            d.u.i.k.n.ParsingFacade   Parsing time 676 ms. 
5186       WARN  main            d.u.i.k.n.ParsingFacade   file:/home/runner/work/key/key/key.core/build/resources/main/de/uka/ilkd/key/proof/rules/loopScopeRules.key took 3 ms to parse. 
5187       WARN  main            d.u.i.k.n.ParsingFacade   Parsing time 679 ms. 
10267      WARN  main            d.u.i.k.n.ParsingFacade   file:/home/runner/work/key/key/key.core/build/resources/main/de/uka/ilkd/key/java/JavaRedux/java/lang/String.key took 6 ms to parse. 
10268      WARN  main            d.u.i.k.n.ParsingFacade   Parsing time 685 ms. 
14214      WARN  main            d.u.i.k.n.ParsingFacade   /home/runner/work/key/key/key.core/../key.ui/examples/InformationFlow/MiniExamples/mini.AliasingExamples(mini.AliasingExamples__insecure_1(mini.AliasingExamples,mini.AliasingExamples,int)).Non-interference contract.0.key took 0 ms to parse. 
14216      WARN  main            d.u.i.k.n.ParsingFacade   Parsing time 685 ms. 
15587      INFO  main            d.u.i.k.p.r.p.TestFile    ... finished proof: open goal(s) 
15786      INFO  main            d.u.i.k.p.r.p.TestFile    Now processing file /home/runner/work/key/key/key.core/../key.ui/examples/InformationFlow/MiniExamples/mini.AliasingExamples(mini.AliasingExamples__secure_1(mini.AliasingExamples,mini.AliasingExamples,int)).Non-interference contract.0.key 
15787      WARN  main            d.u.i.k.n.ParsingFacade   /home/runner/work/key/key/key.core/../key.ui/examples/InformationFlow/MiniExamples/mini.AliasingExamples(mini.AliasingExamples__secure_1(mini.AliasingExamples,mini.AliasingExamples,int)).Non-interference contract.0.key took 1 ms to parse. 
15788      WARN  main            d.u.i.k.n.ParsingFacade   Parsing time 686 ms. 
17624      WARN  main            d.u.i.k.n.ParsingFacade   file:/home/runner/work/key/key/key.core/build/resources/main/de/uka/ilkd/key/java/JavaRedux/java/lang/String.key took 2 ms to parse. 
17624      WARN  main            d.u.i.k.n.ParsingFacade   Parsing time 688 ms. 
20744      WARN  main            d.u.i.k.n.ParsingFacade   /home/runner/work/key/key/key.core/../key.ui/examples/InformationFlow/MiniExamples/mini.AliasingExamples(mini.AliasingExamples__secure_1(mini.AliasingExamples,mini.AliasingExamples,int)).Non-interference contract.0.key took 0 ms to parse. 
20745      WARN  main            d.u.i.k.n.ParsingFacade   Parsing time 688 ms. 
21451      INFO  main            d.u.i.k.p.r.p.TestFile    ... finished proof: closed. 
21643      INFO  main            d.u.i.k.p.r.p.TestFile    Now processing file /home/runner/work/key/key/key.core/../key.ui/examples/InformationFlow/MiniExamples/mini.MiniExamplesLecture(mini.MiniExamplesLecture__m_6()).Non-interference contract.0.key 
21645      WARN  main            d.u.i.k.n.ParsingFacade   /home/runner/work/key/key/key.core/../key.ui/examples/InformationFlow/MiniExamples/mini.MiniExamplesLecture(mini.MiniExamplesLecture__m_6()).Non-interference contract.0.key took 0 ms to parse. 
21646      WARN  main            d.u.i.k.n.ParsingFacade   Parsing time 688 ms. 
23079      WARN  main            d.u.i.k.n.ParsingFacade   file:/home/runner/work/key/key/key.core/build/resources/main/de/uka/ilkd/key/java/JavaRedux/java/lang/String.key took 1 ms to parse. 
23080      WARN  main            d.u.i.k.n.ParsingFacade   Parsing time 689 ms. 
25847      WARN  main            d.u.i.k.n.ParsingFacade   /home/runner/work/key/key/key.core/../key.ui/examples/InformationFlow/MiniExamples/mini.MiniExamplesLecture(mini.MiniExamplesLecture__m_6()).Non-interference contract.0.key took 0 ms to parse. 
25847      WARN  main            d.u.i.k.n.ParsingFacade   Parsing time 689 ms. 
26050      INFO  main            d.u.i.k.p.r.p.TestFile    ... finished proof: closed. 
26316      INFO  main            d.u.i.k.p.r.p.TestFile    Now processing file /home/runner/work/key/key/key.core/../key.ui/examples/InformationFlow/MiniExamples/mini.MiniExamplesLecture(mini.MiniExamplesLecture__m_5()).Non-interference contract.0.key 
26317      WARN  main            d.u.i.k.n.ParsingFacade   /home/runner/work/key/key/key.core/../key.ui/examples/InformationFlow/MiniExamples/mini.MiniExamplesLecture(mini.MiniExamplesLecture__m_5()).Non-interference contract.0.key took 0 ms to parse. 
26319      WARN  main            d.u.i.k.n.ParsingFacade   Parsing time 689 ms. 
27690      WARN  main            d.u.i.k.n.ParsingFacade   file:/home/runner/work/key/key/key.core/build/resources/main/de/uka/ilkd/key/java/JavaRedux/java/lang/String.key took 1 ms to parse. 
27691      WARN  main            d.u.i.k.n.ParsingFacade   Parsing time 690 ms. 
30496      WARN  main            d.u.i.k.n.ParsingFacade   /home/runner/work/key/key/key.core/../key.ui/examples/InformationFlow/MiniExamples/mini.MiniExamplesLecture(mini.MiniExamplesLecture__m_5()).Non-interference contract.0.key took 1 ms to parse. 
30497      WARN  main            d.u.i.k.n.ParsingFacade   Parsing time 691 ms. 
31004      INFO  main            d.u.i.k.p.r.p.TestFile    ... finished proof: closed. 
31181      INFO  main            d.u.i.k.p.r.p.TestFile    Now processing file /home/runner/work/key/key/key.core/../key.ui/examples/InformationFlow/MiniExamples/mini.MiniExamplesLecture(mini.MiniExamplesLecture__m_4()).Non-interference contract.0.key 
31182      WARN  main            d.u.i.k.n.ParsingFacade   /home/runner/work/key/key/key.core/../key.ui/examples/InformationFlow/MiniExamples/mini.MiniExamplesLecture(mini.MiniExamplesLecture__m_4()).Non-interference contract.0.key took 0 ms to parse. 
31182      WARN  main            d.u.i.k.n.ParsingFacade   Parsing time 691 ms. 
32473      WARN  main            d.u.i.k.n.ParsingFacade   file:/home/runner/work/key/key/key.core/build/resources/main/de/uka/ilkd/key/java/JavaRedux/java/lang/String.key took 1 ms to parse. 
32474      WARN  main            d.u.i.k.n.ParsingFacade   Parsing time 692 ms. 
35131      WARN  main            d.u.i.k.n.ParsingFacade   /home/runner/work/key/key/key.core/../key.ui/examples/InformationFlow/MiniExamples/mini.MiniExamplesLecture(mini.MiniExamplesLecture__m_4()).Non-interference contract.0.key took 0 ms to parse. 
35132      WARN  main            d.u.i.k.n.ParsingFacade   Parsing time 692 ms. 
35438      INFO  main            d.u.i.k.p.r.p.TestFile    ... finished proof: closed. 
35619      INFO  main            d.u.i.k.p.r.p.TestFile    Now processing file /home/runner/work/key/key/key.core/../key.ui/examples/InformationFlow/MiniExamples/mini.MiniExamplesLecture(mini.MiniExamplesLecture__m_3()).Non-interference contract.0.key 
35620      WARN  main            d.u.i.k.n.ParsingFacade   /home/runner/work/key/key/key.core/../key.ui/examples/InformationFlow/MiniExamples/mini.MiniExamplesLecture(mini.MiniExamplesLecture__m_3()).Non-interference contract.0.key took 0 ms to parse. 
35620      WARN  main            d.u.i.k.n.ParsingFacade   Parsing time 692 ms. 
36847      WARN  main            d.u.i.k.n.ParsingFacade   file:/home/runner/work/key/key/key.core/build/resources/main/de/uka/ilkd/key/java/JavaRedux/java/lang/String.key took 1 ms to parse. 
36848      WARN  main            d.u.i.k.n.ParsingFacade   Parsing time 693 ms. 
39516      WARN  main            d.u.i.k.n.ParsingFacade   /home/runner/work/key/key/key.core/../key.ui/examples/InformationFlow/MiniExamples/mini.MiniExamplesLecture(mini.MiniExamplesLecture__m_3()).Non-interference contract.0.key took 1 ms to parse. 
39516      WARN  main            d.u.i.k.n.ParsingFacade   Parsing time 694 ms. 
40127      INFO  main            d.u.i.k.p.r.p.TestFile    ... finished proof: open goal(s) 
40385      INFO  main            d.u.i.k.p.r.p.TestFile    Now processing file /home/runner/work/key/key/key.core/../key.ui/examples/InformationFlow/MiniExamples/mini.MiniExamplesLecture(mini.MiniExamplesLecture__m_2()).Non-interference contract.0.key 
40386      WARN  main            d.u.i.k.n.ParsingFacade   /home/runner/work/key/key/key.core/../key.ui/examples/InformationFlow/MiniExamples/mini.MiniExamplesLecture(mini.MiniExamplesLecture__m_2()).Non-interference contract.0.key took 1 ms to parse. 
40386      WARN  main            d.u.i.k.n.ParsingFacade   Parsing time 695 ms. 
41732      WARN  main            d.u.i.k.n.ParsingFacade   file:/home/runner/work/key/key/key.core/build/resources/main/de/uka/ilkd/key/java/JavaRedux/java/lang/String.key took 1 ms to parse. 
41732      WARN  main            d.u.i.k.n.ParsingFacade   Parsing time 696 ms. 
44327      WARN  main            d.u.i.k.n.ParsingFacade   /home/runner/work/key/key/key.core/../key.ui/examples/InformationFlow/MiniExamples/mini.MiniExamplesLecture(mini.MiniExamplesLecture__m_2()).Non-interference contract.0.key took 0 ms to parse. 
44329      WARN  main            d.u.i.k.n.ParsingFacade   Parsing time 696 ms. 
44732      INFO  main            d.u.i.k.p.r.p.TestFile    ... finished proof: closed. 
44983      INFO  main            d.u.i.k.p.r.p.TestFile    Now processing file /home/runner/work/key/key/key.core/../key.ui/examples/InformationFlow/MiniExamples/mini.MiniExamplesLecture(mini.MiniExamplesLecture__m_1()).Non-interference contract.0.key 
44984      WARN  main            d.u.i.k.n.ParsingFacade   /home/runner/work/key/key/key.core/../key.ui/examples/InformationFlow/MiniExamples/mini.MiniExamplesLecture(mini.MiniExamplesLecture__m_1()).Non-interference contract.0.key took 0 ms to parse. 
44984      WARN  main            d.u.i.k.n.ParsingFacade   Parsing time 696 ms. 
46233      WARN  main            d.u.i.k.n.ParsingFacade   file:/home/runner/work/key/key/key.core/build/resources/main/de/uka/ilkd/key/java/JavaRedux/java/lang/String.key took 1 ms to parse. 
46233      WARN  main            d.u.i.k.n.ParsingFacade   Parsing time 697 ms. 
48806      WARN  main            d.u.i.k.n.ParsingFacade   /home/runner/work/key/key/key.core/../key.ui/examples/InformationFlow/MiniExamples/mini.MiniExamplesLecture(mini.MiniExamplesLecture__m_1()).Non-interference contract.0.key took 1 ms to parse. 
48806      WARN  main            d.u.i.k.n.ParsingFacade   Parsing time 698 ms. 
49012      INFO  main            d.u.i.k.p.r.p.TestFile    ... finished proof: open goal(s) 
49238      INFO  main            d.u.i.k.p.r.p.TestFile    Now processing file /home/runner/work/key/key/key.core/../key.ui/examples/InformationFlow/MiniExamples/mini.DifferenceSeqLocset(mini.DifferenceSeqLocset__m()).Non-interference contract.1.key 
49240      WARN  main            d.u.i.k.n.ParsingFacade   /home/runner/work/key/key/key.core/../key.ui/examples/InformationFlow/MiniExamples/mini.DifferenceSeqLocset(mini.DifferenceSeqLocset__m()).Non-interference contract.1.key took 1 ms to parse. 
49240      WARN  main            d.u.i.k.n.ParsingFacade   Parsing time 699 ms. 
50472      WARN  main            d.u.i.k.n.ParsingFacade   file:/home/runner/work/key/key/key.core/build/resources/main/de/uka/ilkd/key/java/JavaRedux/java/lang/String.key took 1 ms to parse. 
50472      WARN  main            d.u.i.k.n.ParsingFacade   Parsing time 700 ms. 
53135      WARN  main            d.u.i.k.n.ParsingFacade   /home/runner/work/key/key/key.core/../key.ui/examples/InformationFlow/MiniExamples/mini.DifferenceSeqLocset(mini.DifferenceSeqLocset__m()).Non-interference contract.1.key took 0 ms to parse. 
53136      WARN  main            d.u.i.k.n.ParsingFacade   Parsing time 700 ms. 
54547      INFO  main            d.u.i.k.p.r.p.TestFile    ... finished proof: open goal(s) 
54782      INFO  main            d.u.i.k.p.r.p.TestFile    Now processing file /home/runner/work/key/key/key.core/../key.ui/examples/InformationFlow/MiniExamples/mini.DifferenceSeqLocset(mini.DifferenceSeqLocset__m()).Non-interference contract.0.key 
54783      WARN  main            d.u.i.k.n.ParsingFacade   /home/runner/work/key/key/key.core/../key.ui/examples/InformationFlow/MiniExamples/mini.DifferenceSeqLocset(mini.DifferenceSeqLocset__m()).Non-interference contract.0.key took 0 ms to parse. 
54783      WARN  main            d.u.i.k.n.ParsingFacade   Parsing time 700 ms. 
56066      WARN  main            d.u.i.k.n.ParsingFacade   file:/home/runner/work/key/key/key.core/build/resources/main/de/uka/ilkd/key/java/JavaRedux/java/lang/String.key took 2 ms to parse. 
56068      WARN  main            d.u.i.k.n.ParsingFacade   Parsing time 702 ms. 
58536      WARN  main            d.u.i.k.n.ParsingFacade   /home/runner/work/key/key/key.core/../key.ui/examples/InformationFlow/MiniExamples/mini.DifferenceSeqLocset(mini.DifferenceSeqLocset__m()).Non-interference contract.0.key took 0 ms to parse. 
58536      WARN  main            d.u.i.k.n.ParsingFacade   Parsing time 702 ms. 
61916      INFO  main            d.u.i.k.p.r.p.TestFile    ... finished proof: open goal(s) 
62160      INFO  main            d.u.i.k.p.r.p.TestFile    Now processing file /home/runner/work/key/key/key.core/../key.ui/examples/InformationFlow/MiniExamples/mini.MiniExamples(mini.MiniExamples__secure_p2_8()).Non-interference contract.0.key 
62161      WARN  main            d.u.i.k.n.ParsingFacade   /home/runner/work/key/key/key.core/../key.ui/examples/InformationFlow/MiniExamples/mini.MiniExamples(mini.MiniExamples__secure_p2_8()).Non-interference contract.0.key took 0 ms to parse. 
62161      WARN  main            d.u.i.k.n.ParsingFacade   Parsing time 702 ms. 
63388      WARN  main            d.u.i.k.n.ParsingFacade   file:/home/runner/work/key/key/key.core/build/resources/main/de/uka/ilkd/key/java/JavaRedux/java/lang/String.key took 1 ms to parse. 
63395      WARN  main            d.u.i.k.n.ParsingFacade   Parsing time 703 ms. 
65905      WARN  main            d.u.i.k.n.ParsingFacade   /home/runner/work/key/key/key.core/../key.ui/examples/InformationFlow/MiniExamples/mini.MiniExamples(mini.MiniExamples__secure_p2_8()).Non-interference contract.0.key took 0 ms to parse. 
65905      WARN  main            d.u.i.k.n.ParsingFacade   Parsing time 703 ms. 
66418      INFO  main            d.u.i.k.p.r.p.TestFile    ... finished proof: closed. 
66690      INFO  main            d.u.i.k.p.r.p.TestFile    Now processing file /home/runner/work/key/key/key.core/../key.ui/examples/InformationFlow/MiniExamples/mini.MiniExamples(mini.MiniExamples__secure_parameter(int)).Non-interference contract.0.key 
66694      WARN  main            d.u.i.k.n.ParsingFacade   /home/runner/work/key/key/key.core/../key.ui/examples/InformationFlow/MiniExamples/mini.MiniExamples(mini.MiniExamples__secure_parameter(int)).Non-interference contract.0.key took 0 ms to parse. 
66695      WARN  main            d.u.i.k.n.ParsingFacade   Parsing time 703 ms. 
67856      WARN  main            d.u.i.k.n.ParsingFacade   file:/home/runner/work/key/key/key.core/build/resources/main/de/uka/ilkd/key/java/JavaRedux/java/lang/String.key took 1 ms to parse. 
67857      WARN  main            d.u.i.k.n.ParsingFacade   Parsing time 704 ms. 
70291      WARN  main            d.u.i.k.n.ParsingFacade   /home/runner/work/key/key/key.core/../key.ui/examples/InformationFlow/MiniExamples/mini.MiniExamples(mini.MiniExamples__secure_parameter(int)).Non-interference contract.0.key took 0 ms to parse. 
70291      WARN  main            d.u.i.k.n.ParsingFacade   Parsing time 704 ms. 
70496      INFO  main            d.u.i.k.p.r.p.TestFile    ... finished proof: closed. 
70808      INFO  main            d.u.i.k.p.r.p.TestFile    Now processing file /home/runner/work/key/key/key.core/../key.ui/examples/InformationFlow/MiniExamples/mini.MiniExamples(mini.MiniExamples__secure_p2_7()).Non-interference contract.0.key 
70809      WARN  main            d.u.i.k.n.ParsingFacade   /home/runner/work/key/key/key.core/../key.ui/examples/InformationFlow/MiniExamples/mini.MiniExamples(mini.MiniExamples__secure_p2_7()).Non-interference contract.0.key took 0 ms to parse. 
70809      WARN  main            d.u.i.k.n.ParsingFacade   Parsing time 704 ms. 
71988      WARN  main            d.u.i.k.n.ParsingFacade   file:/home/runner/work/key/key/key.core/build/resources/main/de/uka/ilkd/key/java/JavaRedux/java/lang/String.key took 1 ms to parse. 
71989      WARN  main            d.u.i.k.n.ParsingFacade   Parsing time 705 ms. 
74399      WARN  main            d.u.i.k.n.ParsingFacade   /home/runner/work/key/key/key.core/../key.ui/examples/InformationFlow/MiniExamples/mini.MiniExamples(mini.MiniExamples__secure_p2_7()).Non-interference contract.0.key took 0 ms to parse. 
74399      WARN  main            d.u.i.k.n.ParsingFacade   Parsing time 705 ms. 
74803      INFO  main            d.u.i.k.p.r.p.TestFile    ... finished proof: closed. 
75066      INFO  main            d.u.i.k.p.r.p.TestFile    Now processing file /home/runner/work/key/key/key.core/../key.ui/examples/InformationFlow/MiniExamples/mini.MiniExamples(mini.MiniExamples__insecure_p2_2()).Non-interference contract.0.key 
75068      WARN  main            d.u.i.k.n.ParsingFacade   /home/runner/work/key/key/key.core/../key.ui/examples/InformationFlow/MiniExamples/mini.MiniExamples(mini.MiniExamples__insecure_p2_2()).Non-interference contract.0.key took 1 ms to parse. 
75068      WARN  main            d.u.i.k.n.ParsingFacade   Parsing time 706 ms. 
76215      WARN  main            d.u.i.k.n.ParsingFacade   file:/home/runner/work/key/key/key.core/build/resources/main/de/uka/ilkd/key/java/JavaRedux/java/lang/String.key took 1 ms to parse. 
76215      WARN  main            d.u.i.k.n.ParsingFacade   Parsing time 707 ms. 
78751      WARN  main            d.u.i.k.n.ParsingFacade   /home/runner/work/key/key/key.core/../key.ui/examples/InformationFlow/MiniExamples/mini.MiniExamples(mini.MiniExamples__insecure_p2_2()).Non-interference contract.0.key took 0 ms to parse. 
78752      WARN  main            d.u.i.k.n.ParsingFacade   Parsing time 707 ms. 
79157      INFO  main            d.u.i.k.p.r.p.TestFile    ... finished proof: open goal(s) 
79446      INFO  main            d.u.i.k.p.r.p.TestFile    Now processing file /home/runner/work/key/key/key.core/../key.ui/examples/InformationFlow/MiniExamples/mini.MiniExamples(mini.MiniExamples__secure_p2_6()).Non-interference contract.0.key 
79447      WARN  main            d.u.i.k.n.ParsingFacade   /home/runner/work/key/key/key.core/../key.ui/examples/InformationFlow/MiniExamples/mini.MiniExamples(mini.MiniExamples__secure_p2_6()).Non-interference contract.0.key took 0 ms to parse. 
79447      WARN  main            d.u.i.k.n.ParsingFacade   Parsing time 707 ms. 
80609      WARN  main            d.u.i.k.n.ParsingFacade   file:/home/runner/work/key/key/key.core/build/resources/main/de/uka/ilkd/key/java/JavaRedux/java/lang/String.key took 1 ms to parse. 
80610      WARN  main            d.u.i.k.n.ParsingFacade   Parsing time 708 ms. 
83106      WARN  main            d.u.i.k.n.ParsingFacade   /home/runner/work/key/key/key.core/../key.ui/examples/InformationFlow/MiniExamples/mini.MiniExamples(mini.MiniExamples__secure_p2_6()).Non-interference contract.0.key took 0 ms to parse. 
83106      WARN  main            d.u.i.k.n.ParsingFacade   Parsing time 708 ms. 
83213      INFO  main            d.u.i.k.p.r.p.TestFile    ... finished proof: closed. 
83510      INFO  main            d.u.i.k.p.r.p.TestFile    Now processing file /home/runner/work/key/key/key.core/../key.ui/examples/InformationFlow/MiniExamples/mini.MiniExamples(mini.MiniExamples__secure_p2_5()).Non-interference contract.0.key 
83511      WARN  main            d.u.i.k.n.ParsingFacade   /home/runner/work/key/key/key.core/../key.ui/examples/InformationFlow/MiniExamples/mini.MiniExamples(mini.MiniExamples__secure_p2_5()).Non-interference contract.0.key took 0 ms to parse. 
83511      WARN  main            d.u.i.k.n.ParsingFacade   Parsing time 708 ms. 
84667      WARN  main            d.u.i.k.n.ParsingFacade   file:/home/runner/work/key/key/key.core/build/resources/main/de/uka/ilkd/key/java/JavaRedux/java/lang/String.key took 2 ms to parse. 
84667      WARN  main            d.u.i.k.n.ParsingFacade   Parsing time 710 ms. 
87098      WARN  main            d.u.i.k.n.ParsingFacade   /home/runner/work/key/key/key.core/../key.ui/examples/InformationFlow/MiniExamples/mini.MiniExamples(mini.MiniExamples__secure_p2_5()).Non-interference contract.0.key took 0 ms to parse. 
87098      WARN  main            d.u.i.k.n.ParsingFacade   Parsing time 710 ms. 
87401      INFO  main            d.u.i.k.p.r.p.TestFile    ... finished proof: closed. 
87636      INFO  main            d.u.i.k.p.r.p.TestFile    Now processing file /home/runner/work/key/key/key.core/../key.ui/examples/InformationFlow/MiniExamples/mini.MiniExamples(mini.MiniExamples__secure_p2_4()).Non-interference contract.0.key 
87637      WARN  main            d.u.i.k.n.ParsingFacade   /home/runner/work/key/key/key.core/../key.ui/examples/InformationFlow/MiniExamples/mini.MiniExamples(mini.MiniExamples__secure_p2_4()).Non-interference contract.0.key took 0 ms to parse. 
87637      WARN  main            d.u.i.k.n.ParsingFacade   Parsing time 710 ms. 
88851      WARN  main            d.u.i.k.n.ParsingFacade   file:/home/runner/work/key/key/key.core/build/resources/main/de/uka/ilkd/key/java/JavaRedux/java/lang/String.key took 7 ms to parse. 
88856      WARN  main            d.u.i.k.n.ParsingFacade   Parsing time 717 ms. 
91275      WARN  main            d.u.i.k.n.ParsingFacade   /home/runner/work/key/key/key.core/../key.ui/examples/InformationFlow/MiniExamples/mini.MiniExamples(mini.MiniExamples__secure_p2_4()).Non-interference contract.0.key took 0 ms to parse. 
91276      WARN  main            d.u.i.k.n.ParsingFacade   Parsing time 717 ms. 
91478      INFO  main            d.u.i.k.p.r.p.TestFile    ... finished proof: closed. 
91859      INFO  main            d.u.i.k.p.r.p.TestFile    Now processing file /home/runner/work/key/key/key.core/../key.ui/examples/InformationFlow/MiniExamples/mini.MiniExamples(mini.MiniExamples__secure_p2_3()).Non-interference contract.0.key 
91862      WARN  main            d.u.i.k.n.ParsingFacade   /home/runner/work/key/key/key.core/../key.ui/examples/InformationFlow/MiniExamples/mini.MiniExamples(mini.MiniExamples__secure_p2_3()).Non-interference contract.0.key took 0 ms to parse. 
91863      WARN  main            d.u.i.k.n.ParsingFacade   Parsing time 717 ms. 
93067      WARN  main            d.u.i.k.n.ParsingFacade   file:/home/runner/work/key/key/key.core/build/resources/main/de/uka/ilkd/key/java/JavaRedux/java/lang/String.key took 2 ms to parse. 
93070      WARN  main            d.u.i.k.n.ParsingFacade   Parsing time 719 ms. 
95428      WARN  main            d.u.i.k.n.ParsingFacade   /home/runner/work/key/key/key.core/../key.ui/examples/InformationFlow/MiniExamples/mini.MiniExamples(mini.MiniExamples__secure_p2_3()).Non-interference contract.0.key took 1 ms to parse. 
95428      WARN  main            d.u.i.k.n.ParsingFacade   Parsing time 720 ms. 
95632      INFO  main            d.u.i.k.p.r.p.TestFile    ... finished proof: closed. 
95895      INFO  main            d.u.i.k.p.r.p.TestFile    Now processing file /home/runner/work/key/key/key.core/../key.ui/examples/InformationFlow/MiniExamples/mini.MiniExamples(mini.MiniExamples__secure_p2_2()).Non-interference contract.0.key 
95895      WARN  main            d.u.i.k.n.ParsingFacade   /home/runner/work/key/key/key.core/../key.ui/examples/InformationFlow/MiniExamples/mini.MiniExamples(mini.MiniExamples__secure_p2_2()).Non-interference contract.0.key took 0 ms to parse. 
95896      WARN  main            d.u.i.k.n.ParsingFacade   Parsing time 720 ms. 
97077      WARN  main            d.u.i.k.n.ParsingFacade   file:/home/runner/work/key/key/key.core/build/resources/main/de/uka/ilkd/key/java/JavaRedux/java/lang/String.key took 1 ms to parse. 
97078      WARN  main            d.u.i.k.n.ParsingFacade   Parsing time 721 ms. 
99449      WARN  main            d.u.i.k.n.ParsingFacade   /home/runner/work/key/key/key.core/../key.ui/examples/InformationFlow/MiniExamples/mini.MiniExamples(mini.MiniExamples__secure_p2_2()).Non-interference contract.0.key took 0 ms to parse. 
99450      WARN  main            d.u.i.k.n.ParsingFacade   Parsing time 721 ms. 
99552      INFO  main            d.u.i.k.p.r.p.TestFile    ... finished proof: closed. 
99799      INFO  main            d.u.i.k.p.r.p.TestFile    Now processing file /home/runner/work/key/key/key.core/../key.ui/examples/InformationFlow/MiniExamples/mini.MiniExamples(mini.MiniExamples__secure_p2_1()).Non-interference contract.0.key 
99800      WARN  main            d.u.i.k.n.ParsingFacade   /home/runner/work/key/key/key.core/../key.ui/examples/InformationFlow/MiniExamples/mini.MiniExamples(mini.MiniExamples__secure_p2_1()).Non-interference contract.0.key took 0 ms to parse. 
99800      WARN  main            d.u.i.k.n.ParsingFacade   Parsing time 721 ms. 
100935     WARN  main            d.u.i.k.n.ParsingFacade   file:/home/runner/work/key/key/key.core/build/resources/main/de/uka/ilkd/key/java/JavaRedux/java/lang/String.key took 1 ms to parse. 
100936     WARN  main            d.u.i.k.n.ParsingFacade   Parsing time 722 ms. 
103330     WARN  main            d.u.i.k.n.ParsingFacade   /home/runner/work/key/key/key.core/../key.ui/examples/InformationFlow/MiniExamples/mini.MiniExamples(mini.MiniExamples__secure_p2_1()).Non-interference contract.0.key took 0 ms to parse. 
103331     WARN  main            d.u.i.k.n.ParsingFacade   Parsing time 722 ms. 
103533     INFO  main            d.u.i.k.p.r.p.TestFile    ... finished proof: closed. 
103787     INFO  main            d.u.i.k.p.r.p.TestFile    Now processing file /home/runner/work/key/key/key.core/../key.ui/examples/InformationFlow/MiniExamples/mini.MiniExamples(mini.MiniExamples__insecure_p2_1()).Non-interference contract.0.key 
103788     WARN  main            d.u.i.k.n.ParsingFacade   /home/runner/work/key/key/key.core/../key.ui/examples/InformationFlow/MiniExamples/mini.MiniExamples(mini.MiniExamples__insecure_p2_1()).Non-interference contract.0.key took 0 ms to parse. 
103788     WARN  main            d.u.i.k.n.ParsingFacade   Parsing time 722 ms. 
104955     WARN  main            d.u.i.k.n.ParsingFacade   file:/home/runner/work/key/key/key.core/build/resources/main/de/uka/ilkd/key/java/JavaRedux/java/lang/String.key took 2 ms to parse. 
104955     WARN  main            d.u.i.k.n.ParsingFacade   Parsing time 724 ms. 
107337     WARN  main            d.u.i.k.n.ParsingFacade   /home/runner/work/key/key/key.core/../key.ui/examples/InformationFlow/MiniExamples/mini.MiniExamples(mini.MiniExamples__insecure_p2_1()).Non-interference contract.0.key took 0 ms to parse. 
107337     WARN  main            d.u.i.k.n.ParsingFacade   Parsing time 724 ms. 
107540     INFO  main            d.u.i.k.p.r.p.TestFile    ... finished proof: open goal(s) 
107777     INFO  main            d.u.i.k.p.r.p.TestFile    Now processing file /home/runner/work/key/key/key.core/../key.ui/examples/InformationFlow/MiniExamples/mini.MiniExamples(mini.MiniExamples__secure_p1_6()).Non-interference contract.0.key 
107778     WARN  main            d.u.i.k.n.ParsingFacade   /home/runner/work/key/key/key.core/../key.ui/examples/InformationFlow/MiniExamples/mini.MiniExamples(mini.MiniExamples__secure_p1_6()).Non-interference contract.0.key took 0 ms to parse. 
107778     WARN  main            d.u.i.k.n.ParsingFacade   Parsing time 724 ms. 
108913     WARN  main            d.u.i.k.n.ParsingFacade   file:/home/runner/work/key/key/key.core/build/resources/main/de/uka/ilkd/key/java/JavaRedux/java/lang/String.key took 2 ms to parse. 
108916     WARN  main            d.u.i.k.n.ParsingFacade   Parsing time 726 ms. 
111267     WARN  main            d.u.i.k.n.ParsingFacade   /home/runner/work/key/key/key.core/../key.ui/examples/InformationFlow/MiniExamples/mini.MiniExamples(mini.MiniExamples__secure_p1_6()).Non-interference contract.0.key took 0 ms to parse. 
111267     WARN  main            d.u.i.k.n.ParsingFacade   Parsing time 726 ms. 
111475     INFO  main            d.u.i.k.p.r.p.TestFile    ... finished proof: closed. 
111743     INFO  main            d.u.i.k.p.r.p.TestFile    Now processing file /home/runner/work/key/key/key.core/../key.ui/examples/InformationFlow/MiniExamples/mini.MiniExamples(mini.MiniExamples__secure_p1_5()).Non-interference contract.0.key 
111744     WARN  main            d.u.i.k.n.ParsingFacade   /home/runner/work/key/key/key.core/../key.ui/examples/InformationFlow/MiniExamples/mini.MiniExamples(mini.MiniExamples__secure_p1_5()).Non-interference contract.0.key took 0 ms to parse. 
111744     WARN  main            d.u.i.k.n.ParsingFacade   Parsing time 726 ms. 
112920     WARN  main            d.u.i.k.n.ParsingFacade   file:/home/runner/work/key/key/key.core/build/resources/main/de/uka/ilkd/key/java/JavaRedux/java/lang/String.key took 2 ms to parse. 
112920     WARN  main            d.u.i.k.n.ParsingFacade   Parsing time 728 ms. 
115264     WARN  main            d.u.i.k.n.ParsingFacade   /home/runner/work/key/key/key.core/../key.ui/examples/InformationFlow/MiniExamples/mini.MiniExamples(mini.MiniExamples__secure_p1_5()).Non-interference contract.0.key took 0 ms to parse. 
115264     WARN  main            d.u.i.k.n.ParsingFacade   Parsing time 728 ms. 
115769     INFO  main            d.u.i.k.p.r.p.TestFile    ... finished proof: closed. 
116031     INFO  main            d.u.i.k.p.r.p.TestFile    Now processing file /home/runner/work/key/key/key.core/../key.ui/examples/InformationFlow/MiniExamples/mini.MiniExamples(mini.MiniExamples__secure_p1_4()).Non-interference contract.0.key 
116032     WARN  main            d.u.i.k.n.ParsingFacade   /home/runner/work/key/key/key.core/../key.ui/examples/InformationFlow/MiniExamples/mini.MiniExamples(mini.MiniExamples__secure_p1_4()).Non-interference contract.0.key took 0 ms to parse. 
116033     WARN  main            d.u.i.k.n.ParsingFacade   Parsing time 728 ms. 
117154     WARN  main            d.u.i.k.n.ParsingFacade   file:/home/runner/work/key/key/key.core/build/resources/main/de/uka/ilkd/key/java/JavaRedux/java/lang/String.key took 1 ms to parse. 
117155     WARN  main            d.u.i.k.n.ParsingFacade   Parsing time 729 ms. 
119567     WARN  main            d.u.i.k.n.ParsingFacade   /home/runner/work/key/key/key.core/../key.ui/examples/InformationFlow/MiniExamples/mini.MiniExamples(mini.MiniExamples__secure_p1_4()).Non-interference contract.0.key took 0 ms to parse. 
119568     WARN  main            d.u.i.k.n.ParsingFacade   Parsing time 729 ms. 
120071     INFO  main            d.u.i.k.p.r.p.TestFile    ... finished proof: closed. 
120418     INFO  main            d.u.i.k.p.r.p.TestFile    Now processing file /home/runner/work/key/key/key.core/../key.ui/examples/InformationFlow/MiniExamples/mini.MiniExamples(mini.MiniExamples__secure_p1_3()).Non-interference contract.0.key 
120419     WARN  main            d.u.i.k.n.ParsingFacade   /home/runner/work/key/key/key.core/../key.ui/examples/InformationFlow/MiniExamples/mini.MiniExamples(mini.MiniExamples__secure_p1_3()).Non-interference contract.0.key took 0 ms to parse. 
120419     WARN  main            d.u.i.k.n.ParsingFacade   Parsing time 729 ms. 
121581     WARN  main            d.u.i.k.n.ParsingFacade   file:/home/runner/work/key/key/key.core/build/resources/main/de/uka/ilkd/key/java/JavaRedux/java/lang/String.key took 3 ms to parse. 
121581     WARN  main            d.u.i.k.n.ParsingFacade   Parsing time 732 ms. 
123941     WARN  main            d.u.i.k.n.ParsingFacade   /home/runner/work/key/key/key.core/../key.ui/examples/InformationFlow/MiniExamples/mini.MiniExamples(mini.MiniExamples__secure_p1_3()).Non-interference contract.0.key took 0 ms to parse. 
123941     WARN  main            d.u.i.k.n.ParsingFacade   Parsing time 732 ms. 
124157     INFO  main            d.u.i.k.p.r.p.TestFile    ... finished proof: closed. 
124413     INFO  main            d.u.i.k.p.r.p.TestFile    Now processing file /home/runner/work/key/key/key.core/../key.ui/examples/InformationFlow/MiniExamples/mini.MiniExamples(mini.MiniExamples__secure_p1_2()).Non-interference contract.0.key 
124414     WARN  main            d.u.i.k.n.ParsingFacade   /home/runner/work/key/key/key.core/../key.ui/examples/InformationFlow/MiniExamples/mini.MiniExamples(mini.MiniExamples__secure_p1_2()).Non-interference contract.0.key took 0 ms to parse. 
124414     WARN  main            d.u.i.k.n.ParsingFacade   Parsing time 732 ms. 
125595     WARN  main            d.u.i.k.n.ParsingFacade   file:/home/runner/work/key/key/key.core/build/resources/main/de/uka/ilkd/key/java/JavaRedux/java/lang/String.key took 1 ms to parse. 
125596     WARN  main            d.u.i.k.n.ParsingFacade   Parsing time 733 ms. 
127982     WARN  main            d.u.i.k.n.ParsingFacade   /home/runner/work/key/key/key.core/../key.ui/examples/InformationFlow/MiniExamples/mini.MiniExamples(mini.MiniExamples__secure_p1_2()).Non-interference contract.0.key took 0 ms to parse. 
127982     WARN  main            d.u.i.k.n.ParsingFacade   Parsing time 733 ms. 
128387     INFO  main            d.u.i.k.p.r.p.TestFile    ... finished proof: closed. 
128674     INFO  main            d.u.i.k.p.r.p.TestFile    Now processing file /home/runner/work/key/key/key.core/../key.ui/examples/InformationFlow/MiniExamples/mini.MiniExamples(mini.MiniExamples__secure_p1_1()).Non-interference contract.1.key 
128675     WARN  main            d.u.i.k.n.ParsingFacade   /home/runner/work/key/key/key.core/../key.ui/examples/InformationFlow/MiniExamples/mini.MiniExamples(mini.MiniExamples__secure_p1_1()).Non-interference contract.1.key took 0 ms to parse. 
128675     WARN  main            d.u.i.k.n.ParsingFacade   Parsing time 733 ms. 
129807     WARN  main            d.u.i.k.n.ParsingFacade   file:/home/runner/work/key/key/key.core/build/resources/main/de/uka/ilkd/key/java/JavaRedux/java/lang/String.key took 1 ms to parse. 
129807     WARN  main            d.u.i.k.n.ParsingFacade   Parsing time 734 ms. 
132164     WARN  main            d.u.i.k.n.ParsingFacade   /home/runner/work/key/key/key.core/../key.ui/examples/InformationFlow/MiniExamples/mini.MiniExamples(mini.MiniExamples__secure_p1_1()).Non-interference contract.1.key took 0 ms to parse. 
132164     WARN  main            d.u.i.k.n.ParsingFacade   Parsing time 734 ms. 
132466     INFO  main            d.u.i.k.p.r.p.TestFile    ... finished proof: closed. 
132768     INFO  main            d.u.i.k.p.r.p.TestFile    Now processing file /home/runner/work/key/key/key.core/../key.ui/examples/InformationFlow/MiniExamples/mini.MiniExamples(mini.MiniExamples__secure_p1_1()).Non-interference contract.0.key 
132770     WARN  main            d.u.i.k.n.ParsingFacade   /home/runner/work/key/key/key.core/../key.ui/examples/InformationFlow/MiniExamples/mini.MiniExamples(mini.MiniExamples__secure_p1_1()).Non-interference contract.0.key took 0 ms to parse. 
132772     WARN  main            d.u.i.k.n.ParsingFacade   Parsing time 734 ms. 
133939     WARN  main            d.u.i.k.n.ParsingFacade   file:/home/runner/work/key/key/key.core/build/resources/main/de/uka/ilkd/key/java/JavaRedux/java/lang/String.key took 1 ms to parse. 
133940     WARN  main            d.u.i.k.n.ParsingFacade   Parsing time 735 ms. 
136286     WARN  main            d.u.i.k.n.ParsingFacade   /home/runner/work/key/key/key.core/../key.ui/examples/InformationFlow/MiniExamples/mini.MiniExamples(mini.MiniExamples__secure_p1_1()).Non-interference contract.0.key took 0 ms to parse. 
136287     WARN  main            d.u.i.k.n.ParsingFacade   Parsing time 735 ms. 
136590     INFO  main            d.u.i.k.p.r.p.TestFile    ... finished proof: closed. 
136906     INFO  main            d.u.i.k.p.r.p.TestFile    Now processing file /home/runner/work/key/key/key.core/../key.ui/examples/InformationFlow/MiniExamples/mini.MiniExamples(mini.MiniExamples__insecure_p1_2()).Non-interference contract.0.key 
136907     WARN  main            d.u.i.k.n.ParsingFacade   /home/runner/work/key/key/key.core/../key.ui/examples/InformationFlow/MiniExamples/mini.MiniExamples(mini.MiniExamples__insecure_p1_2()).Non-interference contract.0.key took 0 ms to parse. 
136907     WARN  main            d.u.i.k.n.ParsingFacade   Parsing time 735 ms. 
138098     WARN  main            d.u.i.k.n.ParsingFacade   file:/home/runner/work/key/key/key.core/build/resources/main/de/uka/ilkd/key/java/JavaRedux/java/lang/String.key took 2 ms to parse. 
138098     WARN  main            d.u.i.k.n.ParsingFacade   Parsing time 737 ms. 
140428     WARN  main            d.u.i.k.n.ParsingFacade   /home/runner/work/key/key/key.core/../key.ui/examples/InformationFlow/MiniExamples/mini.MiniExamples(mini.MiniExamples__insecure_p1_2()).Non-interference contract.0.key took 0 ms to parse. 
140428     WARN  main            d.u.i.k.n.ParsingFacade   Parsing time 737 ms. 
140731     INFO  main            d.u.i.k.p.r.p.TestFile    ... finished proof: open goal(s) 
141033     INFO  main            d.u.i.k.p.r.p.TestFile    Now processing file /home/runner/work/key/key/key.core/../key.ui/examples/InformationFlow/MiniExamples/mini.MiniExamples(mini.MiniExamples__insecure_p1_1()).Non-interference contract.0.key 
141034     WARN  main            d.u.i.k.n.ParsingFacade   /home/runner/work/key/key/key.core/../key.ui/examples/InformationFlow/MiniExamples/mini.MiniExamples(mini.MiniExamples__insecure_p1_1()).Non-interference contract.0.key took 0 ms to parse. 
141035     WARN  main            d.u.i.k.n.ParsingFacade   Parsing time 737 ms. 
142177     WARN  main            d.u.i.k.n.ParsingFacade   file:/home/runner/work/key/key/key.core/build/resources/main/de/uka/ilkd/key/java/JavaRedux/java/lang/String.key took 2 ms to parse. 
142177     WARN  main            d.u.i.k.n.ParsingFacade   Parsing time 739 ms. 
144502     WARN  main            d.u.i.k.n.ParsingFacade   /home/runner/work/key/key/key.core/../key.ui/examples/InformationFlow/MiniExamples/mini.MiniExamples(mini.MiniExamples__insecure_p1_1()).Non-interference contract.0.key took 1 ms to parse. 
144502     WARN  main            d.u.i.k.n.ParsingFacade   Parsing time 740 ms. 
144705     INFO  main            d.u.i.k.p.r.p.TestFile    ... finished proof: open goal(s) 
1605589    INFO  Test worker     d.u.i.k.p.r.RunAllProofsTestUnit Returning from test MiniExamples_nomacro 
1605590    INFO  Test worker     d.u.i.k.p.r.RunAllProofsTestUnit Running test NewObjects_nomacro 
629        INFO  Timeout watchdog d.u.i.k.p.r.p.ForkedTestFileRunner Timeout watcher launched (1000 secs.) 
659        WARN  main            d.u.i.k.s.ProofSettings   The settings in /home/runner/.key/proof-settings.props are *not* read. 
719        INFO  main            d.u.i.k.p.r.p.TestFile    Now processing file /home/runner/work/key/key/key.core/../key.ui/examples/InformationFlow/NewObjects/object.AmtoftBanerjee3(object.AmtoftBanerjee3__m()).Non-interference contract.0.key 
1095       WARN  main            d.u.i.k.n.ParsingFacade   /home/runner/work/key/key/key.core/../key.ui/examples/InformationFlow/NewObjects/object.AmtoftBanerjee3(object.AmtoftBanerjee3__m()).Non-interference contract.0.key took 15 ms to parse. 
1095       WARN  main            d.u.i.k.n.ParsingFacade   Parsing time 15 ms. 
1321       WARN  main            d.u.i.k.n.ParsingFacade   file:/home/runner/work/key/key/key.core/build/resources/main/de/uka/ilkd/key/proof/rules/standardRules.key took 18 ms to parse. 
1321       WARN  main            d.u.i.k.n.ParsingFacade   Parsing time 33 ms. 
1351       WARN  main            d.u.i.k.n.ParsingFacade   file:/home/runner/work/key/key/key.core/build/resources/main/de/uka/ilkd/key/proof/rules/ldt.key took 4 ms to parse. 
1353       WARN  main            d.u.i.k.n.ParsingFacade   Parsing time 37 ms. 
1369       WARN  main            d.u.i.k.n.ParsingFacade   file:/home/runner/work/key/key/key.core/build/resources/main/de/uka/ilkd/key/proof/rules/boolean.key took 6 ms to parse. 
1369       WARN  main            d.u.i.k.n.ParsingFacade   Parsing time 43 ms. 
1421       WARN  main            d.u.i.k.n.ParsingFacade   file:/home/runner/work/key/key/key.core/build/resources/main/de/uka/ilkd/key/proof/rules/ruleSetsDeclarations.key took 18 ms to parse. 
1421       WARN  main            d.u.i.k.n.ParsingFacade   Parsing time 61 ms. 
1476       WARN  main            d.u.i.k.n.ParsingFacade   file:/home/runner/work/key/key/key.core/build/resources/main/de/uka/ilkd/key/proof/rules/integerHeader.key took 13 ms to parse. 
1477       WARN  main            d.u.i.k.n.ParsingFacade   Parsing time 74 ms. 
1488       WARN  main            d.u.i.k.n.ParsingFacade   file:/home/runner/work/key/key/key.core/build/resources/main/de/uka/ilkd/key/proof/rules/floatHeader.key took 8 ms to parse. 
1490       WARN  main            d.u.i.k.n.ParsingFacade   Parsing time 82 ms. 
1494       WARN  main            d.u.i.k.n.ParsingFacade   file:/home/runner/work/key/key/key.core/build/resources/main/de/uka/ilkd/key/proof/rules/heap.key took 2 ms to parse. 
1496       WARN  main            d.u.i.k.n.ParsingFacade   Parsing time 84 ms. 
1505       WARN  main            d.u.i.k.n.ParsingFacade   file:/home/runner/work/key/key/key.core/build/resources/main/de/uka/ilkd/key/proof/rules/locSets.key took 1 ms to parse. 
1505       WARN  main            d.u.i.k.n.ParsingFacade   Parsing time 85 ms. 
1509       WARN  main            d.u.i.k.n.ParsingFacade   file:/home/runner/work/key/key/key.core/build/resources/main/de/uka/ilkd/key/proof/rules/permission.key took 2 ms to parse. 
1510       WARN  main            d.u.i.k.n.ParsingFacade   Parsing time 87 ms. 
1512       WARN  main            d.u.i.k.n.ParsingFacade   file:/home/runner/work/key/key/key.core/build/resources/main/de/uka/ilkd/key/proof/rules/reach.key took 1 ms to parse. 
1512       WARN  main            d.u.i.k.n.ParsingFacade   Parsing time 88 ms. 
1513       WARN  main            d.u.i.k.n.ParsingFacade   file:/home/runner/work/key/key/key.core/build/resources/main/de/uka/ilkd/key/proof/rules/seq.key took 0 ms to parse. 
1514       WARN  main            d.u.i.k.n.ParsingFacade   Parsing time 88 ms. 
1579       WARN  main            d.u.i.k.n.ParsingFacade   file:/home/runner/work/key/key/key.core/build/resources/main/de/uka/ilkd/key/proof/rules/map.key took 56 ms to parse. 
1585       WARN  main            d.u.i.k.n.ParsingFacade   Parsing time 144 ms. 
1587       WARN  main            d.u.i.k.n.ParsingFacade   file:/home/runner/work/key/key/key.core/build/resources/main/de/uka/ilkd/key/proof/rules/freeADT.key took 0 ms to parse. 
1590       WARN  main            d.u.i.k.n.ParsingFacade   Parsing time 144 ms. 
1592       WARN  main            d.u.i.k.n.ParsingFacade   file:/home/runner/work/key/key/key.core/build/resources/main/de/uka/ilkd/key/proof/rules/wellfound.key took 0 ms to parse. 
1593       WARN  main            d.u.i.k.n.ParsingFacade   Parsing time 144 ms. 
1595       WARN  main            d.u.i.k.n.ParsingFacade   file:/home/runner/work/key/key/key.core/build/resources/main/de/uka/ilkd/key/proof/rules/charListHeader.key took 0 ms to parse. 
1597       WARN  main            d.u.i.k.n.ParsingFacade   Parsing time 144 ms. 
1830       WARN  main            d.u.i.k.n.ParsingFacade   file:/home/runner/work/key/key/key.core/build/resources/main/de/uka/ilkd/key/proof/rules/propRule.key took 5 ms to parse. 
1830       WARN  main            d.u.i.k.n.ParsingFacade   Parsing time 149 ms. 
1874       WARN  main            d.u.i.k.n.ParsingFacade   file:/home/runner/work/key/key/key.core/build/resources/main/de/uka/ilkd/key/proof/rules/firstOrderRules.key took 15 ms to parse. 
1875       WARN  main            d.u.i.k.n.ParsingFacade   Parsing time 164 ms. 
1914       WARN  main            d.u.i.k.n.ParsingFacade   file:/home/runner/work/key/key/key.core/build/resources/main/de/uka/ilkd/key/proof/rules/ifThenElseRules.key took 7 ms to parse. 
1915       WARN  main            d.u.i.k.n.ParsingFacade   Parsing time 171 ms. 
2004       WARN  main            d.u.i.k.n.ParsingFacade   file:/home/runner/work/key/key/key.core/build/resources/main/de/uka/ilkd/key/proof/rules/formulaNormalisationRules.key took 22 ms to parse. 
2004       WARN  main            d.u.i.k.n.ParsingFacade   Parsing time 193 ms. 
2133       WARN  main            d.u.i.k.n.ParsingFacade   file:/home/runner/work/key/key/key.core/build/resources/main/de/uka/ilkd/key/proof/rules/updateRules.key took 5 ms to parse. 
2133       WARN  main            d.u.i.k.n.ParsingFacade   Parsing time 198 ms. 
2149       WARN  main            d.u.i.k.n.ParsingFacade   file:/home/runner/work/key/key/key.core/build/resources/main/de/uka/ilkd/key/proof/rules/integerRulesCommon.key took 2 ms to parse. 
2149       WARN  main            d.u.i.k.n.ParsingFacade   Parsing time 200 ms. 
2288       WARN  main            d.u.i.k.n.ParsingFacade   file:/home/runner/work/key/key/key.core/build/resources/main/de/uka/ilkd/key/proof/rules/intRules.key took 4 ms to parse. 
2288       WARN  main            d.u.i.k.n.ParsingFacade   Parsing time 204 ms. 
2304       WARN  main            d.u.i.k.n.ParsingFacade   file:/home/runner/work/key/key/key.core/build/resources/main/de/uka/ilkd/key/proof/rules/intRulesUncheckedSemantics.key took 3 ms to parse. 
2304       WARN  main            d.u.i.k.n.ParsingFacade   Parsing time 207 ms. 
2314       WARN  main            d.u.i.k.n.ParsingFacade   file:/home/runner/work/key/key/key.core/build/resources/main/de/uka/ilkd/key/proof/rules/intRulesCheckedSemantics.key took 1 ms to parse. 
2315       WARN  main            d.u.i.k.n.ParsingFacade   Parsing time 208 ms. 
2322       WARN  main            d.u.i.k.n.ParsingFacade   file:/home/runner/work/key/key/key.core/build/resources/main/de/uka/ilkd/key/proof/rules/intRulesJavaSemantics.key took 1 ms to parse. 
2323       WARN  main            d.u.i.k.n.ParsingFacade   Parsing time 209 ms. 
2425       WARN  main            d.u.i.k.n.ParsingFacade   file:/home/runner/work/key/key/key.core/build/resources/main/de/uka/ilkd/key/proof/rules/integerSimplificationRules.key took 76 ms to parse. 
2428       WARN  main            d.u.i.k.n.ParsingFacade   Parsing time 285 ms. 
2567       WARN  main            d.u.i.k.n.ParsingFacade   file:/home/runner/work/key/key/key.core/build/resources/main/de/uka/ilkd/key/proof/rules/intDiv.key took 8 ms to parse. 
2567       WARN  main            d.u.i.k.n.ParsingFacade   Parsing time 293 ms. 
2648       WARN  main            d.u.i.k.n.ParsingFacade   file:/home/runner/work/key/key/key.core/build/resources/main/de/uka/ilkd/key/proof/rules/bsum.key took 39 ms to parse. 
2652       WARN  main            d.u.i.k.n.ParsingFacade   Parsing time 332 ms. 
2704       WARN  main            d.u.i.k.n.ParsingFacade   file:/home/runner/work/key/key/key.core/build/resources/main/de/uka/ilkd/key/proof/rules/bprod.key took 3 ms to parse. 
2704       WARN  main            d.u.i.k.n.ParsingFacade   Parsing time 335 ms. 
2723       WARN  main            d.u.i.k.n.ParsingFacade   file:/home/runner/work/key/key/key.core/build/resources/main/de/uka/ilkd/key/proof/rules/binaryAxioms.key took 1 ms to parse. 
2723       WARN  main            d.u.i.k.n.ParsingFacade   Parsing time 336 ms. 
2730       WARN  main            d.u.i.k.n.ParsingFacade   file:/home/runner/work/key/key/key.core/build/resources/main/de/uka/ilkd/key/proof/rules/binaryLemmas.key took 2 ms to parse. 
2730       WARN  main            d.u.i.k.n.ParsingFacade   Parsing time 338 ms. 
2744       WARN  main            d.u.i.k.n.ParsingFacade   file:/home/runner/work/key/key/key.core/build/resources/main/de/uka/ilkd/key/proof/rules/intPow.key took 4 ms to parse. 
2744       WARN  main            d.u.i.k.n.ParsingFacade   Parsing time 342 ms. 
2762       WARN  main            d.u.i.k.n.ParsingFacade   file:/home/runner/work/key/key/key.core/build/resources/main/de/uka/ilkd/key/proof/rules/floatRulesCommon.key took 7 ms to parse. 
2763       WARN  main            d.u.i.k.n.ParsingFacade   Parsing time 349 ms. 
2783       WARN  main            d.u.i.k.n.ParsingFacade   file:/home/runner/work/key/key/key.core/build/resources/main/de/uka/ilkd/key/proof/rules/floatRules.key took 0 ms to parse. 
2784       WARN  main            d.u.i.k.n.ParsingFacade   Parsing time 349 ms. 
2786       WARN  main            d.u.i.k.n.ParsingFacade   file:/home/runner/work/key/key/key.core/build/resources/main/de/uka/ilkd/key/proof/rules/floatRulesVerifyNormal.key took 1 ms to parse. 
2786       WARN  main            d.u.i.k.n.ParsingFacade   Parsing time 350 ms. 
2793       WARN  main            d.u.i.k.n.ParsingFacade   file:/home/runner/work/key/key/key.core/build/resources/main/de/uka/ilkd/key/proof/rules/floatRulesAssumeStrictfp.key took 6 ms to parse. 
2794       WARN  main            d.u.i.k.n.ParsingFacade   Parsing time 356 ms. 
2857       WARN  main            d.u.i.k.n.ParsingFacade   file:/home/runner/work/key/key/key.core/build/resources/main/de/uka/ilkd/key/proof/rules/genericRules.key took 3 ms to parse. 
2858       WARN  main            d.u.i.k.n.ParsingFacade   Parsing time 359 ms. 
2874       WARN  main            d.u.i.k.n.ParsingFacade   file:/home/runner/work/key/key/key.core/build/resources/main/de/uka/ilkd/key/proof/rules/booleanRules.key took 2 ms to parse. 
2875       WARN  main            d.u.i.k.n.ParsingFacade   Parsing time 361 ms. 
2878       WARN  main            d.u.i.k.n.ParsingFacade   file:/home/runner/work/key/key/key.core/build/resources/main/de/uka/ilkd/key/proof/rules/epsilon.key took 0 ms to parse. 
2879       WARN  main            d.u.i.k.n.ParsingFacade   Parsing time 361 ms. 
2890       WARN  main            d.u.i.k.n.ParsingFacade   file:/home/runner/work/key/key/key.core/build/resources/main/de/uka/ilkd/key/proof/rules/locSetsRules.key took 8 ms to parse. 
2891       WARN  main            d.u.i.k.n.ParsingFacade   Parsing time 369 ms. 
2971       WARN  main            d.u.i.k.n.ParsingFacade   file:/home/runner/work/key/key/key.core/build/resources/main/de/uka/ilkd/key/proof/rules/heapRules.key took 9 ms to parse. 
2972       WARN  main            d.u.i.k.n.ParsingFacade   Parsing time 378 ms. 
3000       WARN  main            d.u.i.k.n.ParsingFacade   file:/home/runner/work/key/key/key.core/build/resources/main/de/uka/ilkd/key/proof/rules/permissionRules.key took 2 ms to parse. 
3001       WARN  main            d.u.i.k.n.ParsingFacade   Parsing time 380 ms. 
3015       WARN  main            d.u.i.k.n.ParsingFacade   file:/home/runner/work/key/key/key.core/build/resources/main/de/uka/ilkd/key/proof/rules/reachRules.key took 4 ms to parse. 
3015       WARN  main            d.u.i.k.n.ParsingFacade   Parsing time 384 ms. 
3028       WARN  main            d.u.i.k.n.ParsingFacade   file:/home/runner/work/key/key/key.core/build/resources/main/de/uka/ilkd/key/proof/rules/seqCoreRules.key took 1 ms to parse. 
3029       WARN  main            d.u.i.k.n.ParsingFacade   Parsing time 385 ms. 
3037       WARN  main            d.u.i.k.n.ParsingFacade   file:/home/runner/work/key/key/key.core/build/resources/main/de/uka/ilkd/key/proof/rules/seqRules.key took 6 ms to parse. 
3038       WARN  main            d.u.i.k.n.ParsingFacade   Parsing time 391 ms. 
3107       WARN  main            d.u.i.k.n.ParsingFacade   file:/home/runner/work/key/key/key.core/build/resources/main/de/uka/ilkd/key/proof/rules/seqPerm.key took 6 ms to parse. 
3108       WARN  main            d.u.i.k.n.ParsingFacade   Parsing time 397 ms. 
3126       WARN  main            d.u.i.k.n.ParsingFacade   file:/home/runner/work/key/key/key.core/build/resources/main/de/uka/ilkd/key/proof/rules/seqPerm2.key took 1 ms to parse. 
3126       WARN  main            d.u.i.k.n.ParsingFacade   Parsing time 398 ms. 
3180       WARN  main            d.u.i.k.n.ParsingFacade   file:/home/runner/work/key/key/key.core/build/resources/main/de/uka/ilkd/key/proof/rules/javaRules.key took 50 ms to parse. 
3181       WARN  main            d.u.i.k.n.ParsingFacade   Parsing time 448 ms. 
3191       WARN  main            d.u.i.k.n.ParsingFacade   file:/home/runner/work/key/key/key.core/build/resources/main/de/uka/ilkd/key/proof/rules/assertions.key took 1 ms to parse. 
3192       WARN  main            d.u.i.k.n.ParsingFacade   Parsing time 449 ms. 
4181       WARN  main            d.u.i.k.n.ParsingFacade   file:/home/runner/work/key/key/key.core/build/resources/main/de/uka/ilkd/key/proof/rules/loopRules.key took 4 ms to parse. 
4181       WARN  main            d.u.i.k.n.ParsingFacade   Parsing time 453 ms. 
4196       WARN  main            d.u.i.k.n.ParsingFacade   file:/home/runner/work/key/key/key.core/build/resources/main/de/uka/ilkd/key/proof/rules/activeUse.key took 2 ms to parse. 
4196       WARN  main            d.u.i.k.n.ParsingFacade   Parsing time 455 ms. 
4286       WARN  main            d.u.i.k.n.ParsingFacade   file:/home/runner/work/key/key/key.core/build/resources/main/de/uka/ilkd/key/proof/rules/instanceAllocation.key took 8 ms to parse. 
4286       WARN  main            d.u.i.k.n.ParsingFacade   Parsing time 463 ms. 
4311       WARN  main            d.u.i.k.n.ParsingFacade   file:/home/runner/work/key/key/key.core/build/resources/main/de/uka/ilkd/key/proof/rules/java5.key took 0 ms to parse. 
4311       WARN  main            d.u.i.k.n.ParsingFacade   Parsing time 463 ms. 
4322       WARN  main            d.u.i.k.n.ParsingFacade   file:/home/runner/work/key/key/key.core/build/resources/main/de/uka/ilkd/key/proof/rules/integerAssignment2UpdateRules.key took 4 ms to parse. 
4323       WARN  main            d.u.i.k.n.ParsingFacade   Parsing time 467 ms. 
4415       WARN  main            d.u.i.k.n.ParsingFacade   file:/home/runner/work/key/key/key.core/build/resources/main/de/uka/ilkd/key/proof/rules/floatAssignment2UpdateRules.key took 9 ms to parse. 
4415       WARN  main            d.u.i.k.n.ParsingFacade   Parsing time 476 ms. 
4450       WARN  main            d.u.i.k.n.ParsingFacade   file:/home/runner/work/key/key/key.core/build/resources/main/de/uka/ilkd/key/proof/rules/bigint.key took 3 ms to parse. 
4451       WARN  main            d.u.i.k.n.ParsingFacade   Parsing time 479 ms. 
4473       WARN  main            d.u.i.k.n.ParsingFacade   file:/home/runner/work/key/key/key.core/build/resources/main/de/uka/ilkd/key/proof/rules/adtProgramDecompositionRules.key took 1 ms to parse. 
4473       WARN  main            d.u.i.k.n.ParsingFacade   Parsing time 480 ms. 
4501       WARN  main            d.u.i.k.n.ParsingFacade   file:/home/runner/work/key/key/key.core/build/resources/main/de/uka/ilkd/key/proof/rules/precRules.key took 0 ms to parse. 
4501       WARN  main            d.u.i.k.n.ParsingFacade   Parsing time 480 ms. 
4507       WARN  main            d.u.i.k.n.ParsingFacade   file:/home/runner/work/key/key/key.core/build/resources/main/de/uka/ilkd/key/proof/rules/charListRules.key took 3 ms to parse. 
4507       WARN  main            d.u.i.k.n.ParsingFacade   Parsing time 483 ms. 
4517       WARN  main            d.u.i.k.n.ParsingFacade   file:/home/runner/work/key/key/key.core/build/resources/main/de/uka/ilkd/key/proof/rules/regExTheory.key took 0 ms to parse. 
4517       WARN  main            d.u.i.k.n.ParsingFacade   Parsing time 483 ms. 
4518       WARN  main            d.u.i.k.n.ParsingFacade   file:/home/runner/work/key/key/key.core/build/resources/main/de/uka/ilkd/key/proof/rules/regExHeader.key took 0 ms to parse. 
4519       WARN  main            d.u.i.k.n.ParsingFacade   Parsing time 483 ms. 
4521       WARN  main            d.u.i.k.n.ParsingFacade   file:/home/runner/work/key/key/key.core/build/resources/main/de/uka/ilkd/key/proof/rules/regExAxioms.key took 1 ms to parse. 
4523       WARN  main            d.u.i.k.n.ParsingFacade   Parsing time 484 ms. 
4527       WARN  main            d.u.i.k.n.ParsingFacade   file:/home/runner/work/key/key/key.core/build/resources/main/de/uka/ilkd/key/proof/rules/regExLemmaProven.key took 1 ms to parse. 
4527       WARN  main            d.u.i.k.n.ParsingFacade   Parsing time 485 ms. 
4536       WARN  main            d.u.i.k.n.ParsingFacade   file:/home/runner/work/key/key/key.core/build/resources/main/de/uka/ilkd/key/proof/rules/seqEq.key took 2 ms to parse. 
4536       WARN  main            d.u.i.k.n.ParsingFacade   Parsing time 487 ms. 
4543       WARN  main            d.u.i.k.n.ParsingFacade   file:/home/runner/work/key/key/key.core/build/resources/main/de/uka/ilkd/key/proof/rules/infFlow.key took 2 ms to parse. 
4543       WARN  main            d.u.i.k.n.ParsingFacade   Parsing time 489 ms. 
4549       WARN  main            d.u.i.k.n.ParsingFacade   file:/home/runner/work/key/key/key.core/build/resources/main/de/uka/ilkd/key/proof/rules/mapSize.key took 1 ms to parse. 
4549       WARN  main            d.u.i.k.n.ParsingFacade   Parsing time 490 ms. 
4551       WARN  main            d.u.i.k.n.ParsingFacade   file:/home/runner/work/key/key/key.core/build/resources/main/de/uka/ilkd/key/proof/rules/wd.key took 0 ms to parse. 
4551       WARN  main            d.u.i.k.n.ParsingFacade   Parsing time 490 ms. 
4556       WARN  main            d.u.i.k.n.ParsingFacade   file:/home/runner/work/key/key/key.core/build/resources/main/de/uka/ilkd/key/proof/rules/wdHeader.key took 0 ms to parse. 
4556       WARN  main            d.u.i.k.n.ParsingFacade   Parsing time 490 ms. 
4558       WARN  main            d.u.i.k.n.ParsingFacade   file:/home/runner/work/key/key/key.core/build/resources/main/de/uka/ilkd/key/proof/rules/wdGeneralRules.key took 1 ms to parse. 
4558       WARN  main            d.u.i.k.n.ParsingFacade   Parsing time 491 ms. 
4570       WARN  main            d.u.i.k.n.ParsingFacade   file:/home/runner/work/key/key/key.core/build/resources/main/de/uka/ilkd/key/proof/rules/wdNumericalRules.key took 4 ms to parse. 
4570       WARN  main            d.u.i.k.n.ParsingFacade   Parsing time 495 ms. 
4599       WARN  main            d.u.i.k.n.ParsingFacade   file:/home/runner/work/key/key/key.core/build/resources/main/de/uka/ilkd/key/proof/rules/wdLocSetRules.key took 1 ms to parse. 
4599       WARN  main            d.u.i.k.n.ParsingFacade   Parsing time 496 ms. 
4605       WARN  main            d.u.i.k.n.ParsingFacade   file:/home/runner/work/key/key/key.core/build/resources/main/de/uka/ilkd/key/proof/rules/wdHeapRules.key took 1 ms to parse. 
4605       WARN  main            d.u.i.k.n.ParsingFacade   Parsing time 497 ms. 
4609       WARN  main            d.u.i.k.n.ParsingFacade   file:/home/runner/work/key/key/key.core/build/resources/main/de/uka/ilkd/key/proof/rules/wdReachRules.key took 1 ms to parse. 
4609       WARN  main            d.u.i.k.n.ParsingFacade   Parsing time 498 ms. 
4627       WARN  main            d.u.i.k.n.ParsingFacade   file:/home/runner/work/key/key/key.core/build/resources/main/de/uka/ilkd/key/proof/rules/wdSeqRules.key took 1 ms to parse. 
4627       WARN  main            d.u.i.k.n.ParsingFacade   Parsing time 499 ms. 
4631       WARN  main            d.u.i.k.n.ParsingFacade   file:/home/runner/work/key/key/key.core/build/resources/main/de/uka/ilkd/key/proof/rules/wdStringRules.key took 1 ms to parse. 
4631       WARN  main            d.u.i.k.n.ParsingFacade   Parsing time 500 ms. 
4634       WARN  main            d.u.i.k.n.ParsingFacade   file:/home/runner/work/key/key/key.core/build/resources/main/de/uka/ilkd/key/proof/rules/wdRegExRules.key took 0 ms to parse. 
4634       WARN  main            d.u.i.k.n.ParsingFacade   Parsing time 500 ms. 
4675       WARN  main            d.u.i.k.n.ParsingFacade   file:/home/runner/work/key/key/key.core/build/resources/main/de/uka/ilkd/key/proof/rules/wdFormulaRules.key took 39 ms to parse. 
4675       WARN  main            d.u.i.k.n.ParsingFacade   Parsing time 539 ms. 
4690       WARN  main            d.u.i.k.n.ParsingFacade   file:/home/runner/work/key/key/key.core/build/resources/main/de/uka/ilkd/key/proof/rules/loopInvariantRules.key took 0 ms to parse. 
4691       WARN  main            d.u.i.k.n.ParsingFacade   Parsing time 539 ms. 
4694       WARN  main            d.u.i.k.n.ParsingFacade   file:/home/runner/work/key/key/key.core/build/resources/main/de/uka/ilkd/key/proof/rules/forLoopRules.key took 0 ms to parse. 
4694       WARN  main            d.u.i.k.n.ParsingFacade   Parsing time 539 ms. 
4705       WARN  main            d.u.i.k.n.ParsingFacade   file:/home/runner/work/key/key/key.core/build/resources/main/de/uka/ilkd/key/proof/rules/execRules.key took 5 ms to parse. 
4705       WARN  main            d.u.i.k.n.ParsingFacade   Parsing time 544 ms. 
4861       WARN  main            d.u.i.k.n.ParsingFacade   file:/home/runner/work/key/key/key.core/build/resources/main/de/uka/ilkd/key/proof/rules/loopScopeRules.key took 3 ms to parse. 
4862       WARN  main            d.u.i.k.n.ParsingFacade   Parsing time 547 ms. 
9787       WARN  main            d.u.i.k.n.ParsingFacade   file:/home/runner/work/key/key/key.core/build/resources/main/de/uka/ilkd/key/java/JavaRedux/java/lang/String.key took 3 ms to parse. 
9787       WARN  main            d.u.i.k.n.ParsingFacade   Parsing time 550 ms. 
13584      WARN  main            d.u.i.k.n.ParsingFacade   /home/runner/work/key/key/key.core/../key.ui/examples/InformationFlow/NewObjects/object.AmtoftBanerjee3(object.AmtoftBanerjee3__m()).Non-interference contract.0.key took 0 ms to parse. 
13584      WARN  main            d.u.i.k.n.ParsingFacade   Parsing time 550 ms. 
14838      INFO  main            d.u.i.k.p.r.p.TestFile    ... finished proof: closed. 
15069      INFO  main            d.u.i.k.p.r.p.TestFile    Now processing file /home/runner/work/key/key/key.core/../key.ui/examples/InformationFlow/NewObjects/object.AmtoftBanerjee(object.AmtoftBanerjee__m_2()).Non-interference contract.0.key 
15070      WARN  main            d.u.i.k.n.ParsingFacade   /home/runner/work/key/key/key.core/../key.ui/examples/InformationFlow/NewObjects/object.AmtoftBanerjee(object.AmtoftBanerjee__m_2()).Non-interference contract.0.key took 0 ms to parse. 
15070      WARN  main            d.u.i.k.n.ParsingFacade   Parsing time 550 ms. 
16693      WARN  main            d.u.i.k.n.ParsingFacade   file:/home/runner/work/key/key/key.core/build/resources/main/de/uka/ilkd/key/java/JavaRedux/java/lang/String.key took 2 ms to parse. 
16694      WARN  main            d.u.i.k.n.ParsingFacade   Parsing time 552 ms. 
19733      WARN  main            d.u.i.k.n.ParsingFacade   /home/runner/work/key/key/key.core/../key.ui/examples/InformationFlow/NewObjects/object.AmtoftBanerjee(object.AmtoftBanerjee__m_2()).Non-interference contract.0.key took 1 ms to parse. 
19733      WARN  main            d.u.i.k.n.ParsingFacade   Parsing time 553 ms. 
21643      INFO  main            d.u.i.k.p.r.p.TestFile    ... finished proof: closed. 
21837      INFO  main            d.u.i.k.p.r.p.TestFile    Now processing file /home/runner/work/key/key/key.core/../key.ui/examples/InformationFlow/NewObjects/object.AmtoftBanerjee(object.AmtoftBanerjee__m_1()).Non-interference contract.1.key 
21838      WARN  main            d.u.i.k.n.ParsingFacade   /home/runner/work/key/key/key.core/../key.ui/examples/InformationFlow/NewObjects/object.AmtoftBanerjee(object.AmtoftBanerjee__m_1()).Non-interference contract.1.key took 0 ms to parse. 
21838      WARN  main            d.u.i.k.n.ParsingFacade   Parsing time 553 ms. 
23305      WARN  main            d.u.i.k.n.ParsingFacade   file:/home/runner/work/key/key/key.core/build/resources/main/de/uka/ilkd/key/java/JavaRedux/java/lang/String.key took 1 ms to parse. 
23306      WARN  main            d.u.i.k.n.ParsingFacade   Parsing time 554 ms. 
26013      WARN  main            d.u.i.k.n.ParsingFacade   /home/runner/work/key/key/key.core/../key.ui/examples/InformationFlow/NewObjects/object.AmtoftBanerjee(object.AmtoftBanerjee__m_1()).Non-interference contract.1.key took 0 ms to parse. 
26014      WARN  main            d.u.i.k.n.ParsingFacade   Parsing time 554 ms. 
27041      INFO  main            d.u.i.k.p.r.p.TestFile    ... finished proof: open goal(s) 
27251      INFO  main            d.u.i.k.p.r.p.TestFile    Now processing file /home/runner/work/key/key/key.core/../key.ui/examples/InformationFlow/NewObjects/object.AmtoftBanerjee(object.AmtoftBanerjee__m_1()).Non-interference contract.0.key 
27251      WARN  main            d.u.i.k.n.ParsingFacade   /home/runner/work/key/key/key.core/../key.ui/examples/InformationFlow/NewObjects/object.AmtoftBanerjee(object.AmtoftBanerjee__m_1()).Non-interference contract.0.key took 0 ms to parse. 
27251      WARN  main            d.u.i.k.n.ParsingFacade   Parsing time 554 ms. 
28658      WARN  main            d.u.i.k.n.ParsingFacade   file:/home/runner/work/key/key/key.core/build/resources/main/de/uka/ilkd/key/java/JavaRedux/java/lang/String.key took 1 ms to parse. 
28659      WARN  main            d.u.i.k.n.ParsingFacade   Parsing time 555 ms. 
31457      WARN  main            d.u.i.k.n.ParsingFacade   /home/runner/work/key/key/key.core/../key.ui/examples/InformationFlow/NewObjects/object.AmtoftBanerjee(object.AmtoftBanerjee__m_1()).Non-interference contract.0.key took 0 ms to parse. 
31458      WARN  main            d.u.i.k.n.ParsingFacade   Parsing time 555 ms. 
32190      INFO  main            d.u.i.k.p.r.p.TestFile    ... finished proof: closed. 
32500      INFO  main            d.u.i.k.p.r.p.TestFile    Now processing file /home/runner/work/key/key/key.core/../key.ui/examples/InformationFlow/NewObjects/object.AmtoftBanerjee(object.AmtoftBanerjee__getQ()).Non-interference contract.0.key 
32501      WARN  main            d.u.i.k.n.ParsingFacade   /home/runner/work/key/key/key.core/../key.ui/examples/InformationFlow/NewObjects/object.AmtoftBanerjee(object.AmtoftBanerjee__getQ()).Non-interference contract.0.key took 0 ms to parse. 
32501      WARN  main            d.u.i.k.n.ParsingFacade   Parsing time 555 ms. 
33871      WARN  main            d.u.i.k.n.ParsingFacade   file:/home/runner/work/key/key/key.core/build/resources/main/de/uka/ilkd/key/java/JavaRedux/java/lang/String.key took 2 ms to parse. 
33871      WARN  main            d.u.i.k.n.ParsingFacade   Parsing time 557 ms. 
36601      WARN  main            d.u.i.k.n.ParsingFacade   /home/runner/work/key/key/key.core/../key.ui/examples/InformationFlow/NewObjects/object.AmtoftBanerjee(object.AmtoftBanerjee__getQ()).Non-interference contract.0.key took 0 ms to parse. 
36601      WARN  main            d.u.i.k.n.ParsingFacade   Parsing time 557 ms. 
36803      INFO  main            d.u.i.k.p.r.p.TestFile    ... finished proof: closed. 
37030      INFO  main            d.u.i.k.p.r.p.TestFile    Now processing file /home/runner/work/key/key/key.core/../key.ui/examples/InformationFlow/NewObjects/object.ObjectOrientation(object.ObjectOrientation__secure_while_i((Ljava.lang.Object)).Non-interference contract.0.key 
37031      WARN  main            d.u.i.k.n.ParsingFacade   /home/runner/work/key/key/key.core/../key.ui/examples/InformationFlow/NewObjects/object.ObjectOrientation(object.ObjectOrientation__secure_while_i((Ljava.lang.Object)).Non-interference contract.0.key took 0 ms to parse. 
37031      WARN  main            d.u.i.k.n.ParsingFacade   Parsing time 557 ms. 
38300      WARN  main            d.u.i.k.n.ParsingFacade   file:/home/runner/work/key/key/key.core/build/resources/main/de/uka/ilkd/key/java/JavaRedux/java/lang/String.key took 2 ms to parse. 
38300      WARN  main            d.u.i.k.n.ParsingFacade   Parsing time 559 ms. 
40683      WARN  main            d.u.i.k.n.ParsingFacade   /home/runner/work/key/key/key.core/../key.ui/examples/InformationFlow/NewObjects/object.ObjectOrientation(object.ObjectOrientation__secure_while_i((Ljava.lang.Object)).Non-interference contract.0.key took 0 ms to parse. 
40684      WARN  main            d.u.i.k.n.ParsingFacade   Parsing time 559 ms. 
51782      INFO  main            d.u.i.k.p.r.p.TestFile    ... finished proof: closed. 
52006      INFO  main            d.u.i.k.p.r.p.TestFile    Now processing file /home/runner/work/key/key/key.core/../key.ui/examples/InformationFlow/NewObjects/object.ObjectOrientation(object.ObjectOrientation__secure_method_call()).Non-interference contract.0.key 
52007      WARN  main            d.u.i.k.n.ParsingFacade   /home/runner/work/key/key/key.core/../key.ui/examples/InformationFlow/NewObjects/object.ObjectOrientation(object.ObjectOrientation__secure_method_call()).Non-interference contract.0.key took 0 ms to parse. 
52007      WARN  main            d.u.i.k.n.ParsingFacade   Parsing time 559 ms. 
53082      WARN  main            d.u.i.k.n.ParsingFacade   file:/home/runner/work/key/key/key.core/build/resources/main/de/uka/ilkd/key/java/JavaRedux/java/lang/String.key took 1 ms to parse. 
53082      WARN  main            d.u.i.k.n.ParsingFacade   Parsing time 560 ms. 
55223      WARN  main            d.u.i.k.n.ParsingFacade   /home/runner/work/key/key/key.core/../key.ui/examples/InformationFlow/NewObjects/object.ObjectOrientation(object.ObjectOrientation__secure_method_call()).Non-interference contract.0.key took 0 ms to parse. 
55224      WARN  main            d.u.i.k.n.ParsingFacade   Parsing time 560 ms. 
55739      INFO  main            d.u.i.k.p.r.p.TestFile    ... finished proof: closed. 
55904      INFO  main            d.u.i.k.p.r.p.TestFile    Now processing file /home/runner/work/key/key/key.core/../key.ui/examples/InformationFlow/NewObjects/object.ObjectOrientation(object.ObjectOrientation__if_two_object_creation_next()).Non-interference contract.1.key 
55904      WARN  main            d.u.i.k.n.ParsingFacade   /home/runner/work/key/key/key.core/../key.ui/examples/InformationFlow/NewObjects/object.ObjectOrientation(object.ObjectOrientation__if_two_object_creation_next()).Non-interference contract.1.key took 0 ms to parse. 
55904      WARN  main            d.u.i.k.n.ParsingFacade   Parsing time 560 ms. 
57009      WARN  main            d.u.i.k.n.ParsingFacade   file:/home/runner/work/key/key/key.core/build/resources/main/de/uka/ilkd/key/java/JavaRedux/java/lang/String.key took 1 ms to parse. 
57010      WARN  main            d.u.i.k.n.ParsingFacade   Parsing time 561 ms. 
59180      WARN  main            d.u.i.k.n.ParsingFacade   /home/runner/work/key/key/key.core/../key.ui/examples/InformationFlow/NewObjects/object.ObjectOrientation(object.ObjectOrientation__if_two_object_creation_next()).Non-interference contract.1.key took 0 ms to parse. 
59180      WARN  main            d.u.i.k.n.ParsingFacade   Parsing time 561 ms. 
81219      INFO  main            d.u.i.k.p.r.p.TestFile    ... finished proof: open goal(s) 
81454      INFO  main            d.u.i.k.p.r.p.TestFile    Now processing file /home/runner/work/key/key/key.core/../key.ui/examples/InformationFlow/NewObjects/object.ObjectOrientation(object.ObjectOrientation__insecure_two_object_creation()).Non-interference contract.0.key 
81454      WARN  main            d.u.i.k.n.ParsingFacade   /home/runner/work/key/key/key.core/../key.ui/examples/InformationFlow/NewObjects/object.ObjectOrientation(object.ObjectOrientation__insecure_two_object_creation()).Non-interference contract.0.key took 0 ms to parse. 
81454      WARN  main            d.u.i.k.n.ParsingFacade   Parsing time 561 ms. 
82556      WARN  main            d.u.i.k.n.ParsingFacade   file:/home/runner/work/key/key/key.core/build/resources/main/de/uka/ilkd/key/java/JavaRedux/java/lang/String.key took 1 ms to parse. 
82556      WARN  main            d.u.i.k.n.ParsingFacade   Parsing time 562 ms. 
84934      WARN  main            d.u.i.k.n.ParsingFacade   /home/runner/work/key/key/key.core/../key.ui/examples/InformationFlow/NewObjects/object.ObjectOrientation(object.ObjectOrientation__insecure_two_object_creation()).Non-interference contract.0.key took 0 ms to parse. 
84934      WARN  main            d.u.i.k.n.ParsingFacade   Parsing time 562 ms. 
107151     INFO  main            d.u.i.k.p.r.p.TestFile    ... finished proof: open goal(s) 
107464     INFO  main            d.u.i.k.p.r.p.TestFile    Now processing file /home/runner/work/key/key/key.core/../key.ui/examples/InformationFlow/NewObjects/object.ObjectOrientation(object.ObjectOrientation__secure_two_object_creation()).Non-interference contract.0.key 
107465     WARN  main            d.u.i.k.n.ParsingFacade   /home/runner/work/key/key/key.core/../key.ui/examples/InformationFlow/NewObjects/object.ObjectOrientation(object.ObjectOrientation__secure_two_object_creation()).Non-interference contract.0.key took 0 ms to parse. 
107465     WARN  main            d.u.i.k.n.ParsingFacade   Parsing time 562 ms. 
108552     WARN  main            d.u.i.k.n.ParsingFacade   file:/home/runner/work/key/key/key.core/build/resources/main/de/uka/ilkd/key/java/JavaRedux/java/lang/String.key took 1 ms to parse. 
108553     WARN  main            d.u.i.k.n.ParsingFacade   Parsing time 563 ms. 
110679     WARN  main            d.u.i.k.n.ParsingFacade   /home/runner/work/key/key/key.core/../key.ui/examples/InformationFlow/NewObjects/object.ObjectOrientation(object.ObjectOrientation__secure_two_object_creation()).Non-interference contract.0.key took 0 ms to parse. 
110680     WARN  main            d.u.i.k.n.ParsingFacade   Parsing time 563 ms. 
127916     INFO  main            d.u.i.k.p.r.p.TestFile    ... finished proof: closed. 
128278     INFO  main            d.u.i.k.p.r.p.TestFile    Now processing file /home/runner/work/key/key/key.core/../key.ui/examples/InformationFlow/NewObjects/object.ObjectOrientation(object.ObjectOrientation__insecure_object_assignment()).Non-interference contract.1.key 
128279     WARN  main            d.u.i.k.n.ParsingFacade   /home/runner/work/key/key/key.core/../key.ui/examples/InformationFlow/NewObjects/object.ObjectOrientation(object.ObjectOrientation__insecure_object_assignment()).Non-interference contract.1.key took 1 ms to parse. 
128279     WARN  main            d.u.i.k.n.ParsingFacade   Parsing time 564 ms. 
129581     WARN  main            d.u.i.k.n.ParsingFacade   file:/home/runner/work/key/key/key.core/build/resources/main/de/uka/ilkd/key/java/JavaRedux/java/lang/String.key took 5 ms to parse. 
129582     WARN  main            d.u.i.k.n.ParsingFacade   Parsing time 569 ms. 
132305     WARN  main            d.u.i.k.n.ParsingFacade   /home/runner/work/key/key/key.core/../key.ui/examples/InformationFlow/NewObjects/object.ObjectOrientation(object.ObjectOrientation__insecure_object_assignment()).Non-interference contract.1.key took 0 ms to parse. 
132306     WARN  main            d.u.i.k.n.ParsingFacade   Parsing time 569 ms. 
145081     INFO  main            d.u.i.k.p.r.p.TestFile    ... finished proof: open goal(s) 
145425     INFO  main            d.u.i.k.p.r.p.TestFile    Now processing file /home/runner/work/key/key/key.core/../key.ui/examples/InformationFlow/NewObjects/object.ObjectOrientation(object.ObjectOrientation__insecure_object_assignment()).Non-interference contract.0.key 
145426     WARN  main            d.u.i.k.n.ParsingFacade   /home/runner/work/key/key/key.core/../key.ui/examples/InformationFlow/NewObjects/object.ObjectOrientation(object.ObjectOrientation__insecure_object_assignment()).Non-interference contract.0.key took 0 ms to parse. 
145426     WARN  main            d.u.i.k.n.ParsingFacade   Parsing time 569 ms. 
146836     WARN  main            d.u.i.k.n.ParsingFacade   file:/home/runner/work/key/key/key.core/build/resources/main/de/uka/ilkd/key/java/JavaRedux/java/lang/String.key took 2 ms to parse. 
146838     WARN  main            d.u.i.k.n.ParsingFacade   Parsing time 571 ms. 
149581     WARN  main            d.u.i.k.n.ParsingFacade   /home/runner/work/key/key/key.core/../key.ui/examples/InformationFlow/NewObjects/object.ObjectOrientation(object.ObjectOrientation__insecure_object_assignment()).Non-interference contract.0.key took 0 ms to parse. 
149581     WARN  main            d.u.i.k.n.ParsingFacade   Parsing time 571 ms. 
149888     INFO  main            d.u.i.k.p.r.p.TestFile    ... finished proof: open goal(s) 
150158     INFO  main            d.u.i.k.p.r.p.TestFile    Now processing file /home/runner/work/key/key/key.core/../key.ui/examples/InformationFlow/NewObjects/object.ObjectOrientation(object.ObjectOrientation__secure_object_creation_3()).Non-interference contract.0.key 
150160     WARN  main            d.u.i.k.n.ParsingFacade   /home/runner/work/key/key/key.core/../key.ui/examples/InformationFlow/NewObjects/object.ObjectOrientation(object.ObjectOrientation__secure_object_creation_3()).Non-interference contract.0.key took 1 ms to parse. 
150160     WARN  main            d.u.i.k.n.ParsingFacade   Parsing time 572 ms. 
151457     WARN  main            d.u.i.k.n.ParsingFacade   file:/home/runner/work/key/key/key.core/build/resources/main/de/uka/ilkd/key/java/JavaRedux/java/lang/String.key took 2 ms to parse. 
151457     WARN  main            d.u.i.k.n.ParsingFacade   Parsing time 574 ms. 
154282     WARN  main            d.u.i.k.n.ParsingFacade   /home/runner/work/key/key/key.core/../key.ui/examples/InformationFlow/NewObjects/object.ObjectOrientation(object.ObjectOrientation__secure_object_creation_3()).Non-interference contract.0.key took 0 ms to parse. 
154283     WARN  main            d.u.i.k.n.ParsingFacade   Parsing time 574 ms. 
155100     INFO  main            d.u.i.k.p.r.p.TestFile    ... finished proof: closed. 
155421     INFO  main            d.u.i.k.p.r.p.TestFile    Now processing file /home/runner/work/key/key/key.core/../key.ui/examples/InformationFlow/NewObjects/object.ObjectOrientation(object.ObjectOrientation__secure_object_creation_2()).Non-interference contract.0.key 
155422     WARN  main            d.u.i.k.n.ParsingFacade   /home/runner/work/key/key/key.core/../key.ui/examples/InformationFlow/NewObjects/object.ObjectOrientation(object.ObjectOrientation__secure_object_creation_2()).Non-interference contract.0.key took 0 ms to parse. 
155422     WARN  main            d.u.i.k.n.ParsingFacade   Parsing time 574 ms. 
156686     WARN  main            d.u.i.k.n.ParsingFacade   file:/home/runner/work/key/key/key.core/build/resources/main/de/uka/ilkd/key/java/JavaRedux/java/lang/String.key took 1 ms to parse. 
156687     WARN  main            d.u.i.k.n.ParsingFacade   Parsing time 575 ms. 
159412     WARN  main            d.u.i.k.n.ParsingFacade   /home/runner/work/key/key/key.core/../key.ui/examples/InformationFlow/NewObjects/object.ObjectOrientation(object.ObjectOrientation__secure_object_creation_2()).Non-interference contract.0.key took 0 ms to parse. 
159412     WARN  main            d.u.i.k.n.ParsingFacade   Parsing time 575 ms. 
160020     INFO  main            d.u.i.k.p.r.p.TestFile    ... finished proof: closed. 
160258     INFO  main            d.u.i.k.p.r.p.TestFile    Now processing file /home/runner/work/key/key/key.core/../key.ui/examples/InformationFlow/NewObjects/object.ObjectOrientation(object.ObjectOrientation__secure_object_creation()).Non-interference contract.0.key 
160259     WARN  main            d.u.i.k.n.ParsingFacade   /home/runner/work/key/key/key.core/../key.ui/examples/InformationFlow/NewObjects/object.ObjectOrientation(object.ObjectOrientation__secure_object_creation()).Non-interference contract.0.key took 0 ms to parse. 
160259     WARN  main            d.u.i.k.n.ParsingFacade   Parsing time 575 ms. 
161584     WARN  main            d.u.i.k.n.ParsingFacade   file:/home/runner/work/key/key/key.core/build/resources/main/de/uka/ilkd/key/java/JavaRedux/java/lang/String.key took 2 ms to parse. 
161584     WARN  main            d.u.i.k.n.ParsingFacade   Parsing time 577 ms. 
164352     WARN  main            d.u.i.k.n.ParsingFacade   /home/runner/work/key/key/key.core/../key.ui/examples/InformationFlow/NewObjects/object.ObjectOrientation(object.ObjectOrientation__secure_object_creation()).Non-interference contract.0.key took 0 ms to parse. 
164353     WARN  main            d.u.i.k.n.ParsingFacade   Parsing time 577 ms. 
165659     INFO  main            d.u.i.k.p.r.p.TestFile    ... finished proof: closed. 
165922     INFO  main            d.u.i.k.p.r.p.TestFile    Now processing file /home/runner/work/key/key/key.core/../key.ui/examples/InformationFlow/NewObjects/object.AmtoftBanerjee2(object.AmtoftBanerjee2__expensive(int)).Non-interference contract.0.key 
165923     WARN  main            d.u.i.k.n.ParsingFacade   /home/runner/work/key/key/key.core/../key.ui/examples/InformationFlow/NewObjects/object.AmtoftBanerjee2(object.AmtoftBanerjee2__expensive(int)).Non-interference contract.0.key took 1 ms to parse. 
165923     WARN  main            d.u.i.k.n.ParsingFacade   Parsing time 578 ms. 
167222     WARN  main            d.u.i.k.n.ParsingFacade   file:/home/runner/work/key/key/key.core/build/resources/main/de/uka/ilkd/key/java/JavaRedux/java/lang/String.key took 1 ms to parse. 
167222     WARN  main            d.u.i.k.n.ParsingFacade   Parsing time 579 ms. 
170013     WARN  main            d.u.i.k.n.ParsingFacade   /home/runner/work/key/key/key.core/../key.ui/examples/InformationFlow/NewObjects/object.AmtoftBanerjee2(object.AmtoftBanerjee2__expensive(int)).Non-interference contract.0.key took 0 ms to parse. 
170013     WARN  main            d.u.i.k.n.ParsingFacade   Parsing time 579 ms. 
170118     INFO  main            d.u.i.k.p.r.p.TestFile    ... finished proof: closed. 
170391     INFO  main            d.u.i.k.p.r.p.TestFile    Now processing file /home/runner/work/key/key/key.core/../key.ui/examples/InformationFlow/NewObjects/object.AmtoftBanerjee2(object.AmtoftBanerjee2__cexp(int)).Non-interference contract.0.key 
170392     WARN  main            d.u.i.k.n.ParsingFacade   /home/runner/work/key/key/key.core/../key.ui/examples/InformationFlow/NewObjects/object.AmtoftBanerjee2(object.AmtoftBanerjee2__cexp(int)).Non-interference contract.0.key took 0 ms to parse. 
170392     WARN  main            d.u.i.k.n.ParsingFacade   Parsing time 579 ms. 
171653     WARN  main            d.u.i.k.n.ParsingFacade   file:/home/runner/work/key/key/key.core/build/resources/main/de/uka/ilkd/key/java/JavaRedux/java/lang/String.key took 1 ms to parse. 
171653     WARN  main            d.u.i.k.n.ParsingFacade   Parsing time 580 ms. 
174376     WARN  main            d.u.i.k.n.ParsingFacade   /home/runner/work/key/key/key.core/../key.ui/examples/InformationFlow/NewObjects/object.AmtoftBanerjee2(object.AmtoftBanerjee2__cexp(int)).Non-interference contract.0.key took 0 ms to parse. 
174376     WARN  main            d.u.i.k.n.ParsingFacade   Parsing time 580 ms. 
177031     INFO  main            d.u.i.k.p.r.p.TestFile    ... finished proof: closed. 
1783293    INFO  Test worker     d.u.i.k.p.r.RunAllProofsTestUnit Returning from test NewObjects_nomacro 
1783294    INFO  Test worker     d.u.i.k.p.r.RunAllProofsTestUnit Running test SimpleEvoting_nomacro 
656        INFO  Timeout watchdog d.u.i.k.p.r.p.ForkedTestFileRunner Timeout watcher launched (1000 secs.) 
682        WARN  main            d.u.i.k.s.ProofSettings   The settings in /home/runner/.key/proof-settings.props are *not* read. 
740        INFO  main            d.u.i.k.p.r.p.TestFile    Now processing file /home/runner/work/key/key/key.core/../key.ui/examples/InformationFlow/SimpleEvoting/simple_evoting.Environment(simple_evoting.Environment__untrustedOutputMessage((B)).Non-interference contract.0.key 
1073       WARN  main            d.u.i.k.n.ParsingFacade   /home/runner/work/key/key/key.core/../key.ui/examples/InformationFlow/SimpleEvoting/simple_evoting.Environment(simple_evoting.Environment__untrustedOutputMessage((B)).Non-interference contract.0.key took 30 ms to parse. 
1074       WARN  main            d.u.i.k.n.ParsingFacade   Parsing time 30 ms. 
1307       WARN  main            d.u.i.k.n.ParsingFacade   file:/home/runner/work/key/key/key.core/build/resources/main/de/uka/ilkd/key/proof/rules/standardRules.key took 8 ms to parse. 
1309       WARN  main            d.u.i.k.n.ParsingFacade   Parsing time 38 ms. 
1353       WARN  main            d.u.i.k.n.ParsingFacade   file:/home/runner/work/key/key/key.core/build/resources/main/de/uka/ilkd/key/proof/rules/ldt.key took 2 ms to parse. 
1355       WARN  main            d.u.i.k.n.ParsingFacade   Parsing time 40 ms. 
1364       WARN  main            d.u.i.k.n.ParsingFacade   file:/home/runner/work/key/key/key.core/build/resources/main/de/uka/ilkd/key/proof/rules/boolean.key took 4 ms to parse. 
1365       WARN  main            d.u.i.k.n.ParsingFacade   Parsing time 44 ms. 
1394       WARN  main            d.u.i.k.n.ParsingFacade   file:/home/runner/work/key/key/key.core/build/resources/main/de/uka/ilkd/key/proof/rules/ruleSetsDeclarations.key took 9 ms to parse. 
1394       WARN  main            d.u.i.k.n.ParsingFacade   Parsing time 53 ms. 
1427       WARN  main            d.u.i.k.n.ParsingFacade   file:/home/runner/work/key/key/key.core/build/resources/main/de/uka/ilkd/key/proof/rules/integerHeader.key took 7 ms to parse. 
1427       WARN  main            d.u.i.k.n.ParsingFacade   Parsing time 60 ms. 
1431       WARN  main            d.u.i.k.n.ParsingFacade   file:/home/runner/work/key/key/key.core/build/resources/main/de/uka/ilkd/key/proof/rules/floatHeader.key took 2 ms to parse. 
1439       WARN  main            d.u.i.k.n.ParsingFacade   Parsing time 62 ms. 
1442       WARN  main            d.u.i.k.n.ParsingFacade   file:/home/runner/work/key/key/key.core/build/resources/main/de/uka/ilkd/key/proof/rules/heap.key took 2 ms to parse. 
1442       WARN  main            d.u.i.k.n.ParsingFacade   Parsing time 64 ms. 
1446       WARN  main            d.u.i.k.n.ParsingFacade   file:/home/runner/work/key/key/key.core/build/resources/main/de/uka/ilkd/key/proof/rules/locSets.key took 0 ms to parse. 
1447       WARN  main            d.u.i.k.n.ParsingFacade   Parsing time 64 ms. 
1448       WARN  main            d.u.i.k.n.ParsingFacade   file:/home/runner/work/key/key/key.core/build/resources/main/de/uka/ilkd/key/proof/rules/permission.key took 1 ms to parse. 
1448       WARN  main            d.u.i.k.n.ParsingFacade   Parsing time 65 ms. 
1449       WARN  main            d.u.i.k.n.ParsingFacade   file:/home/runner/work/key/key/key.core/build/resources/main/de/uka/ilkd/key/proof/rules/reach.key took 0 ms to parse. 
1449       WARN  main            d.u.i.k.n.ParsingFacade   Parsing time 65 ms. 
1450       WARN  main            d.u.i.k.n.ParsingFacade   file:/home/runner/work/key/key/key.core/build/resources/main/de/uka/ilkd/key/proof/rules/seq.key took 1 ms to parse. 
1450       WARN  main            d.u.i.k.n.ParsingFacade   Parsing time 66 ms. 
1496       WARN  main            d.u.i.k.n.ParsingFacade   file:/home/runner/work/key/key/key.core/build/resources/main/de/uka/ilkd/key/proof/rules/map.key took 45 ms to parse. 
1496       WARN  main            d.u.i.k.n.ParsingFacade   Parsing time 111 ms. 
1498       WARN  main            d.u.i.k.n.ParsingFacade   file:/home/runner/work/key/key/key.core/build/resources/main/de/uka/ilkd/key/proof/rules/freeADT.key took 1 ms to parse. 
1498       WARN  main            d.u.i.k.n.ParsingFacade   Parsing time 112 ms. 
1499       WARN  main            d.u.i.k.n.ParsingFacade   file:/home/runner/work/key/key/key.core/build/resources/main/de/uka/ilkd/key/proof/rules/wellfound.key took 1 ms to parse. 
1499       WARN  main            d.u.i.k.n.ParsingFacade   Parsing time 113 ms. 
1500       WARN  main            d.u.i.k.n.ParsingFacade   file:/home/runner/work/key/key/key.core/build/resources/main/de/uka/ilkd/key/proof/rules/charListHeader.key took 1 ms to parse. 
1500       WARN  main            d.u.i.k.n.ParsingFacade   Parsing time 114 ms. 
1707       WARN  main            d.u.i.k.n.ParsingFacade   file:/home/runner/work/key/key/key.core/build/resources/main/de/uka/ilkd/key/proof/rules/propRule.key took 6 ms to parse. 
1707       WARN  main            d.u.i.k.n.ParsingFacade   Parsing time 120 ms. 
1772       WARN  main            d.u.i.k.n.ParsingFacade   file:/home/runner/work/key/key/key.core/build/resources/main/de/uka/ilkd/key/proof/rules/firstOrderRules.key took 14 ms to parse. 
1776       WARN  main            d.u.i.k.n.ParsingFacade   Parsing time 134 ms. 
1894       WARN  main            d.u.i.k.n.ParsingFacade   file:/home/runner/work/key/key/key.core/build/resources/main/de/uka/ilkd/key/proof/rules/ifThenElseRules.key took 17 ms to parse. 
1894       WARN  main            d.u.i.k.n.ParsingFacade   Parsing time 151 ms. 
1987       WARN  main            d.u.i.k.n.ParsingFacade   file:/home/runner/work/key/key/key.core/build/resources/main/de/uka/ilkd/key/proof/rules/formulaNormalisationRules.key took 17 ms to parse. 
1988       WARN  main            d.u.i.k.n.ParsingFacade   Parsing time 168 ms. 
2089       WARN  main            d.u.i.k.n.ParsingFacade   file:/home/runner/work/key/key/key.core/build/resources/main/de/uka/ilkd/key/proof/rules/updateRules.key took 12 ms to parse. 
2089       WARN  main            d.u.i.k.n.ParsingFacade   Parsing time 180 ms. 
2116       WARN  main            d.u.i.k.n.ParsingFacade   file:/home/runner/work/key/key/key.core/build/resources/main/de/uka/ilkd/key/proof/rules/integerRulesCommon.key took 4 ms to parse. 
2117       WARN  main            d.u.i.k.n.ParsingFacade   Parsing time 184 ms. 
2280       WARN  main            d.u.i.k.n.ParsingFacade   file:/home/runner/work/key/key/key.core/build/resources/main/de/uka/ilkd/key/proof/rules/intRules.key took 12 ms to parse. 
2281       WARN  main            d.u.i.k.n.ParsingFacade   Parsing time 196 ms. 
2301       WARN  main            d.u.i.k.n.ParsingFacade   file:/home/runner/work/key/key/key.core/build/resources/main/de/uka/ilkd/key/proof/rules/intRulesUncheckedSemantics.key took 4 ms to parse. 
2302       WARN  main            d.u.i.k.n.ParsingFacade   Parsing time 200 ms. 
2311       WARN  main            d.u.i.k.n.ParsingFacade   file:/home/runner/work/key/key/key.core/build/resources/main/de/uka/ilkd/key/proof/rules/intRulesCheckedSemantics.key took 1 ms to parse. 
2312       WARN  main            d.u.i.k.n.ParsingFacade   Parsing time 201 ms. 
2322       WARN  main            d.u.i.k.n.ParsingFacade   file:/home/runner/work/key/key/key.core/build/resources/main/de/uka/ilkd/key/proof/rules/intRulesJavaSemantics.key took 4 ms to parse. 
2322       WARN  main            d.u.i.k.n.ParsingFacade   Parsing time 205 ms. 
2394       WARN  main            d.u.i.k.n.ParsingFacade   file:/home/runner/work/key/key/key.core/build/resources/main/de/uka/ilkd/key/proof/rules/integerSimplificationRules.key took 58 ms to parse. 
2394       WARN  main            d.u.i.k.n.ParsingFacade   Parsing time 263 ms. 
2666       WARN  main            d.u.i.k.n.ParsingFacade   file:/home/runner/work/key/key/key.core/build/resources/main/de/uka/ilkd/key/proof/rules/intDiv.key took 11 ms to parse. 
2667       WARN  main            d.u.i.k.n.ParsingFacade   Parsing time 274 ms. 
2725       WARN  main            d.u.i.k.n.ParsingFacade   file:/home/runner/work/key/key/key.core/build/resources/main/de/uka/ilkd/key/proof/rules/bsum.key took 20 ms to parse. 
2727       WARN  main            d.u.i.k.n.ParsingFacade   Parsing time 294 ms. 
2793       WARN  main            d.u.i.k.n.ParsingFacade   file:/home/runner/work/key/key/key.core/build/resources/main/de/uka/ilkd/key/proof/rules/bprod.key took 3 ms to parse. 
2794       WARN  main            d.u.i.k.n.ParsingFacade   Parsing time 297 ms. 
2810       WARN  main            d.u.i.k.n.ParsingFacade   file:/home/runner/work/key/key/key.core/build/resources/main/de/uka/ilkd/key/proof/rules/binaryAxioms.key took 0 ms to parse. 
2811       WARN  main            d.u.i.k.n.ParsingFacade   Parsing time 297 ms. 
2819       WARN  main            d.u.i.k.n.ParsingFacade   file:/home/runner/work/key/key/key.core/build/resources/main/de/uka/ilkd/key/proof/rules/binaryLemmas.key took 2 ms to parse. 
2820       WARN  main            d.u.i.k.n.ParsingFacade   Parsing time 299 ms. 
2834       WARN  main            d.u.i.k.n.ParsingFacade   file:/home/runner/work/key/key/key.core/build/resources/main/de/uka/ilkd/key/proof/rules/intPow.key took 3 ms to parse. 
2834       WARN  main            d.u.i.k.n.ParsingFacade   Parsing time 302 ms. 
2854       WARN  main            d.u.i.k.n.ParsingFacade   file:/home/runner/work/key/key/key.core/build/resources/main/de/uka/ilkd/key/proof/rules/floatRulesCommon.key took 8 ms to parse. 
2854       WARN  main            d.u.i.k.n.ParsingFacade   Parsing time 310 ms. 
2873       WARN  main            d.u.i.k.n.ParsingFacade   file:/home/runner/work/key/key/key.core/build/resources/main/de/uka/ilkd/key/proof/rules/floatRules.key took 0 ms to parse. 
2874       WARN  main            d.u.i.k.n.ParsingFacade   Parsing time 310 ms. 
2876       WARN  main            d.u.i.k.n.ParsingFacade   file:/home/runner/work/key/key/key.core/build/resources/main/de/uka/ilkd/key/proof/rules/floatRulesVerifyNormal.key took 1 ms to parse. 
2877       WARN  main            d.u.i.k.n.ParsingFacade   Parsing time 311 ms. 
2883       WARN  main            d.u.i.k.n.ParsingFacade   file:/home/runner/work/key/key/key.core/build/resources/main/de/uka/ilkd/key/proof/rules/floatRulesAssumeStrictfp.key took 5 ms to parse. 
2883       WARN  main            d.u.i.k.n.ParsingFacade   Parsing time 316 ms. 
2935       WARN  main            d.u.i.k.n.ParsingFacade   file:/home/runner/work/key/key/key.core/build/resources/main/de/uka/ilkd/key/proof/rules/genericRules.key took 5 ms to parse. 
2936       WARN  main            d.u.i.k.n.ParsingFacade   Parsing time 321 ms. 
2950       WARN  main            d.u.i.k.n.ParsingFacade   file:/home/runner/work/key/key/key.core/build/resources/main/de/uka/ilkd/key/proof/rules/booleanRules.key took 0 ms to parse. 
2950       WARN  main            d.u.i.k.n.ParsingFacade   Parsing time 321 ms. 
2954       WARN  main            d.u.i.k.n.ParsingFacade   file:/home/runner/work/key/key/key.core/build/resources/main/de/uka/ilkd/key/proof/rules/epsilon.key took 1 ms to parse. 
2954       WARN  main            d.u.i.k.n.ParsingFacade   Parsing time 322 ms. 
2965       WARN  main            d.u.i.k.n.ParsingFacade   file:/home/runner/work/key/key/key.core/build/resources/main/de/uka/ilkd/key/proof/rules/locSetsRules.key took 6 ms to parse. 
2966       WARN  main            d.u.i.k.n.ParsingFacade   Parsing time 328 ms. 
3033       WARN  main            d.u.i.k.n.ParsingFacade   file:/home/runner/work/key/key/key.core/build/resources/main/de/uka/ilkd/key/proof/rules/heapRules.key took 10 ms to parse. 
3033       WARN  main            d.u.i.k.n.ParsingFacade   Parsing time 338 ms. 
3073       WARN  main            d.u.i.k.n.ParsingFacade   file:/home/runner/work/key/key/key.core/build/resources/main/de/uka/ilkd/key/proof/rules/permissionRules.key took 3 ms to parse. 
3073       WARN  main            d.u.i.k.n.ParsingFacade   Parsing time 341 ms. 
3088       WARN  main            d.u.i.k.n.ParsingFacade   file:/home/runner/work/key/key/key.core/build/resources/main/de/uka/ilkd/key/proof/rules/reachRules.key took 2 ms to parse. 
3089       WARN  main            d.u.i.k.n.ParsingFacade   Parsing time 343 ms. 
3103       WARN  main            d.u.i.k.n.ParsingFacade   file:/home/runner/work/key/key/key.core/build/resources/main/de/uka/ilkd/key/proof/rules/seqCoreRules.key took 0 ms to parse. 
3104       WARN  main            d.u.i.k.n.ParsingFacade   Parsing time 343 ms. 
3111       WARN  main            d.u.i.k.n.ParsingFacade   file:/home/runner/work/key/key/key.core/build/resources/main/de/uka/ilkd/key/proof/rules/seqRules.key took 5 ms to parse. 
3112       WARN  main            d.u.i.k.n.ParsingFacade   Parsing time 348 ms. 
3174       WARN  main            d.u.i.k.n.ParsingFacade   file:/home/runner/work/key/key/key.core/build/resources/main/de/uka/ilkd/key/proof/rules/seqPerm.key took 37 ms to parse. 
3174       WARN  main            d.u.i.k.n.ParsingFacade   Parsing time 385 ms. 
3197       WARN  main            d.u.i.k.n.ParsingFacade   file:/home/runner/work/key/key/key.core/build/resources/main/de/uka/ilkd/key/proof/rules/seqPerm2.key took 1 ms to parse. 
3197       WARN  main            d.u.i.k.n.ParsingFacade   Parsing time 386 ms. 
3282       WARN  main            d.u.i.k.n.ParsingFacade   file:/home/runner/work/key/key/key.core/build/resources/main/de/uka/ilkd/key/proof/rules/javaRules.key took 76 ms to parse. 
3284       WARN  main            d.u.i.k.n.ParsingFacade   Parsing time 462 ms. 
3309       WARN  main            d.u.i.k.n.ParsingFacade   file:/home/runner/work/key/key/key.core/build/resources/main/de/uka/ilkd/key/proof/rules/assertions.key took 3 ms to parse. 
3312       WARN  main            d.u.i.k.n.ParsingFacade   Parsing time 465 ms. 
4001       WARN  main            d.u.i.k.n.ParsingFacade   file:/home/runner/work/key/key/key.core/build/resources/main/de/uka/ilkd/key/proof/rules/loopRules.key took 2 ms to parse. 
4001       WARN  main            d.u.i.k.n.ParsingFacade   Parsing time 467 ms. 
4017       WARN  main            d.u.i.k.n.ParsingFacade   file:/home/runner/work/key/key/key.core/build/resources/main/de/uka/ilkd/key/proof/rules/activeUse.key took 2 ms to parse. 
4018       WARN  main            d.u.i.k.n.ParsingFacade   Parsing time 469 ms. 
4129       WARN  main            d.u.i.k.n.ParsingFacade   file:/home/runner/work/key/key/key.core/build/resources/main/de/uka/ilkd/key/proof/rules/instanceAllocation.key took 9 ms to parse. 
4130       WARN  main            d.u.i.k.n.ParsingFacade   Parsing time 478 ms. 
4152       WARN  main            d.u.i.k.n.ParsingFacade   file:/home/runner/work/key/key/key.core/build/resources/main/de/uka/ilkd/key/proof/rules/java5.key took 0 ms to parse. 
4152       WARN  main            d.u.i.k.n.ParsingFacade   Parsing time 478 ms. 
4160       WARN  main            d.u.i.k.n.ParsingFacade   file:/home/runner/work/key/key/key.core/build/resources/main/de/uka/ilkd/key/proof/rules/integerAssignment2UpdateRules.key took 3 ms to parse. 
4160       WARN  main            d.u.i.k.n.ParsingFacade   Parsing time 481 ms. 
4253       WARN  main            d.u.i.k.n.ParsingFacade   file:/home/runner/work/key/key/key.core/build/resources/main/de/uka/ilkd/key/proof/rules/floatAssignment2UpdateRules.key took 6 ms to parse. 
4253       WARN  main            d.u.i.k.n.ParsingFacade   Parsing time 487 ms. 
4280       WARN  main            d.u.i.k.n.ParsingFacade   file:/home/runner/work/key/key/key.core/build/resources/main/de/uka/ilkd/key/proof/rules/bigint.key took 4 ms to parse. 
4280       WARN  main            d.u.i.k.n.ParsingFacade   Parsing time 491 ms. 
4297       WARN  main            d.u.i.k.n.ParsingFacade   file:/home/runner/work/key/key/key.core/build/resources/main/de/uka/ilkd/key/proof/rules/adtProgramDecompositionRules.key took 1 ms to parse. 
4297       WARN  main            d.u.i.k.n.ParsingFacade   Parsing time 492 ms. 
4315       WARN  main            d.u.i.k.n.ParsingFacade   file:/home/runner/work/key/key/key.core/build/resources/main/de/uka/ilkd/key/proof/rules/precRules.key took 0 ms to parse. 
4316       WARN  main            d.u.i.k.n.ParsingFacade   Parsing time 492 ms. 
4335       WARN  main            d.u.i.k.n.ParsingFacade   file:/home/runner/work/key/key/key.core/build/resources/main/de/uka/ilkd/key/proof/rules/charListRules.key took 5 ms to parse. 
4335       WARN  main            d.u.i.k.n.ParsingFacade   Parsing time 497 ms. 
4346       WARN  main            d.u.i.k.n.ParsingFacade   file:/home/runner/work/key/key/key.core/build/resources/main/de/uka/ilkd/key/proof/rules/regExTheory.key took 0 ms to parse. 
4347       WARN  main            d.u.i.k.n.ParsingFacade   Parsing time 497 ms. 
4349       WARN  main            d.u.i.k.n.ParsingFacade   file:/home/runner/work/key/key/key.core/build/resources/main/de/uka/ilkd/key/proof/rules/regExHeader.key took 0 ms to parse. 
4350       WARN  main            d.u.i.k.n.ParsingFacade   Parsing time 497 ms. 
4352       WARN  main            d.u.i.k.n.ParsingFacade   file:/home/runner/work/key/key/key.core/build/resources/main/de/uka/ilkd/key/proof/rules/regExAxioms.key took 1 ms to parse. 
4355       WARN  main            d.u.i.k.n.ParsingFacade   Parsing time 498 ms. 
4359       WARN  main            d.u.i.k.n.ParsingFacade   file:/home/runner/work/key/key/key.core/build/resources/main/de/uka/ilkd/key/proof/rules/regExLemmaProven.key took 1 ms to parse. 
4360       WARN  main            d.u.i.k.n.ParsingFacade   Parsing time 499 ms. 
4368       WARN  main            d.u.i.k.n.ParsingFacade   file:/home/runner/work/key/key/key.core/build/resources/main/de/uka/ilkd/key/proof/rules/seqEq.key took 1 ms to parse. 
4368       WARN  main            d.u.i.k.n.ParsingFacade   Parsing time 500 ms. 
4377       WARN  main            d.u.i.k.n.ParsingFacade   file:/home/runner/work/key/key/key.core/build/resources/main/de/uka/ilkd/key/proof/rules/infFlow.key took 3 ms to parse. 
4377       WARN  main            d.u.i.k.n.ParsingFacade   Parsing time 503 ms. 
4384       WARN  main            d.u.i.k.n.ParsingFacade   file:/home/runner/work/key/key/key.core/build/resources/main/de/uka/ilkd/key/proof/rules/mapSize.key took 0 ms to parse. 
4385       WARN  main            d.u.i.k.n.ParsingFacade   Parsing time 503 ms. 
4388       WARN  main            d.u.i.k.n.ParsingFacade   file:/home/runner/work/key/key/key.core/build/resources/main/de/uka/ilkd/key/proof/rules/wd.key took 0 ms to parse. 
4389       WARN  main            d.u.i.k.n.ParsingFacade   Parsing time 503 ms. 
4395       WARN  main            d.u.i.k.n.ParsingFacade   file:/home/runner/work/key/key/key.core/build/resources/main/de/uka/ilkd/key/proof/rules/wdHeader.key took 1 ms to parse. 
4395       WARN  main            d.u.i.k.n.ParsingFacade   Parsing time 504 ms. 
4398       WARN  main            d.u.i.k.n.ParsingFacade   file:/home/runner/work/key/key/key.core/build/resources/main/de/uka/ilkd/key/proof/rules/wdGeneralRules.key took 1 ms to parse. 
4399       WARN  main            d.u.i.k.n.ParsingFacade   Parsing time 505 ms. 
4410       WARN  main            d.u.i.k.n.ParsingFacade   file:/home/runner/work/key/key/key.core/build/resources/main/de/uka/ilkd/key/proof/rules/wdNumericalRules.key took 5 ms to parse. 
4410       WARN  main            d.u.i.k.n.ParsingFacade   Parsing time 510 ms. 
4438       WARN  main            d.u.i.k.n.ParsingFacade   file:/home/runner/work/key/key/key.core/build/resources/main/de/uka/ilkd/key/proof/rules/wdLocSetRules.key took 1 ms to parse. 
4440       WARN  main            d.u.i.k.n.ParsingFacade   Parsing time 511 ms. 
4452       WARN  main            d.u.i.k.n.ParsingFacade   file:/home/runner/work/key/key/key.core/build/resources/main/de/uka/ilkd/key/proof/rules/wdHeapRules.key took 1 ms to parse. 
4453       WARN  main            d.u.i.k.n.ParsingFacade   Parsing time 512 ms. 
4461       WARN  main            d.u.i.k.n.ParsingFacade   file:/home/runner/work/key/key/key.core/build/resources/main/de/uka/ilkd/key/proof/rules/wdReachRules.key took 1 ms to parse. 
4462       WARN  main            d.u.i.k.n.ParsingFacade   Parsing time 513 ms. 
4467       WARN  main            d.u.i.k.n.ParsingFacade   file:/home/runner/work/key/key/key.core/build/resources/main/de/uka/ilkd/key/proof/rules/wdSeqRules.key took 0 ms to parse. 
4469       WARN  main            d.u.i.k.n.ParsingFacade   Parsing time 513 ms. 
4476       WARN  main            d.u.i.k.n.ParsingFacade   file:/home/runner/work/key/key/key.core/build/resources/main/de/uka/ilkd/key/proof/rules/wdStringRules.key took 0 ms to parse. 
4477       WARN  main            d.u.i.k.n.ParsingFacade   Parsing time 513 ms. 
4483       WARN  main            d.u.i.k.n.ParsingFacade   file:/home/runner/work/key/key/key.core/build/resources/main/de/uka/ilkd/key/proof/rules/wdRegExRules.key took 1 ms to parse. 
4484       WARN  main            d.u.i.k.n.ParsingFacade   Parsing time 514 ms. 
4558       WARN  main            d.u.i.k.n.ParsingFacade   file:/home/runner/work/key/key/key.core/build/resources/main/de/uka/ilkd/key/proof/rules/wdFormulaRules.key took 9 ms to parse. 
4560       WARN  main            d.u.i.k.n.ParsingFacade   Parsing time 523 ms. 
4587       WARN  main            d.u.i.k.n.ParsingFacade   file:/home/runner/work/key/key/key.core/build/resources/main/de/uka/ilkd/key/proof/rules/loopInvariantRules.key took 0 ms to parse. 
4588       WARN  main            d.u.i.k.n.ParsingFacade   Parsing time 523 ms. 
4590       WARN  main            d.u.i.k.n.ParsingFacade   file:/home/runner/work/key/key/key.core/build/resources/main/de/uka/ilkd/key/proof/rules/forLoopRules.key took 0 ms to parse. 
4591       WARN  main            d.u.i.k.n.ParsingFacade   Parsing time 523 ms. 
4600       WARN  main            d.u.i.k.n.ParsingFacade   file:/home/runner/work/key/key/key.core/build/resources/main/de/uka/ilkd/key/proof/rules/execRules.key took 2 ms to parse. 
4600       WARN  main            d.u.i.k.n.ParsingFacade   Parsing time 525 ms. 
4688       WARN  main            d.u.i.k.n.ParsingFacade   file:/home/runner/work/key/key/key.core/build/resources/main/de/uka/ilkd/key/proof/rules/loopScopeRules.key took 2 ms to parse. 
4688       WARN  main            d.u.i.k.n.ParsingFacade   Parsing time 527 ms. 
9402       WARN  main            d.u.i.k.n.ParsingFacade   file:/home/runner/work/key/key/key.core/build/resources/main/de/uka/ilkd/key/java/JavaRedux/java/lang/String.key took 7 ms to parse. 
9404       WARN  main            d.u.i.k.n.ParsingFacade   Parsing time 534 ms. 
13868      WARN  main            d.u.i.k.n.ParsingFacade   /home/runner/work/key/key/key.core/../key.ui/examples/InformationFlow/SimpleEvoting/simple_evoting.Environment(simple_evoting.Environment__untrustedOutputMessage((B)).Non-interference contract.0.key took 0 ms to parse. 
13873      WARN  main            d.u.i.k.n.ParsingFacade   Parsing time 534 ms. 
27230      INFO  main            d.u.i.k.p.r.p.TestFile    ... finished proof: closed. 
27486      INFO  main            d.u.i.k.p.r.p.TestFile    Now processing file /home/runner/work/key/key/key.core/../key.ui/examples/InformationFlow/SimpleEvoting/simple_evoting.Environment(simple_evoting.Environment__untrustedOutput(int)).Non-interference contract.0.key 
27486      WARN  main            d.u.i.k.n.ParsingFacade   /home/runner/work/key/key/key.core/../key.ui/examples/InformationFlow/SimpleEvoting/simple_evoting.Environment(simple_evoting.Environment__untrustedOutput(int)).Non-interference contract.0.key took 0 ms to parse. 
27487      WARN  main            d.u.i.k.n.ParsingFacade   Parsing time 534 ms. 
29301      WARN  main            d.u.i.k.n.ParsingFacade   file:/home/runner/work/key/key/key.core/build/resources/main/de/uka/ilkd/key/java/JavaRedux/java/lang/String.key took 2 ms to parse. 
29304      WARN  main            d.u.i.k.n.ParsingFacade   Parsing time 536 ms. 
32905      WARN  main            d.u.i.k.n.ParsingFacade   /home/runner/work/key/key/key.core/../key.ui/examples/InformationFlow/SimpleEvoting/simple_evoting.Environment(simple_evoting.Environment__untrustedOutput(int)).Non-interference contract.0.key took 0 ms to parse. 
32906      WARN  main            d.u.i.k.n.ParsingFacade   Parsing time 536 ms. 
33008      INFO  main            d.u.i.k.p.r.p.TestFile    ... finished proof: closed. 
33207      INFO  main            d.u.i.k.p.r.p.TestFile    Now processing file /home/runner/work/key/key/key.core/../key.ui/examples/InformationFlow/SimpleEvoting/simple_evoting.Environment(simple_evoting.Environment__untrustedInput(int)).Non-interference contract.0.key 
33211      WARN  main            d.u.i.k.n.ParsingFacade   /home/runner/work/key/key/key.core/../key.ui/examples/InformationFlow/SimpleEvoting/simple_evoting.Environment(simple_evoting.Environment__untrustedInput(int)).Non-interference contract.0.key took 0 ms to parse. 
33213      WARN  main            d.u.i.k.n.ParsingFacade   Parsing time 536 ms. 
34892      WARN  main            d.u.i.k.n.ParsingFacade   file:/home/runner/work/key/key/key.core/build/resources/main/de/uka/ilkd/key/java/JavaRedux/java/lang/String.key took 1 ms to parse. 
34893      WARN  main            d.u.i.k.n.ParsingFacade   Parsing time 537 ms. 
38153      WARN  main            d.u.i.k.n.ParsingFacade   /home/runner/work/key/key/key.core/../key.ui/examples/InformationFlow/SimpleEvoting/simple_evoting.Environment(simple_evoting.Environment__untrustedInput(int)).Non-interference contract.0.key took 0 ms to parse. 
38154      WARN  main            d.u.i.k.n.ParsingFacade   Parsing time 537 ms. 
38265      INFO  main            d.u.i.k.p.r.p.TestFile    ... finished proof: open goal(s) 
38489      INFO  main            d.u.i.k.p.r.p.TestFile    Now processing file /home/runner/work/key/key/key.core/../key.ui/examples/InformationFlow/SimpleEvoting/simple_evoting.Environment(simple_evoting.Environment__untrustedInput()).Non-interference contract.0.key 
38490      WARN  main            d.u.i.k.n.ParsingFacade   /home/runner/work/key/key/key.core/../key.ui/examples/InformationFlow/SimpleEvoting/simple_evoting.Environment(simple_evoting.Environment__untrustedInput()).Non-interference contract.0.key took 0 ms to parse. 
38490      WARN  main            d.u.i.k.n.ParsingFacade   Parsing time 537 ms. 
40026      WARN  main            d.u.i.k.n.ParsingFacade   file:/home/runner/work/key/key/key.core/build/resources/main/de/uka/ilkd/key/java/JavaRedux/java/lang/String.key took 2 ms to parse. 
40027      WARN  main            d.u.i.k.n.ParsingFacade   Parsing time 539 ms. 
43299      WARN  main            d.u.i.k.n.ParsingFacade   /home/runner/work/key/key/key.core/../key.ui/examples/InformationFlow/SimpleEvoting/simple_evoting.Environment(simple_evoting.Environment__untrustedInput()).Non-interference contract.0.key took 0 ms to parse. 
43301      WARN  main            d.u.i.k.n.ParsingFacade   Parsing time 539 ms. 
43405      INFO  main            d.u.i.k.p.r.p.TestFile    ... finished proof: open goal(s) 
43593      INFO  main            d.u.i.k.p.r.p.TestFile    Now processing file /home/runner/work/key/key/key.core/../key.ui/examples/InformationFlow/SimpleEvoting/simple_evoting.SMT(simple_evoting.SMT__send(simple_evoting.Message,int,simple_evoting.Server)).Non-interference contract.1.key 
43594      WARN  main            d.u.i.k.n.ParsingFacade   /home/runner/work/key/key/key.core/../key.ui/examples/InformationFlow/SimpleEvoting/simple_evoting.SMT(simple_evoting.SMT__send(simple_evoting.Message,int,simple_evoting.Server)).Non-interference contract.1.key took 1 ms to parse. 
43594      WARN  main            d.u.i.k.n.ParsingFacade   Parsing time 540 ms. 
45113      WARN  main            d.u.i.k.n.ParsingFacade   file:/home/runner/work/key/key/key.core/build/resources/main/de/uka/ilkd/key/java/JavaRedux/java/lang/String.key took 2 ms to parse. 
45113      WARN  main            d.u.i.k.n.ParsingFacade   Parsing time 542 ms. 
48187      WARN  main            d.u.i.k.n.ParsingFacade   /home/runner/work/key/key/key.core/../key.ui/examples/InformationFlow/SimpleEvoting/simple_evoting.SMT(simple_evoting.SMT__send(simple_evoting.Message,int,simple_evoting.Server)).Non-interference contract.1.key took 0 ms to parse. 
48188      WARN  main            d.u.i.k.n.ParsingFacade   Parsing time 542 ms. 
92413      INFO  main            d.u.i.k.p.r.p.TestFile    ... finished proof: closed. 
92893      INFO  main            d.u.i.k.p.r.p.TestFile    Now processing file /home/runner/work/key/key/key.core/../key.ui/examples/InformationFlow/SimpleEvoting/simple_evoting.SMT(simple_evoting.SMT__send(simple_evoting.Message,int,simple_evoting.Server)).Non-interference contract.0.key 
92896      WARN  main            d.u.i.k.n.ParsingFacade   /home/runner/work/key/key/key.core/../key.ui/examples/InformationFlow/SimpleEvoting/simple_evoting.SMT(simple_evoting.SMT__send(simple_evoting.Message,int,simple_evoting.Server)).Non-interference contract.0.key took 0 ms to parse. 
92897      WARN  main            d.u.i.k.n.ParsingFacade   Parsing time 542 ms. 
94516      WARN  main            d.u.i.k.n.ParsingFacade   file:/home/runner/work/key/key/key.core/build/resources/main/de/uka/ilkd/key/java/JavaRedux/java/lang/String.key took 2 ms to parse. 
94518      WARN  main            d.u.i.k.n.ParsingFacade   Parsing time 544 ms. 
97505      WARN  main            d.u.i.k.n.ParsingFacade   /home/runner/work/key/key/key.core/../key.ui/examples/InformationFlow/SimpleEvoting/simple_evoting.SMT(simple_evoting.SMT__send(simple_evoting.Message,int,simple_evoting.Server)).Non-interference contract.0.key took 0 ms to parse. 
97506      WARN  main            d.u.i.k.n.ParsingFacade   Parsing time 544 ms. 
149291     INFO  main            d.u.i.k.p.r.p.TestFile    ... finished proof: closed. 
149706     INFO  main            d.u.i.k.p.r.p.TestFile    Now processing file /home/runner/work/key/key/key.core/../key.ui/examples/InformationFlow/SimpleEvoting/simple_evoting.NetworkClient(simple_evoting.NetworkClient__send((B,simple_evoting.Server,int)).Non-interference contract.0.key 
149709     WARN  main            d.u.i.k.n.ParsingFacade   /home/runner/work/key/key/key.core/../key.ui/examples/InformationFlow/SimpleEvoting/simple_evoting.NetworkClient(simple_evoting.NetworkClient__send((B,simple_evoting.Server,int)).Non-interference contract.0.key took 0 ms to parse. 
149709     WARN  main            d.u.i.k.n.ParsingFacade   Parsing time 544 ms. 
151251     WARN  main            d.u.i.k.n.ParsingFacade   file:/home/runner/work/key/key/key.core/build/resources/main/de/uka/ilkd/key/java/JavaRedux/java/lang/String.key took 1 ms to parse. 
151252     WARN  main            d.u.i.k.n.ParsingFacade   Parsing time 545 ms. 
154328     WARN  main            d.u.i.k.n.ParsingFacade   /home/runner/work/key/key/key.core/../key.ui/examples/InformationFlow/SimpleEvoting/simple_evoting.NetworkClient(simple_evoting.NetworkClient__send((B,simple_evoting.Server,int)).Non-interference contract.0.key took 0 ms to parse. 
154328     WARN  main            d.u.i.k.n.ParsingFacade   Parsing time 545 ms. 
159076     INFO  main            d.u.i.k.p.r.p.TestFile    ... finished proof: closed. 
159329     INFO  main            d.u.i.k.p.r.p.TestFile    Now processing file /home/runner/work/key/key/key.core/../key.ui/examples/InformationFlow/SimpleEvoting/simple_evoting.Voter(simple_evoting.Voter__onSendBallot(simple_evoting.Server)).Non-interference contract.1.key 
159330     WARN  main            d.u.i.k.n.ParsingFacade   /home/runner/work/key/key/key.core/../key.ui/examples/InformationFlow/SimpleEvoting/simple_evoting.Voter(simple_evoting.Voter__onSendBallot(simple_evoting.Server)).Non-interference contract.1.key took 1 ms to parse. 
159330     WARN  main            d.u.i.k.n.ParsingFacade   Parsing time 546 ms. 
160807     WARN  main            d.u.i.k.n.ParsingFacade   file:/home/runner/work/key/key/key.core/build/resources/main/de/uka/ilkd/key/java/JavaRedux/java/lang/String.key took 1 ms to parse. 
160808     WARN  main            d.u.i.k.n.ParsingFacade   Parsing time 547 ms. 
163882     WARN  main            d.u.i.k.n.ParsingFacade   /home/runner/work/key/key/key.core/../key.ui/examples/InformationFlow/SimpleEvoting/simple_evoting.Voter(simple_evoting.Voter__onSendBallot(simple_evoting.Server)).Non-interference contract.1.key took 0 ms to parse. 
163883     WARN  main            d.u.i.k.n.ParsingFacade   Parsing time 547 ms. 
180003     INFO  main            d.u.i.k.p.r.p.TestFile    ... finished proof: closed. 
180318     INFO  main            d.u.i.k.p.r.p.TestFile    Now processing file /home/runner/work/key/key/key.core/../key.ui/examples/InformationFlow/SimpleEvoting/simple_evoting.Voter(simple_evoting.Voter__onSendBallot(simple_evoting.Server)).Non-interference contract.0.key 
180318     WARN  main            d.u.i.k.n.ParsingFacade   /home/runner/work/key/key/key.core/../key.ui/examples/InformationFlow/SimpleEvoting/simple_evoting.Voter(simple_evoting.Voter__onSendBallot(simple_evoting.Server)).Non-interference contract.0.key took 0 ms to parse. 
180318     WARN  main            d.u.i.k.n.ParsingFacade   Parsing time 547 ms. 
181771     WARN  main            d.u.i.k.n.ParsingFacade   file:/home/runner/work/key/key/key.core/build/resources/main/de/uka/ilkd/key/java/JavaRedux/java/lang/String.key took 2 ms to parse. 
181771     WARN  main            d.u.i.k.n.ParsingFacade   Parsing time 549 ms. 
184786     WARN  main            d.u.i.k.n.ParsingFacade   /home/runner/work/key/key/key.core/../key.ui/examples/InformationFlow/SimpleEvoting/simple_evoting.Voter(simple_evoting.Voter__onSendBallot(simple_evoting.Server)).Non-interference contract.0.key took 0 ms to parse. 
184786     WARN  main            d.u.i.k.n.ParsingFacade   Parsing time 549 ms. 
205356     INFO  main            d.u.i.k.p.r.p.TestFile    ... finished proof: closed. 
1989237    INFO  Test worker     d.u.i.k.p.r.RunAllProofsTestUnit Returning from test SimpleEvoting_nomacro 
1989240    INFO  Test worker     d.u.i.k.p.r.RunAllProofsTestUnit Running test ToyVoting_fullmacro 
587        INFO  Timeout watchdog d.u.i.k.p.r.p.ForkedTestFileRunner Timeout watcher launched (1000 secs.) 
615        WARN  main            d.u.i.k.s.ProofSettings   The settings in /home/runner/.key/proof-settings.props are *not* read. 
645        INFO  main            d.u.i.k.p.r.p.TestFile    Now processing file /home/runner/work/key/key/key.core/../key.ui/examples/InformationFlow/ToyVoting/Voter(Voter__insecure_voting()).Non-interference contract.0.m.key 
966        WARN  main            d.u.i.k.n.ParsingFacade   /home/runner/work/key/key/key.core/../key.ui/examples/InformationFlow/ToyVoting/Voter(Voter__insecure_voting()).Non-interference contract.0.m.key took 44 ms to parse. 
967        WARN  main            d.u.i.k.n.ParsingFacade   Parsing time 44 ms. 
1242       WARN  main            d.u.i.k.n.ParsingFacade   file:/home/runner/work/key/key/key.core/build/resources/main/de/uka/ilkd/key/proof/rules/standardRules.key took 37 ms to parse. 
1245       WARN  main            d.u.i.k.n.ParsingFacade   Parsing time 81 ms. 
1279       WARN  main            d.u.i.k.n.ParsingFacade   file:/home/runner/work/key/key/key.core/build/resources/main/de/uka/ilkd/key/proof/rules/ldt.key took 2 ms to parse. 
1280       WARN  main            d.u.i.k.n.ParsingFacade   Parsing time 83 ms. 
1289       WARN  main            d.u.i.k.n.ParsingFacade   file:/home/runner/work/key/key/key.core/build/resources/main/de/uka/ilkd/key/proof/rules/boolean.key took 4 ms to parse. 
1289       WARN  main            d.u.i.k.n.ParsingFacade   Parsing time 87 ms. 
1328       WARN  main            d.u.i.k.n.ParsingFacade   file:/home/runner/work/key/key/key.core/build/resources/main/de/uka/ilkd/key/proof/rules/ruleSetsDeclarations.key took 17 ms to parse. 
1328       WARN  main            d.u.i.k.n.ParsingFacade   Parsing time 104 ms. 
1378       WARN  main            d.u.i.k.n.ParsingFacade   file:/home/runner/work/key/key/key.core/build/resources/main/de/uka/ilkd/key/proof/rules/integerHeader.key took 11 ms to parse. 
1378       WARN  main            d.u.i.k.n.ParsingFacade   Parsing time 115 ms. 
1386       WARN  main            d.u.i.k.n.ParsingFacade   file:/home/runner/work/key/key/key.core/build/resources/main/de/uka/ilkd/key/proof/rules/floatHeader.key took 6 ms to parse. 
1386       WARN  main            d.u.i.k.n.ParsingFacade   Parsing time 121 ms. 
1388       WARN  main            d.u.i.k.n.ParsingFacade   file:/home/runner/work/key/key/key.core/build/resources/main/de/uka/ilkd/key/proof/rules/heap.key took 1 ms to parse. 
1389       WARN  main            d.u.i.k.n.ParsingFacade   Parsing time 122 ms. 
1392       WARN  main            d.u.i.k.n.ParsingFacade   file:/home/runner/work/key/key/key.core/build/resources/main/de/uka/ilkd/key/proof/rules/locSets.key took 0 ms to parse. 
1392       WARN  main            d.u.i.k.n.ParsingFacade   Parsing time 122 ms. 
1397       WARN  main            d.u.i.k.n.ParsingFacade   file:/home/runner/work/key/key/key.core/build/resources/main/de/uka/ilkd/key/proof/rules/permission.key took 4 ms to parse. 
1397       WARN  main            d.u.i.k.n.ParsingFacade   Parsing time 126 ms. 
1398       WARN  main            d.u.i.k.n.ParsingFacade   file:/home/runner/work/key/key/key.core/build/resources/main/de/uka/ilkd/key/proof/rules/reach.key took 0 ms to parse. 
1398       WARN  main            d.u.i.k.n.ParsingFacade   Parsing time 126 ms. 
1399       WARN  main            d.u.i.k.n.ParsingFacade   file:/home/runner/work/key/key/key.core/build/resources/main/de/uka/ilkd/key/proof/rules/seq.key took 1 ms to parse. 
1399       WARN  main            d.u.i.k.n.ParsingFacade   Parsing time 127 ms. 
1444       WARN  main            d.u.i.k.n.ParsingFacade   file:/home/runner/work/key/key/key.core/build/resources/main/de/uka/ilkd/key/proof/rules/map.key took 37 ms to parse. 
1444       WARN  main            d.u.i.k.n.ParsingFacade   Parsing time 164 ms. 
1446       WARN  main            d.u.i.k.n.ParsingFacade   file:/home/runner/work/key/key/key.core/build/resources/main/de/uka/ilkd/key/proof/rules/freeADT.key took 1 ms to parse. 
1446       WARN  main            d.u.i.k.n.ParsingFacade   Parsing time 165 ms. 
1446       WARN  main            d.u.i.k.n.ParsingFacade   file:/home/runner/work/key/key/key.core/build/resources/main/de/uka/ilkd/key/proof/rules/wellfound.key took 0 ms to parse. 
1447       WARN  main            d.u.i.k.n.ParsingFacade   Parsing time 165 ms. 
1447       WARN  main            d.u.i.k.n.ParsingFacade   file:/home/runner/work/key/key/key.core/build/resources/main/de/uka/ilkd/key/proof/rules/charListHeader.key took 0 ms to parse. 
1447       WARN  main            d.u.i.k.n.ParsingFacade   Parsing time 165 ms. 
1598       WARN  main            d.u.i.k.n.ParsingFacade   file:/home/runner/work/key/key/key.core/build/resources/main/de/uka/ilkd/key/proof/rules/propRule.key took 6 ms to parse. 
1598       WARN  main            d.u.i.k.n.ParsingFacade   Parsing time 171 ms. 
1718       WARN  main            d.u.i.k.n.ParsingFacade   file:/home/runner/work/key/key/key.core/build/resources/main/de/uka/ilkd/key/proof/rules/firstOrderRules.key took 16 ms to parse. 
1718       WARN  main            d.u.i.k.n.ParsingFacade   Parsing time 187 ms. 
1785       WARN  main            d.u.i.k.n.ParsingFacade   file:/home/runner/work/key/key/key.core/build/resources/main/de/uka/ilkd/key/proof/rules/ifThenElseRules.key took 7 ms to parse. 
1785       WARN  main            d.u.i.k.n.ParsingFacade   Parsing time 194 ms. 
1841       WARN  main            d.u.i.k.n.ParsingFacade   file:/home/runner/work/key/key/key.core/build/resources/main/de/uka/ilkd/key/proof/rules/formulaNormalisationRules.key took 30 ms to parse. 
1841       WARN  main            d.u.i.k.n.ParsingFacade   Parsing time 224 ms. 
2069       WARN  main            d.u.i.k.n.ParsingFacade   file:/home/runner/work/key/key/key.core/build/resources/main/de/uka/ilkd/key/proof/rules/updateRules.key took 13 ms to parse. 
2069       WARN  main            d.u.i.k.n.ParsingFacade   Parsing time 237 ms. 
2103       WARN  main            d.u.i.k.n.ParsingFacade   file:/home/runner/work/key/key/key.core/build/resources/main/de/uka/ilkd/key/proof/rules/integerRulesCommon.key took 9 ms to parse. 
2103       WARN  main            d.u.i.k.n.ParsingFacade   Parsing time 246 ms. 
2234       WARN  main            d.u.i.k.n.ParsingFacade   file:/home/runner/work/key/key/key.core/build/resources/main/de/uka/ilkd/key/proof/rules/intRules.key took 5 ms to parse. 
2234       WARN  main            d.u.i.k.n.ParsingFacade   Parsing time 251 ms. 
2252       WARN  main            d.u.i.k.n.ParsingFacade   file:/home/runner/work/key/key/key.core/build/resources/main/de/uka/ilkd/key/proof/rules/intRulesUncheckedSemantics.key took 4 ms to parse. 
2252       WARN  main            d.u.i.k.n.ParsingFacade   Parsing time 255 ms. 
2264       WARN  main            d.u.i.k.n.ParsingFacade   file:/home/runner/work/key/key/key.core/build/resources/main/de/uka/ilkd/key/proof/rules/intRulesCheckedSemantics.key took 3 ms to parse. 
2265       WARN  main            d.u.i.k.n.ParsingFacade   Parsing time 258 ms. 
2275       WARN  main            d.u.i.k.n.ParsingFacade   file:/home/runner/work/key/key/key.core/build/resources/main/de/uka/ilkd/key/proof/rules/intRulesJavaSemantics.key took 4 ms to parse. 
2275       WARN  main            d.u.i.k.n.ParsingFacade   Parsing time 262 ms. 
2387       WARN  main            d.u.i.k.n.ParsingFacade   file:/home/runner/work/key/key/key.core/build/resources/main/de/uka/ilkd/key/proof/rules/integerSimplificationRules.key took 97 ms to parse. 
2387       WARN  main            d.u.i.k.n.ParsingFacade   Parsing time 359 ms. 
2710       WARN  main            d.u.i.k.n.ParsingFacade   file:/home/runner/work/key/key/key.core/build/resources/main/de/uka/ilkd/key/proof/rules/intDiv.key took 7 ms to parse. 
2711       WARN  main            d.u.i.k.n.ParsingFacade   Parsing time 366 ms. 
2809       WARN  main            d.u.i.k.n.ParsingFacade   file:/home/runner/work/key/key/key.core/build/resources/main/de/uka/ilkd/key/proof/rules/bsum.key took 8 ms to parse. 
2809       WARN  main            d.u.i.k.n.ParsingFacade   Parsing time 374 ms. 
2877       WARN  main            d.u.i.k.n.ParsingFacade   file:/home/runner/work/key/key/key.core/build/resources/main/de/uka/ilkd/key/proof/rules/bprod.key took 3 ms to parse. 
2877       WARN  main            d.u.i.k.n.ParsingFacade   Parsing time 377 ms. 
2890       WARN  main            d.u.i.k.n.ParsingFacade   file:/home/runner/work/key/key/key.core/build/resources/main/de/uka/ilkd/key/proof/rules/binaryAxioms.key took 1 ms to parse. 
2890       WARN  main            d.u.i.k.n.ParsingFacade   Parsing time 378 ms. 
2894       WARN  main            d.u.i.k.n.ParsingFacade   file:/home/runner/work/key/key/key.core/build/resources/main/de/uka/ilkd/key/proof/rules/binaryLemmas.key took 0 ms to parse. 
2895       WARN  main            d.u.i.k.n.ParsingFacade   Parsing time 378 ms. 
2902       WARN  main            d.u.i.k.n.ParsingFacade   file:/home/runner/work/key/key/key.core/build/resources/main/de/uka/ilkd/key/proof/rules/intPow.key took 3 ms to parse. 
2902       WARN  main            d.u.i.k.n.ParsingFacade   Parsing time 381 ms. 
2915       WARN  main            d.u.i.k.n.ParsingFacade   file:/home/runner/work/key/key/key.core/build/resources/main/de/uka/ilkd/key/proof/rules/floatRulesCommon.key took 4 ms to parse. 
2915       WARN  main            d.u.i.k.n.ParsingFacade   Parsing time 385 ms. 
2930       WARN  main            d.u.i.k.n.ParsingFacade   file:/home/runner/work/key/key/key.core/build/resources/main/de/uka/ilkd/key/proof/rules/floatRules.key took 0 ms to parse. 
2930       WARN  main            d.u.i.k.n.ParsingFacade   Parsing time 385 ms. 
2932       WARN  main            d.u.i.k.n.ParsingFacade   file:/home/runner/work/key/key/key.core/build/resources/main/de/uka/ilkd/key/proof/rules/floatRulesVerifyNormal.key took 0 ms to parse. 
2932       WARN  main            d.u.i.k.n.ParsingFacade   Parsing time 385 ms. 
2936       WARN  main            d.u.i.k.n.ParsingFacade   file:/home/runner/work/key/key/key.core/build/resources/main/de/uka/ilkd/key/proof/rules/floatRulesAssumeStrictfp.key took 3 ms to parse. 
2936       WARN  main            d.u.i.k.n.ParsingFacade   Parsing time 388 ms. 
2959       WARN  main            d.u.i.k.n.ParsingFacade   file:/home/runner/work/key/key/key.core/build/resources/main/de/uka/ilkd/key/proof/rules/genericRules.key took 1 ms to parse. 
2959       WARN  main            d.u.i.k.n.ParsingFacade   Parsing time 389 ms. 
2971       WARN  main            d.u.i.k.n.ParsingFacade   file:/home/runner/work/key/key/key.core/build/resources/main/de/uka/ilkd/key/proof/rules/booleanRules.key took 0 ms to parse. 
2971       WARN  main            d.u.i.k.n.ParsingFacade   Parsing time 389 ms. 
2975       WARN  main            d.u.i.k.n.ParsingFacade   file:/home/runner/work/key/key/key.core/build/resources/main/de/uka/ilkd/key/proof/rules/epsilon.key took 0 ms to parse. 
2976       WARN  main            d.u.i.k.n.ParsingFacade   Parsing time 389 ms. 
2986       WARN  main            d.u.i.k.n.ParsingFacade   file:/home/runner/work/key/key/key.core/build/resources/main/de/uka/ilkd/key/proof/rules/locSetsRules.key took 8 ms to parse. 
2986       WARN  main            d.u.i.k.n.ParsingFacade   Parsing time 397 ms. 
3064       WARN  main            d.u.i.k.n.ParsingFacade   file:/home/runner/work/key/key/key.core/build/resources/main/de/uka/ilkd/key/proof/rules/heapRules.key took 46 ms to parse. 
3064       WARN  main            d.u.i.k.n.ParsingFacade   Parsing time 443 ms. 
3099       WARN  main            d.u.i.k.n.ParsingFacade   file:/home/runner/work/key/key/key.core/build/resources/main/de/uka/ilkd/key/proof/rules/permissionRules.key took 4 ms to parse. 
3099       WARN  main            d.u.i.k.n.ParsingFacade   Parsing time 447 ms. 
3116       WARN  main            d.u.i.k.n.ParsingFacade   file:/home/runner/work/key/key/key.core/build/resources/main/de/uka/ilkd/key/proof/rules/reachRules.key took 4 ms to parse. 
3116       WARN  main            d.u.i.k.n.ParsingFacade   Parsing time 451 ms. 
3136       WARN  main            d.u.i.k.n.ParsingFacade   file:/home/runner/work/key/key/key.core/build/resources/main/de/uka/ilkd/key/proof/rules/seqCoreRules.key took 2 ms to parse. 
3137       WARN  main            d.u.i.k.n.ParsingFacade   Parsing time 453 ms. 
3155       WARN  main            d.u.i.k.n.ParsingFacade   file:/home/runner/work/key/key/key.core/build/resources/main/de/uka/ilkd/key/proof/rules/seqRules.key took 11 ms to parse. 
3155       WARN  main            d.u.i.k.n.ParsingFacade   Parsing time 464 ms. 
3199       WARN  main            d.u.i.k.n.ParsingFacade   file:/home/runner/work/key/key/key.core/build/resources/main/de/uka/ilkd/key/proof/rules/seqPerm.key took 5 ms to parse. 
3199       WARN  main            d.u.i.k.n.ParsingFacade   Parsing time 469 ms. 
3227       WARN  main            d.u.i.k.n.ParsingFacade   file:/home/runner/work/key/key/key.core/build/resources/main/de/uka/ilkd/key/proof/rules/seqPerm2.key took 1 ms to parse. 
3227       WARN  main            d.u.i.k.n.ParsingFacade   Parsing time 470 ms. 
3331       WARN  main            d.u.i.k.n.ParsingFacade   file:/home/runner/work/key/key/key.core/build/resources/main/de/uka/ilkd/key/proof/rules/javaRules.key took 99 ms to parse. 
3332       WARN  main            d.u.i.k.n.ParsingFacade   Parsing time 569 ms. 
3345       WARN  main            d.u.i.k.n.ParsingFacade   file:/home/runner/work/key/key/key.core/build/resources/main/de/uka/ilkd/key/proof/rules/assertions.key took 1 ms to parse. 
3346       WARN  main            d.u.i.k.n.ParsingFacade   Parsing time 570 ms. 
4360       WARN  main            d.u.i.k.n.ParsingFacade   file:/home/runner/work/key/key/key.core/build/resources/main/de/uka/ilkd/key/proof/rules/loopRules.key took 3 ms to parse. 
4360       WARN  main            d.u.i.k.n.ParsingFacade   Parsing time 573 ms. 
4377       WARN  main            d.u.i.k.n.ParsingFacade   file:/home/runner/work/key/key/key.core/build/resources/main/de/uka/ilkd/key/proof/rules/activeUse.key took 2 ms to parse. 
4378       WARN  main            d.u.i.k.n.ParsingFacade   Parsing time 575 ms. 
4457       WARN  main            d.u.i.k.n.ParsingFacade   file:/home/runner/work/key/key/key.core/build/resources/main/de/uka/ilkd/key/proof/rules/instanceAllocation.key took 8 ms to parse. 
4458       WARN  main            d.u.i.k.n.ParsingFacade   Parsing time 583 ms. 
4489       WARN  main            d.u.i.k.n.ParsingFacade   file:/home/runner/work/key/key/key.core/build/resources/main/de/uka/ilkd/key/proof/rules/java5.key took 0 ms to parse. 
4489       WARN  main            d.u.i.k.n.ParsingFacade   Parsing time 583 ms. 
4504       WARN  main            d.u.i.k.n.ParsingFacade   file:/home/runner/work/key/key/key.core/build/resources/main/de/uka/ilkd/key/proof/rules/integerAssignment2UpdateRules.key took 5 ms to parse. 
4505       WARN  main            d.u.i.k.n.ParsingFacade   Parsing time 588 ms. 
4602       WARN  main            d.u.i.k.n.ParsingFacade   file:/home/runner/work/key/key/key.core/build/resources/main/de/uka/ilkd/key/proof/rules/floatAssignment2UpdateRules.key took 8 ms to parse. 
4603       WARN  main            d.u.i.k.n.ParsingFacade   Parsing time 596 ms. 
4633       WARN  main            d.u.i.k.n.ParsingFacade   file:/home/runner/work/key/key/key.core/build/resources/main/de/uka/ilkd/key/proof/rules/bigint.key took 3 ms to parse. 
4634       WARN  main            d.u.i.k.n.ParsingFacade   Parsing time 599 ms. 
4656       WARN  main            d.u.i.k.n.ParsingFacade   file:/home/runner/work/key/key/key.core/build/resources/main/de/uka/ilkd/key/proof/rules/adtProgramDecompositionRules.key took 2 ms to parse. 
4656       WARN  main            d.u.i.k.n.ParsingFacade   Parsing time 601 ms. 
4678       WARN  main            d.u.i.k.n.ParsingFacade   file:/home/runner/work/key/key/key.core/build/resources/main/de/uka/ilkd/key/proof/rules/precRules.key took 1 ms to parse. 
4678       WARN  main            d.u.i.k.n.ParsingFacade   Parsing time 602 ms. 
4686       WARN  main            d.u.i.k.n.ParsingFacade   file:/home/runner/work/key/key/key.core/build/resources/main/de/uka/ilkd/key/proof/rules/charListRules.key took 3 ms to parse. 
4686       WARN  main            d.u.i.k.n.ParsingFacade   Parsing time 605 ms. 
4700       WARN  main            d.u.i.k.n.ParsingFacade   file:/home/runner/work/key/key/key.core/build/resources/main/de/uka/ilkd/key/proof/rules/regExTheory.key took 0 ms to parse. 
4701       WARN  main            d.u.i.k.n.ParsingFacade   Parsing time 605 ms. 
4704       WARN  main            d.u.i.k.n.ParsingFacade   file:/home/runner/work/key/key/key.core/build/resources/main/de/uka/ilkd/key/proof/rules/regExHeader.key took 1 ms to parse. 
4705       WARN  main            d.u.i.k.n.ParsingFacade   Parsing time 606 ms. 
4709       WARN  main            d.u.i.k.n.ParsingFacade   file:/home/runner/work/key/key/key.core/build/resources/main/de/uka/ilkd/key/proof/rules/regExAxioms.key took 0 ms to parse. 
4711       WARN  main            d.u.i.k.n.ParsingFacade   Parsing time 606 ms. 
4718       WARN  main            d.u.i.k.n.ParsingFacade   file:/home/runner/work/key/key/key.core/build/resources/main/de/uka/ilkd/key/proof/rules/regExLemmaProven.key took 1 ms to parse. 
4718       WARN  main            d.u.i.k.n.ParsingFacade   Parsing time 607 ms. 
4728       WARN  main            d.u.i.k.n.ParsingFacade   file:/home/runner/work/key/key/key.core/build/resources/main/de/uka/ilkd/key/proof/rules/seqEq.key took 1 ms to parse. 
4728       WARN  main            d.u.i.k.n.ParsingFacade   Parsing time 608 ms. 
4737       WARN  main            d.u.i.k.n.ParsingFacade   file:/home/runner/work/key/key/key.core/build/resources/main/de/uka/ilkd/key/proof/rules/infFlow.key took 2 ms to parse. 
4737       WARN  main            d.u.i.k.n.ParsingFacade   Parsing time 610 ms. 
4745       WARN  main            d.u.i.k.n.ParsingFacade   file:/home/runner/work/key/key/key.core/build/resources/main/de/uka/ilkd/key/proof/rules/mapSize.key took 1 ms to parse. 
4745       WARN  main            d.u.i.k.n.ParsingFacade   Parsing time 611 ms. 
4749       WARN  main            d.u.i.k.n.ParsingFacade   file:/home/runner/work/key/key/key.core/build/resources/main/de/uka/ilkd/key/proof/rules/wd.key took 0 ms to parse. 
4749       WARN  main            d.u.i.k.n.ParsingFacade   Parsing time 611 ms. 
4755       WARN  main            d.u.i.k.n.ParsingFacade   file:/home/runner/work/key/key/key.core/build/resources/main/de/uka/ilkd/key/proof/rules/wdHeader.key took 0 ms to parse. 
4755       WARN  main            d.u.i.k.n.ParsingFacade   Parsing time 611 ms. 
4757       WARN  main            d.u.i.k.n.ParsingFacade   file:/home/runner/work/key/key/key.core/build/resources/main/de/uka/ilkd/key/proof/rules/wdGeneralRules.key took 1 ms to parse. 
4758       WARN  main            d.u.i.k.n.ParsingFacade   Parsing time 612 ms. 
4770       WARN  main            d.u.i.k.n.ParsingFacade   file:/home/runner/work/key/key/key.core/build/resources/main/de/uka/ilkd/key/proof/rules/wdNumericalRules.key took 6 ms to parse. 
4770       WARN  main            d.u.i.k.n.ParsingFacade   Parsing time 618 ms. 
4849       WARN  main            d.u.i.k.n.ParsingFacade   file:/home/runner/work/key/key/key.core/build/resources/main/de/uka/ilkd/key/proof/rules/wdLocSetRules.key took 2 ms to parse. 
4850       WARN  main            d.u.i.k.n.ParsingFacade   Parsing time 620 ms. 
4870       WARN  main            d.u.i.k.n.ParsingFacade   file:/home/runner/work/key/key/key.core/build/resources/main/de/uka/ilkd/key/proof/rules/wdHeapRules.key took 2 ms to parse. 
4871       WARN  main            d.u.i.k.n.ParsingFacade   Parsing time 622 ms. 
4883       WARN  main            d.u.i.k.n.ParsingFacade   file:/home/runner/work/key/key/key.core/build/resources/main/de/uka/ilkd/key/proof/rules/wdReachRules.key took 0 ms to parse. 
4885       WARN  main            d.u.i.k.n.ParsingFacade   Parsing time 622 ms. 
4893       WARN  main            d.u.i.k.n.ParsingFacade   file:/home/runner/work/key/key/key.core/build/resources/main/de/uka/ilkd/key/proof/rules/wdSeqRules.key took 1 ms to parse. 
4895       WARN  main            d.u.i.k.n.ParsingFacade   Parsing time 623 ms. 
4907       WARN  main            d.u.i.k.n.ParsingFacade   file:/home/runner/work/key/key/key.core/build/resources/main/de/uka/ilkd/key/proof/rules/wdStringRules.key took 2 ms to parse. 
4908       WARN  main            d.u.i.k.n.ParsingFacade   Parsing time 625 ms. 
4917       WARN  main            d.u.i.k.n.ParsingFacade   file:/home/runner/work/key/key/key.core/build/resources/main/de/uka/ilkd/key/proof/rules/wdRegExRules.key took 1 ms to parse. 
4918       WARN  main            d.u.i.k.n.ParsingFacade   Parsing time 626 ms. 
4935       WARN  main            d.u.i.k.n.ParsingFacade   file:/home/runner/work/key/key/key.core/build/resources/main/de/uka/ilkd/key/proof/rules/wdFormulaRules.key took 9 ms to parse. 
4936       WARN  main            d.u.i.k.n.ParsingFacade   Parsing time 635 ms. 
4950       WARN  main            d.u.i.k.n.ParsingFacade   file:/home/runner/work/key/key/key.core/build/resources/main/de/uka/ilkd/key/proof/rules/loopInvariantRules.key took 0 ms to parse. 
4958       WARN  main            d.u.i.k.n.ParsingFacade   Parsing time 635 ms. 
4971       WARN  main            d.u.i.k.n.ParsingFacade   file:/home/runner/work/key/key/key.core/build/resources/main/de/uka/ilkd/key/proof/rules/forLoopRules.key took 1 ms to parse. 
4971       WARN  main            d.u.i.k.n.ParsingFacade   Parsing time 636 ms. 
4982       WARN  main            d.u.i.k.n.ParsingFacade   file:/home/runner/work/key/key/key.core/build/resources/main/de/uka/ilkd/key/proof/rules/execRules.key took 5 ms to parse. 
4982       WARN  main            d.u.i.k.n.ParsingFacade   Parsing time 641 ms. 
5095       WARN  main            d.u.i.k.n.ParsingFacade   file:/home/runner/work/key/key/key.core/build/resources/main/de/uka/ilkd/key/proof/rules/loopScopeRules.key took 3 ms to parse. 
5096       WARN  main            d.u.i.k.n.ParsingFacade   Parsing time 644 ms. 
10516      WARN  main            d.u.i.k.n.ParsingFacade   file:/home/runner/work/key/key/key.core/build/resources/main/de/uka/ilkd/key/java/JavaRedux/java/lang/String.key took 5 ms to parse. 
10517      WARN  main            d.u.i.k.n.ParsingFacade   Parsing time 649 ms. 
14439      WARN  main            d.u.i.k.n.ParsingFacade   /home/runner/work/key/key/key.core/../key.ui/examples/InformationFlow/ToyVoting/Voter(Voter__insecure_voting()).Non-interference contract.0.m.key took 1 ms to parse. 
14439      WARN  main            d.u.i.k.n.ParsingFacade   Parsing time 650 ms. 
55541      INFO  main            d.u.i.k.p.r.p.TestFile    ... finished proof: open goal(s) 
55839      INFO  main            d.u.i.k.p.r.p.TestFile    Now processing file /home/runner/work/key/key/key.core/../key.ui/examples/InformationFlow/ToyVoting/Voter(Voter__publishVoterParticipation()).Non-interference contract.0.m.key 
55840      WARN  main            d.u.i.k.n.ParsingFacade   /home/runner/work/key/key/key.core/../key.ui/examples/InformationFlow/ToyVoting/Voter(Voter__publishVoterParticipation()).Non-interference contract.0.m.key took 0 ms to parse. 
55843      WARN  main            d.u.i.k.n.ParsingFacade   Parsing time 650 ms. 
57437      WARN  main            d.u.i.k.n.ParsingFacade   file:/home/runner/work/key/key/key.core/build/resources/main/de/uka/ilkd/key/java/JavaRedux/java/lang/String.key took 4 ms to parse. 
57437      WARN  main            d.u.i.k.n.ParsingFacade   Parsing time 654 ms. 
60393      WARN  main            d.u.i.k.n.ParsingFacade   /home/runner/work/key/key/key.core/../key.ui/examples/InformationFlow/ToyVoting/Voter(Voter__publishVoterParticipation()).Non-interference contract.0.m.key took 0 ms to parse. 
60394      WARN  main            d.u.i.k.n.ParsingFacade   Parsing time 654 ms. 
60841      INFO  main            d.u.i.k.p.r.p.TestFile    ... finished proof: closed. 
61258      INFO  main            d.u.i.k.p.r.p.TestFile    Now processing file /home/runner/work/key/key/key.core/../key.ui/examples/InformationFlow/ToyVoting/Voter(Voter__isValid(int)).Non-interference contract.0.m.key 
61259      WARN  main            d.u.i.k.n.ParsingFacade   /home/runner/work/key/key/key.core/../key.ui/examples/InformationFlow/ToyVoting/Voter(Voter__isValid(int)).Non-interference contract.0.m.key took 0 ms to parse. 
61260      WARN  main            d.u.i.k.n.ParsingFacade   Parsing time 654 ms. 
62661      WARN  main            d.u.i.k.n.ParsingFacade   file:/home/runner/work/key/key/key.core/build/resources/main/de/uka/ilkd/key/java/JavaRedux/java/lang/String.key took 2 ms to parse. 
62663      WARN  main            d.u.i.k.n.ParsingFacade   Parsing time 656 ms. 
65460      WARN  main            d.u.i.k.n.ParsingFacade   /home/runner/work/key/key/key.core/../key.ui/examples/InformationFlow/ToyVoting/Voter(Voter__isValid(int)).Non-interference contract.0.m.key took 0 ms to parse. 
65460      WARN  main            d.u.i.k.n.ParsingFacade   Parsing time 656 ms. 
66133      INFO  main            d.u.i.k.p.r.p.TestFile    ... finished proof: closed. 
66348      INFO  main            d.u.i.k.p.r.p.TestFile    Now processing file /home/runner/work/key/key/key.core/../key.ui/examples/InformationFlow/ToyVoting/Voter(Voter__sendVote(int)).Non-interference contract.0.m.key 
66349      WARN  main            d.u.i.k.n.ParsingFacade   /home/runner/work/key/key/key.core/../key.ui/examples/InformationFlow/ToyVoting/Voter(Voter__sendVote(int)).Non-interference contract.0.m.key took 0 ms to parse. 
66349      WARN  main            d.u.i.k.n.ParsingFacade   Parsing time 656 ms. 
67664      WARN  main            d.u.i.k.n.ParsingFacade   file:/home/runner/work/key/key/key.core/build/resources/main/de/uka/ilkd/key/java/JavaRedux/java/lang/String.key took 1 ms to parse. 
67664      WARN  main            d.u.i.k.n.ParsingFacade   Parsing time 657 ms. 
70263      WARN  main            d.u.i.k.n.ParsingFacade   /home/runner/work/key/key/key.core/../key.ui/examples/InformationFlow/ToyVoting/Voter(Voter__sendVote(int)).Non-interference contract.0.m.key took 0 ms to parse. 
70263      WARN  main            d.u.i.k.n.ParsingFacade   Parsing time 657 ms. 
70667      INFO  main            d.u.i.k.p.r.p.TestFile    ... finished proof: closed. 
70934      INFO  main            d.u.i.k.p.r.p.TestFile    Now processing file /home/runner/work/key/key/key.core/../key.ui/examples/InformationFlow/ToyVoting/Voter(Voter__inputVote()).Non-interference contract.0.m.key 
70936      WARN  main            d.u.i.k.n.ParsingFacade   /home/runner/work/key/key/key.core/../key.ui/examples/InformationFlow/ToyVoting/Voter(Voter__inputVote()).Non-interference contract.0.m.key took 2 ms to parse. 
70936      WARN  main            d.u.i.k.n.ParsingFacade   Parsing time 659 ms. 
72281      WARN  main            d.u.i.k.n.ParsingFacade   file:/home/runner/work/key/key/key.core/build/resources/main/de/uka/ilkd/key/java/JavaRedux/java/lang/String.key took 2 ms to parse. 
72281      WARN  main            d.u.i.k.n.ParsingFacade   Parsing time 661 ms. 
74812      WARN  main            d.u.i.k.n.ParsingFacade   /home/runner/work/key/key/key.core/../key.ui/examples/InformationFlow/ToyVoting/Voter(Voter__inputVote()).Non-interference contract.0.m.key took 0 ms to parse. 
74814      WARN  main            d.u.i.k.n.ParsingFacade   Parsing time 661 ms. 
75154      INFO  main            d.u.i.k.p.r.p.TestFile    ... finished proof: closed. 
75342      INFO  main            d.u.i.k.p.r.p.TestFile    Now processing file /home/runner/work/key/key/key.core/../key.ui/examples/InformationFlow/ToyVoting/Voter(Voter__secure_voting()).Non-interference contract.0.m.key 
75343      WARN  main            d.u.i.k.n.ParsingFacade   /home/runner/work/key/key/key.core/../key.ui/examples/InformationFlow/ToyVoting/Voter(Voter__secure_voting()).Non-interference contract.0.m.key took 0 ms to parse. 
75343      WARN  main            d.u.i.k.n.ParsingFacade   Parsing time 661 ms. 
76537      WARN  main            d.u.i.k.n.ParsingFacade   file:/home/runner/work/key/key/key.core/build/resources/main/de/uka/ilkd/key/java/JavaRedux/java/lang/String.key took 3 ms to parse. 
76538      WARN  main            d.u.i.k.n.ParsingFacade   Parsing time 664 ms. 
78933      WARN  main            d.u.i.k.n.ParsingFacade   /home/runner/work/key/key/key.core/../key.ui/examples/InformationFlow/ToyVoting/Voter(Voter__secure_voting()).Non-interference contract.0.m.key took 0 ms to parse. 
78934      WARN  main            d.u.i.k.n.ParsingFacade   Parsing time 664 ms. 
92356      INFO  main            d.u.i.k.p.r.p.TestFile    ... finished proof: closed. 
2082129    INFO  Test worker     d.u.i.k.p.r.RunAllProofsTestUnit Returning from test ToyVoting_fullmacro 
2082131    INFO  Test worker     d.u.i.k.p.r.RunAllProofsTestUnit Running test SumExample_fullmacro 
708        INFO  Timeout watchdog d.u.i.k.p.r.p.ForkedTestFileRunner Timeout watcher launched (1000 secs.) 
757        WARN  main            d.u.i.k.s.ProofSettings   The settings in /home/runner/.key/proof-settings.props are *not* read. 
810        INFO  main            d.u.i.k.p.r.p.TestFile    Now processing file /home/runner/work/key/key/key.core/../key.ui/examples/InformationFlow/Sum/SumExample(SumExample__getSum()).Non-interference contract.0.m.key 
1099       WARN  main            d.u.i.k.n.ParsingFacade   /home/runner/work/key/key/key.core/../key.ui/examples/InformationFlow/Sum/SumExample(SumExample__getSum()).Non-interference contract.0.m.key took 16 ms to parse. 
1099       WARN  main            d.u.i.k.n.ParsingFacade   Parsing time 16 ms. 
1307       WARN  main            d.u.i.k.n.ParsingFacade   file:/home/runner/work/key/key/key.core/build/resources/main/de/uka/ilkd/key/proof/rules/standardRules.key took 20 ms to parse. 
1307       WARN  main            d.u.i.k.n.ParsingFacade   Parsing time 36 ms. 
1322       WARN  main            d.u.i.k.n.ParsingFacade   file:/home/runner/work/key/key/key.core/build/resources/main/de/uka/ilkd/key/proof/rules/ldt.key took 2 ms to parse. 
1322       WARN  main            d.u.i.k.n.ParsingFacade   Parsing time 38 ms. 
1330       WARN  main            d.u.i.k.n.ParsingFacade   file:/home/runner/work/key/key/key.core/build/resources/main/de/uka/ilkd/key/proof/rules/boolean.key took 4 ms to parse. 
1330       WARN  main            d.u.i.k.n.ParsingFacade   Parsing time 42 ms. 
1358       WARN  main            d.u.i.k.n.ParsingFacade   file:/home/runner/work/key/key/key.core/build/resources/main/de/uka/ilkd/key/proof/rules/ruleSetsDeclarations.key took 10 ms to parse. 
1358       WARN  main            d.u.i.k.n.ParsingFacade   Parsing time 52 ms. 
1396       WARN  main            d.u.i.k.n.ParsingFacade   file:/home/runner/work/key/key/key.core/build/resources/main/de/uka/ilkd/key/proof/rules/integerHeader.key took 8 ms to parse. 
1400       WARN  main            d.u.i.k.n.ParsingFacade   Parsing time 60 ms. 
1415       WARN  main            d.u.i.k.n.ParsingFacade   file:/home/runner/work/key/key/key.core/build/resources/main/de/uka/ilkd/key/proof/rules/floatHeader.key took 13 ms to parse. 
1416       WARN  main            d.u.i.k.n.ParsingFacade   Parsing time 73 ms. 
1419       WARN  main            d.u.i.k.n.ParsingFacade   file:/home/runner/work/key/key/key.core/build/resources/main/de/uka/ilkd/key/proof/rules/heap.key took 2 ms to parse. 
1419       WARN  main            d.u.i.k.n.ParsingFacade   Parsing time 75 ms. 
1439       WARN  main            d.u.i.k.n.ParsingFacade   file:/home/runner/work/key/key/key.core/build/resources/main/de/uka/ilkd/key/proof/rules/locSets.key took 0 ms to parse. 
1440       WARN  main            d.u.i.k.n.ParsingFacade   Parsing time 75 ms. 
1449       WARN  main            d.u.i.k.n.ParsingFacade   file:/home/runner/work/key/key/key.core/build/resources/main/de/uka/ilkd/key/proof/rules/permission.key took 9 ms to parse. 
1450       WARN  main            d.u.i.k.n.ParsingFacade   Parsing time 84 ms. 
1452       WARN  main            d.u.i.k.n.ParsingFacade   file:/home/runner/work/key/key/key.core/build/resources/main/de/uka/ilkd/key/proof/rules/reach.key took 1 ms to parse. 
1452       WARN  main            d.u.i.k.n.ParsingFacade   Parsing time 85 ms. 
1454       WARN  main            d.u.i.k.n.ParsingFacade   file:/home/runner/work/key/key/key.core/build/resources/main/de/uka/ilkd/key/proof/rules/seq.key took 1 ms to parse. 
1455       WARN  main            d.u.i.k.n.ParsingFacade   Parsing time 86 ms. 
1526       WARN  main            d.u.i.k.n.ParsingFacade   file:/home/runner/work/key/key/key.core/build/resources/main/de/uka/ilkd/key/proof/rules/map.key took 69 ms to parse. 
1528       WARN  main            d.u.i.k.n.ParsingFacade   Parsing time 155 ms. 
1532       WARN  main            d.u.i.k.n.ParsingFacade   file:/home/runner/work/key/key/key.core/build/resources/main/de/uka/ilkd/key/proof/rules/freeADT.key took 0 ms to parse. 
1535       WARN  main            d.u.i.k.n.ParsingFacade   Parsing time 155 ms. 
1536       WARN  main            d.u.i.k.n.ParsingFacade   file:/home/runner/work/key/key/key.core/build/resources/main/de/uka/ilkd/key/proof/rules/wellfound.key took 0 ms to parse. 
1536       WARN  main            d.u.i.k.n.ParsingFacade   Parsing time 155 ms. 
1537       WARN  main            d.u.i.k.n.ParsingFacade   file:/home/runner/work/key/key/key.core/build/resources/main/de/uka/ilkd/key/proof/rules/charListHeader.key took 0 ms to parse. 
1537       WARN  main            d.u.i.k.n.ParsingFacade   Parsing time 155 ms. 
1795       WARN  main            d.u.i.k.n.ParsingFacade   file:/home/runner/work/key/key/key.core/build/resources/main/de/uka/ilkd/key/proof/rules/propRule.key took 7 ms to parse. 
1797       WARN  main            d.u.i.k.n.ParsingFacade   Parsing time 162 ms. 
1838       WARN  main            d.u.i.k.n.ParsingFacade   file:/home/runner/work/key/key/key.core/build/resources/main/de/uka/ilkd/key/proof/rules/firstOrderRules.key took 11 ms to parse. 
1838       WARN  main            d.u.i.k.n.ParsingFacade   Parsing time 173 ms. 
1888       WARN  main            d.u.i.k.n.ParsingFacade   file:/home/runner/work/key/key/key.core/build/resources/main/de/uka/ilkd/key/proof/rules/ifThenElseRules.key took 10 ms to parse. 
1892       WARN  main            d.u.i.k.n.ParsingFacade   Parsing time 183 ms. 
1946       WARN  main            d.u.i.k.n.ParsingFacade   file:/home/runner/work/key/key/key.core/build/resources/main/de/uka/ilkd/key/proof/rules/formulaNormalisationRules.key took 12 ms to parse. 
1949       WARN  main            d.u.i.k.n.ParsingFacade   Parsing time 195 ms. 
2064       WARN  main            d.u.i.k.n.ParsingFacade   file:/home/runner/work/key/key/key.core/build/resources/main/de/uka/ilkd/key/proof/rules/updateRules.key took 4 ms to parse. 
2065       WARN  main            d.u.i.k.n.ParsingFacade   Parsing time 199 ms. 
2142       WARN  main            d.u.i.k.n.ParsingFacade   file:/home/runner/work/key/key/key.core/build/resources/main/de/uka/ilkd/key/proof/rules/integerRulesCommon.key took 9 ms to parse. 
2145       WARN  main            d.u.i.k.n.ParsingFacade   Parsing time 208 ms. 
2293       WARN  main            d.u.i.k.n.ParsingFacade   file:/home/runner/work/key/key/key.core/build/resources/main/de/uka/ilkd/key/proof/rules/intRules.key took 3 ms to parse. 
2293       WARN  main            d.u.i.k.n.ParsingFacade   Parsing time 211 ms. 
2310       WARN  main            d.u.i.k.n.ParsingFacade   file:/home/runner/work/key/key/key.core/build/resources/main/de/uka/ilkd/key/proof/rules/intRulesUncheckedSemantics.key took 3 ms to parse. 
2310       WARN  main            d.u.i.k.n.ParsingFacade   Parsing time 214 ms. 
2321       WARN  main            d.u.i.k.n.ParsingFacade   file:/home/runner/work/key/key/key.core/build/resources/main/de/uka/ilkd/key/proof/rules/intRulesCheckedSemantics.key took 1 ms to parse. 
2321       WARN  main            d.u.i.k.n.ParsingFacade   Parsing time 215 ms. 
2332       WARN  main            d.u.i.k.n.ParsingFacade   file:/home/runner/work/key/key/key.core/build/resources/main/de/uka/ilkd/key/proof/rules/intRulesJavaSemantics.key took 4 ms to parse. 
2332       WARN  main            d.u.i.k.n.ParsingFacade   Parsing time 219 ms. 
2396       WARN  main            d.u.i.k.n.ParsingFacade   file:/home/runner/work/key/key/key.core/build/resources/main/de/uka/ilkd/key/proof/rules/integerSimplificationRules.key took 48 ms to parse. 
2396       WARN  main            d.u.i.k.n.ParsingFacade   Parsing time 267 ms. 
2684       WARN  main            d.u.i.k.n.ParsingFacade   file:/home/runner/work/key/key/key.core/build/resources/main/de/uka/ilkd/key/proof/rules/intDiv.key took 9 ms to parse. 
2684       WARN  main            d.u.i.k.n.ParsingFacade   Parsing time 276 ms. 
2748       WARN  main            d.u.i.k.n.ParsingFacade   file:/home/runner/work/key/key/key.core/build/resources/main/de/uka/ilkd/key/proof/rules/bsum.key took 20 ms to parse. 
2751       WARN  main            d.u.i.k.n.ParsingFacade   Parsing time 296 ms. 
2837       WARN  main            d.u.i.k.n.ParsingFacade   file:/home/runner/work/key/key/key.core/build/resources/main/de/uka/ilkd/key/proof/rules/bprod.key took 3 ms to parse. 
2837       WARN  main            d.u.i.k.n.ParsingFacade   Parsing time 299 ms. 
2848       WARN  main            d.u.i.k.n.ParsingFacade   file:/home/runner/work/key/key/key.core/build/resources/main/de/uka/ilkd/key/proof/rules/binaryAxioms.key took 0 ms to parse. 
2849       WARN  main            d.u.i.k.n.ParsingFacade   Parsing time 299 ms. 
2852       WARN  main            d.u.i.k.n.ParsingFacade   file:/home/runner/work/key/key/key.core/build/resources/main/de/uka/ilkd/key/proof/rules/binaryLemmas.key took 1 ms to parse. 
2852       WARN  main            d.u.i.k.n.ParsingFacade   Parsing time 300 ms. 
2858       WARN  main            d.u.i.k.n.ParsingFacade   file:/home/runner/work/key/key/key.core/build/resources/main/de/uka/ilkd/key/proof/rules/intPow.key took 2 ms to parse. 
2858       WARN  main            d.u.i.k.n.ParsingFacade   Parsing time 302 ms. 
2869       WARN  main            d.u.i.k.n.ParsingFacade   file:/home/runner/work/key/key/key.core/build/resources/main/de/uka/ilkd/key/proof/rules/floatRulesCommon.key took 3 ms to parse. 
2869       WARN  main            d.u.i.k.n.ParsingFacade   Parsing time 305 ms. 
2883       WARN  main            d.u.i.k.n.ParsingFacade   file:/home/runner/work/key/key/key.core/build/resources/main/de/uka/ilkd/key/proof/rules/floatRules.key took 0 ms to parse. 
2883       WARN  main            d.u.i.k.n.ParsingFacade   Parsing time 305 ms. 
2885       WARN  main            d.u.i.k.n.ParsingFacade   file:/home/runner/work/key/key/key.core/build/resources/main/de/uka/ilkd/key/proof/rules/floatRulesVerifyNormal.key took 1 ms to parse. 
2885       WARN  main            d.u.i.k.n.ParsingFacade   Parsing time 306 ms. 
2889       WARN  main            d.u.i.k.n.ParsingFacade   file:/home/runner/work/key/key/key.core/build/resources/main/de/uka/ilkd/key/proof/rules/floatRulesAssumeStrictfp.key took 3 ms to parse. 
2889       WARN  main            d.u.i.k.n.ParsingFacade   Parsing time 309 ms. 
2914       WARN  main            d.u.i.k.n.ParsingFacade   file:/home/runner/work/key/key/key.core/build/resources/main/de/uka/ilkd/key/proof/rules/genericRules.key took 1 ms to parse. 
2914       WARN  main            d.u.i.k.n.ParsingFacade   Parsing time 310 ms. 
2925       WARN  main            d.u.i.k.n.ParsingFacade   file:/home/runner/work/key/key/key.core/build/resources/main/de/uka/ilkd/key/proof/rules/booleanRules.key took 1 ms to parse. 
2925       WARN  main            d.u.i.k.n.ParsingFacade   Parsing time 311 ms. 
2929       WARN  main            d.u.i.k.n.ParsingFacade   file:/home/runner/work/key/key/key.core/build/resources/main/de/uka/ilkd/key/proof/rules/epsilon.key took 1 ms to parse. 
2929       WARN  main            d.u.i.k.n.ParsingFacade   Parsing time 312 ms. 
2938       WARN  main            d.u.i.k.n.ParsingFacade   file:/home/runner/work/key/key/key.core/build/resources/main/de/uka/ilkd/key/proof/rules/locSetsRules.key took 7 ms to parse. 
2938       WARN  main            d.u.i.k.n.ParsingFacade   Parsing time 319 ms. 
3008       WARN  main            d.u.i.k.n.ParsingFacade   file:/home/runner/work/key/key/key.core/build/resources/main/de/uka/ilkd/key/proof/rules/heapRules.key took 7 ms to parse. 
3009       WARN  main            d.u.i.k.n.ParsingFacade   Parsing time 326 ms. 
3038       WARN  main            d.u.i.k.n.ParsingFacade   file:/home/runner/work/key/key/key.core/build/resources/main/de/uka/ilkd/key/proof/rules/permissionRules.key took 2 ms to parse. 
3038       WARN  main            d.u.i.k.n.ParsingFacade   Parsing time 328 ms. 
3053       WARN  main            d.u.i.k.n.ParsingFacade   file:/home/runner/work/key/key/key.core/build/resources/main/de/uka/ilkd/key/proof/rules/reachRules.key took 3 ms to parse. 
3053       WARN  main            d.u.i.k.n.ParsingFacade   Parsing time 331 ms. 
3067       WARN  main            d.u.i.k.n.ParsingFacade   file:/home/runner/work/key/key/key.core/build/resources/main/de/uka/ilkd/key/proof/rules/seqCoreRules.key took 1 ms to parse. 
3067       WARN  main            d.u.i.k.n.ParsingFacade   Parsing time 332 ms. 
3074       WARN  main            d.u.i.k.n.ParsingFacade   file:/home/runner/work/key/key/key.core/build/resources/main/de/uka/ilkd/key/proof/rules/seqRules.key took 4 ms to parse. 
3074       WARN  main            d.u.i.k.n.ParsingFacade   Parsing time 336 ms. 
3145       WARN  main            d.u.i.k.n.ParsingFacade   file:/home/runner/work/key/key/key.core/build/resources/main/de/uka/ilkd/key/proof/rules/seqPerm.key took 37 ms to parse. 
3145       WARN  main            d.u.i.k.n.ParsingFacade   Parsing time 373 ms. 
3168       WARN  main            d.u.i.k.n.ParsingFacade   file:/home/runner/work/key/key/key.core/build/resources/main/de/uka/ilkd/key/proof/rules/seqPerm2.key took 1 ms to parse. 
3168       WARN  main            d.u.i.k.n.ParsingFacade   Parsing time 374 ms. 
3223       WARN  main            d.u.i.k.n.ParsingFacade   file:/home/runner/work/key/key/key.core/build/resources/main/de/uka/ilkd/key/proof/rules/javaRules.key took 51 ms to parse. 
3223       WARN  main            d.u.i.k.n.ParsingFacade   Parsing time 425 ms. 
3243       WARN  main            d.u.i.k.n.ParsingFacade   file:/home/runner/work/key/key/key.core/build/resources/main/de/uka/ilkd/key/proof/rules/assertions.key took 2 ms to parse. 
3243       WARN  main            d.u.i.k.n.ParsingFacade   Parsing time 427 ms. 
4188       WARN  main            d.u.i.k.n.ParsingFacade   file:/home/runner/work/key/key/key.core/build/resources/main/de/uka/ilkd/key/proof/rules/loopRules.key took 4 ms to parse. 
4188       WARN  main            d.u.i.k.n.ParsingFacade   Parsing time 431 ms. 
4207       WARN  main            d.u.i.k.n.ParsingFacade   file:/home/runner/work/key/key/key.core/build/resources/main/de/uka/ilkd/key/proof/rules/activeUse.key took 2 ms to parse. 
4208       WARN  main            d.u.i.k.n.ParsingFacade   Parsing time 433 ms. 
4278       WARN  main            d.u.i.k.n.ParsingFacade   file:/home/runner/work/key/key/key.core/build/resources/main/de/uka/ilkd/key/proof/rules/instanceAllocation.key took 4 ms to parse. 
4279       WARN  main            d.u.i.k.n.ParsingFacade   Parsing time 437 ms. 
4292       WARN  main            d.u.i.k.n.ParsingFacade   file:/home/runner/work/key/key/key.core/build/resources/main/de/uka/ilkd/key/proof/rules/java5.key took 0 ms to parse. 
4293       WARN  main            d.u.i.k.n.ParsingFacade   Parsing time 437 ms. 
4300       WARN  main            d.u.i.k.n.ParsingFacade   file:/home/runner/work/key/key/key.core/build/resources/main/de/uka/ilkd/key/proof/rules/integerAssignment2UpdateRules.key took 3 ms to parse. 
4300       WARN  main            d.u.i.k.n.ParsingFacade   Parsing time 440 ms. 
4379       WARN  main            d.u.i.k.n.ParsingFacade   file:/home/runner/work/key/key/key.core/build/resources/main/de/uka/ilkd/key/proof/rules/floatAssignment2UpdateRules.key took 40 ms to parse. 
4379       WARN  main            d.u.i.k.n.ParsingFacade   Parsing time 480 ms. 
4404       WARN  main            d.u.i.k.n.ParsingFacade   file:/home/runner/work/key/key/key.core/build/resources/main/de/uka/ilkd/key/proof/rules/bigint.key took 1 ms to parse. 
4405       WARN  main            d.u.i.k.n.ParsingFacade   Parsing time 481 ms. 
4421       WARN  main            d.u.i.k.n.ParsingFacade   file:/home/runner/work/key/key/key.core/build/resources/main/de/uka/ilkd/key/proof/rules/adtProgramDecompositionRules.key took 1 ms to parse. 
4422       WARN  main            d.u.i.k.n.ParsingFacade   Parsing time 482 ms. 
4440       WARN  main            d.u.i.k.n.ParsingFacade   file:/home/runner/work/key/key/key.core/build/resources/main/de/uka/ilkd/key/proof/rules/precRules.key took 0 ms to parse. 
4441       WARN  main            d.u.i.k.n.ParsingFacade   Parsing time 482 ms. 
4446       WARN  main            d.u.i.k.n.ParsingFacade   file:/home/runner/work/key/key/key.core/build/resources/main/de/uka/ilkd/key/proof/rules/charListRules.key took 3 ms to parse. 
4446       WARN  main            d.u.i.k.n.ParsingFacade   Parsing time 485 ms. 
4457       WARN  main            d.u.i.k.n.ParsingFacade   file:/home/runner/work/key/key/key.core/build/resources/main/de/uka/ilkd/key/proof/rules/regExTheory.key took 0 ms to parse. 
4458       WARN  main            d.u.i.k.n.ParsingFacade   Parsing time 485 ms. 
4459       WARN  main            d.u.i.k.n.ParsingFacade   file:/home/runner/work/key/key/key.core/build/resources/main/de/uka/ilkd/key/proof/rules/regExHeader.key took 0 ms to parse. 
4459       WARN  main            d.u.i.k.n.ParsingFacade   Parsing time 485 ms. 
4461       WARN  main            d.u.i.k.n.ParsingFacade   file:/home/runner/work/key/key/key.core/build/resources/main/de/uka/ilkd/key/proof/rules/regExAxioms.key took 1 ms to parse. 
4461       WARN  main            d.u.i.k.n.ParsingFacade   Parsing time 486 ms. 
4465       WARN  main            d.u.i.k.n.ParsingFacade   file:/home/runner/work/key/key/key.core/build/resources/main/de/uka/ilkd/key/proof/rules/regExLemmaProven.key took 1 ms to parse. 
4466       WARN  main            d.u.i.k.n.ParsingFacade   Parsing time 487 ms. 
4472       WARN  main            d.u.i.k.n.ParsingFacade   file:/home/runner/work/key/key/key.core/build/resources/main/de/uka/ilkd/key/proof/rules/seqEq.key took 2 ms to parse. 
4473       WARN  main            d.u.i.k.n.ParsingFacade   Parsing time 489 ms. 
4479       WARN  main            d.u.i.k.n.ParsingFacade   file:/home/runner/work/key/key/key.core/build/resources/main/de/uka/ilkd/key/proof/rules/infFlow.key took 1 ms to parse. 
4480       WARN  main            d.u.i.k.n.ParsingFacade   Parsing time 490 ms. 
4484       WARN  main            d.u.i.k.n.ParsingFacade   file:/home/runner/work/key/key/key.core/build/resources/main/de/uka/ilkd/key/proof/rules/mapSize.key took 0 ms to parse. 
4485       WARN  main            d.u.i.k.n.ParsingFacade   Parsing time 490 ms. 
4488       WARN  main            d.u.i.k.n.ParsingFacade   file:/home/runner/work/key/key/key.core/build/resources/main/de/uka/ilkd/key/proof/rules/wd.key took 0 ms to parse. 
4488       WARN  main            d.u.i.k.n.ParsingFacade   Parsing time 490 ms. 
4491       WARN  main            d.u.i.k.n.ParsingFacade   file:/home/runner/work/key/key/key.core/build/resources/main/de/uka/ilkd/key/proof/rules/wdHeader.key took 1 ms to parse. 
4491       WARN  main            d.u.i.k.n.ParsingFacade   Parsing time 491 ms. 
4492       WARN  main            d.u.i.k.n.ParsingFacade   file:/home/runner/work/key/key/key.core/build/resources/main/de/uka/ilkd/key/proof/rules/wdGeneralRules.key took 0 ms to parse. 
4493       WARN  main            d.u.i.k.n.ParsingFacade   Parsing time 491 ms. 
4503       WARN  main            d.u.i.k.n.ParsingFacade   file:/home/runner/work/key/key/key.core/build/resources/main/de/uka/ilkd/key/proof/rules/wdNumericalRules.key took 5 ms to parse. 
4503       WARN  main            d.u.i.k.n.ParsingFacade   Parsing time 496 ms. 
4523       WARN  main            d.u.i.k.n.ParsingFacade   file:/home/runner/work/key/key/key.core/build/resources/main/de/uka/ilkd/key/proof/rules/wdLocSetRules.key took 1 ms to parse. 
4523       WARN  main            d.u.i.k.n.ParsingFacade   Parsing time 497 ms. 
4529       WARN  main            d.u.i.k.n.ParsingFacade   file:/home/runner/work/key/key/key.core/build/resources/main/de/uka/ilkd/key/proof/rules/wdHeapRules.key took 1 ms to parse. 
4529       WARN  main            d.u.i.k.n.ParsingFacade   Parsing time 498 ms. 
4533       WARN  main            d.u.i.k.n.ParsingFacade   file:/home/runner/work/key/key/key.core/build/resources/main/de/uka/ilkd/key/proof/rules/wdReachRules.key took 0 ms to parse. 
4534       WARN  main            d.u.i.k.n.ParsingFacade   Parsing time 498 ms. 
4536       WARN  main            d.u.i.k.n.ParsingFacade   file:/home/runner/work/key/key/key.core/build/resources/main/de/uka/ilkd/key/proof/rules/wdSeqRules.key took 1 ms to parse. 
4536       WARN  main            d.u.i.k.n.ParsingFacade   Parsing time 499 ms. 
4540       WARN  main            d.u.i.k.n.ParsingFacade   file:/home/runner/work/key/key/key.core/build/resources/main/de/uka/ilkd/key/proof/rules/wdStringRules.key took 0 ms to parse. 
4541       WARN  main            d.u.i.k.n.ParsingFacade   Parsing time 499 ms. 
4545       WARN  main            d.u.i.k.n.ParsingFacade   file:/home/runner/work/key/key/key.core/build/resources/main/de/uka/ilkd/key/proof/rules/wdRegExRules.key took 1 ms to parse. 
4545       WARN  main            d.u.i.k.n.ParsingFacade   Parsing time 500 ms. 
4553       WARN  main            d.u.i.k.n.ParsingFacade   file:/home/runner/work/key/key/key.core/build/resources/main/de/uka/ilkd/key/proof/rules/wdFormulaRules.key took 5 ms to parse. 
4553       WARN  main            d.u.i.k.n.ParsingFacade   Parsing time 505 ms. 
4565       WARN  main            d.u.i.k.n.ParsingFacade   file:/home/runner/work/key/key/key.core/build/resources/main/de/uka/ilkd/key/proof/rules/loopInvariantRules.key took 0 ms to parse. 
4566       WARN  main            d.u.i.k.n.ParsingFacade   Parsing time 505 ms. 
4568       WARN  main            d.u.i.k.n.ParsingFacade   file:/home/runner/work/key/key/key.core/build/resources/main/de/uka/ilkd/key/proof/rules/forLoopRules.key took 0 ms to parse. 
4568       WARN  main            d.u.i.k.n.ParsingFacade   Parsing time 505 ms. 
4574       WARN  main            d.u.i.k.n.ParsingFacade   file:/home/runner/work/key/key/key.core/build/resources/main/de/uka/ilkd/key/proof/rules/execRules.key took 3 ms to parse. 
4574       WARN  main            d.u.i.k.n.ParsingFacade   Parsing time 508 ms. 
4722       WARN  main            d.u.i.k.n.ParsingFacade   file:/home/runner/work/key/key/key.core/build/resources/main/de/uka/ilkd/key/proof/rules/loopScopeRules.key took 3 ms to parse. 
4722       WARN  main            d.u.i.k.n.ParsingFacade   Parsing time 511 ms. 
10407      WARN  main            d.u.i.k.n.ParsingFacade   file:/home/runner/work/key/key/key.core/build/resources/main/de/uka/ilkd/key/java/JavaRedux/java/lang/String.key took 10 ms to parse. 
10407      WARN  main            d.u.i.k.n.ParsingFacade   Parsing time 521 ms. 
14571      WARN  main            d.u.i.k.n.ParsingFacade   /home/runner/work/key/key/key.core/../key.ui/examples/InformationFlow/Sum/SumExample(SumExample__getSum()).Non-interference contract.0.m.key took 0 ms to parse. 
14572      WARN  main            d.u.i.k.n.ParsingFacade   Parsing time 521 ms. 
18072      INFO  main            d.u.i.k.p.r.p.TestFile    ... finished proof: closed. 
2100845    INFO  Test worker     d.u.i.k.p.r.RunAllProofsTestUnit Returning from test SumExample_fullmacro 
2100847    INFO  Test worker     d.u.i.k.p.r.RunAllProofsTestUnit Running test ToyBanking_fullmacro 
508        INFO  Timeout watchdog d.u.i.k.p.r.p.ForkedTestFileRunner Timeout watcher launched (1000 secs.) 
535        WARN  main            d.u.i.k.s.ProofSettings   The settings in /home/runner/.key/proof-settings.props are *not* read. 
566        INFO  main            d.u.i.k.p.r.p.TestFile    Now processing file /home/runner/work/key/key/key.core/../key.ui/examples/InformationFlow/ToyBanking/banking_example.UserAccount(banking_example.UserAccount__getBankAccount(int)).Non-interference contract.0.m.key 
979        WARN  main            d.u.i.k.n.ParsingFacade   /home/runner/work/key/key/key.core/../key.ui/examples/InformationFlow/ToyBanking/banking_example.UserAccount(banking_example.UserAccount__getBankAccount(int)).Non-interference contract.0.m.key took 17 ms to parse. 
980        WARN  main            d.u.i.k.n.ParsingFacade   Parsing time 17 ms. 
1211       WARN  main            d.u.i.k.n.ParsingFacade   file:/home/runner/work/key/key/key.core/build/resources/main/de/uka/ilkd/key/proof/rules/standardRules.key took 23 ms to parse. 
1212       WARN  main            d.u.i.k.n.ParsingFacade   Parsing time 40 ms. 
1232       WARN  main            d.u.i.k.n.ParsingFacade   file:/home/runner/work/key/key/key.core/build/resources/main/de/uka/ilkd/key/proof/rules/ldt.key took 1 ms to parse. 
1235       WARN  main            d.u.i.k.n.ParsingFacade   Parsing time 41 ms. 
1248       WARN  main            d.u.i.k.n.ParsingFacade   file:/home/runner/work/key/key/key.core/build/resources/main/de/uka/ilkd/key/proof/rules/boolean.key took 6 ms to parse. 
1249       WARN  main            d.u.i.k.n.ParsingFacade   Parsing time 47 ms. 
1281       WARN  main            d.u.i.k.n.ParsingFacade   file:/home/runner/work/key/key/key.core/build/resources/main/de/uka/ilkd/key/proof/rules/ruleSetsDeclarations.key took 10 ms to parse. 
1282       WARN  main            d.u.i.k.n.ParsingFacade   Parsing time 57 ms. 
1321       WARN  main            d.u.i.k.n.ParsingFacade   file:/home/runner/work/key/key/key.core/build/resources/main/de/uka/ilkd/key/proof/rules/integerHeader.key took 14 ms to parse. 
1323       WARN  main            d.u.i.k.n.ParsingFacade   Parsing time 71 ms. 
1329       WARN  main            d.u.i.k.n.ParsingFacade   file:/home/runner/work/key/key/key.core/build/resources/main/de/uka/ilkd/key/proof/rules/floatHeader.key took 4 ms to parse. 
1331       WARN  main            d.u.i.k.n.ParsingFacade   Parsing time 75 ms. 
1335       WARN  main            d.u.i.k.n.ParsingFacade   file:/home/runner/work/key/key/key.core/build/resources/main/de/uka/ilkd/key/proof/rules/heap.key took 2 ms to parse. 
1335       WARN  main            d.u.i.k.n.ParsingFacade   Parsing time 77 ms. 
1339       WARN  main            d.u.i.k.n.ParsingFacade   file:/home/runner/work/key/key/key.core/build/resources/main/de/uka/ilkd/key/proof/rules/locSets.key took 0 ms to parse. 
1340       WARN  main            d.u.i.k.n.ParsingFacade   Parsing time 77 ms. 
1341       WARN  main            d.u.i.k.n.ParsingFacade   file:/home/runner/work/key/key/key.core/build/resources/main/de/uka/ilkd/key/proof/rules/permission.key took 1 ms to parse. 
1341       WARN  main            d.u.i.k.n.ParsingFacade   Parsing time 78 ms. 
1342       WARN  main            d.u.i.k.n.ParsingFacade   file:/home/runner/work/key/key/key.core/build/resources/main/de/uka/ilkd/key/proof/rules/reach.key took 0 ms to parse. 
1343       WARN  main            d.u.i.k.n.ParsingFacade   Parsing time 78 ms. 
1343       WARN  main            d.u.i.k.n.ParsingFacade   file:/home/runner/work/key/key/key.core/build/resources/main/de/uka/ilkd/key/proof/rules/seq.key took 0 ms to parse. 
1344       WARN  main            d.u.i.k.n.ParsingFacade   Parsing time 78 ms. 
1390       WARN  main            d.u.i.k.n.ParsingFacade   file:/home/runner/work/key/key/key.core/build/resources/main/de/uka/ilkd/key/proof/rules/map.key took 45 ms to parse. 
1392       WARN  main            d.u.i.k.n.ParsingFacade   Parsing time 123 ms. 
1396       WARN  main            d.u.i.k.n.ParsingFacade   file:/home/runner/work/key/key/key.core/build/resources/main/de/uka/ilkd/key/proof/rules/freeADT.key took 0 ms to parse. 
1398       WARN  main            d.u.i.k.n.ParsingFacade   Parsing time 123 ms. 
1402       WARN  main            d.u.i.k.n.ParsingFacade   file:/home/runner/work/key/key/key.core/build/resources/main/de/uka/ilkd/key/proof/rules/wellfound.key took 1 ms to parse. 
1411       WARN  main            d.u.i.k.n.ParsingFacade   Parsing time 124 ms. 
1414       WARN  main            d.u.i.k.n.ParsingFacade   file:/home/runner/work/key/key/key.core/build/resources/main/de/uka/ilkd/key/proof/rules/charListHeader.key took 1 ms to parse. 
1420       WARN  main            d.u.i.k.n.ParsingFacade   Parsing time 125 ms. 
1681       WARN  main            d.u.i.k.n.ParsingFacade   file:/home/runner/work/key/key/key.core/build/resources/main/de/uka/ilkd/key/proof/rules/propRule.key took 5 ms to parse. 
1681       WARN  main            d.u.i.k.n.ParsingFacade   Parsing time 130 ms. 
1712       WARN  main            d.u.i.k.n.ParsingFacade   file:/home/runner/work/key/key/key.core/build/resources/main/de/uka/ilkd/key/proof/rules/firstOrderRules.key took 4 ms to parse. 
1712       WARN  main            d.u.i.k.n.ParsingFacade   Parsing time 134 ms. 
1735       WARN  main            d.u.i.k.n.ParsingFacade   file:/home/runner/work/key/key/key.core/build/resources/main/de/uka/ilkd/key/proof/rules/ifThenElseRules.key took 5 ms to parse. 
1736       WARN  main            d.u.i.k.n.ParsingFacade   Parsing time 139 ms. 
1785       WARN  main            d.u.i.k.n.ParsingFacade   file:/home/runner/work/key/key/key.core/build/resources/main/de/uka/ilkd/key/proof/rules/formulaNormalisationRules.key took 26 ms to parse. 
1786       WARN  main            d.u.i.k.n.ParsingFacade   Parsing time 165 ms. 
2000       WARN  main            d.u.i.k.n.ParsingFacade   file:/home/runner/work/key/key/key.core/build/resources/main/de/uka/ilkd/key/proof/rules/updateRules.key took 6 ms to parse. 
2000       WARN  main            d.u.i.k.n.ParsingFacade   Parsing time 171 ms. 
2023       WARN  main            d.u.i.k.n.ParsingFacade   file:/home/runner/work/key/key/key.core/build/resources/main/de/uka/ilkd/key/proof/rules/integerRulesCommon.key took 2 ms to parse. 
2029       WARN  main            d.u.i.k.n.ParsingFacade   Parsing time 173 ms. 
2261       WARN  main            d.u.i.k.n.ParsingFacade   file:/home/runner/work/key/key/key.core/build/resources/main/de/uka/ilkd/key/proof/rules/intRules.key took 9 ms to parse. 
2262       WARN  main            d.u.i.k.n.ParsingFacade   Parsing time 182 ms. 
2296       WARN  main            d.u.i.k.n.ParsingFacade   file:/home/runner/work/key/key/key.core/build/resources/main/de/uka/ilkd/key/proof/rules/intRulesUncheckedSemantics.key took 3 ms to parse. 
2296       WARN  main            d.u.i.k.n.ParsingFacade   Parsing time 185 ms. 
2309       WARN  main            d.u.i.k.n.ParsingFacade   file:/home/runner/work/key/key/key.core/build/resources/main/de/uka/ilkd/key/proof/rules/intRulesCheckedSemantics.key took 2 ms to parse. 
2309       WARN  main            d.u.i.k.n.ParsingFacade   Parsing time 187 ms. 
2319       WARN  main            d.u.i.k.n.ParsingFacade   file:/home/runner/work/key/key/key.core/build/resources/main/de/uka/ilkd/key/proof/rules/intRulesJavaSemantics.key took 4 ms to parse. 
2319       WARN  main            d.u.i.k.n.ParsingFacade   Parsing time 191 ms. 
2434       WARN  main            d.u.i.k.n.ParsingFacade   file:/home/runner/work/key/key/key.core/build/resources/main/de/uka/ilkd/key/proof/rules/integerSimplificationRules.key took 100 ms to parse. 
2434       WARN  main            d.u.i.k.n.ParsingFacade   Parsing time 291 ms. 
2657       WARN  main            d.u.i.k.n.ParsingFacade   file:/home/runner/work/key/key/key.core/build/resources/main/de/uka/ilkd/key/proof/rules/intDiv.key took 17 ms to parse. 
2659       WARN  main            d.u.i.k.n.ParsingFacade   Parsing time 308 ms. 
2805       WARN  main            d.u.i.k.n.ParsingFacade   file:/home/runner/work/key/key/key.core/build/resources/main/de/uka/ilkd/key/proof/rules/bsum.key took 71 ms to parse. 
2806       WARN  main            d.u.i.k.n.ParsingFacade   Parsing time 379 ms. 
2859       WARN  main            d.u.i.k.n.ParsingFacade   file:/home/runner/work/key/key/key.core/build/resources/main/de/uka/ilkd/key/proof/rules/bprod.key took 7 ms to parse. 
2859       WARN  main            d.u.i.k.n.ParsingFacade   Parsing time 386 ms. 
2883       WARN  main            d.u.i.k.n.ParsingFacade   file:/home/runner/work/key/key/key.core/build/resources/main/de/uka/ilkd/key/proof/rules/binaryAxioms.key took 1 ms to parse. 
2884       WARN  main            d.u.i.k.n.ParsingFacade   Parsing time 387 ms. 
2901       WARN  main            d.u.i.k.n.ParsingFacade   file:/home/runner/work/key/key/key.core/build/resources/main/de/uka/ilkd/key/proof/rules/binaryLemmas.key took 5 ms to parse. 
2902       WARN  main            d.u.i.k.n.ParsingFacade   Parsing time 392 ms. 
2923       WARN  main            d.u.i.k.n.ParsingFacade   file:/home/runner/work/key/key/key.core/build/resources/main/de/uka/ilkd/key/proof/rules/intPow.key took 6 ms to parse. 
2923       WARN  main            d.u.i.k.n.ParsingFacade   Parsing time 398 ms. 
2958       WARN  main            d.u.i.k.n.ParsingFacade   file:/home/runner/work/key/key/key.core/build/resources/main/de/uka/ilkd/key/proof/rules/floatRulesCommon.key took 18 ms to parse. 
2959       WARN  main            d.u.i.k.n.ParsingFacade   Parsing time 416 ms. 
2987       WARN  main            d.u.i.k.n.ParsingFacade   file:/home/runner/work/key/key/key.core/build/resources/main/de/uka/ilkd/key/proof/rules/floatRules.key took 0 ms to parse. 
2988       WARN  main            d.u.i.k.n.ParsingFacade   Parsing time 416 ms. 
2990       WARN  main            d.u.i.k.n.ParsingFacade   file:/home/runner/work/key/key/key.core/build/resources/main/de/uka/ilkd/key/proof/rules/floatRulesVerifyNormal.key took 0 ms to parse. 
2992       WARN  main            d.u.i.k.n.ParsingFacade   Parsing time 416 ms. 
2998       WARN  main            d.u.i.k.n.ParsingFacade   file:/home/runner/work/key/key/key.core/build/resources/main/de/uka/ilkd/key/proof/rules/floatRulesAssumeStrictfp.key took 5 ms to parse. 
2999       WARN  main            d.u.i.k.n.ParsingFacade   Parsing time 421 ms. 
3069       WARN  main            d.u.i.k.n.ParsingFacade   file:/home/runner/work/key/key/key.core/build/resources/main/de/uka/ilkd/key/proof/rules/genericRules.key took 11 ms to parse. 
3069       WARN  main            d.u.i.k.n.ParsingFacade   Parsing time 432 ms. 
3088       WARN  main            d.u.i.k.n.ParsingFacade   file:/home/runner/work/key/key/key.core/build/resources/main/de/uka/ilkd/key/proof/rules/booleanRules.key took 1 ms to parse. 
3089       WARN  main            d.u.i.k.n.ParsingFacade   Parsing time 433 ms. 
3095       WARN  main            d.u.i.k.n.ParsingFacade   file:/home/runner/work/key/key/key.core/build/resources/main/de/uka/ilkd/key/proof/rules/epsilon.key took 2 ms to parse. 
3095       WARN  main            d.u.i.k.n.ParsingFacade   Parsing time 435 ms. 
3154       WARN  main            d.u.i.k.n.ParsingFacade   file:/home/runner/work/key/key/key.core/build/resources/main/de/uka/ilkd/key/proof/rules/locSetsRules.key took 54 ms to parse. 
3154       WARN  main            d.u.i.k.n.ParsingFacade   Parsing time 489 ms. 
3220       WARN  main            d.u.i.k.n.ParsingFacade   file:/home/runner/work/key/key/key.core/build/resources/main/de/uka/ilkd/key/proof/rules/heapRules.key took 18 ms to parse. 
3221       WARN  main            d.u.i.k.n.ParsingFacade   Parsing time 507 ms. 
3275       WARN  main            d.u.i.k.n.ParsingFacade   file:/home/runner/work/key/key/key.core/build/resources/main/de/uka/ilkd/key/proof/rules/permissionRules.key took 7 ms to parse. 
3276       WARN  main            d.u.i.k.n.ParsingFacade   Parsing time 514 ms. 
3300       WARN  main            d.u.i.k.n.ParsingFacade   file:/home/runner/work/key/key/key.core/build/resources/main/de/uka/ilkd/key/proof/rules/reachRules.key took 7 ms to parse. 
3301       WARN  main            d.u.i.k.n.ParsingFacade   Parsing time 521 ms. 
3351       WARN  main            d.u.i.k.n.ParsingFacade   file:/home/runner/work/key/key/key.core/build/resources/main/de/uka/ilkd/key/proof/rules/seqCoreRules.key took 0 ms to parse. 
3352       WARN  main            d.u.i.k.n.ParsingFacade   Parsing time 521 ms. 
3369       WARN  main            d.u.i.k.n.ParsingFacade   file:/home/runner/work/key/key/key.core/build/resources/main/de/uka/ilkd/key/proof/rules/seqRules.key took 12 ms to parse. 
3371       WARN  main            d.u.i.k.n.ParsingFacade   Parsing time 533 ms. 
3450       WARN  main            d.u.i.k.n.ParsingFacade   file:/home/runner/work/key/key/key.core/build/resources/main/de/uka/ilkd/key/proof/rules/seqPerm.key took 10 ms to parse. 
3451       WARN  main            d.u.i.k.n.ParsingFacade   Parsing time 543 ms. 
3476       WARN  main            d.u.i.k.n.ParsingFacade   file:/home/runner/work/key/key/key.core/build/resources/main/de/uka/ilkd/key/proof/rules/seqPerm2.key took 1 ms to parse. 
3477       WARN  main            d.u.i.k.n.ParsingFacade   Parsing time 544 ms. 
3556       WARN  main            d.u.i.k.n.ParsingFacade   file:/home/runner/work/key/key/key.core/build/resources/main/de/uka/ilkd/key/proof/rules/javaRules.key took 69 ms to parse. 
3556       WARN  main            d.u.i.k.n.ParsingFacade   Parsing time 613 ms. 
3565       WARN  main            d.u.i.k.n.ParsingFacade   file:/home/runner/work/key/key/key.core/build/resources/main/de/uka/ilkd/key/proof/rules/assertions.key took 1 ms to parse. 
3566       WARN  main            d.u.i.k.n.ParsingFacade   Parsing time 614 ms. 
4480       WARN  main            d.u.i.k.n.ParsingFacade   file:/home/runner/work/key/key/key.core/build/resources/main/de/uka/ilkd/key/proof/rules/loopRules.key took 2 ms to parse. 
4480       WARN  main            d.u.i.k.n.ParsingFacade   Parsing time 616 ms. 
4493       WARN  main            d.u.i.k.n.ParsingFacade   file:/home/runner/work/key/key/key.core/build/resources/main/de/uka/ilkd/key/proof/rules/activeUse.key took 3 ms to parse. 
4493       WARN  main            d.u.i.k.n.ParsingFacade   Parsing time 619 ms. 
4562       WARN  main            d.u.i.k.n.ParsingFacade   file:/home/runner/work/key/key/key.core/build/resources/main/de/uka/ilkd/key/proof/rules/instanceAllocation.key took 4 ms to parse. 
4562       WARN  main            d.u.i.k.n.ParsingFacade   Parsing time 623 ms. 
4577       WARN  main            d.u.i.k.n.ParsingFacade   file:/home/runner/work/key/key/key.core/build/resources/main/de/uka/ilkd/key/proof/rules/java5.key took 1 ms to parse. 
4577       WARN  main            d.u.i.k.n.ParsingFacade   Parsing time 624 ms. 
4584       WARN  main            d.u.i.k.n.ParsingFacade   file:/home/runner/work/key/key/key.core/build/resources/main/de/uka/ilkd/key/proof/rules/integerAssignment2UpdateRules.key took 3 ms to parse. 
4584       WARN  main            d.u.i.k.n.ParsingFacade   Parsing time 627 ms. 
4638       WARN  main            d.u.i.k.n.ParsingFacade   file:/home/runner/work/key/key/key.core/build/resources/main/de/uka/ilkd/key/proof/rules/floatAssignment2UpdateRules.key took 10 ms to parse. 
4640       WARN  main            d.u.i.k.n.ParsingFacade   Parsing time 637 ms. 
4708       WARN  main            d.u.i.k.n.ParsingFacade   file:/home/runner/work/key/key/key.core/build/resources/main/de/uka/ilkd/key/proof/rules/bigint.key took 4 ms to parse. 
4709       WARN  main            d.u.i.k.n.ParsingFacade   Parsing time 641 ms. 
4754       WARN  main            d.u.i.k.n.ParsingFacade   file:/home/runner/work/key/key/key.core/build/resources/main/de/uka/ilkd/key/proof/rules/adtProgramDecompositionRules.key took 4 ms to parse. 
4755       WARN  main            d.u.i.k.n.ParsingFacade   Parsing time 645 ms. 
4805       WARN  main            d.u.i.k.n.ParsingFacade   file:/home/runner/work/key/key/key.core/build/resources/main/de/uka/ilkd/key/proof/rules/precRules.key took 8 ms to parse. 
4807       WARN  main            d.u.i.k.n.ParsingFacade   Parsing time 653 ms. 
4823       WARN  main            d.u.i.k.n.ParsingFacade   file:/home/runner/work/key/key/key.core/build/resources/main/de/uka/ilkd/key/proof/rules/charListRules.key took 5 ms to parse. 
4825       WARN  main            d.u.i.k.n.ParsingFacade   Parsing time 658 ms. 
4848       WARN  main            d.u.i.k.n.ParsingFacade   file:/home/runner/work/key/key/key.core/build/resources/main/de/uka/ilkd/key/proof/rules/regExTheory.key took 0 ms to parse. 
4850       WARN  main            d.u.i.k.n.ParsingFacade   Parsing time 658 ms. 
4861       WARN  main            d.u.i.k.n.ParsingFacade   file:/home/runner/work/key/key/key.core/build/resources/main/de/uka/ilkd/key/proof/rules/regExHeader.key took 1 ms to parse. 
4862       WARN  main            d.u.i.k.n.ParsingFacade   Parsing time 659 ms. 
4867       WARN  main            d.u.i.k.n.ParsingFacade   file:/home/runner/work/key/key/key.core/build/resources/main/de/uka/ilkd/key/proof/rules/regExAxioms.key took 2 ms to parse. 
4868       WARN  main            d.u.i.k.n.ParsingFacade   Parsing time 661 ms. 
4877       WARN  main            d.u.i.k.n.ParsingFacade   file:/home/runner/work/key/key/key.core/build/resources/main/de/uka/ilkd/key/proof/rules/regExLemmaProven.key took 2 ms to parse. 
4878       WARN  main            d.u.i.k.n.ParsingFacade   Parsing time 663 ms. 
4886       WARN  main            d.u.i.k.n.ParsingFacade   file:/home/runner/work/key/key/key.core/build/resources/main/de/uka/ilkd/key/proof/rules/seqEq.key took 1 ms to parse. 
4887       WARN  main            d.u.i.k.n.ParsingFacade   Parsing time 664 ms. 
4893       WARN  main            d.u.i.k.n.ParsingFacade   file:/home/runner/work/key/key/key.core/build/resources/main/de/uka/ilkd/key/proof/rules/infFlow.key took 1 ms to parse. 
4893       WARN  main            d.u.i.k.n.ParsingFacade   Parsing time 665 ms. 
4898       WARN  main            d.u.i.k.n.ParsingFacade   file:/home/runner/work/key/key/key.core/build/resources/main/de/uka/ilkd/key/proof/rules/mapSize.key took 1 ms to parse. 
4898       WARN  main            d.u.i.k.n.ParsingFacade   Parsing time 666 ms. 
4901       WARN  main            d.u.i.k.n.ParsingFacade   file:/home/runner/work/key/key/key.core/build/resources/main/de/uka/ilkd/key/proof/rules/wd.key took 0 ms to parse. 
4901       WARN  main            d.u.i.k.n.ParsingFacade   Parsing time 666 ms. 
4904       WARN  main            d.u.i.k.n.ParsingFacade   file:/home/runner/work/key/key/key.core/build/resources/main/de/uka/ilkd/key/proof/rules/wdHeader.key took 1 ms to parse. 
4904       WARN  main            d.u.i.k.n.ParsingFacade   Parsing time 667 ms. 
4906       WARN  main            d.u.i.k.n.ParsingFacade   file:/home/runner/work/key/key/key.core/build/resources/main/de/uka/ilkd/key/proof/rules/wdGeneralRules.key took 1 ms to parse. 
4906       WARN  main            d.u.i.k.n.ParsingFacade   Parsing time 668 ms. 
4916       WARN  main            d.u.i.k.n.ParsingFacade   file:/home/runner/work/key/key/key.core/build/resources/main/de/uka/ilkd/key/proof/rules/wdNumericalRules.key took 5 ms to parse. 
4916       WARN  main            d.u.i.k.n.ParsingFacade   Parsing time 673 ms. 
4970       WARN  main            d.u.i.k.n.ParsingFacade   file:/home/runner/work/key/key/key.core/build/resources/main/de/uka/ilkd/key/proof/rules/wdLocSetRules.key took 1 ms to parse. 
4971       WARN  main            d.u.i.k.n.ParsingFacade   Parsing time 674 ms. 
4977       WARN  main            d.u.i.k.n.ParsingFacade   file:/home/runner/work/key/key/key.core/build/resources/main/de/uka/ilkd/key/proof/rules/wdHeapRules.key took 2 ms to parse. 
4977       WARN  main            d.u.i.k.n.ParsingFacade   Parsing time 676 ms. 
4981       WARN  main            d.u.i.k.n.ParsingFacade   file:/home/runner/work/key/key/key.core/build/resources/main/de/uka/ilkd/key/proof/rules/wdReachRules.key took 0 ms to parse. 
4981       WARN  main            d.u.i.k.n.ParsingFacade   Parsing time 676 ms. 
4984       WARN  main            d.u.i.k.n.ParsingFacade   file:/home/runner/work/key/key/key.core/build/resources/main/de/uka/ilkd/key/proof/rules/wdSeqRules.key took 1 ms to parse. 
4984       WARN  main            d.u.i.k.n.ParsingFacade   Parsing time 677 ms. 
4988       WARN  main            d.u.i.k.n.ParsingFacade   file:/home/runner/work/key/key/key.core/build/resources/main/de/uka/ilkd/key/proof/rules/wdStringRules.key took 1 ms to parse. 
4988       WARN  main            d.u.i.k.n.ParsingFacade   Parsing time 678 ms. 
4991       WARN  main            d.u.i.k.n.ParsingFacade   file:/home/runner/work/key/key/key.core/build/resources/main/de/uka/ilkd/key/proof/rules/wdRegExRules.key took 0 ms to parse. 
4992       WARN  main            d.u.i.k.n.ParsingFacade   Parsing time 678 ms. 
4996       WARN  main            d.u.i.k.n.ParsingFacade   file:/home/runner/work/key/key/key.core/build/resources/main/de/uka/ilkd/key/proof/rules/wdFormulaRules.key took 2 ms to parse. 
4997       WARN  main            d.u.i.k.n.ParsingFacade   Parsing time 680 ms. 
5011       WARN  main            d.u.i.k.n.ParsingFacade   file:/home/runner/work/key/key/key.core/build/resources/main/de/uka/ilkd/key/proof/rules/loopInvariantRules.key took 1 ms to parse. 
5011       WARN  main            d.u.i.k.n.ParsingFacade   Parsing time 681 ms. 
5013       WARN  main            d.u.i.k.n.ParsingFacade   file:/home/runner/work/key/key/key.core/build/resources/main/de/uka/ilkd/key/proof/rules/forLoopRules.key took 0 ms to parse. 
5013       WARN  main            d.u.i.k.n.ParsingFacade   Parsing time 681 ms. 
5018       WARN  main            d.u.i.k.n.ParsingFacade   file:/home/runner/work/key/key/key.core/build/resources/main/de/uka/ilkd/key/proof/rules/execRules.key took 3 ms to parse. 
5018       WARN  main            d.u.i.k.n.ParsingFacade   Parsing time 684 ms. 
5092       WARN  main            d.u.i.k.n.ParsingFacade   file:/home/runner/work/key/key/key.core/build/resources/main/de/uka/ilkd/key/proof/rules/loopScopeRules.key took 2 ms to parse. 
5092       WARN  main            d.u.i.k.n.ParsingFacade   Parsing time 686 ms. 
9890       WARN  main            d.u.i.k.n.ParsingFacade   file:/home/runner/work/key/key/key.core/build/resources/main/de/uka/ilkd/key/java/JavaRedux/java/lang/String.key took 6 ms to parse. 
9891       WARN  main            d.u.i.k.n.ParsingFacade   Parsing time 692 ms. 
14205      WARN  main            d.u.i.k.n.ParsingFacade   /home/runner/work/key/key/key.core/../key.ui/examples/InformationFlow/ToyBanking/banking_example.UserAccount(banking_example.UserAccount__getBankAccount(int)).Non-interference contract.0.m.key took 0 ms to parse. 
14205      WARN  main            d.u.i.k.n.ParsingFacade   Parsing time 692 ms. 
21538      INFO  main            d.u.i.k.p.r.p.TestFile    ... finished proof: closed. 
21884      INFO  main            d.u.i.k.p.r.p.TestFile    Now processing file /home/runner/work/key/key/key.core/../key.ui/examples/InformationFlow/ToyBanking/banking_example.UserAccount(banking_example.UserAccount__tryLogin(int,(C)).Non-interference contract.0.m.key 
21887      WARN  main            d.u.i.k.n.ParsingFacade   /home/runner/work/key/key/key.core/../key.ui/examples/InformationFlow/ToyBanking/banking_example.UserAccount(banking_example.UserAccount__tryLogin(int,(C)).Non-interference contract.0.m.key took 1 ms to parse. 
21888      WARN  main            d.u.i.k.n.ParsingFacade   Parsing time 693 ms. 
23686      WARN  main            d.u.i.k.n.ParsingFacade   file:/home/runner/work/key/key/key.core/build/resources/main/de/uka/ilkd/key/java/JavaRedux/java/lang/String.key took 2 ms to parse. 
23686      WARN  main            d.u.i.k.n.ParsingFacade   Parsing time 695 ms. 
26974      WARN  main            d.u.i.k.n.ParsingFacade   /home/runner/work/key/key/key.core/../key.ui/examples/InformationFlow/ToyBanking/banking_example.UserAccount(banking_example.UserAccount__tryLogin(int,(C)).Non-interference contract.0.m.key took 0 ms to parse. 
26974      WARN  main            d.u.i.k.n.ParsingFacade   Parsing time 695 ms. 
107183     INFO  main            d.u.i.k.p.r.p.TestFile    ... finished proof: closed. 
107691     INFO  main            d.u.i.k.p.r.p.TestFile    Now processing file /home/runner/work/key/key/key.core/../key.ui/examples/InformationFlow/ToyBanking/banking_example.BankAccount(banking_example.BankAccount__depositMoney(int)).Non-interference contract.0.m.key 
107692     WARN  main            d.u.i.k.n.ParsingFacade   /home/runner/work/key/key/key.core/../key.ui/examples/InformationFlow/ToyBanking/banking_example.BankAccount(banking_example.BankAccount__depositMoney(int)).Non-interference contract.0.m.key took 0 ms to parse. 
107692     WARN  main            d.u.i.k.n.ParsingFacade   Parsing time 695 ms. 
109070     WARN  main            d.u.i.k.n.ParsingFacade   file:/home/runner/work/key/key/key.core/build/resources/main/de/uka/ilkd/key/java/JavaRedux/java/lang/String.key took 1 ms to parse. 
109071     WARN  main            d.u.i.k.n.ParsingFacade   Parsing time 696 ms. 
112057     WARN  main            d.u.i.k.n.ParsingFacade   /home/runner/work/key/key/key.core/../key.ui/examples/InformationFlow/ToyBanking/banking_example.BankAccount(banking_example.BankAccount__depositMoney(int)).Non-interference contract.0.m.key took 0 ms to parse. 
112058     WARN  main            d.u.i.k.n.ParsingFacade   Parsing time 696 ms. 
112955     INFO  main            d.u.i.k.p.r.p.TestFile    ... finished proof: closed. 
113327     INFO  main            d.u.i.k.p.r.p.TestFile    Now processing file /home/runner/work/key/key/key.core/../key.ui/examples/InformationFlow/ToyBanking/banking_example.BankAccount(banking_example.BankAccount__getBalance()).Non-interference contract.0.m.key 
113328     WARN  main            d.u.i.k.n.ParsingFacade   /home/runner/work/key/key/key.core/../key.ui/examples/InformationFlow/ToyBanking/banking_example.BankAccount(banking_example.BankAccount__getBalance()).Non-interference contract.0.m.key took 1 ms to parse. 
113328     WARN  main            d.u.i.k.n.ParsingFacade   Parsing time 697 ms. 
114680     WARN  main            d.u.i.k.n.ParsingFacade   file:/home/runner/work/key/key/key.core/build/resources/main/de/uka/ilkd/key/java/JavaRedux/java/lang/String.key took 2 ms to parse. 
114681     WARN  main            d.u.i.k.n.ParsingFacade   Parsing time 699 ms. 
117419     WARN  main            d.u.i.k.n.ParsingFacade   /home/runner/work/key/key/key.core/../key.ui/examples/InformationFlow/ToyBanking/banking_example.BankAccount(banking_example.BankAccount__getBalance()).Non-interference contract.0.m.key took 0 ms to parse. 
117419     WARN  main            d.u.i.k.n.ParsingFacade   Parsing time 699 ms. 
117634     INFO  main            d.u.i.k.p.r.p.TestFile    ... finished proof: closed. 
117892     INFO  main            d.u.i.k.p.r.p.TestFile    Now processing file /home/runner/work/key/key/key.core/../key.ui/examples/InformationFlow/ToyBanking/banking_example.BankAccount(banking_example.BankAccount__getId()).Non-interference contract.0.m.key 
117892     WARN  main            d.u.i.k.n.ParsingFacade   /home/runner/work/key/key/key.core/../key.ui/examples/InformationFlow/ToyBanking/banking_example.BankAccount(banking_example.BankAccount__getId()).Non-interference contract.0.m.key took 0 ms to parse. 
117892     WARN  main            d.u.i.k.n.ParsingFacade   Parsing time 699 ms. 
119404     WARN  main            d.u.i.k.n.ParsingFacade   file:/home/runner/work/key/key/key.core/build/resources/main/de/uka/ilkd/key/java/JavaRedux/java/lang/String.key took 3 ms to parse. 
119406     WARN  main            d.u.i.k.n.ParsingFacade   Parsing time 702 ms. 
122311     WARN  main            d.u.i.k.n.ParsingFacade   /home/runner/work/key/key/key.core/../key.ui/examples/InformationFlow/ToyBanking/banking_example.BankAccount(banking_example.BankAccount__getId()).Non-interference contract.0.m.key took 0 ms to parse. 
122311     WARN  main            d.u.i.k.n.ParsingFacade   Parsing time 702 ms. 
122569     INFO  main            d.u.i.k.p.r.p.TestFile    ... finished proof: closed. 
122829     INFO  main            d.u.i.k.p.r.p.TestFile    Now processing file /home/runner/work/key/key/key.core/../key.ui/examples/InformationFlow/ToyBanking/banking_example.Bank(banking_example.Bank__login(int,(C)).Non-interference contract.0.m.key 
122830     WARN  main            d.u.i.k.n.ParsingFacade   /home/runner/work/key/key/key.core/../key.ui/examples/InformationFlow/ToyBanking/banking_example.Bank(banking_example.Bank__login(int,(C)).Non-interference contract.0.m.key took 0 ms to parse. 
122830     WARN  main            d.u.i.k.n.ParsingFacade   Parsing time 702 ms. 
124297     WARN  main            d.u.i.k.n.ParsingFacade   file:/home/runner/work/key/key/key.core/build/resources/main/de/uka/ilkd/key/java/JavaRedux/java/lang/String.key took 1 ms to parse. 
124297     WARN  main            d.u.i.k.n.ParsingFacade   Parsing time 703 ms. 
127285     WARN  main            d.u.i.k.n.ParsingFacade   /home/runner/work/key/key/key.core/../key.ui/examples/InformationFlow/ToyBanking/banking_example.Bank(banking_example.Bank__login(int,(C)).Non-interference contract.0.m.key took 0 ms to parse. 
127285     WARN  main            d.u.i.k.n.ParsingFacade   Parsing time 703 ms. 
348136     INFO  main            d.u.i.k.p.r.p.TestFile    ... finished proof: open goal(s) 
348562     INFO  main            d.u.i.k.p.r.p.TestFile    Now processing file /home/runner/work/key/key/key.core/../key.ui/examples/InformationFlow/ToyBanking/banking_example2.UserAccount(banking_example2.UserAccount__getBankAccount(int)).Non-interference contract.0.m.key 
348563     WARN  main            d.u.i.k.n.ParsingFacade   /home/runner/work/key/key/key.core/../key.ui/examples/InformationFlow/ToyBanking/banking_example2.UserAccount(banking_example2.UserAccount__getBankAccount(int)).Non-interference contract.0.m.key took 0 ms to parse. 
348563     WARN  main            d.u.i.k.n.ParsingFacade   Parsing time 703 ms. 
349622     WARN  main            d.u.i.k.n.ParsingFacade   file:/home/runner/work/key/key/key.core/build/resources/main/de/uka/ilkd/key/java/JavaRedux/java/lang/String.key took 1 ms to parse. 
349622     WARN  main            d.u.i.k.n.ParsingFacade   Parsing time 704 ms. 
351405     WARN  main            d.u.i.k.n.ParsingFacade   /home/runner/work/key/key/key.core/../key.ui/examples/InformationFlow/ToyBanking/banking_example2.UserAccount(banking_example2.UserAccount__getBankAccount(int)).Non-interference contract.0.m.key took 0 ms to parse. 
351405     WARN  main            d.u.i.k.n.ParsingFacade   Parsing time 704 ms. 
353248     INFO  main            d.u.i.k.p.r.p.TestFile    ... finished proof: closed. 
353681     INFO  main            d.u.i.k.p.r.p.TestFile    Now processing file /home/runner/work/key/key/key.core/../key.ui/examples/InformationFlow/ToyBanking/banking_example2.UserAccount(banking_example2.UserAccount__tryLogin(int,(C)).Non-interference contract.0.m.key 
353682     WARN  main            d.u.i.k.n.ParsingFacade   /home/runner/work/key/key/key.core/../key.ui/examples/InformationFlow/ToyBanking/banking_example2.UserAccount(banking_example2.UserAccount__tryLogin(int,(C)).Non-interference contract.0.m.key took 0 ms to parse. 
353682     WARN  main            d.u.i.k.n.ParsingFacade   Parsing time 704 ms. 
354609     WARN  main            d.u.i.k.n.ParsingFacade   file:/home/runner/work/key/key/key.core/build/resources/main/de/uka/ilkd/key/java/JavaRedux/java/lang/String.key took 1 ms to parse. 
354609     WARN  main            d.u.i.k.n.ParsingFacade   Parsing time 705 ms. 
356414     WARN  main            d.u.i.k.n.ParsingFacade   /home/runner/work/key/key/key.core/../key.ui/examples/InformationFlow/ToyBanking/banking_example2.UserAccount(banking_example2.UserAccount__tryLogin(int,(C)).Non-interference contract.0.m.key took 0 ms to parse. 
356415     WARN  main            d.u.i.k.n.ParsingFacade   Parsing time 705 ms. 
369563     INFO  main            d.u.i.k.p.r.p.TestFile    ... finished proof: closed. 
369866     INFO  main            d.u.i.k.p.r.p.TestFile    Now processing file /home/runner/work/key/key/key.core/../key.ui/examples/InformationFlow/ToyBanking/banking_example2.BankAccount(banking_example2.BankAccount__depositMoney(int)).Non-interference contract.0.m.key 
369866     WARN  main            d.u.i.k.n.ParsingFacade   /home/runner/work/key/key/key.core/../key.ui/examples/InformationFlow/ToyBanking/banking_example2.BankAccount(banking_example2.BankAccount__depositMoney(int)).Non-interference contract.0.m.key took 0 ms to parse. 
369866     WARN  main            d.u.i.k.n.ParsingFacade   Parsing time 705 ms. 
370872     WARN  main            d.u.i.k.n.ParsingFacade   file:/home/runner/work/key/key/key.core/build/resources/main/de/uka/ilkd/key/java/JavaRedux/java/lang/String.key took 1 ms to parse. 
370872     WARN  main            d.u.i.k.n.ParsingFacade   Parsing time 706 ms. 
372778     WARN  main            d.u.i.k.n.ParsingFacade   /home/runner/work/key/key/key.core/../key.ui/examples/InformationFlow/ToyBanking/banking_example2.BankAccount(banking_example2.BankAccount__depositMoney(int)).Non-interference contract.0.m.key took 0 ms to parse. 
372778     WARN  main            d.u.i.k.n.ParsingFacade   Parsing time 706 ms. 
373346     INFO  main            d.u.i.k.p.r.p.TestFile    ... finished proof: closed. 
373611     INFO  main            d.u.i.k.p.r.p.TestFile    Now processing file /home/runner/work/key/key/key.core/../key.ui/examples/InformationFlow/ToyBanking/banking_example2.BankAccount(banking_example2.BankAccount__getBalance()).Non-interference contract.0.m.key 
373612     WARN  main            d.u.i.k.n.ParsingFacade   /home/runner/work/key/key/key.core/../key.ui/examples/InformationFlow/ToyBanking/banking_example2.BankAccount(banking_example2.BankAccount__getBalance()).Non-interference contract.0.m.key took 0 ms to parse. 
373612     WARN  main            d.u.i.k.n.ParsingFacade   Parsing time 706 ms. 
374583     WARN  main            d.u.i.k.n.ParsingFacade   file:/home/runner/work/key/key/key.core/build/resources/main/de/uka/ilkd/key/java/JavaRedux/java/lang/String.key took 1 ms to parse. 
374583     WARN  main            d.u.i.k.n.ParsingFacade   Parsing time 707 ms. 
376514     WARN  main            d.u.i.k.n.ParsingFacade   /home/runner/work/key/key/key.core/../key.ui/examples/InformationFlow/ToyBanking/banking_example2.BankAccount(banking_example2.BankAccount__getBalance()).Non-interference contract.0.m.key took 0 ms to parse. 
376514     WARN  main            d.u.i.k.n.ParsingFacade   Parsing time 707 ms. 
376652     INFO  main            d.u.i.k.p.r.p.TestFile    ... finished proof: closed. 
376837     INFO  main            d.u.i.k.p.r.p.TestFile    Now processing file /home/runner/work/key/key/key.core/../key.ui/examples/InformationFlow/ToyBanking/banking_example2.BankAccount(banking_example2.BankAccount__getId()).Non-interference contract.0.m.key 
376838     WARN  main            d.u.i.k.n.ParsingFacade   /home/runner/work/key/key/key.core/../key.ui/examples/InformationFlow/ToyBanking/banking_example2.BankAccount(banking_example2.BankAccount__getId()).Non-interference contract.0.m.key took 0 ms to parse. 
376838     WARN  main            d.u.i.k.n.ParsingFacade   Parsing time 707 ms. 
377827     WARN  main            d.u.i.k.n.ParsingFacade   file:/home/runner/work/key/key/key.core/build/resources/main/de/uka/ilkd/key/java/JavaRedux/java/lang/String.key took 1 ms to parse. 
377827     WARN  main            d.u.i.k.n.ParsingFacade   Parsing time 708 ms. 
379767     WARN  main            d.u.i.k.n.ParsingFacade   /home/runner/work/key/key/key.core/../key.ui/examples/InformationFlow/ToyBanking/banking_example2.BankAccount(banking_example2.BankAccount__getId()).Non-interference contract.0.m.key took 0 ms to parse. 
379767     WARN  main            d.u.i.k.n.ParsingFacade   Parsing time 708 ms. 
379922     INFO  main            d.u.i.k.p.r.p.TestFile    ... finished proof: closed. 
2481228    INFO  Test worker     d.u.i.k.p.r.RunAllProofsTestUnit Returning from test ToyBanking_fullmacro 
2481229    INFO  Test worker     d.u.i.k.p.r.RunAllProofsTestUnit Running test BlockContracts_fullmacro 
362        INFO  Timeout watchdog d.u.i.k.p.r.p.ForkedTestFileRunner Timeout watcher launched (1000 secs.) 
368        WARN  main            d.u.i.k.s.ProofSettings   The settings in /home/runner/.key/proof-settings.props are *not* read. 
397        INFO  main            d.u.i.k.p.r.p.TestFile    Now processing file /home/runner/work/key/key/key.core/../key.ui/examples/InformationFlow/BlockContracts/contract.IFBlockExamples(contract.IFBlockExamples__secure_5()).Non-interference contract.0.m.key 
593        WARN  main            d.u.i.k.n.ParsingFacade   /home/runner/work/key/key/key.core/../key.ui/examples/InformationFlow/BlockContracts/contract.IFBlockExamples(contract.IFBlockExamples__secure_5()).Non-interference contract.0.m.key took 12 ms to parse. 
593        WARN  main            d.u.i.k.n.ParsingFacade   Parsing time 12 ms. 
733        WARN  main            d.u.i.k.n.ParsingFacade   file:/home/runner/work/key/key/key.core/build/resources/main/de/uka/ilkd/key/proof/rules/standardRules.key took 12 ms to parse. 
733        WARN  main            d.u.i.k.n.ParsingFacade   Parsing time 24 ms. 
774        WARN  main            d.u.i.k.n.ParsingFacade   file:/home/runner/work/key/key/key.core/build/resources/main/de/uka/ilkd/key/proof/rules/ldt.key took 5 ms to parse. 
774        WARN  main            d.u.i.k.n.ParsingFacade   Parsing time 29 ms. 
783        WARN  main            d.u.i.k.n.ParsingFacade   file:/home/runner/work/key/key/key.core/build/resources/main/de/uka/ilkd/key/proof/rules/boolean.key took 3 ms to parse. 
783        WARN  main            d.u.i.k.n.ParsingFacade   Parsing time 32 ms. 
815        WARN  main            d.u.i.k.n.ParsingFacade   file:/home/runner/work/key/key/key.core/build/resources/main/de/uka/ilkd/key/proof/rules/ruleSetsDeclarations.key took 12 ms to parse. 
815        WARN  main            d.u.i.k.n.ParsingFacade   Parsing time 44 ms. 
850        WARN  main            d.u.i.k.n.ParsingFacade   file:/home/runner/work/key/key/key.core/build/resources/main/de/uka/ilkd/key/proof/rules/integerHeader.key took 5 ms to parse. 
850        WARN  main            d.u.i.k.n.ParsingFacade   Parsing time 49 ms. 
852        WARN  main            d.u.i.k.n.ParsingFacade   file:/home/runner/work/key/key/key.core/build/resources/main/de/uka/ilkd/key/proof/rules/floatHeader.key took 1 ms to parse. 
852        WARN  main            d.u.i.k.n.ParsingFacade   Parsing time 50 ms. 
858        WARN  main            d.u.i.k.n.ParsingFacade   file:/home/runner/work/key/key/key.core/build/resources/main/de/uka/ilkd/key/proof/rules/heap.key took 1 ms to parse. 
858        WARN  main            d.u.i.k.n.ParsingFacade   Parsing time 51 ms. 
861        WARN  main            d.u.i.k.n.ParsingFacade   file:/home/runner/work/key/key/key.core/build/resources/main/de/uka/ilkd/key/proof/rules/locSets.key took 1 ms to parse. 
861        WARN  main            d.u.i.k.n.ParsingFacade   Parsing time 52 ms. 
861        WARN  main            d.u.i.k.n.ParsingFacade   file:/home/runner/work/key/key/key.core/build/resources/main/de/uka/ilkd/key/proof/rules/permission.key took 0 ms to parse. 
862        WARN  main            d.u.i.k.n.ParsingFacade   Parsing time 52 ms. 
862        WARN  main            d.u.i.k.n.ParsingFacade   file:/home/runner/work/key/key/key.core/build/resources/main/de/uka/ilkd/key/proof/rules/reach.key took 0 ms to parse. 
862        WARN  main            d.u.i.k.n.ParsingFacade   Parsing time 52 ms. 
863        WARN  main            d.u.i.k.n.ParsingFacade   file:/home/runner/work/key/key/key.core/build/resources/main/de/uka/ilkd/key/proof/rules/seq.key took 1 ms to parse. 
863        WARN  main            d.u.i.k.n.ParsingFacade   Parsing time 53 ms. 
917        WARN  main            d.u.i.k.n.ParsingFacade   file:/home/runner/work/key/key/key.core/build/resources/main/de/uka/ilkd/key/proof/rules/map.key took 45 ms to parse. 
918        WARN  main            d.u.i.k.n.ParsingFacade   Parsing time 98 ms. 
919        WARN  main            d.u.i.k.n.ParsingFacade   file:/home/runner/work/key/key/key.core/build/resources/main/de/uka/ilkd/key/proof/rules/freeADT.key took 0 ms to parse. 
923        WARN  main            d.u.i.k.n.ParsingFacade   Parsing time 98 ms. 
924        WARN  main            d.u.i.k.n.ParsingFacade   file:/home/runner/work/key/key/key.core/build/resources/main/de/uka/ilkd/key/proof/rules/wellfound.key took 1 ms to parse. 
924        WARN  main            d.u.i.k.n.ParsingFacade   Parsing time 99 ms. 
924        WARN  main            d.u.i.k.n.ParsingFacade   file:/home/runner/work/key/key/key.core/build/resources/main/de/uka/ilkd/key/proof/rules/charListHeader.key took 0 ms to parse. 
924        WARN  main            d.u.i.k.n.ParsingFacade   Parsing time 99 ms. 
1078       WARN  main            d.u.i.k.n.ParsingFacade   file:/home/runner/work/key/key/key.core/build/resources/main/de/uka/ilkd/key/proof/rules/propRule.key took 5 ms to parse. 
1078       WARN  main            d.u.i.k.n.ParsingFacade   Parsing time 104 ms. 
1120       WARN  main            d.u.i.k.n.ParsingFacade   file:/home/runner/work/key/key/key.core/build/resources/main/de/uka/ilkd/key/proof/rules/firstOrderRules.key took 3 ms to parse. 
1120       WARN  main            d.u.i.k.n.ParsingFacade   Parsing time 107 ms. 
1158       WARN  main            d.u.i.k.n.ParsingFacade   file:/home/runner/work/key/key/key.core/build/resources/main/de/uka/ilkd/key/proof/rules/ifThenElseRules.key took 8 ms to parse. 
1159       WARN  main            d.u.i.k.n.ParsingFacade   Parsing time 115 ms. 
1216       WARN  main            d.u.i.k.n.ParsingFacade   file:/home/runner/work/key/key/key.core/build/resources/main/de/uka/ilkd/key/proof/rules/formulaNormalisationRules.key took 16 ms to parse. 
1216       WARN  main            d.u.i.k.n.ParsingFacade   Parsing time 131 ms. 
1329       WARN  main            d.u.i.k.n.ParsingFacade   file:/home/runner/work/key/key/key.core/build/resources/main/de/uka/ilkd/key/proof/rules/updateRules.key took 7 ms to parse. 
1329       WARN  main            d.u.i.k.n.ParsingFacade   Parsing time 138 ms. 
1355       WARN  main            d.u.i.k.n.ParsingFacade   file:/home/runner/work/key/key/key.core/build/resources/main/de/uka/ilkd/key/proof/rules/integerRulesCommon.key took 3 ms to parse. 
1355       WARN  main            d.u.i.k.n.ParsingFacade   Parsing time 141 ms. 
1448       WARN  main            d.u.i.k.n.ParsingFacade   file:/home/runner/work/key/key/key.core/build/resources/main/de/uka/ilkd/key/proof/rules/intRules.key took 4 ms to parse. 
1449       WARN  main            d.u.i.k.n.ParsingFacade   Parsing time 145 ms. 
1465       WARN  main            d.u.i.k.n.ParsingFacade   file:/home/runner/work/key/key/key.core/build/resources/main/de/uka/ilkd/key/proof/rules/intRulesUncheckedSemantics.key took 5 ms to parse. 
1465       WARN  main            d.u.i.k.n.ParsingFacade   Parsing time 150 ms. 
1478       WARN  main            d.u.i.k.n.ParsingFacade   file:/home/runner/work/key/key/key.core/build/resources/main/de/uka/ilkd/key/proof/rules/intRulesCheckedSemantics.key took 5 ms to parse. 
1478       WARN  main            d.u.i.k.n.ParsingFacade   Parsing time 155 ms. 
1491       WARN  main            d.u.i.k.n.ParsingFacade   file:/home/runner/work/key/key/key.core/build/resources/main/de/uka/ilkd/key/proof/rules/intRulesJavaSemantics.key took 3 ms to parse. 
1491       WARN  main            d.u.i.k.n.ParsingFacade   Parsing time 158 ms. 
1565       WARN  main            d.u.i.k.n.ParsingFacade   file:/home/runner/work/key/key/key.core/build/resources/main/de/uka/ilkd/key/proof/rules/integerSimplificationRules.key took 58 ms to parse. 
1565       WARN  main            d.u.i.k.n.ParsingFacade   Parsing time 216 ms. 
1772       WARN  main            d.u.i.k.n.ParsingFacade   file:/home/runner/work/key/key/key.core/build/resources/main/de/uka/ilkd/key/proof/rules/intDiv.key took 14 ms to parse. 
1772       WARN  main            d.u.i.k.n.ParsingFacade   Parsing time 230 ms. 
1812       WARN  main            d.u.i.k.n.ParsingFacade   file:/home/runner/work/key/key/key.core/build/resources/main/de/uka/ilkd/key/proof/rules/bsum.key took 17 ms to parse. 
1812       WARN  main            d.u.i.k.n.ParsingFacade   Parsing time 247 ms. 
1883       WARN  main            d.u.i.k.n.ParsingFacade   file:/home/runner/work/key/key/key.core/build/resources/main/de/uka/ilkd/key/proof/rules/bprod.key took 3 ms to parse. 
1883       WARN  main            d.u.i.k.n.ParsingFacade   Parsing time 250 ms. 
1897       WARN  main            d.u.i.k.n.ParsingFacade   file:/home/runner/work/key/key/key.core/build/resources/main/de/uka/ilkd/key/proof/rules/binaryAxioms.key took 1 ms to parse. 
1897       WARN  main            d.u.i.k.n.ParsingFacade   Parsing time 251 ms. 
1903       WARN  main            d.u.i.k.n.ParsingFacade   file:/home/runner/work/key/key/key.core/build/resources/main/de/uka/ilkd/key/proof/rules/binaryLemmas.key took 1 ms to parse. 
1904       WARN  main            d.u.i.k.n.ParsingFacade   Parsing time 252 ms. 
1914       WARN  main            d.u.i.k.n.ParsingFacade   file:/home/runner/work/key/key/key.core/build/resources/main/de/uka/ilkd/key/proof/rules/intPow.key took 3 ms to parse. 
1914       WARN  main            d.u.i.k.n.ParsingFacade   Parsing time 255 ms. 
1930       WARN  main            d.u.i.k.n.ParsingFacade   file:/home/runner/work/key/key/key.core/build/resources/main/de/uka/ilkd/key/proof/rules/floatRulesCommon.key took 6 ms to parse. 
1930       WARN  main            d.u.i.k.n.ParsingFacade   Parsing time 261 ms. 
1945       WARN  main            d.u.i.k.n.ParsingFacade   file:/home/runner/work/key/key/key.core/build/resources/main/de/uka/ilkd/key/proof/rules/floatRules.key took 0 ms to parse. 
1945       WARN  main            d.u.i.k.n.ParsingFacade   Parsing time 261 ms. 
1946       WARN  main            d.u.i.k.n.ParsingFacade   file:/home/runner/work/key/key/key.core/build/resources/main/de/uka/ilkd/key/proof/rules/floatRulesVerifyNormal.key took 0 ms to parse. 
1947       WARN  main            d.u.i.k.n.ParsingFacade   Parsing time 261 ms. 
1951       WARN  main            d.u.i.k.n.ParsingFacade   file:/home/runner/work/key/key/key.core/build/resources/main/de/uka/ilkd/key/proof/rules/floatRulesAssumeStrictfp.key took 3 ms to parse. 
1951       WARN  main            d.u.i.k.n.ParsingFacade   Parsing time 264 ms. 
1985       WARN  main            d.u.i.k.n.ParsingFacade   file:/home/runner/work/key/key/key.core/build/resources/main/de/uka/ilkd/key/proof/rules/genericRules.key took 3 ms to parse. 
1985       WARN  main            d.u.i.k.n.ParsingFacade   Parsing time 267 ms. 
1996       WARN  main            d.u.i.k.n.ParsingFacade   file:/home/runner/work/key/key/key.core/build/resources/main/de/uka/ilkd/key/proof/rules/booleanRules.key took 0 ms to parse. 
1996       WARN  main            d.u.i.k.n.ParsingFacade   Parsing time 267 ms. 
2000       WARN  main            d.u.i.k.n.ParsingFacade   file:/home/runner/work/key/key/key.core/build/resources/main/de/uka/ilkd/key/proof/rules/epsilon.key took 1 ms to parse. 
2000       WARN  main            d.u.i.k.n.ParsingFacade   Parsing time 268 ms. 
2012       WARN  main            d.u.i.k.n.ParsingFacade   file:/home/runner/work/key/key/key.core/build/resources/main/de/uka/ilkd/key/proof/rules/locSetsRules.key took 9 ms to parse. 
2012       WARN  main            d.u.i.k.n.ParsingFacade   Parsing time 277 ms. 
2080       WARN  main            d.u.i.k.n.ParsingFacade   file:/home/runner/work/key/key/key.core/build/resources/main/de/uka/ilkd/key/proof/rules/heapRules.key took 38 ms to parse. 
2080       WARN  main            d.u.i.k.n.ParsingFacade   Parsing time 315 ms. 
2113       WARN  main            d.u.i.k.n.ParsingFacade   file:/home/runner/work/key/key/key.core/build/resources/main/de/uka/ilkd/key/proof/rules/permissionRules.key took 4 ms to parse. 
2113       WARN  main            d.u.i.k.n.ParsingFacade   Parsing time 319 ms. 
2126       WARN  main            d.u.i.k.n.ParsingFacade   file:/home/runner/work/key/key/key.core/build/resources/main/de/uka/ilkd/key/proof/rules/reachRules.key took 3 ms to parse. 
2126       WARN  main            d.u.i.k.n.ParsingFacade   Parsing time 322 ms. 
2138       WARN  main            d.u.i.k.n.ParsingFacade   file:/home/runner/work/key/key/key.core/build/resources/main/de/uka/ilkd/key/proof/rules/seqCoreRules.key took 0 ms to parse. 
2138       WARN  main            d.u.i.k.n.ParsingFacade   Parsing time 322 ms. 
2146       WARN  main            d.u.i.k.n.ParsingFacade   file:/home/runner/work/key/key/key.core/build/resources/main/de/uka/ilkd/key/proof/rules/seqRules.key took 6 ms to parse. 
2146       WARN  main            d.u.i.k.n.ParsingFacade   Parsing time 328 ms. 
2176       WARN  main            d.u.i.k.n.ParsingFacade   file:/home/runner/work/key/key/key.core/build/resources/main/de/uka/ilkd/key/proof/rules/seqPerm.key took 4 ms to parse. 
2176       WARN  main            d.u.i.k.n.ParsingFacade   Parsing time 332 ms. 
2216       WARN  main            d.u.i.k.n.ParsingFacade   file:/home/runner/work/key/key/key.core/build/resources/main/de/uka/ilkd/key/proof/rules/seqPerm2.key took 0 ms to parse. 
2216       WARN  main            d.u.i.k.n.ParsingFacade   Parsing time 332 ms. 
2266       WARN  main            d.u.i.k.n.ParsingFacade   file:/home/runner/work/key/key/key.core/build/resources/main/de/uka/ilkd/key/proof/rules/javaRules.key took 44 ms to parse. 
2266       WARN  main            d.u.i.k.n.ParsingFacade   Parsing time 376 ms. 
2273       WARN  main            d.u.i.k.n.ParsingFacade   file:/home/runner/work/key/key/key.core/build/resources/main/de/uka/ilkd/key/proof/rules/assertions.key took 1 ms to parse. 
2273       WARN  main            d.u.i.k.n.ParsingFacade   Parsing time 377 ms. 
2773       WARN  main            d.u.i.k.n.ParsingFacade   file:/home/runner/work/key/key/key.core/build/resources/main/de/uka/ilkd/key/proof/rules/loopRules.key took 1 ms to parse. 
2773       WARN  main            d.u.i.k.n.ParsingFacade   Parsing time 378 ms. 
2794       WARN  main            d.u.i.k.n.ParsingFacade   file:/home/runner/work/key/key/key.core/build/resources/main/de/uka/ilkd/key/proof/rules/activeUse.key took 14 ms to parse. 
2794       WARN  main            d.u.i.k.n.ParsingFacade   Parsing time 392 ms. 
2828       WARN  main            d.u.i.k.n.ParsingFacade   file:/home/runner/work/key/key/key.core/build/resources/main/de/uka/ilkd/key/proof/rules/instanceAllocation.key took 4 ms to parse. 
2828       WARN  main            d.u.i.k.n.ParsingFacade   Parsing time 396 ms. 
2838       WARN  main            d.u.i.k.n.ParsingFacade   file:/home/runner/work/key/key/key.core/build/resources/main/de/uka/ilkd/key/proof/rules/java5.key took 0 ms to parse. 
2838       WARN  main            d.u.i.k.n.ParsingFacade   Parsing time 396 ms. 
2844       WARN  main            d.u.i.k.n.ParsingFacade   file:/home/runner/work/key/key/key.core/build/resources/main/de/uka/ilkd/key/proof/rules/integerAssignment2UpdateRules.key took 3 ms to parse. 
2844       WARN  main            d.u.i.k.n.ParsingFacade   Parsing time 399 ms. 
2871       WARN  main            d.u.i.k.n.ParsingFacade   file:/home/runner/work/key/key/key.core/build/resources/main/de/uka/ilkd/key/proof/rules/floatAssignment2UpdateRules.key took 3 ms to parse. 
2871       WARN  main            d.u.i.k.n.ParsingFacade   Parsing time 402 ms. 
2889       WARN  main            d.u.i.k.n.ParsingFacade   file:/home/runner/work/key/key/key.core/build/resources/main/de/uka/ilkd/key/proof/rules/bigint.key took 2 ms to parse. 
2889       WARN  main            d.u.i.k.n.ParsingFacade   Parsing time 404 ms. 
2899       WARN  main            d.u.i.k.n.ParsingFacade   file:/home/runner/work/key/key/key.core/build/resources/main/de/uka/ilkd/key/proof/rules/adtProgramDecompositionRules.key took 1 ms to parse. 
2899       WARN  main            d.u.i.k.n.ParsingFacade   Parsing time 405 ms. 
2913       WARN  main            d.u.i.k.n.ParsingFacade   file:/home/runner/work/key/key/key.core/build/resources/main/de/uka/ilkd/key/proof/rules/precRules.key took 1 ms to parse. 
2913       WARN  main            d.u.i.k.n.ParsingFacade   Parsing time 406 ms. 
2917       WARN  main            d.u.i.k.n.ParsingFacade   file:/home/runner/work/key/key/key.core/build/resources/main/de/uka/ilkd/key/proof/rules/charListRules.key took 2 ms to parse. 
2917       WARN  main            d.u.i.k.n.ParsingFacade   Parsing time 408 ms. 
2924       WARN  main            d.u.i.k.n.ParsingFacade   file:/home/runner/work/key/key/key.core/build/resources/main/de/uka/ilkd/key/proof/rules/regExTheory.key took 0 ms to parse. 
2924       WARN  main            d.u.i.k.n.ParsingFacade   Parsing time 408 ms. 
2925       WARN  main            d.u.i.k.n.ParsingFacade   file:/home/runner/work/key/key/key.core/build/resources/main/de/uka/ilkd/key/proof/rules/regExHeader.key took 0 ms to parse. 
2925       WARN  main            d.u.i.k.n.ParsingFacade   Parsing time 408 ms. 
2926       WARN  main            d.u.i.k.n.ParsingFacade   file:/home/runner/work/key/key/key.core/build/resources/main/de/uka/ilkd/key/proof/rules/regExAxioms.key took 1 ms to parse. 
2926       WARN  main            d.u.i.k.n.ParsingFacade   Parsing time 409 ms. 
2929       WARN  main            d.u.i.k.n.ParsingFacade   file:/home/runner/work/key/key/key.core/build/resources/main/de/uka/ilkd/key/proof/rules/regExLemmaProven.key took 1 ms to parse. 
2929       WARN  main            d.u.i.k.n.ParsingFacade   Parsing time 410 ms. 
2933       WARN  main            d.u.i.k.n.ParsingFacade   file:/home/runner/work/key/key/key.core/build/resources/main/de/uka/ilkd/key/proof/rules/seqEq.key took 1 ms to parse. 
2933       WARN  main            d.u.i.k.n.ParsingFacade   Parsing time 411 ms. 
2939       WARN  main            d.u.i.k.n.ParsingFacade   file:/home/runner/work/key/key/key.core/build/resources/main/de/uka/ilkd/key/proof/rules/infFlow.key took 1 ms to parse. 
2939       WARN  main            d.u.i.k.n.ParsingFacade   Parsing time 412 ms. 
2942       WARN  main            d.u.i.k.n.ParsingFacade   file:/home/runner/work/key/key/key.core/build/resources/main/de/uka/ilkd/key/proof/rules/mapSize.key took 0 ms to parse. 
2942       WARN  main            d.u.i.k.n.ParsingFacade   Parsing time 412 ms. 
2945       WARN  main            d.u.i.k.n.ParsingFacade   file:/home/runner/work/key/key/key.core/build/resources/main/de/uka/ilkd/key/proof/rules/wd.key took 0 ms to parse. 
2945       WARN  main            d.u.i.k.n.ParsingFacade   Parsing time 412 ms. 
2946       WARN  main            d.u.i.k.n.ParsingFacade   file:/home/runner/work/key/key/key.core/build/resources/main/de/uka/ilkd/key/proof/rules/wdHeader.key took 0 ms to parse. 
2946       WARN  main            d.u.i.k.n.ParsingFacade   Parsing time 412 ms. 
2947       WARN  main            d.u.i.k.n.ParsingFacade   file:/home/runner/work/key/key/key.core/build/resources/main/de/uka/ilkd/key/proof/rules/wdGeneralRules.key took 0 ms to parse. 
2947       WARN  main            d.u.i.k.n.ParsingFacade   Parsing time 412 ms. 
2956       WARN  main            d.u.i.k.n.ParsingFacade   file:/home/runner/work/key/key/key.core/build/resources/main/de/uka/ilkd/key/proof/rules/wdNumericalRules.key took 5 ms to parse. 
2956       WARN  main            d.u.i.k.n.ParsingFacade   Parsing time 417 ms. 
3003       WARN  main            d.u.i.k.n.ParsingFacade   file:/home/runner/work/key/key/key.core/build/resources/main/de/uka/ilkd/key/proof/rules/wdLocSetRules.key took 1 ms to parse. 
3003       WARN  main            d.u.i.k.n.ParsingFacade   Parsing time 418 ms. 
3007       WARN  main            d.u.i.k.n.ParsingFacade   file:/home/runner/work/key/key/key.core/build/resources/main/de/uka/ilkd/key/proof/rules/wdHeapRules.key took 0 ms to parse. 
3007       WARN  main            d.u.i.k.n.ParsingFacade   Parsing time 418 ms. 
3010       WARN  main            d.u.i.k.n.ParsingFacade   file:/home/runner/work/key/key/key.core/build/resources/main/de/uka/ilkd/key/proof/rules/wdReachRules.key took 0 ms to parse. 
3010       WARN  main            d.u.i.k.n.ParsingFacade   Parsing time 418 ms. 
3011       WARN  main            d.u.i.k.n.ParsingFacade   file:/home/runner/work/key/key/key.core/build/resources/main/de/uka/ilkd/key/proof/rules/wdSeqRules.key took 0 ms to parse. 
3011       WARN  main            d.u.i.k.n.ParsingFacade   Parsing time 418 ms. 
3014       WARN  main            d.u.i.k.n.ParsingFacade   file:/home/runner/work/key/key/key.core/build/resources/main/de/uka/ilkd/key/proof/rules/wdStringRules.key took 1 ms to parse. 
3014       WARN  main            d.u.i.k.n.ParsingFacade   Parsing time 419 ms. 
3016       WARN  main            d.u.i.k.n.ParsingFacade   file:/home/runner/work/key/key/key.core/build/resources/main/de/uka/ilkd/key/proof/rules/wdRegExRules.key took 1 ms to parse. 
3016       WARN  main            d.u.i.k.n.ParsingFacade   Parsing time 420 ms. 
3019       WARN  main            d.u.i.k.n.ParsingFacade   file:/home/runner/work/key/key/key.core/build/resources/main/de/uka/ilkd/key/proof/rules/wdFormulaRules.key took 2 ms to parse. 
3019       WARN  main            d.u.i.k.n.ParsingFacade   Parsing time 422 ms. 
3027       WARN  main            d.u.i.k.n.ParsingFacade   file:/home/runner/work/key/key/key.core/build/resources/main/de/uka/ilkd/key/proof/rules/loopInvariantRules.key took 1 ms to parse. 
3027       WARN  main            d.u.i.k.n.ParsingFacade   Parsing time 423 ms. 
3028       WARN  main            d.u.i.k.n.ParsingFacade   file:/home/runner/work/key/key/key.core/build/resources/main/de/uka/ilkd/key/proof/rules/forLoopRules.key took 0 ms to parse. 
3028       WARN  main            d.u.i.k.n.ParsingFacade   Parsing time 423 ms. 
3032       WARN  main            d.u.i.k.n.ParsingFacade   file:/home/runner/work/key/key/key.core/build/resources/main/de/uka/ilkd/key/proof/rules/execRules.key took 2 ms to parse. 
3032       WARN  main            d.u.i.k.n.ParsingFacade   Parsing time 425 ms. 
3093       WARN  main            d.u.i.k.n.ParsingFacade   file:/home/runner/work/key/key/key.core/build/resources/main/de/uka/ilkd/key/proof/rules/loopScopeRules.key took 2 ms to parse. 
3093       WARN  main            d.u.i.k.n.ParsingFacade   Parsing time 427 ms. 
6484       WARN  main            d.u.i.k.n.ParsingFacade   file:/home/runner/work/key/key/key.core/build/resources/main/de/uka/ilkd/key/java/JavaRedux/java/lang/String.key took 4 ms to parse. 
6484       WARN  main            d.u.i.k.n.ParsingFacade   Parsing time 431 ms. 
9183       WARN  main            d.u.i.k.n.ParsingFacade   /home/runner/work/key/key/key.core/../key.ui/examples/InformationFlow/BlockContracts/contract.IFBlockExamples(contract.IFBlockExamples__secure_5()).Non-interference contract.0.m.key took 0 ms to parse. 
9183       WARN  main            d.u.i.k.n.ParsingFacade   Parsing time 431 ms. 
10469      INFO  main            d.u.i.k.p.r.p.TestFile    ... finished proof: closed. 
10613      INFO  main            d.u.i.k.p.r.p.TestFile    Now processing file /home/runner/work/key/key/key.core/../key.ui/examples/InformationFlow/BlockContracts/contract.IFBlockExamples(contract.IFBlockExamples__block_no_return_secure(int)).Non-interference contract.0.m.key 
10614      WARN  main            d.u.i.k.n.ParsingFacade   /home/runner/work/key/key/key.core/../key.ui/examples/InformationFlow/BlockContracts/contract.IFBlockExamples(contract.IFBlockExamples__block_no_return_secure(int)).Non-interference contract.0.m.key took 0 ms to parse. 
10614      WARN  main            d.u.i.k.n.ParsingFacade   Parsing time 431 ms. 
11908      WARN  main            d.u.i.k.n.ParsingFacade   file:/home/runner/work/key/key/key.core/build/resources/main/de/uka/ilkd/key/java/JavaRedux/java/lang/String.key took 2 ms to parse. 
11908      WARN  main            d.u.i.k.n.ParsingFacade   Parsing time 433 ms. 
14558      WARN  main            d.u.i.k.n.ParsingFacade   /home/runner/work/key/key/key.core/../key.ui/examples/InformationFlow/BlockContracts/contract.IFBlockExamples(contract.IFBlockExamples__block_no_return_secure(int)).Non-interference contract.0.m.key took 0 ms to parse. 
14558      WARN  main            d.u.i.k.n.ParsingFacade   Parsing time 433 ms. 
15603      INFO  main            d.u.i.k.p.r.p.TestFile    ... finished proof: closed. 
15808      INFO  main            d.u.i.k.p.r.p.TestFile    Now processing file /home/runner/work/key/key/key.core/../key.ui/examples/InformationFlow/BlockContracts/contract.IFBlockExamples(contract.IFBlockExamples__while_block_insecure(int)).Non-interference contract.0.m.key 
15810      WARN  main            d.u.i.k.n.ParsingFacade   /home/runner/work/key/key/key.core/../key.ui/examples/InformationFlow/BlockContracts/contract.IFBlockExamples(contract.IFBlockExamples__while_block_insecure(int)).Non-interference contract.0.m.key took 0 ms to parse. 
15811      WARN  main            d.u.i.k.n.ParsingFacade   Parsing time 433 ms. 
17109      WARN  main            d.u.i.k.n.ParsingFacade   file:/home/runner/work/key/key/key.core/build/resources/main/de/uka/ilkd/key/java/JavaRedux/java/lang/String.key took 1 ms to parse. 
17110      WARN  main            d.u.i.k.n.ParsingFacade   Parsing time 434 ms. 
19551      WARN  main            d.u.i.k.n.ParsingFacade   /home/runner/work/key/key/key.core/../key.ui/examples/InformationFlow/BlockContracts/contract.IFBlockExamples(contract.IFBlockExamples__while_block_insecure(int)).Non-interference contract.0.m.key took 0 ms to parse. 
19551      WARN  main            d.u.i.k.n.ParsingFacade   Parsing time 434 ms. 
21257      INFO  main            d.u.i.k.p.r.p.TestFile    ... finished proof: open goal(s) 
21436      INFO  main            d.u.i.k.p.r.p.TestFile    Now processing file /home/runner/work/key/key/key.core/../key.ui/examples/InformationFlow/BlockContracts/contract.IFBlockExamples(contract.IFBlockExamples__while_block_secure(int)).Non-interference contract.0.m.key 
21437      WARN  main            d.u.i.k.n.ParsingFacade   /home/runner/work/key/key/key.core/../key.ui/examples/InformationFlow/BlockContracts/contract.IFBlockExamples(contract.IFBlockExamples__while_block_secure(int)).Non-interference contract.0.m.key took 0 ms to parse. 
21437      WARN  main            d.u.i.k.n.ParsingFacade   Parsing time 434 ms. 
22459      WARN  main            d.u.i.k.n.ParsingFacade   file:/home/runner/work/key/key/key.core/build/resources/main/de/uka/ilkd/key/java/JavaRedux/java/lang/String.key took 1 ms to parse. 
22461      WARN  main            d.u.i.k.n.ParsingFacade   Parsing time 435 ms. 
24858      WARN  main            d.u.i.k.n.ParsingFacade   /home/runner/work/key/key/key.core/../key.ui/examples/InformationFlow/BlockContracts/contract.IFBlockExamples(contract.IFBlockExamples__while_block_secure(int)).Non-interference contract.0.m.key took 0 ms to parse. 
24859      WARN  main            d.u.i.k.n.ParsingFacade   Parsing time 435 ms. 
26240      INFO  main            d.u.i.k.p.r.p.TestFile    ... finished proof: closed. 
26464      INFO  main            d.u.i.k.p.r.p.TestFile    Now processing file /home/runner/work/key/key/key.core/../key.ui/examples/InformationFlow/BlockContracts/contract.IFBlockExamples(contract.IFBlockExamples__block_while_secure(int)).Non-interference contract.0.m.key 
26464      WARN  main            d.u.i.k.n.ParsingFacade   /home/runner/work/key/key/key.core/../key.ui/examples/InformationFlow/BlockContracts/contract.IFBlockExamples(contract.IFBlockExamples__block_while_secure(int)).Non-interference contract.0.m.key took 0 ms to parse. 
26464      WARN  main            d.u.i.k.n.ParsingFacade   Parsing time 435 ms. 
27530      WARN  main            d.u.i.k.n.ParsingFacade   file:/home/runner/work/key/key/key.core/build/resources/main/de/uka/ilkd/key/java/JavaRedux/java/lang/String.key took 1 ms to parse. 
27531      WARN  main            d.u.i.k.n.ParsingFacade   Parsing time 436 ms. 
29570      WARN  main            d.u.i.k.n.ParsingFacade   /home/runner/work/key/key/key.core/../key.ui/examples/InformationFlow/BlockContracts/contract.IFBlockExamples(contract.IFBlockExamples__block_while_secure(int)).Non-interference contract.0.m.key took 0 ms to parse. 
29570      WARN  main            d.u.i.k.n.ParsingFacade   Parsing time 436 ms. 
31040      INFO  main            d.u.i.k.p.r.p.TestFile    ... finished proof: closed. 
31264      INFO  main            d.u.i.k.p.r.p.TestFile    Now processing file /home/runner/work/key/key/key.core/../key.ui/examples/InformationFlow/BlockContracts/contract.IFBlockExamples(contract.IFBlockExamples__insecure_4(int)).Non-interference contract.0.m.key 
31265      WARN  main            d.u.i.k.n.ParsingFacade   /home/runner/work/key/key/key.core/../key.ui/examples/InformationFlow/BlockContracts/contract.IFBlockExamples(contract.IFBlockExamples__insecure_4(int)).Non-interference contract.0.m.key took 0 ms to parse. 
31265      WARN  main            d.u.i.k.n.ParsingFacade   Parsing time 436 ms. 
32287      WARN  main            d.u.i.k.n.ParsingFacade   file:/home/runner/work/key/key/key.core/build/resources/main/de/uka/ilkd/key/java/JavaRedux/java/lang/String.key took 2 ms to parse. 
32287      WARN  main            d.u.i.k.n.ParsingFacade   Parsing time 438 ms. 
34397      WARN  main            d.u.i.k.n.ParsingFacade   /home/runner/work/key/key/key.core/../key.ui/examples/InformationFlow/BlockContracts/contract.IFBlockExamples(contract.IFBlockExamples__insecure_4(int)).Non-interference contract.0.m.key took 0 ms to parse. 
34397      WARN  main            d.u.i.k.n.ParsingFacade   Parsing time 438 ms. 
36163      INFO  main            d.u.i.k.p.r.p.TestFile    ... finished proof: open goal(s) 
36401      INFO  main            d.u.i.k.p.r.p.TestFile    Now processing file /home/runner/work/key/key/key.core/../key.ui/examples/InformationFlow/BlockContracts/contract.IFBlockExamples(contract.IFBlockExamples__insecure_3(int)).Non-interference contract.0.m.key 
36402      WARN  main            d.u.i.k.n.ParsingFacade   /home/runner/work/key/key/key.core/../key.ui/examples/InformationFlow/BlockContracts/contract.IFBlockExamples(contract.IFBlockExamples__insecure_3(int)).Non-interference contract.0.m.key took 0 ms to parse. 
36402      WARN  main            d.u.i.k.n.ParsingFacade   Parsing time 438 ms. 
37420      WARN  main            d.u.i.k.n.ParsingFacade   file:/home/runner/work/key/key/key.core/build/resources/main/de/uka/ilkd/key/java/JavaRedux/java/lang/String.key took 1 ms to parse. 
37420      WARN  main            d.u.i.k.n.ParsingFacade   Parsing time 439 ms. 
39425      WARN  main            d.u.i.k.n.ParsingFacade   /home/runner/work/key/key/key.core/../key.ui/examples/InformationFlow/BlockContracts/contract.IFBlockExamples(contract.IFBlockExamples__insecure_3(int)).Non-interference contract.0.m.key took 0 ms to parse. 
39425      WARN  main            d.u.i.k.n.ParsingFacade   Parsing time 439 ms. 
48119      INFO  main            d.u.i.k.p.r.p.TestFile    ... finished proof: open goal(s) 
48502      INFO  main            d.u.i.k.p.r.p.TestFile    Now processing file /home/runner/work/key/key/key.core/../key.ui/examples/InformationFlow/BlockContracts/contract.IFBlockExamples(contract.IFBlockExamples__secure_3(int)).Non-interference contract.0.m.key 
48503      WARN  main            d.u.i.k.n.ParsingFacade   /home/runner/work/key/key/key.core/../key.ui/examples/InformationFlow/BlockContracts/contract.IFBlockExamples(contract.IFBlockExamples__secure_3(int)).Non-interference contract.0.m.key took 0 ms to parse. 
48504      WARN  main            d.u.i.k.n.ParsingFacade   Parsing time 439 ms. 
49723      WARN  main            d.u.i.k.n.ParsingFacade   file:/home/runner/work/key/key/key.core/build/resources/main/de/uka/ilkd/key/java/JavaRedux/java/lang/String.key took 1 ms to parse. 
49723      WARN  main            d.u.i.k.n.ParsingFacade   Parsing time 440 ms. 
52079      WARN  main            d.u.i.k.n.ParsingFacade   /home/runner/work/key/key/key.core/../key.ui/examples/InformationFlow/BlockContracts/contract.IFBlockExamples(contract.IFBlockExamples__secure_3(int)).Non-interference contract.0.m.key took 0 ms to parse. 
52079      WARN  main            d.u.i.k.n.ParsingFacade   Parsing time 440 ms. 
53847      INFO  main            d.u.i.k.p.r.p.TestFile    ... finished proof: closed. 
54219      INFO  main            d.u.i.k.p.r.p.TestFile    Now processing file /home/runner/work/key/key/key.core/../key.ui/examples/InformationFlow/BlockContracts/contract.IFBlockExamples(contract.IFBlockExamples__secure_2(int)).Non-interference contract.0.m.key 
54220      WARN  main            d.u.i.k.n.ParsingFacade   /home/runner/work/key/key/key.core/../key.ui/examples/InformationFlow/BlockContracts/contract.IFBlockExamples(contract.IFBlockExamples__secure_2(int)).Non-interference contract.0.m.key took 0 ms to parse. 
54220      WARN  main            d.u.i.k.n.ParsingFacade   Parsing time 440 ms. 
55356      WARN  main            d.u.i.k.n.ParsingFacade   file:/home/runner/work/key/key/key.core/build/resources/main/de/uka/ilkd/key/java/JavaRedux/java/lang/String.key took 1 ms to parse. 
55356      WARN  main            d.u.i.k.n.ParsingFacade   Parsing time 441 ms. 
57697      WARN  main            d.u.i.k.n.ParsingFacade   /home/runner/work/key/key/key.core/../key.ui/examples/InformationFlow/BlockContracts/contract.IFBlockExamples(contract.IFBlockExamples__secure_2(int)).Non-interference contract.0.m.key took 0 ms to parse. 
57697      WARN  main            d.u.i.k.n.ParsingFacade   Parsing time 441 ms. 
59567      INFO  main            d.u.i.k.p.r.p.TestFile    ... finished proof: closed. 
59894      INFO  main            d.u.i.k.p.r.p.TestFile    Now processing file /home/runner/work/key/key/key.core/../key.ui/examples/InformationFlow/BlockContracts/contract.IFBlockExamples(contract.IFBlockExamples__secure_8(int)).Non-interference contract.0.m.key 
59894      WARN  main            d.u.i.k.n.ParsingFacade   /home/runner/work/key/key/key.core/../key.ui/examples/InformationFlow/BlockContracts/contract.IFBlockExamples(contract.IFBlockExamples__secure_8(int)).Non-interference contract.0.m.key took 0 ms to parse. 
59894      WARN  main            d.u.i.k.n.ParsingFacade   Parsing time 441 ms. 
61129      WARN  main            d.u.i.k.n.ParsingFacade   file:/home/runner/work/key/key/key.core/build/resources/main/de/uka/ilkd/key/java/JavaRedux/java/lang/String.key took 1 ms to parse. 
61129      WARN  main            d.u.i.k.n.ParsingFacade   Parsing time 442 ms. 
63404      WARN  main            d.u.i.k.n.ParsingFacade   /home/runner/work/key/key/key.core/../key.ui/examples/InformationFlow/BlockContracts/contract.IFBlockExamples(contract.IFBlockExamples__secure_8(int)).Non-interference contract.0.m.key took 0 ms to parse. 
63404      WARN  main            d.u.i.k.n.ParsingFacade   Parsing time 442 ms. 
64083      INFO  main            d.u.i.k.p.r.p.TestFile    ... finished proof: closed. 
64403      INFO  main            d.u.i.k.p.r.p.TestFile    Now processing file /home/runner/work/key/key/key.core/../key.ui/examples/InformationFlow/BlockContracts/contract.IFBlockExamples(contract.IFBlockExamples__secure_7(int)).Non-interference contract.0.m.key 
64404      WARN  main            d.u.i.k.n.ParsingFacade   /home/runner/work/key/key/key.core/../key.ui/examples/InformationFlow/BlockContracts/contract.IFBlockExamples(contract.IFBlockExamples__secure_7(int)).Non-interference contract.0.m.key took 0 ms to parse. 
64404      WARN  main            d.u.i.k.n.ParsingFacade   Parsing time 442 ms. 
65548      WARN  main            d.u.i.k.n.ParsingFacade   file:/home/runner/work/key/key/key.core/build/resources/main/de/uka/ilkd/key/java/JavaRedux/java/lang/String.key took 1 ms to parse. 
65549      WARN  main            d.u.i.k.n.ParsingFacade   Parsing time 443 ms. 
67906      WARN  main            d.u.i.k.n.ParsingFacade   /home/runner/work/key/key/key.core/../key.ui/examples/InformationFlow/BlockContracts/contract.IFBlockExamples(contract.IFBlockExamples__secure_7(int)).Non-interference contract.0.m.key took 0 ms to parse. 
67906      WARN  main            d.u.i.k.n.ParsingFacade   Parsing time 443 ms. 
68401      INFO  main            d.u.i.k.p.r.p.TestFile    ... finished proof: closed. 
68665      INFO  main            d.u.i.k.p.r.p.TestFile    Now processing file /home/runner/work/key/key/key.core/../key.ui/examples/InformationFlow/BlockContracts/contract.IFBlockExamples(contract.IFBlockExamples__secure_6(int)).Non-interference contract.0.m.key 
68667      WARN  main            d.u.i.k.n.ParsingFacade   /home/runner/work/key/key/key.core/../key.ui/examples/InformationFlow/BlockContracts/contract.IFBlockExamples(contract.IFBlockExamples__secure_6(int)).Non-interference contract.0.m.key took 0 ms to parse. 
68668      WARN  main            d.u.i.k.n.ParsingFacade   Parsing time 443 ms. 
69783      WARN  main            d.u.i.k.n.ParsingFacade   file:/home/runner/work/key/key/key.core/build/resources/main/de/uka/ilkd/key/java/JavaRedux/java/lang/String.key took 1 ms to parse. 
69783      WARN  main            d.u.i.k.n.ParsingFacade   Parsing time 444 ms. 
72090      WARN  main            d.u.i.k.n.ParsingFacade   /home/runner/work/key/key/key.core/../key.ui/examples/InformationFlow/BlockContracts/contract.IFBlockExamples(contract.IFBlockExamples__secure_6(int)).Non-interference contract.0.m.key took 0 ms to parse. 
72090      WARN  main            d.u.i.k.n.ParsingFacade   Parsing time 444 ms. 
72619      INFO  main            d.u.i.k.p.r.p.TestFile    ... finished proof: closed. 
72869      INFO  main            d.u.i.k.p.r.p.TestFile    Now processing file /home/runner/work/key/key/key.core/../key.ui/examples/InformationFlow/BlockContracts/contract.IFBlockExamples(contract.IFBlockExamples__insecure_1(int)).Non-interference contract.0.m.key 
72870      WARN  main            d.u.i.k.n.ParsingFacade   /home/runner/work/key/key/key.core/../key.ui/examples/InformationFlow/BlockContracts/contract.IFBlockExamples(contract.IFBlockExamples__insecure_1(int)).Non-interference contract.0.m.key took 0 ms to parse. 
72870      WARN  main            d.u.i.k.n.ParsingFacade   Parsing time 444 ms. 
73994      WARN  main            d.u.i.k.n.ParsingFacade   file:/home/runner/work/key/key/key.core/build/resources/main/de/uka/ilkd/key/java/JavaRedux/java/lang/String.key took 1 ms to parse. 
73995      WARN  main            d.u.i.k.n.ParsingFacade   Parsing time 445 ms. 
76317      WARN  main            d.u.i.k.n.ParsingFacade   /home/runner/work/key/key/key.core/../key.ui/examples/InformationFlow/BlockContracts/contract.IFBlockExamples(contract.IFBlockExamples__insecure_1(int)).Non-interference contract.0.m.key took 1 ms to parse. 
76317      WARN  main            d.u.i.k.n.ParsingFacade   Parsing time 446 ms. 
77138      INFO  main            d.u.i.k.p.r.p.TestFile    ... finished proof: open goal(s) 
77430      INFO  main            d.u.i.k.p.r.p.TestFile    Now processing file /home/runner/work/key/key/key.core/../key.ui/examples/InformationFlow/BlockContracts/contract.IFBlockExamples(contract.IFBlockExamples__secure_4(int)).Non-interference contract.0.m.key 
77431      WARN  main            d.u.i.k.n.ParsingFacade   /home/runner/work/key/key/key.core/../key.ui/examples/InformationFlow/BlockContracts/contract.IFBlockExamples(contract.IFBlockExamples__secure_4(int)).Non-interference contract.0.m.key took 0 ms to parse. 
77431      WARN  main            d.u.i.k.n.ParsingFacade   Parsing time 446 ms. 
78590      WARN  main            d.u.i.k.n.ParsingFacade   file:/home/runner/work/key/key/key.core/build/resources/main/de/uka/ilkd/key/java/JavaRedux/java/lang/String.key took 1 ms to parse. 
78591      WARN  main            d.u.i.k.n.ParsingFacade   Parsing time 447 ms. 
80871      WARN  main            d.u.i.k.n.ParsingFacade   /home/runner/work/key/key/key.core/../key.ui/examples/InformationFlow/BlockContracts/contract.IFBlockExamples(contract.IFBlockExamples__secure_4(int)).Non-interference contract.0.m.key took 0 ms to parse. 
80871      WARN  main            d.u.i.k.n.ParsingFacade   Parsing time 447 ms. 
81592      INFO  main            d.u.i.k.p.r.p.TestFile    ... finished proof: closed. 
81917      INFO  main            d.u.i.k.p.r.p.TestFile    Now processing file /home/runner/work/key/key/key.core/../key.ui/examples/InformationFlow/BlockContracts/contract.IFBlockExamples(contract.IFBlockExamples__secure_1(int)).Non-interference contract.0.m.key 
81918      WARN  main            d.u.i.k.n.ParsingFacade   /home/runner/work/key/key/key.core/../key.ui/examples/InformationFlow/BlockContracts/contract.IFBlockExamples(contract.IFBlockExamples__secure_1(int)).Non-interference contract.0.m.key took 0 ms to parse. 
81919      WARN  main            d.u.i.k.n.ParsingFacade   Parsing time 447 ms. 
83069      WARN  main            d.u.i.k.n.ParsingFacade   file:/home/runner/work/key/key/key.core/build/resources/main/de/uka/ilkd/key/java/JavaRedux/java/lang/String.key took 1 ms to parse. 
83069      WARN  main            d.u.i.k.n.ParsingFacade   Parsing time 448 ms. 
85420      WARN  main            d.u.i.k.n.ParsingFacade   /home/runner/work/key/key/key.core/../key.ui/examples/InformationFlow/BlockContracts/contract.IFBlockExamples(contract.IFBlockExamples__secure_1(int)).Non-interference contract.0.m.key took 0 ms to parse. 
85421      WARN  main            d.u.i.k.n.ParsingFacade   Parsing time 448 ms. 
86235      INFO  main            d.u.i.k.p.r.p.TestFile    ... finished proof: closed. 
86502      INFO  main            d.u.i.k.p.r.p.TestFile    Now processing file /home/runner/work/key/key/key.core/../key.ui/examples/InformationFlow/BlockContracts/contract.IFEfficiencyExamples(contract.IFEfficiencyExamples__mWithoutBlockContract()).Non-interference contract.0.m.key 
86505      WARN  main            d.u.i.k.n.ParsingFacade   /home/runner/work/key/key/key.core/../key.ui/examples/InformationFlow/BlockContracts/contract.IFEfficiencyExamples(contract.IFEfficiencyExamples__mWithoutBlockContract()).Non-interference contract.0.m.key took 0 ms to parse. 
86506      WARN  main            d.u.i.k.n.ParsingFacade   Parsing time 448 ms. 
87632      WARN  main            d.u.i.k.n.ParsingFacade   file:/home/runner/work/key/key/key.core/build/resources/main/de/uka/ilkd/key/java/JavaRedux/java/lang/String.key took 1 ms to parse. 
87633      WARN  main            d.u.i.k.n.ParsingFacade   Parsing time 449 ms. 
89983      WARN  main            d.u.i.k.n.ParsingFacade   /home/runner/work/key/key/key.core/../key.ui/examples/InformationFlow/BlockContracts/contract.IFEfficiencyExamples(contract.IFEfficiencyExamples__mWithoutBlockContract()).Non-interference contract.0.m.key took 0 ms to parse. 
89983      WARN  main            d.u.i.k.n.ParsingFacade   Parsing time 449 ms. 
96490      INFO  main            d.u.i.k.p.r.p.TestFile    ... finished proof: closed. 
96849      INFO  main            d.u.i.k.p.r.p.TestFile    Now processing file /home/runner/work/key/key/key.core/../key.ui/examples/InformationFlow/BlockContracts/contract.IFEfficiencyExamples(contract.IFEfficiencyExamples__mWithBlockContract()).Non-interference contract.0.m.key 
96850      WARN  main            d.u.i.k.n.ParsingFacade   /home/runner/work/key/key/key.core/../key.ui/examples/InformationFlow/BlockContracts/contract.IFEfficiencyExamples(contract.IFEfficiencyExamples__mWithBlockContract()).Non-interference contract.0.m.key took 0 ms to parse. 
96851      WARN  main            d.u.i.k.n.ParsingFacade   Parsing time 449 ms. 
98014      WARN  main            d.u.i.k.n.ParsingFacade   file:/home/runner/work/key/key/key.core/build/resources/main/de/uka/ilkd/key/java/JavaRedux/java/lang/String.key took 1 ms to parse. 
98015      WARN  main            d.u.i.k.n.ParsingFacade   Parsing time 450 ms. 
100299     WARN  main            d.u.i.k.n.ParsingFacade   /home/runner/work/key/key/key.core/../key.ui/examples/InformationFlow/BlockContracts/contract.IFEfficiencyExamples(contract.IFEfficiencyExamples__mWithBlockContract()).Non-interference contract.0.m.key took 0 ms to parse. 
100299     WARN  main            d.u.i.k.n.ParsingFacade   Parsing time 450 ms. 
102503     INFO  main            d.u.i.k.p.r.p.TestFile    ... finished proof: closed. 
2584246    INFO  Test worker     d.u.i.k.p.r.RunAllProofsTestUnit Returning from test BlockContracts_fullmacro 
2584247    INFO  Test worker     d.u.i.k.p.r.RunAllProofsTestUnit Running test MethodContracts_fullmacro 
571        INFO  Timeout watchdog d.u.i.k.p.r.p.ForkedTestFileRunner Timeout watcher launched (1000 secs.) 
597        WARN  main            d.u.i.k.s.ProofSettings   The settings in /home/runner/.key/proof-settings.props are *not* read. 
653        INFO  main            d.u.i.k.p.r.p.TestFile    Now processing file /home/runner/work/key/key/key.core/../key.ui/examples/InformationFlow/MethodContracts/contract.IFMethodContract(contract.IFMethodContract__secure_recursion_2((I,int)).Non-interference contract.0.m.key 
1014       WARN  main            d.u.i.k.n.ParsingFacade   /home/runner/work/key/key/key.core/../key.ui/examples/InformationFlow/MethodContracts/contract.IFMethodContract(contract.IFMethodContract__secure_recursion_2((I,int)).Non-interference contract.0.m.key took 16 ms to parse. 
1015       WARN  main            d.u.i.k.n.ParsingFacade   Parsing time 16 ms. 
1257       WARN  main            d.u.i.k.n.ParsingFacade   file:/home/runner/work/key/key/key.core/build/resources/main/de/uka/ilkd/key/proof/rules/standardRules.key took 17 ms to parse. 
1257       WARN  main            d.u.i.k.n.ParsingFacade   Parsing time 33 ms. 
1295       WARN  main            d.u.i.k.n.ParsingFacade   file:/home/runner/work/key/key/key.core/build/resources/main/de/uka/ilkd/key/proof/rules/ldt.key took 8 ms to parse. 
1295       WARN  main            d.u.i.k.n.ParsingFacade   Parsing time 41 ms. 
1309       WARN  main            d.u.i.k.n.ParsingFacade   file:/home/runner/work/key/key/key.core/build/resources/main/de/uka/ilkd/key/proof/rules/boolean.key took 5 ms to parse. 
1309       WARN  main            d.u.i.k.n.ParsingFacade   Parsing time 46 ms. 
1348       WARN  main            d.u.i.k.n.ParsingFacade   file:/home/runner/work/key/key/key.core/build/resources/main/de/uka/ilkd/key/proof/rules/ruleSetsDeclarations.key took 11 ms to parse. 
1348       WARN  main            d.u.i.k.n.ParsingFacade   Parsing time 57 ms. 
1393       WARN  main            d.u.i.k.n.ParsingFacade   file:/home/runner/work/key/key/key.core/build/resources/main/de/uka/ilkd/key/proof/rules/integerHeader.key took 11 ms to parse. 
1396       WARN  main            d.u.i.k.n.ParsingFacade   Parsing time 68 ms. 
1399       WARN  main            d.u.i.k.n.ParsingFacade   file:/home/runner/work/key/key/key.core/build/resources/main/de/uka/ilkd/key/proof/rules/floatHeader.key took 2 ms to parse. 
1403       WARN  main            d.u.i.k.n.ParsingFacade   Parsing time 70 ms. 
1413       WARN  main            d.u.i.k.n.ParsingFacade   file:/home/runner/work/key/key/key.core/build/resources/main/de/uka/ilkd/key/proof/rules/heap.key took 6 ms to parse. 
1414       WARN  main            d.u.i.k.n.ParsingFacade   Parsing time 76 ms. 
1422       WARN  main            d.u.i.k.n.ParsingFacade   file:/home/runner/work/key/key/key.core/build/resources/main/de/uka/ilkd/key/proof/rules/locSets.key took 0 ms to parse. 
1423       WARN  main            d.u.i.k.n.ParsingFacade   Parsing time 76 ms. 
1428       WARN  main            d.u.i.k.n.ParsingFacade   file:/home/runner/work/key/key/key.core/build/resources/main/de/uka/ilkd/key/proof/rules/permission.key took 4 ms to parse. 
1428       WARN  main            d.u.i.k.n.ParsingFacade   Parsing time 80 ms. 
1430       WARN  main            d.u.i.k.n.ParsingFacade   file:/home/runner/work/key/key/key.core/build/resources/main/de/uka/ilkd/key/proof/rules/reach.key took 1 ms to parse. 
1430       WARN  main            d.u.i.k.n.ParsingFacade   Parsing time 81 ms. 
1431       WARN  main            d.u.i.k.n.ParsingFacade   file:/home/runner/work/key/key/key.core/build/resources/main/de/uka/ilkd/key/proof/rules/seq.key took 0 ms to parse. 
1432       WARN  main            d.u.i.k.n.ParsingFacade   Parsing time 81 ms. 
1496       WARN  main            d.u.i.k.n.ParsingFacade   file:/home/runner/work/key/key/key.core/build/resources/main/de/uka/ilkd/key/proof/rules/map.key took 51 ms to parse. 
1497       WARN  main            d.u.i.k.n.ParsingFacade   Parsing time 132 ms. 
1498       WARN  main            d.u.i.k.n.ParsingFacade   file:/home/runner/work/key/key/key.core/build/resources/main/de/uka/ilkd/key/proof/rules/freeADT.key took 0 ms to parse. 
1498       WARN  main            d.u.i.k.n.ParsingFacade   Parsing time 132 ms. 
1501       WARN  main            d.u.i.k.n.ParsingFacade   file:/home/runner/work/key/key/key.core/build/resources/main/de/uka/ilkd/key/proof/rules/wellfound.key took 1 ms to parse. 
1501       WARN  main            d.u.i.k.n.ParsingFacade   Parsing time 133 ms. 
1502       WARN  main            d.u.i.k.n.ParsingFacade   file:/home/runner/work/key/key/key.core/build/resources/main/de/uka/ilkd/key/proof/rules/charListHeader.key took 0 ms to parse. 
1503       WARN  main            d.u.i.k.n.ParsingFacade   Parsing time 133 ms. 
1716       WARN  main            d.u.i.k.n.ParsingFacade   file:/home/runner/work/key/key/key.core/build/resources/main/de/uka/ilkd/key/proof/rules/propRule.key took 5 ms to parse. 
1716       WARN  main            d.u.i.k.n.ParsingFacade   Parsing time 138 ms. 
1791       WARN  main            d.u.i.k.n.ParsingFacade   file:/home/runner/work/key/key/key.core/build/resources/main/de/uka/ilkd/key/proof/rules/firstOrderRules.key took 8 ms to parse. 
1793       WARN  main            d.u.i.k.n.ParsingFacade   Parsing time 146 ms. 
1838       WARN  main            d.u.i.k.n.ParsingFacade   file:/home/runner/work/key/key/key.core/build/resources/main/de/uka/ilkd/key/proof/rules/ifThenElseRules.key took 13 ms to parse. 
1838       WARN  main            d.u.i.k.n.ParsingFacade   Parsing time 159 ms. 
1898       WARN  main            d.u.i.k.n.ParsingFacade   file:/home/runner/work/key/key/key.core/build/resources/main/de/uka/ilkd/key/proof/rules/formulaNormalisationRules.key took 24 ms to parse. 
1898       WARN  main            d.u.i.k.n.ParsingFacade   Parsing time 183 ms. 
2022       WARN  main            d.u.i.k.n.ParsingFacade   file:/home/runner/work/key/key/key.core/build/resources/main/de/uka/ilkd/key/proof/rules/updateRules.key took 9 ms to parse. 
2022       WARN  main            d.u.i.k.n.ParsingFacade   Parsing time 192 ms. 
2057       WARN  main            d.u.i.k.n.ParsingFacade   file:/home/runner/work/key/key/key.core/build/resources/main/de/uka/ilkd/key/proof/rules/integerRulesCommon.key took 5 ms to parse. 
2057       WARN  main            d.u.i.k.n.ParsingFacade   Parsing time 197 ms. 
2211       WARN  main            d.u.i.k.n.ParsingFacade   file:/home/runner/work/key/key/key.core/build/resources/main/de/uka/ilkd/key/proof/rules/intRules.key took 3 ms to parse. 
2212       WARN  main            d.u.i.k.n.ParsingFacade   Parsing time 200 ms. 
2228       WARN  main            d.u.i.k.n.ParsingFacade   file:/home/runner/work/key/key/key.core/build/resources/main/de/uka/ilkd/key/proof/rules/intRulesUncheckedSemantics.key took 3 ms to parse. 
2228       WARN  main            d.u.i.k.n.ParsingFacade   Parsing time 203 ms. 
2237       WARN  main            d.u.i.k.n.ParsingFacade   file:/home/runner/work/key/key/key.core/build/resources/main/de/uka/ilkd/key/proof/rules/intRulesCheckedSemantics.key took 1 ms to parse. 
2238       WARN  main            d.u.i.k.n.ParsingFacade   Parsing time 204 ms. 
2246       WARN  main            d.u.i.k.n.ParsingFacade   file:/home/runner/work/key/key/key.core/build/resources/main/de/uka/ilkd/key/proof/rules/intRulesJavaSemantics.key took 2 ms to parse. 
2247       WARN  main            d.u.i.k.n.ParsingFacade   Parsing time 206 ms. 
2323       WARN  main            d.u.i.k.n.ParsingFacade   file:/home/runner/work/key/key/key.core/build/resources/main/de/uka/ilkd/key/proof/rules/integerSimplificationRules.key took 64 ms to parse. 
2324       WARN  main            d.u.i.k.n.ParsingFacade   Parsing time 270 ms. 
2423       WARN  main            d.u.i.k.n.ParsingFacade   file:/home/runner/work/key/key/key.core/build/resources/main/de/uka/ilkd/key/proof/rules/intDiv.key took 5 ms to parse. 
2424       WARN  main            d.u.i.k.n.ParsingFacade   Parsing time 275 ms. 
2452       WARN  main            d.u.i.k.n.ParsingFacade   file:/home/runner/work/key/key/key.core/build/resources/main/de/uka/ilkd/key/proof/rules/bsum.key took 8 ms to parse. 
2453       WARN  main            d.u.i.k.n.ParsingFacade   Parsing time 283 ms. 
2519       WARN  main            d.u.i.k.n.ParsingFacade   file:/home/runner/work/key/key/key.core/build/resources/main/de/uka/ilkd/key/proof/rules/bprod.key took 3 ms to parse. 
2519       WARN  main            d.u.i.k.n.ParsingFacade   Parsing time 286 ms. 
2531       WARN  main            d.u.i.k.n.ParsingFacade   file:/home/runner/work/key/key/key.core/build/resources/main/de/uka/ilkd/key/proof/rules/binaryAxioms.key took 1 ms to parse. 
2531       WARN  main            d.u.i.k.n.ParsingFacade   Parsing time 287 ms. 
2535       WARN  main            d.u.i.k.n.ParsingFacade   file:/home/runner/work/key/key/key.core/build/resources/main/de/uka/ilkd/key/proof/rules/binaryLemmas.key took 1 ms to parse. 
2536       WARN  main            d.u.i.k.n.ParsingFacade   Parsing time 288 ms. 
2541       WARN  main            d.u.i.k.n.ParsingFacade   file:/home/runner/work/key/key/key.core/build/resources/main/de/uka/ilkd/key/proof/rules/intPow.key took 2 ms to parse. 
2542       WARN  main            d.u.i.k.n.ParsingFacade   Parsing time 290 ms. 
2553       WARN  main            d.u.i.k.n.ParsingFacade   file:/home/runner/work/key/key/key.core/build/resources/main/de/uka/ilkd/key/proof/rules/floatRulesCommon.key took 4 ms to parse. 
2553       WARN  main            d.u.i.k.n.ParsingFacade   Parsing time 294 ms. 
2567       WARN  main            d.u.i.k.n.ParsingFacade   file:/home/runner/work/key/key/key.core/build/resources/main/de/uka/ilkd/key/proof/rules/floatRules.key took 0 ms to parse. 
2567       WARN  main            d.u.i.k.n.ParsingFacade   Parsing time 294 ms. 
2568       WARN  main            d.u.i.k.n.ParsingFacade   file:/home/runner/work/key/key/key.core/build/resources/main/de/uka/ilkd/key/proof/rules/floatRulesVerifyNormal.key took 0 ms to parse. 
2569       WARN  main            d.u.i.k.n.ParsingFacade   Parsing time 294 ms. 
2573       WARN  main            d.u.i.k.n.ParsingFacade   file:/home/runner/work/key/key/key.core/build/resources/main/de/uka/ilkd/key/proof/rules/floatRulesAssumeStrictfp.key took 4 ms to parse. 
2573       WARN  main            d.u.i.k.n.ParsingFacade   Parsing time 298 ms. 
2606       WARN  main            d.u.i.k.n.ParsingFacade   file:/home/runner/work/key/key/key.core/build/resources/main/de/uka/ilkd/key/proof/rules/genericRules.key took 6 ms to parse. 
2606       WARN  main            d.u.i.k.n.ParsingFacade   Parsing time 304 ms. 
2625       WARN  main            d.u.i.k.n.ParsingFacade   file:/home/runner/work/key/key/key.core/build/resources/main/de/uka/ilkd/key/proof/rules/booleanRules.key took 0 ms to parse. 
2625       WARN  main            d.u.i.k.n.ParsingFacade   Parsing time 304 ms. 
2629       WARN  main            d.u.i.k.n.ParsingFacade   file:/home/runner/work/key/key/key.core/build/resources/main/de/uka/ilkd/key/proof/rules/epsilon.key took 0 ms to parse. 
2629       WARN  main            d.u.i.k.n.ParsingFacade   Parsing time 304 ms. 
2643       WARN  main            d.u.i.k.n.ParsingFacade   file:/home/runner/work/key/key/key.core/build/resources/main/de/uka/ilkd/key/proof/rules/locSetsRules.key took 9 ms to parse. 
2643       WARN  main            d.u.i.k.n.ParsingFacade   Parsing time 313 ms. 
2721       WARN  main            d.u.i.k.n.ParsingFacade   file:/home/runner/work/key/key/key.core/build/resources/main/de/uka/ilkd/key/proof/rules/heapRules.key took 12 ms to parse. 
2722       WARN  main            d.u.i.k.n.ParsingFacade   Parsing time 325 ms. 
2754       WARN  main            d.u.i.k.n.ParsingFacade   file:/home/runner/work/key/key/key.core/build/resources/main/de/uka/ilkd/key/proof/rules/permissionRules.key took 3 ms to parse. 
2754       WARN  main            d.u.i.k.n.ParsingFacade   Parsing time 328 ms. 
2768       WARN  main            d.u.i.k.n.ParsingFacade   file:/home/runner/work/key/key/key.core/build/resources/main/de/uka/ilkd/key/proof/rules/reachRules.key took 4 ms to parse. 
2768       WARN  main            d.u.i.k.n.ParsingFacade   Parsing time 332 ms. 
2782       WARN  main            d.u.i.k.n.ParsingFacade   file:/home/runner/work/key/key/key.core/build/resources/main/de/uka/ilkd/key/proof/rules/seqCoreRules.key took 1 ms to parse. 
2782       WARN  main            d.u.i.k.n.ParsingFacade   Parsing time 333 ms. 
2791       WARN  main            d.u.i.k.n.ParsingFacade   file:/home/runner/work/key/key/key.core/build/resources/main/de/uka/ilkd/key/proof/rules/seqRules.key took 7 ms to parse. 
2792       WARN  main            d.u.i.k.n.ParsingFacade   Parsing time 340 ms. 
2820       WARN  main            d.u.i.k.n.ParsingFacade   file:/home/runner/work/key/key/key.core/build/resources/main/de/uka/ilkd/key/proof/rules/seqPerm.key took 5 ms to parse. 
2820       WARN  main            d.u.i.k.n.ParsingFacade   Parsing time 345 ms. 
2836       WARN  main            d.u.i.k.n.ParsingFacade   file:/home/runner/work/key/key/key.core/build/resources/main/de/uka/ilkd/key/proof/rules/seqPerm2.key took 1 ms to parse. 
2836       WARN  main            d.u.i.k.n.ParsingFacade   Parsing time 346 ms. 
2937       WARN  main            d.u.i.k.n.ParsingFacade   file:/home/runner/work/key/key/key.core/build/resources/main/de/uka/ilkd/key/proof/rules/javaRules.key took 95 ms to parse. 
2937       WARN  main            d.u.i.k.n.ParsingFacade   Parsing time 441 ms. 
2946       WARN  main            d.u.i.k.n.ParsingFacade   file:/home/runner/work/key/key/key.core/build/resources/main/de/uka/ilkd/key/proof/rules/assertions.key took 1 ms to parse. 
2946       WARN  main            d.u.i.k.n.ParsingFacade   Parsing time 442 ms. 
3674       WARN  main            d.u.i.k.n.ParsingFacade   file:/home/runner/work/key/key/key.core/build/resources/main/de/uka/ilkd/key/proof/rules/loopRules.key took 2 ms to parse. 
3674       WARN  main            d.u.i.k.n.ParsingFacade   Parsing time 444 ms. 
3687       WARN  main            d.u.i.k.n.ParsingFacade   file:/home/runner/work/key/key/key.core/build/resources/main/de/uka/ilkd/key/proof/rules/activeUse.key took 1 ms to parse. 
3688       WARN  main            d.u.i.k.n.ParsingFacade   Parsing time 445 ms. 
3766       WARN  main            d.u.i.k.n.ParsingFacade   file:/home/runner/work/key/key/key.core/build/resources/main/de/uka/ilkd/key/proof/rules/instanceAllocation.key took 7 ms to parse. 
3767       WARN  main            d.u.i.k.n.ParsingFacade   Parsing time 452 ms. 
3787       WARN  main            d.u.i.k.n.ParsingFacade   file:/home/runner/work/key/key/key.core/build/resources/main/de/uka/ilkd/key/proof/rules/java5.key took 0 ms to parse. 
3788       WARN  main            d.u.i.k.n.ParsingFacade   Parsing time 452 ms. 
3797       WARN  main            d.u.i.k.n.ParsingFacade   file:/home/runner/work/key/key/key.core/build/resources/main/de/uka/ilkd/key/proof/rules/integerAssignment2UpdateRules.key took 3 ms to parse. 
3797       WARN  main            d.u.i.k.n.ParsingFacade   Parsing time 455 ms. 
3850       WARN  main            d.u.i.k.n.ParsingFacade   file:/home/runner/work/key/key/key.core/build/resources/main/de/uka/ilkd/key/proof/rules/floatAssignment2UpdateRules.key took 5 ms to parse. 
3858       WARN  main            d.u.i.k.n.ParsingFacade   Parsing time 460 ms. 
3888       WARN  main            d.u.i.k.n.ParsingFacade   file:/home/runner/work/key/key/key.core/build/resources/main/de/uka/ilkd/key/proof/rules/bigint.key took 5 ms to parse. 
3888       WARN  main            d.u.i.k.n.ParsingFacade   Parsing time 465 ms. 
3919       WARN  main            d.u.i.k.n.ParsingFacade   file:/home/runner/work/key/key/key.core/build/resources/main/de/uka/ilkd/key/proof/rules/adtProgramDecompositionRules.key took 1 ms to parse. 
3919       WARN  main            d.u.i.k.n.ParsingFacade   Parsing time 466 ms. 
3940       WARN  main            d.u.i.k.n.ParsingFacade   file:/home/runner/work/key/key/key.core/build/resources/main/de/uka/ilkd/key/proof/rules/precRules.key took 0 ms to parse. 
3940       WARN  main            d.u.i.k.n.ParsingFacade   Parsing time 466 ms. 
3947       WARN  main            d.u.i.k.n.ParsingFacade   file:/home/runner/work/key/key/key.core/build/resources/main/de/uka/ilkd/key/proof/rules/charListRules.key took 2 ms to parse. 
3947       WARN  main            d.u.i.k.n.ParsingFacade   Parsing time 468 ms. 
3996       WARN  main            d.u.i.k.n.ParsingFacade   file:/home/runner/work/key/key/key.core/build/resources/main/de/uka/ilkd/key/proof/rules/regExTheory.key took 0 ms to parse. 
3996       WARN  main            d.u.i.k.n.ParsingFacade   Parsing time 468 ms. 
3997       WARN  main            d.u.i.k.n.ParsingFacade   file:/home/runner/work/key/key/key.core/build/resources/main/de/uka/ilkd/key/proof/rules/regExHeader.key took 0 ms to parse. 
3997       WARN  main            d.u.i.k.n.ParsingFacade   Parsing time 468 ms. 
3999       WARN  main            d.u.i.k.n.ParsingFacade   file:/home/runner/work/key/key/key.core/build/resources/main/de/uka/ilkd/key/proof/rules/regExAxioms.key took 0 ms to parse. 
3999       WARN  main            d.u.i.k.n.ParsingFacade   Parsing time 468 ms. 
4004       WARN  main            d.u.i.k.n.ParsingFacade   file:/home/runner/work/key/key/key.core/build/resources/main/de/uka/ilkd/key/proof/rules/regExLemmaProven.key took 3 ms to parse. 
4004       WARN  main            d.u.i.k.n.ParsingFacade   Parsing time 471 ms. 
4011       WARN  main            d.u.i.k.n.ParsingFacade   file:/home/runner/work/key/key/key.core/build/resources/main/de/uka/ilkd/key/proof/rules/seqEq.key took 1 ms to parse. 
4011       WARN  main            d.u.i.k.n.ParsingFacade   Parsing time 472 ms. 
4027       WARN  main            d.u.i.k.n.ParsingFacade   file:/home/runner/work/key/key/key.core/build/resources/main/de/uka/ilkd/key/proof/rules/infFlow.key took 11 ms to parse. 
4027       WARN  main            d.u.i.k.n.ParsingFacade   Parsing time 483 ms. 
4033       WARN  main            d.u.i.k.n.ParsingFacade   file:/home/runner/work/key/key/key.core/build/resources/main/de/uka/ilkd/key/proof/rules/mapSize.key took 0 ms to parse. 
4033       WARN  main            d.u.i.k.n.ParsingFacade   Parsing time 483 ms. 
4036       WARN  main            d.u.i.k.n.ParsingFacade   file:/home/runner/work/key/key/key.core/build/resources/main/de/uka/ilkd/key/proof/rules/wd.key took 0 ms to parse. 
4036       WARN  main            d.u.i.k.n.ParsingFacade   Parsing time 483 ms. 
4042       WARN  main            d.u.i.k.n.ParsingFacade   file:/home/runner/work/key/key/key.core/build/resources/main/de/uka/ilkd/key/proof/rules/wdHeader.key took 1 ms to parse. 
4042       WARN  main            d.u.i.k.n.ParsingFacade   Parsing time 484 ms. 
4043       WARN  main            d.u.i.k.n.ParsingFacade   file:/home/runner/work/key/key/key.core/build/resources/main/de/uka/ilkd/key/proof/rules/wdGeneralRules.key took 0 ms to parse. 
4044       WARN  main            d.u.i.k.n.ParsingFacade   Parsing time 484 ms. 
4056       WARN  main            d.u.i.k.n.ParsingFacade   file:/home/runner/work/key/key/key.core/build/resources/main/de/uka/ilkd/key/proof/rules/wdNumericalRules.key took 4 ms to parse. 
4056       WARN  main            d.u.i.k.n.ParsingFacade   Parsing time 488 ms. 
4079       WARN  main            d.u.i.k.n.ParsingFacade   file:/home/runner/work/key/key/key.core/build/resources/main/de/uka/ilkd/key/proof/rules/wdLocSetRules.key took 1 ms to parse. 
4079       WARN  main            d.u.i.k.n.ParsingFacade   Parsing time 489 ms. 
4085       WARN  main            d.u.i.k.n.ParsingFacade   file:/home/runner/work/key/key/key.core/build/resources/main/de/uka/ilkd/key/proof/rules/wdHeapRules.key took 0 ms to parse. 
4085       WARN  main            d.u.i.k.n.ParsingFacade   Parsing time 489 ms. 
4089       WARN  main            d.u.i.k.n.ParsingFacade   file:/home/runner/work/key/key/key.core/build/resources/main/de/uka/ilkd/key/proof/rules/wdReachRules.key took 0 ms to parse. 
4089       WARN  main            d.u.i.k.n.ParsingFacade   Parsing time 489 ms. 
4092       WARN  main            d.u.i.k.n.ParsingFacade   file:/home/runner/work/key/key/key.core/build/resources/main/de/uka/ilkd/key/proof/rules/wdSeqRules.key took 1 ms to parse. 
4092       WARN  main            d.u.i.k.n.ParsingFacade   Parsing time 490 ms. 
4096       WARN  main            d.u.i.k.n.ParsingFacade   file:/home/runner/work/key/key/key.core/build/resources/main/de/uka/ilkd/key/proof/rules/wdStringRules.key took 1 ms to parse. 
4096       WARN  main            d.u.i.k.n.ParsingFacade   Parsing time 491 ms. 
4099       WARN  main            d.u.i.k.n.ParsingFacade   file:/home/runner/work/key/key/key.core/build/resources/main/de/uka/ilkd/key/proof/rules/wdRegExRules.key took 1 ms to parse. 
4099       WARN  main            d.u.i.k.n.ParsingFacade   Parsing time 492 ms. 
4105       WARN  main            d.u.i.k.n.ParsingFacade   file:/home/runner/work/key/key/key.core/build/resources/main/de/uka/ilkd/key/proof/rules/wdFormulaRules.key took 4 ms to parse. 
4105       WARN  main            d.u.i.k.n.ParsingFacade   Parsing time 496 ms. 
4118       WARN  main            d.u.i.k.n.ParsingFacade   file:/home/runner/work/key/key/key.core/build/resources/main/de/uka/ilkd/key/proof/rules/loopInvariantRules.key took 0 ms to parse. 
4119       WARN  main            d.u.i.k.n.ParsingFacade   Parsing time 496 ms. 
4121       WARN  main            d.u.i.k.n.ParsingFacade   file:/home/runner/work/key/key/key.core/build/resources/main/de/uka/ilkd/key/proof/rules/forLoopRules.key took 0 ms to parse. 
4121       WARN  main            d.u.i.k.n.ParsingFacade   Parsing time 496 ms. 
4130       WARN  main            d.u.i.k.n.ParsingFacade   file:/home/runner/work/key/key/key.core/build/resources/main/de/uka/ilkd/key/proof/rules/execRules.key took 4 ms to parse. 
4131       WARN  main            d.u.i.k.n.ParsingFacade   Parsing time 500 ms. 
4288       WARN  main            d.u.i.k.n.ParsingFacade   file:/home/runner/work/key/key/key.core/build/resources/main/de/uka/ilkd/key/proof/rules/loopScopeRules.key took 39 ms to parse. 
4288       WARN  main            d.u.i.k.n.ParsingFacade   Parsing time 539 ms. 
8895       WARN  main            d.u.i.k.n.ParsingFacade   file:/home/runner/work/key/key/key.core/build/resources/main/de/uka/ilkd/key/java/JavaRedux/java/lang/String.key took 8 ms to parse. 
8895       WARN  main            d.u.i.k.n.ParsingFacade   Parsing time 547 ms. 
12715      WARN  main            d.u.i.k.n.ParsingFacade   /home/runner/work/key/key/key.core/../key.ui/examples/InformationFlow/MethodContracts/contract.IFMethodContract(contract.IFMethodContract__secure_recursion_2((I,int)).Non-interference contract.0.m.key took 0 ms to parse. 
12716      WARN  main            d.u.i.k.n.ParsingFacade   Parsing time 547 ms. 
18882      INFO  main            d.u.i.k.p.r.p.TestFile    ... finished proof: closed. 
19064      INFO  main            d.u.i.k.p.r.p.TestFile    Now processing file /home/runner/work/key/key/key.core/../key.ui/examples/InformationFlow/MethodContracts/contract.IFMethodContract(contract.IFMethodContract__secure_recursion(int)).Non-interference contract.0.m.key 
19065      WARN  main            d.u.i.k.n.ParsingFacade   /home/runner/work/key/key/key.core/../key.ui/examples/InformationFlow/MethodContracts/contract.IFMethodContract(contract.IFMethodContract__secure_recursion(int)).Non-interference contract.0.m.key took 0 ms to parse. 
19065      WARN  main            d.u.i.k.n.ParsingFacade   Parsing time 547 ms. 
20698      WARN  main            d.u.i.k.n.ParsingFacade   file:/home/runner/work/key/key/key.core/build/resources/main/de/uka/ilkd/key/java/JavaRedux/java/lang/String.key took 2 ms to parse. 
20699      WARN  main            d.u.i.k.n.ParsingFacade   Parsing time 549 ms. 
23525      WARN  main            d.u.i.k.n.ParsingFacade   /home/runner/work/key/key/key.core/../key.ui/examples/InformationFlow/MethodContracts/contract.IFMethodContract(contract.IFMethodContract__secure_recursion(int)).Non-interference contract.0.m.key took 1 ms to parse. 
23525      WARN  main            d.u.i.k.n.ParsingFacade   Parsing time 550 ms. 
24422      INFO  main            d.u.i.k.p.r.p.TestFile    ... finished proof: closed. 
24634      INFO  main            d.u.i.k.p.r.p.TestFile    Now processing file /home/runner/work/key/key/key.core/../key.ui/examples/InformationFlow/MethodContracts/contract.IFMethodContract(contract.IFMethodContract__secure_catch_exception()).Non-interference contract.0.m.key 
24635      WARN  main            d.u.i.k.n.ParsingFacade   /home/runner/work/key/key/key.core/../key.ui/examples/InformationFlow/MethodContracts/contract.IFMethodContract(contract.IFMethodContract__secure_catch_exception()).Non-interference contract.0.m.key took 0 ms to parse. 
24636      WARN  main            d.u.i.k.n.ParsingFacade   Parsing time 550 ms. 
25906      WARN  main            d.u.i.k.n.ParsingFacade   file:/home/runner/work/key/key/key.core/build/resources/main/de/uka/ilkd/key/java/JavaRedux/java/lang/String.key took 2 ms to parse. 
25906      WARN  main            d.u.i.k.n.ParsingFacade   Parsing time 552 ms. 
28524      WARN  main            d.u.i.k.n.ParsingFacade   /home/runner/work/key/key/key.core/../key.ui/examples/InformationFlow/MethodContracts/contract.IFMethodContract(contract.IFMethodContract__secure_catch_exception()).Non-interference contract.0.m.key took 0 ms to parse. 
28526      WARN  main            d.u.i.k.n.ParsingFacade   Parsing time 552 ms. 
29069      INFO  main            d.u.i.k.p.r.p.TestFile    ... finished proof: closed. 
29280      INFO  main            d.u.i.k.p.r.p.TestFile    Now processing file /home/runner/work/key/key/key.core/../key.ui/examples/InformationFlow/MethodContracts/contract.IFMethodContract(contract.IFMethodContract__n6()).Non-interference contract.0.m.key 
29281      WARN  main            d.u.i.k.n.ParsingFacade   /home/runner/work/key/key/key.core/../key.ui/examples/InformationFlow/MethodContracts/contract.IFMethodContract(contract.IFMethodContract__n6()).Non-interference contract.0.m.key took 1 ms to parse. 
29282      WARN  main            d.u.i.k.n.ParsingFacade   Parsing time 553 ms. 
30445      WARN  main            d.u.i.k.n.ParsingFacade   file:/home/runner/work/key/key/key.core/build/resources/main/de/uka/ilkd/key/java/JavaRedux/java/lang/String.key took 1 ms to parse. 
30445      WARN  main            d.u.i.k.n.ParsingFacade   Parsing time 554 ms. 
33039      WARN  main            d.u.i.k.n.ParsingFacade   /home/runner/work/key/key/key.core/../key.ui/examples/InformationFlow/MethodContracts/contract.IFMethodContract(contract.IFMethodContract__n6()).Non-interference contract.0.m.key took 0 ms to parse. 
33039      WARN  main            d.u.i.k.n.ParsingFacade   Parsing time 554 ms. 
33269      INFO  main            d.u.i.k.p.r.p.TestFile    ... finished proof: closed. 
33471      INFO  main            d.u.i.k.p.r.p.TestFile    Now processing file /home/runner/work/key/key/key.core/../key.ui/examples/InformationFlow/MethodContracts/contract.IFMethodContract(contract.IFMethodContract__secure_n6()).Non-interference contract.0.m.key 
33473      WARN  main            d.u.i.k.n.ParsingFacade   /home/runner/work/key/key/key.core/../key.ui/examples/InformationFlow/MethodContracts/contract.IFMethodContract(contract.IFMethodContract__secure_n6()).Non-interference contract.0.m.key took 0 ms to parse. 
33474      WARN  main            d.u.i.k.n.ParsingFacade   Parsing time 554 ms. 
34753      WARN  main            d.u.i.k.n.ParsingFacade   file:/home/runner/work/key/key/key.core/build/resources/main/de/uka/ilkd/key/java/JavaRedux/java/lang/String.key took 1 ms to parse. 
34754      WARN  main            d.u.i.k.n.ParsingFacade   Parsing time 555 ms. 
37396      WARN  main            d.u.i.k.n.ParsingFacade   /home/runner/work/key/key/key.core/../key.ui/examples/InformationFlow/MethodContracts/contract.IFMethodContract(contract.IFMethodContract__secure_n6()).Non-interference contract.0.m.key took 0 ms to parse. 
37396      WARN  main            d.u.i.k.n.ParsingFacade   Parsing time 555 ms. 
37773      INFO  main            d.u.i.k.p.r.p.TestFile    ... finished proof: closed. 
37966      INFO  main            d.u.i.k.p.r.p.TestFile    Now processing file /home/runner/work/key/key/key.core/../key.ui/examples/InformationFlow/MethodContracts/contract.IFMethodContract(contract.IFMethodContract__secure_array_param((I,int)).Non-interference contract.0.m.key 
37967      WARN  main            d.u.i.k.n.ParsingFacade   /home/runner/work/key/key/key.core/../key.ui/examples/InformationFlow/MethodContracts/contract.IFMethodContract(contract.IFMethodContract__secure_array_param((I,int)).Non-interference contract.0.m.key took 0 ms to parse. 
37967      WARN  main            d.u.i.k.n.ParsingFacade   Parsing time 555 ms. 
39170      WARN  main            d.u.i.k.n.ParsingFacade   file:/home/runner/work/key/key/key.core/build/resources/main/de/uka/ilkd/key/java/JavaRedux/java/lang/String.key took 2 ms to parse. 
39171      WARN  main            d.u.i.k.n.ParsingFacade   Parsing time 557 ms. 
41782      WARN  main            d.u.i.k.n.ParsingFacade   /home/runner/work/key/key/key.core/../key.ui/examples/InformationFlow/MethodContracts/contract.IFMethodContract(contract.IFMethodContract__secure_array_param((I,int)).Non-interference contract.0.m.key took 0 ms to parse. 
41783      WARN  main            d.u.i.k.n.ParsingFacade   Parsing time 557 ms. 
44344      INFO  main            d.u.i.k.p.r.p.TestFile    ... finished proof: closed. 
44597      INFO  main            d.u.i.k.p.r.p.TestFile    Now processing file /home/runner/work/key/key/key.core/../key.ui/examples/InformationFlow/MethodContracts/contract.IFMethodContract(contract.IFMethodContract__secure_assignment_0_n9()).Non-interference contract.0.m.key 
44599      WARN  main            d.u.i.k.n.ParsingFacade   /home/runner/work/key/key/key.core/../key.ui/examples/InformationFlow/MethodContracts/contract.IFMethodContract(contract.IFMethodContract__secure_assignment_0_n9()).Non-interference contract.0.m.key took 0 ms to parse. 
44599      WARN  main            d.u.i.k.n.ParsingFacade   Parsing time 557 ms. 
45809      WARN  main            d.u.i.k.n.ParsingFacade   file:/home/runner/work/key/key/key.core/build/resources/main/de/uka/ilkd/key/java/JavaRedux/java/lang/String.key took 2 ms to parse. 
45809      WARN  main            d.u.i.k.n.ParsingFacade   Parsing time 559 ms. 
48318      WARN  main            d.u.i.k.n.ParsingFacade   /home/runner/work/key/key/key.core/../key.ui/examples/InformationFlow/MethodContracts/contract.IFMethodContract(contract.IFMethodContract__secure_assignment_0_n9()).Non-interference contract.0.m.key took 0 ms to parse. 
48318      WARN  main            d.u.i.k.n.ParsingFacade   Parsing time 559 ms. 
48712      INFO  main            d.u.i.k.p.r.p.TestFile    ... finished proof: closed. 
48943      INFO  main            d.u.i.k.p.r.p.TestFile    Now processing file /home/runner/work/key/key/key.core/../key.ui/examples/InformationFlow/MethodContracts/contract.IFMethodContract(contract.IFMethodContract__insecure_if_high_n5_n1()).Non-interference contract.0.m.key 
48944      WARN  main            d.u.i.k.n.ParsingFacade   /home/runner/work/key/key/key.core/../key.ui/examples/InformationFlow/MethodContracts/contract.IFMethodContract(contract.IFMethodContract__insecure_if_high_n5_n1()).Non-interference contract.0.m.key took 0 ms to parse. 
48945      WARN  main            d.u.i.k.n.ParsingFacade   Parsing time 559 ms. 
50119      WARN  main            d.u.i.k.n.ParsingFacade   file:/home/runner/work/key/key/key.core/build/resources/main/de/uka/ilkd/key/java/JavaRedux/java/lang/String.key took 19 ms to parse. 
50119      WARN  main            d.u.i.k.n.ParsingFacade   Parsing time 578 ms. 
52027      WARN  main            d.u.i.k.n.ParsingFacade   /home/runner/work/key/key/key.core/../key.ui/examples/InformationFlow/MethodContracts/contract.IFMethodContract(contract.IFMethodContract__insecure_if_high_n5_n1()).Non-interference contract.0.m.key took 0 ms to parse. 
52027      WARN  main            d.u.i.k.n.ParsingFacade   Parsing time 578 ms. 
52886      INFO  main            d.u.i.k.p.r.p.TestFile    ... finished proof: open goal(s) 
53080      INFO  main            d.u.i.k.p.r.p.TestFile    Now processing file /home/runner/work/key/key/key.core/../key.ui/examples/InformationFlow/MethodContracts/contract.IFMethodContract(contract.IFMethodContract__n5(int)).Non-interference contract.0.m.key 
53081      WARN  main            d.u.i.k.n.ParsingFacade   /home/runner/work/key/key/key.core/../key.ui/examples/InformationFlow/MethodContracts/contract.IFMethodContract(contract.IFMethodContract__n5(int)).Non-interference contract.0.m.key took 0 ms to parse. 
53081      WARN  main            d.u.i.k.n.ParsingFacade   Parsing time 578 ms. 
54205      WARN  main            d.u.i.k.n.ParsingFacade   file:/home/runner/work/key/key/key.core/build/resources/main/de/uka/ilkd/key/java/JavaRedux/java/lang/String.key took 1 ms to parse. 
54206      WARN  main            d.u.i.k.n.ParsingFacade   Parsing time 579 ms. 
56651      WARN  main            d.u.i.k.n.ParsingFacade   /home/runner/work/key/key/key.core/../key.ui/examples/InformationFlow/MethodContracts/contract.IFMethodContract(contract.IFMethodContract__n5(int)).Non-interference contract.0.m.key took 1 ms to parse. 
56651      WARN  main            d.u.i.k.n.ParsingFacade   Parsing time 580 ms. 
56874      INFO  main            d.u.i.k.p.r.p.TestFile    ... finished proof: closed. 
57111      INFO  main            d.u.i.k.p.r.p.TestFile    Now processing file /home/runner/work/key/key/key.core/../key.ui/examples/InformationFlow/MethodContracts/contract.IFMethodContract(contract.IFMethodContract__secure_if_high_n5_n1()).Non-interference contract.0.m.key 
57114      WARN  main            d.u.i.k.n.ParsingFacade   /home/runner/work/key/key/key.core/../key.ui/examples/InformationFlow/MethodContracts/contract.IFMethodContract(contract.IFMethodContract__secure_if_high_n5_n1()).Non-interference contract.0.m.key took 1 ms to parse. 
57114      WARN  main            d.u.i.k.n.ParsingFacade   Parsing time 581 ms. 
58265      WARN  main            d.u.i.k.n.ParsingFacade   file:/home/runner/work/key/key/key.core/build/resources/main/de/uka/ilkd/key/java/JavaRedux/java/lang/String.key took 1 ms to parse. 
58265      WARN  main            d.u.i.k.n.ParsingFacade   Parsing time 582 ms. 
60714      WARN  main            d.u.i.k.n.ParsingFacade   /home/runner/work/key/key/key.core/../key.ui/examples/InformationFlow/MethodContracts/contract.IFMethodContract(contract.IFMethodContract__secure_if_high_n5_n1()).Non-interference contract.0.m.key took 0 ms to parse. 
60714      WARN  main            d.u.i.k.n.ParsingFacade   Parsing time 582 ms. 
62017      INFO  main            d.u.i.k.p.r.p.TestFile    ... finished proof: closed. 
62278      INFO  main            d.u.i.k.p.r.p.TestFile    Now processing file /home/runner/work/key/key/key.core/../key.ui/examples/InformationFlow/MethodContracts/contract.IFMethodContract(contract.IFMethodContract__secure_if_high_n1()).Non-interference contract.0.m.key 
62279      WARN  main            d.u.i.k.n.ParsingFacade   /home/runner/work/key/key/key.core/../key.ui/examples/InformationFlow/MethodContracts/contract.IFMethodContract(contract.IFMethodContract__secure_if_high_n1()).Non-interference contract.0.m.key took 0 ms to parse. 
62280      WARN  main            d.u.i.k.n.ParsingFacade   Parsing time 582 ms. 
63465      WARN  main            d.u.i.k.n.ParsingFacade   file:/home/runner/work/key/key/key.core/build/resources/main/de/uka/ilkd/key/java/JavaRedux/java/lang/String.key took 1 ms to parse. 
63465      WARN  main            d.u.i.k.n.ParsingFacade   Parsing time 583 ms. 
65884      WARN  main            d.u.i.k.n.ParsingFacade   /home/runner/work/key/key/key.core/../key.ui/examples/InformationFlow/MethodContracts/contract.IFMethodContract(contract.IFMethodContract__secure_if_high_n1()).Non-interference contract.0.m.key took 0 ms to parse. 
65884      WARN  main            d.u.i.k.n.ParsingFacade   Parsing time 583 ms. 
66606      INFO  main            d.u.i.k.p.r.p.TestFile    ... finished proof: closed. 
66845      INFO  main            d.u.i.k.p.r.p.TestFile    Now processing file /home/runner/work/key/key/key.core/../key.ui/examples/InformationFlow/MethodContracts/contract.IFMethodContract(contract.IFMethodContract__secure_n5()).Non-interference contract.0.m.key 
66846      WARN  main            d.u.i.k.n.ParsingFacade   /home/runner/work/key/key/key.core/../key.ui/examples/InformationFlow/MethodContracts/contract.IFMethodContract(contract.IFMethodContract__secure_n5()).Non-interference contract.0.m.key took 0 ms to parse. 
66846      WARN  main            d.u.i.k.n.ParsingFacade   Parsing time 583 ms. 
67974      WARN  main            d.u.i.k.n.ParsingFacade   file:/home/runner/work/key/key/key.core/build/resources/main/de/uka/ilkd/key/java/JavaRedux/java/lang/String.key took 1 ms to parse. 
67975      WARN  main            d.u.i.k.n.ParsingFacade   Parsing time 584 ms. 
70341      WARN  main            d.u.i.k.n.ParsingFacade   /home/runner/work/key/key/key.core/../key.ui/examples/InformationFlow/MethodContracts/contract.IFMethodContract(contract.IFMethodContract__secure_n5()).Non-interference contract.0.m.key took 0 ms to parse. 
70341      WARN  main            d.u.i.k.n.ParsingFacade   Parsing time 584 ms. 
70614      INFO  main            d.u.i.k.p.r.p.TestFile    ... finished proof: closed. 
70860      INFO  main            d.u.i.k.p.r.p.TestFile    Now processing file /home/runner/work/key/key/key.core/../key.ui/examples/InformationFlow/MethodContracts/contract.IFMethodContract(contract.IFMethodContract__n4()).Non-interference contract.0.m.key 
70861      WARN  main            d.u.i.k.n.ParsingFacade   /home/runner/work/key/key/key.core/../key.ui/examples/InformationFlow/MethodContracts/contract.IFMethodContract(contract.IFMethodContract__n4()).Non-interference contract.0.m.key took 0 ms to parse. 
70861      WARN  main            d.u.i.k.n.ParsingFacade   Parsing time 584 ms. 
72025      WARN  main            d.u.i.k.n.ParsingFacade   file:/home/runner/work/key/key/key.core/build/resources/main/de/uka/ilkd/key/java/JavaRedux/java/lang/String.key took 1 ms to parse. 
72026      WARN  main            d.u.i.k.n.ParsingFacade   Parsing time 585 ms. 
74427      WARN  main            d.u.i.k.n.ParsingFacade   /home/runner/work/key/key/key.core/../key.ui/examples/InformationFlow/MethodContracts/contract.IFMethodContract(contract.IFMethodContract__n4()).Non-interference contract.0.m.key took 0 ms to parse. 
74428      WARN  main            d.u.i.k.n.ParsingFacade   Parsing time 585 ms. 
74670      INFO  main            d.u.i.k.p.r.p.TestFile    ... finished proof: closed. 
74920      INFO  main            d.u.i.k.p.r.p.TestFile    Now processing file /home/runner/work/key/key/key.core/../key.ui/examples/InformationFlow/MethodContracts/contract.IFMethodContract(contract.IFMethodContract__n3()).Non-interference contract.0.m.key 
74921      WARN  main            d.u.i.k.n.ParsingFacade   /home/runner/work/key/key/key.core/../key.ui/examples/InformationFlow/MethodContracts/contract.IFMethodContract(contract.IFMethodContract__n3()).Non-interference contract.0.m.key took 0 ms to parse. 
74921      WARN  main            d.u.i.k.n.ParsingFacade   Parsing time 585 ms. 
76133      WARN  main            d.u.i.k.n.ParsingFacade   file:/home/runner/work/key/key/key.core/build/resources/main/de/uka/ilkd/key/java/JavaRedux/java/lang/String.key took 1 ms to parse. 
76134      WARN  main            d.u.i.k.n.ParsingFacade   Parsing time 586 ms. 
78555      WARN  main            d.u.i.k.n.ParsingFacade   /home/runner/work/key/key/key.core/../key.ui/examples/InformationFlow/MethodContracts/contract.IFMethodContract(contract.IFMethodContract__n3()).Non-interference contract.0.m.key took 0 ms to parse. 
78555      WARN  main            d.u.i.k.n.ParsingFacade   Parsing time 586 ms. 
78685      INFO  main            d.u.i.k.p.r.p.TestFile    ... finished proof: closed. 
78915      INFO  main            d.u.i.k.p.r.p.TestFile    Now processing file /home/runner/work/key/key/key.core/../key.ui/examples/InformationFlow/MethodContracts/contract.IFMethodContract(contract.IFMethodContract__secure_sequential_n3_precond_n4()).Non-interference contract.0.m.key 
78916      WARN  main            d.u.i.k.n.ParsingFacade   /home/runner/work/key/key/key.core/../key.ui/examples/InformationFlow/MethodContracts/contract.IFMethodContract(contract.IFMethodContract__secure_sequential_n3_precond_n4()).Non-interference contract.0.m.key took 0 ms to parse. 
78916      WARN  main            d.u.i.k.n.ParsingFacade   Parsing time 586 ms. 
80067      WARN  main            d.u.i.k.n.ParsingFacade   file:/home/runner/work/key/key/key.core/build/resources/main/de/uka/ilkd/key/java/JavaRedux/java/lang/String.key took 1 ms to parse. 
80068      WARN  main            d.u.i.k.n.ParsingFacade   Parsing time 587 ms. 
82466      WARN  main            d.u.i.k.n.ParsingFacade   /home/runner/work/key/key/key.core/../key.ui/examples/InformationFlow/MethodContracts/contract.IFMethodContract(contract.IFMethodContract__secure_sequential_n3_precond_n4()).Non-interference contract.0.m.key took 0 ms to parse. 
82467      WARN  main            d.u.i.k.n.ParsingFacade   Parsing time 587 ms. 
82960      INFO  main            d.u.i.k.p.r.p.TestFile    ... finished proof: closed. 
83211      INFO  main            d.u.i.k.p.r.p.TestFile    Now processing file /home/runner/work/key/key/key.core/../key.ui/examples/InformationFlow/MethodContracts/contract.IFMethodContract(contract.IFMethodContract__insecure_assignment_n2()).Non-interference contract.0.m.key 
83212      WARN  main            d.u.i.k.n.ParsingFacade   /home/runner/work/key/key/key.core/../key.ui/examples/InformationFlow/MethodContracts/contract.IFMethodContract(contract.IFMethodContract__insecure_assignment_n2()).Non-interference contract.0.m.key took 0 ms to parse. 
83212      WARN  main            d.u.i.k.n.ParsingFacade   Parsing time 587 ms. 
84340      WARN  main            d.u.i.k.n.ParsingFacade   file:/home/runner/work/key/key/key.core/build/resources/main/de/uka/ilkd/key/java/JavaRedux/java/lang/String.key took 2 ms to parse. 
84340      WARN  main            d.u.i.k.n.ParsingFacade   Parsing time 589 ms. 
86686      WARN  main            d.u.i.k.n.ParsingFacade   /home/runner/work/key/key/key.core/../key.ui/examples/InformationFlow/MethodContracts/contract.IFMethodContract(contract.IFMethodContract__insecure_assignment_n2()).Non-interference contract.0.m.key took 0 ms to parse. 
86687      WARN  main            d.u.i.k.n.ParsingFacade   Parsing time 589 ms. 
87095      INFO  main            d.u.i.k.p.r.p.TestFile    ... finished proof: open goal(s) 
87358      INFO  main            d.u.i.k.p.r.p.TestFile    Now processing file /home/runner/work/key/key/key.core/../key.ui/examples/InformationFlow/MethodContracts/contract.IFMethodContract(contract.IFMethodContract__secure_assignments_n2()).Non-interference contract.0.m.key 
87360      WARN  main            d.u.i.k.n.ParsingFacade   /home/runner/work/key/key/key.core/../key.ui/examples/InformationFlow/MethodContracts/contract.IFMethodContract(contract.IFMethodContract__secure_assignments_n2()).Non-interference contract.0.m.key took 1 ms to parse. 
87360      WARN  main            d.u.i.k.n.ParsingFacade   Parsing time 590 ms. 
88523      WARN  main            d.u.i.k.n.ParsingFacade   file:/home/runner/work/key/key/key.core/build/resources/main/de/uka/ilkd/key/java/JavaRedux/java/lang/String.key took 2 ms to parse. 
88523      WARN  main            d.u.i.k.n.ParsingFacade   Parsing time 592 ms. 
90856      WARN  main            d.u.i.k.n.ParsingFacade   /home/runner/work/key/key/key.core/../key.ui/examples/InformationFlow/MethodContracts/contract.IFMethodContract(contract.IFMethodContract__secure_assignments_n2()).Non-interference contract.0.m.key took 1 ms to parse. 
90856      WARN  main            d.u.i.k.n.ParsingFacade   Parsing time 593 ms. 
91309      INFO  main            d.u.i.k.p.r.p.TestFile    ... finished proof: closed. 
91648      INFO  main            d.u.i.k.p.r.p.TestFile    Now processing file /home/runner/work/key/key/key.core/../key.ui/examples/InformationFlow/MethodContracts/contract.IFMethodContract(contract.IFMethodContract__n2()).Non-interference contract.0.m.key 
91648      WARN  main            d.u.i.k.n.ParsingFacade   /home/runner/work/key/key/key.core/../key.ui/examples/InformationFlow/MethodContracts/contract.IFMethodContract(contract.IFMethodContract__n2()).Non-interference contract.0.m.key took 0 ms to parse. 
91649      WARN  main            d.u.i.k.n.ParsingFacade   Parsing time 593 ms. 
92805      WARN  main            d.u.i.k.n.ParsingFacade   file:/home/runner/work/key/key/key.core/build/resources/main/de/uka/ilkd/key/java/JavaRedux/java/lang/String.key took 1 ms to parse. 
92805      WARN  main            d.u.i.k.n.ParsingFacade   Parsing time 594 ms. 
95002      WARN  main            d.u.i.k.n.ParsingFacade   /home/runner/work/key/key/key.core/../key.ui/examples/InformationFlow/MethodContracts/contract.IFMethodContract(contract.IFMethodContract__n2()).Non-interference contract.0.m.key took 0 ms to parse. 
95002      WARN  main            d.u.i.k.n.ParsingFacade   Parsing time 594 ms. 
95142      INFO  main            d.u.i.k.p.r.p.TestFile    ... finished proof: closed. 
95363      INFO  main            d.u.i.k.p.r.p.TestFile    Now processing file /home/runner/work/key/key/key.core/../key.ui/examples/InformationFlow/MethodContracts/contract.IFMethodContract(contract.IFMethodContract__n1()).Non-interference contract.0.m.key 
95364      WARN  main            d.u.i.k.n.ParsingFacade   /home/runner/work/key/key/key.core/../key.ui/examples/InformationFlow/MethodContracts/contract.IFMethodContract(contract.IFMethodContract__n1()).Non-interference contract.0.m.key took 0 ms to parse. 
95364      WARN  main            d.u.i.k.n.ParsingFacade   Parsing time 594 ms. 
96387      WARN  main            d.u.i.k.n.ParsingFacade   file:/home/runner/work/key/key/key.core/build/resources/main/de/uka/ilkd/key/java/JavaRedux/java/lang/String.key took 1 ms to parse. 
96387      WARN  main            d.u.i.k.n.ParsingFacade   Parsing time 595 ms. 
98390      WARN  main            d.u.i.k.n.ParsingFacade   /home/runner/work/key/key/key.core/../key.ui/examples/InformationFlow/MethodContracts/contract.IFMethodContract(contract.IFMethodContract__n1()).Non-interference contract.0.m.key took 0 ms to parse. 
98390      WARN  main            d.u.i.k.n.ParsingFacade   Parsing time 595 ms. 
98495      INFO  main            d.u.i.k.p.r.p.TestFile    ... finished proof: closed. 
98703      INFO  main            d.u.i.k.p.r.p.TestFile    Now processing file /home/runner/work/key/key/key.core/../key.ui/examples/InformationFlow/MethodContracts/contract.IFMethodContract(contract.IFMethodContract__secure_sequential_n1_n2()).Non-interference contract.0.m.key 
98704      WARN  main            d.u.i.k.n.ParsingFacade   /home/runner/work/key/key/key.core/../key.ui/examples/InformationFlow/MethodContracts/contract.IFMethodContract(contract.IFMethodContract__secure_sequential_n1_n2()).Non-interference contract.0.m.key took 0 ms to parse. 
98704      WARN  main            d.u.i.k.n.ParsingFacade   Parsing time 595 ms. 
99681      WARN  main            d.u.i.k.n.ParsingFacade   file:/home/runner/work/key/key/key.core/build/resources/main/de/uka/ilkd/key/java/JavaRedux/java/lang/String.key took 4 ms to parse. 
99681      WARN  main            d.u.i.k.n.ParsingFacade   Parsing time 599 ms. 
101528     WARN  main            d.u.i.k.n.ParsingFacade   /home/runner/work/key/key/key.core/../key.ui/examples/InformationFlow/MethodContracts/contract.IFMethodContract(contract.IFMethodContract__secure_sequential_n1_n2()).Non-interference contract.0.m.key took 0 ms to parse. 
101528     WARN  main            d.u.i.k.n.ParsingFacade   Parsing time 599 ms. 
101803     INFO  main            d.u.i.k.p.r.p.TestFile    ... finished proof: closed. 
2686502    INFO  Test worker     d.u.i.k.p.r.RunAllProofsTestUnit Returning from test MethodContracts_fullmacro 
2686503    INFO  Test worker     d.u.i.k.p.r.RunAllProofsTestUnit Running test InformationFlow_fullmacro 
371        INFO  Timeout watchdog d.u.i.k.p.r.p.ForkedTestFileRunner Timeout watcher launched (1000 secs.) 
388        WARN  main            d.u.i.k.s.ProofSettings   The settings in /home/runner/.key/proof-settings.props are *not* read. 
415        INFO  main            d.u.i.k.p.r.p.TestFile    Now processing file /home/runner/work/key/key/key.core/../key.ui/examples/InformationFlow/LoopInvariants/loop.IFLoopExamples(loop.IFLoopExamples__insecure_while_3(int)).Non-interference contract.0.m.key 
635        WARN  main            d.u.i.k.n.ParsingFacade   /home/runner/work/key/key/key.core/../key.ui/examples/InformationFlow/LoopInvariants/loop.IFLoopExamples(loop.IFLoopExamples__insecure_while_3(int)).Non-interference contract.0.m.key took 21 ms to parse. 
635        WARN  main            d.u.i.k.n.ParsingFacade   Parsing time 21 ms. 
806        WARN  main            d.u.i.k.n.ParsingFacade   file:/home/runner/work/key/key/key.core/build/resources/main/de/uka/ilkd/key/proof/rules/standardRules.key took 17 ms to parse. 
807        WARN  main            d.u.i.k.n.ParsingFacade   Parsing time 38 ms. 
820        WARN  main            d.u.i.k.n.ParsingFacade   file:/home/runner/work/key/key/key.core/build/resources/main/de/uka/ilkd/key/proof/rules/ldt.key took 1 ms to parse. 
820        WARN  main            d.u.i.k.n.ParsingFacade   Parsing time 39 ms. 
826        WARN  main            d.u.i.k.n.ParsingFacade   file:/home/runner/work/key/key/key.core/build/resources/main/de/uka/ilkd/key/proof/rules/boolean.key took 3 ms to parse. 
826        WARN  main            d.u.i.k.n.ParsingFacade   Parsing time 42 ms. 
849        WARN  main            d.u.i.k.n.ParsingFacade   file:/home/runner/work/key/key/key.core/build/resources/main/de/uka/ilkd/key/proof/rules/ruleSetsDeclarations.key took 9 ms to parse. 
849        WARN  main            d.u.i.k.n.ParsingFacade   Parsing time 51 ms. 
876        WARN  main            d.u.i.k.n.ParsingFacade   file:/home/runner/work/key/key/key.core/build/resources/main/de/uka/ilkd/key/proof/rules/integerHeader.key took 6 ms to parse. 
877        WARN  main            d.u.i.k.n.ParsingFacade   Parsing time 57 ms. 
880        WARN  main            d.u.i.k.n.ParsingFacade   file:/home/runner/work/key/key/key.core/build/resources/main/de/uka/ilkd/key/proof/rules/floatHeader.key took 2 ms to parse. 
880        WARN  main            d.u.i.k.n.ParsingFacade   Parsing time 59 ms. 
883        WARN  main            d.u.i.k.n.ParsingFacade   file:/home/runner/work/key/key/key.core/build/resources/main/de/uka/ilkd/key/proof/rules/heap.key took 2 ms to parse. 
883        WARN  main            d.u.i.k.n.ParsingFacade   Parsing time 61 ms. 
886        WARN  main            d.u.i.k.n.ParsingFacade   file:/home/runner/work/key/key/key.core/build/resources/main/de/uka/ilkd/key/proof/rules/locSets.key took 0 ms to parse. 
886        WARN  main            d.u.i.k.n.ParsingFacade   Parsing time 61 ms. 
894        WARN  main            d.u.i.k.n.ParsingFacade   file:/home/runner/work/key/key/key.core/build/resources/main/de/uka/ilkd/key/proof/rules/permission.key took 0 ms to parse. 
896        WARN  main            d.u.i.k.n.ParsingFacade   Parsing time 61 ms. 
897        WARN  main            d.u.i.k.n.ParsingFacade   file:/home/runner/work/key/key/key.core/build/resources/main/de/uka/ilkd/key/proof/rules/reach.key took 0 ms to parse. 
897        WARN  main            d.u.i.k.n.ParsingFacade   Parsing time 61 ms. 
898        WARN  main            d.u.i.k.n.ParsingFacade   file:/home/runner/work/key/key/key.core/build/resources/main/de/uka/ilkd/key/proof/rules/seq.key took 0 ms to parse. 
901        WARN  main            d.u.i.k.n.ParsingFacade   Parsing time 61 ms. 
933        WARN  main            d.u.i.k.n.ParsingFacade   file:/home/runner/work/key/key/key.core/build/resources/main/de/uka/ilkd/key/proof/rules/map.key took 25 ms to parse. 
933        WARN  main            d.u.i.k.n.ParsingFacade   Parsing time 86 ms. 
934        WARN  main            d.u.i.k.n.ParsingFacade   file:/home/runner/work/key/key/key.core/build/resources/main/de/uka/ilkd/key/proof/rules/freeADT.key took 0 ms to parse. 
934        WARN  main            d.u.i.k.n.ParsingFacade   Parsing time 86 ms. 
935        WARN  main            d.u.i.k.n.ParsingFacade   file:/home/runner/work/key/key/key.core/build/resources/main/de/uka/ilkd/key/proof/rules/wellfound.key took 0 ms to parse. 
935        WARN  main            d.u.i.k.n.ParsingFacade   Parsing time 86 ms. 
936        WARN  main            d.u.i.k.n.ParsingFacade   file:/home/runner/work/key/key/key.core/build/resources/main/de/uka/ilkd/key/proof/rules/charListHeader.key took 1 ms to parse. 
936        WARN  main            d.u.i.k.n.ParsingFacade   Parsing time 87 ms. 
1107       WARN  main            d.u.i.k.n.ParsingFacade   file:/home/runner/work/key/key/key.core/build/resources/main/de/uka/ilkd/key/proof/rules/propRule.key took 4 ms to parse. 
1107       WARN  main            d.u.i.k.n.ParsingFacade   Parsing time 91 ms. 
1154       WARN  main            d.u.i.k.n.ParsingFacade   file:/home/runner/work/key/key/key.core/build/resources/main/de/uka/ilkd/key/proof/rules/firstOrderRules.key took 12 ms to parse. 
1155       WARN  main            d.u.i.k.n.ParsingFacade   Parsing time 103 ms. 
1176       WARN  main            d.u.i.k.n.ParsingFacade   file:/home/runner/work/key/key/key.core/build/resources/main/de/uka/ilkd/key/proof/rules/ifThenElseRules.key took 3 ms to parse. 
1176       WARN  main            d.u.i.k.n.ParsingFacade   Parsing time 106 ms. 
1202       WARN  main            d.u.i.k.n.ParsingFacade   file:/home/runner/work/key/key/key.core/build/resources/main/de/uka/ilkd/key/proof/rules/formulaNormalisationRules.key took 9 ms to parse. 
1202       WARN  main            d.u.i.k.n.ParsingFacade   Parsing time 115 ms. 
1277       WARN  main            d.u.i.k.n.ParsingFacade   file:/home/runner/work/key/key/key.core/build/resources/main/de/uka/ilkd/key/proof/rules/updateRules.key took 4 ms to parse. 
1277       WARN  main            d.u.i.k.n.ParsingFacade   Parsing time 119 ms. 
1311       WARN  main            d.u.i.k.n.ParsingFacade   file:/home/runner/work/key/key/key.core/build/resources/main/de/uka/ilkd/key/proof/rules/integerRulesCommon.key took 6 ms to parse. 
1311       WARN  main            d.u.i.k.n.ParsingFacade   Parsing time 125 ms. 
1430       WARN  main            d.u.i.k.n.ParsingFacade   file:/home/runner/work/key/key/key.core/build/resources/main/de/uka/ilkd/key/proof/rules/intRules.key took 8 ms to parse. 
1430       WARN  main            d.u.i.k.n.ParsingFacade   Parsing time 133 ms. 
1457       WARN  main            d.u.i.k.n.ParsingFacade   file:/home/runner/work/key/key/key.core/build/resources/main/de/uka/ilkd/key/proof/rules/intRulesUncheckedSemantics.key took 2 ms to parse. 
1457       WARN  main            d.u.i.k.n.ParsingFacade   Parsing time 135 ms. 
1475       WARN  main            d.u.i.k.n.ParsingFacade   file:/home/runner/work/key/key/key.core/build/resources/main/de/uka/ilkd/key/proof/rules/intRulesCheckedSemantics.key took 1 ms to parse. 
1475       WARN  main            d.u.i.k.n.ParsingFacade   Parsing time 136 ms. 
1487       WARN  main            d.u.i.k.n.ParsingFacade   file:/home/runner/work/key/key/key.core/build/resources/main/de/uka/ilkd/key/proof/rules/intRulesJavaSemantics.key took 2 ms to parse. 
1487       WARN  main            d.u.i.k.n.ParsingFacade   Parsing time 138 ms. 
1558       WARN  main            d.u.i.k.n.ParsingFacade   file:/home/runner/work/key/key/key.core/build/resources/main/de/uka/ilkd/key/proof/rules/integerSimplificationRules.key took 50 ms to parse. 
1559       WARN  main            d.u.i.k.n.ParsingFacade   Parsing time 188 ms. 
1667       WARN  main            d.u.i.k.n.ParsingFacade   file:/home/runner/work/key/key/key.core/build/resources/main/de/uka/ilkd/key/proof/rules/intDiv.key took 5 ms to parse. 
1667       WARN  main            d.u.i.k.n.ParsingFacade   Parsing time 193 ms. 
1695       WARN  main            d.u.i.k.n.ParsingFacade   file:/home/runner/work/key/key/key.core/build/resources/main/de/uka/ilkd/key/proof/rules/bsum.key took 11 ms to parse. 
1696       WARN  main            d.u.i.k.n.ParsingFacade   Parsing time 204 ms. 
1727       WARN  main            d.u.i.k.n.ParsingFacade   file:/home/runner/work/key/key/key.core/build/resources/main/de/uka/ilkd/key/proof/rules/bprod.key took 4 ms to parse. 
1727       WARN  main            d.u.i.k.n.ParsingFacade   Parsing time 208 ms. 
1767       WARN  main            d.u.i.k.n.ParsingFacade   file:/home/runner/work/key/key/key.core/build/resources/main/de/uka/ilkd/key/proof/rules/binaryAxioms.key took 1 ms to parse. 
1768       WARN  main            d.u.i.k.n.ParsingFacade   Parsing time 209 ms. 
1772       WARN  main            d.u.i.k.n.ParsingFacade   file:/home/runner/work/key/key/key.core/build/resources/main/de/uka/ilkd/key/proof/rules/binaryLemmas.key took 1 ms to parse. 
1772       WARN  main            d.u.i.k.n.ParsingFacade   Parsing time 210 ms. 
1778       WARN  main            d.u.i.k.n.ParsingFacade   file:/home/runner/work/key/key/key.core/build/resources/main/de/uka/ilkd/key/proof/rules/intPow.key took 2 ms to parse. 
1778       WARN  main            d.u.i.k.n.ParsingFacade   Parsing time 212 ms. 
1790       WARN  main            d.u.i.k.n.ParsingFacade   file:/home/runner/work/key/key/key.core/build/resources/main/de/uka/ilkd/key/proof/rules/floatRulesCommon.key took 4 ms to parse. 
1790       WARN  main            d.u.i.k.n.ParsingFacade   Parsing time 216 ms. 
1803       WARN  main            d.u.i.k.n.ParsingFacade   file:/home/runner/work/key/key/key.core/build/resources/main/de/uka/ilkd/key/proof/rules/floatRules.key took 0 ms to parse. 
1803       WARN  main            d.u.i.k.n.ParsingFacade   Parsing time 216 ms. 
1805       WARN  main            d.u.i.k.n.ParsingFacade   file:/home/runner/work/key/key/key.core/build/resources/main/de/uka/ilkd/key/proof/rules/floatRulesVerifyNormal.key took 1 ms to parse. 
1805       WARN  main            d.u.i.k.n.ParsingFacade   Parsing time 217 ms. 
1808       WARN  main            d.u.i.k.n.ParsingFacade   file:/home/runner/work/key/key/key.core/build/resources/main/de/uka/ilkd/key/proof/rules/floatRulesAssumeStrictfp.key took 3 ms to parse. 
1808       WARN  main            d.u.i.k.n.ParsingFacade   Parsing time 220 ms. 
1827       WARN  main            d.u.i.k.n.ParsingFacade   file:/home/runner/work/key/key/key.core/build/resources/main/de/uka/ilkd/key/proof/rules/genericRules.key took 2 ms to parse. 
1827       WARN  main            d.u.i.k.n.ParsingFacade   Parsing time 222 ms. 
1837       WARN  main            d.u.i.k.n.ParsingFacade   file:/home/runner/work/key/key/key.core/build/resources/main/de/uka/ilkd/key/proof/rules/booleanRules.key took 0 ms to parse. 
1838       WARN  main            d.u.i.k.n.ParsingFacade   Parsing time 222 ms. 
1841       WARN  main            d.u.i.k.n.ParsingFacade   file:/home/runner/work/key/key/key.core/build/resources/main/de/uka/ilkd/key/proof/rules/epsilon.key took 0 ms to parse. 
1841       WARN  main            d.u.i.k.n.ParsingFacade   Parsing time 222 ms. 
1854       WARN  main            d.u.i.k.n.ParsingFacade   file:/home/runner/work/key/key/key.core/build/resources/main/de/uka/ilkd/key/proof/rules/locSetsRules.key took 10 ms to parse. 
1854       WARN  main            d.u.i.k.n.ParsingFacade   Parsing time 232 ms. 
1894       WARN  main            d.u.i.k.n.ParsingFacade   file:/home/runner/work/key/key/key.core/build/resources/main/de/uka/ilkd/key/proof/rules/heapRules.key took 9 ms to parse. 
1894       WARN  main            d.u.i.k.n.ParsingFacade   Parsing time 241 ms. 
1973       WARN  main            d.u.i.k.n.ParsingFacade   file:/home/runner/work/key/key/key.core/build/resources/main/de/uka/ilkd/key/proof/rules/permissionRules.key took 4 ms to parse. 
1973       WARN  main            d.u.i.k.n.ParsingFacade   Parsing time 245 ms. 
1990       WARN  main            d.u.i.k.n.ParsingFacade   file:/home/runner/work/key/key/key.core/build/resources/main/de/uka/ilkd/key/proof/rules/reachRules.key took 4 ms to parse. 
1990       WARN  main            d.u.i.k.n.ParsingFacade   Parsing time 249 ms. 
2002       WARN  main            d.u.i.k.n.ParsingFacade   file:/home/runner/work/key/key/key.core/build/resources/main/de/uka/ilkd/key/proof/rules/seqCoreRules.key took 0 ms to parse. 
2002       WARN  main            d.u.i.k.n.ParsingFacade   Parsing time 249 ms. 
2012       WARN  main            d.u.i.k.n.ParsingFacade   file:/home/runner/work/key/key/key.core/build/resources/main/de/uka/ilkd/key/proof/rules/seqRules.key took 7 ms to parse. 
2012       WARN  main            d.u.i.k.n.ParsingFacade   Parsing time 256 ms. 
2039       WARN  main            d.u.i.k.n.ParsingFacade   file:/home/runner/work/key/key/key.core/build/resources/main/de/uka/ilkd/key/proof/rules/seqPerm.key took 5 ms to parse. 
2039       WARN  main            d.u.i.k.n.ParsingFacade   Parsing time 261 ms. 
2054       WARN  main            d.u.i.k.n.ParsingFacade   file:/home/runner/work/key/key/key.core/build/resources/main/de/uka/ilkd/key/proof/rules/seqPerm2.key took 1 ms to parse. 
2054       WARN  main            d.u.i.k.n.ParsingFacade   Parsing time 262 ms. 
2117       WARN  main            d.u.i.k.n.ParsingFacade   file:/home/runner/work/key/key/key.core/build/resources/main/de/uka/ilkd/key/proof/rules/javaRules.key took 57 ms to parse. 
2118       WARN  main            d.u.i.k.n.ParsingFacade   Parsing time 319 ms. 
2124       WARN  main            d.u.i.k.n.ParsingFacade   file:/home/runner/work/key/key/key.core/build/resources/main/de/uka/ilkd/key/proof/rules/assertions.key took 1 ms to parse. 
2124       WARN  main            d.u.i.k.n.ParsingFacade   Parsing time 320 ms. 
2674       WARN  main            d.u.i.k.n.ParsingFacade   file:/home/runner/work/key/key/key.core/build/resources/main/de/uka/ilkd/key/proof/rules/loopRules.key took 2 ms to parse. 
2674       WARN  main            d.u.i.k.n.ParsingFacade   Parsing time 322 ms. 
2685       WARN  main            d.u.i.k.n.ParsingFacade   file:/home/runner/work/key/key/key.core/build/resources/main/de/uka/ilkd/key/proof/rules/activeUse.key took 2 ms to parse. 
2685       WARN  main            d.u.i.k.n.ParsingFacade   Parsing time 324 ms. 
2733       WARN  main            d.u.i.k.n.ParsingFacade   file:/home/runner/work/key/key/key.core/build/resources/main/de/uka/ilkd/key/proof/rules/instanceAllocation.key took 4 ms to parse. 
2733       WARN  main            d.u.i.k.n.ParsingFacade   Parsing time 328 ms. 
2745       WARN  main            d.u.i.k.n.ParsingFacade   file:/home/runner/work/key/key/key.core/build/resources/main/de/uka/ilkd/key/proof/rules/java5.key took 0 ms to parse. 
2745       WARN  main            d.u.i.k.n.ParsingFacade   Parsing time 328 ms. 
2752       WARN  main            d.u.i.k.n.ParsingFacade   file:/home/runner/work/key/key/key.core/build/resources/main/de/uka/ilkd/key/proof/rules/integerAssignment2UpdateRules.key took 3 ms to parse. 
2752       WARN  main            d.u.i.k.n.ParsingFacade   Parsing time 331 ms. 
2787       WARN  main            d.u.i.k.n.ParsingFacade   file:/home/runner/work/key/key/key.core/build/resources/main/de/uka/ilkd/key/proof/rules/floatAssignment2UpdateRules.key took 5 ms to parse. 
2787       WARN  main            d.u.i.k.n.ParsingFacade   Parsing time 336 ms. 
2817       WARN  main            d.u.i.k.n.ParsingFacade   file:/home/runner/work/key/key/key.core/build/resources/main/de/uka/ilkd/key/proof/rules/bigint.key took 2 ms to parse. 
2817       WARN  main            d.u.i.k.n.ParsingFacade   Parsing time 338 ms. 
2831       WARN  main            d.u.i.k.n.ParsingFacade   file:/home/runner/work/key/key/key.core/build/resources/main/de/uka/ilkd/key/proof/rules/adtProgramDecompositionRules.key took 2 ms to parse. 
2831       WARN  main            d.u.i.k.n.ParsingFacade   Parsing time 340 ms. 
2845       WARN  main            d.u.i.k.n.ParsingFacade   file:/home/runner/work/key/key/key.core/build/resources/main/de/uka/ilkd/key/proof/rules/precRules.key took 0 ms to parse. 
2846       WARN  main            d.u.i.k.n.ParsingFacade   Parsing time 340 ms. 
2851       WARN  main            d.u.i.k.n.ParsingFacade   file:/home/runner/work/key/key/key.core/build/resources/main/de/uka/ilkd/key/proof/rules/charListRules.key took 2 ms to parse. 
2851       WARN  main            d.u.i.k.n.ParsingFacade   Parsing time 342 ms. 
2898       WARN  main            d.u.i.k.n.ParsingFacade   file:/home/runner/work/key/key/key.core/build/resources/main/de/uka/ilkd/key/proof/rules/regExTheory.key took 0 ms to parse. 
2898       WARN  main            d.u.i.k.n.ParsingFacade   Parsing time 342 ms. 
2899       WARN  main            d.u.i.k.n.ParsingFacade   file:/home/runner/work/key/key/key.core/build/resources/main/de/uka/ilkd/key/proof/rules/regExHeader.key took 0 ms to parse. 
2899       WARN  main            d.u.i.k.n.ParsingFacade   Parsing time 342 ms. 
2900       WARN  main            d.u.i.k.n.ParsingFacade   file:/home/runner/work/key/key/key.core/build/resources/main/de/uka/ilkd/key/proof/rules/regExAxioms.key took 0 ms to parse. 
2900       WARN  main            d.u.i.k.n.ParsingFacade   Parsing time 342 ms. 
2905       WARN  main            d.u.i.k.n.ParsingFacade   file:/home/runner/work/key/key/key.core/build/resources/main/de/uka/ilkd/key/proof/rules/regExLemmaProven.key took 1 ms to parse. 
2905       WARN  main            d.u.i.k.n.ParsingFacade   Parsing time 343 ms. 
2910       WARN  main            d.u.i.k.n.ParsingFacade   file:/home/runner/work/key/key/key.core/build/resources/main/de/uka/ilkd/key/proof/rules/seqEq.key took 1 ms to parse. 
2910       WARN  main            d.u.i.k.n.ParsingFacade   Parsing time 344 ms. 
2916       WARN  main            d.u.i.k.n.ParsingFacade   file:/home/runner/work/key/key/key.core/build/resources/main/de/uka/ilkd/key/proof/rules/infFlow.key took 2 ms to parse. 
2916       WARN  main            d.u.i.k.n.ParsingFacade   Parsing time 346 ms. 
2921       WARN  main            d.u.i.k.n.ParsingFacade   file:/home/runner/work/key/key/key.core/build/resources/main/de/uka/ilkd/key/proof/rules/mapSize.key took 1 ms to parse. 
2921       WARN  main            d.u.i.k.n.ParsingFacade   Parsing time 347 ms. 
2923       WARN  main            d.u.i.k.n.ParsingFacade   file:/home/runner/work/key/key/key.core/build/resources/main/de/uka/ilkd/key/proof/rules/wd.key took 0 ms to parse. 
2924       WARN  main            d.u.i.k.n.ParsingFacade   Parsing time 347 ms. 
2929       WARN  main            d.u.i.k.n.ParsingFacade   file:/home/runner/work/key/key/key.core/build/resources/main/de/uka/ilkd/key/proof/rules/wdHeader.key took 1 ms to parse. 
2929       WARN  main            d.u.i.k.n.ParsingFacade   Parsing time 348 ms. 
2930       WARN  main            d.u.i.k.n.ParsingFacade   file:/home/runner/work/key/key/key.core/build/resources/main/de/uka/ilkd/key/proof/rules/wdGeneralRules.key took 0 ms to parse. 
2931       WARN  main            d.u.i.k.n.ParsingFacade   Parsing time 348 ms. 
2938       WARN  main            d.u.i.k.n.ParsingFacade   file:/home/runner/work/key/key/key.core/build/resources/main/de/uka/ilkd/key/proof/rules/wdNumericalRules.key took 3 ms to parse. 
2939       WARN  main            d.u.i.k.n.ParsingFacade   Parsing time 351 ms. 
2955       WARN  main            d.u.i.k.n.ParsingFacade   file:/home/runner/work/key/key/key.core/build/resources/main/de/uka/ilkd/key/proof/rules/wdLocSetRules.key took 1 ms to parse. 
2955       WARN  main            d.u.i.k.n.ParsingFacade   Parsing time 352 ms. 
2960       WARN  main            d.u.i.k.n.ParsingFacade   file:/home/runner/work/key/key/key.core/build/resources/main/de/uka/ilkd/key/proof/rules/wdHeapRules.key took 0 ms to parse. 
2960       WARN  main            d.u.i.k.n.ParsingFacade   Parsing time 352 ms. 
2963       WARN  main            d.u.i.k.n.ParsingFacade   file:/home/runner/work/key/key/key.core/build/resources/main/de/uka/ilkd/key/proof/rules/wdReachRules.key took 0 ms to parse. 
2963       WARN  main            d.u.i.k.n.ParsingFacade   Parsing time 352 ms. 
2965       WARN  main            d.u.i.k.n.ParsingFacade   file:/home/runner/work/key/key/key.core/build/resources/main/de/uka/ilkd/key/proof/rules/wdSeqRules.key took 0 ms to parse. 
2965       WARN  main            d.u.i.k.n.ParsingFacade   Parsing time 352 ms. 
2968       WARN  main            d.u.i.k.n.ParsingFacade   file:/home/runner/work/key/key/key.core/build/resources/main/de/uka/ilkd/key/proof/rules/wdStringRules.key took 0 ms to parse. 
2968       WARN  main            d.u.i.k.n.ParsingFacade   Parsing time 352 ms. 
2970       WARN  main            d.u.i.k.n.ParsingFacade   file:/home/runner/work/key/key/key.core/build/resources/main/de/uka/ilkd/key/proof/rules/wdRegExRules.key took 0 ms to parse. 
2971       WARN  main            d.u.i.k.n.ParsingFacade   Parsing time 352 ms. 
2978       WARN  main            d.u.i.k.n.ParsingFacade   file:/home/runner/work/key/key/key.core/build/resources/main/de/uka/ilkd/key/proof/rules/wdFormulaRules.key took 3 ms to parse. 
2978       WARN  main            d.u.i.k.n.ParsingFacade   Parsing time 355 ms. 
2987       WARN  main            d.u.i.k.n.ParsingFacade   file:/home/runner/work/key/key/key.core/build/resources/main/de/uka/ilkd/key/proof/rules/loopInvariantRules.key took 0 ms to parse. 
2987       WARN  main            d.u.i.k.n.ParsingFacade   Parsing time 355 ms. 
2989       WARN  main            d.u.i.k.n.ParsingFacade   file:/home/runner/work/key/key/key.core/build/resources/main/de/uka/ilkd/key/proof/rules/forLoopRules.key took 0 ms to parse. 
2989       WARN  main            d.u.i.k.n.ParsingFacade   Parsing time 355 ms. 
2997       WARN  main            d.u.i.k.n.ParsingFacade   file:/home/runner/work/key/key/key.core/build/resources/main/de/uka/ilkd/key/proof/rules/execRules.key took 4 ms to parse. 
2997       WARN  main            d.u.i.k.n.ParsingFacade   Parsing time 359 ms. 
3076       WARN  main            d.u.i.k.n.ParsingFacade   file:/home/runner/work/key/key/key.core/build/resources/main/de/uka/ilkd/key/proof/rules/loopScopeRules.key took 2 ms to parse. 
3076       WARN  main            d.u.i.k.n.ParsingFacade   Parsing time 361 ms. 
6660       WARN  main            d.u.i.k.n.ParsingFacade   file:/home/runner/work/key/key/key.core/build/resources/main/de/uka/ilkd/key/java/JavaRedux/java/lang/String.key took 8 ms to parse. 
6660       WARN  main            d.u.i.k.n.ParsingFacade   Parsing time 369 ms. 
9572       WARN  main            d.u.i.k.n.ParsingFacade   /home/runner/work/key/key/key.core/../key.ui/examples/InformationFlow/LoopInvariants/loop.IFLoopExamples(loop.IFLoopExamples__insecure_while_3(int)).Non-interference contract.0.m.key took 0 ms to parse. 
9573       WARN  main            d.u.i.k.n.ParsingFacade   Parsing time 369 ms. 
15336      INFO  main            d.u.i.k.p.r.p.TestFile    ... finished proof: open goal(s) 
15534      INFO  main            d.u.i.k.p.r.p.TestFile    Now processing file /home/runner/work/key/key/key.core/../key.ui/examples/InformationFlow/LoopInvariants/loop.IFLoopExamples(loop.IFLoopExamples__secure_while_2(int)).Non-interference contract.0.m.key 
15535      WARN  main            d.u.i.k.n.ParsingFacade   /home/runner/work/key/key/key.core/../key.ui/examples/InformationFlow/LoopInvariants/loop.IFLoopExamples(loop.IFLoopExamples__secure_while_2(int)).Non-interference contract.0.m.key took 0 ms to parse. 
15535      WARN  main            d.u.i.k.n.ParsingFacade   Parsing time 369 ms. 
16775      WARN  main            d.u.i.k.n.ParsingFacade   file:/home/runner/work/key/key/key.core/build/resources/main/de/uka/ilkd/key/java/JavaRedux/java/lang/String.key took 2 ms to parse. 
16775      WARN  main            d.u.i.k.n.ParsingFacade   Parsing time 371 ms. 
19142      WARN  main            d.u.i.k.n.ParsingFacade   /home/runner/work/key/key/key.core/../key.ui/examples/InformationFlow/LoopInvariants/loop.IFLoopExamples(loop.IFLoopExamples__secure_while_2(int)).Non-interference contract.0.m.key took 0 ms to parse. 
19142      WARN  main            d.u.i.k.n.ParsingFacade   Parsing time 371 ms. 
20650      INFO  main            d.u.i.k.p.r.p.TestFile    ... finished proof: closed. 
20857      INFO  main            d.u.i.k.p.r.p.TestFile    Now processing file /home/runner/work/key/key/key.core/../key.ui/examples/InformationFlow/LoopInvariants/loop.IFLoopExamples(loop.IFLoopExamples__secure_while_4(int)).Non-interference contract.0.m.key 
20857      WARN  main            d.u.i.k.n.ParsingFacade   /home/runner/work/key/key/key.core/../key.ui/examples/InformationFlow/LoopInvariants/loop.IFLoopExamples(loop.IFLoopExamples__secure_while_4(int)).Non-interference contract.0.m.key took 0 ms to parse. 
20857      WARN  main            d.u.i.k.n.ParsingFacade   Parsing time 371 ms. 
22002      WARN  main            d.u.i.k.n.ParsingFacade   file:/home/runner/work/key/key/key.core/build/resources/main/de/uka/ilkd/key/java/JavaRedux/java/lang/String.key took 1 ms to parse. 
22003      WARN  main            d.u.i.k.n.ParsingFacade   Parsing time 372 ms. 
24272      WARN  main            d.u.i.k.n.ParsingFacade   /home/runner/work/key/key/key.core/../key.ui/examples/InformationFlow/LoopInvariants/loop.IFLoopExamples(loop.IFLoopExamples__secure_while_4(int)).Non-interference contract.0.m.key took 1 ms to parse. 
24272      WARN  main            d.u.i.k.n.ParsingFacade   Parsing time 373 ms. 
25640      INFO  main            d.u.i.k.p.r.p.TestFile    ... finished proof: closed. 
25822      INFO  main            d.u.i.k.p.r.p.TestFile    Now processing file /home/runner/work/key/key/key.core/../key.ui/examples/InformationFlow/LoopInvariants/loop.IFLoopExamples(loop.IFLoopExamples__insecure_doubleNestedWhile2(int)).Non-interference contract.0.m.key 
25823      WARN  main            d.u.i.k.n.ParsingFacade   /home/runner/work/key/key/key.core/../key.ui/examples/InformationFlow/LoopInvariants/loop.IFLoopExamples(loop.IFLoopExamples__insecure_doubleNestedWhile2(int)).Non-interference contract.0.m.key took 0 ms to parse. 
25823      WARN  main            d.u.i.k.n.ParsingFacade   Parsing time 373 ms. 
26977      WARN  main            d.u.i.k.n.ParsingFacade   file:/home/runner/work/key/key/key.core/build/resources/main/de/uka/ilkd/key/java/JavaRedux/java/lang/String.key took 1 ms to parse. 
26977      WARN  main            d.u.i.k.n.ParsingFacade   Parsing time 374 ms. 
29182      WARN  main            d.u.i.k.n.ParsingFacade   /home/runner/work/key/key/key.core/../key.ui/examples/InformationFlow/LoopInvariants/loop.IFLoopExamples(loop.IFLoopExamples__insecure_doubleNestedWhile2(int)).Non-interference contract.0.m.key took 0 ms to parse. 
29183      WARN  main            d.u.i.k.n.ParsingFacade   Parsing time 374 ms. 
346408     INFO  main            d.u.i.k.p.r.p.TestFile    ... finished proof: open goal(s) 
346757     INFO  main            d.u.i.k.p.r.p.TestFile    Now processing file /home/runner/work/key/key/key.core/../key.ui/examples/InformationFlow/LoopInvariants/loop.IFLoopExamples(loop.IFLoopExamples__insecure_doubleNestedWhile(int)).Non-interference contract.0.m.key 
346758     WARN  main            d.u.i.k.n.ParsingFacade   /home/runner/work/key/key/key.core/../key.ui/examples/InformationFlow/LoopInvariants/loop.IFLoopExamples(loop.IFLoopExamples__insecure_doubleNestedWhile(int)).Non-interference contract.0.m.key took 0 ms to parse. 
346758     WARN  main            d.u.i.k.n.ParsingFacade   Parsing time 374 ms. 
348128     WARN  main            d.u.i.k.n.ParsingFacade   file:/home/runner/work/key/key/key.core/build/resources/main/de/uka/ilkd/key/java/JavaRedux/java/lang/String.key took 1 ms to parse. 
348129     WARN  main            d.u.i.k.n.ParsingFacade   Parsing time 375 ms. 
351041     WARN  main            d.u.i.k.n.ParsingFacade   /home/runner/work/key/key/key.core/../key.ui/examples/InformationFlow/LoopInvariants/loop.IFLoopExamples(loop.IFLoopExamples__insecure_doubleNestedWhile(int)).Non-interference contract.0.m.key took 0 ms to parse. 
351043     WARN  main            d.u.i.k.n.ParsingFacade   Parsing time 375 ms. 
358638     INFO  main            d.u.i.k.p.r.p.TestFile    ... finished proof: open goal(s) 
359038     INFO  main            d.u.i.k.p.r.p.TestFile    Now processing file /home/runner/work/key/key/key.core/../key.ui/examples/InformationFlow/LoopInvariants/loop.IFLoopExamples(loop.IFLoopExamples__secure_doubleNestedWhile(int)).Non-interference contract.0.m.key 
359039     WARN  main            d.u.i.k.n.ParsingFacade   /home/runner/work/key/key/key.core/../key.ui/examples/InformationFlow/LoopInvariants/loop.IFLoopExamples(loop.IFLoopExamples__secure_doubleNestedWhile(int)).Non-interference contract.0.m.key took 1 ms to parse. 
359039     WARN  main            d.u.i.k.n.ParsingFacade   Parsing time 376 ms. 
360483     WARN  main            d.u.i.k.n.ParsingFacade   file:/home/runner/work/key/key/key.core/build/resources/main/de/uka/ilkd/key/java/JavaRedux/java/lang/String.key took 1 ms to parse. 
360484     WARN  main            d.u.i.k.n.ParsingFacade   Parsing time 377 ms. 
363233     WARN  main            d.u.i.k.n.ParsingFacade   /home/runner/work/key/key/key.core/../key.ui/examples/InformationFlow/LoopInvariants/loop.IFLoopExamples(loop.IFLoopExamples__secure_doubleNestedWhile(int)).Non-interference contract.0.m.key took 1 ms to parse. 
363233     WARN  main            d.u.i.k.n.ParsingFacade   Parsing time 378 ms. 
370379     INFO  main            d.u.i.k.p.r.p.TestFile    ... finished proof: closed. 
370846     INFO  main            d.u.i.k.p.r.p.TestFile    Now processing file /home/runner/work/key/key/key.core/../key.ui/examples/InformationFlow/LoopInvariants/loop.IFLoopExamples(loop.IFLoopExamples__secure_nestedTwoWhile(int)).Non-interference contract.0.m.key 
370849     WARN  main            d.u.i.k.n.ParsingFacade   /home/runner/work/key/key/key.core/../key.ui/examples/InformationFlow/LoopInvariants/loop.IFLoopExamples(loop.IFLoopExamples__secure_nestedTwoWhile(int)).Non-interference contract.0.m.key took 0 ms to parse. 
370850     WARN  main            d.u.i.k.n.ParsingFacade   Parsing time 378 ms. 
372266     WARN  main            d.u.i.k.n.ParsingFacade   file:/home/runner/work/key/key/key.core/build/resources/main/de/uka/ilkd/key/java/JavaRedux/java/lang/String.key took 2 ms to parse. 
372266     WARN  main            d.u.i.k.n.ParsingFacade   Parsing time 380 ms. 
374975     WARN  main            d.u.i.k.n.ParsingFacade   /home/runner/work/key/key/key.core/../key.ui/examples/InformationFlow/LoopInvariants/loop.IFLoopExamples(loop.IFLoopExamples__secure_nestedTwoWhile(int)).Non-interference contract.0.m.key took 0 ms to parse. 
374975     WARN  main            d.u.i.k.n.ParsingFacade   Parsing time 380 ms. 
380431     INFO  main            d.u.i.k.p.r.p.TestFile    ... finished proof: closed. 
380796     INFO  main            d.u.i.k.p.r.p.TestFile    Now processing file /home/runner/work/key/key/key.core/../key.ui/examples/InformationFlow/LoopInvariants/loop.IFLoopExamples(loop.IFLoopExamples__secure_nestedWhile(int)).Non-interference contract.0.m.key 
380798     WARN  main            d.u.i.k.n.ParsingFacade   /home/runner/work/key/key/key.core/../key.ui/examples/InformationFlow/LoopInvariants/loop.IFLoopExamples(loop.IFLoopExamples__secure_nestedWhile(int)).Non-interference contract.0.m.key took 0 ms to parse. 
380800     WARN  main            d.u.i.k.n.ParsingFacade   Parsing time 380 ms. 
382328     WARN  main            d.u.i.k.n.ParsingFacade   file:/home/runner/work/key/key/key.core/build/resources/main/de/uka/ilkd/key/java/JavaRedux/java/lang/String.key took 2 ms to parse. 
382328     WARN  main            d.u.i.k.n.ParsingFacade   Parsing time 382 ms. 
385175     WARN  main            d.u.i.k.n.ParsingFacade   /home/runner/work/key/key/key.core/../key.ui/examples/InformationFlow/LoopInvariants/loop.IFLoopExamples(loop.IFLoopExamples__secure_nestedWhile(int)).Non-interference contract.0.m.key took 0 ms to parse. 
385176     WARN  main            d.u.i.k.n.ParsingFacade   Parsing time 382 ms. 
389219     INFO  main            d.u.i.k.p.r.p.TestFile    ... finished proof: closed. 
389652     INFO  main            d.u.i.k.p.r.p.TestFile    Now processing file /home/runner/work/key/key/key.core/../key.ui/examples/InformationFlow/LoopInvariants/loop.IFLoopExamples(loop.IFLoopExamples__notSecure_while(int)).Non-interference contract.0.m.key 
389652     WARN  main            d.u.i.k.n.ParsingFacade   /home/runner/work/key/key/key.core/../key.ui/examples/InformationFlow/LoopInvariants/loop.IFLoopExamples(loop.IFLoopExamples__notSecure_while(int)).Non-interference contract.0.m.key took 0 ms to parse. 
389652     WARN  main            d.u.i.k.n.ParsingFacade   Parsing time 382 ms. 
390981     WARN  main            d.u.i.k.n.ParsingFacade   file:/home/runner/work/key/key/key.core/build/resources/main/de/uka/ilkd/key/java/JavaRedux/java/lang/String.key took 1 ms to parse. 
390981     WARN  main            d.u.i.k.n.ParsingFacade   Parsing time 383 ms. 
393918     WARN  main            d.u.i.k.n.ParsingFacade   /home/runner/work/key/key/key.core/../key.ui/examples/InformationFlow/LoopInvariants/loop.IFLoopExamples(loop.IFLoopExamples__notSecure_while(int)).Non-interference contract.0.m.key took 0 ms to parse. 
393919     WARN  main            d.u.i.k.n.ParsingFacade   Parsing time 383 ms. 
398066     INFO  main            d.u.i.k.p.r.p.TestFile    ... finished proof: open goal(s) 
398470     INFO  main            d.u.i.k.p.r.p.TestFile    Now processing file /home/runner/work/key/key/key.core/../key.ui/examples/InformationFlow/LoopInvariants/loop.IFLoopExamples(loop.IFLoopExamples__notSecure_while_wrongInv(int)).Non-interference contract.0.m.key 
398470     WARN  main            d.u.i.k.n.ParsingFacade   /home/runner/work/key/key/key.core/../key.ui/examples/InformationFlow/LoopInvariants/loop.IFLoopExamples(loop.IFLoopExamples__notSecure_while_wrongInv(int)).Non-interference contract.0.m.key took 0 ms to parse. 
398470     WARN  main            d.u.i.k.n.ParsingFacade   Parsing time 383 ms. 
399848     WARN  main            d.u.i.k.n.ParsingFacade   file:/home/runner/work/key/key/key.core/build/resources/main/de/uka/ilkd/key/java/JavaRedux/java/lang/String.key took 1 ms to parse. 
399849     WARN  main            d.u.i.k.n.ParsingFacade   Parsing time 384 ms. 
402830     WARN  main            d.u.i.k.n.ParsingFacade   /home/runner/work/key/key/key.core/../key.ui/examples/InformationFlow/LoopInvariants/loop.IFLoopExamples(loop.IFLoopExamples__notSecure_while_wrongInv(int)).Non-interference contract.0.m.key took 0 ms to parse. 
402831     WARN  main            d.u.i.k.n.ParsingFacade   Parsing time 384 ms. 
405337     INFO  main            d.u.i.k.p.r.p.TestFile    ... finished proof: open goal(s) 
405736     INFO  main            d.u.i.k.p.r.p.TestFile    Now processing file /home/runner/work/key/key/key.core/../key.ui/examples/InformationFlow/LoopInvariants/loop.IFLoopExamples(loop.IFLoopExamples__insecure_twoWhile(int)).Non-interference contract.0.m.key 
405737     WARN  main            d.u.i.k.n.ParsingFacade   /home/runner/work/key/key/key.core/../key.ui/examples/InformationFlow/LoopInvariants/loop.IFLoopExamples(loop.IFLoopExamples__insecure_twoWhile(int)).Non-interference contract.0.m.key took 0 ms to parse. 
405737     WARN  main            d.u.i.k.n.ParsingFacade   Parsing time 384 ms. 
407242     WARN  main            d.u.i.k.n.ParsingFacade   file:/home/runner/work/key/key/key.core/build/resources/main/de/uka/ilkd/key/java/JavaRedux/java/lang/String.key took 1 ms to parse. 
407243     WARN  main            d.u.i.k.n.ParsingFacade   Parsing time 385 ms. 
410200     WARN  main            d.u.i.k.n.ParsingFacade   /home/runner/work/key/key/key.core/../key.ui/examples/InformationFlow/LoopInvariants/loop.IFLoopExamples(loop.IFLoopExamples__insecure_twoWhile(int)).Non-interference contract.0.m.key took 0 ms to parse. 
410200     WARN  main            d.u.i.k.n.ParsingFacade   Parsing time 385 ms. 
412821     INFO  main            d.u.i.k.p.r.p.TestFile    ... finished proof: open goal(s) 
413231     INFO  main            d.u.i.k.p.r.p.TestFile    Now processing file /home/runner/work/key/key/key.core/../key.ui/examples/InformationFlow/LoopInvariants/loop.IFLoopExamples(loop.IFLoopExamples__insecure_twoWhile_2(int)).Non-interference contract.0.m.key 
413232     WARN  main            d.u.i.k.n.ParsingFacade   /home/runner/work/key/key/key.core/../key.ui/examples/InformationFlow/LoopInvariants/loop.IFLoopExamples(loop.IFLoopExamples__insecure_twoWhile_2(int)).Non-interference contract.0.m.key took 0 ms to parse. 
413232     WARN  main            d.u.i.k.n.ParsingFacade   Parsing time 385 ms. 
414561     WARN  main            d.u.i.k.n.ParsingFacade   file:/home/runner/work/key/key/key.core/build/resources/main/de/uka/ilkd/key/java/JavaRedux/java/lang/String.key took 1 ms to parse. 
414561     WARN  main            d.u.i.k.n.ParsingFacade   Parsing time 386 ms. 
417519     WARN  main            d.u.i.k.n.ParsingFacade   /home/runner/work/key/key/key.core/../key.ui/examples/InformationFlow/LoopInvariants/loop.IFLoopExamples(loop.IFLoopExamples__insecure_twoWhile_2(int)).Non-interference contract.0.m.key took 0 ms to parse. 
417520     WARN  main            d.u.i.k.n.ParsingFacade   Parsing time 386 ms. 
420900     INFO  main            d.u.i.k.p.r.p.TestFile    ... finished proof: open goal(s) 
421325     INFO  main            d.u.i.k.p.r.p.TestFile    Now processing file /home/runner/work/key/key/key.core/../key.ui/examples/InformationFlow/LoopInvariants/loop.IFLoopExamples(loop.IFLoopExamples__secure_twoWhile(int)).Non-interference contract.0.m.key 
421327     WARN  main            d.u.i.k.n.ParsingFacade   /home/runner/work/key/key/key.core/../key.ui/examples/InformationFlow/LoopInvariants/loop.IFLoopExamples(loop.IFLoopExamples__secure_twoWhile(int)).Non-interference contract.0.m.key took 0 ms to parse. 
421328     WARN  main            d.u.i.k.n.ParsingFacade   Parsing time 386 ms. 
422676     WARN  main            d.u.i.k.n.ParsingFacade   file:/home/runner/work/key/key/key.core/build/resources/main/de/uka/ilkd/key/java/JavaRedux/java/lang/String.key took 1 ms to parse. 
422677     WARN  main            d.u.i.k.n.ParsingFacade   Parsing time 387 ms. 
425554     WARN  main            d.u.i.k.n.ParsingFacade   /home/runner/work/key/key/key.core/../key.ui/examples/InformationFlow/LoopInvariants/loop.IFLoopExamples(loop.IFLoopExamples__secure_twoWhile(int)).Non-interference contract.0.m.key took 0 ms to parse. 
425555     WARN  main            d.u.i.k.n.ParsingFacade   Parsing time 387 ms. 
427937     INFO  main            d.u.i.k.p.r.p.TestFile    ... finished proof: closed. 
428419     INFO  main            d.u.i.k.p.r.p.TestFile    Now processing file /home/runner/work/key/key/key.core/../key.ui/examples/InformationFlow/LoopInvariants/loop.IFLoopExamples(loop.IFLoopExamples__loc_secure_while(int)).Non-interference contract.0.m.key 
428420     WARN  main            d.u.i.k.n.ParsingFacade   /home/runner/work/key/key/key.core/../key.ui/examples/InformationFlow/LoopInvariants/loop.IFLoopExamples(loop.IFLoopExamples__loc_secure_while(int)).Non-interference contract.0.m.key took 0 ms to parse. 
428420     WARN  main            d.u.i.k.n.ParsingFacade   Parsing time 387 ms. 
429851     WARN  main            d.u.i.k.n.ParsingFacade   file:/home/runner/work/key/key/key.core/build/resources/main/de/uka/ilkd/key/java/JavaRedux/java/lang/String.key took 2 ms to parse. 
429852     WARN  main            d.u.i.k.n.ParsingFacade   Parsing time 389 ms. 
432678     WARN  main            d.u.i.k.n.ParsingFacade   /home/runner/work/key/key/key.core/../key.ui/examples/InformationFlow/LoopInvariants/loop.IFLoopExamples(loop.IFLoopExamples__loc_secure_while(int)).Non-interference contract.0.m.key took 0 ms to parse. 
432678     WARN  main            d.u.i.k.n.ParsingFacade   Parsing time 389 ms. 
434250     INFO  main            d.u.i.k.p.r.p.TestFile    ... finished proof: closed. 
434554     INFO  main            d.u.i.k.p.r.p.TestFile    Now processing file /home/runner/work/key/key/key.core/../key.ui/examples/InformationFlow/LoopInvariants/loop.IFLoopExamples(loop.IFLoopExamples__secure_while(int)).Non-interference contract.0.m.key 
434555     WARN  main            d.u.i.k.n.ParsingFacade   /home/runner/work/key/key/key.core/../key.ui/examples/InformationFlow/LoopInvariants/loop.IFLoopExamples(loop.IFLoopExamples__secure_while(int)).Non-interference contract.0.m.key took 0 ms to parse. 
434555     WARN  main            d.u.i.k.n.ParsingFacade   Parsing time 389 ms. 
435951     WARN  main            d.u.i.k.n.ParsingFacade   file:/home/runner/work/key/key/key.core/build/resources/main/de/uka/ilkd/key/java/JavaRedux/java/lang/String.key took 2 ms to parse. 
435951     WARN  main            d.u.i.k.n.ParsingFacade   Parsing time 391 ms. 
438982     WARN  main            d.u.i.k.n.ParsingFacade   /home/runner/work/key/key/key.core/../key.ui/examples/InformationFlow/LoopInvariants/loop.IFLoopExamples(loop.IFLoopExamples__secure_while(int)).Non-interference contract.0.m.key took 0 ms to parse. 
438982     WARN  main            d.u.i.k.n.ParsingFacade   Parsing time 391 ms. 
440215     INFO  main            d.u.i.k.p.r.p.TestFile    ... finished proof: closed. 
440482     INFO  main            d.u.i.k.p.r.p.TestFile    Now processing file /home/runner/work/key/key/key.core/../key.ui/examples/InformationFlow/LoopInvariants/loop.IFLoopExamples(loop.IFLoopExamples__print(int)).Non-interference contract.0.m.key 
440484     WARN  main            d.u.i.k.n.ParsingFacade   /home/runner/work/key/key/key.core/../key.ui/examples/InformationFlow/LoopInvariants/loop.IFLoopExamples(loop.IFLoopExamples__print(int)).Non-interference contract.0.m.key took 0 ms to parse. 
440484     WARN  main            d.u.i.k.n.ParsingFacade   Parsing time 391 ms. 
441919     WARN  main            d.u.i.k.n.ParsingFacade   file:/home/runner/work/key/key/key.core/build/resources/main/de/uka/ilkd/key/java/JavaRedux/java/lang/String.key took 1 ms to parse. 
441919     WARN  main            d.u.i.k.n.ParsingFacade   Parsing time 392 ms. 
444810     WARN  main            d.u.i.k.n.ParsingFacade   /home/runner/work/key/key/key.core/../key.ui/examples/InformationFlow/LoopInvariants/loop.IFLoopExamples(loop.IFLoopExamples__print(int)).Non-interference contract.0.m.key took 0 ms to parse. 
444810     WARN  main            d.u.i.k.n.ParsingFacade   Parsing time 392 ms. 
445013     INFO  main            d.u.i.k.p.r.p.TestFile    ... finished proof: closed. 
445316     INFO  main            d.u.i.k.p.r.p.TestFile    Now processing file /home/runner/work/key/key/key.core/../key.ui/examples/InformationFlow/LoopInvariants/loop.IFLoopExamples(loop.IFLoopExamples__hammer(int)).Non-interference contract.0.m.key 
445316     WARN  main            d.u.i.k.n.ParsingFacade   /home/runner/work/key/key/key.core/../key.ui/examples/InformationFlow/LoopInvariants/loop.IFLoopExamples(loop.IFLoopExamples__hammer(int)).Non-interference contract.0.m.key took 0 ms to parse. 
445317     WARN  main            d.u.i.k.n.ParsingFacade   Parsing time 392 ms. 
446745     WARN  main            d.u.i.k.n.ParsingFacade   file:/home/runner/work/key/key/key.core/build/resources/main/de/uka/ilkd/key/java/JavaRedux/java/lang/String.key took 1 ms to parse. 
446746     WARN  main            d.u.i.k.n.ParsingFacade   Parsing time 393 ms. 
449721     WARN  main            d.u.i.k.n.ParsingFacade   /home/runner/work/key/key/key.core/../key.ui/examples/InformationFlow/LoopInvariants/loop.IFLoopExamples(loop.IFLoopExamples__hammer(int)).Non-interference contract.0.m.key took 0 ms to parse. 
449721     WARN  main            d.u.i.k.n.ParsingFacade   Parsing time 393 ms. 
451912     INFO  main            d.u.i.k.p.r.p.TestFile    ... finished proof: closed. 
3138967    INFO  Test worker     d.u.i.k.p.r.RunAllProofsTestUnit Returning from test InformationFlow_fullmacro 
3138972    INFO  Test worker     d.u.i.k.p.r.RunAllProofsTestUnit Running test MiniExamples_fullmacro 
666        INFO  Timeout watchdog d.u.i.k.p.r.p.ForkedTestFileRunner Timeout watcher launched (1000 secs.) 
703        WARN  main            d.u.i.k.s.ProofSettings   The settings in /home/runner/.key/proof-settings.props are *not* read. 
755        INFO  main            d.u.i.k.p.r.p.TestFile    Now processing file /home/runner/work/key/key/key.core/../key.ui/examples/InformationFlow/MiniExamples/mini.AliasingExamples(mini.AliasingExamples__insecure_1(mini.AliasingExamples,mini.AliasingExamples,int)).Non-interference contract.0.m.key 
1116       WARN  main            d.u.i.k.n.ParsingFacade   /home/runner/work/key/key/key.core/../key.ui/examples/InformationFlow/MiniExamples/mini.AliasingExamples(mini.AliasingExamples__insecure_1(mini.AliasingExamples,mini.AliasingExamples,int)).Non-interference contract.0.m.key took 47 ms to parse. 
1117       WARN  main            d.u.i.k.n.ParsingFacade   Parsing time 47 ms. 
1396       WARN  main            d.u.i.k.n.ParsingFacade   file:/home/runner/work/key/key/key.core/build/resources/main/de/uka/ilkd/key/proof/rules/standardRules.key took 14 ms to parse. 
1396       WARN  main            d.u.i.k.n.ParsingFacade   Parsing time 61 ms. 
1412       WARN  main            d.u.i.k.n.ParsingFacade   file:/home/runner/work/key/key/key.core/build/resources/main/de/uka/ilkd/key/proof/rules/ldt.key took 1 ms to parse. 
1412       WARN  main            d.u.i.k.n.ParsingFacade   Parsing time 62 ms. 
1421       WARN  main            d.u.i.k.n.ParsingFacade   file:/home/runner/work/key/key/key.core/build/resources/main/de/uka/ilkd/key/proof/rules/boolean.key took 4 ms to parse. 
1421       WARN  main            d.u.i.k.n.ParsingFacade   Parsing time 66 ms. 
1456       WARN  main            d.u.i.k.n.ParsingFacade   file:/home/runner/work/key/key/key.core/build/resources/main/de/uka/ilkd/key/proof/rules/ruleSetsDeclarations.key took 15 ms to parse. 
1459       WARN  main            d.u.i.k.n.ParsingFacade   Parsing time 81 ms. 
1493       WARN  main            d.u.i.k.n.ParsingFacade   file:/home/runner/work/key/key/key.core/build/resources/main/de/uka/ilkd/key/proof/rules/integerHeader.key took 5 ms to parse. 
1494       WARN  main            d.u.i.k.n.ParsingFacade   Parsing time 86 ms. 
1497       WARN  main            d.u.i.k.n.ParsingFacade   file:/home/runner/work/key/key/key.core/build/resources/main/de/uka/ilkd/key/proof/rules/floatHeader.key took 1 ms to parse. 
1497       WARN  main            d.u.i.k.n.ParsingFacade   Parsing time 87 ms. 
1501       WARN  main            d.u.i.k.n.ParsingFacade   file:/home/runner/work/key/key/key.core/build/resources/main/de/uka/ilkd/key/proof/rules/heap.key took 2 ms to parse. 
1501       WARN  main            d.u.i.k.n.ParsingFacade   Parsing time 89 ms. 
1505       WARN  main            d.u.i.k.n.ParsingFacade   file:/home/runner/work/key/key/key.core/build/resources/main/de/uka/ilkd/key/proof/rules/locSets.key took 0 ms to parse. 
1505       WARN  main            d.u.i.k.n.ParsingFacade   Parsing time 89 ms. 
1507       WARN  main            d.u.i.k.n.ParsingFacade   file:/home/runner/work/key/key/key.core/build/resources/main/de/uka/ilkd/key/proof/rules/permission.key took 1 ms to parse. 
1507       WARN  main            d.u.i.k.n.ParsingFacade   Parsing time 90 ms. 
1508       WARN  main            d.u.i.k.n.ParsingFacade   file:/home/runner/work/key/key/key.core/build/resources/main/de/uka/ilkd/key/proof/rules/reach.key took 0 ms to parse. 
1508       WARN  main            d.u.i.k.n.ParsingFacade   Parsing time 90 ms. 
1509       WARN  main            d.u.i.k.n.ParsingFacade   file:/home/runner/work/key/key/key.core/build/resources/main/de/uka/ilkd/key/proof/rules/seq.key took 0 ms to parse. 
1509       WARN  main            d.u.i.k.n.ParsingFacade   Parsing time 90 ms. 
1548       WARN  main            d.u.i.k.n.ParsingFacade   file:/home/runner/work/key/key/key.core/build/resources/main/de/uka/ilkd/key/proof/rules/map.key took 37 ms to parse. 
1551       WARN  main            d.u.i.k.n.ParsingFacade   Parsing time 127 ms. 
1555       WARN  main            d.u.i.k.n.ParsingFacade   file:/home/runner/work/key/key/key.core/build/resources/main/de/uka/ilkd/key/proof/rules/freeADT.key took 1 ms to parse. 
1555       WARN  main            d.u.i.k.n.ParsingFacade   Parsing time 128 ms. 
1556       WARN  main            d.u.i.k.n.ParsingFacade   file:/home/runner/work/key/key/key.core/build/resources/main/de/uka/ilkd/key/proof/rules/wellfound.key took 0 ms to parse. 
1556       WARN  main            d.u.i.k.n.ParsingFacade   Parsing time 128 ms. 
1557       WARN  main            d.u.i.k.n.ParsingFacade   file:/home/runner/work/key/key/key.core/build/resources/main/de/uka/ilkd/key/proof/rules/charListHeader.key took 0 ms to parse. 
1558       WARN  main            d.u.i.k.n.ParsingFacade   Parsing time 128 ms. 
1775       WARN  main            d.u.i.k.n.ParsingFacade   file:/home/runner/work/key/key/key.core/build/resources/main/de/uka/ilkd/key/proof/rules/propRule.key took 9 ms to parse. 
1775       WARN  main            d.u.i.k.n.ParsingFacade   Parsing time 137 ms. 
1873       WARN  main            d.u.i.k.n.ParsingFacade   file:/home/runner/work/key/key/key.core/build/resources/main/de/uka/ilkd/key/proof/rules/firstOrderRules.key took 18 ms to parse. 
1873       WARN  main            d.u.i.k.n.ParsingFacade   Parsing time 155 ms. 
1914       WARN  main            d.u.i.k.n.ParsingFacade   file:/home/runner/work/key/key/key.core/build/resources/main/de/uka/ilkd/key/proof/rules/ifThenElseRules.key took 6 ms to parse. 
1917       WARN  main            d.u.i.k.n.ParsingFacade   Parsing time 161 ms. 
2000       WARN  main            d.u.i.k.n.ParsingFacade   file:/home/runner/work/key/key/key.core/build/resources/main/de/uka/ilkd/key/proof/rules/formulaNormalisationRules.key took 38 ms to parse. 
2000       WARN  main            d.u.i.k.n.ParsingFacade   Parsing time 199 ms. 
2196       WARN  main            d.u.i.k.n.ParsingFacade   file:/home/runner/work/key/key/key.core/build/resources/main/de/uka/ilkd/key/proof/rules/updateRules.key took 12 ms to parse. 
2196       WARN  main            d.u.i.k.n.ParsingFacade   Parsing time 211 ms. 
2234       WARN  main            d.u.i.k.n.ParsingFacade   file:/home/runner/work/key/key/key.core/build/resources/main/de/uka/ilkd/key/proof/rules/integerRulesCommon.key took 4 ms to parse. 
2234       WARN  main            d.u.i.k.n.ParsingFacade   Parsing time 215 ms. 
2406       WARN  main            d.u.i.k.n.ParsingFacade   file:/home/runner/work/key/key/key.core/build/resources/main/de/uka/ilkd/key/proof/rules/intRules.key took 6 ms to parse. 
2406       WARN  main            d.u.i.k.n.ParsingFacade   Parsing time 221 ms. 
2442       WARN  main            d.u.i.k.n.ParsingFacade   file:/home/runner/work/key/key/key.core/build/resources/main/de/uka/ilkd/key/proof/rules/intRulesUncheckedSemantics.key took 9 ms to parse. 
2442       WARN  main            d.u.i.k.n.ParsingFacade   Parsing time 230 ms. 
2459       WARN  main            d.u.i.k.n.ParsingFacade   file:/home/runner/work/key/key/key.core/build/resources/main/de/uka/ilkd/key/proof/rules/intRulesCheckedSemantics.key took 1 ms to parse. 
2459       WARN  main            d.u.i.k.n.ParsingFacade   Parsing time 231 ms. 
2474       WARN  main            d.u.i.k.n.ParsingFacade   file:/home/runner/work/key/key/key.core/build/resources/main/de/uka/ilkd/key/proof/rules/intRulesJavaSemantics.key took 6 ms to parse. 
2474       WARN  main            d.u.i.k.n.ParsingFacade   Parsing time 237 ms. 
2615       WARN  main            d.u.i.k.n.ParsingFacade   file:/home/runner/work/key/key/key.core/build/resources/main/de/uka/ilkd/key/proof/rules/integerSimplificationRules.key took 114 ms to parse. 
2615       WARN  main            d.u.i.k.n.ParsingFacade   Parsing time 351 ms. 
2785       WARN  main            d.u.i.k.n.ParsingFacade   file:/home/runner/work/key/key/key.core/build/resources/main/de/uka/ilkd/key/proof/rules/intDiv.key took 9 ms to parse. 
2785       WARN  main            d.u.i.k.n.ParsingFacade   Parsing time 360 ms. 
2829       WARN  main            d.u.i.k.n.ParsingFacade   file:/home/runner/work/key/key/key.core/build/resources/main/de/uka/ilkd/key/proof/rules/bsum.key took 15 ms to parse. 
2829       WARN  main            d.u.i.k.n.ParsingFacade   Parsing time 375 ms. 
2949       WARN  main            d.u.i.k.n.ParsingFacade   file:/home/runner/work/key/key/key.core/build/resources/main/de/uka/ilkd/key/proof/rules/bprod.key took 5 ms to parse. 
2949       WARN  main            d.u.i.k.n.ParsingFacade   Parsing time 380 ms. 
2986       WARN  main            d.u.i.k.n.ParsingFacade   file:/home/runner/work/key/key/key.core/build/resources/main/de/uka/ilkd/key/proof/rules/binaryAxioms.key took 2 ms to parse. 
2987       WARN  main            d.u.i.k.n.ParsingFacade   Parsing time 382 ms. 
3003       WARN  main            d.u.i.k.n.ParsingFacade   file:/home/runner/work/key/key/key.core/build/resources/main/de/uka/ilkd/key/proof/rules/binaryLemmas.key took 4 ms to parse. 
3003       WARN  main            d.u.i.k.n.ParsingFacade   Parsing time 386 ms. 
3023       WARN  main            d.u.i.k.n.ParsingFacade   file:/home/runner/work/key/key/key.core/build/resources/main/de/uka/ilkd/key/proof/rules/intPow.key took 2 ms to parse. 
3023       WARN  main            d.u.i.k.n.ParsingFacade   Parsing time 388 ms. 
3036       WARN  main            d.u.i.k.n.ParsingFacade   file:/home/runner/work/key/key/key.core/build/resources/main/de/uka/ilkd/key/proof/rules/floatRulesCommon.key took 4 ms to parse. 
3036       WARN  main            d.u.i.k.n.ParsingFacade   Parsing time 392 ms. 
3051       WARN  main            d.u.i.k.n.ParsingFacade   file:/home/runner/work/key/key/key.core/build/resources/main/de/uka/ilkd/key/proof/rules/floatRules.key took 0 ms to parse. 
3051       WARN  main            d.u.i.k.n.ParsingFacade   Parsing time 392 ms. 
3053       WARN  main            d.u.i.k.n.ParsingFacade   file:/home/runner/work/key/key/key.core/build/resources/main/de/uka/ilkd/key/proof/rules/floatRulesVerifyNormal.key took 0 ms to parse. 
3054       WARN  main            d.u.i.k.n.ParsingFacade   Parsing time 392 ms. 
3058       WARN  main            d.u.i.k.n.ParsingFacade   file:/home/runner/work/key/key/key.core/build/resources/main/de/uka/ilkd/key/proof/rules/floatRulesAssumeStrictfp.key took 3 ms to parse. 
3059       WARN  main            d.u.i.k.n.ParsingFacade   Parsing time 395 ms. 
3084       WARN  main            d.u.i.k.n.ParsingFacade   file:/home/runner/work/key/key/key.core/build/resources/main/de/uka/ilkd/key/proof/rules/genericRules.key took 2 ms to parse. 
3084       WARN  main            d.u.i.k.n.ParsingFacade   Parsing time 397 ms. 
3097       WARN  main            d.u.i.k.n.ParsingFacade   file:/home/runner/work/key/key/key.core/build/resources/main/de/uka/ilkd/key/proof/rules/booleanRules.key took 1 ms to parse. 
3098       WARN  main            d.u.i.k.n.ParsingFacade   Parsing time 398 ms. 
3102       WARN  main            d.u.i.k.n.ParsingFacade   file:/home/runner/work/key/key/key.core/build/resources/main/de/uka/ilkd/key/proof/rules/epsilon.key took 1 ms to parse. 
3103       WARN  main            d.u.i.k.n.ParsingFacade   Parsing time 399 ms. 
3115       WARN  main            d.u.i.k.n.ParsingFacade   file:/home/runner/work/key/key/key.core/build/resources/main/de/uka/ilkd/key/proof/rules/locSetsRules.key took 9 ms to parse. 
3116       WARN  main            d.u.i.k.n.ParsingFacade   Parsing time 408 ms. 
3211       WARN  main            d.u.i.k.n.ParsingFacade   file:/home/runner/work/key/key/key.core/build/resources/main/de/uka/ilkd/key/proof/rules/heapRules.key took 14 ms to parse. 
3212       WARN  main            d.u.i.k.n.ParsingFacade   Parsing time 422 ms. 
3273       WARN  main            d.u.i.k.n.ParsingFacade   file:/home/runner/work/key/key/key.core/build/resources/main/de/uka/ilkd/key/proof/rules/permissionRules.key took 5 ms to parse. 
3274       WARN  main            d.u.i.k.n.ParsingFacade   Parsing time 427 ms. 
3298       WARN  main            d.u.i.k.n.ParsingFacade   file:/home/runner/work/key/key/key.core/build/resources/main/de/uka/ilkd/key/proof/rules/reachRules.key took 4 ms to parse. 
3298       WARN  main            d.u.i.k.n.ParsingFacade   Parsing time 431 ms. 
3311       WARN  main            d.u.i.k.n.ParsingFacade   file:/home/runner/work/key/key/key.core/build/resources/main/de/uka/ilkd/key/proof/rules/seqCoreRules.key took 0 ms to parse. 
3312       WARN  main            d.u.i.k.n.ParsingFacade   Parsing time 431 ms. 
3321       WARN  main            d.u.i.k.n.ParsingFacade   file:/home/runner/work/key/key/key.core/build/resources/main/de/uka/ilkd/key/proof/rules/seqRules.key took 6 ms to parse. 
3322       WARN  main            d.u.i.k.n.ParsingFacade   Parsing time 437 ms. 
3386       WARN  main            d.u.i.k.n.ParsingFacade   file:/home/runner/work/key/key/key.core/build/resources/main/de/uka/ilkd/key/proof/rules/seqPerm.key took 7 ms to parse. 
3386       WARN  main            d.u.i.k.n.ParsingFacade   Parsing time 444 ms. 
3413       WARN  main            d.u.i.k.n.ParsingFacade   file:/home/runner/work/key/key/key.core/build/resources/main/de/uka/ilkd/key/proof/rules/seqPerm2.key took 8 ms to parse. 
3414       WARN  main            d.u.i.k.n.ParsingFacade   Parsing time 452 ms. 
3472       WARN  main            d.u.i.k.n.ParsingFacade   file:/home/runner/work/key/key/key.core/build/resources/main/de/uka/ilkd/key/proof/rules/javaRules.key took 49 ms to parse. 
3472       WARN  main            d.u.i.k.n.ParsingFacade   Parsing time 501 ms. 
3481       WARN  main            d.u.i.k.n.ParsingFacade   file:/home/runner/work/key/key/key.core/build/resources/main/de/uka/ilkd/key/proof/rules/assertions.key took 1 ms to parse. 
3482       WARN  main            d.u.i.k.n.ParsingFacade   Parsing time 502 ms. 
4286       WARN  main            d.u.i.k.n.ParsingFacade   file:/home/runner/work/key/key/key.core/build/resources/main/de/uka/ilkd/key/proof/rules/loopRules.key took 2 ms to parse. 
4286       WARN  main            d.u.i.k.n.ParsingFacade   Parsing time 504 ms. 
4301       WARN  main            d.u.i.k.n.ParsingFacade   file:/home/runner/work/key/key/key.core/build/resources/main/de/uka/ilkd/key/proof/rules/activeUse.key took 2 ms to parse. 
4302       WARN  main            d.u.i.k.n.ParsingFacade   Parsing time 506 ms. 
4389       WARN  main            d.u.i.k.n.ParsingFacade   file:/home/runner/work/key/key/key.core/build/resources/main/de/uka/ilkd/key/proof/rules/instanceAllocation.key took 8 ms to parse. 
4390       WARN  main            d.u.i.k.n.ParsingFacade   Parsing time 514 ms. 
4414       WARN  main            d.u.i.k.n.ParsingFacade   file:/home/runner/work/key/key/key.core/build/resources/main/de/uka/ilkd/key/proof/rules/java5.key took 0 ms to parse. 
4415       WARN  main            d.u.i.k.n.ParsingFacade   Parsing time 514 ms. 
4445       WARN  main            d.u.i.k.n.ParsingFacade   file:/home/runner/work/key/key/key.core/build/resources/main/de/uka/ilkd/key/proof/rules/integerAssignment2UpdateRules.key took 24 ms to parse. 
4446       WARN  main            d.u.i.k.n.ParsingFacade   Parsing time 538 ms. 
4500       WARN  main            d.u.i.k.n.ParsingFacade   file:/home/runner/work/key/key/key.core/build/resources/main/de/uka/ilkd/key/proof/rules/floatAssignment2UpdateRules.key took 5 ms to parse. 
4505       WARN  main            d.u.i.k.n.ParsingFacade   Parsing time 543 ms. 
4568       WARN  main            d.u.i.k.n.ParsingFacade   file:/home/runner/work/key/key/key.core/build/resources/main/de/uka/ilkd/key/proof/rules/bigint.key took 4 ms to parse. 
4570       WARN  main            d.u.i.k.n.ParsingFacade   Parsing time 547 ms. 
4610       WARN  main            d.u.i.k.n.ParsingFacade   file:/home/runner/work/key/key/key.core/build/resources/main/de/uka/ilkd/key/proof/rules/adtProgramDecompositionRules.key took 4 ms to parse. 
4611       WARN  main            d.u.i.k.n.ParsingFacade   Parsing time 551 ms. 
4662       WARN  main            d.u.i.k.n.ParsingFacade   file:/home/runner/work/key/key/key.core/build/resources/main/de/uka/ilkd/key/proof/rules/precRules.key took 1 ms to parse. 
4662       WARN  main            d.u.i.k.n.ParsingFacade   Parsing time 552 ms. 
4668       WARN  main            d.u.i.k.n.ParsingFacade   file:/home/runner/work/key/key/key.core/build/resources/main/de/uka/ilkd/key/proof/rules/charListRules.key took 3 ms to parse. 
4669       WARN  main            d.u.i.k.n.ParsingFacade   Parsing time 555 ms. 
4678       WARN  main            d.u.i.k.n.ParsingFacade   file:/home/runner/work/key/key/key.core/build/resources/main/de/uka/ilkd/key/proof/rules/regExTheory.key took 0 ms to parse. 
4679       WARN  main            d.u.i.k.n.ParsingFacade   Parsing time 555 ms. 
4680       WARN  main            d.u.i.k.n.ParsingFacade   file:/home/runner/work/key/key/key.core/build/resources/main/de/uka/ilkd/key/proof/rules/regExHeader.key took 0 ms to parse. 
4680       WARN  main            d.u.i.k.n.ParsingFacade   Parsing time 555 ms. 
4682       WARN  main            d.u.i.k.n.ParsingFacade   file:/home/runner/work/key/key/key.core/build/resources/main/de/uka/ilkd/key/proof/rules/regExAxioms.key took 1 ms to parse. 
4682       WARN  main            d.u.i.k.n.ParsingFacade   Parsing time 556 ms. 
4686       WARN  main            d.u.i.k.n.ParsingFacade   file:/home/runner/work/key/key/key.core/build/resources/main/de/uka/ilkd/key/proof/rules/regExLemmaProven.key took 1 ms to parse. 
4687       WARN  main            d.u.i.k.n.ParsingFacade   Parsing time 557 ms. 
4692       WARN  main            d.u.i.k.n.ParsingFacade   file:/home/runner/work/key/key/key.core/build/resources/main/de/uka/ilkd/key/proof/rules/seqEq.key took 1 ms to parse. 
4692       WARN  main            d.u.i.k.n.ParsingFacade   Parsing time 558 ms. 
4698       WARN  main            d.u.i.k.n.ParsingFacade   file:/home/runner/work/key/key/key.core/build/resources/main/de/uka/ilkd/key/proof/rules/infFlow.key took 1 ms to parse. 
4699       WARN  main            d.u.i.k.n.ParsingFacade   Parsing time 559 ms. 
4703       WARN  main            d.u.i.k.n.ParsingFacade   file:/home/runner/work/key/key/key.core/build/resources/main/de/uka/ilkd/key/proof/rules/mapSize.key took 0 ms to parse. 
4704       WARN  main            d.u.i.k.n.ParsingFacade   Parsing time 559 ms. 
4707       WARN  main            d.u.i.k.n.ParsingFacade   file:/home/runner/work/key/key/key.core/build/resources/main/de/uka/ilkd/key/proof/rules/wd.key took 0 ms to parse. 
4707       WARN  main            d.u.i.k.n.ParsingFacade   Parsing time 559 ms. 
4709       WARN  main            d.u.i.k.n.ParsingFacade   file:/home/runner/work/key/key/key.core/build/resources/main/de/uka/ilkd/key/proof/rules/wdHeader.key took 0 ms to parse. 
4710       WARN  main            d.u.i.k.n.ParsingFacade   Parsing time 559 ms. 
4711       WARN  main            d.u.i.k.n.ParsingFacade   file:/home/runner/work/key/key/key.core/build/resources/main/de/uka/ilkd/key/proof/rules/wdGeneralRules.key took 0 ms to parse. 
4712       WARN  main            d.u.i.k.n.ParsingFacade   Parsing time 559 ms. 
4724       WARN  main            d.u.i.k.n.ParsingFacade   file:/home/runner/work/key/key/key.core/build/resources/main/de/uka/ilkd/key/proof/rules/wdNumericalRules.key took 5 ms to parse. 
4725       WARN  main            d.u.i.k.n.ParsingFacade   Parsing time 564 ms. 
4755       WARN  main            d.u.i.k.n.ParsingFacade   file:/home/runner/work/key/key/key.core/build/resources/main/de/uka/ilkd/key/proof/rules/wdLocSetRules.key took 2 ms to parse. 
4756       WARN  main            d.u.i.k.n.ParsingFacade   Parsing time 566 ms. 
4771       WARN  main            d.u.i.k.n.ParsingFacade   file:/home/runner/work/key/key/key.core/build/resources/main/de/uka/ilkd/key/proof/rules/wdHeapRules.key took 2 ms to parse. 
4772       WARN  main            d.u.i.k.n.ParsingFacade   Parsing time 568 ms. 
4784       WARN  main            d.u.i.k.n.ParsingFacade   file:/home/runner/work/key/key/key.core/build/resources/main/de/uka/ilkd/key/proof/rules/wdReachRules.key took 1 ms to parse. 
4785       WARN  main            d.u.i.k.n.ParsingFacade   Parsing time 569 ms. 
4791       WARN  main            d.u.i.k.n.ParsingFacade   file:/home/runner/work/key/key/key.core/build/resources/main/de/uka/ilkd/key/proof/rules/wdSeqRules.key took 1 ms to parse. 
4792       WARN  main            d.u.i.k.n.ParsingFacade   Parsing time 570 ms. 
4803       WARN  main            d.u.i.k.n.ParsingFacade   file:/home/runner/work/key/key/key.core/build/resources/main/de/uka/ilkd/key/proof/rules/wdStringRules.key took 1 ms to parse. 
4805       WARN  main            d.u.i.k.n.ParsingFacade   Parsing time 571 ms. 
4816       WARN  main            d.u.i.k.n.ParsingFacade   file:/home/runner/work/key/key/key.core/build/resources/main/de/uka/ilkd/key/proof/rules/wdRegExRules.key took 0 ms to parse. 
4817       WARN  main            d.u.i.k.n.ParsingFacade   Parsing time 571 ms. 
4829       WARN  main            d.u.i.k.n.ParsingFacade   file:/home/runner/work/key/key/key.core/build/resources/main/de/uka/ilkd/key/proof/rules/wdFormulaRules.key took 5 ms to parse. 
4830       WARN  main            d.u.i.k.n.ParsingFacade   Parsing time 576 ms. 
4888       WARN  main            d.u.i.k.n.ParsingFacade   file:/home/runner/work/key/key/key.core/build/resources/main/de/uka/ilkd/key/proof/rules/loopInvariantRules.key took 0 ms to parse. 
4889       WARN  main            d.u.i.k.n.ParsingFacade   Parsing time 576 ms. 
4891       WARN  main            d.u.i.k.n.ParsingFacade   file:/home/runner/work/key/key/key.core/build/resources/main/de/uka/ilkd/key/proof/rules/forLoopRules.key took 0 ms to parse. 
4891       WARN  main            d.u.i.k.n.ParsingFacade   Parsing time 576 ms. 
4897       WARN  main            d.u.i.k.n.ParsingFacade   file:/home/runner/work/key/key/key.core/build/resources/main/de/uka/ilkd/key/proof/rules/execRules.key took 3 ms to parse. 
4897       WARN  main            d.u.i.k.n.ParsingFacade   Parsing time 579 ms. 
4974       WARN  main            d.u.i.k.n.ParsingFacade   file:/home/runner/work/key/key/key.core/build/resources/main/de/uka/ilkd/key/proof/rules/loopScopeRules.key took 3 ms to parse. 
4974       WARN  main            d.u.i.k.n.ParsingFacade   Parsing time 582 ms. 
10416      WARN  main            d.u.i.k.n.ParsingFacade   file:/home/runner/work/key/key/key.core/build/resources/main/de/uka/ilkd/key/java/JavaRedux/java/lang/String.key took 5 ms to parse. 
10416      WARN  main            d.u.i.k.n.ParsingFacade   Parsing time 587 ms. 
14495      WARN  main            d.u.i.k.n.ParsingFacade   /home/runner/work/key/key/key.core/../key.ui/examples/InformationFlow/MiniExamples/mini.AliasingExamples(mini.AliasingExamples__insecure_1(mini.AliasingExamples,mini.AliasingExamples,int)).Non-interference contract.0.m.key took 0 ms to parse. 
14495      WARN  main            d.u.i.k.n.ParsingFacade   Parsing time 587 ms. 
16342      INFO  main            d.u.i.k.p.r.p.TestFile    ... finished proof: open goal(s) 
16502      INFO  main            d.u.i.k.p.r.p.TestFile    Now processing file /home/runner/work/key/key/key.core/../key.ui/examples/InformationFlow/MiniExamples/mini.AliasingExamples(mini.AliasingExamples__secure_1(mini.AliasingExamples,mini.AliasingExamples,int)).Non-interference contract.0.m.key 
16503      WARN  main            d.u.i.k.n.ParsingFacade   /home/runner/work/key/key/key.core/../key.ui/examples/InformationFlow/MiniExamples/mini.AliasingExamples(mini.AliasingExamples__secure_1(mini.AliasingExamples,mini.AliasingExamples,int)).Non-interference contract.0.m.key took 0 ms to parse. 
16504      WARN  main            d.u.i.k.n.ParsingFacade   Parsing time 587 ms. 
18031      WARN  main            d.u.i.k.n.ParsingFacade   file:/home/runner/work/key/key/key.core/build/resources/main/de/uka/ilkd/key/java/JavaRedux/java/lang/String.key took 2 ms to parse. 
18031      WARN  main            d.u.i.k.n.ParsingFacade   Parsing time 589 ms. 
20817      WARN  main            d.u.i.k.n.ParsingFacade   /home/runner/work/key/key/key.core/../key.ui/examples/InformationFlow/MiniExamples/mini.AliasingExamples(mini.AliasingExamples__secure_1(mini.AliasingExamples,mini.AliasingExamples,int)).Non-interference contract.0.m.key took 0 ms to parse. 
20817      WARN  main            d.u.i.k.n.ParsingFacade   Parsing time 589 ms. 
21350      INFO  main            d.u.i.k.p.r.p.TestFile    ... finished proof: closed. 
21567      INFO  main            d.u.i.k.p.r.p.TestFile    Now processing file /home/runner/work/key/key/key.core/../key.ui/examples/InformationFlow/MiniExamples/mini.MiniExamplesLecture(mini.MiniExamplesLecture__m_6()).Non-interference contract.0.m.key 
21568      WARN  main            d.u.i.k.n.ParsingFacade   /home/runner/work/key/key/key.core/../key.ui/examples/InformationFlow/MiniExamples/mini.MiniExamplesLecture(mini.MiniExamplesLecture__m_6()).Non-interference contract.0.m.key took 0 ms to parse. 
21570      WARN  main            d.u.i.k.n.ParsingFacade   Parsing time 589 ms. 
22932      WARN  main            d.u.i.k.n.ParsingFacade   file:/home/runner/work/key/key/key.core/build/resources/main/de/uka/ilkd/key/java/JavaRedux/java/lang/String.key took 1 ms to parse. 
22933      WARN  main            d.u.i.k.n.ParsingFacade   Parsing time 590 ms. 
25521      WARN  main            d.u.i.k.n.ParsingFacade   /home/runner/work/key/key/key.core/../key.ui/examples/InformationFlow/MiniExamples/mini.MiniExamplesLecture(mini.MiniExamplesLecture__m_6()).Non-interference contract.0.m.key took 0 ms to parse. 
25521      WARN  main            d.u.i.k.n.ParsingFacade   Parsing time 590 ms. 
25709      INFO  main            d.u.i.k.p.r.p.TestFile    ... finished proof: closed. 
25964      INFO  main            d.u.i.k.p.r.p.TestFile    Now processing file /home/runner/work/key/key/key.core/../key.ui/examples/InformationFlow/MiniExamples/mini.MiniExamplesLecture(mini.MiniExamplesLecture__m_5()).Non-interference contract.0.m.key 
25964      WARN  main            d.u.i.k.n.ParsingFacade   /home/runner/work/key/key/key.core/../key.ui/examples/InformationFlow/MiniExamples/mini.MiniExamplesLecture(mini.MiniExamplesLecture__m_5()).Non-interference contract.0.m.key took 0 ms to parse. 
25964      WARN  main            d.u.i.k.n.ParsingFacade   Parsing time 590 ms. 
27334      WARN  main            d.u.i.k.n.ParsingFacade   file:/home/runner/work/key/key/key.core/build/resources/main/de/uka/ilkd/key/java/JavaRedux/java/lang/String.key took 1 ms to parse. 
27336      WARN  main            d.u.i.k.n.ParsingFacade   Parsing time 591 ms. 
29903      WARN  main            d.u.i.k.n.ParsingFacade   /home/runner/work/key/key/key.core/../key.ui/examples/InformationFlow/MiniExamples/mini.MiniExamplesLecture(mini.MiniExamplesLecture__m_5()).Non-interference contract.0.m.key took 0 ms to parse. 
29903      WARN  main            d.u.i.k.n.ParsingFacade   Parsing time 591 ms. 
30232      INFO  main            d.u.i.k.p.r.p.TestFile    ... finished proof: closed. 
30415      INFO  main            d.u.i.k.p.r.p.TestFile    Now processing file /home/runner/work/key/key/key.core/../key.ui/examples/InformationFlow/MiniExamples/mini.MiniExamplesLecture(mini.MiniExamplesLecture__m_4()).Non-interference contract.0.m.key 
30416      WARN  main            d.u.i.k.n.ParsingFacade   /home/runner/work/key/key/key.core/../key.ui/examples/InformationFlow/MiniExamples/mini.MiniExamplesLecture(mini.MiniExamplesLecture__m_4()).Non-interference contract.0.m.key took 1 ms to parse. 
30416      WARN  main            d.u.i.k.n.ParsingFacade   Parsing time 592 ms. 
31655      WARN  main            d.u.i.k.n.ParsingFacade   file:/home/runner/work/key/key/key.core/build/resources/main/de/uka/ilkd/key/java/JavaRedux/java/lang/String.key took 2 ms to parse. 
31656      WARN  main            d.u.i.k.n.ParsingFacade   Parsing time 594 ms. 
34243      WARN  main            d.u.i.k.n.ParsingFacade   /home/runner/work/key/key/key.core/../key.ui/examples/InformationFlow/MiniExamples/mini.MiniExamplesLecture(mini.MiniExamplesLecture__m_4()).Non-interference contract.0.m.key took 0 ms to parse. 
34244      WARN  main            d.u.i.k.n.ParsingFacade   Parsing time 594 ms. 
34527      INFO  main            d.u.i.k.p.r.p.TestFile    ... finished proof: closed. 
34713      INFO  main            d.u.i.k.p.r.p.TestFile    Now processing file /home/runner/work/key/key/key.core/../key.ui/examples/InformationFlow/MiniExamples/mini.MiniExamplesLecture(mini.MiniExamplesLecture__m_3()).Non-interference contract.0.m.key 
34713      WARN  main            d.u.i.k.n.ParsingFacade   /home/runner/work/key/key/key.core/../key.ui/examples/InformationFlow/MiniExamples/mini.MiniExamplesLecture(mini.MiniExamplesLecture__m_3()).Non-interference contract.0.m.key took 0 ms to parse. 
34713      WARN  main            d.u.i.k.n.ParsingFacade   Parsing time 594 ms. 
35997      WARN  main            d.u.i.k.n.ParsingFacade   file:/home/runner/work/key/key/key.core/build/resources/main/de/uka/ilkd/key/java/JavaRedux/java/lang/String.key took 2 ms to parse. 
35998      WARN  main            d.u.i.k.n.ParsingFacade   Parsing time 596 ms. 
38446      WARN  main            d.u.i.k.n.ParsingFacade   /home/runner/work/key/key/key.core/../key.ui/examples/InformationFlow/MiniExamples/mini.MiniExamplesLecture(mini.MiniExamplesLecture__m_3()).Non-interference contract.0.m.key took 0 ms to parse. 
38447      WARN  main            d.u.i.k.n.ParsingFacade   Parsing time 596 ms. 
39031      INFO  main            d.u.i.k.p.r.p.TestFile    ... finished proof: open goal(s) 
39334      INFO  main            d.u.i.k.p.r.p.TestFile    Now processing file /home/runner/work/key/key/key.core/../key.ui/examples/InformationFlow/MiniExamples/mini.MiniExamplesLecture(mini.MiniExamplesLecture__m_2()).Non-interference contract.0.m.key 
39336      WARN  main            d.u.i.k.n.ParsingFacade   /home/runner/work/key/key/key.core/../key.ui/examples/InformationFlow/MiniExamples/mini.MiniExamplesLecture(mini.MiniExamplesLecture__m_2()).Non-interference contract.0.m.key took 0 ms to parse. 
39336      WARN  main            d.u.i.k.n.ParsingFacade   Parsing time 596 ms. 
40562      WARN  main            d.u.i.k.n.ParsingFacade   file:/home/runner/work/key/key/key.core/build/resources/main/de/uka/ilkd/key/java/JavaRedux/java/lang/String.key took 2 ms to parse. 
40562      WARN  main            d.u.i.k.n.ParsingFacade   Parsing time 598 ms. 
42982      WARN  main            d.u.i.k.n.ParsingFacade   /home/runner/work/key/key/key.core/../key.ui/examples/InformationFlow/MiniExamples/mini.MiniExamplesLecture(mini.MiniExamplesLecture__m_2()).Non-interference contract.0.m.key took 0 ms to parse. 
42982      WARN  main            d.u.i.k.n.ParsingFacade   Parsing time 598 ms. 
43322      INFO  main            d.u.i.k.p.r.p.TestFile    ... finished proof: closed. 
43550      INFO  main            d.u.i.k.p.r.p.TestFile    Now processing file /home/runner/work/key/key/key.core/../key.ui/examples/InformationFlow/MiniExamples/mini.MiniExamplesLecture(mini.MiniExamplesLecture__m_1()).Non-interference contract.0.m.key 
43551      WARN  main            d.u.i.k.n.ParsingFacade   /home/runner/work/key/key/key.core/../key.ui/examples/InformationFlow/MiniExamples/mini.MiniExamplesLecture(mini.MiniExamplesLecture__m_1()).Non-interference contract.0.m.key took 0 ms to parse. 
43551      WARN  main            d.u.i.k.n.ParsingFacade   Parsing time 598 ms. 
44752      WARN  main            d.u.i.k.n.ParsingFacade   file:/home/runner/work/key/key/key.core/build/resources/main/de/uka/ilkd/key/java/JavaRedux/java/lang/String.key took 1 ms to parse. 
44753      WARN  main            d.u.i.k.n.ParsingFacade   Parsing time 599 ms. 
47170      WARN  main            d.u.i.k.n.ParsingFacade   /home/runner/work/key/key/key.core/../key.ui/examples/InformationFlow/MiniExamples/mini.MiniExamplesLecture(mini.MiniExamplesLecture__m_1()).Non-interference contract.0.m.key took 0 ms to parse. 
47171      WARN  main            d.u.i.k.n.ParsingFacade   Parsing time 599 ms. 
47467      INFO  main            d.u.i.k.p.r.p.TestFile    ... finished proof: open goal(s) 
47664      INFO  main            d.u.i.k.p.r.p.TestFile    Now processing file /home/runner/work/key/key/key.core/../key.ui/examples/InformationFlow/MiniExamples/mini.DifferenceSeqLocset(mini.DifferenceSeqLocset__m()).Non-interference contract.1.m.key 
47665      WARN  main            d.u.i.k.n.ParsingFacade   /home/runner/work/key/key/key.core/../key.ui/examples/InformationFlow/MiniExamples/mini.DifferenceSeqLocset(mini.DifferenceSeqLocset__m()).Non-interference contract.1.m.key took 0 ms to parse. 
47666      WARN  main            d.u.i.k.n.ParsingFacade   Parsing time 599 ms. 
48844      WARN  main            d.u.i.k.n.ParsingFacade   file:/home/runner/work/key/key/key.core/build/resources/main/de/uka/ilkd/key/java/JavaRedux/java/lang/String.key took 2 ms to parse. 
48844      WARN  main            d.u.i.k.n.ParsingFacade   Parsing time 601 ms. 
51260      WARN  main            d.u.i.k.n.ParsingFacade   /home/runner/work/key/key/key.core/../key.ui/examples/InformationFlow/MiniExamples/mini.DifferenceSeqLocset(mini.DifferenceSeqLocset__m()).Non-interference contract.1.m.key took 0 ms to parse. 
51261      WARN  main            d.u.i.k.n.ParsingFacade   Parsing time 601 ms. 
52227      INFO  main            d.u.i.k.p.r.p.TestFile    ... finished proof: open goal(s) 
52466      INFO  main            d.u.i.k.p.r.p.TestFile    Now processing file /home/runner/work/key/key/key.core/../key.ui/examples/InformationFlow/MiniExamples/mini.DifferenceSeqLocset(mini.DifferenceSeqLocset__m()).Non-interference contract.0.m.key 
52467      WARN  main            d.u.i.k.n.ParsingFacade   /home/runner/work/key/key/key.core/../key.ui/examples/InformationFlow/MiniExamples/mini.DifferenceSeqLocset(mini.DifferenceSeqLocset__m()).Non-interference contract.0.m.key took 0 ms to parse. 
52468      WARN  main            d.u.i.k.n.ParsingFacade   Parsing time 601 ms. 
53623      WARN  main            d.u.i.k.n.ParsingFacade   file:/home/runner/work/key/key/key.core/build/resources/main/de/uka/ilkd/key/java/JavaRedux/java/lang/String.key took 1 ms to parse. 
53623      WARN  main            d.u.i.k.n.ParsingFacade   Parsing time 602 ms. 
55915      WARN  main            d.u.i.k.n.ParsingFacade   /home/runner/work/key/key/key.core/../key.ui/examples/InformationFlow/MiniExamples/mini.DifferenceSeqLocset(mini.DifferenceSeqLocset__m()).Non-interference contract.0.m.key took 0 ms to parse. 
55915      WARN  main            d.u.i.k.n.ParsingFacade   Parsing time 602 ms. 
58014      INFO  main            d.u.i.k.p.r.p.TestFile    ... finished proof: open goal(s) 
58245      INFO  main            d.u.i.k.p.r.p.TestFile    Now processing file /home/runner/work/key/key/key.core/../key.ui/examples/InformationFlow/MiniExamples/mini.MiniExamples(mini.MiniExamples__secure_p2_8()).Non-interference contract.0.m.key 
58246      WARN  main            d.u.i.k.n.ParsingFacade   /home/runner/work/key/key/key.core/../key.ui/examples/InformationFlow/MiniExamples/mini.MiniExamples(mini.MiniExamples__secure_p2_8()).Non-interference contract.0.m.key took 0 ms to parse. 
58246      WARN  main            d.u.i.k.n.ParsingFacade   Parsing time 602 ms. 
59391      WARN  main            d.u.i.k.n.ParsingFacade   file:/home/runner/work/key/key/key.core/build/resources/main/de/uka/ilkd/key/java/JavaRedux/java/lang/String.key took 3 ms to parse. 
59392      WARN  main            d.u.i.k.n.ParsingFacade   Parsing time 605 ms. 
61936      WARN  main            d.u.i.k.n.ParsingFacade   /home/runner/work/key/key/key.core/../key.ui/examples/InformationFlow/MiniExamples/mini.MiniExamples(mini.MiniExamples__secure_p2_8()).Non-interference contract.0.m.key took 0 ms to parse. 
61936      WARN  main            d.u.i.k.n.ParsingFacade   Parsing time 605 ms. 
62285      INFO  main            d.u.i.k.p.r.p.TestFile    ... finished proof: closed. 
62618      INFO  main            d.u.i.k.p.r.p.TestFile    Now processing file /home/runner/work/key/key/key.core/../key.ui/examples/InformationFlow/MiniExamples/mini.MiniExamples(mini.MiniExamples__secure_parameter(int)).Non-interference contract.0.m.key 
62619      WARN  main            d.u.i.k.n.ParsingFacade   /home/runner/work/key/key/key.core/../key.ui/examples/InformationFlow/MiniExamples/mini.MiniExamples(mini.MiniExamples__secure_parameter(int)).Non-interference contract.0.m.key took 0 ms to parse. 
62619      WARN  main            d.u.i.k.n.ParsingFacade   Parsing time 605 ms. 
63762      WARN  main            d.u.i.k.n.ParsingFacade   file:/home/runner/work/key/key/key.core/build/resources/main/de/uka/ilkd/key/java/JavaRedux/java/lang/String.key took 1 ms to parse. 
63762      WARN  main            d.u.i.k.n.ParsingFacade   Parsing time 606 ms. 
66283      WARN  main            d.u.i.k.n.ParsingFacade   /home/runner/work/key/key/key.core/../key.ui/examples/InformationFlow/MiniExamples/mini.MiniExamples(mini.MiniExamples__secure_parameter(int)).Non-interference contract.0.m.key took 0 ms to parse. 
66284      WARN  main            d.u.i.k.n.ParsingFacade   Parsing time 606 ms. 
66488      INFO  main            d.u.i.k.p.r.p.TestFile    ... finished proof: closed. 
66726      INFO  main            d.u.i.k.p.r.p.TestFile    Now processing file /home/runner/work/key/key/key.core/../key.ui/examples/InformationFlow/MiniExamples/mini.MiniExamples(mini.MiniExamples__secure_p2_7()).Non-interference contract.0.m.key 
66727      WARN  main            d.u.i.k.n.ParsingFacade   /home/runner/work/key/key/key.core/../key.ui/examples/InformationFlow/MiniExamples/mini.MiniExamples(mini.MiniExamples__secure_p2_7()).Non-interference contract.0.m.key took 0 ms to parse. 
66727      WARN  main            d.u.i.k.n.ParsingFacade   Parsing time 606 ms. 
67912      WARN  main            d.u.i.k.n.ParsingFacade   file:/home/runner/work/key/key/key.core/build/resources/main/de/uka/ilkd/key/java/JavaRedux/java/lang/String.key took 2 ms to parse. 
67912      WARN  main            d.u.i.k.n.ParsingFacade   Parsing time 608 ms. 
70386      WARN  main            d.u.i.k.n.ParsingFacade   /home/runner/work/key/key/key.core/../key.ui/examples/InformationFlow/MiniExamples/mini.MiniExamples(mini.MiniExamples__secure_p2_7()).Non-interference contract.0.m.key took 0 ms to parse. 
70387      WARN  main            d.u.i.k.n.ParsingFacade   Parsing time 608 ms. 
70882      INFO  main            d.u.i.k.p.r.p.TestFile    ... finished proof: closed. 
71113      INFO  main            d.u.i.k.p.r.p.TestFile    Now processing file /home/runner/work/key/key/key.core/../key.ui/examples/InformationFlow/MiniExamples/mini.MiniExamples(mini.MiniExamples__insecure_p2_2()).Non-interference contract.0.m.key 
71114      WARN  main            d.u.i.k.n.ParsingFacade   /home/runner/work/key/key/key.core/../key.ui/examples/InformationFlow/MiniExamples/mini.MiniExamples(mini.MiniExamples__insecure_p2_2()).Non-interference contract.0.m.key took 0 ms to parse. 
71114      WARN  main            d.u.i.k.n.ParsingFacade   Parsing time 608 ms. 
72290      WARN  main            d.u.i.k.n.ParsingFacade   file:/home/runner/work/key/key/key.core/build/resources/main/de/uka/ilkd/key/java/JavaRedux/java/lang/String.key took 3 ms to parse. 
72291      WARN  main            d.u.i.k.n.ParsingFacade   Parsing time 611 ms. 
74546      WARN  main            d.u.i.k.n.ParsingFacade   /home/runner/work/key/key/key.core/../key.ui/examples/InformationFlow/MiniExamples/mini.MiniExamples(mini.MiniExamples__insecure_p2_2()).Non-interference contract.0.m.key took 1 ms to parse. 
74546      WARN  main            d.u.i.k.n.ParsingFacade   Parsing time 612 ms. 
74861      INFO  main            d.u.i.k.p.r.p.TestFile    ... finished proof: open goal(s) 
75091      INFO  main            d.u.i.k.p.r.p.TestFile    Now processing file /home/runner/work/key/key/key.core/../key.ui/examples/InformationFlow/MiniExamples/mini.MiniExamples(mini.MiniExamples__secure_p2_6()).Non-interference contract.0.m.key 
75094      WARN  main            d.u.i.k.n.ParsingFacade   /home/runner/work/key/key/key.core/../key.ui/examples/InformationFlow/MiniExamples/mini.MiniExamples(mini.MiniExamples__secure_p2_6()).Non-interference contract.0.m.key took 0 ms to parse. 
75094      WARN  main            d.u.i.k.n.ParsingFacade   Parsing time 612 ms. 
76220      WARN  main            d.u.i.k.n.ParsingFacade   file:/home/runner/work/key/key/key.core/build/resources/main/de/uka/ilkd/key/java/JavaRedux/java/lang/String.key took 1 ms to parse. 
76220      WARN  main            d.u.i.k.n.ParsingFacade   Parsing time 613 ms. 
78553      WARN  main            d.u.i.k.n.ParsingFacade   /home/runner/work/key/key/key.core/../key.ui/examples/InformationFlow/MiniExamples/mini.MiniExamples(mini.MiniExamples__secure_p2_6()).Non-interference contract.0.m.key took 0 ms to parse. 
78553      WARN  main            d.u.i.k.n.ParsingFacade   Parsing time 613 ms. 
78710      INFO  main            d.u.i.k.p.r.p.TestFile    ... finished proof: closed. 
78933      INFO  main            d.u.i.k.p.r.p.TestFile    Now processing file /home/runner/work/key/key/key.core/../key.ui/examples/InformationFlow/MiniExamples/mini.MiniExamples(mini.MiniExamples__secure_p2_5()).Non-interference contract.0.m.key 
78934      WARN  main            d.u.i.k.n.ParsingFacade   /home/runner/work/key/key/key.core/../key.ui/examples/InformationFlow/MiniExamples/mini.MiniExamples(mini.MiniExamples__secure_p2_5()).Non-interference contract.0.m.key took 0 ms to parse. 
78934      WARN  main            d.u.i.k.n.ParsingFacade   Parsing time 613 ms. 
80094      WARN  main            d.u.i.k.n.ParsingFacade   file:/home/runner/work/key/key/key.core/build/resources/main/de/uka/ilkd/key/java/JavaRedux/java/lang/String.key took 1 ms to parse. 
80094      WARN  main            d.u.i.k.n.ParsingFacade   Parsing time 614 ms. 
82423      WARN  main            d.u.i.k.n.ParsingFacade   /home/runner/work/key/key/key.core/../key.ui/examples/InformationFlow/MiniExamples/mini.MiniExamples(mini.MiniExamples__secure_p2_5()).Non-interference contract.0.m.key took 0 ms to parse. 
82424      WARN  main            d.u.i.k.n.ParsingFacade   Parsing time 614 ms. 
82613      INFO  main            d.u.i.k.p.r.p.TestFile    ... finished proof: closed. 
82872      INFO  main            d.u.i.k.p.r.p.TestFile    Now processing file /home/runner/work/key/key/key.core/../key.ui/examples/InformationFlow/MiniExamples/mini.MiniExamples(mini.MiniExamples__secure_p2_4()).Non-interference contract.0.m.key 
82872      WARN  main            d.u.i.k.n.ParsingFacade   /home/runner/work/key/key/key.core/../key.ui/examples/InformationFlow/MiniExamples/mini.MiniExamples(mini.MiniExamples__secure_p2_4()).Non-interference contract.0.m.key took 0 ms to parse. 
82872      WARN  main            d.u.i.k.n.ParsingFacade   Parsing time 614 ms. 
84023      WARN  main            d.u.i.k.n.ParsingFacade   file:/home/runner/work/key/key/key.core/build/resources/main/de/uka/ilkd/key/java/JavaRedux/java/lang/String.key took 2 ms to parse. 
84023      WARN  main            d.u.i.k.n.ParsingFacade   Parsing time 616 ms. 
86478      WARN  main            d.u.i.k.n.ParsingFacade   /home/runner/work/key/key/key.core/../key.ui/examples/InformationFlow/MiniExamples/mini.MiniExamples(mini.MiniExamples__secure_p2_4()).Non-interference contract.0.m.key took 0 ms to parse. 
86478      WARN  main            d.u.i.k.n.ParsingFacade   Parsing time 616 ms. 
86674      INFO  main            d.u.i.k.p.r.p.TestFile    ... finished proof: closed. 
87007      INFO  main            d.u.i.k.p.r.p.TestFile    Now processing file /home/runner/work/key/key/key.core/../key.ui/examples/InformationFlow/MiniExamples/mini.MiniExamples(mini.MiniExamples__secure_p2_3()).Non-interference contract.0.m.key 
87007      WARN  main            d.u.i.k.n.ParsingFacade   /home/runner/work/key/key/key.core/../key.ui/examples/InformationFlow/MiniExamples/mini.MiniExamples(mini.MiniExamples__secure_p2_3()).Non-interference contract.0.m.key took 0 ms to parse. 
87007      WARN  main            d.u.i.k.n.ParsingFacade   Parsing time 616 ms. 
88137      WARN  main            d.u.i.k.n.ParsingFacade   file:/home/runner/work/key/key/key.core/build/resources/main/de/uka/ilkd/key/java/JavaRedux/java/lang/String.key took 1 ms to parse. 
88138      WARN  main            d.u.i.k.n.ParsingFacade   Parsing time 617 ms. 
90608      WARN  main            d.u.i.k.n.ParsingFacade   /home/runner/work/key/key/key.core/../key.ui/examples/InformationFlow/MiniExamples/mini.MiniExamples(mini.MiniExamples__secure_p2_3()).Non-interference contract.0.m.key took 0 ms to parse. 
90608      WARN  main            d.u.i.k.n.ParsingFacade   Parsing time 617 ms. 
90770      INFO  main            d.u.i.k.p.r.p.TestFile    ... finished proof: closed. 
91036      INFO  main            d.u.i.k.p.r.p.TestFile    Now processing file /home/runner/work/key/key/key.core/../key.ui/examples/InformationFlow/MiniExamples/mini.MiniExamples(mini.MiniExamples__secure_p2_2()).Non-interference contract.0.m.key 
91037      WARN  main            d.u.i.k.n.ParsingFacade   /home/runner/work/key/key/key.core/../key.ui/examples/InformationFlow/MiniExamples/mini.MiniExamples(mini.MiniExamples__secure_p2_2()).Non-interference contract.0.m.key took 0 ms to parse. 
91038      WARN  main            d.u.i.k.n.ParsingFacade   Parsing time 617 ms. 
92213      WARN  main            d.u.i.k.n.ParsingFacade   file:/home/runner/work/key/key/key.core/build/resources/main/de/uka/ilkd/key/java/JavaRedux/java/lang/String.key took 1 ms to parse. 
92214      WARN  main            d.u.i.k.n.ParsingFacade   Parsing time 618 ms. 
94570      WARN  main            d.u.i.k.n.ParsingFacade   /home/runner/work/key/key/key.core/../key.ui/examples/InformationFlow/MiniExamples/mini.MiniExamples(mini.MiniExamples__secure_p2_2()).Non-interference contract.0.m.key took 0 ms to parse. 
94571      WARN  main            d.u.i.k.n.ParsingFacade   Parsing time 618 ms. 
94743      INFO  main            d.u.i.k.p.r.p.TestFile    ... finished proof: closed. 
95031      INFO  main            d.u.i.k.p.r.p.TestFile    Now processing file /home/runner/work/key/key/key.core/../key.ui/examples/InformationFlow/MiniExamples/mini.MiniExamples(mini.MiniExamples__secure_p2_1()).Non-interference contract.0.m.key 
95035      WARN  main            d.u.i.k.n.ParsingFacade   /home/runner/work/key/key/key.core/../key.ui/examples/InformationFlow/MiniExamples/mini.MiniExamples(mini.MiniExamples__secure_p2_1()).Non-interference contract.0.m.key took 1 ms to parse. 
95036      WARN  main            d.u.i.k.n.ParsingFacade   Parsing time 619 ms. 
96236      WARN  main            d.u.i.k.n.ParsingFacade   file:/home/runner/work/key/key/key.core/build/resources/main/de/uka/ilkd/key/java/JavaRedux/java/lang/String.key took 2 ms to parse. 
96236      WARN  main            d.u.i.k.n.ParsingFacade   Parsing time 621 ms. 
98658      WARN  main            d.u.i.k.n.ParsingFacade   /home/runner/work/key/key/key.core/../key.ui/examples/InformationFlow/MiniExamples/mini.MiniExamples(mini.MiniExamples__secure_p2_1()).Non-interference contract.0.m.key took 0 ms to parse. 
98659      WARN  main            d.u.i.k.n.ParsingFacade   Parsing time 621 ms. 
98794      INFO  main            d.u.i.k.p.r.p.TestFile    ... finished proof: closed. 
99055      INFO  main            d.u.i.k.p.r.p.TestFile    Now processing file /home/runner/work/key/key/key.core/../key.ui/examples/InformationFlow/MiniExamples/mini.MiniExamples(mini.MiniExamples__insecure_p2_1()).Non-interference contract.0.m.key 
99056      WARN  main            d.u.i.k.n.ParsingFacade   /home/runner/work/key/key/key.core/../key.ui/examples/InformationFlow/MiniExamples/mini.MiniExamples(mini.MiniExamples__insecure_p2_1()).Non-interference contract.0.m.key took 0 ms to parse. 
99056      WARN  main            d.u.i.k.n.ParsingFacade   Parsing time 621 ms. 
100227     WARN  main            d.u.i.k.n.ParsingFacade   file:/home/runner/work/key/key/key.core/build/resources/main/de/uka/ilkd/key/java/JavaRedux/java/lang/String.key took 1 ms to parse. 
100228     WARN  main            d.u.i.k.n.ParsingFacade   Parsing time 622 ms. 
102751     WARN  main            d.u.i.k.n.ParsingFacade   /home/runner/work/key/key/key.core/../key.ui/examples/InformationFlow/MiniExamples/mini.MiniExamples(mini.MiniExamples__insecure_p2_1()).Non-interference contract.0.m.key took 0 ms to parse. 
102752     WARN  main            d.u.i.k.n.ParsingFacade   Parsing time 622 ms. 
102965     INFO  main            d.u.i.k.p.r.p.TestFile    ... finished proof: open goal(s) 
103320     INFO  main            d.u.i.k.p.r.p.TestFile    Now processing file /home/runner/work/key/key/key.core/../key.ui/examples/InformationFlow/MiniExamples/mini.MiniExamples(mini.MiniExamples__secure_p1_6()).Non-interference contract.0.m.key 
103321     WARN  main            d.u.i.k.n.ParsingFacade   /home/runner/work/key/key/key.core/../key.ui/examples/InformationFlow/MiniExamples/mini.MiniExamples(mini.MiniExamples__secure_p1_6()).Non-interference contract.0.m.key took 1 ms to parse. 
103321     WARN  main            d.u.i.k.n.ParsingFacade   Parsing time 623 ms. 
104591     WARN  main            d.u.i.k.n.ParsingFacade   file:/home/runner/work/key/key/key.core/build/resources/main/de/uka/ilkd/key/java/JavaRedux/java/lang/String.key took 1 ms to parse. 
104592     WARN  main            d.u.i.k.n.ParsingFacade   Parsing time 624 ms. 
107078     WARN  main            d.u.i.k.n.ParsingFacade   /home/runner/work/key/key/key.core/../key.ui/examples/InformationFlow/MiniExamples/mini.MiniExamples(mini.MiniExamples__secure_p1_6()).Non-interference contract.0.m.key took 0 ms to parse. 
107078     WARN  main            d.u.i.k.n.ParsingFacade   Parsing time 624 ms. 
107294     INFO  main            d.u.i.k.p.r.p.TestFile    ... finished proof: closed. 
107574     INFO  main            d.u.i.k.p.r.p.TestFile    Now processing file /home/runner/work/key/key/key.core/../key.ui/examples/InformationFlow/MiniExamples/mini.MiniExamples(mini.MiniExamples__secure_p1_5()).Non-interference contract.0.m.key 
107576     WARN  main            d.u.i.k.n.ParsingFacade   /home/runner/work/key/key/key.core/../key.ui/examples/InformationFlow/MiniExamples/mini.MiniExamples(mini.MiniExamples__secure_p1_5()).Non-interference contract.0.m.key took 0 ms to parse. 
107576     WARN  main            d.u.i.k.n.ParsingFacade   Parsing time 624 ms. 
108806     WARN  main            d.u.i.k.n.ParsingFacade   file:/home/runner/work/key/key/key.core/build/resources/main/de/uka/ilkd/key/java/JavaRedux/java/lang/String.key took 2 ms to parse. 
108806     WARN  main            d.u.i.k.n.ParsingFacade   Parsing time 626 ms. 
111438     WARN  main            d.u.i.k.n.ParsingFacade   /home/runner/work/key/key/key.core/../key.ui/examples/InformationFlow/MiniExamples/mini.MiniExamples(mini.MiniExamples__secure_p1_5()).Non-interference contract.0.m.key took 0 ms to parse. 
111438     WARN  main            d.u.i.k.n.ParsingFacade   Parsing time 626 ms. 
111824     INFO  main            d.u.i.k.p.r.p.TestFile    ... finished proof: closed. 
112195     INFO  main            d.u.i.k.p.r.p.TestFile    Now processing file /home/runner/work/key/key/key.core/../key.ui/examples/InformationFlow/MiniExamples/mini.MiniExamples(mini.MiniExamples__secure_p1_4()).Non-interference contract.0.m.key 
112197     WARN  main            d.u.i.k.n.ParsingFacade   /home/runner/work/key/key/key.core/../key.ui/examples/InformationFlow/MiniExamples/mini.MiniExamples(mini.MiniExamples__secure_p1_4()).Non-interference contract.0.m.key took 0 ms to parse. 
112197     WARN  main            d.u.i.k.n.ParsingFacade   Parsing time 626 ms. 
113423     WARN  main            d.u.i.k.n.ParsingFacade   file:/home/runner/work/key/key/key.core/build/resources/main/de/uka/ilkd/key/java/JavaRedux/java/lang/String.key took 3 ms to parse. 
113424     WARN  main            d.u.i.k.n.ParsingFacade   Parsing time 629 ms. 
115927     WARN  main            d.u.i.k.n.ParsingFacade   /home/runner/work/key/key/key.core/../key.ui/examples/InformationFlow/MiniExamples/mini.MiniExamples(mini.MiniExamples__secure_p1_4()).Non-interference contract.0.m.key took 0 ms to parse. 
115928     WARN  main            d.u.i.k.n.ParsingFacade   Parsing time 629 ms. 
116370     INFO  main            d.u.i.k.p.r.p.TestFile    ... finished proof: closed. 
116641     INFO  main            d.u.i.k.p.r.p.TestFile    Now processing file /home/runner/work/key/key/key.core/../key.ui/examples/InformationFlow/MiniExamples/mini.MiniExamples(mini.MiniExamples__secure_p1_3()).Non-interference contract.0.m.key 
116642     WARN  main            d.u.i.k.n.ParsingFacade   /home/runner/work/key/key/key.core/../key.ui/examples/InformationFlow/MiniExamples/mini.MiniExamples(mini.MiniExamples__secure_p1_3()).Non-interference contract.0.m.key took 0 ms to parse. 
116643     WARN  main            d.u.i.k.n.ParsingFacade   Parsing time 629 ms. 
117878     WARN  main            d.u.i.k.n.ParsingFacade   file:/home/runner/work/key/key/key.core/build/resources/main/de/uka/ilkd/key/java/JavaRedux/java/lang/String.key took 3 ms to parse. 
117879     WARN  main            d.u.i.k.n.ParsingFacade   Parsing time 632 ms. 
120323     WARN  main            d.u.i.k.n.ParsingFacade   /home/runner/work/key/key/key.core/../key.ui/examples/InformationFlow/MiniExamples/mini.MiniExamples(mini.MiniExamples__secure_p1_3()).Non-interference contract.0.m.key took 0 ms to parse. 
120323     WARN  main            d.u.i.k.n.ParsingFacade   Parsing time 632 ms. 
120480     INFO  main            d.u.i.k.p.r.p.TestFile    ... finished proof: closed. 
120814     INFO  main            d.u.i.k.p.r.p.TestFile    Now processing file /home/runner/work/key/key/key.core/../key.ui/examples/InformationFlow/MiniExamples/mini.MiniExamples(mini.MiniExamples__secure_p1_2()).Non-interference contract.0.m.key 
120815     WARN  main            d.u.i.k.n.ParsingFacade   /home/runner/work/key/key/key.core/../key.ui/examples/InformationFlow/MiniExamples/mini.MiniExamples(mini.MiniExamples__secure_p1_2()).Non-interference contract.0.m.key took 0 ms to parse. 
120815     WARN  main            d.u.i.k.n.ParsingFacade   Parsing time 632 ms. 
122095     WARN  main            d.u.i.k.n.ParsingFacade   file:/home/runner/work/key/key/key.core/build/resources/main/de/uka/ilkd/key/java/JavaRedux/java/lang/String.key took 1 ms to parse. 
122095     WARN  main            d.u.i.k.n.ParsingFacade   Parsing time 633 ms. 
124680     WARN  main            d.u.i.k.n.ParsingFacade   /home/runner/work/key/key/key.core/../key.ui/examples/InformationFlow/MiniExamples/mini.MiniExamples(mini.MiniExamples__secure_p1_2()).Non-interference contract.0.m.key took 0 ms to parse. 
124680     WARN  main            d.u.i.k.n.ParsingFacade   Parsing time 633 ms. 
124986     INFO  main            d.u.i.k.p.r.p.TestFile    ... finished proof: closed. 
125386     INFO  main            d.u.i.k.p.r.p.TestFile    Now processing file /home/runner/work/key/key/key.core/../key.ui/examples/InformationFlow/MiniExamples/mini.MiniExamples(mini.MiniExamples__secure_p1_1()).Non-interference contract.1.m.key 
125387     WARN  main            d.u.i.k.n.ParsingFacade   /home/runner/work/key/key/key.core/../key.ui/examples/InformationFlow/MiniExamples/mini.MiniExamples(mini.MiniExamples__secure_p1_1()).Non-interference contract.1.m.key took 0 ms to parse. 
125387     WARN  main            d.u.i.k.n.ParsingFacade   Parsing time 633 ms. 
126571     WARN  main            d.u.i.k.n.ParsingFacade   file:/home/runner/work/key/key/key.core/build/resources/main/de/uka/ilkd/key/java/JavaRedux/java/lang/String.key took 5 ms to parse. 
126571     WARN  main            d.u.i.k.n.ParsingFacade   Parsing time 638 ms. 
129085     WARN  main            d.u.i.k.n.ParsingFacade   /home/runner/work/key/key/key.core/../key.ui/examples/InformationFlow/MiniExamples/mini.MiniExamples(mini.MiniExamples__secure_p1_1()).Non-interference contract.1.m.key took 0 ms to parse. 
129085     WARN  main            d.u.i.k.n.ParsingFacade   Parsing time 638 ms. 
129315     INFO  main            d.u.i.k.p.r.p.TestFile    ... finished proof: closed. 
129834     INFO  main            d.u.i.k.p.r.p.TestFile    Now processing file /home/runner/work/key/key/key.core/../key.ui/examples/InformationFlow/MiniExamples/mini.MiniExamples(mini.MiniExamples__secure_p1_1()).Non-interference contract.0.m.key 
129834     WARN  main            d.u.i.k.n.ParsingFacade   /home/runner/work/key/key/key.core/../key.ui/examples/InformationFlow/MiniExamples/mini.MiniExamples(mini.MiniExamples__secure_p1_1()).Non-interference contract.0.m.key took 0 ms to parse. 
129834     WARN  main            d.u.i.k.n.ParsingFacade   Parsing time 638 ms. 
131017     WARN  main            d.u.i.k.n.ParsingFacade   file:/home/runner/work/key/key/key.core/build/resources/main/de/uka/ilkd/key/java/JavaRedux/java/lang/String.key took 2 ms to parse. 
131018     WARN  main            d.u.i.k.n.ParsingFacade   Parsing time 640 ms. 
133475     WARN  main            d.u.i.k.n.ParsingFacade   /home/runner/work/key/key/key.core/../key.ui/examples/InformationFlow/MiniExamples/mini.MiniExamples(mini.MiniExamples__secure_p1_1()).Non-interference contract.0.m.key took 0 ms to parse. 
133475     WARN  main            d.u.i.k.n.ParsingFacade   Parsing time 640 ms. 
133782     INFO  main            d.u.i.k.p.r.p.TestFile    ... finished proof: closed. 
134100     INFO  main            d.u.i.k.p.r.p.TestFile    Now processing file /home/runner/work/key/key/key.core/../key.ui/examples/InformationFlow/MiniExamples/mini.MiniExamples(mini.MiniExamples__insecure_p1_2()).Non-interference contract.0.m.key 
134100     WARN  main            d.u.i.k.n.ParsingFacade   /home/runner/work/key/key/key.core/../key.ui/examples/InformationFlow/MiniExamples/mini.MiniExamples(mini.MiniExamples__insecure_p1_2()).Non-interference contract.0.m.key took 0 ms to parse. 
134100     WARN  main            d.u.i.k.n.ParsingFacade   Parsing time 640 ms. 
135265     WARN  main            d.u.i.k.n.ParsingFacade   file:/home/runner/work/key/key/key.core/build/resources/main/de/uka/ilkd/key/java/JavaRedux/java/lang/String.key took 2 ms to parse. 
135265     WARN  main            d.u.i.k.n.ParsingFacade   Parsing time 642 ms. 
137728     WARN  main            d.u.i.k.n.ParsingFacade   /home/runner/work/key/key/key.core/../key.ui/examples/InformationFlow/MiniExamples/mini.MiniExamples(mini.MiniExamples__insecure_p1_2()).Non-interference contract.0.m.key took 0 ms to parse. 
137728     WARN  main            d.u.i.k.n.ParsingFacade   Parsing time 642 ms. 
138143     INFO  main            d.u.i.k.p.r.p.TestFile    ... finished proof: open goal(s) 
138538     INFO  main            d.u.i.k.p.r.p.TestFile    Now processing file /home/runner/work/key/key/key.core/../key.ui/examples/InformationFlow/MiniExamples/mini.MiniExamples(mini.MiniExamples__insecure_p1_1()).Non-interference contract.0.m.key 
138539     WARN  main            d.u.i.k.n.ParsingFacade   /home/runner/work/key/key/key.core/../key.ui/examples/InformationFlow/MiniExamples/mini.MiniExamples(mini.MiniExamples__insecure_p1_1()).Non-interference contract.0.m.key took 0 ms to parse. 
138539     WARN  main            d.u.i.k.n.ParsingFacade   Parsing time 642 ms. 
139798     WARN  main            d.u.i.k.n.ParsingFacade   file:/home/runner/work/key/key/key.core/build/resources/main/de/uka/ilkd/key/java/JavaRedux/java/lang/String.key took 2 ms to parse. 
139798     WARN  main            d.u.i.k.n.ParsingFacade   Parsing time 644 ms. 
142324     WARN  main            d.u.i.k.n.ParsingFacade   /home/runner/work/key/key/key.core/../key.ui/examples/InformationFlow/MiniExamples/mini.MiniExamples(mini.MiniExamples__insecure_p1_1()).Non-interference contract.0.m.key took 0 ms to parse. 
142325     WARN  main            d.u.i.k.n.ParsingFacade   Parsing time 644 ms. 
142542     INFO  main            d.u.i.k.p.r.p.TestFile    ... finished proof: open goal(s) 
3282125    INFO  Test worker     d.u.i.k.p.r.RunAllProofsTestUnit Returning from test MiniExamples_fullmacro 
3282126    INFO  Test worker     d.u.i.k.p.r.RunAllProofsTestUnit Running test NewObjects_fullmacro 
587        INFO  Timeout watchdog d.u.i.k.p.r.p.ForkedTestFileRunner Timeout watcher launched (1000 secs.) 
655        WARN  main            d.u.i.k.s.ProofSettings   The settings in /home/runner/.key/proof-settings.props are *not* read. 
758        INFO  main            d.u.i.k.p.r.p.TestFile    Now processing file /home/runner/work/key/key/key.core/../key.ui/examples/InformationFlow/NewObjects/object.AmtoftBanerjee3(object.AmtoftBanerjee3__m()).Non-interference contract.0.m.key 
1129       WARN  main            d.u.i.k.n.ParsingFacade   /home/runner/work/key/key/key.core/../key.ui/examples/InformationFlow/NewObjects/object.AmtoftBanerjee3(object.AmtoftBanerjee3__m()).Non-interference contract.0.m.key took 21 ms to parse. 
1129       WARN  main            d.u.i.k.n.ParsingFacade   Parsing time 21 ms. 
1389       WARN  main            d.u.i.k.n.ParsingFacade   file:/home/runner/work/key/key/key.core/build/resources/main/de/uka/ilkd/key/proof/rules/standardRules.key took 15 ms to parse. 
1389       WARN  main            d.u.i.k.n.ParsingFacade   Parsing time 36 ms. 
1404       WARN  main            d.u.i.k.n.ParsingFacade   file:/home/runner/work/key/key/key.core/build/resources/main/de/uka/ilkd/key/proof/rules/ldt.key took 1 ms to parse. 
1405       WARN  main            d.u.i.k.n.ParsingFacade   Parsing time 37 ms. 
1412       WARN  main            d.u.i.k.n.ParsingFacade   file:/home/runner/work/key/key/key.core/build/resources/main/de/uka/ilkd/key/proof/rules/boolean.key took 3 ms to parse. 
1412       WARN  main            d.u.i.k.n.ParsingFacade   Parsing time 40 ms. 
1444       WARN  main            d.u.i.k.n.ParsingFacade   file:/home/runner/work/key/key/key.core/build/resources/main/de/uka/ilkd/key/proof/rules/ruleSetsDeclarations.key took 12 ms to parse. 
1445       WARN  main            d.u.i.k.n.ParsingFacade   Parsing time 52 ms. 
1478       WARN  main            d.u.i.k.n.ParsingFacade   file:/home/runner/work/key/key/key.core/build/resources/main/de/uka/ilkd/key/proof/rules/integerHeader.key took 5 ms to parse. 
1478       WARN  main            d.u.i.k.n.ParsingFacade   Parsing time 57 ms. 
1481       WARN  main            d.u.i.k.n.ParsingFacade   file:/home/runner/work/key/key/key.core/build/resources/main/de/uka/ilkd/key/proof/rules/floatHeader.key took 2 ms to parse. 
1481       WARN  main            d.u.i.k.n.ParsingFacade   Parsing time 59 ms. 
1484       WARN  main            d.u.i.k.n.ParsingFacade   file:/home/runner/work/key/key/key.core/build/resources/main/de/uka/ilkd/key/proof/rules/heap.key took 2 ms to parse. 
1484       WARN  main            d.u.i.k.n.ParsingFacade   Parsing time 61 ms. 
1488       WARN  main            d.u.i.k.n.ParsingFacade   file:/home/runner/work/key/key/key.core/build/resources/main/de/uka/ilkd/key/proof/rules/locSets.key took 0 ms to parse. 
1488       WARN  main            d.u.i.k.n.ParsingFacade   Parsing time 61 ms. 
1490       WARN  main            d.u.i.k.n.ParsingFacade   file:/home/runner/work/key/key/key.core/build/resources/main/de/uka/ilkd/key/proof/rules/permission.key took 1 ms to parse. 
1490       WARN  main            d.u.i.k.n.ParsingFacade   Parsing time 62 ms. 
1491       WARN  main            d.u.i.k.n.ParsingFacade   file:/home/runner/work/key/key/key.core/build/resources/main/de/uka/ilkd/key/proof/rules/reach.key took 0 ms to parse. 
1491       WARN  main            d.u.i.k.n.ParsingFacade   Parsing time 62 ms. 
1492       WARN  main            d.u.i.k.n.ParsingFacade   file:/home/runner/work/key/key/key.core/build/resources/main/de/uka/ilkd/key/proof/rules/seq.key took 1 ms to parse. 
1492       WARN  main            d.u.i.k.n.ParsingFacade   Parsing time 63 ms. 
1521       WARN  main            d.u.i.k.n.ParsingFacade   file:/home/runner/work/key/key/key.core/build/resources/main/de/uka/ilkd/key/proof/rules/map.key took 28 ms to parse. 
1522       WARN  main            d.u.i.k.n.ParsingFacade   Parsing time 91 ms. 
1523       WARN  main            d.u.i.k.n.ParsingFacade   file:/home/runner/work/key/key/key.core/build/resources/main/de/uka/ilkd/key/proof/rules/freeADT.key took 0 ms to parse. 
1523       WARN  main            d.u.i.k.n.ParsingFacade   Parsing time 91 ms. 
1524       WARN  main            d.u.i.k.n.ParsingFacade   file:/home/runner/work/key/key/key.core/build/resources/main/de/uka/ilkd/key/proof/rules/wellfound.key took 0 ms to parse. 
1524       WARN  main            d.u.i.k.n.ParsingFacade   Parsing time 91 ms. 
1525       WARN  main            d.u.i.k.n.ParsingFacade   file:/home/runner/work/key/key/key.core/build/resources/main/de/uka/ilkd/key/proof/rules/charListHeader.key took 0 ms to parse. 
1525       WARN  main            d.u.i.k.n.ParsingFacade   Parsing time 91 ms. 
1772       WARN  main            d.u.i.k.n.ParsingFacade   file:/home/runner/work/key/key/key.core/build/resources/main/de/uka/ilkd/key/proof/rules/propRule.key took 6 ms to parse. 
1772       WARN  main            d.u.i.k.n.ParsingFacade   Parsing time 97 ms. 
1821       WARN  main            d.u.i.k.n.ParsingFacade   file:/home/runner/work/key/key/key.core/build/resources/main/de/uka/ilkd/key/proof/rules/firstOrderRules.key took 13 ms to parse. 
1823       WARN  main            d.u.i.k.n.ParsingFacade   Parsing time 110 ms. 
1871       WARN  main            d.u.i.k.n.ParsingFacade   file:/home/runner/work/key/key/key.core/build/resources/main/de/uka/ilkd/key/proof/rules/ifThenElseRules.key took 5 ms to parse. 
1882       WARN  main            d.u.i.k.n.ParsingFacade   Parsing time 115 ms. 
1956       WARN  main            d.u.i.k.n.ParsingFacade   file:/home/runner/work/key/key/key.core/build/resources/main/de/uka/ilkd/key/proof/rules/formulaNormalisationRules.key took 33 ms to parse. 
1957       WARN  main            d.u.i.k.n.ParsingFacade   Parsing time 148 ms. 
2112       WARN  main            d.u.i.k.n.ParsingFacade   file:/home/runner/work/key/key/key.core/build/resources/main/de/uka/ilkd/key/proof/rules/updateRules.key took 12 ms to parse. 
2112       WARN  main            d.u.i.k.n.ParsingFacade   Parsing time 160 ms. 
2137       WARN  main            d.u.i.k.n.ParsingFacade   file:/home/runner/work/key/key/key.core/build/resources/main/de/uka/ilkd/key/proof/rules/integerRulesCommon.key took 2 ms to parse. 
2137       WARN  main            d.u.i.k.n.ParsingFacade   Parsing time 162 ms. 
2303       WARN  main            d.u.i.k.n.ParsingFacade   file:/home/runner/work/key/key/key.core/build/resources/main/de/uka/ilkd/key/proof/rules/intRules.key took 8 ms to parse. 
2303       WARN  main            d.u.i.k.n.ParsingFacade   Parsing time 170 ms. 
2346       WARN  main            d.u.i.k.n.ParsingFacade   file:/home/runner/work/key/key/key.core/build/resources/main/de/uka/ilkd/key/proof/rules/intRulesUncheckedSemantics.key took 6 ms to parse. 
2348       WARN  main            d.u.i.k.n.ParsingFacade   Parsing time 176 ms. 
2370       WARN  main            d.u.i.k.n.ParsingFacade   file:/home/runner/work/key/key/key.core/build/resources/main/de/uka/ilkd/key/proof/rules/intRulesCheckedSemantics.key took 4 ms to parse. 
2372       WARN  main            d.u.i.k.n.ParsingFacade   Parsing time 180 ms. 
2395       WARN  main            d.u.i.k.n.ParsingFacade   file:/home/runner/work/key/key/key.core/build/resources/main/de/uka/ilkd/key/proof/rules/intRulesJavaSemantics.key took 6 ms to parse. 
2395       WARN  main            d.u.i.k.n.ParsingFacade   Parsing time 186 ms. 
2541       WARN  main            d.u.i.k.n.ParsingFacade   file:/home/runner/work/key/key/key.core/build/resources/main/de/uka/ilkd/key/proof/rules/integerSimplificationRules.key took 114 ms to parse. 
2543       WARN  main            d.u.i.k.n.ParsingFacade   Parsing time 300 ms. 
2797       WARN  main            d.u.i.k.n.ParsingFacade   file:/home/runner/work/key/key/key.core/build/resources/main/de/uka/ilkd/key/proof/rules/intDiv.key took 8 ms to parse. 
2798       WARN  main            d.u.i.k.n.ParsingFacade   Parsing time 308 ms. 
2867       WARN  main            d.u.i.k.n.ParsingFacade   file:/home/runner/work/key/key/key.core/build/resources/main/de/uka/ilkd/key/proof/rules/bsum.key took 39 ms to parse. 
2868       WARN  main            d.u.i.k.n.ParsingFacade   Parsing time 347 ms. 
2919       WARN  main            d.u.i.k.n.ParsingFacade   file:/home/runner/work/key/key/key.core/build/resources/main/de/uka/ilkd/key/proof/rules/bprod.key took 3 ms to parse. 
2919       WARN  main            d.u.i.k.n.ParsingFacade   Parsing time 350 ms. 
2938       WARN  main            d.u.i.k.n.ParsingFacade   file:/home/runner/work/key/key/key.core/build/resources/main/de/uka/ilkd/key/proof/rules/binaryAxioms.key took 1 ms to parse. 
2939       WARN  main            d.u.i.k.n.ParsingFacade   Parsing time 351 ms. 
2948       WARN  main            d.u.i.k.n.ParsingFacade   file:/home/runner/work/key/key/key.core/build/resources/main/de/uka/ilkd/key/proof/rules/binaryLemmas.key took 3 ms to parse. 
2948       WARN  main            d.u.i.k.n.ParsingFacade   Parsing time 354 ms. 
2962       WARN  main            d.u.i.k.n.ParsingFacade   file:/home/runner/work/key/key/key.core/build/resources/main/de/uka/ilkd/key/proof/rules/intPow.key took 2 ms to parse. 
2965       WARN  main            d.u.i.k.n.ParsingFacade   Parsing time 356 ms. 
2987       WARN  main            d.u.i.k.n.ParsingFacade   file:/home/runner/work/key/key/key.core/build/resources/main/de/uka/ilkd/key/proof/rules/floatRulesCommon.key took 12 ms to parse. 
2988       WARN  main            d.u.i.k.n.ParsingFacade   Parsing time 368 ms. 
3014       WARN  main            d.u.i.k.n.ParsingFacade   file:/home/runner/work/key/key/key.core/build/resources/main/de/uka/ilkd/key/proof/rules/floatRules.key took 1 ms to parse. 
3014       WARN  main            d.u.i.k.n.ParsingFacade   Parsing time 369 ms. 
3016       WARN  main            d.u.i.k.n.ParsingFacade   file:/home/runner/work/key/key/key.core/build/resources/main/de/uka/ilkd/key/proof/rules/floatRulesVerifyNormal.key took 0 ms to parse. 
3016       WARN  main            d.u.i.k.n.ParsingFacade   Parsing time 369 ms. 
3020       WARN  main            d.u.i.k.n.ParsingFacade   file:/home/runner/work/key/key/key.core/build/resources/main/de/uka/ilkd/key/proof/rules/floatRulesAssumeStrictfp.key took 3 ms to parse. 
3021       WARN  main            d.u.i.k.n.ParsingFacade   Parsing time 372 ms. 
3044       WARN  main            d.u.i.k.n.ParsingFacade   file:/home/runner/work/key/key/key.core/build/resources/main/de/uka/ilkd/key/proof/rules/genericRules.key took 2 ms to parse. 
3044       WARN  main            d.u.i.k.n.ParsingFacade   Parsing time 374 ms. 
3056       WARN  main            d.u.i.k.n.ParsingFacade   file:/home/runner/work/key/key/key.core/build/resources/main/de/uka/ilkd/key/proof/rules/booleanRules.key took 1 ms to parse. 
3056       WARN  main            d.u.i.k.n.ParsingFacade   Parsing time 375 ms. 
3060       WARN  main            d.u.i.k.n.ParsingFacade   file:/home/runner/work/key/key/key.core/build/resources/main/de/uka/ilkd/key/proof/rules/epsilon.key took 0 ms to parse. 
3061       WARN  main            d.u.i.k.n.ParsingFacade   Parsing time 375 ms. 
3072       WARN  main            d.u.i.k.n.ParsingFacade   file:/home/runner/work/key/key/key.core/build/resources/main/de/uka/ilkd/key/proof/rules/locSetsRules.key took 9 ms to parse. 
3073       WARN  main            d.u.i.k.n.ParsingFacade   Parsing time 384 ms. 
3152       WARN  main            d.u.i.k.n.ParsingFacade   file:/home/runner/work/key/key/key.core/build/resources/main/de/uka/ilkd/key/proof/rules/heapRules.key took 9 ms to parse. 
3153       WARN  main            d.u.i.k.n.ParsingFacade   Parsing time 393 ms. 
3187       WARN  main            d.u.i.k.n.ParsingFacade   file:/home/runner/work/key/key/key.core/build/resources/main/de/uka/ilkd/key/proof/rules/permissionRules.key took 3 ms to parse. 
3187       WARN  main            d.u.i.k.n.ParsingFacade   Parsing time 396 ms. 
3201       WARN  main            d.u.i.k.n.ParsingFacade   file:/home/runner/work/key/key/key.core/build/resources/main/de/uka/ilkd/key/proof/rules/reachRules.key took 3 ms to parse. 
3202       WARN  main            d.u.i.k.n.ParsingFacade   Parsing time 399 ms. 
3213       WARN  main            d.u.i.k.n.ParsingFacade   file:/home/runner/work/key/key/key.core/build/resources/main/de/uka/ilkd/key/proof/rules/seqCoreRules.key took 1 ms to parse. 
3213       WARN  main            d.u.i.k.n.ParsingFacade   Parsing time 400 ms. 
3222       WARN  main            d.u.i.k.n.ParsingFacade   file:/home/runner/work/key/key/key.core/build/resources/main/de/uka/ilkd/key/proof/rules/seqRules.key took 5 ms to parse. 
3222       WARN  main            d.u.i.k.n.ParsingFacade   Parsing time 405 ms. 
3305       WARN  main            d.u.i.k.n.ParsingFacade   file:/home/runner/work/key/key/key.core/build/resources/main/de/uka/ilkd/key/proof/rules/seqPerm.key took 64 ms to parse. 
3307       WARN  main            d.u.i.k.n.ParsingFacade   Parsing time 469 ms. 
3349       WARN  main            d.u.i.k.n.ParsingFacade   file:/home/runner/work/key/key/key.core/build/resources/main/de/uka/ilkd/key/proof/rules/seqPerm2.key took 1 ms to parse. 
3351       WARN  main            d.u.i.k.n.ParsingFacade   Parsing time 470 ms. 
3405       WARN  main            d.u.i.k.n.ParsingFacade   file:/home/runner/work/key/key/key.core/build/resources/main/de/uka/ilkd/key/proof/rules/javaRules.key took 45 ms to parse. 
3405       WARN  main            d.u.i.k.n.ParsingFacade   Parsing time 515 ms. 
3413       WARN  main            d.u.i.k.n.ParsingFacade   file:/home/runner/work/key/key/key.core/build/resources/main/de/uka/ilkd/key/proof/rules/assertions.key took 1 ms to parse. 
3414       WARN  main            d.u.i.k.n.ParsingFacade   Parsing time 516 ms. 
4430       WARN  main            d.u.i.k.n.ParsingFacade   file:/home/runner/work/key/key/key.core/build/resources/main/de/uka/ilkd/key/proof/rules/loopRules.key took 3 ms to parse. 
4430       WARN  main            d.u.i.k.n.ParsingFacade   Parsing time 519 ms. 
4444       WARN  main            d.u.i.k.n.ParsingFacade   file:/home/runner/work/key/key/key.core/build/resources/main/de/uka/ilkd/key/proof/rules/activeUse.key took 3 ms to parse. 
4444       WARN  main            d.u.i.k.n.ParsingFacade   Parsing time 522 ms. 
4520       WARN  main            d.u.i.k.n.ParsingFacade   file:/home/runner/work/key/key/key.core/build/resources/main/de/uka/ilkd/key/proof/rules/instanceAllocation.key took 8 ms to parse. 
4520       WARN  main            d.u.i.k.n.ParsingFacade   Parsing time 530 ms. 
4544       WARN  main            d.u.i.k.n.ParsingFacade   file:/home/runner/work/key/key/key.core/build/resources/main/de/uka/ilkd/key/proof/rules/java5.key took 1 ms to parse. 
4545       WARN  main            d.u.i.k.n.ParsingFacade   Parsing time 531 ms. 
4566       WARN  main            d.u.i.k.n.ParsingFacade   file:/home/runner/work/key/key/key.core/build/resources/main/de/uka/ilkd/key/proof/rules/integerAssignment2UpdateRules.key took 6 ms to parse. 
4567       WARN  main            d.u.i.k.n.ParsingFacade   Parsing time 537 ms. 
4675       WARN  main            d.u.i.k.n.ParsingFacade   file:/home/runner/work/key/key/key.core/build/resources/main/de/uka/ilkd/key/proof/rules/floatAssignment2UpdateRules.key took 16 ms to parse. 
4675       WARN  main            d.u.i.k.n.ParsingFacade   Parsing time 553 ms. 
4727       WARN  main            d.u.i.k.n.ParsingFacade   file:/home/runner/work/key/key/key.core/build/resources/main/de/uka/ilkd/key/proof/rules/bigint.key took 4 ms to parse. 
4727       WARN  main            d.u.i.k.n.ParsingFacade   Parsing time 557 ms. 
4744       WARN  main            d.u.i.k.n.ParsingFacade   file:/home/runner/work/key/key/key.core/build/resources/main/de/uka/ilkd/key/proof/rules/adtProgramDecompositionRules.key took 2 ms to parse. 
4745       WARN  main            d.u.i.k.n.ParsingFacade   Parsing time 559 ms. 
4764       WARN  main            d.u.i.k.n.ParsingFacade   file:/home/runner/work/key/key/key.core/build/resources/main/de/uka/ilkd/key/proof/rules/precRules.key took 1 ms to parse. 
4764       WARN  main            d.u.i.k.n.ParsingFacade   Parsing time 560 ms. 
4771       WARN  main            d.u.i.k.n.ParsingFacade   file:/home/runner/work/key/key/key.core/build/resources/main/de/uka/ilkd/key/proof/rules/charListRules.key took 3 ms to parse. 
4771       WARN  main            d.u.i.k.n.ParsingFacade   Parsing time 563 ms. 
4782       WARN  main            d.u.i.k.n.ParsingFacade   file:/home/runner/work/key/key/key.core/build/resources/main/de/uka/ilkd/key/proof/rules/regExTheory.key took 0 ms to parse. 
4783       WARN  main            d.u.i.k.n.ParsingFacade   Parsing time 563 ms. 
4784       WARN  main            d.u.i.k.n.ParsingFacade   file:/home/runner/work/key/key/key.core/build/resources/main/de/uka/ilkd/key/proof/rules/regExHeader.key took 0 ms to parse. 
4784       WARN  main            d.u.i.k.n.ParsingFacade   Parsing time 563 ms. 
4787       WARN  main            d.u.i.k.n.ParsingFacade   file:/home/runner/work/key/key/key.core/build/resources/main/de/uka/ilkd/key/proof/rules/regExAxioms.key took 1 ms to parse. 
4789       WARN  main            d.u.i.k.n.ParsingFacade   Parsing time 564 ms. 
4794       WARN  main            d.u.i.k.n.ParsingFacade   file:/home/runner/work/key/key/key.core/build/resources/main/de/uka/ilkd/key/proof/rules/regExLemmaProven.key took 1 ms to parse. 
4794       WARN  main            d.u.i.k.n.ParsingFacade   Parsing time 565 ms. 
4804       WARN  main            d.u.i.k.n.ParsingFacade   file:/home/runner/work/key/key/key.core/build/resources/main/de/uka/ilkd/key/proof/rules/seqEq.key took 1 ms to parse. 
4804       WARN  main            d.u.i.k.n.ParsingFacade   Parsing time 566 ms. 
4814       WARN  main            d.u.i.k.n.ParsingFacade   file:/home/runner/work/key/key/key.core/build/resources/main/de/uka/ilkd/key/proof/rules/infFlow.key took 4 ms to parse. 
4814       WARN  main            d.u.i.k.n.ParsingFacade   Parsing time 570 ms. 
4822       WARN  main            d.u.i.k.n.ParsingFacade   file:/home/runner/work/key/key/key.core/build/resources/main/de/uka/ilkd/key/proof/rules/mapSize.key took 1 ms to parse. 
4822       WARN  main            d.u.i.k.n.ParsingFacade   Parsing time 571 ms. 
4825       WARN  main            d.u.i.k.n.ParsingFacade   file:/home/runner/work/key/key/key.core/build/resources/main/de/uka/ilkd/key/proof/rules/wd.key took 0 ms to parse. 
4825       WARN  main            d.u.i.k.n.ParsingFacade   Parsing time 571 ms. 
4831       WARN  main            d.u.i.k.n.ParsingFacade   file:/home/runner/work/key/key/key.core/build/resources/main/de/uka/ilkd/key/proof/rules/wdHeader.key took 1 ms to parse. 
4831       WARN  main            d.u.i.k.n.ParsingFacade   Parsing time 572 ms. 
4834       WARN  main            d.u.i.k.n.ParsingFacade   file:/home/runner/work/key/key/key.core/build/resources/main/de/uka/ilkd/key/proof/rules/wdGeneralRules.key took 2 ms to parse. 
4835       WARN  main            d.u.i.k.n.ParsingFacade   Parsing time 574 ms. 
4850       WARN  main            d.u.i.k.n.ParsingFacade   file:/home/runner/work/key/key/key.core/build/resources/main/de/uka/ilkd/key/proof/rules/wdNumericalRules.key took 6 ms to parse. 
4850       WARN  main            d.u.i.k.n.ParsingFacade   Parsing time 580 ms. 
4875       WARN  main            d.u.i.k.n.ParsingFacade   file:/home/runner/work/key/key/key.core/build/resources/main/de/uka/ilkd/key/proof/rules/wdLocSetRules.key took 1 ms to parse. 
4875       WARN  main            d.u.i.k.n.ParsingFacade   Parsing time 581 ms. 
4881       WARN  main            d.u.i.k.n.ParsingFacade   file:/home/runner/work/key/key/key.core/build/resources/main/de/uka/ilkd/key/proof/rules/wdHeapRules.key took 0 ms to parse. 
4882       WARN  main            d.u.i.k.n.ParsingFacade   Parsing time 581 ms. 
4885       WARN  main            d.u.i.k.n.ParsingFacade   file:/home/runner/work/key/key/key.core/build/resources/main/de/uka/ilkd/key/proof/rules/wdReachRules.key took 0 ms to parse. 
4885       WARN  main            d.u.i.k.n.ParsingFacade   Parsing time 581 ms. 
4888       WARN  main            d.u.i.k.n.ParsingFacade   file:/home/runner/work/key/key/key.core/build/resources/main/de/uka/ilkd/key/proof/rules/wdSeqRules.key took 1 ms to parse. 
4888       WARN  main            d.u.i.k.n.ParsingFacade   Parsing time 582 ms. 
4892       WARN  main            d.u.i.k.n.ParsingFacade   file:/home/runner/work/key/key/key.core/build/resources/main/de/uka/ilkd/key/proof/rules/wdStringRules.key took 1 ms to parse. 
4892       WARN  main            d.u.i.k.n.ParsingFacade   Parsing time 583 ms. 
4897       WARN  main            d.u.i.k.n.ParsingFacade   file:/home/runner/work/key/key/key.core/build/resources/main/de/uka/ilkd/key/proof/rules/wdRegExRules.key took 0 ms to parse. 
4898       WARN  main            d.u.i.k.n.ParsingFacade   Parsing time 583 ms. 
4905       WARN  main            d.u.i.k.n.ParsingFacade   file:/home/runner/work/key/key/key.core/build/resources/main/de/uka/ilkd/key/proof/rules/wdFormulaRules.key took 5 ms to parse. 
4905       WARN  main            d.u.i.k.n.ParsingFacade   Parsing time 588 ms. 
4959       WARN  main            d.u.i.k.n.ParsingFacade   file:/home/runner/work/key/key/key.core/build/resources/main/de/uka/ilkd/key/proof/rules/loopInvariantRules.key took 1 ms to parse. 
4959       WARN  main            d.u.i.k.n.ParsingFacade   Parsing time 589 ms. 
4961       WARN  main            d.u.i.k.n.ParsingFacade   file:/home/runner/work/key/key/key.core/build/resources/main/de/uka/ilkd/key/proof/rules/forLoopRules.key took 0 ms to parse. 
4961       WARN  main            d.u.i.k.n.ParsingFacade   Parsing time 589 ms. 
4970       WARN  main            d.u.i.k.n.ParsingFacade   file:/home/runner/work/key/key/key.core/build/resources/main/de/uka/ilkd/key/proof/rules/execRules.key took 5 ms to parse. 
4971       WARN  main            d.u.i.k.n.ParsingFacade   Parsing time 594 ms. 
5150       WARN  main            d.u.i.k.n.ParsingFacade   file:/home/runner/work/key/key/key.core/build/resources/main/de/uka/ilkd/key/proof/rules/loopScopeRules.key took 3 ms to parse. 
5150       WARN  main            d.u.i.k.n.ParsingFacade   Parsing time 597 ms. 
9821       WARN  main            d.u.i.k.n.ParsingFacade   file:/home/runner/work/key/key/key.core/build/resources/main/de/uka/ilkd/key/java/JavaRedux/java/lang/String.key took 7 ms to parse. 
9821       WARN  main            d.u.i.k.n.ParsingFacade   Parsing time 604 ms. 
14113      WARN  main            d.u.i.k.n.ParsingFacade   /home/runner/work/key/key/key.core/../key.ui/examples/InformationFlow/NewObjects/object.AmtoftBanerjee3(object.AmtoftBanerjee3__m()).Non-interference contract.0.m.key took 0 ms to parse. 
14114      WARN  main            d.u.i.k.n.ParsingFacade   Parsing time 604 ms. 
15723      INFO  main            d.u.i.k.p.r.p.TestFile    ... finished proof: closed. 
15981      INFO  main            d.u.i.k.p.r.p.TestFile    Now processing file /home/runner/work/key/key/key.core/../key.ui/examples/InformationFlow/NewObjects/object.AmtoftBanerjee(object.AmtoftBanerjee__m_2()).Non-interference contract.0.m.key 
15984      WARN  main            d.u.i.k.n.ParsingFacade   /home/runner/work/key/key/key.core/../key.ui/examples/InformationFlow/NewObjects/object.AmtoftBanerjee(object.AmtoftBanerjee__m_2()).Non-interference contract.0.m.key took 1 ms to parse. 
15986      WARN  main            d.u.i.k.n.ParsingFacade   Parsing time 605 ms. 
17563      WARN  main            d.u.i.k.n.ParsingFacade   file:/home/runner/work/key/key/key.core/build/resources/main/de/uka/ilkd/key/java/JavaRedux/java/lang/String.key took 2 ms to parse. 
17563      WARN  main            d.u.i.k.n.ParsingFacade   Parsing time 607 ms. 
20735      WARN  main            d.u.i.k.n.ParsingFacade   /home/runner/work/key/key/key.core/../key.ui/examples/InformationFlow/NewObjects/object.AmtoftBanerjee(object.AmtoftBanerjee__m_2()).Non-interference contract.0.m.key took 0 ms to parse. 
20735      WARN  main            d.u.i.k.n.ParsingFacade   Parsing time 607 ms. 
22828      INFO  main            d.u.i.k.p.r.p.TestFile    ... finished proof: closed. 
23200      INFO  main            d.u.i.k.p.r.p.TestFile    Now processing file /home/runner/work/key/key/key.core/../key.ui/examples/InformationFlow/NewObjects/object.AmtoftBanerjee(object.AmtoftBanerjee__m_1()).Non-interference contract.1.m.key 
23200      WARN  main            d.u.i.k.n.ParsingFacade   /home/runner/work/key/key/key.core/../key.ui/examples/InformationFlow/NewObjects/object.AmtoftBanerjee(object.AmtoftBanerjee__m_1()).Non-interference contract.1.m.key took 0 ms to parse. 
23200      WARN  main            d.u.i.k.n.ParsingFacade   Parsing time 607 ms. 
24818      WARN  main            d.u.i.k.n.ParsingFacade   file:/home/runner/work/key/key/key.core/build/resources/main/de/uka/ilkd/key/java/JavaRedux/java/lang/String.key took 1 ms to parse. 
24819      WARN  main            d.u.i.k.n.ParsingFacade   Parsing time 608 ms. 
27632      WARN  main            d.u.i.k.n.ParsingFacade   /home/runner/work/key/key/key.core/../key.ui/examples/InformationFlow/NewObjects/object.AmtoftBanerjee(object.AmtoftBanerjee__m_1()).Non-interference contract.1.m.key took 0 ms to parse. 
27633      WARN  main            d.u.i.k.n.ParsingFacade   Parsing time 608 ms. 
28546      INFO  main            d.u.i.k.p.r.p.TestFile    ... finished proof: open goal(s) 
28865      INFO  main            d.u.i.k.p.r.p.TestFile    Now processing file /home/runner/work/key/key/key.core/../key.ui/examples/InformationFlow/NewObjects/object.AmtoftBanerjee(object.AmtoftBanerjee__m_1()).Non-interference contract.0.m.key 
28867      WARN  main            d.u.i.k.n.ParsingFacade   /home/runner/work/key/key/key.core/../key.ui/examples/InformationFlow/NewObjects/object.AmtoftBanerjee(object.AmtoftBanerjee__m_1()).Non-interference contract.0.m.key took 0 ms to parse. 
28867      WARN  main            d.u.i.k.n.ParsingFacade   Parsing time 608 ms. 
30253      WARN  main            d.u.i.k.n.ParsingFacade   file:/home/runner/work/key/key/key.core/build/resources/main/de/uka/ilkd/key/java/JavaRedux/java/lang/String.key took 2 ms to parse. 
30253      WARN  main            d.u.i.k.n.ParsingFacade   Parsing time 610 ms. 
33087      WARN  main            d.u.i.k.n.ParsingFacade   /home/runner/work/key/key/key.core/../key.ui/examples/InformationFlow/NewObjects/object.AmtoftBanerjee(object.AmtoftBanerjee__m_1()).Non-interference contract.0.m.key took 0 ms to parse. 
33088      WARN  main            d.u.i.k.n.ParsingFacade   Parsing time 610 ms. 
33855      INFO  main            d.u.i.k.p.r.p.TestFile    ... finished proof: closed. 
34175      INFO  main            d.u.i.k.p.r.p.TestFile    Now processing file /home/runner/work/key/key/key.core/../key.ui/examples/InformationFlow/NewObjects/object.AmtoftBanerjee(object.AmtoftBanerjee__getQ()).Non-interference contract.0.m.key 
34176      WARN  main            d.u.i.k.n.ParsingFacade   /home/runner/work/key/key/key.core/../key.ui/examples/InformationFlow/NewObjects/object.AmtoftBanerjee(object.AmtoftBanerjee__getQ()).Non-interference contract.0.m.key took 0 ms to parse. 
34177      WARN  main            d.u.i.k.n.ParsingFacade   Parsing time 610 ms. 
35567      WARN  main            d.u.i.k.n.ParsingFacade   file:/home/runner/work/key/key/key.core/build/resources/main/de/uka/ilkd/key/java/JavaRedux/java/lang/String.key took 1 ms to parse. 
35568      WARN  main            d.u.i.k.n.ParsingFacade   Parsing time 611 ms. 
38427      WARN  main            d.u.i.k.n.ParsingFacade   /home/runner/work/key/key/key.core/../key.ui/examples/InformationFlow/NewObjects/object.AmtoftBanerjee(object.AmtoftBanerjee__getQ()).Non-interference contract.0.m.key took 0 ms to parse. 
38428      WARN  main            d.u.i.k.n.ParsingFacade   Parsing time 611 ms. 
38660      INFO  main            d.u.i.k.p.r.p.TestFile    ... finished proof: closed. 
38848      INFO  main            d.u.i.k.p.r.p.TestFile    Now processing file /home/runner/work/key/key/key.core/../key.ui/examples/InformationFlow/NewObjects/object.Naumann(object.Naumann__Pair_m(int,int)).Non-interference contract.0.m.key 
38852      WARN  main            d.u.i.k.n.ParsingFacade   /home/runner/work/key/key/key.core/../key.ui/examples/InformationFlow/NewObjects/object.Naumann(object.Naumann__Pair_m(int,int)).Non-interference contract.0.m.key took 0 ms to parse. 
38853      WARN  main            d.u.i.k.n.ParsingFacade   Parsing time 611 ms. 
40283      WARN  main            d.u.i.k.n.ParsingFacade   file:/home/runner/work/key/key/key.core/build/resources/main/de/uka/ilkd/key/java/JavaRedux/java/lang/String.key took 1 ms to parse. 
40284      WARN  main            d.u.i.k.n.ParsingFacade   Parsing time 612 ms. 
43393      WARN  main            d.u.i.k.n.ParsingFacade   /home/runner/work/key/key/key.core/../key.ui/examples/InformationFlow/NewObjects/object.Naumann(object.Naumann__Pair_m(int,int)).Non-interference contract.0.m.key took 0 ms to parse. 
43393      WARN  main            d.u.i.k.n.ParsingFacade   Parsing time 612 ms. 
63401      INFO  main            d.u.i.k.p.r.p.TestFile    ... finished proof: closed. 
63820      INFO  main            d.u.i.k.p.r.p.TestFile    Now processing file /home/runner/work/key/key/key.core/../key.ui/examples/InformationFlow/NewObjects/object.ObjectOrientation(object.ObjectOrientation__secure_while_i((Ljava.lang.Object)).Non-interference contract.0.m.key 
63821      WARN  main            d.u.i.k.n.ParsingFacade   /home/runner/work/key/key/key.core/../key.ui/examples/InformationFlow/NewObjects/object.ObjectOrientation(object.ObjectOrientation__secure_while_i((Ljava.lang.Object)).Non-interference contract.0.m.key took 0 ms to parse. 
63821      WARN  main            d.u.i.k.n.ParsingFacade   Parsing time 612 ms. 
65304      WARN  main            d.u.i.k.n.ParsingFacade   file:/home/runner/work/key/key/key.core/build/resources/main/de/uka/ilkd/key/java/JavaRedux/java/lang/String.key took 1 ms to parse. 
65305      WARN  main            d.u.i.k.n.ParsingFacade   Parsing time 613 ms. 
68445      WARN  main            d.u.i.k.n.ParsingFacade   /home/runner/work/key/key/key.core/../key.ui/examples/InformationFlow/NewObjects/object.ObjectOrientation(object.ObjectOrientation__secure_while_i((Ljava.lang.Object)).Non-interference contract.0.m.key took 0 ms to parse. 
68445      WARN  main            d.u.i.k.n.ParsingFacade   Parsing time 613 ms. 
78984      INFO  main            d.u.i.k.p.r.p.TestFile    ... finished proof: closed. 
79469      INFO  main            d.u.i.k.p.r.p.TestFile    Now processing file /home/runner/work/key/key/key.core/../key.ui/examples/InformationFlow/NewObjects/object.ObjectOrientation(object.ObjectOrientation__secure_method_call()).Non-interference contract.0.m.key 
79471      WARN  main            d.u.i.k.n.ParsingFacade   /home/runner/work/key/key/key.core/../key.ui/examples/InformationFlow/NewObjects/object.ObjectOrientation(object.ObjectOrientation__secure_method_call()).Non-interference contract.0.m.key took 0 ms to parse. 
79472      WARN  main            d.u.i.k.n.ParsingFacade   Parsing time 613 ms. 
80910      WARN  main            d.u.i.k.n.ParsingFacade   file:/home/runner/work/key/key/key.core/build/resources/main/de/uka/ilkd/key/java/JavaRedux/java/lang/String.key took 1 ms to parse. 
80911      WARN  main            d.u.i.k.n.ParsingFacade   Parsing time 614 ms. 
83691      WARN  main            d.u.i.k.n.ParsingFacade   /home/runner/work/key/key/key.core/../key.ui/examples/InformationFlow/NewObjects/object.ObjectOrientation(object.ObjectOrientation__secure_method_call()).Non-interference contract.0.m.key took 0 ms to parse. 
83692      WARN  main            d.u.i.k.n.ParsingFacade   Parsing time 614 ms. 
84466      INFO  main            d.u.i.k.p.r.p.TestFile    ... finished proof: closed. 
84871      INFO  main            d.u.i.k.p.r.p.TestFile    Now processing file /home/runner/work/key/key/key.core/../key.ui/examples/InformationFlow/NewObjects/object.ObjectOrientation(object.ObjectOrientation__if_two_object_creation_next()).Non-interference contract.1.m.key 
84875      WARN  main            d.u.i.k.n.ParsingFacade   /home/runner/work/key/key/key.core/../key.ui/examples/InformationFlow/NewObjects/object.ObjectOrientation(object.ObjectOrientation__if_two_object_creation_next()).Non-interference contract.1.m.key took 0 ms to parse. 
84876      WARN  main            d.u.i.k.n.ParsingFacade   Parsing time 614 ms. 
86290      WARN  main            d.u.i.k.n.ParsingFacade   file:/home/runner/work/key/key/key.core/build/resources/main/de/uka/ilkd/key/java/JavaRedux/java/lang/String.key took 1 ms to parse. 
86290      WARN  main            d.u.i.k.n.ParsingFacade   Parsing time 615 ms. 
89241      WARN  main            d.u.i.k.n.ParsingFacade   /home/runner/work/key/key/key.core/../key.ui/examples/InformationFlow/NewObjects/object.ObjectOrientation(object.ObjectOrientation__if_two_object_creation_next()).Non-interference contract.1.m.key took 0 ms to parse. 
89242      WARN  main            d.u.i.k.n.ParsingFacade   Parsing time 615 ms. 
133762     INFO  main            d.u.i.k.p.r.p.TestFile    ... finished proof: open goal(s) 
134113     INFO  main            d.u.i.k.p.r.p.TestFile    Now processing file /home/runner/work/key/key/key.core/../key.ui/examples/InformationFlow/NewObjects/object.ObjectOrientation(object.ObjectOrientation__if_two_object_creation_next()).Non-interference contract.0.m.key 
134114     WARN  main            d.u.i.k.n.ParsingFacade   /home/runner/work/key/key/key.core/../key.ui/examples/InformationFlow/NewObjects/object.ObjectOrientation(object.ObjectOrientation__if_two_object_creation_next()).Non-interference contract.0.m.key took 0 ms to parse. 
134114     WARN  main            d.u.i.k.n.ParsingFacade   Parsing time 615 ms. 
135330     WARN  main            d.u.i.k.n.ParsingFacade   file:/home/runner/work/key/key/key.core/build/resources/main/de/uka/ilkd/key/java/JavaRedux/java/lang/String.key took 2 ms to parse. 
135330     WARN  main            d.u.i.k.n.ParsingFacade   Parsing time 617 ms. 
137801     WARN  main            d.u.i.k.n.ParsingFacade   /home/runner/work/key/key/key.core/../key.ui/examples/InformationFlow/NewObjects/object.ObjectOrientation(object.ObjectOrientation__if_two_object_creation_next()).Non-interference contract.0.m.key took 1 ms to parse. 
137801     WARN  main            d.u.i.k.n.ParsingFacade   Parsing time 618 ms. 
154637     INFO  main            d.u.i.k.p.r.p.TestFile    ... finished proof: closed. 
155124     INFO  main            d.u.i.k.p.r.p.TestFile    Now processing file /home/runner/work/key/key/key.core/../key.ui/examples/InformationFlow/NewObjects/object.ObjectOrientation(object.ObjectOrientation__secure_if_two_object_creation()).Non-interference contract.0.m.key 
155125     WARN  main            d.u.i.k.n.ParsingFacade   /home/runner/work/key/key/key.core/../key.ui/examples/InformationFlow/NewObjects/object.ObjectOrientation(object.ObjectOrientation__secure_if_two_object_creation()).Non-interference contract.0.m.key took 0 ms to parse. 
155125     WARN  main            d.u.i.k.n.ParsingFacade   Parsing time 618 ms. 
156302     WARN  main            d.u.i.k.n.ParsingFacade   file:/home/runner/work/key/key/key.core/build/resources/main/de/uka/ilkd/key/java/JavaRedux/java/lang/String.key took 1 ms to parse. 
156303     WARN  main            d.u.i.k.n.ParsingFacade   Parsing time 619 ms. 
158867     WARN  main            d.u.i.k.n.ParsingFacade   /home/runner/work/key/key/key.core/../key.ui/examples/InformationFlow/NewObjects/object.ObjectOrientation(object.ObjectOrientation__secure_if_two_object_creation()).Non-interference contract.0.m.key took 0 ms to parse. 
158867     WARN  main            d.u.i.k.n.ParsingFacade   Parsing time 619 ms. 
176017     INFO  main            d.u.i.k.p.r.p.TestFile    ... finished proof: closed. 
176433     INFO  main            d.u.i.k.p.r.p.TestFile    Now processing file /home/runner/work/key/key/key.core/../key.ui/examples/InformationFlow/NewObjects/object.ObjectOrientation(object.ObjectOrientation__insecure_two_object_creation()).Non-interference contract.0.m.key 
176434     WARN  main            d.u.i.k.n.ParsingFacade   /home/runner/work/key/key/key.core/../key.ui/examples/InformationFlow/NewObjects/object.ObjectOrientation(object.ObjectOrientation__insecure_two_object_creation()).Non-interference contract.0.m.key took 0 ms to parse. 
176434     WARN  main            d.u.i.k.n.ParsingFacade   Parsing time 619 ms. 
177655     WARN  main            d.u.i.k.n.ParsingFacade   file:/home/runner/work/key/key/key.core/build/resources/main/de/uka/ilkd/key/java/JavaRedux/java/lang/String.key took 2 ms to parse. 
177656     WARN  main            d.u.i.k.n.ParsingFacade   Parsing time 621 ms. 
180180     WARN  main            d.u.i.k.n.ParsingFacade   /home/runner/work/key/key/key.core/../key.ui/examples/InformationFlow/NewObjects/object.ObjectOrientation(object.ObjectOrientation__insecure_two_object_creation()).Non-interference contract.0.m.key took 0 ms to parse. 
180180     WARN  main            d.u.i.k.n.ParsingFacade   Parsing time 621 ms. 
216366     INFO  main            d.u.i.k.p.r.p.TestFile    ... finished proof: open goal(s) 
216663     INFO  main            d.u.i.k.p.r.p.TestFile    Now processing file /home/runner/work/key/key/key.core/../key.ui/examples/InformationFlow/NewObjects/object.ObjectOrientation(object.ObjectOrientation__secure_two_object_creation()).Non-interference contract.0.m.key 
216664     WARN  main            d.u.i.k.n.ParsingFacade   /home/runner/work/key/key/key.core/../key.ui/examples/InformationFlow/NewObjects/object.ObjectOrientation(object.ObjectOrientation__secure_two_object_creation()).Non-interference contract.0.m.key took 0 ms to parse. 
216664     WARN  main            d.u.i.k.n.ParsingFacade   Parsing time 621 ms. 
217592     WARN  main            d.u.i.k.n.ParsingFacade   file:/home/runner/work/key/key/key.core/build/resources/main/de/uka/ilkd/key/java/JavaRedux/java/lang/String.key took 2 ms to parse. 
217592     WARN  main            d.u.i.k.n.ParsingFacade   Parsing time 623 ms. 
219415     WARN  main            d.u.i.k.n.ParsingFacade   /home/runner/work/key/key/key.core/../key.ui/examples/InformationFlow/NewObjects/object.ObjectOrientation(object.ObjectOrientation__secure_two_object_creation()).Non-interference contract.0.m.key took 0 ms to parse. 
219416     WARN  main            d.u.i.k.n.ParsingFacade   Parsing time 623 ms. 
229618     INFO  main            d.u.i.k.p.r.p.TestFile    ... finished proof: closed. 
229943     INFO  main            d.u.i.k.p.r.p.TestFile    Now processing file /home/runner/work/key/key/key.core/../key.ui/examples/InformationFlow/NewObjects/object.ObjectOrientation(object.ObjectOrientation__insecure_object_assignment()).Non-interference contract.1.m.key 
229944     WARN  main            d.u.i.k.n.ParsingFacade   /home/runner/work/key/key/key.core/../key.ui/examples/InformationFlow/NewObjects/object.ObjectOrientation(object.ObjectOrientation__insecure_object_assignment()).Non-interference contract.1.m.key took 0 ms to parse. 
229944     WARN  main            d.u.i.k.n.ParsingFacade   Parsing time 623 ms. 
230916     WARN  main            d.u.i.k.n.ParsingFacade   file:/home/runner/work/key/key/key.core/build/resources/main/de/uka/ilkd/key/java/JavaRedux/java/lang/String.key took 1 ms to parse. 
230916     WARN  main            d.u.i.k.n.ParsingFacade   Parsing time 624 ms. 
232816     WARN  main            d.u.i.k.n.ParsingFacade   /home/runner/work/key/key/key.core/../key.ui/examples/InformationFlow/NewObjects/object.ObjectOrientation(object.ObjectOrientation__insecure_object_assignment()).Non-interference contract.1.m.key took 0 ms to parse. 
232817     WARN  main            d.u.i.k.n.ParsingFacade   Parsing time 624 ms. 
241940     INFO  main            d.u.i.k.p.r.p.TestFile    ... finished proof: open goal(s) 
242199     INFO  main            d.u.i.k.p.r.p.TestFile    Now processing file /home/runner/work/key/key/key.core/../key.ui/examples/InformationFlow/NewObjects/object.ObjectOrientation(object.ObjectOrientation__insecure_object_assignment()).Non-interference contract.0.m.key 
242200     WARN  main            d.u.i.k.n.ParsingFacade   /home/runner/work/key/key/key.core/../key.ui/examples/InformationFlow/NewObjects/object.ObjectOrientation(object.ObjectOrientation__insecure_object_assignment()).Non-interference contract.0.m.key took 0 ms to parse. 
242200     WARN  main            d.u.i.k.n.ParsingFacade   Parsing time 624 ms. 
243162     WARN  main            d.u.i.k.n.ParsingFacade   file:/home/runner/work/key/key/key.core/build/resources/main/de/uka/ilkd/key/java/JavaRedux/java/lang/String.key took 2 ms to parse. 
243162     WARN  main            d.u.i.k.n.ParsingFacade   Parsing time 626 ms. 
245131     WARN  main            d.u.i.k.n.ParsingFacade   /home/runner/work/key/key/key.core/../key.ui/examples/InformationFlow/NewObjects/object.ObjectOrientation(object.ObjectOrientation__insecure_object_assignment()).Non-interference contract.0.m.key took 1 ms to parse. 
245131     WARN  main            d.u.i.k.n.ParsingFacade   Parsing time 627 ms. 
245378     INFO  main            d.u.i.k.p.r.p.TestFile    ... finished proof: open goal(s) 
245622     INFO  main            d.u.i.k.p.r.p.TestFile    Now processing file /home/runner/work/key/key/key.core/../key.ui/examples/InformationFlow/NewObjects/object.ObjectOrientation(object.ObjectOrientation__secure_object_creation_3()).Non-interference contract.0.m.key 
245623     WARN  main            d.u.i.k.n.ParsingFacade   /home/runner/work/key/key/key.core/../key.ui/examples/InformationFlow/NewObjects/object.ObjectOrientation(object.ObjectOrientation__secure_object_creation_3()).Non-interference contract.0.m.key took 0 ms to parse. 
245623     WARN  main            d.u.i.k.n.ParsingFacade   Parsing time 627 ms. 
246637     WARN  main            d.u.i.k.n.ParsingFacade   file:/home/runner/work/key/key/key.core/build/resources/main/de/uka/ilkd/key/java/JavaRedux/java/lang/String.key took 1 ms to parse. 
246638     WARN  main            d.u.i.k.n.ParsingFacade   Parsing time 628 ms. 
248587     WARN  main            d.u.i.k.n.ParsingFacade   /home/runner/work/key/key/key.core/../key.ui/examples/InformationFlow/NewObjects/object.ObjectOrientation(object.ObjectOrientation__secure_object_creation_3()).Non-interference contract.0.m.key took 0 ms to parse. 
248587     WARN  main            d.u.i.k.n.ParsingFacade   Parsing time 628 ms. 
249056     INFO  main            d.u.i.k.p.r.p.TestFile    ... finished proof: closed. 
249295     INFO  main            d.u.i.k.p.r.p.TestFile    Now processing file /home/runner/work/key/key/key.core/../key.ui/examples/InformationFlow/NewObjects/object.ObjectOrientation(object.ObjectOrientation__secure_object_creation_2()).Non-interference contract.0.m.key 
249296     WARN  main            d.u.i.k.n.ParsingFacade   /home/runner/work/key/key/key.core/../key.ui/examples/InformationFlow/NewObjects/object.ObjectOrientation(object.ObjectOrientation__secure_object_creation_2()).Non-interference contract.0.m.key took 0 ms to parse. 
249296     WARN  main            d.u.i.k.n.ParsingFacade   Parsing time 628 ms. 
250291     WARN  main            d.u.i.k.n.ParsingFacade   file:/home/runner/work/key/key/key.core/build/resources/main/de/uka/ilkd/key/java/JavaRedux/java/lang/String.key took 2 ms to parse. 
250291     WARN  main            d.u.i.k.n.ParsingFacade   Parsing time 630 ms. 
252272     WARN  main            d.u.i.k.n.ParsingFacade   /home/runner/work/key/key/key.core/../key.ui/examples/InformationFlow/NewObjects/object.ObjectOrientation(object.ObjectOrientation__secure_object_creation_2()).Non-interference contract.0.m.key took 0 ms to parse. 
252273     WARN  main            d.u.i.k.n.ParsingFacade   Parsing time 630 ms. 
252598     INFO  main            d.u.i.k.p.r.p.TestFile    ... finished proof: closed. 
252817     INFO  main            d.u.i.k.p.r.p.TestFile    Now processing file /home/runner/work/key/key/key.core/../key.ui/examples/InformationFlow/NewObjects/object.ObjectOrientation(object.ObjectOrientation__secure_object_creation()).Non-interference contract.0.m.key 
252818     WARN  main            d.u.i.k.n.ParsingFacade   /home/runner/work/key/key/key.core/../key.ui/examples/InformationFlow/NewObjects/object.ObjectOrientation(object.ObjectOrientation__secure_object_creation()).Non-interference contract.0.m.key took 1 ms to parse. 
252818     WARN  main            d.u.i.k.n.ParsingFacade   Parsing time 631 ms. 
253794     WARN  main            d.u.i.k.n.ParsingFacade   file:/home/runner/work/key/key/key.core/build/resources/main/de/uka/ilkd/key/java/JavaRedux/java/lang/String.key took 1 ms to parse. 
253795     WARN  main            d.u.i.k.n.ParsingFacade   Parsing time 632 ms. 
255748     WARN  main            d.u.i.k.n.ParsingFacade   /home/runner/work/key/key/key.core/../key.ui/examples/InformationFlow/NewObjects/object.ObjectOrientation(object.ObjectOrientation__secure_object_creation()).Non-interference contract.0.m.key took 0 ms to parse. 
255748     WARN  main            d.u.i.k.n.ParsingFacade   Parsing time 632 ms. 
256152     INFO  main            d.u.i.k.p.r.p.TestFile    ... finished proof: closed. 
256375     INFO  main            d.u.i.k.p.r.p.TestFile    Now processing file /home/runner/work/key/key/key.core/../key.ui/examples/InformationFlow/NewObjects/object.AmtoftBanerjee2(object.AmtoftBanerjee2__expensive(int)).Non-interference contract.0.m.key 
256376     WARN  main            d.u.i.k.n.ParsingFacade   /home/runner/work/key/key/key.core/../key.ui/examples/InformationFlow/NewObjects/object.AmtoftBanerjee2(object.AmtoftBanerjee2__expensive(int)).Non-interference contract.0.m.key took 1 ms to parse. 
256376     WARN  main            d.u.i.k.n.ParsingFacade   Parsing time 633 ms. 
257357     WARN  main            d.u.i.k.n.ParsingFacade   file:/home/runner/work/key/key/key.core/build/resources/main/de/uka/ilkd/key/java/JavaRedux/java/lang/String.key took 1 ms to parse. 
257357     WARN  main            d.u.i.k.n.ParsingFacade   Parsing time 634 ms. 
259347     WARN  main            d.u.i.k.n.ParsingFacade   /home/runner/work/key/key/key.core/../key.ui/examples/InformationFlow/NewObjects/object.AmtoftBanerjee2(object.AmtoftBanerjee2__expensive(int)).Non-interference contract.0.m.key took 0 ms to parse. 
259347     WARN  main            d.u.i.k.n.ParsingFacade   Parsing time 634 ms. 
259434     INFO  main            d.u.i.k.p.r.p.TestFile    ... finished proof: closed. 
259653     INFO  main            d.u.i.k.p.r.p.TestFile    Now processing file /home/runner/work/key/key/key.core/../key.ui/examples/InformationFlow/NewObjects/object.AmtoftBanerjee2(object.AmtoftBanerjee2__cexp(int)).Non-interference contract.0.m.key 
259653     WARN  main            d.u.i.k.n.ParsingFacade   /home/runner/work/key/key/key.core/../key.ui/examples/InformationFlow/NewObjects/object.AmtoftBanerjee2(object.AmtoftBanerjee2__cexp(int)).Non-interference contract.0.m.key took 0 ms to parse. 
259653     WARN  main            d.u.i.k.n.ParsingFacade   Parsing time 634 ms. 
260601     WARN  main            d.u.i.k.n.ParsingFacade   file:/home/runner/work/key/key/key.core/build/resources/main/de/uka/ilkd/key/java/JavaRedux/java/lang/String.key took 1 ms to parse. 
260602     WARN  main            d.u.i.k.n.ParsingFacade   Parsing time 635 ms. 
262557     WARN  main            d.u.i.k.n.ParsingFacade   /home/runner/work/key/key/key.core/../key.ui/examples/InformationFlow/NewObjects/object.AmtoftBanerjee2(object.AmtoftBanerjee2__cexp(int)).Non-interference contract.0.m.key took 0 ms to parse. 
262558     WARN  main            d.u.i.k.n.ParsingFacade   Parsing time 635 ms. 
264184     INFO  main            d.u.i.k.p.r.p.TestFile    ... finished proof: closed. 
3546878    INFO  Test worker     d.u.i.k.p.r.RunAllProofsTestUnit Returning from test NewObjects_fullmacro 
3546879    INFO  Test worker     d.u.i.k.p.r.RunAllProofsTestUnit Running test SimpleEvoting_fullmacro 
379        INFO  Timeout watchdog d.u.i.k.p.r.p.ForkedTestFileRunner Timeout watcher launched (1000 secs.) 
396        WARN  main            d.u.i.k.s.ProofSettings   The settings in /home/runner/.key/proof-settings.props are *not* read. 
432        INFO  main            d.u.i.k.p.r.p.TestFile    Now processing file /home/runner/work/key/key/key.core/../key.ui/examples/InformationFlow/SimpleEvoting/simple_evoting.Environment(simple_evoting.Environment__untrustedOutputMessage((B)).Non-interference contract.0.m.key 
666        WARN  main            d.u.i.k.n.ParsingFacade   /home/runner/work/key/key/key.core/../key.ui/examples/InformationFlow/SimpleEvoting/simple_evoting.Environment(simple_evoting.Environment__untrustedOutputMessage((B)).Non-interference contract.0.m.key took 12 ms to parse. 
667        WARN  main            d.u.i.k.n.ParsingFacade   Parsing time 12 ms. 
820        WARN  main            d.u.i.k.n.ParsingFacade   file:/home/runner/work/key/key/key.core/build/resources/main/de/uka/ilkd/key/proof/rules/standardRules.key took 6 ms to parse. 
820        WARN  main            d.u.i.k.n.ParsingFacade   Parsing time 18 ms. 
843        WARN  main            d.u.i.k.n.ParsingFacade   file:/home/runner/work/key/key/key.core/build/resources/main/de/uka/ilkd/key/proof/rules/ldt.key took 1 ms to parse. 
843        WARN  main            d.u.i.k.n.ParsingFacade   Parsing time 19 ms. 
850        WARN  main            d.u.i.k.n.ParsingFacade   file:/home/runner/work/key/key/key.core/build/resources/main/de/uka/ilkd/key/proof/rules/boolean.key took 3 ms to parse. 
850        WARN  main            d.u.i.k.n.ParsingFacade   Parsing time 22 ms. 
873        WARN  main            d.u.i.k.n.ParsingFacade   file:/home/runner/work/key/key/key.core/build/resources/main/de/uka/ilkd/key/proof/rules/ruleSetsDeclarations.key took 8 ms to parse. 
873        WARN  main            d.u.i.k.n.ParsingFacade   Parsing time 30 ms. 
912        WARN  main            d.u.i.k.n.ParsingFacade   file:/home/runner/work/key/key/key.core/build/resources/main/de/uka/ilkd/key/proof/rules/integerHeader.key took 9 ms to parse. 
912        WARN  main            d.u.i.k.n.ParsingFacade   Parsing time 39 ms. 
919        WARN  main            d.u.i.k.n.ParsingFacade   file:/home/runner/work/key/key/key.core/build/resources/main/de/uka/ilkd/key/proof/rules/floatHeader.key took 5 ms to parse. 
919        WARN  main            d.u.i.k.n.ParsingFacade   Parsing time 44 ms. 
923        WARN  main            d.u.i.k.n.ParsingFacade   file:/home/runner/work/key/key/key.core/build/resources/main/de/uka/ilkd/key/proof/rules/heap.key took 2 ms to parse. 
923        WARN  main            d.u.i.k.n.ParsingFacade   Parsing time 46 ms. 
928        WARN  main            d.u.i.k.n.ParsingFacade   file:/home/runner/work/key/key/key.core/build/resources/main/de/uka/ilkd/key/proof/rules/locSets.key took 0 ms to parse. 
928        WARN  main            d.u.i.k.n.ParsingFacade   Parsing time 46 ms. 
930        WARN  main            d.u.i.k.n.ParsingFacade   file:/home/runner/work/key/key/key.core/build/resources/main/de/uka/ilkd/key/proof/rules/permission.key took 1 ms to parse. 
930        WARN  main            d.u.i.k.n.ParsingFacade   Parsing time 47 ms. 
932        WARN  main            d.u.i.k.n.ParsingFacade   file:/home/runner/work/key/key/key.core/build/resources/main/de/uka/ilkd/key/proof/rules/reach.key took 1 ms to parse. 
932        WARN  main            d.u.i.k.n.ParsingFacade   Parsing time 48 ms. 
932        WARN  main            d.u.i.k.n.ParsingFacade   file:/home/runner/work/key/key/key.core/build/resources/main/de/uka/ilkd/key/proof/rules/seq.key took 0 ms to parse. 
932        WARN  main            d.u.i.k.n.ParsingFacade   Parsing time 48 ms. 
965        WARN  main            d.u.i.k.n.ParsingFacade   file:/home/runner/work/key/key/key.core/build/resources/main/de/uka/ilkd/key/proof/rules/map.key took 23 ms to parse. 
965        WARN  main            d.u.i.k.n.ParsingFacade   Parsing time 71 ms. 
966        WARN  main            d.u.i.k.n.ParsingFacade   file:/home/runner/work/key/key/key.core/build/resources/main/de/uka/ilkd/key/proof/rules/freeADT.key took 0 ms to parse. 
966        WARN  main            d.u.i.k.n.ParsingFacade   Parsing time 71 ms. 
967        WARN  main            d.u.i.k.n.ParsingFacade   file:/home/runner/work/key/key/key.core/build/resources/main/de/uka/ilkd/key/proof/rules/wellfound.key took 0 ms to parse. 
967        WARN  main            d.u.i.k.n.ParsingFacade   Parsing time 71 ms. 
968        WARN  main            d.u.i.k.n.ParsingFacade   file:/home/runner/work/key/key/key.core/build/resources/main/de/uka/ilkd/key/proof/rules/charListHeader.key took 0 ms to parse. 
968        WARN  main            d.u.i.k.n.ParsingFacade   Parsing time 71 ms. 
1153       WARN  main            d.u.i.k.n.ParsingFacade   file:/home/runner/work/key/key/key.core/build/resources/main/de/uka/ilkd/key/proof/rules/propRule.key took 12 ms to parse. 
1157       WARN  main            d.u.i.k.n.ParsingFacade   Parsing time 83 ms. 
1198       WARN  main            d.u.i.k.n.ParsingFacade   file:/home/runner/work/key/key/key.core/build/resources/main/de/uka/ilkd/key/proof/rules/firstOrderRules.key took 6 ms to parse. 
1205       WARN  main            d.u.i.k.n.ParsingFacade   Parsing time 89 ms. 
1246       WARN  main            d.u.i.k.n.ParsingFacade   file:/home/runner/work/key/key/key.core/build/resources/main/de/uka/ilkd/key/proof/rules/ifThenElseRules.key took 24 ms to parse. 
1246       WARN  main            d.u.i.k.n.ParsingFacade   Parsing time 113 ms. 
1289       WARN  main            d.u.i.k.n.ParsingFacade   file:/home/runner/work/key/key/key.core/build/resources/main/de/uka/ilkd/key/proof/rules/formulaNormalisationRules.key took 15 ms to parse. 
1289       WARN  main            d.u.i.k.n.ParsingFacade   Parsing time 128 ms. 
1357       WARN  main            d.u.i.k.n.ParsingFacade   file:/home/runner/work/key/key/key.core/build/resources/main/de/uka/ilkd/key/proof/rules/updateRules.key took 10 ms to parse. 
1357       WARN  main            d.u.i.k.n.ParsingFacade   Parsing time 138 ms. 
1388       WARN  main            d.u.i.k.n.ParsingFacade   file:/home/runner/work/key/key/key.core/build/resources/main/de/uka/ilkd/key/proof/rules/integerRulesCommon.key took 9 ms to parse. 
1388       WARN  main            d.u.i.k.n.ParsingFacade   Parsing time 147 ms. 
1498       WARN  main            d.u.i.k.n.ParsingFacade   file:/home/runner/work/key/key/key.core/build/resources/main/de/uka/ilkd/key/proof/rules/intRules.key took 4 ms to parse. 
1498       WARN  main            d.u.i.k.n.ParsingFacade   Parsing time 151 ms. 
1527       WARN  main            d.u.i.k.n.ParsingFacade   file:/home/runner/work/key/key/key.core/build/resources/main/de/uka/ilkd/key/proof/rules/intRulesUncheckedSemantics.key took 3 ms to parse. 
1529       WARN  main            d.u.i.k.n.ParsingFacade   Parsing time 154 ms. 
1548       WARN  main            d.u.i.k.n.ParsingFacade   file:/home/runner/work/key/key/key.core/build/resources/main/de/uka/ilkd/key/proof/rules/intRulesCheckedSemantics.key took 1 ms to parse. 
1548       WARN  main            d.u.i.k.n.ParsingFacade   Parsing time 155 ms. 
1565       WARN  main            d.u.i.k.n.ParsingFacade   file:/home/runner/work/key/key/key.core/build/resources/main/de/uka/ilkd/key/proof/rules/intRulesJavaSemantics.key took 7 ms to parse. 
1565       WARN  main            d.u.i.k.n.ParsingFacade   Parsing time 162 ms. 
1632       WARN  main            d.u.i.k.n.ParsingFacade   file:/home/runner/work/key/key/key.core/build/resources/main/de/uka/ilkd/key/proof/rules/integerSimplificationRules.key took 48 ms to parse. 
1632       WARN  main            d.u.i.k.n.ParsingFacade   Parsing time 210 ms. 
1827       WARN  main            d.u.i.k.n.ParsingFacade   file:/home/runner/work/key/key/key.core/build/resources/main/de/uka/ilkd/key/proof/rules/intDiv.key took 6 ms to parse. 
1827       WARN  main            d.u.i.k.n.ParsingFacade   Parsing time 216 ms. 
1864       WARN  main            d.u.i.k.n.ParsingFacade   file:/home/runner/work/key/key/key.core/build/resources/main/de/uka/ilkd/key/proof/rules/bsum.key took 11 ms to parse. 
1864       WARN  main            d.u.i.k.n.ParsingFacade   Parsing time 227 ms. 
1900       WARN  main            d.u.i.k.n.ParsingFacade   file:/home/runner/work/key/key/key.core/build/resources/main/de/uka/ilkd/key/proof/rules/bprod.key took 3 ms to parse. 
1900       WARN  main            d.u.i.k.n.ParsingFacade   Parsing time 230 ms. 
1914       WARN  main            d.u.i.k.n.ParsingFacade   file:/home/runner/work/key/key/key.core/build/resources/main/de/uka/ilkd/key/proof/rules/binaryAxioms.key took 0 ms to parse. 
1915       WARN  main            d.u.i.k.n.ParsingFacade   Parsing time 230 ms. 
1921       WARN  main            d.u.i.k.n.ParsingFacade   file:/home/runner/work/key/key/key.core/build/resources/main/de/uka/ilkd/key/proof/rules/binaryLemmas.key took 2 ms to parse. 
1921       WARN  main            d.u.i.k.n.ParsingFacade   Parsing time 232 ms. 
1932       WARN  main            d.u.i.k.n.ParsingFacade   file:/home/runner/work/key/key/key.core/build/resources/main/de/uka/ilkd/key/proof/rules/intPow.key took 3 ms to parse. 
1932       WARN  main            d.u.i.k.n.ParsingFacade   Parsing time 235 ms. 
1947       WARN  main            d.u.i.k.n.ParsingFacade   file:/home/runner/work/key/key/key.core/build/resources/main/de/uka/ilkd/key/proof/rules/floatRulesCommon.key took 7 ms to parse. 
1947       WARN  main            d.u.i.k.n.ParsingFacade   Parsing time 242 ms. 
1961       WARN  main            d.u.i.k.n.ParsingFacade   file:/home/runner/work/key/key/key.core/build/resources/main/de/uka/ilkd/key/proof/rules/floatRules.key took 0 ms to parse. 
1961       WARN  main            d.u.i.k.n.ParsingFacade   Parsing time 242 ms. 
1962       WARN  main            d.u.i.k.n.ParsingFacade   file:/home/runner/work/key/key/key.core/build/resources/main/de/uka/ilkd/key/proof/rules/floatRulesVerifyNormal.key took 0 ms to parse. 
1962       WARN  main            d.u.i.k.n.ParsingFacade   Parsing time 242 ms. 
1995       WARN  main            d.u.i.k.n.ParsingFacade   file:/home/runner/work/key/key/key.core/build/resources/main/de/uka/ilkd/key/proof/rules/floatRulesAssumeStrictfp.key took 33 ms to parse. 
1995       WARN  main            d.u.i.k.n.ParsingFacade   Parsing time 275 ms. 
2035       WARN  main            d.u.i.k.n.ParsingFacade   file:/home/runner/work/key/key/key.core/build/resources/main/de/uka/ilkd/key/proof/rules/genericRules.key took 4 ms to parse. 
2035       WARN  main            d.u.i.k.n.ParsingFacade   Parsing time 279 ms. 
2048       WARN  main            d.u.i.k.n.ParsingFacade   file:/home/runner/work/key/key/key.core/build/resources/main/de/uka/ilkd/key/proof/rules/booleanRules.key took 0 ms to parse. 
2048       WARN  main            d.u.i.k.n.ParsingFacade   Parsing time 279 ms. 
2051       WARN  main            d.u.i.k.n.ParsingFacade   file:/home/runner/work/key/key/key.core/build/resources/main/de/uka/ilkd/key/proof/rules/epsilon.key took 1 ms to parse. 
2051       WARN  main            d.u.i.k.n.ParsingFacade   Parsing time 280 ms. 
2060       WARN  main            d.u.i.k.n.ParsingFacade   file:/home/runner/work/key/key/key.core/build/resources/main/de/uka/ilkd/key/proof/rules/locSetsRules.key took 7 ms to parse. 
2060       WARN  main            d.u.i.k.n.ParsingFacade   Parsing time 287 ms. 
2094       WARN  main            d.u.i.k.n.ParsingFacade   file:/home/runner/work/key/key/key.core/build/resources/main/de/uka/ilkd/key/proof/rules/heapRules.key took 8 ms to parse. 
2094       WARN  main            d.u.i.k.n.ParsingFacade   Parsing time 295 ms. 
2127       WARN  main            d.u.i.k.n.ParsingFacade   file:/home/runner/work/key/key/key.core/build/resources/main/de/uka/ilkd/key/proof/rules/permissionRules.key took 3 ms to parse. 
2127       WARN  main            d.u.i.k.n.ParsingFacade   Parsing time 298 ms. 
2139       WARN  main            d.u.i.k.n.ParsingFacade   file:/home/runner/work/key/key/key.core/build/resources/main/de/uka/ilkd/key/proof/rules/reachRules.key took 2 ms to parse. 
2139       WARN  main            d.u.i.k.n.ParsingFacade   Parsing time 300 ms. 
2179       WARN  main            d.u.i.k.n.ParsingFacade   file:/home/runner/work/key/key/key.core/build/resources/main/de/uka/ilkd/key/proof/rules/seqCoreRules.key took 1 ms to parse. 
2179       WARN  main            d.u.i.k.n.ParsingFacade   Parsing time 301 ms. 
2186       WARN  main            d.u.i.k.n.ParsingFacade   file:/home/runner/work/key/key/key.core/build/resources/main/de/uka/ilkd/key/proof/rules/seqRules.key took 4 ms to parse. 
2186       WARN  main            d.u.i.k.n.ParsingFacade   Parsing time 305 ms. 
2208       WARN  main            d.u.i.k.n.ParsingFacade   file:/home/runner/work/key/key/key.core/build/resources/main/de/uka/ilkd/key/proof/rules/seqPerm.key took 3 ms to parse. 
2209       WARN  main            d.u.i.k.n.ParsingFacade   Parsing time 308 ms. 
2222       WARN  main            d.u.i.k.n.ParsingFacade   file:/home/runner/work/key/key/key.core/build/resources/main/de/uka/ilkd/key/proof/rules/seqPerm2.key took 1 ms to parse. 
2222       WARN  main            d.u.i.k.n.ParsingFacade   Parsing time 309 ms. 
2320       WARN  main            d.u.i.k.n.ParsingFacade   file:/home/runner/work/key/key/key.core/build/resources/main/de/uka/ilkd/key/proof/rules/javaRules.key took 93 ms to parse. 
2320       WARN  main            d.u.i.k.n.ParsingFacade   Parsing time 402 ms. 
2329       WARN  main            d.u.i.k.n.ParsingFacade   file:/home/runner/work/key/key/key.core/build/resources/main/de/uka/ilkd/key/proof/rules/assertions.key took 1 ms to parse. 
2329       WARN  main            d.u.i.k.n.ParsingFacade   Parsing time 403 ms. 
2917       WARN  main            d.u.i.k.n.ParsingFacade   file:/home/runner/work/key/key/key.core/build/resources/main/de/uka/ilkd/key/proof/rules/loopRules.key took 2 ms to parse. 
2917       WARN  main            d.u.i.k.n.ParsingFacade   Parsing time 405 ms. 
2926       WARN  main            d.u.i.k.n.ParsingFacade   file:/home/runner/work/key/key/key.core/build/resources/main/de/uka/ilkd/key/proof/rules/activeUse.key took 2 ms to parse. 
2926       WARN  main            d.u.i.k.n.ParsingFacade   Parsing time 407 ms. 
2961       WARN  main            d.u.i.k.n.ParsingFacade   file:/home/runner/work/key/key/key.core/build/resources/main/de/uka/ilkd/key/proof/rules/instanceAllocation.key took 4 ms to parse. 
2961       WARN  main            d.u.i.k.n.ParsingFacade   Parsing time 411 ms. 
2971       WARN  main            d.u.i.k.n.ParsingFacade   file:/home/runner/work/key/key/key.core/build/resources/main/de/uka/ilkd/key/proof/rules/java5.key took 0 ms to parse. 
2971       WARN  main            d.u.i.k.n.ParsingFacade   Parsing time 411 ms. 
2977       WARN  main            d.u.i.k.n.ParsingFacade   file:/home/runner/work/key/key/key.core/build/resources/main/de/uka/ilkd/key/proof/rules/integerAssignment2UpdateRules.key took 3 ms to parse. 
2977       WARN  main            d.u.i.k.n.ParsingFacade   Parsing time 414 ms. 
3005       WARN  main            d.u.i.k.n.ParsingFacade   file:/home/runner/work/key/key/key.core/build/resources/main/de/uka/ilkd/key/proof/rules/floatAssignment2UpdateRules.key took 4 ms to parse. 
3005       WARN  main            d.u.i.k.n.ParsingFacade   Parsing time 418 ms. 
3025       WARN  main            d.u.i.k.n.ParsingFacade   file:/home/runner/work/key/key/key.core/build/resources/main/de/uka/ilkd/key/proof/rules/bigint.key took 2 ms to parse. 
3025       WARN  main            d.u.i.k.n.ParsingFacade   Parsing time 420 ms. 
3038       WARN  main            d.u.i.k.n.ParsingFacade   file:/home/runner/work/key/key/key.core/build/resources/main/de/uka/ilkd/key/proof/rules/adtProgramDecompositionRules.key took 1 ms to parse. 
3039       WARN  main            d.u.i.k.n.ParsingFacade   Parsing time 421 ms. 
3082       WARN  main            d.u.i.k.n.ParsingFacade   file:/home/runner/work/key/key/key.core/build/resources/main/de/uka/ilkd/key/proof/rules/precRules.key took 1 ms to parse. 
3082       WARN  main            d.u.i.k.n.ParsingFacade   Parsing time 422 ms. 
3086       WARN  main            d.u.i.k.n.ParsingFacade   file:/home/runner/work/key/key/key.core/build/resources/main/de/uka/ilkd/key/proof/rules/charListRules.key took 2 ms to parse. 
3086       WARN  main            d.u.i.k.n.ParsingFacade   Parsing time 424 ms. 
3094       WARN  main            d.u.i.k.n.ParsingFacade   file:/home/runner/work/key/key/key.core/build/resources/main/de/uka/ilkd/key/proof/rules/regExTheory.key took 0 ms to parse. 
3094       WARN  main            d.u.i.k.n.ParsingFacade   Parsing time 424 ms. 
3095       WARN  main            d.u.i.k.n.ParsingFacade   file:/home/runner/work/key/key/key.core/build/resources/main/de/uka/ilkd/key/proof/rules/regExHeader.key took 0 ms to parse. 
3095       WARN  main            d.u.i.k.n.ParsingFacade   Parsing time 424 ms. 
3096       WARN  main            d.u.i.k.n.ParsingFacade   file:/home/runner/work/key/key/key.core/build/resources/main/de/uka/ilkd/key/proof/rules/regExAxioms.key took 0 ms to parse. 
3097       WARN  main            d.u.i.k.n.ParsingFacade   Parsing time 424 ms. 
3099       WARN  main            d.u.i.k.n.ParsingFacade   file:/home/runner/work/key/key/key.core/build/resources/main/de/uka/ilkd/key/proof/rules/regExLemmaProven.key took 1 ms to parse. 
3099       WARN  main            d.u.i.k.n.ParsingFacade   Parsing time 425 ms. 
3103       WARN  main            d.u.i.k.n.ParsingFacade   file:/home/runner/work/key/key/key.core/build/resources/main/de/uka/ilkd/key/proof/rules/seqEq.key took 1 ms to parse. 
3103       WARN  main            d.u.i.k.n.ParsingFacade   Parsing time 426 ms. 
3108       WARN  main            d.u.i.k.n.ParsingFacade   file:/home/runner/work/key/key/key.core/build/resources/main/de/uka/ilkd/key/proof/rules/infFlow.key took 1 ms to parse. 
3108       WARN  main            d.u.i.k.n.ParsingFacade   Parsing time 427 ms. 
3111       WARN  main            d.u.i.k.n.ParsingFacade   file:/home/runner/work/key/key/key.core/build/resources/main/de/uka/ilkd/key/proof/rules/mapSize.key took 0 ms to parse. 
3112       WARN  main            d.u.i.k.n.ParsingFacade   Parsing time 427 ms. 
3113       WARN  main            d.u.i.k.n.ParsingFacade   file:/home/runner/work/key/key/key.core/build/resources/main/de/uka/ilkd/key/proof/rules/wd.key took 0 ms to parse. 
3113       WARN  main            d.u.i.k.n.ParsingFacade   Parsing time 427 ms. 
3115       WARN  main            d.u.i.k.n.ParsingFacade   file:/home/runner/work/key/key/key.core/build/resources/main/de/uka/ilkd/key/proof/rules/wdHeader.key took 0 ms to parse. 
3115       WARN  main            d.u.i.k.n.ParsingFacade   Parsing time 427 ms. 
3116       WARN  main            d.u.i.k.n.ParsingFacade   file:/home/runner/work/key/key/key.core/build/resources/main/de/uka/ilkd/key/proof/rules/wdGeneralRules.key took 0 ms to parse. 
3116       WARN  main            d.u.i.k.n.ParsingFacade   Parsing time 427 ms. 
3123       WARN  main            d.u.i.k.n.ParsingFacade   file:/home/runner/work/key/key/key.core/build/resources/main/de/uka/ilkd/key/proof/rules/wdNumericalRules.key took 4 ms to parse. 
3123       WARN  main            d.u.i.k.n.ParsingFacade   Parsing time 431 ms. 
3138       WARN  main            d.u.i.k.n.ParsingFacade   file:/home/runner/work/key/key/key.core/build/resources/main/de/uka/ilkd/key/proof/rules/wdLocSetRules.key took 1 ms to parse. 
3138       WARN  main            d.u.i.k.n.ParsingFacade   Parsing time 432 ms. 
3142       WARN  main            d.u.i.k.n.ParsingFacade   file:/home/runner/work/key/key/key.core/build/resources/main/de/uka/ilkd/key/proof/rules/wdHeapRules.key took 1 ms to parse. 
3142       WARN  main            d.u.i.k.n.ParsingFacade   Parsing time 433 ms. 
3145       WARN  main            d.u.i.k.n.ParsingFacade   file:/home/runner/work/key/key/key.core/build/resources/main/de/uka/ilkd/key/proof/rules/wdReachRules.key took 1 ms to parse. 
3145       WARN  main            d.u.i.k.n.ParsingFacade   Parsing time 434 ms. 
3146       WARN  main            d.u.i.k.n.ParsingFacade   file:/home/runner/work/key/key/key.core/build/resources/main/de/uka/ilkd/key/proof/rules/wdSeqRules.key took 0 ms to parse. 
3146       WARN  main            d.u.i.k.n.ParsingFacade   Parsing time 434 ms. 
3149       WARN  main            d.u.i.k.n.ParsingFacade   file:/home/runner/work/key/key/key.core/build/resources/main/de/uka/ilkd/key/proof/rules/wdStringRules.key took 1 ms to parse. 
3149       WARN  main            d.u.i.k.n.ParsingFacade   Parsing time 435 ms. 
3151       WARN  main            d.u.i.k.n.ParsingFacade   file:/home/runner/work/key/key/key.core/build/resources/main/de/uka/ilkd/key/proof/rules/wdRegExRules.key took 0 ms to parse. 
3151       WARN  main            d.u.i.k.n.ParsingFacade   Parsing time 435 ms. 
3154       WARN  main            d.u.i.k.n.ParsingFacade   file:/home/runner/work/key/key/key.core/build/resources/main/de/uka/ilkd/key/proof/rules/wdFormulaRules.key took 2 ms to parse. 
3154       WARN  main            d.u.i.k.n.ParsingFacade   Parsing time 437 ms. 
3162       WARN  main            d.u.i.k.n.ParsingFacade   file:/home/runner/work/key/key/key.core/build/resources/main/de/uka/ilkd/key/proof/rules/loopInvariantRules.key took 0 ms to parse. 
3162       WARN  main            d.u.i.k.n.ParsingFacade   Parsing time 437 ms. 
3163       WARN  main            d.u.i.k.n.ParsingFacade   file:/home/runner/work/key/key/key.core/build/resources/main/de/uka/ilkd/key/proof/rules/forLoopRules.key took 0 ms to parse. 
3164       WARN  main            d.u.i.k.n.ParsingFacade   Parsing time 437 ms. 
3167       WARN  main            d.u.i.k.n.ParsingFacade   file:/home/runner/work/key/key/key.core/build/resources/main/de/uka/ilkd/key/proof/rules/execRules.key took 2 ms to parse. 
3167       WARN  main            d.u.i.k.n.ParsingFacade   Parsing time 439 ms. 
3231       WARN  main            d.u.i.k.n.ParsingFacade   file:/home/runner/work/key/key/key.core/build/resources/main/de/uka/ilkd/key/proof/rules/loopScopeRules.key took 2 ms to parse. 
3231       WARN  main            d.u.i.k.n.ParsingFacade   Parsing time 441 ms. 
6864       WARN  main            d.u.i.k.n.ParsingFacade   file:/home/runner/work/key/key/key.core/build/resources/main/de/uka/ilkd/key/java/JavaRedux/java/lang/String.key took 5 ms to parse. 
6864       WARN  main            d.u.i.k.n.ParsingFacade   Parsing time 446 ms. 
9892       WARN  main            d.u.i.k.n.ParsingFacade   /home/runner/work/key/key/key.core/../key.ui/examples/InformationFlow/SimpleEvoting/simple_evoting.Environment(simple_evoting.Environment__untrustedOutputMessage((B)).Non-interference contract.0.m.key took 0 ms to parse. 
9892       WARN  main            d.u.i.k.n.ParsingFacade   Parsing time 446 ms. 
16775      INFO  main            d.u.i.k.p.r.p.TestFile    ... finished proof: closed. 
16999      INFO  main            d.u.i.k.p.r.p.TestFile    Now processing file /home/runner/work/key/key/key.core/../key.ui/examples/InformationFlow/SimpleEvoting/simple_evoting.Environment(simple_evoting.Environment__untrustedInputMessage()).Non-interference contract.0.m.key 
17000      WARN  main            d.u.i.k.n.ParsingFacade   /home/runner/work/key/key/key.core/../key.ui/examples/InformationFlow/SimpleEvoting/simple_evoting.Environment(simple_evoting.Environment__untrustedInputMessage()).Non-interference contract.0.m.key took 0 ms to parse. 
17001      WARN  main            d.u.i.k.n.ParsingFacade   Parsing time 446 ms. 
18493      WARN  main            d.u.i.k.n.ParsingFacade   file:/home/runner/work/key/key/key.core/build/resources/main/de/uka/ilkd/key/java/JavaRedux/java/lang/String.key took 2 ms to parse. 
18493      WARN  main            d.u.i.k.n.ParsingFacade   Parsing time 448 ms. 
21078      WARN  main            d.u.i.k.n.ParsingFacade   /home/runner/work/key/key/key.core/../key.ui/examples/InformationFlow/SimpleEvoting/simple_evoting.Environment(simple_evoting.Environment__untrustedInputMessage()).Non-interference contract.0.m.key took 0 ms to parse. 
21078      WARN  main            d.u.i.k.n.ParsingFacade   Parsing time 448 ms. 
24735      INFO  main            d.u.i.k.p.r.p.TestFile    ... finished proof: closed. 
24948      INFO  main            d.u.i.k.p.r.p.TestFile    Now processing file /home/runner/work/key/key/key.core/../key.ui/examples/InformationFlow/SimpleEvoting/simple_evoting.Environment(simple_evoting.Environment__untrustedOutput(int)).Non-interference contract.0.m.key 
24949      WARN  main            d.u.i.k.n.ParsingFacade   /home/runner/work/key/key/key.core/../key.ui/examples/InformationFlow/SimpleEvoting/simple_evoting.Environment(simple_evoting.Environment__untrustedOutput(int)).Non-interference contract.0.m.key took 0 ms to parse. 
24949      WARN  main            d.u.i.k.n.ParsingFacade   Parsing time 448 ms. 
26309      WARN  main            d.u.i.k.n.ParsingFacade   file:/home/runner/work/key/key/key.core/build/resources/main/de/uka/ilkd/key/java/JavaRedux/java/lang/String.key took 1 ms to parse. 
26310      WARN  main            d.u.i.k.n.ParsingFacade   Parsing time 449 ms. 
28663      WARN  main            d.u.i.k.n.ParsingFacade   /home/runner/work/key/key/key.core/../key.ui/examples/InformationFlow/SimpleEvoting/simple_evoting.Environment(simple_evoting.Environment__untrustedOutput(int)).Non-interference contract.0.m.key took 0 ms to parse. 
28664      WARN  main            d.u.i.k.n.ParsingFacade   Parsing time 449 ms. 
28749      INFO  main            d.u.i.k.p.r.p.TestFile    ... finished proof: closed. 
28956      INFO  main            d.u.i.k.p.r.p.TestFile    Now processing file /home/runner/work/key/key/key.core/../key.ui/examples/InformationFlow/SimpleEvoting/simple_evoting.Environment(simple_evoting.Environment__untrustedInput(int)).Non-interference contract.0.m.key 
28957      WARN  main            d.u.i.k.n.ParsingFacade   /home/runner/work/key/key/key.core/../key.ui/examples/InformationFlow/SimpleEvoting/simple_evoting.Environment(simple_evoting.Environment__untrustedInput(int)).Non-interference contract.0.m.key took 0 ms to parse. 
28957      WARN  main            d.u.i.k.n.ParsingFacade   Parsing time 449 ms. 
30189      WARN  main            d.u.i.k.n.ParsingFacade   file:/home/runner/work/key/key/key.core/build/resources/main/de/uka/ilkd/key/java/JavaRedux/java/lang/String.key took 1 ms to parse. 
30191      WARN  main            d.u.i.k.n.ParsingFacade   Parsing time 450 ms. 
32564      WARN  main            d.u.i.k.n.ParsingFacade   /home/runner/work/key/key/key.core/../key.ui/examples/InformationFlow/SimpleEvoting/simple_evoting.Environment(simple_evoting.Environment__untrustedInput(int)).Non-interference contract.0.m.key took 0 ms to parse. 
32564      WARN  main            d.u.i.k.n.ParsingFacade   Parsing time 450 ms. 
32669      INFO  main            d.u.i.k.p.r.p.TestFile    ... finished proof: open goal(s) 
32832      INFO  main            d.u.i.k.p.r.p.TestFile    Now processing file /home/runner/work/key/key/key.core/../key.ui/examples/InformationFlow/SimpleEvoting/simple_evoting.Environment(simple_evoting.Environment__untrustedInput()).Non-interference contract.0.m.key 
32833      WARN  main            d.u.i.k.n.ParsingFacade   /home/runner/work/key/key/key.core/../key.ui/examples/InformationFlow/SimpleEvoting/simple_evoting.Environment(simple_evoting.Environment__untrustedInput()).Non-interference contract.0.m.key took 0 ms to parse. 
32833      WARN  main            d.u.i.k.n.ParsingFacade   Parsing time 450 ms. 
34064      WARN  main            d.u.i.k.n.ParsingFacade   file:/home/runner/work/key/key/key.core/build/resources/main/de/uka/ilkd/key/java/JavaRedux/java/lang/String.key took 1 ms to parse. 
34064      WARN  main            d.u.i.k.n.ParsingFacade   Parsing time 451 ms. 
36429      WARN  main            d.u.i.k.n.ParsingFacade   /home/runner/work/key/key/key.core/../key.ui/examples/InformationFlow/SimpleEvoting/simple_evoting.Environment(simple_evoting.Environment__untrustedInput()).Non-interference contract.0.m.key took 0 ms to parse. 
36430      WARN  main            d.u.i.k.n.ParsingFacade   Parsing time 451 ms. 
36519      INFO  main            d.u.i.k.p.r.p.TestFile    ... finished proof: open goal(s) 
36698      INFO  main            d.u.i.k.p.r.p.TestFile    Now processing file /home/runner/work/key/key/key.core/../key.ui/examples/InformationFlow/SimpleEvoting/simple_evoting.SMT(simple_evoting.SMT__send(simple_evoting.Message,int,simple_evoting.Server)).Non-interference contract.1.m.key 
36698      WARN  main            d.u.i.k.n.ParsingFacade   /home/runner/work/key/key/key.core/../key.ui/examples/InformationFlow/SimpleEvoting/simple_evoting.SMT(simple_evoting.SMT__send(simple_evoting.Message,int,simple_evoting.Server)).Non-interference contract.1.m.key took 0 ms to parse. 
36700      WARN  main            d.u.i.k.n.ParsingFacade   Parsing time 451 ms. 
37904      WARN  main            d.u.i.k.n.ParsingFacade   file:/home/runner/work/key/key/key.core/build/resources/main/de/uka/ilkd/key/java/JavaRedux/java/lang/String.key took 1 ms to parse. 
37904      WARN  main            d.u.i.k.n.ParsingFacade   Parsing time 452 ms. 
40247      WARN  main            d.u.i.k.n.ParsingFacade   /home/runner/work/key/key/key.core/../key.ui/examples/InformationFlow/SimpleEvoting/simple_evoting.SMT(simple_evoting.SMT__send(simple_evoting.Message,int,simple_evoting.Server)).Non-interference contract.1.m.key took 0 ms to parse. 
40247      WARN  main            d.u.i.k.n.ParsingFacade   Parsing time 452 ms. 
90446      INFO  main            d.u.i.k.p.r.p.TestFile    ... finished proof: closed. 
90829      INFO  main            d.u.i.k.p.r.p.TestFile    Now processing file /home/runner/work/key/key/key.core/../key.ui/examples/InformationFlow/SimpleEvoting/simple_evoting.SMT(simple_evoting.SMT__send(simple_evoting.Message,int,simple_evoting.Server)).Non-interference contract.0.m.key 
90829      WARN  main            d.u.i.k.n.ParsingFacade   /home/runner/work/key/key/key.core/../key.ui/examples/InformationFlow/SimpleEvoting/simple_evoting.SMT(simple_evoting.SMT__send(simple_evoting.Message,int,simple_evoting.Server)).Non-interference contract.0.m.key took 0 ms to parse. 
90829      WARN  main            d.u.i.k.n.ParsingFacade   Parsing time 452 ms. 
92033      WARN  main            d.u.i.k.n.ParsingFacade   file:/home/runner/work/key/key/key.core/build/resources/main/de/uka/ilkd/key/java/JavaRedux/java/lang/String.key took 1 ms to parse. 
92033      WARN  main            d.u.i.k.n.ParsingFacade   Parsing time 453 ms. 
94319      WARN  main            d.u.i.k.n.ParsingFacade   /home/runner/work/key/key/key.core/../key.ui/examples/InformationFlow/SimpleEvoting/simple_evoting.SMT(simple_evoting.SMT__send(simple_evoting.Message,int,simple_evoting.Server)).Non-interference contract.0.m.key took 0 ms to parse. 
94319      WARN  main            d.u.i.k.n.ParsingFacade   Parsing time 453 ms. 
149131     INFO  main            d.u.i.k.p.r.p.TestFile    ... finished proof: closed. 
149524     INFO  main            d.u.i.k.p.r.p.TestFile    Now processing file /home/runner/work/key/key/key.core/../key.ui/examples/InformationFlow/SimpleEvoting/simple_evoting.SMTEnv(simple_evoting.SMTEnv__send(int,int,int,simple_evoting.Server,int)).Non-interference contract.0.m.key 
149525     WARN  main            d.u.i.k.n.ParsingFacade   /home/runner/work/key/key/key.core/../key.ui/examples/InformationFlow/SimpleEvoting/simple_evoting.SMTEnv(simple_evoting.SMTEnv__send(int,int,int,simple_evoting.Server,int)).Non-interference contract.0.m.key took 0 ms to parse. 
149525     WARN  main            d.u.i.k.n.ParsingFacade   Parsing time 453 ms. 
150886     WARN  main            d.u.i.k.n.ParsingFacade   file:/home/runner/work/key/key/key.core/build/resources/main/de/uka/ilkd/key/java/JavaRedux/java/lang/String.key took 2 ms to parse. 
150886     WARN  main            d.u.i.k.n.ParsingFacade   Parsing time 455 ms. 
153289     WARN  main            d.u.i.k.n.ParsingFacade   /home/runner/work/key/key/key.core/../key.ui/examples/InformationFlow/SimpleEvoting/simple_evoting.SMTEnv(simple_evoting.SMTEnv__send(int,int,int,simple_evoting.Server,int)).Non-interference contract.0.m.key took 0 ms to parse. 
153290     WARN  main            d.u.i.k.n.ParsingFacade   Parsing time 455 ms. 
155023     INFO  main            d.u.i.k.p.r.p.TestFile    ... finished proof: closed. 
155384     INFO  main            d.u.i.k.p.r.p.TestFile    Now processing file /home/runner/work/key/key/key.core/../key.ui/examples/InformationFlow/SimpleEvoting/simple_evoting.NetworkClient(simple_evoting.NetworkClient__send((B,simple_evoting.Server,int)).Non-interference contract.0.m.key 
155386     WARN  main            d.u.i.k.n.ParsingFacade   /home/runner/work/key/key/key.core/../key.ui/examples/InformationFlow/SimpleEvoting/simple_evoting.NetworkClient(simple_evoting.NetworkClient__send((B,simple_evoting.Server,int)).Non-interference contract.0.m.key took 1 ms to parse. 
155386     WARN  main            d.u.i.k.n.ParsingFacade   Parsing time 456 ms. 
156662     WARN  main            d.u.i.k.n.ParsingFacade   file:/home/runner/work/key/key/key.core/build/resources/main/de/uka/ilkd/key/java/JavaRedux/java/lang/String.key took 1 ms to parse. 
156662     WARN  main            d.u.i.k.n.ParsingFacade   Parsing time 457 ms. 
159093     WARN  main            d.u.i.k.n.ParsingFacade   /home/runner/work/key/key/key.core/../key.ui/examples/InformationFlow/SimpleEvoting/simple_evoting.NetworkClient(simple_evoting.NetworkClient__send((B,simple_evoting.Server,int)).Non-interference contract.0.m.key took 0 ms to parse. 
159093     WARN  main            d.u.i.k.n.ParsingFacade   Parsing time 457 ms. 
160430     INFO  main            d.u.i.k.p.r.p.TestFile    ... finished proof: closed. 
160669     INFO  main            d.u.i.k.p.r.p.TestFile    Now processing file /home/runner/work/key/key/key.core/../key.ui/examples/InformationFlow/SimpleEvoting/simple_evoting.Voter(simple_evoting.Voter__onSendBallot(simple_evoting.Server)).Non-interference contract.1.m.key 
160669     WARN  main            d.u.i.k.n.ParsingFacade   /home/runner/work/key/key/key.core/../key.ui/examples/InformationFlow/SimpleEvoting/simple_evoting.Voter(simple_evoting.Voter__onSendBallot(simple_evoting.Server)).Non-interference contract.1.m.key took 0 ms to parse. 
160670     WARN  main            d.u.i.k.n.ParsingFacade   Parsing time 457 ms. 
161932     WARN  main            d.u.i.k.n.ParsingFacade   file:/home/runner/work/key/key/key.core/build/resources/main/de/uka/ilkd/key/java/JavaRedux/java/lang/String.key took 2 ms to parse. 
161932     WARN  main            d.u.i.k.n.ParsingFacade   Parsing time 459 ms. 
164409     WARN  main            d.u.i.k.n.ParsingFacade   /home/runner/work/key/key/key.core/../key.ui/examples/InformationFlow/SimpleEvoting/simple_evoting.Voter(simple_evoting.Voter__onSendBallot(simple_evoting.Server)).Non-interference contract.1.m.key took 1 ms to parse. 
164409     WARN  main            d.u.i.k.n.ParsingFacade   Parsing time 460 ms. 
185933     INFO  main            d.u.i.k.p.r.p.TestFile    ... finished proof: closed. 
186293     INFO  main            d.u.i.k.p.r.p.TestFile    Now processing file /home/runner/work/key/key/key.core/../key.ui/examples/InformationFlow/SimpleEvoting/simple_evoting.Voter(simple_evoting.Voter__onSendBallot(simple_evoting.Server)).Non-interference contract.0.m.key 
186294     WARN  main            d.u.i.k.n.ParsingFacade   /home/runner/work/key/key/key.core/../key.ui/examples/InformationFlow/SimpleEvoting/simple_evoting.Voter(simple_evoting.Voter__onSendBallot(simple_evoting.Server)).Non-interference contract.0.m.key took 0 ms to parse. 
186294     WARN  main            d.u.i.k.n.ParsingFacade   Parsing time 460 ms. 
187708     WARN  main            d.u.i.k.n.ParsingFacade   file:/home/runner/work/key/key/key.core/build/resources/main/de/uka/ilkd/key/java/JavaRedux/java/lang/String.key took 2 ms to parse. 
187708     WARN  main            d.u.i.k.n.ParsingFacade   Parsing time 462 ms. 
190173     WARN  main            d.u.i.k.n.ParsingFacade   /home/runner/work/key/key/key.core/../key.ui/examples/InformationFlow/SimpleEvoting/simple_evoting.Voter(simple_evoting.Voter__onSendBallot(simple_evoting.Server)).Non-interference contract.0.m.key took 0 ms to parse. 
190173     WARN  main            d.u.i.k.n.ParsingFacade   Parsing time 462 ms. 
214100     INFO  main            d.u.i.k.p.r.p.TestFile    ... finished proof: closed. 
3761553    INFO  Test worker     d.u.i.k.p.r.RunAllProofsTestUnit Returning from test SimpleEvoting_fullmacro 
]]></system-out>
  <system-err><![CDATA[]]></system-err>
</testsuite>
