<?xml version="1.0" encoding="UTF-8"?>
<testsuite name="de.uka.ilkd.key.nparser.ParseLDTsTests" tests="2" skipped="0" failures="0" errors="0" timestamp="2023-04-13T13:35:09" hostname="fv-az269-753" time="0.915">
  <properties/>
  <testcase name="testLDT()" classname="de.uka.ilkd.key.nparser.ParseLDTsTests" time="0.021"/>
  <testcase name="testSR()" classname="de.uka.ilkd.key.nparser.ParseLDTsTests" time="0.893"/>
  <system-out><![CDATA[226877     INFO  Test worker     d.u.i.k.n.KeyIO           Parsing took 16 ms 
226877     INFO  Test worker     d.u.i.k.n.KeyIO           MODE: declarations took 0 ms 
227236     INFO  Test worker     d.u.i.k.n.KeyIO           Parsing took 359 ms 
227236     INFO  Test worker     d.u.i.k.n.KeyIO           MODE: declarations took 0 ms 
]]></system-out>
  <system-err><![CDATA[]]></system-err>
</testsuite>
