<?xml version="1.0" encoding="UTF-8"?>
<testsuite name="de.uka.ilkd.key.parser.TestTermParserHeap" tests="39" skipped="0" failures="0" errors="0" timestamp="2023-04-13T13:37:05" hostname="fv-az269-753" time="120.057">
  <properties/>
  <testcase name="testBracketHeapUpdate()" classname="de.uka.ilkd.key.parser.TestTermParserHeap" time="0.024"/>
  <testcase name="testStore()" classname="de.uka.ilkd.key.parser.TestTermParserHeap" time="0.009"/>
  <testcase name="testUnknownConstant()" classname="de.uka.ilkd.key.parser.TestTermParserHeap" time="0.006"/>
  <testcase name="testAllFieldsSelector()" classname="de.uka.ilkd.key.parser.TestTermParserHeap" time="0.002"/>
  <testcase name="testParsePrettyPrintedSelect()" classname="de.uka.ilkd.key.parser.TestTermParserHeap" time="0.002"/>
  <testcase name="testAccessStaticMembers()" classname="de.uka.ilkd.key.parser.TestTermParserHeap" time="0.024"/>
  <testcase name="testAtOperator_1()" classname="de.uka.ilkd.key.parser.TestTermParserHeap" time="0.002"/>
  <testcase name="testAtOperator_2()" classname="de.uka.ilkd.key.parser.TestTermParserHeap" time="0.002"/>
  <testcase name="testAtOperator_3()" classname="de.uka.ilkd.key.parser.TestTermParserHeap" time="0.004"/>
  <testcase name="testAtOperator_4()" classname="de.uka.ilkd.key.parser.TestTermParserHeap" time="0.007"/>
  <testcase name="testAtOperator_5()" classname="de.uka.ilkd.key.parser.TestTermParserHeap" time="0.003"/>
  <testcase name="testAtOperator_6()" classname="de.uka.ilkd.key.parser.TestTermParserHeap" time="0.002"/>
  <testcase name="testAtOperator_7()" classname="de.uka.ilkd.key.parser.TestTermParserHeap" time="0.003"/>
  <testcase name="testAtOperator_8()" classname="de.uka.ilkd.key.parser.TestTermParserHeap" time="0.003"/>
  <testcase name="testVerifyExceptionIfAtOperatorNotPreceededBySelectTerm()" classname="de.uka.ilkd.key.parser.TestTermParserHeap" time="0.003"/>
  <testcase name="testBugResettingCounter()" classname="de.uka.ilkd.key.parser.TestTermParserHeap" time="0.002"/>
  <testcase name="testLocationSets()" classname="de.uka.ilkd.key.parser.TestTermParserHeap" time="0.004"/>
  <testcase name="testQuantifiedSelect()" classname="de.uka.ilkd.key.parser.TestTermParserHeap" time="0.004"/>
  <testcase name="testGenericObjectProperties()" classname="de.uka.ilkd.key.parser.TestTermParserHeap" time="0.004"/>
  <testcase name="testQueryInheritance_1()" classname="de.uka.ilkd.key.parser.TestTermParserHeap" time="0.003"/>
  <testcase name="testQueryInheritance_2()" classname="de.uka.ilkd.key.parser.TestTermParserHeap" time="0.003"/>
  <testcase name="testQueryInheritance_3()" classname="de.uka.ilkd.key.parser.TestTermParserHeap" time="0.007"/>
  <testcase name="testQueryInheritance_4()" classname="de.uka.ilkd.key.parser.TestTermParserHeap" time="0.003"/>
  <testcase name="testQueryInheritance_5()" classname="de.uka.ilkd.key.parser.TestTermParserHeap" time="0.002"/>
  <testcase name="testQueryInheritance_6()" classname="de.uka.ilkd.key.parser.TestTermParserHeap" time="0.003"/>
  <testcase name="testQueryInheritance_7()" classname="de.uka.ilkd.key.parser.TestTermParserHeap" time="0.002"/>
  <testcase name="testQueryInheritance_8()" classname="de.uka.ilkd.key.parser.TestTermParserHeap" time="0.003"/>
  <testcase name="testQueryInheritance_9()" classname="de.uka.ilkd.key.parser.TestTermParserHeap" time="0.005"/>
  <testcase name="testQueryBasic_10()" classname="de.uka.ilkd.key.parser.TestTermParserHeap" time="0.002"/>
  <testcase name="testQueryBasic_11()" classname="de.uka.ilkd.key.parser.TestTermParserHeap" time="0.003"/>
  <testcase name="testQueryBasic_1()" classname="de.uka.ilkd.key.parser.TestTermParserHeap" time="0.002"/>
  <testcase name="testQueryBasic_2()" classname="de.uka.ilkd.key.parser.TestTermParserHeap" time="0.003"/>
  <testcase name="testQueryBasic_3()" classname="de.uka.ilkd.key.parser.TestTermParserHeap" time="0.004"/>
  <testcase name="testQueryBasic_4()" classname="de.uka.ilkd.key.parser.TestTermParserHeap" time="0.005"/>
  <testcase name="testQueryBasic_5()" classname="de.uka.ilkd.key.parser.TestTermParserHeap" time="0.002"/>
  <testcase name="testQueryBasic_6()" classname="de.uka.ilkd.key.parser.TestTermParserHeap" time="0.003"/>
  <testcase name="testQueryBasic_7()" classname="de.uka.ilkd.key.parser.TestTermParserHeap" time="0.004"/>
  <testcase name="testQueryBasic_8()" classname="de.uka.ilkd.key.parser.TestTermParserHeap" time="0.004"/>
  <testcase name="testQueryBasic_9()" classname="de.uka.ilkd.key.parser.TestTermParserHeap" time="0.004"/>
  <system-out><![CDATA[343453     INFO  Test worker     d.u.i.k.n.KeyIO           Parsing took 0 ms 
343453     INFO  Test worker     d.u.i.k.n.KeyIO           MODE: declarations took 0 ms 
343453     INFO  Test worker     d.u.i.k.n.KeyIO           Parsing took 0 ms 
343453     INFO  Test worker     d.u.i.k.n.KeyIO           MODE: declarations took 0 ms 
343453     INFO  Test worker     d.u.i.k.n.KeyIO           Parsing took 0 ms 
343453     INFO  Test worker     d.u.i.k.n.KeyIO           MODE: declarations took 0 ms 
343453     INFO  Test worker     d.u.i.k.n.KeyIO           Parsing took 0 ms 
343453     INFO  Test worker     d.u.i.k.n.KeyIO           MODE: declarations took 0 ms 
343453     INFO  Test worker     d.u.i.k.n.KeyIO           Parsing took 0 ms 
343453     INFO  Test worker     d.u.i.k.n.KeyIO           MODE: declarations took 0 ms 
346751     INFO  Test worker     d.u.i.k.n.KeyIO           Parsing took 0 ms 
346751     INFO  Test worker     d.u.i.k.n.KeyIO           MODE: declarations took 0 ms 
346751     INFO  Test worker     d.u.i.k.n.KeyIO           Parsing took 0 ms 
346751     INFO  Test worker     d.u.i.k.n.KeyIO           MODE: declarations took 0 ms 
346751     INFO  Test worker     d.u.i.k.n.KeyIO           Parsing took 0 ms 
346751     INFO  Test worker     d.u.i.k.n.KeyIO           MODE: declarations took 0 ms 
346751     INFO  Test worker     d.u.i.k.n.KeyIO           Parsing took 0 ms 
346751     INFO  Test worker     d.u.i.k.n.KeyIO           MODE: declarations took 0 ms 
346751     INFO  Test worker     d.u.i.k.n.KeyIO           Parsing took 0 ms 
346751     INFO  Test worker     d.u.i.k.n.KeyIO           MODE: declarations took 0 ms 
350019     INFO  Test worker     d.u.i.k.n.KeyIO           Parsing took 0 ms 
350019     INFO  Test worker     d.u.i.k.n.KeyIO           MODE: declarations took 0 ms 
350019     INFO  Test worker     d.u.i.k.n.KeyIO           Parsing took 0 ms 
350019     INFO  Test worker     d.u.i.k.n.KeyIO           MODE: declarations took 0 ms 
350019     INFO  Test worker     d.u.i.k.n.KeyIO           Parsing took 0 ms 
350019     INFO  Test worker     d.u.i.k.n.KeyIO           MODE: declarations took 0 ms 
350019     INFO  Test worker     d.u.i.k.n.KeyIO           Parsing took 0 ms 
350019     INFO  Test worker     d.u.i.k.n.KeyIO           MODE: declarations took 0 ms 
350019     INFO  Test worker     d.u.i.k.n.KeyIO           Parsing took 0 ms 
350019     INFO  Test worker     d.u.i.k.n.KeyIO           MODE: declarations took 0 ms 
350019     INFO  Test worker     d.u.i.k.n.KeyIO           Parsing took 0 ms 
350019     INFO  Test worker     d.u.i.k.n.KeyIO           MODE: declarations took 0 ms 
353256     INFO  Test worker     d.u.i.k.n.KeyIO           Parsing took 0 ms 
353256     INFO  Test worker     d.u.i.k.n.KeyIO           MODE: declarations took 0 ms 
353256     INFO  Test worker     d.u.i.k.n.KeyIO           Parsing took 0 ms 
353256     INFO  Test worker     d.u.i.k.n.KeyIO           MODE: declarations took 0 ms 
353256     INFO  Test worker     d.u.i.k.n.KeyIO           Parsing took 0 ms 
353256     INFO  Test worker     d.u.i.k.n.KeyIO           MODE: declarations took 0 ms 
353256     INFO  Test worker     d.u.i.k.n.KeyIO           Parsing took 0 ms 
353256     INFO  Test worker     d.u.i.k.n.KeyIO           MODE: declarations took 0 ms 
353256     INFO  Test worker     d.u.i.k.n.KeyIO           Parsing took 0 ms 
353256     INFO  Test worker     d.u.i.k.n.KeyIO           MODE: declarations took 0 ms 
356524     INFO  Test worker     d.u.i.k.n.KeyIO           Parsing took 0 ms 
356524     INFO  Test worker     d.u.i.k.n.KeyIO           MODE: declarations took 0 ms 
356524     INFO  Test worker     d.u.i.k.n.KeyIO           Parsing took 0 ms 
356524     INFO  Test worker     d.u.i.k.n.KeyIO           MODE: declarations took 0 ms 
356524     INFO  Test worker     d.u.i.k.n.KeyIO           Parsing took 0 ms 
356524     INFO  Test worker     d.u.i.k.n.KeyIO           MODE: declarations took 0 ms 
356524     INFO  Test worker     d.u.i.k.n.KeyIO           Parsing took 0 ms 
356524     INFO  Test worker     d.u.i.k.n.KeyIO           MODE: declarations took 0 ms 
356524     INFO  Test worker     d.u.i.k.n.KeyIO           Parsing took 0 ms 
356524     INFO  Test worker     d.u.i.k.n.KeyIO           MODE: declarations took 0 ms 
359699     INFO  Test worker     d.u.i.k.n.KeyIO           Parsing took 0 ms 
359699     INFO  Test worker     d.u.i.k.n.KeyIO           MODE: declarations took 0 ms 
359699     INFO  Test worker     d.u.i.k.n.KeyIO           Parsing took 0 ms 
359699     INFO  Test worker     d.u.i.k.n.KeyIO           MODE: declarations took 0 ms 
359699     INFO  Test worker     d.u.i.k.n.KeyIO           Parsing took 0 ms 
359699     INFO  Test worker     d.u.i.k.n.KeyIO           MODE: declarations took 0 ms 
359699     INFO  Test worker     d.u.i.k.n.KeyIO           Parsing took 0 ms 
359699     INFO  Test worker     d.u.i.k.n.KeyIO           MODE: declarations took 0 ms 
359715     INFO  Test worker     d.u.i.k.n.KeyIO           Parsing took 0 ms 
359715     INFO  Test worker     d.u.i.k.n.KeyIO           MODE: declarations took 0 ms 
363062     INFO  Test worker     d.u.i.k.n.KeyIO           Parsing took 0 ms 
363062     INFO  Test worker     d.u.i.k.n.KeyIO           MODE: declarations took 0 ms 
363062     INFO  Test worker     d.u.i.k.n.KeyIO           Parsing took 0 ms 
363062     INFO  Test worker     d.u.i.k.n.KeyIO           MODE: declarations took 0 ms 
363062     INFO  Test worker     d.u.i.k.n.KeyIO           Parsing took 0 ms 
363062     INFO  Test worker     d.u.i.k.n.KeyIO           MODE: declarations took 0 ms 
363062     INFO  Test worker     d.u.i.k.n.KeyIO           Parsing took 0 ms 
363062     INFO  Test worker     d.u.i.k.n.KeyIO           MODE: declarations took 0 ms 
363062     INFO  Test worker     d.u.i.k.n.KeyIO           Parsing took 0 ms 
363062     INFO  Test worker     d.u.i.k.n.KeyIO           MODE: declarations took 0 ms 
366142     INFO  Test worker     d.u.i.k.n.KeyIO           Parsing took 0 ms 
366142     INFO  Test worker     d.u.i.k.n.KeyIO           MODE: declarations took 0 ms 
366142     INFO  Test worker     d.u.i.k.n.KeyIO           Parsing took 0 ms 
366142     INFO  Test worker     d.u.i.k.n.KeyIO           MODE: declarations took 0 ms 
366142     INFO  Test worker     d.u.i.k.n.KeyIO           Parsing took 0 ms 
366142     INFO  Test worker     d.u.i.k.n.KeyIO           MODE: declarations took 0 ms 
366142     INFO  Test worker     d.u.i.k.n.KeyIO           Parsing took 0 ms 
366142     INFO  Test worker     d.u.i.k.n.KeyIO           MODE: declarations took 0 ms 
366142     INFO  Test worker     d.u.i.k.n.KeyIO           Parsing took 0 ms 
366142     INFO  Test worker     d.u.i.k.n.KeyIO           MODE: declarations took 0 ms 
369253     INFO  Test worker     d.u.i.k.n.KeyIO           Parsing took 0 ms 
369253     INFO  Test worker     d.u.i.k.n.KeyIO           MODE: declarations took 0 ms 
369253     INFO  Test worker     d.u.i.k.n.KeyIO           Parsing took 0 ms 
369253     INFO  Test worker     d.u.i.k.n.KeyIO           MODE: declarations took 0 ms 
369253     INFO  Test worker     d.u.i.k.n.KeyIO           Parsing took 0 ms 
369253     INFO  Test worker     d.u.i.k.n.KeyIO           MODE: declarations took 0 ms 
369253     INFO  Test worker     d.u.i.k.n.KeyIO           Parsing took 0 ms 
369253     INFO  Test worker     d.u.i.k.n.KeyIO           MODE: declarations took 0 ms 
369253     INFO  Test worker     d.u.i.k.n.KeyIO           Parsing took 0 ms 
369253     INFO  Test worker     d.u.i.k.n.KeyIO           MODE: declarations took 0 ms 
372427     INFO  Test worker     d.u.i.k.n.KeyIO           Parsing took 0 ms 
372427     INFO  Test worker     d.u.i.k.n.KeyIO           MODE: declarations took 0 ms 
372427     INFO  Test worker     d.u.i.k.n.KeyIO           Parsing took 0 ms 
372427     INFO  Test worker     d.u.i.k.n.KeyIO           MODE: declarations took 0 ms 
372427     INFO  Test worker     d.u.i.k.n.KeyIO           Parsing took 0 ms 
372427     INFO  Test worker     d.u.i.k.n.KeyIO           MODE: declarations took 0 ms 
372427     INFO  Test worker     d.u.i.k.n.KeyIO           Parsing took 0 ms 
372427     INFO  Test worker     d.u.i.k.n.KeyIO           MODE: declarations took 0 ms 
372427     INFO  Test worker     d.u.i.k.n.KeyIO           Parsing took 0 ms 
372427     INFO  Test worker     d.u.i.k.n.KeyIO           MODE: declarations took 0 ms 
375570     INFO  Test worker     d.u.i.k.n.KeyIO           Parsing took 0 ms 
375570     INFO  Test worker     d.u.i.k.n.KeyIO           MODE: declarations took 0 ms 
375570     INFO  Test worker     d.u.i.k.n.KeyIO           Parsing took 0 ms 
375570     INFO  Test worker     d.u.i.k.n.KeyIO           MODE: declarations took 0 ms 
375570     INFO  Test worker     d.u.i.k.n.KeyIO           Parsing took 0 ms 
375570     INFO  Test worker     d.u.i.k.n.KeyIO           MODE: declarations took 0 ms 
375570     INFO  Test worker     d.u.i.k.n.KeyIO           Parsing took 0 ms 
375570     INFO  Test worker     d.u.i.k.n.KeyIO           MODE: declarations took 0 ms 
375570     INFO  Test worker     d.u.i.k.n.KeyIO           Parsing took 0 ms 
375570     INFO  Test worker     d.u.i.k.n.KeyIO           MODE: declarations took 0 ms 
378713     INFO  Test worker     d.u.i.k.n.KeyIO           Parsing took 0 ms 
378713     INFO  Test worker     d.u.i.k.n.KeyIO           MODE: declarations took 0 ms 
378713     INFO  Test worker     d.u.i.k.n.KeyIO           Parsing took 0 ms 
378713     INFO  Test worker     d.u.i.k.n.KeyIO           MODE: declarations took 0 ms 
378713     INFO  Test worker     d.u.i.k.n.KeyIO           Parsing took 0 ms 
378713     INFO  Test worker     d.u.i.k.n.KeyIO           MODE: declarations took 0 ms 
378713     INFO  Test worker     d.u.i.k.n.KeyIO           Parsing took 0 ms 
378713     INFO  Test worker     d.u.i.k.n.KeyIO           MODE: declarations took 0 ms 
378713     INFO  Test worker     d.u.i.k.n.KeyIO           Parsing took 0 ms 
378713     INFO  Test worker     d.u.i.k.n.KeyIO           MODE: declarations took 0 ms 
381824     INFO  Test worker     d.u.i.k.n.KeyIO           Parsing took 0 ms 
381824     INFO  Test worker     d.u.i.k.n.KeyIO           MODE: declarations took 0 ms 
381824     INFO  Test worker     d.u.i.k.n.KeyIO           Parsing took 0 ms 
381824     INFO  Test worker     d.u.i.k.n.KeyIO           MODE: declarations took 0 ms 
381824     INFO  Test worker     d.u.i.k.n.KeyIO           Parsing took 0 ms 
381824     INFO  Test worker     d.u.i.k.n.KeyIO           MODE: declarations took 0 ms 
381824     INFO  Test worker     d.u.i.k.n.KeyIO           Parsing took 0 ms 
381824     INFO  Test worker     d.u.i.k.n.KeyIO           MODE: declarations took 0 ms 
381824     INFO  Test worker     d.u.i.k.n.KeyIO           Parsing took 0 ms 
381824     INFO  Test worker     d.u.i.k.n.KeyIO           MODE: declarations took 0 ms 
384951     INFO  Test worker     d.u.i.k.n.KeyIO           Parsing took 0 ms 
384951     INFO  Test worker     d.u.i.k.n.KeyIO           MODE: declarations took 0 ms 
384951     INFO  Test worker     d.u.i.k.n.KeyIO           Parsing took 0 ms 
384951     INFO  Test worker     d.u.i.k.n.KeyIO           MODE: declarations took 0 ms 
384951     INFO  Test worker     d.u.i.k.n.KeyIO           Parsing took 0 ms 
384951     INFO  Test worker     d.u.i.k.n.KeyIO           MODE: declarations took 0 ms 
384951     INFO  Test worker     d.u.i.k.n.KeyIO           Parsing took 0 ms 
384951     INFO  Test worker     d.u.i.k.n.KeyIO           MODE: declarations took 0 ms 
384951     INFO  Test worker     d.u.i.k.n.KeyIO           Parsing took 0 ms 
384951     INFO  Test worker     d.u.i.k.n.KeyIO           MODE: declarations took 0 ms 
388048     INFO  Test worker     d.u.i.k.n.KeyIO           Parsing took 0 ms 
388048     INFO  Test worker     d.u.i.k.n.KeyIO           MODE: declarations took 0 ms 
388048     INFO  Test worker     d.u.i.k.n.KeyIO           Parsing took 0 ms 
388048     INFO  Test worker     d.u.i.k.n.KeyIO           MODE: declarations took 0 ms 
388048     INFO  Test worker     d.u.i.k.n.KeyIO           Parsing took 0 ms 
388048     INFO  Test worker     d.u.i.k.n.KeyIO           MODE: declarations took 0 ms 
388048     INFO  Test worker     d.u.i.k.n.KeyIO           Parsing took 0 ms 
388048     INFO  Test worker     d.u.i.k.n.KeyIO           MODE: declarations took 0 ms 
388048     INFO  Test worker     d.u.i.k.n.KeyIO           Parsing took 0 ms 
388048     INFO  Test worker     d.u.i.k.n.KeyIO           MODE: declarations took 0 ms 
388048     WARN  Test worker     d.u.i.k.n.KeYParser       [syntax-error] <unknown>:1:11: mismatched input '@' expecting {'/', ':=', '.', '(', ')', '{', '[', '@', PARALLEL, OR, AND, IMP, '=', NOT_EQUALS, '%', '*', '-', '+', '>', GREATEREQUAL, '<', LESSEQUAL, LGUILLEMETS, EQV} [@11,11:11='@',<153>,1:11] (termEOF) 
391144     INFO  Test worker     d.u.i.k.n.KeyIO           Parsing took 0 ms 
391144     INFO  Test worker     d.u.i.k.n.KeyIO           MODE: declarations took 0 ms 
391144     INFO  Test worker     d.u.i.k.n.KeyIO           Parsing took 0 ms 
391144     INFO  Test worker     d.u.i.k.n.KeyIO           MODE: declarations took 0 ms 
391144     INFO  Test worker     d.u.i.k.n.KeyIO           Parsing took 0 ms 
391144     INFO  Test worker     d.u.i.k.n.KeyIO           MODE: declarations took 0 ms 
391144     INFO  Test worker     d.u.i.k.n.KeyIO           Parsing took 0 ms 
391144     INFO  Test worker     d.u.i.k.n.KeyIO           MODE: declarations took 0 ms 
391144     INFO  Test worker     d.u.i.k.n.KeyIO           Parsing took 0 ms 
391144     INFO  Test worker     d.u.i.k.n.KeyIO           MODE: declarations took 0 ms 
394256     INFO  Test worker     d.u.i.k.n.KeyIO           Parsing took 0 ms 
394256     INFO  Test worker     d.u.i.k.n.KeyIO           MODE: declarations took 0 ms 
394256     INFO  Test worker     d.u.i.k.n.KeyIO           Parsing took 0 ms 
394256     INFO  Test worker     d.u.i.k.n.KeyIO           MODE: declarations took 0 ms 
394256     INFO  Test worker     d.u.i.k.n.KeyIO           Parsing took 0 ms 
394256     INFO  Test worker     d.u.i.k.n.KeyIO           MODE: declarations took 0 ms 
394256     INFO  Test worker     d.u.i.k.n.KeyIO           Parsing took 0 ms 
394256     INFO  Test worker     d.u.i.k.n.KeyIO           MODE: declarations took 0 ms 
394256     INFO  Test worker     d.u.i.k.n.KeyIO           Parsing took 0 ms 
394256     INFO  Test worker     d.u.i.k.n.KeyIO           MODE: declarations took 0 ms 
397351     INFO  Test worker     d.u.i.k.n.KeyIO           Parsing took 0 ms 
397351     INFO  Test worker     d.u.i.k.n.KeyIO           MODE: declarations took 0 ms 
397351     INFO  Test worker     d.u.i.k.n.KeyIO           Parsing took 0 ms 
397351     INFO  Test worker     d.u.i.k.n.KeyIO           MODE: declarations took 0 ms 
397351     INFO  Test worker     d.u.i.k.n.KeyIO           Parsing took 0 ms 
397351     INFO  Test worker     d.u.i.k.n.KeyIO           MODE: declarations took 0 ms 
397351     INFO  Test worker     d.u.i.k.n.KeyIO           Parsing took 0 ms 
397351     INFO  Test worker     d.u.i.k.n.KeyIO           MODE: declarations took 0 ms 
397351     INFO  Test worker     d.u.i.k.n.KeyIO           Parsing took 0 ms 
397351     INFO  Test worker     d.u.i.k.n.KeyIO           MODE: declarations took 0 ms 
400510     INFO  Test worker     d.u.i.k.n.KeyIO           Parsing took 0 ms 
400510     INFO  Test worker     d.u.i.k.n.KeyIO           MODE: declarations took 0 ms 
400510     INFO  Test worker     d.u.i.k.n.KeyIO           Parsing took 0 ms 
400510     INFO  Test worker     d.u.i.k.n.KeyIO           MODE: declarations took 0 ms 
400510     INFO  Test worker     d.u.i.k.n.KeyIO           Parsing took 0 ms 
400510     INFO  Test worker     d.u.i.k.n.KeyIO           MODE: declarations took 0 ms 
400510     INFO  Test worker     d.u.i.k.n.KeyIO           Parsing took 0 ms 
400510     INFO  Test worker     d.u.i.k.n.KeyIO           MODE: declarations took 0 ms 
400510     INFO  Test worker     d.u.i.k.n.KeyIO           Parsing took 0 ms 
400510     INFO  Test worker     d.u.i.k.n.KeyIO           MODE: declarations took 0 ms 
403606     INFO  Test worker     d.u.i.k.n.KeyIO           Parsing took 0 ms 
403606     INFO  Test worker     d.u.i.k.n.KeyIO           MODE: declarations took 0 ms 
403606     INFO  Test worker     d.u.i.k.n.KeyIO           Parsing took 0 ms 
403606     INFO  Test worker     d.u.i.k.n.KeyIO           MODE: declarations took 0 ms 
403606     INFO  Test worker     d.u.i.k.n.KeyIO           Parsing took 0 ms 
403606     INFO  Test worker     d.u.i.k.n.KeyIO           MODE: declarations took 0 ms 
403606     INFO  Test worker     d.u.i.k.n.KeyIO           Parsing took 0 ms 
403606     INFO  Test worker     d.u.i.k.n.KeyIO           MODE: declarations took 0 ms 
403606     INFO  Test worker     d.u.i.k.n.KeyIO           Parsing took 0 ms 
403606     INFO  Test worker     d.u.i.k.n.KeyIO           MODE: declarations took 0 ms 
406779     INFO  Test worker     d.u.i.k.n.KeyIO           Parsing took 0 ms 
406779     INFO  Test worker     d.u.i.k.n.KeyIO           MODE: declarations took 0 ms 
406779     INFO  Test worker     d.u.i.k.n.KeyIO           Parsing took 0 ms 
406779     INFO  Test worker     d.u.i.k.n.KeyIO           MODE: declarations took 0 ms 
406779     INFO  Test worker     d.u.i.k.n.KeyIO           Parsing took 0 ms 
406779     INFO  Test worker     d.u.i.k.n.KeyIO           MODE: declarations took 0 ms 
406779     INFO  Test worker     d.u.i.k.n.KeyIO           Parsing took 0 ms 
406795     INFO  Test worker     d.u.i.k.n.KeyIO           MODE: declarations took 16 ms 
406795     INFO  Test worker     d.u.i.k.n.KeyIO           Parsing took 0 ms 
406795     INFO  Test worker     d.u.i.k.n.KeyIO           MODE: declarations took 0 ms 
410110     INFO  Test worker     d.u.i.k.n.KeyIO           Parsing took 0 ms 
410110     INFO  Test worker     d.u.i.k.n.KeyIO           MODE: declarations took 0 ms 
410125     INFO  Test worker     d.u.i.k.n.KeyIO           Parsing took 0 ms 
410125     INFO  Test worker     d.u.i.k.n.KeyIO           MODE: declarations took 0 ms 
410125     INFO  Test worker     d.u.i.k.n.KeyIO           Parsing took 0 ms 
410125     INFO  Test worker     d.u.i.k.n.KeyIO           MODE: declarations took 0 ms 
410125     INFO  Test worker     d.u.i.k.n.KeyIO           Parsing took 0 ms 
410125     INFO  Test worker     d.u.i.k.n.KeyIO           MODE: declarations took 0 ms 
410125     INFO  Test worker     d.u.i.k.n.KeyIO           Parsing took 0 ms 
410125     INFO  Test worker     d.u.i.k.n.KeyIO           MODE: declarations took 0 ms 
413236     INFO  Test worker     d.u.i.k.n.KeyIO           Parsing took 0 ms 
413236     INFO  Test worker     d.u.i.k.n.KeyIO           MODE: declarations took 0 ms 
413236     INFO  Test worker     d.u.i.k.n.KeyIO           Parsing took 0 ms 
413236     INFO  Test worker     d.u.i.k.n.KeyIO           MODE: declarations took 0 ms 
413236     INFO  Test worker     d.u.i.k.n.KeyIO           Parsing took 0 ms 
413236     INFO  Test worker     d.u.i.k.n.KeyIO           MODE: declarations took 0 ms 
413236     INFO  Test worker     d.u.i.k.n.KeyIO           Parsing took 0 ms 
413236     INFO  Test worker     d.u.i.k.n.KeyIO           MODE: declarations took 0 ms 
413236     INFO  Test worker     d.u.i.k.n.KeyIO           Parsing took 0 ms 
413236     INFO  Test worker     d.u.i.k.n.KeyIO           MODE: declarations took 0 ms 
416348     INFO  Test worker     d.u.i.k.n.KeyIO           Parsing took 0 ms 
416348     INFO  Test worker     d.u.i.k.n.KeyIO           MODE: declarations took 0 ms 
416348     INFO  Test worker     d.u.i.k.n.KeyIO           Parsing took 0 ms 
416348     INFO  Test worker     d.u.i.k.n.KeyIO           MODE: declarations took 0 ms 
416348     INFO  Test worker     d.u.i.k.n.KeyIO           Parsing took 0 ms 
416348     INFO  Test worker     d.u.i.k.n.KeyIO           MODE: declarations took 0 ms 
416348     INFO  Test worker     d.u.i.k.n.KeyIO           Parsing took 0 ms 
416348     INFO  Test worker     d.u.i.k.n.KeyIO           MODE: declarations took 0 ms 
416348     INFO  Test worker     d.u.i.k.n.KeyIO           Parsing took 0 ms 
416348     INFO  Test worker     d.u.i.k.n.KeyIO           MODE: declarations took 0 ms 
419428     INFO  Test worker     d.u.i.k.n.KeyIO           Parsing took 0 ms 
419428     INFO  Test worker     d.u.i.k.n.KeyIO           MODE: declarations took 0 ms 
419428     INFO  Test worker     d.u.i.k.n.KeyIO           Parsing took 0 ms 
419428     INFO  Test worker     d.u.i.k.n.KeyIO           MODE: declarations took 0 ms 
419428     INFO  Test worker     d.u.i.k.n.KeyIO           Parsing took 0 ms 
419428     INFO  Test worker     d.u.i.k.n.KeyIO           MODE: declarations took 0 ms 
419428     INFO  Test worker     d.u.i.k.n.KeyIO           Parsing took 0 ms 
419428     INFO  Test worker     d.u.i.k.n.KeyIO           MODE: declarations took 0 ms 
419428     INFO  Test worker     d.u.i.k.n.KeyIO           Parsing took 0 ms 
419444     INFO  Test worker     d.u.i.k.n.KeyIO           MODE: declarations took 16 ms 
422587     INFO  Test worker     d.u.i.k.n.KeyIO           Parsing took 0 ms 
422587     INFO  Test worker     d.u.i.k.n.KeyIO           MODE: declarations took 0 ms 
422587     INFO  Test worker     d.u.i.k.n.KeyIO           Parsing took 0 ms 
422587     INFO  Test worker     d.u.i.k.n.KeyIO           MODE: declarations took 0 ms 
422587     INFO  Test worker     d.u.i.k.n.KeyIO           Parsing took 0 ms 
422587     INFO  Test worker     d.u.i.k.n.KeyIO           MODE: declarations took 0 ms 
422587     INFO  Test worker     d.u.i.k.n.KeyIO           Parsing took 0 ms 
422587     INFO  Test worker     d.u.i.k.n.KeyIO           MODE: declarations took 0 ms 
422587     INFO  Test worker     d.u.i.k.n.KeyIO           Parsing took 0 ms 
422587     INFO  Test worker     d.u.i.k.n.KeyIO           MODE: declarations took 0 ms 
425698     INFO  Test worker     d.u.i.k.n.KeyIO           Parsing took 0 ms 
425698     INFO  Test worker     d.u.i.k.n.KeyIO           MODE: declarations took 0 ms 
425698     INFO  Test worker     d.u.i.k.n.KeyIO           Parsing took 0 ms 
425698     INFO  Test worker     d.u.i.k.n.KeyIO           MODE: declarations took 0 ms 
425698     INFO  Test worker     d.u.i.k.n.KeyIO           Parsing took 0 ms 
425698     INFO  Test worker     d.u.i.k.n.KeyIO           MODE: declarations took 0 ms 
425698     INFO  Test worker     d.u.i.k.n.KeyIO           Parsing took 0 ms 
425698     INFO  Test worker     d.u.i.k.n.KeyIO           MODE: declarations took 0 ms 
425698     INFO  Test worker     d.u.i.k.n.KeyIO           Parsing took 0 ms 
425698     INFO  Test worker     d.u.i.k.n.KeyIO           MODE: declarations took 0 ms 
428825     INFO  Test worker     d.u.i.k.n.KeyIO           Parsing took 0 ms 
428825     INFO  Test worker     d.u.i.k.n.KeyIO           MODE: declarations took 0 ms 
428840     INFO  Test worker     d.u.i.k.n.KeyIO           Parsing took 15 ms 
428840     INFO  Test worker     d.u.i.k.n.KeyIO           MODE: declarations took 0 ms 
428840     INFO  Test worker     d.u.i.k.n.KeyIO           Parsing took 0 ms 
428840     INFO  Test worker     d.u.i.k.n.KeyIO           MODE: declarations took 0 ms 
428840     INFO  Test worker     d.u.i.k.n.KeyIO           Parsing took 0 ms 
428840     INFO  Test worker     d.u.i.k.n.KeyIO           MODE: declarations took 0 ms 
428840     INFO  Test worker     d.u.i.k.n.KeyIO           Parsing took 0 ms 
428840     INFO  Test worker     d.u.i.k.n.KeyIO           MODE: declarations took 0 ms 
432139     INFO  Test worker     d.u.i.k.n.KeyIO           Parsing took 0 ms 
432139     INFO  Test worker     d.u.i.k.n.KeyIO           MODE: declarations took 0 ms 
432139     INFO  Test worker     d.u.i.k.n.KeyIO           Parsing took 0 ms 
432139     INFO  Test worker     d.u.i.k.n.KeyIO           MODE: declarations took 0 ms 
432139     INFO  Test worker     d.u.i.k.n.KeyIO           Parsing took 0 ms 
432139     INFO  Test worker     d.u.i.k.n.KeyIO           MODE: declarations took 0 ms 
432139     INFO  Test worker     d.u.i.k.n.KeyIO           Parsing took 0 ms 
432139     INFO  Test worker     d.u.i.k.n.KeyIO           MODE: declarations took 0 ms 
432139     INFO  Test worker     d.u.i.k.n.KeyIO           Parsing took 0 ms 
432139     INFO  Test worker     d.u.i.k.n.KeyIO           MODE: declarations took 0 ms 
435234     INFO  Test worker     d.u.i.k.n.KeyIO           Parsing took 0 ms 
435234     INFO  Test worker     d.u.i.k.n.KeyIO           MODE: declarations took 0 ms 
435234     INFO  Test worker     d.u.i.k.n.KeyIO           Parsing took 0 ms 
435234     INFO  Test worker     d.u.i.k.n.KeyIO           MODE: declarations took 0 ms 
435234     INFO  Test worker     d.u.i.k.n.KeyIO           Parsing took 0 ms 
435234     INFO  Test worker     d.u.i.k.n.KeyIO           MODE: declarations took 0 ms 
435234     INFO  Test worker     d.u.i.k.n.KeyIO           Parsing took 0 ms 
435234     INFO  Test worker     d.u.i.k.n.KeyIO           MODE: declarations took 0 ms 
435234     INFO  Test worker     d.u.i.k.n.KeyIO           Parsing took 0 ms 
435234     INFO  Test worker     d.u.i.k.n.KeyIO           MODE: declarations took 0 ms 
438315     INFO  Test worker     d.u.i.k.n.KeyIO           Parsing took 0 ms 
438315     INFO  Test worker     d.u.i.k.n.KeyIO           MODE: declarations took 0 ms 
438315     INFO  Test worker     d.u.i.k.n.KeyIO           Parsing took 0 ms 
438315     INFO  Test worker     d.u.i.k.n.KeyIO           MODE: declarations took 0 ms 
438315     INFO  Test worker     d.u.i.k.n.KeyIO           Parsing took 0 ms 
438315     INFO  Test worker     d.u.i.k.n.KeyIO           MODE: declarations took 0 ms 
438315     INFO  Test worker     d.u.i.k.n.KeyIO           Parsing took 0 ms 
438315     INFO  Test worker     d.u.i.k.n.KeyIO           MODE: declarations took 0 ms 
438315     INFO  Test worker     d.u.i.k.n.KeyIO           Parsing took 0 ms 
438315     INFO  Test worker     d.u.i.k.n.KeyIO           MODE: declarations took 0 ms 
441426     INFO  Test worker     d.u.i.k.n.KeyIO           Parsing took 0 ms 
441426     INFO  Test worker     d.u.i.k.n.KeyIO           MODE: declarations took 0 ms 
441426     INFO  Test worker     d.u.i.k.n.KeyIO           Parsing took 0 ms 
441426     INFO  Test worker     d.u.i.k.n.KeyIO           MODE: declarations took 0 ms 
441426     INFO  Test worker     d.u.i.k.n.KeyIO           Parsing took 0 ms 
441426     INFO  Test worker     d.u.i.k.n.KeyIO           MODE: declarations took 0 ms 
441426     INFO  Test worker     d.u.i.k.n.KeyIO           Parsing took 0 ms 
441426     INFO  Test worker     d.u.i.k.n.KeyIO           MODE: declarations took 0 ms 
441426     INFO  Test worker     d.u.i.k.n.KeyIO           Parsing took 0 ms 
441426     INFO  Test worker     d.u.i.k.n.KeyIO           MODE: declarations took 0 ms 
444506     INFO  Test worker     d.u.i.k.n.KeyIO           Parsing took 0 ms 
444506     INFO  Test worker     d.u.i.k.n.KeyIO           MODE: declarations took 0 ms 
444506     INFO  Test worker     d.u.i.k.n.KeyIO           Parsing took 0 ms 
444506     INFO  Test worker     d.u.i.k.n.KeyIO           MODE: declarations took 0 ms 
444506     INFO  Test worker     d.u.i.k.n.KeyIO           Parsing took 0 ms 
444506     INFO  Test worker     d.u.i.k.n.KeyIO           MODE: declarations took 0 ms 
444506     INFO  Test worker     d.u.i.k.n.KeyIO           Parsing took 0 ms 
444506     INFO  Test worker     d.u.i.k.n.KeyIO           MODE: declarations took 0 ms 
444506     INFO  Test worker     d.u.i.k.n.KeyIO           Parsing took 0 ms 
444506     INFO  Test worker     d.u.i.k.n.KeyIO           MODE: declarations took 0 ms 
447681     INFO  Test worker     d.u.i.k.n.KeyIO           Parsing took 0 ms 
447681     INFO  Test worker     d.u.i.k.n.KeyIO           MODE: declarations took 0 ms 
447681     INFO  Test worker     d.u.i.k.n.KeyIO           Parsing took 0 ms 
447681     INFO  Test worker     d.u.i.k.n.KeyIO           MODE: declarations took 0 ms 
447681     INFO  Test worker     d.u.i.k.n.KeyIO           Parsing took 0 ms 
447681     INFO  Test worker     d.u.i.k.n.KeyIO           MODE: declarations took 0 ms 
447681     INFO  Test worker     d.u.i.k.n.KeyIO           Parsing took 0 ms 
447681     INFO  Test worker     d.u.i.k.n.KeyIO           MODE: declarations took 0 ms 
447681     INFO  Test worker     d.u.i.k.n.KeyIO           Parsing took 0 ms 
447681     INFO  Test worker     d.u.i.k.n.KeyIO           MODE: declarations took 0 ms 
450857     INFO  Test worker     d.u.i.k.n.KeyIO           Parsing took 0 ms 
450857     INFO  Test worker     d.u.i.k.n.KeyIO           MODE: declarations took 0 ms 
450857     INFO  Test worker     d.u.i.k.n.KeyIO           Parsing took 0 ms 
450857     INFO  Test worker     d.u.i.k.n.KeyIO           MODE: declarations took 0 ms 
450857     INFO  Test worker     d.u.i.k.n.KeyIO           Parsing took 0 ms 
450857     INFO  Test worker     d.u.i.k.n.KeyIO           MODE: declarations took 0 ms 
450857     INFO  Test worker     d.u.i.k.n.KeyIO           Parsing took 0 ms 
450857     INFO  Test worker     d.u.i.k.n.KeyIO           MODE: declarations took 0 ms 
450857     INFO  Test worker     d.u.i.k.n.KeyIO           Parsing took 0 ms 
450857     INFO  Test worker     d.u.i.k.n.KeyIO           MODE: declarations took 0 ms 
454030     INFO  Test worker     d.u.i.k.n.KeyIO           Parsing took 0 ms 
454030     INFO  Test worker     d.u.i.k.n.KeyIO           MODE: declarations took 0 ms 
454030     INFO  Test worker     d.u.i.k.n.KeyIO           Parsing took 0 ms 
454030     INFO  Test worker     d.u.i.k.n.KeyIO           MODE: declarations took 0 ms 
454030     INFO  Test worker     d.u.i.k.n.KeyIO           Parsing took 0 ms 
454030     INFO  Test worker     d.u.i.k.n.KeyIO           MODE: declarations took 0 ms 
454030     INFO  Test worker     d.u.i.k.n.KeyIO           Parsing took 0 ms 
454030     INFO  Test worker     d.u.i.k.n.KeyIO           MODE: declarations took 0 ms 
454030     INFO  Test worker     d.u.i.k.n.KeyIO           Parsing took 0 ms 
454030     INFO  Test worker     d.u.i.k.n.KeyIO           MODE: declarations took 0 ms 
457205     INFO  Test worker     d.u.i.k.n.KeyIO           Parsing took 0 ms 
457205     INFO  Test worker     d.u.i.k.n.KeyIO           MODE: declarations took 0 ms 
457205     INFO  Test worker     d.u.i.k.n.KeyIO           Parsing took 0 ms 
457205     INFO  Test worker     d.u.i.k.n.KeyIO           MODE: declarations took 0 ms 
457205     INFO  Test worker     d.u.i.k.n.KeyIO           Parsing took 0 ms 
457205     INFO  Test worker     d.u.i.k.n.KeyIO           MODE: declarations took 0 ms 
457205     INFO  Test worker     d.u.i.k.n.KeyIO           Parsing took 0 ms 
457205     INFO  Test worker     d.u.i.k.n.KeyIO           MODE: declarations took 0 ms 
457205     INFO  Test worker     d.u.i.k.n.KeyIO           Parsing took 0 ms 
457205     INFO  Test worker     d.u.i.k.n.KeyIO           MODE: declarations took 0 ms 
460363     INFO  Test worker     d.u.i.k.n.KeyIO           Parsing took 0 ms 
460363     INFO  Test worker     d.u.i.k.n.KeyIO           MODE: declarations took 0 ms 
460363     INFO  Test worker     d.u.i.k.n.KeyIO           Parsing took 0 ms 
460363     INFO  Test worker     d.u.i.k.n.KeyIO           MODE: declarations took 0 ms 
460363     INFO  Test worker     d.u.i.k.n.KeyIO           Parsing took 0 ms 
460363     INFO  Test worker     d.u.i.k.n.KeyIO           MODE: declarations took 0 ms 
460363     INFO  Test worker     d.u.i.k.n.KeyIO           Parsing took 0 ms 
460363     INFO  Test worker     d.u.i.k.n.KeyIO           MODE: declarations took 0 ms 
460363     INFO  Test worker     d.u.i.k.n.KeyIO           Parsing took 0 ms 
460363     INFO  Test worker     d.u.i.k.n.KeyIO           MODE: declarations took 0 ms 
463506     INFO  Test worker     d.u.i.k.n.KeyIO           Parsing took 0 ms 
463506     INFO  Test worker     d.u.i.k.n.KeyIO           MODE: declarations took 0 ms 
463506     INFO  Test worker     d.u.i.k.n.KeyIO           Parsing took 0 ms 
463506     INFO  Test worker     d.u.i.k.n.KeyIO           MODE: declarations took 0 ms 
463506     INFO  Test worker     d.u.i.k.n.KeyIO           Parsing took 0 ms 
463506     INFO  Test worker     d.u.i.k.n.KeyIO           MODE: declarations took 0 ms 
463506     INFO  Test worker     d.u.i.k.n.KeyIO           Parsing took 0 ms 
463506     INFO  Test worker     d.u.i.k.n.KeyIO           MODE: declarations took 0 ms 
463506     INFO  Test worker     d.u.i.k.n.KeyIO           Parsing took 0 ms 
463506     INFO  Test worker     d.u.i.k.n.KeyIO           MODE: declarations took 0 ms 
]]></system-out>
  <system-err><![CDATA[]]></system-err>
</testsuite>
