<?xml version="1.0" encoding="UTF-8"?>
<testsuite name="de.uka.ilkd.key.parser.TestTermParser" tests="47" skipped="4" failures="0" errors="0" timestamp="2023-04-13T13:36:57" hostname="fv-az269-753" time="4.662">
  <properties/>
  <testcase name="testNotEqual()" classname="de.uka.ilkd.key.parser.TestTermParser" time="0.002"/>
  <testcase name="testProgramVariables()" classname="de.uka.ilkd.key.parser.TestTermParser" time="0.074"/>
  <testcase name="testAttributeWithSpecifiedSortOnObject()" classname="de.uka.ilkd.key.parser.TestTermParser" time="0.018"/>
  <testcase name="testCast()" classname="de.uka.ilkd.key.parser.TestTermParser" time="0.002"/>
  <testcase name="testJavaQueryAndAttribute_all()" classname="de.uka.ilkd.key.parser.TestTermParser" time="0.0">
    <skipped/>
  </testcase>
  <testcase name="test10()" classname="de.uka.ilkd.key.parser.TestTermParser" time="0.005"/>
  <testcase name="test11()" classname="de.uka.ilkd.key.parser.TestTermParser" time="0.005"/>
  <testcase name="test12()" classname="de.uka.ilkd.key.parser.TestTermParser" time="0.001">
    <skipped/>
  </testcase>
  <testcase name="test13()" classname="de.uka.ilkd.key.parser.TestTermParser" time="0.006"/>
  <testcase name="test14()" classname="de.uka.ilkd.key.parser.TestTermParser" time="0.004"/>
  <testcase name="test1a()" classname="de.uka.ilkd.key.parser.TestTermParser" time="0.003"/>
  <testcase name="testJavaAttributeAccess_4()" classname="de.uka.ilkd.key.parser.TestTermParser" time="0.005"/>
  <testcase name="testAttributeOnObject()" classname="de.uka.ilkd.key.parser.TestTermParser" time="0.004"/>
  <testcase name="testNegativeLiteralParsing1()" classname="de.uka.ilkd.key.parser.TestTermParser" time="0.001"/>
  <testcase name="testNegativeLiteralParsing2()" classname="de.uka.ilkd.key.parser.TestTermParser" time="0.002"/>
  <testcase name="testNegativeLiteralParsing3()" classname="de.uka.ilkd.key.parser.TestTermParser" time="0.002"/>
  <testcase name="xtestParsingArrayWithSpaces()" classname="de.uka.ilkd.key.parser.TestTermParser" time="0.0">
    <skipped/>
  </testcase>
  <testcase name="testAmbigiousFuncVarPred()" classname="de.uka.ilkd.key.parser.TestTermParser" time="0.001"/>
  <testcase name="test1()" classname="de.uka.ilkd.key.parser.TestTermParser" time="0.002"/>
  <testcase name="test2()" classname="de.uka.ilkd.key.parser.TestTermParser" time="0.002"/>
  <testcase name="test3()" classname="de.uka.ilkd.key.parser.TestTermParser" time="0.002"/>
  <testcase name="test5()" classname="de.uka.ilkd.key.parser.TestTermParser" time="0.002"/>
  <testcase name="test6()" classname="de.uka.ilkd.key.parser.TestTermParser" time="0.002"/>
  <testcase name="test7()" classname="de.uka.ilkd.key.parser.TestTermParser" time="0.002"/>
  <testcase name="test8()" classname="de.uka.ilkd.key.parser.TestTermParser" time="0.002"/>
  <testcase name="test9()" classname="de.uka.ilkd.key.parser.TestTermParser" time="0.002"/>
  <testcase name="testBindingUpdateTerm()" classname="de.uka.ilkd.key.parser.TestTermParser" time="0.002"/>
  <testcase name="testJavaStaticQuery()" classname="de.uka.ilkd.key.parser.TestTermParser" time="0.004"/>
  <testcase name="testInfix1()" classname="de.uka.ilkd.key.parser.TestTermParser" time="0.003"/>
  <testcase name="testInfix2()" classname="de.uka.ilkd.key.parser.TestTermParser" time="0.003"/>
  <testcase name="testInfix3()" classname="de.uka.ilkd.key.parser.TestTermParser" time="0.003"/>
  <testcase name="testInfix4()" classname="de.uka.ilkd.key.parser.TestTermParser" time="0.004"/>
  <testcase name="testIfThenElse()" classname="de.uka.ilkd.key.parser.TestTermParser" time="0.002"/>
  <testcase name="testJavaAttributeAccessBoth_1()" classname="de.uka.ilkd.key.parser.TestTermParser" time="0.006"/>
  <testcase name="testJavaAttributeAccessBoth_2()" classname="de.uka.ilkd.key.parser.TestTermParser" time="0.003"/>
  <testcase name="testJavaAttributeAccessBoth_3()" classname="de.uka.ilkd.key.parser.TestTermParser" time="0.004"/>
  <testcase name="testBindingUpdateTerm_1()" classname="de.uka.ilkd.key.parser.TestTermParser" time="0.004"/>
  <testcase name="testBindingUpdateTerm_3()" classname="de.uka.ilkd.key.parser.TestTermParser" time="0.008"/>
  <testcase name="testBindingUpdateTerm_4()" classname="de.uka.ilkd.key.parser.TestTermParser" time="0.002"/>
  <testcase name="testBindingUpdateTerm_5()" classname="de.uka.ilkd.key.parser.TestTermParser" time="0.003"/>
  <testcase name="testBindingUpdateTerm_6()" classname="de.uka.ilkd.key.parser.TestTermParser" time="0.002"/>
  <testcase name="testBindingUpdateTerm_7()" classname="de.uka.ilkd.key.parser.TestTermParser" time="0.002"/>
  <testcase name="testBindingUpdateTerm_8()" classname="de.uka.ilkd.key.parser.TestTermParser" time="0.003"/>
  <testcase name="testParsingArray()" classname="de.uka.ilkd.key.parser.TestTermParser" time="0.003"/>
  <testcase name="xtestBindingUpdateTermOldBindingAlternative()" classname="de.uka.ilkd.key.parser.TestTermParser" time="0.0">
    <skipped/>
  </testcase>
  <testcase name="testJavaStaticQueryWithParameter()" classname="de.uka.ilkd.key.parser.TestTermParser" time="0.022"/>
  <testcase name="testParsingArrayCombination()" classname="de.uka.ilkd.key.parser.TestTermParser" time="0.004"/>
  <system-out><![CDATA[335448     INFO  Test worker     d.u.i.k.n.KeyIO           Parsing took 0 ms 
335448     INFO  Test worker     d.u.i.k.n.KeyIO           MODE: declarations took 0 ms 
335448     WARN  Test worker     d.u.i.k.j.r.KeYCrossReferenceNameInfo Datatype T declared twice: Once in UNKNOWN:unknown and once in UNKNOWN:unknown, Keeping one from UNKNOWN:unknown 
335588     INFO  Test worker     d.u.i.k.n.KeyIO           Parsing took 0 ms 
335588     INFO  Test worker     d.u.i.k.n.KeyIO           MODE: declarations took 0 ms 
335666     WARN  Test worker     d.u.i.k.j.r.KeYCrossReferenceNameInfo Datatype T declared twice: Once in UNKNOWN:unknown and once in UNKNOWN:unknown, Keeping one from UNKNOWN:unknown 
335760     INFO  Test worker     d.u.i.k.n.KeyIO           Parsing took 0 ms 
335776     INFO  Test worker     d.u.i.k.n.KeyIO           MODE: declarations took 0 ms 
335776     WARN  Test worker     d.u.i.k.j.r.KeYCrossReferenceNameInfo Datatype T declared twice: Once in UNKNOWN:unknown and once in UNKNOWN:unknown, Keeping one from UNKNOWN:unknown 
335869     INFO  Test worker     d.u.i.k.n.KeyIO           Parsing took 0 ms 
335869     INFO  Test worker     d.u.i.k.n.KeyIO           MODE: declarations took 0 ms 
335869     WARN  Test worker     d.u.i.k.j.r.KeYCrossReferenceNameInfo Datatype T declared twice: Once in UNKNOWN:unknown and once in UNKNOWN:unknown, Keeping one from UNKNOWN:unknown 
335974     WARN  Test worker     d.u.i.k.j.r.KeYCrossReferenceNameInfo Datatype T declared twice: Once in UNKNOWN:unknown and once in UNKNOWN:unknown, Keeping one from UNKNOWN:unknown 
336068     INFO  Test worker     d.u.i.k.n.KeyIO           Parsing took 0 ms 
336068     INFO  Test worker     d.u.i.k.n.KeyIO           MODE: declarations took 0 ms 
336068     INFO  Test worker     d.u.i.k.p.TestTermParser  Out: \<{
  int x = 1;
  {
    int s = 2;
  }
}\> (equals(x,x)) 
336073     WARN  Test worker     d.u.i.k.j.r.KeYCrossReferenceNameInfo Datatype T declared twice: Once in UNKNOWN:unknown and once in UNKNOWN:unknown, Keeping one from UNKNOWN:unknown 
336151     INFO  Test worker     d.u.i.k.n.KeyIO           Parsing took 0 ms 
336151     INFO  Test worker     d.u.i.k.n.KeyIO           MODE: declarations took 0 ms 
336167     INFO  Test worker     d.u.i.k.p.TestTermParser  Out: \[{
  int x = 2;
  {
    String s = ""}";
  }
}\] (true) 
336167     WARN  Test worker     d.u.i.k.j.r.KeYCrossReferenceNameInfo Datatype T declared twice: Once in UNKNOWN:unknown and once in UNKNOWN:unknown, Keeping one from UNKNOWN:unknown 
336261     WARN  Test worker     d.u.i.k.j.r.KeYCrossReferenceNameInfo Datatype T declared twice: Once in UNKNOWN:unknown and once in UNKNOWN:unknown, Keeping one from UNKNOWN:unknown 
336355     INFO  Test worker     d.u.i.k.n.KeyIO           Parsing took 0 ms 
336355     INFO  Test worker     d.u.i.k.n.KeyIO           MODE: declarations took 0 ms 
336355     WARN  Test worker     d.u.i.k.j.r.KeYCrossReferenceNameInfo Datatype T declared twice: Once in UNKNOWN:unknown and once in UNKNOWN:unknown, Keeping one from UNKNOWN:unknown 
336449     INFO  Test worker     d.u.i.k.n.KeyIO           Parsing took 0 ms 
336449     INFO  Test worker     d.u.i.k.n.KeyIO           MODE: declarations took 0 ms 
336449     INFO  Test worker     d.u.i.k.p.TestTermParser  Out: \<{
  int[] i;
}\> (diamond(true)) 
336449     WARN  Test worker     d.u.i.k.j.r.KeYCrossReferenceNameInfo Datatype T declared twice: Once in UNKNOWN:unknown and once in UNKNOWN:unknown, Keeping one from UNKNOWN:unknown 
336542     INFO  Test worker     d.u.i.k.n.KeyIO           Parsing took 0 ms 
336542     INFO  Test worker     d.u.i.k.n.KeyIO           MODE: declarations took 0 ms 
336542     WARN  Test worker     d.u.i.k.j.r.KeYCrossReferenceNameInfo Datatype T declared twice: Once in UNKNOWN:unknown and once in UNKNOWN:unknown, Keeping one from UNKNOWN:unknown 
336636     INFO  Test worker     d.u.i.k.n.KeyIO           Parsing took 0 ms 
336636     INFO  Test worker     d.u.i.k.n.KeyIO           MODE: declarations took 0 ms 
336652     WARN  Test worker     d.u.i.k.j.r.KeYCrossReferenceNameInfo Datatype T declared twice: Once in UNKNOWN:unknown and once in UNKNOWN:unknown, Keeping one from UNKNOWN:unknown 
336746     INFO  Test worker     d.u.i.k.n.KeyIO           Parsing took 0 ms 
336746     INFO  Test worker     d.u.i.k.n.KeyIO           MODE: declarations took 0 ms 
336746     WARN  Test worker     d.u.i.k.j.r.KeYCrossReferenceNameInfo Datatype T declared twice: Once in UNKNOWN:unknown and once in UNKNOWN:unknown, Keeping one from UNKNOWN:unknown 
336839     INFO  Test worker     d.u.i.k.n.KeyIO           Parsing took 0 ms 
336839     INFO  Test worker     d.u.i.k.n.KeyIO           MODE: declarations took 0 ms 
336839     WARN  Test worker     d.u.i.k.j.r.KeYCrossReferenceNameInfo Datatype T declared twice: Once in UNKNOWN:unknown and once in UNKNOWN:unknown, Keeping one from UNKNOWN:unknown 
336933     INFO  Test worker     d.u.i.k.n.KeyIO           Parsing took 0 ms 
336933     INFO  Test worker     d.u.i.k.n.KeyIO           MODE: declarations took 0 ms 
336933     WARN  Test worker     d.u.i.k.j.r.KeYCrossReferenceNameInfo Datatype T declared twice: Once in UNKNOWN:unknown and once in UNKNOWN:unknown, Keeping one from UNKNOWN:unknown 
337027     INFO  Test worker     d.u.i.k.n.KeyIO           Parsing took 0 ms 
337027     INFO  Test worker     d.u.i.k.n.KeyIO           MODE: declarations took 0 ms 
337027     WARN  Test worker     d.u.i.k.j.r.KeYCrossReferenceNameInfo Datatype T declared twice: Once in UNKNOWN:unknown and once in UNKNOWN:unknown, Keeping one from UNKNOWN:unknown 
337121     WARN  Test worker     d.u.i.k.j.r.KeYCrossReferenceNameInfo Datatype T declared twice: Once in UNKNOWN:unknown and once in UNKNOWN:unknown, Keeping one from UNKNOWN:unknown 
337215     INFO  Test worker     d.u.i.k.n.KeyIO           Parsing took 0 ms 
337215     INFO  Test worker     d.u.i.k.n.KeyIO           MODE: declarations took 0 ms 
337215     WARN  Test worker     d.u.i.k.j.r.KeYCrossReferenceNameInfo Datatype T declared twice: Once in UNKNOWN:unknown and once in UNKNOWN:unknown, Keeping one from UNKNOWN:unknown 
337309     INFO  Test worker     d.u.i.k.n.KeyIO           Parsing took 0 ms 
337309     INFO  Test worker     d.u.i.k.n.KeyIO           MODE: declarations took 0 ms 
337309     WARN  Test worker     d.u.i.k.j.r.KeYCrossReferenceNameInfo Datatype T declared twice: Once in UNKNOWN:unknown and once in UNKNOWN:unknown, Keeping one from UNKNOWN:unknown 
337402     INFO  Test worker     d.u.i.k.n.KeyIO           Parsing took 0 ms 
337402     INFO  Test worker     d.u.i.k.n.KeyIO           MODE: declarations took 0 ms 
337402     WARN  Test worker     d.u.i.k.j.r.KeYCrossReferenceNameInfo Datatype T declared twice: Once in UNKNOWN:unknown and once in UNKNOWN:unknown, Keeping one from UNKNOWN:unknown 
337496     INFO  Test worker     d.u.i.k.n.KeyIO           Parsing took 0 ms 
337496     INFO  Test worker     d.u.i.k.n.KeyIO           MODE: declarations took 0 ms 
337512     WARN  Test worker     d.u.i.k.j.r.KeYCrossReferenceNameInfo Datatype T declared twice: Once in UNKNOWN:unknown and once in UNKNOWN:unknown, Keeping one from UNKNOWN:unknown 
337590     INFO  Test worker     d.u.i.k.n.KeyIO           Parsing took 0 ms 
337590     INFO  Test worker     d.u.i.k.n.KeyIO           MODE: declarations took 0 ms 
337605     WARN  Test worker     d.u.i.k.j.r.KeYCrossReferenceNameInfo Datatype T declared twice: Once in UNKNOWN:unknown and once in UNKNOWN:unknown, Keeping one from UNKNOWN:unknown 
337699     INFO  Test worker     d.u.i.k.n.KeyIO           Parsing took 0 ms 
337699     INFO  Test worker     d.u.i.k.n.KeyIO           MODE: declarations took 0 ms 
337699     WARN  Test worker     d.u.i.k.j.r.KeYCrossReferenceNameInfo Datatype T declared twice: Once in UNKNOWN:unknown and once in UNKNOWN:unknown, Keeping one from UNKNOWN:unknown 
337809     INFO  Test worker     d.u.i.k.n.KeyIO           Parsing took 0 ms 
337809     INFO  Test worker     d.u.i.k.n.KeyIO           MODE: declarations took 0 ms 
337809     WARN  Test worker     d.u.i.k.j.r.KeYCrossReferenceNameInfo Datatype T declared twice: Once in UNKNOWN:unknown and once in UNKNOWN:unknown, Keeping one from UNKNOWN:unknown 
337902     INFO  Test worker     d.u.i.k.n.KeyIO           Parsing took 0 ms 
337902     INFO  Test worker     d.u.i.k.n.KeyIO           MODE: declarations took 0 ms 
337902     WARN  Test worker     d.u.i.k.j.r.KeYCrossReferenceNameInfo Datatype T declared twice: Once in UNKNOWN:unknown and once in UNKNOWN:unknown, Keeping one from UNKNOWN:unknown 
337996     INFO  Test worker     d.u.i.k.n.KeyIO           Parsing took 0 ms 
337996     INFO  Test worker     d.u.i.k.n.KeyIO           MODE: declarations took 0 ms 
337996     WARN  Test worker     d.u.i.k.j.r.KeYCrossReferenceNameInfo Datatype T declared twice: Once in UNKNOWN:unknown and once in UNKNOWN:unknown, Keeping one from UNKNOWN:unknown 
338090     INFO  Test worker     d.u.i.k.n.KeyIO           Parsing took 0 ms 
338090     INFO  Test worker     d.u.i.k.n.KeyIO           MODE: declarations took 0 ms 
338090     WARN  Test worker     d.u.i.k.j.r.KeYCrossReferenceNameInfo Datatype T declared twice: Once in UNKNOWN:unknown and once in UNKNOWN:unknown, Keeping one from UNKNOWN:unknown 
338200     INFO  Test worker     d.u.i.k.n.KeyIO           Parsing took 0 ms 
338200     INFO  Test worker     d.u.i.k.n.KeyIO           MODE: declarations took 0 ms 
338200     WARN  Test worker     d.u.i.k.j.r.KeYCrossReferenceNameInfo Datatype T declared twice: Once in UNKNOWN:unknown and once in UNKNOWN:unknown, Keeping one from UNKNOWN:unknown 
338294     INFO  Test worker     d.u.i.k.n.KeyIO           Parsing took 0 ms 
338294     INFO  Test worker     d.u.i.k.n.KeyIO           MODE: declarations took 0 ms 
338294     WARN  Test worker     d.u.i.k.j.r.KeYCrossReferenceNameInfo Datatype T declared twice: Once in UNKNOWN:unknown and once in UNKNOWN:unknown, Keeping one from UNKNOWN:unknown 
338388     INFO  Test worker     d.u.i.k.n.KeyIO           Parsing took 0 ms 
338388     INFO  Test worker     d.u.i.k.n.KeyIO           MODE: declarations took 0 ms 
338403     WARN  Test worker     d.u.i.k.j.r.KeYCrossReferenceNameInfo Datatype T declared twice: Once in UNKNOWN:unknown and once in UNKNOWN:unknown, Keeping one from UNKNOWN:unknown 
338497     INFO  Test worker     d.u.i.k.n.KeyIO           Parsing took 0 ms 
338497     INFO  Test worker     d.u.i.k.n.KeyIO           MODE: declarations took 0 ms 
338497     WARN  Test worker     d.u.i.k.j.r.KeYCrossReferenceNameInfo Datatype T declared twice: Once in UNKNOWN:unknown and once in UNKNOWN:unknown, Keeping one from UNKNOWN:unknown 
338591     INFO  Test worker     d.u.i.k.n.KeyIO           Parsing took 0 ms 
338591     INFO  Test worker     d.u.i.k.n.KeyIO           MODE: declarations took 0 ms 
338591     WARN  Test worker     d.u.i.k.j.r.KeYCrossReferenceNameInfo Datatype T declared twice: Once in UNKNOWN:unknown and once in UNKNOWN:unknown, Keeping one from UNKNOWN:unknown 
338700     INFO  Test worker     d.u.i.k.n.KeyIO           Parsing took 0 ms 
338700     INFO  Test worker     d.u.i.k.n.KeyIO           MODE: declarations took 0 ms 
338700     WARN  Test worker     d.u.i.k.j.r.KeYCrossReferenceNameInfo Datatype T declared twice: Once in UNKNOWN:unknown and once in UNKNOWN:unknown, Keeping one from UNKNOWN:unknown 
338794     INFO  Test worker     d.u.i.k.n.KeyIO           Parsing took 0 ms 
338794     INFO  Test worker     d.u.i.k.n.KeyIO           MODE: declarations took 0 ms 
338810     WARN  Test worker     d.u.i.k.j.r.KeYCrossReferenceNameInfo Datatype T declared twice: Once in UNKNOWN:unknown and once in UNKNOWN:unknown, Keeping one from UNKNOWN:unknown 
338903     INFO  Test worker     d.u.i.k.n.KeyIO           Parsing took 0 ms 
338903     INFO  Test worker     d.u.i.k.n.KeyIO           MODE: declarations took 0 ms 
338903     WARN  Test worker     d.u.i.k.j.r.KeYCrossReferenceNameInfo Datatype T declared twice: Once in UNKNOWN:unknown and once in UNKNOWN:unknown, Keeping one from UNKNOWN:unknown 
339013     INFO  Test worker     d.u.i.k.n.KeyIO           Parsing took 0 ms 
339013     INFO  Test worker     d.u.i.k.n.KeyIO           MODE: declarations took 0 ms 
339013     WARN  Test worker     d.u.i.k.j.r.KeYCrossReferenceNameInfo Datatype T declared twice: Once in UNKNOWN:unknown and once in UNKNOWN:unknown, Keeping one from UNKNOWN:unknown 
339107     INFO  Test worker     d.u.i.k.n.KeyIO           Parsing took 0 ms 
339107     INFO  Test worker     d.u.i.k.n.KeyIO           MODE: declarations took 0 ms 
339107     WARN  Test worker     d.u.i.k.j.r.KeYCrossReferenceNameInfo Datatype T declared twice: Once in UNKNOWN:unknown and once in UNKNOWN:unknown, Keeping one from UNKNOWN:unknown 
339216     INFO  Test worker     d.u.i.k.n.KeyIO           Parsing took 0 ms 
339216     INFO  Test worker     d.u.i.k.n.KeyIO           MODE: declarations took 0 ms 
339232     WARN  Test worker     d.u.i.k.j.r.KeYCrossReferenceNameInfo Datatype T declared twice: Once in UNKNOWN:unknown and once in UNKNOWN:unknown, Keeping one from UNKNOWN:unknown 
339325     INFO  Test worker     d.u.i.k.n.KeyIO           Parsing took 0 ms 
339325     INFO  Test worker     d.u.i.k.n.KeyIO           MODE: declarations took 0 ms 
339325     WARN  Test worker     d.u.i.k.j.r.KeYCrossReferenceNameInfo Datatype T declared twice: Once in UNKNOWN:unknown and once in UNKNOWN:unknown, Keeping one from UNKNOWN:unknown 
339419     INFO  Test worker     d.u.i.k.n.KeyIO           Parsing took 0 ms 
339419     INFO  Test worker     d.u.i.k.n.KeyIO           MODE: declarations took 0 ms 
339419     WARN  Test worker     d.u.i.k.j.r.KeYCrossReferenceNameInfo Datatype T declared twice: Once in UNKNOWN:unknown and once in UNKNOWN:unknown, Keeping one from UNKNOWN:unknown 
339513     INFO  Test worker     d.u.i.k.n.KeyIO           Parsing took 0 ms 
339513     INFO  Test worker     d.u.i.k.n.KeyIO           MODE: declarations took 0 ms 
339529     WARN  Test worker     d.u.i.k.j.r.KeYCrossReferenceNameInfo Datatype T declared twice: Once in UNKNOWN:unknown and once in UNKNOWN:unknown, Keeping one from UNKNOWN:unknown 
339622     INFO  Test worker     d.u.i.k.n.KeyIO           Parsing took 0 ms 
339622     INFO  Test worker     d.u.i.k.n.KeyIO           MODE: declarations took 0 ms 
339622     WARN  Test worker     d.u.i.k.j.r.KeYCrossReferenceNameInfo Datatype T declared twice: Once in UNKNOWN:unknown and once in UNKNOWN:unknown, Keeping one from UNKNOWN:unknown 
339716     INFO  Test worker     d.u.i.k.n.KeyIO           Parsing took 0 ms 
339716     INFO  Test worker     d.u.i.k.n.KeyIO           MODE: declarations took 0 ms 
339716     WARN  Test worker     d.u.i.k.j.r.KeYCrossReferenceNameInfo Datatype T declared twice: Once in UNKNOWN:unknown and once in UNKNOWN:unknown, Keeping one from UNKNOWN:unknown 
339810     INFO  Test worker     d.u.i.k.n.KeyIO           Parsing took 0 ms 
339810     INFO  Test worker     d.u.i.k.n.KeyIO           MODE: declarations took 0 ms 
339810     WARN  Test worker     d.u.i.k.j.r.KeYCrossReferenceNameInfo Datatype T declared twice: Once in UNKNOWN:unknown and once in UNKNOWN:unknown, Keeping one from UNKNOWN:unknown 
339904     WARN  Test worker     d.u.i.k.j.r.KeYCrossReferenceNameInfo Datatype T declared twice: Once in UNKNOWN:unknown and once in UNKNOWN:unknown, Keeping one from UNKNOWN:unknown 
339998     INFO  Test worker     d.u.i.k.n.KeyIO           Parsing took 0 ms 
339998     INFO  Test worker     d.u.i.k.n.KeyIO           MODE: declarations took 0 ms 
340013     WARN  Test worker     d.u.i.k.j.r.KeYCrossReferenceNameInfo Datatype T declared twice: Once in UNKNOWN:unknown and once in UNKNOWN:unknown, Keeping one from UNKNOWN:unknown 
340107     INFO  Test worker     d.u.i.k.n.KeyIO           Parsing took 0 ms 
340107     INFO  Test worker     d.u.i.k.n.KeyIO           MODE: declarations took 0 ms 
]]></system-out>
  <system-err><![CDATA[]]></system-err>
</testsuite>
