<?xml version="1.0" encoding="UTF-8"?>
<testsuite name="de.uka.ilkd.key.taclettranslation.TestTacletTranslator" tests="5" skipped="0" failures="0" errors="0" timestamp="2023-04-13T13:46:02" hostname="fv-az269-753" time="0.019">
  <properties/>
  <testcase name="testPropositional1()" classname="de.uka.ilkd.key.taclettranslation.TestTacletTranslator" time="0.007"/>
  <testcase name="testPropositional2()" classname="de.uka.ilkd.key.taclettranslation.TestTacletTranslator" time="0.004"/>
  <testcase name="testNegativePolarity()" classname="de.uka.ilkd.key.taclettranslation.TestTacletTranslator" time="0.003"/>
  <testcase name="testNoPolarity()" classname="de.uka.ilkd.key.taclettranslation.TestTacletTranslator" time="0.002"/>
  <testcase name="testPositivePolarity()" classname="de.uka.ilkd.key.taclettranslation.TestTacletTranslator" time="0.002"/>
  <system-out><![CDATA[880694     INFO  Test worker     d.u.i.k.n.KeyIO           Parsing took 0 ms 
880694     INFO  Test worker     d.u.i.k.n.KeyIO           MODE: declarations took 0 ms 
880710     INFO  Test worker     d.u.i.k.n.KeyIO           Parsing took 0 ms 
880710     INFO  Test worker     d.u.i.k.n.KeyIO           MODE: declarations took 0 ms 
880710     INFO  Test worker     d.u.i.k.n.KeyIO           Parsing took 0 ms 
880710     INFO  Test worker     d.u.i.k.n.KeyIO           MODE: declarations took 0 ms 
880710     INFO  Test worker     d.u.i.k.n.KeyIO           Parsing took 0 ms 
880710     INFO  Test worker     d.u.i.k.n.KeyIO           MODE: declarations took 0 ms 
880710     INFO  Test worker     d.u.i.k.n.KeyIO           Parsing took 0 ms 
880710     INFO  Test worker     d.u.i.k.n.KeyIO           MODE: declarations took 0 ms 
]]></system-out>
  <system-err><![CDATA[]]></system-err>
</testsuite>
