<?xml version="1.0" encoding="UTF-8"?>
<testsuite name="de.uka.ilkd.key.logic.TestClashFreeSubst" tests="14" skipped="2" failures="0" errors="0" timestamp="2023-04-13T13:32:06" hostname="fv-az269-753" time="56.048">
  <properties/>
  <testcase name="testMultiShareBound()" classname="de.uka.ilkd.key.logic.TestClashFreeSubst" time="1.103"/>
  <testcase name="testClash()" classname="de.uka.ilkd.key.logic.TestClashFreeSubst" time="1.023"/>
  <testcase name="testShare()" classname="de.uka.ilkd.key.logic.TestClashFreeSubst" time="1.006"/>
  <testcase name="testSubst()" classname="de.uka.ilkd.key.logic.TestClashFreeSubst" time="1.003"/>
  <testcase name="testWary0()" classname="de.uka.ilkd.key.logic.TestClashFreeSubst" time="0.992"/>
  <testcase name="testWary1()" classname="de.uka.ilkd.key.logic.TestClashFreeSubst" time="1.056"/>
  <testcase name="testWary2()" classname="de.uka.ilkd.key.logic.TestClashFreeSubst" time="1.088"/>
  <testcase name="testClashInSubstTerm()" classname="de.uka.ilkd.key.logic.TestClashFreeSubst" time="1.086"/>
  <testcase name="testShareWary()" classname="de.uka.ilkd.key.logic.TestClashFreeSubst" time="1.016"/>
  <testcase name="testMultiSubst()" classname="de.uka.ilkd.key.logic.TestClashFreeSubst" time="1.083"/>
  <testcase name="xtestMultiClash()" classname="de.uka.ilkd.key.logic.TestClashFreeSubst" time="0.0">
    <skipped/>
  </testcase>
  <testcase name="testSubstInSubstTerm()" classname="de.uka.ilkd.key.logic.TestClashFreeSubst" time="1.024"/>
  <testcase name="testSubstWary()" classname="de.uka.ilkd.key.logic.TestClashFreeSubst" time="1.025"/>
  <testcase name="xtestMultiClash1()" classname="de.uka.ilkd.key.logic.TestClashFreeSubst" time="0.0">
    <skipped/>
  </testcase>
  <system-out><![CDATA[44705      INFO  Test worker     d.u.i.k.n.KeyIO           Parsing took 0 ms 
44705      INFO  Test worker     d.u.i.k.n.KeyIO           MODE: declarations took 0 ms 
45800      INFO  Test worker     d.u.i.k.n.KeyIO           Parsing took 0 ms 
45800      INFO  Test worker     d.u.i.k.n.KeyIO           MODE: declarations took 0 ms 
49332      INFO  Test worker     d.u.i.k.n.KeyIO           Parsing took 0 ms 
49332      INFO  Test worker     d.u.i.k.n.KeyIO           MODE: declarations took 0 ms 
50348      INFO  Test worker     d.u.i.k.n.KeyIO           Parsing took 0 ms 
50348      INFO  Test worker     d.u.i.k.n.KeyIO           MODE: declarations took 0 ms 
53619      INFO  Test worker     d.u.i.k.n.KeyIO           Parsing took 0 ms 
53619      INFO  Test worker     d.u.i.k.n.KeyIO           MODE: declarations took 0 ms 
54624      INFO  Test worker     d.u.i.k.n.KeyIO           Parsing took 0 ms 
54624      INFO  Test worker     d.u.i.k.n.KeyIO           MODE: declarations took 0 ms 
57853      INFO  Test worker     d.u.i.k.n.KeyIO           Parsing took 0 ms 
57853      INFO  Test worker     d.u.i.k.n.KeyIO           MODE: declarations took 0 ms 
58837      INFO  Test worker     d.u.i.k.n.KeyIO           Parsing took 0 ms 
58853      INFO  Test worker     d.u.i.k.n.KeyIO           MODE: declarations took 0 ms 
62166      INFO  Test worker     d.u.i.k.n.KeyIO           Parsing took 0 ms 
62166      INFO  Test worker     d.u.i.k.n.KeyIO           MODE: declarations took 0 ms 
63152      INFO  Test worker     d.u.i.k.n.KeyIO           Parsing took 0 ms 
63152      INFO  Test worker     d.u.i.k.n.KeyIO           MODE: declarations took 0 ms 
66388      INFO  Test worker     d.u.i.k.n.KeyIO           Parsing took 0 ms 
66388      INFO  Test worker     d.u.i.k.n.KeyIO           MODE: declarations took 0 ms 
67451      INFO  Test worker     d.u.i.k.n.KeyIO           Parsing took 0 ms 
67451      INFO  Test worker     d.u.i.k.n.KeyIO           MODE: declarations took 0 ms 
70781      INFO  Test worker     d.u.i.k.n.KeyIO           Parsing took 0 ms 
70781      INFO  Test worker     d.u.i.k.n.KeyIO           MODE: declarations took 0 ms 
71860      INFO  Test worker     d.u.i.k.n.KeyIO           Parsing took 0 ms 
71860      INFO  Test worker     d.u.i.k.n.KeyIO           MODE: declarations took 0 ms 
75174      INFO  Test worker     d.u.i.k.n.KeyIO           Parsing took 0 ms 
75174      INFO  Test worker     d.u.i.k.n.KeyIO           MODE: declarations took 0 ms 
76253      INFO  Test worker     d.u.i.k.n.KeyIO           Parsing took 0 ms 
76253      INFO  Test worker     d.u.i.k.n.KeyIO           MODE: declarations took 0 ms 
79613      INFO  Test worker     d.u.i.k.n.KeyIO           Parsing took 0 ms 
79613      INFO  Test worker     d.u.i.k.n.KeyIO           MODE: declarations took 0 ms 
80630      INFO  Test worker     d.u.i.k.n.KeyIO           Parsing took 0 ms 
80630      INFO  Test worker     d.u.i.k.n.KeyIO           MODE: declarations took 0 ms 
84117      INFO  Test worker     d.u.i.k.n.KeyIO           Parsing took 0 ms 
84117      INFO  Test worker     d.u.i.k.n.KeyIO           MODE: declarations took 0 ms 
85165      INFO  Test worker     d.u.i.k.n.KeyIO           Parsing took 0 ms 
85165      INFO  Test worker     d.u.i.k.n.KeyIO           MODE: declarations took 0 ms 
91904      INFO  Test worker     d.u.i.k.n.KeyIO           Parsing took 0 ms 
91904      INFO  Test worker     d.u.i.k.n.KeyIO           MODE: declarations took 0 ms 
92920      INFO  Test worker     d.u.i.k.n.KeyIO           Parsing took 0 ms 
92920      INFO  Test worker     d.u.i.k.n.KeyIO           MODE: declarations took 0 ms 
96297      INFO  Test worker     d.u.i.k.n.KeyIO           Parsing took 0 ms 
96297      INFO  Test worker     d.u.i.k.n.KeyIO           MODE: declarations took 0 ms 
97313      INFO  Test worker     d.u.i.k.n.KeyIO           Parsing took 0 ms 
97313      INFO  Test worker     d.u.i.k.n.KeyIO           MODE: declarations took 0 ms 
]]></system-out>
  <system-err><![CDATA[]]></system-err>
</testsuite>
