<?xml version="1.0" encoding="UTF-8"?>
<testsuite name="de.uka.ilkd.key.parser.TestDeclParser" tests="14" skipped="2" failures="0" errors="0" timestamp="2023-04-13T13:35:19" hostname="fv-az269-753" time="12.158">
  <properties/>
  <testcase name="testGenericSortDecl1()" classname="de.uka.ilkd.key.parser.TestDeclParser" time="1.134"/>
  <testcase name="testGenericSortDecl2()" classname="de.uka.ilkd.key.parser.TestDeclParser" time="0.956"/>
  <testcase name="testGenericSortDecl3()" classname="de.uka.ilkd.key.parser.TestDeclParser" time="1.065"/>
  <testcase name="testGenericSortDecl4()" classname="de.uka.ilkd.key.parser.TestDeclParser" time="0.929"/>
  <testcase name="testGenericSortDecl5()" classname="de.uka.ilkd.key.parser.TestDeclParser" time="0.0">
    <skipped/>
  </testcase>
  <testcase name="testGenericSortDecl6()" classname="de.uka.ilkd.key.parser.TestDeclParser" time="1.038"/>
  <testcase name="testSortDecl()" classname="de.uka.ilkd.key.parser.TestDeclParser" time="1.047"/>
  <testcase name="testProxySortDecl()" classname="de.uka.ilkd.key.parser.TestDeclParser" time="0.975"/>
  <testcase name="testArrayDecl()" classname="de.uka.ilkd.key.parser.TestDeclParser" time="1.027"/>
  <testcase name="testAmbiguousDecls()" classname="de.uka.ilkd.key.parser.TestDeclParser" time="0.0">
    <skipped/>
  </testcase>
  <testcase name="testHeurDecl()" classname="de.uka.ilkd.key.parser.TestDeclParser" time="1.036"/>
  <testcase name="testFunctionDecl()" classname="de.uka.ilkd.key.parser.TestDeclParser" time="0.937"/>
  <testcase name="testPredicateDecl()" classname="de.uka.ilkd.key.parser.TestDeclParser" time="1.045"/>
  <testcase name="testSVDecl()" classname="de.uka.ilkd.key.parser.TestDeclParser" time="0.967"/>
  <system-out><![CDATA[238837     INFO  Test worker     d.u.i.k.n.KeyIO           Parsing took 0 ms 
238837     INFO  Test worker     d.u.i.k.n.KeyIO           MODE: declarations took 0 ms 
239791     INFO  Test worker     d.u.i.k.n.KeyIO           Parsing took 0 ms 
239791     INFO  Test worker     d.u.i.k.n.KeyIO           MODE: declarations took 0 ms 
240855     INFO  Test worker     d.u.i.k.n.KeyIO           Parsing took 0 ms 
240855     INFO  Test worker     d.u.i.k.n.KeyIO           MODE: declarations took 0 ms 
241777     INFO  Test worker     d.u.i.k.n.KeyIO           Parsing took 0 ms 
241777     INFO  Test worker     d.u.i.k.n.KeyIO           MODE: declarations took 0 ms 
242824     INFO  Test worker     d.u.i.k.n.KeyIO           Parsing took 0 ms 
242824     INFO  Test worker     d.u.i.k.n.KeyIO           MODE: declarations took 0 ms 
243872     INFO  Test worker     d.u.i.k.n.KeyIO           Parsing took 0 ms 
243872     INFO  Test worker     d.u.i.k.n.KeyIO           MODE: declarations took 0 ms 
244858     INFO  Test worker     d.u.i.k.n.KeyIO           Parsing took 0 ms 
244858     INFO  Test worker     d.u.i.k.n.KeyIO           MODE: declarations took 0 ms 
245873     INFO  Test worker     d.u.i.k.n.KeyIO           Parsing took 0 ms 
245873     INFO  Test worker     d.u.i.k.n.KeyIO           MODE: declarations took 0 ms 
246905     INFO  Test worker     d.u.i.k.n.KeyIO           Parsing took 0 ms 
246905     INFO  Test worker     d.u.i.k.n.KeyIO           MODE: declarations took 0 ms 
247843     INFO  Test worker     d.u.i.k.n.KeyIO           Parsing took 0 ms 
247843     INFO  Test worker     d.u.i.k.n.KeyIO           MODE: declarations took 0 ms 
248891     INFO  Test worker     d.u.i.k.n.KeyIO           Parsing took 0 ms 
248891     INFO  Test worker     d.u.i.k.n.KeyIO           MODE: declarations took 0 ms 
249860     INFO  Test worker     d.u.i.k.n.KeyIO           Parsing took 0 ms 
249860     INFO  Test worker     d.u.i.k.n.KeyIO           MODE: declarations took 0 ms 
]]></system-out>
  <system-err><![CDATA[]]></system-err>
</testsuite>
