<?xml version="1.0" encoding="UTF-8"?>
<testsuite name="de.uka.ilkd.key.taclettranslation.TestTacletTranslator" tests="5" skipped="0" failures="0" errors="0" timestamp="2023-05-02T13:45:37" hostname="fv-az553-779" time="0.03">
  <properties/>
  <testcase name="testPropositional1()" classname="de.uka.ilkd.key.taclettranslation.TestTacletTranslator" time="0.014"/>
  <testcase name="testPropositional2()" classname="de.uka.ilkd.key.taclettranslation.TestTacletTranslator" time="0.004"/>
  <testcase name="testNegativePolarity()" classname="de.uka.ilkd.key.taclettranslation.TestTacletTranslator" time="0.005"/>
  <testcase name="testNoPolarity()" classname="de.uka.ilkd.key.taclettranslation.TestTacletTranslator" time="0.003"/>
  <testcase name="testPositivePolarity()" classname="de.uka.ilkd.key.taclettranslation.TestTacletTranslator" time="0.004"/>
  <system-out><![CDATA[859371     INFO  Test worker     d.u.i.k.n.KeyIO           Parsing took 0 ms 
859371     DEBUG Test worker     d.u.i.k.n.KeyIO           Load declarations of de.uka.ilkd.key.nparser.KeyAst$File:  <unknown>:1#1 
859371     INFO  Test worker     d.u.i.k.n.KeyIO           MODE: declarations took 0 ms 
859371     DEBUG Test worker     d.u.i.k.n.KeyIO           MODE: 2nd degree decls took 0 
859371     DEBUG Test worker     d.u.i.k.n.KeyIO           MODE: taclets took 0ms 
859387     INFO  Test worker     d.u.i.k.n.KeyIO           Parsing took 0 ms 
859387     DEBUG Test worker     d.u.i.k.n.KeyIO           Load declarations of de.uka.ilkd.key.nparser.KeyAst$File:  <unknown>:1#1 
859387     INFO  Test worker     d.u.i.k.n.KeyIO           MODE: declarations took 0 ms 
859387     DEBUG Test worker     d.u.i.k.n.KeyIO           MODE: 2nd degree decls took 0 
859387     DEBUG Test worker     d.u.i.k.n.KeyIO           MODE: taclets took 0ms 
859387     INFO  Test worker     d.u.i.k.n.KeyIO           Parsing took 0 ms 
859387     DEBUG Test worker     d.u.i.k.n.KeyIO           Load declarations of de.uka.ilkd.key.nparser.KeyAst$File:  <unknown>:1#1 
859387     INFO  Test worker     d.u.i.k.n.KeyIO           MODE: declarations took 0 ms 
859387     DEBUG Test worker     d.u.i.k.n.KeyIO           MODE: 2nd degree decls took 0 
859387     DEBUG Test worker     d.u.i.k.n.KeyIO           MODE: taclets took 0ms 
859402     INFO  Test worker     d.u.i.k.n.KeyIO           Parsing took 0 ms 
859402     DEBUG Test worker     d.u.i.k.n.KeyIO           Load declarations of de.uka.ilkd.key.nparser.KeyAst$File:  <unknown>:1#1 
859402     INFO  Test worker     d.u.i.k.n.KeyIO           MODE: declarations took 0 ms 
859402     DEBUG Test worker     d.u.i.k.n.KeyIO           MODE: 2nd degree decls took 0 
859402     DEBUG Test worker     d.u.i.k.n.KeyIO           MODE: taclets took 0ms 
859402     INFO  Test worker     d.u.i.k.n.KeyIO           Parsing took 0 ms 
859402     DEBUG Test worker     d.u.i.k.n.KeyIO           Load declarations of de.uka.ilkd.key.nparser.KeyAst$File:  <unknown>:1#1 
859402     INFO  Test worker     d.u.i.k.n.KeyIO           MODE: declarations took 0 ms 
859402     DEBUG Test worker     d.u.i.k.n.KeyIO           MODE: 2nd degree decls took 0 
859402     DEBUG Test worker     d.u.i.k.n.KeyIO           MODE: taclets took 0ms 
]]></system-out>
  <system-err><![CDATA[]]></system-err>
</testsuite>
