<?xml version="1.0" encoding="UTF-8"?>
<testsuite name="de.uka.ilkd.key.parser.TestParser" tests="5" skipped="1" failures="0" errors="0" timestamp="2023-05-02T13:36:54" hostname="fv-az553-779" time="5.434">
  <properties/>
  <testcase name="testConstantEvaluationError()" classname="de.uka.ilkd.key.parser.TestParser" time="1.042"/>
  <testcase name="testGenericSort()" classname="de.uka.ilkd.key.parser.TestParser" time="0.004"/>
  <testcase name="testIssue1566()" classname="de.uka.ilkd.key.parser.TestParser" time="3.361"/>
  <testcase name="testIssue39()" classname="de.uka.ilkd.key.parser.TestParser" time="1.024"/>
  <testcase name="testRelativeInclude()" classname="de.uka.ilkd.key.parser.TestParser" time="0.001">
    <skipped/>
  </testcase>
  <system-out><![CDATA[335641     INFO  Test worker     d.u.i.k.p.i.AbstractProblemLoader Loading environment from src\test\resources\testcase\parserErrorTest\AssignToArray.java 
335641     DEBUG Test worker     d.u.i.k.p.i.AbstractProblemLoader Environment load took 234.4ns 
335641     INFO  Test worker     d.u.i.k.p.i.AbstractProblemLoader Creating init config 
336673     INFO  Test worker     d.u.i.k.n.KeyIO           Parsing took 0 ms 
336673     DEBUG Test worker     d.u.i.k.n.KeyIO           Load declarations of de.uka.ilkd.key.nparser.KeyAst$File:  <unknown>:1#1 
336689     INFO  Test worker     d.u.i.k.n.KeyIO           MODE: declarations took 16 ms 
336689     DEBUG Test worker     d.u.i.k.n.KeyIO           MODE: 2nd degree decls took 0 
336690     DEBUG Test worker     d.u.i.k.n.KeyIO           MODE: taclets took 0ms 
336690     INFO  Test worker     d.u.i.k.p.i.AbstractProblemLoader Loading environment from src\test\resources\testcase\issues\1566\a.key 
336690     DEBUG Test worker     d.u.i.k.p.i.AbstractProblemLoader Environment load took 495.6ns 
336690     INFO  Test worker     d.u.i.k.p.i.AbstractProblemLoader Creating init config 
340035     DEBUG Test worker     d.u.i.k.p.i.AbstractProblemLoader Init config took 3.34s 
340050     INFO  Test worker     d.u.i.k.p.i.AbstractProblemLoader Replaying proof a.key 
340050     DEBUG Test worker     d.u.i.k.p.i.IntermediateProofReplayer Proof replay took 7.5ns 
340050     INFO  Test worker     d.u.i.k.p.i.AbstractProblemLoader Loading environment from src\test\resources\testcase\issues\39\A.java 
340050     DEBUG Test worker     d.u.i.k.p.i.AbstractProblemLoader Environment load took 509.8ns 
340050     INFO  Test worker     d.u.i.k.p.i.AbstractProblemLoader Creating init config 
]]></system-out>
  <system-err><![CDATA[]]></system-err>
</testsuite>
