<?xml version="1.0" encoding="UTF-8"?>
<testsuite name="de.uka.ilkd.key.util.TestProofStarter" tests="2" skipped="0" failures="0" errors="0" timestamp="2023-05-02T13:45:39" hostname="fv-az553-779" time="70.553">
  <properties/>
  <testcase name="testDirectProofWithOneStepSimplification()" classname="de.uka.ilkd.key.util.TestProofStarter" time="36.937"/>
  <testcase name="testDirectProof()" classname="de.uka.ilkd.key.util.TestProofStarter" time="33.616"/>
  <system-out><![CDATA[860792     INFO  Test worker     d.u.i.k.p.i.AbstractProblemLoader Loading environment from src\test\resources\testcase\proofStarter\CC\project.key 
860792     DEBUG Test worker     d.u.i.k.p.i.AbstractProblemLoader Environment load took 151.8ns 
860792     INFO  Test worker     d.u.i.k.p.i.AbstractProblemLoader Creating init config 
860949     DEBUG Test worker     d.u.i.k.j.TypeConverter   No LDT found for Meta 
860949     DEBUG Test worker     d.u.i.k.j.TypeConverter   No LDT found for Meta 
860949     DEBUG Test worker     d.u.i.k.j.TypeConverter   No LDT found for Meta 
860949     DEBUG Test worker     d.u.i.k.j.TypeConverter   No LDT found for Meta 
861558     DEBUG Test worker     d.u.i.k.j.TypeConverter   No LDT found for JavaBigintExpression 
865607     DEBUG Test worker     d.u.i.k.p.i.AbstractProblemLoader Init config took 4.81s 
865685     INFO  Test worker     d.u.i.k.p.i.AbstractProblemLoader Replaying proof CC[CC::calcCoinIndex([I,[I)].JML normal_behavior operation contract.0 
865685     DEBUG Test worker     d.u.i.k.p.i.IntermediateProofReplayer Proof replay took 10.4ns 
865701     DEBUG Test worker     d.u.i.k.j.JavaProgramElement Program match failed (pattern true;, source null;) 
865701     DEBUG Test worker     d.u.i.k.j.JavaProgramElement Program match failed (pattern false;, source null;) 
865701     DEBUG Test worker     d.u.i.k.j.JavaProgramElement Program match failed (pattern true;, source null;) 
865701     DEBUG Test worker     d.u.i.k.j.JavaProgramElement Program match failed (pattern false;, source null;) 
865717     DEBUG Test worker     d.u.i.k.j.JavaProgramElement Program match failed (pattern true;, source null;) 
865717     DEBUG Test worker     d.u.i.k.j.JavaProgramElement Program match failed (pattern false;, source null;) 
865717     DEBUG Test worker     d.u.i.k.j.JavaProgramElement Program match failed (pattern true;, source null;) 
865717     DEBUG Test worker     d.u.i.k.j.JavaProgramElement Program match failed (pattern false;, source null;) 
865717     DEBUG Test worker     d.u.i.k.j.JavaProgramElement Program match failed (pattern true;, source null;) 
865717     DEBUG Test worker     d.u.i.k.j.JavaProgramElement Program match failed (pattern false;, source null;) 
865717     DEBUG Test worker     d.u.i.k.j.JavaProgramElement Program match failed (pattern true;, source null;) 
865717     DEBUG Test worker     d.u.i.k.j.JavaProgramElement Program match failed (pattern false;, source null;) 
865732     DEBUG Test worker     d.u.i.k.j.JavaProgramElement Program match failed (pattern true;, source null;) 
865732     DEBUG Test worker     d.u.i.k.j.JavaProgramElement Program match failed (pattern false;, source null;) 
865732     DEBUG Test worker     d.u.i.k.j.JavaProgramElement Program match failed (pattern true;, source null;) 
865732     DEBUG Test worker     d.u.i.k.j.JavaProgramElement Program match failed (pattern false;, source null;) 
865748     DEBUG Test worker     d.u.i.k.j.JavaProgramElement Program match failed (pattern true;, source null;) 
865748     DEBUG Test worker     d.u.i.k.j.JavaProgramElement Program match failed (pattern false;, source null;) 
865748     DEBUG Test worker     d.u.i.k.j.JavaProgramElement Program match failed (pattern true;, source null;) 
865748     DEBUG Test worker     d.u.i.k.j.JavaProgramElement Program match failed (pattern false;, source null;) 
865748     DEBUG Test worker     d.u.i.k.j.JavaProgramElement Program match failed (pattern true;, source null;) 
865748     DEBUG Test worker     d.u.i.k.j.JavaProgramElement Program match failed (pattern false;, source null;) 
865748     DEBUG Test worker     d.u.i.k.j.JavaProgramElement Program match failed (pattern true;, source null;) 
865748     DEBUG Test worker     d.u.i.k.j.JavaProgramElement Program match failed (pattern false;, source null;) 
865779     DEBUG Test worker     d.u.i.k.j.JavaProgramElement Program match failed (pattern true;, source null;) 
865779     DEBUG Test worker     d.u.i.k.j.JavaProgramElement Program match failed (pattern false;, source null;) 
865779     DEBUG Test worker     d.u.i.k.j.JavaProgramElement Program match failed (pattern true;, source null;) 
865779     DEBUG Test worker     d.u.i.k.j.JavaProgramElement Program match failed (pattern false;, source null;) 
865779     DEBUG Test worker     d.u.i.k.j.JavaProgramElement Program match failed (pattern true;, source null;) 
865779     DEBUG Test worker     d.u.i.k.j.JavaProgramElement Program match failed (pattern false;, source null;) 
865779     DEBUG Test worker     d.u.i.k.j.JavaProgramElement Program match failed (pattern true;, source null;) 
865779     DEBUG Test worker     d.u.i.k.j.JavaProgramElement Program match failed (pattern false;, source null;) 
865779     DEBUG Test worker     d.u.i.k.j.JavaProgramElement Program match failed (pattern true;, source null;) 
865779     DEBUG Test worker     d.u.i.k.j.JavaProgramElement Program match failed (pattern false;, source null;) 
865779     DEBUG Test worker     d.u.i.k.j.JavaProgramElement Program match failed (pattern true;, source null;) 
865779     DEBUG Test worker     d.u.i.k.j.JavaProgramElement Program match failed (pattern false;, source null;) 
865982     DEBUG Test worker     d.u.i.k.j.JavaProgramElement Program match failed (pattern true;, source 0) 
865982     DEBUG Test worker     d.u.i.k.j.JavaProgramElement Program match failed (pattern false;, source 0) 
865982     DEBUG Test worker     d.u.i.k.j.JavaProgramElement Program match failed (pattern true;, source 0) 
865982     DEBUG Test worker     d.u.i.k.j.JavaProgramElement Program match failed (pattern false;, source 0) 
865998     DEBUG Test worker     d.u.i.k.j.JavaProgramElement Program match failed (pattern true;, source 0) 
865998     DEBUG Test worker     d.u.i.k.j.JavaProgramElement Program match failed (pattern false;, source 0) 
865998     DEBUG Test worker     d.u.i.k.j.JavaProgramElement Program match failed (pattern true;, source 0) 
865998     DEBUG Test worker     d.u.i.k.j.JavaProgramElement Program match failed (pattern false;, source 0) 
866013     DEBUG Test worker     d.u.i.k.j.JavaProgramElement Program match failed (pattern true;, source 0) 
866013     DEBUG Test worker     d.u.i.k.j.JavaProgramElement Program match failed (pattern false;, source 0) 
866013     DEBUG Test worker     d.u.i.k.j.JavaProgramElement Program match failed (pattern true;, source 0) 
866013     DEBUG Test worker     d.u.i.k.j.JavaProgramElement Program match failed (pattern false;, source 0) 
866154     DEBUG Test worker     d.u.i.k.j.JavaProgramElement Program match failed (pattern true;, source i < _a.length && j < _b.length;) 
866154     DEBUG Test worker     d.u.i.k.j.JavaProgramElement Program match failed (pattern false;, source i < _a.length && j < _b.length;) 
866154     DEBUG Test worker     d.u.i.k.j.JavaProgramElement Program match failed (pattern true;, source i < _a.length && j < _b.length;) 
866154     DEBUG Test worker     d.u.i.k.j.JavaProgramElement Program match failed (pattern false;, source i < _a.length && j < _b.length;) 
866326     DEBUG Test worker     d.u.i.k.j.JavaProgramElement Program match failed (pattern true;, source !i < _a.length;) 
866326     DEBUG Test worker     d.u.i.k.j.JavaProgramElement Program match failed (pattern false;, source !i < _a.length;) 
866326     DEBUG Test worker     d.u.i.k.j.JavaProgramElement Program match failed (pattern true;, source !i < _a.length;) 
866326     DEBUG Test worker     d.u.i.k.j.JavaProgramElement Program match failed (pattern false;, source !i < _a.length;) 
866343     DEBUG Test worker     d.u.i.k.j.JavaProgramElement Program match failed (pattern true;, source i < _a.length;) 
866343     DEBUG Test worker     d.u.i.k.j.JavaProgramElement Program match failed (pattern false;, source i < _a.length;) 
866343     DEBUG Test worker     d.u.i.k.j.JavaProgramElement Program match failed (pattern true;, source i < _a.length;) 
866343     DEBUG Test worker     d.u.i.k.j.JavaProgramElement Program match failed (pattern false;, source i < _a.length;) 
866343     DEBUG Test worker     d.u.i.k.j.JavaProgramElement Program match failed (pattern true;, source i) 
866343     DEBUG Test worker     d.u.i.k.j.JavaProgramElement Program match failed (pattern false;, source i) 
866343     DEBUG Test worker     d.u.i.k.j.JavaProgramElement Program match failed (pattern true;, source i) 
866343     DEBUG Test worker     d.u.i.k.j.JavaProgramElement Program match failed (pattern false;, source i) 
866357     DEBUG Test worker     d.u.i.k.j.JavaProgramElement Program match failed (pattern true;, source _a.length;) 
866357     DEBUG Test worker     d.u.i.k.j.JavaProgramElement Program match failed (pattern false;, source _a.length;) 
866357     DEBUG Test worker     d.u.i.k.j.JavaProgramElement Program match failed (pattern true;, source _a.length;) 
866357     DEBUG Test worker     d.u.i.k.j.JavaProgramElement Program match failed (pattern false;, source _a.length;) 
866357     DEBUG Test worker     d.u.i.k.j.JavaProgramElement Program match failed (pattern true;, source i_1 < i_2;) 
866357     DEBUG Test worker     d.u.i.k.j.JavaProgramElement Program match failed (pattern false;, source i_1 < i_2;) 
866357     DEBUG Test worker     d.u.i.k.j.JavaProgramElement Program match failed (pattern true;, source i_1 < i_2;) 
866357     DEBUG Test worker     d.u.i.k.j.JavaProgramElement Program match failed (pattern false;, source i_1 < i_2;) 
866373     DEBUG Test worker     d.u.i.k.j.JavaProgramElement Program match failed (pattern true;, source i_1 < i_2;) 
866373     DEBUG Test worker     d.u.i.k.j.JavaProgramElement Program match failed (pattern false;, source i_1 < i_2;) 
866373     DEBUG Test worker     d.u.i.k.j.JavaProgramElement Program match failed (pattern true;, source i_1 < i_2;) 
866373     DEBUG Test worker     d.u.i.k.j.JavaProgramElement Program match failed (pattern false;, source i_1 < i_2;) 
866373     DEBUG Test worker     d.u.i.k.j.JavaProgramElement Program match failed (pattern true;, source !b_2;) 
866373     DEBUG Test worker     d.u.i.k.j.JavaProgramElement Program match failed (pattern false;, source !b_2;) 
866373     DEBUG Test worker     d.u.i.k.j.JavaProgramElement Program match failed (pattern true;, source !b_2;) 
866373     DEBUG Test worker     d.u.i.k.j.JavaProgramElement Program match failed (pattern false;, source !b_2;) 
866388     DEBUG Test worker     d.u.i.k.j.JavaProgramElement Program match failed (pattern true;, source !b_2;) 
866388     DEBUG Test worker     d.u.i.k.j.JavaProgramElement Program match failed (pattern false;, source !b_2;) 
866388     DEBUG Test worker     d.u.i.k.j.JavaProgramElement Program match failed (pattern true;, source !b_2;) 
866388     DEBUG Test worker     d.u.i.k.j.JavaProgramElement Program match failed (pattern false;, source !b_2;) 
866388     DEBUG Test worker     d.u.i.k.j.JavaProgramElement Program match failed (pattern true;, source !b_2;) 
866388     DEBUG Test worker     d.u.i.k.j.JavaProgramElement Program match failed (pattern false;, source !b_2;) 
866388     DEBUG Test worker     d.u.i.k.j.JavaProgramElement Program match failed (pattern true;, source !b_2;) 
866388     DEBUG Test worker     d.u.i.k.j.JavaProgramElement Program match failed (pattern false;, source !b_2;) 
866388     DEBUG Test worker     d.u.i.k.j.JavaProgramElement Program match failed (pattern true;, source !b_2;) 
866388     DEBUG Test worker     d.u.i.k.j.JavaProgramElement Program match failed (pattern false;, source !b_2;) 
866388     DEBUG Test worker     d.u.i.k.j.JavaProgramElement Program match failed (pattern true;, source !b_2;) 
866388     DEBUG Test worker     d.u.i.k.j.JavaProgramElement Program match failed (pattern false;, source !b_2;) 
866388     DEBUG Test worker     d.u.i.k.j.JavaProgramElement Program match failed (pattern true;, source !b_2;) 
866388     DEBUG Test worker     d.u.i.k.j.JavaProgramElement Program match failed (pattern false;, source !b_2;) 
866388     DEBUG Test worker     d.u.i.k.j.JavaProgramElement Program match failed (pattern true;, source !b_2;) 
866388     DEBUG Test worker     d.u.i.k.j.JavaProgramElement Program match failed (pattern false;, source !b_2;) 
866388     DEBUG Test worker     d.u.i.k.j.JavaProgramElement Program match failed (pattern true;, source !b_2;) 
866388     DEBUG Test worker     d.u.i.k.j.JavaProgramElement Program match failed (pattern false;, source !b_2;) 
866388     DEBUG Test worker     d.u.i.k.j.JavaProgramElement Program match failed (pattern true;, source !b_2;) 
866388     DEBUG Test worker     d.u.i.k.j.JavaProgramElement Program match failed (pattern false;, source !b_2;) 
866404     DEBUG Test worker     d.u.i.k.j.JavaProgramElement Program match failed (pattern true;, source !b_2;) 
866404     DEBUG Test worker     d.u.i.k.j.JavaProgramElement Program match failed (pattern false;, source !b_2;) 
866404     DEBUG Test worker     d.u.i.k.j.JavaProgramElement Program match failed (pattern true;, source !b_2;) 
866404     DEBUG Test worker     d.u.i.k.j.JavaProgramElement Program match failed (pattern false;, source !b_2;) 
866404     DEBUG Test worker     d.u.i.k.j.JavaProgramElement Program match failed (pattern true;, source !b_2;) 
866404     DEBUG Test worker     d.u.i.k.j.JavaProgramElement Program match failed (pattern false;, source !b_2;) 
866404     DEBUG Test worker     d.u.i.k.j.JavaProgramElement Program match failed (pattern true;, source !b_2;) 
866404     DEBUG Test worker     d.u.i.k.j.JavaProgramElement Program match failed (pattern false;, source !b_2;) 
866420     DEBUG Test worker     d.u.i.k.j.JavaProgramElement Program match failed (pattern false;, source j < _b.length;) 
866420     DEBUG Test worker     d.u.i.k.j.JavaProgramElement Program match failed (pattern true;, source j < _b.length;) 
866420     DEBUG Test worker     d.u.i.k.j.JavaProgramElement Program match failed (pattern false;, source j < _b.length;) 
866420     DEBUG Test worker     d.u.i.k.j.JavaProgramElement Program match failed (pattern true;, source j < _b.length;) 
866420     DEBUG Test worker     d.u.i.k.j.JavaProgramElement Program match failed (pattern true;, source j < _b.length;) 
866420     DEBUG Test worker     d.u.i.k.j.JavaProgramElement Program match failed (pattern false;, source j < _b.length;) 
866420     DEBUG Test worker     d.u.i.k.j.JavaProgramElement Program match failed (pattern true;, source j < _b.length;) 
866420     DEBUG Test worker     d.u.i.k.j.JavaProgramElement Program match failed (pattern false;, source j < _b.length;) 
866420     DEBUG Test worker     d.u.i.k.j.JavaProgramElement Program match failed (pattern true;, source false;) 
866420     DEBUG Test worker     d.u.i.k.j.JavaProgramElement Program match failed (pattern true;, source false;) 
866435     DEBUG Test worker     d.u.i.k.j.JavaProgramElement Program match failed (pattern false;, source j < _b.length;) 
866435     DEBUG Test worker     d.u.i.k.j.JavaProgramElement Program match failed (pattern true;, source j < _b.length;) 
866435     DEBUG Test worker     d.u.i.k.j.JavaProgramElement Program match failed (pattern false;, source j < _b.length;) 
866435     DEBUG Test worker     d.u.i.k.j.JavaProgramElement Program match failed (pattern true;, source j < _b.length;) 
866435     DEBUG Test worker     d.u.i.k.j.JavaProgramElement Program match failed (pattern true;, source j < _b.length;) 
866435     DEBUG Test worker     d.u.i.k.j.JavaProgramElement Program match failed (pattern false;, source j < _b.length;) 
866435     DEBUG Test worker     d.u.i.k.j.JavaProgramElement Program match failed (pattern true;, source j < _b.length;) 
866435     DEBUG Test worker     d.u.i.k.j.JavaProgramElement Program match failed (pattern false;, source j < _b.length;) 
866482     DEBUG Test worker     d.u.i.k.j.JavaProgramElement Program match failed (pattern true;, source j) 
866482     DEBUG Test worker     d.u.i.k.j.JavaProgramElement Program match failed (pattern false;, source j) 
866482     DEBUG Test worker     d.u.i.k.j.JavaProgramElement Program match failed (pattern true;, source j) 
866482     DEBUG Test worker     d.u.i.k.j.JavaProgramElement Program match failed (pattern false;, source j) 
866498     DEBUG Test worker     d.u.i.k.j.JavaProgramElement Program match failed (pattern true;, source _b.length;) 
866498     DEBUG Test worker     d.u.i.k.j.JavaProgramElement Program match failed (pattern false;, source _b.length;) 
866498     DEBUG Test worker     d.u.i.k.j.JavaProgramElement Program match failed (pattern true;, source _b.length;) 
866498     DEBUG Test worker     d.u.i.k.j.JavaProgramElement Program match failed (pattern false;, source _b.length;) 
866498     DEBUG Test worker     d.u.i.k.j.JavaProgramElement Program match failed (pattern true;, source i_3 < i_4;) 
866498     DEBUG Test worker     d.u.i.k.j.JavaProgramElement Program match failed (pattern false;, source i_3 < i_4;) 
866498     DEBUG Test worker     d.u.i.k.j.JavaProgramElement Program match failed (pattern true;, source i_3 < i_4;) 
866498     DEBUG Test worker     d.u.i.k.j.JavaProgramElement Program match failed (pattern false;, source i_3 < i_4;) 
866498     DEBUG Test worker     d.u.i.k.j.JavaProgramElement Program match failed (pattern true;, source i_3 < i_4;) 
866498     DEBUG Test worker     d.u.i.k.j.JavaProgramElement Program match failed (pattern false;, source i_3 < i_4;) 
866514     DEBUG Test worker     d.u.i.k.j.JavaProgramElement Program match failed (pattern true;, source i_3 < i_4;) 
866514     DEBUG Test worker     d.u.i.k.j.JavaProgramElement Program match failed (pattern false;, source i_3 < i_4;) 
866576     DEBUG Test worker     d.u.i.k.j.JavaProgramElement Program match failed (pattern true;, source result) 
866576     DEBUG Test worker     d.u.i.k.j.JavaProgramElement Program match failed (pattern false;, source result) 
866576     DEBUG Test worker     d.u.i.k.j.JavaProgramElement Program match failed (pattern true;, source result) 
866576     DEBUG Test worker     d.u.i.k.j.JavaProgramElement Program match failed (pattern false;, source result) 
866983     DEBUG Test worker     d.u.i.k.j.JavaProgramElement Program match failed (pattern true;, source false;) 
866983     DEBUG Test worker     d.u.i.k.j.JavaProgramElement Program match failed (pattern true;, source false;) 
876239     DEBUG Test worker     d.u.i.k.j.JavaProgramElement Program match failed (pattern true;, source i < _a.length && j < _b.length;) 
876239     DEBUG Test worker     d.u.i.k.j.JavaProgramElement Program match failed (pattern false;, source i < _a.length && j < _b.length;) 
876239     DEBUG Test worker     d.u.i.k.j.JavaProgramElement Program match failed (pattern true;, source i < _a.length && j < _b.length;) 
876239     DEBUG Test worker     d.u.i.k.j.JavaProgramElement Program match failed (pattern false;, source i < _a.length && j < _b.length;) 
876239     DEBUG Test worker     d.u.i.k.j.JavaProgramElement Program match failed (pattern true;, source false;) 
876239     DEBUG Test worker     d.u.i.k.j.JavaProgramElement Program match failed (pattern true;, source false;) 
876379     DEBUG Test worker     d.u.i.k.j.JavaProgramElement Program match failed (pattern true;, source i < _a.length && j < _b.length;) 
876379     DEBUG Test worker     d.u.i.k.j.JavaProgramElement Program match failed (pattern false;, source i < _a.length && j < _b.length;) 
876379     DEBUG Test worker     d.u.i.k.j.JavaProgramElement Program match failed (pattern true;, source i < _a.length && j < _b.length;) 
876379     DEBUG Test worker     d.u.i.k.j.JavaProgramElement Program match failed (pattern false;, source i < _a.length && j < _b.length;) 
876379     DEBUG Test worker     d.u.i.k.j.JavaProgramElement Program match failed (pattern true;, source i < _a.length && j < _b.length;) 
876395     DEBUG Test worker     d.u.i.k.j.JavaProgramElement Program match failed (pattern false;, source i < _a.length && j < _b.length;) 
876395     DEBUG Test worker     d.u.i.k.j.JavaProgramElement Program match failed (pattern true;, source i < _a.length && j < _b.length;) 
876395     DEBUG Test worker     d.u.i.k.j.JavaProgramElement Program match failed (pattern false;, source i < _a.length && j < _b.length;) 
876395     DEBUG Test worker     d.u.i.k.j.JavaProgramElement Program match failed (pattern true;, source i < _a.length && j < _b.length;) 
876395     DEBUG Test worker     d.u.i.k.j.JavaProgramElement Program match failed (pattern false;, source i < _a.length && j < _b.length;) 
876395     DEBUG Test worker     d.u.i.k.j.JavaProgramElement Program match failed (pattern true;, source i < _a.length && j < _b.length;) 
876395     DEBUG Test worker     d.u.i.k.j.JavaProgramElement Program match failed (pattern false;, source i < _a.length && j < _b.length;) 
876551     DEBUG Test worker     d.u.i.k.j.JavaProgramElement Program match failed (pattern true;, source i < _a.length && j < _b.length;) 
876567     DEBUG Test worker     d.u.i.k.j.JavaProgramElement Program match failed (pattern false;, source i < _a.length && j < _b.length;) 
876567     DEBUG Test worker     d.u.i.k.j.JavaProgramElement Program match failed (pattern true;, source i < _a.length && j < _b.length;) 
876567     DEBUG Test worker     d.u.i.k.j.JavaProgramElement Program match failed (pattern false;, source i < _a.length && j < _b.length;) 
876567     DEBUG Test worker     d.u.i.k.j.JavaProgramElement Program match failed (pattern true;, source !i < _a.length;) 
876567     DEBUG Test worker     d.u.i.k.j.JavaProgramElement Program match failed (pattern false;, source !i < _a.length;) 
876567     DEBUG Test worker     d.u.i.k.j.JavaProgramElement Program match failed (pattern true;, source !i < _a.length;) 
876567     DEBUG Test worker     d.u.i.k.j.JavaProgramElement Program match failed (pattern false;, source !i < _a.length;) 
876583     DEBUG Test worker     d.u.i.k.j.JavaProgramElement Program match failed (pattern true;, source i < _a.length;) 
876583     DEBUG Test worker     d.u.i.k.j.JavaProgramElement Program match failed (pattern false;, source i < _a.length;) 
876583     DEBUG Test worker     d.u.i.k.j.JavaProgramElement Program match failed (pattern true;, source i < _a.length;) 
876583     DEBUG Test worker     d.u.i.k.j.JavaProgramElement Program match failed (pattern false;, source i < _a.length;) 
876583     DEBUG Test worker     d.u.i.k.j.JavaProgramElement Program match failed (pattern true;, source i) 
876583     DEBUG Test worker     d.u.i.k.j.JavaProgramElement Program match failed (pattern false;, source i) 
876583     DEBUG Test worker     d.u.i.k.j.JavaProgramElement Program match failed (pattern true;, source i) 
876583     DEBUG Test worker     d.u.i.k.j.JavaProgramElement Program match failed (pattern false;, source i) 
876583     DEBUG Test worker     d.u.i.k.j.JavaProgramElement Program match failed (pattern true;, source _a.length;) 
876598     DEBUG Test worker     d.u.i.k.j.JavaProgramElement Program match failed (pattern false;, source _a.length;) 
876598     DEBUG Test worker     d.u.i.k.j.JavaProgramElement Program match failed (pattern true;, source _a.length;) 
876598     DEBUG Test worker     d.u.i.k.j.JavaProgramElement Program match failed (pattern false;, source _a.length;) 
876598     DEBUG Test worker     d.u.i.k.j.JavaProgramElement Program match failed (pattern true;, source i_1 < i_2;) 
876598     DEBUG Test worker     d.u.i.k.j.JavaProgramElement Program match failed (pattern false;, source i_1 < i_2;) 
876598     DEBUG Test worker     d.u.i.k.j.JavaProgramElement Program match failed (pattern true;, source i_1 < i_2;) 
876598     DEBUG Test worker     d.u.i.k.j.JavaProgramElement Program match failed (pattern false;, source i_1 < i_2;) 
876614     DEBUG Test worker     d.u.i.k.j.JavaProgramElement Program match failed (pattern true;, source i_1 < i_2;) 
876614     DEBUG Test worker     d.u.i.k.j.JavaProgramElement Program match failed (pattern false;, source i_1 < i_2;) 
876614     DEBUG Test worker     d.u.i.k.j.JavaProgramElement Program match failed (pattern true;, source i_1 < i_2;) 
876614     DEBUG Test worker     d.u.i.k.j.JavaProgramElement Program match failed (pattern false;, source i_1 < i_2;) 
876614     DEBUG Test worker     d.u.i.k.j.JavaProgramElement Program match failed (pattern true;, source !b_3;) 
876614     DEBUG Test worker     d.u.i.k.j.JavaProgramElement Program match failed (pattern false;, source !b_3;) 
876614     DEBUG Test worker     d.u.i.k.j.JavaProgramElement Program match failed (pattern true;, source !b_3;) 
876614     DEBUG Test worker     d.u.i.k.j.JavaProgramElement Program match failed (pattern false;, source !b_3;) 
876614     DEBUG Test worker     d.u.i.k.j.JavaProgramElement Program match failed (pattern true;, source !b_3;) 
876614     DEBUG Test worker     d.u.i.k.j.JavaProgramElement Program match failed (pattern false;, source !b_3;) 
876614     DEBUG Test worker     d.u.i.k.j.JavaProgramElement Program match failed (pattern true;, source !b_3;) 
876614     DEBUG Test worker     d.u.i.k.j.JavaProgramElement Program match failed (pattern false;, source !b_3;) 
876614     DEBUG Test worker     d.u.i.k.j.JavaProgramElement Program match failed (pattern true;, source !b_3;) 
876614     DEBUG Test worker     d.u.i.k.j.JavaProgramElement Program match failed (pattern false;, source !b_3;) 
876614     DEBUG Test worker     d.u.i.k.j.JavaProgramElement Program match failed (pattern true;, source !b_3;) 
876629     DEBUG Test worker     d.u.i.k.j.JavaProgramElement Program match failed (pattern false;, source !b_3;) 
876629     DEBUG Test worker     d.u.i.k.j.JavaProgramElement Program match failed (pattern true;, source !b_3;) 
876629     DEBUG Test worker     d.u.i.k.j.JavaProgramElement Program match failed (pattern false;, source !b_3;) 
876629     DEBUG Test worker     d.u.i.k.j.JavaProgramElement Program match failed (pattern true;, source !b_3;) 
876629     DEBUG Test worker     d.u.i.k.j.JavaProgramElement Program match failed (pattern false;, source !b_3;) 
876629     DEBUG Test worker     d.u.i.k.j.JavaProgramElement Program match failed (pattern true;, source !b_3;) 
876629     DEBUG Test worker     d.u.i.k.j.JavaProgramElement Program match failed (pattern false;, source !b_3;) 
876629     DEBUG Test worker     d.u.i.k.j.JavaProgramElement Program match failed (pattern true;, source !b_3;) 
876629     DEBUG Test worker     d.u.i.k.j.JavaProgramElement Program match failed (pattern false;, source !b_3;) 
876629     DEBUG Test worker     d.u.i.k.j.JavaProgramElement Program match failed (pattern true;, source !b_3;) 
876629     DEBUG Test worker     d.u.i.k.j.JavaProgramElement Program match failed (pattern false;, source !b_3;) 
876629     DEBUG Test worker     d.u.i.k.j.JavaProgramElement Program match failed (pattern true;, source !b_3;) 
876629     DEBUG Test worker     d.u.i.k.j.JavaProgramElement Program match failed (pattern false;, source !b_3;) 
876629     DEBUG Test worker     d.u.i.k.j.JavaProgramElement Program match failed (pattern true;, source !b_3;) 
876629     DEBUG Test worker     d.u.i.k.j.JavaProgramElement Program match failed (pattern false;, source !b_3;) 
876629     DEBUG Test worker     d.u.i.k.j.JavaProgramElement Program match failed (pattern true;, source !b_3;) 
876629     DEBUG Test worker     d.u.i.k.j.JavaProgramElement Program match failed (pattern false;, source !b_3;) 
876645     DEBUG Test worker     d.u.i.k.j.JavaProgramElement Program match failed (pattern true;, source !b_3;) 
876645     DEBUG Test worker     d.u.i.k.j.JavaProgramElement Program match failed (pattern false;, source !b_3;) 
876645     DEBUG Test worker     d.u.i.k.j.JavaProgramElement Program match failed (pattern true;, source !b_3;) 
876645     DEBUG Test worker     d.u.i.k.j.JavaProgramElement Program match failed (pattern false;, source !b_3;) 
876661     DEBUG Test worker     d.u.i.k.j.JavaProgramElement Program match failed (pattern true;, source !i < _a.length;) 
876661     DEBUG Test worker     d.u.i.k.j.JavaProgramElement Program match failed (pattern false;, source !i < _a.length;) 
876661     DEBUG Test worker     d.u.i.k.j.JavaProgramElement Program match failed (pattern true;, source !i < _a.length;) 
876661     DEBUG Test worker     d.u.i.k.j.JavaProgramElement Program match failed (pattern false;, source !i < _a.length;) 
876661     DEBUG Test worker     d.u.i.k.j.JavaProgramElement Program match failed (pattern true;, source i < _a.length;) 
876661     DEBUG Test worker     d.u.i.k.j.JavaProgramElement Program match failed (pattern false;, source i < _a.length;) 
876661     DEBUG Test worker     d.u.i.k.j.JavaProgramElement Program match failed (pattern true;, source i < _a.length;) 
876661     DEBUG Test worker     d.u.i.k.j.JavaProgramElement Program match failed (pattern false;, source i < _a.length;) 
876676     DEBUG Test worker     d.u.i.k.j.JavaProgramElement Program match failed (pattern true;, source i) 
876676     DEBUG Test worker     d.u.i.k.j.JavaProgramElement Program match failed (pattern false;, source i) 
876676     DEBUG Test worker     d.u.i.k.j.JavaProgramElement Program match failed (pattern true;, source i) 
876676     DEBUG Test worker     d.u.i.k.j.JavaProgramElement Program match failed (pattern false;, source i) 
876692     DEBUG Test worker     d.u.i.k.j.JavaProgramElement Program match failed (pattern true;, source _a.length;) 
876692     DEBUG Test worker     d.u.i.k.j.JavaProgramElement Program match failed (pattern false;, source _a.length;) 
876692     DEBUG Test worker     d.u.i.k.j.JavaProgramElement Program match failed (pattern true;, source _a.length;) 
876692     DEBUG Test worker     d.u.i.k.j.JavaProgramElement Program match failed (pattern false;, source _a.length;) 
876692     DEBUG Test worker     d.u.i.k.j.JavaProgramElement Program match failed (pattern true;, source i_3 < i_4;) 
876692     DEBUG Test worker     d.u.i.k.j.JavaProgramElement Program match failed (pattern false;, source i_3 < i_4;) 
876692     DEBUG Test worker     d.u.i.k.j.JavaProgramElement Program match failed (pattern true;, source i_3 < i_4;) 
876692     DEBUG Test worker     d.u.i.k.j.JavaProgramElement Program match failed (pattern false;, source i_3 < i_4;) 
876708     DEBUG Test worker     d.u.i.k.j.JavaProgramElement Program match failed (pattern true;, source i_3 < i_4;) 
876708     DEBUG Test worker     d.u.i.k.j.JavaProgramElement Program match failed (pattern false;, source i_3 < i_4;) 
876708     DEBUG Test worker     d.u.i.k.j.JavaProgramElement Program match failed (pattern true;, source i_3 < i_4;) 
876708     DEBUG Test worker     d.u.i.k.j.JavaProgramElement Program match failed (pattern false;, source i_3 < i_4;) 
876708     DEBUG Test worker     d.u.i.k.j.JavaProgramElement Program match failed (pattern true;, source !b_5;) 
876708     DEBUG Test worker     d.u.i.k.j.JavaProgramElement Program match failed (pattern false;, source !b_5;) 
876708     DEBUG Test worker     d.u.i.k.j.JavaProgramElement Program match failed (pattern true;, source !b_5;) 
876708     DEBUG Test worker     d.u.i.k.j.JavaProgramElement Program match failed (pattern false;, source !b_5;) 
876723     DEBUG Test worker     d.u.i.k.j.JavaProgramElement Program match failed (pattern true;, source !b_5;) 
876723     DEBUG Test worker     d.u.i.k.j.JavaProgramElement Program match failed (pattern false;, source !b_5;) 
876723     DEBUG Test worker     d.u.i.k.j.JavaProgramElement Program match failed (pattern true;, source !b_5;) 
876723     DEBUG Test worker     d.u.i.k.j.JavaProgramElement Program match failed (pattern false;, source !b_5;) 
876723     DEBUG Test worker     d.u.i.k.j.JavaProgramElement Program match failed (pattern true;, source !b_5;) 
876723     DEBUG Test worker     d.u.i.k.j.JavaProgramElement Program match failed (pattern false;, source !b_5;) 
876723     DEBUG Test worker     d.u.i.k.j.JavaProgramElement Program match failed (pattern true;, source !b_5;) 
876723     DEBUG Test worker     d.u.i.k.j.JavaProgramElement Program match failed (pattern false;, source !b_5;) 
876723     DEBUG Test worker     d.u.i.k.j.JavaProgramElement Program match failed (pattern true;, source !b_5;) 
876723     DEBUG Test worker     d.u.i.k.j.JavaProgramElement Program match failed (pattern false;, source !b_5;) 
876723     DEBUG Test worker     d.u.i.k.j.JavaProgramElement Program match failed (pattern true;, source !b_5;) 
876723     DEBUG Test worker     d.u.i.k.j.JavaProgramElement Program match failed (pattern false;, source !b_5;) 
876723     DEBUG Test worker     d.u.i.k.j.JavaProgramElement Program match failed (pattern true;, source !b_5;) 
876723     DEBUG Test worker     d.u.i.k.j.JavaProgramElement Program match failed (pattern false;, source !b_5;) 
876723     DEBUG Test worker     d.u.i.k.j.JavaProgramElement Program match failed (pattern true;, source !b_5;) 
876723     DEBUG Test worker     d.u.i.k.j.JavaProgramElement Program match failed (pattern false;, source !b_5;) 
876739     DEBUG Test worker     d.u.i.k.j.JavaProgramElement Program match failed (pattern true;, source !b_5;) 
876739     DEBUG Test worker     d.u.i.k.j.JavaProgramElement Program match failed (pattern false;, source !b_5;) 
876817     DEBUG Test worker     d.u.i.k.j.JavaProgramElement Program match failed (pattern true;, source !b_5;) 
876817     DEBUG Test worker     d.u.i.k.j.JavaProgramElement Program match failed (pattern false;, source !b_5;) 
876817     DEBUG Test worker     d.u.i.k.j.JavaProgramElement Program match failed (pattern true;, source !b_5;) 
876817     DEBUG Test worker     d.u.i.k.j.JavaProgramElement Program match failed (pattern false;, source !b_5;) 
876817     DEBUG Test worker     d.u.i.k.j.JavaProgramElement Program match failed (pattern true;, source !b_5;) 
876817     DEBUG Test worker     d.u.i.k.j.JavaProgramElement Program match failed (pattern false;, source !b_5;) 
876817     DEBUG Test worker     d.u.i.k.j.JavaProgramElement Program match failed (pattern true;, source !b_5;) 
876817     DEBUG Test worker     d.u.i.k.j.JavaProgramElement Program match failed (pattern false;, source !b_5;) 
876817     DEBUG Test worker     d.u.i.k.j.JavaProgramElement Program match failed (pattern true;, source !b_5;) 
876817     DEBUG Test worker     d.u.i.k.j.JavaProgramElement Program match failed (pattern false;, source !b_5;) 
876848     DEBUG Test worker     d.u.i.k.j.JavaProgramElement Program match failed (pattern false;, source j < _b.length;) 
876848     DEBUG Test worker     d.u.i.k.j.JavaProgramElement Program match failed (pattern true;, source j < _b.length;) 
876848     DEBUG Test worker     d.u.i.k.j.JavaProgramElement Program match failed (pattern false;, source j < _b.length;) 
876848     DEBUG Test worker     d.u.i.k.j.JavaProgramElement Program match failed (pattern true;, source j < _b.length;) 
876848     DEBUG Test worker     d.u.i.k.j.JavaProgramElement Program match failed (pattern true;, source j < _b.length;) 
876848     DEBUG Test worker     d.u.i.k.j.JavaProgramElement Program match failed (pattern false;, source j < _b.length;) 
876848     DEBUG Test worker     d.u.i.k.j.JavaProgramElement Program match failed (pattern true;, source j < _b.length;) 
876848     DEBUG Test worker     d.u.i.k.j.JavaProgramElement Program match failed (pattern false;, source j < _b.length;) 
876848     DEBUG Test worker     d.u.i.k.j.JavaProgramElement Program match failed (pattern true;, source false;) 
876848     DEBUG Test worker     d.u.i.k.j.JavaProgramElement Program match failed (pattern true;, source false;) 
876848     DEBUG Test worker     d.u.i.k.j.JavaProgramElement Program match failed (pattern false;, source j < _b.length;) 
876848     DEBUG Test worker     d.u.i.k.j.JavaProgramElement Program match failed (pattern true;, source j < _b.length;) 
876848     DEBUG Test worker     d.u.i.k.j.JavaProgramElement Program match failed (pattern false;, source j < _b.length;) 
876848     DEBUG Test worker     d.u.i.k.j.JavaProgramElement Program match failed (pattern true;, source j < _b.length;) 
876848     DEBUG Test worker     d.u.i.k.j.JavaProgramElement Program match failed (pattern true;, source j < _b.length;) 
876848     DEBUG Test worker     d.u.i.k.j.JavaProgramElement Program match failed (pattern false;, source j < _b.length;) 
876848     DEBUG Test worker     d.u.i.k.j.JavaProgramElement Program match failed (pattern true;, source j < _b.length;) 
876848     DEBUG Test worker     d.u.i.k.j.JavaProgramElement Program match failed (pattern false;, source j < _b.length;) 
876895     DEBUG Test worker     d.u.i.k.j.JavaProgramElement Program match failed (pattern true;, source j) 
876895     DEBUG Test worker     d.u.i.k.j.JavaProgramElement Program match failed (pattern false;, source j) 
876895     DEBUG Test worker     d.u.i.k.j.JavaProgramElement Program match failed (pattern true;, source j) 
876895     DEBUG Test worker     d.u.i.k.j.JavaProgramElement Program match failed (pattern false;, source j) 
876895     DEBUG Test worker     d.u.i.k.j.JavaProgramElement Program match failed (pattern true;, source _b.length;) 
876895     DEBUG Test worker     d.u.i.k.j.JavaProgramElement Program match failed (pattern false;, source _b.length;) 
876895     DEBUG Test worker     d.u.i.k.j.JavaProgramElement Program match failed (pattern true;, source _b.length;) 
876895     DEBUG Test worker     d.u.i.k.j.JavaProgramElement Program match failed (pattern false;, source _b.length;) 
876895     DEBUG Test worker     d.u.i.k.j.JavaProgramElement Program match failed (pattern true;, source i_5 < i_6;) 
876895     DEBUG Test worker     d.u.i.k.j.JavaProgramElement Program match failed (pattern false;, source i_5 < i_6;) 
876895     DEBUG Test worker     d.u.i.k.j.JavaProgramElement Program match failed (pattern true;, source i_5 < i_6;) 
876895     DEBUG Test worker     d.u.i.k.j.JavaProgramElement Program match failed (pattern false;, source i_5 < i_6;) 
876958     DEBUG Test worker     d.u.i.k.j.JavaProgramElement Program match failed (pattern true;, source i_5 < i_6;) 
876958     DEBUG Test worker     d.u.i.k.j.JavaProgramElement Program match failed (pattern false;, source i_5 < i_6;) 
876958     DEBUG Test worker     d.u.i.k.j.JavaProgramElement Program match failed (pattern true;, source i_5 < i_6;) 
876958     DEBUG Test worker     d.u.i.k.j.JavaProgramElement Program match failed (pattern false;, source i_5 < i_6;) 
877020     DEBUG Test worker     d.u.i.k.j.JavaProgramElement Program match failed (pattern false;, source j < _b.length;) 
877020     DEBUG Test worker     d.u.i.k.j.JavaProgramElement Program match failed (pattern true;, source j < _b.length;) 
877020     DEBUG Test worker     d.u.i.k.j.JavaProgramElement Program match failed (pattern false;, source j < _b.length;) 
877020     DEBUG Test worker     d.u.i.k.j.JavaProgramElement Program match failed (pattern true;, source j < _b.length;) 
877020     DEBUG Test worker     d.u.i.k.j.JavaProgramElement Program match failed (pattern true;, source j < _b.length;) 
877020     DEBUG Test worker     d.u.i.k.j.JavaProgramElement Program match failed (pattern false;, source j < _b.length;) 
877020     DEBUG Test worker     d.u.i.k.j.JavaProgramElement Program match failed (pattern true;, source j < _b.length;) 
877020     DEBUG Test worker     d.u.i.k.j.JavaProgramElement Program match failed (pattern false;, source j < _b.length;) 
877036     DEBUG Test worker     d.u.i.k.j.JavaProgramElement Program match failed (pattern true;, source false;) 
877036     DEBUG Test worker     d.u.i.k.j.JavaProgramElement Program match failed (pattern true;, source false;) 
877036     DEBUG Test worker     d.u.i.k.j.JavaProgramElement Program match failed (pattern false;, source j < _b.length;) 
877036     DEBUG Test worker     d.u.i.k.j.JavaProgramElement Program match failed (pattern true;, source j < _b.length;) 
877036     DEBUG Test worker     d.u.i.k.j.JavaProgramElement Program match failed (pattern false;, source j < _b.length;) 
877036     DEBUG Test worker     d.u.i.k.j.JavaProgramElement Program match failed (pattern true;, source j < _b.length;) 
877036     DEBUG Test worker     d.u.i.k.j.JavaProgramElement Program match failed (pattern true;, source j < _b.length;) 
877036     DEBUG Test worker     d.u.i.k.j.JavaProgramElement Program match failed (pattern false;, source j < _b.length;) 
877036     DEBUG Test worker     d.u.i.k.j.JavaProgramElement Program match failed (pattern true;, source j < _b.length;) 
877036     DEBUG Test worker     d.u.i.k.j.JavaProgramElement Program match failed (pattern false;, source j < _b.length;) 
877052     DEBUG Test worker     d.u.i.k.j.JavaProgramElement Program match failed (pattern false;, source j) 
877052     DEBUG Test worker     d.u.i.k.j.JavaProgramElement Program match failed (pattern true;, source j) 
877052     DEBUG Test worker     d.u.i.k.j.JavaProgramElement Program match failed (pattern false;, source j) 
877052     DEBUG Test worker     d.u.i.k.j.JavaProgramElement Program match failed (pattern true;, source j) 
877052     DEBUG Test worker     d.u.i.k.j.JavaProgramElement Program match failed (pattern true;, source j) 
877052     DEBUG Test worker     d.u.i.k.j.JavaProgramElement Program match failed (pattern false;, source j) 
877052     DEBUG Test worker     d.u.i.k.j.JavaProgramElement Program match failed (pattern true;, source j) 
877052     DEBUG Test worker     d.u.i.k.j.JavaProgramElement Program match failed (pattern false;, source j) 
877067     DEBUG Test worker     d.u.i.k.j.JavaProgramElement Program match failed (pattern false;, source _b.length;) 
877067     DEBUG Test worker     d.u.i.k.j.JavaProgramElement Program match failed (pattern true;, source _b.length;) 
877067     DEBUG Test worker     d.u.i.k.j.JavaProgramElement Program match failed (pattern false;, source _b.length;) 
877067     DEBUG Test worker     d.u.i.k.j.JavaProgramElement Program match failed (pattern true;, source _b.length;) 
877067     DEBUG Test worker     d.u.i.k.j.JavaProgramElement Program match failed (pattern true;, source _b.length;) 
877067     DEBUG Test worker     d.u.i.k.j.JavaProgramElement Program match failed (pattern false;, source _b.length;) 
877067     DEBUG Test worker     d.u.i.k.j.JavaProgramElement Program match failed (pattern true;, source _b.length;) 
877067     DEBUG Test worker     d.u.i.k.j.JavaProgramElement Program match failed (pattern false;, source _b.length;) 
877067     DEBUG Test worker     d.u.i.k.j.JavaProgramElement Program match failed (pattern false;, source i_7 < i_8;) 
877067     DEBUG Test worker     d.u.i.k.j.JavaProgramElement Program match failed (pattern true;, source i_7 < i_8;) 
877067     DEBUG Test worker     d.u.i.k.j.JavaProgramElement Program match failed (pattern false;, source i_7 < i_8;) 
877067     DEBUG Test worker     d.u.i.k.j.JavaProgramElement Program match failed (pattern true;, source i_7 < i_8;) 
877067     DEBUG Test worker     d.u.i.k.j.JavaProgramElement Program match failed (pattern true;, source i_7 < i_8;) 
877067     DEBUG Test worker     d.u.i.k.j.JavaProgramElement Program match failed (pattern false;, source i_7 < i_8;) 
877067     DEBUG Test worker     d.u.i.k.j.JavaProgramElement Program match failed (pattern true;, source i_7 < i_8;) 
877067     DEBUG Test worker     d.u.i.k.j.JavaProgramElement Program match failed (pattern false;, source i_7 < i_8;) 
877083     DEBUG Test worker     d.u.i.k.j.JavaProgramElement Program match failed (pattern false;, source i_7 < i_8;) 
877083     DEBUG Test worker     d.u.i.k.j.JavaProgramElement Program match failed (pattern true;, source i_7 < i_8;) 
877083     DEBUG Test worker     d.u.i.k.j.JavaProgramElement Program match failed (pattern false;, source i_7 < i_8;) 
877083     DEBUG Test worker     d.u.i.k.j.JavaProgramElement Program match failed (pattern true;, source i_7 < i_8;) 
877083     DEBUG Test worker     d.u.i.k.j.JavaProgramElement Program match failed (pattern true;, source i_7 < i_8;) 
877083     DEBUG Test worker     d.u.i.k.j.JavaProgramElement Program match failed (pattern false;, source i_7 < i_8;) 
877083     DEBUG Test worker     d.u.i.k.j.JavaProgramElement Program match failed (pattern true;, source i_7 < i_8;) 
877083     DEBUG Test worker     d.u.i.k.j.JavaProgramElement Program match failed (pattern false;, source i_7 < i_8;) 
877177     DEBUG Test worker     d.u.i.k.j.JavaProgramElement Program match failed (pattern true;, source _a[i] < _b[j];) 
877177     DEBUG Test worker     d.u.i.k.j.JavaProgramElement Program match failed (pattern false;, source _a[i] < _b[j];) 
877177     DEBUG Test worker     d.u.i.k.j.JavaProgramElement Program match failed (pattern true;, source _a[i] < _b[j];) 
877177     DEBUG Test worker     d.u.i.k.j.JavaProgramElement Program match failed (pattern false;, source _a[i] < _b[j];) 
877192     DEBUG Test worker     d.u.i.k.j.JavaProgramElement Program match failed (pattern true;, source _a[i];) 
877192     DEBUG Test worker     d.u.i.k.j.JavaProgramElement Program match failed (pattern false;, source _a[i];) 
877192     DEBUG Test worker     d.u.i.k.j.JavaProgramElement Program match failed (pattern true;, source _a[i];) 
877192     DEBUG Test worker     d.u.i.k.j.JavaProgramElement Program match failed (pattern false;, source _a[i];) 
877255     DEBUG Test worker     d.u.i.k.j.JavaProgramElement Program match failed (pattern true;, source _b[j];) 
877255     DEBUG Test worker     d.u.i.k.j.JavaProgramElement Program match failed (pattern false;, source _b[j];) 
877255     DEBUG Test worker     d.u.i.k.j.JavaProgramElement Program match failed (pattern true;, source _b[j];) 
877255     DEBUG Test worker     d.u.i.k.j.JavaProgramElement Program match failed (pattern false;, source _b[j];) 
877271     DEBUG Test worker     d.u.i.k.j.JavaProgramElement Program match failed (pattern true;, source i_9 < i_10;) 
877271     DEBUG Test worker     d.u.i.k.j.JavaProgramElement Program match failed (pattern false;, source i_9 < i_10;) 
877271     DEBUG Test worker     d.u.i.k.j.JavaProgramElement Program match failed (pattern true;, source i_9 < i_10;) 
877271     DEBUG Test worker     d.u.i.k.j.JavaProgramElement Program match failed (pattern false;, source i_9 < i_10;) 
877333     DEBUG Test worker     d.u.i.k.j.JavaProgramElement Program match failed (pattern true;, source i_9 < i_10;) 
877333     DEBUG Test worker     d.u.i.k.j.JavaProgramElement Program match failed (pattern false;, source i_9 < i_10;) 
877333     DEBUG Test worker     d.u.i.k.j.JavaProgramElement Program match failed (pattern true;, source i_9 < i_10;) 
877333     DEBUG Test worker     d.u.i.k.j.JavaProgramElement Program match failed (pattern false;, source i_9 < i_10;) 
877396     DEBUG Test worker     d.u.i.k.j.JavaProgramElement Program match failed (pattern true;, source _b[j] < _a[i];) 
877396     DEBUG Test worker     d.u.i.k.j.JavaProgramElement Program match failed (pattern false;, source _b[j] < _a[i];) 
877396     DEBUG Test worker     d.u.i.k.j.JavaProgramElement Program match failed (pattern true;, source _b[j] < _a[i];) 
877396     DEBUG Test worker     d.u.i.k.j.JavaProgramElement Program match failed (pattern false;, source _b[j] < _a[i];) 
877411     DEBUG Test worker     d.u.i.k.j.JavaProgramElement Program match failed (pattern true;, source _b[j];) 
877411     DEBUG Test worker     d.u.i.k.j.JavaProgramElement Program match failed (pattern false;, source _b[j];) 
877411     DEBUG Test worker     d.u.i.k.j.JavaProgramElement Program match failed (pattern true;, source _b[j];) 
877411     DEBUG Test worker     d.u.i.k.j.JavaProgramElement Program match failed (pattern false;, source _b[j];) 
877443     DEBUG Test worker     d.u.i.k.j.JavaProgramElement Program match failed (pattern true;, source _a[i];) 
877443     DEBUG Test worker     d.u.i.k.j.JavaProgramElement Program match failed (pattern false;, source _a[i];) 
877443     DEBUG Test worker     d.u.i.k.j.JavaProgramElement Program match failed (pattern true;, source _a[i];) 
877443     DEBUG Test worker     d.u.i.k.j.JavaProgramElement Program match failed (pattern false;, source _a[i];) 
877458     DEBUG Test worker     d.u.i.k.j.JavaProgramElement Program match failed (pattern true;, source i_11 < i_12;) 
877458     DEBUG Test worker     d.u.i.k.j.JavaProgramElement Program match failed (pattern false;, source i_11 < i_12;) 
877458     DEBUG Test worker     d.u.i.k.j.JavaProgramElement Program match failed (pattern true;, source i_11 < i_12;) 
877458     DEBUG Test worker     d.u.i.k.j.JavaProgramElement Program match failed (pattern false;, source i_11 < i_12;) 
877474     DEBUG Test worker     d.u.i.k.j.JavaProgramElement Program match failed (pattern true;, source i_11 < i_12;) 
877474     DEBUG Test worker     d.u.i.k.j.JavaProgramElement Program match failed (pattern false;, source i_11 < i_12;) 
877474     DEBUG Test worker     d.u.i.k.j.JavaProgramElement Program match failed (pattern true;, source i_11 < i_12;) 
877474     DEBUG Test worker     d.u.i.k.j.JavaProgramElement Program match failed (pattern false;, source i_11 < i_12;) 
877568     DEBUG Test worker     d.u.i.k.j.JavaProgramElement Program match failed (pattern true;, source (int) (i + 1);) 
877568     DEBUG Test worker     d.u.i.k.j.JavaProgramElement Program match failed (pattern false;, source (int) (i + 1);) 
877568     DEBUG Test worker     d.u.i.k.j.JavaProgramElement Program match failed (pattern true;, source (int) (i + 1);) 
877568     DEBUG Test worker     d.u.i.k.j.JavaProgramElement Program match failed (pattern false;, source (int) (i + 1);) 
877568     DEBUG Test worker     d.u.i.k.j.JavaProgramElement Program match failed (pattern true;, source (i + 1);) 
877568     DEBUG Test worker     d.u.i.k.j.JavaProgramElement Program match failed (pattern false;, source (i + 1);) 
877568     DEBUG Test worker     d.u.i.k.j.JavaProgramElement Program match failed (pattern true;, source (i + 1);) 
877568     DEBUG Test worker     d.u.i.k.j.JavaProgramElement Program match failed (pattern false;, source (i + 1);) 
877583     DEBUG Test worker     d.u.i.k.j.JavaProgramElement Program match failed (pattern true;, source i + 1;) 
877583     DEBUG Test worker     d.u.i.k.j.JavaProgramElement Program match failed (pattern false;, source i + 1;) 
877583     DEBUG Test worker     d.u.i.k.j.JavaProgramElement Program match failed (pattern true;, source i + 1;) 
877583     DEBUG Test worker     d.u.i.k.j.JavaProgramElement Program match failed (pattern false;, source i + 1;) 
877583     DEBUG Test worker     d.u.i.k.j.JavaProgramElement Program match failed (pattern true;, source (int) i_13;) 
877583     DEBUG Test worker     d.u.i.k.j.JavaProgramElement Program match failed (pattern false;, source (int) i_13;) 
877583     DEBUG Test worker     d.u.i.k.j.JavaProgramElement Program match failed (pattern true;, source (int) i_13;) 
877583     DEBUG Test worker     d.u.i.k.j.JavaProgramElement Program match failed (pattern false;, source (int) i_13;) 
877583     DEBUG Test worker     d.u.i.k.j.JavaProgramElement Program match failed (pattern true;, source (int) i_13;) 
877583     DEBUG Test worker     d.u.i.k.j.JavaProgramElement Program match failed (pattern false;, source (int) i_13;) 
877583     DEBUG Test worker     d.u.i.k.j.JavaProgramElement Program match failed (pattern true;, source (int) i_13;) 
877583     DEBUG Test worker     d.u.i.k.j.JavaProgramElement Program match failed (pattern false;, source (int) i_13;) 
877583     DEBUG Test worker     d.u.i.k.j.JavaProgramElement Program match failed (pattern true;, source (int) i_13;) 
877583     DEBUG Test worker     d.u.i.k.j.JavaProgramElement Program match failed (pattern false;, source (int) i_13;) 
877583     DEBUG Test worker     d.u.i.k.j.JavaProgramElement Program match failed (pattern true;, source (int) i_13;) 
877583     DEBUG Test worker     d.u.i.k.j.JavaProgramElement Program match failed (pattern false;, source (int) i_13;) 
877583     DEBUG Test worker     d.u.i.k.j.JavaProgramElement Program match failed (pattern true;, source (int) i_13;) 
877583     DEBUG Test worker     d.u.i.k.j.JavaProgramElement Program match failed (pattern false;, source (int) i_13;) 
877583     DEBUG Test worker     d.u.i.k.j.JavaProgramElement Program match failed (pattern true;, source (int) i_13;) 
877583     DEBUG Test worker     d.u.i.k.j.JavaProgramElement Program match failed (pattern false;, source (int) i_13;) 
877599     DEBUG Test worker     d.u.i.k.j.JavaProgramElement Program match failed (pattern true;, source i_13) 
877599     DEBUG Test worker     d.u.i.k.j.JavaProgramElement Program match failed (pattern false;, source i_13) 
877599     DEBUG Test worker     d.u.i.k.j.JavaProgramElement Program match failed (pattern true;, source i_13) 
877599     DEBUG Test worker     d.u.i.k.j.JavaProgramElement Program match failed (pattern false;, source i_13) 
877614     DEBUG Test worker     d.u.i.k.j.JavaProgramElement Program match failed (pattern true;, source (int) (j + 1);) 
877614     DEBUG Test worker     d.u.i.k.j.JavaProgramElement Program match failed (pattern false;, source (int) (j + 1);) 
877614     DEBUG Test worker     d.u.i.k.j.JavaProgramElement Program match failed (pattern true;, source (int) (j + 1);) 
877614     DEBUG Test worker     d.u.i.k.j.JavaProgramElement Program match failed (pattern false;, source (int) (j + 1);) 
877614     DEBUG Test worker     d.u.i.k.j.JavaProgramElement Program match failed (pattern true;, source (j + 1);) 
877614     DEBUG Test worker     d.u.i.k.j.JavaProgramElement Program match failed (pattern false;, source (j + 1);) 
877614     DEBUG Test worker     d.u.i.k.j.JavaProgramElement Program match failed (pattern true;, source (j + 1);) 
877614     DEBUG Test worker     d.u.i.k.j.JavaProgramElement Program match failed (pattern false;, source (j + 1);) 
877630     DEBUG Test worker     d.u.i.k.j.JavaProgramElement Program match failed (pattern true;, source j + 1;) 
877630     DEBUG Test worker     d.u.i.k.j.JavaProgramElement Program match failed (pattern false;, source j + 1;) 
877630     DEBUG Test worker     d.u.i.k.j.JavaProgramElement Program match failed (pattern true;, source j + 1;) 
877630     DEBUG Test worker     d.u.i.k.j.JavaProgramElement Program match failed (pattern false;, source j + 1;) 
877630     DEBUG Test worker     d.u.i.k.j.JavaProgramElement Program match failed (pattern true;, source (int) i_14;) 
877630     DEBUG Test worker     d.u.i.k.j.JavaProgramElement Program match failed (pattern false;, source (int) i_14;) 
877630     DEBUG Test worker     d.u.i.k.j.JavaProgramElement Program match failed (pattern true;, source (int) i_14;) 
877630     DEBUG Test worker     d.u.i.k.j.JavaProgramElement Program match failed (pattern false;, source (int) i_14;) 
877646     DEBUG Test worker     d.u.i.k.j.JavaProgramElement Program match failed (pattern true;, source (int) i_14;) 
877646     DEBUG Test worker     d.u.i.k.j.JavaProgramElement Program match failed (pattern false;, source (int) i_14;) 
877646     DEBUG Test worker     d.u.i.k.j.JavaProgramElement Program match failed (pattern true;, source (int) i_14;) 
877646     DEBUG Test worker     d.u.i.k.j.JavaProgramElement Program match failed (pattern false;, source (int) i_14;) 
877646     DEBUG Test worker     d.u.i.k.j.JavaProgramElement Program match failed (pattern true;, source (int) i_14;) 
877646     DEBUG Test worker     d.u.i.k.j.JavaProgramElement Program match failed (pattern false;, source (int) i_14;) 
877646     DEBUG Test worker     d.u.i.k.j.JavaProgramElement Program match failed (pattern true;, source (int) i_14;) 
877646     DEBUG Test worker     d.u.i.k.j.JavaProgramElement Program match failed (pattern false;, source (int) i_14;) 
877646     DEBUG Test worker     d.u.i.k.j.JavaProgramElement Program match failed (pattern true;, source (int) i_14;) 
877646     DEBUG Test worker     d.u.i.k.j.JavaProgramElement Program match failed (pattern false;, source (int) i_14;) 
877646     DEBUG Test worker     d.u.i.k.j.JavaProgramElement Program match failed (pattern true;, source (int) i_14;) 
877646     DEBUG Test worker     d.u.i.k.j.JavaProgramElement Program match failed (pattern false;, source (int) i_14;) 
877646     DEBUG Test worker     d.u.i.k.j.JavaProgramElement Program match failed (pattern true;, source i_14) 
877646     DEBUG Test worker     d.u.i.k.j.JavaProgramElement Program match failed (pattern false;, source i_14) 
877646     DEBUG Test worker     d.u.i.k.j.JavaProgramElement Program match failed (pattern true;, source i_14) 
877646     DEBUG Test worker     d.u.i.k.j.JavaProgramElement Program match failed (pattern false;, source i_14) 
877661     DEBUG Test worker     d.u.i.k.j.JavaProgramElement Program match failed (pattern true;, source (int) (result + 1);) 
877661     DEBUG Test worker     d.u.i.k.j.JavaProgramElement Program match failed (pattern false;, source (int) (result + 1);) 
877661     DEBUG Test worker     d.u.i.k.j.JavaProgramElement Program match failed (pattern true;, source (int) (result + 1);) 
877661     DEBUG Test worker     d.u.i.k.j.JavaProgramElement Program match failed (pattern false;, source (int) (result + 1);) 
877677     DEBUG Test worker     d.u.i.k.j.JavaProgramElement Program match failed (pattern true;, source (result + 1);) 
877677     DEBUG Test worker     d.u.i.k.j.JavaProgramElement Program match failed (pattern false;, source (result + 1);) 
877677     DEBUG Test worker     d.u.i.k.j.JavaProgramElement Program match failed (pattern true;, source (result + 1);) 
877677     DEBUG Test worker     d.u.i.k.j.JavaProgramElement Program match failed (pattern false;, source (result + 1);) 
877677     DEBUG Test worker     d.u.i.k.j.JavaProgramElement Program match failed (pattern true;, source result + 1;) 
877677     DEBUG Test worker     d.u.i.k.j.JavaProgramElement Program match failed (pattern false;, source result + 1;) 
877677     DEBUG Test worker     d.u.i.k.j.JavaProgramElement Program match failed (pattern true;, source result + 1;) 
877677     DEBUG Test worker     d.u.i.k.j.JavaProgramElement Program match failed (pattern false;, source result + 1;) 
877693     DEBUG Test worker     d.u.i.k.j.JavaProgramElement Program match failed (pattern true;, source (int) i_15;) 
877693     DEBUG Test worker     d.u.i.k.j.JavaProgramElement Program match failed (pattern false;, source (int) i_15;) 
877693     DEBUG Test worker     d.u.i.k.j.JavaProgramElement Program match failed (pattern true;, source (int) i_15;) 
877693     DEBUG Test worker     d.u.i.k.j.JavaProgramElement Program match failed (pattern false;, source (int) i_15;) 
877693     DEBUG Test worker     d.u.i.k.j.JavaProgramElement Program match failed (pattern true;, source (int) i_15;) 
877693     DEBUG Test worker     d.u.i.k.j.JavaProgramElement Program match failed (pattern false;, source (int) i_15;) 
877693     DEBUG Test worker     d.u.i.k.j.JavaProgramElement Program match failed (pattern true;, source (int) i_15;) 
877693     DEBUG Test worker     d.u.i.k.j.JavaProgramElement Program match failed (pattern false;, source (int) i_15;) 
877693     DEBUG Test worker     d.u.i.k.j.JavaProgramElement Program match failed (pattern true;, source (int) i_15;) 
877693     DEBUG Test worker     d.u.i.k.j.JavaProgramElement Program match failed (pattern false;, source (int) i_15;) 
877693     DEBUG Test worker     d.u.i.k.j.JavaProgramElement Program match failed (pattern true;, source (int) i_15;) 
877708     DEBUG Test worker     d.u.i.k.j.JavaProgramElement Program match failed (pattern false;, source (int) i_15;) 
877708     DEBUG Test worker     d.u.i.k.j.JavaProgramElement Program match failed (pattern true;, source (int) i_15;) 
877708     DEBUG Test worker     d.u.i.k.j.JavaProgramElement Program match failed (pattern false;, source (int) i_15;) 
877708     DEBUG Test worker     d.u.i.k.j.JavaProgramElement Program match failed (pattern true;, source (int) i_15;) 
877708     DEBUG Test worker     d.u.i.k.j.JavaProgramElement Program match failed (pattern false;, source (int) i_15;) 
877708     DEBUG Test worker     d.u.i.k.j.JavaProgramElement Program match failed (pattern true;, source i_15) 
877708     DEBUG Test worker     d.u.i.k.j.JavaProgramElement Program match failed (pattern false;, source i_15) 
877708     DEBUG Test worker     d.u.i.k.j.JavaProgramElement Program match failed (pattern true;, source i_15) 
877708     DEBUG Test worker     d.u.i.k.j.JavaProgramElement Program match failed (pattern false;, source i_15) 
893234     DEBUG Test worker     d.u.i.k.j.JavaProgramElement Program match failed (pattern true;, source (int) (j + 1);) 
893234     DEBUG Test worker     d.u.i.k.j.JavaProgramElement Program match failed (pattern false;, source (int) (j + 1);) 
893234     DEBUG Test worker     d.u.i.k.j.JavaProgramElement Program match failed (pattern true;, source (int) (j + 1);) 
893234     DEBUG Test worker     d.u.i.k.j.JavaProgramElement Program match failed (pattern false;, source (int) (j + 1);) 
893249     DEBUG Test worker     d.u.i.k.j.JavaProgramElement Program match failed (pattern true;, source (j + 1);) 
893249     DEBUG Test worker     d.u.i.k.j.JavaProgramElement Program match failed (pattern false;, source (j + 1);) 
893249     DEBUG Test worker     d.u.i.k.j.JavaProgramElement Program match failed (pattern true;, source (j + 1);) 
893249     DEBUG Test worker     d.u.i.k.j.JavaProgramElement Program match failed (pattern false;, source (j + 1);) 
893249     DEBUG Test worker     d.u.i.k.j.JavaProgramElement Program match failed (pattern true;, source j + 1;) 
893249     DEBUG Test worker     d.u.i.k.j.JavaProgramElement Program match failed (pattern false;, source j + 1;) 
893249     DEBUG Test worker     d.u.i.k.j.JavaProgramElement Program match failed (pattern true;, source j + 1;) 
893249     DEBUG Test worker     d.u.i.k.j.JavaProgramElement Program match failed (pattern false;, source j + 1;) 
893265     DEBUG Test worker     d.u.i.k.j.JavaProgramElement Program match failed (pattern true;, source (int) i_13;) 
893265     DEBUG Test worker     d.u.i.k.j.JavaProgramElement Program match failed (pattern false;, source (int) i_13;) 
893265     DEBUG Test worker     d.u.i.k.j.JavaProgramElement Program match failed (pattern true;, source (int) i_13;) 
893265     DEBUG Test worker     d.u.i.k.j.JavaProgramElement Program match failed (pattern false;, source (int) i_13;) 
893265     DEBUG Test worker     d.u.i.k.j.JavaProgramElement Program match failed (pattern true;, source (int) i_13;) 
893265     DEBUG Test worker     d.u.i.k.j.JavaProgramElement Program match failed (pattern false;, source (int) i_13;) 
893265     DEBUG Test worker     d.u.i.k.j.JavaProgramElement Program match failed (pattern true;, source (int) i_13;) 
893265     DEBUG Test worker     d.u.i.k.j.JavaProgramElement Program match failed (pattern false;, source (int) i_13;) 
893265     DEBUG Test worker     d.u.i.k.j.JavaProgramElement Program match failed (pattern true;, source (int) i_13;) 
893265     DEBUG Test worker     d.u.i.k.j.JavaProgramElement Program match failed (pattern false;, source (int) i_13;) 
893265     DEBUG Test worker     d.u.i.k.j.JavaProgramElement Program match failed (pattern true;, source (int) i_13;) 
893265     DEBUG Test worker     d.u.i.k.j.JavaProgramElement Program match failed (pattern false;, source (int) i_13;) 
893265     DEBUG Test worker     d.u.i.k.j.JavaProgramElement Program match failed (pattern true;, source (int) i_13;) 
893265     DEBUG Test worker     d.u.i.k.j.JavaProgramElement Program match failed (pattern false;, source (int) i_13;) 
893265     DEBUG Test worker     d.u.i.k.j.JavaProgramElement Program match failed (pattern true;, source (int) i_13;) 
893265     DEBUG Test worker     d.u.i.k.j.JavaProgramElement Program match failed (pattern false;, source (int) i_13;) 
893280     DEBUG Test worker     d.u.i.k.j.JavaProgramElement Program match failed (pattern true;, source i_13) 
893280     DEBUG Test worker     d.u.i.k.j.JavaProgramElement Program match failed (pattern false;, source i_13) 
893280     DEBUG Test worker     d.u.i.k.j.JavaProgramElement Program match failed (pattern true;, source i_13) 
893280     DEBUG Test worker     d.u.i.k.j.JavaProgramElement Program match failed (pattern false;, source i_13) 
896783     DEBUG Test worker     d.u.i.k.j.JavaProgramElement Program match failed (pattern true;, source (int) (i + 1);) 
896783     DEBUG Test worker     d.u.i.k.j.JavaProgramElement Program match failed (pattern false;, source (int) (i + 1);) 
896783     DEBUG Test worker     d.u.i.k.j.JavaProgramElement Program match failed (pattern true;, source (int) (i + 1);) 
896783     DEBUG Test worker     d.u.i.k.j.JavaProgramElement Program match failed (pattern false;, source (int) (i + 1);) 
896798     DEBUG Test worker     d.u.i.k.j.JavaProgramElement Program match failed (pattern true;, source (i + 1);) 
896798     DEBUG Test worker     d.u.i.k.j.JavaProgramElement Program match failed (pattern false;, source (i + 1);) 
896798     DEBUG Test worker     d.u.i.k.j.JavaProgramElement Program match failed (pattern true;, source (i + 1);) 
896798     DEBUG Test worker     d.u.i.k.j.JavaProgramElement Program match failed (pattern false;, source (i + 1);) 
896798     DEBUG Test worker     d.u.i.k.j.JavaProgramElement Program match failed (pattern true;, source i + 1;) 
896798     DEBUG Test worker     d.u.i.k.j.JavaProgramElement Program match failed (pattern false;, source i + 1;) 
896798     DEBUG Test worker     d.u.i.k.j.JavaProgramElement Program match failed (pattern true;, source i + 1;) 
896798     DEBUG Test worker     d.u.i.k.j.JavaProgramElement Program match failed (pattern false;, source i + 1;) 
896814     DEBUG Test worker     d.u.i.k.j.JavaProgramElement Program match failed (pattern true;, source (int) i_11;) 
896814     DEBUG Test worker     d.u.i.k.j.JavaProgramElement Program match failed (pattern false;, source (int) i_11;) 
896814     DEBUG Test worker     d.u.i.k.j.JavaProgramElement Program match failed (pattern true;, source (int) i_11;) 
896814     DEBUG Test worker     d.u.i.k.j.JavaProgramElement Program match failed (pattern false;, source (int) i_11;) 
896814     DEBUG Test worker     d.u.i.k.j.JavaProgramElement Program match failed (pattern true;, source (int) i_11;) 
896814     DEBUG Test worker     d.u.i.k.j.JavaProgramElement Program match failed (pattern false;, source (int) i_11;) 
896814     DEBUG Test worker     d.u.i.k.j.JavaProgramElement Program match failed (pattern true;, source (int) i_11;) 
896814     DEBUG Test worker     d.u.i.k.j.JavaProgramElement Program match failed (pattern false;, source (int) i_11;) 
896814     DEBUG Test worker     d.u.i.k.j.JavaProgramElement Program match failed (pattern true;, source (int) i_11;) 
896814     DEBUG Test worker     d.u.i.k.j.JavaProgramElement Program match failed (pattern false;, source (int) i_11;) 
896814     DEBUG Test worker     d.u.i.k.j.JavaProgramElement Program match failed (pattern true;, source (int) i_11;) 
896814     DEBUG Test worker     d.u.i.k.j.JavaProgramElement Program match failed (pattern false;, source (int) i_11;) 
896814     DEBUG Test worker     d.u.i.k.j.JavaProgramElement Program match failed (pattern true;, source (int) i_11;) 
896814     DEBUG Test worker     d.u.i.k.j.JavaProgramElement Program match failed (pattern false;, source (int) i_11;) 
896814     DEBUG Test worker     d.u.i.k.j.JavaProgramElement Program match failed (pattern true;, source (int) i_11;) 
896814     DEBUG Test worker     d.u.i.k.j.JavaProgramElement Program match failed (pattern false;, source (int) i_11;) 
896830     DEBUG Test worker     d.u.i.k.j.JavaProgramElement Program match failed (pattern true;, source i_11) 
896830     DEBUG Test worker     d.u.i.k.j.JavaProgramElement Program match failed (pattern false;, source i_11) 
896830     DEBUG Test worker     d.u.i.k.j.JavaProgramElement Program match failed (pattern true;, source i_11) 
896830     DEBUG Test worker     d.u.i.k.j.JavaProgramElement Program match failed (pattern false;, source i_11) 
897533     DEBUG Test worker     d.u.i.k.j.JavaProgramElement Program match failed (pattern true;, source false;) 
897533     DEBUG Test worker     d.u.i.k.j.JavaProgramElement Program match failed (pattern true;, source false;) 
897549     DEBUG Test worker     d.u.i.k.j.JavaProgramElement Program match failed (pattern true;, source false;) 
897549     DEBUG Test worker     d.u.i.k.j.JavaProgramElement Program match failed (pattern true;, source false;) 
897706     INFO  Test worker     d.u.i.k.p.i.AbstractProblemLoader Loading environment from src\test\resources\testcase\proofStarter\CC\project.key 
897706     DEBUG Test worker     d.u.i.k.p.i.AbstractProblemLoader Environment load took 178.5ns 
897706     INFO  Test worker     d.u.i.k.p.i.AbstractProblemLoader Creating init config 
901348     DEBUG Test worker     d.u.i.k.p.i.AbstractProblemLoader Init config took 3.64s 
901426     INFO  Test worker     d.u.i.k.p.i.AbstractProblemLoader Replaying proof CC[CC::calcCoinIndex([I,[I)].JML normal_behavior operation contract.0 
901426     DEBUG Test worker     d.u.i.k.p.i.IntermediateProofReplayer Proof replay took 19ns 
901441     DEBUG Test worker     d.u.i.k.j.JavaProgramElement Program match failed (pattern true;, source null;) 
901441     DEBUG Test worker     d.u.i.k.j.JavaProgramElement Program match failed (pattern false;, source null;) 
901441     DEBUG Test worker     d.u.i.k.j.JavaProgramElement Program match failed (pattern true;, source null;) 
901441     DEBUG Test worker     d.u.i.k.j.JavaProgramElement Program match failed (pattern false;, source null;) 
901441     DEBUG Test worker     d.u.i.k.j.JavaProgramElement Program match failed (pattern true;, source null;) 
901441     DEBUG Test worker     d.u.i.k.j.JavaProgramElement Program match failed (pattern false;, source null;) 
901441     DEBUG Test worker     d.u.i.k.j.JavaProgramElement Program match failed (pattern true;, source null;) 
901441     DEBUG Test worker     d.u.i.k.j.JavaProgramElement Program match failed (pattern false;, source null;) 
901441     DEBUG Test worker     d.u.i.k.j.JavaProgramElement Program match failed (pattern true;, source null;) 
901441     DEBUG Test worker     d.u.i.k.j.JavaProgramElement Program match failed (pattern false;, source null;) 
901441     DEBUG Test worker     d.u.i.k.j.JavaProgramElement Program match failed (pattern true;, source null;) 
901441     DEBUG Test worker     d.u.i.k.j.JavaProgramElement Program match failed (pattern false;, source null;) 
901457     DEBUG Test worker     d.u.i.k.j.JavaProgramElement Program match failed (pattern true;, source null;) 
901457     DEBUG Test worker     d.u.i.k.j.JavaProgramElement Program match failed (pattern false;, source null;) 
901457     DEBUG Test worker     d.u.i.k.j.JavaProgramElement Program match failed (pattern true;, source null;) 
901457     DEBUG Test worker     d.u.i.k.j.JavaProgramElement Program match failed (pattern false;, source null;) 
901457     DEBUG Test worker     d.u.i.k.j.JavaProgramElement Program match failed (pattern true;, source null;) 
901457     DEBUG Test worker     d.u.i.k.j.JavaProgramElement Program match failed (pattern false;, source null;) 
901457     DEBUG Test worker     d.u.i.k.j.JavaProgramElement Program match failed (pattern true;, source null;) 
901457     DEBUG Test worker     d.u.i.k.j.JavaProgramElement Program match failed (pattern false;, source null;) 
901457     DEBUG Test worker     d.u.i.k.j.JavaProgramElement Program match failed (pattern true;, source null;) 
901457     DEBUG Test worker     d.u.i.k.j.JavaProgramElement Program match failed (pattern false;, source null;) 
901457     DEBUG Test worker     d.u.i.k.j.JavaProgramElement Program match failed (pattern true;, source null;) 
901457     DEBUG Test worker     d.u.i.k.j.JavaProgramElement Program match failed (pattern false;, source null;) 
901457     DEBUG Test worker     d.u.i.k.j.JavaProgramElement Program match failed (pattern true;, source null;) 
901457     DEBUG Test worker     d.u.i.k.j.JavaProgramElement Program match failed (pattern false;, source null;) 
901473     DEBUG Test worker     d.u.i.k.j.JavaProgramElement Program match failed (pattern true;, source null;) 
901473     DEBUG Test worker     d.u.i.k.j.JavaProgramElement Program match failed (pattern false;, source null;) 
901488     DEBUG Test worker     d.u.i.k.j.JavaProgramElement Program match failed (pattern true;, source null;) 
901488     DEBUG Test worker     d.u.i.k.j.JavaProgramElement Program match failed (pattern false;, source null;) 
901488     DEBUG Test worker     d.u.i.k.j.JavaProgramElement Program match failed (pattern true;, source null;) 
901488     DEBUG Test worker     d.u.i.k.j.JavaProgramElement Program match failed (pattern false;, source null;) 
901488     DEBUG Test worker     d.u.i.k.j.JavaProgramElement Program match failed (pattern true;, source null;) 
901488     DEBUG Test worker     d.u.i.k.j.JavaProgramElement Program match failed (pattern false;, source null;) 
901488     DEBUG Test worker     d.u.i.k.j.JavaProgramElement Program match failed (pattern true;, source null;) 
901488     DEBUG Test worker     d.u.i.k.j.JavaProgramElement Program match failed (pattern false;, source null;) 
901488     DEBUG Test worker     d.u.i.k.j.JavaProgramElement Program match failed (pattern true;, source null;) 
901488     DEBUG Test worker     d.u.i.k.j.JavaProgramElement Program match failed (pattern false;, source null;) 
901488     DEBUG Test worker     d.u.i.k.j.JavaProgramElement Program match failed (pattern true;, source null;) 
901488     DEBUG Test worker     d.u.i.k.j.JavaProgramElement Program match failed (pattern false;, source null;) 
901598     DEBUG Test worker     d.u.i.k.j.JavaProgramElement Program match failed (pattern true;, source 0) 
901598     DEBUG Test worker     d.u.i.k.j.JavaProgramElement Program match failed (pattern false;, source 0) 
901598     DEBUG Test worker     d.u.i.k.j.JavaProgramElement Program match failed (pattern true;, source 0) 
901598     DEBUG Test worker     d.u.i.k.j.JavaProgramElement Program match failed (pattern false;, source 0) 
901613     DEBUG Test worker     d.u.i.k.j.JavaProgramElement Program match failed (pattern true;, source 0) 
901613     DEBUG Test worker     d.u.i.k.j.JavaProgramElement Program match failed (pattern false;, source 0) 
901613     DEBUG Test worker     d.u.i.k.j.JavaProgramElement Program match failed (pattern true;, source 0) 
901613     DEBUG Test worker     d.u.i.k.j.JavaProgramElement Program match failed (pattern false;, source 0) 
901630     DEBUG Test worker     d.u.i.k.j.JavaProgramElement Program match failed (pattern true;, source 0) 
901630     DEBUG Test worker     d.u.i.k.j.JavaProgramElement Program match failed (pattern false;, source 0) 
901630     DEBUG Test worker     d.u.i.k.j.JavaProgramElement Program match failed (pattern true;, source 0) 
901630     DEBUG Test worker     d.u.i.k.j.JavaProgramElement Program match failed (pattern false;, source 0) 
901910     DEBUG Test worker     d.u.i.k.j.JavaProgramElement Program match failed (pattern true;, source i < _a.length && j < _b.length;) 
901910     DEBUG Test worker     d.u.i.k.j.JavaProgramElement Program match failed (pattern false;, source i < _a.length && j < _b.length;) 
901910     DEBUG Test worker     d.u.i.k.j.JavaProgramElement Program match failed (pattern true;, source i < _a.length && j < _b.length;) 
901910     DEBUG Test worker     d.u.i.k.j.JavaProgramElement Program match failed (pattern false;, source i < _a.length && j < _b.length;) 
902020     DEBUG Test worker     d.u.i.k.j.JavaProgramElement Program match failed (pattern true;, source !i < _a.length;) 
902020     DEBUG Test worker     d.u.i.k.j.JavaProgramElement Program match failed (pattern false;, source !i < _a.length;) 
902020     DEBUG Test worker     d.u.i.k.j.JavaProgramElement Program match failed (pattern true;, source !i < _a.length;) 
902020     DEBUG Test worker     d.u.i.k.j.JavaProgramElement Program match failed (pattern false;, source !i < _a.length;) 
902020     DEBUG Test worker     d.u.i.k.j.JavaProgramElement Program match failed (pattern true;, source i < _a.length;) 
902020     DEBUG Test worker     d.u.i.k.j.JavaProgramElement Program match failed (pattern false;, source i < _a.length;) 
902020     DEBUG Test worker     d.u.i.k.j.JavaProgramElement Program match failed (pattern true;, source i < _a.length;) 
902020     DEBUG Test worker     d.u.i.k.j.JavaProgramElement Program match failed (pattern false;, source i < _a.length;) 
902035     DEBUG Test worker     d.u.i.k.j.JavaProgramElement Program match failed (pattern true;, source i) 
902035     DEBUG Test worker     d.u.i.k.j.JavaProgramElement Program match failed (pattern false;, source i) 
902035     DEBUG Test worker     d.u.i.k.j.JavaProgramElement Program match failed (pattern true;, source i) 
902035     DEBUG Test worker     d.u.i.k.j.JavaProgramElement Program match failed (pattern false;, source i) 
902035     DEBUG Test worker     d.u.i.k.j.JavaProgramElement Program match failed (pattern true;, source _a.length;) 
902035     DEBUG Test worker     d.u.i.k.j.JavaProgramElement Program match failed (pattern false;, source _a.length;) 
902035     DEBUG Test worker     d.u.i.k.j.JavaProgramElement Program match failed (pattern true;, source _a.length;) 
902035     DEBUG Test worker     d.u.i.k.j.JavaProgramElement Program match failed (pattern false;, source _a.length;) 
902051     DEBUG Test worker     d.u.i.k.j.JavaProgramElement Program match failed (pattern true;, source i_1 < i_2;) 
902051     DEBUG Test worker     d.u.i.k.j.JavaProgramElement Program match failed (pattern false;, source i_1 < i_2;) 
902051     DEBUG Test worker     d.u.i.k.j.JavaProgramElement Program match failed (pattern true;, source i_1 < i_2;) 
902051     DEBUG Test worker     d.u.i.k.j.JavaProgramElement Program match failed (pattern false;, source i_1 < i_2;) 
902051     DEBUG Test worker     d.u.i.k.j.JavaProgramElement Program match failed (pattern true;, source i_1 < i_2;) 
902051     DEBUG Test worker     d.u.i.k.j.JavaProgramElement Program match failed (pattern false;, source i_1 < i_2;) 
902051     DEBUG Test worker     d.u.i.k.j.JavaProgramElement Program match failed (pattern true;, source i_1 < i_2;) 
902051     DEBUG Test worker     d.u.i.k.j.JavaProgramElement Program match failed (pattern false;, source i_1 < i_2;) 
902051     DEBUG Test worker     d.u.i.k.j.JavaProgramElement Program match failed (pattern true;, source i_1 < i_2;) 
902051     DEBUG Test worker     d.u.i.k.j.JavaProgramElement Program match failed (pattern false;, source i_1 < i_2;) 
902051     DEBUG Test worker     d.u.i.k.j.JavaProgramElement Program match failed (pattern true;, source i_1 < i_2;) 
902051     DEBUG Test worker     d.u.i.k.j.JavaProgramElement Program match failed (pattern false;, source i_1 < i_2;) 
902051     DEBUG Test worker     d.u.i.k.j.JavaProgramElement Program match failed (pattern true;, source i_1 < i_2;) 
902051     DEBUG Test worker     d.u.i.k.j.JavaProgramElement Program match failed (pattern false;, source i_1 < i_2;) 
902051     DEBUG Test worker     d.u.i.k.j.JavaProgramElement Program match failed (pattern true;, source i_1 < i_2;) 
902051     DEBUG Test worker     d.u.i.k.j.JavaProgramElement Program match failed (pattern false;, source i_1 < i_2;) 
902051     DEBUG Test worker     d.u.i.k.j.JavaProgramElement Program match failed (pattern true;, source i_1 < i_2;) 
902051     DEBUG Test worker     d.u.i.k.j.JavaProgramElement Program match failed (pattern false;, source i_1 < i_2;) 
902051     DEBUG Test worker     d.u.i.k.j.JavaProgramElement Program match failed (pattern true;, source i_1 < i_2;) 
902051     DEBUG Test worker     d.u.i.k.j.JavaProgramElement Program match failed (pattern false;, source i_1 < i_2;) 
902051     DEBUG Test worker     d.u.i.k.j.JavaProgramElement Program match failed (pattern true;, source i_1 < i_2;) 
902051     DEBUG Test worker     d.u.i.k.j.JavaProgramElement Program match failed (pattern false;, source i_1 < i_2;) 
902051     DEBUG Test worker     d.u.i.k.j.JavaProgramElement Program match failed (pattern true;, source i_1 < i_2;) 
902051     DEBUG Test worker     d.u.i.k.j.JavaProgramElement Program match failed (pattern false;, source i_1 < i_2;) 
902051     DEBUG Test worker     d.u.i.k.j.JavaProgramElement Program match failed (pattern true;, source i_1 < i_2;) 
902051     DEBUG Test worker     d.u.i.k.j.JavaProgramElement Program match failed (pattern false;, source i_1 < i_2;) 
902051     DEBUG Test worker     d.u.i.k.j.JavaProgramElement Program match failed (pattern true;, source i_1 < i_2;) 
902051     DEBUG Test worker     d.u.i.k.j.JavaProgramElement Program match failed (pattern false;, source i_1 < i_2;) 
902067     DEBUG Test worker     d.u.i.k.j.JavaProgramElement Program match failed (pattern true;, source !b_2;) 
902067     DEBUG Test worker     d.u.i.k.j.JavaProgramElement Program match failed (pattern false;, source !b_2;) 
902067     DEBUG Test worker     d.u.i.k.j.JavaProgramElement Program match failed (pattern true;, source !b_2;) 
902067     DEBUG Test worker     d.u.i.k.j.JavaProgramElement Program match failed (pattern false;, source !b_2;) 
902067     DEBUG Test worker     d.u.i.k.j.JavaProgramElement Program match failed (pattern true;, source !b_2;) 
902067     DEBUG Test worker     d.u.i.k.j.JavaProgramElement Program match failed (pattern false;, source !b_2;) 
902067     DEBUG Test worker     d.u.i.k.j.JavaProgramElement Program match failed (pattern true;, source !b_2;) 
902067     DEBUG Test worker     d.u.i.k.j.JavaProgramElement Program match failed (pattern false;, source !b_2;) 
902067     DEBUG Test worker     d.u.i.k.j.JavaProgramElement Program match failed (pattern true;, source !b_2;) 
902067     DEBUG Test worker     d.u.i.k.j.JavaProgramElement Program match failed (pattern false;, source !b_2;) 
902067     DEBUG Test worker     d.u.i.k.j.JavaProgramElement Program match failed (pattern true;, source !b_2;) 
902067     DEBUG Test worker     d.u.i.k.j.JavaProgramElement Program match failed (pattern false;, source !b_2;) 
902067     DEBUG Test worker     d.u.i.k.j.JavaProgramElement Program match failed (pattern true;, source !b_2;) 
902067     DEBUG Test worker     d.u.i.k.j.JavaProgramElement Program match failed (pattern false;, source !b_2;) 
902067     DEBUG Test worker     d.u.i.k.j.JavaProgramElement Program match failed (pattern true;, source !b_2;) 
902067     DEBUG Test worker     d.u.i.k.j.JavaProgramElement Program match failed (pattern false;, source !b_2;) 
902082     DEBUG Test worker     d.u.i.k.j.JavaProgramElement Program match failed (pattern true;, source !b_2;) 
902082     DEBUG Test worker     d.u.i.k.j.JavaProgramElement Program match failed (pattern false;, source !b_2;) 
902082     DEBUG Test worker     d.u.i.k.j.JavaProgramElement Program match failed (pattern true;, source !b_2;) 
902082     DEBUG Test worker     d.u.i.k.j.JavaProgramElement Program match failed (pattern false;, source !b_2;) 
902082     DEBUG Test worker     d.u.i.k.j.JavaProgramElement Program match failed (pattern true;, source !b_2;) 
902082     DEBUG Test worker     d.u.i.k.j.JavaProgramElement Program match failed (pattern false;, source !b_2;) 
902082     DEBUG Test worker     d.u.i.k.j.JavaProgramElement Program match failed (pattern true;, source !b_2;) 
902082     DEBUG Test worker     d.u.i.k.j.JavaProgramElement Program match failed (pattern false;, source !b_2;) 
902082     DEBUG Test worker     d.u.i.k.j.JavaProgramElement Program match failed (pattern true;, source !b_2;) 
902082     DEBUG Test worker     d.u.i.k.j.JavaProgramElement Program match failed (pattern false;, source !b_2;) 
902082     DEBUG Test worker     d.u.i.k.j.JavaProgramElement Program match failed (pattern true;, source !b_2;) 
902082     DEBUG Test worker     d.u.i.k.j.JavaProgramElement Program match failed (pattern false;, source !b_2;) 
902082     DEBUG Test worker     d.u.i.k.j.JavaProgramElement Program match failed (pattern true;, source !b_2;) 
902082     DEBUG Test worker     d.u.i.k.j.JavaProgramElement Program match failed (pattern false;, source !b_2;) 
902082     DEBUG Test worker     d.u.i.k.j.JavaProgramElement Program match failed (pattern true;, source !b_2;) 
902082     DEBUG Test worker     d.u.i.k.j.JavaProgramElement Program match failed (pattern false;, source !b_2;) 
902082     DEBUG Test worker     d.u.i.k.j.JavaProgramElement Program match failed (pattern true;, source !b_2;) 
902082     DEBUG Test worker     d.u.i.k.j.JavaProgramElement Program match failed (pattern false;, source !b_2;) 
902082     DEBUG Test worker     d.u.i.k.j.JavaProgramElement Program match failed (pattern true;, source !b_2;) 
902082     DEBUG Test worker     d.u.i.k.j.JavaProgramElement Program match failed (pattern false;, source !b_2;) 
902082     DEBUG Test worker     d.u.i.k.j.JavaProgramElement Program match failed (pattern true;, source !b_2;) 
902082     DEBUG Test worker     d.u.i.k.j.JavaProgramElement Program match failed (pattern false;, source !b_2;) 
902082     DEBUG Test worker     d.u.i.k.j.JavaProgramElement Program match failed (pattern true;, source !b_2;) 
902082     DEBUG Test worker     d.u.i.k.j.JavaProgramElement Program match failed (pattern false;, source !b_2;) 
902082     DEBUG Test worker     d.u.i.k.j.JavaProgramElement Program match failed (pattern true;, source !b_2;) 
902082     DEBUG Test worker     d.u.i.k.j.JavaProgramElement Program match failed (pattern false;, source !b_2;) 
902082     DEBUG Test worker     d.u.i.k.j.JavaProgramElement Program match failed (pattern true;, source !b_2;) 
902082     DEBUG Test worker     d.u.i.k.j.JavaProgramElement Program match failed (pattern false;, source !b_2;) 
902082     DEBUG Test worker     d.u.i.k.j.JavaProgramElement Program match failed (pattern true;, source !b_2;) 
902082     DEBUG Test worker     d.u.i.k.j.JavaProgramElement Program match failed (pattern false;, source !b_2;) 
902082     DEBUG Test worker     d.u.i.k.j.JavaProgramElement Program match failed (pattern true;, source !b_2;) 
902082     DEBUG Test worker     d.u.i.k.j.JavaProgramElement Program match failed (pattern false;, source !b_2;) 
902082     DEBUG Test worker     d.u.i.k.j.JavaProgramElement Program match failed (pattern true;, source !b_2;) 
902082     DEBUG Test worker     d.u.i.k.j.JavaProgramElement Program match failed (pattern false;, source !b_2;) 
902082     DEBUG Test worker     d.u.i.k.j.JavaProgramElement Program match failed (pattern true;, source !b_2;) 
902082     DEBUG Test worker     d.u.i.k.j.JavaProgramElement Program match failed (pattern false;, source !b_2;) 
902082     DEBUG Test worker     d.u.i.k.j.JavaProgramElement Program match failed (pattern true;, source !b_2;) 
902082     DEBUG Test worker     d.u.i.k.j.JavaProgramElement Program match failed (pattern false;, source !b_2;) 
902082     DEBUG Test worker     d.u.i.k.j.JavaProgramElement Program match failed (pattern true;, source !b_2;) 
902082     DEBUG Test worker     d.u.i.k.j.JavaProgramElement Program match failed (pattern false;, source !b_2;) 
902098     DEBUG Test worker     d.u.i.k.j.JavaProgramElement Program match failed (pattern true;, source !b_2;) 
902098     DEBUG Test worker     d.u.i.k.j.JavaProgramElement Program match failed (pattern false;, source !b_2;) 
902098     DEBUG Test worker     d.u.i.k.j.JavaProgramElement Program match failed (pattern true;, source !b_2;) 
902098     DEBUG Test worker     d.u.i.k.j.JavaProgramElement Program match failed (pattern false;, source !b_2;) 
902098     DEBUG Test worker     d.u.i.k.j.JavaProgramElement Program match failed (pattern true;, source !b_2;) 
902098     DEBUG Test worker     d.u.i.k.j.JavaProgramElement Program match failed (pattern false;, source !b_2;) 
902098     DEBUG Test worker     d.u.i.k.j.JavaProgramElement Program match failed (pattern true;, source !b_2;) 
902098     DEBUG Test worker     d.u.i.k.j.JavaProgramElement Program match failed (pattern false;, source !b_2;) 
902098     DEBUG Test worker     d.u.i.k.j.JavaProgramElement Program match failed (pattern true;, source !b_2;) 
902098     DEBUG Test worker     d.u.i.k.j.JavaProgramElement Program match failed (pattern false;, source !b_2;) 
902098     DEBUG Test worker     d.u.i.k.j.JavaProgramElement Program match failed (pattern true;, source !b_2;) 
902098     DEBUG Test worker     d.u.i.k.j.JavaProgramElement Program match failed (pattern false;, source !b_2;) 
902098     DEBUG Test worker     d.u.i.k.j.JavaProgramElement Program match failed (pattern true;, source !b_2;) 
902098     DEBUG Test worker     d.u.i.k.j.JavaProgramElement Program match failed (pattern false;, source !b_2;) 
902098     DEBUG Test worker     d.u.i.k.j.JavaProgramElement Program match failed (pattern true;, source !b_2;) 
902098     DEBUG Test worker     d.u.i.k.j.JavaProgramElement Program match failed (pattern false;, source !b_2;) 
902098     DEBUG Test worker     d.u.i.k.j.JavaProgramElement Program match failed (pattern true;, source !b_2;) 
902098     DEBUG Test worker     d.u.i.k.j.JavaProgramElement Program match failed (pattern false;, source !b_2;) 
902098     DEBUG Test worker     d.u.i.k.j.JavaProgramElement Program match failed (pattern true;, source !b_2;) 
902098     DEBUG Test worker     d.u.i.k.j.JavaProgramElement Program match failed (pattern false;, source !b_2;) 
902129     DEBUG Test worker     d.u.i.k.j.JavaProgramElement Program match failed (pattern false;, source j < _b.length;) 
902129     DEBUG Test worker     d.u.i.k.j.JavaProgramElement Program match failed (pattern true;, source j < _b.length;) 
902129     DEBUG Test worker     d.u.i.k.j.JavaProgramElement Program match failed (pattern false;, source j < _b.length;) 
902129     DEBUG Test worker     d.u.i.k.j.JavaProgramElement Program match failed (pattern true;, source j < _b.length;) 
902129     DEBUG Test worker     d.u.i.k.j.JavaProgramElement Program match failed (pattern true;, source j < _b.length;) 
902129     DEBUG Test worker     d.u.i.k.j.JavaProgramElement Program match failed (pattern false;, source j < _b.length;) 
902129     DEBUG Test worker     d.u.i.k.j.JavaProgramElement Program match failed (pattern true;, source j < _b.length;) 
902129     DEBUG Test worker     d.u.i.k.j.JavaProgramElement Program match failed (pattern false;, source j < _b.length;) 
902145     DEBUG Test worker     d.u.i.k.j.JavaProgramElement Program match failed (pattern true;, source false;) 
902145     DEBUG Test worker     d.u.i.k.j.JavaProgramElement Program match failed (pattern true;, source false;) 
902145     DEBUG Test worker     d.u.i.k.j.JavaProgramElement Program match failed (pattern false;, source j < _b.length;) 
902145     DEBUG Test worker     d.u.i.k.j.JavaProgramElement Program match failed (pattern true;, source j < _b.length;) 
902145     DEBUG Test worker     d.u.i.k.j.JavaProgramElement Program match failed (pattern false;, source j < _b.length;) 
902145     DEBUG Test worker     d.u.i.k.j.JavaProgramElement Program match failed (pattern true;, source j < _b.length;) 
902145     DEBUG Test worker     d.u.i.k.j.JavaProgramElement Program match failed (pattern true;, source j < _b.length;) 
902145     DEBUG Test worker     d.u.i.k.j.JavaProgramElement Program match failed (pattern false;, source j < _b.length;) 
902145     DEBUG Test worker     d.u.i.k.j.JavaProgramElement Program match failed (pattern true;, source j < _b.length;) 
902145     DEBUG Test worker     d.u.i.k.j.JavaProgramElement Program match failed (pattern false;, source j < _b.length;) 
902176     DEBUG Test worker     d.u.i.k.j.JavaProgramElement Program match failed (pattern true;, source j) 
902176     DEBUG Test worker     d.u.i.k.j.JavaProgramElement Program match failed (pattern false;, source j) 
902176     DEBUG Test worker     d.u.i.k.j.JavaProgramElement Program match failed (pattern true;, source j) 
902176     DEBUG Test worker     d.u.i.k.j.JavaProgramElement Program match failed (pattern false;, source j) 
902176     DEBUG Test worker     d.u.i.k.j.JavaProgramElement Program match failed (pattern true;, source _b.length;) 
902176     DEBUG Test worker     d.u.i.k.j.JavaProgramElement Program match failed (pattern false;, source _b.length;) 
902176     DEBUG Test worker     d.u.i.k.j.JavaProgramElement Program match failed (pattern true;, source _b.length;) 
902176     DEBUG Test worker     d.u.i.k.j.JavaProgramElement Program match failed (pattern false;, source _b.length;) 
902176     DEBUG Test worker     d.u.i.k.j.JavaProgramElement Program match failed (pattern true;, source i_3 < i_4;) 
902176     DEBUG Test worker     d.u.i.k.j.JavaProgramElement Program match failed (pattern false;, source i_3 < i_4;) 
902176     DEBUG Test worker     d.u.i.k.j.JavaProgramElement Program match failed (pattern true;, source i_3 < i_4;) 
902176     DEBUG Test worker     d.u.i.k.j.JavaProgramElement Program match failed (pattern false;, source i_3 < i_4;) 
902192     DEBUG Test worker     d.u.i.k.j.JavaProgramElement Program match failed (pattern true;, source i_3 < i_4;) 
902192     DEBUG Test worker     d.u.i.k.j.JavaProgramElement Program match failed (pattern false;, source i_3 < i_4;) 
902192     DEBUG Test worker     d.u.i.k.j.JavaProgramElement Program match failed (pattern true;, source i_3 < i_4;) 
902192     DEBUG Test worker     d.u.i.k.j.JavaProgramElement Program match failed (pattern false;, source i_3 < i_4;) 
902192     DEBUG Test worker     d.u.i.k.j.JavaProgramElement Program match failed (pattern true;, source i_3 < i_4;) 
902192     DEBUG Test worker     d.u.i.k.j.JavaProgramElement Program match failed (pattern false;, source i_3 < i_4;) 
902192     DEBUG Test worker     d.u.i.k.j.JavaProgramElement Program match failed (pattern true;, source i_3 < i_4;) 
902192     DEBUG Test worker     d.u.i.k.j.JavaProgramElement Program match failed (pattern false;, source i_3 < i_4;) 
902192     DEBUG Test worker     d.u.i.k.j.JavaProgramElement Program match failed (pattern true;, source i_3 < i_4;) 
902192     DEBUG Test worker     d.u.i.k.j.JavaProgramElement Program match failed (pattern false;, source i_3 < i_4;) 
902192     DEBUG Test worker     d.u.i.k.j.JavaProgramElement Program match failed (pattern true;, source i_3 < i_4;) 
902192     DEBUG Test worker     d.u.i.k.j.JavaProgramElement Program match failed (pattern false;, source i_3 < i_4;) 
902192     DEBUG Test worker     d.u.i.k.j.JavaProgramElement Program match failed (pattern true;, source i_3 < i_4;) 
902192     DEBUG Test worker     d.u.i.k.j.JavaProgramElement Program match failed (pattern false;, source i_3 < i_4;) 
902192     DEBUG Test worker     d.u.i.k.j.JavaProgramElement Program match failed (pattern true;, source i_3 < i_4;) 
902192     DEBUG Test worker     d.u.i.k.j.JavaProgramElement Program match failed (pattern false;, source i_3 < i_4;) 
902192     DEBUG Test worker     d.u.i.k.j.JavaProgramElement Program match failed (pattern true;, source i_3 < i_4;) 
902192     DEBUG Test worker     d.u.i.k.j.JavaProgramElement Program match failed (pattern false;, source i_3 < i_4;) 
902192     DEBUG Test worker     d.u.i.k.j.JavaProgramElement Program match failed (pattern true;, source i_3 < i_4;) 
902192     DEBUG Test worker     d.u.i.k.j.JavaProgramElement Program match failed (pattern false;, source i_3 < i_4;) 
902192     DEBUG Test worker     d.u.i.k.j.JavaProgramElement Program match failed (pattern true;, source i_3 < i_4;) 
902192     DEBUG Test worker     d.u.i.k.j.JavaProgramElement Program match failed (pattern false;, source i_3 < i_4;) 
902192     DEBUG Test worker     d.u.i.k.j.JavaProgramElement Program match failed (pattern true;, source i_3 < i_4;) 
902192     DEBUG Test worker     d.u.i.k.j.JavaProgramElement Program match failed (pattern false;, source i_3 < i_4;) 
902254     DEBUG Test worker     d.u.i.k.j.JavaProgramElement Program match failed (pattern true;, source result) 
902254     DEBUG Test worker     d.u.i.k.j.JavaProgramElement Program match failed (pattern false;, source result) 
902254     DEBUG Test worker     d.u.i.k.j.JavaProgramElement Program match failed (pattern true;, source result) 
902254     DEBUG Test worker     d.u.i.k.j.JavaProgramElement Program match failed (pattern false;, source result) 
902535     DEBUG Test worker     d.u.i.k.j.JavaProgramElement Program match failed (pattern true;, source false;) 
902535     DEBUG Test worker     d.u.i.k.j.JavaProgramElement Program match failed (pattern true;, source false;) 
907743     DEBUG Test worker     d.u.i.k.j.JavaProgramElement Program match failed (pattern true;, source i < _a.length && j < _b.length;) 
907743     DEBUG Test worker     d.u.i.k.j.JavaProgramElement Program match failed (pattern false;, source i < _a.length && j < _b.length;) 
907743     DEBUG Test worker     d.u.i.k.j.JavaProgramElement Program match failed (pattern true;, source i < _a.length && j < _b.length;) 
907743     DEBUG Test worker     d.u.i.k.j.JavaProgramElement Program match failed (pattern false;, source i < _a.length && j < _b.length;) 
907743     DEBUG Test worker     d.u.i.k.j.JavaProgramElement Program match failed (pattern true;, source false;) 
907743     DEBUG Test worker     d.u.i.k.j.JavaProgramElement Program match failed (pattern true;, source false;) 
907915     DEBUG Test worker     d.u.i.k.j.JavaProgramElement Program match failed (pattern true;, source i < _a.length && j < _b.length;) 
907931     DEBUG Test worker     d.u.i.k.j.JavaProgramElement Program match failed (pattern false;, source i < _a.length && j < _b.length;) 
907931     DEBUG Test worker     d.u.i.k.j.JavaProgramElement Program match failed (pattern true;, source i < _a.length && j < _b.length;) 
907931     DEBUG Test worker     d.u.i.k.j.JavaProgramElement Program match failed (pattern false;, source i < _a.length && j < _b.length;) 
907931     DEBUG Test worker     d.u.i.k.j.JavaProgramElement Program match failed (pattern true;, source i < _a.length && j < _b.length;) 
907931     DEBUG Test worker     d.u.i.k.j.JavaProgramElement Program match failed (pattern false;, source i < _a.length && j < _b.length;) 
907931     DEBUG Test worker     d.u.i.k.j.JavaProgramElement Program match failed (pattern true;, source i < _a.length && j < _b.length;) 
907931     DEBUG Test worker     d.u.i.k.j.JavaProgramElement Program match failed (pattern false;, source i < _a.length && j < _b.length;) 
908087     DEBUG Test worker     d.u.i.k.j.JavaProgramElement Program match failed (pattern true;, source i < _a.length && j < _b.length;) 
908087     DEBUG Test worker     d.u.i.k.j.JavaProgramElement Program match failed (pattern false;, source i < _a.length && j < _b.length;) 
908087     DEBUG Test worker     d.u.i.k.j.JavaProgramElement Program match failed (pattern true;, source i < _a.length && j < _b.length;) 
908087     DEBUG Test worker     d.u.i.k.j.JavaProgramElement Program match failed (pattern false;, source i < _a.length && j < _b.length;) 
908103     DEBUG Test worker     d.u.i.k.j.JavaProgramElement Program match failed (pattern true;, source !i < _a.length;) 
908103     DEBUG Test worker     d.u.i.k.j.JavaProgramElement Program match failed (pattern false;, source !i < _a.length;) 
908103     DEBUG Test worker     d.u.i.k.j.JavaProgramElement Program match failed (pattern true;, source !i < _a.length;) 
908103     DEBUG Test worker     d.u.i.k.j.JavaProgramElement Program match failed (pattern false;, source !i < _a.length;) 
908103     DEBUG Test worker     d.u.i.k.j.JavaProgramElement Program match failed (pattern true;, source i < _a.length;) 
908103     DEBUG Test worker     d.u.i.k.j.JavaProgramElement Program match failed (pattern false;, source i < _a.length;) 
908103     DEBUG Test worker     d.u.i.k.j.JavaProgramElement Program match failed (pattern true;, source i < _a.length;) 
908103     DEBUG Test worker     d.u.i.k.j.JavaProgramElement Program match failed (pattern false;, source i < _a.length;) 
908118     DEBUG Test worker     d.u.i.k.j.JavaProgramElement Program match failed (pattern true;, source i) 
908118     DEBUG Test worker     d.u.i.k.j.JavaProgramElement Program match failed (pattern false;, source i) 
908118     DEBUG Test worker     d.u.i.k.j.JavaProgramElement Program match failed (pattern true;, source i) 
908118     DEBUG Test worker     d.u.i.k.j.JavaProgramElement Program match failed (pattern false;, source i) 
908118     DEBUG Test worker     d.u.i.k.j.JavaProgramElement Program match failed (pattern true;, source _a.length;) 
908118     DEBUG Test worker     d.u.i.k.j.JavaProgramElement Program match failed (pattern false;, source _a.length;) 
908118     DEBUG Test worker     d.u.i.k.j.JavaProgramElement Program match failed (pattern true;, source _a.length;) 
908118     DEBUG Test worker     d.u.i.k.j.JavaProgramElement Program match failed (pattern false;, source _a.length;) 
908134     DEBUG Test worker     d.u.i.k.j.JavaProgramElement Program match failed (pattern true;, source i_1 < i_2;) 
908134     DEBUG Test worker     d.u.i.k.j.JavaProgramElement Program match failed (pattern false;, source i_1 < i_2;) 
908134     DEBUG Test worker     d.u.i.k.j.JavaProgramElement Program match failed (pattern true;, source i_1 < i_2;) 
908134     DEBUG Test worker     d.u.i.k.j.JavaProgramElement Program match failed (pattern false;, source i_1 < i_2;) 
908134     DEBUG Test worker     d.u.i.k.j.JavaProgramElement Program match failed (pattern true;, source i_1 < i_2;) 
908134     DEBUG Test worker     d.u.i.k.j.JavaProgramElement Program match failed (pattern false;, source i_1 < i_2;) 
908134     DEBUG Test worker     d.u.i.k.j.JavaProgramElement Program match failed (pattern true;, source i_1 < i_2;) 
908134     DEBUG Test worker     d.u.i.k.j.JavaProgramElement Program match failed (pattern false;, source i_1 < i_2;) 
908134     DEBUG Test worker     d.u.i.k.j.JavaProgramElement Program match failed (pattern true;, source i_1 < i_2;) 
908134     DEBUG Test worker     d.u.i.k.j.JavaProgramElement Program match failed (pattern false;, source i_1 < i_2;) 
908134     DEBUG Test worker     d.u.i.k.j.JavaProgramElement Program match failed (pattern true;, source i_1 < i_2;) 
908134     DEBUG Test worker     d.u.i.k.j.JavaProgramElement Program match failed (pattern false;, source i_1 < i_2;) 
908134     DEBUG Test worker     d.u.i.k.j.JavaProgramElement Program match failed (pattern true;, source i_1 < i_2;) 
908134     DEBUG Test worker     d.u.i.k.j.JavaProgramElement Program match failed (pattern false;, source i_1 < i_2;) 
908134     DEBUG Test worker     d.u.i.k.j.JavaProgramElement Program match failed (pattern true;, source i_1 < i_2;) 
908134     DEBUG Test worker     d.u.i.k.j.JavaProgramElement Program match failed (pattern false;, source i_1 < i_2;) 
908134     DEBUG Test worker     d.u.i.k.j.JavaProgramElement Program match failed (pattern true;, source i_1 < i_2;) 
908134     DEBUG Test worker     d.u.i.k.j.JavaProgramElement Program match failed (pattern false;, source i_1 < i_2;) 
908134     DEBUG Test worker     d.u.i.k.j.JavaProgramElement Program match failed (pattern true;, source i_1 < i_2;) 
908134     DEBUG Test worker     d.u.i.k.j.JavaProgramElement Program match failed (pattern false;, source i_1 < i_2;) 
908134     DEBUG Test worker     d.u.i.k.j.JavaProgramElement Program match failed (pattern true;, source i_1 < i_2;) 
908134     DEBUG Test worker     d.u.i.k.j.JavaProgramElement Program match failed (pattern false;, source i_1 < i_2;) 
908134     DEBUG Test worker     d.u.i.k.j.JavaProgramElement Program match failed (pattern true;, source i_1 < i_2;) 
908134     DEBUG Test worker     d.u.i.k.j.JavaProgramElement Program match failed (pattern false;, source i_1 < i_2;) 
908134     DEBUG Test worker     d.u.i.k.j.JavaProgramElement Program match failed (pattern true;, source i_1 < i_2;) 
908134     DEBUG Test worker     d.u.i.k.j.JavaProgramElement Program match failed (pattern false;, source i_1 < i_2;) 
908149     DEBUG Test worker     d.u.i.k.j.JavaProgramElement Program match failed (pattern true;, source i_1 < i_2;) 
908149     DEBUG Test worker     d.u.i.k.j.JavaProgramElement Program match failed (pattern false;, source i_1 < i_2;) 
908149     DEBUG Test worker     d.u.i.k.j.JavaProgramElement Program match failed (pattern true;, source !b_3;) 
908149     DEBUG Test worker     d.u.i.k.j.JavaProgramElement Program match failed (pattern false;, source !b_3;) 
908149     DEBUG Test worker     d.u.i.k.j.JavaProgramElement Program match failed (pattern true;, source !b_3;) 
908149     DEBUG Test worker     d.u.i.k.j.JavaProgramElement Program match failed (pattern false;, source !b_3;) 
908149     DEBUG Test worker     d.u.i.k.j.JavaProgramElement Program match failed (pattern true;, source !b_3;) 
908149     DEBUG Test worker     d.u.i.k.j.JavaProgramElement Program match failed (pattern false;, source !b_3;) 
908149     DEBUG Test worker     d.u.i.k.j.JavaProgramElement Program match failed (pattern true;, source !b_3;) 
908149     DEBUG Test worker     d.u.i.k.j.JavaProgramElement Program match failed (pattern false;, source !b_3;) 
908149     DEBUG Test worker     d.u.i.k.j.JavaProgramElement Program match failed (pattern true;, source !b_3;) 
908149     DEBUG Test worker     d.u.i.k.j.JavaProgramElement Program match failed (pattern false;, source !b_3;) 
908149     DEBUG Test worker     d.u.i.k.j.JavaProgramElement Program match failed (pattern true;, source !b_3;) 
908149     DEBUG Test worker     d.u.i.k.j.JavaProgramElement Program match failed (pattern false;, source !b_3;) 
908149     DEBUG Test worker     d.u.i.k.j.JavaProgramElement Program match failed (pattern true;, source !b_3;) 
908149     DEBUG Test worker     d.u.i.k.j.JavaProgramElement Program match failed (pattern false;, source !b_3;) 
908149     DEBUG Test worker     d.u.i.k.j.JavaProgramElement Program match failed (pattern true;, source !b_3;) 
908149     DEBUG Test worker     d.u.i.k.j.JavaProgramElement Program match failed (pattern false;, source !b_3;) 
908149     DEBUG Test worker     d.u.i.k.j.JavaProgramElement Program match failed (pattern true;, source !b_3;) 
908149     DEBUG Test worker     d.u.i.k.j.JavaProgramElement Program match failed (pattern false;, source !b_3;) 
908149     DEBUG Test worker     d.u.i.k.j.JavaProgramElement Program match failed (pattern true;, source !b_3;) 
908149     DEBUG Test worker     d.u.i.k.j.JavaProgramElement Program match failed (pattern false;, source !b_3;) 
908149     DEBUG Test worker     d.u.i.k.j.JavaProgramElement Program match failed (pattern true;, source !b_3;) 
908149     DEBUG Test worker     d.u.i.k.j.JavaProgramElement Program match failed (pattern false;, source !b_3;) 
908149     DEBUG Test worker     d.u.i.k.j.JavaProgramElement Program match failed (pattern true;, source !b_3;) 
908149     DEBUG Test worker     d.u.i.k.j.JavaProgramElement Program match failed (pattern false;, source !b_3;) 
908165     DEBUG Test worker     d.u.i.k.j.JavaProgramElement Program match failed (pattern true;, source !b_3;) 
908165     DEBUG Test worker     d.u.i.k.j.JavaProgramElement Program match failed (pattern false;, source !b_3;) 
908165     DEBUG Test worker     d.u.i.k.j.JavaProgramElement Program match failed (pattern true;, source !b_3;) 
908165     DEBUG Test worker     d.u.i.k.j.JavaProgramElement Program match failed (pattern false;, source !b_3;) 
908165     DEBUG Test worker     d.u.i.k.j.JavaProgramElement Program match failed (pattern true;, source !b_3;) 
908165     DEBUG Test worker     d.u.i.k.j.JavaProgramElement Program match failed (pattern false;, source !b_3;) 
908165     DEBUG Test worker     d.u.i.k.j.JavaProgramElement Program match failed (pattern true;, source !b_3;) 
908165     DEBUG Test worker     d.u.i.k.j.JavaProgramElement Program match failed (pattern false;, source !b_3;) 
908165     DEBUG Test worker     d.u.i.k.j.JavaProgramElement Program match failed (pattern true;, source !b_3;) 
908165     DEBUG Test worker     d.u.i.k.j.JavaProgramElement Program match failed (pattern false;, source !b_3;) 
908165     DEBUG Test worker     d.u.i.k.j.JavaProgramElement Program match failed (pattern true;, source !b_3;) 
908165     DEBUG Test worker     d.u.i.k.j.JavaProgramElement Program match failed (pattern false;, source !b_3;) 
908165     DEBUG Test worker     d.u.i.k.j.JavaProgramElement Program match failed (pattern true;, source !b_3;) 
908165     DEBUG Test worker     d.u.i.k.j.JavaProgramElement Program match failed (pattern false;, source !b_3;) 
908165     DEBUG Test worker     d.u.i.k.j.JavaProgramElement Program match failed (pattern true;, source !b_3;) 
908165     DEBUG Test worker     d.u.i.k.j.JavaProgramElement Program match failed (pattern false;, source !b_3;) 
908165     DEBUG Test worker     d.u.i.k.j.JavaProgramElement Program match failed (pattern true;, source !b_3;) 
908165     DEBUG Test worker     d.u.i.k.j.JavaProgramElement Program match failed (pattern false;, source !b_3;) 
908165     DEBUG Test worker     d.u.i.k.j.JavaProgramElement Program match failed (pattern true;, source !b_3;) 
908165     DEBUG Test worker     d.u.i.k.j.JavaProgramElement Program match failed (pattern false;, source !b_3;) 
908165     DEBUG Test worker     d.u.i.k.j.JavaProgramElement Program match failed (pattern true;, source !b_3;) 
908165     DEBUG Test worker     d.u.i.k.j.JavaProgramElement Program match failed (pattern false;, source !b_3;) 
908165     DEBUG Test worker     d.u.i.k.j.JavaProgramElement Program match failed (pattern true;, source !b_3;) 
908165     DEBUG Test worker     d.u.i.k.j.JavaProgramElement Program match failed (pattern false;, source !b_3;) 
908165     DEBUG Test worker     d.u.i.k.j.JavaProgramElement Program match failed (pattern true;, source !b_3;) 
908165     DEBUG Test worker     d.u.i.k.j.JavaProgramElement Program match failed (pattern false;, source !b_3;) 
908165     DEBUG Test worker     d.u.i.k.j.JavaProgramElement Program match failed (pattern true;, source !b_3;) 
908165     DEBUG Test worker     d.u.i.k.j.JavaProgramElement Program match failed (pattern false;, source !b_3;) 
908181     DEBUG Test worker     d.u.i.k.j.JavaProgramElement Program match failed (pattern true;, source !b_3;) 
908181     DEBUG Test worker     d.u.i.k.j.JavaProgramElement Program match failed (pattern false;, source !b_3;) 
908181     DEBUG Test worker     d.u.i.k.j.JavaProgramElement Program match failed (pattern true;, source !b_3;) 
908181     DEBUG Test worker     d.u.i.k.j.JavaProgramElement Program match failed (pattern false;, source !b_3;) 
908181     DEBUG Test worker     d.u.i.k.j.JavaProgramElement Program match failed (pattern true;, source !b_3;) 
908181     DEBUG Test worker     d.u.i.k.j.JavaProgramElement Program match failed (pattern false;, source !b_3;) 
908181     DEBUG Test worker     d.u.i.k.j.JavaProgramElement Program match failed (pattern true;, source !b_3;) 
908181     DEBUG Test worker     d.u.i.k.j.JavaProgramElement Program match failed (pattern false;, source !b_3;) 
908181     DEBUG Test worker     d.u.i.k.j.JavaProgramElement Program match failed (pattern true;, source !b_3;) 
908181     DEBUG Test worker     d.u.i.k.j.JavaProgramElement Program match failed (pattern false;, source !b_3;) 
908181     DEBUG Test worker     d.u.i.k.j.JavaProgramElement Program match failed (pattern true;, source !b_3;) 
908181     DEBUG Test worker     d.u.i.k.j.JavaProgramElement Program match failed (pattern false;, source !b_3;) 
908181     DEBUG Test worker     d.u.i.k.j.JavaProgramElement Program match failed (pattern true;, source !b_3;) 
908181     DEBUG Test worker     d.u.i.k.j.JavaProgramElement Program match failed (pattern false;, source !b_3;) 
908181     DEBUG Test worker     d.u.i.k.j.JavaProgramElement Program match failed (pattern true;, source !b_3;) 
908181     DEBUG Test worker     d.u.i.k.j.JavaProgramElement Program match failed (pattern false;, source !b_3;) 
908196     DEBUG Test worker     d.u.i.k.j.JavaProgramElement Program match failed (pattern true;, source !b_3;) 
908196     DEBUG Test worker     d.u.i.k.j.JavaProgramElement Program match failed (pattern false;, source !b_3;) 
908196     DEBUG Test worker     d.u.i.k.j.JavaProgramElement Program match failed (pattern true;, source !b_3;) 
908196     DEBUG Test worker     d.u.i.k.j.JavaProgramElement Program match failed (pattern false;, source !b_3;) 
908196     DEBUG Test worker     d.u.i.k.j.JavaProgramElement Program match failed (pattern true;, source !b_3;) 
908196     DEBUG Test worker     d.u.i.k.j.JavaProgramElement Program match failed (pattern false;, source !b_3;) 
908196     DEBUG Test worker     d.u.i.k.j.JavaProgramElement Program match failed (pattern true;, source !b_3;) 
908196     DEBUG Test worker     d.u.i.k.j.JavaProgramElement Program match failed (pattern false;, source !b_3;) 
908228     DEBUG Test worker     d.u.i.k.j.JavaProgramElement Program match failed (pattern true;, source !i < _a.length;) 
908228     DEBUG Test worker     d.u.i.k.j.JavaProgramElement Program match failed (pattern false;, source !i < _a.length;) 
908228     DEBUG Test worker     d.u.i.k.j.JavaProgramElement Program match failed (pattern true;, source !i < _a.length;) 
908228     DEBUG Test worker     d.u.i.k.j.JavaProgramElement Program match failed (pattern false;, source !i < _a.length;) 
908228     DEBUG Test worker     d.u.i.k.j.JavaProgramElement Program match failed (pattern true;, source i < _a.length;) 
908228     DEBUG Test worker     d.u.i.k.j.JavaProgramElement Program match failed (pattern false;, source i < _a.length;) 
908228     DEBUG Test worker     d.u.i.k.j.JavaProgramElement Program match failed (pattern true;, source i < _a.length;) 
908228     DEBUG Test worker     d.u.i.k.j.JavaProgramElement Program match failed (pattern false;, source i < _a.length;) 
908243     DEBUG Test worker     d.u.i.k.j.JavaProgramElement Program match failed (pattern true;, source i) 
908243     DEBUG Test worker     d.u.i.k.j.JavaProgramElement Program match failed (pattern false;, source i) 
908243     DEBUG Test worker     d.u.i.k.j.JavaProgramElement Program match failed (pattern true;, source i) 
908243     DEBUG Test worker     d.u.i.k.j.JavaProgramElement Program match failed (pattern false;, source i) 
908260     DEBUG Test worker     d.u.i.k.j.JavaProgramElement Program match failed (pattern true;, source _a.length;) 
908260     DEBUG Test worker     d.u.i.k.j.JavaProgramElement Program match failed (pattern false;, source _a.length;) 
908260     DEBUG Test worker     d.u.i.k.j.JavaProgramElement Program match failed (pattern true;, source _a.length;) 
908260     DEBUG Test worker     d.u.i.k.j.JavaProgramElement Program match failed (pattern false;, source _a.length;) 
908274     DEBUG Test worker     d.u.i.k.j.JavaProgramElement Program match failed (pattern true;, source i_3 < i_4;) 
908274     DEBUG Test worker     d.u.i.k.j.JavaProgramElement Program match failed (pattern false;, source i_3 < i_4;) 
908274     DEBUG Test worker     d.u.i.k.j.JavaProgramElement Program match failed (pattern true;, source i_3 < i_4;) 
908274     DEBUG Test worker     d.u.i.k.j.JavaProgramElement Program match failed (pattern false;, source i_3 < i_4;) 
908274     DEBUG Test worker     d.u.i.k.j.JavaProgramElement Program match failed (pattern true;, source i_3 < i_4;) 
908274     DEBUG Test worker     d.u.i.k.j.JavaProgramElement Program match failed (pattern false;, source i_3 < i_4;) 
908274     DEBUG Test worker     d.u.i.k.j.JavaProgramElement Program match failed (pattern true;, source i_3 < i_4;) 
908274     DEBUG Test worker     d.u.i.k.j.JavaProgramElement Program match failed (pattern false;, source i_3 < i_4;) 
908274     DEBUG Test worker     d.u.i.k.j.JavaProgramElement Program match failed (pattern true;, source i_3 < i_4;) 
908274     DEBUG Test worker     d.u.i.k.j.JavaProgramElement Program match failed (pattern false;, source i_3 < i_4;) 
908274     DEBUG Test worker     d.u.i.k.j.JavaProgramElement Program match failed (pattern true;, source i_3 < i_4;) 
908274     DEBUG Test worker     d.u.i.k.j.JavaProgramElement Program match failed (pattern false;, source i_3 < i_4;) 
908274     DEBUG Test worker     d.u.i.k.j.JavaProgramElement Program match failed (pattern true;, source i_3 < i_4;) 
908274     DEBUG Test worker     d.u.i.k.j.JavaProgramElement Program match failed (pattern false;, source i_3 < i_4;) 
908290     DEBUG Test worker     d.u.i.k.j.JavaProgramElement Program match failed (pattern true;, source i_3 < i_4;) 
908290     DEBUG Test worker     d.u.i.k.j.JavaProgramElement Program match failed (pattern false;, source i_3 < i_4;) 
908290     DEBUG Test worker     d.u.i.k.j.JavaProgramElement Program match failed (pattern true;, source i_3 < i_4;) 
908290     DEBUG Test worker     d.u.i.k.j.JavaProgramElement Program match failed (pattern false;, source i_3 < i_4;) 
908290     DEBUG Test worker     d.u.i.k.j.JavaProgramElement Program match failed (pattern true;, source i_3 < i_4;) 
908290     DEBUG Test worker     d.u.i.k.j.JavaProgramElement Program match failed (pattern false;, source i_3 < i_4;) 
908290     DEBUG Test worker     d.u.i.k.j.JavaProgramElement Program match failed (pattern true;, source i_3 < i_4;) 
908290     DEBUG Test worker     d.u.i.k.j.JavaProgramElement Program match failed (pattern false;, source i_3 < i_4;) 
908290     DEBUG Test worker     d.u.i.k.j.JavaProgramElement Program match failed (pattern true;, source i_3 < i_4;) 
908290     DEBUG Test worker     d.u.i.k.j.JavaProgramElement Program match failed (pattern false;, source i_3 < i_4;) 
908290     DEBUG Test worker     d.u.i.k.j.JavaProgramElement Program match failed (pattern true;, source !b_5;) 
908290     DEBUG Test worker     d.u.i.k.j.JavaProgramElement Program match failed (pattern false;, source !b_5;) 
908290     DEBUG Test worker     d.u.i.k.j.JavaProgramElement Program match failed (pattern true;, source !b_5;) 
908290     DEBUG Test worker     d.u.i.k.j.JavaProgramElement Program match failed (pattern false;, source !b_5;) 
908306     DEBUG Test worker     d.u.i.k.j.JavaProgramElement Program match failed (pattern true;, source !b_5;) 
908306     DEBUG Test worker     d.u.i.k.j.JavaProgramElement Program match failed (pattern false;, source !b_5;) 
908306     DEBUG Test worker     d.u.i.k.j.JavaProgramElement Program match failed (pattern true;, source !b_5;) 
908306     DEBUG Test worker     d.u.i.k.j.JavaProgramElement Program match failed (pattern false;, source !b_5;) 
908306     DEBUG Test worker     d.u.i.k.j.JavaProgramElement Program match failed (pattern true;, source !b_5;) 
908306     DEBUG Test worker     d.u.i.k.j.JavaProgramElement Program match failed (pattern false;, source !b_5;) 
908306     DEBUG Test worker     d.u.i.k.j.JavaProgramElement Program match failed (pattern true;, source !b_5;) 
908306     DEBUG Test worker     d.u.i.k.j.JavaProgramElement Program match failed (pattern false;, source !b_5;) 
908306     DEBUG Test worker     d.u.i.k.j.JavaProgramElement Program match failed (pattern true;, source !b_5;) 
908306     DEBUG Test worker     d.u.i.k.j.JavaProgramElement Program match failed (pattern false;, source !b_5;) 
908306     DEBUG Test worker     d.u.i.k.j.JavaProgramElement Program match failed (pattern true;, source !b_5;) 
908306     DEBUG Test worker     d.u.i.k.j.JavaProgramElement Program match failed (pattern false;, source !b_5;) 
908306     DEBUG Test worker     d.u.i.k.j.JavaProgramElement Program match failed (pattern true;, source !b_5;) 
908306     DEBUG Test worker     d.u.i.k.j.JavaProgramElement Program match failed (pattern false;, source !b_5;) 
908306     DEBUG Test worker     d.u.i.k.j.JavaProgramElement Program match failed (pattern true;, source !b_5;) 
908306     DEBUG Test worker     d.u.i.k.j.JavaProgramElement Program match failed (pattern false;, source !b_5;) 
908321     DEBUG Test worker     d.u.i.k.j.JavaProgramElement Program match failed (pattern true;, source !b_5;) 
908321     DEBUG Test worker     d.u.i.k.j.JavaProgramElement Program match failed (pattern false;, source !b_5;) 
908321     DEBUG Test worker     d.u.i.k.j.JavaProgramElement Program match failed (pattern true;, source !b_5;) 
908321     DEBUG Test worker     d.u.i.k.j.JavaProgramElement Program match failed (pattern false;, source !b_5;) 
908321     DEBUG Test worker     d.u.i.k.j.JavaProgramElement Program match failed (pattern true;, source !b_5;) 
908321     DEBUG Test worker     d.u.i.k.j.JavaProgramElement Program match failed (pattern false;, source !b_5;) 
908321     DEBUG Test worker     d.u.i.k.j.JavaProgramElement Program match failed (pattern true;, source !b_5;) 
908321     DEBUG Test worker     d.u.i.k.j.JavaProgramElement Program match failed (pattern false;, source !b_5;) 
908321     DEBUG Test worker     d.u.i.k.j.JavaProgramElement Program match failed (pattern true;, source !b_5;) 
908321     DEBUG Test worker     d.u.i.k.j.JavaProgramElement Program match failed (pattern false;, source !b_5;) 
908321     DEBUG Test worker     d.u.i.k.j.JavaProgramElement Program match failed (pattern true;, source !b_5;) 
908321     DEBUG Test worker     d.u.i.k.j.JavaProgramElement Program match failed (pattern false;, source !b_5;) 
908321     DEBUG Test worker     d.u.i.k.j.JavaProgramElement Program match failed (pattern true;, source !b_5;) 
908321     DEBUG Test worker     d.u.i.k.j.JavaProgramElement Program match failed (pattern false;, source !b_5;) 
908321     DEBUG Test worker     d.u.i.k.j.JavaProgramElement Program match failed (pattern true;, source !b_5;) 
908321     DEBUG Test worker     d.u.i.k.j.JavaProgramElement Program match failed (pattern false;, source !b_5;) 
908321     DEBUG Test worker     d.u.i.k.j.JavaProgramElement Program match failed (pattern true;, source !b_5;) 
908321     DEBUG Test worker     d.u.i.k.j.JavaProgramElement Program match failed (pattern false;, source !b_5;) 
908321     DEBUG Test worker     d.u.i.k.j.JavaProgramElement Program match failed (pattern true;, source !b_5;) 
908321     DEBUG Test worker     d.u.i.k.j.JavaProgramElement Program match failed (pattern false;, source !b_5;) 
908321     DEBUG Test worker     d.u.i.k.j.JavaProgramElement Program match failed (pattern true;, source !b_5;) 
908321     DEBUG Test worker     d.u.i.k.j.JavaProgramElement Program match failed (pattern false;, source !b_5;) 
908321     DEBUG Test worker     d.u.i.k.j.JavaProgramElement Program match failed (pattern true;, source !b_5;) 
908337     DEBUG Test worker     d.u.i.k.j.JavaProgramElement Program match failed (pattern false;, source !b_5;) 
908337     DEBUG Test worker     d.u.i.k.j.JavaProgramElement Program match failed (pattern true;, source !b_5;) 
908337     DEBUG Test worker     d.u.i.k.j.JavaProgramElement Program match failed (pattern false;, source !b_5;) 
908337     DEBUG Test worker     d.u.i.k.j.JavaProgramElement Program match failed (pattern true;, source !b_5;) 
908337     DEBUG Test worker     d.u.i.k.j.JavaProgramElement Program match failed (pattern false;, source !b_5;) 
908337     DEBUG Test worker     d.u.i.k.j.JavaProgramElement Program match failed (pattern true;, source !b_5;) 
908337     DEBUG Test worker     d.u.i.k.j.JavaProgramElement Program match failed (pattern false;, source !b_5;) 
908337     DEBUG Test worker     d.u.i.k.j.JavaProgramElement Program match failed (pattern true;, source !b_5;) 
908337     DEBUG Test worker     d.u.i.k.j.JavaProgramElement Program match failed (pattern false;, source !b_5;) 
908353     DEBUG Test worker     d.u.i.k.j.JavaProgramElement Program match failed (pattern true;, source !b_5;) 
908353     DEBUG Test worker     d.u.i.k.j.JavaProgramElement Program match failed (pattern false;, source !b_5;) 
908353     DEBUG Test worker     d.u.i.k.j.JavaProgramElement Program match failed (pattern true;, source !b_5;) 
908353     DEBUG Test worker     d.u.i.k.j.JavaProgramElement Program match failed (pattern false;, source !b_5;) 
908353     DEBUG Test worker     d.u.i.k.j.JavaProgramElement Program match failed (pattern true;, source !b_5;) 
908353     DEBUG Test worker     d.u.i.k.j.JavaProgramElement Program match failed (pattern false;, source !b_5;) 
908353     DEBUG Test worker     d.u.i.k.j.JavaProgramElement Program match failed (pattern true;, source !b_5;) 
908353     DEBUG Test worker     d.u.i.k.j.JavaProgramElement Program match failed (pattern false;, source !b_5;) 
908353     DEBUG Test worker     d.u.i.k.j.JavaProgramElement Program match failed (pattern true;, source !b_5;) 
908353     DEBUG Test worker     d.u.i.k.j.JavaProgramElement Program match failed (pattern false;, source !b_5;) 
908353     DEBUG Test worker     d.u.i.k.j.JavaProgramElement Program match failed (pattern true;, source !b_5;) 
908353     DEBUG Test worker     d.u.i.k.j.JavaProgramElement Program match failed (pattern false;, source !b_5;) 
908353     DEBUG Test worker     d.u.i.k.j.JavaProgramElement Program match failed (pattern true;, source !b_5;) 
908353     DEBUG Test worker     d.u.i.k.j.JavaProgramElement Program match failed (pattern false;, source !b_5;) 
908353     DEBUG Test worker     d.u.i.k.j.JavaProgramElement Program match failed (pattern true;, source !b_5;) 
908353     DEBUG Test worker     d.u.i.k.j.JavaProgramElement Program match failed (pattern false;, source !b_5;) 
908368     DEBUG Test worker     d.u.i.k.j.JavaProgramElement Program match failed (pattern true;, source !b_5;) 
908368     DEBUG Test worker     d.u.i.k.j.JavaProgramElement Program match failed (pattern false;, source !b_5;) 
908368     DEBUG Test worker     d.u.i.k.j.JavaProgramElement Program match failed (pattern true;, source !b_5;) 
908368     DEBUG Test worker     d.u.i.k.j.JavaProgramElement Program match failed (pattern false;, source !b_5;) 
908368     DEBUG Test worker     d.u.i.k.j.JavaProgramElement Program match failed (pattern true;, source !b_5;) 
908368     DEBUG Test worker     d.u.i.k.j.JavaProgramElement Program match failed (pattern false;, source !b_5;) 
908368     DEBUG Test worker     d.u.i.k.j.JavaProgramElement Program match failed (pattern true;, source !b_5;) 
908368     DEBUG Test worker     d.u.i.k.j.JavaProgramElement Program match failed (pattern false;, source !b_5;) 
908415     DEBUG Test worker     d.u.i.k.j.JavaProgramElement Program match failed (pattern false;, source j < _b.length;) 
908415     DEBUG Test worker     d.u.i.k.j.JavaProgramElement Program match failed (pattern true;, source j < _b.length;) 
908415     DEBUG Test worker     d.u.i.k.j.JavaProgramElement Program match failed (pattern false;, source j < _b.length;) 
908415     DEBUG Test worker     d.u.i.k.j.JavaProgramElement Program match failed (pattern true;, source j < _b.length;) 
908415     DEBUG Test worker     d.u.i.k.j.JavaProgramElement Program match failed (pattern true;, source j < _b.length;) 
908415     DEBUG Test worker     d.u.i.k.j.JavaProgramElement Program match failed (pattern false;, source j < _b.length;) 
908415     DEBUG Test worker     d.u.i.k.j.JavaProgramElement Program match failed (pattern true;, source j < _b.length;) 
908415     DEBUG Test worker     d.u.i.k.j.JavaProgramElement Program match failed (pattern false;, source j < _b.length;) 
908415     DEBUG Test worker     d.u.i.k.j.JavaProgramElement Program match failed (pattern true;, source false;) 
908415     DEBUG Test worker     d.u.i.k.j.JavaProgramElement Program match failed (pattern true;, source false;) 
908415     DEBUG Test worker     d.u.i.k.j.JavaProgramElement Program match failed (pattern false;, source j < _b.length;) 
908415     DEBUG Test worker     d.u.i.k.j.JavaProgramElement Program match failed (pattern true;, source j < _b.length;) 
908415     DEBUG Test worker     d.u.i.k.j.JavaProgramElement Program match failed (pattern false;, source j < _b.length;) 
908415     DEBUG Test worker     d.u.i.k.j.JavaProgramElement Program match failed (pattern true;, source j < _b.length;) 
908415     DEBUG Test worker     d.u.i.k.j.JavaProgramElement Program match failed (pattern true;, source j < _b.length;) 
908415     DEBUG Test worker     d.u.i.k.j.JavaProgramElement Program match failed (pattern false;, source j < _b.length;) 
908415     DEBUG Test worker     d.u.i.k.j.JavaProgramElement Program match failed (pattern true;, source j < _b.length;) 
908415     DEBUG Test worker     d.u.i.k.j.JavaProgramElement Program match failed (pattern false;, source j < _b.length;) 
908446     DEBUG Test worker     d.u.i.k.j.JavaProgramElement Program match failed (pattern true;, source j) 
908446     DEBUG Test worker     d.u.i.k.j.JavaProgramElement Program match failed (pattern false;, source j) 
908446     DEBUG Test worker     d.u.i.k.j.JavaProgramElement Program match failed (pattern true;, source j) 
908446     DEBUG Test worker     d.u.i.k.j.JavaProgramElement Program match failed (pattern false;, source j) 
908462     DEBUG Test worker     d.u.i.k.j.JavaProgramElement Program match failed (pattern true;, source _b.length;) 
908462     DEBUG Test worker     d.u.i.k.j.JavaProgramElement Program match failed (pattern false;, source _b.length;) 
908462     DEBUG Test worker     d.u.i.k.j.JavaProgramElement Program match failed (pattern true;, source _b.length;) 
908462     DEBUG Test worker     d.u.i.k.j.JavaProgramElement Program match failed (pattern false;, source _b.length;) 
908462     DEBUG Test worker     d.u.i.k.j.JavaProgramElement Program match failed (pattern true;, source i_5 < i_6;) 
908462     DEBUG Test worker     d.u.i.k.j.JavaProgramElement Program match failed (pattern false;, source i_5 < i_6;) 
908462     DEBUG Test worker     d.u.i.k.j.JavaProgramElement Program match failed (pattern true;, source i_5 < i_6;) 
908462     DEBUG Test worker     d.u.i.k.j.JavaProgramElement Program match failed (pattern false;, source i_5 < i_6;) 
908462     DEBUG Test worker     d.u.i.k.j.JavaProgramElement Program match failed (pattern true;, source i_5 < i_6;) 
908462     DEBUG Test worker     d.u.i.k.j.JavaProgramElement Program match failed (pattern false;, source i_5 < i_6;) 
908462     DEBUG Test worker     d.u.i.k.j.JavaProgramElement Program match failed (pattern true;, source i_5 < i_6;) 
908462     DEBUG Test worker     d.u.i.k.j.JavaProgramElement Program match failed (pattern false;, source i_5 < i_6;) 
908462     DEBUG Test worker     d.u.i.k.j.JavaProgramElement Program match failed (pattern true;, source i_5 < i_6;) 
908462     DEBUG Test worker     d.u.i.k.j.JavaProgramElement Program match failed (pattern false;, source i_5 < i_6;) 
908462     DEBUG Test worker     d.u.i.k.j.JavaProgramElement Program match failed (pattern true;, source i_5 < i_6;) 
908462     DEBUG Test worker     d.u.i.k.j.JavaProgramElement Program match failed (pattern false;, source i_5 < i_6;) 
908462     DEBUG Test worker     d.u.i.k.j.JavaProgramElement Program match failed (pattern true;, source i_5 < i_6;) 
908462     DEBUG Test worker     d.u.i.k.j.JavaProgramElement Program match failed (pattern false;, source i_5 < i_6;) 
908462     DEBUG Test worker     d.u.i.k.j.JavaProgramElement Program match failed (pattern true;, source i_5 < i_6;) 
908462     DEBUG Test worker     d.u.i.k.j.JavaProgramElement Program match failed (pattern false;, source i_5 < i_6;) 
908462     DEBUG Test worker     d.u.i.k.j.JavaProgramElement Program match failed (pattern true;, source i_5 < i_6;) 
908462     DEBUG Test worker     d.u.i.k.j.JavaProgramElement Program match failed (pattern false;, source i_5 < i_6;) 
908462     DEBUG Test worker     d.u.i.k.j.JavaProgramElement Program match failed (pattern true;, source i_5 < i_6;) 
908462     DEBUG Test worker     d.u.i.k.j.JavaProgramElement Program match failed (pattern false;, source i_5 < i_6;) 
908478     DEBUG Test worker     d.u.i.k.j.JavaProgramElement Program match failed (pattern true;, source i_5 < i_6;) 
908478     DEBUG Test worker     d.u.i.k.j.JavaProgramElement Program match failed (pattern false;, source i_5 < i_6;) 
908478     DEBUG Test worker     d.u.i.k.j.JavaProgramElement Program match failed (pattern true;, source i_5 < i_6;) 
908478     DEBUG Test worker     d.u.i.k.j.JavaProgramElement Program match failed (pattern false;, source i_5 < i_6;) 
908478     DEBUG Test worker     d.u.i.k.j.JavaProgramElement Program match failed (pattern true;, source i_5 < i_6;) 
908478     DEBUG Test worker     d.u.i.k.j.JavaProgramElement Program match failed (pattern false;, source i_5 < i_6;) 
908478     DEBUG Test worker     d.u.i.k.j.JavaProgramElement Program match failed (pattern true;, source i_5 < i_6;) 
908478     DEBUG Test worker     d.u.i.k.j.JavaProgramElement Program match failed (pattern false;, source i_5 < i_6;) 
908540     DEBUG Test worker     d.u.i.k.j.JavaProgramElement Program match failed (pattern false;, source j < _b.length;) 
908540     DEBUG Test worker     d.u.i.k.j.JavaProgramElement Program match failed (pattern true;, source j < _b.length;) 
908540     DEBUG Test worker     d.u.i.k.j.JavaProgramElement Program match failed (pattern false;, source j < _b.length;) 
908540     DEBUG Test worker     d.u.i.k.j.JavaProgramElement Program match failed (pattern true;, source j < _b.length;) 
908540     DEBUG Test worker     d.u.i.k.j.JavaProgramElement Program match failed (pattern true;, source j < _b.length;) 
908540     DEBUG Test worker     d.u.i.k.j.JavaProgramElement Program match failed (pattern false;, source j < _b.length;) 
908540     DEBUG Test worker     d.u.i.k.j.JavaProgramElement Program match failed (pattern true;, source j < _b.length;) 
908540     DEBUG Test worker     d.u.i.k.j.JavaProgramElement Program match failed (pattern false;, source j < _b.length;) 
908556     DEBUG Test worker     d.u.i.k.j.JavaProgramElement Program match failed (pattern true;, source false;) 
908603     DEBUG Test worker     d.u.i.k.j.JavaProgramElement Program match failed (pattern true;, source false;) 
908603     DEBUG Test worker     d.u.i.k.j.JavaProgramElement Program match failed (pattern false;, source j < _b.length;) 
908603     DEBUG Test worker     d.u.i.k.j.JavaProgramElement Program match failed (pattern true;, source j < _b.length;) 
908603     DEBUG Test worker     d.u.i.k.j.JavaProgramElement Program match failed (pattern false;, source j < _b.length;) 
908603     DEBUG Test worker     d.u.i.k.j.JavaProgramElement Program match failed (pattern true;, source j < _b.length;) 
908603     DEBUG Test worker     d.u.i.k.j.JavaProgramElement Program match failed (pattern true;, source j < _b.length;) 
908603     DEBUG Test worker     d.u.i.k.j.JavaProgramElement Program match failed (pattern false;, source j < _b.length;) 
908603     DEBUG Test worker     d.u.i.k.j.JavaProgramElement Program match failed (pattern true;, source j < _b.length;) 
908603     DEBUG Test worker     d.u.i.k.j.JavaProgramElement Program match failed (pattern false;, source j < _b.length;) 
908634     DEBUG Test worker     d.u.i.k.j.JavaProgramElement Program match failed (pattern false;, source j) 
908634     DEBUG Test worker     d.u.i.k.j.JavaProgramElement Program match failed (pattern true;, source j) 
908634     DEBUG Test worker     d.u.i.k.j.JavaProgramElement Program match failed (pattern false;, source j) 
908634     DEBUG Test worker     d.u.i.k.j.JavaProgramElement Program match failed (pattern true;, source j) 
908634     DEBUG Test worker     d.u.i.k.j.JavaProgramElement Program match failed (pattern true;, source j) 
908634     DEBUG Test worker     d.u.i.k.j.JavaProgramElement Program match failed (pattern false;, source j) 
908634     DEBUG Test worker     d.u.i.k.j.JavaProgramElement Program match failed (pattern true;, source j) 
908634     DEBUG Test worker     d.u.i.k.j.JavaProgramElement Program match failed (pattern false;, source j) 
908665     DEBUG Test worker     d.u.i.k.j.JavaProgramElement Program match failed (pattern false;, source _b.length;) 
908665     DEBUG Test worker     d.u.i.k.j.JavaProgramElement Program match failed (pattern true;, source _b.length;) 
908665     DEBUG Test worker     d.u.i.k.j.JavaProgramElement Program match failed (pattern false;, source _b.length;) 
908665     DEBUG Test worker     d.u.i.k.j.JavaProgramElement Program match failed (pattern true;, source _b.length;) 
908665     DEBUG Test worker     d.u.i.k.j.JavaProgramElement Program match failed (pattern true;, source _b.length;) 
908665     DEBUG Test worker     d.u.i.k.j.JavaProgramElement Program match failed (pattern false;, source _b.length;) 
908665     DEBUG Test worker     d.u.i.k.j.JavaProgramElement Program match failed (pattern true;, source _b.length;) 
908665     DEBUG Test worker     d.u.i.k.j.JavaProgramElement Program match failed (pattern false;, source _b.length;) 
908665     DEBUG Test worker     d.u.i.k.j.JavaProgramElement Program match failed (pattern false;, source i_7 < i_8;) 
908696     DEBUG Test worker     d.u.i.k.j.JavaProgramElement Program match failed (pattern true;, source i_7 < i_8;) 
908696     DEBUG Test worker     d.u.i.k.j.JavaProgramElement Program match failed (pattern false;, source i_7 < i_8;) 
908696     DEBUG Test worker     d.u.i.k.j.JavaProgramElement Program match failed (pattern true;, source i_7 < i_8;) 
908696     DEBUG Test worker     d.u.i.k.j.JavaProgramElement Program match failed (pattern true;, source i_7 < i_8;) 
908696     DEBUG Test worker     d.u.i.k.j.JavaProgramElement Program match failed (pattern false;, source i_7 < i_8;) 
908696     DEBUG Test worker     d.u.i.k.j.JavaProgramElement Program match failed (pattern true;, source i_7 < i_8;) 
908696     DEBUG Test worker     d.u.i.k.j.JavaProgramElement Program match failed (pattern false;, source i_7 < i_8;) 
908696     DEBUG Test worker     d.u.i.k.j.JavaProgramElement Program match failed (pattern false;, source i_7 < i_8;) 
908696     DEBUG Test worker     d.u.i.k.j.JavaProgramElement Program match failed (pattern true;, source i_7 < i_8;) 
908696     DEBUG Test worker     d.u.i.k.j.JavaProgramElement Program match failed (pattern false;, source i_7 < i_8;) 
908696     DEBUG Test worker     d.u.i.k.j.JavaProgramElement Program match failed (pattern true;, source i_7 < i_8;) 
908696     DEBUG Test worker     d.u.i.k.j.JavaProgramElement Program match failed (pattern true;, source i_7 < i_8;) 
908696     DEBUG Test worker     d.u.i.k.j.JavaProgramElement Program match failed (pattern false;, source i_7 < i_8;) 
908696     DEBUG Test worker     d.u.i.k.j.JavaProgramElement Program match failed (pattern true;, source i_7 < i_8;) 
908696     DEBUG Test worker     d.u.i.k.j.JavaProgramElement Program match failed (pattern false;, source i_7 < i_8;) 
908696     DEBUG Test worker     d.u.i.k.j.JavaProgramElement Program match failed (pattern false;, source i_7 < i_8;) 
908712     DEBUG Test worker     d.u.i.k.j.JavaProgramElement Program match failed (pattern true;, source i_7 < i_8;) 
908712     DEBUG Test worker     d.u.i.k.j.JavaProgramElement Program match failed (pattern false;, source i_7 < i_8;) 
908712     DEBUG Test worker     d.u.i.k.j.JavaProgramElement Program match failed (pattern true;, source i_7 < i_8;) 
908712     DEBUG Test worker     d.u.i.k.j.JavaProgramElement Program match failed (pattern true;, source i_7 < i_8;) 
908712     DEBUG Test worker     d.u.i.k.j.JavaProgramElement Program match failed (pattern false;, source i_7 < i_8;) 
908712     DEBUG Test worker     d.u.i.k.j.JavaProgramElement Program match failed (pattern true;, source i_7 < i_8;) 
908712     DEBUG Test worker     d.u.i.k.j.JavaProgramElement Program match failed (pattern false;, source i_7 < i_8;) 
908712     DEBUG Test worker     d.u.i.k.j.JavaProgramElement Program match failed (pattern false;, source i_7 < i_8;) 
908712     DEBUG Test worker     d.u.i.k.j.JavaProgramElement Program match failed (pattern true;, source i_7 < i_8;) 
908712     DEBUG Test worker     d.u.i.k.j.JavaProgramElement Program match failed (pattern false;, source i_7 < i_8;) 
908712     DEBUG Test worker     d.u.i.k.j.JavaProgramElement Program match failed (pattern true;, source i_7 < i_8;) 
908712     DEBUG Test worker     d.u.i.k.j.JavaProgramElement Program match failed (pattern true;, source i_7 < i_8;) 
908712     DEBUG Test worker     d.u.i.k.j.JavaProgramElement Program match failed (pattern false;, source i_7 < i_8;) 
908712     DEBUG Test worker     d.u.i.k.j.JavaProgramElement Program match failed (pattern true;, source i_7 < i_8;) 
908712     DEBUG Test worker     d.u.i.k.j.JavaProgramElement Program match failed (pattern false;, source i_7 < i_8;) 
908712     DEBUG Test worker     d.u.i.k.j.JavaProgramElement Program match failed (pattern false;, source i_7 < i_8;) 
908712     DEBUG Test worker     d.u.i.k.j.JavaProgramElement Program match failed (pattern true;, source i_7 < i_8;) 
908712     DEBUG Test worker     d.u.i.k.j.JavaProgramElement Program match failed (pattern false;, source i_7 < i_8;) 
908712     DEBUG Test worker     d.u.i.k.j.JavaProgramElement Program match failed (pattern true;, source i_7 < i_8;) 
908712     DEBUG Test worker     d.u.i.k.j.JavaProgramElement Program match failed (pattern true;, source i_7 < i_8;) 
908712     DEBUG Test worker     d.u.i.k.j.JavaProgramElement Program match failed (pattern false;, source i_7 < i_8;) 
908712     DEBUG Test worker     d.u.i.k.j.JavaProgramElement Program match failed (pattern true;, source i_7 < i_8;) 
908712     DEBUG Test worker     d.u.i.k.j.JavaProgramElement Program match failed (pattern false;, source i_7 < i_8;) 
908712     DEBUG Test worker     d.u.i.k.j.JavaProgramElement Program match failed (pattern false;, source i_7 < i_8;) 
908712     DEBUG Test worker     d.u.i.k.j.JavaProgramElement Program match failed (pattern true;, source i_7 < i_8;) 
908712     DEBUG Test worker     d.u.i.k.j.JavaProgramElement Program match failed (pattern false;, source i_7 < i_8;) 
908712     DEBUG Test worker     d.u.i.k.j.JavaProgramElement Program match failed (pattern true;, source i_7 < i_8;) 
908712     DEBUG Test worker     d.u.i.k.j.JavaProgramElement Program match failed (pattern true;, source i_7 < i_8;) 
908712     DEBUG Test worker     d.u.i.k.j.JavaProgramElement Program match failed (pattern false;, source i_7 < i_8;) 
908712     DEBUG Test worker     d.u.i.k.j.JavaProgramElement Program match failed (pattern true;, source i_7 < i_8;) 
908728     DEBUG Test worker     d.u.i.k.j.JavaProgramElement Program match failed (pattern false;, source i_7 < i_8;) 
908806     DEBUG Test worker     d.u.i.k.j.JavaProgramElement Program match failed (pattern true;, source _a[i] < _b[j];) 
908806     DEBUG Test worker     d.u.i.k.j.JavaProgramElement Program match failed (pattern false;, source _a[i] < _b[j];) 
908806     DEBUG Test worker     d.u.i.k.j.JavaProgramElement Program match failed (pattern true;, source _a[i] < _b[j];) 
908806     DEBUG Test worker     d.u.i.k.j.JavaProgramElement Program match failed (pattern false;, source _a[i] < _b[j];) 
908821     DEBUG Test worker     d.u.i.k.j.JavaProgramElement Program match failed (pattern true;, source _a[i];) 
908821     DEBUG Test worker     d.u.i.k.j.JavaProgramElement Program match failed (pattern false;, source _a[i];) 
908821     DEBUG Test worker     d.u.i.k.j.JavaProgramElement Program match failed (pattern true;, source _a[i];) 
908821     DEBUG Test worker     d.u.i.k.j.JavaProgramElement Program match failed (pattern false;, source _a[i];) 
908868     DEBUG Test worker     d.u.i.k.j.JavaProgramElement Program match failed (pattern true;, source _b[j];) 
908868     DEBUG Test worker     d.u.i.k.j.JavaProgramElement Program match failed (pattern false;, source _b[j];) 
908868     DEBUG Test worker     d.u.i.k.j.JavaProgramElement Program match failed (pattern true;, source _b[j];) 
908868     DEBUG Test worker     d.u.i.k.j.JavaProgramElement Program match failed (pattern false;, source _b[j];) 
908884     DEBUG Test worker     d.u.i.k.j.JavaProgramElement Program match failed (pattern true;, source i_9 < i_10;) 
908884     DEBUG Test worker     d.u.i.k.j.JavaProgramElement Program match failed (pattern false;, source i_9 < i_10;) 
908884     DEBUG Test worker     d.u.i.k.j.JavaProgramElement Program match failed (pattern true;, source i_9 < i_10;) 
908884     DEBUG Test worker     d.u.i.k.j.JavaProgramElement Program match failed (pattern false;, source i_9 < i_10;) 
908900     DEBUG Test worker     d.u.i.k.j.JavaProgramElement Program match failed (pattern true;, source i_9 < i_10;) 
908900     DEBUG Test worker     d.u.i.k.j.JavaProgramElement Program match failed (pattern false;, source i_9 < i_10;) 
908900     DEBUG Test worker     d.u.i.k.j.JavaProgramElement Program match failed (pattern true;, source i_9 < i_10;) 
908900     DEBUG Test worker     d.u.i.k.j.JavaProgramElement Program match failed (pattern false;, source i_9 < i_10;) 
908915     DEBUG Test worker     d.u.i.k.j.JavaProgramElement Program match failed (pattern true;, source i_9 < i_10;) 
908915     DEBUG Test worker     d.u.i.k.j.JavaProgramElement Program match failed (pattern false;, source i_9 < i_10;) 
908915     DEBUG Test worker     d.u.i.k.j.JavaProgramElement Program match failed (pattern true;, source i_9 < i_10;) 
908915     DEBUG Test worker     d.u.i.k.j.JavaProgramElement Program match failed (pattern false;, source i_9 < i_10;) 
908915     DEBUG Test worker     d.u.i.k.j.JavaProgramElement Program match failed (pattern true;, source i_9 < i_10;) 
908915     DEBUG Test worker     d.u.i.k.j.JavaProgramElement Program match failed (pattern false;, source i_9 < i_10;) 
908915     DEBUG Test worker     d.u.i.k.j.JavaProgramElement Program match failed (pattern true;, source i_9 < i_10;) 
908915     DEBUG Test worker     d.u.i.k.j.JavaProgramElement Program match failed (pattern false;, source i_9 < i_10;) 
908915     DEBUG Test worker     d.u.i.k.j.JavaProgramElement Program match failed (pattern true;, source i_9 < i_10;) 
908915     DEBUG Test worker     d.u.i.k.j.JavaProgramElement Program match failed (pattern false;, source i_9 < i_10;) 
908915     DEBUG Test worker     d.u.i.k.j.JavaProgramElement Program match failed (pattern true;, source i_9 < i_10;) 
908915     DEBUG Test worker     d.u.i.k.j.JavaProgramElement Program match failed (pattern false;, source i_9 < i_10;) 
908915     DEBUG Test worker     d.u.i.k.j.JavaProgramElement Program match failed (pattern true;, source i_9 < i_10;) 
908915     DEBUG Test worker     d.u.i.k.j.JavaProgramElement Program match failed (pattern false;, source i_9 < i_10;) 
908915     DEBUG Test worker     d.u.i.k.j.JavaProgramElement Program match failed (pattern true;, source i_9 < i_10;) 
908915     DEBUG Test worker     d.u.i.k.j.JavaProgramElement Program match failed (pattern false;, source i_9 < i_10;) 
908915     DEBUG Test worker     d.u.i.k.j.JavaProgramElement Program match failed (pattern true;, source i_9 < i_10;) 
908915     DEBUG Test worker     d.u.i.k.j.JavaProgramElement Program match failed (pattern false;, source i_9 < i_10;) 
908915     DEBUG Test worker     d.u.i.k.j.JavaProgramElement Program match failed (pattern true;, source i_9 < i_10;) 
908915     DEBUG Test worker     d.u.i.k.j.JavaProgramElement Program match failed (pattern false;, source i_9 < i_10;) 
908915     DEBUG Test worker     d.u.i.k.j.JavaProgramElement Program match failed (pattern true;, source i_9 < i_10;) 
908915     DEBUG Test worker     d.u.i.k.j.JavaProgramElement Program match failed (pattern false;, source i_9 < i_10;) 
908915     DEBUG Test worker     d.u.i.k.j.JavaProgramElement Program match failed (pattern true;, source i_9 < i_10;) 
908915     DEBUG Test worker     d.u.i.k.j.JavaProgramElement Program match failed (pattern false;, source i_9 < i_10;) 
908915     DEBUG Test worker     d.u.i.k.j.JavaProgramElement Program match failed (pattern true;, source i_9 < i_10;) 
908915     DEBUG Test worker     d.u.i.k.j.JavaProgramElement Program match failed (pattern false;, source i_9 < i_10;) 
908915     DEBUG Test worker     d.u.i.k.j.JavaProgramElement Program match failed (pattern true;, source i_9 < i_10;) 
908915     DEBUG Test worker     d.u.i.k.j.JavaProgramElement Program match failed (pattern false;, source i_9 < i_10;) 
908915     DEBUG Test worker     d.u.i.k.j.JavaProgramElement Program match failed (pattern true;, source i_9 < i_10;) 
908915     DEBUG Test worker     d.u.i.k.j.JavaProgramElement Program match failed (pattern false;, source i_9 < i_10;) 
908915     DEBUG Test worker     d.u.i.k.j.JavaProgramElement Program match failed (pattern true;, source i_9 < i_10;) 
908915     DEBUG Test worker     d.u.i.k.j.JavaProgramElement Program match failed (pattern false;, source i_9 < i_10;) 
908931     DEBUG Test worker     d.u.i.k.j.JavaProgramElement Program match failed (pattern true;, source i_9 < i_10;) 
908931     DEBUG Test worker     d.u.i.k.j.JavaProgramElement Program match failed (pattern false;, source i_9 < i_10;) 
908931     DEBUG Test worker     d.u.i.k.j.JavaProgramElement Program match failed (pattern true;, source i_9 < i_10;) 
908931     DEBUG Test worker     d.u.i.k.j.JavaProgramElement Program match failed (pattern false;, source i_9 < i_10;) 
909009     DEBUG Test worker     d.u.i.k.j.JavaProgramElement Program match failed (pattern true;, source _b[j] < _a[i];) 
909009     DEBUG Test worker     d.u.i.k.j.JavaProgramElement Program match failed (pattern false;, source _b[j] < _a[i];) 
909009     DEBUG Test worker     d.u.i.k.j.JavaProgramElement Program match failed (pattern true;, source _b[j] < _a[i];) 
909009     DEBUG Test worker     d.u.i.k.j.JavaProgramElement Program match failed (pattern false;, source _b[j] < _a[i];) 
909025     DEBUG Test worker     d.u.i.k.j.JavaProgramElement Program match failed (pattern true;, source _b[j];) 
909025     DEBUG Test worker     d.u.i.k.j.JavaProgramElement Program match failed (pattern false;, source _b[j];) 
909025     DEBUG Test worker     d.u.i.k.j.JavaProgramElement Program match failed (pattern true;, source _b[j];) 
909025     DEBUG Test worker     d.u.i.k.j.JavaProgramElement Program match failed (pattern false;, source _b[j];) 
909072     DEBUG Test worker     d.u.i.k.j.JavaProgramElement Program match failed (pattern true;, source _a[i];) 
909072     DEBUG Test worker     d.u.i.k.j.JavaProgramElement Program match failed (pattern false;, source _a[i];) 
909072     DEBUG Test worker     d.u.i.k.j.JavaProgramElement Program match failed (pattern true;, source _a[i];) 
909072     DEBUG Test worker     d.u.i.k.j.JavaProgramElement Program match failed (pattern false;, source _a[i];) 
909072     DEBUG Test worker     d.u.i.k.j.JavaProgramElement Program match failed (pattern true;, source i_11 < i_12;) 
909072     DEBUG Test worker     d.u.i.k.j.JavaProgramElement Program match failed (pattern false;, source i_11 < i_12;) 
909072     DEBUG Test worker     d.u.i.k.j.JavaProgramElement Program match failed (pattern true;, source i_11 < i_12;) 
909072     DEBUG Test worker     d.u.i.k.j.JavaProgramElement Program match failed (pattern false;, source i_11 < i_12;) 
909103     DEBUG Test worker     d.u.i.k.j.JavaProgramElement Program match failed (pattern true;, source i_11 < i_12;) 
909103     DEBUG Test worker     d.u.i.k.j.JavaProgramElement Program match failed (pattern false;, source i_11 < i_12;) 
909103     DEBUG Test worker     d.u.i.k.j.JavaProgramElement Program match failed (pattern true;, source i_11 < i_12;) 
909103     DEBUG Test worker     d.u.i.k.j.JavaProgramElement Program match failed (pattern false;, source i_11 < i_12;) 
909103     DEBUG Test worker     d.u.i.k.j.JavaProgramElement Program match failed (pattern true;, source i_11 < i_12;) 
909103     DEBUG Test worker     d.u.i.k.j.JavaProgramElement Program match failed (pattern false;, source i_11 < i_12;) 
909103     DEBUG Test worker     d.u.i.k.j.JavaProgramElement Program match failed (pattern true;, source i_11 < i_12;) 
909103     DEBUG Test worker     d.u.i.k.j.JavaProgramElement Program match failed (pattern false;, source i_11 < i_12;) 
909103     DEBUG Test worker     d.u.i.k.j.JavaProgramElement Program match failed (pattern true;, source i_11 < i_12;) 
909119     DEBUG Test worker     d.u.i.k.j.JavaProgramElement Program match failed (pattern false;, source i_11 < i_12;) 
909119     DEBUG Test worker     d.u.i.k.j.JavaProgramElement Program match failed (pattern true;, source i_11 < i_12;) 
909119     DEBUG Test worker     d.u.i.k.j.JavaProgramElement Program match failed (pattern false;, source i_11 < i_12;) 
909119     DEBUG Test worker     d.u.i.k.j.JavaProgramElement Program match failed (pattern true;, source i_11 < i_12;) 
909119     DEBUG Test worker     d.u.i.k.j.JavaProgramElement Program match failed (pattern false;, source i_11 < i_12;) 
909119     DEBUG Test worker     d.u.i.k.j.JavaProgramElement Program match failed (pattern true;, source i_11 < i_12;) 
909119     DEBUG Test worker     d.u.i.k.j.JavaProgramElement Program match failed (pattern false;, source i_11 < i_12;) 
909119     DEBUG Test worker     d.u.i.k.j.JavaProgramElement Program match failed (pattern true;, source i_11 < i_12;) 
909119     DEBUG Test worker     d.u.i.k.j.JavaProgramElement Program match failed (pattern false;, source i_11 < i_12;) 
909119     DEBUG Test worker     d.u.i.k.j.JavaProgramElement Program match failed (pattern true;, source i_11 < i_12;) 
909119     DEBUG Test worker     d.u.i.k.j.JavaProgramElement Program match failed (pattern false;, source i_11 < i_12;) 
909119     DEBUG Test worker     d.u.i.k.j.JavaProgramElement Program match failed (pattern true;, source i_11 < i_12;) 
909119     DEBUG Test worker     d.u.i.k.j.JavaProgramElement Program match failed (pattern false;, source i_11 < i_12;) 
909119     DEBUG Test worker     d.u.i.k.j.JavaProgramElement Program match failed (pattern true;, source i_11 < i_12;) 
909119     DEBUG Test worker     d.u.i.k.j.JavaProgramElement Program match failed (pattern false;, source i_11 < i_12;) 
909119     DEBUG Test worker     d.u.i.k.j.JavaProgramElement Program match failed (pattern true;, source i_11 < i_12;) 
909119     DEBUG Test worker     d.u.i.k.j.JavaProgramElement Program match failed (pattern false;, source i_11 < i_12;) 
909119     DEBUG Test worker     d.u.i.k.j.JavaProgramElement Program match failed (pattern true;, source i_11 < i_12;) 
909119     DEBUG Test worker     d.u.i.k.j.JavaProgramElement Program match failed (pattern false;, source i_11 < i_12;) 
909119     DEBUG Test worker     d.u.i.k.j.JavaProgramElement Program match failed (pattern true;, source i_11 < i_12;) 
909119     DEBUG Test worker     d.u.i.k.j.JavaProgramElement Program match failed (pattern false;, source i_11 < i_12;) 
909119     DEBUG Test worker     d.u.i.k.j.JavaProgramElement Program match failed (pattern true;, source i_11 < i_12;) 
909119     DEBUG Test worker     d.u.i.k.j.JavaProgramElement Program match failed (pattern false;, source i_11 < i_12;) 
909119     DEBUG Test worker     d.u.i.k.j.JavaProgramElement Program match failed (pattern true;, source i_11 < i_12;) 
909119     DEBUG Test worker     d.u.i.k.j.JavaProgramElement Program match failed (pattern false;, source i_11 < i_12;) 
909119     DEBUG Test worker     d.u.i.k.j.JavaProgramElement Program match failed (pattern true;, source i_11 < i_12;) 
909119     DEBUG Test worker     d.u.i.k.j.JavaProgramElement Program match failed (pattern false;, source i_11 < i_12;) 
909119     DEBUG Test worker     d.u.i.k.j.JavaProgramElement Program match failed (pattern true;, source i_11 < i_12;) 
909119     DEBUG Test worker     d.u.i.k.j.JavaProgramElement Program match failed (pattern false;, source i_11 < i_12;) 
909119     DEBUG Test worker     d.u.i.k.j.JavaProgramElement Program match failed (pattern true;, source i_11 < i_12;) 
909119     DEBUG Test worker     d.u.i.k.j.JavaProgramElement Program match failed (pattern false;, source i_11 < i_12;) 
909228     DEBUG Test worker     d.u.i.k.j.JavaProgramElement Program match failed (pattern true;, source (int) (i + 1);) 
909228     DEBUG Test worker     d.u.i.k.j.JavaProgramElement Program match failed (pattern false;, source (int) (i + 1);) 
909228     DEBUG Test worker     d.u.i.k.j.JavaProgramElement Program match failed (pattern true;, source (int) (i + 1);) 
909228     DEBUG Test worker     d.u.i.k.j.JavaProgramElement Program match failed (pattern false;, source (int) (i + 1);) 
909244     DEBUG Test worker     d.u.i.k.j.JavaProgramElement Program match failed (pattern true;, source (i + 1);) 
909244     DEBUG Test worker     d.u.i.k.j.JavaProgramElement Program match failed (pattern false;, source (i + 1);) 
909244     DEBUG Test worker     d.u.i.k.j.JavaProgramElement Program match failed (pattern true;, source (i + 1);) 
909244     DEBUG Test worker     d.u.i.k.j.JavaProgramElement Program match failed (pattern false;, source (i + 1);) 
909244     DEBUG Test worker     d.u.i.k.j.JavaProgramElement Program match failed (pattern true;, source i + 1;) 
909244     DEBUG Test worker     d.u.i.k.j.JavaProgramElement Program match failed (pattern false;, source i + 1;) 
909244     DEBUG Test worker     d.u.i.k.j.JavaProgramElement Program match failed (pattern true;, source i + 1;) 
909244     DEBUG Test worker     d.u.i.k.j.JavaProgramElement Program match failed (pattern false;, source i + 1;) 
909259     DEBUG Test worker     d.u.i.k.j.JavaProgramElement Program match failed (pattern true;, source (int) i_13;) 
909259     DEBUG Test worker     d.u.i.k.j.JavaProgramElement Program match failed (pattern false;, source (int) i_13;) 
909259     DEBUG Test worker     d.u.i.k.j.JavaProgramElement Program match failed (pattern true;, source (int) i_13;) 
909259     DEBUG Test worker     d.u.i.k.j.JavaProgramElement Program match failed (pattern false;, source (int) i_13;) 
909259     DEBUG Test worker     d.u.i.k.j.JavaProgramElement Program match failed (pattern true;, source (int) i_13;) 
909259     DEBUG Test worker     d.u.i.k.j.JavaProgramElement Program match failed (pattern false;, source (int) i_13;) 
909259     DEBUG Test worker     d.u.i.k.j.JavaProgramElement Program match failed (pattern true;, source (int) i_13;) 
909259     DEBUG Test worker     d.u.i.k.j.JavaProgramElement Program match failed (pattern false;, source (int) i_13;) 
909259     DEBUG Test worker     d.u.i.k.j.JavaProgramElement Program match failed (pattern true;, source (int) i_13;) 
909259     DEBUG Test worker     d.u.i.k.j.JavaProgramElement Program match failed (pattern false;, source (int) i_13;) 
909259     DEBUG Test worker     d.u.i.k.j.JavaProgramElement Program match failed (pattern true;, source (int) i_13;) 
909259     DEBUG Test worker     d.u.i.k.j.JavaProgramElement Program match failed (pattern false;, source (int) i_13;) 
909259     DEBUG Test worker     d.u.i.k.j.JavaProgramElement Program match failed (pattern true;, source (int) i_13;) 
909259     DEBUG Test worker     d.u.i.k.j.JavaProgramElement Program match failed (pattern false;, source (int) i_13;) 
909259     DEBUG Test worker     d.u.i.k.j.JavaProgramElement Program match failed (pattern true;, source (int) i_13;) 
909259     DEBUG Test worker     d.u.i.k.j.JavaProgramElement Program match failed (pattern false;, source (int) i_13;) 
909259     DEBUG Test worker     d.u.i.k.j.JavaProgramElement Program match failed (pattern true;, source (int) i_13;) 
909259     DEBUG Test worker     d.u.i.k.j.JavaProgramElement Program match failed (pattern false;, source (int) i_13;) 
909259     DEBUG Test worker     d.u.i.k.j.JavaProgramElement Program match failed (pattern true;, source (int) i_13;) 
909259     DEBUG Test worker     d.u.i.k.j.JavaProgramElement Program match failed (pattern false;, source (int) i_13;) 
909259     DEBUG Test worker     d.u.i.k.j.JavaProgramElement Program match failed (pattern true;, source (int) i_13;) 
909259     DEBUG Test worker     d.u.i.k.j.JavaProgramElement Program match failed (pattern false;, source (int) i_13;) 
909259     DEBUG Test worker     d.u.i.k.j.JavaProgramElement Program match failed (pattern true;, source (int) i_13;) 
909275     DEBUG Test worker     d.u.i.k.j.JavaProgramElement Program match failed (pattern false;, source (int) i_13;) 
909275     DEBUG Test worker     d.u.i.k.j.JavaProgramElement Program match failed (pattern true;, source (int) i_13;) 
909275     DEBUG Test worker     d.u.i.k.j.JavaProgramElement Program match failed (pattern false;, source (int) i_13;) 
909275     DEBUG Test worker     d.u.i.k.j.JavaProgramElement Program match failed (pattern true;, source (int) i_13;) 
909275     DEBUG Test worker     d.u.i.k.j.JavaProgramElement Program match failed (pattern false;, source (int) i_13;) 
909275     DEBUG Test worker     d.u.i.k.j.JavaProgramElement Program match failed (pattern true;, source (int) i_13;) 
909275     DEBUG Test worker     d.u.i.k.j.JavaProgramElement Program match failed (pattern false;, source (int) i_13;) 
909275     DEBUG Test worker     d.u.i.k.j.JavaProgramElement Program match failed (pattern true;, source (int) i_13;) 
909275     DEBUG Test worker     d.u.i.k.j.JavaProgramElement Program match failed (pattern false;, source (int) i_13;) 
909275     DEBUG Test worker     d.u.i.k.j.JavaProgramElement Program match failed (pattern true;, source (int) i_13;) 
909275     DEBUG Test worker     d.u.i.k.j.JavaProgramElement Program match failed (pattern false;, source (int) i_13;) 
909275     DEBUG Test worker     d.u.i.k.j.JavaProgramElement Program match failed (pattern true;, source (int) i_13;) 
909275     DEBUG Test worker     d.u.i.k.j.JavaProgramElement Program match failed (pattern false;, source (int) i_13;) 
909275     DEBUG Test worker     d.u.i.k.j.JavaProgramElement Program match failed (pattern true;, source i_13) 
909275     DEBUG Test worker     d.u.i.k.j.JavaProgramElement Program match failed (pattern false;, source i_13) 
909275     DEBUG Test worker     d.u.i.k.j.JavaProgramElement Program match failed (pattern true;, source i_13) 
909275     DEBUG Test worker     d.u.i.k.j.JavaProgramElement Program match failed (pattern false;, source i_13) 
909306     DEBUG Test worker     d.u.i.k.j.JavaProgramElement Program match failed (pattern true;, source (int) (j + 1);) 
909306     DEBUG Test worker     d.u.i.k.j.JavaProgramElement Program match failed (pattern false;, source (int) (j + 1);) 
909306     DEBUG Test worker     d.u.i.k.j.JavaProgramElement Program match failed (pattern true;, source (int) (j + 1);) 
909306     DEBUG Test worker     d.u.i.k.j.JavaProgramElement Program match failed (pattern false;, source (int) (j + 1);) 
909322     DEBUG Test worker     d.u.i.k.j.JavaProgramElement Program match failed (pattern true;, source (j + 1);) 
909322     DEBUG Test worker     d.u.i.k.j.JavaProgramElement Program match failed (pattern false;, source (j + 1);) 
909322     DEBUG Test worker     d.u.i.k.j.JavaProgramElement Program match failed (pattern true;, source (j + 1);) 
909322     DEBUG Test worker     d.u.i.k.j.JavaProgramElement Program match failed (pattern false;, source (j + 1);) 
909322     DEBUG Test worker     d.u.i.k.j.JavaProgramElement Program match failed (pattern true;, source j + 1;) 
909322     DEBUG Test worker     d.u.i.k.j.JavaProgramElement Program match failed (pattern false;, source j + 1;) 
909322     DEBUG Test worker     d.u.i.k.j.JavaProgramElement Program match failed (pattern true;, source j + 1;) 
909322     DEBUG Test worker     d.u.i.k.j.JavaProgramElement Program match failed (pattern false;, source j + 1;) 
909322     DEBUG Test worker     d.u.i.k.j.JavaProgramElement Program match failed (pattern true;, source (int) i_14;) 
909322     DEBUG Test worker     d.u.i.k.j.JavaProgramElement Program match failed (pattern false;, source (int) i_14;) 
909337     DEBUG Test worker     d.u.i.k.j.JavaProgramElement Program match failed (pattern true;, source (int) i_14;) 
909337     DEBUG Test worker     d.u.i.k.j.JavaProgramElement Program match failed (pattern false;, source (int) i_14;) 
909337     DEBUG Test worker     d.u.i.k.j.JavaProgramElement Program match failed (pattern true;, source (int) i_14;) 
909337     DEBUG Test worker     d.u.i.k.j.JavaProgramElement Program match failed (pattern false;, source (int) i_14;) 
909337     DEBUG Test worker     d.u.i.k.j.JavaProgramElement Program match failed (pattern true;, source (int) i_14;) 
909337     DEBUG Test worker     d.u.i.k.j.JavaProgramElement Program match failed (pattern false;, source (int) i_14;) 
909337     DEBUG Test worker     d.u.i.k.j.JavaProgramElement Program match failed (pattern true;, source (int) i_14;) 
909337     DEBUG Test worker     d.u.i.k.j.JavaProgramElement Program match failed (pattern false;, source (int) i_14;) 
909337     DEBUG Test worker     d.u.i.k.j.JavaProgramElement Program match failed (pattern true;, source (int) i_14;) 
909337     DEBUG Test worker     d.u.i.k.j.JavaProgramElement Program match failed (pattern false;, source (int) i_14;) 
909337     DEBUG Test worker     d.u.i.k.j.JavaProgramElement Program match failed (pattern true;, source (int) i_14;) 
909337     DEBUG Test worker     d.u.i.k.j.JavaProgramElement Program match failed (pattern false;, source (int) i_14;) 
909337     DEBUG Test worker     d.u.i.k.j.JavaProgramElement Program match failed (pattern true;, source (int) i_14;) 
909337     DEBUG Test worker     d.u.i.k.j.JavaProgramElement Program match failed (pattern false;, source (int) i_14;) 
909337     DEBUG Test worker     d.u.i.k.j.JavaProgramElement Program match failed (pattern true;, source (int) i_14;) 
909337     DEBUG Test worker     d.u.i.k.j.JavaProgramElement Program match failed (pattern false;, source (int) i_14;) 
909353     DEBUG Test worker     d.u.i.k.j.JavaProgramElement Program match failed (pattern true;, source (int) i_14;) 
909353     DEBUG Test worker     d.u.i.k.j.JavaProgramElement Program match failed (pattern false;, source (int) i_14;) 
909353     DEBUG Test worker     d.u.i.k.j.JavaProgramElement Program match failed (pattern true;, source (int) i_14;) 
909353     DEBUG Test worker     d.u.i.k.j.JavaProgramElement Program match failed (pattern false;, source (int) i_14;) 
909353     DEBUG Test worker     d.u.i.k.j.JavaProgramElement Program match failed (pattern true;, source (int) i_14;) 
909353     DEBUG Test worker     d.u.i.k.j.JavaProgramElement Program match failed (pattern false;, source (int) i_14;) 
909353     DEBUG Test worker     d.u.i.k.j.JavaProgramElement Program match failed (pattern true;, source (int) i_14;) 
909353     DEBUG Test worker     d.u.i.k.j.JavaProgramElement Program match failed (pattern false;, source (int) i_14;) 
909353     DEBUG Test worker     d.u.i.k.j.JavaProgramElement Program match failed (pattern true;, source (int) i_14;) 
909353     DEBUG Test worker     d.u.i.k.j.JavaProgramElement Program match failed (pattern false;, source (int) i_14;) 
909353     DEBUG Test worker     d.u.i.k.j.JavaProgramElement Program match failed (pattern true;, source (int) i_14;) 
909353     DEBUG Test worker     d.u.i.k.j.JavaProgramElement Program match failed (pattern false;, source (int) i_14;) 
909353     DEBUG Test worker     d.u.i.k.j.JavaProgramElement Program match failed (pattern true;, source (int) i_14;) 
909353     DEBUG Test worker     d.u.i.k.j.JavaProgramElement Program match failed (pattern false;, source (int) i_14;) 
909353     DEBUG Test worker     d.u.i.k.j.JavaProgramElement Program match failed (pattern true;, source (int) i_14;) 
909353     DEBUG Test worker     d.u.i.k.j.JavaProgramElement Program match failed (pattern false;, source (int) i_14;) 
909353     DEBUG Test worker     d.u.i.k.j.JavaProgramElement Program match failed (pattern true;, source (int) i_14;) 
909353     DEBUG Test worker     d.u.i.k.j.JavaProgramElement Program match failed (pattern false;, source (int) i_14;) 
909369     DEBUG Test worker     d.u.i.k.j.JavaProgramElement Program match failed (pattern true;, source i_14) 
909369     DEBUG Test worker     d.u.i.k.j.JavaProgramElement Program match failed (pattern false;, source i_14) 
909369     DEBUG Test worker     d.u.i.k.j.JavaProgramElement Program match failed (pattern true;, source i_14) 
909369     DEBUG Test worker     d.u.i.k.j.JavaProgramElement Program match failed (pattern false;, source i_14) 
909384     DEBUG Test worker     d.u.i.k.j.JavaProgramElement Program match failed (pattern true;, source (int) (result + 1);) 
909384     DEBUG Test worker     d.u.i.k.j.JavaProgramElement Program match failed (pattern false;, source (int) (result + 1);) 
909400     DEBUG Test worker     d.u.i.k.j.JavaProgramElement Program match failed (pattern true;, source (int) (result + 1);) 
909400     DEBUG Test worker     d.u.i.k.j.JavaProgramElement Program match failed (pattern false;, source (int) (result + 1);) 
909400     DEBUG Test worker     d.u.i.k.j.JavaProgramElement Program match failed (pattern true;, source (result + 1);) 
909400     DEBUG Test worker     d.u.i.k.j.JavaProgramElement Program match failed (pattern false;, source (result + 1);) 
909400     DEBUG Test worker     d.u.i.k.j.JavaProgramElement Program match failed (pattern true;, source (result + 1);) 
909400     DEBUG Test worker     d.u.i.k.j.JavaProgramElement Program match failed (pattern false;, source (result + 1);) 
909415     DEBUG Test worker     d.u.i.k.j.JavaProgramElement Program match failed (pattern true;, source result + 1;) 
909415     DEBUG Test worker     d.u.i.k.j.JavaProgramElement Program match failed (pattern false;, source result + 1;) 
909415     DEBUG Test worker     d.u.i.k.j.JavaProgramElement Program match failed (pattern true;, source result + 1;) 
909415     DEBUG Test worker     d.u.i.k.j.JavaProgramElement Program match failed (pattern false;, source result + 1;) 
909415     DEBUG Test worker     d.u.i.k.j.JavaProgramElement Program match failed (pattern true;, source (int) i_15;) 
909415     DEBUG Test worker     d.u.i.k.j.JavaProgramElement Program match failed (pattern false;, source (int) i_15;) 
909415     DEBUG Test worker     d.u.i.k.j.JavaProgramElement Program match failed (pattern true;, source (int) i_15;) 
909415     DEBUG Test worker     d.u.i.k.j.JavaProgramElement Program match failed (pattern false;, source (int) i_15;) 
909415     DEBUG Test worker     d.u.i.k.j.JavaProgramElement Program match failed (pattern true;, source (int) i_15;) 
909415     DEBUG Test worker     d.u.i.k.j.JavaProgramElement Program match failed (pattern false;, source (int) i_15;) 
909415     DEBUG Test worker     d.u.i.k.j.JavaProgramElement Program match failed (pattern true;, source (int) i_15;) 
909415     DEBUG Test worker     d.u.i.k.j.JavaProgramElement Program match failed (pattern false;, source (int) i_15;) 
909431     DEBUG Test worker     d.u.i.k.j.JavaProgramElement Program match failed (pattern true;, source (int) i_15;) 
909431     DEBUG Test worker     d.u.i.k.j.JavaProgramElement Program match failed (pattern false;, source (int) i_15;) 
909431     DEBUG Test worker     d.u.i.k.j.JavaProgramElement Program match failed (pattern true;, source (int) i_15;) 
909431     DEBUG Test worker     d.u.i.k.j.JavaProgramElement Program match failed (pattern false;, source (int) i_15;) 
909431     DEBUG Test worker     d.u.i.k.j.JavaProgramElement Program match failed (pattern true;, source (int) i_15;) 
909431     DEBUG Test worker     d.u.i.k.j.JavaProgramElement Program match failed (pattern false;, source (int) i_15;) 
909431     DEBUG Test worker     d.u.i.k.j.JavaProgramElement Program match failed (pattern true;, source (int) i_15;) 
909431     DEBUG Test worker     d.u.i.k.j.JavaProgramElement Program match failed (pattern false;, source (int) i_15;) 
909431     DEBUG Test worker     d.u.i.k.j.JavaProgramElement Program match failed (pattern true;, source (int) i_15;) 
909431     DEBUG Test worker     d.u.i.k.j.JavaProgramElement Program match failed (pattern false;, source (int) i_15;) 
909431     DEBUG Test worker     d.u.i.k.j.JavaProgramElement Program match failed (pattern true;, source (int) i_15;) 
909431     DEBUG Test worker     d.u.i.k.j.JavaProgramElement Program match failed (pattern false;, source (int) i_15;) 
909431     DEBUG Test worker     d.u.i.k.j.JavaProgramElement Program match failed (pattern true;, source (int) i_15;) 
909431     DEBUG Test worker     d.u.i.k.j.JavaProgramElement Program match failed (pattern false;, source (int) i_15;) 
909431     DEBUG Test worker     d.u.i.k.j.JavaProgramElement Program match failed (pattern true;, source (int) i_15;) 
909431     DEBUG Test worker     d.u.i.k.j.JavaProgramElement Program match failed (pattern false;, source (int) i_15;) 
909431     DEBUG Test worker     d.u.i.k.j.JavaProgramElement Program match failed (pattern true;, source (int) i_15;) 
909431     DEBUG Test worker     d.u.i.k.j.JavaProgramElement Program match failed (pattern false;, source (int) i_15;) 
909431     DEBUG Test worker     d.u.i.k.j.JavaProgramElement Program match failed (pattern true;, source (int) i_15;) 
909431     DEBUG Test worker     d.u.i.k.j.JavaProgramElement Program match failed (pattern false;, source (int) i_15;) 
909431     DEBUG Test worker     d.u.i.k.j.JavaProgramElement Program match failed (pattern true;, source (int) i_15;) 
909431     DEBUG Test worker     d.u.i.k.j.JavaProgramElement Program match failed (pattern false;, source (int) i_15;) 
909431     DEBUG Test worker     d.u.i.k.j.JavaProgramElement Program match failed (pattern true;, source (int) i_15;) 
909447     DEBUG Test worker     d.u.i.k.j.JavaProgramElement Program match failed (pattern false;, source (int) i_15;) 
909447     DEBUG Test worker     d.u.i.k.j.JavaProgramElement Program match failed (pattern true;, source (int) i_15;) 
909447     DEBUG Test worker     d.u.i.k.j.JavaProgramElement Program match failed (pattern false;, source (int) i_15;) 
909447     DEBUG Test worker     d.u.i.k.j.JavaProgramElement Program match failed (pattern true;, source (int) i_15;) 
909447     DEBUG Test worker     d.u.i.k.j.JavaProgramElement Program match failed (pattern false;, source (int) i_15;) 
909447     DEBUG Test worker     d.u.i.k.j.JavaProgramElement Program match failed (pattern true;, source i_15) 
909447     DEBUG Test worker     d.u.i.k.j.JavaProgramElement Program match failed (pattern false;, source i_15) 
909447     DEBUG Test worker     d.u.i.k.j.JavaProgramElement Program match failed (pattern true;, source i_15) 
909447     DEBUG Test worker     d.u.i.k.j.JavaProgramElement Program match failed (pattern false;, source i_15) 
925236     DEBUG Test worker     d.u.i.k.j.JavaProgramElement Program match failed (pattern true;, source (int) (j + 1);) 
925236     DEBUG Test worker     d.u.i.k.j.JavaProgramElement Program match failed (pattern false;, source (int) (j + 1);) 
925236     DEBUG Test worker     d.u.i.k.j.JavaProgramElement Program match failed (pattern true;, source (int) (j + 1);) 
925236     DEBUG Test worker     d.u.i.k.j.JavaProgramElement Program match failed (pattern false;, source (int) (j + 1);) 
925251     DEBUG Test worker     d.u.i.k.j.JavaProgramElement Program match failed (pattern true;, source (j + 1);) 
925251     DEBUG Test worker     d.u.i.k.j.JavaProgramElement Program match failed (pattern false;, source (j + 1);) 
925251     DEBUG Test worker     d.u.i.k.j.JavaProgramElement Program match failed (pattern true;, source (j + 1);) 
925251     DEBUG Test worker     d.u.i.k.j.JavaProgramElement Program match failed (pattern false;, source (j + 1);) 
925251     DEBUG Test worker     d.u.i.k.j.JavaProgramElement Program match failed (pattern true;, source j + 1;) 
925251     DEBUG Test worker     d.u.i.k.j.JavaProgramElement Program match failed (pattern false;, source j + 1;) 
925251     DEBUG Test worker     d.u.i.k.j.JavaProgramElement Program match failed (pattern true;, source j + 1;) 
925251     DEBUG Test worker     d.u.i.k.j.JavaProgramElement Program match failed (pattern false;, source j + 1;) 
925266     DEBUG Test worker     d.u.i.k.j.JavaProgramElement Program match failed (pattern true;, source (int) i_13;) 
925266     DEBUG Test worker     d.u.i.k.j.JavaProgramElement Program match failed (pattern false;, source (int) i_13;) 
925266     DEBUG Test worker     d.u.i.k.j.JavaProgramElement Program match failed (pattern true;, source (int) i_13;) 
925266     DEBUG Test worker     d.u.i.k.j.JavaProgramElement Program match failed (pattern false;, source (int) i_13;) 
925266     DEBUG Test worker     d.u.i.k.j.JavaProgramElement Program match failed (pattern true;, source (int) i_13;) 
925266     DEBUG Test worker     d.u.i.k.j.JavaProgramElement Program match failed (pattern false;, source (int) i_13;) 
925266     DEBUG Test worker     d.u.i.k.j.JavaProgramElement Program match failed (pattern true;, source (int) i_13;) 
925266     DEBUG Test worker     d.u.i.k.j.JavaProgramElement Program match failed (pattern false;, source (int) i_13;) 
925266     DEBUG Test worker     d.u.i.k.j.JavaProgramElement Program match failed (pattern true;, source (int) i_13;) 
925266     DEBUG Test worker     d.u.i.k.j.JavaProgramElement Program match failed (pattern false;, source (int) i_13;) 
925266     DEBUG Test worker     d.u.i.k.j.JavaProgramElement Program match failed (pattern true;, source (int) i_13;) 
925266     DEBUG Test worker     d.u.i.k.j.JavaProgramElement Program match failed (pattern false;, source (int) i_13;) 
925266     DEBUG Test worker     d.u.i.k.j.JavaProgramElement Program match failed (pattern true;, source (int) i_13;) 
925266     DEBUG Test worker     d.u.i.k.j.JavaProgramElement Program match failed (pattern false;, source (int) i_13;) 
925266     DEBUG Test worker     d.u.i.k.j.JavaProgramElement Program match failed (pattern true;, source (int) i_13;) 
925266     DEBUG Test worker     d.u.i.k.j.JavaProgramElement Program match failed (pattern false;, source (int) i_13;) 
925266     DEBUG Test worker     d.u.i.k.j.JavaProgramElement Program match failed (pattern true;, source (int) i_13;) 
925266     DEBUG Test worker     d.u.i.k.j.JavaProgramElement Program match failed (pattern false;, source (int) i_13;) 
925266     DEBUG Test worker     d.u.i.k.j.JavaProgramElement Program match failed (pattern true;, source (int) i_13;) 
925266     DEBUG Test worker     d.u.i.k.j.JavaProgramElement Program match failed (pattern false;, source (int) i_13;) 
925282     DEBUG Test worker     d.u.i.k.j.JavaProgramElement Program match failed (pattern true;, source (int) i_13;) 
925282     DEBUG Test worker     d.u.i.k.j.JavaProgramElement Program match failed (pattern false;, source (int) i_13;) 
925282     DEBUG Test worker     d.u.i.k.j.JavaProgramElement Program match failed (pattern true;, source (int) i_13;) 
925282     DEBUG Test worker     d.u.i.k.j.JavaProgramElement Program match failed (pattern false;, source (int) i_13;) 
925282     DEBUG Test worker     d.u.i.k.j.JavaProgramElement Program match failed (pattern true;, source (int) i_13;) 
925282     DEBUG Test worker     d.u.i.k.j.JavaProgramElement Program match failed (pattern false;, source (int) i_13;) 
925282     DEBUG Test worker     d.u.i.k.j.JavaProgramElement Program match failed (pattern true;, source (int) i_13;) 
925282     DEBUG Test worker     d.u.i.k.j.JavaProgramElement Program match failed (pattern false;, source (int) i_13;) 
925282     DEBUG Test worker     d.u.i.k.j.JavaProgramElement Program match failed (pattern true;, source (int) i_13;) 
925282     DEBUG Test worker     d.u.i.k.j.JavaProgramElement Program match failed (pattern false;, source (int) i_13;) 
925282     DEBUG Test worker     d.u.i.k.j.JavaProgramElement Program match failed (pattern true;, source (int) i_13;) 
925282     DEBUG Test worker     d.u.i.k.j.JavaProgramElement Program match failed (pattern false;, source (int) i_13;) 
925282     DEBUG Test worker     d.u.i.k.j.JavaProgramElement Program match failed (pattern true;, source (int) i_13;) 
925282     DEBUG Test worker     d.u.i.k.j.JavaProgramElement Program match failed (pattern false;, source (int) i_13;) 
925282     DEBUG Test worker     d.u.i.k.j.JavaProgramElement Program match failed (pattern true;, source (int) i_13;) 
925282     DEBUG Test worker     d.u.i.k.j.JavaProgramElement Program match failed (pattern false;, source (int) i_13;) 
925282     DEBUG Test worker     d.u.i.k.j.JavaProgramElement Program match failed (pattern true;, source i_13) 
925282     DEBUG Test worker     d.u.i.k.j.JavaProgramElement Program match failed (pattern false;, source i_13) 
925282     DEBUG Test worker     d.u.i.k.j.JavaProgramElement Program match failed (pattern true;, source i_13) 
925282     DEBUG Test worker     d.u.i.k.j.JavaProgramElement Program match failed (pattern false;, source i_13) 
929728     DEBUG Test worker     d.u.i.k.j.JavaProgramElement Program match failed (pattern true;, source (int) (i + 1);) 
929728     DEBUG Test worker     d.u.i.k.j.JavaProgramElement Program match failed (pattern false;, source (int) (i + 1);) 
929728     DEBUG Test worker     d.u.i.k.j.JavaProgramElement Program match failed (pattern true;, source (int) (i + 1);) 
929728     DEBUG Test worker     d.u.i.k.j.JavaProgramElement Program match failed (pattern false;, source (int) (i + 1);) 
929743     DEBUG Test worker     d.u.i.k.j.JavaProgramElement Program match failed (pattern true;, source (i + 1);) 
929743     DEBUG Test worker     d.u.i.k.j.JavaProgramElement Program match failed (pattern false;, source (i + 1);) 
929743     DEBUG Test worker     d.u.i.k.j.JavaProgramElement Program match failed (pattern true;, source (i + 1);) 
929743     DEBUG Test worker     d.u.i.k.j.JavaProgramElement Program match failed (pattern false;, source (i + 1);) 
929743     DEBUG Test worker     d.u.i.k.j.JavaProgramElement Program match failed (pattern true;, source i + 1;) 
929743     DEBUG Test worker     d.u.i.k.j.JavaProgramElement Program match failed (pattern false;, source i + 1;) 
929743     DEBUG Test worker     d.u.i.k.j.JavaProgramElement Program match failed (pattern true;, source i + 1;) 
929743     DEBUG Test worker     d.u.i.k.j.JavaProgramElement Program match failed (pattern false;, source i + 1;) 
929759     DEBUG Test worker     d.u.i.k.j.JavaProgramElement Program match failed (pattern true;, source (int) i_11;) 
929759     DEBUG Test worker     d.u.i.k.j.JavaProgramElement Program match failed (pattern false;, source (int) i_11;) 
929759     DEBUG Test worker     d.u.i.k.j.JavaProgramElement Program match failed (pattern true;, source (int) i_11;) 
929759     DEBUG Test worker     d.u.i.k.j.JavaProgramElement Program match failed (pattern false;, source (int) i_11;) 
929759     DEBUG Test worker     d.u.i.k.j.JavaProgramElement Program match failed (pattern true;, source (int) i_11;) 
929759     DEBUG Test worker     d.u.i.k.j.JavaProgramElement Program match failed (pattern false;, source (int) i_11;) 
929759     DEBUG Test worker     d.u.i.k.j.JavaProgramElement Program match failed (pattern true;, source (int) i_11;) 
929759     DEBUG Test worker     d.u.i.k.j.JavaProgramElement Program match failed (pattern false;, source (int) i_11;) 
929759     DEBUG Test worker     d.u.i.k.j.JavaProgramElement Program match failed (pattern true;, source (int) i_11;) 
929759     DEBUG Test worker     d.u.i.k.j.JavaProgramElement Program match failed (pattern false;, source (int) i_11;) 
929759     DEBUG Test worker     d.u.i.k.j.JavaProgramElement Program match failed (pattern true;, source (int) i_11;) 
929759     DEBUG Test worker     d.u.i.k.j.JavaProgramElement Program match failed (pattern false;, source (int) i_11;) 
929759     DEBUG Test worker     d.u.i.k.j.JavaProgramElement Program match failed (pattern true;, source (int) i_11;) 
929759     DEBUG Test worker     d.u.i.k.j.JavaProgramElement Program match failed (pattern false;, source (int) i_11;) 
929759     DEBUG Test worker     d.u.i.k.j.JavaProgramElement Program match failed (pattern true;, source (int) i_11;) 
929759     DEBUG Test worker     d.u.i.k.j.JavaProgramElement Program match failed (pattern false;, source (int) i_11;) 
929759     DEBUG Test worker     d.u.i.k.j.JavaProgramElement Program match failed (pattern true;, source (int) i_11;) 
929759     DEBUG Test worker     d.u.i.k.j.JavaProgramElement Program match failed (pattern false;, source (int) i_11;) 
929759     DEBUG Test worker     d.u.i.k.j.JavaProgramElement Program match failed (pattern true;, source (int) i_11;) 
929759     DEBUG Test worker     d.u.i.k.j.JavaProgramElement Program match failed (pattern false;, source (int) i_11;) 
929759     DEBUG Test worker     d.u.i.k.j.JavaProgramElement Program match failed (pattern true;, source (int) i_11;) 
929759     DEBUG Test worker     d.u.i.k.j.JavaProgramElement Program match failed (pattern false;, source (int) i_11;) 
929759     DEBUG Test worker     d.u.i.k.j.JavaProgramElement Program match failed (pattern true;, source (int) i_11;) 
929759     DEBUG Test worker     d.u.i.k.j.JavaProgramElement Program match failed (pattern false;, source (int) i_11;) 
929759     DEBUG Test worker     d.u.i.k.j.JavaProgramElement Program match failed (pattern true;, source (int) i_11;) 
929759     DEBUG Test worker     d.u.i.k.j.JavaProgramElement Program match failed (pattern false;, source (int) i_11;) 
929759     DEBUG Test worker     d.u.i.k.j.JavaProgramElement Program match failed (pattern true;, source (int) i_11;) 
929759     DEBUG Test worker     d.u.i.k.j.JavaProgramElement Program match failed (pattern false;, source (int) i_11;) 
929774     DEBUG Test worker     d.u.i.k.j.JavaProgramElement Program match failed (pattern true;, source (int) i_11;) 
929774     DEBUG Test worker     d.u.i.k.j.JavaProgramElement Program match failed (pattern false;, source (int) i_11;) 
929774     DEBUG Test worker     d.u.i.k.j.JavaProgramElement Program match failed (pattern true;, source (int) i_11;) 
929774     DEBUG Test worker     d.u.i.k.j.JavaProgramElement Program match failed (pattern false;, source (int) i_11;) 
929774     DEBUG Test worker     d.u.i.k.j.JavaProgramElement Program match failed (pattern true;, source (int) i_11;) 
929774     DEBUG Test worker     d.u.i.k.j.JavaProgramElement Program match failed (pattern false;, source (int) i_11;) 
929774     DEBUG Test worker     d.u.i.k.j.JavaProgramElement Program match failed (pattern true;, source (int) i_11;) 
929774     DEBUG Test worker     d.u.i.k.j.JavaProgramElement Program match failed (pattern false;, source (int) i_11;) 
929774     DEBUG Test worker     d.u.i.k.j.JavaProgramElement Program match failed (pattern true;, source i_11) 
929774     DEBUG Test worker     d.u.i.k.j.JavaProgramElement Program match failed (pattern false;, source i_11) 
929774     DEBUG Test worker     d.u.i.k.j.JavaProgramElement Program match failed (pattern true;, source i_11) 
929774     DEBUG Test worker     d.u.i.k.j.JavaProgramElement Program match failed (pattern false;, source i_11) 
931041     DEBUG Test worker     d.u.i.k.j.JavaProgramElement Program match failed (pattern true;, source false;) 
931041     DEBUG Test worker     d.u.i.k.j.JavaProgramElement Program match failed (pattern true;, source false;) 
931041     DEBUG Test worker     d.u.i.k.j.JavaProgramElement Program match failed (pattern true;, source false;) 
931041     DEBUG Test worker     d.u.i.k.j.JavaProgramElement Program match failed (pattern true;, source false;) 
]]></system-out>
  <system-err><![CDATA[]]></system-err>
</testsuite>
