<?xml version="1.0" encoding="UTF-8"?>
<testsuite name="de.uka.ilkd.key.parser.TestTermParserSorts" tests="2" skipped="0" failures="0" errors="0" timestamp="2023-05-02T13:39:17" hostname="fv-az553-779" time="3.256">
  <properties/>
  <testcase name="testParseIntegerArgs()" classname="de.uka.ilkd.key.parser.TestTermParserSorts" time="0.018"/>
  <testcase name="testParseSequencePrettySyntax()" classname="de.uka.ilkd.key.parser.TestTermParserSorts" time="0.004"/>
  <system-out><![CDATA[479591     INFO  Test worker     d.u.i.k.n.KeyIO           Parsing took 0 ms 
479591     DEBUG Test worker     d.u.i.k.n.KeyIO           Load declarations of de.uka.ilkd.key.nparser.KeyAst$File:  <unknown>:1#1 
479591     INFO  Test worker     d.u.i.k.n.KeyIO           MODE: declarations took 0 ms 
479591     DEBUG Test worker     d.u.i.k.n.KeyIO           MODE: 2nd degree decls took 0 
479591     INFO  Test worker     d.u.i.k.n.KeyIO           Parsing took 0 ms 
479591     DEBUG Test worker     d.u.i.k.n.KeyIO           Load declarations of de.uka.ilkd.key.nparser.KeyAst$File:  <unknown>:1#1 
479591     INFO  Test worker     d.u.i.k.n.KeyIO           MODE: declarations took 0 ms 
479591     DEBUG Test worker     d.u.i.k.n.KeyIO           MODE: 2nd degree decls took 0 
479591     INFO  Test worker     d.u.i.k.n.KeyIO           Parsing took 0 ms 
479591     DEBUG Test worker     d.u.i.k.n.KeyIO           Load declarations of de.uka.ilkd.key.nparser.KeyAst$File:  <unknown>:1#1 
479591     INFO  Test worker     d.u.i.k.n.KeyIO           MODE: declarations took 0 ms 
479591     DEBUG Test worker     d.u.i.k.n.KeyIO           MODE: 2nd degree decls took 0 
482828     INFO  Test worker     d.u.i.k.n.KeyIO           Parsing took 0 ms 
482828     DEBUG Test worker     d.u.i.k.n.KeyIO           Load declarations of de.uka.ilkd.key.nparser.KeyAst$File:  <unknown>:1#1 
482828     INFO  Test worker     d.u.i.k.n.KeyIO           MODE: declarations took 0 ms 
482828     DEBUG Test worker     d.u.i.k.n.KeyIO           MODE: 2nd degree decls took 0 
482828     INFO  Test worker     d.u.i.k.n.KeyIO           Parsing took 0 ms 
482828     DEBUG Test worker     d.u.i.k.n.KeyIO           Load declarations of de.uka.ilkd.key.nparser.KeyAst$File:  <unknown>:1#1 
482828     INFO  Test worker     d.u.i.k.n.KeyIO           MODE: declarations took 0 ms 
482828     DEBUG Test worker     d.u.i.k.n.KeyIO           MODE: 2nd degree decls took 0 
482828     INFO  Test worker     d.u.i.k.n.KeyIO           Parsing took 0 ms 
482828     DEBUG Test worker     d.u.i.k.n.KeyIO           Load declarations of de.uka.ilkd.key.nparser.KeyAst$File:  <unknown>:1#1 
482844     INFO  Test worker     d.u.i.k.n.KeyIO           MODE: declarations took 16 ms 
482844     DEBUG Test worker     d.u.i.k.n.KeyIO           MODE: 2nd degree decls took 0 
]]></system-out>
  <system-err><![CDATA[]]></system-err>
</testsuite>
