<?xml version="1.0" encoding="UTF-8"?>
<testsuite name="de.uka.ilkd.key.macros.scripts.FocusCommandTest" tests="2" skipped="0" failures="0" errors="0" timestamp="2023-05-02T13:34:35" hostname="fv-az553-779" time="6.74">
  <properties/>
  <testcase name="testSelectionWithLabels()" classname="de.uka.ilkd.key.macros.scripts.FocusCommandTest" time="3.472"/>
  <testcase name="testSimpleSelection()" classname="de.uka.ilkd.key.macros.scripts.FocusCommandTest" time="3.268"/>
  <system-out><![CDATA[197227     INFO  Test worker     d.u.i.k.p.i.AbstractProblemLoader Loading environment from C:\Users\RUNNER~1\AppData\Local\Temp\key-focus-command8198782628087711549.key 
197227     DEBUG Test worker     d.u.i.k.p.i.AbstractProblemLoader Environment load took 847.8ns 
197227     INFO  Test worker     d.u.i.k.p.i.AbstractProblemLoader Creating init config 
200589     DEBUG Test worker     d.u.i.k.p.i.AbstractProblemLoader Init config took 3.35s 
200620     INFO  Test worker     d.u.i.k.p.i.AbstractProblemLoader Replaying proof key-focus-command8198782628087711549.key 
200635     DEBUG Test worker     d.u.i.k.p.i.IntermediateProofReplayer Proof replay took 7.7ns 
200635     DEBUG Test worker     d.u.i.k.m.s.ProofScriptEngine 1: 'macro 'nosplit-prop'' 
200682     DEBUG Test worker     d.u.i.k.m.s.ProofScriptEngine 2: 'focus 'i=1 ==> i = 3'' 
200698     INFO  Test worker     d.u.i.k.p.i.AbstractProblemLoader Loading environment from C:\Users\RUNNER~1\AppData\Local\Temp\key-focus-command16806417859048951921.key 
200698     DEBUG Test worker     d.u.i.k.p.i.AbstractProblemLoader Environment load took 204.8ns 
200714     INFO  Test worker     d.u.i.k.p.i.AbstractProblemLoader Creating init config 
203887     DEBUG Test worker     d.u.i.k.p.i.AbstractProblemLoader Init config took 3.17s 
203919     INFO  Test worker     d.u.i.k.p.i.AbstractProblemLoader Replaying proof key-focus-command16806417859048951921.key 
203934     DEBUG Test worker     d.u.i.k.p.i.IntermediateProofReplayer Proof replay took 8.6ns 
203934     DEBUG Test worker     d.u.i.k.m.s.ProofScriptEngine 1: 'macro 'nosplit-prop'' 
203950     DEBUG Test worker     d.u.i.k.m.s.ProofScriptEngine 2: 'focus 'i=1 ==> i = 4'' 
]]></system-out>
  <system-err><![CDATA[]]></system-err>
</testsuite>
