<?xml version="1.0" encoding="UTF-8"?>
<testsuite name="de.uka.ilkd.key.rule.merge.PredicateAbstractionLatticeTests" tests="3" skipped="0" failures="0" errors="0" timestamp="2023-05-02T13:40:28" hostname="fv-az553-779" time="6.471">
  <properties/>
  <testcase name="testToAndFromString()" classname="de.uka.ilkd.key.rule.merge.PredicateAbstractionLatticeTests" time="3.142"/>
  <testcase name="testCreateSignLatticeWithPredicates()" classname="de.uka.ilkd.key.rule.merge.PredicateAbstractionLatticeTests" time="3.329"/>
  <testcase name="testTrivialPredicatesLattice()" classname="de.uka.ilkd.key.rule.merge.PredicateAbstractionLatticeTests" time="0.0"/>
  <system-out><![CDATA[549868     INFO  Test worker     d.u.i.k.p.i.AbstractProblemLoader Loading environment from src\test\resources\testcase\merge\dummy.key 
549868     DEBUG Test worker     d.u.i.k.p.i.AbstractProblemLoader Environment load took 577.1ns 
549868     INFO  Test worker     d.u.i.k.p.i.AbstractProblemLoader Creating init config 
552979     DEBUG Test worker     d.u.i.k.p.i.AbstractProblemLoader Init config took 3.1s 
552995     INFO  Test worker     d.u.i.k.p.i.AbstractProblemLoader Replaying proof dummy.key 
552995     DEBUG Test worker     d.u.i.k.p.i.IntermediateProofReplayer Proof replay took 8.3ns 
553011     INFO  Test worker     d.u.i.k.p.i.AbstractProblemLoader Loading environment from src\test\resources\testcase\merge\dummy.key 
553011     DEBUG Test worker     d.u.i.k.p.i.AbstractProblemLoader Environment load took 105.2ns 
553011     INFO  Test worker     d.u.i.k.p.i.AbstractProblemLoader Creating init config 
556309     DEBUG Test worker     d.u.i.k.p.i.AbstractProblemLoader Init config took 3.3s 
556340     INFO  Test worker     d.u.i.k.p.i.AbstractProblemLoader Replaying proof dummy.key 
556340     DEBUG Test worker     d.u.i.k.p.i.IntermediateProofReplayer Proof replay took 10.2ns 
]]></system-out>
  <system-err><![CDATA[]]></system-err>
</testsuite>
