<?xml version="1.0" encoding="UTF-8"?>
<testsuite name="de.uka.ilkd.key.logic.TestClashFreeSubst" tests="14" skipped="2" failures="0" errors="0" timestamp="2023-05-02T13:32:06" hostname="fv-az553-779" time="58.476">
  <properties/>
  <testcase name="testMultiShareBound()" classname="de.uka.ilkd.key.logic.TestClashFreeSubst" time="1.184"/>
  <testcase name="testClash()" classname="de.uka.ilkd.key.logic.TestClashFreeSubst" time="1.068"/>
  <testcase name="testShare()" classname="de.uka.ilkd.key.logic.TestClashFreeSubst" time="1.044"/>
  <testcase name="testSubst()" classname="de.uka.ilkd.key.logic.TestClashFreeSubst" time="1.111"/>
  <testcase name="testWary0()" classname="de.uka.ilkd.key.logic.TestClashFreeSubst" time="1.087"/>
  <testcase name="testWary1()" classname="de.uka.ilkd.key.logic.TestClashFreeSubst" time="1.108"/>
  <testcase name="testWary2()" classname="de.uka.ilkd.key.logic.TestClashFreeSubst" time="1.088"/>
  <testcase name="testClashInSubstTerm()" classname="de.uka.ilkd.key.logic.TestClashFreeSubst" time="1.136"/>
  <testcase name="testShareWary()" classname="de.uka.ilkd.key.logic.TestClashFreeSubst" time="1.109"/>
  <testcase name="testMultiSubst()" classname="de.uka.ilkd.key.logic.TestClashFreeSubst" time="1.052"/>
  <testcase name="xtestMultiClash()" classname="de.uka.ilkd.key.logic.TestClashFreeSubst" time="0.0">
    <skipped/>
  </testcase>
  <testcase name="testSubstInSubstTerm()" classname="de.uka.ilkd.key.logic.TestClashFreeSubst" time="1.032"/>
  <testcase name="testSubstWary()" classname="de.uka.ilkd.key.logic.TestClashFreeSubst" time="1.033"/>
  <testcase name="xtestMultiClash1()" classname="de.uka.ilkd.key.logic.TestClashFreeSubst" time="0.0">
    <skipped/>
  </testcase>
  <system-out><![CDATA[48401      INFO  Test worker     d.u.i.k.n.KeyIO           Parsing took 0 ms 
48401      DEBUG Test worker     d.u.i.k.n.KeyIO           Load declarations of de.uka.ilkd.key.nparser.KeyAst$File:  <unknown>:1#1 
48401      INFO  Test worker     d.u.i.k.n.KeyIO           MODE: declarations took 0 ms 
48401      DEBUG Test worker     d.u.i.k.n.KeyIO           MODE: 2nd degree decls took 0 
49574      INFO  Test worker     d.u.i.k.n.KeyIO           Parsing took 0 ms 
49574      DEBUG Test worker     d.u.i.k.n.KeyIO           Load declarations of de.uka.ilkd.key.nparser.KeyAst$File:  <unknown>:1#1 
49574      INFO  Test worker     d.u.i.k.n.KeyIO           MODE: declarations took 0 ms 
49574      DEBUG Test worker     d.u.i.k.n.KeyIO           MODE: 2nd degree decls took 0 
53201      INFO  Test worker     d.u.i.k.n.KeyIO           Parsing took 0 ms 
53201      DEBUG Test worker     d.u.i.k.n.KeyIO           Load declarations of de.uka.ilkd.key.nparser.KeyAst$File:  <unknown>:1#1 
53201      INFO  Test worker     d.u.i.k.n.KeyIO           MODE: declarations took 0 ms 
53201      DEBUG Test worker     d.u.i.k.n.KeyIO           MODE: 2nd degree decls took 0 
54264      INFO  Test worker     d.u.i.k.n.KeyIO           Parsing took 0 ms 
54264      DEBUG Test worker     d.u.i.k.n.KeyIO           Load declarations of de.uka.ilkd.key.nparser.KeyAst$File:  <unknown>:1#1 
54264      INFO  Test worker     d.u.i.k.n.KeyIO           MODE: declarations took 0 ms 
54264      DEBUG Test worker     d.u.i.k.n.KeyIO           MODE: 2nd degree decls took 0 
57875      INFO  Test worker     d.u.i.k.n.KeyIO           Parsing took 0 ms 
57875      DEBUG Test worker     d.u.i.k.n.KeyIO           Load declarations of de.uka.ilkd.key.nparser.KeyAst$File:  <unknown>:1#1 
57875      INFO  Test worker     d.u.i.k.n.KeyIO           MODE: declarations took 0 ms 
57875      DEBUG Test worker     d.u.i.k.n.KeyIO           MODE: 2nd degree decls took 0 
58923      INFO  Test worker     d.u.i.k.n.KeyIO           Parsing took 0 ms 
58923      DEBUG Test worker     d.u.i.k.n.KeyIO           Load declarations of de.uka.ilkd.key.nparser.KeyAst$File:  <unknown>:1#1 
58923      INFO  Test worker     d.u.i.k.n.KeyIO           MODE: declarations took 0 ms 
58923      DEBUG Test worker     d.u.i.k.n.KeyIO           MODE: 2nd degree decls took 0 
62440      INFO  Test worker     d.u.i.k.n.KeyIO           Parsing took 0 ms 
62440      DEBUG Test worker     d.u.i.k.n.KeyIO           Load declarations of de.uka.ilkd.key.nparser.KeyAst$File:  <unknown>:1#1 
62440      INFO  Test worker     d.u.i.k.n.KeyIO           MODE: declarations took 0 ms 
62440      DEBUG Test worker     d.u.i.k.n.KeyIO           MODE: 2nd degree decls took 0 
63535      INFO  Test worker     d.u.i.k.n.KeyIO           Parsing took 0 ms 
63535      DEBUG Test worker     d.u.i.k.n.KeyIO           Load declarations of de.uka.ilkd.key.nparser.KeyAst$File:  <unknown>:1#1 
63535      INFO  Test worker     d.u.i.k.n.KeyIO           MODE: declarations took 0 ms 
63535      DEBUG Test worker     d.u.i.k.n.KeyIO           MODE: 2nd degree decls took 0 
67146      INFO  Test worker     d.u.i.k.n.KeyIO           Parsing took 0 ms 
67146      DEBUG Test worker     d.u.i.k.n.KeyIO           Load declarations of de.uka.ilkd.key.nparser.KeyAst$File:  <unknown>:1#1 
67146      INFO  Test worker     d.u.i.k.n.KeyIO           MODE: declarations took 0 ms 
67146      DEBUG Test worker     d.u.i.k.n.KeyIO           MODE: 2nd degree decls took 0 
68209      INFO  Test worker     d.u.i.k.n.KeyIO           Parsing took 0 ms 
68209      DEBUG Test worker     d.u.i.k.n.KeyIO           Load declarations of de.uka.ilkd.key.nparser.KeyAst$File:  <unknown>:1#1 
68209      INFO  Test worker     d.u.i.k.n.KeyIO           MODE: declarations took 0 ms 
68209      DEBUG Test worker     d.u.i.k.n.KeyIO           MODE: 2nd degree decls took 0 
71758      INFO  Test worker     d.u.i.k.n.KeyIO           Parsing took 0 ms 
71758      DEBUG Test worker     d.u.i.k.n.KeyIO           Load declarations of de.uka.ilkd.key.nparser.KeyAst$File:  <unknown>:1#1 
71758      INFO  Test worker     d.u.i.k.n.KeyIO           MODE: declarations took 0 ms 
71758      DEBUG Test worker     d.u.i.k.n.KeyIO           MODE: 2nd degree decls took 0 
72867      INFO  Test worker     d.u.i.k.n.KeyIO           Parsing took 0 ms 
72867      DEBUG Test worker     d.u.i.k.n.KeyIO           Load declarations of de.uka.ilkd.key.nparser.KeyAst$File:  <unknown>:1#1 
72867      INFO  Test worker     d.u.i.k.n.KeyIO           MODE: declarations took 0 ms 
72867      DEBUG Test worker     d.u.i.k.n.KeyIO           MODE: 2nd degree decls took 0 
76307      INFO  Test worker     d.u.i.k.n.KeyIO           Parsing took 0 ms 
76323      DEBUG Test worker     d.u.i.k.n.KeyIO           Load declarations of de.uka.ilkd.key.nparser.KeyAst$File:  <unknown>:1#1 
76323      INFO  Test worker     d.u.i.k.n.KeyIO           MODE: declarations took 0 ms 
76323      DEBUG Test worker     d.u.i.k.n.KeyIO           MODE: 2nd degree decls took 0 
77401      INFO  Test worker     d.u.i.k.n.KeyIO           Parsing took 0 ms 
77401      DEBUG Test worker     d.u.i.k.n.KeyIO           Load declarations of de.uka.ilkd.key.nparser.KeyAst$File:  <unknown>:1#1 
77401      INFO  Test worker     d.u.i.k.n.KeyIO           MODE: declarations took 0 ms 
77401      DEBUG Test worker     d.u.i.k.n.KeyIO           MODE: 2nd degree decls took 0 
80872      INFO  Test worker     d.u.i.k.n.KeyIO           Parsing took 0 ms 
80872      DEBUG Test worker     d.u.i.k.n.KeyIO           Load declarations of de.uka.ilkd.key.nparser.KeyAst$File:  <unknown>:1#1 
80872      INFO  Test worker     d.u.i.k.n.KeyIO           MODE: declarations took 0 ms 
80872      DEBUG Test worker     d.u.i.k.n.KeyIO           MODE: 2nd degree decls took 0 
81998      INFO  Test worker     d.u.i.k.n.KeyIO           Parsing took 0 ms 
81998      DEBUG Test worker     d.u.i.k.n.KeyIO           Load declarations of de.uka.ilkd.key.nparser.KeyAst$File:  <unknown>:1#1 
81998      INFO  Test worker     d.u.i.k.n.KeyIO           MODE: declarations took 0 ms 
81998      DEBUG Test worker     d.u.i.k.n.KeyIO           MODE: 2nd degree decls took 0 
85531      INFO  Test worker     d.u.i.k.n.KeyIO           Parsing took 0 ms 
85531      DEBUG Test worker     d.u.i.k.n.KeyIO           Load declarations of de.uka.ilkd.key.nparser.KeyAst$File:  <unknown>:1#1 
85531      INFO  Test worker     d.u.i.k.n.KeyIO           MODE: declarations took 0 ms 
85531      DEBUG Test worker     d.u.i.k.n.KeyIO           MODE: 2nd degree decls took 0 
86625      INFO  Test worker     d.u.i.k.n.KeyIO           Parsing took 0 ms 
86625      DEBUG Test worker     d.u.i.k.n.KeyIO           Load declarations of de.uka.ilkd.key.nparser.KeyAst$File:  <unknown>:1#1 
86625      INFO  Test worker     d.u.i.k.n.KeyIO           MODE: declarations took 0 ms 
86625      DEBUG Test worker     d.u.i.k.n.KeyIO           MODE: 2nd degree decls took 0 
90195      INFO  Test worker     d.u.i.k.n.KeyIO           Parsing took 0 ms 
90195      DEBUG Test worker     d.u.i.k.n.KeyIO           Load declarations of de.uka.ilkd.key.nparser.KeyAst$File:  <unknown>:1#1 
90195      INFO  Test worker     d.u.i.k.n.KeyIO           MODE: declarations took 0 ms 
90195      DEBUG Test worker     d.u.i.k.n.KeyIO           MODE: 2nd degree decls took 0 
91242      INFO  Test worker     d.u.i.k.n.KeyIO           Parsing took 0 ms 
91242      DEBUG Test worker     d.u.i.k.n.KeyIO           Load declarations of de.uka.ilkd.key.nparser.KeyAst$File:  <unknown>:1#1 
91242      INFO  Test worker     d.u.i.k.n.KeyIO           MODE: declarations took 0 ms 
91242      DEBUG Test worker     d.u.i.k.n.KeyIO           MODE: 2nd degree decls took 0 
98029      INFO  Test worker     d.u.i.k.n.KeyIO           Parsing took 0 ms 
98029      DEBUG Test worker     d.u.i.k.n.KeyIO           Load declarations of de.uka.ilkd.key.nparser.KeyAst$File:  <unknown>:1#1 
98045      INFO  Test worker     d.u.i.k.n.KeyIO           MODE: declarations took 16 ms 
98045      DEBUG Test worker     d.u.i.k.n.KeyIO           MODE: 2nd degree decls took 0 
99061      INFO  Test worker     d.u.i.k.n.KeyIO           Parsing took 0 ms 
99061      DEBUG Test worker     d.u.i.k.n.KeyIO           Load declarations of de.uka.ilkd.key.nparser.KeyAst$File:  <unknown>:1#1 
99061      INFO  Test worker     d.u.i.k.n.KeyIO           MODE: declarations took 0 ms 
99061      DEBUG Test worker     d.u.i.k.n.KeyIO           MODE: 2nd degree decls took 0 
102453     INFO  Test worker     d.u.i.k.n.KeyIO           Parsing took 0 ms 
102453     DEBUG Test worker     d.u.i.k.n.KeyIO           Load declarations of de.uka.ilkd.key.nparser.KeyAst$File:  <unknown>:1#1 
102453     INFO  Test worker     d.u.i.k.n.KeyIO           MODE: declarations took 0 ms 
102453     DEBUG Test worker     d.u.i.k.n.KeyIO           MODE: 2nd degree decls took 0 
103469     INFO  Test worker     d.u.i.k.n.KeyIO           Parsing took 0 ms 
103469     DEBUG Test worker     d.u.i.k.n.KeyIO           Load declarations of de.uka.ilkd.key.nparser.KeyAst$File:  <unknown>:1#1 
103469     INFO  Test worker     d.u.i.k.n.KeyIO           MODE: declarations took 0 ms 
103469     DEBUG Test worker     d.u.i.k.n.KeyIO           MODE: 2nd degree decls took 0 
]]></system-out>
  <system-err><![CDATA[]]></system-err>
</testsuite>
