<?xml version="1.0" encoding="UTF-8"?>
<testsuite name="de.uka.ilkd.key.proof.TestOneStepSimplifier" tests="1" skipped="0" failures="0" errors="0" timestamp="2023-05-02T13:39:21" hostname="fv-az553-779" time="4.449">
  <properties/>
  <testcase name="loadWithRestriction()" classname="de.uka.ilkd.key.proof.TestOneStepSimplifier" time="4.449"/>
  <system-out><![CDATA[482891     INFO  Test worker     d.u.i.k.p.i.AbstractProblemLoader Loading environment from src\test\resources\testcase\ossRestriction.proof 
482891     DEBUG Test worker     d.u.i.k.p.i.AbstractProblemLoader Environment load took 138ns 
482891     INFO  Test worker     d.u.i.k.p.i.AbstractProblemLoader Creating init config 
483062     DEBUG Test worker     d.u.i.k.j.TypeConverter   No LDT found for Meta 
483062     DEBUG Test worker     d.u.i.k.j.TypeConverter   No LDT found for Meta 
483062     DEBUG Test worker     d.u.i.k.j.TypeConverter   No LDT found for Meta 
483062     DEBUG Test worker     d.u.i.k.j.TypeConverter   No LDT found for Meta 
483735     DEBUG Test worker     d.u.i.k.j.TypeConverter   No LDT found for JavaBigintExpression 
487299     DEBUG Test worker     d.u.i.k.p.i.AbstractProblemLoader Init config took 4.4s 
487315     INFO  Test worker     d.u.i.k.p.i.AbstractProblemLoader Replaying proof ossRestriction.proof 
487330     DEBUG Test worker     d.u.i.k.p.i.IntermediateProofReplayer Proof replay took 3.11ms 
]]></system-out>
  <system-err><![CDATA[]]></system-err>
</testsuite>
