<?xml version="1.0" encoding="UTF-8"?>
<testsuite name="de.uka.ilkd.key.parser.TestDeclParser" tests="14" skipped="2" failures="0" errors="0" timestamp="2023-05-02T13:35:18" hostname="fv-az553-779" time="12.569">
  <properties/>
  <testcase name="testGenericSortDecl1()" classname="de.uka.ilkd.key.parser.TestDeclParser" time="1.103"/>
  <testcase name="testGenericSortDecl2()" classname="de.uka.ilkd.key.parser.TestDeclParser" time="0.995"/>
  <testcase name="testGenericSortDecl3()" classname="de.uka.ilkd.key.parser.TestDeclParser" time="1.113"/>
  <testcase name="testGenericSortDecl4()" classname="de.uka.ilkd.key.parser.TestDeclParser" time="1.046"/>
  <testcase name="testGenericSortDecl5()" classname="de.uka.ilkd.key.parser.TestDeclParser" time="0.0">
    <skipped/>
  </testcase>
  <testcase name="testGenericSortDecl6()" classname="de.uka.ilkd.key.parser.TestDeclParser" time="0.98"/>
  <testcase name="testSortDecl()" classname="de.uka.ilkd.key.parser.TestDeclParser" time="1.038"/>
  <testcase name="testProxySortDecl()" classname="de.uka.ilkd.key.parser.TestDeclParser" time="1.066"/>
  <testcase name="testArrayDecl()" classname="de.uka.ilkd.key.parser.TestDeclParser" time="1.015"/>
  <testcase name="testAmbiguousDecls()" classname="de.uka.ilkd.key.parser.TestDeclParser" time="0.001">
    <skipped/>
  </testcase>
  <testcase name="testHeurDecl()" classname="de.uka.ilkd.key.parser.TestDeclParser" time="1.105"/>
  <testcase name="testFunctionDecl()" classname="de.uka.ilkd.key.parser.TestDeclParser" time="1.017"/>
  <testcase name="testPredicateDecl()" classname="de.uka.ilkd.key.parser.TestDeclParser" time="1.028"/>
  <testcase name="testSVDecl()" classname="de.uka.ilkd.key.parser.TestDeclParser" time="1.045"/>
  <system-out><![CDATA[241211     INFO  Test worker     d.u.i.k.n.KeyIO           Parsing took 0 ms 
241211     DEBUG Test worker     d.u.i.k.n.KeyIO           Load declarations of de.uka.ilkd.key.nparser.KeyAst$File:  <unknown>:1#1 
241211     INFO  Test worker     d.u.i.k.n.KeyIO           MODE: declarations took 0 ms 
241211     DEBUG Test worker     d.u.i.k.n.KeyIO           MODE: 2nd degree decls took 0 
241211     DEBUG Test worker     d.u.i.k.n.KeyIO           MODE: taclets took 0ms 
242211     INFO  Test worker     d.u.i.k.n.KeyIO           Parsing took 0 ms 
242211     DEBUG Test worker     d.u.i.k.n.KeyIO           Load declarations of de.uka.ilkd.key.nparser.KeyAst$File:  <unknown>:1#1 
242211     INFO  Test worker     d.u.i.k.n.KeyIO           MODE: declarations took 0 ms 
242211     DEBUG Test worker     d.u.i.k.n.KeyIO           MODE: 2nd degree decls took 0 
242211     DEBUG Test worker     d.u.i.k.n.KeyIO           MODE: taclets took 0ms 
243321     INFO  Test worker     d.u.i.k.n.KeyIO           Parsing took 0 ms 
243321     DEBUG Test worker     d.u.i.k.n.KeyIO           Load declarations of de.uka.ilkd.key.nparser.KeyAst$File:  <unknown>:1#1 
243321     INFO  Test worker     d.u.i.k.n.KeyIO           MODE: declarations took 0 ms 
243321     DEBUG Test worker     d.u.i.k.n.KeyIO           MODE: 2nd degree decls took 0 
243321     DEBUG Test worker     d.u.i.k.n.KeyIO           MODE: taclets took 0ms 
244368     INFO  Test worker     d.u.i.k.n.KeyIO           Parsing took 0 ms 
244368     DEBUG Test worker     d.u.i.k.n.KeyIO           Load declarations of de.uka.ilkd.key.nparser.KeyAst$File:  <unknown>:1#1 
244368     INFO  Test worker     d.u.i.k.n.KeyIO           MODE: declarations took 0 ms 
244368     DEBUG Test worker     d.u.i.k.n.KeyIO           MODE: 2nd degree decls took 0 
244368     DEBUG Test worker     d.u.i.k.n.KeyIO           MODE: taclets took 0ms 
245353     INFO  Test worker     d.u.i.k.n.KeyIO           Parsing took 0 ms 
245353     DEBUG Test worker     d.u.i.k.n.KeyIO           Load declarations of de.uka.ilkd.key.nparser.KeyAst$File:  <unknown>:1#1 
245353     INFO  Test worker     d.u.i.k.n.KeyIO           MODE: declarations took 0 ms 
245353     DEBUG Test worker     d.u.i.k.n.KeyIO           MODE: 2nd degree decls took 0 
245353     DEBUG Test worker     d.u.i.k.n.KeyIO           MODE: taclets took 0ms 
246400     INFO  Test worker     d.u.i.k.n.KeyIO           Parsing took 0 ms 
246400     DEBUG Test worker     d.u.i.k.n.KeyIO           Load declarations of de.uka.ilkd.key.nparser.KeyAst$File:  <unknown>:1#1 
246400     INFO  Test worker     d.u.i.k.n.KeyIO           MODE: declarations took 0 ms 
246400     DEBUG Test worker     d.u.i.k.n.KeyIO           MODE: 2nd degree decls took 0 
246400     DEBUG Test worker     d.u.i.k.n.KeyIO           MODE: taclets took 0ms 
247463     INFO  Test worker     d.u.i.k.n.KeyIO           Parsing took 0 ms 
247463     DEBUG Test worker     d.u.i.k.n.KeyIO           Load declarations of de.uka.ilkd.key.nparser.KeyAst$File:  <unknown>:1#1 
247463     INFO  Test worker     d.u.i.k.n.KeyIO           MODE: declarations took 0 ms 
247463     DEBUG Test worker     d.u.i.k.n.KeyIO           MODE: 2nd degree decls took 0 
247463     DEBUG Test worker     d.u.i.k.n.KeyIO           MODE: taclets took 0ms 
248463     INFO  Test worker     d.u.i.k.n.KeyIO           Parsing took 0 ms 
248479     DEBUG Test worker     d.u.i.k.n.KeyIO           Load declarations of de.uka.ilkd.key.nparser.KeyAst$File:  <unknown>:1#1 
248479     INFO  Test worker     d.u.i.k.n.KeyIO           MODE: declarations took 0 ms 
248479     DEBUG Test worker     d.u.i.k.n.KeyIO           MODE: 2nd degree decls took 0 
248479     DEBUG Test worker     d.u.i.k.n.KeyIO           MODE: taclets took 0ms 
249542     INFO  Test worker     d.u.i.k.n.KeyIO           Parsing took 0 ms 
249542     DEBUG Test worker     d.u.i.k.n.KeyIO           Load declarations of de.uka.ilkd.key.nparser.KeyAst$File:  <unknown>:1#1 
249542     INFO  Test worker     d.u.i.k.n.KeyIO           MODE: declarations took 0 ms 
249542     DEBUG Test worker     d.u.i.k.n.KeyIO           MODE: 2nd degree decls took 0 
249542     DEBUG Test worker     d.u.i.k.n.KeyIO           MODE: taclets took 0ms 
250605     INFO  Test worker     d.u.i.k.n.KeyIO           Parsing took 0 ms 
250605     DEBUG Test worker     d.u.i.k.n.KeyIO           Load declarations of de.uka.ilkd.key.nparser.KeyAst$File:  <unknown>:1#1 
250605     INFO  Test worker     d.u.i.k.n.KeyIO           MODE: declarations took 0 ms 
250605     DEBUG Test worker     d.u.i.k.n.KeyIO           MODE: 2nd degree decls took 0 
250605     DEBUG Test worker     d.u.i.k.n.KeyIO           MODE: taclets took 0ms 
251636     INFO  Test worker     d.u.i.k.n.KeyIO           Parsing took 0 ms 
251636     DEBUG Test worker     d.u.i.k.n.KeyIO           Load declarations of de.uka.ilkd.key.nparser.KeyAst$File:  <unknown>:1#1 
251636     INFO  Test worker     d.u.i.k.n.KeyIO           MODE: declarations took 0 ms 
251636     DEBUG Test worker     d.u.i.k.n.KeyIO           MODE: 2nd degree decls took 0 
251636     DEBUG Test worker     d.u.i.k.n.KeyIO           MODE: taclets took 0ms 
252684     INFO  Test worker     d.u.i.k.n.KeyIO           Parsing took 0 ms 
252684     DEBUG Test worker     d.u.i.k.n.KeyIO           Load declarations of de.uka.ilkd.key.nparser.KeyAst$File:  <unknown>:1#1 
252684     INFO  Test worker     d.u.i.k.n.KeyIO           MODE: declarations took 0 ms 
252684     DEBUG Test worker     d.u.i.k.n.KeyIO           MODE: 2nd degree decls took 0 
252684     DEBUG Test worker     d.u.i.k.n.KeyIO           MODE: taclets took 0ms 
]]></system-out>
  <system-err><![CDATA[]]></system-err>
</testsuite>
