<?xml version="1.0" encoding="UTF-8"?>
<testsuite name="de.uka.ilkd.key.util.TestNodePreorderIterator" tests="4" skipped="0" failures="0" errors="0" timestamp="2023-04-17T08:14:38" hostname="fv-az1252-212" time="0.016">
  <properties/>
  <testcase name="testNodesThreeLevel()" classname="de.uka.ilkd.key.util.TestNodePreorderIterator" time="0.004"/>
  <testcase name="testEmptyRoot()" classname="de.uka.ilkd.key.util.TestNodePreorderIterator" time="0.003"/>
  <testcase name="testNodesTwoLevel()" classname="de.uka.ilkd.key.util.TestNodePreorderIterator" time="0.006"/>
  <testcase name="testNodesOneLevel()" classname="de.uka.ilkd.key.util.TestNodePreorderIterator" time="0.002"/>
  <system-out><![CDATA[]]></system-out>
  <system-err><![CDATA[]]></system-err>
</testsuite>
