<?xml version="1.0" encoding="UTF-8"?>
<testsuite name="de.uka.ilkd.key.logic.TestClashFreeSubst" tests="14" skipped="2" failures="0" errors="0" timestamp="2023-04-17T08:03:10" hostname="fv-az1252-212" time="43.788">
  <properties/>
  <testcase name="testMultiShareBound()" classname="de.uka.ilkd.key.logic.TestClashFreeSubst" time="0.865"/>
  <testcase name="testClash()" classname="de.uka.ilkd.key.logic.TestClashFreeSubst" time="0.902"/>
  <testcase name="testShare()" classname="de.uka.ilkd.key.logic.TestClashFreeSubst" time="0.84"/>
  <testcase name="testSubst()" classname="de.uka.ilkd.key.logic.TestClashFreeSubst" time="0.799"/>
  <testcase name="testWary0()" classname="de.uka.ilkd.key.logic.TestClashFreeSubst" time="0.802"/>
  <testcase name="testWary1()" classname="de.uka.ilkd.key.logic.TestClashFreeSubst" time="0.811"/>
  <testcase name="testWary2()" classname="de.uka.ilkd.key.logic.TestClashFreeSubst" time="0.815"/>
  <testcase name="testClashInSubstTerm()" classname="de.uka.ilkd.key.logic.TestClashFreeSubst" time="0.799"/>
  <testcase name="testShareWary()" classname="de.uka.ilkd.key.logic.TestClashFreeSubst" time="0.784"/>
  <testcase name="testMultiSubst()" classname="de.uka.ilkd.key.logic.TestClashFreeSubst" time="0.784"/>
  <testcase name="xtestMultiClash()" classname="de.uka.ilkd.key.logic.TestClashFreeSubst" time="0.0">
    <skipped/>
  </testcase>
  <testcase name="testSubstInSubstTerm()" classname="de.uka.ilkd.key.logic.TestClashFreeSubst" time="0.797"/>
  <testcase name="testSubstWary()" classname="de.uka.ilkd.key.logic.TestClashFreeSubst" time="0.784"/>
  <testcase name="xtestMultiClash1()" classname="de.uka.ilkd.key.logic.TestClashFreeSubst" time="0.001">
    <skipped/>
  </testcase>
  <system-out><![CDATA[34621      INFO  Test worker     d.u.i.k.n.KeyIO           Parsing took 0 ms 
34621      INFO  Test worker     d.u.i.k.n.KeyIO           MODE: declarations took 0 ms 
35472      INFO  Test worker     d.u.i.k.n.KeyIO           Parsing took 0 ms 
35472      INFO  Test worker     d.u.i.k.n.KeyIO           MODE: declarations took 0 ms 
38614      INFO  Test worker     d.u.i.k.n.KeyIO           Parsing took 0 ms 
38614      INFO  Test worker     d.u.i.k.n.KeyIO           MODE: declarations took 0 ms 
39521      INFO  Test worker     d.u.i.k.n.KeyIO           Parsing took 0 ms 
39521      INFO  Test worker     d.u.i.k.n.KeyIO           MODE: declarations took 0 ms 
42139      INFO  Test worker     d.u.i.k.n.KeyIO           Parsing took 0 ms 
42139      INFO  Test worker     d.u.i.k.n.KeyIO           MODE: declarations took 0 ms 
42967      INFO  Test worker     d.u.i.k.n.KeyIO           Parsing took 0 ms 
42967      INFO  Test worker     d.u.i.k.n.KeyIO           MODE: declarations took 0 ms 
45631      INFO  Test worker     d.u.i.k.n.KeyIO           Parsing took 0 ms 
45631      INFO  Test worker     d.u.i.k.n.KeyIO           MODE: declarations took 0 ms 
46439      INFO  Test worker     d.u.i.k.n.KeyIO           Parsing took 0 ms 
46439      INFO  Test worker     d.u.i.k.n.KeyIO           MODE: declarations took 0 ms 
48999      INFO  Test worker     d.u.i.k.n.KeyIO           Parsing took 0 ms 
48999      INFO  Test worker     d.u.i.k.n.KeyIO           MODE: declarations took 0 ms 
49803      INFO  Test worker     d.u.i.k.n.KeyIO           Parsing took 0 ms 
49803      INFO  Test worker     d.u.i.k.n.KeyIO           MODE: declarations took 0 ms 
52402      INFO  Test worker     d.u.i.k.n.KeyIO           Parsing took 0 ms 
52402      INFO  Test worker     d.u.i.k.n.KeyIO           MODE: declarations took 0 ms 
53205      INFO  Test worker     d.u.i.k.n.KeyIO           Parsing took 0 ms 
53205      INFO  Test worker     d.u.i.k.n.KeyIO           MODE: declarations took 0 ms 
55775      INFO  Test worker     d.u.i.k.n.KeyIO           Parsing took 0 ms 
55775      INFO  Test worker     d.u.i.k.n.KeyIO           MODE: declarations took 0 ms 
56587      INFO  Test worker     d.u.i.k.n.KeyIO           Parsing took 0 ms 
56587      INFO  Test worker     d.u.i.k.n.KeyIO           MODE: declarations took 0 ms 
59133      INFO  Test worker     d.u.i.k.n.KeyIO           Parsing took 0 ms 
59149      INFO  Test worker     d.u.i.k.n.KeyIO           MODE: declarations took 0 ms 
59943      INFO  Test worker     d.u.i.k.n.KeyIO           Parsing took 0 ms 
59943      INFO  Test worker     d.u.i.k.n.KeyIO           MODE: declarations took 0 ms 
62513      INFO  Test worker     d.u.i.k.n.KeyIO           Parsing took 0 ms 
62513      INFO  Test worker     d.u.i.k.n.KeyIO           MODE: declarations took 0 ms 
63293      INFO  Test worker     d.u.i.k.n.KeyIO           Parsing took 0 ms 
63293      INFO  Test worker     d.u.i.k.n.KeyIO           MODE: declarations took 0 ms 
65856      INFO  Test worker     d.u.i.k.n.KeyIO           Parsing took 0 ms 
65856      INFO  Test worker     d.u.i.k.n.KeyIO           MODE: declarations took 0 ms 
66634      INFO  Test worker     d.u.i.k.n.KeyIO           Parsing took 0 ms 
66634      INFO  Test worker     d.u.i.k.n.KeyIO           MODE: declarations took 0 ms 
71749      INFO  Test worker     d.u.i.k.n.KeyIO           Parsing took 0 ms 
71749      INFO  Test worker     d.u.i.k.n.KeyIO           MODE: declarations took 0 ms 
72523      INFO  Test worker     d.u.i.k.n.KeyIO           Parsing took 0 ms 
72523      INFO  Test worker     d.u.i.k.n.KeyIO           MODE: declarations took 0 ms 
75070      INFO  Test worker     d.u.i.k.n.KeyIO           Parsing took 0 ms 
75070      INFO  Test worker     d.u.i.k.n.KeyIO           MODE: declarations took 0 ms 
75861      INFO  Test worker     d.u.i.k.n.KeyIO           Parsing took 0 ms 
75861      INFO  Test worker     d.u.i.k.n.KeyIO           MODE: declarations took 0 ms 
]]></system-out>
  <system-err><![CDATA[]]></system-err>
</testsuite>
