<?xml version="1.0" encoding="UTF-8"?>
<testsuite name="de.uka.ilkd.key.nparser.ParseLDTsTests" tests="2" skipped="0" failures="0" errors="0" timestamp="2023-04-17T08:05:37" hostname="fv-az1252-212" time="0.829">
  <properties/>
  <testcase name="testLDT()" classname="de.uka.ilkd.key.nparser.ParseLDTsTests" time="0.018"/>
  <testcase name="testSR()" classname="de.uka.ilkd.key.nparser.ParseLDTsTests" time="0.81"/>
  <system-out><![CDATA[181952     INFO  Test worker     d.u.i.k.n.KeyIO           Parsing took 0 ms 
181952     INFO  Test worker     d.u.i.k.n.KeyIO           MODE: declarations took 0 ms 
182249     INFO  Test worker     d.u.i.k.n.KeyIO           Parsing took 282 ms 
182249     INFO  Test worker     d.u.i.k.n.KeyIO           MODE: declarations took 0 ms 
]]></system-out>
  <system-err><![CDATA[]]></system-err>
</testsuite>
