<?xml version="1.0" encoding="UTF-8"?>
<testsuite name="de.uka.ilkd.key.parser.TestTermParser" tests="47" skipped="4" failures="0" errors="0" timestamp="2023-04-17T08:07:07" hostname="fv-az1252-212" time="2.919">
  <properties/>
  <testcase name="testNotEqual()" classname="de.uka.ilkd.key.parser.TestTermParser" time="0.002"/>
  <testcase name="testProgramVariables()" classname="de.uka.ilkd.key.parser.TestTermParser" time="0.047"/>
  <testcase name="testAttributeWithSpecifiedSortOnObject()" classname="de.uka.ilkd.key.parser.TestTermParser" time="0.012"/>
  <testcase name="testCast()" classname="de.uka.ilkd.key.parser.TestTermParser" time="0.004"/>
  <testcase name="testJavaQueryAndAttribute_all()" classname="de.uka.ilkd.key.parser.TestTermParser" time="0.0">
    <skipped/>
  </testcase>
  <testcase name="test10()" classname="de.uka.ilkd.key.parser.TestTermParser" time="0.002"/>
  <testcase name="test11()" classname="de.uka.ilkd.key.parser.TestTermParser" time="0.002"/>
  <testcase name="test12()" classname="de.uka.ilkd.key.parser.TestTermParser" time="0.0">
    <skipped/>
  </testcase>
  <testcase name="test13()" classname="de.uka.ilkd.key.parser.TestTermParser" time="0.004"/>
  <testcase name="test14()" classname="de.uka.ilkd.key.parser.TestTermParser" time="0.002"/>
  <testcase name="test1a()" classname="de.uka.ilkd.key.parser.TestTermParser" time="0.002"/>
  <testcase name="testJavaAttributeAccess_4()" classname="de.uka.ilkd.key.parser.TestTermParser" time="0.002"/>
  <testcase name="testAttributeOnObject()" classname="de.uka.ilkd.key.parser.TestTermParser" time="0.003"/>
  <testcase name="testNegativeLiteralParsing1()" classname="de.uka.ilkd.key.parser.TestTermParser" time="0.001"/>
  <testcase name="testNegativeLiteralParsing2()" classname="de.uka.ilkd.key.parser.TestTermParser" time="0.002"/>
  <testcase name="testNegativeLiteralParsing3()" classname="de.uka.ilkd.key.parser.TestTermParser" time="0.002"/>
  <testcase name="xtestParsingArrayWithSpaces()" classname="de.uka.ilkd.key.parser.TestTermParser" time="0.0">
    <skipped/>
  </testcase>
  <testcase name="testAmbigiousFuncVarPred()" classname="de.uka.ilkd.key.parser.TestTermParser" time="0.001"/>
  <testcase name="test1()" classname="de.uka.ilkd.key.parser.TestTermParser" time="0.002"/>
  <testcase name="test2()" classname="de.uka.ilkd.key.parser.TestTermParser" time="0.002"/>
  <testcase name="test3()" classname="de.uka.ilkd.key.parser.TestTermParser" time="0.002"/>
  <testcase name="test5()" classname="de.uka.ilkd.key.parser.TestTermParser" time="0.002"/>
  <testcase name="test6()" classname="de.uka.ilkd.key.parser.TestTermParser" time="0.002"/>
  <testcase name="test7()" classname="de.uka.ilkd.key.parser.TestTermParser" time="0.001"/>
  <testcase name="test8()" classname="de.uka.ilkd.key.parser.TestTermParser" time="0.002"/>
  <testcase name="test9()" classname="de.uka.ilkd.key.parser.TestTermParser" time="0.001"/>
  <testcase name="testBindingUpdateTerm()" classname="de.uka.ilkd.key.parser.TestTermParser" time="0.002"/>
  <testcase name="testJavaStaticQuery()" classname="de.uka.ilkd.key.parser.TestTermParser" time="0.003"/>
  <testcase name="testInfix1()" classname="de.uka.ilkd.key.parser.TestTermParser" time="0.002"/>
  <testcase name="testInfix2()" classname="de.uka.ilkd.key.parser.TestTermParser" time="0.001"/>
  <testcase name="testInfix3()" classname="de.uka.ilkd.key.parser.TestTermParser" time="0.002"/>
  <testcase name="testInfix4()" classname="de.uka.ilkd.key.parser.TestTermParser" time="0.002"/>
  <testcase name="testIfThenElse()" classname="de.uka.ilkd.key.parser.TestTermParser" time="0.001"/>
  <testcase name="testJavaAttributeAccessBoth_1()" classname="de.uka.ilkd.key.parser.TestTermParser" time="0.002"/>
  <testcase name="testJavaAttributeAccessBoth_2()" classname="de.uka.ilkd.key.parser.TestTermParser" time="0.003"/>
  <testcase name="testJavaAttributeAccessBoth_3()" classname="de.uka.ilkd.key.parser.TestTermParser" time="0.003"/>
  <testcase name="testBindingUpdateTerm_1()" classname="de.uka.ilkd.key.parser.TestTermParser" time="0.003"/>
  <testcase name="testBindingUpdateTerm_3()" classname="de.uka.ilkd.key.parser.TestTermParser" time="0.011"/>
  <testcase name="testBindingUpdateTerm_4()" classname="de.uka.ilkd.key.parser.TestTermParser" time="0.002"/>
  <testcase name="testBindingUpdateTerm_5()" classname="de.uka.ilkd.key.parser.TestTermParser" time="0.002"/>
  <testcase name="testBindingUpdateTerm_6()" classname="de.uka.ilkd.key.parser.TestTermParser" time="0.003"/>
  <testcase name="testBindingUpdateTerm_7()" classname="de.uka.ilkd.key.parser.TestTermParser" time="0.002"/>
  <testcase name="testBindingUpdateTerm_8()" classname="de.uka.ilkd.key.parser.TestTermParser" time="0.002"/>
  <testcase name="testParsingArray()" classname="de.uka.ilkd.key.parser.TestTermParser" time="0.003"/>
  <testcase name="xtestBindingUpdateTermOldBindingAlternative()" classname="de.uka.ilkd.key.parser.TestTermParser" time="0.0">
    <skipped/>
  </testcase>
  <testcase name="testJavaStaticQueryWithParameter()" classname="de.uka.ilkd.key.parser.TestTermParser" time="0.035"/>
  <testcase name="testParsingArrayCombination()" classname="de.uka.ilkd.key.parser.TestTermParser" time="0.008"/>
  <system-out><![CDATA[271645     INFO  Test worker     d.u.i.k.n.KeyIO           Parsing took 16 ms 
271645     INFO  Test worker     d.u.i.k.n.KeyIO           MODE: declarations took 0 ms 
271645     WARN  Test worker     d.u.i.k.j.r.KeYCrossReferenceNameInfo Datatype T declared twice: Once in UNKNOWN:unknown and once in UNKNOWN:unknown, Keeping one from UNKNOWN:unknown 
271692     INFO  Test worker     d.u.i.k.n.KeyIO           Parsing took 0 ms 
271692     INFO  Test worker     d.u.i.k.n.KeyIO           MODE: declarations took 0 ms 
271742     WARN  Test worker     d.u.i.k.j.r.KeYCrossReferenceNameInfo Datatype T declared twice: Once in UNKNOWN:unknown and once in UNKNOWN:unknown, Keeping one from UNKNOWN:unknown 
271804     INFO  Test worker     d.u.i.k.n.KeyIO           Parsing took 0 ms 
271804     INFO  Test worker     d.u.i.k.n.KeyIO           MODE: declarations took 0 ms 
271820     WARN  Test worker     d.u.i.k.j.r.KeYCrossReferenceNameInfo Datatype T declared twice: Once in UNKNOWN:unknown and once in UNKNOWN:unknown, Keeping one from UNKNOWN:unknown 
271867     INFO  Test worker     d.u.i.k.n.KeyIO           Parsing took 0 ms 
271882     INFO  Test worker     d.u.i.k.n.KeyIO           MODE: declarations took 0 ms 
271882     WARN  Test worker     d.u.i.k.j.r.KeYCrossReferenceNameInfo Datatype T declared twice: Once in UNKNOWN:unknown and once in UNKNOWN:unknown, Keeping one from UNKNOWN:unknown 
271929     WARN  Test worker     d.u.i.k.j.r.KeYCrossReferenceNameInfo Datatype T declared twice: Once in UNKNOWN:unknown and once in UNKNOWN:unknown, Keeping one from UNKNOWN:unknown 
271992     INFO  Test worker     d.u.i.k.n.KeyIO           Parsing took 0 ms 
271992     INFO  Test worker     d.u.i.k.n.KeyIO           MODE: declarations took 0 ms 
271992     INFO  Test worker     d.u.i.k.p.TestTermParser  Out: \<{
  int x = 1;
  {
    int s = 2;
  }
}\> (equals(x,x)) 
271992     WARN  Test worker     d.u.i.k.j.r.KeYCrossReferenceNameInfo Datatype T declared twice: Once in UNKNOWN:unknown and once in UNKNOWN:unknown, Keeping one from UNKNOWN:unknown 
272054     INFO  Test worker     d.u.i.k.n.KeyIO           Parsing took 0 ms 
272054     INFO  Test worker     d.u.i.k.n.KeyIO           MODE: declarations took 0 ms 
272054     INFO  Test worker     d.u.i.k.p.TestTermParser  Out: \[{
  int x = 2;
  {
    String s = ""}";
  }
}\] (true) 
272054     WARN  Test worker     d.u.i.k.j.r.KeYCrossReferenceNameInfo Datatype T declared twice: Once in UNKNOWN:unknown and once in UNKNOWN:unknown, Keeping one from UNKNOWN:unknown 
272117     WARN  Test worker     d.u.i.k.j.r.KeYCrossReferenceNameInfo Datatype T declared twice: Once in UNKNOWN:unknown and once in UNKNOWN:unknown, Keeping one from UNKNOWN:unknown 
272179     INFO  Test worker     d.u.i.k.n.KeyIO           Parsing took 0 ms 
272179     INFO  Test worker     d.u.i.k.n.KeyIO           MODE: declarations took 0 ms 
272179     WARN  Test worker     d.u.i.k.j.r.KeYCrossReferenceNameInfo Datatype T declared twice: Once in UNKNOWN:unknown and once in UNKNOWN:unknown, Keeping one from UNKNOWN:unknown 
272235     INFO  Test worker     d.u.i.k.n.KeyIO           Parsing took 0 ms 
272235     INFO  Test worker     d.u.i.k.n.KeyIO           MODE: declarations took 0 ms 
272235     INFO  Test worker     d.u.i.k.p.TestTermParser  Out: \<{
  int[] i;
}\> (diamond(true)) 
272235     WARN  Test worker     d.u.i.k.j.r.KeYCrossReferenceNameInfo Datatype T declared twice: Once in UNKNOWN:unknown and once in UNKNOWN:unknown, Keeping one from UNKNOWN:unknown 
272298     INFO  Test worker     d.u.i.k.n.KeyIO           Parsing took 0 ms 
272298     INFO  Test worker     d.u.i.k.n.KeyIO           MODE: declarations took 0 ms 
272298     WARN  Test worker     d.u.i.k.j.r.KeYCrossReferenceNameInfo Datatype T declared twice: Once in UNKNOWN:unknown and once in UNKNOWN:unknown, Keeping one from UNKNOWN:unknown 
272361     INFO  Test worker     d.u.i.k.n.KeyIO           Parsing took 0 ms 
272361     INFO  Test worker     d.u.i.k.n.KeyIO           MODE: declarations took 0 ms 
272361     WARN  Test worker     d.u.i.k.j.r.KeYCrossReferenceNameInfo Datatype T declared twice: Once in UNKNOWN:unknown and once in UNKNOWN:unknown, Keeping one from UNKNOWN:unknown 
272423     INFO  Test worker     d.u.i.k.n.KeyIO           Parsing took 0 ms 
272423     INFO  Test worker     d.u.i.k.n.KeyIO           MODE: declarations took 0 ms 
272423     WARN  Test worker     d.u.i.k.j.r.KeYCrossReferenceNameInfo Datatype T declared twice: Once in UNKNOWN:unknown and once in UNKNOWN:unknown, Keeping one from UNKNOWN:unknown 
272486     INFO  Test worker     d.u.i.k.n.KeyIO           Parsing took 0 ms 
272486     INFO  Test worker     d.u.i.k.n.KeyIO           MODE: declarations took 0 ms 
272486     WARN  Test worker     d.u.i.k.j.r.KeYCrossReferenceNameInfo Datatype T declared twice: Once in UNKNOWN:unknown and once in UNKNOWN:unknown, Keeping one from UNKNOWN:unknown 
272548     INFO  Test worker     d.u.i.k.n.KeyIO           Parsing took 0 ms 
272548     INFO  Test worker     d.u.i.k.n.KeyIO           MODE: declarations took 0 ms 
272548     WARN  Test worker     d.u.i.k.j.r.KeYCrossReferenceNameInfo Datatype T declared twice: Once in UNKNOWN:unknown and once in UNKNOWN:unknown, Keeping one from UNKNOWN:unknown 
272611     INFO  Test worker     d.u.i.k.n.KeyIO           Parsing took 0 ms 
272611     INFO  Test worker     d.u.i.k.n.KeyIO           MODE: declarations took 0 ms 
272611     WARN  Test worker     d.u.i.k.j.r.KeYCrossReferenceNameInfo Datatype T declared twice: Once in UNKNOWN:unknown and once in UNKNOWN:unknown, Keeping one from UNKNOWN:unknown 
272658     WARN  Test worker     d.u.i.k.j.r.KeYCrossReferenceNameInfo Datatype T declared twice: Once in UNKNOWN:unknown and once in UNKNOWN:unknown, Keeping one from UNKNOWN:unknown 
272720     INFO  Test worker     d.u.i.k.n.KeyIO           Parsing took 0 ms 
272720     INFO  Test worker     d.u.i.k.n.KeyIO           MODE: declarations took 0 ms 
272720     WARN  Test worker     d.u.i.k.j.r.KeYCrossReferenceNameInfo Datatype T declared twice: Once in UNKNOWN:unknown and once in UNKNOWN:unknown, Keeping one from UNKNOWN:unknown 
272783     INFO  Test worker     d.u.i.k.n.KeyIO           Parsing took 0 ms 
272783     INFO  Test worker     d.u.i.k.n.KeyIO           MODE: declarations took 0 ms 
272783     WARN  Test worker     d.u.i.k.j.r.KeYCrossReferenceNameInfo Datatype T declared twice: Once in UNKNOWN:unknown and once in UNKNOWN:unknown, Keeping one from UNKNOWN:unknown 
272846     INFO  Test worker     d.u.i.k.n.KeyIO           Parsing took 0 ms 
272846     INFO  Test worker     d.u.i.k.n.KeyIO           MODE: declarations took 0 ms 
272846     WARN  Test worker     d.u.i.k.j.r.KeYCrossReferenceNameInfo Datatype T declared twice: Once in UNKNOWN:unknown and once in UNKNOWN:unknown, Keeping one from UNKNOWN:unknown 
272908     INFO  Test worker     d.u.i.k.n.KeyIO           Parsing took 0 ms 
272908     INFO  Test worker     d.u.i.k.n.KeyIO           MODE: declarations took 0 ms 
272908     WARN  Test worker     d.u.i.k.j.r.KeYCrossReferenceNameInfo Datatype T declared twice: Once in UNKNOWN:unknown and once in UNKNOWN:unknown, Keeping one from UNKNOWN:unknown 
272971     INFO  Test worker     d.u.i.k.n.KeyIO           Parsing took 0 ms 
272971     INFO  Test worker     d.u.i.k.n.KeyIO           MODE: declarations took 0 ms 
272971     WARN  Test worker     d.u.i.k.j.r.KeYCrossReferenceNameInfo Datatype T declared twice: Once in UNKNOWN:unknown and once in UNKNOWN:unknown, Keeping one from UNKNOWN:unknown 
273033     INFO  Test worker     d.u.i.k.n.KeyIO           Parsing took 0 ms 
273033     INFO  Test worker     d.u.i.k.n.KeyIO           MODE: declarations took 0 ms 
273033     WARN  Test worker     d.u.i.k.j.r.KeYCrossReferenceNameInfo Datatype T declared twice: Once in UNKNOWN:unknown and once in UNKNOWN:unknown, Keeping one from UNKNOWN:unknown 
273096     INFO  Test worker     d.u.i.k.n.KeyIO           Parsing took 0 ms 
273096     INFO  Test worker     d.u.i.k.n.KeyIO           MODE: declarations took 0 ms 
273096     WARN  Test worker     d.u.i.k.j.r.KeYCrossReferenceNameInfo Datatype T declared twice: Once in UNKNOWN:unknown and once in UNKNOWN:unknown, Keeping one from UNKNOWN:unknown 
273149     INFO  Test worker     d.u.i.k.n.KeyIO           Parsing took 0 ms 
273149     INFO  Test worker     d.u.i.k.n.KeyIO           MODE: declarations took 0 ms 
273149     WARN  Test worker     d.u.i.k.j.r.KeYCrossReferenceNameInfo Datatype T declared twice: Once in UNKNOWN:unknown and once in UNKNOWN:unknown, Keeping one from UNKNOWN:unknown 
273211     INFO  Test worker     d.u.i.k.n.KeyIO           Parsing took 0 ms 
273211     INFO  Test worker     d.u.i.k.n.KeyIO           MODE: declarations took 0 ms 
273211     WARN  Test worker     d.u.i.k.j.r.KeYCrossReferenceNameInfo Datatype T declared twice: Once in UNKNOWN:unknown and once in UNKNOWN:unknown, Keeping one from UNKNOWN:unknown 
273274     INFO  Test worker     d.u.i.k.n.KeyIO           Parsing took 0 ms 
273274     INFO  Test worker     d.u.i.k.n.KeyIO           MODE: declarations took 0 ms 
273274     WARN  Test worker     d.u.i.k.j.r.KeYCrossReferenceNameInfo Datatype T declared twice: Once in UNKNOWN:unknown and once in UNKNOWN:unknown, Keeping one from UNKNOWN:unknown 
273336     INFO  Test worker     d.u.i.k.n.KeyIO           Parsing took 0 ms 
273336     INFO  Test worker     d.u.i.k.n.KeyIO           MODE: declarations took 0 ms 
273336     WARN  Test worker     d.u.i.k.j.r.KeYCrossReferenceNameInfo Datatype T declared twice: Once in UNKNOWN:unknown and once in UNKNOWN:unknown, Keeping one from UNKNOWN:unknown 
273405     INFO  Test worker     d.u.i.k.n.KeyIO           Parsing took 0 ms 
273405     INFO  Test worker     d.u.i.k.n.KeyIO           MODE: declarations took 0 ms 
273406     WARN  Test worker     d.u.i.k.j.r.KeYCrossReferenceNameInfo Datatype T declared twice: Once in UNKNOWN:unknown and once in UNKNOWN:unknown, Keeping one from UNKNOWN:unknown 
273453     INFO  Test worker     d.u.i.k.n.KeyIO           Parsing took 0 ms 
273453     INFO  Test worker     d.u.i.k.n.KeyIO           MODE: declarations took 0 ms 
273453     WARN  Test worker     d.u.i.k.j.r.KeYCrossReferenceNameInfo Datatype T declared twice: Once in UNKNOWN:unknown and once in UNKNOWN:unknown, Keeping one from UNKNOWN:unknown 
273516     INFO  Test worker     d.u.i.k.n.KeyIO           Parsing took 0 ms 
273516     INFO  Test worker     d.u.i.k.n.KeyIO           MODE: declarations took 0 ms 
273516     WARN  Test worker     d.u.i.k.j.r.KeYCrossReferenceNameInfo Datatype T declared twice: Once in UNKNOWN:unknown and once in UNKNOWN:unknown, Keeping one from UNKNOWN:unknown 
273578     INFO  Test worker     d.u.i.k.n.KeyIO           Parsing took 0 ms 
273578     INFO  Test worker     d.u.i.k.n.KeyIO           MODE: declarations took 0 ms 
273578     WARN  Test worker     d.u.i.k.j.r.KeYCrossReferenceNameInfo Datatype T declared twice: Once in UNKNOWN:unknown and once in UNKNOWN:unknown, Keeping one from UNKNOWN:unknown 
273641     INFO  Test worker     d.u.i.k.n.KeyIO           Parsing took 0 ms 
273641     INFO  Test worker     d.u.i.k.n.KeyIO           MODE: declarations took 0 ms 
273641     WARN  Test worker     d.u.i.k.j.r.KeYCrossReferenceNameInfo Datatype T declared twice: Once in UNKNOWN:unknown and once in UNKNOWN:unknown, Keeping one from UNKNOWN:unknown 
273703     INFO  Test worker     d.u.i.k.n.KeyIO           Parsing took 0 ms 
273703     INFO  Test worker     d.u.i.k.n.KeyIO           MODE: declarations took 0 ms 
273703     WARN  Test worker     d.u.i.k.j.r.KeYCrossReferenceNameInfo Datatype T declared twice: Once in UNKNOWN:unknown and once in UNKNOWN:unknown, Keeping one from UNKNOWN:unknown 
273766     INFO  Test worker     d.u.i.k.n.KeyIO           Parsing took 0 ms 
273766     INFO  Test worker     d.u.i.k.n.KeyIO           MODE: declarations took 0 ms 
273766     WARN  Test worker     d.u.i.k.j.r.KeYCrossReferenceNameInfo Datatype T declared twice: Once in UNKNOWN:unknown and once in UNKNOWN:unknown, Keeping one from UNKNOWN:unknown 
273828     INFO  Test worker     d.u.i.k.n.KeyIO           Parsing took 0 ms 
273828     INFO  Test worker     d.u.i.k.n.KeyIO           MODE: declarations took 0 ms 
273828     WARN  Test worker     d.u.i.k.j.r.KeYCrossReferenceNameInfo Datatype T declared twice: Once in UNKNOWN:unknown and once in UNKNOWN:unknown, Keeping one from UNKNOWN:unknown 
273891     INFO  Test worker     d.u.i.k.n.KeyIO           Parsing took 0 ms 
273891     INFO  Test worker     d.u.i.k.n.KeyIO           MODE: declarations took 0 ms 
273891     WARN  Test worker     d.u.i.k.j.r.KeYCrossReferenceNameInfo Datatype T declared twice: Once in UNKNOWN:unknown and once in UNKNOWN:unknown, Keeping one from UNKNOWN:unknown 
273953     INFO  Test worker     d.u.i.k.n.KeyIO           Parsing took 0 ms 
273953     INFO  Test worker     d.u.i.k.n.KeyIO           MODE: declarations took 0 ms 
273969     WARN  Test worker     d.u.i.k.j.r.KeYCrossReferenceNameInfo Datatype T declared twice: Once in UNKNOWN:unknown and once in UNKNOWN:unknown, Keeping one from UNKNOWN:unknown 
274016     INFO  Test worker     d.u.i.k.n.KeyIO           Parsing took 0 ms 
274016     INFO  Test worker     d.u.i.k.n.KeyIO           MODE: declarations took 0 ms 
274016     WARN  Test worker     d.u.i.k.j.r.KeYCrossReferenceNameInfo Datatype T declared twice: Once in UNKNOWN:unknown and once in UNKNOWN:unknown, Keeping one from UNKNOWN:unknown 
274084     INFO  Test worker     d.u.i.k.n.KeyIO           Parsing took 0 ms 
274084     INFO  Test worker     d.u.i.k.n.KeyIO           MODE: declarations took 0 ms 
274084     WARN  Test worker     d.u.i.k.j.r.KeYCrossReferenceNameInfo Datatype T declared twice: Once in UNKNOWN:unknown and once in UNKNOWN:unknown, Keeping one from UNKNOWN:unknown 
274147     INFO  Test worker     d.u.i.k.n.KeyIO           Parsing took 0 ms 
274147     INFO  Test worker     d.u.i.k.n.KeyIO           MODE: declarations took 0 ms 
274147     WARN  Test worker     d.u.i.k.j.r.KeYCrossReferenceNameInfo Datatype T declared twice: Once in UNKNOWN:unknown and once in UNKNOWN:unknown, Keeping one from UNKNOWN:unknown 
274216     INFO  Test worker     d.u.i.k.n.KeyIO           Parsing took 0 ms 
274216     INFO  Test worker     d.u.i.k.n.KeyIO           MODE: declarations took 0 ms 
274216     WARN  Test worker     d.u.i.k.j.r.KeYCrossReferenceNameInfo Datatype T declared twice: Once in UNKNOWN:unknown and once in UNKNOWN:unknown, Keeping one from UNKNOWN:unknown 
274262     INFO  Test worker     d.u.i.k.n.KeyIO           Parsing took 0 ms 
274262     INFO  Test worker     d.u.i.k.n.KeyIO           MODE: declarations took 0 ms 
274278     WARN  Test worker     d.u.i.k.j.r.KeYCrossReferenceNameInfo Datatype T declared twice: Once in UNKNOWN:unknown and once in UNKNOWN:unknown, Keeping one from UNKNOWN:unknown 
274325     INFO  Test worker     d.u.i.k.n.KeyIO           Parsing took 0 ms 
274325     INFO  Test worker     d.u.i.k.n.KeyIO           MODE: declarations took 0 ms 
274341     WARN  Test worker     d.u.i.k.j.r.KeYCrossReferenceNameInfo Datatype T declared twice: Once in UNKNOWN:unknown and once in UNKNOWN:unknown, Keeping one from UNKNOWN:unknown 
274387     WARN  Test worker     d.u.i.k.j.r.KeYCrossReferenceNameInfo Datatype T declared twice: Once in UNKNOWN:unknown and once in UNKNOWN:unknown, Keeping one from UNKNOWN:unknown 
274450     INFO  Test worker     d.u.i.k.n.KeyIO           Parsing took 0 ms 
274450     INFO  Test worker     d.u.i.k.n.KeyIO           MODE: declarations took 0 ms 
274481     WARN  Test worker     d.u.i.k.j.r.KeYCrossReferenceNameInfo Datatype T declared twice: Once in UNKNOWN:unknown and once in UNKNOWN:unknown, Keeping one from UNKNOWN:unknown 
274544     INFO  Test worker     d.u.i.k.n.KeyIO           Parsing took 0 ms 
274559     INFO  Test worker     d.u.i.k.n.KeyIO           MODE: declarations took 0 ms 
]]></system-out>
  <system-err><![CDATA[]]></system-err>
</testsuite>
