<?xml version="1.0" encoding="UTF-8"?>
<testsuite name="de.uka.ilkd.key.parser.TestDeclParser" tests="14" skipped="2" failures="0" errors="0" timestamp="2023-04-17T08:05:46" hostname="fv-az1252-212" time="9.974">
  <properties/>
  <testcase name="testGenericSortDecl1()" classname="de.uka.ilkd.key.parser.TestDeclParser" time="1.045"/>
  <testcase name="testGenericSortDecl2()" classname="de.uka.ilkd.key.parser.TestDeclParser" time="0.819"/>
  <testcase name="testGenericSortDecl3()" classname="de.uka.ilkd.key.parser.TestDeclParser" time="0.782"/>
  <testcase name="testGenericSortDecl4()" classname="de.uka.ilkd.key.parser.TestDeclParser" time="0.817"/>
  <testcase name="testGenericSortDecl5()" classname="de.uka.ilkd.key.parser.TestDeclParser" time="0.0">
    <skipped/>
  </testcase>
  <testcase name="testGenericSortDecl6()" classname="de.uka.ilkd.key.parser.TestDeclParser" time="0.822"/>
  <testcase name="testSortDecl()" classname="de.uka.ilkd.key.parser.TestDeclParser" time="0.818"/>
  <testcase name="testProxySortDecl()" classname="de.uka.ilkd.key.parser.TestDeclParser" time="0.813"/>
  <testcase name="testArrayDecl()" classname="de.uka.ilkd.key.parser.TestDeclParser" time="0.819"/>
  <testcase name="testAmbiguousDecls()" classname="de.uka.ilkd.key.parser.TestDeclParser" time="0.0">
    <skipped/>
  </testcase>
  <testcase name="testHeurDecl()" classname="de.uka.ilkd.key.parser.TestDeclParser" time="0.818"/>
  <testcase name="testFunctionDecl()" classname="de.uka.ilkd.key.parser.TestDeclParser" time="0.776"/>
  <testcase name="testPredicateDecl()" classname="de.uka.ilkd.key.parser.TestDeclParser" time="0.823"/>
  <testcase name="testSVDecl()" classname="de.uka.ilkd.key.parser.TestDeclParser" time="0.818"/>
  <system-out><![CDATA[192203     INFO  Test worker     d.u.i.k.n.KeyIO           Parsing took 0 ms 
192203     INFO  Test worker     d.u.i.k.n.KeyIO           MODE: declarations took 0 ms 
193016     INFO  Test worker     d.u.i.k.n.KeyIO           Parsing took 0 ms 
193016     INFO  Test worker     d.u.i.k.n.KeyIO           MODE: declarations took 0 ms 
193790     INFO  Test worker     d.u.i.k.n.KeyIO           Parsing took 0 ms 
193806     INFO  Test worker     d.u.i.k.n.KeyIO           MODE: declarations took 0 ms 
194613     INFO  Test worker     d.u.i.k.n.KeyIO           Parsing took 0 ms 
194613     INFO  Test worker     d.u.i.k.n.KeyIO           MODE: declarations took 0 ms 
195438     INFO  Test worker     d.u.i.k.n.KeyIO           Parsing took 0 ms 
195438     INFO  Test worker     d.u.i.k.n.KeyIO           MODE: declarations took 0 ms 
196252     INFO  Test worker     d.u.i.k.n.KeyIO           Parsing took 0 ms 
196252     INFO  Test worker     d.u.i.k.n.KeyIO           MODE: declarations took 0 ms 
197078     INFO  Test worker     d.u.i.k.n.KeyIO           Parsing took 0 ms 
197078     INFO  Test worker     d.u.i.k.n.KeyIO           MODE: declarations took 0 ms 
197891     INFO  Test worker     d.u.i.k.n.KeyIO           Parsing took 0 ms 
197891     INFO  Test worker     d.u.i.k.n.KeyIO           MODE: declarations took 0 ms 
198710     INFO  Test worker     d.u.i.k.n.KeyIO           Parsing took 0 ms 
198710     INFO  Test worker     d.u.i.k.n.KeyIO           MODE: declarations took 0 ms 
199483     INFO  Test worker     d.u.i.k.n.KeyIO           Parsing took 0 ms 
199483     INFO  Test worker     d.u.i.k.n.KeyIO           MODE: declarations took 0 ms 
200315     INFO  Test worker     d.u.i.k.n.KeyIO           Parsing took 0 ms 
200315     INFO  Test worker     d.u.i.k.n.KeyIO           MODE: declarations took 0 ms 
201122     INFO  Test worker     d.u.i.k.n.KeyIO           Parsing took 0 ms 
201122     INFO  Test worker     d.u.i.k.n.KeyIO           MODE: declarations took 0 ms 
]]></system-out>
  <system-err><![CDATA[]]></system-err>
</testsuite>
