<?xml version="1.0" encoding="UTF-8"?>
<testsuite name="de.uka.ilkd.key.parser.TestTermParserHeap" tests="39" skipped="0" failures="0" errors="0" timestamp="2023-04-17T08:07:12" hostname="fv-az1252-212" time="98.179">
  <properties/>
  <testcase name="testBracketHeapUpdate()" classname="de.uka.ilkd.key.parser.TestTermParserHeap" time="0.013"/>
  <testcase name="testStore()" classname="de.uka.ilkd.key.parser.TestTermParserHeap" time="0.006"/>
  <testcase name="testUnknownConstant()" classname="de.uka.ilkd.key.parser.TestTermParserHeap" time="0.002"/>
  <testcase name="testAllFieldsSelector()" classname="de.uka.ilkd.key.parser.TestTermParserHeap" time="0.002"/>
  <testcase name="testParsePrettyPrintedSelect()" classname="de.uka.ilkd.key.parser.TestTermParserHeap" time="0.002"/>
  <testcase name="testAccessStaticMembers()" classname="de.uka.ilkd.key.parser.TestTermParserHeap" time="0.003"/>
  <testcase name="testAtOperator_1()" classname="de.uka.ilkd.key.parser.TestTermParserHeap" time="0.026"/>
  <testcase name="testAtOperator_2()" classname="de.uka.ilkd.key.parser.TestTermParserHeap" time="0.002"/>
  <testcase name="testAtOperator_3()" classname="de.uka.ilkd.key.parser.TestTermParserHeap" time="0.001"/>
  <testcase name="testAtOperator_4()" classname="de.uka.ilkd.key.parser.TestTermParserHeap" time="0.006"/>
  <testcase name="testAtOperator_5()" classname="de.uka.ilkd.key.parser.TestTermParserHeap" time="0.002"/>
  <testcase name="testAtOperator_6()" classname="de.uka.ilkd.key.parser.TestTermParserHeap" time="0.003"/>
  <testcase name="testAtOperator_7()" classname="de.uka.ilkd.key.parser.TestTermParserHeap" time="0.002"/>
  <testcase name="testAtOperator_8()" classname="de.uka.ilkd.key.parser.TestTermParserHeap" time="0.005"/>
  <testcase name="testVerifyExceptionIfAtOperatorNotPreceededBySelectTerm()" classname="de.uka.ilkd.key.parser.TestTermParserHeap" time="0.003"/>
  <testcase name="testBugResettingCounter()" classname="de.uka.ilkd.key.parser.TestTermParserHeap" time="0.003"/>
  <testcase name="testLocationSets()" classname="de.uka.ilkd.key.parser.TestTermParserHeap" time="0.005"/>
  <testcase name="testQuantifiedSelect()" classname="de.uka.ilkd.key.parser.TestTermParserHeap" time="0.003"/>
  <testcase name="testGenericObjectProperties()" classname="de.uka.ilkd.key.parser.TestTermParserHeap" time="0.002"/>
  <testcase name="testQueryInheritance_1()" classname="de.uka.ilkd.key.parser.TestTermParserHeap" time="0.003"/>
  <testcase name="testQueryInheritance_2()" classname="de.uka.ilkd.key.parser.TestTermParserHeap" time="0.003"/>
  <testcase name="testQueryInheritance_3()" classname="de.uka.ilkd.key.parser.TestTermParserHeap" time="0.004"/>
  <testcase name="testQueryInheritance_4()" classname="de.uka.ilkd.key.parser.TestTermParserHeap" time="0.002"/>
  <testcase name="testQueryInheritance_5()" classname="de.uka.ilkd.key.parser.TestTermParserHeap" time="0.001"/>
  <testcase name="testQueryInheritance_6()" classname="de.uka.ilkd.key.parser.TestTermParserHeap" time="0.001"/>
  <testcase name="testQueryInheritance_7()" classname="de.uka.ilkd.key.parser.TestTermParserHeap" time="0.002"/>
  <testcase name="testQueryInheritance_8()" classname="de.uka.ilkd.key.parser.TestTermParserHeap" time="0.002"/>
  <testcase name="testQueryInheritance_9()" classname="de.uka.ilkd.key.parser.TestTermParserHeap" time="0.003"/>
  <testcase name="testQueryBasic_10()" classname="de.uka.ilkd.key.parser.TestTermParserHeap" time="0.001"/>
  <testcase name="testQueryBasic_11()" classname="de.uka.ilkd.key.parser.TestTermParserHeap" time="0.003"/>
  <testcase name="testQueryBasic_1()" classname="de.uka.ilkd.key.parser.TestTermParserHeap" time="0.002"/>
  <testcase name="testQueryBasic_2()" classname="de.uka.ilkd.key.parser.TestTermParserHeap" time="0.002"/>
  <testcase name="testQueryBasic_3()" classname="de.uka.ilkd.key.parser.TestTermParserHeap" time="0.003"/>
  <testcase name="testQueryBasic_4()" classname="de.uka.ilkd.key.parser.TestTermParserHeap" time="0.003"/>
  <testcase name="testQueryBasic_5()" classname="de.uka.ilkd.key.parser.TestTermParserHeap" time="0.001"/>
  <testcase name="testQueryBasic_6()" classname="de.uka.ilkd.key.parser.TestTermParserHeap" time="0.002"/>
  <testcase name="testQueryBasic_7()" classname="de.uka.ilkd.key.parser.TestTermParserHeap" time="0.002"/>
  <testcase name="testQueryBasic_8()" classname="de.uka.ilkd.key.parser.TestTermParserHeap" time="0.008"/>
  <testcase name="testQueryBasic_9()" classname="de.uka.ilkd.key.parser.TestTermParserHeap" time="0.001"/>
  <system-out><![CDATA[277251     INFO  Test worker     d.u.i.k.n.KeyIO           Parsing took 0 ms 
277251     INFO  Test worker     d.u.i.k.n.KeyIO           MODE: declarations took 0 ms 
277251     INFO  Test worker     d.u.i.k.n.KeyIO           Parsing took 0 ms 
277251     INFO  Test worker     d.u.i.k.n.KeyIO           MODE: declarations took 0 ms 
277251     INFO  Test worker     d.u.i.k.n.KeyIO           Parsing took 0 ms 
277251     INFO  Test worker     d.u.i.k.n.KeyIO           MODE: declarations took 0 ms 
277251     INFO  Test worker     d.u.i.k.n.KeyIO           Parsing took 0 ms 
277251     INFO  Test worker     d.u.i.k.n.KeyIO           MODE: declarations took 0 ms 
277251     INFO  Test worker     d.u.i.k.n.KeyIO           Parsing took 0 ms 
277251     INFO  Test worker     d.u.i.k.n.KeyIO           MODE: declarations took 0 ms 
279891     INFO  Test worker     d.u.i.k.n.KeyIO           Parsing took 0 ms 
279891     INFO  Test worker     d.u.i.k.n.KeyIO           MODE: declarations took 0 ms 
279891     INFO  Test worker     d.u.i.k.n.KeyIO           Parsing took 0 ms 
279891     INFO  Test worker     d.u.i.k.n.KeyIO           MODE: declarations took 0 ms 
279891     INFO  Test worker     d.u.i.k.n.KeyIO           Parsing took 0 ms 
279891     INFO  Test worker     d.u.i.k.n.KeyIO           MODE: declarations took 0 ms 
279891     INFO  Test worker     d.u.i.k.n.KeyIO           Parsing took 0 ms 
279891     INFO  Test worker     d.u.i.k.n.KeyIO           MODE: declarations took 0 ms 
279891     INFO  Test worker     d.u.i.k.n.KeyIO           Parsing took 0 ms 
279891     INFO  Test worker     d.u.i.k.n.KeyIO           MODE: declarations took 0 ms 
282478     INFO  Test worker     d.u.i.k.n.KeyIO           Parsing took 0 ms 
282478     INFO  Test worker     d.u.i.k.n.KeyIO           MODE: declarations took 0 ms 
282478     INFO  Test worker     d.u.i.k.n.KeyIO           Parsing took 0 ms 
282478     INFO  Test worker     d.u.i.k.n.KeyIO           MODE: declarations took 0 ms 
282478     INFO  Test worker     d.u.i.k.n.KeyIO           Parsing took 0 ms 
282478     INFO  Test worker     d.u.i.k.n.KeyIO           MODE: declarations took 0 ms 
282478     INFO  Test worker     d.u.i.k.n.KeyIO           Parsing took 0 ms 
282478     INFO  Test worker     d.u.i.k.n.KeyIO           MODE: declarations took 0 ms 
282478     INFO  Test worker     d.u.i.k.n.KeyIO           Parsing took 0 ms 
282478     INFO  Test worker     d.u.i.k.n.KeyIO           MODE: declarations took 0 ms 
282478     INFO  Test worker     d.u.i.k.n.KeyIO           Parsing took 0 ms 
282478     INFO  Test worker     d.u.i.k.n.KeyIO           MODE: declarations took 0 ms 
285125     INFO  Test worker     d.u.i.k.n.KeyIO           Parsing took 0 ms 
285125     INFO  Test worker     d.u.i.k.n.KeyIO           MODE: declarations took 0 ms 
285125     INFO  Test worker     d.u.i.k.n.KeyIO           Parsing took 0 ms 
285125     INFO  Test worker     d.u.i.k.n.KeyIO           MODE: declarations took 0 ms 
285125     INFO  Test worker     d.u.i.k.n.KeyIO           Parsing took 0 ms 
285125     INFO  Test worker     d.u.i.k.n.KeyIO           MODE: declarations took 0 ms 
285125     INFO  Test worker     d.u.i.k.n.KeyIO           Parsing took 0 ms 
285125     INFO  Test worker     d.u.i.k.n.KeyIO           MODE: declarations took 0 ms 
285125     INFO  Test worker     d.u.i.k.n.KeyIO           Parsing took 0 ms 
285125     INFO  Test worker     d.u.i.k.n.KeyIO           MODE: declarations took 0 ms 
287752     INFO  Test worker     d.u.i.k.n.KeyIO           Parsing took 0 ms 
287752     INFO  Test worker     d.u.i.k.n.KeyIO           MODE: declarations took 0 ms 
287752     INFO  Test worker     d.u.i.k.n.KeyIO           Parsing took 0 ms 
287752     INFO  Test worker     d.u.i.k.n.KeyIO           MODE: declarations took 0 ms 
287752     INFO  Test worker     d.u.i.k.n.KeyIO           Parsing took 0 ms 
287752     INFO  Test worker     d.u.i.k.n.KeyIO           MODE: declarations took 0 ms 
287752     INFO  Test worker     d.u.i.k.n.KeyIO           Parsing took 0 ms 
287752     INFO  Test worker     d.u.i.k.n.KeyIO           MODE: declarations took 0 ms 
287752     INFO  Test worker     d.u.i.k.n.KeyIO           Parsing took 0 ms 
287752     INFO  Test worker     d.u.i.k.n.KeyIO           MODE: declarations took 0 ms 
290382     INFO  Test worker     d.u.i.k.n.KeyIO           Parsing took 0 ms 
290382     INFO  Test worker     d.u.i.k.n.KeyIO           MODE: declarations took 0 ms 
290382     INFO  Test worker     d.u.i.k.n.KeyIO           Parsing took 0 ms 
290382     INFO  Test worker     d.u.i.k.n.KeyIO           MODE: declarations took 0 ms 
290382     INFO  Test worker     d.u.i.k.n.KeyIO           Parsing took 0 ms 
290382     INFO  Test worker     d.u.i.k.n.KeyIO           MODE: declarations took 0 ms 
290382     INFO  Test worker     d.u.i.k.n.KeyIO           Parsing took 0 ms 
290382     INFO  Test worker     d.u.i.k.n.KeyIO           MODE: declarations took 0 ms 
290382     INFO  Test worker     d.u.i.k.n.KeyIO           Parsing took 0 ms 
290382     INFO  Test worker     d.u.i.k.n.KeyIO           MODE: declarations took 0 ms 
292984     INFO  Test worker     d.u.i.k.n.KeyIO           Parsing took 0 ms 
292984     INFO  Test worker     d.u.i.k.n.KeyIO           MODE: declarations took 0 ms 
292984     INFO  Test worker     d.u.i.k.n.KeyIO           Parsing took 0 ms 
292984     INFO  Test worker     d.u.i.k.n.KeyIO           MODE: declarations took 0 ms 
292984     INFO  Test worker     d.u.i.k.n.KeyIO           Parsing took 0 ms 
292984     INFO  Test worker     d.u.i.k.n.KeyIO           MODE: declarations took 0 ms 
292984     INFO  Test worker     d.u.i.k.n.KeyIO           Parsing took 0 ms 
293016     INFO  Test worker     d.u.i.k.n.KeyIO           MODE: declarations took 0 ms 
293016     INFO  Test worker     d.u.i.k.n.KeyIO           Parsing took 0 ms 
293016     INFO  Test worker     d.u.i.k.n.KeyIO           MODE: declarations took 0 ms 
295753     INFO  Test worker     d.u.i.k.n.KeyIO           Parsing took 0 ms 
295753     INFO  Test worker     d.u.i.k.n.KeyIO           MODE: declarations took 0 ms 
295753     INFO  Test worker     d.u.i.k.n.KeyIO           Parsing took 0 ms 
295753     INFO  Test worker     d.u.i.k.n.KeyIO           MODE: declarations took 0 ms 
295753     INFO  Test worker     d.u.i.k.n.KeyIO           Parsing took 0 ms 
295753     INFO  Test worker     d.u.i.k.n.KeyIO           MODE: declarations took 0 ms 
295753     INFO  Test worker     d.u.i.k.n.KeyIO           Parsing took 0 ms 
295753     INFO  Test worker     d.u.i.k.n.KeyIO           MODE: declarations took 0 ms 
295753     INFO  Test worker     d.u.i.k.n.KeyIO           Parsing took 0 ms 
295753     INFO  Test worker     d.u.i.k.n.KeyIO           MODE: declarations took 0 ms 
298342     INFO  Test worker     d.u.i.k.n.KeyIO           Parsing took 0 ms 
298342     INFO  Test worker     d.u.i.k.n.KeyIO           MODE: declarations took 0 ms 
298342     INFO  Test worker     d.u.i.k.n.KeyIO           Parsing took 0 ms 
298342     INFO  Test worker     d.u.i.k.n.KeyIO           MODE: declarations took 0 ms 
298342     INFO  Test worker     d.u.i.k.n.KeyIO           Parsing took 0 ms 
298342     INFO  Test worker     d.u.i.k.n.KeyIO           MODE: declarations took 0 ms 
298342     INFO  Test worker     d.u.i.k.n.KeyIO           Parsing took 0 ms 
298342     INFO  Test worker     d.u.i.k.n.KeyIO           MODE: declarations took 0 ms 
298342     INFO  Test worker     d.u.i.k.n.KeyIO           Parsing took 0 ms 
298342     INFO  Test worker     d.u.i.k.n.KeyIO           MODE: declarations took 0 ms 
300926     INFO  Test worker     d.u.i.k.n.KeyIO           Parsing took 0 ms 
300926     INFO  Test worker     d.u.i.k.n.KeyIO           MODE: declarations took 0 ms 
300926     INFO  Test worker     d.u.i.k.n.KeyIO           Parsing took 0 ms 
300926     INFO  Test worker     d.u.i.k.n.KeyIO           MODE: declarations took 0 ms 
300926     INFO  Test worker     d.u.i.k.n.KeyIO           Parsing took 0 ms 
300926     INFO  Test worker     d.u.i.k.n.KeyIO           MODE: declarations took 0 ms 
300926     INFO  Test worker     d.u.i.k.n.KeyIO           Parsing took 0 ms 
300926     INFO  Test worker     d.u.i.k.n.KeyIO           MODE: declarations took 0 ms 
300926     INFO  Test worker     d.u.i.k.n.KeyIO           Parsing took 0 ms 
300926     INFO  Test worker     d.u.i.k.n.KeyIO           MODE: declarations took 0 ms 
303489     INFO  Test worker     d.u.i.k.n.KeyIO           Parsing took 0 ms 
303489     INFO  Test worker     d.u.i.k.n.KeyIO           MODE: declarations took 0 ms 
303489     INFO  Test worker     d.u.i.k.n.KeyIO           Parsing took 0 ms 
303489     INFO  Test worker     d.u.i.k.n.KeyIO           MODE: declarations took 0 ms 
303489     INFO  Test worker     d.u.i.k.n.KeyIO           Parsing took 0 ms 
303489     INFO  Test worker     d.u.i.k.n.KeyIO           MODE: declarations took 0 ms 
303489     INFO  Test worker     d.u.i.k.n.KeyIO           Parsing took 0 ms 
303489     INFO  Test worker     d.u.i.k.n.KeyIO           MODE: declarations took 0 ms 
303489     INFO  Test worker     d.u.i.k.n.KeyIO           Parsing took 0 ms 
303489     INFO  Test worker     d.u.i.k.n.KeyIO           MODE: declarations took 0 ms 
306074     INFO  Test worker     d.u.i.k.n.KeyIO           Parsing took 0 ms 
306074     INFO  Test worker     d.u.i.k.n.KeyIO           MODE: declarations took 0 ms 
306074     INFO  Test worker     d.u.i.k.n.KeyIO           Parsing took 0 ms 
306074     INFO  Test worker     d.u.i.k.n.KeyIO           MODE: declarations took 0 ms 
306074     INFO  Test worker     d.u.i.k.n.KeyIO           Parsing took 0 ms 
306074     INFO  Test worker     d.u.i.k.n.KeyIO           MODE: declarations took 0 ms 
306074     INFO  Test worker     d.u.i.k.n.KeyIO           Parsing took 0 ms 
306074     INFO  Test worker     d.u.i.k.n.KeyIO           MODE: declarations took 0 ms 
306074     INFO  Test worker     d.u.i.k.n.KeyIO           Parsing took 0 ms 
306074     INFO  Test worker     d.u.i.k.n.KeyIO           MODE: declarations took 0 ms 
308648     INFO  Test worker     d.u.i.k.n.KeyIO           Parsing took 0 ms 
308648     INFO  Test worker     d.u.i.k.n.KeyIO           MODE: declarations took 0 ms 
308648     INFO  Test worker     d.u.i.k.n.KeyIO           Parsing took 0 ms 
308648     INFO  Test worker     d.u.i.k.n.KeyIO           MODE: declarations took 0 ms 
308648     INFO  Test worker     d.u.i.k.n.KeyIO           Parsing took 0 ms 
308648     INFO  Test worker     d.u.i.k.n.KeyIO           MODE: declarations took 0 ms 
308648     INFO  Test worker     d.u.i.k.n.KeyIO           Parsing took 0 ms 
308648     INFO  Test worker     d.u.i.k.n.KeyIO           MODE: declarations took 0 ms 
308648     INFO  Test worker     d.u.i.k.n.KeyIO           Parsing took 0 ms 
308648     INFO  Test worker     d.u.i.k.n.KeyIO           MODE: declarations took 0 ms 
311202     INFO  Test worker     d.u.i.k.n.KeyIO           Parsing took 0 ms 
311202     INFO  Test worker     d.u.i.k.n.KeyIO           MODE: declarations took 0 ms 
311202     INFO  Test worker     d.u.i.k.n.KeyIO           Parsing took 0 ms 
311202     INFO  Test worker     d.u.i.k.n.KeyIO           MODE: declarations took 0 ms 
311202     INFO  Test worker     d.u.i.k.n.KeyIO           Parsing took 0 ms 
311202     INFO  Test worker     d.u.i.k.n.KeyIO           MODE: declarations took 0 ms 
311202     INFO  Test worker     d.u.i.k.n.KeyIO           Parsing took 0 ms 
311202     INFO  Test worker     d.u.i.k.n.KeyIO           MODE: declarations took 0 ms 
311202     INFO  Test worker     d.u.i.k.n.KeyIO           Parsing took 0 ms 
311202     INFO  Test worker     d.u.i.k.n.KeyIO           MODE: declarations took 0 ms 
313776     INFO  Test worker     d.u.i.k.n.KeyIO           Parsing took 0 ms 
313776     INFO  Test worker     d.u.i.k.n.KeyIO           MODE: declarations took 0 ms 
313776     INFO  Test worker     d.u.i.k.n.KeyIO           Parsing took 0 ms 
313776     INFO  Test worker     d.u.i.k.n.KeyIO           MODE: declarations took 0 ms 
313776     INFO  Test worker     d.u.i.k.n.KeyIO           Parsing took 0 ms 
313776     INFO  Test worker     d.u.i.k.n.KeyIO           MODE: declarations took 0 ms 
313776     INFO  Test worker     d.u.i.k.n.KeyIO           Parsing took 0 ms 
313776     INFO  Test worker     d.u.i.k.n.KeyIO           MODE: declarations took 0 ms 
313776     INFO  Test worker     d.u.i.k.n.KeyIO           Parsing took 0 ms 
313776     INFO  Test worker     d.u.i.k.n.KeyIO           MODE: declarations took 0 ms 
313776     WARN  Test worker     d.u.i.k.n.KeYParser       [syntax-error] <unknown>:1:11: mismatched input '@' expecting {'/', ':=', '.', '(', ')', '{', '[', '@', PARALLEL, OR, AND, IMP, '=', NOT_EQUALS, '%', '*', '-', '+', '>', GREATEREQUAL, '<', LESSEQUAL, LGUILLEMETS, EQV} [@11,11:11='@',<153>,1:11] (termEOF) 
316343     INFO  Test worker     d.u.i.k.n.KeyIO           Parsing took 0 ms 
316343     INFO  Test worker     d.u.i.k.n.KeyIO           MODE: declarations took 0 ms 
316343     INFO  Test worker     d.u.i.k.n.KeyIO           Parsing took 0 ms 
316343     INFO  Test worker     d.u.i.k.n.KeyIO           MODE: declarations took 0 ms 
316343     INFO  Test worker     d.u.i.k.n.KeyIO           Parsing took 0 ms 
316343     INFO  Test worker     d.u.i.k.n.KeyIO           MODE: declarations took 0 ms 
316343     INFO  Test worker     d.u.i.k.n.KeyIO           Parsing took 0 ms 
316343     INFO  Test worker     d.u.i.k.n.KeyIO           MODE: declarations took 0 ms 
316343     INFO  Test worker     d.u.i.k.n.KeyIO           Parsing took 0 ms 
316343     INFO  Test worker     d.u.i.k.n.KeyIO           MODE: declarations took 0 ms 
318933     INFO  Test worker     d.u.i.k.n.KeyIO           Parsing took 0 ms 
318933     INFO  Test worker     d.u.i.k.n.KeyIO           MODE: declarations took 0 ms 
318933     INFO  Test worker     d.u.i.k.n.KeyIO           Parsing took 0 ms 
318933     INFO  Test worker     d.u.i.k.n.KeyIO           MODE: declarations took 0 ms 
318933     INFO  Test worker     d.u.i.k.n.KeyIO           Parsing took 0 ms 
318933     INFO  Test worker     d.u.i.k.n.KeyIO           MODE: declarations took 0 ms 
318933     INFO  Test worker     d.u.i.k.n.KeyIO           Parsing took 0 ms 
318933     INFO  Test worker     d.u.i.k.n.KeyIO           MODE: declarations took 0 ms 
318933     INFO  Test worker     d.u.i.k.n.KeyIO           Parsing took 0 ms 
318933     INFO  Test worker     d.u.i.k.n.KeyIO           MODE: declarations took 0 ms 
321490     INFO  Test worker     d.u.i.k.n.KeyIO           Parsing took 0 ms 
321490     INFO  Test worker     d.u.i.k.n.KeyIO           MODE: declarations took 0 ms 
321490     INFO  Test worker     d.u.i.k.n.KeyIO           Parsing took 0 ms 
321490     INFO  Test worker     d.u.i.k.n.KeyIO           MODE: declarations took 0 ms 
321490     INFO  Test worker     d.u.i.k.n.KeyIO           Parsing took 0 ms 
321490     INFO  Test worker     d.u.i.k.n.KeyIO           MODE: declarations took 0 ms 
321490     INFO  Test worker     d.u.i.k.n.KeyIO           Parsing took 0 ms 
321490     INFO  Test worker     d.u.i.k.n.KeyIO           MODE: declarations took 0 ms 
321490     INFO  Test worker     d.u.i.k.n.KeyIO           Parsing took 0 ms 
321490     INFO  Test worker     d.u.i.k.n.KeyIO           MODE: declarations took 0 ms 
324065     INFO  Test worker     d.u.i.k.n.KeyIO           Parsing took 0 ms 
324065     INFO  Test worker     d.u.i.k.n.KeyIO           MODE: declarations took 0 ms 
324065     INFO  Test worker     d.u.i.k.n.KeyIO           Parsing took 0 ms 
324065     INFO  Test worker     d.u.i.k.n.KeyIO           MODE: declarations took 0 ms 
324065     INFO  Test worker     d.u.i.k.n.KeyIO           Parsing took 0 ms 
324065     INFO  Test worker     d.u.i.k.n.KeyIO           MODE: declarations took 0 ms 
324065     INFO  Test worker     d.u.i.k.n.KeyIO           Parsing took 0 ms 
324065     INFO  Test worker     d.u.i.k.n.KeyIO           MODE: declarations took 0 ms 
324065     INFO  Test worker     d.u.i.k.n.KeyIO           Parsing took 0 ms 
324065     INFO  Test worker     d.u.i.k.n.KeyIO           MODE: declarations took 0 ms 
326636     INFO  Test worker     d.u.i.k.n.KeyIO           Parsing took 0 ms 
326636     INFO  Test worker     d.u.i.k.n.KeyIO           MODE: declarations took 0 ms 
326636     INFO  Test worker     d.u.i.k.n.KeyIO           Parsing took 0 ms 
326636     INFO  Test worker     d.u.i.k.n.KeyIO           MODE: declarations took 0 ms 
326636     INFO  Test worker     d.u.i.k.n.KeyIO           Parsing took 0 ms 
326636     INFO  Test worker     d.u.i.k.n.KeyIO           MODE: declarations took 0 ms 
326636     INFO  Test worker     d.u.i.k.n.KeyIO           Parsing took 0 ms 
326636     INFO  Test worker     d.u.i.k.n.KeyIO           MODE: declarations took 0 ms 
326636     INFO  Test worker     d.u.i.k.n.KeyIO           Parsing took 0 ms 
326636     INFO  Test worker     d.u.i.k.n.KeyIO           MODE: declarations took 0 ms 
329228     INFO  Test worker     d.u.i.k.n.KeyIO           Parsing took 0 ms 
329228     INFO  Test worker     d.u.i.k.n.KeyIO           MODE: declarations took 0 ms 
329228     INFO  Test worker     d.u.i.k.n.KeyIO           Parsing took 0 ms 
329228     INFO  Test worker     d.u.i.k.n.KeyIO           MODE: declarations took 0 ms 
329228     INFO  Test worker     d.u.i.k.n.KeyIO           Parsing took 0 ms 
329228     INFO  Test worker     d.u.i.k.n.KeyIO           MODE: declarations took 0 ms 
329228     INFO  Test worker     d.u.i.k.n.KeyIO           Parsing took 0 ms 
329228     INFO  Test worker     d.u.i.k.n.KeyIO           MODE: declarations took 0 ms 
329228     INFO  Test worker     d.u.i.k.n.KeyIO           Parsing took 0 ms 
329228     INFO  Test worker     d.u.i.k.n.KeyIO           MODE: declarations took 0 ms 
331792     INFO  Test worker     d.u.i.k.n.KeyIO           Parsing took 0 ms 
331792     INFO  Test worker     d.u.i.k.n.KeyIO           MODE: declarations took 0 ms 
331792     INFO  Test worker     d.u.i.k.n.KeyIO           Parsing took 0 ms 
331792     INFO  Test worker     d.u.i.k.n.KeyIO           MODE: declarations took 0 ms 
331792     INFO  Test worker     d.u.i.k.n.KeyIO           Parsing took 0 ms 
331792     INFO  Test worker     d.u.i.k.n.KeyIO           MODE: declarations took 0 ms 
331792     INFO  Test worker     d.u.i.k.n.KeyIO           Parsing took 0 ms 
331792     INFO  Test worker     d.u.i.k.n.KeyIO           MODE: declarations took 0 ms 
331792     INFO  Test worker     d.u.i.k.n.KeyIO           Parsing took 0 ms 
331792     INFO  Test worker     d.u.i.k.n.KeyIO           MODE: declarations took 0 ms 
334361     INFO  Test worker     d.u.i.k.n.KeyIO           Parsing took 0 ms 
334361     INFO  Test worker     d.u.i.k.n.KeyIO           MODE: declarations took 0 ms 
334361     INFO  Test worker     d.u.i.k.n.KeyIO           Parsing took 0 ms 
334361     INFO  Test worker     d.u.i.k.n.KeyIO           MODE: declarations took 0 ms 
334361     INFO  Test worker     d.u.i.k.n.KeyIO           Parsing took 0 ms 
334361     INFO  Test worker     d.u.i.k.n.KeyIO           MODE: declarations took 0 ms 
334361     INFO  Test worker     d.u.i.k.n.KeyIO           Parsing took 0 ms 
334361     INFO  Test worker     d.u.i.k.n.KeyIO           MODE: declarations took 0 ms 
334361     INFO  Test worker     d.u.i.k.n.KeyIO           Parsing took 0 ms 
334361     INFO  Test worker     d.u.i.k.n.KeyIO           MODE: declarations took 0 ms 
336929     INFO  Test worker     d.u.i.k.n.KeyIO           Parsing took 0 ms 
336929     INFO  Test worker     d.u.i.k.n.KeyIO           MODE: declarations took 0 ms 
336929     INFO  Test worker     d.u.i.k.n.KeyIO           Parsing took 0 ms 
336929     INFO  Test worker     d.u.i.k.n.KeyIO           MODE: declarations took 0 ms 
336929     INFO  Test worker     d.u.i.k.n.KeyIO           Parsing took 0 ms 
336929     INFO  Test worker     d.u.i.k.n.KeyIO           MODE: declarations took 0 ms 
336929     INFO  Test worker     d.u.i.k.n.KeyIO           Parsing took 0 ms 
336929     INFO  Test worker     d.u.i.k.n.KeyIO           MODE: declarations took 0 ms 
336929     INFO  Test worker     d.u.i.k.n.KeyIO           Parsing took 0 ms 
336929     INFO  Test worker     d.u.i.k.n.KeyIO           MODE: declarations took 0 ms 
339507     INFO  Test worker     d.u.i.k.n.KeyIO           Parsing took 0 ms 
339507     INFO  Test worker     d.u.i.k.n.KeyIO           MODE: declarations took 0 ms 
339507     INFO  Test worker     d.u.i.k.n.KeyIO           Parsing took 0 ms 
339507     INFO  Test worker     d.u.i.k.n.KeyIO           MODE: declarations took 0 ms 
339507     INFO  Test worker     d.u.i.k.n.KeyIO           Parsing took 0 ms 
339507     INFO  Test worker     d.u.i.k.n.KeyIO           MODE: declarations took 0 ms 
339507     INFO  Test worker     d.u.i.k.n.KeyIO           Parsing took 0 ms 
339507     INFO  Test worker     d.u.i.k.n.KeyIO           MODE: declarations took 0 ms 
339507     INFO  Test worker     d.u.i.k.n.KeyIO           Parsing took 0 ms 
339507     INFO  Test worker     d.u.i.k.n.KeyIO           MODE: declarations took 0 ms 
342076     INFO  Test worker     d.u.i.k.n.KeyIO           Parsing took 0 ms 
342076     INFO  Test worker     d.u.i.k.n.KeyIO           MODE: declarations took 0 ms 
342076     INFO  Test worker     d.u.i.k.n.KeyIO           Parsing took 0 ms 
342076     INFO  Test worker     d.u.i.k.n.KeyIO           MODE: declarations took 0 ms 
342076     INFO  Test worker     d.u.i.k.n.KeyIO           Parsing took 0 ms 
342076     INFO  Test worker     d.u.i.k.n.KeyIO           MODE: declarations took 0 ms 
342076     INFO  Test worker     d.u.i.k.n.KeyIO           Parsing took 0 ms 
342076     INFO  Test worker     d.u.i.k.n.KeyIO           MODE: declarations took 0 ms 
342076     INFO  Test worker     d.u.i.k.n.KeyIO           Parsing took 0 ms 
342076     INFO  Test worker     d.u.i.k.n.KeyIO           MODE: declarations took 0 ms 
344644     INFO  Test worker     d.u.i.k.n.KeyIO           Parsing took 0 ms 
344644     INFO  Test worker     d.u.i.k.n.KeyIO           MODE: declarations took 0 ms 
344644     INFO  Test worker     d.u.i.k.n.KeyIO           Parsing took 0 ms 
344644     INFO  Test worker     d.u.i.k.n.KeyIO           MODE: declarations took 0 ms 
344644     INFO  Test worker     d.u.i.k.n.KeyIO           Parsing took 0 ms 
344644     INFO  Test worker     d.u.i.k.n.KeyIO           MODE: declarations took 0 ms 
344644     INFO  Test worker     d.u.i.k.n.KeyIO           Parsing took 0 ms 
344644     INFO  Test worker     d.u.i.k.n.KeyIO           MODE: declarations took 0 ms 
344644     INFO  Test worker     d.u.i.k.n.KeyIO           Parsing took 0 ms 
344644     INFO  Test worker     d.u.i.k.n.KeyIO           MODE: declarations took 0 ms 
347221     INFO  Test worker     d.u.i.k.n.KeyIO           Parsing took 0 ms 
347221     INFO  Test worker     d.u.i.k.n.KeyIO           MODE: declarations took 0 ms 
347221     INFO  Test worker     d.u.i.k.n.KeyIO           Parsing took 0 ms 
347221     INFO  Test worker     d.u.i.k.n.KeyIO           MODE: declarations took 0 ms 
347221     INFO  Test worker     d.u.i.k.n.KeyIO           Parsing took 0 ms 
347221     INFO  Test worker     d.u.i.k.n.KeyIO           MODE: declarations took 0 ms 
347221     INFO  Test worker     d.u.i.k.n.KeyIO           Parsing took 0 ms 
347221     INFO  Test worker     d.u.i.k.n.KeyIO           MODE: declarations took 0 ms 
347221     INFO  Test worker     d.u.i.k.n.KeyIO           Parsing took 0 ms 
347221     INFO  Test worker     d.u.i.k.n.KeyIO           MODE: declarations took 0 ms 
349823     INFO  Test worker     d.u.i.k.n.KeyIO           Parsing took 0 ms 
349823     INFO  Test worker     d.u.i.k.n.KeyIO           MODE: declarations took 0 ms 
349823     INFO  Test worker     d.u.i.k.n.KeyIO           Parsing took 0 ms 
349823     INFO  Test worker     d.u.i.k.n.KeyIO           MODE: declarations took 0 ms 
349823     INFO  Test worker     d.u.i.k.n.KeyIO           Parsing took 0 ms 
349823     INFO  Test worker     d.u.i.k.n.KeyIO           MODE: declarations took 0 ms 
349823     INFO  Test worker     d.u.i.k.n.KeyIO           Parsing took 0 ms 
349823     INFO  Test worker     d.u.i.k.n.KeyIO           MODE: declarations took 0 ms 
349823     INFO  Test worker     d.u.i.k.n.KeyIO           Parsing took 0 ms 
349823     INFO  Test worker     d.u.i.k.n.KeyIO           MODE: declarations took 0 ms 
352351     INFO  Test worker     d.u.i.k.n.KeyIO           Parsing took 0 ms 
352351     INFO  Test worker     d.u.i.k.n.KeyIO           MODE: declarations took 0 ms 
352351     INFO  Test worker     d.u.i.k.n.KeyIO           Parsing took 0 ms 
352351     INFO  Test worker     d.u.i.k.n.KeyIO           MODE: declarations took 0 ms 
352351     INFO  Test worker     d.u.i.k.n.KeyIO           Parsing took 0 ms 
352351     INFO  Test worker     d.u.i.k.n.KeyIO           MODE: declarations took 0 ms 
352351     INFO  Test worker     d.u.i.k.n.KeyIO           Parsing took 0 ms 
352351     INFO  Test worker     d.u.i.k.n.KeyIO           MODE: declarations took 0 ms 
352351     INFO  Test worker     d.u.i.k.n.KeyIO           Parsing took 0 ms 
352351     INFO  Test worker     d.u.i.k.n.KeyIO           MODE: declarations took 0 ms 
354926     INFO  Test worker     d.u.i.k.n.KeyIO           Parsing took 0 ms 
354926     INFO  Test worker     d.u.i.k.n.KeyIO           MODE: declarations took 0 ms 
354926     INFO  Test worker     d.u.i.k.n.KeyIO           Parsing took 0 ms 
354926     INFO  Test worker     d.u.i.k.n.KeyIO           MODE: declarations took 0 ms 
354926     INFO  Test worker     d.u.i.k.n.KeyIO           Parsing took 0 ms 
354926     INFO  Test worker     d.u.i.k.n.KeyIO           MODE: declarations took 0 ms 
354926     INFO  Test worker     d.u.i.k.n.KeyIO           Parsing took 0 ms 
354926     INFO  Test worker     d.u.i.k.n.KeyIO           MODE: declarations took 0 ms 
354926     INFO  Test worker     d.u.i.k.n.KeyIO           Parsing took 0 ms 
354926     INFO  Test worker     d.u.i.k.n.KeyIO           MODE: declarations took 0 ms 
357480     INFO  Test worker     d.u.i.k.n.KeyIO           Parsing took 0 ms 
357480     INFO  Test worker     d.u.i.k.n.KeyIO           MODE: declarations took 0 ms 
357480     INFO  Test worker     d.u.i.k.n.KeyIO           Parsing took 0 ms 
357480     INFO  Test worker     d.u.i.k.n.KeyIO           MODE: declarations took 0 ms 
357480     INFO  Test worker     d.u.i.k.n.KeyIO           Parsing took 0 ms 
357480     INFO  Test worker     d.u.i.k.n.KeyIO           MODE: declarations took 0 ms 
357480     INFO  Test worker     d.u.i.k.n.KeyIO           Parsing took 0 ms 
357480     INFO  Test worker     d.u.i.k.n.KeyIO           MODE: declarations took 0 ms 
357480     INFO  Test worker     d.u.i.k.n.KeyIO           Parsing took 0 ms 
357480     INFO  Test worker     d.u.i.k.n.KeyIO           MODE: declarations took 0 ms 
360047     INFO  Test worker     d.u.i.k.n.KeyIO           Parsing took 0 ms 
360047     INFO  Test worker     d.u.i.k.n.KeyIO           MODE: declarations took 0 ms 
360047     INFO  Test worker     d.u.i.k.n.KeyIO           Parsing took 0 ms 
360047     INFO  Test worker     d.u.i.k.n.KeyIO           MODE: declarations took 0 ms 
360047     INFO  Test worker     d.u.i.k.n.KeyIO           Parsing took 0 ms 
360047     INFO  Test worker     d.u.i.k.n.KeyIO           MODE: declarations took 0 ms 
360047     INFO  Test worker     d.u.i.k.n.KeyIO           Parsing took 0 ms 
360047     INFO  Test worker     d.u.i.k.n.KeyIO           MODE: declarations took 0 ms 
360063     INFO  Test worker     d.u.i.k.n.KeyIO           Parsing took 0 ms 
360063     INFO  Test worker     d.u.i.k.n.KeyIO           MODE: declarations took 0 ms 
362624     INFO  Test worker     d.u.i.k.n.KeyIO           Parsing took 0 ms 
362624     INFO  Test worker     d.u.i.k.n.KeyIO           MODE: declarations took 0 ms 
362624     INFO  Test worker     d.u.i.k.n.KeyIO           Parsing took 0 ms 
362624     INFO  Test worker     d.u.i.k.n.KeyIO           MODE: declarations took 0 ms 
362624     INFO  Test worker     d.u.i.k.n.KeyIO           Parsing took 0 ms 
362624     INFO  Test worker     d.u.i.k.n.KeyIO           MODE: declarations took 0 ms 
362624     INFO  Test worker     d.u.i.k.n.KeyIO           Parsing took 0 ms 
362624     INFO  Test worker     d.u.i.k.n.KeyIO           MODE: declarations took 0 ms 
362624     INFO  Test worker     d.u.i.k.n.KeyIO           Parsing took 0 ms 
362624     INFO  Test worker     d.u.i.k.n.KeyIO           MODE: declarations took 0 ms 
365179     INFO  Test worker     d.u.i.k.n.KeyIO           Parsing took 0 ms 
365179     INFO  Test worker     d.u.i.k.n.KeyIO           MODE: declarations took 0 ms 
365179     INFO  Test worker     d.u.i.k.n.KeyIO           Parsing took 0 ms 
365179     INFO  Test worker     d.u.i.k.n.KeyIO           MODE: declarations took 0 ms 
365179     INFO  Test worker     d.u.i.k.n.KeyIO           Parsing took 0 ms 
365179     INFO  Test worker     d.u.i.k.n.KeyIO           MODE: declarations took 0 ms 
365179     INFO  Test worker     d.u.i.k.n.KeyIO           Parsing took 0 ms 
365179     INFO  Test worker     d.u.i.k.n.KeyIO           MODE: declarations took 0 ms 
365179     INFO  Test worker     d.u.i.k.n.KeyIO           Parsing took 0 ms 
365179     INFO  Test worker     d.u.i.k.n.KeyIO           MODE: declarations took 0 ms 
367733     INFO  Test worker     d.u.i.k.n.KeyIO           Parsing took 0 ms 
367733     INFO  Test worker     d.u.i.k.n.KeyIO           MODE: declarations took 0 ms 
367733     INFO  Test worker     d.u.i.k.n.KeyIO           Parsing took 0 ms 
367733     INFO  Test worker     d.u.i.k.n.KeyIO           MODE: declarations took 0 ms 
367733     INFO  Test worker     d.u.i.k.n.KeyIO           Parsing took 0 ms 
367733     INFO  Test worker     d.u.i.k.n.KeyIO           MODE: declarations took 0 ms 
367733     INFO  Test worker     d.u.i.k.n.KeyIO           Parsing took 0 ms 
367733     INFO  Test worker     d.u.i.k.n.KeyIO           MODE: declarations took 0 ms 
367733     INFO  Test worker     d.u.i.k.n.KeyIO           Parsing took 0 ms 
367733     INFO  Test worker     d.u.i.k.n.KeyIO           MODE: declarations took 0 ms 
370291     INFO  Test worker     d.u.i.k.n.KeyIO           Parsing took 0 ms 
370291     INFO  Test worker     d.u.i.k.n.KeyIO           MODE: declarations took 0 ms 
370291     INFO  Test worker     d.u.i.k.n.KeyIO           Parsing took 0 ms 
370291     INFO  Test worker     d.u.i.k.n.KeyIO           MODE: declarations took 0 ms 
370291     INFO  Test worker     d.u.i.k.n.KeyIO           Parsing took 0 ms 
370291     INFO  Test worker     d.u.i.k.n.KeyIO           MODE: declarations took 0 ms 
370291     INFO  Test worker     d.u.i.k.n.KeyIO           Parsing took 0 ms 
370291     INFO  Test worker     d.u.i.k.n.KeyIO           MODE: declarations took 0 ms 
370291     INFO  Test worker     d.u.i.k.n.KeyIO           Parsing took 0 ms 
370291     INFO  Test worker     d.u.i.k.n.KeyIO           MODE: declarations took 0 ms 
372856     INFO  Test worker     d.u.i.k.n.KeyIO           Parsing took 0 ms 
372856     INFO  Test worker     d.u.i.k.n.KeyIO           MODE: declarations took 0 ms 
372856     INFO  Test worker     d.u.i.k.n.KeyIO           Parsing took 0 ms 
372856     INFO  Test worker     d.u.i.k.n.KeyIO           MODE: declarations took 0 ms 
372856     INFO  Test worker     d.u.i.k.n.KeyIO           Parsing took 0 ms 
372856     INFO  Test worker     d.u.i.k.n.KeyIO           MODE: declarations took 0 ms 
372856     INFO  Test worker     d.u.i.k.n.KeyIO           Parsing took 0 ms 
372856     INFO  Test worker     d.u.i.k.n.KeyIO           MODE: declarations took 0 ms 
372856     INFO  Test worker     d.u.i.k.n.KeyIO           Parsing took 0 ms 
372856     INFO  Test worker     d.u.i.k.n.KeyIO           MODE: declarations took 0 ms 
375429     INFO  Test worker     d.u.i.k.n.KeyIO           Parsing took 0 ms 
375429     INFO  Test worker     d.u.i.k.n.KeyIO           MODE: declarations took 0 ms 
375429     INFO  Test worker     d.u.i.k.n.KeyIO           Parsing took 0 ms 
375429     INFO  Test worker     d.u.i.k.n.KeyIO           MODE: declarations took 0 ms 
375429     INFO  Test worker     d.u.i.k.n.KeyIO           Parsing took 0 ms 
375429     INFO  Test worker     d.u.i.k.n.KeyIO           MODE: declarations took 0 ms 
375429     INFO  Test worker     d.u.i.k.n.KeyIO           Parsing took 0 ms 
375429     INFO  Test worker     d.u.i.k.n.KeyIO           MODE: declarations took 0 ms 
375429     INFO  Test worker     d.u.i.k.n.KeyIO           Parsing took 0 ms 
375429     INFO  Test worker     d.u.i.k.n.KeyIO           MODE: declarations took 0 ms 
]]></system-out>
  <system-err><![CDATA[]]></system-err>
</testsuite>
