<?xml version="1.0" encoding="UTF-8"?>
<testsuite name="de.uka.ilkd.key.parser.TestTermParserSorts" tests="2" skipped="0" failures="0" errors="0" timestamp="2023-04-17T08:08:53" hostname="fv-az1252-212" time="2.592">
  <properties/>
  <testcase name="testParseIntegerArgs()" classname="de.uka.ilkd.key.parser.TestTermParserSorts" time="0.04"/>
  <testcase name="testParseSequencePrettySyntax()" classname="de.uka.ilkd.key.parser.TestTermParserSorts" time="0.001"/>
  <system-out><![CDATA[377962     INFO  Test worker     d.u.i.k.n.KeyIO           Parsing took 0 ms 
377977     INFO  Test worker     d.u.i.k.n.KeyIO           MODE: declarations took 15 ms 
377977     INFO  Test worker     d.u.i.k.n.KeyIO           Parsing took 0 ms 
377977     INFO  Test worker     d.u.i.k.n.KeyIO           MODE: declarations took 0 ms 
377977     INFO  Test worker     d.u.i.k.n.KeyIO           Parsing took 0 ms 
377977     INFO  Test worker     d.u.i.k.n.KeyIO           MODE: declarations took 0 ms 
380562     INFO  Test worker     d.u.i.k.n.KeyIO           Parsing took 0 ms 
380562     INFO  Test worker     d.u.i.k.n.KeyIO           MODE: declarations took 0 ms 
380562     INFO  Test worker     d.u.i.k.n.KeyIO           Parsing took 0 ms 
380562     INFO  Test worker     d.u.i.k.n.KeyIO           MODE: declarations took 0 ms 
380562     INFO  Test worker     d.u.i.k.n.KeyIO           Parsing took 0 ms 
380562     INFO  Test worker     d.u.i.k.n.KeyIO           MODE: declarations took 0 ms 
]]></system-out>
  <system-err><![CDATA[]]></system-err>
</testsuite>
