<?xml version="1.0" encoding="UTF-8"?>
<testsuite name="de.uka.ilkd.key.testcase.smt.testgen.TestTestgen" tests="1" skipped="0" failures="0" errors="0" timestamp="2023-06-05T22:18:38" hostname="fv-az319-668" time="7.311">
  <properties/>
  <testcase name="testMiddle()" classname="de.uka.ilkd.key.testcase.smt.testgen.TestTestgen" time="7.311"/>
  <system-out><![CDATA[24675      WARN  Test worker     d.u.i.k.t.s.t.TestTestgen Warning: Z3_CE is not installed, tests skipped. 
24675      WARN  Test worker     d.u.i.k.t.s.t.TestTestgen Maybe use JVM system property "z3SolverPath" to define the path to the Z3 command. 
24675      INFO  Test worker     d.u.i.k.p.i.AbstractProblemLoader Loading environment from src\test\resources\testcase\smt\tg\middle.key 
24675      DEBUG Test worker     d.u.i.k.p.i.AbstractProblemLoader Environment load took 564.3ns 
24691      INFO  Test worker     d.u.i.k.p.i.AbstractProblemLoader Creating init config 
31000      DEBUG Test worker     d.u.i.k.p.i.AbstractProblemLoader Init config took 6.31s 
31125      INFO  Test worker     d.u.i.k.p.i.AbstractProblemLoader Replaying proof Middle[Middle::middle(int,int,int)].JML normal_behavior operation contract.0 
31141      DEBUG Test worker     d.u.i.k.p.i.IntermediateProofReplayer Proof replay took 22.9ns 
]]></system-out>
  <system-err><![CDATA[]]></system-err>
</testsuite>
