<?xml version="1.0" encoding="UTF-8"?>
<testsuite name="de.uka.ilkd.key.testcase.smt.testgen.TestTestgen" tests="1" skipped="0" failures="0" errors="0" timestamp="2023-05-27T16:53:41" hostname="fv-az435-671" time="3.935">
  <properties/>
  <testcase name="testMiddle()" classname="de.uka.ilkd.key.testcase.smt.testgen.TestTestgen" time="3.935"/>
  <system-out><![CDATA[13665      WARN  Test worker     d.u.i.k.t.s.t.TestTestgen Warning: Z3_CE is not installed, tests skipped. 
13665      WARN  Test worker     d.u.i.k.t.s.t.TestTestgen Maybe use JVM system property "z3SolverPath" to define the path to the Z3 command. 
13665      INFO  Test worker     d.u.i.k.p.i.AbstractProblemLoader Loading environment from src\test\resources\testcase\smt\tg\middle.key 
13665      DEBUG Test worker     d.u.i.k.p.i.AbstractProblemLoader Environment load took 236.6ns 
13696      INFO  Test worker     d.u.i.k.p.i.AbstractProblemLoader Creating init config 
16871      DEBUG Test worker     d.u.i.k.p.i.AbstractProblemLoader Init config took 3.19s 
16996      INFO  Test worker     d.u.i.k.p.i.AbstractProblemLoader Replaying proof Middle[Middle::middle(int,int,int)].JML normal_behavior operation contract.0 
17074      DEBUG Test worker     d.u.i.k.p.i.IntermediateProofReplayer Proof replay took 17.2ns 
]]></system-out>
  <system-err><![CDATA[]]></system-err>
</testsuite>
