<?xml version="1.0" encoding="UTF-8"?>
<testsuite name="de.uka.ilkd.key.parser.TestDeclParser" tests="14" skipped="2" failures="0" errors="0" timestamp="2023-04-27T11:17:57" hostname="fv-az365-262" time="10.178">
  <properties/>
  <testcase name="testGenericSortDecl1()" classname="de.uka.ilkd.key.parser.TestDeclParser" time="0.959"/>
  <testcase name="testGenericSortDecl2()" classname="de.uka.ilkd.key.parser.TestDeclParser" time="0.849"/>
  <testcase name="testGenericSortDecl3()" classname="de.uka.ilkd.key.parser.TestDeclParser" time="0.819"/>
  <testcase name="testGenericSortDecl4()" classname="de.uka.ilkd.key.parser.TestDeclParser" time="0.869"/>
  <testcase name="testGenericSortDecl5()" classname="de.uka.ilkd.key.parser.TestDeclParser" time="0.0">
    <skipped/>
  </testcase>
  <testcase name="testGenericSortDecl6()" classname="de.uka.ilkd.key.parser.TestDeclParser" time="0.817"/>
  <testcase name="testSortDecl()" classname="de.uka.ilkd.key.parser.TestDeclParser" time="0.85"/>
  <testcase name="testProxySortDecl()" classname="de.uka.ilkd.key.parser.TestDeclParser" time="0.817"/>
  <testcase name="testArrayDecl()" classname="de.uka.ilkd.key.parser.TestDeclParser" time="0.843"/>
  <testcase name="testAmbiguousDecls()" classname="de.uka.ilkd.key.parser.TestDeclParser" time="0.0">
    <skipped/>
  </testcase>
  <testcase name="testHeurDecl()" classname="de.uka.ilkd.key.parser.TestDeclParser" time="0.815"/>
  <testcase name="testFunctionDecl()" classname="de.uka.ilkd.key.parser.TestDeclParser" time="0.847"/>
  <testcase name="testPredicateDecl()" classname="de.uka.ilkd.key.parser.TestDeclParser" time="0.849"/>
  <testcase name="testSVDecl()" classname="de.uka.ilkd.key.parser.TestDeclParser" time="0.827"/>
  <system-out><![CDATA[193705     INFO  Test worker     d.u.i.k.n.KeyIO           Parsing took 0 ms 
193705     DEBUG Test worker     d.u.i.k.n.KeyIO           Load declarations of de.uka.ilkd.key.nparser.KeyAst$File:  <unknown>:1#1 
193705     INFO  Test worker     d.u.i.k.n.KeyIO           MODE: declarations took 0 ms 
193705     DEBUG Test worker     d.u.i.k.n.KeyIO           MODE: 2nd degree decls took 0 
193705     DEBUG Test worker     d.u.i.k.n.KeyIO           MODE: taclets took 0ms 
194552     INFO  Test worker     d.u.i.k.n.KeyIO           Parsing took 0 ms 
194552     DEBUG Test worker     d.u.i.k.n.KeyIO           Load declarations of de.uka.ilkd.key.nparser.KeyAst$File:  <unknown>:1#1 
194552     INFO  Test worker     d.u.i.k.n.KeyIO           MODE: declarations took 0 ms 
194552     DEBUG Test worker     d.u.i.k.n.KeyIO           MODE: 2nd degree decls took 0 
194552     DEBUG Test worker     d.u.i.k.n.KeyIO           MODE: taclets took 0ms 
195386     INFO  Test worker     d.u.i.k.n.KeyIO           Parsing took 0 ms 
195386     DEBUG Test worker     d.u.i.k.n.KeyIO           Load declarations of de.uka.ilkd.key.nparser.KeyAst$File:  <unknown>:1#1 
195386     INFO  Test worker     d.u.i.k.n.KeyIO           MODE: declarations took 0 ms 
195386     DEBUG Test worker     d.u.i.k.n.KeyIO           MODE: 2nd degree decls took 0 
195386     DEBUG Test worker     d.u.i.k.n.KeyIO           MODE: taclets took 0ms 
196249     INFO  Test worker     d.u.i.k.n.KeyIO           Parsing took 0 ms 
196249     DEBUG Test worker     d.u.i.k.n.KeyIO           Load declarations of de.uka.ilkd.key.nparser.KeyAst$File:  <unknown>:1#1 
196249     INFO  Test worker     d.u.i.k.n.KeyIO           MODE: declarations took 0 ms 
196249     DEBUG Test worker     d.u.i.k.n.KeyIO           MODE: 2nd degree decls took 0 
196249     DEBUG Test worker     d.u.i.k.n.KeyIO           MODE: taclets took 0ms 
197055     INFO  Test worker     d.u.i.k.n.KeyIO           Parsing took 0 ms 
197055     DEBUG Test worker     d.u.i.k.n.KeyIO           Load declarations of de.uka.ilkd.key.nparser.KeyAst$File:  <unknown>:1#1 
197055     INFO  Test worker     d.u.i.k.n.KeyIO           MODE: declarations took 0 ms 
197055     DEBUG Test worker     d.u.i.k.n.KeyIO           MODE: 2nd degree decls took 0 
197055     DEBUG Test worker     d.u.i.k.n.KeyIO           MODE: taclets took 0ms 
197915     INFO  Test worker     d.u.i.k.n.KeyIO           Parsing took 0 ms 
197915     DEBUG Test worker     d.u.i.k.n.KeyIO           Load declarations of de.uka.ilkd.key.nparser.KeyAst$File:  <unknown>:1#1 
197915     INFO  Test worker     d.u.i.k.n.KeyIO           MODE: declarations took 0 ms 
197915     DEBUG Test worker     d.u.i.k.n.KeyIO           MODE: 2nd degree decls took 0 
197915     DEBUG Test worker     d.u.i.k.n.KeyIO           MODE: taclets took 0ms 
198723     INFO  Test worker     d.u.i.k.n.KeyIO           Parsing took 0 ms 
198739     DEBUG Test worker     d.u.i.k.n.KeyIO           Load declarations of de.uka.ilkd.key.nparser.KeyAst$File:  <unknown>:1#1 
198739     INFO  Test worker     d.u.i.k.n.KeyIO           MODE: declarations took 0 ms 
198739     DEBUG Test worker     d.u.i.k.n.KeyIO           MODE: 2nd degree decls took 0 
198739     DEBUG Test worker     d.u.i.k.n.KeyIO           MODE: taclets took 0ms 
199579     INFO  Test worker     d.u.i.k.n.KeyIO           Parsing took 0 ms 
199579     DEBUG Test worker     d.u.i.k.n.KeyIO           Load declarations of de.uka.ilkd.key.nparser.KeyAst$File:  <unknown>:1#1 
199579     INFO  Test worker     d.u.i.k.n.KeyIO           MODE: declarations took 0 ms 
199579     DEBUG Test worker     d.u.i.k.n.KeyIO           MODE: 2nd degree decls took 0 
199579     DEBUG Test worker     d.u.i.k.n.KeyIO           MODE: taclets took 0ms 
200407     INFO  Test worker     d.u.i.k.n.KeyIO           Parsing took 0 ms 
200407     DEBUG Test worker     d.u.i.k.n.KeyIO           Load declarations of de.uka.ilkd.key.nparser.KeyAst$File:  <unknown>:1#1 
200407     INFO  Test worker     d.u.i.k.n.KeyIO           MODE: declarations took 0 ms 
200407     DEBUG Test worker     d.u.i.k.n.KeyIO           MODE: 2nd degree decls took 0 
200407     DEBUG Test worker     d.u.i.k.n.KeyIO           MODE: taclets took 0ms 
201251     INFO  Test worker     d.u.i.k.n.KeyIO           Parsing took 0 ms 
201251     DEBUG Test worker     d.u.i.k.n.KeyIO           Load declarations of de.uka.ilkd.key.nparser.KeyAst$File:  <unknown>:1#1 
201251     INFO  Test worker     d.u.i.k.n.KeyIO           MODE: declarations took 0 ms 
201251     DEBUG Test worker     d.u.i.k.n.KeyIO           MODE: 2nd degree decls took 0 
201251     DEBUG Test worker     d.u.i.k.n.KeyIO           MODE: taclets took 0ms 
202092     INFO  Test worker     d.u.i.k.n.KeyIO           Parsing took 0 ms 
202092     DEBUG Test worker     d.u.i.k.n.KeyIO           Load declarations of de.uka.ilkd.key.nparser.KeyAst$File:  <unknown>:1#1 
202092     INFO  Test worker     d.u.i.k.n.KeyIO           MODE: declarations took 0 ms 
202092     DEBUG Test worker     d.u.i.k.n.KeyIO           MODE: 2nd degree decls took 0 
202092     DEBUG Test worker     d.u.i.k.n.KeyIO           MODE: taclets took 0ms 
202926     INFO  Test worker     d.u.i.k.n.KeyIO           Parsing took 0 ms 
202926     DEBUG Test worker     d.u.i.k.n.KeyIO           Load declarations of de.uka.ilkd.key.nparser.KeyAst$File:  <unknown>:1#1 
202926     INFO  Test worker     d.u.i.k.n.KeyIO           MODE: declarations took 0 ms 
202926     DEBUG Test worker     d.u.i.k.n.KeyIO           MODE: 2nd degree decls took 0 
202926     DEBUG Test worker     d.u.i.k.n.KeyIO           MODE: taclets took 0ms 
]]></system-out>
  <system-err><![CDATA[]]></system-err>
</testsuite>
