<?xml version="1.0" encoding="UTF-8"?>
<testsuite name="de.uka.ilkd.key.java.TestContextStatementBlock" tests="1" skipped="0" failures="0" errors="0" timestamp="2023-04-27T11:15:09" hostname="fv-az365-262" time="1.161">
  <properties/>
  <testcase name="testContextTermInstantiation()" classname="de.uka.ilkd.key.java.TestContextStatementBlock" time="1.161"/>
  <system-out><![CDATA[25713      INFO  Test worker     d.u.i.k.n.KeyIO           Parsing took 16 ms 
25713      DEBUG Test worker     d.u.i.k.n.KeyIO           Load declarations of de.uka.ilkd.key.nparser.KeyAst$File:  D:\a\key\key\key.core\src\test\resources\testcase\testrules.key:9#1 
25713      INFO  Test worker     d.u.i.k.n.KeyIO           MODE: declarations took 0 ms 
25713      DEBUG Test worker     d.u.i.k.n.KeyIO           MODE: 2nd degree decls took 0 
25807      DEBUG Test worker     d.u.i.k.n.KeyIO           MODE: taclets took 94ms 
]]></system-out>
  <system-err><![CDATA[]]></system-err>
</testsuite>
