<?xml version="1.0" encoding="UTF-8"?>
<testsuite name="de.uka.ilkd.key.logic.TestTermLabelManager" tests="21" skipped="0" failures="0" errors="0" timestamp="2023-04-27T11:16:30" hostname="fv-az365-262" time="51.898">
  <properties/>
  <testcase name="testInstantiateLabels_directChildPolicies_allRules()" classname="de.uka.ilkd.key.logic.TestTermLabelManager" time="3.865"/>
  <testcase name="testInstantiateLabels_childAndGrandchildPolicies_ruleSpecific()" classname="de.uka.ilkd.key.logic.TestTermLabelManager" time="2.649"/>
  <testcase name="testParseLabel()" classname="de.uka.ilkd.key.logic.TestTermLabelManager" time="2.659"/>
  <testcase name="testrefactorGoal_childrenAndGrandchildren_ruleSpecific()" classname="de.uka.ilkd.key.logic.TestTermLabelManager" time="2.687"/>
  <testcase name="testrefactorGoal_directChildren_allRules()" classname="de.uka.ilkd.key.logic.TestTermLabelManager" time="2.64"/>
  <testcase name="testInstantiateLabels_childAndGrandchildPolicies_allRules()" classname="de.uka.ilkd.key.logic.TestTermLabelManager" time="2.673"/>
  <testcase name="testInstantiateLabels_taclet()" classname="de.uka.ilkd.key.logic.TestTermLabelManager" time="2.675"/>
  <testcase name="testrefactorGoal_none_ruleSpecific()" classname="de.uka.ilkd.key.logic.TestTermLabelManager" time="2.68"/>
  <testcase name="testInstantiateLabels_updates_ruleSpecific()" classname="de.uka.ilkd.key.logic.TestTermLabelManager" time="2.674"/>
  <testcase name="testrefactorGoal_sequent_ruleSpecific()" classname="de.uka.ilkd.key.logic.TestTermLabelManager" time="2.683"/>
  <testcase name="testInstantiateLabels_updates_allRules()" classname="de.uka.ilkd.key.logic.TestTermLabelManager" time="2.659"/>
  <testcase name="testrefactorGoal_sequent_allRules()" classname="de.uka.ilkd.key.logic.TestTermLabelManager" time="2.662"/>
  <testcase name="testrefactorGoal_childrenAndGrandchildren_allRules()" classname="de.uka.ilkd.key.logic.TestTermLabelManager" time="2.672"/>
  <testcase name="testGetTermLabelManager()" classname="de.uka.ilkd.key.logic.TestTermLabelManager" time="0.004"/>
  <testcase name="testInstantiateLabels_applicationTermPolicies()" classname="de.uka.ilkd.key.logic.TestTermLabelManager" time="2.664"/>
  <testcase name="testInstantiateLabels_modalityTermPolicies()" classname="de.uka.ilkd.key.logic.TestTermLabelManager" time="2.678"/>
  <testcase name="testrefactorGoal_none_allRules()" classname="de.uka.ilkd.key.logic.TestTermLabelManager" time="2.686"/>
  <testcase name="testInstantiateLabels_null()" classname="de.uka.ilkd.key.logic.TestTermLabelManager" time="0.001"/>
  <testcase name="testrefactorGoal_directChildren_ruleSpecific()" classname="de.uka.ilkd.key.logic.TestTermLabelManager" time="2.671"/>
  <testcase name="testInstantiateLabels_directChildPolicies_ruleSpecific()" classname="de.uka.ilkd.key.logic.TestTermLabelManager" time="2.646"/>
  <testcase name="testGetSupportedTermLabelNames()" classname="de.uka.ilkd.key.logic.TestTermLabelManager" time="2.661"/>
  <system-out><![CDATA[106033     INFO  Test worker     d.u.i.k.p.i.AbstractProblemLoader Loading environment from src\test\resources\testcase\termLabels\flatSteps\FlatSteps.java 
106033     DEBUG Test worker     d.u.i.k.p.i.AbstractProblemLoader Environment load took 244.9ns 
106033     INFO  Test worker     d.u.i.k.p.i.AbstractProblemLoader Creating init config 
106173     DEBUG Test worker     d.u.i.k.j.TypeConverter   No LDT found for Meta 
106173     DEBUG Test worker     d.u.i.k.j.TypeConverter   No LDT found for Meta 
106173     DEBUG Test worker     d.u.i.k.j.TypeConverter   No LDT found for Meta 
106173     DEBUG Test worker     d.u.i.k.j.TypeConverter   No LDT found for Meta 
106767     DEBUG Test worker     d.u.i.k.j.TypeConverter   No LDT found for JavaBigintExpression 
109866     DEBUG Test worker     d.u.i.k.p.i.AbstractProblemLoader Init config took 3.84s 
109881     INFO  Test worker     d.u.i.k.p.i.AbstractProblemLoader Loading environment from src\test\resources\testcase\termLabels\flatSteps\FlatSteps.java 
109881     DEBUG Test worker     d.u.i.k.p.i.AbstractProblemLoader Environment load took 176.2ns 
109881     INFO  Test worker     d.u.i.k.p.i.AbstractProblemLoader Creating init config 
112523     DEBUG Test worker     d.u.i.k.p.i.AbstractProblemLoader Init config took 2.64s 
112523     INFO  Test worker     d.u.i.k.p.i.AbstractProblemLoader Loading environment from src\test\resources\testcase\termLabels\flatSteps\FlatSteps.java 
112523     DEBUG Test worker     d.u.i.k.p.i.AbstractProblemLoader Environment load took 510.5ns 
112539     INFO  Test worker     d.u.i.k.p.i.AbstractProblemLoader Creating init config 
115175     DEBUG Test worker     d.u.i.k.p.i.AbstractProblemLoader Init config took 2.65s 
115190     INFO  Test worker     d.u.i.k.p.i.AbstractProblemLoader Loading environment from src\test\resources\testcase\termLabels\flatSteps\FlatSteps.java 
115190     DEBUG Test worker     d.u.i.k.p.i.AbstractProblemLoader Environment load took 204.4ns 
115193     INFO  Test worker     d.u.i.k.p.i.AbstractProblemLoader Creating init config 
117854     DEBUG Test worker     d.u.i.k.p.i.AbstractProblemLoader Init config took 2.67s 
117870     INFO  Test worker     d.u.i.k.p.i.AbstractProblemLoader Loading environment from src\test\resources\testcase\termLabels\flatSteps\FlatSteps.java 
117870     DEBUG Test worker     d.u.i.k.p.i.AbstractProblemLoader Environment load took 158.5ns 
117870     INFO  Test worker     d.u.i.k.p.i.AbstractProblemLoader Creating init config 
120518     DEBUG Test worker     d.u.i.k.p.i.AbstractProblemLoader Init config took 2.64s 
120518     INFO  Test worker     d.u.i.k.p.i.AbstractProblemLoader Loading environment from src\test\resources\testcase\termLabels\flatSteps\FlatSteps.java 
120518     DEBUG Test worker     d.u.i.k.p.i.AbstractProblemLoader Environment load took 456.9ns 
120518     INFO  Test worker     d.u.i.k.p.i.AbstractProblemLoader Creating init config 
123194     DEBUG Test worker     d.u.i.k.p.i.AbstractProblemLoader Init config took 2.67s 
123194     INFO  Test worker     d.u.i.k.p.i.AbstractProblemLoader Loading environment from src\test\resources\testcase\termLabels\flatSteps\FlatSteps.java 
123194     DEBUG Test worker     d.u.i.k.p.i.AbstractProblemLoader Environment load took 173.7ns 
123194     INFO  Test worker     d.u.i.k.p.i.AbstractProblemLoader Creating init config 
125867     DEBUG Test worker     d.u.i.k.p.i.AbstractProblemLoader Init config took 2.67s 
125867     INFO  Test worker     d.u.i.k.p.i.AbstractProblemLoader Loading environment from src\test\resources\testcase\termLabels\flatSteps\FlatSteps.java 
125867     DEBUG Test worker     d.u.i.k.p.i.AbstractProblemLoader Environment load took 474ns 
125867     INFO  Test worker     d.u.i.k.p.i.AbstractProblemLoader Creating init config 
128533     DEBUG Test worker     d.u.i.k.p.i.AbstractProblemLoader Init config took 2.66s 
128549     INFO  Test worker     d.u.i.k.p.i.AbstractProblemLoader Loading environment from src\test\resources\testcase\termLabels\flatSteps\FlatSteps.java 
128549     DEBUG Test worker     d.u.i.k.p.i.AbstractProblemLoader Environment load took 897.1ns 
128549     INFO  Test worker     d.u.i.k.p.i.AbstractProblemLoader Creating init config 
131221     DEBUG Test worker     d.u.i.k.p.i.AbstractProblemLoader Init config took 2.67s 
131237     INFO  Test worker     d.u.i.k.p.i.AbstractProblemLoader Loading environment from src\test\resources\testcase\termLabels\flatSteps\FlatSteps.java 
131237     DEBUG Test worker     d.u.i.k.p.i.AbstractProblemLoader Environment load took 453.8ns 
131237     INFO  Test worker     d.u.i.k.p.i.AbstractProblemLoader Creating init config 
133901     DEBUG Test worker     d.u.i.k.p.i.AbstractProblemLoader Init config took 2.67s 
133921     INFO  Test worker     d.u.i.k.p.i.AbstractProblemLoader Loading environment from src\test\resources\testcase\termLabels\flatSteps\FlatSteps.java 
133921     DEBUG Test worker     d.u.i.k.p.i.AbstractProblemLoader Environment load took 173.1ns 
133923     INFO  Test worker     d.u.i.k.p.i.AbstractProblemLoader Creating init config 
136565     DEBUG Test worker     d.u.i.k.p.i.AbstractProblemLoader Init config took 2.64s 
136565     INFO  Test worker     d.u.i.k.p.i.AbstractProblemLoader Loading environment from src\test\resources\testcase\termLabels\flatSteps\FlatSteps.java 
136565     DEBUG Test worker     d.u.i.k.p.i.AbstractProblemLoader Environment load took 489.5ns 
136565     INFO  Test worker     d.u.i.k.p.i.AbstractProblemLoader Creating init config 
139218     DEBUG Test worker     d.u.i.k.p.i.AbstractProblemLoader Init config took 2.65s 
139218     INFO  Test worker     d.u.i.k.p.i.AbstractProblemLoader Loading environment from src\test\resources\testcase\termLabels\flatSteps\FlatSteps.java 
139234     DEBUG Test worker     d.u.i.k.p.i.AbstractProblemLoader Environment load took 234.4ns 
139234     INFO  Test worker     d.u.i.k.p.i.AbstractProblemLoader Creating init config 
141885     DEBUG Test worker     d.u.i.k.p.i.AbstractProblemLoader Init config took 2.66s 
141900     INFO  Test worker     d.u.i.k.p.i.AbstractProblemLoader Loading environment from src\test\resources\testcase\termLabels\flatSteps\FlatSteps.java 
141900     DEBUG Test worker     d.u.i.k.p.i.AbstractProblemLoader Environment load took 147.1ns 
141900     INFO  Test worker     d.u.i.k.p.i.AbstractProblemLoader Creating init config 
144573     DEBUG Test worker     d.u.i.k.p.i.AbstractProblemLoader Init config took 2.66s 
144573     INFO  Test worker     d.u.i.k.p.i.AbstractProblemLoader Loading environment from src\test\resources\testcase\termLabels\flatSteps\FlatSteps.java 
144573     DEBUG Test worker     d.u.i.k.p.i.AbstractProblemLoader Environment load took 248.1ns 
144573     INFO  Test worker     d.u.i.k.p.i.AbstractProblemLoader Creating init config 
147233     DEBUG Test worker     d.u.i.k.p.i.AbstractProblemLoader Init config took 2.66s 
147248     INFO  Test worker     d.u.i.k.p.i.AbstractProblemLoader Loading environment from src\test\resources\testcase\termLabels\flatSteps\FlatSteps.java 
147248     DEBUG Test worker     d.u.i.k.p.i.AbstractProblemLoader Environment load took 482.8ns 
147248     INFO  Test worker     d.u.i.k.p.i.AbstractProblemLoader Creating init config 
149922     DEBUG Test worker     d.u.i.k.p.i.AbstractProblemLoader Init config took 2.67s 
149937     INFO  Test worker     d.u.i.k.p.i.AbstractProblemLoader Loading environment from src\test\resources\testcase\termLabels\flatSteps\FlatSteps.java 
149937     DEBUG Test worker     d.u.i.k.p.i.AbstractProblemLoader Environment load took 492.5ns 
149937     INFO  Test worker     d.u.i.k.p.i.AbstractProblemLoader Creating init config 
152591     DEBUG Test worker     d.u.i.k.p.i.AbstractProblemLoader Init config took 2.66s 
152607     INFO  Test worker     d.u.i.k.p.i.AbstractProblemLoader Loading environment from src\test\resources\testcase\termLabels\flatSteps\FlatSteps.java 
152607     DEBUG Test worker     d.u.i.k.p.i.AbstractProblemLoader Environment load took 165.2ns 
152607     INFO  Test worker     d.u.i.k.p.i.AbstractProblemLoader Creating init config 
155253     DEBUG Test worker     d.u.i.k.p.i.AbstractProblemLoader Init config took 2.64s 
155253     INFO  Test worker     d.u.i.k.p.i.AbstractProblemLoader Loading environment from src\test\resources\testcase\termLabels\flatSteps\FlatSteps.java 
155253     DEBUG Test worker     d.u.i.k.p.i.AbstractProblemLoader Environment load took 432.2ns 
155253     INFO  Test worker     d.u.i.k.p.i.AbstractProblemLoader Creating init config 
157898     DEBUG Test worker     d.u.i.k.p.i.AbstractProblemLoader Init config took 2.65s 
]]></system-out>
  <system-err><![CDATA[]]></system-err>
</testsuite>
