<?xml version="1.0" encoding="UTF-8"?>
<testsuite name="de.uka.ilkd.key.macros.scripts.TestProofScriptCommand" tests="7" skipped="0" failures="0" errors="0" timestamp="2023-04-27T11:17:27" hostname="fv-az365-262" time="19.14">
  <properties/>
  <testcase name="[1] andRight.props, D:\a\key\key\key.core\build\resources\test\de\uka\ilkd\key\macros\scripts\cases\andRight.props" classname="de.uka.ilkd.key.macros.scripts.TestProofScriptCommand" time="2.685"/>
  <testcase name="[2] hide.exc.props, D:\a\key\key\key.core\build\resources\test\de\uka\ilkd\key\macros\scripts\cases\hide.exc.props" classname="de.uka.ilkd.key.macros.scripts.TestProofScriptCommand" time="2.73"/>
  <testcase name="[3] hide.props, D:\a\key\key\key.core\build\resources\test\de\uka\ilkd\key\macros\scripts\cases\hide.props" classname="de.uka.ilkd.key.macros.scripts.TestProofScriptCommand" time="2.704"/>
  <testcase name="[4] rule.exc.props, D:\a\key\key\key.core\build\resources\test\de\uka\ilkd\key\macros\scripts\cases\rule.exc.props" classname="de.uka.ilkd.key.macros.scripts.TestProofScriptCommand" time="2.654"/>
  <testcase name="[5] selectFormula.props, D:\a\key\key\key.core\build\resources\test\de\uka\ilkd\key\macros\scripts\cases\selectFormula.props" classname="de.uka.ilkd.key.macros.scripts.TestProofScriptCommand" time="2.781"/>
  <testcase name="[6] unhide.props, D:\a\key\key\key.core\build\resources\test\de\uka\ilkd\key\macros\scripts\cases\unhide.props" classname="de.uka.ilkd.key.macros.scripts.TestProofScriptCommand" time="2.835"/>
  <testcase name="[7] unhide2.props, D:\a\key\key\key.core\build\resources\test\de\uka\ilkd\key\macros\scripts\cases\unhide2.props" classname="de.uka.ilkd.key.macros.scripts.TestProofScriptCommand" time="2.748"/>
  <system-out><![CDATA[163438     INFO  Test worker     d.u.i.k.p.i.AbstractProblemLoader Loading environment from C:\Users\RUNNER~1\AppData\Local\Temp\proofscript_key_andRight.props10089799769183172997.key 
163438     DEBUG Test worker     d.u.i.k.p.i.AbstractProblemLoader Environment load took 1.13ms 
163438     INFO  Test worker     d.u.i.k.p.i.AbstractProblemLoader Creating init config 
166082     DEBUG Test worker     d.u.i.k.p.i.AbstractProblemLoader Init config took 2.64s 
166097     INFO  Test worker     d.u.i.k.p.i.AbstractProblemLoader Replaying proof proofscript_key_andRight.props10089799769183172997.key 
166113     DEBUG Test worker     d.u.i.k.p.i.IntermediateProofReplayer Proof replay took 10.4ns 
166113     DEBUG Test worker     d.u.i.k.m.s.ProofScriptEngine 1: 'rule andRight' 
166113     INFO  Test worker     d.u.i.k.p.i.AbstractProblemLoader Loading environment from C:\Users\RUNNER~1\AppData\Local\Temp\proofscript_key_hide.exc.props7801946098132852454.key 
166113     DEBUG Test worker     d.u.i.k.p.i.AbstractProblemLoader Environment load took 448.5ns 
166128     INFO  Test worker     d.u.i.k.p.i.AbstractProblemLoader Creating init config 
168796     DEBUG Test worker     d.u.i.k.p.i.AbstractProblemLoader Init config took 2.68s 
168828     INFO  Test worker     d.u.i.k.p.i.AbstractProblemLoader Replaying proof proofscript_key_hide.exc.props7801946098132852454.key 
168828     DEBUG Test worker     d.u.i.k.p.i.IntermediateProofReplayer Proof replay took 8.6ns 
168828     DEBUG Test worker     d.u.i.k.m.s.ProofScriptEngine 1: 'macro split-prop' 
168828     DEBUG Test worker     d.u.i.k.m.s.ProofScriptEngine 2: 'hide "b ==>"' 
168843     DEBUG Test worker     d.u.i.k.m.s.ProofScriptEngine GOALS: 1 
168843     DEBUG Test worker     d.u.i.k.m.s.ProofScriptEngine [a]==>[b] 
168843     INFO  Test worker     d.u.i.k.p.i.AbstractProblemLoader Loading environment from C:\Users\RUNNER~1\AppData\Local\Temp\proofscript_key_hide.props16597019888402628932.key 
168843     DEBUG Test worker     d.u.i.k.p.i.AbstractProblemLoader Environment load took 145.7ns 
168859     INFO  Test worker     d.u.i.k.p.i.AbstractProblemLoader Creating init config 
171511     DEBUG Test worker     d.u.i.k.p.i.AbstractProblemLoader Init config took 2.66s 
171526     INFO  Test worker     d.u.i.k.p.i.AbstractProblemLoader Replaying proof proofscript_key_hide.props16597019888402628932.key 
171542     DEBUG Test worker     d.u.i.k.p.i.IntermediateProofReplayer Proof replay took 7.8ns 
171542     DEBUG Test worker     d.u.i.k.m.s.ProofScriptEngine 1: 'macro split-prop' 
171542     DEBUG Test worker     d.u.i.k.m.s.ProofScriptEngine 2: 'hide "a ==> d, e"' 
171558     INFO  Test worker     d.u.i.k.p.i.AbstractProblemLoader Loading environment from C:\Users\RUNNER~1\AppData\Local\Temp\proofscript_key_rule.exc.props17492488749372714692.key 
171558     DEBUG Test worker     d.u.i.k.p.i.AbstractProblemLoader Environment load took 143.3ns 
171558     INFO  Test worker     d.u.i.k.p.i.AbstractProblemLoader Creating init config 
174186     DEBUG Test worker     d.u.i.k.p.i.AbstractProblemLoader Init config took 2.62s 
174202     INFO  Test worker     d.u.i.k.p.i.AbstractProblemLoader Replaying proof proofscript_key_rule.exc.props17492488749372714692.key 
174202     DEBUG Test worker     d.u.i.k.p.i.IntermediateProofReplayer Proof replay took 7.8ns 
174202     DEBUG Test worker     d.u.i.k.m.s.ProofScriptEngine 1: 'rule andLeft' 
174202     DEBUG Test worker     d.u.i.k.m.s.ProofScriptEngine GOALS: 1 
174202     DEBUG Test worker     d.u.i.k.m.s.ProofScriptEngine []==>[and(a,b)] 
174202     INFO  Test worker     d.u.i.k.p.i.AbstractProblemLoader Loading environment from C:\Users\RUNNER~1\AppData\Local\Temp\proofscript_key_selectFormula.props14727191211909230794.key 
174202     DEBUG Test worker     d.u.i.k.p.i.AbstractProblemLoader Environment load took 662.9ns 
174218     INFO  Test worker     d.u.i.k.p.i.AbstractProblemLoader Creating init config 
176945     DEBUG Test worker     d.u.i.k.p.i.AbstractProblemLoader Init config took 2.74s 
176976     INFO  Test worker     d.u.i.k.p.i.AbstractProblemLoader Replaying proof proofscript_key_selectFormula.props14727191211909230794.key 
176976     DEBUG Test worker     d.u.i.k.p.i.IntermediateProofReplayer Proof replay took 8.1ns 
176976     DEBUG Test worker     d.u.i.k.m.s.ProofScriptEngine 1: 'macro split-prop' 
176991     DEBUG Test worker     d.u.i.k.m.s.ProofScriptEngine 2: 'select formula="b"' 
176991     INFO  Test worker     d.u.i.k.p.i.AbstractProblemLoader Loading environment from C:\Users\RUNNER~1\AppData\Local\Temp\proofscript_key_unhide.props11334965158098267052.key 
176991     DEBUG Test worker     d.u.i.k.p.i.AbstractProblemLoader Environment load took 135.3ns 
176991     INFO  Test worker     d.u.i.k.p.i.AbstractProblemLoader Creating init config 
179788     DEBUG Test worker     d.u.i.k.p.i.AbstractProblemLoader Init config took 2.8s 
179804     INFO  Test worker     d.u.i.k.p.i.AbstractProblemLoader Replaying proof proofscript_key_unhide.props11334965158098267052.key 
179819     DEBUG Test worker     d.u.i.k.p.i.IntermediateProofReplayer Proof replay took 8.5ns 
179819     DEBUG Test worker     d.u.i.k.m.s.ProofScriptEngine 1: 'rule impRight' 
179819     DEBUG Test worker     d.u.i.k.m.s.ProofScriptEngine 2: 'hide '2=3 ==> 3=4'' 
179819     DEBUG Test worker     d.u.i.k.m.s.ProofScriptEngine 3: 'unhide '2=3 ==>'' 
179819     DEBUG Test worker     d.u.i.k.m.s.ProofScriptEngine 4: 'unhide '==> 3=4'' 
179835     INFO  Test worker     d.u.i.k.p.i.AbstractProblemLoader Loading environment from C:\Users\RUNNER~1\AppData\Local\Temp\proofscript_key_unhide2.props1611274700903765213.key 
179835     DEBUG Test worker     d.u.i.k.p.i.AbstractProblemLoader Environment load took 257.9ns 
179835     INFO  Test worker     d.u.i.k.p.i.AbstractProblemLoader Creating init config 
182538     DEBUG Test worker     d.u.i.k.p.i.AbstractProblemLoader Init config took 2.71s 
182553     INFO  Test worker     d.u.i.k.p.i.AbstractProblemLoader Replaying proof proofscript_key_unhide2.props1611274700903765213.key 
182553     DEBUG Test worker     d.u.i.k.p.i.IntermediateProofReplayer Proof replay took 9.8ns 
182553     DEBUG Test worker     d.u.i.k.m.s.ProofScriptEngine 1: 'rule impRight' 
182569     DEBUG Test worker     d.u.i.k.m.s.ProofScriptEngine 2: 'hide '2=3 ==> 3=4'' 
182569     DEBUG Test worker     d.u.i.k.m.s.ProofScriptEngine 3: 'unhide '2=3 ==> 3=4'' 
]]></system-out>
  <system-err><![CDATA[]]></system-err>
</testsuite>
