<?xml version="1.0" encoding="UTF-8"?>
<testsuite name="de.uka.ilkd.key.taclettranslation.TestTacletTranslator" tests="5" skipped="0" failures="0" errors="0" timestamp="2023-04-27T11:26:14" hostname="fv-az365-262" time="0.035">
  <properties/>
  <testcase name="testPropositional1()" classname="de.uka.ilkd.key.taclettranslation.TestTacletTranslator" time="0.024"/>
  <testcase name="testPropositional2()" classname="de.uka.ilkd.key.taclettranslation.TestTacletTranslator" time="0.002"/>
  <testcase name="testNegativePolarity()" classname="de.uka.ilkd.key.taclettranslation.TestTacletTranslator" time="0.003"/>
  <testcase name="testNoPolarity()" classname="de.uka.ilkd.key.taclettranslation.TestTacletTranslator" time="0.002"/>
  <testcase name="testPositivePolarity()" classname="de.uka.ilkd.key.taclettranslation.TestTacletTranslator" time="0.003"/>
  <system-out><![CDATA[690461     INFO  Test worker     d.u.i.k.n.KeyIO           Parsing took 0 ms 
690461     DEBUG Test worker     d.u.i.k.n.KeyIO           Load declarations of de.uka.ilkd.key.nparser.KeyAst$File:  <unknown>:1#1 
690461     INFO  Test worker     d.u.i.k.n.KeyIO           MODE: declarations took 0 ms 
690461     DEBUG Test worker     d.u.i.k.n.KeyIO           MODE: 2nd degree decls took 0 
690477     DEBUG Test worker     d.u.i.k.n.KeyIO           MODE: taclets took 16ms 
690493     INFO  Test worker     d.u.i.k.n.KeyIO           Parsing took 0 ms 
690493     DEBUG Test worker     d.u.i.k.n.KeyIO           Load declarations of de.uka.ilkd.key.nparser.KeyAst$File:  <unknown>:1#1 
690493     INFO  Test worker     d.u.i.k.n.KeyIO           MODE: declarations took 0 ms 
690493     DEBUG Test worker     d.u.i.k.n.KeyIO           MODE: 2nd degree decls took 0 
690493     DEBUG Test worker     d.u.i.k.n.KeyIO           MODE: taclets took 0ms 
690493     INFO  Test worker     d.u.i.k.n.KeyIO           Parsing took 0 ms 
690493     DEBUG Test worker     d.u.i.k.n.KeyIO           Load declarations of de.uka.ilkd.key.nparser.KeyAst$File:  <unknown>:1#1 
690493     INFO  Test worker     d.u.i.k.n.KeyIO           MODE: declarations took 0 ms 
690493     DEBUG Test worker     d.u.i.k.n.KeyIO           MODE: 2nd degree decls took 0 
690493     DEBUG Test worker     d.u.i.k.n.KeyIO           MODE: taclets took 0ms 
690493     INFO  Test worker     d.u.i.k.n.KeyIO           Parsing took 0 ms 
690493     DEBUG Test worker     d.u.i.k.n.KeyIO           Load declarations of de.uka.ilkd.key.nparser.KeyAst$File:  <unknown>:1#1 
690493     INFO  Test worker     d.u.i.k.n.KeyIO           MODE: declarations took 0 ms 
690493     DEBUG Test worker     d.u.i.k.n.KeyIO           MODE: 2nd degree decls took 0 
690493     DEBUG Test worker     d.u.i.k.n.KeyIO           MODE: taclets took 0ms 
690493     INFO  Test worker     d.u.i.k.n.KeyIO           Parsing took 0 ms 
690493     DEBUG Test worker     d.u.i.k.n.KeyIO           Load declarations of de.uka.ilkd.key.nparser.KeyAst$File:  <unknown>:1#1 
690493     INFO  Test worker     d.u.i.k.n.KeyIO           MODE: declarations took 0 ms 
690493     DEBUG Test worker     d.u.i.k.n.KeyIO           MODE: 2nd degree decls took 0 
690508     DEBUG Test worker     d.u.i.k.n.KeyIO           MODE: taclets took 15ms 
]]></system-out>
  <system-err><![CDATA[]]></system-err>
</testsuite>
