<?xml version="1.0" encoding="UTF-8"?>
<testsuite name="de.uka.ilkd.key.proof.TestOneStepSimplifier" tests="1" skipped="0" failures="0" errors="0" timestamp="2023-04-27T11:21:14" hostname="fv-az365-262" time="4.265">
  <properties/>
  <testcase name="loadWithRestriction()" classname="de.uka.ilkd.key.proof.TestOneStepSimplifier" time="4.265"/>
  <system-out><![CDATA[389860     INFO  Test worker     d.u.i.k.p.i.AbstractProblemLoader Loading environment from src\test\resources\testcase\ossRestriction.proof 
389860     DEBUG Test worker     d.u.i.k.p.i.AbstractProblemLoader Environment load took 150.5ns 
389860     INFO  Test worker     d.u.i.k.p.i.AbstractProblemLoader Creating init config 
389985     DEBUG Test worker     d.u.i.k.j.TypeConverter   No LDT found for Meta 
389985     DEBUG Test worker     d.u.i.k.j.TypeConverter   No LDT found for Meta 
389985     DEBUG Test worker     d.u.i.k.j.TypeConverter   No LDT found for Meta 
389985     DEBUG Test worker     d.u.i.k.j.TypeConverter   No LDT found for Meta 
390423     DEBUG Test worker     d.u.i.k.j.TypeConverter   No LDT found for JavaBigintExpression 
393397     DEBUG Test worker     d.u.i.k.p.i.AbstractProblemLoader Init config took 3.54s 
394100     INFO  Test worker     d.u.i.k.p.i.AbstractProblemLoader Replaying proof ossRestriction.proof 
394116     DEBUG Test worker     d.u.i.k.p.i.IntermediateProofReplayer Proof replay took 6.6ms 
]]></system-out>
  <system-err><![CDATA[]]></system-err>
</testsuite>
