<?xml version="1.0" encoding="UTF-8"?>
<testsuite name="de.uka.ilkd.key.util.TestProofStarter" tests="2" skipped="0" failures="0" errors="0" timestamp="2023-04-27T11:26:16" hostname="fv-az365-262" time="53.715">
  <properties/>
  <testcase name="testDirectProofWithOneStepSimplification()" classname="de.uka.ilkd.key.util.TestProofStarter" time="29.033"/>
  <testcase name="testDirectProof()" classname="de.uka.ilkd.key.util.TestProofStarter" time="24.682"/>
  <system-out><![CDATA[691721     INFO  Test worker     d.u.i.k.p.i.AbstractProblemLoader Loading environment from src\test\resources\testcase\proofStarter\CC\project.key 
691721     DEBUG Test worker     d.u.i.k.p.i.AbstractProblemLoader Environment load took 164.3ns 
691721     INFO  Test worker     d.u.i.k.p.i.AbstractProblemLoader Creating init config 
691924     DEBUG Test worker     d.u.i.k.j.TypeConverter   No LDT found for Meta 
691924     DEBUG Test worker     d.u.i.k.j.TypeConverter   No LDT found for Meta 
691924     DEBUG Test worker     d.u.i.k.j.TypeConverter   No LDT found for Meta 
691924     DEBUG Test worker     d.u.i.k.j.TypeConverter   No LDT found for Meta 
692395     DEBUG Test worker     d.u.i.k.j.TypeConverter   No LDT found for JavaBigintExpression 
695498     DEBUG Test worker     d.u.i.k.p.i.AbstractProblemLoader Init config took 3.78s 
695561     INFO  Test worker     d.u.i.k.p.i.AbstractProblemLoader Replaying proof CC[CC::calcCoinIndex([I,[I)].JML normal_behavior operation contract.0 
695561     DEBUG Test worker     d.u.i.k.p.i.IntermediateProofReplayer Proof replay took 9.8ns 
695651     DEBUG Test worker     d.u.i.k.j.JavaProgramElement Program match failed (pattern true;, source null;) 
695651     DEBUG Test worker     d.u.i.k.j.JavaProgramElement Program match failed (pattern false;, source null;) 
695651     DEBUG Test worker     d.u.i.k.j.JavaProgramElement Program match failed (pattern true;, source null;) 
695651     DEBUG Test worker     d.u.i.k.j.JavaProgramElement Program match failed (pattern false;, source null;) 
695654     DEBUG Test worker     d.u.i.k.j.JavaProgramElement Program match failed (pattern true;, source null;) 
695654     DEBUG Test worker     d.u.i.k.j.JavaProgramElement Program match failed (pattern false;, source null;) 
695654     DEBUG Test worker     d.u.i.k.j.JavaProgramElement Program match failed (pattern true;, source null;) 
695654     DEBUG Test worker     d.u.i.k.j.JavaProgramElement Program match failed (pattern false;, source null;) 
695670     DEBUG Test worker     d.u.i.k.j.JavaProgramElement Program match failed (pattern true;, source null;) 
695670     DEBUG Test worker     d.u.i.k.j.JavaProgramElement Program match failed (pattern false;, source null;) 
695670     DEBUG Test worker     d.u.i.k.j.JavaProgramElement Program match failed (pattern true;, source null;) 
695670     DEBUG Test worker     d.u.i.k.j.JavaProgramElement Program match failed (pattern false;, source null;) 
695685     DEBUG Test worker     d.u.i.k.j.JavaProgramElement Program match failed (pattern true;, source null;) 
695685     DEBUG Test worker     d.u.i.k.j.JavaProgramElement Program match failed (pattern false;, source null;) 
695685     DEBUG Test worker     d.u.i.k.j.JavaProgramElement Program match failed (pattern true;, source null;) 
695685     DEBUG Test worker     d.u.i.k.j.JavaProgramElement Program match failed (pattern false;, source null;) 
695685     DEBUG Test worker     d.u.i.k.j.JavaProgramElement Program match failed (pattern true;, source null;) 
695685     DEBUG Test worker     d.u.i.k.j.JavaProgramElement Program match failed (pattern false;, source null;) 
695685     DEBUG Test worker     d.u.i.k.j.JavaProgramElement Program match failed (pattern true;, source null;) 
695685     DEBUG Test worker     d.u.i.k.j.JavaProgramElement Program match failed (pattern false;, source null;) 
695685     DEBUG Test worker     d.u.i.k.j.JavaProgramElement Program match failed (pattern true;, source null;) 
695685     DEBUG Test worker     d.u.i.k.j.JavaProgramElement Program match failed (pattern false;, source null;) 
695685     DEBUG Test worker     d.u.i.k.j.JavaProgramElement Program match failed (pattern true;, source null;) 
695685     DEBUG Test worker     d.u.i.k.j.JavaProgramElement Program match failed (pattern false;, source null;) 
695716     DEBUG Test worker     d.u.i.k.j.JavaProgramElement Program match failed (pattern true;, source null;) 
695716     DEBUG Test worker     d.u.i.k.j.JavaProgramElement Program match failed (pattern false;, source null;) 
695716     DEBUG Test worker     d.u.i.k.j.JavaProgramElement Program match failed (pattern true;, source null;) 
695716     DEBUG Test worker     d.u.i.k.j.JavaProgramElement Program match failed (pattern false;, source null;) 
695716     DEBUG Test worker     d.u.i.k.j.JavaProgramElement Program match failed (pattern true;, source null;) 
695716     DEBUG Test worker     d.u.i.k.j.JavaProgramElement Program match failed (pattern false;, source null;) 
695716     DEBUG Test worker     d.u.i.k.j.JavaProgramElement Program match failed (pattern true;, source null;) 
695716     DEBUG Test worker     d.u.i.k.j.JavaProgramElement Program match failed (pattern false;, source null;) 
695716     DEBUG Test worker     d.u.i.k.j.JavaProgramElement Program match failed (pattern true;, source null;) 
695716     DEBUG Test worker     d.u.i.k.j.JavaProgramElement Program match failed (pattern false;, source null;) 
695716     DEBUG Test worker     d.u.i.k.j.JavaProgramElement Program match failed (pattern true;, source null;) 
695716     DEBUG Test worker     d.u.i.k.j.JavaProgramElement Program match failed (pattern false;, source null;) 
695879     DEBUG Test worker     d.u.i.k.j.JavaProgramElement Program match failed (pattern true;, source 0) 
695879     DEBUG Test worker     d.u.i.k.j.JavaProgramElement Program match failed (pattern false;, source 0) 
695879     DEBUG Test worker     d.u.i.k.j.JavaProgramElement Program match failed (pattern true;, source 0) 
695879     DEBUG Test worker     d.u.i.k.j.JavaProgramElement Program match failed (pattern false;, source 0) 
695894     DEBUG Test worker     d.u.i.k.j.JavaProgramElement Program match failed (pattern true;, source 0) 
695894     DEBUG Test worker     d.u.i.k.j.JavaProgramElement Program match failed (pattern false;, source 0) 
695894     DEBUG Test worker     d.u.i.k.j.JavaProgramElement Program match failed (pattern true;, source 0) 
695894     DEBUG Test worker     d.u.i.k.j.JavaProgramElement Program match failed (pattern false;, source 0) 
695910     DEBUG Test worker     d.u.i.k.j.JavaProgramElement Program match failed (pattern true;, source 0) 
695910     DEBUG Test worker     d.u.i.k.j.JavaProgramElement Program match failed (pattern false;, source 0) 
695910     DEBUG Test worker     d.u.i.k.j.JavaProgramElement Program match failed (pattern true;, source 0) 
695910     DEBUG Test worker     d.u.i.k.j.JavaProgramElement Program match failed (pattern false;, source 0) 
696035     DEBUG Test worker     d.u.i.k.j.JavaProgramElement Program match failed (pattern true;, source i < _a.length && j < _b.length;) 
696035     DEBUG Test worker     d.u.i.k.j.JavaProgramElement Program match failed (pattern false;, source i < _a.length && j < _b.length;) 
696035     DEBUG Test worker     d.u.i.k.j.JavaProgramElement Program match failed (pattern true;, source i < _a.length && j < _b.length;) 
696035     DEBUG Test worker     d.u.i.k.j.JavaProgramElement Program match failed (pattern false;, source i < _a.length && j < _b.length;) 
696191     DEBUG Test worker     d.u.i.k.j.JavaProgramElement Program match failed (pattern true;, source !i < _a.length;) 
696191     DEBUG Test worker     d.u.i.k.j.JavaProgramElement Program match failed (pattern false;, source !i < _a.length;) 
696191     DEBUG Test worker     d.u.i.k.j.JavaProgramElement Program match failed (pattern true;, source !i < _a.length;) 
696191     DEBUG Test worker     d.u.i.k.j.JavaProgramElement Program match failed (pattern false;, source !i < _a.length;) 
696207     DEBUG Test worker     d.u.i.k.j.JavaProgramElement Program match failed (pattern true;, source i < _a.length;) 
696207     DEBUG Test worker     d.u.i.k.j.JavaProgramElement Program match failed (pattern false;, source i < _a.length;) 
696207     DEBUG Test worker     d.u.i.k.j.JavaProgramElement Program match failed (pattern true;, source i < _a.length;) 
696207     DEBUG Test worker     d.u.i.k.j.JavaProgramElement Program match failed (pattern false;, source i < _a.length;) 
696207     DEBUG Test worker     d.u.i.k.j.JavaProgramElement Program match failed (pattern true;, source i) 
696207     DEBUG Test worker     d.u.i.k.j.JavaProgramElement Program match failed (pattern false;, source i) 
696207     DEBUG Test worker     d.u.i.k.j.JavaProgramElement Program match failed (pattern true;, source i) 
696207     DEBUG Test worker     d.u.i.k.j.JavaProgramElement Program match failed (pattern false;, source i) 
696207     DEBUG Test worker     d.u.i.k.j.JavaProgramElement Program match failed (pattern true;, source _a.length;) 
696207     DEBUG Test worker     d.u.i.k.j.JavaProgramElement Program match failed (pattern false;, source _a.length;) 
696207     DEBUG Test worker     d.u.i.k.j.JavaProgramElement Program match failed (pattern true;, source _a.length;) 
696207     DEBUG Test worker     d.u.i.k.j.JavaProgramElement Program match failed (pattern false;, source _a.length;) 
696223     DEBUG Test worker     d.u.i.k.j.JavaProgramElement Program match failed (pattern true;, source i_1 < i_2;) 
696223     DEBUG Test worker     d.u.i.k.j.JavaProgramElement Program match failed (pattern false;, source i_1 < i_2;) 
696223     DEBUG Test worker     d.u.i.k.j.JavaProgramElement Program match failed (pattern true;, source i_1 < i_2;) 
696223     DEBUG Test worker     d.u.i.k.j.JavaProgramElement Program match failed (pattern false;, source i_1 < i_2;) 
696223     DEBUG Test worker     d.u.i.k.j.JavaProgramElement Program match failed (pattern true;, source i_1 < i_2;) 
696223     DEBUG Test worker     d.u.i.k.j.JavaProgramElement Program match failed (pattern false;, source i_1 < i_2;) 
696223     DEBUG Test worker     d.u.i.k.j.JavaProgramElement Program match failed (pattern true;, source i_1 < i_2;) 
696223     DEBUG Test worker     d.u.i.k.j.JavaProgramElement Program match failed (pattern false;, source i_1 < i_2;) 
696223     DEBUG Test worker     d.u.i.k.j.JavaProgramElement Program match failed (pattern true;, source !b_2;) 
696223     DEBUG Test worker     d.u.i.k.j.JavaProgramElement Program match failed (pattern false;, source !b_2;) 
696223     DEBUG Test worker     d.u.i.k.j.JavaProgramElement Program match failed (pattern true;, source !b_2;) 
696223     DEBUG Test worker     d.u.i.k.j.JavaProgramElement Program match failed (pattern false;, source !b_2;) 
696239     DEBUG Test worker     d.u.i.k.j.JavaProgramElement Program match failed (pattern true;, source !b_2;) 
696239     DEBUG Test worker     d.u.i.k.j.JavaProgramElement Program match failed (pattern false;, source !b_2;) 
696239     DEBUG Test worker     d.u.i.k.j.JavaProgramElement Program match failed (pattern true;, source !b_2;) 
696239     DEBUG Test worker     d.u.i.k.j.JavaProgramElement Program match failed (pattern false;, source !b_2;) 
696239     DEBUG Test worker     d.u.i.k.j.JavaProgramElement Program match failed (pattern true;, source !b_2;) 
696239     DEBUG Test worker     d.u.i.k.j.JavaProgramElement Program match failed (pattern false;, source !b_2;) 
696239     DEBUG Test worker     d.u.i.k.j.JavaProgramElement Program match failed (pattern true;, source !b_2;) 
696239     DEBUG Test worker     d.u.i.k.j.JavaProgramElement Program match failed (pattern false;, source !b_2;) 
696239     DEBUG Test worker     d.u.i.k.j.JavaProgramElement Program match failed (pattern true;, source !b_2;) 
696239     DEBUG Test worker     d.u.i.k.j.JavaProgramElement Program match failed (pattern false;, source !b_2;) 
696239     DEBUG Test worker     d.u.i.k.j.JavaProgramElement Program match failed (pattern true;, source !b_2;) 
696239     DEBUG Test worker     d.u.i.k.j.JavaProgramElement Program match failed (pattern false;, source !b_2;) 
696239     DEBUG Test worker     d.u.i.k.j.JavaProgramElement Program match failed (pattern true;, source !b_2;) 
696239     DEBUG Test worker     d.u.i.k.j.JavaProgramElement Program match failed (pattern false;, source !b_2;) 
696239     DEBUG Test worker     d.u.i.k.j.JavaProgramElement Program match failed (pattern true;, source !b_2;) 
696239     DEBUG Test worker     d.u.i.k.j.JavaProgramElement Program match failed (pattern false;, source !b_2;) 
696255     DEBUG Test worker     d.u.i.k.j.JavaProgramElement Program match failed (pattern true;, source !b_2;) 
696255     DEBUG Test worker     d.u.i.k.j.JavaProgramElement Program match failed (pattern false;, source !b_2;) 
696255     DEBUG Test worker     d.u.i.k.j.JavaProgramElement Program match failed (pattern true;, source !b_2;) 
696255     DEBUG Test worker     d.u.i.k.j.JavaProgramElement Program match failed (pattern false;, source !b_2;) 
696255     DEBUG Test worker     d.u.i.k.j.JavaProgramElement Program match failed (pattern true;, source !b_2;) 
696255     DEBUG Test worker     d.u.i.k.j.JavaProgramElement Program match failed (pattern false;, source !b_2;) 
696255     DEBUG Test worker     d.u.i.k.j.JavaProgramElement Program match failed (pattern true;, source !b_2;) 
696255     DEBUG Test worker     d.u.i.k.j.JavaProgramElement Program match failed (pattern false;, source !b_2;) 
696255     DEBUG Test worker     d.u.i.k.j.JavaProgramElement Program match failed (pattern true;, source !b_2;) 
696255     DEBUG Test worker     d.u.i.k.j.JavaProgramElement Program match failed (pattern false;, source !b_2;) 
696255     DEBUG Test worker     d.u.i.k.j.JavaProgramElement Program match failed (pattern true;, source !b_2;) 
696255     DEBUG Test worker     d.u.i.k.j.JavaProgramElement Program match failed (pattern false;, source !b_2;) 
696286     DEBUG Test worker     d.u.i.k.j.JavaProgramElement Program match failed (pattern false;, source j < _b.length;) 
696286     DEBUG Test worker     d.u.i.k.j.JavaProgramElement Program match failed (pattern true;, source j < _b.length;) 
696286     DEBUG Test worker     d.u.i.k.j.JavaProgramElement Program match failed (pattern false;, source j < _b.length;) 
696286     DEBUG Test worker     d.u.i.k.j.JavaProgramElement Program match failed (pattern true;, source j < _b.length;) 
696286     DEBUG Test worker     d.u.i.k.j.JavaProgramElement Program match failed (pattern true;, source j < _b.length;) 
696286     DEBUG Test worker     d.u.i.k.j.JavaProgramElement Program match failed (pattern false;, source j < _b.length;) 
696286     DEBUG Test worker     d.u.i.k.j.JavaProgramElement Program match failed (pattern true;, source j < _b.length;) 
696286     DEBUG Test worker     d.u.i.k.j.JavaProgramElement Program match failed (pattern false;, source j < _b.length;) 
696286     DEBUG Test worker     d.u.i.k.j.JavaProgramElement Program match failed (pattern true;, source false;) 
696286     DEBUG Test worker     d.u.i.k.j.JavaProgramElement Program match failed (pattern true;, source false;) 
696286     DEBUG Test worker     d.u.i.k.j.JavaProgramElement Program match failed (pattern false;, source j < _b.length;) 
696286     DEBUG Test worker     d.u.i.k.j.JavaProgramElement Program match failed (pattern true;, source j < _b.length;) 
696286     DEBUG Test worker     d.u.i.k.j.JavaProgramElement Program match failed (pattern false;, source j < _b.length;) 
696286     DEBUG Test worker     d.u.i.k.j.JavaProgramElement Program match failed (pattern true;, source j < _b.length;) 
696286     DEBUG Test worker     d.u.i.k.j.JavaProgramElement Program match failed (pattern true;, source j < _b.length;) 
696286     DEBUG Test worker     d.u.i.k.j.JavaProgramElement Program match failed (pattern false;, source j < _b.length;) 
696286     DEBUG Test worker     d.u.i.k.j.JavaProgramElement Program match failed (pattern true;, source j < _b.length;) 
696286     DEBUG Test worker     d.u.i.k.j.JavaProgramElement Program match failed (pattern false;, source j < _b.length;) 
696318     DEBUG Test worker     d.u.i.k.j.JavaProgramElement Program match failed (pattern true;, source j) 
696318     DEBUG Test worker     d.u.i.k.j.JavaProgramElement Program match failed (pattern false;, source j) 
696318     DEBUG Test worker     d.u.i.k.j.JavaProgramElement Program match failed (pattern true;, source j) 
696318     DEBUG Test worker     d.u.i.k.j.JavaProgramElement Program match failed (pattern false;, source j) 
696333     DEBUG Test worker     d.u.i.k.j.JavaProgramElement Program match failed (pattern true;, source _b.length;) 
696333     DEBUG Test worker     d.u.i.k.j.JavaProgramElement Program match failed (pattern false;, source _b.length;) 
696333     DEBUG Test worker     d.u.i.k.j.JavaProgramElement Program match failed (pattern true;, source _b.length;) 
696333     DEBUG Test worker     d.u.i.k.j.JavaProgramElement Program match failed (pattern false;, source _b.length;) 
696333     DEBUG Test worker     d.u.i.k.j.JavaProgramElement Program match failed (pattern true;, source i_3 < i_4;) 
696333     DEBUG Test worker     d.u.i.k.j.JavaProgramElement Program match failed (pattern false;, source i_3 < i_4;) 
696333     DEBUG Test worker     d.u.i.k.j.JavaProgramElement Program match failed (pattern true;, source i_3 < i_4;) 
696333     DEBUG Test worker     d.u.i.k.j.JavaProgramElement Program match failed (pattern false;, source i_3 < i_4;) 
696333     DEBUG Test worker     d.u.i.k.j.JavaProgramElement Program match failed (pattern true;, source i_3 < i_4;) 
696333     DEBUG Test worker     d.u.i.k.j.JavaProgramElement Program match failed (pattern false;, source i_3 < i_4;) 
696333     DEBUG Test worker     d.u.i.k.j.JavaProgramElement Program match failed (pattern true;, source i_3 < i_4;) 
696333     DEBUG Test worker     d.u.i.k.j.JavaProgramElement Program match failed (pattern false;, source i_3 < i_4;) 
696396     DEBUG Test worker     d.u.i.k.j.JavaProgramElement Program match failed (pattern true;, source result) 
696396     DEBUG Test worker     d.u.i.k.j.JavaProgramElement Program match failed (pattern false;, source result) 
696396     DEBUG Test worker     d.u.i.k.j.JavaProgramElement Program match failed (pattern true;, source result) 
696396     DEBUG Test worker     d.u.i.k.j.JavaProgramElement Program match failed (pattern false;, source result) 
696724     DEBUG Test worker     d.u.i.k.j.JavaProgramElement Program match failed (pattern true;, source false;) 
696724     DEBUG Test worker     d.u.i.k.j.JavaProgramElement Program match failed (pattern true;, source false;) 
704339     DEBUG Test worker     d.u.i.k.j.JavaProgramElement Program match failed (pattern true;, source i < _a.length && j < _b.length;) 
704339     DEBUG Test worker     d.u.i.k.j.JavaProgramElement Program match failed (pattern false;, source i < _a.length && j < _b.length;) 
704339     DEBUG Test worker     d.u.i.k.j.JavaProgramElement Program match failed (pattern true;, source i < _a.length && j < _b.length;) 
704339     DEBUG Test worker     d.u.i.k.j.JavaProgramElement Program match failed (pattern false;, source i < _a.length && j < _b.length;) 
704339     DEBUG Test worker     d.u.i.k.j.JavaProgramElement Program match failed (pattern true;, source false;) 
704339     DEBUG Test worker     d.u.i.k.j.JavaProgramElement Program match failed (pattern true;, source false;) 
704448     DEBUG Test worker     d.u.i.k.j.JavaProgramElement Program match failed (pattern true;, source i < _a.length && j < _b.length;) 
704448     DEBUG Test worker     d.u.i.k.j.JavaProgramElement Program match failed (pattern false;, source i < _a.length && j < _b.length;) 
704448     DEBUG Test worker     d.u.i.k.j.JavaProgramElement Program match failed (pattern true;, source i < _a.length && j < _b.length;) 
704448     DEBUG Test worker     d.u.i.k.j.JavaProgramElement Program match failed (pattern false;, source i < _a.length && j < _b.length;) 
704448     DEBUG Test worker     d.u.i.k.j.JavaProgramElement Program match failed (pattern true;, source i < _a.length && j < _b.length;) 
704448     DEBUG Test worker     d.u.i.k.j.JavaProgramElement Program match failed (pattern false;, source i < _a.length && j < _b.length;) 
704448     DEBUG Test worker     d.u.i.k.j.JavaProgramElement Program match failed (pattern true;, source i < _a.length && j < _b.length;) 
704448     DEBUG Test worker     d.u.i.k.j.JavaProgramElement Program match failed (pattern false;, source i < _a.length && j < _b.length;) 
704448     DEBUG Test worker     d.u.i.k.j.JavaProgramElement Program match failed (pattern true;, source i < _a.length && j < _b.length;) 
704448     DEBUG Test worker     d.u.i.k.j.JavaProgramElement Program match failed (pattern false;, source i < _a.length && j < _b.length;) 
704448     DEBUG Test worker     d.u.i.k.j.JavaProgramElement Program match failed (pattern true;, source i < _a.length && j < _b.length;) 
704448     DEBUG Test worker     d.u.i.k.j.JavaProgramElement Program match failed (pattern false;, source i < _a.length && j < _b.length;) 
704573     DEBUG Test worker     d.u.i.k.j.JavaProgramElement Program match failed (pattern true;, source i < _a.length && j < _b.length;) 
704573     DEBUG Test worker     d.u.i.k.j.JavaProgramElement Program match failed (pattern false;, source i < _a.length && j < _b.length;) 
704573     DEBUG Test worker     d.u.i.k.j.JavaProgramElement Program match failed (pattern true;, source i < _a.length && j < _b.length;) 
704573     DEBUG Test worker     d.u.i.k.j.JavaProgramElement Program match failed (pattern false;, source i < _a.length && j < _b.length;) 
704573     DEBUG Test worker     d.u.i.k.j.JavaProgramElement Program match failed (pattern true;, source !i < _a.length;) 
704589     DEBUG Test worker     d.u.i.k.j.JavaProgramElement Program match failed (pattern false;, source !i < _a.length;) 
704589     DEBUG Test worker     d.u.i.k.j.JavaProgramElement Program match failed (pattern true;, source !i < _a.length;) 
704589     DEBUG Test worker     d.u.i.k.j.JavaProgramElement Program match failed (pattern false;, source !i < _a.length;) 
704589     DEBUG Test worker     d.u.i.k.j.JavaProgramElement Program match failed (pattern true;, source i < _a.length;) 
704589     DEBUG Test worker     d.u.i.k.j.JavaProgramElement Program match failed (pattern false;, source i < _a.length;) 
704589     DEBUG Test worker     d.u.i.k.j.JavaProgramElement Program match failed (pattern true;, source i < _a.length;) 
704589     DEBUG Test worker     d.u.i.k.j.JavaProgramElement Program match failed (pattern false;, source i < _a.length;) 
704589     DEBUG Test worker     d.u.i.k.j.JavaProgramElement Program match failed (pattern true;, source i) 
704589     DEBUG Test worker     d.u.i.k.j.JavaProgramElement Program match failed (pattern false;, source i) 
704589     DEBUG Test worker     d.u.i.k.j.JavaProgramElement Program match failed (pattern true;, source i) 
704589     DEBUG Test worker     d.u.i.k.j.JavaProgramElement Program match failed (pattern false;, source i) 
704589     DEBUG Test worker     d.u.i.k.j.JavaProgramElement Program match failed (pattern true;, source _a.length;) 
704589     DEBUG Test worker     d.u.i.k.j.JavaProgramElement Program match failed (pattern false;, source _a.length;) 
704605     DEBUG Test worker     d.u.i.k.j.JavaProgramElement Program match failed (pattern true;, source _a.length;) 
704605     DEBUG Test worker     d.u.i.k.j.JavaProgramElement Program match failed (pattern false;, source _a.length;) 
704605     DEBUG Test worker     d.u.i.k.j.JavaProgramElement Program match failed (pattern true;, source i_1 < i_2;) 
704605     DEBUG Test worker     d.u.i.k.j.JavaProgramElement Program match failed (pattern false;, source i_1 < i_2;) 
704605     DEBUG Test worker     d.u.i.k.j.JavaProgramElement Program match failed (pattern true;, source i_1 < i_2;) 
704605     DEBUG Test worker     d.u.i.k.j.JavaProgramElement Program match failed (pattern false;, source i_1 < i_2;) 
704605     DEBUG Test worker     d.u.i.k.j.JavaProgramElement Program match failed (pattern true;, source i_1 < i_2;) 
704605     DEBUG Test worker     d.u.i.k.j.JavaProgramElement Program match failed (pattern false;, source i_1 < i_2;) 
704605     DEBUG Test worker     d.u.i.k.j.JavaProgramElement Program match failed (pattern true;, source i_1 < i_2;) 
704605     DEBUG Test worker     d.u.i.k.j.JavaProgramElement Program match failed (pattern false;, source i_1 < i_2;) 
704605     DEBUG Test worker     d.u.i.k.j.JavaProgramElement Program match failed (pattern true;, source !b_3;) 
704605     DEBUG Test worker     d.u.i.k.j.JavaProgramElement Program match failed (pattern false;, source !b_3;) 
704605     DEBUG Test worker     d.u.i.k.j.JavaProgramElement Program match failed (pattern true;, source !b_3;) 
704605     DEBUG Test worker     d.u.i.k.j.JavaProgramElement Program match failed (pattern false;, source !b_3;) 
704605     DEBUG Test worker     d.u.i.k.j.JavaProgramElement Program match failed (pattern true;, source !b_3;) 
704605     DEBUG Test worker     d.u.i.k.j.JavaProgramElement Program match failed (pattern false;, source !b_3;) 
704605     DEBUG Test worker     d.u.i.k.j.JavaProgramElement Program match failed (pattern true;, source !b_3;) 
704605     DEBUG Test worker     d.u.i.k.j.JavaProgramElement Program match failed (pattern false;, source !b_3;) 
704620     DEBUG Test worker     d.u.i.k.j.JavaProgramElement Program match failed (pattern true;, source !b_3;) 
704620     DEBUG Test worker     d.u.i.k.j.JavaProgramElement Program match failed (pattern false;, source !b_3;) 
704620     DEBUG Test worker     d.u.i.k.j.JavaProgramElement Program match failed (pattern true;, source !b_3;) 
704620     DEBUG Test worker     d.u.i.k.j.JavaProgramElement Program match failed (pattern false;, source !b_3;) 
704620     DEBUG Test worker     d.u.i.k.j.JavaProgramElement Program match failed (pattern true;, source !b_3;) 
704620     DEBUG Test worker     d.u.i.k.j.JavaProgramElement Program match failed (pattern false;, source !b_3;) 
704620     DEBUG Test worker     d.u.i.k.j.JavaProgramElement Program match failed (pattern true;, source !b_3;) 
704620     DEBUG Test worker     d.u.i.k.j.JavaProgramElement Program match failed (pattern false;, source !b_3;) 
704620     DEBUG Test worker     d.u.i.k.j.JavaProgramElement Program match failed (pattern true;, source !b_3;) 
704620     DEBUG Test worker     d.u.i.k.j.JavaProgramElement Program match failed (pattern false;, source !b_3;) 
704620     DEBUG Test worker     d.u.i.k.j.JavaProgramElement Program match failed (pattern true;, source !b_3;) 
704620     DEBUG Test worker     d.u.i.k.j.JavaProgramElement Program match failed (pattern false;, source !b_3;) 
704620     DEBUG Test worker     d.u.i.k.j.JavaProgramElement Program match failed (pattern true;, source !b_3;) 
704620     DEBUG Test worker     d.u.i.k.j.JavaProgramElement Program match failed (pattern false;, source !b_3;) 
704620     DEBUG Test worker     d.u.i.k.j.JavaProgramElement Program match failed (pattern true;, source !b_3;) 
704620     DEBUG Test worker     d.u.i.k.j.JavaProgramElement Program match failed (pattern false;, source !b_3;) 
704620     DEBUG Test worker     d.u.i.k.j.JavaProgramElement Program match failed (pattern true;, source !b_3;) 
704620     DEBUG Test worker     d.u.i.k.j.JavaProgramElement Program match failed (pattern false;, source !b_3;) 
704620     DEBUG Test worker     d.u.i.k.j.JavaProgramElement Program match failed (pattern true;, source !b_3;) 
704620     DEBUG Test worker     d.u.i.k.j.JavaProgramElement Program match failed (pattern false;, source !b_3;) 
704620     DEBUG Test worker     d.u.i.k.j.JavaProgramElement Program match failed (pattern true;, source !b_3;) 
704620     DEBUG Test worker     d.u.i.k.j.JavaProgramElement Program match failed (pattern false;, source !b_3;) 
704620     DEBUG Test worker     d.u.i.k.j.JavaProgramElement Program match failed (pattern true;, source !b_3;) 
704620     DEBUG Test worker     d.u.i.k.j.JavaProgramElement Program match failed (pattern false;, source !b_3;) 
704636     DEBUG Test worker     d.u.i.k.j.JavaProgramElement Program match failed (pattern true;, source !i < _a.length;) 
704636     DEBUG Test worker     d.u.i.k.j.JavaProgramElement Program match failed (pattern false;, source !i < _a.length;) 
704636     DEBUG Test worker     d.u.i.k.j.JavaProgramElement Program match failed (pattern true;, source !i < _a.length;) 
704636     DEBUG Test worker     d.u.i.k.j.JavaProgramElement Program match failed (pattern false;, source !i < _a.length;) 
704652     DEBUG Test worker     d.u.i.k.j.JavaProgramElement Program match failed (pattern true;, source i < _a.length;) 
704652     DEBUG Test worker     d.u.i.k.j.JavaProgramElement Program match failed (pattern false;, source i < _a.length;) 
704652     DEBUG Test worker     d.u.i.k.j.JavaProgramElement Program match failed (pattern true;, source i < _a.length;) 
704652     DEBUG Test worker     d.u.i.k.j.JavaProgramElement Program match failed (pattern false;, source i < _a.length;) 
704667     DEBUG Test worker     d.u.i.k.j.JavaProgramElement Program match failed (pattern true;, source i) 
704667     DEBUG Test worker     d.u.i.k.j.JavaProgramElement Program match failed (pattern false;, source i) 
704667     DEBUG Test worker     d.u.i.k.j.JavaProgramElement Program match failed (pattern true;, source i) 
704667     DEBUG Test worker     d.u.i.k.j.JavaProgramElement Program match failed (pattern false;, source i) 
704667     DEBUG Test worker     d.u.i.k.j.JavaProgramElement Program match failed (pattern true;, source _a.length;) 
704667     DEBUG Test worker     d.u.i.k.j.JavaProgramElement Program match failed (pattern false;, source _a.length;) 
704667     DEBUG Test worker     d.u.i.k.j.JavaProgramElement Program match failed (pattern true;, source _a.length;) 
704667     DEBUG Test worker     d.u.i.k.j.JavaProgramElement Program match failed (pattern false;, source _a.length;) 
704683     DEBUG Test worker     d.u.i.k.j.JavaProgramElement Program match failed (pattern true;, source i_3 < i_4;) 
704683     DEBUG Test worker     d.u.i.k.j.JavaProgramElement Program match failed (pattern false;, source i_3 < i_4;) 
704683     DEBUG Test worker     d.u.i.k.j.JavaProgramElement Program match failed (pattern true;, source i_3 < i_4;) 
704683     DEBUG Test worker     d.u.i.k.j.JavaProgramElement Program match failed (pattern false;, source i_3 < i_4;) 
704683     DEBUG Test worker     d.u.i.k.j.JavaProgramElement Program match failed (pattern true;, source i_3 < i_4;) 
704683     DEBUG Test worker     d.u.i.k.j.JavaProgramElement Program match failed (pattern false;, source i_3 < i_4;) 
704683     DEBUG Test worker     d.u.i.k.j.JavaProgramElement Program match failed (pattern true;, source i_3 < i_4;) 
704683     DEBUG Test worker     d.u.i.k.j.JavaProgramElement Program match failed (pattern false;, source i_3 < i_4;) 
704683     DEBUG Test worker     d.u.i.k.j.JavaProgramElement Program match failed (pattern true;, source !b_5;) 
704683     DEBUG Test worker     d.u.i.k.j.JavaProgramElement Program match failed (pattern false;, source !b_5;) 
704683     DEBUG Test worker     d.u.i.k.j.JavaProgramElement Program match failed (pattern true;, source !b_5;) 
704683     DEBUG Test worker     d.u.i.k.j.JavaProgramElement Program match failed (pattern false;, source !b_5;) 
704698     DEBUG Test worker     d.u.i.k.j.JavaProgramElement Program match failed (pattern true;, source !b_5;) 
704698     DEBUG Test worker     d.u.i.k.j.JavaProgramElement Program match failed (pattern false;, source !b_5;) 
704698     DEBUG Test worker     d.u.i.k.j.JavaProgramElement Program match failed (pattern true;, source !b_5;) 
704698     DEBUG Test worker     d.u.i.k.j.JavaProgramElement Program match failed (pattern false;, source !b_5;) 
704698     DEBUG Test worker     d.u.i.k.j.JavaProgramElement Program match failed (pattern true;, source !b_5;) 
704698     DEBUG Test worker     d.u.i.k.j.JavaProgramElement Program match failed (pattern false;, source !b_5;) 
704698     DEBUG Test worker     d.u.i.k.j.JavaProgramElement Program match failed (pattern true;, source !b_5;) 
704698     DEBUG Test worker     d.u.i.k.j.JavaProgramElement Program match failed (pattern false;, source !b_5;) 
704698     DEBUG Test worker     d.u.i.k.j.JavaProgramElement Program match failed (pattern true;, source !b_5;) 
704698     DEBUG Test worker     d.u.i.k.j.JavaProgramElement Program match failed (pattern false;, source !b_5;) 
704698     DEBUG Test worker     d.u.i.k.j.JavaProgramElement Program match failed (pattern true;, source !b_5;) 
704698     DEBUG Test worker     d.u.i.k.j.JavaProgramElement Program match failed (pattern false;, source !b_5;) 
704698     DEBUG Test worker     d.u.i.k.j.JavaProgramElement Program match failed (pattern true;, source !b_5;) 
704698     DEBUG Test worker     d.u.i.k.j.JavaProgramElement Program match failed (pattern false;, source !b_5;) 
704698     DEBUG Test worker     d.u.i.k.j.JavaProgramElement Program match failed (pattern true;, source !b_5;) 
704698     DEBUG Test worker     d.u.i.k.j.JavaProgramElement Program match failed (pattern false;, source !b_5;) 
704714     DEBUG Test worker     d.u.i.k.j.JavaProgramElement Program match failed (pattern true;, source !b_5;) 
704714     DEBUG Test worker     d.u.i.k.j.JavaProgramElement Program match failed (pattern false;, source !b_5;) 
704714     DEBUG Test worker     d.u.i.k.j.JavaProgramElement Program match failed (pattern true;, source !b_5;) 
704714     DEBUG Test worker     d.u.i.k.j.JavaProgramElement Program match failed (pattern false;, source !b_5;) 
704714     DEBUG Test worker     d.u.i.k.j.JavaProgramElement Program match failed (pattern true;, source !b_5;) 
704714     DEBUG Test worker     d.u.i.k.j.JavaProgramElement Program match failed (pattern false;, source !b_5;) 
704714     DEBUG Test worker     d.u.i.k.j.JavaProgramElement Program match failed (pattern true;, source !b_5;) 
704714     DEBUG Test worker     d.u.i.k.j.JavaProgramElement Program match failed (pattern false;, source !b_5;) 
704714     DEBUG Test worker     d.u.i.k.j.JavaProgramElement Program match failed (pattern true;, source !b_5;) 
704714     DEBUG Test worker     d.u.i.k.j.JavaProgramElement Program match failed (pattern false;, source !b_5;) 
704714     DEBUG Test worker     d.u.i.k.j.JavaProgramElement Program match failed (pattern true;, source !b_5;) 
704714     DEBUG Test worker     d.u.i.k.j.JavaProgramElement Program match failed (pattern false;, source !b_5;) 
704730     DEBUG Test worker     d.u.i.k.j.JavaProgramElement Program match failed (pattern false;, source j < _b.length;) 
704730     DEBUG Test worker     d.u.i.k.j.JavaProgramElement Program match failed (pattern true;, source j < _b.length;) 
704730     DEBUG Test worker     d.u.i.k.j.JavaProgramElement Program match failed (pattern false;, source j < _b.length;) 
704730     DEBUG Test worker     d.u.i.k.j.JavaProgramElement Program match failed (pattern true;, source j < _b.length;) 
704730     DEBUG Test worker     d.u.i.k.j.JavaProgramElement Program match failed (pattern true;, source j < _b.length;) 
704730     DEBUG Test worker     d.u.i.k.j.JavaProgramElement Program match failed (pattern false;, source j < _b.length;) 
704730     DEBUG Test worker     d.u.i.k.j.JavaProgramElement Program match failed (pattern true;, source j < _b.length;) 
704730     DEBUG Test worker     d.u.i.k.j.JavaProgramElement Program match failed (pattern false;, source j < _b.length;) 
704730     DEBUG Test worker     d.u.i.k.j.JavaProgramElement Program match failed (pattern true;, source false;) 
704730     DEBUG Test worker     d.u.i.k.j.JavaProgramElement Program match failed (pattern true;, source false;) 
704730     DEBUG Test worker     d.u.i.k.j.JavaProgramElement Program match failed (pattern false;, source j < _b.length;) 
704730     DEBUG Test worker     d.u.i.k.j.JavaProgramElement Program match failed (pattern true;, source j < _b.length;) 
704730     DEBUG Test worker     d.u.i.k.j.JavaProgramElement Program match failed (pattern false;, source j < _b.length;) 
704730     DEBUG Test worker     d.u.i.k.j.JavaProgramElement Program match failed (pattern true;, source j < _b.length;) 
704730     DEBUG Test worker     d.u.i.k.j.JavaProgramElement Program match failed (pattern true;, source j < _b.length;) 
704730     DEBUG Test worker     d.u.i.k.j.JavaProgramElement Program match failed (pattern false;, source j < _b.length;) 
704730     DEBUG Test worker     d.u.i.k.j.JavaProgramElement Program match failed (pattern true;, source j < _b.length;) 
704730     DEBUG Test worker     d.u.i.k.j.JavaProgramElement Program match failed (pattern false;, source j < _b.length;) 
704777     DEBUG Test worker     d.u.i.k.j.JavaProgramElement Program match failed (pattern true;, source j) 
704777     DEBUG Test worker     d.u.i.k.j.JavaProgramElement Program match failed (pattern false;, source j) 
704777     DEBUG Test worker     d.u.i.k.j.JavaProgramElement Program match failed (pattern true;, source j) 
704777     DEBUG Test worker     d.u.i.k.j.JavaProgramElement Program match failed (pattern false;, source j) 
704792     DEBUG Test worker     d.u.i.k.j.JavaProgramElement Program match failed (pattern true;, source _b.length;) 
704808     DEBUG Test worker     d.u.i.k.j.JavaProgramElement Program match failed (pattern false;, source _b.length;) 
704808     DEBUG Test worker     d.u.i.k.j.JavaProgramElement Program match failed (pattern true;, source _b.length;) 
704808     DEBUG Test worker     d.u.i.k.j.JavaProgramElement Program match failed (pattern false;, source _b.length;) 
704808     DEBUG Test worker     d.u.i.k.j.JavaProgramElement Program match failed (pattern true;, source i_5 < i_6;) 
704808     DEBUG Test worker     d.u.i.k.j.JavaProgramElement Program match failed (pattern false;, source i_5 < i_6;) 
704808     DEBUG Test worker     d.u.i.k.j.JavaProgramElement Program match failed (pattern true;, source i_5 < i_6;) 
704808     DEBUG Test worker     d.u.i.k.j.JavaProgramElement Program match failed (pattern false;, source i_5 < i_6;) 
704808     DEBUG Test worker     d.u.i.k.j.JavaProgramElement Program match failed (pattern true;, source i_5 < i_6;) 
704808     DEBUG Test worker     d.u.i.k.j.JavaProgramElement Program match failed (pattern false;, source i_5 < i_6;) 
704808     DEBUG Test worker     d.u.i.k.j.JavaProgramElement Program match failed (pattern true;, source i_5 < i_6;) 
704808     DEBUG Test worker     d.u.i.k.j.JavaProgramElement Program match failed (pattern false;, source i_5 < i_6;) 
704870     DEBUG Test worker     d.u.i.k.j.JavaProgramElement Program match failed (pattern false;, source j < _b.length;) 
704870     DEBUG Test worker     d.u.i.k.j.JavaProgramElement Program match failed (pattern true;, source j < _b.length;) 
704870     DEBUG Test worker     d.u.i.k.j.JavaProgramElement Program match failed (pattern false;, source j < _b.length;) 
704870     DEBUG Test worker     d.u.i.k.j.JavaProgramElement Program match failed (pattern true;, source j < _b.length;) 
704870     DEBUG Test worker     d.u.i.k.j.JavaProgramElement Program match failed (pattern true;, source j < _b.length;) 
704870     DEBUG Test worker     d.u.i.k.j.JavaProgramElement Program match failed (pattern false;, source j < _b.length;) 
704870     DEBUG Test worker     d.u.i.k.j.JavaProgramElement Program match failed (pattern true;, source j < _b.length;) 
704870     DEBUG Test worker     d.u.i.k.j.JavaProgramElement Program match failed (pattern false;, source j < _b.length;) 
704870     DEBUG Test worker     d.u.i.k.j.JavaProgramElement Program match failed (pattern true;, source false;) 
704870     DEBUG Test worker     d.u.i.k.j.JavaProgramElement Program match failed (pattern true;, source false;) 
704886     DEBUG Test worker     d.u.i.k.j.JavaProgramElement Program match failed (pattern false;, source j < _b.length;) 
704917     DEBUG Test worker     d.u.i.k.j.JavaProgramElement Program match failed (pattern true;, source j < _b.length;) 
704917     DEBUG Test worker     d.u.i.k.j.JavaProgramElement Program match failed (pattern false;, source j < _b.length;) 
704917     DEBUG Test worker     d.u.i.k.j.JavaProgramElement Program match failed (pattern true;, source j < _b.length;) 
704917     DEBUG Test worker     d.u.i.k.j.JavaProgramElement Program match failed (pattern true;, source j < _b.length;) 
704917     DEBUG Test worker     d.u.i.k.j.JavaProgramElement Program match failed (pattern false;, source j < _b.length;) 
704917     DEBUG Test worker     d.u.i.k.j.JavaProgramElement Program match failed (pattern true;, source j < _b.length;) 
704917     DEBUG Test worker     d.u.i.k.j.JavaProgramElement Program match failed (pattern false;, source j < _b.length;) 
704980     DEBUG Test worker     d.u.i.k.j.JavaProgramElement Program match failed (pattern false;, source j) 
704980     DEBUG Test worker     d.u.i.k.j.JavaProgramElement Program match failed (pattern true;, source j) 
704980     DEBUG Test worker     d.u.i.k.j.JavaProgramElement Program match failed (pattern false;, source j) 
704980     DEBUG Test worker     d.u.i.k.j.JavaProgramElement Program match failed (pattern true;, source j) 
704980     DEBUG Test worker     d.u.i.k.j.JavaProgramElement Program match failed (pattern true;, source j) 
704980     DEBUG Test worker     d.u.i.k.j.JavaProgramElement Program match failed (pattern false;, source j) 
704980     DEBUG Test worker     d.u.i.k.j.JavaProgramElement Program match failed (pattern true;, source j) 
704980     DEBUG Test worker     d.u.i.k.j.JavaProgramElement Program match failed (pattern false;, source j) 
704980     DEBUG Test worker     d.u.i.k.j.JavaProgramElement Program match failed (pattern false;, source _b.length;) 
704980     DEBUG Test worker     d.u.i.k.j.JavaProgramElement Program match failed (pattern true;, source _b.length;) 
704980     DEBUG Test worker     d.u.i.k.j.JavaProgramElement Program match failed (pattern false;, source _b.length;) 
704980     DEBUG Test worker     d.u.i.k.j.JavaProgramElement Program match failed (pattern true;, source _b.length;) 
704980     DEBUG Test worker     d.u.i.k.j.JavaProgramElement Program match failed (pattern true;, source _b.length;) 
704980     DEBUG Test worker     d.u.i.k.j.JavaProgramElement Program match failed (pattern false;, source _b.length;) 
704980     DEBUG Test worker     d.u.i.k.j.JavaProgramElement Program match failed (pattern true;, source _b.length;) 
704980     DEBUG Test worker     d.u.i.k.j.JavaProgramElement Program match failed (pattern false;, source _b.length;) 
704999     DEBUG Test worker     d.u.i.k.j.JavaProgramElement Program match failed (pattern false;, source i_7 < i_8;) 
704999     DEBUG Test worker     d.u.i.k.j.JavaProgramElement Program match failed (pattern true;, source i_7 < i_8;) 
704999     DEBUG Test worker     d.u.i.k.j.JavaProgramElement Program match failed (pattern false;, source i_7 < i_8;) 
704999     DEBUG Test worker     d.u.i.k.j.JavaProgramElement Program match failed (pattern true;, source i_7 < i_8;) 
704999     DEBUG Test worker     d.u.i.k.j.JavaProgramElement Program match failed (pattern true;, source i_7 < i_8;) 
704999     DEBUG Test worker     d.u.i.k.j.JavaProgramElement Program match failed (pattern false;, source i_7 < i_8;) 
704999     DEBUG Test worker     d.u.i.k.j.JavaProgramElement Program match failed (pattern true;, source i_7 < i_8;) 
704999     DEBUG Test worker     d.u.i.k.j.JavaProgramElement Program match failed (pattern false;, source i_7 < i_8;) 
704999     DEBUG Test worker     d.u.i.k.j.JavaProgramElement Program match failed (pattern false;, source i_7 < i_8;) 
704999     DEBUG Test worker     d.u.i.k.j.JavaProgramElement Program match failed (pattern true;, source i_7 < i_8;) 
704999     DEBUG Test worker     d.u.i.k.j.JavaProgramElement Program match failed (pattern false;, source i_7 < i_8;) 
704999     DEBUG Test worker     d.u.i.k.j.JavaProgramElement Program match failed (pattern true;, source i_7 < i_8;) 
704999     DEBUG Test worker     d.u.i.k.j.JavaProgramElement Program match failed (pattern true;, source i_7 < i_8;) 
704999     DEBUG Test worker     d.u.i.k.j.JavaProgramElement Program match failed (pattern false;, source i_7 < i_8;) 
704999     DEBUG Test worker     d.u.i.k.j.JavaProgramElement Program match failed (pattern true;, source i_7 < i_8;) 
704999     DEBUG Test worker     d.u.i.k.j.JavaProgramElement Program match failed (pattern false;, source i_7 < i_8;) 
705046     DEBUG Test worker     d.u.i.k.j.JavaProgramElement Program match failed (pattern true;, source _a[i] < _b[j];) 
705046     DEBUG Test worker     d.u.i.k.j.JavaProgramElement Program match failed (pattern false;, source _a[i] < _b[j];) 
705046     DEBUG Test worker     d.u.i.k.j.JavaProgramElement Program match failed (pattern true;, source _a[i] < _b[j];) 
705046     DEBUG Test worker     d.u.i.k.j.JavaProgramElement Program match failed (pattern false;, source _a[i] < _b[j];) 
705062     DEBUG Test worker     d.u.i.k.j.JavaProgramElement Program match failed (pattern true;, source _a[i];) 
705062     DEBUG Test worker     d.u.i.k.j.JavaProgramElement Program match failed (pattern false;, source _a[i];) 
705062     DEBUG Test worker     d.u.i.k.j.JavaProgramElement Program match failed (pattern true;, source _a[i];) 
705062     DEBUG Test worker     d.u.i.k.j.JavaProgramElement Program match failed (pattern false;, source _a[i];) 
705093     DEBUG Test worker     d.u.i.k.j.JavaProgramElement Program match failed (pattern true;, source _b[j];) 
705093     DEBUG Test worker     d.u.i.k.j.JavaProgramElement Program match failed (pattern false;, source _b[j];) 
705093     DEBUG Test worker     d.u.i.k.j.JavaProgramElement Program match failed (pattern true;, source _b[j];) 
705093     DEBUG Test worker     d.u.i.k.j.JavaProgramElement Program match failed (pattern false;, source _b[j];) 
705093     DEBUG Test worker     d.u.i.k.j.JavaProgramElement Program match failed (pattern true;, source i_9 < i_10;) 
705093     DEBUG Test worker     d.u.i.k.j.JavaProgramElement Program match failed (pattern false;, source i_9 < i_10;) 
705093     DEBUG Test worker     d.u.i.k.j.JavaProgramElement Program match failed (pattern true;, source i_9 < i_10;) 
705093     DEBUG Test worker     d.u.i.k.j.JavaProgramElement Program match failed (pattern false;, source i_9 < i_10;) 
705124     DEBUG Test worker     d.u.i.k.j.JavaProgramElement Program match failed (pattern true;, source i_9 < i_10;) 
705124     DEBUG Test worker     d.u.i.k.j.JavaProgramElement Program match failed (pattern false;, source i_9 < i_10;) 
705124     DEBUG Test worker     d.u.i.k.j.JavaProgramElement Program match failed (pattern true;, source i_9 < i_10;) 
705124     DEBUG Test worker     d.u.i.k.j.JavaProgramElement Program match failed (pattern false;, source i_9 < i_10;) 
705171     DEBUG Test worker     d.u.i.k.j.JavaProgramElement Program match failed (pattern true;, source _b[j] < _a[i];) 
705171     DEBUG Test worker     d.u.i.k.j.JavaProgramElement Program match failed (pattern false;, source _b[j] < _a[i];) 
705171     DEBUG Test worker     d.u.i.k.j.JavaProgramElement Program match failed (pattern true;, source _b[j] < _a[i];) 
705171     DEBUG Test worker     d.u.i.k.j.JavaProgramElement Program match failed (pattern false;, source _b[j] < _a[i];) 
705187     DEBUG Test worker     d.u.i.k.j.JavaProgramElement Program match failed (pattern true;, source _b[j];) 
705187     DEBUG Test worker     d.u.i.k.j.JavaProgramElement Program match failed (pattern false;, source _b[j];) 
705187     DEBUG Test worker     d.u.i.k.j.JavaProgramElement Program match failed (pattern true;, source _b[j];) 
705187     DEBUG Test worker     d.u.i.k.j.JavaProgramElement Program match failed (pattern false;, source _b[j];) 
705218     DEBUG Test worker     d.u.i.k.j.JavaProgramElement Program match failed (pattern true;, source _a[i];) 
705218     DEBUG Test worker     d.u.i.k.j.JavaProgramElement Program match failed (pattern false;, source _a[i];) 
705218     DEBUG Test worker     d.u.i.k.j.JavaProgramElement Program match failed (pattern true;, source _a[i];) 
705218     DEBUG Test worker     d.u.i.k.j.JavaProgramElement Program match failed (pattern false;, source _a[i];) 
705218     DEBUG Test worker     d.u.i.k.j.JavaProgramElement Program match failed (pattern true;, source i_11 < i_12;) 
705218     DEBUG Test worker     d.u.i.k.j.JavaProgramElement Program match failed (pattern false;, source i_11 < i_12;) 
705218     DEBUG Test worker     d.u.i.k.j.JavaProgramElement Program match failed (pattern true;, source i_11 < i_12;) 
705218     DEBUG Test worker     d.u.i.k.j.JavaProgramElement Program match failed (pattern false;, source i_11 < i_12;) 
705234     DEBUG Test worker     d.u.i.k.j.JavaProgramElement Program match failed (pattern true;, source i_11 < i_12;) 
705234     DEBUG Test worker     d.u.i.k.j.JavaProgramElement Program match failed (pattern false;, source i_11 < i_12;) 
705234     DEBUG Test worker     d.u.i.k.j.JavaProgramElement Program match failed (pattern true;, source i_11 < i_12;) 
705234     DEBUG Test worker     d.u.i.k.j.JavaProgramElement Program match failed (pattern false;, source i_11 < i_12;) 
705312     DEBUG Test worker     d.u.i.k.j.JavaProgramElement Program match failed (pattern true;, source (int) (i + 1);) 
705312     DEBUG Test worker     d.u.i.k.j.JavaProgramElement Program match failed (pattern false;, source (int) (i + 1);) 
705312     DEBUG Test worker     d.u.i.k.j.JavaProgramElement Program match failed (pattern true;, source (int) (i + 1);) 
705312     DEBUG Test worker     d.u.i.k.j.JavaProgramElement Program match failed (pattern false;, source (int) (i + 1);) 
705312     DEBUG Test worker     d.u.i.k.j.JavaProgramElement Program match failed (pattern true;, source (i + 1);) 
705312     DEBUG Test worker     d.u.i.k.j.JavaProgramElement Program match failed (pattern false;, source (i + 1);) 
705312     DEBUG Test worker     d.u.i.k.j.JavaProgramElement Program match failed (pattern true;, source (i + 1);) 
705312     DEBUG Test worker     d.u.i.k.j.JavaProgramElement Program match failed (pattern false;, source (i + 1);) 
705312     DEBUG Test worker     d.u.i.k.j.JavaProgramElement Program match failed (pattern true;, source i + 1;) 
705312     DEBUG Test worker     d.u.i.k.j.JavaProgramElement Program match failed (pattern false;, source i + 1;) 
705312     DEBUG Test worker     d.u.i.k.j.JavaProgramElement Program match failed (pattern true;, source i + 1;) 
705312     DEBUG Test worker     d.u.i.k.j.JavaProgramElement Program match failed (pattern false;, source i + 1;) 
705328     DEBUG Test worker     d.u.i.k.j.JavaProgramElement Program match failed (pattern true;, source (int) i_13;) 
705328     DEBUG Test worker     d.u.i.k.j.JavaProgramElement Program match failed (pattern false;, source (int) i_13;) 
705328     DEBUG Test worker     d.u.i.k.j.JavaProgramElement Program match failed (pattern true;, source (int) i_13;) 
705328     DEBUG Test worker     d.u.i.k.j.JavaProgramElement Program match failed (pattern false;, source (int) i_13;) 
705328     DEBUG Test worker     d.u.i.k.j.JavaProgramElement Program match failed (pattern true;, source (int) i_13;) 
705328     DEBUG Test worker     d.u.i.k.j.JavaProgramElement Program match failed (pattern false;, source (int) i_13;) 
705328     DEBUG Test worker     d.u.i.k.j.JavaProgramElement Program match failed (pattern true;, source (int) i_13;) 
705328     DEBUG Test worker     d.u.i.k.j.JavaProgramElement Program match failed (pattern false;, source (int) i_13;) 
705328     DEBUG Test worker     d.u.i.k.j.JavaProgramElement Program match failed (pattern true;, source (int) i_13;) 
705328     DEBUG Test worker     d.u.i.k.j.JavaProgramElement Program match failed (pattern false;, source (int) i_13;) 
705328     DEBUG Test worker     d.u.i.k.j.JavaProgramElement Program match failed (pattern true;, source (int) i_13;) 
705328     DEBUG Test worker     d.u.i.k.j.JavaProgramElement Program match failed (pattern false;, source (int) i_13;) 
705328     DEBUG Test worker     d.u.i.k.j.JavaProgramElement Program match failed (pattern true;, source (int) i_13;) 
705328     DEBUG Test worker     d.u.i.k.j.JavaProgramElement Program match failed (pattern false;, source (int) i_13;) 
705328     DEBUG Test worker     d.u.i.k.j.JavaProgramElement Program match failed (pattern true;, source (int) i_13;) 
705328     DEBUG Test worker     d.u.i.k.j.JavaProgramElement Program match failed (pattern false;, source (int) i_13;) 
705328     DEBUG Test worker     d.u.i.k.j.JavaProgramElement Program match failed (pattern true;, source i_13) 
705328     DEBUG Test worker     d.u.i.k.j.JavaProgramElement Program match failed (pattern false;, source i_13) 
705328     DEBUG Test worker     d.u.i.k.j.JavaProgramElement Program match failed (pattern true;, source i_13) 
705328     DEBUG Test worker     d.u.i.k.j.JavaProgramElement Program match failed (pattern false;, source i_13) 
705344     DEBUG Test worker     d.u.i.k.j.JavaProgramElement Program match failed (pattern true;, source (int) (j + 1);) 
705344     DEBUG Test worker     d.u.i.k.j.JavaProgramElement Program match failed (pattern false;, source (int) (j + 1);) 
705344     DEBUG Test worker     d.u.i.k.j.JavaProgramElement Program match failed (pattern true;, source (int) (j + 1);) 
705344     DEBUG Test worker     d.u.i.k.j.JavaProgramElement Program match failed (pattern false;, source (int) (j + 1);) 
705344     DEBUG Test worker     d.u.i.k.j.JavaProgramElement Program match failed (pattern true;, source (j + 1);) 
705344     DEBUG Test worker     d.u.i.k.j.JavaProgramElement Program match failed (pattern false;, source (j + 1);) 
705344     DEBUG Test worker     d.u.i.k.j.JavaProgramElement Program match failed (pattern true;, source (j + 1);) 
705344     DEBUG Test worker     d.u.i.k.j.JavaProgramElement Program match failed (pattern false;, source (j + 1);) 
705359     DEBUG Test worker     d.u.i.k.j.JavaProgramElement Program match failed (pattern true;, source j + 1;) 
705359     DEBUG Test worker     d.u.i.k.j.JavaProgramElement Program match failed (pattern false;, source j + 1;) 
705359     DEBUG Test worker     d.u.i.k.j.JavaProgramElement Program match failed (pattern true;, source j + 1;) 
705359     DEBUG Test worker     d.u.i.k.j.JavaProgramElement Program match failed (pattern false;, source j + 1;) 
705359     DEBUG Test worker     d.u.i.k.j.JavaProgramElement Program match failed (pattern true;, source (int) i_14;) 
705359     DEBUG Test worker     d.u.i.k.j.JavaProgramElement Program match failed (pattern false;, source (int) i_14;) 
705359     DEBUG Test worker     d.u.i.k.j.JavaProgramElement Program match failed (pattern true;, source (int) i_14;) 
705359     DEBUG Test worker     d.u.i.k.j.JavaProgramElement Program match failed (pattern false;, source (int) i_14;) 
705359     DEBUG Test worker     d.u.i.k.j.JavaProgramElement Program match failed (pattern true;, source (int) i_14;) 
705359     DEBUG Test worker     d.u.i.k.j.JavaProgramElement Program match failed (pattern false;, source (int) i_14;) 
705359     DEBUG Test worker     d.u.i.k.j.JavaProgramElement Program match failed (pattern true;, source (int) i_14;) 
705359     DEBUG Test worker     d.u.i.k.j.JavaProgramElement Program match failed (pattern false;, source (int) i_14;) 
705375     DEBUG Test worker     d.u.i.k.j.JavaProgramElement Program match failed (pattern true;, source (int) i_14;) 
705375     DEBUG Test worker     d.u.i.k.j.JavaProgramElement Program match failed (pattern false;, source (int) i_14;) 
705375     DEBUG Test worker     d.u.i.k.j.JavaProgramElement Program match failed (pattern true;, source (int) i_14;) 
705375     DEBUG Test worker     d.u.i.k.j.JavaProgramElement Program match failed (pattern false;, source (int) i_14;) 
705375     DEBUG Test worker     d.u.i.k.j.JavaProgramElement Program match failed (pattern true;, source (int) i_14;) 
705375     DEBUG Test worker     d.u.i.k.j.JavaProgramElement Program match failed (pattern false;, source (int) i_14;) 
705375     DEBUG Test worker     d.u.i.k.j.JavaProgramElement Program match failed (pattern true;, source (int) i_14;) 
705375     DEBUG Test worker     d.u.i.k.j.JavaProgramElement Program match failed (pattern false;, source (int) i_14;) 
705375     DEBUG Test worker     d.u.i.k.j.JavaProgramElement Program match failed (pattern true;, source i_14) 
705375     DEBUG Test worker     d.u.i.k.j.JavaProgramElement Program match failed (pattern false;, source i_14) 
705375     DEBUG Test worker     d.u.i.k.j.JavaProgramElement Program match failed (pattern true;, source i_14) 
705375     DEBUG Test worker     d.u.i.k.j.JavaProgramElement Program match failed (pattern false;, source i_14) 
705390     DEBUG Test worker     d.u.i.k.j.JavaProgramElement Program match failed (pattern true;, source (int) (result + 1);) 
705390     DEBUG Test worker     d.u.i.k.j.JavaProgramElement Program match failed (pattern false;, source (int) (result + 1);) 
705390     DEBUG Test worker     d.u.i.k.j.JavaProgramElement Program match failed (pattern true;, source (int) (result + 1);) 
705390     DEBUG Test worker     d.u.i.k.j.JavaProgramElement Program match failed (pattern false;, source (int) (result + 1);) 
705390     DEBUG Test worker     d.u.i.k.j.JavaProgramElement Program match failed (pattern true;, source (result + 1);) 
705390     DEBUG Test worker     d.u.i.k.j.JavaProgramElement Program match failed (pattern false;, source (result + 1);) 
705390     DEBUG Test worker     d.u.i.k.j.JavaProgramElement Program match failed (pattern true;, source (result + 1);) 
705390     DEBUG Test worker     d.u.i.k.j.JavaProgramElement Program match failed (pattern false;, source (result + 1);) 
705406     DEBUG Test worker     d.u.i.k.j.JavaProgramElement Program match failed (pattern true;, source result + 1;) 
705406     DEBUG Test worker     d.u.i.k.j.JavaProgramElement Program match failed (pattern false;, source result + 1;) 
705406     DEBUG Test worker     d.u.i.k.j.JavaProgramElement Program match failed (pattern true;, source result + 1;) 
705406     DEBUG Test worker     d.u.i.k.j.JavaProgramElement Program match failed (pattern false;, source result + 1;) 
705406     DEBUG Test worker     d.u.i.k.j.JavaProgramElement Program match failed (pattern true;, source (int) i_15;) 
705406     DEBUG Test worker     d.u.i.k.j.JavaProgramElement Program match failed (pattern false;, source (int) i_15;) 
705406     DEBUG Test worker     d.u.i.k.j.JavaProgramElement Program match failed (pattern true;, source (int) i_15;) 
705406     DEBUG Test worker     d.u.i.k.j.JavaProgramElement Program match failed (pattern false;, source (int) i_15;) 
705406     DEBUG Test worker     d.u.i.k.j.JavaProgramElement Program match failed (pattern true;, source (int) i_15;) 
705406     DEBUG Test worker     d.u.i.k.j.JavaProgramElement Program match failed (pattern false;, source (int) i_15;) 
705406     DEBUG Test worker     d.u.i.k.j.JavaProgramElement Program match failed (pattern true;, source (int) i_15;) 
705406     DEBUG Test worker     d.u.i.k.j.JavaProgramElement Program match failed (pattern false;, source (int) i_15;) 
705424     DEBUG Test worker     d.u.i.k.j.JavaProgramElement Program match failed (pattern true;, source (int) i_15;) 
705424     DEBUG Test worker     d.u.i.k.j.JavaProgramElement Program match failed (pattern false;, source (int) i_15;) 
705424     DEBUG Test worker     d.u.i.k.j.JavaProgramElement Program match failed (pattern true;, source (int) i_15;) 
705424     DEBUG Test worker     d.u.i.k.j.JavaProgramElement Program match failed (pattern false;, source (int) i_15;) 
705426     DEBUG Test worker     d.u.i.k.j.JavaProgramElement Program match failed (pattern true;, source (int) i_15;) 
705426     DEBUG Test worker     d.u.i.k.j.JavaProgramElement Program match failed (pattern false;, source (int) i_15;) 
705426     DEBUG Test worker     d.u.i.k.j.JavaProgramElement Program match failed (pattern true;, source (int) i_15;) 
705426     DEBUG Test worker     d.u.i.k.j.JavaProgramElement Program match failed (pattern false;, source (int) i_15;) 
705429     DEBUG Test worker     d.u.i.k.j.JavaProgramElement Program match failed (pattern true;, source i_15) 
705429     DEBUG Test worker     d.u.i.k.j.JavaProgramElement Program match failed (pattern false;, source i_15) 
705429     DEBUG Test worker     d.u.i.k.j.JavaProgramElement Program match failed (pattern true;, source i_15) 
705429     DEBUG Test worker     d.u.i.k.j.JavaProgramElement Program match failed (pattern false;, source i_15) 
717349     DEBUG Test worker     d.u.i.k.j.JavaProgramElement Program match failed (pattern true;, source (int) (j + 1);) 
717349     DEBUG Test worker     d.u.i.k.j.JavaProgramElement Program match failed (pattern false;, source (int) (j + 1);) 
717349     DEBUG Test worker     d.u.i.k.j.JavaProgramElement Program match failed (pattern true;, source (int) (j + 1);) 
717349     DEBUG Test worker     d.u.i.k.j.JavaProgramElement Program match failed (pattern false;, source (int) (j + 1);) 
717364     DEBUG Test worker     d.u.i.k.j.JavaProgramElement Program match failed (pattern true;, source (j + 1);) 
717364     DEBUG Test worker     d.u.i.k.j.JavaProgramElement Program match failed (pattern false;, source (j + 1);) 
717364     DEBUG Test worker     d.u.i.k.j.JavaProgramElement Program match failed (pattern true;, source (j + 1);) 
717364     DEBUG Test worker     d.u.i.k.j.JavaProgramElement Program match failed (pattern false;, source (j + 1);) 
717364     DEBUG Test worker     d.u.i.k.j.JavaProgramElement Program match failed (pattern true;, source j + 1;) 
717364     DEBUG Test worker     d.u.i.k.j.JavaProgramElement Program match failed (pattern false;, source j + 1;) 
717364     DEBUG Test worker     d.u.i.k.j.JavaProgramElement Program match failed (pattern true;, source j + 1;) 
717364     DEBUG Test worker     d.u.i.k.j.JavaProgramElement Program match failed (pattern false;, source j + 1;) 
717364     DEBUG Test worker     d.u.i.k.j.JavaProgramElement Program match failed (pattern true;, source (int) i_13;) 
717364     DEBUG Test worker     d.u.i.k.j.JavaProgramElement Program match failed (pattern false;, source (int) i_13;) 
717364     DEBUG Test worker     d.u.i.k.j.JavaProgramElement Program match failed (pattern true;, source (int) i_13;) 
717364     DEBUG Test worker     d.u.i.k.j.JavaProgramElement Program match failed (pattern false;, source (int) i_13;) 
717380     DEBUG Test worker     d.u.i.k.j.JavaProgramElement Program match failed (pattern true;, source (int) i_13;) 
717380     DEBUG Test worker     d.u.i.k.j.JavaProgramElement Program match failed (pattern false;, source (int) i_13;) 
717380     DEBUG Test worker     d.u.i.k.j.JavaProgramElement Program match failed (pattern true;, source (int) i_13;) 
717380     DEBUG Test worker     d.u.i.k.j.JavaProgramElement Program match failed (pattern false;, source (int) i_13;) 
717380     DEBUG Test worker     d.u.i.k.j.JavaProgramElement Program match failed (pattern true;, source (int) i_13;) 
717380     DEBUG Test worker     d.u.i.k.j.JavaProgramElement Program match failed (pattern false;, source (int) i_13;) 
717380     DEBUG Test worker     d.u.i.k.j.JavaProgramElement Program match failed (pattern true;, source (int) i_13;) 
717380     DEBUG Test worker     d.u.i.k.j.JavaProgramElement Program match failed (pattern false;, source (int) i_13;) 
717380     DEBUG Test worker     d.u.i.k.j.JavaProgramElement Program match failed (pattern true;, source (int) i_13;) 
717380     DEBUG Test worker     d.u.i.k.j.JavaProgramElement Program match failed (pattern false;, source (int) i_13;) 
717380     DEBUG Test worker     d.u.i.k.j.JavaProgramElement Program match failed (pattern true;, source (int) i_13;) 
717380     DEBUG Test worker     d.u.i.k.j.JavaProgramElement Program match failed (pattern false;, source (int) i_13;) 
717380     DEBUG Test worker     d.u.i.k.j.JavaProgramElement Program match failed (pattern true;, source i_13) 
717380     DEBUG Test worker     d.u.i.k.j.JavaProgramElement Program match failed (pattern false;, source i_13) 
717380     DEBUG Test worker     d.u.i.k.j.JavaProgramElement Program match failed (pattern true;, source i_13) 
717380     DEBUG Test worker     d.u.i.k.j.JavaProgramElement Program match failed (pattern false;, source i_13) 
720142     DEBUG Test worker     d.u.i.k.j.JavaProgramElement Program match failed (pattern true;, source (int) (i + 1);) 
720142     DEBUG Test worker     d.u.i.k.j.JavaProgramElement Program match failed (pattern false;, source (int) (i + 1);) 
720142     DEBUG Test worker     d.u.i.k.j.JavaProgramElement Program match failed (pattern true;, source (int) (i + 1);) 
720142     DEBUG Test worker     d.u.i.k.j.JavaProgramElement Program match failed (pattern false;, source (int) (i + 1);) 
720142     DEBUG Test worker     d.u.i.k.j.JavaProgramElement Program match failed (pattern true;, source (i + 1);) 
720158     DEBUG Test worker     d.u.i.k.j.JavaProgramElement Program match failed (pattern false;, source (i + 1);) 
720158     DEBUG Test worker     d.u.i.k.j.JavaProgramElement Program match failed (pattern true;, source (i + 1);) 
720158     DEBUG Test worker     d.u.i.k.j.JavaProgramElement Program match failed (pattern false;, source (i + 1);) 
720158     DEBUG Test worker     d.u.i.k.j.JavaProgramElement Program match failed (pattern true;, source i + 1;) 
720158     DEBUG Test worker     d.u.i.k.j.JavaProgramElement Program match failed (pattern false;, source i + 1;) 
720158     DEBUG Test worker     d.u.i.k.j.JavaProgramElement Program match failed (pattern true;, source i + 1;) 
720158     DEBUG Test worker     d.u.i.k.j.JavaProgramElement Program match failed (pattern false;, source i + 1;) 
720158     DEBUG Test worker     d.u.i.k.j.JavaProgramElement Program match failed (pattern true;, source (int) i_11;) 
720158     DEBUG Test worker     d.u.i.k.j.JavaProgramElement Program match failed (pattern false;, source (int) i_11;) 
720158     DEBUG Test worker     d.u.i.k.j.JavaProgramElement Program match failed (pattern true;, source (int) i_11;) 
720158     DEBUG Test worker     d.u.i.k.j.JavaProgramElement Program match failed (pattern false;, source (int) i_11;) 
720158     DEBUG Test worker     d.u.i.k.j.JavaProgramElement Program match failed (pattern true;, source (int) i_11;) 
720158     DEBUG Test worker     d.u.i.k.j.JavaProgramElement Program match failed (pattern false;, source (int) i_11;) 
720158     DEBUG Test worker     d.u.i.k.j.JavaProgramElement Program match failed (pattern true;, source (int) i_11;) 
720158     DEBUG Test worker     d.u.i.k.j.JavaProgramElement Program match failed (pattern false;, source (int) i_11;) 
720158     DEBUG Test worker     d.u.i.k.j.JavaProgramElement Program match failed (pattern true;, source (int) i_11;) 
720173     DEBUG Test worker     d.u.i.k.j.JavaProgramElement Program match failed (pattern false;, source (int) i_11;) 
720173     DEBUG Test worker     d.u.i.k.j.JavaProgramElement Program match failed (pattern true;, source (int) i_11;) 
720173     DEBUG Test worker     d.u.i.k.j.JavaProgramElement Program match failed (pattern false;, source (int) i_11;) 
720173     DEBUG Test worker     d.u.i.k.j.JavaProgramElement Program match failed (pattern true;, source (int) i_11;) 
720173     DEBUG Test worker     d.u.i.k.j.JavaProgramElement Program match failed (pattern false;, source (int) i_11;) 
720173     DEBUG Test worker     d.u.i.k.j.JavaProgramElement Program match failed (pattern true;, source (int) i_11;) 
720173     DEBUG Test worker     d.u.i.k.j.JavaProgramElement Program match failed (pattern false;, source (int) i_11;) 
720173     DEBUG Test worker     d.u.i.k.j.JavaProgramElement Program match failed (pattern true;, source i_11) 
720173     DEBUG Test worker     d.u.i.k.j.JavaProgramElement Program match failed (pattern false;, source i_11) 
720173     DEBUG Test worker     d.u.i.k.j.JavaProgramElement Program match failed (pattern true;, source i_11) 
720173     DEBUG Test worker     d.u.i.k.j.JavaProgramElement Program match failed (pattern false;, source i_11) 
720619     DEBUG Test worker     d.u.i.k.j.JavaProgramElement Program match failed (pattern true;, source false;) 
720619     DEBUG Test worker     d.u.i.k.j.JavaProgramElement Program match failed (pattern true;, source false;) 
720619     DEBUG Test worker     d.u.i.k.j.JavaProgramElement Program match failed (pattern true;, source false;) 
720619     DEBUG Test worker     d.u.i.k.j.JavaProgramElement Program match failed (pattern true;, source false;) 
720728     INFO  Test worker     d.u.i.k.p.i.AbstractProblemLoader Loading environment from src\test\resources\testcase\proofStarter\CC\project.key 
720728     DEBUG Test worker     d.u.i.k.p.i.AbstractProblemLoader Environment load took 425.1ns 
720728     INFO  Test worker     d.u.i.k.p.i.AbstractProblemLoader Creating init config 
723477     DEBUG Test worker     d.u.i.k.p.i.AbstractProblemLoader Init config took 2.74s 
723523     INFO  Test worker     d.u.i.k.p.i.AbstractProblemLoader Replaying proof CC[CC::calcCoinIndex([I,[I)].JML normal_behavior operation contract.0 
723523     DEBUG Test worker     d.u.i.k.p.i.IntermediateProofReplayer Proof replay took 20.8ns 
723539     DEBUG Test worker     d.u.i.k.j.JavaProgramElement Program match failed (pattern true;, source null;) 
723539     DEBUG Test worker     d.u.i.k.j.JavaProgramElement Program match failed (pattern false;, source null;) 
723539     DEBUG Test worker     d.u.i.k.j.JavaProgramElement Program match failed (pattern true;, source null;) 
723539     DEBUG Test worker     d.u.i.k.j.JavaProgramElement Program match failed (pattern false;, source null;) 
723539     DEBUG Test worker     d.u.i.k.j.JavaProgramElement Program match failed (pattern true;, source null;) 
723539     DEBUG Test worker     d.u.i.k.j.JavaProgramElement Program match failed (pattern false;, source null;) 
723539     DEBUG Test worker     d.u.i.k.j.JavaProgramElement Program match failed (pattern true;, source null;) 
723539     DEBUG Test worker     d.u.i.k.j.JavaProgramElement Program match failed (pattern false;, source null;) 
723539     DEBUG Test worker     d.u.i.k.j.JavaProgramElement Program match failed (pattern true;, source null;) 
723539     DEBUG Test worker     d.u.i.k.j.JavaProgramElement Program match failed (pattern false;, source null;) 
723539     DEBUG Test worker     d.u.i.k.j.JavaProgramElement Program match failed (pattern true;, source null;) 
723539     DEBUG Test worker     d.u.i.k.j.JavaProgramElement Program match failed (pattern false;, source null;) 
723539     DEBUG Test worker     d.u.i.k.j.JavaProgramElement Program match failed (pattern true;, source null;) 
723539     DEBUG Test worker     d.u.i.k.j.JavaProgramElement Program match failed (pattern false;, source null;) 
723539     DEBUG Test worker     d.u.i.k.j.JavaProgramElement Program match failed (pattern true;, source null;) 
723539     DEBUG Test worker     d.u.i.k.j.JavaProgramElement Program match failed (pattern false;, source null;) 
723555     DEBUG Test worker     d.u.i.k.j.JavaProgramElement Program match failed (pattern true;, source null;) 
723555     DEBUG Test worker     d.u.i.k.j.JavaProgramElement Program match failed (pattern false;, source null;) 
723555     DEBUG Test worker     d.u.i.k.j.JavaProgramElement Program match failed (pattern true;, source null;) 
723555     DEBUG Test worker     d.u.i.k.j.JavaProgramElement Program match failed (pattern false;, source null;) 
723555     DEBUG Test worker     d.u.i.k.j.JavaProgramElement Program match failed (pattern true;, source null;) 
723555     DEBUG Test worker     d.u.i.k.j.JavaProgramElement Program match failed (pattern false;, source null;) 
723555     DEBUG Test worker     d.u.i.k.j.JavaProgramElement Program match failed (pattern true;, source null;) 
723555     DEBUG Test worker     d.u.i.k.j.JavaProgramElement Program match failed (pattern false;, source null;) 
723555     DEBUG Test worker     d.u.i.k.j.JavaProgramElement Program match failed (pattern true;, source null;) 
723555     DEBUG Test worker     d.u.i.k.j.JavaProgramElement Program match failed (pattern false;, source null;) 
723555     DEBUG Test worker     d.u.i.k.j.JavaProgramElement Program match failed (pattern true;, source null;) 
723555     DEBUG Test worker     d.u.i.k.j.JavaProgramElement Program match failed (pattern false;, source null;) 
723570     DEBUG Test worker     d.u.i.k.j.JavaProgramElement Program match failed (pattern true;, source null;) 
723570     DEBUG Test worker     d.u.i.k.j.JavaProgramElement Program match failed (pattern false;, source null;) 
723570     DEBUG Test worker     d.u.i.k.j.JavaProgramElement Program match failed (pattern true;, source null;) 
723570     DEBUG Test worker     d.u.i.k.j.JavaProgramElement Program match failed (pattern false;, source null;) 
723570     DEBUG Test worker     d.u.i.k.j.JavaProgramElement Program match failed (pattern true;, source null;) 
723570     DEBUG Test worker     d.u.i.k.j.JavaProgramElement Program match failed (pattern false;, source null;) 
723570     DEBUG Test worker     d.u.i.k.j.JavaProgramElement Program match failed (pattern true;, source null;) 
723570     DEBUG Test worker     d.u.i.k.j.JavaProgramElement Program match failed (pattern false;, source null;) 
723570     DEBUG Test worker     d.u.i.k.j.JavaProgramElement Program match failed (pattern true;, source null;) 
723570     DEBUG Test worker     d.u.i.k.j.JavaProgramElement Program match failed (pattern false;, source null;) 
723570     DEBUG Test worker     d.u.i.k.j.JavaProgramElement Program match failed (pattern true;, source null;) 
723570     DEBUG Test worker     d.u.i.k.j.JavaProgramElement Program match failed (pattern false;, source null;) 
723648     DEBUG Test worker     d.u.i.k.j.JavaProgramElement Program match failed (pattern true;, source 0) 
723648     DEBUG Test worker     d.u.i.k.j.JavaProgramElement Program match failed (pattern false;, source 0) 
723648     DEBUG Test worker     d.u.i.k.j.JavaProgramElement Program match failed (pattern true;, source 0) 
723648     DEBUG Test worker     d.u.i.k.j.JavaProgramElement Program match failed (pattern false;, source 0) 
723664     DEBUG Test worker     d.u.i.k.j.JavaProgramElement Program match failed (pattern true;, source 0) 
723664     DEBUG Test worker     d.u.i.k.j.JavaProgramElement Program match failed (pattern false;, source 0) 
723664     DEBUG Test worker     d.u.i.k.j.JavaProgramElement Program match failed (pattern true;, source 0) 
723664     DEBUG Test worker     d.u.i.k.j.JavaProgramElement Program match failed (pattern false;, source 0) 
723680     DEBUG Test worker     d.u.i.k.j.JavaProgramElement Program match failed (pattern true;, source 0) 
723680     DEBUG Test worker     d.u.i.k.j.JavaProgramElement Program match failed (pattern false;, source 0) 
723680     DEBUG Test worker     d.u.i.k.j.JavaProgramElement Program match failed (pattern true;, source 0) 
723680     DEBUG Test worker     d.u.i.k.j.JavaProgramElement Program match failed (pattern false;, source 0) 
723867     DEBUG Test worker     d.u.i.k.j.JavaProgramElement Program match failed (pattern true;, source i < _a.length && j < _b.length;) 
723867     DEBUG Test worker     d.u.i.k.j.JavaProgramElement Program match failed (pattern false;, source i < _a.length && j < _b.length;) 
723867     DEBUG Test worker     d.u.i.k.j.JavaProgramElement Program match failed (pattern true;, source i < _a.length && j < _b.length;) 
723867     DEBUG Test worker     d.u.i.k.j.JavaProgramElement Program match failed (pattern false;, source i < _a.length && j < _b.length;) 
723961     DEBUG Test worker     d.u.i.k.j.JavaProgramElement Program match failed (pattern true;, source !i < _a.length;) 
723961     DEBUG Test worker     d.u.i.k.j.JavaProgramElement Program match failed (pattern false;, source !i < _a.length;) 
723961     DEBUG Test worker     d.u.i.k.j.JavaProgramElement Program match failed (pattern true;, source !i < _a.length;) 
723961     DEBUG Test worker     d.u.i.k.j.JavaProgramElement Program match failed (pattern false;, source !i < _a.length;) 
723961     DEBUG Test worker     d.u.i.k.j.JavaProgramElement Program match failed (pattern true;, source i < _a.length;) 
723961     DEBUG Test worker     d.u.i.k.j.JavaProgramElement Program match failed (pattern false;, source i < _a.length;) 
723961     DEBUG Test worker     d.u.i.k.j.JavaProgramElement Program match failed (pattern true;, source i < _a.length;) 
723961     DEBUG Test worker     d.u.i.k.j.JavaProgramElement Program match failed (pattern false;, source i < _a.length;) 
723961     DEBUG Test worker     d.u.i.k.j.JavaProgramElement Program match failed (pattern true;, source i) 
723961     DEBUG Test worker     d.u.i.k.j.JavaProgramElement Program match failed (pattern false;, source i) 
723961     DEBUG Test worker     d.u.i.k.j.JavaProgramElement Program match failed (pattern true;, source i) 
723961     DEBUG Test worker     d.u.i.k.j.JavaProgramElement Program match failed (pattern false;, source i) 
723977     DEBUG Test worker     d.u.i.k.j.JavaProgramElement Program match failed (pattern true;, source _a.length;) 
723977     DEBUG Test worker     d.u.i.k.j.JavaProgramElement Program match failed (pattern false;, source _a.length;) 
723977     DEBUG Test worker     d.u.i.k.j.JavaProgramElement Program match failed (pattern true;, source _a.length;) 
723977     DEBUG Test worker     d.u.i.k.j.JavaProgramElement Program match failed (pattern false;, source _a.length;) 
723977     DEBUG Test worker     d.u.i.k.j.JavaProgramElement Program match failed (pattern true;, source i_1 < i_2;) 
723977     DEBUG Test worker     d.u.i.k.j.JavaProgramElement Program match failed (pattern false;, source i_1 < i_2;) 
723977     DEBUG Test worker     d.u.i.k.j.JavaProgramElement Program match failed (pattern true;, source i_1 < i_2;) 
723977     DEBUG Test worker     d.u.i.k.j.JavaProgramElement Program match failed (pattern false;, source i_1 < i_2;) 
723977     DEBUG Test worker     d.u.i.k.j.JavaProgramElement Program match failed (pattern true;, source i_1 < i_2;) 
723977     DEBUG Test worker     d.u.i.k.j.JavaProgramElement Program match failed (pattern false;, source i_1 < i_2;) 
723977     DEBUG Test worker     d.u.i.k.j.JavaProgramElement Program match failed (pattern true;, source i_1 < i_2;) 
723977     DEBUG Test worker     d.u.i.k.j.JavaProgramElement Program match failed (pattern false;, source i_1 < i_2;) 
723992     DEBUG Test worker     d.u.i.k.j.JavaProgramElement Program match failed (pattern true;, source i_1 < i_2;) 
723992     DEBUG Test worker     d.u.i.k.j.JavaProgramElement Program match failed (pattern false;, source i_1 < i_2;) 
723992     DEBUG Test worker     d.u.i.k.j.JavaProgramElement Program match failed (pattern true;, source i_1 < i_2;) 
723992     DEBUG Test worker     d.u.i.k.j.JavaProgramElement Program match failed (pattern false;, source i_1 < i_2;) 
723992     DEBUG Test worker     d.u.i.k.j.JavaProgramElement Program match failed (pattern true;, source i_1 < i_2;) 
723992     DEBUG Test worker     d.u.i.k.j.JavaProgramElement Program match failed (pattern false;, source i_1 < i_2;) 
723992     DEBUG Test worker     d.u.i.k.j.JavaProgramElement Program match failed (pattern true;, source i_1 < i_2;) 
723992     DEBUG Test worker     d.u.i.k.j.JavaProgramElement Program match failed (pattern false;, source i_1 < i_2;) 
723992     DEBUG Test worker     d.u.i.k.j.JavaProgramElement Program match failed (pattern true;, source i_1 < i_2;) 
723992     DEBUG Test worker     d.u.i.k.j.JavaProgramElement Program match failed (pattern false;, source i_1 < i_2;) 
723992     DEBUG Test worker     d.u.i.k.j.JavaProgramElement Program match failed (pattern true;, source i_1 < i_2;) 
723992     DEBUG Test worker     d.u.i.k.j.JavaProgramElement Program match failed (pattern false;, source i_1 < i_2;) 
723992     DEBUG Test worker     d.u.i.k.j.JavaProgramElement Program match failed (pattern true;, source i_1 < i_2;) 
723992     DEBUG Test worker     d.u.i.k.j.JavaProgramElement Program match failed (pattern false;, source i_1 < i_2;) 
723992     DEBUG Test worker     d.u.i.k.j.JavaProgramElement Program match failed (pattern true;, source i_1 < i_2;) 
723992     DEBUG Test worker     d.u.i.k.j.JavaProgramElement Program match failed (pattern false;, source i_1 < i_2;) 
723992     DEBUG Test worker     d.u.i.k.j.JavaProgramElement Program match failed (pattern true;, source i_1 < i_2;) 
723992     DEBUG Test worker     d.u.i.k.j.JavaProgramElement Program match failed (pattern false;, source i_1 < i_2;) 
723992     DEBUG Test worker     d.u.i.k.j.JavaProgramElement Program match failed (pattern true;, source i_1 < i_2;) 
723992     DEBUG Test worker     d.u.i.k.j.JavaProgramElement Program match failed (pattern false;, source i_1 < i_2;) 
723992     DEBUG Test worker     d.u.i.k.j.JavaProgramElement Program match failed (pattern true;, source !b_2;) 
723992     DEBUG Test worker     d.u.i.k.j.JavaProgramElement Program match failed (pattern false;, source !b_2;) 
723992     DEBUG Test worker     d.u.i.k.j.JavaProgramElement Program match failed (pattern true;, source !b_2;) 
723992     DEBUG Test worker     d.u.i.k.j.JavaProgramElement Program match failed (pattern false;, source !b_2;) 
723992     DEBUG Test worker     d.u.i.k.j.JavaProgramElement Program match failed (pattern true;, source !b_2;) 
723992     DEBUG Test worker     d.u.i.k.j.JavaProgramElement Program match failed (pattern false;, source !b_2;) 
723992     DEBUG Test worker     d.u.i.k.j.JavaProgramElement Program match failed (pattern true;, source !b_2;) 
723992     DEBUG Test worker     d.u.i.k.j.JavaProgramElement Program match failed (pattern false;, source !b_2;) 
724008     DEBUG Test worker     d.u.i.k.j.JavaProgramElement Program match failed (pattern true;, source !b_2;) 
724008     DEBUG Test worker     d.u.i.k.j.JavaProgramElement Program match failed (pattern false;, source !b_2;) 
724008     DEBUG Test worker     d.u.i.k.j.JavaProgramElement Program match failed (pattern true;, source !b_2;) 
724008     DEBUG Test worker     d.u.i.k.j.JavaProgramElement Program match failed (pattern false;, source !b_2;) 
724008     DEBUG Test worker     d.u.i.k.j.JavaProgramElement Program match failed (pattern true;, source !b_2;) 
724008     DEBUG Test worker     d.u.i.k.j.JavaProgramElement Program match failed (pattern false;, source !b_2;) 
724008     DEBUG Test worker     d.u.i.k.j.JavaProgramElement Program match failed (pattern true;, source !b_2;) 
724008     DEBUG Test worker     d.u.i.k.j.JavaProgramElement Program match failed (pattern false;, source !b_2;) 
724008     DEBUG Test worker     d.u.i.k.j.JavaProgramElement Program match failed (pattern true;, source !b_2;) 
724008     DEBUG Test worker     d.u.i.k.j.JavaProgramElement Program match failed (pattern false;, source !b_2;) 
724008     DEBUG Test worker     d.u.i.k.j.JavaProgramElement Program match failed (pattern true;, source !b_2;) 
724008     DEBUG Test worker     d.u.i.k.j.JavaProgramElement Program match failed (pattern false;, source !b_2;) 
724008     DEBUG Test worker     d.u.i.k.j.JavaProgramElement Program match failed (pattern true;, source !b_2;) 
724008     DEBUG Test worker     d.u.i.k.j.JavaProgramElement Program match failed (pattern false;, source !b_2;) 
724008     DEBUG Test worker     d.u.i.k.j.JavaProgramElement Program match failed (pattern true;, source !b_2;) 
724008     DEBUG Test worker     d.u.i.k.j.JavaProgramElement Program match failed (pattern false;, source !b_2;) 
724008     DEBUG Test worker     d.u.i.k.j.JavaProgramElement Program match failed (pattern true;, source !b_2;) 
724008     DEBUG Test worker     d.u.i.k.j.JavaProgramElement Program match failed (pattern false;, source !b_2;) 
724008     DEBUG Test worker     d.u.i.k.j.JavaProgramElement Program match failed (pattern true;, source !b_2;) 
724008     DEBUG Test worker     d.u.i.k.j.JavaProgramElement Program match failed (pattern false;, source !b_2;) 
724008     DEBUG Test worker     d.u.i.k.j.JavaProgramElement Program match failed (pattern true;, source !b_2;) 
724008     DEBUG Test worker     d.u.i.k.j.JavaProgramElement Program match failed (pattern false;, source !b_2;) 
724008     DEBUG Test worker     d.u.i.k.j.JavaProgramElement Program match failed (pattern true;, source !b_2;) 
724008     DEBUG Test worker     d.u.i.k.j.JavaProgramElement Program match failed (pattern false;, source !b_2;) 
724008     DEBUG Test worker     d.u.i.k.j.JavaProgramElement Program match failed (pattern true;, source !b_2;) 
724008     DEBUG Test worker     d.u.i.k.j.JavaProgramElement Program match failed (pattern false;, source !b_2;) 
724008     DEBUG Test worker     d.u.i.k.j.JavaProgramElement Program match failed (pattern true;, source !b_2;) 
724008     DEBUG Test worker     d.u.i.k.j.JavaProgramElement Program match failed (pattern false;, source !b_2;) 
724008     DEBUG Test worker     d.u.i.k.j.JavaProgramElement Program match failed (pattern true;, source !b_2;) 
724008     DEBUG Test worker     d.u.i.k.j.JavaProgramElement Program match failed (pattern false;, source !b_2;) 
724008     DEBUG Test worker     d.u.i.k.j.JavaProgramElement Program match failed (pattern true;, source !b_2;) 
724008     DEBUG Test worker     d.u.i.k.j.JavaProgramElement Program match failed (pattern false;, source !b_2;) 
724023     DEBUG Test worker     d.u.i.k.j.JavaProgramElement Program match failed (pattern true;, source !b_2;) 
724023     DEBUG Test worker     d.u.i.k.j.JavaProgramElement Program match failed (pattern false;, source !b_2;) 
724023     DEBUG Test worker     d.u.i.k.j.JavaProgramElement Program match failed (pattern true;, source !b_2;) 
724023     DEBUG Test worker     d.u.i.k.j.JavaProgramElement Program match failed (pattern false;, source !b_2;) 
724023     DEBUG Test worker     d.u.i.k.j.JavaProgramElement Program match failed (pattern true;, source !b_2;) 
724023     DEBUG Test worker     d.u.i.k.j.JavaProgramElement Program match failed (pattern false;, source !b_2;) 
724023     DEBUG Test worker     d.u.i.k.j.JavaProgramElement Program match failed (pattern true;, source !b_2;) 
724023     DEBUG Test worker     d.u.i.k.j.JavaProgramElement Program match failed (pattern false;, source !b_2;) 
724023     DEBUG Test worker     d.u.i.k.j.JavaProgramElement Program match failed (pattern true;, source !b_2;) 
724023     DEBUG Test worker     d.u.i.k.j.JavaProgramElement Program match failed (pattern false;, source !b_2;) 
724023     DEBUG Test worker     d.u.i.k.j.JavaProgramElement Program match failed (pattern true;, source !b_2;) 
724023     DEBUG Test worker     d.u.i.k.j.JavaProgramElement Program match failed (pattern false;, source !b_2;) 
724023     DEBUG Test worker     d.u.i.k.j.JavaProgramElement Program match failed (pattern true;, source !b_2;) 
724023     DEBUG Test worker     d.u.i.k.j.JavaProgramElement Program match failed (pattern false;, source !b_2;) 
724023     DEBUG Test worker     d.u.i.k.j.JavaProgramElement Program match failed (pattern true;, source !b_2;) 
724023     DEBUG Test worker     d.u.i.k.j.JavaProgramElement Program match failed (pattern false;, source !b_2;) 
724023     DEBUG Test worker     d.u.i.k.j.JavaProgramElement Program match failed (pattern true;, source !b_2;) 
724023     DEBUG Test worker     d.u.i.k.j.JavaProgramElement Program match failed (pattern false;, source !b_2;) 
724023     DEBUG Test worker     d.u.i.k.j.JavaProgramElement Program match failed (pattern true;, source !b_2;) 
724023     DEBUG Test worker     d.u.i.k.j.JavaProgramElement Program match failed (pattern false;, source !b_2;) 
724023     DEBUG Test worker     d.u.i.k.j.JavaProgramElement Program match failed (pattern true;, source !b_2;) 
724023     DEBUG Test worker     d.u.i.k.j.JavaProgramElement Program match failed (pattern false;, source !b_2;) 
724023     DEBUG Test worker     d.u.i.k.j.JavaProgramElement Program match failed (pattern true;, source !b_2;) 
724023     DEBUG Test worker     d.u.i.k.j.JavaProgramElement Program match failed (pattern false;, source !b_2;) 
724039     DEBUG Test worker     d.u.i.k.j.JavaProgramElement Program match failed (pattern true;, source !b_2;) 
724039     DEBUG Test worker     d.u.i.k.j.JavaProgramElement Program match failed (pattern false;, source !b_2;) 
724039     DEBUG Test worker     d.u.i.k.j.JavaProgramElement Program match failed (pattern true;, source !b_2;) 
724039     DEBUG Test worker     d.u.i.k.j.JavaProgramElement Program match failed (pattern false;, source !b_2;) 
724039     DEBUG Test worker     d.u.i.k.j.JavaProgramElement Program match failed (pattern true;, source !b_2;) 
724039     DEBUG Test worker     d.u.i.k.j.JavaProgramElement Program match failed (pattern false;, source !b_2;) 
724039     DEBUG Test worker     d.u.i.k.j.JavaProgramElement Program match failed (pattern true;, source !b_2;) 
724039     DEBUG Test worker     d.u.i.k.j.JavaProgramElement Program match failed (pattern false;, source !b_2;) 
724039     DEBUG Test worker     d.u.i.k.j.JavaProgramElement Program match failed (pattern true;, source !b_2;) 
724039     DEBUG Test worker     d.u.i.k.j.JavaProgramElement Program match failed (pattern false;, source !b_2;) 
724039     DEBUG Test worker     d.u.i.k.j.JavaProgramElement Program match failed (pattern true;, source !b_2;) 
724039     DEBUG Test worker     d.u.i.k.j.JavaProgramElement Program match failed (pattern false;, source !b_2;) 
724055     DEBUG Test worker     d.u.i.k.j.JavaProgramElement Program match failed (pattern false;, source j < _b.length;) 
724074     DEBUG Test worker     d.u.i.k.j.JavaProgramElement Program match failed (pattern true;, source j < _b.length;) 
724074     DEBUG Test worker     d.u.i.k.j.JavaProgramElement Program match failed (pattern false;, source j < _b.length;) 
724074     DEBUG Test worker     d.u.i.k.j.JavaProgramElement Program match failed (pattern true;, source j < _b.length;) 
724074     DEBUG Test worker     d.u.i.k.j.JavaProgramElement Program match failed (pattern true;, source j < _b.length;) 
724074     DEBUG Test worker     d.u.i.k.j.JavaProgramElement Program match failed (pattern false;, source j < _b.length;) 
724074     DEBUG Test worker     d.u.i.k.j.JavaProgramElement Program match failed (pattern true;, source j < _b.length;) 
724074     DEBUG Test worker     d.u.i.k.j.JavaProgramElement Program match failed (pattern false;, source j < _b.length;) 
724074     DEBUG Test worker     d.u.i.k.j.JavaProgramElement Program match failed (pattern true;, source false;) 
724074     DEBUG Test worker     d.u.i.k.j.JavaProgramElement Program match failed (pattern true;, source false;) 
724074     DEBUG Test worker     d.u.i.k.j.JavaProgramElement Program match failed (pattern false;, source j < _b.length;) 
724074     DEBUG Test worker     d.u.i.k.j.JavaProgramElement Program match failed (pattern true;, source j < _b.length;) 
724074     DEBUG Test worker     d.u.i.k.j.JavaProgramElement Program match failed (pattern false;, source j < _b.length;) 
724074     DEBUG Test worker     d.u.i.k.j.JavaProgramElement Program match failed (pattern true;, source j < _b.length;) 
724074     DEBUG Test worker     d.u.i.k.j.JavaProgramElement Program match failed (pattern true;, source j < _b.length;) 
724074     DEBUG Test worker     d.u.i.k.j.JavaProgramElement Program match failed (pattern false;, source j < _b.length;) 
724074     DEBUG Test worker     d.u.i.k.j.JavaProgramElement Program match failed (pattern true;, source j < _b.length;) 
724074     DEBUG Test worker     d.u.i.k.j.JavaProgramElement Program match failed (pattern false;, source j < _b.length;) 
724090     DEBUG Test worker     d.u.i.k.j.JavaProgramElement Program match failed (pattern true;, source j) 
724090     DEBUG Test worker     d.u.i.k.j.JavaProgramElement Program match failed (pattern false;, source j) 
724090     DEBUG Test worker     d.u.i.k.j.JavaProgramElement Program match failed (pattern true;, source j) 
724090     DEBUG Test worker     d.u.i.k.j.JavaProgramElement Program match failed (pattern false;, source j) 
724105     DEBUG Test worker     d.u.i.k.j.JavaProgramElement Program match failed (pattern true;, source _b.length;) 
724105     DEBUG Test worker     d.u.i.k.j.JavaProgramElement Program match failed (pattern false;, source _b.length;) 
724105     DEBUG Test worker     d.u.i.k.j.JavaProgramElement Program match failed (pattern true;, source _b.length;) 
724105     DEBUG Test worker     d.u.i.k.j.JavaProgramElement Program match failed (pattern false;, source _b.length;) 
724105     DEBUG Test worker     d.u.i.k.j.JavaProgramElement Program match failed (pattern true;, source i_3 < i_4;) 
724105     DEBUG Test worker     d.u.i.k.j.JavaProgramElement Program match failed (pattern false;, source i_3 < i_4;) 
724105     DEBUG Test worker     d.u.i.k.j.JavaProgramElement Program match failed (pattern true;, source i_3 < i_4;) 
724105     DEBUG Test worker     d.u.i.k.j.JavaProgramElement Program match failed (pattern false;, source i_3 < i_4;) 
724105     DEBUG Test worker     d.u.i.k.j.JavaProgramElement Program match failed (pattern true;, source i_3 < i_4;) 
724105     DEBUG Test worker     d.u.i.k.j.JavaProgramElement Program match failed (pattern false;, source i_3 < i_4;) 
724105     DEBUG Test worker     d.u.i.k.j.JavaProgramElement Program match failed (pattern true;, source i_3 < i_4;) 
724105     DEBUG Test worker     d.u.i.k.j.JavaProgramElement Program match failed (pattern false;, source i_3 < i_4;) 
724105     DEBUG Test worker     d.u.i.k.j.JavaProgramElement Program match failed (pattern true;, source i_3 < i_4;) 
724105     DEBUG Test worker     d.u.i.k.j.JavaProgramElement Program match failed (pattern false;, source i_3 < i_4;) 
724105     DEBUG Test worker     d.u.i.k.j.JavaProgramElement Program match failed (pattern true;, source i_3 < i_4;) 
724105     DEBUG Test worker     d.u.i.k.j.JavaProgramElement Program match failed (pattern false;, source i_3 < i_4;) 
724121     DEBUG Test worker     d.u.i.k.j.JavaProgramElement Program match failed (pattern true;, source i_3 < i_4;) 
724121     DEBUG Test worker     d.u.i.k.j.JavaProgramElement Program match failed (pattern false;, source i_3 < i_4;) 
724121     DEBUG Test worker     d.u.i.k.j.JavaProgramElement Program match failed (pattern true;, source i_3 < i_4;) 
724121     DEBUG Test worker     d.u.i.k.j.JavaProgramElement Program match failed (pattern false;, source i_3 < i_4;) 
724121     DEBUG Test worker     d.u.i.k.j.JavaProgramElement Program match failed (pattern true;, source i_3 < i_4;) 
724121     DEBUG Test worker     d.u.i.k.j.JavaProgramElement Program match failed (pattern false;, source i_3 < i_4;) 
724121     DEBUG Test worker     d.u.i.k.j.JavaProgramElement Program match failed (pattern true;, source i_3 < i_4;) 
724121     DEBUG Test worker     d.u.i.k.j.JavaProgramElement Program match failed (pattern false;, source i_3 < i_4;) 
724121     DEBUG Test worker     d.u.i.k.j.JavaProgramElement Program match failed (pattern true;, source i_3 < i_4;) 
724121     DEBUG Test worker     d.u.i.k.j.JavaProgramElement Program match failed (pattern false;, source i_3 < i_4;) 
724121     DEBUG Test worker     d.u.i.k.j.JavaProgramElement Program match failed (pattern true;, source i_3 < i_4;) 
724121     DEBUG Test worker     d.u.i.k.j.JavaProgramElement Program match failed (pattern false;, source i_3 < i_4;) 
724121     DEBUG Test worker     d.u.i.k.j.JavaProgramElement Program match failed (pattern true;, source i_3 < i_4;) 
724121     DEBUG Test worker     d.u.i.k.j.JavaProgramElement Program match failed (pattern false;, source i_3 < i_4;) 
724121     DEBUG Test worker     d.u.i.k.j.JavaProgramElement Program match failed (pattern true;, source i_3 < i_4;) 
724121     DEBUG Test worker     d.u.i.k.j.JavaProgramElement Program match failed (pattern false;, source i_3 < i_4;) 
724168     DEBUG Test worker     d.u.i.k.j.JavaProgramElement Program match failed (pattern true;, source result) 
724168     DEBUG Test worker     d.u.i.k.j.JavaProgramElement Program match failed (pattern false;, source result) 
724168     DEBUG Test worker     d.u.i.k.j.JavaProgramElement Program match failed (pattern true;, source result) 
724168     DEBUG Test worker     d.u.i.k.j.JavaProgramElement Program match failed (pattern false;, source result) 
724371     DEBUG Test worker     d.u.i.k.j.JavaProgramElement Program match failed (pattern true;, source false;) 
724371     DEBUG Test worker     d.u.i.k.j.JavaProgramElement Program match failed (pattern true;, source false;) 
728223     DEBUG Test worker     d.u.i.k.j.JavaProgramElement Program match failed (pattern true;, source i < _a.length && j < _b.length;) 
728223     DEBUG Test worker     d.u.i.k.j.JavaProgramElement Program match failed (pattern false;, source i < _a.length && j < _b.length;) 
728223     DEBUG Test worker     d.u.i.k.j.JavaProgramElement Program match failed (pattern true;, source i < _a.length && j < _b.length;) 
728223     DEBUG Test worker     d.u.i.k.j.JavaProgramElement Program match failed (pattern false;, source i < _a.length && j < _b.length;) 
728223     DEBUG Test worker     d.u.i.k.j.JavaProgramElement Program match failed (pattern true;, source false;) 
728223     DEBUG Test worker     d.u.i.k.j.JavaProgramElement Program match failed (pattern true;, source false;) 
728363     DEBUG Test worker     d.u.i.k.j.JavaProgramElement Program match failed (pattern true;, source i < _a.length && j < _b.length;) 
728363     DEBUG Test worker     d.u.i.k.j.JavaProgramElement Program match failed (pattern false;, source i < _a.length && j < _b.length;) 
728363     DEBUG Test worker     d.u.i.k.j.JavaProgramElement Program match failed (pattern true;, source i < _a.length && j < _b.length;) 
728363     DEBUG Test worker     d.u.i.k.j.JavaProgramElement Program match failed (pattern false;, source i < _a.length && j < _b.length;) 
728363     DEBUG Test worker     d.u.i.k.j.JavaProgramElement Program match failed (pattern true;, source i < _a.length && j < _b.length;) 
728363     DEBUG Test worker     d.u.i.k.j.JavaProgramElement Program match failed (pattern false;, source i < _a.length && j < _b.length;) 
728363     DEBUG Test worker     d.u.i.k.j.JavaProgramElement Program match failed (pattern true;, source i < _a.length && j < _b.length;) 
728363     DEBUG Test worker     d.u.i.k.j.JavaProgramElement Program match failed (pattern false;, source i < _a.length && j < _b.length;) 
728488     DEBUG Test worker     d.u.i.k.j.JavaProgramElement Program match failed (pattern true;, source i < _a.length && j < _b.length;) 
728488     DEBUG Test worker     d.u.i.k.j.JavaProgramElement Program match failed (pattern false;, source i < _a.length && j < _b.length;) 
728488     DEBUG Test worker     d.u.i.k.j.JavaProgramElement Program match failed (pattern true;, source i < _a.length && j < _b.length;) 
728488     DEBUG Test worker     d.u.i.k.j.JavaProgramElement Program match failed (pattern false;, source i < _a.length && j < _b.length;) 
728488     DEBUG Test worker     d.u.i.k.j.JavaProgramElement Program match failed (pattern true;, source !i < _a.length;) 
728488     DEBUG Test worker     d.u.i.k.j.JavaProgramElement Program match failed (pattern false;, source !i < _a.length;) 
728488     DEBUG Test worker     d.u.i.k.j.JavaProgramElement Program match failed (pattern true;, source !i < _a.length;) 
728488     DEBUG Test worker     d.u.i.k.j.JavaProgramElement Program match failed (pattern false;, source !i < _a.length;) 
728504     DEBUG Test worker     d.u.i.k.j.JavaProgramElement Program match failed (pattern true;, source i < _a.length;) 
728504     DEBUG Test worker     d.u.i.k.j.JavaProgramElement Program match failed (pattern false;, source i < _a.length;) 
728504     DEBUG Test worker     d.u.i.k.j.JavaProgramElement Program match failed (pattern true;, source i < _a.length;) 
728504     DEBUG Test worker     d.u.i.k.j.JavaProgramElement Program match failed (pattern false;, source i < _a.length;) 
728504     DEBUG Test worker     d.u.i.k.j.JavaProgramElement Program match failed (pattern true;, source i) 
728504     DEBUG Test worker     d.u.i.k.j.JavaProgramElement Program match failed (pattern false;, source i) 
728504     DEBUG Test worker     d.u.i.k.j.JavaProgramElement Program match failed (pattern true;, source i) 
728504     DEBUG Test worker     d.u.i.k.j.JavaProgramElement Program match failed (pattern false;, source i) 
728504     DEBUG Test worker     d.u.i.k.j.JavaProgramElement Program match failed (pattern true;, source _a.length;) 
728504     DEBUG Test worker     d.u.i.k.j.JavaProgramElement Program match failed (pattern false;, source _a.length;) 
728504     DEBUG Test worker     d.u.i.k.j.JavaProgramElement Program match failed (pattern true;, source _a.length;) 
728504     DEBUG Test worker     d.u.i.k.j.JavaProgramElement Program match failed (pattern false;, source _a.length;) 
728504     DEBUG Test worker     d.u.i.k.j.JavaProgramElement Program match failed (pattern true;, source i_1 < i_2;) 
728504     DEBUG Test worker     d.u.i.k.j.JavaProgramElement Program match failed (pattern false;, source i_1 < i_2;) 
728504     DEBUG Test worker     d.u.i.k.j.JavaProgramElement Program match failed (pattern true;, source i_1 < i_2;) 
728504     DEBUG Test worker     d.u.i.k.j.JavaProgramElement Program match failed (pattern false;, source i_1 < i_2;) 
728520     DEBUG Test worker     d.u.i.k.j.JavaProgramElement Program match failed (pattern true;, source i_1 < i_2;) 
728520     DEBUG Test worker     d.u.i.k.j.JavaProgramElement Program match failed (pattern false;, source i_1 < i_2;) 
728520     DEBUG Test worker     d.u.i.k.j.JavaProgramElement Program match failed (pattern true;, source i_1 < i_2;) 
728520     DEBUG Test worker     d.u.i.k.j.JavaProgramElement Program match failed (pattern false;, source i_1 < i_2;) 
728520     DEBUG Test worker     d.u.i.k.j.JavaProgramElement Program match failed (pattern true;, source i_1 < i_2;) 
728520     DEBUG Test worker     d.u.i.k.j.JavaProgramElement Program match failed (pattern false;, source i_1 < i_2;) 
728520     DEBUG Test worker     d.u.i.k.j.JavaProgramElement Program match failed (pattern true;, source i_1 < i_2;) 
728520     DEBUG Test worker     d.u.i.k.j.JavaProgramElement Program match failed (pattern false;, source i_1 < i_2;) 
728520     DEBUG Test worker     d.u.i.k.j.JavaProgramElement Program match failed (pattern true;, source i_1 < i_2;) 
728520     DEBUG Test worker     d.u.i.k.j.JavaProgramElement Program match failed (pattern false;, source i_1 < i_2;) 
728520     DEBUG Test worker     d.u.i.k.j.JavaProgramElement Program match failed (pattern true;, source i_1 < i_2;) 
728520     DEBUG Test worker     d.u.i.k.j.JavaProgramElement Program match failed (pattern false;, source i_1 < i_2;) 
728520     DEBUG Test worker     d.u.i.k.j.JavaProgramElement Program match failed (pattern true;, source i_1 < i_2;) 
728520     DEBUG Test worker     d.u.i.k.j.JavaProgramElement Program match failed (pattern false;, source i_1 < i_2;) 
728520     DEBUG Test worker     d.u.i.k.j.JavaProgramElement Program match failed (pattern true;, source i_1 < i_2;) 
728520     DEBUG Test worker     d.u.i.k.j.JavaProgramElement Program match failed (pattern false;, source i_1 < i_2;) 
728520     DEBUG Test worker     d.u.i.k.j.JavaProgramElement Program match failed (pattern true;, source i_1 < i_2;) 
728520     DEBUG Test worker     d.u.i.k.j.JavaProgramElement Program match failed (pattern false;, source i_1 < i_2;) 
728520     DEBUG Test worker     d.u.i.k.j.JavaProgramElement Program match failed (pattern true;, source i_1 < i_2;) 
728520     DEBUG Test worker     d.u.i.k.j.JavaProgramElement Program match failed (pattern false;, source i_1 < i_2;) 
728520     DEBUG Test worker     d.u.i.k.j.JavaProgramElement Program match failed (pattern true;, source i_1 < i_2;) 
728520     DEBUG Test worker     d.u.i.k.j.JavaProgramElement Program match failed (pattern false;, source i_1 < i_2;) 
728520     DEBUG Test worker     d.u.i.k.j.JavaProgramElement Program match failed (pattern true;, source i_1 < i_2;) 
728520     DEBUG Test worker     d.u.i.k.j.JavaProgramElement Program match failed (pattern false;, source i_1 < i_2;) 
728520     DEBUG Test worker     d.u.i.k.j.JavaProgramElement Program match failed (pattern true;, source !b_3;) 
728520     DEBUG Test worker     d.u.i.k.j.JavaProgramElement Program match failed (pattern false;, source !b_3;) 
728520     DEBUG Test worker     d.u.i.k.j.JavaProgramElement Program match failed (pattern true;, source !b_3;) 
728520     DEBUG Test worker     d.u.i.k.j.JavaProgramElement Program match failed (pattern false;, source !b_3;) 
728520     DEBUG Test worker     d.u.i.k.j.JavaProgramElement Program match failed (pattern true;, source !b_3;) 
728520     DEBUG Test worker     d.u.i.k.j.JavaProgramElement Program match failed (pattern false;, source !b_3;) 
728520     DEBUG Test worker     d.u.i.k.j.JavaProgramElement Program match failed (pattern true;, source !b_3;) 
728520     DEBUG Test worker     d.u.i.k.j.JavaProgramElement Program match failed (pattern false;, source !b_3;) 
728520     DEBUG Test worker     d.u.i.k.j.JavaProgramElement Program match failed (pattern true;, source !b_3;) 
728520     DEBUG Test worker     d.u.i.k.j.JavaProgramElement Program match failed (pattern false;, source !b_3;) 
728520     DEBUG Test worker     d.u.i.k.j.JavaProgramElement Program match failed (pattern true;, source !b_3;) 
728520     DEBUG Test worker     d.u.i.k.j.JavaProgramElement Program match failed (pattern false;, source !b_3;) 
728535     DEBUG Test worker     d.u.i.k.j.JavaProgramElement Program match failed (pattern true;, source !b_3;) 
728535     DEBUG Test worker     d.u.i.k.j.JavaProgramElement Program match failed (pattern false;, source !b_3;) 
728535     DEBUG Test worker     d.u.i.k.j.JavaProgramElement Program match failed (pattern true;, source !b_3;) 
728535     DEBUG Test worker     d.u.i.k.j.JavaProgramElement Program match failed (pattern false;, source !b_3;) 
728535     DEBUG Test worker     d.u.i.k.j.JavaProgramElement Program match failed (pattern true;, source !b_3;) 
728535     DEBUG Test worker     d.u.i.k.j.JavaProgramElement Program match failed (pattern false;, source !b_3;) 
728535     DEBUG Test worker     d.u.i.k.j.JavaProgramElement Program match failed (pattern true;, source !b_3;) 
728535     DEBUG Test worker     d.u.i.k.j.JavaProgramElement Program match failed (pattern false;, source !b_3;) 
728535     DEBUG Test worker     d.u.i.k.j.JavaProgramElement Program match failed (pattern true;, source !b_3;) 
728535     DEBUG Test worker     d.u.i.k.j.JavaProgramElement Program match failed (pattern false;, source !b_3;) 
728535     DEBUG Test worker     d.u.i.k.j.JavaProgramElement Program match failed (pattern true;, source !b_3;) 
728535     DEBUG Test worker     d.u.i.k.j.JavaProgramElement Program match failed (pattern false;, source !b_3;) 
728535     DEBUG Test worker     d.u.i.k.j.JavaProgramElement Program match failed (pattern true;, source !b_3;) 
728535     DEBUG Test worker     d.u.i.k.j.JavaProgramElement Program match failed (pattern false;, source !b_3;) 
728535     DEBUG Test worker     d.u.i.k.j.JavaProgramElement Program match failed (pattern true;, source !b_3;) 
728535     DEBUG Test worker     d.u.i.k.j.JavaProgramElement Program match failed (pattern false;, source !b_3;) 
728535     DEBUG Test worker     d.u.i.k.j.JavaProgramElement Program match failed (pattern true;, source !b_3;) 
728535     DEBUG Test worker     d.u.i.k.j.JavaProgramElement Program match failed (pattern false;, source !b_3;) 
728535     DEBUG Test worker     d.u.i.k.j.JavaProgramElement Program match failed (pattern true;, source !b_3;) 
728535     DEBUG Test worker     d.u.i.k.j.JavaProgramElement Program match failed (pattern false;, source !b_3;) 
728535     DEBUG Test worker     d.u.i.k.j.JavaProgramElement Program match failed (pattern true;, source !b_3;) 
728535     DEBUG Test worker     d.u.i.k.j.JavaProgramElement Program match failed (pattern false;, source !b_3;) 
728535     DEBUG Test worker     d.u.i.k.j.JavaProgramElement Program match failed (pattern true;, source !b_3;) 
728535     DEBUG Test worker     d.u.i.k.j.JavaProgramElement Program match failed (pattern false;, source !b_3;) 
728535     DEBUG Test worker     d.u.i.k.j.JavaProgramElement Program match failed (pattern true;, source !b_3;) 
728535     DEBUG Test worker     d.u.i.k.j.JavaProgramElement Program match failed (pattern false;, source !b_3;) 
728535     DEBUG Test worker     d.u.i.k.j.JavaProgramElement Program match failed (pattern true;, source !b_3;) 
728535     DEBUG Test worker     d.u.i.k.j.JavaProgramElement Program match failed (pattern false;, source !b_3;) 
728535     DEBUG Test worker     d.u.i.k.j.JavaProgramElement Program match failed (pattern true;, source !b_3;) 
728535     DEBUG Test worker     d.u.i.k.j.JavaProgramElement Program match failed (pattern false;, source !b_3;) 
728535     DEBUG Test worker     d.u.i.k.j.JavaProgramElement Program match failed (pattern true;, source !b_3;) 
728535     DEBUG Test worker     d.u.i.k.j.JavaProgramElement Program match failed (pattern false;, source !b_3;) 
728535     DEBUG Test worker     d.u.i.k.j.JavaProgramElement Program match failed (pattern true;, source !b_3;) 
728535     DEBUG Test worker     d.u.i.k.j.JavaProgramElement Program match failed (pattern false;, source !b_3;) 
728535     DEBUG Test worker     d.u.i.k.j.JavaProgramElement Program match failed (pattern true;, source !b_3;) 
728535     DEBUG Test worker     d.u.i.k.j.JavaProgramElement Program match failed (pattern false;, source !b_3;) 
728551     DEBUG Test worker     d.u.i.k.j.JavaProgramElement Program match failed (pattern true;, source !b_3;) 
728551     DEBUG Test worker     d.u.i.k.j.JavaProgramElement Program match failed (pattern false;, source !b_3;) 
728551     DEBUG Test worker     d.u.i.k.j.JavaProgramElement Program match failed (pattern true;, source !b_3;) 
728551     DEBUG Test worker     d.u.i.k.j.JavaProgramElement Program match failed (pattern false;, source !b_3;) 
728551     DEBUG Test worker     d.u.i.k.j.JavaProgramElement Program match failed (pattern true;, source !b_3;) 
728551     DEBUG Test worker     d.u.i.k.j.JavaProgramElement Program match failed (pattern false;, source !b_3;) 
728551     DEBUG Test worker     d.u.i.k.j.JavaProgramElement Program match failed (pattern true;, source !b_3;) 
728551     DEBUG Test worker     d.u.i.k.j.JavaProgramElement Program match failed (pattern false;, source !b_3;) 
728551     DEBUG Test worker     d.u.i.k.j.JavaProgramElement Program match failed (pattern true;, source !b_3;) 
728551     DEBUG Test worker     d.u.i.k.j.JavaProgramElement Program match failed (pattern false;, source !b_3;) 
728551     DEBUG Test worker     d.u.i.k.j.JavaProgramElement Program match failed (pattern true;, source !b_3;) 
728551     DEBUG Test worker     d.u.i.k.j.JavaProgramElement Program match failed (pattern false;, source !b_3;) 
728551     DEBUG Test worker     d.u.i.k.j.JavaProgramElement Program match failed (pattern true;, source !b_3;) 
728551     DEBUG Test worker     d.u.i.k.j.JavaProgramElement Program match failed (pattern false;, source !b_3;) 
728551     DEBUG Test worker     d.u.i.k.j.JavaProgramElement Program match failed (pattern true;, source !b_3;) 
728551     DEBUG Test worker     d.u.i.k.j.JavaProgramElement Program match failed (pattern false;, source !b_3;) 
728551     DEBUG Test worker     d.u.i.k.j.JavaProgramElement Program match failed (pattern true;, source !b_3;) 
728551     DEBUG Test worker     d.u.i.k.j.JavaProgramElement Program match failed (pattern false;, source !b_3;) 
728551     DEBUG Test worker     d.u.i.k.j.JavaProgramElement Program match failed (pattern true;, source !b_3;) 
728551     DEBUG Test worker     d.u.i.k.j.JavaProgramElement Program match failed (pattern false;, source !b_3;) 
728551     DEBUG Test worker     d.u.i.k.j.JavaProgramElement Program match failed (pattern true;, source !b_3;) 
728551     DEBUG Test worker     d.u.i.k.j.JavaProgramElement Program match failed (pattern false;, source !b_3;) 
728551     DEBUG Test worker     d.u.i.k.j.JavaProgramElement Program match failed (pattern true;, source !b_3;) 
728551     DEBUG Test worker     d.u.i.k.j.JavaProgramElement Program match failed (pattern false;, source !b_3;) 
728567     DEBUG Test worker     d.u.i.k.j.JavaProgramElement Program match failed (pattern true;, source !b_3;) 
728567     DEBUG Test worker     d.u.i.k.j.JavaProgramElement Program match failed (pattern false;, source !b_3;) 
728567     DEBUG Test worker     d.u.i.k.j.JavaProgramElement Program match failed (pattern true;, source !b_3;) 
728567     DEBUG Test worker     d.u.i.k.j.JavaProgramElement Program match failed (pattern false;, source !b_3;) 
728582     DEBUG Test worker     d.u.i.k.j.JavaProgramElement Program match failed (pattern true;, source !i < _a.length;) 
728582     DEBUG Test worker     d.u.i.k.j.JavaProgramElement Program match failed (pattern false;, source !i < _a.length;) 
728582     DEBUG Test worker     d.u.i.k.j.JavaProgramElement Program match failed (pattern true;, source !i < _a.length;) 
728582     DEBUG Test worker     d.u.i.k.j.JavaProgramElement Program match failed (pattern false;, source !i < _a.length;) 
728598     DEBUG Test worker     d.u.i.k.j.JavaProgramElement Program match failed (pattern true;, source i < _a.length;) 
728598     DEBUG Test worker     d.u.i.k.j.JavaProgramElement Program match failed (pattern false;, source i < _a.length;) 
728598     DEBUG Test worker     d.u.i.k.j.JavaProgramElement Program match failed (pattern true;, source i < _a.length;) 
728598     DEBUG Test worker     d.u.i.k.j.JavaProgramElement Program match failed (pattern false;, source i < _a.length;) 
728598     DEBUG Test worker     d.u.i.k.j.JavaProgramElement Program match failed (pattern true;, source i) 
728598     DEBUG Test worker     d.u.i.k.j.JavaProgramElement Program match failed (pattern false;, source i) 
728598     DEBUG Test worker     d.u.i.k.j.JavaProgramElement Program match failed (pattern true;, source i) 
728598     DEBUG Test worker     d.u.i.k.j.JavaProgramElement Program match failed (pattern false;, source i) 
728613     DEBUG Test worker     d.u.i.k.j.JavaProgramElement Program match failed (pattern true;, source _a.length;) 
728613     DEBUG Test worker     d.u.i.k.j.JavaProgramElement Program match failed (pattern false;, source _a.length;) 
728613     DEBUG Test worker     d.u.i.k.j.JavaProgramElement Program match failed (pattern true;, source _a.length;) 
728613     DEBUG Test worker     d.u.i.k.j.JavaProgramElement Program match failed (pattern false;, source _a.length;) 
728613     DEBUG Test worker     d.u.i.k.j.JavaProgramElement Program match failed (pattern true;, source i_3 < i_4;) 
728613     DEBUG Test worker     d.u.i.k.j.JavaProgramElement Program match failed (pattern false;, source i_3 < i_4;) 
728613     DEBUG Test worker     d.u.i.k.j.JavaProgramElement Program match failed (pattern true;, source i_3 < i_4;) 
728613     DEBUG Test worker     d.u.i.k.j.JavaProgramElement Program match failed (pattern false;, source i_3 < i_4;) 
728629     DEBUG Test worker     d.u.i.k.j.JavaProgramElement Program match failed (pattern true;, source i_3 < i_4;) 
728629     DEBUG Test worker     d.u.i.k.j.JavaProgramElement Program match failed (pattern false;, source i_3 < i_4;) 
728629     DEBUG Test worker     d.u.i.k.j.JavaProgramElement Program match failed (pattern true;, source i_3 < i_4;) 
728629     DEBUG Test worker     d.u.i.k.j.JavaProgramElement Program match failed (pattern false;, source i_3 < i_4;) 
728629     DEBUG Test worker     d.u.i.k.j.JavaProgramElement Program match failed (pattern true;, source i_3 < i_4;) 
728629     DEBUG Test worker     d.u.i.k.j.JavaProgramElement Program match failed (pattern false;, source i_3 < i_4;) 
728629     DEBUG Test worker     d.u.i.k.j.JavaProgramElement Program match failed (pattern true;, source i_3 < i_4;) 
728629     DEBUG Test worker     d.u.i.k.j.JavaProgramElement Program match failed (pattern false;, source i_3 < i_4;) 
728629     DEBUG Test worker     d.u.i.k.j.JavaProgramElement Program match failed (pattern true;, source i_3 < i_4;) 
728629     DEBUG Test worker     d.u.i.k.j.JavaProgramElement Program match failed (pattern false;, source i_3 < i_4;) 
728629     DEBUG Test worker     d.u.i.k.j.JavaProgramElement Program match failed (pattern true;, source i_3 < i_4;) 
728629     DEBUG Test worker     d.u.i.k.j.JavaProgramElement Program match failed (pattern false;, source i_3 < i_4;) 
728629     DEBUG Test worker     d.u.i.k.j.JavaProgramElement Program match failed (pattern true;, source i_3 < i_4;) 
728629     DEBUG Test worker     d.u.i.k.j.JavaProgramElement Program match failed (pattern false;, source i_3 < i_4;) 
728629     DEBUG Test worker     d.u.i.k.j.JavaProgramElement Program match failed (pattern true;, source i_3 < i_4;) 
728629     DEBUG Test worker     d.u.i.k.j.JavaProgramElement Program match failed (pattern false;, source i_3 < i_4;) 
728629     DEBUG Test worker     d.u.i.k.j.JavaProgramElement Program match failed (pattern true;, source i_3 < i_4;) 
728629     DEBUG Test worker     d.u.i.k.j.JavaProgramElement Program match failed (pattern false;, source i_3 < i_4;) 
728629     DEBUG Test worker     d.u.i.k.j.JavaProgramElement Program match failed (pattern true;, source i_3 < i_4;) 
728629     DEBUG Test worker     d.u.i.k.j.JavaProgramElement Program match failed (pattern false;, source i_3 < i_4;) 
728645     DEBUG Test worker     d.u.i.k.j.JavaProgramElement Program match failed (pattern true;, source !b_5;) 
728645     DEBUG Test worker     d.u.i.k.j.JavaProgramElement Program match failed (pattern false;, source !b_5;) 
728645     DEBUG Test worker     d.u.i.k.j.JavaProgramElement Program match failed (pattern true;, source !b_5;) 
728645     DEBUG Test worker     d.u.i.k.j.JavaProgramElement Program match failed (pattern false;, source !b_5;) 
728645     DEBUG Test worker     d.u.i.k.j.JavaProgramElement Program match failed (pattern true;, source !b_5;) 
728645     DEBUG Test worker     d.u.i.k.j.JavaProgramElement Program match failed (pattern false;, source !b_5;) 
728645     DEBUG Test worker     d.u.i.k.j.JavaProgramElement Program match failed (pattern true;, source !b_5;) 
728645     DEBUG Test worker     d.u.i.k.j.JavaProgramElement Program match failed (pattern false;, source !b_5;) 
728645     DEBUG Test worker     d.u.i.k.j.JavaProgramElement Program match failed (pattern true;, source !b_5;) 
728645     DEBUG Test worker     d.u.i.k.j.JavaProgramElement Program match failed (pattern false;, source !b_5;) 
728645     DEBUG Test worker     d.u.i.k.j.JavaProgramElement Program match failed (pattern true;, source !b_5;) 
728645     DEBUG Test worker     d.u.i.k.j.JavaProgramElement Program match failed (pattern false;, source !b_5;) 
728645     DEBUG Test worker     d.u.i.k.j.JavaProgramElement Program match failed (pattern true;, source !b_5;) 
728645     DEBUG Test worker     d.u.i.k.j.JavaProgramElement Program match failed (pattern false;, source !b_5;) 
728645     DEBUG Test worker     d.u.i.k.j.JavaProgramElement Program match failed (pattern true;, source !b_5;) 
728645     DEBUG Test worker     d.u.i.k.j.JavaProgramElement Program match failed (pattern false;, source !b_5;) 
728660     DEBUG Test worker     d.u.i.k.j.JavaProgramElement Program match failed (pattern true;, source !b_5;) 
728660     DEBUG Test worker     d.u.i.k.j.JavaProgramElement Program match failed (pattern false;, source !b_5;) 
728660     DEBUG Test worker     d.u.i.k.j.JavaProgramElement Program match failed (pattern true;, source !b_5;) 
728660     DEBUG Test worker     d.u.i.k.j.JavaProgramElement Program match failed (pattern false;, source !b_5;) 
728660     DEBUG Test worker     d.u.i.k.j.JavaProgramElement Program match failed (pattern true;, source !b_5;) 
728660     DEBUG Test worker     d.u.i.k.j.JavaProgramElement Program match failed (pattern false;, source !b_5;) 
728660     DEBUG Test worker     d.u.i.k.j.JavaProgramElement Program match failed (pattern true;, source !b_5;) 
728660     DEBUG Test worker     d.u.i.k.j.JavaProgramElement Program match failed (pattern false;, source !b_5;) 
728660     DEBUG Test worker     d.u.i.k.j.JavaProgramElement Program match failed (pattern true;, source !b_5;) 
728660     DEBUG Test worker     d.u.i.k.j.JavaProgramElement Program match failed (pattern false;, source !b_5;) 
728660     DEBUG Test worker     d.u.i.k.j.JavaProgramElement Program match failed (pattern true;, source !b_5;) 
728660     DEBUG Test worker     d.u.i.k.j.JavaProgramElement Program match failed (pattern false;, source !b_5;) 
728660     DEBUG Test worker     d.u.i.k.j.JavaProgramElement Program match failed (pattern true;, source !b_5;) 
728660     DEBUG Test worker     d.u.i.k.j.JavaProgramElement Program match failed (pattern false;, source !b_5;) 
728660     DEBUG Test worker     d.u.i.k.j.JavaProgramElement Program match failed (pattern true;, source !b_5;) 
728660     DEBUG Test worker     d.u.i.k.j.JavaProgramElement Program match failed (pattern false;, source !b_5;) 
728660     DEBUG Test worker     d.u.i.k.j.JavaProgramElement Program match failed (pattern true;, source !b_5;) 
728660     DEBUG Test worker     d.u.i.k.j.JavaProgramElement Program match failed (pattern false;, source !b_5;) 
728660     DEBUG Test worker     d.u.i.k.j.JavaProgramElement Program match failed (pattern true;, source !b_5;) 
728660     DEBUG Test worker     d.u.i.k.j.JavaProgramElement Program match failed (pattern false;, source !b_5;) 
728660     DEBUG Test worker     d.u.i.k.j.JavaProgramElement Program match failed (pattern true;, source !b_5;) 
728660     DEBUG Test worker     d.u.i.k.j.JavaProgramElement Program match failed (pattern false;, source !b_5;) 
728660     DEBUG Test worker     d.u.i.k.j.JavaProgramElement Program match failed (pattern true;, source !b_5;) 
728660     DEBUG Test worker     d.u.i.k.j.JavaProgramElement Program match failed (pattern false;, source !b_5;) 
728660     DEBUG Test worker     d.u.i.k.j.JavaProgramElement Program match failed (pattern true;, source !b_5;) 
728660     DEBUG Test worker     d.u.i.k.j.JavaProgramElement Program match failed (pattern false;, source !b_5;) 
728660     DEBUG Test worker     d.u.i.k.j.JavaProgramElement Program match failed (pattern true;, source !b_5;) 
728660     DEBUG Test worker     d.u.i.k.j.JavaProgramElement Program match failed (pattern false;, source !b_5;) 
728707     DEBUG Test worker     d.u.i.k.j.JavaProgramElement Program match failed (pattern true;, source !b_5;) 
728707     DEBUG Test worker     d.u.i.k.j.JavaProgramElement Program match failed (pattern false;, source !b_5;) 
728707     DEBUG Test worker     d.u.i.k.j.JavaProgramElement Program match failed (pattern true;, source !b_5;) 
728707     DEBUG Test worker     d.u.i.k.j.JavaProgramElement Program match failed (pattern false;, source !b_5;) 
728707     DEBUG Test worker     d.u.i.k.j.JavaProgramElement Program match failed (pattern true;, source !b_5;) 
728707     DEBUG Test worker     d.u.i.k.j.JavaProgramElement Program match failed (pattern false;, source !b_5;) 
728707     DEBUG Test worker     d.u.i.k.j.JavaProgramElement Program match failed (pattern true;, source !b_5;) 
728707     DEBUG Test worker     d.u.i.k.j.JavaProgramElement Program match failed (pattern false;, source !b_5;) 
728707     DEBUG Test worker     d.u.i.k.j.JavaProgramElement Program match failed (pattern true;, source !b_5;) 
728707     DEBUG Test worker     d.u.i.k.j.JavaProgramElement Program match failed (pattern false;, source !b_5;) 
728707     DEBUG Test worker     d.u.i.k.j.JavaProgramElement Program match failed (pattern true;, source !b_5;) 
728707     DEBUG Test worker     d.u.i.k.j.JavaProgramElement Program match failed (pattern false;, source !b_5;) 
728723     DEBUG Test worker     d.u.i.k.j.JavaProgramElement Program match failed (pattern true;, source !b_5;) 
728724     DEBUG Test worker     d.u.i.k.j.JavaProgramElement Program match failed (pattern false;, source !b_5;) 
728724     DEBUG Test worker     d.u.i.k.j.JavaProgramElement Program match failed (pattern true;, source !b_5;) 
728724     DEBUG Test worker     d.u.i.k.j.JavaProgramElement Program match failed (pattern false;, source !b_5;) 
728726     DEBUG Test worker     d.u.i.k.j.JavaProgramElement Program match failed (pattern true;, source !b_5;) 
728726     DEBUG Test worker     d.u.i.k.j.JavaProgramElement Program match failed (pattern false;, source !b_5;) 
728726     DEBUG Test worker     d.u.i.k.j.JavaProgramElement Program match failed (pattern true;, source !b_5;) 
728726     DEBUG Test worker     d.u.i.k.j.JavaProgramElement Program match failed (pattern false;, source !b_5;) 
728727     DEBUG Test worker     d.u.i.k.j.JavaProgramElement Program match failed (pattern true;, source !b_5;) 
728727     DEBUG Test worker     d.u.i.k.j.JavaProgramElement Program match failed (pattern false;, source !b_5;) 
728727     DEBUG Test worker     d.u.i.k.j.JavaProgramElement Program match failed (pattern true;, source !b_5;) 
728727     DEBUG Test worker     d.u.i.k.j.JavaProgramElement Program match failed (pattern false;, source !b_5;) 
728727     DEBUG Test worker     d.u.i.k.j.JavaProgramElement Program match failed (pattern true;, source !b_5;) 
728727     DEBUG Test worker     d.u.i.k.j.JavaProgramElement Program match failed (pattern false;, source !b_5;) 
728727     DEBUG Test worker     d.u.i.k.j.JavaProgramElement Program match failed (pattern true;, source !b_5;) 
728727     DEBUG Test worker     d.u.i.k.j.JavaProgramElement Program match failed (pattern false;, source !b_5;) 
728727     DEBUG Test worker     d.u.i.k.j.JavaProgramElement Program match failed (pattern true;, source !b_5;) 
728727     DEBUG Test worker     d.u.i.k.j.JavaProgramElement Program match failed (pattern false;, source !b_5;) 
728727     DEBUG Test worker     d.u.i.k.j.JavaProgramElement Program match failed (pattern true;, source !b_5;) 
728727     DEBUG Test worker     d.u.i.k.j.JavaProgramElement Program match failed (pattern false;, source !b_5;) 
728758     DEBUG Test worker     d.u.i.k.j.JavaProgramElement Program match failed (pattern false;, source j < _b.length;) 
728758     DEBUG Test worker     d.u.i.k.j.JavaProgramElement Program match failed (pattern true;, source j < _b.length;) 
728758     DEBUG Test worker     d.u.i.k.j.JavaProgramElement Program match failed (pattern false;, source j < _b.length;) 
728758     DEBUG Test worker     d.u.i.k.j.JavaProgramElement Program match failed (pattern true;, source j < _b.length;) 
728758     DEBUG Test worker     d.u.i.k.j.JavaProgramElement Program match failed (pattern true;, source j < _b.length;) 
728758     DEBUG Test worker     d.u.i.k.j.JavaProgramElement Program match failed (pattern false;, source j < _b.length;) 
728758     DEBUG Test worker     d.u.i.k.j.JavaProgramElement Program match failed (pattern true;, source j < _b.length;) 
728758     DEBUG Test worker     d.u.i.k.j.JavaProgramElement Program match failed (pattern false;, source j < _b.length;) 
728774     DEBUG Test worker     d.u.i.k.j.JavaProgramElement Program match failed (pattern true;, source false;) 
728774     DEBUG Test worker     d.u.i.k.j.JavaProgramElement Program match failed (pattern true;, source false;) 
728774     DEBUG Test worker     d.u.i.k.j.JavaProgramElement Program match failed (pattern false;, source j < _b.length;) 
728774     DEBUG Test worker     d.u.i.k.j.JavaProgramElement Program match failed (pattern true;, source j < _b.length;) 
728774     DEBUG Test worker     d.u.i.k.j.JavaProgramElement Program match failed (pattern false;, source j < _b.length;) 
728774     DEBUG Test worker     d.u.i.k.j.JavaProgramElement Program match failed (pattern true;, source j < _b.length;) 
728774     DEBUG Test worker     d.u.i.k.j.JavaProgramElement Program match failed (pattern true;, source j < _b.length;) 
728774     DEBUG Test worker     d.u.i.k.j.JavaProgramElement Program match failed (pattern false;, source j < _b.length;) 
728774     DEBUG Test worker     d.u.i.k.j.JavaProgramElement Program match failed (pattern true;, source j < _b.length;) 
728774     DEBUG Test worker     d.u.i.k.j.JavaProgramElement Program match failed (pattern false;, source j < _b.length;) 
728789     DEBUG Test worker     d.u.i.k.j.JavaProgramElement Program match failed (pattern true;, source j) 
728789     DEBUG Test worker     d.u.i.k.j.JavaProgramElement Program match failed (pattern false;, source j) 
728789     DEBUG Test worker     d.u.i.k.j.JavaProgramElement Program match failed (pattern true;, source j) 
728789     DEBUG Test worker     d.u.i.k.j.JavaProgramElement Program match failed (pattern false;, source j) 
728789     DEBUG Test worker     d.u.i.k.j.JavaProgramElement Program match failed (pattern true;, source _b.length;) 
728789     DEBUG Test worker     d.u.i.k.j.JavaProgramElement Program match failed (pattern false;, source _b.length;) 
728789     DEBUG Test worker     d.u.i.k.j.JavaProgramElement Program match failed (pattern true;, source _b.length;) 
728789     DEBUG Test worker     d.u.i.k.j.JavaProgramElement Program match failed (pattern false;, source _b.length;) 
728789     DEBUG Test worker     d.u.i.k.j.JavaProgramElement Program match failed (pattern true;, source i_5 < i_6;) 
728789     DEBUG Test worker     d.u.i.k.j.JavaProgramElement Program match failed (pattern false;, source i_5 < i_6;) 
728789     DEBUG Test worker     d.u.i.k.j.JavaProgramElement Program match failed (pattern true;, source i_5 < i_6;) 
728789     DEBUG Test worker     d.u.i.k.j.JavaProgramElement Program match failed (pattern false;, source i_5 < i_6;) 
728805     DEBUG Test worker     d.u.i.k.j.JavaProgramElement Program match failed (pattern true;, source i_5 < i_6;) 
728805     DEBUG Test worker     d.u.i.k.j.JavaProgramElement Program match failed (pattern false;, source i_5 < i_6;) 
728805     DEBUG Test worker     d.u.i.k.j.JavaProgramElement Program match failed (pattern true;, source i_5 < i_6;) 
728805     DEBUG Test worker     d.u.i.k.j.JavaProgramElement Program match failed (pattern false;, source i_5 < i_6;) 
728805     DEBUG Test worker     d.u.i.k.j.JavaProgramElement Program match failed (pattern true;, source i_5 < i_6;) 
728805     DEBUG Test worker     d.u.i.k.j.JavaProgramElement Program match failed (pattern false;, source i_5 < i_6;) 
728805     DEBUG Test worker     d.u.i.k.j.JavaProgramElement Program match failed (pattern true;, source i_5 < i_6;) 
728805     DEBUG Test worker     d.u.i.k.j.JavaProgramElement Program match failed (pattern false;, source i_5 < i_6;) 
728805     DEBUG Test worker     d.u.i.k.j.JavaProgramElement Program match failed (pattern true;, source i_5 < i_6;) 
728805     DEBUG Test worker     d.u.i.k.j.JavaProgramElement Program match failed (pattern false;, source i_5 < i_6;) 
728805     DEBUG Test worker     d.u.i.k.j.JavaProgramElement Program match failed (pattern true;, source i_5 < i_6;) 
728805     DEBUG Test worker     d.u.i.k.j.JavaProgramElement Program match failed (pattern false;, source i_5 < i_6;) 
728805     DEBUG Test worker     d.u.i.k.j.JavaProgramElement Program match failed (pattern true;, source i_5 < i_6;) 
728805     DEBUG Test worker     d.u.i.k.j.JavaProgramElement Program match failed (pattern false;, source i_5 < i_6;) 
728805     DEBUG Test worker     d.u.i.k.j.JavaProgramElement Program match failed (pattern true;, source i_5 < i_6;) 
728805     DEBUG Test worker     d.u.i.k.j.JavaProgramElement Program match failed (pattern false;, source i_5 < i_6;) 
728805     DEBUG Test worker     d.u.i.k.j.JavaProgramElement Program match failed (pattern true;, source i_5 < i_6;) 
728805     DEBUG Test worker     d.u.i.k.j.JavaProgramElement Program match failed (pattern false;, source i_5 < i_6;) 
728805     DEBUG Test worker     d.u.i.k.j.JavaProgramElement Program match failed (pattern true;, source i_5 < i_6;) 
728805     DEBUG Test worker     d.u.i.k.j.JavaProgramElement Program match failed (pattern false;, source i_5 < i_6;) 
728805     DEBUG Test worker     d.u.i.k.j.JavaProgramElement Program match failed (pattern true;, source i_5 < i_6;) 
728805     DEBUG Test worker     d.u.i.k.j.JavaProgramElement Program match failed (pattern false;, source i_5 < i_6;) 
728805     DEBUG Test worker     d.u.i.k.j.JavaProgramElement Program match failed (pattern true;, source i_5 < i_6;) 
728805     DEBUG Test worker     d.u.i.k.j.JavaProgramElement Program match failed (pattern false;, source i_5 < i_6;) 
728868     DEBUG Test worker     d.u.i.k.j.JavaProgramElement Program match failed (pattern false;, source j < _b.length;) 
728868     DEBUG Test worker     d.u.i.k.j.JavaProgramElement Program match failed (pattern true;, source j < _b.length;) 
728868     DEBUG Test worker     d.u.i.k.j.JavaProgramElement Program match failed (pattern false;, source j < _b.length;) 
728868     DEBUG Test worker     d.u.i.k.j.JavaProgramElement Program match failed (pattern true;, source j < _b.length;) 
728868     DEBUG Test worker     d.u.i.k.j.JavaProgramElement Program match failed (pattern true;, source j < _b.length;) 
728868     DEBUG Test worker     d.u.i.k.j.JavaProgramElement Program match failed (pattern false;, source j < _b.length;) 
728868     DEBUG Test worker     d.u.i.k.j.JavaProgramElement Program match failed (pattern true;, source j < _b.length;) 
728868     DEBUG Test worker     d.u.i.k.j.JavaProgramElement Program match failed (pattern false;, source j < _b.length;) 
728883     DEBUG Test worker     d.u.i.k.j.JavaProgramElement Program match failed (pattern true;, source false;) 
728883     DEBUG Test worker     d.u.i.k.j.JavaProgramElement Program match failed (pattern true;, source false;) 
729008     DEBUG Test worker     d.u.i.k.j.JavaProgramElement Program match failed (pattern false;, source j < _b.length;) 
729008     DEBUG Test worker     d.u.i.k.j.JavaProgramElement Program match failed (pattern true;, source j < _b.length;) 
729008     DEBUG Test worker     d.u.i.k.j.JavaProgramElement Program match failed (pattern false;, source j < _b.length;) 
729008     DEBUG Test worker     d.u.i.k.j.JavaProgramElement Program match failed (pattern true;, source j < _b.length;) 
729008     DEBUG Test worker     d.u.i.k.j.JavaProgramElement Program match failed (pattern true;, source j < _b.length;) 
729008     DEBUG Test worker     d.u.i.k.j.JavaProgramElement Program match failed (pattern false;, source j < _b.length;) 
729008     DEBUG Test worker     d.u.i.k.j.JavaProgramElement Program match failed (pattern true;, source j < _b.length;) 
729008     DEBUG Test worker     d.u.i.k.j.JavaProgramElement Program match failed (pattern false;, source j < _b.length;) 
729024     DEBUG Test worker     d.u.i.k.j.JavaProgramElement Program match failed (pattern false;, source j) 
729024     DEBUG Test worker     d.u.i.k.j.JavaProgramElement Program match failed (pattern true;, source j) 
729024     DEBUG Test worker     d.u.i.k.j.JavaProgramElement Program match failed (pattern false;, source j) 
729024     DEBUG Test worker     d.u.i.k.j.JavaProgramElement Program match failed (pattern true;, source j) 
729024     DEBUG Test worker     d.u.i.k.j.JavaProgramElement Program match failed (pattern true;, source j) 
729024     DEBUG Test worker     d.u.i.k.j.JavaProgramElement Program match failed (pattern false;, source j) 
729024     DEBUG Test worker     d.u.i.k.j.JavaProgramElement Program match failed (pattern true;, source j) 
729024     DEBUG Test worker     d.u.i.k.j.JavaProgramElement Program match failed (pattern false;, source j) 
729039     DEBUG Test worker     d.u.i.k.j.JavaProgramElement Program match failed (pattern false;, source _b.length;) 
729039     DEBUG Test worker     d.u.i.k.j.JavaProgramElement Program match failed (pattern true;, source _b.length;) 
729039     DEBUG Test worker     d.u.i.k.j.JavaProgramElement Program match failed (pattern false;, source _b.length;) 
729039     DEBUG Test worker     d.u.i.k.j.JavaProgramElement Program match failed (pattern true;, source _b.length;) 
729039     DEBUG Test worker     d.u.i.k.j.JavaProgramElement Program match failed (pattern true;, source _b.length;) 
729039     DEBUG Test worker     d.u.i.k.j.JavaProgramElement Program match failed (pattern false;, source _b.length;) 
729039     DEBUG Test worker     d.u.i.k.j.JavaProgramElement Program match failed (pattern true;, source _b.length;) 
729039     DEBUG Test worker     d.u.i.k.j.JavaProgramElement Program match failed (pattern false;, source _b.length;) 
729071     DEBUG Test worker     d.u.i.k.j.JavaProgramElement Program match failed (pattern false;, source i_7 < i_8;) 
729071     DEBUG Test worker     d.u.i.k.j.JavaProgramElement Program match failed (pattern true;, source i_7 < i_8;) 
729071     DEBUG Test worker     d.u.i.k.j.JavaProgramElement Program match failed (pattern false;, source i_7 < i_8;) 
729071     DEBUG Test worker     d.u.i.k.j.JavaProgramElement Program match failed (pattern true;, source i_7 < i_8;) 
729071     DEBUG Test worker     d.u.i.k.j.JavaProgramElement Program match failed (pattern true;, source i_7 < i_8;) 
729071     DEBUG Test worker     d.u.i.k.j.JavaProgramElement Program match failed (pattern false;, source i_7 < i_8;) 
729071     DEBUG Test worker     d.u.i.k.j.JavaProgramElement Program match failed (pattern true;, source i_7 < i_8;) 
729071     DEBUG Test worker     d.u.i.k.j.JavaProgramElement Program match failed (pattern false;, source i_7 < i_8;) 
729071     DEBUG Test worker     d.u.i.k.j.JavaProgramElement Program match failed (pattern false;, source i_7 < i_8;) 
729071     DEBUG Test worker     d.u.i.k.j.JavaProgramElement Program match failed (pattern true;, source i_7 < i_8;) 
729071     DEBUG Test worker     d.u.i.k.j.JavaProgramElement Program match failed (pattern false;, source i_7 < i_8;) 
729071     DEBUG Test worker     d.u.i.k.j.JavaProgramElement Program match failed (pattern true;, source i_7 < i_8;) 
729071     DEBUG Test worker     d.u.i.k.j.JavaProgramElement Program match failed (pattern true;, source i_7 < i_8;) 
729071     DEBUG Test worker     d.u.i.k.j.JavaProgramElement Program match failed (pattern false;, source i_7 < i_8;) 
729071     DEBUG Test worker     d.u.i.k.j.JavaProgramElement Program match failed (pattern true;, source i_7 < i_8;) 
729071     DEBUG Test worker     d.u.i.k.j.JavaProgramElement Program match failed (pattern false;, source i_7 < i_8;) 
729071     DEBUG Test worker     d.u.i.k.j.JavaProgramElement Program match failed (pattern false;, source i_7 < i_8;) 
729071     DEBUG Test worker     d.u.i.k.j.JavaProgramElement Program match failed (pattern true;, source i_7 < i_8;) 
729071     DEBUG Test worker     d.u.i.k.j.JavaProgramElement Program match failed (pattern false;, source i_7 < i_8;) 
729071     DEBUG Test worker     d.u.i.k.j.JavaProgramElement Program match failed (pattern true;, source i_7 < i_8;) 
729071     DEBUG Test worker     d.u.i.k.j.JavaProgramElement Program match failed (pattern true;, source i_7 < i_8;) 
729071     DEBUG Test worker     d.u.i.k.j.JavaProgramElement Program match failed (pattern false;, source i_7 < i_8;) 
729071     DEBUG Test worker     d.u.i.k.j.JavaProgramElement Program match failed (pattern true;, source i_7 < i_8;) 
729071     DEBUG Test worker     d.u.i.k.j.JavaProgramElement Program match failed (pattern false;, source i_7 < i_8;) 
729071     DEBUG Test worker     d.u.i.k.j.JavaProgramElement Program match failed (pattern false;, source i_7 < i_8;) 
729071     DEBUG Test worker     d.u.i.k.j.JavaProgramElement Program match failed (pattern true;, source i_7 < i_8;) 
729071     DEBUG Test worker     d.u.i.k.j.JavaProgramElement Program match failed (pattern false;, source i_7 < i_8;) 
729071     DEBUG Test worker     d.u.i.k.j.JavaProgramElement Program match failed (pattern true;, source i_7 < i_8;) 
729071     DEBUG Test worker     d.u.i.k.j.JavaProgramElement Program match failed (pattern true;, source i_7 < i_8;) 
729071     DEBUG Test worker     d.u.i.k.j.JavaProgramElement Program match failed (pattern false;, source i_7 < i_8;) 
729071     DEBUG Test worker     d.u.i.k.j.JavaProgramElement Program match failed (pattern true;, source i_7 < i_8;) 
729071     DEBUG Test worker     d.u.i.k.j.JavaProgramElement Program match failed (pattern false;, source i_7 < i_8;) 
729071     DEBUG Test worker     d.u.i.k.j.JavaProgramElement Program match failed (pattern false;, source i_7 < i_8;) 
729071     DEBUG Test worker     d.u.i.k.j.JavaProgramElement Program match failed (pattern true;, source i_7 < i_8;) 
729071     DEBUG Test worker     d.u.i.k.j.JavaProgramElement Program match failed (pattern false;, source i_7 < i_8;) 
729071     DEBUG Test worker     d.u.i.k.j.JavaProgramElement Program match failed (pattern true;, source i_7 < i_8;) 
729071     DEBUG Test worker     d.u.i.k.j.JavaProgramElement Program match failed (pattern true;, source i_7 < i_8;) 
729071     DEBUG Test worker     d.u.i.k.j.JavaProgramElement Program match failed (pattern false;, source i_7 < i_8;) 
729071     DEBUG Test worker     d.u.i.k.j.JavaProgramElement Program match failed (pattern true;, source i_7 < i_8;) 
729071     DEBUG Test worker     d.u.i.k.j.JavaProgramElement Program match failed (pattern false;, source i_7 < i_8;) 
729071     DEBUG Test worker     d.u.i.k.j.JavaProgramElement Program match failed (pattern false;, source i_7 < i_8;) 
729071     DEBUG Test worker     d.u.i.k.j.JavaProgramElement Program match failed (pattern true;, source i_7 < i_8;) 
729071     DEBUG Test worker     d.u.i.k.j.JavaProgramElement Program match failed (pattern false;, source i_7 < i_8;) 
729071     DEBUG Test worker     d.u.i.k.j.JavaProgramElement Program match failed (pattern true;, source i_7 < i_8;) 
729071     DEBUG Test worker     d.u.i.k.j.JavaProgramElement Program match failed (pattern true;, source i_7 < i_8;) 
729071     DEBUG Test worker     d.u.i.k.j.JavaProgramElement Program match failed (pattern false;, source i_7 < i_8;) 
729071     DEBUG Test worker     d.u.i.k.j.JavaProgramElement Program match failed (pattern true;, source i_7 < i_8;) 
729071     DEBUG Test worker     d.u.i.k.j.JavaProgramElement Program match failed (pattern false;, source i_7 < i_8;) 
729133     DEBUG Test worker     d.u.i.k.j.JavaProgramElement Program match failed (pattern true;, source _a[i] < _b[j];) 
729133     DEBUG Test worker     d.u.i.k.j.JavaProgramElement Program match failed (pattern false;, source _a[i] < _b[j];) 
729133     DEBUG Test worker     d.u.i.k.j.JavaProgramElement Program match failed (pattern true;, source _a[i] < _b[j];) 
729133     DEBUG Test worker     d.u.i.k.j.JavaProgramElement Program match failed (pattern false;, source _a[i] < _b[j];) 
729133     DEBUG Test worker     d.u.i.k.j.JavaProgramElement Program match failed (pattern true;, source _a[i];) 
729133     DEBUG Test worker     d.u.i.k.j.JavaProgramElement Program match failed (pattern false;, source _a[i];) 
729133     DEBUG Test worker     d.u.i.k.j.JavaProgramElement Program match failed (pattern true;, source _a[i];) 
729133     DEBUG Test worker     d.u.i.k.j.JavaProgramElement Program match failed (pattern false;, source _a[i];) 
729227     DEBUG Test worker     d.u.i.k.j.JavaProgramElement Program match failed (pattern true;, source _b[j];) 
729227     DEBUG Test worker     d.u.i.k.j.JavaProgramElement Program match failed (pattern false;, source _b[j];) 
729227     DEBUG Test worker     d.u.i.k.j.JavaProgramElement Program match failed (pattern true;, source _b[j];) 
729227     DEBUG Test worker     d.u.i.k.j.JavaProgramElement Program match failed (pattern false;, source _b[j];) 
729227     DEBUG Test worker     d.u.i.k.j.JavaProgramElement Program match failed (pattern true;, source i_9 < i_10;) 
729227     DEBUG Test worker     d.u.i.k.j.JavaProgramElement Program match failed (pattern false;, source i_9 < i_10;) 
729227     DEBUG Test worker     d.u.i.k.j.JavaProgramElement Program match failed (pattern true;, source i_9 < i_10;) 
729227     DEBUG Test worker     d.u.i.k.j.JavaProgramElement Program match failed (pattern false;, source i_9 < i_10;) 
729247     DEBUG Test worker     d.u.i.k.j.JavaProgramElement Program match failed (pattern true;, source i_9 < i_10;) 
729247     DEBUG Test worker     d.u.i.k.j.JavaProgramElement Program match failed (pattern false;, source i_9 < i_10;) 
729247     DEBUG Test worker     d.u.i.k.j.JavaProgramElement Program match failed (pattern true;, source i_9 < i_10;) 
729247     DEBUG Test worker     d.u.i.k.j.JavaProgramElement Program match failed (pattern false;, source i_9 < i_10;) 
729247     DEBUG Test worker     d.u.i.k.j.JavaProgramElement Program match failed (pattern true;, source i_9 < i_10;) 
729247     DEBUG Test worker     d.u.i.k.j.JavaProgramElement Program match failed (pattern false;, source i_9 < i_10;) 
729247     DEBUG Test worker     d.u.i.k.j.JavaProgramElement Program match failed (pattern true;, source i_9 < i_10;) 
729247     DEBUG Test worker     d.u.i.k.j.JavaProgramElement Program match failed (pattern false;, source i_9 < i_10;) 
729247     DEBUG Test worker     d.u.i.k.j.JavaProgramElement Program match failed (pattern true;, source i_9 < i_10;) 
729247     DEBUG Test worker     d.u.i.k.j.JavaProgramElement Program match failed (pattern false;, source i_9 < i_10;) 
729247     DEBUG Test worker     d.u.i.k.j.JavaProgramElement Program match failed (pattern true;, source i_9 < i_10;) 
729247     DEBUG Test worker     d.u.i.k.j.JavaProgramElement Program match failed (pattern false;, source i_9 < i_10;) 
729247     DEBUG Test worker     d.u.i.k.j.JavaProgramElement Program match failed (pattern true;, source i_9 < i_10;) 
729247     DEBUG Test worker     d.u.i.k.j.JavaProgramElement Program match failed (pattern false;, source i_9 < i_10;) 
729247     DEBUG Test worker     d.u.i.k.j.JavaProgramElement Program match failed (pattern true;, source i_9 < i_10;) 
729247     DEBUG Test worker     d.u.i.k.j.JavaProgramElement Program match failed (pattern false;, source i_9 < i_10;) 
729247     DEBUG Test worker     d.u.i.k.j.JavaProgramElement Program match failed (pattern true;, source i_9 < i_10;) 
729247     DEBUG Test worker     d.u.i.k.j.JavaProgramElement Program match failed (pattern false;, source i_9 < i_10;) 
729247     DEBUG Test worker     d.u.i.k.j.JavaProgramElement Program match failed (pattern true;, source i_9 < i_10;) 
729247     DEBUG Test worker     d.u.i.k.j.JavaProgramElement Program match failed (pattern false;, source i_9 < i_10;) 
729263     DEBUG Test worker     d.u.i.k.j.JavaProgramElement Program match failed (pattern true;, source i_9 < i_10;) 
729263     DEBUG Test worker     d.u.i.k.j.JavaProgramElement Program match failed (pattern false;, source i_9 < i_10;) 
729263     DEBUG Test worker     d.u.i.k.j.JavaProgramElement Program match failed (pattern true;, source i_9 < i_10;) 
729263     DEBUG Test worker     d.u.i.k.j.JavaProgramElement Program match failed (pattern false;, source i_9 < i_10;) 
729263     DEBUG Test worker     d.u.i.k.j.JavaProgramElement Program match failed (pattern true;, source i_9 < i_10;) 
729263     DEBUG Test worker     d.u.i.k.j.JavaProgramElement Program match failed (pattern false;, source i_9 < i_10;) 
729263     DEBUG Test worker     d.u.i.k.j.JavaProgramElement Program match failed (pattern true;, source i_9 < i_10;) 
729263     DEBUG Test worker     d.u.i.k.j.JavaProgramElement Program match failed (pattern false;, source i_9 < i_10;) 
729263     DEBUG Test worker     d.u.i.k.j.JavaProgramElement Program match failed (pattern true;, source i_9 < i_10;) 
729263     DEBUG Test worker     d.u.i.k.j.JavaProgramElement Program match failed (pattern false;, source i_9 < i_10;) 
729263     DEBUG Test worker     d.u.i.k.j.JavaProgramElement Program match failed (pattern true;, source i_9 < i_10;) 
729263     DEBUG Test worker     d.u.i.k.j.JavaProgramElement Program match failed (pattern false;, source i_9 < i_10;) 
729263     DEBUG Test worker     d.u.i.k.j.JavaProgramElement Program match failed (pattern true;, source i_9 < i_10;) 
729263     DEBUG Test worker     d.u.i.k.j.JavaProgramElement Program match failed (pattern false;, source i_9 < i_10;) 
729263     DEBUG Test worker     d.u.i.k.j.JavaProgramElement Program match failed (pattern true;, source i_9 < i_10;) 
729263     DEBUG Test worker     d.u.i.k.j.JavaProgramElement Program match failed (pattern false;, source i_9 < i_10;) 
729263     DEBUG Test worker     d.u.i.k.j.JavaProgramElement Program match failed (pattern true;, source i_9 < i_10;) 
729263     DEBUG Test worker     d.u.i.k.j.JavaProgramElement Program match failed (pattern false;, source i_9 < i_10;) 
729263     DEBUG Test worker     d.u.i.k.j.JavaProgramElement Program match failed (pattern true;, source i_9 < i_10;) 
729263     DEBUG Test worker     d.u.i.k.j.JavaProgramElement Program match failed (pattern false;, source i_9 < i_10;) 
729326     DEBUG Test worker     d.u.i.k.j.JavaProgramElement Program match failed (pattern true;, source _b[j] < _a[i];) 
729326     DEBUG Test worker     d.u.i.k.j.JavaProgramElement Program match failed (pattern false;, source _b[j] < _a[i];) 
729326     DEBUG Test worker     d.u.i.k.j.JavaProgramElement Program match failed (pattern true;, source _b[j] < _a[i];) 
729326     DEBUG Test worker     d.u.i.k.j.JavaProgramElement Program match failed (pattern false;, source _b[j] < _a[i];) 
729341     DEBUG Test worker     d.u.i.k.j.JavaProgramElement Program match failed (pattern true;, source _b[j];) 
729341     DEBUG Test worker     d.u.i.k.j.JavaProgramElement Program match failed (pattern false;, source _b[j];) 
729341     DEBUG Test worker     d.u.i.k.j.JavaProgramElement Program match failed (pattern true;, source _b[j];) 
729341     DEBUG Test worker     d.u.i.k.j.JavaProgramElement Program match failed (pattern false;, source _b[j];) 
729372     DEBUG Test worker     d.u.i.k.j.JavaProgramElement Program match failed (pattern true;, source _a[i];) 
729372     DEBUG Test worker     d.u.i.k.j.JavaProgramElement Program match failed (pattern false;, source _a[i];) 
729372     DEBUG Test worker     d.u.i.k.j.JavaProgramElement Program match failed (pattern true;, source _a[i];) 
729372     DEBUG Test worker     d.u.i.k.j.JavaProgramElement Program match failed (pattern false;, source _a[i];) 
729372     DEBUG Test worker     d.u.i.k.j.JavaProgramElement Program match failed (pattern true;, source i_11 < i_12;) 
729372     DEBUG Test worker     d.u.i.k.j.JavaProgramElement Program match failed (pattern false;, source i_11 < i_12;) 
729372     DEBUG Test worker     d.u.i.k.j.JavaProgramElement Program match failed (pattern true;, source i_11 < i_12;) 
729372     DEBUG Test worker     d.u.i.k.j.JavaProgramElement Program match failed (pattern false;, source i_11 < i_12;) 
729403     DEBUG Test worker     d.u.i.k.j.JavaProgramElement Program match failed (pattern true;, source i_11 < i_12;) 
729403     DEBUG Test worker     d.u.i.k.j.JavaProgramElement Program match failed (pattern false;, source i_11 < i_12;) 
729403     DEBUG Test worker     d.u.i.k.j.JavaProgramElement Program match failed (pattern true;, source i_11 < i_12;) 
729403     DEBUG Test worker     d.u.i.k.j.JavaProgramElement Program match failed (pattern false;, source i_11 < i_12;) 
729403     DEBUG Test worker     d.u.i.k.j.JavaProgramElement Program match failed (pattern true;, source i_11 < i_12;) 
729403     DEBUG Test worker     d.u.i.k.j.JavaProgramElement Program match failed (pattern false;, source i_11 < i_12;) 
729403     DEBUG Test worker     d.u.i.k.j.JavaProgramElement Program match failed (pattern true;, source i_11 < i_12;) 
729403     DEBUG Test worker     d.u.i.k.j.JavaProgramElement Program match failed (pattern false;, source i_11 < i_12;) 
729403     DEBUG Test worker     d.u.i.k.j.JavaProgramElement Program match failed (pattern true;, source i_11 < i_12;) 
729403     DEBUG Test worker     d.u.i.k.j.JavaProgramElement Program match failed (pattern false;, source i_11 < i_12;) 
729403     DEBUG Test worker     d.u.i.k.j.JavaProgramElement Program match failed (pattern true;, source i_11 < i_12;) 
729403     DEBUG Test worker     d.u.i.k.j.JavaProgramElement Program match failed (pattern false;, source i_11 < i_12;) 
729403     DEBUG Test worker     d.u.i.k.j.JavaProgramElement Program match failed (pattern true;, source i_11 < i_12;) 
729403     DEBUG Test worker     d.u.i.k.j.JavaProgramElement Program match failed (pattern false;, source i_11 < i_12;) 
729403     DEBUG Test worker     d.u.i.k.j.JavaProgramElement Program match failed (pattern true;, source i_11 < i_12;) 
729403     DEBUG Test worker     d.u.i.k.j.JavaProgramElement Program match failed (pattern false;, source i_11 < i_12;) 
729403     DEBUG Test worker     d.u.i.k.j.JavaProgramElement Program match failed (pattern true;, source i_11 < i_12;) 
729403     DEBUG Test worker     d.u.i.k.j.JavaProgramElement Program match failed (pattern false;, source i_11 < i_12;) 
729403     DEBUG Test worker     d.u.i.k.j.JavaProgramElement Program match failed (pattern true;, source i_11 < i_12;) 
729403     DEBUG Test worker     d.u.i.k.j.JavaProgramElement Program match failed (pattern false;, source i_11 < i_12;) 
729403     DEBUG Test worker     d.u.i.k.j.JavaProgramElement Program match failed (pattern true;, source i_11 < i_12;) 
729403     DEBUG Test worker     d.u.i.k.j.JavaProgramElement Program match failed (pattern false;, source i_11 < i_12;) 
729403     DEBUG Test worker     d.u.i.k.j.JavaProgramElement Program match failed (pattern true;, source i_11 < i_12;) 
729403     DEBUG Test worker     d.u.i.k.j.JavaProgramElement Program match failed (pattern false;, source i_11 < i_12;) 
729403     DEBUG Test worker     d.u.i.k.j.JavaProgramElement Program match failed (pattern true;, source i_11 < i_12;) 
729403     DEBUG Test worker     d.u.i.k.j.JavaProgramElement Program match failed (pattern false;, source i_11 < i_12;) 
729403     DEBUG Test worker     d.u.i.k.j.JavaProgramElement Program match failed (pattern true;, source i_11 < i_12;) 
729403     DEBUG Test worker     d.u.i.k.j.JavaProgramElement Program match failed (pattern false;, source i_11 < i_12;) 
729403     DEBUG Test worker     d.u.i.k.j.JavaProgramElement Program match failed (pattern true;, source i_11 < i_12;) 
729403     DEBUG Test worker     d.u.i.k.j.JavaProgramElement Program match failed (pattern false;, source i_11 < i_12;) 
729419     DEBUG Test worker     d.u.i.k.j.JavaProgramElement Program match failed (pattern true;, source i_11 < i_12;) 
729419     DEBUG Test worker     d.u.i.k.j.JavaProgramElement Program match failed (pattern false;, source i_11 < i_12;) 
729419     DEBUG Test worker     d.u.i.k.j.JavaProgramElement Program match failed (pattern true;, source i_11 < i_12;) 
729419     DEBUG Test worker     d.u.i.k.j.JavaProgramElement Program match failed (pattern false;, source i_11 < i_12;) 
729419     DEBUG Test worker     d.u.i.k.j.JavaProgramElement Program match failed (pattern true;, source i_11 < i_12;) 
729419     DEBUG Test worker     d.u.i.k.j.JavaProgramElement Program match failed (pattern false;, source i_11 < i_12;) 
729419     DEBUG Test worker     d.u.i.k.j.JavaProgramElement Program match failed (pattern true;, source i_11 < i_12;) 
729419     DEBUG Test worker     d.u.i.k.j.JavaProgramElement Program match failed (pattern false;, source i_11 < i_12;) 
729419     DEBUG Test worker     d.u.i.k.j.JavaProgramElement Program match failed (pattern true;, source i_11 < i_12;) 
729419     DEBUG Test worker     d.u.i.k.j.JavaProgramElement Program match failed (pattern false;, source i_11 < i_12;) 
729497     DEBUG Test worker     d.u.i.k.j.JavaProgramElement Program match failed (pattern true;, source (int) (i + 1);) 
729497     DEBUG Test worker     d.u.i.k.j.JavaProgramElement Program match failed (pattern false;, source (int) (i + 1);) 
729497     DEBUG Test worker     d.u.i.k.j.JavaProgramElement Program match failed (pattern true;, source (int) (i + 1);) 
729497     DEBUG Test worker     d.u.i.k.j.JavaProgramElement Program match failed (pattern false;, source (int) (i + 1);) 
729497     DEBUG Test worker     d.u.i.k.j.JavaProgramElement Program match failed (pattern true;, source (i + 1);) 
729497     DEBUG Test worker     d.u.i.k.j.JavaProgramElement Program match failed (pattern false;, source (i + 1);) 
729497     DEBUG Test worker     d.u.i.k.j.JavaProgramElement Program match failed (pattern true;, source (i + 1);) 
729497     DEBUG Test worker     d.u.i.k.j.JavaProgramElement Program match failed (pattern false;, source (i + 1);) 
729513     DEBUG Test worker     d.u.i.k.j.JavaProgramElement Program match failed (pattern true;, source i + 1;) 
729513     DEBUG Test worker     d.u.i.k.j.JavaProgramElement Program match failed (pattern false;, source i + 1;) 
729513     DEBUG Test worker     d.u.i.k.j.JavaProgramElement Program match failed (pattern true;, source i + 1;) 
729513     DEBUG Test worker     d.u.i.k.j.JavaProgramElement Program match failed (pattern false;, source i + 1;) 
729513     DEBUG Test worker     d.u.i.k.j.JavaProgramElement Program match failed (pattern true;, source (int) i_13;) 
729513     DEBUG Test worker     d.u.i.k.j.JavaProgramElement Program match failed (pattern false;, source (int) i_13;) 
729513     DEBUG Test worker     d.u.i.k.j.JavaProgramElement Program match failed (pattern true;, source (int) i_13;) 
729513     DEBUG Test worker     d.u.i.k.j.JavaProgramElement Program match failed (pattern false;, source (int) i_13;) 
729513     DEBUG Test worker     d.u.i.k.j.JavaProgramElement Program match failed (pattern true;, source (int) i_13;) 
729513     DEBUG Test worker     d.u.i.k.j.JavaProgramElement Program match failed (pattern false;, source (int) i_13;) 
729513     DEBUG Test worker     d.u.i.k.j.JavaProgramElement Program match failed (pattern true;, source (int) i_13;) 
729513     DEBUG Test worker     d.u.i.k.j.JavaProgramElement Program match failed (pattern false;, source (int) i_13;) 
729513     DEBUG Test worker     d.u.i.k.j.JavaProgramElement Program match failed (pattern true;, source (int) i_13;) 
729513     DEBUG Test worker     d.u.i.k.j.JavaProgramElement Program match failed (pattern false;, source (int) i_13;) 
729513     DEBUG Test worker     d.u.i.k.j.JavaProgramElement Program match failed (pattern true;, source (int) i_13;) 
729513     DEBUG Test worker     d.u.i.k.j.JavaProgramElement Program match failed (pattern false;, source (int) i_13;) 
729513     DEBUG Test worker     d.u.i.k.j.JavaProgramElement Program match failed (pattern true;, source (int) i_13;) 
729513     DEBUG Test worker     d.u.i.k.j.JavaProgramElement Program match failed (pattern false;, source (int) i_13;) 
729513     DEBUG Test worker     d.u.i.k.j.JavaProgramElement Program match failed (pattern true;, source (int) i_13;) 
729513     DEBUG Test worker     d.u.i.k.j.JavaProgramElement Program match failed (pattern false;, source (int) i_13;) 
729513     DEBUG Test worker     d.u.i.k.j.JavaProgramElement Program match failed (pattern true;, source (int) i_13;) 
729513     DEBUG Test worker     d.u.i.k.j.JavaProgramElement Program match failed (pattern false;, source (int) i_13;) 
729513     DEBUG Test worker     d.u.i.k.j.JavaProgramElement Program match failed (pattern true;, source (int) i_13;) 
729513     DEBUG Test worker     d.u.i.k.j.JavaProgramElement Program match failed (pattern false;, source (int) i_13;) 
729528     DEBUG Test worker     d.u.i.k.j.JavaProgramElement Program match failed (pattern true;, source (int) i_13;) 
729528     DEBUG Test worker     d.u.i.k.j.JavaProgramElement Program match failed (pattern false;, source (int) i_13;) 
729528     DEBUG Test worker     d.u.i.k.j.JavaProgramElement Program match failed (pattern true;, source (int) i_13;) 
729528     DEBUG Test worker     d.u.i.k.j.JavaProgramElement Program match failed (pattern false;, source (int) i_13;) 
729528     DEBUG Test worker     d.u.i.k.j.JavaProgramElement Program match failed (pattern true;, source (int) i_13;) 
729528     DEBUG Test worker     d.u.i.k.j.JavaProgramElement Program match failed (pattern false;, source (int) i_13;) 
729528     DEBUG Test worker     d.u.i.k.j.JavaProgramElement Program match failed (pattern true;, source (int) i_13;) 
729528     DEBUG Test worker     d.u.i.k.j.JavaProgramElement Program match failed (pattern false;, source (int) i_13;) 
729528     DEBUG Test worker     d.u.i.k.j.JavaProgramElement Program match failed (pattern true;, source (int) i_13;) 
729528     DEBUG Test worker     d.u.i.k.j.JavaProgramElement Program match failed (pattern false;, source (int) i_13;) 
729528     DEBUG Test worker     d.u.i.k.j.JavaProgramElement Program match failed (pattern true;, source (int) i_13;) 
729528     DEBUG Test worker     d.u.i.k.j.JavaProgramElement Program match failed (pattern false;, source (int) i_13;) 
729528     DEBUG Test worker     d.u.i.k.j.JavaProgramElement Program match failed (pattern true;, source (int) i_13;) 
729528     DEBUG Test worker     d.u.i.k.j.JavaProgramElement Program match failed (pattern false;, source (int) i_13;) 
729528     DEBUG Test worker     d.u.i.k.j.JavaProgramElement Program match failed (pattern true;, source (int) i_13;) 
729528     DEBUG Test worker     d.u.i.k.j.JavaProgramElement Program match failed (pattern false;, source (int) i_13;) 
729528     DEBUG Test worker     d.u.i.k.j.JavaProgramElement Program match failed (pattern true;, source i_13) 
729528     DEBUG Test worker     d.u.i.k.j.JavaProgramElement Program match failed (pattern false;, source i_13) 
729528     DEBUG Test worker     d.u.i.k.j.JavaProgramElement Program match failed (pattern true;, source i_13) 
729528     DEBUG Test worker     d.u.i.k.j.JavaProgramElement Program match failed (pattern false;, source i_13) 
729544     DEBUG Test worker     d.u.i.k.j.JavaProgramElement Program match failed (pattern true;, source (int) (j + 1);) 
729544     DEBUG Test worker     d.u.i.k.j.JavaProgramElement Program match failed (pattern false;, source (int) (j + 1);) 
729544     DEBUG Test worker     d.u.i.k.j.JavaProgramElement Program match failed (pattern true;, source (int) (j + 1);) 
729544     DEBUG Test worker     d.u.i.k.j.JavaProgramElement Program match failed (pattern false;, source (int) (j + 1);) 
729560     DEBUG Test worker     d.u.i.k.j.JavaProgramElement Program match failed (pattern true;, source (j + 1);) 
729560     DEBUG Test worker     d.u.i.k.j.JavaProgramElement Program match failed (pattern false;, source (j + 1);) 
729560     DEBUG Test worker     d.u.i.k.j.JavaProgramElement Program match failed (pattern true;, source (j + 1);) 
729560     DEBUG Test worker     d.u.i.k.j.JavaProgramElement Program match failed (pattern false;, source (j + 1);) 
729560     DEBUG Test worker     d.u.i.k.j.JavaProgramElement Program match failed (pattern true;, source j + 1;) 
729560     DEBUG Test worker     d.u.i.k.j.JavaProgramElement Program match failed (pattern false;, source j + 1;) 
729560     DEBUG Test worker     d.u.i.k.j.JavaProgramElement Program match failed (pattern true;, source j + 1;) 
729560     DEBUG Test worker     d.u.i.k.j.JavaProgramElement Program match failed (pattern false;, source j + 1;) 
729560     DEBUG Test worker     d.u.i.k.j.JavaProgramElement Program match failed (pattern true;, source (int) i_14;) 
729560     DEBUG Test worker     d.u.i.k.j.JavaProgramElement Program match failed (pattern false;, source (int) i_14;) 
729560     DEBUG Test worker     d.u.i.k.j.JavaProgramElement Program match failed (pattern true;, source (int) i_14;) 
729560     DEBUG Test worker     d.u.i.k.j.JavaProgramElement Program match failed (pattern false;, source (int) i_14;) 
729560     DEBUG Test worker     d.u.i.k.j.JavaProgramElement Program match failed (pattern true;, source (int) i_14;) 
729575     DEBUG Test worker     d.u.i.k.j.JavaProgramElement Program match failed (pattern false;, source (int) i_14;) 
729575     DEBUG Test worker     d.u.i.k.j.JavaProgramElement Program match failed (pattern true;, source (int) i_14;) 
729575     DEBUG Test worker     d.u.i.k.j.JavaProgramElement Program match failed (pattern false;, source (int) i_14;) 
729575     DEBUG Test worker     d.u.i.k.j.JavaProgramElement Program match failed (pattern true;, source (int) i_14;) 
729575     DEBUG Test worker     d.u.i.k.j.JavaProgramElement Program match failed (pattern false;, source (int) i_14;) 
729575     DEBUG Test worker     d.u.i.k.j.JavaProgramElement Program match failed (pattern true;, source (int) i_14;) 
729575     DEBUG Test worker     d.u.i.k.j.JavaProgramElement Program match failed (pattern false;, source (int) i_14;) 
729575     DEBUG Test worker     d.u.i.k.j.JavaProgramElement Program match failed (pattern true;, source (int) i_14;) 
729575     DEBUG Test worker     d.u.i.k.j.JavaProgramElement Program match failed (pattern false;, source (int) i_14;) 
729575     DEBUG Test worker     d.u.i.k.j.JavaProgramElement Program match failed (pattern true;, source (int) i_14;) 
729575     DEBUG Test worker     d.u.i.k.j.JavaProgramElement Program match failed (pattern false;, source (int) i_14;) 
729575     DEBUG Test worker     d.u.i.k.j.JavaProgramElement Program match failed (pattern true;, source (int) i_14;) 
729575     DEBUG Test worker     d.u.i.k.j.JavaProgramElement Program match failed (pattern false;, source (int) i_14;) 
729575     DEBUG Test worker     d.u.i.k.j.JavaProgramElement Program match failed (pattern true;, source (int) i_14;) 
729575     DEBUG Test worker     d.u.i.k.j.JavaProgramElement Program match failed (pattern false;, source (int) i_14;) 
729575     DEBUG Test worker     d.u.i.k.j.JavaProgramElement Program match failed (pattern true;, source (int) i_14;) 
729575     DEBUG Test worker     d.u.i.k.j.JavaProgramElement Program match failed (pattern false;, source (int) i_14;) 
729575     DEBUG Test worker     d.u.i.k.j.JavaProgramElement Program match failed (pattern true;, source (int) i_14;) 
729575     DEBUG Test worker     d.u.i.k.j.JavaProgramElement Program match failed (pattern false;, source (int) i_14;) 
729575     DEBUG Test worker     d.u.i.k.j.JavaProgramElement Program match failed (pattern true;, source (int) i_14;) 
729575     DEBUG Test worker     d.u.i.k.j.JavaProgramElement Program match failed (pattern false;, source (int) i_14;) 
729575     DEBUG Test worker     d.u.i.k.j.JavaProgramElement Program match failed (pattern true;, source (int) i_14;) 
729575     DEBUG Test worker     d.u.i.k.j.JavaProgramElement Program match failed (pattern false;, source (int) i_14;) 
729575     DEBUG Test worker     d.u.i.k.j.JavaProgramElement Program match failed (pattern true;, source (int) i_14;) 
729575     DEBUG Test worker     d.u.i.k.j.JavaProgramElement Program match failed (pattern false;, source (int) i_14;) 
729575     DEBUG Test worker     d.u.i.k.j.JavaProgramElement Program match failed (pattern true;, source (int) i_14;) 
729575     DEBUG Test worker     d.u.i.k.j.JavaProgramElement Program match failed (pattern false;, source (int) i_14;) 
729575     DEBUG Test worker     d.u.i.k.j.JavaProgramElement Program match failed (pattern true;, source (int) i_14;) 
729591     DEBUG Test worker     d.u.i.k.j.JavaProgramElement Program match failed (pattern false;, source (int) i_14;) 
729591     DEBUG Test worker     d.u.i.k.j.JavaProgramElement Program match failed (pattern true;, source (int) i_14;) 
729591     DEBUG Test worker     d.u.i.k.j.JavaProgramElement Program match failed (pattern false;, source (int) i_14;) 
729591     DEBUG Test worker     d.u.i.k.j.JavaProgramElement Program match failed (pattern true;, source i_14) 
729591     DEBUG Test worker     d.u.i.k.j.JavaProgramElement Program match failed (pattern false;, source i_14) 
729591     DEBUG Test worker     d.u.i.k.j.JavaProgramElement Program match failed (pattern true;, source i_14) 
729591     DEBUG Test worker     d.u.i.k.j.JavaProgramElement Program match failed (pattern false;, source i_14) 
729607     DEBUG Test worker     d.u.i.k.j.JavaProgramElement Program match failed (pattern true;, source (int) (result + 1);) 
729607     DEBUG Test worker     d.u.i.k.j.JavaProgramElement Program match failed (pattern false;, source (int) (result + 1);) 
729607     DEBUG Test worker     d.u.i.k.j.JavaProgramElement Program match failed (pattern true;, source (int) (result + 1);) 
729607     DEBUG Test worker     d.u.i.k.j.JavaProgramElement Program match failed (pattern false;, source (int) (result + 1);) 
729607     DEBUG Test worker     d.u.i.k.j.JavaProgramElement Program match failed (pattern true;, source (result + 1);) 
729607     DEBUG Test worker     d.u.i.k.j.JavaProgramElement Program match failed (pattern false;, source (result + 1);) 
729607     DEBUG Test worker     d.u.i.k.j.JavaProgramElement Program match failed (pattern true;, source (result + 1);) 
729607     DEBUG Test worker     d.u.i.k.j.JavaProgramElement Program match failed (pattern false;, source (result + 1);) 
729622     DEBUG Test worker     d.u.i.k.j.JavaProgramElement Program match failed (pattern true;, source result + 1;) 
729622     DEBUG Test worker     d.u.i.k.j.JavaProgramElement Program match failed (pattern false;, source result + 1;) 
729622     DEBUG Test worker     d.u.i.k.j.JavaProgramElement Program match failed (pattern true;, source result + 1;) 
729622     DEBUG Test worker     d.u.i.k.j.JavaProgramElement Program match failed (pattern false;, source result + 1;) 
729622     DEBUG Test worker     d.u.i.k.j.JavaProgramElement Program match failed (pattern true;, source (int) i_15;) 
729622     DEBUG Test worker     d.u.i.k.j.JavaProgramElement Program match failed (pattern false;, source (int) i_15;) 
729622     DEBUG Test worker     d.u.i.k.j.JavaProgramElement Program match failed (pattern true;, source (int) i_15;) 
729622     DEBUG Test worker     d.u.i.k.j.JavaProgramElement Program match failed (pattern false;, source (int) i_15;) 
729622     DEBUG Test worker     d.u.i.k.j.JavaProgramElement Program match failed (pattern true;, source (int) i_15;) 
729622     DEBUG Test worker     d.u.i.k.j.JavaProgramElement Program match failed (pattern false;, source (int) i_15;) 
729622     DEBUG Test worker     d.u.i.k.j.JavaProgramElement Program match failed (pattern true;, source (int) i_15;) 
729622     DEBUG Test worker     d.u.i.k.j.JavaProgramElement Program match failed (pattern false;, source (int) i_15;) 
729622     DEBUG Test worker     d.u.i.k.j.JavaProgramElement Program match failed (pattern true;, source (int) i_15;) 
729622     DEBUG Test worker     d.u.i.k.j.JavaProgramElement Program match failed (pattern false;, source (int) i_15;) 
729622     DEBUG Test worker     d.u.i.k.j.JavaProgramElement Program match failed (pattern true;, source (int) i_15;) 
729622     DEBUG Test worker     d.u.i.k.j.JavaProgramElement Program match failed (pattern false;, source (int) i_15;) 
729638     DEBUG Test worker     d.u.i.k.j.JavaProgramElement Program match failed (pattern true;, source (int) i_15;) 
729638     DEBUG Test worker     d.u.i.k.j.JavaProgramElement Program match failed (pattern false;, source (int) i_15;) 
729638     DEBUG Test worker     d.u.i.k.j.JavaProgramElement Program match failed (pattern true;, source (int) i_15;) 
729638     DEBUG Test worker     d.u.i.k.j.JavaProgramElement Program match failed (pattern false;, source (int) i_15;) 
729638     DEBUG Test worker     d.u.i.k.j.JavaProgramElement Program match failed (pattern true;, source (int) i_15;) 
729638     DEBUG Test worker     d.u.i.k.j.JavaProgramElement Program match failed (pattern false;, source (int) i_15;) 
729638     DEBUG Test worker     d.u.i.k.j.JavaProgramElement Program match failed (pattern true;, source (int) i_15;) 
729638     DEBUG Test worker     d.u.i.k.j.JavaProgramElement Program match failed (pattern false;, source (int) i_15;) 
729638     DEBUG Test worker     d.u.i.k.j.JavaProgramElement Program match failed (pattern true;, source (int) i_15;) 
729638     DEBUG Test worker     d.u.i.k.j.JavaProgramElement Program match failed (pattern false;, source (int) i_15;) 
729638     DEBUG Test worker     d.u.i.k.j.JavaProgramElement Program match failed (pattern true;, source (int) i_15;) 
729638     DEBUG Test worker     d.u.i.k.j.JavaProgramElement Program match failed (pattern false;, source (int) i_15;) 
729638     DEBUG Test worker     d.u.i.k.j.JavaProgramElement Program match failed (pattern true;, source (int) i_15;) 
729638     DEBUG Test worker     d.u.i.k.j.JavaProgramElement Program match failed (pattern false;, source (int) i_15;) 
729638     DEBUG Test worker     d.u.i.k.j.JavaProgramElement Program match failed (pattern true;, source (int) i_15;) 
729638     DEBUG Test worker     d.u.i.k.j.JavaProgramElement Program match failed (pattern false;, source (int) i_15;) 
729638     DEBUG Test worker     d.u.i.k.j.JavaProgramElement Program match failed (pattern true;, source (int) i_15;) 
729638     DEBUG Test worker     d.u.i.k.j.JavaProgramElement Program match failed (pattern false;, source (int) i_15;) 
729638     DEBUG Test worker     d.u.i.k.j.JavaProgramElement Program match failed (pattern true;, source (int) i_15;) 
729638     DEBUG Test worker     d.u.i.k.j.JavaProgramElement Program match failed (pattern false;, source (int) i_15;) 
729638     DEBUG Test worker     d.u.i.k.j.JavaProgramElement Program match failed (pattern true;, source (int) i_15;) 
729638     DEBUG Test worker     d.u.i.k.j.JavaProgramElement Program match failed (pattern false;, source (int) i_15;) 
729638     DEBUG Test worker     d.u.i.k.j.JavaProgramElement Program match failed (pattern true;, source (int) i_15;) 
729638     DEBUG Test worker     d.u.i.k.j.JavaProgramElement Program match failed (pattern false;, source (int) i_15;) 
729653     DEBUG Test worker     d.u.i.k.j.JavaProgramElement Program match failed (pattern true;, source i_15) 
729653     DEBUG Test worker     d.u.i.k.j.JavaProgramElement Program match failed (pattern false;, source i_15) 
729653     DEBUG Test worker     d.u.i.k.j.JavaProgramElement Program match failed (pattern true;, source i_15) 
729653     DEBUG Test worker     d.u.i.k.j.JavaProgramElement Program match failed (pattern false;, source i_15) 
741032     DEBUG Test worker     d.u.i.k.j.JavaProgramElement Program match failed (pattern true;, source (int) (j + 1);) 
741032     DEBUG Test worker     d.u.i.k.j.JavaProgramElement Program match failed (pattern false;, source (int) (j + 1);) 
741032     DEBUG Test worker     d.u.i.k.j.JavaProgramElement Program match failed (pattern true;, source (int) (j + 1);) 
741032     DEBUG Test worker     d.u.i.k.j.JavaProgramElement Program match failed (pattern false;, source (int) (j + 1);) 
741032     DEBUG Test worker     d.u.i.k.j.JavaProgramElement Program match failed (pattern true;, source (j + 1);) 
741032     DEBUG Test worker     d.u.i.k.j.JavaProgramElement Program match failed (pattern false;, source (j + 1);) 
741032     DEBUG Test worker     d.u.i.k.j.JavaProgramElement Program match failed (pattern true;, source (j + 1);) 
741032     DEBUG Test worker     d.u.i.k.j.JavaProgramElement Program match failed (pattern false;, source (j + 1);) 
741048     DEBUG Test worker     d.u.i.k.j.JavaProgramElement Program match failed (pattern true;, source j + 1;) 
741048     DEBUG Test worker     d.u.i.k.j.JavaProgramElement Program match failed (pattern false;, source j + 1;) 
741048     DEBUG Test worker     d.u.i.k.j.JavaProgramElement Program match failed (pattern true;, source j + 1;) 
741048     DEBUG Test worker     d.u.i.k.j.JavaProgramElement Program match failed (pattern false;, source j + 1;) 
741048     DEBUG Test worker     d.u.i.k.j.JavaProgramElement Program match failed (pattern true;, source (int) i_13;) 
741048     DEBUG Test worker     d.u.i.k.j.JavaProgramElement Program match failed (pattern false;, source (int) i_13;) 
741048     DEBUG Test worker     d.u.i.k.j.JavaProgramElement Program match failed (pattern true;, source (int) i_13;) 
741048     DEBUG Test worker     d.u.i.k.j.JavaProgramElement Program match failed (pattern false;, source (int) i_13;) 
741048     DEBUG Test worker     d.u.i.k.j.JavaProgramElement Program match failed (pattern true;, source (int) i_13;) 
741048     DEBUG Test worker     d.u.i.k.j.JavaProgramElement Program match failed (pattern false;, source (int) i_13;) 
741048     DEBUG Test worker     d.u.i.k.j.JavaProgramElement Program match failed (pattern true;, source (int) i_13;) 
741048     DEBUG Test worker     d.u.i.k.j.JavaProgramElement Program match failed (pattern false;, source (int) i_13;) 
741048     DEBUG Test worker     d.u.i.k.j.JavaProgramElement Program match failed (pattern true;, source (int) i_13;) 
741048     DEBUG Test worker     d.u.i.k.j.JavaProgramElement Program match failed (pattern false;, source (int) i_13;) 
741048     DEBUG Test worker     d.u.i.k.j.JavaProgramElement Program match failed (pattern true;, source (int) i_13;) 
741048     DEBUG Test worker     d.u.i.k.j.JavaProgramElement Program match failed (pattern false;, source (int) i_13;) 
741048     DEBUG Test worker     d.u.i.k.j.JavaProgramElement Program match failed (pattern true;, source (int) i_13;) 
741048     DEBUG Test worker     d.u.i.k.j.JavaProgramElement Program match failed (pattern false;, source (int) i_13;) 
741048     DEBUG Test worker     d.u.i.k.j.JavaProgramElement Program match failed (pattern true;, source (int) i_13;) 
741048     DEBUG Test worker     d.u.i.k.j.JavaProgramElement Program match failed (pattern false;, source (int) i_13;) 
741048     DEBUG Test worker     d.u.i.k.j.JavaProgramElement Program match failed (pattern true;, source (int) i_13;) 
741048     DEBUG Test worker     d.u.i.k.j.JavaProgramElement Program match failed (pattern false;, source (int) i_13;) 
741048     DEBUG Test worker     d.u.i.k.j.JavaProgramElement Program match failed (pattern true;, source (int) i_13;) 
741048     DEBUG Test worker     d.u.i.k.j.JavaProgramElement Program match failed (pattern false;, source (int) i_13;) 
741048     DEBUG Test worker     d.u.i.k.j.JavaProgramElement Program match failed (pattern true;, source (int) i_13;) 
741048     DEBUG Test worker     d.u.i.k.j.JavaProgramElement Program match failed (pattern false;, source (int) i_13;) 
741048     DEBUG Test worker     d.u.i.k.j.JavaProgramElement Program match failed (pattern true;, source (int) i_13;) 
741048     DEBUG Test worker     d.u.i.k.j.JavaProgramElement Program match failed (pattern false;, source (int) i_13;) 
741063     DEBUG Test worker     d.u.i.k.j.JavaProgramElement Program match failed (pattern true;, source (int) i_13;) 
741063     DEBUG Test worker     d.u.i.k.j.JavaProgramElement Program match failed (pattern false;, source (int) i_13;) 
741063     DEBUG Test worker     d.u.i.k.j.JavaProgramElement Program match failed (pattern true;, source (int) i_13;) 
741063     DEBUG Test worker     d.u.i.k.j.JavaProgramElement Program match failed (pattern false;, source (int) i_13;) 
741064     DEBUG Test worker     d.u.i.k.j.JavaProgramElement Program match failed (pattern true;, source (int) i_13;) 
741064     DEBUG Test worker     d.u.i.k.j.JavaProgramElement Program match failed (pattern false;, source (int) i_13;) 
741064     DEBUG Test worker     d.u.i.k.j.JavaProgramElement Program match failed (pattern true;, source (int) i_13;) 
741064     DEBUG Test worker     d.u.i.k.j.JavaProgramElement Program match failed (pattern false;, source (int) i_13;) 
741065     DEBUG Test worker     d.u.i.k.j.JavaProgramElement Program match failed (pattern true;, source (int) i_13;) 
741065     DEBUG Test worker     d.u.i.k.j.JavaProgramElement Program match failed (pattern false;, source (int) i_13;) 
741065     DEBUG Test worker     d.u.i.k.j.JavaProgramElement Program match failed (pattern true;, source (int) i_13;) 
741065     DEBUG Test worker     d.u.i.k.j.JavaProgramElement Program match failed (pattern false;, source (int) i_13;) 
741067     DEBUG Test worker     d.u.i.k.j.JavaProgramElement Program match failed (pattern true;, source i_13) 
741067     DEBUG Test worker     d.u.i.k.j.JavaProgramElement Program match failed (pattern false;, source i_13) 
741067     DEBUG Test worker     d.u.i.k.j.JavaProgramElement Program match failed (pattern true;, source i_13) 
741067     DEBUG Test worker     d.u.i.k.j.JavaProgramElement Program match failed (pattern false;, source i_13) 
744327     DEBUG Test worker     d.u.i.k.j.JavaProgramElement Program match failed (pattern true;, source (int) (i + 1);) 
744327     DEBUG Test worker     d.u.i.k.j.JavaProgramElement Program match failed (pattern false;, source (int) (i + 1);) 
744327     DEBUG Test worker     d.u.i.k.j.JavaProgramElement Program match failed (pattern true;, source (int) (i + 1);) 
744327     DEBUG Test worker     d.u.i.k.j.JavaProgramElement Program match failed (pattern false;, source (int) (i + 1);) 
744343     DEBUG Test worker     d.u.i.k.j.JavaProgramElement Program match failed (pattern true;, source (i + 1);) 
744343     DEBUG Test worker     d.u.i.k.j.JavaProgramElement Program match failed (pattern false;, source (i + 1);) 
744343     DEBUG Test worker     d.u.i.k.j.JavaProgramElement Program match failed (pattern true;, source (i + 1);) 
744343     DEBUG Test worker     d.u.i.k.j.JavaProgramElement Program match failed (pattern false;, source (i + 1);) 
744343     DEBUG Test worker     d.u.i.k.j.JavaProgramElement Program match failed (pattern true;, source i + 1;) 
744343     DEBUG Test worker     d.u.i.k.j.JavaProgramElement Program match failed (pattern false;, source i + 1;) 
744343     DEBUG Test worker     d.u.i.k.j.JavaProgramElement Program match failed (pattern true;, source i + 1;) 
744343     DEBUG Test worker     d.u.i.k.j.JavaProgramElement Program match failed (pattern false;, source i + 1;) 
744343     DEBUG Test worker     d.u.i.k.j.JavaProgramElement Program match failed (pattern true;, source (int) i_11;) 
744343     DEBUG Test worker     d.u.i.k.j.JavaProgramElement Program match failed (pattern false;, source (int) i_11;) 
744343     DEBUG Test worker     d.u.i.k.j.JavaProgramElement Program match failed (pattern true;, source (int) i_11;) 
744343     DEBUG Test worker     d.u.i.k.j.JavaProgramElement Program match failed (pattern false;, source (int) i_11;) 
744358     DEBUG Test worker     d.u.i.k.j.JavaProgramElement Program match failed (pattern true;, source (int) i_11;) 
744358     DEBUG Test worker     d.u.i.k.j.JavaProgramElement Program match failed (pattern false;, source (int) i_11;) 
744358     DEBUG Test worker     d.u.i.k.j.JavaProgramElement Program match failed (pattern true;, source (int) i_11;) 
744358     DEBUG Test worker     d.u.i.k.j.JavaProgramElement Program match failed (pattern false;, source (int) i_11;) 
744358     DEBUG Test worker     d.u.i.k.j.JavaProgramElement Program match failed (pattern true;, source (int) i_11;) 
744358     DEBUG Test worker     d.u.i.k.j.JavaProgramElement Program match failed (pattern false;, source (int) i_11;) 
744358     DEBUG Test worker     d.u.i.k.j.JavaProgramElement Program match failed (pattern true;, source (int) i_11;) 
744358     DEBUG Test worker     d.u.i.k.j.JavaProgramElement Program match failed (pattern false;, source (int) i_11;) 
744358     DEBUG Test worker     d.u.i.k.j.JavaProgramElement Program match failed (pattern true;, source (int) i_11;) 
744358     DEBUG Test worker     d.u.i.k.j.JavaProgramElement Program match failed (pattern false;, source (int) i_11;) 
744358     DEBUG Test worker     d.u.i.k.j.JavaProgramElement Program match failed (pattern true;, source (int) i_11;) 
744358     DEBUG Test worker     d.u.i.k.j.JavaProgramElement Program match failed (pattern false;, source (int) i_11;) 
744358     DEBUG Test worker     d.u.i.k.j.JavaProgramElement Program match failed (pattern true;, source (int) i_11;) 
744358     DEBUG Test worker     d.u.i.k.j.JavaProgramElement Program match failed (pattern false;, source (int) i_11;) 
744358     DEBUG Test worker     d.u.i.k.j.JavaProgramElement Program match failed (pattern true;, source (int) i_11;) 
744358     DEBUG Test worker     d.u.i.k.j.JavaProgramElement Program match failed (pattern false;, source (int) i_11;) 
744358     DEBUG Test worker     d.u.i.k.j.JavaProgramElement Program match failed (pattern true;, source (int) i_11;) 
744358     DEBUG Test worker     d.u.i.k.j.JavaProgramElement Program match failed (pattern false;, source (int) i_11;) 
744358     DEBUG Test worker     d.u.i.k.j.JavaProgramElement Program match failed (pattern true;, source (int) i_11;) 
744358     DEBUG Test worker     d.u.i.k.j.JavaProgramElement Program match failed (pattern false;, source (int) i_11;) 
744358     DEBUG Test worker     d.u.i.k.j.JavaProgramElement Program match failed (pattern true;, source (int) i_11;) 
744358     DEBUG Test worker     d.u.i.k.j.JavaProgramElement Program match failed (pattern false;, source (int) i_11;) 
744358     DEBUG Test worker     d.u.i.k.j.JavaProgramElement Program match failed (pattern true;, source (int) i_11;) 
744358     DEBUG Test worker     d.u.i.k.j.JavaProgramElement Program match failed (pattern false;, source (int) i_11;) 
744358     DEBUG Test worker     d.u.i.k.j.JavaProgramElement Program match failed (pattern true;, source (int) i_11;) 
744358     DEBUG Test worker     d.u.i.k.j.JavaProgramElement Program match failed (pattern false;, source (int) i_11;) 
744358     DEBUG Test worker     d.u.i.k.j.JavaProgramElement Program match failed (pattern true;, source (int) i_11;) 
744358     DEBUG Test worker     d.u.i.k.j.JavaProgramElement Program match failed (pattern false;, source (int) i_11;) 
744358     DEBUG Test worker     d.u.i.k.j.JavaProgramElement Program match failed (pattern true;, source (int) i_11;) 
744358     DEBUG Test worker     d.u.i.k.j.JavaProgramElement Program match failed (pattern false;, source (int) i_11;) 
744358     DEBUG Test worker     d.u.i.k.j.JavaProgramElement Program match failed (pattern true;, source (int) i_11;) 
744358     DEBUG Test worker     d.u.i.k.j.JavaProgramElement Program match failed (pattern false;, source (int) i_11;) 
744374     DEBUG Test worker     d.u.i.k.j.JavaProgramElement Program match failed (pattern true;, source i_11) 
744374     DEBUG Test worker     d.u.i.k.j.JavaProgramElement Program match failed (pattern false;, source i_11) 
744374     DEBUG Test worker     d.u.i.k.j.JavaProgramElement Program match failed (pattern true;, source i_11) 
744374     DEBUG Test worker     d.u.i.k.j.JavaProgramElement Program match failed (pattern false;, source i_11) 
745191     DEBUG Test worker     d.u.i.k.j.JavaProgramElement Program match failed (pattern true;, source false;) 
745191     DEBUG Test worker     d.u.i.k.j.JavaProgramElement Program match failed (pattern true;, source false;) 
745191     DEBUG Test worker     d.u.i.k.j.JavaProgramElement Program match failed (pattern true;, source false;) 
745191     DEBUG Test worker     d.u.i.k.j.JavaProgramElement Program match failed (pattern true;, source false;) 
]]></system-out>
  <system-err><![CDATA[]]></system-err>
</testsuite>
