<?xml version="1.0" encoding="UTF-8"?>
<testsuite name="de.uka.ilkd.key.parser.TestTermParserSorts" tests="2" skipped="0" failures="0" errors="0" timestamp="2023-04-27T11:21:11" hostname="fv-az365-262" time="2.672">
  <properties/>
  <testcase name="testParseIntegerArgs()" classname="de.uka.ilkd.key.parser.TestTermParserSorts" time="0.015"/>
  <testcase name="testParseSequencePrettySyntax()" classname="de.uka.ilkd.key.parser.TestTermParserSorts" time="0.003"/>
  <system-out><![CDATA[387141     INFO  Test worker     d.u.i.k.n.KeyIO           Parsing took 0 ms 
387141     DEBUG Test worker     d.u.i.k.n.KeyIO           Load declarations of de.uka.ilkd.key.nparser.KeyAst$File:  <unknown>:1#1 
387141     INFO  Test worker     d.u.i.k.n.KeyIO           MODE: declarations took 0 ms 
387141     DEBUG Test worker     d.u.i.k.n.KeyIO           MODE: 2nd degree decls took 0 
387141     INFO  Test worker     d.u.i.k.n.KeyIO           Parsing took 0 ms 
387141     DEBUG Test worker     d.u.i.k.n.KeyIO           Load declarations of de.uka.ilkd.key.nparser.KeyAst$File:  <unknown>:1#1 
387141     INFO  Test worker     d.u.i.k.n.KeyIO           MODE: declarations took 0 ms 
387141     DEBUG Test worker     d.u.i.k.n.KeyIO           MODE: 2nd degree decls took 0 
387141     INFO  Test worker     d.u.i.k.n.KeyIO           Parsing took 0 ms 
387141     DEBUG Test worker     d.u.i.k.n.KeyIO           Load declarations of de.uka.ilkd.key.nparser.KeyAst$File:  <unknown>:1#1 
387141     INFO  Test worker     d.u.i.k.n.KeyIO           MODE: declarations took 0 ms 
387141     DEBUG Test worker     d.u.i.k.n.KeyIO           MODE: 2nd degree decls took 0 
389813     INFO  Test worker     d.u.i.k.n.KeyIO           Parsing took 0 ms 
389813     DEBUG Test worker     d.u.i.k.n.KeyIO           Load declarations of de.uka.ilkd.key.nparser.KeyAst$File:  <unknown>:1#1 
389813     INFO  Test worker     d.u.i.k.n.KeyIO           MODE: declarations took 0 ms 
389813     DEBUG Test worker     d.u.i.k.n.KeyIO           MODE: 2nd degree decls took 0 
389813     INFO  Test worker     d.u.i.k.n.KeyIO           Parsing took 0 ms 
389813     DEBUG Test worker     d.u.i.k.n.KeyIO           Load declarations of de.uka.ilkd.key.nparser.KeyAst$File:  <unknown>:1#1 
389813     INFO  Test worker     d.u.i.k.n.KeyIO           MODE: declarations took 0 ms 
389813     DEBUG Test worker     d.u.i.k.n.KeyIO           MODE: 2nd degree decls took 0 
389813     INFO  Test worker     d.u.i.k.n.KeyIO           Parsing took 0 ms 
389813     DEBUG Test worker     d.u.i.k.n.KeyIO           Load declarations of de.uka.ilkd.key.nparser.KeyAst$File:  <unknown>:1#1 
389813     INFO  Test worker     d.u.i.k.n.KeyIO           MODE: declarations took 0 ms 
389813     DEBUG Test worker     d.u.i.k.n.KeyIO           MODE: 2nd degree decls took 0 
]]></system-out>
  <system-err><![CDATA[]]></system-err>
</testsuite>
