<?xml version="1.0" encoding="UTF-8"?>
<testsuite name="de.uka.ilkd.key.logic.TestClashFreeSubst" tests="14" skipped="2" failures="0" errors="0" timestamp="2023-04-27T11:15:22" hostname="fv-az365-262" time="45.622">
  <properties/>
  <testcase name="testMultiShareBound()" classname="de.uka.ilkd.key.logic.TestClashFreeSubst" time="0.886"/>
  <testcase name="testClash()" classname="de.uka.ilkd.key.logic.TestClashFreeSubst" time="0.875"/>
  <testcase name="testShare()" classname="de.uka.ilkd.key.logic.TestClashFreeSubst" time="0.848"/>
  <testcase name="testSubst()" classname="de.uka.ilkd.key.logic.TestClashFreeSubst" time="0.84"/>
  <testcase name="testWary0()" classname="de.uka.ilkd.key.logic.TestClashFreeSubst" time="0.831"/>
  <testcase name="testWary1()" classname="de.uka.ilkd.key.logic.TestClashFreeSubst" time="0.835"/>
  <testcase name="testWary2()" classname="de.uka.ilkd.key.logic.TestClashFreeSubst" time="0.849"/>
  <testcase name="testClashInSubstTerm()" classname="de.uka.ilkd.key.logic.TestClashFreeSubst" time="0.831"/>
  <testcase name="testShareWary()" classname="de.uka.ilkd.key.logic.TestClashFreeSubst" time="0.851"/>
  <testcase name="testMultiSubst()" classname="de.uka.ilkd.key.logic.TestClashFreeSubst" time="0.937"/>
  <testcase name="xtestMultiClash()" classname="de.uka.ilkd.key.logic.TestClashFreeSubst" time="0.0">
    <skipped/>
  </testcase>
  <testcase name="testSubstInSubstTerm()" classname="de.uka.ilkd.key.logic.TestClashFreeSubst" time="0.834"/>
  <testcase name="testSubstWary()" classname="de.uka.ilkd.key.logic.TestClashFreeSubst" time="0.839"/>
  <testcase name="xtestMultiClash1()" classname="de.uka.ilkd.key.logic.TestClashFreeSubst" time="0.0">
    <skipped/>
  </testcase>
  <system-out><![CDATA[38017      INFO  Test worker     d.u.i.k.n.KeyIO           Parsing took 0 ms 
38017      DEBUG Test worker     d.u.i.k.n.KeyIO           Load declarations of de.uka.ilkd.key.nparser.KeyAst$File:  <unknown>:1#1 
38017      INFO  Test worker     d.u.i.k.n.KeyIO           MODE: declarations took 0 ms 
38017      DEBUG Test worker     d.u.i.k.n.KeyIO           MODE: 2nd degree decls took 0 
38891      INFO  Test worker     d.u.i.k.n.KeyIO           Parsing took 0 ms 
38891      DEBUG Test worker     d.u.i.k.n.KeyIO           Load declarations of de.uka.ilkd.key.nparser.KeyAst$File:  <unknown>:1#1 
38891      INFO  Test worker     d.u.i.k.n.KeyIO           MODE: declarations took 0 ms 
38891      DEBUG Test worker     d.u.i.k.n.KeyIO           MODE: 2nd degree decls took 0 
41782      INFO  Test worker     d.u.i.k.n.KeyIO           Parsing took 0 ms 
41782      DEBUG Test worker     d.u.i.k.n.KeyIO           Load declarations of de.uka.ilkd.key.nparser.KeyAst$File:  <unknown>:1#1 
41782      INFO  Test worker     d.u.i.k.n.KeyIO           MODE: declarations took 0 ms 
41782      DEBUG Test worker     d.u.i.k.n.KeyIO           MODE: 2nd degree decls took 0 
42646      INFO  Test worker     d.u.i.k.n.KeyIO           Parsing took 0 ms 
42646      DEBUG Test worker     d.u.i.k.n.KeyIO           Load declarations of de.uka.ilkd.key.nparser.KeyAst$File:  <unknown>:1#1 
42646      INFO  Test worker     d.u.i.k.n.KeyIO           MODE: declarations took 0 ms 
42646      DEBUG Test worker     d.u.i.k.n.KeyIO           MODE: 2nd degree decls took 0 
45424      INFO  Test worker     d.u.i.k.n.KeyIO           Parsing took 0 ms 
45424      DEBUG Test worker     d.u.i.k.n.KeyIO           Load declarations of de.uka.ilkd.key.nparser.KeyAst$File:  <unknown>:1#1 
45424      INFO  Test worker     d.u.i.k.n.KeyIO           MODE: declarations took 0 ms 
45424      DEBUG Test worker     d.u.i.k.n.KeyIO           MODE: 2nd degree decls took 0 
46256      INFO  Test worker     d.u.i.k.n.KeyIO           Parsing took 0 ms 
46256      DEBUG Test worker     d.u.i.k.n.KeyIO           Load declarations of de.uka.ilkd.key.nparser.KeyAst$File:  <unknown>:1#1 
46256      INFO  Test worker     d.u.i.k.n.KeyIO           MODE: declarations took 0 ms 
46256      DEBUG Test worker     d.u.i.k.n.KeyIO           MODE: 2nd degree decls took 0 
49086      INFO  Test worker     d.u.i.k.n.KeyIO           Parsing took 0 ms 
49086      DEBUG Test worker     d.u.i.k.n.KeyIO           Load declarations of de.uka.ilkd.key.nparser.KeyAst$File:  <unknown>:1#1 
49086      INFO  Test worker     d.u.i.k.n.KeyIO           MODE: declarations took 0 ms 
49086      DEBUG Test worker     d.u.i.k.n.KeyIO           MODE: 2nd degree decls took 0 
49920      INFO  Test worker     d.u.i.k.n.KeyIO           Parsing took 0 ms 
49920      DEBUG Test worker     d.u.i.k.n.KeyIO           Load declarations of de.uka.ilkd.key.nparser.KeyAst$File:  <unknown>:1#1 
49920      INFO  Test worker     d.u.i.k.n.KeyIO           MODE: declarations took 0 ms 
49920      DEBUG Test worker     d.u.i.k.n.KeyIO           MODE: 2nd degree decls took 0 
52614      INFO  Test worker     d.u.i.k.n.KeyIO           Parsing took 0 ms 
52614      DEBUG Test worker     d.u.i.k.n.KeyIO           Load declarations of de.uka.ilkd.key.nparser.KeyAst$File:  <unknown>:1#1 
52614      INFO  Test worker     d.u.i.k.n.KeyIO           MODE: declarations took 0 ms 
52614      DEBUG Test worker     d.u.i.k.n.KeyIO           MODE: 2nd degree decls took 0 
53442      INFO  Test worker     d.u.i.k.n.KeyIO           Parsing took 0 ms 
53442      DEBUG Test worker     d.u.i.k.n.KeyIO           Load declarations of de.uka.ilkd.key.nparser.KeyAst$File:  <unknown>:1#1 
53442      INFO  Test worker     d.u.i.k.n.KeyIO           MODE: declarations took 0 ms 
53442      DEBUG Test worker     d.u.i.k.n.KeyIO           MODE: 2nd degree decls took 0 
56156      INFO  Test worker     d.u.i.k.n.KeyIO           Parsing took 0 ms 
56156      DEBUG Test worker     d.u.i.k.n.KeyIO           Load declarations of de.uka.ilkd.key.nparser.KeyAst$File:  <unknown>:1#1 
56156      INFO  Test worker     d.u.i.k.n.KeyIO           MODE: declarations took 0 ms 
56156      DEBUG Test worker     d.u.i.k.n.KeyIO           MODE: 2nd degree decls took 0 
56981      INFO  Test worker     d.u.i.k.n.KeyIO           Parsing took 0 ms 
56981      DEBUG Test worker     d.u.i.k.n.KeyIO           Load declarations of de.uka.ilkd.key.nparser.KeyAst$File:  <unknown>:1#1 
56981      INFO  Test worker     d.u.i.k.n.KeyIO           MODE: declarations took 0 ms 
56981      DEBUG Test worker     d.u.i.k.n.KeyIO           MODE: 2nd degree decls took 0 
59676      INFO  Test worker     d.u.i.k.n.KeyIO           Parsing took 0 ms 
59676      DEBUG Test worker     d.u.i.k.n.KeyIO           Load declarations of de.uka.ilkd.key.nparser.KeyAst$File:  <unknown>:1#1 
59676      INFO  Test worker     d.u.i.k.n.KeyIO           MODE: declarations took 0 ms 
59676      DEBUG Test worker     d.u.i.k.n.KeyIO           MODE: 2nd degree decls took 0 
60515      INFO  Test worker     d.u.i.k.n.KeyIO           Parsing took 0 ms 
60515      DEBUG Test worker     d.u.i.k.n.KeyIO           Load declarations of de.uka.ilkd.key.nparser.KeyAst$File:  <unknown>:1#1 
60515      INFO  Test worker     d.u.i.k.n.KeyIO           MODE: declarations took 0 ms 
60515      DEBUG Test worker     d.u.i.k.n.KeyIO           MODE: 2nd degree decls took 0 
63184      INFO  Test worker     d.u.i.k.n.KeyIO           Parsing took 0 ms 
63184      DEBUG Test worker     d.u.i.k.n.KeyIO           Load declarations of de.uka.ilkd.key.nparser.KeyAst$File:  <unknown>:1#1 
63184      INFO  Test worker     d.u.i.k.n.KeyIO           MODE: declarations took 0 ms 
63184      DEBUG Test worker     d.u.i.k.n.KeyIO           MODE: 2nd degree decls took 0 
64022      INFO  Test worker     d.u.i.k.n.KeyIO           Parsing took 0 ms 
64022      DEBUG Test worker     d.u.i.k.n.KeyIO           Load declarations of de.uka.ilkd.key.nparser.KeyAst$File:  <unknown>:1#1 
64022      INFO  Test worker     d.u.i.k.n.KeyIO           MODE: declarations took 0 ms 
64022      DEBUG Test worker     d.u.i.k.n.KeyIO           MODE: 2nd degree decls took 0 
66730      INFO  Test worker     d.u.i.k.n.KeyIO           Parsing took 0 ms 
66730      DEBUG Test worker     d.u.i.k.n.KeyIO           Load declarations of de.uka.ilkd.key.nparser.KeyAst$File:  <unknown>:1#1 
66730      INFO  Test worker     d.u.i.k.n.KeyIO           MODE: declarations took 0 ms 
66730      DEBUG Test worker     d.u.i.k.n.KeyIO           MODE: 2nd degree decls took 0 
67576      INFO  Test worker     d.u.i.k.n.KeyIO           Parsing took 0 ms 
67576      DEBUG Test worker     d.u.i.k.n.KeyIO           Load declarations of de.uka.ilkd.key.nparser.KeyAst$File:  <unknown>:1#1 
67576      INFO  Test worker     d.u.i.k.n.KeyIO           MODE: declarations took 0 ms 
67576      DEBUG Test worker     d.u.i.k.n.KeyIO           MODE: 2nd degree decls took 0 
70266      INFO  Test worker     d.u.i.k.n.KeyIO           Parsing took 0 ms 
70266      DEBUG Test worker     d.u.i.k.n.KeyIO           Load declarations of de.uka.ilkd.key.nparser.KeyAst$File:  <unknown>:1#1 
70266      INFO  Test worker     d.u.i.k.n.KeyIO           MODE: declarations took 0 ms 
70266      DEBUG Test worker     d.u.i.k.n.KeyIO           MODE: 2nd degree decls took 0 
71194      INFO  Test worker     d.u.i.k.n.KeyIO           Parsing took 0 ms 
71194      DEBUG Test worker     d.u.i.k.n.KeyIO           Load declarations of de.uka.ilkd.key.nparser.KeyAst$File:  <unknown>:1#1 
71194      INFO  Test worker     d.u.i.k.n.KeyIO           MODE: declarations took 0 ms 
71194      DEBUG Test worker     d.u.i.k.n.KeyIO           MODE: 2nd degree decls took 0 
76601      INFO  Test worker     d.u.i.k.n.KeyIO           Parsing took 0 ms 
76601      DEBUG Test worker     d.u.i.k.n.KeyIO           Load declarations of de.uka.ilkd.key.nparser.KeyAst$File:  <unknown>:1#1 
76617      INFO  Test worker     d.u.i.k.n.KeyIO           MODE: declarations took 16 ms 
76617      DEBUG Test worker     d.u.i.k.n.KeyIO           MODE: 2nd degree decls took 0 
77433      INFO  Test worker     d.u.i.k.n.KeyIO           Parsing took 0 ms 
77433      DEBUG Test worker     d.u.i.k.n.KeyIO           Load declarations of de.uka.ilkd.key.nparser.KeyAst$File:  <unknown>:1#1 
77433      INFO  Test worker     d.u.i.k.n.KeyIO           MODE: declarations took 0 ms 
77433      DEBUG Test worker     d.u.i.k.n.KeyIO           MODE: 2nd degree decls took 0 
80140      INFO  Test worker     d.u.i.k.n.KeyIO           Parsing took 0 ms 
80140      DEBUG Test worker     d.u.i.k.n.KeyIO           Load declarations of de.uka.ilkd.key.nparser.KeyAst$File:  <unknown>:1#1 
80140      INFO  Test worker     d.u.i.k.n.KeyIO           MODE: declarations took 0 ms 
80140      DEBUG Test worker     d.u.i.k.n.KeyIO           MODE: 2nd degree decls took 0 
80975      INFO  Test worker     d.u.i.k.n.KeyIO           Parsing took 0 ms 
80975      DEBUG Test worker     d.u.i.k.n.KeyIO           Load declarations of de.uka.ilkd.key.nparser.KeyAst$File:  <unknown>:1#1 
80975      INFO  Test worker     d.u.i.k.n.KeyIO           MODE: declarations took 0 ms 
80975      DEBUG Test worker     d.u.i.k.n.KeyIO           MODE: 2nd degree decls took 0 
]]></system-out>
  <system-err><![CDATA[]]></system-err>
</testsuite>
