<?xml version="1.0" encoding="UTF-8"?>
<testsuite name="de.uka.ilkd.key.testcase.smt.testgen.TestTestgen" tests="1" skipped="0" failures="0" errors="0" timestamp="2023-04-19T10:55:03" hostname="fv-az251-591" time="3.378">
  <properties/>
  <testcase name="testMiddle()" classname="de.uka.ilkd.key.testcase.smt.testgen.TestTestgen" time="3.378"/>
  <system-out><![CDATA[11224      WARN  Test worker     d.u.i.k.t.s.t.TestTestgen Warning: Z3_CE is not installed, tests skipped. 
11225      WARN  Test worker     d.u.i.k.t.s.t.TestTestgen Maybe use JVM system property "z3SolverPath" to define the path to the Z3 command. 
11228      INFO  Test worker     d.u.i.k.p.i.AbstractProblemLoader Loading environment from src/test/resources/testcase/smt/tg/middle.key 
11236      DEBUG Test worker     d.u.i.k.p.i.AbstractProblemLoader Environment load took 7.76ms 
11238      INFO  Test worker     d.u.i.k.p.i.AbstractProblemLoader Creating init config 
14134      DEBUG Test worker     d.u.i.k.p.i.AbstractProblemLoader Init config took 2.9s 
14201      INFO  Test worker     d.u.i.k.p.i.AbstractProblemLoader Replaying proof Middle[Middle::middle(int,int,int)].JML normal_behavior operation contract.0 
14204      DEBUG Test worker     d.u.i.k.p.i.IntermediateProofReplayer Proof replay took 13.9ns 
]]></system-out>
  <system-err><![CDATA[]]></system-err>
</testsuite>
