<?xml version="1.0" encoding="UTF-8"?>
<testsuite name="recoder.testsuite.fixedbugs.FixedBugs" tests="5" skipped="0" failures="0" errors="0" timestamp="2023-05-30T17:03:47" hostname="fv-az1230-476" time="0.139">
  <properties/>
  <testcase name="testBasicReflectionImport" classname="recoder.testsuite.fixedbugs.FixedBugs" time="0.0"/>
  <testcase name="testConstructorStartPosition" classname="recoder.testsuite.fixedbugs.FixedBugs" time="0.049"/>
  <testcase name="testFieldTypes" classname="recoder.testsuite.fixedbugs.FixedBugs" time="0.028"/>
  <testcase name="testComments" classname="recoder.testsuite.fixedbugs.FixedBugs" time="0.028"/>
  <testcase name="testIncorrectFileEnd" classname="recoder.testsuite.fixedbugs.FixedBugs" time="0.022"/>
  <system-out><![CDATA[]]></system-out>
  <system-err><![CDATA[]]></system-err>
</testsuite>
