<?xml version="1.0" encoding="UTF-8"?>
<testsuite name="org.key_project.util.collection.TestImmutables" tests="13" skipped="0" failures="0" errors="0" timestamp="2023-03-26T10:50:01" hostname="fv-az573-944" time="1.009">
  <properties/>
  <testcase name="testMap()" classname="org.key_project.util.collection.TestImmutables" time="0.009"/>
  <testcase name="testRemoveDuplicates()" classname="org.key_project.util.collection.TestImmutables" time="0.001"/>
  <testcase name="testIntersectEmpty()" classname="org.key_project.util.collection.TestImmutables" time="0.003"/>
  <testcase name="testUnion()" classname="org.key_project.util.collection.TestImmutables" time="0.33"/>
  <testcase name="testRemoveDuplicatesLarge()" classname="org.key_project.util.collection.TestImmutables" time="0.001"/>
  <testcase name="testRemoveDuplicatesIdentical()" classname="org.key_project.util.collection.TestImmutables" time="0.0"/>
  <testcase name="testIsDuplicateFree()" classname="org.key_project.util.collection.TestImmutables" time="0.0"/>
  <testcase name="testHashCodes()" classname="org.key_project.util.collection.TestImmutables" time="0.0"/>
  <testcase name="testFilterStackoverflow()" classname="org.key_project.util.collection.TestImmutables" time="0.113"/>
  <testcase name="testExistsStackoverflow()" classname="org.key_project.util.collection.TestImmutables" time="0.155"/>
  <testcase name="testFilter()" classname="org.key_project.util.collection.TestImmutables" time="0.003"/>
  <testcase name="testMapStackoverflow()" classname="org.key_project.util.collection.TestImmutables" time="0.366"/>
  <testcase name="testEqualityEmpty()" classname="org.key_project.util.collection.TestImmutables" time="0.001"/>
  <system-out><![CDATA[]]></system-out>
  <system-err><![CDATA[]]></system-err>
</testsuite>
