<?xml version="1.0" encoding="UTF-8"?>
<testsuite name="de.uka.ilkd.key.logic.TestSyntacticalReplaceVisitor" tests="2" skipped="0" failures="0" errors="0" timestamp="2023-03-13T21:27:50" hostname="fv-az189-730" time="0.014">
  <properties/>
  <testcase name="testSubstitutionReplacement()" classname="de.uka.ilkd.key.logic.TestSyntacticalReplaceVisitor" time="0.013"/>
  <testcase name="test1()" classname="de.uka.ilkd.key.logic.TestSyntacticalReplaceVisitor" time="0.0"/>
  <system-out><![CDATA[]]></system-out>
  <system-err><![CDATA[]]></system-err>
</testsuite>
