<?xml version="1.0" encoding="UTF-8"?>
<testsuite name="de.uka.ilkd.key.util.removegenerics.TestMultipleBounds" tests="6" skipped="0" failures="0" errors="0" timestamp="2023-04-19T13:10:04" hostname="fv-az206-546" time="0.092">
  <properties/>
  <testcase name="testJLS1()" classname="de.uka.ilkd.key.util.removegenerics.TestMultipleBounds" time="0.019"/>
  <testcase name="testRecursiveBounds()" classname="de.uka.ilkd.key.util.removegenerics.TestMultipleBounds" time="0.013"/>
  <testcase name="testAttributes()" classname="de.uka.ilkd.key.util.removegenerics.TestMultipleBounds" time="0.01"/>
  <testcase name="testAsArguments()" classname="de.uka.ilkd.key.util.removegenerics.TestMultipleBounds" time="0.008"/>
  <testcase name="testMethods()" classname="de.uka.ilkd.key.util.removegenerics.TestMultipleBounds" time="0.006"/>
  <testcase name="testTricky2Supertypes()" classname="de.uka.ilkd.key.util.removegenerics.TestMultipleBounds" time="0.007"/>
  <system-out><![CDATA[]]></system-out>
  <system-err><![CDATA[]]></system-err>
</testsuite>
