<?xml version="1.0" encoding="UTF-8"?>
<testsuite name="de.uka.ilkd.key.speclang.ContractFactoryTest" tests="3" skipped="0" failures="0" errors="0" timestamp="2023-03-10T14:23:18" hostname="fv-az336-565" time="8.326">
  <properties/>
  <testcase name="testCombineDifferentAssignable()" classname="de.uka.ilkd.key.speclang.ContractFactoryTest" time="2.817"/>
  <testcase name="testCombineEmptyAssignable()" classname="de.uka.ilkd.key.speclang.ContractFactoryTest" time="2.742"/>
  <testcase name="testCombineEqualAssignable()" classname="de.uka.ilkd.key.speclang.ContractFactoryTest" time="2.767"/>
  <system-out><![CDATA[]]></system-out>
  <system-err><![CDATA[]]></system-err>
</testsuite>
