<?xml version="1.0" encoding="UTF-8"?>
<testsuite name="de.uka.ilkd.key.testcase.smt.testgen.TestTestgen" tests="1" skipped="0" failures="0" errors="0" timestamp="2023-05-31T12:31:25" hostname="fv-az811-346" time="5.689">
  <properties/>
  <testcase name="testMiddle()" classname="de.uka.ilkd.key.testcase.smt.testgen.TestTestgen" time="5.689"/>
  <system-out><![CDATA[19881      WARN  Test worker     d.u.i.k.t.s.t.TestTestgen Warning: Z3_CE is not installed, tests skipped. 
19881      WARN  Test worker     d.u.i.k.t.s.t.TestTestgen Maybe use JVM system property "z3SolverPath" to define the path to the Z3 command. 
19881      INFO  Test worker     d.u.i.k.p.i.AbstractProblemLoader Loading environment from src\test\resources\testcase\smt\tg\middle.key 
19881      DEBUG Test worker     d.u.i.k.p.i.AbstractProblemLoader Environment load took 301.5ns 
19881      INFO  Test worker     d.u.i.k.p.i.AbstractProblemLoader Creating init config 
24887      DEBUG Test worker     d.u.i.k.p.i.AbstractProblemLoader Init config took 5s 
24981      INFO  Test worker     d.u.i.k.p.i.AbstractProblemLoader Replaying proof Middle[Middle::middle(int,int,int)].JML normal_behavior operation contract.0 
24997      DEBUG Test worker     d.u.i.k.p.i.IntermediateProofReplayer Proof replay took 17.8ns 
]]></system-out>
  <system-err><![CDATA[]]></system-err>
</testsuite>
