<?xml version="1.0" encoding="UTF-8"?>
<testsuite name="de.uka.ilkd.key.parser.TestDeclParser" tests="14" skipped="2" failures="0" errors="0" timestamp="2023-03-19T17:02:15" hostname="fv-az370-296" time="9.419">
  <properties/>
  <testcase name="testGenericSortDecl1()" classname="de.uka.ilkd.key.parser.TestDeclParser" time="0.762"/>
  <testcase name="testGenericSortDecl2()" classname="de.uka.ilkd.key.parser.TestDeclParser" time="0.819"/>
  <testcase name="testGenericSortDecl3()" classname="de.uka.ilkd.key.parser.TestDeclParser" time="0.805"/>
  <testcase name="testGenericSortDecl4()" classname="de.uka.ilkd.key.parser.TestDeclParser" time="0.747"/>
  <testcase name="testGenericSortDecl5()" classname="de.uka.ilkd.key.parser.TestDeclParser" time="0.0">
    <skipped/>
  </testcase>
  <testcase name="testGenericSortDecl6()" classname="de.uka.ilkd.key.parser.TestDeclParser" time="0.8"/>
  <testcase name="testSortDecl()" classname="de.uka.ilkd.key.parser.TestDeclParser" time="0.801"/>
  <testcase name="testProxySortDecl()" classname="de.uka.ilkd.key.parser.TestDeclParser" time="0.799"/>
  <testcase name="testArrayDecl()" classname="de.uka.ilkd.key.parser.TestDeclParser" time="0.746"/>
  <testcase name="testAmbiguousDecls()" classname="de.uka.ilkd.key.parser.TestDeclParser" time="0.0">
    <skipped/>
  </testcase>
  <testcase name="testHeurDecl()" classname="de.uka.ilkd.key.parser.TestDeclParser" time="0.799"/>
  <testcase name="testFunctionDecl()" classname="de.uka.ilkd.key.parser.TestDeclParser" time="0.795"/>
  <testcase name="testPredicateDecl()" classname="de.uka.ilkd.key.parser.TestDeclParser" time="0.797"/>
  <testcase name="testSVDecl()" classname="de.uka.ilkd.key.parser.TestDeclParser" time="0.745"/>
  <system-out><![CDATA[]]></system-out>
  <system-err><![CDATA[]]></system-err>
</testsuite>
