<?xml version="1.0" encoding="UTF-8"?>
<testsuite name="recoder.testsuite.basic.syntax.ParserPrinterTest" tests="1" skipped="0" failures="0" errors="0" timestamp="2023-06-06T11:23:05" hostname="fv-az365-768" time="0.002">
  <properties/>
  <testcase name="testParserPrinter" classname="recoder.testsuite.basic.syntax.ParserPrinterTest" time="0.002"/>
  <system-out><![CDATA[]]></system-out>
  <system-err><![CDATA[]]></system-err>
</testsuite>
