<?xml version="1.0" encoding="UTF-8"?>
<testsuite name="org.key_project.util.testcase.java.IOUtilTest" tests="26" skipped="0" failures="0" errors="0" timestamp="2023-04-18T07:34:24" hostname="fv-az256-224" time="0.157">
  <properties/>
  <testcase name="testWriteTo_Charstet()" classname="org.key_project.util.testcase.java.IOUtilTest" time="0.017"/>
  <testcase name="testValidateOSIndependentFileName()" classname="org.key_project.util.testcase.java.IOUtilTest" time="0.001"/>
  <testcase name="testCreateTempDirectory()" classname="org.key_project.util.testcase.java.IOUtilTest" time="0.002"/>
  <testcase name="testUnifyLineBreaks()" classname="org.key_project.util.testcase.java.IOUtilTest" time="0.001"/>
  <testcase name="testToURI()" classname="org.key_project.util.testcase.java.IOUtilTest" time="0.007"/>
  <testcase name="testVisit()" classname="org.key_project.util.testcase.java.IOUtilTest" time="0.005"/>
  <testcase name="testCopy()" classname="org.key_project.util.testcase.java.IOUtilTest" time="0.005"/>
  <testcase name="testGetHomeDirectory()" classname="org.key_project.util.testcase.java.IOUtilTest" time="0.0"/>
  <testcase name="testLineInformationNormalizeColumn()" classname="org.key_project.util.testcase.java.IOUtilTest" time="0.0"/>
  <testcase name="testContains_Iterable()" classname="org.key_project.util.testcase.java.IOUtilTest" time="0.003"/>
  <testcase name="testContains_File()" classname="org.key_project.util.testcase.java.IOUtilTest" time="0.005"/>
  <testcase name="testReadFrom_File()" classname="org.key_project.util.testcase.java.IOUtilTest" time="0.004"/>
  <testcase name="testToFileString()" classname="org.key_project.util.testcase.java.IOUtilTest" time="0.019"/>
  <testcase name="testGetFileNameWithoutExtension()" classname="org.key_project.util.testcase.java.IOUtilTest" time="0.001"/>
  <testcase name="testGetClassLocation()" classname="org.key_project.util.testcase.java.IOUtilTest" time="0.001"/>
  <testcase name="testGetFileExtension()" classname="org.key_project.util.testcase.java.IOUtilTest" time="0.0"/>
  <testcase name="testComputeLineInformation_File()" classname="org.key_project.util.testcase.java.IOUtilTest" time="0.033"/>
  <testcase name="testReadFrom_InputStream()" classname="org.key_project.util.testcase.java.IOUtilTest" time="0.002"/>
  <testcase name="testWriteTo()" classname="org.key_project.util.testcase.java.IOUtilTest" time="0.004"/>
  <testcase name="testGetCurrentDirectory()" classname="org.key_project.util.testcase.java.IOUtilTest" time="0.0"/>
  <testcase name="testDelete()" classname="org.key_project.util.testcase.java.IOUtilTest" time="0.001"/>
  <testcase name="testExists()" classname="org.key_project.util.testcase.java.IOUtilTest" time="0.003"/>
  <testcase name="testComputeLineInformation_InputStream()" classname="org.key_project.util.testcase.java.IOUtilTest" time="0.015"/>
  <testcase name="testGetProjectRoot()" classname="org.key_project.util.testcase.java.IOUtilTest" time="0.0"/>
  <testcase name="testSearch()" classname="org.key_project.util.testcase.java.IOUtilTest" time="0.003"/>
  <testcase name="testToFile()" classname="org.key_project.util.testcase.java.IOUtilTest" time="0.001"/>
  <system-out><![CDATA[]]></system-out>
  <system-err><![CDATA[]]></system-err>
</testsuite>
