<?xml version="1.0" encoding="UTF-8"?>
<testsuite name="de.uka.ilkd.key.symbolic_execution.testcase.TestExecutionVariableExtractor" tests="16" skipped="0" failures="0" errors="0" timestamp="2023-01-31T14:12:33" hostname="fv-az363-102" time="109.774">
  <properties/>
  <testcase name="testUpdateVariablesTest()" classname="de.uka.ilkd.key.symbolic_execution.testcase.TestExecutionVariableExtractor" time="4.24"/>
  <testcase name="testVariableArrayIndex()" classname="de.uka.ilkd.key.symbolic_execution.testcase.TestExecutionVariableExtractor" time="4.642"/>
  <testcase name="testVariableMethodContractTest()" classname="de.uka.ilkd.key.symbolic_execution.testcase.TestExecutionVariableExtractor" time="5.411"/>
  <testcase name="testVariableVariablesArrayTest()" classname="de.uka.ilkd.key.symbolic_execution.testcase.TestExecutionVariableExtractor" time="7.543"/>
  <testcase name="testVariablesArrayAssignmentTest()" classname="de.uka.ilkd.key.symbolic_execution.testcase.TestExecutionVariableExtractor" time="4.704"/>
  <testcase name="testVariablesArrayCreationInstanceTest()" classname="de.uka.ilkd.key.symbolic_execution.testcase.TestExecutionVariableExtractor" time="7.825"/>
  <testcase name="testVariablesArrayCreationTest()" classname="de.uka.ilkd.key.symbolic_execution.testcase.TestExecutionVariableExtractor" time="6.548"/>
  <testcase name="testVariablesConditionalCycle()" classname="de.uka.ilkd.key.symbolic_execution.testcase.TestExecutionVariableExtractor" time="4.781"/>
  <testcase name="testVariablesConditionalValuesTest()" classname="de.uka.ilkd.key.symbolic_execution.testcase.TestExecutionVariableExtractor" time="7.748"/>
  <testcase name="testVariablesConditionalValuesTest_next()" classname="de.uka.ilkd.key.symbolic_execution.testcase.TestExecutionVariableExtractor" time="8.264"/>
  <testcase name="testVariablesEmptyArrayCreationTest()" classname="de.uka.ilkd.key.symbolic_execution.testcase.TestExecutionVariableExtractor" time="4.279"/>
  <testcase name="testVariablesLocalVariablesTest()" classname="de.uka.ilkd.key.symbolic_execution.testcase.TestExecutionVariableExtractor" time="3.763"/>
  <testcase name="testVariablesNonSimpleArrayAssignmentTest()" classname="de.uka.ilkd.key.symbolic_execution.testcase.TestExecutionVariableExtractor" time="14.803"/>
  <testcase name="testVariablesNonSimpleArrayCreationTest()" classname="de.uka.ilkd.key.symbolic_execution.testcase.TestExecutionVariableExtractor" time="6.46"/>
  <testcase name="testVariablesSimpleCycle()" classname="de.uka.ilkd.key.symbolic_execution.testcase.TestExecutionVariableExtractor" time="3.892"/>
  <testcase name="testVariablesWithQuantifier()" classname="de.uka.ilkd.key.symbolic_execution.testcase.TestExecutionVariableExtractor" time="14.859"/>
  <system-out><![CDATA[]]></system-out>
  <system-err><![CDATA[]]></system-err>
</testsuite>
