<?xml version="1.0" encoding="UTF-8"?>
<testsuite name="de.uka.ilkd.key.logic.TestSemisequent" tests="15" skipped="0" failures="0" errors="0" timestamp="2023-03-03T14:09:47" hostname="fv-az361-658" time="0.063">
  <properties/>
  <testcase name="testContainsEquals()" classname="de.uka.ilkd.key.logic.TestSemisequent" time="0.001"/>
  <testcase name="testImmutable()" classname="de.uka.ilkd.key.logic.TestSemisequent" time="0.001"/>
  <testcase name="testListReplaceAddRedundantList()" classname="de.uka.ilkd.key.logic.TestSemisequent" time="0.001"/>
  <testcase name="testGet()" classname="de.uka.ilkd.key.logic.TestSemisequent" time="0.0"/>
  <testcase name="testRemoveOrder()" classname="de.uka.ilkd.key.logic.TestSemisequent" time="0.002"/>
  <testcase name="testListInsert()" classname="de.uka.ilkd.key.logic.TestSemisequent" time="0.001"/>
  <testcase name="testindexOf()" classname="de.uka.ilkd.key.logic.TestSemisequent" time="0.001"/>
  <testcase name="testContains()" classname="de.uka.ilkd.key.logic.TestSemisequent" time="0.004"/>
  <testcase name="testReplace()" classname="de.uka.ilkd.key.logic.TestSemisequent" time="0.008"/>
  <testcase name="testListReplace()" classname="de.uka.ilkd.key.logic.TestSemisequent" time="0.005"/>
  <testcase name="testNoDuplicates()" classname="de.uka.ilkd.key.logic.TestSemisequent" time="0.001"/>
  <testcase name="testEquals()" classname="de.uka.ilkd.key.logic.TestSemisequent" time="0.001"/>
  <testcase name="testRemove()" classname="de.uka.ilkd.key.logic.TestSemisequent" time="0.001"/>
  <testcase name="testUniqueEmpty()" classname="de.uka.ilkd.key.logic.TestSemisequent" time="0.001"/>
  <testcase name="testListInsertInMid()" classname="de.uka.ilkd.key.logic.TestSemisequent" time="0.001"/>
  <system-out><![CDATA[]]></system-out>
  <system-err><![CDATA[]]></system-err>
</testsuite>
